<?xml version="1.0" encoding="UTF-8" ?>
<testsuite errors="0" failures="0" hostname="alki" name="producer.consumer.start.ProducerConsumerMainTest" skipped="0" tests="3" time="0.59" timestamp="2015-03-25T20:17:49">
  <properties>
    <property name="java.vendor" value="Oracle Corporation" />
    <property name="env.SESSION_MANAGER" value="local/alki:@/tmp/.ICE-unix/2461,unix/alki:/tmp/.ICE-unix/2461" />
    <property name="env.IM_CONFIG_PHASE" value="1" />
    <property name="env.LESSOPEN" value="| /usr/bin/lesspipe %s" />
    <property name="sun.java.launcher" value="SUN_STANDARD" />
    <property name="env.QT_IM_MODULE" value="ibus" />
    <property name="sun.management.compiler" value="HotSpot 64-Bit Tiered Compilers" />
    <property name="os.name" value="Linux" />
    <property name="env.UPSTART_SESSION" value="unix:abstract=/com/ubuntu/upstart-session/1000/2252" />
    <property name="sun.boot.class.path" value="/usr/lib/jvm/java-7-openjdk-amd64/jre/lib/resources.jar:/usr/lib/jvm/java-7-openjdk-amd64/jre/lib/rt.jar:/usr/lib/jvm/java-7-openjdk-amd64/jre/lib/sunrsasign.jar:/usr/lib/jvm/java-7-openjdk-amd64/jre/lib/jsse.jar:/usr/lib/jvm/java-7-openjdk-amd64/jre/lib/jce.jar:/usr/lib/jvm/java-7-openjdk-amd64/jre/lib/charsets.jar:/usr/lib/jvm/java-7-openjdk-amd64/jre/lib/rhino.jar:/usr/lib/jvm/java-7-openjdk-amd64/jre/lib/jfr.jar:/usr/lib/jvm/java-7-openjdk-amd64/jre/classes" />
    <property name="env.PWD" value="/home/swathi/workspace/MultiThreading-Question" />
    <property name="sun.desktop" value="gnome" />
    <property name="env.LANG" value="en_US.UTF-8" />
    <property name="java.vm.specification.vendor" value="Oracle Corporation" />
    <property name="env.XDG_MENU_PREFIX" value="gnome-" />
    <property name="ant.home" value="/usr/share/ant" />
    <property name="java.runtime.version" value="1.7.0_75-b13" />
    <property name="env.GTK_IM_MODULE" value="ibus" />
    <property name="env.DEFAULTS_PATH" value="/usr/share/gconf/ubuntu.default.path" />
    <property name="env.XDG_VTNR" value="7" />
    <property name="env.DISPLAY" value=":0" />
    <property name="user.name" value="swathi" />
    <property name="env.QT4_IM_MODULE" value="xim" />
    <property name="env._" value="/usr/bin/ant" />
    <property name="env.USER" value="swathi" />
    <property name="env.SHELL" value="/bin/bash" />
    <property name="env.DESKTOP_SESSION" value="ubuntu" />
    <property name="env.XDG_DATA_DIRS" value="/usr/share/ubuntu:/usr/share/gnome:/usr/local/share/:/usr/share/" />
    <property name="ant.file.type.MultiThreading-Question" value="file" />
    <property name="env.PATH" value="/home/swathi/Desktop/Applications/sbt/bin:/usr/local/sbin:/usr/local/bin:/usr/sbin:/usr/bin:/sbin:/bin:/usr/games:/usr/local/games" />
    <property name="env.XDG_CURRENT_DESKTOP" value="Unity" />
    <property name="user.language" value="en" />
    <property name="sun.boot.library.path" value="/usr/lib/jvm/java-7-openjdk-amd64/jre/lib/amd64" />
    <property name="env.TEXTDOMAIN" value="im-config" />
    <property name="ant.project.default-target" value="build" />
    <property name="env.SELINUX_INIT" value="YES" />
    <property name="ant.project.name" value="MultiThreading-Question" />
    <property name="java.version" value="1.7.0_75" />
    <property name="user.timezone" value="" />
    <property name="env.DBUS_SESSION_BUS_ADDRESS" value="unix:abstract=/tmp/dbus-WXInGoYWSK" />
    <property name="sun.arch.data.model" value="64" />
    <property name="env.COMPIZ_CONFIG_PROFILE" value="ubuntu" />
    <property name="java.endorsed.dirs" value="/usr/lib/jvm/java-7-openjdk-amd64/jre/lib/endorsed" />
    <property name="sun.cpu.isalist" value="" />
    <property name="sun.jnu.encoding" value="UTF-8" />
    <property name="file.encoding.pkg" value="sun.io" />
    <property name="env.SHLVL" value="1" />
    <property name="ECLIPSE_HOME" value="../../../../usr/lib/eclipse" />
    <property name="file.separator" value="/" />
    <property name="java.specification.name" value="Java Platform API Specification" />
    <property name="env.GNOME_DESKTOP_SESSION_ID" value="this-is-deprecated" />
    <property name="java.class.version" value="51.0" />
    <property name="env.GDMSESSION" value="ubuntu" />
    <property name="user.country" value="US" />
    <property name="env.GNOME_KEYRING_PID" value="2249" />
    <property name="java.home" value="/usr/lib/jvm/java-7-openjdk-amd64/jre" />
    <property name="java.vm.info" value="mixed mode" />
    <property name="env.LOGNAME" value="swathi" />
    <property name="ant.file" value="/home/swathi/workspace/MultiThreading-Question/build.xml" />
    <property name="os.version" value="3.13.0-46-generic" />
    <property name="path.separator" value=":" />
    <property name="java.vm.version" value="24.75-b04" />
    <property name="env.LANGUAGE" value="en_US" />
    <property name="env.TEXTDOMAINDIR" value="/usr/share/locale/" />
    <property name="ant.library.dir" value="/usr/share/ant/lib" />
    <property name="env.XDG_SESSION_PATH" value="/org/freedesktop/DisplayManager/Session0" />
    <property name="junit.output.dir" value="junit" />
    <property name="env.QT_QPA_PLATFORMTHEME" value="appmenu-qt5" />
    <property name="env.SESSIONTYPE" value="gnome-session" />
    <property name="java.awt.printerjob" value="sun.print.PSPrinterJob" />
    <property name="env.TERM" value="xterm-256color" />
    <property name="sun.io.unicode.encoding" value="UnicodeLittle" />
    <property name="awt.toolkit" value="sun.awt.X11.XToolkit" />
    <property name="env.XMODIFIERS" value="@im=ibus" />
    <property name="env.GDM_LANG" value="en_US" />
    <property name="user.home" value="/home/swathi" />
    <property name="target" value="1.7" />
    <property name="env.JOB" value="dbus" />
    <property name="env.OLDPWD" value="/home/swathi/workspace/MultiThreading-Question/files" />
    <property name="java.specification.vendor" value="Oracle Corporation" />
    <property name="env.WINDOWID" value="29360139" />
    <property name="env.VTE_VERSION" value="3409" />
    <property name="java.library.path" value="/usr/java/packages/lib/amd64:/usr/lib/x86_64-linux-gnu/jni:/lib/x86_64-linux-gnu:/usr/lib/x86_64-linux-gnu:/usr/lib/jni:/lib:/usr/lib" />
    <property name="java.vendor.url" value="http://java.oracle.com/" />
    <property name="java.vm.vendor" value="Oracle Corporation" />
    <property name="env.XDG_SEAT" value="seat0" />
    <property name="java.runtime.name" value="OpenJDK Runtime Environment" />
    <property name="ant.version" value="Apache Ant(TM) version 1.9.3 compiled on April 8 2014" />
    <property name="java.class.path" value="/usr/share/eclipse/dropins/jdt/plugins/org.junit_4.8.2.dist/junit.jar:/usr/share/eclipse/dropins/jdt/plugins/org.hamcrest.core_1.3.0.jar:/home/swathi/workspace/MultiThreading-Question/bin:/usr/share/ant/lib/junit.jar:/usr/share/java/ant-launcher-1.9.3.jar:/usr/share/ant/lib/ant.jar:/usr/share/ant/lib/ant-junit.jar:/usr/share/ant/lib/ant-junit4.jar" />
    <property name="sun.java.command" value="org.apache.tools.ant.taskdefs.optional.junit.JUnitTestRunner producer.consumer.start.ProducerConsumerMainTest skipNonTests=false filtertrace=true haltOnError=false haltOnFailure=false formatter=org.apache.tools.ant.taskdefs.optional.junit.OutErrSummaryJUnitResultFormatter showoutput=false outputtoformatters=true logfailedtests=true logtestlistenerevents=false formatter=org.apache.tools.ant.taskdefs.optional.junit.XMLJUnitResultFormatter,/home/swathi/workspace/MultiThreading-Question/junit/TEST-producer.consumer.start.ProducerConsumerMainTest.xml crashfile=/home/swathi/workspace/MultiThreading-Question/junitvmwatcher722767269223883380.properties propsfile=/home/swathi/workspace/MultiThreading-Question/junit5552469226267288049.properties" />
    <property name="env.XDG_SESSION_ID" value="c3" />
    <property name="java.vm.specification.name" value="Java Virtual Machine Specification" />
    <property name="ant.file.type" value="file" />
    <property name="java.vm.specification.version" value="1.7" />
    <property name="sun.os.patch.level" value="unknown" />
    <property name="sun.cpu.endian" value="little" />
    <property name="debuglevel" value="source,lines,vars" />
    <property name="env.HOME" value="/home/swathi" />
    <property name="ant.file.MultiThreading-Question" value="/home/swathi/workspace/MultiThreading-Question/build.xml" />
    <property name="env.LS_COLORS" value="rs=0:di=01;34:ln=01;36:mh=00:pi=40;33:so=01;35:do=01;35:bd=40;33;01:cd=40;33;01:or=40;31;01:su=37;41:sg=30;43:ca=30;41:tw=30;42:ow=34;42:st=37;44:ex=01;32:*.tar=01;31:*.tgz=01;31:*.arj=01;31:*.taz=01;31:*.lzh=01;31:*.lzma=01;31:*.tlz=01;31:*.txz=01;31:*.zip=01;31:*.z=01;31:*.Z=01;31:*.dz=01;31:*.gz=01;31:*.lz=01;31:*.xz=01;31:*.bz2=01;31:*.bz=01;31:*.tbz=01;31:*.tbz2=01;31:*.tz=01;31:*.deb=01;31:*.rpm=01;31:*.jar=01;31:*.war=01;31:*.ear=01;31:*.sar=01;31:*.rar=01;31:*.ace=01;31:*.zoo=01;31:*.cpio=01;31:*.7z=01;31:*.rz=01;31:*.jpg=01;35:*.jpeg=01;35:*.gif=01;35:*.bmp=01;35:*.pbm=01;35:*.pgm=01;35:*.ppm=01;35:*.tga=01;35:*.xbm=01;35:*.xpm=01;35:*.tif=01;35:*.tiff=01;35:*.png=01;35:*.svg=01;35:*.svgz=01;35:*.mng=01;35:*.pcx=01;35:*.mov=01;35:*.mpg=01;35:*.mpeg=01;35:*.m2v=01;35:*.mkv=01;35:*.webm=01;35:*.ogm=01;35:*.mp4=01;35:*.m4v=01;35:*.mp4v=01;35:*.vob=01;35:*.qt=01;35:*.nuv=01;35:*.wmv=01;35:*.asf=01;35:*.rm=01;35:*.rmvb=01;35:*.flc=01;35:*.avi=01;35:*.fli=01;35:*.flv=01;35:*.gl=01;35:*.dl=01;35:*.xcf=01;35:*.xwd=01;35:*.yuv=01;35:*.cgm=01;35:*.emf=01;35:*.axv=01;35:*.anx=01;35:*.ogv=01;35:*.ogx=01;35:*.aac=00;36:*.au=00;36:*.flac=00;36:*.mid=00;36:*.midi=00;36:*.mka=00;36:*.mp3=00;36:*.mpc=00;36:*.ogg=00;36:*.ra=00;36:*.wav=00;36:*.axa=00;36:*.oga=00;36:*.spx=00;36:*.xspf=00;36:" />
    <property name="env.XDG_SEAT_PATH" value="/org/freedesktop/DisplayManager/Seat0" />
    <property name="java.io.tmpdir" value="/tmp" />
    <property name="java.vendor.url.bug" value="http://bugreport.sun.com/bugreport/" />
    <property name="env.SSH_AUTH_SOCK" value="/run/user/1000/keyring-VmU8FK/ssh" />
    <property name="env.CLUTTER_IM_MODULE" value="xim" />
    <property name="java.awt.graphicsenv" value="sun.awt.X11GraphicsEnvironment" />
    <property name="os.arch" value="amd64" />
    <property name="env.INSTANCE" value="" />
    <property name="env.XDG_RUNTIME_DIR" value="/run/user/1000" />
    <property name="java.ext.dirs" value="/usr/lib/jvm/java-7-openjdk-amd64/jre/lib/ext:/usr/java/packages/lib/ext" />
    <property name="user.dir" value="/home/swathi/workspace/MultiThreading-Question" />
    <property name="env.XAUTHORITY" value="/home/swathi/.Xauthority" />
    <property name="env.SESSION" value="ubuntu" />
    <property name="env.MANDATORY_PATH" value="/usr/share/gconf/ubuntu.mandatory.path" />
    <property name="env.GTK_MODULES" value="overlay-scrollbar:unity-gtk-module" />
    <property name="line.separator" value="&#xa;" />
    <property name="java.vm.name" value="OpenJDK 64-Bit Server VM" />
    <property name="env.COLORTERM" value="gnome-terminal" />
    <property name="env.XDG_GREETER_DATA_DIR" value="/var/lib/lightdm-data/swathi" />
    <property name="basedir" value="/home/swathi/workspace/MultiThreading-Question" />
    <property name="ant.java.version" value="1.7" />
    <property name="ant.core.lib" value="/usr/share/ant/lib/ant.jar" />
    <property name="source" value="1.7" />
    <property name="file.encoding" value="UTF-8" />
    <property name="env.COMPIZ_BIN_PATH" value="/usr/bin/" />
    <property name="env.GPG_AGENT_INFO" value="/run/user/1000/keyring-VmU8FK/gpg:0:1" />
    <property name="java.specification.version" value="1.7" />
    <property name="env.GNOME_KEYRING_CONTROL" value="/run/user/1000/keyring-VmU8FK" />
    <property name="ant.project.invoked-targets" value="ProducerConsumerMainTest.testMain_EveryMessageReadbyConsumerisUnique" />
    <property name="env.XDG_CONFIG_DIRS" value="/etc/xdg/xdg-ubuntu:/usr/share/upstart/xdg:/etc/xdg" />
    <property name="env.LESSCLOSE" value="/usr/bin/lesspipe %s %s" />
  </properties>
  <testcase classname="producer.consumer.start.ProducerConsumerMainTest" name="testMain_EveryMessageReadbyConsumerisUnique" time="0.032" />
  <testcase classname="producer.consumer.start.ProducerConsumerMainTest" name="testMain_ForProducedMessageCountEqualsConsumedCount" time="0.031" />
  <testcase classname="producer.consumer.start.ProducerConsumerMainTest" name="testMain_queuesizevarition" time="0.485" />
  <system-out><![CDATA[[Ljava.lang.String;@ff7ced8
Starting Consumer threads
Started consumer pool-1-thread-1
Started consumer pool-1-thread-2
Started consumer pool-1-thread-3
Started consumer pool-1-thread-4
Starting Producer thread
Started consumer pool-1-thread-5
Started producer pool-1-thread-6
 message  {Id=bdc64d49-550d-4c09-b744-772c7f6265a2,FirstNumber=942,secondNumber=1961}  added by thread pool-1-thread-6
 message  {Id=7accd466-7308-4449-8db0-92e80cc1e2b1,FirstNumber=639,secondNumber=102}  added by thread pool-1-thread-6
 message  {Id=bdc64d49-550d-4c09-b744-772c7f6265a2,FirstNumber=942,secondNumber=1961}  written to file by thread pool-1-thread-3
 message  {Id=fba3b153-c674-4787-9f30-d94e287c7289,FirstNumber=920,secondNumber=1424}  added by thread pool-1-thread-6
 message  {Id=7accd466-7308-4449-8db0-92e80cc1e2b1,FirstNumber=639,secondNumber=102}  written to file by thread pool-1-thread-4
 message  {Id=54c9a328-20a4-4912-bb20-c8fc215e987d,FirstNumber=179,secondNumber=452}  added by thread pool-1-thread-6
 message  {Id=fba3b153-c674-4787-9f30-d94e287c7289,FirstNumber=920,secondNumber=1424}  written to file by thread pool-1-thread-5
 message  {Id=17d824f8-4675-48dc-afa9-2e5207a1ba4a,FirstNumber=351,secondNumber=1253}  added by thread pool-1-thread-6
 message  {Id=54c9a328-20a4-4912-bb20-c8fc215e987d,FirstNumber=179,secondNumber=452}  written to file by thread pool-1-thread-1
 message  {Id=d7d31863-8d0f-485c-a93d-965702f0d2b8,FirstNumber=312,secondNumber=415}  added by thread pool-1-thread-6
 message  {Id=17d824f8-4675-48dc-afa9-2e5207a1ba4a,FirstNumber=351,secondNumber=1253}  written to file by thread pool-1-thread-2
 message  {Id=3bee0901-b6bb-4ecc-94f6-b8caebc37d08,FirstNumber=162,secondNumber=412}  added by thread pool-1-thread-6
 message  {Id=d7d31863-8d0f-485c-a93d-965702f0d2b8,FirstNumber=312,secondNumber=415}  written to file by thread pool-1-thread-3
 message  {Id=18e9f479-b51b-4660-97db-f98e740ed4d2,FirstNumber=378,secondNumber=150}  added by thread pool-1-thread-6
 message  {Id=3bee0901-b6bb-4ecc-94f6-b8caebc37d08,FirstNumber=162,secondNumber=412}  written to file by thread pool-1-thread-2
 message  {Id=0b3ecdb9-2370-42c4-854a-76fc8ff8cef4,FirstNumber=69,secondNumber=1251}  added by thread pool-1-thread-6
 message  {Id=18e9f479-b51b-4660-97db-f98e740ed4d2,FirstNumber=378,secondNumber=150}  written to file by thread pool-1-thread-3
 message  {Id=7448138a-f2c6-4094-80f0-0a014c1b0718,FirstNumber=97,secondNumber=1578}  added by thread pool-1-thread-6
 message  {Id=0b3ecdb9-2370-42c4-854a-76fc8ff8cef4,FirstNumber=69,secondNumber=1251}  written to file by thread pool-1-thread-1
 message  {Id=7448138a-f2c6-4094-80f0-0a014c1b0718,FirstNumber=97,secondNumber=1578}  written to file by thread pool-1-thread-4
 Total messages 10 generation time 15.872608 rate 0.630016
files/file1.txt: 54c9a328-20a4-4912-bb20-c8fc215e987d : GCD (179 : 452) : 1 
files/file1.txt: 0b3ecdb9-2370-42c4-854a-76fc8ff8cef4 : GCD (69 : 1251) : 3 
files/file2.txt: 17d824f8-4675-48dc-afa9-2e5207a1ba4a : GCD (351 : 1253) : 1 
files/file2.txt: 3bee0901-b6bb-4ecc-94f6-b8caebc37d08 : GCD (162 : 412) : 2 
files/file3.txt: bdc64d49-550d-4c09-b744-772c7f6265a2 : GCD (942 : 1961) : 1 
files/file3.txt: d7d31863-8d0f-485c-a93d-965702f0d2b8 : GCD (312 : 415) : 1 
files/file3.txt: 18e9f479-b51b-4660-97db-f98e740ed4d2 : GCD (378 : 150) : 6 
files/file4.txt: 7accd466-7308-4449-8db0-92e80cc1e2b1 : GCD (639 : 102) : 3 
files/file4.txt: 7448138a-f2c6-4094-80f0-0a014c1b0718 : GCD (97 : 1578) : 1 
files/file5.txt: fba3b153-c674-4787-9f30-d94e287c7289 : GCD (920 : 1424) : 8 
[Ljava.lang.String;@1bd5b1dc
Starting Consumer threads
Started consumer pool-2-thread-1
Started consumer pool-2-thread-2
 message processing time 28.709716 for thread pool-1-thread-5
Started consumer pool-2-thread-3
Started consumer pool-2-thread-4
Starting Producer thread
Started consumer pool-2-thread-5
 message processing time 31.724614 for thread pool-1-thread-2
 message processing time 31.715379 for thread pool-1-thread-3
 message processing time 33.536721 for thread pool-1-thread-1
 message processing time 29.939004 for thread pool-1-thread-4
Started producer pool-2-thread-6
 message  {Id=da8cea95-87ef-4312-b9b3-eaf0920a275f,FirstNumber=141,secondNumber=764}  added by thread pool-2-thread-6
 message  {Id=da8cea95-87ef-4312-b9b3-eaf0920a275f,FirstNumber=141,secondNumber=764}  written to file by thread pool-2-thread-1
 message  {Id=a2796f08-baa0-4d27-b4e9-26eb5b34c797,FirstNumber=441,secondNumber=1397}  added by thread pool-2-thread-6
 message  {Id=a2796f08-baa0-4d27-b4e9-26eb5b34c797,FirstNumber=441,secondNumber=1397}  written to file by thread pool-2-thread-2
 message  {Id=e84a280d-0732-4e2c-9d28-528e7057187a,FirstNumber=29,secondNumber=1230}  added by thread pool-2-thread-6
 message  {Id=81efeced-f23d-4671-ba99-4c4cd1593723,FirstNumber=137,secondNumber=1026}  added by thread pool-2-thread-6
 message  {Id=e84a280d-0732-4e2c-9d28-528e7057187a,FirstNumber=29,secondNumber=1230}  written to file by thread pool-2-thread-3
 message  {Id=adcbf41b-6376-4bd0-ab4d-b295da229e7b,FirstNumber=40,secondNumber=1062}  added by thread pool-2-thread-6
 message  {Id=81efeced-f23d-4671-ba99-4c4cd1593723,FirstNumber=137,secondNumber=1026}  written to file by thread pool-2-thread-4
 message  {Id=697cfd8a-d450-4086-bfee-fddbc17fe1b5,FirstNumber=626,secondNumber=55}  added by thread pool-2-thread-6
 message  {Id=adcbf41b-6376-4bd0-ab4d-b295da229e7b,FirstNumber=40,secondNumber=1062}  written to file by thread pool-2-thread-5
 message  {Id=5172b884-35c0-428c-b014-7183511d4f33,FirstNumber=384,secondNumber=410}  added by thread pool-2-thread-6
 message  {Id=697cfd8a-d450-4086-bfee-fddbc17fe1b5,FirstNumber=626,secondNumber=55}  written to file by thread pool-2-thread-1
 message  {Id=6bf9c159-dc59-4a49-8b4a-0964cd949d01,FirstNumber=826,secondNumber=1519}  added by thread pool-2-thread-6
 message  {Id=5172b884-35c0-428c-b014-7183511d4f33,FirstNumber=384,secondNumber=410}  written to file by thread pool-2-thread-2
 message  {Id=2562c36f-fedf-4c6c-b6ae-f4835bb25114,FirstNumber=885,secondNumber=1621}  added by thread pool-2-thread-6
 message  {Id=6bf9c159-dc59-4a49-8b4a-0964cd949d01,FirstNumber=826,secondNumber=1519}  written to file by thread pool-2-thread-3
 message  {Id=d3f6a93e-f419-410e-adf1-4df1cb1e693c,FirstNumber=592,secondNumber=275}  added by thread pool-2-thread-6
 message  {Id=2562c36f-fedf-4c6c-b6ae-f4835bb25114,FirstNumber=885,secondNumber=1621}  written to file by thread pool-2-thread-2
 message  {Id=d48ce302-da0c-4853-b4d7-d7cf0b6d02bb,FirstNumber=310,secondNumber=1675}  added by thread pool-2-thread-6
 message  {Id=d3f6a93e-f419-410e-adf1-4df1cb1e693c,FirstNumber=592,secondNumber=275}  written to file by thread pool-2-thread-5
 message  {Id=c2f0b296-0a5a-4de2-a897-ac860802dfa5,FirstNumber=818,secondNumber=133}  added by thread pool-2-thread-6
 message  {Id=d48ce302-da0c-4853-b4d7-d7cf0b6d02bb,FirstNumber=310,secondNumber=1675}  written to file by thread pool-2-thread-1
 message  {Id=cd95fb01-b1ed-4377-9ea4-ee03c1de8768,FirstNumber=801,secondNumber=1720}  added by thread pool-2-thread-6
 message  {Id=c2f0b296-0a5a-4de2-a897-ac860802dfa5,FirstNumber=818,secondNumber=133}  written to file by thread pool-2-thread-4
 message  {Id=04bd636a-cd9b-4dd3-80e3-8672e3098b9a,FirstNumber=977,secondNumber=1053}  added by thread pool-2-thread-6
 message  {Id=cd95fb01-b1ed-4377-9ea4-ee03c1de8768,FirstNumber=801,secondNumber=1720}  written to file by thread pool-2-thread-3
 message  {Id=894d9fc7-10be-4a47-be98-a49814691d7e,FirstNumber=332,secondNumber=1636}  added by thread pool-2-thread-6
 message  {Id=04bd636a-cd9b-4dd3-80e3-8672e3098b9a,FirstNumber=977,secondNumber=1053}  written to file by thread pool-2-thread-2
 message  {Id=b622384a-fe04-4e94-8595-602547bdebed,FirstNumber=862,secondNumber=740}  added by thread pool-2-thread-6
 message  {Id=894d9fc7-10be-4a47-be98-a49814691d7e,FirstNumber=332,secondNumber=1636}  written to file by thread pool-2-thread-5
 message  {Id=b99c7069-00f5-4927-8e9b-32e946048f71,FirstNumber=216,secondNumber=1409}  added by thread pool-2-thread-6
 message  {Id=b622384a-fe04-4e94-8595-602547bdebed,FirstNumber=862,secondNumber=740}  written to file by thread pool-2-thread-1
 message  {Id=dd1c910e-500f-4a24-b56e-eb063e075c27,FirstNumber=65,secondNumber=483}  added by thread pool-2-thread-6
 message  {Id=b99c7069-00f5-4927-8e9b-32e946048f71,FirstNumber=216,secondNumber=1409}  written to file by thread pool-2-thread-4
 message  {Id=dd1c910e-500f-4a24-b56e-eb063e075c27,FirstNumber=65,secondNumber=483}  written to file by thread pool-2-thread-1
 message  {Id=7a8f1604-f9a6-4022-bd2c-d38b1c171429,FirstNumber=204,secondNumber=525}  added by thread pool-2-thread-6
 message  {Id=7a8f1604-f9a6-4022-bd2c-d38b1c171429,FirstNumber=204,secondNumber=525}  written to file by thread pool-2-thread-1
 message  {Id=1ce13ee5-785d-4b15-9c4c-19651bd691f5,FirstNumber=633,secondNumber=278}  added by thread pool-2-thread-6
 message  {Id=1ce13ee5-785d-4b15-9c4c-19651bd691f5,FirstNumber=633,secondNumber=278}  written to file by thread pool-2-thread-2
 message  {Id=bf932fb1-8992-49de-8b94-a31b92af3528,FirstNumber=95,secondNumber=518}  added by thread pool-2-thread-6
 message  {Id=bf932fb1-8992-49de-8b94-a31b92af3528,FirstNumber=95,secondNumber=518}  written to file by thread pool-2-thread-3
 message  {Id=ed907c11-a2f1-4dcf-b22a-dda0276772fa,FirstNumber=600,secondNumber=1875}  added by thread pool-2-thread-6
 message  {Id=ed907c11-a2f1-4dcf-b22a-dda0276772fa,FirstNumber=600,secondNumber=1875}  written to file by thread pool-2-thread-4
 message  {Id=d0cd450b-049f-4440-a428-6876949323c0,FirstNumber=359,secondNumber=1886}  added by thread pool-2-thread-6
 message  {Id=7a6b9572-b68c-4cfb-8bdd-378e837f71a4,FirstNumber=759,secondNumber=1656}  added by thread pool-2-thread-6
 message  {Id=d0cd450b-049f-4440-a428-6876949323c0,FirstNumber=359,secondNumber=1886}  written to file by thread pool-2-thread-5
 message  {Id=0c1c3205-be9e-41a1-a680-54b878789875,FirstNumber=465,secondNumber=506}  added by thread pool-2-thread-6
 message  {Id=7a6b9572-b68c-4cfb-8bdd-378e837f71a4,FirstNumber=759,secondNumber=1656}  written to file by thread pool-2-thread-1
 message  {Id=0c1c3205-be9e-41a1-a680-54b878789875,FirstNumber=465,secondNumber=506}  written to file by thread pool-2-thread-2
 message  {Id=16ce6f87-bbee-4c00-948e-a6dfb9fbadfe,FirstNumber=451,secondNumber=35}  added by thread pool-2-thread-6
 message  {Id=16ce6f87-bbee-4c00-948e-a6dfb9fbadfe,FirstNumber=451,secondNumber=35}  written to file by thread pool-2-thread-3
 message  {Id=8de1d68c-6dd3-4630-b99f-f2708ef431c4,FirstNumber=460,secondNumber=374}  added by thread pool-2-thread-6
 message  {Id=8de1d68c-6dd3-4630-b99f-f2708ef431c4,FirstNumber=460,secondNumber=374}  written to file by thread pool-2-thread-4
 message  {Id=ec068d81-08fb-43df-bd0f-5c929dc8d111,FirstNumber=45,secondNumber=1755}  added by thread pool-2-thread-6
 message  {Id=ec068d81-08fb-43df-bd0f-5c929dc8d111,FirstNumber=45,secondNumber=1755}  written to file by thread pool-2-thread-5
 message  {Id=1f5aebb6-632d-479b-886c-95ea8edbfe6b,FirstNumber=401,secondNumber=673}  added by thread pool-2-thread-6
 message  {Id=1f5aebb6-632d-479b-886c-95ea8edbfe6b,FirstNumber=401,secondNumber=673}  written to file by thread pool-2-thread-1
 message  {Id=51e87cb3-0009-495a-89d9-c29826a11266,FirstNumber=443,secondNumber=937}  added by thread pool-2-thread-6
 message  {Id=51e87cb3-0009-495a-89d9-c29826a11266,FirstNumber=443,secondNumber=937}  written to file by thread pool-2-thread-2
 message  {Id=03ad7ab4-9c8c-412c-b6eb-fb16750a6196,FirstNumber=445,secondNumber=1008}  added by thread pool-2-thread-6
 message  {Id=03ad7ab4-9c8c-412c-b6eb-fb16750a6196,FirstNumber=445,secondNumber=1008}  written to file by thread pool-2-thread-3
 message  {Id=5f5e7818-18a8-4722-913a-f9a4124842d0,FirstNumber=580,secondNumber=683}  added by thread pool-2-thread-6
 message  {Id=5f5e7818-18a8-4722-913a-f9a4124842d0,FirstNumber=580,secondNumber=683}  written to file by thread pool-2-thread-4
 message  {Id=44f71ec2-02cd-4402-9dd8-e5f74766b942,FirstNumber=110,secondNumber=137}  added by thread pool-2-thread-6
 message  {Id=44f71ec2-02cd-4402-9dd8-e5f74766b942,FirstNumber=110,secondNumber=137}  written to file by thread pool-2-thread-5
 message  {Id=31d435ea-bfd1-4459-9a74-6a2da61397c6,FirstNumber=123,secondNumber=510}  added by thread pool-2-thread-6
 message  {Id=31d435ea-bfd1-4459-9a74-6a2da61397c6,FirstNumber=123,secondNumber=510}  written to file by thread pool-2-thread-1
 message  {Id=276bb78f-3bd2-4c91-aa38-14640b09a50e,FirstNumber=710,secondNumber=790}  written to file by thread pool-2-thread-2
 message  {Id=276bb78f-3bd2-4c91-aa38-14640b09a50e,FirstNumber=710,secondNumber=790}  added by thread pool-2-thread-6
 message  {Id=c4259ed3-cffe-448c-9658-6d7120e288a0,FirstNumber=415,secondNumber=1288}  added by thread pool-2-thread-6
 message  {Id=c4259ed3-cffe-448c-9658-6d7120e288a0,FirstNumber=415,secondNumber=1288}  written to file by thread pool-2-thread-3
 message  {Id=fc86fc2e-4aa5-4a64-9913-95ffaa372043,FirstNumber=873,secondNumber=1323}  added by thread pool-2-thread-6
 message  {Id=fc86fc2e-4aa5-4a64-9913-95ffaa372043,FirstNumber=873,secondNumber=1323}  written to file by thread pool-2-thread-3
 message  {Id=e07d4742-e4a5-421a-acaf-bd2dfd12ac37,FirstNumber=142,secondNumber=1257}  added by thread pool-2-thread-6
 message  {Id=e07d4742-e4a5-421a-acaf-bd2dfd12ac37,FirstNumber=142,secondNumber=1257}  written to file by thread pool-2-thread-3
 message  {Id=452ff374-90b2-47a5-8e23-5a791898496f,FirstNumber=715,secondNumber=1509}  added by thread pool-2-thread-6
 message  {Id=c0a44531-f410-4581-afe8-a3294511e509,FirstNumber=233,secondNumber=783}  added by thread pool-2-thread-6
 message  {Id=452ff374-90b2-47a5-8e23-5a791898496f,FirstNumber=715,secondNumber=1509}  written to file by thread pool-2-thread-3
 message  {Id=f66c7c72-fe81-4f2b-bf84-764fc099a179,FirstNumber=783,secondNumber=294}  added by thread pool-2-thread-6
 message  {Id=c0a44531-f410-4581-afe8-a3294511e509,FirstNumber=233,secondNumber=783}  written to file by thread pool-2-thread-3
 message  {Id=30a4c48f-c314-48a3-86d0-d092df82666b,FirstNumber=589,secondNumber=1315}  added by thread pool-2-thread-6
 message  {Id=f66c7c72-fe81-4f2b-bf84-764fc099a179,FirstNumber=783,secondNumber=294}  written to file by thread pool-2-thread-3
 message  {Id=5e819e95-baf1-44bd-bf9e-88ac24e4cb98,FirstNumber=319,secondNumber=506}  added by thread pool-2-thread-6
 message  {Id=30a4c48f-c314-48a3-86d0-d092df82666b,FirstNumber=589,secondNumber=1315}  written to file by thread pool-2-thread-3
 message  {Id=b3692f1d-0982-4796-a4ea-37da15a29001,FirstNumber=896,secondNumber=1788}  added by thread pool-2-thread-6
 message  {Id=5e819e95-baf1-44bd-bf9e-88ac24e4cb98,FirstNumber=319,secondNumber=506}  written to file by thread pool-2-thread-3
 message  {Id=36d97f2e-a4ac-4f97-a928-880e537f7219,FirstNumber=951,secondNumber=1790}  added by thread pool-2-thread-6
 message  {Id=abfe6d8e-0c77-4834-946f-1ebc3de6244d,FirstNumber=985,secondNumber=1261}  added by thread pool-2-thread-6
 message  {Id=36d97f2e-a4ac-4f97-a928-880e537f7219,FirstNumber=951,secondNumber=1790}  written to file by thread pool-2-thread-5
 message  {Id=b3692f1d-0982-4796-a4ea-37da15a29001,FirstNumber=896,secondNumber=1788}  written to file by thread pool-2-thread-4
 message  {Id=abfe6d8e-0c77-4834-946f-1ebc3de6244d,FirstNumber=985,secondNumber=1261}  written to file by thread pool-2-thread-1
 message  {Id=f530d65e-a488-4c25-b95e-6881b3d13dd9,FirstNumber=287,secondNumber=909}  added by thread pool-2-thread-6
 message  {Id=f530d65e-a488-4c25-b95e-6881b3d13dd9,FirstNumber=287,secondNumber=909}  written to file by thread pool-2-thread-4
 message  {Id=607efa72-9a7d-4262-a3f8-0f756eeb13c4,FirstNumber=649,secondNumber=1996}  added by thread pool-2-thread-6
 message  {Id=607efa72-9a7d-4262-a3f8-0f756eeb13c4,FirstNumber=649,secondNumber=1996}  written to file by thread pool-2-thread-4
 message  {Id=49427cac-f9e7-4893-8aaf-79b46a0fd42f,FirstNumber=227,secondNumber=988}  added by thread pool-2-thread-6
 message  {Id=49427cac-f9e7-4893-8aaf-79b46a0fd42f,FirstNumber=227,secondNumber=988}  written to file by thread pool-2-thread-5
 message  {Id=4ef80a7d-05b1-4ab0-b826-f6aa4d4cf07f,FirstNumber=193,secondNumber=1816}  added by thread pool-2-thread-6
 message  {Id=4ef80a7d-05b1-4ab0-b826-f6aa4d4cf07f,FirstNumber=193,secondNumber=1816}  written to file by thread pool-2-thread-2
 message  {Id=08125f5a-7868-4b43-aefd-36306de5cb3e,FirstNumber=178,secondNumber=1655}  added by thread pool-2-thread-6
 message  {Id=08125f5a-7868-4b43-aefd-36306de5cb3e,FirstNumber=178,secondNumber=1655}  written to file by thread pool-2-thread-1
 message  {Id=640ffbb3-971f-47c7-bed6-d2480fe64989,FirstNumber=886,secondNumber=1346}  added by thread pool-2-thread-6
 message  {Id=640ffbb3-971f-47c7-bed6-d2480fe64989,FirstNumber=886,secondNumber=1346}  written to file by thread pool-2-thread-3
 message  {Id=ae7a1cce-ea59-4962-b36f-e25aaa35947a,FirstNumber=628,secondNumber=1913}  added by thread pool-2-thread-6
 message  {Id=ae7a1cce-ea59-4962-b36f-e25aaa35947a,FirstNumber=628,secondNumber=1913}  written to file by thread pool-2-thread-4
 message  {Id=21d7d952-26ef-4998-8470-e210af739fc7,FirstNumber=548,secondNumber=1148}  added by thread pool-2-thread-6
 message  {Id=21d7d952-26ef-4998-8470-e210af739fc7,FirstNumber=548,secondNumber=1148}  written to file by thread pool-2-thread-5
 message  {Id=7acccd64-0ab8-49ab-ba2d-1c0ae5fd8c97,FirstNumber=653,secondNumber=270}  added by thread pool-2-thread-6
 message  {Id=7acccd64-0ab8-49ab-ba2d-1c0ae5fd8c97,FirstNumber=653,secondNumber=270}  written to file by thread pool-2-thread-2
 message  {Id=dfcc5385-0034-4b32-9768-c741c0f2c20c,FirstNumber=641,secondNumber=122}  added by thread pool-2-thread-6
 message  {Id=dfcc5385-0034-4b32-9768-c741c0f2c20c,FirstNumber=641,secondNumber=122}  written to file by thread pool-2-thread-1
 message  {Id=ae61e136-7ec0-45c5-8e9b-2df3c789842d,FirstNumber=186,secondNumber=258}  added by thread pool-2-thread-6
 message  {Id=ae61e136-7ec0-45c5-8e9b-2df3c789842d,FirstNumber=186,secondNumber=258}  written to file by thread pool-2-thread-3
 message  {Id=83e2de88-36f1-4fa7-9077-20176298fe6f,FirstNumber=117,secondNumber=221}  added by thread pool-2-thread-6
 message  {Id=83e2de88-36f1-4fa7-9077-20176298fe6f,FirstNumber=117,secondNumber=221}  written to file by thread pool-2-thread-4
 message  {Id=a1e6292a-d75c-419b-b4a3-d801b242c7fc,FirstNumber=832,secondNumber=441}  added by thread pool-2-thread-6
 message  {Id=a1e6292a-d75c-419b-b4a3-d801b242c7fc,FirstNumber=832,secondNumber=441}  written to file by thread pool-2-thread-5
 message  {Id=e935b360-4089-4043-873e-bd6280ffc7cd,FirstNumber=375,secondNumber=116}  added by thread pool-2-thread-6
 message  {Id=e935b360-4089-4043-873e-bd6280ffc7cd,FirstNumber=375,secondNumber=116}  written to file by thread pool-2-thread-2
 message  {Id=e80c01e2-31c0-47ed-8db5-64d28f905558,FirstNumber=733,secondNumber=1053}  added by thread pool-2-thread-6
 message  {Id=e80c01e2-31c0-47ed-8db5-64d28f905558,FirstNumber=733,secondNumber=1053}  written to file by thread pool-2-thread-1
 message  {Id=32269b97-0460-44e0-b374-7910c47dcb56,FirstNumber=240,secondNumber=1774}  added by thread pool-2-thread-6
 message  {Id=32269b97-0460-44e0-b374-7910c47dcb56,FirstNumber=240,secondNumber=1774}  written to file by thread pool-2-thread-3
 message  {Id=c95ea2ab-73be-4462-9f18-b507d39335a9,FirstNumber=477,secondNumber=410}  added by thread pool-2-thread-6
 message  {Id=da112f14-abfd-45de-a094-3fe58f260f7a,FirstNumber=762,secondNumber=835}  added by thread pool-2-thread-6
 message  {Id=c95ea2ab-73be-4462-9f18-b507d39335a9,FirstNumber=477,secondNumber=410}  written to file by thread pool-2-thread-4
 message  {Id=da112f14-abfd-45de-a094-3fe58f260f7a,FirstNumber=762,secondNumber=835}  written to file by thread pool-2-thread-5
 message  {Id=fbcbc8a7-685a-43f6-8ca0-5d85e224889a,FirstNumber=344,secondNumber=1826}  added by thread pool-2-thread-6
 message  {Id=fbcbc8a7-685a-43f6-8ca0-5d85e224889a,FirstNumber=344,secondNumber=1826}  written to file by thread pool-2-thread-2
 message  {Id=e9d54700-c2a2-4c58-9427-e67275ee9c46,FirstNumber=504,secondNumber=440}  added by thread pool-2-thread-6
 message  {Id=e9d54700-c2a2-4c58-9427-e67275ee9c46,FirstNumber=504,secondNumber=440}  written to file by thread pool-2-thread-1
 message  {Id=be12e76b-2dfc-4450-afef-5b98d257ce2d,FirstNumber=500,secondNumber=1491}  added by thread pool-2-thread-6
 message  {Id=be12e76b-2dfc-4450-afef-5b98d257ce2d,FirstNumber=500,secondNumber=1491}  written to file by thread pool-2-thread-3
 message  {Id=63a59009-6036-4582-81e3-ad54fcaf90e0,FirstNumber=239,secondNumber=1519}  added by thread pool-2-thread-6
 message  {Id=63a59009-6036-4582-81e3-ad54fcaf90e0,FirstNumber=239,secondNumber=1519}  written to file by thread pool-2-thread-4
 message  {Id=c033957a-4840-4cf6-9615-9f243c57d8bf,FirstNumber=894,secondNumber=842}  added by thread pool-2-thread-6
 message  {Id=c033957a-4840-4cf6-9615-9f243c57d8bf,FirstNumber=894,secondNumber=842}  written to file by thread pool-2-thread-5
 message  {Id=e27817a6-6427-4fc0-891a-977888528ee4,FirstNumber=202,secondNumber=1681}  added by thread pool-2-thread-6
 message  {Id=e27817a6-6427-4fc0-891a-977888528ee4,FirstNumber=202,secondNumber=1681}  written to file by thread pool-2-thread-2
 message  {Id=aaa9fe7e-ac7d-40c4-8376-c5d62ba95f62,FirstNumber=705,secondNumber=1502}  added by thread pool-2-thread-6
 message  {Id=aaa9fe7e-ac7d-40c4-8376-c5d62ba95f62,FirstNumber=705,secondNumber=1502}  written to file by thread pool-2-thread-1
 message  {Id=fc15cf15-58c3-4429-9f2e-54f901f5830a,FirstNumber=417,secondNumber=1471}  added by thread pool-2-thread-6
 message  {Id=fc15cf15-58c3-4429-9f2e-54f901f5830a,FirstNumber=417,secondNumber=1471}  written to file by thread pool-2-thread-3
 message  {Id=89d5f139-d1ef-4766-b6c9-5bbedb90b3bb,FirstNumber=888,secondNumber=1869}  added by thread pool-2-thread-6
 message  {Id=89d5f139-d1ef-4766-b6c9-5bbedb90b3bb,FirstNumber=888,secondNumber=1869}  written to file by thread pool-2-thread-4
 message  {Id=d3e2e519-db7f-40a5-a92c-7d38f94764b5,FirstNumber=827,secondNumber=1145}  added by thread pool-2-thread-6
 message  {Id=b0d9822f-44e1-4a94-8427-35ea4f12c76e,FirstNumber=771,secondNumber=1501}  added by thread pool-2-thread-6
 message  {Id=d3e2e519-db7f-40a5-a92c-7d38f94764b5,FirstNumber=827,secondNumber=1145}  written to file by thread pool-2-thread-5
 message  {Id=b0d9822f-44e1-4a94-8427-35ea4f12c76e,FirstNumber=771,secondNumber=1501}  written to file by thread pool-2-thread-2
 message  {Id=e384034d-07d8-4e99-ad86-993759054d78,FirstNumber=496,secondNumber=1046}  added by thread pool-2-thread-6
 message  {Id=e384034d-07d8-4e99-ad86-993759054d78,FirstNumber=496,secondNumber=1046}  written to file by thread pool-2-thread-1
 message  {Id=b25bd628-814f-42c7-b908-efbd3816dd92,FirstNumber=224,secondNumber=790}  added by thread pool-2-thread-6
 message  {Id=b25bd628-814f-42c7-b908-efbd3816dd92,FirstNumber=224,secondNumber=790}  written to file by thread pool-2-thread-3
 message  {Id=6b432c63-4c0c-414f-b379-919dc3c4b377,FirstNumber=104,secondNumber=626}  added by thread pool-2-thread-6
 message  {Id=6b432c63-4c0c-414f-b379-919dc3c4b377,FirstNumber=104,secondNumber=626}  written to file by thread pool-2-thread-4
 message  {Id=0ab8fb56-fb4f-4e94-83e4-813d77cc721a,FirstNumber=592,secondNumber=728}  added by thread pool-2-thread-6
 message  {Id=0ab8fb56-fb4f-4e94-83e4-813d77cc721a,FirstNumber=592,secondNumber=728}  written to file by thread pool-2-thread-5
 message  {Id=0583e2f5-fe47-4f8a-a88f-f5073e75c814,FirstNumber=469,secondNumber=1996}  added by thread pool-2-thread-6
 message  {Id=0583e2f5-fe47-4f8a-a88f-f5073e75c814,FirstNumber=469,secondNumber=1996}  written to file by thread pool-2-thread-2
 message  {Id=768c8f24-9528-4a26-9d47-20e2f1565f33,FirstNumber=753,secondNumber=1647}  added by thread pool-2-thread-6
 message  {Id=768c8f24-9528-4a26-9d47-20e2f1565f33,FirstNumber=753,secondNumber=1647}  written to file by thread pool-2-thread-1
 message  {Id=a3a72a7d-ef31-49c3-b730-3e96c073021a,FirstNumber=109,secondNumber=1195}  added by thread pool-2-thread-6
 message  {Id=a3a72a7d-ef31-49c3-b730-3e96c073021a,FirstNumber=109,secondNumber=1195}  written to file by thread pool-2-thread-3
 message  {Id=7da3a59c-4a83-49f1-8f8e-4e17d69ec6d9,FirstNumber=684,secondNumber=595}  added by thread pool-2-thread-6
 message  {Id=7da3a59c-4a83-49f1-8f8e-4e17d69ec6d9,FirstNumber=684,secondNumber=595}  written to file by thread pool-2-thread-4
 message  {Id=da7fe6a6-270f-407b-bb76-ced406294637,FirstNumber=805,secondNumber=1115}  added by thread pool-2-thread-6
 message  {Id=da7fe6a6-270f-407b-bb76-ced406294637,FirstNumber=805,secondNumber=1115}  written to file by thread pool-2-thread-4
 message  {Id=2b78c850-7933-4169-ac4e-ab1c5f0b0dcf,FirstNumber=454,secondNumber=1930}  added by thread pool-2-thread-6
 message  {Id=2b78c850-7933-4169-ac4e-ab1c5f0b0dcf,FirstNumber=454,secondNumber=1930}  written to file by thread pool-2-thread-2
 message  {Id=1e3504d1-d991-4624-a6d8-aa81aabf8810,FirstNumber=464,secondNumber=1560}  added by thread pool-2-thread-6
 message  {Id=1e3504d1-d991-4624-a6d8-aa81aabf8810,FirstNumber=464,secondNumber=1560}  written to file by thread pool-2-thread-1
 message  {Id=1d8161d8-dcd9-4197-a49a-8bbd77104b49,FirstNumber=52,secondNumber=132}  added by thread pool-2-thread-6
 message  {Id=1d8161d8-dcd9-4197-a49a-8bbd77104b49,FirstNumber=52,secondNumber=132}  written to file by thread pool-2-thread-3
 message  {Id=a09e1ec2-c524-4c55-bf0a-416271f53075,FirstNumber=867,secondNumber=1791}  added by thread pool-2-thread-6
 message  {Id=a09e1ec2-c524-4c55-bf0a-416271f53075,FirstNumber=867,secondNumber=1791}  written to file by thread pool-2-thread-3
 message  {Id=fb54aa07-97b3-48a7-b007-ebba28e733bd,FirstNumber=223,secondNumber=1434}  added by thread pool-2-thread-6
 message  {Id=ed7634f4-c654-4e04-b4cf-16c1aaa96ff8,FirstNumber=280,secondNumber=1228}  added by thread pool-2-thread-6
 message  {Id=fb54aa07-97b3-48a7-b007-ebba28e733bd,FirstNumber=223,secondNumber=1434}  written to file by thread pool-2-thread-3
 message  {Id=208cca84-c640-4080-b5d6-b3788098645f,FirstNumber=127,secondNumber=1666}  added by thread pool-2-thread-6
 message  {Id=ed7634f4-c654-4e04-b4cf-16c1aaa96ff8,FirstNumber=280,secondNumber=1228}  written to file by thread pool-2-thread-3
 message  {Id=d9a5753b-74a2-4c19-a242-8b16952ddf7a,FirstNumber=650,secondNumber=161}  added by thread pool-2-thread-6
 message  {Id=208cca84-c640-4080-b5d6-b3788098645f,FirstNumber=127,secondNumber=1666}  written to file by thread pool-2-thread-5
 message  {Id=d9a5753b-74a2-4c19-a242-8b16952ddf7a,FirstNumber=650,secondNumber=161}  written to file by thread pool-2-thread-4
 message  {Id=3154191a-eb31-49f0-ad6f-cc7a1e2f214b,FirstNumber=337,secondNumber=94}  added by thread pool-2-thread-6
 message  {Id=3154191a-eb31-49f0-ad6f-cc7a1e2f214b,FirstNumber=337,secondNumber=94}  written to file by thread pool-2-thread-2
 message  {Id=9f5695cc-55d4-4a5c-9061-fa75e03f14f0,FirstNumber=493,secondNumber=724}  added by thread pool-2-thread-6
 message  {Id=9f5695cc-55d4-4a5c-9061-fa75e03f14f0,FirstNumber=493,secondNumber=724}  written to file by thread pool-2-thread-3
 message  {Id=ebe8baed-3393-4cf5-b106-a048e7af5f5b,FirstNumber=155,secondNumber=1890}  added by thread pool-2-thread-6
 message  {Id=ebe8baed-3393-4cf5-b106-a048e7af5f5b,FirstNumber=155,secondNumber=1890}  written to file by thread pool-2-thread-1
 message  {Id=b910b65d-6741-4c1a-8b19-7bd969098285,FirstNumber=617,secondNumber=324}  added by thread pool-2-thread-6
 message  {Id=b910b65d-6741-4c1a-8b19-7bd969098285,FirstNumber=617,secondNumber=324}  written to file by thread pool-2-thread-5
 message  {Id=1f137602-2389-43eb-8651-6f9f776048cf,FirstNumber=498,secondNumber=436}  added by thread pool-2-thread-6
 message  {Id=6b66144c-0787-4ef7-bc14-eccfa940f969,FirstNumber=389,secondNumber=88}  added by thread pool-2-thread-6
 message  {Id=1f137602-2389-43eb-8651-6f9f776048cf,FirstNumber=498,secondNumber=436}  written to file by thread pool-2-thread-4
 message  {Id=6b66144c-0787-4ef7-bc14-eccfa940f969,FirstNumber=389,secondNumber=88}  written to file by thread pool-2-thread-2
 message  {Id=d8729131-687c-4aee-a0b7-902290c81d54,FirstNumber=562,secondNumber=1261}  added by thread pool-2-thread-6
 message  {Id=a5818d59-1bb0-498a-a3d1-a0cab4792b9d,FirstNumber=858,secondNumber=1652}  added by thread pool-2-thread-6
 message  {Id=d8729131-687c-4aee-a0b7-902290c81d54,FirstNumber=562,secondNumber=1261}  written to file by thread pool-2-thread-3
 message  {Id=a5818d59-1bb0-498a-a3d1-a0cab4792b9d,FirstNumber=858,secondNumber=1652}  written to file by thread pool-2-thread-1
 Total messages 100 generation time 19.387617 rate 5.157931
[Ljava.lang.String;@31651361
Starting Consumer threads
Started consumer pool-3-thread-1
Started consumer pool-3-thread-2
Started consumer pool-3-thread-3
Started consumer pool-3-thread-4
Starting Producer thread
Started consumer pool-3-thread-5
Started producer pool-3-thread-6
 message  {Id=98ca3f96-9b32-403e-80f2-ca0426bee884,FirstNumber=704,secondNumber=1314}  added by thread pool-3-thread-6
 message  {Id=98ca3f96-9b32-403e-80f2-ca0426bee884,FirstNumber=704,secondNumber=1314}  written to file by thread pool-3-thread-1
 message  {Id=d3ee9d11-50a2-47ca-831f-443e221427dc,FirstNumber=418,secondNumber=973}  added by thread pool-3-thread-6
 message  {Id=d3ee9d11-50a2-47ca-831f-443e221427dc,FirstNumber=418,secondNumber=973}  written to file by thread pool-3-thread-2
 message  {Id=5266171d-ac53-438a-a40a-b195799a4071,FirstNumber=247,secondNumber=1084}  added by thread pool-3-thread-6
 message  {Id=5266171d-ac53-438a-a40a-b195799a4071,FirstNumber=247,secondNumber=1084}  written to file by thread pool-3-thread-3
 message  {Id=037ef6ad-9a35-4cac-bd89-1fd1bd896967,FirstNumber=906,secondNumber=0}  added by thread pool-3-thread-6
 message  {Id=037ef6ad-9a35-4cac-bd89-1fd1bd896967,FirstNumber=906,secondNumber=0}  written to file by thread pool-3-thread-4
 message  {Id=b0984208-87ad-4b36-ab6e-5d500d119278,FirstNumber=563,secondNumber=1116}  added by thread pool-3-thread-6
 message  {Id=b0984208-87ad-4b36-ab6e-5d500d119278,FirstNumber=563,secondNumber=1116}  written to file by thread pool-3-thread-5
 message  {Id=277ba3e8-51d0-4dc1-af83-b51d4a074c0d,FirstNumber=779,secondNumber=1636}  added by thread pool-3-thread-6
 message  {Id=277ba3e8-51d0-4dc1-af83-b51d4a074c0d,FirstNumber=779,secondNumber=1636}  written to file by thread pool-3-thread-1
 message  {Id=1fe13801-f642-4dc5-aa00-4587857b9eb3,FirstNumber=861,secondNumber=540}  added by thread pool-3-thread-6
 message  {Id=1fe13801-f642-4dc5-aa00-4587857b9eb3,FirstNumber=861,secondNumber=540}  written to file by thread pool-3-thread-2
 message  {Id=41ce198e-9aa6-401b-9dc6-8ae6027f6388,FirstNumber=241,secondNumber=590}  added by thread pool-3-thread-6
 message  {Id=41ce198e-9aa6-401b-9dc6-8ae6027f6388,FirstNumber=241,secondNumber=590}  written to file by thread pool-3-thread-3
 message  {Id=4f1a7e6c-370c-455e-b8d9-f0181e89c819,FirstNumber=530,secondNumber=78}  added by thread pool-3-thread-6
 message  {Id=4f1a7e6c-370c-455e-b8d9-f0181e89c819,FirstNumber=530,secondNumber=78}  written to file by thread pool-3-thread-4
 message  {Id=4149139b-3a40-4d22-8dd2-ac2982f2bbab,FirstNumber=732,secondNumber=1727}  added by thread pool-3-thread-6
 message  {Id=4149139b-3a40-4d22-8dd2-ac2982f2bbab,FirstNumber=732,secondNumber=1727}  written to file by thread pool-3-thread-5
 message  {Id=b57630c4-4d69-459b-b4f9-c910d344097d,FirstNumber=707,secondNumber=1484}  added by thread pool-3-thread-6
 message  {Id=b57630c4-4d69-459b-b4f9-c910d344097d,FirstNumber=707,secondNumber=1484}  written to file by thread pool-3-thread-1
 message  {Id=22b083c8-559d-449e-9840-0f3ac275ae51,FirstNumber=938,secondNumber=1253}  added by thread pool-3-thread-6
 message  {Id=22b083c8-559d-449e-9840-0f3ac275ae51,FirstNumber=938,secondNumber=1253}  written to file by thread pool-3-thread-2
 message  {Id=cdcf3939-730f-4aab-80c8-61618bd69b7c,FirstNumber=363,secondNumber=1566}  added by thread pool-3-thread-6
 message  {Id=cdcf3939-730f-4aab-80c8-61618bd69b7c,FirstNumber=363,secondNumber=1566}  written to file by thread pool-3-thread-3
 message  {Id=36a5c271-e303-4c64-9e49-e16eda54bb8d,FirstNumber=965,secondNumber=1658}  added by thread pool-3-thread-6
 message  {Id=36a5c271-e303-4c64-9e49-e16eda54bb8d,FirstNumber=965,secondNumber=1658}  written to file by thread pool-3-thread-4
 message  {Id=ebdc6f55-c0cb-497f-8692-2bfc5cc1f008,FirstNumber=638,secondNumber=1409}  added by thread pool-3-thread-6
 message  {Id=ebdc6f55-c0cb-497f-8692-2bfc5cc1f008,FirstNumber=638,secondNumber=1409}  written to file by thread pool-3-thread-5
 message  {Id=5cf21c6f-8feb-4fc3-869b-88149d0e0feb,FirstNumber=840,secondNumber=1251}  added by thread pool-3-thread-6
 message  {Id=5cf21c6f-8feb-4fc3-869b-88149d0e0feb,FirstNumber=840,secondNumber=1251}  written to file by thread pool-3-thread-1
 message  {Id=3c754221-6034-4900-bba6-8fcd57230240,FirstNumber=478,secondNumber=996}  added by thread pool-3-thread-6
 message  {Id=3c754221-6034-4900-bba6-8fcd57230240,FirstNumber=478,secondNumber=996}  written to file by thread pool-3-thread-1
 message  {Id=fb788724-e39c-4feb-aff7-b288d83137af,FirstNumber=232,secondNumber=1477}  added by thread pool-3-thread-6
 message  {Id=fb788724-e39c-4feb-aff7-b288d83137af,FirstNumber=232,secondNumber=1477}  written to file by thread pool-3-thread-3
 message  {Id=82531b4f-da2f-47f8-a32f-33dec3996115,FirstNumber=848,secondNumber=1534}  added by thread pool-3-thread-6
 message  {Id=82531b4f-da2f-47f8-a32f-33dec3996115,FirstNumber=848,secondNumber=1534}  written to file by thread pool-3-thread-4
 message processing time 34.794013 for thread pool-2-thread-5
 message  {Id=d8a1a7b1-7062-492b-a5eb-bbc6ac051327,FirstNumber=98,secondNumber=405}  added by thread pool-3-thread-6
 message  {Id=d8a1a7b1-7062-492b-a5eb-bbc6ac051327,FirstNumber=98,secondNumber=405}  written to file by thread pool-3-thread-5
 message  {Id=1d01672c-445b-4c69-97f3-777c5fa0a945,FirstNumber=323,secondNumber=111}  added by thread pool-3-thread-6
 message processing time 35.170804 for thread pool-2-thread-4
 message processing time 38.415641 for thread pool-2-thread-2
 message  {Id=1d01672c-445b-4c69-97f3-777c5fa0a945,FirstNumber=323,secondNumber=111}  written to file by thread pool-3-thread-2
 message processing time 35.792472 for thread pool-2-thread-3
 message  {Id=3414bdfa-0f4f-47cd-b70f-a235fcc68fa5,FirstNumber=571,secondNumber=609}  written to file by thread pool-3-thread-1
 message processing time 39.000376 for thread pool-2-thread-1
 message  {Id=3414bdfa-0f4f-47cd-b70f-a235fcc68fa5,FirstNumber=571,secondNumber=609}  added by thread pool-3-thread-6
 message  {Id=794375f6-ba51-4c10-be83-ddf26bdb330a,FirstNumber=115,secondNumber=411}  added by thread pool-3-thread-6
 message  {Id=794375f6-ba51-4c10-be83-ddf26bdb330a,FirstNumber=115,secondNumber=411}  written to file by thread pool-3-thread-3
 message  {Id=0dd0f7c4-3d70-4d8f-896b-93c2a2580644,FirstNumber=198,secondNumber=765}  added by thread pool-3-thread-6
 message  {Id=0dd0f7c4-3d70-4d8f-896b-93c2a2580644,FirstNumber=198,secondNumber=765}  written to file by thread pool-3-thread-4
 message  {Id=38051096-d1db-4dc5-9ae7-ea8f1ab82378,FirstNumber=101,secondNumber=172}  added by thread pool-3-thread-6
 message  {Id=38051096-d1db-4dc5-9ae7-ea8f1ab82378,FirstNumber=101,secondNumber=172}  written to file by thread pool-3-thread-5
 message  {Id=3d7875bf-f7af-419e-af1a-f07e357bf5fd,FirstNumber=564,secondNumber=1698}  added by thread pool-3-thread-6
 message  {Id=3d7875bf-f7af-419e-af1a-f07e357bf5fd,FirstNumber=564,secondNumber=1698}  written to file by thread pool-3-thread-2
 message  {Id=b0d8d998-6997-41eb-b11a-34b49befba97,FirstNumber=196,secondNumber=1222}  added by thread pool-3-thread-6
 message  {Id=b0d8d998-6997-41eb-b11a-34b49befba97,FirstNumber=196,secondNumber=1222}  written to file by thread pool-3-thread-1
 message  {Id=ec0fc7a7-7f4e-4637-ab2f-eed5e8d048ef,FirstNumber=141,secondNumber=1533}  added by thread pool-3-thread-6
 message  {Id=ec0fc7a7-7f4e-4637-ab2f-eed5e8d048ef,FirstNumber=141,secondNumber=1533}  written to file by thread pool-3-thread-3
 message  {Id=be0e2b1b-f3ac-4593-b644-b70cee22a86f,FirstNumber=137,secondNumber=1368}  added by thread pool-3-thread-6
 message  {Id=be0e2b1b-f3ac-4593-b644-b70cee22a86f,FirstNumber=137,secondNumber=1368}  written to file by thread pool-3-thread-4
 message  {Id=66885af3-2171-4cf0-b344-17da7fc76fb7,FirstNumber=988,secondNumber=1537}  added by thread pool-3-thread-6
 message  {Id=66885af3-2171-4cf0-b344-17da7fc76fb7,FirstNumber=988,secondNumber=1537}  written to file by thread pool-3-thread-5
 message  {Id=aeb30aaa-8a62-44e4-80c9-8ab46a37933a,FirstNumber=199,secondNumber=655}  added by thread pool-3-thread-6
 message  {Id=aeb30aaa-8a62-44e4-80c9-8ab46a37933a,FirstNumber=199,secondNumber=655}  written to file by thread pool-3-thread-2
 message  {Id=6d1c13e0-2479-4cc6-949d-7373d1eb5a94,FirstNumber=7,secondNumber=1167}  added by thread pool-3-thread-6
 message  {Id=6d1c13e0-2479-4cc6-949d-7373d1eb5a94,FirstNumber=7,secondNumber=1167}  written to file by thread pool-3-thread-1
 message  {Id=db0c3043-bfcf-458d-a1d1-6f4a8046b829,FirstNumber=328,secondNumber=727}  added by thread pool-3-thread-6
 message  {Id=db0c3043-bfcf-458d-a1d1-6f4a8046b829,FirstNumber=328,secondNumber=727}  written to file by thread pool-3-thread-1
 message  {Id=d16b0870-d156-4e8f-bc11-370b9969baa5,FirstNumber=469,secondNumber=1725}  added by thread pool-3-thread-6
 message  {Id=d16b0870-d156-4e8f-bc11-370b9969baa5,FirstNumber=469,secondNumber=1725}  written to file by thread pool-3-thread-4
 message  {Id=4e451feb-41be-4e54-b850-abe8418edf6c,FirstNumber=111,secondNumber=924}  added by thread pool-3-thread-6
 message  {Id=4e451feb-41be-4e54-b850-abe8418edf6c,FirstNumber=111,secondNumber=924}  written to file by thread pool-3-thread-5
 message  {Id=a35241a2-efbe-4df2-954d-40539f40e59d,FirstNumber=707,secondNumber=679}  added by thread pool-3-thread-6
 message  {Id=a35241a2-efbe-4df2-954d-40539f40e59d,FirstNumber=707,secondNumber=679}  written to file by thread pool-3-thread-2
 message  {Id=dfc02d95-1c4c-4e4e-921a-7d3167ede36b,FirstNumber=438,secondNumber=563}  added by thread pool-3-thread-6
 message  {Id=dfc02d95-1c4c-4e4e-921a-7d3167ede36b,FirstNumber=438,secondNumber=563}  written to file by thread pool-3-thread-3
 message  {Id=e7b11e67-697b-4722-aa67-db2192cba018,FirstNumber=226,secondNumber=799}  added by thread pool-3-thread-6
 message  {Id=e7b11e67-697b-4722-aa67-db2192cba018,FirstNumber=226,secondNumber=799}  written to file by thread pool-3-thread-1
 message  {Id=66f98776-7df2-4b02-b906-cb4b587559a6,FirstNumber=601,secondNumber=1029}  added by thread pool-3-thread-6
 message  {Id=66f98776-7df2-4b02-b906-cb4b587559a6,FirstNumber=601,secondNumber=1029}  written to file by thread pool-3-thread-4
 message  {Id=bcb1f8b4-6a2b-40f7-932d-653a88b98c8d,FirstNumber=379,secondNumber=521}  added by thread pool-3-thread-6
 message  {Id=bcb1f8b4-6a2b-40f7-932d-653a88b98c8d,FirstNumber=379,secondNumber=521}  written to file by thread pool-3-thread-5
 message  {Id=a84e6677-05f7-460c-9191-91c7b49970a1,FirstNumber=791,secondNumber=192}  added by thread pool-3-thread-6
 message  {Id=a84e6677-05f7-460c-9191-91c7b49970a1,FirstNumber=791,secondNumber=192}  written to file by thread pool-3-thread-2
 message  {Id=f06ff8c4-c7c6-422d-9d28-b78d8aae0845,FirstNumber=576,secondNumber=1006}  added by thread pool-3-thread-6
 message  {Id=f06ff8c4-c7c6-422d-9d28-b78d8aae0845,FirstNumber=576,secondNumber=1006}  written to file by thread pool-3-thread-3
 message  {Id=e39eb0c5-bcd8-48c5-ab05-f5ebd283ee07,FirstNumber=969,secondNumber=1793}  added by thread pool-3-thread-6
 message  {Id=e39eb0c5-bcd8-48c5-ab05-f5ebd283ee07,FirstNumber=969,secondNumber=1793}  written to file by thread pool-3-thread-1
 message  {Id=b4eb182c-e5e4-475a-86d9-5c403cb56646,FirstNumber=891,secondNumber=728}  added by thread pool-3-thread-6
 message  {Id=b4eb182c-e5e4-475a-86d9-5c403cb56646,FirstNumber=891,secondNumber=728}  written to file by thread pool-3-thread-4
 message  {Id=e6b7cbda-4e9f-488f-abe8-99c9d3ad0b2a,FirstNumber=246,secondNumber=636}  added by thread pool-3-thread-6
 message  {Id=e6b7cbda-4e9f-488f-abe8-99c9d3ad0b2a,FirstNumber=246,secondNumber=636}  written to file by thread pool-3-thread-5
 message  {Id=b890d74b-d93d-4ade-a875-816544791381,FirstNumber=528,secondNumber=1099}  added by thread pool-3-thread-6
 message  {Id=b890d74b-d93d-4ade-a875-816544791381,FirstNumber=528,secondNumber=1099}  written to file by thread pool-3-thread-2
 message  {Id=25cf3480-9792-4f59-bd5f-b1768d5feb30,FirstNumber=385,secondNumber=1407}  added by thread pool-3-thread-6
 message  {Id=25cf3480-9792-4f59-bd5f-b1768d5feb30,FirstNumber=385,secondNumber=1407}  written to file by thread pool-3-thread-3
 message  {Id=3a98d4a0-bb9a-4994-89a0-93c4bb4bb1c3,FirstNumber=680,secondNumber=1139}  added by thread pool-3-thread-6
 message  {Id=3a98d4a0-bb9a-4994-89a0-93c4bb4bb1c3,FirstNumber=680,secondNumber=1139}  written to file by thread pool-3-thread-1
 message  {Id=11fc1152-b4b7-4341-af9c-4175a832729c,FirstNumber=17,secondNumber=590}  added by thread pool-3-thread-6
 message  {Id=53bff86f-3043-4197-91e0-2d74bf5aa47d,FirstNumber=565,secondNumber=444}  added by thread pool-3-thread-6
 message  {Id=11fc1152-b4b7-4341-af9c-4175a832729c,FirstNumber=17,secondNumber=590}  written to file by thread pool-3-thread-4
 message  {Id=beb1ecd4-9e76-437d-8b16-e73470fb4efe,FirstNumber=965,secondNumber=610}  added by thread pool-3-thread-6
 message  {Id=53bff86f-3043-4197-91e0-2d74bf5aa47d,FirstNumber=565,secondNumber=444}  written to file by thread pool-3-thread-5
 message  {Id=3a97d218-97ff-435a-88b4-e82aab774d6c,FirstNumber=989,secondNumber=870}  added by thread pool-3-thread-6
 message  {Id=beb1ecd4-9e76-437d-8b16-e73470fb4efe,FirstNumber=965,secondNumber=610}  written to file by thread pool-3-thread-2
 message  {Id=3a97d218-97ff-435a-88b4-e82aab774d6c,FirstNumber=989,secondNumber=870}  written to file by thread pool-3-thread-3
 message  {Id=c7cae048-38c0-4f6b-8751-028c39f9dbdb,FirstNumber=99,secondNumber=209}  added by thread pool-3-thread-6
 message  {Id=c7cae048-38c0-4f6b-8751-028c39f9dbdb,FirstNumber=99,secondNumber=209}  written to file by thread pool-3-thread-1
 message  {Id=3f4ebe8b-04f0-4cd0-9f03-bb828e088590,FirstNumber=668,secondNumber=1131}  added by thread pool-3-thread-6
 message  {Id=3f4ebe8b-04f0-4cd0-9f03-bb828e088590,FirstNumber=668,secondNumber=1131}  written to file by thread pool-3-thread-4
 message  {Id=07eab6c8-99a0-4ab0-a7c4-ffd0c7e45d2e,FirstNumber=296,secondNumber=462}  added by thread pool-3-thread-6
 message  {Id=07eab6c8-99a0-4ab0-a7c4-ffd0c7e45d2e,FirstNumber=296,secondNumber=462}  written to file by thread pool-3-thread-5
 message  {Id=934854d7-c6bc-4916-aaee-d96ba2ba24f1,FirstNumber=542,secondNumber=1577}  added by thread pool-3-thread-6
 message  {Id=934854d7-c6bc-4916-aaee-d96ba2ba24f1,FirstNumber=542,secondNumber=1577}  written to file by thread pool-3-thread-2
 message  {Id=13133d1f-d2af-412c-9b94-3cd3f117051e,FirstNumber=972,secondNumber=1114}  added by thread pool-3-thread-6
 message  {Id=13133d1f-d2af-412c-9b94-3cd3f117051e,FirstNumber=972,secondNumber=1114}  written to file by thread pool-3-thread-3
 message  {Id=a7451d62-5200-41f4-8368-866d8772af18,FirstNumber=753,secondNumber=1698}  added by thread pool-3-thread-6
 message  {Id=a7451d62-5200-41f4-8368-866d8772af18,FirstNumber=753,secondNumber=1698}  written to file by thread pool-3-thread-1
 message  {Id=e1b483ff-d573-4904-a54f-db788f8e63a5,FirstNumber=644,secondNumber=1560}  added by thread pool-3-thread-6
 message  {Id=e1b483ff-d573-4904-a54f-db788f8e63a5,FirstNumber=644,secondNumber=1560}  written to file by thread pool-3-thread-4
 message  {Id=19982e89-e50f-4b49-87b2-c3fe9d0ca956,FirstNumber=499,secondNumber=1362}  added by thread pool-3-thread-6
 message  {Id=cdf954b7-e51a-4db4-9ab6-8a425af37465,FirstNumber=653,secondNumber=700}  added by thread pool-3-thread-6
 message  {Id=19982e89-e50f-4b49-87b2-c3fe9d0ca956,FirstNumber=499,secondNumber=1362}  written to file by thread pool-3-thread-5
 message  {Id=40c6b23c-3001-436c-99b0-9931f148ae45,FirstNumber=372,secondNumber=903}  added by thread pool-3-thread-6
 message  {Id=cdf954b7-e51a-4db4-9ab6-8a425af37465,FirstNumber=653,secondNumber=700}  written to file by thread pool-3-thread-2
 message  {Id=1f7b254b-35b8-4945-bb17-00afc5d17174,FirstNumber=120,secondNumber=159}  added by thread pool-3-thread-6
 message  {Id=40c6b23c-3001-436c-99b0-9931f148ae45,FirstNumber=372,secondNumber=903}  written to file by thread pool-3-thread-3
 message  {Id=606e83f7-361d-4350-852b-dea2566c4423,FirstNumber=803,secondNumber=516}  added by thread pool-3-thread-6
 message  {Id=1f7b254b-35b8-4945-bb17-00afc5d17174,FirstNumber=120,secondNumber=159}  written to file by thread pool-3-thread-1
 message  {Id=180b48bb-e4d3-4ea1-ba76-494d8eb12ebe,FirstNumber=780,secondNumber=1752}  added by thread pool-3-thread-6
 message  {Id=606e83f7-361d-4350-852b-dea2566c4423,FirstNumber=803,secondNumber=516}  written to file by thread pool-3-thread-4
 message  {Id=cb7fa05f-aef0-4528-ab8f-d293aef1c105,FirstNumber=566,secondNumber=1103}  added by thread pool-3-thread-6
 message  {Id=180b48bb-e4d3-4ea1-ba76-494d8eb12ebe,FirstNumber=780,secondNumber=1752}  written to file by thread pool-3-thread-1
 message  {Id=bec6abe9-c781-47d5-b7b3-58dc97ee8153,FirstNumber=28,secondNumber=1791}  added by thread pool-3-thread-6
 message  {Id=cb7fa05f-aef0-4528-ab8f-d293aef1c105,FirstNumber=566,secondNumber=1103}  written to file by thread pool-3-thread-2
 message  {Id=4d65ab90-e5d5-48b2-92b3-b06040fbb29c,FirstNumber=248,secondNumber=572}  added by thread pool-3-thread-6
 message  {Id=bec6abe9-c781-47d5-b7b3-58dc97ee8153,FirstNumber=28,secondNumber=1791}  written to file by thread pool-3-thread-3
 message  {Id=9822a125-e8fd-407d-bc30-10eeba7af653,FirstNumber=395,secondNumber=402}  added by thread pool-3-thread-6
 message  {Id=4d65ab90-e5d5-48b2-92b3-b06040fbb29c,FirstNumber=248,secondNumber=572}  written to file by thread pool-3-thread-2
 message  {Id=6bd5a57a-ec71-4584-898b-6b5cef14eb75,FirstNumber=109,secondNumber=486}  added by thread pool-3-thread-6
 message  {Id=9822a125-e8fd-407d-bc30-10eeba7af653,FirstNumber=395,secondNumber=402}  written to file by thread pool-3-thread-4
 message  {Id=6bd5a57a-ec71-4584-898b-6b5cef14eb75,FirstNumber=109,secondNumber=486}  written to file by thread pool-3-thread-1
 message  {Id=fae9d54d-6c8c-40f9-9e5e-133a18d2c786,FirstNumber=603,secondNumber=1973}  added by thread pool-3-thread-6
 message  {Id=fae9d54d-6c8c-40f9-9e5e-133a18d2c786,FirstNumber=603,secondNumber=1973}  written to file by thread pool-3-thread-5
 message  {Id=10235b25-97d1-41ad-baaa-7a15fdf1ef10,FirstNumber=412,secondNumber=686}  added by thread pool-3-thread-6
 message  {Id=10235b25-97d1-41ad-baaa-7a15fdf1ef10,FirstNumber=412,secondNumber=686}  written to file by thread pool-3-thread-3
 message  {Id=9e4e9d0a-2702-4fd9-9282-f15d843789e9,FirstNumber=224,secondNumber=1783}  added by thread pool-3-thread-6
 message  {Id=9e4e9d0a-2702-4fd9-9282-f15d843789e9,FirstNumber=224,secondNumber=1783}  written to file by thread pool-3-thread-2
 message  {Id=7e3e18eb-a3f4-4f1b-a67b-7b09034f8fbe,FirstNumber=611,secondNumber=1650}  added by thread pool-3-thread-6
 message  {Id=7e3e18eb-a3f4-4f1b-a67b-7b09034f8fbe,FirstNumber=611,secondNumber=1650}  written to file by thread pool-3-thread-4
 message  {Id=02223618-e686-45f9-bd83-eff974964a10,FirstNumber=122,secondNumber=1908}  added by thread pool-3-thread-6
 message  {Id=02223618-e686-45f9-bd83-eff974964a10,FirstNumber=122,secondNumber=1908}  written to file by thread pool-3-thread-1
 message  {Id=b26098cc-d5e8-4c53-8d0e-808f46419ab3,FirstNumber=949,secondNumber=1891}  added by thread pool-3-thread-6
 message  {Id=6342d8bb-2496-4431-bb2f-49dc399df668,FirstNumber=54,secondNumber=1522}  added by thread pool-3-thread-6
 message  {Id=b26098cc-d5e8-4c53-8d0e-808f46419ab3,FirstNumber=949,secondNumber=1891}  written to file by thread pool-3-thread-5
 message  {Id=ca5aa16c-27aa-49d4-951c-f6a4fa209ebf,FirstNumber=404,secondNumber=400}  added by thread pool-3-thread-6
 message  {Id=6342d8bb-2496-4431-bb2f-49dc399df668,FirstNumber=54,secondNumber=1522}  written to file by thread pool-3-thread-3
 message  {Id=6526aedc-8cc7-46e0-8cef-d282fea26ebd,FirstNumber=834,secondNumber=1804}  added by thread pool-3-thread-6
 message  {Id=ca5aa16c-27aa-49d4-951c-f6a4fa209ebf,FirstNumber=404,secondNumber=400}  written to file by thread pool-3-thread-2
 message  {Id=c7712345-d567-4ad4-ae58-340980698986,FirstNumber=579,secondNumber=1251}  added by thread pool-3-thread-6
 message  {Id=dc874c44-b68c-48e2-a743-f9f739862c79,FirstNumber=822,secondNumber=1744}  added by thread pool-3-thread-6
 message  {Id=6526aedc-8cc7-46e0-8cef-d282fea26ebd,FirstNumber=834,secondNumber=1804}  written to file by thread pool-3-thread-4
 message  {Id=c7712345-d567-4ad4-ae58-340980698986,FirstNumber=579,secondNumber=1251}  written to file by thread pool-3-thread-1
 message  {Id=36b0a868-0a55-4db2-a334-5a66ccb59570,FirstNumber=405,secondNumber=1329}  added by thread pool-3-thread-6
 message  {Id=dc874c44-b68c-48e2-a743-f9f739862c79,FirstNumber=822,secondNumber=1744}  written to file by thread pool-3-thread-5
 message  {Id=0682bd93-77ed-4542-acce-35b3be07bfe9,FirstNumber=226,secondNumber=414}  added by thread pool-3-thread-6
 message  {Id=36b0a868-0a55-4db2-a334-5a66ccb59570,FirstNumber=405,secondNumber=1329}  written to file by thread pool-3-thread-3
 message  {Id=79efe3c7-1d37-4d20-a34e-7da6691903ff,FirstNumber=256,secondNumber=232}  added by thread pool-3-thread-6
 message  {Id=0682bd93-77ed-4542-acce-35b3be07bfe9,FirstNumber=226,secondNumber=414}  written to file by thread pool-3-thread-2
 message  {Id=871b2d60-20dc-4e42-bb90-2f1d8a05a5b8,FirstNumber=724,secondNumber=1107}  added by thread pool-3-thread-6
 message  {Id=79efe3c7-1d37-4d20-a34e-7da6691903ff,FirstNumber=256,secondNumber=232}  written to file by thread pool-3-thread-4
 message  {Id=fbf73d32-289b-445f-807b-5216f1b7d5d5,FirstNumber=688,secondNumber=1429}  added by thread pool-3-thread-6
 message  {Id=871b2d60-20dc-4e42-bb90-2f1d8a05a5b8,FirstNumber=724,secondNumber=1107}  written to file by thread pool-3-thread-1
 message  {Id=d043bdc1-ee2c-46ec-8c9f-bd95aa39fd40,FirstNumber=154,secondNumber=1160}  added by thread pool-3-thread-6
 message  {Id=fbf73d32-289b-445f-807b-5216f1b7d5d5,FirstNumber=688,secondNumber=1429}  written to file by thread pool-3-thread-5
 message  {Id=a2e8fbe4-f3f3-4252-a3ff-40ea550a53e9,FirstNumber=4,secondNumber=1652}  added by thread pool-3-thread-6
 message  {Id=d043bdc1-ee2c-46ec-8c9f-bd95aa39fd40,FirstNumber=154,secondNumber=1160}  written to file by thread pool-3-thread-3
 message  {Id=59569b82-d628-47b8-9796-ef0513f8e1fa,FirstNumber=356,secondNumber=1075}  added by thread pool-3-thread-6
 message  {Id=a2e8fbe4-f3f3-4252-a3ff-40ea550a53e9,FirstNumber=4,secondNumber=1652}  written to file by thread pool-3-thread-2
 message  {Id=b82eb56c-861a-452c-9fda-e6e946d73f69,FirstNumber=701,secondNumber=149}  added by thread pool-3-thread-6
 message  {Id=59569b82-d628-47b8-9796-ef0513f8e1fa,FirstNumber=356,secondNumber=1075}  written to file by thread pool-3-thread-3
 message  {Id=75f7f310-98d9-49cf-83dc-a5477f680ef9,FirstNumber=953,secondNumber=396}  added by thread pool-3-thread-6
 message  {Id=b82eb56c-861a-452c-9fda-e6e946d73f69,FirstNumber=701,secondNumber=149}  written to file by thread pool-3-thread-1
 message  {Id=75f7f310-98d9-49cf-83dc-a5477f680ef9,FirstNumber=953,secondNumber=396}  written to file by thread pool-3-thread-5
 message  {Id=bd558662-c083-4005-a58e-1a7161b30da9,FirstNumber=559,secondNumber=434}  added by thread pool-3-thread-6
 message  {Id=bd558662-c083-4005-a58e-1a7161b30da9,FirstNumber=559,secondNumber=434}  written to file by thread pool-3-thread-4
 message  {Id=adb144d0-d4ee-4172-bffe-da2c3dd22bc5,FirstNumber=838,secondNumber=533}  added by thread pool-3-thread-6
 message  {Id=adb144d0-d4ee-4172-bffe-da2c3dd22bc5,FirstNumber=838,secondNumber=533}  written to file by thread pool-3-thread-2
 message  {Id=949ec25b-e9da-44e5-aeff-86284aeeb3ac,FirstNumber=38,secondNumber=426}  added by thread pool-3-thread-6
 message  {Id=63cb14a5-2ee6-4ab6-868d-e0b11d0d85d3,FirstNumber=317,secondNumber=1726}  added by thread pool-3-thread-6
 message  {Id=949ec25b-e9da-44e5-aeff-86284aeeb3ac,FirstNumber=38,secondNumber=426}  written to file by thread pool-3-thread-3
 message  {Id=181b383c-ea50-4dee-a1df-b7adfc6bb2f9,FirstNumber=618,secondNumber=1449}  added by thread pool-3-thread-6
 message  {Id=63cb14a5-2ee6-4ab6-868d-e0b11d0d85d3,FirstNumber=317,secondNumber=1726}  written to file by thread pool-3-thread-1
 message  {Id=181b383c-ea50-4dee-a1df-b7adfc6bb2f9,FirstNumber=618,secondNumber=1449}  written to file by thread pool-3-thread-5
 message  {Id=a72dcf23-a209-47f3-a316-2c27fa87f2a8,FirstNumber=998,secondNumber=446}  added by thread pool-3-thread-6
 message  {Id=af7f67f2-6c41-4a35-ab6a-9bf8e8a78809,FirstNumber=972,secondNumber=1059}  added by thread pool-3-thread-6
 message  {Id=a72dcf23-a209-47f3-a316-2c27fa87f2a8,FirstNumber=998,secondNumber=446}  written to file by thread pool-3-thread-4
 message  {Id=af7f67f2-6c41-4a35-ab6a-9bf8e8a78809,FirstNumber=972,secondNumber=1059}  written to file by thread pool-3-thread-2
 message  {Id=49566a1d-903a-4062-8b13-3d3f5050d771,FirstNumber=882,secondNumber=1573}  added by thread pool-3-thread-6
 message  {Id=49566a1d-903a-4062-8b13-3d3f5050d771,FirstNumber=882,secondNumber=1573}  written to file by thread pool-3-thread-3
 message  {Id=381cb026-1cf2-4044-acab-83de6b0b3f3f,FirstNumber=707,secondNumber=1380}  added by thread pool-3-thread-6
 message  {Id=381cb026-1cf2-4044-acab-83de6b0b3f3f,FirstNumber=707,secondNumber=1380}  written to file by thread pool-3-thread-1
 message  {Id=693ea030-f30a-41f5-a981-17fd400446bc,FirstNumber=262,secondNumber=268}  added by thread pool-3-thread-6
 message  {Id=693ea030-f30a-41f5-a981-17fd400446bc,FirstNumber=262,secondNumber=268}  written to file by thread pool-3-thread-5
 message  {Id=ce7d2480-0efe-4de4-b301-6b9556c2dc9c,FirstNumber=441,secondNumber=1044}  added by thread pool-3-thread-6
 message  {Id=ce7d2480-0efe-4de4-b301-6b9556c2dc9c,FirstNumber=441,secondNumber=1044}  written to file by thread pool-3-thread-4
 message  {Id=a3cabe27-9e9f-418e-894b-3e38f1de5b7e,FirstNumber=135,secondNumber=468}  added by thread pool-3-thread-6
 message  {Id=a3cabe27-9e9f-418e-894b-3e38f1de5b7e,FirstNumber=135,secondNumber=468}  written to file by thread pool-3-thread-2
 message  {Id=c23dd9f2-4f9b-47fb-ba02-55b72a85f332,FirstNumber=975,secondNumber=1191}  added by thread pool-3-thread-6
 message  {Id=068106a0-4e77-4b49-9eba-261522c443a2,FirstNumber=729,secondNumber=1292}  added by thread pool-3-thread-6
 message  {Id=c23dd9f2-4f9b-47fb-ba02-55b72a85f332,FirstNumber=975,secondNumber=1191}  written to file by thread pool-3-thread-3
 message  {Id=068106a0-4e77-4b49-9eba-261522c443a2,FirstNumber=729,secondNumber=1292}  written to file by thread pool-3-thread-1
 message  {Id=55ab981e-b400-45d9-be3b-31321e6e7e32,FirstNumber=568,secondNumber=1086}  added by thread pool-3-thread-6
 message  {Id=55ab981e-b400-45d9-be3b-31321e6e7e32,FirstNumber=568,secondNumber=1086}  written to file by thread pool-3-thread-5
 message  {Id=1564283a-08e4-4060-823d-bf064258b39b,FirstNumber=161,secondNumber=1065}  added by thread pool-3-thread-6
 message  {Id=1564283a-08e4-4060-823d-bf064258b39b,FirstNumber=161,secondNumber=1065}  written to file by thread pool-3-thread-4
 message  {Id=1ce636ac-254a-420e-b822-2abde7d41028,FirstNumber=662,secondNumber=1677}  added by thread pool-3-thread-6
 message  {Id=1ce636ac-254a-420e-b822-2abde7d41028,FirstNumber=662,secondNumber=1677}  written to file by thread pool-3-thread-2
 message  {Id=7843902e-74cd-4b00-9018-b2f5ca61c4dc,FirstNumber=170,secondNumber=18}  added by thread pool-3-thread-6
 message  {Id=7a164a34-56f2-4f98-89cf-8359db755b98,FirstNumber=912,secondNumber=766}  added by thread pool-3-thread-6
 message  {Id=7843902e-74cd-4b00-9018-b2f5ca61c4dc,FirstNumber=170,secondNumber=18}  written to file by thread pool-3-thread-3
 message  {Id=7a164a34-56f2-4f98-89cf-8359db755b98,FirstNumber=912,secondNumber=766}  written to file by thread pool-3-thread-1
 message  {Id=c1c7b4a1-d01e-413d-bb6d-b41bb04cb2a8,FirstNumber=379,secondNumber=1335}  added by thread pool-3-thread-6
 message  {Id=c1c7b4a1-d01e-413d-bb6d-b41bb04cb2a8,FirstNumber=379,secondNumber=1335}  written to file by thread pool-3-thread-5
 message  {Id=e1eb78e4-fd45-4fe4-9e96-c11d56e6c57e,FirstNumber=467,secondNumber=1341}  added by thread pool-3-thread-6
 message  {Id=001bcb4f-1e88-4172-b556-099870feb8ff,FirstNumber=651,secondNumber=135}  added by thread pool-3-thread-6
 message  {Id=e1eb78e4-fd45-4fe4-9e96-c11d56e6c57e,FirstNumber=467,secondNumber=1341}  written to file by thread pool-3-thread-4
 message  {Id=2366f464-9351-49a3-a45e-4ed50f5ab2ee,FirstNumber=572,secondNumber=1861}  added by thread pool-3-thread-6
 message  {Id=001bcb4f-1e88-4172-b556-099870feb8ff,FirstNumber=651,secondNumber=135}  written to file by thread pool-3-thread-2
 message  {Id=ba20f739-1b9d-406b-b795-7e4d2d5ad23d,FirstNumber=422,secondNumber=862}  added by thread pool-3-thread-6
 message  {Id=2366f464-9351-49a3-a45e-4ed50f5ab2ee,FirstNumber=572,secondNumber=1861}  written to file by thread pool-3-thread-4
 message  {Id=e5285c18-fd52-4400-9a3e-c1cd49f15958,FirstNumber=18,secondNumber=1465}  added by thread pool-3-thread-6
 message  {Id=ba20f739-1b9d-406b-b795-7e4d2d5ad23d,FirstNumber=422,secondNumber=862}  written to file by thread pool-3-thread-1
 message  {Id=e503e9e4-ac9d-458d-bc4a-54ad2d8ed193,FirstNumber=984,secondNumber=491}  added by thread pool-3-thread-6
 message  {Id=e5285c18-fd52-4400-9a3e-c1cd49f15958,FirstNumber=18,secondNumber=1465}  written to file by thread pool-3-thread-5
 message  {Id=a0f09ff8-1382-4ea3-917b-809ff40b69af,FirstNumber=786,secondNumber=860}  added by thread pool-3-thread-6
 message  {Id=e503e9e4-ac9d-458d-bc4a-54ad2d8ed193,FirstNumber=984,secondNumber=491}  written to file by thread pool-3-thread-3
 message  {Id=4763431a-72d3-432c-9517-c4c79ea2badd,FirstNumber=427,secondNumber=13}  added by thread pool-3-thread-6
 message  {Id=a0f09ff8-1382-4ea3-917b-809ff40b69af,FirstNumber=786,secondNumber=860}  written to file by thread pool-3-thread-5
 message  {Id=db373a79-3ad0-4508-a7b9-35f73b9d5f86,FirstNumber=769,secondNumber=957}  added by thread pool-3-thread-6
 message  {Id=4763431a-72d3-432c-9517-c4c79ea2badd,FirstNumber=427,secondNumber=13}  written to file by thread pool-3-thread-4
 message  {Id=5bb371b9-3563-4399-b92f-9d7aab8a4533,FirstNumber=377,secondNumber=933}  added by thread pool-3-thread-6
 message  {Id=db373a79-3ad0-4508-a7b9-35f73b9d5f86,FirstNumber=769,secondNumber=957}  written to file by thread pool-3-thread-5
 message  {Id=22be3b27-8d4f-447c-b6e0-03e4ab3e6ed2,FirstNumber=677,secondNumber=1388}  added by thread pool-3-thread-6
 message  {Id=5bb371b9-3563-4399-b92f-9d7aab8a4533,FirstNumber=377,secondNumber=933}  written to file by thread pool-3-thread-2
 message  {Id=22be3b27-8d4f-447c-b6e0-03e4ab3e6ed2,FirstNumber=677,secondNumber=1388}  written to file by thread pool-3-thread-3
 message  {Id=cd39431f-dc12-4ef4-b6d0-0a740b87f177,FirstNumber=277,secondNumber=1383}  added by thread pool-3-thread-6
 message  {Id=cd39431f-dc12-4ef4-b6d0-0a740b87f177,FirstNumber=277,secondNumber=1383}  written to file by thread pool-3-thread-1
 message  {Id=b3bafe2e-ad4a-458f-9b87-0b66507954ac,FirstNumber=65,secondNumber=1191}  added by thread pool-3-thread-6
 message  {Id=b3bafe2e-ad4a-458f-9b87-0b66507954ac,FirstNumber=65,secondNumber=1191}  written to file by thread pool-3-thread-4
 message  {Id=890a99dd-6326-45db-a447-63e62ca88763,FirstNumber=410,secondNumber=674}  added by thread pool-3-thread-6
 message  {Id=890a99dd-6326-45db-a447-63e62ca88763,FirstNumber=410,secondNumber=674}  written to file by thread pool-3-thread-5
 message  {Id=fe0644e1-7bb9-4025-8a4c-037ede56b3ff,FirstNumber=786,secondNumber=1754}  added by thread pool-3-thread-6
 message  {Id=fe0644e1-7bb9-4025-8a4c-037ede56b3ff,FirstNumber=786,secondNumber=1754}  written to file by thread pool-3-thread-2
 message  {Id=ea31082d-32f4-43fe-ab5a-df5f93d5ea6d,FirstNumber=65,secondNumber=1481}  added by thread pool-3-thread-6
 message  {Id=ea31082d-32f4-43fe-ab5a-df5f93d5ea6d,FirstNumber=65,secondNumber=1481}  written to file by thread pool-3-thread-3
 message  {Id=706da2a9-93d5-4ba0-8c42-630e40e2a068,FirstNumber=461,secondNumber=233}  added by thread pool-3-thread-6
 message  {Id=706da2a9-93d5-4ba0-8c42-630e40e2a068,FirstNumber=461,secondNumber=233}  written to file by thread pool-3-thread-1
 message  {Id=0d1df4fd-dfcf-4dc4-a202-af499a3ac045,FirstNumber=486,secondNumber=908}  added by thread pool-3-thread-6
 message  {Id=0d1df4fd-dfcf-4dc4-a202-af499a3ac045,FirstNumber=486,secondNumber=908}  written to file by thread pool-3-thread-4
 message  {Id=0e6b0075-ee10-4559-965a-a2a82cb0a4e6,FirstNumber=332,secondNumber=1544}  added by thread pool-3-thread-6
 message  {Id=0e6b0075-ee10-4559-965a-a2a82cb0a4e6,FirstNumber=332,secondNumber=1544}  written to file by thread pool-3-thread-5
 message  {Id=955ac132-d2f5-4958-84b9-20bba261c2d0,FirstNumber=943,secondNumber=829}  added by thread pool-3-thread-6
 message  {Id=cf1ac006-7a66-4483-bde6-5e139eb87e4d,FirstNumber=365,secondNumber=452}  added by thread pool-3-thread-6
 message  {Id=955ac132-d2f5-4958-84b9-20bba261c2d0,FirstNumber=943,secondNumber=829}  written to file by thread pool-3-thread-2
 message  {Id=8a6ca019-e509-43e7-ad28-c53abbf6eba8,FirstNumber=745,secondNumber=82}  added by thread pool-3-thread-6
 message  {Id=cf1ac006-7a66-4483-bde6-5e139eb87e4d,FirstNumber=365,secondNumber=452}  written to file by thread pool-3-thread-3
 message  {Id=8a6ca019-e509-43e7-ad28-c53abbf6eba8,FirstNumber=745,secondNumber=82}  written to file by thread pool-3-thread-1
 message  {Id=d15b4f4f-7096-4f81-86a0-42e4b0d141ce,FirstNumber=8,secondNumber=1108}  added by thread pool-3-thread-6
 message  {Id=d15b4f4f-7096-4f81-86a0-42e4b0d141ce,FirstNumber=8,secondNumber=1108}  written to file by thread pool-3-thread-4
 message  {Id=dece5af0-85ed-4a22-8c97-b559f8f46def,FirstNumber=599,secondNumber=1861}  added by thread pool-3-thread-6
 message  {Id=dece5af0-85ed-4a22-8c97-b559f8f46def,FirstNumber=599,secondNumber=1861}  written to file by thread pool-3-thread-5
 message  {Id=4749dde6-ce37-44a7-9696-6e492997bc53,FirstNumber=630,secondNumber=741}  added by thread pool-3-thread-6
 message  {Id=d4602d38-4dd7-42b5-ae71-5c06d724e048,FirstNumber=605,secondNumber=873}  added by thread pool-3-thread-6
 message  {Id=4749dde6-ce37-44a7-9696-6e492997bc53,FirstNumber=630,secondNumber=741}  written to file by thread pool-3-thread-2
 message  {Id=b887c8c2-98e4-4ca8-85a6-908176c952a7,FirstNumber=793,secondNumber=1547}  added by thread pool-3-thread-6
 message  {Id=d4602d38-4dd7-42b5-ae71-5c06d724e048,FirstNumber=605,secondNumber=873}  written to file by thread pool-3-thread-3
 message  {Id=b887c8c2-98e4-4ca8-85a6-908176c952a7,FirstNumber=793,secondNumber=1547}  written to file by thread pool-3-thread-1
 message  {Id=d3c0555c-cf08-4030-985b-d84857219c3c,FirstNumber=439,secondNumber=1284}  added by thread pool-3-thread-6
 message  {Id=d3c0555c-cf08-4030-985b-d84857219c3c,FirstNumber=439,secondNumber=1284}  written to file by thread pool-3-thread-4
 message  {Id=bded7f13-69e9-4053-bcdb-aada3aacaa13,FirstNumber=596,secondNumber=1633}  added by thread pool-3-thread-6
 message  {Id=bded7f13-69e9-4053-bcdb-aada3aacaa13,FirstNumber=596,secondNumber=1633}  written to file by thread pool-3-thread-5
 message  {Id=d703edbc-de42-4a32-8cdd-39238bf45891,FirstNumber=939,secondNumber=1659}  added by thread pool-3-thread-6
 message  {Id=9db1fc75-a0cd-4a6c-b6fd-47894738d530,FirstNumber=141,secondNumber=115}  added by thread pool-3-thread-6
 message  {Id=d703edbc-de42-4a32-8cdd-39238bf45891,FirstNumber=939,secondNumber=1659}  written to file by thread pool-3-thread-2
 message  {Id=9db1fc75-a0cd-4a6c-b6fd-47894738d530,FirstNumber=141,secondNumber=115}  written to file by thread pool-3-thread-3
 message  {Id=802da684-b17e-40cc-9224-9f7935eb5a95,FirstNumber=957,secondNumber=1341}  added by thread pool-3-thread-6
 message  {Id=802da684-b17e-40cc-9224-9f7935eb5a95,FirstNumber=957,secondNumber=1341}  written to file by thread pool-3-thread-1
 message  {Id=a97f5c39-ea39-4f91-93be-b6797ee1d67b,FirstNumber=46,secondNumber=506}  added by thread pool-3-thread-6
 message  {Id=a97f5c39-ea39-4f91-93be-b6797ee1d67b,FirstNumber=46,secondNumber=506}  written to file by thread pool-3-thread-4
 message  {Id=274baf80-23b2-4c05-8817-65160a67ba39,FirstNumber=513,secondNumber=1331}  added by thread pool-3-thread-6
 message  {Id=274baf80-23b2-4c05-8817-65160a67ba39,FirstNumber=513,secondNumber=1331}  written to file by thread pool-3-thread-5
 message  {Id=3764ce34-9e00-407a-b30c-4acb59cccf38,FirstNumber=449,secondNumber=1648}  added by thread pool-3-thread-6
 message  {Id=3764ce34-9e00-407a-b30c-4acb59cccf38,FirstNumber=449,secondNumber=1648}  written to file by thread pool-3-thread-2
 message  {Id=60e481ec-c831-4814-9233-eb829c497ef0,FirstNumber=820,secondNumber=1443}  added by thread pool-3-thread-6
 message  {Id=60e481ec-c831-4814-9233-eb829c497ef0,FirstNumber=820,secondNumber=1443}  written to file by thread pool-3-thread-3
 message  {Id=7c02b9c9-1b03-45f2-bca6-67d5c57885f5,FirstNumber=962,secondNumber=111}  added by thread pool-3-thread-6
 message  {Id=7c02b9c9-1b03-45f2-bca6-67d5c57885f5,FirstNumber=962,secondNumber=111}  written to file by thread pool-3-thread-1
 message  {Id=23a2993e-3597-4bb9-a043-8c399eb9ee50,FirstNumber=391,secondNumber=274}  added by thread pool-3-thread-6
 message  {Id=23a2993e-3597-4bb9-a043-8c399eb9ee50,FirstNumber=391,secondNumber=274}  written to file by thread pool-3-thread-4
 message  {Id=37823b76-08bd-4a47-82e0-a34f3838b7f1,FirstNumber=827,secondNumber=323}  added by thread pool-3-thread-6
 message  {Id=37823b76-08bd-4a47-82e0-a34f3838b7f1,FirstNumber=827,secondNumber=323}  written to file by thread pool-3-thread-5
 message  {Id=49af80fa-464b-4af6-8c98-67a2ad3eda04,FirstNumber=662,secondNumber=61}  added by thread pool-3-thread-6
 message  {Id=49af80fa-464b-4af6-8c98-67a2ad3eda04,FirstNumber=662,secondNumber=61}  written to file by thread pool-3-thread-2
 message  {Id=4aee993b-ee84-4757-ad4a-bbf946c82965,FirstNumber=159,secondNumber=322}  added by thread pool-3-thread-6
 message  {Id=4aee993b-ee84-4757-ad4a-bbf946c82965,FirstNumber=159,secondNumber=322}  written to file by thread pool-3-thread-3
 message  {Id=00ebbff1-1d55-4a9d-bafb-eacf45925636,FirstNumber=499,secondNumber=1524}  added by thread pool-3-thread-6
 message  {Id=00ebbff1-1d55-4a9d-bafb-eacf45925636,FirstNumber=499,secondNumber=1524}  written to file by thread pool-3-thread-1
 message  {Id=86a3b1f6-b992-4baa-9692-d3a0c22a8f8c,FirstNumber=360,secondNumber=369}  added by thread pool-3-thread-6
 message  {Id=86a3b1f6-b992-4baa-9692-d3a0c22a8f8c,FirstNumber=360,secondNumber=369}  written to file by thread pool-3-thread-4
 message  {Id=91f11f02-a1e8-423b-9521-ac3b4946734e,FirstNumber=435,secondNumber=1452}  added by thread pool-3-thread-6
 message  {Id=91f11f02-a1e8-423b-9521-ac3b4946734e,FirstNumber=435,secondNumber=1452}  written to file by thread pool-3-thread-5
 message  {Id=da50f2b7-8a5c-48e6-8a40-e59504e9af37,FirstNumber=320,secondNumber=1141}  added by thread pool-3-thread-6
 message  {Id=da50f2b7-8a5c-48e6-8a40-e59504e9af37,FirstNumber=320,secondNumber=1141}  written to file by thread pool-3-thread-2
 message  {Id=bdd1a90b-00b6-44f1-93c2-7375e85e6cf6,FirstNumber=121,secondNumber=851}  added by thread pool-3-thread-6
 message  {Id=f579a273-97fe-48fc-9215-a7fb60b9147a,FirstNumber=269,secondNumber=930}  added by thread pool-3-thread-6
 message  {Id=bdd1a90b-00b6-44f1-93c2-7375e85e6cf6,FirstNumber=121,secondNumber=851}  written to file by thread pool-3-thread-3
 message  {Id=3d6ed0dc-c1f3-4c10-b4a1-044bbe0ae609,FirstNumber=511,secondNumber=1576}  added by thread pool-3-thread-6
 message  {Id=f579a273-97fe-48fc-9215-a7fb60b9147a,FirstNumber=269,secondNumber=930}  written to file by thread pool-3-thread-1
 message  {Id=997cb63a-ded3-4afc-b6de-84e9aae9bcd3,FirstNumber=495,secondNumber=833}  added by thread pool-3-thread-6
 message  {Id=3d6ed0dc-c1f3-4c10-b4a1-044bbe0ae609,FirstNumber=511,secondNumber=1576}  written to file by thread pool-3-thread-4
 message  {Id=01a457b1-474f-4dd7-a2b8-eb978f7e91ec,FirstNumber=845,secondNumber=198}  added by thread pool-3-thread-6
 message  {Id=997cb63a-ded3-4afc-b6de-84e9aae9bcd3,FirstNumber=495,secondNumber=833}  written to file by thread pool-3-thread-5
 message  {Id=01a457b1-474f-4dd7-a2b8-eb978f7e91ec,FirstNumber=845,secondNumber=198}  written to file by thread pool-3-thread-2
 message  {Id=4c51940c-23ee-456e-8d11-aca9126057df,FirstNumber=162,secondNumber=1202}  added by thread pool-3-thread-6
 message  {Id=4c51940c-23ee-456e-8d11-aca9126057df,FirstNumber=162,secondNumber=1202}  written to file by thread pool-3-thread-3
 message  {Id=634b61d3-04f5-4a02-be2a-5e3ffe7b5bdd,FirstNumber=944,secondNumber=771}  added by thread pool-3-thread-6
 message  {Id=634b61d3-04f5-4a02-be2a-5e3ffe7b5bdd,FirstNumber=944,secondNumber=771}  written to file by thread pool-3-thread-1
 message  {Id=7f7e9012-7ab6-42c5-84c3-544565862990,FirstNumber=76,secondNumber=1857}  added by thread pool-3-thread-6
 message  {Id=7f7e9012-7ab6-42c5-84c3-544565862990,FirstNumber=76,secondNumber=1857}  written to file by thread pool-3-thread-4
 message  {Id=2edf62e9-41f4-4b72-9c4a-51887ef01cd0,FirstNumber=450,secondNumber=251}  added by thread pool-3-thread-6
 message  {Id=2edf62e9-41f4-4b72-9c4a-51887ef01cd0,FirstNumber=450,secondNumber=251}  written to file by thread pool-3-thread-5
 message  {Id=e8b3c416-56ef-4e89-9141-5485ee372d84,FirstNumber=801,secondNumber=1566}  added by thread pool-3-thread-6
 message  {Id=e8b3c416-56ef-4e89-9141-5485ee372d84,FirstNumber=801,secondNumber=1566}  written to file by thread pool-3-thread-2
 message  {Id=fb56da84-5330-4184-924c-1971c6bacd9a,FirstNumber=971,secondNumber=819}  added by thread pool-3-thread-6
 message  {Id=fb56da84-5330-4184-924c-1971c6bacd9a,FirstNumber=971,secondNumber=819}  written to file by thread pool-3-thread-3
 message  {Id=46b3bb1e-29ac-4f25-baaa-da585ca73644,FirstNumber=95,secondNumber=1979}  added by thread pool-3-thread-6
 message  {Id=46b3bb1e-29ac-4f25-baaa-da585ca73644,FirstNumber=95,secondNumber=1979}  written to file by thread pool-3-thread-1
 message  {Id=a78779cb-a1e5-4ab3-a671-5612a975d9a9,FirstNumber=603,secondNumber=13}  added by thread pool-3-thread-6
 message  {Id=0a7447a1-484a-4657-9bfd-4ab94294d41c,FirstNumber=781,secondNumber=611}  added by thread pool-3-thread-6
 message  {Id=a78779cb-a1e5-4ab3-a671-5612a975d9a9,FirstNumber=603,secondNumber=13}  written to file by thread pool-3-thread-4
 message  {Id=321ac35e-a812-4360-9646-0dff76746099,FirstNumber=616,secondNumber=1885}  added by thread pool-3-thread-6
 message  {Id=0a7447a1-484a-4657-9bfd-4ab94294d41c,FirstNumber=781,secondNumber=611}  written to file by thread pool-3-thread-5
 message  {Id=321ac35e-a812-4360-9646-0dff76746099,FirstNumber=616,secondNumber=1885}  written to file by thread pool-3-thread-2
 message  {Id=d9395b46-8a2a-426a-ad06-686bc4029583,FirstNumber=396,secondNumber=650}  added by thread pool-3-thread-6
 message  {Id=d9395b46-8a2a-426a-ad06-686bc4029583,FirstNumber=396,secondNumber=650}  written to file by thread pool-3-thread-3
 message  {Id=60a4e88d-cb08-4c2a-bb43-8bac5807707f,FirstNumber=568,secondNumber=466}  added by thread pool-3-thread-6
 message  {Id=60a4e88d-cb08-4c2a-bb43-8bac5807707f,FirstNumber=568,secondNumber=466}  written to file by thread pool-3-thread-1
 message  {Id=b817b8b6-5f8b-408e-a11b-fa1d434af7c7,FirstNumber=127,secondNumber=1823}  added by thread pool-3-thread-6
 message  {Id=b817b8b6-5f8b-408e-a11b-fa1d434af7c7,FirstNumber=127,secondNumber=1823}  written to file by thread pool-3-thread-4
 message  {Id=82968731-a0e8-4373-9b53-c7907ecd91dc,FirstNumber=892,secondNumber=1564}  added by thread pool-3-thread-6
 message  {Id=82968731-a0e8-4373-9b53-c7907ecd91dc,FirstNumber=892,secondNumber=1564}  written to file by thread pool-3-thread-5
 message  {Id=37bca33f-6383-4534-904f-366d781c1895,FirstNumber=12,secondNumber=180}  added by thread pool-3-thread-6
 message  {Id=37bca33f-6383-4534-904f-366d781c1895,FirstNumber=12,secondNumber=180}  written to file by thread pool-3-thread-2
 message  {Id=f7154112-c9a0-49d6-8113-50dd61aa3ecd,FirstNumber=566,secondNumber=1677}  added by thread pool-3-thread-6
 message  {Id=f7154112-c9a0-49d6-8113-50dd61aa3ecd,FirstNumber=566,secondNumber=1677}  written to file by thread pool-3-thread-3
 message  {Id=d47ed37d-62a4-4476-9d84-eb4bc4fe59da,FirstNumber=946,secondNumber=197}  added by thread pool-3-thread-6
 message  {Id=d47ed37d-62a4-4476-9d84-eb4bc4fe59da,FirstNumber=946,secondNumber=197}  written to file by thread pool-3-thread-1
 message  {Id=f05b15cc-56b0-41b5-aa08-bcdcaee8144a,FirstNumber=799,secondNumber=633}  added by thread pool-3-thread-6
 message  {Id=84694612-ebbf-41df-9684-111a808fcb53,FirstNumber=300,secondNumber=746}  added by thread pool-3-thread-6
 message  {Id=f05b15cc-56b0-41b5-aa08-bcdcaee8144a,FirstNumber=799,secondNumber=633}  written to file by thread pool-3-thread-4
 message  {Id=84694612-ebbf-41df-9684-111a808fcb53,FirstNumber=300,secondNumber=746}  written to file by thread pool-3-thread-5
 message  {Id=6a2791e7-9029-432c-bc80-d73ccb8770cd,FirstNumber=451,secondNumber=680}  added by thread pool-3-thread-6
 message  {Id=6a2791e7-9029-432c-bc80-d73ccb8770cd,FirstNumber=451,secondNumber=680}  written to file by thread pool-3-thread-2
 message  {Id=ac159445-eb50-46d5-b4ec-5efb7d3bc27e,FirstNumber=43,secondNumber=63}  added by thread pool-3-thread-6
 message  {Id=ac159445-eb50-46d5-b4ec-5efb7d3bc27e,FirstNumber=43,secondNumber=63}  written to file by thread pool-3-thread-3
 message  {Id=b745fb9c-7bc1-4fbe-9adf-5b105006d9a7,FirstNumber=653,secondNumber=1634}  added by thread pool-3-thread-6
 message  {Id=b745fb9c-7bc1-4fbe-9adf-5b105006d9a7,FirstNumber=653,secondNumber=1634}  written to file by thread pool-3-thread-1
 message  {Id=9b53e1f2-6086-47ec-a511-c43218f524c6,FirstNumber=42,secondNumber=1249}  added by thread pool-3-thread-6
 message  {Id=ba55d3ad-09fb-4a00-8591-cf3ba6bf3584,FirstNumber=498,secondNumber=948}  added by thread pool-3-thread-6
 message  {Id=9b53e1f2-6086-47ec-a511-c43218f524c6,FirstNumber=42,secondNumber=1249}  written to file by thread pool-3-thread-4
 message  {Id=ba55d3ad-09fb-4a00-8591-cf3ba6bf3584,FirstNumber=498,secondNumber=948}  written to file by thread pool-3-thread-5
 message  {Id=3a039c52-0341-42c9-904c-37ef23c7df9c,FirstNumber=422,secondNumber=1012}  added by thread pool-3-thread-6
 message  {Id=3a039c52-0341-42c9-904c-37ef23c7df9c,FirstNumber=422,secondNumber=1012}  written to file by thread pool-3-thread-2
 message  {Id=bafdf8e6-a979-4543-8afe-a78e5ace858f,FirstNumber=12,secondNumber=1251}  added by thread pool-3-thread-6
 message  {Id=bafdf8e6-a979-4543-8afe-a78e5ace858f,FirstNumber=12,secondNumber=1251}  written to file by thread pool-3-thread-3
 message  {Id=637f93d1-a8ee-4e55-8556-d0352c6408d2,FirstNumber=569,secondNumber=766}  added by thread pool-3-thread-6
 message  {Id=637f93d1-a8ee-4e55-8556-d0352c6408d2,FirstNumber=569,secondNumber=766}  written to file by thread pool-3-thread-1
 message  {Id=4685ccc4-2de1-49bf-9733-f1a45d2a0bd6,FirstNumber=356,secondNumber=394}  added by thread pool-3-thread-6
 message  {Id=2cfae08a-f283-450b-bb25-730b34c53d85,FirstNumber=676,secondNumber=509}  added by thread pool-3-thread-6
 message  {Id=4685ccc4-2de1-49bf-9733-f1a45d2a0bd6,FirstNumber=356,secondNumber=394}  written to file by thread pool-3-thread-4
 message  {Id=2cfae08a-f283-450b-bb25-730b34c53d85,FirstNumber=676,secondNumber=509}  written to file by thread pool-3-thread-5
 message  {Id=63ca4114-9a96-4f82-b231-cf89909d5f60,FirstNumber=494,secondNumber=1831}  added by thread pool-3-thread-6
 message  {Id=63ca4114-9a96-4f82-b231-cf89909d5f60,FirstNumber=494,secondNumber=1831}  written to file by thread pool-3-thread-2
 message  {Id=a20f62d8-c280-4019-985f-ce9c6fccfab9,FirstNumber=421,secondNumber=973}  added by thread pool-3-thread-6
 message  {Id=a20f62d8-c280-4019-985f-ce9c6fccfab9,FirstNumber=421,secondNumber=973}  written to file by thread pool-3-thread-3
 message  {Id=bce0c81a-aa5f-4cad-9f42-127ba2e9f09a,FirstNumber=391,secondNumber=1443}  added by thread pool-3-thread-6
 message  {Id=bce0c81a-aa5f-4cad-9f42-127ba2e9f09a,FirstNumber=391,secondNumber=1443}  written to file by thread pool-3-thread-1
 message  {Id=f911143b-0686-4ea8-8d59-e4cd2a24d45d,FirstNumber=653,secondNumber=279}  added by thread pool-3-thread-6
 message  {Id=0a2bb478-05b9-4639-9ed7-2418416a10bb,FirstNumber=734,secondNumber=748}  added by thread pool-3-thread-6
 message  {Id=f911143b-0686-4ea8-8d59-e4cd2a24d45d,FirstNumber=653,secondNumber=279}  written to file by thread pool-3-thread-4
 message  {Id=0a2bb478-05b9-4639-9ed7-2418416a10bb,FirstNumber=734,secondNumber=748}  written to file by thread pool-3-thread-5
 message  {Id=3246a512-3e88-43a8-8a85-14532e59d731,FirstNumber=168,secondNumber=1730}  added by thread pool-3-thread-6
 message  {Id=3246a512-3e88-43a8-8a85-14532e59d731,FirstNumber=168,secondNumber=1730}  written to file by thread pool-3-thread-2
 message  {Id=cfc9ea72-9438-43c3-9830-977bcb03d051,FirstNumber=603,secondNumber=1213}  added by thread pool-3-thread-6
 message  {Id=cfc9ea72-9438-43c3-9830-977bcb03d051,FirstNumber=603,secondNumber=1213}  written to file by thread pool-3-thread-3
 message  {Id=20fb9eee-5097-4790-987a-5b79c30f3208,FirstNumber=259,secondNumber=552}  added by thread pool-3-thread-6
 message  {Id=20fb9eee-5097-4790-987a-5b79c30f3208,FirstNumber=259,secondNumber=552}  written to file by thread pool-3-thread-1
 message  {Id=c94cdba4-e89b-4873-bfaf-d9b2da5e3ebb,FirstNumber=338,secondNumber=883}  added by thread pool-3-thread-6
 message  {Id=c0ae8226-203e-40f9-a7f0-41ca275b82df,FirstNumber=25,secondNumber=1069}  added by thread pool-3-thread-6
 message  {Id=c94cdba4-e89b-4873-bfaf-d9b2da5e3ebb,FirstNumber=338,secondNumber=883}  written to file by thread pool-3-thread-4
 message  {Id=c0ae8226-203e-40f9-a7f0-41ca275b82df,FirstNumber=25,secondNumber=1069}  written to file by thread pool-3-thread-5
 message  {Id=efffad06-f34e-4978-bd06-b188c8c47a12,FirstNumber=273,secondNumber=129}  added by thread pool-3-thread-6
 message  {Id=efffad06-f34e-4978-bd06-b188c8c47a12,FirstNumber=273,secondNumber=129}  written to file by thread pool-3-thread-2
 message  {Id=b94a5812-589b-4c3c-9d5a-555dbade864d,FirstNumber=55,secondNumber=94}  added by thread pool-3-thread-6
 message  {Id=b94a5812-589b-4c3c-9d5a-555dbade864d,FirstNumber=55,secondNumber=94}  written to file by thread pool-3-thread-3
 message  {Id=171db75e-4d2a-4184-8f97-7be1d5b5e6e9,FirstNumber=356,secondNumber=1141}  added by thread pool-3-thread-6
 message  {Id=171db75e-4d2a-4184-8f97-7be1d5b5e6e9,FirstNumber=356,secondNumber=1141}  written to file by thread pool-3-thread-1
 message  {Id=e24e3447-4943-455f-a696-d28aa374a742,FirstNumber=12,secondNumber=1096}  added by thread pool-3-thread-6
 message  {Id=9051aa09-b0ad-453d-bd77-bde332f44c53,FirstNumber=40,secondNumber=1870}  added by thread pool-3-thread-6
 message  {Id=e24e3447-4943-455f-a696-d28aa374a742,FirstNumber=12,secondNumber=1096}  written to file by thread pool-3-thread-4
 message  {Id=9051aa09-b0ad-453d-bd77-bde332f44c53,FirstNumber=40,secondNumber=1870}  written to file by thread pool-3-thread-5
 message  {Id=1aa7bdbe-35e5-433d-9f0a-70123123d332,FirstNumber=558,secondNumber=522}  added by thread pool-3-thread-6
 message  {Id=1aa7bdbe-35e5-433d-9f0a-70123123d332,FirstNumber=558,secondNumber=522}  written to file by thread pool-3-thread-2
 message  {Id=4f7430ef-d1d1-40ed-800c-339024f839b2,FirstNumber=524,secondNumber=423}  added by thread pool-3-thread-6
 message  {Id=4f7430ef-d1d1-40ed-800c-339024f839b2,FirstNumber=524,secondNumber=423}  written to file by thread pool-3-thread-3
 message  {Id=cb1a691a-a965-4ad3-b1f2-566d86d13b59,FirstNumber=466,secondNumber=1198}  added by thread pool-3-thread-6
 message  {Id=cb1a691a-a965-4ad3-b1f2-566d86d13b59,FirstNumber=466,secondNumber=1198}  written to file by thread pool-3-thread-1
 message  {Id=c9459126-e0b6-42ac-8351-4f087102c72e,FirstNumber=943,secondNumber=1253}  added by thread pool-3-thread-6
 message  {Id=6a6c461b-975f-49b2-a479-b1e3141956be,FirstNumber=424,secondNumber=1353}  added by thread pool-3-thread-6
 message  {Id=c9459126-e0b6-42ac-8351-4f087102c72e,FirstNumber=943,secondNumber=1253}  written to file by thread pool-3-thread-4
 message  {Id=6a6c461b-975f-49b2-a479-b1e3141956be,FirstNumber=424,secondNumber=1353}  written to file by thread pool-3-thread-5
 message  {Id=1b32ed1c-7c77-42fa-ae73-a035c2d0b733,FirstNumber=176,secondNumber=1142}  added by thread pool-3-thread-6
 message  {Id=1b32ed1c-7c77-42fa-ae73-a035c2d0b733,FirstNumber=176,secondNumber=1142}  written to file by thread pool-3-thread-2
 message  {Id=8414c87f-5a5c-435a-a4c5-c4b2cf93c309,FirstNumber=192,secondNumber=1264}  added by thread pool-3-thread-6
 message  {Id=8414c87f-5a5c-435a-a4c5-c4b2cf93c309,FirstNumber=192,secondNumber=1264}  written to file by thread pool-3-thread-3
 message  {Id=be65bfa3-bdbe-4f56-8162-4d2c4a203019,FirstNumber=520,secondNumber=1738}  added by thread pool-3-thread-6
 message  {Id=be65bfa3-bdbe-4f56-8162-4d2c4a203019,FirstNumber=520,secondNumber=1738}  written to file by thread pool-3-thread-1
 message  {Id=28457937-7a18-47e0-bc85-d5e32a19b9b1,FirstNumber=72,secondNumber=1080}  added by thread pool-3-thread-6
 message  {Id=519263f3-ae31-4fd9-9c31-429e612305ee,FirstNumber=418,secondNumber=1656}  added by thread pool-3-thread-6
 message  {Id=28457937-7a18-47e0-bc85-d5e32a19b9b1,FirstNumber=72,secondNumber=1080}  written to file by thread pool-3-thread-4
 message  {Id=519263f3-ae31-4fd9-9c31-429e612305ee,FirstNumber=418,secondNumber=1656}  written to file by thread pool-3-thread-5
 message  {Id=44c50ea8-fff9-4c52-bb42-ee72efe60e5d,FirstNumber=447,secondNumber=135}  added by thread pool-3-thread-6
 message  {Id=44c50ea8-fff9-4c52-bb42-ee72efe60e5d,FirstNumber=447,secondNumber=135}  written to file by thread pool-3-thread-2
 message  {Id=75243430-33dd-4ac9-ba9c-1691b0ce47ab,FirstNumber=531,secondNumber=426}  added by thread pool-3-thread-6
 message  {Id=75243430-33dd-4ac9-ba9c-1691b0ce47ab,FirstNumber=531,secondNumber=426}  written to file by thread pool-3-thread-3
 message  {Id=ba9cb070-c401-410b-a949-a098e4f3684b,FirstNumber=575,secondNumber=1952}  added by thread pool-3-thread-6
 message  {Id=ba9cb070-c401-410b-a949-a098e4f3684b,FirstNumber=575,secondNumber=1952}  written to file by thread pool-3-thread-1
 message  {Id=93a46dd8-26d6-4f89-bd04-49167d7096b7,FirstNumber=244,secondNumber=937}  added by thread pool-3-thread-6
 message  {Id=dfd4e58d-329f-47ee-baca-2d99ebda99bf,FirstNumber=71,secondNumber=1185}  added by thread pool-3-thread-6
 message  {Id=93a46dd8-26d6-4f89-bd04-49167d7096b7,FirstNumber=244,secondNumber=937}  written to file by thread pool-3-thread-4
 message  {Id=658e618b-d1e7-44ed-8fbd-74911fdcd3b2,FirstNumber=961,secondNumber=1563}  added by thread pool-3-thread-6
 message  {Id=dfd4e58d-329f-47ee-baca-2d99ebda99bf,FirstNumber=71,secondNumber=1185}  written to file by thread pool-3-thread-5
 message  {Id=89698a0b-02b1-4c01-87d2-b279ba8b9bfd,FirstNumber=517,secondNumber=128}  added by thread pool-3-thread-6
 message  {Id=658e618b-d1e7-44ed-8fbd-74911fdcd3b2,FirstNumber=961,secondNumber=1563}  written to file by thread pool-3-thread-2
 message  {Id=7f91381f-4dc1-46e0-ae7c-d83a035bf0d1,FirstNumber=149,secondNumber=251}  added by thread pool-3-thread-6
 message  {Id=89698a0b-02b1-4c01-87d2-b279ba8b9bfd,FirstNumber=517,secondNumber=128}  written to file by thread pool-3-thread-3
 message  {Id=eec89610-f5da-4171-b796-467438c71d6d,FirstNumber=160,secondNumber=350}  added by thread pool-3-thread-6
 message  {Id=7f91381f-4dc1-46e0-ae7c-d83a035bf0d1,FirstNumber=149,secondNumber=251}  written to file by thread pool-3-thread-2
 message  {Id=0b5758a9-14cf-4ed4-99b2-5817fa23e944,FirstNumber=453,secondNumber=149}  added by thread pool-3-thread-6
 message  {Id=eec89610-f5da-4171-b796-467438c71d6d,FirstNumber=160,secondNumber=350}  written to file by thread pool-3-thread-4
 message  {Id=5638f3ba-c497-4719-8bb6-ed8ababea09d,FirstNumber=853,secondNumber=347}  added by thread pool-3-thread-6
 message  {Id=0b5758a9-14cf-4ed4-99b2-5817fa23e944,FirstNumber=453,secondNumber=149}  written to file by thread pool-3-thread-5
 message  {Id=24704ad4-ec26-40d4-8fcf-74aa97db6834,FirstNumber=694,secondNumber=621}  added by thread pool-3-thread-6
 message  {Id=5638f3ba-c497-4719-8bb6-ed8ababea09d,FirstNumber=853,secondNumber=347}  written to file by thread pool-3-thread-1
 message  {Id=8266e78c-4172-4085-b4e8-1df1f4b512fd,FirstNumber=397,secondNumber=724}  added by thread pool-3-thread-6
 message  {Id=24704ad4-ec26-40d4-8fcf-74aa97db6834,FirstNumber=694,secondNumber=621}  written to file by thread pool-3-thread-3
 message  {Id=0b8a7652-2614-43c7-8ad2-ed68f2720dad,FirstNumber=813,secondNumber=561}  added by thread pool-3-thread-6
 message  {Id=8266e78c-4172-4085-b4e8-1df1f4b512fd,FirstNumber=397,secondNumber=724}  written to file by thread pool-3-thread-2
 message  {Id=4f306760-b8c1-4b6b-956d-b51a0c8921ec,FirstNumber=513,secondNumber=778}  added by thread pool-3-thread-6
 message  {Id=0b8a7652-2614-43c7-8ad2-ed68f2720dad,FirstNumber=813,secondNumber=561}  written to file by thread pool-3-thread-3
 message  {Id=e3409f0f-9b52-42a1-a8f5-504df1570ea2,FirstNumber=92,secondNumber=1145}  added by thread pool-3-thread-6
 message  {Id=4f306760-b8c1-4b6b-956d-b51a0c8921ec,FirstNumber=513,secondNumber=778}  written to file by thread pool-3-thread-5
 message  {Id=a44fba4f-0ab0-4281-b9ed-90ee8cf29a3e,FirstNumber=112,secondNumber=748}  added by thread pool-3-thread-6
 message  {Id=e3409f0f-9b52-42a1-a8f5-504df1570ea2,FirstNumber=92,secondNumber=1145}  written to file by thread pool-3-thread-1
 message  {Id=820ab7b3-dd61-4577-b02c-ae7b93a04bdd,FirstNumber=757,secondNumber=1238}  added by thread pool-3-thread-6
 message  {Id=a44fba4f-0ab0-4281-b9ed-90ee8cf29a3e,FirstNumber=112,secondNumber=748}  written to file by thread pool-3-thread-4
 message  {Id=7e935f7c-ed62-48cf-96da-8bd11804613f,FirstNumber=357,secondNumber=1839}  added by thread pool-3-thread-6
 message  {Id=820ab7b3-dd61-4577-b02c-ae7b93a04bdd,FirstNumber=757,secondNumber=1238}  written to file by thread pool-3-thread-2
 message  {Id=3161f1f8-d45f-4995-b095-69a79a35de42,FirstNumber=336,secondNumber=304}  added by thread pool-3-thread-6
 message  {Id=7e935f7c-ed62-48cf-96da-8bd11804613f,FirstNumber=357,secondNumber=1839}  written to file by thread pool-3-thread-4
 message  {Id=d539728b-fb30-424d-8555-60cdfef7ee8a,FirstNumber=976,secondNumber=1944}  added by thread pool-3-thread-6
 message  {Id=3161f1f8-d45f-4995-b095-69a79a35de42,FirstNumber=336,secondNumber=304}  written to file by thread pool-3-thread-2
 message  {Id=d45f8e0a-57b1-4bcf-a224-ceea207550c0,FirstNumber=181,secondNumber=1817}  added by thread pool-3-thread-6
 message  {Id=d539728b-fb30-424d-8555-60cdfef7ee8a,FirstNumber=976,secondNumber=1944}  written to file by thread pool-3-thread-1
 message  {Id=6dc54c5c-9bed-4562-9139-be05c9b9b287,FirstNumber=780,secondNumber=49}  added by thread pool-3-thread-6
 message  {Id=d45f8e0a-57b1-4bcf-a224-ceea207550c0,FirstNumber=181,secondNumber=1817}  written to file by thread pool-3-thread-3
 message  {Id=b737b2d3-11bd-41b4-afad-29fdb80fa2ac,FirstNumber=983,secondNumber=711}  added by thread pool-3-thread-6
 message  {Id=6dc54c5c-9bed-4562-9139-be05c9b9b287,FirstNumber=780,secondNumber=49}  written to file by thread pool-3-thread-5
 message  {Id=c8e2c92f-3df3-42c5-b2ed-6d0408727a00,FirstNumber=518,secondNumber=196}  added by thread pool-3-thread-6
 message  {Id=b737b2d3-11bd-41b4-afad-29fdb80fa2ac,FirstNumber=983,secondNumber=711}  written to file by thread pool-3-thread-4
 message  {Id=6e930eb3-8702-4c65-9310-07e0784600fa,FirstNumber=838,secondNumber=806}  added by thread pool-3-thread-6
 message  {Id=c8e2c92f-3df3-42c5-b2ed-6d0408727a00,FirstNumber=518,secondNumber=196}  written to file by thread pool-3-thread-2
 message  {Id=4908062d-745a-4ead-b17f-cba54746a9d4,FirstNumber=888,secondNumber=556}  added by thread pool-3-thread-6
 message  {Id=6e930eb3-8702-4c65-9310-07e0784600fa,FirstNumber=838,secondNumber=806}  written to file by thread pool-3-thread-1
 message  {Id=3917eba5-37c0-4abb-a795-a170881f32a1,FirstNumber=946,secondNumber=1625}  added by thread pool-3-thread-6
 message  {Id=4908062d-745a-4ead-b17f-cba54746a9d4,FirstNumber=888,secondNumber=556}  written to file by thread pool-3-thread-3
 message  {Id=983191bb-3af3-4507-8e8c-f911de838108,FirstNumber=473,secondNumber=797}  added by thread pool-3-thread-6
 message  {Id=3917eba5-37c0-4abb-a795-a170881f32a1,FirstNumber=946,secondNumber=1625}  written to file by thread pool-3-thread-5
 message  {Id=30068aef-8b4d-4742-8975-b5d7a04c8132,FirstNumber=959,secondNumber=312}  added by thread pool-3-thread-6
 message  {Id=983191bb-3af3-4507-8e8c-f911de838108,FirstNumber=473,secondNumber=797}  written to file by thread pool-3-thread-4
 message  {Id=3d55988a-cf89-4768-afaa-1c12188d2b2e,FirstNumber=246,secondNumber=1113}  added by thread pool-3-thread-6
 message  {Id=30068aef-8b4d-4742-8975-b5d7a04c8132,FirstNumber=959,secondNumber=312}  written to file by thread pool-3-thread-2
 message  {Id=d521bd70-6f6e-4a7b-a4be-3a6c43f6631a,FirstNumber=622,secondNumber=1450}  added by thread pool-3-thread-6
 message  {Id=3d55988a-cf89-4768-afaa-1c12188d2b2e,FirstNumber=246,secondNumber=1113}  written to file by thread pool-3-thread-1
 message  {Id=944df2ba-9c4c-400b-92d8-0b5a7a226893,FirstNumber=705,secondNumber=1056}  added by thread pool-3-thread-6
 message  {Id=d521bd70-6f6e-4a7b-a4be-3a6c43f6631a,FirstNumber=622,secondNumber=1450}  written to file by thread pool-3-thread-3
 message  {Id=29b32c06-4171-4389-a176-a87cb6502986,FirstNumber=181,secondNumber=1282}  added by thread pool-3-thread-6
 message  {Id=944df2ba-9c4c-400b-92d8-0b5a7a226893,FirstNumber=705,secondNumber=1056}  written to file by thread pool-3-thread-5
 message  {Id=5c21d390-1ca1-421f-9348-f20f91be3adf,FirstNumber=132,secondNumber=1733}  added by thread pool-3-thread-6
 message  {Id=29b32c06-4171-4389-a176-a87cb6502986,FirstNumber=181,secondNumber=1282}  written to file by thread pool-3-thread-4
 message  {Id=2644303b-ff1c-48d2-acb1-19ad7514148a,FirstNumber=621,secondNumber=1270}  added by thread pool-3-thread-6
 message  {Id=5c21d390-1ca1-421f-9348-f20f91be3adf,FirstNumber=132,secondNumber=1733}  written to file by thread pool-3-thread-2
 message  {Id=4aa87a6c-741d-47aa-a79c-df9b5c57156c,FirstNumber=571,secondNumber=1329}  added by thread pool-3-thread-6
 message  {Id=2644303b-ff1c-48d2-acb1-19ad7514148a,FirstNumber=621,secondNumber=1270}  written to file by thread pool-3-thread-1
 message  {Id=b5abb776-9418-47d5-8751-2c7dda4a7c2a,FirstNumber=169,secondNumber=1602}  added by thread pool-3-thread-6
 message  {Id=4aa87a6c-741d-47aa-a79c-df9b5c57156c,FirstNumber=571,secondNumber=1329}  written to file by thread pool-3-thread-3
 message  {Id=6f7c60dd-4c34-41ed-83f4-b335789c3257,FirstNumber=451,secondNumber=1386}  added by thread pool-3-thread-6
 message  {Id=b5abb776-9418-47d5-8751-2c7dda4a7c2a,FirstNumber=169,secondNumber=1602}  written to file by thread pool-3-thread-1
 message  {Id=4cb52724-05a3-4e51-8291-9bad403665ab,FirstNumber=815,secondNumber=723}  added by thread pool-3-thread-6
 message  {Id=6f7c60dd-4c34-41ed-83f4-b335789c3257,FirstNumber=451,secondNumber=1386}  written to file by thread pool-3-thread-4
 message  {Id=5e095858-19e6-4fce-a4e5-d0d369b6b0a4,FirstNumber=338,secondNumber=672}  added by thread pool-3-thread-6
 message  {Id=4cb52724-05a3-4e51-8291-9bad403665ab,FirstNumber=815,secondNumber=723}  written to file by thread pool-3-thread-2
 message  {Id=f6514d94-bd4e-4bc1-a74f-17f2afcc656f,FirstNumber=468,secondNumber=1430}  added by thread pool-3-thread-6
 message  {Id=5e095858-19e6-4fce-a4e5-d0d369b6b0a4,FirstNumber=338,secondNumber=672}  written to file by thread pool-3-thread-5
 message  {Id=374888b2-f51c-4cac-ace2-5b9fa5b7d03d,FirstNumber=347,secondNumber=930}  added by thread pool-3-thread-6
 message  {Id=f6514d94-bd4e-4bc1-a74f-17f2afcc656f,FirstNumber=468,secondNumber=1430}  written to file by thread pool-3-thread-3
 message  {Id=bc8f5d1e-0bcd-4c9a-9544-7c02c40c2985,FirstNumber=683,secondNumber=1225}  added by thread pool-3-thread-6
 message  {Id=374888b2-f51c-4cac-ace2-5b9fa5b7d03d,FirstNumber=347,secondNumber=930}  written to file by thread pool-3-thread-5
 message  {Id=09ce754f-6ee3-4f59-9b57-3778eab0aae9,FirstNumber=33,secondNumber=1223}  added by thread pool-3-thread-6
 message  {Id=bc8f5d1e-0bcd-4c9a-9544-7c02c40c2985,FirstNumber=683,secondNumber=1225}  written to file by thread pool-3-thread-4
 message  {Id=b212e949-effd-48c5-acdb-37477dab13b1,FirstNumber=536,secondNumber=1609}  added by thread pool-3-thread-6
 message  {Id=09ce754f-6ee3-4f59-9b57-3778eab0aae9,FirstNumber=33,secondNumber=1223}  written to file by thread pool-3-thread-2
 message  {Id=52a18486-ca6a-4865-b2d6-4000f570eac5,FirstNumber=206,secondNumber=796}  added by thread pool-3-thread-6
 message  {Id=b212e949-effd-48c5-acdb-37477dab13b1,FirstNumber=536,secondNumber=1609}  written to file by thread pool-3-thread-4
 message  {Id=ab0f5477-18f1-45ef-bfac-c9fa1db0c09f,FirstNumber=598,secondNumber=1951}  added by thread pool-3-thread-6
 message  {Id=52a18486-ca6a-4865-b2d6-4000f570eac5,FirstNumber=206,secondNumber=796}  written to file by thread pool-3-thread-3
 message  {Id=10b221b4-3372-424d-986a-a207496fd417,FirstNumber=601,secondNumber=1598}  added by thread pool-3-thread-6
 message  {Id=ab0f5477-18f1-45ef-bfac-c9fa1db0c09f,FirstNumber=598,secondNumber=1951}  written to file by thread pool-3-thread-5
 message  {Id=d37f4b78-eed7-4c7e-a136-71e2095e9e1f,FirstNumber=591,secondNumber=1508}  added by thread pool-3-thread-6
 message  {Id=10b221b4-3372-424d-986a-a207496fd417,FirstNumber=601,secondNumber=1598}  written to file by thread pool-3-thread-1
 message  {Id=87b3cbe4-b7d0-4e9d-a7b9-2ed1bce71d5c,FirstNumber=694,secondNumber=1452}  added by thread pool-3-thread-6
 message  {Id=d37f4b78-eed7-4c7e-a136-71e2095e9e1f,FirstNumber=591,secondNumber=1508}  written to file by thread pool-3-thread-2
 message  {Id=008be694-cd4b-405d-8c40-0e2fd57ad4fc,FirstNumber=267,secondNumber=100}  added by thread pool-3-thread-6
 message  {Id=87b3cbe4-b7d0-4e9d-a7b9-2ed1bce71d5c,FirstNumber=694,secondNumber=1452}  written to file by thread pool-3-thread-4
 message  {Id=70bf5464-2b03-4dfb-be00-5b01c1904e18,FirstNumber=171,secondNumber=93}  added by thread pool-3-thread-6
 message  {Id=008be694-cd4b-405d-8c40-0e2fd57ad4fc,FirstNumber=267,secondNumber=100}  written to file by thread pool-3-thread-3
 message  {Id=18ac1edf-7627-43c0-a17a-cc1eab73caca,FirstNumber=218,secondNumber=1250}  added by thread pool-3-thread-6
 message  {Id=70bf5464-2b03-4dfb-be00-5b01c1904e18,FirstNumber=171,secondNumber=93}  written to file by thread pool-3-thread-5
 message  {Id=615e95a4-f116-409d-8882-124c747e5bba,FirstNumber=276,secondNumber=1547}  added by thread pool-3-thread-6
 message  {Id=18ac1edf-7627-43c0-a17a-cc1eab73caca,FirstNumber=218,secondNumber=1250}  written to file by thread pool-3-thread-1
 message  {Id=74003409-a2ff-4981-b1c9-d82bdf921d51,FirstNumber=282,secondNumber=364}  added by thread pool-3-thread-6
 message  {Id=615e95a4-f116-409d-8882-124c747e5bba,FirstNumber=276,secondNumber=1547}  written to file by thread pool-3-thread-2
 message  {Id=dd50b0ad-d15f-4514-a120-16b18ff2dee9,FirstNumber=54,secondNumber=596}  added by thread pool-3-thread-6
 message  {Id=74003409-a2ff-4981-b1c9-d82bdf921d51,FirstNumber=282,secondNumber=364}  written to file by thread pool-3-thread-4
 message  {Id=1517e7de-6662-4c61-82f2-17f361e55d72,FirstNumber=195,secondNumber=354}  added by thread pool-3-thread-6
 message  {Id=dd50b0ad-d15f-4514-a120-16b18ff2dee9,FirstNumber=54,secondNumber=596}  written to file by thread pool-3-thread-3
 message  {Id=eb36a396-c610-41f0-8961-3977446ce073,FirstNumber=773,secondNumber=1870}  added by thread pool-3-thread-6
 message  {Id=1517e7de-6662-4c61-82f2-17f361e55d72,FirstNumber=195,secondNumber=354}  written to file by thread pool-3-thread-4
 message  {Id=08b3fd4b-1105-4220-9656-dcf7239250cb,FirstNumber=801,secondNumber=143}  added by thread pool-3-thread-6
 message  {Id=eb36a396-c610-41f0-8961-3977446ce073,FirstNumber=773,secondNumber=1870}  written to file by thread pool-3-thread-1
 message  {Id=85869c00-dc3a-440d-94d8-40992d8f1509,FirstNumber=458,secondNumber=938}  added by thread pool-3-thread-6
 message  {Id=08b3fd4b-1105-4220-9656-dcf7239250cb,FirstNumber=801,secondNumber=143}  written to file by thread pool-3-thread-4
 message  {Id=592b127c-05ce-4dec-afec-7e8a5bcc0a59,FirstNumber=623,secondNumber=827}  added by thread pool-3-thread-6
 message  {Id=85869c00-dc3a-440d-94d8-40992d8f1509,FirstNumber=458,secondNumber=938}  written to file by thread pool-3-thread-5
 message  {Id=ca248c48-9386-47ea-a2be-11096ce33080,FirstNumber=73,secondNumber=1396}  added by thread pool-3-thread-6
 message  {Id=592b127c-05ce-4dec-afec-7e8a5bcc0a59,FirstNumber=623,secondNumber=827}  written to file by thread pool-3-thread-3
 message  {Id=ca248c48-9386-47ea-a2be-11096ce33080,FirstNumber=73,secondNumber=1396}  written to file by thread pool-3-thread-5
 message  {Id=e3f84969-b8ea-4a09-b7c6-becad3931c00,FirstNumber=778,secondNumber=664}  added by thread pool-3-thread-6
 message  {Id=b2e4b6ea-fa64-420b-acb6-f901eeb7b807,FirstNumber=946,secondNumber=1212}  added by thread pool-3-thread-6
 message  {Id=e3f84969-b8ea-4a09-b7c6-becad3931c00,FirstNumber=778,secondNumber=664}  written to file by thread pool-3-thread-1
 message  {Id=0139b22e-f587-4508-be24-0323a04e94fa,FirstNumber=478,secondNumber=667}  added by thread pool-3-thread-6
 message  {Id=b2e4b6ea-fa64-420b-acb6-f901eeb7b807,FirstNumber=946,secondNumber=1212}  written to file by thread pool-3-thread-4
 message  {Id=3d235ff3-750d-4321-8d53-09a8dae40a8a,FirstNumber=422,secondNumber=1615}  added by thread pool-3-thread-6
 message  {Id=0139b22e-f587-4508-be24-0323a04e94fa,FirstNumber=478,secondNumber=667}  written to file by thread pool-3-thread-2
 message  {Id=bc8a8a9b-3898-424e-8141-779af851b83a,FirstNumber=350,secondNumber=1721}  added by thread pool-3-thread-6
 message  {Id=3d235ff3-750d-4321-8d53-09a8dae40a8a,FirstNumber=422,secondNumber=1615}  written to file by thread pool-3-thread-3
 message  {Id=f74b621b-4aa2-423c-82ef-cfc08b460525,FirstNumber=42,secondNumber=650}  added by thread pool-3-thread-6
 message  {Id=bc8a8a9b-3898-424e-8141-779af851b83a,FirstNumber=350,secondNumber=1721}  written to file by thread pool-3-thread-5
 message  {Id=f605aebd-7120-4e3d-8987-fb812fdea439,FirstNumber=121,secondNumber=516}  added by thread pool-3-thread-6
 message  {Id=f74b621b-4aa2-423c-82ef-cfc08b460525,FirstNumber=42,secondNumber=650}  written to file by thread pool-3-thread-1
 message  {Id=1823b398-70ec-44e7-97df-00566cf9f890,FirstNumber=776,secondNumber=890}  added by thread pool-3-thread-6
 message  {Id=f605aebd-7120-4e3d-8987-fb812fdea439,FirstNumber=121,secondNumber=516}  written to file by thread pool-3-thread-4
 message  {Id=da31f5cc-8cdc-436d-a129-a44d4d6748f9,FirstNumber=776,secondNumber=702}  added by thread pool-3-thread-6
 message  {Id=1823b398-70ec-44e7-97df-00566cf9f890,FirstNumber=776,secondNumber=890}  written to file by thread pool-3-thread-2
 message  {Id=232b33ee-2190-42ef-83c0-ebf9d884a5f0,FirstNumber=753,secondNumber=406}  added by thread pool-3-thread-6
 message  {Id=da31f5cc-8cdc-436d-a129-a44d4d6748f9,FirstNumber=776,secondNumber=702}  written to file by thread pool-3-thread-3
 message  {Id=cb966ef5-b140-467c-9b3f-e619cab40801,FirstNumber=790,secondNumber=1244}  added by thread pool-3-thread-6
 message  {Id=232b33ee-2190-42ef-83c0-ebf9d884a5f0,FirstNumber=753,secondNumber=406}  written to file by thread pool-3-thread-5
 message  {Id=40f84c64-6a32-46df-8712-c1d339f031dc,FirstNumber=37,secondNumber=1815}  added by thread pool-3-thread-6
 message  {Id=cb966ef5-b140-467c-9b3f-e619cab40801,FirstNumber=790,secondNumber=1244}  written to file by thread pool-3-thread-1
 message  {Id=d83928c1-0822-470c-a737-d190c926cae4,FirstNumber=137,secondNumber=909}  added by thread pool-3-thread-6
 message  {Id=40f84c64-6a32-46df-8712-c1d339f031dc,FirstNumber=37,secondNumber=1815}  written to file by thread pool-3-thread-4
 message  {Id=66351ae2-2b31-4ad7-9fea-c85d3a00fab0,FirstNumber=530,secondNumber=1906}  added by thread pool-3-thread-6
 message  {Id=d83928c1-0822-470c-a737-d190c926cae4,FirstNumber=137,secondNumber=909}  written to file by thread pool-3-thread-2
 message  {Id=5f9544c4-c2be-4d93-9c2a-9bc3bc7252e0,FirstNumber=789,secondNumber=1864}  added by thread pool-3-thread-6
 message  {Id=8fab1b2d-cb40-424c-aaa8-1ce5e97ac2c0,FirstNumber=740,secondNumber=1377}  added by thread pool-3-thread-6
 message  {Id=66351ae2-2b31-4ad7-9fea-c85d3a00fab0,FirstNumber=530,secondNumber=1906}  written to file by thread pool-3-thread-3
 message  {Id=9ba2632f-33a9-487d-81ff-e129bab68e66,FirstNumber=883,secondNumber=179}  added by thread pool-3-thread-6
 message  {Id=5f9544c4-c2be-4d93-9c2a-9bc3bc7252e0,FirstNumber=789,secondNumber=1864}  written to file by thread pool-3-thread-5
 message  {Id=8fab1b2d-cb40-424c-aaa8-1ce5e97ac2c0,FirstNumber=740,secondNumber=1377}  written to file by thread pool-3-thread-1
 message  {Id=680c2124-5faa-4a45-9b79-b8a6216f1875,FirstNumber=422,secondNumber=338}  added by thread pool-3-thread-6
 message  {Id=9ba2632f-33a9-487d-81ff-e129bab68e66,FirstNumber=883,secondNumber=179}  written to file by thread pool-3-thread-3
 message  {Id=25287641-7995-44cc-a8b6-5c7c0ecfdc6e,FirstNumber=38,secondNumber=1496}  added by thread pool-3-thread-6
 message  {Id=680c2124-5faa-4a45-9b79-b8a6216f1875,FirstNumber=422,secondNumber=338}  written to file by thread pool-3-thread-5
 message  {Id=f88f241f-d3dd-4eed-979c-b9bdfb5e669c,FirstNumber=843,secondNumber=1827}  added by thread pool-3-thread-6
 message  {Id=25287641-7995-44cc-a8b6-5c7c0ecfdc6e,FirstNumber=38,secondNumber=1496}  written to file by thread pool-3-thread-3
 message  {Id=50081551-fdfa-4375-bb25-4dd16fa9cdb3,FirstNumber=259,secondNumber=1231}  added by thread pool-3-thread-6
 message  {Id=f88f241f-d3dd-4eed-979c-b9bdfb5e669c,FirstNumber=843,secondNumber=1827}  written to file by thread pool-3-thread-2
 message  {Id=49fa00b6-3d5e-4239-9aa4-7b39e9d92a83,FirstNumber=438,secondNumber=202}  added by thread pool-3-thread-6
 message  {Id=50081551-fdfa-4375-bb25-4dd16fa9cdb3,FirstNumber=259,secondNumber=1231}  written to file by thread pool-3-thread-1
 message  {Id=49fa00b6-3d5e-4239-9aa4-7b39e9d92a83,FirstNumber=438,secondNumber=202}  written to file by thread pool-3-thread-2
 message  {Id=e212ce9e-ccdf-44cf-a02d-7f01cd4df221,FirstNumber=856,secondNumber=1202}  added by thread pool-3-thread-6
 message  {Id=e212ce9e-ccdf-44cf-a02d-7f01cd4df221,FirstNumber=856,secondNumber=1202}  written to file by thread pool-3-thread-2
 message  {Id=4f546ba0-1ef1-41b3-b7e5-512eb4945a37,FirstNumber=208,secondNumber=1846}  added by thread pool-3-thread-6
 message  {Id=4f546ba0-1ef1-41b3-b7e5-512eb4945a37,FirstNumber=208,secondNumber=1846}  written to file by thread pool-3-thread-3
 message  {Id=58d257b4-2d66-44ea-b0b4-e882a72beb5e,FirstNumber=226,secondNumber=1980}  added by thread pool-3-thread-6
 message  {Id=58d257b4-2d66-44ea-b0b4-e882a72beb5e,FirstNumber=226,secondNumber=1980}  written to file by thread pool-3-thread-4
 message  {Id=4d191479-b147-4144-ac1b-e12ccb2c78f7,FirstNumber=220,secondNumber=866}  added by thread pool-3-thread-6
 message  {Id=4d191479-b147-4144-ac1b-e12ccb2c78f7,FirstNumber=220,secondNumber=866}  written to file by thread pool-3-thread-1
 message  {Id=4710f232-d928-46ab-aa04-cec0a13a27b0,FirstNumber=252,secondNumber=460}  added by thread pool-3-thread-6
 message  {Id=4710f232-d928-46ab-aa04-cec0a13a27b0,FirstNumber=252,secondNumber=460}  written to file by thread pool-3-thread-5
 message  {Id=2396c5c8-06d2-4035-b1bf-a24a5c1ae4b8,FirstNumber=66,secondNumber=1788}  added by thread pool-3-thread-6
 message  {Id=2396c5c8-06d2-4035-b1bf-a24a5c1ae4b8,FirstNumber=66,secondNumber=1788}  written to file by thread pool-3-thread-2
 message  {Id=f21f42eb-cd5a-4632-85d6-23884af5bf91,FirstNumber=354,secondNumber=1460}  added by thread pool-3-thread-6
 message  {Id=f21f42eb-cd5a-4632-85d6-23884af5bf91,FirstNumber=354,secondNumber=1460}  written to file by thread pool-3-thread-3
 message  {Id=8a9f51dd-062b-43cb-b8d6-8286ce579c0f,FirstNumber=295,secondNumber=157}  added by thread pool-3-thread-6
 message  {Id=8a9f51dd-062b-43cb-b8d6-8286ce579c0f,FirstNumber=295,secondNumber=157}  written to file by thread pool-3-thread-4
 message  {Id=4de9c4f5-d269-403c-b693-0c6b0cbdbaf9,FirstNumber=913,secondNumber=702}  added by thread pool-3-thread-6
 message  {Id=f88ba8d9-ec5b-409c-94b2-9e44952d94d8,FirstNumber=709,secondNumber=1728}  added by thread pool-3-thread-6
 message  {Id=4de9c4f5-d269-403c-b693-0c6b0cbdbaf9,FirstNumber=913,secondNumber=702}  written to file by thread pool-3-thread-1
 message  {Id=f88ba8d9-ec5b-409c-94b2-9e44952d94d8,FirstNumber=709,secondNumber=1728}  written to file by thread pool-3-thread-5
 message  {Id=ab0021a0-22dd-460c-8fcf-c710f3f4893d,FirstNumber=279,secondNumber=1429}  added by thread pool-3-thread-6
 message  {Id=ab0021a0-22dd-460c-8fcf-c710f3f4893d,FirstNumber=279,secondNumber=1429}  written to file by thread pool-3-thread-2
 message  {Id=6221a99f-8b27-4149-9aaf-5348d47cb79e,FirstNumber=856,secondNumber=1557}  added by thread pool-3-thread-6
 message  {Id=6221a99f-8b27-4149-9aaf-5348d47cb79e,FirstNumber=856,secondNumber=1557}  written to file by thread pool-3-thread-3
 message  {Id=88ad40ee-8c14-4adf-b6d9-04f6ea3abd0b,FirstNumber=608,secondNumber=306}  added by thread pool-3-thread-6
 message  {Id=88ad40ee-8c14-4adf-b6d9-04f6ea3abd0b,FirstNumber=608,secondNumber=306}  written to file by thread pool-3-thread-4
 message  {Id=beab5fe1-01c0-4bbc-ab2b-d47037909812,FirstNumber=125,secondNumber=1805}  added by thread pool-3-thread-6
 message  {Id=beab5fe1-01c0-4bbc-ab2b-d47037909812,FirstNumber=125,secondNumber=1805}  written to file by thread pool-3-thread-1
 message  {Id=36ad9496-4b8b-4d4f-b5e0-cb49936f432e,FirstNumber=539,secondNumber=1566}  added by thread pool-3-thread-6
 message  {Id=36ad9496-4b8b-4d4f-b5e0-cb49936f432e,FirstNumber=539,secondNumber=1566}  written to file by thread pool-3-thread-5
 message  {Id=8560ef87-fa93-4b71-943b-02ea1f6db3a3,FirstNumber=998,secondNumber=345}  added by thread pool-3-thread-6
 message  {Id=8560ef87-fa93-4b71-943b-02ea1f6db3a3,FirstNumber=998,secondNumber=345}  written to file by thread pool-3-thread-2
 message  {Id=ef03b9df-4b21-41f3-8174-e50ed4623117,FirstNumber=248,secondNumber=803}  added by thread pool-3-thread-6
 message  {Id=ef03b9df-4b21-41f3-8174-e50ed4623117,FirstNumber=248,secondNumber=803}  written to file by thread pool-3-thread-3
 message  {Id=19e8e055-d944-4394-9b83-0dbe280d8d2f,FirstNumber=116,secondNumber=1147}  added by thread pool-3-thread-6
 message  {Id=19e8e055-d944-4394-9b83-0dbe280d8d2f,FirstNumber=116,secondNumber=1147}  written to file by thread pool-3-thread-4
 message  {Id=4c8dd090-e8b8-4e2c-a78c-1ff319529d81,FirstNumber=603,secondNumber=1859}  added by thread pool-3-thread-6
 message  {Id=d1a20421-70f9-4d65-8704-219b0a4497f3,FirstNumber=54,secondNumber=1404}  added by thread pool-3-thread-6
 message  {Id=4c8dd090-e8b8-4e2c-a78c-1ff319529d81,FirstNumber=603,secondNumber=1859}  written to file by thread pool-3-thread-1
 message  {Id=d1a20421-70f9-4d65-8704-219b0a4497f3,FirstNumber=54,secondNumber=1404}  written to file by thread pool-3-thread-5
 message  {Id=58ab3cf6-ed9b-4c1b-afaf-7dc7505f27ac,FirstNumber=692,secondNumber=1194}  added by thread pool-3-thread-6
 message  {Id=58ab3cf6-ed9b-4c1b-afaf-7dc7505f27ac,FirstNumber=692,secondNumber=1194}  written to file by thread pool-3-thread-2
 message  {Id=9e614bc5-af18-4bbb-acc9-6c2cde66fef1,FirstNumber=444,secondNumber=1076}  added by thread pool-3-thread-6
 message  {Id=9e614bc5-af18-4bbb-acc9-6c2cde66fef1,FirstNumber=444,secondNumber=1076}  written to file by thread pool-3-thread-3
 message  {Id=95c9ee27-b83a-4f95-8661-530f1f49094a,FirstNumber=18,secondNumber=1974}  added by thread pool-3-thread-6
 message  {Id=95c9ee27-b83a-4f95-8661-530f1f49094a,FirstNumber=18,secondNumber=1974}  written to file by thread pool-3-thread-3
 message  {Id=55eb2591-6daf-48ed-8e3b-357fffc63b67,FirstNumber=904,secondNumber=443}  added by thread pool-3-thread-6
 message  {Id=1b9b3359-07e9-4554-9049-789859d79d26,FirstNumber=591,secondNumber=1661}  added by thread pool-3-thread-6
 message  {Id=55eb2591-6daf-48ed-8e3b-357fffc63b67,FirstNumber=904,secondNumber=443}  written to file by thread pool-3-thread-1
 message  {Id=1b9b3359-07e9-4554-9049-789859d79d26,FirstNumber=591,secondNumber=1661}  written to file by thread pool-3-thread-5
 message  {Id=01c9092e-b672-4c55-92e8-039f574cb30b,FirstNumber=398,secondNumber=743}  added by thread pool-3-thread-6
 message  {Id=01c9092e-b672-4c55-92e8-039f574cb30b,FirstNumber=398,secondNumber=743}  written to file by thread pool-3-thread-2
 message  {Id=661190d5-f12c-4e5c-9cac-2982fab3ce4d,FirstNumber=744,secondNumber=1899}  added by thread pool-3-thread-6
 message  {Id=661190d5-f12c-4e5c-9cac-2982fab3ce4d,FirstNumber=744,secondNumber=1899}  written to file by thread pool-3-thread-4
 message  {Id=434e25d9-8a2f-4ec0-a23f-ed4ec7e85b97,FirstNumber=662,secondNumber=10}  added by thread pool-3-thread-6
 message  {Id=434e25d9-8a2f-4ec0-a23f-ed4ec7e85b97,FirstNumber=662,secondNumber=10}  written to file by thread pool-3-thread-3
 message  {Id=41cb5946-92fe-424a-8978-f25e069f8bfa,FirstNumber=821,secondNumber=1544}  added by thread pool-3-thread-6
 message  {Id=6bc719ee-d960-4c18-980f-3369f486d3d5,FirstNumber=466,secondNumber=1912}  added by thread pool-3-thread-6
 message  {Id=41cb5946-92fe-424a-8978-f25e069f8bfa,FirstNumber=821,secondNumber=1544}  written to file by thread pool-3-thread-1
 message  {Id=6bc719ee-d960-4c18-980f-3369f486d3d5,FirstNumber=466,secondNumber=1912}  written to file by thread pool-3-thread-5
 message  {Id=7f4da14a-48e7-4301-9ff1-7c48d57930ed,FirstNumber=906,secondNumber=555}  added by thread pool-3-thread-6
 message  {Id=c899cabc-cf35-4f74-b84a-2a1b97bddf1c,FirstNumber=200,secondNumber=1841}  added by thread pool-3-thread-6
 message  {Id=7f4da14a-48e7-4301-9ff1-7c48d57930ed,FirstNumber=906,secondNumber=555}  written to file by thread pool-3-thread-2
 message  {Id=c899cabc-cf35-4f74-b84a-2a1b97bddf1c,FirstNumber=200,secondNumber=1841}  written to file by thread pool-3-thread-4
 message  {Id=25550187-9be3-4a49-8aad-425ec344de2e,FirstNumber=789,secondNumber=1418}  written to file by thread pool-3-thread-3
 message  {Id=25550187-9be3-4a49-8aad-425ec344de2e,FirstNumber=789,secondNumber=1418}  added by thread pool-3-thread-6
 message  {Id=501b4d59-9af3-4219-bbbb-c8a09c81ddd2,FirstNumber=591,secondNumber=684}  added by thread pool-3-thread-6
 message  {Id=59e0e0ad-8c84-4410-a6d1-d6d075e8281e,FirstNumber=971,secondNumber=1402}  added by thread pool-3-thread-6
 message  {Id=501b4d59-9af3-4219-bbbb-c8a09c81ddd2,FirstNumber=591,secondNumber=684}  written to file by thread pool-3-thread-1
 message  {Id=ed32efd6-9b9d-46b6-9887-c9584945e0e6,FirstNumber=729,secondNumber=1701}  added by thread pool-3-thread-6
 message  {Id=59e0e0ad-8c84-4410-a6d1-d6d075e8281e,FirstNumber=971,secondNumber=1402}  written to file by thread pool-3-thread-5
 message  {Id=ed32efd6-9b9d-46b6-9887-c9584945e0e6,FirstNumber=729,secondNumber=1701}  written to file by thread pool-3-thread-2
 message  {Id=7d40c759-e43e-4620-b9cc-8077873c6b97,FirstNumber=337,secondNumber=1842}  added by thread pool-3-thread-6
 message  {Id=7d40c759-e43e-4620-b9cc-8077873c6b97,FirstNumber=337,secondNumber=1842}  written to file by thread pool-3-thread-4
 message  {Id=b3dc8bde-80d9-4dbd-bd2c-3ace558e560a,FirstNumber=417,secondNumber=1897}  added by thread pool-3-thread-6
 message  {Id=443183d0-b499-4215-8ed5-49fbcbbd4db8,FirstNumber=208,secondNumber=815}  added by thread pool-3-thread-6
 message  {Id=b3dc8bde-80d9-4dbd-bd2c-3ace558e560a,FirstNumber=417,secondNumber=1897}  written to file by thread pool-3-thread-3
 message  {Id=448e1387-1e11-47ca-9558-be146d1539d0,FirstNumber=304,secondNumber=839}  added by thread pool-3-thread-6
 message  {Id=443183d0-b499-4215-8ed5-49fbcbbd4db8,FirstNumber=208,secondNumber=815}  written to file by thread pool-3-thread-1
 message  {Id=448e1387-1e11-47ca-9558-be146d1539d0,FirstNumber=304,secondNumber=839}  written to file by thread pool-3-thread-5
 message  {Id=e2d076ed-3617-4467-b90d-0888267f00f1,FirstNumber=329,secondNumber=588}  added by thread pool-3-thread-6
 message  {Id=e2d076ed-3617-4467-b90d-0888267f00f1,FirstNumber=329,secondNumber=588}  written to file by thread pool-3-thread-2
 message  {Id=5fd71407-b900-49e4-a1e4-857457917a43,FirstNumber=197,secondNumber=522}  added by thread pool-3-thread-6
 message  {Id=5fd71407-b900-49e4-a1e4-857457917a43,FirstNumber=197,secondNumber=522}  written to file by thread pool-3-thread-4
 message  {Id=90b12d0c-7056-4aeb-b359-fc6fdfca3ef6,FirstNumber=762,secondNumber=1043}  added by thread pool-3-thread-6
 message  {Id=9e47fd67-4587-4e68-8cb4-554cd9de1da4,FirstNumber=499,secondNumber=1949}  added by thread pool-3-thread-6
 message  {Id=90b12d0c-7056-4aeb-b359-fc6fdfca3ef6,FirstNumber=762,secondNumber=1043}  written to file by thread pool-3-thread-3
 message  {Id=f36ee103-ba06-46f8-9234-aea520b52f8e,FirstNumber=353,secondNumber=1360}  added by thread pool-3-thread-6
 message  {Id=9e47fd67-4587-4e68-8cb4-554cd9de1da4,FirstNumber=499,secondNumber=1949}  written to file by thread pool-3-thread-1
 message  {Id=f065455a-5eee-453c-aa57-6f4d57e7c439,FirstNumber=11,secondNumber=403}  added by thread pool-3-thread-6
 message  {Id=f36ee103-ba06-46f8-9234-aea520b52f8e,FirstNumber=353,secondNumber=1360}  written to file by thread pool-3-thread-5
 message  {Id=7d376c34-65d0-4117-8079-2e086a1d2a90,FirstNumber=9,secondNumber=1797}  added by thread pool-3-thread-6
 message  {Id=f065455a-5eee-453c-aa57-6f4d57e7c439,FirstNumber=11,secondNumber=403}  written to file by thread pool-3-thread-2
 message  {Id=7d376c34-65d0-4117-8079-2e086a1d2a90,FirstNumber=9,secondNumber=1797}  written to file by thread pool-3-thread-4
 message  {Id=160e2010-5e73-499b-9f85-96fbe4ad4268,FirstNumber=429,secondNumber=1218}  added by thread pool-3-thread-6
 message  {Id=9833f8e3-cd41-4f9e-902c-964f16f50703,FirstNumber=721,secondNumber=770}  added by thread pool-3-thread-6
 message  {Id=160e2010-5e73-499b-9f85-96fbe4ad4268,FirstNumber=429,secondNumber=1218}  written to file by thread pool-3-thread-3
 message  {Id=96c76160-90ed-4704-9766-501860f5a48e,FirstNumber=692,secondNumber=1574}  added by thread pool-3-thread-6
 message  {Id=9833f8e3-cd41-4f9e-902c-964f16f50703,FirstNumber=721,secondNumber=770}  written to file by thread pool-3-thread-1
 message  {Id=99c9ca98-cf9d-4ff5-b11e-a33bae77ab62,FirstNumber=439,secondNumber=713}  added by thread pool-3-thread-6
 message  {Id=96c76160-90ed-4704-9766-501860f5a48e,FirstNumber=692,secondNumber=1574}  written to file by thread pool-3-thread-5
 message  {Id=331cccd3-de89-49ec-be6f-aee47704657a,FirstNumber=929,secondNumber=1668}  added by thread pool-3-thread-6
 message  {Id=99c9ca98-cf9d-4ff5-b11e-a33bae77ab62,FirstNumber=439,secondNumber=713}  written to file by thread pool-3-thread-2
 message  {Id=64013cb3-6ccf-47f4-95ed-df87cf611e53,FirstNumber=362,secondNumber=1735}  added by thread pool-3-thread-6
 message  {Id=331cccd3-de89-49ec-be6f-aee47704657a,FirstNumber=929,secondNumber=1668}  written to file by thread pool-3-thread-5
 message  {Id=64013cb3-6ccf-47f4-95ed-df87cf611e53,FirstNumber=362,secondNumber=1735}  written to file by thread pool-3-thread-2
 message  {Id=e0ae8847-5e66-484e-a8b6-0c4783835cad,FirstNumber=153,secondNumber=1919}  added by thread pool-3-thread-6
 message  {Id=2ccb497e-f14b-40d1-b88a-210a77f70ce4,FirstNumber=662,secondNumber=282}  added by thread pool-3-thread-6
 message  {Id=e0ae8847-5e66-484e-a8b6-0c4783835cad,FirstNumber=153,secondNumber=1919}  written to file by thread pool-3-thread-1
 message  {Id=f3239a0a-21ab-45a6-a3c3-75072655d962,FirstNumber=334,secondNumber=481}  added by thread pool-3-thread-6
 message  {Id=2ccb497e-f14b-40d1-b88a-210a77f70ce4,FirstNumber=662,secondNumber=282}  written to file by thread pool-3-thread-4
 message  {Id=8a143c2d-fe6c-439e-af67-9593221f8f38,FirstNumber=408,secondNumber=894}  added by thread pool-3-thread-6
 message  {Id=f3239a0a-21ab-45a6-a3c3-75072655d962,FirstNumber=334,secondNumber=481}  written to file by thread pool-3-thread-1
 message  {Id=4431e424-db57-49e6-9c08-c8ffd0019ec0,FirstNumber=134,secondNumber=883}  added by thread pool-3-thread-6
 message  {Id=8a143c2d-fe6c-439e-af67-9593221f8f38,FirstNumber=408,secondNumber=894}  written to file by thread pool-3-thread-5
 message  {Id=b715bd00-df15-445e-8ebf-989bbf113a5e,FirstNumber=496,secondNumber=1729}  added by thread pool-3-thread-6
 message  {Id=4431e424-db57-49e6-9c08-c8ffd0019ec0,FirstNumber=134,secondNumber=883}  written to file by thread pool-3-thread-1
 message  {Id=f1193d5d-9a80-4c59-8283-ca080226c857,FirstNumber=203,secondNumber=1134}  added by thread pool-3-thread-6
 message  {Id=b715bd00-df15-445e-8ebf-989bbf113a5e,FirstNumber=496,secondNumber=1729}  written to file by thread pool-3-thread-5
 message  {Id=5ee5ecb6-7fb7-4595-86e1-35ba8607ba8a,FirstNumber=582,secondNumber=1732}  added by thread pool-3-thread-6
 message  {Id=f1193d5d-9a80-4c59-8283-ca080226c857,FirstNumber=203,secondNumber=1134}  written to file by thread pool-3-thread-1
 message  {Id=a7643e4e-9e63-46f0-9fe0-4a156de1adee,FirstNumber=849,secondNumber=1988}  added by thread pool-3-thread-6
 message  {Id=5ee5ecb6-7fb7-4595-86e1-35ba8607ba8a,FirstNumber=582,secondNumber=1732}  written to file by thread pool-3-thread-2
 message  {Id=c140cc6e-6ba3-4a23-ac3a-fd90bf216c7d,FirstNumber=916,secondNumber=733}  added by thread pool-3-thread-6
 message  {Id=a7643e4e-9e63-46f0-9fe0-4a156de1adee,FirstNumber=849,secondNumber=1988}  written to file by thread pool-3-thread-1
 message  {Id=a6516aa8-2dd3-4f30-b40d-6e63c6b826d2,FirstNumber=309,secondNumber=1410}  added by thread pool-3-thread-6
 message  {Id=c140cc6e-6ba3-4a23-ac3a-fd90bf216c7d,FirstNumber=916,secondNumber=733}  written to file by thread pool-3-thread-4
 message  {Id=4b944eda-c0f9-4a65-aaca-458b06271fa3,FirstNumber=785,secondNumber=1350}  added by thread pool-3-thread-6
 message  {Id=a6516aa8-2dd3-4f30-b40d-6e63c6b826d2,FirstNumber=309,secondNumber=1410}  written to file by thread pool-3-thread-5
 message  {Id=58df30c3-a061-4750-aeb8-82bf8ce04430,FirstNumber=705,secondNumber=16}  added by thread pool-3-thread-6
 message  {Id=4b944eda-c0f9-4a65-aaca-458b06271fa3,FirstNumber=785,secondNumber=1350}  written to file by thread pool-3-thread-4
 message  {Id=fcc658f0-82c1-44c5-9248-0af22c08e6b9,FirstNumber=240,secondNumber=1653}  added by thread pool-3-thread-6
 message  {Id=58df30c3-a061-4750-aeb8-82bf8ce04430,FirstNumber=705,secondNumber=16}  written to file by thread pool-3-thread-5
 message  {Id=6b6941ac-dc9b-4211-a9ec-5ffb36649b44,FirstNumber=164,secondNumber=369}  added by thread pool-3-thread-6
 message  {Id=fcc658f0-82c1-44c5-9248-0af22c08e6b9,FirstNumber=240,secondNumber=1653}  written to file by thread pool-3-thread-1
 message  {Id=e42b92fa-5e39-461b-a28d-98f4ac8e74f7,FirstNumber=987,secondNumber=1217}  added by thread pool-3-thread-6
 message  {Id=6b6941ac-dc9b-4211-a9ec-5ffb36649b44,FirstNumber=164,secondNumber=369}  written to file by thread pool-3-thread-5
 message  {Id=816a5732-7ab6-4107-b69b-73ca0397112a,FirstNumber=355,secondNumber=1190}  added by thread pool-3-thread-6
 message  {Id=2536f56b-7a5f-4155-bca9-73508f00782d,FirstNumber=68,secondNumber=1190}  added by thread pool-3-thread-6
 message  {Id=e42b92fa-5e39-461b-a28d-98f4ac8e74f7,FirstNumber=987,secondNumber=1217}  written to file by thread pool-3-thread-2
 message  {Id=816a5732-7ab6-4107-b69b-73ca0397112a,FirstNumber=355,secondNumber=1190}  written to file by thread pool-3-thread-4
 message  {Id=0dff4c13-fb52-425a-b228-68a0f839d6c2,FirstNumber=761,secondNumber=405}  added by thread pool-3-thread-6
 message  {Id=2536f56b-7a5f-4155-bca9-73508f00782d,FirstNumber=68,secondNumber=1190}  written to file by thread pool-3-thread-3
 message  {Id=585bde84-7a96-425e-b724-b7df03e1795e,FirstNumber=711,secondNumber=1533}  added by thread pool-3-thread-6
 message  {Id=0dff4c13-fb52-425a-b228-68a0f839d6c2,FirstNumber=761,secondNumber=405}  written to file by thread pool-3-thread-2
 message  {Id=9824c591-a555-4261-b502-9a6ca2660230,FirstNumber=337,secondNumber=679}  added by thread pool-3-thread-6
 message  {Id=585bde84-7a96-425e-b724-b7df03e1795e,FirstNumber=711,secondNumber=1533}  written to file by thread pool-3-thread-5
 message  {Id=f900081e-c9eb-41d4-9249-0dd495429581,FirstNumber=841,secondNumber=1815}  added by thread pool-3-thread-6
 message  {Id=9824c591-a555-4261-b502-9a6ca2660230,FirstNumber=337,secondNumber=679}  written to file by thread pool-3-thread-1
 message  {Id=debf6ab2-0eed-466a-843a-1d8be1425e65,FirstNumber=477,secondNumber=684}  added by thread pool-3-thread-6
 message  {Id=f900081e-c9eb-41d4-9249-0dd495429581,FirstNumber=841,secondNumber=1815}  written to file by thread pool-3-thread-4
 message  {Id=abc8d13b-a2d9-4742-9de4-f6f6eb2abaaf,FirstNumber=913,secondNumber=891}  added by thread pool-3-thread-6
 message  {Id=debf6ab2-0eed-466a-843a-1d8be1425e65,FirstNumber=477,secondNumber=684}  written to file by thread pool-3-thread-3
 message  {Id=d6ce8a24-2da2-4427-a897-edc25cb384c8,FirstNumber=143,secondNumber=1436}  added by thread pool-3-thread-6
 message  {Id=abc8d13b-a2d9-4742-9de4-f6f6eb2abaaf,FirstNumber=913,secondNumber=891}  written to file by thread pool-3-thread-2
 message  {Id=668a4dee-2e14-4d93-9e30-5e18f045c4a5,FirstNumber=793,secondNumber=913}  added by thread pool-3-thread-6
 message  {Id=d6ce8a24-2da2-4427-a897-edc25cb384c8,FirstNumber=143,secondNumber=1436}  written to file by thread pool-3-thread-3
 message  {Id=db431c72-432d-423f-bd99-f1d298466477,FirstNumber=93,secondNumber=610}  added by thread pool-3-thread-6
 message  {Id=668a4dee-2e14-4d93-9e30-5e18f045c4a5,FirstNumber=793,secondNumber=913}  written to file by thread pool-3-thread-1
 message  {Id=2d7fa87a-c472-4a65-a57d-a0d25e41baff,FirstNumber=181,secondNumber=1123}  added by thread pool-3-thread-6
 message  {Id=db431c72-432d-423f-bd99-f1d298466477,FirstNumber=93,secondNumber=610}  written to file by thread pool-3-thread-4
 message  {Id=4ec90cec-3bc1-4dbe-9484-b06db5fdb10d,FirstNumber=926,secondNumber=215}  added by thread pool-3-thread-6
 message  {Id=2d7fa87a-c472-4a65-a57d-a0d25e41baff,FirstNumber=181,secondNumber=1123}  written to file by thread pool-3-thread-1
 message  {Id=38fbd2fa-2cd8-4fdc-9448-bbc9fc141f62,FirstNumber=367,secondNumber=1064}  added by thread pool-3-thread-6
 message  {Id=4ec90cec-3bc1-4dbe-9484-b06db5fdb10d,FirstNumber=926,secondNumber=215}  written to file by thread pool-3-thread-2
 message  {Id=a5f0216f-dd33-453e-9eb6-98670c36eb17,FirstNumber=33,secondNumber=822}  added by thread pool-3-thread-6
 message  {Id=38fbd2fa-2cd8-4fdc-9448-bbc9fc141f62,FirstNumber=367,secondNumber=1064}  written to file by thread pool-3-thread-3
 message  {Id=28e58bae-a5cf-485a-b3d0-127ad5eb0a5b,FirstNumber=676,secondNumber=898}  added by thread pool-3-thread-6
 message  {Id=a5f0216f-dd33-453e-9eb6-98670c36eb17,FirstNumber=33,secondNumber=822}  written to file by thread pool-3-thread-2
 message  {Id=96487d02-f8e1-48e5-a643-d89a3b29a529,FirstNumber=486,secondNumber=80}  added by thread pool-3-thread-6
 message  {Id=28e58bae-a5cf-485a-b3d0-127ad5eb0a5b,FirstNumber=676,secondNumber=898}  written to file by thread pool-3-thread-4
 message  {Id=1cf584dc-dcdf-4de9-9280-6091f69e1404,FirstNumber=454,secondNumber=1922}  added by thread pool-3-thread-6
 message  {Id=96487d02-f8e1-48e5-a643-d89a3b29a529,FirstNumber=486,secondNumber=80}  written to file by thread pool-3-thread-1
 message  {Id=f3c33109-a7b1-45b1-bd87-7525741f10ef,FirstNumber=414,secondNumber=103}  added by thread pool-3-thread-6
 message  {Id=1cf584dc-dcdf-4de9-9280-6091f69e1404,FirstNumber=454,secondNumber=1922}  written to file by thread pool-3-thread-5
 message  {Id=0b3531b8-7a28-4532-b417-294239d5d6df,FirstNumber=867,secondNumber=81}  added by thread pool-3-thread-6
 message  {Id=f3c33109-a7b1-45b1-bd87-7525741f10ef,FirstNumber=414,secondNumber=103}  written to file by thread pool-3-thread-3
 message  {Id=f3d59582-628a-4bcc-afbd-cc34ef4f5f54,FirstNumber=600,secondNumber=1174}  added by thread pool-3-thread-6
 message  {Id=0b3531b8-7a28-4532-b417-294239d5d6df,FirstNumber=867,secondNumber=81}  written to file by thread pool-3-thread-5
 message  {Id=b5797b7f-25c8-4d1b-83c1-addb6b0babd3,FirstNumber=117,secondNumber=892}  added by thread pool-3-thread-6
 message  {Id=f3d59582-628a-4bcc-afbd-cc34ef4f5f54,FirstNumber=600,secondNumber=1174}  written to file by thread pool-3-thread-3
 message  {Id=5a490ed3-b6ae-43f4-8bb0-db2f48ced99f,FirstNumber=386,secondNumber=1364}  added by thread pool-3-thread-6
 message  {Id=b5797b7f-25c8-4d1b-83c1-addb6b0babd3,FirstNumber=117,secondNumber=892}  written to file by thread pool-3-thread-5
 message  {Id=fe0bedfe-66b8-479f-b8d3-d905c7f76dc1,FirstNumber=510,secondNumber=650}  added by thread pool-3-thread-6
 message  {Id=5a490ed3-b6ae-43f4-8bb0-db2f48ced99f,FirstNumber=386,secondNumber=1364}  written to file by thread pool-3-thread-2
 message  {Id=d3c29093-3885-4cd9-850e-a4044f373399,FirstNumber=493,secondNumber=667}  added by thread pool-3-thread-6
 message  {Id=fe0bedfe-66b8-479f-b8d3-d905c7f76dc1,FirstNumber=510,secondNumber=650}  written to file by thread pool-3-thread-4
 message  {Id=6706fdb9-0c4c-487a-bd56-1a4a5665ec0f,FirstNumber=636,secondNumber=1379}  added by thread pool-3-thread-6
 message  {Id=d3c29093-3885-4cd9-850e-a4044f373399,FirstNumber=493,secondNumber=667}  written to file by thread pool-3-thread-1
 message  {Id=9d2d66c2-df3e-419b-9b02-afe9912763c4,FirstNumber=70,secondNumber=1381}  added by thread pool-3-thread-6
 message  {Id=6706fdb9-0c4c-487a-bd56-1a4a5665ec0f,FirstNumber=636,secondNumber=1379}  written to file by thread pool-3-thread-3
 message  {Id=2f4e6e19-19dd-4d72-8f9a-9c7d3914d9aa,FirstNumber=479,secondNumber=1849}  added by thread pool-3-thread-6
 message  {Id=9d2d66c2-df3e-419b-9b02-afe9912763c4,FirstNumber=70,secondNumber=1381}  written to file by thread pool-3-thread-5
 message  {Id=b29afdeb-5955-4bea-b7e5-a91eacd04c4e,FirstNumber=50,secondNumber=19}  added by thread pool-3-thread-6
 message  {Id=2f4e6e19-19dd-4d72-8f9a-9c7d3914d9aa,FirstNumber=479,secondNumber=1849}  written to file by thread pool-3-thread-3
 message  {Id=b29afdeb-5955-4bea-b7e5-a91eacd04c4e,FirstNumber=50,secondNumber=19}  written to file by thread pool-3-thread-5
 message  {Id=efb0ed67-8a14-4101-8031-b716d608327e,FirstNumber=619,secondNumber=1277}  added by thread pool-3-thread-6
 message  {Id=e1265a9c-ae87-4496-9119-c20b5be13a23,FirstNumber=926,secondNumber=473}  added by thread pool-3-thread-6
 message  {Id=efb0ed67-8a14-4101-8031-b716d608327e,FirstNumber=619,secondNumber=1277}  written to file by thread pool-3-thread-1
 message  {Id=9a5688f9-a654-4d33-aaac-39ee9eb73dee,FirstNumber=985,secondNumber=833}  added by thread pool-3-thread-6
 message  {Id=e1265a9c-ae87-4496-9119-c20b5be13a23,FirstNumber=926,secondNumber=473}  written to file by thread pool-3-thread-2
 message  {Id=792385da-8213-4c92-805f-83cecb0e2a17,FirstNumber=800,secondNumber=780}  added by thread pool-3-thread-6
 message  {Id=9a5688f9-a654-4d33-aaac-39ee9eb73dee,FirstNumber=985,secondNumber=833}  written to file by thread pool-3-thread-4
 message  {Id=ee795c17-58a8-4cd6-992f-7e5e14757384,FirstNumber=158,secondNumber=228}  added by thread pool-3-thread-6
 message  {Id=792385da-8213-4c92-805f-83cecb0e2a17,FirstNumber=800,secondNumber=780}  written to file by thread pool-3-thread-3
 message  {Id=397cca39-588d-45ef-b2de-31e36d74d298,FirstNumber=420,secondNumber=1939}  added by thread pool-3-thread-6
 message  {Id=ee795c17-58a8-4cd6-992f-7e5e14757384,FirstNumber=158,secondNumber=228}  written to file by thread pool-3-thread-4
 message  {Id=5603dd9e-c05f-45f8-8498-101edacaeda9,FirstNumber=12,secondNumber=968}  added by thread pool-3-thread-6
 message  {Id=397cca39-588d-45ef-b2de-31e36d74d298,FirstNumber=420,secondNumber=1939}  written to file by thread pool-3-thread-3
 message  {Id=94e4d60c-c22d-4ea8-ac50-0a1ceb9709ef,FirstNumber=282,secondNumber=544}  added by thread pool-3-thread-6
 message  {Id=5603dd9e-c05f-45f8-8498-101edacaeda9,FirstNumber=12,secondNumber=968}  written to file by thread pool-3-thread-2
 message  {Id=400d3831-fc25-43ea-92fb-ae3fd412a006,FirstNumber=537,secondNumber=1134}  added by thread pool-3-thread-6
 message  {Id=eb7a0746-3d1d-456a-9e62-56d307a2b384,FirstNumber=647,secondNumber=329}  added by thread pool-3-thread-6
 message  {Id=94e4d60c-c22d-4ea8-ac50-0a1ceb9709ef,FirstNumber=282,secondNumber=544}  written to file by thread pool-3-thread-3
 message  {Id=400d3831-fc25-43ea-92fb-ae3fd412a006,FirstNumber=537,secondNumber=1134}  written to file by thread pool-3-thread-2
 message  {Id=1d648f8b-1eab-4fc0-b968-5d9d90856420,FirstNumber=101,secondNumber=1711}  added by thread pool-3-thread-6
 message  {Id=eb7a0746-3d1d-456a-9e62-56d307a2b384,FirstNumber=647,secondNumber=329}  written to file by thread pool-3-thread-4
 message  {Id=d54be44f-d1a0-4491-85da-b88022b4e65a,FirstNumber=727,secondNumber=640}  added by thread pool-3-thread-6
 message  {Id=1d648f8b-1eab-4fc0-b968-5d9d90856420,FirstNumber=101,secondNumber=1711}  written to file by thread pool-3-thread-5
 message  {Id=1998c786-1c86-4e1e-80c2-5c956e9917fb,FirstNumber=850,secondNumber=81}  added by thread pool-3-thread-6
 message  {Id=d54be44f-d1a0-4491-85da-b88022b4e65a,FirstNumber=727,secondNumber=640}  written to file by thread pool-3-thread-1
 message  {Id=cfdb5ab3-90d6-4751-8070-fb040e008747,FirstNumber=58,secondNumber=554}  added by thread pool-3-thread-6
 message  {Id=1998c786-1c86-4e1e-80c2-5c956e9917fb,FirstNumber=850,secondNumber=81}  written to file by thread pool-3-thread-3
 message  {Id=a4822d2b-f182-42e1-977c-01594fc006c7,FirstNumber=931,secondNumber=1501}  added by thread pool-3-thread-6
 message  {Id=cfdb5ab3-90d6-4751-8070-fb040e008747,FirstNumber=58,secondNumber=554}  written to file by thread pool-3-thread-1
 message  {Id=a4822d2b-f182-42e1-977c-01594fc006c7,FirstNumber=931,secondNumber=1501}  written to file by thread pool-3-thread-4
 message  {Id=735b0ef4-f8e7-4ab0-8052-5543b9aa0236,FirstNumber=33,secondNumber=66}  added by thread pool-3-thread-6
 message  {Id=7f9a1c3d-6a69-42a4-9acf-94224c18e1d1,FirstNumber=924,secondNumber=862}  added by thread pool-3-thread-6
 message  {Id=735b0ef4-f8e7-4ab0-8052-5543b9aa0236,FirstNumber=33,secondNumber=66}  written to file by thread pool-3-thread-5
 message  {Id=78ba3e34-c073-469d-8372-bb537727e9b4,FirstNumber=618,secondNumber=894}  added by thread pool-3-thread-6
 message  {Id=7f9a1c3d-6a69-42a4-9acf-94224c18e1d1,FirstNumber=924,secondNumber=862}  written to file by thread pool-3-thread-2
 message  {Id=21c84de3-99dc-43ba-a4d4-9dc0dd9c593b,FirstNumber=508,secondNumber=1685}  added by thread pool-3-thread-6
 message  {Id=78ba3e34-c073-469d-8372-bb537727e9b4,FirstNumber=618,secondNumber=894}  written to file by thread pool-3-thread-3
 message  {Id=16206e11-d8f7-4323-b36c-cb8ef11ee645,FirstNumber=643,secondNumber=1465}  added by thread pool-3-thread-6
 message  {Id=21c84de3-99dc-43ba-a4d4-9dc0dd9c593b,FirstNumber=508,secondNumber=1685}  written to file by thread pool-3-thread-1
 message  {Id=ec4ec59a-b695-43dd-ac57-0ee61cf593ab,FirstNumber=471,secondNumber=1060}  added by thread pool-3-thread-6
 message  {Id=16206e11-d8f7-4323-b36c-cb8ef11ee645,FirstNumber=643,secondNumber=1465}  written to file by thread pool-3-thread-4
 message  {Id=9d043a65-47f5-4acb-b149-1ba382966e9c,FirstNumber=634,secondNumber=1003}  added by thread pool-3-thread-6
 message  {Id=ec4ec59a-b695-43dd-ac57-0ee61cf593ab,FirstNumber=471,secondNumber=1060}  written to file by thread pool-3-thread-5
 message  {Id=217dde2c-bbee-4eeb-8377-e874930ea195,FirstNumber=657,secondNumber=1869}  added by thread pool-3-thread-6
 message  {Id=9d043a65-47f5-4acb-b149-1ba382966e9c,FirstNumber=634,secondNumber=1003}  written to file by thread pool-3-thread-2
 message  {Id=571558e7-ae74-4a4a-b6ab-69194ba3da72,FirstNumber=810,secondNumber=632}  added by thread pool-3-thread-6
 message  {Id=217dde2c-bbee-4eeb-8377-e874930ea195,FirstNumber=657,secondNumber=1869}  written to file by thread pool-3-thread-5
 message  {Id=b4008c3d-6165-4cb9-bbd8-5cd8d3fa30a9,FirstNumber=755,secondNumber=826}  added by thread pool-3-thread-6
 message  {Id=571558e7-ae74-4a4a-b6ab-69194ba3da72,FirstNumber=810,secondNumber=632}  written to file by thread pool-3-thread-2
 message  {Id=7b829056-e13d-4a59-be73-85150b149925,FirstNumber=46,secondNumber=520}  added by thread pool-3-thread-6
 message  {Id=b4008c3d-6165-4cb9-bbd8-5cd8d3fa30a9,FirstNumber=755,secondNumber=826}  written to file by thread pool-3-thread-4
 message  {Id=e9701989-7cac-4a8f-beb4-b9a52d3b1cda,FirstNumber=372,secondNumber=250}  added by thread pool-3-thread-6
 message  {Id=7b829056-e13d-4a59-be73-85150b149925,FirstNumber=46,secondNumber=520}  written to file by thread pool-3-thread-2
 message  {Id=02ec9977-3bbd-4361-82c6-6dd5320e1306,FirstNumber=281,secondNumber=488}  added by thread pool-3-thread-6
 message  {Id=e9701989-7cac-4a8f-beb4-b9a52d3b1cda,FirstNumber=372,secondNumber=250}  written to file by thread pool-3-thread-1
 message  {Id=d64f46d1-9b89-4a73-95d1-19b5b8cdcadd,FirstNumber=380,secondNumber=1960}  added by thread pool-3-thread-6
 message  {Id=02ec9977-3bbd-4361-82c6-6dd5320e1306,FirstNumber=281,secondNumber=488}  written to file by thread pool-3-thread-5
 message  {Id=b5af15bd-6b39-4845-b4f7-f5e36d62ef31,FirstNumber=686,secondNumber=1895}  added by thread pool-3-thread-6
 message  {Id=0443d1ed-10c0-492a-b89d-08377578fb84,FirstNumber=452,secondNumber=62}  added by thread pool-3-thread-6
 message  {Id=b5af15bd-6b39-4845-b4f7-f5e36d62ef31,FirstNumber=686,secondNumber=1895}  written to file by thread pool-3-thread-5
 message  {Id=d64f46d1-9b89-4a73-95d1-19b5b8cdcadd,FirstNumber=380,secondNumber=1960}  written to file by thread pool-3-thread-3
 message  {Id=0c4dd8d7-6092-41ba-80b0-abaacc350c01,FirstNumber=99,secondNumber=569}  added by thread pool-3-thread-6
 message  {Id=0443d1ed-10c0-492a-b89d-08377578fb84,FirstNumber=452,secondNumber=62}  written to file by thread pool-3-thread-2
 message  {Id=b9f65273-4aad-4a7b-aad2-021f3e575629,FirstNumber=518,secondNumber=393}  added by thread pool-3-thread-6
 message  {Id=0c4dd8d7-6092-41ba-80b0-abaacc350c01,FirstNumber=99,secondNumber=569}  written to file by thread pool-3-thread-5
 message  {Id=b9f65273-4aad-4a7b-aad2-021f3e575629,FirstNumber=518,secondNumber=393}  written to file by thread pool-3-thread-4
 message  {Id=4634cfff-3ab9-45c8-b963-283c55370ef4,FirstNumber=682,secondNumber=1014}  added by thread pool-3-thread-6
 message  {Id=4634cfff-3ab9-45c8-b963-283c55370ef4,FirstNumber=682,secondNumber=1014}  written to file by thread pool-3-thread-1
 message  {Id=8b7029db-acfa-4d51-bd0a-4ba98981a94e,FirstNumber=420,secondNumber=1}  added by thread pool-3-thread-6
 message  {Id=63f009a6-3b62-4d6c-859b-0e1229a9ce31,FirstNumber=573,secondNumber=865}  added by thread pool-3-thread-6
 message  {Id=8b7029db-acfa-4d51-bd0a-4ba98981a94e,FirstNumber=420,secondNumber=1}  written to file by thread pool-3-thread-3
 message  {Id=aa9ff17c-f5b1-4739-aced-0080471faab4,FirstNumber=447,secondNumber=459}  added by thread pool-3-thread-6
 message  {Id=63f009a6-3b62-4d6c-859b-0e1229a9ce31,FirstNumber=573,secondNumber=865}  written to file by thread pool-3-thread-2
 message  {Id=c4abe60e-7636-411c-b770-2304c31c793f,FirstNumber=348,secondNumber=589}  added by thread pool-3-thread-6
 message  {Id=a0bd36cc-a2b8-41da-b48f-e4cb36b1ae83,FirstNumber=467,secondNumber=103}  added by thread pool-3-thread-6
 message  {Id=aa9ff17c-f5b1-4739-aced-0080471faab4,FirstNumber=447,secondNumber=459}  written to file by thread pool-3-thread-3
 message  {Id=c4abe60e-7636-411c-b770-2304c31c793f,FirstNumber=348,secondNumber=589}  written to file by thread pool-3-thread-4
 message  {Id=a9fb6af8-7d92-401f-817b-b47448a67a4e,FirstNumber=427,secondNumber=1008}  added by thread pool-3-thread-6
 message  {Id=a0bd36cc-a2b8-41da-b48f-e4cb36b1ae83,FirstNumber=467,secondNumber=103}  written to file by thread pool-3-thread-1
 message  {Id=195fd0f8-8345-4e04-acac-e7a5746b2e15,FirstNumber=981,secondNumber=1122}  added by thread pool-3-thread-6
 message  {Id=a9fb6af8-7d92-401f-817b-b47448a67a4e,FirstNumber=427,secondNumber=1008}  written to file by thread pool-3-thread-3
 message  {Id=775e35ce-ef08-4e65-a3fc-6a9d1a947c07,FirstNumber=691,secondNumber=111}  added by thread pool-3-thread-6
 message  {Id=195fd0f8-8345-4e04-acac-e7a5746b2e15,FirstNumber=981,secondNumber=1122}  written to file by thread pool-3-thread-1
 message  {Id=a4a32d33-0c03-4e25-a6c2-140c5ee4f5bf,FirstNumber=840,secondNumber=1955}  added by thread pool-3-thread-6
 message  {Id=775e35ce-ef08-4e65-a3fc-6a9d1a947c07,FirstNumber=691,secondNumber=111}  written to file by thread pool-3-thread-5
 message  {Id=ab98fbac-6e1f-4c38-84a2-b0edfa097d2a,FirstNumber=216,secondNumber=570}  added by thread pool-3-thread-6
 message  {Id=a4a32d33-0c03-4e25-a6c2-140c5ee4f5bf,FirstNumber=840,secondNumber=1955}  written to file by thread pool-3-thread-1
 message  {Id=ab98fbac-6e1f-4c38-84a2-b0edfa097d2a,FirstNumber=216,secondNumber=570}  written to file by thread pool-3-thread-2
 message  {Id=63c508a8-1675-4e80-a5b5-f5bf6d728acf,FirstNumber=815,secondNumber=273}  added by thread pool-3-thread-6
 message  {Id=63c508a8-1675-4e80-a5b5-f5bf6d728acf,FirstNumber=815,secondNumber=273}  written to file by thread pool-3-thread-1
 message  {Id=3dc82079-55ff-4bf2-8530-d746449c3673,FirstNumber=379,secondNumber=716}  added by thread pool-3-thread-6
 message  {Id=3dc82079-55ff-4bf2-8530-d746449c3673,FirstNumber=379,secondNumber=716}  written to file by thread pool-3-thread-1
 message  {Id=0eeefab5-b643-47a7-994b-a351765e158e,FirstNumber=555,secondNumber=832}  added by thread pool-3-thread-6
 message  {Id=0eeefab5-b643-47a7-994b-a351765e158e,FirstNumber=555,secondNumber=832}  written to file by thread pool-3-thread-5
 message  {Id=044d6009-edb7-4701-b0ae-2f79356e4ba9,FirstNumber=684,secondNumber=1869}  added by thread pool-3-thread-6
 message  {Id=4725300e-df08-4ee1-8fe2-ac6351e2aeb9,FirstNumber=710,secondNumber=1775}  added by thread pool-3-thread-6
 message  {Id=044d6009-edb7-4701-b0ae-2f79356e4ba9,FirstNumber=684,secondNumber=1869}  written to file by thread pool-3-thread-3
 message  {Id=4725300e-df08-4ee1-8fe2-ac6351e2aeb9,FirstNumber=710,secondNumber=1775}  written to file by thread pool-3-thread-2
 message  {Id=3324743c-8a39-4405-bfb0-c30834bb78d4,FirstNumber=898,secondNumber=220}  added by thread pool-3-thread-6
 message  {Id=3324743c-8a39-4405-bfb0-c30834bb78d4,FirstNumber=898,secondNumber=220}  written to file by thread pool-3-thread-4
 message  {Id=bf804acd-fc7e-48c6-a630-6892cce3be4d,FirstNumber=311,secondNumber=1890}  added by thread pool-3-thread-6
 message  {Id=c2513ad1-ae8f-47eb-93af-05b1c0d6d376,FirstNumber=991,secondNumber=1464}  added by thread pool-3-thread-6
 message  {Id=bf804acd-fc7e-48c6-a630-6892cce3be4d,FirstNumber=311,secondNumber=1890}  written to file by thread pool-3-thread-1
 message  {Id=c2513ad1-ae8f-47eb-93af-05b1c0d6d376,FirstNumber=991,secondNumber=1464}  written to file by thread pool-3-thread-5
 message  {Id=ba8ca9ca-01a9-4475-9fd4-c17365cfa053,FirstNumber=87,secondNumber=330}  added by thread pool-3-thread-6
 message  {Id=3f34e32d-7374-470f-9140-13c29d5e73ef,FirstNumber=736,secondNumber=1708}  added by thread pool-3-thread-6
 message  {Id=ba8ca9ca-01a9-4475-9fd4-c17365cfa053,FirstNumber=87,secondNumber=330}  written to file by thread pool-3-thread-3
 message  {Id=3f34e32d-7374-470f-9140-13c29d5e73ef,FirstNumber=736,secondNumber=1708}  written to file by thread pool-3-thread-2
 message  {Id=12297c23-6a23-4855-8fe7-a2a81c91475b,FirstNumber=944,secondNumber=685}  added by thread pool-3-thread-6
 message  {Id=12297c23-6a23-4855-8fe7-a2a81c91475b,FirstNumber=944,secondNumber=685}  written to file by thread pool-3-thread-4
 message  {Id=497994c8-41f1-4dea-9864-6584086b9bcd,FirstNumber=120,secondNumber=299}  added by thread pool-3-thread-6
 message  {Id=497994c8-41f1-4dea-9864-6584086b9bcd,FirstNumber=120,secondNumber=299}  written to file by thread pool-3-thread-1
 message  {Id=169353f6-fca6-44f2-b5b2-4c02ff390d16,FirstNumber=214,secondNumber=413}  added by thread pool-3-thread-6
 message  {Id=169353f6-fca6-44f2-b5b2-4c02ff390d16,FirstNumber=214,secondNumber=413}  written to file by thread pool-3-thread-5
 message  {Id=8fa0b50c-bf24-478b-b369-2083cdbe6a95,FirstNumber=89,secondNumber=883}  added by thread pool-3-thread-6
 message  {Id=c77d6f79-f450-4a82-a765-306f28c8cf1f,FirstNumber=40,secondNumber=403}  added by thread pool-3-thread-6
 message  {Id=8fa0b50c-bf24-478b-b369-2083cdbe6a95,FirstNumber=89,secondNumber=883}  written to file by thread pool-3-thread-3
 message  {Id=c77d6f79-f450-4a82-a765-306f28c8cf1f,FirstNumber=40,secondNumber=403}  written to file by thread pool-3-thread-2
 message  {Id=d8173140-58f2-49b0-9b49-43660eccc447,FirstNumber=23,secondNumber=281}  added by thread pool-3-thread-6
 message  {Id=d8173140-58f2-49b0-9b49-43660eccc447,FirstNumber=23,secondNumber=281}  written to file by thread pool-3-thread-4
 message  {Id=b6422a3a-ca41-4a9d-9f41-233ca64fb40b,FirstNumber=730,secondNumber=258}  added by thread pool-3-thread-6
 message  {Id=b6422a3a-ca41-4a9d-9f41-233ca64fb40b,FirstNumber=730,secondNumber=258}  written to file by thread pool-3-thread-1
 message  {Id=698716f4-ffe5-4538-b8d4-47f20b760bc8,FirstNumber=771,secondNumber=1509}  added by thread pool-3-thread-6
 message  {Id=698716f4-ffe5-4538-b8d4-47f20b760bc8,FirstNumber=771,secondNumber=1509}  written to file by thread pool-3-thread-5
 message  {Id=a90bed94-adc2-4759-8eab-3a6479a560a8,FirstNumber=366,secondNumber=1144}  added by thread pool-3-thread-6
 message  {Id=3e2e68ea-910e-490f-9468-3237fcac0097,FirstNumber=519,secondNumber=1420}  added by thread pool-3-thread-6
 message  {Id=a90bed94-adc2-4759-8eab-3a6479a560a8,FirstNumber=366,secondNumber=1144}  written to file by thread pool-3-thread-3
 message  {Id=3e2e68ea-910e-490f-9468-3237fcac0097,FirstNumber=519,secondNumber=1420}  written to file by thread pool-3-thread-2
 message  {Id=8154f4f2-be3a-4a0f-bcb1-6dfaeb6c4a87,FirstNumber=114,secondNumber=626}  added by thread pool-3-thread-6
 message  {Id=8154f4f2-be3a-4a0f-bcb1-6dfaeb6c4a87,FirstNumber=114,secondNumber=626}  written to file by thread pool-3-thread-4
 message  {Id=bf6ea8d5-4916-4f5e-9dae-b07d5d86413c,FirstNumber=730,secondNumber=539}  added by thread pool-3-thread-6
 message  {Id=bf6ea8d5-4916-4f5e-9dae-b07d5d86413c,FirstNumber=730,secondNumber=539}  written to file by thread pool-3-thread-1
 message  {Id=de20c340-08df-48f7-ba88-9dd0eb1026be,FirstNumber=110,secondNumber=498}  added by thread pool-3-thread-6
 message  {Id=de20c340-08df-48f7-ba88-9dd0eb1026be,FirstNumber=110,secondNumber=498}  written to file by thread pool-3-thread-5
 message  {Id=4797119c-f0bc-47a1-b150-f1f575e29a28,FirstNumber=685,secondNumber=99}  added by thread pool-3-thread-6
 message  {Id=0cf6783a-7594-4617-9a59-f727825b9da1,FirstNumber=638,secondNumber=539}  added by thread pool-3-thread-6
 message  {Id=4797119c-f0bc-47a1-b150-f1f575e29a28,FirstNumber=685,secondNumber=99}  written to file by thread pool-3-thread-3
 message  {Id=0cf6783a-7594-4617-9a59-f727825b9da1,FirstNumber=638,secondNumber=539}  written to file by thread pool-3-thread-2
 message  {Id=fbf51eff-d529-4df8-bddd-43c9a8df7283,FirstNumber=586,secondNumber=1885}  added by thread pool-3-thread-6
 message  {Id=fbf51eff-d529-4df8-bddd-43c9a8df7283,FirstNumber=586,secondNumber=1885}  written to file by thread pool-3-thread-3
 message  {Id=44940ee3-01d4-4b4a-9d7f-f1de30e95e48,FirstNumber=858,secondNumber=1536}  added by thread pool-3-thread-6
 message  {Id=58ceaaf5-1ea8-4b8e-9679-60f23a7a362c,FirstNumber=333,secondNumber=1154}  added by thread pool-3-thread-6
 message  {Id=44940ee3-01d4-4b4a-9d7f-f1de30e95e48,FirstNumber=858,secondNumber=1536}  written to file by thread pool-3-thread-1
 message  {Id=58ceaaf5-1ea8-4b8e-9679-60f23a7a362c,FirstNumber=333,secondNumber=1154}  written to file by thread pool-3-thread-5
 message  {Id=b8f131a3-9d65-469d-9a10-bc6d2fefaddd,FirstNumber=639,secondNumber=1607}  added by thread pool-3-thread-6
 message  {Id=b8f131a3-9d65-469d-9a10-bc6d2fefaddd,FirstNumber=639,secondNumber=1607}  written to file by thread pool-3-thread-4
 message  {Id=08ed798a-d5d1-4da8-b738-daf2c053f10c,FirstNumber=731,secondNumber=1619}  added by thread pool-3-thread-6
 message  {Id=08ed798a-d5d1-4da8-b738-daf2c053f10c,FirstNumber=731,secondNumber=1619}  written to file by thread pool-3-thread-2
 message  {Id=7ce3e1a5-7bb3-47c1-b6b6-85aed9c0a02d,FirstNumber=453,secondNumber=443}  added by thread pool-3-thread-6
 message  {Id=5fa36fd0-1022-4653-a3f7-3a56e06e72bb,FirstNumber=255,secondNumber=516}  added by thread pool-3-thread-6
 message  {Id=7ce3e1a5-7bb3-47c1-b6b6-85aed9c0a02d,FirstNumber=453,secondNumber=443}  written to file by thread pool-3-thread-3
 message  {Id=0d7abb3c-e9c5-4fd9-98b0-d9b03e8043a7,FirstNumber=434,secondNumber=1396}  added by thread pool-3-thread-6
 message  {Id=5fa36fd0-1022-4653-a3f7-3a56e06e72bb,FirstNumber=255,secondNumber=516}  written to file by thread pool-3-thread-1
 message  {Id=5dead16a-fcbf-4947-86c7-c46bf4c32ccf,FirstNumber=95,secondNumber=790}  added by thread pool-3-thread-6
 message  {Id=0d7abb3c-e9c5-4fd9-98b0-d9b03e8043a7,FirstNumber=434,secondNumber=1396}  written to file by thread pool-3-thread-5
 message  {Id=5dead16a-fcbf-4947-86c7-c46bf4c32ccf,FirstNumber=95,secondNumber=790}  written to file by thread pool-3-thread-4
 message  {Id=47685f25-c2da-4c6a-bbf7-49c804008890,FirstNumber=112,secondNumber=72}  added by thread pool-3-thread-6
 message  {Id=47685f25-c2da-4c6a-bbf7-49c804008890,FirstNumber=112,secondNumber=72}  written to file by thread pool-3-thread-2
 message  {Id=8ac951a4-63f0-49cf-a50f-e1a9e394f1d2,FirstNumber=172,secondNumber=978}  added by thread pool-3-thread-6
 message  {Id=2004056f-4f90-4c43-b62d-e3f06d49322b,FirstNumber=92,secondNumber=1947}  added by thread pool-3-thread-6
 message  {Id=8ac951a4-63f0-49cf-a50f-e1a9e394f1d2,FirstNumber=172,secondNumber=978}  written to file by thread pool-3-thread-3
 message  {Id=2004056f-4f90-4c43-b62d-e3f06d49322b,FirstNumber=92,secondNumber=1947}  written to file by thread pool-3-thread-1
 message  {Id=89988b88-454f-44fe-a03a-8f7d66352587,FirstNumber=319,secondNumber=1978}  added by thread pool-3-thread-6
 message  {Id=89988b88-454f-44fe-a03a-8f7d66352587,FirstNumber=319,secondNumber=1978}  written to file by thread pool-3-thread-5
 message  {Id=77eb0787-801e-4190-9aa5-5b6ad3425602,FirstNumber=804,secondNumber=15}  added by thread pool-3-thread-6
 message  {Id=77eb0787-801e-4190-9aa5-5b6ad3425602,FirstNumber=804,secondNumber=15}  written to file by thread pool-3-thread-4
 message  {Id=8a742c15-800c-447f-a7a8-be8686c8501e,FirstNumber=915,secondNumber=1662}  added by thread pool-3-thread-6
 message  {Id=8a742c15-800c-447f-a7a8-be8686c8501e,FirstNumber=915,secondNumber=1662}  written to file by thread pool-3-thread-2
 message  {Id=e1775727-ec9d-4a91-9dec-236e6787069a,FirstNumber=964,secondNumber=1579}  added by thread pool-3-thread-6
 message  {Id=4db45d16-ec88-4ea0-af6b-72bf0bd94dd9,FirstNumber=463,secondNumber=584}  added by thread pool-3-thread-6
 message  {Id=e1775727-ec9d-4a91-9dec-236e6787069a,FirstNumber=964,secondNumber=1579}  written to file by thread pool-3-thread-3
 message  {Id=4db45d16-ec88-4ea0-af6b-72bf0bd94dd9,FirstNumber=463,secondNumber=584}  written to file by thread pool-3-thread-1
 message  {Id=2ff22fc7-ded3-471c-8a37-80c61ff55f90,FirstNumber=610,secondNumber=1073}  added by thread pool-3-thread-6
 message  {Id=2ff22fc7-ded3-471c-8a37-80c61ff55f90,FirstNumber=610,secondNumber=1073}  written to file by thread pool-3-thread-5
 message  {Id=23814ffc-feeb-48f8-a42a-2da985f56fd8,FirstNumber=694,secondNumber=1143}  added by thread pool-3-thread-6
 message  {Id=23814ffc-feeb-48f8-a42a-2da985f56fd8,FirstNumber=694,secondNumber=1143}  written to file by thread pool-3-thread-4
 message  {Id=66e724c1-5bcb-4163-9cb9-e283ed16afe3,FirstNumber=994,secondNumber=428}  added by thread pool-3-thread-6
 message  {Id=66e724c1-5bcb-4163-9cb9-e283ed16afe3,FirstNumber=994,secondNumber=428}  written to file by thread pool-3-thread-4
 message  {Id=fba123f3-68c4-45b9-8a6e-ec581d1e553a,FirstNumber=927,secondNumber=859}  added by thread pool-3-thread-6
 message  {Id=28616619-1d75-4745-955a-a2c27e6691ac,FirstNumber=164,secondNumber=1759}  added by thread pool-3-thread-6
 message  {Id=fba123f3-68c4-45b9-8a6e-ec581d1e553a,FirstNumber=927,secondNumber=859}  written to file by thread pool-3-thread-3
 message  {Id=28616619-1d75-4745-955a-a2c27e6691ac,FirstNumber=164,secondNumber=1759}  written to file by thread pool-3-thread-1
 message  {Id=88881dd2-eace-4a19-be9c-dbe0e1d72c59,FirstNumber=145,secondNumber=378}  added by thread pool-3-thread-6
 message  {Id=88881dd2-eace-4a19-be9c-dbe0e1d72c59,FirstNumber=145,secondNumber=378}  written to file by thread pool-3-thread-5
 message  {Id=f0d1be32-a456-40ef-92c1-3d5190451f74,FirstNumber=350,secondNumber=1258}  added by thread pool-3-thread-6
 message  {Id=f0d1be32-a456-40ef-92c1-3d5190451f74,FirstNumber=350,secondNumber=1258}  written to file by thread pool-3-thread-2
 message  {Id=767d05b1-68e6-43df-8ab6-b0722463ae1f,FirstNumber=97,secondNumber=39}  added by thread pool-3-thread-6
 message  {Id=767d05b1-68e6-43df-8ab6-b0722463ae1f,FirstNumber=97,secondNumber=39}  written to file by thread pool-3-thread-4
 message  {Id=b83282b2-7289-4597-9c1e-0db2b4dfe2c2,FirstNumber=481,secondNumber=1241}  added by thread pool-3-thread-6
 message  {Id=6e39ebae-e854-41ab-99fd-b571c99bbf13,FirstNumber=733,secondNumber=1088}  added by thread pool-3-thread-6
 message  {Id=b83282b2-7289-4597-9c1e-0db2b4dfe2c2,FirstNumber=481,secondNumber=1241}  written to file by thread pool-3-thread-3
 message  {Id=8376eeae-921a-48c6-b03e-7c737ef34205,FirstNumber=451,secondNumber=994}  added by thread pool-3-thread-6
 message  {Id=6e39ebae-e854-41ab-99fd-b571c99bbf13,FirstNumber=733,secondNumber=1088}  written to file by thread pool-3-thread-1
 message  {Id=8376eeae-921a-48c6-b03e-7c737ef34205,FirstNumber=451,secondNumber=994}  written to file by thread pool-3-thread-3
 message  {Id=30576278-f017-4b12-a593-0c343aea21c5,FirstNumber=837,secondNumber=1182}  added by thread pool-3-thread-6
 message  {Id=30576278-f017-4b12-a593-0c343aea21c5,FirstNumber=837,secondNumber=1182}  written to file by thread pool-3-thread-2
 message  {Id=314f567e-be3f-4e12-9287-0164d3a665c8,FirstNumber=285,secondNumber=1418}  added by thread pool-3-thread-6
 message  {Id=314f567e-be3f-4e12-9287-0164d3a665c8,FirstNumber=285,secondNumber=1418}  written to file by thread pool-3-thread-2
 message  {Id=cabdfe0a-621b-4a0d-b087-77bc9ef7965e,FirstNumber=845,secondNumber=594}  added by thread pool-3-thread-6
 message  {Id=cabdfe0a-621b-4a0d-b087-77bc9ef7965e,FirstNumber=845,secondNumber=594}  written to file by thread pool-3-thread-2
 message  {Id=5e5606f1-026f-4b52-b354-2312d20781e0,FirstNumber=883,secondNumber=1158}  added by thread pool-3-thread-6
 message  {Id=6bcb27cd-b6f2-4f73-af04-29b6bb363e67,FirstNumber=940,secondNumber=957}  added by thread pool-3-thread-6
 message  {Id=5e5606f1-026f-4b52-b354-2312d20781e0,FirstNumber=883,secondNumber=1158}  written to file by thread pool-3-thread-1
 message  {Id=a1346771-ebab-4ec8-86b1-11a2e7da7397,FirstNumber=343,secondNumber=1106}  added by thread pool-3-thread-6
 message  {Id=6bcb27cd-b6f2-4f73-af04-29b6bb363e67,FirstNumber=940,secondNumber=957}  written to file by thread pool-3-thread-3
 message  {Id=989dd64c-8d51-43e6-8973-cb3125fcdb14,FirstNumber=99,secondNumber=823}  added by thread pool-3-thread-6
 message  {Id=a1346771-ebab-4ec8-86b1-11a2e7da7397,FirstNumber=343,secondNumber=1106}  written to file by thread pool-3-thread-4
 message  {Id=989dd64c-8d51-43e6-8973-cb3125fcdb14,FirstNumber=99,secondNumber=823}  written to file by thread pool-3-thread-5
 message  {Id=0e6336e6-312d-4e48-94cf-330ba8341f46,FirstNumber=842,secondNumber=421}  added by thread pool-3-thread-6
 message  {Id=0e6336e6-312d-4e48-94cf-330ba8341f46,FirstNumber=842,secondNumber=421}  written to file by thread pool-3-thread-2
 message  {Id=a655a726-f061-4466-a61d-3aeb6032c26a,FirstNumber=891,secondNumber=1785}  added by thread pool-3-thread-6
 message  {Id=a655a726-f061-4466-a61d-3aeb6032c26a,FirstNumber=891,secondNumber=1785}  written to file by thread pool-3-thread-1
 message  {Id=162ab604-e49b-4259-9fdb-00aa5acf28bd,FirstNumber=602,secondNumber=920}  added by thread pool-3-thread-6
 message  {Id=8d2733ab-8c91-435c-99c3-7d303430642a,FirstNumber=148,secondNumber=1895}  added by thread pool-3-thread-6
 message  {Id=162ab604-e49b-4259-9fdb-00aa5acf28bd,FirstNumber=602,secondNumber=920}  written to file by thread pool-3-thread-3
 message  {Id=8d2733ab-8c91-435c-99c3-7d303430642a,FirstNumber=148,secondNumber=1895}  written to file by thread pool-3-thread-4
 message  {Id=a2238fd0-dcf0-42e6-9f1b-a84bbcb05b78,FirstNumber=692,secondNumber=1828}  added by thread pool-3-thread-6
 message  {Id=a2238fd0-dcf0-42e6-9f1b-a84bbcb05b78,FirstNumber=692,secondNumber=1828}  written to file by thread pool-3-thread-5
 message  {Id=984648ea-b96a-493a-b9e8-f2d3c3e1359c,FirstNumber=126,secondNumber=1790}  added by thread pool-3-thread-6
 message  {Id=984648ea-b96a-493a-b9e8-f2d3c3e1359c,FirstNumber=126,secondNumber=1790}  written to file by thread pool-3-thread-2
 message  {Id=a30469ee-c54e-4ce6-a414-b9118966bfcd,FirstNumber=81,secondNumber=1307}  added by thread pool-3-thread-6
 message  {Id=a30469ee-c54e-4ce6-a414-b9118966bfcd,FirstNumber=81,secondNumber=1307}  written to file by thread pool-3-thread-1
 message  {Id=b9e313f0-66ba-4ff0-96a1-ee111a4725a7,FirstNumber=138,secondNumber=157}  added by thread pool-3-thread-6
 message  {Id=ee90b49e-6a7a-43ea-93a4-86afa49be07b,FirstNumber=194,secondNumber=1771}  added by thread pool-3-thread-6
 message  {Id=b9e313f0-66ba-4ff0-96a1-ee111a4725a7,FirstNumber=138,secondNumber=157}  written to file by thread pool-3-thread-3
 message  {Id=b6996341-398a-4c46-a353-0812c498e8e4,FirstNumber=467,secondNumber=1687}  added by thread pool-3-thread-6
 message  {Id=ee90b49e-6a7a-43ea-93a4-86afa49be07b,FirstNumber=194,secondNumber=1771}  written to file by thread pool-3-thread-4
 message  {Id=b6996341-398a-4c46-a353-0812c498e8e4,FirstNumber=467,secondNumber=1687}  written to file by thread pool-3-thread-5
 message  {Id=7fb65385-64f8-4555-b686-acae026201bb,FirstNumber=211,secondNumber=1373}  added by thread pool-3-thread-6
 message  {Id=7fb65385-64f8-4555-b686-acae026201bb,FirstNumber=211,secondNumber=1373}  written to file by thread pool-3-thread-2
 message  {Id=38b07381-3a04-4047-853f-0d082927776b,FirstNumber=451,secondNumber=1302}  added by thread pool-3-thread-6
 message  {Id=38b07381-3a04-4047-853f-0d082927776b,FirstNumber=451,secondNumber=1302}  written to file by thread pool-3-thread-1
 message  {Id=447ed886-9837-4823-b08f-b0d8c94a0968,FirstNumber=741,secondNumber=1519}  added by thread pool-3-thread-6
 message  {Id=19c9c994-f149-495d-a7c9-5b22d1facc9e,FirstNumber=767,secondNumber=191}  added by thread pool-3-thread-6
 message  {Id=447ed886-9837-4823-b08f-b0d8c94a0968,FirstNumber=741,secondNumber=1519}  written to file by thread pool-3-thread-3
 message  {Id=ce4c65f0-c3d4-48fb-9e7e-cac71a822a50,FirstNumber=184,secondNumber=1819}  added by thread pool-3-thread-6
 message  {Id=19c9c994-f149-495d-a7c9-5b22d1facc9e,FirstNumber=767,secondNumber=191}  written to file by thread pool-3-thread-4
 message  {Id=ce4c65f0-c3d4-48fb-9e7e-cac71a822a50,FirstNumber=184,secondNumber=1819}  written to file by thread pool-3-thread-5
 message  {Id=b7edf9ed-272f-46a7-bf12-d4fa51369e2e,FirstNumber=945,secondNumber=1175}  added by thread pool-3-thread-6
 message  {Id=b7edf9ed-272f-46a7-bf12-d4fa51369e2e,FirstNumber=945,secondNumber=1175}  written to file by thread pool-3-thread-2
 message  {Id=1d16fc52-6da2-4ce0-9376-088618273f35,FirstNumber=283,secondNumber=1035}  added by thread pool-3-thread-6
 message  {Id=1d16fc52-6da2-4ce0-9376-088618273f35,FirstNumber=283,secondNumber=1035}  written to file by thread pool-3-thread-1
 message  {Id=7c83dc13-1f11-42b2-bca0-c0e1c89d0049,FirstNumber=258,secondNumber=1587}  added by thread pool-3-thread-6
 message  {Id=9161a791-148f-4b69-b4eb-a5e0386098ff,FirstNumber=961,secondNumber=785}  added by thread pool-3-thread-6
 message  {Id=7c83dc13-1f11-42b2-bca0-c0e1c89d0049,FirstNumber=258,secondNumber=1587}  written to file by thread pool-3-thread-3
 message  {Id=9161a791-148f-4b69-b4eb-a5e0386098ff,FirstNumber=961,secondNumber=785}  written to file by thread pool-3-thread-4
 message  {Id=220f1376-43f4-44d3-8211-a745bb491976,FirstNumber=77,secondNumber=724}  added by thread pool-3-thread-6
 message  {Id=220f1376-43f4-44d3-8211-a745bb491976,FirstNumber=77,secondNumber=724}  written to file by thread pool-3-thread-3
 message  {Id=9f641498-8f12-44ac-9c1b-537e9dcf19dd,FirstNumber=226,secondNumber=1129}  added by thread pool-3-thread-6
 message  {Id=9f641498-8f12-44ac-9c1b-537e9dcf19dd,FirstNumber=226,secondNumber=1129}  written to file by thread pool-3-thread-2
 message  {Id=c69f58c1-4e5b-4513-92e4-0a5a187573ba,FirstNumber=304,secondNumber=14}  added by thread pool-3-thread-6
 message  {Id=c69f58c1-4e5b-4513-92e4-0a5a187573ba,FirstNumber=304,secondNumber=14}  written to file by thread pool-3-thread-1
 message  {Id=4c9bb438-ed20-422c-b704-f638ecef6888,FirstNumber=134,secondNumber=1711}  added by thread pool-3-thread-6
 message  {Id=16b5fba7-1dac-4f30-b89c-769dadbec7fc,FirstNumber=343,secondNumber=1546}  added by thread pool-3-thread-6
 message  {Id=4c9bb438-ed20-422c-b704-f638ecef6888,FirstNumber=134,secondNumber=1711}  written to file by thread pool-3-thread-5
 message  {Id=16b5fba7-1dac-4f30-b89c-769dadbec7fc,FirstNumber=343,secondNumber=1546}  written to file by thread pool-3-thread-4
 message  {Id=d8c7cbee-ab02-4581-b6d2-01f85bab6620,FirstNumber=201,secondNumber=1210}  added by thread pool-3-thread-6
 message  {Id=39f22230-8fbc-41e9-b317-cb6a8c52d448,FirstNumber=329,secondNumber=124}  added by thread pool-3-thread-6
 message  {Id=d8c7cbee-ab02-4581-b6d2-01f85bab6620,FirstNumber=201,secondNumber=1210}  written to file by thread pool-3-thread-3
 message  {Id=b3ab55d9-ba03-4c7c-afbb-3ff2bacd9040,FirstNumber=85,secondNumber=994}  added by thread pool-3-thread-6
 message  {Id=39f22230-8fbc-41e9-b317-cb6a8c52d448,FirstNumber=329,secondNumber=124}  written to file by thread pool-3-thread-2
 message  {Id=a3d8466b-9360-4a68-86f0-8da40b75c9d7,FirstNumber=522,secondNumber=1815}  added by thread pool-3-thread-6
 message  {Id=b3ab55d9-ba03-4c7c-afbb-3ff2bacd9040,FirstNumber=85,secondNumber=994}  written to file by thread pool-3-thread-1
 message  {Id=a3d8466b-9360-4a68-86f0-8da40b75c9d7,FirstNumber=522,secondNumber=1815}  written to file by thread pool-3-thread-5
 message  {Id=d6ca6d59-a40d-46fa-9c3f-b34bdb7a09c7,FirstNumber=563,secondNumber=1426}  added by thread pool-3-thread-6
 message  {Id=d6ca6d59-a40d-46fa-9c3f-b34bdb7a09c7,FirstNumber=563,secondNumber=1426}  written to file by thread pool-3-thread-4
 message  {Id=f4258722-bc08-4269-84db-91f8a091c782,FirstNumber=577,secondNumber=1465}  added by thread pool-3-thread-6
 message  {Id=b921b7b4-d15b-4e85-a663-ccb5ffcda3a3,FirstNumber=478,secondNumber=13}  added by thread pool-3-thread-6
 message  {Id=f4258722-bc08-4269-84db-91f8a091c782,FirstNumber=577,secondNumber=1465}  written to file by thread pool-3-thread-3
 message  {Id=c4999bb5-efef-4021-98eb-99ec98f5234c,FirstNumber=721,secondNumber=108}  added by thread pool-3-thread-6
 message  {Id=b921b7b4-d15b-4e85-a663-ccb5ffcda3a3,FirstNumber=478,secondNumber=13}  written to file by thread pool-3-thread-2
 message  {Id=c4999bb5-efef-4021-98eb-99ec98f5234c,FirstNumber=721,secondNumber=108}  written to file by thread pool-3-thread-1
 message  {Id=7cd3dbeb-287b-43c4-b423-689e241a8022,FirstNumber=854,secondNumber=1167}  added by thread pool-3-thread-6
 message  {Id=7cd3dbeb-287b-43c4-b423-689e241a8022,FirstNumber=854,secondNumber=1167}  written to file by thread pool-3-thread-5
 message  {Id=786dab2a-8353-4008-83a0-8fa5372591db,FirstNumber=274,secondNumber=1909}  added by thread pool-3-thread-6
 message  {Id=786dab2a-8353-4008-83a0-8fa5372591db,FirstNumber=274,secondNumber=1909}  written to file by thread pool-3-thread-4
 message  {Id=278adad2-6293-4131-9807-44b1f9534923,FirstNumber=19,secondNumber=1842}  added by thread pool-3-thread-6
 message  {Id=49443528-4bde-4858-8378-f243c6d0b47d,FirstNumber=582,secondNumber=1850}  added by thread pool-3-thread-6
 message  {Id=278adad2-6293-4131-9807-44b1f9534923,FirstNumber=19,secondNumber=1842}  written to file by thread pool-3-thread-3
 message  {Id=0257024b-a2e4-418b-8ef1-1a03f3d1a451,FirstNumber=308,secondNumber=278}  added by thread pool-3-thread-6
 message  {Id=49443528-4bde-4858-8378-f243c6d0b47d,FirstNumber=582,secondNumber=1850}  written to file by thread pool-3-thread-2
 message  {Id=04e856e9-1b40-41ea-988a-9193250d35b8,FirstNumber=663,secondNumber=526}  added by thread pool-3-thread-6
 message  {Id=0257024b-a2e4-418b-8ef1-1a03f3d1a451,FirstNumber=308,secondNumber=278}  written to file by thread pool-3-thread-1
 message  {Id=04e856e9-1b40-41ea-988a-9193250d35b8,FirstNumber=663,secondNumber=526}  written to file by thread pool-3-thread-5
 message  {Id=e2d144f6-913b-4302-8a41-be3bc531331b,FirstNumber=12,secondNumber=1639}  added by thread pool-3-thread-6
 message  {Id=e2d144f6-913b-4302-8a41-be3bc531331b,FirstNumber=12,secondNumber=1639}  written to file by thread pool-3-thread-4
 message  {Id=6bec28a5-38bc-459b-a87b-cbed213679e3,FirstNumber=345,secondNumber=1656}  added by thread pool-3-thread-6
 message  {Id=96e87029-dc6e-4a7c-a057-f6427b2385d0,FirstNumber=495,secondNumber=1847}  added by thread pool-3-thread-6
 message  {Id=6bec28a5-38bc-459b-a87b-cbed213679e3,FirstNumber=345,secondNumber=1656}  written to file by thread pool-3-thread-3
 message  {Id=67b44098-bcde-4526-b790-9201f32ae25c,FirstNumber=222,secondNumber=1962}  added by thread pool-3-thread-6
 message  {Id=96e87029-dc6e-4a7c-a057-f6427b2385d0,FirstNumber=495,secondNumber=1847}  written to file by thread pool-3-thread-2
 message  {Id=3dde77ca-1524-4dbb-bd02-229a757cb09b,FirstNumber=232,secondNumber=1557}  added by thread pool-3-thread-6
 message  {Id=67b44098-bcde-4526-b790-9201f32ae25c,FirstNumber=222,secondNumber=1962}  written to file by thread pool-3-thread-1
 message  {Id=69a6c157-7bd8-43e2-8b2d-cad2c7b4db07,FirstNumber=538,secondNumber=435}  added by thread pool-3-thread-6
 message  {Id=3dde77ca-1524-4dbb-bd02-229a757cb09b,FirstNumber=232,secondNumber=1557}  written to file by thread pool-3-thread-5
 message  {Id=69a6c157-7bd8-43e2-8b2d-cad2c7b4db07,FirstNumber=538,secondNumber=435}  written to file by thread pool-3-thread-4
 message  {Id=700e1da5-4676-43b2-b59b-47da7dc91a54,FirstNumber=540,secondNumber=1254}  added by thread pool-3-thread-6
 message  {Id=a3db608f-1e16-49f5-ad3b-89deecbaf9ff,FirstNumber=405,secondNumber=212}  added by thread pool-3-thread-6
 message  {Id=700e1da5-4676-43b2-b59b-47da7dc91a54,FirstNumber=540,secondNumber=1254}  written to file by thread pool-3-thread-3
 message  {Id=b59ccb2c-38ae-48b9-95f1-ef6ee9b32312,FirstNumber=967,secondNumber=1720}  added by thread pool-3-thread-6
 message  {Id=a3db608f-1e16-49f5-ad3b-89deecbaf9ff,FirstNumber=405,secondNumber=212}  written to file by thread pool-3-thread-2
 message  {Id=5a0feb73-b76f-44a3-a825-6bac20e7e9f9,FirstNumber=252,secondNumber=1253}  added by thread pool-3-thread-6
 message  {Id=b59ccb2c-38ae-48b9-95f1-ef6ee9b32312,FirstNumber=967,secondNumber=1720}  written to file by thread pool-3-thread-1
 message  {Id=5a0feb73-b76f-44a3-a825-6bac20e7e9f9,FirstNumber=252,secondNumber=1253}  written to file by thread pool-3-thread-2
 message  {Id=d05a1b51-58f4-4eaf-8af9-b84b310430bc,FirstNumber=676,secondNumber=421}  added by thread pool-3-thread-6
 message  {Id=d05a1b51-58f4-4eaf-8af9-b84b310430bc,FirstNumber=676,secondNumber=421}  written to file by thread pool-3-thread-4
 message  {Id=40effef1-6176-4eb3-9c7a-5748d4e1e3e9,FirstNumber=251,secondNumber=810}  added by thread pool-3-thread-6
 message  {Id=bd691969-1489-4ac4-b44f-fe994355202d,FirstNumber=223,secondNumber=1317}  added by thread pool-3-thread-6
 message  {Id=40effef1-6176-4eb3-9c7a-5748d4e1e3e9,FirstNumber=251,secondNumber=810}  written to file by thread pool-3-thread-3
 message  {Id=bd691969-1489-4ac4-b44f-fe994355202d,FirstNumber=223,secondNumber=1317}  written to file by thread pool-3-thread-5
 message  {Id=d4d22a80-9855-415c-8024-b4e1418737e1,FirstNumber=721,secondNumber=1813}  added by thread pool-3-thread-6
 message  {Id=adbfdce7-9bdd-429f-848f-b4fd45eb875c,FirstNumber=662,secondNumber=574}  added by thread pool-3-thread-6
 message  {Id=d4d22a80-9855-415c-8024-b4e1418737e1,FirstNumber=721,secondNumber=1813}  written to file by thread pool-3-thread-1
 message  {Id=adbfdce7-9bdd-429f-848f-b4fd45eb875c,FirstNumber=662,secondNumber=574}  written to file by thread pool-3-thread-2
 message  {Id=ad943469-1597-43ad-afd9-e4f9ae35b276,FirstNumber=268,secondNumber=1442}  added by thread pool-3-thread-6
 message  {Id=ad943469-1597-43ad-afd9-e4f9ae35b276,FirstNumber=268,secondNumber=1442}  written to file by thread pool-3-thread-4
 message  {Id=73a8ed74-0e1a-408b-a106-f2127f4bea81,FirstNumber=888,secondNumber=868}  added by thread pool-3-thread-6
 message  {Id=abcda879-6ddf-4a16-bbb5-ac141ddddc44,FirstNumber=59,secondNumber=1730}  added by thread pool-3-thread-6
 message  {Id=73a8ed74-0e1a-408b-a106-f2127f4bea81,FirstNumber=888,secondNumber=868}  written to file by thread pool-3-thread-3
 message  {Id=abcda879-6ddf-4a16-bbb5-ac141ddddc44,FirstNumber=59,secondNumber=1730}  written to file by thread pool-3-thread-5
 message  {Id=957ed414-7add-4c97-8cbf-b1f20e5e3b2f,FirstNumber=183,secondNumber=255}  added by thread pool-3-thread-6
 message  {Id=4142a8df-a1d7-4219-8727-c4431941fbcb,FirstNumber=996,secondNumber=646}  added by thread pool-3-thread-6
 message  {Id=957ed414-7add-4c97-8cbf-b1f20e5e3b2f,FirstNumber=183,secondNumber=255}  written to file by thread pool-3-thread-1
 message  {Id=4142a8df-a1d7-4219-8727-c4431941fbcb,FirstNumber=996,secondNumber=646}  written to file by thread pool-3-thread-2
 message  {Id=e681d118-35a6-42b1-b207-6e15f7ed0c49,FirstNumber=749,secondNumber=421}  added by thread pool-3-thread-6
 message  {Id=e681d118-35a6-42b1-b207-6e15f7ed0c49,FirstNumber=749,secondNumber=421}  written to file by thread pool-3-thread-4
 message  {Id=1cecc20c-56b2-4da6-b756-18b55eb73417,FirstNumber=751,secondNumber=1100}  added by thread pool-3-thread-6
 message  {Id=10f7fc3d-8e61-4fbb-9135-38fb8e8e1b4e,FirstNumber=918,secondNumber=1464}  added by thread pool-3-thread-6
 message  {Id=1cecc20c-56b2-4da6-b756-18b55eb73417,FirstNumber=751,secondNumber=1100}  written to file by thread pool-3-thread-3
 message  {Id=10f7fc3d-8e61-4fbb-9135-38fb8e8e1b4e,FirstNumber=918,secondNumber=1464}  written to file by thread pool-3-thread-5
 message  {Id=a0e077d8-d783-44a4-97fa-b96e792a7af1,FirstNumber=123,secondNumber=1481}  added by thread pool-3-thread-6
 message  {Id=a0e077d8-d783-44a4-97fa-b96e792a7af1,FirstNumber=123,secondNumber=1481}  written to file by thread pool-3-thread-1
 message  {Id=2efe181c-9bbf-4852-a6b2-264474a01685,FirstNumber=308,secondNumber=793}  added by thread pool-3-thread-6
 message  {Id=2efe181c-9bbf-4852-a6b2-264474a01685,FirstNumber=308,secondNumber=793}  written to file by thread pool-3-thread-2
 message  {Id=48c15240-b837-4009-97be-43d51884c843,FirstNumber=565,secondNumber=939}  added by thread pool-3-thread-6
 message  {Id=48c15240-b837-4009-97be-43d51884c843,FirstNumber=565,secondNumber=939}  written to file by thread pool-3-thread-4
 message  {Id=40220062-8b68-4f2e-96df-1c8a3506fde8,FirstNumber=958,secondNumber=1419}  added by thread pool-3-thread-6
 message  {Id=caa11c6b-d331-4c6e-89d8-cde8b1605d83,FirstNumber=288,secondNumber=901}  added by thread pool-3-thread-6
 message  {Id=40220062-8b68-4f2e-96df-1c8a3506fde8,FirstNumber=958,secondNumber=1419}  written to file by thread pool-3-thread-3
 message  {Id=caa11c6b-d331-4c6e-89d8-cde8b1605d83,FirstNumber=288,secondNumber=901}  written to file by thread pool-3-thread-5
 message  {Id=fd073887-f423-4a58-980e-ac4fcc6f8932,FirstNumber=333,secondNumber=1933}  added by thread pool-3-thread-6
 message  {Id=482cdac3-93d5-47be-870b-13b14dc117ee,FirstNumber=328,secondNumber=1878}  added by thread pool-3-thread-6
 message  {Id=fd073887-f423-4a58-980e-ac4fcc6f8932,FirstNumber=333,secondNumber=1933}  written to file by thread pool-3-thread-1
 message  {Id=482cdac3-93d5-47be-870b-13b14dc117ee,FirstNumber=328,secondNumber=1878}  written to file by thread pool-3-thread-2
 message  {Id=6086c0e3-ad0c-48e7-8892-4b85ae016174,FirstNumber=305,secondNumber=1116}  added by thread pool-3-thread-6
 message  {Id=6086c0e3-ad0c-48e7-8892-4b85ae016174,FirstNumber=305,secondNumber=1116}  written to file by thread pool-3-thread-4
 message  {Id=4705c69e-6ca5-4e32-84c8-1b456e11b61b,FirstNumber=273,secondNumber=901}  added by thread pool-3-thread-6
 message  {Id=8e06c363-4a14-4ca1-89fd-eae4ef943344,FirstNumber=841,secondNumber=351}  added by thread pool-3-thread-6
 message  {Id=4705c69e-6ca5-4e32-84c8-1b456e11b61b,FirstNumber=273,secondNumber=901}  written to file by thread pool-3-thread-3
 message  {Id=8e06c363-4a14-4ca1-89fd-eae4ef943344,FirstNumber=841,secondNumber=351}  written to file by thread pool-3-thread-5
 message  {Id=ade79b82-427f-4441-a557-066adbe9a97d,FirstNumber=563,secondNumber=422}  added by thread pool-3-thread-6
 message  {Id=2da096e1-ace6-42e4-9a40-319c70d8815a,FirstNumber=282,secondNumber=862}  added by thread pool-3-thread-6
 message  {Id=ade79b82-427f-4441-a557-066adbe9a97d,FirstNumber=563,secondNumber=422}  written to file by thread pool-3-thread-1
 message  {Id=2da096e1-ace6-42e4-9a40-319c70d8815a,FirstNumber=282,secondNumber=862}  written to file by thread pool-3-thread-2
 message  {Id=0bd69730-dbce-434f-a968-82e62ddfcc8a,FirstNumber=443,secondNumber=266}  added by thread pool-3-thread-6
 message  {Id=0bd69730-dbce-434f-a968-82e62ddfcc8a,FirstNumber=443,secondNumber=266}  written to file by thread pool-3-thread-4
 message  {Id=7c3ead3a-b699-4364-8b3b-c6d8c14394bc,FirstNumber=174,secondNumber=1749}  added by thread pool-3-thread-6
 message  {Id=eb5d85a0-0ed8-49a4-885a-95deeab6c7ed,FirstNumber=573,secondNumber=1511}  added by thread pool-3-thread-6
 message  {Id=7c3ead3a-b699-4364-8b3b-c6d8c14394bc,FirstNumber=174,secondNumber=1749}  written to file by thread pool-3-thread-3
 message  {Id=eb5d85a0-0ed8-49a4-885a-95deeab6c7ed,FirstNumber=573,secondNumber=1511}  written to file by thread pool-3-thread-5
 message  {Id=41bb01b3-0ad4-4bdb-ad73-3e8a5f27fed2,FirstNumber=218,secondNumber=334}  added by thread pool-3-thread-6
 message  {Id=82c81dac-5a5d-4db6-bcba-214291a1496e,FirstNumber=581,secondNumber=683}  added by thread pool-3-thread-6
 message  {Id=41bb01b3-0ad4-4bdb-ad73-3e8a5f27fed2,FirstNumber=218,secondNumber=334}  written to file by thread pool-3-thread-1
 message  {Id=82c81dac-5a5d-4db6-bcba-214291a1496e,FirstNumber=581,secondNumber=683}  written to file by thread pool-3-thread-2
 message  {Id=e48005f1-ecaf-45e7-843c-78b83ea49344,FirstNumber=187,secondNumber=309}  added by thread pool-3-thread-6
 message  {Id=e48005f1-ecaf-45e7-843c-78b83ea49344,FirstNumber=187,secondNumber=309}  written to file by thread pool-3-thread-4
 message  {Id=3f3536c0-0ac8-4030-aee6-76e24685c641,FirstNumber=177,secondNumber=1517}  added by thread pool-3-thread-6
 message  {Id=fc4e6029-0097-4af9-8e19-353bc87eadc4,FirstNumber=633,secondNumber=1802}  added by thread pool-3-thread-6
 message  {Id=3f3536c0-0ac8-4030-aee6-76e24685c641,FirstNumber=177,secondNumber=1517}  written to file by thread pool-3-thread-3
 message  {Id=fc4e6029-0097-4af9-8e19-353bc87eadc4,FirstNumber=633,secondNumber=1802}  written to file by thread pool-3-thread-5
 message  {Id=52c4733c-ab18-4af7-99d8-d7189e2fc2d2,FirstNumber=248,secondNumber=1257}  added by thread pool-3-thread-6
 message  {Id=f9d5fe9a-df25-4a36-a792-ce5a90a55e4b,FirstNumber=883,secondNumber=1298}  added by thread pool-3-thread-6
 message  {Id=52c4733c-ab18-4af7-99d8-d7189e2fc2d2,FirstNumber=248,secondNumber=1257}  written to file by thread pool-3-thread-1
 message  {Id=f9d5fe9a-df25-4a36-a792-ce5a90a55e4b,FirstNumber=883,secondNumber=1298}  written to file by thread pool-3-thread-2
 message  {Id=0f57be03-abab-4f22-bc8b-4fbcbc73e9bf,FirstNumber=503,secondNumber=609}  added by thread pool-3-thread-6
 message  {Id=0f57be03-abab-4f22-bc8b-4fbcbc73e9bf,FirstNumber=503,secondNumber=609}  written to file by thread pool-3-thread-4
 message  {Id=26569a0e-ffff-401d-a362-1f87d3c212b5,FirstNumber=10,secondNumber=5}  added by thread pool-3-thread-6
 message  {Id=171f7327-0509-481e-8ff6-f9eaba789e68,FirstNumber=187,secondNumber=1598}  added by thread pool-3-thread-6
 message  {Id=26569a0e-ffff-401d-a362-1f87d3c212b5,FirstNumber=10,secondNumber=5}  written to file by thread pool-3-thread-3
 message  {Id=171f7327-0509-481e-8ff6-f9eaba789e68,FirstNumber=187,secondNumber=1598}  written to file by thread pool-3-thread-5
 message  {Id=12fdcae8-0fcd-4354-8cbb-92dfd299e552,FirstNumber=865,secondNumber=834}  added by thread pool-3-thread-6
 message  {Id=41f4dd5b-dbcd-4c9c-bce3-96123c844b1c,FirstNumber=237,secondNumber=1104}  added by thread pool-3-thread-6
 message  {Id=12fdcae8-0fcd-4354-8cbb-92dfd299e552,FirstNumber=865,secondNumber=834}  written to file by thread pool-3-thread-1
 message  {Id=41f4dd5b-dbcd-4c9c-bce3-96123c844b1c,FirstNumber=237,secondNumber=1104}  written to file by thread pool-3-thread-2
 message  {Id=6f243059-c335-4cc8-a1a6-af73397cb43a,FirstNumber=702,secondNumber=1070}  added by thread pool-3-thread-6
 message  {Id=6f243059-c335-4cc8-a1a6-af73397cb43a,FirstNumber=702,secondNumber=1070}  written to file by thread pool-3-thread-4
 message  {Id=1caac31a-bb06-4377-bc75-3099c8b1c77d,FirstNumber=173,secondNumber=1821}  added by thread pool-3-thread-6
 message  {Id=45099bab-5b12-4088-a45b-191192ff53d3,FirstNumber=126,secondNumber=1620}  added by thread pool-3-thread-6
 message  {Id=1caac31a-bb06-4377-bc75-3099c8b1c77d,FirstNumber=173,secondNumber=1821}  written to file by thread pool-3-thread-3
 message  {Id=45099bab-5b12-4088-a45b-191192ff53d3,FirstNumber=126,secondNumber=1620}  written to file by thread pool-3-thread-5
 message  {Id=4f725035-8d80-4949-bc5d-0f258744c97b,FirstNumber=190,secondNumber=413}  added by thread pool-3-thread-6
 message  {Id=09cbd5af-0fdb-4bed-9944-d5ebb01981b5,FirstNumber=948,secondNumber=578}  added by thread pool-3-thread-6
 message  {Id=4f725035-8d80-4949-bc5d-0f258744c97b,FirstNumber=190,secondNumber=413}  written to file by thread pool-3-thread-1
 message  {Id=09cbd5af-0fdb-4bed-9944-d5ebb01981b5,FirstNumber=948,secondNumber=578}  written to file by thread pool-3-thread-2
 message  {Id=8aedab80-5959-4f46-8daf-fd62d1d0d408,FirstNumber=107,secondNumber=1552}  added by thread pool-3-thread-6
 message  {Id=8aedab80-5959-4f46-8daf-fd62d1d0d408,FirstNumber=107,secondNumber=1552}  written to file by thread pool-3-thread-4
 message  {Id=d122796f-15ec-4849-9947-dcf913e652da,FirstNumber=643,secondNumber=642}  added by thread pool-3-thread-6
 message  {Id=73c6258f-d798-4310-a7af-0e80388fe229,FirstNumber=218,secondNumber=1566}  added by thread pool-3-thread-6
 message  {Id=d122796f-15ec-4849-9947-dcf913e652da,FirstNumber=643,secondNumber=642}  written to file by thread pool-3-thread-3
 message  {Id=73c6258f-d798-4310-a7af-0e80388fe229,FirstNumber=218,secondNumber=1566}  written to file by thread pool-3-thread-5
 message  {Id=b063c902-3372-48f9-96cc-c950c4f72085,FirstNumber=820,secondNumber=234}  added by thread pool-3-thread-6
 message  {Id=bc3d456d-21e9-450c-a62d-510853b819a5,FirstNumber=885,secondNumber=796}  added by thread pool-3-thread-6
 message  {Id=b063c902-3372-48f9-96cc-c950c4f72085,FirstNumber=820,secondNumber=234}  written to file by thread pool-3-thread-1
 message  {Id=bc3d456d-21e9-450c-a62d-510853b819a5,FirstNumber=885,secondNumber=796}  written to file by thread pool-3-thread-2
 message  {Id=d3afd235-e624-4c9a-916f-795d2d7e4fc9,FirstNumber=148,secondNumber=852}  added by thread pool-3-thread-6
 message  {Id=d3afd235-e624-4c9a-916f-795d2d7e4fc9,FirstNumber=148,secondNumber=852}  written to file by thread pool-3-thread-4
 message  {Id=376b8b9e-e179-49ed-a0f1-3d8e82b68c4c,FirstNumber=689,secondNumber=715}  added by thread pool-3-thread-6
 message  {Id=08ed013a-2ff4-4328-a6c3-5e18e64bae02,FirstNumber=912,secondNumber=365}  added by thread pool-3-thread-6
 message  {Id=376b8b9e-e179-49ed-a0f1-3d8e82b68c4c,FirstNumber=689,secondNumber=715}  written to file by thread pool-3-thread-3
 message  {Id=c08b0994-14ef-4de7-a1f7-4f3d23d3e076,FirstNumber=524,secondNumber=948}  added by thread pool-3-thread-6
 message  {Id=08ed013a-2ff4-4328-a6c3-5e18e64bae02,FirstNumber=912,secondNumber=365}  written to file by thread pool-3-thread-5
 message  {Id=5af085f4-1bf8-4d44-99bb-dc217a99ed6f,FirstNumber=970,secondNumber=168}  added by thread pool-3-thread-6
 message  {Id=c08b0994-14ef-4de7-a1f7-4f3d23d3e076,FirstNumber=524,secondNumber=948}  written to file by thread pool-3-thread-1
 message  {Id=d80faebc-d758-474a-bf1d-84dd78656829,FirstNumber=507,secondNumber=471}  added by thread pool-3-thread-6
 message  {Id=5af085f4-1bf8-4d44-99bb-dc217a99ed6f,FirstNumber=970,secondNumber=168}  written to file by thread pool-3-thread-2
 message  {Id=d80faebc-d758-474a-bf1d-84dd78656829,FirstNumber=507,secondNumber=471}  written to file by thread pool-3-thread-4
 message  {Id=43b8772e-4181-4d53-a42c-8a395b194e8e,FirstNumber=683,secondNumber=583}  added by thread pool-3-thread-6
 message  {Id=779f7c3e-c9df-4897-a42b-d1fd779537ca,FirstNumber=527,secondNumber=1806}  added by thread pool-3-thread-6
 message  {Id=43b8772e-4181-4d53-a42c-8a395b194e8e,FirstNumber=683,secondNumber=583}  written to file by thread pool-3-thread-3
 message  {Id=779f7c3e-c9df-4897-a42b-d1fd779537ca,FirstNumber=527,secondNumber=1806}  written to file by thread pool-3-thread-5
 message  {Id=37e9f888-0f5d-436d-9354-7d838072935c,FirstNumber=673,secondNumber=1577}  added by thread pool-3-thread-6
 message  {Id=eb70c80c-c3ab-4406-aa4d-33083feccca6,FirstNumber=40,secondNumber=1742}  added by thread pool-3-thread-6
 message  {Id=37e9f888-0f5d-436d-9354-7d838072935c,FirstNumber=673,secondNumber=1577}  written to file by thread pool-3-thread-1
 message  {Id=eb70c80c-c3ab-4406-aa4d-33083feccca6,FirstNumber=40,secondNumber=1742}  written to file by thread pool-3-thread-2
 message  {Id=86e684d7-2e4b-4262-956e-84d5499da4d0,FirstNumber=789,secondNumber=812}  added by thread pool-3-thread-6
 message  {Id=86e684d7-2e4b-4262-956e-84d5499da4d0,FirstNumber=789,secondNumber=812}  written to file by thread pool-3-thread-4
 message  {Id=d86ccc47-9cf6-431e-a890-d9dbd0b2b059,FirstNumber=281,secondNumber=860}  added by thread pool-3-thread-6
 message  {Id=74ccae26-c413-4bfa-9e50-72c54a9c1d10,FirstNumber=633,secondNumber=258}  added by thread pool-3-thread-6
 message  {Id=d86ccc47-9cf6-431e-a890-d9dbd0b2b059,FirstNumber=281,secondNumber=860}  written to file by thread pool-3-thread-3
 message  {Id=74ccae26-c413-4bfa-9e50-72c54a9c1d10,FirstNumber=633,secondNumber=258}  written to file by thread pool-3-thread-5
 message  {Id=49f60aad-b98c-4d4e-b9ab-499f0344a7bf,FirstNumber=103,secondNumber=194}  added by thread pool-3-thread-6
 message  {Id=49f60aad-b98c-4d4e-b9ab-499f0344a7bf,FirstNumber=103,secondNumber=194}  written to file by thread pool-3-thread-1
 message  {Id=710ef4c1-fcc1-450e-b675-c9fa73510c24,FirstNumber=515,secondNumber=1591}  added by thread pool-3-thread-6
 message  {Id=710ef4c1-fcc1-450e-b675-c9fa73510c24,FirstNumber=515,secondNumber=1591}  written to file by thread pool-3-thread-2
 message  {Id=bf913aee-4143-451e-ab94-adc85dca01dd,FirstNumber=683,secondNumber=1125}  added by thread pool-3-thread-6
 message  {Id=bf913aee-4143-451e-ab94-adc85dca01dd,FirstNumber=683,secondNumber=1125}  written to file by thread pool-3-thread-4
 message  {Id=e1895174-58bb-4fea-9d38-7fec7266230d,FirstNumber=50,secondNumber=1786}  added by thread pool-3-thread-6
 message  {Id=743ecbda-5c36-4b5c-9615-814d1bbaadd6,FirstNumber=855,secondNumber=1744}  added by thread pool-3-thread-6
 message  {Id=e1895174-58bb-4fea-9d38-7fec7266230d,FirstNumber=50,secondNumber=1786}  written to file by thread pool-3-thread-3
 message  {Id=743ecbda-5c36-4b5c-9615-814d1bbaadd6,FirstNumber=855,secondNumber=1744}  written to file by thread pool-3-thread-5
 message  {Id=d9bca26b-ed11-4132-9873-bbbf501d3691,FirstNumber=450,secondNumber=381}  added by thread pool-3-thread-6
 message  {Id=2bffb04a-3429-45ec-91b6-2320f9f6cf03,FirstNumber=941,secondNumber=1326}  added by thread pool-3-thread-6
 message  {Id=d9bca26b-ed11-4132-9873-bbbf501d3691,FirstNumber=450,secondNumber=381}  written to file by thread pool-3-thread-1
 message  {Id=2bffb04a-3429-45ec-91b6-2320f9f6cf03,FirstNumber=941,secondNumber=1326}  written to file by thread pool-3-thread-2
 message  {Id=8684c3d8-ece9-4053-af82-8e2197237628,FirstNumber=151,secondNumber=440}  added by thread pool-3-thread-6
 message  {Id=8684c3d8-ece9-4053-af82-8e2197237628,FirstNumber=151,secondNumber=440}  written to file by thread pool-3-thread-4
 message  {Id=c90fb473-28cb-456d-a513-eb711eaebb80,FirstNumber=137,secondNumber=182}  added by thread pool-3-thread-6
 message  {Id=c90fb473-28cb-456d-a513-eb711eaebb80,FirstNumber=137,secondNumber=182}  written to file by thread pool-3-thread-3
 message  {Id=ab59dd62-72cd-48f2-8451-ec9365bea5bc,FirstNumber=468,secondNumber=664}  added by thread pool-3-thread-6
 message  {Id=ab59dd62-72cd-48f2-8451-ec9365bea5bc,FirstNumber=468,secondNumber=664}  written to file by thread pool-3-thread-5
 message  {Id=c8a8d0da-c4c7-49f6-a542-70ef79026db7,FirstNumber=318,secondNumber=1643}  added by thread pool-3-thread-6
 message  {Id=4c8a717d-3956-4cfe-89f9-20efaa23893c,FirstNumber=74,secondNumber=343}  added by thread pool-3-thread-6
 message  {Id=c8a8d0da-c4c7-49f6-a542-70ef79026db7,FirstNumber=318,secondNumber=1643}  written to file by thread pool-3-thread-1
 message  {Id=4c8a717d-3956-4cfe-89f9-20efaa23893c,FirstNumber=74,secondNumber=343}  written to file by thread pool-3-thread-2
 message  {Id=2678b82f-05d4-4934-a5d7-dbdbb9264e28,FirstNumber=932,secondNumber=1654}  added by thread pool-3-thread-6
 message  {Id=2678b82f-05d4-4934-a5d7-dbdbb9264e28,FirstNumber=932,secondNumber=1654}  written to file by thread pool-3-thread-4
 message  {Id=4877a96b-dc66-4925-abf0-662c5d6a2d66,FirstNumber=610,secondNumber=62}  added by thread pool-3-thread-6
 message  {Id=75dc5300-1272-4dbb-8b92-ccd712e88a49,FirstNumber=129,secondNumber=542}  added by thread pool-3-thread-6
 message  {Id=4877a96b-dc66-4925-abf0-662c5d6a2d66,FirstNumber=610,secondNumber=62}  written to file by thread pool-3-thread-3
 message  {Id=75dc5300-1272-4dbb-8b92-ccd712e88a49,FirstNumber=129,secondNumber=542}  written to file by thread pool-3-thread-5
 message  {Id=43c7e65c-a06c-4b73-970d-b46391a305b0,FirstNumber=370,secondNumber=1767}  added by thread pool-3-thread-6
 message  {Id=d87d0905-30f1-4912-86b1-f553315bd29a,FirstNumber=514,secondNumber=812}  added by thread pool-3-thread-6
 message  {Id=43c7e65c-a06c-4b73-970d-b46391a305b0,FirstNumber=370,secondNumber=1767}  written to file by thread pool-3-thread-1
 message  {Id=d87d0905-30f1-4912-86b1-f553315bd29a,FirstNumber=514,secondNumber=812}  written to file by thread pool-3-thread-2
 message  {Id=3bf2a120-a237-41ba-be27-314e96f81c23,FirstNumber=142,secondNumber=1963}  added by thread pool-3-thread-6
 message  {Id=3bf2a120-a237-41ba-be27-314e96f81c23,FirstNumber=142,secondNumber=1963}  written to file by thread pool-3-thread-4
 message  {Id=c76d6db7-d14e-4659-a48f-61ac9347246a,FirstNumber=902,secondNumber=1520}  added by thread pool-3-thread-6
 message  {Id=c76d6db7-d14e-4659-a48f-61ac9347246a,FirstNumber=902,secondNumber=1520}  written to file by thread pool-3-thread-3
 message  {Id=7b8ee976-aad3-47ff-9948-377aab7a77d4,FirstNumber=453,secondNumber=1482}  added by thread pool-3-thread-6
 message  {Id=7b8ee976-aad3-47ff-9948-377aab7a77d4,FirstNumber=453,secondNumber=1482}  written to file by thread pool-3-thread-5
 message  {Id=9603b07b-ea5e-4f60-a947-bd890a72c953,FirstNumber=137,secondNumber=1869}  added by thread pool-3-thread-6
 message  {Id=44a6b3a0-3274-47af-992b-182833f9cc48,FirstNumber=694,secondNumber=494}  added by thread pool-3-thread-6
 message  {Id=9603b07b-ea5e-4f60-a947-bd890a72c953,FirstNumber=137,secondNumber=1869}  written to file by thread pool-3-thread-1
 message  {Id=44a6b3a0-3274-47af-992b-182833f9cc48,FirstNumber=694,secondNumber=494}  written to file by thread pool-3-thread-2
 message  {Id=5d9e83e2-a3b7-4509-bda3-b176ab1a072d,FirstNumber=576,secondNumber=134}  added by thread pool-3-thread-6
 message  {Id=5d9e83e2-a3b7-4509-bda3-b176ab1a072d,FirstNumber=576,secondNumber=134}  written to file by thread pool-3-thread-4
 message  {Id=11d0306a-4e54-483d-9895-98e7c655a0d7,FirstNumber=507,secondNumber=1776}  added by thread pool-3-thread-6
 message  {Id=e86ab45f-dfa3-47f0-8f17-825dc6120727,FirstNumber=484,secondNumber=632}  added by thread pool-3-thread-6
 message  {Id=11d0306a-4e54-483d-9895-98e7c655a0d7,FirstNumber=507,secondNumber=1776}  written to file by thread pool-3-thread-3
 message  {Id=e86ab45f-dfa3-47f0-8f17-825dc6120727,FirstNumber=484,secondNumber=632}  written to file by thread pool-3-thread-5
 message  {Id=1857fe39-3c22-4903-8028-4b85347b0d5f,FirstNumber=724,secondNumber=841}  added by thread pool-3-thread-6
 message  {Id=61a113ef-5149-4d53-b196-ddc618d576a1,FirstNumber=943,secondNumber=1981}  added by thread pool-3-thread-6
 message  {Id=1857fe39-3c22-4903-8028-4b85347b0d5f,FirstNumber=724,secondNumber=841}  written to file by thread pool-3-thread-1
 message  {Id=61a113ef-5149-4d53-b196-ddc618d576a1,FirstNumber=943,secondNumber=1981}  written to file by thread pool-3-thread-2
 message  {Id=a135fa2f-013f-4384-9dc7-044c85281bcc,FirstNumber=97,secondNumber=1335}  added by thread pool-3-thread-6
 message  {Id=a135fa2f-013f-4384-9dc7-044c85281bcc,FirstNumber=97,secondNumber=1335}  written to file by thread pool-3-thread-4
 message  {Id=f96f50c1-175c-4349-a4e4-ece6676888da,FirstNumber=348,secondNumber=1763}  added by thread pool-3-thread-6
 message  {Id=f96f50c1-175c-4349-a4e4-ece6676888da,FirstNumber=348,secondNumber=1763}  written to file by thread pool-3-thread-3
 message  {Id=83a94483-649b-4f57-b652-0c211e8fa190,FirstNumber=498,secondNumber=1969}  added by thread pool-3-thread-6
 message  {Id=83a94483-649b-4f57-b652-0c211e8fa190,FirstNumber=498,secondNumber=1969}  written to file by thread pool-3-thread-5
 message  {Id=6aa8c38c-73c4-4d55-88bc-d8caf0d996e8,FirstNumber=961,secondNumber=1151}  added by thread pool-3-thread-6
 message  {Id=6aa8c38c-73c4-4d55-88bc-d8caf0d996e8,FirstNumber=961,secondNumber=1151}  written to file by thread pool-3-thread-5
 message  {Id=5aa35116-00e5-4bae-aee2-fc9fa6f913ee,FirstNumber=640,secondNumber=1801}  added by thread pool-3-thread-6
 message  {Id=5aa35116-00e5-4bae-aee2-fc9fa6f913ee,FirstNumber=640,secondNumber=1801}  written to file by thread pool-3-thread-2
 message  {Id=8b7a1f00-8b0c-469d-a1ff-461d62de5c89,FirstNumber=831,secondNumber=1230}  added by thread pool-3-thread-6
 message  {Id=8b7a1f00-8b0c-469d-a1ff-461d62de5c89,FirstNumber=831,secondNumber=1230}  written to file by thread pool-3-thread-4
 message  {Id=26252ae1-a801-410d-94e2-05c83422692e,FirstNumber=86,secondNumber=1643}  added by thread pool-3-thread-6
 message  {Id=9b949f35-a919-43d9-a0a0-1a42b0d44c59,FirstNumber=262,secondNumber=504}  added by thread pool-3-thread-6
 message  {Id=26252ae1-a801-410d-94e2-05c83422692e,FirstNumber=86,secondNumber=1643}  written to file by thread pool-3-thread-3
 message  {Id=9b949f35-a919-43d9-a0a0-1a42b0d44c59,FirstNumber=262,secondNumber=504}  written to file by thread pool-3-thread-1
 message  {Id=6f058deb-8f30-456c-886e-0574dbb8bb6d,FirstNumber=999,secondNumber=1451}  added by thread pool-3-thread-6
 message  {Id=6f058deb-8f30-456c-886e-0574dbb8bb6d,FirstNumber=999,secondNumber=1451}  written to file by thread pool-3-thread-5
 message  {Id=1ad828c1-7758-4f14-b794-c6d60ee865e4,FirstNumber=585,secondNumber=1430}  added by thread pool-3-thread-6
 message  {Id=1ad828c1-7758-4f14-b794-c6d60ee865e4,FirstNumber=585,secondNumber=1430}  written to file by thread pool-3-thread-2
 message  {Id=a9c8f3ea-633c-40cb-b1a6-fbbb9c7f2f5b,FirstNumber=51,secondNumber=1806}  added by thread pool-3-thread-6
 message  {Id=a9c8f3ea-633c-40cb-b1a6-fbbb9c7f2f5b,FirstNumber=51,secondNumber=1806}  written to file by thread pool-3-thread-4
 message  {Id=8bd96533-9e5b-4772-839d-017072b13d4b,FirstNumber=339,secondNumber=156}  added by thread pool-3-thread-6
 message  {Id=37a515e5-28af-4461-9e80-208c40bbe860,FirstNumber=307,secondNumber=308}  added by thread pool-3-thread-6
 message  {Id=8bd96533-9e5b-4772-839d-017072b13d4b,FirstNumber=339,secondNumber=156}  written to file by thread pool-3-thread-3
 message  {Id=37a515e5-28af-4461-9e80-208c40bbe860,FirstNumber=307,secondNumber=308}  written to file by thread pool-3-thread-1
 message  {Id=e6aec53b-2305-464e-877d-b0dd8c380671,FirstNumber=134,secondNumber=283}  added by thread pool-3-thread-6
 message  {Id=e6aec53b-2305-464e-877d-b0dd8c380671,FirstNumber=134,secondNumber=283}  written to file by thread pool-3-thread-5
 message  {Id=9ce42a50-222c-4246-aebc-f9e59559ee73,FirstNumber=331,secondNumber=1958}  added by thread pool-3-thread-6
 message  {Id=9ce42a50-222c-4246-aebc-f9e59559ee73,FirstNumber=331,secondNumber=1958}  written to file by thread pool-3-thread-2
 message  {Id=c2f7e3e2-ccca-4aba-a09a-627670182589,FirstNumber=640,secondNumber=1995}  added by thread pool-3-thread-6
 message  {Id=c2f7e3e2-ccca-4aba-a09a-627670182589,FirstNumber=640,secondNumber=1995}  written to file by thread pool-3-thread-4
 message  {Id=5a37218c-2822-4b50-a3c2-3b96644d26a4,FirstNumber=830,secondNumber=572}  added by thread pool-3-thread-6
 message  {Id=519d5108-252a-43a9-baa2-ab6324359409,FirstNumber=867,secondNumber=1685}  added by thread pool-3-thread-6
 message  {Id=5a37218c-2822-4b50-a3c2-3b96644d26a4,FirstNumber=830,secondNumber=572}  written to file by thread pool-3-thread-3
 message  {Id=519d5108-252a-43a9-baa2-ab6324359409,FirstNumber=867,secondNumber=1685}  written to file by thread pool-3-thread-1
 message  {Id=d6d57336-c3df-4653-8f3a-b9cd7a522221,FirstNumber=433,secondNumber=1604}  added by thread pool-3-thread-6
 message  {Id=d6d57336-c3df-4653-8f3a-b9cd7a522221,FirstNumber=433,secondNumber=1604}  written to file by thread pool-3-thread-3
 message  {Id=7b170718-6ffc-4a3c-b08c-0c8bea788bf7,FirstNumber=799,secondNumber=961}  added by thread pool-3-thread-6
 message  {Id=7b170718-6ffc-4a3c-b08c-0c8bea788bf7,FirstNumber=799,secondNumber=961}  written to file by thread pool-3-thread-2
 message  {Id=e7b547ff-f7a5-41da-a0fe-346c24f2e505,FirstNumber=733,secondNumber=830}  added by thread pool-3-thread-6
 message  {Id=e7b547ff-f7a5-41da-a0fe-346c24f2e505,FirstNumber=733,secondNumber=830}  written to file by thread pool-3-thread-2
 message  {Id=b0c23361-9ea4-4d74-80d5-a02c5a09a770,FirstNumber=210,secondNumber=819}  added by thread pool-3-thread-6
 message  {Id=b0c23361-9ea4-4d74-80d5-a02c5a09a770,FirstNumber=210,secondNumber=819}  written to file by thread pool-3-thread-2
 message  {Id=00c1bd1c-4193-4719-8ce3-d1cc5d85f3f8,FirstNumber=19,secondNumber=1659}  added by thread pool-3-thread-6
 message  {Id=00c1bd1c-4193-4719-8ce3-d1cc5d85f3f8,FirstNumber=19,secondNumber=1659}  written to file by thread pool-3-thread-1
 message  {Id=683a8f02-1f9a-4ded-8fea-11990c6f7726,FirstNumber=789,secondNumber=1701}  added by thread pool-3-thread-6
 message  {Id=d451c511-f6d5-4e24-a0b1-fa2fbce9a14a,FirstNumber=449,secondNumber=484}  added by thread pool-3-thread-6
 message  {Id=683a8f02-1f9a-4ded-8fea-11990c6f7726,FirstNumber=789,secondNumber=1701}  written to file by thread pool-3-thread-3
 message  {Id=3c4e4dc9-e6bb-4975-8f8d-8777dac84f40,FirstNumber=616,secondNumber=1389}  added by thread pool-3-thread-6
 message  {Id=d451c511-f6d5-4e24-a0b1-fa2fbce9a14a,FirstNumber=449,secondNumber=484}  written to file by thread pool-3-thread-4
 message  {Id=3c4e4dc9-e6bb-4975-8f8d-8777dac84f40,FirstNumber=616,secondNumber=1389}  written to file by thread pool-3-thread-5
 message  {Id=eb4d8f18-fd20-4fd1-aab1-15f82d04a1dd,FirstNumber=190,secondNumber=69}  added by thread pool-3-thread-6
 message  {Id=eb4d8f18-fd20-4fd1-aab1-15f82d04a1dd,FirstNumber=190,secondNumber=69}  written to file by thread pool-3-thread-2
 message  {Id=123e9f7d-343a-42b3-bf5e-1f149193a56d,FirstNumber=697,secondNumber=1975}  added by thread pool-3-thread-6
 message  {Id=123e9f7d-343a-42b3-bf5e-1f149193a56d,FirstNumber=697,secondNumber=1975}  written to file by thread pool-3-thread-1
 message  {Id=d6148a05-826a-48e0-829f-5731383a401d,FirstNumber=423,secondNumber=1037}  added by thread pool-3-thread-6
 message  {Id=1c47fdad-24bb-48c4-9765-2928fa99d605,FirstNumber=985,secondNumber=1631}  added by thread pool-3-thread-6
 message  {Id=d6148a05-826a-48e0-829f-5731383a401d,FirstNumber=423,secondNumber=1037}  written to file by thread pool-3-thread-3
 message  {Id=1c47fdad-24bb-48c4-9765-2928fa99d605,FirstNumber=985,secondNumber=1631}  written to file by thread pool-3-thread-4
 message  {Id=594f18e4-763d-4fe6-ace0-6c56a97bf213,FirstNumber=121,secondNumber=1479}  added by thread pool-3-thread-6
 message  {Id=594f18e4-763d-4fe6-ace0-6c56a97bf213,FirstNumber=121,secondNumber=1479}  written to file by thread pool-3-thread-5
 message  {Id=683c56ff-1943-49bb-b094-efb79027322d,FirstNumber=307,secondNumber=1436}  added by thread pool-3-thread-6
 message  {Id=683c56ff-1943-49bb-b094-efb79027322d,FirstNumber=307,secondNumber=1436}  written to file by thread pool-3-thread-2
 message  {Id=dba26991-f6eb-4c8c-af20-c3e993130899,FirstNumber=417,secondNumber=1535}  added by thread pool-3-thread-6
 message  {Id=dba26991-f6eb-4c8c-af20-c3e993130899,FirstNumber=417,secondNumber=1535}  written to file by thread pool-3-thread-1
 message  {Id=be49ade9-e136-4816-ac0e-c578817b792c,FirstNumber=202,secondNumber=1269}  added by thread pool-3-thread-6
 message  {Id=d45140bb-55e5-4f5a-bc8a-a788e08d9739,FirstNumber=522,secondNumber=878}  added by thread pool-3-thread-6
 message  {Id=be49ade9-e136-4816-ac0e-c578817b792c,FirstNumber=202,secondNumber=1269}  written to file by thread pool-3-thread-3
 message  {Id=d45140bb-55e5-4f5a-bc8a-a788e08d9739,FirstNumber=522,secondNumber=878}  written to file by thread pool-3-thread-4
 message  {Id=4ca6a933-a736-4756-bc9b-929db9d3786a,FirstNumber=177,secondNumber=399}  added by thread pool-3-thread-6
 message  {Id=4ca6a933-a736-4756-bc9b-929db9d3786a,FirstNumber=177,secondNumber=399}  written to file by thread pool-3-thread-5
 message  {Id=94b2a4a8-2c1f-4b4a-a5dc-1e3c5cdfa089,FirstNumber=944,secondNumber=207}  added by thread pool-3-thread-6
 message  {Id=94b2a4a8-2c1f-4b4a-a5dc-1e3c5cdfa089,FirstNumber=944,secondNumber=207}  written to file by thread pool-3-thread-5
 message  {Id=b0d63796-b28f-46ac-8111-183d46a9fba5,FirstNumber=349,secondNumber=1392}  added by thread pool-3-thread-6
 message  {Id=b0d63796-b28f-46ac-8111-183d46a9fba5,FirstNumber=349,secondNumber=1392}  written to file by thread pool-3-thread-1
 message  {Id=ab905968-7954-4542-9a3d-113dc1393b3f,FirstNumber=539,secondNumber=104}  added by thread pool-3-thread-6
 message  {Id=ec4e269a-a65b-40a8-ade3-9a8981a1ba82,FirstNumber=251,secondNumber=1760}  added by thread pool-3-thread-6
 message  {Id=ab905968-7954-4542-9a3d-113dc1393b3f,FirstNumber=539,secondNumber=104}  written to file by thread pool-3-thread-3
 message  {Id=ec4e269a-a65b-40a8-ade3-9a8981a1ba82,FirstNumber=251,secondNumber=1760}  written to file by thread pool-3-thread-4
 message  {Id=66664c13-8ea0-4361-beb1-ffbec5ca06b2,FirstNumber=539,secondNumber=322}  added by thread pool-3-thread-6
 message  {Id=66664c13-8ea0-4361-beb1-ffbec5ca06b2,FirstNumber=539,secondNumber=322}  written to file by thread pool-3-thread-2
 message  {Id=a5a64d5c-310c-4d1b-9422-6241ccb80b7e,FirstNumber=790,secondNumber=1717}  added by thread pool-3-thread-6
 message  {Id=a5a64d5c-310c-4d1b-9422-6241ccb80b7e,FirstNumber=790,secondNumber=1717}  written to file by thread pool-3-thread-5
 message  {Id=5bba5715-7fe8-4769-b53b-875ccc13833b,FirstNumber=759,secondNumber=811}  added by thread pool-3-thread-6
 message  {Id=5bba5715-7fe8-4769-b53b-875ccc13833b,FirstNumber=759,secondNumber=811}  written to file by thread pool-3-thread-1
 message  {Id=04242c62-d504-4487-846a-4dabf5156c53,FirstNumber=209,secondNumber=1203}  added by thread pool-3-thread-6
 message  {Id=44b57c57-53b3-41b4-aecc-861acf2de9e6,FirstNumber=175,secondNumber=981}  added by thread pool-3-thread-6
 message  {Id=04242c62-d504-4487-846a-4dabf5156c53,FirstNumber=209,secondNumber=1203}  written to file by thread pool-3-thread-3
 message  {Id=44b57c57-53b3-41b4-aecc-861acf2de9e6,FirstNumber=175,secondNumber=981}  written to file by thread pool-3-thread-4
 message  {Id=fd64d510-fc1b-46e5-8e0a-3492c6f70f1c,FirstNumber=247,secondNumber=1564}  added by thread pool-3-thread-6
 message  {Id=fd64d510-fc1b-46e5-8e0a-3492c6f70f1c,FirstNumber=247,secondNumber=1564}  written to file by thread pool-3-thread-2
 message  {Id=396d6c2d-27f8-4e31-af17-e258236731db,FirstNumber=505,secondNumber=441}  added by thread pool-3-thread-6
 message  {Id=396d6c2d-27f8-4e31-af17-e258236731db,FirstNumber=505,secondNumber=441}  written to file by thread pool-3-thread-5
 message  {Id=eb3eafb4-bf2e-457c-9c00-ef44eb593c44,FirstNumber=246,secondNumber=1463}  added by thread pool-3-thread-6
 message  {Id=eb3eafb4-bf2e-457c-9c00-ef44eb593c44,FirstNumber=246,secondNumber=1463}  written to file by thread pool-3-thread-1
 message  {Id=adfdc142-79a7-4a2a-9359-08843f693359,FirstNumber=905,secondNumber=387}  added by thread pool-3-thread-6
 message  {Id=69de552f-e0e2-4df9-b599-7849e78de72f,FirstNumber=444,secondNumber=1172}  added by thread pool-3-thread-6
 message  {Id=adfdc142-79a7-4a2a-9359-08843f693359,FirstNumber=905,secondNumber=387}  written to file by thread pool-3-thread-3
 message  {Id=69de552f-e0e2-4df9-b599-7849e78de72f,FirstNumber=444,secondNumber=1172}  written to file by thread pool-3-thread-4
 message  {Id=8e0078a6-380d-4390-bcb3-d43759d0d782,FirstNumber=345,secondNumber=289}  added by thread pool-3-thread-6
 message  {Id=8e0078a6-380d-4390-bcb3-d43759d0d782,FirstNumber=345,secondNumber=289}  written to file by thread pool-3-thread-2
 message  {Id=7a077323-8330-458f-a337-9f0036963be7,FirstNumber=472,secondNumber=895}  added by thread pool-3-thread-6
 message  {Id=7a077323-8330-458f-a337-9f0036963be7,FirstNumber=472,secondNumber=895}  written to file by thread pool-3-thread-5
 message  {Id=8acb60d1-c84e-4fa9-ae77-4d6b2c1e88e5,FirstNumber=209,secondNumber=1398}  added by thread pool-3-thread-6
 message  {Id=8acb60d1-c84e-4fa9-ae77-4d6b2c1e88e5,FirstNumber=209,secondNumber=1398}  written to file by thread pool-3-thread-1
 message  {Id=2c406a74-4e2a-493a-a0bd-aa09eed23537,FirstNumber=744,secondNumber=1665}  added by thread pool-3-thread-6
 message  {Id=d50deb15-da8a-4b39-b4fd-128af1785a9b,FirstNumber=192,secondNumber=1851}  added by thread pool-3-thread-6
 message  {Id=2c406a74-4e2a-493a-a0bd-aa09eed23537,FirstNumber=744,secondNumber=1665}  written to file by thread pool-3-thread-3
 message  {Id=b95896b2-2bbd-4d7b-8f5c-1e09d124ba6d,FirstNumber=85,secondNumber=1050}  added by thread pool-3-thread-6
 message  {Id=d50deb15-da8a-4b39-b4fd-128af1785a9b,FirstNumber=192,secondNumber=1851}  written to file by thread pool-3-thread-4
 message  {Id=b95896b2-2bbd-4d7b-8f5c-1e09d124ba6d,FirstNumber=85,secondNumber=1050}  written to file by thread pool-3-thread-2
 message  {Id=53db0c4e-8568-4f70-83ad-9b2c2ad39cbd,FirstNumber=625,secondNumber=1762}  added by thread pool-3-thread-6
 message  {Id=53db0c4e-8568-4f70-83ad-9b2c2ad39cbd,FirstNumber=625,secondNumber=1762}  written to file by thread pool-3-thread-5
 message  {Id=1414a53d-8e33-4157-aa41-438e6e5b905e,FirstNumber=439,secondNumber=1063}  added by thread pool-3-thread-6
 message  {Id=1414a53d-8e33-4157-aa41-438e6e5b905e,FirstNumber=439,secondNumber=1063}  written to file by thread pool-3-thread-1
 message  {Id=65fc1e80-0ea6-43c4-be18-f45c1433ae21,FirstNumber=164,secondNumber=407}  added by thread pool-3-thread-6
 message  {Id=0573acb6-6771-4aef-b533-52c5104a0068,FirstNumber=910,secondNumber=984}  added by thread pool-3-thread-6
 message  {Id=65fc1e80-0ea6-43c4-be18-f45c1433ae21,FirstNumber=164,secondNumber=407}  written to file by thread pool-3-thread-3
 message  {Id=0573acb6-6771-4aef-b533-52c5104a0068,FirstNumber=910,secondNumber=984}  written to file by thread pool-3-thread-4
 message  {Id=a18c8f0d-7ba3-4e9c-97c1-b0c4010ed29a,FirstNumber=320,secondNumber=1077}  added by thread pool-3-thread-6
 message  {Id=a18c8f0d-7ba3-4e9c-97c1-b0c4010ed29a,FirstNumber=320,secondNumber=1077}  written to file by thread pool-3-thread-2
 message  {Id=77316015-dae6-4bde-aa02-a33aa73169b7,FirstNumber=436,secondNumber=987}  added by thread pool-3-thread-6
 message  {Id=77316015-dae6-4bde-aa02-a33aa73169b7,FirstNumber=436,secondNumber=987}  written to file by thread pool-3-thread-5
 message  {Id=e0ae651e-11d9-452f-83a2-6db393e26104,FirstNumber=806,secondNumber=1125}  added by thread pool-3-thread-6
 message  {Id=e0ae651e-11d9-452f-83a2-6db393e26104,FirstNumber=806,secondNumber=1125}  written to file by thread pool-3-thread-1
 message  {Id=38bcfdb1-7511-44b7-b924-0bed048e6720,FirstNumber=367,secondNumber=1857}  added by thread pool-3-thread-6
 message  {Id=13da1219-b3d0-4f93-9dfd-0d1fffc92333,FirstNumber=813,secondNumber=166}  added by thread pool-3-thread-6
 message  {Id=38bcfdb1-7511-44b7-b924-0bed048e6720,FirstNumber=367,secondNumber=1857}  written to file by thread pool-3-thread-3
 message  {Id=13da1219-b3d0-4f93-9dfd-0d1fffc92333,FirstNumber=813,secondNumber=166}  written to file by thread pool-3-thread-4
 message  {Id=cacdafcc-8091-437b-8334-055a278aa0d1,FirstNumber=453,secondNumber=1148}  added by thread pool-3-thread-6
 message  {Id=cacdafcc-8091-437b-8334-055a278aa0d1,FirstNumber=453,secondNumber=1148}  written to file by thread pool-3-thread-2
 message  {Id=0572c8bf-bfdc-414b-ad4f-5e8d7fab8d12,FirstNumber=164,secondNumber=1551}  added by thread pool-3-thread-6
 message  {Id=0572c8bf-bfdc-414b-ad4f-5e8d7fab8d12,FirstNumber=164,secondNumber=1551}  written to file by thread pool-3-thread-5
 message  {Id=005ff38c-1474-4281-9ea9-876f58d983f5,FirstNumber=888,secondNumber=1219}  added by thread pool-3-thread-6
 message  {Id=005ff38c-1474-4281-9ea9-876f58d983f5,FirstNumber=888,secondNumber=1219}  written to file by thread pool-3-thread-1
 message  {Id=c40712df-6569-4b62-bc1c-a0ed2dc4b0ee,FirstNumber=408,secondNumber=626}  added by thread pool-3-thread-6
 message  {Id=a3b25559-cf1e-4890-981f-a8a5ff136ee2,FirstNumber=498,secondNumber=1532}  added by thread pool-3-thread-6
 message  {Id=c40712df-6569-4b62-bc1c-a0ed2dc4b0ee,FirstNumber=408,secondNumber=626}  written to file by thread pool-3-thread-3
 message  {Id=a3b25559-cf1e-4890-981f-a8a5ff136ee2,FirstNumber=498,secondNumber=1532}  written to file by thread pool-3-thread-4
 message  {Id=c491df7f-3712-44f7-a425-89e0a793be9c,FirstNumber=628,secondNumber=1151}  added by thread pool-3-thread-6
 message  {Id=c491df7f-3712-44f7-a425-89e0a793be9c,FirstNumber=628,secondNumber=1151}  written to file by thread pool-3-thread-2
 message  {Id=6fa93b50-b486-4115-a4e9-386fea119131,FirstNumber=970,secondNumber=1168}  added by thread pool-3-thread-6
 message  {Id=6fa93b50-b486-4115-a4e9-386fea119131,FirstNumber=970,secondNumber=1168}  written to file by thread pool-3-thread-5
 message  {Id=2d07a9a4-a1b5-4dc3-8e55-7dd1eeb52976,FirstNumber=402,secondNumber=788}  added by thread pool-3-thread-6
 message  {Id=2d07a9a4-a1b5-4dc3-8e55-7dd1eeb52976,FirstNumber=402,secondNumber=788}  written to file by thread pool-3-thread-1
 message  {Id=717abc6a-589c-47bd-857f-d1d1cfb024ae,FirstNumber=379,secondNumber=1526}  added by thread pool-3-thread-6
 message  {Id=218ab8ef-fd25-4664-a808-b64a1b3131d9,FirstNumber=457,secondNumber=1158}  added by thread pool-3-thread-6
 message  {Id=717abc6a-589c-47bd-857f-d1d1cfb024ae,FirstNumber=379,secondNumber=1526}  written to file by thread pool-3-thread-3
 message  {Id=218ab8ef-fd25-4664-a808-b64a1b3131d9,FirstNumber=457,secondNumber=1158}  written to file by thread pool-3-thread-4
 message  {Id=d9f36d30-8778-43c1-9ac1-f05bf20a2595,FirstNumber=131,secondNumber=1492}  added by thread pool-3-thread-6
 message  {Id=d9f36d30-8778-43c1-9ac1-f05bf20a2595,FirstNumber=131,secondNumber=1492}  written to file by thread pool-3-thread-3
 message  {Id=cbf220e1-618d-40e4-a89f-b62a2723c3be,FirstNumber=218,secondNumber=495}  added by thread pool-3-thread-6
 message  {Id=cbf220e1-618d-40e4-a89f-b62a2723c3be,FirstNumber=218,secondNumber=495}  written to file by thread pool-3-thread-5
 message  {Id=b97cc868-2cfb-4ae3-8953-12915d25416b,FirstNumber=571,secondNumber=1213}  added by thread pool-3-thread-6
 message  {Id=b97cc868-2cfb-4ae3-8953-12915d25416b,FirstNumber=571,secondNumber=1213}  written to file by thread pool-3-thread-5
 message  {Id=fed50997-6cf7-42cb-8c57-1d33a10bf0d7,FirstNumber=932,secondNumber=995}  added by thread pool-3-thread-6
 message  {Id=7ce05e85-42c1-4e4d-9a03-3be86a2cebe1,FirstNumber=477,secondNumber=1550}  added by thread pool-3-thread-6
 message  {Id=fed50997-6cf7-42cb-8c57-1d33a10bf0d7,FirstNumber=932,secondNumber=995}  written to file by thread pool-3-thread-2
 message  {Id=7ce05e85-42c1-4e4d-9a03-3be86a2cebe1,FirstNumber=477,secondNumber=1550}  written to file by thread pool-3-thread-4
 message  {Id=bbc11137-48ed-4c15-9032-238294e0f21f,FirstNumber=89,secondNumber=908}  added by thread pool-3-thread-6
 message  {Id=a49ea697-7438-40aa-9d61-706b3c3fbe58,FirstNumber=949,secondNumber=421}  added by thread pool-3-thread-6
 message  {Id=bbc11137-48ed-4c15-9032-238294e0f21f,FirstNumber=89,secondNumber=908}  written to file by thread pool-3-thread-3
 message  {Id=a49ea697-7438-40aa-9d61-706b3c3fbe58,FirstNumber=949,secondNumber=421}  written to file by thread pool-3-thread-1
 message  {Id=dd6ddb98-0968-4f9c-b74c-246ccac33244,FirstNumber=847,secondNumber=1081}  added by thread pool-3-thread-6
 message  {Id=dd6ddb98-0968-4f9c-b74c-246ccac33244,FirstNumber=847,secondNumber=1081}  written to file by thread pool-3-thread-5
 message  {Id=b46452e5-d345-4b3c-8cf4-6bbc35731492,FirstNumber=397,secondNumber=1971}  added by thread pool-3-thread-6
 message  {Id=b46452e5-d345-4b3c-8cf4-6bbc35731492,FirstNumber=397,secondNumber=1971}  written to file by thread pool-3-thread-2
 message  {Id=84569ab8-f9fa-47bf-a85a-98b0f67f30f2,FirstNumber=524,secondNumber=1190}  added by thread pool-3-thread-6
 message  {Id=84569ab8-f9fa-47bf-a85a-98b0f67f30f2,FirstNumber=524,secondNumber=1190}  written to file by thread pool-3-thread-4
 message  {Id=a79a76c0-9d34-4135-8fc9-badc777445cc,FirstNumber=967,secondNumber=770}  added by thread pool-3-thread-6
 message  {Id=d347dd54-9e21-4d81-aca0-749fd369887f,FirstNumber=822,secondNumber=228}  added by thread pool-3-thread-6
 message  {Id=a79a76c0-9d34-4135-8fc9-badc777445cc,FirstNumber=967,secondNumber=770}  written to file by thread pool-3-thread-3
 message  {Id=d347dd54-9e21-4d81-aca0-749fd369887f,FirstNumber=822,secondNumber=228}  written to file by thread pool-3-thread-1
 message  {Id=5276a145-30d5-484f-b7c6-94116cc1ab00,FirstNumber=48,secondNumber=99}  added by thread pool-3-thread-6
 message  {Id=5276a145-30d5-484f-b7c6-94116cc1ab00,FirstNumber=48,secondNumber=99}  written to file by thread pool-3-thread-3
 message  {Id=5329eeba-2e18-4047-8710-74f741eaa620,FirstNumber=454,secondNumber=1689}  added by thread pool-3-thread-6
 message  {Id=5a0d91f8-4bb3-4cd8-8926-f053f763ff22,FirstNumber=903,secondNumber=1006}  added by thread pool-3-thread-6
 message  {Id=5329eeba-2e18-4047-8710-74f741eaa620,FirstNumber=454,secondNumber=1689}  written to file by thread pool-3-thread-2
 message  {Id=5a0d91f8-4bb3-4cd8-8926-f053f763ff22,FirstNumber=903,secondNumber=1006}  written to file by thread pool-3-thread-4
 message  {Id=829c1261-a833-42d8-a9bb-09c0341ce901,FirstNumber=434,secondNumber=1456}  added by thread pool-3-thread-6
 message  {Id=829c1261-a833-42d8-a9bb-09c0341ce901,FirstNumber=434,secondNumber=1456}  written to file by thread pool-3-thread-5
 message  {Id=96325b54-36de-4d02-a110-d1da9bc8a3b4,FirstNumber=725,secondNumber=1619}  added by thread pool-3-thread-6
 message  {Id=96325b54-36de-4d02-a110-d1da9bc8a3b4,FirstNumber=725,secondNumber=1619}  written to file by thread pool-3-thread-1
 message  {Id=119c9f5e-347e-4c23-a0ee-ac76be53fbb8,FirstNumber=33,secondNumber=807}  added by thread pool-3-thread-6
 message  {Id=520555b1-11e3-43d0-bfb9-af751c15f597,FirstNumber=614,secondNumber=251}  added by thread pool-3-thread-6
 message  {Id=119c9f5e-347e-4c23-a0ee-ac76be53fbb8,FirstNumber=33,secondNumber=807}  written to file by thread pool-3-thread-3
 message  {Id=520555b1-11e3-43d0-bfb9-af751c15f597,FirstNumber=614,secondNumber=251}  written to file by thread pool-3-thread-2
 message  {Id=d16f9fd5-4e7b-405d-8a59-ccf48752fb72,FirstNumber=218,secondNumber=1547}  added by thread pool-3-thread-6
 message  {Id=d16f9fd5-4e7b-405d-8a59-ccf48752fb72,FirstNumber=218,secondNumber=1547}  written to file by thread pool-3-thread-3
 message  {Id=a4ac76ae-d8e9-4b51-a588-96ceda793033,FirstNumber=822,secondNumber=529}  added by thread pool-3-thread-6
 message  {Id=a4ac76ae-d8e9-4b51-a588-96ceda793033,FirstNumber=822,secondNumber=529}  written to file by thread pool-3-thread-5
 message  {Id=88fef397-955e-41b8-9023-42b274f4a359,FirstNumber=148,secondNumber=503}  added by thread pool-3-thread-6
 message  {Id=88fef397-955e-41b8-9023-42b274f4a359,FirstNumber=148,secondNumber=503}  written to file by thread pool-3-thread-1
 message  {Id=8516bc1c-f8c2-4673-98ca-c8f18bfa9560,FirstNumber=998,secondNumber=759}  added by thread pool-3-thread-6
 message  {Id=8516bc1c-f8c2-4673-98ca-c8f18bfa9560,FirstNumber=998,secondNumber=759}  written to file by thread pool-3-thread-4
 message  {Id=3cdbe873-8385-4a46-99d4-7716c38d0200,FirstNumber=6,secondNumber=1878}  written to file by thread pool-3-thread-2
 message  {Id=3cdbe873-8385-4a46-99d4-7716c38d0200,FirstNumber=6,secondNumber=1878}  added by thread pool-3-thread-6
 message  {Id=7d217a59-f64c-41f6-aadc-817a013e8a36,FirstNumber=219,secondNumber=734}  added by thread pool-3-thread-6
 message  {Id=bb8e3be1-66d9-43e8-b6b9-447da8d15383,FirstNumber=259,secondNumber=1829}  added by thread pool-3-thread-6
 message  {Id=7d217a59-f64c-41f6-aadc-817a013e8a36,FirstNumber=219,secondNumber=734}  written to file by thread pool-3-thread-3
 message  {Id=bb8e3be1-66d9-43e8-b6b9-447da8d15383,FirstNumber=259,secondNumber=1829}  written to file by thread pool-3-thread-5
 message  {Id=5e0b3eb5-5336-4bdf-bddd-b4190f1a1b70,FirstNumber=39,secondNumber=141}  added by thread pool-3-thread-6
 message  {Id=5e0b3eb5-5336-4bdf-bddd-b4190f1a1b70,FirstNumber=39,secondNumber=141}  written to file by thread pool-3-thread-1
 message  {Id=3677e4d9-dea6-4c90-85f9-86b0350d8b79,FirstNumber=848,secondNumber=1858}  added by thread pool-3-thread-6
 message  {Id=3677e4d9-dea6-4c90-85f9-86b0350d8b79,FirstNumber=848,secondNumber=1858}  written to file by thread pool-3-thread-4
 message  {Id=8a831ada-8125-46c5-b13a-d4963c4573f8,FirstNumber=431,secondNumber=102}  added by thread pool-3-thread-6
 message  {Id=8a831ada-8125-46c5-b13a-d4963c4573f8,FirstNumber=431,secondNumber=102}  written to file by thread pool-3-thread-2
 message  {Id=09c2cc4b-415b-4283-bef8-8d50a8828c42,FirstNumber=966,secondNumber=1605}  added by thread pool-3-thread-6
 message  {Id=66af79da-a228-405f-946f-09c1a06f4952,FirstNumber=187,secondNumber=1988}  added by thread pool-3-thread-6
 message  {Id=09c2cc4b-415b-4283-bef8-8d50a8828c42,FirstNumber=966,secondNumber=1605}  written to file by thread pool-3-thread-3
 message  {Id=66af79da-a228-405f-946f-09c1a06f4952,FirstNumber=187,secondNumber=1988}  written to file by thread pool-3-thread-5
 message  {Id=d2de64b5-140c-4477-8ea4-8162cebf1711,FirstNumber=831,secondNumber=1066}  added by thread pool-3-thread-6
 message  {Id=d2de64b5-140c-4477-8ea4-8162cebf1711,FirstNumber=831,secondNumber=1066}  written to file by thread pool-3-thread-1
 message  {Id=62aa5e3e-99a5-4c61-80bb-125e2c0c3a89,FirstNumber=567,secondNumber=1491}  added by thread pool-3-thread-6
 message  {Id=62aa5e3e-99a5-4c61-80bb-125e2c0c3a89,FirstNumber=567,secondNumber=1491}  written to file by thread pool-3-thread-4
 message  {Id=fe7e74c9-8874-4373-b37d-564bf9767e5d,FirstNumber=447,secondNumber=1392}  added by thread pool-3-thread-6
 message  {Id=fe7e74c9-8874-4373-b37d-564bf9767e5d,FirstNumber=447,secondNumber=1392}  written to file by thread pool-3-thread-2
 message  {Id=5bd24fbe-c33a-4b2a-9192-eaf765ce65ec,FirstNumber=864,secondNumber=419}  added by thread pool-3-thread-6
 message  {Id=5bd24fbe-c33a-4b2a-9192-eaf765ce65ec,FirstNumber=864,secondNumber=419}  written to file by thread pool-3-thread-3
 message  {Id=c5ab22b8-7257-425a-bc78-4ec01c894261,FirstNumber=543,secondNumber=1270}  added by thread pool-3-thread-6
 message  {Id=c5ab22b8-7257-425a-bc78-4ec01c894261,FirstNumber=543,secondNumber=1270}  written to file by thread pool-3-thread-5
 message  {Id=e1a4321b-6799-4442-afb8-c8512ca0e188,FirstNumber=83,secondNumber=1300}  added by thread pool-3-thread-6
 message  {Id=e1a4321b-6799-4442-afb8-c8512ca0e188,FirstNumber=83,secondNumber=1300}  written to file by thread pool-3-thread-1
 message  {Id=c2db758d-3de2-4bee-9626-00b36b5c6bc2,FirstNumber=625,secondNumber=93}  added by thread pool-3-thread-6
 message  {Id=c2db758d-3de2-4bee-9626-00b36b5c6bc2,FirstNumber=625,secondNumber=93}  written to file by thread pool-3-thread-4
 message  {Id=19faf9b8-be86-4dd4-99df-843393ef5c1a,FirstNumber=24,secondNumber=1986}  added by thread pool-3-thread-6
 message  {Id=19faf9b8-be86-4dd4-99df-843393ef5c1a,FirstNumber=24,secondNumber=1986}  written to file by thread pool-3-thread-2
 message  {Id=d05024ec-6b42-4a1e-9009-9726a643fbcf,FirstNumber=761,secondNumber=1794}  added by thread pool-3-thread-6
 message  {Id=d05024ec-6b42-4a1e-9009-9726a643fbcf,FirstNumber=761,secondNumber=1794}  written to file by thread pool-3-thread-3
 message  {Id=bc1470c8-ffc5-4918-904a-48836e83cca6,FirstNumber=272,secondNumber=1232}  added by thread pool-3-thread-6
 message  {Id=bc1470c8-ffc5-4918-904a-48836e83cca6,FirstNumber=272,secondNumber=1232}  written to file by thread pool-3-thread-5
 message  {Id=7b43c9b5-9294-443f-9554-cbf1e1dbc101,FirstNumber=969,secondNumber=1863}  added by thread pool-3-thread-6
 message  {Id=7b43c9b5-9294-443f-9554-cbf1e1dbc101,FirstNumber=969,secondNumber=1863}  written to file by thread pool-3-thread-5
 message  {Id=658305c6-91d6-46ab-94bd-d4ae1600e66f,FirstNumber=282,secondNumber=1584}  added by thread pool-3-thread-6
 message  {Id=658305c6-91d6-46ab-94bd-d4ae1600e66f,FirstNumber=282,secondNumber=1584}  written to file by thread pool-3-thread-4
 message  {Id=a7a1de10-5fc5-4694-9330-26c160ed8d54,FirstNumber=965,secondNumber=257}  added by thread pool-3-thread-6
 message  {Id=a7a1de10-5fc5-4694-9330-26c160ed8d54,FirstNumber=965,secondNumber=257}  written to file by thread pool-3-thread-2
 message  {Id=deb18fa6-f535-4339-af17-4ccdc25e4e3a,FirstNumber=78,secondNumber=1245}  added by thread pool-3-thread-6
 message  {Id=deb18fa6-f535-4339-af17-4ccdc25e4e3a,FirstNumber=78,secondNumber=1245}  written to file by thread pool-3-thread-3
 message  {Id=511ad4e6-dc36-4fa1-a2d6-22b93c00778d,FirstNumber=254,secondNumber=240}  added by thread pool-3-thread-6
 message  {Id=511ad4e6-dc36-4fa1-a2d6-22b93c00778d,FirstNumber=254,secondNumber=240}  written to file by thread pool-3-thread-1
 message  {Id=4e3beb8e-8bad-4d1f-8383-c8bfe2de0cc8,FirstNumber=42,secondNumber=1762}  added by thread pool-3-thread-6
 message  {Id=4e3beb8e-8bad-4d1f-8383-c8bfe2de0cc8,FirstNumber=42,secondNumber=1762}  written to file by thread pool-3-thread-1
 message  {Id=16de7789-ede6-4d0d-8693-6c8347f8346e,FirstNumber=985,secondNumber=1716}  added by thread pool-3-thread-6
 message  {Id=16de7789-ede6-4d0d-8693-6c8347f8346e,FirstNumber=985,secondNumber=1716}  written to file by thread pool-3-thread-4
 message  {Id=9f3e3390-f2b6-4032-b8d9-944ad5551cd3,FirstNumber=176,secondNumber=1540}  added by thread pool-3-thread-6
 message  {Id=9f3e3390-f2b6-4032-b8d9-944ad5551cd3,FirstNumber=176,secondNumber=1540}  written to file by thread pool-3-thread-2
 message  {Id=4df29d5a-d181-4cd2-adff-1ba7498a78ee,FirstNumber=910,secondNumber=1790}  added by thread pool-3-thread-6
 message  {Id=b5cf02c6-c72b-47fd-b24d-03c4231f501e,FirstNumber=315,secondNumber=1710}  added by thread pool-3-thread-6
 message  {Id=4df29d5a-d181-4cd2-adff-1ba7498a78ee,FirstNumber=910,secondNumber=1790}  written to file by thread pool-3-thread-3
 message  {Id=b5cf02c6-c72b-47fd-b24d-03c4231f501e,FirstNumber=315,secondNumber=1710}  written to file by thread pool-3-thread-5
 message  {Id=9e9d8334-7555-43e0-b00d-62e01123f891,FirstNumber=754,secondNumber=607}  added by thread pool-3-thread-6
 message  {Id=9e9d8334-7555-43e0-b00d-62e01123f891,FirstNumber=754,secondNumber=607}  written to file by thread pool-3-thread-1
 message  {Id=f734a543-fe0e-40ab-a600-07d8b5ad14c2,FirstNumber=731,secondNumber=1606}  added by thread pool-3-thread-6
 message  {Id=f734a543-fe0e-40ab-a600-07d8b5ad14c2,FirstNumber=731,secondNumber=1606}  written to file by thread pool-3-thread-4
 message  {Id=7ba91639-85f9-485c-ac04-2d7b65c352d2,FirstNumber=177,secondNumber=889}  added by thread pool-3-thread-6
 message  {Id=7ba91639-85f9-485c-ac04-2d7b65c352d2,FirstNumber=177,secondNumber=889}  written to file by thread pool-3-thread-2
 message  {Id=aa865243-6889-460a-bc62-0255a9300989,FirstNumber=101,secondNumber=634}  added by thread pool-3-thread-6
 message  {Id=aa865243-6889-460a-bc62-0255a9300989,FirstNumber=101,secondNumber=634}  written to file by thread pool-3-thread-3
 message  {Id=aa674d6e-0537-46a4-bfa8-edf5a986723e,FirstNumber=977,secondNumber=984}  added by thread pool-3-thread-6
 message  {Id=aa674d6e-0537-46a4-bfa8-edf5a986723e,FirstNumber=977,secondNumber=984}  written to file by thread pool-3-thread-5
 message  {Id=35145c3d-7a08-4339-99d0-95b7d5cec55b,FirstNumber=701,secondNumber=1314}  added by thread pool-3-thread-6
 message  {Id=35145c3d-7a08-4339-99d0-95b7d5cec55b,FirstNumber=701,secondNumber=1314}  written to file by thread pool-3-thread-1
 message  {Id=9c265220-f87d-4457-9003-68058453b886,FirstNumber=629,secondNumber=11}  added by thread pool-3-thread-6
 message  {Id=9c265220-f87d-4457-9003-68058453b886,FirstNumber=629,secondNumber=11}  written to file by thread pool-3-thread-4
 message  {Id=0991f010-58fb-4ea9-b172-52440a2e7a44,FirstNumber=142,secondNumber=1173}  added by thread pool-3-thread-6
 message  {Id=0991f010-58fb-4ea9-b172-52440a2e7a44,FirstNumber=142,secondNumber=1173}  written to file by thread pool-3-thread-2
 message  {Id=15acf463-316f-4a00-9f2e-03b9eea6f5c9,FirstNumber=14,secondNumber=524}  added by thread pool-3-thread-6
 message  {Id=15acf463-316f-4a00-9f2e-03b9eea6f5c9,FirstNumber=14,secondNumber=524}  written to file by thread pool-3-thread-3
 message  {Id=537a47ff-764f-468b-9855-43e5e4f81bb6,FirstNumber=719,secondNumber=746}  added by thread pool-3-thread-6
 message  {Id=537a47ff-764f-468b-9855-43e5e4f81bb6,FirstNumber=719,secondNumber=746}  written to file by thread pool-3-thread-5
 message  {Id=d5e49670-d1b0-4a11-b7f7-76b300c5de4c,FirstNumber=988,secondNumber=1699}  added by thread pool-3-thread-6
 message  {Id=d5e49670-d1b0-4a11-b7f7-76b300c5de4c,FirstNumber=988,secondNumber=1699}  written to file by thread pool-3-thread-5
 message  {Id=c795147f-05a7-4f9d-a04b-3f170eab65b8,FirstNumber=339,secondNumber=505}  added by thread pool-3-thread-6
 message  {Id=c795147f-05a7-4f9d-a04b-3f170eab65b8,FirstNumber=339,secondNumber=505}  written to file by thread pool-3-thread-4
 message  {Id=bf6798a2-de09-4a08-96bd-12a370943b2d,FirstNumber=314,secondNumber=1082}  added by thread pool-3-thread-6
 message  {Id=133a2d35-c5af-4817-ac84-eadaceea6ee0,FirstNumber=923,secondNumber=1396}  added by thread pool-3-thread-6
 message  {Id=bf6798a2-de09-4a08-96bd-12a370943b2d,FirstNumber=314,secondNumber=1082}  written to file by thread pool-3-thread-2
 message  {Id=2c72f199-69ef-43d3-bd85-085a59a44e1e,FirstNumber=204,secondNumber=6}  added by thread pool-3-thread-6
 message  {Id=133a2d35-c5af-4817-ac84-eadaceea6ee0,FirstNumber=923,secondNumber=1396}  written to file by thread pool-3-thread-3
 message  {Id=2c72f199-69ef-43d3-bd85-085a59a44e1e,FirstNumber=204,secondNumber=6}  written to file by thread pool-3-thread-1
 message  {Id=846ebe75-a438-4cdf-9e8d-7f135725f1de,FirstNumber=160,secondNumber=64}  added by thread pool-3-thread-6
 message  {Id=846ebe75-a438-4cdf-9e8d-7f135725f1de,FirstNumber=160,secondNumber=64}  written to file by thread pool-3-thread-1
 message  {Id=2f492e63-978c-4da6-9c94-0b5dbeaabe76,FirstNumber=603,secondNumber=1691}  added by thread pool-3-thread-6
 message  {Id=2f492e63-978c-4da6-9c94-0b5dbeaabe76,FirstNumber=603,secondNumber=1691}  written to file by thread pool-3-thread-1
 message  {Id=315d271b-21de-422d-afa8-4d261f53826f,FirstNumber=282,secondNumber=307}  added by thread pool-3-thread-6
 message  {Id=315d271b-21de-422d-afa8-4d261f53826f,FirstNumber=282,secondNumber=307}  written to file by thread pool-3-thread-1
 message  {Id=54e968c6-1093-4916-94f9-86fd35f5f11e,FirstNumber=205,secondNumber=1628}  added by thread pool-3-thread-6
 message  {Id=b64e57f2-c23b-4773-b33b-28d5c7212609,FirstNumber=362,secondNumber=903}  added by thread pool-3-thread-6
 message  {Id=54e968c6-1093-4916-94f9-86fd35f5f11e,FirstNumber=205,secondNumber=1628}  written to file by thread pool-3-thread-3
 message  {Id=b64e57f2-c23b-4773-b33b-28d5c7212609,FirstNumber=362,secondNumber=903}  written to file by thread pool-3-thread-5
 message  {Id=8e4715e2-d686-4d7f-a814-214a309d87b1,FirstNumber=415,secondNumber=518}  added by thread pool-3-thread-6
 message  {Id=8e4715e2-d686-4d7f-a814-214a309d87b1,FirstNumber=415,secondNumber=518}  written to file by thread pool-3-thread-4
 message  {Id=ab22bbc6-9450-497b-bb9b-14b1a2f8d6e0,FirstNumber=765,secondNumber=782}  added by thread pool-3-thread-6
 message  {Id=ab22bbc6-9450-497b-bb9b-14b1a2f8d6e0,FirstNumber=765,secondNumber=782}  written to file by thread pool-3-thread-2
 message  {Id=f5202051-2dea-466c-8ae2-7f8cee45c151,FirstNumber=811,secondNumber=615}  added by thread pool-3-thread-6
 message  {Id=f5202051-2dea-466c-8ae2-7f8cee45c151,FirstNumber=811,secondNumber=615}  written to file by thread pool-3-thread-1
 message  {Id=f1e20d0a-e385-417b-af9d-2b20f3ebae54,FirstNumber=175,secondNumber=688}  added by thread pool-3-thread-6
 message  {Id=f1e20d0a-e385-417b-af9d-2b20f3ebae54,FirstNumber=175,secondNumber=688}  written to file by thread pool-3-thread-3
 message  {Id=b91a7341-ad2f-4572-b16e-ac31cb7d2160,FirstNumber=704,secondNumber=1321}  added by thread pool-3-thread-6
 message  {Id=b91a7341-ad2f-4572-b16e-ac31cb7d2160,FirstNumber=704,secondNumber=1321}  written to file by thread pool-3-thread-5
 message  {Id=4d0ad5d9-9d67-45cd-877d-75e872c288e8,FirstNumber=880,secondNumber=684}  added by thread pool-3-thread-6
 message  {Id=4d0ad5d9-9d67-45cd-877d-75e872c288e8,FirstNumber=880,secondNumber=684}  written to file by thread pool-3-thread-4
 message  {Id=115c8ae0-2e72-4c9b-8632-8b248e3b2fe3,FirstNumber=379,secondNumber=1135}  added by thread pool-3-thread-6
 message  {Id=115c8ae0-2e72-4c9b-8632-8b248e3b2fe3,FirstNumber=379,secondNumber=1135}  written to file by thread pool-3-thread-2
 message  {Id=0878aecf-5043-450a-953f-a90de0091b7d,FirstNumber=749,secondNumber=1796}  added by thread pool-3-thread-6
 message  {Id=0878aecf-5043-450a-953f-a90de0091b7d,FirstNumber=749,secondNumber=1796}  written to file by thread pool-3-thread-1
 message  {Id=12e75e0b-c63d-4f3c-abb7-7ee69b7b8d42,FirstNumber=592,secondNumber=641}  added by thread pool-3-thread-6
 message  {Id=505ace00-b4d2-4902-908d-781cfd55f4a7,FirstNumber=172,secondNumber=618}  added by thread pool-3-thread-6
 message  {Id=12e75e0b-c63d-4f3c-abb7-7ee69b7b8d42,FirstNumber=592,secondNumber=641}  written to file by thread pool-3-thread-3
 message  {Id=505ace00-b4d2-4902-908d-781cfd55f4a7,FirstNumber=172,secondNumber=618}  written to file by thread pool-3-thread-5
 message  {Id=3d14f9d6-454b-4640-bb0c-42c57a3a9cfd,FirstNumber=477,secondNumber=975}  added by thread pool-3-thread-6
 message  {Id=3d14f9d6-454b-4640-bb0c-42c57a3a9cfd,FirstNumber=477,secondNumber=975}  written to file by thread pool-3-thread-4
 message  {Id=a0f623f6-e0ee-4e64-a8c8-17aa58a75cf0,FirstNumber=72,secondNumber=1570}  added by thread pool-3-thread-6
 message  {Id=a0f623f6-e0ee-4e64-a8c8-17aa58a75cf0,FirstNumber=72,secondNumber=1570}  written to file by thread pool-3-thread-2
 message  {Id=9d78d91a-4aa5-4082-949e-f6123b3bb7e8,FirstNumber=224,secondNumber=1323}  added by thread pool-3-thread-6
 message  {Id=9d78d91a-4aa5-4082-949e-f6123b3bb7e8,FirstNumber=224,secondNumber=1323}  written to file by thread pool-3-thread-1
 message  {Id=2833bcaf-06c3-45b8-8a7a-38239b85a68d,FirstNumber=336,secondNumber=1076}  added by thread pool-3-thread-6
 message  {Id=2833bcaf-06c3-45b8-8a7a-38239b85a68d,FirstNumber=336,secondNumber=1076}  written to file by thread pool-3-thread-3
 message  {Id=02b72009-56af-49fc-92da-76baf1d94c41,FirstNumber=28,secondNumber=1041}  added by thread pool-3-thread-6
 message  {Id=02b72009-56af-49fc-92da-76baf1d94c41,FirstNumber=28,secondNumber=1041}  written to file by thread pool-3-thread-5
 message  {Id=b423a355-27e6-4c4c-a724-8cd8ca1a07eb,FirstNumber=915,secondNumber=1117}  added by thread pool-3-thread-6
 message  {Id=b423a355-27e6-4c4c-a724-8cd8ca1a07eb,FirstNumber=915,secondNumber=1117}  written to file by thread pool-3-thread-4
 message  {Id=83eebac6-befb-4e36-ae40-874fee03e2f7,FirstNumber=555,secondNumber=362}  added by thread pool-3-thread-6
 message  {Id=83eebac6-befb-4e36-ae40-874fee03e2f7,FirstNumber=555,secondNumber=362}  written to file by thread pool-3-thread-2
 message  {Id=6633a43f-48c5-45a9-8516-29785a0cd5f0,FirstNumber=551,secondNumber=102}  added by thread pool-3-thread-6
 message  {Id=6633a43f-48c5-45a9-8516-29785a0cd5f0,FirstNumber=551,secondNumber=102}  written to file by thread pool-3-thread-1
 message  {Id=78ad043a-794e-4e1a-9fbd-bd63cf5a809d,FirstNumber=338,secondNumber=320}  added by thread pool-3-thread-6
 message  {Id=aaf27d03-4763-46bd-933d-ed72ff2f5a15,FirstNumber=978,secondNumber=521}  added by thread pool-3-thread-6
 message  {Id=78ad043a-794e-4e1a-9fbd-bd63cf5a809d,FirstNumber=338,secondNumber=320}  written to file by thread pool-3-thread-3
 message  {Id=aaf27d03-4763-46bd-933d-ed72ff2f5a15,FirstNumber=978,secondNumber=521}  written to file by thread pool-3-thread-5
 message  {Id=beaa1373-3964-4f0c-812d-5f529dd712d0,FirstNumber=287,secondNumber=1284}  added by thread pool-3-thread-6
 message  {Id=beaa1373-3964-4f0c-812d-5f529dd712d0,FirstNumber=287,secondNumber=1284}  written to file by thread pool-3-thread-4
 message  {Id=c5a21ac3-b277-411a-9e1b-9f0114b4846d,FirstNumber=591,secondNumber=1371}  added by thread pool-3-thread-6
 message  {Id=c5a21ac3-b277-411a-9e1b-9f0114b4846d,FirstNumber=591,secondNumber=1371}  written to file by thread pool-3-thread-2
 message  {Id=e2426789-08a6-4d7b-b118-7637c9e60e35,FirstNumber=297,secondNumber=1155}  added by thread pool-3-thread-6
 message  {Id=e2426789-08a6-4d7b-b118-7637c9e60e35,FirstNumber=297,secondNumber=1155}  written to file by thread pool-3-thread-1
 message  {Id=0e01d129-162c-4ed7-8e2d-f2d329a7ba3a,FirstNumber=119,secondNumber=967}  added by thread pool-3-thread-6
 message  {Id=0e01d129-162c-4ed7-8e2d-f2d329a7ba3a,FirstNumber=119,secondNumber=967}  written to file by thread pool-3-thread-3
 message  {Id=69f8ee51-0d22-4ee5-9b62-f2eed4102f03,FirstNumber=117,secondNumber=1375}  added by thread pool-3-thread-6
 message  {Id=69f8ee51-0d22-4ee5-9b62-f2eed4102f03,FirstNumber=117,secondNumber=1375}  written to file by thread pool-3-thread-5
 message  {Id=30843c62-0871-4107-bc1d-180f6117f2d2,FirstNumber=945,secondNumber=1903}  added by thread pool-3-thread-6
 message  {Id=30843c62-0871-4107-bc1d-180f6117f2d2,FirstNumber=945,secondNumber=1903}  written to file by thread pool-3-thread-4
 message  {Id=303b56cc-06a9-49b7-95c1-7ea985e374e3,FirstNumber=363,secondNumber=837}  added by thread pool-3-thread-6
 message  {Id=303b56cc-06a9-49b7-95c1-7ea985e374e3,FirstNumber=363,secondNumber=837}  written to file by thread pool-3-thread-2
 message  {Id=330169d5-a7c4-4904-b559-722e87bdb6af,FirstNumber=999,secondNumber=1152}  added by thread pool-3-thread-6
 message  {Id=330169d5-a7c4-4904-b559-722e87bdb6af,FirstNumber=999,secondNumber=1152}  written to file by thread pool-3-thread-1
 message  {Id=60a081cd-cf46-43f5-b747-b15c002d2352,FirstNumber=395,secondNumber=718}  added by thread pool-3-thread-6
 message  {Id=60a081cd-cf46-43f5-b747-b15c002d2352,FirstNumber=395,secondNumber=718}  written to file by thread pool-3-thread-3
 message  {Id=07f41cbd-55cc-4e9e-952a-c5fe8296f286,FirstNumber=716,secondNumber=940}  added by thread pool-3-thread-6
 message  {Id=07f41cbd-55cc-4e9e-952a-c5fe8296f286,FirstNumber=716,secondNumber=940}  written to file by thread pool-3-thread-5
 message  {Id=f5453ffb-e3f9-4e4d-919f-1ca7882c39c6,FirstNumber=500,secondNumber=1135}  added by thread pool-3-thread-6
 message  {Id=f5453ffb-e3f9-4e4d-919f-1ca7882c39c6,FirstNumber=500,secondNumber=1135}  written to file by thread pool-3-thread-4
 message  {Id=e797cb2f-a5a5-4b68-9162-848f0e85347b,FirstNumber=875,secondNumber=1941}  added by thread pool-3-thread-6
 message  {Id=e797cb2f-a5a5-4b68-9162-848f0e85347b,FirstNumber=875,secondNumber=1941}  written to file by thread pool-3-thread-2
 message  {Id=cfe16f7c-476a-48ef-bfda-69cf23edf882,FirstNumber=253,secondNumber=502}  added by thread pool-3-thread-6
 message  {Id=cfe16f7c-476a-48ef-bfda-69cf23edf882,FirstNumber=253,secondNumber=502}  written to file by thread pool-3-thread-1
 message  {Id=b8292b24-68bf-45a0-b04e-9569a8bdf4a8,FirstNumber=167,secondNumber=374}  added by thread pool-3-thread-6
 message  {Id=b8292b24-68bf-45a0-b04e-9569a8bdf4a8,FirstNumber=167,secondNumber=374}  written to file by thread pool-3-thread-3
 message  {Id=6132c2be-05e0-4159-9d11-289b40b8520c,FirstNumber=295,secondNumber=1158}  added by thread pool-3-thread-6
 message  {Id=6132c2be-05e0-4159-9d11-289b40b8520c,FirstNumber=295,secondNumber=1158}  written to file by thread pool-3-thread-5
 message  {Id=6225aaa7-79f3-4f4c-b228-6de5f68cd4f0,FirstNumber=623,secondNumber=1708}  added by thread pool-3-thread-6
 message  {Id=6225aaa7-79f3-4f4c-b228-6de5f68cd4f0,FirstNumber=623,secondNumber=1708}  written to file by thread pool-3-thread-4
 message  {Id=1ae78932-682d-49a0-b1bf-1192130c9147,FirstNumber=130,secondNumber=1283}  added by thread pool-3-thread-6
 message  {Id=1ae78932-682d-49a0-b1bf-1192130c9147,FirstNumber=130,secondNumber=1283}  written to file by thread pool-3-thread-2
 message  {Id=79bdb4a6-b8dc-4514-80e4-60d30b13f5fe,FirstNumber=934,secondNumber=784}  added by thread pool-3-thread-6
 message  {Id=79bdb4a6-b8dc-4514-80e4-60d30b13f5fe,FirstNumber=934,secondNumber=784}  written to file by thread pool-3-thread-1
 message  {Id=79c27c35-2055-4b4f-ba9d-f25a9b3c8c65,FirstNumber=4,secondNumber=154}  added by thread pool-3-thread-6
 message  {Id=d0487433-e5c9-4eac-b2e5-ade9d62aa262,FirstNumber=337,secondNumber=1818}  added by thread pool-3-thread-6
 message  {Id=79c27c35-2055-4b4f-ba9d-f25a9b3c8c65,FirstNumber=4,secondNumber=154}  written to file by thread pool-3-thread-3
 message  {Id=d0487433-e5c9-4eac-b2e5-ade9d62aa262,FirstNumber=337,secondNumber=1818}  written to file by thread pool-3-thread-5
 message  {Id=79d686bb-6fdf-478c-a8a4-2b8d6e447061,FirstNumber=478,secondNumber=1093}  added by thread pool-3-thread-6
 message  {Id=79d686bb-6fdf-478c-a8a4-2b8d6e447061,FirstNumber=478,secondNumber=1093}  written to file by thread pool-3-thread-4
 message  {Id=dcb5d01b-0126-40ae-a5ac-8cbed2fff7ea,FirstNumber=924,secondNumber=603}  added by thread pool-3-thread-6
 message  {Id=dcb5d01b-0126-40ae-a5ac-8cbed2fff7ea,FirstNumber=924,secondNumber=603}  written to file by thread pool-3-thread-2
 message  {Id=343faf3c-f5eb-491e-92de-91db8988fc69,FirstNumber=87,secondNumber=725}  added by thread pool-3-thread-6
 message  {Id=343faf3c-f5eb-491e-92de-91db8988fc69,FirstNumber=87,secondNumber=725}  written to file by thread pool-3-thread-1
 message  {Id=1d5cf36d-59ba-46cd-9b0a-cbdba15f7fa0,FirstNumber=504,secondNumber=1626}  added by thread pool-3-thread-6
 message  {Id=1d5cf36d-59ba-46cd-9b0a-cbdba15f7fa0,FirstNumber=504,secondNumber=1626}  written to file by thread pool-3-thread-3
 message  {Id=38d9a3b2-79fa-46ee-aa6c-6b3b08a56eed,FirstNumber=280,secondNumber=1698}  added by thread pool-3-thread-6
 message  {Id=38d9a3b2-79fa-46ee-aa6c-6b3b08a56eed,FirstNumber=280,secondNumber=1698}  written to file by thread pool-3-thread-5
 message  {Id=8f6d434b-3838-48fa-83fb-f172b26d2562,FirstNumber=836,secondNumber=611}  added by thread pool-3-thread-6
 message  {Id=8f6d434b-3838-48fa-83fb-f172b26d2562,FirstNumber=836,secondNumber=611}  written to file by thread pool-3-thread-4
 message  {Id=1038378a-0acd-4159-8b8b-0e943e2f6337,FirstNumber=587,secondNumber=1638}  added by thread pool-3-thread-6
 message  {Id=1038378a-0acd-4159-8b8b-0e943e2f6337,FirstNumber=587,secondNumber=1638}  written to file by thread pool-3-thread-2
 message  {Id=a4d693c1-fb8f-4606-b5b3-eaeddcd449f0,FirstNumber=837,secondNumber=253}  added by thread pool-3-thread-6
 message  {Id=a4d693c1-fb8f-4606-b5b3-eaeddcd449f0,FirstNumber=837,secondNumber=253}  written to file by thread pool-3-thread-1
 message  {Id=db0a7021-820c-45b0-a575-56e9870243a9,FirstNumber=261,secondNumber=524}  added by thread pool-3-thread-6
 message  {Id=db0a7021-820c-45b0-a575-56e9870243a9,FirstNumber=261,secondNumber=524}  written to file by thread pool-3-thread-3
 message  {Id=27a03e8b-b509-4dce-b29a-42accd033369,FirstNumber=835,secondNumber=1683}  added by thread pool-3-thread-6
 message  {Id=27a03e8b-b509-4dce-b29a-42accd033369,FirstNumber=835,secondNumber=1683}  written to file by thread pool-3-thread-5
 message  {Id=d70d807e-3022-43e8-b4b3-18940f1e078b,FirstNumber=330,secondNumber=177}  added by thread pool-3-thread-6
 message  {Id=d70d807e-3022-43e8-b4b3-18940f1e078b,FirstNumber=330,secondNumber=177}  written to file by thread pool-3-thread-4
 message  {Id=a221ec63-b558-4c5a-ae5c-4a310b5de170,FirstNumber=131,secondNumber=330}  added by thread pool-3-thread-6
 message  {Id=a221ec63-b558-4c5a-ae5c-4a310b5de170,FirstNumber=131,secondNumber=330}  written to file by thread pool-3-thread-2
 message  {Id=c7f6cc38-1ea6-4863-b93d-8ca20965119a,FirstNumber=770,secondNumber=863}  added by thread pool-3-thread-6
 message  {Id=c7f6cc38-1ea6-4863-b93d-8ca20965119a,FirstNumber=770,secondNumber=863}  written to file by thread pool-3-thread-1
 message  {Id=990dde07-5391-4298-b9e2-2c5e6211ca1a,FirstNumber=655,secondNumber=1125}  added by thread pool-3-thread-6
 message  {Id=990dde07-5391-4298-b9e2-2c5e6211ca1a,FirstNumber=655,secondNumber=1125}  written to file by thread pool-3-thread-3
 message  {Id=ab976e34-7939-473e-9b38-0730b7f86561,FirstNumber=244,secondNumber=620}  added by thread pool-3-thread-6
 message  {Id=ab976e34-7939-473e-9b38-0730b7f86561,FirstNumber=244,secondNumber=620}  written to file by thread pool-3-thread-5
 message  {Id=0f0d655b-a630-45a8-90b9-518a491c2d36,FirstNumber=41,secondNumber=942}  added by thread pool-3-thread-6
 message  {Id=0f0d655b-a630-45a8-90b9-518a491c2d36,FirstNumber=41,secondNumber=942}  written to file by thread pool-3-thread-4
 message  {Id=12336517-3c0a-4e18-a99f-b7f501a43c70,FirstNumber=287,secondNumber=1309}  added by thread pool-3-thread-6
 message  {Id=12336517-3c0a-4e18-a99f-b7f501a43c70,FirstNumber=287,secondNumber=1309}  written to file by thread pool-3-thread-2
 message  {Id=87874575-6876-45ba-9661-0b844d651077,FirstNumber=821,secondNumber=1560}  added by thread pool-3-thread-6
 message  {Id=87874575-6876-45ba-9661-0b844d651077,FirstNumber=821,secondNumber=1560}  written to file by thread pool-3-thread-1
 message  {Id=7c3ccdce-5d14-4d2e-9c00-9c5c8533e22f,FirstNumber=66,secondNumber=280}  added by thread pool-3-thread-6
 message  {Id=ab6df7f4-2de7-49cc-9e87-be89d83aa55a,FirstNumber=142,secondNumber=1006}  added by thread pool-3-thread-6
 message  {Id=7c3ccdce-5d14-4d2e-9c00-9c5c8533e22f,FirstNumber=66,secondNumber=280}  written to file by thread pool-3-thread-3
 message  {Id=ab6df7f4-2de7-49cc-9e87-be89d83aa55a,FirstNumber=142,secondNumber=1006}  written to file by thread pool-3-thread-5
 message  {Id=ac764686-0ff3-4a23-9976-4c3a0753cfa0,FirstNumber=900,secondNumber=1567}  added by thread pool-3-thread-6
 message  {Id=ac764686-0ff3-4a23-9976-4c3a0753cfa0,FirstNumber=900,secondNumber=1567}  written to file by thread pool-3-thread-4
 message  {Id=ef163d46-0058-4084-a50a-dac1ebddf166,FirstNumber=552,secondNumber=824}  added by thread pool-3-thread-6
 message  {Id=ef163d46-0058-4084-a50a-dac1ebddf166,FirstNumber=552,secondNumber=824}  written to file by thread pool-3-thread-2
 message  {Id=e58be720-0261-4f1e-8782-6dccefe516e9,FirstNumber=974,secondNumber=46}  added by thread pool-3-thread-6
 message  {Id=e58be720-0261-4f1e-8782-6dccefe516e9,FirstNumber=974,secondNumber=46}  written to file by thread pool-3-thread-1
 message  {Id=dc0119e6-a548-43c4-a85d-21bbd2801102,FirstNumber=491,secondNumber=134}  added by thread pool-3-thread-6
 message  {Id=dc0119e6-a548-43c4-a85d-21bbd2801102,FirstNumber=491,secondNumber=134}  written to file by thread pool-3-thread-3
 message  {Id=200508fb-ec81-4f4a-b843-5c7801b89b14,FirstNumber=866,secondNumber=262}  added by thread pool-3-thread-6
 message  {Id=200508fb-ec81-4f4a-b843-5c7801b89b14,FirstNumber=866,secondNumber=262}  written to file by thread pool-3-thread-5
 message  {Id=b2d25b1d-71cd-480d-9a49-e975681083d6,FirstNumber=10,secondNumber=922}  added by thread pool-3-thread-6
 message  {Id=b2d25b1d-71cd-480d-9a49-e975681083d6,FirstNumber=10,secondNumber=922}  written to file by thread pool-3-thread-4
 message  {Id=862caab8-e94a-4cac-aeb6-e18fb4257c2e,FirstNumber=295,secondNumber=555}  added by thread pool-3-thread-6
 message  {Id=862caab8-e94a-4cac-aeb6-e18fb4257c2e,FirstNumber=295,secondNumber=555}  written to file by thread pool-3-thread-2
 message  {Id=3367d842-4363-4916-8514-905f1e79d4f6,FirstNumber=283,secondNumber=557}  added by thread pool-3-thread-6
 message  {Id=3367d842-4363-4916-8514-905f1e79d4f6,FirstNumber=283,secondNumber=557}  written to file by thread pool-3-thread-1
 message  {Id=ebc0070a-78ca-4dcb-9601-a9801b185514,FirstNumber=806,secondNumber=829}  added by thread pool-3-thread-6
 message  {Id=ce674639-59f0-43de-a37c-64155c0aab91,FirstNumber=429,secondNumber=388}  added by thread pool-3-thread-6
 message  {Id=ebc0070a-78ca-4dcb-9601-a9801b185514,FirstNumber=806,secondNumber=829}  written to file by thread pool-3-thread-3
 message  {Id=ce674639-59f0-43de-a37c-64155c0aab91,FirstNumber=429,secondNumber=388}  written to file by thread pool-3-thread-5
 message  {Id=e645e0d0-73f6-4e73-84d5-270028230256,FirstNumber=187,secondNumber=115}  added by thread pool-3-thread-6
 message  {Id=e645e0d0-73f6-4e73-84d5-270028230256,FirstNumber=187,secondNumber=115}  written to file by thread pool-3-thread-4
 message  {Id=9f7cdce7-e559-4587-a267-00a931e3f1c8,FirstNumber=893,secondNumber=587}  added by thread pool-3-thread-6
 message  {Id=9f7cdce7-e559-4587-a267-00a931e3f1c8,FirstNumber=893,secondNumber=587}  written to file by thread pool-3-thread-2
 message  {Id=87ec633d-14ae-4aa2-b9ed-b78ff8f0b2b5,FirstNumber=350,secondNumber=1918}  added by thread pool-3-thread-6
 message  {Id=87ec633d-14ae-4aa2-b9ed-b78ff8f0b2b5,FirstNumber=350,secondNumber=1918}  written to file by thread pool-3-thread-1
 message  {Id=7bc8125a-efc3-4fba-b5d2-a2c92a26509b,FirstNumber=261,secondNumber=466}  added by thread pool-3-thread-6
 message  {Id=7bc8125a-efc3-4fba-b5d2-a2c92a26509b,FirstNumber=261,secondNumber=466}  written to file by thread pool-3-thread-3
 message  {Id=de94cb03-4723-4504-85f9-908b795a3e7b,FirstNumber=303,secondNumber=495}  added by thread pool-3-thread-6
 message  {Id=de94cb03-4723-4504-85f9-908b795a3e7b,FirstNumber=303,secondNumber=495}  written to file by thread pool-3-thread-5
 message  {Id=1953a86a-4c6d-4f13-a18c-34cdc67fda2c,FirstNumber=214,secondNumber=1483}  added by thread pool-3-thread-6
 message  {Id=1953a86a-4c6d-4f13-a18c-34cdc67fda2c,FirstNumber=214,secondNumber=1483}  written to file by thread pool-3-thread-5
 message  {Id=c1ed9424-77f3-44b5-9304-3e900c9c412a,FirstNumber=795,secondNumber=440}  added by thread pool-3-thread-6
 message  {Id=c1ed9424-77f3-44b5-9304-3e900c9c412a,FirstNumber=795,secondNumber=440}  written to file by thread pool-3-thread-5
 message  {Id=e1682ef5-1a14-4e29-8b0b-c9e2e6bab385,FirstNumber=692,secondNumber=862}  added by thread pool-3-thread-6
 message  {Id=e1682ef5-1a14-4e29-8b0b-c9e2e6bab385,FirstNumber=692,secondNumber=862}  written to file by thread pool-3-thread-1
 message  {Id=e4c29faf-4ea7-4d64-9feb-0ff1a09689d9,FirstNumber=649,secondNumber=1845}  added by thread pool-3-thread-6
 message  {Id=692fff20-3aac-48de-9088-a3b26ca7ee1e,FirstNumber=1,secondNumber=1259}  added by thread pool-3-thread-6
 message  {Id=e4c29faf-4ea7-4d64-9feb-0ff1a09689d9,FirstNumber=649,secondNumber=1845}  written to file by thread pool-3-thread-3
 message  {Id=692fff20-3aac-48de-9088-a3b26ca7ee1e,FirstNumber=1,secondNumber=1259}  written to file by thread pool-3-thread-4
 message  {Id=ec2fab8c-661a-48b8-91d0-3f90286e3946,FirstNumber=553,secondNumber=297}  added by thread pool-3-thread-6
 message  {Id=ec2fab8c-661a-48b8-91d0-3f90286e3946,FirstNumber=553,secondNumber=297}  written to file by thread pool-3-thread-2
 message  {Id=7b162ea8-ebb4-4a9a-bee5-379217872928,FirstNumber=738,secondNumber=598}  added by thread pool-3-thread-6
 message  {Id=7b162ea8-ebb4-4a9a-bee5-379217872928,FirstNumber=738,secondNumber=598}  written to file by thread pool-3-thread-5
 message  {Id=437e0be7-0561-4efb-90fc-0e5620ea798d,FirstNumber=36,secondNumber=1698}  added by thread pool-3-thread-6
 message  {Id=437e0be7-0561-4efb-90fc-0e5620ea798d,FirstNumber=36,secondNumber=1698}  written to file by thread pool-3-thread-1
 message  {Id=ad632ad3-c2bd-4418-a64b-f7318f17d329,FirstNumber=522,secondNumber=961}  added by thread pool-3-thread-6
 message  {Id=dada2db9-926b-4d56-977c-8a8ddda812ad,FirstNumber=37,secondNumber=485}  added by thread pool-3-thread-6
 message  {Id=ad632ad3-c2bd-4418-a64b-f7318f17d329,FirstNumber=522,secondNumber=961}  written to file by thread pool-3-thread-3
 message  {Id=dada2db9-926b-4d56-977c-8a8ddda812ad,FirstNumber=37,secondNumber=485}  written to file by thread pool-3-thread-4
 message  {Id=cd416e4d-303d-4961-a632-dcaf1cfe5e88,FirstNumber=778,secondNumber=511}  added by thread pool-3-thread-6
 message  {Id=cd416e4d-303d-4961-a632-dcaf1cfe5e88,FirstNumber=778,secondNumber=511}  written to file by thread pool-3-thread-2
 message  {Id=2071727a-faf5-4c8c-b0ad-203eeb668859,FirstNumber=331,secondNumber=352}  added by thread pool-3-thread-6
 message  {Id=2071727a-faf5-4c8c-b0ad-203eeb668859,FirstNumber=331,secondNumber=352}  written to file by thread pool-3-thread-5
 message  {Id=9fbe7693-bb3e-4382-be56-c58298503e83,FirstNumber=542,secondNumber=1612}  added by thread pool-3-thread-6
 message  {Id=9fbe7693-bb3e-4382-be56-c58298503e83,FirstNumber=542,secondNumber=1612}  written to file by thread pool-3-thread-1
 message  {Id=5dfb568c-cf6e-46a9-8f8f-7b77fad43525,FirstNumber=41,secondNumber=743}  added by thread pool-3-thread-6
 message  {Id=5dfb568c-cf6e-46a9-8f8f-7b77fad43525,FirstNumber=41,secondNumber=743}  written to file by thread pool-3-thread-1
 message  {Id=e41c8e47-1a12-4bbf-b441-c66374b4432b,FirstNumber=171,secondNumber=131}  added by thread pool-3-thread-6
 message  {Id=e41c8e47-1a12-4bbf-b441-c66374b4432b,FirstNumber=171,secondNumber=131}  written to file by thread pool-3-thread-4
 message  {Id=cbfbb9ca-7242-4b40-90f1-e6d3b1ffd5fd,FirstNumber=677,secondNumber=484}  added by thread pool-3-thread-6
 message  {Id=cbfbb9ca-7242-4b40-90f1-e6d3b1ffd5fd,FirstNumber=677,secondNumber=484}  written to file by thread pool-3-thread-2
 message  {Id=ed44670e-231a-4bf3-a84d-34e0de1f3a1b,FirstNumber=928,secondNumber=773}  added by thread pool-3-thread-6
 message  {Id=ed44670e-231a-4bf3-a84d-34e0de1f3a1b,FirstNumber=928,secondNumber=773}  written to file by thread pool-3-thread-2
 message  {Id=2787119b-8f5d-4495-a25b-a35a362686ce,FirstNumber=274,secondNumber=1697}  added by thread pool-3-thread-6
 message  {Id=cdadac39-d6c3-412a-8097-55c1dce8e030,FirstNumber=482,secondNumber=1496}  added by thread pool-3-thread-6
 message  {Id=2787119b-8f5d-4495-a25b-a35a362686ce,FirstNumber=274,secondNumber=1697}  written to file by thread pool-3-thread-3
 message  {Id=cdadac39-d6c3-412a-8097-55c1dce8e030,FirstNumber=482,secondNumber=1496}  written to file by thread pool-3-thread-1
 message  {Id=762b3d89-9abe-4a59-8c80-82f1206bad2d,FirstNumber=985,secondNumber=1504}  added by thread pool-3-thread-6
 message  {Id=762b3d89-9abe-4a59-8c80-82f1206bad2d,FirstNumber=985,secondNumber=1504}  written to file by thread pool-3-thread-1
 message  {Id=67afe2d3-a187-410b-aba6-ccaeb678c113,FirstNumber=232,secondNumber=720}  added by thread pool-3-thread-6
 message  {Id=67afe2d3-a187-410b-aba6-ccaeb678c113,FirstNumber=232,secondNumber=720}  written to file by thread pool-3-thread-5
 message  {Id=54b53f6c-2aed-433a-90ea-e5ee84de0457,FirstNumber=198,secondNumber=278}  added by thread pool-3-thread-6
 message  {Id=54b53f6c-2aed-433a-90ea-e5ee84de0457,FirstNumber=198,secondNumber=278}  written to file by thread pool-3-thread-5
 message  {Id=9e86dda5-90c6-49a6-82ab-05200edd5564,FirstNumber=84,secondNumber=1278}  added by thread pool-3-thread-6
 message  {Id=9e86dda5-90c6-49a6-82ab-05200edd5564,FirstNumber=84,secondNumber=1278}  written to file by thread pool-3-thread-3
 message  {Id=5353456e-8da4-4110-9cad-ba589b10ab2e,FirstNumber=869,secondNumber=144}  added by thread pool-3-thread-6
 message  {Id=5353456e-8da4-4110-9cad-ba589b10ab2e,FirstNumber=869,secondNumber=144}  written to file by thread pool-3-thread-4
 message  {Id=66bdf89b-81b0-49a0-aab7-0ff85efc8e4b,FirstNumber=268,secondNumber=576}  added by thread pool-3-thread-6
 message  {Id=66bdf89b-81b0-49a0-aab7-0ff85efc8e4b,FirstNumber=268,secondNumber=576}  written to file by thread pool-3-thread-1
 message  {Id=6a49380e-24e9-4968-ab6e-9c1745e62af6,FirstNumber=127,secondNumber=1555}  added by thread pool-3-thread-6
 message  {Id=6a49380e-24e9-4968-ab6e-9c1745e62af6,FirstNumber=127,secondNumber=1555}  written to file by thread pool-3-thread-1
 message  {Id=c7ab392b-2470-4717-8de5-15386690456b,FirstNumber=540,secondNumber=1539}  added by thread pool-3-thread-6
 message  {Id=c7ab392b-2470-4717-8de5-15386690456b,FirstNumber=540,secondNumber=1539}  written to file by thread pool-3-thread-5
 message  {Id=49d012f0-af02-4f61-87a4-888aa0b8cc0d,FirstNumber=171,secondNumber=684}  added by thread pool-3-thread-6
 message  {Id=49d012f0-af02-4f61-87a4-888aa0b8cc0d,FirstNumber=171,secondNumber=684}  written to file by thread pool-3-thread-5
 message  {Id=50cfd382-5cb8-49a8-9219-ea5c8e66252b,FirstNumber=836,secondNumber=1553}  added by thread pool-3-thread-6
 message  {Id=50cfd382-5cb8-49a8-9219-ea5c8e66252b,FirstNumber=836,secondNumber=1553}  written to file by thread pool-3-thread-4
 message  {Id=9660867e-f1cc-4f06-a2b8-e5ff0e06ae02,FirstNumber=577,secondNumber=1021}  added by thread pool-3-thread-6
 message  {Id=9660867e-f1cc-4f06-a2b8-e5ff0e06ae02,FirstNumber=577,secondNumber=1021}  written to file by thread pool-3-thread-2
 message  {Id=604361ce-effb-4b25-ae44-0aaafd613755,FirstNumber=692,secondNumber=558}  added by thread pool-3-thread-6
 message  {Id=604361ce-effb-4b25-ae44-0aaafd613755,FirstNumber=692,secondNumber=558}  written to file by thread pool-3-thread-2
 message  {Id=0f3c88c9-2d32-4673-a53a-f7b323d2c937,FirstNumber=384,secondNumber=735}  added by thread pool-3-thread-6
 message  {Id=0f3c88c9-2d32-4673-a53a-f7b323d2c937,FirstNumber=384,secondNumber=735}  written to file by thread pool-3-thread-3
 message  {Id=31ad472c-95b7-4188-b956-67ad34a81b65,FirstNumber=87,secondNumber=1453}  added by thread pool-3-thread-6
 message  {Id=31ad472c-95b7-4188-b956-67ad34a81b65,FirstNumber=87,secondNumber=1453}  written to file by thread pool-3-thread-5
 message  {Id=b1c2ebc7-466d-41c4-9828-5cc0b6630cb8,FirstNumber=197,secondNumber=568}  added by thread pool-3-thread-6
 message  {Id=b1c2ebc7-466d-41c4-9828-5cc0b6630cb8,FirstNumber=197,secondNumber=568}  written to file by thread pool-3-thread-4
 message  {Id=e0636b58-bd42-4109-8740-c731e45dd090,FirstNumber=408,secondNumber=904}  added by thread pool-3-thread-6
 message  {Id=e0636b58-bd42-4109-8740-c731e45dd090,FirstNumber=408,secondNumber=904}  written to file by thread pool-3-thread-4
 message  {Id=28aa941a-c2fc-41f3-adc4-1e3204941678,FirstNumber=16,secondNumber=1355}  added by thread pool-3-thread-6
 message  {Id=28aa941a-c2fc-41f3-adc4-1e3204941678,FirstNumber=16,secondNumber=1355}  written to file by thread pool-3-thread-2
 message  {Id=93f76d74-740b-4f98-b1a7-58d4a96d2ae8,FirstNumber=916,secondNumber=236}  added by thread pool-3-thread-6
 message  {Id=93f76d74-740b-4f98-b1a7-58d4a96d2ae8,FirstNumber=916,secondNumber=236}  written to file by thread pool-3-thread-2
 message  {Id=0f5a99ef-3bcb-43ed-b0da-2033870a26dc,FirstNumber=209,secondNumber=1863}  added by thread pool-3-thread-6
 message  {Id=0f5a99ef-3bcb-43ed-b0da-2033870a26dc,FirstNumber=209,secondNumber=1863}  written to file by thread pool-3-thread-5
 message  {Id=461952c5-875e-4b85-b225-b850737ef98f,FirstNumber=107,secondNumber=1122}  added by thread pool-3-thread-6
 message  {Id=461952c5-875e-4b85-b225-b850737ef98f,FirstNumber=107,secondNumber=1122}  written to file by thread pool-3-thread-1
 message  {Id=314c641c-d247-4f63-881d-3bb44dd789eb,FirstNumber=136,secondNumber=146}  added by thread pool-3-thread-6
 message  {Id=314c641c-d247-4f63-881d-3bb44dd789eb,FirstNumber=136,secondNumber=146}  written to file by thread pool-3-thread-1
 message  {Id=e909ec70-9030-49e0-8c7a-9836cc44bd05,FirstNumber=818,secondNumber=969}  added by thread pool-3-thread-6
 message  {Id=e909ec70-9030-49e0-8c7a-9836cc44bd05,FirstNumber=818,secondNumber=969}  written to file by thread pool-3-thread-3
 message  {Id=1d4ba3f9-8c77-4201-a039-cf8cf27862a4,FirstNumber=503,secondNumber=411}  added by thread pool-3-thread-6
 message  {Id=1d4ba3f9-8c77-4201-a039-cf8cf27862a4,FirstNumber=503,secondNumber=411}  written to file by thread pool-3-thread-2
 message  {Id=7766fafe-aee5-4dfa-aabd-a84bd12fdd27,FirstNumber=241,secondNumber=184}  added by thread pool-3-thread-6
 message  {Id=7766fafe-aee5-4dfa-aabd-a84bd12fdd27,FirstNumber=241,secondNumber=184}  written to file by thread pool-3-thread-2
 message  {Id=5cdc54a5-5c8d-49cb-a6e8-69d340ddb777,FirstNumber=202,secondNumber=205}  added by thread pool-3-thread-6
 message  {Id=5cdc54a5-5c8d-49cb-a6e8-69d340ddb777,FirstNumber=202,secondNumber=205}  written to file by thread pool-3-thread-2
 message  {Id=e74d4e1e-b1e3-4b3d-b6da-d12a0b119331,FirstNumber=747,secondNumber=120}  added by thread pool-3-thread-6
 message  {Id=e74d4e1e-b1e3-4b3d-b6da-d12a0b119331,FirstNumber=747,secondNumber=120}  written to file by thread pool-3-thread-1
 message  {Id=59e1e175-81c7-42a2-9f23-78f3e3d2933d,FirstNumber=630,secondNumber=1831}  added by thread pool-3-thread-6
 message  {Id=59e1e175-81c7-42a2-9f23-78f3e3d2933d,FirstNumber=630,secondNumber=1831}  written to file by thread pool-3-thread-3
 message  {Id=c59b14c5-6b75-48ea-b16d-5880879961f0,FirstNumber=99,secondNumber=1870}  added by thread pool-3-thread-6
 message  {Id=c59b14c5-6b75-48ea-b16d-5880879961f0,FirstNumber=99,secondNumber=1870}  written to file by thread pool-3-thread-5
 message  {Id=7e2aecd7-68cc-477f-b4cc-e3905a784b65,FirstNumber=697,secondNumber=1470}  added by thread pool-3-thread-6
 message  {Id=f12d5d39-f5f1-4dc1-aa63-daa731c77274,FirstNumber=15,secondNumber=1708}  added by thread pool-3-thread-6
 message  {Id=7e2aecd7-68cc-477f-b4cc-e3905a784b65,FirstNumber=697,secondNumber=1470}  written to file by thread pool-3-thread-4
 message  {Id=f12d5d39-f5f1-4dc1-aa63-daa731c77274,FirstNumber=15,secondNumber=1708}  written to file by thread pool-3-thread-2
 message  {Id=8cf42143-7df1-4d7f-a033-f43b4fac4d3f,FirstNumber=408,secondNumber=190}  added by thread pool-3-thread-6
 message  {Id=8cf42143-7df1-4d7f-a033-f43b4fac4d3f,FirstNumber=408,secondNumber=190}  written to file by thread pool-3-thread-2
 message  {Id=499fe219-ce64-4b3d-8e95-5776fbe40524,FirstNumber=980,secondNumber=686}  added by thread pool-3-thread-6
 message  {Id=499fe219-ce64-4b3d-8e95-5776fbe40524,FirstNumber=980,secondNumber=686}  written to file by thread pool-3-thread-2
 message  {Id=5bc6c0ba-a6fb-4556-9364-6f6f73cb66fb,FirstNumber=377,secondNumber=1045}  added by thread pool-3-thread-6
 message  {Id=5bc6c0ba-a6fb-4556-9364-6f6f73cb66fb,FirstNumber=377,secondNumber=1045}  written to file by thread pool-3-thread-5
 message  {Id=dbd431a7-a027-4cc5-b8e4-6f67eb4cf500,FirstNumber=840,secondNumber=1136}  added by thread pool-3-thread-6
 message  {Id=dbd431a7-a027-4cc5-b8e4-6f67eb4cf500,FirstNumber=840,secondNumber=1136}  written to file by thread pool-3-thread-4
 message  {Id=5081d2a6-bd83-4643-a65e-100e868eac1b,FirstNumber=132,secondNumber=807}  added by thread pool-3-thread-6
 message  {Id=5081d2a6-bd83-4643-a65e-100e868eac1b,FirstNumber=132,secondNumber=807}  written to file by thread pool-3-thread-1
 message  {Id=ddadabe1-0909-4e46-abc9-3b370e414afb,FirstNumber=750,secondNumber=1412}  added by thread pool-3-thread-6
 message  {Id=ddadabe1-0909-4e46-abc9-3b370e414afb,FirstNumber=750,secondNumber=1412}  written to file by thread pool-3-thread-3
 message  {Id=8167f331-3922-4114-be6e-da4aea6314b5,FirstNumber=323,secondNumber=29}  added by thread pool-3-thread-6
 message  {Id=8167f331-3922-4114-be6e-da4aea6314b5,FirstNumber=323,secondNumber=29}  written to file by thread pool-3-thread-2
 message  {Id=3f3e7b09-05a0-4036-80d8-47da994873b2,FirstNumber=170,secondNumber=636}  added by thread pool-3-thread-6
 message  {Id=3f3e7b09-05a0-4036-80d8-47da994873b2,FirstNumber=170,secondNumber=636}  written to file by thread pool-3-thread-5
 message  {Id=9d1ac6c5-a802-4ad5-84a5-38ea31f464a6,FirstNumber=742,secondNumber=745}  added by thread pool-3-thread-6
 message  {Id=9d1ac6c5-a802-4ad5-84a5-38ea31f464a6,FirstNumber=742,secondNumber=745}  written to file by thread pool-3-thread-5
 message  {Id=4421f5e1-1818-4489-a162-8878537f1b82,FirstNumber=818,secondNumber=1809}  added by thread pool-3-thread-6
 message  {Id=4421f5e1-1818-4489-a162-8878537f1b82,FirstNumber=818,secondNumber=1809}  written to file by thread pool-3-thread-1
 message  {Id=9d448d9e-aec9-4a01-b6f7-365143ca192e,FirstNumber=154,secondNumber=1659}  added by thread pool-3-thread-6
 message  {Id=9d448d9e-aec9-4a01-b6f7-365143ca192e,FirstNumber=154,secondNumber=1659}  written to file by thread pool-3-thread-1
 message  {Id=785a988e-003e-445c-9c68-ac43fc9a1ea8,FirstNumber=828,secondNumber=357}  added by thread pool-3-thread-6
 message  {Id=785a988e-003e-445c-9c68-ac43fc9a1ea8,FirstNumber=828,secondNumber=357}  written to file by thread pool-3-thread-1
 message  {Id=e5872e44-e0d4-456f-96cf-308a9359bf18,FirstNumber=247,secondNumber=1900}  added by thread pool-3-thread-6
 message  {Id=e5872e44-e0d4-456f-96cf-308a9359bf18,FirstNumber=247,secondNumber=1900}  written to file by thread pool-3-thread-4
 message  {Id=3b9d95e5-8fe1-496b-9878-264e719f9d9c,FirstNumber=703,secondNumber=580}  added by thread pool-3-thread-6
 message  {Id=3b9d95e5-8fe1-496b-9878-264e719f9d9c,FirstNumber=703,secondNumber=580}  written to file by thread pool-3-thread-5
 message  {Id=5532e0d9-ac58-40dd-979b-61299775cc11,FirstNumber=933,secondNumber=962}  added by thread pool-3-thread-6
 message  {Id=d128a494-0cd7-4d01-939b-a5d7e1824fe6,FirstNumber=99,secondNumber=1363}  added by thread pool-3-thread-6
 message  {Id=5532e0d9-ac58-40dd-979b-61299775cc11,FirstNumber=933,secondNumber=962}  written to file by thread pool-3-thread-3
 message  {Id=d128a494-0cd7-4d01-939b-a5d7e1824fe6,FirstNumber=99,secondNumber=1363}  written to file by thread pool-3-thread-2
 message  {Id=b9bd65e6-305d-4284-9321-e2c5bd5f71fa,FirstNumber=763,secondNumber=1295}  added by thread pool-3-thread-6
 message  {Id=b9bd65e6-305d-4284-9321-e2c5bd5f71fa,FirstNumber=763,secondNumber=1295}  written to file by thread pool-3-thread-1
 message  {Id=a56d0db0-ed8f-45ab-a1d4-c405cf5bf0c7,FirstNumber=570,secondNumber=891}  added by thread pool-3-thread-6
 message  {Id=a56d0db0-ed8f-45ab-a1d4-c405cf5bf0c7,FirstNumber=570,secondNumber=891}  written to file by thread pool-3-thread-1
 message  {Id=c94928d3-69b7-451c-8f12-38cce991e053,FirstNumber=632,secondNumber=765}  added by thread pool-3-thread-6
 message  {Id=c94928d3-69b7-451c-8f12-38cce991e053,FirstNumber=632,secondNumber=765}  written to file by thread pool-3-thread-5
 message  {Id=b2584186-e1a7-417d-9a32-69c05d7a9207,FirstNumber=338,secondNumber=747}  added by thread pool-3-thread-6
 message  {Id=b2584186-e1a7-417d-9a32-69c05d7a9207,FirstNumber=338,secondNumber=747}  written to file by thread pool-3-thread-5
 message  {Id=abd0ef30-cfc7-41a8-8031-07a1798d880a,FirstNumber=66,secondNumber=960}  added by thread pool-3-thread-6
 message  {Id=abd0ef30-cfc7-41a8-8031-07a1798d880a,FirstNumber=66,secondNumber=960}  written to file by thread pool-3-thread-5
 message  {Id=45b52fff-c842-4745-a54d-94cf2b860dee,FirstNumber=261,secondNumber=59}  added by thread pool-3-thread-6
 message  {Id=45b52fff-c842-4745-a54d-94cf2b860dee,FirstNumber=261,secondNumber=59}  written to file by thread pool-3-thread-4
 message  {Id=a79946e3-36d4-4540-9b63-ff08802469f1,FirstNumber=812,secondNumber=661}  added by thread pool-3-thread-6
 message  {Id=a79946e3-36d4-4540-9b63-ff08802469f1,FirstNumber=812,secondNumber=661}  written to file by thread pool-3-thread-4
 message  {Id=954f52c1-2b7e-48f6-9c61-031a0e7989bf,FirstNumber=462,secondNumber=697}  added by thread pool-3-thread-6
 message  {Id=954f52c1-2b7e-48f6-9c61-031a0e7989bf,FirstNumber=462,secondNumber=697}  written to file by thread pool-3-thread-4
 message  {Id=d6fc08bf-79f7-4d24-89d1-267f01382343,FirstNumber=112,secondNumber=145}  added by thread pool-3-thread-6
 message  {Id=d6fc08bf-79f7-4d24-89d1-267f01382343,FirstNumber=112,secondNumber=145}  written to file by thread pool-3-thread-4
 message  {Id=ba3bf025-5a4e-4d28-b65b-ca8af3476295,FirstNumber=371,secondNumber=1908}  added by thread pool-3-thread-6
 message  {Id=ba3bf025-5a4e-4d28-b65b-ca8af3476295,FirstNumber=371,secondNumber=1908}  written to file by thread pool-3-thread-4
 message  {Id=d0a2efa9-0e82-455a-9d03-b9f07634a2f4,FirstNumber=3,secondNumber=798}  added by thread pool-3-thread-6
 message  {Id=d0a2efa9-0e82-455a-9d03-b9f07634a2f4,FirstNumber=3,secondNumber=798}  written to file by thread pool-3-thread-1
 message  {Id=e0a4c4b9-2f51-48bf-9774-b4931f6ecb25,FirstNumber=736,secondNumber=1527}  added by thread pool-3-thread-6
 message  {Id=e0a4c4b9-2f51-48bf-9774-b4931f6ecb25,FirstNumber=736,secondNumber=1527}  written to file by thread pool-3-thread-3
 message  {Id=dd8d2f44-ff3f-4bbd-85d3-6145817f407f,FirstNumber=691,secondNumber=1603}  added by thread pool-3-thread-6
 message  {Id=dd8d2f44-ff3f-4bbd-85d3-6145817f407f,FirstNumber=691,secondNumber=1603}  written to file by thread pool-3-thread-2
 message  {Id=fe927531-634c-4e11-9ec7-fd90755b686e,FirstNumber=198,secondNumber=866}  added by thread pool-3-thread-6
 message  {Id=fe927531-634c-4e11-9ec7-fd90755b686e,FirstNumber=198,secondNumber=866}  written to file by thread pool-3-thread-2
 message  {Id=95cc8b51-9fcc-4b2e-b073-87e42b62f0f3,FirstNumber=315,secondNumber=553}  added by thread pool-3-thread-6
 message  {Id=95cc8b51-9fcc-4b2e-b073-87e42b62f0f3,FirstNumber=315,secondNumber=553}  written to file by thread pool-3-thread-4
 message  {Id=fb96aa23-6876-4d4f-b5ce-13d77421f720,FirstNumber=635,secondNumber=1312}  added by thread pool-3-thread-6
 message  {Id=fb96aa23-6876-4d4f-b5ce-13d77421f720,FirstNumber=635,secondNumber=1312}  written to file by thread pool-3-thread-4
 message  {Id=a1a7a501-10d3-4657-a407-20885155b48e,FirstNumber=295,secondNumber=336}  added by thread pool-3-thread-6
 message  {Id=a1a7a501-10d3-4657-a407-20885155b48e,FirstNumber=295,secondNumber=336}  written to file by thread pool-3-thread-4
 message  {Id=f6741d80-ed83-44d5-bbd0-3cf57afcd44c,FirstNumber=236,secondNumber=1901}  added by thread pool-3-thread-6
 message  {Id=f6741d80-ed83-44d5-bbd0-3cf57afcd44c,FirstNumber=236,secondNumber=1901}  written to file by thread pool-3-thread-5
 message  {Id=4f2bb8ec-8d70-410b-94cb-ba4c7e7f583a,FirstNumber=811,secondNumber=1064}  added by thread pool-3-thread-6
 message  {Id=4f2bb8ec-8d70-410b-94cb-ba4c7e7f583a,FirstNumber=811,secondNumber=1064}  written to file by thread pool-3-thread-2
 message  {Id=05041a4f-25c3-47fa-aaf6-2860cc90c60a,FirstNumber=430,secondNumber=58}  added by thread pool-3-thread-6
 message  {Id=05041a4f-25c3-47fa-aaf6-2860cc90c60a,FirstNumber=430,secondNumber=58}  written to file by thread pool-3-thread-1
 message  {Id=8534f9e0-af6f-4b74-be9c-b2877539c9bd,FirstNumber=575,secondNumber=512}  added by thread pool-3-thread-6
 message  {Id=43eeb39b-4c52-4d0d-b577-b0e808feb22f,FirstNumber=877,secondNumber=1017}  added by thread pool-3-thread-6
 message  {Id=8534f9e0-af6f-4b74-be9c-b2877539c9bd,FirstNumber=575,secondNumber=512}  written to file by thread pool-3-thread-3
 message  {Id=43eeb39b-4c52-4d0d-b577-b0e808feb22f,FirstNumber=877,secondNumber=1017}  written to file by thread pool-3-thread-4
 message  {Id=468827a7-511e-4104-a7b6-9abfdb48121c,FirstNumber=120,secondNumber=1640}  added by thread pool-3-thread-6
 message  {Id=468827a7-511e-4104-a7b6-9abfdb48121c,FirstNumber=120,secondNumber=1640}  written to file by thread pool-3-thread-4
 message  {Id=330aed57-17e1-4f42-96c7-935f128bc07d,FirstNumber=999,secondNumber=76}  added by thread pool-3-thread-6
 message  {Id=330aed57-17e1-4f42-96c7-935f128bc07d,FirstNumber=999,secondNumber=76}  written to file by thread pool-3-thread-2
 message  {Id=0cc76936-e7ad-43bb-9ef3-e7c8b4ffae66,FirstNumber=970,secondNumber=1861}  added by thread pool-3-thread-6
 message  {Id=0cc76936-e7ad-43bb-9ef3-e7c8b4ffae66,FirstNumber=970,secondNumber=1861}  written to file by thread pool-3-thread-2
 message  {Id=187cd119-d663-46cc-9ec9-dcef1b7bdebd,FirstNumber=176,secondNumber=1132}  added by thread pool-3-thread-6
 message  {Id=187cd119-d663-46cc-9ec9-dcef1b7bdebd,FirstNumber=176,secondNumber=1132}  written to file by thread pool-3-thread-3
 message  {Id=97a441b2-2828-4dfb-8bd1-f48153756d4a,FirstNumber=114,secondNumber=1080}  added by thread pool-3-thread-6
 message  {Id=97a441b2-2828-4dfb-8bd1-f48153756d4a,FirstNumber=114,secondNumber=1080}  written to file by thread pool-3-thread-5
 message  {Id=76ed6c35-8a0d-4b53-9ff5-448d87d65d6a,FirstNumber=576,secondNumber=174}  added by thread pool-3-thread-6
 message  {Id=76ed6c35-8a0d-4b53-9ff5-448d87d65d6a,FirstNumber=576,secondNumber=174}  written to file by thread pool-3-thread-5
 message  {Id=a8d83d5b-2431-41c5-a457-7a339b404cbf,FirstNumber=739,secondNumber=956}  added by thread pool-3-thread-6
 message  {Id=a8d83d5b-2431-41c5-a457-7a339b404cbf,FirstNumber=739,secondNumber=956}  written to file by thread pool-3-thread-5
 message  {Id=c81d9ec1-4fc2-4a68-b1e1-4e0a166ab375,FirstNumber=629,secondNumber=893}  added by thread pool-3-thread-6
 message  {Id=c81d9ec1-4fc2-4a68-b1e1-4e0a166ab375,FirstNumber=629,secondNumber=893}  written to file by thread pool-3-thread-5
 message  {Id=31761d4d-9f2a-4e62-b136-5c501bbf06b7,FirstNumber=234,secondNumber=560}  added by thread pool-3-thread-6
 message  {Id=31761d4d-9f2a-4e62-b136-5c501bbf06b7,FirstNumber=234,secondNumber=560}  written to file by thread pool-3-thread-3
 message  {Id=7e4f5458-7437-4f4a-a581-1ced3ac74456,FirstNumber=491,secondNumber=81}  added by thread pool-3-thread-6
 message  {Id=7e4f5458-7437-4f4a-a581-1ced3ac74456,FirstNumber=491,secondNumber=81}  written to file by thread pool-3-thread-4
 message  {Id=48e82f06-3330-4ce5-8f29-e37fe8995bf5,FirstNumber=576,secondNumber=935}  added by thread pool-3-thread-6
 message  {Id=48e82f06-3330-4ce5-8f29-e37fe8995bf5,FirstNumber=576,secondNumber=935}  written to file by thread pool-3-thread-4
 message  {Id=38d7cac3-7926-42f0-a7f0-ec6b5a01b8c1,FirstNumber=638,secondNumber=1860}  added by thread pool-3-thread-6
 message  {Id=38d7cac3-7926-42f0-a7f0-ec6b5a01b8c1,FirstNumber=638,secondNumber=1860}  written to file by thread pool-3-thread-4
 message  {Id=58f0ac3c-2cdc-4408-ba92-b83c7a05da92,FirstNumber=893,secondNumber=1037}  added by thread pool-3-thread-6
 message  {Id=58f0ac3c-2cdc-4408-ba92-b83c7a05da92,FirstNumber=893,secondNumber=1037}  written to file by thread pool-3-thread-4
 message  {Id=702294c3-2a15-43f4-8923-d6a29d1cfc26,FirstNumber=501,secondNumber=1964}  added by thread pool-3-thread-6
 message  {Id=702294c3-2a15-43f4-8923-d6a29d1cfc26,FirstNumber=501,secondNumber=1964}  written to file by thread pool-3-thread-3
 message  {Id=55815b05-772b-468a-b9d4-1940b3f1b3ee,FirstNumber=629,secondNumber=1631}  added by thread pool-3-thread-6
 message  {Id=55815b05-772b-468a-b9d4-1940b3f1b3ee,FirstNumber=629,secondNumber=1631}  written to file by thread pool-3-thread-1
 message  {Id=219cc14b-f2c8-4918-93cf-dc7e99cfd65a,FirstNumber=306,secondNumber=1830}  added by thread pool-3-thread-6
 message  {Id=219cc14b-f2c8-4918-93cf-dc7e99cfd65a,FirstNumber=306,secondNumber=1830}  written to file by thread pool-3-thread-1
 message  {Id=94941971-9e94-4059-a34e-f5fe55d89c96,FirstNumber=13,secondNumber=311}  added by thread pool-3-thread-6
 message  {Id=94941971-9e94-4059-a34e-f5fe55d89c96,FirstNumber=13,secondNumber=311}  written to file by thread pool-3-thread-5
 message  {Id=a09c47d8-8db8-46e4-abb5-e8f0a31ef44c,FirstNumber=95,secondNumber=1924}  added by thread pool-3-thread-6
 message  {Id=a09c47d8-8db8-46e4-abb5-e8f0a31ef44c,FirstNumber=95,secondNumber=1924}  written to file by thread pool-3-thread-5
 message  {Id=f8896879-3f9b-4c3b-b8b2-372f8cd8f773,FirstNumber=767,secondNumber=431}  added by thread pool-3-thread-6
 message  {Id=f8896879-3f9b-4c3b-b8b2-372f8cd8f773,FirstNumber=767,secondNumber=431}  written to file by thread pool-3-thread-5
 message  {Id=a5f03af8-522a-4e1b-afac-ebac6aea8cc7,FirstNumber=229,secondNumber=1521}  added by thread pool-3-thread-6
 message  {Id=a5f03af8-522a-4e1b-afac-ebac6aea8cc7,FirstNumber=229,secondNumber=1521}  written to file by thread pool-3-thread-2
 message  {Id=a8296a5f-494b-4db4-92f5-545109f3603e,FirstNumber=852,secondNumber=156}  added by thread pool-3-thread-6
 message  {Id=a8296a5f-494b-4db4-92f5-545109f3603e,FirstNumber=852,secondNumber=156}  written to file by thread pool-3-thread-1
 message  {Id=3a220721-4bbe-4e35-a689-61697cba51d3,FirstNumber=121,secondNumber=1718}  added by thread pool-3-thread-6
 message  {Id=3a220721-4bbe-4e35-a689-61697cba51d3,FirstNumber=121,secondNumber=1718}  written to file by thread pool-3-thread-4
 message  {Id=df6e63ea-bded-45ec-892a-df3e058e96f3,FirstNumber=271,secondNumber=565}  added by thread pool-3-thread-6
 message  {Id=df6e63ea-bded-45ec-892a-df3e058e96f3,FirstNumber=271,secondNumber=565}  written to file by thread pool-3-thread-4
 message  {Id=202c6171-fe3f-408b-ae68-bfad31291deb,FirstNumber=571,secondNumber=1301}  added by thread pool-3-thread-6
 message  {Id=202c6171-fe3f-408b-ae68-bfad31291deb,FirstNumber=571,secondNumber=1301}  written to file by thread pool-3-thread-4
 message  {Id=98300ea9-e215-4429-ab9b-04ecfa860a60,FirstNumber=352,secondNumber=1028}  added by thread pool-3-thread-6
 message  {Id=98300ea9-e215-4429-ab9b-04ecfa860a60,FirstNumber=352,secondNumber=1028}  written to file by thread pool-3-thread-2
 message  {Id=962c12ca-6c58-4b07-9424-f054f9148f85,FirstNumber=648,secondNumber=1531}  added by thread pool-3-thread-6
 message  {Id=962c12ca-6c58-4b07-9424-f054f9148f85,FirstNumber=648,secondNumber=1531}  written to file by thread pool-3-thread-1
 message  {Id=db6c54f9-12c4-4b90-af41-5bc0568c2f73,FirstNumber=31,secondNumber=62}  added by thread pool-3-thread-6
 message  {Id=db6c54f9-12c4-4b90-af41-5bc0568c2f73,FirstNumber=31,secondNumber=62}  written to file by thread pool-3-thread-3
 message  {Id=dae5d490-257d-4e85-9d29-087bf1ff1abc,FirstNumber=803,secondNumber=832}  added by thread pool-3-thread-6
 message  {Id=dae5d490-257d-4e85-9d29-087bf1ff1abc,FirstNumber=803,secondNumber=832}  written to file by thread pool-3-thread-5
 message  {Id=931f0ecb-9fdd-4f19-87fe-11023293a351,FirstNumber=155,secondNumber=1022}  added by thread pool-3-thread-6
 message  {Id=931f0ecb-9fdd-4f19-87fe-11023293a351,FirstNumber=155,secondNumber=1022}  written to file by thread pool-3-thread-4
 message  {Id=a50a2c34-2a24-4b1f-b158-071423d6638c,FirstNumber=690,secondNumber=1185}  added by thread pool-3-thread-6
 message  {Id=a50a2c34-2a24-4b1f-b158-071423d6638c,FirstNumber=690,secondNumber=1185}  written to file by thread pool-3-thread-2
 message  {Id=5924ca41-48db-490b-9d55-83f596bf81db,FirstNumber=842,secondNumber=1859}  added by thread pool-3-thread-6
 message  {Id=5924ca41-48db-490b-9d55-83f596bf81db,FirstNumber=842,secondNumber=1859}  written to file by thread pool-3-thread-2
 message  {Id=e9868b85-d7fe-4207-9963-b802a6fd162c,FirstNumber=91,secondNumber=776}  added by thread pool-3-thread-6
 message  {Id=e9868b85-d7fe-4207-9963-b802a6fd162c,FirstNumber=91,secondNumber=776}  written to file by thread pool-3-thread-2
 message  {Id=70b4d1c8-7202-48ba-9184-5eb738382629,FirstNumber=473,secondNumber=200}  added by thread pool-3-thread-6
 message  {Id=70b4d1c8-7202-48ba-9184-5eb738382629,FirstNumber=473,secondNumber=200}  written to file by thread pool-3-thread-2
 message  {Id=101403f6-3426-4eb9-acda-879ff39c4131,FirstNumber=402,secondNumber=1417}  added by thread pool-3-thread-6
 message  {Id=101403f6-3426-4eb9-acda-879ff39c4131,FirstNumber=402,secondNumber=1417}  written to file by thread pool-3-thread-4
 message  {Id=16dca565-3ed6-4c23-b3ec-6f2d56a25f11,FirstNumber=370,secondNumber=534}  added by thread pool-3-thread-6
 message  {Id=16dca565-3ed6-4c23-b3ec-6f2d56a25f11,FirstNumber=370,secondNumber=534}  written to file by thread pool-3-thread-1
 message  {Id=949e3d83-3001-466c-a638-b7761c241da5,FirstNumber=78,secondNumber=740}  added by thread pool-3-thread-6
 message  {Id=c9f2e9f5-57cb-491e-9aff-18773e9abfb3,FirstNumber=349,secondNumber=905}  added by thread pool-3-thread-6
 message  {Id=949e3d83-3001-466c-a638-b7761c241da5,FirstNumber=78,secondNumber=740}  written to file by thread pool-3-thread-3
 message  {Id=c9f2e9f5-57cb-491e-9aff-18773e9abfb3,FirstNumber=349,secondNumber=905}  written to file by thread pool-3-thread-5
 message  {Id=be76ea90-470f-4907-b09a-31f4b8a1140a,FirstNumber=171,secondNumber=1090}  added by thread pool-3-thread-6
 message  {Id=be76ea90-470f-4907-b09a-31f4b8a1140a,FirstNumber=171,secondNumber=1090}  written to file by thread pool-3-thread-5
 message  {Id=5d8166c1-4f95-4890-a15c-cd547192d53c,FirstNumber=706,secondNumber=281}  added by thread pool-3-thread-6
 message  {Id=5d8166c1-4f95-4890-a15c-cd547192d53c,FirstNumber=706,secondNumber=281}  written to file by thread pool-3-thread-5
 message  {Id=ed291507-9ebb-443c-98cb-2abf4b0a0f42,FirstNumber=758,secondNumber=1300}  added by thread pool-3-thread-6
 message  {Id=ed291507-9ebb-443c-98cb-2abf4b0a0f42,FirstNumber=758,secondNumber=1300}  written to file by thread pool-3-thread-5
 message  {Id=2b7f349c-50ec-41f0-9a4d-fec9da3e95e9,FirstNumber=907,secondNumber=691}  added by thread pool-3-thread-6
 message  {Id=ef3a85df-2b71-4d5c-84d7-99bf02fe5791,FirstNumber=671,secondNumber=36}  added by thread pool-3-thread-6
 message  {Id=2b7f349c-50ec-41f0-9a4d-fec9da3e95e9,FirstNumber=907,secondNumber=691}  written to file by thread pool-3-thread-3
 message  {Id=e07e256f-a088-4130-93c4-1cd2a5d02c66,FirstNumber=641,secondNumber=654}  added by thread pool-3-thread-6
 message  {Id=ef3a85df-2b71-4d5c-84d7-99bf02fe5791,FirstNumber=671,secondNumber=36}  written to file by thread pool-3-thread-2
 message  {Id=e07e256f-a088-4130-93c4-1cd2a5d02c66,FirstNumber=641,secondNumber=654}  written to file by thread pool-3-thread-4
 message  {Id=266f4975-6831-4558-a06b-560552b6a948,FirstNumber=696,secondNumber=1591}  added by thread pool-3-thread-6
 message  {Id=266f4975-6831-4558-a06b-560552b6a948,FirstNumber=696,secondNumber=1591}  written to file by thread pool-3-thread-1
 message  {Id=bd1ee0b5-01c5-4150-bd3e-593fa59720bc,FirstNumber=504,secondNumber=1158}  added by thread pool-3-thread-6
 message  {Id=bd1ee0b5-01c5-4150-bd3e-593fa59720bc,FirstNumber=504,secondNumber=1158}  written to file by thread pool-3-thread-5
 message  {Id=ba42d013-c05c-4dfc-844c-e944dbd21ae0,FirstNumber=631,secondNumber=1683}  added by thread pool-3-thread-6
 message  {Id=ba42d013-c05c-4dfc-844c-e944dbd21ae0,FirstNumber=631,secondNumber=1683}  written to file by thread pool-3-thread-3
 message  {Id=94579e26-1a97-4138-a6eb-5b10cb4e4b5a,FirstNumber=694,secondNumber=1542}  added by thread pool-3-thread-6
 message  {Id=94579e26-1a97-4138-a6eb-5b10cb4e4b5a,FirstNumber=694,secondNumber=1542}  written to file by thread pool-3-thread-2
 message  {Id=11a5eaf2-41e4-4b8c-a417-3daea3ed120f,FirstNumber=307,secondNumber=328}  added by thread pool-3-thread-6
 message  {Id=11a5eaf2-41e4-4b8c-a417-3daea3ed120f,FirstNumber=307,secondNumber=328}  written to file by thread pool-3-thread-4
 message  {Id=d4647e07-28d7-45ef-beac-6d243f23e3cb,FirstNumber=641,secondNumber=854}  added by thread pool-3-thread-6
 message  {Id=d4647e07-28d7-45ef-beac-6d243f23e3cb,FirstNumber=641,secondNumber=854}  written to file by thread pool-3-thread-4
 message  {Id=dcb36d94-5e12-416a-968e-12a8539c7544,FirstNumber=838,secondNumber=109}  added by thread pool-3-thread-6
 message  {Id=dcb36d94-5e12-416a-968e-12a8539c7544,FirstNumber=838,secondNumber=109}  written to file by thread pool-3-thread-5
 message  {Id=80c61739-ef22-4b0d-aa15-bd70412f1fe4,FirstNumber=596,secondNumber=580}  added by thread pool-3-thread-6
 message  {Id=af98cd59-9ca6-49c6-8c15-f658c1eb4f6e,FirstNumber=354,secondNumber=1063}  added by thread pool-3-thread-6
 message  {Id=80c61739-ef22-4b0d-aa15-bd70412f1fe4,FirstNumber=596,secondNumber=580}  written to file by thread pool-3-thread-3
 message  {Id=af98cd59-9ca6-49c6-8c15-f658c1eb4f6e,FirstNumber=354,secondNumber=1063}  written to file by thread pool-3-thread-2
 message  {Id=b8c5ad11-6935-4b91-a532-7bf5cdebe193,FirstNumber=514,secondNumber=867}  added by thread pool-3-thread-6
 message  {Id=b8c5ad11-6935-4b91-a532-7bf5cdebe193,FirstNumber=514,secondNumber=867}  written to file by thread pool-3-thread-2
 message  {Id=548d877a-7ed3-4c69-9865-8fb7dbc1035f,FirstNumber=675,secondNumber=197}  added by thread pool-3-thread-6
 message  {Id=548d877a-7ed3-4c69-9865-8fb7dbc1035f,FirstNumber=675,secondNumber=197}  written to file by thread pool-3-thread-4
 message  {Id=5ce93793-e7b5-4b2e-a92b-882201d0638e,FirstNumber=363,secondNumber=621}  added by thread pool-3-thread-6
 message  {Id=5ce93793-e7b5-4b2e-a92b-882201d0638e,FirstNumber=363,secondNumber=621}  written to file by thread pool-3-thread-4
 message  {Id=289ffad9-1a79-4ca5-8e22-a4d1f86c9542,FirstNumber=921,secondNumber=1295}  added by thread pool-3-thread-6
 message  {Id=289ffad9-1a79-4ca5-8e22-a4d1f86c9542,FirstNumber=921,secondNumber=1295}  written to file by thread pool-3-thread-4
 message  {Id=0baceb60-ef0c-44fd-a2d0-640d6ed5b041,FirstNumber=905,secondNumber=1536}  added by thread pool-3-thread-6
 message  {Id=0baceb60-ef0c-44fd-a2d0-640d6ed5b041,FirstNumber=905,secondNumber=1536}  written to file by thread pool-3-thread-4
 message  {Id=fbc0b330-e6ab-4082-8586-2b0378aba6bb,FirstNumber=941,secondNumber=823}  added by thread pool-3-thread-6
 message  {Id=fbc0b330-e6ab-4082-8586-2b0378aba6bb,FirstNumber=941,secondNumber=823}  written to file by thread pool-3-thread-4
 message  {Id=a992486c-689d-4d1d-8052-29225ac23a29,FirstNumber=384,secondNumber=1397}  added by thread pool-3-thread-6
 message  {Id=a992486c-689d-4d1d-8052-29225ac23a29,FirstNumber=384,secondNumber=1397}  written to file by thread pool-3-thread-5
 message  {Id=de1fb822-f61a-42f6-8f75-6a2122c9b53a,FirstNumber=11,secondNumber=1836}  added by thread pool-3-thread-6
 message  {Id=de1fb822-f61a-42f6-8f75-6a2122c9b53a,FirstNumber=11,secondNumber=1836}  written to file by thread pool-3-thread-3
 message  {Id=83d9d4f2-1581-428b-8a77-6d57f4a52d7f,FirstNumber=333,secondNumber=280}  added by thread pool-3-thread-6
 message  {Id=83d9d4f2-1581-428b-8a77-6d57f4a52d7f,FirstNumber=333,secondNumber=280}  written to file by thread pool-3-thread-1
 message  {Id=e8528f22-869e-4945-af92-db2befffdba7,FirstNumber=231,secondNumber=1237}  added by thread pool-3-thread-6
 message  {Id=e8528f22-869e-4945-af92-db2befffdba7,FirstNumber=231,secondNumber=1237}  written to file by thread pool-3-thread-2
 message  {Id=83a16f25-9a9e-400b-ae54-639e6e9332ab,FirstNumber=628,secondNumber=315}  added by thread pool-3-thread-6
 message  {Id=83a16f25-9a9e-400b-ae54-639e6e9332ab,FirstNumber=628,secondNumber=315}  written to file by thread pool-3-thread-4
 message  {Id=9fb2fcfd-7f38-4591-a606-dccee89ab506,FirstNumber=170,secondNumber=515}  added by thread pool-3-thread-6
 message  {Id=9fb2fcfd-7f38-4591-a606-dccee89ab506,FirstNumber=170,secondNumber=515}  written to file by thread pool-3-thread-4
 message  {Id=77abdfa1-33ae-4ad8-93cb-dfafea813d1a,FirstNumber=99,secondNumber=352}  added by thread pool-3-thread-6
 message  {Id=77abdfa1-33ae-4ad8-93cb-dfafea813d1a,FirstNumber=99,secondNumber=352}  written to file by thread pool-3-thread-4
 message  {Id=9dc1d344-b05b-4b70-9a1c-3945aa81c59e,FirstNumber=960,secondNumber=207}  added by thread pool-3-thread-6
 message  {Id=9dc1d344-b05b-4b70-9a1c-3945aa81c59e,FirstNumber=960,secondNumber=207}  written to file by thread pool-3-thread-4
 message  {Id=4513329e-9cad-47ea-a38a-0181c116ba59,FirstNumber=419,secondNumber=1741}  added by thread pool-3-thread-6
 message  {Id=4513329e-9cad-47ea-a38a-0181c116ba59,FirstNumber=419,secondNumber=1741}  written to file by thread pool-3-thread-4
 message  {Id=574dff95-3a16-4e3f-a7fc-4a400ca1d180,FirstNumber=278,secondNumber=621}  added by thread pool-3-thread-6
 message  {Id=574dff95-3a16-4e3f-a7fc-4a400ca1d180,FirstNumber=278,secondNumber=621}  written to file by thread pool-3-thread-4
 message  {Id=8c77b32c-ea99-4299-9639-3a88eaffcc5b,FirstNumber=395,secondNumber=1478}  added by thread pool-3-thread-6
 message  {Id=957f01ab-5018-4a71-af3a-4fd5858fed69,FirstNumber=442,secondNumber=32}  added by thread pool-3-thread-6
 message  {Id=8c77b32c-ea99-4299-9639-3a88eaffcc5b,FirstNumber=395,secondNumber=1478}  written to file by thread pool-3-thread-3
 message  {Id=957f01ab-5018-4a71-af3a-4fd5858fed69,FirstNumber=442,secondNumber=32}  written to file by thread pool-3-thread-1
 message  {Id=dce8b20e-7562-45ab-ae52-1103cf0ce303,FirstNumber=908,secondNumber=918}  added by thread pool-3-thread-6
 message  {Id=516f7b82-24c0-4ffa-98a7-058ad2bf2104,FirstNumber=590,secondNumber=315}  added by thread pool-3-thread-6
 message  {Id=dce8b20e-7562-45ab-ae52-1103cf0ce303,FirstNumber=908,secondNumber=918}  written to file by thread pool-3-thread-2
 message  {Id=516f7b82-24c0-4ffa-98a7-058ad2bf2104,FirstNumber=590,secondNumber=315}  written to file by thread pool-3-thread-5
 message  {Id=67c8efd4-11c2-4a09-ace3-be87bb3296c6,FirstNumber=773,secondNumber=1709}  added by thread pool-3-thread-6
 message  {Id=67c8efd4-11c2-4a09-ace3-be87bb3296c6,FirstNumber=773,secondNumber=1709}  written to file by thread pool-3-thread-4
 message  {Id=2545f874-d13f-49d3-acf1-25ec60fe8b36,FirstNumber=169,secondNumber=1954}  added by thread pool-3-thread-6
 message  {Id=2545f874-d13f-49d3-acf1-25ec60fe8b36,FirstNumber=169,secondNumber=1954}  written to file by thread pool-3-thread-3
 message  {Id=ee15f54f-dd87-4eb5-89fd-925953e55e7e,FirstNumber=73,secondNumber=243}  added by thread pool-3-thread-6
 message  {Id=ee15f54f-dd87-4eb5-89fd-925953e55e7e,FirstNumber=73,secondNumber=243}  written to file by thread pool-3-thread-1
 message  {Id=47ea20b0-0926-48ea-bcec-2de5ad96289a,FirstNumber=328,secondNumber=1822}  added by thread pool-3-thread-6
 message  {Id=47ea20b0-0926-48ea-bcec-2de5ad96289a,FirstNumber=328,secondNumber=1822}  written to file by thread pool-3-thread-1
 message  {Id=388658d7-b3cc-4a69-b467-a46bd27083a1,FirstNumber=950,secondNumber=86}  added by thread pool-3-thread-6
 message  {Id=388658d7-b3cc-4a69-b467-a46bd27083a1,FirstNumber=950,secondNumber=86}  written to file by thread pool-3-thread-5
 message  {Id=45c465c1-a4a1-41a3-b307-c97d12b5962e,FirstNumber=196,secondNumber=1308}  added by thread pool-3-thread-6
 message  {Id=45c465c1-a4a1-41a3-b307-c97d12b5962e,FirstNumber=196,secondNumber=1308}  written to file by thread pool-3-thread-5
 message  {Id=fe2c96b9-90f2-40ee-8f59-55a29a635412,FirstNumber=469,secondNumber=490}  added by thread pool-3-thread-6
 message  {Id=5dc556af-7f30-48b4-ab12-d01d68346270,FirstNumber=510,secondNumber=789}  added by thread pool-3-thread-6
 message  {Id=fe2c96b9-90f2-40ee-8f59-55a29a635412,FirstNumber=469,secondNumber=490}  written to file by thread pool-3-thread-3
 message  {Id=5dc556af-7f30-48b4-ab12-d01d68346270,FirstNumber=510,secondNumber=789}  written to file by thread pool-3-thread-2
 message  {Id=49c750c5-e732-4091-8996-84419a9513d1,FirstNumber=576,secondNumber=1195}  added by thread pool-3-thread-6
 message  {Id=6fefb908-df03-43cd-958d-551a306b8438,FirstNumber=553,secondNumber=1886}  added by thread pool-3-thread-6
 message  {Id=49c750c5-e732-4091-8996-84419a9513d1,FirstNumber=576,secondNumber=1195}  written to file by thread pool-3-thread-1
 message  {Id=6fefb908-df03-43cd-958d-551a306b8438,FirstNumber=553,secondNumber=1886}  written to file by thread pool-3-thread-4
 message  {Id=8ae91889-eb90-4cb9-a2d8-51de552a4d40,FirstNumber=219,secondNumber=1671}  added by thread pool-3-thread-6
 message  {Id=8ae91889-eb90-4cb9-a2d8-51de552a4d40,FirstNumber=219,secondNumber=1671}  written to file by thread pool-3-thread-5
 message  {Id=5a9ad3b4-584f-4f3b-97d8-f1f2e01eb531,FirstNumber=525,secondNumber=137}  added by thread pool-3-thread-6
 message  {Id=5a9ad3b4-584f-4f3b-97d8-f1f2e01eb531,FirstNumber=525,secondNumber=137}  written to file by thread pool-3-thread-3
 message  {Id=389c2d26-5270-4709-83a5-1717bdc1eb6c,FirstNumber=561,secondNumber=1307}  added by thread pool-3-thread-6
 message  {Id=389c2d26-5270-4709-83a5-1717bdc1eb6c,FirstNumber=561,secondNumber=1307}  written to file by thread pool-3-thread-2
 message  {Id=0099d83c-06be-4039-8eb1-79f2e113631c,FirstNumber=979,secondNumber=1451}  added by thread pool-3-thread-6
 message  {Id=0099d83c-06be-4039-8eb1-79f2e113631c,FirstNumber=979,secondNumber=1451}  written to file by thread pool-3-thread-1
 message  {Id=7b646459-aea2-4436-a878-38ac7053cffb,FirstNumber=453,secondNumber=996}  added by thread pool-3-thread-6
 message  {Id=7b646459-aea2-4436-a878-38ac7053cffb,FirstNumber=453,secondNumber=996}  written to file by thread pool-3-thread-4
 message  {Id=32113b46-0e20-4a9b-8901-c89d42141f82,FirstNumber=864,secondNumber=1655}  added by thread pool-3-thread-6
 message  {Id=32113b46-0e20-4a9b-8901-c89d42141f82,FirstNumber=864,secondNumber=1655}  written to file by thread pool-3-thread-4
 message  {Id=35f42dad-d0fd-486c-ac4a-9b1de33782c6,FirstNumber=398,secondNumber=268}  added by thread pool-3-thread-6
 message  {Id=f9ea2c4a-781b-4a63-acab-ba8d78965fa3,FirstNumber=471,secondNumber=1449}  added by thread pool-3-thread-6
 message  {Id=35f42dad-d0fd-486c-ac4a-9b1de33782c6,FirstNumber=398,secondNumber=268}  written to file by thread pool-3-thread-3
 message  {Id=f9ea2c4a-781b-4a63-acab-ba8d78965fa3,FirstNumber=471,secondNumber=1449}  written to file by thread pool-3-thread-2
 message  {Id=e45b9ed6-c205-46a4-b46e-8c7b68329c3b,FirstNumber=272,secondNumber=410}  added by thread pool-3-thread-6
 message  {Id=e45b9ed6-c205-46a4-b46e-8c7b68329c3b,FirstNumber=272,secondNumber=410}  written to file by thread pool-3-thread-2
 message  {Id=241ff7fa-16d0-4c45-b1d8-02cdcad15bf7,FirstNumber=877,secondNumber=5}  added by thread pool-3-thread-6
 message  {Id=241ff7fa-16d0-4c45-b1d8-02cdcad15bf7,FirstNumber=877,secondNumber=5}  written to file by thread pool-3-thread-2
 message  {Id=7be56098-a19f-4d41-b5e6-0cc42adcc6d8,FirstNumber=523,secondNumber=544}  added by thread pool-3-thread-6
 message  {Id=7be56098-a19f-4d41-b5e6-0cc42adcc6d8,FirstNumber=523,secondNumber=544}  written to file by thread pool-3-thread-2
 message  {Id=809068b9-e8c4-44c7-91ce-4442a82d08b4,FirstNumber=990,secondNumber=1977}  added by thread pool-3-thread-6
 message  {Id=809068b9-e8c4-44c7-91ce-4442a82d08b4,FirstNumber=990,secondNumber=1977}  written to file by thread pool-3-thread-2
 message  {Id=5bd1b985-f995-45a6-8495-749905f342d9,FirstNumber=854,secondNumber=1277}  added by thread pool-3-thread-6
 message  {Id=5bd1b985-f995-45a6-8495-749905f342d9,FirstNumber=854,secondNumber=1277}  written to file by thread pool-3-thread-1
 message  {Id=b811f572-9939-464a-9bd1-3c3e7fd7308f,FirstNumber=63,secondNumber=710}  added by thread pool-3-thread-6
 message  {Id=b811f572-9939-464a-9bd1-3c3e7fd7308f,FirstNumber=63,secondNumber=710}  written to file by thread pool-3-thread-5
 message  {Id=d9b3f255-1376-4218-8d23-ad7e1e588f91,FirstNumber=41,secondNumber=1171}  added by thread pool-3-thread-6
 message  {Id=d9b3f255-1376-4218-8d23-ad7e1e588f91,FirstNumber=41,secondNumber=1171}  written to file by thread pool-3-thread-5
 message  {Id=d40d1960-b41a-4dd1-a972-b02934a0642a,FirstNumber=521,secondNumber=1475}  added by thread pool-3-thread-6
 message  {Id=d40d1960-b41a-4dd1-a972-b02934a0642a,FirstNumber=521,secondNumber=1475}  written to file by thread pool-3-thread-5
 message  {Id=f5b1e7af-9f74-4037-a87b-9a1d584d2d1f,FirstNumber=60,secondNumber=325}  added by thread pool-3-thread-6
 message  {Id=f5b1e7af-9f74-4037-a87b-9a1d584d2d1f,FirstNumber=60,secondNumber=325}  written to file by thread pool-3-thread-5
 message  {Id=e6b4c4e9-2773-4e95-aa4c-eeb5e86a00f3,FirstNumber=611,secondNumber=127}  added by thread pool-3-thread-6
 message  {Id=e6b4c4e9-2773-4e95-aa4c-eeb5e86a00f3,FirstNumber=611,secondNumber=127}  written to file by thread pool-3-thread-1
 message  {Id=765de5dc-8fc9-4411-9140-625f0c012d31,FirstNumber=738,secondNumber=630}  added by thread pool-3-thread-6
 message  {Id=765de5dc-8fc9-4411-9140-625f0c012d31,FirstNumber=738,secondNumber=630}  written to file by thread pool-3-thread-4
 message  {Id=d2438cdc-e921-450f-bd52-d39a65ac4f7b,FirstNumber=244,secondNumber=1977}  added by thread pool-3-thread-6
 message  {Id=d2438cdc-e921-450f-bd52-d39a65ac4f7b,FirstNumber=244,secondNumber=1977}  written to file by thread pool-3-thread-3
 message  {Id=79106285-2736-4e46-9e73-d2cfe70f9a54,FirstNumber=635,secondNumber=1854}  added by thread pool-3-thread-6
 message  {Id=79106285-2736-4e46-9e73-d2cfe70f9a54,FirstNumber=635,secondNumber=1854}  written to file by thread pool-3-thread-2
 message  {Id=87677475-3b94-4709-92ab-b31760da5c2c,FirstNumber=762,secondNumber=1336}  added by thread pool-3-thread-6
 message  {Id=87677475-3b94-4709-92ab-b31760da5c2c,FirstNumber=762,secondNumber=1336}  written to file by thread pool-3-thread-2
 message  {Id=8f42db46-4d8c-4f71-a30e-2294a5d907b1,FirstNumber=287,secondNumber=1931}  added by thread pool-3-thread-6
 message  {Id=8f42db46-4d8c-4f71-a30e-2294a5d907b1,FirstNumber=287,secondNumber=1931}  written to file by thread pool-3-thread-2
 message  {Id=7e62d3b6-5e44-45e9-8d7b-2df3095e8ea2,FirstNumber=323,secondNumber=1153}  added by thread pool-3-thread-6
 message  {Id=7e62d3b6-5e44-45e9-8d7b-2df3095e8ea2,FirstNumber=323,secondNumber=1153}  written to file by thread pool-3-thread-4
 message  {Id=3728654f-3acd-4c8c-82b6-e75a10cfbb6d,FirstNumber=117,secondNumber=979}  added by thread pool-3-thread-6
 message  {Id=e901deb9-0682-4493-a8b9-ec5359a157c6,FirstNumber=553,secondNumber=1840}  added by thread pool-3-thread-6
 message  {Id=3728654f-3acd-4c8c-82b6-e75a10cfbb6d,FirstNumber=117,secondNumber=979}  written to file by thread pool-3-thread-3
 message  {Id=e901deb9-0682-4493-a8b9-ec5359a157c6,FirstNumber=553,secondNumber=1840}  written to file by thread pool-3-thread-5
 message  {Id=0c499277-55a7-4e7c-a075-fd6fb5e5f763,FirstNumber=72,secondNumber=593}  added by thread pool-3-thread-6
 message  {Id=0c499277-55a7-4e7c-a075-fd6fb5e5f763,FirstNumber=72,secondNumber=593}  written to file by thread pool-3-thread-1
 message  {Id=70348574-5ca0-4398-a953-289596dff215,FirstNumber=518,secondNumber=1561}  added by thread pool-3-thread-6
 message  {Id=70348574-5ca0-4398-a953-289596dff215,FirstNumber=518,secondNumber=1561}  written to file by thread pool-3-thread-2
 message  {Id=b459d7a5-4aeb-4a41-b9b5-3f415cae7025,FirstNumber=642,secondNumber=1570}  added by thread pool-3-thread-6
 message  {Id=b459d7a5-4aeb-4a41-b9b5-3f415cae7025,FirstNumber=642,secondNumber=1570}  written to file by thread pool-3-thread-4
 message  {Id=64178104-dee6-4bce-84a1-7097d1fc496f,FirstNumber=656,secondNumber=505}  added by thread pool-3-thread-6
 message  {Id=a7ca8b9a-c62c-407a-a167-65e9a2f22d53,FirstNumber=384,secondNumber=1080}  added by thread pool-3-thread-6
 message  {Id=64178104-dee6-4bce-84a1-7097d1fc496f,FirstNumber=656,secondNumber=505}  written to file by thread pool-3-thread-3
 message  {Id=a7ca8b9a-c62c-407a-a167-65e9a2f22d53,FirstNumber=384,secondNumber=1080}  written to file by thread pool-3-thread-5
 message  {Id=6c9fe033-89bd-4869-950d-26a05967a0db,FirstNumber=226,secondNumber=752}  added by thread pool-3-thread-6
 message  {Id=6c9fe033-89bd-4869-950d-26a05967a0db,FirstNumber=226,secondNumber=752}  written to file by thread pool-3-thread-1
 message  {Id=b0ff7224-ab4e-4ef3-803c-bb162e8935d0,FirstNumber=902,secondNumber=89}  added by thread pool-3-thread-6
 message  {Id=ee0457e6-c99a-4d24-8ec9-a583befcd208,FirstNumber=990,secondNumber=1833}  added by thread pool-3-thread-6
 message  {Id=b0ff7224-ab4e-4ef3-803c-bb162e8935d0,FirstNumber=902,secondNumber=89}  written to file by thread pool-3-thread-2
 message  {Id=ee0457e6-c99a-4d24-8ec9-a583befcd208,FirstNumber=990,secondNumber=1833}  written to file by thread pool-3-thread-4
 message  {Id=173fe0cc-8aea-4ae0-b8e3-91a7b9524ba8,FirstNumber=169,secondNumber=840}  added by thread pool-3-thread-6
 message  {Id=173fe0cc-8aea-4ae0-b8e3-91a7b9524ba8,FirstNumber=169,secondNumber=840}  written to file by thread pool-3-thread-3
 message  {Id=bc9684c1-a074-436e-a9cb-b97f170d44c0,FirstNumber=844,secondNumber=1219}  added by thread pool-3-thread-6
 message  {Id=bc9684c1-a074-436e-a9cb-b97f170d44c0,FirstNumber=844,secondNumber=1219}  written to file by thread pool-3-thread-5
 message  {Id=62601213-8801-4449-9186-34aab60f64a5,FirstNumber=44,secondNumber=1747}  added by thread pool-3-thread-6
 message  {Id=62601213-8801-4449-9186-34aab60f64a5,FirstNumber=44,secondNumber=1747}  written to file by thread pool-3-thread-5
 message  {Id=b679e1e3-051e-48d2-ab2a-704b113b1c83,FirstNumber=974,secondNumber=1942}  added by thread pool-3-thread-6
 message  {Id=b679e1e3-051e-48d2-ab2a-704b113b1c83,FirstNumber=974,secondNumber=1942}  written to file by thread pool-3-thread-5
 message  {Id=26cb147d-3e1b-4cbd-9390-2b33d4225610,FirstNumber=956,secondNumber=189}  added by thread pool-3-thread-6
 message  {Id=aad8c258-74e2-4e22-aa45-d93f553b8387,FirstNumber=244,secondNumber=283}  added by thread pool-3-thread-6
 message  {Id=26cb147d-3e1b-4cbd-9390-2b33d4225610,FirstNumber=956,secondNumber=189}  written to file by thread pool-3-thread-4
 message  {Id=aad8c258-74e2-4e22-aa45-d93f553b8387,FirstNumber=244,secondNumber=283}  written to file by thread pool-3-thread-3
 message  {Id=39897399-0d74-46d1-990a-e9fad4be6dbd,FirstNumber=46,secondNumber=658}  added by thread pool-3-thread-6
 message  {Id=39897399-0d74-46d1-990a-e9fad4be6dbd,FirstNumber=46,secondNumber=658}  written to file by thread pool-3-thread-1
 message  {Id=58c056dc-6a51-4394-a621-158d146ac630,FirstNumber=484,secondNumber=308}  added by thread pool-3-thread-6
 message  {Id=58c056dc-6a51-4394-a621-158d146ac630,FirstNumber=484,secondNumber=308}  written to file by thread pool-3-thread-1
 message  {Id=cef83532-4d6e-44cb-b09e-cf1c015165c8,FirstNumber=623,secondNumber=1045}  added by thread pool-3-thread-6
 message  {Id=cef83532-4d6e-44cb-b09e-cf1c015165c8,FirstNumber=623,secondNumber=1045}  written to file by thread pool-3-thread-1
 message  {Id=9e60d958-bac7-436c-b726-51860cd5d860,FirstNumber=373,secondNumber=210}  added by thread pool-3-thread-6
 message  {Id=9e60d958-bac7-436c-b726-51860cd5d860,FirstNumber=373,secondNumber=210}  written to file by thread pool-3-thread-1
 message  {Id=69f85150-5430-436b-ab55-eb29f36316e0,FirstNumber=807,secondNumber=1370}  added by thread pool-3-thread-6
 message  {Id=69f85150-5430-436b-ab55-eb29f36316e0,FirstNumber=807,secondNumber=1370}  written to file by thread pool-3-thread-1
 message  {Id=bedba9ef-3112-42ed-9462-a8c012dc317c,FirstNumber=466,secondNumber=1342}  added by thread pool-3-thread-6
 message  {Id=bedba9ef-3112-42ed-9462-a8c012dc317c,FirstNumber=466,secondNumber=1342}  written to file by thread pool-3-thread-1
 message  {Id=d0f40b32-1371-4743-826d-cce0de1ca1ce,FirstNumber=252,secondNumber=1621}  added by thread pool-3-thread-6
 message  {Id=d0f40b32-1371-4743-826d-cce0de1ca1ce,FirstNumber=252,secondNumber=1621}  written to file by thread pool-3-thread-5
 message  {Id=613d1b5f-005a-455b-9d48-613e7da6f6d4,FirstNumber=556,secondNumber=928}  added by thread pool-3-thread-6
 message  {Id=613d1b5f-005a-455b-9d48-613e7da6f6d4,FirstNumber=556,secondNumber=928}  written to file by thread pool-3-thread-4
 message  {Id=f9895b7b-7aef-4429-9a9c-35810f592725,FirstNumber=341,secondNumber=1792}  added by thread pool-3-thread-6
 message  {Id=cec1c100-97c6-4e49-98f5-adb5d74fc1d0,FirstNumber=610,secondNumber=649}  added by thread pool-3-thread-6
 message  {Id=f9895b7b-7aef-4429-9a9c-35810f592725,FirstNumber=341,secondNumber=1792}  written to file by thread pool-3-thread-3
 message  {Id=cec1c100-97c6-4e49-98f5-adb5d74fc1d0,FirstNumber=610,secondNumber=649}  written to file by thread pool-3-thread-2
 message  {Id=c77e26c3-e31f-4d2a-bd67-77595896687f,FirstNumber=696,secondNumber=1208}  added by thread pool-3-thread-6
 message  {Id=c77e26c3-e31f-4d2a-bd67-77595896687f,FirstNumber=696,secondNumber=1208}  written to file by thread pool-3-thread-1
 message  {Id=bdce60e4-9521-4022-9cc4-6e5f79020e33,FirstNumber=447,secondNumber=1660}  added by thread pool-3-thread-6
 message  {Id=bdce60e4-9521-4022-9cc4-6e5f79020e33,FirstNumber=447,secondNumber=1660}  written to file by thread pool-3-thread-5
 message  {Id=7adb3115-380a-478a-b1d5-671e2fe1b5b0,FirstNumber=410,secondNumber=1576}  added by thread pool-3-thread-6
 message  {Id=7adb3115-380a-478a-b1d5-671e2fe1b5b0,FirstNumber=410,secondNumber=1576}  written to file by thread pool-3-thread-5
 message  {Id=55d9a1ae-6d00-432f-aa1c-b56d2593b410,FirstNumber=242,secondNumber=66}  added by thread pool-3-thread-6
 message  {Id=55d9a1ae-6d00-432f-aa1c-b56d2593b410,FirstNumber=242,secondNumber=66}  written to file by thread pool-3-thread-5
 message  {Id=fc9fa3ca-27e0-4d41-a1fa-6d5ab9da3814,FirstNumber=359,secondNumber=1648}  added by thread pool-3-thread-6
 message  {Id=fc9fa3ca-27e0-4d41-a1fa-6d5ab9da3814,FirstNumber=359,secondNumber=1648}  written to file by thread pool-3-thread-5
 message  {Id=6f6f17d2-deea-483d-9c72-bd435ba32d03,FirstNumber=712,secondNumber=564}  added by thread pool-3-thread-6
 message  {Id=6f6f17d2-deea-483d-9c72-bd435ba32d03,FirstNumber=712,secondNumber=564}  written to file by thread pool-3-thread-1
 message  {Id=039f3cd3-e02d-410c-ba68-c27ecab58971,FirstNumber=371,secondNumber=169}  added by thread pool-3-thread-6
 message  {Id=039f3cd3-e02d-410c-ba68-c27ecab58971,FirstNumber=371,secondNumber=169}  written to file by thread pool-3-thread-1
 message  {Id=39fbc701-7c25-49e0-99f7-ca42b5ffd791,FirstNumber=322,secondNumber=1259}  added by thread pool-3-thread-6
 message  {Id=1e530114-48bc-4f0f-b8df-13b002ee693e,FirstNumber=826,secondNumber=1170}  added by thread pool-3-thread-6
 message  {Id=39fbc701-7c25-49e0-99f7-ca42b5ffd791,FirstNumber=322,secondNumber=1259}  written to file by thread pool-3-thread-3
 message  {Id=1e530114-48bc-4f0f-b8df-13b002ee693e,FirstNumber=826,secondNumber=1170}  written to file by thread pool-3-thread-2
 message  {Id=9718d244-30db-46c2-9acc-51350f8b92d2,FirstNumber=51,secondNumber=1989}  added by thread pool-3-thread-6
 message  {Id=9718d244-30db-46c2-9acc-51350f8b92d2,FirstNumber=51,secondNumber=1989}  written to file by thread pool-3-thread-3
 message  {Id=f72ddd77-96c6-4d62-9b96-116fa027ea30,FirstNumber=371,secondNumber=1550}  added by thread pool-3-thread-6
 message  {Id=f72ddd77-96c6-4d62-9b96-116fa027ea30,FirstNumber=371,secondNumber=1550}  written to file by thread pool-3-thread-4
 message  {Id=0cd56a4d-dae3-4b77-9385-9ee91e189700,FirstNumber=28,secondNumber=587}  added by thread pool-3-thread-6
 message  {Id=0cd56a4d-dae3-4b77-9385-9ee91e189700,FirstNumber=28,secondNumber=587}  written to file by thread pool-3-thread-1
 message  {Id=b68f14c1-c179-4f29-b662-77df157ddb1f,FirstNumber=31,secondNumber=618}  added by thread pool-3-thread-6
 message  {Id=b68f14c1-c179-4f29-b662-77df157ddb1f,FirstNumber=31,secondNumber=618}  written to file by thread pool-3-thread-5
 message  {Id=951e277d-0db0-4176-86cc-87e7d4960400,FirstNumber=426,secondNumber=924}  added by thread pool-3-thread-6
 message  {Id=951e277d-0db0-4176-86cc-87e7d4960400,FirstNumber=426,secondNumber=924}  written to file by thread pool-3-thread-5
 message  {Id=d3574cd0-5c1e-4816-88bd-83ed70e20749,FirstNumber=384,secondNumber=1539}  added by thread pool-3-thread-6
 message  {Id=d3574cd0-5c1e-4816-88bd-83ed70e20749,FirstNumber=384,secondNumber=1539}  written to file by thread pool-3-thread-3
 message  {Id=0db586bf-491e-4e70-a93f-63fb8f4ed5e8,FirstNumber=466,secondNumber=1172}  added by thread pool-3-thread-6
 message  {Id=0db586bf-491e-4e70-a93f-63fb8f4ed5e8,FirstNumber=466,secondNumber=1172}  written to file by thread pool-3-thread-4
 message  {Id=cc5fccda-13c5-48b0-ac33-88a18b9d1f45,FirstNumber=264,secondNumber=1372}  added by thread pool-3-thread-6
 message  {Id=cc5fccda-13c5-48b0-ac33-88a18b9d1f45,FirstNumber=264,secondNumber=1372}  written to file by thread pool-3-thread-1
 message  {Id=7b5bb2a8-bb76-4c79-a36d-8bb7e2424767,FirstNumber=707,secondNumber=1305}  added by thread pool-3-thread-6
 message  {Id=7b5bb2a8-bb76-4c79-a36d-8bb7e2424767,FirstNumber=707,secondNumber=1305}  written to file by thread pool-3-thread-1
 message  {Id=b3a041b6-5598-461e-bd1f-94667b1f662c,FirstNumber=693,secondNumber=808}  added by thread pool-3-thread-6
 message  {Id=b3a041b6-5598-461e-bd1f-94667b1f662c,FirstNumber=693,secondNumber=808}  written to file by thread pool-3-thread-1
 message  {Id=70cfcc6e-4bfa-4873-8a40-53ed875bd9ee,FirstNumber=986,secondNumber=314}  added by thread pool-3-thread-6
 message  {Id=70cfcc6e-4bfa-4873-8a40-53ed875bd9ee,FirstNumber=986,secondNumber=314}  written to file by thread pool-3-thread-3
 message  {Id=868d97a2-4108-4b75-ac8e-be9a97988480,FirstNumber=80,secondNumber=1951}  added by thread pool-3-thread-6
 message  {Id=868d97a2-4108-4b75-ac8e-be9a97988480,FirstNumber=80,secondNumber=1951}  written to file by thread pool-3-thread-4
 message  {Id=e2968563-7312-456d-93f4-71af0a3deb23,FirstNumber=346,secondNumber=1049}  added by thread pool-3-thread-6
 message  {Id=e2968563-7312-456d-93f4-71af0a3deb23,FirstNumber=346,secondNumber=1049}  written to file by thread pool-3-thread-2
 message  {Id=6e23abcd-2098-491e-91de-d4244ef6d129,FirstNumber=664,secondNumber=1708}  added by thread pool-3-thread-6
 message  {Id=6e23abcd-2098-491e-91de-d4244ef6d129,FirstNumber=664,secondNumber=1708}  written to file by thread pool-3-thread-2
 message  {Id=e116a5c5-bda0-41c9-81ac-0518421a080f,FirstNumber=533,secondNumber=1199}  added by thread pool-3-thread-6
 message  {Id=e116a5c5-bda0-41c9-81ac-0518421a080f,FirstNumber=533,secondNumber=1199}  written to file by thread pool-3-thread-2
 message  {Id=e9ce0c49-7764-49e7-9717-33fa591b4faa,FirstNumber=907,secondNumber=1355}  added by thread pool-3-thread-6
 message  {Id=631ecb66-a8c2-4c5c-a650-41afff8dcdf1,FirstNumber=799,secondNumber=155}  added by thread pool-3-thread-6
 message  {Id=e9ce0c49-7764-49e7-9717-33fa591b4faa,FirstNumber=907,secondNumber=1355}  written to file by thread pool-3-thread-3
 message  {Id=631ecb66-a8c2-4c5c-a650-41afff8dcdf1,FirstNumber=799,secondNumber=155}  written to file by thread pool-3-thread-4
 message  {Id=951f763c-617c-48e4-afcb-b3371b1a54b9,FirstNumber=162,secondNumber=770}  added by thread pool-3-thread-6
 message  {Id=951f763c-617c-48e4-afcb-b3371b1a54b9,FirstNumber=162,secondNumber=770}  written to file by thread pool-3-thread-3
 message  {Id=488a2c77-2f1d-4ea8-b906-e14fe695c253,FirstNumber=836,secondNumber=1044}  added by thread pool-3-thread-6
 message  {Id=488a2c77-2f1d-4ea8-b906-e14fe695c253,FirstNumber=836,secondNumber=1044}  written to file by thread pool-3-thread-1
 message  {Id=94d94929-40e6-4e8c-b9ee-fe64b87c25ae,FirstNumber=11,secondNumber=532}  added by thread pool-3-thread-6
 message  {Id=94d94929-40e6-4e8c-b9ee-fe64b87c25ae,FirstNumber=11,secondNumber=532}  written to file by thread pool-3-thread-1
 message  {Id=d7fd2622-516e-4842-9fc0-e838557fe110,FirstNumber=649,secondNumber=670}  added by thread pool-3-thread-6
 message  {Id=d7fd2622-516e-4842-9fc0-e838557fe110,FirstNumber=649,secondNumber=670}  written to file by thread pool-3-thread-1
 message  {Id=307d1c26-9de0-4cb1-80df-391a7b69b494,FirstNumber=975,secondNumber=406}  added by thread pool-3-thread-6
 message  {Id=307d1c26-9de0-4cb1-80df-391a7b69b494,FirstNumber=975,secondNumber=406}  written to file by thread pool-3-thread-1
 message  {Id=b935a874-ef72-40b6-aec3-6593762661f3,FirstNumber=463,secondNumber=1991}  added by thread pool-3-thread-6
 message  {Id=ad1515fb-3e7c-4957-b4f3-cce6ee55b052,FirstNumber=356,secondNumber=1014}  added by thread pool-3-thread-6
 message  {Id=b935a874-ef72-40b6-aec3-6593762661f3,FirstNumber=463,secondNumber=1991}  written to file by thread pool-3-thread-3
 message  {Id=ad1515fb-3e7c-4957-b4f3-cce6ee55b052,FirstNumber=356,secondNumber=1014}  written to file by thread pool-3-thread-2
 message  {Id=384881b8-3988-4910-b6a4-8d65782f9e78,FirstNumber=657,secondNumber=806}  added by thread pool-3-thread-6
 message  {Id=384881b8-3988-4910-b6a4-8d65782f9e78,FirstNumber=657,secondNumber=806}  written to file by thread pool-3-thread-3
 message  {Id=eb660fc6-f1e0-4d81-8dec-831faabe8c0d,FirstNumber=425,secondNumber=1382}  added by thread pool-3-thread-6
 message  {Id=570d51ab-d269-43be-9713-8026b6a76368,FirstNumber=280,secondNumber=682}  added by thread pool-3-thread-6
 message  {Id=eb660fc6-f1e0-4d81-8dec-831faabe8c0d,FirstNumber=425,secondNumber=1382}  written to file by thread pool-3-thread-3
 message  {Id=570d51ab-d269-43be-9713-8026b6a76368,FirstNumber=280,secondNumber=682}  written to file by thread pool-3-thread-1
 message  {Id=87727098-14a6-4c87-98b4-0ac5c935275e,FirstNumber=742,secondNumber=1007}  added by thread pool-3-thread-6
 message  {Id=87727098-14a6-4c87-98b4-0ac5c935275e,FirstNumber=742,secondNumber=1007}  written to file by thread pool-3-thread-4
 message  {Id=0e296231-5b80-4147-857c-9db238016ba9,FirstNumber=67,secondNumber=972}  added by thread pool-3-thread-6
 message  {Id=0e296231-5b80-4147-857c-9db238016ba9,FirstNumber=67,secondNumber=972}  written to file by thread pool-3-thread-2
 message  {Id=b92b5e79-c0c0-481d-8558-8089c0183749,FirstNumber=448,secondNumber=772}  added by thread pool-3-thread-6
 message  {Id=b92b5e79-c0c0-481d-8558-8089c0183749,FirstNumber=448,secondNumber=772}  written to file by thread pool-3-thread-5
 message  {Id=96df652e-97da-4e95-911b-aa9125cbf947,FirstNumber=576,secondNumber=1951}  added by thread pool-3-thread-6
 message  {Id=96df652e-97da-4e95-911b-aa9125cbf947,FirstNumber=576,secondNumber=1951}  written to file by thread pool-3-thread-3
 message  {Id=357ec46f-b4d9-49f5-9edd-4db65ee966cb,FirstNumber=132,secondNumber=1538}  added by thread pool-3-thread-6
 message  {Id=357ec46f-b4d9-49f5-9edd-4db65ee966cb,FirstNumber=132,secondNumber=1538}  written to file by thread pool-3-thread-1
 message  {Id=63de2503-02a1-414b-93d7-19fbf736d282,FirstNumber=508,secondNumber=100}  added by thread pool-3-thread-6
 message  {Id=63de2503-02a1-414b-93d7-19fbf736d282,FirstNumber=508,secondNumber=100}  written to file by thread pool-3-thread-4
 message  {Id=9d53c081-0248-4bc2-9d47-363328944b56,FirstNumber=223,secondNumber=442}  added by thread pool-3-thread-6
 message  {Id=9d53c081-0248-4bc2-9d47-363328944b56,FirstNumber=223,secondNumber=442}  written to file by thread pool-3-thread-4
 message  {Id=a4defa4e-31d3-48d8-95a1-2424e2587483,FirstNumber=922,secondNumber=1478}  added by thread pool-3-thread-6
 message  {Id=a4defa4e-31d3-48d8-95a1-2424e2587483,FirstNumber=922,secondNumber=1478}  written to file by thread pool-3-thread-4
 message  {Id=cb4d91d9-1082-4210-9a2b-53bf7f3f7e53,FirstNumber=18,secondNumber=1470}  added by thread pool-3-thread-6
 message  {Id=cb4d91d9-1082-4210-9a2b-53bf7f3f7e53,FirstNumber=18,secondNumber=1470}  written to file by thread pool-3-thread-4
 message  {Id=894ef981-f425-4bfb-baee-c1e14ac1166f,FirstNumber=0,secondNumber=1202}  added by thread pool-3-thread-6
 message  {Id=894ef981-f425-4bfb-baee-c1e14ac1166f,FirstNumber=0,secondNumber=1202}  written to file by thread pool-3-thread-1
 message  {Id=bd6038cc-7b1e-4aaa-b149-6c03fce17aef,FirstNumber=805,secondNumber=104}  added by thread pool-3-thread-6
 message  {Id=bd6038cc-7b1e-4aaa-b149-6c03fce17aef,FirstNumber=805,secondNumber=104}  written to file by thread pool-3-thread-2
 message  {Id=becce36c-0781-4630-9499-435bfb5cd772,FirstNumber=175,secondNumber=1677}  added by thread pool-3-thread-6
 message  {Id=becce36c-0781-4630-9499-435bfb5cd772,FirstNumber=175,secondNumber=1677}  written to file by thread pool-3-thread-2
 message  {Id=37b020f9-55df-4e93-9140-5f8493fb0400,FirstNumber=919,secondNumber=922}  added by thread pool-3-thread-6
 message  {Id=37b020f9-55df-4e93-9140-5f8493fb0400,FirstNumber=919,secondNumber=922}  written to file by thread pool-3-thread-2
 message  {Id=e22ad53f-34c2-4028-91ff-8b1170069e18,FirstNumber=176,secondNumber=303}  added by thread pool-3-thread-6
 message  {Id=e22ad53f-34c2-4028-91ff-8b1170069e18,FirstNumber=176,secondNumber=303}  written to file by thread pool-3-thread-4
 message  {Id=4b5c879e-7651-4fd7-842a-fd186640151c,FirstNumber=353,secondNumber=920}  added by thread pool-3-thread-6
 message  {Id=4b5c879e-7651-4fd7-842a-fd186640151c,FirstNumber=353,secondNumber=920}  written to file by thread pool-3-thread-4
 message  {Id=1e85200c-7888-4542-93d5-0ae3aca79a48,FirstNumber=502,secondNumber=1317}  added by thread pool-3-thread-6
 message  {Id=1e85200c-7888-4542-93d5-0ae3aca79a48,FirstNumber=502,secondNumber=1317}  written to file by thread pool-3-thread-4
 message  {Id=ece09aa0-e4b6-42d8-87da-42cfadd7bbe7,FirstNumber=589,secondNumber=1847}  added by thread pool-3-thread-6
 message  {Id=8b603a67-4c7a-4785-be83-7423fcfb7e20,FirstNumber=339,secondNumber=242}  added by thread pool-3-thread-6
 message  {Id=ece09aa0-e4b6-42d8-87da-42cfadd7bbe7,FirstNumber=589,secondNumber=1847}  written to file by thread pool-3-thread-3
 message  {Id=8b603a67-4c7a-4785-be83-7423fcfb7e20,FirstNumber=339,secondNumber=242}  written to file by thread pool-3-thread-2
 message  {Id=1bb1cc79-456d-4920-92b8-32d9390e1d0e,FirstNumber=685,secondNumber=691}  added by thread pool-3-thread-6
 message  {Id=1bb1cc79-456d-4920-92b8-32d9390e1d0e,FirstNumber=685,secondNumber=691}  written to file by thread pool-3-thread-3
 message  {Id=281f9325-5976-47ed-a08a-a17ea1dc1dd5,FirstNumber=676,secondNumber=616}  added by thread pool-3-thread-6
 message  {Id=281f9325-5976-47ed-a08a-a17ea1dc1dd5,FirstNumber=676,secondNumber=616}  written to file by thread pool-3-thread-5
 message  {Id=12f46f30-a649-41d3-8a1b-9dedf86ce7f0,FirstNumber=734,secondNumber=1828}  added by thread pool-3-thread-6
 message  {Id=12f46f30-a649-41d3-8a1b-9dedf86ce7f0,FirstNumber=734,secondNumber=1828}  written to file by thread pool-3-thread-4
 message  {Id=cc025a6b-7bf8-4207-84df-75d49c2aaa03,FirstNumber=301,secondNumber=1446}  added by thread pool-3-thread-6
 message  {Id=cc025a6b-7bf8-4207-84df-75d49c2aaa03,FirstNumber=301,secondNumber=1446}  written to file by thread pool-3-thread-1
 message  {Id=845fc824-6fab-43ca-8557-900bdc2fb281,FirstNumber=305,secondNumber=1118}  added by thread pool-3-thread-6
 message  {Id=845fc824-6fab-43ca-8557-900bdc2fb281,FirstNumber=305,secondNumber=1118}  written to file by thread pool-3-thread-2
 message  {Id=caf02f2a-54e7-476d-861f-12eb5d970b67,FirstNumber=679,secondNumber=50}  added by thread pool-3-thread-6
 message  {Id=caf02f2a-54e7-476d-861f-12eb5d970b67,FirstNumber=679,secondNumber=50}  written to file by thread pool-3-thread-3
 message  {Id=5cc71927-40e6-428d-a3a6-770ba77d7ef6,FirstNumber=310,secondNumber=853}  added by thread pool-3-thread-6
 message  {Id=5cc71927-40e6-428d-a3a6-770ba77d7ef6,FirstNumber=310,secondNumber=853}  written to file by thread pool-3-thread-5
 message  {Id=f5cdb5c5-054b-4481-b9f2-4976e26e24ed,FirstNumber=7,secondNumber=580}  added by thread pool-3-thread-6
 message  {Id=f5cdb5c5-054b-4481-b9f2-4976e26e24ed,FirstNumber=7,secondNumber=580}  written to file by thread pool-3-thread-4
 message  {Id=8680321a-a6d4-4db0-bdc7-d7c5443ffe9a,FirstNumber=466,secondNumber=1319}  added by thread pool-3-thread-6
 message  {Id=8680321a-a6d4-4db0-bdc7-d7c5443ffe9a,FirstNumber=466,secondNumber=1319}  written to file by thread pool-3-thread-1
 message  {Id=150b5393-a7af-4605-8bde-f7f8c7dcc540,FirstNumber=445,secondNumber=514}  added by thread pool-3-thread-6
 message  {Id=150b5393-a7af-4605-8bde-f7f8c7dcc540,FirstNumber=445,secondNumber=514}  written to file by thread pool-3-thread-2
 message  {Id=e7525ae1-c3e3-4418-93a4-f331f8062a1f,FirstNumber=340,secondNumber=1987}  added by thread pool-3-thread-6
 message  {Id=e7525ae1-c3e3-4418-93a4-f331f8062a1f,FirstNumber=340,secondNumber=1987}  written to file by thread pool-3-thread-3
 message  {Id=6489cba3-a0b3-42ce-8347-b40f375c16d7,FirstNumber=954,secondNumber=1169}  added by thread pool-3-thread-6
 message  {Id=6489cba3-a0b3-42ce-8347-b40f375c16d7,FirstNumber=954,secondNumber=1169}  written to file by thread pool-3-thread-5
 message  {Id=a814ead9-5a87-4c06-941e-36f9625375d0,FirstNumber=461,secondNumber=1051}  added by thread pool-3-thread-6
 message  {Id=a814ead9-5a87-4c06-941e-36f9625375d0,FirstNumber=461,secondNumber=1051}  written to file by thread pool-3-thread-4
 message  {Id=65bd3bf1-931c-4e0f-b7b8-2e812a160319,FirstNumber=233,secondNumber=1284}  added by thread pool-3-thread-6
 message  {Id=65bd3bf1-931c-4e0f-b7b8-2e812a160319,FirstNumber=233,secondNumber=1284}  written to file by thread pool-3-thread-4
 message  {Id=29342258-935f-4331-823e-e96a879e5d1b,FirstNumber=186,secondNumber=1530}  added by thread pool-3-thread-6
 message  {Id=29342258-935f-4331-823e-e96a879e5d1b,FirstNumber=186,secondNumber=1530}  written to file by thread pool-3-thread-2
 message  {Id=13fb0ff2-4793-4186-b036-7912194e97a0,FirstNumber=728,secondNumber=778}  added by thread pool-3-thread-6
 message  {Id=13fb0ff2-4793-4186-b036-7912194e97a0,FirstNumber=728,secondNumber=778}  written to file by thread pool-3-thread-3
 message  {Id=ad6c598e-6403-4989-b959-ae47500a4a9d,FirstNumber=129,secondNumber=1550}  added by thread pool-3-thread-6
 message  {Id=ad6c598e-6403-4989-b959-ae47500a4a9d,FirstNumber=129,secondNumber=1550}  written to file by thread pool-3-thread-5
 message  {Id=41a2239a-1e5e-4545-b566-feec1383fd1f,FirstNumber=701,secondNumber=858}  added by thread pool-3-thread-6
 message  {Id=41a2239a-1e5e-4545-b566-feec1383fd1f,FirstNumber=701,secondNumber=858}  written to file by thread pool-3-thread-1
 message  {Id=a342f103-1a8e-4bcd-bdcc-9d5963e928a8,FirstNumber=226,secondNumber=894}  added by thread pool-3-thread-6
 message  {Id=a342f103-1a8e-4bcd-bdcc-9d5963e928a8,FirstNumber=226,secondNumber=894}  written to file by thread pool-3-thread-1
 message  {Id=897888e1-135a-4e2b-9004-0af9ce5dfdb1,FirstNumber=16,secondNumber=1883}  added by thread pool-3-thread-6
 message  {Id=897888e1-135a-4e2b-9004-0af9ce5dfdb1,FirstNumber=16,secondNumber=1883}  written to file by thread pool-3-thread-1
 message  {Id=31829809-271b-478e-8a25-29f43bb171b6,FirstNumber=164,secondNumber=1298}  added by thread pool-3-thread-6
 message  {Id=31829809-271b-478e-8a25-29f43bb171b6,FirstNumber=164,secondNumber=1298}  written to file by thread pool-3-thread-1
 message  {Id=b66d5b1c-14ae-47f7-8473-5a895782e3d0,FirstNumber=554,secondNumber=1087}  added by thread pool-3-thread-6
 message  {Id=b66d5b1c-14ae-47f7-8473-5a895782e3d0,FirstNumber=554,secondNumber=1087}  written to file by thread pool-3-thread-1
 message  {Id=6d221148-9c0b-4f5f-981d-60b637461eb8,FirstNumber=148,secondNumber=1201}  added by thread pool-3-thread-6
 message  {Id=6d221148-9c0b-4f5f-981d-60b637461eb8,FirstNumber=148,secondNumber=1201}  written to file by thread pool-3-thread-4
 message  {Id=86db23a2-945a-480a-ad3e-617415bd18be,FirstNumber=300,secondNumber=1609}  added by thread pool-3-thread-6
 message  {Id=86db23a2-945a-480a-ad3e-617415bd18be,FirstNumber=300,secondNumber=1609}  written to file by thread pool-3-thread-2
 message  {Id=045532f2-a379-483d-a7ea-7b4903434baa,FirstNumber=207,secondNumber=866}  added by thread pool-3-thread-6
 message  {Id=78d8caa6-c1ba-40e5-b567-462137f97a60,FirstNumber=227,secondNumber=1723}  added by thread pool-3-thread-6
 message  {Id=045532f2-a379-483d-a7ea-7b4903434baa,FirstNumber=207,secondNumber=866}  written to file by thread pool-3-thread-3
 message  {Id=78d8caa6-c1ba-40e5-b567-462137f97a60,FirstNumber=227,secondNumber=1723}  written to file by thread pool-3-thread-5
 message  {Id=aa47698c-42e6-4441-ab3e-569937246384,FirstNumber=752,secondNumber=1061}  added by thread pool-3-thread-6
 message  {Id=aa47698c-42e6-4441-ab3e-569937246384,FirstNumber=752,secondNumber=1061}  written to file by thread pool-3-thread-3
 message  {Id=9a43d156-d67d-4b71-bbb3-5aca12226027,FirstNumber=73,secondNumber=1264}  added by thread pool-3-thread-6
 message  {Id=9a43d156-d67d-4b71-bbb3-5aca12226027,FirstNumber=73,secondNumber=1264}  written to file by thread pool-3-thread-4
 message  {Id=1333bf8e-2b9f-45e1-9f79-b77c93e3aed5,FirstNumber=464,secondNumber=1304}  added by thread pool-3-thread-6
 message  {Id=1333bf8e-2b9f-45e1-9f79-b77c93e3aed5,FirstNumber=464,secondNumber=1304}  written to file by thread pool-3-thread-2
 message  {Id=cf538607-c4b4-408c-89a8-0c9675ba4297,FirstNumber=375,secondNumber=427}  added by thread pool-3-thread-6
 message  {Id=cf538607-c4b4-408c-89a8-0c9675ba4297,FirstNumber=375,secondNumber=427}  written to file by thread pool-3-thread-2
 message  {Id=ca62a896-7a49-45cc-8d73-c9e0123e3153,FirstNumber=493,secondNumber=1820}  added by thread pool-3-thread-6
 message  {Id=ca62a896-7a49-45cc-8d73-c9e0123e3153,FirstNumber=493,secondNumber=1820}  written to file by thread pool-3-thread-2
 message  {Id=e88d1a6f-bc40-4d0e-9b46-d3cc774dc564,FirstNumber=119,secondNumber=1507}  added by thread pool-3-thread-6
 message  {Id=e88d1a6f-bc40-4d0e-9b46-d3cc774dc564,FirstNumber=119,secondNumber=1507}  written to file by thread pool-3-thread-3
 message  {Id=9d67ee6d-eaf8-4980-827b-521f9826fcd0,FirstNumber=42,secondNumber=231}  added by thread pool-3-thread-6
 message  {Id=9d67ee6d-eaf8-4980-827b-521f9826fcd0,FirstNumber=42,secondNumber=231}  written to file by thread pool-3-thread-4
 message  {Id=7219e8dd-0f68-4b1d-9af4-b3386ae2226a,FirstNumber=965,secondNumber=1430}  added by thread pool-3-thread-6
 message  {Id=7219e8dd-0f68-4b1d-9af4-b3386ae2226a,FirstNumber=965,secondNumber=1430}  written to file by thread pool-3-thread-4
 message  {Id=67d0c047-dde6-4ae5-8397-06a7e74d9fe4,FirstNumber=256,secondNumber=1089}  added by thread pool-3-thread-6
 message  {Id=67d0c047-dde6-4ae5-8397-06a7e74d9fe4,FirstNumber=256,secondNumber=1089}  written to file by thread pool-3-thread-5
 message  {Id=d8c2b424-37e0-4cd9-be5f-26528cf3f323,FirstNumber=531,secondNumber=936}  added by thread pool-3-thread-6
 message  {Id=d8c2b424-37e0-4cd9-be5f-26528cf3f323,FirstNumber=531,secondNumber=936}  written to file by thread pool-3-thread-2
 message  {Id=3af0e97e-a7dd-4f78-9c72-fa04180357a3,FirstNumber=638,secondNumber=737}  added by thread pool-3-thread-6
 message  {Id=3af0e97e-a7dd-4f78-9c72-fa04180357a3,FirstNumber=638,secondNumber=737}  written to file by thread pool-3-thread-3
 message  {Id=86b31b49-2006-408f-8e0c-b236300909e9,FirstNumber=777,secondNumber=1221}  added by thread pool-3-thread-6
 message  {Id=86b31b49-2006-408f-8e0c-b236300909e9,FirstNumber=777,secondNumber=1221}  written to file by thread pool-3-thread-1
 message  {Id=e45688c0-fd69-4bb0-b263-7e74f60c2a75,FirstNumber=85,secondNumber=643}  added by thread pool-3-thread-6
 message  {Id=e45688c0-fd69-4bb0-b263-7e74f60c2a75,FirstNumber=85,secondNumber=643}  written to file by thread pool-3-thread-4
 message  {Id=5848b813-28db-4817-b4ec-0e90c227cd17,FirstNumber=493,secondNumber=519}  added by thread pool-3-thread-6
 message  {Id=5848b813-28db-4817-b4ec-0e90c227cd17,FirstNumber=493,secondNumber=519}  written to file by thread pool-3-thread-5
 message  {Id=3a6382d6-6b9a-4f9e-8631-80c9bc772825,FirstNumber=395,secondNumber=589}  added by thread pool-3-thread-6
 message  {Id=3a6382d6-6b9a-4f9e-8631-80c9bc772825,FirstNumber=395,secondNumber=589}  written to file by thread pool-3-thread-2
 message  {Id=0072dadb-917c-4ae6-bead-1d2ea4ce1329,FirstNumber=831,secondNumber=945}  added by thread pool-3-thread-6
 message  {Id=0072dadb-917c-4ae6-bead-1d2ea4ce1329,FirstNumber=831,secondNumber=945}  written to file by thread pool-3-thread-2
 message  {Id=5d8a3002-93e6-4d20-a0de-28facc8558c1,FirstNumber=181,secondNumber=66}  added by thread pool-3-thread-6
 message  {Id=5d8a3002-93e6-4d20-a0de-28facc8558c1,FirstNumber=181,secondNumber=66}  written to file by thread pool-3-thread-2
 message  {Id=873a66b9-7799-4c48-85f2-6303d9f0b63c,FirstNumber=787,secondNumber=256}  added by thread pool-3-thread-6
 message  {Id=873a66b9-7799-4c48-85f2-6303d9f0b63c,FirstNumber=787,secondNumber=256}  written to file by thread pool-3-thread-2
 message  {Id=b8ed5862-67a3-4f18-87ff-9989855c13c7,FirstNumber=230,secondNumber=1614}  added by thread pool-3-thread-6
 message  {Id=b8ed5862-67a3-4f18-87ff-9989855c13c7,FirstNumber=230,secondNumber=1614}  written to file by thread pool-3-thread-5
 message  {Id=80e5023d-4d7b-4f30-88dc-e5558f05b9a5,FirstNumber=96,secondNumber=1922}  added by thread pool-3-thread-6
 message  {Id=80e5023d-4d7b-4f30-88dc-e5558f05b9a5,FirstNumber=96,secondNumber=1922}  written to file by thread pool-3-thread-3
 message  {Id=6dd58f02-6c85-4ec2-88e4-b9429db5692a,FirstNumber=566,secondNumber=1409}  added by thread pool-3-thread-6
 message  {Id=6dd58f02-6c85-4ec2-88e4-b9429db5692a,FirstNumber=566,secondNumber=1409}  written to file by thread pool-3-thread-1
 message  {Id=494934c4-c15d-4432-b77a-8c1061072cf8,FirstNumber=530,secondNumber=330}  added by thread pool-3-thread-6
 message  {Id=494934c4-c15d-4432-b77a-8c1061072cf8,FirstNumber=530,secondNumber=330}  written to file by thread pool-3-thread-4
 message  {Id=f4a421af-20d9-46bb-9a69-b0415d21a10d,FirstNumber=363,secondNumber=1223}  added by thread pool-3-thread-6
 message  {Id=f4a421af-20d9-46bb-9a69-b0415d21a10d,FirstNumber=363,secondNumber=1223}  written to file by thread pool-3-thread-2
 message  {Id=e0ac8da0-37cf-4f65-b245-67c818dd24de,FirstNumber=375,secondNumber=905}  added by thread pool-3-thread-6
 message  {Id=e0ac8da0-37cf-4f65-b245-67c818dd24de,FirstNumber=375,secondNumber=905}  written to file by thread pool-3-thread-2
 message  {Id=7ad25443-3051-410a-b1d1-9f5a74302b85,FirstNumber=22,secondNumber=1560}  added by thread pool-3-thread-6
 message  {Id=7ad25443-3051-410a-b1d1-9f5a74302b85,FirstNumber=22,secondNumber=1560}  written to file by thread pool-3-thread-3
 message  {Id=e789e67d-0e0a-4e68-b56c-1b2b4d573af6,FirstNumber=791,secondNumber=303}  added by thread pool-3-thread-6
 message  {Id=e789e67d-0e0a-4e68-b56c-1b2b4d573af6,FirstNumber=791,secondNumber=303}  written to file by thread pool-3-thread-1
 message  {Id=8a6cbfc9-b2fc-4b62-94f1-9337bd626f43,FirstNumber=877,secondNumber=1368}  added by thread pool-3-thread-6
 message  {Id=8a6cbfc9-b2fc-4b62-94f1-9337bd626f43,FirstNumber=877,secondNumber=1368}  written to file by thread pool-3-thread-4
 message  {Id=89d077ae-38c0-4412-9b2f-1c021b844181,FirstNumber=147,secondNumber=255}  added by thread pool-3-thread-6
 message  {Id=89d077ae-38c0-4412-9b2f-1c021b844181,FirstNumber=147,secondNumber=255}  written to file by thread pool-3-thread-5
 message  {Id=223e9653-c497-4051-9df5-f1c326d47b9a,FirstNumber=769,secondNumber=1391}  added by thread pool-3-thread-6
 message  {Id=223e9653-c497-4051-9df5-f1c326d47b9a,FirstNumber=769,secondNumber=1391}  written to file by thread pool-3-thread-5
 message  {Id=e215799d-7c45-4134-8960-d879084902ea,FirstNumber=383,secondNumber=854}  added by thread pool-3-thread-6
 message  {Id=e215799d-7c45-4134-8960-d879084902ea,FirstNumber=383,secondNumber=854}  written to file by thread pool-3-thread-3
 message  {Id=78c99cf2-4e0a-4ec0-946f-eff2e3f8e098,FirstNumber=775,secondNumber=1350}  added by thread pool-3-thread-6
 message  {Id=78c99cf2-4e0a-4ec0-946f-eff2e3f8e098,FirstNumber=775,secondNumber=1350}  written to file by thread pool-3-thread-1
 message  {Id=5198149a-902b-44f7-8592-8bbae938faf4,FirstNumber=208,secondNumber=557}  added by thread pool-3-thread-6
 message  {Id=5198149a-902b-44f7-8592-8bbae938faf4,FirstNumber=208,secondNumber=557}  written to file by thread pool-3-thread-1
 message  {Id=3db7be0d-bfa3-4366-ac1b-ecc54f41f71a,FirstNumber=472,secondNumber=1438}  added by thread pool-3-thread-6
 message  {Id=3db7be0d-bfa3-4366-ac1b-ecc54f41f71a,FirstNumber=472,secondNumber=1438}  written to file by thread pool-3-thread-2
 message  {Id=b68a2ed3-6d0f-41da-b013-6cc465fc1227,FirstNumber=566,secondNumber=1494}  added by thread pool-3-thread-6
 message  {Id=b68a2ed3-6d0f-41da-b013-6cc465fc1227,FirstNumber=566,secondNumber=1494}  written to file by thread pool-3-thread-5
 message  {Id=1c89f39c-d33b-4245-a2d0-78e97ef34e6f,FirstNumber=28,secondNumber=1637}  added by thread pool-3-thread-6
 message  {Id=1c89f39c-d33b-4245-a2d0-78e97ef34e6f,FirstNumber=28,secondNumber=1637}  written to file by thread pool-3-thread-3
 message  {Id=11b1c000-6f62-4deb-9696-421b523bb57b,FirstNumber=374,secondNumber=1356}  added by thread pool-3-thread-6
 message  {Id=11b1c000-6f62-4deb-9696-421b523bb57b,FirstNumber=374,secondNumber=1356}  written to file by thread pool-3-thread-4
 message  {Id=b083fc91-00eb-4d42-91af-98535e6741f9,FirstNumber=672,secondNumber=552}  added by thread pool-3-thread-6
 message  {Id=b083fc91-00eb-4d42-91af-98535e6741f9,FirstNumber=672,secondNumber=552}  written to file by thread pool-3-thread-4
 message  {Id=c0db6b2a-7316-4d2a-b67c-f071bc8dd0f3,FirstNumber=91,secondNumber=1082}  added by thread pool-3-thread-6
 message  {Id=c0db6b2a-7316-4d2a-b67c-f071bc8dd0f3,FirstNumber=91,secondNumber=1082}  written to file by thread pool-3-thread-2
 message  {Id=d8709d9c-c828-4e72-a205-c4821bd87f5a,FirstNumber=79,secondNumber=463}  added by thread pool-3-thread-6
 message  {Id=d8709d9c-c828-4e72-a205-c4821bd87f5a,FirstNumber=79,secondNumber=463}  written to file by thread pool-3-thread-2
 message  {Id=1e4b5049-7329-49c1-ba17-e4b69a1d71fa,FirstNumber=271,secondNumber=1245}  added by thread pool-3-thread-6
 message  {Id=1e4b5049-7329-49c1-ba17-e4b69a1d71fa,FirstNumber=271,secondNumber=1245}  written to file by thread pool-3-thread-2
 message  {Id=e54dd82b-0ac8-47d5-b32d-52acfc4b2682,FirstNumber=370,secondNumber=764}  added by thread pool-3-thread-6
 message  {Id=e54dd82b-0ac8-47d5-b32d-52acfc4b2682,FirstNumber=370,secondNumber=764}  written to file by thread pool-3-thread-1
 message  {Id=6a2789a3-f41f-4fd6-b325-0c428cf72490,FirstNumber=914,secondNumber=1696}  added by thread pool-3-thread-6
 message  {Id=6a2789a3-f41f-4fd6-b325-0c428cf72490,FirstNumber=914,secondNumber=1696}  written to file by thread pool-3-thread-4
 message  {Id=3d56a84a-8de5-48d9-a236-6d3957fdbc67,FirstNumber=548,secondNumber=929}  added by thread pool-3-thread-6
 message  {Id=3d56a84a-8de5-48d9-a236-6d3957fdbc67,FirstNumber=548,secondNumber=929}  written to file by thread pool-3-thread-4
 message  {Id=5c662622-dcf8-48a3-b178-1a5af222164a,FirstNumber=128,secondNumber=1072}  added by thread pool-3-thread-6
 message  {Id=5c662622-dcf8-48a3-b178-1a5af222164a,FirstNumber=128,secondNumber=1072}  written to file by thread pool-3-thread-4
 message  {Id=7d2e961f-56b4-4be0-9058-30a1af4176d2,FirstNumber=140,secondNumber=1031}  added by thread pool-3-thread-6
 message  {Id=7d2e961f-56b4-4be0-9058-30a1af4176d2,FirstNumber=140,secondNumber=1031}  written to file by thread pool-3-thread-4
 message  {Id=c9d7c2d4-8a69-4f3f-9161-17af00e32716,FirstNumber=718,secondNumber=1634}  added by thread pool-3-thread-6
 message  {Id=c9d7c2d4-8a69-4f3f-9161-17af00e32716,FirstNumber=718,secondNumber=1634}  written to file by thread pool-3-thread-4
 message  {Id=16b8714a-c970-4bbe-ab9a-04e8bd38ae13,FirstNumber=207,secondNumber=1482}  added by thread pool-3-thread-6
 message  {Id=16b8714a-c970-4bbe-ab9a-04e8bd38ae13,FirstNumber=207,secondNumber=1482}  written to file by thread pool-3-thread-5
 message  {Id=407d996d-5da3-4407-acd6-eb2fe042223e,FirstNumber=773,secondNumber=949}  added by thread pool-3-thread-6
 message  {Id=407d996d-5da3-4407-acd6-eb2fe042223e,FirstNumber=773,secondNumber=949}  written to file by thread pool-3-thread-3
 message  {Id=a8f16352-ef49-4317-94c1-c5af9151253f,FirstNumber=144,secondNumber=934}  added by thread pool-3-thread-6
 message  {Id=a8f16352-ef49-4317-94c1-c5af9151253f,FirstNumber=144,secondNumber=934}  written to file by thread pool-3-thread-2
 message  {Id=4cad582c-d9db-412b-8f57-76c08cf40bb9,FirstNumber=67,secondNumber=1892}  added by thread pool-3-thread-6
 message  {Id=4cad582c-d9db-412b-8f57-76c08cf40bb9,FirstNumber=67,secondNumber=1892}  written to file by thread pool-3-thread-1
 message  {Id=4d6c5714-9fb0-4e98-8732-f0af71d31b9d,FirstNumber=744,secondNumber=733}  added by thread pool-3-thread-6
 message  {Id=4d6c5714-9fb0-4e98-8732-f0af71d31b9d,FirstNumber=744,secondNumber=733}  written to file by thread pool-3-thread-1
 message  {Id=317b864f-f60b-4cf3-bc2c-b16581991f0b,FirstNumber=813,secondNumber=1913}  added by thread pool-3-thread-6
 message  {Id=317b864f-f60b-4cf3-bc2c-b16581991f0b,FirstNumber=813,secondNumber=1913}  written to file by thread pool-3-thread-1
 message  {Id=47e1f28f-66c2-4e1b-a406-324beae0c997,FirstNumber=822,secondNumber=685}  added by thread pool-3-thread-6
 message  {Id=47e1f28f-66c2-4e1b-a406-324beae0c997,FirstNumber=822,secondNumber=685}  written to file by thread pool-3-thread-1
 message  {Id=379f7b70-f71a-424c-97b9-7241e96605b1,FirstNumber=629,secondNumber=1228}  added by thread pool-3-thread-6
 message  {Id=379f7b70-f71a-424c-97b9-7241e96605b1,FirstNumber=629,secondNumber=1228}  written to file by thread pool-3-thread-2
 message  {Id=24023869-1bec-4fb1-af24-9be0f5983636,FirstNumber=376,secondNumber=1394}  added by thread pool-3-thread-6
 message  {Id=24023869-1bec-4fb1-af24-9be0f5983636,FirstNumber=376,secondNumber=1394}  written to file by thread pool-3-thread-4
 message  {Id=e981abd1-23f9-439e-babb-0379cf7e284f,FirstNumber=615,secondNumber=73}  added by thread pool-3-thread-6
 message  {Id=e981abd1-23f9-439e-babb-0379cf7e284f,FirstNumber=615,secondNumber=73}  written to file by thread pool-3-thread-4
 message  {Id=722e37f1-5e2b-46bc-b419-1d628246a531,FirstNumber=616,secondNumber=812}  added by thread pool-3-thread-6
 message  {Id=e2da948b-deca-40ff-815f-75799efc0ab6,FirstNumber=814,secondNumber=1450}  added by thread pool-3-thread-6
 message  {Id=722e37f1-5e2b-46bc-b419-1d628246a531,FirstNumber=616,secondNumber=812}  written to file by thread pool-3-thread-3
 message  {Id=e2da948b-deca-40ff-815f-75799efc0ab6,FirstNumber=814,secondNumber=1450}  written to file by thread pool-3-thread-1
 message  {Id=3a258c40-86cd-4bb7-b846-88f48cf08b13,FirstNumber=730,secondNumber=359}  added by thread pool-3-thread-6
 message  {Id=3a258c40-86cd-4bb7-b846-88f48cf08b13,FirstNumber=730,secondNumber=359}  written to file by thread pool-3-thread-3
 message  {Id=1d8cb783-1747-4318-88d8-395eb47e56ce,FirstNumber=88,secondNumber=1692}  added by thread pool-3-thread-6
 message  {Id=1d8cb783-1747-4318-88d8-395eb47e56ce,FirstNumber=88,secondNumber=1692}  written to file by thread pool-3-thread-5
 message  {Id=91476f82-442e-4bbb-8ea5-462aeb01a1b4,FirstNumber=686,secondNumber=75}  added by thread pool-3-thread-6
 message  {Id=91476f82-442e-4bbb-8ea5-462aeb01a1b4,FirstNumber=686,secondNumber=75}  written to file by thread pool-3-thread-5
 message  {Id=a28b6d33-adba-4fa9-9b79-816bbf9c0c32,FirstNumber=994,secondNumber=1737}  added by thread pool-3-thread-6
 message  {Id=a28b6d33-adba-4fa9-9b79-816bbf9c0c32,FirstNumber=994,secondNumber=1737}  written to file by thread pool-3-thread-1
 message  {Id=882a5bf0-d962-4ee5-b369-b933fe7fa076,FirstNumber=21,secondNumber=1568}  added by thread pool-3-thread-6
 message  {Id=882a5bf0-d962-4ee5-b369-b933fe7fa076,FirstNumber=21,secondNumber=1568}  written to file by thread pool-3-thread-1
 message  {Id=ce1e69bd-540e-44df-9fa3-54a83adccf53,FirstNumber=617,secondNumber=1356}  added by thread pool-3-thread-6
 message  {Id=ce1e69bd-540e-44df-9fa3-54a83adccf53,FirstNumber=617,secondNumber=1356}  written to file by thread pool-3-thread-1
 message  {Id=65c666b9-a16d-440f-9459-d14ca91c8e3f,FirstNumber=656,secondNumber=1176}  added by thread pool-3-thread-6
 message  {Id=65c666b9-a16d-440f-9459-d14ca91c8e3f,FirstNumber=656,secondNumber=1176}  written to file by thread pool-3-thread-4
 message  {Id=8263b9dc-4235-4e73-8248-f3715a3745a5,FirstNumber=502,secondNumber=1129}  added by thread pool-3-thread-6
 message  {Id=8263b9dc-4235-4e73-8248-f3715a3745a5,FirstNumber=502,secondNumber=1129}  written to file by thread pool-3-thread-4
 message  {Id=b9646837-734b-4930-b019-dcc9cf5e7b24,FirstNumber=518,secondNumber=49}  added by thread pool-3-thread-6
 message  {Id=b9646837-734b-4930-b019-dcc9cf5e7b24,FirstNumber=518,secondNumber=49}  written to file by thread pool-3-thread-2
 message  {Id=e0fff7f3-c2e6-4a36-a05b-758cdcb4e803,FirstNumber=727,secondNumber=1418}  added by thread pool-3-thread-6
 message  {Id=e0fff7f3-c2e6-4a36-a05b-758cdcb4e803,FirstNumber=727,secondNumber=1418}  written to file by thread pool-3-thread-3
 message  {Id=b600a98f-6719-40dd-8723-1ae15f381fc9,FirstNumber=485,secondNumber=540}  added by thread pool-3-thread-6
 message  {Id=b600a98f-6719-40dd-8723-1ae15f381fc9,FirstNumber=485,secondNumber=540}  written to file by thread pool-3-thread-1
 message  {Id=010b4a08-e62e-45b7-8826-b2a1581e7096,FirstNumber=650,secondNumber=1793}  added by thread pool-3-thread-6
 message  {Id=010b4a08-e62e-45b7-8826-b2a1581e7096,FirstNumber=650,secondNumber=1793}  written to file by thread pool-3-thread-5
 message  {Id=26a67273-1192-4baa-8ee0-0c72c2c12834,FirstNumber=322,secondNumber=96}  added by thread pool-3-thread-6
 message  {Id=26a67273-1192-4baa-8ee0-0c72c2c12834,FirstNumber=322,secondNumber=96}  written to file by thread pool-3-thread-5
 message  {Id=5e7dd06d-8d9c-4019-bd3f-2ae4abd3ab93,FirstNumber=934,secondNumber=1394}  added by thread pool-3-thread-6
 message  {Id=5e7dd06d-8d9c-4019-bd3f-2ae4abd3ab93,FirstNumber=934,secondNumber=1394}  written to file by thread pool-3-thread-2
 message  {Id=6b5ee719-9ed8-4a65-9ab6-08fa21b327b5,FirstNumber=997,secondNumber=741}  added by thread pool-3-thread-6
 message  {Id=6b5ee719-9ed8-4a65-9ab6-08fa21b327b5,FirstNumber=997,secondNumber=741}  written to file by thread pool-3-thread-2
 message  {Id=4e08c9e0-f054-48db-8fc0-1c836688cdc0,FirstNumber=906,secondNumber=1884}  added by thread pool-3-thread-6
 message  {Id=4e08c9e0-f054-48db-8fc0-1c836688cdc0,FirstNumber=906,secondNumber=1884}  written to file by thread pool-3-thread-2
 message  {Id=c9ed7a6c-2dd9-425c-991a-8af9560c5cad,FirstNumber=528,secondNumber=495}  added by thread pool-3-thread-6
 message  {Id=c9ed7a6c-2dd9-425c-991a-8af9560c5cad,FirstNumber=528,secondNumber=495}  written to file by thread pool-3-thread-4
 message  {Id=e783d25b-a0f9-4cd3-9472-e9499be48b1f,FirstNumber=791,secondNumber=397}  added by thread pool-3-thread-6
 message  {Id=e062e17b-3f56-4fb0-9d9c-17d1f7b9a399,FirstNumber=951,secondNumber=1319}  added by thread pool-3-thread-6
 message  {Id=e783d25b-a0f9-4cd3-9472-e9499be48b1f,FirstNumber=791,secondNumber=397}  written to file by thread pool-3-thread-4
 message  {Id=e062e17b-3f56-4fb0-9d9c-17d1f7b9a399,FirstNumber=951,secondNumber=1319}  written to file by thread pool-3-thread-3
 message  {Id=39ecf2c4-e855-487e-80ea-f4fa51f41822,FirstNumber=431,secondNumber=683}  added by thread pool-3-thread-6
 message  {Id=39ecf2c4-e855-487e-80ea-f4fa51f41822,FirstNumber=431,secondNumber=683}  written to file by thread pool-3-thread-4
 message  {Id=7110a955-562f-4018-95a9-2aff876a24fc,FirstNumber=77,secondNumber=756}  added by thread pool-3-thread-6
 message  {Id=7110a955-562f-4018-95a9-2aff876a24fc,FirstNumber=77,secondNumber=756}  written to file by thread pool-3-thread-2
 message  {Id=c149520e-061e-4b05-b6eb-d647b442858c,FirstNumber=770,secondNumber=780}  added by thread pool-3-thread-6
 message  {Id=c149520e-061e-4b05-b6eb-d647b442858c,FirstNumber=770,secondNumber=780}  written to file by thread pool-3-thread-2
 message  {Id=8a42b26d-3acf-4cdb-b709-cc274ccf0052,FirstNumber=948,secondNumber=1958}  added by thread pool-3-thread-6
 message  {Id=27a68c68-c49d-46ce-b95d-fd85c5da3a4e,FirstNumber=384,secondNumber=877}  added by thread pool-3-thread-6
 message  {Id=27a68c68-c49d-46ce-b95d-fd85c5da3a4e,FirstNumber=384,secondNumber=877}  written to file by thread pool-3-thread-3
 message  {Id=eafb5f56-a971-4ffb-97a3-f2b3a57e2206,FirstNumber=26,secondNumber=1698}  added by thread pool-3-thread-6
 message  {Id=eafb5f56-a971-4ffb-97a3-f2b3a57e2206,FirstNumber=26,secondNumber=1698}  written to file by thread pool-3-thread-4
 message  {Id=8a42b26d-3acf-4cdb-b709-cc274ccf0052,FirstNumber=948,secondNumber=1958}  written to file by thread pool-3-thread-1
 message  {Id=a30662c4-4db5-4004-8740-e08484a917c7,FirstNumber=434,secondNumber=1193}  added by thread pool-3-thread-6
 message  {Id=a30662c4-4db5-4004-8740-e08484a917c7,FirstNumber=434,secondNumber=1193}  written to file by thread pool-3-thread-5
 message  {Id=8358dfd7-e871-4c0c-a9c2-facc564fc81e,FirstNumber=102,secondNumber=1409}  added by thread pool-3-thread-6
 message  {Id=8358dfd7-e871-4c0c-a9c2-facc564fc81e,FirstNumber=102,secondNumber=1409}  written to file by thread pool-3-thread-2
 message  {Id=1bd1881d-cdf8-4520-967f-1a386f91b50f,FirstNumber=851,secondNumber=1892}  added by thread pool-3-thread-6
 message  {Id=1bd1881d-cdf8-4520-967f-1a386f91b50f,FirstNumber=851,secondNumber=1892}  written to file by thread pool-3-thread-2
 message  {Id=43ca95c8-1bfc-4e15-b803-3fcbbe497ac4,FirstNumber=177,secondNumber=356}  added by thread pool-3-thread-6
 message  {Id=43ca95c8-1bfc-4e15-b803-3fcbbe497ac4,FirstNumber=177,secondNumber=356}  written to file by thread pool-3-thread-4
 message  {Id=8f4e3406-2730-402d-b192-5f6e578691ec,FirstNumber=338,secondNumber=557}  added by thread pool-3-thread-6
 message  {Id=8f4e3406-2730-402d-b192-5f6e578691ec,FirstNumber=338,secondNumber=557}  written to file by thread pool-3-thread-4
 message  {Id=d4b7e139-5668-4e67-b309-d9560235fc27,FirstNumber=498,secondNumber=696}  added by thread pool-3-thread-6
 message  {Id=d4b7e139-5668-4e67-b309-d9560235fc27,FirstNumber=498,secondNumber=696}  written to file by thread pool-3-thread-5
 message  {Id=1877fb70-7e82-4251-992f-30180a5e19f1,FirstNumber=921,secondNumber=1673}  added by thread pool-3-thread-6
 message  {Id=1877fb70-7e82-4251-992f-30180a5e19f1,FirstNumber=921,secondNumber=1673}  written to file by thread pool-3-thread-3
 message  {Id=d6a63791-0714-4034-9a6f-cb27b605f00f,FirstNumber=133,secondNumber=686}  added by thread pool-3-thread-6
 message  {Id=d6a63791-0714-4034-9a6f-cb27b605f00f,FirstNumber=133,secondNumber=686}  written to file by thread pool-3-thread-2
 message  {Id=f71b7433-9fa8-460a-84df-ec2265321ace,FirstNumber=79,secondNumber=1582}  added by thread pool-3-thread-6
 message  {Id=f71b7433-9fa8-460a-84df-ec2265321ace,FirstNumber=79,secondNumber=1582}  written to file by thread pool-3-thread-2
 message  {Id=0e3691fa-6120-4958-8f1c-3260fc37fddc,FirstNumber=82,secondNumber=1506}  added by thread pool-3-thread-6
 message  {Id=0e3691fa-6120-4958-8f1c-3260fc37fddc,FirstNumber=82,secondNumber=1506}  written to file by thread pool-3-thread-4
 message  {Id=88d6959e-882b-468e-a324-b235eaa6e196,FirstNumber=468,secondNumber=1307}  added by thread pool-3-thread-6
 message  {Id=88d6959e-882b-468e-a324-b235eaa6e196,FirstNumber=468,secondNumber=1307}  written to file by thread pool-3-thread-4
 message  {Id=59f509d4-d159-4572-bf46-7c2b4b64c847,FirstNumber=95,secondNumber=681}  added by thread pool-3-thread-6
 message  {Id=59f509d4-d159-4572-bf46-7c2b4b64c847,FirstNumber=95,secondNumber=681}  written to file by thread pool-3-thread-4
 message  {Id=7d6be382-25be-44bc-9d5a-9987a2825f05,FirstNumber=751,secondNumber=183}  added by thread pool-3-thread-6
 message  {Id=7d6be382-25be-44bc-9d5a-9987a2825f05,FirstNumber=751,secondNumber=183}  written to file by thread pool-3-thread-1
 message  {Id=93efc1ef-e712-457f-8109-e4953c9d8e9c,FirstNumber=927,secondNumber=1376}  added by thread pool-3-thread-6
 message  {Id=93efc1ef-e712-457f-8109-e4953c9d8e9c,FirstNumber=927,secondNumber=1376}  written to file by thread pool-3-thread-2
 message  {Id=4dad032b-a303-467e-8ae1-c7e05d67f28b,FirstNumber=863,secondNumber=1061}  added by thread pool-3-thread-6
 message  {Id=4dad032b-a303-467e-8ae1-c7e05d67f28b,FirstNumber=863,secondNumber=1061}  written to file by thread pool-3-thread-2
 message  {Id=38845654-0799-4fce-b266-6c939c554e0b,FirstNumber=311,secondNumber=1610}  added by thread pool-3-thread-6
 message  {Id=8f9cbebf-19db-481e-a012-7f18ccd11375,FirstNumber=694,secondNumber=385}  added by thread pool-3-thread-6
 message  {Id=38845654-0799-4fce-b266-6c939c554e0b,FirstNumber=311,secondNumber=1610}  written to file by thread pool-3-thread-3
 message  {Id=8f9cbebf-19db-481e-a012-7f18ccd11375,FirstNumber=694,secondNumber=385}  written to file by thread pool-3-thread-4
 message  {Id=74131bd2-d675-4dc9-9b52-e4697c5b5117,FirstNumber=882,secondNumber=1479}  added by thread pool-3-thread-6
 message  {Id=74131bd2-d675-4dc9-9b52-e4697c5b5117,FirstNumber=882,secondNumber=1479}  written to file by thread pool-3-thread-4
 message  {Id=8b54499c-bfe7-4589-8f60-d7f41ba68d8d,FirstNumber=997,secondNumber=357}  added by thread pool-3-thread-6
 message  {Id=8b54499c-bfe7-4589-8f60-d7f41ba68d8d,FirstNumber=997,secondNumber=357}  written to file by thread pool-3-thread-4
 message  {Id=ba71864b-753f-49e9-9161-5f0389f136b5,FirstNumber=395,secondNumber=1672}  added by thread pool-3-thread-6
 message  {Id=ba71864b-753f-49e9-9161-5f0389f136b5,FirstNumber=395,secondNumber=1672}  written to file by thread pool-3-thread-2
 message  {Id=f2146568-9bc6-4984-b499-37a94208878e,FirstNumber=205,secondNumber=40}  added by thread pool-3-thread-6
 message  {Id=f2146568-9bc6-4984-b499-37a94208878e,FirstNumber=205,secondNumber=40}  written to file by thread pool-3-thread-1
 message  {Id=d67cd404-aff0-4b50-b3ac-b1f6e1997d4c,FirstNumber=251,secondNumber=1132}  added by thread pool-3-thread-6
 message  {Id=d67cd404-aff0-4b50-b3ac-b1f6e1997d4c,FirstNumber=251,secondNumber=1132}  written to file by thread pool-3-thread-3
 message  {Id=83ed9734-729c-4bd0-8c63-76078851c983,FirstNumber=682,secondNumber=1718}  added by thread pool-3-thread-6
 message  {Id=83ed9734-729c-4bd0-8c63-76078851c983,FirstNumber=682,secondNumber=1718}  written to file by thread pool-3-thread-5
 message  {Id=adfa122b-7622-4c11-9d9a-a42d5401af82,FirstNumber=667,secondNumber=967}  added by thread pool-3-thread-6
 message  {Id=7e7d50c1-7458-4ee5-97cb-57d64637897f,FirstNumber=508,secondNumber=1183}  added by thread pool-3-thread-6
 message  {Id=adfa122b-7622-4c11-9d9a-a42d5401af82,FirstNumber=667,secondNumber=967}  written to file by thread pool-3-thread-4
 message  {Id=7e7d50c1-7458-4ee5-97cb-57d64637897f,FirstNumber=508,secondNumber=1183}  written to file by thread pool-3-thread-2
 message  {Id=14bd7166-c2e2-40d2-914f-c1614640911c,FirstNumber=670,secondNumber=918}  added by thread pool-3-thread-6
 message  {Id=14bd7166-c2e2-40d2-914f-c1614640911c,FirstNumber=670,secondNumber=918}  written to file by thread pool-3-thread-2
 message  {Id=bd571289-cb0a-4c20-af6c-bd518ba71ebc,FirstNumber=911,secondNumber=997}  added by thread pool-3-thread-6
 message  {Id=bd571289-cb0a-4c20-af6c-bd518ba71ebc,FirstNumber=911,secondNumber=997}  written to file by thread pool-3-thread-3
 message  {Id=ce5091c7-d5bc-408c-be17-cc5ee3152177,FirstNumber=457,secondNumber=1631}  added by thread pool-3-thread-6
 message  {Id=ce5091c7-d5bc-408c-be17-cc5ee3152177,FirstNumber=457,secondNumber=1631}  written to file by thread pool-3-thread-5
 message  {Id=298b4dfa-93a8-4b1d-bd60-8f3d17c758d8,FirstNumber=407,secondNumber=1764}  added by thread pool-3-thread-6
 message  {Id=298b4dfa-93a8-4b1d-bd60-8f3d17c758d8,FirstNumber=407,secondNumber=1764}  written to file by thread pool-3-thread-5
 message  {Id=21887982-25de-4444-a645-d3f49969db6b,FirstNumber=485,secondNumber=319}  added by thread pool-3-thread-6
 message  {Id=21887982-25de-4444-a645-d3f49969db6b,FirstNumber=485,secondNumber=319}  written to file by thread pool-3-thread-1
 message  {Id=a9ad9abf-ba8c-42e7-8d4f-fe688e4fa672,FirstNumber=40,secondNumber=914}  added by thread pool-3-thread-6
 message  {Id=a9ad9abf-ba8c-42e7-8d4f-fe688e4fa672,FirstNumber=40,secondNumber=914}  written to file by thread pool-3-thread-2
 message  {Id=fefb81a7-de2f-4e0c-b7d5-522988b99464,FirstNumber=444,secondNumber=453}  added by thread pool-3-thread-6
 message  {Id=150f851e-7592-4438-8be3-46c015056013,FirstNumber=70,secondNumber=374}  added by thread pool-3-thread-6
 message  {Id=fefb81a7-de2f-4e0c-b7d5-522988b99464,FirstNumber=444,secondNumber=453}  written to file by thread pool-3-thread-3
 message  {Id=150f851e-7592-4438-8be3-46c015056013,FirstNumber=70,secondNumber=374}  written to file by thread pool-3-thread-4
 message  {Id=ee0ce20c-36d5-41b6-a719-70c8f42f1d82,FirstNumber=388,secondNumber=1825}  added by thread pool-3-thread-6
 message  {Id=ee0ce20c-36d5-41b6-a719-70c8f42f1d82,FirstNumber=388,secondNumber=1825}  written to file by thread pool-3-thread-3
 message  {Id=688f143a-7eeb-476a-a5fb-27efd38aa8e6,FirstNumber=952,secondNumber=201}  added by thread pool-3-thread-6
 message  {Id=688f143a-7eeb-476a-a5fb-27efd38aa8e6,FirstNumber=952,secondNumber=201}  written to file by thread pool-3-thread-1
 message  {Id=3502bc75-e285-43d0-a4ee-08cec882af82,FirstNumber=865,secondNumber=130}  added by thread pool-3-thread-6
 message  {Id=3502bc75-e285-43d0-a4ee-08cec882af82,FirstNumber=865,secondNumber=130}  written to file by thread pool-3-thread-1
 message  {Id=32a44c9c-7519-4f3c-86c9-b9695393063c,FirstNumber=633,secondNumber=872}  added by thread pool-3-thread-6
 message  {Id=32a44c9c-7519-4f3c-86c9-b9695393063c,FirstNumber=633,secondNumber=872}  written to file by thread pool-3-thread-1
 message  {Id=72a6b23b-f7ce-4d91-b18b-bff9641ea081,FirstNumber=445,secondNumber=1020}  added by thread pool-3-thread-6
 message  {Id=72a6b23b-f7ce-4d91-b18b-bff9641ea081,FirstNumber=445,secondNumber=1020}  written to file by thread pool-3-thread-1
 message  {Id=b097a0b4-0a21-410f-b28b-f60ed647c346,FirstNumber=505,secondNumber=637}  added by thread pool-3-thread-6
 message  {Id=b097a0b4-0a21-410f-b28b-f60ed647c346,FirstNumber=505,secondNumber=637}  written to file by thread pool-3-thread-1
 message  {Id=450dc018-25e3-4c43-b15e-13bb6983c12c,FirstNumber=804,secondNumber=625}  added by thread pool-3-thread-6
 message  {Id=450dc018-25e3-4c43-b15e-13bb6983c12c,FirstNumber=804,secondNumber=625}  written to file by thread pool-3-thread-1
 message  {Id=99064a14-7db8-495f-93fd-e9297c695fa9,FirstNumber=227,secondNumber=1799}  added by thread pool-3-thread-6
 message  {Id=99064a14-7db8-495f-93fd-e9297c695fa9,FirstNumber=227,secondNumber=1799}  written to file by thread pool-3-thread-4
 message  {Id=a0a76369-36d2-4eae-88b6-4d52d5541a28,FirstNumber=813,secondNumber=1226}  added by thread pool-3-thread-6
 message  {Id=a0a76369-36d2-4eae-88b6-4d52d5541a28,FirstNumber=813,secondNumber=1226}  written to file by thread pool-3-thread-5
 message  {Id=9b50218b-0b61-4201-a334-9d6ee90e4593,FirstNumber=837,secondNumber=1367}  added by thread pool-3-thread-6
 message  {Id=0dccd5ee-13b8-437d-8f28-f2f1cdc476eb,FirstNumber=166,secondNumber=1270}  added by thread pool-3-thread-6
 message  {Id=9b50218b-0b61-4201-a334-9d6ee90e4593,FirstNumber=837,secondNumber=1367}  written to file by thread pool-3-thread-3
 message  {Id=0dccd5ee-13b8-437d-8f28-f2f1cdc476eb,FirstNumber=166,secondNumber=1270}  written to file by thread pool-3-thread-2
 message  {Id=81650dfd-f2b5-4067-bf45-0fc5612692a1,FirstNumber=934,secondNumber=1035}  added by thread pool-3-thread-6
 message  {Id=81650dfd-f2b5-4067-bf45-0fc5612692a1,FirstNumber=934,secondNumber=1035}  written to file by thread pool-3-thread-3
 message  {Id=41822167-d9ce-445c-b080-631653186a8e,FirstNumber=707,secondNumber=553}  added by thread pool-3-thread-6
 message  {Id=7b8f25a8-5fa3-49ad-a08c-45b8c46ed22a,FirstNumber=609,secondNumber=1520}  added by thread pool-3-thread-6
 message  {Id=41822167-d9ce-445c-b080-631653186a8e,FirstNumber=707,secondNumber=553}  written to file by thread pool-3-thread-4
 message  {Id=7b8f25a8-5fa3-49ad-a08c-45b8c46ed22a,FirstNumber=609,secondNumber=1520}  written to file by thread pool-3-thread-5
 message  {Id=22073267-7947-49c0-8e47-e317caea2d87,FirstNumber=462,secondNumber=1270}  added by thread pool-3-thread-6
 message  {Id=22073267-7947-49c0-8e47-e317caea2d87,FirstNumber=462,secondNumber=1270}  written to file by thread pool-3-thread-1
 message  {Id=0be5beba-3933-4fbf-ba63-03972270e0c2,FirstNumber=199,secondNumber=1006}  added by thread pool-3-thread-6
 message  {Id=0be5beba-3933-4fbf-ba63-03972270e0c2,FirstNumber=199,secondNumber=1006}  written to file by thread pool-3-thread-1
 message  {Id=9b0343f1-19f8-47d6-9091-d9b20a6fc32e,FirstNumber=20,secondNumber=1017}  added by thread pool-3-thread-6
 message  {Id=a7d34187-6ede-40e8-ba56-d9f90a55aa4f,FirstNumber=597,secondNumber=709}  added by thread pool-3-thread-6
 message  {Id=9b0343f1-19f8-47d6-9091-d9b20a6fc32e,FirstNumber=20,secondNumber=1017}  written to file by thread pool-3-thread-3
 message  {Id=a7d34187-6ede-40e8-ba56-d9f90a55aa4f,FirstNumber=597,secondNumber=709}  written to file by thread pool-3-thread-4
 message  {Id=8162845d-ae70-458a-a480-5fd4f6763ed8,FirstNumber=583,secondNumber=437}  added by thread pool-3-thread-6
 message  {Id=8162845d-ae70-458a-a480-5fd4f6763ed8,FirstNumber=583,secondNumber=437}  written to file by thread pool-3-thread-3
 message  {Id=716b19e4-a754-46ba-9557-115f39cf5333,FirstNumber=798,secondNumber=257}  added by thread pool-3-thread-6
 message  {Id=b95e3969-47d7-4567-80e6-f53f0c6e92ea,FirstNumber=832,secondNumber=322}  added by thread pool-3-thread-6
 message  {Id=716b19e4-a754-46ba-9557-115f39cf5333,FirstNumber=798,secondNumber=257}  written to file by thread pool-3-thread-3
 message  {Id=b95e3969-47d7-4567-80e6-f53f0c6e92ea,FirstNumber=832,secondNumber=322}  written to file by thread pool-3-thread-1
 message  {Id=a637976d-de4c-4705-bfd1-c89fc79dba79,FirstNumber=270,secondNumber=384}  added by thread pool-3-thread-6
 message  {Id=a637976d-de4c-4705-bfd1-c89fc79dba79,FirstNumber=270,secondNumber=384}  written to file by thread pool-3-thread-3
 message  {Id=07e62af8-dc87-467c-a5a6-57d2216c0dc3,FirstNumber=967,secondNumber=1097}  added by thread pool-3-thread-6
 message  {Id=07e62af8-dc87-467c-a5a6-57d2216c0dc3,FirstNumber=967,secondNumber=1097}  written to file by thread pool-3-thread-4
 message  {Id=83b5980d-f93a-4233-a98f-5a8658bdb137,FirstNumber=936,secondNumber=1740}  added by thread pool-3-thread-6
 message  {Id=83b5980d-f93a-4233-a98f-5a8658bdb137,FirstNumber=936,secondNumber=1740}  written to file by thread pool-3-thread-2
 message  {Id=f1a84a73-4424-44cc-8ac8-fc7d2ae14a0a,FirstNumber=802,secondNumber=324}  written to file by thread pool-3-thread-2
 message  {Id=f1a84a73-4424-44cc-8ac8-fc7d2ae14a0a,FirstNumber=802,secondNumber=324}  added by thread pool-3-thread-6
 message  {Id=24b0d624-c033-418a-bdb1-115e49da260f,FirstNumber=89,secondNumber=1731}  added by thread pool-3-thread-6
 message  {Id=24b0d624-c033-418a-bdb1-115e49da260f,FirstNumber=89,secondNumber=1731}  written to file by thread pool-3-thread-1
 message  {Id=ec0e3115-e150-469f-8246-509b6b485584,FirstNumber=59,secondNumber=338}  added by thread pool-3-thread-6
 message  {Id=ec0e3115-e150-469f-8246-509b6b485584,FirstNumber=59,secondNumber=338}  written to file by thread pool-3-thread-1
 message  {Id=a7d88992-50c4-4f3b-8bee-c65e493d9a50,FirstNumber=631,secondNumber=1338}  added by thread pool-3-thread-6
 message  {Id=a7d88992-50c4-4f3b-8bee-c65e493d9a50,FirstNumber=631,secondNumber=1338}  written to file by thread pool-3-thread-4
 message  {Id=de58571f-73d9-4aad-86ee-b63f4bf9c9e2,FirstNumber=858,secondNumber=1747}  added by thread pool-3-thread-6
 message  {Id=de58571f-73d9-4aad-86ee-b63f4bf9c9e2,FirstNumber=858,secondNumber=1747}  written to file by thread pool-3-thread-5
 message  {Id=4eda1fa1-1bc5-42f1-94fd-a9a9f06966e5,FirstNumber=22,secondNumber=1741}  added by thread pool-3-thread-6
 message  {Id=4eda1fa1-1bc5-42f1-94fd-a9a9f06966e5,FirstNumber=22,secondNumber=1741}  written to file by thread pool-3-thread-5
 message  {Id=b1c4040e-6b9c-4a60-a7f3-3277ccc75ac8,FirstNumber=44,secondNumber=775}  added by thread pool-3-thread-6
 message  {Id=94d76d30-fe99-43cf-a7a8-555992fe6296,FirstNumber=943,secondNumber=14}  added by thread pool-3-thread-6
 message  {Id=b1c4040e-6b9c-4a60-a7f3-3277ccc75ac8,FirstNumber=44,secondNumber=775}  written to file by thread pool-3-thread-3
 message  {Id=94d76d30-fe99-43cf-a7a8-555992fe6296,FirstNumber=943,secondNumber=14}  written to file by thread pool-3-thread-1
 message  {Id=fab2d651-10fb-4ed0-959a-c43ebaa287b8,FirstNumber=544,secondNumber=430}  added by thread pool-3-thread-6
 message  {Id=cce99b85-93d7-4030-827d-b0d67a20a2c4,FirstNumber=267,secondNumber=1248}  added by thread pool-3-thread-6
 message  {Id=fab2d651-10fb-4ed0-959a-c43ebaa287b8,FirstNumber=544,secondNumber=430}  written to file by thread pool-3-thread-4
 message  {Id=cce99b85-93d7-4030-827d-b0d67a20a2c4,FirstNumber=267,secondNumber=1248}  written to file by thread pool-3-thread-2
 message  {Id=e3a91a64-ae30-44d4-ae0e-3c054ad79d7d,FirstNumber=565,secondNumber=1604}  added by thread pool-3-thread-6
 message  {Id=e3a91a64-ae30-44d4-ae0e-3c054ad79d7d,FirstNumber=565,secondNumber=1604}  written to file by thread pool-3-thread-5
 message  {Id=1b4cf955-3d7b-40b8-919f-6cf9ae63c72c,FirstNumber=108,secondNumber=1651}  added by thread pool-3-thread-6
 message  {Id=1b4cf955-3d7b-40b8-919f-6cf9ae63c72c,FirstNumber=108,secondNumber=1651}  written to file by thread pool-3-thread-5
 message  {Id=4f4e1cac-e1a2-44c4-8549-bc132c177747,FirstNumber=213,secondNumber=444}  added by thread pool-3-thread-6
 message  {Id=4f4e1cac-e1a2-44c4-8549-bc132c177747,FirstNumber=213,secondNumber=444}  written to file by thread pool-3-thread-1
 message  {Id=bf1a838a-c733-41a7-a99f-aafaaa91ce12,FirstNumber=353,secondNumber=48}  added by thread pool-3-thread-6
 message  {Id=bf1a838a-c733-41a7-a99f-aafaaa91ce12,FirstNumber=353,secondNumber=48}  written to file by thread pool-3-thread-1
 message  {Id=48e4d1ea-f558-4162-a991-1c71918d1425,FirstNumber=589,secondNumber=621}  added by thread pool-3-thread-6
 message  {Id=48e4d1ea-f558-4162-a991-1c71918d1425,FirstNumber=589,secondNumber=621}  written to file by thread pool-3-thread-2
 message  {Id=22f516ad-2d08-4bb8-ac01-696d0e43fb17,FirstNumber=245,secondNumber=786}  added by thread pool-3-thread-6
 message  {Id=22f516ad-2d08-4bb8-ac01-696d0e43fb17,FirstNumber=245,secondNumber=786}  written to file by thread pool-3-thread-3
 message  {Id=3f8c9bf0-9096-417a-bbee-22e0f5ba73bb,FirstNumber=28,secondNumber=656}  added by thread pool-3-thread-6
 message  {Id=3f8c9bf0-9096-417a-bbee-22e0f5ba73bb,FirstNumber=28,secondNumber=656}  written to file by thread pool-3-thread-5
 message  {Id=b2aac42b-0c9c-4095-841f-fd311e7bc3f3,FirstNumber=241,secondNumber=1938}  added by thread pool-3-thread-6
 message  {Id=b2aac42b-0c9c-4095-841f-fd311e7bc3f3,FirstNumber=241,secondNumber=1938}  written to file by thread pool-3-thread-4
 message  {Id=f991e002-875a-4f35-a461-6466a0426bd3,FirstNumber=43,secondNumber=1454}  added by thread pool-3-thread-6
 message  {Id=f991e002-875a-4f35-a461-6466a0426bd3,FirstNumber=43,secondNumber=1454}  written to file by thread pool-3-thread-1
 message  {Id=8ee96748-8a9a-420a-a191-445c1c69c65f,FirstNumber=800,secondNumber=465}  added by thread pool-3-thread-6
 message  {Id=8ee96748-8a9a-420a-a191-445c1c69c65f,FirstNumber=800,secondNumber=465}  written to file by thread pool-3-thread-1
 message  {Id=fd6c66ae-1833-469d-8c90-249bfc38c23b,FirstNumber=140,secondNumber=1127}  added by thread pool-3-thread-6
 message  {Id=fd6c66ae-1833-469d-8c90-249bfc38c23b,FirstNumber=140,secondNumber=1127}  written to file by thread pool-3-thread-1
 message  {Id=fa699c1f-20a2-4ba0-bc3c-07413d40a157,FirstNumber=545,secondNumber=1771}  added by thread pool-3-thread-6
 message  {Id=fa699c1f-20a2-4ba0-bc3c-07413d40a157,FirstNumber=545,secondNumber=1771}  written to file by thread pool-3-thread-5
 message  {Id=15506a79-6593-4829-bf5b-2eb60a566686,FirstNumber=900,secondNumber=1693}  added by thread pool-3-thread-6
 message  {Id=15506a79-6593-4829-bf5b-2eb60a566686,FirstNumber=900,secondNumber=1693}  written to file by thread pool-3-thread-4
 message  {Id=10337cdb-7988-485c-909f-de1de08ab221,FirstNumber=745,secondNumber=1786}  added by thread pool-3-thread-6
 message  {Id=10337cdb-7988-485c-909f-de1de08ab221,FirstNumber=745,secondNumber=1786}  written to file by thread pool-3-thread-2
 message  {Id=57cc5c3e-b309-4a97-b600-f4b169708d45,FirstNumber=682,secondNumber=457}  added by thread pool-3-thread-6
 message  {Id=57cc5c3e-b309-4a97-b600-f4b169708d45,FirstNumber=682,secondNumber=457}  written to file by thread pool-3-thread-2
 message  {Id=55231fc9-afae-46ff-8b48-d0154516c185,FirstNumber=289,secondNumber=1260}  added by thread pool-3-thread-6
 message  {Id=55231fc9-afae-46ff-8b48-d0154516c185,FirstNumber=289,secondNumber=1260}  written to file by thread pool-3-thread-2
 message  {Id=9545a81a-1bb6-4ff7-a0e5-fa77f8111d45,FirstNumber=256,secondNumber=1264}  added by thread pool-3-thread-6
 message  {Id=9545a81a-1bb6-4ff7-a0e5-fa77f8111d45,FirstNumber=256,secondNumber=1264}  written to file by thread pool-3-thread-5
 message  {Id=ad49f4b4-5fe8-4595-9f98-c86837b69e28,FirstNumber=752,secondNumber=865}  added by thread pool-3-thread-6
 message  {Id=ad49f4b4-5fe8-4595-9f98-c86837b69e28,FirstNumber=752,secondNumber=865}  written to file by thread pool-3-thread-5
 message  {Id=fbe918c4-426b-47f4-9abf-faaad43dbb26,FirstNumber=415,secondNumber=1494}  added by thread pool-3-thread-6
 message  {Id=f13efb04-b097-4a8b-8c04-cc45163d4b30,FirstNumber=417,secondNumber=1475}  added by thread pool-3-thread-6
 message  {Id=fbe918c4-426b-47f4-9abf-faaad43dbb26,FirstNumber=415,secondNumber=1494}  written to file by thread pool-3-thread-3
 message  {Id=f13efb04-b097-4a8b-8c04-cc45163d4b30,FirstNumber=417,secondNumber=1475}  written to file by thread pool-3-thread-1
 message  {Id=da67f588-b9d7-48c3-9574-35518f501347,FirstNumber=513,secondNumber=404}  added by thread pool-3-thread-6
 message  {Id=826d3a35-c406-4b47-a585-54a96af14cfe,FirstNumber=621,secondNumber=1621}  added by thread pool-3-thread-6
 message  {Id=da67f588-b9d7-48c3-9574-35518f501347,FirstNumber=513,secondNumber=404}  written to file by thread pool-3-thread-2
 message  {Id=826d3a35-c406-4b47-a585-54a96af14cfe,FirstNumber=621,secondNumber=1621}  written to file by thread pool-3-thread-4
 message  {Id=cdc54e31-a571-4ad6-bfb3-176726a65557,FirstNumber=885,secondNumber=1463}  added by thread pool-3-thread-6
 message  {Id=cdc54e31-a571-4ad6-bfb3-176726a65557,FirstNumber=885,secondNumber=1463}  written to file by thread pool-3-thread-5
 message  {Id=68c93d71-d6da-4b16-bbf9-f1c47ba415d4,FirstNumber=795,secondNumber=191}  added by thread pool-3-thread-6
 message  {Id=eb5bd3ad-6a9f-4026-b684-6cce5016b373,FirstNumber=440,secondNumber=1020}  added by thread pool-3-thread-6
 message  {Id=68c93d71-d6da-4b16-bbf9-f1c47ba415d4,FirstNumber=795,secondNumber=191}  written to file by thread pool-3-thread-3
 message  {Id=eb5bd3ad-6a9f-4026-b684-6cce5016b373,FirstNumber=440,secondNumber=1020}  written to file by thread pool-3-thread-1
 message  {Id=2c2d99af-8331-4d25-a65d-d08ea1b36ff8,FirstNumber=46,secondNumber=201}  added by thread pool-3-thread-6
 message  {Id=2c2d99af-8331-4d25-a65d-d08ea1b36ff8,FirstNumber=46,secondNumber=201}  written to file by thread pool-3-thread-3
 message  {Id=b77d8eec-e0bf-4ad9-a5b5-79414436411d,FirstNumber=998,secondNumber=278}  added by thread pool-3-thread-6
 message  {Id=c576a157-49d8-49b3-8bba-25affbf6a46b,FirstNumber=561,secondNumber=1034}  added by thread pool-3-thread-6
 message  {Id=b77d8eec-e0bf-4ad9-a5b5-79414436411d,FirstNumber=998,secondNumber=278}  written to file by thread pool-3-thread-3
 message  {Id=c576a157-49d8-49b3-8bba-25affbf6a46b,FirstNumber=561,secondNumber=1034}  written to file by thread pool-3-thread-5
 message  {Id=72271cb0-75a4-4cdd-af88-7fb1590b93dc,FirstNumber=408,secondNumber=378}  added by thread pool-3-thread-6
 message  {Id=72271cb0-75a4-4cdd-af88-7fb1590b93dc,FirstNumber=408,secondNumber=378}  written to file by thread pool-3-thread-5
 message  {Id=20c9b223-556a-4ba7-9e57-2a972d745080,FirstNumber=284,secondNumber=1352}  added by thread pool-3-thread-6
 message  {Id=20c9b223-556a-4ba7-9e57-2a972d745080,FirstNumber=284,secondNumber=1352}  written to file by thread pool-3-thread-5
 message  {Id=1afae2b8-0611-444f-a254-573d8afda904,FirstNumber=395,secondNumber=911}  added by thread pool-3-thread-6
 message  {Id=1afae2b8-0611-444f-a254-573d8afda904,FirstNumber=395,secondNumber=911}  written to file by thread pool-3-thread-5
 message  {Id=ad02c25d-1e94-4a95-a4e6-b2c8f6dcb7cb,FirstNumber=582,secondNumber=874}  added by thread pool-3-thread-6
 message  {Id=ad02c25d-1e94-4a95-a4e6-b2c8f6dcb7cb,FirstNumber=582,secondNumber=874}  written to file by thread pool-3-thread-5
 message  {Id=d44c612e-199e-40dd-ab24-c73f5128e028,FirstNumber=757,secondNumber=339}  added by thread pool-3-thread-6
 message  {Id=d44c612e-199e-40dd-ab24-c73f5128e028,FirstNumber=757,secondNumber=339}  written to file by thread pool-3-thread-1
 message  {Id=099243ea-fc5f-4243-97c4-70f9d1b7378c,FirstNumber=712,secondNumber=1365}  added by thread pool-3-thread-6
 message  {Id=099243ea-fc5f-4243-97c4-70f9d1b7378c,FirstNumber=712,secondNumber=1365}  written to file by thread pool-3-thread-1
 message  {Id=8522935b-4241-44bf-8893-b20e94560145,FirstNumber=588,secondNumber=80}  added by thread pool-3-thread-6
 message  {Id=8522935b-4241-44bf-8893-b20e94560145,FirstNumber=588,secondNumber=80}  written to file by thread pool-3-thread-1
 message  {Id=d7b1f7fc-054e-4079-8963-3a60876e36e7,FirstNumber=274,secondNumber=918}  added by thread pool-3-thread-6
 message  {Id=92a201a1-35cd-4704-a7df-e3ea44e0578b,FirstNumber=498,secondNumber=386}  added by thread pool-3-thread-6
 message  {Id=d7b1f7fc-054e-4079-8963-3a60876e36e7,FirstNumber=274,secondNumber=918}  written to file by thread pool-3-thread-3
 message  {Id=92a201a1-35cd-4704-a7df-e3ea44e0578b,FirstNumber=498,secondNumber=386}  written to file by thread pool-3-thread-5
 message  {Id=ed4da324-4259-40e9-8fbc-ebdc5144b4ab,FirstNumber=567,secondNumber=133}  added by thread pool-3-thread-6
 message  {Id=ed4da324-4259-40e9-8fbc-ebdc5144b4ab,FirstNumber=567,secondNumber=133}  written to file by thread pool-3-thread-3
 message  {Id=3b3f403c-ffb4-4987-8ff4-f7fa1d7aab32,FirstNumber=925,secondNumber=1047}  added by thread pool-3-thread-6
 message  {Id=3b9d0686-9939-491a-8e99-919df115ef92,FirstNumber=433,secondNumber=299}  added by thread pool-3-thread-6
 message  {Id=3b3f403c-ffb4-4987-8ff4-f7fa1d7aab32,FirstNumber=925,secondNumber=1047}  written to file by thread pool-3-thread-3
 message  {Id=3b9d0686-9939-491a-8e99-919df115ef92,FirstNumber=433,secondNumber=299}  written to file by thread pool-3-thread-1
 message  {Id=2dc17f90-6f76-4330-81f7-521269329fdc,FirstNumber=776,secondNumber=396}  added by thread pool-3-thread-6
 message  {Id=2dc17f90-6f76-4330-81f7-521269329fdc,FirstNumber=776,secondNumber=396}  written to file by thread pool-3-thread-1
 message  {Id=0d2c1239-6188-4f52-88d1-369f64e0aa73,FirstNumber=913,secondNumber=840}  added by thread pool-3-thread-6
 message  {Id=0d2c1239-6188-4f52-88d1-369f64e0aa73,FirstNumber=913,secondNumber=840}  written to file by thread pool-3-thread-1
 message  {Id=b9d65852-7a0d-4462-85c0-23ac93a49bb3,FirstNumber=289,secondNumber=541}  added by thread pool-3-thread-6
 message  {Id=b9d65852-7a0d-4462-85c0-23ac93a49bb3,FirstNumber=289,secondNumber=541}  written to file by thread pool-3-thread-4
 message  {Id=5214502f-ddd7-4fb7-8199-b0dac08c44aa,FirstNumber=777,secondNumber=120}  added by thread pool-3-thread-6
 message  {Id=5214502f-ddd7-4fb7-8199-b0dac08c44aa,FirstNumber=777,secondNumber=120}  written to file by thread pool-3-thread-4
 message  {Id=e2fab84d-42db-4ea2-b8e9-546db7723272,FirstNumber=851,secondNumber=1202}  added by thread pool-3-thread-6
 message  {Id=e2fab84d-42db-4ea2-b8e9-546db7723272,FirstNumber=851,secondNumber=1202}  written to file by thread pool-3-thread-5
 message  {Id=4e96b019-c236-4f95-978a-12d31a417af7,FirstNumber=113,secondNumber=758}  added by thread pool-3-thread-6
 message  {Id=4e96b019-c236-4f95-978a-12d31a417af7,FirstNumber=113,secondNumber=758}  written to file by thread pool-3-thread-5
 message  {Id=160052d1-37b5-4bc1-ba93-6901182a6c99,FirstNumber=626,secondNumber=1766}  added by thread pool-3-thread-6
 message  {Id=160052d1-37b5-4bc1-ba93-6901182a6c99,FirstNumber=626,secondNumber=1766}  written to file by thread pool-3-thread-1
 message  {Id=ff03914f-9507-45d8-89ae-0337ee0849b5,FirstNumber=141,secondNumber=1312}  added by thread pool-3-thread-6
 message  {Id=ff03914f-9507-45d8-89ae-0337ee0849b5,FirstNumber=141,secondNumber=1312}  written to file by thread pool-3-thread-1
 message  {Id=f3f551f6-bdaa-47f6-9cb7-4146a818220a,FirstNumber=991,secondNumber=1553}  added by thread pool-3-thread-6
 message  {Id=f3f551f6-bdaa-47f6-9cb7-4146a818220a,FirstNumber=991,secondNumber=1553}  written to file by thread pool-3-thread-4
 message  {Id=bc89557e-05c9-48eb-b1f9-76a4f3ba68f5,FirstNumber=357,secondNumber=708}  added by thread pool-3-thread-6
 message  {Id=bc89557e-05c9-48eb-b1f9-76a4f3ba68f5,FirstNumber=357,secondNumber=708}  written to file by thread pool-3-thread-2
 message  {Id=759fb0d8-23f5-41a9-9691-7fdc0ccb3857,FirstNumber=487,secondNumber=758}  added by thread pool-3-thread-6
 message  {Id=759fb0d8-23f5-41a9-9691-7fdc0ccb3857,FirstNumber=487,secondNumber=758}  written to file by thread pool-3-thread-2
 message  {Id=6b8d8362-a182-4659-b626-e558cfc63bbc,FirstNumber=875,secondNumber=1708}  added by thread pool-3-thread-6
 message  {Id=6b8d8362-a182-4659-b626-e558cfc63bbc,FirstNumber=875,secondNumber=1708}  written to file by thread pool-3-thread-3
 message  {Id=04626e21-a732-408c-901e-10490e6279b9,FirstNumber=146,secondNumber=281}  added by thread pool-3-thread-6
 message  {Id=04626e21-a732-408c-901e-10490e6279b9,FirstNumber=146,secondNumber=281}  written to file by thread pool-3-thread-1
 message  {Id=2005f55f-1eb5-436a-8ac4-0a2b417aee6b,FirstNumber=413,secondNumber=1024}  added by thread pool-3-thread-6
 message  {Id=2005f55f-1eb5-436a-8ac4-0a2b417aee6b,FirstNumber=413,secondNumber=1024}  written to file by thread pool-3-thread-4
 message  {Id=5b00528f-7319-432f-8a51-6f38808f7b9b,FirstNumber=125,secondNumber=179}  added by thread pool-3-thread-6
 message  {Id=5b00528f-7319-432f-8a51-6f38808f7b9b,FirstNumber=125,secondNumber=179}  written to file by thread pool-3-thread-4
 message  {Id=c39d2afa-3325-4f26-ba4b-244c31659f56,FirstNumber=951,secondNumber=409}  added by thread pool-3-thread-6
 message  {Id=c39d2afa-3325-4f26-ba4b-244c31659f56,FirstNumber=951,secondNumber=409}  written to file by thread pool-3-thread-2
 message  {Id=0642b117-db6a-44bb-9621-8e72c80495ba,FirstNumber=513,secondNumber=1927}  added by thread pool-3-thread-6
 message  {Id=0642b117-db6a-44bb-9621-8e72c80495ba,FirstNumber=513,secondNumber=1927}  written to file by thread pool-3-thread-2
 message  {Id=98e0a79c-1edd-462f-8e67-399d4ccd14d0,FirstNumber=174,secondNumber=1578}  added by thread pool-3-thread-6
 message  {Id=98e0a79c-1edd-462f-8e67-399d4ccd14d0,FirstNumber=174,secondNumber=1578}  written to file by thread pool-3-thread-1
 message  {Id=fea7d5f4-ee26-4461-bcac-aed0508bb2e4,FirstNumber=598,secondNumber=1846}  added by thread pool-3-thread-6
 message  {Id=fea7d5f4-ee26-4461-bcac-aed0508bb2e4,FirstNumber=598,secondNumber=1846}  written to file by thread pool-3-thread-1
 message  {Id=c35d7e1b-efb8-42b9-bda4-3c13dd5adf7d,FirstNumber=649,secondNumber=1876}  added by thread pool-3-thread-6
 message  {Id=c35d7e1b-efb8-42b9-bda4-3c13dd5adf7d,FirstNumber=649,secondNumber=1876}  written to file by thread pool-3-thread-4
 message  {Id=19cf332d-d5ef-4c2a-b357-07e53abca412,FirstNumber=872,secondNumber=1897}  added by thread pool-3-thread-6
 message  {Id=19cf332d-d5ef-4c2a-b357-07e53abca412,FirstNumber=872,secondNumber=1897}  written to file by thread pool-3-thread-4
 message  {Id=ac1db927-96ba-45eb-9f17-08f80d6fcd58,FirstNumber=19,secondNumber=723}  added by thread pool-3-thread-6
 message  {Id=ac1db927-96ba-45eb-9f17-08f80d6fcd58,FirstNumber=19,secondNumber=723}  written to file by thread pool-3-thread-2
 message  {Id=ea6f400f-5aab-485b-b07f-a5c5a3a5d6a6,FirstNumber=290,secondNumber=966}  added by thread pool-3-thread-6
 message  {Id=ea6f400f-5aab-485b-b07f-a5c5a3a5d6a6,FirstNumber=290,secondNumber=966}  written to file by thread pool-3-thread-2
 message  {Id=1c9544a3-6efd-4e0e-968f-7dbf54ee121c,FirstNumber=620,secondNumber=1547}  added by thread pool-3-thread-6
 message  {Id=1c9544a3-6efd-4e0e-968f-7dbf54ee121c,FirstNumber=620,secondNumber=1547}  written to file by thread pool-3-thread-1
 message  {Id=da6c0cae-c76a-4c09-9749-a9fc65b95033,FirstNumber=565,secondNumber=1819}  added by thread pool-3-thread-6
 message  {Id=da6c0cae-c76a-4c09-9749-a9fc65b95033,FirstNumber=565,secondNumber=1819}  written to file by thread pool-3-thread-3
 message  {Id=087c665d-a91c-48fb-a46c-af88379c86f7,FirstNumber=70,secondNumber=1012}  added by thread pool-3-thread-6
 message  {Id=087c665d-a91c-48fb-a46c-af88379c86f7,FirstNumber=70,secondNumber=1012}  written to file by thread pool-3-thread-4
 message  {Id=1ff1c50c-20ff-4b02-aa63-f6385b781b96,FirstNumber=376,secondNumber=1865}  added by thread pool-3-thread-6
 message  {Id=1ff1c50c-20ff-4b02-aa63-f6385b781b96,FirstNumber=376,secondNumber=1865}  written to file by thread pool-3-thread-5
 message  {Id=a615883e-e4df-4e08-bfec-ffd1be0edc20,FirstNumber=559,secondNumber=1542}  added by thread pool-3-thread-6
 message  {Id=a615883e-e4df-4e08-bfec-ffd1be0edc20,FirstNumber=559,secondNumber=1542}  written to file by thread pool-3-thread-5
 message  {Id=5cd7d3a0-10af-4c31-8434-b615ee26275b,FirstNumber=584,secondNumber=1592}  added by thread pool-3-thread-6
 message  {Id=5cd7d3a0-10af-4c31-8434-b615ee26275b,FirstNumber=584,secondNumber=1592}  written to file by thread pool-3-thread-1
 message  {Id=59949206-8814-408f-89fe-2ada964c08c6,FirstNumber=984,secondNumber=1518}  added by thread pool-3-thread-6
 message  {Id=59949206-8814-408f-89fe-2ada964c08c6,FirstNumber=984,secondNumber=1518}  written to file by thread pool-3-thread-3
 message  {Id=29191aa8-ae20-4021-a192-6dfd8ec168f1,FirstNumber=316,secondNumber=1082}  added by thread pool-3-thread-6
 message  {Id=29191aa8-ae20-4021-a192-6dfd8ec168f1,FirstNumber=316,secondNumber=1082}  written to file by thread pool-3-thread-4
 message  {Id=d5ab5fab-c9d4-4947-a1f5-a703a21dfa00,FirstNumber=98,secondNumber=1795}  added by thread pool-3-thread-6
 message  {Id=d5ab5fab-c9d4-4947-a1f5-a703a21dfa00,FirstNumber=98,secondNumber=1795}  written to file by thread pool-3-thread-2
 message  {Id=8919d564-d352-460a-a5f7-ffa82909c1d4,FirstNumber=936,secondNumber=1077}  added by thread pool-3-thread-6
 message  {Id=8919d564-d352-460a-a5f7-ffa82909c1d4,FirstNumber=936,secondNumber=1077}  written to file by thread pool-3-thread-5
 message  {Id=f989b73c-60e9-4842-b683-0e7cee7533a9,FirstNumber=329,secondNumber=662}  added by thread pool-3-thread-6
 message  {Id=f989b73c-60e9-4842-b683-0e7cee7533a9,FirstNumber=329,secondNumber=662}  written to file by thread pool-3-thread-5
 message  {Id=11da01f9-f6c1-4d0b-b401-33dc0fb39c7e,FirstNumber=992,secondNumber=1158}  added by thread pool-3-thread-6
 message  {Id=11da01f9-f6c1-4d0b-b401-33dc0fb39c7e,FirstNumber=992,secondNumber=1158}  written to file by thread pool-3-thread-5
 message  {Id=7b8bbd72-6f3b-4f37-92bf-ef84f2bf5201,FirstNumber=919,secondNumber=717}  added by thread pool-3-thread-6
 message  {Id=7b8bbd72-6f3b-4f37-92bf-ef84f2bf5201,FirstNumber=919,secondNumber=717}  written to file by thread pool-3-thread-4
 message  {Id=8c7cff2f-3abc-4c48-a4c2-e416a0edac37,FirstNumber=376,secondNumber=1165}  added by thread pool-3-thread-6
 message  {Id=8c7cff2f-3abc-4c48-a4c2-e416a0edac37,FirstNumber=376,secondNumber=1165}  written to file by thread pool-3-thread-4
 message  {Id=70df9da1-6b43-4661-87e0-7e52e48b3ab1,FirstNumber=580,secondNumber=667}  added by thread pool-3-thread-6
 message  {Id=70df9da1-6b43-4661-87e0-7e52e48b3ab1,FirstNumber=580,secondNumber=667}  written to file by thread pool-3-thread-1
 message  {Id=136cfe3d-052c-4558-ab47-cfef428212cc,FirstNumber=311,secondNumber=361}  added by thread pool-3-thread-6
 message  {Id=136cfe3d-052c-4558-ab47-cfef428212cc,FirstNumber=311,secondNumber=361}  written to file by thread pool-3-thread-1
 message  {Id=afda3de1-491d-47b5-80b4-49d7819dd21a,FirstNumber=779,secondNumber=1625}  added by thread pool-3-thread-6
 message  {Id=afda3de1-491d-47b5-80b4-49d7819dd21a,FirstNumber=779,secondNumber=1625}  written to file by thread pool-3-thread-1
 message  {Id=83973e05-2bbf-4449-8bf7-c5ac0f304ee1,FirstNumber=444,secondNumber=1296}  added by thread pool-3-thread-6
 message  {Id=83973e05-2bbf-4449-8bf7-c5ac0f304ee1,FirstNumber=444,secondNumber=1296}  written to file by thread pool-3-thread-2
 message  {Id=9c2e4190-dbe7-47a6-84b5-f52faf85f252,FirstNumber=813,secondNumber=273}  added by thread pool-3-thread-6
 message  {Id=9c2e4190-dbe7-47a6-84b5-f52faf85f252,FirstNumber=813,secondNumber=273}  written to file by thread pool-3-thread-2
 message  {Id=bd3c2b22-fcfe-4aa0-bd0e-861bca4401df,FirstNumber=902,secondNumber=310}  added by thread pool-3-thread-6
 message  {Id=bd3c2b22-fcfe-4aa0-bd0e-861bca4401df,FirstNumber=902,secondNumber=310}  written to file by thread pool-3-thread-3
 message  {Id=56c56973-bb05-49fd-9a71-84fd6ba46fb4,FirstNumber=760,secondNumber=407}  added by thread pool-3-thread-6
 message  {Id=56c56973-bb05-49fd-9a71-84fd6ba46fb4,FirstNumber=760,secondNumber=407}  written to file by thread pool-3-thread-5
 message  {Id=b68e9ba8-3a90-4290-a856-57bf39eec232,FirstNumber=420,secondNumber=32}  added by thread pool-3-thread-6
 message  {Id=b68e9ba8-3a90-4290-a856-57bf39eec232,FirstNumber=420,secondNumber=32}  written to file by thread pool-3-thread-1
 message  {Id=a6ae0bf1-640e-4c93-a237-dfb635a95c7c,FirstNumber=264,secondNumber=442}  added by thread pool-3-thread-6
 message  {Id=a6ae0bf1-640e-4c93-a237-dfb635a95c7c,FirstNumber=264,secondNumber=442}  written to file by thread pool-3-thread-1
 message  {Id=ade0f397-7bc9-48b4-be48-060518674f65,FirstNumber=554,secondNumber=1107}  added by thread pool-3-thread-6
 message  {Id=ade0f397-7bc9-48b4-be48-060518674f65,FirstNumber=554,secondNumber=1107}  written to file by thread pool-3-thread-2
 message  {Id=2711a05e-0795-4b44-a1a6-f021131c107c,FirstNumber=136,secondNumber=574}  added by thread pool-3-thread-6
 message  {Id=2711a05e-0795-4b44-a1a6-f021131c107c,FirstNumber=136,secondNumber=574}  written to file by thread pool-3-thread-2
 message  {Id=e351db08-e832-45a4-8c97-ed64931c06c7,FirstNumber=493,secondNumber=821}  added by thread pool-3-thread-6
 message  {Id=e351db08-e832-45a4-8c97-ed64931c06c7,FirstNumber=493,secondNumber=821}  written to file by thread pool-3-thread-5
 message  {Id=998a95c6-0bd7-480e-b2f9-d14a2759e86d,FirstNumber=136,secondNumber=314}  added by thread pool-3-thread-6
 message  {Id=998a95c6-0bd7-480e-b2f9-d14a2759e86d,FirstNumber=136,secondNumber=314}  written to file by thread pool-3-thread-4
 message  {Id=15962d80-d0ab-4304-994a-a1eb2fb19331,FirstNumber=169,secondNumber=24}  added by thread pool-3-thread-6
 message  {Id=15962d80-d0ab-4304-994a-a1eb2fb19331,FirstNumber=169,secondNumber=24}  written to file by thread pool-3-thread-1
 message  {Id=a3764628-23b4-463e-a67e-5fa43023d3fc,FirstNumber=771,secondNumber=1369}  added by thread pool-3-thread-6
 message  {Id=a3764628-23b4-463e-a67e-5fa43023d3fc,FirstNumber=771,secondNumber=1369}  written to file by thread pool-3-thread-1
 message  {Id=a6c34123-edf0-4a34-9391-3bf353953d15,FirstNumber=276,secondNumber=897}  added by thread pool-3-thread-6
 message  {Id=a6c34123-edf0-4a34-9391-3bf353953d15,FirstNumber=276,secondNumber=897}  written to file by thread pool-3-thread-2
 message  {Id=26fe4274-ce26-428b-a22d-e25bfd9fbcb0,FirstNumber=308,secondNumber=1209}  added by thread pool-3-thread-6
 message  {Id=26fe4274-ce26-428b-a22d-e25bfd9fbcb0,FirstNumber=308,secondNumber=1209}  written to file by thread pool-3-thread-2
 message  {Id=9ded5329-b6cc-4f64-af22-215327e0f0ad,FirstNumber=431,secondNumber=1004}  added by thread pool-3-thread-6
 message  {Id=9ded5329-b6cc-4f64-af22-215327e0f0ad,FirstNumber=431,secondNumber=1004}  written to file by thread pool-3-thread-4
 message  {Id=4fe26121-a011-403b-b3b4-f9593d3c75e9,FirstNumber=574,secondNumber=1948}  added by thread pool-3-thread-6
 message  {Id=4fe26121-a011-403b-b3b4-f9593d3c75e9,FirstNumber=574,secondNumber=1948}  written to file by thread pool-3-thread-3
 message  {Id=bf644b8e-9e12-4469-bc49-1ff6a5fe3cfa,FirstNumber=9,secondNumber=1658}  added by thread pool-3-thread-6
 message  {Id=bf644b8e-9e12-4469-bc49-1ff6a5fe3cfa,FirstNumber=9,secondNumber=1658}  written to file by thread pool-3-thread-1
 message  {Id=abf66581-5ccc-4af7-a2d2-ea41b3d28ab5,FirstNumber=116,secondNumber=87}  added by thread pool-3-thread-6
 message  {Id=abf66581-5ccc-4af7-a2d2-ea41b3d28ab5,FirstNumber=116,secondNumber=87}  written to file by thread pool-3-thread-5
 message  {Id=d1cf9d0f-84c2-41f5-a0fe-1462ad9f1623,FirstNumber=669,secondNumber=564}  added by thread pool-3-thread-6
 message  {Id=023a939c-484b-4f84-bf4e-f9af58c7d4f5,FirstNumber=23,secondNumber=1235}  added by thread pool-3-thread-6
 message  {Id=d1cf9d0f-84c2-41f5-a0fe-1462ad9f1623,FirstNumber=669,secondNumber=564}  written to file by thread pool-3-thread-2
 message  {Id=023a939c-484b-4f84-bf4e-f9af58c7d4f5,FirstNumber=23,secondNumber=1235}  written to file by thread pool-3-thread-4
 message  {Id=947c3c2e-d738-41e9-b0eb-df8a29569e7a,FirstNumber=383,secondNumber=763}  added by thread pool-3-thread-6
 message  {Id=947c3c2e-d738-41e9-b0eb-df8a29569e7a,FirstNumber=383,secondNumber=763}  written to file by thread pool-3-thread-4
 message  {Id=eb7699b1-8d59-49f9-89f5-17b639cf6230,FirstNumber=305,secondNumber=927}  added by thread pool-3-thread-6
 message  {Id=eb7699b1-8d59-49f9-89f5-17b639cf6230,FirstNumber=305,secondNumber=927}  written to file by thread pool-3-thread-1
 message  {Id=1f6a79cf-6111-4bd1-9d3b-152ea53d1f97,FirstNumber=149,secondNumber=1530}  added by thread pool-3-thread-6
 message  {Id=1f6a79cf-6111-4bd1-9d3b-152ea53d1f97,FirstNumber=149,secondNumber=1530}  written to file by thread pool-3-thread-5
 message  {Id=cb02d333-add3-40e8-bb4f-a031fc706873,FirstNumber=605,secondNumber=689}  added by thread pool-3-thread-6
 message  {Id=cb02d333-add3-40e8-bb4f-a031fc706873,FirstNumber=605,secondNumber=689}  written to file by thread pool-3-thread-5
 message  {Id=c12dd5cc-1767-4b2b-9e45-634010f5afc1,FirstNumber=628,secondNumber=1448}  added by thread pool-3-thread-6
 message  {Id=c12dd5cc-1767-4b2b-9e45-634010f5afc1,FirstNumber=628,secondNumber=1448}  written to file by thread pool-3-thread-3
 message  {Id=0dc2ec53-ec23-42c2-8fab-a5a78b58bac3,FirstNumber=452,secondNumber=137}  added by thread pool-3-thread-6
 message  {Id=0dc2ec53-ec23-42c2-8fab-a5a78b58bac3,FirstNumber=452,secondNumber=137}  written to file by thread pool-3-thread-4
 message  {Id=3766219d-f37d-4c3f-8ed0-ff02977fd643,FirstNumber=200,secondNumber=1022}  added by thread pool-3-thread-6
 message  {Id=3766219d-f37d-4c3f-8ed0-ff02977fd643,FirstNumber=200,secondNumber=1022}  written to file by thread pool-3-thread-1
 message  {Id=2d171f20-0741-458d-8ad4-4ea2b7763940,FirstNumber=933,secondNumber=649}  added by thread pool-3-thread-6
 message  {Id=2d171f20-0741-458d-8ad4-4ea2b7763940,FirstNumber=933,secondNumber=649}  written to file by thread pool-3-thread-1
 message  {Id=1a3dc450-a2b6-4969-8a16-4cb9e2ceee8d,FirstNumber=232,secondNumber=667}  added by thread pool-3-thread-6
 message  {Id=1a3dc450-a2b6-4969-8a16-4cb9e2ceee8d,FirstNumber=232,secondNumber=667}  written to file by thread pool-3-thread-5
 message  {Id=d4674f50-dfaa-46e7-a123-b3062cd8ecc3,FirstNumber=821,secondNumber=121}  added by thread pool-3-thread-6
 message  {Id=d4674f50-dfaa-46e7-a123-b3062cd8ecc3,FirstNumber=821,secondNumber=121}  written to file by thread pool-3-thread-5
 message  {Id=68e8c1ff-d723-43fd-83e2-bf139d24bab4,FirstNumber=431,secondNumber=1685}  added by thread pool-3-thread-6
 message  {Id=68e8c1ff-d723-43fd-83e2-bf139d24bab4,FirstNumber=431,secondNumber=1685}  written to file by thread pool-3-thread-4
 message  {Id=2814ed56-78f4-4c5f-a24d-a52c57d5a2cb,FirstNumber=491,secondNumber=822}  added by thread pool-3-thread-6
 message  {Id=2814ed56-78f4-4c5f-a24d-a52c57d5a2cb,FirstNumber=491,secondNumber=822}  written to file by thread pool-3-thread-2
 message  {Id=f5c74c24-ea53-4629-b904-3b720a970f78,FirstNumber=456,secondNumber=566}  added by thread pool-3-thread-6
 message  {Id=f5c74c24-ea53-4629-b904-3b720a970f78,FirstNumber=456,secondNumber=566}  written to file by thread pool-3-thread-2
 message  {Id=cc2f9bb0-45cc-4564-9229-aca009da1087,FirstNumber=818,secondNumber=547}  added by thread pool-3-thread-6
 message  {Id=cc2f9bb0-45cc-4564-9229-aca009da1087,FirstNumber=818,secondNumber=547}  written to file by thread pool-3-thread-3
 message  {Id=2c5a3d70-24a5-48d6-8f06-48e5ec1fb841,FirstNumber=547,secondNumber=904}  added by thread pool-3-thread-6
 message  {Id=2c5a3d70-24a5-48d6-8f06-48e5ec1fb841,FirstNumber=547,secondNumber=904}  written to file by thread pool-3-thread-5
 message  {Id=9e9b0417-9427-49c2-9433-6326338d0b27,FirstNumber=577,secondNumber=1406}  added by thread pool-3-thread-6
 message  {Id=9e9b0417-9427-49c2-9433-6326338d0b27,FirstNumber=577,secondNumber=1406}  written to file by thread pool-3-thread-4
 message  {Id=1ddeded6-a24d-40f5-9fd6-a8030234bc32,FirstNumber=233,secondNumber=288}  added by thread pool-3-thread-6
 message  {Id=1ddeded6-a24d-40f5-9fd6-a8030234bc32,FirstNumber=233,secondNumber=288}  written to file by thread pool-3-thread-1
 message  {Id=f34983e6-a218-4ef3-9fe6-d39f3cede4f3,FirstNumber=706,secondNumber=168}  added by thread pool-3-thread-6
 message  {Id=f34983e6-a218-4ef3-9fe6-d39f3cede4f3,FirstNumber=706,secondNumber=168}  written to file by thread pool-3-thread-1
 message  {Id=9a5232ed-d7b3-44a6-8271-ca7c3172af73,FirstNumber=362,secondNumber=365}  added by thread pool-3-thread-6
 message  {Id=9a5232ed-d7b3-44a6-8271-ca7c3172af73,FirstNumber=362,secondNumber=365}  written to file by thread pool-3-thread-3
 message  {Id=a3e3f3ac-4bde-4cf2-8cf9-038a7a13e700,FirstNumber=352,secondNumber=774}  added by thread pool-3-thread-6
 message  {Id=a3e3f3ac-4bde-4cf2-8cf9-038a7a13e700,FirstNumber=352,secondNumber=774}  written to file by thread pool-3-thread-5
 message  {Id=d23d4113-2728-42ea-8f90-1b837bca73a9,FirstNumber=127,secondNumber=1715}  added by thread pool-3-thread-6
 message  {Id=d23d4113-2728-42ea-8f90-1b837bca73a9,FirstNumber=127,secondNumber=1715}  written to file by thread pool-3-thread-4
 message  {Id=35779e57-eb28-4e25-8bde-0960f5139ffe,FirstNumber=803,secondNumber=1511}  added by thread pool-3-thread-6
 message  {Id=35779e57-eb28-4e25-8bde-0960f5139ffe,FirstNumber=803,secondNumber=1511}  written to file by thread pool-3-thread-2
 message  {Id=64635d88-31de-4168-b901-389baff41a54,FirstNumber=538,secondNumber=319}  added by thread pool-3-thread-6
 message  {Id=64635d88-31de-4168-b901-389baff41a54,FirstNumber=538,secondNumber=319}  written to file by thread pool-3-thread-1
 message  {Id=532599ed-2bc8-42a5-a5fd-b65e49b9e19f,FirstNumber=945,secondNumber=1364}  added by thread pool-3-thread-6
 message  {Id=532599ed-2bc8-42a5-a5fd-b65e49b9e19f,FirstNumber=945,secondNumber=1364}  written to file by thread pool-3-thread-1
 message  {Id=468416e5-3fa1-48cc-98b6-36cdfb403805,FirstNumber=235,secondNumber=1609}  added by thread pool-3-thread-6
 message  {Id=468416e5-3fa1-48cc-98b6-36cdfb403805,FirstNumber=235,secondNumber=1609}  written to file by thread pool-3-thread-5
 message  {Id=7254ac1a-4350-4aac-877e-36f837def98a,FirstNumber=783,secondNumber=1944}  added by thread pool-3-thread-6
 message  {Id=7254ac1a-4350-4aac-877e-36f837def98a,FirstNumber=783,secondNumber=1944}  written to file by thread pool-3-thread-5
 message  {Id=753d4960-99a6-4f32-bc5d-e31d3f053cf0,FirstNumber=70,secondNumber=1686}  added by thread pool-3-thread-6
 message  {Id=753d4960-99a6-4f32-bc5d-e31d3f053cf0,FirstNumber=70,secondNumber=1686}  written to file by thread pool-3-thread-5
 message  {Id=429b1db7-6529-405e-9e62-79abbe20c263,FirstNumber=640,secondNumber=1980}  added by thread pool-3-thread-6
 message  {Id=429b1db7-6529-405e-9e62-79abbe20c263,FirstNumber=640,secondNumber=1980}  written to file by thread pool-3-thread-3
 message  {Id=f3456ce7-a1e1-482a-8caf-1d469bb8e6fe,FirstNumber=20,secondNumber=1655}  added by thread pool-3-thread-6
 message  {Id=f3456ce7-a1e1-482a-8caf-1d469bb8e6fe,FirstNumber=20,secondNumber=1655}  written to file by thread pool-3-thread-1
 message  {Id=101ef80a-2273-49a2-a089-b2a8157d35f4,FirstNumber=687,secondNumber=1721}  added by thread pool-3-thread-6
 message  {Id=101ef80a-2273-49a2-a089-b2a8157d35f4,FirstNumber=687,secondNumber=1721}  written to file by thread pool-3-thread-1
 message  {Id=12f59d32-ba01-4550-a836-c0a8be923dea,FirstNumber=165,secondNumber=863}  added by thread pool-3-thread-6
 message  {Id=12f59d32-ba01-4550-a836-c0a8be923dea,FirstNumber=165,secondNumber=863}  written to file by thread pool-3-thread-2
 message  {Id=9b21d52a-0d7f-4b2c-ae7d-23d9c650df81,FirstNumber=60,secondNumber=586}  added by thread pool-3-thread-6
 message  {Id=9b21d52a-0d7f-4b2c-ae7d-23d9c650df81,FirstNumber=60,secondNumber=586}  written to file by thread pool-3-thread-2
 message  {Id=10d897c3-d759-4244-a0d6-f001ac3fed55,FirstNumber=260,secondNumber=818}  added by thread pool-3-thread-6
 message  {Id=10d897c3-d759-4244-a0d6-f001ac3fed55,FirstNumber=260,secondNumber=818}  written to file by thread pool-3-thread-2
 message  {Id=9c2c68f5-c2d8-4372-b7b4-ae8f112bc6af,FirstNumber=570,secondNumber=1522}  added by thread pool-3-thread-6
 message  {Id=9c2c68f5-c2d8-4372-b7b4-ae8f112bc6af,FirstNumber=570,secondNumber=1522}  written to file by thread pool-3-thread-4
 message  {Id=2a9d63e2-62f2-4726-81e2-b32c853817bf,FirstNumber=990,secondNumber=1036}  added by thread pool-3-thread-6
 message  {Id=2a9d63e2-62f2-4726-81e2-b32c853817bf,FirstNumber=990,secondNumber=1036}  written to file by thread pool-3-thread-1
 message  {Id=23e64270-bd33-4998-8178-c18f9907a2c4,FirstNumber=475,secondNumber=302}  added by thread pool-3-thread-6
 message  {Id=23e64270-bd33-4998-8178-c18f9907a2c4,FirstNumber=475,secondNumber=302}  written to file by thread pool-3-thread-1
 message  {Id=d9ee97a5-c2d7-431e-a32c-f092b00618bb,FirstNumber=55,secondNumber=430}  added by thread pool-3-thread-6
 message  {Id=d9ee97a5-c2d7-431e-a32c-f092b00618bb,FirstNumber=55,secondNumber=430}  written to file by thread pool-3-thread-1
 message  {Id=7500f7df-42bd-410c-9d45-451345ddafb5,FirstNumber=875,secondNumber=419}  added by thread pool-3-thread-6
 message  {Id=7500f7df-42bd-410c-9d45-451345ddafb5,FirstNumber=875,secondNumber=419}  written to file by thread pool-3-thread-2
 message  {Id=0874b600-ffa7-4aed-ac0a-207313e3cbd9,FirstNumber=437,secondNumber=1597}  added by thread pool-3-thread-6
 message  {Id=0874b600-ffa7-4aed-ac0a-207313e3cbd9,FirstNumber=437,secondNumber=1597}  written to file by thread pool-3-thread-2
 message  {Id=922a91c4-6dc7-4610-a240-a224d4f1b23f,FirstNumber=887,secondNumber=1068}  added by thread pool-3-thread-6
 message  {Id=922a91c4-6dc7-4610-a240-a224d4f1b23f,FirstNumber=887,secondNumber=1068}  written to file by thread pool-3-thread-2
 message  {Id=fd5ff2a3-9a60-4205-98c6-a1e0f368c06d,FirstNumber=319,secondNumber=1686}  added by thread pool-3-thread-6
 message  {Id=1c9f9b06-4048-4090-bcf0-682252b5692e,FirstNumber=358,secondNumber=1973}  added by thread pool-3-thread-6
 message  {Id=fd5ff2a3-9a60-4205-98c6-a1e0f368c06d,FirstNumber=319,secondNumber=1686}  written to file by thread pool-3-thread-3
 message  {Id=1c9f9b06-4048-4090-bcf0-682252b5692e,FirstNumber=358,secondNumber=1973}  written to file by thread pool-3-thread-1
 message  {Id=9a30820b-6d17-4ca5-9211-f69ee758fecb,FirstNumber=430,secondNumber=806}  added by thread pool-3-thread-6
 message  {Id=9a30820b-6d17-4ca5-9211-f69ee758fecb,FirstNumber=430,secondNumber=806}  written to file by thread pool-3-thread-1
 message  {Id=3f6e0265-cba3-4315-92a0-ae2bc1ecc0ad,FirstNumber=12,secondNumber=3}  added by thread pool-3-thread-6
 message  {Id=3f6e0265-cba3-4315-92a0-ae2bc1ecc0ad,FirstNumber=12,secondNumber=3}  written to file by thread pool-3-thread-5
 message  {Id=761bec74-abea-435f-a509-6fbeafccd556,FirstNumber=368,secondNumber=605}  added by thread pool-3-thread-6
 message  {Id=761bec74-abea-435f-a509-6fbeafccd556,FirstNumber=368,secondNumber=605}  written to file by thread pool-3-thread-5
 message  {Id=859df3b5-963a-4e5c-80cf-cc6f49929133,FirstNumber=454,secondNumber=1543}  added by thread pool-3-thread-6
 message  {Id=859df3b5-963a-4e5c-80cf-cc6f49929133,FirstNumber=454,secondNumber=1543}  written to file by thread pool-3-thread-3
 message  {Id=a0b68131-285b-43d4-9b17-bc445a367217,FirstNumber=842,secondNumber=1705}  added by thread pool-3-thread-6
 message  {Id=a0b68131-285b-43d4-9b17-bc445a367217,FirstNumber=842,secondNumber=1705}  written to file by thread pool-3-thread-4
 message  {Id=8fe17463-22d6-464a-85ea-fb3cb4d621ff,FirstNumber=212,secondNumber=1015}  added by thread pool-3-thread-6
 message  {Id=8fe17463-22d6-464a-85ea-fb3cb4d621ff,FirstNumber=212,secondNumber=1015}  written to file by thread pool-3-thread-4
 message  {Id=190fa866-e24e-4fbe-9f4c-6872bdcb1312,FirstNumber=134,secondNumber=338}  added by thread pool-3-thread-6
 message  {Id=190fa866-e24e-4fbe-9f4c-6872bdcb1312,FirstNumber=134,secondNumber=338}  written to file by thread pool-3-thread-2
 message  {Id=1b363ce9-09e5-47dd-8802-90d06ab34d92,FirstNumber=640,secondNumber=1198}  added by thread pool-3-thread-6
 message  {Id=1b363ce9-09e5-47dd-8802-90d06ab34d92,FirstNumber=640,secondNumber=1198}  written to file by thread pool-3-thread-5
 message  {Id=3a93f33a-d189-499f-94ca-8961b04fd0cd,FirstNumber=377,secondNumber=1689}  added by thread pool-3-thread-6
 message  {Id=3a93f33a-d189-499f-94ca-8961b04fd0cd,FirstNumber=377,secondNumber=1689}  written to file by thread pool-3-thread-3
 message  {Id=84da3164-c6b8-4436-a000-dc85e398de20,FirstNumber=292,secondNumber=607}  added by thread pool-3-thread-6
 message  {Id=84da3164-c6b8-4436-a000-dc85e398de20,FirstNumber=292,secondNumber=607}  written to file by thread pool-3-thread-1
 message  {Id=aa9f4da0-0f61-4d06-9be8-f59ed51d30ae,FirstNumber=708,secondNumber=1677}  added by thread pool-3-thread-6
 message  {Id=aa9f4da0-0f61-4d06-9be8-f59ed51d30ae,FirstNumber=708,secondNumber=1677}  written to file by thread pool-3-thread-4
 message  {Id=589b66f0-2c07-4551-8161-388a2382a9e2,FirstNumber=748,secondNumber=848}  added by thread pool-3-thread-6
 message  {Id=589b66f0-2c07-4551-8161-388a2382a9e2,FirstNumber=748,secondNumber=848}  written to file by thread pool-3-thread-4
 message  {Id=23ae1b32-28fc-47df-9cc5-8eb650f8f136,FirstNumber=250,secondNumber=89}  added by thread pool-3-thread-6
 message  {Id=23ae1b32-28fc-47df-9cc5-8eb650f8f136,FirstNumber=250,secondNumber=89}  written to file by thread pool-3-thread-4
 message  {Id=a3ea8427-1197-4fbf-a0a7-679e6ade0ea2,FirstNumber=792,secondNumber=704}  added by thread pool-3-thread-6
 message  {Id=a3ea8427-1197-4fbf-a0a7-679e6ade0ea2,FirstNumber=792,secondNumber=704}  written to file by thread pool-3-thread-3
 message  {Id=02086e6b-65dd-4369-8845-489e3ef04c82,FirstNumber=30,secondNumber=1468}  added by thread pool-3-thread-6
 message  {Id=02086e6b-65dd-4369-8845-489e3ef04c82,FirstNumber=30,secondNumber=1468}  written to file by thread pool-3-thread-1
 message  {Id=4cb6b578-019f-4757-a3d0-1560a43df854,FirstNumber=111,secondNumber=1313}  added by thread pool-3-thread-6
 message  {Id=4cb6b578-019f-4757-a3d0-1560a43df854,FirstNumber=111,secondNumber=1313}  written to file by thread pool-3-thread-2
 message  {Id=05065cc9-546c-4dca-9fc3-beae99534ca3,FirstNumber=334,secondNumber=661}  added by thread pool-3-thread-6
 message  {Id=05065cc9-546c-4dca-9fc3-beae99534ca3,FirstNumber=334,secondNumber=661}  written to file by thread pool-3-thread-2
 message  {Id=72a98177-4bef-4591-bf0f-a3fb343bbbd9,FirstNumber=341,secondNumber=911}  added by thread pool-3-thread-6
 message  {Id=72a98177-4bef-4591-bf0f-a3fb343bbbd9,FirstNumber=341,secondNumber=911}  written to file by thread pool-3-thread-2
 message  {Id=d13d1b88-0d42-4405-af6c-b74fa8256557,FirstNumber=635,secondNumber=1792}  added by thread pool-3-thread-6
 message  {Id=d13d1b88-0d42-4405-af6c-b74fa8256557,FirstNumber=635,secondNumber=1792}  written to file by thread pool-3-thread-3
 message  {Id=9c599ce9-c24c-4c47-a4d5-70be25c0d0b5,FirstNumber=187,secondNumber=1955}  added by thread pool-3-thread-6
 message  {Id=9c599ce9-c24c-4c47-a4d5-70be25c0d0b5,FirstNumber=187,secondNumber=1955}  written to file by thread pool-3-thread-1
 message  {Id=a27e3b86-1b50-4158-969a-3ea20fde03d0,FirstNumber=835,secondNumber=378}  added by thread pool-3-thread-6
 message  {Id=a27e3b86-1b50-4158-969a-3ea20fde03d0,FirstNumber=835,secondNumber=378}  written to file by thread pool-3-thread-5
 message  {Id=efe74734-5a92-43ed-b94d-63fa448c435a,FirstNumber=755,secondNumber=1164}  added by thread pool-3-thread-6
 message  {Id=efe74734-5a92-43ed-b94d-63fa448c435a,FirstNumber=755,secondNumber=1164}  written to file by thread pool-3-thread-5
 message  {Id=ef35385b-d9a3-4b54-a0fd-5c1cc68e5e11,FirstNumber=80,secondNumber=745}  added by thread pool-3-thread-6
 message  {Id=ef35385b-d9a3-4b54-a0fd-5c1cc68e5e11,FirstNumber=80,secondNumber=745}  written to file by thread pool-3-thread-2
 message  {Id=101e0df1-4d91-42b0-892c-e658e8978bb2,FirstNumber=220,secondNumber=1152}  added by thread pool-3-thread-6
 message  {Id=101e0df1-4d91-42b0-892c-e658e8978bb2,FirstNumber=220,secondNumber=1152}  written to file by thread pool-3-thread-2
 message  {Id=4b858850-6111-4252-a61d-928895d110c0,FirstNumber=503,secondNumber=1952}  added by thread pool-3-thread-6
 message  {Id=4b858850-6111-4252-a61d-928895d110c0,FirstNumber=503,secondNumber=1952}  written to file by thread pool-3-thread-1
 message  {Id=a09d2fda-331c-4319-9db3-a198afce6795,FirstNumber=948,secondNumber=990}  added by thread pool-3-thread-6
 message  {Id=a09d2fda-331c-4319-9db3-a198afce6795,FirstNumber=948,secondNumber=990}  written to file by thread pool-3-thread-1
 message  {Id=770da7f0-d514-416f-b6b3-164616faee13,FirstNumber=2,secondNumber=292}  added by thread pool-3-thread-6
 message  {Id=770da7f0-d514-416f-b6b3-164616faee13,FirstNumber=2,secondNumber=292}  written to file by thread pool-3-thread-5
 message  {Id=9c740510-4008-44f0-be55-a61e13b58944,FirstNumber=614,secondNumber=65}  added by thread pool-3-thread-6
 message  {Id=d0256a19-d856-45d8-a489-328ff5b931c7,FirstNumber=564,secondNumber=736}  added by thread pool-3-thread-6
 message  {Id=9c740510-4008-44f0-be55-a61e13b58944,FirstNumber=614,secondNumber=65}  written to file by thread pool-3-thread-3
 message  {Id=d0256a19-d856-45d8-a489-328ff5b931c7,FirstNumber=564,secondNumber=736}  written to file by thread pool-3-thread-2
 message  {Id=e7389306-d431-47e9-a849-a96e43d12617,FirstNumber=616,secondNumber=1872}  added by thread pool-3-thread-6
 message  {Id=e7389306-d431-47e9-a849-a96e43d12617,FirstNumber=616,secondNumber=1872}  written to file by thread pool-3-thread-2
 message  {Id=2fd29bb0-7670-4dc5-a512-c574862cc5e8,FirstNumber=593,secondNumber=655}  added by thread pool-3-thread-6
 message  {Id=2fd29bb0-7670-4dc5-a512-c574862cc5e8,FirstNumber=593,secondNumber=655}  written to file by thread pool-3-thread-1
 message  {Id=78efad36-f07e-4bd5-a833-d94dea04feb4,FirstNumber=265,secondNumber=304}  added by thread pool-3-thread-6
 message  {Id=78efad36-f07e-4bd5-a833-d94dea04feb4,FirstNumber=265,secondNumber=304}  written to file by thread pool-3-thread-1
 message  {Id=19439e77-a472-413a-93d5-7caf854afbf0,FirstNumber=639,secondNumber=445}  added by thread pool-3-thread-6
 message  {Id=19439e77-a472-413a-93d5-7caf854afbf0,FirstNumber=639,secondNumber=445}  written to file by thread pool-3-thread-3
 message  {Id=e0a28c20-d6c3-4558-b2f0-5f1a973c2366,FirstNumber=705,secondNumber=320}  added by thread pool-3-thread-6
 message  {Id=e0a28c20-d6c3-4558-b2f0-5f1a973c2366,FirstNumber=705,secondNumber=320}  written to file by thread pool-3-thread-4
 message  {Id=a57ba4d5-00f2-40ea-8ccb-d9989b4cb077,FirstNumber=130,secondNumber=126}  added by thread pool-3-thread-6
 message  {Id=a57ba4d5-00f2-40ea-8ccb-d9989b4cb077,FirstNumber=130,secondNumber=126}  written to file by thread pool-3-thread-2
 message  {Id=e4a3102c-352a-4d3d-a1ba-14509774a001,FirstNumber=783,secondNumber=1225}  added by thread pool-3-thread-6
 message  {Id=e4a3102c-352a-4d3d-a1ba-14509774a001,FirstNumber=783,secondNumber=1225}  written to file by thread pool-3-thread-2
 message  {Id=5c616354-b8b3-4ea6-b731-df7968a56f87,FirstNumber=388,secondNumber=1828}  added by thread pool-3-thread-6
 message  {Id=5c616354-b8b3-4ea6-b731-df7968a56f87,FirstNumber=388,secondNumber=1828}  written to file by thread pool-3-thread-2
 message  {Id=0276f0af-da42-43c1-80a2-c845256af812,FirstNumber=210,secondNumber=1074}  added by thread pool-3-thread-6
 message  {Id=0276f0af-da42-43c1-80a2-c845256af812,FirstNumber=210,secondNumber=1074}  written to file by thread pool-3-thread-3
 message  {Id=85c6ba4a-e77a-4762-920e-d13a0b204b35,FirstNumber=763,secondNumber=333}  added by thread pool-3-thread-6
 message  {Id=85c6ba4a-e77a-4762-920e-d13a0b204b35,FirstNumber=763,secondNumber=333}  written to file by thread pool-3-thread-4
 message  {Id=0a9ea164-f51b-49c2-85a2-a44982529ce0,FirstNumber=474,secondNumber=703}  added by thread pool-3-thread-6
 message  {Id=0a9ea164-f51b-49c2-85a2-a44982529ce0,FirstNumber=474,secondNumber=703}  written to file by thread pool-3-thread-5
 message  {Id=51c95d4e-c990-462e-be14-acacaf0b0dea,FirstNumber=64,secondNumber=1597}  added by thread pool-3-thread-6
 message  {Id=51c95d4e-c990-462e-be14-acacaf0b0dea,FirstNumber=64,secondNumber=1597}  written to file by thread pool-3-thread-5
 message  {Id=74500e9b-f37e-418d-9b85-02b9b8287100,FirstNumber=486,secondNumber=101}  added by thread pool-3-thread-6
 message  {Id=74500e9b-f37e-418d-9b85-02b9b8287100,FirstNumber=486,secondNumber=101}  written to file by thread pool-3-thread-5
 message  {Id=0484557f-22ee-48fd-a007-73911e149edc,FirstNumber=755,secondNumber=566}  added by thread pool-3-thread-6
 message  {Id=0484557f-22ee-48fd-a007-73911e149edc,FirstNumber=755,secondNumber=566}  written to file by thread pool-3-thread-5
 message  {Id=6a34b6c6-634e-47a9-b098-a00ff9a37509,FirstNumber=403,secondNumber=1668}  added by thread pool-3-thread-6
 message  {Id=6a34b6c6-634e-47a9-b098-a00ff9a37509,FirstNumber=403,secondNumber=1668}  written to file by thread pool-3-thread-5
 message  {Id=9e633e72-1695-47b7-ad4e-ec7a76fb5720,FirstNumber=118,secondNumber=1211}  added by thread pool-3-thread-6
 message  {Id=9e633e72-1695-47b7-ad4e-ec7a76fb5720,FirstNumber=118,secondNumber=1211}  written to file by thread pool-3-thread-1
 message  {Id=fba94b7d-6b0d-4a75-88cb-6f0e5ab8c2ce,FirstNumber=13,secondNumber=1678}  added by thread pool-3-thread-6
 message  {Id=fba94b7d-6b0d-4a75-88cb-6f0e5ab8c2ce,FirstNumber=13,secondNumber=1678}  written to file by thread pool-3-thread-1
 message  {Id=7176698a-28ce-4592-bd5e-d4c89ab80df9,FirstNumber=526,secondNumber=90}  added by thread pool-3-thread-6
 message  {Id=7176698a-28ce-4592-bd5e-d4c89ab80df9,FirstNumber=526,secondNumber=90}  written to file by thread pool-3-thread-1
 message  {Id=6e075ed7-5adf-4826-a1fa-813134268ab8,FirstNumber=210,secondNumber=712}  added by thread pool-3-thread-6
 message  {Id=6e075ed7-5adf-4826-a1fa-813134268ab8,FirstNumber=210,secondNumber=712}  written to file by thread pool-3-thread-1
 message  {Id=c5f90cec-2d6b-487d-b575-01900bd00e98,FirstNumber=60,secondNumber=1217}  added by thread pool-3-thread-6
 message  {Id=c5f90cec-2d6b-487d-b575-01900bd00e98,FirstNumber=60,secondNumber=1217}  written to file by thread pool-3-thread-5
 message  {Id=b58a0c1e-9d95-4f6f-b795-c4516b1a574d,FirstNumber=617,secondNumber=585}  added by thread pool-3-thread-6
 message  {Id=b58a0c1e-9d95-4f6f-b795-c4516b1a574d,FirstNumber=617,secondNumber=585}  written to file by thread pool-3-thread-2
 message  {Id=1329f559-a2f2-4918-9b42-2c53983b2980,FirstNumber=814,secondNumber=1973}  added by thread pool-3-thread-6
 message  {Id=1329f559-a2f2-4918-9b42-2c53983b2980,FirstNumber=814,secondNumber=1973}  written to file by thread pool-3-thread-3
 message  {Id=7b033162-ddb6-4d55-a0df-a01dc33582d1,FirstNumber=305,secondNumber=940}  added by thread pool-3-thread-6
 message  {Id=7b033162-ddb6-4d55-a0df-a01dc33582d1,FirstNumber=305,secondNumber=940}  written to file by thread pool-3-thread-4
 message  {Id=60a407eb-e895-41ec-93d8-1169a6a2f787,FirstNumber=952,secondNumber=229}  added by thread pool-3-thread-6
 message  {Id=60a407eb-e895-41ec-93d8-1169a6a2f787,FirstNumber=952,secondNumber=229}  written to file by thread pool-3-thread-1
 message  {Id=d7e14d48-0cc5-484a-9ca9-4a6909777053,FirstNumber=625,secondNumber=475}  added by thread pool-3-thread-6
 message  {Id=d7e14d48-0cc5-484a-9ca9-4a6909777053,FirstNumber=625,secondNumber=475}  written to file by thread pool-3-thread-1
 message  {Id=e0a6c309-a878-4e9b-b418-b827bc55a3f6,FirstNumber=109,secondNumber=618}  added by thread pool-3-thread-6
 message  {Id=e0a6c309-a878-4e9b-b418-b827bc55a3f6,FirstNumber=109,secondNumber=618}  written to file by thread pool-3-thread-1
 message  {Id=df28c94c-0132-49c3-8abd-a1497cb92939,FirstNumber=239,secondNumber=1025}  added by thread pool-3-thread-6
 message  {Id=df28c94c-0132-49c3-8abd-a1497cb92939,FirstNumber=239,secondNumber=1025}  written to file by thread pool-3-thread-1
 message  {Id=8a9d813f-9ee5-46e5-8871-00dc54b4b770,FirstNumber=71,secondNumber=742}  added by thread pool-3-thread-6
 message  {Id=8a9d813f-9ee5-46e5-8871-00dc54b4b770,FirstNumber=71,secondNumber=742}  written to file by thread pool-3-thread-1
 message  {Id=8e5d7a26-f936-4dc2-9417-b93a3bd535e6,FirstNumber=141,secondNumber=758}  added by thread pool-3-thread-6
 message  {Id=8e5d7a26-f936-4dc2-9417-b93a3bd535e6,FirstNumber=141,secondNumber=758}  written to file by thread pool-3-thread-5
 message  {Id=99e7b5a7-fe74-42e8-9a36-976a42513dff,FirstNumber=997,secondNumber=1680}  added by thread pool-3-thread-6
 message  {Id=99e7b5a7-fe74-42e8-9a36-976a42513dff,FirstNumber=997,secondNumber=1680}  written to file by thread pool-3-thread-5
 message  {Id=ea01b7b2-6cac-4d81-aa35-ed59abe7b331,FirstNumber=7,secondNumber=1662}  added by thread pool-3-thread-6
 message  {Id=ea01b7b2-6cac-4d81-aa35-ed59abe7b331,FirstNumber=7,secondNumber=1662}  written to file by thread pool-3-thread-3
 message  {Id=5f754711-4b8d-4a5e-bfb3-090631b5aa5c,FirstNumber=859,secondNumber=1808}  added by thread pool-3-thread-6
 message  {Id=5f754711-4b8d-4a5e-bfb3-090631b5aa5c,FirstNumber=859,secondNumber=1808}  written to file by thread pool-3-thread-4
 message  {Id=bf2b526c-9526-4547-be9e-2db606656dbb,FirstNumber=261,secondNumber=473}  added by thread pool-3-thread-6
 message  {Id=bf2b526c-9526-4547-be9e-2db606656dbb,FirstNumber=261,secondNumber=473}  written to file by thread pool-3-thread-4
 message  {Id=da79a8f6-624a-4d02-a7ba-69ae1590229e,FirstNumber=479,secondNumber=1672}  added by thread pool-3-thread-6
 message  {Id=da79a8f6-624a-4d02-a7ba-69ae1590229e,FirstNumber=479,secondNumber=1672}  written to file by thread pool-3-thread-2
 message  {Id=63e82ccd-ec2e-40a9-a534-be1fdf7963e8,FirstNumber=249,secondNumber=1093}  added by thread pool-3-thread-6
 message  {Id=63e82ccd-ec2e-40a9-a534-be1fdf7963e8,FirstNumber=249,secondNumber=1093}  written to file by thread pool-3-thread-5
 message  {Id=64f2b209-aba4-4af2-ba85-73cb5baadc46,FirstNumber=752,secondNumber=649}  added by thread pool-3-thread-6
 message  {Id=a6dd61ef-a363-4b0b-b948-1001cf840b08,FirstNumber=180,secondNumber=1033}  added by thread pool-3-thread-6
 message  {Id=64f2b209-aba4-4af2-ba85-73cb5baadc46,FirstNumber=752,secondNumber=649}  written to file by thread pool-3-thread-3
 message  {Id=a6dd61ef-a363-4b0b-b948-1001cf840b08,FirstNumber=180,secondNumber=1033}  written to file by thread pool-3-thread-1
 message  {Id=ab49d448-8cf7-4de4-83bb-15d8ee080f44,FirstNumber=830,secondNumber=1401}  added by thread pool-3-thread-6
 message  {Id=ab49d448-8cf7-4de4-83bb-15d8ee080f44,FirstNumber=830,secondNumber=1401}  written to file by thread pool-3-thread-1
 message  {Id=5b1d8f5a-3a8c-4dfe-8007-7332dae0c33c,FirstNumber=581,secondNumber=845}  added by thread pool-3-thread-6
 message  {Id=5b1d8f5a-3a8c-4dfe-8007-7332dae0c33c,FirstNumber=581,secondNumber=845}  written to file by thread pool-3-thread-1
 message  {Id=76851570-d6dc-41da-ad20-3df577f3dd28,FirstNumber=209,secondNumber=555}  added by thread pool-3-thread-6
 message  {Id=76851570-d6dc-41da-ad20-3df577f3dd28,FirstNumber=209,secondNumber=555}  written to file by thread pool-3-thread-5
 message  {Id=2ea51df6-8d9c-446d-8a06-011f43936d4e,FirstNumber=48,secondNumber=655}  added by thread pool-3-thread-6
 message  {Id=2ea51df6-8d9c-446d-8a06-011f43936d4e,FirstNumber=48,secondNumber=655}  written to file by thread pool-3-thread-3
 message  {Id=012b394c-7789-4e69-b666-2a9bb7087dc4,FirstNumber=454,secondNumber=1005}  added by thread pool-3-thread-6
 message  {Id=012b394c-7789-4e69-b666-2a9bb7087dc4,FirstNumber=454,secondNumber=1005}  written to file by thread pool-3-thread-4
 message  {Id=fead423c-8436-4c08-b51c-75fbc7723782,FirstNumber=762,secondNumber=339}  added by thread pool-3-thread-6
 message  {Id=fead423c-8436-4c08-b51c-75fbc7723782,FirstNumber=762,secondNumber=339}  written to file by thread pool-3-thread-4
 message  {Id=ea34358b-2ce3-4c0e-aa44-bfcc2b5f2d12,FirstNumber=649,secondNumber=1427}  added by thread pool-3-thread-6
 message  {Id=ea34358b-2ce3-4c0e-aa44-bfcc2b5f2d12,FirstNumber=649,secondNumber=1427}  written to file by thread pool-3-thread-4
 message  {Id=341d2d1f-cd4c-4720-97da-c472897b19ec,FirstNumber=726,secondNumber=513}  added by thread pool-3-thread-6
 message  {Id=341d2d1f-cd4c-4720-97da-c472897b19ec,FirstNumber=726,secondNumber=513}  written to file by thread pool-3-thread-5
 message  {Id=a1302398-c16a-43ea-8600-0cd45dcbf706,FirstNumber=280,secondNumber=1347}  added by thread pool-3-thread-6
 message  {Id=a1302398-c16a-43ea-8600-0cd45dcbf706,FirstNumber=280,secondNumber=1347}  written to file by thread pool-3-thread-5
 message  {Id=735e9aba-8dab-4742-9061-72cd7fd79641,FirstNumber=190,secondNumber=1355}  added by thread pool-3-thread-6
 message  {Id=735e9aba-8dab-4742-9061-72cd7fd79641,FirstNumber=190,secondNumber=1355}  written to file by thread pool-3-thread-5
 message  {Id=b355b8b3-bcb4-475f-b61c-34e7019218fc,FirstNumber=173,secondNumber=944}  added by thread pool-3-thread-6
 message  {Id=b355b8b3-bcb4-475f-b61c-34e7019218fc,FirstNumber=173,secondNumber=944}  written to file by thread pool-3-thread-1
 message  {Id=cf3e4784-9278-434b-8530-3c3a4b173515,FirstNumber=711,secondNumber=1882}  added by thread pool-3-thread-6
 message  {Id=cf3e4784-9278-434b-8530-3c3a4b173515,FirstNumber=711,secondNumber=1882}  written to file by thread pool-3-thread-4
 message  {Id=d9a9e0f7-0611-41b0-b68b-d3b60cceb589,FirstNumber=437,secondNumber=348}  added by thread pool-3-thread-6
 message  {Id=d9a9e0f7-0611-41b0-b68b-d3b60cceb589,FirstNumber=437,secondNumber=348}  written to file by thread pool-3-thread-3
 message  {Id=e8b9cfcf-16b7-4e47-9b18-91cd2a5378bc,FirstNumber=212,secondNumber=694}  added by thread pool-3-thread-6
 message  {Id=e8b9cfcf-16b7-4e47-9b18-91cd2a5378bc,FirstNumber=212,secondNumber=694}  written to file by thread pool-3-thread-2
 message  {Id=4ba2f900-c1b0-478e-bd85-b895c49db09f,FirstNumber=723,secondNumber=1390}  added by thread pool-3-thread-6
 message  {Id=4ba2f900-c1b0-478e-bd85-b895c49db09f,FirstNumber=723,secondNumber=1390}  written to file by thread pool-3-thread-5
 message  {Id=585ab65c-8d2e-4f48-864a-b60f0b8dcf4d,FirstNumber=213,secondNumber=1365}  added by thread pool-3-thread-6
 message  {Id=585ab65c-8d2e-4f48-864a-b60f0b8dcf4d,FirstNumber=213,secondNumber=1365}  written to file by thread pool-3-thread-1
 message  {Id=3dc8521c-e361-436f-b467-978b64bdecc0,FirstNumber=977,secondNumber=198}  added by thread pool-3-thread-6
 message  {Id=3dc8521c-e361-436f-b467-978b64bdecc0,FirstNumber=977,secondNumber=198}  written to file by thread pool-3-thread-4
 message  {Id=f12799fd-3796-44cf-b4d3-71b5d3a63cad,FirstNumber=923,secondNumber=1759}  added by thread pool-3-thread-6
 message  {Id=f12799fd-3796-44cf-b4d3-71b5d3a63cad,FirstNumber=923,secondNumber=1759}  written to file by thread pool-3-thread-4
 message  {Id=a2af95da-b507-4767-8fe6-7985b9c68e3f,FirstNumber=634,secondNumber=485}  added by thread pool-3-thread-6
 message  {Id=a2af95da-b507-4767-8fe6-7985b9c68e3f,FirstNumber=634,secondNumber=485}  written to file by thread pool-3-thread-2
 message  {Id=82be41ac-d1b6-4f55-93f3-d2b65b1807bd,FirstNumber=740,secondNumber=816}  added by thread pool-3-thread-6
 message  {Id=82be41ac-d1b6-4f55-93f3-d2b65b1807bd,FirstNumber=740,secondNumber=816}  written to file by thread pool-3-thread-2
 message  {Id=46420292-4e13-4bfb-8d57-205b2ce46f91,FirstNumber=56,secondNumber=496}  added by thread pool-3-thread-6
 message  {Id=46420292-4e13-4bfb-8d57-205b2ce46f91,FirstNumber=56,secondNumber=496}  written to file by thread pool-3-thread-1
 message  {Id=ed1c70d9-8d44-485c-8836-3190302293e3,FirstNumber=800,secondNumber=1686}  added by thread pool-3-thread-6
 message  {Id=cd75d7e2-41f5-4808-9eca-fd1692fd210c,FirstNumber=839,secondNumber=783}  added by thread pool-3-thread-6
 message  {Id=ed1c70d9-8d44-485c-8836-3190302293e3,FirstNumber=800,secondNumber=1686}  written to file by thread pool-3-thread-3
 message  {Id=cd75d7e2-41f5-4808-9eca-fd1692fd210c,FirstNumber=839,secondNumber=783}  written to file by thread pool-3-thread-4
 message  {Id=679d4e52-751f-4284-96c4-5d5ffef3d962,FirstNumber=729,secondNumber=751}  added by thread pool-3-thread-6
 message  {Id=679d4e52-751f-4284-96c4-5d5ffef3d962,FirstNumber=729,secondNumber=751}  written to file by thread pool-3-thread-5
 message  {Id=d5c0f608-cbfc-4cf1-bd9a-53b381c2bbda,FirstNumber=569,secondNumber=1844}  added by thread pool-3-thread-6
 message  {Id=d5c0f608-cbfc-4cf1-bd9a-53b381c2bbda,FirstNumber=569,secondNumber=1844}  written to file by thread pool-3-thread-2
 message  {Id=dca938e1-8a8c-4e70-8ac8-90de53fdd0c6,FirstNumber=384,secondNumber=506}  added by thread pool-3-thread-6
 message  {Id=dca938e1-8a8c-4e70-8ac8-90de53fdd0c6,FirstNumber=384,secondNumber=506}  written to file by thread pool-3-thread-2
 message  {Id=53c387d6-a118-4fc1-a3d4-df8b8c41076c,FirstNumber=732,secondNumber=1114}  added by thread pool-3-thread-6
 message  {Id=53c387d6-a118-4fc1-a3d4-df8b8c41076c,FirstNumber=732,secondNumber=1114}  written to file by thread pool-3-thread-3
 message  {Id=82e3fd67-3c63-4e20-a08f-7255e614fd2a,FirstNumber=597,secondNumber=403}  added by thread pool-3-thread-6
 message  {Id=82e3fd67-3c63-4e20-a08f-7255e614fd2a,FirstNumber=597,secondNumber=403}  written to file by thread pool-3-thread-4
 message  {Id=623f0077-dfc9-41f9-b89d-35b91d2cba48,FirstNumber=491,secondNumber=325}  added by thread pool-3-thread-6
 message  {Id=623f0077-dfc9-41f9-b89d-35b91d2cba48,FirstNumber=491,secondNumber=325}  written to file by thread pool-3-thread-5
 message  {Id=b851fc09-2c55-4c48-8b36-ddfd8eac6f20,FirstNumber=963,secondNumber=1802}  added by thread pool-3-thread-6
 message  {Id=b851fc09-2c55-4c48-8b36-ddfd8eac6f20,FirstNumber=963,secondNumber=1802}  written to file by thread pool-3-thread-5
 message  {Id=f8e1d4e0-3f28-45bd-8c98-368917c967f0,FirstNumber=942,secondNumber=1868}  added by thread pool-3-thread-6
 message  {Id=f8e1d4e0-3f28-45bd-8c98-368917c967f0,FirstNumber=942,secondNumber=1868}  written to file by thread pool-3-thread-2
 message  {Id=e2d04ec3-30f9-458b-89c9-0713770b7e69,FirstNumber=966,secondNumber=1777}  added by thread pool-3-thread-6
 message  {Id=e2d04ec3-30f9-458b-89c9-0713770b7e69,FirstNumber=966,secondNumber=1777}  written to file by thread pool-3-thread-2
 message  {Id=cf0eb4b0-2aa3-438f-8b87-a9bf85a475dd,FirstNumber=407,secondNumber=529}  added by thread pool-3-thread-6
 message  {Id=cf0eb4b0-2aa3-438f-8b87-a9bf85a475dd,FirstNumber=407,secondNumber=529}  written to file by thread pool-3-thread-2
 message  {Id=2f158f0f-d480-41cc-9163-d4a7e5f3d039,FirstNumber=922,secondNumber=1456}  added by thread pool-3-thread-6
 message  {Id=2f158f0f-d480-41cc-9163-d4a7e5f3d039,FirstNumber=922,secondNumber=1456}  written to file by thread pool-3-thread-1
 message  {Id=aaa4e839-77c0-4af5-9b5b-483a4236c097,FirstNumber=99,secondNumber=29}  added by thread pool-3-thread-6
 message  {Id=aaa4e839-77c0-4af5-9b5b-483a4236c097,FirstNumber=99,secondNumber=29}  written to file by thread pool-3-thread-1
 message  {Id=be92bc3f-0e4f-4859-bbfa-4adf548559f4,FirstNumber=629,secondNumber=1843}  added by thread pool-3-thread-6
 message  {Id=be92bc3f-0e4f-4859-bbfa-4adf548559f4,FirstNumber=629,secondNumber=1843}  written to file by thread pool-3-thread-1
 message  {Id=c48f6fc0-3c0e-45fb-9fcf-6a734683f975,FirstNumber=266,secondNumber=864}  added by thread pool-3-thread-6
 message  {Id=c48f6fc0-3c0e-45fb-9fcf-6a734683f975,FirstNumber=266,secondNumber=864}  written to file by thread pool-3-thread-4
 message  {Id=cd3c1d5a-6623-4894-9cab-9b3055d4a6e5,FirstNumber=108,secondNumber=634}  added by thread pool-3-thread-6
 message  {Id=cd3c1d5a-6623-4894-9cab-9b3055d4a6e5,FirstNumber=108,secondNumber=634}  written to file by thread pool-3-thread-2
 message  {Id=cdfb0b49-8826-4429-90b2-c1353a2b53fd,FirstNumber=439,secondNumber=328}  added by thread pool-3-thread-6
 message  {Id=cdfb0b49-8826-4429-90b2-c1353a2b53fd,FirstNumber=439,secondNumber=328}  written to file by thread pool-3-thread-5
 message  {Id=f8879d01-e0c7-42af-a65e-964597e1fbc2,FirstNumber=107,secondNumber=1276}  added by thread pool-3-thread-6
 message  {Id=19e631d2-476c-425a-9310-3ec850fce92c,FirstNumber=523,secondNumber=1191}  added by thread pool-3-thread-6
 message  {Id=f8879d01-e0c7-42af-a65e-964597e1fbc2,FirstNumber=107,secondNumber=1276}  written to file by thread pool-3-thread-3
 message  {Id=19e631d2-476c-425a-9310-3ec850fce92c,FirstNumber=523,secondNumber=1191}  written to file by thread pool-3-thread-1
 message  {Id=572c8f3b-4bbf-413e-a47e-c74328cb5095,FirstNumber=592,secondNumber=460}  added by thread pool-3-thread-6
 message  {Id=572c8f3b-4bbf-413e-a47e-c74328cb5095,FirstNumber=592,secondNumber=460}  written to file by thread pool-3-thread-3
 message  {Id=4ff8d82e-d5dc-427f-a12d-6d4cb9dc1666,FirstNumber=992,secondNumber=1163}  added by thread pool-3-thread-6
 message  {Id=4ff8d82e-d5dc-427f-a12d-6d4cb9dc1666,FirstNumber=992,secondNumber=1163}  written to file by thread pool-3-thread-2
 message  {Id=5232fb27-b20a-4586-bec0-8395fd859989,FirstNumber=583,secondNumber=1987}  added by thread pool-3-thread-6
 message  {Id=5232fb27-b20a-4586-bec0-8395fd859989,FirstNumber=583,secondNumber=1987}  written to file by thread pool-3-thread-5
 message  {Id=fe94b810-e4c1-407a-870b-a65c90e88c8f,FirstNumber=38,secondNumber=1577}  added by thread pool-3-thread-6
 message  {Id=fe94b810-e4c1-407a-870b-a65c90e88c8f,FirstNumber=38,secondNumber=1577}  written to file by thread pool-3-thread-4
 message  {Id=d4da8e59-6be1-4984-9f8c-234da9114e9a,FirstNumber=599,secondNumber=1688}  added by thread pool-3-thread-6
 message  {Id=d4da8e59-6be1-4984-9f8c-234da9114e9a,FirstNumber=599,secondNumber=1688}  written to file by thread pool-3-thread-4
 message  {Id=5df0b9cc-272f-4081-9097-4f8490b99e01,FirstNumber=287,secondNumber=426}  added by thread pool-3-thread-6
 message  {Id=d9f95a04-6d01-49b9-8bf1-53b797237379,FirstNumber=322,secondNumber=1508}  added by thread pool-3-thread-6
 message  {Id=5df0b9cc-272f-4081-9097-4f8490b99e01,FirstNumber=287,secondNumber=426}  written to file by thread pool-3-thread-3
 message  {Id=d9f95a04-6d01-49b9-8bf1-53b797237379,FirstNumber=322,secondNumber=1508}  written to file by thread pool-3-thread-2
 message  {Id=ed2f19fd-b865-4db2-86ea-371f5e59e971,FirstNumber=461,secondNumber=214}  added by thread pool-3-thread-6
 message  {Id=ed2f19fd-b865-4db2-86ea-371f5e59e971,FirstNumber=461,secondNumber=214}  written to file by thread pool-3-thread-5
 message  {Id=605991df-23d3-42a9-b496-dd92a7106931,FirstNumber=332,secondNumber=238}  added by thread pool-3-thread-6
 message  {Id=605991df-23d3-42a9-b496-dd92a7106931,FirstNumber=332,secondNumber=238}  written to file by thread pool-3-thread-1
 message  {Id=09675658-bad7-42ec-b7cd-95ba84e06990,FirstNumber=516,secondNumber=409}  added by thread pool-3-thread-6
 message  {Id=09675658-bad7-42ec-b7cd-95ba84e06990,FirstNumber=516,secondNumber=409}  written to file by thread pool-3-thread-1
 message  {Id=fceb1a0a-af18-461b-919b-59804156729b,FirstNumber=100,secondNumber=1823}  added by thread pool-3-thread-6
 message  {Id=fceb1a0a-af18-461b-919b-59804156729b,FirstNumber=100,secondNumber=1823}  written to file by thread pool-3-thread-3
 message  {Id=cf13b143-2159-4e38-960f-afacac731561,FirstNumber=823,secondNumber=856}  added by thread pool-3-thread-6
 message  {Id=cf13b143-2159-4e38-960f-afacac731561,FirstNumber=823,secondNumber=856}  written to file by thread pool-3-thread-2
 message  {Id=8396d71b-24d0-4707-93e8-c5a5fbb4710c,FirstNumber=730,secondNumber=55}  added by thread pool-3-thread-6
 message  {Id=8396d71b-24d0-4707-93e8-c5a5fbb4710c,FirstNumber=730,secondNumber=55}  written to file by thread pool-3-thread-2
 message  {Id=094e5d74-0be6-46d3-83f2-4f567934156b,FirstNumber=609,secondNumber=522}  added by thread pool-3-thread-6
 message  {Id=094e5d74-0be6-46d3-83f2-4f567934156b,FirstNumber=609,secondNumber=522}  written to file by thread pool-3-thread-2
 message  {Id=bab176cc-a523-4df1-8ce8-7f97de49c2e4,FirstNumber=175,secondNumber=1301}  added by thread pool-3-thread-6
 message  {Id=bab176cc-a523-4df1-8ce8-7f97de49c2e4,FirstNumber=175,secondNumber=1301}  written to file by thread pool-3-thread-2
 message  {Id=d2a1a38f-626e-496e-b45b-055eaafe3a3f,FirstNumber=545,secondNumber=1909}  added by thread pool-3-thread-6
 message  {Id=d2a1a38f-626e-496e-b45b-055eaafe3a3f,FirstNumber=545,secondNumber=1909}  written to file by thread pool-3-thread-2
 message  {Id=0cb3e65b-5dfb-48ed-91df-cb0ef26c1e19,FirstNumber=439,secondNumber=222}  added by thread pool-3-thread-6
 message  {Id=0cb3e65b-5dfb-48ed-91df-cb0ef26c1e19,FirstNumber=439,secondNumber=222}  written to file by thread pool-3-thread-5
 message  {Id=7a0bd115-e5e2-4c32-a578-bfe4f9f7528d,FirstNumber=470,secondNumber=1035}  added by thread pool-3-thread-6
 message  {Id=7a0bd115-e5e2-4c32-a578-bfe4f9f7528d,FirstNumber=470,secondNumber=1035}  written to file by thread pool-3-thread-5
 message  {Id=0f90c137-bb7e-4d53-a308-03f110eedf61,FirstNumber=433,secondNumber=1906}  added by thread pool-3-thread-6
 message  {Id=0f90c137-bb7e-4d53-a308-03f110eedf61,FirstNumber=433,secondNumber=1906}  written to file by thread pool-3-thread-5
 message  {Id=784c1a71-43ea-4f39-8764-017021df347c,FirstNumber=292,secondNumber=1677}  added by thread pool-3-thread-6
 message  {Id=784c1a71-43ea-4f39-8764-017021df347c,FirstNumber=292,secondNumber=1677}  written to file by thread pool-3-thread-5
 message  {Id=f1675b2d-a68f-4761-bca3-c4e840884173,FirstNumber=105,secondNumber=995}  added by thread pool-3-thread-6
 message  {Id=f1675b2d-a68f-4761-bca3-c4e840884173,FirstNumber=105,secondNumber=995}  written to file by thread pool-3-thread-2
 message  {Id=600ad7b2-924a-4249-9adf-3ffe70c320db,FirstNumber=653,secondNumber=1005}  added by thread pool-3-thread-6
 message  {Id=600ad7b2-924a-4249-9adf-3ffe70c320db,FirstNumber=653,secondNumber=1005}  written to file by thread pool-3-thread-2
 message  {Id=0c3f6afc-cd12-4e5a-84a3-f184f0d0b819,FirstNumber=839,secondNumber=374}  added by thread pool-3-thread-6
 message  {Id=0c3f6afc-cd12-4e5a-84a3-f184f0d0b819,FirstNumber=839,secondNumber=374}  written to file by thread pool-3-thread-2
 message  {Id=f20d61a5-632b-47e7-a15e-3b5fac7075ea,FirstNumber=138,secondNumber=1247}  added by thread pool-3-thread-6
 message  {Id=f20d61a5-632b-47e7-a15e-3b5fac7075ea,FirstNumber=138,secondNumber=1247}  written to file by thread pool-3-thread-2
 message  {Id=e0159637-8093-4a3b-b6ee-a609fd6b3c63,FirstNumber=97,secondNumber=330}  added by thread pool-3-thread-6
 message  {Id=e0159637-8093-4a3b-b6ee-a609fd6b3c63,FirstNumber=97,secondNumber=330}  written to file by thread pool-3-thread-2
 message  {Id=d117b883-6695-4f27-8f28-a26f1a4e2b4e,FirstNumber=374,secondNumber=1435}  added by thread pool-3-thread-6
 message  {Id=d117b883-6695-4f27-8f28-a26f1a4e2b4e,FirstNumber=374,secondNumber=1435}  written to file by thread pool-3-thread-2
 message  {Id=9cf0bf8f-4b42-43ad-9ebe-b481d568e91d,FirstNumber=977,secondNumber=98}  added by thread pool-3-thread-6
 message  {Id=9cf0bf8f-4b42-43ad-9ebe-b481d568e91d,FirstNumber=977,secondNumber=98}  written to file by thread pool-3-thread-2
 message  {Id=fbd3abf3-93b9-435e-805e-3c8882fe21ea,FirstNumber=742,secondNumber=1754}  added by thread pool-3-thread-6
 message  {Id=01244ee3-acae-48e2-83ee-704653de28b3,FirstNumber=511,secondNumber=702}  added by thread pool-3-thread-6
 message  {Id=fbd3abf3-93b9-435e-805e-3c8882fe21ea,FirstNumber=742,secondNumber=1754}  written to file by thread pool-3-thread-3
 message  {Id=01244ee3-acae-48e2-83ee-704653de28b3,FirstNumber=511,secondNumber=702}  written to file by thread pool-3-thread-5
 message  {Id=6f1fcb44-485f-4fc9-a51a-af8c3da24d82,FirstNumber=648,secondNumber=784}  added by thread pool-3-thread-6
 message  {Id=244de2ae-9474-4a1a-acb1-d25caf42399f,FirstNumber=410,secondNumber=362}  added by thread pool-3-thread-6
 message  {Id=6f1fcb44-485f-4fc9-a51a-af8c3da24d82,FirstNumber=648,secondNumber=784}  written to file by thread pool-3-thread-4
 message  {Id=244de2ae-9474-4a1a-acb1-d25caf42399f,FirstNumber=410,secondNumber=362}  written to file by thread pool-3-thread-1
 message  {Id=703daebd-c1e0-4185-a41c-ad22986616fb,FirstNumber=986,secondNumber=1581}  added by thread pool-3-thread-6
 message  {Id=703daebd-c1e0-4185-a41c-ad22986616fb,FirstNumber=986,secondNumber=1581}  written to file by thread pool-3-thread-2
 message  {Id=428ea977-801c-4e29-a608-a8b526b60da9,FirstNumber=440,secondNumber=881}  added by thread pool-3-thread-6
 message  {Id=428ea977-801c-4e29-a608-a8b526b60da9,FirstNumber=440,secondNumber=881}  written to file by thread pool-3-thread-3
 message  {Id=db10bee5-eaba-4235-a3c5-7d230d73d23d,FirstNumber=918,secondNumber=1120}  added by thread pool-3-thread-6
 message  {Id=db10bee5-eaba-4235-a3c5-7d230d73d23d,FirstNumber=918,secondNumber=1120}  written to file by thread pool-3-thread-5
 message  {Id=440ea792-e563-4c28-bfe3-779173f680ef,FirstNumber=196,secondNumber=237}  added by thread pool-3-thread-6
 message  {Id=440ea792-e563-4c28-bfe3-779173f680ef,FirstNumber=196,secondNumber=237}  written to file by thread pool-3-thread-4
 message  {Id=3fd4561e-dd7d-4b0f-8cc2-bb0358b6114e,FirstNumber=741,secondNumber=1340}  added by thread pool-3-thread-6
 message  {Id=3fd4561e-dd7d-4b0f-8cc2-bb0358b6114e,FirstNumber=741,secondNumber=1340}  written to file by thread pool-3-thread-4
 message  {Id=3d137abd-a4b4-43c2-832d-54653e1346d7,FirstNumber=764,secondNumber=1759}  added by thread pool-3-thread-6
 message  {Id=3d137abd-a4b4-43c2-832d-54653e1346d7,FirstNumber=764,secondNumber=1759}  written to file by thread pool-3-thread-2
 message  {Id=d1439b06-a3e6-45db-b825-b0c966c87422,FirstNumber=130,secondNumber=322}  added by thread pool-3-thread-6
 message  {Id=809440b1-dde3-4a60-a821-5a3ddead631a,FirstNumber=194,secondNumber=1829}  added by thread pool-3-thread-6
 message  {Id=d1439b06-a3e6-45db-b825-b0c966c87422,FirstNumber=130,secondNumber=322}  written to file by thread pool-3-thread-3
 message  {Id=2b73b300-53f7-4921-bd2a-aab53990ad44,FirstNumber=487,secondNumber=21}  added by thread pool-3-thread-6
 message  {Id=809440b1-dde3-4a60-a821-5a3ddead631a,FirstNumber=194,secondNumber=1829}  written to file by thread pool-3-thread-5
 message  {Id=e577b33c-3284-4cf7-a677-e491a1ef2a71,FirstNumber=726,secondNumber=85}  added by thread pool-3-thread-6
 message  {Id=2b73b300-53f7-4921-bd2a-aab53990ad44,FirstNumber=487,secondNumber=21}  written to file by thread pool-3-thread-1
 message  {Id=e577b33c-3284-4cf7-a677-e491a1ef2a71,FirstNumber=726,secondNumber=85}  written to file by thread pool-3-thread-5
 message  {Id=ec4f2a0a-fc18-4c24-995d-224bfd27f244,FirstNumber=854,secondNumber=1305}  added by thread pool-3-thread-6
 message  {Id=ec4f2a0a-fc18-4c24-995d-224bfd27f244,FirstNumber=854,secondNumber=1305}  written to file by thread pool-3-thread-2
 message  {Id=abe70328-fbc6-4dab-a4ca-d9de61a0a09c,FirstNumber=238,secondNumber=1252}  added by thread pool-3-thread-6
 message  {Id=abe70328-fbc6-4dab-a4ca-d9de61a0a09c,FirstNumber=238,secondNumber=1252}  written to file by thread pool-3-thread-2
 message  {Id=ae5e90a0-824a-42c3-b16f-0fda095f5c53,FirstNumber=293,secondNumber=1582}  added by thread pool-3-thread-6
 message  {Id=ae5e90a0-824a-42c3-b16f-0fda095f5c53,FirstNumber=293,secondNumber=1582}  written to file by thread pool-3-thread-2
 message  {Id=2c48195a-9f80-454e-914c-54fb9ea040b0,FirstNumber=476,secondNumber=639}  added by thread pool-3-thread-6
 message  {Id=2c48195a-9f80-454e-914c-54fb9ea040b0,FirstNumber=476,secondNumber=639}  written to file by thread pool-3-thread-1
 message  {Id=75318702-f7f5-4b75-a452-53dc93a59491,FirstNumber=320,secondNumber=1666}  added by thread pool-3-thread-6
 message  {Id=75318702-f7f5-4b75-a452-53dc93a59491,FirstNumber=320,secondNumber=1666}  written to file by thread pool-3-thread-5
 message  {Id=187d0299-5314-4cf3-ab34-1bfe44a8e87c,FirstNumber=290,secondNumber=929}  added by thread pool-3-thread-6
 message  {Id=187d0299-5314-4cf3-ab34-1bfe44a8e87c,FirstNumber=290,secondNumber=929}  written to file by thread pool-3-thread-3
 message  {Id=082e5345-0490-4cce-95ae-d6c8a66a4fc9,FirstNumber=616,secondNumber=1025}  added by thread pool-3-thread-6
 message  {Id=082e5345-0490-4cce-95ae-d6c8a66a4fc9,FirstNumber=616,secondNumber=1025}  written to file by thread pool-3-thread-4
 message  {Id=43221ae3-3e53-46f3-bf49-f8fc4a13e519,FirstNumber=824,secondNumber=169}  added by thread pool-3-thread-6
 message  {Id=43221ae3-3e53-46f3-bf49-f8fc4a13e519,FirstNumber=824,secondNumber=169}  written to file by thread pool-3-thread-4
 message  {Id=df514999-09e6-420d-bbb1-72e17ca5121c,FirstNumber=747,secondNumber=1240}  added by thread pool-3-thread-6
 message  {Id=df514999-09e6-420d-bbb1-72e17ca5121c,FirstNumber=747,secondNumber=1240}  written to file by thread pool-3-thread-4
 message  {Id=7e791f08-20d3-4f74-8f02-728049e698bc,FirstNumber=671,secondNumber=454}  added by thread pool-3-thread-6
 message  {Id=7e791f08-20d3-4f74-8f02-728049e698bc,FirstNumber=671,secondNumber=454}  written to file by thread pool-3-thread-4
 message  {Id=ce9dd260-5a53-4e76-8c2a-d54c795658f7,FirstNumber=42,secondNumber=211}  added by thread pool-3-thread-6
 message  {Id=ce9dd260-5a53-4e76-8c2a-d54c795658f7,FirstNumber=42,secondNumber=211}  written to file by thread pool-3-thread-3
 message  {Id=bf6919e4-08c4-4ccf-ae21-ebfbdf08d542,FirstNumber=626,secondNumber=1696}  added by thread pool-3-thread-6
 message  {Id=bf6919e4-08c4-4ccf-ae21-ebfbdf08d542,FirstNumber=626,secondNumber=1696}  written to file by thread pool-3-thread-2
 message  {Id=20833ef1-b91c-4f0c-851b-78299874879a,FirstNumber=48,secondNumber=1404}  added by thread pool-3-thread-6
 message  {Id=20833ef1-b91c-4f0c-851b-78299874879a,FirstNumber=48,secondNumber=1404}  written to file by thread pool-3-thread-2
 message  {Id=23a2345c-e6a4-4a10-9c54-c05166b834a2,FirstNumber=365,secondNumber=119}  added by thread pool-3-thread-6
 message  {Id=23a2345c-e6a4-4a10-9c54-c05166b834a2,FirstNumber=365,secondNumber=119}  written to file by thread pool-3-thread-2
 message  {Id=543a39fd-908f-4da0-bb9e-7f06a15a8fb5,FirstNumber=217,secondNumber=1184}  added by thread pool-3-thread-6
 message  {Id=543a39fd-908f-4da0-bb9e-7f06a15a8fb5,FirstNumber=217,secondNumber=1184}  written to file by thread pool-3-thread-4
 message  {Id=e27b659a-4da8-4b8e-92c1-1e3de592dd5a,FirstNumber=14,secondNumber=1880}  added by thread pool-3-thread-6
 message  {Id=e27b659a-4da8-4b8e-92c1-1e3de592dd5a,FirstNumber=14,secondNumber=1880}  written to file by thread pool-3-thread-3
 message  {Id=3329c952-bb84-40d2-bd4a-03152023d11a,FirstNumber=561,secondNumber=555}  added by thread pool-3-thread-6
 message  {Id=4ce50e83-aad9-4058-bdc0-0b319207c34b,FirstNumber=943,secondNumber=224}  added by thread pool-3-thread-6
 message  {Id=3329c952-bb84-40d2-bd4a-03152023d11a,FirstNumber=561,secondNumber=555}  written to file by thread pool-3-thread-1
 message  {Id=4ce50e83-aad9-4058-bdc0-0b319207c34b,FirstNumber=943,secondNumber=224}  written to file by thread pool-3-thread-5
 message  {Id=c1171230-d63b-4bb5-b17d-0b887ceeadbe,FirstNumber=751,secondNumber=1741}  added by thread pool-3-thread-6
 message  {Id=ff498568-c193-4574-9367-0ae241a4d33a,FirstNumber=135,secondNumber=469}  added by thread pool-3-thread-6
 message  {Id=c1171230-d63b-4bb5-b17d-0b887ceeadbe,FirstNumber=751,secondNumber=1741}  written to file by thread pool-3-thread-2
 message  {Id=ff498568-c193-4574-9367-0ae241a4d33a,FirstNumber=135,secondNumber=469}  written to file by thread pool-3-thread-4
 message  {Id=92c6e97f-f2d0-4106-bdbf-ecf3fd0b3e24,FirstNumber=428,secondNumber=1689}  added by thread pool-3-thread-6
 message  {Id=92c6e97f-f2d0-4106-bdbf-ecf3fd0b3e24,FirstNumber=428,secondNumber=1689}  written to file by thread pool-3-thread-3
 message  {Id=7b73a2b2-9bd9-407f-8051-d7a8083c8acf,FirstNumber=413,secondNumber=558}  added by thread pool-3-thread-6
 message  {Id=7b73a2b2-9bd9-407f-8051-d7a8083c8acf,FirstNumber=413,secondNumber=558}  written to file by thread pool-3-thread-1
 message  {Id=0865f5d8-2977-4d94-a670-7867cc9a8b61,FirstNumber=214,secondNumber=35}  added by thread pool-3-thread-6
 message  {Id=0865f5d8-2977-4d94-a670-7867cc9a8b61,FirstNumber=214,secondNumber=35}  written to file by thread pool-3-thread-1
 message  {Id=984fbda8-3cdd-4dc1-8081-b7042e127cb7,FirstNumber=355,secondNumber=1935}  added by thread pool-3-thread-6
 message  {Id=984fbda8-3cdd-4dc1-8081-b7042e127cb7,FirstNumber=355,secondNumber=1935}  written to file by thread pool-3-thread-1
 message  {Id=b1ac65bb-d68a-4655-a16c-bf3c0b37df0e,FirstNumber=736,secondNumber=1971}  added by thread pool-3-thread-6
 message  {Id=b1ac65bb-d68a-4655-a16c-bf3c0b37df0e,FirstNumber=736,secondNumber=1971}  written to file by thread pool-3-thread-1
 message  {Id=9c383b47-e425-4bf5-99f2-a3ed47f4074b,FirstNumber=341,secondNumber=1970}  added by thread pool-3-thread-6
 message  {Id=4e67a803-5143-4e43-8d9d-6dfd752c4297,FirstNumber=878,secondNumber=726}  added by thread pool-3-thread-6
 message  {Id=9c383b47-e425-4bf5-99f2-a3ed47f4074b,FirstNumber=341,secondNumber=1970}  written to file by thread pool-3-thread-3
 message  {Id=2f726d95-db8e-4c51-946a-d86ed9f361aa,FirstNumber=639,secondNumber=585}  added by thread pool-3-thread-6
 message  {Id=4e67a803-5143-4e43-8d9d-6dfd752c4297,FirstNumber=878,secondNumber=726}  written to file by thread pool-3-thread-5
 message  {Id=2f726d95-db8e-4c51-946a-d86ed9f361aa,FirstNumber=639,secondNumber=585}  written to file by thread pool-3-thread-2
 message  {Id=78bde098-75d6-46ad-b468-d05124b3c5db,FirstNumber=621,secondNumber=1336}  added by thread pool-3-thread-6
 message  {Id=78bde098-75d6-46ad-b468-d05124b3c5db,FirstNumber=621,secondNumber=1336}  written to file by thread pool-3-thread-4
 message  {Id=6aff85e3-82c6-4c50-9043-81af6ac16183,FirstNumber=745,secondNumber=470}  added by thread pool-3-thread-6
 message  {Id=6aff85e3-82c6-4c50-9043-81af6ac16183,FirstNumber=745,secondNumber=470}  written to file by thread pool-3-thread-4
 message  {Id=fdfe52ea-7737-45cf-9afa-f644d98aa72a,FirstNumber=252,secondNumber=1878}  added by thread pool-3-thread-6
 message  {Id=fdfe52ea-7737-45cf-9afa-f644d98aa72a,FirstNumber=252,secondNumber=1878}  written to file by thread pool-3-thread-4
 message  {Id=2d9e71d1-17f4-486f-9349-9d3829c367ce,FirstNumber=315,secondNumber=685}  added by thread pool-3-thread-6
 message  {Id=2d9e71d1-17f4-486f-9349-9d3829c367ce,FirstNumber=315,secondNumber=685}  written to file by thread pool-3-thread-4
 message  {Id=7c9512ac-e0fd-4b5a-a5ea-de5c91215577,FirstNumber=194,secondNumber=1189}  added by thread pool-3-thread-6
 message  {Id=7c9512ac-e0fd-4b5a-a5ea-de5c91215577,FirstNumber=194,secondNumber=1189}  written to file by thread pool-3-thread-2
 message  {Id=815987c7-957a-4aef-bf64-5d6cb625b13a,FirstNumber=667,secondNumber=1596}  added by thread pool-3-thread-6
 message  {Id=815987c7-957a-4aef-bf64-5d6cb625b13a,FirstNumber=667,secondNumber=1596}  written to file by thread pool-3-thread-1
 message  {Id=ea06ef7d-f46a-44a7-949a-21802a5811e2,FirstNumber=202,secondNumber=1038}  added by thread pool-3-thread-6
 message  {Id=16199231-1231-4f90-a81f-d497c6648c0f,FirstNumber=726,secondNumber=935}  added by thread pool-3-thread-6
 message  {Id=ea06ef7d-f46a-44a7-949a-21802a5811e2,FirstNumber=202,secondNumber=1038}  written to file by thread pool-3-thread-3
 message  {Id=16199231-1231-4f90-a81f-d497c6648c0f,FirstNumber=726,secondNumber=935}  written to file by thread pool-3-thread-5
 message  {Id=80002fe0-d42a-4862-aa93-743f23f377a2,FirstNumber=96,secondNumber=1160}  added by thread pool-3-thread-6
 message  {Id=80002fe0-d42a-4862-aa93-743f23f377a2,FirstNumber=96,secondNumber=1160}  written to file by thread pool-3-thread-4
 message  {Id=f03307cc-5ae3-4f03-b81b-195c29906297,FirstNumber=460,secondNumber=12}  added by thread pool-3-thread-6
 message  {Id=f03307cc-5ae3-4f03-b81b-195c29906297,FirstNumber=460,secondNumber=12}  written to file by thread pool-3-thread-2
 message  {Id=b3f88a1e-b8d0-4da4-9ee9-d2da7227512c,FirstNumber=331,secondNumber=973}  added by thread pool-3-thread-6
 message  {Id=b3f88a1e-b8d0-4da4-9ee9-d2da7227512c,FirstNumber=331,secondNumber=973}  written to file by thread pool-3-thread-2
 message  {Id=ed473201-02a7-4b13-aeeb-10c0e8a5ffcd,FirstNumber=406,secondNumber=233}  added by thread pool-3-thread-6
 message  {Id=ed473201-02a7-4b13-aeeb-10c0e8a5ffcd,FirstNumber=406,secondNumber=233}  written to file by thread pool-3-thread-2
 message  {Id=83a2df05-3d6a-4bb7-835f-31be28e04911,FirstNumber=985,secondNumber=796}  added by thread pool-3-thread-6
 message  {Id=83a2df05-3d6a-4bb7-835f-31be28e04911,FirstNumber=985,secondNumber=796}  written to file by thread pool-3-thread-2
 message  {Id=15679701-3e86-4bb1-8b71-ec53dbaf280f,FirstNumber=667,secondNumber=632}  added by thread pool-3-thread-6
 message  {Id=15679701-3e86-4bb1-8b71-ec53dbaf280f,FirstNumber=667,secondNumber=632}  written to file by thread pool-3-thread-4
 message  {Id=c78b583f-67c1-437d-a63b-1e5cc5eb1192,FirstNumber=89,secondNumber=1270}  added by thread pool-3-thread-6
 message  {Id=c78b583f-67c1-437d-a63b-1e5cc5eb1192,FirstNumber=89,secondNumber=1270}  written to file by thread pool-3-thread-4
 message  {Id=d0a2b5ca-4c7a-48ba-b9c4-9d56ef48d8b5,FirstNumber=33,secondNumber=1681}  added by thread pool-3-thread-6
 message  {Id=d0a2b5ca-4c7a-48ba-b9c4-9d56ef48d8b5,FirstNumber=33,secondNumber=1681}  written to file by thread pool-3-thread-4
 message  {Id=d09f3f32-bdb7-4322-8cf1-9d541747ce3e,FirstNumber=654,secondNumber=779}  added by thread pool-3-thread-6
 message  {Id=d09f3f32-bdb7-4322-8cf1-9d541747ce3e,FirstNumber=654,secondNumber=779}  written to file by thread pool-3-thread-4
 message  {Id=5c462f71-4da8-4dac-a1c0-231d93a75eac,FirstNumber=819,secondNumber=327}  added by thread pool-3-thread-6
 message  {Id=5c462f71-4da8-4dac-a1c0-231d93a75eac,FirstNumber=819,secondNumber=327}  written to file by thread pool-3-thread-2
 message  {Id=ccf1edad-b906-486b-a21c-6b46733c626e,FirstNumber=708,secondNumber=1288}  added by thread pool-3-thread-6
 message  {Id=ccf1edad-b906-486b-a21c-6b46733c626e,FirstNumber=708,secondNumber=1288}  written to file by thread pool-3-thread-1
 message  {Id=d2ef6ccd-7c46-4360-b26c-aa2da0632189,FirstNumber=841,secondNumber=462}  added by thread pool-3-thread-6
 message  {Id=d2ef6ccd-7c46-4360-b26c-aa2da0632189,FirstNumber=841,secondNumber=462}  written to file by thread pool-3-thread-1
 message  {Id=0f5c77df-40f7-4403-8532-815453588235,FirstNumber=933,secondNumber=1750}  added by thread pool-3-thread-6
 message  {Id=0f5c77df-40f7-4403-8532-815453588235,FirstNumber=933,secondNumber=1750}  written to file by thread pool-3-thread-1
 message  {Id=c2a5a261-5c90-4d8d-942c-fa15d594d057,FirstNumber=60,secondNumber=1712}  added by thread pool-3-thread-6
 message  {Id=c2a5a261-5c90-4d8d-942c-fa15d594d057,FirstNumber=60,secondNumber=1712}  written to file by thread pool-3-thread-1
 message  {Id=73a8d1e8-5ccc-48a1-9b59-600ad9328189,FirstNumber=432,secondNumber=1090}  added by thread pool-3-thread-6
 message  {Id=73a8d1e8-5ccc-48a1-9b59-600ad9328189,FirstNumber=432,secondNumber=1090}  written to file by thread pool-3-thread-2
 message  {Id=31d16c2c-2536-4fa6-801d-97f727adfed3,FirstNumber=668,secondNumber=486}  added by thread pool-3-thread-6
 message  {Id=31d16c2c-2536-4fa6-801d-97f727adfed3,FirstNumber=668,secondNumber=486}  written to file by thread pool-3-thread-2
 message  {Id=43582051-4741-4a56-af08-d34b36c32d62,FirstNumber=507,secondNumber=1066}  added by thread pool-3-thread-6
 message  {Id=43582051-4741-4a56-af08-d34b36c32d62,FirstNumber=507,secondNumber=1066}  written to file by thread pool-3-thread-2
 message  {Id=ee576e8d-6235-47f6-ad87-e1bd46a5dcbd,FirstNumber=399,secondNumber=1430}  added by thread pool-3-thread-6
 message  {Id=66401b50-05d8-4cc6-9e9b-1756e1f98f01,FirstNumber=6,secondNumber=1958}  added by thread pool-3-thread-6
 message  {Id=ee576e8d-6235-47f6-ad87-e1bd46a5dcbd,FirstNumber=399,secondNumber=1430}  written to file by thread pool-3-thread-4
 message  {Id=66401b50-05d8-4cc6-9e9b-1756e1f98f01,FirstNumber=6,secondNumber=1958}  written to file by thread pool-3-thread-1
 message  {Id=e8402d20-ce27-4a31-ae74-32b25924b899,FirstNumber=860,secondNumber=1625}  added by thread pool-3-thread-6
 message  {Id=e8402d20-ce27-4a31-ae74-32b25924b899,FirstNumber=860,secondNumber=1625}  written to file by thread pool-3-thread-1
 message  {Id=bd4673e1-dc70-4dc8-8e5e-aef51487ce05,FirstNumber=837,secondNumber=1424}  added by thread pool-3-thread-6
 message  {Id=bd4673e1-dc70-4dc8-8e5e-aef51487ce05,FirstNumber=837,secondNumber=1424}  written to file by thread pool-3-thread-1
 message  {Id=a366714d-df24-46af-b8c3-52951c97bc30,FirstNumber=535,secondNumber=1550}  added by thread pool-3-thread-6
 message  {Id=a366714d-df24-46af-b8c3-52951c97bc30,FirstNumber=535,secondNumber=1550}  written to file by thread pool-3-thread-1
 message  {Id=a8eb1e2a-9f1f-470e-aa9d-1949cec2e0d9,FirstNumber=592,secondNumber=892}  added by thread pool-3-thread-6
 message  {Id=a8eb1e2a-9f1f-470e-aa9d-1949cec2e0d9,FirstNumber=592,secondNumber=892}  written to file by thread pool-3-thread-1
 message  {Id=5941892b-0d53-4156-8f39-e872a3a0dbce,FirstNumber=877,secondNumber=1675}  added by thread pool-3-thread-6
 message  {Id=5941892b-0d53-4156-8f39-e872a3a0dbce,FirstNumber=877,secondNumber=1675}  written to file by thread pool-3-thread-1
 message  {Id=3c2c506c-1064-4cb0-8952-75affc34a795,FirstNumber=106,secondNumber=680}  added by thread pool-3-thread-6
 message  {Id=3c2c506c-1064-4cb0-8952-75affc34a795,FirstNumber=106,secondNumber=680}  written to file by thread pool-3-thread-5
 message  {Id=3cb31e07-4b64-48ef-a14b-427ac17392fc,FirstNumber=788,secondNumber=535}  added by thread pool-3-thread-6
 message  {Id=3cb31e07-4b64-48ef-a14b-427ac17392fc,FirstNumber=788,secondNumber=535}  written to file by thread pool-3-thread-5
 message  {Id=531d54ed-2e43-42bd-b164-27b3a4a57f97,FirstNumber=140,secondNumber=1908}  added by thread pool-3-thread-6
 message  {Id=b67d62bb-2946-4a1e-8ff1-74af84b63150,FirstNumber=127,secondNumber=1313}  added by thread pool-3-thread-6
 message  {Id=531d54ed-2e43-42bd-b164-27b3a4a57f97,FirstNumber=140,secondNumber=1908}  written to file by thread pool-3-thread-4
 message  {Id=a810e788-7b3a-4062-8b8a-d4b5928ee539,FirstNumber=827,secondNumber=1148}  added by thread pool-3-thread-6
 message  {Id=b67d62bb-2946-4a1e-8ff1-74af84b63150,FirstNumber=127,secondNumber=1313}  written to file by thread pool-3-thread-3
 message  {Id=a810e788-7b3a-4062-8b8a-d4b5928ee539,FirstNumber=827,secondNumber=1148}  written to file by thread pool-3-thread-1
 message  {Id=5afb10ee-f026-4df1-a6fc-9a077770627a,FirstNumber=981,secondNumber=608}  added by thread pool-3-thread-6
 message  {Id=5afb10ee-f026-4df1-a6fc-9a077770627a,FirstNumber=981,secondNumber=608}  written to file by thread pool-3-thread-1
 message  {Id=5a37e1a8-6033-47de-b9d4-5fd2edc5b48b,FirstNumber=325,secondNumber=1020}  added by thread pool-3-thread-6
 message  {Id=5a37e1a8-6033-47de-b9d4-5fd2edc5b48b,FirstNumber=325,secondNumber=1020}  written to file by thread pool-3-thread-5
 message  {Id=67ba67df-06d4-4ad2-bc77-8ccbcdbe6fbc,FirstNumber=708,secondNumber=632}  added by thread pool-3-thread-6
 message  {Id=67ba67df-06d4-4ad2-bc77-8ccbcdbe6fbc,FirstNumber=708,secondNumber=632}  written to file by thread pool-3-thread-4
 message  {Id=fb27ecad-ad31-4030-8272-f4a1661760a4,FirstNumber=221,secondNumber=76}  added by thread pool-3-thread-6
 message  {Id=fb27ecad-ad31-4030-8272-f4a1661760a4,FirstNumber=221,secondNumber=76}  written to file by thread pool-3-thread-4
 message  {Id=3268a967-cb60-4a15-8d33-3b8be7236440,FirstNumber=420,secondNumber=1872}  added by thread pool-3-thread-6
 message  {Id=3268a967-cb60-4a15-8d33-3b8be7236440,FirstNumber=420,secondNumber=1872}  written to file by thread pool-3-thread-2
 message  {Id=853cd1fd-190c-4f46-8d25-9532188fbbeb,FirstNumber=209,secondNumber=1250}  added by thread pool-3-thread-6
 message  {Id=853cd1fd-190c-4f46-8d25-9532188fbbeb,FirstNumber=209,secondNumber=1250}  written to file by thread pool-3-thread-1
 message  {Id=768124e3-1f76-456b-92d7-f9abbfa93a29,FirstNumber=342,secondNumber=1443}  added by thread pool-3-thread-6
 message  {Id=768124e3-1f76-456b-92d7-f9abbfa93a29,FirstNumber=342,secondNumber=1443}  written to file by thread pool-3-thread-5
 message  {Id=0f627d2f-4460-4685-ba0b-c20d7c9dd87e,FirstNumber=878,secondNumber=1587}  added by thread pool-3-thread-6
 message  {Id=0f627d2f-4460-4685-ba0b-c20d7c9dd87e,FirstNumber=878,secondNumber=1587}  written to file by thread pool-3-thread-3
 message  {Id=11899287-6986-437b-acc2-3e64e36eab8d,FirstNumber=696,secondNumber=603}  added by thread pool-3-thread-6
 message  {Id=11899287-6986-437b-acc2-3e64e36eab8d,FirstNumber=696,secondNumber=603}  written to file by thread pool-3-thread-3
 message  {Id=365c3fc8-c08e-4b1e-8fc4-cc8588373fa4,FirstNumber=812,secondNumber=506}  added by thread pool-3-thread-6
 message  {Id=fd2a49e6-5034-4a48-9a2f-e03bda4c7c5f,FirstNumber=603,secondNumber=1646}  added by thread pool-3-thread-6
 message  {Id=365c3fc8-c08e-4b1e-8fc4-cc8588373fa4,FirstNumber=812,secondNumber=506}  written to file by thread pool-3-thread-3
 message  {Id=fd2a49e6-5034-4a48-9a2f-e03bda4c7c5f,FirstNumber=603,secondNumber=1646}  written to file by thread pool-3-thread-1
 message  {Id=d54658fa-b807-4d92-9d94-5ab261a36b34,FirstNumber=142,secondNumber=955}  added by thread pool-3-thread-6
 message  {Id=d54658fa-b807-4d92-9d94-5ab261a36b34,FirstNumber=142,secondNumber=955}  written to file by thread pool-3-thread-1
 message  {Id=3c0c0449-b181-4b3f-9020-81b4fdcd733c,FirstNumber=208,secondNumber=441}  added by thread pool-3-thread-6
 message  {Id=28c88df4-d354-4e6a-ade1-837fbb538e00,FirstNumber=113,secondNumber=986}  added by thread pool-3-thread-6
 message  {Id=3c0c0449-b181-4b3f-9020-81b4fdcd733c,FirstNumber=208,secondNumber=441}  written to file by thread pool-3-thread-4
 message  {Id=6add6c4d-f1a2-4601-a958-5282dddb7d2e,FirstNumber=796,secondNumber=1165}  added by thread pool-3-thread-6
 message  {Id=28c88df4-d354-4e6a-ade1-837fbb538e00,FirstNumber=113,secondNumber=986}  written to file by thread pool-3-thread-2
 message  {Id=6add6c4d-f1a2-4601-a958-5282dddb7d2e,FirstNumber=796,secondNumber=1165}  written to file by thread pool-3-thread-4
 message  {Id=ea101ddf-f81c-4a18-918f-b37b11a63d38,FirstNumber=80,secondNumber=1580}  added by thread pool-3-thread-6
 message  {Id=ea101ddf-f81c-4a18-918f-b37b11a63d38,FirstNumber=80,secondNumber=1580}  written to file by thread pool-3-thread-5
 message  {Id=56cd9b22-88f7-4ee0-9b47-7508ca30f46d,FirstNumber=691,secondNumber=777}  added by thread pool-3-thread-6
 message  {Id=56cd9b22-88f7-4ee0-9b47-7508ca30f46d,FirstNumber=691,secondNumber=777}  written to file by thread pool-3-thread-1
 message  {Id=afc4ac6c-7041-4e40-b47c-08eed1af0e90,FirstNumber=426,secondNumber=1429}  added by thread pool-3-thread-6
 message  {Id=afc4ac6c-7041-4e40-b47c-08eed1af0e90,FirstNumber=426,secondNumber=1429}  written to file by thread pool-3-thread-3
 message  {Id=f65521b7-8eeb-4f2d-b933-ef01ca74e906,FirstNumber=445,secondNumber=211}  added by thread pool-3-thread-6
 message  {Id=f65521b7-8eeb-4f2d-b933-ef01ca74e906,FirstNumber=445,secondNumber=211}  written to file by thread pool-3-thread-2
 message  {Id=a1e141da-8da5-4ef3-b1d6-9cbd9accef6d,FirstNumber=269,secondNumber=1884}  added by thread pool-3-thread-6
 message  {Id=a1e141da-8da5-4ef3-b1d6-9cbd9accef6d,FirstNumber=269,secondNumber=1884}  written to file by thread pool-3-thread-4
 message  {Id=3380e541-953a-470f-b98d-129fb50f17e9,FirstNumber=362,secondNumber=335}  added by thread pool-3-thread-6
 message  {Id=3380e541-953a-470f-b98d-129fb50f17e9,FirstNumber=362,secondNumber=335}  written to file by thread pool-3-thread-5
 message  {Id=250896b1-135a-4643-8914-34587d539002,FirstNumber=637,secondNumber=413}  added by thread pool-3-thread-6
 message  {Id=250896b1-135a-4643-8914-34587d539002,FirstNumber=637,secondNumber=413}  written to file by thread pool-3-thread-5
 message  {Id=f0809e20-ea43-499d-9a4c-dbaab885dbe8,FirstNumber=5,secondNumber=321}  added by thread pool-3-thread-6
 message  {Id=f0809e20-ea43-499d-9a4c-dbaab885dbe8,FirstNumber=5,secondNumber=321}  written to file by thread pool-3-thread-5
 message  {Id=fe2a8c7b-fdf7-4a77-8150-e49371141874,FirstNumber=63,secondNumber=1120}  added by thread pool-3-thread-6
 message  {Id=3e41eb37-bfb1-4652-8ec8-9b7eacb298f4,FirstNumber=521,secondNumber=588}  added by thread pool-3-thread-6
 message  {Id=fe2a8c7b-fdf7-4a77-8150-e49371141874,FirstNumber=63,secondNumber=1120}  written to file by thread pool-3-thread-2
 message  {Id=3e41eb37-bfb1-4652-8ec8-9b7eacb298f4,FirstNumber=521,secondNumber=588}  written to file by thread pool-3-thread-4
 message  {Id=3ffb2c01-4334-403f-8d74-2474492d16fb,FirstNumber=755,secondNumber=436}  added by thread pool-3-thread-6
 message  {Id=3ffb2c01-4334-403f-8d74-2474492d16fb,FirstNumber=755,secondNumber=436}  written to file by thread pool-3-thread-1
 message  {Id=92c18cd6-1076-4735-8550-8fce27befc19,FirstNumber=831,secondNumber=545}  added by thread pool-3-thread-6
 message  {Id=92c18cd6-1076-4735-8550-8fce27befc19,FirstNumber=831,secondNumber=545}  written to file by thread pool-3-thread-1
 message  {Id=768c9623-8209-41bd-8378-a35842994b84,FirstNumber=478,secondNumber=1546}  added by thread pool-3-thread-6
 message  {Id=02e0c4d8-3955-4221-8b86-29b63509a100,FirstNumber=741,secondNumber=350}  added by thread pool-3-thread-6
 message  {Id=768c9623-8209-41bd-8378-a35842994b84,FirstNumber=478,secondNumber=1546}  written to file by thread pool-3-thread-5
 message  {Id=02e0c4d8-3955-4221-8b86-29b63509a100,FirstNumber=741,secondNumber=350}  written to file by thread pool-3-thread-2
 message  {Id=2d132c86-cc8d-45d2-9645-18f122e1284c,FirstNumber=519,secondNumber=1712}  added by thread pool-3-thread-6
 message  {Id=2d132c86-cc8d-45d2-9645-18f122e1284c,FirstNumber=519,secondNumber=1712}  written to file by thread pool-3-thread-2
 message  {Id=c98fd601-ebf0-4134-a2bc-b28a6b9c7472,FirstNumber=192,secondNumber=63}  added by thread pool-3-thread-6
 message  {Id=c98fd601-ebf0-4134-a2bc-b28a6b9c7472,FirstNumber=192,secondNumber=63}  written to file by thread pool-3-thread-3
 message  {Id=ed47c5f9-002a-4f38-9b99-09841d26d3ff,FirstNumber=849,secondNumber=30}  added by thread pool-3-thread-6
 message  {Id=ed47c5f9-002a-4f38-9b99-09841d26d3ff,FirstNumber=849,secondNumber=30}  written to file by thread pool-3-thread-1
 message  {Id=a14b1647-1c77-4a37-8deb-e396b57990b9,FirstNumber=285,secondNumber=599}  added by thread pool-3-thread-6
 message  {Id=a14b1647-1c77-4a37-8deb-e396b57990b9,FirstNumber=285,secondNumber=599}  written to file by thread pool-3-thread-1
 message  {Id=b220defd-100f-40f5-bbed-bfad004c103f,FirstNumber=929,secondNumber=1639}  added by thread pool-3-thread-6
 message  {Id=ca213524-170a-49ab-a047-af0b1bb9111d,FirstNumber=435,secondNumber=1312}  added by thread pool-3-thread-6
 message  {Id=b220defd-100f-40f5-bbed-bfad004c103f,FirstNumber=929,secondNumber=1639}  written to file by thread pool-3-thread-4
 message  {Id=ca213524-170a-49ab-a047-af0b1bb9111d,FirstNumber=435,secondNumber=1312}  written to file by thread pool-3-thread-2
 message  {Id=839fa242-1c3d-4a41-95f1-a8e41eb93b12,FirstNumber=781,secondNumber=1806}  added by thread pool-3-thread-6
 message  {Id=df660cca-176b-43ec-8c7f-e68cc9162a7c,FirstNumber=930,secondNumber=657}  added by thread pool-3-thread-6
 message  {Id=839fa242-1c3d-4a41-95f1-a8e41eb93b12,FirstNumber=781,secondNumber=1806}  written to file by thread pool-3-thread-3
 message  {Id=df660cca-176b-43ec-8c7f-e68cc9162a7c,FirstNumber=930,secondNumber=657}  written to file by thread pool-3-thread-5
 message  {Id=c9338891-5303-4257-be5a-a555f8e4360f,FirstNumber=392,secondNumber=1032}  added by thread pool-3-thread-6
 message  {Id=c9338891-5303-4257-be5a-a555f8e4360f,FirstNumber=392,secondNumber=1032}  written to file by thread pool-3-thread-1
 message  {Id=29a92bfa-8426-4af8-9078-d8de6997475e,FirstNumber=177,secondNumber=1769}  added by thread pool-3-thread-6
 message  {Id=29a92bfa-8426-4af8-9078-d8de6997475e,FirstNumber=177,secondNumber=1769}  written to file by thread pool-3-thread-1
 message  {Id=ff3491a3-77b0-435b-9e55-5195c3e87f2e,FirstNumber=850,secondNumber=1110}  added by thread pool-3-thread-6
 message  {Id=ff3491a3-77b0-435b-9e55-5195c3e87f2e,FirstNumber=850,secondNumber=1110}  written to file by thread pool-3-thread-1
 message  {Id=9edb1252-803c-439a-aaf9-5bb45d2acf7a,FirstNumber=275,secondNumber=55}  added by thread pool-3-thread-6
 message  {Id=9edb1252-803c-439a-aaf9-5bb45d2acf7a,FirstNumber=275,secondNumber=55}  written to file by thread pool-3-thread-1
 message  {Id=1cbafde7-94da-40b6-9dd8-3fd01efec216,FirstNumber=15,secondNumber=407}  added by thread pool-3-thread-6
 message  {Id=89e6154b-64ad-45b1-bd55-fe4838999fe3,FirstNumber=309,secondNumber=423}  added by thread pool-3-thread-6
 message  {Id=1cbafde7-94da-40b6-9dd8-3fd01efec216,FirstNumber=15,secondNumber=407}  written to file by thread pool-3-thread-5
 message  {Id=89e6154b-64ad-45b1-bd55-fe4838999fe3,FirstNumber=309,secondNumber=423}  written to file by thread pool-3-thread-4
 message  {Id=53cb8603-a01c-4293-9a71-0ec78fd8c7ce,FirstNumber=663,secondNumber=161}  added by thread pool-3-thread-6
 message  {Id=53cb8603-a01c-4293-9a71-0ec78fd8c7ce,FirstNumber=663,secondNumber=161}  written to file by thread pool-3-thread-2
 message  {Id=f8ab50fc-952f-4e0c-b746-86705bdcaf9f,FirstNumber=877,secondNumber=1413}  added by thread pool-3-thread-6
 message  {Id=f8ab50fc-952f-4e0c-b746-86705bdcaf9f,FirstNumber=877,secondNumber=1413}  written to file by thread pool-3-thread-3
 message  {Id=52f6ce0c-1d4b-4df5-9202-a457b83b8002,FirstNumber=636,secondNumber=1681}  added by thread pool-3-thread-6
 message  {Id=52f6ce0c-1d4b-4df5-9202-a457b83b8002,FirstNumber=636,secondNumber=1681}  written to file by thread pool-3-thread-1
 message  {Id=464a2ebb-e143-4976-a46d-1099b3bae970,FirstNumber=607,secondNumber=1847}  added by thread pool-3-thread-6
 message  {Id=464a2ebb-e143-4976-a46d-1099b3bae970,FirstNumber=607,secondNumber=1847}  written to file by thread pool-3-thread-5
 message  {Id=a82389bb-7abc-4297-a996-bbcb0f530978,FirstNumber=264,secondNumber=1061}  added by thread pool-3-thread-6
 message  {Id=a82389bb-7abc-4297-a996-bbcb0f530978,FirstNumber=264,secondNumber=1061}  written to file by thread pool-3-thread-4
 message  {Id=3a7b80ec-026e-45c6-be96-4f1906130617,FirstNumber=997,secondNumber=1448}  added by thread pool-3-thread-6
 message  {Id=3a7b80ec-026e-45c6-be96-4f1906130617,FirstNumber=997,secondNumber=1448}  written to file by thread pool-3-thread-4
 message  {Id=051c8b22-4b39-41a6-aa08-1a39b14d858c,FirstNumber=291,secondNumber=1170}  added by thread pool-3-thread-6
 message  {Id=3fa66b1c-414a-4ceb-971d-fca518c597f7,FirstNumber=697,secondNumber=1408}  added by thread pool-3-thread-6
 message  {Id=051c8b22-4b39-41a6-aa08-1a39b14d858c,FirstNumber=291,secondNumber=1170}  written to file by thread pool-3-thread-3
 message  {Id=3fa66b1c-414a-4ceb-971d-fca518c597f7,FirstNumber=697,secondNumber=1408}  written to file by thread pool-3-thread-1
 message  {Id=80f598fc-58b0-4c34-a969-207dc5dcc37d,FirstNumber=953,secondNumber=1351}  added by thread pool-3-thread-6
 message  {Id=80f598fc-58b0-4c34-a969-207dc5dcc37d,FirstNumber=953,secondNumber=1351}  written to file by thread pool-3-thread-1
 message  {Id=bcc67842-0fae-4d13-a936-1137c6aba06b,FirstNumber=581,secondNumber=1292}  added by thread pool-3-thread-6
 message  {Id=bcc67842-0fae-4d13-a936-1137c6aba06b,FirstNumber=581,secondNumber=1292}  written to file by thread pool-3-thread-1
 message  {Id=21fd3508-cf64-4558-9a76-9b474cac0596,FirstNumber=713,secondNumber=123}  added by thread pool-3-thread-6
 message  {Id=4dbd09ea-b92b-45f1-b82c-6675493e6e9b,FirstNumber=594,secondNumber=1115}  added by thread pool-3-thread-6
 message  {Id=21fd3508-cf64-4558-9a76-9b474cac0596,FirstNumber=713,secondNumber=123}  written to file by thread pool-3-thread-4
 message  {Id=4dbd09ea-b92b-45f1-b82c-6675493e6e9b,FirstNumber=594,secondNumber=1115}  written to file by thread pool-3-thread-3
 message  {Id=41e25f5f-0ba7-40eb-841e-62e21ee74299,FirstNumber=879,secondNumber=298}  added by thread pool-3-thread-6
 message  {Id=41e25f5f-0ba7-40eb-841e-62e21ee74299,FirstNumber=879,secondNumber=298}  written to file by thread pool-3-thread-5
 message  {Id=013464b3-93b9-4813-93c9-a9ef613166ee,FirstNumber=557,secondNumber=352}  added by thread pool-3-thread-6
 message  {Id=013464b3-93b9-4813-93c9-a9ef613166ee,FirstNumber=557,secondNumber=352}  written to file by thread pool-3-thread-2
 message  {Id=95f2d5fd-0e06-4af7-a96d-7e63babc3aca,FirstNumber=601,secondNumber=1816}  added by thread pool-3-thread-6
 message  {Id=95f2d5fd-0e06-4af7-a96d-7e63babc3aca,FirstNumber=601,secondNumber=1816}  written to file by thread pool-3-thread-1
 message  {Id=3d8a57ac-734d-482f-9149-6d8f6d45871a,FirstNumber=105,secondNumber=1812}  added by thread pool-3-thread-6
 message  {Id=3d8a57ac-734d-482f-9149-6d8f6d45871a,FirstNumber=105,secondNumber=1812}  written to file by thread pool-3-thread-1
 message  {Id=aeb5e503-3207-4f76-bc69-2403f333e09b,FirstNumber=961,secondNumber=291}  added by thread pool-3-thread-6
 message  {Id=aeb5e503-3207-4f76-bc69-2403f333e09b,FirstNumber=961,secondNumber=291}  written to file by thread pool-3-thread-3
 message  {Id=3deca022-c6e1-4753-8969-9af1fffd0d5e,FirstNumber=308,secondNumber=1756}  added by thread pool-3-thread-6
 message  {Id=3deca022-c6e1-4753-8969-9af1fffd0d5e,FirstNumber=308,secondNumber=1756}  written to file by thread pool-3-thread-5
 message  {Id=eefa5286-2c12-4850-bded-c8b3bb961e07,FirstNumber=562,secondNumber=1265}  added by thread pool-3-thread-6
 message  {Id=eefa5286-2c12-4850-bded-c8b3bb961e07,FirstNumber=562,secondNumber=1265}  written to file by thread pool-3-thread-2
 message  {Id=8c133aaf-6611-4e71-99e3-4362ce991328,FirstNumber=698,secondNumber=574}  added by thread pool-3-thread-6
 message  {Id=8c133aaf-6611-4e71-99e3-4362ce991328,FirstNumber=698,secondNumber=574}  written to file by thread pool-3-thread-2
 message  {Id=ec13936b-f58f-44cc-a309-c3317f8a260f,FirstNumber=833,secondNumber=1624}  added by thread pool-3-thread-6
 message  {Id=ec13936b-f58f-44cc-a309-c3317f8a260f,FirstNumber=833,secondNumber=1624}  written to file by thread pool-3-thread-2
 message  {Id=e2999246-64fb-4502-a1b2-d557ad35a6dd,FirstNumber=49,secondNumber=1098}  added by thread pool-3-thread-6
 message  {Id=e2999246-64fb-4502-a1b2-d557ad35a6dd,FirstNumber=49,secondNumber=1098}  written to file by thread pool-3-thread-2
 message  {Id=f48b561a-f53b-4f6c-a587-c37a17c4551f,FirstNumber=336,secondNumber=455}  added by thread pool-3-thread-6
 message  {Id=21027a21-531c-4692-8b92-6e5f04b998a3,FirstNumber=317,secondNumber=1919}  added by thread pool-3-thread-6
 message  {Id=f48b561a-f53b-4f6c-a587-c37a17c4551f,FirstNumber=336,secondNumber=455}  written to file by thread pool-3-thread-5
 message  {Id=21027a21-531c-4692-8b92-6e5f04b998a3,FirstNumber=317,secondNumber=1919}  written to file by thread pool-3-thread-4
 message  {Id=37a2632f-88b1-4269-a5d4-2ea5333e539a,FirstNumber=486,secondNumber=545}  added by thread pool-3-thread-6
 message  {Id=37a2632f-88b1-4269-a5d4-2ea5333e539a,FirstNumber=486,secondNumber=545}  written to file by thread pool-3-thread-1
 message  {Id=8e5884d6-251a-49f9-964c-b19c1855c2b6,FirstNumber=377,secondNumber=1792}  added by thread pool-3-thread-6
 message  {Id=8e5884d6-251a-49f9-964c-b19c1855c2b6,FirstNumber=377,secondNumber=1792}  written to file by thread pool-3-thread-1
 message  {Id=c26c0ac1-2ea7-41e1-b60f-46e6c4dd2238,FirstNumber=251,secondNumber=97}  added by thread pool-3-thread-6
 message  {Id=c26c0ac1-2ea7-41e1-b60f-46e6c4dd2238,FirstNumber=251,secondNumber=97}  written to file by thread pool-3-thread-2
 message  {Id=d5397535-7a3f-41b3-ae36-a7c26578464a,FirstNumber=247,secondNumber=542}  added by thread pool-3-thread-6
 message  {Id=d5397535-7a3f-41b3-ae36-a7c26578464a,FirstNumber=247,secondNumber=542}  written to file by thread pool-3-thread-2
 message  {Id=8f3c5f71-4624-443e-85b0-4eef3975aaa5,FirstNumber=251,secondNumber=1722}  added by thread pool-3-thread-6
 message  {Id=8f3c5f71-4624-443e-85b0-4eef3975aaa5,FirstNumber=251,secondNumber=1722}  written to file by thread pool-3-thread-2
 message  {Id=04257ae3-16c5-432e-baa5-d4ca8e40d396,FirstNumber=716,secondNumber=1741}  added by thread pool-3-thread-6
 message  {Id=04257ae3-16c5-432e-baa5-d4ca8e40d396,FirstNumber=716,secondNumber=1741}  written to file by thread pool-3-thread-2
 message  {Id=ab1cf0b6-29a9-4783-b144-6c4d9dcfb4b7,FirstNumber=953,secondNumber=626}  added by thread pool-3-thread-6
 message  {Id=ab1cf0b6-29a9-4783-b144-6c4d9dcfb4b7,FirstNumber=953,secondNumber=626}  written to file by thread pool-3-thread-1
 message  {Id=02b6b2ae-ad8b-445c-8fd2-d7cafce7db76,FirstNumber=809,secondNumber=1160}  added by thread pool-3-thread-6
 message  {Id=02b6b2ae-ad8b-445c-8fd2-d7cafce7db76,FirstNumber=809,secondNumber=1160}  written to file by thread pool-3-thread-1
 message  {Id=ae32af8e-1382-4fd2-9e41-2508a129378a,FirstNumber=15,secondNumber=1632}  added by thread pool-3-thread-6
 message  {Id=ae32af8e-1382-4fd2-9e41-2508a129378a,FirstNumber=15,secondNumber=1632}  written to file by thread pool-3-thread-1
 message  {Id=2eb4c300-5e50-44b9-8c69-5f44a95f23e2,FirstNumber=83,secondNumber=356}  added by thread pool-3-thread-6
 message  {Id=2eb4c300-5e50-44b9-8c69-5f44a95f23e2,FirstNumber=83,secondNumber=356}  written to file by thread pool-3-thread-1
 message  {Id=07a0b528-7826-4af4-83c3-fc13b5515fbc,FirstNumber=693,secondNumber=507}  added by thread pool-3-thread-6
 message  {Id=07a0b528-7826-4af4-83c3-fc13b5515fbc,FirstNumber=693,secondNumber=507}  written to file by thread pool-3-thread-2
 message  {Id=331ba0ba-65e1-41cc-b5e0-802f3eac74b8,FirstNumber=355,secondNumber=1338}  added by thread pool-3-thread-6
 message  {Id=331ba0ba-65e1-41cc-b5e0-802f3eac74b8,FirstNumber=355,secondNumber=1338}  written to file by thread pool-3-thread-5
 message  {Id=e0f88c29-ba01-43ac-868c-deffcb8ace3e,FirstNumber=766,secondNumber=1468}  added by thread pool-3-thread-6
 message  {Id=e0f88c29-ba01-43ac-868c-deffcb8ace3e,FirstNumber=766,secondNumber=1468}  written to file by thread pool-3-thread-4
 message  {Id=c6c00237-1e0f-4e35-a55d-bdcd2c8e778a,FirstNumber=24,secondNumber=358}  added by thread pool-3-thread-6
 message  {Id=8d66b135-b353-4a7a-89b1-5ad463f3bcde,FirstNumber=811,secondNumber=491}  added by thread pool-3-thread-6
 message  {Id=c6c00237-1e0f-4e35-a55d-bdcd2c8e778a,FirstNumber=24,secondNumber=358}  written to file by thread pool-3-thread-3
 message  {Id=8d66b135-b353-4a7a-89b1-5ad463f3bcde,FirstNumber=811,secondNumber=491}  written to file by thread pool-3-thread-1
 message  {Id=6be6a640-f1a3-4992-a1f6-46cecb644a1d,FirstNumber=244,secondNumber=1476}  added by thread pool-3-thread-6
 message  {Id=6be6a640-f1a3-4992-a1f6-46cecb644a1d,FirstNumber=244,secondNumber=1476}  written to file by thread pool-3-thread-3
 message  {Id=77bba98d-4d42-4128-a2f5-a07771c0b3d1,FirstNumber=805,secondNumber=792}  added by thread pool-3-thread-6
 message  {Id=77bba98d-4d42-4128-a2f5-a07771c0b3d1,FirstNumber=805,secondNumber=792}  written to file by thread pool-3-thread-5
 message  {Id=f3f4cdd0-79b9-421b-81a0-811d5997b54d,FirstNumber=446,secondNumber=1176}  added by thread pool-3-thread-6
 message  {Id=f3f4cdd0-79b9-421b-81a0-811d5997b54d,FirstNumber=446,secondNumber=1176}  written to file by thread pool-3-thread-4
 message  {Id=f05ee658-a1db-40ca-8370-b807506b133b,FirstNumber=602,secondNumber=179}  added by thread pool-3-thread-6
 message  {Id=f05ee658-a1db-40ca-8370-b807506b133b,FirstNumber=602,secondNumber=179}  written to file by thread pool-3-thread-1
 message  {Id=7393c791-f85f-4310-b74c-3524874696cb,FirstNumber=222,secondNumber=76}  added by thread pool-3-thread-6
 message  {Id=7393c791-f85f-4310-b74c-3524874696cb,FirstNumber=222,secondNumber=76}  written to file by thread pool-3-thread-1
 message  {Id=a47a1828-76f4-4412-8dec-7073bddc52ea,FirstNumber=787,secondNumber=1236}  added by thread pool-3-thread-6
 message  {Id=a47a1828-76f4-4412-8dec-7073bddc52ea,FirstNumber=787,secondNumber=1236}  written to file by thread pool-3-thread-1
 message  {Id=e3273881-a35e-4b40-8768-4a71979bc513,FirstNumber=953,secondNumber=389}  added by thread pool-3-thread-6
 message  {Id=e3273881-a35e-4b40-8768-4a71979bc513,FirstNumber=953,secondNumber=389}  written to file by thread pool-3-thread-1
 message  {Id=92b524ae-9a02-4b21-9d33-ecf46d398f1a,FirstNumber=991,secondNumber=907}  added by thread pool-3-thread-6
 message  {Id=92b524ae-9a02-4b21-9d33-ecf46d398f1a,FirstNumber=991,secondNumber=907}  written to file by thread pool-3-thread-4
 message  {Id=538518bd-135a-4325-b860-231a1c8736c8,FirstNumber=109,secondNumber=1052}  added by thread pool-3-thread-6
 message  {Id=538518bd-135a-4325-b860-231a1c8736c8,FirstNumber=109,secondNumber=1052}  written to file by thread pool-3-thread-4
 message  {Id=7d25aedf-99dd-4878-992e-203710599294,FirstNumber=216,secondNumber=1088}  added by thread pool-3-thread-6
 message  {Id=7d25aedf-99dd-4878-992e-203710599294,FirstNumber=216,secondNumber=1088}  written to file by thread pool-3-thread-3
 message  {Id=81cb2562-748c-41b6-bdd6-ff59d1ed8856,FirstNumber=26,secondNumber=914}  added by thread pool-3-thread-6
 message  {Id=81cb2562-748c-41b6-bdd6-ff59d1ed8856,FirstNumber=26,secondNumber=914}  written to file by thread pool-3-thread-5
 message  {Id=bf83affd-3f6e-4314-9627-0c0f765bfefe,FirstNumber=135,secondNumber=844}  added by thread pool-3-thread-6
 message  {Id=bf83affd-3f6e-4314-9627-0c0f765bfefe,FirstNumber=135,secondNumber=844}  written to file by thread pool-3-thread-1
 message  {Id=51ccfbc4-d06d-4790-9da5-34989b30b2a7,FirstNumber=796,secondNumber=811}  added by thread pool-3-thread-6
 message  {Id=51ccfbc4-d06d-4790-9da5-34989b30b2a7,FirstNumber=796,secondNumber=811}  written to file by thread pool-3-thread-2
 message  {Id=23f39abf-3b27-4608-abf9-83b189625f74,FirstNumber=856,secondNumber=1304}  added by thread pool-3-thread-6
 message  {Id=23f39abf-3b27-4608-abf9-83b189625f74,FirstNumber=856,secondNumber=1304}  written to file by thread pool-3-thread-2
 message  {Id=711e9358-49e5-4c84-84d5-61516367146d,FirstNumber=953,secondNumber=107}  added by thread pool-3-thread-6
 message  {Id=711e9358-49e5-4c84-84d5-61516367146d,FirstNumber=953,secondNumber=107}  written to file by thread pool-3-thread-2
 message  {Id=a518d607-89e2-4625-ad5e-b7ea11d530f6,FirstNumber=725,secondNumber=1627}  added by thread pool-3-thread-6
 message  {Id=a518d607-89e2-4625-ad5e-b7ea11d530f6,FirstNumber=725,secondNumber=1627}  written to file by thread pool-3-thread-5
 message  {Id=eb68c196-cb11-44ca-8a22-066b24f1f35f,FirstNumber=141,secondNumber=1574}  added by thread pool-3-thread-6
 message  {Id=eb68c196-cb11-44ca-8a22-066b24f1f35f,FirstNumber=141,secondNumber=1574}  written to file by thread pool-3-thread-5
 message  {Id=7f6ac3b4-573e-45cc-b40d-0a2c96310be5,FirstNumber=989,secondNumber=1319}  added by thread pool-3-thread-6
 message  {Id=7f6ac3b4-573e-45cc-b40d-0a2c96310be5,FirstNumber=989,secondNumber=1319}  written to file by thread pool-3-thread-5
 message  {Id=df601240-1c1c-45ac-a3eb-31234f971495,FirstNumber=346,secondNumber=24}  added by thread pool-3-thread-6
 message  {Id=eb635833-0666-4660-8731-f77defac4288,FirstNumber=819,secondNumber=991}  added by thread pool-3-thread-6
 message  {Id=df601240-1c1c-45ac-a3eb-31234f971495,FirstNumber=346,secondNumber=24}  written to file by thread pool-3-thread-3
 message  {Id=eb635833-0666-4660-8731-f77defac4288,FirstNumber=819,secondNumber=991}  written to file by thread pool-3-thread-2
 message  {Id=fbd9fdf7-55f6-49fd-aa2d-b982410ee5d0,FirstNumber=44,secondNumber=1394}  added by thread pool-3-thread-6
 message  {Id=fbd9fdf7-55f6-49fd-aa2d-b982410ee5d0,FirstNumber=44,secondNumber=1394}  written to file by thread pool-3-thread-2
 message  {Id=9ecb08cf-8572-4a20-9c32-cfadc3063da7,FirstNumber=824,secondNumber=899}  added by thread pool-3-thread-6
 message  {Id=9ecb08cf-8572-4a20-9c32-cfadc3063da7,FirstNumber=824,secondNumber=899}  written to file by thread pool-3-thread-2
 message  {Id=62a5a4e8-15dc-49e2-ac5c-ac9776b674ea,FirstNumber=697,secondNumber=1981}  added by thread pool-3-thread-6
 message  {Id=62a5a4e8-15dc-49e2-ac5c-ac9776b674ea,FirstNumber=697,secondNumber=1981}  written to file by thread pool-3-thread-5
 message  {Id=1b6900cd-b318-44a0-a68c-1589db86deed,FirstNumber=629,secondNumber=8}  added by thread pool-3-thread-6
 message  {Id=1b6900cd-b318-44a0-a68c-1589db86deed,FirstNumber=629,secondNumber=8}  written to file by thread pool-3-thread-5
 message  {Id=22d4d4f5-9a80-42aa-8efe-dd3ca7389285,FirstNumber=328,secondNumber=419}  added by thread pool-3-thread-6
 message  {Id=22d4d4f5-9a80-42aa-8efe-dd3ca7389285,FirstNumber=328,secondNumber=419}  written to file by thread pool-3-thread-5
 message  {Id=a62f5f6a-6923-4f59-951c-9660eebe8a16,FirstNumber=321,secondNumber=119}  added by thread pool-3-thread-6
 message  {Id=a62f5f6a-6923-4f59-951c-9660eebe8a16,FirstNumber=321,secondNumber=119}  written to file by thread pool-3-thread-4
 message  {Id=59660354-d0bf-4c14-8177-6168adfbcc56,FirstNumber=518,secondNumber=1691}  added by thread pool-3-thread-6
 message  {Id=59660354-d0bf-4c14-8177-6168adfbcc56,FirstNumber=518,secondNumber=1691}  written to file by thread pool-3-thread-2
 message  {Id=019bcf60-9833-4310-88d6-0f2ba061e45b,FirstNumber=950,secondNumber=765}  added by thread pool-3-thread-6
 message  {Id=019bcf60-9833-4310-88d6-0f2ba061e45b,FirstNumber=950,secondNumber=765}  written to file by thread pool-3-thread-2
 message  {Id=472431b1-a429-4d47-a19c-45abfb1417a6,FirstNumber=373,secondNumber=789}  added by thread pool-3-thread-6
 message  {Id=472431b1-a429-4d47-a19c-45abfb1417a6,FirstNumber=373,secondNumber=789}  written to file by thread pool-3-thread-2
 message  {Id=5593c41a-c52f-46f8-a274-653c7636a0f7,FirstNumber=781,secondNumber=30}  added by thread pool-3-thread-6
 message  {Id=5593c41a-c52f-46f8-a274-653c7636a0f7,FirstNumber=781,secondNumber=30}  written to file by thread pool-3-thread-2
 message  {Id=3e279043-6eb1-4fc9-b878-f08d426c852f,FirstNumber=64,secondNumber=1694}  added by thread pool-3-thread-6
 message  {Id=3e279043-6eb1-4fc9-b878-f08d426c852f,FirstNumber=64,secondNumber=1694}  written to file by thread pool-3-thread-4
 message  {Id=73059745-7b2a-4fe1-b331-6d7145dc70d4,FirstNumber=549,secondNumber=474}  added by thread pool-3-thread-6
 message  {Id=73059745-7b2a-4fe1-b331-6d7145dc70d4,FirstNumber=549,secondNumber=474}  written to file by thread pool-3-thread-4
 message  {Id=0c3f90d2-c60d-49fb-8d02-da36aa23a069,FirstNumber=603,secondNumber=1181}  added by thread pool-3-thread-6
 message  {Id=0c3f90d2-c60d-49fb-8d02-da36aa23a069,FirstNumber=603,secondNumber=1181}  written to file by thread pool-3-thread-4
 message  {Id=b6558a86-e748-4276-bcfe-c19dcb4cc2c0,FirstNumber=212,secondNumber=937}  added by thread pool-3-thread-6
 message  {Id=b6558a86-e748-4276-bcfe-c19dcb4cc2c0,FirstNumber=212,secondNumber=937}  written to file by thread pool-3-thread-4
 message  {Id=87155b8f-1b14-47ef-8ac3-e7bcae4326ea,FirstNumber=829,secondNumber=1851}  added by thread pool-3-thread-6
 message  {Id=87155b8f-1b14-47ef-8ac3-e7bcae4326ea,FirstNumber=829,secondNumber=1851}  written to file by thread pool-3-thread-4
 message  {Id=b2134116-5435-4070-8134-cc16b3a3702e,FirstNumber=299,secondNumber=1751}  added by thread pool-3-thread-6
 message  {Id=0dbff52a-b9e7-4057-8331-5cdbe1a4d32c,FirstNumber=612,secondNumber=440}  added by thread pool-3-thread-6
 message  {Id=b2134116-5435-4070-8134-cc16b3a3702e,FirstNumber=299,secondNumber=1751}  written to file by thread pool-3-thread-3
 message  {Id=0dbff52a-b9e7-4057-8331-5cdbe1a4d32c,FirstNumber=612,secondNumber=440}  written to file by thread pool-3-thread-1
 message  {Id=bcc2f494-0b9b-4680-b4a7-4ebee2ca0648,FirstNumber=100,secondNumber=1275}  added by thread pool-3-thread-6
 message  {Id=bcc2f494-0b9b-4680-b4a7-4ebee2ca0648,FirstNumber=100,secondNumber=1275}  written to file by thread pool-3-thread-5
 message  {Id=413053dd-23d8-4492-8fa0-f307c9ec3854,FirstNumber=219,secondNumber=1348}  added by thread pool-3-thread-6
 message  {Id=413053dd-23d8-4492-8fa0-f307c9ec3854,FirstNumber=219,secondNumber=1348}  written to file by thread pool-3-thread-2
 message  {Id=f91d8478-59a0-4802-9669-7fe4d81eef68,FirstNumber=91,secondNumber=1021}  added by thread pool-3-thread-6
 message  {Id=f91d8478-59a0-4802-9669-7fe4d81eef68,FirstNumber=91,secondNumber=1021}  written to file by thread pool-3-thread-2
 message  {Id=8827639a-7f5c-4290-9f8a-d0d40c370104,FirstNumber=581,secondNumber=533}  added by thread pool-3-thread-6
 message  {Id=8827639a-7f5c-4290-9f8a-d0d40c370104,FirstNumber=581,secondNumber=533}  written to file by thread pool-3-thread-2
 message  {Id=72615609-d49d-48ff-a502-b604f523e6b1,FirstNumber=131,secondNumber=1977}  added by thread pool-3-thread-6
 message  {Id=72615609-d49d-48ff-a502-b604f523e6b1,FirstNumber=131,secondNumber=1977}  written to file by thread pool-3-thread-1
 message  {Id=bf900366-2425-464a-ab6e-bba761536d31,FirstNumber=410,secondNumber=1707}  added by thread pool-3-thread-6
 message  {Id=bf900366-2425-464a-ab6e-bba761536d31,FirstNumber=410,secondNumber=1707}  written to file by thread pool-3-thread-5
 message  {Id=ad906acd-ecaa-45e0-a143-5917f3c60393,FirstNumber=525,secondNumber=200}  added by thread pool-3-thread-6
 message  {Id=ad906acd-ecaa-45e0-a143-5917f3c60393,FirstNumber=525,secondNumber=200}  written to file by thread pool-3-thread-5
 message  {Id=c51d916c-3b84-4c73-835d-372207e75723,FirstNumber=452,secondNumber=1489}  added by thread pool-3-thread-6
 message  {Id=c51d916c-3b84-4c73-835d-372207e75723,FirstNumber=452,secondNumber=1489}  written to file by thread pool-3-thread-5
 message  {Id=79b8c194-930b-4e13-be75-24703d5ab1b4,FirstNumber=521,secondNumber=1224}  added by thread pool-3-thread-6
 message  {Id=79b8c194-930b-4e13-be75-24703d5ab1b4,FirstNumber=521,secondNumber=1224}  written to file by thread pool-3-thread-5
 message  {Id=8da14b12-7195-406f-939d-56981d867989,FirstNumber=137,secondNumber=906}  added by thread pool-3-thread-6
 message  {Id=8da14b12-7195-406f-939d-56981d867989,FirstNumber=137,secondNumber=906}  written to file by thread pool-3-thread-5
 message  {Id=25f0bff8-fa81-4a85-82f0-d2ebacd7b189,FirstNumber=693,secondNumber=1809}  added by thread pool-3-thread-6
 message  {Id=25f0bff8-fa81-4a85-82f0-d2ebacd7b189,FirstNumber=693,secondNumber=1809}  written to file by thread pool-3-thread-5
 message  {Id=8c7cf6e3-50ab-4a43-98f6-a039346475ec,FirstNumber=811,secondNumber=1507}  added by thread pool-3-thread-6
 message  {Id=a24bc747-865c-4042-88db-a644c210ae0c,FirstNumber=394,secondNumber=733}  added by thread pool-3-thread-6
 message  {Id=8c7cf6e3-50ab-4a43-98f6-a039346475ec,FirstNumber=811,secondNumber=1507}  written to file by thread pool-3-thread-3
 message  {Id=a24bc747-865c-4042-88db-a644c210ae0c,FirstNumber=394,secondNumber=733}  written to file by thread pool-3-thread-2
 message  {Id=b3091855-c480-4f90-8e03-185c9d69d2b3,FirstNumber=707,secondNumber=403}  added by thread pool-3-thread-6
 message  {Id=b3091855-c480-4f90-8e03-185c9d69d2b3,FirstNumber=707,secondNumber=403}  written to file by thread pool-3-thread-2
 message  {Id=1c92364b-6122-41be-981b-8a49c51ac82f,FirstNumber=679,secondNumber=421}  added by thread pool-3-thread-6
 message  {Id=1c92364b-6122-41be-981b-8a49c51ac82f,FirstNumber=679,secondNumber=421}  written to file by thread pool-3-thread-2
 message  {Id=8b3a99af-2e7c-4d8d-aef7-54ba7bc37e14,FirstNumber=216,secondNumber=1053}  added by thread pool-3-thread-6
 message  {Id=8b3a99af-2e7c-4d8d-aef7-54ba7bc37e14,FirstNumber=216,secondNumber=1053}  written to file by thread pool-3-thread-2
 message  {Id=9dd427aa-6ed9-45fe-bfa5-b4cc59e704d1,FirstNumber=611,secondNumber=1173}  added by thread pool-3-thread-6
 message  {Id=9dd427aa-6ed9-45fe-bfa5-b4cc59e704d1,FirstNumber=611,secondNumber=1173}  written to file by thread pool-3-thread-3
 message  {Id=0d6b1bc5-896a-4a9e-a091-00bdec6ef91b,FirstNumber=586,secondNumber=59}  added by thread pool-3-thread-6
 message  {Id=0d6b1bc5-896a-4a9e-a091-00bdec6ef91b,FirstNumber=586,secondNumber=59}  written to file by thread pool-3-thread-1
 message  {Id=dd65c009-0d9b-4fa9-9cf0-da877326b18b,FirstNumber=587,secondNumber=622}  added by thread pool-3-thread-6
 message  {Id=dd65c009-0d9b-4fa9-9cf0-da877326b18b,FirstNumber=587,secondNumber=622}  written to file by thread pool-3-thread-4
 message  {Id=7900788f-56ef-4ea1-9c89-6f1e9be51d69,FirstNumber=654,secondNumber=823}  added by thread pool-3-thread-6
 message  {Id=7900788f-56ef-4ea1-9c89-6f1e9be51d69,FirstNumber=654,secondNumber=823}  written to file by thread pool-3-thread-5
 message  {Id=c8b53651-11ee-4601-913c-0e51ce7d3cc8,FirstNumber=987,secondNumber=871}  added by thread pool-3-thread-6
 message  {Id=c8b53651-11ee-4601-913c-0e51ce7d3cc8,FirstNumber=987,secondNumber=871}  written to file by thread pool-3-thread-2
 message  {Id=3597f44f-5bd2-4ee0-b24e-046652aff184,FirstNumber=420,secondNumber=1904}  added by thread pool-3-thread-6
 message  {Id=3597f44f-5bd2-4ee0-b24e-046652aff184,FirstNumber=420,secondNumber=1904}  written to file by thread pool-3-thread-2
 message  {Id=1bf922a9-f008-40dc-897f-797dd367aa34,FirstNumber=454,secondNumber=445}  added by thread pool-3-thread-6
 message  {Id=1bf922a9-f008-40dc-897f-797dd367aa34,FirstNumber=454,secondNumber=445}  written to file by thread pool-3-thread-1
 message  {Id=aef9e975-ec5a-4cca-a15f-65c31d275e66,FirstNumber=50,secondNumber=995}  added by thread pool-3-thread-6
 message  {Id=aef9e975-ec5a-4cca-a15f-65c31d275e66,FirstNumber=50,secondNumber=995}  written to file by thread pool-3-thread-4
 message  {Id=d03b9383-d816-4d81-a5da-6c508aa260ce,FirstNumber=101,secondNumber=1230}  added by thread pool-3-thread-6
 message  {Id=d03b9383-d816-4d81-a5da-6c508aa260ce,FirstNumber=101,secondNumber=1230}  written to file by thread pool-3-thread-4
 message  {Id=9fe9b2e9-55b5-47d2-b151-20ab21468a01,FirstNumber=651,secondNumber=1313}  added by thread pool-3-thread-6
 message  {Id=9fe9b2e9-55b5-47d2-b151-20ab21468a01,FirstNumber=651,secondNumber=1313}  written to file by thread pool-3-thread-3
 message  {Id=ffee6db0-aa3f-44c2-a2c1-1ed434548f91,FirstNumber=808,secondNumber=583}  added by thread pool-3-thread-6
 message  {Id=ffee6db0-aa3f-44c2-a2c1-1ed434548f91,FirstNumber=808,secondNumber=583}  written to file by thread pool-3-thread-2
 message  {Id=7f430b57-4a34-4415-bcb8-f3a897b5d343,FirstNumber=553,secondNumber=599}  added by thread pool-3-thread-6
 message  {Id=7f430b57-4a34-4415-bcb8-f3a897b5d343,FirstNumber=553,secondNumber=599}  written to file by thread pool-3-thread-1
 message  {Id=84066cc0-2fe4-4225-b2c0-1bd75e72daf6,FirstNumber=851,secondNumber=1948}  added by thread pool-3-thread-6
 message  {Id=84066cc0-2fe4-4225-b2c0-1bd75e72daf6,FirstNumber=851,secondNumber=1948}  written to file by thread pool-3-thread-5
 message  {Id=04aa215a-d398-4e08-96a9-c56442953fb1,FirstNumber=880,secondNumber=1864}  added by thread pool-3-thread-6
 message  {Id=04aa215a-d398-4e08-96a9-c56442953fb1,FirstNumber=880,secondNumber=1864}  written to file by thread pool-3-thread-4
 message  {Id=8c968a0c-7101-4e05-927c-79b07f3984ef,FirstNumber=292,secondNumber=1592}  added by thread pool-3-thread-6
 message  {Id=08491fa6-8d8e-4813-a0eb-db597b8706bd,FirstNumber=642,secondNumber=1596}  added by thread pool-3-thread-6
 message  {Id=8c968a0c-7101-4e05-927c-79b07f3984ef,FirstNumber=292,secondNumber=1592}  written to file by thread pool-3-thread-3
 message  {Id=08491fa6-8d8e-4813-a0eb-db597b8706bd,FirstNumber=642,secondNumber=1596}  written to file by thread pool-3-thread-2
 message  {Id=5937caa3-3b5c-48d7-a740-048fbc7732b0,FirstNumber=725,secondNumber=1143}  added by thread pool-3-thread-6
 message  {Id=5937caa3-3b5c-48d7-a740-048fbc7732b0,FirstNumber=725,secondNumber=1143}  written to file by thread pool-3-thread-2
 message  {Id=f34066e2-8c62-443a-84b5-3d52a29d50c8,FirstNumber=409,secondNumber=443}  added by thread pool-3-thread-6
 message  {Id=f34066e2-8c62-443a-84b5-3d52a29d50c8,FirstNumber=409,secondNumber=443}  written to file by thread pool-3-thread-5
 message  {Id=f56f5ec6-42c3-47a2-85d8-5a259cf9ddd3,FirstNumber=18,secondNumber=1203}  added by thread pool-3-thread-6
 message  {Id=f56f5ec6-42c3-47a2-85d8-5a259cf9ddd3,FirstNumber=18,secondNumber=1203}  written to file by thread pool-3-thread-5
 message  {Id=f5e3cb96-a302-4980-9533-63dbf331cd31,FirstNumber=945,secondNumber=686}  added by thread pool-3-thread-6
 message  {Id=f5e3cb96-a302-4980-9533-63dbf331cd31,FirstNumber=945,secondNumber=686}  written to file by thread pool-3-thread-3
 message  {Id=a35701f3-3f95-473e-8301-5fb41ae3a701,FirstNumber=8,secondNumber=1494}  added by thread pool-3-thread-6
 message  {Id=a35701f3-3f95-473e-8301-5fb41ae3a701,FirstNumber=8,secondNumber=1494}  written to file by thread pool-3-thread-1
 message  {Id=cf97535f-1fb8-4323-a4fb-f7eaf0a8a1e1,FirstNumber=267,secondNumber=206}  added by thread pool-3-thread-6
 message  {Id=cf97535f-1fb8-4323-a4fb-f7eaf0a8a1e1,FirstNumber=267,secondNumber=206}  written to file by thread pool-3-thread-1
 message  {Id=ac765bcd-ae63-48b6-b093-48506ed55c80,FirstNumber=415,secondNumber=1074}  added by thread pool-3-thread-6
 message  {Id=ac765bcd-ae63-48b6-b093-48506ed55c80,FirstNumber=415,secondNumber=1074}  written to file by thread pool-3-thread-4
 message  {Id=64be8d46-7af3-4f80-a2ee-dbcd9400ee7e,FirstNumber=404,secondNumber=1740}  added by thread pool-3-thread-6
 message  {Id=64be8d46-7af3-4f80-a2ee-dbcd9400ee7e,FirstNumber=404,secondNumber=1740}  written to file by thread pool-3-thread-5
 message  {Id=eb30c7a3-5ccb-49ea-b72d-13bc8f039ce5,FirstNumber=543,secondNumber=893}  added by thread pool-3-thread-6
 message  {Id=573391ef-8160-421f-aa4c-9dd0e9acaefc,FirstNumber=115,secondNumber=1119}  added by thread pool-3-thread-6
 message  {Id=eb30c7a3-5ccb-49ea-b72d-13bc8f039ce5,FirstNumber=543,secondNumber=893}  written to file by thread pool-3-thread-3
 message  {Id=573391ef-8160-421f-aa4c-9dd0e9acaefc,FirstNumber=115,secondNumber=1119}  written to file by thread pool-3-thread-2
 message  {Id=8f7b64ae-4457-4e7c-a941-7e6c6a073c35,FirstNumber=17,secondNumber=187}  added by thread pool-3-thread-6
 message  {Id=8f7b64ae-4457-4e7c-a941-7e6c6a073c35,FirstNumber=17,secondNumber=187}  written to file by thread pool-3-thread-1
 message  {Id=f4a3ac44-4a0d-4d90-97b5-ed051e6435b8,FirstNumber=62,secondNumber=1611}  added by thread pool-3-thread-6
 message  {Id=f4a3ac44-4a0d-4d90-97b5-ed051e6435b8,FirstNumber=62,secondNumber=1611}  written to file by thread pool-3-thread-4
 message  {Id=7994cf1a-dd4d-443b-8e52-69ff1e016c4b,FirstNumber=423,secondNumber=1029}  added by thread pool-3-thread-6
 message  {Id=7994cf1a-dd4d-443b-8e52-69ff1e016c4b,FirstNumber=423,secondNumber=1029}  written to file by thread pool-3-thread-4
 message  {Id=7ebc6fa7-456c-4843-8884-44ac0b447d1b,FirstNumber=128,secondNumber=702}  added by thread pool-3-thread-6
 message  {Id=7ebc6fa7-456c-4843-8884-44ac0b447d1b,FirstNumber=128,secondNumber=702}  written to file by thread pool-3-thread-3
 message  {Id=a1e60729-72b7-40f1-9a10-b77b7eb15803,FirstNumber=725,secondNumber=321}  added by thread pool-3-thread-6
 message  {Id=a1e60729-72b7-40f1-9a10-b77b7eb15803,FirstNumber=725,secondNumber=321}  written to file by thread pool-3-thread-2
 message  {Id=27a3d2be-3b19-457a-9507-4103616c5fe1,FirstNumber=829,secondNumber=760}  added by thread pool-3-thread-6
 message  {Id=27a3d2be-3b19-457a-9507-4103616c5fe1,FirstNumber=829,secondNumber=760}  written to file by thread pool-3-thread-2
 message  {Id=c89ac395-4e7d-4aa6-b241-f9dccd4f8fb1,FirstNumber=430,secondNumber=908}  added by thread pool-3-thread-6
 message  {Id=c89ac395-4e7d-4aa6-b241-f9dccd4f8fb1,FirstNumber=430,secondNumber=908}  written to file by thread pool-3-thread-5
 message  {Id=7ebc818d-cf1a-49d6-90ef-46ccae82ccb6,FirstNumber=532,secondNumber=1876}  added by thread pool-3-thread-6
 message  {Id=7ebc818d-cf1a-49d6-90ef-46ccae82ccb6,FirstNumber=532,secondNumber=1876}  written to file by thread pool-3-thread-5
 message  {Id=f746938c-5e76-44af-97b3-497f599cfbb2,FirstNumber=652,secondNumber=1456}  added by thread pool-3-thread-6
 message  {Id=baa4baff-ef37-458d-8857-04785c38a820,FirstNumber=840,secondNumber=124}  added by thread pool-3-thread-6
 message  {Id=f746938c-5e76-44af-97b3-497f599cfbb2,FirstNumber=652,secondNumber=1456}  written to file by thread pool-3-thread-3
 message  {Id=baa4baff-ef37-458d-8857-04785c38a820,FirstNumber=840,secondNumber=124}  written to file by thread pool-3-thread-1
 message  {Id=5761c684-c5c5-4327-83fa-7701a242e5ba,FirstNumber=486,secondNumber=881}  added by thread pool-3-thread-6
 message  {Id=5761c684-c5c5-4327-83fa-7701a242e5ba,FirstNumber=486,secondNumber=881}  written to file by thread pool-3-thread-1
 message  {Id=98b52369-fc06-4394-9153-6635b8454dad,FirstNumber=697,secondNumber=1562}  added by thread pool-3-thread-6
 message  {Id=98b52369-fc06-4394-9153-6635b8454dad,FirstNumber=697,secondNumber=1562}  written to file by thread pool-3-thread-1
 message  {Id=ee8c98fc-c74c-43a8-bce8-c1dbd99b559e,FirstNumber=660,secondNumber=1257}  added by thread pool-3-thread-6
 message  {Id=ee8c98fc-c74c-43a8-bce8-c1dbd99b559e,FirstNumber=660,secondNumber=1257}  written to file by thread pool-3-thread-1
 message  {Id=86da3a15-5da3-4c1c-aae2-294f005cf958,FirstNumber=616,secondNumber=627}  added by thread pool-3-thread-6
 message  {Id=86da3a15-5da3-4c1c-aae2-294f005cf958,FirstNumber=616,secondNumber=627}  written to file by thread pool-3-thread-1
 message  {Id=262074ea-a810-44a5-84a1-e8d8b8052782,FirstNumber=605,secondNumber=540}  added by thread pool-3-thread-6
 message  {Id=262074ea-a810-44a5-84a1-e8d8b8052782,FirstNumber=605,secondNumber=540}  written to file by thread pool-3-thread-2
 message  {Id=aa1f9c7a-0065-455a-ad36-f9257592e79e,FirstNumber=701,secondNumber=293}  added by thread pool-3-thread-6
 message  {Id=aa1f9c7a-0065-455a-ad36-f9257592e79e,FirstNumber=701,secondNumber=293}  written to file by thread pool-3-thread-2
 message  {Id=56d3e994-76dd-4ce2-8d1e-900d00ddc161,FirstNumber=637,secondNumber=1346}  added by thread pool-3-thread-6
 message  {Id=56d3e994-76dd-4ce2-8d1e-900d00ddc161,FirstNumber=637,secondNumber=1346}  written to file by thread pool-3-thread-5
 message  {Id=355cadda-2df3-4ded-a2f8-ef277e6d3f6d,FirstNumber=354,secondNumber=1941}  added by thread pool-3-thread-6
 message  {Id=c7f1c080-b683-4608-8ed1-1e29bb8ea3b0,FirstNumber=212,secondNumber=1809}  added by thread pool-3-thread-6
 message  {Id=355cadda-2df3-4ded-a2f8-ef277e6d3f6d,FirstNumber=354,secondNumber=1941}  written to file by thread pool-3-thread-3
 message  {Id=c7f1c080-b683-4608-8ed1-1e29bb8ea3b0,FirstNumber=212,secondNumber=1809}  written to file by thread pool-3-thread-1
 message  {Id=2151a93a-715e-46ce-8372-754811519ab1,FirstNumber=290,secondNumber=1391}  added by thread pool-3-thread-6
 message  {Id=2151a93a-715e-46ce-8372-754811519ab1,FirstNumber=290,secondNumber=1391}  written to file by thread pool-3-thread-4
 message  {Id=96dffda0-3eb9-441f-a6f2-66297861ae79,FirstNumber=747,secondNumber=1059}  added by thread pool-3-thread-6
 message  {Id=96dffda0-3eb9-441f-a6f2-66297861ae79,FirstNumber=747,secondNumber=1059}  written to file by thread pool-3-thread-4
 message  {Id=2f9a753f-d718-468e-b27c-34ff0a63d93b,FirstNumber=88,secondNumber=1534}  added by thread pool-3-thread-6
 message  {Id=2f9a753f-d718-468e-b27c-34ff0a63d93b,FirstNumber=88,secondNumber=1534}  written to file by thread pool-3-thread-5
 message  {Id=ea36349b-a1a7-4aa8-ad90-02b32722ca40,FirstNumber=124,secondNumber=25}  added by thread pool-3-thread-6
 message  {Id=ea36349b-a1a7-4aa8-ad90-02b32722ca40,FirstNumber=124,secondNumber=25}  written to file by thread pool-3-thread-5
 message  {Id=59e7fdba-7030-4b76-896d-1cd769358c82,FirstNumber=690,secondNumber=207}  added by thread pool-3-thread-6
 message  {Id=59e7fdba-7030-4b76-896d-1cd769358c82,FirstNumber=690,secondNumber=207}  written to file by thread pool-3-thread-5
 message  {Id=df374725-9bbe-4100-8131-c5bb5709e24c,FirstNumber=410,secondNumber=78}  added by thread pool-3-thread-6
 message  {Id=df374725-9bbe-4100-8131-c5bb5709e24c,FirstNumber=410,secondNumber=78}  written to file by thread pool-3-thread-5
 message  {Id=dccdf653-45d6-4af8-b313-e16273fd4c5c,FirstNumber=340,secondNumber=576}  added by thread pool-3-thread-6
 message  {Id=dccdf653-45d6-4af8-b313-e16273fd4c5c,FirstNumber=340,secondNumber=576}  written to file by thread pool-3-thread-5
 message  {Id=d039cc08-1782-4bd0-afd8-bb81b5d07307,FirstNumber=14,secondNumber=537}  added by thread pool-3-thread-6
 message  {Id=25cfb7d8-e099-46fa-8ce7-db009e9fa0ae,FirstNumber=430,secondNumber=225}  added by thread pool-3-thread-6
 message  {Id=d039cc08-1782-4bd0-afd8-bb81b5d07307,FirstNumber=14,secondNumber=537}  written to file by thread pool-3-thread-3
 message  {Id=25cfb7d8-e099-46fa-8ce7-db009e9fa0ae,FirstNumber=430,secondNumber=225}  written to file by thread pool-3-thread-1
 message  {Id=bb27687b-188f-4231-abbd-2fc4081d6850,FirstNumber=724,secondNumber=1832}  added by thread pool-3-thread-6
 message  {Id=bb27687b-188f-4231-abbd-2fc4081d6850,FirstNumber=724,secondNumber=1832}  written to file by thread pool-3-thread-3
 message  {Id=692bab8f-1151-4d53-a9c7-138a624f34bf,FirstNumber=149,secondNumber=1090}  added by thread pool-3-thread-6
 message  {Id=692bab8f-1151-4d53-a9c7-138a624f34bf,FirstNumber=149,secondNumber=1090}  written to file by thread pool-3-thread-4
 message  {Id=cbec8cbb-70ad-4109-9296-c666e1da9de6,FirstNumber=370,secondNumber=1383}  added by thread pool-3-thread-6
 message  {Id=cbec8cbb-70ad-4109-9296-c666e1da9de6,FirstNumber=370,secondNumber=1383}  written to file by thread pool-3-thread-4
 message  {Id=50c267ab-9f0f-490f-a931-06fc9b353230,FirstNumber=48,secondNumber=1701}  added by thread pool-3-thread-6
 message  {Id=50c267ab-9f0f-490f-a931-06fc9b353230,FirstNumber=48,secondNumber=1701}  written to file by thread pool-3-thread-2
 message  {Id=47d10307-0108-44cd-b25d-4b4a456b0f9f,FirstNumber=258,secondNumber=132}  added by thread pool-3-thread-6
 message  {Id=47d10307-0108-44cd-b25d-4b4a456b0f9f,FirstNumber=258,secondNumber=132}  written to file by thread pool-3-thread-1
 message  {Id=d1fb6866-df33-484c-b486-0153a40a1afe,FirstNumber=138,secondNumber=1654}  added by thread pool-3-thread-6
 message  {Id=d1fb6866-df33-484c-b486-0153a40a1afe,FirstNumber=138,secondNumber=1654}  written to file by thread pool-3-thread-3
 message  {Id=fcfef33e-a4db-427d-bf2f-52e0fa8de868,FirstNumber=789,secondNumber=88}  added by thread pool-3-thread-6
 message  {Id=fcfef33e-a4db-427d-bf2f-52e0fa8de868,FirstNumber=789,secondNumber=88}  written to file by thread pool-3-thread-5
 message  {Id=28e71774-8563-4505-b033-bb430b4d0a10,FirstNumber=796,secondNumber=1368}  added by thread pool-3-thread-6
 message  {Id=28e71774-8563-4505-b033-bb430b4d0a10,FirstNumber=796,secondNumber=1368}  written to file by thread pool-3-thread-4
 message  {Id=3413dd50-8c1d-4b0f-a8da-8d2b17654953,FirstNumber=972,secondNumber=151}  added by thread pool-3-thread-6
 message  {Id=3413dd50-8c1d-4b0f-a8da-8d2b17654953,FirstNumber=972,secondNumber=151}  written to file by thread pool-3-thread-4
 message  {Id=236c91b8-71d8-41c1-8992-0c5deddd50de,FirstNumber=834,secondNumber=546}  added by thread pool-3-thread-6
 message  {Id=236c91b8-71d8-41c1-8992-0c5deddd50de,FirstNumber=834,secondNumber=546}  written to file by thread pool-3-thread-1
 message  {Id=ca541d2d-a977-4c7a-8527-285a89ef3d74,FirstNumber=278,secondNumber=1830}  added by thread pool-3-thread-6
 message  {Id=ca541d2d-a977-4c7a-8527-285a89ef3d74,FirstNumber=278,secondNumber=1830}  written to file by thread pool-3-thread-1
 message  {Id=5a0e54c6-44d3-4cc7-a941-76cd5c77224e,FirstNumber=308,secondNumber=87}  added by thread pool-3-thread-6
 message  {Id=5a0e54c6-44d3-4cc7-a941-76cd5c77224e,FirstNumber=308,secondNumber=87}  written to file by thread pool-3-thread-1
 message  {Id=fcbbbaef-1d53-487c-9e98-e949be55e38f,FirstNumber=967,secondNumber=1417}  added by thread pool-3-thread-6
 message  {Id=fcbbbaef-1d53-487c-9e98-e949be55e38f,FirstNumber=967,secondNumber=1417}  written to file by thread pool-3-thread-2
 message  {Id=8407696c-f323-4ee6-bf70-dd5104239a7c,FirstNumber=63,secondNumber=848}  added by thread pool-3-thread-6
 message  {Id=8407696c-f323-4ee6-bf70-dd5104239a7c,FirstNumber=63,secondNumber=848}  written to file by thread pool-3-thread-4
 message  {Id=32eab5e9-944b-4815-bb74-818f3071adc1,FirstNumber=788,secondNumber=1821}  added by thread pool-3-thread-6
 message  {Id=af6b62d4-4b2a-4e5e-bc45-a091850fbf90,FirstNumber=372,secondNumber=1930}  added by thread pool-3-thread-6
 message  {Id=32eab5e9-944b-4815-bb74-818f3071adc1,FirstNumber=788,secondNumber=1821}  written to file by thread pool-3-thread-3
 message  {Id=af6b62d4-4b2a-4e5e-bc45-a091850fbf90,FirstNumber=372,secondNumber=1930}  written to file by thread pool-3-thread-5
 message  {Id=bd23207f-e47d-45ab-95fe-e752d6e8c199,FirstNumber=720,secondNumber=1012}  added by thread pool-3-thread-6
 message  {Id=bd23207f-e47d-45ab-95fe-e752d6e8c199,FirstNumber=720,secondNumber=1012}  written to file by thread pool-3-thread-5
 message  {Id=49c4bd2f-0662-4bff-aaa4-8f712055d295,FirstNumber=917,secondNumber=1905}  added by thread pool-3-thread-6
 message  {Id=49c4bd2f-0662-4bff-aaa4-8f712055d295,FirstNumber=917,secondNumber=1905}  written to file by thread pool-3-thread-5
 message  {Id=7d0c2b64-1c6c-414e-9a98-019f5dbe8b0e,FirstNumber=78,secondNumber=35}  added by thread pool-3-thread-6
 message  {Id=7d0c2b64-1c6c-414e-9a98-019f5dbe8b0e,FirstNumber=78,secondNumber=35}  written to file by thread pool-3-thread-4
 message  {Id=5b23bc18-7977-49a5-bab1-56f983e88c37,FirstNumber=199,secondNumber=1531}  added by thread pool-3-thread-6
 message  {Id=5b23bc18-7977-49a5-bab1-56f983e88c37,FirstNumber=199,secondNumber=1531}  written to file by thread pool-3-thread-4
 message  {Id=75005754-630a-4fee-9755-92ac7a3c2746,FirstNumber=259,secondNumber=1961}  added by thread pool-3-thread-6
 message  {Id=75005754-630a-4fee-9755-92ac7a3c2746,FirstNumber=259,secondNumber=1961}  written to file by thread pool-3-thread-4
 message  {Id=e0b7bff2-0310-49a5-bc11-d210ad9d2e66,FirstNumber=17,secondNumber=1688}  added by thread pool-3-thread-6
 message  {Id=e0b7bff2-0310-49a5-bc11-d210ad9d2e66,FirstNumber=17,secondNumber=1688}  written to file by thread pool-3-thread-4
 message  {Id=23a44a0a-f33a-4597-8cb5-09f7e8cb13e2,FirstNumber=33,secondNumber=1599}  added by thread pool-3-thread-6
 message  {Id=23a44a0a-f33a-4597-8cb5-09f7e8cb13e2,FirstNumber=33,secondNumber=1599}  written to file by thread pool-3-thread-5
 message  {Id=7bf7caf1-d5d7-48fd-92ba-118aca7c509f,FirstNumber=154,secondNumber=1607}  added by thread pool-3-thread-6
 message  {Id=7bf7caf1-d5d7-48fd-92ba-118aca7c509f,FirstNumber=154,secondNumber=1607}  written to file by thread pool-3-thread-5
 message  {Id=2ad4c534-352b-4f42-ab6f-eb8911dda195,FirstNumber=597,secondNumber=267}  added by thread pool-3-thread-6
 message  {Id=2ad4c534-352b-4f42-ab6f-eb8911dda195,FirstNumber=597,secondNumber=267}  written to file by thread pool-3-thread-1
 message  {Id=fcdc4836-c15b-497c-826d-6db1f2faec7e,FirstNumber=234,secondNumber=327}  added by thread pool-3-thread-6
 message  {Id=fcdc4836-c15b-497c-826d-6db1f2faec7e,FirstNumber=234,secondNumber=327}  written to file by thread pool-3-thread-1
 message  {Id=b3d37f63-5de1-4c2f-9307-e85fdbdc8c34,FirstNumber=75,secondNumber=1550}  added by thread pool-3-thread-6
 message  {Id=b3d37f63-5de1-4c2f-9307-e85fdbdc8c34,FirstNumber=75,secondNumber=1550}  written to file by thread pool-3-thread-4
 message  {Id=561be86e-fafd-4ac9-be0e-0634f92c18ef,FirstNumber=34,secondNumber=842}  added by thread pool-3-thread-6
 message  {Id=f06ec7c7-74fe-4440-997d-4810828adceb,FirstNumber=515,secondNumber=553}  added by thread pool-3-thread-6
 message  {Id=561be86e-fafd-4ac9-be0e-0634f92c18ef,FirstNumber=34,secondNumber=842}  written to file by thread pool-3-thread-3
 message  {Id=f06ec7c7-74fe-4440-997d-4810828adceb,FirstNumber=515,secondNumber=553}  written to file by thread pool-3-thread-5
 message  {Id=a1fb43c9-31fa-4678-897a-78d4f2703bc9,FirstNumber=883,secondNumber=352}  added by thread pool-3-thread-6
 message  {Id=a1fb43c9-31fa-4678-897a-78d4f2703bc9,FirstNumber=883,secondNumber=352}  written to file by thread pool-3-thread-2
 message  {Id=aa31d019-09d3-4da8-b788-068ba618525b,FirstNumber=101,secondNumber=1151}  added by thread pool-3-thread-6
 message  {Id=aa31d019-09d3-4da8-b788-068ba618525b,FirstNumber=101,secondNumber=1151}  written to file by thread pool-3-thread-1
 message  {Id=6d520d81-f8ab-44da-980d-95d22d4d9d33,FirstNumber=942,secondNumber=679}  added by thread pool-3-thread-6
 message  {Id=6d520d81-f8ab-44da-980d-95d22d4d9d33,FirstNumber=942,secondNumber=679}  written to file by thread pool-3-thread-4
 message  {Id=8bca5931-40bd-4e71-859a-25af30937d6e,FirstNumber=303,secondNumber=907}  added by thread pool-3-thread-6
 message  {Id=8bca5931-40bd-4e71-859a-25af30937d6e,FirstNumber=303,secondNumber=907}  written to file by thread pool-3-thread-4
 message  {Id=4fa4bd3f-b4b7-4029-9926-5c2cb1bfe107,FirstNumber=672,secondNumber=298}  added by thread pool-3-thread-6
 message  {Id=4fa4bd3f-b4b7-4029-9926-5c2cb1bfe107,FirstNumber=672,secondNumber=298}  written to file by thread pool-3-thread-4
 message  {Id=f69217ba-edb5-47b0-9c99-a99e9a53bf4c,FirstNumber=413,secondNumber=1785}  added by thread pool-3-thread-6
 message  {Id=f69217ba-edb5-47b0-9c99-a99e9a53bf4c,FirstNumber=413,secondNumber=1785}  written to file by thread pool-3-thread-2
 message  {Id=e1576f53-989a-43ca-a7ac-11f8e7140a10,FirstNumber=967,secondNumber=490}  added by thread pool-3-thread-6
 message  {Id=e1576f53-989a-43ca-a7ac-11f8e7140a10,FirstNumber=967,secondNumber=490}  written to file by thread pool-3-thread-1
 message  {Id=3221b36b-a7f2-4b2c-91dc-24dfe8618f26,FirstNumber=864,secondNumber=1155}  added by thread pool-3-thread-6
 message  {Id=0671f868-745c-4348-ac95-dbe224e1ebc9,FirstNumber=126,secondNumber=1229}  added by thread pool-3-thread-6
 message  {Id=3221b36b-a7f2-4b2c-91dc-24dfe8618f26,FirstNumber=864,secondNumber=1155}  written to file by thread pool-3-thread-3
 message  {Id=0671f868-745c-4348-ac95-dbe224e1ebc9,FirstNumber=126,secondNumber=1229}  written to file by thread pool-3-thread-5
 message  {Id=639005cb-920b-489a-8ebb-369d5ef48a01,FirstNumber=885,secondNumber=1893}  added by thread pool-3-thread-6
 message  {Id=639005cb-920b-489a-8ebb-369d5ef48a01,FirstNumber=885,secondNumber=1893}  written to file by thread pool-3-thread-5
 message  {Id=03dc3b1a-7f0e-4143-84a8-1daf21783c65,FirstNumber=948,secondNumber=177}  added by thread pool-3-thread-6
 message  {Id=03dc3b1a-7f0e-4143-84a8-1daf21783c65,FirstNumber=948,secondNumber=177}  written to file by thread pool-3-thread-5
 message  {Id=b49d0901-4a10-42ed-80c9-386b48c3c507,FirstNumber=930,secondNumber=161}  added by thread pool-3-thread-6
 message  {Id=b49d0901-4a10-42ed-80c9-386b48c3c507,FirstNumber=930,secondNumber=161}  written to file by thread pool-3-thread-1
 message  {Id=2dc1c936-1cd5-44ff-ac3e-916c52ecca55,FirstNumber=544,secondNumber=643}  added by thread pool-3-thread-6
 message  {Id=2dc1c936-1cd5-44ff-ac3e-916c52ecca55,FirstNumber=544,secondNumber=643}  written to file by thread pool-3-thread-1
 message  {Id=493b3ad8-20c7-43ba-b34d-27631e2d2d36,FirstNumber=998,secondNumber=418}  added by thread pool-3-thread-6
 message  {Id=493b3ad8-20c7-43ba-b34d-27631e2d2d36,FirstNumber=998,secondNumber=418}  written to file by thread pool-3-thread-1
 message  {Id=0386eaef-2539-41c7-af08-622f12afb772,FirstNumber=535,secondNumber=435}  added by thread pool-3-thread-6
 message  {Id=0386eaef-2539-41c7-af08-622f12afb772,FirstNumber=535,secondNumber=435}  written to file by thread pool-3-thread-1
 message  {Id=3b2c03ec-b036-465e-8394-f9766117324c,FirstNumber=442,secondNumber=285}  added by thread pool-3-thread-6
 message  {Id=3b2c03ec-b036-465e-8394-f9766117324c,FirstNumber=442,secondNumber=285}  written to file by thread pool-3-thread-5
 message  {Id=5ac91206-fc67-4864-b61f-69d8cf92dd51,FirstNumber=833,secondNumber=113}  added by thread pool-3-thread-6
 message  {Id=5ac91206-fc67-4864-b61f-69d8cf92dd51,FirstNumber=833,secondNumber=113}  written to file by thread pool-3-thread-3
 message  {Id=d6aab4f0-0cf3-47e9-9c05-5a27ab661e4a,FirstNumber=287,secondNumber=105}  added by thread pool-3-thread-6
 message  {Id=d6aab4f0-0cf3-47e9-9c05-5a27ab661e4a,FirstNumber=287,secondNumber=105}  written to file by thread pool-3-thread-4
 message  {Id=ae53e5c6-b3ed-4767-9dcd-42387de4ea86,FirstNumber=862,secondNumber=1619}  added by thread pool-3-thread-6
 message  {Id=ae53e5c6-b3ed-4767-9dcd-42387de4ea86,FirstNumber=862,secondNumber=1619}  written to file by thread pool-3-thread-2
 message  {Id=8d5f4c68-e875-404a-87e3-908f9b35a322,FirstNumber=866,secondNumber=606}  added by thread pool-3-thread-6
 message  {Id=8d5f4c68-e875-404a-87e3-908f9b35a322,FirstNumber=866,secondNumber=606}  written to file by thread pool-3-thread-2
 message  {Id=38a2636e-6ae5-4612-9054-bfe454c26cdf,FirstNumber=256,secondNumber=329}  added by thread pool-3-thread-6
 message  {Id=38a2636e-6ae5-4612-9054-bfe454c26cdf,FirstNumber=256,secondNumber=329}  written to file by thread pool-3-thread-5
 message  {Id=925e2283-980a-4ca3-8d16-3a08c6151ae1,FirstNumber=148,secondNumber=1095}  added by thread pool-3-thread-6
 message  {Id=925e2283-980a-4ca3-8d16-3a08c6151ae1,FirstNumber=148,secondNumber=1095}  written to file by thread pool-3-thread-5
 message  {Id=4781e2ef-71a7-4658-8736-632d88dc69bf,FirstNumber=935,secondNumber=1657}  added by thread pool-3-thread-6
 message  {Id=4781e2ef-71a7-4658-8736-632d88dc69bf,FirstNumber=935,secondNumber=1657}  written to file by thread pool-3-thread-4
 message  {Id=070f87c8-ce4d-4579-b8bd-b792cb136006,FirstNumber=773,secondNumber=535}  added by thread pool-3-thread-6
 message  {Id=070f87c8-ce4d-4579-b8bd-b792cb136006,FirstNumber=773,secondNumber=535}  written to file by thread pool-3-thread-4
 message  {Id=664f2775-46ae-406a-929d-8274ac93f634,FirstNumber=164,secondNumber=1951}  added by thread pool-3-thread-6
 message  {Id=664f2775-46ae-406a-929d-8274ac93f634,FirstNumber=164,secondNumber=1951}  written to file by thread pool-3-thread-2
 message  {Id=534eb7ad-7a5a-432d-9e73-45ed98cc0c7c,FirstNumber=193,secondNumber=1386}  added by thread pool-3-thread-6
 message  {Id=534eb7ad-7a5a-432d-9e73-45ed98cc0c7c,FirstNumber=193,secondNumber=1386}  written to file by thread pool-3-thread-3
 message  {Id=85736c6a-3771-4800-883a-0e032456c9ac,FirstNumber=297,secondNumber=197}  added by thread pool-3-thread-6
 message  {Id=85736c6a-3771-4800-883a-0e032456c9ac,FirstNumber=297,secondNumber=197}  written to file by thread pool-3-thread-5
 message  {Id=e1e6fb82-26e0-4354-92fc-504b1097c6b8,FirstNumber=714,secondNumber=1355}  added by thread pool-3-thread-6
 message  {Id=e1e6fb82-26e0-4354-92fc-504b1097c6b8,FirstNumber=714,secondNumber=1355}  written to file by thread pool-3-thread-1
 message  {Id=393edb0a-ba4c-41ba-a430-69e0bea58990,FirstNumber=469,secondNumber=1179}  added by thread pool-3-thread-6
 message  {Id=393edb0a-ba4c-41ba-a430-69e0bea58990,FirstNumber=469,secondNumber=1179}  written to file by thread pool-3-thread-1
 message  {Id=60ab5ec8-c168-433b-b293-8866cb3d048f,FirstNumber=229,secondNumber=1439}  added by thread pool-3-thread-6
 message  {Id=60ab5ec8-c168-433b-b293-8866cb3d048f,FirstNumber=229,secondNumber=1439}  written to file by thread pool-3-thread-2
 message  {Id=fb1116ea-b6aa-44e4-a454-5335cf505975,FirstNumber=973,secondNumber=261}  added by thread pool-3-thread-6
 message  {Id=fb1116ea-b6aa-44e4-a454-5335cf505975,FirstNumber=973,secondNumber=261}  written to file by thread pool-3-thread-2
 message  {Id=29b41e47-e4f8-416d-b35f-ededd6c9d18c,FirstNumber=15,secondNumber=607}  added by thread pool-3-thread-6
 message  {Id=29b41e47-e4f8-416d-b35f-ededd6c9d18c,FirstNumber=15,secondNumber=607}  written to file by thread pool-3-thread-5
 message  {Id=94a28a46-9fa7-4982-b8ad-0f8517a84fe5,FirstNumber=53,secondNumber=1530}  added by thread pool-3-thread-6
 message  {Id=94a28a46-9fa7-4982-b8ad-0f8517a84fe5,FirstNumber=53,secondNumber=1530}  written to file by thread pool-3-thread-5
 message  {Id=2e202c04-c995-432f-ba53-566cc43b5607,FirstNumber=685,secondNumber=359}  added by thread pool-3-thread-6
 message  {Id=2e202c04-c995-432f-ba53-566cc43b5607,FirstNumber=685,secondNumber=359}  written to file by thread pool-3-thread-1
 message  {Id=85c95ea7-dd08-45d9-b741-f6dbfb76e4fa,FirstNumber=507,secondNumber=839}  added by thread pool-3-thread-6
 message  {Id=85c95ea7-dd08-45d9-b741-f6dbfb76e4fa,FirstNumber=507,secondNumber=839}  written to file by thread pool-3-thread-3
 message  {Id=90c86a0e-7014-4f7d-a6e4-43396dba1935,FirstNumber=580,secondNumber=1304}  added by thread pool-3-thread-6
 message  {Id=90c86a0e-7014-4f7d-a6e4-43396dba1935,FirstNumber=580,secondNumber=1304}  written to file by thread pool-3-thread-2
 message  {Id=b8355862-ce86-4524-84fa-04add33de994,FirstNumber=295,secondNumber=95}  added by thread pool-3-thread-6
 message  {Id=b8355862-ce86-4524-84fa-04add33de994,FirstNumber=295,secondNumber=95}  written to file by thread pool-3-thread-4
 message  {Id=f339be72-53fa-4af7-9062-d38bc1460dfe,FirstNumber=415,secondNumber=112}  added by thread pool-3-thread-6
 message  {Id=f339be72-53fa-4af7-9062-d38bc1460dfe,FirstNumber=415,secondNumber=112}  written to file by thread pool-3-thread-5
 message  {Id=566af05b-62fb-4f36-8cf2-8cdd9c41aba5,FirstNumber=968,secondNumber=370}  added by thread pool-3-thread-6
 message  {Id=566af05b-62fb-4f36-8cf2-8cdd9c41aba5,FirstNumber=968,secondNumber=370}  written to file by thread pool-3-thread-1
 message  {Id=c66aa089-320f-41dc-a0c3-320c9991792e,FirstNumber=517,secondNumber=1219}  added by thread pool-3-thread-6
 message  {Id=c66aa089-320f-41dc-a0c3-320c9991792e,FirstNumber=517,secondNumber=1219}  written to file by thread pool-3-thread-3
 message  {Id=996e64f5-df07-4b3a-91aa-0efa5c201e06,FirstNumber=643,secondNumber=1782}  added by thread pool-3-thread-6
 message  {Id=996e64f5-df07-4b3a-91aa-0efa5c201e06,FirstNumber=643,secondNumber=1782}  written to file by thread pool-3-thread-2
 message  {Id=82724776-3e70-47c1-93d6-d6cdd34f4ae8,FirstNumber=518,secondNumber=386}  added by thread pool-3-thread-6
 message  {Id=82724776-3e70-47c1-93d6-d6cdd34f4ae8,FirstNumber=518,secondNumber=386}  written to file by thread pool-3-thread-4
 message  {Id=9e9990f0-ae61-4bd9-9e85-1c252e875998,FirstNumber=999,secondNumber=83}  added by thread pool-3-thread-6
 message  {Id=9e9990f0-ae61-4bd9-9e85-1c252e875998,FirstNumber=999,secondNumber=83}  written to file by thread pool-3-thread-4
 message  {Id=a3e4ef3f-e0fd-4e66-9f8e-7e29f5b9eb2b,FirstNumber=280,secondNumber=1299}  added by thread pool-3-thread-6
 message  {Id=a3e4ef3f-e0fd-4e66-9f8e-7e29f5b9eb2b,FirstNumber=280,secondNumber=1299}  written to file by thread pool-3-thread-1
 message  {Id=b1c200ec-0f88-4321-9f33-0f2c078fa86e,FirstNumber=875,secondNumber=1199}  added by thread pool-3-thread-6
 message  {Id=b1c200ec-0f88-4321-9f33-0f2c078fa86e,FirstNumber=875,secondNumber=1199}  written to file by thread pool-3-thread-1
 message  {Id=8f9bdf3b-148a-4162-8935-8c65c70163e5,FirstNumber=101,secondNumber=782}  added by thread pool-3-thread-6
 message  {Id=8f9bdf3b-148a-4162-8935-8c65c70163e5,FirstNumber=101,secondNumber=782}  written to file by thread pool-3-thread-2
 message  {Id=f990a5bf-98e7-4824-819b-b0046df3c15f,FirstNumber=94,secondNumber=1361}  added by thread pool-3-thread-6
 message  {Id=f990a5bf-98e7-4824-819b-b0046df3c15f,FirstNumber=94,secondNumber=1361}  written to file by thread pool-3-thread-5
 message  {Id=3de320b1-1931-4121-8be4-9d62e8cefdd6,FirstNumber=473,secondNumber=576}  added by thread pool-3-thread-6
 message  {Id=3de320b1-1931-4121-8be4-9d62e8cefdd6,FirstNumber=473,secondNumber=576}  written to file by thread pool-3-thread-4
 message  {Id=51e8799e-46fd-4718-b317-bc8cc5a5b4f1,FirstNumber=406,secondNumber=1181}  added by thread pool-3-thread-6
 message  {Id=51e8799e-46fd-4718-b317-bc8cc5a5b4f1,FirstNumber=406,secondNumber=1181}  written to file by thread pool-3-thread-4
 message  {Id=a8f4abde-e6a3-4919-8364-7dd444740987,FirstNumber=43,secondNumber=880}  added by thread pool-3-thread-6
 message  {Id=a8f4abde-e6a3-4919-8364-7dd444740987,FirstNumber=43,secondNumber=880}  written to file by thread pool-3-thread-1
 message  {Id=9a184bed-44f0-4db5-9dbf-c1539075bec8,FirstNumber=382,secondNumber=642}  added by thread pool-3-thread-6
 message  {Id=9a184bed-44f0-4db5-9dbf-c1539075bec8,FirstNumber=382,secondNumber=642}  written to file by thread pool-3-thread-2
 message  {Id=40e8ab17-23f9-4e1e-994e-4f31380f7ede,FirstNumber=956,secondNumber=1851}  added by thread pool-3-thread-6
 message  {Id=40e8ab17-23f9-4e1e-994e-4f31380f7ede,FirstNumber=956,secondNumber=1851}  written to file by thread pool-3-thread-5
 message  {Id=8b2404e5-3efb-4cfb-aba9-08565c82abde,FirstNumber=647,secondNumber=1563}  added by thread pool-3-thread-6
 message  {Id=8b2404e5-3efb-4cfb-aba9-08565c82abde,FirstNumber=647,secondNumber=1563}  written to file by thread pool-3-thread-5
 message  {Id=3a07c74a-4fb7-4dec-ad9c-c268d65c0d34,FirstNumber=710,secondNumber=1728}  added by thread pool-3-thread-6
 message  {Id=3a07c74a-4fb7-4dec-ad9c-c268d65c0d34,FirstNumber=710,secondNumber=1728}  written to file by thread pool-3-thread-4
 message  {Id=0b4dccb9-2a5c-4a9e-94f0-60cc7da92086,FirstNumber=495,secondNumber=105}  added by thread pool-3-thread-6
 message  {Id=0b4dccb9-2a5c-4a9e-94f0-60cc7da92086,FirstNumber=495,secondNumber=105}  written to file by thread pool-3-thread-4
 message  {Id=4af7f34c-7a36-40db-90db-e0eb3b5fef7e,FirstNumber=713,secondNumber=1092}  added by thread pool-3-thread-6
 message  {Id=4af7f34c-7a36-40db-90db-e0eb3b5fef7e,FirstNumber=713,secondNumber=1092}  written to file by thread pool-3-thread-2
 message  {Id=c857fdb2-ba2f-46fd-a0f0-fb7639d1012d,FirstNumber=93,secondNumber=1755}  added by thread pool-3-thread-6
 message  {Id=c857fdb2-ba2f-46fd-a0f0-fb7639d1012d,FirstNumber=93,secondNumber=1755}  written to file by thread pool-3-thread-2
 message  {Id=bad3311f-6505-46cb-aa39-1f87ef83bf81,FirstNumber=348,secondNumber=1872}  added by thread pool-3-thread-6
 message  {Id=bad3311f-6505-46cb-aa39-1f87ef83bf81,FirstNumber=348,secondNumber=1872}  written to file by thread pool-3-thread-5
 message  {Id=f0a89e7d-baac-40fd-8459-f7bf7ae578e8,FirstNumber=159,secondNumber=752}  added by thread pool-3-thread-6
 message  {Id=f0a89e7d-baac-40fd-8459-f7bf7ae578e8,FirstNumber=159,secondNumber=752}  written to file by thread pool-3-thread-1
 message  {Id=7dae5af5-2775-4f69-ad20-0137d9df6f2a,FirstNumber=912,secondNumber=1022}  added by thread pool-3-thread-6
 message  {Id=7dae5af5-2775-4f69-ad20-0137d9df6f2a,FirstNumber=912,secondNumber=1022}  written to file by thread pool-3-thread-1
 message  {Id=77f8898c-1209-4439-be35-f3cb1b18e9b6,FirstNumber=6,secondNumber=1206}  added by thread pool-3-thread-6
 message  {Id=77f8898c-1209-4439-be35-f3cb1b18e9b6,FirstNumber=6,secondNumber=1206}  written to file by thread pool-3-thread-3
 message  {Id=69a7b622-e317-49b6-84a7-aa67681fcd47,FirstNumber=787,secondNumber=819}  added by thread pool-3-thread-6
 message  {Id=69a7b622-e317-49b6-84a7-aa67681fcd47,FirstNumber=787,secondNumber=819}  written to file by thread pool-3-thread-2
 message  {Id=09331b3f-cafc-42c1-a9d5-4a7c2d12f622,FirstNumber=260,secondNumber=74}  added by thread pool-3-thread-6
 message  {Id=09331b3f-cafc-42c1-a9d5-4a7c2d12f622,FirstNumber=260,secondNumber=74}  written to file by thread pool-3-thread-5
 message  {Id=033cf44c-51b5-4a7a-b6c1-bd2fe355f403,FirstNumber=956,secondNumber=1408}  added by thread pool-3-thread-6
 message  {Id=033cf44c-51b5-4a7a-b6c1-bd2fe355f403,FirstNumber=956,secondNumber=1408}  written to file by thread pool-3-thread-4
 message  {Id=86bf7d7d-9132-489a-b958-1a4e92ad8ac2,FirstNumber=988,secondNumber=864}  added by thread pool-3-thread-6
 message  {Id=86bf7d7d-9132-489a-b958-1a4e92ad8ac2,FirstNumber=988,secondNumber=864}  written to file by thread pool-3-thread-4
 message  {Id=1d505e9a-d9ed-4e97-9135-da114b65478d,FirstNumber=102,secondNumber=407}  added by thread pool-3-thread-6
 message  {Id=1d505e9a-d9ed-4e97-9135-da114b65478d,FirstNumber=102,secondNumber=407}  written to file by thread pool-3-thread-3
 message  {Id=e06e29e6-ec67-4b76-8ffc-a62a38d94495,FirstNumber=170,secondNumber=47}  added by thread pool-3-thread-6
 message  {Id=e06e29e6-ec67-4b76-8ffc-a62a38d94495,FirstNumber=170,secondNumber=47}  written to file by thread pool-3-thread-2
 message  {Id=4405597a-a414-4b64-92b2-daa722f937fa,FirstNumber=284,secondNumber=1301}  added by thread pool-3-thread-6
 message  {Id=4405597a-a414-4b64-92b2-daa722f937fa,FirstNumber=284,secondNumber=1301}  written to file by thread pool-3-thread-5
 message  {Id=5cf120fc-a7e2-4844-9a41-0e16813bf352,FirstNumber=810,secondNumber=693}  added by thread pool-3-thread-6
 message  {Id=5cf120fc-a7e2-4844-9a41-0e16813bf352,FirstNumber=810,secondNumber=693}  written to file by thread pool-3-thread-1
 message  {Id=6f63d42f-ece3-48cb-b8d2-431a719d390c,FirstNumber=16,secondNumber=933}  added by thread pool-3-thread-6
 message  {Id=6f63d42f-ece3-48cb-b8d2-431a719d390c,FirstNumber=16,secondNumber=933}  written to file by thread pool-3-thread-1
 message  {Id=ac8cafdb-4895-407e-85f5-5208770efad5,FirstNumber=111,secondNumber=1587}  added by thread pool-3-thread-6
 message  {Id=ac8cafdb-4895-407e-85f5-5208770efad5,FirstNumber=111,secondNumber=1587}  written to file by thread pool-3-thread-3
 message  {Id=160ef06f-3603-44e3-ad67-abcc385aebec,FirstNumber=463,secondNumber=1768}  added by thread pool-3-thread-6
 message  {Id=160ef06f-3603-44e3-ad67-abcc385aebec,FirstNumber=463,secondNumber=1768}  written to file by thread pool-3-thread-2
 message  {Id=34421774-76e9-4191-be78-88566a8274a9,FirstNumber=399,secondNumber=817}  added by thread pool-3-thread-6
 message  {Id=34421774-76e9-4191-be78-88566a8274a9,FirstNumber=399,secondNumber=817}  written to file by thread pool-3-thread-5
 message  {Id=c03b8f4d-c6bb-4e46-be14-44085110b225,FirstNumber=834,secondNumber=1119}  added by thread pool-3-thread-6
 message  {Id=c03b8f4d-c6bb-4e46-be14-44085110b225,FirstNumber=834,secondNumber=1119}  written to file by thread pool-3-thread-4
 message  {Id=97abadcd-4c80-4e36-9a49-7c8953d3b596,FirstNumber=281,secondNumber=1733}  added by thread pool-3-thread-6
 message  {Id=97abadcd-4c80-4e36-9a49-7c8953d3b596,FirstNumber=281,secondNumber=1733}  written to file by thread pool-3-thread-4
 message  {Id=ac1fb4ed-9191-4776-9b8c-8fea5ce61ebc,FirstNumber=566,secondNumber=315}  added by thread pool-3-thread-6
 message  {Id=ac1fb4ed-9191-4776-9b8c-8fea5ce61ebc,FirstNumber=566,secondNumber=315}  written to file by thread pool-3-thread-3
 message  {Id=c889b7a0-9eed-4fed-9073-71360fb9828a,FirstNumber=597,secondNumber=879}  added by thread pool-3-thread-6
 message  {Id=c889b7a0-9eed-4fed-9073-71360fb9828a,FirstNumber=597,secondNumber=879}  written to file by thread pool-3-thread-2
 message  {Id=2d958380-857c-4cb3-a1ea-c84ae489fba5,FirstNumber=796,secondNumber=88}  added by thread pool-3-thread-6
 message  {Id=2d958380-857c-4cb3-a1ea-c84ae489fba5,FirstNumber=796,secondNumber=88}  written to file by thread pool-3-thread-5
 message  {Id=9c7af970-d4cf-485f-b535-23b6d5509e23,FirstNumber=915,secondNumber=630}  added by thread pool-3-thread-6
 message  {Id=9c7af970-d4cf-485f-b535-23b6d5509e23,FirstNumber=915,secondNumber=630}  written to file by thread pool-3-thread-1
 message  {Id=be072e57-bcce-46e3-8d2c-04b93849c684,FirstNumber=160,secondNumber=42}  added by thread pool-3-thread-6
 message  {Id=be072e57-bcce-46e3-8d2c-04b93849c684,FirstNumber=160,secondNumber=42}  written to file by thread pool-3-thread-1
 message  {Id=fb3901e5-bb67-444b-bd35-908e36ca87e2,FirstNumber=207,secondNumber=461}  added by thread pool-3-thread-6
 message  {Id=fb3901e5-bb67-444b-bd35-908e36ca87e2,FirstNumber=207,secondNumber=461}  written to file by thread pool-3-thread-3
 message  {Id=3a0cc6ee-9b69-4370-8301-80ef3ebe2aa8,FirstNumber=377,secondNumber=1115}  added by thread pool-3-thread-6
 message  {Id=3a0cc6ee-9b69-4370-8301-80ef3ebe2aa8,FirstNumber=377,secondNumber=1115}  written to file by thread pool-3-thread-2
 message  {Id=84770483-2baa-4c6a-a1d0-46e04e921843,FirstNumber=416,secondNumber=1432}  added by thread pool-3-thread-6
 message  {Id=84770483-2baa-4c6a-a1d0-46e04e921843,FirstNumber=416,secondNumber=1432}  written to file by thread pool-3-thread-5
 message  {Id=a68511e7-b249-4528-bfb1-64c4522ca703,FirstNumber=58,secondNumber=1783}  added by thread pool-3-thread-6
 message  {Id=a68511e7-b249-4528-bfb1-64c4522ca703,FirstNumber=58,secondNumber=1783}  written to file by thread pool-3-thread-4
 message  {Id=a6b8e1ad-dd3a-4f62-bc88-d30ee6400bc8,FirstNumber=5,secondNumber=349}  added by thread pool-3-thread-6
 message  {Id=a6b8e1ad-dd3a-4f62-bc88-d30ee6400bc8,FirstNumber=5,secondNumber=349}  written to file by thread pool-3-thread-1
 message  {Id=28dd7c6f-be19-4fba-9e91-90d81a1cb97c,FirstNumber=402,secondNumber=1473}  added by thread pool-3-thread-6
 message  {Id=28dd7c6f-be19-4fba-9e91-90d81a1cb97c,FirstNumber=402,secondNumber=1473}  written to file by thread pool-3-thread-3
 message  {Id=21244f12-4558-41bd-98e6-c1987e6fa28d,FirstNumber=925,secondNumber=348}  added by thread pool-3-thread-6
 message  {Id=21244f12-4558-41bd-98e6-c1987e6fa28d,FirstNumber=925,secondNumber=348}  written to file by thread pool-3-thread-2
 message  {Id=8922ccfa-68d2-4193-b3bf-bf1512abeb55,FirstNumber=920,secondNumber=1514}  added by thread pool-3-thread-6
 message  {Id=8922ccfa-68d2-4193-b3bf-bf1512abeb55,FirstNumber=920,secondNumber=1514}  written to file by thread pool-3-thread-5
 message  {Id=674ac567-ee06-4de2-bc43-036b3687685e,FirstNumber=781,secondNumber=183}  added by thread pool-3-thread-6
 message  {Id=674ac567-ee06-4de2-bc43-036b3687685e,FirstNumber=781,secondNumber=183}  written to file by thread pool-3-thread-5
 message  {Id=2ffa0d85-aea7-4052-91b9-a7e2238b5fa5,FirstNumber=570,secondNumber=1230}  added by thread pool-3-thread-6
 message  {Id=2ffa0d85-aea7-4052-91b9-a7e2238b5fa5,FirstNumber=570,secondNumber=1230}  written to file by thread pool-3-thread-1
 message  {Id=a8fa6f66-4930-4ff5-b5cf-594556bb67ca,FirstNumber=553,secondNumber=360}  added by thread pool-3-thread-6
 message  {Id=a8fa6f66-4930-4ff5-b5cf-594556bb67ca,FirstNumber=553,secondNumber=360}  written to file by thread pool-3-thread-1
 message  {Id=4f0d8ee7-d85b-4255-8921-0ff7f22fed7f,FirstNumber=329,secondNumber=281}  added by thread pool-3-thread-6
 message  {Id=4f0d8ee7-d85b-4255-8921-0ff7f22fed7f,FirstNumber=329,secondNumber=281}  written to file by thread pool-3-thread-2
 message  {Id=2656e378-6ea9-4051-a785-54947f5960bf,FirstNumber=713,secondNumber=1958}  added by thread pool-3-thread-6
 message  {Id=2656e378-6ea9-4051-a785-54947f5960bf,FirstNumber=713,secondNumber=1958}  written to file by thread pool-3-thread-2
 message  {Id=16464fcb-1790-46e1-865c-5107a54c16c1,FirstNumber=397,secondNumber=1932}  added by thread pool-3-thread-6
 message  {Id=16464fcb-1790-46e1-865c-5107a54c16c1,FirstNumber=397,secondNumber=1932}  written to file by thread pool-3-thread-5
 message  {Id=78e9c531-fc81-40fe-852f-f71b6464b83e,FirstNumber=251,secondNumber=1515}  added by thread pool-3-thread-6
 message  {Id=78e9c531-fc81-40fe-852f-f71b6464b83e,FirstNumber=251,secondNumber=1515}  written to file by thread pool-3-thread-5
 message  {Id=78b07a55-0453-4039-91ee-e73af770357b,FirstNumber=712,secondNumber=132}  added by thread pool-3-thread-6
 message  {Id=78b07a55-0453-4039-91ee-e73af770357b,FirstNumber=712,secondNumber=132}  written to file by thread pool-3-thread-1
 message  {Id=2afd75ab-beb8-4cf1-b984-a7f2e4ded4a8,FirstNumber=784,secondNumber=304}  added by thread pool-3-thread-6
 message  {Id=2afd75ab-beb8-4cf1-b984-a7f2e4ded4a8,FirstNumber=784,secondNumber=304}  written to file by thread pool-3-thread-1
 message  {Id=31617213-6c84-445a-a6fb-deb12802dc64,FirstNumber=131,secondNumber=718}  added by thread pool-3-thread-6
 message  {Id=31617213-6c84-445a-a6fb-deb12802dc64,FirstNumber=131,secondNumber=718}  written to file by thread pool-3-thread-2
 message  {Id=e7fa8351-bba3-49c5-bbe4-5d875eaabd2a,FirstNumber=22,secondNumber=885}  added by thread pool-3-thread-6
 message  {Id=e7fa8351-bba3-49c5-bbe4-5d875eaabd2a,FirstNumber=22,secondNumber=885}  written to file by thread pool-3-thread-2
 message  {Id=cddddaa1-b8bd-4679-a7ff-71a4a9825d67,FirstNumber=221,secondNumber=170}  added by thread pool-3-thread-6
 message  {Id=cddddaa1-b8bd-4679-a7ff-71a4a9825d67,FirstNumber=221,secondNumber=170}  written to file by thread pool-3-thread-5
 message  {Id=b4c1dbf1-cc30-42f5-809a-22fd4fc1b030,FirstNumber=670,secondNumber=848}  added by thread pool-3-thread-6
 message  {Id=b4c1dbf1-cc30-42f5-809a-22fd4fc1b030,FirstNumber=670,secondNumber=848}  written to file by thread pool-3-thread-5
 message  {Id=027a09c2-f367-44f8-9495-8e465a66450b,FirstNumber=793,secondNumber=908}  added by thread pool-3-thread-6
 message  {Id=027a09c2-f367-44f8-9495-8e465a66450b,FirstNumber=793,secondNumber=908}  written to file by thread pool-3-thread-1
 message  {Id=f45821e1-73dc-4e9b-bce5-1d585b993669,FirstNumber=835,secondNumber=1321}  added by thread pool-3-thread-6
 message  {Id=f45821e1-73dc-4e9b-bce5-1d585b993669,FirstNumber=835,secondNumber=1321}  written to file by thread pool-3-thread-3
 message  {Id=11fa85cc-5cc3-4070-96c2-5bb28521abc7,FirstNumber=945,secondNumber=224}  added by thread pool-3-thread-6
 message  {Id=11fa85cc-5cc3-4070-96c2-5bb28521abc7,FirstNumber=945,secondNumber=224}  written to file by thread pool-3-thread-2
 message  {Id=83950e76-0069-4a5b-9ed5-4e71f3c9869f,FirstNumber=868,secondNumber=598}  added by thread pool-3-thread-6
 message  {Id=83950e76-0069-4a5b-9ed5-4e71f3c9869f,FirstNumber=868,secondNumber=598}  written to file by thread pool-3-thread-4
 message  {Id=155a421b-917f-4c68-8689-a544eafc8d97,FirstNumber=376,secondNumber=1317}  added by thread pool-3-thread-6
 message  {Id=155a421b-917f-4c68-8689-a544eafc8d97,FirstNumber=376,secondNumber=1317}  written to file by thread pool-3-thread-5
 message  {Id=2d7c6423-1d86-4132-b950-5ca2fa97346e,FirstNumber=160,secondNumber=941}  added by thread pool-3-thread-6
 message  {Id=2d7c6423-1d86-4132-b950-5ca2fa97346e,FirstNumber=160,secondNumber=941}  written to file by thread pool-3-thread-5
 message  {Id=46b9785a-42e1-48a7-801f-c70373cdf95f,FirstNumber=505,secondNumber=277}  added by thread pool-3-thread-6
 message  {Id=46b9785a-42e1-48a7-801f-c70373cdf95f,FirstNumber=505,secondNumber=277}  written to file by thread pool-3-thread-3
 message  {Id=0bae0f80-5900-4899-9078-b3f975df9cc2,FirstNumber=204,secondNumber=1680}  added by thread pool-3-thread-6
 message  {Id=0bae0f80-5900-4899-9078-b3f975df9cc2,FirstNumber=204,secondNumber=1680}  written to file by thread pool-3-thread-2
 message  {Id=8fb94808-e9d8-4f50-87e5-bd083e38fb23,FirstNumber=612,secondNumber=830}  added by thread pool-3-thread-6
 message  {Id=8fb94808-e9d8-4f50-87e5-bd083e38fb23,FirstNumber=612,secondNumber=830}  written to file by thread pool-3-thread-4
 message  {Id=211f1bfc-b880-4aef-8440-5aa39870b5ba,FirstNumber=827,secondNumber=24}  added by thread pool-3-thread-6
 message  {Id=211f1bfc-b880-4aef-8440-5aa39870b5ba,FirstNumber=827,secondNumber=24}  written to file by thread pool-3-thread-1
 message  {Id=a4982337-4c21-47ec-8b6c-6031701730fa,FirstNumber=272,secondNumber=594}  added by thread pool-3-thread-6
 message  {Id=a4982337-4c21-47ec-8b6c-6031701730fa,FirstNumber=272,secondNumber=594}  written to file by thread pool-3-thread-1
 message  {Id=aa4e935f-065c-4a4d-b7b0-7f56f2c6e32e,FirstNumber=222,secondNumber=1017}  added by thread pool-3-thread-6
 message  {Id=aa4e935f-065c-4a4d-b7b0-7f56f2c6e32e,FirstNumber=222,secondNumber=1017}  written to file by thread pool-3-thread-1
 message  {Id=1b9e8cfc-a9f2-4aa8-90f1-b46554577676,FirstNumber=306,secondNumber=1694}  added by thread pool-3-thread-6
 message  {Id=1b9e8cfc-a9f2-4aa8-90f1-b46554577676,FirstNumber=306,secondNumber=1694}  written to file by thread pool-3-thread-2
 message  {Id=13d1e211-caad-43f0-a69c-1b232753c6f4,FirstNumber=349,secondNumber=734}  added by thread pool-3-thread-6
 message  {Id=13d1e211-caad-43f0-a69c-1b232753c6f4,FirstNumber=349,secondNumber=734}  written to file by thread pool-3-thread-4
 message  {Id=4c1a33a7-52b9-4e59-9ac9-4332a12a3538,FirstNumber=662,secondNumber=910}  added by thread pool-3-thread-6
 message  {Id=4c1a33a7-52b9-4e59-9ac9-4332a12a3538,FirstNumber=662,secondNumber=910}  written to file by thread pool-3-thread-4
 message  {Id=b3a899b4-4eab-4beb-9afe-30a38035e1be,FirstNumber=768,secondNumber=680}  added by thread pool-3-thread-6
 message  {Id=b3a899b4-4eab-4beb-9afe-30a38035e1be,FirstNumber=768,secondNumber=680}  written to file by thread pool-3-thread-4
 message  {Id=ef206826-6b8b-4237-b4d4-b1e60a5666b4,FirstNumber=605,secondNumber=1816}  added by thread pool-3-thread-6
 message  {Id=ef206826-6b8b-4237-b4d4-b1e60a5666b4,FirstNumber=605,secondNumber=1816}  written to file by thread pool-3-thread-1
 message  {Id=f0db706d-55a1-4691-b471-be7dba0e3c9a,FirstNumber=326,secondNumber=1397}  added by thread pool-3-thread-6
 message  {Id=f0db706d-55a1-4691-b471-be7dba0e3c9a,FirstNumber=326,secondNumber=1397}  written to file by thread pool-3-thread-1
 message  {Id=683baa08-282d-4ccc-a553-16de47456885,FirstNumber=994,secondNumber=990}  added by thread pool-3-thread-6
 message  {Id=683baa08-282d-4ccc-a553-16de47456885,FirstNumber=994,secondNumber=990}  written to file by thread pool-3-thread-5
 message  {Id=e1316a92-bd34-466e-a582-ca23071e0c6a,FirstNumber=45,secondNumber=591}  added by thread pool-3-thread-6
 message  {Id=e1316a92-bd34-466e-a582-ca23071e0c6a,FirstNumber=45,secondNumber=591}  written to file by thread pool-3-thread-5
 message  {Id=c31e6e7f-a597-4789-9c2f-d1aa3be444c8,FirstNumber=387,secondNumber=418}  added by thread pool-3-thread-6
 message  {Id=c31e6e7f-a597-4789-9c2f-d1aa3be444c8,FirstNumber=387,secondNumber=418}  written to file by thread pool-3-thread-4
 message  {Id=d16f589c-b1a7-4728-8cff-757c04d40047,FirstNumber=885,secondNumber=804}  added by thread pool-3-thread-6
 message  {Id=d16f589c-b1a7-4728-8cff-757c04d40047,FirstNumber=885,secondNumber=804}  written to file by thread pool-3-thread-4
 message  {Id=b46b67a5-e95a-4d3d-9e7f-ec1f9bc579e9,FirstNumber=165,secondNumber=875}  written to file by thread pool-3-thread-1
 message  {Id=b46b67a5-e95a-4d3d-9e7f-ec1f9bc579e9,FirstNumber=165,secondNumber=875}  added by thread pool-3-thread-6
 message  {Id=9483e4f6-826f-4020-93e9-13e92543d397,FirstNumber=222,secondNumber=1395}  added by thread pool-3-thread-6
 message  {Id=9483e4f6-826f-4020-93e9-13e92543d397,FirstNumber=222,secondNumber=1395}  written to file by thread pool-3-thread-3
 message  {Id=56999cab-8a82-4e6a-9f6d-cefc8b6f3ab7,FirstNumber=549,secondNumber=1236}  added by thread pool-3-thread-6
 message  {Id=56999cab-8a82-4e6a-9f6d-cefc8b6f3ab7,FirstNumber=549,secondNumber=1236}  written to file by thread pool-3-thread-5
 message  {Id=2eefefe8-b5b8-4266-83fd-82bbd74fb891,FirstNumber=146,secondNumber=1756}  added by thread pool-3-thread-6
 message  {Id=2eefefe8-b5b8-4266-83fd-82bbd74fb891,FirstNumber=146,secondNumber=1756}  written to file by thread pool-3-thread-5
 message  {Id=806dc4f6-3359-4ca0-98fb-3b796b032d6b,FirstNumber=795,secondNumber=138}  added by thread pool-3-thread-6
 message  {Id=806dc4f6-3359-4ca0-98fb-3b796b032d6b,FirstNumber=795,secondNumber=138}  written to file by thread pool-3-thread-4
 message  {Id=6402df9a-7a48-4780-b70b-424ff9eb3d27,FirstNumber=994,secondNumber=1226}  added by thread pool-3-thread-6
 message  {Id=6402df9a-7a48-4780-b70b-424ff9eb3d27,FirstNumber=994,secondNumber=1226}  written to file by thread pool-3-thread-1
 message  {Id=43755b97-db22-4914-83cd-cdcc4cafc5ea,FirstNumber=726,secondNumber=892}  added by thread pool-3-thread-6
 message  {Id=43755b97-db22-4914-83cd-cdcc4cafc5ea,FirstNumber=726,secondNumber=892}  written to file by thread pool-3-thread-1
 message  {Id=9a380f0d-4d54-4c0c-a547-7caff339ad7d,FirstNumber=50,secondNumber=1552}  added by thread pool-3-thread-6
 message  {Id=9a380f0d-4d54-4c0c-a547-7caff339ad7d,FirstNumber=50,secondNumber=1552}  written to file by thread pool-3-thread-2
 message  {Id=39712324-13e0-4043-953b-3095cd359634,FirstNumber=502,secondNumber=732}  added by thread pool-3-thread-6
 message  {Id=39712324-13e0-4043-953b-3095cd359634,FirstNumber=502,secondNumber=732}  written to file by thread pool-3-thread-2
 message  {Id=edaa2092-52f8-4b7a-8447-3ddb1396732c,FirstNumber=405,secondNumber=1219}  added by thread pool-3-thread-6
 message  {Id=edaa2092-52f8-4b7a-8447-3ddb1396732c,FirstNumber=405,secondNumber=1219}  written to file by thread pool-3-thread-4
 message  {Id=0fbd13e5-ac0a-4f21-96c9-a6dc253882b0,FirstNumber=820,secondNumber=1649}  added by thread pool-3-thread-6
 message  {Id=0fbd13e5-ac0a-4f21-96c9-a6dc253882b0,FirstNumber=820,secondNumber=1649}  written to file by thread pool-3-thread-3
 message  {Id=49dba64a-3ea4-4088-89a2-7bb6c876d357,FirstNumber=567,secondNumber=32}  added by thread pool-3-thread-6
 message  {Id=49dba64a-3ea4-4088-89a2-7bb6c876d357,FirstNumber=567,secondNumber=32}  written to file by thread pool-3-thread-1
 message  {Id=1a894b53-cff4-445d-839b-8ae66ab4fa8b,FirstNumber=79,secondNumber=945}  added by thread pool-3-thread-6
 message  {Id=1a894b53-cff4-445d-839b-8ae66ab4fa8b,FirstNumber=79,secondNumber=945}  written to file by thread pool-3-thread-5
 message  {Id=c8b532a2-2ff5-4810-bdf3-b494b9b1418e,FirstNumber=10,secondNumber=1354}  added by thread pool-3-thread-6
 message  {Id=c8b532a2-2ff5-4810-bdf3-b494b9b1418e,FirstNumber=10,secondNumber=1354}  written to file by thread pool-3-thread-5
 message  {Id=f0101c35-48f6-41e2-8219-44a3841ff90f,FirstNumber=646,secondNumber=571}  added by thread pool-3-thread-6
 message  {Id=f0101c35-48f6-41e2-8219-44a3841ff90f,FirstNumber=646,secondNumber=571}  written to file by thread pool-3-thread-4
 message  {Id=bb0dcab3-1d68-452f-9797-d0cdb2c90053,FirstNumber=423,secondNumber=477}  added by thread pool-3-thread-6
 message  {Id=bb0dcab3-1d68-452f-9797-d0cdb2c90053,FirstNumber=423,secondNumber=477}  written to file by thread pool-3-thread-4
 message  {Id=085a87e7-1d24-4b7b-9205-6d38308d456c,FirstNumber=237,secondNumber=1158}  added by thread pool-3-thread-6
 message  {Id=085a87e7-1d24-4b7b-9205-6d38308d456c,FirstNumber=237,secondNumber=1158}  written to file by thread pool-3-thread-1
 message  {Id=08ef2e42-4a26-480a-95e3-8ecbf7538788,FirstNumber=991,secondNumber=725}  added by thread pool-3-thread-6
 message  {Id=08ef2e42-4a26-480a-95e3-8ecbf7538788,FirstNumber=991,secondNumber=725}  written to file by thread pool-3-thread-1
 message  {Id=476a617b-d457-4eec-b372-85d1082630ec,FirstNumber=637,secondNumber=1081}  added by thread pool-3-thread-6
 message  {Id=476a617b-d457-4eec-b372-85d1082630ec,FirstNumber=637,secondNumber=1081}  written to file by thread pool-3-thread-5
 message  {Id=62dc44a4-1420-450a-925c-fb835a1a9ac7,FirstNumber=909,secondNumber=51}  added by thread pool-3-thread-6
 message  {Id=62dc44a4-1420-450a-925c-fb835a1a9ac7,FirstNumber=909,secondNumber=51}  written to file by thread pool-3-thread-5
 message  {Id=1950385d-8625-46c1-9332-45ef7556384e,FirstNumber=290,secondNumber=1792}  added by thread pool-3-thread-6
 message  {Id=1950385d-8625-46c1-9332-45ef7556384e,FirstNumber=290,secondNumber=1792}  written to file by thread pool-3-thread-4
 message  {Id=4ac7c9ff-0524-4120-af84-b0161a52056f,FirstNumber=684,secondNumber=965}  added by thread pool-3-thread-6
 message  {Id=4ac7c9ff-0524-4120-af84-b0161a52056f,FirstNumber=684,secondNumber=965}  written to file by thread pool-3-thread-4
 message  {Id=199915e9-0c1d-4bbf-a267-dc1dcf4dbd18,FirstNumber=493,secondNumber=1916}  added by thread pool-3-thread-6
 message  {Id=199915e9-0c1d-4bbf-a267-dc1dcf4dbd18,FirstNumber=493,secondNumber=1916}  written to file by thread pool-3-thread-1
 message  {Id=7e1f3a1d-0357-4461-a833-7dcfd6322eb8,FirstNumber=112,secondNumber=1144}  added by thread pool-3-thread-6
 message  {Id=7e1f3a1d-0357-4461-a833-7dcfd6322eb8,FirstNumber=112,secondNumber=1144}  written to file by thread pool-3-thread-1
 message  {Id=5cc1603c-2056-4921-83a5-ad3f8f787217,FirstNumber=152,secondNumber=1700}  added by thread pool-3-thread-6
 message  {Id=5cc1603c-2056-4921-83a5-ad3f8f787217,FirstNumber=152,secondNumber=1700}  written to file by thread pool-3-thread-5
 message  {Id=820d613d-d468-45d4-a2bf-0e3d3dd0910b,FirstNumber=158,secondNumber=1448}  added by thread pool-3-thread-6
 message  {Id=820d613d-d468-45d4-a2bf-0e3d3dd0910b,FirstNumber=158,secondNumber=1448}  written to file by thread pool-3-thread-2
 message  {Id=369abb4d-f230-4e03-a3df-4ff5df633cd0,FirstNumber=36,secondNumber=442}  added by thread pool-3-thread-6
 message  {Id=369abb4d-f230-4e03-a3df-4ff5df633cd0,FirstNumber=36,secondNumber=442}  written to file by thread pool-3-thread-2
 message  {Id=dfeea2fb-51ee-4087-bad1-5e0d051d2047,FirstNumber=198,secondNumber=1659}  added by thread pool-3-thread-6
 message  {Id=dfeea2fb-51ee-4087-bad1-5e0d051d2047,FirstNumber=198,secondNumber=1659}  written to file by thread pool-3-thread-3
 message  {Id=c74828e8-990d-4588-b997-efbd5e39a24c,FirstNumber=51,secondNumber=702}  added by thread pool-3-thread-6
 message  {Id=c74828e8-990d-4588-b997-efbd5e39a24c,FirstNumber=51,secondNumber=702}  written to file by thread pool-3-thread-1
 message  {Id=0b923be2-7d08-464a-8cc7-86b49a1f0c08,FirstNumber=0,secondNumber=342}  added by thread pool-3-thread-6
 message  {Id=0b923be2-7d08-464a-8cc7-86b49a1f0c08,FirstNumber=0,secondNumber=342}  written to file by thread pool-3-thread-5
 message  {Id=350eb84d-a8cf-4a65-a612-85ff74d24704,FirstNumber=830,secondNumber=1209}  added by thread pool-3-thread-6
 message  {Id=350eb84d-a8cf-4a65-a612-85ff74d24704,FirstNumber=830,secondNumber=1209}  written to file by thread pool-3-thread-4
 message  {Id=bf6ed4ff-1a8a-4f55-922d-50f0c1a2498b,FirstNumber=417,secondNumber=1206}  added by thread pool-3-thread-6
 message  {Id=bf6ed4ff-1a8a-4f55-922d-50f0c1a2498b,FirstNumber=417,secondNumber=1206}  written to file by thread pool-3-thread-4
 message  {Id=db28e84b-89d0-4a6d-9e83-d09277a7c80d,FirstNumber=600,secondNumber=837}  added by thread pool-3-thread-6
 message  {Id=db28e84b-89d0-4a6d-9e83-d09277a7c80d,FirstNumber=600,secondNumber=837}  written to file by thread pool-3-thread-3
 message  {Id=444bb7cc-2788-482e-9584-e4756856624e,FirstNumber=343,secondNumber=1302}  added by thread pool-3-thread-6
 message  {Id=444bb7cc-2788-482e-9584-e4756856624e,FirstNumber=343,secondNumber=1302}  written to file by thread pool-3-thread-1
 message  {Id=e687c05b-e24f-4af3-926d-7bf712f12f2b,FirstNumber=211,secondNumber=1429}  added by thread pool-3-thread-6
 message  {Id=e687c05b-e24f-4af3-926d-7bf712f12f2b,FirstNumber=211,secondNumber=1429}  written to file by thread pool-3-thread-5
 message  {Id=8b074b3c-3a63-4268-b14d-72813815da8b,FirstNumber=823,secondNumber=1032}  added by thread pool-3-thread-6
 message  {Id=8b074b3c-3a63-4268-b14d-72813815da8b,FirstNumber=823,secondNumber=1032}  written to file by thread pool-3-thread-5
 message  {Id=202e6c96-43b3-4b1d-9915-f5463b636b9a,FirstNumber=836,secondNumber=1253}  added by thread pool-3-thread-6
 message  {Id=202e6c96-43b3-4b1d-9915-f5463b636b9a,FirstNumber=836,secondNumber=1253}  written to file by thread pool-3-thread-4
 message  {Id=645bd15a-255e-4dd9-a508-860b198a4bd1,FirstNumber=522,secondNumber=35}  added by thread pool-3-thread-6
 message  {Id=645bd15a-255e-4dd9-a508-860b198a4bd1,FirstNumber=522,secondNumber=35}  written to file by thread pool-3-thread-3
 message  {Id=c18f50bd-24d3-4ee0-bc11-43d9e193606d,FirstNumber=87,secondNumber=998}  added by thread pool-3-thread-6
 message  {Id=c18f50bd-24d3-4ee0-bc11-43d9e193606d,FirstNumber=87,secondNumber=998}  written to file by thread pool-3-thread-1
 message  {Id=fcd1296b-7784-4dc0-9acb-bde5083894cb,FirstNumber=40,secondNumber=961}  added by thread pool-3-thread-6
 message  {Id=fcd1296b-7784-4dc0-9acb-bde5083894cb,FirstNumber=40,secondNumber=961}  written to file by thread pool-3-thread-2
 message  {Id=606df6c1-052d-4ce3-abbd-c7b74d9c84de,FirstNumber=217,secondNumber=1396}  added by thread pool-3-thread-6
 message  {Id=606df6c1-052d-4ce3-abbd-c7b74d9c84de,FirstNumber=217,secondNumber=1396}  written to file by thread pool-3-thread-5
 message  {Id=0acefac3-798b-4890-b344-c794a4cfe0c3,FirstNumber=686,secondNumber=1697}  added by thread pool-3-thread-6
 message  {Id=0acefac3-798b-4890-b344-c794a4cfe0c3,FirstNumber=686,secondNumber=1697}  written to file by thread pool-3-thread-4
 message  {Id=898687db-08e8-4b4f-892f-506cbbf27c22,FirstNumber=492,secondNumber=1836}  added by thread pool-3-thread-6
 message  {Id=898687db-08e8-4b4f-892f-506cbbf27c22,FirstNumber=492,secondNumber=1836}  written to file by thread pool-3-thread-4
 message  {Id=b6c44463-9d3d-479f-b9a3-81008b37d6de,FirstNumber=145,secondNumber=937}  added by thread pool-3-thread-6
 message  {Id=b6c44463-9d3d-479f-b9a3-81008b37d6de,FirstNumber=145,secondNumber=937}  written to file by thread pool-3-thread-1
 message  {Id=7a4fc275-d94d-4fbd-821a-78f016f1e9d5,FirstNumber=870,secondNumber=346}  added by thread pool-3-thread-6
 message  {Id=7a4fc275-d94d-4fbd-821a-78f016f1e9d5,FirstNumber=870,secondNumber=346}  written to file by thread pool-3-thread-2
 message  {Id=76cd1c98-ba54-4370-b5e2-02b98393c7e2,FirstNumber=123,secondNumber=434}  added by thread pool-3-thread-6
 message  {Id=d6b1662f-5c13-4d4e-9a2c-105a6eeb813e,FirstNumber=425,secondNumber=1030}  added by thread pool-3-thread-6
 message  {Id=617ce5a6-b7b2-4a5a-b944-3f3a185183df,FirstNumber=39,secondNumber=1414}  added by thread pool-3-thread-6
 message  {Id=98e1e266-d511-4365-a006-7956a49ebede,FirstNumber=541,secondNumber=563}  added by thread pool-3-thread-6
 message  {Id=e6a9c6bb-a541-4063-9abf-7a8171269b3a,FirstNumber=427,secondNumber=196}  added by thread pool-3-thread-6
 message  {Id=a5aa6eef-f6bf-420b-83be-befb848dfa52,FirstNumber=996,secondNumber=1306}  added by thread pool-3-thread-6
 message  {Id=6e576c58-2e7a-4d58-95e1-571ba8087f98,FirstNumber=79,secondNumber=1181}  added by thread pool-3-thread-6
 message  {Id=af17a1bb-c4ee-4ca2-9d9b-bbc1ec58f99f,FirstNumber=50,secondNumber=1795}  added by thread pool-3-thread-6
 message  {Id=38d9c260-6217-41d3-b15b-f925998e0d26,FirstNumber=977,secondNumber=825}  added by thread pool-3-thread-6
 message  {Id=fe12115e-efd1-442f-af13-a8c7795606fc,FirstNumber=98,secondNumber=1744}  added by thread pool-3-thread-6
 message  {Id=248eba73-cd0e-4370-97c2-46ae8c50ec88,FirstNumber=176,secondNumber=1529}  added by thread pool-3-thread-6
 message  {Id=fadbb86a-30d9-42f1-839e-e7066096c48a,FirstNumber=795,secondNumber=42}  added by thread pool-3-thread-6
 message  {Id=23e9f94d-c395-4705-b79e-359e1bbc2d8f,FirstNumber=515,secondNumber=715}  added by thread pool-3-thread-6
 message  {Id=5c412091-eedd-4912-baa4-3d6b05b9af60,FirstNumber=785,secondNumber=1892}  added by thread pool-3-thread-6
 message  {Id=0c2677f5-d233-4aa1-930b-931f4163309e,FirstNumber=213,secondNumber=1585}  added by thread pool-3-thread-6
 message  {Id=c49832d8-ba27-4492-b050-86c01f1e0e6b,FirstNumber=557,secondNumber=442}  added by thread pool-3-thread-6
 message  {Id=be88edc6-8178-42da-b8af-bcab466b09ba,FirstNumber=614,secondNumber=1216}  added by thread pool-3-thread-6
 message  {Id=c1f10652-4cb1-4b93-aadf-0ea645d523dd,FirstNumber=439,secondNumber=408}  added by thread pool-3-thread-6
 message  {Id=e76f6468-06f0-4337-9096-6926aa783cfd,FirstNumber=865,secondNumber=1452}  added by thread pool-3-thread-6
 message  {Id=5b3dd717-0b0e-4a0f-8d87-7eb391f7fd1e,FirstNumber=989,secondNumber=383}  added by thread pool-3-thread-6
 message  {Id=e4ce7dca-6afe-4eb8-9e70-8b4a1ca6a34e,FirstNumber=831,secondNumber=551}  added by thread pool-3-thread-6
 message  {Id=37d776d1-c701-42b7-9d55-4236a02939ce,FirstNumber=141,secondNumber=45}  added by thread pool-3-thread-6
 message  {Id=0dd2a6ea-45d1-4453-b9b4-543ffc5af60b,FirstNumber=31,secondNumber=275}  added by thread pool-3-thread-6
 message  {Id=ad79a1aa-8146-4d6d-97c7-71ffb88653ce,FirstNumber=397,secondNumber=86}  added by thread pool-3-thread-6
 message  {Id=33cb6c6e-1f15-4fe5-8b89-c4c64792d271,FirstNumber=869,secondNumber=1625}  added by thread pool-3-thread-6
 message  {Id=7d8591d8-f3c0-4b15-a545-2bfc5d421660,FirstNumber=627,secondNumber=192}  added by thread pool-3-thread-6
 message  {Id=7db411b0-a05a-4942-b2fb-e16642f85416,FirstNumber=742,secondNumber=1459}  added by thread pool-3-thread-6
 message  {Id=81a79520-4da9-473e-ada0-26d0814690e9,FirstNumber=601,secondNumber=1304}  added by thread pool-3-thread-6
 message  {Id=699f5db2-f080-4bbd-94c2-2b6c03c53d04,FirstNumber=337,secondNumber=1201}  added by thread pool-3-thread-6
 message  {Id=0b75b03a-3ee9-4aa7-8f02-88298000b977,FirstNumber=771,secondNumber=378}  added by thread pool-3-thread-6
 message  {Id=711f76b0-a000-4f81-89f9-483767652208,FirstNumber=205,secondNumber=1688}  added by thread pool-3-thread-6
 message  {Id=e346aee2-35c8-4b5d-acde-84de8963dfef,FirstNumber=361,secondNumber=1061}  added by thread pool-3-thread-6
 message  {Id=bb3ba367-737d-4fa0-9649-bf34516ea4eb,FirstNumber=116,secondNumber=1570}  added by thread pool-3-thread-6
 message  {Id=8ea982a8-e37e-495c-bd61-61e7609a7906,FirstNumber=910,secondNumber=456}  added by thread pool-3-thread-6
 message  {Id=e9a68a2b-4ccc-4bbc-ac45-c0c709713110,FirstNumber=54,secondNumber=1078}  added by thread pool-3-thread-6
 message  {Id=6917bc51-cb92-4d0c-9e44-b110566610dc,FirstNumber=811,secondNumber=154}  added by thread pool-3-thread-6
 message  {Id=bba8edbf-ffef-4b6a-9073-39da67424c63,FirstNumber=407,secondNumber=414}  added by thread pool-3-thread-6
 message  {Id=3fc22585-e679-4aa0-9506-49b9409fe311,FirstNumber=321,secondNumber=691}  added by thread pool-3-thread-6
 message  {Id=d7e450a7-ca87-4e2e-b33a-2d1626af5b83,FirstNumber=814,secondNumber=912}  added by thread pool-3-thread-6
 message  {Id=cf340612-fd02-44b6-8a94-db41e83649fd,FirstNumber=672,secondNumber=0}  added by thread pool-3-thread-6
 message  {Id=7391ecf8-3b15-462c-8893-79a67b5ea7f2,FirstNumber=303,secondNumber=558}  added by thread pool-3-thread-6
 message  {Id=5969b4cf-f914-4466-ac72-f1d8766b0e20,FirstNumber=194,secondNumber=692}  added by thread pool-3-thread-6
 message  {Id=d50aa10a-eb1d-45f5-97fc-571c306435b1,FirstNumber=511,secondNumber=1544}  added by thread pool-3-thread-6
 message  {Id=035c559a-ebee-4f16-b55e-278a4c235756,FirstNumber=504,secondNumber=1613}  added by thread pool-3-thread-6
 message  {Id=4fe4051c-6383-4e90-9be5-7fb1fc360a7f,FirstNumber=19,secondNumber=1715}  added by thread pool-3-thread-6
 message  {Id=168d8174-a868-48e5-9184-fe2cad91f09d,FirstNumber=801,secondNumber=952}  added by thread pool-3-thread-6
 message  {Id=6ba7e889-fa33-4e68-a5da-9c478d2d6351,FirstNumber=566,secondNumber=481}  added by thread pool-3-thread-6
 message  {Id=19f2a99c-1c05-4756-b3d5-00ef91ca176a,FirstNumber=612,secondNumber=1504}  added by thread pool-3-thread-6
 message  {Id=252f1fff-4199-4b98-b8f4-9164241b6205,FirstNumber=276,secondNumber=243}  added by thread pool-3-thread-6
 message  {Id=53fb1072-ff4c-4753-a94a-f04c8f9fc819,FirstNumber=267,secondNumber=1141}  added by thread pool-3-thread-6
 message  {Id=31693907-7b66-483b-8a6f-115da6170fd2,FirstNumber=791,secondNumber=838}  added by thread pool-3-thread-6
 message  {Id=76cd1c98-ba54-4370-b5e2-02b98393c7e2,FirstNumber=123,secondNumber=434}  written to file by thread pool-3-thread-5
 message  {Id=d6b1662f-5c13-4d4e-9a2c-105a6eeb813e,FirstNumber=425,secondNumber=1030}  written to file by thread pool-3-thread-2
 message  {Id=617ce5a6-b7b2-4a5a-b944-3f3a185183df,FirstNumber=39,secondNumber=1414}  written to file by thread pool-3-thread-3
 message  {Id=497a69ed-e564-4f27-b49f-df89926926fd,FirstNumber=416,secondNumber=663}  added by thread pool-3-thread-6
 message  {Id=e6a9c6bb-a541-4063-9abf-7a8171269b3a,FirstNumber=427,secondNumber=196}  written to file by thread pool-3-thread-1
 message  {Id=a5aa6eef-f6bf-420b-83be-befb848dfa52,FirstNumber=996,secondNumber=1306}  written to file by thread pool-3-thread-5
 message  {Id=6e576c58-2e7a-4d58-95e1-571ba8087f98,FirstNumber=79,secondNumber=1181}  written to file by thread pool-3-thread-2
 message  {Id=98e1e266-d511-4365-a006-7956a49ebede,FirstNumber=541,secondNumber=563}  written to file by thread pool-3-thread-4
 message  {Id=927c37ed-b284-486d-99b8-c131cd18bef4,FirstNumber=896,secondNumber=476}  added by thread pool-3-thread-6
 message  {Id=fe12115e-efd1-442f-af13-a8c7795606fc,FirstNumber=98,secondNumber=1744}  written to file by thread pool-3-thread-5
 message  {Id=248eba73-cd0e-4370-97c2-46ae8c50ec88,FirstNumber=176,secondNumber=1529}  written to file by thread pool-3-thread-2
 message  {Id=af17a1bb-c4ee-4ca2-9d9b-bbc1ec58f99f,FirstNumber=50,secondNumber=1795}  written to file by thread pool-3-thread-3
 message  {Id=af68218c-0f2d-4f9d-8f79-527c517a828e,FirstNumber=92,secondNumber=1481}  added by thread pool-3-thread-6
 message  {Id=23e9f94d-c395-4705-b79e-359e1bbc2d8f,FirstNumber=515,secondNumber=715}  written to file by thread pool-3-thread-5
 message  {Id=fadbb86a-30d9-42f1-839e-e7066096c48a,FirstNumber=795,secondNumber=42}  written to file by thread pool-3-thread-4
 message  {Id=38d9c260-6217-41d3-b15b-f925998e0d26,FirstNumber=977,secondNumber=825}  written to file by thread pool-3-thread-1
 message  {Id=58776ea0-a564-407a-a26c-8b219fa90efc,FirstNumber=513,secondNumber=1404}  added by thread pool-3-thread-6
 message  {Id=c49832d8-ba27-4492-b050-86c01f1e0e6b,FirstNumber=557,secondNumber=442}  written to file by thread pool-3-thread-5
 message  {Id=be88edc6-8178-42da-b8af-bcab466b09ba,FirstNumber=614,secondNumber=1216}  written to file by thread pool-3-thread-4
 message  {Id=0c2677f5-d233-4aa1-930b-931f4163309e,FirstNumber=213,secondNumber=1585}  written to file by thread pool-3-thread-3
 message  {Id=c1f10652-4cb1-4b93-aadf-0ea645d523dd,FirstNumber=439,secondNumber=408}  written to file by thread pool-3-thread-1
 message  {Id=7e91b0bc-d667-4327-9aa0-0677c5a4acc3,FirstNumber=941,secondNumber=1558}  added by thread pool-3-thread-6
 message  {Id=5b3dd717-0b0e-4a0f-8d87-7eb391f7fd1e,FirstNumber=989,secondNumber=383}  written to file by thread pool-3-thread-4
 message  {Id=5c412091-eedd-4912-baa4-3d6b05b9af60,FirstNumber=785,secondNumber=1892}  written to file by thread pool-3-thread-2
 message  {Id=e4ce7dca-6afe-4eb8-9e70-8b4a1ca6a34e,FirstNumber=831,secondNumber=551}  written to file by thread pool-3-thread-3
 message  {Id=37d776d1-c701-42b7-9d55-4236a02939ce,FirstNumber=141,secondNumber=45}  written to file by thread pool-3-thread-1
 message  {Id=e76f6468-06f0-4337-9096-6926aa783cfd,FirstNumber=865,secondNumber=1452}  written to file by thread pool-3-thread-5
 message  {Id=0dd2a6ea-45d1-4453-b9b4-543ffc5af60b,FirstNumber=31,secondNumber=275}  written to file by thread pool-3-thread-4
 message  {Id=ad79a1aa-8146-4d6d-97c7-71ffb88653ce,FirstNumber=397,secondNumber=86}  written to file by thread pool-3-thread-2
 message  {Id=33cb6c6e-1f15-4fe5-8b89-c4c64792d271,FirstNumber=869,secondNumber=1625}  written to file by thread pool-3-thread-3
 message  {Id=7d8591d8-f3c0-4b15-a545-2bfc5d421660,FirstNumber=627,secondNumber=192}  written to file by thread pool-3-thread-1
 message  {Id=7db411b0-a05a-4942-b2fb-e16642f85416,FirstNumber=742,secondNumber=1459}  written to file by thread pool-3-thread-5
 message  {Id=81a79520-4da9-473e-ada0-26d0814690e9,FirstNumber=601,secondNumber=1304}  written to file by thread pool-3-thread-4
 message  {Id=f28ff5d9-b9f7-4c80-a8fc-598bdef6553c,FirstNumber=178,secondNumber=91}  added by thread pool-3-thread-6
 message  {Id=0b75b03a-3ee9-4aa7-8f02-88298000b977,FirstNumber=771,secondNumber=378}  written to file by thread pool-3-thread-3
 message  {Id=e346aee2-35c8-4b5d-acde-84de8963dfef,FirstNumber=361,secondNumber=1061}  written to file by thread pool-3-thread-5
 message  {Id=bb3ba367-737d-4fa0-9649-bf34516ea4eb,FirstNumber=116,secondNumber=1570}  written to file by thread pool-3-thread-4
 message  {Id=711f76b0-a000-4f81-89f9-483767652208,FirstNumber=205,secondNumber=1688}  written to file by thread pool-3-thread-1
 message  {Id=897c096c-bd0c-4fc7-bed2-2b1ec1512b48,FirstNumber=671,secondNumber=606}  added by thread pool-3-thread-6
 message  {Id=8ea982a8-e37e-495c-bd61-61e7609a7906,FirstNumber=910,secondNumber=456}  written to file by thread pool-3-thread-3
 message  {Id=6917bc51-cb92-4d0c-9e44-b110566610dc,FirstNumber=811,secondNumber=154}  written to file by thread pool-3-thread-4
 message  {Id=699f5db2-f080-4bbd-94c2-2b6c03c53d04,FirstNumber=337,secondNumber=1201}  written to file by thread pool-3-thread-2
 message  {Id=bba8edbf-ffef-4b6a-9073-39da67424c63,FirstNumber=407,secondNumber=414}  written to file by thread pool-3-thread-1
 message  {Id=8a8b3321-3a08-4289-af28-3c82e41edeed,FirstNumber=396,secondNumber=532}  added by thread pool-3-thread-6
 message  {Id=d7e450a7-ca87-4e2e-b33a-2d1626af5b83,FirstNumber=814,secondNumber=912}  written to file by thread pool-3-thread-4
 message  {Id=e9a68a2b-4ccc-4bbc-ac45-c0c709713110,FirstNumber=54,secondNumber=1078}  written to file by thread pool-3-thread-5
 message  {Id=cf340612-fd02-44b6-8a94-db41e83649fd,FirstNumber=672,secondNumber=0}  written to file by thread pool-3-thread-2
 message  {Id=7391ecf8-3b15-462c-8893-79a67b5ea7f2,FirstNumber=303,secondNumber=558}  written to file by thread pool-3-thread-1
 message  {Id=a10a5d80-dd11-4729-bac6-ac2845fcd885,FirstNumber=722,secondNumber=1605}  added by thread pool-3-thread-6
 message  {Id=5969b4cf-f914-4466-ac72-f1d8766b0e20,FirstNumber=194,secondNumber=692}  written to file by thread pool-3-thread-4
 message  {Id=d50aa10a-eb1d-45f5-97fc-571c306435b1,FirstNumber=511,secondNumber=1544}  written to file by thread pool-3-thread-5
 message  {Id=4fe4051c-6383-4e90-9be5-7fb1fc360a7f,FirstNumber=19,secondNumber=1715}  written to file by thread pool-3-thread-1
 message  {Id=168d8174-a868-48e5-9184-fe2cad91f09d,FirstNumber=801,secondNumber=952}  written to file by thread pool-3-thread-4
 message  {Id=3fc22585-e679-4aa0-9506-49b9409fe311,FirstNumber=321,secondNumber=691}  written to file by thread pool-3-thread-3
 message  {Id=035c559a-ebee-4f16-b55e-278a4c235756,FirstNumber=504,secondNumber=1613}  written to file by thread pool-3-thread-2
 message  {Id=19f2a99c-1c05-4756-b3d5-00ef91ca176a,FirstNumber=612,secondNumber=1504}  written to file by thread pool-3-thread-1
 message  {Id=252f1fff-4199-4b98-b8f4-9164241b6205,FirstNumber=276,secondNumber=243}  written to file by thread pool-3-thread-4
 message  {Id=272876bf-7dab-4852-a9d4-fd396602261c,FirstNumber=701,secondNumber=333}  added by thread pool-3-thread-6
 message  {Id=53fb1072-ff4c-4753-a94a-f04c8f9fc819,FirstNumber=267,secondNumber=1141}  written to file by thread pool-3-thread-3
 message  {Id=31693907-7b66-483b-8a6f-115da6170fd2,FirstNumber=791,secondNumber=838}  written to file by thread pool-3-thread-2
 message  {Id=927c37ed-b284-486d-99b8-c131cd18bef4,FirstNumber=896,secondNumber=476}  written to file by thread pool-3-thread-4
 message  {Id=497a69ed-e564-4f27-b49f-df89926926fd,FirstNumber=416,secondNumber=663}  written to file by thread pool-3-thread-1
 message  {Id=854a5c6f-2fd3-4438-abdb-454b2317912f,FirstNumber=307,secondNumber=1411}  added by thread pool-3-thread-6
 message  {Id=af68218c-0f2d-4f9d-8f79-527c517a828e,FirstNumber=92,secondNumber=1481}  written to file by thread pool-3-thread-3
 message  {Id=58776ea0-a564-407a-a26c-8b219fa90efc,FirstNumber=513,secondNumber=1404}  written to file by thread pool-3-thread-2
 message  {Id=7e91b0bc-d667-4327-9aa0-0677c5a4acc3,FirstNumber=941,secondNumber=1558}  written to file by thread pool-3-thread-4
 message  {Id=8fc72312-1047-4481-a6e9-978069bc6d36,FirstNumber=764,secondNumber=971}  added by thread pool-3-thread-6
 message  {Id=6ba7e889-fa33-4e68-a5da-9c478d2d6351,FirstNumber=566,secondNumber=481}  written to file by thread pool-3-thread-5
 message  {Id=897c096c-bd0c-4fc7-bed2-2b1ec1512b48,FirstNumber=671,secondNumber=606}  written to file by thread pool-3-thread-3
 message  {Id=8a8b3321-3a08-4289-af28-3c82e41edeed,FirstNumber=396,secondNumber=532}  written to file by thread pool-3-thread-2
 message  {Id=43cd7bf7-c450-4250-ad10-abb0681cbf09,FirstNumber=950,secondNumber=769}  added by thread pool-3-thread-6
 message  {Id=272876bf-7dab-4852-a9d4-fd396602261c,FirstNumber=701,secondNumber=333}  written to file by thread pool-3-thread-5
 message  {Id=a10a5d80-dd11-4729-bac6-ac2845fcd885,FirstNumber=722,secondNumber=1605}  written to file by thread pool-3-thread-4
 message  {Id=8fc72312-1047-4481-a6e9-978069bc6d36,FirstNumber=764,secondNumber=971}  written to file by thread pool-3-thread-2
 message  {Id=631d9998-210f-4981-8db9-a6a1036b64c3,FirstNumber=189,secondNumber=1006}  added by thread pool-3-thread-6
 message  {Id=43cd7bf7-c450-4250-ad10-abb0681cbf09,FirstNumber=950,secondNumber=769}  written to file by thread pool-3-thread-5
 message  {Id=f28ff5d9-b9f7-4c80-a8fc-598bdef6553c,FirstNumber=178,secondNumber=91}  written to file by thread pool-3-thread-1
 message  {Id=631d9998-210f-4981-8db9-a6a1036b64c3,FirstNumber=189,secondNumber=1006}  written to file by thread pool-3-thread-4
 message  {Id=854a5c6f-2fd3-4438-abdb-454b2317912f,FirstNumber=307,secondNumber=1411}  written to file by thread pool-3-thread-3
 message  {Id=73b5cece-38e2-41e5-9249-914c757d9379,FirstNumber=633,secondNumber=460}  added by thread pool-3-thread-6
 message  {Id=73b5cece-38e2-41e5-9249-914c757d9379,FirstNumber=633,secondNumber=460}  written to file by thread pool-3-thread-2
 message  {Id=fe7db7c3-b02f-494a-b70e-2352cfe6da91,FirstNumber=941,secondNumber=1322}  added by thread pool-3-thread-6
 message  {Id=fe7db7c3-b02f-494a-b70e-2352cfe6da91,FirstNumber=941,secondNumber=1322}  written to file by thread pool-3-thread-2
 message  {Id=e9104b1e-c847-404e-a41a-101738b836ba,FirstNumber=549,secondNumber=1435}  added by thread pool-3-thread-6
 message  {Id=108bb984-37d6-4134-a508-529c891fd86f,FirstNumber=0,secondNumber=811}  added by thread pool-3-thread-6
 message  {Id=e9104b1e-c847-404e-a41a-101738b836ba,FirstNumber=549,secondNumber=1435}  written to file by thread pool-3-thread-1
 message  {Id=108bb984-37d6-4134-a508-529c891fd86f,FirstNumber=0,secondNumber=811}  written to file by thread pool-3-thread-3
 message  {Id=7ce9bf80-5dcb-4bd5-966e-9af0dd01ffab,FirstNumber=879,secondNumber=566}  added by thread pool-3-thread-6
 message  {Id=7ce9bf80-5dcb-4bd5-966e-9af0dd01ffab,FirstNumber=879,secondNumber=566}  written to file by thread pool-3-thread-4
 message  {Id=91a7238f-c3c9-4150-9137-04b784feed33,FirstNumber=443,secondNumber=1158}  added by thread pool-3-thread-6
 message  {Id=91a7238f-c3c9-4150-9137-04b784feed33,FirstNumber=443,secondNumber=1158}  written to file by thread pool-3-thread-4
 message  {Id=1d3c0d7f-c296-43e1-b477-b237de0422c9,FirstNumber=952,secondNumber=303}  added by thread pool-3-thread-6
 message  {Id=1d3c0d7f-c296-43e1-b477-b237de0422c9,FirstNumber=952,secondNumber=303}  written to file by thread pool-3-thread-2
 message  {Id=ad417c9d-b26a-447a-9136-9f6d018b4093,FirstNumber=231,secondNumber=1162}  added by thread pool-3-thread-6
 message  {Id=ad417c9d-b26a-447a-9136-9f6d018b4093,FirstNumber=231,secondNumber=1162}  written to file by thread pool-3-thread-2
 message  {Id=78ce4829-ef78-4291-8068-1c86f5f1be73,FirstNumber=266,secondNumber=1613}  added by thread pool-3-thread-6
 message  {Id=78ce4829-ef78-4291-8068-1c86f5f1be73,FirstNumber=266,secondNumber=1613}  written to file by thread pool-3-thread-3
 message  {Id=d71d734a-d487-4a93-8e64-522d66835994,FirstNumber=525,secondNumber=1556}  added by thread pool-3-thread-6
 message  {Id=d71d734a-d487-4a93-8e64-522d66835994,FirstNumber=525,secondNumber=1556}  written to file by thread pool-3-thread-5
 message  {Id=6a0a7a5b-6aa3-4599-a0a3-e840c7f4d9bc,FirstNumber=430,secondNumber=222}  added by thread pool-3-thread-6
 message  {Id=6a0a7a5b-6aa3-4599-a0a3-e840c7f4d9bc,FirstNumber=430,secondNumber=222}  written to file by thread pool-3-thread-4
 message  {Id=349a5950-0531-4272-8677-2973aedbed75,FirstNumber=482,secondNumber=852}  added by thread pool-3-thread-6
 message  {Id=349a5950-0531-4272-8677-2973aedbed75,FirstNumber=482,secondNumber=852}  written to file by thread pool-3-thread-1
 message  {Id=39e584c2-5202-471f-8970-d84f88f6bb95,FirstNumber=947,secondNumber=1837}  added by thread pool-3-thread-6
 message  {Id=39e584c2-5202-471f-8970-d84f88f6bb95,FirstNumber=947,secondNumber=1837}  written to file by thread pool-3-thread-2
 message  {Id=40cebaca-0013-46d3-a0ac-d8961523c408,FirstNumber=185,secondNumber=1677}  added by thread pool-3-thread-6
 message  {Id=40cebaca-0013-46d3-a0ac-d8961523c408,FirstNumber=185,secondNumber=1677}  written to file by thread pool-3-thread-2
 message  {Id=c030faa9-56a4-4710-b352-3a4317a74f4e,FirstNumber=935,secondNumber=1411}  added by thread pool-3-thread-6
 message  {Id=c030faa9-56a4-4710-b352-3a4317a74f4e,FirstNumber=935,secondNumber=1411}  written to file by thread pool-3-thread-5
 message  {Id=ff37a811-cb44-40a3-85be-9bdc1a9e38a9,FirstNumber=367,secondNumber=871}  added by thread pool-3-thread-6
 message  {Id=ff37a811-cb44-40a3-85be-9bdc1a9e38a9,FirstNumber=367,secondNumber=871}  written to file by thread pool-3-thread-4
 message  {Id=9c3468e8-042b-4960-953e-7f17dff13490,FirstNumber=718,secondNumber=452}  added by thread pool-3-thread-6
 message  {Id=9c3468e8-042b-4960-953e-7f17dff13490,FirstNumber=718,secondNumber=452}  written to file by thread pool-3-thread-4
 message  {Id=42e72320-7b92-40b6-91a3-dc7d71100a25,FirstNumber=192,secondNumber=679}  added by thread pool-3-thread-6
 message  {Id=42e72320-7b92-40b6-91a3-dc7d71100a25,FirstNumber=192,secondNumber=679}  written to file by thread pool-3-thread-3
 message  {Id=361924c5-95b3-491a-8e2a-466c0afc629b,FirstNumber=843,secondNumber=1478}  added by thread pool-3-thread-6
 message  {Id=361924c5-95b3-491a-8e2a-466c0afc629b,FirstNumber=843,secondNumber=1478}  written to file by thread pool-3-thread-2
 message  {Id=63cdd335-0e4e-4329-a735-d285247eac91,FirstNumber=597,secondNumber=1499}  added by thread pool-3-thread-6
 message  {Id=63cdd335-0e4e-4329-a735-d285247eac91,FirstNumber=597,secondNumber=1499}  written to file by thread pool-3-thread-5
 message  {Id=df00eb12-9883-4ee0-894b-2e69566b314c,FirstNumber=888,secondNumber=1333}  added by thread pool-3-thread-6
 message  {Id=df00eb12-9883-4ee0-894b-2e69566b314c,FirstNumber=888,secondNumber=1333}  written to file by thread pool-3-thread-5
 message  {Id=f4b9465c-b241-4fc9-8941-2baa6df4db09,FirstNumber=475,secondNumber=839}  added by thread pool-3-thread-6
 message  {Id=f4b9465c-b241-4fc9-8941-2baa6df4db09,FirstNumber=475,secondNumber=839}  written to file by thread pool-3-thread-4
 message  {Id=62168d6f-981c-4489-81ee-56a333a3b696,FirstNumber=814,secondNumber=1873}  added by thread pool-3-thread-6
 message  {Id=eee24519-dc8b-4c8e-bb33-a4453f2b3622,FirstNumber=293,secondNumber=1458}  added by thread pool-3-thread-6
 message  {Id=62168d6f-981c-4489-81ee-56a333a3b696,FirstNumber=814,secondNumber=1873}  written to file by thread pool-3-thread-3
 message  {Id=eee24519-dc8b-4c8e-bb33-a4453f2b3622,FirstNumber=293,secondNumber=1458}  written to file by thread pool-3-thread-2
 message  {Id=229029f2-e6d2-40ec-8922-845dd43bcf59,FirstNumber=674,secondNumber=273}  added by thread pool-3-thread-6
 message  {Id=229029f2-e6d2-40ec-8922-845dd43bcf59,FirstNumber=674,secondNumber=273}  written to file by thread pool-3-thread-1
 message  {Id=c771c690-0cba-49c3-a381-adbd3f50f87c,FirstNumber=841,secondNumber=1108}  added by thread pool-3-thread-6
 message  {Id=c771c690-0cba-49c3-a381-adbd3f50f87c,FirstNumber=841,secondNumber=1108}  written to file by thread pool-3-thread-1
 message  {Id=df4f47ce-f11b-4953-a9d8-01ba44cbc412,FirstNumber=517,secondNumber=333}  added by thread pool-3-thread-6
 message  {Id=df4f47ce-f11b-4953-a9d8-01ba44cbc412,FirstNumber=517,secondNumber=333}  written to file by thread pool-3-thread-4
 message  {Id=46cf0264-cca5-4609-bef3-df419225ca46,FirstNumber=33,secondNumber=119}  added by thread pool-3-thread-6
 message  {Id=46cf0264-cca5-4609-bef3-df419225ca46,FirstNumber=33,secondNumber=119}  written to file by thread pool-3-thread-4
 message  {Id=f3619e35-d1db-4f28-a808-a42978ae1dbc,FirstNumber=990,secondNumber=1432}  added by thread pool-3-thread-6
 message  {Id=f3619e35-d1db-4f28-a808-a42978ae1dbc,FirstNumber=990,secondNumber=1432}  written to file by thread pool-3-thread-4
 message  {Id=428f34c9-7c06-45a2-9aa0-fc53a3569f93,FirstNumber=432,secondNumber=413}  added by thread pool-3-thread-6
 message  {Id=428f34c9-7c06-45a2-9aa0-fc53a3569f93,FirstNumber=432,secondNumber=413}  written to file by thread pool-3-thread-5
 message  {Id=9368e46b-3233-4afc-b2bc-7bbae89eaf30,FirstNumber=590,secondNumber=795}  added by thread pool-3-thread-6
 message  {Id=9368e46b-3233-4afc-b2bc-7bbae89eaf30,FirstNumber=590,secondNumber=795}  written to file by thread pool-3-thread-5
 message  {Id=97d785e2-8744-4fe7-af1e-1a913be3e99e,FirstNumber=200,secondNumber=1998}  added by thread pool-3-thread-6
 message  {Id=97d785e2-8744-4fe7-af1e-1a913be3e99e,FirstNumber=200,secondNumber=1998}  written to file by thread pool-3-thread-3
 message  {Id=a937333a-c2ec-46d3-93e9-85e0f9fa5c38,FirstNumber=702,secondNumber=1022}  added by thread pool-3-thread-6
 message  {Id=a937333a-c2ec-46d3-93e9-85e0f9fa5c38,FirstNumber=702,secondNumber=1022}  written to file by thread pool-3-thread-3
 message  {Id=1b71230d-f4f8-40be-b4d7-e15e44068c33,FirstNumber=578,secondNumber=728}  added by thread pool-3-thread-6
 message  {Id=1b71230d-f4f8-40be-b4d7-e15e44068c33,FirstNumber=578,secondNumber=728}  written to file by thread pool-3-thread-4
 message  {Id=25bc9435-bc16-48bf-8494-496ca9cb4c5b,FirstNumber=380,secondNumber=1238}  added by thread pool-3-thread-6
 message  {Id=25bc9435-bc16-48bf-8494-496ca9cb4c5b,FirstNumber=380,secondNumber=1238}  written to file by thread pool-3-thread-4
 message  {Id=ecafdfbe-b03d-46f0-aab6-27de5f905d18,FirstNumber=499,secondNumber=1159}  added by thread pool-3-thread-6
 message  {Id=ecafdfbe-b03d-46f0-aab6-27de5f905d18,FirstNumber=499,secondNumber=1159}  written to file by thread pool-3-thread-5
 message  {Id=a2781d19-670c-47cd-b2ed-4b06cd041004,FirstNumber=982,secondNumber=1480}  added by thread pool-3-thread-6
 message  {Id=a2781d19-670c-47cd-b2ed-4b06cd041004,FirstNumber=982,secondNumber=1480}  written to file by thread pool-3-thread-5
 message  {Id=2d57b3df-48f1-49a3-983b-0c786403b66e,FirstNumber=622,secondNumber=533}  added by thread pool-3-thread-6
 message  {Id=2d57b3df-48f1-49a3-983b-0c786403b66e,FirstNumber=622,secondNumber=533}  written to file by thread pool-3-thread-3
 message  {Id=97163b1e-4cc2-44c8-95fa-595229aabf6c,FirstNumber=169,secondNumber=733}  added by thread pool-3-thread-6
 message  {Id=97163b1e-4cc2-44c8-95fa-595229aabf6c,FirstNumber=169,secondNumber=733}  written to file by thread pool-3-thread-1
 message  {Id=1578397d-bbc1-4aab-9c13-c50046d5d976,FirstNumber=74,secondNumber=274}  added by thread pool-3-thread-6
 message  {Id=1578397d-bbc1-4aab-9c13-c50046d5d976,FirstNumber=74,secondNumber=274}  written to file by thread pool-3-thread-1
 message  {Id=623fb233-354d-425f-a004-efc22c015193,FirstNumber=915,secondNumber=358}  added by thread pool-3-thread-6
 message  {Id=623fb233-354d-425f-a004-efc22c015193,FirstNumber=915,secondNumber=358}  written to file by thread pool-3-thread-2
 message  {Id=467f6dae-9750-4465-84c2-862d0809035c,FirstNumber=218,secondNumber=150}  added by thread pool-3-thread-6
 message  {Id=467f6dae-9750-4465-84c2-862d0809035c,FirstNumber=218,secondNumber=150}  written to file by thread pool-3-thread-2
 message  {Id=0dc320eb-331c-4809-9603-f06f94174dae,FirstNumber=475,secondNumber=793}  added by thread pool-3-thread-6
 message  {Id=0dc320eb-331c-4809-9603-f06f94174dae,FirstNumber=475,secondNumber=793}  written to file by thread pool-3-thread-2
 message  {Id=ce1fe9f2-13d6-4fc8-8941-48d939589cc1,FirstNumber=628,secondNumber=18}  added by thread pool-3-thread-6
 message  {Id=ce1fe9f2-13d6-4fc8-8941-48d939589cc1,FirstNumber=628,secondNumber=18}  written to file by thread pool-3-thread-2
 message  {Id=5af4dcc7-6656-4312-8999-6920b2b6a2f2,FirstNumber=181,secondNumber=339}  added by thread pool-3-thread-6
 message  {Id=5af4dcc7-6656-4312-8999-6920b2b6a2f2,FirstNumber=181,secondNumber=339}  written to file by thread pool-3-thread-1
 message  {Id=b6a0311c-85e7-47d3-a9ec-ed2255ba5184,FirstNumber=57,secondNumber=1285}  added by thread pool-3-thread-6
 message  {Id=b6a0311c-85e7-47d3-a9ec-ed2255ba5184,FirstNumber=57,secondNumber=1285}  written to file by thread pool-3-thread-1
 message  {Id=ffe1194f-c04a-4632-802a-51a8b9fafc35,FirstNumber=815,secondNumber=1179}  added by thread pool-3-thread-6
 message  {Id=ffe1194f-c04a-4632-802a-51a8b9fafc35,FirstNumber=815,secondNumber=1179}  written to file by thread pool-3-thread-3
 message  {Id=5e0303ac-9092-46fa-957d-eced9757ce07,FirstNumber=815,secondNumber=643}  added by thread pool-3-thread-6
 message  {Id=5e0303ac-9092-46fa-957d-eced9757ce07,FirstNumber=815,secondNumber=643}  written to file by thread pool-3-thread-3
 message  {Id=1603b00e-38f6-42f4-a065-f9485fc410fe,FirstNumber=188,secondNumber=558}  added by thread pool-3-thread-6
 message  {Id=1603b00e-38f6-42f4-a065-f9485fc410fe,FirstNumber=188,secondNumber=558}  written to file by thread pool-3-thread-2
 message  {Id=c29d6c37-c654-41ee-b0ae-30e719fd5ad7,FirstNumber=201,secondNumber=1949}  added by thread pool-3-thread-6
 message  {Id=c29d6c37-c654-41ee-b0ae-30e719fd5ad7,FirstNumber=201,secondNumber=1949}  written to file by thread pool-3-thread-2
 message  {Id=ae709558-bd15-4106-a903-4c6ab082a2ec,FirstNumber=716,secondNumber=1470}  written to file by thread pool-3-thread-1
 message  {Id=ae709558-bd15-4106-a903-4c6ab082a2ec,FirstNumber=716,secondNumber=1470}  added by thread pool-3-thread-6
 message  {Id=ce1d7fac-edb7-4e0d-8fe1-6bf1068848f5,FirstNumber=344,secondNumber=1310}  added by thread pool-3-thread-6
 message  {Id=ce1d7fac-edb7-4e0d-8fe1-6bf1068848f5,FirstNumber=344,secondNumber=1310}  written to file by thread pool-3-thread-4
 message  {Id=a9d6bde8-73f2-470e-9ba8-3e877b2103e7,FirstNumber=14,secondNumber=1692}  added by thread pool-3-thread-6
 message  {Id=a9d6bde8-73f2-470e-9ba8-3e877b2103e7,FirstNumber=14,secondNumber=1692}  written to file by thread pool-3-thread-3
 message  {Id=01a23b1b-d143-4c52-b02d-9b72f491ead6,FirstNumber=881,secondNumber=1495}  added by thread pool-3-thread-6
 message  {Id=01a23b1b-d143-4c52-b02d-9b72f491ead6,FirstNumber=881,secondNumber=1495}  written to file by thread pool-3-thread-3
 message  {Id=11489ff3-aa54-4125-bde4-76e1ea772faa,FirstNumber=236,secondNumber=1940}  added by thread pool-3-thread-6
 message  {Id=11489ff3-aa54-4125-bde4-76e1ea772faa,FirstNumber=236,secondNumber=1940}  written to file by thread pool-3-thread-2
 message  {Id=8559ae37-014f-486b-be55-3563a4ac6f9d,FirstNumber=314,secondNumber=953}  added by thread pool-3-thread-6
 message  {Id=8559ae37-014f-486b-be55-3563a4ac6f9d,FirstNumber=314,secondNumber=953}  written to file by thread pool-3-thread-1
 message  {Id=dede371c-1205-4d04-867f-b4f431173b20,FirstNumber=934,secondNumber=1942}  added by thread pool-3-thread-6
 message  {Id=dede371c-1205-4d04-867f-b4f431173b20,FirstNumber=934,secondNumber=1942}  written to file by thread pool-3-thread-1
 message  {Id=8db55788-0f28-4535-9dbb-728b34960bdd,FirstNumber=862,secondNumber=383}  added by thread pool-3-thread-6
 message  {Id=8e9b93c5-fc54-4fce-a7eb-106100c272e2,FirstNumber=912,secondNumber=1866}  added by thread pool-3-thread-6
 message  {Id=8db55788-0f28-4535-9dbb-728b34960bdd,FirstNumber=862,secondNumber=383}  written to file by thread pool-3-thread-5
 message  {Id=8e9b93c5-fc54-4fce-a7eb-106100c272e2,FirstNumber=912,secondNumber=1866}  written to file by thread pool-3-thread-3
 message  {Id=106a31d9-f427-47c6-8900-d9af2bc6d5da,FirstNumber=86,secondNumber=354}  added by thread pool-3-thread-6
 message  {Id=106a31d9-f427-47c6-8900-d9af2bc6d5da,FirstNumber=86,secondNumber=354}  written to file by thread pool-3-thread-2
 message  {Id=aa992ee9-dca9-4d14-bd41-2aba203ba2bf,FirstNumber=168,secondNumber=1275}  added by thread pool-3-thread-6
 message  {Id=aa992ee9-dca9-4d14-bd41-2aba203ba2bf,FirstNumber=168,secondNumber=1275}  written to file by thread pool-3-thread-4
 message  {Id=33e9d1f1-b760-48c6-9edc-9a62342d1dcf,FirstNumber=929,secondNumber=1325}  added by thread pool-3-thread-6
 message  {Id=33e9d1f1-b760-48c6-9edc-9a62342d1dcf,FirstNumber=929,secondNumber=1325}  written to file by thread pool-3-thread-1
 message  {Id=84bab527-d3be-468c-826f-f77751d9508b,FirstNumber=558,secondNumber=1411}  added by thread pool-3-thread-6
 message  {Id=b0935276-110b-4673-b9d1-5aae19636aef,FirstNumber=801,secondNumber=1916}  added by thread pool-3-thread-6
 message  {Id=84bab527-d3be-468c-826f-f77751d9508b,FirstNumber=558,secondNumber=1411}  written to file by thread pool-3-thread-5
 message  {Id=b0935276-110b-4673-b9d1-5aae19636aef,FirstNumber=801,secondNumber=1916}  written to file by thread pool-3-thread-3
 message  {Id=0c6bd3a4-432c-41e5-9cd5-9a2f118799cd,FirstNumber=75,secondNumber=251}  added by thread pool-3-thread-6
 message  {Id=0c6bd3a4-432c-41e5-9cd5-9a2f118799cd,FirstNumber=75,secondNumber=251}  written to file by thread pool-3-thread-2
 message  {Id=00b085ce-8290-4f57-b688-2830adaf8eab,FirstNumber=524,secondNumber=474}  added by thread pool-3-thread-6
 message  {Id=00b085ce-8290-4f57-b688-2830adaf8eab,FirstNumber=524,secondNumber=474}  written to file by thread pool-3-thread-4
 message  {Id=f6bd13bd-ee0b-4f3f-9cef-b49c1ada0a68,FirstNumber=355,secondNumber=1620}  added by thread pool-3-thread-6
 message  {Id=f6bd13bd-ee0b-4f3f-9cef-b49c1ada0a68,FirstNumber=355,secondNumber=1620}  written to file by thread pool-3-thread-1
 message  {Id=3819cd5d-b2c6-440e-b111-8092e1a44663,FirstNumber=477,secondNumber=92}  added by thread pool-3-thread-6
 message  {Id=3819cd5d-b2c6-440e-b111-8092e1a44663,FirstNumber=477,secondNumber=92}  written to file by thread pool-3-thread-1
 message  {Id=9fde4bd6-30cb-4689-a7b1-3b34f5a2b1cf,FirstNumber=610,secondNumber=1265}  added by thread pool-3-thread-6
 message  {Id=9fde4bd6-30cb-4689-a7b1-3b34f5a2b1cf,FirstNumber=610,secondNumber=1265}  written to file by thread pool-3-thread-3
 message  {Id=309876de-2a25-427e-a3ba-951583f19234,FirstNumber=691,secondNumber=1478}  added by thread pool-3-thread-6
 message  {Id=309876de-2a25-427e-a3ba-951583f19234,FirstNumber=691,secondNumber=1478}  written to file by thread pool-3-thread-2
 message  {Id=9de76469-0058-4071-8ea5-232110d3960d,FirstNumber=270,secondNumber=1815}  added by thread pool-3-thread-6
 message  {Id=9de76469-0058-4071-8ea5-232110d3960d,FirstNumber=270,secondNumber=1815}  written to file by thread pool-3-thread-4
 message  {Id=2ff046de-2492-4bbc-aa1a-f0dc791cc786,FirstNumber=140,secondNumber=966}  added by thread pool-3-thread-6
 message  {Id=2ff046de-2492-4bbc-aa1a-f0dc791cc786,FirstNumber=140,secondNumber=966}  written to file by thread pool-3-thread-5
 message  {Id=30a168bc-d412-4add-82c1-6472faad779e,FirstNumber=915,secondNumber=250}  added by thread pool-3-thread-6
 message  {Id=30a168bc-d412-4add-82c1-6472faad779e,FirstNumber=915,secondNumber=250}  written to file by thread pool-3-thread-5
 message  {Id=2ef28a6d-8e8d-4e74-b279-6f87eaaae222,FirstNumber=307,secondNumber=966}  added by thread pool-3-thread-6
 message  {Id=2ef28a6d-8e8d-4e74-b279-6f87eaaae222,FirstNumber=307,secondNumber=966}  written to file by thread pool-3-thread-5
 message  {Id=6948c53c-eaa4-4fad-9c59-3bfdc11343d7,FirstNumber=148,secondNumber=1680}  added by thread pool-3-thread-6
 message  {Id=6948c53c-eaa4-4fad-9c59-3bfdc11343d7,FirstNumber=148,secondNumber=1680}  written to file by thread pool-3-thread-2
 message  {Id=c5bc3b5e-cd79-4199-9c86-d21bd043d5ef,FirstNumber=186,secondNumber=1897}  added by thread pool-3-thread-6
 message  {Id=c5bc3b5e-cd79-4199-9c86-d21bd043d5ef,FirstNumber=186,secondNumber=1897}  written to file by thread pool-3-thread-2
 message  {Id=b53bebe4-6e79-409b-ad0d-bdbbe8cd4b52,FirstNumber=974,secondNumber=1348}  added by thread pool-3-thread-6
 message  {Id=b53bebe4-6e79-409b-ad0d-bdbbe8cd4b52,FirstNumber=974,secondNumber=1348}  written to file by thread pool-3-thread-1
 message  {Id=20dd6227-1503-490d-8e46-c15b9c0ec76c,FirstNumber=379,secondNumber=1954}  added by thread pool-3-thread-6
 message  {Id=20dd6227-1503-490d-8e46-c15b9c0ec76c,FirstNumber=379,secondNumber=1954}  written to file by thread pool-3-thread-1
 message  {Id=f1f8368c-2e2a-47a0-863f-625ab9032091,FirstNumber=545,secondNumber=562}  added by thread pool-3-thread-6
 message  {Id=f1f8368c-2e2a-47a0-863f-625ab9032091,FirstNumber=545,secondNumber=562}  written to file by thread pool-3-thread-5
 message  {Id=e7841e23-92e6-4034-bbd2-88bae9694f64,FirstNumber=297,secondNumber=1481}  added by thread pool-3-thread-6
 message  {Id=e7841e23-92e6-4034-bbd2-88bae9694f64,FirstNumber=297,secondNumber=1481}  written to file by thread pool-3-thread-5
 message  {Id=d4f5ff10-fd5f-47fd-850e-b2a545fad405,FirstNumber=597,secondNumber=509}  added by thread pool-3-thread-6
 message  {Id=d4f5ff10-fd5f-47fd-850e-b2a545fad405,FirstNumber=597,secondNumber=509}  written to file by thread pool-3-thread-2
 message  {Id=8e3076a3-c6b7-4344-94ab-0b1a6f740055,FirstNumber=343,secondNumber=1521}  added by thread pool-3-thread-6
 message  {Id=8e3076a3-c6b7-4344-94ab-0b1a6f740055,FirstNumber=343,secondNumber=1521}  written to file by thread pool-3-thread-2
 message  {Id=dce6a8dd-f246-4fa9-be6c-413dcc9f8ce5,FirstNumber=497,secondNumber=1630}  added by thread pool-3-thread-6
 message  {Id=6d720ea4-7957-4093-8834-b31d5778fdec,FirstNumber=172,secondNumber=210}  added by thread pool-3-thread-6
 message  {Id=dce6a8dd-f246-4fa9-be6c-413dcc9f8ce5,FirstNumber=497,secondNumber=1630}  written to file by thread pool-3-thread-1
 message  {Id=6d720ea4-7957-4093-8834-b31d5778fdec,FirstNumber=172,secondNumber=210}  written to file by thread pool-3-thread-4
 message  {Id=baab900e-ebf3-4d1e-9078-24c5800ded6f,FirstNumber=535,secondNumber=1000}  added by thread pool-3-thread-6
 message  {Id=baab900e-ebf3-4d1e-9078-24c5800ded6f,FirstNumber=535,secondNumber=1000}  written to file by thread pool-3-thread-4
 message  {Id=33f447ec-3442-4b6e-a04a-4dac659354af,FirstNumber=563,secondNumber=358}  added by thread pool-3-thread-6
 message  {Id=33f447ec-3442-4b6e-a04a-4dac659354af,FirstNumber=563,secondNumber=358}  written to file by thread pool-3-thread-3
 message  {Id=d8a61bb0-8e2d-44fa-b824-c81740630cb6,FirstNumber=601,secondNumber=1163}  added by thread pool-3-thread-6
 message  {Id=d8a61bb0-8e2d-44fa-b824-c81740630cb6,FirstNumber=601,secondNumber=1163}  written to file by thread pool-3-thread-3
 message  {Id=b56801c3-365e-4f4d-8283-9a8380a0f238,FirstNumber=553,secondNumber=1490}  added by thread pool-3-thread-6
 message  {Id=b56801c3-365e-4f4d-8283-9a8380a0f238,FirstNumber=553,secondNumber=1490}  written to file by thread pool-3-thread-3
 message  {Id=260542d7-2507-4e81-8a77-799e91281601,FirstNumber=44,secondNumber=676}  added by thread pool-3-thread-6
 message  {Id=260542d7-2507-4e81-8a77-799e91281601,FirstNumber=44,secondNumber=676}  written to file by thread pool-3-thread-5
 message  {Id=f1e4a088-adc7-43fc-a699-f69a0d5a7367,FirstNumber=10,secondNumber=1011}  added by thread pool-3-thread-6
 message  {Id=f1e4a088-adc7-43fc-a699-f69a0d5a7367,FirstNumber=10,secondNumber=1011}  written to file by thread pool-3-thread-4
 message  {Id=bcbd6d7f-8619-4ef4-8d8f-94e17924907b,FirstNumber=628,secondNumber=121}  added by thread pool-3-thread-6
 message  {Id=bcbd6d7f-8619-4ef4-8d8f-94e17924907b,FirstNumber=628,secondNumber=121}  written to file by thread pool-3-thread-2
 message  {Id=3d7c4609-31bb-4fcf-bebd-3ea63a1778ba,FirstNumber=394,secondNumber=1237}  added by thread pool-3-thread-6
 message  {Id=3d7c4609-31bb-4fcf-bebd-3ea63a1778ba,FirstNumber=394,secondNumber=1237}  written to file by thread pool-3-thread-1
 message  {Id=0d24de96-a48a-4c51-8af1-4b6c3ecc2045,FirstNumber=466,secondNumber=982}  added by thread pool-3-thread-6
 message  {Id=0d24de96-a48a-4c51-8af1-4b6c3ecc2045,FirstNumber=466,secondNumber=982}  written to file by thread pool-3-thread-3
 message  {Id=e2da35b6-1bf1-4c66-b65f-10c1809f9e1f,FirstNumber=328,secondNumber=992}  added by thread pool-3-thread-6
 message  {Id=e2da35b6-1bf1-4c66-b65f-10c1809f9e1f,FirstNumber=328,secondNumber=992}  written to file by thread pool-3-thread-5
 message  {Id=e83f9ba4-0f29-4bd8-8ecf-d8f9b029b0ce,FirstNumber=778,secondNumber=391}  added by thread pool-3-thread-6
 message  {Id=e83f9ba4-0f29-4bd8-8ecf-d8f9b029b0ce,FirstNumber=778,secondNumber=391}  written to file by thread pool-3-thread-4
 message  {Id=7fb941ac-d745-422e-99bf-290d0d1c6aae,FirstNumber=178,secondNumber=936}  added by thread pool-3-thread-6
 message  {Id=7fb941ac-d745-422e-99bf-290d0d1c6aae,FirstNumber=178,secondNumber=936}  written to file by thread pool-3-thread-4
 message  {Id=7581059c-0b1b-4437-8b22-bfe3439193b7,FirstNumber=450,secondNumber=1256}  added by thread pool-3-thread-6
 message  {Id=7581059c-0b1b-4437-8b22-bfe3439193b7,FirstNumber=450,secondNumber=1256}  written to file by thread pool-3-thread-1
 message  {Id=d885004b-dc88-46cb-9496-c1e90cc4d657,FirstNumber=314,secondNumber=19}  added by thread pool-3-thread-6
 message  {Id=d885004b-dc88-46cb-9496-c1e90cc4d657,FirstNumber=314,secondNumber=19}  written to file by thread pool-3-thread-3
 message  {Id=04f37c75-630a-4de1-8123-d5350a04f8e5,FirstNumber=186,secondNumber=446}  added by thread pool-3-thread-6
 message  {Id=04f37c75-630a-4de1-8123-d5350a04f8e5,FirstNumber=186,secondNumber=446}  written to file by thread pool-3-thread-5
 message  {Id=061f137d-fa37-449c-a939-0e54f1e7525b,FirstNumber=57,secondNumber=254}  added by thread pool-3-thread-6
 message  {Id=061f137d-fa37-449c-a939-0e54f1e7525b,FirstNumber=57,secondNumber=254}  written to file by thread pool-3-thread-2
 message  {Id=dc1752ea-aed3-4f1f-a063-095c2e9e0bf0,FirstNumber=585,secondNumber=965}  added by thread pool-3-thread-6
 message  {Id=dc1752ea-aed3-4f1f-a063-095c2e9e0bf0,FirstNumber=585,secondNumber=965}  written to file by thread pool-3-thread-4
 message  {Id=37b0c934-3433-4ef9-bb9a-750d7a6f6847,FirstNumber=583,secondNumber=1098}  added by thread pool-3-thread-6
 message  {Id=37b0c934-3433-4ef9-bb9a-750d7a6f6847,FirstNumber=583,secondNumber=1098}  written to file by thread pool-3-thread-1
 message  {Id=651187c6-e522-4c1b-9ca4-5a7c1a3d0cf7,FirstNumber=451,secondNumber=1685}  added by thread pool-3-thread-6
 message  {Id=6482b96d-fe7e-4ec2-97fd-7240b60d68be,FirstNumber=886,secondNumber=517}  added by thread pool-3-thread-6
 message  {Id=651187c6-e522-4c1b-9ca4-5a7c1a3d0cf7,FirstNumber=451,secondNumber=1685}  written to file by thread pool-3-thread-3
 message  {Id=6482b96d-fe7e-4ec2-97fd-7240b60d68be,FirstNumber=886,secondNumber=517}  written to file by thread pool-3-thread-5
 message  {Id=f110b088-ee48-4ea5-bccb-22e8259ec1d9,FirstNumber=508,secondNumber=22}  added by thread pool-3-thread-6
 message  {Id=f110b088-ee48-4ea5-bccb-22e8259ec1d9,FirstNumber=508,secondNumber=22}  written to file by thread pool-3-thread-2
 message  {Id=5082c2fd-ec6c-41ae-b654-e808a9141989,FirstNumber=529,secondNumber=1026}  added by thread pool-3-thread-6
 message  {Id=5082c2fd-ec6c-41ae-b654-e808a9141989,FirstNumber=529,secondNumber=1026}  written to file by thread pool-3-thread-4
 message  {Id=650f9daa-073d-4279-87f1-74dbe7917402,FirstNumber=184,secondNumber=1966}  added by thread pool-3-thread-6
 message  {Id=650f9daa-073d-4279-87f1-74dbe7917402,FirstNumber=184,secondNumber=1966}  written to file by thread pool-3-thread-1
 message  {Id=c36f856e-082a-402a-8cc4-0e54ad3de121,FirstNumber=440,secondNumber=1639}  added by thread pool-3-thread-6
 message  {Id=c36f856e-082a-402a-8cc4-0e54ad3de121,FirstNumber=440,secondNumber=1639}  written to file by thread pool-3-thread-3
 message  {Id=98d30eaa-10a7-4c57-9e3c-86ca2f17aba0,FirstNumber=500,secondNumber=1513}  added by thread pool-3-thread-6
 message  {Id=98d30eaa-10a7-4c57-9e3c-86ca2f17aba0,FirstNumber=500,secondNumber=1513}  written to file by thread pool-3-thread-5
 message  {Id=0e96e84f-1580-4c17-a485-bd1a3c19591f,FirstNumber=934,secondNumber=1941}  added by thread pool-3-thread-6
 message  {Id=0e96e84f-1580-4c17-a485-bd1a3c19591f,FirstNumber=934,secondNumber=1941}  written to file by thread pool-3-thread-2
 message  {Id=5e2b14e5-fbd5-4510-8086-5681c5a45f52,FirstNumber=327,secondNumber=224}  added by thread pool-3-thread-6
 message  {Id=5e2b14e5-fbd5-4510-8086-5681c5a45f52,FirstNumber=327,secondNumber=224}  written to file by thread pool-3-thread-4
 message  {Id=0ecdf564-7bbc-48ec-863d-057d41b7c91e,FirstNumber=280,secondNumber=1917}  added by thread pool-3-thread-6
 message  {Id=0ecdf564-7bbc-48ec-863d-057d41b7c91e,FirstNumber=280,secondNumber=1917}  written to file by thread pool-3-thread-1
 message  {Id=325216d9-0983-47be-92df-08a70dd84ea6,FirstNumber=770,secondNumber=885}  added by thread pool-3-thread-6
 message  {Id=325216d9-0983-47be-92df-08a70dd84ea6,FirstNumber=770,secondNumber=885}  written to file by thread pool-3-thread-3
 message  {Id=8f41455e-4968-47e5-a497-fa164d27aafa,FirstNumber=579,secondNumber=621}  added by thread pool-3-thread-6
 message  {Id=8f41455e-4968-47e5-a497-fa164d27aafa,FirstNumber=579,secondNumber=621}  written to file by thread pool-3-thread-5
 message  {Id=020bcf6a-6fd1-46f6-8fa2-da7233fabde9,FirstNumber=412,secondNumber=1979}  added by thread pool-3-thread-6
 message  {Id=020bcf6a-6fd1-46f6-8fa2-da7233fabde9,FirstNumber=412,secondNumber=1979}  written to file by thread pool-3-thread-2
 message  {Id=4bfa425a-a4e2-4018-b408-462e233d26d0,FirstNumber=664,secondNumber=240}  added by thread pool-3-thread-6
 message  {Id=4bfa425a-a4e2-4018-b408-462e233d26d0,FirstNumber=664,secondNumber=240}  written to file by thread pool-3-thread-4
 message  {Id=478ab60c-8ccd-4a2b-bef8-e094da8d36c6,FirstNumber=563,secondNumber=54}  added by thread pool-3-thread-6
 message  {Id=478ab60c-8ccd-4a2b-bef8-e094da8d36c6,FirstNumber=563,secondNumber=54}  written to file by thread pool-3-thread-1
 message  {Id=5b2d101d-ebe7-4278-86fc-d1567e32b3e7,FirstNumber=829,secondNumber=739}  added by thread pool-3-thread-6
 message  {Id=5b2d101d-ebe7-4278-86fc-d1567e32b3e7,FirstNumber=829,secondNumber=739}  written to file by thread pool-3-thread-3
 message  {Id=0d960f27-cc55-4436-a6c7-f91b1b41d56f,FirstNumber=320,secondNumber=612}  added by thread pool-3-thread-6
 message  {Id=0d960f27-cc55-4436-a6c7-f91b1b41d56f,FirstNumber=320,secondNumber=612}  written to file by thread pool-3-thread-5
 message  {Id=d72762ae-6bf0-44a6-86ef-e239c72a4949,FirstNumber=617,secondNumber=614}  added by thread pool-3-thread-6
 message  {Id=d72762ae-6bf0-44a6-86ef-e239c72a4949,FirstNumber=617,secondNumber=614}  written to file by thread pool-3-thread-2
 message  {Id=2a9ab9f2-8e2c-4057-a97a-5e522f1872f7,FirstNumber=177,secondNumber=578}  added by thread pool-3-thread-6
 message  {Id=2a9ab9f2-8e2c-4057-a97a-5e522f1872f7,FirstNumber=177,secondNumber=578}  written to file by thread pool-3-thread-4
 message  {Id=f060f147-81dd-440f-8afb-dcc4666dd5f9,FirstNumber=577,secondNumber=1528}  added by thread pool-3-thread-6
 message  {Id=f060f147-81dd-440f-8afb-dcc4666dd5f9,FirstNumber=577,secondNumber=1528}  written to file by thread pool-3-thread-1
 message  {Id=d8eefc07-af25-4473-95f9-d41c43f369c0,FirstNumber=894,secondNumber=976}  added by thread pool-3-thread-6
 message  {Id=6ecd9e50-e841-4d8c-9926-e2e502dd841d,FirstNumber=672,secondNumber=950}  added by thread pool-3-thread-6
 message  {Id=d8eefc07-af25-4473-95f9-d41c43f369c0,FirstNumber=894,secondNumber=976}  written to file by thread pool-3-thread-3
 message  {Id=6ecd9e50-e841-4d8c-9926-e2e502dd841d,FirstNumber=672,secondNumber=950}  written to file by thread pool-3-thread-5
 message  {Id=0363bb87-b849-4b74-b3ea-558f348c5813,FirstNumber=667,secondNumber=460}  added by thread pool-3-thread-6
 message  {Id=0363bb87-b849-4b74-b3ea-558f348c5813,FirstNumber=667,secondNumber=460}  written to file by thread pool-3-thread-2
 message  {Id=a85079fc-832f-4549-afcf-8bd48a856bd6,FirstNumber=318,secondNumber=859}  added by thread pool-3-thread-6
 message  {Id=a85079fc-832f-4549-afcf-8bd48a856bd6,FirstNumber=318,secondNumber=859}  written to file by thread pool-3-thread-4
 message  {Id=db740ee3-df01-4974-bbdb-7b2a33d4340f,FirstNumber=652,secondNumber=1955}  added by thread pool-3-thread-6
 message  {Id=db740ee3-df01-4974-bbdb-7b2a33d4340f,FirstNumber=652,secondNumber=1955}  written to file by thread pool-3-thread-1
 message  {Id=70564730-1e00-43cc-adef-d9d0b0baa017,FirstNumber=123,secondNumber=770}  added by thread pool-3-thread-6
 message  {Id=70564730-1e00-43cc-adef-d9d0b0baa017,FirstNumber=123,secondNumber=770}  written to file by thread pool-3-thread-3
 message  {Id=5593eb63-9e9f-4714-ad12-cc9f7733262b,FirstNumber=843,secondNumber=1823}  added by thread pool-3-thread-6
 message  {Id=5593eb63-9e9f-4714-ad12-cc9f7733262b,FirstNumber=843,secondNumber=1823}  written to file by thread pool-3-thread-5
 message  {Id=205e9972-2f36-4480-922c-93bfbfc350c5,FirstNumber=822,secondNumber=527}  added by thread pool-3-thread-6
 message  {Id=205e9972-2f36-4480-922c-93bfbfc350c5,FirstNumber=822,secondNumber=527}  written to file by thread pool-3-thread-5
 message  {Id=0ae0a73d-620d-40f0-a586-2799877ce96b,FirstNumber=931,secondNumber=773}  added by thread pool-3-thread-6
 message  {Id=0ae0a73d-620d-40f0-a586-2799877ce96b,FirstNumber=931,secondNumber=773}  written to file by thread pool-3-thread-4
 message  {Id=d40695cc-5567-47ed-ad18-2474f8874376,FirstNumber=996,secondNumber=1298}  added by thread pool-3-thread-6
 message  {Id=d40695cc-5567-47ed-ad18-2474f8874376,FirstNumber=996,secondNumber=1298}  written to file by thread pool-3-thread-4
 message  {Id=12db1e73-4855-4ef5-a190-0feb5cf48861,FirstNumber=728,secondNumber=1965}  added by thread pool-3-thread-6
 message  {Id=12db1e73-4855-4ef5-a190-0feb5cf48861,FirstNumber=728,secondNumber=1965}  written to file by thread pool-3-thread-3
 message  {Id=029f7925-025e-4910-8c79-03f8fe5c4250,FirstNumber=295,secondNumber=685}  added by thread pool-3-thread-6
 message  {Id=029f7925-025e-4910-8c79-03f8fe5c4250,FirstNumber=295,secondNumber=685}  written to file by thread pool-3-thread-2
 message  {Id=9018f0f4-4f00-4eb1-a438-2c53dd5039a1,FirstNumber=155,secondNumber=1426}  added by thread pool-3-thread-6
 message  {Id=9018f0f4-4f00-4eb1-a438-2c53dd5039a1,FirstNumber=155,secondNumber=1426}  written to file by thread pool-3-thread-5
 message  {Id=124bca65-e047-4f4d-ba73-a97f03ba8861,FirstNumber=266,secondNumber=1509}  added by thread pool-3-thread-6
 message  {Id=124bca65-e047-4f4d-ba73-a97f03ba8861,FirstNumber=266,secondNumber=1509}  written to file by thread pool-3-thread-5
 message  {Id=14cc76e6-ffb3-4147-a317-f59456b5b6ba,FirstNumber=186,secondNumber=1858}  added by thread pool-3-thread-6
 message  {Id=14cc76e6-ffb3-4147-a317-f59456b5b6ba,FirstNumber=186,secondNumber=1858}  written to file by thread pool-3-thread-4
 message  {Id=009902c9-3366-4741-9939-c8f2856a44de,FirstNumber=370,secondNumber=1472}  added by thread pool-3-thread-6
 message  {Id=009902c9-3366-4741-9939-c8f2856a44de,FirstNumber=370,secondNumber=1472}  written to file by thread pool-3-thread-4
 message  {Id=1640ea91-3c51-476d-afbd-9a60f6aed41a,FirstNumber=184,secondNumber=758}  added by thread pool-3-thread-6
 message  {Id=1640ea91-3c51-476d-afbd-9a60f6aed41a,FirstNumber=184,secondNumber=758}  written to file by thread pool-3-thread-2
 message  {Id=ba1ad154-cd98-45be-8025-032f1b86835b,FirstNumber=648,secondNumber=751}  added by thread pool-3-thread-6
 message  {Id=ba1ad154-cd98-45be-8025-032f1b86835b,FirstNumber=648,secondNumber=751}  written to file by thread pool-3-thread-1
 message  {Id=85d3bc76-b7e5-44db-aa06-3f7c89d0cbcb,FirstNumber=272,secondNumber=1741}  added by thread pool-3-thread-6
 message  {Id=85d3bc76-b7e5-44db-aa06-3f7c89d0cbcb,FirstNumber=272,secondNumber=1741}  written to file by thread pool-3-thread-1
 message  {Id=3a2e9efb-f3b2-46a8-bbaf-049829585d32,FirstNumber=896,secondNumber=83}  added by thread pool-3-thread-6
 message  {Id=3a2e9efb-f3b2-46a8-bbaf-049829585d32,FirstNumber=896,secondNumber=83}  written to file by thread pool-3-thread-3
 message  {Id=bfbdb1d5-b03f-435d-a4fa-b55d797e9442,FirstNumber=962,secondNumber=7}  added by thread pool-3-thread-6
 message  {Id=bfbdb1d5-b03f-435d-a4fa-b55d797e9442,FirstNumber=962,secondNumber=7}  written to file by thread pool-3-thread-4
 message  {Id=beda4da5-bfab-4776-9845-61d9a29c6d39,FirstNumber=873,secondNumber=1180}  added by thread pool-3-thread-6
 message  {Id=beda4da5-bfab-4776-9845-61d9a29c6d39,FirstNumber=873,secondNumber=1180}  written to file by thread pool-3-thread-4
 message  {Id=3957447a-a0fd-476c-85f4-59e69215763f,FirstNumber=685,secondNumber=538}  added by thread pool-3-thread-6
 message  {Id=3957447a-a0fd-476c-85f4-59e69215763f,FirstNumber=685,secondNumber=538}  written to file by thread pool-3-thread-5
 message  {Id=7aedcee9-1f8b-456e-b599-b68100577931,FirstNumber=347,secondNumber=461}  added by thread pool-3-thread-6
 message  {Id=7aedcee9-1f8b-456e-b599-b68100577931,FirstNumber=347,secondNumber=461}  written to file by thread pool-3-thread-5
 message  {Id=eed964fa-fd00-49d9-b5c4-1e16e0fbf90a,FirstNumber=94,secondNumber=1349}  added by thread pool-3-thread-6
 message  {Id=eed964fa-fd00-49d9-b5c4-1e16e0fbf90a,FirstNumber=94,secondNumber=1349}  written to file by thread pool-3-thread-3
 message  {Id=b17735c6-0893-4734-a76d-698d7dd6c4f1,FirstNumber=581,secondNumber=1956}  added by thread pool-3-thread-6
 message  {Id=b17735c6-0893-4734-a76d-698d7dd6c4f1,FirstNumber=581,secondNumber=1956}  written to file by thread pool-3-thread-2
 message  {Id=d52e9e6c-43cd-4041-9964-019c83fdadeb,FirstNumber=165,secondNumber=1332}  added by thread pool-3-thread-6
 message  {Id=d52e9e6c-43cd-4041-9964-019c83fdadeb,FirstNumber=165,secondNumber=1332}  written to file by thread pool-3-thread-2
 message  {Id=f3bd9f8f-bc65-4ad3-889e-3aa789d26128,FirstNumber=49,secondNumber=1601}  added by thread pool-3-thread-6
 message  {Id=f3bd9f8f-bc65-4ad3-889e-3aa789d26128,FirstNumber=49,secondNumber=1601}  written to file by thread pool-3-thread-1
 message  {Id=5d1987da-5e2c-46f5-9f8f-22a7f41f9b09,FirstNumber=611,secondNumber=1328}  added by thread pool-3-thread-6
 message  {Id=5d1987da-5e2c-46f5-9f8f-22a7f41f9b09,FirstNumber=611,secondNumber=1328}  written to file by thread pool-3-thread-5
 message  {Id=295abbbb-923d-4055-b829-cac8d44c0ba3,FirstNumber=682,secondNumber=1774}  added by thread pool-3-thread-6
 message  {Id=295abbbb-923d-4055-b829-cac8d44c0ba3,FirstNumber=682,secondNumber=1774}  written to file by thread pool-3-thread-5
 message  {Id=bd2de7ce-6c76-44e0-b411-b8d4a536395c,FirstNumber=1,secondNumber=364}  added by thread pool-3-thread-6
 message  {Id=bd2de7ce-6c76-44e0-b411-b8d4a536395c,FirstNumber=1,secondNumber=364}  written to file by thread pool-3-thread-4
 message  {Id=3821ab9d-bda4-4730-962e-e8a91c531ca1,FirstNumber=187,secondNumber=536}  added by thread pool-3-thread-6
 message  {Id=3821ab9d-bda4-4730-962e-e8a91c531ca1,FirstNumber=187,secondNumber=536}  written to file by thread pool-3-thread-4
 message  {Id=d9f35d42-cf5f-4b3f-98d1-bb50e4a178e4,FirstNumber=898,secondNumber=1278}  added by thread pool-3-thread-6
 message  {Id=d9f35d42-cf5f-4b3f-98d1-bb50e4a178e4,FirstNumber=898,secondNumber=1278}  written to file by thread pool-3-thread-1
 message  {Id=c4df581b-deb2-494f-8782-a91cbcdcad79,FirstNumber=933,secondNumber=1490}  added by thread pool-3-thread-6
 message  {Id=c4df581b-deb2-494f-8782-a91cbcdcad79,FirstNumber=933,secondNumber=1490}  written to file by thread pool-3-thread-1
 message  {Id=cf23d3f2-42fb-4877-b8d3-2fae484f2cd4,FirstNumber=285,secondNumber=443}  added by thread pool-3-thread-6
 message  {Id=cf23d3f2-42fb-4877-b8d3-2fae484f2cd4,FirstNumber=285,secondNumber=443}  written to file by thread pool-3-thread-5
 message  {Id=4d0c0577-0562-4290-9a39-2f3a98228ed8,FirstNumber=220,secondNumber=625}  added by thread pool-3-thread-6
 message  {Id=4d0c0577-0562-4290-9a39-2f3a98228ed8,FirstNumber=220,secondNumber=625}  written to file by thread pool-3-thread-5
 message  {Id=a89f2336-5f1e-4670-95fb-6f45874164c4,FirstNumber=542,secondNumber=1389}  added by thread pool-3-thread-6
 message  {Id=a89f2336-5f1e-4670-95fb-6f45874164c4,FirstNumber=542,secondNumber=1389}  written to file by thread pool-3-thread-5
 message  {Id=1097138c-3905-49a7-b564-875d213c0589,FirstNumber=522,secondNumber=1732}  added by thread pool-3-thread-6
 message  {Id=1097138c-3905-49a7-b564-875d213c0589,FirstNumber=522,secondNumber=1732}  written to file by thread pool-3-thread-5
 message  {Id=5300f75a-2356-443f-8545-51925e0b2d7e,FirstNumber=115,secondNumber=625}  added by thread pool-3-thread-6
 message  {Id=5300f75a-2356-443f-8545-51925e0b2d7e,FirstNumber=115,secondNumber=625}  written to file by thread pool-3-thread-1
 message  {Id=751af425-afbb-48da-a94d-fadbc5176038,FirstNumber=582,secondNumber=390}  added by thread pool-3-thread-6
 message  {Id=751af425-afbb-48da-a94d-fadbc5176038,FirstNumber=582,secondNumber=390}  written to file by thread pool-3-thread-1
 message  {Id=90061f53-fffc-4c26-9939-7f41e5deeda1,FirstNumber=499,secondNumber=681}  added by thread pool-3-thread-6
 message  {Id=90061f53-fffc-4c26-9939-7f41e5deeda1,FirstNumber=499,secondNumber=681}  written to file by thread pool-3-thread-4
 message  {Id=bfae67aa-e8e3-420b-9e76-d8fe18d63b3c,FirstNumber=817,secondNumber=957}  added by thread pool-3-thread-6
 message  {Id=bfae67aa-e8e3-420b-9e76-d8fe18d63b3c,FirstNumber=817,secondNumber=957}  written to file by thread pool-3-thread-4
 message  {Id=504b6f71-0d49-4d91-8244-46c5f15dff8e,FirstNumber=185,secondNumber=259}  added by thread pool-3-thread-6
 message  {Id=504b6f71-0d49-4d91-8244-46c5f15dff8e,FirstNumber=185,secondNumber=259}  written to file by thread pool-3-thread-5
 message  {Id=c0fee6de-f495-476c-b0ad-c49aa302ab57,FirstNumber=581,secondNumber=206}  added by thread pool-3-thread-6
 message  {Id=c0fee6de-f495-476c-b0ad-c49aa302ab57,FirstNumber=581,secondNumber=206}  written to file by thread pool-3-thread-5
 message  {Id=081fa13a-475a-4d18-9f34-53d6da3e0fce,FirstNumber=847,secondNumber=1047}  added by thread pool-3-thread-6
 message  {Id=081fa13a-475a-4d18-9f34-53d6da3e0fce,FirstNumber=847,secondNumber=1047}  written to file by thread pool-3-thread-1
 message  {Id=b469921f-5264-4d79-bcd7-04e10ee4d991,FirstNumber=344,secondNumber=815}  added by thread pool-3-thread-6
 message  {Id=b469921f-5264-4d79-bcd7-04e10ee4d991,FirstNumber=344,secondNumber=815}  written to file by thread pool-3-thread-1
 message  {Id=29bf51d8-3aaa-46af-836c-607993487815,FirstNumber=384,secondNumber=628}  added by thread pool-3-thread-6
 message  {Id=29bf51d8-3aaa-46af-836c-607993487815,FirstNumber=384,secondNumber=628}  written to file by thread pool-3-thread-4
 message  {Id=0b7564a6-4a59-4f43-a29d-57724f4bf1fc,FirstNumber=339,secondNumber=1817}  added by thread pool-3-thread-6
 message  {Id=0b7564a6-4a59-4f43-a29d-57724f4bf1fc,FirstNumber=339,secondNumber=1817}  written to file by thread pool-3-thread-4
 message  {Id=cec01dca-bfaf-42b2-8e9a-93e994454c16,FirstNumber=262,secondNumber=610}  added by thread pool-3-thread-6
 message  {Id=cec01dca-bfaf-42b2-8e9a-93e994454c16,FirstNumber=262,secondNumber=610}  written to file by thread pool-3-thread-5
 message  {Id=76c18f0a-e091-41a3-afa3-c549dbd2e119,FirstNumber=950,secondNumber=844}  added by thread pool-3-thread-6
 message  {Id=76c18f0a-e091-41a3-afa3-c549dbd2e119,FirstNumber=950,secondNumber=844}  written to file by thread pool-3-thread-3
 message  {Id=b1af6998-948a-4e50-b185-8ab72847d2dd,FirstNumber=357,secondNumber=57}  added by thread pool-3-thread-6
 message  {Id=b1af6998-948a-4e50-b185-8ab72847d2dd,FirstNumber=357,secondNumber=57}  written to file by thread pool-3-thread-1
 message  {Id=f249d416-e8e6-4fec-948c-a28774313a74,FirstNumber=724,secondNumber=965}  added by thread pool-3-thread-6
 message  {Id=f249d416-e8e6-4fec-948c-a28774313a74,FirstNumber=724,secondNumber=965}  written to file by thread pool-3-thread-1
 message  {Id=241a89bf-b416-4c07-9a51-a2191370ad38,FirstNumber=251,secondNumber=1590}  added by thread pool-3-thread-6
 message  {Id=241a89bf-b416-4c07-9a51-a2191370ad38,FirstNumber=251,secondNumber=1590}  written to file by thread pool-3-thread-4
 message  {Id=0113f94a-8557-4954-a8ae-995fd3c5de1f,FirstNumber=212,secondNumber=121}  added by thread pool-3-thread-6
 message  {Id=0113f94a-8557-4954-a8ae-995fd3c5de1f,FirstNumber=212,secondNumber=121}  written to file by thread pool-3-thread-4
 message  {Id=6e50cd5e-17a5-4d98-a405-a4ec7b47785c,FirstNumber=512,secondNumber=1386}  added by thread pool-3-thread-6
 message  {Id=6e50cd5e-17a5-4d98-a405-a4ec7b47785c,FirstNumber=512,secondNumber=1386}  written to file by thread pool-3-thread-3
 message  {Id=8cef3445-1853-4f29-83ba-99289b2f38e3,FirstNumber=334,secondNumber=1590}  added by thread pool-3-thread-6
 message  {Id=8cef3445-1853-4f29-83ba-99289b2f38e3,FirstNumber=334,secondNumber=1590}  written to file by thread pool-3-thread-2
 message  {Id=d7f81617-54cd-4f4e-8ecd-d462c5594f18,FirstNumber=425,secondNumber=1154}  added by thread pool-3-thread-6
 message  {Id=d7f81617-54cd-4f4e-8ecd-d462c5594f18,FirstNumber=425,secondNumber=1154}  written to file by thread pool-3-thread-1
 message  {Id=d35a8fc9-09d0-403e-8c0d-a08a5ac6cf2e,FirstNumber=399,secondNumber=1876}  added by thread pool-3-thread-6
 message  {Id=d35a8fc9-09d0-403e-8c0d-a08a5ac6cf2e,FirstNumber=399,secondNumber=1876}  written to file by thread pool-3-thread-1
 message  {Id=d73f96c1-6a74-40b7-bc2e-1ab6b6f3523a,FirstNumber=550,secondNumber=426}  added by thread pool-3-thread-6
 message  {Id=d73f96c1-6a74-40b7-bc2e-1ab6b6f3523a,FirstNumber=550,secondNumber=426}  written to file by thread pool-3-thread-4
 message  {Id=bf2129e4-0ec6-400f-b65a-942d88d81b21,FirstNumber=698,secondNumber=934}  added by thread pool-3-thread-6
 message  {Id=bf2129e4-0ec6-400f-b65a-942d88d81b21,FirstNumber=698,secondNumber=934}  written to file by thread pool-3-thread-4
 message  {Id=9667f618-9016-4216-8dd0-b2829a75ae6f,FirstNumber=88,secondNumber=1171}  added by thread pool-3-thread-6
 message  {Id=9667f618-9016-4216-8dd0-b2829a75ae6f,FirstNumber=88,secondNumber=1171}  written to file by thread pool-3-thread-2
 message  {Id=2ae7ca99-9ea6-4dd4-b2dd-823ec70edd24,FirstNumber=262,secondNumber=272}  added by thread pool-3-thread-6
 message  {Id=2ae7ca99-9ea6-4dd4-b2dd-823ec70edd24,FirstNumber=262,secondNumber=272}  written to file by thread pool-3-thread-2
 message  {Id=e52d3947-d46e-4432-9aa8-933839e22aa4,FirstNumber=757,secondNumber=1990}  added by thread pool-3-thread-6
 message  {Id=e52d3947-d46e-4432-9aa8-933839e22aa4,FirstNumber=757,secondNumber=1990}  written to file by thread pool-3-thread-1
 message  {Id=2a4c5bca-37a2-411f-8598-3d137ad8f2ee,FirstNumber=186,secondNumber=1353}  added by thread pool-3-thread-6
 message  {Id=2a4c5bca-37a2-411f-8598-3d137ad8f2ee,FirstNumber=186,secondNumber=1353}  written to file by thread pool-3-thread-3
 message  {Id=094a3319-6553-4f87-ab1c-569d44b39f5e,FirstNumber=769,secondNumber=1306}  added by thread pool-3-thread-6
 message  {Id=094a3319-6553-4f87-ab1c-569d44b39f5e,FirstNumber=769,secondNumber=1306}  written to file by thread pool-3-thread-4
 message  {Id=25cd8fe2-332a-4b18-98ea-ae21a9594416,FirstNumber=283,secondNumber=1895}  added by thread pool-3-thread-6
 message  {Id=25cd8fe2-332a-4b18-98ea-ae21a9594416,FirstNumber=283,secondNumber=1895}  written to file by thread pool-3-thread-5
 message  {Id=39fca2c8-26a1-429f-9f25-9e46f6401611,FirstNumber=338,secondNumber=1657}  added by thread pool-3-thread-6
 message  {Id=39fca2c8-26a1-429f-9f25-9e46f6401611,FirstNumber=338,secondNumber=1657}  written to file by thread pool-3-thread-5
 message  {Id=68509bcd-3c1f-47de-985f-29f28141b739,FirstNumber=493,secondNumber=1248}  added by thread pool-3-thread-6
 message  {Id=68509bcd-3c1f-47de-985f-29f28141b739,FirstNumber=493,secondNumber=1248}  written to file by thread pool-3-thread-1
 message  {Id=f0126edd-ed19-4409-9d86-fc96d10b904f,FirstNumber=903,secondNumber=478}  added by thread pool-3-thread-6
 message  {Id=f0126edd-ed19-4409-9d86-fc96d10b904f,FirstNumber=903,secondNumber=478}  written to file by thread pool-3-thread-3
 message  {Id=4e5971a8-b5a9-4dc2-834f-ac2ab9a6dc35,FirstNumber=896,secondNumber=1633}  added by thread pool-3-thread-6
 message  {Id=4e5971a8-b5a9-4dc2-834f-ac2ab9a6dc35,FirstNumber=896,secondNumber=1633}  written to file by thread pool-3-thread-4
 message  {Id=6f8f7b92-da68-455b-b466-9b43271cdebf,FirstNumber=513,secondNumber=1259}  added by thread pool-3-thread-6
 message  {Id=6f8f7b92-da68-455b-b466-9b43271cdebf,FirstNumber=513,secondNumber=1259}  written to file by thread pool-3-thread-2
 message  {Id=54e37b56-88f8-4422-a26a-844333fb31ad,FirstNumber=113,secondNumber=714}  added by thread pool-3-thread-6
 message  {Id=54e37b56-88f8-4422-a26a-844333fb31ad,FirstNumber=113,secondNumber=714}  written to file by thread pool-3-thread-2
 message  {Id=f51f2e53-b717-463d-85e9-fcce75b6b5b5,FirstNumber=911,secondNumber=1320}  added by thread pool-3-thread-6
 message  {Id=f51f2e53-b717-463d-85e9-fcce75b6b5b5,FirstNumber=911,secondNumber=1320}  written to file by thread pool-3-thread-1
 message  {Id=636c5151-c1c1-47e5-84e8-11fc686e5724,FirstNumber=738,secondNumber=1740}  added by thread pool-3-thread-6
 message  {Id=636c5151-c1c1-47e5-84e8-11fc686e5724,FirstNumber=738,secondNumber=1740}  written to file by thread pool-3-thread-1
 message  {Id=75b8aa8c-60a2-408f-ac57-97bf5a849a5e,FirstNumber=943,secondNumber=236}  added by thread pool-3-thread-6
 message  {Id=75b8aa8c-60a2-408f-ac57-97bf5a849a5e,FirstNumber=943,secondNumber=236}  written to file by thread pool-3-thread-4
 message  {Id=50a379df-3345-4388-8933-ee44ea4cd20c,FirstNumber=123,secondNumber=1140}  added by thread pool-3-thread-6
 message  {Id=50a379df-3345-4388-8933-ee44ea4cd20c,FirstNumber=123,secondNumber=1140}  written to file by thread pool-3-thread-5
 message  {Id=eb64b771-60e6-439d-b5d6-929735413aa2,FirstNumber=582,secondNumber=820}  added by thread pool-3-thread-6
 message  {Id=eb64b771-60e6-439d-b5d6-929735413aa2,FirstNumber=582,secondNumber=820}  written to file by thread pool-3-thread-2
 message  {Id=4b5e9eaf-d2cc-40f2-86d5-b73c195b942f,FirstNumber=803,secondNumber=6}  added by thread pool-3-thread-6
 message  {Id=4b5e9eaf-d2cc-40f2-86d5-b73c195b942f,FirstNumber=803,secondNumber=6}  written to file by thread pool-3-thread-2
 message  {Id=62630508-c9ab-4933-8632-10621396e2f7,FirstNumber=137,secondNumber=1026}  added by thread pool-3-thread-6
 message  {Id=62630508-c9ab-4933-8632-10621396e2f7,FirstNumber=137,secondNumber=1026}  written to file by thread pool-3-thread-1
 message  {Id=4fc2068f-b5d1-4052-9759-4b4311fd3af3,FirstNumber=348,secondNumber=1353}  added by thread pool-3-thread-6
 message  {Id=4fc2068f-b5d1-4052-9759-4b4311fd3af3,FirstNumber=348,secondNumber=1353}  written to file by thread pool-3-thread-1
 message  {Id=5d4053b9-8f59-45a4-b918-58ad9228d5bb,FirstNumber=47,secondNumber=822}  added by thread pool-3-thread-6
 message  {Id=5d4053b9-8f59-45a4-b918-58ad9228d5bb,FirstNumber=47,secondNumber=822}  written to file by thread pool-3-thread-5
 message  {Id=372f9fbc-0265-44e0-a326-f9603b9431a3,FirstNumber=913,secondNumber=737}  added by thread pool-3-thread-6
 message  {Id=372f9fbc-0265-44e0-a326-f9603b9431a3,FirstNumber=913,secondNumber=737}  written to file by thread pool-3-thread-5
 message  {Id=c0b951e0-8a02-4915-abc9-c40d48609079,FirstNumber=220,secondNumber=1677}  added by thread pool-3-thread-6
 message  {Id=c0b951e0-8a02-4915-abc9-c40d48609079,FirstNumber=220,secondNumber=1677}  written to file by thread pool-3-thread-2
 message  {Id=6c7eee41-9cc0-44c4-90da-9406f33789d8,FirstNumber=458,secondNumber=1910}  added by thread pool-3-thread-6
 message  {Id=6c7eee41-9cc0-44c4-90da-9406f33789d8,FirstNumber=458,secondNumber=1910}  written to file by thread pool-3-thread-2
 message  {Id=85b6ed5b-01e1-4a7a-b783-c61d9ec8d533,FirstNumber=120,secondNumber=958}  added by thread pool-3-thread-6
 message  {Id=85b6ed5b-01e1-4a7a-b783-c61d9ec8d533,FirstNumber=120,secondNumber=958}  written to file by thread pool-3-thread-1
 message  {Id=364f2dbb-9232-444c-96fd-7e87c26f9b05,FirstNumber=572,secondNumber=1743}  added by thread pool-3-thread-6
 message  {Id=63c2efc7-4480-4ca0-8be7-e2d6e89e4edd,FirstNumber=787,secondNumber=417}  added by thread pool-3-thread-6
 message  {Id=364f2dbb-9232-444c-96fd-7e87c26f9b05,FirstNumber=572,secondNumber=1743}  written to file by thread pool-3-thread-3
 message  {Id=63c2efc7-4480-4ca0-8be7-e2d6e89e4edd,FirstNumber=787,secondNumber=417}  written to file by thread pool-3-thread-5
 message  {Id=59fdfc0d-87e1-49b9-a67c-72b68bce2a65,FirstNumber=6,secondNumber=1877}  added by thread pool-3-thread-6
 message  {Id=59fdfc0d-87e1-49b9-a67c-72b68bce2a65,FirstNumber=6,secondNumber=1877}  written to file by thread pool-3-thread-4
 message  {Id=d7403a30-4545-4af3-ab38-674f67226dc5,FirstNumber=521,secondNumber=1582}  added by thread pool-3-thread-6
 message  {Id=d7403a30-4545-4af3-ab38-674f67226dc5,FirstNumber=521,secondNumber=1582}  written to file by thread pool-3-thread-4
 message  {Id=b92c8897-6efa-4e1c-8298-68bcfc410e23,FirstNumber=228,secondNumber=908}  added by thread pool-3-thread-6
 message  {Id=b92c8897-6efa-4e1c-8298-68bcfc410e23,FirstNumber=228,secondNumber=908}  written to file by thread pool-3-thread-1
 message  {Id=825ae10c-80ce-4ff5-86f9-a7b8974f0f79,FirstNumber=471,secondNumber=917}  added by thread pool-3-thread-6
 message  {Id=b47744de-8a5e-4b20-b6eb-181e1275938a,FirstNumber=686,secondNumber=420}  added by thread pool-3-thread-6
 message  {Id=825ae10c-80ce-4ff5-86f9-a7b8974f0f79,FirstNumber=471,secondNumber=917}  written to file by thread pool-3-thread-3
 message  {Id=b47744de-8a5e-4b20-b6eb-181e1275938a,FirstNumber=686,secondNumber=420}  written to file by thread pool-3-thread-5
 message  {Id=2a35d70f-6572-44ff-afef-174fd61816b8,FirstNumber=503,secondNumber=1113}  added by thread pool-3-thread-6
 message  {Id=2a35d70f-6572-44ff-afef-174fd61816b8,FirstNumber=503,secondNumber=1113}  written to file by thread pool-3-thread-2
 message  {Id=febabd15-797a-47ee-bd79-47a0dd44acad,FirstNumber=69,secondNumber=359}  added by thread pool-3-thread-6
 message  {Id=febabd15-797a-47ee-bd79-47a0dd44acad,FirstNumber=69,secondNumber=359}  written to file by thread pool-3-thread-2
 message  {Id=9b9de7c3-94e2-4402-8361-0826d9b68e8b,FirstNumber=281,secondNumber=1655}  added by thread pool-3-thread-6
 message  {Id=9b9de7c3-94e2-4402-8361-0826d9b68e8b,FirstNumber=281,secondNumber=1655}  written to file by thread pool-3-thread-1
 message  {Id=6bc9c719-afa0-42de-a7a7-a33f5ce45bf0,FirstNumber=266,secondNumber=1855}  added by thread pool-3-thread-6
 message  {Id=6bc9c719-afa0-42de-a7a7-a33f5ce45bf0,FirstNumber=266,secondNumber=1855}  written to file by thread pool-3-thread-1
 message  {Id=5ab22e57-7fab-4c15-ac7b-25a3bb010d42,FirstNumber=365,secondNumber=804}  added by thread pool-3-thread-6
 message  {Id=5ab22e57-7fab-4c15-ac7b-25a3bb010d42,FirstNumber=365,secondNumber=804}  written to file by thread pool-3-thread-5
 message  {Id=d3d402cd-e6c1-46cb-a08b-43f8c17ec36a,FirstNumber=486,secondNumber=1552}  added by thread pool-3-thread-6
 message  {Id=d3d402cd-e6c1-46cb-a08b-43f8c17ec36a,FirstNumber=486,secondNumber=1552}  written to file by thread pool-3-thread-4
 message  {Id=f314fed5-e93b-425a-bd51-dec8595aa8ff,FirstNumber=940,secondNumber=565}  added by thread pool-3-thread-6
 message  {Id=f314fed5-e93b-425a-bd51-dec8595aa8ff,FirstNumber=940,secondNumber=565}  written to file by thread pool-3-thread-2
 message  {Id=03f09105-91bd-4534-bb00-b44ac3943c3e,FirstNumber=112,secondNumber=1124}  added by thread pool-3-thread-6
 message  {Id=03f09105-91bd-4534-bb00-b44ac3943c3e,FirstNumber=112,secondNumber=1124}  written to file by thread pool-3-thread-2
 message  {Id=becda48b-4ea4-4797-bcd6-b541ad7e41f9,FirstNumber=330,secondNumber=222}  added by thread pool-3-thread-6
 message  {Id=becda48b-4ea4-4797-bcd6-b541ad7e41f9,FirstNumber=330,secondNumber=222}  written to file by thread pool-3-thread-1
 message  {Id=d885410d-259d-493e-a4d8-fa150eecd4b9,FirstNumber=728,secondNumber=77}  added by thread pool-3-thread-6
 message  {Id=d885410d-259d-493e-a4d8-fa150eecd4b9,FirstNumber=728,secondNumber=77}  written to file by thread pool-3-thread-5
 message  {Id=015080ff-7951-4f72-a50f-4cd387eb21cc,FirstNumber=81,secondNumber=870}  added by thread pool-3-thread-6
 message  {Id=015080ff-7951-4f72-a50f-4cd387eb21cc,FirstNumber=81,secondNumber=870}  written to file by thread pool-3-thread-4
 message  {Id=59e64d39-4783-4d0d-92f9-334b2fc51dc7,FirstNumber=838,secondNumber=687}  added by thread pool-3-thread-6
 message  {Id=59e64d39-4783-4d0d-92f9-334b2fc51dc7,FirstNumber=838,secondNumber=687}  written to file by thread pool-3-thread-4
 message  {Id=9fcdab92-b906-43b0-bbf2-76e8dccac97d,FirstNumber=92,secondNumber=1419}  added by thread pool-3-thread-6
 message  {Id=9fcdab92-b906-43b0-bbf2-76e8dccac97d,FirstNumber=92,secondNumber=1419}  written to file by thread pool-3-thread-2
 message  {Id=5688f3c4-89fe-4347-813a-fa592d69041c,FirstNumber=567,secondNumber=302}  added by thread pool-3-thread-6
 message  {Id=5688f3c4-89fe-4347-813a-fa592d69041c,FirstNumber=567,secondNumber=302}  written to file by thread pool-3-thread-1
 message  {Id=8d669557-b9e3-430a-9bd8-46f149218c32,FirstNumber=66,secondNumber=424}  added by thread pool-3-thread-6
 message  {Id=8d669557-b9e3-430a-9bd8-46f149218c32,FirstNumber=66,secondNumber=424}  written to file by thread pool-3-thread-1
 message  {Id=b02dbc49-1620-4dde-899d-5b358513388d,FirstNumber=451,secondNumber=485}  added by thread pool-3-thread-6
 message  {Id=b02dbc49-1620-4dde-899d-5b358513388d,FirstNumber=451,secondNumber=485}  written to file by thread pool-3-thread-3
 message  {Id=92b2ceff-f226-4c69-bdb6-fa7677cf3005,FirstNumber=307,secondNumber=167}  added by thread pool-3-thread-6
 message  {Id=92b2ceff-f226-4c69-bdb6-fa7677cf3005,FirstNumber=307,secondNumber=167}  written to file by thread pool-3-thread-4
 message  {Id=89d91da2-ce4f-40d7-a806-cf4f734109e6,FirstNumber=417,secondNumber=1415}  added by thread pool-3-thread-6
 message  {Id=89d91da2-ce4f-40d7-a806-cf4f734109e6,FirstNumber=417,secondNumber=1415}  written to file by thread pool-3-thread-2
 message  {Id=a473bea8-e6bd-4690-9558-458dd5d272bb,FirstNumber=293,secondNumber=884}  added by thread pool-3-thread-6
 message  {Id=a473bea8-e6bd-4690-9558-458dd5d272bb,FirstNumber=293,secondNumber=884}  written to file by thread pool-3-thread-5
 message  {Id=eb46d006-e064-47f6-9b0d-397300ae81c1,FirstNumber=965,secondNumber=618}  added by thread pool-3-thread-6
 message  {Id=eb46d006-e064-47f6-9b0d-397300ae81c1,FirstNumber=965,secondNumber=618}  written to file by thread pool-3-thread-5
 message  {Id=8dd178f6-097d-4087-9183-b04e2b0d857e,FirstNumber=933,secondNumber=1551}  added by thread pool-3-thread-6
 message  {Id=8dd178f6-097d-4087-9183-b04e2b0d857e,FirstNumber=933,secondNumber=1551}  written to file by thread pool-3-thread-3
 message  {Id=b27d98ba-f5ad-4508-9583-474a30274e5c,FirstNumber=874,secondNumber=350}  added by thread pool-3-thread-6
 message  {Id=b27d98ba-f5ad-4508-9583-474a30274e5c,FirstNumber=874,secondNumber=350}  written to file by thread pool-3-thread-4
 message  {Id=bc26d4eb-8b5d-4989-8fb9-32f4f9839b2b,FirstNumber=180,secondNumber=1465}  added by thread pool-3-thread-6
 message  {Id=bc26d4eb-8b5d-4989-8fb9-32f4f9839b2b,FirstNumber=180,secondNumber=1465}  written to file by thread pool-3-thread-2
 message  {Id=f08b04e6-9505-4d8a-9948-f112eca91f5d,FirstNumber=986,secondNumber=402}  added by thread pool-3-thread-6
 message  {Id=f08b04e6-9505-4d8a-9948-f112eca91f5d,FirstNumber=986,secondNumber=402}  written to file by thread pool-3-thread-2
 message  {Id=ea123f8c-53e6-4b92-8f2d-78451463a0f8,FirstNumber=728,secondNumber=1797}  added by thread pool-3-thread-6
 message  {Id=ea123f8c-53e6-4b92-8f2d-78451463a0f8,FirstNumber=728,secondNumber=1797}  written to file by thread pool-3-thread-5
 message  {Id=e9c75e73-5325-4164-b075-3d3f49c22c0d,FirstNumber=5,secondNumber=1875}  added by thread pool-3-thread-6
 message  {Id=e9c75e73-5325-4164-b075-3d3f49c22c0d,FirstNumber=5,secondNumber=1875}  written to file by thread pool-3-thread-5
 message  {Id=426d1500-f7f7-401c-88df-0c09423b2922,FirstNumber=744,secondNumber=643}  added by thread pool-3-thread-6
 message  {Id=426d1500-f7f7-401c-88df-0c09423b2922,FirstNumber=744,secondNumber=643}  written to file by thread pool-3-thread-4
 message  {Id=3b61e62f-a089-46d4-9e61-a125383b822d,FirstNumber=14,secondNumber=1286}  added by thread pool-3-thread-6
 message  {Id=3b61e62f-a089-46d4-9e61-a125383b822d,FirstNumber=14,secondNumber=1286}  written to file by thread pool-3-thread-4
 message  {Id=8798c9c0-76cf-4961-9d16-6b0a0a303ddc,FirstNumber=928,secondNumber=1083}  added by thread pool-3-thread-6
 message  {Id=8798c9c0-76cf-4961-9d16-6b0a0a303ddc,FirstNumber=928,secondNumber=1083}  written to file by thread pool-3-thread-2
 message  {Id=0797f569-1f1e-4c8e-b8e3-0a8ef311eb01,FirstNumber=902,secondNumber=1418}  added by thread pool-3-thread-6
 message  {Id=0797f569-1f1e-4c8e-b8e3-0a8ef311eb01,FirstNumber=902,secondNumber=1418}  written to file by thread pool-3-thread-2
 message  {Id=62940483-7cc1-49b9-86ec-281de29f2b2e,FirstNumber=197,secondNumber=1810}  added by thread pool-3-thread-6
 message  {Id=62940483-7cc1-49b9-86ec-281de29f2b2e,FirstNumber=197,secondNumber=1810}  written to file by thread pool-3-thread-5
 message  {Id=242afb65-3c1f-4bfa-be4a-27037858ee57,FirstNumber=382,secondNumber=326}  added by thread pool-3-thread-6
 message  {Id=242afb65-3c1f-4bfa-be4a-27037858ee57,FirstNumber=382,secondNumber=326}  written to file by thread pool-3-thread-1
 message  {Id=89a3b05a-1d88-486a-a946-d110f4f7d4ff,FirstNumber=128,secondNumber=1606}  added by thread pool-3-thread-6
 message  {Id=89a3b05a-1d88-486a-a946-d110f4f7d4ff,FirstNumber=128,secondNumber=1606}  written to file by thread pool-3-thread-4
 message  {Id=6ba7eee5-4887-49f8-a464-75e6d66995fa,FirstNumber=874,secondNumber=381}  added by thread pool-3-thread-6
 message  {Id=6ba7eee5-4887-49f8-a464-75e6d66995fa,FirstNumber=874,secondNumber=381}  written to file by thread pool-3-thread-4
 message  {Id=d18e931e-d639-400f-b2aa-20859c3ee48f,FirstNumber=91,secondNumber=1037}  added by thread pool-3-thread-6
 message  {Id=d18e931e-d639-400f-b2aa-20859c3ee48f,FirstNumber=91,secondNumber=1037}  written to file by thread pool-3-thread-2
 message  {Id=440f4c63-5d8f-4c0e-ac77-34b2ce02af5b,FirstNumber=605,secondNumber=180}  added by thread pool-3-thread-6
 message  {Id=440f4c63-5d8f-4c0e-ac77-34b2ce02af5b,FirstNumber=605,secondNumber=180}  written to file by thread pool-3-thread-5
 message  {Id=53550a13-3997-47c7-a3d7-cfb59eb778a5,FirstNumber=792,secondNumber=1522}  added by thread pool-3-thread-6
 message  {Id=53550a13-3997-47c7-a3d7-cfb59eb778a5,FirstNumber=792,secondNumber=1522}  written to file by thread pool-3-thread-1
 message  {Id=c85b1649-efd2-47ff-84ff-b9d756e525fe,FirstNumber=748,secondNumber=214}  added by thread pool-3-thread-6
 message  {Id=c85b1649-efd2-47ff-84ff-b9d756e525fe,FirstNumber=748,secondNumber=214}  written to file by thread pool-3-thread-3
 message  {Id=7fc85e08-682a-4427-b250-4f9ab2ae4a91,FirstNumber=96,secondNumber=1134}  added by thread pool-3-thread-6
 message  {Id=7fc85e08-682a-4427-b250-4f9ab2ae4a91,FirstNumber=96,secondNumber=1134}  written to file by thread pool-3-thread-4
 message  {Id=953a5e8d-d3a8-464b-8873-0f62fdcd4097,FirstNumber=877,secondNumber=149}  added by thread pool-3-thread-6
 message  {Id=953a5e8d-d3a8-464b-8873-0f62fdcd4097,FirstNumber=877,secondNumber=149}  written to file by thread pool-3-thread-4
 message  {Id=fa6cae15-ec46-452a-afd0-2ee8ab24ebab,FirstNumber=638,secondNumber=1649}  added by thread pool-3-thread-6
 message  {Id=fa6cae15-ec46-452a-afd0-2ee8ab24ebab,FirstNumber=638,secondNumber=1649}  written to file by thread pool-3-thread-5
 message  {Id=f7319f55-b62f-4341-a0c9-48fbb52f672c,FirstNumber=882,secondNumber=982}  added by thread pool-3-thread-6
 message  {Id=f7319f55-b62f-4341-a0c9-48fbb52f672c,FirstNumber=882,secondNumber=982}  written to file by thread pool-3-thread-5
 message  {Id=4b4156e2-e4f7-4961-9b10-b8ba6f0188ea,FirstNumber=723,secondNumber=98}  added by thread pool-3-thread-6
 message  {Id=4b4156e2-e4f7-4961-9b10-b8ba6f0188ea,FirstNumber=723,secondNumber=98}  written to file by thread pool-3-thread-3
 message  {Id=30faf741-b8b0-4729-b4d7-9d3615955e1b,FirstNumber=398,secondNumber=1510}  added by thread pool-3-thread-6
 message  {Id=30faf741-b8b0-4729-b4d7-9d3615955e1b,FirstNumber=398,secondNumber=1510}  written to file by thread pool-3-thread-2
 message  {Id=baee53d6-7560-4816-bc58-78fcf0001495,FirstNumber=500,secondNumber=552}  added by thread pool-3-thread-6
 message  {Id=baee53d6-7560-4816-bc58-78fcf0001495,FirstNumber=500,secondNumber=552}  written to file by thread pool-3-thread-2
 message  {Id=9c682b32-5993-4eec-b639-0035241e939f,FirstNumber=756,secondNumber=1793}  added by thread pool-3-thread-6
 message  {Id=9c682b32-5993-4eec-b639-0035241e939f,FirstNumber=756,secondNumber=1793}  written to file by thread pool-3-thread-2
 message  {Id=fe325e8c-c733-4a61-842d-ca58a2504c49,FirstNumber=348,secondNumber=1102}  added by thread pool-3-thread-6
 message  {Id=fe325e8c-c733-4a61-842d-ca58a2504c49,FirstNumber=348,secondNumber=1102}  written to file by thread pool-3-thread-5
 message  {Id=912f076c-4fd6-43c1-84b0-753c9bd55640,FirstNumber=276,secondNumber=1342}  added by thread pool-3-thread-6
 message  {Id=912f076c-4fd6-43c1-84b0-753c9bd55640,FirstNumber=276,secondNumber=1342}  written to file by thread pool-3-thread-5
 message  {Id=64524c3b-a2fa-411c-a9b4-2bfa70fda675,FirstNumber=109,secondNumber=360}  added by thread pool-3-thread-6
 message  {Id=64524c3b-a2fa-411c-a9b4-2bfa70fda675,FirstNumber=109,secondNumber=360}  written to file by thread pool-3-thread-4
 message  {Id=b682af94-77a3-4705-a0f5-ba96ec4b7348,FirstNumber=571,secondNumber=831}  added by thread pool-3-thread-6
 message  {Id=b682af94-77a3-4705-a0f5-ba96ec4b7348,FirstNumber=571,secondNumber=831}  written to file by thread pool-3-thread-4
 message  {Id=17358ce4-e67a-424e-8f25-3b4c0e402ec9,FirstNumber=557,secondNumber=762}  added by thread pool-3-thread-6
 message  {Id=17358ce4-e67a-424e-8f25-3b4c0e402ec9,FirstNumber=557,secondNumber=762}  written to file by thread pool-3-thread-4
 message  {Id=4e76bd55-a729-400c-b781-88b066020c7f,FirstNumber=8,secondNumber=267}  added by thread pool-3-thread-6
 message  {Id=4e76bd55-a729-400c-b781-88b066020c7f,FirstNumber=8,secondNumber=267}  written to file by thread pool-3-thread-3
 message  {Id=e59dfe31-4089-4015-8137-95b84b67d014,FirstNumber=936,secondNumber=195}  added by thread pool-3-thread-6
 message  {Id=e59dfe31-4089-4015-8137-95b84b67d014,FirstNumber=936,secondNumber=195}  written to file by thread pool-3-thread-5
 message  {Id=61403d11-e8f3-4f53-9078-c0932c5b3c56,FirstNumber=294,secondNumber=646}  added by thread pool-3-thread-6
 message  {Id=61403d11-e8f3-4f53-9078-c0932c5b3c56,FirstNumber=294,secondNumber=646}  written to file by thread pool-3-thread-1
 message  {Id=09e25386-007c-4d7d-b01d-b17296899484,FirstNumber=718,secondNumber=1876}  added by thread pool-3-thread-6
 message  {Id=09e25386-007c-4d7d-b01d-b17296899484,FirstNumber=718,secondNumber=1876}  written to file by thread pool-3-thread-2
 message  {Id=a9bced2a-4068-495d-a280-5005ed052223,FirstNumber=621,secondNumber=1557}  added by thread pool-3-thread-6
 message  {Id=a9bced2a-4068-495d-a280-5005ed052223,FirstNumber=621,secondNumber=1557}  written to file by thread pool-3-thread-4
 message  {Id=a5caa441-1203-421c-9226-1e3c17deb878,FirstNumber=777,secondNumber=173}  added by thread pool-3-thread-6
 message  {Id=a5caa441-1203-421c-9226-1e3c17deb878,FirstNumber=777,secondNumber=173}  written to file by thread pool-3-thread-3
 message  {Id=71c655e3-9930-4e25-be4b-627c2b8430c6,FirstNumber=387,secondNumber=1122}  added by thread pool-3-thread-6
 message  {Id=71c655e3-9930-4e25-be4b-627c2b8430c6,FirstNumber=387,secondNumber=1122}  written to file by thread pool-3-thread-5
 message  {Id=c2293642-0863-452a-83cf-e316558bac41,FirstNumber=483,secondNumber=993}  added by thread pool-3-thread-6
 message  {Id=c2293642-0863-452a-83cf-e316558bac41,FirstNumber=483,secondNumber=993}  written to file by thread pool-3-thread-1
 message  {Id=86f395a5-8b19-4775-ad3a-be8075c6f086,FirstNumber=581,secondNumber=1729}  added by thread pool-3-thread-6
 message  {Id=86f395a5-8b19-4775-ad3a-be8075c6f086,FirstNumber=581,secondNumber=1729}  written to file by thread pool-3-thread-1
 message  {Id=a2a04b80-cd1f-4feb-8e2d-5848ace9e86c,FirstNumber=507,secondNumber=1472}  added by thread pool-3-thread-6
 message  {Id=a2a04b80-cd1f-4feb-8e2d-5848ace9e86c,FirstNumber=507,secondNumber=1472}  written to file by thread pool-3-thread-4
 message  {Id=37bd237f-b500-4b95-aeb5-63328b3bfc70,FirstNumber=327,secondNumber=331}  added by thread pool-3-thread-6
 message  {Id=37bd237f-b500-4b95-aeb5-63328b3bfc70,FirstNumber=327,secondNumber=331}  written to file by thread pool-3-thread-4
 message  {Id=34b25003-9d0b-44e3-b5cc-6ac68adf256c,FirstNumber=79,secondNumber=324}  added by thread pool-3-thread-6
 message  {Id=34b25003-9d0b-44e3-b5cc-6ac68adf256c,FirstNumber=79,secondNumber=324}  written to file by thread pool-3-thread-5
 message  {Id=cf40b400-23dd-4363-8bc1-67620aeca137,FirstNumber=946,secondNumber=1397}  added by thread pool-3-thread-6
 message  {Id=cf40b400-23dd-4363-8bc1-67620aeca137,FirstNumber=946,secondNumber=1397}  written to file by thread pool-3-thread-5
 message  {Id=f7ee3d88-defa-4f1d-81d1-d5756f3797d4,FirstNumber=760,secondNumber=1645}  added by thread pool-3-thread-6
 message  {Id=f7ee3d88-defa-4f1d-81d1-d5756f3797d4,FirstNumber=760,secondNumber=1645}  written to file by thread pool-3-thread-1
 message  {Id=78108256-3ac6-4178-b81f-3e7d6e0160e6,FirstNumber=750,secondNumber=1959}  added by thread pool-3-thread-6
 message  {Id=78108256-3ac6-4178-b81f-3e7d6e0160e6,FirstNumber=750,secondNumber=1959}  written to file by thread pool-3-thread-1
 message  {Id=cdf09b41-1618-440a-95a2-e8f5435adc62,FirstNumber=948,secondNumber=1248}  added by thread pool-3-thread-6
 message  {Id=cdf09b41-1618-440a-95a2-e8f5435adc62,FirstNumber=948,secondNumber=1248}  written to file by thread pool-3-thread-4
 message  {Id=e155e1af-6038-4bd7-bde7-72064e243b05,FirstNumber=654,secondNumber=14}  added by thread pool-3-thread-6
 message  {Id=e155e1af-6038-4bd7-bde7-72064e243b05,FirstNumber=654,secondNumber=14}  written to file by thread pool-3-thread-4
 message  {Id=583bb05a-1330-42ca-b656-d996b1cf4d2b,FirstNumber=754,secondNumber=336}  added by thread pool-3-thread-6
 message  {Id=583bb05a-1330-42ca-b656-d996b1cf4d2b,FirstNumber=754,secondNumber=336}  written to file by thread pool-3-thread-5
 message  {Id=7548c0e6-edcc-4551-ae46-6ee3c9cc3f86,FirstNumber=419,secondNumber=502}  added by thread pool-3-thread-6
 message  {Id=7548c0e6-edcc-4551-ae46-6ee3c9cc3f86,FirstNumber=419,secondNumber=502}  written to file by thread pool-3-thread-5
 message  {Id=6fa61cf2-3172-4d20-9d29-9914b9bc2e2c,FirstNumber=764,secondNumber=821}  added by thread pool-3-thread-6
 message  {Id=6fa61cf2-3172-4d20-9d29-9914b9bc2e2c,FirstNumber=764,secondNumber=821}  written to file by thread pool-3-thread-1
 message  {Id=6157a597-3c05-4690-a91a-4e3de43541cc,FirstNumber=250,secondNumber=433}  added by thread pool-3-thread-6
 message  {Id=6157a597-3c05-4690-a91a-4e3de43541cc,FirstNumber=250,secondNumber=433}  written to file by thread pool-3-thread-2
 message  {Id=100827ac-bfda-412a-a038-01ae83c1f477,FirstNumber=467,secondNumber=502}  added by thread pool-3-thread-6
 message  {Id=100827ac-bfda-412a-a038-01ae83c1f477,FirstNumber=467,secondNumber=502}  written to file by thread pool-3-thread-4
 message  {Id=23065ad3-0250-4a73-a61c-fe2053a70856,FirstNumber=86,secondNumber=685}  added by thread pool-3-thread-6
 message  {Id=23065ad3-0250-4a73-a61c-fe2053a70856,FirstNumber=86,secondNumber=685}  written to file by thread pool-3-thread-3
 message  {Id=7e1d49c9-e4f2-45f2-8ac8-fa1a3e97ccb6,FirstNumber=117,secondNumber=68}  added by thread pool-3-thread-6
 message  {Id=7e1d49c9-e4f2-45f2-8ac8-fa1a3e97ccb6,FirstNumber=117,secondNumber=68}  written to file by thread pool-3-thread-5
 message  {Id=294232d3-68e7-474d-81ec-016ad7c00df6,FirstNumber=265,secondNumber=1152}  added by thread pool-3-thread-6
 message  {Id=294232d3-68e7-474d-81ec-016ad7c00df6,FirstNumber=265,secondNumber=1152}  written to file by thread pool-3-thread-5
 message  {Id=ede24da5-74f1-4854-9e9c-8953b413d589,FirstNumber=626,secondNumber=1703}  added by thread pool-3-thread-6
 message  {Id=ede24da5-74f1-4854-9e9c-8953b413d589,FirstNumber=626,secondNumber=1703}  written to file by thread pool-3-thread-2
 message  {Id=2019e889-1b69-4a33-a7b9-22d5edf320b1,FirstNumber=190,secondNumber=88}  added by thread pool-3-thread-6
 message  {Id=2019e889-1b69-4a33-a7b9-22d5edf320b1,FirstNumber=190,secondNumber=88}  written to file by thread pool-3-thread-4
 message  {Id=89994faa-5d6c-4566-92c1-b2573cb30be2,FirstNumber=887,secondNumber=1976}  added by thread pool-3-thread-6
 message  {Id=89994faa-5d6c-4566-92c1-b2573cb30be2,FirstNumber=887,secondNumber=1976}  written to file by thread pool-3-thread-3
 message  {Id=7d25c2a0-d174-48be-8d56-fdb851ad89c6,FirstNumber=154,secondNumber=1621}  added by thread pool-3-thread-6
 message  {Id=7d25c2a0-d174-48be-8d56-fdb851ad89c6,FirstNumber=154,secondNumber=1621}  written to file by thread pool-3-thread-1
 message  {Id=7b0ab6e6-3b84-44b1-aefa-5eaa4be5e3f6,FirstNumber=260,secondNumber=658}  added by thread pool-3-thread-6
 message  {Id=7b0ab6e6-3b84-44b1-aefa-5eaa4be5e3f6,FirstNumber=260,secondNumber=658}  written to file by thread pool-3-thread-5
 message  {Id=2d3abee1-1f09-41ec-8a29-296744dd0192,FirstNumber=301,secondNumber=98}  added by thread pool-3-thread-6
 message  {Id=2d3abee1-1f09-41ec-8a29-296744dd0192,FirstNumber=301,secondNumber=98}  written to file by thread pool-3-thread-5
 message  {Id=0170e3f9-44c4-410d-909a-0b3c1c453a35,FirstNumber=254,secondNumber=383}  added by thread pool-3-thread-6
 message  {Id=0170e3f9-44c4-410d-909a-0b3c1c453a35,FirstNumber=254,secondNumber=383}  written to file by thread pool-3-thread-4
 message  {Id=a3a45b99-958b-463f-a2f0-ce71dddf1d5d,FirstNumber=825,secondNumber=888}  added by thread pool-3-thread-6
 message  {Id=a3a45b99-958b-463f-a2f0-ce71dddf1d5d,FirstNumber=825,secondNumber=888}  written to file by thread pool-3-thread-3
 message  {Id=875a2907-7773-4bea-a4b9-a1540a7bbf34,FirstNumber=566,secondNumber=875}  added by thread pool-3-thread-6
 message  {Id=875a2907-7773-4bea-a4b9-a1540a7bbf34,FirstNumber=566,secondNumber=875}  written to file by thread pool-3-thread-1
 message  {Id=82f45b09-6cd8-4ffc-b11e-3b1742dae6e9,FirstNumber=428,secondNumber=378}  added by thread pool-3-thread-6
 message  {Id=82f45b09-6cd8-4ffc-b11e-3b1742dae6e9,FirstNumber=428,secondNumber=378}  written to file by thread pool-3-thread-2
 message  {Id=de85a6b1-66a8-457a-a921-7483716264c3,FirstNumber=758,secondNumber=1069}  added by thread pool-3-thread-6
 message  {Id=de85a6b1-66a8-457a-a921-7483716264c3,FirstNumber=758,secondNumber=1069}  written to file by thread pool-3-thread-5
 message  {Id=0cddeeae-8932-4a15-b04b-c038940ac1d2,FirstNumber=20,secondNumber=1984}  added by thread pool-3-thread-6
 message  {Id=0cddeeae-8932-4a15-b04b-c038940ac1d2,FirstNumber=20,secondNumber=1984}  written to file by thread pool-3-thread-5
 message  {Id=1241ad0f-562d-4dbd-a382-d1fc076bf4ed,FirstNumber=793,secondNumber=1779}  added by thread pool-3-thread-6
 message  {Id=8c93e8bd-8661-4150-a76e-096e02408ecf,FirstNumber=718,secondNumber=1957}  added by thread pool-3-thread-6
 message  {Id=1241ad0f-562d-4dbd-a382-d1fc076bf4ed,FirstNumber=793,secondNumber=1779}  written to file by thread pool-3-thread-3
 message  {Id=8c93e8bd-8661-4150-a76e-096e02408ecf,FirstNumber=718,secondNumber=1957}  written to file by thread pool-3-thread-1
 message  {Id=888a52b6-9195-43d7-a7a7-3717ec755111,FirstNumber=403,secondNumber=791}  added by thread pool-3-thread-6
 message  {Id=888a52b6-9195-43d7-a7a7-3717ec755111,FirstNumber=403,secondNumber=791}  written to file by thread pool-3-thread-2
 message  {Id=bf57f86f-e9ef-424f-89fb-f469bf168107,FirstNumber=290,secondNumber=1944}  added by thread pool-3-thread-6
 message  {Id=bf57f86f-e9ef-424f-89fb-f469bf168107,FirstNumber=290,secondNumber=1944}  written to file by thread pool-3-thread-4
 message  {Id=fe5d493e-3cc0-4ada-a587-4ac18ec6192e,FirstNumber=69,secondNumber=327}  added by thread pool-3-thread-6
 message  {Id=fe197773-b8d3-4caa-9131-dd135f37b163,FirstNumber=847,secondNumber=74}  added by thread pool-3-thread-6
 message  {Id=fe197773-b8d3-4caa-9131-dd135f37b163,FirstNumber=847,secondNumber=74}  written to file by thread pool-3-thread-3
 message  {Id=ddd4afd9-6830-481f-9431-7f10465fec0d,FirstNumber=968,secondNumber=285}  added by thread pool-3-thread-6
 message  {Id=ddd4afd9-6830-481f-9431-7f10465fec0d,FirstNumber=968,secondNumber=285}  written to file by thread pool-3-thread-1
 message  {Id=dfa5cfe5-a8c4-4f2c-a0aa-0b68f47f8dc6,FirstNumber=127,secondNumber=457}  added by thread pool-3-thread-6
 message  {Id=dfa5cfe5-a8c4-4f2c-a0aa-0b68f47f8dc6,FirstNumber=127,secondNumber=457}  written to file by thread pool-3-thread-1
 message  {Id=3ec590f1-67d0-440d-90d8-ed88de13645f,FirstNumber=465,secondNumber=1606}  added by thread pool-3-thread-6
 message  {Id=3ec590f1-67d0-440d-90d8-ed88de13645f,FirstNumber=465,secondNumber=1606}  written to file by thread pool-3-thread-4
 message  {Id=831e7ad9-b74f-436c-9695-7f9b20e6382c,FirstNumber=167,secondNumber=527}  added by thread pool-3-thread-6
 message  {Id=831e7ad9-b74f-436c-9695-7f9b20e6382c,FirstNumber=167,secondNumber=527}  written to file by thread pool-3-thread-3
 message  {Id=23690b63-1227-42d7-98af-cd39f8d1450c,FirstNumber=573,secondNumber=363}  added by thread pool-3-thread-6
 message  {Id=23690b63-1227-42d7-98af-cd39f8d1450c,FirstNumber=573,secondNumber=363}  written to file by thread pool-3-thread-2
 message  {Id=b3286066-c13c-41fd-b200-18679c36e784,FirstNumber=508,secondNumber=863}  added by thread pool-3-thread-6
 message  {Id=b3286066-c13c-41fd-b200-18679c36e784,FirstNumber=508,secondNumber=863}  written to file by thread pool-3-thread-1
 message  {Id=332f00b1-12c3-46df-bb85-340dc398984b,FirstNumber=715,secondNumber=924}  added by thread pool-3-thread-6
 message  {Id=332f00b1-12c3-46df-bb85-340dc398984b,FirstNumber=715,secondNumber=924}  written to file by thread pool-3-thread-4
 message  {Id=ec78f451-cb88-4ba2-b66d-950b5315070e,FirstNumber=466,secondNumber=1852}  added by thread pool-3-thread-6
 message  {Id=ec78f451-cb88-4ba2-b66d-950b5315070e,FirstNumber=466,secondNumber=1852}  written to file by thread pool-3-thread-3
 message  {Id=afa68882-0a0c-4c51-8e3a-02a07ac17568,FirstNumber=547,secondNumber=454}  added by thread pool-3-thread-6
 message  {Id=afa68882-0a0c-4c51-8e3a-02a07ac17568,FirstNumber=547,secondNumber=454}  written to file by thread pool-3-thread-3
 message  {Id=573a303f-a3f7-497e-b67b-571126c337b4,FirstNumber=543,secondNumber=1671}  added by thread pool-3-thread-6
 message  {Id=573a303f-a3f7-497e-b67b-571126c337b4,FirstNumber=543,secondNumber=1671}  written to file by thread pool-3-thread-1
 message  {Id=693166d4-0e41-43b3-8864-22ca416b3d57,FirstNumber=968,secondNumber=1311}  added by thread pool-3-thread-6
 message  {Id=693166d4-0e41-43b3-8864-22ca416b3d57,FirstNumber=968,secondNumber=1311}  written to file by thread pool-3-thread-1
 message  {Id=5f527621-23b6-4d35-9c59-4d5d6b899271,FirstNumber=721,secondNumber=1118}  added by thread pool-3-thread-6
 message  {Id=5f527621-23b6-4d35-9c59-4d5d6b899271,FirstNumber=721,secondNumber=1118}  written to file by thread pool-3-thread-1
 message  {Id=699e0552-fdae-4403-8f38-df12fa184f1b,FirstNumber=404,secondNumber=1986}  added by thread pool-3-thread-6
 message  {Id=699e0552-fdae-4403-8f38-df12fa184f1b,FirstNumber=404,secondNumber=1986}  written to file by thread pool-3-thread-3
 message  {Id=82092029-a8ab-426d-918e-3b17a11b2459,FirstNumber=298,secondNumber=734}  added by thread pool-3-thread-6
 message  {Id=82092029-a8ab-426d-918e-3b17a11b2459,FirstNumber=298,secondNumber=734}  written to file by thread pool-3-thread-4
 message  {Id=47de35fe-2fa9-48d8-b166-1ef5a36c9694,FirstNumber=686,secondNumber=616}  added by thread pool-3-thread-6
 message  {Id=47de35fe-2fa9-48d8-b166-1ef5a36c9694,FirstNumber=686,secondNumber=616}  written to file by thread pool-3-thread-2
 message  {Id=7f37f6cb-0f5a-483c-b0b7-2da3c5002047,FirstNumber=203,secondNumber=1818}  added by thread pool-3-thread-6
 message  {Id=7f37f6cb-0f5a-483c-b0b7-2da3c5002047,FirstNumber=203,secondNumber=1818}  written to file by thread pool-3-thread-1
 message  {Id=adfe8c77-83bc-4872-a412-26335734ab88,FirstNumber=683,secondNumber=506}  added by thread pool-3-thread-6
 message  {Id=adfe8c77-83bc-4872-a412-26335734ab88,FirstNumber=683,secondNumber=506}  written to file by thread pool-3-thread-3
 message  {Id=99c8185e-ef6e-41d3-b0a1-b5a0c4818e40,FirstNumber=199,secondNumber=1281}  added by thread pool-3-thread-6
 message  {Id=99c8185e-ef6e-41d3-b0a1-b5a0c4818e40,FirstNumber=199,secondNumber=1281}  written to file by thread pool-3-thread-4
 message  {Id=af2e8c37-fb75-4920-9257-d878e5d76220,FirstNumber=28,secondNumber=1121}  added by thread pool-3-thread-6
 message  {Id=af2e8c37-fb75-4920-9257-d878e5d76220,FirstNumber=28,secondNumber=1121}  written to file by thread pool-3-thread-2
 message  {Id=28c36455-aa42-4255-9de7-6e9e5d573bcb,FirstNumber=151,secondNumber=1787}  added by thread pool-3-thread-6
 message  {Id=28c36455-aa42-4255-9de7-6e9e5d573bcb,FirstNumber=151,secondNumber=1787}  written to file by thread pool-3-thread-1
 message  {Id=cea5234a-0f1d-42cf-b92c-10646aab0d77,FirstNumber=282,secondNumber=356}  added by thread pool-3-thread-6
 message  {Id=cea5234a-0f1d-42cf-b92c-10646aab0d77,FirstNumber=282,secondNumber=356}  written to file by thread pool-3-thread-1
 message  {Id=d0f43094-3716-448a-9bbb-87a9ffab79d1,FirstNumber=163,secondNumber=1652}  added by thread pool-3-thread-6
 message  {Id=d0f43094-3716-448a-9bbb-87a9ffab79d1,FirstNumber=163,secondNumber=1652}  written to file by thread pool-3-thread-4
 message  {Id=b63f7670-14dc-4e63-b155-0024d2bbec08,FirstNumber=862,secondNumber=241}  added by thread pool-3-thread-6
 message  {Id=b63f7670-14dc-4e63-b155-0024d2bbec08,FirstNumber=862,secondNumber=241}  written to file by thread pool-3-thread-2
 message  {Id=7b5e0acb-dc6d-4e68-95ed-e7090c2f0f0c,FirstNumber=11,secondNumber=1579}  added by thread pool-3-thread-6
 message  {Id=7b5e0acb-dc6d-4e68-95ed-e7090c2f0f0c,FirstNumber=11,secondNumber=1579}  written to file by thread pool-3-thread-3
 message  {Id=6f57d7ed-1150-4e97-9265-db2593291408,FirstNumber=452,secondNumber=1946}  added by thread pool-3-thread-6
 message  {Id=6f57d7ed-1150-4e97-9265-db2593291408,FirstNumber=452,secondNumber=1946}  written to file by thread pool-3-thread-3
 message  {Id=0421f957-7e02-4906-b258-af971e6f1ee2,FirstNumber=909,secondNumber=984}  added by thread pool-3-thread-6
 message  {Id=0421f957-7e02-4906-b258-af971e6f1ee2,FirstNumber=909,secondNumber=984}  written to file by thread pool-3-thread-4
 message  {Id=902c8577-d212-4d29-9285-fc0544845339,FirstNumber=534,secondNumber=1706}  added by thread pool-3-thread-6
 message  {Id=023752f7-35cf-48e2-b1ff-c6d876bd0d89,FirstNumber=151,secondNumber=1176}  added by thread pool-3-thread-6
 message  {Id=023752f7-35cf-48e2-b1ff-c6d876bd0d89,FirstNumber=151,secondNumber=1176}  written to file by thread pool-3-thread-1
 message  {Id=ccec734c-de70-459c-ac60-bdf79b19fcfa,FirstNumber=688,secondNumber=375}  added by thread pool-3-thread-6
 message  {Id=ccec734c-de70-459c-ac60-bdf79b19fcfa,FirstNumber=688,secondNumber=375}  written to file by thread pool-3-thread-3
 message  {Id=101f59ba-fd77-42c2-adf4-f5004e4a02fb,FirstNumber=428,secondNumber=1784}  added by thread pool-3-thread-6
 message  {Id=101f59ba-fd77-42c2-adf4-f5004e4a02fb,FirstNumber=428,secondNumber=1784}  written to file by thread pool-3-thread-4
 message  {Id=e9c89ac3-512a-441f-91cd-52ff8c0b3013,FirstNumber=259,secondNumber=1545}  added by thread pool-3-thread-6
 message  {Id=e9c89ac3-512a-441f-91cd-52ff8c0b3013,FirstNumber=259,secondNumber=1545}  written to file by thread pool-3-thread-4
 message  {Id=5415312a-a7c4-46fe-ae95-d481e622660b,FirstNumber=550,secondNumber=1527}  added by thread pool-3-thread-6
 message  {Id=5415312a-a7c4-46fe-ae95-d481e622660b,FirstNumber=550,secondNumber=1527}  written to file by thread pool-3-thread-4
 message  {Id=0960633a-ae95-4299-9652-63e65939ffaf,FirstNumber=730,secondNumber=1314}  added by thread pool-3-thread-6
 message  {Id=0960633a-ae95-4299-9652-63e65939ffaf,FirstNumber=730,secondNumber=1314}  written to file by thread pool-3-thread-1
 message  {Id=d7a1eb7a-77d5-43b6-bdcc-7c6f03cf7bf4,FirstNumber=486,secondNumber=1566}  added by thread pool-3-thread-6
 message  {Id=d7a1eb7a-77d5-43b6-bdcc-7c6f03cf7bf4,FirstNumber=486,secondNumber=1566}  written to file by thread pool-3-thread-1
 message  {Id=97bc30bf-0e76-484b-9b6f-4889d195ee95,FirstNumber=531,secondNumber=143}  added by thread pool-3-thread-6
 message  {Id=97bc30bf-0e76-484b-9b6f-4889d195ee95,FirstNumber=531,secondNumber=143}  written to file by thread pool-3-thread-4
 message  {Id=8783acda-502a-469e-84b7-b10a27191580,FirstNumber=463,secondNumber=996}  added by thread pool-3-thread-6
 message  {Id=fe5d493e-3cc0-4ada-a587-4ac18ec6192e,FirstNumber=69,secondNumber=327}  written to file by thread pool-3-thread-5
 message  {Id=8783acda-502a-469e-84b7-b10a27191580,FirstNumber=463,secondNumber=996}  written to file by thread pool-3-thread-4
 message  {Id=902c8577-d212-4d29-9285-fc0544845339,FirstNumber=534,secondNumber=1706}  written to file by thread pool-3-thread-2
 message  {Id=0b85148f-f40d-4c05-8fd0-01cc3644f935,FirstNumber=863,secondNumber=1665}  added by thread pool-3-thread-6
 message  {Id=0b85148f-f40d-4c05-8fd0-01cc3644f935,FirstNumber=863,secondNumber=1665}  written to file by thread pool-3-thread-2
 message  {Id=f4bc3533-7bad-43b0-b5c0-254815acafb0,FirstNumber=343,secondNumber=1686}  added by thread pool-3-thread-6
 message  {Id=f4bc3533-7bad-43b0-b5c0-254815acafb0,FirstNumber=343,secondNumber=1686}  written to file by thread pool-3-thread-3
 message  {Id=95939ae0-4437-4f2f-8dfa-193ecc9b4aa2,FirstNumber=453,secondNumber=1638}  added by thread pool-3-thread-6
 message  {Id=95939ae0-4437-4f2f-8dfa-193ecc9b4aa2,FirstNumber=453,secondNumber=1638}  written to file by thread pool-3-thread-5
 message  {Id=63e280bf-e9a0-43ca-a2b3-9738ba1c5444,FirstNumber=986,secondNumber=1615}  added by thread pool-3-thread-6
 message  {Id=63e280bf-e9a0-43ca-a2b3-9738ba1c5444,FirstNumber=986,secondNumber=1615}  written to file by thread pool-3-thread-5
 message  {Id=98250169-84db-4176-bead-fe41c56c22e6,FirstNumber=296,secondNumber=780}  added by thread pool-3-thread-6
 message  {Id=98250169-84db-4176-bead-fe41c56c22e6,FirstNumber=296,secondNumber=780}  written to file by thread pool-3-thread-1
 message  {Id=8e81d949-1907-4c5d-8ed4-f3d9786e5483,FirstNumber=522,secondNumber=711}  added by thread pool-3-thread-6
 message  {Id=8e81d949-1907-4c5d-8ed4-f3d9786e5483,FirstNumber=522,secondNumber=711}  written to file by thread pool-3-thread-1
 message  {Id=082815f2-a6d7-4bfc-bb94-f18286266830,FirstNumber=428,secondNumber=1007}  added by thread pool-3-thread-6
 message  {Id=082815f2-a6d7-4bfc-bb94-f18286266830,FirstNumber=428,secondNumber=1007}  written to file by thread pool-3-thread-3
 message  {Id=8f05eeb1-e601-4dad-a2e1-eb5b0fdd4d27,FirstNumber=672,secondNumber=1529}  added by thread pool-3-thread-6
 message  {Id=8f05eeb1-e601-4dad-a2e1-eb5b0fdd4d27,FirstNumber=672,secondNumber=1529}  written to file by thread pool-3-thread-4
 message  {Id=cbb506f2-2142-4149-8dbc-5d9d13f71663,FirstNumber=544,secondNumber=41}  added by thread pool-3-thread-6
 message  {Id=cbb506f2-2142-4149-8dbc-5d9d13f71663,FirstNumber=544,secondNumber=41}  written to file by thread pool-3-thread-5
 message  {Id=c7dfbfcd-395b-4a52-a976-4fae47a16053,FirstNumber=151,secondNumber=1471}  added by thread pool-3-thread-6
 message  {Id=c7dfbfcd-395b-4a52-a976-4fae47a16053,FirstNumber=151,secondNumber=1471}  written to file by thread pool-3-thread-2
 message  {Id=4de12730-3447-41f9-ab0f-a0ad4a345514,FirstNumber=215,secondNumber=332}  added by thread pool-3-thread-6
 message  {Id=4de12730-3447-41f9-ab0f-a0ad4a345514,FirstNumber=215,secondNumber=332}  written to file by thread pool-3-thread-1
 message  {Id=7af4db5d-5b05-425e-a7eb-ba35b7ca2b66,FirstNumber=936,secondNumber=537}  added by thread pool-3-thread-6
 message  {Id=7af4db5d-5b05-425e-a7eb-ba35b7ca2b66,FirstNumber=936,secondNumber=537}  written to file by thread pool-3-thread-3
 message  {Id=231853c9-b1b8-4986-9b97-b6ab0fc7bb3a,FirstNumber=399,secondNumber=833}  added by thread pool-3-thread-6
 message  {Id=231853c9-b1b8-4986-9b97-b6ab0fc7bb3a,FirstNumber=399,secondNumber=833}  written to file by thread pool-3-thread-4
 message  {Id=2357b9e7-1520-484e-b410-4999cb5abe7e,FirstNumber=368,secondNumber=228}  added by thread pool-3-thread-6
 message  {Id=2357b9e7-1520-484e-b410-4999cb5abe7e,FirstNumber=368,secondNumber=228}  written to file by thread pool-3-thread-4
 message  {Id=a9163c85-cbb7-444a-a1e6-af99a2312fa3,FirstNumber=245,secondNumber=1659}  added by thread pool-3-thread-6
 message  {Id=a9163c85-cbb7-444a-a1e6-af99a2312fa3,FirstNumber=245,secondNumber=1659}  written to file by thread pool-3-thread-4
 message  {Id=464bd1d8-a186-4f5d-823f-b3406f1d88aa,FirstNumber=684,secondNumber=68}  added by thread pool-3-thread-6
 message  {Id=464bd1d8-a186-4f5d-823f-b3406f1d88aa,FirstNumber=684,secondNumber=68}  written to file by thread pool-3-thread-1
 message  {Id=6300a24b-0645-48be-ab45-3b163ca1eecb,FirstNumber=266,secondNumber=784}  added by thread pool-3-thread-6
 message  {Id=6300a24b-0645-48be-ab45-3b163ca1eecb,FirstNumber=266,secondNumber=784}  written to file by thread pool-3-thread-1
 message  {Id=3e4c4593-82d3-4e48-8c8b-014693aea84a,FirstNumber=327,secondNumber=872}  added by thread pool-3-thread-6
 message  {Id=3e4c4593-82d3-4e48-8c8b-014693aea84a,FirstNumber=327,secondNumber=872}  written to file by thread pool-3-thread-1
 message  {Id=3a0a4a60-32be-4849-aa3c-fba8717649c9,FirstNumber=309,secondNumber=1502}  added by thread pool-3-thread-6
 message  {Id=3a0a4a60-32be-4849-aa3c-fba8717649c9,FirstNumber=309,secondNumber=1502}  written to file by thread pool-3-thread-2
 message  {Id=8b348961-40dc-4081-84a9-195e2022f46c,FirstNumber=458,secondNumber=167}  added by thread pool-3-thread-6
 message  {Id=8b348961-40dc-4081-84a9-195e2022f46c,FirstNumber=458,secondNumber=167}  written to file by thread pool-3-thread-4
 message  {Id=662d4b11-23c8-40f2-a693-6df19d9ad3b5,FirstNumber=562,secondNumber=1314}  added by thread pool-3-thread-6
 message  {Id=662d4b11-23c8-40f2-a693-6df19d9ad3b5,FirstNumber=562,secondNumber=1314}  written to file by thread pool-3-thread-3
 message  {Id=59b9fc6d-aea5-4ef9-8198-b2393629db73,FirstNumber=768,secondNumber=78}  added by thread pool-3-thread-6
 message  {Id=59b9fc6d-aea5-4ef9-8198-b2393629db73,FirstNumber=768,secondNumber=78}  written to file by thread pool-3-thread-5
 message  {Id=fc5bf1c2-ff0a-45b0-bc3f-b9931a566dc9,FirstNumber=97,secondNumber=1717}  added by thread pool-3-thread-6
 message  {Id=fc5bf1c2-ff0a-45b0-bc3f-b9931a566dc9,FirstNumber=97,secondNumber=1717}  written to file by thread pool-3-thread-1
 message  {Id=7cc65719-6ac3-4418-a9f5-71d0121600aa,FirstNumber=46,secondNumber=124}  added by thread pool-3-thread-6
 message  {Id=7cc65719-6ac3-4418-a9f5-71d0121600aa,FirstNumber=46,secondNumber=124}  written to file by thread pool-3-thread-1
 message  {Id=d71b0ecb-2e4d-48d8-bd1c-58ac66eea6bb,FirstNumber=945,secondNumber=511}  added by thread pool-3-thread-6
 message  {Id=d71b0ecb-2e4d-48d8-bd1c-58ac66eea6bb,FirstNumber=945,secondNumber=511}  written to file by thread pool-3-thread-4
 message  {Id=1765657e-f8b5-4445-8f1d-25b4a6ed60a4,FirstNumber=956,secondNumber=383}  added by thread pool-3-thread-6
 message  {Id=1765657e-f8b5-4445-8f1d-25b4a6ed60a4,FirstNumber=956,secondNumber=383}  written to file by thread pool-3-thread-4
 message  {Id=fd280832-13ec-4429-8aae-89fb2c50c0ef,FirstNumber=655,secondNumber=1347}  added by thread pool-3-thread-6
 message  {Id=fd280832-13ec-4429-8aae-89fb2c50c0ef,FirstNumber=655,secondNumber=1347}  written to file by thread pool-3-thread-5
 message  {Id=158d4c4c-eb8b-4dcd-89ab-a583287c8f60,FirstNumber=90,secondNumber=1522}  added by thread pool-3-thread-6
 message  {Id=158d4c4c-eb8b-4dcd-89ab-a583287c8f60,FirstNumber=90,secondNumber=1522}  written to file by thread pool-3-thread-5
 message  {Id=fea9bcb9-8ef8-4d31-8d69-15668f66aecf,FirstNumber=218,secondNumber=964}  added by thread pool-3-thread-6
 message  {Id=fea9bcb9-8ef8-4d31-8d69-15668f66aecf,FirstNumber=218,secondNumber=964}  written to file by thread pool-3-thread-5
 message  {Id=255ce5c3-83e9-4be7-9137-ddb7e3073f87,FirstNumber=839,secondNumber=1066}  added by thread pool-3-thread-6
 message  {Id=255ce5c3-83e9-4be7-9137-ddb7e3073f87,FirstNumber=839,secondNumber=1066}  written to file by thread pool-3-thread-3
 message  {Id=af43f48a-f831-46f3-9733-ce7a8aeaf04d,FirstNumber=719,secondNumber=1741}  added by thread pool-3-thread-6
 message  {Id=af43f48a-f831-46f3-9733-ce7a8aeaf04d,FirstNumber=719,secondNumber=1741}  written to file by thread pool-3-thread-4
 message  {Id=e9b919f7-914d-40fb-99a2-56e43ff3413b,FirstNumber=62,secondNumber=1882}  added by thread pool-3-thread-6
 message  {Id=e9b919f7-914d-40fb-99a2-56e43ff3413b,FirstNumber=62,secondNumber=1882}  written to file by thread pool-3-thread-4
 message  {Id=8ca1036a-6df5-4d08-b550-5a2f4c847056,FirstNumber=349,secondNumber=393}  added by thread pool-3-thread-6
 message  {Id=8ca1036a-6df5-4d08-b550-5a2f4c847056,FirstNumber=349,secondNumber=393}  written to file by thread pool-3-thread-1
 message  {Id=a2a6d231-8498-4cf4-a757-a563681bdff9,FirstNumber=241,secondNumber=182}  added by thread pool-3-thread-6
 message  {Id=a2a6d231-8498-4cf4-a757-a563681bdff9,FirstNumber=241,secondNumber=182}  written to file by thread pool-3-thread-5
 message  {Id=629a4077-836c-43a1-8766-add44bfb600f,FirstNumber=474,secondNumber=1560}  added by thread pool-3-thread-6
 message  {Id=629a4077-836c-43a1-8766-add44bfb600f,FirstNumber=474,secondNumber=1560}  written to file by thread pool-3-thread-3
 message  {Id=1afb3e13-aa4f-438b-9022-1e520161ddbe,FirstNumber=717,secondNumber=926}  added by thread pool-3-thread-6
 message  {Id=1afb3e13-aa4f-438b-9022-1e520161ddbe,FirstNumber=717,secondNumber=926}  written to file by thread pool-3-thread-2
 message  {Id=28253b35-f12c-4a0f-a9f1-43aa37c801f4,FirstNumber=726,secondNumber=391}  added by thread pool-3-thread-6
 message  {Id=28253b35-f12c-4a0f-a9f1-43aa37c801f4,FirstNumber=726,secondNumber=391}  written to file by thread pool-3-thread-2
 message  {Id=a8824238-2fcb-42c5-b7f5-7769b29db358,FirstNumber=40,secondNumber=49}  added by thread pool-3-thread-6
 message  {Id=a8824238-2fcb-42c5-b7f5-7769b29db358,FirstNumber=40,secondNumber=49}  written to file by thread pool-3-thread-2
 message  {Id=d8bb9329-3d4d-451a-b0bf-6e58f19981bf,FirstNumber=126,secondNumber=113}  added by thread pool-3-thread-6
 message  {Id=d8bb9329-3d4d-451a-b0bf-6e58f19981bf,FirstNumber=126,secondNumber=113}  written to file by thread pool-3-thread-5
 message  {Id=bf13049c-fcf4-4dc9-be10-297684f69ab7,FirstNumber=953,secondNumber=600}  added by thread pool-3-thread-6
 message  {Id=bf13049c-fcf4-4dc9-be10-297684f69ab7,FirstNumber=953,secondNumber=600}  written to file by thread pool-3-thread-3
 message  {Id=ce97706c-9ceb-4e7f-9295-298643418e77,FirstNumber=244,secondNumber=1625}  added by thread pool-3-thread-6
 message  {Id=ce97706c-9ceb-4e7f-9295-298643418e77,FirstNumber=244,secondNumber=1625}  written to file by thread pool-3-thread-3
 message  {Id=969179db-20c2-4fca-b3cb-f5a999c04133,FirstNumber=138,secondNumber=1002}  added by thread pool-3-thread-6
 message  {Id=969179db-20c2-4fca-b3cb-f5a999c04133,FirstNumber=138,secondNumber=1002}  written to file by thread pool-3-thread-1
 message  {Id=4f440f7c-d8a5-4c40-8a4e-dbf9b842d705,FirstNumber=105,secondNumber=217}  added by thread pool-3-thread-6
 message  {Id=4f440f7c-d8a5-4c40-8a4e-dbf9b842d705,FirstNumber=105,secondNumber=217}  written to file by thread pool-3-thread-2
 message  {Id=b2b8e75c-c1ba-4d10-a620-8bca4ea29de1,FirstNumber=329,secondNumber=1735}  added by thread pool-3-thread-6
 message  {Id=b2b8e75c-c1ba-4d10-a620-8bca4ea29de1,FirstNumber=329,secondNumber=1735}  written to file by thread pool-3-thread-5
 message  {Id=51b1e708-01be-4e6c-b453-376c38e95129,FirstNumber=825,secondNumber=1238}  added by thread pool-3-thread-6
 message  {Id=51b1e708-01be-4e6c-b453-376c38e95129,FirstNumber=825,secondNumber=1238}  written to file by thread pool-3-thread-4
 message  {Id=b3491e94-c950-4484-a994-8864fdef2d93,FirstNumber=663,secondNumber=1416}  added by thread pool-3-thread-6
 message  {Id=b3491e94-c950-4484-a994-8864fdef2d93,FirstNumber=663,secondNumber=1416}  written to file by thread pool-3-thread-4
 message  {Id=878d078f-2bf4-4760-83f0-db633fdc63e0,FirstNumber=403,secondNumber=1020}  added by thread pool-3-thread-6
 message  {Id=878d078f-2bf4-4760-83f0-db633fdc63e0,FirstNumber=403,secondNumber=1020}  written to file by thread pool-3-thread-1
 message  {Id=102f39c2-e62e-4464-a294-a226ebbf9bae,FirstNumber=58,secondNumber=1778}  added by thread pool-3-thread-6
 message  {Id=102f39c2-e62e-4464-a294-a226ebbf9bae,FirstNumber=58,secondNumber=1778}  written to file by thread pool-3-thread-2
 message  {Id=0729ecfd-62fa-48f7-87ec-b3dc318a9d0c,FirstNumber=268,secondNumber=599}  added by thread pool-3-thread-6
 message  {Id=0729ecfd-62fa-48f7-87ec-b3dc318a9d0c,FirstNumber=268,secondNumber=599}  written to file by thread pool-3-thread-5
 message  {Id=0c26d4d8-7d95-48af-a2c5-0f8227017de1,FirstNumber=458,secondNumber=1339}  added by thread pool-3-thread-6
 message  {Id=0c26d4d8-7d95-48af-a2c5-0f8227017de1,FirstNumber=458,secondNumber=1339}  written to file by thread pool-3-thread-3
 message  {Id=487cb77a-eaab-4e47-9b7d-376714796712,FirstNumber=61,secondNumber=1086}  added by thread pool-3-thread-6
 message  {Id=487cb77a-eaab-4e47-9b7d-376714796712,FirstNumber=61,secondNumber=1086}  written to file by thread pool-3-thread-4
 message  {Id=ce369d8d-a100-411c-8eef-916ca6b6c1ff,FirstNumber=855,secondNumber=681}  added by thread pool-3-thread-6
 message  {Id=ce369d8d-a100-411c-8eef-916ca6b6c1ff,FirstNumber=855,secondNumber=681}  written to file by thread pool-3-thread-1
 message  {Id=0e02c29f-c98b-475c-a738-2803cd14e7a6,FirstNumber=774,secondNumber=1048}  added by thread pool-3-thread-6
 message  {Id=0e02c29f-c98b-475c-a738-2803cd14e7a6,FirstNumber=774,secondNumber=1048}  written to file by thread pool-3-thread-2
 message  {Id=1c2ae3bd-b528-45ce-a3f1-c2975bec8321,FirstNumber=891,secondNumber=1597}  added by thread pool-3-thread-6
 message  {Id=1c2ae3bd-b528-45ce-a3f1-c2975bec8321,FirstNumber=891,secondNumber=1597}  written to file by thread pool-3-thread-5
 message  {Id=e9a8ab92-629d-44a7-ab78-24f0da700b01,FirstNumber=408,secondNumber=132}  added by thread pool-3-thread-6
 message  {Id=e9a8ab92-629d-44a7-ab78-24f0da700b01,FirstNumber=408,secondNumber=132}  written to file by thread pool-3-thread-3
 message  {Id=bcc0ead5-d3db-49f4-a745-f6078d057642,FirstNumber=750,secondNumber=163}  added by thread pool-3-thread-6
 message  {Id=bcc0ead5-d3db-49f4-a745-f6078d057642,FirstNumber=750,secondNumber=163}  written to file by thread pool-3-thread-4
 message  {Id=e4570292-97fb-4ebf-a290-ae3e8142c9ae,FirstNumber=212,secondNumber=547}  added by thread pool-3-thread-6
 message  {Id=e4570292-97fb-4ebf-a290-ae3e8142c9ae,FirstNumber=212,secondNumber=547}  written to file by thread pool-3-thread-1
 message  {Id=d02fcf01-aab3-4ecf-80ed-9ef3b12bdb3f,FirstNumber=871,secondNumber=1796}  added by thread pool-3-thread-6
 message  {Id=d02fcf01-aab3-4ecf-80ed-9ef3b12bdb3f,FirstNumber=871,secondNumber=1796}  written to file by thread pool-3-thread-1
 message  {Id=d04a8961-b646-4b2b-8221-ecbbc92f0c03,FirstNumber=803,secondNumber=1532}  added by thread pool-3-thread-6
 message  {Id=d04a8961-b646-4b2b-8221-ecbbc92f0c03,FirstNumber=803,secondNumber=1532}  written to file by thread pool-3-thread-5
 message  {Id=07b72c11-bc1e-48ae-a8be-2ffee9c0449d,FirstNumber=834,secondNumber=1311}  added by thread pool-3-thread-6
 message  {Id=07b72c11-bc1e-48ae-a8be-2ffee9c0449d,FirstNumber=834,secondNumber=1311}  written to file by thread pool-3-thread-3
 message  {Id=7e8b3c7c-7b62-4cc4-90c3-dbd1de389d0b,FirstNumber=444,secondNumber=758}  added by thread pool-3-thread-6
 message  {Id=7e8b3c7c-7b62-4cc4-90c3-dbd1de389d0b,FirstNumber=444,secondNumber=758}  written to file by thread pool-3-thread-4
 message  {Id=0c1355d1-2ab6-43ac-83bf-bef480ee7e4d,FirstNumber=133,secondNumber=1323}  added by thread pool-3-thread-6
 message  {Id=0c1355d1-2ab6-43ac-83bf-bef480ee7e4d,FirstNumber=133,secondNumber=1323}  written to file by thread pool-3-thread-4
 message  {Id=bb3627b2-a147-490d-a5ca-e7974fb26354,FirstNumber=861,secondNumber=1044}  added by thread pool-3-thread-6
 message  {Id=bb3627b2-a147-490d-a5ca-e7974fb26354,FirstNumber=861,secondNumber=1044}  written to file by thread pool-3-thread-1
 message  {Id=1426cab2-2538-4c8f-8fc0-2c47c60961ad,FirstNumber=923,secondNumber=1484}  added by thread pool-3-thread-6
 message  {Id=1426cab2-2538-4c8f-8fc0-2c47c60961ad,FirstNumber=923,secondNumber=1484}  written to file by thread pool-3-thread-1
 message  {Id=b2359998-0131-4129-9c4d-4ce951218be7,FirstNumber=910,secondNumber=1936}  added by thread pool-3-thread-6
 message  {Id=b2359998-0131-4129-9c4d-4ce951218be7,FirstNumber=910,secondNumber=1936}  written to file by thread pool-3-thread-3
 message  {Id=ec0cc1b1-22e5-4846-8b50-555b663ddf33,FirstNumber=485,secondNumber=1170}  added by thread pool-3-thread-6
 message  {Id=ec0cc1b1-22e5-4846-8b50-555b663ddf33,FirstNumber=485,secondNumber=1170}  written to file by thread pool-3-thread-3
 message  {Id=f2008068-fc55-47b4-8ae9-44cf06db195e,FirstNumber=558,secondNumber=905}  added by thread pool-3-thread-6
 message  {Id=f2008068-fc55-47b4-8ae9-44cf06db195e,FirstNumber=558,secondNumber=905}  written to file by thread pool-3-thread-3
 message  {Id=dacd485a-04d0-4fdc-af99-00b49c0ba813,FirstNumber=927,secondNumber=514}  added by thread pool-3-thread-6
 message  {Id=dacd485a-04d0-4fdc-af99-00b49c0ba813,FirstNumber=927,secondNumber=514}  written to file by thread pool-3-thread-3
 message  {Id=207d57b8-9e20-443a-8cd1-c6bb5179239a,FirstNumber=613,secondNumber=1246}  added by thread pool-3-thread-6
 message  {Id=207d57b8-9e20-443a-8cd1-c6bb5179239a,FirstNumber=613,secondNumber=1246}  written to file by thread pool-3-thread-3
 message  {Id=fa89dc36-5a28-4946-b914-eaf33c07bed3,FirstNumber=796,secondNumber=1611}  added by thread pool-3-thread-6
 message  {Id=fa89dc36-5a28-4946-b914-eaf33c07bed3,FirstNumber=796,secondNumber=1611}  written to file by thread pool-3-thread-2
 message  {Id=f2548c09-e7e7-411c-b038-cd540da40d74,FirstNumber=959,secondNumber=1373}  added by thread pool-3-thread-6
 message  {Id=f2548c09-e7e7-411c-b038-cd540da40d74,FirstNumber=959,secondNumber=1373}  written to file by thread pool-3-thread-4
 message  {Id=23249110-e503-4146-b764-a11bac8d4413,FirstNumber=454,secondNumber=1248}  added by thread pool-3-thread-6
 message  {Id=23249110-e503-4146-b764-a11bac8d4413,FirstNumber=454,secondNumber=1248}  written to file by thread pool-3-thread-4
 message  {Id=b90255ff-c6e9-4fcf-8ec3-74267e9bda18,FirstNumber=144,secondNumber=99}  added by thread pool-3-thread-6
 message  {Id=b90255ff-c6e9-4fcf-8ec3-74267e9bda18,FirstNumber=144,secondNumber=99}  written to file by thread pool-3-thread-1
 message  {Id=5a5662ba-6c78-4583-a0ea-ac53fbde65f9,FirstNumber=642,secondNumber=1331}  added by thread pool-3-thread-6
 message  {Id=5a5662ba-6c78-4583-a0ea-ac53fbde65f9,FirstNumber=642,secondNumber=1331}  written to file by thread pool-3-thread-1
 message  {Id=74706b64-2ec8-4353-8660-079ff0e9a0d8,FirstNumber=984,secondNumber=1507}  added by thread pool-3-thread-6
 message  {Id=74706b64-2ec8-4353-8660-079ff0e9a0d8,FirstNumber=984,secondNumber=1507}  written to file by thread pool-3-thread-2
 message  {Id=48137934-e8e6-4550-b9a5-5e168e412075,FirstNumber=275,secondNumber=1388}  added by thread pool-3-thread-6
 message  {Id=48137934-e8e6-4550-b9a5-5e168e412075,FirstNumber=275,secondNumber=1388}  written to file by thread pool-3-thread-5
 message  {Id=5c534f79-b718-4864-993e-bcd76f5d72c5,FirstNumber=151,secondNumber=1109}  added by thread pool-3-thread-6
 message  {Id=5c534f79-b718-4864-993e-bcd76f5d72c5,FirstNumber=151,secondNumber=1109}  written to file by thread pool-3-thread-5
 message  {Id=4b5a7051-edbd-4e89-adb1-305967a52791,FirstNumber=2,secondNumber=1234}  added by thread pool-3-thread-6
 message  {Id=4b5a7051-edbd-4e89-adb1-305967a52791,FirstNumber=2,secondNumber=1234}  written to file by thread pool-3-thread-3
 message  {Id=5c32cb7b-8f03-4523-b4af-b4f25162c3cf,FirstNumber=849,secondNumber=1179}  added by thread pool-3-thread-6
 message  {Id=5c32cb7b-8f03-4523-b4af-b4f25162c3cf,FirstNumber=849,secondNumber=1179}  written to file by thread pool-3-thread-1
 message  {Id=bdbe2242-b2ed-498c-89d4-f0def91202f0,FirstNumber=758,secondNumber=126}  added by thread pool-3-thread-6
 message  {Id=bdbe2242-b2ed-498c-89d4-f0def91202f0,FirstNumber=758,secondNumber=126}  written to file by thread pool-3-thread-1
 message  {Id=8d0cd5a7-85cc-4239-85be-95be2ff2f051,FirstNumber=48,secondNumber=414}  added by thread pool-3-thread-6
 message  {Id=8d0cd5a7-85cc-4239-85be-95be2ff2f051,FirstNumber=48,secondNumber=414}  written to file by thread pool-3-thread-4
 message  {Id=cae7e0b7-6d32-4666-9dee-e647d90241a7,FirstNumber=824,secondNumber=401}  added by thread pool-3-thread-6
 message  {Id=cae7e0b7-6d32-4666-9dee-e647d90241a7,FirstNumber=824,secondNumber=401}  written to file by thread pool-3-thread-4
 message  {Id=dc0d8171-d358-4bc0-a354-edd6f3021de0,FirstNumber=441,secondNumber=1805}  added by thread pool-3-thread-6
 message  {Id=dc0d8171-d358-4bc0-a354-edd6f3021de0,FirstNumber=441,secondNumber=1805}  written to file by thread pool-3-thread-3
 message  {Id=4336af4c-c57d-428a-973b-b9cb748636e1,FirstNumber=339,secondNumber=1496}  added by thread pool-3-thread-6
 message  {Id=4336af4c-c57d-428a-973b-b9cb748636e1,FirstNumber=339,secondNumber=1496}  written to file by thread pool-3-thread-2
 message  {Id=5e3658fc-5362-4789-accb-a564bcdc2ed8,FirstNumber=578,secondNumber=16}  added by thread pool-3-thread-6
 message  {Id=5e3658fc-5362-4789-accb-a564bcdc2ed8,FirstNumber=578,secondNumber=16}  written to file by thread pool-3-thread-2
 message  {Id=825e2b1a-ab5a-4c56-b3ab-52adccd92095,FirstNumber=118,secondNumber=1736}  added by thread pool-3-thread-6
 message  {Id=825e2b1a-ab5a-4c56-b3ab-52adccd92095,FirstNumber=118,secondNumber=1736}  written to file by thread pool-3-thread-5
 message  {Id=fd5f39b8-290a-4f0a-a34c-a1c648dc217b,FirstNumber=520,secondNumber=1116}  added by thread pool-3-thread-6
 message  {Id=fd5f39b8-290a-4f0a-a34c-a1c648dc217b,FirstNumber=520,secondNumber=1116}  written to file by thread pool-3-thread-4
 message  {Id=97ee85b4-fd6e-490d-b075-be911e28f8ba,FirstNumber=822,secondNumber=1712}  added by thread pool-3-thread-6
 message  {Id=97ee85b4-fd6e-490d-b075-be911e28f8ba,FirstNumber=822,secondNumber=1712}  written to file by thread pool-3-thread-3
 message  {Id=9c425e2b-a5ea-422a-9719-7ce45d5cad1c,FirstNumber=118,secondNumber=1747}  added by thread pool-3-thread-6
 message  {Id=9c425e2b-a5ea-422a-9719-7ce45d5cad1c,FirstNumber=118,secondNumber=1747}  written to file by thread pool-3-thread-1
 message  {Id=8345f40f-c1ff-47e7-8de2-1d1a85167756,FirstNumber=532,secondNumber=248}  added by thread pool-3-thread-6
 message  {Id=8345f40f-c1ff-47e7-8de2-1d1a85167756,FirstNumber=532,secondNumber=248}  written to file by thread pool-3-thread-1
 message  {Id=6e16ccc6-dae5-4d7b-8025-550983e29e98,FirstNumber=960,secondNumber=163}  added by thread pool-3-thread-6
 message  {Id=6e16ccc6-dae5-4d7b-8025-550983e29e98,FirstNumber=960,secondNumber=163}  written to file by thread pool-3-thread-5
 message  {Id=5cdc0b9f-5007-451c-812b-808cbc8f75d5,FirstNumber=976,secondNumber=946}  added by thread pool-3-thread-6
 message  {Id=5cdc0b9f-5007-451c-812b-808cbc8f75d5,FirstNumber=976,secondNumber=946}  written to file by thread pool-3-thread-4
 message  {Id=9c8204ab-a76f-4632-86d2-8c55644fa5ce,FirstNumber=445,secondNumber=1951}  added by thread pool-3-thread-6
 message  {Id=9c8204ab-a76f-4632-86d2-8c55644fa5ce,FirstNumber=445,secondNumber=1951}  written to file by thread pool-3-thread-3
 message  {Id=6b459c3c-f293-4dfc-80fd-c7561f0958b7,FirstNumber=118,secondNumber=1429}  added by thread pool-3-thread-6
 message  {Id=6b459c3c-f293-4dfc-80fd-c7561f0958b7,FirstNumber=118,secondNumber=1429}  written to file by thread pool-3-thread-3
 message  {Id=ce76b9f5-7d91-4f05-b526-327a525d42bb,FirstNumber=128,secondNumber=1877}  added by thread pool-3-thread-6
 message  {Id=ce76b9f5-7d91-4f05-b526-327a525d42bb,FirstNumber=128,secondNumber=1877}  written to file by thread pool-3-thread-1
 message  {Id=f23859e5-d245-432f-bf03-0330299c97cc,FirstNumber=31,secondNumber=294}  added by thread pool-3-thread-6
 message  {Id=f23859e5-d245-432f-bf03-0330299c97cc,FirstNumber=31,secondNumber=294}  written to file by thread pool-3-thread-5
 message  {Id=38f842e3-2ef1-4061-913e-a1fca4acd6b0,FirstNumber=816,secondNumber=1985}  added by thread pool-3-thread-6
 message  {Id=38f842e3-2ef1-4061-913e-a1fca4acd6b0,FirstNumber=816,secondNumber=1985}  written to file by thread pool-3-thread-4
 message  {Id=0862fe65-eb6f-4380-abce-5262ef0abc2e,FirstNumber=259,secondNumber=1209}  added by thread pool-3-thread-6
 message  {Id=0862fe65-eb6f-4380-abce-5262ef0abc2e,FirstNumber=259,secondNumber=1209}  written to file by thread pool-3-thread-2
 message  {Id=401a24a7-bbd8-46c7-a7ec-a944ee202a6e,FirstNumber=263,secondNumber=1122}  added by thread pool-3-thread-6
 message  {Id=401a24a7-bbd8-46c7-a7ec-a944ee202a6e,FirstNumber=263,secondNumber=1122}  written to file by thread pool-3-thread-3
 message  {Id=184c0ecb-b193-407e-8b93-5aa7bcf0d82c,FirstNumber=556,secondNumber=153}  added by thread pool-3-thread-6
 message  {Id=184c0ecb-b193-407e-8b93-5aa7bcf0d82c,FirstNumber=556,secondNumber=153}  written to file by thread pool-3-thread-1
 message  {Id=2581582d-beee-4e59-a90d-8722cb3d12fc,FirstNumber=862,secondNumber=1837}  added by thread pool-3-thread-6
 message  {Id=2581582d-beee-4e59-a90d-8722cb3d12fc,FirstNumber=862,secondNumber=1837}  written to file by thread pool-3-thread-5
 message  {Id=259097b8-eb2c-443b-9043-cdff49589eaa,FirstNumber=588,secondNumber=1495}  added by thread pool-3-thread-6
 message  {Id=259097b8-eb2c-443b-9043-cdff49589eaa,FirstNumber=588,secondNumber=1495}  written to file by thread pool-3-thread-4
 message  {Id=363fd3cc-6c8b-4e9d-b64f-84a08c95978e,FirstNumber=107,secondNumber=919}  added by thread pool-3-thread-6
 message  {Id=363fd3cc-6c8b-4e9d-b64f-84a08c95978e,FirstNumber=107,secondNumber=919}  written to file by thread pool-3-thread-2
 message  {Id=5469d896-fbec-4de7-bc70-aa6baa8b5f45,FirstNumber=271,secondNumber=1996}  added by thread pool-3-thread-6
 message  {Id=5469d896-fbec-4de7-bc70-aa6baa8b5f45,FirstNumber=271,secondNumber=1996}  written to file by thread pool-3-thread-3
 message  {Id=e90cedd2-6dd7-444c-9ae5-0565a7be2fd8,FirstNumber=18,secondNumber=1929}  added by thread pool-3-thread-6
 message  {Id=e90cedd2-6dd7-444c-9ae5-0565a7be2fd8,FirstNumber=18,secondNumber=1929}  written to file by thread pool-3-thread-1
 message  {Id=1b0a8638-a669-45c3-b753-4b17f9dae96b,FirstNumber=130,secondNumber=1583}  added by thread pool-3-thread-6
 message  {Id=1b0a8638-a669-45c3-b753-4b17f9dae96b,FirstNumber=130,secondNumber=1583}  written to file by thread pool-3-thread-5
 message  {Id=15ee8b11-c6e6-4ed4-9344-3004183b19e8,FirstNumber=932,secondNumber=1684}  added by thread pool-3-thread-6
 message  {Id=15ee8b11-c6e6-4ed4-9344-3004183b19e8,FirstNumber=932,secondNumber=1684}  written to file by thread pool-3-thread-4
 message  {Id=2c02e35d-9b90-4294-90c5-7a036b043dc8,FirstNumber=887,secondNumber=1366}  added by thread pool-3-thread-6
 message  {Id=2c02e35d-9b90-4294-90c5-7a036b043dc8,FirstNumber=887,secondNumber=1366}  written to file by thread pool-3-thread-4
 message  {Id=1f00fa46-7ad4-4c02-a12b-928a0f65debb,FirstNumber=873,secondNumber=824}  added by thread pool-3-thread-6
 message  {Id=1f00fa46-7ad4-4c02-a12b-928a0f65debb,FirstNumber=873,secondNumber=824}  written to file by thread pool-3-thread-3
 message  {Id=a3c5a4ae-c8bc-433e-b1aa-b6eef97a1dd8,FirstNumber=935,secondNumber=1170}  added by thread pool-3-thread-6
 message  {Id=a3c5a4ae-c8bc-433e-b1aa-b6eef97a1dd8,FirstNumber=935,secondNumber=1170}  written to file by thread pool-3-thread-1
 message  {Id=e659d06d-3569-46ca-8c80-ee8211335864,FirstNumber=346,secondNumber=484}  added by thread pool-3-thread-6
 message  {Id=e659d06d-3569-46ca-8c80-ee8211335864,FirstNumber=346,secondNumber=484}  written to file by thread pool-3-thread-5
 message  {Id=7d4f95e3-f4a2-4033-ad08-acf55588247b,FirstNumber=663,secondNumber=1990}  added by thread pool-3-thread-6
 message  {Id=7d4f95e3-f4a2-4033-ad08-acf55588247b,FirstNumber=663,secondNumber=1990}  written to file by thread pool-3-thread-2
 message  {Id=2069ec3a-9ad5-47eb-9cb1-a4894752f60d,FirstNumber=349,secondNumber=1242}  added by thread pool-3-thread-6
 message  {Id=2069ec3a-9ad5-47eb-9cb1-a4894752f60d,FirstNumber=349,secondNumber=1242}  written to file by thread pool-3-thread-4
 message  {Id=e2d4a3b3-c9e1-45ce-8bb5-942e40ac54dd,FirstNumber=147,secondNumber=638}  added by thread pool-3-thread-6
 message  {Id=e2d4a3b3-c9e1-45ce-8bb5-942e40ac54dd,FirstNumber=147,secondNumber=638}  written to file by thread pool-3-thread-4
 message  {Id=51496bff-811f-420c-b565-995f707063e7,FirstNumber=849,secondNumber=1590}  added by thread pool-3-thread-6
 message  {Id=51496bff-811f-420c-b565-995f707063e7,FirstNumber=849,secondNumber=1590}  written to file by thread pool-3-thread-1
 message  {Id=1b632c37-0ddb-4823-a3aa-8ca3fc9a20b0,FirstNumber=351,secondNumber=227}  added by thread pool-3-thread-6
 message  {Id=1b632c37-0ddb-4823-a3aa-8ca3fc9a20b0,FirstNumber=351,secondNumber=227}  written to file by thread pool-3-thread-1
 message  {Id=2410d917-632b-4aa4-a8af-be75f905dcfd,FirstNumber=997,secondNumber=1220}  added by thread pool-3-thread-6
 message  {Id=2410d917-632b-4aa4-a8af-be75f905dcfd,FirstNumber=997,secondNumber=1220}  written to file by thread pool-3-thread-2
 message  {Id=c9c1f341-cc48-4770-870a-4ddac00e35a4,FirstNumber=289,secondNumber=629}  added by thread pool-3-thread-6
 message  {Id=c9c1f341-cc48-4770-870a-4ddac00e35a4,FirstNumber=289,secondNumber=629}  written to file by thread pool-3-thread-2
 message  {Id=9beb4b61-c4c7-4cff-b27a-2d9310354578,FirstNumber=744,secondNumber=1095}  added by thread pool-3-thread-6
 message  {Id=9beb4b61-c4c7-4cff-b27a-2d9310354578,FirstNumber=744,secondNumber=1095}  written to file by thread pool-3-thread-4
 message  {Id=5c609493-2975-4680-ba34-00aa45b8ef34,FirstNumber=359,secondNumber=1458}  added by thread pool-3-thread-6
 message  {Id=5c609493-2975-4680-ba34-00aa45b8ef34,FirstNumber=359,secondNumber=1458}  written to file by thread pool-3-thread-4
 message  {Id=c4d3f273-f647-4fd8-91a3-56d356551066,FirstNumber=971,secondNumber=644}  added by thread pool-3-thread-6
 message  {Id=c4d3f273-f647-4fd8-91a3-56d356551066,FirstNumber=971,secondNumber=644}  written to file by thread pool-3-thread-1
 message  {Id=249b5aaf-2805-4af0-b79a-e9f24fc5ebda,FirstNumber=946,secondNumber=50}  added by thread pool-3-thread-6
 message  {Id=249b5aaf-2805-4af0-b79a-e9f24fc5ebda,FirstNumber=946,secondNumber=50}  written to file by thread pool-3-thread-1
 message  {Id=02f3793f-c4c3-4193-a7fa-30f09c8c9881,FirstNumber=170,secondNumber=1486}  added by thread pool-3-thread-6
 message  {Id=02f3793f-c4c3-4193-a7fa-30f09c8c9881,FirstNumber=170,secondNumber=1486}  written to file by thread pool-3-thread-2
 message  {Id=b040bdbc-296f-4682-b4b3-0e5965db7794,FirstNumber=355,secondNumber=756}  added by thread pool-3-thread-6
 message  {Id=b040bdbc-296f-4682-b4b3-0e5965db7794,FirstNumber=355,secondNumber=756}  written to file by thread pool-3-thread-2
 message  {Id=286f227c-9033-41b4-bc1c-55a7c185b733,FirstNumber=467,secondNumber=1107}  added by thread pool-3-thread-6
 message  {Id=286f227c-9033-41b4-bc1c-55a7c185b733,FirstNumber=467,secondNumber=1107}  written to file by thread pool-3-thread-4
 message  {Id=6df40232-7b5c-46c6-8659-74d849b5910c,FirstNumber=615,secondNumber=98}  added by thread pool-3-thread-6
 message  {Id=6df40232-7b5c-46c6-8659-74d849b5910c,FirstNumber=615,secondNumber=98}  written to file by thread pool-3-thread-4
 message  {Id=9bd1b741-af90-4d2d-9213-83db33c6f3b9,FirstNumber=688,secondNumber=1689}  added by thread pool-3-thread-6
 message  {Id=9bd1b741-af90-4d2d-9213-83db33c6f3b9,FirstNumber=688,secondNumber=1689}  written to file by thread pool-3-thread-1
 message  {Id=c2cefd29-75c8-4f01-9d6e-e74e4481daec,FirstNumber=648,secondNumber=755}  added by thread pool-3-thread-6
 message  {Id=c2cefd29-75c8-4f01-9d6e-e74e4481daec,FirstNumber=648,secondNumber=755}  written to file by thread pool-3-thread-5
 message  {Id=106d67b0-76af-4e45-a257-0bd7e6708cb4,FirstNumber=293,secondNumber=996}  added by thread pool-3-thread-6
 message  {Id=106d67b0-76af-4e45-a257-0bd7e6708cb4,FirstNumber=293,secondNumber=996}  written to file by thread pool-3-thread-5
 message  {Id=dafb9088-3a51-41e4-b714-61bd1937308a,FirstNumber=312,secondNumber=723}  added by thread pool-3-thread-6
 message  {Id=dafb9088-3a51-41e4-b714-61bd1937308a,FirstNumber=312,secondNumber=723}  written to file by thread pool-3-thread-5
 message  {Id=2dfe8a6d-11fb-4e5f-b475-c1ea30e3a2c6,FirstNumber=41,secondNumber=547}  added by thread pool-3-thread-6
 message  {Id=2dfe8a6d-11fb-4e5f-b475-c1ea30e3a2c6,FirstNumber=41,secondNumber=547}  written to file by thread pool-3-thread-4
 message  {Id=0d49144d-a458-4e89-892e-df7ec81e0a3f,FirstNumber=407,secondNumber=1486}  added by thread pool-3-thread-6
 message  {Id=0d49144d-a458-4e89-892e-df7ec81e0a3f,FirstNumber=407,secondNumber=1486}  written to file by thread pool-3-thread-1
 message  {Id=9daf7f94-4d0f-4a76-b1e2-a4d9922b1a38,FirstNumber=119,secondNumber=897}  added by thread pool-3-thread-6
 message  {Id=9daf7f94-4d0f-4a76-b1e2-a4d9922b1a38,FirstNumber=119,secondNumber=897}  written to file by thread pool-3-thread-1
 message  {Id=d7ac72f6-a029-42c9-a39e-69717d977397,FirstNumber=647,secondNumber=1958}  added by thread pool-3-thread-6
 message  {Id=d7ac72f6-a029-42c9-a39e-69717d977397,FirstNumber=647,secondNumber=1958}  written to file by thread pool-3-thread-3
 message  {Id=c780fae0-6af2-4e6b-9b39-4d8a16df30e5,FirstNumber=725,secondNumber=1502}  added by thread pool-3-thread-6
 message  {Id=c780fae0-6af2-4e6b-9b39-4d8a16df30e5,FirstNumber=725,secondNumber=1502}  written to file by thread pool-3-thread-5
 message  {Id=fad8120c-0111-4185-a46d-706218beea1e,FirstNumber=516,secondNumber=370}  added by thread pool-3-thread-6
 message  {Id=fad8120c-0111-4185-a46d-706218beea1e,FirstNumber=516,secondNumber=370}  written to file by thread pool-3-thread-4
 message  {Id=82a6eb74-20ad-44de-8a3b-2b3a6d106fd2,FirstNumber=912,secondNumber=905}  added by thread pool-3-thread-6
 message  {Id=82a6eb74-20ad-44de-8a3b-2b3a6d106fd2,FirstNumber=912,secondNumber=905}  written to file by thread pool-3-thread-4
 message  {Id=a80ffc5f-e885-4078-aacf-a0273cea7e87,FirstNumber=127,secondNumber=734}  added by thread pool-3-thread-6
 message  {Id=a80ffc5f-e885-4078-aacf-a0273cea7e87,FirstNumber=127,secondNumber=734}  written to file by thread pool-3-thread-1
 message  {Id=0f97d24b-8287-4b70-ac3a-f87f1e8f8a13,FirstNumber=927,secondNumber=1966}  added by thread pool-3-thread-6
 message  {Id=67e92451-f7c2-4b81-812c-13fd45072d05,FirstNumber=951,secondNumber=654}  added by thread pool-3-thread-6
 message  {Id=0f97d24b-8287-4b70-ac3a-f87f1e8f8a13,FirstNumber=927,secondNumber=1966}  written to file by thread pool-3-thread-3
 message  {Id=67e92451-f7c2-4b81-812c-13fd45072d05,FirstNumber=951,secondNumber=654}  written to file by thread pool-3-thread-5
 message  {Id=54af2880-46c8-4a32-a408-3391dd98f224,FirstNumber=874,secondNumber=382}  added by thread pool-3-thread-6
 message  {Id=54af2880-46c8-4a32-a408-3391dd98f224,FirstNumber=874,secondNumber=382}  written to file by thread pool-3-thread-2
 message  {Id=65e39523-376a-4efa-9a7a-b329ee6487c1,FirstNumber=784,secondNumber=935}  added by thread pool-3-thread-6
 message  {Id=65e39523-376a-4efa-9a7a-b329ee6487c1,FirstNumber=784,secondNumber=935}  written to file by thread pool-3-thread-4
 message  {Id=5d154d8f-e6b0-4aeb-afd9-f039701bb325,FirstNumber=665,secondNumber=1037}  added by thread pool-3-thread-6
 message  {Id=5d154d8f-e6b0-4aeb-afd9-f039701bb325,FirstNumber=665,secondNumber=1037}  written to file by thread pool-3-thread-1
 message  {Id=cc1dcc3f-4075-425d-b222-4b5d55af3f00,FirstNumber=454,secondNumber=163}  added by thread pool-3-thread-6
 message  {Id=cc1dcc3f-4075-425d-b222-4b5d55af3f00,FirstNumber=454,secondNumber=163}  written to file by thread pool-3-thread-1
 message  {Id=b0ecad12-b2a2-4be1-99f8-6af328d0148f,FirstNumber=658,secondNumber=1840}  added by thread pool-3-thread-6
 message  {Id=b0ecad12-b2a2-4be1-99f8-6af328d0148f,FirstNumber=658,secondNumber=1840}  written to file by thread pool-3-thread-5
 message  {Id=ee84bc90-589b-4f4d-a6f3-f25475d466a5,FirstNumber=683,secondNumber=73}  added by thread pool-3-thread-6
 message  {Id=ee84bc90-589b-4f4d-a6f3-f25475d466a5,FirstNumber=683,secondNumber=73}  written to file by thread pool-3-thread-5
 message  {Id=68313f56-d114-4c62-87a3-cdd7f07f7d37,FirstNumber=913,secondNumber=378}  added by thread pool-3-thread-6
 message  {Id=68313f56-d114-4c62-87a3-cdd7f07f7d37,FirstNumber=913,secondNumber=378}  written to file by thread pool-3-thread-4
 message  {Id=98e181d4-f6d1-4279-b978-1f62029f87b2,FirstNumber=896,secondNumber=193}  added by thread pool-3-thread-6
 message  {Id=98e181d4-f6d1-4279-b978-1f62029f87b2,FirstNumber=896,secondNumber=193}  written to file by thread pool-3-thread-4
 message  {Id=163f4602-f16e-4fb4-8fff-c1040801df4c,FirstNumber=363,secondNumber=880}  added by thread pool-3-thread-6
 message  {Id=163f4602-f16e-4fb4-8fff-c1040801df4c,FirstNumber=363,secondNumber=880}  written to file by thread pool-3-thread-1
 message  {Id=04967675-58e0-497b-96a7-042065be3aef,FirstNumber=830,secondNumber=1902}  added by thread pool-3-thread-6
 message  {Id=04967675-58e0-497b-96a7-042065be3aef,FirstNumber=830,secondNumber=1902}  written to file by thread pool-3-thread-1
 message  {Id=b4877b05-3975-4c2f-8bc8-0ae5b46ffcf4,FirstNumber=158,secondNumber=1427}  added by thread pool-3-thread-6
 message  {Id=b4877b05-3975-4c2f-8bc8-0ae5b46ffcf4,FirstNumber=158,secondNumber=1427}  written to file by thread pool-3-thread-5
 message  {Id=91014c9b-50e1-421f-a619-f1d4f1947052,FirstNumber=823,secondNumber=195}  added by thread pool-3-thread-6
 message  {Id=91014c9b-50e1-421f-a619-f1d4f1947052,FirstNumber=823,secondNumber=195}  written to file by thread pool-3-thread-5
 message  {Id=9a0b26ee-0c23-4a26-ab92-d4a5d3fd4d87,FirstNumber=875,secondNumber=310}  added by thread pool-3-thread-6
 message  {Id=9a0b26ee-0c23-4a26-ab92-d4a5d3fd4d87,FirstNumber=875,secondNumber=310}  written to file by thread pool-3-thread-4
 message  {Id=52f2c9e9-b656-4342-b505-e67dff6cc3ce,FirstNumber=880,secondNumber=269}  added by thread pool-3-thread-6
 message  {Id=52f2c9e9-b656-4342-b505-e67dff6cc3ce,FirstNumber=880,secondNumber=269}  written to file by thread pool-3-thread-2
 message  {Id=2a1f98c0-d967-47f5-a24d-332e63bb3c10,FirstNumber=762,secondNumber=761}  added by thread pool-3-thread-6
 message  {Id=2a1f98c0-d967-47f5-a24d-332e63bb3c10,FirstNumber=762,secondNumber=761}  written to file by thread pool-3-thread-2
 message  {Id=4924b92f-da99-4ed3-91a5-f0cf99c42616,FirstNumber=769,secondNumber=454}  added by thread pool-3-thread-6
 message  {Id=4924b92f-da99-4ed3-91a5-f0cf99c42616,FirstNumber=769,secondNumber=454}  written to file by thread pool-3-thread-3
 message  {Id=b6926f07-8726-46e0-8aba-84803182dfba,FirstNumber=571,secondNumber=1897}  added by thread pool-3-thread-6
 message  {Id=b6926f07-8726-46e0-8aba-84803182dfba,FirstNumber=571,secondNumber=1897}  written to file by thread pool-3-thread-5
 message  {Id=7c6966a0-abf0-4ce1-87cc-c852d3375b49,FirstNumber=428,secondNumber=467}  added by thread pool-3-thread-6
 message  {Id=7c6966a0-abf0-4ce1-87cc-c852d3375b49,FirstNumber=428,secondNumber=467}  written to file by thread pool-3-thread-5
 message  {Id=7825b3eb-66e9-4363-9c0e-1ca63b977c70,FirstNumber=973,secondNumber=949}  added by thread pool-3-thread-6
 message  {Id=7825b3eb-66e9-4363-9c0e-1ca63b977c70,FirstNumber=973,secondNumber=949}  written to file by thread pool-3-thread-1
 message  {Id=55561ce1-8dc8-4274-a2ee-6032f2e65de2,FirstNumber=174,secondNumber=515}  added by thread pool-3-thread-6
 message  {Id=55561ce1-8dc8-4274-a2ee-6032f2e65de2,FirstNumber=174,secondNumber=515}  written to file by thread pool-3-thread-1
 message  {Id=6e4a3a04-6477-4a90-9a83-bc50841786c1,FirstNumber=664,secondNumber=694}  added by thread pool-3-thread-6
 message  {Id=6e4a3a04-6477-4a90-9a83-bc50841786c1,FirstNumber=664,secondNumber=694}  written to file by thread pool-3-thread-3
 message  {Id=fecce4c5-433f-4ad3-b99d-91f9e38109d5,FirstNumber=853,secondNumber=568}  added by thread pool-3-thread-6
 message  {Id=fecce4c5-433f-4ad3-b99d-91f9e38109d5,FirstNumber=853,secondNumber=568}  written to file by thread pool-3-thread-4
 message  {Id=744e1612-c1be-4aa3-a88e-0ed414c11f7d,FirstNumber=954,secondNumber=139}  added by thread pool-3-thread-6
 message  {Id=744e1612-c1be-4aa3-a88e-0ed414c11f7d,FirstNumber=954,secondNumber=139}  written to file by thread pool-3-thread-5
 message  {Id=4a6f7899-ed6c-4ef1-8374-61aaf54bcbb9,FirstNumber=502,secondNumber=318}  added by thread pool-3-thread-6
 message  {Id=4a6f7899-ed6c-4ef1-8374-61aaf54bcbb9,FirstNumber=502,secondNumber=318}  written to file by thread pool-3-thread-5
 message  {Id=4b257e97-4b08-4a89-9e13-9d8538bb3d18,FirstNumber=952,secondNumber=655}  added by thread pool-3-thread-6
 message  {Id=4b257e97-4b08-4a89-9e13-9d8538bb3d18,FirstNumber=952,secondNumber=655}  written to file by thread pool-3-thread-5
 message  {Id=17a2165b-8ce6-4ac6-b6bd-fd6c6ab4330f,FirstNumber=736,secondNumber=542}  added by thread pool-3-thread-6
 message  {Id=17a2165b-8ce6-4ac6-b6bd-fd6c6ab4330f,FirstNumber=736,secondNumber=542}  written to file by thread pool-3-thread-3
 message  {Id=4f09ac51-9704-4192-aa11-a69e89436039,FirstNumber=993,secondNumber=1368}  added by thread pool-3-thread-6
 message  {Id=4f09ac51-9704-4192-aa11-a69e89436039,FirstNumber=993,secondNumber=1368}  written to file by thread pool-3-thread-4
 message  {Id=9df50784-2380-41c7-9e0b-5aea760ff0f2,FirstNumber=209,secondNumber=1532}  added by thread pool-3-thread-6
 message  {Id=9df50784-2380-41c7-9e0b-5aea760ff0f2,FirstNumber=209,secondNumber=1532}  written to file by thread pool-3-thread-2
 message  {Id=461d41bf-931a-48eb-9611-6635c3ff9710,FirstNumber=207,secondNumber=1750}  added by thread pool-3-thread-6
 message  {Id=461d41bf-931a-48eb-9611-6635c3ff9710,FirstNumber=207,secondNumber=1750}  written to file by thread pool-3-thread-2
 message  {Id=bcde81fd-6eba-426a-9c78-b5669199b249,FirstNumber=545,secondNumber=1022}  added by thread pool-3-thread-6
 message  {Id=bcde81fd-6eba-426a-9c78-b5669199b249,FirstNumber=545,secondNumber=1022}  written to file by thread pool-3-thread-5
 message  {Id=a9c53331-05ce-42be-906a-4bbc8256b4ca,FirstNumber=382,secondNumber=1330}  added by thread pool-3-thread-6
 message  {Id=a9c53331-05ce-42be-906a-4bbc8256b4ca,FirstNumber=382,secondNumber=1330}  written to file by thread pool-3-thread-3
 message  {Id=cbca27a1-f658-4db8-b78f-56ecd3402193,FirstNumber=305,secondNumber=444}  added by thread pool-3-thread-6
 message  {Id=cbca27a1-f658-4db8-b78f-56ecd3402193,FirstNumber=305,secondNumber=444}  written to file by thread pool-3-thread-4
 message  {Id=a70aa50d-2304-4336-ab77-2516d259c374,FirstNumber=565,secondNumber=1310}  added by thread pool-3-thread-6
 message  {Id=a70aa50d-2304-4336-ab77-2516d259c374,FirstNumber=565,secondNumber=1310}  written to file by thread pool-3-thread-1
 message  {Id=de02f149-575a-496a-894c-e9a942345574,FirstNumber=14,secondNumber=500}  added by thread pool-3-thread-6
 message  {Id=de02f149-575a-496a-894c-e9a942345574,FirstNumber=14,secondNumber=500}  written to file by thread pool-3-thread-2
 message  {Id=3199f594-f944-44af-b25b-c5951f6b98b6,FirstNumber=723,secondNumber=53}  added by thread pool-3-thread-6
 message  {Id=3199f594-f944-44af-b25b-c5951f6b98b6,FirstNumber=723,secondNumber=53}  written to file by thread pool-3-thread-2
 message  {Id=e35620f3-e992-4916-bfaa-8a3a48603fe7,FirstNumber=933,secondNumber=289}  added by thread pool-3-thread-6
 message  {Id=e35620f3-e992-4916-bfaa-8a3a48603fe7,FirstNumber=933,secondNumber=289}  written to file by thread pool-3-thread-3
 message  {Id=7977ea0e-55ce-4f9a-9dd6-901176d71d9c,FirstNumber=437,secondNumber=1242}  added by thread pool-3-thread-6
 message  {Id=7977ea0e-55ce-4f9a-9dd6-901176d71d9c,FirstNumber=437,secondNumber=1242}  written to file by thread pool-3-thread-4
 message  {Id=b055f0ec-14ba-42fd-afc6-9bc320e2704a,FirstNumber=617,secondNumber=631}  added by thread pool-3-thread-6
 message  {Id=b055f0ec-14ba-42fd-afc6-9bc320e2704a,FirstNumber=617,secondNumber=631}  written to file by thread pool-3-thread-4
 message  {Id=0a90d5b8-a5fe-45eb-951c-3d44b95c0207,FirstNumber=340,secondNumber=1660}  added by thread pool-3-thread-6
 message  {Id=0a90d5b8-a5fe-45eb-951c-3d44b95c0207,FirstNumber=340,secondNumber=1660}  written to file by thread pool-3-thread-5
 message  {Id=1587f292-8da5-409c-a656-852113a3bcac,FirstNumber=631,secondNumber=260}  added by thread pool-3-thread-6
 message  {Id=1587f292-8da5-409c-a656-852113a3bcac,FirstNumber=631,secondNumber=260}  written to file by thread pool-3-thread-2
 message  {Id=1103a184-ea5c-476e-b110-1c601c356b76,FirstNumber=181,secondNumber=484}  added by thread pool-3-thread-6
 message  {Id=1103a184-ea5c-476e-b110-1c601c356b76,FirstNumber=181,secondNumber=484}  written to file by thread pool-3-thread-2
 message  {Id=fe191d6a-eff2-4e01-a399-95cef7b74196,FirstNumber=754,secondNumber=584}  added by thread pool-3-thread-6
 message  {Id=fe191d6a-eff2-4e01-a399-95cef7b74196,FirstNumber=754,secondNumber=584}  written to file by thread pool-3-thread-1
 message  {Id=9b529618-f253-4e47-9ce6-3c71bb08c53e,FirstNumber=163,secondNumber=875}  added by thread pool-3-thread-6
 message  {Id=9b529618-f253-4e47-9ce6-3c71bb08c53e,FirstNumber=163,secondNumber=875}  written to file by thread pool-3-thread-4
 message  {Id=46e76047-1248-44d4-8080-7b591f5dbe72,FirstNumber=824,secondNumber=1148}  added by thread pool-3-thread-6
 message  {Id=46e76047-1248-44d4-8080-7b591f5dbe72,FirstNumber=824,secondNumber=1148}  written to file by thread pool-3-thread-5
 message  {Id=b5cb04ca-96ac-4611-ba80-0a5eb65bb646,FirstNumber=860,secondNumber=1799}  added by thread pool-3-thread-6
 message  {Id=b5cb04ca-96ac-4611-ba80-0a5eb65bb646,FirstNumber=860,secondNumber=1799}  written to file by thread pool-3-thread-5
 message  {Id=d44a6662-c809-45ae-848e-d5474a995cc4,FirstNumber=707,secondNumber=194}  added by thread pool-3-thread-6
 message  {Id=d44a6662-c809-45ae-848e-d5474a995cc4,FirstNumber=707,secondNumber=194}  written to file by thread pool-3-thread-2
 message  {Id=d496da1d-640e-4a46-960c-cfba85806fd3,FirstNumber=716,secondNumber=928}  added by thread pool-3-thread-6
 message  {Id=d496da1d-640e-4a46-960c-cfba85806fd3,FirstNumber=716,secondNumber=928}  written to file by thread pool-3-thread-1
 message  {Id=e27d3dab-e6ec-4265-aa1e-d5b450ee0cf0,FirstNumber=263,secondNumber=1531}  added by thread pool-3-thread-6
 message  {Id=e27d3dab-e6ec-4265-aa1e-d5b450ee0cf0,FirstNumber=263,secondNumber=1531}  written to file by thread pool-3-thread-1
 message  {Id=4c2e3c80-b033-40d0-8c65-786a2e21b07c,FirstNumber=287,secondNumber=123}  added by thread pool-3-thread-6
 message  {Id=4c2e3c80-b033-40d0-8c65-786a2e21b07c,FirstNumber=287,secondNumber=123}  written to file by thread pool-3-thread-3
 message  {Id=41703d14-622c-4658-b3c5-70d2c6d7e6a4,FirstNumber=474,secondNumber=471}  added by thread pool-3-thread-6
 message  {Id=41703d14-622c-4658-b3c5-70d2c6d7e6a4,FirstNumber=474,secondNumber=471}  written to file by thread pool-3-thread-5
 message  {Id=6f1b70a3-a332-407c-8452-33a19ccc8ada,FirstNumber=420,secondNumber=1343}  added by thread pool-3-thread-6
 message  {Id=6f1b70a3-a332-407c-8452-33a19ccc8ada,FirstNumber=420,secondNumber=1343}  written to file by thread pool-3-thread-5
 message  {Id=006304ac-53ff-4ffb-bac7-c2a59055ee3c,FirstNumber=373,secondNumber=348}  added by thread pool-3-thread-6
 message  {Id=006304ac-53ff-4ffb-bac7-c2a59055ee3c,FirstNumber=373,secondNumber=348}  written to file by thread pool-3-thread-5
 message  {Id=96485f70-593f-4a09-b727-d359856b179d,FirstNumber=43,secondNumber=1809}  added by thread pool-3-thread-6
 message  {Id=96485f70-593f-4a09-b727-d359856b179d,FirstNumber=43,secondNumber=1809}  written to file by thread pool-3-thread-1
 message  {Id=c861fbb6-9aaa-45fa-b03f-8702ad8cb651,FirstNumber=415,secondNumber=49}  added by thread pool-3-thread-6
 message  {Id=c861fbb6-9aaa-45fa-b03f-8702ad8cb651,FirstNumber=415,secondNumber=49}  written to file by thread pool-3-thread-3
 message  {Id=e11718af-119a-4a82-be24-0a4360f9c746,FirstNumber=80,secondNumber=126}  added by thread pool-3-thread-6
 message  {Id=e11718af-119a-4a82-be24-0a4360f9c746,FirstNumber=80,secondNumber=126}  written to file by thread pool-3-thread-2
 message  {Id=c059bdbf-d7be-439b-8cf0-918ddd3367b5,FirstNumber=56,secondNumber=59}  added by thread pool-3-thread-6
 message  {Id=c059bdbf-d7be-439b-8cf0-918ddd3367b5,FirstNumber=56,secondNumber=59}  written to file by thread pool-3-thread-4
 message  {Id=e00a56b2-c407-482b-a9e6-e719f1afb5cc,FirstNumber=854,secondNumber=1457}  added by thread pool-3-thread-6
 message  {Id=e00a56b2-c407-482b-a9e6-e719f1afb5cc,FirstNumber=854,secondNumber=1457}  written to file by thread pool-3-thread-5
 message  {Id=25d02efa-6324-4fff-99bb-21af08c5f81a,FirstNumber=257,secondNumber=1700}  added by thread pool-3-thread-6
 message  {Id=25d02efa-6324-4fff-99bb-21af08c5f81a,FirstNumber=257,secondNumber=1700}  written to file by thread pool-3-thread-1
 message  {Id=b3005f87-13fb-43a3-aef2-6f82f0e90eba,FirstNumber=184,secondNumber=1068}  added by thread pool-3-thread-6
 message  {Id=b3005f87-13fb-43a3-aef2-6f82f0e90eba,FirstNumber=184,secondNumber=1068}  written to file by thread pool-3-thread-1
 message  {Id=ac2f5a88-9ccf-42da-a566-3ba1dbf146d9,FirstNumber=346,secondNumber=208}  added by thread pool-3-thread-6
 message  {Id=ac2f5a88-9ccf-42da-a566-3ba1dbf146d9,FirstNumber=346,secondNumber=208}  written to file by thread pool-3-thread-2
 message  {Id=15a3cb2b-c05f-4045-96cc-d218a15df49e,FirstNumber=971,secondNumber=1896}  added by thread pool-3-thread-6
 message  {Id=15a3cb2b-c05f-4045-96cc-d218a15df49e,FirstNumber=971,secondNumber=1896}  written to file by thread pool-3-thread-4
 message  {Id=e0b377c9-491a-4f12-b72b-d55dff46bc09,FirstNumber=527,secondNumber=1244}  added by thread pool-3-thread-6
 message  {Id=e0b377c9-491a-4f12-b72b-d55dff46bc09,FirstNumber=527,secondNumber=1244}  written to file by thread pool-3-thread-4
 message  {Id=c71e062b-25e2-4e00-b6cd-c525a610953c,FirstNumber=479,secondNumber=874}  added by thread pool-3-thread-6
 message  {Id=c71e062b-25e2-4e00-b6cd-c525a610953c,FirstNumber=479,secondNumber=874}  written to file by thread pool-3-thread-3
 message  {Id=2868a48e-95e4-480e-8a84-297f282750ae,FirstNumber=939,secondNumber=687}  added by thread pool-3-thread-6
 message  {Id=2868a48e-95e4-480e-8a84-297f282750ae,FirstNumber=939,secondNumber=687}  written to file by thread pool-3-thread-1
 message  {Id=e91a7a06-8a16-4e3c-8c46-25a43933bfe0,FirstNumber=799,secondNumber=1201}  added by thread pool-3-thread-6
 message  {Id=e91a7a06-8a16-4e3c-8c46-25a43933bfe0,FirstNumber=799,secondNumber=1201}  written to file by thread pool-3-thread-1
 message  {Id=ed68713b-740e-4b2b-ad69-c8d65edfda64,FirstNumber=105,secondNumber=899}  added by thread pool-3-thread-6
 message  {Id=ed68713b-740e-4b2b-ad69-c8d65edfda64,FirstNumber=105,secondNumber=899}  written to file by thread pool-3-thread-5
 message  {Id=5dcee9b8-53cd-4a97-a5f8-15648cfd4dcd,FirstNumber=112,secondNumber=154}  added by thread pool-3-thread-6
 message  {Id=5dcee9b8-53cd-4a97-a5f8-15648cfd4dcd,FirstNumber=112,secondNumber=154}  written to file by thread pool-3-thread-4
 message  {Id=308b0e11-df91-4836-b6d5-b128c32ba285,FirstNumber=778,secondNumber=1191}  added by thread pool-3-thread-6
 message  {Id=308b0e11-df91-4836-b6d5-b128c32ba285,FirstNumber=778,secondNumber=1191}  written to file by thread pool-3-thread-3
 message  {Id=31daf5f0-0aa7-4b50-a020-264d9fb2b4be,FirstNumber=347,secondNumber=195}  added by thread pool-3-thread-6
 message  {Id=a7b9fb27-cd8d-400c-adc8-cf585ba8c8a9,FirstNumber=914,secondNumber=1674}  added by thread pool-3-thread-6
 message  {Id=31daf5f0-0aa7-4b50-a020-264d9fb2b4be,FirstNumber=347,secondNumber=195}  written to file by thread pool-3-thread-3
 message  {Id=a7b9fb27-cd8d-400c-adc8-cf585ba8c8a9,FirstNumber=914,secondNumber=1674}  written to file by thread pool-3-thread-1
 message  {Id=22ba66f7-d45a-4a8a-8539-1a1a62abcb2d,FirstNumber=479,secondNumber=1530}  added by thread pool-3-thread-6
 message  {Id=22ba66f7-d45a-4a8a-8539-1a1a62abcb2d,FirstNumber=479,secondNumber=1530}  written to file by thread pool-3-thread-5
 message  {Id=2dc31772-521a-426c-b793-02b1e8acee58,FirstNumber=663,secondNumber=1976}  added by thread pool-3-thread-6
 message  {Id=2dc31772-521a-426c-b793-02b1e8acee58,FirstNumber=663,secondNumber=1976}  written to file by thread pool-3-thread-5
 message  {Id=d34a9de6-df95-4c31-8b1a-b09aec69b505,FirstNumber=971,secondNumber=769}  added by thread pool-3-thread-6
 message  {Id=d34a9de6-df95-4c31-8b1a-b09aec69b505,FirstNumber=971,secondNumber=769}  written to file by thread pool-3-thread-2
 message  {Id=5a5e7456-3cb6-412f-b7a7-afe8a74fcd6c,FirstNumber=711,secondNumber=678}  added by thread pool-3-thread-6
 message  {Id=5a5e7456-3cb6-412f-b7a7-afe8a74fcd6c,FirstNumber=711,secondNumber=678}  written to file by thread pool-3-thread-3
 message  {Id=09ce2f41-4481-4ce6-9197-2912803305ef,FirstNumber=681,secondNumber=167}  added by thread pool-3-thread-6
 message  {Id=09ce2f41-4481-4ce6-9197-2912803305ef,FirstNumber=681,secondNumber=167}  written to file by thread pool-3-thread-1
 message  {Id=622932a2-01b8-4369-aaca-bbece1b29d90,FirstNumber=271,secondNumber=1448}  added by thread pool-3-thread-6
 message  {Id=622932a2-01b8-4369-aaca-bbece1b29d90,FirstNumber=271,secondNumber=1448}  written to file by thread pool-3-thread-1
 message  {Id=cb4e0072-d011-4408-970f-f2bac456f3c9,FirstNumber=503,secondNumber=26}  added by thread pool-3-thread-6
 message  {Id=cb4e0072-d011-4408-970f-f2bac456f3c9,FirstNumber=503,secondNumber=26}  written to file by thread pool-3-thread-5
 message  {Id=7f8b0b7f-fb20-4389-967c-041a0ef4a399,FirstNumber=464,secondNumber=1481}  added by thread pool-3-thread-6
 message  {Id=7f8b0b7f-fb20-4389-967c-041a0ef4a399,FirstNumber=464,secondNumber=1481}  written to file by thread pool-3-thread-2
 message  {Id=e32dcf26-99c3-492a-8450-07713cb5cecc,FirstNumber=49,secondNumber=157}  added by thread pool-3-thread-6
 message  {Id=e32dcf26-99c3-492a-8450-07713cb5cecc,FirstNumber=49,secondNumber=157}  written to file by thread pool-3-thread-3
 message  {Id=bd7cf09d-fd02-4b0e-9c93-d8eea18d8e02,FirstNumber=561,secondNumber=346}  added by thread pool-3-thread-6
 message  {Id=bd7cf09d-fd02-4b0e-9c93-d8eea18d8e02,FirstNumber=561,secondNumber=346}  written to file by thread pool-3-thread-4
 message  {Id=979bf7da-6ac6-4946-8cbb-6abd442d9561,FirstNumber=866,secondNumber=299}  added by thread pool-3-thread-6
 message  {Id=979bf7da-6ac6-4946-8cbb-6abd442d9561,FirstNumber=866,secondNumber=299}  written to file by thread pool-3-thread-1
 message  {Id=31286875-f8e6-412b-a449-44cbfd52a02c,FirstNumber=197,secondNumber=1503}  added by thread pool-3-thread-6
 message  {Id=31286875-f8e6-412b-a449-44cbfd52a02c,FirstNumber=197,secondNumber=1503}  written to file by thread pool-3-thread-1
 message  {Id=a93298ca-5aa0-4bc4-9d19-b20a25740f7f,FirstNumber=51,secondNumber=1491}  added by thread pool-3-thread-6
 message  {Id=a93298ca-5aa0-4bc4-9d19-b20a25740f7f,FirstNumber=51,secondNumber=1491}  written to file by thread pool-3-thread-2
 message  {Id=78bf5e3c-1829-414c-a027-e3228e5a2d50,FirstNumber=574,secondNumber=1630}  added by thread pool-3-thread-6
 message  {Id=78bf5e3c-1829-414c-a027-e3228e5a2d50,FirstNumber=574,secondNumber=1630}  written to file by thread pool-3-thread-2
 message  {Id=e171fdb8-cc4c-4fa6-89be-ccadb4f1910f,FirstNumber=462,secondNumber=936}  added by thread pool-3-thread-6
 message  {Id=e171fdb8-cc4c-4fa6-89be-ccadb4f1910f,FirstNumber=462,secondNumber=936}  written to file by thread pool-3-thread-4
 message  {Id=7ef75249-c5e6-404c-af2b-8c1788066952,FirstNumber=236,secondNumber=1800}  added by thread pool-3-thread-6
 message  {Id=7ef75249-c5e6-404c-af2b-8c1788066952,FirstNumber=236,secondNumber=1800}  written to file by thread pool-3-thread-5
 message  {Id=b6650a4d-f8e7-4ab5-8265-c654a3bde936,FirstNumber=0,secondNumber=1549}  added by thread pool-3-thread-6
 message  {Id=b6650a4d-f8e7-4ab5-8265-c654a3bde936,FirstNumber=0,secondNumber=1549}  written to file by thread pool-3-thread-1
 message  {Id=a7ab3978-2036-4516-adb1-36d915f5177a,FirstNumber=34,secondNumber=1250}  added by thread pool-3-thread-6
 message  {Id=a7ab3978-2036-4516-adb1-36d915f5177a,FirstNumber=34,secondNumber=1250}  written to file by thread pool-3-thread-1
 message  {Id=3747f3fa-ffeb-4653-ba27-259db76d3c64,FirstNumber=314,secondNumber=1325}  added by thread pool-3-thread-6
 message  {Id=3747f3fa-ffeb-4653-ba27-259db76d3c64,FirstNumber=314,secondNumber=1325}  written to file by thread pool-3-thread-2
 message  {Id=377dca7c-4694-42a9-aa38-06589e7fff6f,FirstNumber=977,secondNumber=120}  added by thread pool-3-thread-6
 message  {Id=377dca7c-4694-42a9-aa38-06589e7fff6f,FirstNumber=977,secondNumber=120}  written to file by thread pool-3-thread-2
 message  {Id=05b8c2de-6616-4a4c-b096-4e1696dccbc9,FirstNumber=671,secondNumber=888}  added by thread pool-3-thread-6
 message  {Id=05b8c2de-6616-4a4c-b096-4e1696dccbc9,FirstNumber=671,secondNumber=888}  written to file by thread pool-3-thread-5
 message  {Id=4242a96c-6dc7-4631-9e83-f4a368b8ed23,FirstNumber=479,secondNumber=1651}  added by thread pool-3-thread-6
 message  {Id=4242a96c-6dc7-4631-9e83-f4a368b8ed23,FirstNumber=479,secondNumber=1651}  written to file by thread pool-3-thread-3
 message  {Id=dac8426e-e7e1-49c5-9b34-6b0feaf33f08,FirstNumber=377,secondNumber=1994}  added by thread pool-3-thread-6
 message  {Id=dac8426e-e7e1-49c5-9b34-6b0feaf33f08,FirstNumber=377,secondNumber=1994}  written to file by thread pool-3-thread-3
 message  {Id=431dcccb-5b2c-44e3-8612-0796a5087fbb,FirstNumber=432,secondNumber=632}  added by thread pool-3-thread-6
 message  {Id=431dcccb-5b2c-44e3-8612-0796a5087fbb,FirstNumber=432,secondNumber=632}  written to file by thread pool-3-thread-4
 message  {Id=572f09dc-c58b-4232-862f-1bb8400db79a,FirstNumber=375,secondNumber=201}  added by thread pool-3-thread-6
 message  {Id=572f09dc-c58b-4232-862f-1bb8400db79a,FirstNumber=375,secondNumber=201}  written to file by thread pool-3-thread-2
 message  {Id=55043c7b-808e-43dd-9d5d-4f5f268a905f,FirstNumber=93,secondNumber=1924}  added by thread pool-3-thread-6
 message  {Id=55043c7b-808e-43dd-9d5d-4f5f268a905f,FirstNumber=93,secondNumber=1924}  written to file by thread pool-3-thread-2
 message  {Id=aca8f4b6-ee3e-47d7-85b6-10b602945030,FirstNumber=825,secondNumber=1245}  added by thread pool-3-thread-6
 message  {Id=aca8f4b6-ee3e-47d7-85b6-10b602945030,FirstNumber=825,secondNumber=1245}  written to file by thread pool-3-thread-1
 message  {Id=1855f28b-42ac-4a72-9f3f-100911b190cf,FirstNumber=354,secondNumber=535}  added by thread pool-3-thread-6
 message  {Id=1855f28b-42ac-4a72-9f3f-100911b190cf,FirstNumber=354,secondNumber=535}  written to file by thread pool-3-thread-3
 message  {Id=4eab0d51-5f9e-4390-a45b-d1ea8c4159f4,FirstNumber=508,secondNumber=354}  added by thread pool-3-thread-6
 message  {Id=4eab0d51-5f9e-4390-a45b-d1ea8c4159f4,FirstNumber=508,secondNumber=354}  written to file by thread pool-3-thread-4
 message  {Id=9751a3a6-4e7d-4e1b-bb96-ebde4afe393a,FirstNumber=960,secondNumber=1538}  added by thread pool-3-thread-6
 message  {Id=9751a3a6-4e7d-4e1b-bb96-ebde4afe393a,FirstNumber=960,secondNumber=1538}  written to file by thread pool-3-thread-4
 message  {Id=d31fdb0d-6e38-4342-a798-ca4f0f9240c7,FirstNumber=710,secondNumber=670}  added by thread pool-3-thread-6
 message  {Id=d31fdb0d-6e38-4342-a798-ca4f0f9240c7,FirstNumber=710,secondNumber=670}  written to file by thread pool-3-thread-2
 message  {Id=ba7923d4-3550-44a9-9573-ba8b4e0a000b,FirstNumber=996,secondNumber=697}  added by thread pool-3-thread-6
 message  {Id=ba7923d4-3550-44a9-9573-ba8b4e0a000b,FirstNumber=996,secondNumber=697}  written to file by thread pool-3-thread-2
 message  {Id=f22f5a1f-57fe-4f64-a7ae-164b59dfe5b1,FirstNumber=624,secondNumber=403}  added by thread pool-3-thread-6
 message  {Id=f22f5a1f-57fe-4f64-a7ae-164b59dfe5b1,FirstNumber=624,secondNumber=403}  written to file by thread pool-3-thread-3
 message  {Id=38112d4c-96e5-4f5d-983b-91026507cfcb,FirstNumber=541,secondNumber=1508}  added by thread pool-3-thread-6
 message  {Id=38112d4c-96e5-4f5d-983b-91026507cfcb,FirstNumber=541,secondNumber=1508}  written to file by thread pool-3-thread-5
 message  {Id=dec76052-5ab6-408e-80b4-05a8caf24c4f,FirstNumber=75,secondNumber=612}  added by thread pool-3-thread-6
 message  {Id=dec76052-5ab6-408e-80b4-05a8caf24c4f,FirstNumber=75,secondNumber=612}  written to file by thread pool-3-thread-5
 message  {Id=f75ee074-7fd5-4c78-b2a0-b17734528b3d,FirstNumber=297,secondNumber=89}  added by thread pool-3-thread-6
 message  {Id=f75ee074-7fd5-4c78-b2a0-b17734528b3d,FirstNumber=297,secondNumber=89}  written to file by thread pool-3-thread-5
 message  {Id=fc610520-9d1e-4fd1-9157-f99c3de640da,FirstNumber=967,secondNumber=1117}  added by thread pool-3-thread-6
 message  {Id=fc610520-9d1e-4fd1-9157-f99c3de640da,FirstNumber=967,secondNumber=1117}  written to file by thread pool-3-thread-2
 message  {Id=892a92a8-3bd5-4d6b-b7e0-13ad32bf0548,FirstNumber=30,secondNumber=1087}  added by thread pool-3-thread-6
 message  {Id=892a92a8-3bd5-4d6b-b7e0-13ad32bf0548,FirstNumber=30,secondNumber=1087}  written to file by thread pool-3-thread-2
 message  {Id=40408b90-d886-43e8-b225-a13d60b66791,FirstNumber=741,secondNumber=393}  added by thread pool-3-thread-6
 message  {Id=40408b90-d886-43e8-b225-a13d60b66791,FirstNumber=741,secondNumber=393}  written to file by thread pool-3-thread-4
 message  {Id=2c7587b5-c49a-402c-91bf-d6925dc43029,FirstNumber=81,secondNumber=17}  added by thread pool-3-thread-6
 message  {Id=2c7587b5-c49a-402c-91bf-d6925dc43029,FirstNumber=81,secondNumber=17}  written to file by thread pool-3-thread-1
 message  {Id=5286b556-1998-4404-8664-6e8e0b1b7bfe,FirstNumber=643,secondNumber=801}  added by thread pool-3-thread-6
 message  {Id=5286b556-1998-4404-8664-6e8e0b1b7bfe,FirstNumber=643,secondNumber=801}  written to file by thread pool-3-thread-5
 message  {Id=efa9b547-8a8d-43a3-8436-01660d64badb,FirstNumber=61,secondNumber=1980}  added by thread pool-3-thread-6
 message  {Id=efa9b547-8a8d-43a3-8436-01660d64badb,FirstNumber=61,secondNumber=1980}  written to file by thread pool-3-thread-3
 message  {Id=ca02c766-f7e6-4149-a0a7-169aa3309b1f,FirstNumber=72,secondNumber=1933}  added by thread pool-3-thread-6
 message  {Id=ca02c766-f7e6-4149-a0a7-169aa3309b1f,FirstNumber=72,secondNumber=1933}  written to file by thread pool-3-thread-2
 message  {Id=0e4c1db0-2c7a-4c81-b635-1234d7cf2577,FirstNumber=924,secondNumber=1820}  added by thread pool-3-thread-6
 message  {Id=0e4c1db0-2c7a-4c81-b635-1234d7cf2577,FirstNumber=924,secondNumber=1820}  written to file by thread pool-3-thread-4
 message  {Id=f91d7cec-361f-40ef-8d3f-6bcaace1d2e4,FirstNumber=711,secondNumber=378}  added by thread pool-3-thread-6
 message  {Id=f91d7cec-361f-40ef-8d3f-6bcaace1d2e4,FirstNumber=711,secondNumber=378}  written to file by thread pool-3-thread-4
 message  {Id=8435f2dc-23e8-4a80-9775-b29d2b4b86da,FirstNumber=761,secondNumber=180}  added by thread pool-3-thread-6
 message  {Id=8435f2dc-23e8-4a80-9775-b29d2b4b86da,FirstNumber=761,secondNumber=180}  written to file by thread pool-3-thread-5
 message  {Id=0d177975-3d1d-4a91-809a-b47e2c1e7dc6,FirstNumber=290,secondNumber=18}  added by thread pool-3-thread-6
 message  {Id=0d177975-3d1d-4a91-809a-b47e2c1e7dc6,FirstNumber=290,secondNumber=18}  written to file by thread pool-3-thread-3
 message  {Id=1eb7a35a-6b4f-4142-afad-f32c176817cb,FirstNumber=226,secondNumber=397}  added by thread pool-3-thread-6
 message  {Id=1eb7a35a-6b4f-4142-afad-f32c176817cb,FirstNumber=226,secondNumber=397}  written to file by thread pool-3-thread-2
 message  {Id=bcddb3d6-6ad9-4299-8a4f-779cef03c1bd,FirstNumber=456,secondNumber=313}  added by thread pool-3-thread-6
 message  {Id=bcddb3d6-6ad9-4299-8a4f-779cef03c1bd,FirstNumber=456,secondNumber=313}  written to file by thread pool-3-thread-1
 message  {Id=3949b652-48c3-4e13-9e05-2494a4d9cb33,FirstNumber=842,secondNumber=649}  added by thread pool-3-thread-6
 message  {Id=3949b652-48c3-4e13-9e05-2494a4d9cb33,FirstNumber=842,secondNumber=649}  written to file by thread pool-3-thread-1
 message  {Id=fc407257-8dcb-43dd-96ca-8365b1d86cc1,FirstNumber=811,secondNumber=1253}  added by thread pool-3-thread-6
 message  {Id=fc407257-8dcb-43dd-96ca-8365b1d86cc1,FirstNumber=811,secondNumber=1253}  written to file by thread pool-3-thread-5
 message  {Id=7ac4b85a-f9b8-47a7-950b-00a265168164,FirstNumber=898,secondNumber=1650}  added by thread pool-3-thread-6
 message  {Id=7ac4b85a-f9b8-47a7-950b-00a265168164,FirstNumber=898,secondNumber=1650}  written to file by thread pool-3-thread-3
 message  {Id=b22d9a15-4ac6-47a0-953a-07c01b957683,FirstNumber=34,secondNumber=1106}  added by thread pool-3-thread-6
 message  {Id=b22d9a15-4ac6-47a0-953a-07c01b957683,FirstNumber=34,secondNumber=1106}  written to file by thread pool-3-thread-3
 message  {Id=3f416b02-45a7-4331-bcdd-9ec9c3d6faa8,FirstNumber=909,secondNumber=1940}  added by thread pool-3-thread-6
 message  {Id=3f416b02-45a7-4331-bcdd-9ec9c3d6faa8,FirstNumber=909,secondNumber=1940}  written to file by thread pool-3-thread-4
 message  {Id=c6a4962a-42c3-4b8d-b8b1-5393af1a93fe,FirstNumber=95,secondNumber=565}  added by thread pool-3-thread-6
 message  {Id=c6a4962a-42c3-4b8d-b8b1-5393af1a93fe,FirstNumber=95,secondNumber=565}  written to file by thread pool-3-thread-1
 message  {Id=939746e9-78a6-49ac-a99b-64de0faacc79,FirstNumber=458,secondNumber=1290}  added by thread pool-3-thread-6
 message  {Id=939746e9-78a6-49ac-a99b-64de0faacc79,FirstNumber=458,secondNumber=1290}  written to file by thread pool-3-thread-5
 message  {Id=baa6d342-1839-487b-b9fc-0e908532ae93,FirstNumber=882,secondNumber=1509}  added by thread pool-3-thread-6
 message  {Id=baa6d342-1839-487b-b9fc-0e908532ae93,FirstNumber=882,secondNumber=1509}  written to file by thread pool-3-thread-2
 message  {Id=ab7f417c-7b4b-4bb1-a417-3a1c86e372ed,FirstNumber=238,secondNumber=1560}  added by thread pool-3-thread-6
 message  {Id=ab7f417c-7b4b-4bb1-a417-3a1c86e372ed,FirstNumber=238,secondNumber=1560}  written to file by thread pool-3-thread-2
 message  {Id=ecddd43b-3752-480a-a83e-160a2534f18c,FirstNumber=550,secondNumber=753}  added by thread pool-3-thread-6
 message  {Id=ecddd43b-3752-480a-a83e-160a2534f18c,FirstNumber=550,secondNumber=753}  written to file by thread pool-3-thread-4
 message  {Id=ff1f7a73-08db-442c-9af7-09e855a27424,FirstNumber=628,secondNumber=763}  added by thread pool-3-thread-6
 message  {Id=ff1f7a73-08db-442c-9af7-09e855a27424,FirstNumber=628,secondNumber=763}  written to file by thread pool-3-thread-4
 message  {Id=9c10227b-a3f0-4971-ac33-acd439977f53,FirstNumber=91,secondNumber=1340}  added by thread pool-3-thread-6
 message  {Id=9c10227b-a3f0-4971-ac33-acd439977f53,FirstNumber=91,secondNumber=1340}  written to file by thread pool-3-thread-5
 message  {Id=b6707382-523f-45d8-ae67-8805d31221b7,FirstNumber=596,secondNumber=628}  added by thread pool-3-thread-6
 message  {Id=b6707382-523f-45d8-ae67-8805d31221b7,FirstNumber=596,secondNumber=628}  written to file by thread pool-3-thread-5
 message  {Id=5213a58b-4c9e-43ef-900e-e18c72600146,FirstNumber=102,secondNumber=952}  added by thread pool-3-thread-6
 message  {Id=5213a58b-4c9e-43ef-900e-e18c72600146,FirstNumber=102,secondNumber=952}  written to file by thread pool-3-thread-2
 message  {Id=c4363231-4acb-4501-8dc1-1961e7b9ecf8,FirstNumber=97,secondNumber=1823}  added by thread pool-3-thread-6
 message  {Id=c4363231-4acb-4501-8dc1-1961e7b9ecf8,FirstNumber=97,secondNumber=1823}  written to file by thread pool-3-thread-1
 message  {Id=bf894036-1515-4cde-83bf-75338c198001,FirstNumber=934,secondNumber=1005}  added by thread pool-3-thread-6
 message  {Id=bf894036-1515-4cde-83bf-75338c198001,FirstNumber=934,secondNumber=1005}  written to file by thread pool-3-thread-1
 message  {Id=9f0972f3-a4f2-4c7d-8f91-ec0bbc419227,FirstNumber=664,secondNumber=860}  added by thread pool-3-thread-6
 message  {Id=9f0972f3-a4f2-4c7d-8f91-ec0bbc419227,FirstNumber=664,secondNumber=860}  written to file by thread pool-3-thread-3
 message  {Id=5b840249-ce5c-49a7-b574-922268f99607,FirstNumber=196,secondNumber=59}  added by thread pool-3-thread-6
 message  {Id=5b840249-ce5c-49a7-b574-922268f99607,FirstNumber=196,secondNumber=59}  written to file by thread pool-3-thread-5
 message  {Id=c32bb4c8-35e2-4f2f-9e7b-c91ac261d881,FirstNumber=990,secondNumber=1669}  added by thread pool-3-thread-6
 message  {Id=c32bb4c8-35e2-4f2f-9e7b-c91ac261d881,FirstNumber=990,secondNumber=1669}  written to file by thread pool-3-thread-5
 message  {Id=54bec73d-d5ba-4556-9710-4d9067bf1fe8,FirstNumber=158,secondNumber=1522}  added by thread pool-3-thread-6
 message  {Id=54bec73d-d5ba-4556-9710-4d9067bf1fe8,FirstNumber=158,secondNumber=1522}  written to file by thread pool-3-thread-4
 message  {Id=c9de4de8-10a8-46b3-957b-90fca2794836,FirstNumber=885,secondNumber=1946}  added by thread pool-3-thread-6
 message  {Id=c9de4de8-10a8-46b3-957b-90fca2794836,FirstNumber=885,secondNumber=1946}  written to file by thread pool-3-thread-1
 message  {Id=acfa51b9-7707-4e32-abb3-e6556ecd4556,FirstNumber=264,secondNumber=1700}  added by thread pool-3-thread-6
 message  {Id=acfa51b9-7707-4e32-abb3-e6556ecd4556,FirstNumber=264,secondNumber=1700}  written to file by thread pool-3-thread-3
 message  {Id=fc5b4e89-75a4-4ae6-a38d-a77eeebd34b0,FirstNumber=32,secondNumber=1488}  added by thread pool-3-thread-6
 message  {Id=fc5b4e89-75a4-4ae6-a38d-a77eeebd34b0,FirstNumber=32,secondNumber=1488}  written to file by thread pool-3-thread-2
 message  {Id=4d57907d-1694-47b2-a722-8a4027da97d3,FirstNumber=795,secondNumber=1993}  added by thread pool-3-thread-6
 message  {Id=4d57907d-1694-47b2-a722-8a4027da97d3,FirstNumber=795,secondNumber=1993}  written to file by thread pool-3-thread-5
 message  {Id=7659cf5b-a81c-4248-ace5-4f94e5759d79,FirstNumber=636,secondNumber=855}  added by thread pool-3-thread-6
 message  {Id=7659cf5b-a81c-4248-ace5-4f94e5759d79,FirstNumber=636,secondNumber=855}  written to file by thread pool-3-thread-4
 message  {Id=e63c4fe4-e7f8-443c-96bb-d01988e3e490,FirstNumber=737,secondNumber=847}  added by thread pool-3-thread-6
 message  {Id=e63c4fe4-e7f8-443c-96bb-d01988e3e490,FirstNumber=737,secondNumber=847}  written to file by thread pool-3-thread-1
 message  {Id=08d239fb-300d-4f6a-be89-6bc6f43fdfa7,FirstNumber=737,secondNumber=412}  added by thread pool-3-thread-6
 message  {Id=08d239fb-300d-4f6a-be89-6bc6f43fdfa7,FirstNumber=737,secondNumber=412}  written to file by thread pool-3-thread-1
 message  {Id=870c4fb5-5f6a-4255-a5f7-bb4b7dac5e5f,FirstNumber=450,secondNumber=1910}  added by thread pool-3-thread-6
 message  {Id=870c4fb5-5f6a-4255-a5f7-bb4b7dac5e5f,FirstNumber=450,secondNumber=1910}  written to file by thread pool-3-thread-2
 message  {Id=7225233d-5989-433e-8485-24744dbfe418,FirstNumber=844,secondNumber=95}  added by thread pool-3-thread-6
 message  {Id=7225233d-5989-433e-8485-24744dbfe418,FirstNumber=844,secondNumber=95}  written to file by thread pool-3-thread-5
 message  {Id=e3d71521-ee55-431a-98fb-ba6f1137cfe8,FirstNumber=641,secondNumber=1359}  added by thread pool-3-thread-6
 message  {Id=e3d71521-ee55-431a-98fb-ba6f1137cfe8,FirstNumber=641,secondNumber=1359}  written to file by thread pool-3-thread-5
 message  {Id=e8097271-4db3-4475-808a-715a76711c0c,FirstNumber=412,secondNumber=1738}  added by thread pool-3-thread-6
 message  {Id=e8097271-4db3-4475-808a-715a76711c0c,FirstNumber=412,secondNumber=1738}  written to file by thread pool-3-thread-5
 message  {Id=a3080aae-4480-4b7a-8ba2-7de9fd87a19f,FirstNumber=952,secondNumber=702}  added by thread pool-3-thread-6
 message  {Id=a3080aae-4480-4b7a-8ba2-7de9fd87a19f,FirstNumber=952,secondNumber=702}  written to file by thread pool-3-thread-1
 message  {Id=5ae55653-dfc1-4c28-8002-99326137c0be,FirstNumber=777,secondNumber=518}  added by thread pool-3-thread-6
 message  {Id=5ae55653-dfc1-4c28-8002-99326137c0be,FirstNumber=777,secondNumber=518}  written to file by thread pool-3-thread-2
 message  {Id=e8728d28-0faa-4051-b1be-770c1e92b325,FirstNumber=95,secondNumber=1682}  added by thread pool-3-thread-6
 message  {Id=e8728d28-0faa-4051-b1be-770c1e92b325,FirstNumber=95,secondNumber=1682}  written to file by thread pool-3-thread-4
 message  {Id=1a4139ae-1cd4-4ffd-8310-067a44335daa,FirstNumber=262,secondNumber=1560}  added by thread pool-3-thread-6
 message  {Id=1a4139ae-1cd4-4ffd-8310-067a44335daa,FirstNumber=262,secondNumber=1560}  written to file by thread pool-3-thread-4
 message  {Id=9b85cac7-6953-457e-9d19-dff0a0c40e2c,FirstNumber=67,secondNumber=1733}  added by thread pool-3-thread-6
 message  {Id=9b85cac7-6953-457e-9d19-dff0a0c40e2c,FirstNumber=67,secondNumber=1733}  written to file by thread pool-3-thread-5
 message  {Id=1f052de9-e7dc-4c9a-be13-0cefe6fb5be0,FirstNumber=507,secondNumber=1236}  added by thread pool-3-thread-6
 message  {Id=1f052de9-e7dc-4c9a-be13-0cefe6fb5be0,FirstNumber=507,secondNumber=1236}  written to file by thread pool-3-thread-5
 message  {Id=74b8a8c2-fa92-417d-874c-8a08305557b6,FirstNumber=309,secondNumber=1114}  added by thread pool-3-thread-6
 message  {Id=74b8a8c2-fa92-417d-874c-8a08305557b6,FirstNumber=309,secondNumber=1114}  written to file by thread pool-3-thread-2
 message  {Id=1fdf8530-d733-431c-86ca-e1f0074c4216,FirstNumber=218,secondNumber=934}  added by thread pool-3-thread-6
 message  {Id=1fdf8530-d733-431c-86ca-e1f0074c4216,FirstNumber=218,secondNumber=934}  written to file by thread pool-3-thread-2
 message  {Id=e065141d-f6e6-4bfd-9cb4-18b23bd810e4,FirstNumber=448,secondNumber=1264}  added by thread pool-3-thread-6
 message  {Id=e065141d-f6e6-4bfd-9cb4-18b23bd810e4,FirstNumber=448,secondNumber=1264}  written to file by thread pool-3-thread-4
 message  {Id=d251a569-2e23-4145-b475-6b4ddb5ecedb,FirstNumber=567,secondNumber=1918}  added by thread pool-3-thread-6
 message  {Id=d251a569-2e23-4145-b475-6b4ddb5ecedb,FirstNumber=567,secondNumber=1918}  written to file by thread pool-3-thread-1
 message  {Id=6280dce8-6d8d-4d47-a63a-3e3ed5722b82,FirstNumber=205,secondNumber=1165}  added by thread pool-3-thread-6
 message  {Id=6280dce8-6d8d-4d47-a63a-3e3ed5722b82,FirstNumber=205,secondNumber=1165}  written to file by thread pool-3-thread-5
 message  {Id=95bf3781-ba4d-4e50-9cfb-c457f404561f,FirstNumber=892,secondNumber=1944}  added by thread pool-3-thread-6
 message  {Id=95bf3781-ba4d-4e50-9cfb-c457f404561f,FirstNumber=892,secondNumber=1944}  written to file by thread pool-3-thread-5
 message  {Id=d58bfd40-9e29-44f1-8031-5bb27df9c265,FirstNumber=687,secondNumber=265}  added by thread pool-3-thread-6
 message  {Id=d58bfd40-9e29-44f1-8031-5bb27df9c265,FirstNumber=687,secondNumber=265}  written to file by thread pool-3-thread-2
 message  {Id=c9d7495b-1a13-4cf7-8f56-5694eb106268,FirstNumber=960,secondNumber=659}  added by thread pool-3-thread-6
 message  {Id=c9d7495b-1a13-4cf7-8f56-5694eb106268,FirstNumber=960,secondNumber=659}  written to file by thread pool-3-thread-2
 message  {Id=1385dc4e-ac58-48f9-bc8b-4e8021dedab6,FirstNumber=582,secondNumber=11}  added by thread pool-3-thread-6
 message  {Id=1385dc4e-ac58-48f9-bc8b-4e8021dedab6,FirstNumber=582,secondNumber=11}  written to file by thread pool-3-thread-1
 message  {Id=8c3d7814-74cd-4c9f-b32f-ac0cdfb527fe,FirstNumber=510,secondNumber=1246}  added by thread pool-3-thread-6
 message  {Id=8c3d7814-74cd-4c9f-b32f-ac0cdfb527fe,FirstNumber=510,secondNumber=1246}  written to file by thread pool-3-thread-1
 message  {Id=8e040935-d5ad-4305-92dd-85a80589cd69,FirstNumber=184,secondNumber=1153}  added by thread pool-3-thread-6
 message  {Id=8e040935-d5ad-4305-92dd-85a80589cd69,FirstNumber=184,secondNumber=1153}  written to file by thread pool-3-thread-5
 message  {Id=7100d3ce-d8c0-4877-a026-3868af8ff3e7,FirstNumber=362,secondNumber=1677}  added by thread pool-3-thread-6
 message  {Id=7100d3ce-d8c0-4877-a026-3868af8ff3e7,FirstNumber=362,secondNumber=1677}  written to file by thread pool-3-thread-5
 message  {Id=ec7bedc1-1ae1-45c7-a99d-e7cf1422d977,FirstNumber=217,secondNumber=878}  added by thread pool-3-thread-6
 message  {Id=ec7bedc1-1ae1-45c7-a99d-e7cf1422d977,FirstNumber=217,secondNumber=878}  written to file by thread pool-3-thread-2
 message  {Id=816531a6-0391-40aa-86c1-43d7a5b70c7f,FirstNumber=957,secondNumber=827}  added by thread pool-3-thread-6
 message  {Id=816531a6-0391-40aa-86c1-43d7a5b70c7f,FirstNumber=957,secondNumber=827}  written to file by thread pool-3-thread-2
 message  {Id=56f4ba95-34d0-412d-aa23-18190c162d19,FirstNumber=827,secondNumber=1308}  added by thread pool-3-thread-6
 message  {Id=56f4ba95-34d0-412d-aa23-18190c162d19,FirstNumber=827,secondNumber=1308}  written to file by thread pool-3-thread-1
 message  {Id=7d678b90-db85-47aa-8c61-f26dbae1e39f,FirstNumber=860,secondNumber=1839}  added by thread pool-3-thread-6
 message  {Id=7d678b90-db85-47aa-8c61-f26dbae1e39f,FirstNumber=860,secondNumber=1839}  written to file by thread pool-3-thread-4
 message  {Id=940945a5-a7ad-40f4-b11d-09a1ffac925a,FirstNumber=188,secondNumber=528}  added by thread pool-3-thread-6
 message  {Id=940945a5-a7ad-40f4-b11d-09a1ffac925a,FirstNumber=188,secondNumber=528}  written to file by thread pool-3-thread-4
 message  {Id=327f3fce-9cdf-4e6f-95ba-4c84a0b29ce7,FirstNumber=339,secondNumber=400}  added by thread pool-3-thread-6
 message  {Id=327f3fce-9cdf-4e6f-95ba-4c84a0b29ce7,FirstNumber=339,secondNumber=400}  written to file by thread pool-3-thread-3
 message  {Id=58532b59-7548-445f-9a9e-3e2dfbe061ce,FirstNumber=367,secondNumber=408}  added by thread pool-3-thread-6
 message  {Id=58532b59-7548-445f-9a9e-3e2dfbe061ce,FirstNumber=367,secondNumber=408}  written to file by thread pool-3-thread-2
 message  {Id=220d8ffb-7f2e-4e93-bcf3-766e31f12d58,FirstNumber=98,secondNumber=1190}  added by thread pool-3-thread-6
 message  {Id=220d8ffb-7f2e-4e93-bcf3-766e31f12d58,FirstNumber=98,secondNumber=1190}  written to file by thread pool-3-thread-2
 message  {Id=c1258c52-c259-4827-81c4-32d1162dd4af,FirstNumber=86,secondNumber=922}  added by thread pool-3-thread-6
 message  {Id=c1258c52-c259-4827-81c4-32d1162dd4af,FirstNumber=86,secondNumber=922}  written to file by thread pool-3-thread-5
 message  {Id=8bca2783-bfe6-4a2d-8cdd-10f243ff7aa4,FirstNumber=958,secondNumber=1469}  added by thread pool-3-thread-6
 message  {Id=8bca2783-bfe6-4a2d-8cdd-10f243ff7aa4,FirstNumber=958,secondNumber=1469}  written to file by thread pool-3-thread-5
 message  {Id=e388bb56-f40c-4939-8fc6-df4d32b100b6,FirstNumber=377,secondNumber=790}  added by thread pool-3-thread-6
 message  {Id=e388bb56-f40c-4939-8fc6-df4d32b100b6,FirstNumber=377,secondNumber=790}  written to file by thread pool-3-thread-5
 message  {Id=0a716eb5-569c-490b-a882-8b1d6acea0af,FirstNumber=9,secondNumber=43}  added by thread pool-3-thread-6
 message  {Id=0a716eb5-569c-490b-a882-8b1d6acea0af,FirstNumber=9,secondNumber=43}  written to file by thread pool-3-thread-1
 message  {Id=de00efca-b48b-4608-864c-177ef01aa660,FirstNumber=137,secondNumber=1909}  added by thread pool-3-thread-6
 message  {Id=de00efca-b48b-4608-864c-177ef01aa660,FirstNumber=137,secondNumber=1909}  written to file by thread pool-3-thread-2
 message  {Id=e3d86fd9-fa3c-4b49-b1f9-80786dae5178,FirstNumber=461,secondNumber=1386}  added by thread pool-3-thread-6
 message  {Id=e3d86fd9-fa3c-4b49-b1f9-80786dae5178,FirstNumber=461,secondNumber=1386}  written to file by thread pool-3-thread-4
 message  {Id=dc3dcaba-bf6a-4b9c-bc81-dddd3f8c7026,FirstNumber=421,secondNumber=98}  added by thread pool-3-thread-6
 message  {Id=dc3dcaba-bf6a-4b9c-bc81-dddd3f8c7026,FirstNumber=421,secondNumber=98}  written to file by thread pool-3-thread-3
 message  {Id=bc8fd0ab-1bbc-4098-a32c-c0dc6ab8945b,FirstNumber=611,secondNumber=364}  added by thread pool-3-thread-6
 message  {Id=bc8fd0ab-1bbc-4098-a32c-c0dc6ab8945b,FirstNumber=611,secondNumber=364}  written to file by thread pool-3-thread-5
 message  {Id=081b085a-39d6-4bcd-9110-4a1398d7b1b2,FirstNumber=488,secondNumber=857}  added by thread pool-3-thread-6
 message  {Id=081b085a-39d6-4bcd-9110-4a1398d7b1b2,FirstNumber=488,secondNumber=857}  written to file by thread pool-3-thread-1
 message  {Id=feff3f69-1ba1-4dbb-b269-af5a1615b2a6,FirstNumber=392,secondNumber=91}  added by thread pool-3-thread-6
 message  {Id=feff3f69-1ba1-4dbb-b269-af5a1615b2a6,FirstNumber=392,secondNumber=91}  written to file by thread pool-3-thread-1
 message  {Id=8b86808d-f64a-4c54-9d1f-25062642ac7d,FirstNumber=835,secondNumber=1443}  added by thread pool-3-thread-6
 message  {Id=8b86808d-f64a-4c54-9d1f-25062642ac7d,FirstNumber=835,secondNumber=1443}  written to file by thread pool-3-thread-4
 message  {Id=6c108633-4acf-4aa6-8637-2e161c130a43,FirstNumber=472,secondNumber=1604}  added by thread pool-3-thread-6
 message  {Id=6c108633-4acf-4aa6-8637-2e161c130a43,FirstNumber=472,secondNumber=1604}  written to file by thread pool-3-thread-3
 message  {Id=8537e54f-4e00-47e5-b16f-2754d95731de,FirstNumber=439,secondNumber=6}  added by thread pool-3-thread-6
 message  {Id=8537e54f-4e00-47e5-b16f-2754d95731de,FirstNumber=439,secondNumber=6}  written to file by thread pool-3-thread-5
 message  {Id=bdf7ce08-c625-4fbe-b1b2-1dd7545d848e,FirstNumber=199,secondNumber=1170}  added by thread pool-3-thread-6
 message  {Id=bdf7ce08-c625-4fbe-b1b2-1dd7545d848e,FirstNumber=199,secondNumber=1170}  written to file by thread pool-3-thread-5
 message  {Id=163df423-c4bf-405c-8126-dd7a05ccce85,FirstNumber=926,secondNumber=1788}  added by thread pool-3-thread-6
 message  {Id=163df423-c4bf-405c-8126-dd7a05ccce85,FirstNumber=926,secondNumber=1788}  written to file by thread pool-3-thread-1
 message  {Id=2f7cb8ae-5af0-4e74-a4b8-1ea3059824df,FirstNumber=999,secondNumber=588}  added by thread pool-3-thread-6
 message  {Id=2f7cb8ae-5af0-4e74-a4b8-1ea3059824df,FirstNumber=999,secondNumber=588}  written to file by thread pool-3-thread-1
 message  {Id=873e3e74-dd49-4608-9135-5c46a13f936b,FirstNumber=319,secondNumber=121}  added by thread pool-3-thread-6
 message  {Id=873e3e74-dd49-4608-9135-5c46a13f936b,FirstNumber=319,secondNumber=121}  written to file by thread pool-3-thread-3
 message  {Id=461cb656-e025-41f1-bf1e-e47458cb7c31,FirstNumber=716,secondNumber=1196}  added by thread pool-3-thread-6
 message  {Id=461cb656-e025-41f1-bf1e-e47458cb7c31,FirstNumber=716,secondNumber=1196}  written to file by thread pool-3-thread-2
 message  {Id=e68f7244-649b-471d-bab3-cf9773bd64b6,FirstNumber=456,secondNumber=1314}  added by thread pool-3-thread-6
 message  {Id=e68f7244-649b-471d-bab3-cf9773bd64b6,FirstNumber=456,secondNumber=1314}  written to file by thread pool-3-thread-2
 message  {Id=01181747-b682-456d-9ee7-22a6f1376d71,FirstNumber=689,secondNumber=1400}  added by thread pool-3-thread-6
 message  {Id=01181747-b682-456d-9ee7-22a6f1376d71,FirstNumber=689,secondNumber=1400}  written to file by thread pool-3-thread-4
 message  {Id=95817213-d7be-435e-9fca-fab594b8fb0d,FirstNumber=33,secondNumber=888}  added by thread pool-3-thread-6
 message  {Id=95817213-d7be-435e-9fca-fab594b8fb0d,FirstNumber=33,secondNumber=888}  written to file by thread pool-3-thread-1
 message  {Id=ac746c98-61e7-4bd9-a7c6-cbfa9dd0ee4c,FirstNumber=819,secondNumber=1406}  added by thread pool-3-thread-6
 message  {Id=ac746c98-61e7-4bd9-a7c6-cbfa9dd0ee4c,FirstNumber=819,secondNumber=1406}  written to file by thread pool-3-thread-3
 message  {Id=3e49fbaf-6563-4a49-bb13-f3195664241d,FirstNumber=403,secondNumber=1026}  added by thread pool-3-thread-6
 message  {Id=3e49fbaf-6563-4a49-bb13-f3195664241d,FirstNumber=403,secondNumber=1026}  written to file by thread pool-3-thread-5
 message  {Id=dc9a8643-0a48-4c53-bc89-69a3d14d39a0,FirstNumber=249,secondNumber=1587}  added by thread pool-3-thread-6
 message  {Id=dc9a8643-0a48-4c53-bc89-69a3d14d39a0,FirstNumber=249,secondNumber=1587}  written to file by thread pool-3-thread-2
 message  {Id=6c4946f0-3a50-480f-a9f6-258018e65913,FirstNumber=770,secondNumber=1261}  added by thread pool-3-thread-6
 message  {Id=6c4946f0-3a50-480f-a9f6-258018e65913,FirstNumber=770,secondNumber=1261}  written to file by thread pool-3-thread-4
 message  {Id=beaeee2b-806e-42d7-9dad-9c1de5c9a0f1,FirstNumber=761,secondNumber=1502}  added by thread pool-3-thread-6
 message  {Id=beaeee2b-806e-42d7-9dad-9c1de5c9a0f1,FirstNumber=761,secondNumber=1502}  written to file by thread pool-3-thread-1
 message  {Id=24b01b31-cff5-499f-a9e9-2d822d30b746,FirstNumber=844,secondNumber=698}  added by thread pool-3-thread-6
 message  {Id=24b01b31-cff5-499f-a9e9-2d822d30b746,FirstNumber=844,secondNumber=698}  written to file by thread pool-3-thread-1
 message  {Id=2dd8419c-81fc-4a10-be27-54f6225c9b2e,FirstNumber=30,secondNumber=1896}  added by thread pool-3-thread-6
 message  {Id=2dd8419c-81fc-4a10-be27-54f6225c9b2e,FirstNumber=30,secondNumber=1896}  written to file by thread pool-3-thread-5
 message  {Id=1ce50c22-5605-4469-b406-8f29b615d117,FirstNumber=653,secondNumber=799}  added by thread pool-3-thread-6
 message  {Id=1ce50c22-5605-4469-b406-8f29b615d117,FirstNumber=653,secondNumber=799}  written to file by thread pool-3-thread-2
 message  {Id=af070c64-9fa8-4f7b-a1d1-bde052833800,FirstNumber=84,secondNumber=1945}  added by thread pool-3-thread-6
 message  {Id=af070c64-9fa8-4f7b-a1d1-bde052833800,FirstNumber=84,secondNumber=1945}  written to file by thread pool-3-thread-2
 message  {Id=f689d8af-3b54-4774-9813-b8461c09cfb3,FirstNumber=82,secondNumber=561}  added by thread pool-3-thread-6
 message  {Id=f689d8af-3b54-4774-9813-b8461c09cfb3,FirstNumber=82,secondNumber=561}  written to file by thread pool-3-thread-3
 message  {Id=1a5ceed3-f0e0-4346-a410-214acdd6c006,FirstNumber=272,secondNumber=1534}  added by thread pool-3-thread-6
 message  {Id=1a5ceed3-f0e0-4346-a410-214acdd6c006,FirstNumber=272,secondNumber=1534}  written to file by thread pool-3-thread-1
 message  {Id=5d73604b-c90f-4365-b7e1-8074a358f4b8,FirstNumber=587,secondNumber=966}  added by thread pool-3-thread-6
 message  {Id=5d73604b-c90f-4365-b7e1-8074a358f4b8,FirstNumber=587,secondNumber=966}  written to file by thread pool-3-thread-5
 message  {Id=f0adf54a-20fe-4fc4-b2e9-2e221b956950,FirstNumber=217,secondNumber=1925}  added by thread pool-3-thread-6
 message  {Id=f0adf54a-20fe-4fc4-b2e9-2e221b956950,FirstNumber=217,secondNumber=1925}  written to file by thread pool-3-thread-5
 message  {Id=8b9803ba-6746-4940-ae12-4b2b37d7f037,FirstNumber=838,secondNumber=250}  added by thread pool-3-thread-6
 message  {Id=8b9803ba-6746-4940-ae12-4b2b37d7f037,FirstNumber=838,secondNumber=250}  written to file by thread pool-3-thread-2
 message  {Id=c64b75ee-0d3a-42fd-8b25-557eafdfaec3,FirstNumber=274,secondNumber=1012}  added by thread pool-3-thread-6
 message  {Id=c64b75ee-0d3a-42fd-8b25-557eafdfaec3,FirstNumber=274,secondNumber=1012}  written to file by thread pool-3-thread-2
 message  {Id=94758c7a-de84-4ee6-b4e6-828af589eef4,FirstNumber=260,secondNumber=232}  added by thread pool-3-thread-6
 message  {Id=94758c7a-de84-4ee6-b4e6-828af589eef4,FirstNumber=260,secondNumber=232}  written to file by thread pool-3-thread-1
 message  {Id=b8415f8e-1c17-418f-b4a1-ccfb5a57b809,FirstNumber=926,secondNumber=1642}  added by thread pool-3-thread-6
 message  {Id=b8415f8e-1c17-418f-b4a1-ccfb5a57b809,FirstNumber=926,secondNumber=1642}  written to file by thread pool-3-thread-4
 message  {Id=7363dacd-a8cc-40ff-ba05-0cc5768b5fc8,FirstNumber=757,secondNumber=1650}  added by thread pool-3-thread-6
 message  {Id=7363dacd-a8cc-40ff-ba05-0cc5768b5fc8,FirstNumber=757,secondNumber=1650}  written to file by thread pool-3-thread-4
 message  {Id=91ce799b-8abf-4137-bd88-344d31646fdd,FirstNumber=343,secondNumber=701}  added by thread pool-3-thread-6
 message  {Id=91ce799b-8abf-4137-bd88-344d31646fdd,FirstNumber=343,secondNumber=701}  written to file by thread pool-3-thread-4
 message  {Id=140be576-a355-46a8-b207-5fd98f360a4b,FirstNumber=469,secondNumber=585}  added by thread pool-3-thread-6
 message  {Id=140be576-a355-46a8-b207-5fd98f360a4b,FirstNumber=469,secondNumber=585}  written to file by thread pool-3-thread-2
 message  {Id=12b09bc6-0a6c-4b7b-9adc-d0a80358c4a4,FirstNumber=948,secondNumber=333}  added by thread pool-3-thread-6
 message  {Id=12b09bc6-0a6c-4b7b-9adc-d0a80358c4a4,FirstNumber=948,secondNumber=333}  written to file by thread pool-3-thread-2
 message  {Id=7034650f-b007-4476-b5fc-10dd17f67990,FirstNumber=88,secondNumber=321}  added by thread pool-3-thread-6
 message  {Id=7034650f-b007-4476-b5fc-10dd17f67990,FirstNumber=88,secondNumber=321}  written to file by thread pool-3-thread-5
 message  {Id=06903859-7c94-4f30-8612-92372d1fae81,FirstNumber=48,secondNumber=1665}  added by thread pool-3-thread-6
 message  {Id=06903859-7c94-4f30-8612-92372d1fae81,FirstNumber=48,secondNumber=1665}  written to file by thread pool-3-thread-5
 message  {Id=48f6f78a-66a1-47e2-aa2b-290298e076ac,FirstNumber=148,secondNumber=813}  added by thread pool-3-thread-6
 message  {Id=48f6f78a-66a1-47e2-aa2b-290298e076ac,FirstNumber=148,secondNumber=813}  written to file by thread pool-3-thread-4
 message  {Id=262a1890-f164-4c04-b34f-ca9cbb49724e,FirstNumber=500,secondNumber=564}  added by thread pool-3-thread-6
 message  {Id=262a1890-f164-4c04-b34f-ca9cbb49724e,FirstNumber=500,secondNumber=564}  written to file by thread pool-3-thread-4
 message  {Id=bd21e7b8-b13f-4353-829d-8068c8a94e99,FirstNumber=901,secondNumber=222}  added by thread pool-3-thread-6
 message  {Id=bd21e7b8-b13f-4353-829d-8068c8a94e99,FirstNumber=901,secondNumber=222}  written to file by thread pool-3-thread-2
 message  {Id=1eee9bd4-f6a6-457b-94bc-a6249da9ed14,FirstNumber=888,secondNumber=1766}  added by thread pool-3-thread-6
 message  {Id=1eee9bd4-f6a6-457b-94bc-a6249da9ed14,FirstNumber=888,secondNumber=1766}  written to file by thread pool-3-thread-2
 message  {Id=21dad644-d7b4-444a-802c-684eb0235e9a,FirstNumber=582,secondNumber=1316}  added by thread pool-3-thread-6
 message  {Id=21dad644-d7b4-444a-802c-684eb0235e9a,FirstNumber=582,secondNumber=1316}  written to file by thread pool-3-thread-5
 message  {Id=4d2a7812-7cd2-4218-b2bb-42ca9d770d1e,FirstNumber=56,secondNumber=1271}  added by thread pool-3-thread-6
 message  {Id=4d2a7812-7cd2-4218-b2bb-42ca9d770d1e,FirstNumber=56,secondNumber=1271}  written to file by thread pool-3-thread-1
 message  {Id=48e94f12-fe17-476f-9990-7f205d9116d2,FirstNumber=875,secondNumber=454}  added by thread pool-3-thread-6
 message  {Id=48e94f12-fe17-476f-9990-7f205d9116d2,FirstNumber=875,secondNumber=454}  written to file by thread pool-3-thread-4
 message  {Id=77f3fa84-c099-4590-b2f5-5e9729810ce7,FirstNumber=692,secondNumber=1198}  added by thread pool-3-thread-6
 message  {Id=77f3fa84-c099-4590-b2f5-5e9729810ce7,FirstNumber=692,secondNumber=1198}  written to file by thread pool-3-thread-4
 message  {Id=7fe55185-2187-41c4-b6d8-2db9055c9e8a,FirstNumber=176,secondNumber=1386}  added by thread pool-3-thread-6
 message  {Id=7fe55185-2187-41c4-b6d8-2db9055c9e8a,FirstNumber=176,secondNumber=1386}  written to file by thread pool-3-thread-2
 message  {Id=baf3ff16-f1d4-45bb-bf48-c71926e970eb,FirstNumber=110,secondNumber=1653}  added by thread pool-3-thread-6
 message  {Id=baf3ff16-f1d4-45bb-bf48-c71926e970eb,FirstNumber=110,secondNumber=1653}  written to file by thread pool-3-thread-2
 message  {Id=15d3bb95-f7a7-4b89-9ed3-bf64894ed5b3,FirstNumber=280,secondNumber=988}  added by thread pool-3-thread-6
 message  {Id=15d3bb95-f7a7-4b89-9ed3-bf64894ed5b3,FirstNumber=280,secondNumber=988}  written to file by thread pool-3-thread-1
 message  {Id=c84a26bf-70b7-40ad-ab1a-03e3c65307d3,FirstNumber=3,secondNumber=648}  added by thread pool-3-thread-6
 message  {Id=c84a26bf-70b7-40ad-ab1a-03e3c65307d3,FirstNumber=3,secondNumber=648}  written to file by thread pool-3-thread-1
 message  {Id=5c71a627-a62b-4455-bcbb-ed397898cdeb,FirstNumber=985,secondNumber=865}  added by thread pool-3-thread-6
 message  {Id=5c71a627-a62b-4455-bcbb-ed397898cdeb,FirstNumber=985,secondNumber=865}  written to file by thread pool-3-thread-4
 message  {Id=0c24f611-dd05-4f39-98bf-90860137e9ae,FirstNumber=418,secondNumber=1237}  added by thread pool-3-thread-6
 message  {Id=0c24f611-dd05-4f39-98bf-90860137e9ae,FirstNumber=418,secondNumber=1237}  written to file by thread pool-3-thread-4
 message  {Id=ac8d9501-7ec3-4e21-8e2f-e3e0f5b8006b,FirstNumber=582,secondNumber=48}  added by thread pool-3-thread-6
 message  {Id=ac8d9501-7ec3-4e21-8e2f-e3e0f5b8006b,FirstNumber=582,secondNumber=48}  written to file by thread pool-3-thread-2
 message  {Id=192701be-42a5-47a2-aef1-24a8c7764481,FirstNumber=877,secondNumber=605}  added by thread pool-3-thread-6
 message  {Id=192701be-42a5-47a2-aef1-24a8c7764481,FirstNumber=877,secondNumber=605}  written to file by thread pool-3-thread-2
 message  {Id=9415b1d9-d51e-4912-9582-10992530d425,FirstNumber=59,secondNumber=1190}  added by thread pool-3-thread-6
 message  {Id=9415b1d9-d51e-4912-9582-10992530d425,FirstNumber=59,secondNumber=1190}  written to file by thread pool-3-thread-1
 message  {Id=e798af9d-2c95-487a-b376-9ef7aba7a5ce,FirstNumber=748,secondNumber=142}  added by thread pool-3-thread-6
 message  {Id=e798af9d-2c95-487a-b376-9ef7aba7a5ce,FirstNumber=748,secondNumber=142}  written to file by thread pool-3-thread-1
 message  {Id=e9ff7119-1d5b-489c-858d-cc3f73c777e6,FirstNumber=234,secondNumber=560}  added by thread pool-3-thread-6
 message  {Id=e9ff7119-1d5b-489c-858d-cc3f73c777e6,FirstNumber=234,secondNumber=560}  written to file by thread pool-3-thread-4
 message  {Id=e7be08b0-9ef1-4104-8f3a-1b567b85909d,FirstNumber=992,secondNumber=947}  added by thread pool-3-thread-6
 message  {Id=e7be08b0-9ef1-4104-8f3a-1b567b85909d,FirstNumber=992,secondNumber=947}  written to file by thread pool-3-thread-4
 message  {Id=ed64f9f1-f716-4350-b229-99314ab40129,FirstNumber=872,secondNumber=136}  added by thread pool-3-thread-6
 message  {Id=ed64f9f1-f716-4350-b229-99314ab40129,FirstNumber=872,secondNumber=136}  written to file by thread pool-3-thread-2
 message  {Id=8ce01d47-3fff-400e-baa0-b06866492a72,FirstNumber=217,secondNumber=318}  added by thread pool-3-thread-6
 message  {Id=8ce01d47-3fff-400e-baa0-b06866492a72,FirstNumber=217,secondNumber=318}  written to file by thread pool-3-thread-2
 message  {Id=3187e6d7-1c29-46af-b43e-abd318a92023,FirstNumber=207,secondNumber=551}  added by thread pool-3-thread-6
 message  {Id=3187e6d7-1c29-46af-b43e-abd318a92023,FirstNumber=207,secondNumber=551}  written to file by thread pool-3-thread-1
 message  {Id=8c7bad3b-015b-4bec-9c3b-3c4c3e64bd99,FirstNumber=948,secondNumber=1466}  added by thread pool-3-thread-6
 message  {Id=8c7bad3b-015b-4bec-9c3b-3c4c3e64bd99,FirstNumber=948,secondNumber=1466}  written to file by thread pool-3-thread-1
 message  {Id=b462e31d-d26d-4c11-a83d-85decadd04aa,FirstNumber=505,secondNumber=1118}  added by thread pool-3-thread-6
 message  {Id=b462e31d-d26d-4c11-a83d-85decadd04aa,FirstNumber=505,secondNumber=1118}  written to file by thread pool-3-thread-4
 message  {Id=d59d3bbf-8456-412f-9932-95576e667696,FirstNumber=158,secondNumber=1243}  added by thread pool-3-thread-6
 message  {Id=d59d3bbf-8456-412f-9932-95576e667696,FirstNumber=158,secondNumber=1243}  written to file by thread pool-3-thread-5
 message  {Id=d25d9cb4-06ed-42ed-8106-70fb6f381ecb,FirstNumber=712,secondNumber=464}  added by thread pool-3-thread-6
 message  {Id=d25d9cb4-06ed-42ed-8106-70fb6f381ecb,FirstNumber=712,secondNumber=464}  written to file by thread pool-3-thread-2
 message  {Id=6f143de1-03ce-41c6-b75a-1656747696e4,FirstNumber=282,secondNumber=89}  added by thread pool-3-thread-6
 message  {Id=6f143de1-03ce-41c6-b75a-1656747696e4,FirstNumber=282,secondNumber=89}  written to file by thread pool-3-thread-3
 message  {Id=2f3662f5-7eb6-4a25-96bb-516be1aa9468,FirstNumber=405,secondNumber=16}  added by thread pool-3-thread-6
 message  {Id=2f3662f5-7eb6-4a25-96bb-516be1aa9468,FirstNumber=405,secondNumber=16}  written to file by thread pool-3-thread-1
 message  {Id=fe3c270f-de74-464e-920b-ef6dbd32e75b,FirstNumber=41,secondNumber=1640}  added by thread pool-3-thread-6
 message  {Id=fe3c270f-de74-464e-920b-ef6dbd32e75b,FirstNumber=41,secondNumber=1640}  written to file by thread pool-3-thread-1
 message  {Id=27783cfb-23c2-47dc-8561-1b6595f6b095,FirstNumber=92,secondNumber=1999}  added by thread pool-3-thread-6
 message  {Id=27783cfb-23c2-47dc-8561-1b6595f6b095,FirstNumber=92,secondNumber=1999}  written to file by thread pool-3-thread-1
 message  {Id=883f3eb1-347c-4197-b54e-03f258e8a6ee,FirstNumber=910,secondNumber=912}  added by thread pool-3-thread-6
 message  {Id=883f3eb1-347c-4197-b54e-03f258e8a6ee,FirstNumber=910,secondNumber=912}  written to file by thread pool-3-thread-2
 message  {Id=4b9205dd-1493-42bd-b8f9-5166464dfd57,FirstNumber=457,secondNumber=9}  added by thread pool-3-thread-6
 message  {Id=4b9205dd-1493-42bd-b8f9-5166464dfd57,FirstNumber=457,secondNumber=9}  written to file by thread pool-3-thread-3
 message  {Id=f004e98a-04b5-4e70-92a9-5f091a7c3bfe,FirstNumber=197,secondNumber=473}  added by thread pool-3-thread-6
 message  {Id=f004e98a-04b5-4e70-92a9-5f091a7c3bfe,FirstNumber=197,secondNumber=473}  written to file by thread pool-3-thread-4
 message  {Id=fca49815-8422-4aba-84bc-d9a131194f8a,FirstNumber=448,secondNumber=7}  added by thread pool-3-thread-6
 message  {Id=fca49815-8422-4aba-84bc-d9a131194f8a,FirstNumber=448,secondNumber=7}  written to file by thread pool-3-thread-4
 message  {Id=97531c5a-2d57-49ee-850c-27b6fd4bca17,FirstNumber=496,secondNumber=1935}  added by thread pool-3-thread-6
 message  {Id=97531c5a-2d57-49ee-850c-27b6fd4bca17,FirstNumber=496,secondNumber=1935}  written to file by thread pool-3-thread-1
 message  {Id=60d3bfcc-2387-4e44-ae50-31c4b578f71e,FirstNumber=922,secondNumber=990}  added by thread pool-3-thread-6
 message  {Id=60d3bfcc-2387-4e44-ae50-31c4b578f71e,FirstNumber=922,secondNumber=990}  written to file by thread pool-3-thread-2
 message  {Id=dae19338-74f0-4bb9-95eb-eecdcdd761f7,FirstNumber=135,secondNumber=1938}  added by thread pool-3-thread-6
 message  {Id=dae19338-74f0-4bb9-95eb-eecdcdd761f7,FirstNumber=135,secondNumber=1938}  written to file by thread pool-3-thread-2
 message  {Id=880021bf-c184-4bc0-b255-0f80268f423d,FirstNumber=837,secondNumber=1167}  added by thread pool-3-thread-6
 message  {Id=880021bf-c184-4bc0-b255-0f80268f423d,FirstNumber=837,secondNumber=1167}  written to file by thread pool-3-thread-5
 message  {Id=6c462f50-3d49-40a5-866a-56d0afb373c0,FirstNumber=540,secondNumber=960}  added by thread pool-3-thread-6
 message  {Id=6c462f50-3d49-40a5-866a-56d0afb373c0,FirstNumber=540,secondNumber=960}  written to file by thread pool-3-thread-5
 message  {Id=8ca2804b-3f62-4052-add7-f4518df90c29,FirstNumber=752,secondNumber=337}  added by thread pool-3-thread-6
 message  {Id=8ca2804b-3f62-4052-add7-f4518df90c29,FirstNumber=752,secondNumber=337}  written to file by thread pool-3-thread-1
 message  {Id=f8449f04-6725-4fe9-bdbf-cd5fdb594478,FirstNumber=990,secondNumber=908}  added by thread pool-3-thread-6
 message  {Id=f8449f04-6725-4fe9-bdbf-cd5fdb594478,FirstNumber=990,secondNumber=908}  written to file by thread pool-3-thread-1
 message  {Id=52269883-9d23-45df-955d-b173dd2df581,FirstNumber=70,secondNumber=1092}  added by thread pool-3-thread-6
 message  {Id=52269883-9d23-45df-955d-b173dd2df581,FirstNumber=70,secondNumber=1092}  written to file by thread pool-3-thread-2
 message  {Id=c81987a1-fabe-434b-939f-532e7425c163,FirstNumber=541,secondNumber=1098}  added by thread pool-3-thread-6
 message  {Id=c81987a1-fabe-434b-939f-532e7425c163,FirstNumber=541,secondNumber=1098}  written to file by thread pool-3-thread-4
 message  {Id=63bee409-ceff-4a9e-bad6-0b087e9bf0b1,FirstNumber=102,secondNumber=481}  added by thread pool-3-thread-6
 message  {Id=63bee409-ceff-4a9e-bad6-0b087e9bf0b1,FirstNumber=102,secondNumber=481}  written to file by thread pool-3-thread-4
 message  {Id=0bb0a7e7-bb8c-451b-b5dd-d643a01339a8,FirstNumber=127,secondNumber=353}  added by thread pool-3-thread-6
 message  {Id=0bb0a7e7-bb8c-451b-b5dd-d643a01339a8,FirstNumber=127,secondNumber=353}  written to file by thread pool-3-thread-3
 message  {Id=c1a5d496-2d4e-4906-8818-75ae056bf13d,FirstNumber=919,secondNumber=1914}  added by thread pool-3-thread-6
 message  {Id=c1a5d496-2d4e-4906-8818-75ae056bf13d,FirstNumber=919,secondNumber=1914}  written to file by thread pool-3-thread-1
 message  {Id=47f4ecc7-e660-45f0-8165-d95cfdaeebf5,FirstNumber=371,secondNumber=901}  added by thread pool-3-thread-6
 message  {Id=47f4ecc7-e660-45f0-8165-d95cfdaeebf5,FirstNumber=371,secondNumber=901}  written to file by thread pool-3-thread-2
 message  {Id=5a7cfb6c-2f06-4736-9880-3b192dd68f7b,FirstNumber=430,secondNumber=1513}  added by thread pool-3-thread-6
 message  {Id=5a7cfb6c-2f06-4736-9880-3b192dd68f7b,FirstNumber=430,secondNumber=1513}  written to file by thread pool-3-thread-5
 message  {Id=e6c61112-f29a-4682-a471-83ce04f07937,FirstNumber=90,secondNumber=1798}  added by thread pool-3-thread-6
 message  {Id=e6c61112-f29a-4682-a471-83ce04f07937,FirstNumber=90,secondNumber=1798}  written to file by thread pool-3-thread-4
 message  {Id=f0a7f5ad-36e1-415f-ad2b-fc5fd1bbd346,FirstNumber=149,secondNumber=11}  added by thread pool-3-thread-6
 message  {Id=f0a7f5ad-36e1-415f-ad2b-fc5fd1bbd346,FirstNumber=149,secondNumber=11}  written to file by thread pool-3-thread-4
 message  {Id=1a4cdf9a-5aaa-400e-88b6-c3f29baace72,FirstNumber=443,secondNumber=1857}  added by thread pool-3-thread-6
 message  {Id=1a4cdf9a-5aaa-400e-88b6-c3f29baace72,FirstNumber=443,secondNumber=1857}  written to file by thread pool-3-thread-4
 message  {Id=163c256a-10c8-499e-9d98-02b59305622d,FirstNumber=870,secondNumber=1500}  added by thread pool-3-thread-6
 message  {Id=163c256a-10c8-499e-9d98-02b59305622d,FirstNumber=870,secondNumber=1500}  written to file by thread pool-3-thread-2
 message  {Id=c35888b4-1bef-4af9-81c3-f27cf99b6f07,FirstNumber=774,secondNumber=1913}  added by thread pool-3-thread-6
 message  {Id=c35888b4-1bef-4af9-81c3-f27cf99b6f07,FirstNumber=774,secondNumber=1913}  written to file by thread pool-3-thread-2
 message  {Id=1d16bf9c-3d99-4f7d-90c1-347928aadb8e,FirstNumber=764,secondNumber=88}  added by thread pool-3-thread-6
 message  {Id=1d16bf9c-3d99-4f7d-90c1-347928aadb8e,FirstNumber=764,secondNumber=88}  written to file by thread pool-3-thread-3
 message  {Id=1bcdd61d-2629-44ac-811f-9e196cf78070,FirstNumber=102,secondNumber=483}  added by thread pool-3-thread-6
 message  {Id=1bcdd61d-2629-44ac-811f-9e196cf78070,FirstNumber=102,secondNumber=483}  written to file by thread pool-3-thread-1
 message  {Id=f2ac3a63-90b1-4197-beb3-fa27512a7ebf,FirstNumber=707,secondNumber=1224}  added by thread pool-3-thread-6
 message  {Id=f2ac3a63-90b1-4197-beb3-fa27512a7ebf,FirstNumber=707,secondNumber=1224}  written to file by thread pool-3-thread-4
 message  {Id=8d1b42b6-459c-4a9e-a625-76055976e512,FirstNumber=678,secondNumber=1923}  added by thread pool-3-thread-6
 message  {Id=8d1b42b6-459c-4a9e-a625-76055976e512,FirstNumber=678,secondNumber=1923}  written to file by thread pool-3-thread-4
 message  {Id=95e60370-3a4d-4466-a63e-20a1a63a9519,FirstNumber=729,secondNumber=1033}  added by thread pool-3-thread-6
 message  {Id=95e60370-3a4d-4466-a63e-20a1a63a9519,FirstNumber=729,secondNumber=1033}  written to file by thread pool-3-thread-2
 message  {Id=cfc9ac2e-f966-44da-a605-397d2e64a5ee,FirstNumber=84,secondNumber=1955}  added by thread pool-3-thread-6
 message  {Id=cfc9ac2e-f966-44da-a605-397d2e64a5ee,FirstNumber=84,secondNumber=1955}  written to file by thread pool-3-thread-3
 message  {Id=74c34bb7-de06-4ee2-8588-00a68d760e1f,FirstNumber=963,secondNumber=813}  added by thread pool-3-thread-6
 message  {Id=74c34bb7-de06-4ee2-8588-00a68d760e1f,FirstNumber=963,secondNumber=813}  written to file by thread pool-3-thread-1
 message  {Id=96fde0fe-6699-4851-9e37-cf51e341d8c0,FirstNumber=527,secondNumber=1758}  added by thread pool-3-thread-6
 message  {Id=96fde0fe-6699-4851-9e37-cf51e341d8c0,FirstNumber=527,secondNumber=1758}  written to file by thread pool-3-thread-5
 message  {Id=9e6dc57b-e8dd-4928-b8f4-66970e51065a,FirstNumber=815,secondNumber=1405}  added by thread pool-3-thread-6
 message  {Id=9e6dc57b-e8dd-4928-b8f4-66970e51065a,FirstNumber=815,secondNumber=1405}  written to file by thread pool-3-thread-5
 message  {Id=316afe9e-ac13-4e25-87b7-5c842534f48b,FirstNumber=961,secondNumber=269}  added by thread pool-3-thread-6
 message  {Id=316afe9e-ac13-4e25-87b7-5c842534f48b,FirstNumber=961,secondNumber=269}  written to file by thread pool-3-thread-2
 message  {Id=3348b6c6-b794-4180-a447-16586012cf47,FirstNumber=744,secondNumber=738}  added by thread pool-3-thread-6
 message  {Id=3348b6c6-b794-4180-a447-16586012cf47,FirstNumber=744,secondNumber=738}  written to file by thread pool-3-thread-2
 message  {Id=33923ff3-d1af-443a-a92c-49b4fdb54452,FirstNumber=722,secondNumber=1187}  added by thread pool-3-thread-6
 message  {Id=33923ff3-d1af-443a-a92c-49b4fdb54452,FirstNumber=722,secondNumber=1187}  written to file by thread pool-3-thread-1
 message  {Id=8a1de39d-2276-4d97-8e7c-af3b8132f341,FirstNumber=580,secondNumber=1066}  added by thread pool-3-thread-6
 message  {Id=8a1de39d-2276-4d97-8e7c-af3b8132f341,FirstNumber=580,secondNumber=1066}  written to file by thread pool-3-thread-4
 message  {Id=143f4077-f981-446a-867e-6f936a397fce,FirstNumber=480,secondNumber=1649}  added by thread pool-3-thread-6
 message  {Id=143f4077-f981-446a-867e-6f936a397fce,FirstNumber=480,secondNumber=1649}  written to file by thread pool-3-thread-4
 message  {Id=5106d5bd-e69a-4687-a2c1-30650939e87e,FirstNumber=484,secondNumber=1623}  added by thread pool-3-thread-6
 message  {Id=5106d5bd-e69a-4687-a2c1-30650939e87e,FirstNumber=484,secondNumber=1623}  written to file by thread pool-3-thread-4
 message  {Id=30ababc7-ad56-4609-9c41-6d9ded82961f,FirstNumber=580,secondNumber=749}  added by thread pool-3-thread-6
 message  {Id=30ababc7-ad56-4609-9c41-6d9ded82961f,FirstNumber=580,secondNumber=749}  written to file by thread pool-3-thread-2
 message  {Id=40f86bb0-9541-4881-9524-ad81be178ccf,FirstNumber=459,secondNumber=1338}  added by thread pool-3-thread-6
 message  {Id=40f86bb0-9541-4881-9524-ad81be178ccf,FirstNumber=459,secondNumber=1338}  written to file by thread pool-3-thread-1
 message  {Id=a387090d-2566-493f-8c52-b9fabcb34a93,FirstNumber=399,secondNumber=1867}  added by thread pool-3-thread-6
 message  {Id=a387090d-2566-493f-8c52-b9fabcb34a93,FirstNumber=399,secondNumber=1867}  written to file by thread pool-3-thread-1
 message  {Id=a21bc358-526e-49cd-a124-5e50a98e8f1e,FirstNumber=679,secondNumber=1089}  added by thread pool-3-thread-6
 message  {Id=a21bc358-526e-49cd-a124-5e50a98e8f1e,FirstNumber=679,secondNumber=1089}  written to file by thread pool-3-thread-3
 message  {Id=c006ddc4-4961-4ff4-b6f5-09c643faad73,FirstNumber=608,secondNumber=1613}  added by thread pool-3-thread-6
 message  {Id=c006ddc4-4961-4ff4-b6f5-09c643faad73,FirstNumber=608,secondNumber=1613}  written to file by thread pool-3-thread-4
 message  {Id=70cf1328-8edf-4ba6-93c5-5f51289d2a94,FirstNumber=187,secondNumber=1826}  added by thread pool-3-thread-6
 message  {Id=70cf1328-8edf-4ba6-93c5-5f51289d2a94,FirstNumber=187,secondNumber=1826}  written to file by thread pool-3-thread-4
 message  {Id=88b26a77-9d47-47ae-b1b1-313b4c20993d,FirstNumber=915,secondNumber=1888}  added by thread pool-3-thread-6
 message  {Id=88b26a77-9d47-47ae-b1b1-313b4c20993d,FirstNumber=915,secondNumber=1888}  written to file by thread pool-3-thread-5
 message  {Id=056a6668-b132-4c0f-b0c6-a7f8ca1b9ace,FirstNumber=500,secondNumber=875}  added by thread pool-3-thread-6
 message  {Id=056a6668-b132-4c0f-b0c6-a7f8ca1b9ace,FirstNumber=500,secondNumber=875}  written to file by thread pool-3-thread-1
 message  {Id=a7147ccb-25e8-48cf-88b1-404fc2146a32,FirstNumber=207,secondNumber=171}  added by thread pool-3-thread-6
 message  {Id=a7147ccb-25e8-48cf-88b1-404fc2146a32,FirstNumber=207,secondNumber=171}  written to file by thread pool-3-thread-3
 message  {Id=66ff0efe-2d2b-41a9-a9d0-aef736f954d4,FirstNumber=72,secondNumber=166}  added by thread pool-3-thread-6
 message  {Id=66ff0efe-2d2b-41a9-a9d0-aef736f954d4,FirstNumber=72,secondNumber=166}  written to file by thread pool-3-thread-3
 message  {Id=7776616f-4b8e-428d-b305-8df6fe44704c,FirstNumber=234,secondNumber=1610}  added by thread pool-3-thread-6
 message  {Id=7776616f-4b8e-428d-b305-8df6fe44704c,FirstNumber=234,secondNumber=1610}  written to file by thread pool-3-thread-4
 message  {Id=d02c3695-8b52-4616-89f3-5029d414ee09,FirstNumber=250,secondNumber=656}  added by thread pool-3-thread-6
 message  {Id=d02c3695-8b52-4616-89f3-5029d414ee09,FirstNumber=250,secondNumber=656}  written to file by thread pool-3-thread-5
 message  {Id=a9f872cf-ebd6-4be9-abad-82c53395d31a,FirstNumber=848,secondNumber=1191}  added by thread pool-3-thread-6
 message  {Id=a9f872cf-ebd6-4be9-abad-82c53395d31a,FirstNumber=848,secondNumber=1191}  written to file by thread pool-3-thread-5
 message  {Id=5c63beee-a812-44bc-a595-7faa0ab2eeac,FirstNumber=425,secondNumber=1120}  added by thread pool-3-thread-6
 message  {Id=5c63beee-a812-44bc-a595-7faa0ab2eeac,FirstNumber=425,secondNumber=1120}  written to file by thread pool-3-thread-2
 message  {Id=6d07dc26-747a-4f93-8b07-58b597b8d8d3,FirstNumber=847,secondNumber=214}  added by thread pool-3-thread-6
 message  {Id=6d07dc26-747a-4f93-8b07-58b597b8d8d3,FirstNumber=847,secondNumber=214}  written to file by thread pool-3-thread-2
 message  {Id=e78b8b23-db1a-489e-923d-5f9cf61a1098,FirstNumber=859,secondNumber=1071}  added by thread pool-3-thread-6
 message  {Id=e78b8b23-db1a-489e-923d-5f9cf61a1098,FirstNumber=859,secondNumber=1071}  written to file by thread pool-3-thread-4
 message  {Id=fe9f4e64-bf54-4ea9-909d-42c3b80b286c,FirstNumber=268,secondNumber=599}  added by thread pool-3-thread-6
 message  {Id=fe9f4e64-bf54-4ea9-909d-42c3b80b286c,FirstNumber=268,secondNumber=599}  written to file by thread pool-3-thread-4
 message  {Id=cb954084-87ff-499b-bb03-f748e3c43a59,FirstNumber=59,secondNumber=394}  added by thread pool-3-thread-6
 message  {Id=cb954084-87ff-499b-bb03-f748e3c43a59,FirstNumber=59,secondNumber=394}  written to file by thread pool-3-thread-5
 message  {Id=e4cd7bbf-66c0-4f1f-89ac-bcb236af3a3c,FirstNumber=59,secondNumber=633}  added by thread pool-3-thread-6
 message  {Id=e4cd7bbf-66c0-4f1f-89ac-bcb236af3a3c,FirstNumber=59,secondNumber=633}  written to file by thread pool-3-thread-5
 message  {Id=b81d6bdd-4943-427f-9093-b0c7efe9fece,FirstNumber=947,secondNumber=878}  added by thread pool-3-thread-6
 message  {Id=b81d6bdd-4943-427f-9093-b0c7efe9fece,FirstNumber=947,secondNumber=878}  written to file by thread pool-3-thread-2
 message  {Id=e8e86b0b-85bc-4f4d-8638-abbd56ff7ba1,FirstNumber=576,secondNumber=1745}  added by thread pool-3-thread-6
 message  {Id=e8e86b0b-85bc-4f4d-8638-abbd56ff7ba1,FirstNumber=576,secondNumber=1745}  written to file by thread pool-3-thread-2
 message  {Id=97982553-7e6d-4326-ab07-84a5cd94adc2,FirstNumber=967,secondNumber=1717}  added by thread pool-3-thread-6
 message  {Id=97982553-7e6d-4326-ab07-84a5cd94adc2,FirstNumber=967,secondNumber=1717}  written to file by thread pool-3-thread-4
 message  {Id=8551eedb-9fb0-4183-b64f-4d20525b0396,FirstNumber=853,secondNumber=1497}  added by thread pool-3-thread-6
 message  {Id=8551eedb-9fb0-4183-b64f-4d20525b0396,FirstNumber=853,secondNumber=1497}  written to file by thread pool-3-thread-4
 message  {Id=e72304d6-f8ec-47dc-a608-e3f96890db8d,FirstNumber=344,secondNumber=627}  added by thread pool-3-thread-6
 message  {Id=e72304d6-f8ec-47dc-a608-e3f96890db8d,FirstNumber=344,secondNumber=627}  written to file by thread pool-3-thread-5
 message  {Id=c497fd08-a910-40d7-99eb-032d2a4a6c6c,FirstNumber=238,secondNumber=616}  added by thread pool-3-thread-6
 message  {Id=c497fd08-a910-40d7-99eb-032d2a4a6c6c,FirstNumber=238,secondNumber=616}  written to file by thread pool-3-thread-5
 message  {Id=c19c3025-7775-480f-b8ad-dc0b7ff01f4b,FirstNumber=106,secondNumber=608}  added by thread pool-3-thread-6
 message  {Id=c19c3025-7775-480f-b8ad-dc0b7ff01f4b,FirstNumber=106,secondNumber=608}  written to file by thread pool-3-thread-2
 message  {Id=96a5bc98-e670-4632-a467-b5ca00f4e06f,FirstNumber=195,secondNumber=1538}  added by thread pool-3-thread-6
 message  {Id=96a5bc98-e670-4632-a467-b5ca00f4e06f,FirstNumber=195,secondNumber=1538}  written to file by thread pool-3-thread-3
 message  {Id=05253a6a-85d2-4459-bcef-ab02a33bfdd4,FirstNumber=186,secondNumber=813}  added by thread pool-3-thread-6
 message  {Id=05253a6a-85d2-4459-bcef-ab02a33bfdd4,FirstNumber=186,secondNumber=813}  written to file by thread pool-3-thread-4
 message  {Id=9d819455-2e3b-42f1-a553-c389aa6b9c14,FirstNumber=467,secondNumber=359}  added by thread pool-3-thread-6
 message  {Id=9d819455-2e3b-42f1-a553-c389aa6b9c14,FirstNumber=467,secondNumber=359}  written to file by thread pool-3-thread-4
 message  {Id=4dc00b76-f259-4f89-adff-21bd720357ee,FirstNumber=768,secondNumber=217}  added by thread pool-3-thread-6
 message  {Id=4dc00b76-f259-4f89-adff-21bd720357ee,FirstNumber=768,secondNumber=217}  written to file by thread pool-3-thread-5
 message  {Id=7868f1ee-d45d-4faa-b70a-d8c08dd74a99,FirstNumber=966,secondNumber=74}  added by thread pool-3-thread-6
 message  {Id=7868f1ee-d45d-4faa-b70a-d8c08dd74a99,FirstNumber=966,secondNumber=74}  written to file by thread pool-3-thread-5
 message  {Id=13104a34-3d67-4d8a-a315-8101005b414c,FirstNumber=906,secondNumber=1648}  added by thread pool-3-thread-6
 message  {Id=13104a34-3d67-4d8a-a315-8101005b414c,FirstNumber=906,secondNumber=1648}  written to file by thread pool-3-thread-3
 message  {Id=7ef9a597-876a-4281-8d5a-26b9eb783c59,FirstNumber=382,secondNumber=1352}  added by thread pool-3-thread-6
 message  {Id=7ef9a597-876a-4281-8d5a-26b9eb783c59,FirstNumber=382,secondNumber=1352}  written to file by thread pool-3-thread-3
 message  {Id=908b8b0a-2fef-4b45-b211-504fc52a1c93,FirstNumber=512,secondNumber=1739}  added by thread pool-3-thread-6
 message  {Id=908b8b0a-2fef-4b45-b211-504fc52a1c93,FirstNumber=512,secondNumber=1739}  written to file by thread pool-3-thread-4
 message  {Id=3b789c88-39dc-4598-a19a-83a9dddc9303,FirstNumber=724,secondNumber=1185}  added by thread pool-3-thread-6
 message  {Id=3b789c88-39dc-4598-a19a-83a9dddc9303,FirstNumber=724,secondNumber=1185}  written to file by thread pool-3-thread-2
 message  {Id=aea026f7-4b5c-43e4-a590-e583aa88a4ba,FirstNumber=155,secondNumber=212}  added by thread pool-3-thread-6
 message  {Id=aea026f7-4b5c-43e4-a590-e583aa88a4ba,FirstNumber=155,secondNumber=212}  written to file by thread pool-3-thread-5
 message  {Id=b498d69f-929e-4fd7-94ea-7e42d149d357,FirstNumber=61,secondNumber=861}  added by thread pool-3-thread-6
 message  {Id=b498d69f-929e-4fd7-94ea-7e42d149d357,FirstNumber=61,secondNumber=861}  written to file by thread pool-3-thread-1
 message  {Id=647cd855-547b-4737-9bb4-9a33c19d6e72,FirstNumber=351,secondNumber=1262}  added by thread pool-3-thread-6
 message  {Id=647cd855-547b-4737-9bb4-9a33c19d6e72,FirstNumber=351,secondNumber=1262}  written to file by thread pool-3-thread-1
 message  {Id=9decdd24-7754-467d-b95d-df33dd2006ae,FirstNumber=333,secondNumber=1690}  added by thread pool-3-thread-6
 message  {Id=9decdd24-7754-467d-b95d-df33dd2006ae,FirstNumber=333,secondNumber=1690}  written to file by thread pool-3-thread-4
 message  {Id=1e0f9533-2d97-457d-87a1-b44aa9f27d77,FirstNumber=911,secondNumber=1467}  added by thread pool-3-thread-6
 message  {Id=1e0f9533-2d97-457d-87a1-b44aa9f27d77,FirstNumber=911,secondNumber=1467}  written to file by thread pool-3-thread-2
 message  {Id=a15ec4aa-8164-442e-be0e-7934f5ecd641,FirstNumber=367,secondNumber=1678}  added by thread pool-3-thread-6
 message  {Id=a15ec4aa-8164-442e-be0e-7934f5ecd641,FirstNumber=367,secondNumber=1678}  written to file by thread pool-3-thread-2
 message  {Id=f1fca24b-2d53-42f6-94af-3bd95abe9058,FirstNumber=740,secondNumber=805}  added by thread pool-3-thread-6
 message  {Id=f1fca24b-2d53-42f6-94af-3bd95abe9058,FirstNumber=740,secondNumber=805}  written to file by thread pool-3-thread-3
 message  {Id=e2691b5f-a3b2-46ba-8744-2c0e35a52b68,FirstNumber=309,secondNumber=1901}  added by thread pool-3-thread-6
 message  {Id=e2691b5f-a3b2-46ba-8744-2c0e35a52b68,FirstNumber=309,secondNumber=1901}  written to file by thread pool-3-thread-1
 message  {Id=d9a2e5ba-2cdf-4ce0-8155-a178b456cac4,FirstNumber=802,secondNumber=605}  added by thread pool-3-thread-6
 message  {Id=d9a2e5ba-2cdf-4ce0-8155-a178b456cac4,FirstNumber=802,secondNumber=605}  written to file by thread pool-3-thread-4
 message  {Id=89c5140e-ac14-456d-8db6-1e0a966640be,FirstNumber=895,secondNumber=1924}  added by thread pool-3-thread-6
 message  {Id=89c5140e-ac14-456d-8db6-1e0a966640be,FirstNumber=895,secondNumber=1924}  written to file by thread pool-3-thread-4
 message  {Id=6f64e7f4-6290-43ad-8b16-50164f7d6b96,FirstNumber=559,secondNumber=962}  added by thread pool-3-thread-6
 message  {Id=6f64e7f4-6290-43ad-8b16-50164f7d6b96,FirstNumber=559,secondNumber=962}  written to file by thread pool-3-thread-2
 message  {Id=2b35b527-2a42-4c2b-8e51-01e279cce072,FirstNumber=387,secondNumber=1085}  added by thread pool-3-thread-6
 message  {Id=2b35b527-2a42-4c2b-8e51-01e279cce072,FirstNumber=387,secondNumber=1085}  written to file by thread pool-3-thread-3
 message  {Id=5a0bde54-2bb6-49d4-92ed-c6a49aecfca4,FirstNumber=745,secondNumber=1073}  added by thread pool-3-thread-6
 message  {Id=5a0bde54-2bb6-49d4-92ed-c6a49aecfca4,FirstNumber=745,secondNumber=1073}  written to file by thread pool-3-thread-1
 message  {Id=e3f65f93-0026-4a74-9a66-973a3e838bc9,FirstNumber=895,secondNumber=82}  added by thread pool-3-thread-6
 message  {Id=e3f65f93-0026-4a74-9a66-973a3e838bc9,FirstNumber=895,secondNumber=82}  written to file by thread pool-3-thread-1
 message  {Id=23d14e5a-4f29-4b69-bd28-0e4b9057ddd8,FirstNumber=256,secondNumber=1469}  added by thread pool-3-thread-6
 message  {Id=23d14e5a-4f29-4b69-bd28-0e4b9057ddd8,FirstNumber=256,secondNumber=1469}  written to file by thread pool-3-thread-4
 message  {Id=3bbd2b79-8fc0-4392-a1fa-45dc14e02a97,FirstNumber=829,secondNumber=1013}  added by thread pool-3-thread-6
 message  {Id=3bbd2b79-8fc0-4392-a1fa-45dc14e02a97,FirstNumber=829,secondNumber=1013}  written to file by thread pool-3-thread-4
 message  {Id=18e55a46-4c28-40d2-b25e-513b0190abba,FirstNumber=492,secondNumber=1564}  added by thread pool-3-thread-6
 message  {Id=18e55a46-4c28-40d2-b25e-513b0190abba,FirstNumber=492,secondNumber=1564}  written to file by thread pool-3-thread-3
 message  {Id=4ff4a603-3e31-4f74-bd9d-d9278e25ed5b,FirstNumber=741,secondNumber=975}  added by thread pool-3-thread-6
 message  {Id=4ff4a603-3e31-4f74-bd9d-d9278e25ed5b,FirstNumber=741,secondNumber=975}  written to file by thread pool-3-thread-5
 message  {Id=300282e6-143e-4777-b5cf-5b03eb0a01d0,FirstNumber=572,secondNumber=159}  added by thread pool-3-thread-6
 message  {Id=300282e6-143e-4777-b5cf-5b03eb0a01d0,FirstNumber=572,secondNumber=159}  written to file by thread pool-3-thread-1
 message  {Id=995cb0ef-09b0-4757-97a2-485e9f1c287c,FirstNumber=661,secondNumber=1035}  added by thread pool-3-thread-6
 message  {Id=995cb0ef-09b0-4757-97a2-485e9f1c287c,FirstNumber=661,secondNumber=1035}  written to file by thread pool-3-thread-1
 message  {Id=7a602c11-33bc-4899-b3f2-bd9d6a1aabaa,FirstNumber=496,secondNumber=1255}  added by thread pool-3-thread-6
 message  {Id=7a602c11-33bc-4899-b3f2-bd9d6a1aabaa,FirstNumber=496,secondNumber=1255}  written to file by thread pool-3-thread-4
 message  {Id=afc2fb45-190a-4045-8533-7fd8c5251b5d,FirstNumber=534,secondNumber=1251}  added by thread pool-3-thread-6
 message  {Id=afc2fb45-190a-4045-8533-7fd8c5251b5d,FirstNumber=534,secondNumber=1251}  written to file by thread pool-3-thread-3
 message  {Id=ed784c67-3645-4484-b31d-d336351f82ab,FirstNumber=985,secondNumber=1054}  added by thread pool-3-thread-6
 message  {Id=ed784c67-3645-4484-b31d-d336351f82ab,FirstNumber=985,secondNumber=1054}  written to file by thread pool-3-thread-5
 message  {Id=466dc8d1-ff7a-4dcf-b783-8470a214f8c7,FirstNumber=287,secondNumber=1462}  added by thread pool-3-thread-6
 message  {Id=466dc8d1-ff7a-4dcf-b783-8470a214f8c7,FirstNumber=287,secondNumber=1462}  written to file by thread pool-3-thread-2
 message  {Id=964ba6ca-ee06-4aea-9bce-5f20372b9ca9,FirstNumber=934,secondNumber=693}  added by thread pool-3-thread-6
 message  {Id=964ba6ca-ee06-4aea-9bce-5f20372b9ca9,FirstNumber=934,secondNumber=693}  written to file by thread pool-3-thread-1
 message  {Id=0a6e1b01-962a-454d-b600-f5a60782340b,FirstNumber=580,secondNumber=1722}  added by thread pool-3-thread-6
 message  {Id=0a6e1b01-962a-454d-b600-f5a60782340b,FirstNumber=580,secondNumber=1722}  written to file by thread pool-3-thread-1
 message  {Id=f03b9498-122a-4443-b357-21d36ef55bfb,FirstNumber=506,secondNumber=554}  added by thread pool-3-thread-6
 message  {Id=f03b9498-122a-4443-b357-21d36ef55bfb,FirstNumber=506,secondNumber=554}  written to file by thread pool-3-thread-3
 message  {Id=6b6b06fb-b45d-4dbf-8c8f-a8b6150bccab,FirstNumber=160,secondNumber=1436}  added by thread pool-3-thread-6
 message  {Id=6b6b06fb-b45d-4dbf-8c8f-a8b6150bccab,FirstNumber=160,secondNumber=1436}  written to file by thread pool-3-thread-5
 message  {Id=cbbf1af2-dada-43b8-92c7-1e08a1241487,FirstNumber=742,secondNumber=143}  added by thread pool-3-thread-6
 message  {Id=cbbf1af2-dada-43b8-92c7-1e08a1241487,FirstNumber=742,secondNumber=143}  written to file by thread pool-3-thread-2
 message  {Id=12d8832f-0429-458a-97c5-7cbd67c8839b,FirstNumber=348,secondNumber=1032}  added by thread pool-3-thread-6
 message  {Id=12d8832f-0429-458a-97c5-7cbd67c8839b,FirstNumber=348,secondNumber=1032}  written to file by thread pool-3-thread-2
 message  {Id=53c22372-0ab0-48d5-9e51-5edd749092a5,FirstNumber=7,secondNumber=162}  added by thread pool-3-thread-6
 message  {Id=53c22372-0ab0-48d5-9e51-5edd749092a5,FirstNumber=7,secondNumber=162}  written to file by thread pool-3-thread-2
 message  {Id=2d1a1311-61e9-4880-aa9c-a8d564cf19d5,FirstNumber=312,secondNumber=808}  added by thread pool-3-thread-6
 message  {Id=2d1a1311-61e9-4880-aa9c-a8d564cf19d5,FirstNumber=312,secondNumber=808}  written to file by thread pool-3-thread-3
 message  {Id=efb6b8b6-084c-41c0-a819-c9e993f7cedb,FirstNumber=129,secondNumber=1773}  added by thread pool-3-thread-6
 message  {Id=efb6b8b6-084c-41c0-a819-c9e993f7cedb,FirstNumber=129,secondNumber=1773}  written to file by thread pool-3-thread-3
 message  {Id=6045c4c7-2d1e-4470-86a1-652d8f41a967,FirstNumber=664,secondNumber=693}  added by thread pool-3-thread-6
 message  {Id=6045c4c7-2d1e-4470-86a1-652d8f41a967,FirstNumber=664,secondNumber=693}  written to file by thread pool-3-thread-4
 message  {Id=b4a2fe4c-a024-426f-b148-d66d40482f69,FirstNumber=979,secondNumber=1735}  added by thread pool-3-thread-6
 message  {Id=b4a2fe4c-a024-426f-b148-d66d40482f69,FirstNumber=979,secondNumber=1735}  written to file by thread pool-3-thread-1
 message  {Id=e08b70c2-6a99-423b-9fb3-e828253b4d91,FirstNumber=464,secondNumber=941}  added by thread pool-3-thread-6
 message  {Id=e08b70c2-6a99-423b-9fb3-e828253b4d91,FirstNumber=464,secondNumber=941}  written to file by thread pool-3-thread-1
 message  {Id=949f8e1f-1deb-4d18-ab35-dc0734e959a0,FirstNumber=811,secondNumber=129}  added by thread pool-3-thread-6
 message  {Id=949f8e1f-1deb-4d18-ab35-dc0734e959a0,FirstNumber=811,secondNumber=129}  written to file by thread pool-3-thread-1
 message  {Id=066a9fd6-0088-4fd6-a61d-3c8444f124ea,FirstNumber=361,secondNumber=879}  added by thread pool-3-thread-6
 message  {Id=066a9fd6-0088-4fd6-a61d-3c8444f124ea,FirstNumber=361,secondNumber=879}  written to file by thread pool-3-thread-3
 message  {Id=feeef09a-509f-4fad-9853-4433396ac230,FirstNumber=612,secondNumber=1682}  added by thread pool-3-thread-6
 message  {Id=feeef09a-509f-4fad-9853-4433396ac230,FirstNumber=612,secondNumber=1682}  written to file by thread pool-3-thread-3
 message  {Id=ab683ec2-f9c5-4bda-b46b-ce8eb6d16a7b,FirstNumber=223,secondNumber=1762}  added by thread pool-3-thread-6
 message  {Id=ab683ec2-f9c5-4bda-b46b-ce8eb6d16a7b,FirstNumber=223,secondNumber=1762}  written to file by thread pool-3-thread-3
 message  {Id=f8bd7c22-dc9b-47d3-9590-f8109737d76a,FirstNumber=932,secondNumber=26}  added by thread pool-3-thread-6
 message  {Id=f8bd7c22-dc9b-47d3-9590-f8109737d76a,FirstNumber=932,secondNumber=26}  written to file by thread pool-3-thread-5
 message  {Id=5c229cee-acec-4dcc-b4a9-538660889eea,FirstNumber=21,secondNumber=841}  added by thread pool-3-thread-6
 message  {Id=5c229cee-acec-4dcc-b4a9-538660889eea,FirstNumber=21,secondNumber=841}  written to file by thread pool-3-thread-1
 message  {Id=0492f692-3f71-4afd-8c0b-2a68700660e9,FirstNumber=121,secondNumber=1010}  added by thread pool-3-thread-6
 message  {Id=0492f692-3f71-4afd-8c0b-2a68700660e9,FirstNumber=121,secondNumber=1010}  written to file by thread pool-3-thread-4
 message  {Id=047e022d-a96b-4f75-b74d-9e9097deefb3,FirstNumber=148,secondNumber=62}  added by thread pool-3-thread-6
 message  {Id=047e022d-a96b-4f75-b74d-9e9097deefb3,FirstNumber=148,secondNumber=62}  written to file by thread pool-3-thread-4
 message  {Id=c03eeec6-eb3c-494b-9596-1ff3c5735ef5,FirstNumber=29,secondNumber=1338}  added by thread pool-3-thread-6
 message  {Id=c03eeec6-eb3c-494b-9596-1ff3c5735ef5,FirstNumber=29,secondNumber=1338}  written to file by thread pool-3-thread-3
 message  {Id=8782d001-2c1e-4778-a395-09ef3f7995bb,FirstNumber=777,secondNumber=565}  added by thread pool-3-thread-6
 message  {Id=8782d001-2c1e-4778-a395-09ef3f7995bb,FirstNumber=777,secondNumber=565}  written to file by thread pool-3-thread-5
 message  {Id=106bd4e1-cf94-4d18-9b54-c9df8fa2521c,FirstNumber=221,secondNumber=1692}  added by thread pool-3-thread-6
 message  {Id=106bd4e1-cf94-4d18-9b54-c9df8fa2521c,FirstNumber=221,secondNumber=1692}  written to file by thread pool-3-thread-1
 message  {Id=49b4d2b2-16c5-4fa6-bf9e-bd929e4e9723,FirstNumber=222,secondNumber=892}  added by thread pool-3-thread-6
 message  {Id=49b4d2b2-16c5-4fa6-bf9e-bd929e4e9723,FirstNumber=222,secondNumber=892}  written to file by thread pool-3-thread-1
 message  {Id=91a8c74e-0b88-46ed-8215-db28cb840d1e,FirstNumber=401,secondNumber=1021}  added by thread pool-3-thread-6
 message  {Id=91a8c74e-0b88-46ed-8215-db28cb840d1e,FirstNumber=401,secondNumber=1021}  written to file by thread pool-3-thread-1
 message  {Id=b7f98bb7-dbfc-47df-af58-e006c6443dff,FirstNumber=918,secondNumber=1599}  added by thread pool-3-thread-6
 message  {Id=b7f98bb7-dbfc-47df-af58-e006c6443dff,FirstNumber=918,secondNumber=1599}  written to file by thread pool-3-thread-3
 message  {Id=06890366-2de7-4bc8-aa4f-dbbda08bfb29,FirstNumber=866,secondNumber=1958}  added by thread pool-3-thread-6
 message  {Id=06890366-2de7-4bc8-aa4f-dbbda08bfb29,FirstNumber=866,secondNumber=1958}  written to file by thread pool-3-thread-5
 message  {Id=6093a37b-28cc-4159-bf7a-7c830bfa5dde,FirstNumber=831,secondNumber=1612}  added by thread pool-3-thread-6
 message  {Id=6093a37b-28cc-4159-bf7a-7c830bfa5dde,FirstNumber=831,secondNumber=1612}  written to file by thread pool-3-thread-2
 message  {Id=b93f6649-e2ec-471c-b3d4-462075d47e77,FirstNumber=891,secondNumber=1557}  added by thread pool-3-thread-6
 message  {Id=b93f6649-e2ec-471c-b3d4-462075d47e77,FirstNumber=891,secondNumber=1557}  written to file by thread pool-3-thread-4
 message  {Id=27a601b2-8d59-4b70-a96b-816f4f91d7de,FirstNumber=174,secondNumber=1662}  added by thread pool-3-thread-6
 message  {Id=27a601b2-8d59-4b70-a96b-816f4f91d7de,FirstNumber=174,secondNumber=1662}  written to file by thread pool-3-thread-4
 message  {Id=3b768dcf-5a0d-4168-8df7-69989022b3c0,FirstNumber=236,secondNumber=1596}  added by thread pool-3-thread-6
 message  {Id=2ec70f6b-0cff-47cd-b9c0-dfe9a9987d70,FirstNumber=350,secondNumber=838}  added by thread pool-3-thread-6
 message  {Id=3b768dcf-5a0d-4168-8df7-69989022b3c0,FirstNumber=236,secondNumber=1596}  written to file by thread pool-3-thread-3
 message  {Id=2ec70f6b-0cff-47cd-b9c0-dfe9a9987d70,FirstNumber=350,secondNumber=838}  written to file by thread pool-3-thread-5
 message  {Id=dc3f7e1c-c340-4e6a-9efc-a6b4de871245,FirstNumber=168,secondNumber=1400}  added by thread pool-3-thread-6
 message  {Id=dc3f7e1c-c340-4e6a-9efc-a6b4de871245,FirstNumber=168,secondNumber=1400}  written to file by thread pool-3-thread-2
 message  {Id=24747d92-f881-499a-9193-a40fda5aa85f,FirstNumber=914,secondNumber=1697}  added by thread pool-3-thread-6
 message  {Id=24747d92-f881-499a-9193-a40fda5aa85f,FirstNumber=914,secondNumber=1697}  written to file by thread pool-3-thread-2
 message  {Id=88c8fba2-75bb-4fb9-88f9-16630f373d48,FirstNumber=398,secondNumber=362}  added by thread pool-3-thread-6
 message  {Id=88c8fba2-75bb-4fb9-88f9-16630f373d48,FirstNumber=398,secondNumber=362}  written to file by thread pool-3-thread-4
 message  {Id=d49ae1eb-0c3c-4339-bbb1-92e83aca29b4,FirstNumber=659,secondNumber=627}  added by thread pool-3-thread-6
 message  {Id=d49ae1eb-0c3c-4339-bbb1-92e83aca29b4,FirstNumber=659,secondNumber=627}  written to file by thread pool-3-thread-4
 message  {Id=a09f3132-ea87-4da5-a1e4-bd707c63eb6c,FirstNumber=926,secondNumber=388}  added by thread pool-3-thread-6
 message  {Id=a09f3132-ea87-4da5-a1e4-bd707c63eb6c,FirstNumber=926,secondNumber=388}  written to file by thread pool-3-thread-5
 message  {Id=54817e27-dcb2-4f89-9baf-5857f071d97e,FirstNumber=916,secondNumber=967}  added by thread pool-3-thread-6
 message  {Id=54817e27-dcb2-4f89-9baf-5857f071d97e,FirstNumber=916,secondNumber=967}  written to file by thread pool-3-thread-1
 message  {Id=139756b5-27e5-4c24-8483-3fee09730c6f,FirstNumber=250,secondNumber=1144}  added by thread pool-3-thread-6
 message  {Id=139756b5-27e5-4c24-8483-3fee09730c6f,FirstNumber=250,secondNumber=1144}  written to file by thread pool-3-thread-2
 message  {Id=2ed73c22-1a7b-418a-a326-5a9ee6197e80,FirstNumber=345,secondNumber=356}  added by thread pool-3-thread-6
 message  {Id=2ed73c22-1a7b-418a-a326-5a9ee6197e80,FirstNumber=345,secondNumber=356}  written to file by thread pool-3-thread-2
 message  {Id=2f053793-e244-43a6-8920-b341cada55db,FirstNumber=39,secondNumber=1820}  added by thread pool-3-thread-6
 message  {Id=2f053793-e244-43a6-8920-b341cada55db,FirstNumber=39,secondNumber=1820}  written to file by thread pool-3-thread-4
 message  {Id=78b95357-9cc5-4a2b-b389-1415aa76a040,FirstNumber=363,secondNumber=810}  added by thread pool-3-thread-6
 message  {Id=78b95357-9cc5-4a2b-b389-1415aa76a040,FirstNumber=363,secondNumber=810}  written to file by thread pool-3-thread-4
 message  {Id=d442f002-756d-45e6-8502-ad9bd698900e,FirstNumber=820,secondNumber=987}  added by thread pool-3-thread-6
 message  {Id=d442f002-756d-45e6-8502-ad9bd698900e,FirstNumber=820,secondNumber=987}  written to file by thread pool-3-thread-1
 message  {Id=d47d1700-c04c-431b-833b-0501a2b42f42,FirstNumber=303,secondNumber=982}  added by thread pool-3-thread-6
 message  {Id=d47d1700-c04c-431b-833b-0501a2b42f42,FirstNumber=303,secondNumber=982}  written to file by thread pool-3-thread-1
 message  {Id=0f442d4f-c24c-47c9-ac2d-dd1ae3a12676,FirstNumber=739,secondNumber=550}  added by thread pool-3-thread-6
 message  {Id=0f442d4f-c24c-47c9-ac2d-dd1ae3a12676,FirstNumber=739,secondNumber=550}  written to file by thread pool-3-thread-2
 message  {Id=939c7697-e1f2-4a34-984f-6ab6a1e2353e,FirstNumber=346,secondNumber=14}  added by thread pool-3-thread-6
 message  {Id=939c7697-e1f2-4a34-984f-6ab6a1e2353e,FirstNumber=346,secondNumber=14}  written to file by thread pool-3-thread-2
 message  {Id=712c6daa-ac53-454f-85eb-1997de52481c,FirstNumber=359,secondNumber=1219}  added by thread pool-3-thread-6
 message  {Id=712c6daa-ac53-454f-85eb-1997de52481c,FirstNumber=359,secondNumber=1219}  written to file by thread pool-3-thread-4
 message  {Id=82d58064-9aa6-4ad8-ad53-f6dac8d82b6b,FirstNumber=527,secondNumber=1803}  added by thread pool-3-thread-6
 message  {Id=82d58064-9aa6-4ad8-ad53-f6dac8d82b6b,FirstNumber=527,secondNumber=1803}  written to file by thread pool-3-thread-4
 message  {Id=580cd542-ac0c-416f-adfd-4a47dc7c9f1d,FirstNumber=947,secondNumber=1873}  added by thread pool-3-thread-6
 message  {Id=580cd542-ac0c-416f-adfd-4a47dc7c9f1d,FirstNumber=947,secondNumber=1873}  written to file by thread pool-3-thread-1
 message  {Id=bb7e9330-b647-4e42-ac76-d566754fcee2,FirstNumber=558,secondNumber=1856}  added by thread pool-3-thread-6
 message  {Id=bb7e9330-b647-4e42-ac76-d566754fcee2,FirstNumber=558,secondNumber=1856}  written to file by thread pool-3-thread-1
 message  {Id=cb5284da-ad8c-4c23-a0ec-3ef1d70739ec,FirstNumber=472,secondNumber=152}  added by thread pool-3-thread-6
 message  {Id=cb5284da-ad8c-4c23-a0ec-3ef1d70739ec,FirstNumber=472,secondNumber=152}  written to file by thread pool-3-thread-2
 message  {Id=6c2ba103-1906-4329-ad2c-adde8d08bccb,FirstNumber=523,secondNumber=1250}  added by thread pool-3-thread-6
 message  {Id=6c2ba103-1906-4329-ad2c-adde8d08bccb,FirstNumber=523,secondNumber=1250}  written to file by thread pool-3-thread-2
 message  {Id=68d4e1c2-552e-403a-a35b-2e0d65698b81,FirstNumber=660,secondNumber=1225}  added by thread pool-3-thread-6
 message  {Id=68d4e1c2-552e-403a-a35b-2e0d65698b81,FirstNumber=660,secondNumber=1225}  written to file by thread pool-3-thread-4
 message  {Id=77286390-84ed-4c4f-9fbb-e0b8de920eba,FirstNumber=386,secondNumber=1047}  added by thread pool-3-thread-6
 message  {Id=77286390-84ed-4c4f-9fbb-e0b8de920eba,FirstNumber=386,secondNumber=1047}  written to file by thread pool-3-thread-4
 message  {Id=8f35ed27-2221-465a-bd73-abdc3acd36dd,FirstNumber=472,secondNumber=1657}  added by thread pool-3-thread-6
 message  {Id=8f35ed27-2221-465a-bd73-abdc3acd36dd,FirstNumber=472,secondNumber=1657}  written to file by thread pool-3-thread-1
 message  {Id=59d24fee-9df5-49b7-a210-31d1f543fa15,FirstNumber=611,secondNumber=1270}  added by thread pool-3-thread-6
 message  {Id=7417825c-242e-4e54-8f8c-3f2c3a90d7c1,FirstNumber=931,secondNumber=1713}  added by thread pool-3-thread-6
 message  {Id=59d24fee-9df5-49b7-a210-31d1f543fa15,FirstNumber=611,secondNumber=1270}  written to file by thread pool-3-thread-3
 message  {Id=7417825c-242e-4e54-8f8c-3f2c3a90d7c1,FirstNumber=931,secondNumber=1713}  written to file by thread pool-3-thread-2
 message  {Id=eb49b218-0e27-4b67-9c2f-b9b06383d3ee,FirstNumber=535,secondNumber=1369}  added by thread pool-3-thread-6
 message  {Id=eb49b218-0e27-4b67-9c2f-b9b06383d3ee,FirstNumber=535,secondNumber=1369}  written to file by thread pool-3-thread-5
 message  {Id=72e7e2a7-01ee-45a8-a766-ed26695650af,FirstNumber=224,secondNumber=170}  added by thread pool-3-thread-6
 message  {Id=72e7e2a7-01ee-45a8-a766-ed26695650af,FirstNumber=224,secondNumber=170}  written to file by thread pool-3-thread-5
 message  {Id=84944d9e-dc68-43a5-9ddb-8c29d24c59fc,FirstNumber=763,secondNumber=956}  added by thread pool-3-thread-6
 message  {Id=84944d9e-dc68-43a5-9ddb-8c29d24c59fc,FirstNumber=763,secondNumber=956}  written to file by thread pool-3-thread-1
 message  {Id=1b033ec8-5741-4358-989c-16d4a8ee7680,FirstNumber=169,secondNumber=1680}  added by thread pool-3-thread-6
 message  {Id=59d5ba98-768d-4b1a-abf1-4cef712be83f,FirstNumber=960,secondNumber=93}  added by thread pool-3-thread-6
 message  {Id=1b033ec8-5741-4358-989c-16d4a8ee7680,FirstNumber=169,secondNumber=1680}  written to file by thread pool-3-thread-3
 message  {Id=59d5ba98-768d-4b1a-abf1-4cef712be83f,FirstNumber=960,secondNumber=93}  written to file by thread pool-3-thread-2
 message  {Id=7e4e040b-6faa-4220-ab4c-199c05d5bbe0,FirstNumber=14,secondNumber=1872}  added by thread pool-3-thread-6
 message  {Id=7e4e040b-6faa-4220-ab4c-199c05d5bbe0,FirstNumber=14,secondNumber=1872}  written to file by thread pool-3-thread-4
 message  {Id=bba4ac3c-2054-49f6-b097-ff039f6c89c2,FirstNumber=756,secondNumber=1985}  added by thread pool-3-thread-6
 message  {Id=bba4ac3c-2054-49f6-b097-ff039f6c89c2,FirstNumber=756,secondNumber=1985}  written to file by thread pool-3-thread-5
 message  {Id=fcdd9114-a408-4016-a332-776bea583e69,FirstNumber=937,secondNumber=1590}  added by thread pool-3-thread-6
 message  {Id=fcdd9114-a408-4016-a332-776bea583e69,FirstNumber=937,secondNumber=1590}  written to file by thread pool-3-thread-5
 message  {Id=257906c4-ffed-45ba-8451-42be53392f90,FirstNumber=209,secondNumber=933}  added by thread pool-3-thread-6
 message  {Id=257906c4-ffed-45ba-8451-42be53392f90,FirstNumber=209,secondNumber=933}  written to file by thread pool-3-thread-3
 message  {Id=0ef76fb3-c21c-4970-af4a-7939ba465d4e,FirstNumber=399,secondNumber=1810}  added by thread pool-3-thread-6
 message  {Id=0ef76fb3-c21c-4970-af4a-7939ba465d4e,FirstNumber=399,secondNumber=1810}  written to file by thread pool-3-thread-2
 message  {Id=c2491a77-d2f9-4c74-b3b2-1313bd1dd44b,FirstNumber=509,secondNumber=1467}  added by thread pool-3-thread-6
 message  {Id=c2491a77-d2f9-4c74-b3b2-1313bd1dd44b,FirstNumber=509,secondNumber=1467}  written to file by thread pool-3-thread-2
 message  {Id=bc9af2f3-1127-40bd-b0bd-d882ff282ffa,FirstNumber=205,secondNumber=1304}  added by thread pool-3-thread-6
 message  {Id=bc9af2f3-1127-40bd-b0bd-d882ff282ffa,FirstNumber=205,secondNumber=1304}  written to file by thread pool-3-thread-1
 message  {Id=a6b781a0-f3fd-4f1d-ad76-b32d85cd1dd7,FirstNumber=1,secondNumber=1870}  added by thread pool-3-thread-6
 message  {Id=a6b781a0-f3fd-4f1d-ad76-b32d85cd1dd7,FirstNumber=1,secondNumber=1870}  written to file by thread pool-3-thread-1
 message  {Id=bf26a70c-2de7-4074-8cde-976ae73074e1,FirstNumber=596,secondNumber=982}  added by thread pool-3-thread-6
 message  {Id=bf26a70c-2de7-4074-8cde-976ae73074e1,FirstNumber=596,secondNumber=982}  written to file by thread pool-3-thread-3
 message  {Id=58a4f9ec-184a-49d4-93e0-c6c85aa97c38,FirstNumber=339,secondNumber=53}  added by thread pool-3-thread-6
 message  {Id=58a4f9ec-184a-49d4-93e0-c6c85aa97c38,FirstNumber=339,secondNumber=53}  written to file by thread pool-3-thread-4
 message  {Id=98c02b09-6d2d-44a1-8b71-0c78b4901369,FirstNumber=253,secondNumber=312}  added by thread pool-3-thread-6
 message  {Id=98c02b09-6d2d-44a1-8b71-0c78b4901369,FirstNumber=253,secondNumber=312}  written to file by thread pool-3-thread-2
 message  {Id=3c0ff081-86b1-4f6a-8a4b-f8ee6cdffd59,FirstNumber=172,secondNumber=1541}  added by thread pool-3-thread-6
 message  {Id=3c0ff081-86b1-4f6a-8a4b-f8ee6cdffd59,FirstNumber=172,secondNumber=1541}  written to file by thread pool-3-thread-5
 message  {Id=171de1e4-ceb8-4b06-a2bb-4908a3a5095a,FirstNumber=712,secondNumber=687}  written to file by thread pool-3-thread-5
 message  {Id=171de1e4-ceb8-4b06-a2bb-4908a3a5095a,FirstNumber=712,secondNumber=687}  added by thread pool-3-thread-6
 message  {Id=229ef404-d176-4342-afa6-ea0a398a9c98,FirstNumber=565,secondNumber=1056}  added by thread pool-3-thread-6
 message  {Id=229ef404-d176-4342-afa6-ea0a398a9c98,FirstNumber=565,secondNumber=1056}  written to file by thread pool-3-thread-3
 message  {Id=27ba5e65-c5ac-4058-b1ab-cdaef16c1241,FirstNumber=505,secondNumber=1452}  added by thread pool-3-thread-6
 message  {Id=27ba5e65-c5ac-4058-b1ab-cdaef16c1241,FirstNumber=505,secondNumber=1452}  written to file by thread pool-3-thread-4
 message  {Id=a6895130-117c-446d-b4e3-e7e9b02b3251,FirstNumber=1,secondNumber=477}  added by thread pool-3-thread-6
 message  {Id=a6895130-117c-446d-b4e3-e7e9b02b3251,FirstNumber=1,secondNumber=477}  written to file by thread pool-3-thread-2
 message  {Id=2623e72f-5323-4c81-bf64-996b0f2bd037,FirstNumber=452,secondNumber=1221}  added by thread pool-3-thread-6
 message  {Id=2623e72f-5323-4c81-bf64-996b0f2bd037,FirstNumber=452,secondNumber=1221}  written to file by thread pool-3-thread-1
 message  {Id=81ef0e18-1256-4cc2-877c-065cf92c4669,FirstNumber=945,secondNumber=911}  added by thread pool-3-thread-6
 message  {Id=81ef0e18-1256-4cc2-877c-065cf92c4669,FirstNumber=945,secondNumber=911}  written to file by thread pool-3-thread-5
 message  {Id=ecd1f2b8-e33d-4378-a39e-d2af4e53cc36,FirstNumber=409,secondNumber=1984}  added by thread pool-3-thread-6
 message  {Id=ecd1f2b8-e33d-4378-a39e-d2af4e53cc36,FirstNumber=409,secondNumber=1984}  written to file by thread pool-3-thread-5
 message  {Id=a7c01acb-a015-4d75-b822-6541b5f2bf76,FirstNumber=561,secondNumber=345}  added by thread pool-3-thread-6
 message  {Id=a7c01acb-a015-4d75-b822-6541b5f2bf76,FirstNumber=561,secondNumber=345}  written to file by thread pool-3-thread-5
 message  {Id=fbc9c377-d9dd-4269-8f1e-063327bc83b2,FirstNumber=843,secondNumber=844}  added by thread pool-3-thread-6
 message  {Id=fbc9c377-d9dd-4269-8f1e-063327bc83b2,FirstNumber=843,secondNumber=844}  written to file by thread pool-3-thread-5
 message  {Id=fe599290-95d7-4fc8-9467-cba7138497dd,FirstNumber=157,secondNumber=563}  added by thread pool-3-thread-6
 message  {Id=fe599290-95d7-4fc8-9467-cba7138497dd,FirstNumber=157,secondNumber=563}  written to file by thread pool-3-thread-1
 message  {Id=a21a72e4-ce54-4fd4-ac85-2d9788a4aa49,FirstNumber=77,secondNumber=45}  added by thread pool-3-thread-6
 message  {Id=a21a72e4-ce54-4fd4-ac85-2d9788a4aa49,FirstNumber=77,secondNumber=45}  written to file by thread pool-3-thread-3
 message  {Id=0691b373-6a86-478e-b7d2-49965feb4ac3,FirstNumber=652,secondNumber=776}  added by thread pool-3-thread-6
 message  {Id=0691b373-6a86-478e-b7d2-49965feb4ac3,FirstNumber=652,secondNumber=776}  written to file by thread pool-3-thread-4
 message  {Id=3d32453f-01a2-49f8-9aeb-78df6b7ea6d0,FirstNumber=997,secondNumber=1701}  added by thread pool-3-thread-6
 message  {Id=3d32453f-01a2-49f8-9aeb-78df6b7ea6d0,FirstNumber=997,secondNumber=1701}  written to file by thread pool-3-thread-2
 message  {Id=59064462-851d-4b6d-a52f-dae6966f10c7,FirstNumber=587,secondNumber=682}  added by thread pool-3-thread-6
 message  {Id=59064462-851d-4b6d-a52f-dae6966f10c7,FirstNumber=587,secondNumber=682}  written to file by thread pool-3-thread-2
 message  {Id=84070c66-3f84-4e4e-bdd8-4a3941c452f4,FirstNumber=464,secondNumber=1570}  added by thread pool-3-thread-6
 message  {Id=84070c66-3f84-4e4e-bdd8-4a3941c452f4,FirstNumber=464,secondNumber=1570}  written to file by thread pool-3-thread-1
 message  {Id=560ba8b2-aa86-4b7c-aa28-dc83fdab547e,FirstNumber=757,secondNumber=14}  added by thread pool-3-thread-6
 message  {Id=1a124001-48fe-4442-bd41-02d241320585,FirstNumber=413,secondNumber=1076}  added by thread pool-3-thread-6
 message  {Id=560ba8b2-aa86-4b7c-aa28-dc83fdab547e,FirstNumber=757,secondNumber=14}  written to file by thread pool-3-thread-3
 message  {Id=1a124001-48fe-4442-bd41-02d241320585,FirstNumber=413,secondNumber=1076}  written to file by thread pool-3-thread-4
 message  {Id=93551506-48d6-459a-9acb-118cf56542e5,FirstNumber=381,secondNumber=754}  added by thread pool-3-thread-6
 message  {Id=93551506-48d6-459a-9acb-118cf56542e5,FirstNumber=381,secondNumber=754}  written to file by thread pool-3-thread-4
 message  {Id=7e9187ec-928b-46ca-9b02-976267c49ba6,FirstNumber=535,secondNumber=1797}  added by thread pool-3-thread-6
 message  {Id=7e9187ec-928b-46ca-9b02-976267c49ba6,FirstNumber=535,secondNumber=1797}  written to file by thread pool-3-thread-2
 message  {Id=04dfee3b-5f22-4dde-9088-e4eb10b2a2c1,FirstNumber=302,secondNumber=1054}  added by thread pool-3-thread-6
 message  {Id=04dfee3b-5f22-4dde-9088-e4eb10b2a2c1,FirstNumber=302,secondNumber=1054}  written to file by thread pool-3-thread-2
 message  {Id=6abe7cf2-a6a9-4ff5-8ad6-c55eae747866,FirstNumber=696,secondNumber=846}  added by thread pool-3-thread-6
 message  {Id=6abe7cf2-a6a9-4ff5-8ad6-c55eae747866,FirstNumber=696,secondNumber=846}  written to file by thread pool-3-thread-3
 message  {Id=84e5e2fd-ac0e-4820-ad29-51de3526cd3f,FirstNumber=686,secondNumber=1758}  added by thread pool-3-thread-6
 message  {Id=84e5e2fd-ac0e-4820-ad29-51de3526cd3f,FirstNumber=686,secondNumber=1758}  written to file by thread pool-3-thread-5
 message  {Id=3d14f809-5602-4a19-aaf8-0a149131556e,FirstNumber=317,secondNumber=700}  added by thread pool-3-thread-6
 message  {Id=3d14f809-5602-4a19-aaf8-0a149131556e,FirstNumber=317,secondNumber=700}  written to file by thread pool-3-thread-5
 message  {Id=9c79bfa7-81ff-4cbe-b609-94c9ab5c73cd,FirstNumber=863,secondNumber=1204}  added by thread pool-3-thread-6
 message  {Id=9c79bfa7-81ff-4cbe-b609-94c9ab5c73cd,FirstNumber=863,secondNumber=1204}  written to file by thread pool-3-thread-1
 message  {Id=e7023839-4c02-425a-838a-ca5a249016e6,FirstNumber=15,secondNumber=1290}  added by thread pool-3-thread-6
 message  {Id=e7023839-4c02-425a-838a-ca5a249016e6,FirstNumber=15,secondNumber=1290}  written to file by thread pool-3-thread-2
 message  {Id=ba488fcc-4e2c-4bbc-b607-1361b91c4cc6,FirstNumber=493,secondNumber=952}  added by thread pool-3-thread-6
 message  {Id=ba488fcc-4e2c-4bbc-b607-1361b91c4cc6,FirstNumber=493,secondNumber=952}  written to file by thread pool-3-thread-3
 message  {Id=e6124aee-28cb-41d8-9a02-d90f6bb24ada,FirstNumber=178,secondNumber=232}  added by thread pool-3-thread-6
 message  {Id=e6124aee-28cb-41d8-9a02-d90f6bb24ada,FirstNumber=178,secondNumber=232}  written to file by thread pool-3-thread-4
 message  {Id=dc516b9a-0dea-4df2-9d0f-6cddadd1874d,FirstNumber=526,secondNumber=57}  added by thread pool-3-thread-6
 message  {Id=dc516b9a-0dea-4df2-9d0f-6cddadd1874d,FirstNumber=526,secondNumber=57}  written to file by thread pool-3-thread-5
 message  {Id=97149311-74e7-48f4-96c7-3a466dd9d146,FirstNumber=856,secondNumber=1593}  added by thread pool-3-thread-6
 message  {Id=97149311-74e7-48f4-96c7-3a466dd9d146,FirstNumber=856,secondNumber=1593}  written to file by thread pool-3-thread-1
 message  {Id=d84c4a9f-c794-4f2f-8b70-1e39504abfc2,FirstNumber=606,secondNumber=1550}  added by thread pool-3-thread-6
 message  {Id=d84c4a9f-c794-4f2f-8b70-1e39504abfc2,FirstNumber=606,secondNumber=1550}  written to file by thread pool-3-thread-1
 message  {Id=92060d84-708e-4176-8eb3-94be37fb6b52,FirstNumber=981,secondNumber=1741}  added by thread pool-3-thread-6
 message  {Id=92060d84-708e-4176-8eb3-94be37fb6b52,FirstNumber=981,secondNumber=1741}  written to file by thread pool-3-thread-3
 message  {Id=5aa74e23-75da-49c9-a8ef-4373d7c3bb79,FirstNumber=787,secondNumber=1003}  added by thread pool-3-thread-6
 message  {Id=5aa74e23-75da-49c9-a8ef-4373d7c3bb79,FirstNumber=787,secondNumber=1003}  written to file by thread pool-3-thread-4
 message  {Id=c4c659f5-e618-4a27-bc18-5e7c8b0d2107,FirstNumber=721,secondNumber=1519}  added by thread pool-3-thread-6
 message  {Id=c4c659f5-e618-4a27-bc18-5e7c8b0d2107,FirstNumber=721,secondNumber=1519}  written to file by thread pool-3-thread-4
 message  {Id=3ed78bc3-6b80-4c7b-8bad-d655eb773678,FirstNumber=319,secondNumber=734}  added by thread pool-3-thread-6
 message  {Id=3ed78bc3-6b80-4c7b-8bad-d655eb773678,FirstNumber=319,secondNumber=734}  written to file by thread pool-3-thread-2
 message  {Id=45abd73e-d5ad-406c-9935-41386d680a0d,FirstNumber=663,secondNumber=162}  added by thread pool-3-thread-6
 message  {Id=45abd73e-d5ad-406c-9935-41386d680a0d,FirstNumber=663,secondNumber=162}  written to file by thread pool-3-thread-1
 message  {Id=444a34a5-1df5-437d-ab60-256b17a463bc,FirstNumber=60,secondNumber=837}  added by thread pool-3-thread-6
 message  {Id=444a34a5-1df5-437d-ab60-256b17a463bc,FirstNumber=60,secondNumber=837}  written to file by thread pool-3-thread-1
 message  {Id=c61afad1-3ee4-4aca-9fca-82aad8cc025b,FirstNumber=725,secondNumber=290}  added by thread pool-3-thread-6
 message  {Id=c61afad1-3ee4-4aca-9fca-82aad8cc025b,FirstNumber=725,secondNumber=290}  written to file by thread pool-3-thread-5
 message  {Id=18c523c4-6920-4cb1-a202-836f0b1b2e4c,FirstNumber=319,secondNumber=721}  added by thread pool-3-thread-6
 message  {Id=18c523c4-6920-4cb1-a202-836f0b1b2e4c,FirstNumber=319,secondNumber=721}  written to file by thread pool-3-thread-5
 message  {Id=d17df835-5d94-4861-91e5-51ec26c91ced,FirstNumber=223,secondNumber=521}  added by thread pool-3-thread-6
 message  {Id=d17df835-5d94-4861-91e5-51ec26c91ced,FirstNumber=223,secondNumber=521}  written to file by thread pool-3-thread-5
 message  {Id=54edfe1d-ce26-440f-aca6-8ff38b2dcd05,FirstNumber=397,secondNumber=629}  added by thread pool-3-thread-6
 message  {Id=54edfe1d-ce26-440f-aca6-8ff38b2dcd05,FirstNumber=397,secondNumber=629}  written to file by thread pool-3-thread-3
 message  {Id=261eb36f-f50d-4d2e-99fb-75b5cc8da3cc,FirstNumber=663,secondNumber=1319}  added by thread pool-3-thread-6
 message  {Id=261eb36f-f50d-4d2e-99fb-75b5cc8da3cc,FirstNumber=663,secondNumber=1319}  written to file by thread pool-3-thread-1
 message  {Id=b207996f-7eaf-4305-bc34-f49834404bc3,FirstNumber=185,secondNumber=1609}  added by thread pool-3-thread-6
 message  {Id=b207996f-7eaf-4305-bc34-f49834404bc3,FirstNumber=185,secondNumber=1609}  written to file by thread pool-3-thread-1
 message  {Id=81ff0ed1-2b03-49bf-8057-7bdd55e48257,FirstNumber=1,secondNumber=1312}  added by thread pool-3-thread-6
 message  {Id=81ff0ed1-2b03-49bf-8057-7bdd55e48257,FirstNumber=1,secondNumber=1312}  written to file by thread pool-3-thread-2
 message  {Id=2da74e8e-c351-48c0-a862-d9b2686c5f5d,FirstNumber=910,secondNumber=433}  added by thread pool-3-thread-6
 message  {Id=2da74e8e-c351-48c0-a862-d9b2686c5f5d,FirstNumber=910,secondNumber=433}  written to file by thread pool-3-thread-5
 message  {Id=0e06767a-53f6-4b89-8adf-e0b31d23fb46,FirstNumber=627,secondNumber=107}  added by thread pool-3-thread-6
 message  {Id=4fd4ec78-5eb8-4203-8a46-38a6439f2518,FirstNumber=952,secondNumber=265}  added by thread pool-3-thread-6
 message  {Id=0e06767a-53f6-4b89-8adf-e0b31d23fb46,FirstNumber=627,secondNumber=107}  written to file by thread pool-3-thread-3
 message  {Id=4fd4ec78-5eb8-4203-8a46-38a6439f2518,FirstNumber=952,secondNumber=265}  written to file by thread pool-3-thread-4
 message  {Id=67323ae6-3317-4711-bd72-c6bfb5a0ccc1,FirstNumber=926,secondNumber=1370}  added by thread pool-3-thread-6
 message  {Id=67323ae6-3317-4711-bd72-c6bfb5a0ccc1,FirstNumber=926,secondNumber=1370}  written to file by thread pool-3-thread-1
 message  {Id=df06615a-4158-46cc-b473-3f6f607b8739,FirstNumber=300,secondNumber=1715}  added by thread pool-3-thread-6
 message  {Id=df06615a-4158-46cc-b473-3f6f607b8739,FirstNumber=300,secondNumber=1715}  written to file by thread pool-3-thread-1
 message  {Id=d63905c4-30e0-4627-baf7-a684317769b2,FirstNumber=694,secondNumber=304}  added by thread pool-3-thread-6
 message  {Id=d63905c4-30e0-4627-baf7-a684317769b2,FirstNumber=694,secondNumber=304}  written to file by thread pool-3-thread-1
 message  {Id=288c869a-d339-4a1d-8a54-0989832c78db,FirstNumber=467,secondNumber=40}  added by thread pool-3-thread-6
 message  {Id=288c869a-d339-4a1d-8a54-0989832c78db,FirstNumber=467,secondNumber=40}  written to file by thread pool-3-thread-3
 message  {Id=a9b5be1f-7aca-41a8-80d4-d497fb745ad1,FirstNumber=269,secondNumber=765}  added by thread pool-3-thread-6
 message  {Id=a9b5be1f-7aca-41a8-80d4-d497fb745ad1,FirstNumber=269,secondNumber=765}  written to file by thread pool-3-thread-4
 message  {Id=a3e78fab-a719-4c97-a492-af8c1ba78b4c,FirstNumber=482,secondNumber=533}  added by thread pool-3-thread-6
 message  {Id=a3e78fab-a719-4c97-a492-af8c1ba78b4c,FirstNumber=482,secondNumber=533}  written to file by thread pool-3-thread-2
 message  {Id=0223d8da-be15-47d9-aff6-7ef8cc8066d5,FirstNumber=922,secondNumber=1508}  added by thread pool-3-thread-6
 message  {Id=0223d8da-be15-47d9-aff6-7ef8cc8066d5,FirstNumber=922,secondNumber=1508}  written to file by thread pool-3-thread-2
 message  {Id=470aa6fa-271a-4a5f-b907-f9d92636b5c7,FirstNumber=999,secondNumber=1226}  added by thread pool-3-thread-6
 message  {Id=470aa6fa-271a-4a5f-b907-f9d92636b5c7,FirstNumber=999,secondNumber=1226}  written to file by thread pool-3-thread-1
 message  {Id=fd9e0952-ff48-4148-b21b-1172a56bad32,FirstNumber=761,secondNumber=1809}  added by thread pool-3-thread-6
 message  {Id=fd9e0952-ff48-4148-b21b-1172a56bad32,FirstNumber=761,secondNumber=1809}  written to file by thread pool-3-thread-1
 message  {Id=e787a2f0-afc3-47de-b97c-7f8741614e69,FirstNumber=740,secondNumber=620}  added by thread pool-3-thread-6
 message  {Id=e787a2f0-afc3-47de-b97c-7f8741614e69,FirstNumber=740,secondNumber=620}  written to file by thread pool-3-thread-4
 message  {Id=e681a31f-419a-41e2-9559-e435feae6df0,FirstNumber=80,secondNumber=1706}  added by thread pool-3-thread-6
 message  {Id=e681a31f-419a-41e2-9559-e435feae6df0,FirstNumber=80,secondNumber=1706}  written to file by thread pool-3-thread-5
 message  {Id=2bfcea06-74b0-4fb1-a31c-2476f4c5d7b5,FirstNumber=208,secondNumber=1626}  added by thread pool-3-thread-6
 message  {Id=2bfcea06-74b0-4fb1-a31c-2476f4c5d7b5,FirstNumber=208,secondNumber=1626}  written to file by thread pool-3-thread-5
 message  {Id=6bbebcec-19ea-4881-b551-bd82d84c1707,FirstNumber=370,secondNumber=25}  added by thread pool-3-thread-6
 message  {Id=db13a64b-a9de-4eea-8260-7e7fc2eb6d2d,FirstNumber=438,secondNumber=1837}  added by thread pool-3-thread-6
 message  {Id=6bbebcec-19ea-4881-b551-bd82d84c1707,FirstNumber=370,secondNumber=25}  written to file by thread pool-3-thread-3
 message  {Id=db13a64b-a9de-4eea-8260-7e7fc2eb6d2d,FirstNumber=438,secondNumber=1837}  written to file by thread pool-3-thread-1
 message  {Id=2cc94457-08f0-49cb-a693-dbc4efa275dd,FirstNumber=288,secondNumber=1976}  added by thread pool-3-thread-6
 message  {Id=2cc94457-08f0-49cb-a693-dbc4efa275dd,FirstNumber=288,secondNumber=1976}  written to file by thread pool-3-thread-4
 message  {Id=6bd2a758-7f4e-466a-b3cb-0fd35a558027,FirstNumber=102,secondNumber=1256}  added by thread pool-3-thread-6
 message  {Id=6bd2a758-7f4e-466a-b3cb-0fd35a558027,FirstNumber=102,secondNumber=1256}  written to file by thread pool-3-thread-2
 message  {Id=116cd40e-8cc8-49ca-bbc4-b25705cce92d,FirstNumber=585,secondNumber=807}  added by thread pool-3-thread-6
 message  {Id=116cd40e-8cc8-49ca-bbc4-b25705cce92d,FirstNumber=585,secondNumber=807}  written to file by thread pool-3-thread-2
 message  {Id=5973f317-f32c-4fa9-8f00-d591a648fcd5,FirstNumber=140,secondNumber=825}  added by thread pool-3-thread-6
 message  {Id=5973f317-f32c-4fa9-8f00-d591a648fcd5,FirstNumber=140,secondNumber=825}  written to file by thread pool-3-thread-3
 message  {Id=36219764-f70c-4554-a60b-0cd0a2f3bf52,FirstNumber=280,secondNumber=289}  added by thread pool-3-thread-6
 message  {Id=36219764-f70c-4554-a60b-0cd0a2f3bf52,FirstNumber=280,secondNumber=289}  written to file by thread pool-3-thread-1
 message  {Id=253d0dbb-d4b8-41b9-ab94-ac562d49dba7,FirstNumber=762,secondNumber=488}  added by thread pool-3-thread-6
 message  {Id=253d0dbb-d4b8-41b9-ab94-ac562d49dba7,FirstNumber=762,secondNumber=488}  written to file by thread pool-3-thread-4
 message  {Id=1c646083-2af7-4ebe-a3f5-7a539b71c456,FirstNumber=619,secondNumber=1898}  added by thread pool-3-thread-6
 message  {Id=1c646083-2af7-4ebe-a3f5-7a539b71c456,FirstNumber=619,secondNumber=1898}  written to file by thread pool-3-thread-5
 message  {Id=17bc4a21-0053-46d3-829f-9b8add857146,FirstNumber=147,secondNumber=574}  added by thread pool-3-thread-6
 message  {Id=17bc4a21-0053-46d3-829f-9b8add857146,FirstNumber=147,secondNumber=574}  written to file by thread pool-3-thread-2
 message  {Id=36ae44b9-c5dd-432b-a82a-fc5f7ef58196,FirstNumber=903,secondNumber=853}  added by thread pool-3-thread-6
 message  {Id=381511d0-61a7-4ed2-a663-79e89fcd3bf0,FirstNumber=879,secondNumber=770}  added by thread pool-3-thread-6
 message  {Id=36ae44b9-c5dd-432b-a82a-fc5f7ef58196,FirstNumber=903,secondNumber=853}  written to file by thread pool-3-thread-3
 message  {Id=381511d0-61a7-4ed2-a663-79e89fcd3bf0,FirstNumber=879,secondNumber=770}  written to file by thread pool-3-thread-1
 message  {Id=6b8ef656-7715-47bc-96f2-fb025a248e62,FirstNumber=522,secondNumber=1242}  added by thread pool-3-thread-6
 message  {Id=6b8ef656-7715-47bc-96f2-fb025a248e62,FirstNumber=522,secondNumber=1242}  written to file by thread pool-3-thread-4
 message  {Id=e5abe06b-fd7d-4485-8a6f-a1027ae143fe,FirstNumber=889,secondNumber=644}  added by thread pool-3-thread-6
 message  {Id=e5abe06b-fd7d-4485-8a6f-a1027ae143fe,FirstNumber=889,secondNumber=644}  written to file by thread pool-3-thread-5
 message  {Id=f09e958a-53f4-4a2a-9e90-54db99c7ad12,FirstNumber=483,secondNumber=347}  added by thread pool-3-thread-6
 message  {Id=f09e958a-53f4-4a2a-9e90-54db99c7ad12,FirstNumber=483,secondNumber=347}  written to file by thread pool-3-thread-2
 message  {Id=3b81ee6d-d6af-4930-8b4f-c64f18ce5b8e,FirstNumber=715,secondNumber=942}  added by thread pool-3-thread-6
 message  {Id=3b81ee6d-d6af-4930-8b4f-c64f18ce5b8e,FirstNumber=715,secondNumber=942}  written to file by thread pool-3-thread-3
 message  {Id=999bd1f4-ca81-4224-b871-e4a1ba95b60c,FirstNumber=293,secondNumber=901}  added by thread pool-3-thread-6
 message  {Id=999bd1f4-ca81-4224-b871-e4a1ba95b60c,FirstNumber=293,secondNumber=901}  written to file by thread pool-3-thread-1
 message  {Id=9281ca18-b5ad-4b1e-a03f-ed40b9dbb282,FirstNumber=722,secondNumber=1841}  added by thread pool-3-thread-6
 message  {Id=9281ca18-b5ad-4b1e-a03f-ed40b9dbb282,FirstNumber=722,secondNumber=1841}  written to file by thread pool-3-thread-4
 message  {Id=f4180d07-cb51-41dc-a387-efcc3aeff534,FirstNumber=804,secondNumber=821}  added by thread pool-3-thread-6
 message  {Id=f4180d07-cb51-41dc-a387-efcc3aeff534,FirstNumber=804,secondNumber=821}  written to file by thread pool-3-thread-5
 message  {Id=d7d81656-d364-49e1-9f8b-e3b8f8af19dd,FirstNumber=27,secondNumber=818}  added by thread pool-3-thread-6
 message  {Id=d7d81656-d364-49e1-9f8b-e3b8f8af19dd,FirstNumber=27,secondNumber=818}  written to file by thread pool-3-thread-2
 message  {Id=86cd351d-1c70-4526-bb77-71d354238bec,FirstNumber=121,secondNumber=990}  added by thread pool-3-thread-6
 message  {Id=83eb30a4-64ae-4de3-9e14-f7a7cdf2b84a,FirstNumber=626,secondNumber=1855}  added by thread pool-3-thread-6
 message  {Id=86cd351d-1c70-4526-bb77-71d354238bec,FirstNumber=121,secondNumber=990}  written to file by thread pool-3-thread-3
 message  {Id=83eb30a4-64ae-4de3-9e14-f7a7cdf2b84a,FirstNumber=626,secondNumber=1855}  written to file by thread pool-3-thread-1
 message  {Id=8c221122-5606-4ed6-b6fa-8009d45f2ec1,FirstNumber=207,secondNumber=476}  added by thread pool-3-thread-6
 message  {Id=8c221122-5606-4ed6-b6fa-8009d45f2ec1,FirstNumber=207,secondNumber=476}  written to file by thread pool-3-thread-4
 message  {Id=cf347b98-efaa-421f-8180-ee1fb4db8453,FirstNumber=59,secondNumber=23}  added by thread pool-3-thread-6
 message  {Id=cf347b98-efaa-421f-8180-ee1fb4db8453,FirstNumber=59,secondNumber=23}  written to file by thread pool-3-thread-5
 message  {Id=b5d07a81-f3f0-4f17-8911-e3038de8baad,FirstNumber=81,secondNumber=1317}  added by thread pool-3-thread-6
 message  {Id=b5d07a81-f3f0-4f17-8911-e3038de8baad,FirstNumber=81,secondNumber=1317}  written to file by thread pool-3-thread-2
 message  {Id=35d2fe1e-a325-4eb5-ad24-238a7f5d5133,FirstNumber=623,secondNumber=713}  added by thread pool-3-thread-6
 message  {Id=35d2fe1e-a325-4eb5-ad24-238a7f5d5133,FirstNumber=623,secondNumber=713}  written to file by thread pool-3-thread-3
 message  {Id=6015e35f-41cb-4db4-8a56-48aacd4fb170,FirstNumber=465,secondNumber=1087}  added by thread pool-3-thread-6
 message  {Id=6015e35f-41cb-4db4-8a56-48aacd4fb170,FirstNumber=465,secondNumber=1087}  written to file by thread pool-3-thread-1
 message  {Id=e06786c3-99d6-4385-82ff-dabffff51de7,FirstNumber=30,secondNumber=478}  added by thread pool-3-thread-6
 message  {Id=e06786c3-99d6-4385-82ff-dabffff51de7,FirstNumber=30,secondNumber=478}  written to file by thread pool-3-thread-1
 message  {Id=f5f53101-8a9a-4e0d-a2d7-6386263cb858,FirstNumber=565,secondNumber=1093}  added by thread pool-3-thread-6
 message  {Id=f5f53101-8a9a-4e0d-a2d7-6386263cb858,FirstNumber=565,secondNumber=1093}  written to file by thread pool-3-thread-5
 message  {Id=70f28c77-2e9c-489c-bc7a-9110e3695c7c,FirstNumber=526,secondNumber=163}  added by thread pool-3-thread-6
 message  {Id=70f28c77-2e9c-489c-bc7a-9110e3695c7c,FirstNumber=526,secondNumber=163}  written to file by thread pool-3-thread-5
 message  {Id=045fe0bb-8d9b-4682-91a1-9388a564d221,FirstNumber=783,secondNumber=467}  added by thread pool-3-thread-6
 message  {Id=045fe0bb-8d9b-4682-91a1-9388a564d221,FirstNumber=783,secondNumber=467}  written to file by thread pool-3-thread-3
 message  {Id=8bc91cfb-6464-43ad-b448-93bcc185c8e5,FirstNumber=892,secondNumber=1288}  added by thread pool-3-thread-6
 message  {Id=8bc91cfb-6464-43ad-b448-93bcc185c8e5,FirstNumber=892,secondNumber=1288}  written to file by thread pool-3-thread-4
 message  {Id=e5abb2de-600b-4808-b2ff-56bc45161f50,FirstNumber=201,secondNumber=1537}  added by thread pool-3-thread-6
 message  {Id=e5abb2de-600b-4808-b2ff-56bc45161f50,FirstNumber=201,secondNumber=1537}  written to file by thread pool-3-thread-1
 message  {Id=6b20f8c2-a8a0-4f0a-b83c-e548a9361e3a,FirstNumber=10,secondNumber=1723}  added by thread pool-3-thread-6
 message  {Id=6b20f8c2-a8a0-4f0a-b83c-e548a9361e3a,FirstNumber=10,secondNumber=1723}  written to file by thread pool-3-thread-2
 message  {Id=be7e7ece-4ff9-47ad-ba5b-44cfb3d1b918,FirstNumber=205,secondNumber=84}  added by thread pool-3-thread-6
 message  {Id=be7e7ece-4ff9-47ad-ba5b-44cfb3d1b918,FirstNumber=205,secondNumber=84}  written to file by thread pool-3-thread-2
 message  {Id=ae09bc48-94b2-4c69-a57a-287557e526c9,FirstNumber=513,secondNumber=851}  added by thread pool-3-thread-6
 message  {Id=ae09bc48-94b2-4c69-a57a-287557e526c9,FirstNumber=513,secondNumber=851}  written to file by thread pool-3-thread-3
 message  {Id=47966fde-2c9c-4552-a99a-d3707eb177b7,FirstNumber=881,secondNumber=258}  added by thread pool-3-thread-6
 message  {Id=47966fde-2c9c-4552-a99a-d3707eb177b7,FirstNumber=881,secondNumber=258}  written to file by thread pool-3-thread-4
 message  {Id=7ce05539-17e5-44f9-8464-b0188513a375,FirstNumber=418,secondNumber=589}  added by thread pool-3-thread-6
 message  {Id=7ce05539-17e5-44f9-8464-b0188513a375,FirstNumber=418,secondNumber=589}  written to file by thread pool-3-thread-4
 message  {Id=d77f2414-9f39-4fe3-a932-e075477f1c4d,FirstNumber=317,secondNumber=1007}  added by thread pool-3-thread-6
 message  {Id=d77f2414-9f39-4fe3-a932-e075477f1c4d,FirstNumber=317,secondNumber=1007}  written to file by thread pool-3-thread-5
 message  {Id=35524b62-4e06-4952-b817-97373ea46a70,FirstNumber=459,secondNumber=9}  added by thread pool-3-thread-6
 message  {Id=35524b62-4e06-4952-b817-97373ea46a70,FirstNumber=459,secondNumber=9}  written to file by thread pool-3-thread-5
 message  {Id=294619f3-a68d-4aeb-86f4-197f13910ad9,FirstNumber=556,secondNumber=1865}  added by thread pool-3-thread-6
 message  {Id=294619f3-a68d-4aeb-86f4-197f13910ad9,FirstNumber=556,secondNumber=1865}  written to file by thread pool-3-thread-3
 message  {Id=a7c24127-d7ef-4885-84d2-1bd66615c0ba,FirstNumber=811,secondNumber=871}  added by thread pool-3-thread-6
 message  {Id=a7c24127-d7ef-4885-84d2-1bd66615c0ba,FirstNumber=811,secondNumber=871}  written to file by thread pool-3-thread-1
 message  {Id=52a7b95e-1c8d-47a2-a9ba-9bc260f2b764,FirstNumber=104,secondNumber=1767}  added by thread pool-3-thread-6
 message  {Id=52a7b95e-1c8d-47a2-a9ba-9bc260f2b764,FirstNumber=104,secondNumber=1767}  written to file by thread pool-3-thread-4
 message  {Id=0f44d88b-b5f3-4b81-b769-0280050b0032,FirstNumber=789,secondNumber=1987}  added by thread pool-3-thread-6
 message  {Id=0f44d88b-b5f3-4b81-b769-0280050b0032,FirstNumber=789,secondNumber=1987}  written to file by thread pool-3-thread-2
 message  {Id=13d2b762-834a-40c1-bf5e-e226c1c49cc1,FirstNumber=821,secondNumber=335}  added by thread pool-3-thread-6
 message  {Id=13d2b762-834a-40c1-bf5e-e226c1c49cc1,FirstNumber=821,secondNumber=335}  written to file by thread pool-3-thread-2
 message  {Id=0196a098-c030-4eac-9bbc-0a0bdd9594d5,FirstNumber=577,secondNumber=1597}  added by thread pool-3-thread-6
 message  {Id=11f91078-ab68-4f80-b88c-cb132a27afc3,FirstNumber=270,secondNumber=583}  added by thread pool-3-thread-6
 message  {Id=11f91078-ab68-4f80-b88c-cb132a27afc3,FirstNumber=270,secondNumber=583}  written to file by thread pool-3-thread-1
 message  {Id=d6df5b45-8001-44d8-a39f-af1e6f66e0f7,FirstNumber=167,secondNumber=1175}  added by thread pool-3-thread-6
 message  {Id=d6df5b45-8001-44d8-a39f-af1e6f66e0f7,FirstNumber=167,secondNumber=1175}  written to file by thread pool-3-thread-1
 message  {Id=58f5782c-385e-4636-b8ea-106bc89a92e3,FirstNumber=729,secondNumber=1800}  added by thread pool-3-thread-6
 message  {Id=58f5782c-385e-4636-b8ea-106bc89a92e3,FirstNumber=729,secondNumber=1800}  written to file by thread pool-3-thread-5
 message  {Id=7fb0571d-fc75-4f55-a18d-58b188e05b8c,FirstNumber=483,secondNumber=4}  added by thread pool-3-thread-6
 message  {Id=7fb0571d-fc75-4f55-a18d-58b188e05b8c,FirstNumber=483,secondNumber=4}  written to file by thread pool-3-thread-5
 message  {Id=76c2a876-26ad-4ef2-9764-3bca6a9d3d5d,FirstNumber=456,secondNumber=321}  added by thread pool-3-thread-6
 message  {Id=76c2a876-26ad-4ef2-9764-3bca6a9d3d5d,FirstNumber=456,secondNumber=321}  written to file by thread pool-3-thread-4
 message  {Id=5b97a081-cb2e-4c4d-b82b-4c4a7d738f80,FirstNumber=914,secondNumber=624}  added by thread pool-3-thread-6
 message  {Id=5b97a081-cb2e-4c4d-b82b-4c4a7d738f80,FirstNumber=914,secondNumber=624}  written to file by thread pool-3-thread-4
 message  {Id=571eb7a2-4a69-464f-8082-4692798b49f0,FirstNumber=899,secondNumber=677}  added by thread pool-3-thread-6
 message  {Id=571eb7a2-4a69-464f-8082-4692798b49f0,FirstNumber=899,secondNumber=677}  written to file by thread pool-3-thread-2
 message  {Id=b35805b6-2852-4ed4-8d98-b3d60d280caa,FirstNumber=267,secondNumber=1681}  added by thread pool-3-thread-6
 message  {Id=b35805b6-2852-4ed4-8d98-b3d60d280caa,FirstNumber=267,secondNumber=1681}  written to file by thread pool-3-thread-2
 message  {Id=61efca67-a9c5-40de-818d-b503f7b0c59d,FirstNumber=117,secondNumber=1030}  added by thread pool-3-thread-6
 message  {Id=61efca67-a9c5-40de-818d-b503f7b0c59d,FirstNumber=117,secondNumber=1030}  written to file by thread pool-3-thread-1
 message  {Id=172eb6b8-6f38-4202-8c68-cfabe0ad12de,FirstNumber=741,secondNumber=366}  added by thread pool-3-thread-6
 message  {Id=172eb6b8-6f38-4202-8c68-cfabe0ad12de,FirstNumber=741,secondNumber=366}  written to file by thread pool-3-thread-1
 message  {Id=fa536b0a-388a-4c61-a899-2380b34e0632,FirstNumber=784,secondNumber=1838}  added by thread pool-3-thread-6
 message  {Id=fa536b0a-388a-4c61-a899-2380b34e0632,FirstNumber=784,secondNumber=1838}  written to file by thread pool-3-thread-5
 message  {Id=011c6ac6-b88d-4d88-a96c-dc855a964be4,FirstNumber=666,secondNumber=1820}  added by thread pool-3-thread-6
 message  {Id=011c6ac6-b88d-4d88-a96c-dc855a964be4,FirstNumber=666,secondNumber=1820}  written to file by thread pool-3-thread-2
 message  {Id=cba4bcec-bd58-49ac-933b-1654dfafc2fc,FirstNumber=582,secondNumber=1861}  added by thread pool-3-thread-6
 message  {Id=cba4bcec-bd58-49ac-933b-1654dfafc2fc,FirstNumber=582,secondNumber=1861}  written to file by thread pool-3-thread-4
 message  {Id=efc7a0df-cb6d-4c6e-9f19-fd6de382a96c,FirstNumber=499,secondNumber=1281}  added by thread pool-3-thread-6
 message  {Id=efc7a0df-cb6d-4c6e-9f19-fd6de382a96c,FirstNumber=499,secondNumber=1281}  written to file by thread pool-3-thread-4
 message  {Id=64a5a567-532a-412c-b45e-e4bef195c6c9,FirstNumber=923,secondNumber=1885}  added by thread pool-3-thread-6
 message  {Id=64a5a567-532a-412c-b45e-e4bef195c6c9,FirstNumber=923,secondNumber=1885}  written to file by thread pool-3-thread-5
 message  {Id=1982b323-4414-4a0c-afb9-10f246132338,FirstNumber=587,secondNumber=1020}  added by thread pool-3-thread-6
 message  {Id=1982b323-4414-4a0c-afb9-10f246132338,FirstNumber=587,secondNumber=1020}  written to file by thread pool-3-thread-5
 message  {Id=86897f4c-ddc5-486d-8cf9-6fcd708ecb4d,FirstNumber=528,secondNumber=1036}  added by thread pool-3-thread-6
 message  {Id=86897f4c-ddc5-486d-8cf9-6fcd708ecb4d,FirstNumber=528,secondNumber=1036}  written to file by thread pool-3-thread-1
 message  {Id=fbad6d6b-5212-4a1a-854c-5e259694cc1c,FirstNumber=407,secondNumber=717}  added by thread pool-3-thread-6
 message  {Id=fbad6d6b-5212-4a1a-854c-5e259694cc1c,FirstNumber=407,secondNumber=717}  written to file by thread pool-3-thread-1
 message  {Id=cd397f21-73bb-42b1-9724-608bbcedb634,FirstNumber=208,secondNumber=1525}  added by thread pool-3-thread-6
 message  {Id=cd397f21-73bb-42b1-9724-608bbcedb634,FirstNumber=208,secondNumber=1525}  written to file by thread pool-3-thread-2
 message  {Id=608e2830-21e6-4ce7-9d11-10c209e4aa0a,FirstNumber=500,secondNumber=1731}  added by thread pool-3-thread-6
 message  {Id=608e2830-21e6-4ce7-9d11-10c209e4aa0a,FirstNumber=500,secondNumber=1731}  written to file by thread pool-3-thread-2
 message  {Id=1ba74117-a4ff-46ca-8921-20148b151a27,FirstNumber=568,secondNumber=1627}  added by thread pool-3-thread-6
 message  {Id=1ba74117-a4ff-46ca-8921-20148b151a27,FirstNumber=568,secondNumber=1627}  written to file by thread pool-3-thread-4
 message  {Id=a1bb8e76-a3ca-497e-92bc-825396582603,FirstNumber=574,secondNumber=1529}  added by thread pool-3-thread-6
 message  {Id=a1bb8e76-a3ca-497e-92bc-825396582603,FirstNumber=574,secondNumber=1529}  written to file by thread pool-3-thread-4
 message  {Id=e122a32a-f255-4ba6-9cbd-0f678b25105c,FirstNumber=211,secondNumber=1909}  added by thread pool-3-thread-6
 message  {Id=e122a32a-f255-4ba6-9cbd-0f678b25105c,FirstNumber=211,secondNumber=1909}  written to file by thread pool-3-thread-5
 message  {Id=115f6c72-7dba-4ace-b91a-e012e3bf1a3f,FirstNumber=164,secondNumber=571}  added by thread pool-3-thread-6
 message  {Id=115f6c72-7dba-4ace-b91a-e012e3bf1a3f,FirstNumber=164,secondNumber=571}  written to file by thread pool-3-thread-5
 message  {Id=a4f96b1c-d829-416c-82d8-d0cca5a7cbaf,FirstNumber=764,secondNumber=191}  added by thread pool-3-thread-6
 message  {Id=a4f96b1c-d829-416c-82d8-d0cca5a7cbaf,FirstNumber=764,secondNumber=191}  written to file by thread pool-3-thread-1
 message  {Id=733c91b5-ea64-4338-bb21-ba8809b7d272,FirstNumber=39,secondNumber=722}  added by thread pool-3-thread-6
 message  {Id=733c91b5-ea64-4338-bb21-ba8809b7d272,FirstNumber=39,secondNumber=722}  written to file by thread pool-3-thread-4
 message  {Id=60a3a9ea-e12e-46fb-8cfe-3afe6de094c3,FirstNumber=957,secondNumber=458}  added by thread pool-3-thread-6
 message  {Id=60a3a9ea-e12e-46fb-8cfe-3afe6de094c3,FirstNumber=957,secondNumber=458}  written to file by thread pool-3-thread-4
 message  {Id=f1567676-ab74-49c6-be58-df5565bb9110,FirstNumber=956,secondNumber=672}  added by thread pool-3-thread-6
 message  {Id=f1567676-ab74-49c6-be58-df5565bb9110,FirstNumber=956,secondNumber=672}  written to file by thread pool-3-thread-5
 message  {Id=3361334f-1571-480a-89a2-df49dc74414d,FirstNumber=714,secondNumber=1892}  added by thread pool-3-thread-6
 message  {Id=3361334f-1571-480a-89a2-df49dc74414d,FirstNumber=714,secondNumber=1892}  written to file by thread pool-3-thread-1
 message  {Id=95b9b87b-8545-487c-9968-ab402f6a9514,FirstNumber=977,secondNumber=1501}  added by thread pool-3-thread-6
 message  {Id=95b9b87b-8545-487c-9968-ab402f6a9514,FirstNumber=977,secondNumber=1501}  written to file by thread pool-3-thread-2
 message  {Id=e699e1e5-e43d-433b-8f06-2da1eef1f70f,FirstNumber=362,secondNumber=395}  added by thread pool-3-thread-6
 message  {Id=e699e1e5-e43d-433b-8f06-2da1eef1f70f,FirstNumber=362,secondNumber=395}  written to file by thread pool-3-thread-2
 message  {Id=6d4577f7-c58b-49a4-ade1-a1e9d6f08eaf,FirstNumber=990,secondNumber=776}  added by thread pool-3-thread-6
 message  {Id=6d4577f7-c58b-49a4-ade1-a1e9d6f08eaf,FirstNumber=990,secondNumber=776}  written to file by thread pool-3-thread-5
 message  {Id=f9b68731-402b-4113-b3be-a38499fb7a18,FirstNumber=292,secondNumber=1303}  added by thread pool-3-thread-6
 message  {Id=f9b68731-402b-4113-b3be-a38499fb7a18,FirstNumber=292,secondNumber=1303}  written to file by thread pool-3-thread-5
 message  {Id=813ec50d-6032-4df9-a33d-5d9f4170f326,FirstNumber=671,secondNumber=1875}  added by thread pool-3-thread-6
 message  {Id=813ec50d-6032-4df9-a33d-5d9f4170f326,FirstNumber=671,secondNumber=1875}  written to file by thread pool-3-thread-4
 message  {Id=bad24376-821d-4a51-be5c-554c057be617,FirstNumber=78,secondNumber=540}  added by thread pool-3-thread-6
 message  {Id=bad24376-821d-4a51-be5c-554c057be617,FirstNumber=78,secondNumber=540}  written to file by thread pool-3-thread-4
 message  {Id=34373e84-c1a0-48bb-9f0f-4ed588b1e3b3,FirstNumber=405,secondNumber=469}  added by thread pool-3-thread-6
 message  {Id=34373e84-c1a0-48bb-9f0f-4ed588b1e3b3,FirstNumber=405,secondNumber=469}  written to file by thread pool-3-thread-1
 message  {Id=4bd33cde-7523-4120-9e5d-9da52e1beca6,FirstNumber=570,secondNumber=1979}  added by thread pool-3-thread-6
 message  {Id=4bd33cde-7523-4120-9e5d-9da52e1beca6,FirstNumber=570,secondNumber=1979}  written to file by thread pool-3-thread-5
 message  {Id=e51956ec-3e0b-4009-98a4-27b2925a3008,FirstNumber=582,secondNumber=416}  added by thread pool-3-thread-6
 message  {Id=e51956ec-3e0b-4009-98a4-27b2925a3008,FirstNumber=582,secondNumber=416}  written to file by thread pool-3-thread-2
 message  {Id=9d186f07-b32b-4a94-8efd-0ddc207b9459,FirstNumber=114,secondNumber=1893}  added by thread pool-3-thread-6
 message  {Id=0196a098-c030-4eac-9bbc-0a0bdd9594d5,FirstNumber=577,secondNumber=1597}  written to file by thread pool-3-thread-3
 message  {Id=9d186f07-b32b-4a94-8efd-0ddc207b9459,FirstNumber=114,secondNumber=1893}  written to file by thread pool-3-thread-2
 message  {Id=fb2b8486-dc60-4a5c-a69e-abd4f69bc87e,FirstNumber=538,secondNumber=140}  added by thread pool-3-thread-6
 message  {Id=fb2b8486-dc60-4a5c-a69e-abd4f69bc87e,FirstNumber=538,secondNumber=140}  written to file by thread pool-3-thread-1
 message  {Id=8985f62d-b971-4654-bfb0-7e7554bcef58,FirstNumber=986,secondNumber=724}  added by thread pool-3-thread-6
 message  {Id=8985f62d-b971-4654-bfb0-7e7554bcef58,FirstNumber=986,secondNumber=724}  written to file by thread pool-3-thread-5
 message  {Id=e43455bb-7239-4b2a-9010-bfeabfa52122,FirstNumber=731,secondNumber=1832}  added by thread pool-3-thread-6
 message  {Id=e43455bb-7239-4b2a-9010-bfeabfa52122,FirstNumber=731,secondNumber=1832}  written to file by thread pool-3-thread-4
 message  {Id=3968eb29-4bf8-4038-ab51-96c528a4f5db,FirstNumber=347,secondNumber=1543}  added by thread pool-3-thread-6
 message  {Id=ed62fb7e-4d38-4354-8d01-f99614e49daf,FirstNumber=73,secondNumber=609}  added by thread pool-3-thread-6
 message  {Id=3968eb29-4bf8-4038-ab51-96c528a4f5db,FirstNumber=347,secondNumber=1543}  written to file by thread pool-3-thread-3
 message  {Id=ed62fb7e-4d38-4354-8d01-f99614e49daf,FirstNumber=73,secondNumber=609}  written to file by thread pool-3-thread-2
 message  {Id=a88158bc-87fb-4809-a34f-473daf80dcc7,FirstNumber=427,secondNumber=743}  added by thread pool-3-thread-6
 message  {Id=a88158bc-87fb-4809-a34f-473daf80dcc7,FirstNumber=427,secondNumber=743}  written to file by thread pool-3-thread-1
 message  {Id=0cc8bcf8-d158-4457-b262-28268e54f80e,FirstNumber=9,secondNumber=277}  added by thread pool-3-thread-6
 message  {Id=0cc8bcf8-d158-4457-b262-28268e54f80e,FirstNumber=9,secondNumber=277}  written to file by thread pool-3-thread-1
 message  {Id=690b41b9-31a6-43b1-a425-e4d510352484,FirstNumber=838,secondNumber=172}  added by thread pool-3-thread-6
 message  {Id=690b41b9-31a6-43b1-a425-e4d510352484,FirstNumber=838,secondNumber=172}  written to file by thread pool-3-thread-4
 message  {Id=900862b7-01c4-40cc-9cf6-e5f405de288f,FirstNumber=117,secondNumber=1450}  added by thread pool-3-thread-6
 message  {Id=900862b7-01c4-40cc-9cf6-e5f405de288f,FirstNumber=117,secondNumber=1450}  written to file by thread pool-3-thread-4
 message  {Id=25e57dce-b809-4043-a965-e2241054b353,FirstNumber=10,secondNumber=1264}  added by thread pool-3-thread-6
 message  {Id=25e57dce-b809-4043-a965-e2241054b353,FirstNumber=10,secondNumber=1264}  written to file by thread pool-3-thread-4
 message  {Id=b7803e71-f06e-415c-b16a-1a38dfac7e8e,FirstNumber=125,secondNumber=502}  added by thread pool-3-thread-6
 message  {Id=b7803e71-f06e-415c-b16a-1a38dfac7e8e,FirstNumber=125,secondNumber=502}  written to file by thread pool-3-thread-5
 message  {Id=bd024047-96cc-48a8-af29-60bb8580e93c,FirstNumber=987,secondNumber=1364}  added by thread pool-3-thread-6
 message  {Id=bd024047-96cc-48a8-af29-60bb8580e93c,FirstNumber=987,secondNumber=1364}  written to file by thread pool-3-thread-1
 message  {Id=3fc841c6-56df-43aa-b1e7-cb0b8f42432f,FirstNumber=681,secondNumber=1611}  added by thread pool-3-thread-6
 message  {Id=3fc841c6-56df-43aa-b1e7-cb0b8f42432f,FirstNumber=681,secondNumber=1611}  written to file by thread pool-3-thread-3
 message  {Id=e404c43f-5cce-49c3-8cd0-6fb8bee1f68d,FirstNumber=234,secondNumber=1507}  added by thread pool-3-thread-6
 message  {Id=e404c43f-5cce-49c3-8cd0-6fb8bee1f68d,FirstNumber=234,secondNumber=1507}  written to file by thread pool-3-thread-2
 message  {Id=e0da21a3-feca-49d7-85e8-fabcf0d4af61,FirstNumber=277,secondNumber=50}  added by thread pool-3-thread-6
 message  {Id=e0da21a3-feca-49d7-85e8-fabcf0d4af61,FirstNumber=277,secondNumber=50}  written to file by thread pool-3-thread-2
 message  {Id=ec07fd42-2a36-4ef4-89d9-8c8716ddf1fb,FirstNumber=769,secondNumber=899}  added by thread pool-3-thread-6
 message  {Id=ec07fd42-2a36-4ef4-89d9-8c8716ddf1fb,FirstNumber=769,secondNumber=899}  written to file by thread pool-3-thread-5
 message  {Id=a6393816-fadb-44bd-90aa-a2bc1c111b5d,FirstNumber=482,secondNumber=1752}  added by thread pool-3-thread-6
 message  {Id=a6393816-fadb-44bd-90aa-a2bc1c111b5d,FirstNumber=482,secondNumber=1752}  written to file by thread pool-3-thread-1
 message  {Id=6384f633-6bf2-41d2-9c33-77b30d3ebbb9,FirstNumber=744,secondNumber=121}  added by thread pool-3-thread-6
 message  {Id=6384f633-6bf2-41d2-9c33-77b30d3ebbb9,FirstNumber=744,secondNumber=121}  written to file by thread pool-3-thread-3
 message  {Id=6e8f71e9-594d-43d8-be2e-1d50934fddae,FirstNumber=986,secondNumber=736}  added by thread pool-3-thread-6
 message  {Id=6e8f71e9-594d-43d8-be2e-1d50934fddae,FirstNumber=986,secondNumber=736}  written to file by thread pool-3-thread-4
 message  {Id=6e505278-46fd-4f66-8a56-7613b64a148b,FirstNumber=604,secondNumber=256}  added by thread pool-3-thread-6
 message  {Id=6e505278-46fd-4f66-8a56-7613b64a148b,FirstNumber=604,secondNumber=256}  written to file by thread pool-3-thread-2
 message  {Id=7c5105e9-2b8a-4035-8e43-ceea53ff9583,FirstNumber=523,secondNumber=229}  added by thread pool-3-thread-6
 message  {Id=7c5105e9-2b8a-4035-8e43-ceea53ff9583,FirstNumber=523,secondNumber=229}  written to file by thread pool-3-thread-5
 message  {Id=9a8e3432-5966-46c8-9f1e-956453d31cd1,FirstNumber=956,secondNumber=1370}  added by thread pool-3-thread-6
 message  {Id=9a8e3432-5966-46c8-9f1e-956453d31cd1,FirstNumber=956,secondNumber=1370}  written to file by thread pool-3-thread-5
 message  {Id=807663f8-b221-4842-a789-201b628a1d56,FirstNumber=875,secondNumber=1249}  added by thread pool-3-thread-6
 message  {Id=807663f8-b221-4842-a789-201b628a1d56,FirstNumber=875,secondNumber=1249}  written to file by thread pool-3-thread-5
 message  {Id=663802f2-1a21-4de7-ab0d-7ffda8cdab14,FirstNumber=630,secondNumber=1972}  added by thread pool-3-thread-6
 message  {Id=663802f2-1a21-4de7-ab0d-7ffda8cdab14,FirstNumber=630,secondNumber=1972}  written to file by thread pool-3-thread-4
 message  {Id=ad7ca4be-b365-428f-9c51-ab64c514a495,FirstNumber=878,secondNumber=621}  added by thread pool-3-thread-6
 message  {Id=ad7ca4be-b365-428f-9c51-ab64c514a495,FirstNumber=878,secondNumber=621}  written to file by thread pool-3-thread-2
 message  {Id=5c5ee969-fdd9-406e-8c22-2cc7d67c1717,FirstNumber=2,secondNumber=115}  added by thread pool-3-thread-6
 message  {Id=5c5ee969-fdd9-406e-8c22-2cc7d67c1717,FirstNumber=2,secondNumber=115}  written to file by thread pool-3-thread-2
 message  {Id=39dacf72-c911-4bd9-9e7f-0fb20d06ac75,FirstNumber=590,secondNumber=665}  added by thread pool-3-thread-6
 message  {Id=39dacf72-c911-4bd9-9e7f-0fb20d06ac75,FirstNumber=590,secondNumber=665}  written to file by thread pool-3-thread-2
 message  {Id=0d059261-6dd9-4a50-801d-14e09857f0a3,FirstNumber=607,secondNumber=1526}  added by thread pool-3-thread-6
 message  {Id=0d059261-6dd9-4a50-801d-14e09857f0a3,FirstNumber=607,secondNumber=1526}  written to file by thread pool-3-thread-5
 message  {Id=ec77b47e-eadb-48dd-b888-21dac8bff0f0,FirstNumber=423,secondNumber=1219}  added by thread pool-3-thread-6
 message  {Id=ec77b47e-eadb-48dd-b888-21dac8bff0f0,FirstNumber=423,secondNumber=1219}  written to file by thread pool-3-thread-4
 message  {Id=15c727b3-57f1-4247-b0b5-9aaf454c3521,FirstNumber=187,secondNumber=792}  added by thread pool-3-thread-6
 message  {Id=15c727b3-57f1-4247-b0b5-9aaf454c3521,FirstNumber=187,secondNumber=792}  written to file by thread pool-3-thread-1
 message  {Id=40bc6fe0-577e-4057-bee8-65084ecd2358,FirstNumber=359,secondNumber=742}  added by thread pool-3-thread-6
 message  {Id=40bc6fe0-577e-4057-bee8-65084ecd2358,FirstNumber=359,secondNumber=742}  written to file by thread pool-3-thread-1
 message  {Id=59032824-0c0e-4b85-b5ee-3a203942e631,FirstNumber=489,secondNumber=577}  added by thread pool-3-thread-6
 message  {Id=59032824-0c0e-4b85-b5ee-3a203942e631,FirstNumber=489,secondNumber=577}  written to file by thread pool-3-thread-2
 message  {Id=d35f369f-871b-482d-84cc-dfb6da87ade3,FirstNumber=762,secondNumber=704}  added by thread pool-3-thread-6
 message  {Id=d35f369f-871b-482d-84cc-dfb6da87ade3,FirstNumber=762,secondNumber=704}  written to file by thread pool-3-thread-2
 message  {Id=adaadeb7-811b-44e6-906d-1186c421eb26,FirstNumber=443,secondNumber=853}  added by thread pool-3-thread-6
 message  {Id=adaadeb7-811b-44e6-906d-1186c421eb26,FirstNumber=443,secondNumber=853}  written to file by thread pool-3-thread-4
 message  {Id=809c031f-0744-4d8e-bd87-6b56821aef43,FirstNumber=397,secondNumber=500}  added by thread pool-3-thread-6
 message  {Id=809c031f-0744-4d8e-bd87-6b56821aef43,FirstNumber=397,secondNumber=500}  written to file by thread pool-3-thread-4
 message  {Id=505174aa-5658-455d-bbcf-184a92c13d60,FirstNumber=905,secondNumber=1368}  added by thread pool-3-thread-6
 message  {Id=505174aa-5658-455d-bbcf-184a92c13d60,FirstNumber=905,secondNumber=1368}  written to file by thread pool-3-thread-1
 message  {Id=6eebad99-7dba-4177-a6ad-c7918f98d0a7,FirstNumber=473,secondNumber=1042}  added by thread pool-3-thread-6
 message  {Id=6eebad99-7dba-4177-a6ad-c7918f98d0a7,FirstNumber=473,secondNumber=1042}  written to file by thread pool-3-thread-1
 message  {Id=ea49e410-9961-4b76-a01f-07804ddeeebb,FirstNumber=472,secondNumber=1269}  added by thread pool-3-thread-6
 message  {Id=ea49e410-9961-4b76-a01f-07804ddeeebb,FirstNumber=472,secondNumber=1269}  written to file by thread pool-3-thread-2
 message  {Id=4afe1c44-0500-4402-a992-13fb0c7f620a,FirstNumber=68,secondNumber=1932}  added by thread pool-3-thread-6
 message  {Id=4afe1c44-0500-4402-a992-13fb0c7f620a,FirstNumber=68,secondNumber=1932}  written to file by thread pool-3-thread-3
 message  {Id=4f0cdefa-e0a3-475d-a763-94a273547c42,FirstNumber=687,secondNumber=882}  added by thread pool-3-thread-6
 message  {Id=4f0cdefa-e0a3-475d-a763-94a273547c42,FirstNumber=687,secondNumber=882}  written to file by thread pool-3-thread-4
 message  {Id=01f10fcf-cb72-420c-8f67-56bff8bad655,FirstNumber=333,secondNumber=1050}  written to file by thread pool-3-thread-4
 message  {Id=01f10fcf-cb72-420c-8f67-56bff8bad655,FirstNumber=333,secondNumber=1050}  added by thread pool-3-thread-6
 message  {Id=1d74fdc4-3189-482c-ab80-2918758cfe01,FirstNumber=800,secondNumber=919}  added by thread pool-3-thread-6
 message  {Id=1d74fdc4-3189-482c-ab80-2918758cfe01,FirstNumber=800,secondNumber=919}  written to file by thread pool-3-thread-1
 message  {Id=d78392e3-7af1-4cde-96d3-293788702e13,FirstNumber=435,secondNumber=670}  added by thread pool-3-thread-6
 message  {Id=d78392e3-7af1-4cde-96d3-293788702e13,FirstNumber=435,secondNumber=670}  written to file by thread pool-3-thread-2
 message  {Id=2453c5d1-7ad8-4357-bda6-1210a3c400e1,FirstNumber=832,secondNumber=1306}  added by thread pool-3-thread-6
 message  {Id=ea8422c6-56bd-435f-8946-a8c6a2963d3b,FirstNumber=309,secondNumber=1397}  added by thread pool-3-thread-6
 message  {Id=2453c5d1-7ad8-4357-bda6-1210a3c400e1,FirstNumber=832,secondNumber=1306}  written to file by thread pool-3-thread-3
 message  {Id=ea8422c6-56bd-435f-8946-a8c6a2963d3b,FirstNumber=309,secondNumber=1397}  written to file by thread pool-3-thread-5
 message  {Id=1ecacffd-19cf-4173-93eb-217624d24ddc,FirstNumber=77,secondNumber=1854}  added by thread pool-3-thread-6
 message  {Id=1ecacffd-19cf-4173-93eb-217624d24ddc,FirstNumber=77,secondNumber=1854}  written to file by thread pool-3-thread-4
 message  {Id=ffb399bd-b2e4-4f09-8a3c-0f463de7438b,FirstNumber=326,secondNumber=703}  added by thread pool-3-thread-6
 message  {Id=ffb399bd-b2e4-4f09-8a3c-0f463de7438b,FirstNumber=326,secondNumber=703}  written to file by thread pool-3-thread-4
 message  {Id=6af4602d-b3ee-40f8-b781-53019c869934,FirstNumber=85,secondNumber=479}  added by thread pool-3-thread-6
 message  {Id=6af4602d-b3ee-40f8-b781-53019c869934,FirstNumber=85,secondNumber=479}  written to file by thread pool-3-thread-2
 message  {Id=1846eb06-df47-4e23-b44d-0c00ade03da1,FirstNumber=849,secondNumber=386}  added by thread pool-3-thread-6
 message  {Id=6c2cb5c2-b08b-400a-b6c4-976f565a9cd6,FirstNumber=853,secondNumber=318}  added by thread pool-3-thread-6
 message  {Id=1846eb06-df47-4e23-b44d-0c00ade03da1,FirstNumber=849,secondNumber=386}  written to file by thread pool-3-thread-3
 message  {Id=6c2cb5c2-b08b-400a-b6c4-976f565a9cd6,FirstNumber=853,secondNumber=318}  written to file by thread pool-3-thread-5
 message  {Id=2bc2ff18-4ee8-48f1-9f2d-61172420af83,FirstNumber=528,secondNumber=1610}  added by thread pool-3-thread-6
 message  {Id=2bc2ff18-4ee8-48f1-9f2d-61172420af83,FirstNumber=528,secondNumber=1610}  written to file by thread pool-3-thread-1
 message  {Id=55b78959-74ab-4527-be98-9f9dfdcdc898,FirstNumber=875,secondNumber=1388}  added by thread pool-3-thread-6
 message  {Id=55b78959-74ab-4527-be98-9f9dfdcdc898,FirstNumber=875,secondNumber=1388}  written to file by thread pool-3-thread-4
 message  {Id=a2d5fe10-10a7-434b-bc87-e7250379dd19,FirstNumber=453,secondNumber=1681}  added by thread pool-3-thread-6
 message  {Id=a2d5fe10-10a7-434b-bc87-e7250379dd19,FirstNumber=453,secondNumber=1681}  written to file by thread pool-3-thread-2
 message  {Id=d06399db-928a-4211-82fa-e22e544896e7,FirstNumber=788,secondNumber=44}  added by thread pool-3-thread-6
 message  {Id=1804b023-b807-482b-b116-38e3f6343b4e,FirstNumber=333,secondNumber=1108}  added by thread pool-3-thread-6
 message  {Id=d06399db-928a-4211-82fa-e22e544896e7,FirstNumber=788,secondNumber=44}  written to file by thread pool-3-thread-3
 message  {Id=1804b023-b807-482b-b116-38e3f6343b4e,FirstNumber=333,secondNumber=1108}  written to file by thread pool-3-thread-5
 message  {Id=b2ea4f0d-8f87-4ccd-bbd9-642b009e39df,FirstNumber=1,secondNumber=1861}  added by thread pool-3-thread-6
 message  {Id=b2ea4f0d-8f87-4ccd-bbd9-642b009e39df,FirstNumber=1,secondNumber=1861}  written to file by thread pool-3-thread-1
 message  {Id=a9ac4b21-c69b-4e20-ba4c-4ddb9a7cc174,FirstNumber=325,secondNumber=1209}  added by thread pool-3-thread-6
 message  {Id=a9ac4b21-c69b-4e20-ba4c-4ddb9a7cc174,FirstNumber=325,secondNumber=1209}  written to file by thread pool-3-thread-1
 message  {Id=b2424740-605b-416a-b7cb-1625d4b85b3a,FirstNumber=844,secondNumber=1773}  added by thread pool-3-thread-6
 message  {Id=b2424740-605b-416a-b7cb-1625d4b85b3a,FirstNumber=844,secondNumber=1773}  written to file by thread pool-3-thread-2
 message  {Id=83c9f15a-0fa9-4069-bbbf-10cc58ebd996,FirstNumber=895,secondNumber=1646}  added by thread pool-3-thread-6
 message  {Id=63d28f8a-5836-48a3-a567-d3061ae08e4e,FirstNumber=472,secondNumber=82}  added by thread pool-3-thread-6
 message  {Id=63d28f8a-5836-48a3-a567-d3061ae08e4e,FirstNumber=472,secondNumber=82}  written to file by thread pool-3-thread-5
 message  {Id=83c9f15a-0fa9-4069-bbbf-10cc58ebd996,FirstNumber=895,secondNumber=1646}  written to file by thread pool-3-thread-3
 message  {Id=f5ed72b9-7ee7-4fa0-8efa-472bae8ce44d,FirstNumber=542,secondNumber=859}  added by thread pool-3-thread-6
 message  {Id=f5ed72b9-7ee7-4fa0-8efa-472bae8ce44d,FirstNumber=542,secondNumber=859}  written to file by thread pool-3-thread-5
 message  {Id=16e48f3a-7949-4877-936f-ee0e6f416420,FirstNumber=307,secondNumber=758}  added by thread pool-3-thread-6
 message  {Id=16e48f3a-7949-4877-936f-ee0e6f416420,FirstNumber=307,secondNumber=758}  written to file by thread pool-3-thread-1
 message  {Id=0371561e-9ec3-4ba6-b264-c6870e77bf71,FirstNumber=640,secondNumber=1515}  added by thread pool-3-thread-6
 message  {Id=0371561e-9ec3-4ba6-b264-c6870e77bf71,FirstNumber=640,secondNumber=1515}  written to file by thread pool-3-thread-2
 message  {Id=cfedd8d1-464b-4854-a1b2-289a0fa41ffd,FirstNumber=266,secondNumber=866}  added by thread pool-3-thread-6
 message  {Id=cfedd8d1-464b-4854-a1b2-289a0fa41ffd,FirstNumber=266,secondNumber=866}  written to file by thread pool-3-thread-2
 message  {Id=96fe0b44-a9b0-4540-b6f8-dd8b30d3c919,FirstNumber=670,secondNumber=202}  added by thread pool-3-thread-6
 message  {Id=96fe0b44-a9b0-4540-b6f8-dd8b30d3c919,FirstNumber=670,secondNumber=202}  written to file by thread pool-3-thread-2
 message  {Id=c5b9c8d9-7fec-4126-9923-811bddebcc4d,FirstNumber=551,secondNumber=186}  added by thread pool-3-thread-6
 message  {Id=c5b9c8d9-7fec-4126-9923-811bddebcc4d,FirstNumber=551,secondNumber=186}  written to file by thread pool-3-thread-5
 message  {Id=5cb4c52f-9e39-4be0-bd77-19908960986d,FirstNumber=544,secondNumber=634}  added by thread pool-3-thread-6
 message  {Id=5cb4c52f-9e39-4be0-bd77-19908960986d,FirstNumber=544,secondNumber=634}  written to file by thread pool-3-thread-1
 message  {Id=db67552c-7715-4976-97a6-676c01b8b01e,FirstNumber=402,secondNumber=1629}  added by thread pool-3-thread-6
 message  {Id=db67552c-7715-4976-97a6-676c01b8b01e,FirstNumber=402,secondNumber=1629}  written to file by thread pool-3-thread-4
 message  {Id=251ae193-84a3-4060-bd5d-c3aad3e4a7a1,FirstNumber=14,secondNumber=1645}  added by thread pool-3-thread-6
 message  {Id=251ae193-84a3-4060-bd5d-c3aad3e4a7a1,FirstNumber=14,secondNumber=1645}  written to file by thread pool-3-thread-4
 message  {Id=35e3d337-a29f-4eae-8e77-a1da37f98636,FirstNumber=334,secondNumber=1456}  added by thread pool-3-thread-6
 message  {Id=35e3d337-a29f-4eae-8e77-a1da37f98636,FirstNumber=334,secondNumber=1456}  written to file by thread pool-3-thread-4
 message  {Id=11d2811b-bc06-4324-8c04-8fa459e44e83,FirstNumber=735,secondNumber=1634}  added by thread pool-3-thread-6
 message  {Id=11d2811b-bc06-4324-8c04-8fa459e44e83,FirstNumber=735,secondNumber=1634}  written to file by thread pool-3-thread-5
 message  {Id=5a5d94db-d7e9-4a64-8781-8ae9d2cf1453,FirstNumber=56,secondNumber=612}  added by thread pool-3-thread-6
 message  {Id=5a5d94db-d7e9-4a64-8781-8ae9d2cf1453,FirstNumber=56,secondNumber=612}  written to file by thread pool-3-thread-1
 message  {Id=b92a9546-3be1-4767-b2b7-738b4d28db4e,FirstNumber=193,secondNumber=257}  added by thread pool-3-thread-6
 message  {Id=b92a9546-3be1-4767-b2b7-738b4d28db4e,FirstNumber=193,secondNumber=257}  written to file by thread pool-3-thread-3
 message  {Id=e85f82a5-7136-4b83-81f0-e7b100965f8e,FirstNumber=292,secondNumber=1347}  added by thread pool-3-thread-6
 message  {Id=e85f82a5-7136-4b83-81f0-e7b100965f8e,FirstNumber=292,secondNumber=1347}  written to file by thread pool-3-thread-2
 message  {Id=2234e122-bcba-4c62-ad44-0dd9636b5237,FirstNumber=585,secondNumber=1891}  added by thread pool-3-thread-6
 message  {Id=2234e122-bcba-4c62-ad44-0dd9636b5237,FirstNumber=585,secondNumber=1891}  written to file by thread pool-3-thread-4
 message  {Id=b7efc7c1-eda5-48a0-aa9f-f390ed80d4c5,FirstNumber=475,secondNumber=461}  added by thread pool-3-thread-6
 message  {Id=b7efc7c1-eda5-48a0-aa9f-f390ed80d4c5,FirstNumber=475,secondNumber=461}  written to file by thread pool-3-thread-5
 message  {Id=1a7261b4-09b8-4c1b-ba45-e6a2f125082f,FirstNumber=435,secondNumber=1810}  added by thread pool-3-thread-6
 message  {Id=1a7261b4-09b8-4c1b-ba45-e6a2f125082f,FirstNumber=435,secondNumber=1810}  written to file by thread pool-3-thread-5
 message  {Id=1e60baf4-0264-4282-a910-ac93092975fc,FirstNumber=280,secondNumber=1317}  added by thread pool-3-thread-6
 message  {Id=1e60baf4-0264-4282-a910-ac93092975fc,FirstNumber=280,secondNumber=1317}  written to file by thread pool-3-thread-3
 message  {Id=f80245a3-8e92-4f91-b934-5b7a342d496a,FirstNumber=316,secondNumber=1650}  added by thread pool-3-thread-6
 message  {Id=f80245a3-8e92-4f91-b934-5b7a342d496a,FirstNumber=316,secondNumber=1650}  written to file by thread pool-3-thread-2
 message  {Id=8a28a383-0254-493c-b9cb-2ee9c960f9b9,FirstNumber=957,secondNumber=1291}  added by thread pool-3-thread-6
 message  {Id=8a28a383-0254-493c-b9cb-2ee9c960f9b9,FirstNumber=957,secondNumber=1291}  written to file by thread pool-3-thread-4
 message  {Id=9dd7bdd8-98a6-435d-9e77-0c6ee8a486b2,FirstNumber=402,secondNumber=98}  added by thread pool-3-thread-6
 message  {Id=9dd7bdd8-98a6-435d-9e77-0c6ee8a486b2,FirstNumber=402,secondNumber=98}  written to file by thread pool-3-thread-1
 message  {Id=02db46d1-6eda-47e5-a1e7-b60b37166d93,FirstNumber=900,secondNumber=627}  added by thread pool-3-thread-6
 message  {Id=02db46d1-6eda-47e5-a1e7-b60b37166d93,FirstNumber=900,secondNumber=627}  written to file by thread pool-3-thread-5
 message  {Id=cbeba2af-7cb5-4748-865b-8a343dc2bac1,FirstNumber=486,secondNumber=1205}  added by thread pool-3-thread-6
 message  {Id=cbeba2af-7cb5-4748-865b-8a343dc2bac1,FirstNumber=486,secondNumber=1205}  written to file by thread pool-3-thread-3
 message  {Id=e2de71dc-fbe3-4015-9710-5574b2551b4f,FirstNumber=926,secondNumber=1979}  added by thread pool-3-thread-6
 message  {Id=e2de71dc-fbe3-4015-9710-5574b2551b4f,FirstNumber=926,secondNumber=1979}  written to file by thread pool-3-thread-2
 message  {Id=5f983dd9-bedc-4192-bb87-d37a5e298e71,FirstNumber=996,secondNumber=1358}  added by thread pool-3-thread-6
 message  {Id=5f983dd9-bedc-4192-bb87-d37a5e298e71,FirstNumber=996,secondNumber=1358}  written to file by thread pool-3-thread-2
 message  {Id=a7eae663-566b-4a84-a007-5da92c8590df,FirstNumber=813,secondNumber=372}  added by thread pool-3-thread-6
 message  {Id=a7eae663-566b-4a84-a007-5da92c8590df,FirstNumber=813,secondNumber=372}  written to file by thread pool-3-thread-1
 message  {Id=02eada33-cf3f-47f6-b8d8-1050159cac2c,FirstNumber=293,secondNumber=483}  added by thread pool-3-thread-6
 message  {Id=02eada33-cf3f-47f6-b8d8-1050159cac2c,FirstNumber=293,secondNumber=483}  written to file by thread pool-3-thread-5
 message  {Id=dcd3a586-722c-4e94-8e2e-cca20fd057c7,FirstNumber=588,secondNumber=98}  added by thread pool-3-thread-6
 message  {Id=dcd3a586-722c-4e94-8e2e-cca20fd057c7,FirstNumber=588,secondNumber=98}  written to file by thread pool-3-thread-5
 message  {Id=abc08e82-c17c-4e5e-a5d3-ef22db048baf,FirstNumber=773,secondNumber=1291}  added by thread pool-3-thread-6
 message  {Id=abc08e82-c17c-4e5e-a5d3-ef22db048baf,FirstNumber=773,secondNumber=1291}  written to file by thread pool-3-thread-4
 message  {Id=a4d8da9f-06ed-441d-8ce3-1b6a69fcf4c3,FirstNumber=9,secondNumber=1931}  added by thread pool-3-thread-6
 message  {Id=a4d8da9f-06ed-441d-8ce3-1b6a69fcf4c3,FirstNumber=9,secondNumber=1931}  written to file by thread pool-3-thread-4
 message  {Id=11c6e22a-4222-4647-90ae-c6ab3a97f157,FirstNumber=68,secondNumber=1556}  added by thread pool-3-thread-6
 message  {Id=11c6e22a-4222-4647-90ae-c6ab3a97f157,FirstNumber=68,secondNumber=1556}  written to file by thread pool-3-thread-1
 message  {Id=de5eb263-f302-43dc-96d8-578247b890af,FirstNumber=807,secondNumber=1112}  added by thread pool-3-thread-6
 message  {Id=de5eb263-f302-43dc-96d8-578247b890af,FirstNumber=807,secondNumber=1112}  written to file by thread pool-3-thread-3
 message  {Id=66d33289-de4a-4d2a-9d32-66c7a0b4a54b,FirstNumber=784,secondNumber=1441}  added by thread pool-3-thread-6
 message  {Id=66d33289-de4a-4d2a-9d32-66c7a0b4a54b,FirstNumber=784,secondNumber=1441}  written to file by thread pool-3-thread-5
 message  {Id=47d561f2-6f5c-45ee-a331-4a041af66fb5,FirstNumber=699,secondNumber=867}  added by thread pool-3-thread-6
 message  {Id=47d561f2-6f5c-45ee-a331-4a041af66fb5,FirstNumber=699,secondNumber=867}  written to file by thread pool-3-thread-2
 message  {Id=e5ceae78-d548-4100-8ca7-178904ce52e6,FirstNumber=152,secondNumber=858}  added by thread pool-3-thread-6
 message  {Id=e5ceae78-d548-4100-8ca7-178904ce52e6,FirstNumber=152,secondNumber=858}  written to file by thread pool-3-thread-2
 message  {Id=3b4457eb-f61e-443f-85ef-56303c14bf17,FirstNumber=771,secondNumber=1419}  added by thread pool-3-thread-6
 message  {Id=3b4457eb-f61e-443f-85ef-56303c14bf17,FirstNumber=771,secondNumber=1419}  written to file by thread pool-3-thread-1
 message  {Id=18eb5735-0b10-49f0-872b-9ab13a57dd10,FirstNumber=393,secondNumber=748}  added by thread pool-3-thread-6
 message  {Id=18eb5735-0b10-49f0-872b-9ab13a57dd10,FirstNumber=393,secondNumber=748}  written to file by thread pool-3-thread-1
 message  {Id=c0c1c135-17c0-484c-8300-ce5be909dd3c,FirstNumber=362,secondNumber=1086}  added by thread pool-3-thread-6
 message  {Id=c0c1c135-17c0-484c-8300-ce5be909dd3c,FirstNumber=362,secondNumber=1086}  written to file by thread pool-3-thread-5
 message  {Id=c6a6948d-9040-48ce-9a57-e60af2b1a2fe,FirstNumber=79,secondNumber=17}  added by thread pool-3-thread-6
 message  {Id=c6a6948d-9040-48ce-9a57-e60af2b1a2fe,FirstNumber=79,secondNumber=17}  written to file by thread pool-3-thread-5
 message  {Id=0bf4ad31-074b-4294-adfd-76af82b0d2d3,FirstNumber=773,secondNumber=1750}  added by thread pool-3-thread-6
 message  {Id=0bf4ad31-074b-4294-adfd-76af82b0d2d3,FirstNumber=773,secondNumber=1750}  written to file by thread pool-3-thread-2
 message  {Id=8ca4d821-7462-43d0-a64d-4bac13f03566,FirstNumber=460,secondNumber=1268}  added by thread pool-3-thread-6
 message  {Id=8ca4d821-7462-43d0-a64d-4bac13f03566,FirstNumber=460,secondNumber=1268}  written to file by thread pool-3-thread-2
 message  {Id=14e7a559-c6c1-4726-9a30-d553d10a64d0,FirstNumber=910,secondNumber=335}  added by thread pool-3-thread-6
 message  {Id=14e7a559-c6c1-4726-9a30-d553d10a64d0,FirstNumber=910,secondNumber=335}  written to file by thread pool-3-thread-1
 message  {Id=7688f621-414a-40dd-9ff5-24324d25d1f6,FirstNumber=843,secondNumber=1566}  added by thread pool-3-thread-6
 message  {Id=7688f621-414a-40dd-9ff5-24324d25d1f6,FirstNumber=843,secondNumber=1566}  written to file by thread pool-3-thread-4
 message  {Id=a5a58103-99ba-4275-9608-c603251e2b13,FirstNumber=169,secondNumber=1629}  added by thread pool-3-thread-6
 message  {Id=a5a58103-99ba-4275-9608-c603251e2b13,FirstNumber=169,secondNumber=1629}  written to file by thread pool-3-thread-5
 message  {Id=df9c6533-6b7b-408d-8e59-912a752c43dc,FirstNumber=102,secondNumber=1809}  added by thread pool-3-thread-6
 message  {Id=df9c6533-6b7b-408d-8e59-912a752c43dc,FirstNumber=102,secondNumber=1809}  written to file by thread pool-3-thread-5
 message  {Id=5e7ceb47-0dd4-48f6-905d-00b1a14c30f7,FirstNumber=21,secondNumber=557}  added by thread pool-3-thread-6
 message  {Id=5e7ceb47-0dd4-48f6-905d-00b1a14c30f7,FirstNumber=21,secondNumber=557}  written to file by thread pool-3-thread-2
 message  {Id=cf252979-9a33-4e46-a84c-f88bad123c28,FirstNumber=394,secondNumber=1762}  added by thread pool-3-thread-6
 message  {Id=cf252979-9a33-4e46-a84c-f88bad123c28,FirstNumber=394,secondNumber=1762}  written to file by thread pool-3-thread-1
 message  {Id=422028bd-37da-4173-a754-62329c35532f,FirstNumber=389,secondNumber=479}  added by thread pool-3-thread-6
 message  {Id=422028bd-37da-4173-a754-62329c35532f,FirstNumber=389,secondNumber=479}  written to file by thread pool-3-thread-1
 message  {Id=9b87a52e-ce12-4169-9756-c73349fb98b1,FirstNumber=966,secondNumber=538}  added by thread pool-3-thread-6
 message  {Id=9b87a52e-ce12-4169-9756-c73349fb98b1,FirstNumber=966,secondNumber=538}  written to file by thread pool-3-thread-3
 message  {Id=57db8f33-70f3-4197-b2f1-695c335dfbc7,FirstNumber=272,secondNumber=216}  added by thread pool-3-thread-6
 message  {Id=57db8f33-70f3-4197-b2f1-695c335dfbc7,FirstNumber=272,secondNumber=216}  written to file by thread pool-3-thread-5
 message  {Id=012f46c4-e4fe-4451-aa12-165e51d4417f,FirstNumber=385,secondNumber=459}  added by thread pool-3-thread-6
 message  {Id=012f46c4-e4fe-4451-aa12-165e51d4417f,FirstNumber=385,secondNumber=459}  written to file by thread pool-3-thread-5
 message  {Id=fc6776c1-5846-4f43-b122-9ceb4834ca11,FirstNumber=71,secondNumber=1640}  added by thread pool-3-thread-6
 message  {Id=fc6776c1-5846-4f43-b122-9ceb4834ca11,FirstNumber=71,secondNumber=1640}  written to file by thread pool-3-thread-4
 message  {Id=b235545f-dd33-450f-a28f-9d3d726c8c73,FirstNumber=173,secondNumber=1396}  added by thread pool-3-thread-6
 message  {Id=b235545f-dd33-450f-a28f-9d3d726c8c73,FirstNumber=173,secondNumber=1396}  written to file by thread pool-3-thread-1
 message  {Id=e9ba719d-afc7-4685-b90b-914abc73f1f6,FirstNumber=300,secondNumber=1514}  added by thread pool-3-thread-6
 message  {Id=9bc908d0-e998-42f6-8fd0-6743f430572a,FirstNumber=250,secondNumber=1180}  added by thread pool-3-thread-6
 message  {Id=e9ba719d-afc7-4685-b90b-914abc73f1f6,FirstNumber=300,secondNumber=1514}  written to file by thread pool-3-thread-3
 message  {Id=9bc908d0-e998-42f6-8fd0-6743f430572a,FirstNumber=250,secondNumber=1180}  written to file by thread pool-3-thread-2
 message  {Id=e7ba46de-322a-4f1d-bc8f-9fb9fb760d91,FirstNumber=184,secondNumber=1803}  added by thread pool-3-thread-6
 message  {Id=e7ba46de-322a-4f1d-bc8f-9fb9fb760d91,FirstNumber=184,secondNumber=1803}  written to file by thread pool-3-thread-5
 message  {Id=75211335-d804-4910-9fbc-c090719c3996,FirstNumber=271,secondNumber=1083}  added by thread pool-3-thread-6
 message  {Id=75211335-d804-4910-9fbc-c090719c3996,FirstNumber=271,secondNumber=1083}  written to file by thread pool-3-thread-4
 message  {Id=db527a5a-9e3f-45e5-99be-8b6054969055,FirstNumber=34,secondNumber=1922}  added by thread pool-3-thread-6
 message  {Id=db527a5a-9e3f-45e5-99be-8b6054969055,FirstNumber=34,secondNumber=1922}  written to file by thread pool-3-thread-1
 message  {Id=3e16c633-ffa5-478d-9b27-bc0792b6266a,FirstNumber=158,secondNumber=254}  added by thread pool-3-thread-6
 message  {Id=3e16c633-ffa5-478d-9b27-bc0792b6266a,FirstNumber=158,secondNumber=254}  written to file by thread pool-3-thread-1
 message  {Id=9fbf15ab-ac7d-4a85-94d4-395f97812d75,FirstNumber=990,secondNumber=120}  added by thread pool-3-thread-6
 message  {Id=9fbf15ab-ac7d-4a85-94d4-395f97812d75,FirstNumber=990,secondNumber=120}  written to file by thread pool-3-thread-2
 message  {Id=7c260567-3a5c-44c3-affe-d8e4de286696,FirstNumber=408,secondNumber=756}  added by thread pool-3-thread-6
 message  {Id=7c260567-3a5c-44c3-affe-d8e4de286696,FirstNumber=408,secondNumber=756}  written to file by thread pool-3-thread-2
 message  {Id=4ee8d80b-933f-462a-9b6e-234dab79151c,FirstNumber=959,secondNumber=284}  added by thread pool-3-thread-6
 message  {Id=4ee8d80b-933f-462a-9b6e-234dab79151c,FirstNumber=959,secondNumber=284}  written to file by thread pool-3-thread-4
 message  {Id=f62fa3da-bb51-43f0-99fc-32ffb7f73ebc,FirstNumber=56,secondNumber=1846}  added by thread pool-3-thread-6
 message  {Id=f62fa3da-bb51-43f0-99fc-32ffb7f73ebc,FirstNumber=56,secondNumber=1846}  written to file by thread pool-3-thread-4
 message  {Id=9cf3551f-461d-4ddd-8811-cb18c75222cd,FirstNumber=422,secondNumber=1304}  added by thread pool-3-thread-6
 message  {Id=9cf3551f-461d-4ddd-8811-cb18c75222cd,FirstNumber=422,secondNumber=1304}  written to file by thread pool-3-thread-1
 message  {Id=c41b8f48-99ea-4668-8721-3d607ac6d8ac,FirstNumber=406,secondNumber=899}  added by thread pool-3-thread-6
 message  {Id=c41b8f48-99ea-4668-8721-3d607ac6d8ac,FirstNumber=406,secondNumber=899}  written to file by thread pool-3-thread-1
 message  {Id=7b0ba098-aae9-47d5-88ea-463f15fd8115,FirstNumber=547,secondNumber=1193}  added by thread pool-3-thread-6
 message  {Id=7b0ba098-aae9-47d5-88ea-463f15fd8115,FirstNumber=547,secondNumber=1193}  written to file by thread pool-3-thread-2
 message  {Id=9aec455a-db74-4edb-ac77-df761729d95d,FirstNumber=366,secondNumber=1106}  added by thread pool-3-thread-6
 message  {Id=9aec455a-db74-4edb-ac77-df761729d95d,FirstNumber=366,secondNumber=1106}  written to file by thread pool-3-thread-3
 message  {Id=23da818c-5bee-4dff-9103-1f16304430f1,FirstNumber=316,secondNumber=90}  added by thread pool-3-thread-6
 message  {Id=23da818c-5bee-4dff-9103-1f16304430f1,FirstNumber=316,secondNumber=90}  written to file by thread pool-3-thread-4
 message  {Id=e1a5e471-0ced-4268-9f48-dcd22a945b89,FirstNumber=708,secondNumber=584}  added by thread pool-3-thread-6
 message  {Id=e1a5e471-0ced-4268-9f48-dcd22a945b89,FirstNumber=708,secondNumber=584}  written to file by thread pool-3-thread-5
 message  {Id=8c4a5604-6dbc-4f20-9dbe-36218f86694d,FirstNumber=400,secondNumber=315}  added by thread pool-3-thread-6
 message  {Id=8c4a5604-6dbc-4f20-9dbe-36218f86694d,FirstNumber=400,secondNumber=315}  written to file by thread pool-3-thread-5
 message  {Id=7a5fc330-b6ab-4041-8c0b-46bb32846c93,FirstNumber=883,secondNumber=1725}  added by thread pool-3-thread-6
 message  {Id=7a5fc330-b6ab-4041-8c0b-46bb32846c93,FirstNumber=883,secondNumber=1725}  written to file by thread pool-3-thread-2
 message  {Id=609643ce-3881-4d7f-80b9-afb7e6199860,FirstNumber=522,secondNumber=1549}  added by thread pool-3-thread-6
 message  {Id=4b27edcb-cf42-4052-8da6-88c9237ec8c2,FirstNumber=883,secondNumber=989}  added by thread pool-3-thread-6
 message  {Id=609643ce-3881-4d7f-80b9-afb7e6199860,FirstNumber=522,secondNumber=1549}  written to file by thread pool-3-thread-3
 message  {Id=4b27edcb-cf42-4052-8da6-88c9237ec8c2,FirstNumber=883,secondNumber=989}  written to file by thread pool-3-thread-4
 message  {Id=39b45989-562c-4616-855a-76e2b2a35c4c,FirstNumber=969,secondNumber=239}  added by thread pool-3-thread-6
 message  {Id=39b45989-562c-4616-855a-76e2b2a35c4c,FirstNumber=969,secondNumber=239}  written to file by thread pool-3-thread-1
 message  {Id=ceb27b5e-efd5-41cf-a88c-804bc4e08dca,FirstNumber=766,secondNumber=26}  added by thread pool-3-thread-6
 message  {Id=ceb27b5e-efd5-41cf-a88c-804bc4e08dca,FirstNumber=766,secondNumber=26}  written to file by thread pool-3-thread-5
 message  {Id=c3b42bda-83ee-40ee-9403-bf30ccf61496,FirstNumber=950,secondNumber=890}  added by thread pool-3-thread-6
 message  {Id=c3b42bda-83ee-40ee-9403-bf30ccf61496,FirstNumber=950,secondNumber=890}  written to file by thread pool-3-thread-2
 message  {Id=ea835986-bbcd-4cea-baf8-69cc1e09904d,FirstNumber=207,secondNumber=1149}  added by thread pool-3-thread-6
 message  {Id=ea835986-bbcd-4cea-baf8-69cc1e09904d,FirstNumber=207,secondNumber=1149}  written to file by thread pool-3-thread-3
 message  {Id=34ca1de8-134c-43ed-9317-076809458065,FirstNumber=585,secondNumber=577}  added by thread pool-3-thread-6
 message  {Id=34ca1de8-134c-43ed-9317-076809458065,FirstNumber=585,secondNumber=577}  written to file by thread pool-3-thread-4
 message  {Id=113c2de8-d4aa-4134-8331-9f96b4df8b9a,FirstNumber=175,secondNumber=771}  added by thread pool-3-thread-6
 message  {Id=113c2de8-d4aa-4134-8331-9f96b4df8b9a,FirstNumber=175,secondNumber=771}  written to file by thread pool-3-thread-1
 message  {Id=dda4ced7-3d05-4a4c-a4b2-a3cf4c4e8842,FirstNumber=982,secondNumber=1595}  added by thread pool-3-thread-6
 message  {Id=dda4ced7-3d05-4a4c-a4b2-a3cf4c4e8842,FirstNumber=982,secondNumber=1595}  written to file by thread pool-3-thread-5
 message  {Id=3ed0eb3d-c987-415b-b870-88037f500c03,FirstNumber=600,secondNumber=552}  added by thread pool-3-thread-6
 message  {Id=3ed0eb3d-c987-415b-b870-88037f500c03,FirstNumber=600,secondNumber=552}  written to file by thread pool-3-thread-2
 message  {Id=66301631-c406-41b3-95ce-9434a223512a,FirstNumber=819,secondNumber=1169}  added by thread pool-3-thread-6
 message  {Id=66301631-c406-41b3-95ce-9434a223512a,FirstNumber=819,secondNumber=1169}  written to file by thread pool-3-thread-2
 message  {Id=4c40b7d2-12ce-479b-86a4-f9908c310342,FirstNumber=348,secondNumber=1026}  added by thread pool-3-thread-6
 message  {Id=4c40b7d2-12ce-479b-86a4-f9908c310342,FirstNumber=348,secondNumber=1026}  written to file by thread pool-3-thread-4
 message  {Id=d1910b79-8f9e-4b6a-9bbc-268698e5b47c,FirstNumber=438,secondNumber=801}  added by thread pool-3-thread-6
 message  {Id=d1910b79-8f9e-4b6a-9bbc-268698e5b47c,FirstNumber=438,secondNumber=801}  written to file by thread pool-3-thread-1
 message  {Id=8b942be8-3de3-4722-9611-952c28fec7e8,FirstNumber=950,secondNumber=681}  added by thread pool-3-thread-6
 message  {Id=8b942be8-3de3-4722-9611-952c28fec7e8,FirstNumber=950,secondNumber=681}  written to file by thread pool-3-thread-5
 message  {Id=63ad9530-256c-4ae1-b66a-a6a14f84390c,FirstNumber=540,secondNumber=1226}  added by thread pool-3-thread-6
 message  {Id=63ad9530-256c-4ae1-b66a-a6a14f84390c,FirstNumber=540,secondNumber=1226}  written to file by thread pool-3-thread-5
 message  {Id=362776f5-d653-4d2b-ab08-12b967a927ee,FirstNumber=533,secondNumber=978}  added by thread pool-3-thread-6
 message  {Id=362776f5-d653-4d2b-ab08-12b967a927ee,FirstNumber=533,secondNumber=978}  written to file by thread pool-3-thread-2
 message  {Id=492f84f0-43be-47d6-8a33-8c1a999a831b,FirstNumber=293,secondNumber=714}  added by thread pool-3-thread-6
 message  {Id=492f84f0-43be-47d6-8a33-8c1a999a831b,FirstNumber=293,secondNumber=714}  written to file by thread pool-3-thread-2
 message  {Id=085ae911-6950-4a09-8dce-927a33a72420,FirstNumber=126,secondNumber=634}  added by thread pool-3-thread-6
 message  {Id=085ae911-6950-4a09-8dce-927a33a72420,FirstNumber=126,secondNumber=634}  written to file by thread pool-3-thread-1
 message  {Id=9f40d802-2db6-44b0-9d43-a919be4f8e90,FirstNumber=610,secondNumber=1946}  added by thread pool-3-thread-6
 message  {Id=efcd7604-8382-4221-b0a3-95855762a1d0,FirstNumber=633,secondNumber=1420}  added by thread pool-3-thread-6
 message  {Id=9f40d802-2db6-44b0-9d43-a919be4f8e90,FirstNumber=610,secondNumber=1946}  written to file by thread pool-3-thread-3
 message  {Id=efcd7604-8382-4221-b0a3-95855762a1d0,FirstNumber=633,secondNumber=1420}  written to file by thread pool-3-thread-5
 message  {Id=aadc7841-4ec6-466b-8d86-e0e6e4443425,FirstNumber=321,secondNumber=1045}  added by thread pool-3-thread-6
 message  {Id=aadc7841-4ec6-466b-8d86-e0e6e4443425,FirstNumber=321,secondNumber=1045}  written to file by thread pool-3-thread-4
 message  {Id=f38b0aa7-42ce-46d3-895d-eeb1920a4855,FirstNumber=333,secondNumber=802}  added by thread pool-3-thread-6
 message  {Id=f38b0aa7-42ce-46d3-895d-eeb1920a4855,FirstNumber=333,secondNumber=802}  written to file by thread pool-3-thread-4
 message  {Id=d69c5a2f-d3cb-4b77-bae1-164ffc846113,FirstNumber=934,secondNumber=421}  added by thread pool-3-thread-6
 message  {Id=d69c5a2f-d3cb-4b77-bae1-164ffc846113,FirstNumber=934,secondNumber=421}  written to file by thread pool-3-thread-1
 message  {Id=2c88088a-0e1b-4bd1-bcdc-0b755b8e40a5,FirstNumber=919,secondNumber=442}  added by thread pool-3-thread-6
 message  {Id=2c88088a-0e1b-4bd1-bcdc-0b755b8e40a5,FirstNumber=919,secondNumber=442}  written to file by thread pool-3-thread-1
 message  {Id=cf766f4c-200a-4193-8871-cf1acc865fc0,FirstNumber=236,secondNumber=1752}  added by thread pool-3-thread-6
 message  {Id=cf766f4c-200a-4193-8871-cf1acc865fc0,FirstNumber=236,secondNumber=1752}  written to file by thread pool-3-thread-5
 message  {Id=2fa3ccd8-da61-4af6-be83-5ea9d13d1e95,FirstNumber=12,secondNumber=884}  added by thread pool-3-thread-6
 message  {Id=2fa3ccd8-da61-4af6-be83-5ea9d13d1e95,FirstNumber=12,secondNumber=884}  written to file by thread pool-3-thread-2
 message  {Id=f7f79a40-19c4-461d-9ea0-7a5ac7208147,FirstNumber=769,secondNumber=1423}  added by thread pool-3-thread-6
 message  {Id=f7f79a40-19c4-461d-9ea0-7a5ac7208147,FirstNumber=769,secondNumber=1423}  written to file by thread pool-3-thread-2
 message  {Id=3bd3e72d-6345-46cd-97e8-1e1620897c08,FirstNumber=713,secondNumber=1520}  added by thread pool-3-thread-6
 message  {Id=3bd3e72d-6345-46cd-97e8-1e1620897c08,FirstNumber=713,secondNumber=1520}  written to file by thread pool-3-thread-3
 message  {Id=051e94b0-a420-417c-9c1e-459b3e7ac6b9,FirstNumber=326,secondNumber=80}  added by thread pool-3-thread-6
 message  {Id=051e94b0-a420-417c-9c1e-459b3e7ac6b9,FirstNumber=326,secondNumber=80}  written to file by thread pool-3-thread-1
 message  {Id=1418b4f2-7cab-4812-8331-cbd0e91b27bd,FirstNumber=943,secondNumber=1530}  added by thread pool-3-thread-6
 message  {Id=1418b4f2-7cab-4812-8331-cbd0e91b27bd,FirstNumber=943,secondNumber=1530}  written to file by thread pool-3-thread-1
 message  {Id=94de4a87-626b-48f8-bffd-97a63d0ad770,FirstNumber=345,secondNumber=1191}  added by thread pool-3-thread-6
 message  {Id=94de4a87-626b-48f8-bffd-97a63d0ad770,FirstNumber=345,secondNumber=1191}  written to file by thread pool-3-thread-4
 message  {Id=7f371fb0-03d9-47a2-b0e2-f3a7a5f01cd3,FirstNumber=392,secondNumber=285}  added by thread pool-3-thread-6
 message  {Id=7f371fb0-03d9-47a2-b0e2-f3a7a5f01cd3,FirstNumber=392,secondNumber=285}  written to file by thread pool-3-thread-4
 message  {Id=dc26d485-74b5-4e67-baf5-2fd9d29c6c14,FirstNumber=730,secondNumber=154}  added by thread pool-3-thread-6
 message  {Id=3bd02191-631c-49f1-b999-1f1261704d87,FirstNumber=705,secondNumber=70}  added by thread pool-3-thread-6
 message  {Id=dc26d485-74b5-4e67-baf5-2fd9d29c6c14,FirstNumber=730,secondNumber=154}  written to file by thread pool-3-thread-3
 message  {Id=3bd02191-631c-49f1-b999-1f1261704d87,FirstNumber=705,secondNumber=70}  written to file by thread pool-3-thread-5
 message  {Id=68283e0e-93b3-41f6-91b2-4888077aab74,FirstNumber=340,secondNumber=1789}  added by thread pool-3-thread-6
 message  {Id=68283e0e-93b3-41f6-91b2-4888077aab74,FirstNumber=340,secondNumber=1789}  written to file by thread pool-3-thread-1
 message  {Id=35814600-45b4-4044-ae84-0c02de50f76e,FirstNumber=924,secondNumber=818}  added by thread pool-3-thread-6
 message  {Id=35814600-45b4-4044-ae84-0c02de50f76e,FirstNumber=924,secondNumber=818}  written to file by thread pool-3-thread-2
 message  {Id=7538dfa3-4cea-4f80-adf9-840d3c839e98,FirstNumber=430,secondNumber=958}  added by thread pool-3-thread-6
 message  {Id=7538dfa3-4cea-4f80-adf9-840d3c839e98,FirstNumber=430,secondNumber=958}  written to file by thread pool-3-thread-4
 message  {Id=fbc6f5a0-738e-4a24-82a6-6cd23cebaff9,FirstNumber=576,secondNumber=825}  added by thread pool-3-thread-6
 message  {Id=fbc6f5a0-738e-4a24-82a6-6cd23cebaff9,FirstNumber=576,secondNumber=825}  written to file by thread pool-3-thread-4
 message  {Id=79047882-b539-4598-af98-eaf793c56d93,FirstNumber=286,secondNumber=841}  added by thread pool-3-thread-6
 message  {Id=79047882-b539-4598-af98-eaf793c56d93,FirstNumber=286,secondNumber=841}  written to file by thread pool-3-thread-5
 message  {Id=a4bc3202-58f7-4f8e-a21d-14500bab95cf,FirstNumber=501,secondNumber=746}  added by thread pool-3-thread-6
 message  {Id=a4bc3202-58f7-4f8e-a21d-14500bab95cf,FirstNumber=501,secondNumber=746}  written to file by thread pool-3-thread-1
 message  {Id=fc69f84f-16e7-4e02-8451-e151237696c4,FirstNumber=990,secondNumber=1025}  added by thread pool-3-thread-6
 message  {Id=fc69f84f-16e7-4e02-8451-e151237696c4,FirstNumber=990,secondNumber=1025}  written to file by thread pool-3-thread-2
 message  {Id=6dd5b384-1133-4de0-8a16-250a68fa2a46,FirstNumber=437,secondNumber=778}  added by thread pool-3-thread-6
 message  {Id=6dd5b384-1133-4de0-8a16-250a68fa2a46,FirstNumber=437,secondNumber=778}  written to file by thread pool-3-thread-3
 message  {Id=f6550507-fba5-4f43-a8ef-d1526821ae7e,FirstNumber=620,secondNumber=1905}  added by thread pool-3-thread-6
 message  {Id=f6550507-fba5-4f43-a8ef-d1526821ae7e,FirstNumber=620,secondNumber=1905}  written to file by thread pool-3-thread-4
 message  {Id=587b4712-c8db-46a0-8703-80ccd7f2eeba,FirstNumber=338,secondNumber=1969}  added by thread pool-3-thread-6
 message  {Id=587b4712-c8db-46a0-8703-80ccd7f2eeba,FirstNumber=338,secondNumber=1969}  written to file by thread pool-3-thread-4
 message  {Id=e86adc7c-b36b-436d-882c-5775f43e41c0,FirstNumber=311,secondNumber=1817}  added by thread pool-3-thread-6
 message  {Id=e86adc7c-b36b-436d-882c-5775f43e41c0,FirstNumber=311,secondNumber=1817}  written to file by thread pool-3-thread-1
 message  {Id=7d599a6b-d163-4733-ba87-1949b2c3e88d,FirstNumber=553,secondNumber=138}  added by thread pool-3-thread-6
 message  {Id=7d599a6b-d163-4733-ba87-1949b2c3e88d,FirstNumber=553,secondNumber=138}  written to file by thread pool-3-thread-1
 message  {Id=06ba52fa-068f-4290-8f0c-2b9b60132675,FirstNumber=570,secondNumber=174}  added by thread pool-3-thread-6
 message  {Id=06ba52fa-068f-4290-8f0c-2b9b60132675,FirstNumber=570,secondNumber=174}  written to file by thread pool-3-thread-3
 message  {Id=c2365435-4e01-4b74-847c-e0795f794a83,FirstNumber=643,secondNumber=642}  added by thread pool-3-thread-6
 message  {Id=c2365435-4e01-4b74-847c-e0795f794a83,FirstNumber=643,secondNumber=642}  written to file by thread pool-3-thread-5
 message  {Id=4008e6ca-a5e7-4a63-a04c-be2b807c1ec4,FirstNumber=644,secondNumber=960}  added by thread pool-3-thread-6
 message  {Id=4008e6ca-a5e7-4a63-a04c-be2b807c1ec4,FirstNumber=644,secondNumber=960}  written to file by thread pool-3-thread-5
 message  {Id=b487e91b-bb1e-44db-9f97-14ac38f46ec2,FirstNumber=570,secondNumber=867}  added by thread pool-3-thread-6
 message  {Id=b487e91b-bb1e-44db-9f97-14ac38f46ec2,FirstNumber=570,secondNumber=867}  written to file by thread pool-3-thread-2
 message  {Id=9fcc5af6-0a87-452f-a0ab-6eaee5c8346c,FirstNumber=362,secondNumber=1811}  added by thread pool-3-thread-6
 message  {Id=9fcc5af6-0a87-452f-a0ab-6eaee5c8346c,FirstNumber=362,secondNumber=1811}  written to file by thread pool-3-thread-1
 message  {Id=38da4d98-8075-4866-a45d-22b70f6e72e3,FirstNumber=572,secondNumber=849}  added by thread pool-3-thread-6
 message  {Id=38da4d98-8075-4866-a45d-22b70f6e72e3,FirstNumber=572,secondNumber=849}  written to file by thread pool-3-thread-1
 message  {Id=dad45ed4-5a0e-401f-abef-33e61e08647c,FirstNumber=341,secondNumber=1034}  added by thread pool-3-thread-6
 message  {Id=dad45ed4-5a0e-401f-abef-33e61e08647c,FirstNumber=341,secondNumber=1034}  written to file by thread pool-3-thread-4
 message  {Id=b5576c44-d038-485c-873f-3fe9b25427d3,FirstNumber=484,secondNumber=714}  added by thread pool-3-thread-6
 message  {Id=b5576c44-d038-485c-873f-3fe9b25427d3,FirstNumber=484,secondNumber=714}  written to file by thread pool-3-thread-5
 message  {Id=ddd5bb96-d124-431c-896f-42b0e3235dc6,FirstNumber=419,secondNumber=1924}  added by thread pool-3-thread-6
 message  {Id=ddd5bb96-d124-431c-896f-42b0e3235dc6,FirstNumber=419,secondNumber=1924}  written to file by thread pool-3-thread-2
 message  {Id=369b58be-6b7c-4a16-b022-54e0140ed074,FirstNumber=375,secondNumber=1936}  added by thread pool-3-thread-6
 message  {Id=369b58be-6b7c-4a16-b022-54e0140ed074,FirstNumber=375,secondNumber=1936}  written to file by thread pool-3-thread-3
 message  {Id=c55b360f-419f-4a92-ae11-c8840d6fdd03,FirstNumber=723,secondNumber=495}  added by thread pool-3-thread-6
 message  {Id=c55b360f-419f-4a92-ae11-c8840d6fdd03,FirstNumber=723,secondNumber=495}  written to file by thread pool-3-thread-1
 message  {Id=4b3d8a4a-a6c0-42f6-89f9-3df270ad03b0,FirstNumber=448,secondNumber=1278}  added by thread pool-3-thread-6
 message  {Id=4b3d8a4a-a6c0-42f6-89f9-3df270ad03b0,FirstNumber=448,secondNumber=1278}  written to file by thread pool-3-thread-1
 message  {Id=4401cadf-a817-43b8-bef7-cfc3a081209f,FirstNumber=357,secondNumber=245}  added by thread pool-3-thread-6
 message  {Id=4401cadf-a817-43b8-bef7-cfc3a081209f,FirstNumber=357,secondNumber=245}  written to file by thread pool-3-thread-5
 message  {Id=b73b2a44-0c9e-4ee7-b4aa-e24751c462b7,FirstNumber=961,secondNumber=1910}  added by thread pool-3-thread-6
 message  {Id=b73b2a44-0c9e-4ee7-b4aa-e24751c462b7,FirstNumber=961,secondNumber=1910}  written to file by thread pool-3-thread-5
 message  {Id=04a48679-e5a4-4741-8d75-1a47d6fc4a6b,FirstNumber=576,secondNumber=184}  added by thread pool-3-thread-6
 message  {Id=04a48679-e5a4-4741-8d75-1a47d6fc4a6b,FirstNumber=576,secondNumber=184}  written to file by thread pool-3-thread-3
 message  {Id=c16a4738-ac6d-4b24-a441-1f6e10393022,FirstNumber=101,secondNumber=932}  added by thread pool-3-thread-6
 message  {Id=c16a4738-ac6d-4b24-a441-1f6e10393022,FirstNumber=101,secondNumber=932}  written to file by thread pool-3-thread-4
 message  {Id=6292f76e-c94a-4e9c-9bbd-140544b17846,FirstNumber=391,secondNumber=765}  added by thread pool-3-thread-6
 message  {Id=6292f76e-c94a-4e9c-9bbd-140544b17846,FirstNumber=391,secondNumber=765}  written to file by thread pool-3-thread-1
 message  {Id=83d9c842-b53b-4fbb-b5e4-503ed57e475f,FirstNumber=806,secondNumber=185}  added by thread pool-3-thread-6
 message  {Id=83d9c842-b53b-4fbb-b5e4-503ed57e475f,FirstNumber=806,secondNumber=185}  written to file by thread pool-3-thread-1
 message  {Id=637971c9-8575-437d-b3d7-5fda7b478561,FirstNumber=593,secondNumber=1934}  added by thread pool-3-thread-6
 message  {Id=637971c9-8575-437d-b3d7-5fda7b478561,FirstNumber=593,secondNumber=1934}  written to file by thread pool-3-thread-5
 message  {Id=dcabf5b9-f45d-417d-8df3-604fc1678267,FirstNumber=247,secondNumber=1502}  added by thread pool-3-thread-6
 message  {Id=dcabf5b9-f45d-417d-8df3-604fc1678267,FirstNumber=247,secondNumber=1502}  written to file by thread pool-3-thread-3
 message  {Id=fea859ca-4420-4de9-8c68-46940b59e64b,FirstNumber=359,secondNumber=1985}  added by thread pool-3-thread-6
 message  {Id=fea859ca-4420-4de9-8c68-46940b59e64b,FirstNumber=359,secondNumber=1985}  written to file by thread pool-3-thread-4
 message  {Id=023ed178-eab9-4a91-a036-7a6bd2b90502,FirstNumber=683,secondNumber=1968}  added by thread pool-3-thread-6
 message  {Id=023ed178-eab9-4a91-a036-7a6bd2b90502,FirstNumber=683,secondNumber=1968}  written to file by thread pool-3-thread-4
 message  {Id=fa76bdce-fa9e-4ec0-8cd7-a2eeecbd52e5,FirstNumber=870,secondNumber=52}  added by thread pool-3-thread-6
 message  {Id=fa76bdce-fa9e-4ec0-8cd7-a2eeecbd52e5,FirstNumber=870,secondNumber=52}  written to file by thread pool-3-thread-1
 message  {Id=295d4148-ce07-4164-a86e-842c27de2760,FirstNumber=420,secondNumber=1193}  added by thread pool-3-thread-6
 message  {Id=295d4148-ce07-4164-a86e-842c27de2760,FirstNumber=420,secondNumber=1193}  written to file by thread pool-3-thread-5
 message  {Id=5917e569-d585-4076-94ae-96781a8cc45a,FirstNumber=544,secondNumber=554}  added by thread pool-3-thread-6
 message  {Id=5917e569-d585-4076-94ae-96781a8cc45a,FirstNumber=544,secondNumber=554}  written to file by thread pool-3-thread-3
 message  {Id=7cc5bf18-bd81-4f96-afb2-11bcf13228e4,FirstNumber=599,secondNumber=588}  added by thread pool-3-thread-6
 message  {Id=7cc5bf18-bd81-4f96-afb2-11bcf13228e4,FirstNumber=599,secondNumber=588}  written to file by thread pool-3-thread-2
 message  {Id=488d04a0-237d-4809-ac31-b07319e4ea38,FirstNumber=26,secondNumber=823}  added by thread pool-3-thread-6
 message  {Id=488d04a0-237d-4809-ac31-b07319e4ea38,FirstNumber=26,secondNumber=823}  written to file by thread pool-3-thread-4
 message  {Id=d83d87e1-7f69-4b9d-95d8-cba1e5aa28cd,FirstNumber=301,secondNumber=1376}  added by thread pool-3-thread-6
 message  {Id=d83d87e1-7f69-4b9d-95d8-cba1e5aa28cd,FirstNumber=301,secondNumber=1376}  written to file by thread pool-3-thread-1
 message  {Id=b31c0ddf-c731-45e8-b3b8-7cdf8e2c5826,FirstNumber=773,secondNumber=1932}  added by thread pool-3-thread-6
 message  {Id=b31c0ddf-c731-45e8-b3b8-7cdf8e2c5826,FirstNumber=773,secondNumber=1932}  written to file by thread pool-3-thread-1
 message  {Id=e38dbecd-87bb-489f-bd6b-a3e3ed7f0613,FirstNumber=803,secondNumber=1154}  added by thread pool-3-thread-6
 message  {Id=e38dbecd-87bb-489f-bd6b-a3e3ed7f0613,FirstNumber=803,secondNumber=1154}  written to file by thread pool-3-thread-3
 message  {Id=b70588a4-b58d-4c87-ab61-fd67a21fd146,FirstNumber=187,secondNumber=1529}  added by thread pool-3-thread-6
 message  {Id=b70588a4-b58d-4c87-ab61-fd67a21fd146,FirstNumber=187,secondNumber=1529}  written to file by thread pool-3-thread-2
 message  {Id=7e631325-39a3-4b9c-a47c-1525d65add13,FirstNumber=741,secondNumber=1962}  added by thread pool-3-thread-6
 message  {Id=7e631325-39a3-4b9c-a47c-1525d65add13,FirstNumber=741,secondNumber=1962}  written to file by thread pool-3-thread-4
 message  {Id=cddf60c8-eff8-40ee-a817-8a68f6f7186d,FirstNumber=184,secondNumber=532}  added by thread pool-3-thread-6
 message  {Id=cddf60c8-eff8-40ee-a817-8a68f6f7186d,FirstNumber=184,secondNumber=532}  written to file by thread pool-3-thread-4
 message  {Id=1ad81773-6560-4a6f-a8c2-1fd2805c9bfc,FirstNumber=864,secondNumber=1757}  added by thread pool-3-thread-6
 message  {Id=1ad81773-6560-4a6f-a8c2-1fd2805c9bfc,FirstNumber=864,secondNumber=1757}  written to file by thread pool-3-thread-1
 message  {Id=3a8cfbd8-4895-49a8-9f3e-fa03ae535138,FirstNumber=800,secondNumber=415}  added by thread pool-3-thread-6
 message  {Id=3a8cfbd8-4895-49a8-9f3e-fa03ae535138,FirstNumber=800,secondNumber=415}  written to file by thread pool-3-thread-1
 message  {Id=20fd1429-dd9a-483d-af7f-f13017f39c77,FirstNumber=805,secondNumber=621}  added by thread pool-3-thread-6
 message  {Id=20fd1429-dd9a-483d-af7f-f13017f39c77,FirstNumber=805,secondNumber=621}  written to file by thread pool-3-thread-2
 message  {Id=8b0985aa-cd15-48f2-9410-e3381acf58d3,FirstNumber=768,secondNumber=1236}  added by thread pool-3-thread-6
 message  {Id=8b0985aa-cd15-48f2-9410-e3381acf58d3,FirstNumber=768,secondNumber=1236}  written to file by thread pool-3-thread-5
 message  {Id=77b2b130-12d1-4186-b932-8aa9999f7f4f,FirstNumber=294,secondNumber=84}  added by thread pool-3-thread-6
 message  {Id=77b2b130-12d1-4186-b932-8aa9999f7f4f,FirstNumber=294,secondNumber=84}  written to file by thread pool-3-thread-4
 message  {Id=127d9bec-a78a-4cd7-82ba-b3babd6b19e9,FirstNumber=172,secondNumber=233}  added by thread pool-3-thread-6
 message  {Id=33404a27-28af-46bd-8385-d6af8576efd2,FirstNumber=422,secondNumber=1035}  added by thread pool-3-thread-6
 message  {Id=127d9bec-a78a-4cd7-82ba-b3babd6b19e9,FirstNumber=172,secondNumber=233}  written to file by thread pool-3-thread-3
 message  {Id=33404a27-28af-46bd-8385-d6af8576efd2,FirstNumber=422,secondNumber=1035}  written to file by thread pool-3-thread-1
 message  {Id=504f9ff6-c088-4e0f-bf92-2349d2f5362a,FirstNumber=517,secondNumber=42}  added by thread pool-3-thread-6
 message  {Id=504f9ff6-c088-4e0f-bf92-2349d2f5362a,FirstNumber=517,secondNumber=42}  written to file by thread pool-3-thread-2
 message  {Id=54c50b25-9a8a-4ffc-94b2-00586eaf6647,FirstNumber=62,secondNumber=1024}  added by thread pool-3-thread-6
 message  {Id=54c50b25-9a8a-4ffc-94b2-00586eaf6647,FirstNumber=62,secondNumber=1024}  written to file by thread pool-3-thread-2
 message  {Id=ca401ec5-7f35-4f42-8d92-6123baaf768f,FirstNumber=757,secondNumber=1878}  added by thread pool-3-thread-6
 message  {Id=ca401ec5-7f35-4f42-8d92-6123baaf768f,FirstNumber=757,secondNumber=1878}  written to file by thread pool-3-thread-4
 message  {Id=3592663c-b3a1-45c4-8cdd-43220904f564,FirstNumber=34,secondNumber=1488}  added by thread pool-3-thread-6
 message  {Id=3592663c-b3a1-45c4-8cdd-43220904f564,FirstNumber=34,secondNumber=1488}  written to file by thread pool-3-thread-4
 message  {Id=83731b80-ec88-4099-863a-207e1f347d47,FirstNumber=969,secondNumber=1131}  added by thread pool-3-thread-6
 message  {Id=83731b80-ec88-4099-863a-207e1f347d47,FirstNumber=969,secondNumber=1131}  written to file by thread pool-3-thread-1
 message  {Id=e839bbfb-4605-4b29-8a10-088164137fde,FirstNumber=869,secondNumber=1456}  added by thread pool-3-thread-6
 message  {Id=e839bbfb-4605-4b29-8a10-088164137fde,FirstNumber=869,secondNumber=1456}  written to file by thread pool-3-thread-5
 message  {Id=52ee7b2d-f4b5-4217-bf0c-9431a76e24cb,FirstNumber=638,secondNumber=992}  added by thread pool-3-thread-6
 message  {Id=52ee7b2d-f4b5-4217-bf0c-9431a76e24cb,FirstNumber=638,secondNumber=992}  written to file by thread pool-3-thread-2
 message  {Id=d2f938e5-0954-49fb-9b8a-121e12cc6ee6,FirstNumber=311,secondNumber=635}  added by thread pool-3-thread-6
 message  {Id=d2f938e5-0954-49fb-9b8a-121e12cc6ee6,FirstNumber=311,secondNumber=635}  written to file by thread pool-3-thread-2
 message  {Id=b610a7fc-68cc-4e80-9dc8-c690a8e9809f,FirstNumber=792,secondNumber=639}  added by thread pool-3-thread-6
 message  {Id=b610a7fc-68cc-4e80-9dc8-c690a8e9809f,FirstNumber=792,secondNumber=639}  written to file by thread pool-3-thread-4
 message  {Id=3f8594ba-6033-4e22-af7a-46da573d06f6,FirstNumber=530,secondNumber=1871}  added by thread pool-3-thread-6
 message  {Id=3f8594ba-6033-4e22-af7a-46da573d06f6,FirstNumber=530,secondNumber=1871}  written to file by thread pool-3-thread-1
 message  {Id=fb54643a-adc9-4764-94de-07d59dd2c36a,FirstNumber=261,secondNumber=1064}  added by thread pool-3-thread-6
 message  {Id=fb54643a-adc9-4764-94de-07d59dd2c36a,FirstNumber=261,secondNumber=1064}  written to file by thread pool-3-thread-5
 message  {Id=4e6bcd54-a1cf-428d-a81a-64d008e903fb,FirstNumber=793,secondNumber=922}  added by thread pool-3-thread-6
 message  {Id=4e6bcd54-a1cf-428d-a81a-64d008e903fb,FirstNumber=793,secondNumber=922}  written to file by thread pool-3-thread-5
 message  {Id=d3ad95a5-7df5-4683-aaa7-0e2c11f45be9,FirstNumber=345,secondNumber=280}  added by thread pool-3-thread-6
 message  {Id=d3ad95a5-7df5-4683-aaa7-0e2c11f45be9,FirstNumber=345,secondNumber=280}  written to file by thread pool-3-thread-2
 message  {Id=4b79d423-7b54-4d50-89b7-f080b511564b,FirstNumber=772,secondNumber=662}  added by thread pool-3-thread-6
 message  {Id=4b79d423-7b54-4d50-89b7-f080b511564b,FirstNumber=772,secondNumber=662}  written to file by thread pool-3-thread-2
 message  {Id=3d379d23-790b-4925-9f03-d89698445c68,FirstNumber=212,secondNumber=1654}  added by thread pool-3-thread-6
 message  {Id=3d379d23-790b-4925-9f03-d89698445c68,FirstNumber=212,secondNumber=1654}  written to file by thread pool-3-thread-1
 message  {Id=d4fbfb24-3ef7-4b8d-82ec-82fabbd6a58e,FirstNumber=37,secondNumber=728}  added by thread pool-3-thread-6
 message  {Id=d4fbfb24-3ef7-4b8d-82ec-82fabbd6a58e,FirstNumber=37,secondNumber=728}  written to file by thread pool-3-thread-3
 message  {Id=a5d964c8-0455-498c-bd60-76945a649e08,FirstNumber=227,secondNumber=1027}  added by thread pool-3-thread-6
 message  {Id=a5d964c8-0455-498c-bd60-76945a649e08,FirstNumber=227,secondNumber=1027}  written to file by thread pool-3-thread-5
 message  {Id=ecc738a2-9495-4f98-ac3f-15e44c3aea4e,FirstNumber=797,secondNumber=101}  added by thread pool-3-thread-6
 message  {Id=ecc738a2-9495-4f98-ac3f-15e44c3aea4e,FirstNumber=797,secondNumber=101}  written to file by thread pool-3-thread-5
 message  {Id=b6aebf96-9e58-4aa8-891b-88e330d02cda,FirstNumber=703,secondNumber=1807}  added by thread pool-3-thread-6
 message  {Id=b6aebf96-9e58-4aa8-891b-88e330d02cda,FirstNumber=703,secondNumber=1807}  written to file by thread pool-3-thread-2
 message  {Id=39363ab7-b1c0-426e-9913-749978ff2470,FirstNumber=879,secondNumber=1027}  added by thread pool-3-thread-6
 message  {Id=39363ab7-b1c0-426e-9913-749978ff2470,FirstNumber=879,secondNumber=1027}  written to file by thread pool-3-thread-2
 message  {Id=6c1e11ed-018e-4439-9de7-dd12d1931116,FirstNumber=67,secondNumber=43}  added by thread pool-3-thread-6
 message  {Id=5176da26-8f6d-4564-9f0b-d40faf6f35bf,FirstNumber=447,secondNumber=1125}  added by thread pool-3-thread-6
 message  {Id=6c1e11ed-018e-4439-9de7-dd12d1931116,FirstNumber=67,secondNumber=43}  written to file by thread pool-3-thread-3
 message  {Id=5176da26-8f6d-4564-9f0b-d40faf6f35bf,FirstNumber=447,secondNumber=1125}  written to file by thread pool-3-thread-4
 message  {Id=12aa214e-6431-4a0b-a350-e20f6f5156cc,FirstNumber=469,secondNumber=361}  added by thread pool-3-thread-6
 message  {Id=12aa214e-6431-4a0b-a350-e20f6f5156cc,FirstNumber=469,secondNumber=361}  written to file by thread pool-3-thread-4
 message  {Id=91c67f16-5a89-40a4-b5d6-b8699dd8bfcb,FirstNumber=169,secondNumber=494}  added by thread pool-3-thread-6
 message  {Id=91c67f16-5a89-40a4-b5d6-b8699dd8bfcb,FirstNumber=169,secondNumber=494}  written to file by thread pool-3-thread-1
 message  {Id=671968b8-a822-4c27-8acc-33c202f906ec,FirstNumber=97,secondNumber=941}  added by thread pool-3-thread-6
 message  {Id=671968b8-a822-4c27-8acc-33c202f906ec,FirstNumber=97,secondNumber=941}  written to file by thread pool-3-thread-2
 message  {Id=0098b9a3-2612-455b-bc82-784b7b99c9e0,FirstNumber=183,secondNumber=177}  added by thread pool-3-thread-6
 message  {Id=0098b9a3-2612-455b-bc82-784b7b99c9e0,FirstNumber=183,secondNumber=177}  written to file by thread pool-3-thread-2
 message  {Id=50d53089-8827-4585-a138-d9072e852d09,FirstNumber=622,secondNumber=449}  added by thread pool-3-thread-6
 message  {Id=50d53089-8827-4585-a138-d9072e852d09,FirstNumber=622,secondNumber=449}  written to file by thread pool-3-thread-5
 message  {Id=e7108997-d776-4952-894b-8be1c6415ddf,FirstNumber=767,secondNumber=374}  added by thread pool-3-thread-6
 message  {Id=e7108997-d776-4952-894b-8be1c6415ddf,FirstNumber=767,secondNumber=374}  written to file by thread pool-3-thread-5
 message  {Id=40a35daf-ce0e-426e-b1ab-06ad70b35645,FirstNumber=477,secondNumber=443}  added by thread pool-3-thread-6
 message  {Id=40a35daf-ce0e-426e-b1ab-06ad70b35645,FirstNumber=477,secondNumber=443}  written to file by thread pool-3-thread-1
 message  {Id=aa88dccc-6c7c-4e40-8627-50ba16940cad,FirstNumber=876,secondNumber=379}  added by thread pool-3-thread-6
 message  {Id=aa88dccc-6c7c-4e40-8627-50ba16940cad,FirstNumber=876,secondNumber=379}  written to file by thread pool-3-thread-1
 message  {Id=69ac6e20-eae1-4864-aeb9-0e1c2fe60a0c,FirstNumber=640,secondNumber=1030}  added by thread pool-3-thread-6
 message  {Id=69ac6e20-eae1-4864-aeb9-0e1c2fe60a0c,FirstNumber=640,secondNumber=1030}  written to file by thread pool-3-thread-2
 message  {Id=f4360b2c-b86e-4b52-8ba9-f9705fe200f4,FirstNumber=744,secondNumber=1426}  added by thread pool-3-thread-6
 message  {Id=f4360b2c-b86e-4b52-8ba9-f9705fe200f4,FirstNumber=744,secondNumber=1426}  written to file by thread pool-3-thread-2
 message  {Id=85a4ef73-5693-4039-a7d2-16ab87454489,FirstNumber=101,secondNumber=1896}  added by thread pool-3-thread-6
 message  {Id=85a4ef73-5693-4039-a7d2-16ab87454489,FirstNumber=101,secondNumber=1896}  written to file by thread pool-3-thread-5
 message  {Id=4bdbdb62-7c19-46a6-a5e0-7f1ebd23e0ea,FirstNumber=456,secondNumber=1747}  added by thread pool-3-thread-6
 message  {Id=a35bee7b-dba8-4960-b884-45d341f813fe,FirstNumber=317,secondNumber=1727}  added by thread pool-3-thread-6
 message  {Id=4bdbdb62-7c19-46a6-a5e0-7f1ebd23e0ea,FirstNumber=456,secondNumber=1747}  written to file by thread pool-3-thread-3
 message  {Id=a35bee7b-dba8-4960-b884-45d341f813fe,FirstNumber=317,secondNumber=1727}  written to file by thread pool-3-thread-1
 message  {Id=378aee93-455d-4b90-9a12-424deb6522d5,FirstNumber=864,secondNumber=1575}  added by thread pool-3-thread-6
 message  {Id=378aee93-455d-4b90-9a12-424deb6522d5,FirstNumber=864,secondNumber=1575}  written to file by thread pool-3-thread-1
 message  {Id=b8969629-f67c-4f11-bf90-1946f5ffbc35,FirstNumber=431,secondNumber=1959}  added by thread pool-3-thread-6
 message  {Id=b8969629-f67c-4f11-bf90-1946f5ffbc35,FirstNumber=431,secondNumber=1959}  written to file by thread pool-3-thread-2
 message  {Id=a0ceccdf-4d41-4ea4-99fd-a0c9cb3eb9a1,FirstNumber=593,secondNumber=385}  added by thread pool-3-thread-6
 message  {Id=a0ceccdf-4d41-4ea4-99fd-a0c9cb3eb9a1,FirstNumber=593,secondNumber=385}  written to file by thread pool-3-thread-2
 message  {Id=62687681-6cff-447c-998f-2ea2fa3f37d0,FirstNumber=475,secondNumber=1982}  added by thread pool-3-thread-6
 message  {Id=6a27aa0b-c215-4d8d-8ce5-d254136f5632,FirstNumber=195,secondNumber=1232}  added by thread pool-3-thread-6
 message  {Id=62687681-6cff-447c-998f-2ea2fa3f37d0,FirstNumber=475,secondNumber=1982}  written to file by thread pool-3-thread-3
 message  {Id=6a27aa0b-c215-4d8d-8ce5-d254136f5632,FirstNumber=195,secondNumber=1232}  written to file by thread pool-3-thread-4
 message  {Id=421c2c7d-715c-4bd9-9b83-a80bbfab6217,FirstNumber=204,secondNumber=415}  added by thread pool-3-thread-6
 message  {Id=421c2c7d-715c-4bd9-9b83-a80bbfab6217,FirstNumber=204,secondNumber=415}  written to file by thread pool-3-thread-4
 message  {Id=e3a98943-5904-4fff-85b3-35afb2a5982d,FirstNumber=946,secondNumber=1302}  added by thread pool-3-thread-6
 message  {Id=e3a98943-5904-4fff-85b3-35afb2a5982d,FirstNumber=946,secondNumber=1302}  written to file by thread pool-3-thread-5
 message  {Id=e920f6e2-c27d-4da2-a5d8-a5aa8b13d4f5,FirstNumber=581,secondNumber=1092}  added by thread pool-3-thread-6
 message  {Id=e920f6e2-c27d-4da2-a5d8-a5aa8b13d4f5,FirstNumber=581,secondNumber=1092}  written to file by thread pool-3-thread-5
 message  {Id=6200d942-229e-43b7-921a-29ac1a340e18,FirstNumber=304,secondNumber=276}  added by thread pool-3-thread-6
 message  {Id=6200d942-229e-43b7-921a-29ac1a340e18,FirstNumber=304,secondNumber=276}  written to file by thread pool-3-thread-3
 message  {Id=25d512d3-d680-4235-82c7-b88fbf6308b6,FirstNumber=625,secondNumber=1993}  added by thread pool-3-thread-6
 message  {Id=25d512d3-d680-4235-82c7-b88fbf6308b6,FirstNumber=625,secondNumber=1993}  written to file by thread pool-3-thread-1
 message  {Id=2d047955-a3cb-4a25-b5ba-7352edb10cba,FirstNumber=836,secondNumber=597}  added by thread pool-3-thread-6
 message  {Id=2d047955-a3cb-4a25-b5ba-7352edb10cba,FirstNumber=836,secondNumber=597}  written to file by thread pool-3-thread-1
 message  {Id=5fe557b4-5e0f-4f23-8bf2-5686eb5648c9,FirstNumber=733,secondNumber=461}  added by thread pool-3-thread-6
 message  {Id=5fe557b4-5e0f-4f23-8bf2-5686eb5648c9,FirstNumber=733,secondNumber=461}  written to file by thread pool-3-thread-2
 message  {Id=e7991967-7687-46aa-9525-6da5907ea7c6,FirstNumber=354,secondNumber=11}  added by thread pool-3-thread-6
 message  {Id=e7991967-7687-46aa-9525-6da5907ea7c6,FirstNumber=354,secondNumber=11}  written to file by thread pool-3-thread-2
 message  {Id=23ba75b2-e582-49cc-bc10-54fb1dd55abe,FirstNumber=479,secondNumber=45}  added by thread pool-3-thread-6
 message  {Id=e58049a3-e40f-44d0-8440-84a0f3b27891,FirstNumber=612,secondNumber=1409}  added by thread pool-3-thread-6
 message  {Id=23ba75b2-e582-49cc-bc10-54fb1dd55abe,FirstNumber=479,secondNumber=45}  written to file by thread pool-3-thread-3
 message  {Id=e58049a3-e40f-44d0-8440-84a0f3b27891,FirstNumber=612,secondNumber=1409}  written to file by thread pool-3-thread-4
 message  {Id=8064e1a4-eba2-43d1-a7f2-e9c3567ce0f5,FirstNumber=54,secondNumber=1121}  added by thread pool-3-thread-6
 message  {Id=8064e1a4-eba2-43d1-a7f2-e9c3567ce0f5,FirstNumber=54,secondNumber=1121}  written to file by thread pool-3-thread-1
 message  {Id=1ba87e22-5821-417b-a16d-97da592ebe5c,FirstNumber=157,secondNumber=1566}  added by thread pool-3-thread-6
 message  {Id=5c125cd5-355a-4a82-8f31-5ddb0aad97fa,FirstNumber=102,secondNumber=684}  added by thread pool-3-thread-6
 message  {Id=5c125cd5-355a-4a82-8f31-5ddb0aad97fa,FirstNumber=102,secondNumber=684}  written to file by thread pool-3-thread-2
 message  {Id=6af92934-a105-4b9d-ada8-4ec938b10d29,FirstNumber=593,secondNumber=1560}  added by thread pool-3-thread-6
 message  {Id=1ba87e22-5821-417b-a16d-97da592ebe5c,FirstNumber=157,secondNumber=1566}  written to file by thread pool-3-thread-1
 message  {Id=3126e978-b266-4e74-ac75-e413ee61e140,FirstNumber=7,secondNumber=1414}  added by thread pool-3-thread-6
 message  {Id=6af92934-a105-4b9d-ada8-4ec938b10d29,FirstNumber=593,secondNumber=1560}  written to file by thread pool-3-thread-3
 message  {Id=3126e978-b266-4e74-ac75-e413ee61e140,FirstNumber=7,secondNumber=1414}  written to file by thread pool-3-thread-1
 message  {Id=fc022bb3-2982-4bef-a520-0b8afb299d56,FirstNumber=572,secondNumber=1368}  added by thread pool-3-thread-6
 message  {Id=fc022bb3-2982-4bef-a520-0b8afb299d56,FirstNumber=572,secondNumber=1368}  written to file by thread pool-3-thread-1
 message  {Id=97fe5675-c72a-449b-9dde-d0bfccd3bd2d,FirstNumber=766,secondNumber=1041}  added by thread pool-3-thread-6
 message  {Id=97fe5675-c72a-449b-9dde-d0bfccd3bd2d,FirstNumber=766,secondNumber=1041}  written to file by thread pool-3-thread-2
 message  {Id=cc848f3a-355d-44a5-93b1-41e0219b7f55,FirstNumber=940,secondNumber=165}  added by thread pool-3-thread-6
 message  {Id=cc848f3a-355d-44a5-93b1-41e0219b7f55,FirstNumber=940,secondNumber=165}  written to file by thread pool-3-thread-2
 message  {Id=4c409ba1-e198-4b73-909e-34bfcd699510,FirstNumber=873,secondNumber=1878}  added by thread pool-3-thread-6
 message  {Id=4c409ba1-e198-4b73-909e-34bfcd699510,FirstNumber=873,secondNumber=1878}  written to file by thread pool-3-thread-3
 message  {Id=22a3565a-3d52-415d-ace0-131a435f2b70,FirstNumber=946,secondNumber=1547}  added by thread pool-3-thread-6
 message  {Id=22a3565a-3d52-415d-ace0-131a435f2b70,FirstNumber=946,secondNumber=1547}  written to file by thread pool-3-thread-5
 message  {Id=26a01a9d-ab40-45e5-b30f-07f93cca8f02,FirstNumber=664,secondNumber=369}  added by thread pool-3-thread-6
 message  {Id=26a01a9d-ab40-45e5-b30f-07f93cca8f02,FirstNumber=664,secondNumber=369}  written to file by thread pool-3-thread-1
 message  {Id=116fa0d0-44b8-487b-a462-f558e12af603,FirstNumber=424,secondNumber=133}  added by thread pool-3-thread-6
 message  {Id=116fa0d0-44b8-487b-a462-f558e12af603,FirstNumber=424,secondNumber=133}  written to file by thread pool-3-thread-1
 message  {Id=b8bd4c04-b31f-4cb8-ade6-86e617619f3d,FirstNumber=972,secondNumber=5}  added by thread pool-3-thread-6
 message  {Id=b8bd4c04-b31f-4cb8-ade6-86e617619f3d,FirstNumber=972,secondNumber=5}  written to file by thread pool-3-thread-1
 message  {Id=953d2c28-929c-4449-93b6-2fc3fe592cca,FirstNumber=825,secondNumber=947}  added by thread pool-3-thread-6
 message  {Id=953d2c28-929c-4449-93b6-2fc3fe592cca,FirstNumber=825,secondNumber=947}  written to file by thread pool-3-thread-3
 message  {Id=0d03fa2f-9b87-41f3-a48d-4835ccdd54bf,FirstNumber=316,secondNumber=1977}  added by thread pool-3-thread-6
 message  {Id=0d03fa2f-9b87-41f3-a48d-4835ccdd54bf,FirstNumber=316,secondNumber=1977}  written to file by thread pool-3-thread-5
 message  {Id=13c51717-0688-410b-a1b8-d29d7973d541,FirstNumber=996,secondNumber=134}  added by thread pool-3-thread-6
 message  {Id=13c51717-0688-410b-a1b8-d29d7973d541,FirstNumber=996,secondNumber=134}  written to file by thread pool-3-thread-5
 message  {Id=f3c7a5b0-d8c9-46bb-814f-17ab51d476dd,FirstNumber=683,secondNumber=1135}  added by thread pool-3-thread-6
 message  {Id=f3c7a5b0-d8c9-46bb-814f-17ab51d476dd,FirstNumber=683,secondNumber=1135}  written to file by thread pool-3-thread-2
 message  {Id=54319834-8354-47cb-8517-c726f9573adc,FirstNumber=435,secondNumber=1087}  added by thread pool-3-thread-6
 message  {Id=54319834-8354-47cb-8517-c726f9573adc,FirstNumber=435,secondNumber=1087}  written to file by thread pool-3-thread-2
 message  {Id=5da91f66-0879-495d-96b4-321645c49880,FirstNumber=347,secondNumber=1658}  added by thread pool-3-thread-6
 message  {Id=5da91f66-0879-495d-96b4-321645c49880,FirstNumber=347,secondNumber=1658}  written to file by thread pool-3-thread-3
 message  {Id=3b626f7d-2d27-4633-8618-b4ff64b32405,FirstNumber=124,secondNumber=1184}  added by thread pool-3-thread-6
 message  {Id=3b626f7d-2d27-4633-8618-b4ff64b32405,FirstNumber=124,secondNumber=1184}  written to file by thread pool-3-thread-4
 message  {Id=5bf7a119-f9b3-41bf-acc3-6a9de9c2d8e8,FirstNumber=855,secondNumber=1155}  added by thread pool-3-thread-6
 message  {Id=5bf7a119-f9b3-41bf-acc3-6a9de9c2d8e8,FirstNumber=855,secondNumber=1155}  written to file by thread pool-3-thread-5
 message  {Id=5dc1e08c-a5df-4270-a62b-2fc5b0caf77e,FirstNumber=230,secondNumber=214}  added by thread pool-3-thread-6
 message  {Id=5dc1e08c-a5df-4270-a62b-2fc5b0caf77e,FirstNumber=230,secondNumber=214}  written to file by thread pool-3-thread-1
 message  {Id=7a8f7adb-0023-4ec5-b59a-aaeaa498ca34,FirstNumber=607,secondNumber=628}  added by thread pool-3-thread-6
 message  {Id=7a8f7adb-0023-4ec5-b59a-aaeaa498ca34,FirstNumber=607,secondNumber=628}  written to file by thread pool-3-thread-1
 message  {Id=bbe523bc-0bb9-445f-847c-35756e976ffc,FirstNumber=387,secondNumber=1092}  added by thread pool-3-thread-6
 message  {Id=bbe523bc-0bb9-445f-847c-35756e976ffc,FirstNumber=387,secondNumber=1092}  written to file by thread pool-3-thread-3
 message  {Id=aaabef60-3204-4334-be56-a3c830122247,FirstNumber=950,secondNumber=1658}  added by thread pool-3-thread-6
 message  {Id=aaabef60-3204-4334-be56-a3c830122247,FirstNumber=950,secondNumber=1658}  written to file by thread pool-3-thread-4
 message  {Id=62e69f7c-d13f-4266-9ca5-99dae4a1e7cd,FirstNumber=460,secondNumber=487}  added by thread pool-3-thread-6
 message  {Id=62e69f7c-d13f-4266-9ca5-99dae4a1e7cd,FirstNumber=460,secondNumber=487}  written to file by thread pool-3-thread-4
 message  {Id=b8d356cd-83f3-4983-98a1-9fa11caeea25,FirstNumber=20,secondNumber=947}  added by thread pool-3-thread-6
 message  {Id=b8d356cd-83f3-4983-98a1-9fa11caeea25,FirstNumber=20,secondNumber=947}  written to file by thread pool-3-thread-2
 message  {Id=22d5bb1f-68fd-4dac-b2a5-05d3eb193a50,FirstNumber=501,secondNumber=358}  added by thread pool-3-thread-6
 message  {Id=22d5bb1f-68fd-4dac-b2a5-05d3eb193a50,FirstNumber=501,secondNumber=358}  written to file by thread pool-3-thread-1
 message  {Id=1e4ba84c-cb6a-428b-8b9a-3917b9a4b2bf,FirstNumber=267,secondNumber=1733}  added by thread pool-3-thread-6
 message  {Id=06cf2993-c860-4be1-ae90-48bf68bf2567,FirstNumber=608,secondNumber=1700}  added by thread pool-3-thread-6
 message  {Id=1e4ba84c-cb6a-428b-8b9a-3917b9a4b2bf,FirstNumber=267,secondNumber=1733}  written to file by thread pool-3-thread-3
 message  {Id=06cf2993-c860-4be1-ae90-48bf68bf2567,FirstNumber=608,secondNumber=1700}  written to file by thread pool-3-thread-5
 message  {Id=6dfc5884-c9da-4e22-aefc-6146f4148831,FirstNumber=667,secondNumber=1446}  added by thread pool-3-thread-6
 message  {Id=6dfc5884-c9da-4e22-aefc-6146f4148831,FirstNumber=667,secondNumber=1446}  written to file by thread pool-3-thread-4
 message  {Id=8737307c-4661-4d16-98e3-89dd64988300,FirstNumber=624,secondNumber=1415}  added by thread pool-3-thread-6
 message  {Id=8737307c-4661-4d16-98e3-89dd64988300,FirstNumber=624,secondNumber=1415}  written to file by thread pool-3-thread-4
 message  {Id=42464728-b437-4254-94e3-1144886a90d6,FirstNumber=764,secondNumber=409}  added by thread pool-3-thread-6
 message  {Id=42464728-b437-4254-94e3-1144886a90d6,FirstNumber=764,secondNumber=409}  written to file by thread pool-3-thread-4
 message  {Id=b7e784fb-89c4-435b-abb2-1d0b3868d02e,FirstNumber=950,secondNumber=1158}  added by thread pool-3-thread-6
 message  {Id=b7e784fb-89c4-435b-abb2-1d0b3868d02e,FirstNumber=950,secondNumber=1158}  written to file by thread pool-3-thread-3
 message  {Id=aa3c3fe0-1837-4a61-85f8-5030d7355a0d,FirstNumber=164,secondNumber=1745}  added by thread pool-3-thread-6
 message  {Id=aa3c3fe0-1837-4a61-85f8-5030d7355a0d,FirstNumber=164,secondNumber=1745}  written to file by thread pool-3-thread-5
 message  {Id=5e4be8cb-2019-430b-890e-d5a7887a723f,FirstNumber=304,secondNumber=1230}  added by thread pool-3-thread-6
 message  {Id=5e4be8cb-2019-430b-890e-d5a7887a723f,FirstNumber=304,secondNumber=1230}  written to file by thread pool-3-thread-5
 message  {Id=e3d14990-e032-4f16-a8f8-1f0bfce57620,FirstNumber=165,secondNumber=561}  added by thread pool-3-thread-6
 message  {Id=e3d14990-e032-4f16-a8f8-1f0bfce57620,FirstNumber=165,secondNumber=561}  written to file by thread pool-3-thread-1
 message  {Id=89f4a51d-4d43-452a-b6fe-e378f3da1fe0,FirstNumber=155,secondNumber=1307}  added by thread pool-3-thread-6
 message  {Id=89f4a51d-4d43-452a-b6fe-e378f3da1fe0,FirstNumber=155,secondNumber=1307}  written to file by thread pool-3-thread-1
 message  {Id=6c4e4652-2d32-47fc-bcee-1dd180403cdd,FirstNumber=548,secondNumber=414}  added by thread pool-3-thread-6
 message  {Id=58a503e0-f3d3-41f1-9034-edac83a29001,FirstNumber=977,secondNumber=619}  added by thread pool-3-thread-6
 message  {Id=6c4e4652-2d32-47fc-bcee-1dd180403cdd,FirstNumber=548,secondNumber=414}  written to file by thread pool-3-thread-3
 message  {Id=58a503e0-f3d3-41f1-9034-edac83a29001,FirstNumber=977,secondNumber=619}  written to file by thread pool-3-thread-2
 message  {Id=290d9a7b-9932-4f1f-b67d-1cba37a71e97,FirstNumber=509,secondNumber=782}  added by thread pool-3-thread-6
 message  {Id=290d9a7b-9932-4f1f-b67d-1cba37a71e97,FirstNumber=509,secondNumber=782}  written to file by thread pool-3-thread-5
 message  {Id=d1101b46-7ebf-45c0-8ad1-8b1a56b5d2c4,FirstNumber=783,secondNumber=1900}  added by thread pool-3-thread-6
 message  {Id=d1101b46-7ebf-45c0-8ad1-8b1a56b5d2c4,FirstNumber=783,secondNumber=1900}  written to file by thread pool-3-thread-4
 message  {Id=10a5a43e-c3a7-4871-b68a-63ba4ac8db15,FirstNumber=911,secondNumber=952}  added by thread pool-3-thread-6
 message  {Id=10a5a43e-c3a7-4871-b68a-63ba4ac8db15,FirstNumber=911,secondNumber=952}  written to file by thread pool-3-thread-4
 message  {Id=39de63e7-b8ce-425f-8d6f-eac65a13353c,FirstNumber=162,secondNumber=1429}  added by thread pool-3-thread-6
 message  {Id=39de63e7-b8ce-425f-8d6f-eac65a13353c,FirstNumber=162,secondNumber=1429}  written to file by thread pool-3-thread-3
 message  {Id=65e727b0-506a-4af8-9bf6-9b8d61a5b080,FirstNumber=18,secondNumber=1362}  added by thread pool-3-thread-6
 message  {Id=65e727b0-506a-4af8-9bf6-9b8d61a5b080,FirstNumber=18,secondNumber=1362}  written to file by thread pool-3-thread-2
 message  {Id=56e5008b-10c0-4b45-9615-2d2230585d88,FirstNumber=926,secondNumber=1109}  added by thread pool-3-thread-6
 message  {Id=56e5008b-10c0-4b45-9615-2d2230585d88,FirstNumber=926,secondNumber=1109}  written to file by thread pool-3-thread-2
 message  {Id=b278f4f8-9a26-4d09-a3bd-31b7ff92783e,FirstNumber=960,secondNumber=1386}  added by thread pool-3-thread-6
 message  {Id=b278f4f8-9a26-4d09-a3bd-31b7ff92783e,FirstNumber=960,secondNumber=1386}  written to file by thread pool-3-thread-1
 message  {Id=2498e5b2-8cba-452d-9791-4a439346ebb1,FirstNumber=249,secondNumber=498}  added by thread pool-3-thread-6
 message  {Id=2498e5b2-8cba-452d-9791-4a439346ebb1,FirstNumber=249,secondNumber=498}  written to file by thread pool-3-thread-1
 message  {Id=a8637b63-fc2c-48f4-b6cf-4693f86e14db,FirstNumber=357,secondNumber=1340}  added by thread pool-3-thread-6
 message  {Id=9cfe5d61-63d2-4ed9-9260-6f12f27082d1,FirstNumber=356,secondNumber=1442}  added by thread pool-3-thread-6
 message  {Id=a8637b63-fc2c-48f4-b6cf-4693f86e14db,FirstNumber=357,secondNumber=1340}  written to file by thread pool-3-thread-3
 message  {Id=9cfe5d61-63d2-4ed9-9260-6f12f27082d1,FirstNumber=356,secondNumber=1442}  written to file by thread pool-3-thread-5
 message  {Id=6739cda9-a2b6-403b-a205-b23412f6b1f2,FirstNumber=145,secondNumber=1029}  added by thread pool-3-thread-6
 message  {Id=6739cda9-a2b6-403b-a205-b23412f6b1f2,FirstNumber=145,secondNumber=1029}  written to file by thread pool-3-thread-2
 message  {Id=851b98f4-03c5-477d-bfb8-cdfab9eb1227,FirstNumber=631,secondNumber=1315}  added by thread pool-3-thread-6
 message  {Id=851b98f4-03c5-477d-bfb8-cdfab9eb1227,FirstNumber=631,secondNumber=1315}  written to file by thread pool-3-thread-4
 message  {Id=61598438-0f4c-4270-b53f-c250a7cf62cc,FirstNumber=927,secondNumber=1092}  added by thread pool-3-thread-6
 message  {Id=61598438-0f4c-4270-b53f-c250a7cf62cc,FirstNumber=927,secondNumber=1092}  written to file by thread pool-3-thread-4
 message  {Id=f480c9f5-0a6c-4b0f-a3c0-7e48d8c4fb23,FirstNumber=705,secondNumber=534}  added by thread pool-3-thread-6
 message  {Id=ab44c2ea-47ed-4e2a-9d25-6328769778f4,FirstNumber=157,secondNumber=218}  added by thread pool-3-thread-6
 message  {Id=f480c9f5-0a6c-4b0f-a3c0-7e48d8c4fb23,FirstNumber=705,secondNumber=534}  written to file by thread pool-3-thread-3
 message  {Id=ab44c2ea-47ed-4e2a-9d25-6328769778f4,FirstNumber=157,secondNumber=218}  written to file by thread pool-3-thread-5
 message  {Id=fae22049-6384-428b-98a0-7d2b726fe88f,FirstNumber=61,secondNumber=1243}  added by thread pool-3-thread-6
 message  {Id=fae22049-6384-428b-98a0-7d2b726fe88f,FirstNumber=61,secondNumber=1243}  written to file by thread pool-3-thread-5
 message  {Id=1c30ea15-8e61-4669-b621-7c5cfd13cf4d,FirstNumber=477,secondNumber=1447}  added by thread pool-3-thread-6
 message  {Id=1c30ea15-8e61-4669-b621-7c5cfd13cf4d,FirstNumber=477,secondNumber=1447}  written to file by thread pool-3-thread-1
 message  {Id=2b1be2c4-498f-4a39-98f4-905153d643aa,FirstNumber=320,secondNumber=1383}  added by thread pool-3-thread-6
 message  {Id=2b1be2c4-498f-4a39-98f4-905153d643aa,FirstNumber=320,secondNumber=1383}  written to file by thread pool-3-thread-4
 message  {Id=548f1f52-d4cf-409d-abfe-5793f031948e,FirstNumber=325,secondNumber=1274}  added by thread pool-3-thread-6
 message  {Id=6752e560-6685-443b-8a80-4be2af7511db,FirstNumber=233,secondNumber=1411}  added by thread pool-3-thread-6
 message  {Id=548f1f52-d4cf-409d-abfe-5793f031948e,FirstNumber=325,secondNumber=1274}  written to file by thread pool-3-thread-3
 message  {Id=6752e560-6685-443b-8a80-4be2af7511db,FirstNumber=233,secondNumber=1411}  written to file by thread pool-3-thread-2
 message  {Id=09da1e6f-001d-4d40-9b10-7d407ea60688,FirstNumber=797,secondNumber=765}  added by thread pool-3-thread-6
 message  {Id=09da1e6f-001d-4d40-9b10-7d407ea60688,FirstNumber=797,secondNumber=765}  written to file by thread pool-3-thread-2
 message  {Id=c87dabd3-4576-41c8-bf64-d7ca6cc2a9f6,FirstNumber=207,secondNumber=1681}  added by thread pool-3-thread-6
 message  {Id=c87dabd3-4576-41c8-bf64-d7ca6cc2a9f6,FirstNumber=207,secondNumber=1681}  written to file by thread pool-3-thread-1
 message  {Id=2058f2e0-7067-46b4-858f-4135e859a604,FirstNumber=660,secondNumber=396}  added by thread pool-3-thread-6
 message  {Id=2058f2e0-7067-46b4-858f-4135e859a604,FirstNumber=660,secondNumber=396}  written to file by thread pool-3-thread-1
 message  {Id=e67b5c0e-a4f4-4526-85bb-ffaa341868fb,FirstNumber=672,secondNumber=1057}  added by thread pool-3-thread-6
 message  {Id=8262f356-f0b3-4c95-a5a1-34e25779824e,FirstNumber=551,secondNumber=1755}  added by thread pool-3-thread-6
 message  {Id=e67b5c0e-a4f4-4526-85bb-ffaa341868fb,FirstNumber=672,secondNumber=1057}  written to file by thread pool-3-thread-3
 message  {Id=8262f356-f0b3-4c95-a5a1-34e25779824e,FirstNumber=551,secondNumber=1755}  written to file by thread pool-3-thread-5
 message  {Id=4677fa48-0658-457a-abad-7f55c636a0fb,FirstNumber=880,secondNumber=1783}  added by thread pool-3-thread-6
 message  {Id=4677fa48-0658-457a-abad-7f55c636a0fb,FirstNumber=880,secondNumber=1783}  written to file by thread pool-3-thread-5
 message  {Id=697ac98e-cc11-41cd-86c2-47aa85a3c3d2,FirstNumber=70,secondNumber=1840}  added by thread pool-3-thread-6
 message  {Id=697ac98e-cc11-41cd-86c2-47aa85a3c3d2,FirstNumber=70,secondNumber=1840}  written to file by thread pool-3-thread-4
 message  {Id=c20809c6-46c2-48dd-8e75-53dad3c55aab,FirstNumber=472,secondNumber=463}  added by thread pool-3-thread-6
 message  {Id=c20809c6-46c2-48dd-8e75-53dad3c55aab,FirstNumber=472,secondNumber=463}  written to file by thread pool-3-thread-1
 message  {Id=0baf88ac-18f3-4d9c-8abb-a6d201a891c4,FirstNumber=951,secondNumber=1082}  added by thread pool-3-thread-6
 message  {Id=210d5537-d9ea-4ad5-a051-496ccfe39296,FirstNumber=942,secondNumber=876}  added by thread pool-3-thread-6
 message  {Id=0baf88ac-18f3-4d9c-8abb-a6d201a891c4,FirstNumber=951,secondNumber=1082}  written to file by thread pool-3-thread-3
 message  {Id=210d5537-d9ea-4ad5-a051-496ccfe39296,FirstNumber=942,secondNumber=876}  written to file by thread pool-3-thread-2
 message  {Id=9c4b6633-bb0f-4925-a09a-3ee03be11e6c,FirstNumber=115,secondNumber=473}  added by thread pool-3-thread-6
 message  {Id=9c4b6633-bb0f-4925-a09a-3ee03be11e6c,FirstNumber=115,secondNumber=473}  written to file by thread pool-3-thread-5
 message  {Id=76c41f5f-d79b-4941-9cd0-a06b0445729f,FirstNumber=809,secondNumber=1916}  added by thread pool-3-thread-6
 message  {Id=76c41f5f-d79b-4941-9cd0-a06b0445729f,FirstNumber=809,secondNumber=1916}  written to file by thread pool-3-thread-4
 message  {Id=cef4f87f-197e-4b5d-b194-2c29c326750b,FirstNumber=815,secondNumber=18}  added by thread pool-3-thread-6
 message  {Id=cef4f87f-197e-4b5d-b194-2c29c326750b,FirstNumber=815,secondNumber=18}  written to file by thread pool-3-thread-4
 message  {Id=2499f476-59e0-43c6-b164-904874dc7c52,FirstNumber=282,secondNumber=400}  added by thread pool-3-thread-6
 message  {Id=2499f476-59e0-43c6-b164-904874dc7c52,FirstNumber=282,secondNumber=400}  written to file by thread pool-3-thread-3
 message  {Id=2d4c67c9-03c7-4dd1-b1fb-b51f76d048d4,FirstNumber=612,secondNumber=1443}  added by thread pool-3-thread-6
 message  {Id=2d4c67c9-03c7-4dd1-b1fb-b51f76d048d4,FirstNumber=612,secondNumber=1443}  written to file by thread pool-3-thread-2
 message  {Id=c518255c-6fef-478c-aafd-13c376707a0c,FirstNumber=160,secondNumber=1535}  added by thread pool-3-thread-6
 message  {Id=c518255c-6fef-478c-aafd-13c376707a0c,FirstNumber=160,secondNumber=1535}  written to file by thread pool-3-thread-5
 message  {Id=338e109d-35d1-48f3-a283-338a9cff02cc,FirstNumber=682,secondNumber=67}  added by thread pool-3-thread-6
 message  {Id=338e109d-35d1-48f3-a283-338a9cff02cc,FirstNumber=682,secondNumber=67}  written to file by thread pool-3-thread-1
 message  {Id=dca3c7fe-f66b-4d3c-8566-f917169fd79a,FirstNumber=498,secondNumber=356}  added by thread pool-3-thread-6
 message  {Id=dca3c7fe-f66b-4d3c-8566-f917169fd79a,FirstNumber=498,secondNumber=356}  written to file by thread pool-3-thread-1
 message  {Id=437917f0-bc9e-4d7e-8253-6fd8091e13b6,FirstNumber=258,secondNumber=830}  added by thread pool-3-thread-6
 message  {Id=7a23af4c-f36a-4327-9677-e528b291a86a,FirstNumber=427,secondNumber=144}  added by thread pool-3-thread-6
 message  {Id=437917f0-bc9e-4d7e-8253-6fd8091e13b6,FirstNumber=258,secondNumber=830}  written to file by thread pool-3-thread-3
 message  {Id=7a23af4c-f36a-4327-9677-e528b291a86a,FirstNumber=427,secondNumber=144}  written to file by thread pool-3-thread-2
 message  {Id=ae15f54b-5e73-4afe-825b-b08142a3632e,FirstNumber=307,secondNumber=138}  added by thread pool-3-thread-6
 message  {Id=ae15f54b-5e73-4afe-825b-b08142a3632e,FirstNumber=307,secondNumber=138}  written to file by thread pool-3-thread-5
 message  {Id=8da6648a-14ea-4f88-88e7-c92f61807bd7,FirstNumber=374,secondNumber=129}  added by thread pool-3-thread-6
 message  {Id=8da6648a-14ea-4f88-88e7-c92f61807bd7,FirstNumber=374,secondNumber=129}  written to file by thread pool-3-thread-5
 message  {Id=88a8843d-f67d-4451-be6f-1c4af746b91b,FirstNumber=14,secondNumber=75}  added by thread pool-3-thread-6
 message  {Id=88a8843d-f67d-4451-be6f-1c4af746b91b,FirstNumber=14,secondNumber=75}  written to file by thread pool-3-thread-1
 message  {Id=04fd8dfa-0513-4180-871f-e7ecf39bfda9,FirstNumber=905,secondNumber=487}  added by thread pool-3-thread-6
 message  {Id=04fd8dfa-0513-4180-871f-e7ecf39bfda9,FirstNumber=905,secondNumber=487}  written to file by thread pool-3-thread-3
 message  {Id=13d2d6f7-9461-48d7-8dd7-94c00e15d1a2,FirstNumber=793,secondNumber=1364}  added by thread pool-3-thread-6
 message  {Id=13d2d6f7-9461-48d7-8dd7-94c00e15d1a2,FirstNumber=793,secondNumber=1364}  written to file by thread pool-3-thread-2
 message  {Id=822d7690-1e25-4047-bff1-8621370cda3c,FirstNumber=800,secondNumber=1190}  added by thread pool-3-thread-6
 message  {Id=822d7690-1e25-4047-bff1-8621370cda3c,FirstNumber=800,secondNumber=1190}  written to file by thread pool-3-thread-2
 message  {Id=bd259edc-bde8-4222-8216-f6d84e858ea7,FirstNumber=773,secondNumber=364}  added by thread pool-3-thread-6
 message  {Id=bd259edc-bde8-4222-8216-f6d84e858ea7,FirstNumber=773,secondNumber=364}  written to file by thread pool-3-thread-5
 message  {Id=68022ddc-f25f-40af-b3ef-ba6bd3373ff7,FirstNumber=727,secondNumber=841}  added by thread pool-3-thread-6
 message  {Id=68022ddc-f25f-40af-b3ef-ba6bd3373ff7,FirstNumber=727,secondNumber=841}  written to file by thread pool-3-thread-5
 message  {Id=c6bc21de-0a83-4fae-98c5-d986fd1b016b,FirstNumber=958,secondNumber=698}  added by thread pool-3-thread-6
 message  {Id=1f7dbfab-516e-4807-856c-6a2c7d792404,FirstNumber=101,secondNumber=837}  added by thread pool-3-thread-6
 message  {Id=c6bc21de-0a83-4fae-98c5-d986fd1b016b,FirstNumber=958,secondNumber=698}  written to file by thread pool-3-thread-3
 message  {Id=1f7dbfab-516e-4807-856c-6a2c7d792404,FirstNumber=101,secondNumber=837}  written to file by thread pool-3-thread-4
 message  {Id=2f0b937f-cc7d-4df6-8219-beb15db38ad4,FirstNumber=788,secondNumber=174}  added by thread pool-3-thread-6
 message  {Id=2f0b937f-cc7d-4df6-8219-beb15db38ad4,FirstNumber=788,secondNumber=174}  written to file by thread pool-3-thread-2
 message  {Id=88f5f9f8-b9c2-4cb6-9286-1296fa7a8e7e,FirstNumber=286,secondNumber=148}  added by thread pool-3-thread-6
 message  {Id=88f5f9f8-b9c2-4cb6-9286-1296fa7a8e7e,FirstNumber=286,secondNumber=148}  written to file by thread pool-3-thread-2
 message  {Id=d9bb45bf-c4ae-4640-b247-28585e15702d,FirstNumber=248,secondNumber=38}  added by thread pool-3-thread-6
 message  {Id=d9bb45bf-c4ae-4640-b247-28585e15702d,FirstNumber=248,secondNumber=38}  written to file by thread pool-3-thread-5
 message  {Id=72e6769e-4aa1-442d-aab5-ce78d31e0c8d,FirstNumber=455,secondNumber=162}  added by thread pool-3-thread-6
 message  {Id=72e6769e-4aa1-442d-aab5-ce78d31e0c8d,FirstNumber=455,secondNumber=162}  written to file by thread pool-3-thread-5
 message  {Id=afe6a78b-7283-4a87-bbe1-15bef46c21ee,FirstNumber=205,secondNumber=677}  added by thread pool-3-thread-6
 message  {Id=afe6a78b-7283-4a87-bbe1-15bef46c21ee,FirstNumber=205,secondNumber=677}  written to file by thread pool-3-thread-4
 message  {Id=181ec672-474a-4b18-bb92-9dae732394ff,FirstNumber=735,secondNumber=1317}  added by thread pool-3-thread-6
 message  {Id=181ec672-474a-4b18-bb92-9dae732394ff,FirstNumber=735,secondNumber=1317}  written to file by thread pool-3-thread-4
 message  {Id=43b3e367-eaa5-4162-8e28-7a4c10bf35c3,FirstNumber=410,secondNumber=961}  added by thread pool-3-thread-6
 message  {Id=43b3e367-eaa5-4162-8e28-7a4c10bf35c3,FirstNumber=410,secondNumber=961}  written to file by thread pool-3-thread-2
 message  {Id=81f54adc-854e-4cd2-82d1-63e9abb93327,FirstNumber=738,secondNumber=713}  added by thread pool-3-thread-6
 message  {Id=81f54adc-854e-4cd2-82d1-63e9abb93327,FirstNumber=738,secondNumber=713}  written to file by thread pool-3-thread-2
 message  {Id=e3b266e2-68f8-44e3-b81b-6dd4d28499d1,FirstNumber=296,secondNumber=155}  added by thread pool-3-thread-6
 message  {Id=e3b266e2-68f8-44e3-b81b-6dd4d28499d1,FirstNumber=296,secondNumber=155}  written to file by thread pool-3-thread-5
 message  {Id=ba5f744c-9a1b-450f-9b04-06237c41b16b,FirstNumber=24,secondNumber=477}  added by thread pool-3-thread-6
 message  {Id=ba5f744c-9a1b-450f-9b04-06237c41b16b,FirstNumber=24,secondNumber=477}  written to file by thread pool-3-thread-5
 message  {Id=1bddb350-a668-4a1c-9d22-89f9de1b1820,FirstNumber=833,secondNumber=1911}  added by thread pool-3-thread-6
 message  {Id=1bddb350-a668-4a1c-9d22-89f9de1b1820,FirstNumber=833,secondNumber=1911}  written to file by thread pool-3-thread-4
 message  {Id=5a842dbf-f16e-47af-aa2d-5f19052b19d5,FirstNumber=988,secondNumber=1544}  added by thread pool-3-thread-6
 message  {Id=5a842dbf-f16e-47af-aa2d-5f19052b19d5,FirstNumber=988,secondNumber=1544}  written to file by thread pool-3-thread-4
 message  {Id=ef33c012-0ee5-4674-82dc-77f65cddd574,FirstNumber=8,secondNumber=1329}  added by thread pool-3-thread-6
 message  {Id=ef33c012-0ee5-4674-82dc-77f65cddd574,FirstNumber=8,secondNumber=1329}  written to file by thread pool-3-thread-2
 message  {Id=181b3c73-c11a-4b9f-9a71-2c129c88d11b,FirstNumber=834,secondNumber=1336}  added by thread pool-3-thread-6
 message  {Id=181b3c73-c11a-4b9f-9a71-2c129c88d11b,FirstNumber=834,secondNumber=1336}  written to file by thread pool-3-thread-2
 message  {Id=33a989cc-3e8a-453d-8b73-a24c533551b9,FirstNumber=866,secondNumber=1750}  added by thread pool-3-thread-6
 message  {Id=33a989cc-3e8a-453d-8b73-a24c533551b9,FirstNumber=866,secondNumber=1750}  written to file by thread pool-3-thread-5
 message  {Id=0616782e-4c8c-4c05-9920-58d85bcbd363,FirstNumber=852,secondNumber=962}  added by thread pool-3-thread-6
 message  {Id=814e9494-8f86-455d-a63f-ad1d8f156e5a,FirstNumber=375,secondNumber=464}  added by thread pool-3-thread-6
 message  {Id=0616782e-4c8c-4c05-9920-58d85bcbd363,FirstNumber=852,secondNumber=962}  written to file by thread pool-3-thread-3
 message  {Id=814e9494-8f86-455d-a63f-ad1d8f156e5a,FirstNumber=375,secondNumber=464}  written to file by thread pool-3-thread-4
 message  {Id=43936ba5-cdfd-4d0d-8357-62a6afa77b28,FirstNumber=250,secondNumber=84}  added by thread pool-3-thread-6
 message  {Id=43936ba5-cdfd-4d0d-8357-62a6afa77b28,FirstNumber=250,secondNumber=84}  written to file by thread pool-3-thread-1
 message  {Id=399796ea-3858-4a2a-8357-5ecfb2876804,FirstNumber=301,secondNumber=1848}  added by thread pool-3-thread-6
 message  {Id=399796ea-3858-4a2a-8357-5ecfb2876804,FirstNumber=301,secondNumber=1848}  written to file by thread pool-3-thread-2
 message  {Id=dd92bfeb-8039-402b-94d9-6108c90ef8ef,FirstNumber=657,secondNumber=1690}  added by thread pool-3-thread-6
 message  {Id=dd92bfeb-8039-402b-94d9-6108c90ef8ef,FirstNumber=657,secondNumber=1690}  written to file by thread pool-3-thread-2
 message  {Id=b55bec1f-5d8e-4bdd-b1fd-bb970d14190e,FirstNumber=569,secondNumber=648}  added by thread pool-3-thread-6
 message  {Id=a03bd4a6-596a-4276-8924-93e4843d8b4e,FirstNumber=144,secondNumber=193}  added by thread pool-3-thread-6
 message  {Id=b55bec1f-5d8e-4bdd-b1fd-bb970d14190e,FirstNumber=569,secondNumber=648}  written to file by thread pool-3-thread-3
 message  {Id=a03bd4a6-596a-4276-8924-93e4843d8b4e,FirstNumber=144,secondNumber=193}  written to file by thread pool-3-thread-4
 message  {Id=f4b47021-0925-45d2-af3c-d2c861ed0867,FirstNumber=413,secondNumber=1693}  added by thread pool-3-thread-6
 message  {Id=f4b47021-0925-45d2-af3c-d2c861ed0867,FirstNumber=413,secondNumber=1693}  written to file by thread pool-3-thread-4
 message  {Id=854e676a-0530-4976-ad46-b93e07a1b89d,FirstNumber=938,secondNumber=684}  added by thread pool-3-thread-6
 message  {Id=854e676a-0530-4976-ad46-b93e07a1b89d,FirstNumber=938,secondNumber=684}  written to file by thread pool-3-thread-5
 message  {Id=48f6dc0c-6ef5-41ad-9667-08ef87566770,FirstNumber=127,secondNumber=1372}  added by thread pool-3-thread-6
 message  {Id=48f6dc0c-6ef5-41ad-9667-08ef87566770,FirstNumber=127,secondNumber=1372}  written to file by thread pool-3-thread-2
 message  {Id=eda44e04-3eed-47c8-8da9-6f3fe80a6302,FirstNumber=973,secondNumber=863}  added by thread pool-3-thread-6
 message  {Id=eda44e04-3eed-47c8-8da9-6f3fe80a6302,FirstNumber=973,secondNumber=863}  written to file by thread pool-3-thread-2
 message  {Id=25f9029e-74f5-40ad-a586-b0fd9d2955e4,FirstNumber=295,secondNumber=317}  added by thread pool-3-thread-6
 message  {Id=25f9029e-74f5-40ad-a586-b0fd9d2955e4,FirstNumber=295,secondNumber=317}  written to file by thread pool-3-thread-1
 message  {Id=997d9fcd-c104-4e42-9e58-da362a253ba6,FirstNumber=299,secondNumber=827}  added by thread pool-3-thread-6
 message  {Id=997d9fcd-c104-4e42-9e58-da362a253ba6,FirstNumber=299,secondNumber=827}  written to file by thread pool-3-thread-4
 message  {Id=d08ea12c-0e51-4447-bfab-3cc47e89448d,FirstNumber=4,secondNumber=1101}  added by thread pool-3-thread-6
 message  {Id=d08ea12c-0e51-4447-bfab-3cc47e89448d,FirstNumber=4,secondNumber=1101}  written to file by thread pool-3-thread-4
 message  {Id=996474c2-edf4-4808-b1bd-23fba6c4d04b,FirstNumber=335,secondNumber=1728}  added by thread pool-3-thread-6
 message  {Id=996474c2-edf4-4808-b1bd-23fba6c4d04b,FirstNumber=335,secondNumber=1728}  written to file by thread pool-3-thread-3
 message  {Id=5e0243a7-8e2e-4aa4-af6d-21227b8f8ea4,FirstNumber=996,secondNumber=1394}  added by thread pool-3-thread-6
 message  {Id=5e0243a7-8e2e-4aa4-af6d-21227b8f8ea4,FirstNumber=996,secondNumber=1394}  written to file by thread pool-3-thread-2
 message  {Id=71a8e9bb-4c14-4dc2-99e2-3fc4e692d23d,FirstNumber=361,secondNumber=1016}  added by thread pool-3-thread-6
 message  {Id=71a8e9bb-4c14-4dc2-99e2-3fc4e692d23d,FirstNumber=361,secondNumber=1016}  written to file by thread pool-3-thread-1
 message  {Id=f2f68cd0-d351-4395-977e-9b7620b3a512,FirstNumber=926,secondNumber=158}  added by thread pool-3-thread-6
 message  {Id=f2f68cd0-d351-4395-977e-9b7620b3a512,FirstNumber=926,secondNumber=158}  written to file by thread pool-3-thread-1
 message  {Id=2f5f531e-4bb3-4f15-99fe-4035b81eb0b2,FirstNumber=597,secondNumber=1677}  added by thread pool-3-thread-6
 message  {Id=2f5f531e-4bb3-4f15-99fe-4035b81eb0b2,FirstNumber=597,secondNumber=1677}  written to file by thread pool-3-thread-4
 message  {Id=93d07f12-a276-4740-988e-1675961fdaf1,FirstNumber=839,secondNumber=1894}  added by thread pool-3-thread-6
 message  {Id=93d07f12-a276-4740-988e-1675961fdaf1,FirstNumber=839,secondNumber=1894}  written to file by thread pool-3-thread-4
 message  {Id=6d05b343-f0dc-4af2-88da-a6ff92c6f114,FirstNumber=537,secondNumber=1867}  added by thread pool-3-thread-6
 message  {Id=6d05b343-f0dc-4af2-88da-a6ff92c6f114,FirstNumber=537,secondNumber=1867}  written to file by thread pool-3-thread-2
 message  {Id=9d96845f-da10-42be-ab35-bd6330fc912d,FirstNumber=205,secondNumber=58}  added by thread pool-3-thread-6
 message  {Id=9d96845f-da10-42be-ab35-bd6330fc912d,FirstNumber=205,secondNumber=58}  written to file by thread pool-3-thread-5
 message  {Id=dce9131a-3c70-49b6-bc4b-2745d8bdd366,FirstNumber=891,secondNumber=1507}  added by thread pool-3-thread-6
 message  {Id=dce9131a-3c70-49b6-bc4b-2745d8bdd366,FirstNumber=891,secondNumber=1507}  written to file by thread pool-3-thread-1
 message  {Id=ef66f07a-9cf5-4e6a-838f-dba54d675c19,FirstNumber=824,secondNumber=340}  added by thread pool-3-thread-6
 message  {Id=5898bb8a-6e7f-40a5-a6be-f7abfeed0cee,FirstNumber=828,secondNumber=1785}  added by thread pool-3-thread-6
 message  {Id=ef66f07a-9cf5-4e6a-838f-dba54d675c19,FirstNumber=824,secondNumber=340}  written to file by thread pool-3-thread-3
 message  {Id=5898bb8a-6e7f-40a5-a6be-f7abfeed0cee,FirstNumber=828,secondNumber=1785}  written to file by thread pool-3-thread-4
 message  {Id=b2225452-27cf-4c8c-be12-6ec3cc0fbc15,FirstNumber=572,secondNumber=1161}  added by thread pool-3-thread-6
 message  {Id=b2225452-27cf-4c8c-be12-6ec3cc0fbc15,FirstNumber=572,secondNumber=1161}  written to file by thread pool-3-thread-2
 message  {Id=38056d30-2cd0-46c9-8a9b-a38f2de5d0b3,FirstNumber=158,secondNumber=475}  added by thread pool-3-thread-6
 message  {Id=38056d30-2cd0-46c9-8a9b-a38f2de5d0b3,FirstNumber=158,secondNumber=475}  written to file by thread pool-3-thread-5
 message  {Id=5ffab1f2-950f-4bae-9d3b-44f6992ab145,FirstNumber=275,secondNumber=682}  added by thread pool-3-thread-6
 message  {Id=5ffab1f2-950f-4bae-9d3b-44f6992ab145,FirstNumber=275,secondNumber=682}  written to file by thread pool-3-thread-1
 message  {Id=148f024e-cbf0-4710-8c96-43f51553b695,FirstNumber=622,secondNumber=157}  added by thread pool-3-thread-6
 message  {Id=148f024e-cbf0-4710-8c96-43f51553b695,FirstNumber=622,secondNumber=157}  written to file by thread pool-3-thread-3
 message  {Id=8fc49aa7-3f66-48d0-8f50-ed63f8e00720,FirstNumber=978,secondNumber=1048}  added by thread pool-3-thread-6
 message  {Id=8fc49aa7-3f66-48d0-8f50-ed63f8e00720,FirstNumber=978,secondNumber=1048}  written to file by thread pool-3-thread-4
 message  {Id=f22e880e-84fb-4455-8802-780b57a59894,FirstNumber=954,secondNumber=515}  added by thread pool-3-thread-6
 message  {Id=f22e880e-84fb-4455-8802-780b57a59894,FirstNumber=954,secondNumber=515}  written to file by thread pool-3-thread-4
 message  {Id=add69f68-fb2a-4276-9dbe-6da10807c55c,FirstNumber=903,secondNumber=1809}  added by thread pool-3-thread-6
 message  {Id=add69f68-fb2a-4276-9dbe-6da10807c55c,FirstNumber=903,secondNumber=1809}  written to file by thread pool-3-thread-5
 message  {Id=d0dd5e23-7822-4e77-8f7b-b4a9048d4a72,FirstNumber=63,secondNumber=257}  added by thread pool-3-thread-6
 message  {Id=d0dd5e23-7822-4e77-8f7b-b4a9048d4a72,FirstNumber=63,secondNumber=257}  written to file by thread pool-3-thread-5
 message  {Id=e1af623f-0446-4df3-8924-257529670bfa,FirstNumber=275,secondNumber=362}  added by thread pool-3-thread-6
 message  {Id=be6917ad-0c17-4e32-abe5-02bc0b2586d6,FirstNumber=661,secondNumber=1593}  added by thread pool-3-thread-6
 message  {Id=e1af623f-0446-4df3-8924-257529670bfa,FirstNumber=275,secondNumber=362}  written to file by thread pool-3-thread-3
 message  {Id=be6917ad-0c17-4e32-abe5-02bc0b2586d6,FirstNumber=661,secondNumber=1593}  written to file by thread pool-3-thread-2
 message  {Id=af021c7b-68a7-446f-a6ff-2ad7917602b5,FirstNumber=482,secondNumber=594}  added by thread pool-3-thread-6
 message  {Id=af021c7b-68a7-446f-a6ff-2ad7917602b5,FirstNumber=482,secondNumber=594}  written to file by thread pool-3-thread-4
 message  {Id=bd2f319b-d82d-414d-99eb-bc804ec90236,FirstNumber=384,secondNumber=75}  added by thread pool-3-thread-6
 message  {Id=bd2f319b-d82d-414d-99eb-bc804ec90236,FirstNumber=384,secondNumber=75}  written to file by thread pool-3-thread-1
 message  {Id=ec5dbeb2-ad1e-46f3-9dab-de557b3f47f8,FirstNumber=454,secondNumber=1275}  added by thread pool-3-thread-6
 message  {Id=ec5dbeb2-ad1e-46f3-9dab-de557b3f47f8,FirstNumber=454,secondNumber=1275}  written to file by thread pool-3-thread-5
 message  {Id=559f46e0-e0e9-47aa-ab97-a255075a4751,FirstNumber=487,secondNumber=480}  added by thread pool-3-thread-6
 message  {Id=559f46e0-e0e9-47aa-ab97-a255075a4751,FirstNumber=487,secondNumber=480}  written to file by thread pool-3-thread-5
 message  {Id=87a6bda1-4842-4455-b411-19968b1f7ac6,FirstNumber=433,secondNumber=520}  added by thread pool-3-thread-6
 message  {Id=87a6bda1-4842-4455-b411-19968b1f7ac6,FirstNumber=433,secondNumber=520}  written to file by thread pool-3-thread-2
 message  {Id=225c652f-ef84-4fd6-a5ab-7f557660a04a,FirstNumber=121,secondNumber=1192}  added by thread pool-3-thread-6
 message  {Id=225c652f-ef84-4fd6-a5ab-7f557660a04a,FirstNumber=121,secondNumber=1192}  written to file by thread pool-3-thread-4
 message  {Id=179e68d3-990b-46fc-a700-16d64bf51062,FirstNumber=582,secondNumber=1893}  added by thread pool-3-thread-6
 message  {Id=179e68d3-990b-46fc-a700-16d64bf51062,FirstNumber=582,secondNumber=1893}  written to file by thread pool-3-thread-1
 message  {Id=e5eb0cdc-c5d3-4c5f-9ea9-6dcbcf8ea1e0,FirstNumber=465,secondNumber=396}  added by thread pool-3-thread-6
 message  {Id=e5eb0cdc-c5d3-4c5f-9ea9-6dcbcf8ea1e0,FirstNumber=465,secondNumber=396}  written to file by thread pool-3-thread-3
 message  {Id=e95e41a4-d231-49b4-a68b-76620e940df2,FirstNumber=140,secondNumber=531}  added by thread pool-3-thread-6
 message  {Id=e95e41a4-d231-49b4-a68b-76620e940df2,FirstNumber=140,secondNumber=531}  written to file by thread pool-3-thread-5
 message  {Id=68d5c924-cf77-4797-ae18-69450b60a33a,FirstNumber=944,secondNumber=284}  added by thread pool-3-thread-6
 message  {Id=68d5c924-cf77-4797-ae18-69450b60a33a,FirstNumber=944,secondNumber=284}  written to file by thread pool-3-thread-2
 message  {Id=68f1c376-4b56-4b3c-92c6-07cb6bd6c61b,FirstNumber=187,secondNumber=282}  added by thread pool-3-thread-6
 message  {Id=68f1c376-4b56-4b3c-92c6-07cb6bd6c61b,FirstNumber=187,secondNumber=282}  written to file by thread pool-3-thread-4
 message  {Id=4d912e81-c608-4f3c-9bea-d9e13a399ebe,FirstNumber=322,secondNumber=1335}  added by thread pool-3-thread-6
 message  {Id=4d912e81-c608-4f3c-9bea-d9e13a399ebe,FirstNumber=322,secondNumber=1335}  written to file by thread pool-3-thread-4
 message  {Id=460206a9-b58d-4a63-8c8b-57cf44740f68,FirstNumber=682,secondNumber=1221}  added by thread pool-3-thread-6
 message  {Id=460206a9-b58d-4a63-8c8b-57cf44740f68,FirstNumber=682,secondNumber=1221}  written to file by thread pool-3-thread-4
 message  {Id=ebcc09ec-1c38-4240-a530-69943edf4270,FirstNumber=191,secondNumber=1146}  added by thread pool-3-thread-6
 message  {Id=ebcc09ec-1c38-4240-a530-69943edf4270,FirstNumber=191,secondNumber=1146}  written to file by thread pool-3-thread-5
 message  {Id=b6fd8abd-3449-422a-96a0-01f518530d92,FirstNumber=828,secondNumber=1650}  added by thread pool-3-thread-6
 message  {Id=b6fd8abd-3449-422a-96a0-01f518530d92,FirstNumber=828,secondNumber=1650}  written to file by thread pool-3-thread-2
 message  {Id=efc77fda-6498-47c7-a0e6-7ca416285ec3,FirstNumber=721,secondNumber=1164}  added by thread pool-3-thread-6
 message  {Id=efc77fda-6498-47c7-a0e6-7ca416285ec3,FirstNumber=721,secondNumber=1164}  written to file by thread pool-3-thread-2
 message  {Id=977e5b78-93a4-44be-aa70-7bf79ca2e346,FirstNumber=385,secondNumber=809}  added by thread pool-3-thread-6
 message  {Id=40bbfd46-dac1-4e51-aa96-ab1e386ea9c2,FirstNumber=460,secondNumber=1593}  added by thread pool-3-thread-6
 message  {Id=977e5b78-93a4-44be-aa70-7bf79ca2e346,FirstNumber=385,secondNumber=809}  written to file by thread pool-3-thread-3
 message  {Id=40bbfd46-dac1-4e51-aa96-ab1e386ea9c2,FirstNumber=460,secondNumber=1593}  written to file by thread pool-3-thread-4
 message  {Id=63675a77-8858-4824-b937-8a5a618ceb21,FirstNumber=398,secondNumber=912}  added by thread pool-3-thread-6
 message  {Id=63675a77-8858-4824-b937-8a5a618ceb21,FirstNumber=398,secondNumber=912}  written to file by thread pool-3-thread-5
 message  {Id=8d38bb7b-ccc3-44f0-af4d-54c39332900a,FirstNumber=41,secondNumber=0}  added by thread pool-3-thread-6
 message  {Id=8d38bb7b-ccc3-44f0-af4d-54c39332900a,FirstNumber=41,secondNumber=0}  written to file by thread pool-3-thread-1
 message  {Id=d974b3e5-6373-4259-bc0d-9acf859a9a98,FirstNumber=577,secondNumber=131}  added by thread pool-3-thread-6
 message  {Id=d974b3e5-6373-4259-bc0d-9acf859a9a98,FirstNumber=577,secondNumber=131}  written to file by thread pool-3-thread-1
 message  {Id=c6daaa68-b034-4b28-8921-f5df62a76fa7,FirstNumber=806,secondNumber=661}  added by thread pool-3-thread-6
 message  {Id=3ba50352-7f98-46ac-9d60-6b1a49d029ca,FirstNumber=647,secondNumber=160}  added by thread pool-3-thread-6
 message  {Id=c6daaa68-b034-4b28-8921-f5df62a76fa7,FirstNumber=806,secondNumber=661}  written to file by thread pool-3-thread-3
 message  {Id=3ba50352-7f98-46ac-9d60-6b1a49d029ca,FirstNumber=647,secondNumber=160}  written to file by thread pool-3-thread-4
 message  {Id=68359faa-ff03-4f98-9b75-65ccd56fc33c,FirstNumber=745,secondNumber=1836}  added by thread pool-3-thread-6
 message  {Id=68359faa-ff03-4f98-9b75-65ccd56fc33c,FirstNumber=745,secondNumber=1836}  written to file by thread pool-3-thread-4
 message  {Id=61d83c69-e58e-49e2-abd7-5944dc51e549,FirstNumber=766,secondNumber=593}  added by thread pool-3-thread-6
 message  {Id=61d83c69-e58e-49e2-abd7-5944dc51e549,FirstNumber=766,secondNumber=593}  written to file by thread pool-3-thread-2
 message  {Id=653fdd53-28b7-4dc9-83f6-db7433042f68,FirstNumber=234,secondNumber=1538}  added by thread pool-3-thread-6
 message  {Id=653fdd53-28b7-4dc9-83f6-db7433042f68,FirstNumber=234,secondNumber=1538}  written to file by thread pool-3-thread-2
 message  {Id=7cec0814-59d3-42d5-a029-9d097d9afb36,FirstNumber=772,secondNumber=797}  added by thread pool-3-thread-6
 message  {Id=6b58bea7-208b-4605-85ca-fb90d681f29f,FirstNumber=903,secondNumber=187}  added by thread pool-3-thread-6
 message  {Id=7cec0814-59d3-42d5-a029-9d097d9afb36,FirstNumber=772,secondNumber=797}  written to file by thread pool-3-thread-3
 message  {Id=6b58bea7-208b-4605-85ca-fb90d681f29f,FirstNumber=903,secondNumber=187}  written to file by thread pool-3-thread-5
 message  {Id=7261b191-e47d-45c0-9024-89ac736e7966,FirstNumber=610,secondNumber=1602}  added by thread pool-3-thread-6
 message  {Id=7261b191-e47d-45c0-9024-89ac736e7966,FirstNumber=610,secondNumber=1602}  written to file by thread pool-3-thread-4
 message  {Id=8b9d160e-c797-4976-8ca0-541bfad100ac,FirstNumber=832,secondNumber=840}  added by thread pool-3-thread-6
 message  {Id=8b9d160e-c797-4976-8ca0-541bfad100ac,FirstNumber=832,secondNumber=840}  written to file by thread pool-3-thread-4
 message  {Id=677ece51-3db1-4627-bf93-878c4e2f96f8,FirstNumber=861,secondNumber=1817}  added by thread pool-3-thread-6
 message  {Id=677ece51-3db1-4627-bf93-878c4e2f96f8,FirstNumber=861,secondNumber=1817}  written to file by thread pool-3-thread-2
 message  {Id=937180a2-3bad-47a5-8abe-be661b910f42,FirstNumber=715,secondNumber=1466}  added by thread pool-3-thread-6
 message  {Id=f8291125-6f27-4688-a362-0b1e4b3a5ee8,FirstNumber=103,secondNumber=1649}  added by thread pool-3-thread-6
 message  {Id=937180a2-3bad-47a5-8abe-be661b910f42,FirstNumber=715,secondNumber=1466}  written to file by thread pool-3-thread-3
 message  {Id=f8291125-6f27-4688-a362-0b1e4b3a5ee8,FirstNumber=103,secondNumber=1649}  written to file by thread pool-3-thread-5
 message  {Id=9bd1c00b-b16f-4be3-b944-30813cb251b6,FirstNumber=99,secondNumber=1071}  added by thread pool-3-thread-6
 message  {Id=9bd1c00b-b16f-4be3-b944-30813cb251b6,FirstNumber=99,secondNumber=1071}  written to file by thread pool-3-thread-5
 message  {Id=f78a2188-c6e1-4872-9abe-08c67a1703b9,FirstNumber=457,secondNumber=1376}  added by thread pool-3-thread-6
 message  {Id=f78a2188-c6e1-4872-9abe-08c67a1703b9,FirstNumber=457,secondNumber=1376}  written to file by thread pool-3-thread-4
 message  {Id=aa51921b-18ba-4440-96b0-8dfd97a1d83c,FirstNumber=755,secondNumber=371}  added by thread pool-3-thread-6
 message  {Id=aa51921b-18ba-4440-96b0-8dfd97a1d83c,FirstNumber=755,secondNumber=371}  written to file by thread pool-3-thread-2
 message  {Id=84003630-398c-43b2-aff5-b18b45602671,FirstNumber=829,secondNumber=995}  added by thread pool-3-thread-6
 message  {Id=f44acd01-fdc1-4035-a953-14a48d3f083e,FirstNumber=500,secondNumber=691}  added by thread pool-3-thread-6
 message  {Id=84003630-398c-43b2-aff5-b18b45602671,FirstNumber=829,secondNumber=995}  written to file by thread pool-3-thread-3
 message  {Id=f44acd01-fdc1-4035-a953-14a48d3f083e,FirstNumber=500,secondNumber=691}  written to file by thread pool-3-thread-1
 message  {Id=cf9794e5-8093-4e43-892d-aea5c4f4460b,FirstNumber=126,secondNumber=377}  added by thread pool-3-thread-6
 message  {Id=cf9794e5-8093-4e43-892d-aea5c4f4460b,FirstNumber=126,secondNumber=377}  written to file by thread pool-3-thread-5
 message  {Id=2b2b0134-5b0c-40eb-afb6-a8eb1b89c5ba,FirstNumber=123,secondNumber=1386}  added by thread pool-3-thread-6
 message  {Id=2b2b0134-5b0c-40eb-afb6-a8eb1b89c5ba,FirstNumber=123,secondNumber=1386}  written to file by thread pool-3-thread-4
 message  {Id=f6b6ac01-4c22-4539-9e84-2ffd3975a81b,FirstNumber=685,secondNumber=1133}  added by thread pool-3-thread-6
 message  {Id=f6b6ac01-4c22-4539-9e84-2ffd3975a81b,FirstNumber=685,secondNumber=1133}  written to file by thread pool-3-thread-4
 message  {Id=bc5f84a1-a19f-4769-a857-82ebf1aeb070,FirstNumber=58,secondNumber=790}  added by thread pool-3-thread-6
 message  {Id=cec80fcd-ef3e-4ed0-8ea1-f97b9374b7ae,FirstNumber=153,secondNumber=1686}  added by thread pool-3-thread-6
 message  {Id=bc5f84a1-a19f-4769-a857-82ebf1aeb070,FirstNumber=58,secondNumber=790}  written to file by thread pool-3-thread-3
 message  {Id=cec80fcd-ef3e-4ed0-8ea1-f97b9374b7ae,FirstNumber=153,secondNumber=1686}  written to file by thread pool-3-thread-1
 message  {Id=0d0724fe-f54f-402d-86e0-f3bcf4c22cc5,FirstNumber=776,secondNumber=1652}  added by thread pool-3-thread-6
 message  {Id=0d0724fe-f54f-402d-86e0-f3bcf4c22cc5,FirstNumber=776,secondNumber=1652}  written to file by thread pool-3-thread-1
 message  {Id=44d8607e-467d-4e15-b2b1-b9faf5ac5aa8,FirstNumber=245,secondNumber=1928}  added by thread pool-3-thread-6
 message  {Id=44d8607e-467d-4e15-b2b1-b9faf5ac5aa8,FirstNumber=245,secondNumber=1928}  written to file by thread pool-3-thread-2
 message  {Id=a71304f7-f083-4fd8-9f4b-0915f5eacd08,FirstNumber=949,secondNumber=423}  added by thread pool-3-thread-6
 message  {Id=a71304f7-f083-4fd8-9f4b-0915f5eacd08,FirstNumber=949,secondNumber=423}  written to file by thread pool-3-thread-2
 message  {Id=d52b7f68-087c-439f-874a-1a131b49805e,FirstNumber=367,secondNumber=647}  added by thread pool-3-thread-6
 message  {Id=5bb0a64d-2fef-40be-8707-707263b6aaa1,FirstNumber=81,secondNumber=1691}  added by thread pool-3-thread-6
 message  {Id=d52b7f68-087c-439f-874a-1a131b49805e,FirstNumber=367,secondNumber=647}  written to file by thread pool-3-thread-3
 message  {Id=5bb0a64d-2fef-40be-8707-707263b6aaa1,FirstNumber=81,secondNumber=1691}  written to file by thread pool-3-thread-5
 message  {Id=7b7dc742-356d-454a-9aeb-71e982e47c3a,FirstNumber=543,secondNumber=1640}  added by thread pool-3-thread-6
 message  {Id=7b7dc742-356d-454a-9aeb-71e982e47c3a,FirstNumber=543,secondNumber=1640}  written to file by thread pool-3-thread-1
 message  {Id=6502d6ca-f466-4d24-930f-34031a903315,FirstNumber=922,secondNumber=720}  added by thread pool-3-thread-6
 message  {Id=6502d6ca-f466-4d24-930f-34031a903315,FirstNumber=922,secondNumber=720}  written to file by thread pool-3-thread-1
 message  {Id=8dd34b2d-e21f-4719-91bf-aed25ade1acb,FirstNumber=940,secondNumber=311}  added by thread pool-3-thread-6
 message  {Id=8dd34b2d-e21f-4719-91bf-aed25ade1acb,FirstNumber=940,secondNumber=311}  written to file by thread pool-3-thread-2
 message  {Id=5945517c-bf03-4b10-becb-a8ca73d93efe,FirstNumber=211,secondNumber=1276}  added by thread pool-3-thread-6
 message  {Id=b37e1c17-6790-423e-8073-51cc4bb5f0b6,FirstNumber=403,secondNumber=335}  added by thread pool-3-thread-6
 message  {Id=5945517c-bf03-4b10-becb-a8ca73d93efe,FirstNumber=211,secondNumber=1276}  written to file by thread pool-3-thread-3
 message  {Id=b37e1c17-6790-423e-8073-51cc4bb5f0b6,FirstNumber=403,secondNumber=335}  written to file by thread pool-3-thread-5
 message  {Id=83a23cb5-abc2-4105-b2df-0949d20983a4,FirstNumber=760,secondNumber=434}  added by thread pool-3-thread-6
 message  {Id=83a23cb5-abc2-4105-b2df-0949d20983a4,FirstNumber=760,secondNumber=434}  written to file by thread pool-3-thread-5
 message  {Id=45e58a3e-f332-410d-95f4-2b0b2ad62b44,FirstNumber=778,secondNumber=771}  added by thread pool-3-thread-6
 message  {Id=45e58a3e-f332-410d-95f4-2b0b2ad62b44,FirstNumber=778,secondNumber=771}  written to file by thread pool-3-thread-1
 message  {Id=44171438-980b-4556-a000-7e7688694b04,FirstNumber=987,secondNumber=796}  added by thread pool-3-thread-6
 message  {Id=44171438-980b-4556-a000-7e7688694b04,FirstNumber=987,secondNumber=796}  written to file by thread pool-3-thread-2
 message  {Id=0307c653-87d7-447f-a46b-7b326c7f4607,FirstNumber=811,secondNumber=927}  added by thread pool-3-thread-6
 message  {Id=2f6e370b-77fb-4b2c-9234-67a674b71a0b,FirstNumber=403,secondNumber=475}  added by thread pool-3-thread-6
 message  {Id=0307c653-87d7-447f-a46b-7b326c7f4607,FirstNumber=811,secondNumber=927}  written to file by thread pool-3-thread-3
 message  {Id=2f6e370b-77fb-4b2c-9234-67a674b71a0b,FirstNumber=403,secondNumber=475}  written to file by thread pool-3-thread-4
 message  {Id=ed9547b2-36a6-4115-a9a8-e616d3941e44,FirstNumber=492,secondNumber=372}  added by thread pool-3-thread-6
 message  {Id=ed9547b2-36a6-4115-a9a8-e616d3941e44,FirstNumber=492,secondNumber=372}  written to file by thread pool-3-thread-5
 message  {Id=66973ff4-3dc4-4eed-b43a-6aa5ff9c36e2,FirstNumber=361,secondNumber=1352}  added by thread pool-3-thread-6
 message  {Id=66973ff4-3dc4-4eed-b43a-6aa5ff9c36e2,FirstNumber=361,secondNumber=1352}  written to file by thread pool-3-thread-5
 message  {Id=b4fb1b84-719f-4f1b-a3c8-4c5e725479a7,FirstNumber=453,secondNumber=632}  added by thread pool-3-thread-6
 message  {Id=b4fb1b84-719f-4f1b-a3c8-4c5e725479a7,FirstNumber=453,secondNumber=632}  written to file by thread pool-3-thread-2
 message  {Id=102100ea-0a3e-48b4-9b66-62ab2ed176ec,FirstNumber=891,secondNumber=983}  added by thread pool-3-thread-6
 message  {Id=ee781da8-293a-41ba-9250-589411a69758,FirstNumber=809,secondNumber=494}  added by thread pool-3-thread-6
 message  {Id=102100ea-0a3e-48b4-9b66-62ab2ed176ec,FirstNumber=891,secondNumber=983}  written to file by thread pool-3-thread-3
 message  {Id=ee781da8-293a-41ba-9250-589411a69758,FirstNumber=809,secondNumber=494}  written to file by thread pool-3-thread-4
 message  {Id=94d3f19f-5fce-4b38-b83c-647097d55581,FirstNumber=67,secondNumber=909}  added by thread pool-3-thread-6
 message  {Id=94d3f19f-5fce-4b38-b83c-647097d55581,FirstNumber=67,secondNumber=909}  written to file by thread pool-3-thread-4
 message  {Id=5f46a824-88f7-4558-97c1-baec892cad37,FirstNumber=72,secondNumber=1317}  added by thread pool-3-thread-6
 message  {Id=5f46a824-88f7-4558-97c1-baec892cad37,FirstNumber=72,secondNumber=1317}  written to file by thread pool-3-thread-5
 message  {Id=eeb7a5b6-d298-4fd2-9e14-9f86efebfe54,FirstNumber=773,secondNumber=877}  added by thread pool-3-thread-6
 message  {Id=eeb7a5b6-d298-4fd2-9e14-9f86efebfe54,FirstNumber=773,secondNumber=877}  written to file by thread pool-3-thread-2
 message  {Id=2909ea08-ab9a-45b7-a3fb-1b944eedc79b,FirstNumber=609,secondNumber=452}  added by thread pool-3-thread-6
 message  {Id=d0b6aa88-0f7b-433a-bf24-8f53b896aaa8,FirstNumber=0,secondNumber=775}  added by thread pool-3-thread-6
 message  {Id=2909ea08-ab9a-45b7-a3fb-1b944eedc79b,FirstNumber=609,secondNumber=452}  written to file by thread pool-3-thread-3
 message  {Id=d0b6aa88-0f7b-433a-bf24-8f53b896aaa8,FirstNumber=0,secondNumber=775}  written to file by thread pool-3-thread-1
 message  {Id=394119b4-fd89-4d1e-96ab-fe3810e448f2,FirstNumber=916,secondNumber=1724}  added by thread pool-3-thread-6
 message  {Id=394119b4-fd89-4d1e-96ab-fe3810e448f2,FirstNumber=916,secondNumber=1724}  written to file by thread pool-3-thread-4
 message  {Id=503300a9-0d99-42f2-a003-7416b7121610,FirstNumber=383,secondNumber=1166}  added by thread pool-3-thread-6
 message  {Id=503300a9-0d99-42f2-a003-7416b7121610,FirstNumber=383,secondNumber=1166}  written to file by thread pool-3-thread-4
 message  {Id=9e0a4172-d781-4020-912e-cf1e98669037,FirstNumber=15,secondNumber=1969}  added by thread pool-3-thread-6
 message  {Id=9e0a4172-d781-4020-912e-cf1e98669037,FirstNumber=15,secondNumber=1969}  written to file by thread pool-3-thread-2
 message  {Id=2589b840-bd23-49b1-9ac4-76aa9459f8aa,FirstNumber=763,secondNumber=1613}  added by thread pool-3-thread-6
 message  {Id=72b42d73-d579-4287-a1f9-562cc31c5c08,FirstNumber=894,secondNumber=519}  added by thread pool-3-thread-6
 message  {Id=2589b840-bd23-49b1-9ac4-76aa9459f8aa,FirstNumber=763,secondNumber=1613}  written to file by thread pool-3-thread-3
 message  {Id=72b42d73-d579-4287-a1f9-562cc31c5c08,FirstNumber=894,secondNumber=519}  written to file by thread pool-3-thread-1
 message  {Id=74099df7-2d54-400b-aa39-f9f970d0fccc,FirstNumber=534,secondNumber=242}  added by thread pool-3-thread-6
 message  {Id=74099df7-2d54-400b-aa39-f9f970d0fccc,FirstNumber=534,secondNumber=242}  written to file by thread pool-3-thread-1
 message  {Id=4efcda69-07b7-47d6-9b5c-5e7160fe342a,FirstNumber=132,secondNumber=1028}  added by thread pool-3-thread-6
 message  {Id=4efcda69-07b7-47d6-9b5c-5e7160fe342a,FirstNumber=132,secondNumber=1028}  written to file by thread pool-3-thread-4
 message  {Id=edf62c54-aa8f-4632-88ac-736f19be126f,FirstNumber=747,secondNumber=722}  added by thread pool-3-thread-6
 message  {Id=edf62c54-aa8f-4632-88ac-736f19be126f,FirstNumber=747,secondNumber=722}  written to file by thread pool-3-thread-2
 message  {Id=911b5939-aacc-4c27-a78e-100d08f2f610,FirstNumber=429,secondNumber=1143}  added by thread pool-3-thread-6
 message  {Id=911b5939-aacc-4c27-a78e-100d08f2f610,FirstNumber=429,secondNumber=1143}  written to file by thread pool-3-thread-2
 message  {Id=f68cf7c5-c299-4866-8ca9-21843010f3e9,FirstNumber=692,secondNumber=1109}  added by thread pool-3-thread-6
 message  {Id=f68cf7c5-c299-4866-8ca9-21843010f3e9,FirstNumber=692,secondNumber=1109}  written to file by thread pool-3-thread-5
 message  {Id=c5224fe2-915d-4972-a61e-f7e685a54369,FirstNumber=296,secondNumber=121}  added by thread pool-3-thread-6
 message  {Id=c5224fe2-915d-4972-a61e-f7e685a54369,FirstNumber=296,secondNumber=121}  written to file by thread pool-3-thread-1
 message  {Id=1efd6ef4-588b-4f0a-ba21-74cdf983bc60,FirstNumber=626,secondNumber=764}  added by thread pool-3-thread-6
 message  {Id=1efd6ef4-588b-4f0a-ba21-74cdf983bc60,FirstNumber=626,secondNumber=764}  written to file by thread pool-3-thread-4
 message  {Id=83df9066-19c9-4f19-b64b-707cf46ad877,FirstNumber=817,secondNumber=1922}  added by thread pool-3-thread-6
 message  {Id=a78bf5b1-ec1c-44d8-a714-36c1f148f8eb,FirstNumber=820,secondNumber=1354}  added by thread pool-3-thread-6
 message  {Id=83df9066-19c9-4f19-b64b-707cf46ad877,FirstNumber=817,secondNumber=1922}  written to file by thread pool-3-thread-3
 message  {Id=a78bf5b1-ec1c-44d8-a714-36c1f148f8eb,FirstNumber=820,secondNumber=1354}  written to file by thread pool-3-thread-2
 message  {Id=622dc37b-b3ab-4806-a093-170498f3bbe5,FirstNumber=193,secondNumber=51}  added by thread pool-3-thread-6
 message  {Id=622dc37b-b3ab-4806-a093-170498f3bbe5,FirstNumber=193,secondNumber=51}  written to file by thread pool-3-thread-2
 message  {Id=22ac7c16-4c57-4bc6-90de-f22cff6f82bf,FirstNumber=314,secondNumber=1309}  added by thread pool-3-thread-6
 message  {Id=22ac7c16-4c57-4bc6-90de-f22cff6f82bf,FirstNumber=314,secondNumber=1309}  written to file by thread pool-3-thread-1
 message  {Id=23d7fd4d-df92-40e3-b9ba-330626be98bc,FirstNumber=721,secondNumber=1717}  added by thread pool-3-thread-6
 message  {Id=23d7fd4d-df92-40e3-b9ba-330626be98bc,FirstNumber=721,secondNumber=1717}  written to file by thread pool-3-thread-4
 message  {Id=b3888ae9-2724-4d1e-9ab3-99b6913088ba,FirstNumber=274,secondNumber=507}  added by thread pool-3-thread-6
 message  {Id=b3888ae9-2724-4d1e-9ab3-99b6913088ba,FirstNumber=274,secondNumber=507}  written to file by thread pool-3-thread-4
 message  {Id=1e88ac3c-ee24-48cc-92d1-ecf2e3136ace,FirstNumber=177,secondNumber=272}  added by thread pool-3-thread-6
 message  {Id=1e88ac3c-ee24-48cc-92d1-ecf2e3136ace,FirstNumber=177,secondNumber=272}  written to file by thread pool-3-thread-5
 message  {Id=5934b2a0-6157-49db-87f4-bc69abd21e92,FirstNumber=78,secondNumber=1936}  added by thread pool-3-thread-6
 message  {Id=5934b2a0-6157-49db-87f4-bc69abd21e92,FirstNumber=78,secondNumber=1936}  written to file by thread pool-3-thread-5
 message  {Id=d535314f-a6af-4f77-9873-ff6a0bf49aef,FirstNumber=776,secondNumber=1300}  added by thread pool-3-thread-6
 message  {Id=d535314f-a6af-4f77-9873-ff6a0bf49aef,FirstNumber=776,secondNumber=1300}  written to file by thread pool-3-thread-1
 message  {Id=df65e759-8052-425f-ab14-c8bc0a8860ca,FirstNumber=24,secondNumber=1577}  added by thread pool-3-thread-6
 message  {Id=df65e759-8052-425f-ab14-c8bc0a8860ca,FirstNumber=24,secondNumber=1577}  written to file by thread pool-3-thread-1
 message  {Id=ded8a1b4-94f6-4f6c-ba6f-cc8fac3212e6,FirstNumber=112,secondNumber=33}  added by thread pool-3-thread-6
 message  {Id=ded8a1b4-94f6-4f6c-ba6f-cc8fac3212e6,FirstNumber=112,secondNumber=33}  written to file by thread pool-3-thread-4
 message  {Id=6f353d12-86bc-4707-8dd7-43d2a24a436e,FirstNumber=350,secondNumber=289}  added by thread pool-3-thread-6
 message  {Id=6f353d12-86bc-4707-8dd7-43d2a24a436e,FirstNumber=350,secondNumber=289}  written to file by thread pool-3-thread-4
 message  {Id=461d0158-32da-4f38-9880-b3d60ea05565,FirstNumber=357,secondNumber=1450}  added by thread pool-3-thread-6
 message  {Id=461d0158-32da-4f38-9880-b3d60ea05565,FirstNumber=357,secondNumber=1450}  written to file by thread pool-3-thread-5
 message  {Id=4cddcff3-893e-4338-a003-1d91351b744c,FirstNumber=29,secondNumber=1543}  added by thread pool-3-thread-6
 message  {Id=4cddcff3-893e-4338-a003-1d91351b744c,FirstNumber=29,secondNumber=1543}  written to file by thread pool-3-thread-5
 message  {Id=e7d98bc4-2464-4520-842b-cb4e7e5ff277,FirstNumber=683,secondNumber=1208}  added by thread pool-3-thread-6
 message  {Id=e7d98bc4-2464-4520-842b-cb4e7e5ff277,FirstNumber=683,secondNumber=1208}  written to file by thread pool-3-thread-1
 message  {Id=c0f41bbc-9bb7-4dde-b522-929dfdbd4695,FirstNumber=901,secondNumber=155}  added by thread pool-3-thread-6
 message  {Id=c0f41bbc-9bb7-4dde-b522-929dfdbd4695,FirstNumber=901,secondNumber=155}  written to file by thread pool-3-thread-1
 message  {Id=c1e7865f-e211-4aef-bf94-84a6747aa23d,FirstNumber=12,secondNumber=742}  added by thread pool-3-thread-6
 message  {Id=c1e7865f-e211-4aef-bf94-84a6747aa23d,FirstNumber=12,secondNumber=742}  written to file by thread pool-3-thread-4
 message  {Id=77717265-fe72-4e4f-be3d-d6c250180328,FirstNumber=122,secondNumber=363}  added by thread pool-3-thread-6
 message  {Id=77717265-fe72-4e4f-be3d-d6c250180328,FirstNumber=122,secondNumber=363}  written to file by thread pool-3-thread-4
 message  {Id=518e3941-ffc7-409d-9871-11bd394a8b8f,FirstNumber=948,secondNumber=349}  added by thread pool-3-thread-6
 message  {Id=518e3941-ffc7-409d-9871-11bd394a8b8f,FirstNumber=948,secondNumber=349}  written to file by thread pool-3-thread-5
 message  {Id=e06b0cfa-465b-4c9a-883b-1bcc35075c30,FirstNumber=686,secondNumber=1518}  added by thread pool-3-thread-6
 message  {Id=17461f5d-061c-4a7b-9e6d-785e8a9c69a7,FirstNumber=275,secondNumber=1917}  added by thread pool-3-thread-6
 message  {Id=17461f5d-061c-4a7b-9e6d-785e8a9c69a7,FirstNumber=275,secondNumber=1917}  written to file by thread pool-3-thread-1
 message  {Id=7e7946ab-b29f-4c11-9c60-357be907baea,FirstNumber=438,secondNumber=1138}  added by thread pool-3-thread-6
 message  {Id=e7f531f2-a6e8-4f30-8431-7dc284fb43cf,FirstNumber=894,secondNumber=1233}  added by thread pool-3-thread-6
 message  {Id=7e7946ab-b29f-4c11-9c60-357be907baea,FirstNumber=438,secondNumber=1138}  written to file by thread pool-3-thread-3
 message  {Id=e7f531f2-a6e8-4f30-8431-7dc284fb43cf,FirstNumber=894,secondNumber=1233}  written to file by thread pool-3-thread-4
 message  {Id=c67caaaa-fd96-42cb-88b3-ac4a9f6d8e95,FirstNumber=457,secondNumber=911}  added by thread pool-3-thread-6
 message  {Id=c67caaaa-fd96-42cb-88b3-ac4a9f6d8e95,FirstNumber=457,secondNumber=911}  written to file by thread pool-3-thread-5
 message  {Id=910cf84b-1ff9-4cda-9dae-66b806d85d9d,FirstNumber=307,secondNumber=1400}  added by thread pool-3-thread-6
 message  {Id=910cf84b-1ff9-4cda-9dae-66b806d85d9d,FirstNumber=307,secondNumber=1400}  written to file by thread pool-3-thread-1
 message  {Id=b78d0e0f-80e7-4678-adfb-7815cd1026a3,FirstNumber=884,secondNumber=1884}  added by thread pool-3-thread-6
 message  {Id=b78d0e0f-80e7-4678-adfb-7815cd1026a3,FirstNumber=884,secondNumber=1884}  written to file by thread pool-3-thread-3
 message  {Id=b09757ad-2633-404b-92ae-4ad9022504d1,FirstNumber=165,secondNumber=1908}  added by thread pool-3-thread-6
 message  {Id=b6106cc3-1536-4830-bebc-9f2da1694f13,FirstNumber=125,secondNumber=1296}  added by thread pool-3-thread-6
 message  {Id=b09757ad-2633-404b-92ae-4ad9022504d1,FirstNumber=165,secondNumber=1908}  written to file by thread pool-3-thread-4
 message  {Id=b6106cc3-1536-4830-bebc-9f2da1694f13,FirstNumber=125,secondNumber=1296}  written to file by thread pool-3-thread-5
 message  {Id=8fdfcc7c-8eba-424b-8697-6bcbc950645b,FirstNumber=845,secondNumber=406}  added by thread pool-3-thread-6
 message  {Id=8fdfcc7c-8eba-424b-8697-6bcbc950645b,FirstNumber=845,secondNumber=406}  written to file by thread pool-3-thread-1
 message  {Id=d0bacd84-351e-4fb0-8e58-c28d3b844c76,FirstNumber=78,secondNumber=1401}  added by thread pool-3-thread-6
 message  {Id=d0bacd84-351e-4fb0-8e58-c28d3b844c76,FirstNumber=78,secondNumber=1401}  written to file by thread pool-3-thread-1
 message  {Id=ef8bba88-cb38-4f22-837b-dde893b99ae3,FirstNumber=92,secondNumber=1978}  added by thread pool-3-thread-6
 message  {Id=ef8bba88-cb38-4f22-837b-dde893b99ae3,FirstNumber=92,secondNumber=1978}  written to file by thread pool-3-thread-4
 message  {Id=03542cec-d617-477f-94a3-2254a9aeeaf6,FirstNumber=239,secondNumber=1926}  added by thread pool-3-thread-6
 message  {Id=03542cec-d617-477f-94a3-2254a9aeeaf6,FirstNumber=239,secondNumber=1926}  written to file by thread pool-3-thread-5
 message  {Id=67f29ab6-d631-4198-9bf5-8800de447721,FirstNumber=228,secondNumber=280}  added by thread pool-3-thread-6
 message  {Id=67f29ab6-d631-4198-9bf5-8800de447721,FirstNumber=228,secondNumber=280}  written to file by thread pool-3-thread-5
 message  {Id=8d96e0e6-22d1-4913-aff6-00e2842e0d74,FirstNumber=498,secondNumber=550}  added by thread pool-3-thread-6
 message  {Id=8d96e0e6-22d1-4913-aff6-00e2842e0d74,FirstNumber=498,secondNumber=550}  written to file by thread pool-3-thread-5
 message  {Id=3e95d83d-164f-40f2-a4f1-53ef7239cd2e,FirstNumber=637,secondNumber=62}  added by thread pool-3-thread-6
 message  {Id=3e95d83d-164f-40f2-a4f1-53ef7239cd2e,FirstNumber=637,secondNumber=62}  written to file by thread pool-3-thread-4
 message  {Id=174c2c1e-a4dc-480d-ab7e-6792b734a91d,FirstNumber=8,secondNumber=1208}  added by thread pool-3-thread-6
 message  {Id=92367b0c-6211-401e-b1cf-3fb300a52a3b,FirstNumber=646,secondNumber=1526}  added by thread pool-3-thread-6
 message  {Id=174c2c1e-a4dc-480d-ab7e-6792b734a91d,FirstNumber=8,secondNumber=1208}  written to file by thread pool-3-thread-3
 message  {Id=92367b0c-6211-401e-b1cf-3fb300a52a3b,FirstNumber=646,secondNumber=1526}  written to file by thread pool-3-thread-1
 message  {Id=9fa61ee8-a108-4c54-992c-bd786435dda7,FirstNumber=635,secondNumber=141}  added by thread pool-3-thread-6
 message  {Id=9fa61ee8-a108-4c54-992c-bd786435dda7,FirstNumber=635,secondNumber=141}  written to file by thread pool-3-thread-5
 message  {Id=1b430253-0a3b-48eb-bae2-e92f35179374,FirstNumber=990,secondNumber=1642}  added by thread pool-3-thread-6
 message  {Id=1b430253-0a3b-48eb-bae2-e92f35179374,FirstNumber=990,secondNumber=1642}  written to file by thread pool-3-thread-5
 message  {Id=afbe6bae-5e32-4a69-b46b-d489163396ae,FirstNumber=508,secondNumber=1506}  added by thread pool-3-thread-6
 message  {Id=afbe6bae-5e32-4a69-b46b-d489163396ae,FirstNumber=508,secondNumber=1506}  written to file by thread pool-3-thread-3
 message  {Id=095b1d09-2ece-4442-b744-e26304db476a,FirstNumber=863,secondNumber=530}  added by thread pool-3-thread-6
 message  {Id=095b1d09-2ece-4442-b744-e26304db476a,FirstNumber=863,secondNumber=530}  written to file by thread pool-3-thread-1
 message  {Id=e6065298-82ca-46d0-ba0e-79ae5771a77c,FirstNumber=694,secondNumber=473}  added by thread pool-3-thread-6
 message  {Id=e6065298-82ca-46d0-ba0e-79ae5771a77c,FirstNumber=694,secondNumber=473}  written to file by thread pool-3-thread-1
 message  {Id=94bb3266-a574-4776-a2e8-2127a2c617c8,FirstNumber=44,secondNumber=1970}  added by thread pool-3-thread-6
 message  {Id=94bb3266-a574-4776-a2e8-2127a2c617c8,FirstNumber=44,secondNumber=1970}  written to file by thread pool-3-thread-5
 message  {Id=76d5cf89-230b-4b72-b033-ad779a897c4c,FirstNumber=702,secondNumber=1790}  added by thread pool-3-thread-6
 message  {Id=14e784dc-a825-4c82-8753-a7c40c1b2524,FirstNumber=354,secondNumber=1271}  added by thread pool-3-thread-6
 message  {Id=b02c09eb-2d15-4914-a0c5-2774385255db,FirstNumber=108,secondNumber=1156}  added by thread pool-3-thread-6
 message  {Id=14e784dc-a825-4c82-8753-a7c40c1b2524,FirstNumber=354,secondNumber=1271}  written to file by thread pool-3-thread-4
 message  {Id=5a519c32-541e-46dc-8a86-16b6d87b3bdb,FirstNumber=812,secondNumber=888}  added by thread pool-3-thread-6
 message  {Id=b02c09eb-2d15-4914-a0c5-2774385255db,FirstNumber=108,secondNumber=1156}  written to file by thread pool-3-thread-1
 message  {Id=6425c374-8076-474d-a514-868b4147471a,FirstNumber=152,secondNumber=913}  added by thread pool-3-thread-6
 message  {Id=5a519c32-541e-46dc-8a86-16b6d87b3bdb,FirstNumber=812,secondNumber=888}  written to file by thread pool-3-thread-3
 message  {Id=6425c374-8076-474d-a514-868b4147471a,FirstNumber=152,secondNumber=913}  written to file by thread pool-3-thread-4
 message  {Id=e06b0cfa-465b-4c9a-883b-1bcc35075c30,FirstNumber=686,secondNumber=1518}  written to file by thread pool-3-thread-2
 message  {Id=d5fb4fce-c58d-41f2-a0c3-accbfd17e28e,FirstNumber=184,secondNumber=643}  added by thread pool-3-thread-6
 message  {Id=d5fb4fce-c58d-41f2-a0c3-accbfd17e28e,FirstNumber=184,secondNumber=643}  written to file by thread pool-3-thread-1
 message  {Id=e1ff206f-19a9-4ae9-9cd8-a0ef6f45df74,FirstNumber=952,secondNumber=1772}  added by thread pool-3-thread-6
 message  {Id=e1ff206f-19a9-4ae9-9cd8-a0ef6f45df74,FirstNumber=952,secondNumber=1772}  written to file by thread pool-3-thread-3
 message  {Id=316db536-0611-421e-9173-de578bd2d564,FirstNumber=620,secondNumber=1857}  added by thread pool-3-thread-6
 message  {Id=316db536-0611-421e-9173-de578bd2d564,FirstNumber=620,secondNumber=1857}  written to file by thread pool-3-thread-4
 message  {Id=d2d85ecd-87bf-42a3-8d1c-5b1f38fd7aaa,FirstNumber=332,secondNumber=53}  added by thread pool-3-thread-6
 message  {Id=d2d85ecd-87bf-42a3-8d1c-5b1f38fd7aaa,FirstNumber=332,secondNumber=53}  written to file by thread pool-3-thread-4
 message  {Id=aa12496e-8aa3-45ed-9caa-520648cc1860,FirstNumber=816,secondNumber=87}  added by thread pool-3-thread-6
 message  {Id=aa12496e-8aa3-45ed-9caa-520648cc1860,FirstNumber=816,secondNumber=87}  written to file by thread pool-3-thread-4
 message  {Id=649dd54f-4263-4a92-a25d-7a9b8c0ea216,FirstNumber=996,secondNumber=826}  added by thread pool-3-thread-6
 message  {Id=649dd54f-4263-4a92-a25d-7a9b8c0ea216,FirstNumber=996,secondNumber=826}  written to file by thread pool-3-thread-3
 message  {Id=c17898cd-00d5-4246-a243-b0b619ee5f67,FirstNumber=102,secondNumber=131}  added by thread pool-3-thread-6
 message  {Id=c17898cd-00d5-4246-a243-b0b619ee5f67,FirstNumber=102,secondNumber=131}  written to file by thread pool-3-thread-2
 message  {Id=83fbb8e2-1bb3-4c7f-9191-e9b71300efba,FirstNumber=566,secondNumber=282}  added by thread pool-3-thread-6
 message  {Id=83fbb8e2-1bb3-4c7f-9191-e9b71300efba,FirstNumber=566,secondNumber=282}  written to file by thread pool-3-thread-1
 message  {Id=6d2a1e9b-9b38-4504-aaab-6f1096cb73a3,FirstNumber=800,secondNumber=631}  added by thread pool-3-thread-6
 message  {Id=6d2a1e9b-9b38-4504-aaab-6f1096cb73a3,FirstNumber=800,secondNumber=631}  written to file by thread pool-3-thread-4
 message  {Id=013d4ca4-1e9f-43c9-8135-8ce64d759397,FirstNumber=827,secondNumber=1423}  added by thread pool-3-thread-6
 message  {Id=013d4ca4-1e9f-43c9-8135-8ce64d759397,FirstNumber=827,secondNumber=1423}  written to file by thread pool-3-thread-3
 message  {Id=80f534a3-d8cd-447b-9509-a6f70274ffaa,FirstNumber=368,secondNumber=1720}  added by thread pool-3-thread-6
 message  {Id=80f534a3-d8cd-447b-9509-a6f70274ffaa,FirstNumber=368,secondNumber=1720}  written to file by thread pool-3-thread-2
 message  {Id=889da242-9df7-4440-afc6-afddaea87c9f,FirstNumber=396,secondNumber=331}  added by thread pool-3-thread-6
 message  {Id=889da242-9df7-4440-afc6-afddaea87c9f,FirstNumber=396,secondNumber=331}  written to file by thread pool-3-thread-2
 message  {Id=4952b8cf-aa6b-4ab2-9a1d-c6fe988c3be3,FirstNumber=840,secondNumber=1805}  added by thread pool-3-thread-6
 message  {Id=4952b8cf-aa6b-4ab2-9a1d-c6fe988c3be3,FirstNumber=840,secondNumber=1805}  written to file by thread pool-3-thread-4
 message  {Id=33ee07fa-ce52-4c61-ab9b-d8038603f68b,FirstNumber=560,secondNumber=1212}  added by thread pool-3-thread-6
 message  {Id=33ee07fa-ce52-4c61-ab9b-d8038603f68b,FirstNumber=560,secondNumber=1212}  written to file by thread pool-3-thread-4
 message  {Id=32cdca48-5e6e-481b-bfbe-0e82dfa30633,FirstNumber=132,secondNumber=914}  added by thread pool-3-thread-6
 message  {Id=32cdca48-5e6e-481b-bfbe-0e82dfa30633,FirstNumber=132,secondNumber=914}  written to file by thread pool-3-thread-1
 message  {Id=dcacf256-daae-4fbd-8280-2aecb8f74282,FirstNumber=687,secondNumber=1155}  added by thread pool-3-thread-6
 message  {Id=dcacf256-daae-4fbd-8280-2aecb8f74282,FirstNumber=687,secondNumber=1155}  written to file by thread pool-3-thread-2
 message  {Id=a4357d08-9716-4d18-98bc-413c2c90149c,FirstNumber=348,secondNumber=1699}  added by thread pool-3-thread-6
 message  {Id=109d9a4a-a1a2-437d-b0e0-5c0898b2b03a,FirstNumber=199,secondNumber=428}  added by thread pool-3-thread-6
 message  {Id=a4357d08-9716-4d18-98bc-413c2c90149c,FirstNumber=348,secondNumber=1699}  written to file by thread pool-3-thread-3
 message  {Id=109d9a4a-a1a2-437d-b0e0-5c0898b2b03a,FirstNumber=199,secondNumber=428}  written to file by thread pool-3-thread-4
 message  {Id=f61c3f4e-7010-47a3-96b2-f07f150039d7,FirstNumber=330,secondNumber=972}  added by thread pool-3-thread-6
 message  {Id=9bff1b1b-50f8-4b96-bf61-2af9a675d69a,FirstNumber=564,secondNumber=1034}  added by thread pool-3-thread-6
 message  {Id=f61c3f4e-7010-47a3-96b2-f07f150039d7,FirstNumber=330,secondNumber=972}  written to file by thread pool-3-thread-1
 message  {Id=9bff1b1b-50f8-4b96-bf61-2af9a675d69a,FirstNumber=564,secondNumber=1034}  written to file by thread pool-3-thread-2
 message  {Id=a233ee9b-6362-439e-b4b6-714718432eb1,FirstNumber=165,secondNumber=1913}  added by thread pool-3-thread-6
 message  {Id=8d9de6e0-34fa-4107-ba7a-7c0c51106482,FirstNumber=984,secondNumber=711}  added by thread pool-3-thread-6
 message  {Id=a233ee9b-6362-439e-b4b6-714718432eb1,FirstNumber=165,secondNumber=1913}  written to file by thread pool-3-thread-3
 message  {Id=8d9de6e0-34fa-4107-ba7a-7c0c51106482,FirstNumber=984,secondNumber=711}  written to file by thread pool-3-thread-4
 message  {Id=7489d4e2-8364-4b2b-b2b6-25296ef4bdc2,FirstNumber=845,secondNumber=1155}  added by thread pool-3-thread-6
 message  {Id=7489d4e2-8364-4b2b-b2b6-25296ef4bdc2,FirstNumber=845,secondNumber=1155}  written to file by thread pool-3-thread-1
 message  {Id=ec853186-0075-4882-92a9-54cd67d51fec,FirstNumber=375,secondNumber=482}  added by thread pool-3-thread-6
 message  {Id=ec853186-0075-4882-92a9-54cd67d51fec,FirstNumber=375,secondNumber=482}  written to file by thread pool-3-thread-2
 message  {Id=b6707c88-fdda-4873-869f-b9f6a56ecada,FirstNumber=679,secondNumber=1185}  added by thread pool-3-thread-6
 message  {Id=899819fe-feac-479f-84e7-b06e60d6cece,FirstNumber=933,secondNumber=119}  added by thread pool-3-thread-6
 message  {Id=b6707c88-fdda-4873-869f-b9f6a56ecada,FirstNumber=679,secondNumber=1185}  written to file by thread pool-3-thread-3
 message  {Id=899819fe-feac-479f-84e7-b06e60d6cece,FirstNumber=933,secondNumber=119}  written to file by thread pool-3-thread-4
 message  {Id=d7fb54a4-51c4-4fd9-a49f-1724c4f71f31,FirstNumber=280,secondNumber=963}  added by thread pool-3-thread-6
 message  {Id=d7fb54a4-51c4-4fd9-a49f-1724c4f71f31,FirstNumber=280,secondNumber=963}  written to file by thread pool-3-thread-1
 message  {Id=99c4e850-374c-4796-97ac-93901b195e35,FirstNumber=896,secondNumber=1054}  added by thread pool-3-thread-6
 message  {Id=99c4e850-374c-4796-97ac-93901b195e35,FirstNumber=896,secondNumber=1054}  written to file by thread pool-3-thread-2
 message  {Id=5f9d336f-de40-4c3b-8885-f277b7a0ebed,FirstNumber=413,secondNumber=611}  added by thread pool-3-thread-6
 message  {Id=20fb3f1d-eb31-4859-90ef-ea79f1d6568b,FirstNumber=268,secondNumber=1925}  added by thread pool-3-thread-6
 message  {Id=5f9d336f-de40-4c3b-8885-f277b7a0ebed,FirstNumber=413,secondNumber=611}  written to file by thread pool-3-thread-3
 message  {Id=20fb3f1d-eb31-4859-90ef-ea79f1d6568b,FirstNumber=268,secondNumber=1925}  written to file by thread pool-3-thread-4
 message  {Id=c69174f1-ca73-4dbb-8e15-05708acd29b2,FirstNumber=643,secondNumber=523}  added by thread pool-3-thread-6
 message  {Id=c69174f1-ca73-4dbb-8e15-05708acd29b2,FirstNumber=643,secondNumber=523}  written to file by thread pool-3-thread-1
 message  {Id=bd5f95ff-f1d5-465a-9b81-307dd19bcbba,FirstNumber=313,secondNumber=1220}  added by thread pool-3-thread-6
 message  {Id=bd5f95ff-f1d5-465a-9b81-307dd19bcbba,FirstNumber=313,secondNumber=1220}  written to file by thread pool-3-thread-2
 message  {Id=0480c6c5-0c8d-497b-adda-3842cdaf5ddb,FirstNumber=120,secondNumber=746}  added by thread pool-3-thread-6
 message  {Id=0480c6c5-0c8d-497b-adda-3842cdaf5ddb,FirstNumber=120,secondNumber=746}  written to file by thread pool-3-thread-3
 message  {Id=773318b8-89de-4376-af1f-226853e3b615,FirstNumber=549,secondNumber=831}  added by thread pool-3-thread-6
 message  {Id=773318b8-89de-4376-af1f-226853e3b615,FirstNumber=549,secondNumber=831}  written to file by thread pool-3-thread-4
 message  {Id=98830d0a-9bc0-480c-acc2-1de2cd5fb2cc,FirstNumber=646,secondNumber=527}  added by thread pool-3-thread-6
 message  {Id=864f2572-626e-409c-9899-195b62ed5eb6,FirstNumber=542,secondNumber=1103}  added by thread pool-3-thread-6
 message  {Id=98830d0a-9bc0-480c-acc2-1de2cd5fb2cc,FirstNumber=646,secondNumber=527}  written to file by thread pool-3-thread-1
 message  {Id=864f2572-626e-409c-9899-195b62ed5eb6,FirstNumber=542,secondNumber=1103}  written to file by thread pool-3-thread-2
 message  {Id=633c227e-31f6-4872-af62-6e6942dda6d0,FirstNumber=753,secondNumber=1567}  added by thread pool-3-thread-6
 message  {Id=84c5f73d-3acb-42cf-bf42-ab25ef6f7eca,FirstNumber=152,secondNumber=1288}  added by thread pool-3-thread-6
 message  {Id=633c227e-31f6-4872-af62-6e6942dda6d0,FirstNumber=753,secondNumber=1567}  written to file by thread pool-3-thread-3
 message  {Id=84c5f73d-3acb-42cf-bf42-ab25ef6f7eca,FirstNumber=152,secondNumber=1288}  written to file by thread pool-3-thread-4
 message  {Id=c7ca46ca-7c2f-4b40-a9b5-c0c77283ce29,FirstNumber=62,secondNumber=1748}  added by thread pool-3-thread-6
 message  {Id=b514056c-97d0-4c17-843e-23dd3ffc3a8f,FirstNumber=84,secondNumber=1389}  added by thread pool-3-thread-6
 message  {Id=c7ca46ca-7c2f-4b40-a9b5-c0c77283ce29,FirstNumber=62,secondNumber=1748}  written to file by thread pool-3-thread-1
 message  {Id=b514056c-97d0-4c17-843e-23dd3ffc3a8f,FirstNumber=84,secondNumber=1389}  written to file by thread pool-3-thread-2
 message  {Id=657fa8dc-7688-46a2-827d-678ac210d0ee,FirstNumber=966,secondNumber=1707}  added by thread pool-3-thread-6
 message  {Id=580966a5-80c6-47a6-a8c0-a33f40451f9d,FirstNumber=858,secondNumber=752}  added by thread pool-3-thread-6
 message  {Id=657fa8dc-7688-46a2-827d-678ac210d0ee,FirstNumber=966,secondNumber=1707}  written to file by thread pool-3-thread-3
 message  {Id=580966a5-80c6-47a6-a8c0-a33f40451f9d,FirstNumber=858,secondNumber=752}  written to file by thread pool-3-thread-4
 message  {Id=0ded4f84-3b8f-4ae7-bb5c-617c7fdfdd95,FirstNumber=704,secondNumber=566}  added by thread pool-3-thread-6
 message  {Id=0ded4f84-3b8f-4ae7-bb5c-617c7fdfdd95,FirstNumber=704,secondNumber=566}  written to file by thread pool-3-thread-1
 message  {Id=dc3317ea-7047-4fbd-a89f-bad7b4c6ea82,FirstNumber=448,secondNumber=699}  added by thread pool-3-thread-6
 message  {Id=dc3317ea-7047-4fbd-a89f-bad7b4c6ea82,FirstNumber=448,secondNumber=699}  written to file by thread pool-3-thread-2
 message  {Id=42d2173d-16bd-45a2-bd36-0122c590616b,FirstNumber=390,secondNumber=45}  added by thread pool-3-thread-6
 message  {Id=42d2173d-16bd-45a2-bd36-0122c590616b,FirstNumber=390,secondNumber=45}  written to file by thread pool-3-thread-2
 message  {Id=afb434ef-48a3-4e05-9cc5-88d6879d3f9e,FirstNumber=762,secondNumber=400}  added by thread pool-3-thread-6
 message  {Id=afb434ef-48a3-4e05-9cc5-88d6879d3f9e,FirstNumber=762,secondNumber=400}  written to file by thread pool-3-thread-4
 message  {Id=8b92578e-1231-44b5-9dce-9e055a744f91,FirstNumber=201,secondNumber=669}  added by thread pool-3-thread-6
 message  {Id=8b92578e-1231-44b5-9dce-9e055a744f91,FirstNumber=201,secondNumber=669}  written to file by thread pool-3-thread-1
 message  {Id=995a0cbd-27df-4e7e-a4b0-ea847be7cfd5,FirstNumber=398,secondNumber=713}  added by thread pool-3-thread-6
 message  {Id=995a0cbd-27df-4e7e-a4b0-ea847be7cfd5,FirstNumber=398,secondNumber=713}  written to file by thread pool-3-thread-3
 message  {Id=04ea41bb-03d2-4cb2-a195-d4ef7435343d,FirstNumber=650,secondNumber=211}  added by thread pool-3-thread-6
 message  {Id=04ea41bb-03d2-4cb2-a195-d4ef7435343d,FirstNumber=650,secondNumber=211}  written to file by thread pool-3-thread-2
 message  {Id=1153fe5a-eba5-4693-92fb-1d2ea57b3f49,FirstNumber=237,secondNumber=134}  added by thread pool-3-thread-6
 message  {Id=1153fe5a-eba5-4693-92fb-1d2ea57b3f49,FirstNumber=237,secondNumber=134}  written to file by thread pool-3-thread-2
 message  {Id=3cfbc7fe-a8c8-4bb4-8ea7-9514b6ccf610,FirstNumber=604,secondNumber=1099}  added by thread pool-3-thread-6
 message  {Id=3cfbc7fe-a8c8-4bb4-8ea7-9514b6ccf610,FirstNumber=604,secondNumber=1099}  written to file by thread pool-3-thread-1
 message  {Id=db3c11d6-a022-4b1d-9268-81f109bef62d,FirstNumber=421,secondNumber=720}  added by thread pool-3-thread-6
 message  {Id=db3c11d6-a022-4b1d-9268-81f109bef62d,FirstNumber=421,secondNumber=720}  written to file by thread pool-3-thread-3
 message  {Id=b37a6e77-7985-46f7-9aa6-b049a497330e,FirstNumber=52,secondNumber=1887}  added by thread pool-3-thread-6
 message  {Id=b37a6e77-7985-46f7-9aa6-b049a497330e,FirstNumber=52,secondNumber=1887}  written to file by thread pool-3-thread-4
 message  {Id=a5a78df4-61fd-4823-83a3-799d09b2a41c,FirstNumber=749,secondNumber=1757}  added by thread pool-3-thread-6
 message  {Id=a5a78df4-61fd-4823-83a3-799d09b2a41c,FirstNumber=749,secondNumber=1757}  written to file by thread pool-3-thread-4
 message  {Id=e297c2fa-6934-4fc1-8c9b-956b9a08e774,FirstNumber=712,secondNumber=1600}  added by thread pool-3-thread-6
 message  {Id=e297c2fa-6934-4fc1-8c9b-956b9a08e774,FirstNumber=712,secondNumber=1600}  written to file by thread pool-3-thread-1
 message  {Id=540a35f8-2dbf-44da-ba28-8605fc078e1f,FirstNumber=997,secondNumber=1768}  added by thread pool-3-thread-6
 message  {Id=540a35f8-2dbf-44da-ba28-8605fc078e1f,FirstNumber=997,secondNumber=1768}  written to file by thread pool-3-thread-3
 message  {Id=81df0399-4106-4b7f-8345-ded8feba1f98,FirstNumber=959,secondNumber=1658}  added by thread pool-3-thread-6
 message  {Id=81df0399-4106-4b7f-8345-ded8feba1f98,FirstNumber=959,secondNumber=1658}  written to file by thread pool-3-thread-2
 message  {Id=51a70013-98f7-44da-9eff-b8168d0a3766,FirstNumber=411,secondNumber=1282}  added by thread pool-3-thread-6
 message  {Id=51a70013-98f7-44da-9eff-b8168d0a3766,FirstNumber=411,secondNumber=1282}  written to file by thread pool-3-thread-4
 message  {Id=d8849300-2a2b-4458-8ebc-6f39d42b890c,FirstNumber=422,secondNumber=1747}  added by thread pool-3-thread-6
 message  {Id=d8849300-2a2b-4458-8ebc-6f39d42b890c,FirstNumber=422,secondNumber=1747}  written to file by thread pool-3-thread-4
 message  {Id=42c18304-d4dd-43b8-99f2-145b9b563e37,FirstNumber=490,secondNumber=1854}  added by thread pool-3-thread-6
 message  {Id=42c18304-d4dd-43b8-99f2-145b9b563e37,FirstNumber=490,secondNumber=1854}  written to file by thread pool-3-thread-3
 message  {Id=926db30e-0f51-4cc4-ba8b-e7ce0125e601,FirstNumber=726,secondNumber=944}  added by thread pool-3-thread-6
 message  {Id=926db30e-0f51-4cc4-ba8b-e7ce0125e601,FirstNumber=726,secondNumber=944}  written to file by thread pool-3-thread-2
 message  {Id=0877ad2e-2950-4c43-8f98-903f71c3a525,FirstNumber=262,secondNumber=1819}  added by thread pool-3-thread-6
 message  {Id=0877ad2e-2950-4c43-8f98-903f71c3a525,FirstNumber=262,secondNumber=1819}  written to file by thread pool-3-thread-2
 message  {Id=85890fd4-720e-429a-815f-916ac9c89ec1,FirstNumber=925,secondNumber=1476}  added by thread pool-3-thread-6
 message  {Id=85890fd4-720e-429a-815f-916ac9c89ec1,FirstNumber=925,secondNumber=1476}  written to file by thread pool-3-thread-4
 message  {Id=dc1b8c16-a700-47fe-842b-3867d163cceb,FirstNumber=640,secondNumber=1317}  added by thread pool-3-thread-6
 message  {Id=dc1b8c16-a700-47fe-842b-3867d163cceb,FirstNumber=640,secondNumber=1317}  written to file by thread pool-3-thread-4
 message  {Id=ab6c7920-8edc-4781-82ba-d6a03dd9fab8,FirstNumber=626,secondNumber=1583}  added by thread pool-3-thread-6
 message  {Id=30116ae2-c268-4d71-89f6-c6e61e74b6fb,FirstNumber=942,secondNumber=1049}  added by thread pool-3-thread-6
 message  {Id=ab6c7920-8edc-4781-82ba-d6a03dd9fab8,FirstNumber=626,secondNumber=1583}  written to file by thread pool-3-thread-1
 message  {Id=30116ae2-c268-4d71-89f6-c6e61e74b6fb,FirstNumber=942,secondNumber=1049}  written to file by thread pool-3-thread-2
 message  {Id=01bf0b33-3281-4675-ba37-b295f24bba87,FirstNumber=183,secondNumber=48}  added by thread pool-3-thread-6
 message  {Id=5d457107-ff61-4c46-9bd1-9699030c5a96,FirstNumber=796,secondNumber=450}  added by thread pool-3-thread-6
 message  {Id=01bf0b33-3281-4675-ba37-b295f24bba87,FirstNumber=183,secondNumber=48}  written to file by thread pool-3-thread-3
 message  {Id=5d457107-ff61-4c46-9bd1-9699030c5a96,FirstNumber=796,secondNumber=450}  written to file by thread pool-3-thread-4
 message  {Id=53b26281-4a3f-4d47-a3e5-f2b29916df1d,FirstNumber=110,secondNumber=356}  added by thread pool-3-thread-6
 message  {Id=307869fb-075d-4cde-8ad3-66cb474beeaf,FirstNumber=70,secondNumber=371}  added by thread pool-3-thread-6
 message  {Id=53b26281-4a3f-4d47-a3e5-f2b29916df1d,FirstNumber=110,secondNumber=356}  written to file by thread pool-3-thread-1
 message  {Id=307869fb-075d-4cde-8ad3-66cb474beeaf,FirstNumber=70,secondNumber=371}  written to file by thread pool-3-thread-2
 message  {Id=013b8acf-e3e1-4c26-8627-c304094e4939,FirstNumber=499,secondNumber=1376}  added by thread pool-3-thread-6
 message  {Id=42c6bea9-2b81-4ba0-bfb8-fbf22b875e28,FirstNumber=653,secondNumber=1877}  added by thread pool-3-thread-6
 message  {Id=013b8acf-e3e1-4c26-8627-c304094e4939,FirstNumber=499,secondNumber=1376}  written to file by thread pool-3-thread-3
 message  {Id=42c6bea9-2b81-4ba0-bfb8-fbf22b875e28,FirstNumber=653,secondNumber=1877}  written to file by thread pool-3-thread-4
 message  {Id=c2fb13fa-8b25-47fc-889c-5149b1613b5f,FirstNumber=288,secondNumber=1097}  added by thread pool-3-thread-6
 message  {Id=dfa053cf-78ec-445f-8083-4b14227ee34c,FirstNumber=477,secondNumber=1408}  added by thread pool-3-thread-6
 message  {Id=c2fb13fa-8b25-47fc-889c-5149b1613b5f,FirstNumber=288,secondNumber=1097}  written to file by thread pool-3-thread-1
 message  {Id=dfa053cf-78ec-445f-8083-4b14227ee34c,FirstNumber=477,secondNumber=1408}  written to file by thread pool-3-thread-2
 message  {Id=76d5cf89-230b-4b72-b033-ad779a897c4c,FirstNumber=702,secondNumber=1790}  written to file by thread pool-3-thread-5
 message  {Id=7c198193-a7f9-4fa7-bc4a-5000e8686706,FirstNumber=129,secondNumber=251}  added by thread pool-3-thread-6
 message  {Id=7c198193-a7f9-4fa7-bc4a-5000e8686706,FirstNumber=129,secondNumber=251}  written to file by thread pool-3-thread-2
 message  {Id=f2bdd555-e56c-4829-9c16-4c482add0d6c,FirstNumber=8,secondNumber=884}  added by thread pool-3-thread-6
 message  {Id=f2bdd555-e56c-4829-9c16-4c482add0d6c,FirstNumber=8,secondNumber=884}  written to file by thread pool-3-thread-4
 message  {Id=a463de8b-d87e-47f8-916e-d0fc25771d54,FirstNumber=388,secondNumber=1221}  added by thread pool-3-thread-6
 message  {Id=a463de8b-d87e-47f8-916e-d0fc25771d54,FirstNumber=388,secondNumber=1221}  written to file by thread pool-3-thread-1
 message  {Id=ed9e55f9-7dc3-4a6e-942c-29ba076eb274,FirstNumber=669,secondNumber=231}  added by thread pool-3-thread-6
 message  {Id=ed9e55f9-7dc3-4a6e-942c-29ba076eb274,FirstNumber=669,secondNumber=231}  written to file by thread pool-3-thread-1
 message  {Id=bcab4f19-80eb-41ae-a408-ba6e1cad5429,FirstNumber=550,secondNumber=248}  added by thread pool-3-thread-6
 message  {Id=bcab4f19-80eb-41ae-a408-ba6e1cad5429,FirstNumber=550,secondNumber=248}  written to file by thread pool-3-thread-5
 message  {Id=784c16fe-deaf-48df-b0d0-74d7108706f2,FirstNumber=373,secondNumber=938}  added by thread pool-3-thread-6
 message  {Id=784c16fe-deaf-48df-b0d0-74d7108706f2,FirstNumber=373,secondNumber=938}  written to file by thread pool-3-thread-2
 message  {Id=e0556a62-ffcf-4f2e-a8bc-a0e932185d70,FirstNumber=77,secondNumber=1574}  added by thread pool-3-thread-6
 message  {Id=e0556a62-ffcf-4f2e-a8bc-a0e932185d70,FirstNumber=77,secondNumber=1574}  written to file by thread pool-3-thread-2
 message  {Id=ddcfa6ce-f7cd-45c2-b3e1-22f62b44f31e,FirstNumber=553,secondNumber=586}  added by thread pool-3-thread-6
 message  {Id=ddcfa6ce-f7cd-45c2-b3e1-22f62b44f31e,FirstNumber=553,secondNumber=586}  written to file by thread pool-3-thread-2
 message  {Id=3be1e340-2443-4523-b850-a9232adc420f,FirstNumber=932,secondNumber=805}  added by thread pool-3-thread-6
 message  {Id=3be1e340-2443-4523-b850-a9232adc420f,FirstNumber=932,secondNumber=805}  written to file by thread pool-3-thread-1
 message  {Id=3d7886ca-4d1d-4526-b3a9-9b4fcddb9094,FirstNumber=596,secondNumber=473}  added by thread pool-3-thread-6
 message  {Id=3d7886ca-4d1d-4526-b3a9-9b4fcddb9094,FirstNumber=596,secondNumber=473}  written to file by thread pool-3-thread-1
 message  {Id=1412f468-f8f7-48ab-86fa-c102b57cdd0b,FirstNumber=582,secondNumber=306}  added by thread pool-3-thread-6
 message  {Id=1412f468-f8f7-48ab-86fa-c102b57cdd0b,FirstNumber=582,secondNumber=306}  written to file by thread pool-3-thread-1
 message  {Id=9cefb78d-2893-4531-b32a-636277ca446e,FirstNumber=296,secondNumber=941}  added by thread pool-3-thread-6
 message  {Id=4991eb05-8416-4715-9ae4-5064aa0623ac,FirstNumber=602,secondNumber=436}  added by thread pool-3-thread-6
 message  {Id=9cefb78d-2893-4531-b32a-636277ca446e,FirstNumber=296,secondNumber=941}  written to file by thread pool-3-thread-3
 message  {Id=4991eb05-8416-4715-9ae4-5064aa0623ac,FirstNumber=602,secondNumber=436}  written to file by thread pool-3-thread-2
 message  {Id=f96937a8-01f9-4c65-9686-3af95113d827,FirstNumber=130,secondNumber=1833}  added by thread pool-3-thread-6
 message  {Id=f96937a8-01f9-4c65-9686-3af95113d827,FirstNumber=130,secondNumber=1833}  written to file by thread pool-3-thread-2
 message  {Id=c5e765c5-9da3-4dd7-b1f9-db424422029f,FirstNumber=58,secondNumber=787}  added by thread pool-3-thread-6
 message  {Id=c5e765c5-9da3-4dd7-b1f9-db424422029f,FirstNumber=58,secondNumber=787}  written to file by thread pool-3-thread-4
 message  {Id=8b05b328-2a6d-45f3-899b-22f46de9649c,FirstNumber=193,secondNumber=884}  added by thread pool-3-thread-6
 message  {Id=8b05b328-2a6d-45f3-899b-22f46de9649c,FirstNumber=193,secondNumber=884}  written to file by thread pool-3-thread-1
 message  {Id=0d912ccb-6f2d-42c1-89fc-ba6806f0e8e7,FirstNumber=751,secondNumber=1761}  added by thread pool-3-thread-6
 message  {Id=c3a56318-c784-4f85-bdda-3b57790e15b0,FirstNumber=900,secondNumber=129}  added by thread pool-3-thread-6
 message  {Id=0d912ccb-6f2d-42c1-89fc-ba6806f0e8e7,FirstNumber=751,secondNumber=1761}  written to file by thread pool-3-thread-3
 message  {Id=c3a56318-c784-4f85-bdda-3b57790e15b0,FirstNumber=900,secondNumber=129}  written to file by thread pool-3-thread-5
 message  {Id=6f7111a5-3f28-400b-8a17-2618b6840d65,FirstNumber=119,secondNumber=1124}  added by thread pool-3-thread-6
 message  {Id=6f7111a5-3f28-400b-8a17-2618b6840d65,FirstNumber=119,secondNumber=1124}  written to file by thread pool-3-thread-2
 message  {Id=b8d5e2ab-b35e-4197-abb9-8cc08944688c,FirstNumber=495,secondNumber=1350}  added by thread pool-3-thread-6
 message  {Id=b8d5e2ab-b35e-4197-abb9-8cc08944688c,FirstNumber=495,secondNumber=1350}  written to file by thread pool-3-thread-2
 message  {Id=d798f372-fc7b-4ef3-b57b-d4e640eb455a,FirstNumber=189,secondNumber=1293}  added by thread pool-3-thread-6
 message  {Id=d798f372-fc7b-4ef3-b57b-d4e640eb455a,FirstNumber=189,secondNumber=1293}  written to file by thread pool-3-thread-2
 message  {Id=1dc61f46-4d0d-4008-b775-da31fdec9403,FirstNumber=144,secondNumber=57}  added by thread pool-3-thread-6
 message  {Id=1dc61f46-4d0d-4008-b775-da31fdec9403,FirstNumber=144,secondNumber=57}  written to file by thread pool-3-thread-3
 message  {Id=21f08636-e936-436b-8dcc-b6945d54af71,FirstNumber=132,secondNumber=1977}  added by thread pool-3-thread-6
 message  {Id=8acfcd41-8cfe-4e48-a4b6-330afd110f0b,FirstNumber=831,secondNumber=261}  added by thread pool-3-thread-6
 message  {Id=21f08636-e936-436b-8dcc-b6945d54af71,FirstNumber=132,secondNumber=1977}  written to file by thread pool-3-thread-5
 message  {Id=8acfcd41-8cfe-4e48-a4b6-330afd110f0b,FirstNumber=831,secondNumber=261}  written to file by thread pool-3-thread-4
 message  {Id=09528c76-fefa-416d-b733-cfde2973dd06,FirstNumber=219,secondNumber=798}  added by thread pool-3-thread-6
 message  {Id=026fac43-5de6-4d65-92b1-1d7736723b48,FirstNumber=409,secondNumber=788}  added by thread pool-3-thread-6
 message  {Id=09528c76-fefa-416d-b733-cfde2973dd06,FirstNumber=219,secondNumber=798}  written to file by thread pool-3-thread-1
 message  {Id=026fac43-5de6-4d65-92b1-1d7736723b48,FirstNumber=409,secondNumber=788}  written to file by thread pool-3-thread-2
 message  {Id=39e0baef-593f-4c0e-8f8b-986fdb357370,FirstNumber=990,secondNumber=820}  added by thread pool-3-thread-6
 message  {Id=39e0baef-593f-4c0e-8f8b-986fdb357370,FirstNumber=990,secondNumber=820}  written to file by thread pool-3-thread-2
 message  {Id=f7e93908-78ce-42b8-a69c-28fb5da60c85,FirstNumber=39,secondNumber=202}  added by thread pool-3-thread-6
 message  {Id=f7e93908-78ce-42b8-a69c-28fb5da60c85,FirstNumber=39,secondNumber=202}  written to file by thread pool-3-thread-5
 message  {Id=a5b2bb2f-69bf-48e9-8379-bc02a6e403c2,FirstNumber=974,secondNumber=1731}  added by thread pool-3-thread-6
 message  {Id=a5b2bb2f-69bf-48e9-8379-bc02a6e403c2,FirstNumber=974,secondNumber=1731}  written to file by thread pool-3-thread-4
 message  {Id=ca668df9-67b7-4a33-979d-0a4c9100e09c,FirstNumber=231,secondNumber=581}  added by thread pool-3-thread-6
 message  {Id=ca668df9-67b7-4a33-979d-0a4c9100e09c,FirstNumber=231,secondNumber=581}  written to file by thread pool-3-thread-4
 message  {Id=1d597f89-b1e4-4e30-8c7d-e044a4cc5ac0,FirstNumber=473,secondNumber=5}  added by thread pool-3-thread-6
 message  {Id=eb42df6b-5025-43e1-a481-3e4aa10d2435,FirstNumber=129,secondNumber=1555}  added by thread pool-3-thread-6
 message  {Id=1d597f89-b1e4-4e30-8c7d-e044a4cc5ac0,FirstNumber=473,secondNumber=5}  written to file by thread pool-3-thread-3
 message  {Id=eb42df6b-5025-43e1-a481-3e4aa10d2435,FirstNumber=129,secondNumber=1555}  written to file by thread pool-3-thread-2
 message  {Id=9e5f944d-a5da-4d3e-b23a-3da2be2a5e2b,FirstNumber=659,secondNumber=174}  added by thread pool-3-thread-6
 message  {Id=1548b5fa-43bb-4a07-a21b-875064222558,FirstNumber=176,secondNumber=1152}  added by thread pool-3-thread-6
 message  {Id=9e5f944d-a5da-4d3e-b23a-3da2be2a5e2b,FirstNumber=659,secondNumber=174}  written to file by thread pool-3-thread-5
 message  {Id=1548b5fa-43bb-4a07-a21b-875064222558,FirstNumber=176,secondNumber=1152}  written to file by thread pool-3-thread-1
 message  {Id=d4b438e4-0d1f-4af5-b0b8-262643b61d2c,FirstNumber=197,secondNumber=1854}  added by thread pool-3-thread-6
 message  {Id=d4b438e4-0d1f-4af5-b0b8-262643b61d2c,FirstNumber=197,secondNumber=1854}  written to file by thread pool-3-thread-4
 message  {Id=8b09e60d-8ae2-49d8-91a3-a5d2e43e7ab6,FirstNumber=719,secondNumber=1315}  added by thread pool-3-thread-6
 message  {Id=8b09e60d-8ae2-49d8-91a3-a5d2e43e7ab6,FirstNumber=719,secondNumber=1315}  written to file by thread pool-3-thread-4
 message  {Id=1b36c4d6-d010-4abe-981e-21ec0fec666e,FirstNumber=22,secondNumber=1754}  added by thread pool-3-thread-6
 message  {Id=1b36c4d6-d010-4abe-981e-21ec0fec666e,FirstNumber=22,secondNumber=1754}  written to file by thread pool-3-thread-2
 message  {Id=7c5bb734-6041-40d3-b1ee-b24e663689f2,FirstNumber=341,secondNumber=760}  added by thread pool-3-thread-6
 message  {Id=7c5bb734-6041-40d3-b1ee-b24e663689f2,FirstNumber=341,secondNumber=760}  written to file by thread pool-3-thread-2
 message  {Id=71c2b3d4-30f0-4a27-8437-7ae51190dae8,FirstNumber=830,secondNumber=1485}  added by thread pool-3-thread-6
 message  {Id=71c2b3d4-30f0-4a27-8437-7ae51190dae8,FirstNumber=830,secondNumber=1485}  written to file by thread pool-3-thread-1
 message  {Id=fc5b31bf-ccc6-4acc-9262-1a799d6f46fb,FirstNumber=708,secondNumber=1701}  added by thread pool-3-thread-6
 message  {Id=fc5b31bf-ccc6-4acc-9262-1a799d6f46fb,FirstNumber=708,secondNumber=1701}  written to file by thread pool-3-thread-1
 message  {Id=6abef309-875a-4c76-93b6-611d96de3de0,FirstNumber=779,secondNumber=1894}  added by thread pool-3-thread-6
 message  {Id=6abef309-875a-4c76-93b6-611d96de3de0,FirstNumber=779,secondNumber=1894}  written to file by thread pool-3-thread-4
 message  {Id=c43a6122-022f-4049-b0b3-cdbcfaaffa65,FirstNumber=851,secondNumber=115}  added by thread pool-3-thread-6
 message  {Id=c43a6122-022f-4049-b0b3-cdbcfaaffa65,FirstNumber=851,secondNumber=115}  written to file by thread pool-3-thread-4
 message  {Id=152571b9-a7c6-4631-af70-e03cc247ba69,FirstNumber=269,secondNumber=1412}  added by thread pool-3-thread-6
 message  {Id=152571b9-a7c6-4631-af70-e03cc247ba69,FirstNumber=269,secondNumber=1412}  written to file by thread pool-3-thread-2
 message  {Id=bc0dcb57-de2b-4865-927a-7df3ff51b8df,FirstNumber=568,secondNumber=564}  added by thread pool-3-thread-6
 message  {Id=bc0dcb57-de2b-4865-927a-7df3ff51b8df,FirstNumber=568,secondNumber=564}  written to file by thread pool-3-thread-2
 message  {Id=f684d124-368b-4f48-b748-8403cf4128c8,FirstNumber=778,secondNumber=299}  added by thread pool-3-thread-6
 message  {Id=f684d124-368b-4f48-b748-8403cf4128c8,FirstNumber=778,secondNumber=299}  written to file by thread pool-3-thread-1
 message  {Id=1c7944f4-8c3b-485c-8264-655bc9d94db2,FirstNumber=604,secondNumber=917}  added by thread pool-3-thread-6
 message  {Id=5351a93a-c97f-4918-8a35-e9352a15b0a6,FirstNumber=577,secondNumber=1382}  added by thread pool-3-thread-6
 message  {Id=1c7944f4-8c3b-485c-8264-655bc9d94db2,FirstNumber=604,secondNumber=917}  written to file by thread pool-3-thread-5
 message  {Id=5351a93a-c97f-4918-8a35-e9352a15b0a6,FirstNumber=577,secondNumber=1382}  written to file by thread pool-3-thread-4
 message  {Id=71bb9836-d9d1-4584-b138-f36720676275,FirstNumber=367,secondNumber=1859}  added by thread pool-3-thread-6
 message  {Id=71bb9836-d9d1-4584-b138-f36720676275,FirstNumber=367,secondNumber=1859}  written to file by thread pool-3-thread-4
 message  {Id=40a4d931-5281-4c2f-8e16-ae8717984a7c,FirstNumber=524,secondNumber=953}  added by thread pool-3-thread-6
 message  {Id=40a4d931-5281-4c2f-8e16-ae8717984a7c,FirstNumber=524,secondNumber=953}  written to file by thread pool-3-thread-2
 message  {Id=9a534c3d-b40a-463f-b852-730f75507090,FirstNumber=723,secondNumber=1412}  added by thread pool-3-thread-6
 message  {Id=9a534c3d-b40a-463f-b852-730f75507090,FirstNumber=723,secondNumber=1412}  written to file by thread pool-3-thread-2
 message  {Id=9fa31a54-3427-4b6f-8a84-6c037fa3b5a7,FirstNumber=129,secondNumber=1691}  added by thread pool-3-thread-6
 message  {Id=9fa31a54-3427-4b6f-8a84-6c037fa3b5a7,FirstNumber=129,secondNumber=1691}  written to file by thread pool-3-thread-2
 message  {Id=32d50c4b-3c50-45bd-b6d6-e4d6d32f1ad6,FirstNumber=853,secondNumber=982}  added by thread pool-3-thread-6
 message  {Id=32d50c4b-3c50-45bd-b6d6-e4d6d32f1ad6,FirstNumber=853,secondNumber=982}  written to file by thread pool-3-thread-2
 message  {Id=102742bb-b2ba-4326-92b7-a82f969bbe1f,FirstNumber=450,secondNumber=378}  added by thread pool-3-thread-6
 message  {Id=102742bb-b2ba-4326-92b7-a82f969bbe1f,FirstNumber=450,secondNumber=378}  written to file by thread pool-3-thread-4
 message  {Id=2b2422bc-3fec-42b1-8d75-24fdd675cbbf,FirstNumber=213,secondNumber=456}  added by thread pool-3-thread-6
 message  {Id=2b2422bc-3fec-42b1-8d75-24fdd675cbbf,FirstNumber=213,secondNumber=456}  written to file by thread pool-3-thread-4
 message  {Id=9a253ed8-2956-45fa-88c3-2e61f7897c5a,FirstNumber=70,secondNumber=766}  added by thread pool-3-thread-6
 message  {Id=9a253ed8-2956-45fa-88c3-2e61f7897c5a,FirstNumber=70,secondNumber=766}  written to file by thread pool-3-thread-4
 message  {Id=ff05194d-f1fc-4fae-93c2-a9921e133348,FirstNumber=370,secondNumber=389}  added by thread pool-3-thread-6
 message  {Id=ff05194d-f1fc-4fae-93c2-a9921e133348,FirstNumber=370,secondNumber=389}  written to file by thread pool-3-thread-4
 message  {Id=ba83224f-bf64-4b5a-b2b0-3a5ac1d06586,FirstNumber=872,secondNumber=57}  added by thread pool-3-thread-6
 message  {Id=ba83224f-bf64-4b5a-b2b0-3a5ac1d06586,FirstNumber=872,secondNumber=57}  written to file by thread pool-3-thread-2
 message  {Id=e143d8f4-4b3e-4f26-b7e4-17120da207aa,FirstNumber=727,secondNumber=403}  added by thread pool-3-thread-6
 message  {Id=e143d8f4-4b3e-4f26-b7e4-17120da207aa,FirstNumber=727,secondNumber=403}  written to file by thread pool-3-thread-2
 message  {Id=664b5eb9-343f-422b-9997-ffb272525c08,FirstNumber=60,secondNumber=1283}  added by thread pool-3-thread-6
 message  {Id=664b5eb9-343f-422b-9997-ffb272525c08,FirstNumber=60,secondNumber=1283}  written to file by thread pool-3-thread-2
 message  {Id=810942e6-0ed5-459d-9bc3-3e4efc0717cc,FirstNumber=113,secondNumber=608}  added by thread pool-3-thread-6
 message  {Id=551b7914-fd4c-4f11-a798-4f1588bff248,FirstNumber=123,secondNumber=410}  added by thread pool-3-thread-6
 message  {Id=810942e6-0ed5-459d-9bc3-3e4efc0717cc,FirstNumber=113,secondNumber=608}  written to file by thread pool-3-thread-3
 message  {Id=551b7914-fd4c-4f11-a798-4f1588bff248,FirstNumber=123,secondNumber=410}  written to file by thread pool-3-thread-4
 message  {Id=2353abf9-c424-4e0d-aba2-7fba7a052595,FirstNumber=800,secondNumber=1256}  added by thread pool-3-thread-6
 message  {Id=2353abf9-c424-4e0d-aba2-7fba7a052595,FirstNumber=800,secondNumber=1256}  written to file by thread pool-3-thread-4
 message  {Id=5802c846-84fe-42da-abf1-a939630e885c,FirstNumber=525,secondNumber=1097}  added by thread pool-3-thread-6
 message  {Id=5802c846-84fe-42da-abf1-a939630e885c,FirstNumber=525,secondNumber=1097}  written to file by thread pool-3-thread-4
 message  {Id=cb6cb554-8658-4daa-a451-d76f718d5f97,FirstNumber=19,secondNumber=283}  added by thread pool-3-thread-6
 message  {Id=cb6cb554-8658-4daa-a451-d76f718d5f97,FirstNumber=19,secondNumber=283}  written to file by thread pool-3-thread-2
 message  {Id=71f807ad-6379-47c7-af0a-9ebd3164c686,FirstNumber=25,secondNumber=460}  added by thread pool-3-thread-6
 message  {Id=71f807ad-6379-47c7-af0a-9ebd3164c686,FirstNumber=25,secondNumber=460}  written to file by thread pool-3-thread-1
 message  {Id=35d7c806-382a-4003-8bfb-4a5fd2369507,FirstNumber=869,secondNumber=1796}  added by thread pool-3-thread-6
 message  {Id=35d7c806-382a-4003-8bfb-4a5fd2369507,FirstNumber=869,secondNumber=1796}  written to file by thread pool-3-thread-1
 message  {Id=c88073f0-8705-4968-a76e-656da11c8efc,FirstNumber=353,secondNumber=498}  added by thread pool-3-thread-6
 message  {Id=711b3d3d-7987-46c4-99bd-8d2830602db6,FirstNumber=903,secondNumber=1588}  added by thread pool-3-thread-6
 message  {Id=c88073f0-8705-4968-a76e-656da11c8efc,FirstNumber=353,secondNumber=498}  written to file by thread pool-3-thread-5
 message  {Id=711b3d3d-7987-46c4-99bd-8d2830602db6,FirstNumber=903,secondNumber=1588}  written to file by thread pool-3-thread-4
 message  {Id=0be13a0e-b448-47fc-a897-67a2dbe3bb8a,FirstNumber=987,secondNumber=1232}  added by thread pool-3-thread-6
 message  {Id=0be13a0e-b448-47fc-a897-67a2dbe3bb8a,FirstNumber=987,secondNumber=1232}  written to file by thread pool-3-thread-2
 message  {Id=57ad9b2d-c7f3-4d72-8d62-c2970c7b14c7,FirstNumber=656,secondNumber=522}  added by thread pool-3-thread-6
 message  {Id=fd268292-f59f-4dae-8fe5-0fa9abf77c14,FirstNumber=990,secondNumber=171}  added by thread pool-3-thread-6
 message  {Id=57ad9b2d-c7f3-4d72-8d62-c2970c7b14c7,FirstNumber=656,secondNumber=522}  written to file by thread pool-3-thread-3
 message  {Id=fd268292-f59f-4dae-8fe5-0fa9abf77c14,FirstNumber=990,secondNumber=171}  written to file by thread pool-3-thread-1
 message  {Id=ed528e20-837f-494a-9af6-871bbeea9d7f,FirstNumber=808,secondNumber=1537}  added by thread pool-3-thread-6
 message  {Id=ed528e20-837f-494a-9af6-871bbeea9d7f,FirstNumber=808,secondNumber=1537}  written to file by thread pool-3-thread-1
 message  {Id=6b25f65f-589f-436a-a621-f6c1e3c4e6f0,FirstNumber=911,secondNumber=153}  added by thread pool-3-thread-6
 message  {Id=6b25f65f-589f-436a-a621-f6c1e3c4e6f0,FirstNumber=911,secondNumber=153}  written to file by thread pool-3-thread-4
 message  {Id=751a5a75-6208-43e6-827d-8b805d50a2e2,FirstNumber=410,secondNumber=1445}  added by thread pool-3-thread-6
 message  {Id=751a5a75-6208-43e6-827d-8b805d50a2e2,FirstNumber=410,secondNumber=1445}  written to file by thread pool-3-thread-2
 message  {Id=9b07a858-c2e8-43f1-b32d-5558d16454e1,FirstNumber=291,secondNumber=58}  added by thread pool-3-thread-6
 message  {Id=9b07a858-c2e8-43f1-b32d-5558d16454e1,FirstNumber=291,secondNumber=58}  written to file by thread pool-3-thread-2
 message  {Id=b14f8469-11cf-42b8-9a79-885b2fe983fd,FirstNumber=825,secondNumber=909}  added by thread pool-3-thread-6
 message  {Id=b14f8469-11cf-42b8-9a79-885b2fe983fd,FirstNumber=825,secondNumber=909}  written to file by thread pool-3-thread-2
 message  {Id=9712d272-4759-4f43-a054-a1578367792c,FirstNumber=251,secondNumber=1208}  added by thread pool-3-thread-6
 message  {Id=9712d272-4759-4f43-a054-a1578367792c,FirstNumber=251,secondNumber=1208}  written to file by thread pool-3-thread-1
 message  {Id=14bd4d15-3e0b-4d96-9b85-02921ce1e6de,FirstNumber=626,secondNumber=749}  added by thread pool-3-thread-6
 message  {Id=14bd4d15-3e0b-4d96-9b85-02921ce1e6de,FirstNumber=626,secondNumber=749}  written to file by thread pool-3-thread-1
 message  {Id=5100315c-030e-4cb0-89db-d8b458a9ddcf,FirstNumber=336,secondNumber=199}  added by thread pool-3-thread-6
 message  {Id=e670f285-daef-441c-a907-0c8f6f2cd54b,FirstNumber=865,secondNumber=203}  added by thread pool-3-thread-6
 message  {Id=5100315c-030e-4cb0-89db-d8b458a9ddcf,FirstNumber=336,secondNumber=199}  written to file by thread pool-3-thread-5
 message  {Id=37218f29-0b61-46e6-b512-adbc6de8ff8c,FirstNumber=716,secondNumber=991}  added by thread pool-3-thread-6
 message  {Id=e670f285-daef-441c-a907-0c8f6f2cd54b,FirstNumber=865,secondNumber=203}  written to file by thread pool-3-thread-3
 message  {Id=37218f29-0b61-46e6-b512-adbc6de8ff8c,FirstNumber=716,secondNumber=991}  written to file by thread pool-3-thread-2
 message  {Id=e66b3c3a-4c22-4a12-818b-8219c92d7219,FirstNumber=427,secondNumber=64}  added by thread pool-3-thread-6
 message  {Id=e66b3c3a-4c22-4a12-818b-8219c92d7219,FirstNumber=427,secondNumber=64}  written to file by thread pool-3-thread-2
 message  {Id=9e01c2c0-f7bf-4885-9b22-14d208e98f95,FirstNumber=135,secondNumber=893}  added by thread pool-3-thread-6
 message  {Id=9e01c2c0-f7bf-4885-9b22-14d208e98f95,FirstNumber=135,secondNumber=893}  written to file by thread pool-3-thread-1
 message  {Id=282c6551-25e7-4a77-9061-2e3f5100fe17,FirstNumber=734,secondNumber=1999}  added by thread pool-3-thread-6
 message  {Id=282c6551-25e7-4a77-9061-2e3f5100fe17,FirstNumber=734,secondNumber=1999}  written to file by thread pool-3-thread-1
 message  {Id=70e0ef54-e69d-4c50-bf4b-4edb85dfede8,FirstNumber=849,secondNumber=1809}  added by thread pool-3-thread-6
 message  {Id=ef140a92-f75a-47b9-917e-d440d3aa0cb6,FirstNumber=583,secondNumber=129}  added by thread pool-3-thread-6
 message  {Id=70e0ef54-e69d-4c50-bf4b-4edb85dfede8,FirstNumber=849,secondNumber=1809}  written to file by thread pool-3-thread-3
 message  {Id=ef140a92-f75a-47b9-917e-d440d3aa0cb6,FirstNumber=583,secondNumber=129}  written to file by thread pool-3-thread-4
 message  {Id=71850405-3b93-43bc-9571-b2a38f0ae683,FirstNumber=124,secondNumber=456}  added by thread pool-3-thread-6
 message  {Id=71850405-3b93-43bc-9571-b2a38f0ae683,FirstNumber=124,secondNumber=456}  written to file by thread pool-3-thread-2
 message  {Id=297069af-2093-4778-80da-82b74fb6c3c2,FirstNumber=936,secondNumber=552}  added by thread pool-3-thread-6
 message  {Id=297069af-2093-4778-80da-82b74fb6c3c2,FirstNumber=936,secondNumber=552}  written to file by thread pool-3-thread-5
 message  {Id=fc96b40d-3d15-491c-b0ab-a4c3fcca884c,FirstNumber=660,secondNumber=345}  added by thread pool-3-thread-6
 message  {Id=fc96b40d-3d15-491c-b0ab-a4c3fcca884c,FirstNumber=660,secondNumber=345}  written to file by thread pool-3-thread-1
 message  {Id=61f07276-752a-44f7-8900-0a0aec4ec1ea,FirstNumber=610,secondNumber=1922}  added by thread pool-3-thread-6
 message  {Id=8fffbe9b-ad4f-429c-9c40-b45260b33c16,FirstNumber=356,secondNumber=133}  added by thread pool-3-thread-6
 message  {Id=61f07276-752a-44f7-8900-0a0aec4ec1ea,FirstNumber=610,secondNumber=1922}  written to file by thread pool-3-thread-3
 message  {Id=8fffbe9b-ad4f-429c-9c40-b45260b33c16,FirstNumber=356,secondNumber=133}  written to file by thread pool-3-thread-4
 message  {Id=e678286c-c81c-478c-91c9-f259c77147bc,FirstNumber=802,secondNumber=689}  added by thread pool-3-thread-6
 message  {Id=e678286c-c81c-478c-91c9-f259c77147bc,FirstNumber=802,secondNumber=689}  written to file by thread pool-3-thread-4
 message  {Id=516d8515-4493-4ca2-aaaf-96254ea13d02,FirstNumber=83,secondNumber=1328}  added by thread pool-3-thread-6
 message  {Id=516d8515-4493-4ca2-aaaf-96254ea13d02,FirstNumber=83,secondNumber=1328}  written to file by thread pool-3-thread-5
 message  {Id=bb884821-ab20-4376-8005-40d3efb3f595,FirstNumber=874,secondNumber=107}  added by thread pool-3-thread-6
 message  {Id=bb884821-ab20-4376-8005-40d3efb3f595,FirstNumber=874,secondNumber=107}  written to file by thread pool-3-thread-1
 message  {Id=4df30361-2d15-4085-8ec2-8d2a3537be4c,FirstNumber=591,secondNumber=28}  added by thread pool-3-thread-6
 message  {Id=a8f936ea-b630-4877-99e5-60dcdfc65586,FirstNumber=157,secondNumber=413}  added by thread pool-3-thread-6
 message  {Id=a8f936ea-b630-4877-99e5-60dcdfc65586,FirstNumber=157,secondNumber=413}  written to file by thread pool-3-thread-2
 message  {Id=4df30361-2d15-4085-8ec2-8d2a3537be4c,FirstNumber=591,secondNumber=28}  written to file by thread pool-3-thread-3
 message  {Id=2ad1dc60-ff17-4f4c-b04c-a806c381080c,FirstNumber=243,secondNumber=1619}  added by thread pool-3-thread-6
 message  {Id=2ad1dc60-ff17-4f4c-b04c-a806c381080c,FirstNumber=243,secondNumber=1619}  written to file by thread pool-3-thread-4
 message  {Id=5beba112-2a82-4319-99f6-cb65079cdb3f,FirstNumber=126,secondNumber=676}  added by thread pool-3-thread-6
 message  {Id=5beba112-2a82-4319-99f6-cb65079cdb3f,FirstNumber=126,secondNumber=676}  written to file by thread pool-3-thread-4
 message  {Id=a58df9ec-2ebd-4407-a360-c0e9b85121cc,FirstNumber=507,secondNumber=695}  added by thread pool-3-thread-6
 message  {Id=a58df9ec-2ebd-4407-a360-c0e9b85121cc,FirstNumber=507,secondNumber=695}  written to file by thread pool-3-thread-1
 message  {Id=6a33379d-dd5a-44b5-aa0a-b8ba722c297a,FirstNumber=866,secondNumber=1688}  added by thread pool-3-thread-6
 message  {Id=6a33379d-dd5a-44b5-aa0a-b8ba722c297a,FirstNumber=866,secondNumber=1688}  written to file by thread pool-3-thread-1
 message  {Id=7df015b9-e137-4e9f-9e3f-666d96cd4bf5,FirstNumber=609,secondNumber=1971}  added by thread pool-3-thread-6
 message  {Id=7df015b9-e137-4e9f-9e3f-666d96cd4bf5,FirstNumber=609,secondNumber=1971}  written to file by thread pool-3-thread-1
 message  {Id=82e451bb-e08e-4e48-bcf5-0bdeefa489ce,FirstNumber=851,secondNumber=1116}  added by thread pool-3-thread-6
 message  {Id=82e451bb-e08e-4e48-bcf5-0bdeefa489ce,FirstNumber=851,secondNumber=1116}  written to file by thread pool-3-thread-5
 message  {Id=a86cfc7f-ffc9-40ce-af0b-556ec6487372,FirstNumber=659,secondNumber=1466}  added by thread pool-3-thread-6
 message  {Id=a86cfc7f-ffc9-40ce-af0b-556ec6487372,FirstNumber=659,secondNumber=1466}  written to file by thread pool-3-thread-4
 message  {Id=6c206449-79ef-4679-9e95-f97f5ce135c7,FirstNumber=144,secondNumber=646}  added by thread pool-3-thread-6
 message  {Id=6c206449-79ef-4679-9e95-f97f5ce135c7,FirstNumber=144,secondNumber=646}  written to file by thread pool-3-thread-4
 message  {Id=9c728112-7c6d-4c5d-8141-c9f532a19f58,FirstNumber=488,secondNumber=1451}  added by thread pool-3-thread-6
 message  {Id=f991299e-5606-42ab-87e0-1e0be9923550,FirstNumber=606,secondNumber=1091}  added by thread pool-3-thread-6
 message  {Id=9c728112-7c6d-4c5d-8141-c9f532a19f58,FirstNumber=488,secondNumber=1451}  written to file by thread pool-3-thread-3
 message  {Id=f991299e-5606-42ab-87e0-1e0be9923550,FirstNumber=606,secondNumber=1091}  written to file by thread pool-3-thread-1
 message  {Id=33b1c28e-111e-4f34-97f7-fc0933f9ac5d,FirstNumber=638,secondNumber=39}  added by thread pool-3-thread-6
 message  {Id=33b1c28e-111e-4f34-97f7-fc0933f9ac5d,FirstNumber=638,secondNumber=39}  written to file by thread pool-3-thread-5
 message  {Id=6e7c1dda-e4ce-4fa7-8a43-61afe326acd6,FirstNumber=130,secondNumber=108}  added by thread pool-3-thread-6
 message  {Id=6e7c1dda-e4ce-4fa7-8a43-61afe326acd6,FirstNumber=130,secondNumber=108}  written to file by thread pool-3-thread-2
 message  {Id=1fc46f5d-9fdf-4c06-8dcc-f247225472c6,FirstNumber=549,secondNumber=372}  added by thread pool-3-thread-6
 message  {Id=1fc46f5d-9fdf-4c06-8dcc-f247225472c6,FirstNumber=549,secondNumber=372}  written to file by thread pool-3-thread-4
 message  {Id=c14f1f70-5bf7-414c-99e3-5548e4194d69,FirstNumber=90,secondNumber=487}  added by thread pool-3-thread-6
 message  {Id=c14f1f70-5bf7-414c-99e3-5548e4194d69,FirstNumber=90,secondNumber=487}  written to file by thread pool-3-thread-4
 message  {Id=5938bc47-6565-4d4c-b852-310cc16d5e95,FirstNumber=113,secondNumber=502}  added by thread pool-3-thread-6
 message  {Id=5938bc47-6565-4d4c-b852-310cc16d5e95,FirstNumber=113,secondNumber=502}  written to file by thread pool-3-thread-1
 message  {Id=e7b420f2-0afd-47c1-9b42-b52078c63bc9,FirstNumber=903,secondNumber=194}  added by thread pool-3-thread-6
 message  {Id=e7b420f2-0afd-47c1-9b42-b52078c63bc9,FirstNumber=903,secondNumber=194}  written to file by thread pool-3-thread-1
 message  {Id=87597709-87af-450e-9eea-538173c7cb56,FirstNumber=795,secondNumber=30}  added by thread pool-3-thread-6
 message  {Id=87597709-87af-450e-9eea-538173c7cb56,FirstNumber=795,secondNumber=30}  written to file by thread pool-3-thread-2
 message  {Id=480296dd-4f94-4678-b3cc-b9efede4d8d9,FirstNumber=981,secondNumber=1976}  added by thread pool-3-thread-6
 message  {Id=480296dd-4f94-4678-b3cc-b9efede4d8d9,FirstNumber=981,secondNumber=1976}  written to file by thread pool-3-thread-2
 message  {Id=4fe45c6e-3684-485a-b8e9-b7a973afb983,FirstNumber=241,secondNumber=397}  added by thread pool-3-thread-6
 message  {Id=4fe45c6e-3684-485a-b8e9-b7a973afb983,FirstNumber=241,secondNumber=397}  written to file by thread pool-3-thread-4
 message  {Id=fc348f23-d394-49e5-b065-547d964b03c1,FirstNumber=891,secondNumber=730}  added by thread pool-3-thread-6
 message  {Id=fc348f23-d394-49e5-b065-547d964b03c1,FirstNumber=891,secondNumber=730}  written to file by thread pool-3-thread-5
 message  {Id=d7cc8b00-5726-48ff-a32d-7d514d6d4639,FirstNumber=475,secondNumber=1493}  added by thread pool-3-thread-6
 message  {Id=d7cc8b00-5726-48ff-a32d-7d514d6d4639,FirstNumber=475,secondNumber=1493}  written to file by thread pool-3-thread-1
 message  {Id=48b57261-5743-4c79-9b48-0d6dbdd3a6da,FirstNumber=351,secondNumber=789}  added by thread pool-3-thread-6
 message  {Id=48b57261-5743-4c79-9b48-0d6dbdd3a6da,FirstNumber=351,secondNumber=789}  written to file by thread pool-3-thread-1
 message  {Id=81fe8ac0-2157-4722-a73e-96b7d2b054e3,FirstNumber=765,secondNumber=1534}  added by thread pool-3-thread-6
 message  {Id=81fe8ac0-2157-4722-a73e-96b7d2b054e3,FirstNumber=765,secondNumber=1534}  written to file by thread pool-3-thread-2
 message  {Id=f9966c29-5909-4c74-bceb-d47ed17a845c,FirstNumber=148,secondNumber=59}  added by thread pool-3-thread-6
 message  {Id=f9966c29-5909-4c74-bceb-d47ed17a845c,FirstNumber=148,secondNumber=59}  written to file by thread pool-3-thread-4
 message  {Id=696ca611-4d13-4878-9dc7-5120f2a56aee,FirstNumber=533,secondNumber=785}  added by thread pool-3-thread-6
 message  {Id=696ca611-4d13-4878-9dc7-5120f2a56aee,FirstNumber=533,secondNumber=785}  written to file by thread pool-3-thread-5
 message  {Id=75055cc6-618c-4f83-b13b-36980a2ba355,FirstNumber=868,secondNumber=348}  added by thread pool-3-thread-6
 message  {Id=1faf53a4-991b-407e-bce4-4bfe0b7c4791,FirstNumber=221,secondNumber=208}  added by thread pool-3-thread-6
 message  {Id=75055cc6-618c-4f83-b13b-36980a2ba355,FirstNumber=868,secondNumber=348}  written to file by thread pool-3-thread-3
 message  {Id=1faf53a4-991b-407e-bce4-4bfe0b7c4791,FirstNumber=221,secondNumber=208}  written to file by thread pool-3-thread-1
 message  {Id=569533b2-b88f-4497-8020-432d79bf769a,FirstNumber=543,secondNumber=1633}  added by thread pool-3-thread-6
 message  {Id=569533b2-b88f-4497-8020-432d79bf769a,FirstNumber=543,secondNumber=1633}  written to file by thread pool-3-thread-1
 message  {Id=40d38774-b2f9-4ead-9d56-56cc47d60dde,FirstNumber=570,secondNumber=1740}  added by thread pool-3-thread-6
 message  {Id=40d38774-b2f9-4ead-9d56-56cc47d60dde,FirstNumber=570,secondNumber=1740}  written to file by thread pool-3-thread-4
 message  {Id=9431a311-9cd9-4626-b9a3-09803ab4a060,FirstNumber=30,secondNumber=861}  added by thread pool-3-thread-6
 message  {Id=9431a311-9cd9-4626-b9a3-09803ab4a060,FirstNumber=30,secondNumber=861}  written to file by thread pool-3-thread-5
 message  {Id=b656449e-2381-4de3-883b-dc721368f216,FirstNumber=221,secondNumber=125}  added by thread pool-3-thread-6
 message  {Id=b656449e-2381-4de3-883b-dc721368f216,FirstNumber=221,secondNumber=125}  written to file by thread pool-3-thread-5
 message  {Id=f740006e-9522-4391-9d4f-808c9aef1d45,FirstNumber=559,secondNumber=1736}  added by thread pool-3-thread-6
 message  {Id=f740006e-9522-4391-9d4f-808c9aef1d45,FirstNumber=559,secondNumber=1736}  written to file by thread pool-3-thread-2
 message  {Id=03eeb460-03a3-4237-8f68-296fbcd4498c,FirstNumber=410,secondNumber=1602}  added by thread pool-3-thread-6
 message  {Id=03eeb460-03a3-4237-8f68-296fbcd4498c,FirstNumber=410,secondNumber=1602}  written to file by thread pool-3-thread-1
 message  {Id=c2dbf644-7fdd-4e70-9673-cf0dd3e92f4f,FirstNumber=577,secondNumber=1168}  added by thread pool-3-thread-6
 message  {Id=c2dbf644-7fdd-4e70-9673-cf0dd3e92f4f,FirstNumber=577,secondNumber=1168}  written to file by thread pool-3-thread-1
 message  {Id=523d9ef1-bca4-445a-be6c-8add25498b14,FirstNumber=958,secondNumber=1238}  added by thread pool-3-thread-6
 message  {Id=523d9ef1-bca4-445a-be6c-8add25498b14,FirstNumber=958,secondNumber=1238}  written to file by thread pool-3-thread-1
 message  {Id=f1085877-6cb4-4f17-b9b8-52bea38c30b0,FirstNumber=447,secondNumber=408}  added by thread pool-3-thread-6
 message  {Id=f1085877-6cb4-4f17-b9b8-52bea38c30b0,FirstNumber=447,secondNumber=408}  written to file by thread pool-3-thread-5
 message  {Id=ccc54885-e04f-4a08-ad3e-8b2f4a3da26d,FirstNumber=100,secondNumber=815}  added by thread pool-3-thread-6
 message  {Id=ccc54885-e04f-4a08-ad3e-8b2f4a3da26d,FirstNumber=100,secondNumber=815}  written to file by thread pool-3-thread-2
 message  {Id=ce2c2722-6458-4fd5-9123-dff9456a3806,FirstNumber=765,secondNumber=623}  added by thread pool-3-thread-6
 message  {Id=ce2c2722-6458-4fd5-9123-dff9456a3806,FirstNumber=765,secondNumber=623}  written to file by thread pool-3-thread-2
 message  {Id=b58957be-f868-416c-976d-c81a16374b52,FirstNumber=332,secondNumber=1632}  added by thread pool-3-thread-6
 message  {Id=3068f3ff-4578-4593-b7dd-7758fbdbbca5,FirstNumber=814,secondNumber=999}  added by thread pool-3-thread-6
 message  {Id=b58957be-f868-416c-976d-c81a16374b52,FirstNumber=332,secondNumber=1632}  written to file by thread pool-3-thread-3
 message  {Id=3068f3ff-4578-4593-b7dd-7758fbdbbca5,FirstNumber=814,secondNumber=999}  written to file by thread pool-3-thread-1
 message  {Id=8a9d9f77-0a45-41d7-a403-1948ee9d7d15,FirstNumber=108,secondNumber=1989}  added by thread pool-3-thread-6
 message  {Id=8a9d9f77-0a45-41d7-a403-1948ee9d7d15,FirstNumber=108,secondNumber=1989}  written to file by thread pool-3-thread-5
 message  {Id=5bcb72f8-dae0-4431-bfae-1e16de224b46,FirstNumber=479,secondNumber=931}  added by thread pool-3-thread-6
 message  {Id=5bcb72f8-dae0-4431-bfae-1e16de224b46,FirstNumber=479,secondNumber=931}  written to file by thread pool-3-thread-4
 message  {Id=e21a30be-79d1-495b-a753-f1977f79b73d,FirstNumber=781,secondNumber=140}  added by thread pool-3-thread-6
 message  {Id=e21a30be-79d1-495b-a753-f1977f79b73d,FirstNumber=781,secondNumber=140}  written to file by thread pool-3-thread-2
 message  {Id=97776202-980e-49ac-be13-95349a425ece,FirstNumber=382,secondNumber=1882}  added by thread pool-3-thread-6
 message  {Id=97776202-980e-49ac-be13-95349a425ece,FirstNumber=382,secondNumber=1882}  written to file by thread pool-3-thread-2
 message  {Id=8c8aa877-ed76-48b4-9fb1-cd0137992bec,FirstNumber=669,secondNumber=905}  added by thread pool-3-thread-6
 message  {Id=8c8aa877-ed76-48b4-9fb1-cd0137992bec,FirstNumber=669,secondNumber=905}  written to file by thread pool-3-thread-2
 message  {Id=baf2796b-98dc-456c-a5b7-9d049c971dff,FirstNumber=554,secondNumber=1836}  added by thread pool-3-thread-6
 message  {Id=baf2796b-98dc-456c-a5b7-9d049c971dff,FirstNumber=554,secondNumber=1836}  written to file by thread pool-3-thread-2
 message  {Id=e75e1ebb-f5c8-4f99-bb6a-b002144db41c,FirstNumber=384,secondNumber=1155}  added by thread pool-3-thread-6
 message  {Id=e75e1ebb-f5c8-4f99-bb6a-b002144db41c,FirstNumber=384,secondNumber=1155}  written to file by thread pool-3-thread-4
 message  {Id=4bacfa78-658a-451c-be22-4dfcce088bca,FirstNumber=192,secondNumber=1132}  added by thread pool-3-thread-6
 message  {Id=4bacfa78-658a-451c-be22-4dfcce088bca,FirstNumber=192,secondNumber=1132}  written to file by thread pool-3-thread-4
 message  {Id=79994c66-7e7d-495d-a6d7-2a56afb21f91,FirstNumber=990,secondNumber=408}  added by thread pool-3-thread-6
 message  {Id=79994c66-7e7d-495d-a6d7-2a56afb21f91,FirstNumber=990,secondNumber=408}  written to file by thread pool-3-thread-1
 message  {Id=56f22cf3-3522-4b59-8abc-8a2ccc5df093,FirstNumber=21,secondNumber=24}  added by thread pool-3-thread-6
 message  {Id=56f22cf3-3522-4b59-8abc-8a2ccc5df093,FirstNumber=21,secondNumber=24}  written to file by thread pool-3-thread-5
 message  {Id=866bd63a-0cc6-427b-936e-4f1d63903780,FirstNumber=913,secondNumber=7}  added by thread pool-3-thread-6
 message  {Id=866bd63a-0cc6-427b-936e-4f1d63903780,FirstNumber=913,secondNumber=7}  written to file by thread pool-3-thread-2
 message  {Id=5b6aedc7-de64-4c78-9b20-180068892db0,FirstNumber=171,secondNumber=393}  added by thread pool-3-thread-6
 message  {Id=5b6aedc7-de64-4c78-9b20-180068892db0,FirstNumber=171,secondNumber=393}  written to file by thread pool-3-thread-2
 message  {Id=0350c766-b646-4457-9ab2-1a5afe592d67,FirstNumber=595,secondNumber=758}  added by thread pool-3-thread-6
 message  {Id=0350c766-b646-4457-9ab2-1a5afe592d67,FirstNumber=595,secondNumber=758}  written to file by thread pool-3-thread-4
 message  {Id=e6efc0be-af6e-4dda-8742-06113b5b44cf,FirstNumber=674,secondNumber=949}  added by thread pool-3-thread-6
 message  {Id=e6efc0be-af6e-4dda-8742-06113b5b44cf,FirstNumber=674,secondNumber=949}  written to file by thread pool-3-thread-4
 message  {Id=109b1585-65bf-4a9a-8349-1d85be11fb28,FirstNumber=727,secondNumber=248}  added by thread pool-3-thread-6
 message  {Id=109b1585-65bf-4a9a-8349-1d85be11fb28,FirstNumber=727,secondNumber=248}  written to file by thread pool-3-thread-4
 message  {Id=e2fd21d1-840b-4728-8992-328833d18bfa,FirstNumber=364,secondNumber=306}  added by thread pool-3-thread-6
 message  {Id=e2fd21d1-840b-4728-8992-328833d18bfa,FirstNumber=364,secondNumber=306}  written to file by thread pool-3-thread-3
 message  {Id=ee1f1a73-f8ac-46de-b0d3-c00b747f88e6,FirstNumber=686,secondNumber=1519}  added by thread pool-3-thread-6
 message  {Id=ee1f1a73-f8ac-46de-b0d3-c00b747f88e6,FirstNumber=686,secondNumber=1519}  written to file by thread pool-3-thread-2
 message  {Id=52ecbd7d-8e6f-4c34-a150-65f9ab68cfe2,FirstNumber=395,secondNumber=1531}  added by thread pool-3-thread-6
 message  {Id=52ecbd7d-8e6f-4c34-a150-65f9ab68cfe2,FirstNumber=395,secondNumber=1531}  written to file by thread pool-3-thread-1
 message  {Id=9586d544-2866-4e52-84b1-a9a5c79c1a1d,FirstNumber=209,secondNumber=142}  added by thread pool-3-thread-6
 message  {Id=9586d544-2866-4e52-84b1-a9a5c79c1a1d,FirstNumber=209,secondNumber=142}  written to file by thread pool-3-thread-1
 message  {Id=3c8e223a-d5c8-4a59-9b53-a39c6db39c49,FirstNumber=759,secondNumber=1616}  added by thread pool-3-thread-6
 message  {Id=3c8e223a-d5c8-4a59-9b53-a39c6db39c49,FirstNumber=759,secondNumber=1616}  written to file by thread pool-3-thread-1
 message  {Id=fa18f4ac-cdaa-443f-8362-b4786d5a0aba,FirstNumber=694,secondNumber=583}  added by thread pool-3-thread-6
 message  {Id=83ff6b18-fa25-483b-80bc-c8f0ea0891e7,FirstNumber=848,secondNumber=1276}  added by thread pool-3-thread-6
 message  {Id=fa18f4ac-cdaa-443f-8362-b4786d5a0aba,FirstNumber=694,secondNumber=583}  written to file by thread pool-3-thread-3
 message  {Id=83ff6b18-fa25-483b-80bc-c8f0ea0891e7,FirstNumber=848,secondNumber=1276}  written to file by thread pool-3-thread-2
 message  {Id=f07e3274-c62c-402a-bf89-ced6fc7542f5,FirstNumber=212,secondNumber=607}  added by thread pool-3-thread-6
 message  {Id=f07e3274-c62c-402a-bf89-ced6fc7542f5,FirstNumber=212,secondNumber=607}  written to file by thread pool-3-thread-5
 message  {Id=f887e224-bb7b-497f-84a3-5549ef17cbce,FirstNumber=65,secondNumber=1652}  added by thread pool-3-thread-6
 message  {Id=f887e224-bb7b-497f-84a3-5549ef17cbce,FirstNumber=65,secondNumber=1652}  written to file by thread pool-3-thread-4
 message  {Id=9a494d5c-6be0-4a5b-960a-3eef4bfcc8cd,FirstNumber=417,secondNumber=380}  added by thread pool-3-thread-6
 message  {Id=9a494d5c-6be0-4a5b-960a-3eef4bfcc8cd,FirstNumber=417,secondNumber=380}  written to file by thread pool-3-thread-4
 message  {Id=162f2103-d534-43bb-926d-deb13680a765,FirstNumber=16,secondNumber=446}  added by thread pool-3-thread-6
 message  {Id=162f2103-d534-43bb-926d-deb13680a765,FirstNumber=16,secondNumber=446}  written to file by thread pool-3-thread-3
 message  {Id=66ee9fce-b11f-40b3-bb5a-98f9b82bbdd0,FirstNumber=981,secondNumber=216}  added by thread pool-3-thread-6
 message  {Id=66ee9fce-b11f-40b3-bb5a-98f9b82bbdd0,FirstNumber=981,secondNumber=216}  written to file by thread pool-3-thread-2
 message  {Id=1d04672d-29d6-4326-b21f-f5194aaa43de,FirstNumber=79,secondNumber=1802}  added by thread pool-3-thread-6
 message  {Id=1d04672d-29d6-4326-b21f-f5194aaa43de,FirstNumber=79,secondNumber=1802}  written to file by thread pool-3-thread-5
 message  {Id=59d98f47-a340-4f2b-8791-b5a10189322a,FirstNumber=813,secondNumber=1713}  added by thread pool-3-thread-6
 message  {Id=59d98f47-a340-4f2b-8791-b5a10189322a,FirstNumber=813,secondNumber=1713}  written to file by thread pool-3-thread-5
 message  {Id=7032a596-e3ad-4553-9dfc-935f7c2eafbb,FirstNumber=433,secondNumber=1504}  added by thread pool-3-thread-6
 message  {Id=7032a596-e3ad-4553-9dfc-935f7c2eafbb,FirstNumber=433,secondNumber=1504}  written to file by thread pool-3-thread-4
 message  {Id=05313f5d-402a-4f82-857d-cdbab11ed983,FirstNumber=395,secondNumber=1346}  added by thread pool-3-thread-6
 message  {Id=31ee668e-a264-45e3-8eae-ee79bf5270de,FirstNumber=279,secondNumber=1822}  added by thread pool-3-thread-6
 message  {Id=05313f5d-402a-4f82-857d-cdbab11ed983,FirstNumber=395,secondNumber=1346}  written to file by thread pool-3-thread-3
 message  {Id=31ee668e-a264-45e3-8eae-ee79bf5270de,FirstNumber=279,secondNumber=1822}  written to file by thread pool-3-thread-2
 message  {Id=f61cda33-e5d9-42a2-813b-eb157c5677e0,FirstNumber=130,secondNumber=1008}  added by thread pool-3-thread-6
 message  {Id=f61cda33-e5d9-42a2-813b-eb157c5677e0,FirstNumber=130,secondNumber=1008}  written to file by thread pool-3-thread-1
 message  {Id=439edbb8-511c-4498-b779-d790b7030ac7,FirstNumber=45,secondNumber=1439}  added by thread pool-3-thread-6
 message  {Id=439edbb8-511c-4498-b779-d790b7030ac7,FirstNumber=45,secondNumber=1439}  written to file by thread pool-3-thread-5
 message  {Id=96fa78d6-9501-4fcc-91ea-6bfe5cfb301b,FirstNumber=108,secondNumber=493}  added by thread pool-3-thread-6
 message  {Id=96fa78d6-9501-4fcc-91ea-6bfe5cfb301b,FirstNumber=108,secondNumber=493}  written to file by thread pool-3-thread-4
 message  {Id=982b09d7-ae8f-4d11-be0e-dad66a4adb5b,FirstNumber=174,secondNumber=1117}  added by thread pool-3-thread-6
 message  {Id=982b09d7-ae8f-4d11-be0e-dad66a4adb5b,FirstNumber=174,secondNumber=1117}  written to file by thread pool-3-thread-3
 message  {Id=0e3f76b8-de6a-4dcd-9ae9-300138228fd7,FirstNumber=694,secondNumber=184}  added by thread pool-3-thread-6
 message  {Id=0e3f76b8-de6a-4dcd-9ae9-300138228fd7,FirstNumber=694,secondNumber=184}  written to file by thread pool-3-thread-2
 message  {Id=fffe9682-2341-41b4-9696-1091922cdc21,FirstNumber=28,secondNumber=463}  added by thread pool-3-thread-6
 message  {Id=fffe9682-2341-41b4-9696-1091922cdc21,FirstNumber=28,secondNumber=463}  written to file by thread pool-3-thread-2
 message  {Id=79e8513c-6572-4ad3-9e6b-fd4e28937c23,FirstNumber=458,secondNumber=1044}  added by thread pool-3-thread-6
 message  {Id=30ce47e9-1a7c-4f7f-93f7-ce1828929071,FirstNumber=978,secondNumber=1331}  added by thread pool-3-thread-6
 message  {Id=79e8513c-6572-4ad3-9e6b-fd4e28937c23,FirstNumber=458,secondNumber=1044}  written to file by thread pool-3-thread-5
 message  {Id=30ce47e9-1a7c-4f7f-93f7-ce1828929071,FirstNumber=978,secondNumber=1331}  written to file by thread pool-3-thread-4
 message  {Id=be343819-a85e-457f-a2c5-a296dbdfffcb,FirstNumber=889,secondNumber=1540}  added by thread pool-3-thread-6
 message  {Id=a3b93948-2272-452d-a346-ef7492855956,FirstNumber=182,secondNumber=357}  added by thread pool-3-thread-6
 message  {Id=be343819-a85e-457f-a2c5-a296dbdfffcb,FirstNumber=889,secondNumber=1540}  written to file by thread pool-3-thread-3
 message  {Id=a3b93948-2272-452d-a346-ef7492855956,FirstNumber=182,secondNumber=357}  written to file by thread pool-3-thread-1
 message  {Id=38b751f7-1690-4f72-baa1-6533190dd2e9,FirstNumber=740,secondNumber=1410}  added by thread pool-3-thread-6
 message  {Id=38b751f7-1690-4f72-baa1-6533190dd2e9,FirstNumber=740,secondNumber=1410}  written to file by thread pool-3-thread-2
 message  {Id=5aa2127a-1a3e-40d3-b25c-505ad871c3a0,FirstNumber=471,secondNumber=683}  added by thread pool-3-thread-6
 message  {Id=5aa2127a-1a3e-40d3-b25c-505ad871c3a0,FirstNumber=471,secondNumber=683}  written to file by thread pool-3-thread-2
 message  {Id=0ad8ad3e-a5e1-4d09-a2d4-0744e4174fa2,FirstNumber=935,secondNumber=1135}  added by thread pool-3-thread-6
 message  {Id=0ad8ad3e-a5e1-4d09-a2d4-0744e4174fa2,FirstNumber=935,secondNumber=1135}  written to file by thread pool-3-thread-4
 message  {Id=20bee790-7775-46e6-bb01-c0ad9bd188fd,FirstNumber=52,secondNumber=80}  added by thread pool-3-thread-6
 message  {Id=20bee790-7775-46e6-bb01-c0ad9bd188fd,FirstNumber=52,secondNumber=80}  written to file by thread pool-3-thread-4
 message  {Id=fdc06412-47fd-412f-bc5c-7c75a1e95c9c,FirstNumber=913,secondNumber=1225}  added by thread pool-3-thread-6
 message  {Id=fdc06412-47fd-412f-bc5c-7c75a1e95c9c,FirstNumber=913,secondNumber=1225}  written to file by thread pool-3-thread-1
 message  {Id=15f8ca66-4196-437a-99f2-98727b3d5a78,FirstNumber=701,secondNumber=1108}  added by thread pool-3-thread-6
 message  {Id=15f8ca66-4196-437a-99f2-98727b3d5a78,FirstNumber=701,secondNumber=1108}  written to file by thread pool-3-thread-5
 message  {Id=742316ce-86e9-4b9d-be85-6efbbcdaf138,FirstNumber=551,secondNumber=1526}  added by thread pool-3-thread-6
 message  {Id=6ac6e0bd-c2b0-49f4-b70d-7381e6600daf,FirstNumber=561,secondNumber=1954}  added by thread pool-3-thread-6
 message  {Id=742316ce-86e9-4b9d-be85-6efbbcdaf138,FirstNumber=551,secondNumber=1526}  written to file by thread pool-3-thread-5
 message  {Id=6ac6e0bd-c2b0-49f4-b70d-7381e6600daf,FirstNumber=561,secondNumber=1954}  written to file by thread pool-3-thread-3
 message  {Id=3a50febf-e6fe-485c-92d4-e670b1778f7e,FirstNumber=998,secondNumber=1424}  added by thread pool-3-thread-6
 message  {Id=3a50febf-e6fe-485c-92d4-e670b1778f7e,FirstNumber=998,secondNumber=1424}  written to file by thread pool-3-thread-4
 message  {Id=01dbdf43-5280-44d0-88c9-78686b06464f,FirstNumber=860,secondNumber=1183}  added by thread pool-3-thread-6
 message  {Id=01dbdf43-5280-44d0-88c9-78686b06464f,FirstNumber=860,secondNumber=1183}  written to file by thread pool-3-thread-4
 message  {Id=62f131b1-987f-4a32-8ed5-644ec8afb97a,FirstNumber=154,secondNumber=100}  added by thread pool-3-thread-6
 message  {Id=62f131b1-987f-4a32-8ed5-644ec8afb97a,FirstNumber=154,secondNumber=100}  written to file by thread pool-3-thread-2
 message  {Id=7f36c6b1-9b62-441d-b8cf-13d303558b8d,FirstNumber=123,secondNumber=1635}  added by thread pool-3-thread-6
 message  {Id=7f36c6b1-9b62-441d-b8cf-13d303558b8d,FirstNumber=123,secondNumber=1635}  written to file by thread pool-3-thread-2
 message  {Id=978f2a1e-8ae8-45c0-8098-418e678bb031,FirstNumber=892,secondNumber=646}  added by thread pool-3-thread-6
 message  {Id=9bac195e-f76f-436c-94f3-892f1b9498f9,FirstNumber=402,secondNumber=514}  added by thread pool-3-thread-6
 message  {Id=978f2a1e-8ae8-45c0-8098-418e678bb031,FirstNumber=892,secondNumber=646}  written to file by thread pool-3-thread-3
 message  {Id=9bac195e-f76f-436c-94f3-892f1b9498f9,FirstNumber=402,secondNumber=514}  written to file by thread pool-3-thread-1
 message  {Id=31468861-3f00-4398-8a8e-4ebbda46c4dc,FirstNumber=615,secondNumber=1631}  added by thread pool-3-thread-6
 message  {Id=31468861-3f00-4398-8a8e-4ebbda46c4dc,FirstNumber=615,secondNumber=1631}  written to file by thread pool-3-thread-4
 message  {Id=08432171-29b8-4980-8f43-c6cc6c623695,FirstNumber=785,secondNumber=129}  added by thread pool-3-thread-6
 message  {Id=08432171-29b8-4980-8f43-c6cc6c623695,FirstNumber=785,secondNumber=129}  written to file by thread pool-3-thread-5
 message  {Id=76ff0042-d5bd-4f6e-8266-690a9882d59b,FirstNumber=228,secondNumber=1421}  added by thread pool-3-thread-6
 message  {Id=76ff0042-d5bd-4f6e-8266-690a9882d59b,FirstNumber=228,secondNumber=1421}  written to file by thread pool-3-thread-2
 message  {Id=d2ee7595-d26f-48ed-86d9-0c9a807617d5,FirstNumber=111,secondNumber=1346}  added by thread pool-3-thread-6
 message  {Id=d2ee7595-d26f-48ed-86d9-0c9a807617d5,FirstNumber=111,secondNumber=1346}  written to file by thread pool-3-thread-2
 message  {Id=585ce058-3d65-48de-807e-22594ef9fad3,FirstNumber=521,secondNumber=1872}  added by thread pool-3-thread-6
 message  {Id=585ce058-3d65-48de-807e-22594ef9fad3,FirstNumber=521,secondNumber=1872}  written to file by thread pool-3-thread-1
 message  {Id=a0aae3af-87d3-4467-9d63-ba4d33d6c692,FirstNumber=86,secondNumber=366}  added by thread pool-3-thread-6
 message  {Id=a0aae3af-87d3-4467-9d63-ba4d33d6c692,FirstNumber=86,secondNumber=366}  written to file by thread pool-3-thread-1
 message  {Id=e60fdfb5-5b4c-4ffd-8b12-bda9b1800b60,FirstNumber=140,secondNumber=392}  added by thread pool-3-thread-6
 message  {Id=e60fdfb5-5b4c-4ffd-8b12-bda9b1800b60,FirstNumber=140,secondNumber=392}  written to file by thread pool-3-thread-5
 message  {Id=cdcb1f27-2044-488a-83f3-ed32e95ffb1e,FirstNumber=551,secondNumber=905}  added by thread pool-3-thread-6
 message  {Id=cdcb1f27-2044-488a-83f3-ed32e95ffb1e,FirstNumber=551,secondNumber=905}  written to file by thread pool-3-thread-3
 message  {Id=3345b7fa-1dbe-422b-95d1-0f017db620eb,FirstNumber=986,secondNumber=108}  added by thread pool-3-thread-6
 message  {Id=09fc078d-36d6-4513-b57b-b0399c1c2639,FirstNumber=151,secondNumber=532}  added by thread pool-3-thread-6
 message  {Id=3345b7fa-1dbe-422b-95d1-0f017db620eb,FirstNumber=986,secondNumber=108}  written to file by thread pool-3-thread-2
 message  {Id=8521eea3-d460-423f-b4df-bbaee2e8be16,FirstNumber=588,secondNumber=1172}  added by thread pool-3-thread-6
 message  {Id=09fc078d-36d6-4513-b57b-b0399c1c2639,FirstNumber=151,secondNumber=532}  written to file by thread pool-3-thread-4
 message  {Id=4dde2742-b71a-4292-80ce-7f370f5f3ce3,FirstNumber=26,secondNumber=430}  added by thread pool-3-thread-6
 message  {Id=8521eea3-d460-423f-b4df-bbaee2e8be16,FirstNumber=588,secondNumber=1172}  written to file by thread pool-3-thread-1
 message  {Id=80298fb1-72fb-482d-871a-ba9979588b0b,FirstNumber=268,secondNumber=12}  added by thread pool-3-thread-6
 message  {Id=4dde2742-b71a-4292-80ce-7f370f5f3ce3,FirstNumber=26,secondNumber=430}  written to file by thread pool-3-thread-4
 message  {Id=80da58f4-d5b7-427d-bf7d-1ace1f5fa02a,FirstNumber=356,secondNumber=1416}  added by thread pool-3-thread-6
 message  {Id=b44bca3b-38cf-4b18-ba41-8d54922d8851,FirstNumber=847,secondNumber=1555}  added by thread pool-3-thread-6
 message  {Id=80298fb1-72fb-482d-871a-ba9979588b0b,FirstNumber=268,secondNumber=12}  written to file by thread pool-3-thread-4
 message  {Id=5d9985f3-b069-4d58-a093-7600c6abb99d,FirstNumber=262,secondNumber=1800}  added by thread pool-3-thread-6
 message  {Id=46f13835-a269-4bf1-87c8-988bfa73d5d8,FirstNumber=734,secondNumber=851}  added by thread pool-3-thread-6
 message  {Id=80da58f4-d5b7-427d-bf7d-1ace1f5fa02a,FirstNumber=356,secondNumber=1416}  written to file by thread pool-3-thread-4
 message  {Id=442c6d7a-b3e7-4348-9aa9-d9b7b38e39e1,FirstNumber=520,secondNumber=1940}  added by thread pool-3-thread-6
 message  {Id=1acc5d10-82a7-4da1-96ae-e3c942ec36c2,FirstNumber=112,secondNumber=1448}  added by thread pool-3-thread-6
 message  {Id=b44bca3b-38cf-4b18-ba41-8d54922d8851,FirstNumber=847,secondNumber=1555}  written to file by thread pool-3-thread-4
 message  {Id=3e14bab0-8c01-43d8-8fc5-e00646460a7e,FirstNumber=425,secondNumber=1134}  added by thread pool-3-thread-6
 message  {Id=5dd90359-d478-44b7-969c-446e7b0c6f0b,FirstNumber=958,secondNumber=1112}  added by thread pool-3-thread-6
 message  {Id=5d9985f3-b069-4d58-a093-7600c6abb99d,FirstNumber=262,secondNumber=1800}  written to file by thread pool-3-thread-4
 message  {Id=816de81f-a802-45e6-9c46-7cfb723bf14e,FirstNumber=883,secondNumber=1754}  added by thread pool-3-thread-6
 message  {Id=f2d20e1a-d4af-489b-8196-5d92f398278c,FirstNumber=456,secondNumber=1429}  added by thread pool-3-thread-6
 message  {Id=46f13835-a269-4bf1-87c8-988bfa73d5d8,FirstNumber=734,secondNumber=851}  written to file by thread pool-3-thread-4
 message  {Id=de99fcdc-d38d-4623-b6d7-b408022ee00f,FirstNumber=68,secondNumber=94}  added by thread pool-3-thread-6
 message  {Id=831d8c77-8158-4c55-bd92-56d3828582b7,FirstNumber=835,secondNumber=1342}  added by thread pool-3-thread-6
 message  {Id=442c6d7a-b3e7-4348-9aa9-d9b7b38e39e1,FirstNumber=520,secondNumber=1940}  written to file by thread pool-3-thread-4
 message  {Id=9b0af260-28ce-4bad-87f9-57e267a2ddf6,FirstNumber=653,secondNumber=1961}  added by thread pool-3-thread-6
 message  {Id=45af85a4-038a-4ef5-82fd-5d8aa0883638,FirstNumber=648,secondNumber=930}  added by thread pool-3-thread-6
 message  {Id=1acc5d10-82a7-4da1-96ae-e3c942ec36c2,FirstNumber=112,secondNumber=1448}  written to file by thread pool-3-thread-4
 message  {Id=d2d0c951-f16a-4faf-8405-846707026db0,FirstNumber=259,secondNumber=843}  added by thread pool-3-thread-6
 message  {Id=55bf6d7e-6ed8-4bae-9030-23632a81f79f,FirstNumber=137,secondNumber=1497}  added by thread pool-3-thread-6
 message  {Id=3e14bab0-8c01-43d8-8fc5-e00646460a7e,FirstNumber=425,secondNumber=1134}  written to file by thread pool-3-thread-4
 message  {Id=fe00a32d-6855-46cf-87cb-29aed35c5449,FirstNumber=133,secondNumber=1130}  added by thread pool-3-thread-6
 message  {Id=ef71bc84-df4e-41c7-8b1c-099206096d01,FirstNumber=186,secondNumber=503}  added by thread pool-3-thread-6
 message  {Id=5dd90359-d478-44b7-969c-446e7b0c6f0b,FirstNumber=958,secondNumber=1112}  written to file by thread pool-3-thread-4
 message  {Id=b1db5dff-ab88-4692-a2a3-b193d087c483,FirstNumber=345,secondNumber=1033}  added by thread pool-3-thread-6
 message  {Id=816de81f-a802-45e6-9c46-7cfb723bf14e,FirstNumber=883,secondNumber=1754}  written to file by thread pool-3-thread-4
 message  {Id=7df50c5e-b97f-409f-8ed6-6adce8aabffd,FirstNumber=273,secondNumber=1107}  added by thread pool-3-thread-6
 message  {Id=491f4c5e-42db-4025-ad0e-5430503c3bf3,FirstNumber=384,secondNumber=1058}  added by thread pool-3-thread-6
 message  {Id=f2d20e1a-d4af-489b-8196-5d92f398278c,FirstNumber=456,secondNumber=1429}  written to file by thread pool-3-thread-4
 message  {Id=106d121e-4b82-4a5e-a91d-5296b4eddcd6,FirstNumber=464,secondNumber=1392}  added by thread pool-3-thread-6
 message  {Id=572d98bd-4221-4af4-8655-ffbb8755c149,FirstNumber=466,secondNumber=1686}  added by thread pool-3-thread-6
 message  {Id=de99fcdc-d38d-4623-b6d7-b408022ee00f,FirstNumber=68,secondNumber=94}  written to file by thread pool-3-thread-4
 message  {Id=b6ed2a43-f28f-4a5d-ab69-b48382c509c9,FirstNumber=886,secondNumber=789}  added by thread pool-3-thread-6
 message  {Id=ec7e0673-09c8-491c-a7c0-674175e61ba8,FirstNumber=874,secondNumber=829}  added by thread pool-3-thread-6
 message  {Id=831d8c77-8158-4c55-bd92-56d3828582b7,FirstNumber=835,secondNumber=1342}  written to file by thread pool-3-thread-4
 message  {Id=9ca88c9e-8a22-4926-b805-c44682442b16,FirstNumber=144,secondNumber=129}  added by thread pool-3-thread-6
 message  {Id=67ef1412-6fac-400b-8974-12a21290ea66,FirstNumber=64,secondNumber=1060}  added by thread pool-3-thread-6
 message  {Id=9b0af260-28ce-4bad-87f9-57e267a2ddf6,FirstNumber=653,secondNumber=1961}  written to file by thread pool-3-thread-4
 message  {Id=4584ed70-51c3-48c5-9ccf-bdfd6e8f5062,FirstNumber=294,secondNumber=1933}  added by thread pool-3-thread-6
 message  {Id=98e12be6-5470-43fc-abba-68dd10e286fb,FirstNumber=359,secondNumber=60}  added by thread pool-3-thread-6
 message  {Id=45af85a4-038a-4ef5-82fd-5d8aa0883638,FirstNumber=648,secondNumber=930}  written to file by thread pool-3-thread-4
 message  {Id=baae32bb-1037-4ae3-a5bf-95d19d3256d3,FirstNumber=72,secondNumber=1024}  added by thread pool-3-thread-6
 message  {Id=627e94f2-2148-4bd3-b175-3860d4687f58,FirstNumber=486,secondNumber=1431}  added by thread pool-3-thread-6
 message  {Id=d2d0c951-f16a-4faf-8405-846707026db0,FirstNumber=259,secondNumber=843}  written to file by thread pool-3-thread-4
 message  {Id=2490dda1-8342-4fbc-ba13-1df702601f1f,FirstNumber=873,secondNumber=1168}  added by thread pool-3-thread-6
 message  {Id=be94294b-806c-473d-9e13-3307fa9fa4c7,FirstNumber=142,secondNumber=878}  added by thread pool-3-thread-6
 message  {Id=55bf6d7e-6ed8-4bae-9030-23632a81f79f,FirstNumber=137,secondNumber=1497}  written to file by thread pool-3-thread-4
 message  {Id=fe00a32d-6855-46cf-87cb-29aed35c5449,FirstNumber=133,secondNumber=1130}  written to file by thread pool-3-thread-4
 message  {Id=a0b86f7d-3fe6-4f80-8a7b-04a614837734,FirstNumber=976,secondNumber=153}  added by thread pool-3-thread-6
 message  {Id=8b013dc3-12c1-4b4d-bc40-d10b7b3d5ecb,FirstNumber=313,secondNumber=1129}  added by thread pool-3-thread-6
 message  {Id=ef71bc84-df4e-41c7-8b1c-099206096d01,FirstNumber=186,secondNumber=503}  written to file by thread pool-3-thread-4
 message  {Id=8bf9f356-acf9-4c4e-a274-e0d8f685f47a,FirstNumber=944,secondNumber=1375}  added by thread pool-3-thread-6
 message  {Id=d207fc8e-811c-43c4-8236-dc5160faa11e,FirstNumber=887,secondNumber=1295}  added by thread pool-3-thread-6
 message  {Id=b1db5dff-ab88-4692-a2a3-b193d087c483,FirstNumber=345,secondNumber=1033}  written to file by thread pool-3-thread-4
 message  {Id=f0350e2c-b119-4e4b-bfe8-95861529be9f,FirstNumber=308,secondNumber=770}  added by thread pool-3-thread-6
 message  {Id=16fcbd05-9353-4185-b070-d74e2360daed,FirstNumber=468,secondNumber=946}  added by thread pool-3-thread-6
 message  {Id=7df50c5e-b97f-409f-8ed6-6adce8aabffd,FirstNumber=273,secondNumber=1107}  written to file by thread pool-3-thread-4
 message  {Id=5a01feb2-11a4-4da3-a226-668fc02ff817,FirstNumber=678,secondNumber=287}  added by thread pool-3-thread-6
 message  {Id=a02a79ee-38b5-4ea2-9ba4-bcf3284ab01e,FirstNumber=179,secondNumber=578}  added by thread pool-3-thread-6
 message  {Id=491f4c5e-42db-4025-ad0e-5430503c3bf3,FirstNumber=384,secondNumber=1058}  written to file by thread pool-3-thread-4
 message  {Id=b86bb038-7aac-4767-8ab6-03b85b9d7b9c,FirstNumber=984,secondNumber=933}  added by thread pool-3-thread-6
 message  {Id=106d121e-4b82-4a5e-a91d-5296b4eddcd6,FirstNumber=464,secondNumber=1392}  written to file by thread pool-3-thread-4
 message  {Id=6e4cfc93-1435-40f6-bf88-06ce388f3313,FirstNumber=208,secondNumber=1502}  added by thread pool-3-thread-6
 message  {Id=5a53b59e-8aac-4c2c-8eef-79e88281d9ea,FirstNumber=183,secondNumber=1685}  added by thread pool-3-thread-6
 message  {Id=572d98bd-4221-4af4-8655-ffbb8755c149,FirstNumber=466,secondNumber=1686}  written to file by thread pool-3-thread-4
 message  {Id=30059126-dd49-4f98-8cdd-2f0a0f2510bf,FirstNumber=307,secondNumber=1183}  added by thread pool-3-thread-6
 message  {Id=2ec383df-a659-4dfe-8d5a-277709dbc0fb,FirstNumber=528,secondNumber=1913}  added by thread pool-3-thread-6
 message  {Id=b6ed2a43-f28f-4a5d-ab69-b48382c509c9,FirstNumber=886,secondNumber=789}  written to file by thread pool-3-thread-4
 message  {Id=74d59423-3b87-4aa1-a1e7-1f4f54b56dfe,FirstNumber=475,secondNumber=641}  added by thread pool-3-thread-6
 message  {Id=aad8ce27-0e4e-412d-9350-bcad23ea4804,FirstNumber=79,secondNumber=1268}  added by thread pool-3-thread-6
 message  {Id=ec7e0673-09c8-491c-a7c0-674175e61ba8,FirstNumber=874,secondNumber=829}  written to file by thread pool-3-thread-4
 message  {Id=8507c2ad-4640-4001-a72d-05ba4c99bb11,FirstNumber=784,secondNumber=27}  added by thread pool-3-thread-6
 message  {Id=c3300653-817d-4d9e-a805-8f9fc3468b97,FirstNumber=452,secondNumber=313}  added by thread pool-3-thread-6
 message  {Id=9ca88c9e-8a22-4926-b805-c44682442b16,FirstNumber=144,secondNumber=129}  written to file by thread pool-3-thread-4
 message  {Id=4cd427a0-6b33-4d8f-892d-ed547e86b26f,FirstNumber=343,secondNumber=216}  added by thread pool-3-thread-6
 message  {Id=f94e9f11-1478-4d65-aca4-de5900ad3b1b,FirstNumber=517,secondNumber=1768}  added by thread pool-3-thread-6
 message  {Id=67ef1412-6fac-400b-8974-12a21290ea66,FirstNumber=64,secondNumber=1060}  written to file by thread pool-3-thread-4
 message  {Id=b1cef40d-ba0e-48b8-9898-7c9483439d8a,FirstNumber=825,secondNumber=312}  added by thread pool-3-thread-6
 message  {Id=cc5f0776-a132-485e-9392-b116d0d38c53,FirstNumber=52,secondNumber=559}  added by thread pool-3-thread-6
 message  {Id=4584ed70-51c3-48c5-9ccf-bdfd6e8f5062,FirstNumber=294,secondNumber=1933}  written to file by thread pool-3-thread-4
 message  {Id=e46dd54a-ee43-4cc8-8756-8bf7e13540a0,FirstNumber=958,secondNumber=1519}  added by thread pool-3-thread-6
 message  {Id=fb9c1f0f-e9b5-47fc-9c84-257e99dd4519,FirstNumber=50,secondNumber=49}  added by thread pool-3-thread-6
 message  {Id=98e12be6-5470-43fc-abba-68dd10e286fb,FirstNumber=359,secondNumber=60}  written to file by thread pool-3-thread-4
 message  {Id=125e48a6-d0b6-4ef2-a6ef-3ebbe30edfa4,FirstNumber=435,secondNumber=1574}  added by thread pool-3-thread-6
 message  {Id=fedff109-8466-49fb-9883-5db024dc0de6,FirstNumber=974,secondNumber=336}  added by thread pool-3-thread-6
 message  {Id=baae32bb-1037-4ae3-a5bf-95d19d3256d3,FirstNumber=72,secondNumber=1024}  written to file by thread pool-3-thread-4
 message  {Id=3061da7d-0b0d-4d1d-8e80-8c4f9722a349,FirstNumber=348,secondNumber=213}  added by thread pool-3-thread-6
 message  {Id=db3d8cd0-3719-49e6-84dc-cd5209911b17,FirstNumber=585,secondNumber=1931}  added by thread pool-3-thread-6
 message  {Id=627e94f2-2148-4bd3-b175-3860d4687f58,FirstNumber=486,secondNumber=1431}  written to file by thread pool-3-thread-4
 message  {Id=07334107-0048-4ea1-8a29-99c22dccc69d,FirstNumber=899,secondNumber=1634}  added by thread pool-3-thread-6
 message  {Id=86873870-ff66-4029-afaa-045b4ea950eb,FirstNumber=772,secondNumber=529}  added by thread pool-3-thread-6
 message  {Id=2490dda1-8342-4fbc-ba13-1df702601f1f,FirstNumber=873,secondNumber=1168}  written to file by thread pool-3-thread-4
 message  {Id=663e4bd8-6b47-4ff0-a09d-6c6639bee604,FirstNumber=918,secondNumber=350}  added by thread pool-3-thread-6
 message  {Id=e33eb8ef-ca57-4d71-8450-e8f6dd27c4e9,FirstNumber=707,secondNumber=496}  added by thread pool-3-thread-6
 message  {Id=be94294b-806c-473d-9e13-3307fa9fa4c7,FirstNumber=142,secondNumber=878}  written to file by thread pool-3-thread-4
 message  {Id=9a1006ad-1378-4527-b39e-487cd39f66f7,FirstNumber=239,secondNumber=876}  added by thread pool-3-thread-6
 message  {Id=75e0d7a1-4a0e-40f3-8ce5-e4a26f4945ec,FirstNumber=951,secondNumber=1244}  added by thread pool-3-thread-6
 message  {Id=a0b86f7d-3fe6-4f80-8a7b-04a614837734,FirstNumber=976,secondNumber=153}  written to file by thread pool-3-thread-4
 message  {Id=395d1b5a-0da2-4325-bead-7ca6be8a39cd,FirstNumber=646,secondNumber=1714}  added by thread pool-3-thread-6
 message  {Id=8b013dc3-12c1-4b4d-bc40-d10b7b3d5ecb,FirstNumber=313,secondNumber=1129}  written to file by thread pool-3-thread-5
 message  {Id=8bf9f356-acf9-4c4e-a274-e0d8f685f47a,FirstNumber=944,secondNumber=1375}  written to file by thread pool-3-thread-3
 message  {Id=a6ca8b86-cdb3-4d3e-bf67-515b3ee53759,FirstNumber=425,secondNumber=1421}  added by thread pool-3-thread-6
 message  {Id=d207fc8e-811c-43c4-8236-dc5160faa11e,FirstNumber=887,secondNumber=1295}  written to file by thread pool-3-thread-2
 message  {Id=f0350e2c-b119-4e4b-bfe8-95861529be9f,FirstNumber=308,secondNumber=770}  written to file by thread pool-3-thread-4
 message  {Id=186a3bf8-387f-4c42-84e4-c2e29bf164b5,FirstNumber=720,secondNumber=1514}  added by thread pool-3-thread-6
 message  {Id=5a01feb2-11a4-4da3-a226-668fc02ff817,FirstNumber=678,secondNumber=287}  written to file by thread pool-3-thread-3
 message  {Id=15cb1f13-4fc6-43a7-8fd4-20618beb044b,FirstNumber=570,secondNumber=1755}  added by thread pool-3-thread-6
 message  {Id=a02a79ee-38b5-4ea2-9ba4-bcf3284ab01e,FirstNumber=179,secondNumber=578}  written to file by thread pool-3-thread-2
 message  {Id=b86bb038-7aac-4767-8ab6-03b85b9d7b9c,FirstNumber=984,secondNumber=933}  written to file by thread pool-3-thread-4
 message  {Id=e12d6263-1424-4c5c-827c-0887c7e770a7,FirstNumber=499,secondNumber=1421}  added by thread pool-3-thread-6
 message  {Id=16fcbd05-9353-4185-b070-d74e2360daed,FirstNumber=468,secondNumber=946}  written to file by thread pool-3-thread-5
 message  {Id=6e4cfc93-1435-40f6-bf88-06ce388f3313,FirstNumber=208,secondNumber=1502}  written to file by thread pool-3-thread-3
 message  {Id=bea03ea6-a749-4d26-a5fa-bfe1d7d4a44f,FirstNumber=367,secondNumber=1252}  added by thread pool-3-thread-6
 message  {Id=5a53b59e-8aac-4c2c-8eef-79e88281d9ea,FirstNumber=183,secondNumber=1685}  written to file by thread pool-3-thread-2
 message  {Id=30059126-dd49-4f98-8cdd-2f0a0f2510bf,FirstNumber=307,secondNumber=1183}  written to file by thread pool-3-thread-4
 message  {Id=fbac54cd-3021-40e3-871a-10404b4fe9c4,FirstNumber=959,secondNumber=678}  added by thread pool-3-thread-6
 message  {Id=2ec383df-a659-4dfe-8d5a-277709dbc0fb,FirstNumber=528,secondNumber=1913}  written to file by thread pool-3-thread-5
 message  {Id=74d59423-3b87-4aa1-a1e7-1f4f54b56dfe,FirstNumber=475,secondNumber=641}  written to file by thread pool-3-thread-3
 message  {Id=aad8ce27-0e4e-412d-9350-bcad23ea4804,FirstNumber=79,secondNumber=1268}  written to file by thread pool-3-thread-2
 message  {Id=361164eb-b9fd-450e-ba14-cfca5ef304c3,FirstNumber=727,secondNumber=1074}  added by thread pool-3-thread-6
 message  {Id=8507c2ad-4640-4001-a72d-05ba4c99bb11,FirstNumber=784,secondNumber=27}  written to file by thread pool-3-thread-4
 message  {Id=c3300653-817d-4d9e-a805-8f9fc3468b97,FirstNumber=452,secondNumber=313}  written to file by thread pool-3-thread-5
 message  {Id=dc79cc9d-da4e-4254-ac70-7a1ccbce5776,FirstNumber=34,secondNumber=162}  added by thread pool-3-thread-6
 message  {Id=4cd427a0-6b33-4d8f-892d-ed547e86b26f,FirstNumber=343,secondNumber=216}  written to file by thread pool-3-thread-3
 message  {Id=f94e9f11-1478-4d65-aca4-de5900ad3b1b,FirstNumber=517,secondNumber=1768}  written to file by thread pool-3-thread-2
 message  {Id=2b3e474b-8840-48ba-beb8-3b4c07197401,FirstNumber=276,secondNumber=985}  added by thread pool-3-thread-6
 message  {Id=b1cef40d-ba0e-48b8-9898-7c9483439d8a,FirstNumber=825,secondNumber=312}  written to file by thread pool-3-thread-4
 message  {Id=cc5f0776-a132-485e-9392-b116d0d38c53,FirstNumber=52,secondNumber=559}  written to file by thread pool-3-thread-5
 message  {Id=e973cb60-de5c-45be-927f-bf69359f09d9,FirstNumber=133,secondNumber=1749}  added by thread pool-3-thread-6
 message  {Id=e46dd54a-ee43-4cc8-8756-8bf7e13540a0,FirstNumber=958,secondNumber=1519}  written to file by thread pool-3-thread-3
 message  {Id=93f44036-917b-4719-a021-0233103af7c2,FirstNumber=848,secondNumber=653}  added by thread pool-3-thread-6
 message  {Id=fb9c1f0f-e9b5-47fc-9c84-257e99dd4519,FirstNumber=50,secondNumber=49}  written to file by thread pool-3-thread-1
 message  {Id=125e48a6-d0b6-4ef2-a6ef-3ebbe30edfa4,FirstNumber=435,secondNumber=1574}  written to file by thread pool-3-thread-4
 message  {Id=fedff109-8466-49fb-9883-5db024dc0de6,FirstNumber=974,secondNumber=336}  written to file by thread pool-3-thread-5
 message  {Id=cc5a6271-e2f3-43e7-9693-38d6ba399860,FirstNumber=731,secondNumber=1922}  added by thread pool-3-thread-6
 message  {Id=3061da7d-0b0d-4d1d-8e80-8c4f9722a349,FirstNumber=348,secondNumber=213}  written to file by thread pool-3-thread-3
 message  {Id=db3d8cd0-3719-49e6-84dc-cd5209911b17,FirstNumber=585,secondNumber=1931}  written to file by thread pool-3-thread-1
 message  {Id=8b33361a-d21c-4ab7-8551-0ee0112413d5,FirstNumber=534,secondNumber=1003}  added by thread pool-3-thread-6
 message  {Id=07334107-0048-4ea1-8a29-99c22dccc69d,FirstNumber=899,secondNumber=1634}  written to file by thread pool-3-thread-4
 message  {Id=86873870-ff66-4029-afaa-045b4ea950eb,FirstNumber=772,secondNumber=529}  written to file by thread pool-3-thread-5
 message  {Id=c500fae2-efa4-4e77-93a8-95077dbf7e06,FirstNumber=59,secondNumber=368}  added by thread pool-3-thread-6
 message  {Id=663e4bd8-6b47-4ff0-a09d-6c6639bee604,FirstNumber=918,secondNumber=350}  written to file by thread pool-3-thread-3
 message  {Id=e33eb8ef-ca57-4d71-8450-e8f6dd27c4e9,FirstNumber=707,secondNumber=496}  written to file by thread pool-3-thread-1
 message  {Id=ab68dd8b-3742-4b66-bf71-57cd2548a5e1,FirstNumber=778,secondNumber=1269}  added by thread pool-3-thread-6
 message  {Id=9a1006ad-1378-4527-b39e-487cd39f66f7,FirstNumber=239,secondNumber=876}  written to file by thread pool-3-thread-4
 message  {Id=75e0d7a1-4a0e-40f3-8ce5-e4a26f4945ec,FirstNumber=951,secondNumber=1244}  written to file by thread pool-3-thread-5
 message  {Id=1321b4da-f1c9-497d-85ce-35a4f201c943,FirstNumber=144,secondNumber=498}  added by thread pool-3-thread-6
 message  {Id=395d1b5a-0da2-4325-bead-7ca6be8a39cd,FirstNumber=646,secondNumber=1714}  written to file by thread pool-3-thread-3
 message  {Id=a6ca8b86-cdb3-4d3e-bf67-515b3ee53759,FirstNumber=425,secondNumber=1421}  written to file by thread pool-3-thread-1
 message  {Id=de0427ba-473e-408e-93e2-57c60af02252,FirstNumber=387,secondNumber=1022}  added by thread pool-3-thread-6
 message  {Id=186a3bf8-387f-4c42-84e4-c2e29bf164b5,FirstNumber=720,secondNumber=1514}  written to file by thread pool-3-thread-4
 message  {Id=15cb1f13-4fc6-43a7-8fd4-20618beb044b,FirstNumber=570,secondNumber=1755}  written to file by thread pool-3-thread-5
 message  {Id=e12d6263-1424-4c5c-827c-0887c7e770a7,FirstNumber=499,secondNumber=1421}  written to file by thread pool-3-thread-3
 message  {Id=c10a390f-d96c-4790-aeba-032f46a3a458,FirstNumber=538,secondNumber=1645}  added by thread pool-3-thread-6
 message  {Id=bea03ea6-a749-4d26-a5fa-bfe1d7d4a44f,FirstNumber=367,secondNumber=1252}  written to file by thread pool-3-thread-1
 message  {Id=638f8aba-6274-4b07-82bf-b1615d4d7def,FirstNumber=324,secondNumber=346}  added by thread pool-3-thread-6
 message  {Id=fbac54cd-3021-40e3-871a-10404b4fe9c4,FirstNumber=959,secondNumber=678}  written to file by thread pool-3-thread-4
 message  {Id=361164eb-b9fd-450e-ba14-cfca5ef304c3,FirstNumber=727,secondNumber=1074}  written to file by thread pool-3-thread-5
 message  {Id=dc79cc9d-da4e-4254-ac70-7a1ccbce5776,FirstNumber=34,secondNumber=162}  written to file by thread pool-3-thread-3
 message  {Id=01fa5efe-ceb8-4d40-a3b4-3b53bebf0cc2,FirstNumber=239,secondNumber=105}  added by thread pool-3-thread-6
 message  {Id=2b3e474b-8840-48ba-beb8-3b4c07197401,FirstNumber=276,secondNumber=985}  written to file by thread pool-3-thread-1
 message  {Id=4d1a54ac-23b8-4c30-bd45-b9d879c2f120,FirstNumber=899,secondNumber=587}  added by thread pool-3-thread-6
 message  {Id=e973cb60-de5c-45be-927f-bf69359f09d9,FirstNumber=133,secondNumber=1749}  written to file by thread pool-3-thread-4
 message  {Id=93f44036-917b-4719-a021-0233103af7c2,FirstNumber=848,secondNumber=653}  written to file by thread pool-3-thread-5
 message  {Id=cc5a6271-e2f3-43e7-9693-38d6ba399860,FirstNumber=731,secondNumber=1922}  written to file by thread pool-3-thread-3
 message  {Id=17549bd5-64b3-4cc5-942a-da2c605a48e2,FirstNumber=459,secondNumber=121}  added by thread pool-3-thread-6
 message  {Id=8b33361a-d21c-4ab7-8551-0ee0112413d5,FirstNumber=534,secondNumber=1003}  written to file by thread pool-3-thread-1
 message  {Id=bcb247fa-bf07-44e3-a1be-85477227145c,FirstNumber=38,secondNumber=1358}  added by thread pool-3-thread-6
 message  {Id=c500fae2-efa4-4e77-93a8-95077dbf7e06,FirstNumber=59,secondNumber=368}  written to file by thread pool-3-thread-4
 message  {Id=ab68dd8b-3742-4b66-bf71-57cd2548a5e1,FirstNumber=778,secondNumber=1269}  written to file by thread pool-3-thread-5
 message  {Id=1321b4da-f1c9-497d-85ce-35a4f201c943,FirstNumber=144,secondNumber=498}  written to file by thread pool-3-thread-3
 message  {Id=de78f24e-900a-41ad-9728-171247a3e259,FirstNumber=242,secondNumber=1130}  added by thread pool-3-thread-6
 message  {Id=de0427ba-473e-408e-93e2-57c60af02252,FirstNumber=387,secondNumber=1022}  written to file by thread pool-3-thread-1
 message  {Id=9aebc0ef-1959-42af-b7ea-2549b1465eb3,FirstNumber=273,secondNumber=62}  added by thread pool-3-thread-6
 message  {Id=638f8aba-6274-4b07-82bf-b1615d4d7def,FirstNumber=324,secondNumber=346}  written to file by thread pool-3-thread-5
 message  {Id=c10a390f-d96c-4790-aeba-032f46a3a458,FirstNumber=538,secondNumber=1645}  written to file by thread pool-3-thread-4
 message  {Id=01fa5efe-ceb8-4d40-a3b4-3b53bebf0cc2,FirstNumber=239,secondNumber=105}  written to file by thread pool-3-thread-3
 message  {Id=4d1a54ac-23b8-4c30-bd45-b9d879c2f120,FirstNumber=899,secondNumber=587}  written to file by thread pool-3-thread-1
 message  {Id=4caa30f5-1049-4c02-ac26-13b6e5879858,FirstNumber=327,secondNumber=963}  added by thread pool-3-thread-6
 message  {Id=4ced54d6-978e-4d64-96dd-0f45de5d0381,FirstNumber=76,secondNumber=1898}  added by thread pool-3-thread-6
 message  {Id=17549bd5-64b3-4cc5-942a-da2c605a48e2,FirstNumber=459,secondNumber=121}  written to file by thread pool-3-thread-5
 message  {Id=de78f24e-900a-41ad-9728-171247a3e259,FirstNumber=242,secondNumber=1130}  written to file by thread pool-3-thread-3
 message  {Id=9aebc0ef-1959-42af-b7ea-2549b1465eb3,FirstNumber=273,secondNumber=62}  written to file by thread pool-3-thread-1
 message  {Id=bcb247fa-bf07-44e3-a1be-85477227145c,FirstNumber=38,secondNumber=1358}  written to file by thread pool-3-thread-4
 message  {Id=d4821198-46c2-44e9-8e78-9ed2720fc7ef,FirstNumber=705,secondNumber=1324}  added by thread pool-3-thread-6
 message  {Id=4caa30f5-1049-4c02-ac26-13b6e5879858,FirstNumber=327,secondNumber=963}  written to file by thread pool-3-thread-5
 message  {Id=fbbd05d7-2df8-49a3-86ab-c98c3bca804b,FirstNumber=677,secondNumber=244}  added by thread pool-3-thread-6
 message  {Id=4ced54d6-978e-4d64-96dd-0f45de5d0381,FirstNumber=76,secondNumber=1898}  written to file by thread pool-3-thread-3
 message  {Id=d4821198-46c2-44e9-8e78-9ed2720fc7ef,FirstNumber=705,secondNumber=1324}  written to file by thread pool-3-thread-4
 message  {Id=ec0ce5c9-7162-4ece-be80-a34d59e49063,FirstNumber=944,secondNumber=1762}  added by thread pool-3-thread-6
 message  {Id=fbbd05d7-2df8-49a3-86ab-c98c3bca804b,FirstNumber=677,secondNumber=244}  written to file by thread pool-3-thread-1
 message  {Id=af855c8d-bd9c-4706-acd9-bd68741c72fe,FirstNumber=842,secondNumber=102}  added by thread pool-3-thread-6
 message  {Id=ec0ce5c9-7162-4ece-be80-a34d59e49063,FirstNumber=944,secondNumber=1762}  written to file by thread pool-3-thread-4
 message  {Id=c53222bc-c3cc-4bef-a976-db584e02e324,FirstNumber=271,secondNumber=1}  added by thread pool-3-thread-6
 message  {Id=af855c8d-bd9c-4706-acd9-bd68741c72fe,FirstNumber=842,secondNumber=102}  written to file by thread pool-3-thread-2
 message  {Id=03b6a4f2-8bc9-4a2b-af5e-0ecd7fb088ac,FirstNumber=445,secondNumber=565}  added by thread pool-3-thread-6
 message  {Id=c53222bc-c3cc-4bef-a976-db584e02e324,FirstNumber=271,secondNumber=1}  written to file by thread pool-3-thread-2
 message  {Id=542f7300-9731-4c6a-b35f-88e4f7e201b6,FirstNumber=800,secondNumber=1951}  added by thread pool-3-thread-6
 message  {Id=03b6a4f2-8bc9-4a2b-af5e-0ecd7fb088ac,FirstNumber=445,secondNumber=565}  written to file by thread pool-3-thread-2
 message  {Id=880cfb17-7a82-4edd-8ff6-ecf9bb155db5,FirstNumber=762,secondNumber=1102}  added by thread pool-3-thread-6
 message  {Id=542f7300-9731-4c6a-b35f-88e4f7e201b6,FirstNumber=800,secondNumber=1951}  written to file by thread pool-3-thread-2
 message  {Id=7c528e6b-5794-486c-a8b7-c6ac0f46db6f,FirstNumber=8,secondNumber=604}  added by thread pool-3-thread-6
 message  {Id=880cfb17-7a82-4edd-8ff6-ecf9bb155db5,FirstNumber=762,secondNumber=1102}  written to file by thread pool-3-thread-2
 message  {Id=eeb6b911-e965-43b1-bec7-9738fbd9ba28,FirstNumber=369,secondNumber=648}  added by thread pool-3-thread-6
 message  {Id=7c528e6b-5794-486c-a8b7-c6ac0f46db6f,FirstNumber=8,secondNumber=604}  written to file by thread pool-3-thread-2
 message  {Id=4d67c89d-c4b9-470a-b69b-ef23a55f1fb9,FirstNumber=590,secondNumber=1815}  added by thread pool-3-thread-6
 message  {Id=969dc037-44ef-42c6-8b5b-bbcbd418112f,FirstNumber=103,secondNumber=984}  added by thread pool-3-thread-6
 message  {Id=eeb6b911-e965-43b1-bec7-9738fbd9ba28,FirstNumber=369,secondNumber=648}  written to file by thread pool-3-thread-2
 message  {Id=57c420ff-ee11-44c6-84ea-b260d35e1eba,FirstNumber=62,secondNumber=570}  added by thread pool-3-thread-6
 message  {Id=4d67c89d-c4b9-470a-b69b-ef23a55f1fb9,FirstNumber=590,secondNumber=1815}  written to file by thread pool-3-thread-2
 message  {Id=f04ae5e5-7a91-4c3d-8389-45b4c6f3e5d9,FirstNumber=524,secondNumber=1861}  added by thread pool-3-thread-6
 message  {Id=969dc037-44ef-42c6-8b5b-bbcbd418112f,FirstNumber=103,secondNumber=984}  written to file by thread pool-3-thread-2
 message  {Id=1319821d-1154-44e5-86e4-004e95de7f69,FirstNumber=352,secondNumber=745}  added by thread pool-3-thread-6
 message  {Id=57c420ff-ee11-44c6-84ea-b260d35e1eba,FirstNumber=62,secondNumber=570}  written to file by thread pool-3-thread-2
 message  {Id=c887757b-30f3-41ec-8ab2-b74531f59160,FirstNumber=735,secondNumber=1080}  added by thread pool-3-thread-6
 message  {Id=bbab6eba-3fd5-4ed1-abf2-c3005c354562,FirstNumber=341,secondNumber=1932}  added by thread pool-3-thread-6
 message  {Id=f04ae5e5-7a91-4c3d-8389-45b4c6f3e5d9,FirstNumber=524,secondNumber=1861}  written to file by thread pool-3-thread-2
 message  {Id=0f59f1fa-1b0d-44db-b6c4-077b78fe9cb5,FirstNumber=789,secondNumber=1530}  added by thread pool-3-thread-6
 message  {Id=1319821d-1154-44e5-86e4-004e95de7f69,FirstNumber=352,secondNumber=745}  written to file by thread pool-3-thread-2
 message  {Id=c25c79fd-2d83-4958-9e27-504dcc839450,FirstNumber=395,secondNumber=1376}  added by thread pool-3-thread-6
 message  {Id=c887757b-30f3-41ec-8ab2-b74531f59160,FirstNumber=735,secondNumber=1080}  written to file by thread pool-3-thread-2
 message  {Id=5fa96d71-5a02-4a07-ad34-cf909edab974,FirstNumber=29,secondNumber=1896}  added by thread pool-3-thread-6
 message  {Id=bbab6eba-3fd5-4ed1-abf2-c3005c354562,FirstNumber=341,secondNumber=1932}  written to file by thread pool-3-thread-2
 message  {Id=ae77e046-bf38-4a30-ad42-69c443c9e33d,FirstNumber=119,secondNumber=213}  added by thread pool-3-thread-6
 message  {Id=0f59f1fa-1b0d-44db-b6c4-077b78fe9cb5,FirstNumber=789,secondNumber=1530}  written to file by thread pool-3-thread-2
 message  {Id=b99ad118-e007-497a-8ddc-e1d1428ba4d3,FirstNumber=943,secondNumber=407}  added by thread pool-3-thread-6
 message  {Id=c25c79fd-2d83-4958-9e27-504dcc839450,FirstNumber=395,secondNumber=1376}  written to file by thread pool-3-thread-2
 message  {Id=94ace54a-72ca-4426-a1aa-21f49cda26ec,FirstNumber=789,secondNumber=734}  added by thread pool-3-thread-6
 message  {Id=5fa96d71-5a02-4a07-ad34-cf909edab974,FirstNumber=29,secondNumber=1896}  written to file by thread pool-3-thread-2
 message  {Id=d3853305-b69d-4960-b78e-5ec38ef6e0dd,FirstNumber=731,secondNumber=1237}  added by thread pool-3-thread-6
 message  {Id=6796f5fa-83e7-433a-a9e5-433e9d6921c8,FirstNumber=34,secondNumber=1980}  added by thread pool-3-thread-6
 message  {Id=ae77e046-bf38-4a30-ad42-69c443c9e33d,FirstNumber=119,secondNumber=213}  written to file by thread pool-3-thread-2
 message  {Id=1a98bc39-cad0-43b6-b029-460e49aca648,FirstNumber=602,secondNumber=1608}  added by thread pool-3-thread-6
 message  {Id=b99ad118-e007-497a-8ddc-e1d1428ba4d3,FirstNumber=943,secondNumber=407}  written to file by thread pool-3-thread-2
 message  {Id=da1f7c82-8511-4062-9225-792f209bb6f8,FirstNumber=298,secondNumber=1498}  added by thread pool-3-thread-6
 message  {Id=94ace54a-72ca-4426-a1aa-21f49cda26ec,FirstNumber=789,secondNumber=734}  written to file by thread pool-3-thread-2
 message  {Id=7d676d92-f2f1-466f-a9a5-ad3432efa236,FirstNumber=374,secondNumber=1923}  added by thread pool-3-thread-6
 message  {Id=d3853305-b69d-4960-b78e-5ec38ef6e0dd,FirstNumber=731,secondNumber=1237}  written to file by thread pool-3-thread-2
 message  {Id=f4dc6e96-fb25-4ad7-b98a-3d92169d075f,FirstNumber=545,secondNumber=1966}  added by thread pool-3-thread-6
 message  {Id=6796f5fa-83e7-433a-a9e5-433e9d6921c8,FirstNumber=34,secondNumber=1980}  written to file by thread pool-3-thread-2
 message  {Id=b977be70-76ee-43eb-b213-02786b5fb0ff,FirstNumber=720,secondNumber=387}  added by thread pool-3-thread-6
 message  {Id=42736da3-19fa-41ea-a32d-d096c76acb3b,FirstNumber=686,secondNumber=1140}  added by thread pool-3-thread-6
 message  {Id=1a98bc39-cad0-43b6-b029-460e49aca648,FirstNumber=602,secondNumber=1608}  written to file by thread pool-3-thread-2
 message  {Id=7975e2cd-2b7f-4fd4-9e4d-0679307b6f93,FirstNumber=460,secondNumber=1948}  added by thread pool-3-thread-6
 message  {Id=da1f7c82-8511-4062-9225-792f209bb6f8,FirstNumber=298,secondNumber=1498}  written to file by thread pool-3-thread-2
 message  {Id=1110927a-777a-4cef-8fae-7a9f6ba40ceb,FirstNumber=134,secondNumber=148}  added by thread pool-3-thread-6
 message  {Id=7d676d92-f2f1-466f-a9a5-ad3432efa236,FirstNumber=374,secondNumber=1923}  written to file by thread pool-3-thread-2
 message  {Id=cff5063c-490d-491e-a594-ee9e1e98e3a7,FirstNumber=638,secondNumber=503}  added by thread pool-3-thread-6
 message  {Id=f4dc6e96-fb25-4ad7-b98a-3d92169d075f,FirstNumber=545,secondNumber=1966}  written to file by thread pool-3-thread-2
 message  {Id=1d640bbb-93b7-40c2-8498-1f257fd70623,FirstNumber=36,secondNumber=108}  added by thread pool-3-thread-6
 message  {Id=b977be70-76ee-43eb-b213-02786b5fb0ff,FirstNumber=720,secondNumber=387}  written to file by thread pool-3-thread-2
 message  {Id=c4595bcf-6b1f-4b0c-8cb8-226a298c826f,FirstNumber=966,secondNumber=1336}  added by thread pool-3-thread-6
 message  {Id=c9612088-4300-42c8-9e1b-1128f3bd79cb,FirstNumber=471,secondNumber=125}  added by thread pool-3-thread-6
 message  {Id=42736da3-19fa-41ea-a32d-d096c76acb3b,FirstNumber=686,secondNumber=1140}  written to file by thread pool-3-thread-2
 message  {Id=3823f250-05b8-41dd-9fd1-f5fc0a2970b3,FirstNumber=517,secondNumber=977}  added by thread pool-3-thread-6
 message  {Id=7975e2cd-2b7f-4fd4-9e4d-0679307b6f93,FirstNumber=460,secondNumber=1948}  written to file by thread pool-3-thread-2
 message  {Id=0635b4bf-76f0-41ae-8a54-552945ecf9c1,FirstNumber=155,secondNumber=1495}  added by thread pool-3-thread-6
 message  {Id=1110927a-777a-4cef-8fae-7a9f6ba40ceb,FirstNumber=134,secondNumber=148}  written to file by thread pool-3-thread-2
 message  {Id=02425599-f03f-4aea-ad33-8fb73b37398a,FirstNumber=71,secondNumber=487}  added by thread pool-3-thread-6
 message  {Id=cff5063c-490d-491e-a594-ee9e1e98e3a7,FirstNumber=638,secondNumber=503}  written to file by thread pool-3-thread-2
 message  {Id=9a1d0c94-e87e-4058-84a6-3c89853032c5,FirstNumber=851,secondNumber=1848}  added by thread pool-3-thread-6
 message  {Id=b7ba6016-ce7b-4de0-83ef-75ba5c9653d6,FirstNumber=182,secondNumber=829}  added by thread pool-3-thread-6
 message  {Id=1d640bbb-93b7-40c2-8498-1f257fd70623,FirstNumber=36,secondNumber=108}  written to file by thread pool-3-thread-2
 message  {Id=ed3f5ca0-a4aa-41e3-9dc1-f83c8236430c,FirstNumber=25,secondNumber=1252}  added by thread pool-3-thread-6
 message  {Id=c4595bcf-6b1f-4b0c-8cb8-226a298c826f,FirstNumber=966,secondNumber=1336}  written to file by thread pool-3-thread-2
 message  {Id=2049c2b4-005f-4c16-b4a6-73bf0d388bd4,FirstNumber=378,secondNumber=1079}  added by thread pool-3-thread-6
 message  {Id=c9612088-4300-42c8-9e1b-1128f3bd79cb,FirstNumber=471,secondNumber=125}  written to file by thread pool-3-thread-2
 message  {Id=7403fbce-efb3-40cb-bc39-07bb90b0b279,FirstNumber=883,secondNumber=1094}  added by thread pool-3-thread-6
 message  {Id=3823f250-05b8-41dd-9fd1-f5fc0a2970b3,FirstNumber=517,secondNumber=977}  written to file by thread pool-3-thread-2
 message  {Id=2e59fd04-814d-4e06-8270-9b640d7caa6c,FirstNumber=570,secondNumber=361}  added by thread pool-3-thread-6
 message  {Id=7d540db2-d5c2-4745-beb8-993bf0b6b092,FirstNumber=38,secondNumber=1618}  added by thread pool-3-thread-6
 message  {Id=0635b4bf-76f0-41ae-8a54-552945ecf9c1,FirstNumber=155,secondNumber=1495}  written to file by thread pool-3-thread-2
 message  {Id=205fd277-b063-4ab7-849c-0607e09eaf04,FirstNumber=437,secondNumber=342}  added by thread pool-3-thread-6
 message  {Id=02425599-f03f-4aea-ad33-8fb73b37398a,FirstNumber=71,secondNumber=487}  written to file by thread pool-3-thread-2
 message  {Id=68d951aa-ccfa-4e26-a9b9-460e410d5366,FirstNumber=614,secondNumber=1809}  added by thread pool-3-thread-6
 message  {Id=9a1d0c94-e87e-4058-84a6-3c89853032c5,FirstNumber=851,secondNumber=1848}  written to file by thread pool-3-thread-2
 message  {Id=efb188bc-792d-47ac-81d2-7beb20e19fe4,FirstNumber=841,secondNumber=1106}  added by thread pool-3-thread-6
 message  {Id=b7ba6016-ce7b-4de0-83ef-75ba5c9653d6,FirstNumber=182,secondNumber=829}  written to file by thread pool-3-thread-2
 message  {Id=caf1b0f6-30e0-4684-9ce6-67b6ceb736ea,FirstNumber=830,secondNumber=1380}  added by thread pool-3-thread-6
 message  {Id=ed3f5ca0-a4aa-41e3-9dc1-f83c8236430c,FirstNumber=25,secondNumber=1252}  written to file by thread pool-3-thread-2
 message  {Id=8cb5a2e3-4512-47f4-b26f-7f678aeacf0b,FirstNumber=330,secondNumber=1393}  added by thread pool-3-thread-6
 message  {Id=d2189726-953b-47d9-83e2-fefb20a7469a,FirstNumber=562,secondNumber=1041}  added by thread pool-3-thread-6
 message  {Id=2049c2b4-005f-4c16-b4a6-73bf0d388bd4,FirstNumber=378,secondNumber=1079}  written to file by thread pool-3-thread-2
 message  {Id=2a9a08b0-5e6a-4146-986f-7591784ea43d,FirstNumber=699,secondNumber=1579}  added by thread pool-3-thread-6
 message  {Id=7403fbce-efb3-40cb-bc39-07bb90b0b279,FirstNumber=883,secondNumber=1094}  written to file by thread pool-3-thread-2
 message  {Id=58271a6f-084f-4351-8e9c-e9ece8faa97d,FirstNumber=517,secondNumber=1234}  added by thread pool-3-thread-6
 message  {Id=2e59fd04-814d-4e06-8270-9b640d7caa6c,FirstNumber=570,secondNumber=361}  written to file by thread pool-3-thread-2
 message  {Id=c196c965-1efe-418d-b43b-58baabe770df,FirstNumber=275,secondNumber=891}  added by thread pool-3-thread-6
 message  {Id=7d540db2-d5c2-4745-beb8-993bf0b6b092,FirstNumber=38,secondNumber=1618}  written to file by thread pool-3-thread-2
 message  {Id=9bda8bcf-2c25-47fc-bdca-ec18e715f9fd,FirstNumber=308,secondNumber=1042}  added by thread pool-3-thread-6
 message  {Id=205fd277-b063-4ab7-849c-0607e09eaf04,FirstNumber=437,secondNumber=342}  written to file by thread pool-3-thread-2
 message  {Id=3cf8ebf2-55fc-4238-8687-849463924a3c,FirstNumber=860,secondNumber=1896}  added by thread pool-3-thread-6
 message  {Id=438e854a-de9f-4ce9-8355-36c0c66a018e,FirstNumber=779,secondNumber=710}  added by thread pool-3-thread-6
 message  {Id=68d951aa-ccfa-4e26-a9b9-460e410d5366,FirstNumber=614,secondNumber=1809}  written to file by thread pool-3-thread-2
 message  {Id=dc85b5f7-4a1b-4d3f-b370-b02ebef08429,FirstNumber=30,secondNumber=581}  added by thread pool-3-thread-6
 message  {Id=efb188bc-792d-47ac-81d2-7beb20e19fe4,FirstNumber=841,secondNumber=1106}  written to file by thread pool-3-thread-2
 message  {Id=c6606b97-d392-4457-acdd-e0eff5319951,FirstNumber=643,secondNumber=998}  added by thread pool-3-thread-6
 message  {Id=caf1b0f6-30e0-4684-9ce6-67b6ceb736ea,FirstNumber=830,secondNumber=1380}  written to file by thread pool-3-thread-2
 message  {Id=0a56ccd3-bca0-49a3-b126-ea5471add091,FirstNumber=258,secondNumber=521}  added by thread pool-3-thread-6
 message  {Id=8cb5a2e3-4512-47f4-b26f-7f678aeacf0b,FirstNumber=330,secondNumber=1393}  written to file by thread pool-3-thread-2
 message  {Id=95535d36-b86d-4d13-b773-9cc93492d74f,FirstNumber=576,secondNumber=661}  added by thread pool-3-thread-6
 message  {Id=d2189726-953b-47d9-83e2-fefb20a7469a,FirstNumber=562,secondNumber=1041}  written to file by thread pool-3-thread-2
 message  {Id=e9e90330-7c23-4087-8639-ffecd16cd178,FirstNumber=678,secondNumber=41}  added by thread pool-3-thread-6
 message  {Id=d7a51f8b-860d-4f2c-84bd-6358d0beeeb0,FirstNumber=638,secondNumber=811}  added by thread pool-3-thread-6
 message  {Id=c196c965-1efe-418d-b43b-58baabe770df,FirstNumber=275,secondNumber=891}  written to file by thread pool-3-thread-3
 message  {Id=9bda8bcf-2c25-47fc-bdca-ec18e715f9fd,FirstNumber=308,secondNumber=1042}  written to file by thread pool-3-thread-1
 message  {Id=3cf8ebf2-55fc-4238-8687-849463924a3c,FirstNumber=860,secondNumber=1896}  written to file by thread pool-3-thread-4
 message  {Id=58271a6f-084f-4351-8e9c-e9ece8faa97d,FirstNumber=517,secondNumber=1234}  written to file by thread pool-3-thread-5
 message  {Id=251ccb6c-fd4a-492f-aa78-a02eaa7ffd5e,FirstNumber=795,secondNumber=1266}  added by thread pool-3-thread-6
 message  {Id=438e854a-de9f-4ce9-8355-36c0c66a018e,FirstNumber=779,secondNumber=710}  written to file by thread pool-3-thread-3
 message  {Id=dc85b5f7-4a1b-4d3f-b370-b02ebef08429,FirstNumber=30,secondNumber=581}  written to file by thread pool-3-thread-1
 message  {Id=43d48e57-4e68-4469-9967-375d76a85fe2,FirstNumber=789,secondNumber=1863}  added by thread pool-3-thread-6
 message  {Id=c6606b97-d392-4457-acdd-e0eff5319951,FirstNumber=643,secondNumber=998}  written to file by thread pool-3-thread-4
 message  {Id=0a56ccd3-bca0-49a3-b126-ea5471add091,FirstNumber=258,secondNumber=521}  written to file by thread pool-3-thread-5
 message  {Id=95535d36-b86d-4d13-b773-9cc93492d74f,FirstNumber=576,secondNumber=661}  written to file by thread pool-3-thread-3
 message  {Id=e9e90330-7c23-4087-8639-ffecd16cd178,FirstNumber=678,secondNumber=41}  written to file by thread pool-3-thread-1
 message  {Id=51318136-926c-4a60-950b-09c58fe7a05b,FirstNumber=67,secondNumber=716}  added by thread pool-3-thread-6
 message  {Id=d7a51f8b-860d-4f2c-84bd-6358d0beeeb0,FirstNumber=638,secondNumber=811}  written to file by thread pool-3-thread-4
 message  {Id=51318136-926c-4a60-950b-09c58fe7a05b,FirstNumber=67,secondNumber=716}  written to file by thread pool-3-thread-1
 message  {Id=43d48e57-4e68-4469-9967-375d76a85fe2,FirstNumber=789,secondNumber=1863}  written to file by thread pool-3-thread-3
 message  {Id=251ccb6c-fd4a-492f-aa78-a02eaa7ffd5e,FirstNumber=795,secondNumber=1266}  written to file by thread pool-3-thread-5
 message  {Id=2966573b-44ae-4a5a-ae02-b92db8ec72a0,FirstNumber=502,secondNumber=611}  added by thread pool-3-thread-6
 message  {Id=2a9a08b0-5e6a-4146-986f-7591784ea43d,FirstNumber=699,secondNumber=1579}  written to file by thread pool-3-thread-2
 message  {Id=2966573b-44ae-4a5a-ae02-b92db8ec72a0,FirstNumber=502,secondNumber=611}  written to file by thread pool-3-thread-4
 message  {Id=6cdb3e24-7229-40a8-a9a7-d79673e5ba11,FirstNumber=726,secondNumber=617}  added by thread pool-3-thread-6
 message  {Id=fdf44960-e813-4199-b91a-43914b7df811,FirstNumber=483,secondNumber=464}  added by thread pool-3-thread-6
 message  {Id=6cdb3e24-7229-40a8-a9a7-d79673e5ba11,FirstNumber=726,secondNumber=617}  written to file by thread pool-3-thread-4
 message  {Id=6ee50642-96a1-4e0e-80fb-f0d497753ff2,FirstNumber=62,secondNumber=602}  added by thread pool-3-thread-6
 message  {Id=fdf44960-e813-4199-b91a-43914b7df811,FirstNumber=483,secondNumber=464}  written to file by thread pool-3-thread-1
 message  {Id=fc26819d-9159-4de1-9d57-14edb3d2084c,FirstNumber=344,secondNumber=683}  added by thread pool-3-thread-6
 message  {Id=6ee50642-96a1-4e0e-80fb-f0d497753ff2,FirstNumber=62,secondNumber=602}  written to file by thread pool-3-thread-5
 message  {Id=fc26819d-9159-4de1-9d57-14edb3d2084c,FirstNumber=344,secondNumber=683}  written to file by thread pool-3-thread-1
 message  {Id=d001688f-cdca-48e3-bbe0-f2c0ced2032f,FirstNumber=755,secondNumber=1406}  added by thread pool-3-thread-6
 message  {Id=d001688f-cdca-48e3-bbe0-f2c0ced2032f,FirstNumber=755,secondNumber=1406}  written to file by thread pool-3-thread-1
 message  {Id=4d19d1fe-cb47-4ea7-82d5-31ea660b54e5,FirstNumber=876,secondNumber=503}  added by thread pool-3-thread-6
 message  {Id=5036cc9e-8143-47e4-b3fa-f485ddc38623,FirstNumber=184,secondNumber=1758}  added by thread pool-3-thread-6
 message  {Id=4d19d1fe-cb47-4ea7-82d5-31ea660b54e5,FirstNumber=876,secondNumber=503}  written to file by thread pool-3-thread-3
 message  {Id=c6bb69d7-0259-401c-8814-c1aacfa9eaf1,FirstNumber=691,secondNumber=1480}  added by thread pool-3-thread-6
 message  {Id=5036cc9e-8143-47e4-b3fa-f485ddc38623,FirstNumber=184,secondNumber=1758}  written to file by thread pool-3-thread-2
 message  {Id=c6bb69d7-0259-401c-8814-c1aacfa9eaf1,FirstNumber=691,secondNumber=1480}  written to file by thread pool-3-thread-5
 message  {Id=dd63b37f-b020-410b-8383-63a23958a9d1,FirstNumber=262,secondNumber=372}  added by thread pool-3-thread-6
 message  {Id=f81d3695-76a5-478f-bd18-9e90c3273e10,FirstNumber=540,secondNumber=1642}  added by thread pool-3-thread-6
 message  {Id=dd63b37f-b020-410b-8383-63a23958a9d1,FirstNumber=262,secondNumber=372}  written to file by thread pool-3-thread-4
 message  {Id=1f855a54-7cd7-4790-a487-4b82d509d784,FirstNumber=913,secondNumber=1596}  added by thread pool-3-thread-6
 message  {Id=62b8e0d6-8e52-45e9-bd65-d36fbf29b70c,FirstNumber=532,secondNumber=358}  added by thread pool-3-thread-6
 message  {Id=f81d3695-76a5-478f-bd18-9e90c3273e10,FirstNumber=540,secondNumber=1642}  written to file by thread pool-3-thread-1
 message  {Id=2d0e23f4-5216-443a-bd61-e3ce24665c90,FirstNumber=773,secondNumber=662}  added by thread pool-3-thread-6
 message  {Id=1f855a54-7cd7-4790-a487-4b82d509d784,FirstNumber=913,secondNumber=1596}  written to file by thread pool-3-thread-3
 message  {Id=2bccf40c-e7c9-4330-96e7-3c4e9bfdc601,FirstNumber=948,secondNumber=173}  added by thread pool-3-thread-6
 message  {Id=2d0e23f4-5216-443a-bd61-e3ce24665c90,FirstNumber=773,secondNumber=662}  written to file by thread pool-3-thread-3
 message  {Id=62b8e0d6-8e52-45e9-bd65-d36fbf29b70c,FirstNumber=532,secondNumber=358}  written to file by thread pool-3-thread-1
 message  {Id=18d14060-8388-4666-9f62-8c6a5d341a0e,FirstNumber=132,secondNumber=385}  added by thread pool-3-thread-6
 message  {Id=af81de33-6d2c-48e7-b261-0eaed5fb7a3c,FirstNumber=545,secondNumber=826}  added by thread pool-3-thread-6
 message  {Id=2bccf40c-e7c9-4330-96e7-3c4e9bfdc601,FirstNumber=948,secondNumber=173}  written to file by thread pool-3-thread-3
 message  {Id=18d14060-8388-4666-9f62-8c6a5d341a0e,FirstNumber=132,secondNumber=385}  written to file by thread pool-3-thread-2
 message  {Id=af81de33-6d2c-48e7-b261-0eaed5fb7a3c,FirstNumber=545,secondNumber=826}  written to file by thread pool-3-thread-5
 message  {Id=2b26e023-294b-4ef8-9ce1-15aa83714528,FirstNumber=361,secondNumber=110}  added by thread pool-3-thread-6
 message  {Id=2b26e023-294b-4ef8-9ce1-15aa83714528,FirstNumber=361,secondNumber=110}  written to file by thread pool-3-thread-2
 message  {Id=024826d7-d9ac-4e05-bed1-332f7e3e68b5,FirstNumber=918,secondNumber=940}  added by thread pool-3-thread-6
 message  {Id=81eca0fd-dbb0-471d-8f04-f5039d941608,FirstNumber=16,secondNumber=1702}  added by thread pool-3-thread-6
 message  {Id=024826d7-d9ac-4e05-bed1-332f7e3e68b5,FirstNumber=918,secondNumber=940}  written to file by thread pool-3-thread-1
 message  {Id=3c7a9cce-dcd7-4c9e-b96f-3a4db162c548,FirstNumber=901,secondNumber=565}  added by thread pool-3-thread-6
 message  {Id=3c7a9cce-dcd7-4c9e-b96f-3a4db162c548,FirstNumber=901,secondNumber=565}  written to file by thread pool-3-thread-1
 message  {Id=81eca0fd-dbb0-471d-8f04-f5039d941608,FirstNumber=16,secondNumber=1702}  written to file by thread pool-3-thread-3
 message  {Id=c5de6daf-714a-419e-9af1-acf44aabd99f,FirstNumber=803,secondNumber=711}  added by thread pool-3-thread-6
 message  {Id=c5de6daf-714a-419e-9af1-acf44aabd99f,FirstNumber=803,secondNumber=711}  written to file by thread pool-3-thread-1
 message  {Id=e0afb802-e6da-459f-a691-2705f8156800,FirstNumber=684,secondNumber=1491}  added by thread pool-3-thread-6
 message  {Id=2122c4fd-ddbd-4ce0-b835-e6fcc0df9d76,FirstNumber=565,secondNumber=1503}  added by thread pool-3-thread-6
 message  {Id=e0afb802-e6da-459f-a691-2705f8156800,FirstNumber=684,secondNumber=1491}  written to file by thread pool-3-thread-1
 message  {Id=71dd555c-ac5c-492f-a83b-9d85139adf12,FirstNumber=167,secondNumber=242}  added by thread pool-3-thread-6
 message  {Id=cfd03351-5937-403d-8b5e-384cde9cb77e,FirstNumber=542,secondNumber=1399}  added by thread pool-3-thread-6
 message  {Id=2122c4fd-ddbd-4ce0-b835-e6fcc0df9d76,FirstNumber=565,secondNumber=1503}  written to file by thread pool-3-thread-1
 message  {Id=3bc81c84-1e0d-41e6-b9e0-1b3e279fd677,FirstNumber=841,secondNumber=1186}  added by thread pool-3-thread-6
 message  {Id=65ca1213-68d1-4e3b-b708-e0dd38cced7b,FirstNumber=917,secondNumber=213}  added by thread pool-3-thread-6
 message  {Id=71dd555c-ac5c-492f-a83b-9d85139adf12,FirstNumber=167,secondNumber=242}  written to file by thread pool-3-thread-1
 message  {Id=d765de7c-7084-403e-a2f0-d8ece6b75c61,FirstNumber=88,secondNumber=835}  added by thread pool-3-thread-6
 message  {Id=52af427d-c7bc-473b-ba48-0544ee3fd4b7,FirstNumber=278,secondNumber=508}  added by thread pool-3-thread-6
 message  {Id=cfd03351-5937-403d-8b5e-384cde9cb77e,FirstNumber=542,secondNumber=1399}  written to file by thread pool-3-thread-1
 message  {Id=3d63258e-afc8-4a0d-91a8-211b31930da5,FirstNumber=98,secondNumber=1451}  added by thread pool-3-thread-6
 message  {Id=6e4fc91e-d441-47f1-becd-a3076aeb2715,FirstNumber=425,secondNumber=1868}  added by thread pool-3-thread-6
 message  {Id=3bc81c84-1e0d-41e6-b9e0-1b3e279fd677,FirstNumber=841,secondNumber=1186}  written to file by thread pool-3-thread-1
 message  {Id=f83390e6-c7f9-45c7-816d-2bc5e2147400,FirstNumber=731,secondNumber=681}  added by thread pool-3-thread-6
 message  {Id=d09cfae0-4621-4f5b-8d02-a0d550aed4b1,FirstNumber=779,secondNumber=1210}  added by thread pool-3-thread-6
 message  {Id=65ca1213-68d1-4e3b-b708-e0dd38cced7b,FirstNumber=917,secondNumber=213}  written to file by thread pool-3-thread-1
 message  {Id=9a6cb775-4da0-49f8-9e39-bab0e3270690,FirstNumber=455,secondNumber=1302}  added by thread pool-3-thread-6
 message  {Id=d765de7c-7084-403e-a2f0-d8ece6b75c61,FirstNumber=88,secondNumber=835}  written to file by thread pool-3-thread-1
 message  {Id=449245b5-d6fc-4632-b309-9d9778288d6b,FirstNumber=244,secondNumber=1168}  added by thread pool-3-thread-6
 message  {Id=d5ce97ef-fdcd-4042-9cc9-9bedc1e3c66e,FirstNumber=70,secondNumber=1027}  added by thread pool-3-thread-6
 message  {Id=52af427d-c7bc-473b-ba48-0544ee3fd4b7,FirstNumber=278,secondNumber=508}  written to file by thread pool-3-thread-1
 message  {Id=f0767d30-bcf2-4bf7-8f88-af16f628aa80,FirstNumber=438,secondNumber=1399}  added by thread pool-3-thread-6
 message  {Id=06261b52-7229-49b5-b740-543be41e87dc,FirstNumber=835,secondNumber=1731}  added by thread pool-3-thread-6
 message  {Id=3d63258e-afc8-4a0d-91a8-211b31930da5,FirstNumber=98,secondNumber=1451}  written to file by thread pool-3-thread-1
 message  {Id=bfd8c1f8-a1f4-4a07-808d-97e5a4ad5cdf,FirstNumber=841,secondNumber=213}  added by thread pool-3-thread-6
 message  {Id=0804ace3-2624-4355-97de-98142559e3fb,FirstNumber=666,secondNumber=455}  added by thread pool-3-thread-6
 message  {Id=6e4fc91e-d441-47f1-becd-a3076aeb2715,FirstNumber=425,secondNumber=1868}  written to file by thread pool-3-thread-1
 message  {Id=99cc15d9-c224-42d8-bb41-30f54e59e55e,FirstNumber=826,secondNumber=775}  added by thread pool-3-thread-6
 message  {Id=f83390e6-c7f9-45c7-816d-2bc5e2147400,FirstNumber=731,secondNumber=681}  written to file by thread pool-3-thread-1
 message  {Id=5b9ff00d-7ef5-4471-aae5-71bc580c59d8,FirstNumber=815,secondNumber=202}  added by thread pool-3-thread-6
 message  {Id=f0373504-17b0-4b20-bc4c-2f0815af3630,FirstNumber=897,secondNumber=1162}  added by thread pool-3-thread-6
 message  {Id=df718a2d-9e1b-4ca4-896e-fb86b34c8115,FirstNumber=427,secondNumber=1127}  added by thread pool-3-thread-6
 message  {Id=d09cfae0-4621-4f5b-8d02-a0d550aed4b1,FirstNumber=779,secondNumber=1210}  written to file by thread pool-3-thread-1
 message  {Id=596eb608-4204-4c41-add7-f35964303f61,FirstNumber=843,secondNumber=116}  added by thread pool-3-thread-6
 message  {Id=9a6cb775-4da0-49f8-9e39-bab0e3270690,FirstNumber=455,secondNumber=1302}  written to file by thread pool-3-thread-1
 message  {Id=d742aa9e-b213-4ce0-b745-c446b654da43,FirstNumber=501,secondNumber=61}  added by thread pool-3-thread-6
 message  {Id=44eea79f-171f-44a3-b4f4-582251156b70,FirstNumber=975,secondNumber=1839}  added by thread pool-3-thread-6
 message  {Id=449245b5-d6fc-4632-b309-9d9778288d6b,FirstNumber=244,secondNumber=1168}  written to file by thread pool-3-thread-1
 message  {Id=8da69e6f-9efd-4c21-b240-0b06edfc4d78,FirstNumber=259,secondNumber=273}  added by thread pool-3-thread-6
 message  {Id=f2a604a4-4f0a-414d-8003-126290d736cd,FirstNumber=425,secondNumber=224}  added by thread pool-3-thread-6
 message  {Id=d5ce97ef-fdcd-4042-9cc9-9bedc1e3c66e,FirstNumber=70,secondNumber=1027}  written to file by thread pool-3-thread-1
 message  {Id=75bab517-f0a7-4570-8880-40285d0bc0c3,FirstNumber=965,secondNumber=1041}  added by thread pool-3-thread-6
 message  {Id=f0767d30-bcf2-4bf7-8f88-af16f628aa80,FirstNumber=438,secondNumber=1399}  written to file by thread pool-3-thread-1
 message  {Id=82474a39-6c5f-4a9c-a330-6e2d79d8b302,FirstNumber=759,secondNumber=538}  added by thread pool-3-thread-6
 message  {Id=011e67b9-0a7f-46cd-91fe-4753f7a4301a,FirstNumber=827,secondNumber=9}  added by thread pool-3-thread-6
 message  {Id=06261b52-7229-49b5-b740-543be41e87dc,FirstNumber=835,secondNumber=1731}  written to file by thread pool-3-thread-1
 message  {Id=8e6190bc-5fa2-470b-b3b9-2ad15a8bdc61,FirstNumber=454,secondNumber=1625}  added by thread pool-3-thread-6
 message  {Id=60117738-e06f-431a-bf0f-77905ae8d641,FirstNumber=136,secondNumber=1456}  added by thread pool-3-thread-6
 message  {Id=bfd8c1f8-a1f4-4a07-808d-97e5a4ad5cdf,FirstNumber=841,secondNumber=213}  written to file by thread pool-3-thread-1
 message  {Id=11d70866-35a1-4ca4-91bf-ee7e2b717065,FirstNumber=471,secondNumber=1071}  added by thread pool-3-thread-6
 message  {Id=73dcf10b-560f-4c6a-83fd-a6cc59a37b11,FirstNumber=795,secondNumber=184}  added by thread pool-3-thread-6
 message  {Id=0804ace3-2624-4355-97de-98142559e3fb,FirstNumber=666,secondNumber=455}  written to file by thread pool-3-thread-1
 message  {Id=b0488f8d-0c19-40b0-9653-d94adc4e79e1,FirstNumber=203,secondNumber=1248}  added by thread pool-3-thread-6
 message  {Id=964b87a3-951d-4866-a137-f5f625395d4b,FirstNumber=362,secondNumber=1234}  added by thread pool-3-thread-6
 message  {Id=99cc15d9-c224-42d8-bb41-30f54e59e55e,FirstNumber=826,secondNumber=775}  written to file by thread pool-3-thread-1
 message  {Id=8b08ad18-3008-4e15-8ba3-cb3a1e1a3c75,FirstNumber=656,secondNumber=1555}  added by thread pool-3-thread-6
 message  {Id=cfa61bd6-2f0a-4d1c-acc4-50a32e0c6cd7,FirstNumber=894,secondNumber=564}  added by thread pool-3-thread-6
 message  {Id=5b9ff00d-7ef5-4471-aae5-71bc580c59d8,FirstNumber=815,secondNumber=202}  written to file by thread pool-3-thread-1
 message  {Id=7621417d-fd7b-4b58-93f8-e28d7e81e42f,FirstNumber=358,secondNumber=1390}  added by thread pool-3-thread-6
 message  {Id=f0373504-17b0-4b20-bc4c-2f0815af3630,FirstNumber=897,secondNumber=1162}  written to file by thread pool-3-thread-1
 message  {Id=8104d140-3ffd-4303-b94e-299456be2b28,FirstNumber=500,secondNumber=349}  added by thread pool-3-thread-6
 message  {Id=37b6b8c5-fb0f-4cb6-85c2-3b6df0deae10,FirstNumber=520,secondNumber=1133}  added by thread pool-3-thread-6
 message  {Id=df718a2d-9e1b-4ca4-896e-fb86b34c8115,FirstNumber=427,secondNumber=1127}  written to file by thread pool-3-thread-1
 message  {Id=e230850d-c802-4a1e-8d4e-979028e886f8,FirstNumber=653,secondNumber=941}  added by thread pool-3-thread-6
 message  {Id=7a80c318-3d4e-4acb-b652-4fbaab513e44,FirstNumber=515,secondNumber=115}  added by thread pool-3-thread-6
 message  {Id=596eb608-4204-4c41-add7-f35964303f61,FirstNumber=843,secondNumber=116}  written to file by thread pool-3-thread-1
 message  {Id=3926dfcd-c0c0-4ef2-a7b8-1a6c6fe96513,FirstNumber=960,secondNumber=1414}  added by thread pool-3-thread-6
 message  {Id=1656e959-85ba-451f-adde-122393c69431,FirstNumber=906,secondNumber=1156}  added by thread pool-3-thread-6
 message  {Id=d742aa9e-b213-4ce0-b745-c446b654da43,FirstNumber=501,secondNumber=61}  written to file by thread pool-3-thread-1
 message  {Id=16c32dc2-be76-4b4a-b4ea-4606f090a83b,FirstNumber=813,secondNumber=1080}  added by thread pool-3-thread-6
 message  {Id=f87d7c61-1556-4e0d-abb1-158bac2e4460,FirstNumber=498,secondNumber=1377}  added by thread pool-3-thread-6
 message  {Id=44eea79f-171f-44a3-b4f4-582251156b70,FirstNumber=975,secondNumber=1839}  written to file by thread pool-3-thread-1
 message  {Id=4f6e6351-06a2-4c0d-b907-b19c1bef1844,FirstNumber=241,secondNumber=1859}  added by thread pool-3-thread-6
 message  {Id=8da69e6f-9efd-4c21-b240-0b06edfc4d78,FirstNumber=259,secondNumber=273}  written to file by thread pool-3-thread-1
 message  {Id=38a90c38-97f5-48ef-b192-475fe82b4a23,FirstNumber=82,secondNumber=253}  added by thread pool-3-thread-6
 message  {Id=5b2a4482-d62c-45fe-ae63-b42dd8010c81,FirstNumber=876,secondNumber=1048}  added by thread pool-3-thread-6
 message  {Id=f2a604a4-4f0a-414d-8003-126290d736cd,FirstNumber=425,secondNumber=224}  written to file by thread pool-3-thread-1
 message  {Id=a5b25dcd-e7ed-4897-bb35-55452e4f6526,FirstNumber=170,secondNumber=502}  added by thread pool-3-thread-6
 message  {Id=b9241818-d9f5-4e4f-8993-9ad1d89d9157,FirstNumber=203,secondNumber=695}  added by thread pool-3-thread-6
 message  {Id=75bab517-f0a7-4570-8880-40285d0bc0c3,FirstNumber=965,secondNumber=1041}  written to file by thread pool-3-thread-1
 message  {Id=04d12391-9fbe-4ffe-b54b-4a240dab7b2a,FirstNumber=86,secondNumber=1358}  added by thread pool-3-thread-6
 message  {Id=924419a2-fe18-4263-9e34-3340426be4bf,FirstNumber=414,secondNumber=1526}  added by thread pool-3-thread-6
 message  {Id=82474a39-6c5f-4a9c-a330-6e2d79d8b302,FirstNumber=759,secondNumber=538}  written to file by thread pool-3-thread-1
 message  {Id=72669b06-f0dd-4732-b0cb-c81861b84532,FirstNumber=718,secondNumber=1017}  added by thread pool-3-thread-6
 message  {Id=72fcce2d-0c34-462e-ad25-6f48cd34a4e4,FirstNumber=517,secondNumber=1964}  added by thread pool-3-thread-6
 message  {Id=011e67b9-0a7f-46cd-91fe-4753f7a4301a,FirstNumber=827,secondNumber=9}  written to file by thread pool-3-thread-1
 message  {Id=02686a54-5e74-4441-a793-eae47cf3d7eb,FirstNumber=202,secondNumber=10}  added by thread pool-3-thread-6
 message  {Id=8af16e72-c822-4c1d-ae1c-80a2138f850d,FirstNumber=410,secondNumber=1576}  added by thread pool-3-thread-6
 message  {Id=8e6190bc-5fa2-470b-b3b9-2ad15a8bdc61,FirstNumber=454,secondNumber=1625}  written to file by thread pool-3-thread-1
 message  {Id=ad17641e-e08a-495a-b816-794b848a47b1,FirstNumber=4,secondNumber=252}  added by thread pool-3-thread-6
 message  {Id=60117738-e06f-431a-bf0f-77905ae8d641,FirstNumber=136,secondNumber=1456}  written to file by thread pool-3-thread-1
 message  {Id=f7ceacca-5a69-43a6-8a6f-ef87a6d67d31,FirstNumber=37,secondNumber=1379}  added by thread pool-3-thread-6
 message  {Id=9e0471a4-924b-4db5-982c-2f1726f4e4d1,FirstNumber=437,secondNumber=842}  added by thread pool-3-thread-6
 message  {Id=11d70866-35a1-4ca4-91bf-ee7e2b717065,FirstNumber=471,secondNumber=1071}  written to file by thread pool-3-thread-1
 message  {Id=5f44e7e3-32e1-4bae-8f7a-d21e4a1bb186,FirstNumber=447,secondNumber=1785}  added by thread pool-3-thread-6
 message  {Id=58d5bb8a-a5b9-4d47-97e9-5d9d33dfa458,FirstNumber=682,secondNumber=980}  added by thread pool-3-thread-6
 message  {Id=73dcf10b-560f-4c6a-83fd-a6cc59a37b11,FirstNumber=795,secondNumber=184}  written to file by thread pool-3-thread-1
 message  {Id=f7b9ed55-7d56-46a4-be48-1a501a33b874,FirstNumber=815,secondNumber=1670}  added by thread pool-3-thread-6
 message  {Id=2bbdf904-410c-4dcd-a22e-7c4fe51bb5bd,FirstNumber=817,secondNumber=1252}  added by thread pool-3-thread-6
 message  {Id=b0488f8d-0c19-40b0-9653-d94adc4e79e1,FirstNumber=203,secondNumber=1248}  written to file by thread pool-3-thread-1
 message  {Id=4f654229-7cfb-402d-833b-4b2ef75bc6d5,FirstNumber=509,secondNumber=342}  added by thread pool-3-thread-6
 message  {Id=5e2b1f93-5b2e-4efe-8156-6540530deb07,FirstNumber=925,secondNumber=274}  added by thread pool-3-thread-6
 message  {Id=964b87a3-951d-4866-a137-f5f625395d4b,FirstNumber=362,secondNumber=1234}  written to file by thread pool-3-thread-1
 message  {Id=e5bae508-be36-4afb-be8a-6302af8960ba,FirstNumber=995,secondNumber=1078}  added by thread pool-3-thread-6
 message  {Id=8b08ad18-3008-4e15-8ba3-cb3a1e1a3c75,FirstNumber=656,secondNumber=1555}  written to file by thread pool-3-thread-1
 message  {Id=d32cf29f-2c00-436a-aa27-19e5bc306ee5,FirstNumber=499,secondNumber=1809}  added by thread pool-3-thread-6
 message  {Id=56be3297-785e-4d13-86c5-48254b9e99b3,FirstNumber=454,secondNumber=1078}  added by thread pool-3-thread-6
 message  {Id=cfa61bd6-2f0a-4d1c-acc4-50a32e0c6cd7,FirstNumber=894,secondNumber=564}  written to file by thread pool-3-thread-1
 message  {Id=e08d32f5-f7c6-4782-b772-1db1812dd66e,FirstNumber=824,secondNumber=1342}  added by thread pool-3-thread-6
 message  {Id=08940ce6-9ac2-433f-8888-43085e12768a,FirstNumber=866,secondNumber=352}  added by thread pool-3-thread-6
 message  {Id=7621417d-fd7b-4b58-93f8-e28d7e81e42f,FirstNumber=358,secondNumber=1390}  written to file by thread pool-3-thread-1
 message  {Id=bff7df04-9937-42fa-acb5-b0d48aa017e1,FirstNumber=601,secondNumber=981}  added by thread pool-3-thread-6
 message  {Id=71cca356-eef6-4ca0-bde1-d7229dad2858,FirstNumber=63,secondNumber=1866}  added by thread pool-3-thread-6
 message  {Id=8104d140-3ffd-4303-b94e-299456be2b28,FirstNumber=500,secondNumber=349}  written to file by thread pool-3-thread-1
 message  {Id=37c5cc49-ce8b-4a8a-ad77-d1b00b486336,FirstNumber=75,secondNumber=1557}  added by thread pool-3-thread-6
 message  {Id=d26bbba7-addd-4707-b56b-6511d55a210c,FirstNumber=471,secondNumber=695}  added by thread pool-3-thread-6
 message  {Id=37b6b8c5-fb0f-4cb6-85c2-3b6df0deae10,FirstNumber=520,secondNumber=1133}  written to file by thread pool-3-thread-1
 message  {Id=2822266d-daaf-4cfa-a916-30e515bdd3e4,FirstNumber=553,secondNumber=1590}  added by thread pool-3-thread-6
 message  {Id=e230850d-c802-4a1e-8d4e-979028e886f8,FirstNumber=653,secondNumber=941}  written to file by thread pool-3-thread-1
 message  {Id=9dcdb97c-dc26-49b0-98f8-6f54d12a6577,FirstNumber=257,secondNumber=1983}  added by thread pool-3-thread-6
 message  {Id=dde7e699-de1d-4859-ba9a-534e1580cb1f,FirstNumber=876,secondNumber=1004}  added by thread pool-3-thread-6
 message  {Id=7a80c318-3d4e-4acb-b652-4fbaab513e44,FirstNumber=515,secondNumber=115}  written to file by thread pool-3-thread-1
 message  {Id=90088398-85fd-445b-b48a-4947afc29054,FirstNumber=352,secondNumber=22}  added by thread pool-3-thread-6
 message  {Id=74847c37-48be-4d40-88b6-00c13b7eadf7,FirstNumber=618,secondNumber=197}  added by thread pool-3-thread-6
 message  {Id=3926dfcd-c0c0-4ef2-a7b8-1a6c6fe96513,FirstNumber=960,secondNumber=1414}  written to file by thread pool-3-thread-1
 message  {Id=cbd52e1b-7cda-4f83-96f7-6411860ccb2b,FirstNumber=166,secondNumber=60}  added by thread pool-3-thread-6
 message  {Id=1656e959-85ba-451f-adde-122393c69431,FirstNumber=906,secondNumber=1156}  written to file by thread pool-3-thread-1
 message  {Id=a9dc1021-271d-47ca-8469-eddc5666ef19,FirstNumber=820,secondNumber=779}  added by thread pool-3-thread-6
 message  {Id=60cb2e94-6fc3-4fac-99d4-19f80d53cb2e,FirstNumber=422,secondNumber=798}  added by thread pool-3-thread-6
 message  {Id=16c32dc2-be76-4b4a-b4ea-4606f090a83b,FirstNumber=813,secondNumber=1080}  written to file by thread pool-3-thread-1
 message  {Id=5674e91a-2fd1-4777-8614-c73102377927,FirstNumber=76,secondNumber=664}  added by thread pool-3-thread-6
 message  {Id=4b4bd3a1-9bc6-4e48-9e25-525eff9430a7,FirstNumber=819,secondNumber=1054}  added by thread pool-3-thread-6
 message  {Id=f87d7c61-1556-4e0d-abb1-158bac2e4460,FirstNumber=498,secondNumber=1377}  written to file by thread pool-3-thread-1
 message  {Id=0b26d245-9285-4581-9640-aff03c0d8a37,FirstNumber=41,secondNumber=583}  added by thread pool-3-thread-6
 message  {Id=a1e29306-f15d-42d2-90d0-8a277547b68d,FirstNumber=40,secondNumber=1827}  added by thread pool-3-thread-6
 message  {Id=4f6e6351-06a2-4c0d-b907-b19c1bef1844,FirstNumber=241,secondNumber=1859}  written to file by thread pool-3-thread-1
 message  {Id=918c6788-419b-46d3-a604-03e416863c80,FirstNumber=406,secondNumber=1183}  added by thread pool-3-thread-6
 message  {Id=bd20de97-9c34-4614-8ba0-00687af8490d,FirstNumber=562,secondNumber=1127}  added by thread pool-3-thread-6
 message  {Id=38a90c38-97f5-48ef-b192-475fe82b4a23,FirstNumber=82,secondNumber=253}  written to file by thread pool-3-thread-1
 message  {Id=b5c17d2b-59f2-4285-821b-9deb227e851e,FirstNumber=741,secondNumber=559}  added by thread pool-3-thread-6
 message  {Id=1f255c9f-d31e-43d3-98c0-18631483c03f,FirstNumber=73,secondNumber=1693}  added by thread pool-3-thread-6
 message  {Id=5b2a4482-d62c-45fe-ae63-b42dd8010c81,FirstNumber=876,secondNumber=1048}  written to file by thread pool-3-thread-1
 message  {Id=75426940-733f-4562-a24b-7d66391b1126,FirstNumber=934,secondNumber=1549}  added by thread pool-3-thread-6
 message  {Id=26decba9-6aea-480b-942c-cac1cb2a987a,FirstNumber=887,secondNumber=332}  added by thread pool-3-thread-6
 message  {Id=a5b25dcd-e7ed-4897-bb35-55452e4f6526,FirstNumber=170,secondNumber=502}  written to file by thread pool-3-thread-1
 message  {Id=e16ea01e-0f8d-4928-b352-b4a0b4efb9f2,FirstNumber=22,secondNumber=1547}  added by thread pool-3-thread-6
 message  {Id=4eaa1c75-f837-4ac5-969b-6c6a08a3e97c,FirstNumber=313,secondNumber=35}  added by thread pool-3-thread-6
 message  {Id=b9241818-d9f5-4e4f-8993-9ad1d89d9157,FirstNumber=203,secondNumber=695}  written to file by thread pool-3-thread-1
 message  {Id=848e28ca-dd4d-4b8a-b6ac-74f4e4e32c7f,FirstNumber=762,secondNumber=737}  added by thread pool-3-thread-6
 message  {Id=04d12391-9fbe-4ffe-b54b-4a240dab7b2a,FirstNumber=86,secondNumber=1358}  written to file by thread pool-3-thread-1
 message  {Id=fa6ef57e-9e8f-43c0-981b-ef7702deb23a,FirstNumber=748,secondNumber=707}  added by thread pool-3-thread-6
 message  {Id=b4c40831-e5ed-482a-af28-bc2be660847e,FirstNumber=989,secondNumber=586}  added by thread pool-3-thread-6
 message  {Id=8186e3da-c8d9-49bb-a452-36318543b9f6,FirstNumber=288,secondNumber=483}  added by thread pool-3-thread-6
 message  {Id=8e50298c-2c8b-4d68-81ed-f75acd8c01c7,FirstNumber=809,secondNumber=1241}  added by thread pool-3-thread-6
 message  {Id=72669b06-f0dd-4732-b0cb-c81861b84532,FirstNumber=718,secondNumber=1017}  written to file by thread pool-3-thread-4
 message  {Id=017055eb-cf71-46f0-b589-6b6acfb31cb7,FirstNumber=977,secondNumber=1626}  added by thread pool-3-thread-6
 message  {Id=72fcce2d-0c34-462e-ad25-6f48cd34a4e4,FirstNumber=517,secondNumber=1964}  written to file by thread pool-3-thread-4
 message  {Id=78c1e342-6725-479e-9a42-56d46b7633c0,FirstNumber=983,secondNumber=744}  added by thread pool-3-thread-6
 message  {Id=02686a54-5e74-4441-a793-eae47cf3d7eb,FirstNumber=202,secondNumber=10}  written to file by thread pool-3-thread-2
 message  {Id=ad17641e-e08a-495a-b816-794b848a47b1,FirstNumber=4,secondNumber=252}  written to file by thread pool-3-thread-4
 message  {Id=d62daa2a-b787-4902-9885-b94f09a9c31c,FirstNumber=304,secondNumber=1131}  added by thread pool-3-thread-6
 message  {Id=8af16e72-c822-4c1d-ae1c-80a2138f850d,FirstNumber=410,secondNumber=1576}  written to file by thread pool-3-thread-5
 message  {Id=f7ceacca-5a69-43a6-8a6f-ef87a6d67d31,FirstNumber=37,secondNumber=1379}  written to file by thread pool-3-thread-3
 message  {Id=5f44e7e3-32e1-4bae-8f7a-d21e4a1bb186,FirstNumber=447,secondNumber=1785}  written to file by thread pool-3-thread-4
 message  {Id=9e0471a4-924b-4db5-982c-2f1726f4e4d1,FirstNumber=437,secondNumber=842}  written to file by thread pool-3-thread-2
 message  {Id=5ca7136c-970c-4a12-b47a-850c2ba0f9e0,FirstNumber=39,secondNumber=1599}  added by thread pool-3-thread-6
 message  {Id=58d5bb8a-a5b9-4d47-97e9-5d9d33dfa458,FirstNumber=682,secondNumber=980}  written to file by thread pool-3-thread-5
 message  {Id=f7b9ed55-7d56-46a4-be48-1a501a33b874,FirstNumber=815,secondNumber=1670}  written to file by thread pool-3-thread-3
 message  {Id=366e3642-edf7-44dc-ae37-a3492ce14d86,FirstNumber=830,secondNumber=141}  added by thread pool-3-thread-6
 message  {Id=2bbdf904-410c-4dcd-a22e-7c4fe51bb5bd,FirstNumber=817,secondNumber=1252}  written to file by thread pool-3-thread-4
 message  {Id=4f654229-7cfb-402d-833b-4b2ef75bc6d5,FirstNumber=509,secondNumber=342}  written to file by thread pool-3-thread-2
 message  {Id=5e2b1f93-5b2e-4efe-8156-6540530deb07,FirstNumber=925,secondNumber=274}  written to file by thread pool-3-thread-5
 message  {Id=e5bae508-be36-4afb-be8a-6302af8960ba,FirstNumber=995,secondNumber=1078}  written to file by thread pool-3-thread-3
 message  {Id=86f3afcc-5b6a-4596-a59e-d2e69165f911,FirstNumber=764,secondNumber=64}  added by thread pool-3-thread-6
 message  {Id=d32cf29f-2c00-436a-aa27-19e5bc306ee5,FirstNumber=499,secondNumber=1809}  written to file by thread pool-3-thread-4
 message  {Id=56be3297-785e-4d13-86c5-48254b9e99b3,FirstNumber=454,secondNumber=1078}  written to file by thread pool-3-thread-2
 message  {Id=e08d32f5-f7c6-4782-b772-1db1812dd66e,FirstNumber=824,secondNumber=1342}  written to file by thread pool-3-thread-5
 message  {Id=9d5fe5ec-86c3-4b63-b357-8e7fd9fdb93d,FirstNumber=574,secondNumber=851}  added by thread pool-3-thread-6
 message  {Id=08940ce6-9ac2-433f-8888-43085e12768a,FirstNumber=866,secondNumber=352}  written to file by thread pool-3-thread-3
 message  {Id=bff7df04-9937-42fa-acb5-b0d48aa017e1,FirstNumber=601,secondNumber=981}  written to file by thread pool-3-thread-4
 message  {Id=71cca356-eef6-4ca0-bde1-d7229dad2858,FirstNumber=63,secondNumber=1866}  written to file by thread pool-3-thread-2
 message  {Id=37c5cc49-ce8b-4a8a-ad77-d1b00b486336,FirstNumber=75,secondNumber=1557}  written to file by thread pool-3-thread-5
 message  {Id=6b99887e-5646-4024-b6b0-510f5fb0f34f,FirstNumber=332,secondNumber=576}  added by thread pool-3-thread-6
 message  {Id=d26bbba7-addd-4707-b56b-6511d55a210c,FirstNumber=471,secondNumber=695}  written to file by thread pool-3-thread-3
 message  {Id=2822266d-daaf-4cfa-a916-30e515bdd3e4,FirstNumber=553,secondNumber=1590}  written to file by thread pool-3-thread-4
 message  {Id=9dcdb97c-dc26-49b0-98f8-6f54d12a6577,FirstNumber=257,secondNumber=1983}  written to file by thread pool-3-thread-2
 message  {Id=77acfec5-0f78-43e3-ba84-87b2d49a125b,FirstNumber=696,secondNumber=964}  added by thread pool-3-thread-6
 message  {Id=dde7e699-de1d-4859-ba9a-534e1580cb1f,FirstNumber=876,secondNumber=1004}  written to file by thread pool-3-thread-5
 message  {Id=90088398-85fd-445b-b48a-4947afc29054,FirstNumber=352,secondNumber=22}  written to file by thread pool-3-thread-3
 message  {Id=74847c37-48be-4d40-88b6-00c13b7eadf7,FirstNumber=618,secondNumber=197}  written to file by thread pool-3-thread-4
 message  {Id=d0c63b14-656b-453f-b9a3-8d13408c36db,FirstNumber=793,secondNumber=1413}  added by thread pool-3-thread-6
 message  {Id=cbd52e1b-7cda-4f83-96f7-6411860ccb2b,FirstNumber=166,secondNumber=60}  written to file by thread pool-3-thread-2
 message  {Id=a9dc1021-271d-47ca-8469-eddc5666ef19,FirstNumber=820,secondNumber=779}  written to file by thread pool-3-thread-5
 message  {Id=60cb2e94-6fc3-4fac-99d4-19f80d53cb2e,FirstNumber=422,secondNumber=798}  written to file by thread pool-3-thread-3
 message  {Id=5674e91a-2fd1-4777-8614-c73102377927,FirstNumber=76,secondNumber=664}  written to file by thread pool-3-thread-4
 message  {Id=cb40d034-04ef-4fd6-8ae1-8ce224955d8b,FirstNumber=133,secondNumber=539}  added by thread pool-3-thread-6
 message  {Id=4b4bd3a1-9bc6-4e48-9e25-525eff9430a7,FirstNumber=819,secondNumber=1054}  written to file by thread pool-3-thread-2
 message  {Id=0b26d245-9285-4581-9640-aff03c0d8a37,FirstNumber=41,secondNumber=583}  written to file by thread pool-3-thread-5
 message  {Id=a1e29306-f15d-42d2-90d0-8a277547b68d,FirstNumber=40,secondNumber=1827}  written to file by thread pool-3-thread-3
 message  {Id=918c6788-419b-46d3-a604-03e416863c80,FirstNumber=406,secondNumber=1183}  written to file by thread pool-3-thread-4
 message  {Id=f32ce557-c24d-47cd-8f31-0eefef536e6e,FirstNumber=52,secondNumber=718}  added by thread pool-3-thread-6
 message  {Id=bd20de97-9c34-4614-8ba0-00687af8490d,FirstNumber=562,secondNumber=1127}  written to file by thread pool-3-thread-2
 message  {Id=b5c17d2b-59f2-4285-821b-9deb227e851e,FirstNumber=741,secondNumber=559}  written to file by thread pool-3-thread-5
 message  {Id=1f255c9f-d31e-43d3-98c0-18631483c03f,FirstNumber=73,secondNumber=1693}  written to file by thread pool-3-thread-3
 message  {Id=3df88a54-c266-4186-83c4-b2f01a3ff2e5,FirstNumber=276,secondNumber=1704}  added by thread pool-3-thread-6
 message  {Id=75426940-733f-4562-a24b-7d66391b1126,FirstNumber=934,secondNumber=1549}  written to file by thread pool-3-thread-4
 message  {Id=26decba9-6aea-480b-942c-cac1cb2a987a,FirstNumber=887,secondNumber=332}  written to file by thread pool-3-thread-2
 message  {Id=e16ea01e-0f8d-4928-b352-b4a0b4efb9f2,FirstNumber=22,secondNumber=1547}  written to file by thread pool-3-thread-5
 message  {Id=4eaa1c75-f837-4ac5-969b-6c6a08a3e97c,FirstNumber=313,secondNumber=35}  written to file by thread pool-3-thread-3
 message  {Id=7f1a78c4-a075-4a3d-8355-29862f46c780,FirstNumber=916,secondNumber=1767}  added by thread pool-3-thread-6
 message  {Id=848e28ca-dd4d-4b8a-b6ac-74f4e4e32c7f,FirstNumber=762,secondNumber=737}  written to file by thread pool-3-thread-4
 message  {Id=fa6ef57e-9e8f-43c0-981b-ef7702deb23a,FirstNumber=748,secondNumber=707}  written to file by thread pool-3-thread-2
 message  {Id=493d2ee6-11db-4236-a172-ecf3bf22f7e4,FirstNumber=658,secondNumber=1742}  added by thread pool-3-thread-6
 message  {Id=8186e3da-c8d9-49bb-a452-36318543b9f6,FirstNumber=288,secondNumber=483}  written to file by thread pool-3-thread-3
 message  {Id=b4c40831-e5ed-482a-af28-bc2be660847e,FirstNumber=989,secondNumber=586}  written to file by thread pool-3-thread-5
 message  {Id=8e50298c-2c8b-4d68-81ed-f75acd8c01c7,FirstNumber=809,secondNumber=1241}  written to file by thread pool-3-thread-4
 message  {Id=017055eb-cf71-46f0-b589-6b6acfb31cb7,FirstNumber=977,secondNumber=1626}  written to file by thread pool-3-thread-2
 message  {Id=276aae35-a6c6-4014-9cad-899bbf1314d7,FirstNumber=943,secondNumber=774}  added by thread pool-3-thread-6
 message  {Id=78c1e342-6725-479e-9a42-56d46b7633c0,FirstNumber=983,secondNumber=744}  written to file by thread pool-3-thread-3
 message  {Id=5ca7136c-970c-4a12-b47a-850c2ba0f9e0,FirstNumber=39,secondNumber=1599}  written to file by thread pool-3-thread-4
 message  {Id=d62daa2a-b787-4902-9885-b94f09a9c31c,FirstNumber=304,secondNumber=1131}  written to file by thread pool-3-thread-5
 message  {Id=05c27fe8-783d-4034-a823-7c616f19407b,FirstNumber=342,secondNumber=754}  added by thread pool-3-thread-6
 message  {Id=366e3642-edf7-44dc-ae37-a3492ce14d86,FirstNumber=830,secondNumber=141}  written to file by thread pool-3-thread-2
 message  {Id=86f3afcc-5b6a-4596-a59e-d2e69165f911,FirstNumber=764,secondNumber=64}  written to file by thread pool-3-thread-3
 message  {Id=9d5fe5ec-86c3-4b63-b357-8e7fd9fdb93d,FirstNumber=574,secondNumber=851}  written to file by thread pool-3-thread-4
 message  {Id=6b99887e-5646-4024-b6b0-510f5fb0f34f,FirstNumber=332,secondNumber=576}  written to file by thread pool-3-thread-5
 message  {Id=fd066e87-9c41-4b26-bb19-86580fca7829,FirstNumber=80,secondNumber=930}  added by thread pool-3-thread-6
 message  {Id=77acfec5-0f78-43e3-ba84-87b2d49a125b,FirstNumber=696,secondNumber=964}  written to file by thread pool-3-thread-2
 message  {Id=d0c63b14-656b-453f-b9a3-8d13408c36db,FirstNumber=793,secondNumber=1413}  written to file by thread pool-3-thread-3
 message  {Id=cb40d034-04ef-4fd6-8ae1-8ce224955d8b,FirstNumber=133,secondNumber=539}  written to file by thread pool-3-thread-4
 message  {Id=a39beb88-5e02-4d23-8764-2ebdbee9480c,FirstNumber=933,secondNumber=332}  added by thread pool-3-thread-6
 message  {Id=f32ce557-c24d-47cd-8f31-0eefef536e6e,FirstNumber=52,secondNumber=718}  written to file by thread pool-3-thread-5
 message  {Id=3df88a54-c266-4186-83c4-b2f01a3ff2e5,FirstNumber=276,secondNumber=1704}  written to file by thread pool-3-thread-2
 message  {Id=7f1a78c4-a075-4a3d-8355-29862f46c780,FirstNumber=916,secondNumber=1767}  written to file by thread pool-3-thread-3
 message  {Id=1ef55446-1c8a-44d8-9459-8298e06a6363,FirstNumber=3,secondNumber=1854}  added by thread pool-3-thread-6
 message  {Id=493d2ee6-11db-4236-a172-ecf3bf22f7e4,FirstNumber=658,secondNumber=1742}  written to file by thread pool-3-thread-4
 message  {Id=276aae35-a6c6-4014-9cad-899bbf1314d7,FirstNumber=943,secondNumber=774}  written to file by thread pool-3-thread-5
 message  {Id=05c27fe8-783d-4034-a823-7c616f19407b,FirstNumber=342,secondNumber=754}  written to file by thread pool-3-thread-2
 message  {Id=fd066e87-9c41-4b26-bb19-86580fca7829,FirstNumber=80,secondNumber=930}  written to file by thread pool-3-thread-3
 message  {Id=51e40a5d-d043-4330-a4ad-e6a4b12b79b3,FirstNumber=280,secondNumber=1040}  added by thread pool-3-thread-6
 message  {Id=a39beb88-5e02-4d23-8764-2ebdbee9480c,FirstNumber=933,secondNumber=332}  written to file by thread pool-3-thread-4
 message  {Id=1ef55446-1c8a-44d8-9459-8298e06a6363,FirstNumber=3,secondNumber=1854}  written to file by thread pool-3-thread-5
 message  {Id=51e40a5d-d043-4330-a4ad-e6a4b12b79b3,FirstNumber=280,secondNumber=1040}  written to file by thread pool-3-thread-2
 message  {Id=924419a2-fe18-4263-9e34-3340426be4bf,FirstNumber=414,secondNumber=1526}  written to file by thread pool-3-thread-1
 message  {Id=ae733580-8e54-4122-8113-a2b875fe4b27,FirstNumber=427,secondNumber=1780}  added by thread pool-3-thread-6
 message  {Id=ae733580-8e54-4122-8113-a2b875fe4b27,FirstNumber=427,secondNumber=1780}  written to file by thread pool-3-thread-2
 message  {Id=19b87bb3-9e5a-4696-9994-82fab224d7de,FirstNumber=720,secondNumber=360}  added by thread pool-3-thread-6
 message  {Id=19b87bb3-9e5a-4696-9994-82fab224d7de,FirstNumber=720,secondNumber=360}  written to file by thread pool-3-thread-2
 message  {Id=f463ae3a-bf85-4f06-a792-39a2709652ce,FirstNumber=218,secondNumber=482}  added by thread pool-3-thread-6
 message  {Id=f463ae3a-bf85-4f06-a792-39a2709652ce,FirstNumber=218,secondNumber=482}  written to file by thread pool-3-thread-2
 message  {Id=593e8a55-fb2e-4f3a-a813-f080849a2262,FirstNumber=410,secondNumber=1818}  added by thread pool-3-thread-6
 message  {Id=3c0730f0-e17f-4cf5-a89c-8d35da085e1d,FirstNumber=130,secondNumber=585}  added by thread pool-3-thread-6
 message  {Id=593e8a55-fb2e-4f3a-a813-f080849a2262,FirstNumber=410,secondNumber=1818}  written to file by thread pool-3-thread-1
 message  {Id=14b8fd76-7bcc-4b62-9001-46bf2ced8317,FirstNumber=432,secondNumber=387}  added by thread pool-3-thread-6
 message  {Id=3c0730f0-e17f-4cf5-a89c-8d35da085e1d,FirstNumber=130,secondNumber=585}  written to file by thread pool-3-thread-3
 message  {Id=105a9dc5-a4ce-4bb5-9723-9302cbcb13c0,FirstNumber=703,secondNumber=320}  added by thread pool-3-thread-6
 message  {Id=14b8fd76-7bcc-4b62-9001-46bf2ced8317,FirstNumber=432,secondNumber=387}  written to file by thread pool-3-thread-1
 message  {Id=24dc4bac-1d58-4aad-9f7d-d52e7b1f106c,FirstNumber=831,secondNumber=1524}  added by thread pool-3-thread-6
 message  {Id=105a9dc5-a4ce-4bb5-9723-9302cbcb13c0,FirstNumber=703,secondNumber=320}  written to file by thread pool-3-thread-1
 message  {Id=1228c8a4-96ff-480d-9613-d4098fdfe4d7,FirstNumber=977,secondNumber=1535}  added by thread pool-3-thread-6
 message  {Id=e06ba85f-c87e-40bd-b1a2-32bc53d77a3f,FirstNumber=392,secondNumber=1053}  added by thread pool-3-thread-6
 message  {Id=24dc4bac-1d58-4aad-9f7d-d52e7b1f106c,FirstNumber=831,secondNumber=1524}  written to file by thread pool-3-thread-1
 message  {Id=3339fbaf-67b8-4ba8-bb72-4c1c47f005fb,FirstNumber=73,secondNumber=1138}  added by thread pool-3-thread-6
 message  {Id=e128ba80-da0c-44e9-b832-c6d6878ddb67,FirstNumber=637,secondNumber=1894}  added by thread pool-3-thread-6
 message  {Id=1228c8a4-96ff-480d-9613-d4098fdfe4d7,FirstNumber=977,secondNumber=1535}  written to file by thread pool-3-thread-1
 message  {Id=9f638e3c-f735-4af3-8c42-d4a144cdb50a,FirstNumber=344,secondNumber=773}  added by thread pool-3-thread-6
 message  {Id=63c30cc3-ef26-45dd-afa8-1bf36091ff60,FirstNumber=864,secondNumber=1393}  added by thread pool-3-thread-6
 message  {Id=e06ba85f-c87e-40bd-b1a2-32bc53d77a3f,FirstNumber=392,secondNumber=1053}  written to file by thread pool-3-thread-1
 message  {Id=38a3701f-7921-4894-99dc-2f677cd92acc,FirstNumber=471,secondNumber=1043}  added by thread pool-3-thread-6
 message  {Id=72117f92-909b-4d0b-a475-a650b1d03e57,FirstNumber=101,secondNumber=1621}  added by thread pool-3-thread-6
 message  {Id=3339fbaf-67b8-4ba8-bb72-4c1c47f005fb,FirstNumber=73,secondNumber=1138}  written to file by thread pool-3-thread-1
 message  {Id=42b54f21-5a17-4b01-918d-e2bf813111c0,FirstNumber=829,secondNumber=1280}  added by thread pool-3-thread-6
 message  {Id=ba55d219-5d00-4548-b5aa-98f684908b7d,FirstNumber=850,secondNumber=1179}  added by thread pool-3-thread-6
 message  {Id=e128ba80-da0c-44e9-b832-c6d6878ddb67,FirstNumber=637,secondNumber=1894}  written to file by thread pool-3-thread-1
 message  {Id=bbb9daa6-cd2d-49ac-8d66-041d6e279cb3,FirstNumber=581,secondNumber=497}  added by thread pool-3-thread-6
 message  {Id=53311ff6-ac80-450c-b41b-a45d8eb7869f,FirstNumber=122,secondNumber=1141}  added by thread pool-3-thread-6
 message  {Id=9f638e3c-f735-4af3-8c42-d4a144cdb50a,FirstNumber=344,secondNumber=773}  written to file by thread pool-3-thread-1
 message  {Id=177118ec-1268-48f1-aac3-df762b270fab,FirstNumber=113,secondNumber=1609}  added by thread pool-3-thread-6
 message  {Id=bc456859-e40c-4919-9071-52426f7ef1fd,FirstNumber=740,secondNumber=223}  added by thread pool-3-thread-6
 message  {Id=63c30cc3-ef26-45dd-afa8-1bf36091ff60,FirstNumber=864,secondNumber=1393}  written to file by thread pool-3-thread-1
 message  {Id=10c799a7-2f98-4cfd-81e6-c7bfbc980e6e,FirstNumber=284,secondNumber=1064}  added by thread pool-3-thread-6
 message  {Id=b0c9fbbe-046f-44e3-8fcc-7183f404840c,FirstNumber=683,secondNumber=1074}  added by thread pool-3-thread-6
 message  {Id=38a3701f-7921-4894-99dc-2f677cd92acc,FirstNumber=471,secondNumber=1043}  written to file by thread pool-3-thread-1
 message  {Id=dcd9e72a-5b1a-4263-8a2b-f73c8205639d,FirstNumber=689,secondNumber=1144}  added by thread pool-3-thread-6
 message  {Id=72117f92-909b-4d0b-a475-a650b1d03e57,FirstNumber=101,secondNumber=1621}  written to file by thread pool-3-thread-1
 message  {Id=efecf441-f669-4cbc-be47-3a66b3498d9a,FirstNumber=121,secondNumber=495}  added by thread pool-3-thread-6
 message  {Id=794959e3-5a6f-4d07-bc2b-31b0d46fc79f,FirstNumber=280,secondNumber=660}  added by thread pool-3-thread-6
 message  {Id=42b54f21-5a17-4b01-918d-e2bf813111c0,FirstNumber=829,secondNumber=1280}  written to file by thread pool-3-thread-1
 message  {Id=4277c74c-5cb3-49ea-b24c-13eb887f543c,FirstNumber=484,secondNumber=724}  added by thread pool-3-thread-6
 message  {Id=d08ed04a-52e3-45a0-99e7-878a567b9b8b,FirstNumber=936,secondNumber=1776}  added by thread pool-3-thread-6
 message  {Id=ba55d219-5d00-4548-b5aa-98f684908b7d,FirstNumber=850,secondNumber=1179}  written to file by thread pool-3-thread-1
 message  {Id=f4bfa8bf-ae83-445b-ac27-ded36fbd6988,FirstNumber=801,secondNumber=1545}  added by thread pool-3-thread-6
 message  {Id=769bb14f-6496-4379-9006-e25aa6521ef5,FirstNumber=412,secondNumber=759}  added by thread pool-3-thread-6
 message  {Id=bbb9daa6-cd2d-49ac-8d66-041d6e279cb3,FirstNumber=581,secondNumber=497}  written to file by thread pool-3-thread-1
 message  {Id=8d021c56-1bab-48e0-9648-4869c39c6256,FirstNumber=492,secondNumber=349}  added by thread pool-3-thread-6
 message  {Id=bff0f8a0-5431-42cd-9d76-50344a987426,FirstNumber=469,secondNumber=1770}  added by thread pool-3-thread-6
 message  {Id=53311ff6-ac80-450c-b41b-a45d8eb7869f,FirstNumber=122,secondNumber=1141}  written to file by thread pool-3-thread-1
 message  {Id=c83845ae-ee8a-4038-8b11-0362848ffe2e,FirstNumber=102,secondNumber=560}  added by thread pool-3-thread-6
 message  {Id=ff614e93-8942-467a-aaab-6e74ff620983,FirstNumber=103,secondNumber=448}  added by thread pool-3-thread-6
 message  {Id=177118ec-1268-48f1-aac3-df762b270fab,FirstNumber=113,secondNumber=1609}  written to file by thread pool-3-thread-1
 message  {Id=adbb6b43-37c9-4695-b012-9cbb46c45064,FirstNumber=510,secondNumber=657}  added by thread pool-3-thread-6
 message  {Id=07230331-70ba-4e9a-ba47-e296c2b2cb03,FirstNumber=580,secondNumber=928}  added by thread pool-3-thread-6
 message  {Id=bc456859-e40c-4919-9071-52426f7ef1fd,FirstNumber=740,secondNumber=223}  written to file by thread pool-3-thread-1
 message  {Id=9b16ff89-668b-4bd5-94c6-a040e6e77121,FirstNumber=549,secondNumber=796}  added by thread pool-3-thread-6
 message  {Id=c7136f68-3237-49d2-a5c7-86a7f0f0bdcc,FirstNumber=86,secondNumber=1900}  added by thread pool-3-thread-6
 message  {Id=10c799a7-2f98-4cfd-81e6-c7bfbc980e6e,FirstNumber=284,secondNumber=1064}  written to file by thread pool-3-thread-1
 message  {Id=b76d5314-f04c-4cd7-91e2-85b5391a28bb,FirstNumber=846,secondNumber=164}  added by thread pool-3-thread-6
 message  {Id=b0c9fbbe-046f-44e3-8fcc-7183f404840c,FirstNumber=683,secondNumber=1074}  written to file by thread pool-3-thread-1
 message  {Id=dac4e134-201b-4d22-8ced-f1c7055fa0ec,FirstNumber=105,secondNumber=1232}  added by thread pool-3-thread-6
 message  {Id=cc01c62b-2c75-453e-9f06-51dcde243a1e,FirstNumber=283,secondNumber=262}  added by thread pool-3-thread-6
 message  {Id=dcd9e72a-5b1a-4263-8a2b-f73c8205639d,FirstNumber=689,secondNumber=1144}  written to file by thread pool-3-thread-1
 message  {Id=d1e9f7eb-90f2-4611-88ad-7b70ffde19ca,FirstNumber=341,secondNumber=890}  added by thread pool-3-thread-6
 message  {Id=1d6f7393-feaa-4595-9692-76990f9d826b,FirstNumber=37,secondNumber=1125}  added by thread pool-3-thread-6
 message  {Id=efecf441-f669-4cbc-be47-3a66b3498d9a,FirstNumber=121,secondNumber=495}  written to file by thread pool-3-thread-1
 message  {Id=7da3e1fe-4a6d-4d08-96f8-3a0b521ae0fb,FirstNumber=340,secondNumber=1797}  added by thread pool-3-thread-6
 message  {Id=e514c23a-5aca-42df-9cfb-d2986ac36a1b,FirstNumber=369,secondNumber=1510}  added by thread pool-3-thread-6
 message  {Id=794959e3-5a6f-4d07-bc2b-31b0d46fc79f,FirstNumber=280,secondNumber=660}  written to file by thread pool-3-thread-1
 message  {Id=db665d0d-e88c-48f8-a54b-70389c4d5c23,FirstNumber=150,secondNumber=1970}  added by thread pool-3-thread-6
 message  {Id=cc999ee9-04a5-4ebd-b1cc-4f388795086c,FirstNumber=732,secondNumber=1598}  added by thread pool-3-thread-6
 message  {Id=4277c74c-5cb3-49ea-b24c-13eb887f543c,FirstNumber=484,secondNumber=724}  written to file by thread pool-3-thread-1
 message  {Id=0eadc679-535f-4b62-822b-c1854fcc3bc3,FirstNumber=380,secondNumber=1094}  added by thread pool-3-thread-6
 message  {Id=39e44e57-1f2b-4455-8cd1-c3d59f7e8ffa,FirstNumber=545,secondNumber=1007}  added by thread pool-3-thread-6
 message  {Id=d08ed04a-52e3-45a0-99e7-878a567b9b8b,FirstNumber=936,secondNumber=1776}  written to file by thread pool-3-thread-1
 message  {Id=da6def53-6f98-4011-a0ed-df9e4bd55e1e,FirstNumber=959,secondNumber=1485}  added by thread pool-3-thread-6
 message  {Id=f4bfa8bf-ae83-445b-ac27-ded36fbd6988,FirstNumber=801,secondNumber=1545}  written to file by thread pool-3-thread-1
 message  {Id=329827bf-c284-41af-a470-a9f863dcc58e,FirstNumber=868,secondNumber=1581}  added by thread pool-3-thread-6
 message  {Id=0ede7ca8-1735-4c88-9ef8-1712bfd544a8,FirstNumber=493,secondNumber=974}  added by thread pool-3-thread-6
 message  {Id=769bb14f-6496-4379-9006-e25aa6521ef5,FirstNumber=412,secondNumber=759}  written to file by thread pool-3-thread-1
 message  {Id=9b211b0d-4107-478c-9c29-7bf546c33f8e,FirstNumber=914,secondNumber=1392}  added by thread pool-3-thread-6
 message  {Id=d1971750-68dd-4bfc-bc6e-0124faf04ebb,FirstNumber=62,secondNumber=928}  added by thread pool-3-thread-6
 message  {Id=8d021c56-1bab-48e0-9648-4869c39c6256,FirstNumber=492,secondNumber=349}  written to file by thread pool-3-thread-1
 message  {Id=b9362a28-86f9-4979-91d5-6f9e42ebc171,FirstNumber=567,secondNumber=1232}  added by thread pool-3-thread-6
 message  {Id=bff0f8a0-5431-42cd-9d76-50344a987426,FirstNumber=469,secondNumber=1770}  written to file by thread pool-3-thread-1
 message  {Id=8603c7ae-12d3-45f0-9dd8-75cef5acce2b,FirstNumber=101,secondNumber=851}  added by thread pool-3-thread-6
 message  {Id=820244da-7319-440f-9b90-ba2c5b580e78,FirstNumber=300,secondNumber=605}  added by thread pool-3-thread-6
 message  {Id=c83845ae-ee8a-4038-8b11-0362848ffe2e,FirstNumber=102,secondNumber=560}  written to file by thread pool-3-thread-1
 message  {Id=eaa6d248-0c44-4ae9-ba6a-4da77f69ee13,FirstNumber=763,secondNumber=842}  added by thread pool-3-thread-6
 message  {Id=a5d9de27-82ac-4de4-ad5a-597040f4e4c9,FirstNumber=142,secondNumber=1779}  added by thread pool-3-thread-6
 message  {Id=ff614e93-8942-467a-aaab-6e74ff620983,FirstNumber=103,secondNumber=448}  written to file by thread pool-3-thread-1
 message  {Id=cf7deda8-5075-44ee-86cd-c1f00bbe3989,FirstNumber=949,secondNumber=122}  added by thread pool-3-thread-6
 message  {Id=6f59ad19-77a1-4f8a-a07b-4e36ddfddf4f,FirstNumber=235,secondNumber=1174}  added by thread pool-3-thread-6
 message  {Id=adbb6b43-37c9-4695-b012-9cbb46c45064,FirstNumber=510,secondNumber=657}  written to file by thread pool-3-thread-1
 message  {Id=3ec03270-9d81-44c4-bb3d-f9d089f612cb,FirstNumber=493,secondNumber=163}  added by thread pool-3-thread-6
 message  {Id=186441f8-986b-41f5-bc5e-bc9bf8227bba,FirstNumber=549,secondNumber=166}  added by thread pool-3-thread-6
 message  {Id=07230331-70ba-4e9a-ba47-e296c2b2cb03,FirstNumber=580,secondNumber=928}  written to file by thread pool-3-thread-1
 message  {Id=f857f50c-2f27-4b16-bc3e-99f5b3fa0bcc,FirstNumber=680,secondNumber=1309}  added by thread pool-3-thread-6
 message  {Id=29abb998-9515-426a-ae09-74c4d9eacc60,FirstNumber=131,secondNumber=1738}  added by thread pool-3-thread-6
 message  {Id=9b16ff89-668b-4bd5-94c6-a040e6e77121,FirstNumber=549,secondNumber=796}  written to file by thread pool-3-thread-1
 message  {Id=a2ca86b7-8a77-4972-aafa-010e9c4a8de8,FirstNumber=805,secondNumber=1513}  added by thread pool-3-thread-6
 message  {Id=c7136f68-3237-49d2-a5c7-86a7f0f0bdcc,FirstNumber=86,secondNumber=1900}  written to file by thread pool-3-thread-1
 message  {Id=932db53d-d775-4380-a6e9-a7cc6e547881,FirstNumber=441,secondNumber=725}  added by thread pool-3-thread-6
 message  {Id=9c85d88e-ab6d-4077-a340-7e1930edbba5,FirstNumber=852,secondNumber=356}  added by thread pool-3-thread-6
 message  {Id=b76d5314-f04c-4cd7-91e2-85b5391a28bb,FirstNumber=846,secondNumber=164}  written to file by thread pool-3-thread-1
 message  {Id=56c76e61-7723-4436-bf98-29576cb66361,FirstNumber=272,secondNumber=1151}  added by thread pool-3-thread-6
 message  {Id=e97313be-f635-4b90-be02-53925ef3875c,FirstNumber=48,secondNumber=1809}  added by thread pool-3-thread-6
 message  {Id=dac4e134-201b-4d22-8ced-f1c7055fa0ec,FirstNumber=105,secondNumber=1232}  written to file by thread pool-3-thread-1
 message  {Id=26d5f2c0-8f48-4fa2-8786-4d35c5a9265b,FirstNumber=585,secondNumber=482}  added by thread pool-3-thread-6
 message  {Id=cc01c62b-2c75-453e-9f06-51dcde243a1e,FirstNumber=283,secondNumber=262}  written to file by thread pool-3-thread-1
 message  {Id=92cd50cb-4f68-4e56-8045-38dee4f6156e,FirstNumber=193,secondNumber=1069}  added by thread pool-3-thread-6
 message  {Id=7e8b93ec-2a83-4a0e-b262-ff7fc6fcadf2,FirstNumber=918,secondNumber=1215}  added by thread pool-3-thread-6
 message  {Id=d1e9f7eb-90f2-4611-88ad-7b70ffde19ca,FirstNumber=341,secondNumber=890}  written to file by thread pool-3-thread-1
 message  {Id=b5c687bb-9f91-4c95-bcd5-52d3bcb7e3f3,FirstNumber=718,secondNumber=641}  added by thread pool-3-thread-6
 message  {Id=093253ba-8c02-4141-93c6-60ff4ad5f67e,FirstNumber=935,secondNumber=881}  added by thread pool-3-thread-6
 message  {Id=1d6f7393-feaa-4595-9692-76990f9d826b,FirstNumber=37,secondNumber=1125}  written to file by thread pool-3-thread-1
 message  {Id=a05bbb89-d8ec-4a35-b435-6a02253eeed4,FirstNumber=813,secondNumber=1869}  added by thread pool-3-thread-6
 message  {Id=86daa272-ad74-4812-9412-d6b1816e1ee4,FirstNumber=57,secondNumber=1906}  added by thread pool-3-thread-6
 message  {Id=7da3e1fe-4a6d-4d08-96f8-3a0b521ae0fb,FirstNumber=340,secondNumber=1797}  written to file by thread pool-3-thread-1
 message  {Id=517de27c-c47c-4a19-a0d6-dde79735b5ba,FirstNumber=809,secondNumber=1398}  added by thread pool-3-thread-6
 message  {Id=75e39075-2a08-4dc8-b2bc-89d8b701d6a7,FirstNumber=162,secondNumber=443}  added by thread pool-3-thread-6
 message  {Id=e514c23a-5aca-42df-9cfb-d2986ac36a1b,FirstNumber=369,secondNumber=1510}  written to file by thread pool-3-thread-1
 message  {Id=0926b77b-c63e-4685-8278-4a08a7d5b098,FirstNumber=988,secondNumber=1392}  added by thread pool-3-thread-6
 message  {Id=db665d0d-e88c-48f8-a54b-70389c4d5c23,FirstNumber=150,secondNumber=1970}  written to file by thread pool-3-thread-1
 message  {Id=496f939a-532f-4a9b-b563-26efd197fdd2,FirstNumber=284,secondNumber=1659}  added by thread pool-3-thread-6
 message  {Id=3a60e896-b9f7-4045-b0ca-754b18e2913e,FirstNumber=959,secondNumber=1451}  added by thread pool-3-thread-6
 message  {Id=cc999ee9-04a5-4ebd-b1cc-4f388795086c,FirstNumber=732,secondNumber=1598}  written to file by thread pool-3-thread-1
 message  {Id=e989a3d7-a828-4cbd-8216-e59eb7a72d0a,FirstNumber=363,secondNumber=494}  added by thread pool-3-thread-6
 message  {Id=ac86845d-f4d5-42c5-8415-4e02f28c14bf,FirstNumber=476,secondNumber=1439}  added by thread pool-3-thread-6
 message  {Id=0eadc679-535f-4b62-822b-c1854fcc3bc3,FirstNumber=380,secondNumber=1094}  written to file by thread pool-3-thread-1
 message  {Id=aa775be6-5068-407f-83db-e0d79c82963d,FirstNumber=577,secondNumber=1280}  added by thread pool-3-thread-6
 message  {Id=39e44e57-1f2b-4455-8cd1-c3d59f7e8ffa,FirstNumber=545,secondNumber=1007}  written to file by thread pool-3-thread-1
 message  {Id=8db090f9-ae72-48f7-ac2d-a77b9063c494,FirstNumber=752,secondNumber=347}  added by thread pool-3-thread-6
 message  {Id=b93921d4-63b9-4406-8440-18d0dfb7a4d1,FirstNumber=284,secondNumber=1560}  added by thread pool-3-thread-6
 message  {Id=da6def53-6f98-4011-a0ed-df9e4bd55e1e,FirstNumber=959,secondNumber=1485}  written to file by thread pool-3-thread-1
 message  {Id=4f2b291e-14bd-4f49-884c-57d531d773f7,FirstNumber=466,secondNumber=1225}  added by thread pool-3-thread-6
 message  {Id=8a830608-a095-4230-926e-5a4dc17dd16e,FirstNumber=495,secondNumber=1217}  added by thread pool-3-thread-6
 message  {Id=329827bf-c284-41af-a470-a9f863dcc58e,FirstNumber=868,secondNumber=1581}  written to file by thread pool-3-thread-1
 message  {Id=91794b4c-8b9b-473e-bd32-3e6fa8faa4c6,FirstNumber=526,secondNumber=1493}  added by thread pool-3-thread-6
 message  {Id=1a45f265-3a9d-49c6-bc94-22b908bdbe27,FirstNumber=886,secondNumber=1301}  added by thread pool-3-thread-6
 message  {Id=0ede7ca8-1735-4c88-9ef8-1712bfd544a8,FirstNumber=493,secondNumber=974}  written to file by thread pool-3-thread-1
 message  {Id=5134ae4c-0dde-4d17-ab14-dff2a8284701,FirstNumber=301,secondNumber=1923}  added by thread pool-3-thread-6
 message  {Id=7b4cc3b6-9d97-4b72-8f42-b71d573ed247,FirstNumber=788,secondNumber=781}  added by thread pool-3-thread-6
 message  {Id=9b211b0d-4107-478c-9c29-7bf546c33f8e,FirstNumber=914,secondNumber=1392}  written to file by thread pool-3-thread-1
 message  {Id=a541ee35-6324-43a8-b604-b35ea8e7aaba,FirstNumber=462,secondNumber=1346}  added by thread pool-3-thread-6
 message  {Id=d1971750-68dd-4bfc-bc6e-0124faf04ebb,FirstNumber=62,secondNumber=928}  written to file by thread pool-3-thread-1
 message  {Id=17122dbb-2958-4e00-b5a0-b570c1a22e74,FirstNumber=757,secondNumber=701}  added by thread pool-3-thread-6
 message  {Id=bad62e1a-de9b-4b4a-8dbb-9dd9e2f025d9,FirstNumber=698,secondNumber=1038}  added by thread pool-3-thread-6
 message  {Id=b9362a28-86f9-4979-91d5-6f9e42ebc171,FirstNumber=567,secondNumber=1232}  written to file by thread pool-3-thread-1
 message  {Id=b97dfee6-6d09-4541-9f6b-07591d18e404,FirstNumber=507,secondNumber=760}  added by thread pool-3-thread-6
 message  {Id=1f503bfd-0ea3-47d4-9c26-e3db24d42b10,FirstNumber=446,secondNumber=636}  added by thread pool-3-thread-6
 message  {Id=8603c7ae-12d3-45f0-9dd8-75cef5acce2b,FirstNumber=101,secondNumber=851}  written to file by thread pool-3-thread-1
 message  {Id=3042f752-1d37-4bd4-b3bf-168c511a12d4,FirstNumber=112,secondNumber=1967}  added by thread pool-3-thread-6
 message  {Id=4a6abd05-0640-410e-a15e-492219879ebb,FirstNumber=308,secondNumber=829}  added by thread pool-3-thread-6
 message  {Id=820244da-7319-440f-9b90-ba2c5b580e78,FirstNumber=300,secondNumber=605}  written to file by thread pool-3-thread-1
 message  {Id=7c9f4615-205f-4c22-8689-7fcfe0a929fe,FirstNumber=220,secondNumber=11}  added by thread pool-3-thread-6
 message  {Id=eaa6d248-0c44-4ae9-ba6a-4da77f69ee13,FirstNumber=763,secondNumber=842}  written to file by thread pool-3-thread-1
 message  {Id=e331df5d-b9ba-488e-99ca-8ea35dc43ed4,FirstNumber=397,secondNumber=378}  added by thread pool-3-thread-6
 message  {Id=e88db5dd-3673-4857-8e49-25264929a808,FirstNumber=302,secondNumber=649}  added by thread pool-3-thread-6
 message  {Id=a5d9de27-82ac-4de4-ad5a-597040f4e4c9,FirstNumber=142,secondNumber=1779}  written to file by thread pool-3-thread-1
 message  {Id=8d57488c-2f51-43dc-bb97-7a6e1e9aea23,FirstNumber=348,secondNumber=381}  added by thread pool-3-thread-6
 message  {Id=037e5081-9273-4944-a7eb-a582b8fa3d53,FirstNumber=717,secondNumber=468}  added by thread pool-3-thread-6
 message  {Id=cf7deda8-5075-44ee-86cd-c1f00bbe3989,FirstNumber=949,secondNumber=122}  written to file by thread pool-3-thread-1
 message  {Id=46237fb4-f067-4188-8981-3499a330e2de,FirstNumber=180,secondNumber=610}  added by thread pool-3-thread-6
 message  {Id=4ca47235-a7a0-4564-abc9-2ad6fb32dc0b,FirstNumber=581,secondNumber=1727}  added by thread pool-3-thread-6
 message  {Id=6f59ad19-77a1-4f8a-a07b-4e36ddfddf4f,FirstNumber=235,secondNumber=1174}  written to file by thread pool-3-thread-1
 message  {Id=599d0eaf-d61c-4129-8359-d84214bea0dc,FirstNumber=575,secondNumber=1009}  added by thread pool-3-thread-6
 message  {Id=0e321e0a-58bc-433b-866b-f5becff76aec,FirstNumber=536,secondNumber=392}  added by thread pool-3-thread-6
 message  {Id=3ec03270-9d81-44c4-bb3d-f9d089f612cb,FirstNumber=493,secondNumber=163}  written to file by thread pool-3-thread-1
 message  {Id=fcc25f1e-dd5b-4599-92c0-1266428e9cdf,FirstNumber=701,secondNumber=1872}  added by thread pool-3-thread-6
 message  {Id=03936fc2-3a95-4995-9533-ff48f79d06b1,FirstNumber=939,secondNumber=1601}  added by thread pool-3-thread-6
 message  {Id=186441f8-986b-41f5-bc5e-bc9bf8227bba,FirstNumber=549,secondNumber=166}  written to file by thread pool-3-thread-1
 message  {Id=6d84a4a9-46d0-403b-8257-bac61e56e8ae,FirstNumber=212,secondNumber=361}  added by thread pool-3-thread-6
 message  {Id=620f72bb-b31c-446a-b89d-f8e0987cf0cf,FirstNumber=412,secondNumber=204}  added by thread pool-3-thread-6
 message  {Id=f857f50c-2f27-4b16-bc3e-99f5b3fa0bcc,FirstNumber=680,secondNumber=1309}  written to file by thread pool-3-thread-1
 message  {Id=c6ecf627-43a4-42e3-abd1-ad46c4a468a3,FirstNumber=478,secondNumber=1848}  added by thread pool-3-thread-6
 message  {Id=5cf37fd8-156e-48b9-949b-21560c7d1243,FirstNumber=417,secondNumber=1247}  added by thread pool-3-thread-6
 message  {Id=29abb998-9515-426a-ae09-74c4d9eacc60,FirstNumber=131,secondNumber=1738}  written to file by thread pool-3-thread-1
 message  {Id=d5b4bcd9-6c9e-42be-b225-c1554602526c,FirstNumber=780,secondNumber=804}  added by thread pool-3-thread-6
 message  {Id=a2ca86b7-8a77-4972-aafa-010e9c4a8de8,FirstNumber=805,secondNumber=1513}  written to file by thread pool-3-thread-1
 message  {Id=8fa76280-347a-43c0-a1cb-0f4e88f99486,FirstNumber=203,secondNumber=180}  added by thread pool-3-thread-6
 message  {Id=932db53d-d775-4380-a6e9-a7cc6e547881,FirstNumber=441,secondNumber=725}  written to file by thread pool-3-thread-1
 message  {Id=de2cc752-5aab-4640-a5e8-1b118ed8225a,FirstNumber=909,secondNumber=850}  added by thread pool-3-thread-6
 message  {Id=9c85d88e-ab6d-4077-a340-7e1930edbba5,FirstNumber=852,secondNumber=356}  written to file by thread pool-3-thread-1
 message  {Id=018a1bad-9580-43f0-84c8-98ba45090808,FirstNumber=630,secondNumber=104}  added by thread pool-3-thread-6
 message  {Id=56c76e61-7723-4436-bf98-29576cb66361,FirstNumber=272,secondNumber=1151}  written to file by thread pool-3-thread-1
 message  {Id=654d4d60-10ae-4ec1-86e5-6e25c3b55766,FirstNumber=977,secondNumber=1360}  added by thread pool-3-thread-6
 message  {Id=e97313be-f635-4b90-be02-53925ef3875c,FirstNumber=48,secondNumber=1809}  written to file by thread pool-3-thread-1
 message  {Id=a9392337-2045-4915-9fcc-ce103e2c845e,FirstNumber=749,secondNumber=1536}  added by thread pool-3-thread-6
 message  {Id=26d5f2c0-8f48-4fa2-8786-4d35c5a9265b,FirstNumber=585,secondNumber=482}  written to file by thread pool-3-thread-1
 message  {Id=62dfcd64-c298-4d40-81fd-0edcd77d5c7e,FirstNumber=874,secondNumber=263}  added by thread pool-3-thread-6
 message  {Id=92cd50cb-4f68-4e56-8045-38dee4f6156e,FirstNumber=193,secondNumber=1069}  written to file by thread pool-3-thread-1
 message  {Id=71dd4943-419c-484b-87a5-4f66939c599b,FirstNumber=331,secondNumber=1665}  added by thread pool-3-thread-6
 message  {Id=7e8b93ec-2a83-4a0e-b262-ff7fc6fcadf2,FirstNumber=918,secondNumber=1215}  written to file by thread pool-3-thread-1
 message  {Id=ad73b96d-c87c-4bce-9632-f88a938a1347,FirstNumber=276,secondNumber=1131}  added by thread pool-3-thread-6
 message  {Id=b5c687bb-9f91-4c95-bcd5-52d3bcb7e3f3,FirstNumber=718,secondNumber=641}  written to file by thread pool-3-thread-1
 message  {Id=c8567056-85ae-4253-9d50-cb713a5c89fb,FirstNumber=869,secondNumber=108}  added by thread pool-3-thread-6
 message  {Id=093253ba-8c02-4141-93c6-60ff4ad5f67e,FirstNumber=935,secondNumber=881}  written to file by thread pool-3-thread-1
 message  {Id=7a5e0e44-d130-47ea-96d5-bfa886b7a4cb,FirstNumber=680,secondNumber=1556}  added by thread pool-3-thread-6
 message  {Id=a05bbb89-d8ec-4a35-b435-6a02253eeed4,FirstNumber=813,secondNumber=1869}  written to file by thread pool-3-thread-1
 message  {Id=cfc6af45-1f15-479e-b8d8-c3f4cbbf3821,FirstNumber=673,secondNumber=1373}  added by thread pool-3-thread-6
 message  {Id=86daa272-ad74-4812-9412-d6b1816e1ee4,FirstNumber=57,secondNumber=1906}  written to file by thread pool-3-thread-1
 message  {Id=0c437084-cf1b-468a-a257-4b55f99c3e02,FirstNumber=779,secondNumber=1047}  added by thread pool-3-thread-6
 message  {Id=517de27c-c47c-4a19-a0d6-dde79735b5ba,FirstNumber=809,secondNumber=1398}  written to file by thread pool-3-thread-1
 message  {Id=c9f7160c-025b-4f60-b248-f73af81fc43f,FirstNumber=325,secondNumber=1963}  added by thread pool-3-thread-6
 message  {Id=75e39075-2a08-4dc8-b2bc-89d8b701d6a7,FirstNumber=162,secondNumber=443}  written to file by thread pool-3-thread-1
 message  {Id=8ac610ed-9793-4426-b9df-6c8977912fd9,FirstNumber=765,secondNumber=290}  added by thread pool-3-thread-6
 message  {Id=0926b77b-c63e-4685-8278-4a08a7d5b098,FirstNumber=988,secondNumber=1392}  written to file by thread pool-3-thread-1
 message  {Id=2224b7b0-9129-44e2-8c2b-0caa3f084e23,FirstNumber=562,secondNumber=1978}  added by thread pool-3-thread-6
 message  {Id=496f939a-532f-4a9b-b563-26efd197fdd2,FirstNumber=284,secondNumber=1659}  written to file by thread pool-3-thread-1
 message  {Id=24a3c796-4216-4cb6-abf9-6b3e7811160c,FirstNumber=927,secondNumber=30}  added by thread pool-3-thread-6
 message  {Id=3a60e896-b9f7-4045-b0ca-754b18e2913e,FirstNumber=959,secondNumber=1451}  written to file by thread pool-3-thread-1
 message  {Id=6b868e8d-7999-475d-8445-3571c6617abd,FirstNumber=790,secondNumber=832}  added by thread pool-3-thread-6
 message  {Id=e989a3d7-a828-4cbd-8216-e59eb7a72d0a,FirstNumber=363,secondNumber=494}  written to file by thread pool-3-thread-1
 message  {Id=960e9360-461a-47b9-9346-ae04de982a6c,FirstNumber=780,secondNumber=1169}  added by thread pool-3-thread-6
 message  {Id=ac86845d-f4d5-42c5-8415-4e02f28c14bf,FirstNumber=476,secondNumber=1439}  written to file by thread pool-3-thread-1
 message  {Id=228180b4-f464-46ef-8305-1c1f9a07773a,FirstNumber=364,secondNumber=1159}  added by thread pool-3-thread-6
 message  {Id=aa775be6-5068-407f-83db-e0d79c82963d,FirstNumber=577,secondNumber=1280}  written to file by thread pool-3-thread-1
 message  {Id=9f31de75-4977-4464-849d-195257f55971,FirstNumber=820,secondNumber=1419}  added by thread pool-3-thread-6
 message  {Id=8db090f9-ae72-48f7-ac2d-a77b9063c494,FirstNumber=752,secondNumber=347}  written to file by thread pool-3-thread-1
 message  {Id=4beba75e-4b2f-453c-a43b-938ee8a2daca,FirstNumber=905,secondNumber=854}  added by thread pool-3-thread-6
 message  {Id=b93921d4-63b9-4406-8440-18d0dfb7a4d1,FirstNumber=284,secondNumber=1560}  written to file by thread pool-3-thread-1
 message  {Id=5d9a79b3-a667-4a34-9de3-ea77ae3d2838,FirstNumber=45,secondNumber=1346}  added by thread pool-3-thread-6
 message  {Id=4f2b291e-14bd-4f49-884c-57d531d773f7,FirstNumber=466,secondNumber=1225}  written to file by thread pool-3-thread-1
 message  {Id=1c1085f7-7736-43c4-98ce-2c58814f86e3,FirstNumber=779,secondNumber=1821}  added by thread pool-3-thread-6
 message  {Id=8a830608-a095-4230-926e-5a4dc17dd16e,FirstNumber=495,secondNumber=1217}  written to file by thread pool-3-thread-1
 message  {Id=d68862ec-048c-439d-9a59-173b599c34a8,FirstNumber=442,secondNumber=1395}  added by thread pool-3-thread-6
 message  {Id=91794b4c-8b9b-473e-bd32-3e6fa8faa4c6,FirstNumber=526,secondNumber=1493}  written to file by thread pool-3-thread-1
 message  {Id=3e23df0d-ead0-4d69-ac29-a040f722dfba,FirstNumber=809,secondNumber=1989}  added by thread pool-3-thread-6
 message  {Id=1a45f265-3a9d-49c6-bc94-22b908bdbe27,FirstNumber=886,secondNumber=1301}  written to file by thread pool-3-thread-1
 message  {Id=f5427479-519c-4350-8fbb-1197c69855be,FirstNumber=818,secondNumber=1259}  added by thread pool-3-thread-6
 message  {Id=5134ae4c-0dde-4d17-ab14-dff2a8284701,FirstNumber=301,secondNumber=1923}  written to file by thread pool-3-thread-1
 message  {Id=c6524102-8506-4bc5-bdba-9067fff2618b,FirstNumber=962,secondNumber=1201}  added by thread pool-3-thread-6
 message  {Id=7b4cc3b6-9d97-4b72-8f42-b71d573ed247,FirstNumber=788,secondNumber=781}  written to file by thread pool-3-thread-1
 message  {Id=2ac2e2b7-3543-45d9-91d5-bd4b384b1686,FirstNumber=763,secondNumber=1711}  added by thread pool-3-thread-6
 message  {Id=a541ee35-6324-43a8-b604-b35ea8e7aaba,FirstNumber=462,secondNumber=1346}  written to file by thread pool-3-thread-1
 message  {Id=8d169f47-1934-47d7-be94-14c5a3814365,FirstNumber=800,secondNumber=1549}  added by thread pool-3-thread-6
 message  {Id=17122dbb-2958-4e00-b5a0-b570c1a22e74,FirstNumber=757,secondNumber=701}  written to file by thread pool-3-thread-1
 message  {Id=1d898ea5-bbf3-4334-821e-7e51204dec60,FirstNumber=754,secondNumber=1530}  added by thread pool-3-thread-6
 message  {Id=bad62e1a-de9b-4b4a-8dbb-9dd9e2f025d9,FirstNumber=698,secondNumber=1038}  written to file by thread pool-3-thread-1
 message  {Id=92d1308a-729a-4671-a8ab-b808c4f90462,FirstNumber=636,secondNumber=756}  added by thread pool-3-thread-6
 message  {Id=b97dfee6-6d09-4541-9f6b-07591d18e404,FirstNumber=507,secondNumber=760}  written to file by thread pool-3-thread-1
 message  {Id=ce219dea-756f-4dd0-aded-790a393fa359,FirstNumber=86,secondNumber=352}  added by thread pool-3-thread-6
 message  {Id=1f503bfd-0ea3-47d4-9c26-e3db24d42b10,FirstNumber=446,secondNumber=636}  written to file by thread pool-3-thread-1
 message  {Id=d5e0921b-816b-47ea-9886-3d9108c7b31f,FirstNumber=85,secondNumber=380}  added by thread pool-3-thread-6
 message  {Id=3042f752-1d37-4bd4-b3bf-168c511a12d4,FirstNumber=112,secondNumber=1967}  written to file by thread pool-3-thread-1
 message  {Id=4261927e-f929-4c4e-a066-d64567e3bee5,FirstNumber=413,secondNumber=1989}  added by thread pool-3-thread-6
 message  {Id=4a6abd05-0640-410e-a15e-492219879ebb,FirstNumber=308,secondNumber=829}  written to file by thread pool-3-thread-1
 message  {Id=6191d9ba-5682-4313-b75f-030223fe1aee,FirstNumber=909,secondNumber=751}  added by thread pool-3-thread-6
 message  {Id=7c9f4615-205f-4c22-8689-7fcfe0a929fe,FirstNumber=220,secondNumber=11}  written to file by thread pool-3-thread-1
 message  {Id=85294453-6808-46c5-b889-56bfcb21f324,FirstNumber=246,secondNumber=364}  added by thread pool-3-thread-6
 message  {Id=e331df5d-b9ba-488e-99ca-8ea35dc43ed4,FirstNumber=397,secondNumber=378}  written to file by thread pool-3-thread-1
 message  {Id=f4996a3d-f079-4cbd-841a-d8efe7855f3c,FirstNumber=74,secondNumber=1499}  added by thread pool-3-thread-6
 message  {Id=e88db5dd-3673-4857-8e49-25264929a808,FirstNumber=302,secondNumber=649}  written to file by thread pool-3-thread-1
 message  {Id=9d2986a8-f452-4f80-b3e4-b2bffb583393,FirstNumber=774,secondNumber=215}  added by thread pool-3-thread-6
 message  {Id=8d57488c-2f51-43dc-bb97-7a6e1e9aea23,FirstNumber=348,secondNumber=381}  written to file by thread pool-3-thread-1
 message  {Id=ba525429-b0b3-4853-b5c5-fe7782339aba,FirstNumber=723,secondNumber=1144}  added by thread pool-3-thread-6
 message  {Id=037e5081-9273-4944-a7eb-a582b8fa3d53,FirstNumber=717,secondNumber=468}  written to file by thread pool-3-thread-1
 message  {Id=8661f733-d0a9-4075-9194-2a6e792417a8,FirstNumber=885,secondNumber=647}  added by thread pool-3-thread-6
 message  {Id=46237fb4-f067-4188-8981-3499a330e2de,FirstNumber=180,secondNumber=610}  written to file by thread pool-3-thread-1
 message  {Id=ec20fbb5-5b8c-4903-96e2-b810b977f2fc,FirstNumber=114,secondNumber=1429}  added by thread pool-3-thread-6
 message  {Id=4ca47235-a7a0-4564-abc9-2ad6fb32dc0b,FirstNumber=581,secondNumber=1727}  written to file by thread pool-3-thread-1
 message  {Id=0c247856-0453-4170-a1eb-92239e965607,FirstNumber=563,secondNumber=529}  added by thread pool-3-thread-6
 message  {Id=599d0eaf-d61c-4129-8359-d84214bea0dc,FirstNumber=575,secondNumber=1009}  written to file by thread pool-3-thread-1
 message  {Id=a384e413-2db9-4ca2-b817-ac8df0d69257,FirstNumber=216,secondNumber=1242}  added by thread pool-3-thread-6
 message  {Id=0e321e0a-58bc-433b-866b-f5becff76aec,FirstNumber=536,secondNumber=392}  written to file by thread pool-3-thread-1
 message  {Id=14db3b5b-84f6-4ba9-bd8d-a09f7c22cada,FirstNumber=716,secondNumber=1697}  added by thread pool-3-thread-6
 message  {Id=fcc25f1e-dd5b-4599-92c0-1266428e9cdf,FirstNumber=701,secondNumber=1872}  written to file by thread pool-3-thread-1
 message  {Id=a11ad4ab-0b5f-4e3a-8842-e9ffb28af457,FirstNumber=28,secondNumber=1504}  added by thread pool-3-thread-6
 message  {Id=03936fc2-3a95-4995-9533-ff48f79d06b1,FirstNumber=939,secondNumber=1601}  written to file by thread pool-3-thread-1
 message  {Id=6dcf4df4-792f-4697-beed-f97bd6f2255d,FirstNumber=197,secondNumber=1282}  added by thread pool-3-thread-6
 message  {Id=6d84a4a9-46d0-403b-8257-bac61e56e8ae,FirstNumber=212,secondNumber=361}  written to file by thread pool-3-thread-1
 message  {Id=6e3db0ef-6706-464c-a8f1-7ddfb6c370b0,FirstNumber=615,secondNumber=1885}  added by thread pool-3-thread-6
 message  {Id=620f72bb-b31c-446a-b89d-f8e0987cf0cf,FirstNumber=412,secondNumber=204}  written to file by thread pool-3-thread-1
 message  {Id=05d6c644-0f19-49cc-a5be-8989085ef80a,FirstNumber=113,secondNumber=715}  added by thread pool-3-thread-6
 message  {Id=c6ecf627-43a4-42e3-abd1-ad46c4a468a3,FirstNumber=478,secondNumber=1848}  written to file by thread pool-3-thread-1
 message  {Id=4451e5f8-4d52-424c-8239-c61558846acd,FirstNumber=736,secondNumber=765}  added by thread pool-3-thread-6
 message  {Id=5cf37fd8-156e-48b9-949b-21560c7d1243,FirstNumber=417,secondNumber=1247}  written to file by thread pool-3-thread-1
 message  {Id=01a5f878-5ee0-4d5e-ab2c-f298d0a517ae,FirstNumber=521,secondNumber=462}  added by thread pool-3-thread-6
 message  {Id=d5b4bcd9-6c9e-42be-b225-c1554602526c,FirstNumber=780,secondNumber=804}  written to file by thread pool-3-thread-1
 message  {Id=1bea338e-4fee-400f-b58e-eb615dfe9a46,FirstNumber=748,secondNumber=12}  added by thread pool-3-thread-6
 message  {Id=8fa76280-347a-43c0-a1cb-0f4e88f99486,FirstNumber=203,secondNumber=180}  written to file by thread pool-3-thread-1
 message  {Id=7fdf8353-15fe-4a8f-800e-83327a806282,FirstNumber=552,secondNumber=316}  added by thread pool-3-thread-6
 message  {Id=de2cc752-5aab-4640-a5e8-1b118ed8225a,FirstNumber=909,secondNumber=850}  written to file by thread pool-3-thread-1
 message  {Id=59297613-44cc-4830-8f2c-5ac445786e67,FirstNumber=276,secondNumber=1572}  added by thread pool-3-thread-6
 message  {Id=018a1bad-9580-43f0-84c8-98ba45090808,FirstNumber=630,secondNumber=104}  written to file by thread pool-3-thread-1
 message  {Id=24c0b507-4c3a-4529-b446-a27d40f0a69c,FirstNumber=640,secondNumber=1126}  added by thread pool-3-thread-6
 message  {Id=654d4d60-10ae-4ec1-86e5-6e25c3b55766,FirstNumber=977,secondNumber=1360}  written to file by thread pool-3-thread-1
 message  {Id=ae0e7022-4b29-4858-a34b-c66dcd8e58c2,FirstNumber=346,secondNumber=1116}  added by thread pool-3-thread-6
 message  {Id=a9392337-2045-4915-9fcc-ce103e2c845e,FirstNumber=749,secondNumber=1536}  written to file by thread pool-3-thread-1
 message  {Id=51635380-a216-4989-ac72-4a2798289880,FirstNumber=450,secondNumber=603}  added by thread pool-3-thread-6
 message  {Id=62dfcd64-c298-4d40-81fd-0edcd77d5c7e,FirstNumber=874,secondNumber=263}  written to file by thread pool-3-thread-1
 message  {Id=9a2e46fb-b9b6-4fd1-9515-231a22113f32,FirstNumber=976,secondNumber=696}  added by thread pool-3-thread-6
 message  {Id=71dd4943-419c-484b-87a5-4f66939c599b,FirstNumber=331,secondNumber=1665}  written to file by thread pool-3-thread-1
 message  {Id=f43285d7-3717-4e0f-8a3d-b08990dace02,FirstNumber=188,secondNumber=1598}  added by thread pool-3-thread-6
 message  {Id=ad73b96d-c87c-4bce-9632-f88a938a1347,FirstNumber=276,secondNumber=1131}  written to file by thread pool-3-thread-1
 message  {Id=1fc7acf4-8f68-4f18-b507-8d462cb35817,FirstNumber=700,secondNumber=1941}  added by thread pool-3-thread-6
 message  {Id=c8567056-85ae-4253-9d50-cb713a5c89fb,FirstNumber=869,secondNumber=108}  written to file by thread pool-3-thread-1
 message  {Id=38ab6f52-7cd1-42ca-9538-a0b28b34e588,FirstNumber=981,secondNumber=246}  added by thread pool-3-thread-6
 message  {Id=7a5e0e44-d130-47ea-96d5-bfa886b7a4cb,FirstNumber=680,secondNumber=1556}  written to file by thread pool-3-thread-1
 message  {Id=544d32fb-94d2-4c18-a23f-7023f2fd16c4,FirstNumber=374,secondNumber=221}  added by thread pool-3-thread-6
 message  {Id=cfc6af45-1f15-479e-b8d8-c3f4cbbf3821,FirstNumber=673,secondNumber=1373}  written to file by thread pool-3-thread-1
 message  {Id=ab8df110-cd70-4788-b4f1-aef8ddeb7ac4,FirstNumber=866,secondNumber=907}  added by thread pool-3-thread-6
 message  {Id=0c437084-cf1b-468a-a257-4b55f99c3e02,FirstNumber=779,secondNumber=1047}  written to file by thread pool-3-thread-1
 message  {Id=900ba58c-1d0f-4c49-a5d5-b6dea924bcd3,FirstNumber=858,secondNumber=1241}  added by thread pool-3-thread-6
 message  {Id=c9f7160c-025b-4f60-b248-f73af81fc43f,FirstNumber=325,secondNumber=1963}  written to file by thread pool-3-thread-1
 message  {Id=9ef40e7f-1deb-452b-82ab-36b0207506cc,FirstNumber=593,secondNumber=1597}  added by thread pool-3-thread-6
 message  {Id=8ac610ed-9793-4426-b9df-6c8977912fd9,FirstNumber=765,secondNumber=290}  written to file by thread pool-3-thread-1
 message  {Id=4d34dd35-0e39-4f0b-afde-67e903f533b6,FirstNumber=581,secondNumber=1830}  added by thread pool-3-thread-6
 message  {Id=2224b7b0-9129-44e2-8c2b-0caa3f084e23,FirstNumber=562,secondNumber=1978}  written to file by thread pool-3-thread-1
 message  {Id=0cb2cfbe-27c6-4346-90cc-8610e9685350,FirstNumber=465,secondNumber=628}  added by thread pool-3-thread-6
 message  {Id=24a3c796-4216-4cb6-abf9-6b3e7811160c,FirstNumber=927,secondNumber=30}  written to file by thread pool-3-thread-1
 message  {Id=95f631fd-d0db-438f-8166-9f64180bb778,FirstNumber=951,secondNumber=1966}  added by thread pool-3-thread-6
 message  {Id=6b868e8d-7999-475d-8445-3571c6617abd,FirstNumber=790,secondNumber=832}  written to file by thread pool-3-thread-1
 message  {Id=23844323-8960-4f6a-b2af-ac49d893abdd,FirstNumber=520,secondNumber=27}  added by thread pool-3-thread-6
 message  {Id=960e9360-461a-47b9-9346-ae04de982a6c,FirstNumber=780,secondNumber=1169}  written to file by thread pool-3-thread-1
 message  {Id=70aa8653-d049-4d6c-a1f1-08a8b69ee207,FirstNumber=55,secondNumber=1670}  added by thread pool-3-thread-6
 message  {Id=228180b4-f464-46ef-8305-1c1f9a07773a,FirstNumber=364,secondNumber=1159}  written to file by thread pool-3-thread-1
 message  {Id=7a8058e2-61b9-4141-a3dc-ebecadc664ea,FirstNumber=206,secondNumber=1282}  added by thread pool-3-thread-6
 message  {Id=9f31de75-4977-4464-849d-195257f55971,FirstNumber=820,secondNumber=1419}  written to file by thread pool-3-thread-1
 message  {Id=bd91b1e4-f220-4d14-be4e-f73ec93366d3,FirstNumber=715,secondNumber=1110}  added by thread pool-3-thread-6
 message  {Id=4beba75e-4b2f-453c-a43b-938ee8a2daca,FirstNumber=905,secondNumber=854}  written to file by thread pool-3-thread-1
 message  {Id=ccfdf4b9-6088-4c5c-b31f-fe3ec66455ef,FirstNumber=829,secondNumber=938}  added by thread pool-3-thread-6
 message  {Id=5d9a79b3-a667-4a34-9de3-ea77ae3d2838,FirstNumber=45,secondNumber=1346}  written to file by thread pool-3-thread-1
 message  {Id=a8f5aa5a-7d85-4f04-b9ae-1b087e55808c,FirstNumber=683,secondNumber=228}  added by thread pool-3-thread-6
 message  {Id=1c1085f7-7736-43c4-98ce-2c58814f86e3,FirstNumber=779,secondNumber=1821}  written to file by thread pool-3-thread-1
 message  {Id=a2695b33-9522-46b0-b9f6-65ead7239b02,FirstNumber=969,secondNumber=759}  added by thread pool-3-thread-6
 message  {Id=d68862ec-048c-439d-9a59-173b599c34a8,FirstNumber=442,secondNumber=1395}  written to file by thread pool-3-thread-1
 message  {Id=81956f0f-8807-4f96-945c-d480bcf88349,FirstNumber=685,secondNumber=1947}  added by thread pool-3-thread-6
 message  {Id=3e23df0d-ead0-4d69-ac29-a040f722dfba,FirstNumber=809,secondNumber=1989}  written to file by thread pool-3-thread-1
 message  {Id=d9770061-09e0-4343-8982-3f71207b16e1,FirstNumber=415,secondNumber=297}  added by thread pool-3-thread-6
 message  {Id=f5427479-519c-4350-8fbb-1197c69855be,FirstNumber=818,secondNumber=1259}  written to file by thread pool-3-thread-1
 message  {Id=93ba4c00-c859-4f2f-adad-a1cd3a62ac48,FirstNumber=306,secondNumber=115}  added by thread pool-3-thread-6
 message  {Id=c6524102-8506-4bc5-bdba-9067fff2618b,FirstNumber=962,secondNumber=1201}  written to file by thread pool-3-thread-1
 message  {Id=be6a7463-20e8-4676-a6b2-47456ec7fa29,FirstNumber=267,secondNumber=1965}  added by thread pool-3-thread-6
 message  {Id=2ac2e2b7-3543-45d9-91d5-bd4b384b1686,FirstNumber=763,secondNumber=1711}  written to file by thread pool-3-thread-1
 message  {Id=f8ef6f8d-bffc-43d6-b3de-47acf900a2c6,FirstNumber=743,secondNumber=1354}  added by thread pool-3-thread-6
 message  {Id=8d169f47-1934-47d7-be94-14c5a3814365,FirstNumber=800,secondNumber=1549}  written to file by thread pool-3-thread-1
 message  {Id=ca9d4a16-6c1a-4d58-8baf-d926fe717f83,FirstNumber=460,secondNumber=151}  added by thread pool-3-thread-6
 message  {Id=1d898ea5-bbf3-4334-821e-7e51204dec60,FirstNumber=754,secondNumber=1530}  written to file by thread pool-3-thread-1
 message  {Id=6149159a-bd7f-47ab-9f8e-3d59d148a8dd,FirstNumber=123,secondNumber=273}  added by thread pool-3-thread-6
 message  {Id=92d1308a-729a-4671-a8ab-b808c4f90462,FirstNumber=636,secondNumber=756}  written to file by thread pool-3-thread-1
 message  {Id=40373338-ca13-4c79-be33-ef457c6ef7b5,FirstNumber=268,secondNumber=140}  added by thread pool-3-thread-6
 message  {Id=ce219dea-756f-4dd0-aded-790a393fa359,FirstNumber=86,secondNumber=352}  written to file by thread pool-3-thread-1
 message  {Id=a6c86a0f-6417-4c7f-8460-df94f7a3eb27,FirstNumber=717,secondNumber=1269}  added by thread pool-3-thread-6
 message  {Id=d5e0921b-816b-47ea-9886-3d9108c7b31f,FirstNumber=85,secondNumber=380}  written to file by thread pool-3-thread-1
 message  {Id=20348250-7abd-4b7d-bd7a-d885a948dff8,FirstNumber=95,secondNumber=1841}  added by thread pool-3-thread-6
 message  {Id=4261927e-f929-4c4e-a066-d64567e3bee5,FirstNumber=413,secondNumber=1989}  written to file by thread pool-3-thread-1
 message  {Id=68d9b20a-2517-48bf-9a10-46d152674c25,FirstNumber=193,secondNumber=223}  added by thread pool-3-thread-6
 message  {Id=6191d9ba-5682-4313-b75f-030223fe1aee,FirstNumber=909,secondNumber=751}  written to file by thread pool-3-thread-1
 message  {Id=a99e1273-b04a-497c-accf-ac0364474ae6,FirstNumber=101,secondNumber=1538}  added by thread pool-3-thread-6
 message  {Id=85294453-6808-46c5-b889-56bfcb21f324,FirstNumber=246,secondNumber=364}  written to file by thread pool-3-thread-1
 message  {Id=f0d70543-71cb-42fc-8fcb-735648e0627d,FirstNumber=195,secondNumber=283}  added by thread pool-3-thread-6
 message  {Id=f4996a3d-f079-4cbd-841a-d8efe7855f3c,FirstNumber=74,secondNumber=1499}  written to file by thread pool-3-thread-1
 message  {Id=50c599c4-054c-44de-b636-60a35c1f40e2,FirstNumber=956,secondNumber=1195}  added by thread pool-3-thread-6
 message  {Id=9d2986a8-f452-4f80-b3e4-b2bffb583393,FirstNumber=774,secondNumber=215}  written to file by thread pool-3-thread-1
 message  {Id=a058ebb2-89bd-47c5-820a-dfdff296a9e4,FirstNumber=645,secondNumber=712}  added by thread pool-3-thread-6
 message  {Id=ba525429-b0b3-4853-b5c5-fe7782339aba,FirstNumber=723,secondNumber=1144}  written to file by thread pool-3-thread-1
 message  {Id=21b2122f-6e66-4469-9cfe-1344fa7e3c28,FirstNumber=770,secondNumber=916}  added by thread pool-3-thread-6
 message  {Id=8661f733-d0a9-4075-9194-2a6e792417a8,FirstNumber=885,secondNumber=647}  written to file by thread pool-3-thread-1
 message  {Id=8ea16321-f391-48e7-a299-753e4aebccc9,FirstNumber=471,secondNumber=166}  added by thread pool-3-thread-6
 message  {Id=ec20fbb5-5b8c-4903-96e2-b810b977f2fc,FirstNumber=114,secondNumber=1429}  written to file by thread pool-3-thread-1
 message  {Id=3f7fbc77-5e85-4f44-a569-c54462d18acb,FirstNumber=207,secondNumber=376}  added by thread pool-3-thread-6
 message  {Id=0c247856-0453-4170-a1eb-92239e965607,FirstNumber=563,secondNumber=529}  written to file by thread pool-3-thread-1
 message  {Id=8de38f10-040e-4584-b93f-9c809d4c86a3,FirstNumber=921,secondNumber=895}  added by thread pool-3-thread-6
 message  {Id=a384e413-2db9-4ca2-b817-ac8df0d69257,FirstNumber=216,secondNumber=1242}  written to file by thread pool-3-thread-1
 message  {Id=2068087e-e5d4-42c1-832c-65fd036bc097,FirstNumber=890,secondNumber=1914}  added by thread pool-3-thread-6
 message  {Id=14db3b5b-84f6-4ba9-bd8d-a09f7c22cada,FirstNumber=716,secondNumber=1697}  written to file by thread pool-3-thread-1
 message  {Id=a0f0bfff-cbc7-4ac0-b235-3b072498344a,FirstNumber=724,secondNumber=1737}  added by thread pool-3-thread-6
 message  {Id=a11ad4ab-0b5f-4e3a-8842-e9ffb28af457,FirstNumber=28,secondNumber=1504}  written to file by thread pool-3-thread-1
 message  {Id=874aa3a6-ad53-403c-bbcd-1db7dba36564,FirstNumber=524,secondNumber=1414}  added by thread pool-3-thread-6
 message  {Id=6dcf4df4-792f-4697-beed-f97bd6f2255d,FirstNumber=197,secondNumber=1282}  written to file by thread pool-3-thread-1
 message  {Id=fd85f99b-6527-4144-9e04-cbf904463db6,FirstNumber=719,secondNumber=185}  added by thread pool-3-thread-6
 message  {Id=6e3db0ef-6706-464c-a8f1-7ddfb6c370b0,FirstNumber=615,secondNumber=1885}  written to file by thread pool-3-thread-1
 message  {Id=4fd3014d-99b4-4c4e-b5d0-c26bd41fd179,FirstNumber=32,secondNumber=811}  added by thread pool-3-thread-6
 message  {Id=05d6c644-0f19-49cc-a5be-8989085ef80a,FirstNumber=113,secondNumber=715}  written to file by thread pool-3-thread-1
 message  {Id=4179308d-247d-4af9-8511-b884208c7f7d,FirstNumber=500,secondNumber=1207}  added by thread pool-3-thread-6
 message  {Id=4451e5f8-4d52-424c-8239-c61558846acd,FirstNumber=736,secondNumber=765}  written to file by thread pool-3-thread-1
 message  {Id=4a32b1dc-6a80-4b5b-af4e-59b0a651b86f,FirstNumber=715,secondNumber=772}  added by thread pool-3-thread-6
 message  {Id=01a5f878-5ee0-4d5e-ab2c-f298d0a517ae,FirstNumber=521,secondNumber=462}  written to file by thread pool-3-thread-1
 message  {Id=8633489c-f2b6-4c5b-b88e-23c108b35fd1,FirstNumber=663,secondNumber=641}  added by thread pool-3-thread-6
 message  {Id=1bea338e-4fee-400f-b58e-eb615dfe9a46,FirstNumber=748,secondNumber=12}  written to file by thread pool-3-thread-1
 message  {Id=28cc6d42-c90c-4e4b-8474-90dafeb191e4,FirstNumber=539,secondNumber=1160}  added by thread pool-3-thread-6
 message  {Id=7fdf8353-15fe-4a8f-800e-83327a806282,FirstNumber=552,secondNumber=316}  written to file by thread pool-3-thread-1
 message  {Id=234a81e6-6722-4e6d-bdd0-4c2b093c9c5b,FirstNumber=576,secondNumber=1117}  added by thread pool-3-thread-6
 message  {Id=59297613-44cc-4830-8f2c-5ac445786e67,FirstNumber=276,secondNumber=1572}  written to file by thread pool-3-thread-1
 message  {Id=e63c3f12-d7a0-4bf0-9c69-c352ad2e276a,FirstNumber=327,secondNumber=1615}  added by thread pool-3-thread-6
 message  {Id=24c0b507-4c3a-4529-b446-a27d40f0a69c,FirstNumber=640,secondNumber=1126}  written to file by thread pool-3-thread-1
 message  {Id=ea44ae0d-965c-4f05-aa32-e12351f225b5,FirstNumber=353,secondNumber=1000}  added by thread pool-3-thread-6
 message  {Id=ae0e7022-4b29-4858-a34b-c66dcd8e58c2,FirstNumber=346,secondNumber=1116}  written to file by thread pool-3-thread-1
 message  {Id=1115275e-5548-4f12-8dbc-b5569b007a01,FirstNumber=774,secondNumber=764}  added by thread pool-3-thread-6
 message  {Id=51635380-a216-4989-ac72-4a2798289880,FirstNumber=450,secondNumber=603}  written to file by thread pool-3-thread-1
 message  {Id=558f6168-e348-47ee-a855-9833cf037b0f,FirstNumber=487,secondNumber=1205}  added by thread pool-3-thread-6
 message  {Id=9a2e46fb-b9b6-4fd1-9515-231a22113f32,FirstNumber=976,secondNumber=696}  written to file by thread pool-3-thread-1
 message  {Id=5155b61f-f751-4d91-8f37-91195b0ff555,FirstNumber=512,secondNumber=48}  added by thread pool-3-thread-6
 message  {Id=f43285d7-3717-4e0f-8a3d-b08990dace02,FirstNumber=188,secondNumber=1598}  written to file by thread pool-3-thread-1
 message  {Id=c06cbe1f-d80e-4449-bca8-b95a29b6ef7b,FirstNumber=261,secondNumber=441}  added by thread pool-3-thread-6
 message  {Id=1fc7acf4-8f68-4f18-b507-8d462cb35817,FirstNumber=700,secondNumber=1941}  written to file by thread pool-3-thread-1
 message  {Id=4fcb342c-9afc-4f4a-a89b-bcd1db9d4503,FirstNumber=542,secondNumber=861}  added by thread pool-3-thread-6
 message  {Id=38ab6f52-7cd1-42ca-9538-a0b28b34e588,FirstNumber=981,secondNumber=246}  written to file by thread pool-3-thread-1
 message  {Id=30203f51-a895-4604-80f6-19bb6880fd60,FirstNumber=119,secondNumber=1556}  added by thread pool-3-thread-6
 message  {Id=544d32fb-94d2-4c18-a23f-7023f2fd16c4,FirstNumber=374,secondNumber=221}  written to file by thread pool-3-thread-1
 message  {Id=5e8d9152-4ae7-4bdd-b2bd-95da64fdc1d6,FirstNumber=254,secondNumber=739}  added by thread pool-3-thread-6
 message  {Id=ab8df110-cd70-4788-b4f1-aef8ddeb7ac4,FirstNumber=866,secondNumber=907}  written to file by thread pool-3-thread-1
 message  {Id=841642a4-ac4d-4314-be69-5575315363f7,FirstNumber=374,secondNumber=1073}  added by thread pool-3-thread-6
 message  {Id=900ba58c-1d0f-4c49-a5d5-b6dea924bcd3,FirstNumber=858,secondNumber=1241}  written to file by thread pool-3-thread-1
 message  {Id=7e033d9f-9a37-4baa-b1f6-43d3f3a5ae29,FirstNumber=912,secondNumber=1052}  added by thread pool-3-thread-6
 message  {Id=9ef40e7f-1deb-452b-82ab-36b0207506cc,FirstNumber=593,secondNumber=1597}  written to file by thread pool-3-thread-1
 message  {Id=14fb6099-4cd9-4b60-99f3-0527884ab9bb,FirstNumber=676,secondNumber=1004}  added by thread pool-3-thread-6
 message  {Id=4d34dd35-0e39-4f0b-afde-67e903f533b6,FirstNumber=581,secondNumber=1830}  written to file by thread pool-3-thread-1
 message  {Id=0e8792de-afac-452c-b095-9161b508303a,FirstNumber=466,secondNumber=1084}  added by thread pool-3-thread-6
 message  {Id=0cb2cfbe-27c6-4346-90cc-8610e9685350,FirstNumber=465,secondNumber=628}  written to file by thread pool-3-thread-1
 message  {Id=3eb5c424-a2ad-4369-a8ca-28505ba54f03,FirstNumber=785,secondNumber=413}  added by thread pool-3-thread-6
 message  {Id=95f631fd-d0db-438f-8166-9f64180bb778,FirstNumber=951,secondNumber=1966}  written to file by thread pool-3-thread-1
 message  {Id=acca5e0a-81f7-49e8-8b3a-831dde03b340,FirstNumber=535,secondNumber=1586}  added by thread pool-3-thread-6
 message  {Id=23844323-8960-4f6a-b2af-ac49d893abdd,FirstNumber=520,secondNumber=27}  written to file by thread pool-3-thread-1
 message  {Id=b3d4b327-06ba-40b0-84ce-d1bb1050b6ef,FirstNumber=542,secondNumber=671}  added by thread pool-3-thread-6
 message  {Id=70aa8653-d049-4d6c-a1f1-08a8b69ee207,FirstNumber=55,secondNumber=1670}  written to file by thread pool-3-thread-1
 message  {Id=af506c89-7b86-4e0d-b090-1ec884a3482f,FirstNumber=909,secondNumber=863}  added by thread pool-3-thread-6
 message  {Id=7a8058e2-61b9-4141-a3dc-ebecadc664ea,FirstNumber=206,secondNumber=1282}  written to file by thread pool-3-thread-1
 message  {Id=39949fd6-09b2-4e58-8e47-70ba824dcdbd,FirstNumber=590,secondNumber=1968}  added by thread pool-3-thread-6
 message  {Id=bd91b1e4-f220-4d14-be4e-f73ec93366d3,FirstNumber=715,secondNumber=1110}  written to file by thread pool-3-thread-1
 message  {Id=136b0c6e-5cab-4f8c-88d4-a21d80470773,FirstNumber=335,secondNumber=687}  added by thread pool-3-thread-6
 message  {Id=ccfdf4b9-6088-4c5c-b31f-fe3ec66455ef,FirstNumber=829,secondNumber=938}  written to file by thread pool-3-thread-1
 message  {Id=6bc37435-64fc-4ef6-a449-1c840d5388a8,FirstNumber=365,secondNumber=1804}  added by thread pool-3-thread-6
 message  {Id=a8f5aa5a-7d85-4f04-b9ae-1b087e55808c,FirstNumber=683,secondNumber=228}  written to file by thread pool-3-thread-1
 message  {Id=cc13e5b3-42bf-457e-9571-d76d4630dffd,FirstNumber=919,secondNumber=763}  added by thread pool-3-thread-6
 message  {Id=a2695b33-9522-46b0-b9f6-65ead7239b02,FirstNumber=969,secondNumber=759}  written to file by thread pool-3-thread-1
 message  {Id=d18a77ea-6e29-4f32-b4d3-8961f6899da6,FirstNumber=89,secondNumber=505}  added by thread pool-3-thread-6
 message  {Id=81956f0f-8807-4f96-945c-d480bcf88349,FirstNumber=685,secondNumber=1947}  written to file by thread pool-3-thread-1
 message  {Id=a3fbe68e-618c-4c33-842e-02cb0a7df0f8,FirstNumber=700,secondNumber=255}  added by thread pool-3-thread-6
 message  {Id=d9770061-09e0-4343-8982-3f71207b16e1,FirstNumber=415,secondNumber=297}  written to file by thread pool-3-thread-1
 message  {Id=a9eade0a-93d7-40d5-a086-44552fb9b456,FirstNumber=668,secondNumber=644}  added by thread pool-3-thread-6
 message  {Id=93ba4c00-c859-4f2f-adad-a1cd3a62ac48,FirstNumber=306,secondNumber=115}  written to file by thread pool-3-thread-1
 message  {Id=93ea5c20-6707-4e8c-9d03-22b7a428d4a0,FirstNumber=320,secondNumber=1974}  added by thread pool-3-thread-6
 message  {Id=be6a7463-20e8-4676-a6b2-47456ec7fa29,FirstNumber=267,secondNumber=1965}  written to file by thread pool-3-thread-1
 message  {Id=256186c0-fb2d-493f-97e7-5092b02da092,FirstNumber=312,secondNumber=1590}  added by thread pool-3-thread-6
 message  {Id=f8ef6f8d-bffc-43d6-b3de-47acf900a2c6,FirstNumber=743,secondNumber=1354}  written to file by thread pool-3-thread-1
 message  {Id=53736177-ff97-40ae-83d0-44638caca324,FirstNumber=753,secondNumber=97}  added by thread pool-3-thread-6
 message  {Id=ca9d4a16-6c1a-4d58-8baf-d926fe717f83,FirstNumber=460,secondNumber=151}  written to file by thread pool-3-thread-1
 message  {Id=d5fdac7b-bf39-4a0f-80e8-4f9ce9d3095c,FirstNumber=714,secondNumber=466}  added by thread pool-3-thread-6
 message  {Id=6149159a-bd7f-47ab-9f8e-3d59d148a8dd,FirstNumber=123,secondNumber=273}  written to file by thread pool-3-thread-1
 message  {Id=1f61db29-88ef-4ed3-8eb4-186209bec9b6,FirstNumber=539,secondNumber=1304}  added by thread pool-3-thread-6
 message  {Id=40373338-ca13-4c79-be33-ef457c6ef7b5,FirstNumber=268,secondNumber=140}  written to file by thread pool-3-thread-1
 message  {Id=ee313ca6-6900-4812-9839-6c60830a8f3e,FirstNumber=208,secondNumber=1627}  added by thread pool-3-thread-6
 message  {Id=a6c86a0f-6417-4c7f-8460-df94f7a3eb27,FirstNumber=717,secondNumber=1269}  written to file by thread pool-3-thread-1
 message  {Id=4c5e751b-ddb8-45e6-a3cf-5e540811c2dd,FirstNumber=862,secondNumber=1880}  added by thread pool-3-thread-6
 message  {Id=20348250-7abd-4b7d-bd7a-d885a948dff8,FirstNumber=95,secondNumber=1841}  written to file by thread pool-3-thread-1
 message  {Id=dcdeaea4-2bba-46f9-b20f-5a047509ca8d,FirstNumber=749,secondNumber=385}  added by thread pool-3-thread-6
 message  {Id=68d9b20a-2517-48bf-9a10-46d152674c25,FirstNumber=193,secondNumber=223}  written to file by thread pool-3-thread-1
 message  {Id=b7d292d2-da2a-4942-9e31-a3d5d5cac5af,FirstNumber=921,secondNumber=815}  added by thread pool-3-thread-6
 message  {Id=a99e1273-b04a-497c-accf-ac0364474ae6,FirstNumber=101,secondNumber=1538}  written to file by thread pool-3-thread-1
 message  {Id=3038dd53-88f9-4a2c-bea5-6af35614079c,FirstNumber=39,secondNumber=568}  added by thread pool-3-thread-6
 message  {Id=f0d70543-71cb-42fc-8fcb-735648e0627d,FirstNumber=195,secondNumber=283}  written to file by thread pool-3-thread-1
 message  {Id=adf81dcd-a43e-4882-a228-d502bd340dc8,FirstNumber=248,secondNumber=1425}  added by thread pool-3-thread-6
 message  {Id=50c599c4-054c-44de-b636-60a35c1f40e2,FirstNumber=956,secondNumber=1195}  written to file by thread pool-3-thread-1
 message  {Id=a0cd92ea-1616-4e6d-b5a8-bc8b76c17696,FirstNumber=267,secondNumber=1803}  added by thread pool-3-thread-6
 message  {Id=a058ebb2-89bd-47c5-820a-dfdff296a9e4,FirstNumber=645,secondNumber=712}  written to file by thread pool-3-thread-1
 message  {Id=74669747-8aeb-4c4e-ad8d-195af91e8c12,FirstNumber=589,secondNumber=46}  added by thread pool-3-thread-6
 message  {Id=21b2122f-6e66-4469-9cfe-1344fa7e3c28,FirstNumber=770,secondNumber=916}  written to file by thread pool-3-thread-1
 message  {Id=05631ab8-ee2d-45f4-bb0c-0b658d37b07f,FirstNumber=476,secondNumber=1315}  added by thread pool-3-thread-6
 message  {Id=8ea16321-f391-48e7-a299-753e4aebccc9,FirstNumber=471,secondNumber=166}  written to file by thread pool-3-thread-1
 message  {Id=34e834a0-a908-4af1-adb4-6a44da69e77f,FirstNumber=725,secondNumber=1301}  added by thread pool-3-thread-6
 message  {Id=3f7fbc77-5e85-4f44-a569-c54462d18acb,FirstNumber=207,secondNumber=376}  written to file by thread pool-3-thread-1
 message  {Id=e41caa7b-0cf9-46ae-ba18-ecfdd6233508,FirstNumber=140,secondNumber=972}  added by thread pool-3-thread-6
 message  {Id=8de38f10-040e-4584-b93f-9c809d4c86a3,FirstNumber=921,secondNumber=895}  written to file by thread pool-3-thread-1
 message  {Id=49866921-99d0-430c-ae51-c43404bcc0ab,FirstNumber=721,secondNumber=546}  added by thread pool-3-thread-6
 message  {Id=2068087e-e5d4-42c1-832c-65fd036bc097,FirstNumber=890,secondNumber=1914}  written to file by thread pool-3-thread-1
 message  {Id=7a1e29c7-3019-408c-aee1-6a62e98db70f,FirstNumber=428,secondNumber=1800}  added by thread pool-3-thread-6
 message  {Id=a0f0bfff-cbc7-4ac0-b235-3b072498344a,FirstNumber=724,secondNumber=1737}  written to file by thread pool-3-thread-1
 message  {Id=5d395e60-1991-4ae4-9876-1948eb055473,FirstNumber=225,secondNumber=1988}  added by thread pool-3-thread-6
 message  {Id=874aa3a6-ad53-403c-bbcd-1db7dba36564,FirstNumber=524,secondNumber=1414}  written to file by thread pool-3-thread-1
 message  {Id=7ed1ef35-dbb4-459e-8653-59b0681e55d0,FirstNumber=620,secondNumber=215}  added by thread pool-3-thread-6
 message  {Id=fd85f99b-6527-4144-9e04-cbf904463db6,FirstNumber=719,secondNumber=185}  written to file by thread pool-3-thread-1
 message  {Id=2818360d-6baa-44b0-9c91-1fd2363517da,FirstNumber=858,secondNumber=543}  added by thread pool-3-thread-6
 message  {Id=4fd3014d-99b4-4c4e-b5d0-c26bd41fd179,FirstNumber=32,secondNumber=811}  written to file by thread pool-3-thread-1
 message  {Id=63086678-5cac-4a88-ae6d-4c84ff2afa99,FirstNumber=326,secondNumber=1058}  added by thread pool-3-thread-6
 message  {Id=4179308d-247d-4af9-8511-b884208c7f7d,FirstNumber=500,secondNumber=1207}  written to file by thread pool-3-thread-1
 message  {Id=54e716f8-1cbf-4add-a835-a1b538285891,FirstNumber=277,secondNumber=1462}  added by thread pool-3-thread-6
 message  {Id=4a32b1dc-6a80-4b5b-af4e-59b0a651b86f,FirstNumber=715,secondNumber=772}  written to file by thread pool-3-thread-1
 message  {Id=2ec184a6-42e7-4d11-98ca-a3a551b3d8f2,FirstNumber=600,secondNumber=175}  added by thread pool-3-thread-6
 message  {Id=8633489c-f2b6-4c5b-b88e-23c108b35fd1,FirstNumber=663,secondNumber=641}  written to file by thread pool-3-thread-1
 message  {Id=0abf603e-edcd-49c6-bf18-718b042203b7,FirstNumber=851,secondNumber=1520}  added by thread pool-3-thread-6
 message  {Id=28cc6d42-c90c-4e4b-8474-90dafeb191e4,FirstNumber=539,secondNumber=1160}  written to file by thread pool-3-thread-1
 message  {Id=f4859228-0074-45b4-8b90-498917ea32ce,FirstNumber=528,secondNumber=1840}  added by thread pool-3-thread-6
 message  {Id=234a81e6-6722-4e6d-bdd0-4c2b093c9c5b,FirstNumber=576,secondNumber=1117}  written to file by thread pool-3-thread-1
 message  {Id=cb61e88d-0e2e-460e-9d6e-da58bf201123,FirstNumber=793,secondNumber=1519}  added by thread pool-3-thread-6
 message  {Id=e63c3f12-d7a0-4bf0-9c69-c352ad2e276a,FirstNumber=327,secondNumber=1615}  written to file by thread pool-3-thread-1
 message  {Id=9cd89eba-80ac-4da2-a971-128b4fe5973c,FirstNumber=553,secondNumber=85}  added by thread pool-3-thread-6
 message  {Id=ea44ae0d-965c-4f05-aa32-e12351f225b5,FirstNumber=353,secondNumber=1000}  written to file by thread pool-3-thread-1
 message  {Id=b735707a-8ee5-40bc-ad02-b33ae3ae3a88,FirstNumber=99,secondNumber=1913}  added by thread pool-3-thread-6
 message  {Id=1115275e-5548-4f12-8dbc-b5569b007a01,FirstNumber=774,secondNumber=764}  written to file by thread pool-3-thread-1
 message  {Id=5d33bb4e-69fe-4b80-9622-98304a7352f1,FirstNumber=464,secondNumber=1379}  added by thread pool-3-thread-6
 message  {Id=558f6168-e348-47ee-a855-9833cf037b0f,FirstNumber=487,secondNumber=1205}  written to file by thread pool-3-thread-1
 message  {Id=868ce9d0-827c-43cf-bca7-a80675d33dea,FirstNumber=261,secondNumber=1633}  added by thread pool-3-thread-6
 message  {Id=5155b61f-f751-4d91-8f37-91195b0ff555,FirstNumber=512,secondNumber=48}  written to file by thread pool-3-thread-1
 message  {Id=a8b56655-1222-4019-84ed-460199554f5d,FirstNumber=492,secondNumber=1388}  added by thread pool-3-thread-6
 message  {Id=c06cbe1f-d80e-4449-bca8-b95a29b6ef7b,FirstNumber=261,secondNumber=441}  written to file by thread pool-3-thread-1
 message  {Id=913b2c4c-e49f-46bd-9bf6-6e081304ef7c,FirstNumber=180,secondNumber=715}  added by thread pool-3-thread-6
 message  {Id=4fcb342c-9afc-4f4a-a89b-bcd1db9d4503,FirstNumber=542,secondNumber=861}  written to file by thread pool-3-thread-1
 message  {Id=d42962ea-833c-475b-9481-fd7de5bbc510,FirstNumber=752,secondNumber=818}  added by thread pool-3-thread-6
 message  {Id=30203f51-a895-4604-80f6-19bb6880fd60,FirstNumber=119,secondNumber=1556}  written to file by thread pool-3-thread-1
 message  {Id=b5f3d0d5-3dd5-4cca-8f98-117ade98e656,FirstNumber=709,secondNumber=549}  added by thread pool-3-thread-6
 message  {Id=5e8d9152-4ae7-4bdd-b2bd-95da64fdc1d6,FirstNumber=254,secondNumber=739}  written to file by thread pool-3-thread-1
 message  {Id=c34dbe82-371d-446f-9faf-befbe737741d,FirstNumber=393,secondNumber=1085}  added by thread pool-3-thread-6
 message  {Id=841642a4-ac4d-4314-be69-5575315363f7,FirstNumber=374,secondNumber=1073}  written to file by thread pool-3-thread-1
 message  {Id=8968e809-731c-4b5c-acfd-ebd1ee9ec4f5,FirstNumber=757,secondNumber=1831}  added by thread pool-3-thread-6
 message  {Id=7e033d9f-9a37-4baa-b1f6-43d3f3a5ae29,FirstNumber=912,secondNumber=1052}  written to file by thread pool-3-thread-1
 message  {Id=3df20a6a-c52b-4152-8043-a4b792cc811f,FirstNumber=604,secondNumber=779}  added by thread pool-3-thread-6
 message  {Id=14fb6099-4cd9-4b60-99f3-0527884ab9bb,FirstNumber=676,secondNumber=1004}  written to file by thread pool-3-thread-1
 message  {Id=03cefbf6-016e-483a-892e-916b4f58254d,FirstNumber=65,secondNumber=1099}  added by thread pool-3-thread-6
 message  {Id=0e8792de-afac-452c-b095-9161b508303a,FirstNumber=466,secondNumber=1084}  written to file by thread pool-3-thread-1
 message  {Id=a0ee475e-1929-4907-a09a-636b085b8214,FirstNumber=380,secondNumber=71}  added by thread pool-3-thread-6
 message  {Id=3eb5c424-a2ad-4369-a8ca-28505ba54f03,FirstNumber=785,secondNumber=413}  written to file by thread pool-3-thread-1
 message  {Id=182f093e-79c9-4c3c-b38f-72c3e9846dfc,FirstNumber=24,secondNumber=485}  added by thread pool-3-thread-6
 message  {Id=acca5e0a-81f7-49e8-8b3a-831dde03b340,FirstNumber=535,secondNumber=1586}  written to file by thread pool-3-thread-1
 message  {Id=c04133f4-8e49-455c-8834-5c619e2810ab,FirstNumber=724,secondNumber=1311}  added by thread pool-3-thread-6
 message  {Id=b3d4b327-06ba-40b0-84ce-d1bb1050b6ef,FirstNumber=542,secondNumber=671}  written to file by thread pool-3-thread-1
 message  {Id=7789d054-796a-4d77-8438-36c19fb45324,FirstNumber=420,secondNumber=1806}  added by thread pool-3-thread-6
 message  {Id=af506c89-7b86-4e0d-b090-1ec884a3482f,FirstNumber=909,secondNumber=863}  written to file by thread pool-3-thread-1
 message  {Id=018b73da-60d9-4975-b4a1-92c6989ec300,FirstNumber=164,secondNumber=1194}  added by thread pool-3-thread-6
 message  {Id=39949fd6-09b2-4e58-8e47-70ba824dcdbd,FirstNumber=590,secondNumber=1968}  written to file by thread pool-3-thread-1
 message  {Id=5a691bb8-707e-493c-836a-9a9d172e5d3d,FirstNumber=988,secondNumber=1384}  added by thread pool-3-thread-6
 message  {Id=136b0c6e-5cab-4f8c-88d4-a21d80470773,FirstNumber=335,secondNumber=687}  written to file by thread pool-3-thread-1
 message  {Id=6f752c48-34b7-4942-be0d-c4462b32105d,FirstNumber=305,secondNumber=1535}  added by thread pool-3-thread-6
 message  {Id=6bc37435-64fc-4ef6-a449-1c840d5388a8,FirstNumber=365,secondNumber=1804}  written to file by thread pool-3-thread-1
 message  {Id=b3e6441a-2644-4279-b6ad-8aa3ae682983,FirstNumber=39,secondNumber=490}  added by thread pool-3-thread-6
 message  {Id=cc13e5b3-42bf-457e-9571-d76d4630dffd,FirstNumber=919,secondNumber=763}  written to file by thread pool-3-thread-1
 message  {Id=66e1e470-d521-4842-880d-6ed7494fdce2,FirstNumber=876,secondNumber=1646}  added by thread pool-3-thread-6
 message  {Id=d18a77ea-6e29-4f32-b4d3-8961f6899da6,FirstNumber=89,secondNumber=505}  written to file by thread pool-3-thread-1
 message  {Id=db7e0ef5-688e-457d-be1f-28cf14de10ff,FirstNumber=611,secondNumber=1458}  added by thread pool-3-thread-6
 message  {Id=a3fbe68e-618c-4c33-842e-02cb0a7df0f8,FirstNumber=700,secondNumber=255}  written to file by thread pool-3-thread-1
 message  {Id=92ba1c62-70fd-41d3-98b6-7aab28117407,FirstNumber=442,secondNumber=691}  added by thread pool-3-thread-6
 message  {Id=a9eade0a-93d7-40d5-a086-44552fb9b456,FirstNumber=668,secondNumber=644}  written to file by thread pool-3-thread-1
 message  {Id=f7a66aa3-ee16-4af3-a874-c259b553d5fc,FirstNumber=639,secondNumber=1318}  added by thread pool-3-thread-6
 message  {Id=93ea5c20-6707-4e8c-9d03-22b7a428d4a0,FirstNumber=320,secondNumber=1974}  written to file by thread pool-3-thread-1
 message  {Id=a5e837dd-ce53-43a9-88fd-89d8f2c7d37d,FirstNumber=599,secondNumber=1715}  added by thread pool-3-thread-6
 message  {Id=256186c0-fb2d-493f-97e7-5092b02da092,FirstNumber=312,secondNumber=1590}  written to file by thread pool-3-thread-1
 message  {Id=7985728d-e9db-4496-907c-549aea272630,FirstNumber=515,secondNumber=1530}  added by thread pool-3-thread-6
 message  {Id=53736177-ff97-40ae-83d0-44638caca324,FirstNumber=753,secondNumber=97}  written to file by thread pool-3-thread-1
 message  {Id=c21f058b-6c2f-49b7-ba52-4c5cd968bbfa,FirstNumber=544,secondNumber=1897}  added by thread pool-3-thread-6
 message  {Id=d5fdac7b-bf39-4a0f-80e8-4f9ce9d3095c,FirstNumber=714,secondNumber=466}  written to file by thread pool-3-thread-1
 message  {Id=40a04be1-7ccc-43bf-b6ea-73e5afef9173,FirstNumber=386,secondNumber=437}  added by thread pool-3-thread-6
 message  {Id=1f61db29-88ef-4ed3-8eb4-186209bec9b6,FirstNumber=539,secondNumber=1304}  written to file by thread pool-3-thread-1
 message  {Id=f275cc39-f9e3-4c69-a4df-f81e66dbaa18,FirstNumber=523,secondNumber=1933}  added by thread pool-3-thread-6
 message  {Id=ee313ca6-6900-4812-9839-6c60830a8f3e,FirstNumber=208,secondNumber=1627}  written to file by thread pool-3-thread-1
 message  {Id=94570bed-b5c5-4ca0-81df-1c842ab94ade,FirstNumber=956,secondNumber=1629}  added by thread pool-3-thread-6
 message  {Id=4c5e751b-ddb8-45e6-a3cf-5e540811c2dd,FirstNumber=862,secondNumber=1880}  written to file by thread pool-3-thread-1
 message  {Id=2fc9d6b2-6f77-41a9-b312-480b7600b3d8,FirstNumber=212,secondNumber=292}  added by thread pool-3-thread-6
 message  {Id=dcdeaea4-2bba-46f9-b20f-5a047509ca8d,FirstNumber=749,secondNumber=385}  written to file by thread pool-3-thread-1
 message  {Id=acfaac0c-e9bc-4edc-8568-a96a2b70bc33,FirstNumber=147,secondNumber=1085}  added by thread pool-3-thread-6
 message  {Id=b7d292d2-da2a-4942-9e31-a3d5d5cac5af,FirstNumber=921,secondNumber=815}  written to file by thread pool-3-thread-1
 message  {Id=ee1fc3f9-3fbf-45f3-9067-1d821c938ded,FirstNumber=903,secondNumber=1740}  added by thread pool-3-thread-6
 message  {Id=3038dd53-88f9-4a2c-bea5-6af35614079c,FirstNumber=39,secondNumber=568}  written to file by thread pool-3-thread-1
 message  {Id=bf6ce8aa-a1c1-4d97-be22-116ebe6c08be,FirstNumber=891,secondNumber=226}  added by thread pool-3-thread-6
 message  {Id=adf81dcd-a43e-4882-a228-d502bd340dc8,FirstNumber=248,secondNumber=1425}  written to file by thread pool-3-thread-1
 message  {Id=14e8b5d3-4964-4331-b583-379e0f533cd9,FirstNumber=615,secondNumber=382}  added by thread pool-3-thread-6
 message  {Id=a0cd92ea-1616-4e6d-b5a8-bc8b76c17696,FirstNumber=267,secondNumber=1803}  written to file by thread pool-3-thread-1
 message  {Id=d0c3b21b-dc91-46ca-8ff5-547adadde016,FirstNumber=929,secondNumber=1789}  added by thread pool-3-thread-6
 message  {Id=74669747-8aeb-4c4e-ad8d-195af91e8c12,FirstNumber=589,secondNumber=46}  written to file by thread pool-3-thread-1
 message  {Id=a540a4da-b23c-492f-9d6e-0fc20a836e74,FirstNumber=828,secondNumber=1927}  added by thread pool-3-thread-6
 message  {Id=05631ab8-ee2d-45f4-bb0c-0b658d37b07f,FirstNumber=476,secondNumber=1315}  written to file by thread pool-3-thread-1
 message  {Id=0d9e3b55-c710-4de5-813b-61a201a59796,FirstNumber=94,secondNumber=707}  added by thread pool-3-thread-6
 message  {Id=34e834a0-a908-4af1-adb4-6a44da69e77f,FirstNumber=725,secondNumber=1301}  written to file by thread pool-3-thread-1
 message  {Id=839c5db9-57f2-4b20-b71f-30d926afacb2,FirstNumber=414,secondNumber=1462}  added by thread pool-3-thread-6
 message  {Id=e41caa7b-0cf9-46ae-ba18-ecfdd6233508,FirstNumber=140,secondNumber=972}  written to file by thread pool-3-thread-1
 message  {Id=4f49a0c5-b0f0-4752-aa1d-d0cc49410739,FirstNumber=173,secondNumber=1237}  added by thread pool-3-thread-6
 message  {Id=49866921-99d0-430c-ae51-c43404bcc0ab,FirstNumber=721,secondNumber=546}  written to file by thread pool-3-thread-1
 message  {Id=e39f95b5-779e-4607-a028-38f69ca5500c,FirstNumber=255,secondNumber=1961}  added by thread pool-3-thread-6
 message  {Id=7a1e29c7-3019-408c-aee1-6a62e98db70f,FirstNumber=428,secondNumber=1800}  written to file by thread pool-3-thread-1
 message  {Id=661b5f89-2d69-4c05-85fb-6e1867b26424,FirstNumber=121,secondNumber=1003}  added by thread pool-3-thread-6
 message  {Id=5d395e60-1991-4ae4-9876-1948eb055473,FirstNumber=225,secondNumber=1988}  written to file by thread pool-3-thread-1
 message  {Id=929e0f95-3455-4daa-be97-10b5f21dc65c,FirstNumber=783,secondNumber=1656}  added by thread pool-3-thread-6
 message  {Id=7ed1ef35-dbb4-459e-8653-59b0681e55d0,FirstNumber=620,secondNumber=215}  written to file by thread pool-3-thread-1
 message  {Id=28fa1f53-925e-44ad-8677-b85a5b448a34,FirstNumber=833,secondNumber=580}  added by thread pool-3-thread-6
 message  {Id=2818360d-6baa-44b0-9c91-1fd2363517da,FirstNumber=858,secondNumber=543}  written to file by thread pool-3-thread-1
 message  {Id=89ab3f52-e266-45f1-9e20-c7d48c111b8c,FirstNumber=8,secondNumber=363}  added by thread pool-3-thread-6
 message  {Id=63086678-5cac-4a88-ae6d-4c84ff2afa99,FirstNumber=326,secondNumber=1058}  written to file by thread pool-3-thread-1
 message  {Id=d0aa549b-7714-47b0-b0db-70a857b1d333,FirstNumber=661,secondNumber=1379}  added by thread pool-3-thread-6
 message  {Id=54e716f8-1cbf-4add-a835-a1b538285891,FirstNumber=277,secondNumber=1462}  written to file by thread pool-3-thread-1
 message  {Id=f184e427-2a5a-4e79-adea-cf7d4b5589b9,FirstNumber=225,secondNumber=855}  added by thread pool-3-thread-6
 message  {Id=2ec184a6-42e7-4d11-98ca-a3a551b3d8f2,FirstNumber=600,secondNumber=175}  written to file by thread pool-3-thread-1
 message  {Id=859fdb86-c256-41b2-bd42-e5bdae2976b6,FirstNumber=457,secondNumber=1650}  added by thread pool-3-thread-6
 message  {Id=0abf603e-edcd-49c6-bf18-718b042203b7,FirstNumber=851,secondNumber=1520}  written to file by thread pool-3-thread-1
 message  {Id=2186add5-3e76-411a-8838-4a08b4d352c4,FirstNumber=11,secondNumber=1336}  added by thread pool-3-thread-6
 message  {Id=f4859228-0074-45b4-8b90-498917ea32ce,FirstNumber=528,secondNumber=1840}  written to file by thread pool-3-thread-1
 message  {Id=5074b7b3-3c8e-4894-bf37-d16475d3f536,FirstNumber=713,secondNumber=1606}  added by thread pool-3-thread-6
 message  {Id=cb61e88d-0e2e-460e-9d6e-da58bf201123,FirstNumber=793,secondNumber=1519}  written to file by thread pool-3-thread-1
 message  {Id=786ac91b-c38f-425a-80fd-0f0f3bcc3c4e,FirstNumber=914,secondNumber=1490}  added by thread pool-3-thread-6
 message  {Id=9cd89eba-80ac-4da2-a971-128b4fe5973c,FirstNumber=553,secondNumber=85}  written to file by thread pool-3-thread-1
 message  {Id=605e9221-9e40-4050-b9a0-4ca518b440a1,FirstNumber=519,secondNumber=1626}  added by thread pool-3-thread-6
 message  {Id=b735707a-8ee5-40bc-ad02-b33ae3ae3a88,FirstNumber=99,secondNumber=1913}  written to file by thread pool-3-thread-1
 message  {Id=57e1acf6-806c-40ac-8958-43d1d06b4b5c,FirstNumber=378,secondNumber=1513}  added by thread pool-3-thread-6
 message  {Id=5d33bb4e-69fe-4b80-9622-98304a7352f1,FirstNumber=464,secondNumber=1379}  written to file by thread pool-3-thread-1
 message  {Id=ac9c8a8d-7c0f-49ab-9c6a-496e99f93784,FirstNumber=508,secondNumber=1825}  added by thread pool-3-thread-6
 message  {Id=868ce9d0-827c-43cf-bca7-a80675d33dea,FirstNumber=261,secondNumber=1633}  written to file by thread pool-3-thread-1
 message  {Id=94d3db71-501e-4e4c-9dd5-f578579df711,FirstNumber=117,secondNumber=1676}  added by thread pool-3-thread-6
 message  {Id=a8b56655-1222-4019-84ed-460199554f5d,FirstNumber=492,secondNumber=1388}  written to file by thread pool-3-thread-1
 message  {Id=0998a690-5697-40b7-9b06-b0d8a005f674,FirstNumber=654,secondNumber=387}  added by thread pool-3-thread-6
 message  {Id=913b2c4c-e49f-46bd-9bf6-6e081304ef7c,FirstNumber=180,secondNumber=715}  written to file by thread pool-3-thread-1
 message  {Id=1f6f59da-d6e0-4ef3-b1e8-e016b68d272c,FirstNumber=669,secondNumber=830}  added by thread pool-3-thread-6
 message  {Id=d42962ea-833c-475b-9481-fd7de5bbc510,FirstNumber=752,secondNumber=818}  written to file by thread pool-3-thread-1
 message  {Id=535565f2-15f0-40b2-b5aa-523e61f62316,FirstNumber=458,secondNumber=1029}  added by thread pool-3-thread-6
 message  {Id=b5f3d0d5-3dd5-4cca-8f98-117ade98e656,FirstNumber=709,secondNumber=549}  written to file by thread pool-3-thread-1
 message  {Id=cc4a1358-45d3-45ff-a03f-85d2571d1a1c,FirstNumber=21,secondNumber=799}  added by thread pool-3-thread-6
 message  {Id=c34dbe82-371d-446f-9faf-befbe737741d,FirstNumber=393,secondNumber=1085}  written to file by thread pool-3-thread-1
 message  {Id=bf993007-23a3-4eff-a1df-9f516de7e3b9,FirstNumber=968,secondNumber=1317}  added by thread pool-3-thread-6
 message  {Id=8968e809-731c-4b5c-acfd-ebd1ee9ec4f5,FirstNumber=757,secondNumber=1831}  written to file by thread pool-3-thread-1
 message  {Id=030ebaf5-79b4-4885-ae81-af1cce045814,FirstNumber=626,secondNumber=1101}  added by thread pool-3-thread-6
 message  {Id=3df20a6a-c52b-4152-8043-a4b792cc811f,FirstNumber=604,secondNumber=779}  written to file by thread pool-3-thread-1
 message  {Id=9f9f3b8d-e929-4c45-82cf-88301919c6b3,FirstNumber=980,secondNumber=1905}  added by thread pool-3-thread-6
 message  {Id=03cefbf6-016e-483a-892e-916b4f58254d,FirstNumber=65,secondNumber=1099}  written to file by thread pool-3-thread-1
 message  {Id=83a25fdd-f087-4dff-9047-db8898c19b67,FirstNumber=754,secondNumber=1522}  added by thread pool-3-thread-6
 message  {Id=a0ee475e-1929-4907-a09a-636b085b8214,FirstNumber=380,secondNumber=71}  written to file by thread pool-3-thread-1
 message  {Id=a8c3ad88-fa4b-487c-a25e-24352215146f,FirstNumber=905,secondNumber=1423}  added by thread pool-3-thread-6
 message  {Id=182f093e-79c9-4c3c-b38f-72c3e9846dfc,FirstNumber=24,secondNumber=485}  written to file by thread pool-3-thread-1
 message  {Id=5b06af53-a835-4a52-8d4b-bcc64103b21e,FirstNumber=78,secondNumber=1152}  added by thread pool-3-thread-6
 message  {Id=c04133f4-8e49-455c-8834-5c619e2810ab,FirstNumber=724,secondNumber=1311}  written to file by thread pool-3-thread-1
 message  {Id=f8bee90f-305e-4a70-b484-956f79b97f92,FirstNumber=76,secondNumber=574}  added by thread pool-3-thread-6
 message  {Id=7789d054-796a-4d77-8438-36c19fb45324,FirstNumber=420,secondNumber=1806}  written to file by thread pool-3-thread-1
 message  {Id=fd9a7972-ca34-4a1e-86a8-be126764a4e3,FirstNumber=90,secondNumber=179}  added by thread pool-3-thread-6
 message  {Id=018b73da-60d9-4975-b4a1-92c6989ec300,FirstNumber=164,secondNumber=1194}  written to file by thread pool-3-thread-1
 message  {Id=781e24cb-9cfe-4281-9cfe-1718f7b9395d,FirstNumber=430,secondNumber=1587}  added by thread pool-3-thread-6
 message  {Id=5a691bb8-707e-493c-836a-9a9d172e5d3d,FirstNumber=988,secondNumber=1384}  written to file by thread pool-3-thread-1
 message  {Id=722efb72-5147-4056-8583-98a66d2389e4,FirstNumber=95,secondNumber=1566}  added by thread pool-3-thread-6
 message  {Id=6f752c48-34b7-4942-be0d-c4462b32105d,FirstNumber=305,secondNumber=1535}  written to file by thread pool-3-thread-1
 message  {Id=a8399a92-957f-4b2a-8121-d3bba87321e5,FirstNumber=965,secondNumber=1145}  added by thread pool-3-thread-6
 message  {Id=b3e6441a-2644-4279-b6ad-8aa3ae682983,FirstNumber=39,secondNumber=490}  written to file by thread pool-3-thread-1
 message  {Id=a4dadcea-8b3f-4535-ae5c-53b91e882aae,FirstNumber=565,secondNumber=289}  added by thread pool-3-thread-6
 message  {Id=66e1e470-d521-4842-880d-6ed7494fdce2,FirstNumber=876,secondNumber=1646}  written to file by thread pool-3-thread-1
 message  {Id=aa6d7632-7496-4092-ab44-e7696c8cc71f,FirstNumber=883,secondNumber=1254}  added by thread pool-3-thread-6
 message  {Id=db7e0ef5-688e-457d-be1f-28cf14de10ff,FirstNumber=611,secondNumber=1458}  written to file by thread pool-3-thread-1
 message  {Id=456a1203-5f6c-484f-a503-ddf133711ad2,FirstNumber=192,secondNumber=548}  added by thread pool-3-thread-6
 message  {Id=92ba1c62-70fd-41d3-98b6-7aab28117407,FirstNumber=442,secondNumber=691}  written to file by thread pool-3-thread-1
 message  {Id=ae643164-8637-4009-9000-7998bbadf674,FirstNumber=917,secondNumber=1906}  added by thread pool-3-thread-6
 message  {Id=f7a66aa3-ee16-4af3-a874-c259b553d5fc,FirstNumber=639,secondNumber=1318}  written to file by thread pool-3-thread-1
 message  {Id=ee31a627-d614-40a2-96b7-2c3afeeea2ba,FirstNumber=946,secondNumber=1983}  added by thread pool-3-thread-6
 message  {Id=a5e837dd-ce53-43a9-88fd-89d8f2c7d37d,FirstNumber=599,secondNumber=1715}  written to file by thread pool-3-thread-1
 message  {Id=f62456cc-cc42-4d78-afe1-72fe7264bedb,FirstNumber=309,secondNumber=1766}  added by thread pool-3-thread-6
 message  {Id=7985728d-e9db-4496-907c-549aea272630,FirstNumber=515,secondNumber=1530}  written to file by thread pool-3-thread-1
 message  {Id=6b13192e-69af-43ef-aba8-7ae8baccb36b,FirstNumber=773,secondNumber=1059}  added by thread pool-3-thread-6
 message  {Id=c21f058b-6c2f-49b7-ba52-4c5cd968bbfa,FirstNumber=544,secondNumber=1897}  written to file by thread pool-3-thread-1
 message  {Id=f5a77f1b-9636-4756-8302-212134b39989,FirstNumber=540,secondNumber=93}  added by thread pool-3-thread-6
 message  {Id=40a04be1-7ccc-43bf-b6ea-73e5afef9173,FirstNumber=386,secondNumber=437}  written to file by thread pool-3-thread-1
 message  {Id=873e7a8b-2d6e-4047-94ac-01305fb3b327,FirstNumber=492,secondNumber=1497}  added by thread pool-3-thread-6
 message  {Id=f275cc39-f9e3-4c69-a4df-f81e66dbaa18,FirstNumber=523,secondNumber=1933}  written to file by thread pool-3-thread-1
 message  {Id=bade0b52-8bb9-4cb8-9095-c9d815fe784f,FirstNumber=406,secondNumber=750}  added by thread pool-3-thread-6
 message  {Id=94570bed-b5c5-4ca0-81df-1c842ab94ade,FirstNumber=956,secondNumber=1629}  written to file by thread pool-3-thread-1
 message  {Id=4dd3d56f-69b7-4e7e-98e6-c1b6069f0a51,FirstNumber=740,secondNumber=72}  added by thread pool-3-thread-6
 message  {Id=2fc9d6b2-6f77-41a9-b312-480b7600b3d8,FirstNumber=212,secondNumber=292}  written to file by thread pool-3-thread-1
 message  {Id=4b94bfbf-a003-49b2-9493-96ff670df32a,FirstNumber=254,secondNumber=214}  added by thread pool-3-thread-6
 message  {Id=acfaac0c-e9bc-4edc-8568-a96a2b70bc33,FirstNumber=147,secondNumber=1085}  written to file by thread pool-3-thread-1
 message  {Id=8cd9ee8b-34de-4ef2-8e05-ffdc9ddd6f49,FirstNumber=314,secondNumber=845}  added by thread pool-3-thread-6
 message  {Id=ee1fc3f9-3fbf-45f3-9067-1d821c938ded,FirstNumber=903,secondNumber=1740}  written to file by thread pool-3-thread-1
 message  {Id=f2f8c10c-2a47-4cbc-b99b-4eca35a09b9e,FirstNumber=484,secondNumber=893}  added by thread pool-3-thread-6
 message  {Id=bf6ce8aa-a1c1-4d97-be22-116ebe6c08be,FirstNumber=891,secondNumber=226}  written to file by thread pool-3-thread-1
 message  {Id=72fb088f-833f-4968-85c3-bd0c12b46f22,FirstNumber=809,secondNumber=1016}  added by thread pool-3-thread-6
 message  {Id=14e8b5d3-4964-4331-b583-379e0f533cd9,FirstNumber=615,secondNumber=382}  written to file by thread pool-3-thread-1
 message  {Id=d88d2add-ea8a-4fbb-8258-4f5d33d74b6e,FirstNumber=110,secondNumber=1301}  added by thread pool-3-thread-6
 message  {Id=d0c3b21b-dc91-46ca-8ff5-547adadde016,FirstNumber=929,secondNumber=1789}  written to file by thread pool-3-thread-1
 message  {Id=865670d6-7b92-4823-9b6f-e3244a9b3990,FirstNumber=500,secondNumber=505}  added by thread pool-3-thread-6
 message  {Id=a540a4da-b23c-492f-9d6e-0fc20a836e74,FirstNumber=828,secondNumber=1927}  written to file by thread pool-3-thread-1
 message  {Id=856bc2dc-68ca-47fa-8ee3-2a45deb9d90a,FirstNumber=72,secondNumber=66}  added by thread pool-3-thread-6
 message  {Id=0d9e3b55-c710-4de5-813b-61a201a59796,FirstNumber=94,secondNumber=707}  written to file by thread pool-3-thread-1
 message  {Id=1131c27b-5663-433a-a4a2-885464482640,FirstNumber=258,secondNumber=935}  added by thread pool-3-thread-6
 message  {Id=839c5db9-57f2-4b20-b71f-30d926afacb2,FirstNumber=414,secondNumber=1462}  written to file by thread pool-3-thread-1
 message  {Id=8c6aa537-f476-45e4-96ae-a38b2472ed65,FirstNumber=293,secondNumber=1083}  added by thread pool-3-thread-6
 message  {Id=4f49a0c5-b0f0-4752-aa1d-d0cc49410739,FirstNumber=173,secondNumber=1237}  written to file by thread pool-3-thread-1
 message  {Id=3bb98bcb-6a3c-4f49-a0f5-d8949f59937e,FirstNumber=272,secondNumber=1395}  added by thread pool-3-thread-6
 message  {Id=e39f95b5-779e-4607-a028-38f69ca5500c,FirstNumber=255,secondNumber=1961}  written to file by thread pool-3-thread-1
 message  {Id=24b69879-b725-4d16-bfe7-a8728fcfaa18,FirstNumber=471,secondNumber=1479}  added by thread pool-3-thread-6
 message  {Id=661b5f89-2d69-4c05-85fb-6e1867b26424,FirstNumber=121,secondNumber=1003}  written to file by thread pool-3-thread-1
 message  {Id=85cefd5e-c96b-41cb-b9ce-14b1cfa0816b,FirstNumber=121,secondNumber=608}  added by thread pool-3-thread-6
 message  {Id=e4babadb-dae0-46aa-80ce-e46e8e1ef9d1,FirstNumber=34,secondNumber=619}  added by thread pool-3-thread-6
 message  {Id=28fa1f53-925e-44ad-8677-b85a5b448a34,FirstNumber=833,secondNumber=580}  written to file by thread pool-3-thread-4
 message  {Id=b24eff8f-7f92-431c-9de2-9d8b14164266,FirstNumber=216,secondNumber=1821}  added by thread pool-3-thread-6
 message  {Id=89ab3f52-e266-45f1-9e20-c7d48c111b8c,FirstNumber=8,secondNumber=363}  written to file by thread pool-3-thread-5
 message  {Id=f184e427-2a5a-4e79-adea-cf7d4b5589b9,FirstNumber=225,secondNumber=855}  written to file by thread pool-3-thread-4
 message  {Id=c7a9808e-52e4-4734-a2ab-c97a2436a201,FirstNumber=650,secondNumber=681}  added by thread pool-3-thread-6
 message  {Id=d0aa549b-7714-47b0-b0db-70a857b1d333,FirstNumber=661,secondNumber=1379}  written to file by thread pool-3-thread-2
 message  {Id=859fdb86-c256-41b2-bd42-e5bdae2976b6,FirstNumber=457,secondNumber=1650}  written to file by thread pool-3-thread-5
 message  {Id=2186add5-3e76-411a-8838-4a08b4d352c4,FirstNumber=11,secondNumber=1336}  written to file by thread pool-3-thread-4
 message  {Id=f8c172ab-8a9f-4991-a12d-288626f9308b,FirstNumber=298,secondNumber=1978}  added by thread pool-3-thread-6
 message  {Id=5074b7b3-3c8e-4894-bf37-d16475d3f536,FirstNumber=713,secondNumber=1606}  written to file by thread pool-3-thread-2
 message  {Id=786ac91b-c38f-425a-80fd-0f0f3bcc3c4e,FirstNumber=914,secondNumber=1490}  written to file by thread pool-3-thread-5
 message  {Id=605e9221-9e40-4050-b9a0-4ca518b440a1,FirstNumber=519,secondNumber=1626}  written to file by thread pool-3-thread-4
 message  {Id=02021d19-7ad0-4c64-b32a-aaabcfd0efde,FirstNumber=25,secondNumber=1864}  added by thread pool-3-thread-6
 message  {Id=57e1acf6-806c-40ac-8958-43d1d06b4b5c,FirstNumber=378,secondNumber=1513}  written to file by thread pool-3-thread-2
 message  {Id=ac9c8a8d-7c0f-49ab-9c6a-496e99f93784,FirstNumber=508,secondNumber=1825}  written to file by thread pool-3-thread-5
 message  {Id=9c0955b4-76d1-49e2-b3bb-18eb02af9ef0,FirstNumber=814,secondNumber=525}  added by thread pool-3-thread-6
 message  {Id=94d3db71-501e-4e4c-9dd5-f578579df711,FirstNumber=117,secondNumber=1676}  written to file by thread pool-3-thread-4
 message  {Id=0998a690-5697-40b7-9b06-b0d8a005f674,FirstNumber=654,secondNumber=387}  written to file by thread pool-3-thread-2
 message  {Id=1f6f59da-d6e0-4ef3-b1e8-e016b68d272c,FirstNumber=669,secondNumber=830}  written to file by thread pool-3-thread-5
 message  {Id=535565f2-15f0-40b2-b5aa-523e61f62316,FirstNumber=458,secondNumber=1029}  written to file by thread pool-3-thread-4
 message  {Id=1485feab-1678-4f49-b757-01614cc7087d,FirstNumber=392,secondNumber=1632}  added by thread pool-3-thread-6
 message  {Id=cc4a1358-45d3-45ff-a03f-85d2571d1a1c,FirstNumber=21,secondNumber=799}  written to file by thread pool-3-thread-2
 message  {Id=bf993007-23a3-4eff-a1df-9f516de7e3b9,FirstNumber=968,secondNumber=1317}  written to file by thread pool-3-thread-5
 message  {Id=7e347a07-9143-4b66-b69a-98f0eecd6d2b,FirstNumber=726,secondNumber=1347}  added by thread pool-3-thread-6
 message  {Id=030ebaf5-79b4-4885-ae81-af1cce045814,FirstNumber=626,secondNumber=1101}  written to file by thread pool-3-thread-4
 message  {Id=9f9f3b8d-e929-4c45-82cf-88301919c6b3,FirstNumber=980,secondNumber=1905}  written to file by thread pool-3-thread-2
 message  {Id=83a25fdd-f087-4dff-9047-db8898c19b67,FirstNumber=754,secondNumber=1522}  written to file by thread pool-3-thread-5
 message  {Id=a8c3ad88-fa4b-487c-a25e-24352215146f,FirstNumber=905,secondNumber=1423}  written to file by thread pool-3-thread-4
 message  {Id=a39c5c8c-7811-4487-84d5-293adc0db10e,FirstNumber=731,secondNumber=7}  added by thread pool-3-thread-6
 message  {Id=5b06af53-a835-4a52-8d4b-bcc64103b21e,FirstNumber=78,secondNumber=1152}  written to file by thread pool-3-thread-2
 message  {Id=f616a861-c28e-4ea7-b7ab-0e0bf7c02070,FirstNumber=388,secondNumber=671}  added by thread pool-3-thread-6
 message  {Id=f8bee90f-305e-4a70-b484-956f79b97f92,FirstNumber=76,secondNumber=574}  written to file by thread pool-3-thread-5
 message  {Id=fd9a7972-ca34-4a1e-86a8-be126764a4e3,FirstNumber=90,secondNumber=179}  written to file by thread pool-3-thread-4
 message  {Id=781e24cb-9cfe-4281-9cfe-1718f7b9395d,FirstNumber=430,secondNumber=1587}  written to file by thread pool-3-thread-2
 message  {Id=722efb72-5147-4056-8583-98a66d2389e4,FirstNumber=95,secondNumber=1566}  written to file by thread pool-3-thread-5
 message  {Id=d07bc63e-0ca5-4d68-b53f-7faf1e88ea2d,FirstNumber=204,secondNumber=828}  added by thread pool-3-thread-6
 message  {Id=a8399a92-957f-4b2a-8121-d3bba87321e5,FirstNumber=965,secondNumber=1145}  written to file by thread pool-3-thread-4
 message  {Id=a4dadcea-8b3f-4535-ae5c-53b91e882aae,FirstNumber=565,secondNumber=289}  written to file by thread pool-3-thread-2
 message  {Id=48501c07-e51e-4598-b10a-1975711f8730,FirstNumber=280,secondNumber=1812}  added by thread pool-3-thread-6
 message  {Id=aa6d7632-7496-4092-ab44-e7696c8cc71f,FirstNumber=883,secondNumber=1254}  written to file by thread pool-3-thread-5
 message  {Id=456a1203-5f6c-484f-a503-ddf133711ad2,FirstNumber=192,secondNumber=548}  written to file by thread pool-3-thread-4
 message  {Id=ae643164-8637-4009-9000-7998bbadf674,FirstNumber=917,secondNumber=1906}  written to file by thread pool-3-thread-2
 message  {Id=78c755b1-b79c-41b3-beed-83975fe3adba,FirstNumber=783,secondNumber=1924}  added by thread pool-3-thread-6
 message  {Id=ee31a627-d614-40a2-96b7-2c3afeeea2ba,FirstNumber=946,secondNumber=1983}  written to file by thread pool-3-thread-5
 message  {Id=f62456cc-cc42-4d78-afe1-72fe7264bedb,FirstNumber=309,secondNumber=1766}  written to file by thread pool-3-thread-4
 message  {Id=6b13192e-69af-43ef-aba8-7ae8baccb36b,FirstNumber=773,secondNumber=1059}  written to file by thread pool-3-thread-2
 message  {Id=5fd79452-6979-48ba-8b9b-38f0dc02af65,FirstNumber=483,secondNumber=1134}  added by thread pool-3-thread-6
 message  {Id=f5a77f1b-9636-4756-8302-212134b39989,FirstNumber=540,secondNumber=93}  written to file by thread pool-3-thread-5
 message  {Id=873e7a8b-2d6e-4047-94ac-01305fb3b327,FirstNumber=492,secondNumber=1497}  written to file by thread pool-3-thread-4
 message  {Id=bade0b52-8bb9-4cb8-9095-c9d815fe784f,FirstNumber=406,secondNumber=750}  written to file by thread pool-3-thread-2
 message  {Id=cadb0b64-6205-4517-9af6-63a6d6428d1c,FirstNumber=995,secondNumber=1453}  added by thread pool-3-thread-6
 message  {Id=4dd3d56f-69b7-4e7e-98e6-c1b6069f0a51,FirstNumber=740,secondNumber=72}  written to file by thread pool-3-thread-5
 message  {Id=4b94bfbf-a003-49b2-9493-96ff670df32a,FirstNumber=254,secondNumber=214}  written to file by thread pool-3-thread-4
 message  {Id=8cd9ee8b-34de-4ef2-8e05-ffdc9ddd6f49,FirstNumber=314,secondNumber=845}  written to file by thread pool-3-thread-2
 message  {Id=c7f2b0b5-e967-4034-bd58-e6be070e676a,FirstNumber=457,secondNumber=1620}  added by thread pool-3-thread-6
 message  {Id=f2f8c10c-2a47-4cbc-b99b-4eca35a09b9e,FirstNumber=484,secondNumber=893}  written to file by thread pool-3-thread-5
 message  {Id=72fb088f-833f-4968-85c3-bd0c12b46f22,FirstNumber=809,secondNumber=1016}  written to file by thread pool-3-thread-4
 message  {Id=d88d2add-ea8a-4fbb-8258-4f5d33d74b6e,FirstNumber=110,secondNumber=1301}  written to file by thread pool-3-thread-2
 message  {Id=20c8cd16-30cd-4bc6-9b28-ae01ba12494e,FirstNumber=711,secondNumber=1651}  added by thread pool-3-thread-6
 message  {Id=865670d6-7b92-4823-9b6f-e3244a9b3990,FirstNumber=500,secondNumber=505}  written to file by thread pool-3-thread-5
 message  {Id=856bc2dc-68ca-47fa-8ee3-2a45deb9d90a,FirstNumber=72,secondNumber=66}  written to file by thread pool-3-thread-4
 message  {Id=1131c27b-5663-433a-a4a2-885464482640,FirstNumber=258,secondNumber=935}  written to file by thread pool-3-thread-2
 message  {Id=b2612e0e-b14f-40ac-934a-5dc9e7647ff5,FirstNumber=949,secondNumber=1734}  added by thread pool-3-thread-6
 message  {Id=8c6aa537-f476-45e4-96ae-a38b2472ed65,FirstNumber=293,secondNumber=1083}  written to file by thread pool-3-thread-5
 message  {Id=3bb98bcb-6a3c-4f49-a0f5-d8949f59937e,FirstNumber=272,secondNumber=1395}  written to file by thread pool-3-thread-4
 message  {Id=24b69879-b725-4d16-bfe7-a8728fcfaa18,FirstNumber=471,secondNumber=1479}  written to file by thread pool-3-thread-2
 message  {Id=f7c54d99-88ce-413c-83a9-c67fd3efe46f,FirstNumber=78,secondNumber=382}  added by thread pool-3-thread-6
 message  {Id=85cefd5e-c96b-41cb-b9ce-14b1cfa0816b,FirstNumber=121,secondNumber=608}  written to file by thread pool-3-thread-5
 message  {Id=a4f98733-64db-44c6-8d13-6dbedeaf5b0e,FirstNumber=850,secondNumber=1457}  added by thread pool-3-thread-6
 message  {Id=e4babadb-dae0-46aa-80ce-e46e8e1ef9d1,FirstNumber=34,secondNumber=619}  written to file by thread pool-3-thread-4
 message  {Id=b24eff8f-7f92-431c-9de2-9d8b14164266,FirstNumber=216,secondNumber=1821}  written to file by thread pool-3-thread-2
 message  {Id=c7a9808e-52e4-4734-a2ab-c97a2436a201,FirstNumber=650,secondNumber=681}  written to file by thread pool-3-thread-5
 message  {Id=656693b4-3104-4550-a695-24dbd4fc4a5c,FirstNumber=760,secondNumber=1459}  added by thread pool-3-thread-6
 message  {Id=f8c172ab-8a9f-4991-a12d-288626f9308b,FirstNumber=298,secondNumber=1978}  written to file by thread pool-3-thread-4
 message  {Id=02021d19-7ad0-4c64-b32a-aaabcfd0efde,FirstNumber=25,secondNumber=1864}  written to file by thread pool-3-thread-2
 message  {Id=9c0955b4-76d1-49e2-b3bb-18eb02af9ef0,FirstNumber=814,secondNumber=525}  written to file by thread pool-3-thread-5
 message  {Id=bbbffd01-0eb5-46b8-b721-8b09ac7bf3b9,FirstNumber=224,secondNumber=1649}  added by thread pool-3-thread-6
 message  {Id=1485feab-1678-4f49-b757-01614cc7087d,FirstNumber=392,secondNumber=1632}  written to file by thread pool-3-thread-4
 message  {Id=7e347a07-9143-4b66-b69a-98f0eecd6d2b,FirstNumber=726,secondNumber=1347}  written to file by thread pool-3-thread-2
 message  {Id=a39c5c8c-7811-4487-84d5-293adc0db10e,FirstNumber=731,secondNumber=7}  written to file by thread pool-3-thread-5
 message  {Id=4cf1892a-74bf-4a30-92a2-72b2e0daa3dd,FirstNumber=507,secondNumber=1575}  added by thread pool-3-thread-6
 message  {Id=f616a861-c28e-4ea7-b7ab-0e0bf7c02070,FirstNumber=388,secondNumber=671}  written to file by thread pool-3-thread-4
 message  {Id=d07bc63e-0ca5-4d68-b53f-7faf1e88ea2d,FirstNumber=204,secondNumber=828}  written to file by thread pool-3-thread-2
 message  {Id=48501c07-e51e-4598-b10a-1975711f8730,FirstNumber=280,secondNumber=1812}  written to file by thread pool-3-thread-5
 message  {Id=1995c427-b2d6-4f41-b7e1-30e8f7712013,FirstNumber=170,secondNumber=939}  added by thread pool-3-thread-6
 message  {Id=78c755b1-b79c-41b3-beed-83975fe3adba,FirstNumber=783,secondNumber=1924}  written to file by thread pool-3-thread-4
 message  {Id=5fd79452-6979-48ba-8b9b-38f0dc02af65,FirstNumber=483,secondNumber=1134}  written to file by thread pool-3-thread-2
 message  {Id=cadb0b64-6205-4517-9af6-63a6d6428d1c,FirstNumber=995,secondNumber=1453}  written to file by thread pool-3-thread-5
 message  {Id=a9da8f89-d157-4e1a-95b0-ae56505d79f8,FirstNumber=963,secondNumber=387}  added by thread pool-3-thread-6
 message  {Id=20c8cd16-30cd-4bc6-9b28-ae01ba12494e,FirstNumber=711,secondNumber=1651}  written to file by thread pool-3-thread-2
 message  {Id=c7f2b0b5-e967-4034-bd58-e6be070e676a,FirstNumber=457,secondNumber=1620}  written to file by thread pool-3-thread-4
 message  {Id=b2612e0e-b14f-40ac-934a-5dc9e7647ff5,FirstNumber=949,secondNumber=1734}  written to file by thread pool-3-thread-5
 message  {Id=8131d4ec-e17d-4e3e-a3a8-93e5db105c58,FirstNumber=693,secondNumber=1133}  added by thread pool-3-thread-6
 message  {Id=f7c54d99-88ce-413c-83a9-c67fd3efe46f,FirstNumber=78,secondNumber=382}  written to file by thread pool-3-thread-2
 message  {Id=a4f98733-64db-44c6-8d13-6dbedeaf5b0e,FirstNumber=850,secondNumber=1457}  written to file by thread pool-3-thread-4
 message  {Id=656693b4-3104-4550-a695-24dbd4fc4a5c,FirstNumber=760,secondNumber=1459}  written to file by thread pool-3-thread-5
 message  {Id=4317b751-6fcd-4a04-b359-4fbbf8bdc4af,FirstNumber=445,secondNumber=437}  added by thread pool-3-thread-6
 message  {Id=bbbffd01-0eb5-46b8-b721-8b09ac7bf3b9,FirstNumber=224,secondNumber=1649}  written to file by thread pool-3-thread-2
 message  {Id=4cf1892a-74bf-4a30-92a2-72b2e0daa3dd,FirstNumber=507,secondNumber=1575}  written to file by thread pool-3-thread-4
 message  {Id=1995c427-b2d6-4f41-b7e1-30e8f7712013,FirstNumber=170,secondNumber=939}  written to file by thread pool-3-thread-5
 message  {Id=ddcaafdd-2b76-4a90-b737-af9f65249633,FirstNumber=903,secondNumber=1381}  added by thread pool-3-thread-6
 message  {Id=a9da8f89-d157-4e1a-95b0-ae56505d79f8,FirstNumber=963,secondNumber=387}  written to file by thread pool-3-thread-2
 message  {Id=8131d4ec-e17d-4e3e-a3a8-93e5db105c58,FirstNumber=693,secondNumber=1133}  written to file by thread pool-3-thread-4
 message  {Id=4317b751-6fcd-4a04-b359-4fbbf8bdc4af,FirstNumber=445,secondNumber=437}  written to file by thread pool-3-thread-5
 message  {Id=b1a34f10-affb-4e14-a93c-edc44206b637,FirstNumber=512,secondNumber=590}  added by thread pool-3-thread-6
 message  {Id=929e0f95-3455-4daa-be97-10b5f21dc65c,FirstNumber=783,secondNumber=1656}  written to file by thread pool-3-thread-1
 message  {Id=ddcaafdd-2b76-4a90-b737-af9f65249633,FirstNumber=903,secondNumber=1381}  written to file by thread pool-3-thread-2
 message  {Id=b1a34f10-affb-4e14-a93c-edc44206b637,FirstNumber=512,secondNumber=590}  written to file by thread pool-3-thread-5
 message  {Id=17446cc2-a44c-4696-8eac-e48759477030,FirstNumber=257,secondNumber=202}  added by thread pool-3-thread-6
 message  {Id=17446cc2-a44c-4696-8eac-e48759477030,FirstNumber=257,secondNumber=202}  written to file by thread pool-3-thread-3
 message  {Id=c2362679-a6c6-423b-9e34-e1a3372bd893,FirstNumber=321,secondNumber=994}  added by thread pool-3-thread-6
 message  {Id=c2362679-a6c6-423b-9e34-e1a3372bd893,FirstNumber=321,secondNumber=994}  written to file by thread pool-3-thread-3
 message  {Id=97ce8fbe-c701-44fa-8a28-d9069a465d20,FirstNumber=502,secondNumber=18}  added by thread pool-3-thread-6
 message  {Id=97ce8fbe-c701-44fa-8a28-d9069a465d20,FirstNumber=502,secondNumber=18}  written to file by thread pool-3-thread-3
 message  {Id=1797fcda-8b4f-4351-a4de-07a545f6b013,FirstNumber=693,secondNumber=1159}  added by thread pool-3-thread-6
 message  {Id=1797fcda-8b4f-4351-a4de-07a545f6b013,FirstNumber=693,secondNumber=1159}  written to file by thread pool-3-thread-3
 message  {Id=899a6afd-e396-43d8-8fae-2115e5a8a4cd,FirstNumber=485,secondNumber=1785}  added by thread pool-3-thread-6
 message  {Id=899a6afd-e396-43d8-8fae-2115e5a8a4cd,FirstNumber=485,secondNumber=1785}  written to file by thread pool-3-thread-3
 message  {Id=4e2da559-4272-43a5-9c9d-0cd2f1902e81,FirstNumber=420,secondNumber=251}  added by thread pool-3-thread-6
 message  {Id=4e2da559-4272-43a5-9c9d-0cd2f1902e81,FirstNumber=420,secondNumber=251}  written to file by thread pool-3-thread-3
 message  {Id=e7da86af-3e61-426a-b744-3d7bdb6d504d,FirstNumber=996,secondNumber=399}  written to file by thread pool-3-thread-3
 message  {Id=e7da86af-3e61-426a-b744-3d7bdb6d504d,FirstNumber=996,secondNumber=399}  added by thread pool-3-thread-6
 message  {Id=25c5c995-5b0c-498b-bb34-d03761246551,FirstNumber=377,secondNumber=881}  added by thread pool-3-thread-6
 message  {Id=25c5c995-5b0c-498b-bb34-d03761246551,FirstNumber=377,secondNumber=881}  written to file by thread pool-3-thread-2
 message  {Id=623de522-d575-4b16-a5f1-9cd6d91bfad7,FirstNumber=297,secondNumber=972}  added by thread pool-3-thread-6
 message  {Id=623de522-d575-4b16-a5f1-9cd6d91bfad7,FirstNumber=297,secondNumber=972}  written to file by thread pool-3-thread-5
 message  {Id=404122a3-97e7-481c-9cce-96f793c46eb5,FirstNumber=642,secondNumber=410}  added by thread pool-3-thread-6
 message  {Id=404122a3-97e7-481c-9cce-96f793c46eb5,FirstNumber=642,secondNumber=410}  written to file by thread pool-3-thread-5
 message  {Id=9f38af77-6713-4500-9687-9d0d226cc157,FirstNumber=308,secondNumber=126}  added by thread pool-3-thread-6
 message  {Id=9f38af77-6713-4500-9687-9d0d226cc157,FirstNumber=308,secondNumber=126}  written to file by thread pool-3-thread-5
 message  {Id=9745374b-6705-40a3-9ed0-052b7d9eb7cb,FirstNumber=620,secondNumber=139}  added by thread pool-3-thread-6
 message  {Id=9745374b-6705-40a3-9ed0-052b7d9eb7cb,FirstNumber=620,secondNumber=139}  written to file by thread pool-3-thread-3
 message  {Id=dd5aa802-a374-46b3-b4e9-38da677ab752,FirstNumber=407,secondNumber=708}  added by thread pool-3-thread-6
 message  {Id=dd5aa802-a374-46b3-b4e9-38da677ab752,FirstNumber=407,secondNumber=708}  written to file by thread pool-3-thread-2
 message  {Id=1fcb8fc4-632b-4ba0-87d3-f39f81cacc1a,FirstNumber=170,secondNumber=713}  added by thread pool-3-thread-6
 message  {Id=1fcb8fc4-632b-4ba0-87d3-f39f81cacc1a,FirstNumber=170,secondNumber=713}  written to file by thread pool-3-thread-4
 message  {Id=80c23578-2128-4160-b21d-8d9ef84c580f,FirstNumber=819,secondNumber=1475}  added by thread pool-3-thread-6
 message  {Id=80c23578-2128-4160-b21d-8d9ef84c580f,FirstNumber=819,secondNumber=1475}  written to file by thread pool-3-thread-4
 message  {Id=2dcbbb24-a81b-4c8e-83cd-ff08c070f765,FirstNumber=805,secondNumber=391}  added by thread pool-3-thread-6
 message  {Id=2dcbbb24-a81b-4c8e-83cd-ff08c070f765,FirstNumber=805,secondNumber=391}  written to file by thread pool-3-thread-5
 message  {Id=420dfedd-f9c9-4d0b-ac45-0e9388184861,FirstNumber=228,secondNumber=176}  added by thread pool-3-thread-6
 message  {Id=420dfedd-f9c9-4d0b-ac45-0e9388184861,FirstNumber=228,secondNumber=176}  written to file by thread pool-3-thread-3
 message  {Id=f2c7d0e9-d632-45d7-893c-ab6841d5713e,FirstNumber=683,secondNumber=1847}  added by thread pool-3-thread-6
 message  {Id=f2c7d0e9-d632-45d7-893c-ab6841d5713e,FirstNumber=683,secondNumber=1847}  written to file by thread pool-3-thread-3
 message  {Id=a47976b9-81f8-4eb8-ab3a-f329ccd33474,FirstNumber=530,secondNumber=527}  added by thread pool-3-thread-6
 message  {Id=a47976b9-81f8-4eb8-ab3a-f329ccd33474,FirstNumber=530,secondNumber=527}  written to file by thread pool-3-thread-3
 message  {Id=b744c3e3-7f89-464a-99da-1506feab380f,FirstNumber=335,secondNumber=158}  added by thread pool-3-thread-6
 message  {Id=b744c3e3-7f89-464a-99da-1506feab380f,FirstNumber=335,secondNumber=158}  written to file by thread pool-3-thread-4
 message  {Id=f254d5ad-9afc-4664-aeab-4f2aeec76fbb,FirstNumber=781,secondNumber=436}  added by thread pool-3-thread-6
 message  {Id=f254d5ad-9afc-4664-aeab-4f2aeec76fbb,FirstNumber=781,secondNumber=436}  written to file by thread pool-3-thread-5
 message  {Id=7e9ceb1b-a973-4608-a3d7-5b9c87723fa7,FirstNumber=899,secondNumber=1626}  added by thread pool-3-thread-6
 message  {Id=7e9ceb1b-a973-4608-a3d7-5b9c87723fa7,FirstNumber=899,secondNumber=1626}  written to file by thread pool-3-thread-5
 message  {Id=90111bc1-0448-44b1-a2bc-4da9deb8ad08,FirstNumber=444,secondNumber=3}  added by thread pool-3-thread-6
 message  {Id=90111bc1-0448-44b1-a2bc-4da9deb8ad08,FirstNumber=444,secondNumber=3}  written to file by thread pool-3-thread-1
 message  {Id=6d020b0f-bd1e-4f3c-8d1b-f9a49a0fade0,FirstNumber=596,secondNumber=1704}  added by thread pool-3-thread-6
 message  {Id=6d020b0f-bd1e-4f3c-8d1b-f9a49a0fade0,FirstNumber=596,secondNumber=1704}  written to file by thread pool-3-thread-3
 message  {Id=36fd543b-3a7f-416e-adcc-8856abb69cc6,FirstNumber=917,secondNumber=1451}  added by thread pool-3-thread-6
 message  {Id=36fd543b-3a7f-416e-adcc-8856abb69cc6,FirstNumber=917,secondNumber=1451}  written to file by thread pool-3-thread-4
 message  {Id=480bfaf7-c1a5-4df7-abc8-95e964b01cdb,FirstNumber=295,secondNumber=411}  added by thread pool-3-thread-6
 message  {Id=480bfaf7-c1a5-4df7-abc8-95e964b01cdb,FirstNumber=295,secondNumber=411}  written to file by thread pool-3-thread-4
 message  {Id=c83e8372-ee3f-47ef-9485-a19b9465e4d1,FirstNumber=651,secondNumber=1946}  added by thread pool-3-thread-6
 message  {Id=c83e8372-ee3f-47ef-9485-a19b9465e4d1,FirstNumber=651,secondNumber=1946}  written to file by thread pool-3-thread-4
 message  {Id=5b29db9d-1e99-4f0d-83a4-fcbc5f3a57a4,FirstNumber=545,secondNumber=1037}  added by thread pool-3-thread-6
 message  {Id=5b29db9d-1e99-4f0d-83a4-fcbc5f3a57a4,FirstNumber=545,secondNumber=1037}  written to file by thread pool-3-thread-1
 message  {Id=07a7d104-20ff-426d-aad8-0ac1de7a39e4,FirstNumber=896,secondNumber=314}  added by thread pool-3-thread-6
 message  {Id=07a7d104-20ff-426d-aad8-0ac1de7a39e4,FirstNumber=896,secondNumber=314}  written to file by thread pool-3-thread-1
 message  {Id=45778dc1-090f-4906-96f0-6d344e4aec8b,FirstNumber=582,secondNumber=1511}  added by thread pool-3-thread-6
 message  {Id=45778dc1-090f-4906-96f0-6d344e4aec8b,FirstNumber=582,secondNumber=1511}  written to file by thread pool-3-thread-2
 message  {Id=4e5c7a79-870a-4775-99ff-9400e8eae696,FirstNumber=225,secondNumber=1772}  added by thread pool-3-thread-6
 message  {Id=4e5c7a79-870a-4775-99ff-9400e8eae696,FirstNumber=225,secondNumber=1772}  written to file by thread pool-3-thread-2
 message  {Id=5f7c4aa0-22c1-4440-8380-4bdd43aefc1f,FirstNumber=456,secondNumber=1720}  added by thread pool-3-thread-6
 message  {Id=5f7c4aa0-22c1-4440-8380-4bdd43aefc1f,FirstNumber=456,secondNumber=1720}  written to file by thread pool-3-thread-4
 message  {Id=1a4a032c-186c-4076-b062-28e390159464,FirstNumber=648,secondNumber=1875}  added by thread pool-3-thread-6
 message  {Id=1a4a032c-186c-4076-b062-28e390159464,FirstNumber=648,secondNumber=1875}  written to file by thread pool-3-thread-3
 message  {Id=ac5d4006-3b7b-4767-8dd3-6413931c22e4,FirstNumber=868,secondNumber=646}  added by thread pool-3-thread-6
 message  {Id=ac5d4006-3b7b-4767-8dd3-6413931c22e4,FirstNumber=868,secondNumber=646}  written to file by thread pool-3-thread-3
 message  {Id=46f1917b-6d99-433c-a3b8-3d1500c70c57,FirstNumber=378,secondNumber=1627}  added by thread pool-3-thread-6
 message  {Id=46f1917b-6d99-433c-a3b8-3d1500c70c57,FirstNumber=378,secondNumber=1627}  written to file by thread pool-3-thread-3
 message  {Id=271c130b-09b3-4267-a2ca-2af0ce9070d7,FirstNumber=684,secondNumber=417}  added by thread pool-3-thread-6
 message  {Id=271c130b-09b3-4267-a2ca-2af0ce9070d7,FirstNumber=684,secondNumber=417}  written to file by thread pool-3-thread-2
 message  {Id=e3295b5a-5423-469d-ba71-37f4fa387774,FirstNumber=52,secondNumber=886}  added by thread pool-3-thread-6
 message  {Id=e3295b5a-5423-469d-ba71-37f4fa387774,FirstNumber=52,secondNumber=886}  written to file by thread pool-3-thread-2
 message  {Id=422876de-59e4-473b-9e94-7fab1f37d3c7,FirstNumber=65,secondNumber=1807}  added by thread pool-3-thread-6
 message  {Id=422876de-59e4-473b-9e94-7fab1f37d3c7,FirstNumber=65,secondNumber=1807}  written to file by thread pool-3-thread-1
 message  {Id=21bd94ae-fef4-41a1-9e77-796e883d1d47,FirstNumber=538,secondNumber=1525}  added by thread pool-3-thread-6
 message  {Id=21bd94ae-fef4-41a1-9e77-796e883d1d47,FirstNumber=538,secondNumber=1525}  written to file by thread pool-3-thread-5
 message  {Id=15b72af8-6c68-42b9-804b-a00a97344c86,FirstNumber=147,secondNumber=1625}  added by thread pool-3-thread-6
 message  {Id=b623e11d-fb45-4f98-801a-f3a2724b844b,FirstNumber=139,secondNumber=1139}  added by thread pool-3-thread-6
 message  {Id=15b72af8-6c68-42b9-804b-a00a97344c86,FirstNumber=147,secondNumber=1625}  written to file by thread pool-3-thread-3
 message  {Id=b623e11d-fb45-4f98-801a-f3a2724b844b,FirstNumber=139,secondNumber=1139}  written to file by thread pool-3-thread-4
 message  {Id=1ceb6dc5-e4fc-44fa-b735-1af3bdbf3d88,FirstNumber=419,secondNumber=741}  added by thread pool-3-thread-6
 message  {Id=1ceb6dc5-e4fc-44fa-b735-1af3bdbf3d88,FirstNumber=419,secondNumber=741}  written to file by thread pool-3-thread-2
 message  {Id=a7d613e8-dbcb-4f9d-9f37-36f1275a1f8d,FirstNumber=386,secondNumber=1891}  added by thread pool-3-thread-6
 message  {Id=a7d613e8-dbcb-4f9d-9f37-36f1275a1f8d,FirstNumber=386,secondNumber=1891}  written to file by thread pool-3-thread-2
 message  {Id=6e599c6e-4976-433b-bb28-de5dbcc09d61,FirstNumber=5,secondNumber=472}  added by thread pool-3-thread-6
 message  {Id=6e599c6e-4976-433b-bb28-de5dbcc09d61,FirstNumber=5,secondNumber=472}  written to file by thread pool-3-thread-5
 message  {Id=c80d8483-df9f-4ed2-94d2-88bc1be4740f,FirstNumber=671,secondNumber=1601}  added by thread pool-3-thread-6
 message  {Id=c80d8483-df9f-4ed2-94d2-88bc1be4740f,FirstNumber=671,secondNumber=1601}  written to file by thread pool-3-thread-5
 message  {Id=e32f4dd3-b469-4547-b40b-7d84de492acb,FirstNumber=284,secondNumber=650}  added by thread pool-3-thread-6
 message  {Id=e32f4dd3-b469-4547-b40b-7d84de492acb,FirstNumber=284,secondNumber=650}  written to file by thread pool-3-thread-4
 message  {Id=d2e84f29-3e37-49c7-8425-ccdccf09ffa5,FirstNumber=216,secondNumber=35}  added by thread pool-3-thread-6
 message  {Id=d2e84f29-3e37-49c7-8425-ccdccf09ffa5,FirstNumber=216,secondNumber=35}  written to file by thread pool-3-thread-1
 message  {Id=fea8c98e-ca84-4054-913f-bb7bb8795d27,FirstNumber=964,secondNumber=530}  added by thread pool-3-thread-6
 message  {Id=fea8c98e-ca84-4054-913f-bb7bb8795d27,FirstNumber=964,secondNumber=530}  written to file by thread pool-3-thread-2
 message  {Id=22b517c8-5933-4e1f-a736-38df61ff8ea1,FirstNumber=999,secondNumber=1589}  added by thread pool-3-thread-6
 message  {Id=22b517c8-5933-4e1f-a736-38df61ff8ea1,FirstNumber=999,secondNumber=1589}  written to file by thread pool-3-thread-3
 message  {Id=e1732e17-a6b0-485c-a90f-5f8f4972cb87,FirstNumber=357,secondNumber=979}  added by thread pool-3-thread-6
 message  {Id=e1732e17-a6b0-485c-a90f-5f8f4972cb87,FirstNumber=357,secondNumber=979}  written to file by thread pool-3-thread-5
 message  {Id=d7f417f5-b95c-4985-b250-b4d41ad4058b,FirstNumber=702,secondNumber=838}  added by thread pool-3-thread-6
 message  {Id=d7f417f5-b95c-4985-b250-b4d41ad4058b,FirstNumber=702,secondNumber=838}  written to file by thread pool-3-thread-5
 message  {Id=b8ab61b9-46cf-45d2-b621-43f42028e461,FirstNumber=257,secondNumber=1974}  added by thread pool-3-thread-6
 message  {Id=b8ab61b9-46cf-45d2-b621-43f42028e461,FirstNumber=257,secondNumber=1974}  written to file by thread pool-3-thread-1
 message  {Id=b9056a00-4c91-498e-8df8-60552471e220,FirstNumber=880,secondNumber=1000}  added by thread pool-3-thread-6
 message  {Id=b9056a00-4c91-498e-8df8-60552471e220,FirstNumber=880,secondNumber=1000}  written to file by thread pool-3-thread-2
 message  {Id=2d5d9881-dfd2-4b8e-8ebe-b092ff57b8ca,FirstNumber=4,secondNumber=1761}  added by thread pool-3-thread-6
 message  {Id=2d5d9881-dfd2-4b8e-8ebe-b092ff57b8ca,FirstNumber=4,secondNumber=1761}  written to file by thread pool-3-thread-3
 message  {Id=e747e47a-e565-43f9-80fd-460a63fbebfc,FirstNumber=440,secondNumber=1359}  added by thread pool-3-thread-6
 message  {Id=e747e47a-e565-43f9-80fd-460a63fbebfc,FirstNumber=440,secondNumber=1359}  written to file by thread pool-3-thread-3
 message  {Id=0f995fbb-b833-4471-9e05-de35cc7d5335,FirstNumber=231,secondNumber=1054}  added by thread pool-3-thread-6
 message  {Id=0f995fbb-b833-4471-9e05-de35cc7d5335,FirstNumber=231,secondNumber=1054}  written to file by thread pool-3-thread-5
 message  {Id=2eb73332-3d63-45fc-a8db-87e5f88eeb20,FirstNumber=90,secondNumber=1776}  added by thread pool-3-thread-6
 message  {Id=2eb73332-3d63-45fc-a8db-87e5f88eeb20,FirstNumber=90,secondNumber=1776}  written to file by thread pool-3-thread-5
 message  {Id=baa6ad96-ede3-4301-81e1-2bf5cf79fa95,FirstNumber=116,secondNumber=231}  added by thread pool-3-thread-6
 message  {Id=baa6ad96-ede3-4301-81e1-2bf5cf79fa95,FirstNumber=116,secondNumber=231}  written to file by thread pool-3-thread-2
 message  {Id=309a30b1-b9a1-4296-a443-c2f20fe5319c,FirstNumber=6,secondNumber=421}  added by thread pool-3-thread-6
 message  {Id=309a30b1-b9a1-4296-a443-c2f20fe5319c,FirstNumber=6,secondNumber=421}  written to file by thread pool-3-thread-4
 message  {Id=266b61ac-c5ff-4e90-ba4d-1ddd41572238,FirstNumber=2,secondNumber=1095}  added by thread pool-3-thread-6
 message  {Id=e5d09db3-2a89-48c8-9ed8-f686553c4809,FirstNumber=990,secondNumber=61}  added by thread pool-3-thread-6
 message  {Id=266b61ac-c5ff-4e90-ba4d-1ddd41572238,FirstNumber=2,secondNumber=1095}  written to file by thread pool-3-thread-3
 message  {Id=e5d09db3-2a89-48c8-9ed8-f686553c4809,FirstNumber=990,secondNumber=61}  written to file by thread pool-3-thread-1
 message  {Id=3e09cdc6-3be8-4384-9e3e-2ef400be51d2,FirstNumber=0,secondNumber=446}  added by thread pool-3-thread-6
 message  {Id=3e09cdc6-3be8-4384-9e3e-2ef400be51d2,FirstNumber=0,secondNumber=446}  written to file by thread pool-3-thread-5
 message  {Id=ba711753-132b-44ab-a7a6-5b8a8c37c38b,FirstNumber=889,secondNumber=1845}  added by thread pool-3-thread-6
 message  {Id=ba711753-132b-44ab-a7a6-5b8a8c37c38b,FirstNumber=889,secondNumber=1845}  written to file by thread pool-3-thread-2
 message  {Id=474deb6e-cd27-4e48-a344-96988b6a73a1,FirstNumber=629,secondNumber=1417}  added by thread pool-3-thread-6
 message  {Id=474deb6e-cd27-4e48-a344-96988b6a73a1,FirstNumber=629,secondNumber=1417}  written to file by thread pool-3-thread-4
 message  {Id=f611b86c-2253-4fb7-bc09-dc998d2f6098,FirstNumber=981,secondNumber=470}  added by thread pool-3-thread-6
 message  {Id=f611b86c-2253-4fb7-bc09-dc998d2f6098,FirstNumber=981,secondNumber=470}  written to file by thread pool-3-thread-3
 message  {Id=22c7f027-e8a5-4b12-a092-44bbfea7caf1,FirstNumber=531,secondNumber=954}  added by thread pool-3-thread-6
 message  {Id=22c7f027-e8a5-4b12-a092-44bbfea7caf1,FirstNumber=531,secondNumber=954}  written to file by thread pool-3-thread-1
 message  {Id=50da72ec-f7ca-4b9e-81d1-3d9c0bc149d5,FirstNumber=39,secondNumber=1559}  added by thread pool-3-thread-6
 message  {Id=50da72ec-f7ca-4b9e-81d1-3d9c0bc149d5,FirstNumber=39,secondNumber=1559}  written to file by thread pool-3-thread-5
 message  {Id=c9d2b313-d133-46cc-8c16-b41a6849d2bc,FirstNumber=705,secondNumber=862}  added by thread pool-3-thread-6
 message  {Id=c9d2b313-d133-46cc-8c16-b41a6849d2bc,FirstNumber=705,secondNumber=862}  written to file by thread pool-3-thread-2
 message  {Id=498aa20e-0365-4046-b5b8-32db7066b4b1,FirstNumber=894,secondNumber=1644}  added by thread pool-3-thread-6
 message  {Id=498aa20e-0365-4046-b5b8-32db7066b4b1,FirstNumber=894,secondNumber=1644}  written to file by thread pool-3-thread-4
 message  {Id=cdc90216-41ea-4d46-9ec2-feafd80dca20,FirstNumber=274,secondNumber=360}  added by thread pool-3-thread-6
 message  {Id=4de55e53-a634-4936-b4e2-c93ecb9b1453,FirstNumber=925,secondNumber=187}  added by thread pool-3-thread-6
 message  {Id=cdc90216-41ea-4d46-9ec2-feafd80dca20,FirstNumber=274,secondNumber=360}  written to file by thread pool-3-thread-3
 message  {Id=4de55e53-a634-4936-b4e2-c93ecb9b1453,FirstNumber=925,secondNumber=187}  written to file by thread pool-3-thread-1
 message  {Id=e4ac9ebc-b459-473a-9124-de5ebd26a83c,FirstNumber=563,secondNumber=1355}  added by thread pool-3-thread-6
 message  {Id=e4ac9ebc-b459-473a-9124-de5ebd26a83c,FirstNumber=563,secondNumber=1355}  written to file by thread pool-3-thread-5
 message  {Id=3071b582-34ec-4aa8-9535-ce2d8b9a2896,FirstNumber=754,secondNumber=941}  added by thread pool-3-thread-6
 message  {Id=3071b582-34ec-4aa8-9535-ce2d8b9a2896,FirstNumber=754,secondNumber=941}  written to file by thread pool-3-thread-2
 message  {Id=f1b85cfb-0eb5-4da9-a4e9-f8aa671729d6,FirstNumber=112,secondNumber=963}  added by thread pool-3-thread-6
 message  {Id=f1b85cfb-0eb5-4da9-a4e9-f8aa671729d6,FirstNumber=112,secondNumber=963}  written to file by thread pool-3-thread-4
 message  {Id=53edff01-0ac0-4578-9208-198b457026b0,FirstNumber=600,secondNumber=794}  added by thread pool-3-thread-6
 message  {Id=53edff01-0ac0-4578-9208-198b457026b0,FirstNumber=600,secondNumber=794}  written to file by thread pool-3-thread-3
 message  {Id=27c97d3b-ecbc-451d-b033-fd23e87818ac,FirstNumber=833,secondNumber=547}  added by thread pool-3-thread-6
 message  {Id=27c97d3b-ecbc-451d-b033-fd23e87818ac,FirstNumber=833,secondNumber=547}  written to file by thread pool-3-thread-3
 message  {Id=55e0871b-dc03-4e5f-9cde-d58367e507de,FirstNumber=121,secondNumber=391}  added by thread pool-3-thread-6
 message  {Id=55e0871b-dc03-4e5f-9cde-d58367e507de,FirstNumber=121,secondNumber=391}  written to file by thread pool-3-thread-3
 message  {Id=fa7e1835-a1ab-4a89-b2f2-aacb230c193e,FirstNumber=804,secondNumber=1849}  added by thread pool-3-thread-6
 message  {Id=fa7e1835-a1ab-4a89-b2f2-aacb230c193e,FirstNumber=804,secondNumber=1849}  written to file by thread pool-3-thread-2
 message  {Id=4934446e-95b2-41b1-ab5b-a64141c360c1,FirstNumber=759,secondNumber=436}  added by thread pool-3-thread-6
 message  {Id=4934446e-95b2-41b1-ab5b-a64141c360c1,FirstNumber=759,secondNumber=436}  written to file by thread pool-3-thread-4
 message  {Id=e8101a1d-f468-4a7c-bc8a-a3c71cff196d,FirstNumber=851,secondNumber=1705}  added by thread pool-3-thread-6
 message  {Id=e8101a1d-f468-4a7c-bc8a-a3c71cff196d,FirstNumber=851,secondNumber=1705}  written to file by thread pool-3-thread-1
 message  {Id=52afdaee-b79e-4734-bfa5-18cdbf9b73eb,FirstNumber=148,secondNumber=72}  added by thread pool-3-thread-6
 message  {Id=52afdaee-b79e-4734-bfa5-18cdbf9b73eb,FirstNumber=148,secondNumber=72}  written to file by thread pool-3-thread-1
 message  {Id=0b1045ab-ce21-4c2d-b77f-8be7bff6846a,FirstNumber=342,secondNumber=1188}  added by thread pool-3-thread-6
 message  {Id=0b1045ab-ce21-4c2d-b77f-8be7bff6846a,FirstNumber=342,secondNumber=1188}  written to file by thread pool-3-thread-3
 message  {Id=56761662-a8cb-4275-b406-aeadba7f3233,FirstNumber=220,secondNumber=1418}  added by thread pool-3-thread-6
 message  {Id=56761662-a8cb-4275-b406-aeadba7f3233,FirstNumber=220,secondNumber=1418}  written to file by thread pool-3-thread-2
 message  {Id=48aaf8b0-bf44-4d02-a59a-38a3fe7a9241,FirstNumber=649,secondNumber=1786}  added by thread pool-3-thread-6
 message  {Id=48aaf8b0-bf44-4d02-a59a-38a3fe7a9241,FirstNumber=649,secondNumber=1786}  written to file by thread pool-3-thread-4
 message  {Id=e12d3e69-a767-41a3-a48a-d29497beb085,FirstNumber=545,secondNumber=14}  added by thread pool-3-thread-6
 message  {Id=e12d3e69-a767-41a3-a48a-d29497beb085,FirstNumber=545,secondNumber=14}  written to file by thread pool-3-thread-5
 message  {Id=0981a028-d8db-4d59-ad16-c7769adfeffc,FirstNumber=960,secondNumber=1002}  added by thread pool-3-thread-6
 message  {Id=0981a028-d8db-4d59-ad16-c7769adfeffc,FirstNumber=960,secondNumber=1002}  written to file by thread pool-3-thread-1
 message  {Id=c953ee68-88e0-4a50-900f-4df1da302001,FirstNumber=306,secondNumber=1134}  added by thread pool-3-thread-6
 message  {Id=c953ee68-88e0-4a50-900f-4df1da302001,FirstNumber=306,secondNumber=1134}  written to file by thread pool-3-thread-1
 message  {Id=69c3e471-eb18-4dd7-bf4c-178da8dd5891,FirstNumber=933,secondNumber=134}  added by thread pool-3-thread-6
 message  {Id=69c3e471-eb18-4dd7-bf4c-178da8dd5891,FirstNumber=933,secondNumber=134}  written to file by thread pool-3-thread-2
 message  {Id=807b9d31-0d80-44db-8730-9d1c850073f9,FirstNumber=27,secondNumber=1182}  added by thread pool-3-thread-6
 message  {Id=807b9d31-0d80-44db-8730-9d1c850073f9,FirstNumber=27,secondNumber=1182}  written to file by thread pool-3-thread-4
 message  {Id=2fb62cc9-3057-4935-b2d3-d7400e6c3b1e,FirstNumber=101,secondNumber=1221}  added by thread pool-3-thread-6
 message  {Id=2fb62cc9-3057-4935-b2d3-d7400e6c3b1e,FirstNumber=101,secondNumber=1221}  written to file by thread pool-3-thread-5
 message  {Id=3d6a97c4-7551-4381-b95d-7af657fe09f0,FirstNumber=827,secondNumber=1577}  added by thread pool-3-thread-6
 message  {Id=3d6a97c4-7551-4381-b95d-7af657fe09f0,FirstNumber=827,secondNumber=1577}  written to file by thread pool-3-thread-5
 message  {Id=872a598f-2af9-4748-8133-fe8c122f43ee,FirstNumber=225,secondNumber=190}  added by thread pool-3-thread-6
 message  {Id=872a598f-2af9-4748-8133-fe8c122f43ee,FirstNumber=225,secondNumber=190}  written to file by thread pool-3-thread-1
 message  {Id=e85bf0d2-c5f6-4a03-a694-f917d77a29b2,FirstNumber=671,secondNumber=1729}  added by thread pool-3-thread-6
 message  {Id=e85bf0d2-c5f6-4a03-a694-f917d77a29b2,FirstNumber=671,secondNumber=1729}  written to file by thread pool-3-thread-1
 message  {Id=e27a7609-e7a3-433b-98dc-710bb6bd27e7,FirstNumber=476,secondNumber=1142}  added by thread pool-3-thread-6
 message  {Id=e27a7609-e7a3-433b-98dc-710bb6bd27e7,FirstNumber=476,secondNumber=1142}  written to file by thread pool-3-thread-4
 message  {Id=95e8c958-3278-4b9a-ae0f-3496d97c1003,FirstNumber=659,secondNumber=42}  added by thread pool-3-thread-6
 message  {Id=95e8c958-3278-4b9a-ae0f-3496d97c1003,FirstNumber=659,secondNumber=42}  written to file by thread pool-3-thread-3
 message  {Id=d463eca4-8bc0-4cec-a004-85f297da7379,FirstNumber=919,secondNumber=357}  added by thread pool-3-thread-6
 message  {Id=d463eca4-8bc0-4cec-a004-85f297da7379,FirstNumber=919,secondNumber=357}  written to file by thread pool-3-thread-5
 message  {Id=618843db-c2fd-40b0-b58c-7c06a0a9b5d3,FirstNumber=204,secondNumber=1815}  added by thread pool-3-thread-6
 message  {Id=618843db-c2fd-40b0-b58c-7c06a0a9b5d3,FirstNumber=204,secondNumber=1815}  written to file by thread pool-3-thread-2
 message  {Id=175ef89f-6afe-43c9-a61c-df562eaa8cf0,FirstNumber=572,secondNumber=1130}  added by thread pool-3-thread-6
 message  {Id=175ef89f-6afe-43c9-a61c-df562eaa8cf0,FirstNumber=572,secondNumber=1130}  written to file by thread pool-3-thread-1
 message  {Id=e180bc4c-85b1-42e0-9627-528e0389a273,FirstNumber=698,secondNumber=1369}  added by thread pool-3-thread-6
 message  {Id=e180bc4c-85b1-42e0-9627-528e0389a273,FirstNumber=698,secondNumber=1369}  written to file by thread pool-3-thread-1
 message  {Id=446c273d-c7a8-478c-a391-a0a70cc968ae,FirstNumber=157,secondNumber=104}  added by thread pool-3-thread-6
 message  {Id=b3fdc14d-f053-4034-9723-2a349b1d879e,FirstNumber=502,secondNumber=1905}  added by thread pool-3-thread-6
 message  {Id=446c273d-c7a8-478c-a391-a0a70cc968ae,FirstNumber=157,secondNumber=104}  written to file by thread pool-3-thread-3
 message  {Id=b3fdc14d-f053-4034-9723-2a349b1d879e,FirstNumber=502,secondNumber=1905}  written to file by thread pool-3-thread-5
 message  {Id=03f425c9-6c2f-40cd-a8fd-817844245732,FirstNumber=235,secondNumber=161}  added by thread pool-3-thread-6
 message  {Id=03f425c9-6c2f-40cd-a8fd-817844245732,FirstNumber=235,secondNumber=161}  written to file by thread pool-3-thread-2
 message  {Id=d626ae89-0cc4-44c4-a7ef-1417af48e4b2,FirstNumber=866,secondNumber=920}  added by thread pool-3-thread-6
 message  {Id=d626ae89-0cc4-44c4-a7ef-1417af48e4b2,FirstNumber=866,secondNumber=920}  written to file by thread pool-3-thread-2
 message  {Id=d97f3200-306d-4faa-8a7f-4815d2fb223f,FirstNumber=368,secondNumber=1332}  added by thread pool-3-thread-6
 message  {Id=d97f3200-306d-4faa-8a7f-4815d2fb223f,FirstNumber=368,secondNumber=1332}  written to file by thread pool-3-thread-1
 message  {Id=5a6d9905-a54a-4e5e-bc82-31f4dfbbf6e4,FirstNumber=136,secondNumber=166}  added by thread pool-3-thread-6
 message  {Id=5a6d9905-a54a-4e5e-bc82-31f4dfbbf6e4,FirstNumber=136,secondNumber=166}  written to file by thread pool-3-thread-1
 message  {Id=abb81ebe-6c1e-4aeb-bb02-269577931ffc,FirstNumber=6,secondNumber=233}  added by thread pool-3-thread-6
 message  {Id=abb81ebe-6c1e-4aeb-bb02-269577931ffc,FirstNumber=6,secondNumber=233}  written to file by thread pool-3-thread-5
 message  {Id=dec3c0ce-cfdf-4707-afd9-7a0fe7e0bab1,FirstNumber=160,secondNumber=165}  added by thread pool-3-thread-6
 message  {Id=dec3c0ce-cfdf-4707-afd9-7a0fe7e0bab1,FirstNumber=160,secondNumber=165}  written to file by thread pool-3-thread-4
 message  {Id=25607575-0138-4ccc-a09c-e997bd6567b9,FirstNumber=577,secondNumber=805}  added by thread pool-3-thread-6
 message  {Id=25607575-0138-4ccc-a09c-e997bd6567b9,FirstNumber=577,secondNumber=805}  written to file by thread pool-3-thread-2
 message  {Id=db273a8a-ae53-493a-bcb4-b171ce03ff79,FirstNumber=72,secondNumber=1876}  added by thread pool-3-thread-6
 message  {Id=db273a8a-ae53-493a-bcb4-b171ce03ff79,FirstNumber=72,secondNumber=1876}  written to file by thread pool-3-thread-2
 message  {Id=25633cb1-de9d-45d8-9de1-d67651c8b0a7,FirstNumber=756,secondNumber=1982}  added by thread pool-3-thread-6
 message  {Id=25633cb1-de9d-45d8-9de1-d67651c8b0a7,FirstNumber=756,secondNumber=1982}  written to file by thread pool-3-thread-1
 message  {Id=a69b3732-b484-46f0-a0f8-a61e5ce6016c,FirstNumber=603,secondNumber=1958}  added by thread pool-3-thread-6
 message  {Id=a69b3732-b484-46f0-a0f8-a61e5ce6016c,FirstNumber=603,secondNumber=1958}  written to file by thread pool-3-thread-1
 message  {Id=1b566d64-6b31-4e8a-912a-50e80ff9dd0c,FirstNumber=951,secondNumber=1513}  added by thread pool-3-thread-6
 message  {Id=1b566d64-6b31-4e8a-912a-50e80ff9dd0c,FirstNumber=951,secondNumber=1513}  written to file by thread pool-3-thread-4
 message  {Id=dcd8da68-4c75-4776-9885-a5f388b05ff5,FirstNumber=79,secondNumber=917}  added by thread pool-3-thread-6
 message  {Id=dcd8da68-4c75-4776-9885-a5f388b05ff5,FirstNumber=79,secondNumber=917}  written to file by thread pool-3-thread-3
 message  {Id=46889ddd-7c5c-4b08-a5fe-b7ac6a03886f,FirstNumber=948,secondNumber=632}  added by thread pool-3-thread-6
 message  {Id=46889ddd-7c5c-4b08-a5fe-b7ac6a03886f,FirstNumber=948,secondNumber=632}  written to file by thread pool-3-thread-2
 message  {Id=9a10405d-ef6d-4851-b7e2-cba26ea2d607,FirstNumber=821,secondNumber=596}  added by thread pool-3-thread-6
 message  {Id=9a10405d-ef6d-4851-b7e2-cba26ea2d607,FirstNumber=821,secondNumber=596}  written to file by thread pool-3-thread-2
 message  {Id=797be624-666b-4dd9-ac47-3b95cce25a7f,FirstNumber=249,secondNumber=1164}  added by thread pool-3-thread-6
 message  {Id=797be624-666b-4dd9-ac47-3b95cce25a7f,FirstNumber=249,secondNumber=1164}  written to file by thread pool-3-thread-1
 message  {Id=433278e2-d313-4b1c-94ae-7fedf9588591,FirstNumber=795,secondNumber=1668}  added by thread pool-3-thread-6
 message  {Id=433278e2-d313-4b1c-94ae-7fedf9588591,FirstNumber=795,secondNumber=1668}  written to file by thread pool-3-thread-1
 message  {Id=444145fc-e1cb-4fe0-a465-f5f25f829a4b,FirstNumber=242,secondNumber=1653}  added by thread pool-3-thread-6
 message  {Id=444145fc-e1cb-4fe0-a465-f5f25f829a4b,FirstNumber=242,secondNumber=1653}  written to file by thread pool-3-thread-3
 message  {Id=1827e6a1-fd17-4242-b2a9-bb1fc5a57cb7,FirstNumber=125,secondNumber=440}  added by thread pool-3-thread-6
 message  {Id=1827e6a1-fd17-4242-b2a9-bb1fc5a57cb7,FirstNumber=125,secondNumber=440}  written to file by thread pool-3-thread-3
 message  {Id=e5c6b7fc-9575-484d-8d5d-0b447b8e095d,FirstNumber=550,secondNumber=1736}  added by thread pool-3-thread-6
 message  {Id=e5c6b7fc-9575-484d-8d5d-0b447b8e095d,FirstNumber=550,secondNumber=1736}  written to file by thread pool-3-thread-2
 message  {Id=0ac14dd1-da1a-4349-b848-9c1719da4228,FirstNumber=217,secondNumber=1167}  added by thread pool-3-thread-6
 message  {Id=0ac14dd1-da1a-4349-b848-9c1719da4228,FirstNumber=217,secondNumber=1167}  written to file by thread pool-3-thread-2
 message  {Id=d9359cd8-e2a3-4490-a821-c0e2635e0a49,FirstNumber=677,secondNumber=1394}  added by thread pool-3-thread-6
 message  {Id=d9359cd8-e2a3-4490-a821-c0e2635e0a49,FirstNumber=677,secondNumber=1394}  written to file by thread pool-3-thread-1
 message  {Id=ef6080a7-19b2-4ba6-b3b7-7c34e7ea76d9,FirstNumber=229,secondNumber=1805}  added by thread pool-3-thread-6
 message  {Id=ef6080a7-19b2-4ba6-b3b7-7c34e7ea76d9,FirstNumber=229,secondNumber=1805}  written to file by thread pool-3-thread-5
 message  {Id=ee851595-d655-4705-babb-b0d6c9832ec4,FirstNumber=368,secondNumber=335}  added by thread pool-3-thread-6
 message  {Id=ee851595-d655-4705-babb-b0d6c9832ec4,FirstNumber=368,secondNumber=335}  written to file by thread pool-3-thread-3
 message  {Id=252b327c-a46e-4d86-9da9-67117214f67f,FirstNumber=924,secondNumber=1094}  added by thread pool-3-thread-6
 message  {Id=252b327c-a46e-4d86-9da9-67117214f67f,FirstNumber=924,secondNumber=1094}  written to file by thread pool-3-thread-3
 message  {Id=a81d61ed-736b-46b6-9d61-af6a141864ff,FirstNumber=659,secondNumber=419}  added by thread pool-3-thread-6
 message  {Id=a81d61ed-736b-46b6-9d61-af6a141864ff,FirstNumber=659,secondNumber=419}  written to file by thread pool-3-thread-2
 message  {Id=e80f7614-fb32-47ab-9717-9870aeb35af1,FirstNumber=385,secondNumber=830}  added by thread pool-3-thread-6
 message  {Id=e80f7614-fb32-47ab-9717-9870aeb35af1,FirstNumber=385,secondNumber=830}  written to file by thread pool-3-thread-2
 message  {Id=f1699e9b-732d-4f0f-a1c2-d7d956ece2c7,FirstNumber=94,secondNumber=219}  added by thread pool-3-thread-6
 message  {Id=f1699e9b-732d-4f0f-a1c2-d7d956ece2c7,FirstNumber=94,secondNumber=219}  written to file by thread pool-3-thread-5
 message  {Id=60c6b0a2-98ef-4363-8d0b-f01ebfbe64c4,FirstNumber=817,secondNumber=3}  added by thread pool-3-thread-6
 message  {Id=60c6b0a2-98ef-4363-8d0b-f01ebfbe64c4,FirstNumber=817,secondNumber=3}  written to file by thread pool-3-thread-4
 message  {Id=6710210c-f270-4819-b720-98e1bfb2ac52,FirstNumber=96,secondNumber=810}  added by thread pool-3-thread-6
 message  {Id=3d5952fe-56e7-430e-8652-b1a7b606e947,FirstNumber=221,secondNumber=1312}  added by thread pool-3-thread-6
 message  {Id=6710210c-f270-4819-b720-98e1bfb2ac52,FirstNumber=96,secondNumber=810}  written to file by thread pool-3-thread-3
 message  {Id=3d5952fe-56e7-430e-8652-b1a7b606e947,FirstNumber=221,secondNumber=1312}  written to file by thread pool-3-thread-1
 message  {Id=5bc4d864-35be-42ae-a386-37e04673aaa6,FirstNumber=949,secondNumber=1346}  added by thread pool-3-thread-6
 message  {Id=5bc4d864-35be-42ae-a386-37e04673aaa6,FirstNumber=949,secondNumber=1346}  written to file by thread pool-3-thread-2
 message  {Id=bf4c16af-0e09-48ce-ae79-892d3ac02b2a,FirstNumber=954,secondNumber=1834}  added by thread pool-3-thread-6
 message  {Id=bf4c16af-0e09-48ce-ae79-892d3ac02b2a,FirstNumber=954,secondNumber=1834}  written to file by thread pool-3-thread-2
 message  {Id=0f025e45-04e3-48b7-8c0d-50769bf244f6,FirstNumber=863,secondNumber=297}  added by thread pool-3-thread-6
 message  {Id=0f025e45-04e3-48b7-8c0d-50769bf244f6,FirstNumber=863,secondNumber=297}  written to file by thread pool-3-thread-4
 message  {Id=3fc375fe-d23b-4f06-96b3-7228e6e1003b,FirstNumber=653,secondNumber=1384}  added by thread pool-3-thread-6
 message  {Id=3fc375fe-d23b-4f06-96b3-7228e6e1003b,FirstNumber=653,secondNumber=1384}  written to file by thread pool-3-thread-4
 message  {Id=0d3f409f-73cf-4751-b627-25c43542e5d0,FirstNumber=994,secondNumber=258}  added by thread pool-3-thread-6
 message  {Id=0d3f409f-73cf-4751-b627-25c43542e5d0,FirstNumber=994,secondNumber=258}  written to file by thread pool-3-thread-1
 message  {Id=3272c89d-bb2a-4ec9-87e1-fa62ce9f66f0,FirstNumber=25,secondNumber=499}  added by thread pool-3-thread-6
 message  {Id=3272c89d-bb2a-4ec9-87e1-fa62ce9f66f0,FirstNumber=25,secondNumber=499}  written to file by thread pool-3-thread-2
 message  {Id=2a54c94a-18d1-4438-ab54-599639990ce4,FirstNumber=643,secondNumber=1639}  added by thread pool-3-thread-6
 message  {Id=ecc609cc-8990-4467-b252-396067d288e7,FirstNumber=997,secondNumber=306}  added by thread pool-3-thread-6
 message  {Id=2a54c94a-18d1-4438-ab54-599639990ce4,FirstNumber=643,secondNumber=1639}  written to file by thread pool-3-thread-5
 message  {Id=ecc609cc-8990-4467-b252-396067d288e7,FirstNumber=997,secondNumber=306}  written to file by thread pool-3-thread-3
 message  {Id=22183d67-791a-47fe-a4d4-68508f147a78,FirstNumber=88,secondNumber=1368}  added by thread pool-3-thread-6
 message  {Id=22183d67-791a-47fe-a4d4-68508f147a78,FirstNumber=88,secondNumber=1368}  written to file by thread pool-3-thread-4
 message  {Id=b6246f2c-3ea9-40e5-bf06-540ce1944f70,FirstNumber=292,secondNumber=278}  added by thread pool-3-thread-6
 message  {Id=b6246f2c-3ea9-40e5-bf06-540ce1944f70,FirstNumber=292,secondNumber=278}  written to file by thread pool-3-thread-4
 message  {Id=8b8a6c41-2788-44a1-94b0-107b4b446d81,FirstNumber=307,secondNumber=477}  added by thread pool-3-thread-6
 message  {Id=8b8a6c41-2788-44a1-94b0-107b4b446d81,FirstNumber=307,secondNumber=477}  written to file by thread pool-3-thread-2
 message  {Id=07e2d083-aa21-477b-abe7-2ce5bea5c36d,FirstNumber=787,secondNumber=936}  added by thread pool-3-thread-6
 message  {Id=07e2d083-aa21-477b-abe7-2ce5bea5c36d,FirstNumber=787,secondNumber=936}  written to file by thread pool-3-thread-5
 message  {Id=824a0927-efbf-4a4c-9cd6-024e8ab86ac4,FirstNumber=690,secondNumber=284}  added by thread pool-3-thread-6
 message  {Id=824a0927-efbf-4a4c-9cd6-024e8ab86ac4,FirstNumber=690,secondNumber=284}  written to file by thread pool-3-thread-3
 message  {Id=e68283fe-993a-4204-bb71-d149bfa88995,FirstNumber=687,secondNumber=1915}  added by thread pool-3-thread-6
 message  {Id=e68283fe-993a-4204-bb71-d149bfa88995,FirstNumber=687,secondNumber=1915}  written to file by thread pool-3-thread-3
 message  {Id=9b19580a-0814-45e9-8ad8-3a34f9287569,FirstNumber=996,secondNumber=1613}  added by thread pool-3-thread-6
 message  {Id=9b19580a-0814-45e9-8ad8-3a34f9287569,FirstNumber=996,secondNumber=1613}  written to file by thread pool-3-thread-3
 message  {Id=9de9cd61-04c6-41b9-a6f7-e90b92999ced,FirstNumber=756,secondNumber=12}  added by thread pool-3-thread-6
 message  {Id=9de9cd61-04c6-41b9-a6f7-e90b92999ced,FirstNumber=756,secondNumber=12}  written to file by thread pool-3-thread-2
 message  {Id=7bb35ccd-6db1-43a7-8c38-bfc8b041b057,FirstNumber=998,secondNumber=857}  added by thread pool-3-thread-6
 message  {Id=7bb35ccd-6db1-43a7-8c38-bfc8b041b057,FirstNumber=998,secondNumber=857}  written to file by thread pool-3-thread-5
 message  {Id=18ca3814-21c8-4b15-bcc3-d9a9f16d321f,FirstNumber=905,secondNumber=1303}  added by thread pool-3-thread-6
 message  {Id=18ca3814-21c8-4b15-bcc3-d9a9f16d321f,FirstNumber=905,secondNumber=1303}  written to file by thread pool-3-thread-5
 message  {Id=40a178ca-bd8a-44f3-ab19-c50f2904ff5f,FirstNumber=165,secondNumber=1457}  added by thread pool-3-thread-6
 message  {Id=c9bf2d03-bac7-4d4f-b5bd-968f25231c58,FirstNumber=437,secondNumber=920}  added by thread pool-3-thread-6
 message  {Id=40a178ca-bd8a-44f3-ab19-c50f2904ff5f,FirstNumber=165,secondNumber=1457}  written to file by thread pool-3-thread-4
 message  {Id=c9bf2d03-bac7-4d4f-b5bd-968f25231c58,FirstNumber=437,secondNumber=920}  written to file by thread pool-3-thread-3
 message  {Id=848a0936-43a2-4e16-8266-0d3757aa0443,FirstNumber=788,secondNumber=789}  added by thread pool-3-thread-6
 message  {Id=848a0936-43a2-4e16-8266-0d3757aa0443,FirstNumber=788,secondNumber=789}  written to file by thread pool-3-thread-2
 message  {Id=5b4106ae-d569-45fc-b05c-9b2a3dceac97,FirstNumber=965,secondNumber=712}  added by thread pool-3-thread-6
 message  {Id=5b4106ae-d569-45fc-b05c-9b2a3dceac97,FirstNumber=965,secondNumber=712}  written to file by thread pool-3-thread-2
 message  {Id=9d4bd1a2-e46d-422d-8075-d0e727ee9273,FirstNumber=618,secondNumber=1801}  added by thread pool-3-thread-6
 message  {Id=9d4bd1a2-e46d-422d-8075-d0e727ee9273,FirstNumber=618,secondNumber=1801}  written to file by thread pool-3-thread-5
 message  {Id=6586831a-b6d3-46c1-9b0f-d0783194b483,FirstNumber=610,secondNumber=323}  added by thread pool-3-thread-6
 message  {Id=6586831a-b6d3-46c1-9b0f-d0783194b483,FirstNumber=610,secondNumber=323}  written to file by thread pool-3-thread-5
 message  {Id=fe76ae17-b9b8-45f8-be98-d58cd3dc90e9,FirstNumber=602,secondNumber=567}  added by thread pool-3-thread-6
 message  {Id=fe76ae17-b9b8-45f8-be98-d58cd3dc90e9,FirstNumber=602,secondNumber=567}  written to file by thread pool-3-thread-3
 message  {Id=1f3d82b8-022a-4488-94a2-17e18afefc82,FirstNumber=698,secondNumber=1787}  added by thread pool-3-thread-6
 message  {Id=1f3d82b8-022a-4488-94a2-17e18afefc82,FirstNumber=698,secondNumber=1787}  written to file by thread pool-3-thread-3
 message  {Id=7816dc07-30f2-4153-9ed1-30c3ea765bca,FirstNumber=368,secondNumber=1666}  added by thread pool-3-thread-6
 message  {Id=9f4c5e98-562c-44ed-b927-8feaf93f990d,FirstNumber=698,secondNumber=883}  added by thread pool-3-thread-6
 message  {Id=7816dc07-30f2-4153-9ed1-30c3ea765bca,FirstNumber=368,secondNumber=1666}  written to file by thread pool-3-thread-2
 message  {Id=9f4c5e98-562c-44ed-b927-8feaf93f990d,FirstNumber=698,secondNumber=883}  written to file by thread pool-3-thread-4
 message  {Id=a10f9cf0-e00f-4de4-b144-335884c7edae,FirstNumber=77,secondNumber=1385}  added by thread pool-3-thread-6
 message  {Id=4422e70b-9807-46bb-8a8c-a3f6b8a98108,FirstNumber=242,secondNumber=103}  added by thread pool-3-thread-6
 message  {Id=a10f9cf0-e00f-4de4-b144-335884c7edae,FirstNumber=77,secondNumber=1385}  written to file by thread pool-3-thread-5
 message  {Id=4422e70b-9807-46bb-8a8c-a3f6b8a98108,FirstNumber=242,secondNumber=103}  written to file by thread pool-3-thread-1
 message  {Id=686516aa-4ad8-413c-b5a1-684aca923b0f,FirstNumber=630,secondNumber=1738}  added by thread pool-3-thread-6
 message  {Id=686516aa-4ad8-413c-b5a1-684aca923b0f,FirstNumber=630,secondNumber=1738}  written to file by thread pool-3-thread-3
 message  {Id=c0b15661-5ee2-4c86-9a61-47d38c8b2484,FirstNumber=905,secondNumber=1450}  added by thread pool-3-thread-6
 message  {Id=c0b15661-5ee2-4c86-9a61-47d38c8b2484,FirstNumber=905,secondNumber=1450}  written to file by thread pool-3-thread-4
 message  {Id=9e35e0db-9eb1-44f5-81ec-b9cc07263fdd,FirstNumber=412,secondNumber=529}  added by thread pool-3-thread-6
 message  {Id=9e35e0db-9eb1-44f5-81ec-b9cc07263fdd,FirstNumber=412,secondNumber=529}  written to file by thread pool-3-thread-2
 message  {Id=50d80865-cffd-4d98-a434-7fd16f895a84,FirstNumber=264,secondNumber=1201}  added by thread pool-3-thread-6
 message  {Id=bbc1ad7c-c818-4f6f-9000-fbabe669deed,FirstNumber=855,secondNumber=754}  added by thread pool-3-thread-6
 message  {Id=50d80865-cffd-4d98-a434-7fd16f895a84,FirstNumber=264,secondNumber=1201}  written to file by thread pool-3-thread-5
 message  {Id=bbc1ad7c-c818-4f6f-9000-fbabe669deed,FirstNumber=855,secondNumber=754}  written to file by thread pool-3-thread-1
 message  {Id=531cac35-d931-4ba5-af87-31fb73e6463f,FirstNumber=552,secondNumber=623}  added by thread pool-3-thread-6
 message  {Id=531cac35-d931-4ba5-af87-31fb73e6463f,FirstNumber=552,secondNumber=623}  written to file by thread pool-3-thread-3
 message  {Id=9ca4055a-8cab-43c6-9e47-049d10df8a75,FirstNumber=682,secondNumber=317}  added by thread pool-3-thread-6
 message  {Id=9ca4055a-8cab-43c6-9e47-049d10df8a75,FirstNumber=682,secondNumber=317}  written to file by thread pool-3-thread-4
 message  {Id=5907e259-8e92-48b0-a7b7-562e003bdbf5,FirstNumber=435,secondNumber=1992}  added by thread pool-3-thread-6
 message  {Id=5907e259-8e92-48b0-a7b7-562e003bdbf5,FirstNumber=435,secondNumber=1992}  written to file by thread pool-3-thread-2
 message  {Id=4607f952-e6b3-4902-80d9-1373673e030f,FirstNumber=801,secondNumber=1267}  added by thread pool-3-thread-6
 message  {Id=6689538b-8c32-47fc-8e7f-20af9f72901e,FirstNumber=246,secondNumber=874}  added by thread pool-3-thread-6
 message  {Id=4607f952-e6b3-4902-80d9-1373673e030f,FirstNumber=801,secondNumber=1267}  written to file by thread pool-3-thread-5
 message  {Id=6689538b-8c32-47fc-8e7f-20af9f72901e,FirstNumber=246,secondNumber=874}  written to file by thread pool-3-thread-2
 message  {Id=b579b7e7-cfd4-444e-a156-9ba158978c8d,FirstNumber=264,secondNumber=1750}  added by thread pool-3-thread-6
 message  {Id=b579b7e7-cfd4-444e-a156-9ba158978c8d,FirstNumber=264,secondNumber=1750}  written to file by thread pool-3-thread-3
 message  {Id=646600a3-a50d-4288-8fbf-671b4ed4268b,FirstNumber=614,secondNumber=826}  added by thread pool-3-thread-6
 message  {Id=646600a3-a50d-4288-8fbf-671b4ed4268b,FirstNumber=614,secondNumber=826}  written to file by thread pool-3-thread-3
 message  {Id=97ea5e5e-6979-4df6-b65a-bea2ad9d4d13,FirstNumber=354,secondNumber=1422}  added by thread pool-3-thread-6
 message  {Id=97ea5e5e-6979-4df6-b65a-bea2ad9d4d13,FirstNumber=354,secondNumber=1422}  written to file by thread pool-3-thread-1
 message  {Id=32780172-9021-4107-938a-b8edbeb5254f,FirstNumber=703,secondNumber=1515}  added by thread pool-3-thread-6
 message  {Id=32780172-9021-4107-938a-b8edbeb5254f,FirstNumber=703,secondNumber=1515}  written to file by thread pool-3-thread-1
 message  {Id=96516017-5eea-4c22-915a-4ec2806e2f96,FirstNumber=746,secondNumber=1837}  added by thread pool-3-thread-6
 message  {Id=9852368a-1919-4992-b2d5-a68bbab5f54d,FirstNumber=409,secondNumber=1421}  added by thread pool-3-thread-6
 message  {Id=96516017-5eea-4c22-915a-4ec2806e2f96,FirstNumber=746,secondNumber=1837}  written to file by thread pool-3-thread-5
 message  {Id=9852368a-1919-4992-b2d5-a68bbab5f54d,FirstNumber=409,secondNumber=1421}  written to file by thread pool-3-thread-4
 message  {Id=e8170b6e-2bb8-4b15-8344-758435a8f7d2,FirstNumber=331,secondNumber=1054}  added by thread pool-3-thread-6
 message  {Id=e8170b6e-2bb8-4b15-8344-758435a8f7d2,FirstNumber=331,secondNumber=1054}  written to file by thread pool-3-thread-3
 message  {Id=465a9671-c829-4976-a587-e61aa841cd9c,FirstNumber=861,secondNumber=1793}  added by thread pool-3-thread-6
 message  {Id=465a9671-c829-4976-a587-e61aa841cd9c,FirstNumber=861,secondNumber=1793}  written to file by thread pool-3-thread-3
 message  {Id=d84d7857-7803-48ff-849f-531fe5825291,FirstNumber=86,secondNumber=610}  added by thread pool-3-thread-6
 message  {Id=d84d7857-7803-48ff-849f-531fe5825291,FirstNumber=86,secondNumber=610}  written to file by thread pool-3-thread-2
 message  {Id=369adf9d-7400-4916-b637-ee8eb7b1161f,FirstNumber=179,secondNumber=509}  added by thread pool-3-thread-6
 message  {Id=369adf9d-7400-4916-b637-ee8eb7b1161f,FirstNumber=179,secondNumber=509}  written to file by thread pool-3-thread-2
 message  {Id=60569cac-781a-422d-b9ab-62ad529c9fdc,FirstNumber=570,secondNumber=1823}  added by thread pool-3-thread-6
 message  {Id=60569cac-781a-422d-b9ab-62ad529c9fdc,FirstNumber=570,secondNumber=1823}  written to file by thread pool-3-thread-5
 message  {Id=2b78ffa0-adf1-4edd-950d-e7822da10842,FirstNumber=909,secondNumber=1951}  added by thread pool-3-thread-6
 message  {Id=2b78ffa0-adf1-4edd-950d-e7822da10842,FirstNumber=909,secondNumber=1951}  written to file by thread pool-3-thread-1
 message  {Id=d5b84d68-e414-4b83-81f1-71ddfef53c9e,FirstNumber=16,secondNumber=932}  added by thread pool-3-thread-6
 message  {Id=d5b84d68-e414-4b83-81f1-71ddfef53c9e,FirstNumber=16,secondNumber=932}  written to file by thread pool-3-thread-3
 message  {Id=ee569f66-5d1f-4bd3-8e65-5785b2566111,FirstNumber=556,secondNumber=503}  added by thread pool-3-thread-6
 message  {Id=ee569f66-5d1f-4bd3-8e65-5785b2566111,FirstNumber=556,secondNumber=503}  written to file by thread pool-3-thread-3
 message  {Id=870d7614-3c3a-45e1-b2f3-daaf1898b6b6,FirstNumber=902,secondNumber=605}  added by thread pool-3-thread-6
 message  {Id=870d7614-3c3a-45e1-b2f3-daaf1898b6b6,FirstNumber=902,secondNumber=605}  written to file by thread pool-3-thread-4
 message  {Id=1f592943-c91f-49b7-a0d9-08a46dc754c8,FirstNumber=990,secondNumber=243}  added by thread pool-3-thread-6
 message  {Id=1f592943-c91f-49b7-a0d9-08a46dc754c8,FirstNumber=990,secondNumber=243}  written to file by thread pool-3-thread-5
 message  {Id=024a9427-88fe-42bb-becb-4eadd8402458,FirstNumber=303,secondNumber=1885}  added by thread pool-3-thread-6
 message  {Id=024a9427-88fe-42bb-becb-4eadd8402458,FirstNumber=303,secondNumber=1885}  written to file by thread pool-3-thread-1
 message  {Id=2abd1595-8c5c-4109-bcaa-1b2e2dd0ca8e,FirstNumber=955,secondNumber=1948}  added by thread pool-3-thread-6
 message  {Id=2abd1595-8c5c-4109-bcaa-1b2e2dd0ca8e,FirstNumber=955,secondNumber=1948}  written to file by thread pool-3-thread-2
 message  {Id=c4b045e7-2c30-4558-b295-28f99a4079c7,FirstNumber=432,secondNumber=1016}  added by thread pool-3-thread-6
 message  {Id=c4b045e7-2c30-4558-b295-28f99a4079c7,FirstNumber=432,secondNumber=1016}  written to file by thread pool-3-thread-3
 message  {Id=bfc0c5b6-4426-4455-b7a1-5749d3591d52,FirstNumber=454,secondNumber=994}  added by thread pool-3-thread-6
 message  {Id=bfc0c5b6-4426-4455-b7a1-5749d3591d52,FirstNumber=454,secondNumber=994}  written to file by thread pool-3-thread-4
 message  {Id=52a5ba21-29c2-4f07-b946-6fbde544a290,FirstNumber=605,secondNumber=1902}  added by thread pool-3-thread-6
 message  {Id=45cc9b0c-afbf-48f1-a3f1-30742d97dbbf,FirstNumber=615,secondNumber=1239}  added by thread pool-3-thread-6
 message  {Id=52a5ba21-29c2-4f07-b946-6fbde544a290,FirstNumber=605,secondNumber=1902}  written to file by thread pool-3-thread-5
 message  {Id=45cc9b0c-afbf-48f1-a3f1-30742d97dbbf,FirstNumber=615,secondNumber=1239}  written to file by thread pool-3-thread-1
 message  {Id=54eb79f3-9569-4875-a704-64595ceb98d1,FirstNumber=226,secondNumber=1355}  added by thread pool-3-thread-6
 message  {Id=54eb79f3-9569-4875-a704-64595ceb98d1,FirstNumber=226,secondNumber=1355}  written to file by thread pool-3-thread-2
 message  {Id=bb853352-a62f-4957-a2a7-de0dbb712899,FirstNumber=206,secondNumber=1260}  added by thread pool-3-thread-6
 message  {Id=bb853352-a62f-4957-a2a7-de0dbb712899,FirstNumber=206,secondNumber=1260}  written to file by thread pool-3-thread-2
 message  {Id=9d7991df-a6c2-4406-b959-d375cf2785ae,FirstNumber=925,secondNumber=393}  added by thread pool-3-thread-6
 message  {Id=9d7991df-a6c2-4406-b959-d375cf2785ae,FirstNumber=925,secondNumber=393}  written to file by thread pool-3-thread-4
 message  {Id=5ba07a43-b46b-45d3-95bb-dcc7d8be1a60,FirstNumber=31,secondNumber=897}  written to file by thread pool-3-thread-4
 message  {Id=5ba07a43-b46b-45d3-95bb-dcc7d8be1a60,FirstNumber=31,secondNumber=897}  added by thread pool-3-thread-6
 message  {Id=044d9ac9-5669-4006-b0eb-614bcc97ae11,FirstNumber=591,secondNumber=572}  added by thread pool-3-thread-6
 message  {Id=044d9ac9-5669-4006-b0eb-614bcc97ae11,FirstNumber=591,secondNumber=572}  written to file by thread pool-3-thread-1
 message  {Id=03b6f8af-1ca4-4f6a-bd48-0eb095fa62c1,FirstNumber=810,secondNumber=718}  added by thread pool-3-thread-6
 message  {Id=03b6f8af-1ca4-4f6a-bd48-0eb095fa62c1,FirstNumber=810,secondNumber=718}  written to file by thread pool-3-thread-3
 message  {Id=b46e4e73-fd90-494e-99b8-73a35d7c0d22,FirstNumber=963,secondNumber=619}  added by thread pool-3-thread-6
 message  {Id=b46e4e73-fd90-494e-99b8-73a35d7c0d22,FirstNumber=963,secondNumber=619}  written to file by thread pool-3-thread-3
 message  {Id=d652917a-d2e1-4121-97e0-8bb0f2ab17bb,FirstNumber=704,secondNumber=1121}  added by thread pool-3-thread-6
 message  {Id=d652917a-d2e1-4121-97e0-8bb0f2ab17bb,FirstNumber=704,secondNumber=1121}  written to file by thread pool-3-thread-5
 message  {Id=e9be0210-4ed4-4668-9fdf-45c9dd4412f2,FirstNumber=357,secondNumber=1171}  added by thread pool-3-thread-6
 message  {Id=e9be0210-4ed4-4668-9fdf-45c9dd4412f2,FirstNumber=357,secondNumber=1171}  written to file by thread pool-3-thread-4
 message  {Id=47a5d37a-c44a-45b7-a18b-b05039e949f5,FirstNumber=452,secondNumber=761}  added by thread pool-3-thread-6
 message  {Id=47a5d37a-c44a-45b7-a18b-b05039e949f5,FirstNumber=452,secondNumber=761}  written to file by thread pool-3-thread-1
 message  {Id=9138fb7b-8e8f-44b4-9b46-4cffcc78cf90,FirstNumber=314,secondNumber=1988}  added by thread pool-3-thread-6
 message  {Id=9138fb7b-8e8f-44b4-9b46-4cffcc78cf90,FirstNumber=314,secondNumber=1988}  written to file by thread pool-3-thread-2
 message  {Id=2e3a6b45-d955-41c6-a1cc-ab796be36513,FirstNumber=552,secondNumber=1709}  added by thread pool-3-thread-6
 message  {Id=2e3a6b45-d955-41c6-a1cc-ab796be36513,FirstNumber=552,secondNumber=1709}  written to file by thread pool-3-thread-3
 message  {Id=3b34e372-7d82-42bc-943c-5c53290a105a,FirstNumber=368,secondNumber=84}  added by thread pool-3-thread-6
 message  {Id=3b34e372-7d82-42bc-943c-5c53290a105a,FirstNumber=368,secondNumber=84}  written to file by thread pool-3-thread-3
 message  {Id=bc559230-7e08-4bc1-9ad4-06d19ff1387f,FirstNumber=956,secondNumber=1089}  added by thread pool-3-thread-6
 message  {Id=bc559230-7e08-4bc1-9ad4-06d19ff1387f,FirstNumber=956,secondNumber=1089}  written to file by thread pool-3-thread-3
 message  {Id=73d5eee6-cd01-4d95-86a0-a217e7c3c47e,FirstNumber=482,secondNumber=457}  added by thread pool-3-thread-6
 message  {Id=73d5eee6-cd01-4d95-86a0-a217e7c3c47e,FirstNumber=482,secondNumber=457}  written to file by thread pool-3-thread-1
 message  {Id=9fc6f155-ed97-4e59-beab-db58bec78419,FirstNumber=810,secondNumber=1380}  added by thread pool-3-thread-6
 message  {Id=9fc6f155-ed97-4e59-beab-db58bec78419,FirstNumber=810,secondNumber=1380}  written to file by thread pool-3-thread-1
 message  {Id=adcffb2f-ec22-4138-8e71-73664734c513,FirstNumber=286,secondNumber=244}  added by thread pool-3-thread-6
 message  {Id=adcffb2f-ec22-4138-8e71-73664734c513,FirstNumber=286,secondNumber=244}  written to file by thread pool-3-thread-5
 message  {Id=9aed789a-ca93-403b-9c75-f50d6a690885,FirstNumber=864,secondNumber=460}  added by thread pool-3-thread-6
 message  {Id=9aed789a-ca93-403b-9c75-f50d6a690885,FirstNumber=864,secondNumber=460}  written to file by thread pool-3-thread-4
 message  {Id=35a2722b-4e54-482a-bfd1-821920789882,FirstNumber=781,secondNumber=440}  added by thread pool-3-thread-6
 message  {Id=35a2722b-4e54-482a-bfd1-821920789882,FirstNumber=781,secondNumber=440}  written to file by thread pool-3-thread-3
 message  {Id=106d7bd9-2efe-4071-956a-dcb3f1efe2e2,FirstNumber=847,secondNumber=1363}  added by thread pool-3-thread-6
 message  {Id=106d7bd9-2efe-4071-956a-dcb3f1efe2e2,FirstNumber=847,secondNumber=1363}  written to file by thread pool-3-thread-3
 message  {Id=030c1d44-36c9-4fce-9d0f-b727e952cf3d,FirstNumber=188,secondNumber=1347}  added by thread pool-3-thread-6
 message  {Id=030c1d44-36c9-4fce-9d0f-b727e952cf3d,FirstNumber=188,secondNumber=1347}  written to file by thread pool-3-thread-1
 message  {Id=a82445f1-ca45-47cb-9172-19e84c4ccc05,FirstNumber=39,secondNumber=833}  added by thread pool-3-thread-6
 message  {Id=a5088192-789e-4c52-bfab-63da36b7e053,FirstNumber=653,secondNumber=1921}  added by thread pool-3-thread-6
 message  {Id=a82445f1-ca45-47cb-9172-19e84c4ccc05,FirstNumber=39,secondNumber=833}  written to file by thread pool-3-thread-5
 message  {Id=a5088192-789e-4c52-bfab-63da36b7e053,FirstNumber=653,secondNumber=1921}  written to file by thread pool-3-thread-4
 message  {Id=936b4405-5091-4cce-8d5e-d7922cbc03c2,FirstNumber=55,secondNumber=1980}  added by thread pool-3-thread-6
 message  {Id=936b4405-5091-4cce-8d5e-d7922cbc03c2,FirstNumber=55,secondNumber=1980}  written to file by thread pool-3-thread-2
 message  {Id=d10380a0-5bf6-4302-b603-762e15d75c1d,FirstNumber=817,secondNumber=1136}  added by thread pool-3-thread-6
 message  {Id=d10380a0-5bf6-4302-b603-762e15d75c1d,FirstNumber=817,secondNumber=1136}  written to file by thread pool-3-thread-3
 message  {Id=9e0cb972-1618-4401-b329-21b415b77009,FirstNumber=257,secondNumber=1662}  added by thread pool-3-thread-6
 message  {Id=9e0cb972-1618-4401-b329-21b415b77009,FirstNumber=257,secondNumber=1662}  written to file by thread pool-3-thread-1
 message  {Id=03ae1ece-1c16-4264-aeb3-9a83aa529eaa,FirstNumber=49,secondNumber=1124}  added by thread pool-3-thread-6
 message  {Id=f06d12c8-c844-474d-a9dd-8eb78b67dba1,FirstNumber=116,secondNumber=817}  added by thread pool-3-thread-6
 message  {Id=03ae1ece-1c16-4264-aeb3-9a83aa529eaa,FirstNumber=49,secondNumber=1124}  written to file by thread pool-3-thread-5
 message  {Id=f06d12c8-c844-474d-a9dd-8eb78b67dba1,FirstNumber=116,secondNumber=817}  written to file by thread pool-3-thread-4
 message  {Id=7a703201-35b5-459c-816c-4c351534d5f3,FirstNumber=468,secondNumber=454}  added by thread pool-3-thread-6
 message  {Id=7a703201-35b5-459c-816c-4c351534d5f3,FirstNumber=468,secondNumber=454}  written to file by thread pool-3-thread-2
 message  {Id=154d5e23-4afd-420c-8e3d-faf650414fa4,FirstNumber=277,secondNumber=187}  added by thread pool-3-thread-6
 message  {Id=154d5e23-4afd-420c-8e3d-faf650414fa4,FirstNumber=277,secondNumber=187}  written to file by thread pool-3-thread-3
 message  {Id=2de9ef5b-009f-4c4b-93ee-09e7cbf081c4,FirstNumber=534,secondNumber=426}  added by thread pool-3-thread-6
 message  {Id=2de9ef5b-009f-4c4b-93ee-09e7cbf081c4,FirstNumber=534,secondNumber=426}  written to file by thread pool-3-thread-3
 message  {Id=ed0f7cd5-df0c-4aa0-8a89-0d79f0216fa0,FirstNumber=640,secondNumber=1832}  added by thread pool-3-thread-6
 message  {Id=ed0f7cd5-df0c-4aa0-8a89-0d79f0216fa0,FirstNumber=640,secondNumber=1832}  written to file by thread pool-3-thread-5
 message  {Id=c57201b3-4006-4589-aac4-e53e91aaf791,FirstNumber=170,secondNumber=354}  added by thread pool-3-thread-6
 message  {Id=c57201b3-4006-4589-aac4-e53e91aaf791,FirstNumber=170,secondNumber=354}  written to file by thread pool-3-thread-4
 message  {Id=ca6afb4d-93fe-4540-bdf1-3e7126975bf0,FirstNumber=819,secondNumber=1398}  added by thread pool-3-thread-6
 message  {Id=ca6afb4d-93fe-4540-bdf1-3e7126975bf0,FirstNumber=819,secondNumber=1398}  written to file by thread pool-3-thread-2
 message  {Id=aac0e9a4-96c9-4fac-a12d-c14e41bdc032,FirstNumber=662,secondNumber=1280}  added by thread pool-3-thread-6
 message  {Id=aac0e9a4-96c9-4fac-a12d-c14e41bdc032,FirstNumber=662,secondNumber=1280}  written to file by thread pool-3-thread-1
 message  {Id=6a2fc261-8b3e-46ed-ba5b-7dfd4e2b28b4,FirstNumber=338,secondNumber=643}  added by thread pool-3-thread-6
 message  {Id=6a2fc261-8b3e-46ed-ba5b-7dfd4e2b28b4,FirstNumber=338,secondNumber=643}  written to file by thread pool-3-thread-3
 message  {Id=754af4c5-4096-4e72-97f4-878a9119fa09,FirstNumber=743,secondNumber=1087}  added by thread pool-3-thread-6
 message  {Id=754af4c5-4096-4e72-97f4-878a9119fa09,FirstNumber=743,secondNumber=1087}  written to file by thread pool-3-thread-3
 message  {Id=c8ac45ca-1533-45d0-9039-0ba0695be78a,FirstNumber=293,secondNumber=1570}  added by thread pool-3-thread-6
 message  {Id=c8ac45ca-1533-45d0-9039-0ba0695be78a,FirstNumber=293,secondNumber=1570}  written to file by thread pool-3-thread-3
 message  {Id=aa72af70-62bf-4543-86a9-814c1ec59cbe,FirstNumber=400,secondNumber=1977}  added by thread pool-3-thread-6
 message  {Id=aa72af70-62bf-4543-86a9-814c1ec59cbe,FirstNumber=400,secondNumber=1977}  written to file by thread pool-3-thread-2
 message  {Id=5923abb9-33d2-4859-93e3-d3734d15bb9b,FirstNumber=802,secondNumber=358}  added by thread pool-3-thread-6
 message  {Id=5923abb9-33d2-4859-93e3-d3734d15bb9b,FirstNumber=802,secondNumber=358}  written to file by thread pool-3-thread-1
 message  {Id=a6a430ac-d1af-4fc4-9487-dd95daa387b4,FirstNumber=139,secondNumber=1705}  added by thread pool-3-thread-6
 message  {Id=a6a430ac-d1af-4fc4-9487-dd95daa387b4,FirstNumber=139,secondNumber=1705}  written to file by thread pool-3-thread-5
 message  {Id=c9487a1f-ad6d-4abb-ac7b-0d982c68f71e,FirstNumber=401,secondNumber=1593}  added by thread pool-3-thread-6
 message  {Id=c9487a1f-ad6d-4abb-ac7b-0d982c68f71e,FirstNumber=401,secondNumber=1593}  written to file by thread pool-3-thread-4
 message  {Id=c364a980-43bf-4b65-94ef-ef0006a3d613,FirstNumber=274,secondNumber=920}  added by thread pool-3-thread-6
 message  {Id=c364a980-43bf-4b65-94ef-ef0006a3d613,FirstNumber=274,secondNumber=920}  written to file by thread pool-3-thread-3
 message  {Id=5a1624c7-2234-4cb8-8741-ff249c3d771f,FirstNumber=692,secondNumber=218}  added by thread pool-3-thread-6
 message  {Id=5a1624c7-2234-4cb8-8741-ff249c3d771f,FirstNumber=692,secondNumber=218}  written to file by thread pool-3-thread-3
 message  {Id=bd9edaaa-f2fe-4f38-8ef2-302ee8e9887e,FirstNumber=29,secondNumber=1326}  added by thread pool-3-thread-6
 message  {Id=bd9edaaa-f2fe-4f38-8ef2-302ee8e9887e,FirstNumber=29,secondNumber=1326}  written to file by thread pool-3-thread-1
 message  {Id=d6210dfa-d174-4817-b20c-198254a3e739,FirstNumber=402,secondNumber=1971}  added by thread pool-3-thread-6
 message  {Id=d6210dfa-d174-4817-b20c-198254a3e739,FirstNumber=402,secondNumber=1971}  written to file by thread pool-3-thread-5
 message  {Id=1cecc47e-5061-43ed-86d9-612bca34d833,FirstNumber=416,secondNumber=752}  added by thread pool-3-thread-6
 message  {Id=1cecc47e-5061-43ed-86d9-612bca34d833,FirstNumber=416,secondNumber=752}  written to file by thread pool-3-thread-5
 message  {Id=dcd52057-8299-4e95-a9a5-deefab9d2864,FirstNumber=52,secondNumber=1142}  added by thread pool-3-thread-6
 message  {Id=dcd52057-8299-4e95-a9a5-deefab9d2864,FirstNumber=52,secondNumber=1142}  written to file by thread pool-3-thread-5
 message  {Id=d1e225fb-c007-4282-86ad-6f7d13013046,FirstNumber=792,secondNumber=1010}  added by thread pool-3-thread-6
 message  {Id=d1e225fb-c007-4282-86ad-6f7d13013046,FirstNumber=792,secondNumber=1010}  written to file by thread pool-3-thread-3
 message  {Id=7d4ccfce-2178-4629-859e-cde0ab0f85fa,FirstNumber=783,secondNumber=52}  added by thread pool-3-thread-6
 message  {Id=7d4ccfce-2178-4629-859e-cde0ab0f85fa,FirstNumber=783,secondNumber=52}  written to file by thread pool-3-thread-1
 message  {Id=ab1a13f8-868d-4d2e-a9fe-e0635c002a87,FirstNumber=427,secondNumber=1338}  added by thread pool-3-thread-6
 message  {Id=ab1a13f8-868d-4d2e-a9fe-e0635c002a87,FirstNumber=427,secondNumber=1338}  written to file by thread pool-3-thread-4
 message  {Id=b334a37a-515f-4dfb-b954-49b5754222d6,FirstNumber=593,secondNumber=1995}  added by thread pool-3-thread-6
 message  {Id=b334a37a-515f-4dfb-b954-49b5754222d6,FirstNumber=593,secondNumber=1995}  written to file by thread pool-3-thread-2
 message  {Id=237ba3ea-5619-404c-b730-774ea60af743,FirstNumber=570,secondNumber=1732}  added by thread pool-3-thread-6
 message  {Id=237ba3ea-5619-404c-b730-774ea60af743,FirstNumber=570,secondNumber=1732}  written to file by thread pool-3-thread-5
 message  {Id=a0136d0f-521e-4c5e-afa6-ebb0c0eb1a64,FirstNumber=177,secondNumber=94}  added by thread pool-3-thread-6
 message  {Id=a0136d0f-521e-4c5e-afa6-ebb0c0eb1a64,FirstNumber=177,secondNumber=94}  written to file by thread pool-3-thread-3
 message  {Id=642fd832-e847-4fb4-ac99-94c196a0ba37,FirstNumber=109,secondNumber=668}  added by thread pool-3-thread-6
 message  {Id=642fd832-e847-4fb4-ac99-94c196a0ba37,FirstNumber=109,secondNumber=668}  written to file by thread pool-3-thread-3
 message  {Id=53428a0a-6ae0-4182-8ddf-97729ff8830a,FirstNumber=213,secondNumber=451}  added by thread pool-3-thread-6
 message  {Id=53428a0a-6ae0-4182-8ddf-97729ff8830a,FirstNumber=213,secondNumber=451}  written to file by thread pool-3-thread-4
 message  {Id=b3e7f4c4-f26d-4b3c-a920-a2081e854053,FirstNumber=702,secondNumber=1670}  added by thread pool-3-thread-6
 message  {Id=b3e7f4c4-f26d-4b3c-a920-a2081e854053,FirstNumber=702,secondNumber=1670}  written to file by thread pool-3-thread-2
 message  {Id=f6e47add-7098-4ae2-9aa4-f4d945827da6,FirstNumber=867,secondNumber=673}  added by thread pool-3-thread-6
 message  {Id=f6e47add-7098-4ae2-9aa4-f4d945827da6,FirstNumber=867,secondNumber=673}  written to file by thread pool-3-thread-2
 message  {Id=27f27518-3f33-49e1-bedd-cb6a5f5c5b1e,FirstNumber=532,secondNumber=16}  added by thread pool-3-thread-6
 message  {Id=27f27518-3f33-49e1-bedd-cb6a5f5c5b1e,FirstNumber=532,secondNumber=16}  written to file by thread pool-3-thread-1
 message  {Id=976edaaf-1bc1-4dbd-88fe-ef623a9efe59,FirstNumber=589,secondNumber=445}  added by thread pool-3-thread-6
 message  {Id=976edaaf-1bc1-4dbd-88fe-ef623a9efe59,FirstNumber=589,secondNumber=445}  written to file by thread pool-3-thread-1
 message  {Id=36836abe-ad56-4fb8-9d39-e943b067a8b2,FirstNumber=665,secondNumber=462}  added by thread pool-3-thread-6
 message  {Id=36836abe-ad56-4fb8-9d39-e943b067a8b2,FirstNumber=665,secondNumber=462}  written to file by thread pool-3-thread-4
 message  {Id=35adcb21-399a-4ddb-b914-a608c5de0359,FirstNumber=151,secondNumber=1584}  added by thread pool-3-thread-6
 message  {Id=35adcb21-399a-4ddb-b914-a608c5de0359,FirstNumber=151,secondNumber=1584}  written to file by thread pool-3-thread-5
 message  {Id=9fe78fdd-ce34-4216-9b25-5c3359264a7d,FirstNumber=146,secondNumber=32}  added by thread pool-3-thread-6
 message  {Id=9fe78fdd-ce34-4216-9b25-5c3359264a7d,FirstNumber=146,secondNumber=32}  written to file by thread pool-3-thread-2
 message  {Id=7fa4f8f6-bce3-4ad5-aeae-6c60827ccc6e,FirstNumber=968,secondNumber=962}  added by thread pool-3-thread-6
 message  {Id=7fa4f8f6-bce3-4ad5-aeae-6c60827ccc6e,FirstNumber=968,secondNumber=962}  written to file by thread pool-3-thread-3
 message  {Id=f23f461e-ff4e-4f20-92f8-c8793ca06a11,FirstNumber=447,secondNumber=1927}  added by thread pool-3-thread-6
 message  {Id=f23f461e-ff4e-4f20-92f8-c8793ca06a11,FirstNumber=447,secondNumber=1927}  written to file by thread pool-3-thread-1
 message  {Id=a07776b3-7fd7-4847-bd63-e949d1b6f74f,FirstNumber=744,secondNumber=731}  added by thread pool-3-thread-6
 message  {Id=a07776b3-7fd7-4847-bd63-e949d1b6f74f,FirstNumber=744,secondNumber=731}  written to file by thread pool-3-thread-1
 message  {Id=7a4a7d0d-01db-4d87-8ca9-81c4c6ddef65,FirstNumber=720,secondNumber=799}  added by thread pool-3-thread-6
 message  {Id=059acb41-99cf-4d8e-8877-46df384bc2db,FirstNumber=391,secondNumber=988}  added by thread pool-3-thread-6
 message  {Id=7a4a7d0d-01db-4d87-8ca9-81c4c6ddef65,FirstNumber=720,secondNumber=799}  written to file by thread pool-3-thread-5
 message  {Id=059acb41-99cf-4d8e-8877-46df384bc2db,FirstNumber=391,secondNumber=988}  written to file by thread pool-3-thread-2
 message  {Id=bf96150e-0aa9-4eac-bf9c-911d6cec8cab,FirstNumber=462,secondNumber=1784}  added by thread pool-3-thread-6
 message  {Id=bf96150e-0aa9-4eac-bf9c-911d6cec8cab,FirstNumber=462,secondNumber=1784}  written to file by thread pool-3-thread-3
 message  {Id=299d2ebf-174e-4541-a474-e96bcb3033f6,FirstNumber=712,secondNumber=1720}  added by thread pool-3-thread-6
 message  {Id=299d2ebf-174e-4541-a474-e96bcb3033f6,FirstNumber=712,secondNumber=1720}  written to file by thread pool-3-thread-3
 message  {Id=731356ae-fcff-4865-83f0-81f609479575,FirstNumber=157,secondNumber=1452}  added by thread pool-3-thread-6
 message  {Id=731356ae-fcff-4865-83f0-81f609479575,FirstNumber=157,secondNumber=1452}  written to file by thread pool-3-thread-1
 message  {Id=245c23ae-6d3a-4c22-8018-3871b46593ad,FirstNumber=753,secondNumber=829}  added by thread pool-3-thread-6
 message  {Id=245c23ae-6d3a-4c22-8018-3871b46593ad,FirstNumber=753,secondNumber=829}  written to file by thread pool-3-thread-5
 message  {Id=7891f997-745b-4c10-be76-471eebd0be93,FirstNumber=890,secondNumber=594}  added by thread pool-3-thread-6
 message  {Id=7891f997-745b-4c10-be76-471eebd0be93,FirstNumber=890,secondNumber=594}  written to file by thread pool-3-thread-2
 message  {Id=067f7a07-7bf3-4582-9d01-49614e6d4004,FirstNumber=247,secondNumber=272}  added by thread pool-3-thread-6
 message  {Id=067f7a07-7bf3-4582-9d01-49614e6d4004,FirstNumber=247,secondNumber=272}  written to file by thread pool-3-thread-4
 message  {Id=39d609b2-aecf-4654-8148-ca419d50bd8a,FirstNumber=727,secondNumber=354}  added by thread pool-3-thread-6
 message  {Id=39d609b2-aecf-4654-8148-ca419d50bd8a,FirstNumber=727,secondNumber=354}  written to file by thread pool-3-thread-3
 message  {Id=83f75057-7ace-4b01-9cc7-64f37717f8ff,FirstNumber=745,secondNumber=1091}  added by thread pool-3-thread-6
 message  {Id=83f75057-7ace-4b01-9cc7-64f37717f8ff,FirstNumber=745,secondNumber=1091}  written to file by thread pool-3-thread-1
 message  {Id=c4eb7252-ce2f-4960-b1d2-011ca94a7819,FirstNumber=401,secondNumber=1162}  added by thread pool-3-thread-6
 message  {Id=78e62905-2a88-4248-9d79-0c445585150b,FirstNumber=908,secondNumber=792}  added by thread pool-3-thread-6
 message  {Id=c4eb7252-ce2f-4960-b1d2-011ca94a7819,FirstNumber=401,secondNumber=1162}  written to file by thread pool-3-thread-5
 message  {Id=78e62905-2a88-4248-9d79-0c445585150b,FirstNumber=908,secondNumber=792}  written to file by thread pool-3-thread-2
 message  {Id=fd701464-1006-472a-8a86-85136cae4570,FirstNumber=577,secondNumber=1947}  added by thread pool-3-thread-6
 message  {Id=fd701464-1006-472a-8a86-85136cae4570,FirstNumber=577,secondNumber=1947}  written to file by thread pool-3-thread-4
 message  {Id=35e5e465-d50d-4ad6-8c09-87bb54a50fef,FirstNumber=632,secondNumber=1431}  added by thread pool-3-thread-6
 message  {Id=35e5e465-d50d-4ad6-8c09-87bb54a50fef,FirstNumber=632,secondNumber=1431}  written to file by thread pool-3-thread-3
 message  {Id=f6c81e78-9fbe-4a2a-9730-8cddf1c58b6e,FirstNumber=911,secondNumber=579}  added by thread pool-3-thread-6
 message  {Id=f6c81e78-9fbe-4a2a-9730-8cddf1c58b6e,FirstNumber=911,secondNumber=579}  written to file by thread pool-3-thread-1
 message  {Id=b19564ca-564a-40f7-93fd-7a089be735c5,FirstNumber=316,secondNumber=85}  added by thread pool-3-thread-6
 message  {Id=b19564ca-564a-40f7-93fd-7a089be735c5,FirstNumber=316,secondNumber=85}  written to file by thread pool-3-thread-5
 message  {Id=6bc85115-8b49-476a-8c13-6bfc863351a8,FirstNumber=520,secondNumber=1928}  added by thread pool-3-thread-6
 message  {Id=6bc85115-8b49-476a-8c13-6bfc863351a8,FirstNumber=520,secondNumber=1928}  written to file by thread pool-3-thread-2
 message  {Id=17f21b70-bcb2-4435-bf88-50bf03ce3092,FirstNumber=424,secondNumber=701}  added by thread pool-3-thread-6
 message  {Id=17f21b70-bcb2-4435-bf88-50bf03ce3092,FirstNumber=424,secondNumber=701}  written to file by thread pool-3-thread-4
 message  {Id=38c7cf84-bd09-438f-b04f-bfb6d502c49b,FirstNumber=742,secondNumber=1810}  added by thread pool-3-thread-6
 message  {Id=38c7cf84-bd09-438f-b04f-bfb6d502c49b,FirstNumber=742,secondNumber=1810}  written to file by thread pool-3-thread-3
 message  {Id=e224d1f4-66c0-43df-8734-688ddb272386,FirstNumber=116,secondNumber=1777}  added by thread pool-3-thread-6
 message  {Id=e224d1f4-66c0-43df-8734-688ddb272386,FirstNumber=116,secondNumber=1777}  written to file by thread pool-3-thread-1
 message  {Id=ddb85400-1f2b-41c2-a3f9-7ecc68c28807,FirstNumber=80,secondNumber=366}  added by thread pool-3-thread-6
 message  {Id=3746f743-409e-4dd9-9d8f-b9b0c91904bc,FirstNumber=759,secondNumber=1889}  added by thread pool-3-thread-6
 message  {Id=ddb85400-1f2b-41c2-a3f9-7ecc68c28807,FirstNumber=80,secondNumber=366}  written to file by thread pool-3-thread-5
 message  {Id=3746f743-409e-4dd9-9d8f-b9b0c91904bc,FirstNumber=759,secondNumber=1889}  written to file by thread pool-3-thread-2
 message  {Id=14224368-48c7-45e9-913f-f1f297ee1bda,FirstNumber=299,secondNumber=1859}  added by thread pool-3-thread-6
 message  {Id=14224368-48c7-45e9-913f-f1f297ee1bda,FirstNumber=299,secondNumber=1859}  written to file by thread pool-3-thread-4
 message  {Id=0293d91e-b3e7-4619-b2c5-5361db2a8f45,FirstNumber=501,secondNumber=1177}  added by thread pool-3-thread-6
 message  {Id=0293d91e-b3e7-4619-b2c5-5361db2a8f45,FirstNumber=501,secondNumber=1177}  written to file by thread pool-3-thread-3
 message  {Id=70ffcf52-7ec1-4cfb-b5dd-b7261868044e,FirstNumber=944,secondNumber=1738}  added by thread pool-3-thread-6
 message  {Id=70ffcf52-7ec1-4cfb-b5dd-b7261868044e,FirstNumber=944,secondNumber=1738}  written to file by thread pool-3-thread-1
 message  {Id=55213521-8240-4f0b-a198-c34acaae08a9,FirstNumber=890,secondNumber=1251}  added by thread pool-3-thread-6
 message  {Id=55213521-8240-4f0b-a198-c34acaae08a9,FirstNumber=890,secondNumber=1251}  written to file by thread pool-3-thread-1
 message  {Id=de6628b6-cad3-43d1-9820-4b03c9dffbbd,FirstNumber=884,secondNumber=868}  added by thread pool-3-thread-6
 message  {Id=de6628b6-cad3-43d1-9820-4b03c9dffbbd,FirstNumber=884,secondNumber=868}  written to file by thread pool-3-thread-2
 message  {Id=e0583ac7-20f6-4881-95b7-41acc92f3825,FirstNumber=486,secondNumber=341}  added by thread pool-3-thread-6
 message  {Id=e0583ac7-20f6-4881-95b7-41acc92f3825,FirstNumber=486,secondNumber=341}  written to file by thread pool-3-thread-4
 message  {Id=92d25331-b019-4bbd-8286-57fa09feca91,FirstNumber=331,secondNumber=1807}  added by thread pool-3-thread-6
 message  {Id=92d25331-b019-4bbd-8286-57fa09feca91,FirstNumber=331,secondNumber=1807}  written to file by thread pool-3-thread-3
 message  {Id=aee444ae-eef7-43bb-9147-6dc600e212be,FirstNumber=702,secondNumber=1204}  added by thread pool-3-thread-6
 message  {Id=aee444ae-eef7-43bb-9147-6dc600e212be,FirstNumber=702,secondNumber=1204}  written to file by thread pool-3-thread-3
 message  {Id=c849b2bb-6d60-421a-beba-3885e666dc77,FirstNumber=290,secondNumber=1396}  added by thread pool-3-thread-6
 message  {Id=c849b2bb-6d60-421a-beba-3885e666dc77,FirstNumber=290,secondNumber=1396}  written to file by thread pool-3-thread-1
 message  {Id=065e5fff-e3b7-4c9f-81e6-5618f003ee2c,FirstNumber=956,secondNumber=930}  added by thread pool-3-thread-6
 message  {Id=065e5fff-e3b7-4c9f-81e6-5618f003ee2c,FirstNumber=956,secondNumber=930}  written to file by thread pool-3-thread-1
 message  {Id=e9691e92-795f-4570-900a-b555fe328114,FirstNumber=415,secondNumber=556}  added by thread pool-3-thread-6
 message  {Id=e9691e92-795f-4570-900a-b555fe328114,FirstNumber=415,secondNumber=556}  written to file by thread pool-3-thread-4
 message  {Id=9fd1f910-40dd-489b-8e71-4ed2c310658a,FirstNumber=986,secondNumber=621}  added by thread pool-3-thread-6
 message  {Id=9fd1f910-40dd-489b-8e71-4ed2c310658a,FirstNumber=986,secondNumber=621}  written to file by thread pool-3-thread-5
 message  {Id=23991ada-7093-415e-b073-b3923ddb82f2,FirstNumber=499,secondNumber=942}  added by thread pool-3-thread-6
 message  {Id=23991ada-7093-415e-b073-b3923ddb82f2,FirstNumber=499,secondNumber=942}  written to file by thread pool-3-thread-3
 message  {Id=d7da5344-aa20-410f-aabd-ca02b4d9e561,FirstNumber=781,secondNumber=218}  added by thread pool-3-thread-6
 message  {Id=d7da5344-aa20-410f-aabd-ca02b4d9e561,FirstNumber=781,secondNumber=218}  written to file by thread pool-3-thread-2
 message  {Id=cbe5e8d4-f5f2-42b7-bd96-0297203b764a,FirstNumber=203,secondNumber=1244}  added by thread pool-3-thread-6
 message  {Id=cbe5e8d4-f5f2-42b7-bd96-0297203b764a,FirstNumber=203,secondNumber=1244}  written to file by thread pool-3-thread-1
 message  {Id=28da810c-1c9e-4f0a-8a4a-72df775c910e,FirstNumber=93,secondNumber=1232}  added by thread pool-3-thread-6
 message  {Id=28da810c-1c9e-4f0a-8a4a-72df775c910e,FirstNumber=93,secondNumber=1232}  written to file by thread pool-3-thread-4
 message  {Id=6c3bbaa3-73a2-4d3a-a6db-4bbbba7880de,FirstNumber=359,secondNumber=1087}  added by thread pool-3-thread-6
 message  {Id=52b78f0c-deff-4dfa-9c49-ff0198a84166,FirstNumber=544,secondNumber=59}  added by thread pool-3-thread-6
 message  {Id=6c3bbaa3-73a2-4d3a-a6db-4bbbba7880de,FirstNumber=359,secondNumber=1087}  written to file by thread pool-3-thread-5
 message  {Id=52b78f0c-deff-4dfa-9c49-ff0198a84166,FirstNumber=544,secondNumber=59}  written to file by thread pool-3-thread-3
 message  {Id=a3f3d4da-6bc0-4306-a41f-53f8fa196a64,FirstNumber=575,secondNumber=1673}  added by thread pool-3-thread-6
 message  {Id=a3f3d4da-6bc0-4306-a41f-53f8fa196a64,FirstNumber=575,secondNumber=1673}  written to file by thread pool-3-thread-3
 message  {Id=c1d94a96-6d2a-4644-abcc-b7324752d39d,FirstNumber=602,secondNumber=912}  added by thread pool-3-thread-6
 message  {Id=c1d94a96-6d2a-4644-abcc-b7324752d39d,FirstNumber=602,secondNumber=912}  written to file by thread pool-3-thread-3
 message  {Id=fa30d3d3-75b4-462f-ae1c-faf7a0e73107,FirstNumber=986,secondNumber=213}  added by thread pool-3-thread-6
 message  {Id=fa30d3d3-75b4-462f-ae1c-faf7a0e73107,FirstNumber=986,secondNumber=213}  written to file by thread pool-3-thread-4
 message  {Id=42f85ecf-9076-4663-adf0-4759ea495cf3,FirstNumber=786,secondNumber=166}  added by thread pool-3-thread-6
 message  {Id=42f85ecf-9076-4663-adf0-4759ea495cf3,FirstNumber=786,secondNumber=166}  written to file by thread pool-3-thread-5
 message  {Id=ab9b249d-0766-4663-ba68-e401706523fa,FirstNumber=132,secondNumber=824}  added by thread pool-3-thread-6
 message  {Id=ab9b249d-0766-4663-ba68-e401706523fa,FirstNumber=132,secondNumber=824}  written to file by thread pool-3-thread-2
 message  {Id=c90f2408-4429-4ba2-aa2c-081f48405b74,FirstNumber=53,secondNumber=976}  added by thread pool-3-thread-6
 message  {Id=c90f2408-4429-4ba2-aa2c-081f48405b74,FirstNumber=53,secondNumber=976}  written to file by thread pool-3-thread-1
 message  {Id=590ef695-fb84-4e9d-b72f-72dd3aacf059,FirstNumber=448,secondNumber=857}  added by thread pool-3-thread-6
 message  {Id=915a8787-f833-4a66-af9f-ecb363984eb1,FirstNumber=186,secondNumber=935}  added by thread pool-3-thread-6
 message  {Id=590ef695-fb84-4e9d-b72f-72dd3aacf059,FirstNumber=448,secondNumber=857}  written to file by thread pool-3-thread-3
 message  {Id=915a8787-f833-4a66-af9f-ecb363984eb1,FirstNumber=186,secondNumber=935}  written to file by thread pool-3-thread-4
 message  {Id=48ff62cb-26d8-46e4-b2dc-b1a3473c100d,FirstNumber=281,secondNumber=1398}  added by thread pool-3-thread-6
 message  {Id=0339fa6f-0e44-4d9f-96cf-7a14790a23d8,FirstNumber=240,secondNumber=1966}  added by thread pool-3-thread-6
 message  {Id=48ff62cb-26d8-46e4-b2dc-b1a3473c100d,FirstNumber=281,secondNumber=1398}  written to file by thread pool-3-thread-5
 message  {Id=0339fa6f-0e44-4d9f-96cf-7a14790a23d8,FirstNumber=240,secondNumber=1966}  written to file by thread pool-3-thread-2
 message  {Id=4ef19c60-f0df-4672-a56c-6bfc1f9bb18d,FirstNumber=856,secondNumber=762}  added by thread pool-3-thread-6
 message  {Id=4ef19c60-f0df-4672-a56c-6bfc1f9bb18d,FirstNumber=856,secondNumber=762}  written to file by thread pool-3-thread-1
 message  {Id=781cf7e6-8a6b-493b-bd83-4bd6aa353876,FirstNumber=952,secondNumber=248}  added by thread pool-3-thread-6
 message  {Id=781cf7e6-8a6b-493b-bd83-4bd6aa353876,FirstNumber=952,secondNumber=248}  written to file by thread pool-3-thread-1
 message  {Id=58ebe9b2-a07c-4e2a-95b9-2be7d4d425c5,FirstNumber=634,secondNumber=428}  added by thread pool-3-thread-6
 message  {Id=58ebe9b2-a07c-4e2a-95b9-2be7d4d425c5,FirstNumber=634,secondNumber=428}  written to file by thread pool-3-thread-4
 message  {Id=8b7039fc-8043-41d9-86d0-5496709431de,FirstNumber=96,secondNumber=107}  added by thread pool-3-thread-6
 message  {Id=8b7039fc-8043-41d9-86d0-5496709431de,FirstNumber=96,secondNumber=107}  written to file by thread pool-3-thread-4
 message  {Id=cea5cda1-a8f8-4958-94e5-8cc7fc4a799b,FirstNumber=690,secondNumber=1866}  added by thread pool-3-thread-6
 message  {Id=cea5cda1-a8f8-4958-94e5-8cc7fc4a799b,FirstNumber=690,secondNumber=1866}  written to file by thread pool-3-thread-2
 message  {Id=36c73caa-04fe-4d8e-9fbc-9a73c9dea6ce,FirstNumber=647,secondNumber=444}  added by thread pool-3-thread-6
 message  {Id=36c73caa-04fe-4d8e-9fbc-9a73c9dea6ce,FirstNumber=647,secondNumber=444}  written to file by thread pool-3-thread-3
 message  {Id=449c5385-a15f-4854-ac03-0a1ae2f259a1,FirstNumber=851,secondNumber=95}  added by thread pool-3-thread-6
 message  {Id=449c5385-a15f-4854-ac03-0a1ae2f259a1,FirstNumber=851,secondNumber=95}  written to file by thread pool-3-thread-1
 message  {Id=79b5c8e8-721b-484f-a8e1-a522437e51fc,FirstNumber=956,secondNumber=933}  added by thread pool-3-thread-6
 message  {Id=79b5c8e8-721b-484f-a8e1-a522437e51fc,FirstNumber=956,secondNumber=933}  written to file by thread pool-3-thread-5
 message  {Id=fb330d5a-8819-48ef-90d4-6f9b93fdac97,FirstNumber=456,secondNumber=115}  added by thread pool-3-thread-6
 message  {Id=fb330d5a-8819-48ef-90d4-6f9b93fdac97,FirstNumber=456,secondNumber=115}  written to file by thread pool-3-thread-4
 message  {Id=b1be529d-7572-4323-853f-28981f11e5a0,FirstNumber=701,secondNumber=2}  added by thread pool-3-thread-6
 message  {Id=b1be529d-7572-4323-853f-28981f11e5a0,FirstNumber=701,secondNumber=2}  written to file by thread pool-3-thread-2
 message  {Id=9a0c79ae-b08e-41cd-b7fe-d46d8df38aae,FirstNumber=352,secondNumber=40}  added by thread pool-3-thread-6
 message  {Id=c71f686a-aed4-4976-89bb-b2d7f579a556,FirstNumber=642,secondNumber=707}  added by thread pool-3-thread-6
 message  {Id=9a0c79ae-b08e-41cd-b7fe-d46d8df38aae,FirstNumber=352,secondNumber=40}  written to file by thread pool-3-thread-3
 message  {Id=c71f686a-aed4-4976-89bb-b2d7f579a556,FirstNumber=642,secondNumber=707}  written to file by thread pool-3-thread-1
 message  {Id=4f9d18ed-770b-490a-82d3-cd99c649ce85,FirstNumber=271,secondNumber=1774}  added by thread pool-3-thread-6
 message  {Id=4f9d18ed-770b-490a-82d3-cd99c649ce85,FirstNumber=271,secondNumber=1774}  written to file by thread pool-3-thread-5
 message  {Id=099990a5-58f0-4b3e-8283-1e54bb7a1b55,FirstNumber=839,secondNumber=1446}  added by thread pool-3-thread-6
 message  {Id=099990a5-58f0-4b3e-8283-1e54bb7a1b55,FirstNumber=839,secondNumber=1446}  written to file by thread pool-3-thread-4
 message  {Id=b6d69669-726a-42e6-aaef-33a4d09d4a00,FirstNumber=380,secondNumber=1441}  added by thread pool-3-thread-6
 message  {Id=b6d69669-726a-42e6-aaef-33a4d09d4a00,FirstNumber=380,secondNumber=1441}  written to file by thread pool-3-thread-2
 message  {Id=36c141ae-ab48-4895-b64c-7c01745f1e51,FirstNumber=378,secondNumber=1455}  added by thread pool-3-thread-6
 message  {Id=36c141ae-ab48-4895-b64c-7c01745f1e51,FirstNumber=378,secondNumber=1455}  written to file by thread pool-3-thread-3
 message  {Id=14d91c95-2e30-428b-a284-2b47d92b72af,FirstNumber=649,secondNumber=417}  added by thread pool-3-thread-6
 message  {Id=14d91c95-2e30-428b-a284-2b47d92b72af,FirstNumber=649,secondNumber=417}  written to file by thread pool-3-thread-1
 message  {Id=8656a625-f659-4656-b587-2fbd97243acc,FirstNumber=289,secondNumber=1120}  added by thread pool-3-thread-6
 message  {Id=8656a625-f659-4656-b587-2fbd97243acc,FirstNumber=289,secondNumber=1120}  written to file by thread pool-3-thread-1
 message  {Id=267950b0-9bd4-4a19-abfd-3d8178a2811b,FirstNumber=628,secondNumber=539}  added by thread pool-3-thread-6
 message  {Id=267950b0-9bd4-4a19-abfd-3d8178a2811b,FirstNumber=628,secondNumber=539}  written to file by thread pool-3-thread-4
 message  {Id=d451ec3c-9758-4f37-88f3-c91272eec040,FirstNumber=403,secondNumber=1761}  added by thread pool-3-thread-6
 message  {Id=d451ec3c-9758-4f37-88f3-c91272eec040,FirstNumber=403,secondNumber=1761}  written to file by thread pool-3-thread-2
 message  {Id=fce13583-3723-4f5a-98d5-4c0935c06fdd,FirstNumber=404,secondNumber=1538}  added by thread pool-3-thread-6
 message  {Id=99ebc2ba-d2fa-4e15-810d-c354019361ef,FirstNumber=586,secondNumber=1793}  added by thread pool-3-thread-6
 message  {Id=fce13583-3723-4f5a-98d5-4c0935c06fdd,FirstNumber=404,secondNumber=1538}  written to file by thread pool-3-thread-3
 message  {Id=99ebc2ba-d2fa-4e15-810d-c354019361ef,FirstNumber=586,secondNumber=1793}  written to file by thread pool-3-thread-5
 message  {Id=a1e0ee90-b89f-4a50-b40c-34680d7eb874,FirstNumber=891,secondNumber=1950}  added by thread pool-3-thread-6
 message  {Id=a1e0ee90-b89f-4a50-b40c-34680d7eb874,FirstNumber=891,secondNumber=1950}  written to file by thread pool-3-thread-1
 message  {Id=1f1580a5-2643-4b02-b570-af741123cd9e,FirstNumber=74,secondNumber=1686}  added by thread pool-3-thread-6
 message  {Id=1f1580a5-2643-4b02-b570-af741123cd9e,FirstNumber=74,secondNumber=1686}  written to file by thread pool-3-thread-4
 message  {Id=ec13a8cb-0cdb-4ac0-80f4-b78990dbe9b7,FirstNumber=759,secondNumber=1135}  added by thread pool-3-thread-6
 message  {Id=ec13a8cb-0cdb-4ac0-80f4-b78990dbe9b7,FirstNumber=759,secondNumber=1135}  written to file by thread pool-3-thread-2
 message  {Id=f87614ef-b551-4999-8a1c-eac60ec85e60,FirstNumber=927,secondNumber=1682}  added by thread pool-3-thread-6
 message  {Id=f87614ef-b551-4999-8a1c-eac60ec85e60,FirstNumber=927,secondNumber=1682}  written to file by thread pool-3-thread-2
 message  {Id=ebb4ced5-bbc0-4d6a-9373-c7418db97ea3,FirstNumber=55,secondNumber=1931}  added by thread pool-3-thread-6
 message  {Id=ebb4ced5-bbc0-4d6a-9373-c7418db97ea3,FirstNumber=55,secondNumber=1931}  written to file by thread pool-3-thread-5
 message  {Id=9b73cb11-1a21-4d53-826a-c16dd895536e,FirstNumber=586,secondNumber=873}  added by thread pool-3-thread-6
 message  {Id=9b73cb11-1a21-4d53-826a-c16dd895536e,FirstNumber=586,secondNumber=873}  written to file by thread pool-3-thread-1
 message  {Id=9630684c-d039-4537-baeb-c3f1d12bf895,FirstNumber=448,secondNumber=1337}  added by thread pool-3-thread-6
 message  {Id=9630684c-d039-4537-baeb-c3f1d12bf895,FirstNumber=448,secondNumber=1337}  written to file by thread pool-3-thread-4
 message  {Id=068048df-792c-42be-9276-d6404daa4a1a,FirstNumber=90,secondNumber=1428}  added by thread pool-3-thread-6
 message  {Id=068048df-792c-42be-9276-d6404daa4a1a,FirstNumber=90,secondNumber=1428}  written to file by thread pool-3-thread-3
 message  {Id=ff2fbe2b-1c6e-45e7-986c-0d927cee832d,FirstNumber=370,secondNumber=176}  added by thread pool-3-thread-6
 message  {Id=ff2fbe2b-1c6e-45e7-986c-0d927cee832d,FirstNumber=370,secondNumber=176}  written to file by thread pool-3-thread-3
 message  {Id=47024229-6062-42d1-8994-2d90ecfdcc9f,FirstNumber=418,secondNumber=638}  added by thread pool-3-thread-6
 message  {Id=47024229-6062-42d1-8994-2d90ecfdcc9f,FirstNumber=418,secondNumber=638}  written to file by thread pool-3-thread-3
 message  {Id=5b035c4e-a9eb-4241-bcc1-7dd49a3081b0,FirstNumber=410,secondNumber=1690}  added by thread pool-3-thread-6
 message  {Id=5b035c4e-a9eb-4241-bcc1-7dd49a3081b0,FirstNumber=410,secondNumber=1690}  written to file by thread pool-3-thread-1
 message  {Id=0b64e85e-2dd6-4764-a6e0-0e8c4a8006df,FirstNumber=85,secondNumber=1064}  added by thread pool-3-thread-6
 message  {Id=0b64e85e-2dd6-4764-a6e0-0e8c4a8006df,FirstNumber=85,secondNumber=1064}  written to file by thread pool-3-thread-4
 message  {Id=0dde0ae0-c9b2-4a58-bac3-9eaebcb653f3,FirstNumber=253,secondNumber=926}  added by thread pool-3-thread-6
 message  {Id=0dde0ae0-c9b2-4a58-bac3-9eaebcb653f3,FirstNumber=253,secondNumber=926}  written to file by thread pool-3-thread-2
 message  {Id=69c04ac7-7460-4859-834c-3e627f85b02f,FirstNumber=668,secondNumber=83}  added by thread pool-3-thread-6
 message  {Id=69c04ac7-7460-4859-834c-3e627f85b02f,FirstNumber=668,secondNumber=83}  written to file by thread pool-3-thread-5
 message  {Id=be11fb85-ce82-401e-95c0-f1efaeea8773,FirstNumber=101,secondNumber=624}  added by thread pool-3-thread-6
 message  {Id=be11fb85-ce82-401e-95c0-f1efaeea8773,FirstNumber=101,secondNumber=624}  written to file by thread pool-3-thread-3
 message  {Id=d0c90549-7d3d-43e6-a8f1-7714570c7053,FirstNumber=758,secondNumber=1845}  added by thread pool-3-thread-6
 message  {Id=d0c90549-7d3d-43e6-a8f1-7714570c7053,FirstNumber=758,secondNumber=1845}  written to file by thread pool-3-thread-3
 message  {Id=b7426411-5f32-41cd-a0f5-8c94ac9259ff,FirstNumber=493,secondNumber=1731}  added by thread pool-3-thread-6
 message  {Id=b7426411-5f32-41cd-a0f5-8c94ac9259ff,FirstNumber=493,secondNumber=1731}  written to file by thread pool-3-thread-4
 message  {Id=a435d02d-afe2-4ae8-8d83-4640d23fc81b,FirstNumber=451,secondNumber=426}  added by thread pool-3-thread-6
 message  {Id=a435d02d-afe2-4ae8-8d83-4640d23fc81b,FirstNumber=451,secondNumber=426}  written to file by thread pool-3-thread-2
 message  {Id=771c1284-b295-4726-acd7-b82b2e96c84a,FirstNumber=396,secondNumber=554}  added by thread pool-3-thread-6
 message  {Id=ab308b68-69ee-403a-82f4-8580f1209f89,FirstNumber=922,secondNumber=1530}  added by thread pool-3-thread-6
 message  {Id=771c1284-b295-4726-acd7-b82b2e96c84a,FirstNumber=396,secondNumber=554}  written to file by thread pool-3-thread-5
 message  {Id=ab308b68-69ee-403a-82f4-8580f1209f89,FirstNumber=922,secondNumber=1530}  written to file by thread pool-3-thread-1
 message  {Id=8876aa56-43a3-4105-9075-990113fc8a70,FirstNumber=502,secondNumber=403}  added by thread pool-3-thread-6
 message  {Id=8876aa56-43a3-4105-9075-990113fc8a70,FirstNumber=502,secondNumber=403}  written to file by thread pool-3-thread-3
 message  {Id=934af3d0-863c-42dc-9c01-d41b08efd9a8,FirstNumber=682,secondNumber=1596}  added by thread pool-3-thread-6
 message  {Id=934af3d0-863c-42dc-9c01-d41b08efd9a8,FirstNumber=682,secondNumber=1596}  written to file by thread pool-3-thread-4
 message  {Id=656a6f60-35ef-4ab6-af90-c943085b7978,FirstNumber=238,secondNumber=788}  added by thread pool-3-thread-6
 message  {Id=656a6f60-35ef-4ab6-af90-c943085b7978,FirstNumber=238,secondNumber=788}  written to file by thread pool-3-thread-2
 message  {Id=08f08da1-9cfb-41c9-a211-66c14df16409,FirstNumber=951,secondNumber=1365}  added by thread pool-3-thread-6
 message  {Id=08f08da1-9cfb-41c9-a211-66c14df16409,FirstNumber=951,secondNumber=1365}  written to file by thread pool-3-thread-5
 message  {Id=92594439-4b23-4dcf-b908-582dece0ad82,FirstNumber=541,secondNumber=1836}  added by thread pool-3-thread-6
 message  {Id=92594439-4b23-4dcf-b908-582dece0ad82,FirstNumber=541,secondNumber=1836}  written to file by thread pool-3-thread-1
 message  {Id=321001b1-bbc8-4dcc-8de3-500fba6e390a,FirstNumber=416,secondNumber=645}  added by thread pool-3-thread-6
 message  {Id=321001b1-bbc8-4dcc-8de3-500fba6e390a,FirstNumber=416,secondNumber=645}  written to file by thread pool-3-thread-3
 message  {Id=0958e81e-d6a1-4f0d-a404-8660755dd153,FirstNumber=12,secondNumber=1095}  added by thread pool-3-thread-6
 message  {Id=0958e81e-d6a1-4f0d-a404-8660755dd153,FirstNumber=12,secondNumber=1095}  written to file by thread pool-3-thread-3
 message  {Id=7d482380-b009-406e-b183-c4c4ed8154db,FirstNumber=400,secondNumber=1237}  added by thread pool-3-thread-6
 message  {Id=7d482380-b009-406e-b183-c4c4ed8154db,FirstNumber=400,secondNumber=1237}  written to file by thread pool-3-thread-2
 message  {Id=88777977-4526-4950-b61e-3903922aaece,FirstNumber=820,secondNumber=576}  added by thread pool-3-thread-6
 message  {Id=2ba3856c-4768-4aac-a46d-9c8c89a36855,FirstNumber=49,secondNumber=192}  added by thread pool-3-thread-6
 message  {Id=88777977-4526-4950-b61e-3903922aaece,FirstNumber=820,secondNumber=576}  written to file by thread pool-3-thread-5
 message  {Id=2ba3856c-4768-4aac-a46d-9c8c89a36855,FirstNumber=49,secondNumber=192}  written to file by thread pool-3-thread-1
 message  {Id=e1da64a4-0dd6-4ecf-a8f7-164b09c0cc2e,FirstNumber=319,secondNumber=107}  added by thread pool-3-thread-6
 message  {Id=e1da64a4-0dd6-4ecf-a8f7-164b09c0cc2e,FirstNumber=319,secondNumber=107}  written to file by thread pool-3-thread-4
 message  {Id=834d0ba9-0f7b-493d-8f98-93f5cde062cb,FirstNumber=620,secondNumber=883}  added by thread pool-3-thread-6
 message  {Id=834d0ba9-0f7b-493d-8f98-93f5cde062cb,FirstNumber=620,secondNumber=883}  written to file by thread pool-3-thread-3
 message  {Id=03ec6531-99e2-4900-b3e1-299ed93ee141,FirstNumber=160,secondNumber=55}  added by thread pool-3-thread-6
 message  {Id=03ec6531-99e2-4900-b3e1-299ed93ee141,FirstNumber=160,secondNumber=55}  written to file by thread pool-3-thread-3
 message  {Id=2c73f447-3432-40b0-9767-88723f7fec04,FirstNumber=565,secondNumber=1802}  added by thread pool-3-thread-6
 message  {Id=2c73f447-3432-40b0-9767-88723f7fec04,FirstNumber=565,secondNumber=1802}  written to file by thread pool-3-thread-3
 message  {Id=fdbdb0af-d99d-4ed4-9404-2e6efc7925f4,FirstNumber=936,secondNumber=1862}  added by thread pool-3-thread-6
 message  {Id=fdbdb0af-d99d-4ed4-9404-2e6efc7925f4,FirstNumber=936,secondNumber=1862}  written to file by thread pool-3-thread-1
 message  {Id=ff889f95-a719-4ef0-8115-08b11b360f89,FirstNumber=277,secondNumber=1995}  added by thread pool-3-thread-6
 message  {Id=ff889f95-a719-4ef0-8115-08b11b360f89,FirstNumber=277,secondNumber=1995}  written to file by thread pool-3-thread-4
 message  {Id=0ff0f8a5-e969-49f8-a628-07c6c9710e65,FirstNumber=513,secondNumber=1783}  added by thread pool-3-thread-6
 message  {Id=0ff0f8a5-e969-49f8-a628-07c6c9710e65,FirstNumber=513,secondNumber=1783}  written to file by thread pool-3-thread-2
 message  {Id=f471976b-354d-4f6e-b748-db77c7aa340a,FirstNumber=235,secondNumber=139}  added by thread pool-3-thread-6
 message  {Id=f471976b-354d-4f6e-b748-db77c7aa340a,FirstNumber=235,secondNumber=139}  written to file by thread pool-3-thread-2
 message  {Id=0dd34f96-0004-4ed7-807d-4c5475d26e72,FirstNumber=90,secondNumber=1598}  added by thread pool-3-thread-6
 message  {Id=fce22fe5-18b2-44ae-8d97-156a718fb443,FirstNumber=385,secondNumber=410}  added by thread pool-3-thread-6
 message  {Id=0dd34f96-0004-4ed7-807d-4c5475d26e72,FirstNumber=90,secondNumber=1598}  written to file by thread pool-3-thread-3
 message  {Id=fce22fe5-18b2-44ae-8d97-156a718fb443,FirstNumber=385,secondNumber=410}  written to file by thread pool-3-thread-1
 message  {Id=07f35ef2-0235-4fa0-ab38-a56f48a8e7cb,FirstNumber=932,secondNumber=1000}  added by thread pool-3-thread-6
 message  {Id=07f35ef2-0235-4fa0-ab38-a56f48a8e7cb,FirstNumber=932,secondNumber=1000}  written to file by thread pool-3-thread-4
 message  {Id=eca4465e-caf1-4f8d-8d9e-451a0307bbed,FirstNumber=489,secondNumber=1915}  added by thread pool-3-thread-6
 message  {Id=eca4465e-caf1-4f8d-8d9e-451a0307bbed,FirstNumber=489,secondNumber=1915}  written to file by thread pool-3-thread-4
 message  {Id=c4e96711-1729-4dbe-939f-2442f6da2e9c,FirstNumber=32,secondNumber=1399}  added by thread pool-3-thread-6
 message  {Id=c4e96711-1729-4dbe-939f-2442f6da2e9c,FirstNumber=32,secondNumber=1399}  written to file by thread pool-3-thread-2
 message  {Id=6ffef4a9-c0e1-493a-8d4b-8ce9c1ebaffc,FirstNumber=354,secondNumber=1591}  added by thread pool-3-thread-6
 message  {Id=6ffef4a9-c0e1-493a-8d4b-8ce9c1ebaffc,FirstNumber=354,secondNumber=1591}  written to file by thread pool-3-thread-2
 message  {Id=1555b7e8-9ea1-456a-8afc-dec67369782d,FirstNumber=653,secondNumber=1375}  added by thread pool-3-thread-6
 message  {Id=1555b7e8-9ea1-456a-8afc-dec67369782d,FirstNumber=653,secondNumber=1375}  written to file by thread pool-3-thread-1
 message  {Id=009d9c57-7096-44c1-9aaf-bd7cd6290b13,FirstNumber=424,secondNumber=944}  added by thread pool-3-thread-6
 message  {Id=009d9c57-7096-44c1-9aaf-bd7cd6290b13,FirstNumber=424,secondNumber=944}  written to file by thread pool-3-thread-5
 message  {Id=d61f49a3-8491-4247-9198-02307a5da15c,FirstNumber=442,secondNumber=138}  added by thread pool-3-thread-6
 message  {Id=d61f49a3-8491-4247-9198-02307a5da15c,FirstNumber=442,secondNumber=138}  written to file by thread pool-3-thread-5
 message  {Id=52a9c268-3660-4743-83e9-56abd14df1c9,FirstNumber=818,secondNumber=112}  added by thread pool-3-thread-6
 message  {Id=52a9c268-3660-4743-83e9-56abd14df1c9,FirstNumber=818,secondNumber=112}  written to file by thread pool-3-thread-3
 message  {Id=198a9498-4de0-4100-a14c-c84206dac1d5,FirstNumber=825,secondNumber=750}  added by thread pool-3-thread-6
 message  {Id=198a9498-4de0-4100-a14c-c84206dac1d5,FirstNumber=825,secondNumber=750}  written to file by thread pool-3-thread-3
 message  {Id=85c4bfa0-b988-4de3-9203-2e5a5051ff08,FirstNumber=549,secondNumber=1702}  added by thread pool-3-thread-6
 message  {Id=85c4bfa0-b988-4de3-9203-2e5a5051ff08,FirstNumber=549,secondNumber=1702}  written to file by thread pool-3-thread-1
 message  {Id=6916dc59-5744-4150-8f2e-25547bea0572,FirstNumber=357,secondNumber=722}  added by thread pool-3-thread-6
 message  {Id=6916dc59-5744-4150-8f2e-25547bea0572,FirstNumber=357,secondNumber=722}  written to file by thread pool-3-thread-4
 message  {Id=5dcf23d3-b6b0-4347-b7d1-022941b5ddd9,FirstNumber=693,secondNumber=806}  added by thread pool-3-thread-6
 message  {Id=5dcf23d3-b6b0-4347-b7d1-022941b5ddd9,FirstNumber=693,secondNumber=806}  written to file by thread pool-3-thread-4
 message  {Id=e0103750-ac03-47fb-a580-3f7830cd84ee,FirstNumber=907,secondNumber=231}  added by thread pool-3-thread-6
 message  {Id=e0103750-ac03-47fb-a580-3f7830cd84ee,FirstNumber=907,secondNumber=231}  written to file by thread pool-3-thread-2
 message  {Id=86439278-e108-4b53-a417-fd9d860be57e,FirstNumber=484,secondNumber=1520}  added by thread pool-3-thread-6
 message  {Id=86439278-e108-4b53-a417-fd9d860be57e,FirstNumber=484,secondNumber=1520}  written to file by thread pool-3-thread-3
 message  {Id=29950f83-b852-41aa-9006-8f0d454e6ce2,FirstNumber=579,secondNumber=1050}  added by thread pool-3-thread-6
 message  {Id=29950f83-b852-41aa-9006-8f0d454e6ce2,FirstNumber=579,secondNumber=1050}  written to file by thread pool-3-thread-1
 message  {Id=ad78798c-2f3e-4fe0-88ee-c00fb165973e,FirstNumber=159,secondNumber=1573}  added by thread pool-3-thread-6
 message  {Id=ad78798c-2f3e-4fe0-88ee-c00fb165973e,FirstNumber=159,secondNumber=1573}  written to file by thread pool-3-thread-5
 message  {Id=2b44fd8c-ec80-4b75-a0ca-dd12b5f9e935,FirstNumber=820,secondNumber=1073}  added by thread pool-3-thread-6
 message  {Id=2b44fd8c-ec80-4b75-a0ca-dd12b5f9e935,FirstNumber=820,secondNumber=1073}  written to file by thread pool-3-thread-5
 message  {Id=91cca74d-c1af-4100-a992-d896aa756a58,FirstNumber=402,secondNumber=1350}  added by thread pool-3-thread-6
 message  {Id=91cca74d-c1af-4100-a992-d896aa756a58,FirstNumber=402,secondNumber=1350}  written to file by thread pool-3-thread-2
 message  {Id=e3895e8a-3a64-4620-88bb-370b0993be1b,FirstNumber=462,secondNumber=787}  added by thread pool-3-thread-6
 message  {Id=bbf54d5d-40eb-466d-b753-1a380ba08b90,FirstNumber=967,secondNumber=1191}  added by thread pool-3-thread-6
 message  {Id=e3895e8a-3a64-4620-88bb-370b0993be1b,FirstNumber=462,secondNumber=787}  written to file by thread pool-3-thread-3
 message  {Id=bbf54d5d-40eb-466d-b753-1a380ba08b90,FirstNumber=967,secondNumber=1191}  written to file by thread pool-3-thread-1
 message  {Id=329c65b0-359b-4d2c-b7e1-93dbd9bfe9bb,FirstNumber=100,secondNumber=224}  added by thread pool-3-thread-6
 message  {Id=329c65b0-359b-4d2c-b7e1-93dbd9bfe9bb,FirstNumber=100,secondNumber=224}  written to file by thread pool-3-thread-4
 message  {Id=b6ca88e4-537f-44ff-a124-6b68358cb4b4,FirstNumber=275,secondNumber=1756}  added by thread pool-3-thread-6
 message  {Id=b6ca88e4-537f-44ff-a124-6b68358cb4b4,FirstNumber=275,secondNumber=1756}  written to file by thread pool-3-thread-5
 message  {Id=24b7161d-68f8-4785-91b8-b666824e777e,FirstNumber=901,secondNumber=1108}  added by thread pool-3-thread-6
 message  {Id=24b7161d-68f8-4785-91b8-b666824e777e,FirstNumber=901,secondNumber=1108}  written to file by thread pool-3-thread-5
 message  {Id=9f28bb34-2115-4017-a5bb-96421ffdfd2c,FirstNumber=681,secondNumber=838}  added by thread pool-3-thread-6
 message  {Id=9f28bb34-2115-4017-a5bb-96421ffdfd2c,FirstNumber=681,secondNumber=838}  written to file by thread pool-3-thread-3
 message  {Id=e354b09e-58b0-4a4a-afe4-649d5bd74060,FirstNumber=170,secondNumber=1857}  added by thread pool-3-thread-6
 message  {Id=e354b09e-58b0-4a4a-afe4-649d5bd74060,FirstNumber=170,secondNumber=1857}  written to file by thread pool-3-thread-1
 message  {Id=e9197237-a92f-4514-bcc2-e82d47000eb4,FirstNumber=162,secondNumber=318}  added by thread pool-3-thread-6
 message  {Id=e9197237-a92f-4514-bcc2-e82d47000eb4,FirstNumber=162,secondNumber=318}  written to file by thread pool-3-thread-4
 message  {Id=3fd8901a-41b6-4018-bd58-4f6c452bb62f,FirstNumber=554,secondNumber=436}  added by thread pool-3-thread-6
 message  {Id=3fd8901a-41b6-4018-bd58-4f6c452bb62f,FirstNumber=554,secondNumber=436}  written to file by thread pool-3-thread-2
 message  {Id=440c261e-f2aa-447c-b1ba-41510a51d2a7,FirstNumber=574,secondNumber=1994}  added by thread pool-3-thread-6
 message  {Id=440c261e-f2aa-447c-b1ba-41510a51d2a7,FirstNumber=574,secondNumber=1994}  written to file by thread pool-3-thread-5
 message  {Id=5de3d133-ccb9-4b46-a462-19b826873d6f,FirstNumber=998,secondNumber=457}  added by thread pool-3-thread-6
 message  {Id=5de3d133-ccb9-4b46-a462-19b826873d6f,FirstNumber=998,secondNumber=457}  written to file by thread pool-3-thread-5
 message  {Id=3ea965ad-97b9-4a4c-b74f-d9b77990b18e,FirstNumber=568,secondNumber=1059}  added by thread pool-3-thread-6
 message  {Id=3ea965ad-97b9-4a4c-b74f-d9b77990b18e,FirstNumber=568,secondNumber=1059}  written to file by thread pool-3-thread-1
 message  {Id=fcfe7b81-5aa5-46dd-b6b1-d2e3d670582e,FirstNumber=669,secondNumber=936}  added by thread pool-3-thread-6
 message  {Id=fcfe7b81-5aa5-46dd-b6b1-d2e3d670582e,FirstNumber=669,secondNumber=936}  written to file by thread pool-3-thread-4
 message  {Id=55b3a3c5-3d60-4638-87ea-17600eac4bfe,FirstNumber=574,secondNumber=407}  added by thread pool-3-thread-6
 message  {Id=55b3a3c5-3d60-4638-87ea-17600eac4bfe,FirstNumber=574,secondNumber=407}  written to file by thread pool-3-thread-2
 message  {Id=c978e86e-b0bd-4291-b1f9-ef4acc0d2927,FirstNumber=556,secondNumber=32}  added by thread pool-3-thread-6
 message  {Id=c978e86e-b0bd-4291-b1f9-ef4acc0d2927,FirstNumber=556,secondNumber=32}  written to file by thread pool-3-thread-3
 message  {Id=8c610ad0-87bd-4715-bb63-7df1012cc082,FirstNumber=699,secondNumber=760}  added by thread pool-3-thread-6
 message  {Id=8c610ad0-87bd-4715-bb63-7df1012cc082,FirstNumber=699,secondNumber=760}  written to file by thread pool-3-thread-3
 message  {Id=e746958b-80be-4a3b-ade0-12ee99364a44,FirstNumber=856,secondNumber=1605}  added by thread pool-3-thread-6
 message  {Id=e746958b-80be-4a3b-ade0-12ee99364a44,FirstNumber=856,secondNumber=1605}  written to file by thread pool-3-thread-1
 message  {Id=e6fcff28-2dbd-4da6-8704-e5aee381ae7b,FirstNumber=403,secondNumber=1143}  added by thread pool-3-thread-6
 message  {Id=e6fcff28-2dbd-4da6-8704-e5aee381ae7b,FirstNumber=403,secondNumber=1143}  written to file by thread pool-3-thread-1
 message  {Id=6a7f6e71-56d4-4901-b75c-cd744f528e2b,FirstNumber=461,secondNumber=492}  added by thread pool-3-thread-6
 message  {Id=6a7f6e71-56d4-4901-b75c-cd744f528e2b,FirstNumber=461,secondNumber=492}  written to file by thread pool-3-thread-2
 message  {Id=c0c0e506-67ef-4ce7-b784-8cba6b3078e2,FirstNumber=871,secondNumber=342}  added by thread pool-3-thread-6
 message  {Id=c0c0e506-67ef-4ce7-b784-8cba6b3078e2,FirstNumber=871,secondNumber=342}  written to file by thread pool-3-thread-5
 message  {Id=ae6512d4-34c1-4052-b076-c13701eab6ee,FirstNumber=959,secondNumber=560}  added by thread pool-3-thread-6
 message  {Id=ae6512d4-34c1-4052-b076-c13701eab6ee,FirstNumber=959,secondNumber=560}  written to file by thread pool-3-thread-3
 message  {Id=60a1bbfd-dbce-439c-a6d3-69b0ec62b605,FirstNumber=814,secondNumber=914}  added by thread pool-3-thread-6
 message  {Id=60a1bbfd-dbce-439c-a6d3-69b0ec62b605,FirstNumber=814,secondNumber=914}  written to file by thread pool-3-thread-4
 message  {Id=3627b1ab-b4a5-42aa-8bc2-ac667bc80f52,FirstNumber=120,secondNumber=1742}  added by thread pool-3-thread-6
 message  {Id=3627b1ab-b4a5-42aa-8bc2-ac667bc80f52,FirstNumber=120,secondNumber=1742}  written to file by thread pool-3-thread-1
 message  {Id=0e58ac03-ce12-4300-8c99-c658c051bf0e,FirstNumber=214,secondNumber=1702}  added by thread pool-3-thread-6
 message  {Id=0e58ac03-ce12-4300-8c99-c658c051bf0e,FirstNumber=214,secondNumber=1702}  written to file by thread pool-3-thread-1
 message  {Id=15288453-1f4d-459c-889b-aa0d9a3da8cb,FirstNumber=236,secondNumber=1731}  added by thread pool-3-thread-6
 message  {Id=966c2179-7381-4fa3-9ba0-d7f133a0c14d,FirstNumber=637,secondNumber=1021}  added by thread pool-3-thread-6
 message  {Id=15288453-1f4d-459c-889b-aa0d9a3da8cb,FirstNumber=236,secondNumber=1731}  written to file by thread pool-3-thread-5
 message  {Id=966c2179-7381-4fa3-9ba0-d7f133a0c14d,FirstNumber=637,secondNumber=1021}  written to file by thread pool-3-thread-3
 message  {Id=69bd25a6-8f33-4ac9-aa66-1028e60c5cfc,FirstNumber=324,secondNumber=458}  added by thread pool-3-thread-6
 message  {Id=69bd25a6-8f33-4ac9-aa66-1028e60c5cfc,FirstNumber=324,secondNumber=458}  written to file by thread pool-3-thread-4
 message  {Id=1f2f643b-6cc1-4845-a270-9def84f8489c,FirstNumber=835,secondNumber=470}  added by thread pool-3-thread-6
 message  {Id=1f2f643b-6cc1-4845-a270-9def84f8489c,FirstNumber=835,secondNumber=470}  written to file by thread pool-3-thread-4
 message  {Id=34a629c2-fc71-411c-8e48-a0869fb07214,FirstNumber=536,secondNumber=953}  added by thread pool-3-thread-6
 message  {Id=34a629c2-fc71-411c-8e48-a0869fb07214,FirstNumber=536,secondNumber=953}  written to file by thread pool-3-thread-1
 message  {Id=049815d5-386c-4359-a353-585d91dc43e6,FirstNumber=311,secondNumber=927}  added by thread pool-3-thread-6
 message  {Id=049815d5-386c-4359-a353-585d91dc43e6,FirstNumber=311,secondNumber=927}  written to file by thread pool-3-thread-1
 message  {Id=6a555c7c-7e72-44f3-a865-aad785b810fb,FirstNumber=825,secondNumber=1160}  added by thread pool-3-thread-6
 message  {Id=c15ca8d9-fd90-47c0-9db9-c8f342a8a8f2,FirstNumber=644,secondNumber=670}  added by thread pool-3-thread-6
 message  {Id=6a555c7c-7e72-44f3-a865-aad785b810fb,FirstNumber=825,secondNumber=1160}  written to file by thread pool-3-thread-3
 message  {Id=c15ca8d9-fd90-47c0-9db9-c8f342a8a8f2,FirstNumber=644,secondNumber=670}  written to file by thread pool-3-thread-2
 message  {Id=921fe415-aeab-4d64-b41e-20a1c13709a0,FirstNumber=439,secondNumber=1722}  added by thread pool-3-thread-6
 message  {Id=921fe415-aeab-4d64-b41e-20a1c13709a0,FirstNumber=439,secondNumber=1722}  written to file by thread pool-3-thread-4
 message  {Id=a6eab6db-6006-4f6a-9523-a0934d9d5693,FirstNumber=233,secondNumber=1402}  added by thread pool-3-thread-6
 message  {Id=a6eab6db-6006-4f6a-9523-a0934d9d5693,FirstNumber=233,secondNumber=1402}  written to file by thread pool-3-thread-4
 message  {Id=b138763b-cd66-4c7d-b74d-15ad686e9141,FirstNumber=381,secondNumber=584}  added by thread pool-3-thread-6
 message  {Id=b138763b-cd66-4c7d-b74d-15ad686e9141,FirstNumber=381,secondNumber=584}  written to file by thread pool-3-thread-1
 message  {Id=3a87a700-e374-41aa-965b-43c76338fc8a,FirstNumber=73,secondNumber=1296}  added by thread pool-3-thread-6
 message  {Id=3a87a700-e374-41aa-965b-43c76338fc8a,FirstNumber=73,secondNumber=1296}  written to file by thread pool-3-thread-1
 message  {Id=6934a791-c2db-465d-a356-37c624d9f297,FirstNumber=411,secondNumber=1975}  added by thread pool-3-thread-6
 message  {Id=6934a791-c2db-465d-a356-37c624d9f297,FirstNumber=411,secondNumber=1975}  written to file by thread pool-3-thread-2
 message  {Id=7353ef3f-a4f9-4735-a3b9-2243f4f550ee,FirstNumber=446,secondNumber=109}  added by thread pool-3-thread-6
 message  {Id=7353ef3f-a4f9-4735-a3b9-2243f4f550ee,FirstNumber=446,secondNumber=109}  written to file by thread pool-3-thread-5
 message  {Id=0252aece-a43a-44b2-b8e7-beb86aa8cd31,FirstNumber=457,secondNumber=1680}  added by thread pool-3-thread-6
 message  {Id=0252aece-a43a-44b2-b8e7-beb86aa8cd31,FirstNumber=457,secondNumber=1680}  written to file by thread pool-3-thread-4
 message  {Id=87a0fba7-9a9e-44ec-8dc2-c68ac32adb77,FirstNumber=556,secondNumber=636}  added by thread pool-3-thread-6
 message  {Id=87a0fba7-9a9e-44ec-8dc2-c68ac32adb77,FirstNumber=556,secondNumber=636}  written to file by thread pool-3-thread-4
 message  {Id=7ca41e27-355c-44de-8053-c76d18f66d42,FirstNumber=592,secondNumber=1052}  added by thread pool-3-thread-6
 message  {Id=7ca41e27-355c-44de-8053-c76d18f66d42,FirstNumber=592,secondNumber=1052}  written to file by thread pool-3-thread-1
 message  {Id=d233361e-1c3d-4263-9fd3-f5d7edcc6e13,FirstNumber=591,secondNumber=346}  added by thread pool-3-thread-6
 message  {Id=d233361e-1c3d-4263-9fd3-f5d7edcc6e13,FirstNumber=591,secondNumber=346}  written to file by thread pool-3-thread-1
 message  {Id=66efa543-0768-4e13-8ff2-6ecfd240702d,FirstNumber=600,secondNumber=1795}  added by thread pool-3-thread-6
 message  {Id=4ca435f7-9a8a-4e9f-b15e-0174b1e3dcc9,FirstNumber=583,secondNumber=1023}  added by thread pool-3-thread-6
 message  {Id=66efa543-0768-4e13-8ff2-6ecfd240702d,FirstNumber=600,secondNumber=1795}  written to file by thread pool-3-thread-5
 message  {Id=4ca435f7-9a8a-4e9f-b15e-0174b1e3dcc9,FirstNumber=583,secondNumber=1023}  written to file by thread pool-3-thread-3
 message  {Id=d81ffebb-7c8d-4f5e-8d2c-09dabbff08e0,FirstNumber=192,secondNumber=979}  added by thread pool-3-thread-6
 message  {Id=d81ffebb-7c8d-4f5e-8d2c-09dabbff08e0,FirstNumber=192,secondNumber=979}  written to file by thread pool-3-thread-4
 message  {Id=073c47c7-e390-40a7-a43f-43482f04d00d,FirstNumber=869,secondNumber=559}  added by thread pool-3-thread-6
 message  {Id=073c47c7-e390-40a7-a43f-43482f04d00d,FirstNumber=869,secondNumber=559}  written to file by thread pool-3-thread-2
 message  {Id=ebebfbbf-bb46-4845-9eea-319d3379264c,FirstNumber=64,secondNumber=1460}  added by thread pool-3-thread-6
 message  {Id=ebebfbbf-bb46-4845-9eea-319d3379264c,FirstNumber=64,secondNumber=1460}  written to file by thread pool-3-thread-2
 message  {Id=6eb79930-ad6a-4b2f-b74a-3fce610de449,FirstNumber=974,secondNumber=1676}  added by thread pool-3-thread-6
 message  {Id=6eb79930-ad6a-4b2f-b74a-3fce610de449,FirstNumber=974,secondNumber=1676}  written to file by thread pool-3-thread-5
 message  {Id=f4d82cb1-0648-4f3b-9482-ab8be64a7d95,FirstNumber=453,secondNumber=1941}  added by thread pool-3-thread-6
 message  {Id=f4d82cb1-0648-4f3b-9482-ab8be64a7d95,FirstNumber=453,secondNumber=1941}  written to file by thread pool-3-thread-3
 message  {Id=6f045ab9-3d8c-4e04-84c7-965e9b067071,FirstNumber=365,secondNumber=267}  added by thread pool-3-thread-6
 message  {Id=6f045ab9-3d8c-4e04-84c7-965e9b067071,FirstNumber=365,secondNumber=267}  written to file by thread pool-3-thread-3
 message  {Id=9b7ec0d7-7067-4543-8c0a-1ce49ae43c47,FirstNumber=143,secondNumber=1224}  added by thread pool-3-thread-6
 message  {Id=9b7ec0d7-7067-4543-8c0a-1ce49ae43c47,FirstNumber=143,secondNumber=1224}  written to file by thread pool-3-thread-1
 message  {Id=4cc35039-3e53-4790-b30e-4417d027fd97,FirstNumber=317,secondNumber=1980}  added by thread pool-3-thread-6
 message  {Id=4cc35039-3e53-4790-b30e-4417d027fd97,FirstNumber=317,secondNumber=1980}  written to file by thread pool-3-thread-1
 message  {Id=689e2280-aa19-4272-9dc9-d8b3109166bf,FirstNumber=768,secondNumber=1132}  added by thread pool-3-thread-6
 message  {Id=39db887c-986b-47c8-8bff-f5c5876d4cfb,FirstNumber=321,secondNumber=1283}  added by thread pool-3-thread-6
 message  {Id=689e2280-aa19-4272-9dc9-d8b3109166bf,FirstNumber=768,secondNumber=1132}  written to file by thread pool-3-thread-5
 message  {Id=39db887c-986b-47c8-8bff-f5c5876d4cfb,FirstNumber=321,secondNumber=1283}  written to file by thread pool-3-thread-4
 message  {Id=7dc0ab94-abf6-466a-a3b5-a3904cc69f78,FirstNumber=462,secondNumber=1117}  added by thread pool-3-thread-6
 message  {Id=7dc0ab94-abf6-466a-a3b5-a3904cc69f78,FirstNumber=462,secondNumber=1117}  written to file by thread pool-3-thread-3
 message  {Id=5cf162c9-07e4-4f01-a26d-a11b8813976f,FirstNumber=460,secondNumber=271}  added by thread pool-3-thread-6
 message  {Id=5cf162c9-07e4-4f01-a26d-a11b8813976f,FirstNumber=460,secondNumber=271}  written to file by thread pool-3-thread-2
 message  {Id=182f28bc-0121-4d08-9954-e72d4eaa8f9b,FirstNumber=974,secondNumber=1909}  added by thread pool-3-thread-6
 message  {Id=182f28bc-0121-4d08-9954-e72d4eaa8f9b,FirstNumber=974,secondNumber=1909}  written to file by thread pool-3-thread-2
 message  {Id=bd01aecf-695d-4c7c-977d-eea4b55f4a51,FirstNumber=223,secondNumber=191}  added by thread pool-3-thread-6
 message  {Id=bd01aecf-695d-4c7c-977d-eea4b55f4a51,FirstNumber=223,secondNumber=191}  written to file by thread pool-3-thread-5
 message  {Id=a33269a7-106a-4318-99c1-85c91756bc29,FirstNumber=104,secondNumber=1773}  added by thread pool-3-thread-6
 message  {Id=a33269a7-106a-4318-99c1-85c91756bc29,FirstNumber=104,secondNumber=1773}  written to file by thread pool-3-thread-4
 message  {Id=d487f353-bfa9-42c3-886e-4889eea5a5e0,FirstNumber=65,secondNumber=946}  added by thread pool-3-thread-6
 message  {Id=d487f353-bfa9-42c3-886e-4889eea5a5e0,FirstNumber=65,secondNumber=946}  written to file by thread pool-3-thread-4
 message  {Id=7fdd45cf-aee7-4fdc-ab8c-5006af9d3b1b,FirstNumber=25,secondNumber=189}  added by thread pool-3-thread-6
 message  {Id=7fdd45cf-aee7-4fdc-ab8c-5006af9d3b1b,FirstNumber=25,secondNumber=189}  written to file by thread pool-3-thread-1
 message  {Id=759332fb-6595-4797-befd-695422674021,FirstNumber=118,secondNumber=1174}  added by thread pool-3-thread-6
 message  {Id=759332fb-6595-4797-befd-695422674021,FirstNumber=118,secondNumber=1174}  written to file by thread pool-3-thread-1
 message  {Id=7f1b9497-7479-418a-94cc-755ad4213bfc,FirstNumber=624,secondNumber=1787}  added by thread pool-3-thread-6
 message  {Id=7f1b9497-7479-418a-94cc-755ad4213bfc,FirstNumber=624,secondNumber=1787}  written to file by thread pool-3-thread-2
 message  {Id=6a7035d0-400a-4246-aa63-fa40bfccd92e,FirstNumber=373,secondNumber=1425}  added by thread pool-3-thread-6
 message  {Id=6a7035d0-400a-4246-aa63-fa40bfccd92e,FirstNumber=373,secondNumber=1425}  written to file by thread pool-3-thread-3
 message  {Id=c4413a93-9077-4d41-a0f2-06a0acedd968,FirstNumber=396,secondNumber=613}  added by thread pool-3-thread-6
 message  {Id=c4413a93-9077-4d41-a0f2-06a0acedd968,FirstNumber=396,secondNumber=613}  written to file by thread pool-3-thread-3
 message  {Id=73f3b574-a0a7-4923-be0e-a0bc1e29dc24,FirstNumber=504,secondNumber=18}  added by thread pool-3-thread-6
 message  {Id=73f3b574-a0a7-4923-be0e-a0bc1e29dc24,FirstNumber=504,secondNumber=18}  written to file by thread pool-3-thread-1
 message  {Id=931535cc-efae-4f6b-8bc7-9af287a5010a,FirstNumber=253,secondNumber=371}  added by thread pool-3-thread-6
 message  {Id=5dbccb5b-d99f-4757-ac34-84d747999ccf,FirstNumber=428,secondNumber=961}  added by thread pool-3-thread-6
 message  {Id=931535cc-efae-4f6b-8bc7-9af287a5010a,FirstNumber=253,secondNumber=371}  written to file by thread pool-3-thread-5
 message  {Id=5dbccb5b-d99f-4757-ac34-84d747999ccf,FirstNumber=428,secondNumber=961}  written to file by thread pool-3-thread-2
 message  {Id=42b127c5-a4ea-4d14-8198-6d1ec40771d6,FirstNumber=939,secondNumber=684}  added by thread pool-3-thread-6
 message  {Id=42b127c5-a4ea-4d14-8198-6d1ec40771d6,FirstNumber=939,secondNumber=684}  written to file by thread pool-3-thread-4
 message  {Id=cfbdf223-0e06-4165-8e94-0bb608a679b8,FirstNumber=350,secondNumber=590}  added by thread pool-3-thread-6
 message  {Id=cfbdf223-0e06-4165-8e94-0bb608a679b8,FirstNumber=350,secondNumber=590}  written to file by thread pool-3-thread-3
 message  {Id=1d5e9560-e7c1-478e-be2f-8bad4de4bd1b,FirstNumber=372,secondNumber=1928}  added by thread pool-3-thread-6
 message  {Id=1d5e9560-e7c1-478e-be2f-8bad4de4bd1b,FirstNumber=372,secondNumber=1928}  written to file by thread pool-3-thread-3
 message  {Id=d5db9a03-c324-45b2-abc6-54483d9d887b,FirstNumber=61,secondNumber=418}  added by thread pool-3-thread-6
 message  {Id=d5db9a03-c324-45b2-abc6-54483d9d887b,FirstNumber=61,secondNumber=418}  written to file by thread pool-3-thread-5
 message  {Id=d75da38e-1d83-471d-98f0-359a9e717c7d,FirstNumber=526,secondNumber=1637}  added by thread pool-3-thread-6
 message  {Id=d75da38e-1d83-471d-98f0-359a9e717c7d,FirstNumber=526,secondNumber=1637}  written to file by thread pool-3-thread-2
 message  {Id=607f33be-0925-4730-98c8-db6f23126b88,FirstNumber=54,secondNumber=1759}  added by thread pool-3-thread-6
 message  {Id=607f33be-0925-4730-98c8-db6f23126b88,FirstNumber=54,secondNumber=1759}  written to file by thread pool-3-thread-4
 message  {Id=369d2b54-ca16-49c3-9531-360ac744cb89,FirstNumber=402,secondNumber=1931}  added by thread pool-3-thread-6
 message  {Id=369d2b54-ca16-49c3-9531-360ac744cb89,FirstNumber=402,secondNumber=1931}  written to file by thread pool-3-thread-1
 message  {Id=447a8889-ce60-4923-9770-40d77f4399a3,FirstNumber=985,secondNumber=1321}  added by thread pool-3-thread-6
 message  {Id=447a8889-ce60-4923-9770-40d77f4399a3,FirstNumber=985,secondNumber=1321}  written to file by thread pool-3-thread-3
 message  {Id=75a5831a-5889-4838-a09a-82203aa6df75,FirstNumber=451,secondNumber=688}  added by thread pool-3-thread-6
 message  {Id=75a5831a-5889-4838-a09a-82203aa6df75,FirstNumber=451,secondNumber=688}  written to file by thread pool-3-thread-3
 message  {Id=1d945a9c-85fa-4648-9207-a0b29e581e5b,FirstNumber=935,secondNumber=178}  added by thread pool-3-thread-6
 message  {Id=1d945a9c-85fa-4648-9207-a0b29e581e5b,FirstNumber=935,secondNumber=178}  written to file by thread pool-3-thread-3
 message  {Id=e517e4b8-6f6e-438b-a3f0-89dea6bc7014,FirstNumber=182,secondNumber=1769}  added by thread pool-3-thread-6
 message  {Id=e517e4b8-6f6e-438b-a3f0-89dea6bc7014,FirstNumber=182,secondNumber=1769}  written to file by thread pool-3-thread-4
 message  {Id=d6c9ab16-7330-49ed-ac9c-545b74d444fa,FirstNumber=875,secondNumber=1450}  added by thread pool-3-thread-6
 message  {Id=d6c9ab16-7330-49ed-ac9c-545b74d444fa,FirstNumber=875,secondNumber=1450}  written to file by thread pool-3-thread-1
 message  {Id=606c43fb-b9ea-4033-80e5-d1953f1bd5ec,FirstNumber=745,secondNumber=1922}  added by thread pool-3-thread-6
 message  {Id=a817f609-c47f-45ea-929f-b853fdc39738,FirstNumber=587,secondNumber=542}  added by thread pool-3-thread-6
 message  {Id=606c43fb-b9ea-4033-80e5-d1953f1bd5ec,FirstNumber=745,secondNumber=1922}  written to file by thread pool-3-thread-5
 message  {Id=a817f609-c47f-45ea-929f-b853fdc39738,FirstNumber=587,secondNumber=542}  written to file by thread pool-3-thread-2
 message  {Id=c435ac0c-beaa-4122-baeb-5d5b587fcc2b,FirstNumber=307,secondNumber=1452}  added by thread pool-3-thread-6
 message  {Id=c435ac0c-beaa-4122-baeb-5d5b587fcc2b,FirstNumber=307,secondNumber=1452}  written to file by thread pool-3-thread-3
 message  {Id=f0eebbfc-79e7-4739-a3e3-861a3f882445,FirstNumber=407,secondNumber=1920}  added by thread pool-3-thread-6
 message  {Id=f0eebbfc-79e7-4739-a3e3-861a3f882445,FirstNumber=407,secondNumber=1920}  written to file by thread pool-3-thread-3
 message  {Id=7c8e0f0a-a607-46ff-81fe-6882eca1b02a,FirstNumber=517,secondNumber=1336}  added by thread pool-3-thread-6
 message  {Id=7c8e0f0a-a607-46ff-81fe-6882eca1b02a,FirstNumber=517,secondNumber=1336}  written to file by thread pool-3-thread-1
 message  {Id=740dd233-12cb-46f2-ad67-5edbb50eaf14,FirstNumber=857,secondNumber=1081}  added by thread pool-3-thread-6
 message  {Id=740dd233-12cb-46f2-ad67-5edbb50eaf14,FirstNumber=857,secondNumber=1081}  written to file by thread pool-3-thread-5
 message  {Id=f778d536-d16f-4ac9-80a6-92920c0044a8,FirstNumber=27,secondNumber=433}  added by thread pool-3-thread-6
 message  {Id=f778d536-d16f-4ac9-80a6-92920c0044a8,FirstNumber=27,secondNumber=433}  written to file by thread pool-3-thread-2
 message  {Id=bd86fc8f-f626-4c5f-bd6b-8e039062d2f6,FirstNumber=33,secondNumber=799}  added by thread pool-3-thread-6
 message  {Id=bd86fc8f-f626-4c5f-bd6b-8e039062d2f6,FirstNumber=33,secondNumber=799}  written to file by thread pool-3-thread-4
 message  {Id=b8b5cc3a-d802-4c35-a74d-672161363b07,FirstNumber=417,secondNumber=574}  added by thread pool-3-thread-6
 message  {Id=b8b5cc3a-d802-4c35-a74d-672161363b07,FirstNumber=417,secondNumber=574}  written to file by thread pool-3-thread-3
 message  {Id=a5b4b64b-b7d9-42ca-827c-287491f7c137,FirstNumber=31,secondNumber=784}  added by thread pool-3-thread-6
 message  {Id=a5b4b64b-b7d9-42ca-827c-287491f7c137,FirstNumber=31,secondNumber=784}  written to file by thread pool-3-thread-3
 message  {Id=1fd377dc-e14f-4098-ad54-aba8b2aa3782,FirstNumber=11,secondNumber=604}  added by thread pool-3-thread-6
 message  {Id=65e0aa7c-6234-4eff-965d-28b650de1168,FirstNumber=372,secondNumber=1583}  added by thread pool-3-thread-6
 message  {Id=1fd377dc-e14f-4098-ad54-aba8b2aa3782,FirstNumber=11,secondNumber=604}  written to file by thread pool-3-thread-5
 message  {Id=65e0aa7c-6234-4eff-965d-28b650de1168,FirstNumber=372,secondNumber=1583}  written to file by thread pool-3-thread-2
 message  {Id=54e2d591-d967-4bc2-b228-8d4cc0913870,FirstNumber=194,secondNumber=1454}  added by thread pool-3-thread-6
 message  {Id=54e2d591-d967-4bc2-b228-8d4cc0913870,FirstNumber=194,secondNumber=1454}  written to file by thread pool-3-thread-4
 message  {Id=a607994b-75e4-40e0-a6db-836179f7448e,FirstNumber=737,secondNumber=1042}  added by thread pool-3-thread-6
 message  {Id=a607994b-75e4-40e0-a6db-836179f7448e,FirstNumber=737,secondNumber=1042}  written to file by thread pool-3-thread-1
 message  {Id=77956ef4-b2c3-4697-bd4b-0d94000c1525,FirstNumber=3,secondNumber=215}  added by thread pool-3-thread-6
 message  {Id=77956ef4-b2c3-4697-bd4b-0d94000c1525,FirstNumber=3,secondNumber=215}  written to file by thread pool-3-thread-3
 message  {Id=73a61806-aa7e-4236-adce-ac100da5fa40,FirstNumber=149,secondNumber=1963}  added by thread pool-3-thread-6
 message  {Id=73a61806-aa7e-4236-adce-ac100da5fa40,FirstNumber=149,secondNumber=1963}  written to file by thread pool-3-thread-3
 message  {Id=498f3c7c-791a-469e-beab-848a4236286d,FirstNumber=894,secondNumber=920}  added by thread pool-3-thread-6
 message  {Id=498f3c7c-791a-469e-beab-848a4236286d,FirstNumber=894,secondNumber=920}  written to file by thread pool-3-thread-2
 message  {Id=e1f9b9ea-96aa-4773-b631-58f230462c0f,FirstNumber=959,secondNumber=131}  added by thread pool-3-thread-6
 message  {Id=e1f9b9ea-96aa-4773-b631-58f230462c0f,FirstNumber=959,secondNumber=131}  written to file by thread pool-3-thread-2
 message  {Id=36156442-8304-4e3f-8996-92b4168008c4,FirstNumber=379,secondNumber=1408}  added by thread pool-3-thread-6
 message  {Id=36156442-8304-4e3f-8996-92b4168008c4,FirstNumber=379,secondNumber=1408}  written to file by thread pool-3-thread-1
 message  {Id=4b59a405-64b7-4c26-90f1-b3a92bcc782d,FirstNumber=976,secondNumber=321}  added by thread pool-3-thread-6
 message  {Id=4b59a405-64b7-4c26-90f1-b3a92bcc782d,FirstNumber=976,secondNumber=321}  written to file by thread pool-3-thread-5
 message  {Id=917bb660-44e4-41ae-87ed-43561c1c1754,FirstNumber=530,secondNumber=512}  added by thread pool-3-thread-6
 message  {Id=917bb660-44e4-41ae-87ed-43561c1c1754,FirstNumber=530,secondNumber=512}  written to file by thread pool-3-thread-5
 message  {Id=8ff4572c-7fde-4742-82d4-0385c6c4bc07,FirstNumber=731,secondNumber=1464}  added by thread pool-3-thread-6
 message  {Id=8ff4572c-7fde-4742-82d4-0385c6c4bc07,FirstNumber=731,secondNumber=1464}  written to file by thread pool-3-thread-4
 message  {Id=ceee05b5-93f5-40f6-ad04-2de98fa4309b,FirstNumber=770,secondNumber=189}  added by thread pool-3-thread-6
 message  {Id=ceee05b5-93f5-40f6-ad04-2de98fa4309b,FirstNumber=770,secondNumber=189}  written to file by thread pool-3-thread-2
 message  {Id=e8110f75-9943-4b7a-a243-abdc991f6e8b,FirstNumber=293,secondNumber=614}  added by thread pool-3-thread-6
 message  {Id=e8110f75-9943-4b7a-a243-abdc991f6e8b,FirstNumber=293,secondNumber=614}  written to file by thread pool-3-thread-2
 message  {Id=13e72257-f266-4987-b9ce-d5db9b382308,FirstNumber=777,secondNumber=589}  added by thread pool-3-thread-6
 message  {Id=13e72257-f266-4987-b9ce-d5db9b382308,FirstNumber=777,secondNumber=589}  written to file by thread pool-3-thread-3
 message  {Id=0b29fdb8-c22f-4c39-b737-c565bddccd98,FirstNumber=552,secondNumber=151}  added by thread pool-3-thread-6
 message  {Id=0b29fdb8-c22f-4c39-b737-c565bddccd98,FirstNumber=552,secondNumber=151}  written to file by thread pool-3-thread-3
 message  {Id=c2877816-7ddf-48c4-ab26-ae3bb8c0dca1,FirstNumber=592,secondNumber=124}  added by thread pool-3-thread-6
 message  {Id=c2877816-7ddf-48c4-ab26-ae3bb8c0dca1,FirstNumber=592,secondNumber=124}  written to file by thread pool-3-thread-3
 message  {Id=01b47089-611c-4e1d-b77b-8bb2e64ef4ba,FirstNumber=418,secondNumber=642}  added by thread pool-3-thread-6
 message  {Id=01b47089-611c-4e1d-b77b-8bb2e64ef4ba,FirstNumber=418,secondNumber=642}  written to file by thread pool-3-thread-1
 message  {Id=56c34a15-5f6a-4b40-ac6b-ff286fa9e791,FirstNumber=915,secondNumber=1313}  added by thread pool-3-thread-6
 message  {Id=56c34a15-5f6a-4b40-ac6b-ff286fa9e791,FirstNumber=915,secondNumber=1313}  written to file by thread pool-3-thread-2
 message  {Id=58762e0d-e27d-4927-b7b5-e63fb46f4410,FirstNumber=842,secondNumber=183}  added by thread pool-3-thread-6
 message  {Id=58762e0d-e27d-4927-b7b5-e63fb46f4410,FirstNumber=842,secondNumber=183}  written to file by thread pool-3-thread-5
 message  {Id=9313bc98-ce97-494c-8292-60b71599184f,FirstNumber=581,secondNumber=678}  added by thread pool-3-thread-6
 message  {Id=9313bc98-ce97-494c-8292-60b71599184f,FirstNumber=581,secondNumber=678}  written to file by thread pool-3-thread-5
 message  {Id=d17e38c2-a815-4330-9b04-0bac9eada98d,FirstNumber=776,secondNumber=466}  added by thread pool-3-thread-6
 message  {Id=d17e38c2-a815-4330-9b04-0bac9eada98d,FirstNumber=776,secondNumber=466}  written to file by thread pool-3-thread-3
 message  {Id=be260cbb-c3ac-4687-af0e-9d81217ab43b,FirstNumber=998,secondNumber=1384}  added by thread pool-3-thread-6
 message  {Id=be260cbb-c3ac-4687-af0e-9d81217ab43b,FirstNumber=998,secondNumber=1384}  written to file by thread pool-3-thread-1
 message  {Id=ab717c4e-8b72-4ab2-88e1-a364e88ef228,FirstNumber=296,secondNumber=312}  added by thread pool-3-thread-6
 message  {Id=ab717c4e-8b72-4ab2-88e1-a364e88ef228,FirstNumber=296,secondNumber=312}  written to file by thread pool-3-thread-2
 message  {Id=41c1f526-629d-4f93-9140-516f7c68da69,FirstNumber=458,secondNumber=1933}  added by thread pool-3-thread-6
 message  {Id=41c1f526-629d-4f93-9140-516f7c68da69,FirstNumber=458,secondNumber=1933}  written to file by thread pool-3-thread-4
 message  {Id=38c40a0d-7662-4fbd-9207-7d281bbd99b2,FirstNumber=881,secondNumber=439}  added by thread pool-3-thread-6
 message  {Id=a85bbc7a-2cbb-435e-8e70-8ba9eb6ddea0,FirstNumber=507,secondNumber=913}  added by thread pool-3-thread-6
 message  {Id=38c40a0d-7662-4fbd-9207-7d281bbd99b2,FirstNumber=881,secondNumber=439}  written to file by thread pool-3-thread-5
 message  {Id=a85bbc7a-2cbb-435e-8e70-8ba9eb6ddea0,FirstNumber=507,secondNumber=913}  written to file by thread pool-3-thread-3
 message  {Id=91ea65a9-fe18-4b94-9cd8-40d62a799e1d,FirstNumber=966,secondNumber=747}  added by thread pool-3-thread-6
 message  {Id=91ea65a9-fe18-4b94-9cd8-40d62a799e1d,FirstNumber=966,secondNumber=747}  written to file by thread pool-3-thread-3
 message  {Id=2c8057e4-9213-48aa-afa8-c387e4365cf4,FirstNumber=980,secondNumber=1389}  added by thread pool-3-thread-6
 message  {Id=2c8057e4-9213-48aa-afa8-c387e4365cf4,FirstNumber=980,secondNumber=1389}  written to file by thread pool-3-thread-2
 message  {Id=5c3aef47-0852-454f-a9a8-4e75e3234970,FirstNumber=985,secondNumber=1798}  added by thread pool-3-thread-6
 message  {Id=5c3aef47-0852-454f-a9a8-4e75e3234970,FirstNumber=985,secondNumber=1798}  written to file by thread pool-3-thread-2
 message  {Id=4ee5cc3a-c4a5-4068-beec-3010927d3c46,FirstNumber=554,secondNumber=1647}  added by thread pool-3-thread-6
 message  {Id=ce2d1e82-5e4f-4f4b-9b0d-48269db1f929,FirstNumber=846,secondNumber=1417}  added by thread pool-3-thread-6
 message  {Id=4ee5cc3a-c4a5-4068-beec-3010927d3c46,FirstNumber=554,secondNumber=1647}  written to file by thread pool-3-thread-5
 message  {Id=ce2d1e82-5e4f-4f4b-9b0d-48269db1f929,FirstNumber=846,secondNumber=1417}  written to file by thread pool-3-thread-1
 message  {Id=78f643a7-93dc-487c-9e0e-b5a3717c8b75,FirstNumber=889,secondNumber=1060}  added by thread pool-3-thread-6
 message  {Id=78f643a7-93dc-487c-9e0e-b5a3717c8b75,FirstNumber=889,secondNumber=1060}  written to file by thread pool-3-thread-3
 message  {Id=b0d9b3fe-ee54-43ee-8d16-de9caead0d12,FirstNumber=21,secondNumber=1731}  added by thread pool-3-thread-6
 message  {Id=b0d9b3fe-ee54-43ee-8d16-de9caead0d12,FirstNumber=21,secondNumber=1731}  written to file by thread pool-3-thread-3
 message  {Id=12bf0999-0265-41d3-be3c-09537eadce9a,FirstNumber=766,secondNumber=385}  added by thread pool-3-thread-6
 message  {Id=12bf0999-0265-41d3-be3c-09537eadce9a,FirstNumber=766,secondNumber=385}  written to file by thread pool-3-thread-2
 message  {Id=3f96f8a8-013b-4e1a-a8a1-80c785d3718f,FirstNumber=361,secondNumber=368}  added by thread pool-3-thread-6
 message  {Id=3f96f8a8-013b-4e1a-a8a1-80c785d3718f,FirstNumber=361,secondNumber=368}  written to file by thread pool-3-thread-2
 message  {Id=de3244fd-bebc-4c6c-bb2a-0380484555b3,FirstNumber=823,secondNumber=1851}  added by thread pool-3-thread-6
 message  {Id=de3244fd-bebc-4c6c-bb2a-0380484555b3,FirstNumber=823,secondNumber=1851}  written to file by thread pool-3-thread-1
 message  {Id=a8073b94-6fc5-4b5b-834f-16b9c6103b12,FirstNumber=778,secondNumber=1733}  added by thread pool-3-thread-6
 message  {Id=a8073b94-6fc5-4b5b-834f-16b9c6103b12,FirstNumber=778,secondNumber=1733}  written to file by thread pool-3-thread-1
 message  {Id=80b8b8b4-f7ce-4c28-879e-5ab85d012f3d,FirstNumber=683,secondNumber=1722}  added by thread pool-3-thread-6
 message  {Id=80b8b8b4-f7ce-4c28-879e-5ab85d012f3d,FirstNumber=683,secondNumber=1722}  written to file by thread pool-3-thread-3
 message  {Id=afba153c-fd3a-4497-bc58-bc534cded7fa,FirstNumber=172,secondNumber=459}  added by thread pool-3-thread-6
 message  {Id=afba153c-fd3a-4497-bc58-bc534cded7fa,FirstNumber=172,secondNumber=459}  written to file by thread pool-3-thread-3
 message  {Id=e5093481-77ba-4bd5-907b-d92396db3409,FirstNumber=545,secondNumber=1484}  added by thread pool-3-thread-6
 message  {Id=e5093481-77ba-4bd5-907b-d92396db3409,FirstNumber=545,secondNumber=1484}  written to file by thread pool-3-thread-2
 message  {Id=dc03c677-4c5a-4ddf-a5e3-4428316b4eae,FirstNumber=202,secondNumber=1210}  added by thread pool-3-thread-6
 message  {Id=dc03c677-4c5a-4ddf-a5e3-4428316b4eae,FirstNumber=202,secondNumber=1210}  written to file by thread pool-3-thread-2
 message  {Id=4327baa8-265e-4ede-8cd5-6d804b7bab27,FirstNumber=417,secondNumber=1171}  added by thread pool-3-thread-6
 message  {Id=4327baa8-265e-4ede-8cd5-6d804b7bab27,FirstNumber=417,secondNumber=1171}  written to file by thread pool-3-thread-1
 message  {Id=a2d80bc1-f02a-4446-bfe9-55c3a81f35a9,FirstNumber=898,secondNumber=311}  added by thread pool-3-thread-6
 message  {Id=a2d80bc1-f02a-4446-bfe9-55c3a81f35a9,FirstNumber=898,secondNumber=311}  written to file by thread pool-3-thread-1
 message  {Id=e9865ebe-1e28-430d-ab2c-1153eceac998,FirstNumber=448,secondNumber=544}  added by thread pool-3-thread-6
 message  {Id=e9865ebe-1e28-430d-ab2c-1153eceac998,FirstNumber=448,secondNumber=544}  written to file by thread pool-3-thread-3
 message  {Id=08c57dfc-52a9-458d-9942-c8d58a7f49f7,FirstNumber=165,secondNumber=1671}  added by thread pool-3-thread-6
 message  {Id=08c57dfc-52a9-458d-9942-c8d58a7f49f7,FirstNumber=165,secondNumber=1671}  written to file by thread pool-3-thread-3
 message  {Id=a3b4e970-0653-4dad-a000-49bf86f53539,FirstNumber=581,secondNumber=1547}  added by thread pool-3-thread-6
 message  {Id=a3b4e970-0653-4dad-a000-49bf86f53539,FirstNumber=581,secondNumber=1547}  written to file by thread pool-3-thread-3
 message  {Id=4e55db74-ff7b-43bd-9920-8cb9b6cb92fb,FirstNumber=177,secondNumber=1335}  added by thread pool-3-thread-6
 message  {Id=4e55db74-ff7b-43bd-9920-8cb9b6cb92fb,FirstNumber=177,secondNumber=1335}  written to file by thread pool-3-thread-5
 message  {Id=3ff7b871-4743-49f7-bb11-4d15482f503e,FirstNumber=977,secondNumber=577}  added by thread pool-3-thread-6
 message  {Id=3ff7b871-4743-49f7-bb11-4d15482f503e,FirstNumber=977,secondNumber=577}  written to file by thread pool-3-thread-1
 message  {Id=b2a05f87-95cf-4a58-bbd1-2438a8324396,FirstNumber=540,secondNumber=1836}  added by thread pool-3-thread-6
 message  {Id=b2a05f87-95cf-4a58-bbd1-2438a8324396,FirstNumber=540,secondNumber=1836}  written to file by thread pool-3-thread-4
 message  {Id=19e6a743-b1a4-4e3d-bc4a-6da59d8ee669,FirstNumber=180,secondNumber=1954}  added by thread pool-3-thread-6
 message  {Id=19e6a743-b1a4-4e3d-bc4a-6da59d8ee669,FirstNumber=180,secondNumber=1954}  written to file by thread pool-3-thread-2
 message  {Id=1b622a4a-1e97-47e5-9129-abedb01d897c,FirstNumber=764,secondNumber=1146}  added by thread pool-3-thread-6
 message  {Id=1b622a4a-1e97-47e5-9129-abedb01d897c,FirstNumber=764,secondNumber=1146}  written to file by thread pool-3-thread-2
 message  {Id=200d276b-ff67-4c7b-abfa-10b4158dc804,FirstNumber=770,secondNumber=456}  added by thread pool-3-thread-6
 message  {Id=200d276b-ff67-4c7b-abfa-10b4158dc804,FirstNumber=770,secondNumber=456}  written to file by thread pool-3-thread-5
 message  {Id=7307dadb-b8f0-4c9f-833f-5e6cb04d8f01,FirstNumber=977,secondNumber=751}  added by thread pool-3-thread-6
 message  {Id=7307dadb-b8f0-4c9f-833f-5e6cb04d8f01,FirstNumber=977,secondNumber=751}  written to file by thread pool-3-thread-1
 message  {Id=f65d0bae-8cda-4616-b776-3a32c415cd10,FirstNumber=149,secondNumber=693}  added by thread pool-3-thread-6
 message  {Id=f65d0bae-8cda-4616-b776-3a32c415cd10,FirstNumber=149,secondNumber=693}  written to file by thread pool-3-thread-4
 message  {Id=7d482a75-3c86-46da-b581-4f328aa98c78,FirstNumber=371,secondNumber=1974}  added by thread pool-3-thread-6
 message  {Id=7d482a75-3c86-46da-b581-4f328aa98c78,FirstNumber=371,secondNumber=1974}  written to file by thread pool-3-thread-3
 message  {Id=88f8d0ad-57d9-42aa-b6ab-ac45300360c0,FirstNumber=913,secondNumber=1509}  added by thread pool-3-thread-6
 message  {Id=88f8d0ad-57d9-42aa-b6ab-ac45300360c0,FirstNumber=913,secondNumber=1509}  written to file by thread pool-3-thread-3
 message  {Id=872a1f4b-360e-4551-ae8e-6fc958b642f7,FirstNumber=578,secondNumber=1499}  added by thread pool-3-thread-6
 message  {Id=872a1f4b-360e-4551-ae8e-6fc958b642f7,FirstNumber=578,secondNumber=1499}  written to file by thread pool-3-thread-3
 message  {Id=64264f3b-77f0-4c82-9636-9a26a6d91fa0,FirstNumber=91,secondNumber=1520}  added by thread pool-3-thread-6
 message  {Id=64264f3b-77f0-4c82-9636-9a26a6d91fa0,FirstNumber=91,secondNumber=1520}  written to file by thread pool-3-thread-1
 message  {Id=004e37cf-1baa-47b4-a501-24e1d47a6101,FirstNumber=408,secondNumber=1981}  added by thread pool-3-thread-6
 message  {Id=004e37cf-1baa-47b4-a501-24e1d47a6101,FirstNumber=408,secondNumber=1981}  written to file by thread pool-3-thread-4
 message  {Id=6cc1f2c4-c10a-4ad8-9214-34c6d9ff07f9,FirstNumber=381,secondNumber=105}  added by thread pool-3-thread-6
 message  {Id=6cc1f2c4-c10a-4ad8-9214-34c6d9ff07f9,FirstNumber=381,secondNumber=105}  written to file by thread pool-3-thread-2
 message  {Id=4e8c7ee5-22de-474f-8fd5-e0c35c259a18,FirstNumber=608,secondNumber=1659}  added by thread pool-3-thread-6
 message  {Id=4e8c7ee5-22de-474f-8fd5-e0c35c259a18,FirstNumber=608,secondNumber=1659}  written to file by thread pool-3-thread-2
 message  {Id=a9a4c8ce-3982-46c8-9670-8fd056c9c854,FirstNumber=132,secondNumber=1750}  added by thread pool-3-thread-6
 message  {Id=a9a4c8ce-3982-46c8-9670-8fd056c9c854,FirstNumber=132,secondNumber=1750}  written to file by thread pool-3-thread-3
 message  {Id=3ead344d-0950-4ad8-a5da-a75afd76bf48,FirstNumber=604,secondNumber=1186}  added by thread pool-3-thread-6
 message  {Id=3ead344d-0950-4ad8-a5da-a75afd76bf48,FirstNumber=604,secondNumber=1186}  written to file by thread pool-3-thread-3
 message  {Id=f4e8f3a0-dd7c-41b9-93b3-700ccb2e225d,FirstNumber=877,secondNumber=1497}  added by thread pool-3-thread-6
 message  {Id=f4e8f3a0-dd7c-41b9-93b3-700ccb2e225d,FirstNumber=877,secondNumber=1497}  written to file by thread pool-3-thread-4
 message  {Id=6ba723ba-4847-421c-ae43-dfea6bd4b26a,FirstNumber=682,secondNumber=1666}  added by thread pool-3-thread-6
 message  {Id=6bdc2835-bb20-4f87-b5f5-9197f070e3f2,FirstNumber=312,secondNumber=1585}  added by thread pool-3-thread-6
 message  {Id=6ba723ba-4847-421c-ae43-dfea6bd4b26a,FirstNumber=682,secondNumber=1666}  written to file by thread pool-3-thread-5
 message  {Id=6bdc2835-bb20-4f87-b5f5-9197f070e3f2,FirstNumber=312,secondNumber=1585}  written to file by thread pool-3-thread-2
 message  {Id=4423d085-aea1-44c7-a74c-abccf7a60aa6,FirstNumber=325,secondNumber=296}  added by thread pool-3-thread-6
 message  {Id=4423d085-aea1-44c7-a74c-abccf7a60aa6,FirstNumber=325,secondNumber=296}  written to file by thread pool-3-thread-1
 message  {Id=f5704108-7582-4b10-8dff-14c0beeac310,FirstNumber=35,secondNumber=1302}  added by thread pool-3-thread-6
 message  {Id=f5704108-7582-4b10-8dff-14c0beeac310,FirstNumber=35,secondNumber=1302}  written to file by thread pool-3-thread-1
 message  {Id=6867841d-658d-44bf-a1cd-e1e93bfc3c03,FirstNumber=335,secondNumber=693}  added by thread pool-3-thread-6
 message  {Id=6867841d-658d-44bf-a1cd-e1e93bfc3c03,FirstNumber=335,secondNumber=693}  written to file by thread pool-3-thread-4
 message  {Id=82f64833-52f1-4e15-b5ad-f316bd06e8ad,FirstNumber=261,secondNumber=210}  added by thread pool-3-thread-6
 message  {Id=ace405f9-b1d9-4fef-9b07-c8da9d0b3df8,FirstNumber=454,secondNumber=540}  added by thread pool-3-thread-6
 message  {Id=82f64833-52f1-4e15-b5ad-f316bd06e8ad,FirstNumber=261,secondNumber=210}  written to file by thread pool-3-thread-5
 message  {Id=ace405f9-b1d9-4fef-9b07-c8da9d0b3df8,FirstNumber=454,secondNumber=540}  written to file by thread pool-3-thread-2
 message  {Id=f145a461-4d82-45d1-b3c6-a875c83cf268,FirstNumber=664,secondNumber=871}  added by thread pool-3-thread-6
 message  {Id=f145a461-4d82-45d1-b3c6-a875c83cf268,FirstNumber=664,secondNumber=871}  written to file by thread pool-3-thread-3
 message  {Id=251a20d6-a61f-4181-962a-3085cfdd64c1,FirstNumber=106,secondNumber=622}  added by thread pool-3-thread-6
 message  {Id=251a20d6-a61f-4181-962a-3085cfdd64c1,FirstNumber=106,secondNumber=622}  written to file by thread pool-3-thread-3
 message  {Id=22cf733f-4dd7-4a69-90f2-a2069364a010,FirstNumber=267,secondNumber=1377}  added by thread pool-3-thread-6
 message  {Id=22cf733f-4dd7-4a69-90f2-a2069364a010,FirstNumber=267,secondNumber=1377}  written to file by thread pool-3-thread-4
 message  {Id=febf4879-6563-482b-a154-7a12c8f4405f,FirstNumber=639,secondNumber=1569}  added by thread pool-3-thread-6
 message  {Id=febf4879-6563-482b-a154-7a12c8f4405f,FirstNumber=639,secondNumber=1569}  written to file by thread pool-3-thread-4
 message  {Id=c87c4b58-46b2-4ac8-9392-9cebc439a2cc,FirstNumber=21,secondNumber=632}  added by thread pool-3-thread-6
 message  {Id=c87c4b58-46b2-4ac8-9392-9cebc439a2cc,FirstNumber=21,secondNumber=632}  written to file by thread pool-3-thread-2
 message  {Id=76ef47ee-e8fa-41b7-9268-6c0550f87a7c,FirstNumber=663,secondNumber=150}  added by thread pool-3-thread-6
 message  {Id=76ef47ee-e8fa-41b7-9268-6c0550f87a7c,FirstNumber=663,secondNumber=150}  written to file by thread pool-3-thread-2
 message  {Id=c7dd0377-b1a9-4374-8642-7e9acc5aa02e,FirstNumber=992,secondNumber=325}  added by thread pool-3-thread-6
 message  {Id=c7dd0377-b1a9-4374-8642-7e9acc5aa02e,FirstNumber=992,secondNumber=325}  written to file by thread pool-3-thread-3
 message  {Id=2e9bac78-fa4e-45db-b00b-c70a4cb791c6,FirstNumber=147,secondNumber=1583}  added by thread pool-3-thread-6
 message  {Id=2e9bac78-fa4e-45db-b00b-c70a4cb791c6,FirstNumber=147,secondNumber=1583}  written to file by thread pool-3-thread-3
 message  {Id=efa82b98-4db7-4935-ac60-f5e52aea9e36,FirstNumber=278,secondNumber=718}  added by thread pool-3-thread-6
 message  {Id=efa82b98-4db7-4935-ac60-f5e52aea9e36,FirstNumber=278,secondNumber=718}  written to file by thread pool-3-thread-4
 message  {Id=b0659c69-b3eb-46db-b502-7af0c556b554,FirstNumber=491,secondNumber=371}  added by thread pool-3-thread-6
 message  {Id=b0659c69-b3eb-46db-b502-7af0c556b554,FirstNumber=491,secondNumber=371}  written to file by thread pool-3-thread-1
 message  {Id=67abfc23-3d88-4db9-a135-ced64dfea20d,FirstNumber=871,secondNumber=1847}  added by thread pool-3-thread-6
 message  {Id=67abfc23-3d88-4db9-a135-ced64dfea20d,FirstNumber=871,secondNumber=1847}  written to file by thread pool-3-thread-1
 message  {Id=caae43c1-c62a-43e8-a2fa-fdb79a301b9a,FirstNumber=102,secondNumber=617}  added by thread pool-3-thread-6
 message  {Id=caae43c1-c62a-43e8-a2fa-fdb79a301b9a,FirstNumber=102,secondNumber=617}  written to file by thread pool-3-thread-5
 message  {Id=a010470d-8142-4341-8ad3-2d3fd2cbfca4,FirstNumber=233,secondNumber=672}  added by thread pool-3-thread-6
 message  {Id=a010470d-8142-4341-8ad3-2d3fd2cbfca4,FirstNumber=233,secondNumber=672}  written to file by thread pool-3-thread-3
 message  {Id=2393f804-8afb-401c-9814-2c235e424d72,FirstNumber=883,secondNumber=677}  added by thread pool-3-thread-6
 message  {Id=2393f804-8afb-401c-9814-2c235e424d72,FirstNumber=883,secondNumber=677}  written to file by thread pool-3-thread-3
 message  {Id=0e421503-1ab6-4a8f-ae94-ebb160b59cef,FirstNumber=128,secondNumber=1308}  added by thread pool-3-thread-6
 message  {Id=0e421503-1ab6-4a8f-ae94-ebb160b59cef,FirstNumber=128,secondNumber=1308}  written to file by thread pool-3-thread-3
 message  {Id=0e919208-872c-49d2-893e-e12e732ff00d,FirstNumber=857,secondNumber=1306}  added by thread pool-3-thread-6
 message  {Id=0e919208-872c-49d2-893e-e12e732ff00d,FirstNumber=857,secondNumber=1306}  written to file by thread pool-3-thread-3
 message  {Id=cf8e88c9-7be4-4885-9105-ace8fd5188e3,FirstNumber=896,secondNumber=1583}  added by thread pool-3-thread-6
 message  {Id=411241c4-7c8e-4c6f-8031-1c204ca647e6,FirstNumber=546,secondNumber=1852}  added by thread pool-3-thread-6
 message  {Id=cf8e88c9-7be4-4885-9105-ace8fd5188e3,FirstNumber=896,secondNumber=1583}  written to file by thread pool-3-thread-5
 message  {Id=411241c4-7c8e-4c6f-8031-1c204ca647e6,FirstNumber=546,secondNumber=1852}  written to file by thread pool-3-thread-4
 message  {Id=f0336be3-f648-4f3c-b104-5c034745c337,FirstNumber=863,secondNumber=351}  added by thread pool-3-thread-6
 message  {Id=f0336be3-f648-4f3c-b104-5c034745c337,FirstNumber=863,secondNumber=351}  written to file by thread pool-3-thread-2
 message  {Id=e367558a-6373-47fd-8ced-234e1f57c708,FirstNumber=935,secondNumber=956}  added by thread pool-3-thread-6
 message  {Id=e367558a-6373-47fd-8ced-234e1f57c708,FirstNumber=935,secondNumber=956}  written to file by thread pool-3-thread-2
 message  {Id=3d2fd9b9-87d0-45f4-b9b8-29849d8731b7,FirstNumber=396,secondNumber=749}  added by thread pool-3-thread-6
 message  {Id=3d2fd9b9-87d0-45f4-b9b8-29849d8731b7,FirstNumber=396,secondNumber=749}  written to file by thread pool-3-thread-2
 message  {Id=d80f8182-9a82-45c8-9888-c372aea2749f,FirstNumber=777,secondNumber=712}  added by thread pool-3-thread-6
 message  {Id=dcbdd025-575a-4f91-9582-5596b8193183,FirstNumber=377,secondNumber=1911}  added by thread pool-3-thread-6
 message  {Id=d80f8182-9a82-45c8-9888-c372aea2749f,FirstNumber=777,secondNumber=712}  written to file by thread pool-3-thread-5
 message  {Id=dcbdd025-575a-4f91-9582-5596b8193183,FirstNumber=377,secondNumber=1911}  written to file by thread pool-3-thread-4
 message  {Id=bae50e33-6b65-4735-be6c-c19a994eb7ba,FirstNumber=814,secondNumber=1472}  added by thread pool-3-thread-6
 message  {Id=bae50e33-6b65-4735-be6c-c19a994eb7ba,FirstNumber=814,secondNumber=1472}  written to file by thread pool-3-thread-4
 message  {Id=4b877535-77b0-4b4a-a524-fded45a1f107,FirstNumber=236,secondNumber=290}  added by thread pool-3-thread-6
 message  {Id=4b877535-77b0-4b4a-a524-fded45a1f107,FirstNumber=236,secondNumber=290}  written to file by thread pool-3-thread-3
 message  {Id=170ebfdf-c01f-4a21-b022-872798ca662e,FirstNumber=585,secondNumber=502}  added by thread pool-3-thread-6
 message  {Id=170ebfdf-c01f-4a21-b022-872798ca662e,FirstNumber=585,secondNumber=502}  written to file by thread pool-3-thread-2
 message  {Id=b5a2a19b-f5ac-4af3-844a-9b8dc972029e,FirstNumber=813,secondNumber=1563}  added by thread pool-3-thread-6
 message  {Id=f0c0c242-89bd-482d-8034-caad3a831f23,FirstNumber=663,secondNumber=480}  added by thread pool-3-thread-6
 message  {Id=b5a2a19b-f5ac-4af3-844a-9b8dc972029e,FirstNumber=813,secondNumber=1563}  written to file by thread pool-3-thread-5
 message  {Id=f0c0c242-89bd-482d-8034-caad3a831f23,FirstNumber=663,secondNumber=480}  written to file by thread pool-3-thread-1
 message  {Id=be0b50ce-d155-4994-b96b-383c321c420d,FirstNumber=986,secondNumber=1330}  added by thread pool-3-thread-6
 message  {Id=be0b50ce-d155-4994-b96b-383c321c420d,FirstNumber=986,secondNumber=1330}  written to file by thread pool-3-thread-4
 message  {Id=41ac5eda-54fa-483a-a0a9-7dfc0071ccdd,FirstNumber=621,secondNumber=1662}  added by thread pool-3-thread-6
 message  {Id=41ac5eda-54fa-483a-a0a9-7dfc0071ccdd,FirstNumber=621,secondNumber=1662}  written to file by thread pool-3-thread-4
 message  {Id=8aeacc9f-2f41-4da8-aab4-f592c8e40bd8,FirstNumber=677,secondNumber=1082}  added by thread pool-3-thread-6
 message  {Id=8aeacc9f-2f41-4da8-aab4-f592c8e40bd8,FirstNumber=677,secondNumber=1082}  written to file by thread pool-3-thread-2
 message  {Id=693c8f3a-faea-488c-9067-1ae0309add07,FirstNumber=489,secondNumber=1578}  added by thread pool-3-thread-6
 message  {Id=693c8f3a-faea-488c-9067-1ae0309add07,FirstNumber=489,secondNumber=1578}  written to file by thread pool-3-thread-5
 message  {Id=384fc6b1-da7f-4905-8143-f8eb45658dd6,FirstNumber=504,secondNumber=1776}  added by thread pool-3-thread-6
 message  {Id=384fc6b1-da7f-4905-8143-f8eb45658dd6,FirstNumber=504,secondNumber=1776}  written to file by thread pool-3-thread-1
 message  {Id=b6186b64-1205-4c27-bf91-5a8b025c0216,FirstNumber=476,secondNumber=279}  added by thread pool-3-thread-6
 message  {Id=b6186b64-1205-4c27-bf91-5a8b025c0216,FirstNumber=476,secondNumber=279}  written to file by thread pool-3-thread-3
 message  {Id=c0527838-73e0-4328-a272-5cd9bb20ffff,FirstNumber=385,secondNumber=456}  added by thread pool-3-thread-6
 message  {Id=c0527838-73e0-4328-a272-5cd9bb20ffff,FirstNumber=385,secondNumber=456}  written to file by thread pool-3-thread-3
 message  {Id=5424ca6e-d2e9-4e3f-aeed-cacdfac53a77,FirstNumber=42,secondNumber=1973}  added by thread pool-3-thread-6
 message  {Id=5424ca6e-d2e9-4e3f-aeed-cacdfac53a77,FirstNumber=42,secondNumber=1973}  written to file by thread pool-3-thread-2
 message  {Id=530f595d-7457-4aa0-9e14-e64e99621398,FirstNumber=969,secondNumber=357}  added by thread pool-3-thread-6
 message  {Id=38659cea-c25c-455b-9b10-4160a517e213,FirstNumber=993,secondNumber=1494}  added by thread pool-3-thread-6
 message  {Id=530f595d-7457-4aa0-9e14-e64e99621398,FirstNumber=969,secondNumber=357}  written to file by thread pool-3-thread-5
 message  {Id=38659cea-c25c-455b-9b10-4160a517e213,FirstNumber=993,secondNumber=1494}  written to file by thread pool-3-thread-1
 message  {Id=706e01ad-3385-4d56-bfe5-0adf5f75cd28,FirstNumber=530,secondNumber=984}  added by thread pool-3-thread-6
 message  {Id=706e01ad-3385-4d56-bfe5-0adf5f75cd28,FirstNumber=530,secondNumber=984}  written to file by thread pool-3-thread-4
 message  {Id=a6f27290-44cd-4092-beb5-b713d71538b7,FirstNumber=144,secondNumber=136}  added by thread pool-3-thread-6
 message  {Id=a6f27290-44cd-4092-beb5-b713d71538b7,FirstNumber=144,secondNumber=136}  written to file by thread pool-3-thread-4
 message  {Id=2cdf7cd4-8810-4ffc-8e63-dad365596bf7,FirstNumber=287,secondNumber=187}  added by thread pool-3-thread-6
 message  {Id=2cdf7cd4-8810-4ffc-8e63-dad365596bf7,FirstNumber=287,secondNumber=187}  written to file by thread pool-3-thread-2
 message  {Id=71536f49-5d64-4b01-a4dc-03a2631770d8,FirstNumber=177,secondNumber=1001}  added by thread pool-3-thread-6
 message  {Id=71536f49-5d64-4b01-a4dc-03a2631770d8,FirstNumber=177,secondNumber=1001}  written to file by thread pool-3-thread-5
 message  {Id=3e9ae616-e9c1-4486-829f-f72acb8a8af2,FirstNumber=736,secondNumber=1585}  added by thread pool-3-thread-6
 message  {Id=3e9ae616-e9c1-4486-829f-f72acb8a8af2,FirstNumber=736,secondNumber=1585}  written to file by thread pool-3-thread-1
 message  {Id=462a53b8-0140-4e43-8254-ddbaff097035,FirstNumber=967,secondNumber=46}  added by thread pool-3-thread-6
 message  {Id=462a53b8-0140-4e43-8254-ddbaff097035,FirstNumber=967,secondNumber=46}  written to file by thread pool-3-thread-3
 message  {Id=0d7646c3-f18a-44c2-ab5a-9fcfc49bcad6,FirstNumber=341,secondNumber=1465}  added by thread pool-3-thread-6
 message  {Id=0d7646c3-f18a-44c2-ab5a-9fcfc49bcad6,FirstNumber=341,secondNumber=1465}  written to file by thread pool-3-thread-3
 message  {Id=20898fb5-f81d-4241-8889-80e898f3eaf7,FirstNumber=812,secondNumber=1834}  added by thread pool-3-thread-6
 message  {Id=20898fb5-f81d-4241-8889-80e898f3eaf7,FirstNumber=812,secondNumber=1834}  written to file by thread pool-3-thread-3
 message  {Id=0ddce70a-e653-45d5-b8cb-61c1b16559fb,FirstNumber=96,secondNumber=867}  added by thread pool-3-thread-6
 message  {Id=f799e40d-96df-4f8e-8d70-33fd25e434ac,FirstNumber=388,secondNumber=539}  added by thread pool-3-thread-6
 message  {Id=0ddce70a-e653-45d5-b8cb-61c1b16559fb,FirstNumber=96,secondNumber=867}  written to file by thread pool-3-thread-5
 message  {Id=f799e40d-96df-4f8e-8d70-33fd25e434ac,FirstNumber=388,secondNumber=539}  written to file by thread pool-3-thread-1
 message  {Id=a53c50ed-7d68-4e5a-92f4-470697785bdb,FirstNumber=376,secondNumber=1219}  added by thread pool-3-thread-6
 message  {Id=a53c50ed-7d68-4e5a-92f4-470697785bdb,FirstNumber=376,secondNumber=1219}  written to file by thread pool-3-thread-4
 message  {Id=97ae7650-3efb-4562-b4fe-91e608f66795,FirstNumber=852,secondNumber=1493}  added by thread pool-3-thread-6
 message  {Id=97ae7650-3efb-4562-b4fe-91e608f66795,FirstNumber=852,secondNumber=1493}  written to file by thread pool-3-thread-4
 message  {Id=c106385c-6029-4cd8-b808-b15cfd73bd46,FirstNumber=356,secondNumber=898}  added by thread pool-3-thread-6
 message  {Id=c106385c-6029-4cd8-b808-b15cfd73bd46,FirstNumber=356,secondNumber=898}  written to file by thread pool-3-thread-3
 message  {Id=5ff2aa2e-a338-493a-820a-3f5327cd4d3c,FirstNumber=927,secondNumber=1522}  added by thread pool-3-thread-6
 message  {Id=5ff2aa2e-a338-493a-820a-3f5327cd4d3c,FirstNumber=927,secondNumber=1522}  written to file by thread pool-3-thread-3
 message  {Id=2634fe71-59d9-4dd3-9f1b-edae02372d1d,FirstNumber=758,secondNumber=110}  added by thread pool-3-thread-6
 message  {Id=2634fe71-59d9-4dd3-9f1b-edae02372d1d,FirstNumber=758,secondNumber=110}  written to file by thread pool-3-thread-1
 message  {Id=96a1083c-6b3e-478f-831a-0d5ca72c93bd,FirstNumber=64,secondNumber=1388}  added by thread pool-3-thread-6
 message  {Id=96a1083c-6b3e-478f-831a-0d5ca72c93bd,FirstNumber=64,secondNumber=1388}  written to file by thread pool-3-thread-1
 message  {Id=19bbb3cf-5343-4827-848c-292da76cf741,FirstNumber=463,secondNumber=1658}  added by thread pool-3-thread-6
 message  {Id=19bbb3cf-5343-4827-848c-292da76cf741,FirstNumber=463,secondNumber=1658}  written to file by thread pool-3-thread-4
 message  {Id=f1a55492-1c4b-4b75-9a8a-cc191a2b0d66,FirstNumber=525,secondNumber=362}  added by thread pool-3-thread-6
 message  {Id=f1a55492-1c4b-4b75-9a8a-cc191a2b0d66,FirstNumber=525,secondNumber=362}  written to file by thread pool-3-thread-4
 message  {Id=b4d177af-75b9-47b3-a4a1-69c001550a16,FirstNumber=94,secondNumber=540}  added by thread pool-3-thread-6
 message  {Id=b4d177af-75b9-47b3-a4a1-69c001550a16,FirstNumber=94,secondNumber=540}  written to file by thread pool-3-thread-3
 message  {Id=ee701efb-d003-451a-a152-96ff4922c55d,FirstNumber=962,secondNumber=1397}  added by thread pool-3-thread-6
 message  {Id=ee701efb-d003-451a-a152-96ff4922c55d,FirstNumber=962,secondNumber=1397}  written to file by thread pool-3-thread-3
 message  {Id=e4030c67-9ad7-4cbe-b13e-e2a53823dca0,FirstNumber=358,secondNumber=305}  added by thread pool-3-thread-6
 message  {Id=e4030c67-9ad7-4cbe-b13e-e2a53823dca0,FirstNumber=358,secondNumber=305}  written to file by thread pool-3-thread-1
 message  {Id=d47b1133-0909-493c-a882-10120d5c4303,FirstNumber=245,secondNumber=677}  added by thread pool-3-thread-6
 message  {Id=d47b1133-0909-493c-a882-10120d5c4303,FirstNumber=245,secondNumber=677}  written to file by thread pool-3-thread-1
 message  {Id=81dd8267-2ca0-4c5c-b848-5d801a4d74f7,FirstNumber=266,secondNumber=1973}  added by thread pool-3-thread-6
 message  {Id=81dd8267-2ca0-4c5c-b848-5d801a4d74f7,FirstNumber=266,secondNumber=1973}  written to file by thread pool-3-thread-4
 message  {Id=12011b12-c2d2-4793-9405-78049c958be8,FirstNumber=2,secondNumber=1485}  added by thread pool-3-thread-6
 message  {Id=12011b12-c2d2-4793-9405-78049c958be8,FirstNumber=2,secondNumber=1485}  written to file by thread pool-3-thread-2
 message  {Id=caa8ed11-c5bc-4d15-9010-aa7c7935be64,FirstNumber=196,secondNumber=1526}  added by thread pool-3-thread-6
 message  {Id=caa8ed11-c5bc-4d15-9010-aa7c7935be64,FirstNumber=196,secondNumber=1526}  written to file by thread pool-3-thread-3
 message  {Id=a476b490-c4ef-4745-8fc1-4f5063549da6,FirstNumber=395,secondNumber=1749}  added by thread pool-3-thread-6
 message  {Id=a476b490-c4ef-4745-8fc1-4f5063549da6,FirstNumber=395,secondNumber=1749}  written to file by thread pool-3-thread-3
 message  {Id=8edbc00a-0b90-466c-ba9f-7c93f9b2ce94,FirstNumber=229,secondNumber=849}  added by thread pool-3-thread-6
 message  {Id=8edbc00a-0b90-466c-ba9f-7c93f9b2ce94,FirstNumber=229,secondNumber=849}  written to file by thread pool-3-thread-3
 message  {Id=f66edbff-3f8c-4862-aa13-5e87c1af4d80,FirstNumber=517,secondNumber=1954}  added by thread pool-3-thread-6
 message  {Id=f66edbff-3f8c-4862-aa13-5e87c1af4d80,FirstNumber=517,secondNumber=1954}  written to file by thread pool-3-thread-4
 message  {Id=461c7e03-1d61-48bc-bb2a-990e90067f7f,FirstNumber=34,secondNumber=1081}  added by thread pool-3-thread-6
 message  {Id=461c7e03-1d61-48bc-bb2a-990e90067f7f,FirstNumber=34,secondNumber=1081}  written to file by thread pool-3-thread-2
 message  {Id=444576ae-3a4b-4671-9cde-edcba80c0c76,FirstNumber=863,secondNumber=53}  added by thread pool-3-thread-6
 message  {Id=55ea5101-81a1-40c7-8392-63b97e4a0f9a,FirstNumber=276,secondNumber=1816}  added by thread pool-3-thread-6
 message  {Id=444576ae-3a4b-4671-9cde-edcba80c0c76,FirstNumber=863,secondNumber=53}  written to file by thread pool-3-thread-5
 message  {Id=55ea5101-81a1-40c7-8392-63b97e4a0f9a,FirstNumber=276,secondNumber=1816}  written to file by thread pool-3-thread-1
 message  {Id=345e7629-c21e-46e9-b88e-9be32f9dc79f,FirstNumber=379,secondNumber=1655}  added by thread pool-3-thread-6
 message  {Id=345e7629-c21e-46e9-b88e-9be32f9dc79f,FirstNumber=379,secondNumber=1655}  written to file by thread pool-3-thread-5
 message  {Id=fd1fa67d-3514-494b-9ec4-910bd5860e35,FirstNumber=501,secondNumber=1736}  added by thread pool-3-thread-6
 message  {Id=fd1fa67d-3514-494b-9ec4-910bd5860e35,FirstNumber=501,secondNumber=1736}  written to file by thread pool-3-thread-4
 message  {Id=fa3904b7-a8a8-4e42-98ad-774583b1a7b1,FirstNumber=918,secondNumber=899}  added by thread pool-3-thread-6
 message  {Id=fa3904b7-a8a8-4e42-98ad-774583b1a7b1,FirstNumber=918,secondNumber=899}  written to file by thread pool-3-thread-4
 message  {Id=cb762a1c-fad0-4e60-9385-c0754d7daf29,FirstNumber=362,secondNumber=1187}  added by thread pool-3-thread-6
 message  {Id=cb762a1c-fad0-4e60-9385-c0754d7daf29,FirstNumber=362,secondNumber=1187}  written to file by thread pool-3-thread-1
 message  {Id=cfd5d3b0-6f85-458e-a75d-000ed9bbf6c6,FirstNumber=648,secondNumber=1950}  added by thread pool-3-thread-6
 message  {Id=cfd5d3b0-6f85-458e-a75d-000ed9bbf6c6,FirstNumber=648,secondNumber=1950}  written to file by thread pool-3-thread-3
 message  {Id=f945d9a4-0c6d-452c-ad4e-8068aab8b475,FirstNumber=568,secondNumber=1560}  added by thread pool-3-thread-6
 message  {Id=f945d9a4-0c6d-452c-ad4e-8068aab8b475,FirstNumber=568,secondNumber=1560}  written to file by thread pool-3-thread-3
 message  {Id=cddd12ce-5ba6-4852-9fae-6ebc37412fca,FirstNumber=145,secondNumber=1648}  added by thread pool-3-thread-6
 message  {Id=cddd12ce-5ba6-4852-9fae-6ebc37412fca,FirstNumber=145,secondNumber=1648}  written to file by thread pool-3-thread-3
 message  {Id=84ac5a5e-6f70-484c-b8d5-dcca13efe06c,FirstNumber=794,secondNumber=871}  added by thread pool-3-thread-6
 message  {Id=84ac5a5e-6f70-484c-b8d5-dcca13efe06c,FirstNumber=794,secondNumber=871}  written to file by thread pool-3-thread-4
 message  {Id=9eab217b-a456-4067-9656-ca3203317aef,FirstNumber=459,secondNumber=1942}  added by thread pool-3-thread-6
 message  {Id=9eab217b-a456-4067-9656-ca3203317aef,FirstNumber=459,secondNumber=1942}  written to file by thread pool-3-thread-4
 message  {Id=fd4d1aff-f6de-4d2b-89bd-6e9f89de08ce,FirstNumber=890,secondNumber=699}  added by thread pool-3-thread-6
 message  {Id=7fd521fd-1294-4bf2-9afc-32f585865ce8,FirstNumber=868,secondNumber=1767}  added by thread pool-3-thread-6
 message  {Id=fd4d1aff-f6de-4d2b-89bd-6e9f89de08ce,FirstNumber=890,secondNumber=699}  written to file by thread pool-3-thread-5
 message  {Id=7fd521fd-1294-4bf2-9afc-32f585865ce8,FirstNumber=868,secondNumber=1767}  written to file by thread pool-3-thread-2
 message  {Id=b4ca7bd2-6ad5-4c0f-94b1-30c76c5e8b2c,FirstNumber=657,secondNumber=248}  added by thread pool-3-thread-6
 message  {Id=b4ca7bd2-6ad5-4c0f-94b1-30c76c5e8b2c,FirstNumber=657,secondNumber=248}  written to file by thread pool-3-thread-3
 message  {Id=fce3f23d-8f74-45f7-9654-ff687b5b95ce,FirstNumber=934,secondNumber=1321}  added by thread pool-3-thread-6
 message  {Id=fce3f23d-8f74-45f7-9654-ff687b5b95ce,FirstNumber=934,secondNumber=1321}  written to file by thread pool-3-thread-1
 message  {Id=c8fad013-07a2-4f79-9c8d-3297c27e840b,FirstNumber=996,secondNumber=631}  added by thread pool-3-thread-6
 message  {Id=c8fad013-07a2-4f79-9c8d-3297c27e840b,FirstNumber=996,secondNumber=631}  written to file by thread pool-3-thread-4
 message  {Id=a18d1dbe-2ee2-43ba-82ab-9650cc4b3a0b,FirstNumber=505,secondNumber=1166}  added by thread pool-3-thread-6
 message  {Id=a18d1dbe-2ee2-43ba-82ab-9650cc4b3a0b,FirstNumber=505,secondNumber=1166}  written to file by thread pool-3-thread-4
 message  {Id=1b0cbbe9-7d47-4468-9156-9bcad3a5620f,FirstNumber=543,secondNumber=107}  added by thread pool-3-thread-6
 message  {Id=1b0cbbe9-7d47-4468-9156-9bcad3a5620f,FirstNumber=543,secondNumber=107}  written to file by thread pool-3-thread-2
 message  {Id=b405d1fd-1d5f-477e-9318-1222da19acc4,FirstNumber=728,secondNumber=178}  added by thread pool-3-thread-6
 message  {Id=b405d1fd-1d5f-477e-9318-1222da19acc4,FirstNumber=728,secondNumber=178}  written to file by thread pool-3-thread-2
 message  {Id=4e4d0aea-1c18-461d-b13e-6a96f1bf7476,FirstNumber=220,secondNumber=1658}  added by thread pool-3-thread-6
 message  {Id=4e4d0aea-1c18-461d-b13e-6a96f1bf7476,FirstNumber=220,secondNumber=1658}  written to file by thread pool-3-thread-1
 message  {Id=a188d034-6e20-4e31-99eb-9a5f123896d2,FirstNumber=556,secondNumber=1442}  added by thread pool-3-thread-6
 message  {Id=a188d034-6e20-4e31-99eb-9a5f123896d2,FirstNumber=556,secondNumber=1442}  written to file by thread pool-3-thread-5
 message  {Id=98a8d007-7620-40c1-95fc-d5274957b43e,FirstNumber=832,secondNumber=1075}  added by thread pool-3-thread-6
 message  {Id=98a8d007-7620-40c1-95fc-d5274957b43e,FirstNumber=832,secondNumber=1075}  written to file by thread pool-3-thread-4
 message  {Id=13b31c84-597e-44e8-9177-1f069a1c00df,FirstNumber=916,secondNumber=1386}  added by thread pool-3-thread-6
 message  {Id=13b31c84-597e-44e8-9177-1f069a1c00df,FirstNumber=916,secondNumber=1386}  written to file by thread pool-3-thread-4
 message  {Id=002f209f-7d13-43e5-a939-d144d6dbb09e,FirstNumber=476,secondNumber=161}  added by thread pool-3-thread-6
 message  {Id=002f209f-7d13-43e5-a939-d144d6dbb09e,FirstNumber=476,secondNumber=161}  written to file by thread pool-3-thread-2
 message  {Id=7b184150-33f7-47c3-bad6-70e0ef32c7f0,FirstNumber=384,secondNumber=500}  added by thread pool-3-thread-6
 message  {Id=7b184150-33f7-47c3-bad6-70e0ef32c7f0,FirstNumber=384,secondNumber=500}  written to file by thread pool-3-thread-2
 message  {Id=a1e76454-6781-41e0-a55f-4870fe35d33a,FirstNumber=784,secondNumber=1590}  added by thread pool-3-thread-6
 message  {Id=a1e76454-6781-41e0-a55f-4870fe35d33a,FirstNumber=784,secondNumber=1590}  written to file by thread pool-3-thread-5
 message  {Id=6ec0475d-2efb-48e7-a854-1f9993fe2c4a,FirstNumber=273,secondNumber=1686}  added by thread pool-3-thread-6
 message  {Id=6ec0475d-2efb-48e7-a854-1f9993fe2c4a,FirstNumber=273,secondNumber=1686}  written to file by thread pool-3-thread-3
 message  {Id=4a08eead-d041-4dad-92ea-c923458513e6,FirstNumber=272,secondNumber=1095}  added by thread pool-3-thread-6
 message  {Id=4a08eead-d041-4dad-92ea-c923458513e6,FirstNumber=272,secondNumber=1095}  written to file by thread pool-3-thread-3
 message  {Id=f3d2e008-81a1-4183-8836-75afe1b55781,FirstNumber=489,secondNumber=1562}  added by thread pool-3-thread-6
 message  {Id=f3d2e008-81a1-4183-8836-75afe1b55781,FirstNumber=489,secondNumber=1562}  written to file by thread pool-3-thread-1
 message  {Id=5de04657-d0ba-4a67-9918-8fcd5cb6d73f,FirstNumber=347,secondNumber=445}  added by thread pool-3-thread-6
 message  {Id=5de04657-d0ba-4a67-9918-8fcd5cb6d73f,FirstNumber=347,secondNumber=445}  written to file by thread pool-3-thread-2
 message  {Id=6d131ce9-a32b-46ac-a99a-2de7287be997,FirstNumber=8,secondNumber=1053}  added by thread pool-3-thread-6
 message  {Id=6d131ce9-a32b-46ac-a99a-2de7287be997,FirstNumber=8,secondNumber=1053}  written to file by thread pool-3-thread-2
 message  {Id=b49374e4-ab1a-46c0-9b45-2277761c7253,FirstNumber=222,secondNumber=1164}  added by thread pool-3-thread-6
 message  {Id=b49374e4-ab1a-46c0-9b45-2277761c7253,FirstNumber=222,secondNumber=1164}  written to file by thread pool-3-thread-4
 message  {Id=8acaefe9-f29b-49c5-93f4-d9f88e5627c7,FirstNumber=1,secondNumber=1883}  added by thread pool-3-thread-6
 message  {Id=8acaefe9-f29b-49c5-93f4-d9f88e5627c7,FirstNumber=1,secondNumber=1883}  written to file by thread pool-3-thread-4
 message  {Id=5f17414a-2e52-4abf-ad21-30d1f97a0396,FirstNumber=984,secondNumber=940}  added by thread pool-3-thread-6
 message  {Id=5f17414a-2e52-4abf-ad21-30d1f97a0396,FirstNumber=984,secondNumber=940}  written to file by thread pool-3-thread-1
 message  {Id=bc1b76fc-66fe-4de6-a1c5-c2265330d306,FirstNumber=724,secondNumber=1934}  added by thread pool-3-thread-6
 message  {Id=bc1b76fc-66fe-4de6-a1c5-c2265330d306,FirstNumber=724,secondNumber=1934}  written to file by thread pool-3-thread-5
 message  {Id=502a80e9-4533-439b-bcc3-d39294ce1103,FirstNumber=155,secondNumber=1109}  added by thread pool-3-thread-6
 message  {Id=502a80e9-4533-439b-bcc3-d39294ce1103,FirstNumber=155,secondNumber=1109}  written to file by thread pool-3-thread-5
 message  {Id=4d20687b-50d0-4842-be1a-75daa6dde96f,FirstNumber=440,secondNumber=1440}  added by thread pool-3-thread-6
 message  {Id=4d20687b-50d0-4842-be1a-75daa6dde96f,FirstNumber=440,secondNumber=1440}  written to file by thread pool-3-thread-3
 message  {Id=132a9f66-1ebe-4767-a4ed-a507b83d1144,FirstNumber=711,secondNumber=1205}  added by thread pool-3-thread-6
 message  {Id=132a9f66-1ebe-4767-a4ed-a507b83d1144,FirstNumber=711,secondNumber=1205}  written to file by thread pool-3-thread-3
 message  {Id=18d6cb20-69e0-43fa-8643-5baaf34f0a4d,FirstNumber=748,secondNumber=380}  added by thread pool-3-thread-6
 message  {Id=18d6cb20-69e0-43fa-8643-5baaf34f0a4d,FirstNumber=748,secondNumber=380}  written to file by thread pool-3-thread-3
 message  {Id=21ee825f-5a1d-49a1-a24a-07eab892f1c8,FirstNumber=574,secondNumber=861}  added by thread pool-3-thread-6
 message  {Id=21ee825f-5a1d-49a1-a24a-07eab892f1c8,FirstNumber=574,secondNumber=861}  written to file by thread pool-3-thread-2
 message  {Id=6044a25d-dd47-4870-94b9-7419c0e5576f,FirstNumber=844,secondNumber=1865}  added by thread pool-3-thread-6
 message  {Id=6044a25d-dd47-4870-94b9-7419c0e5576f,FirstNumber=844,secondNumber=1865}  written to file by thread pool-3-thread-5
 message  {Id=d1abd26c-4347-4c93-993e-42359a966448,FirstNumber=504,secondNumber=42}  added by thread pool-3-thread-6
 message  {Id=d1abd26c-4347-4c93-993e-42359a966448,FirstNumber=504,secondNumber=42}  written to file by thread pool-3-thread-4
 message  {Id=004ed773-e910-4f43-a63f-93326fddf243,FirstNumber=907,secondNumber=1878}  added by thread pool-3-thread-6
 message  {Id=004ed773-e910-4f43-a63f-93326fddf243,FirstNumber=907,secondNumber=1878}  written to file by thread pool-3-thread-4
 message  {Id=93e672b8-81dc-46f9-9434-5ff4f0379f00,FirstNumber=744,secondNumber=477}  added by thread pool-3-thread-6
 message  {Id=93e672b8-81dc-46f9-9434-5ff4f0379f00,FirstNumber=744,secondNumber=477}  written to file by thread pool-3-thread-3
 message  {Id=0b79a596-4abc-43cb-9343-39a303aca087,FirstNumber=854,secondNumber=829}  added by thread pool-3-thread-6
 message  {Id=0b79a596-4abc-43cb-9343-39a303aca087,FirstNumber=854,secondNumber=829}  written to file by thread pool-3-thread-2
 message  {Id=f473e24b-36d1-459b-93e0-3195688ca36b,FirstNumber=548,secondNumber=1579}  added by thread pool-3-thread-6
 message  {Id=f473e24b-36d1-459b-93e0-3195688ca36b,FirstNumber=548,secondNumber=1579}  written to file by thread pool-3-thread-5
 message  {Id=78fdf10a-7335-44f0-b7af-256f7a505faa,FirstNumber=172,secondNumber=56}  added by thread pool-3-thread-6
 message  {Id=78fdf10a-7335-44f0-b7af-256f7a505faa,FirstNumber=172,secondNumber=56}  written to file by thread pool-3-thread-1
 message  {Id=b61272a1-2358-4270-a384-8ad4e4d76b01,FirstNumber=954,secondNumber=1258}  added by thread pool-3-thread-6
 message  {Id=b61272a1-2358-4270-a384-8ad4e4d76b01,FirstNumber=954,secondNumber=1258}  written to file by thread pool-3-thread-4
 message  {Id=cf793608-93da-4d2f-a1c1-f434f9262581,FirstNumber=37,secondNumber=1775}  added by thread pool-3-thread-6
 message  {Id=cf793608-93da-4d2f-a1c1-f434f9262581,FirstNumber=37,secondNumber=1775}  written to file by thread pool-3-thread-4
 message  {Id=3ec56c71-bcfb-4c81-b6fb-4f93c8b19707,FirstNumber=138,secondNumber=1842}  added by thread pool-3-thread-6
 message  {Id=3ec56c71-bcfb-4c81-b6fb-4f93c8b19707,FirstNumber=138,secondNumber=1842}  written to file by thread pool-3-thread-2
 message  {Id=299f401c-033f-49eb-b967-103a26b9f4d4,FirstNumber=66,secondNumber=589}  added by thread pool-3-thread-6
 message  {Id=299f401c-033f-49eb-b967-103a26b9f4d4,FirstNumber=66,secondNumber=589}  written to file by thread pool-3-thread-2
 message  {Id=bc492036-ead5-4f5c-b329-15dbf678511e,FirstNumber=216,secondNumber=858}  added by thread pool-3-thread-6
 message  {Id=bc492036-ead5-4f5c-b329-15dbf678511e,FirstNumber=216,secondNumber=858}  written to file by thread pool-3-thread-1
 message  {Id=97e657dd-5ff8-4149-8ecd-f5e03e14c98b,FirstNumber=461,secondNumber=1760}  added by thread pool-3-thread-6
 message  {Id=97e657dd-5ff8-4149-8ecd-f5e03e14c98b,FirstNumber=461,secondNumber=1760}  written to file by thread pool-3-thread-1
 message  {Id=014144e6-9c92-462b-950a-f5f14e92af6b,FirstNumber=933,secondNumber=1450}  added by thread pool-3-thread-6
 message  {Id=014144e6-9c92-462b-950a-f5f14e92af6b,FirstNumber=933,secondNumber=1450}  written to file by thread pool-3-thread-4
 message  {Id=d4d2249b-36ae-4b80-a365-fb339c380878,FirstNumber=586,secondNumber=1026}  added by thread pool-3-thread-6
 message  {Id=d4d2249b-36ae-4b80-a365-fb339c380878,FirstNumber=586,secondNumber=1026}  written to file by thread pool-3-thread-5
 message  {Id=b232b106-e489-4c51-8ee1-0a0eaa255fb7,FirstNumber=168,secondNumber=1016}  added by thread pool-3-thread-6
 message  {Id=b232b106-e489-4c51-8ee1-0a0eaa255fb7,FirstNumber=168,secondNumber=1016}  written to file by thread pool-3-thread-2
 message  {Id=73998b99-1167-4b67-9054-5cdb89591db2,FirstNumber=437,secondNumber=445}  added by thread pool-3-thread-6
 message  {Id=73998b99-1167-4b67-9054-5cdb89591db2,FirstNumber=437,secondNumber=445}  written to file by thread pool-3-thread-2
 message  {Id=226363e7-85de-43e5-859e-27ae70c179ff,FirstNumber=46,secondNumber=1327}  added by thread pool-3-thread-6
 message  {Id=226363e7-85de-43e5-859e-27ae70c179ff,FirstNumber=46,secondNumber=1327}  written to file by thread pool-3-thread-1
 message  {Id=38686b73-ce0d-4991-b3b9-3b273f9c2ac0,FirstNumber=151,secondNumber=1023}  added by thread pool-3-thread-6
 message  {Id=38686b73-ce0d-4991-b3b9-3b273f9c2ac0,FirstNumber=151,secondNumber=1023}  written to file by thread pool-3-thread-1
 message  {Id=131a19e9-82ad-42f0-87c3-1e49ca2ba5be,FirstNumber=406,secondNumber=275}  added by thread pool-3-thread-6
 message  {Id=131a19e9-82ad-42f0-87c3-1e49ca2ba5be,FirstNumber=406,secondNumber=275}  written to file by thread pool-3-thread-5
 message  {Id=0ed33af4-f2fa-4e2f-b307-97737dcabaaf,FirstNumber=728,secondNumber=1660}  added by thread pool-3-thread-6
 message  {Id=0ed33af4-f2fa-4e2f-b307-97737dcabaaf,FirstNumber=728,secondNumber=1660}  written to file by thread pool-3-thread-3
 message  {Id=c1da2aad-993c-4fd8-9b38-02273adbdd6a,FirstNumber=824,secondNumber=1051}  added by thread pool-3-thread-6
 message  {Id=c1da2aad-993c-4fd8-9b38-02273adbdd6a,FirstNumber=824,secondNumber=1051}  written to file by thread pool-3-thread-2
 message  {Id=2a92fbb0-27e1-4cbf-ad07-036c5d98d744,FirstNumber=302,secondNumber=1282}  added by thread pool-3-thread-6
 message  {Id=2a92fbb0-27e1-4cbf-ad07-036c5d98d744,FirstNumber=302,secondNumber=1282}  written to file by thread pool-3-thread-2
 message  {Id=d3005fd9-855f-477a-8539-6cf3ae5d18cc,FirstNumber=29,secondNumber=1542}  added by thread pool-3-thread-6
 message  {Id=d3005fd9-855f-477a-8539-6cf3ae5d18cc,FirstNumber=29,secondNumber=1542}  written to file by thread pool-3-thread-1
 message  {Id=38367f12-1c96-4337-b65e-6d428d4d4901,FirstNumber=992,secondNumber=1765}  added by thread pool-3-thread-6
 message  {Id=38367f12-1c96-4337-b65e-6d428d4d4901,FirstNumber=992,secondNumber=1765}  written to file by thread pool-3-thread-5
 message  {Id=4d62abd8-1078-4ea8-89d8-49ae65d55276,FirstNumber=329,secondNumber=462}  added by thread pool-3-thread-6
 message  {Id=4d62abd8-1078-4ea8-89d8-49ae65d55276,FirstNumber=329,secondNumber=462}  written to file by thread pool-3-thread-5
 message  {Id=73c3a97c-63cc-4677-82b3-743834cce1e2,FirstNumber=610,secondNumber=106}  added by thread pool-3-thread-6
 message  {Id=73c3a97c-63cc-4677-82b3-743834cce1e2,FirstNumber=610,secondNumber=106}  written to file by thread pool-3-thread-5
 message  {Id=1ed483fc-72ce-49b9-a229-2ab461a684e0,FirstNumber=415,secondNumber=619}  added by thread pool-3-thread-6
 message  {Id=1ed483fc-72ce-49b9-a229-2ab461a684e0,FirstNumber=415,secondNumber=619}  written to file by thread pool-3-thread-2
 message  {Id=001ee962-161b-47d1-bf4f-3b3c2a0b064b,FirstNumber=648,secondNumber=770}  added by thread pool-3-thread-6
 message  {Id=001ee962-161b-47d1-bf4f-3b3c2a0b064b,FirstNumber=648,secondNumber=770}  written to file by thread pool-3-thread-1
 message  {Id=a2169ae4-ab8a-493e-aaef-a01dd4800c44,FirstNumber=521,secondNumber=918}  added by thread pool-3-thread-6
 message  {Id=a2169ae4-ab8a-493e-aaef-a01dd4800c44,FirstNumber=521,secondNumber=918}  written to file by thread pool-3-thread-3
 message  {Id=d0ff7706-bea1-4528-b8ee-88645538244a,FirstNumber=832,secondNumber=60}  added by thread pool-3-thread-6
 message  {Id=d0ff7706-bea1-4528-b8ee-88645538244a,FirstNumber=832,secondNumber=60}  written to file by thread pool-3-thread-3
 message  {Id=7a141b8a-ffd8-493b-b90c-3ca1b2d3196b,FirstNumber=6,secondNumber=1401}  added by thread pool-3-thread-6
 message  {Id=b028d27a-d770-457a-a0ac-ad10ffa2179a,FirstNumber=120,secondNumber=1856}  added by thread pool-3-thread-6
 message  {Id=7a141b8a-ffd8-493b-b90c-3ca1b2d3196b,FirstNumber=6,secondNumber=1401}  written to file by thread pool-3-thread-5
 message  {Id=b028d27a-d770-457a-a0ac-ad10ffa2179a,FirstNumber=120,secondNumber=1856}  written to file by thread pool-3-thread-2
 message  {Id=a71f3354-49fb-4e26-a5d2-0a0db331e7d5,FirstNumber=129,secondNumber=79}  added by thread pool-3-thread-6
 message  {Id=a71f3354-49fb-4e26-a5d2-0a0db331e7d5,FirstNumber=129,secondNumber=79}  written to file by thread pool-3-thread-1
 message  {Id=da7891b7-8b6d-41fb-a649-82e31482b92e,FirstNumber=446,secondNumber=481}  added by thread pool-3-thread-6
 message  {Id=da7891b7-8b6d-41fb-a649-82e31482b92e,FirstNumber=446,secondNumber=481}  written to file by thread pool-3-thread-4
 message  {Id=b61dca13-4fc3-4598-b607-7365482fa89c,FirstNumber=783,secondNumber=232}  added by thread pool-3-thread-6
 message  {Id=b61dca13-4fc3-4598-b607-7365482fa89c,FirstNumber=783,secondNumber=232}  written to file by thread pool-3-thread-3
 message  {Id=868a926d-e660-47e3-bee8-97b983735d7d,FirstNumber=801,secondNumber=781}  added by thread pool-3-thread-6
 message  {Id=868a926d-e660-47e3-bee8-97b983735d7d,FirstNumber=801,secondNumber=781}  written to file by thread pool-3-thread-3
 message  {Id=c1060cb3-796b-4fa4-99f2-df8fa9920e7a,FirstNumber=516,secondNumber=1665}  added by thread pool-3-thread-6
 message  {Id=c1060cb3-796b-4fa4-99f2-df8fa9920e7a,FirstNumber=516,secondNumber=1665}  written to file by thread pool-3-thread-3
 message  {Id=1f902301-52fc-44f4-9d85-e8d221a1e529,FirstNumber=509,secondNumber=233}  added by thread pool-3-thread-6
 message  {Id=1f902301-52fc-44f4-9d85-e8d221a1e529,FirstNumber=509,secondNumber=233}  written to file by thread pool-3-thread-1
 message  {Id=b63c8c4b-834f-42b7-9d9e-d9b252cc1643,FirstNumber=382,secondNumber=756}  added by thread pool-3-thread-6
 message  {Id=b63c8c4b-834f-42b7-9d9e-d9b252cc1643,FirstNumber=382,secondNumber=756}  written to file by thread pool-3-thread-4
 message  {Id=b4818c8f-8ba4-4618-8c4f-b3580c10eeda,FirstNumber=479,secondNumber=1232}  added by thread pool-3-thread-6
 message  {Id=b4818c8f-8ba4-4618-8c4f-b3580c10eeda,FirstNumber=479,secondNumber=1232}  written to file by thread pool-3-thread-4
 message  {Id=14c34ac9-21ef-4120-a6ea-c5a8281b670b,FirstNumber=162,secondNumber=1036}  added by thread pool-3-thread-6
 message  {Id=14c34ac9-21ef-4120-a6ea-c5a8281b670b,FirstNumber=162,secondNumber=1036}  written to file by thread pool-3-thread-2
 message  {Id=4d6b788f-1308-4dab-b5a5-7cef99540f42,FirstNumber=825,secondNumber=789}  added by thread pool-3-thread-6
 message  {Id=4d6b788f-1308-4dab-b5a5-7cef99540f42,FirstNumber=825,secondNumber=789}  written to file by thread pool-3-thread-2
 message  {Id=8ef730de-d9b7-4ca8-b303-14be2512a743,FirstNumber=755,secondNumber=75}  added by thread pool-3-thread-6
 message  {Id=8ef730de-d9b7-4ca8-b303-14be2512a743,FirstNumber=755,secondNumber=75}  written to file by thread pool-3-thread-1
 message  {Id=d651c4cf-5fc4-49ca-a1bb-6394ab7f0716,FirstNumber=638,secondNumber=311}  added by thread pool-3-thread-6
 message  {Id=d651c4cf-5fc4-49ca-a1bb-6394ab7f0716,FirstNumber=638,secondNumber=311}  written to file by thread pool-3-thread-5
 message  {Id=24fc9b71-6687-4be2-833b-48b9adf4e3c7,FirstNumber=129,secondNumber=1012}  added by thread pool-3-thread-6
 message  {Id=24fc9b71-6687-4be2-833b-48b9adf4e3c7,FirstNumber=129,secondNumber=1012}  written to file by thread pool-3-thread-5
 message  {Id=bd7a756d-f7d5-4677-809d-190b7c2e7c70,FirstNumber=314,secondNumber=1204}  added by thread pool-3-thread-6
 message  {Id=bd7a756d-f7d5-4677-809d-190b7c2e7c70,FirstNumber=314,secondNumber=1204}  written to file by thread pool-3-thread-5
 message  {Id=be7a7694-01c9-4d74-a645-6be2adf8cb48,FirstNumber=2,secondNumber=1389}  added by thread pool-3-thread-6
 message  {Id=be7a7694-01c9-4d74-a645-6be2adf8cb48,FirstNumber=2,secondNumber=1389}  written to file by thread pool-3-thread-5
 message  {Id=526e4728-3558-4c11-a085-0c50e8057c7f,FirstNumber=368,secondNumber=48}  added by thread pool-3-thread-6
 message  {Id=526e4728-3558-4c11-a085-0c50e8057c7f,FirstNumber=368,secondNumber=48}  written to file by thread pool-3-thread-1
 message  {Id=f8f35606-f895-4d68-96a1-cc6b7d4a7a19,FirstNumber=797,secondNumber=1543}  added by thread pool-3-thread-6
 message  {Id=f8f35606-f895-4d68-96a1-cc6b7d4a7a19,FirstNumber=797,secondNumber=1543}  written to file by thread pool-3-thread-4
 message  {Id=91904afb-60a5-4331-8a59-82d2508b3964,FirstNumber=942,secondNumber=1799}  added by thread pool-3-thread-6
 message  {Id=91904afb-60a5-4331-8a59-82d2508b3964,FirstNumber=942,secondNumber=1799}  written to file by thread pool-3-thread-4
 message  {Id=e5df6228-96fa-44dd-8562-41737dc9b4a9,FirstNumber=23,secondNumber=952}  added by thread pool-3-thread-6
 message  {Id=e5df6228-96fa-44dd-8562-41737dc9b4a9,FirstNumber=23,secondNumber=952}  written to file by thread pool-3-thread-2
 message  {Id=25427bb7-f163-471d-9e05-2582d61fe456,FirstNumber=880,secondNumber=1926}  added by thread pool-3-thread-6
 message  {Id=25427bb7-f163-471d-9e05-2582d61fe456,FirstNumber=880,secondNumber=1926}  written to file by thread pool-3-thread-2
 message  {Id=275ea3d1-6c59-4c40-bd20-5d71417904af,FirstNumber=957,secondNumber=1128}  added by thread pool-3-thread-6
 message  {Id=275ea3d1-6c59-4c40-bd20-5d71417904af,FirstNumber=957,secondNumber=1128}  written to file by thread pool-3-thread-1
 message  {Id=31d042b8-df92-4578-a160-db049c450dfa,FirstNumber=772,secondNumber=1780}  added by thread pool-3-thread-6
 message  {Id=31d042b8-df92-4578-a160-db049c450dfa,FirstNumber=772,secondNumber=1780}  written to file by thread pool-3-thread-3
 message  {Id=706c5079-8318-4048-8ec7-91f85979f730,FirstNumber=939,secondNumber=190}  added by thread pool-3-thread-6
 message  {Id=706c5079-8318-4048-8ec7-91f85979f730,FirstNumber=939,secondNumber=190}  written to file by thread pool-3-thread-4
 message  {Id=025e2c81-ca62-422a-b41a-536e4586a7f9,FirstNumber=100,secondNumber=951}  added by thread pool-3-thread-6
 message  {Id=2ce26177-9b4a-403d-897f-59574f068b87,FirstNumber=764,secondNumber=1734}  added by thread pool-3-thread-6
 message  {Id=025e2c81-ca62-422a-b41a-536e4586a7f9,FirstNumber=100,secondNumber=951}  written to file by thread pool-3-thread-5
 message  {Id=2ce26177-9b4a-403d-897f-59574f068b87,FirstNumber=764,secondNumber=1734}  written to file by thread pool-3-thread-2
 message  {Id=26a09042-affe-496c-aa99-76d416d4e846,FirstNumber=342,secondNumber=1659}  added by thread pool-3-thread-6
 message  {Id=26a09042-affe-496c-aa99-76d416d4e846,FirstNumber=342,secondNumber=1659}  written to file by thread pool-3-thread-1
 message  {Id=6d986237-c59c-4dac-ac32-8e6159d67b10,FirstNumber=116,secondNumber=750}  added by thread pool-3-thread-6
 message  {Id=6d986237-c59c-4dac-ac32-8e6159d67b10,FirstNumber=116,secondNumber=750}  written to file by thread pool-3-thread-3
 message  {Id=3f723001-fd3c-483c-8609-77858e888b6b,FirstNumber=656,secondNumber=1398}  added by thread pool-3-thread-6
 message  {Id=3f723001-fd3c-483c-8609-77858e888b6b,FirstNumber=656,secondNumber=1398}  written to file by thread pool-3-thread-4
 message  {Id=72d9d2e7-21ac-40d7-bb5d-ac7cdbdea052,FirstNumber=550,secondNumber=1732}  added by thread pool-3-thread-6
 message  {Id=16677906-7e42-4d66-a1da-6a6aa6843789,FirstNumber=716,secondNumber=328}  added by thread pool-3-thread-6
 message  {Id=72d9d2e7-21ac-40d7-bb5d-ac7cdbdea052,FirstNumber=550,secondNumber=1732}  written to file by thread pool-3-thread-5
 message  {Id=16677906-7e42-4d66-a1da-6a6aa6843789,FirstNumber=716,secondNumber=328}  written to file by thread pool-3-thread-2
 message  {Id=152dac6d-adbd-44a1-b39f-7a530b2926dd,FirstNumber=105,secondNumber=1384}  added by thread pool-3-thread-6
 message  {Id=152dac6d-adbd-44a1-b39f-7a530b2926dd,FirstNumber=105,secondNumber=1384}  written to file by thread pool-3-thread-1
 message  {Id=d04763cc-120f-41e1-bd0e-077a15f871eb,FirstNumber=832,secondNumber=1036}  added by thread pool-3-thread-6
 message  {Id=d04763cc-120f-41e1-bd0e-077a15f871eb,FirstNumber=832,secondNumber=1036}  written to file by thread pool-3-thread-3
 message  {Id=0a674d86-60cd-47bc-b296-55fb452ab1eb,FirstNumber=342,secondNumber=1650}  added by thread pool-3-thread-6
 message  {Id=0a674d86-60cd-47bc-b296-55fb452ab1eb,FirstNumber=342,secondNumber=1650}  written to file by thread pool-3-thread-4
 message  {Id=8d03e5a2-a667-4449-bf08-3bec1e6bd576,FirstNumber=172,secondNumber=359}  added by thread pool-3-thread-6
 message  {Id=8d03e5a2-a667-4449-bf08-3bec1e6bd576,FirstNumber=172,secondNumber=359}  written to file by thread pool-3-thread-4
 message  {Id=3875267d-e22f-47f7-a6cb-183e321f8f80,FirstNumber=390,secondNumber=1907}  added by thread pool-3-thread-6
 message  {Id=3875267d-e22f-47f7-a6cb-183e321f8f80,FirstNumber=390,secondNumber=1907}  written to file by thread pool-3-thread-2
 message  {Id=d19c796b-dbc2-4303-92a1-19853ac6d723,FirstNumber=852,secondNumber=725}  added by thread pool-3-thread-6
 message  {Id=d19c796b-dbc2-4303-92a1-19853ac6d723,FirstNumber=852,secondNumber=725}  written to file by thread pool-3-thread-1
 message  {Id=585cdd15-5bb0-4359-9721-f666b5a79185,FirstNumber=934,secondNumber=984}  added by thread pool-3-thread-6
 message  {Id=585cdd15-5bb0-4359-9721-f666b5a79185,FirstNumber=934,secondNumber=984}  written to file by thread pool-3-thread-1
 message  {Id=66ade47d-1d67-436d-9787-516453019102,FirstNumber=609,secondNumber=369}  added by thread pool-3-thread-6
 message  {Id=66ade47d-1d67-436d-9787-516453019102,FirstNumber=609,secondNumber=369}  written to file by thread pool-3-thread-5
 message  {Id=5a079451-60f6-4273-8f85-11e312089651,FirstNumber=88,secondNumber=655}  added by thread pool-3-thread-6
 message  {Id=5a079451-60f6-4273-8f85-11e312089651,FirstNumber=88,secondNumber=655}  written to file by thread pool-3-thread-4
 message  {Id=ff515225-e7f5-4cea-8f9c-9cbd97ef7ae3,FirstNumber=653,secondNumber=468}  added by thread pool-3-thread-6
 message  {Id=ff515225-e7f5-4cea-8f9c-9cbd97ef7ae3,FirstNumber=653,secondNumber=468}  written to file by thread pool-3-thread-4
 message  {Id=51c7aab0-678e-4ce3-8ca9-53ce345db875,FirstNumber=117,secondNumber=1358}  added by thread pool-3-thread-6
 message  {Id=51c7aab0-678e-4ce3-8ca9-53ce345db875,FirstNumber=117,secondNumber=1358}  written to file by thread pool-3-thread-3
 message  {Id=41ec04f1-fdab-4f34-a4ee-a9ed75e8e12d,FirstNumber=415,secondNumber=1694}  added by thread pool-3-thread-6
 message  {Id=41ec04f1-fdab-4f34-a4ee-a9ed75e8e12d,FirstNumber=415,secondNumber=1694}  written to file by thread pool-3-thread-3
 message  {Id=7685afe1-5d93-42c6-a17c-da3e5b6c803e,FirstNumber=521,secondNumber=413}  added by thread pool-3-thread-6
 message  {Id=b98cbbe8-7c0c-42c6-a714-908d44c24d87,FirstNumber=208,secondNumber=1896}  added by thread pool-3-thread-6
 message  {Id=7685afe1-5d93-42c6-a17c-da3e5b6c803e,FirstNumber=521,secondNumber=413}  written to file by thread pool-3-thread-5
 message  {Id=b98cbbe8-7c0c-42c6-a714-908d44c24d87,FirstNumber=208,secondNumber=1896}  written to file by thread pool-3-thread-2
 message  {Id=08527a5e-5640-4d77-ae11-bfcbb1e1d2bb,FirstNumber=555,secondNumber=1007}  added by thread pool-3-thread-6
 message  {Id=08527a5e-5640-4d77-ae11-bfcbb1e1d2bb,FirstNumber=555,secondNumber=1007}  written to file by thread pool-3-thread-4
 message  {Id=6e9cc679-183a-424e-a62a-f70975d33afb,FirstNumber=431,secondNumber=1612}  added by thread pool-3-thread-6
 message  {Id=6e9cc679-183a-424e-a62a-f70975d33afb,FirstNumber=431,secondNumber=1612}  written to file by thread pool-3-thread-1
 message  {Id=0906741a-5a20-43a0-9cfa-455a5977bf80,FirstNumber=78,secondNumber=1107}  added by thread pool-3-thread-6
 message  {Id=0906741a-5a20-43a0-9cfa-455a5977bf80,FirstNumber=78,secondNumber=1107}  written to file by thread pool-3-thread-3
 message  {Id=50506d9c-68be-49f6-b256-866c33fdfcad,FirstNumber=503,secondNumber=1254}  added by thread pool-3-thread-6
 message  {Id=50506d9c-68be-49f6-b256-866c33fdfcad,FirstNumber=503,secondNumber=1254}  written to file by thread pool-3-thread-3
 message  {Id=3587a4ce-443a-4d1d-9cbb-c629602d7d9c,FirstNumber=322,secondNumber=1057}  added by thread pool-3-thread-6
 message  {Id=3587a4ce-443a-4d1d-9cbb-c629602d7d9c,FirstNumber=322,secondNumber=1057}  written to file by thread pool-3-thread-2
 message  {Id=a3dc600f-5750-4bbb-b5fc-652a1226bede,FirstNumber=483,secondNumber=752}  added by thread pool-3-thread-6
 message  {Id=a3dc600f-5750-4bbb-b5fc-652a1226bede,FirstNumber=483,secondNumber=752}  written to file by thread pool-3-thread-2
 message  {Id=8a3cba80-c503-409b-94a3-d76d43c08806,FirstNumber=347,secondNumber=639}  added by thread pool-3-thread-6
 message  {Id=8a3cba80-c503-409b-94a3-d76d43c08806,FirstNumber=347,secondNumber=639}  written to file by thread pool-3-thread-1
 message  {Id=1bf39380-f11a-4db7-807c-9e4b58a78332,FirstNumber=269,secondNumber=190}  added by thread pool-3-thread-6
 message  {Id=1bf39380-f11a-4db7-807c-9e4b58a78332,FirstNumber=269,secondNumber=190}  written to file by thread pool-3-thread-1
 message  {Id=d078edb2-2f36-437b-b3d1-9856a7efb674,FirstNumber=669,secondNumber=1818}  added by thread pool-3-thread-6
 message  {Id=d078edb2-2f36-437b-b3d1-9856a7efb674,FirstNumber=669,secondNumber=1818}  written to file by thread pool-3-thread-3
 message  {Id=be76c3ec-f2e2-4ea4-9a78-5a5a89ebbae0,FirstNumber=562,secondNumber=783}  added by thread pool-3-thread-6
 message  {Id=be76c3ec-f2e2-4ea4-9a78-5a5a89ebbae0,FirstNumber=562,secondNumber=783}  written to file by thread pool-3-thread-4
 message  {Id=d17f8dd8-115f-441e-bd57-7b0ba1b000a9,FirstNumber=346,secondNumber=1160}  added by thread pool-3-thread-6
 message  {Id=d17f8dd8-115f-441e-bd57-7b0ba1b000a9,FirstNumber=346,secondNumber=1160}  written to file by thread pool-3-thread-2
 message  {Id=538cbc3e-fdab-4146-81c0-18ddfbab58ce,FirstNumber=776,secondNumber=1788}  added by thread pool-3-thread-6
 message  {Id=538cbc3e-fdab-4146-81c0-18ddfbab58ce,FirstNumber=776,secondNumber=1788}  written to file by thread pool-3-thread-2
 message  {Id=502a9565-b7f1-4e32-81f6-db17d54e9d94,FirstNumber=611,secondNumber=942}  added by thread pool-3-thread-6
 message  {Id=502a9565-b7f1-4e32-81f6-db17d54e9d94,FirstNumber=611,secondNumber=942}  written to file by thread pool-3-thread-1
 message  {Id=388aafc0-c7e4-4fd7-9929-13eeade21bb6,FirstNumber=393,secondNumber=762}  added by thread pool-3-thread-6
 message  {Id=388aafc0-c7e4-4fd7-9929-13eeade21bb6,FirstNumber=393,secondNumber=762}  written to file by thread pool-3-thread-1
 message  {Id=828a4cd2-f6de-4dc1-9eeb-b0c71d674bdb,FirstNumber=217,secondNumber=1466}  added by thread pool-3-thread-6
 message  {Id=828a4cd2-f6de-4dc1-9eeb-b0c71d674bdb,FirstNumber=217,secondNumber=1466}  written to file by thread pool-3-thread-4
 message  {Id=1307223e-5f28-4f82-b7dc-15f8348da393,FirstNumber=625,secondNumber=1293}  added by thread pool-3-thread-6
 message  {Id=1307223e-5f28-4f82-b7dc-15f8348da393,FirstNumber=625,secondNumber=1293}  written to file by thread pool-3-thread-4
 message  {Id=9da23606-decf-40f0-aea5-0b02a1a0cc15,FirstNumber=515,secondNumber=1751}  added by thread pool-3-thread-6
 message  {Id=9da23606-decf-40f0-aea5-0b02a1a0cc15,FirstNumber=515,secondNumber=1751}  written to file by thread pool-3-thread-2
 message  {Id=80d22615-81fb-47de-ac2e-43f4672eb6f2,FirstNumber=881,secondNumber=1963}  added by thread pool-3-thread-6
 message  {Id=80d22615-81fb-47de-ac2e-43f4672eb6f2,FirstNumber=881,secondNumber=1963}  written to file by thread pool-3-thread-2
 message  {Id=35040c3a-a97a-49bf-9787-49279ce22f03,FirstNumber=231,secondNumber=1497}  added by thread pool-3-thread-6
 message  {Id=35040c3a-a97a-49bf-9787-49279ce22f03,FirstNumber=231,secondNumber=1497}  written to file by thread pool-3-thread-1
 message  {Id=588b622f-8647-4832-bb18-e35a79842ddb,FirstNumber=340,secondNumber=1048}  added by thread pool-3-thread-6
 message  {Id=fb577beb-4b69-4358-b9b6-12321f7bfc85,FirstNumber=986,secondNumber=1727}  added by thread pool-3-thread-6
 message  {Id=588b622f-8647-4832-bb18-e35a79842ddb,FirstNumber=340,secondNumber=1048}  written to file by thread pool-3-thread-5
 message  {Id=fb577beb-4b69-4358-b9b6-12321f7bfc85,FirstNumber=986,secondNumber=1727}  written to file by thread pool-3-thread-4
 message  {Id=579d1eaf-5a74-4b28-b9e3-d11f6c9a1533,FirstNumber=705,secondNumber=801}  added by thread pool-3-thread-6
 message  {Id=579d1eaf-5a74-4b28-b9e3-d11f6c9a1533,FirstNumber=705,secondNumber=801}  written to file by thread pool-3-thread-3
 message  {Id=5859de7e-a6b6-44cf-a314-6b9b4bb88461,FirstNumber=398,secondNumber=447}  added by thread pool-3-thread-6
 message  {Id=5859de7e-a6b6-44cf-a314-6b9b4bb88461,FirstNumber=398,secondNumber=447}  written to file by thread pool-3-thread-2
 message  {Id=9b666ac3-cc74-412d-91bc-b675583f9b92,FirstNumber=218,secondNumber=503}  added by thread pool-3-thread-6
 message  {Id=9b666ac3-cc74-412d-91bc-b675583f9b92,FirstNumber=218,secondNumber=503}  written to file by thread pool-3-thread-2
 message  {Id=b4053715-4e9a-45de-8162-e828e0408758,FirstNumber=995,secondNumber=1284}  added by thread pool-3-thread-6
 message  {Id=3293f167-49d3-4d7c-b304-58e25f7e1fb0,FirstNumber=934,secondNumber=938}  added by thread pool-3-thread-6
 message  {Id=b4053715-4e9a-45de-8162-e828e0408758,FirstNumber=995,secondNumber=1284}  written to file by thread pool-3-thread-5
 message  {Id=3293f167-49d3-4d7c-b304-58e25f7e1fb0,FirstNumber=934,secondNumber=938}  written to file by thread pool-3-thread-4
 message  {Id=59f2689b-4951-4ed9-8234-6e1b7c9c26fe,FirstNumber=740,secondNumber=925}  added by thread pool-3-thread-6
 message  {Id=59f2689b-4951-4ed9-8234-6e1b7c9c26fe,FirstNumber=740,secondNumber=925}  written to file by thread pool-3-thread-3
 message  {Id=0de6e7e2-d0dc-4779-92d4-b8159d15fe2c,FirstNumber=742,secondNumber=1369}  added by thread pool-3-thread-6
 message  {Id=0de6e7e2-d0dc-4779-92d4-b8159d15fe2c,FirstNumber=742,secondNumber=1369}  written to file by thread pool-3-thread-1
 message  {Id=a5838a18-6549-4125-a1bf-253f79376d30,FirstNumber=67,secondNumber=653}  added by thread pool-3-thread-6
 message  {Id=a5838a18-6549-4125-a1bf-253f79376d30,FirstNumber=67,secondNumber=653}  written to file by thread pool-3-thread-2
 message  {Id=4896c35f-4c99-4e5f-bb61-d2b924bb3c73,FirstNumber=665,secondNumber=196}  added by thread pool-3-thread-6
 message  {Id=4896c35f-4c99-4e5f-bb61-d2b924bb3c73,FirstNumber=665,secondNumber=196}  written to file by thread pool-3-thread-2
 message  {Id=e4c7f0cf-812d-429c-b92c-f5bc1475b9a1,FirstNumber=641,secondNumber=1547}  added by thread pool-3-thread-6
 message  {Id=e4c7f0cf-812d-429c-b92c-f5bc1475b9a1,FirstNumber=641,secondNumber=1547}  written to file by thread pool-3-thread-4
 message  {Id=c3dedadd-26e4-47f7-b4be-3d512c34da65,FirstNumber=622,secondNumber=882}  added by thread pool-3-thread-6
 message  {Id=c3dedadd-26e4-47f7-b4be-3d512c34da65,FirstNumber=622,secondNumber=882}  written to file by thread pool-3-thread-3
 message  {Id=f6987b46-c517-4fc0-af08-1fd6e5c5b1c7,FirstNumber=211,secondNumber=1996}  added by thread pool-3-thread-6
 message  {Id=f6987b46-c517-4fc0-af08-1fd6e5c5b1c7,FirstNumber=211,secondNumber=1996}  written to file by thread pool-3-thread-1
 message  {Id=5d1601f1-059d-4645-a0e0-211058ec7697,FirstNumber=986,secondNumber=1017}  added by thread pool-3-thread-6
 message  {Id=5d1601f1-059d-4645-a0e0-211058ec7697,FirstNumber=986,secondNumber=1017}  written to file by thread pool-3-thread-5
 message  {Id=6037e21f-566e-4e4a-843d-7c35dd108a87,FirstNumber=701,secondNumber=1007}  added by thread pool-3-thread-6
 message  {Id=6037e21f-566e-4e4a-843d-7c35dd108a87,FirstNumber=701,secondNumber=1007}  written to file by thread pool-3-thread-2
 message  {Id=f3e76e8b-4710-4481-98e1-76e78764f5bc,FirstNumber=715,secondNumber=564}  added by thread pool-3-thread-6
 message  {Id=f3e76e8b-4710-4481-98e1-76e78764f5bc,FirstNumber=715,secondNumber=564}  written to file by thread pool-3-thread-2
 message  {Id=bc3c694a-d39f-4116-aebe-e37c8827b2f3,FirstNumber=348,secondNumber=177}  added by thread pool-3-thread-6
 message  {Id=bc3c694a-d39f-4116-aebe-e37c8827b2f3,FirstNumber=348,secondNumber=177}  written to file by thread pool-3-thread-3
 message  {Id=98c790c9-b559-4d65-ad94-2fcb56ad85f7,FirstNumber=457,secondNumber=1689}  added by thread pool-3-thread-6
 message  {Id=98c790c9-b559-4d65-ad94-2fcb56ad85f7,FirstNumber=457,secondNumber=1689}  written to file by thread pool-3-thread-1
 message  {Id=8df5878a-c103-438f-aaaa-743e1336a492,FirstNumber=355,secondNumber=761}  added by thread pool-3-thread-6
 message  {Id=f4a7d8f8-1623-4e7d-bbac-c4d8e6372d8a,FirstNumber=433,secondNumber=1284}  added by thread pool-3-thread-6
 message  {Id=8df5878a-c103-438f-aaaa-743e1336a492,FirstNumber=355,secondNumber=761}  written to file by thread pool-3-thread-5
 message  {Id=f4a7d8f8-1623-4e7d-bbac-c4d8e6372d8a,FirstNumber=433,secondNumber=1284}  written to file by thread pool-3-thread-4
 message  {Id=6df74191-ee7a-4b56-a5d7-0dbc50f33d8a,FirstNumber=307,secondNumber=28}  added by thread pool-3-thread-6
 message  {Id=6df74191-ee7a-4b56-a5d7-0dbc50f33d8a,FirstNumber=307,secondNumber=28}  written to file by thread pool-3-thread-2
 message  {Id=ff7f193f-2710-423b-b6e7-81da6dfafd03,FirstNumber=113,secondNumber=1487}  added by thread pool-3-thread-6
 message  {Id=ff7f193f-2710-423b-b6e7-81da6dfafd03,FirstNumber=113,secondNumber=1487}  written to file by thread pool-3-thread-3
 message  {Id=1e831a5e-35ee-45fa-bc1a-b8dd4dc50929,FirstNumber=908,secondNumber=1379}  added by thread pool-3-thread-6
 message  {Id=1e831a5e-35ee-45fa-bc1a-b8dd4dc50929,FirstNumber=908,secondNumber=1379}  written to file by thread pool-3-thread-3
 message  {Id=8e77dd1b-6058-4e39-9f74-21cf0055d224,FirstNumber=305,secondNumber=166}  added by thread pool-3-thread-6
 message  {Id=8e77dd1b-6058-4e39-9f74-21cf0055d224,FirstNumber=305,secondNumber=166}  written to file by thread pool-3-thread-5
 message  {Id=a51c0219-c80b-4b55-b8fc-2bec92ee4e01,FirstNumber=200,secondNumber=1614}  added by thread pool-3-thread-6
 message  {Id=a51c0219-c80b-4b55-b8fc-2bec92ee4e01,FirstNumber=200,secondNumber=1614}  written to file by thread pool-3-thread-4
 message  {Id=55fa8453-27f2-4143-9be2-1ec1db6867dd,FirstNumber=691,secondNumber=581}  added by thread pool-3-thread-6
 message  {Id=55fa8453-27f2-4143-9be2-1ec1db6867dd,FirstNumber=691,secondNumber=581}  written to file by thread pool-3-thread-4
 message  {Id=2cc9db48-c948-431b-b972-a31e16522944,FirstNumber=698,secondNumber=907}  added by thread pool-3-thread-6
 message  {Id=2cc9db48-c948-431b-b972-a31e16522944,FirstNumber=698,secondNumber=907}  written to file by thread pool-3-thread-1
 message  {Id=5753f4f2-e3e6-4315-b72b-263417240463,FirstNumber=693,secondNumber=9}  added by thread pool-3-thread-6
 message  {Id=5753f4f2-e3e6-4315-b72b-263417240463,FirstNumber=693,secondNumber=9}  written to file by thread pool-3-thread-1
 message  {Id=c2b70793-4f33-4be8-b893-cd89bb299414,FirstNumber=269,secondNumber=448}  added by thread pool-3-thread-6
 message  {Id=c2b70793-4f33-4be8-b893-cd89bb299414,FirstNumber=269,secondNumber=448}  written to file by thread pool-3-thread-3
 message  {Id=6ce723b1-c29a-46b1-8f17-9f35985a7b80,FirstNumber=588,secondNumber=681}  added by thread pool-3-thread-6
 message  {Id=6ce723b1-c29a-46b1-8f17-9f35985a7b80,FirstNumber=588,secondNumber=681}  written to file by thread pool-3-thread-3
 message  {Id=e72c90f0-095b-4f57-bcc7-e4c062125cbf,FirstNumber=464,secondNumber=54}  added by thread pool-3-thread-6
 message  {Id=e72c90f0-095b-4f57-bcc7-e4c062125cbf,FirstNumber=464,secondNumber=54}  written to file by thread pool-3-thread-2
 message  {Id=4b059a2b-b92a-4bcc-ba5e-0e986d850576,FirstNumber=73,secondNumber=1571}  added by thread pool-3-thread-6
 message  {Id=4b059a2b-b92a-4bcc-ba5e-0e986d850576,FirstNumber=73,secondNumber=1571}  written to file by thread pool-3-thread-1
 message  {Id=b1f6be69-6bed-4796-ba9e-e890360253aa,FirstNumber=745,secondNumber=1398}  added by thread pool-3-thread-6
 message  {Id=cfb55a44-d48d-4e50-aa9d-baeb124f187e,FirstNumber=140,secondNumber=689}  added by thread pool-3-thread-6
 message  {Id=b1f6be69-6bed-4796-ba9e-e890360253aa,FirstNumber=745,secondNumber=1398}  written to file by thread pool-3-thread-5
 message  {Id=cfb55a44-d48d-4e50-aa9d-baeb124f187e,FirstNumber=140,secondNumber=689}  written to file by thread pool-3-thread-4
 message  {Id=bd611aa4-a36a-4a55-a063-0ef54f46c012,FirstNumber=99,secondNumber=540}  added by thread pool-3-thread-6
 message  {Id=bd611aa4-a36a-4a55-a063-0ef54f46c012,FirstNumber=99,secondNumber=540}  written to file by thread pool-3-thread-3
 message  {Id=8ae5fd9e-0465-4d4d-bbd1-c1022cb739d4,FirstNumber=722,secondNumber=1974}  added by thread pool-3-thread-6
 message  {Id=8ae5fd9e-0465-4d4d-bbd1-c1022cb739d4,FirstNumber=722,secondNumber=1974}  written to file by thread pool-3-thread-3
 message  {Id=09579062-bb61-4178-99af-ddd86843c5a1,FirstNumber=300,secondNumber=295}  added by thread pool-3-thread-6
 message  {Id=09579062-bb61-4178-99af-ddd86843c5a1,FirstNumber=300,secondNumber=295}  written to file by thread pool-3-thread-1
 message  {Id=5dd8a5b3-50f6-4faf-bfd2-369f11be066b,FirstNumber=97,secondNumber=1238}  added by thread pool-3-thread-6
 message  {Id=5dd8a5b3-50f6-4faf-bfd2-369f11be066b,FirstNumber=97,secondNumber=1238}  written to file by thread pool-3-thread-5
 message  {Id=3336445b-fcbc-4492-9564-bef42007d506,FirstNumber=58,secondNumber=143}  added by thread pool-3-thread-6
 message  {Id=3336445b-fcbc-4492-9564-bef42007d506,FirstNumber=58,secondNumber=143}  written to file by thread pool-3-thread-5
 message  {Id=5121ec92-85ae-4add-9377-8b114973e117,FirstNumber=210,secondNumber=1651}  added by thread pool-3-thread-6
 message  {Id=5121ec92-85ae-4add-9377-8b114973e117,FirstNumber=210,secondNumber=1651}  written to file by thread pool-3-thread-5
 message  {Id=66a80e74-f0a0-48d0-8623-568d155644d3,FirstNumber=533,secondNumber=1395}  added by thread pool-3-thread-6
 message  {Id=66a80e74-f0a0-48d0-8623-568d155644d3,FirstNumber=533,secondNumber=1395}  written to file by thread pool-3-thread-5
 message  {Id=7f9b8ea5-b9bc-4b69-8d9d-eac363061f8c,FirstNumber=934,secondNumber=1539}  added by thread pool-3-thread-6
 message  {Id=7f9b8ea5-b9bc-4b69-8d9d-eac363061f8c,FirstNumber=934,secondNumber=1539}  written to file by thread pool-3-thread-5
 message  {Id=87dbdca7-ca13-4248-a8cd-2cf56d7c2c73,FirstNumber=542,secondNumber=992}  added by thread pool-3-thread-6
 message  {Id=87dbdca7-ca13-4248-a8cd-2cf56d7c2c73,FirstNumber=542,secondNumber=992}  written to file by thread pool-3-thread-4
 message  {Id=8df09c07-f93b-4318-ba29-77e8dbe528f5,FirstNumber=181,secondNumber=1491}  added by thread pool-3-thread-6
 message  {Id=8df09c07-f93b-4318-ba29-77e8dbe528f5,FirstNumber=181,secondNumber=1491}  written to file by thread pool-3-thread-2
 message  {Id=a76ea549-d72f-42ed-834a-73b7016bd110,FirstNumber=534,secondNumber=683}  added by thread pool-3-thread-6
 message  {Id=a76ea549-d72f-42ed-834a-73b7016bd110,FirstNumber=534,secondNumber=683}  written to file by thread pool-3-thread-3
 message  {Id=c9046116-ba2c-4d30-8038-db4d8f0cc167,FirstNumber=530,secondNumber=129}  added by thread pool-3-thread-6
 message  {Id=c9046116-ba2c-4d30-8038-db4d8f0cc167,FirstNumber=530,secondNumber=129}  written to file by thread pool-3-thread-3
 message  {Id=ae231ede-bd71-4687-8095-8eced71f757f,FirstNumber=328,secondNumber=1520}  added by thread pool-3-thread-6
 message  {Id=0895149d-1de2-431e-b2a5-ea8b32c5ece7,FirstNumber=36,secondNumber=1912}  added by thread pool-3-thread-6
 message  {Id=ae231ede-bd71-4687-8095-8eced71f757f,FirstNumber=328,secondNumber=1520}  written to file by thread pool-3-thread-5
 message  {Id=0895149d-1de2-431e-b2a5-ea8b32c5ece7,FirstNumber=36,secondNumber=1912}  written to file by thread pool-3-thread-4
 message  {Id=1251f4be-0f39-4d5e-ab06-827453519c68,FirstNumber=351,secondNumber=184}  added by thread pool-3-thread-6
 message  {Id=1251f4be-0f39-4d5e-ab06-827453519c68,FirstNumber=351,secondNumber=184}  written to file by thread pool-3-thread-2
 message  {Id=93393a84-3fc2-4722-84a7-ebdbfe1c480d,FirstNumber=554,secondNumber=344}  added by thread pool-3-thread-6
 message  {Id=93393a84-3fc2-4722-84a7-ebdbfe1c480d,FirstNumber=554,secondNumber=344}  written to file by thread pool-3-thread-2
 message  {Id=b848b9f3-4ccf-4e5b-a299-9a89fc4b6d89,FirstNumber=646,secondNumber=137}  added by thread pool-3-thread-6
 message  {Id=b848b9f3-4ccf-4e5b-a299-9a89fc4b6d89,FirstNumber=646,secondNumber=137}  written to file by thread pool-3-thread-3
 message  {Id=c5aae9be-7221-4aa1-9048-5139ab379a85,FirstNumber=789,secondNumber=1810}  added by thread pool-3-thread-6
 message  {Id=c5aae9be-7221-4aa1-9048-5139ab379a85,FirstNumber=789,secondNumber=1810}  written to file by thread pool-3-thread-3
 message  {Id=15ecae79-41cb-46ae-8b54-0251757243d8,FirstNumber=796,secondNumber=1710}  added by thread pool-3-thread-6
 message  {Id=15ecae79-41cb-46ae-8b54-0251757243d8,FirstNumber=796,secondNumber=1710}  written to file by thread pool-3-thread-4
 message  {Id=250aa60a-13e3-4d5a-ba26-c99ee28e90cb,FirstNumber=83,secondNumber=1179}  added by thread pool-3-thread-6
 message  {Id=250aa60a-13e3-4d5a-ba26-c99ee28e90cb,FirstNumber=83,secondNumber=1179}  written to file by thread pool-3-thread-1
 message  {Id=4506e52f-5435-42a4-9c58-a5359363f6ed,FirstNumber=37,secondNumber=954}  added by thread pool-3-thread-6
 message  {Id=4506e52f-5435-42a4-9c58-a5359363f6ed,FirstNumber=37,secondNumber=954}  written to file by thread pool-3-thread-2
 message  {Id=b02aa3cd-0a47-4b5e-a294-876a45a836de,FirstNumber=247,secondNumber=637}  added by thread pool-3-thread-6
 message  {Id=b02aa3cd-0a47-4b5e-a294-876a45a836de,FirstNumber=247,secondNumber=637}  written to file by thread pool-3-thread-2
 message  {Id=66901522-6718-43a1-8e9e-edf88402a97a,FirstNumber=156,secondNumber=1321}  added by thread pool-3-thread-6
 message  {Id=66901522-6718-43a1-8e9e-edf88402a97a,FirstNumber=156,secondNumber=1321}  written to file by thread pool-3-thread-3
 message  {Id=46f9757e-73ba-4acc-8de9-fcff87237eec,FirstNumber=292,secondNumber=1162}  added by thread pool-3-thread-6
 message  {Id=46f9757e-73ba-4acc-8de9-fcff87237eec,FirstNumber=292,secondNumber=1162}  written to file by thread pool-3-thread-3
 message  {Id=7ca74546-77a8-49ee-b3ed-7b51d7e8759f,FirstNumber=259,secondNumber=1073}  added by thread pool-3-thread-6
 message  {Id=7ca74546-77a8-49ee-b3ed-7b51d7e8759f,FirstNumber=259,secondNumber=1073}  written to file by thread pool-3-thread-1
 message  {Id=7310ee76-a135-4b11-9ab5-36eba81378c5,FirstNumber=689,secondNumber=432}  added by thread pool-3-thread-6
 message  {Id=7310ee76-a135-4b11-9ab5-36eba81378c5,FirstNumber=689,secondNumber=432}  written to file by thread pool-3-thread-5
 message  {Id=f6cf7536-db7a-4a71-83f2-001faeed2d19,FirstNumber=405,secondNumber=396}  added by thread pool-3-thread-6
 message  {Id=f6cf7536-db7a-4a71-83f2-001faeed2d19,FirstNumber=405,secondNumber=396}  written to file by thread pool-3-thread-2
 message  {Id=c9652a42-75b8-44c8-bb53-99b3d2e71b6c,FirstNumber=137,secondNumber=312}  added by thread pool-3-thread-6
 message  {Id=c9652a42-75b8-44c8-bb53-99b3d2e71b6c,FirstNumber=137,secondNumber=312}  written to file by thread pool-3-thread-4
 message  {Id=15728369-dc61-4f69-83d5-032d58b9e191,FirstNumber=924,secondNumber=198}  added by thread pool-3-thread-6
 message  {Id=15728369-dc61-4f69-83d5-032d58b9e191,FirstNumber=924,secondNumber=198}  written to file by thread pool-3-thread-3
 message  {Id=5a29298b-8a9e-4f26-bf9a-f3816e80243f,FirstNumber=668,secondNumber=1358}  added by thread pool-3-thread-6
 message  {Id=5a29298b-8a9e-4f26-bf9a-f3816e80243f,FirstNumber=668,secondNumber=1358}  written to file by thread pool-3-thread-3
 message  {Id=44661c10-0012-4b9a-a7c7-4fa84d0c964c,FirstNumber=661,secondNumber=1731}  added by thread pool-3-thread-6
 message  {Id=2c8b92f6-d974-43b1-a464-44ee8dff1244,FirstNumber=865,secondNumber=1344}  added by thread pool-3-thread-6
 message  {Id=44661c10-0012-4b9a-a7c7-4fa84d0c964c,FirstNumber=661,secondNumber=1731}  written to file by thread pool-3-thread-5
 message  {Id=2c8b92f6-d974-43b1-a464-44ee8dff1244,FirstNumber=865,secondNumber=1344}  written to file by thread pool-3-thread-2
 message  {Id=e672b996-0711-4fe4-bd4a-b018aad9e945,FirstNumber=649,secondNumber=881}  added by thread pool-3-thread-6
 message  {Id=e672b996-0711-4fe4-bd4a-b018aad9e945,FirstNumber=649,secondNumber=881}  written to file by thread pool-3-thread-4
 message  {Id=f2ae41e9-3a9e-487b-a66c-eb70beea1a19,FirstNumber=856,secondNumber=1711}  added by thread pool-3-thread-6
 message  {Id=f2ae41e9-3a9e-487b-a66c-eb70beea1a19,FirstNumber=856,secondNumber=1711}  written to file by thread pool-3-thread-1
 message  {Id=c9b4cdf4-dc05-49e2-b6a4-370b827ad7da,FirstNumber=390,secondNumber=852}  added by thread pool-3-thread-6
 message  {Id=c9b4cdf4-dc05-49e2-b6a4-370b827ad7da,FirstNumber=390,secondNumber=852}  written to file by thread pool-3-thread-3
 message  {Id=78c1664e-f075-4025-9ef7-b39d3a9c085b,FirstNumber=608,secondNumber=1373}  added by thread pool-3-thread-6
 message  {Id=78c1664e-f075-4025-9ef7-b39d3a9c085b,FirstNumber=608,secondNumber=1373}  written to file by thread pool-3-thread-5
 message  {Id=492fdaa8-d021-4c2b-adc5-00381bc83f24,FirstNumber=56,secondNumber=1190}  added by thread pool-3-thread-6
 message  {Id=492fdaa8-d021-4c2b-adc5-00381bc83f24,FirstNumber=56,secondNumber=1190}  written to file by thread pool-3-thread-2
 message  {Id=24a16d03-679f-45d0-869c-08e28e995bb0,FirstNumber=148,secondNumber=1441}  added by thread pool-3-thread-6
 message  {Id=24a16d03-679f-45d0-869c-08e28e995bb0,FirstNumber=148,secondNumber=1441}  written to file by thread pool-3-thread-4
 message  {Id=14a1f1f9-910d-4b52-8432-0fd9bcee8176,FirstNumber=432,secondNumber=484}  added by thread pool-3-thread-6
 message  {Id=14a1f1f9-910d-4b52-8432-0fd9bcee8176,FirstNumber=432,secondNumber=484}  written to file by thread pool-3-thread-1
 message  {Id=a959305c-be10-4f52-ab28-0ca6ac11c72d,FirstNumber=993,secondNumber=1284}  added by thread pool-3-thread-6
 message  {Id=a959305c-be10-4f52-ab28-0ca6ac11c72d,FirstNumber=993,secondNumber=1284}  written to file by thread pool-3-thread-3
 message  {Id=e98ade50-628e-4295-908d-42f86b24c99d,FirstNumber=900,secondNumber=1916}  added by thread pool-3-thread-6
 message  {Id=e98ade50-628e-4295-908d-42f86b24c99d,FirstNumber=900,secondNumber=1916}  written to file by thread pool-3-thread-3
 message  {Id=1b4236be-ed9e-4d7b-910f-f0c3359a4555,FirstNumber=645,secondNumber=242}  added by thread pool-3-thread-6
 message  {Id=1b4236be-ed9e-4d7b-910f-f0c3359a4555,FirstNumber=645,secondNumber=242}  written to file by thread pool-3-thread-2
 message  {Id=35ea4080-86ec-4a46-a5fb-83724ea98f4c,FirstNumber=554,secondNumber=1933}  added by thread pool-3-thread-6
 message  {Id=35ea4080-86ec-4a46-a5fb-83724ea98f4c,FirstNumber=554,secondNumber=1933}  written to file by thread pool-3-thread-4
 message  {Id=7a30fb53-8e09-4c99-b679-72a8cd00de87,FirstNumber=921,secondNumber=470}  added by thread pool-3-thread-6
 message  {Id=7a30fb53-8e09-4c99-b679-72a8cd00de87,FirstNumber=921,secondNumber=470}  written to file by thread pool-3-thread-1
 message  {Id=42e69297-2d5e-4146-b4b3-3f5f206be844,FirstNumber=422,secondNumber=1363}  added by thread pool-3-thread-6
 message  {Id=42e69297-2d5e-4146-b4b3-3f5f206be844,FirstNumber=422,secondNumber=1363}  written to file by thread pool-3-thread-5
 message  {Id=a2dc48c1-0cac-4e6a-a70b-715116161991,FirstNumber=234,secondNumber=890}  added by thread pool-3-thread-6
 message  {Id=a2dc48c1-0cac-4e6a-a70b-715116161991,FirstNumber=234,secondNumber=890}  written to file by thread pool-3-thread-3
 message  {Id=807726e6-a2c9-4043-893c-b5fc41e25ceb,FirstNumber=139,secondNumber=1669}  added by thread pool-3-thread-6
 message  {Id=807726e6-a2c9-4043-893c-b5fc41e25ceb,FirstNumber=139,secondNumber=1669}  written to file by thread pool-3-thread-2
 message  {Id=dd6ae1cc-7f85-49ef-a0ae-8a73e36225e2,FirstNumber=630,secondNumber=347}  added by thread pool-3-thread-6
 message  {Id=dd6ae1cc-7f85-49ef-a0ae-8a73e36225e2,FirstNumber=630,secondNumber=347}  written to file by thread pool-3-thread-2
 message  {Id=20947f86-b193-43f5-9159-d3f3d8cb4f1e,FirstNumber=140,secondNumber=911}  added by thread pool-3-thread-6
 message  {Id=20947f86-b193-43f5-9159-d3f3d8cb4f1e,FirstNumber=140,secondNumber=911}  written to file by thread pool-3-thread-1
 message  {Id=d1012d7b-0e21-4086-819e-ece034121ed2,FirstNumber=38,secondNumber=1239}  added by thread pool-3-thread-6
 message  {Id=d1012d7b-0e21-4086-819e-ece034121ed2,FirstNumber=38,secondNumber=1239}  written to file by thread pool-3-thread-1
 message  {Id=98eeb38c-4c28-440c-b6aa-41816cf0d9cc,FirstNumber=508,secondNumber=747}  added by thread pool-3-thread-6
 message  {Id=98eeb38c-4c28-440c-b6aa-41816cf0d9cc,FirstNumber=508,secondNumber=747}  written to file by thread pool-3-thread-3
 message  {Id=a307917e-312d-4a45-8e69-49833f35bc02,FirstNumber=293,secondNumber=1564}  added by thread pool-3-thread-6
 message  {Id=a307917e-312d-4a45-8e69-49833f35bc02,FirstNumber=293,secondNumber=1564}  written to file by thread pool-3-thread-4
 message  {Id=1fb29fb6-a5c3-4ef1-81ba-9d564c41a71a,FirstNumber=509,secondNumber=1112}  added by thread pool-3-thread-6
 message  {Id=1fb29fb6-a5c3-4ef1-81ba-9d564c41a71a,FirstNumber=509,secondNumber=1112}  written to file by thread pool-3-thread-4
 message  {Id=2db75657-400c-496a-b29b-67afa4a6c038,FirstNumber=997,secondNumber=892}  added by thread pool-3-thread-6
 message  {Id=2db75657-400c-496a-b29b-67afa4a6c038,FirstNumber=997,secondNumber=892}  written to file by thread pool-3-thread-5
 message  {Id=7402052a-12f5-4c77-ae8c-48a5922d9874,FirstNumber=952,secondNumber=1785}  added by thread pool-3-thread-6
 message  {Id=7402052a-12f5-4c77-ae8c-48a5922d9874,FirstNumber=952,secondNumber=1785}  written to file by thread pool-3-thread-5
 message  {Id=a234df46-1ab2-4e87-a5ac-a2cc9a86ca4e,FirstNumber=295,secondNumber=877}  added by thread pool-3-thread-6
 message  {Id=a234df46-1ab2-4e87-a5ac-a2cc9a86ca4e,FirstNumber=295,secondNumber=877}  written to file by thread pool-3-thread-5
 message  {Id=f3e5d13a-3b6b-4ace-a473-277e92daef7f,FirstNumber=618,secondNumber=240}  added by thread pool-3-thread-6
 message  {Id=f3e5d13a-3b6b-4ace-a473-277e92daef7f,FirstNumber=618,secondNumber=240}  written to file by thread pool-3-thread-2
 message  {Id=6a7c17d1-29ea-42c6-a99f-1c2d0a9ea419,FirstNumber=864,secondNumber=241}  added by thread pool-3-thread-6
 message  {Id=6a7c17d1-29ea-42c6-a99f-1c2d0a9ea419,FirstNumber=864,secondNumber=241}  written to file by thread pool-3-thread-2
 message  {Id=5fcddc5c-42ee-48ef-9a0c-e2783e3a08a4,FirstNumber=967,secondNumber=461}  added by thread pool-3-thread-6
 message  {Id=5fcddc5c-42ee-48ef-9a0c-e2783e3a08a4,FirstNumber=967,secondNumber=461}  written to file by thread pool-3-thread-1
 message  {Id=4559257d-26c2-4d63-8f2c-442c22121f8d,FirstNumber=184,secondNumber=1804}  added by thread pool-3-thread-6
 message  {Id=4559257d-26c2-4d63-8f2c-442c22121f8d,FirstNumber=184,secondNumber=1804}  written to file by thread pool-3-thread-3
 message  {Id=01775949-2bcc-4fc5-8ba3-4f7660049849,FirstNumber=169,secondNumber=757}  added by thread pool-3-thread-6
 message  {Id=2130cd05-2add-4221-a100-a640c963363d,FirstNumber=127,secondNumber=866}  added by thread pool-3-thread-6
 message  {Id=01775949-2bcc-4fc5-8ba3-4f7660049849,FirstNumber=169,secondNumber=757}  written to file by thread pool-3-thread-5
 message  {Id=2130cd05-2add-4221-a100-a640c963363d,FirstNumber=127,secondNumber=866}  written to file by thread pool-3-thread-4
 message  {Id=84f2428d-eaad-4e53-8555-b819e5a2fb13,FirstNumber=617,secondNumber=256}  added by thread pool-3-thread-6
 message  {Id=84f2428d-eaad-4e53-8555-b819e5a2fb13,FirstNumber=617,secondNumber=256}  written to file by thread pool-3-thread-2
 message  {Id=ec376982-0621-400b-b73c-59fb9ce2ec90,FirstNumber=934,secondNumber=831}  added by thread pool-3-thread-6
 message  {Id=ec376982-0621-400b-b73c-59fb9ce2ec90,FirstNumber=934,secondNumber=831}  written to file by thread pool-3-thread-1
 message  {Id=e4739a49-e96d-4193-96e1-de7b3b735f44,FirstNumber=711,secondNumber=1736}  added by thread pool-3-thread-6
 message  {Id=e4739a49-e96d-4193-96e1-de7b3b735f44,FirstNumber=711,secondNumber=1736}  written to file by thread pool-3-thread-3
 message  {Id=2b31145a-8fca-4be4-82d1-5f84733db4cb,FirstNumber=747,secondNumber=859}  added by thread pool-3-thread-6
 message  {Id=2b31145a-8fca-4be4-82d1-5f84733db4cb,FirstNumber=747,secondNumber=859}  written to file by thread pool-3-thread-5
 message  {Id=86ed6e5d-87fe-4a6b-a823-12c701e71ec8,FirstNumber=598,secondNumber=1147}  added by thread pool-3-thread-6
 message  {Id=86ed6e5d-87fe-4a6b-a823-12c701e71ec8,FirstNumber=598,secondNumber=1147}  written to file by thread pool-3-thread-4
 message  {Id=610a1d2c-2920-40ce-b2db-7b049f52c53b,FirstNumber=201,secondNumber=1677}  added by thread pool-3-thread-6
 message  {Id=610a1d2c-2920-40ce-b2db-7b049f52c53b,FirstNumber=201,secondNumber=1677}  written to file by thread pool-3-thread-2
 message  {Id=4fa1ae33-ab3a-4502-8f59-9a91ffeceaab,FirstNumber=931,secondNumber=1352}  added by thread pool-3-thread-6
 message  {Id=4fa1ae33-ab3a-4502-8f59-9a91ffeceaab,FirstNumber=931,secondNumber=1352}  written to file by thread pool-3-thread-1
 message  {Id=361307ad-c4e0-405b-b762-de7156abefc3,FirstNumber=323,secondNumber=1069}  added by thread pool-3-thread-6
 message  {Id=361307ad-c4e0-405b-b762-de7156abefc3,FirstNumber=323,secondNumber=1069}  written to file by thread pool-3-thread-3
 message  {Id=60938b90-dd50-4138-8502-c2e5d910c886,FirstNumber=230,secondNumber=1348}  added by thread pool-3-thread-6
 message  {Id=4933aa9c-e6ea-4cbd-8169-c7e1f1b9f3b6,FirstNumber=677,secondNumber=515}  added by thread pool-3-thread-6
 message  {Id=60938b90-dd50-4138-8502-c2e5d910c886,FirstNumber=230,secondNumber=1348}  written to file by thread pool-3-thread-5
 message  {Id=4933aa9c-e6ea-4cbd-8169-c7e1f1b9f3b6,FirstNumber=677,secondNumber=515}  written to file by thread pool-3-thread-4
 message  {Id=0e157289-b1b7-4664-96e9-abe77c048524,FirstNumber=685,secondNumber=615}  added by thread pool-3-thread-6
 message  {Id=0e157289-b1b7-4664-96e9-abe77c048524,FirstNumber=685,secondNumber=615}  written to file by thread pool-3-thread-2
 message  {Id=f303399f-8ba6-4053-acae-db34dec21e34,FirstNumber=574,secondNumber=1361}  added by thread pool-3-thread-6
 message  {Id=f303399f-8ba6-4053-acae-db34dec21e34,FirstNumber=574,secondNumber=1361}  written to file by thread pool-3-thread-1
 message  {Id=59a53afd-13ce-4986-81ed-6d926eaa1688,FirstNumber=985,secondNumber=697}  added by thread pool-3-thread-6
 message  {Id=59a53afd-13ce-4986-81ed-6d926eaa1688,FirstNumber=985,secondNumber=697}  written to file by thread pool-3-thread-3
 message  {Id=78f841d0-23d2-40ff-825d-3eb04de4d1d9,FirstNumber=604,secondNumber=1919}  added by thread pool-3-thread-6
 message  {Id=548410c5-b244-475a-9643-73398b73df0a,FirstNumber=450,secondNumber=124}  added by thread pool-3-thread-6
 message  {Id=78f841d0-23d2-40ff-825d-3eb04de4d1d9,FirstNumber=604,secondNumber=1919}  written to file by thread pool-3-thread-5
 message  {Id=548410c5-b244-475a-9643-73398b73df0a,FirstNumber=450,secondNumber=124}  written to file by thread pool-3-thread-4
 message  {Id=c1026475-f801-4e1c-8efd-bfae25d1f154,FirstNumber=248,secondNumber=661}  added by thread pool-3-thread-6
 message  {Id=c1026475-f801-4e1c-8efd-bfae25d1f154,FirstNumber=248,secondNumber=661}  written to file by thread pool-3-thread-4
 message  {Id=9387efc8-4987-4413-925b-227ff6897c0b,FirstNumber=380,secondNumber=619}  added by thread pool-3-thread-6
 message  {Id=9387efc8-4987-4413-925b-227ff6897c0b,FirstNumber=380,secondNumber=619}  written to file by thread pool-3-thread-1
 message  {Id=8a32a272-035b-48b0-ba42-10e6ccf5fb94,FirstNumber=684,secondNumber=901}  added by thread pool-3-thread-6
 message  {Id=8a32a272-035b-48b0-ba42-10e6ccf5fb94,FirstNumber=684,secondNumber=901}  written to file by thread pool-3-thread-3
 message  {Id=83fb6eff-faa6-4c45-b8c1-c566f21b53b0,FirstNumber=937,secondNumber=1272}  added by thread pool-3-thread-6
 message  {Id=800c2b3b-c65c-4b91-b720-7b9a61e2e8b6,FirstNumber=568,secondNumber=51}  added by thread pool-3-thread-6
 message  {Id=83fb6eff-faa6-4c45-b8c1-c566f21b53b0,FirstNumber=937,secondNumber=1272}  written to file by thread pool-3-thread-5
 message  {Id=800c2b3b-c65c-4b91-b720-7b9a61e2e8b6,FirstNumber=568,secondNumber=51}  written to file by thread pool-3-thread-2
 message  {Id=ea425246-21ad-4702-9210-1406afe29074,FirstNumber=352,secondNumber=1481}  added by thread pool-3-thread-6
 message  {Id=213bee31-c826-4734-931a-9d82a3cab7ed,FirstNumber=99,secondNumber=1918}  added by thread pool-3-thread-6
 message  {Id=ea425246-21ad-4702-9210-1406afe29074,FirstNumber=352,secondNumber=1481}  written to file by thread pool-3-thread-4
 message  {Id=213bee31-c826-4734-931a-9d82a3cab7ed,FirstNumber=99,secondNumber=1918}  written to file by thread pool-3-thread-1
 message  {Id=0e0864e3-5efe-4032-892b-6b7506538f8b,FirstNumber=812,secondNumber=147}  added by thread pool-3-thread-6
 message  {Id=0e0864e3-5efe-4032-892b-6b7506538f8b,FirstNumber=812,secondNumber=147}  written to file by thread pool-3-thread-1
 message  {Id=740b9987-9f02-49b0-b0f0-33f14a440eb7,FirstNumber=522,secondNumber=350}  added by thread pool-3-thread-6
 message  {Id=740b9987-9f02-49b0-b0f0-33f14a440eb7,FirstNumber=522,secondNumber=350}  written to file by thread pool-3-thread-5
 message  {Id=13a3185d-e348-4ecb-a267-1261749adc24,FirstNumber=982,secondNumber=54}  added by thread pool-3-thread-6
 message  {Id=13a3185d-e348-4ecb-a267-1261749adc24,FirstNumber=982,secondNumber=54}  written to file by thread pool-3-thread-2
 message  {Id=60105e43-d267-4c52-a4c6-3724db2315c7,FirstNumber=186,secondNumber=355}  added by thread pool-3-thread-6
 message  {Id=60105e43-d267-4c52-a4c6-3724db2315c7,FirstNumber=186,secondNumber=355}  written to file by thread pool-3-thread-4
 message  {Id=89d1e9e5-5453-4967-b9fc-358434a09ca9,FirstNumber=88,secondNumber=991}  added by thread pool-3-thread-6
 message  {Id=89d1e9e5-5453-4967-b9fc-358434a09ca9,FirstNumber=88,secondNumber=991}  written to file by thread pool-3-thread-3
 message  {Id=ace122d6-9849-44b7-80cc-f2e658bd1af1,FirstNumber=504,secondNumber=657}  added by thread pool-3-thread-6
 message  {Id=ace122d6-9849-44b7-80cc-f2e658bd1af1,FirstNumber=504,secondNumber=657}  written to file by thread pool-3-thread-1
 message  {Id=2b5105b4-9ce1-4383-a8cb-c24d090c7326,FirstNumber=218,secondNumber=1150}  added by thread pool-3-thread-6
 message  {Id=c3030576-3146-47c6-8697-fc53209389f9,FirstNumber=435,secondNumber=315}  added by thread pool-3-thread-6
 message  {Id=2b5105b4-9ce1-4383-a8cb-c24d090c7326,FirstNumber=218,secondNumber=1150}  written to file by thread pool-3-thread-5
 message  {Id=c3030576-3146-47c6-8697-fc53209389f9,FirstNumber=435,secondNumber=315}  written to file by thread pool-3-thread-2
 message  {Id=df6267e5-4a82-471d-ad13-c535fe9fac4f,FirstNumber=841,secondNumber=545}  added by thread pool-3-thread-6
 message  {Id=df6267e5-4a82-471d-ad13-c535fe9fac4f,FirstNumber=841,secondNumber=545}  written to file by thread pool-3-thread-4
 message  {Id=2f54677e-3829-4cd9-b27e-09056aa8071b,FirstNumber=898,secondNumber=427}  added by thread pool-3-thread-6
 message  {Id=2f54677e-3829-4cd9-b27e-09056aa8071b,FirstNumber=898,secondNumber=427}  written to file by thread pool-3-thread-3
 message  {Id=9f92302f-41ae-4d28-8252-c445974bc57b,FirstNumber=741,secondNumber=927}  added by thread pool-3-thread-6
 message  {Id=9f92302f-41ae-4d28-8252-c445974bc57b,FirstNumber=741,secondNumber=927}  written to file by thread pool-3-thread-1
 message  {Id=2abdc982-6dfe-4822-b9c6-9ecf9d73ff01,FirstNumber=413,secondNumber=556}  added by thread pool-3-thread-6
 message  {Id=2abdc982-6dfe-4822-b9c6-9ecf9d73ff01,FirstNumber=413,secondNumber=556}  written to file by thread pool-3-thread-5
 message  {Id=eca120bf-8099-46f2-bb9b-e8a2bb2b4792,FirstNumber=713,secondNumber=843}  added by thread pool-3-thread-6
 message  {Id=eca120bf-8099-46f2-bb9b-e8a2bb2b4792,FirstNumber=713,secondNumber=843}  written to file by thread pool-3-thread-2
 message  {Id=352e00b9-89d6-4bec-81f9-07ef0fbe445a,FirstNumber=106,secondNumber=1063}  added by thread pool-3-thread-6
 message  {Id=352e00b9-89d6-4bec-81f9-07ef0fbe445a,FirstNumber=106,secondNumber=1063}  written to file by thread pool-3-thread-4
 message  {Id=515374aa-5a5e-4c54-80f6-a44ae942af10,FirstNumber=851,secondNumber=742}  added by thread pool-3-thread-6
 message  {Id=515374aa-5a5e-4c54-80f6-a44ae942af10,FirstNumber=851,secondNumber=742}  written to file by thread pool-3-thread-3
 message  {Id=e6b4e9ee-db8b-46c2-b47b-ed29e413265f,FirstNumber=387,secondNumber=1445}  added by thread pool-3-thread-6
 message  {Id=e6b4e9ee-db8b-46c2-b47b-ed29e413265f,FirstNumber=387,secondNumber=1445}  written to file by thread pool-3-thread-1
 message  {Id=7ab55e9c-6712-42b9-9847-efd332dc5f49,FirstNumber=244,secondNumber=966}  added by thread pool-3-thread-6
 message  {Id=45e24c68-effc-49cc-9f6a-1369ebdb414e,FirstNumber=792,secondNumber=1822}  added by thread pool-3-thread-6
 message  {Id=7ab55e9c-6712-42b9-9847-efd332dc5f49,FirstNumber=244,secondNumber=966}  written to file by thread pool-3-thread-5
 message  {Id=45e24c68-effc-49cc-9f6a-1369ebdb414e,FirstNumber=792,secondNumber=1822}  written to file by thread pool-3-thread-2
 message  {Id=f3bc65e6-6193-4d66-84f4-27ef49093427,FirstNumber=8,secondNumber=248}  added by thread pool-3-thread-6
 message  {Id=f3bc65e6-6193-4d66-84f4-27ef49093427,FirstNumber=8,secondNumber=248}  written to file by thread pool-3-thread-4
 message  {Id=593094ed-6867-4975-94b8-66afcfdfc630,FirstNumber=524,secondNumber=780}  added by thread pool-3-thread-6
 message  {Id=593094ed-6867-4975-94b8-66afcfdfc630,FirstNumber=524,secondNumber=780}  written to file by thread pool-3-thread-3
 message  {Id=274adf20-fb0a-4f44-a067-d83ace0c0eb6,FirstNumber=562,secondNumber=890}  added by thread pool-3-thread-6
 message  {Id=274adf20-fb0a-4f44-a067-d83ace0c0eb6,FirstNumber=562,secondNumber=890}  written to file by thread pool-3-thread-1
 message  {Id=6c890f16-c408-454d-8add-310431c6a86b,FirstNumber=523,secondNumber=1554}  added by thread pool-3-thread-6
 message  {Id=6c890f16-c408-454d-8add-310431c6a86b,FirstNumber=523,secondNumber=1554}  written to file by thread pool-3-thread-5
 message  {Id=c8fb02b9-f364-4769-915e-41b2a602095b,FirstNumber=544,secondNumber=786}  added by thread pool-3-thread-6
 message  {Id=c8fb02b9-f364-4769-915e-41b2a602095b,FirstNumber=544,secondNumber=786}  written to file by thread pool-3-thread-2
 message  {Id=c3ab98b9-71db-4d94-bfb2-1dfc6be085ca,FirstNumber=387,secondNumber=883}  added by thread pool-3-thread-6
 message  {Id=c3ab98b9-71db-4d94-bfb2-1dfc6be085ca,FirstNumber=387,secondNumber=883}  written to file by thread pool-3-thread-4
 message  {Id=adb3a1a8-4f35-4ab9-96aa-dd906124e6dd,FirstNumber=937,secondNumber=119}  added by thread pool-3-thread-6
 message  {Id=adb3a1a8-4f35-4ab9-96aa-dd906124e6dd,FirstNumber=937,secondNumber=119}  written to file by thread pool-3-thread-3
 message  {Id=52cb6d6d-f5a1-48f6-89b0-d3a2828321bb,FirstNumber=693,secondNumber=1453}  added by thread pool-3-thread-6
 message  {Id=52cb6d6d-f5a1-48f6-89b0-d3a2828321bb,FirstNumber=693,secondNumber=1453}  written to file by thread pool-3-thread-1
 message  {Id=bae31a33-4e32-4e30-97df-77a5bac9cabc,FirstNumber=116,secondNumber=418}  added by thread pool-3-thread-6
 message  {Id=57642107-6a04-4a7c-b47a-66bccdb229b7,FirstNumber=870,secondNumber=807}  added by thread pool-3-thread-6
 message  {Id=bae31a33-4e32-4e30-97df-77a5bac9cabc,FirstNumber=116,secondNumber=418}  written to file by thread pool-3-thread-5
 message  {Id=57642107-6a04-4a7c-b47a-66bccdb229b7,FirstNumber=870,secondNumber=807}  written to file by thread pool-3-thread-2
 message  {Id=ce04b30a-3f4d-4145-b8df-bcb50466ac97,FirstNumber=485,secondNumber=325}  added by thread pool-3-thread-6
 message  {Id=ce04b30a-3f4d-4145-b8df-bcb50466ac97,FirstNumber=485,secondNumber=325}  written to file by thread pool-3-thread-4
 message  {Id=cacbfa4c-2fff-4dac-8158-198bb0258099,FirstNumber=291,secondNumber=1449}  added by thread pool-3-thread-6
 message  {Id=cacbfa4c-2fff-4dac-8158-198bb0258099,FirstNumber=291,secondNumber=1449}  written to file by thread pool-3-thread-4
 message  {Id=9f6a2340-5e61-42d8-90ba-8b30c8d966c0,FirstNumber=603,secondNumber=1590}  added by thread pool-3-thread-6
 message  {Id=9f6a2340-5e61-42d8-90ba-8b30c8d966c0,FirstNumber=603,secondNumber=1590}  written to file by thread pool-3-thread-1
 message  {Id=ccaa5ae8-5fc3-459b-8f1e-ac94c7b2d076,FirstNumber=508,secondNumber=218}  added by thread pool-3-thread-6
 message  {Id=19281427-44f6-4b42-8dfd-e7bd0799be10,FirstNumber=47,secondNumber=322}  added by thread pool-3-thread-6
 message  {Id=ccaa5ae8-5fc3-459b-8f1e-ac94c7b2d076,FirstNumber=508,secondNumber=218}  written to file by thread pool-3-thread-5
 message  {Id=19281427-44f6-4b42-8dfd-e7bd0799be10,FirstNumber=47,secondNumber=322}  written to file by thread pool-3-thread-2
 message  {Id=94c7f0dd-ed2c-4cf9-9391-29fdb82b5187,FirstNumber=275,secondNumber=1990}  added by thread pool-3-thread-6
 message  {Id=94c7f0dd-ed2c-4cf9-9391-29fdb82b5187,FirstNumber=275,secondNumber=1990}  written to file by thread pool-3-thread-3
 message  {Id=0b384ab4-23e2-43cb-a33b-b461721a9348,FirstNumber=626,secondNumber=1238}  added by thread pool-3-thread-6
 message  {Id=0b384ab4-23e2-43cb-a33b-b461721a9348,FirstNumber=626,secondNumber=1238}  written to file by thread pool-3-thread-4
 message  {Id=10b8aab0-09fd-46ba-a6d9-f7f56e261c8b,FirstNumber=722,secondNumber=1509}  added by thread pool-3-thread-6
 message  {Id=10b8aab0-09fd-46ba-a6d9-f7f56e261c8b,FirstNumber=722,secondNumber=1509}  written to file by thread pool-3-thread-1
 message  {Id=9e05840c-43d1-4c63-a779-91a18c8f041a,FirstNumber=980,secondNumber=1394}  added by thread pool-3-thread-6
 message  {Id=23e4dfa9-c662-4064-a606-8fb5d6914035,FirstNumber=315,secondNumber=950}  added by thread pool-3-thread-6
 message  {Id=9e05840c-43d1-4c63-a779-91a18c8f041a,FirstNumber=980,secondNumber=1394}  written to file by thread pool-3-thread-5
 message  {Id=23e4dfa9-c662-4064-a606-8fb5d6914035,FirstNumber=315,secondNumber=950}  written to file by thread pool-3-thread-2
 message  {Id=b519961e-9e03-452c-b265-02e14912c4c5,FirstNumber=268,secondNumber=1130}  added by thread pool-3-thread-6
 message  {Id=b519961e-9e03-452c-b265-02e14912c4c5,FirstNumber=268,secondNumber=1130}  written to file by thread pool-3-thread-3
 message  {Id=c7fd1969-15a7-4c31-b347-92ded26f8e4a,FirstNumber=604,secondNumber=1441}  added by thread pool-3-thread-6
 message  {Id=c7fd1969-15a7-4c31-b347-92ded26f8e4a,FirstNumber=604,secondNumber=1441}  written to file by thread pool-3-thread-3
 message  {Id=d7585600-8ee6-4833-92d0-50344bab7743,FirstNumber=520,secondNumber=1461}  added by thread pool-3-thread-6
 message  {Id=d7585600-8ee6-4833-92d0-50344bab7743,FirstNumber=520,secondNumber=1461}  written to file by thread pool-3-thread-1
 message  {Id=a1294858-9569-439e-a615-ac82496ccd2a,FirstNumber=850,secondNumber=1945}  added by thread pool-3-thread-6
 message  {Id=45df8eb1-cc0b-4eae-8a7a-7d4a052e34b4,FirstNumber=463,secondNumber=1875}  added by thread pool-3-thread-6
 message  {Id=a1294858-9569-439e-a615-ac82496ccd2a,FirstNumber=850,secondNumber=1945}  written to file by thread pool-3-thread-5
 message  {Id=45df8eb1-cc0b-4eae-8a7a-7d4a052e34b4,FirstNumber=463,secondNumber=1875}  written to file by thread pool-3-thread-2
 message  {Id=e9a1d1c7-b168-4eff-a32b-76d2cdc39652,FirstNumber=77,secondNumber=516}  added by thread pool-3-thread-6
 message  {Id=e9a1d1c7-b168-4eff-a32b-76d2cdc39652,FirstNumber=77,secondNumber=516}  written to file by thread pool-3-thread-4
 message  {Id=3fa6e602-d890-41ec-ada1-f1c9a88b7d4c,FirstNumber=353,secondNumber=1422}  added by thread pool-3-thread-6
 message  {Id=3fa6e602-d890-41ec-ada1-f1c9a88b7d4c,FirstNumber=353,secondNumber=1422}  written to file by thread pool-3-thread-3
 message  {Id=bfac6d82-5b14-4714-b0e3-5d47deb892a8,FirstNumber=141,secondNumber=1340}  added by thread pool-3-thread-6
 message  {Id=bfac6d82-5b14-4714-b0e3-5d47deb892a8,FirstNumber=141,secondNumber=1340}  written to file by thread pool-3-thread-1
 message  {Id=f62ef83c-4d7e-4654-a940-4a6b2a389cf6,FirstNumber=44,secondNumber=1962}  added by thread pool-3-thread-6
 message  {Id=0f7e0dfc-5a71-4c81-b1c0-54d4f7182928,FirstNumber=444,secondNumber=1160}  added by thread pool-3-thread-6
 message  {Id=f62ef83c-4d7e-4654-a940-4a6b2a389cf6,FirstNumber=44,secondNumber=1962}  written to file by thread pool-3-thread-5
 message  {Id=0f7e0dfc-5a71-4c81-b1c0-54d4f7182928,FirstNumber=444,secondNumber=1160}  written to file by thread pool-3-thread-2
 message  {Id=830b3ff2-8e4d-43ba-9cac-2482d0bdce83,FirstNumber=858,secondNumber=1472}  added by thread pool-3-thread-6
 message  {Id=830b3ff2-8e4d-43ba-9cac-2482d0bdce83,FirstNumber=858,secondNumber=1472}  written to file by thread pool-3-thread-2
 message  {Id=7037e2b4-c7d4-4768-a6f4-5979bb98ce34,FirstNumber=310,secondNumber=1818}  added by thread pool-3-thread-6
 message  {Id=7037e2b4-c7d4-4768-a6f4-5979bb98ce34,FirstNumber=310,secondNumber=1818}  written to file by thread pool-3-thread-2
 message  {Id=c9907afc-5b5a-4682-910c-acb3e1c2feb2,FirstNumber=946,secondNumber=1498}  added by thread pool-3-thread-6
 message  {Id=c9907afc-5b5a-4682-910c-acb3e1c2feb2,FirstNumber=946,secondNumber=1498}  written to file by thread pool-3-thread-1
 message  {Id=4384656f-fc48-4a04-953d-f70dab4dd111,FirstNumber=99,secondNumber=903}  added by thread pool-3-thread-6
 message  {Id=ea38cb83-2137-4808-adb7-387eb7701ccd,FirstNumber=76,secondNumber=1253}  added by thread pool-3-thread-6
 message  {Id=4384656f-fc48-4a04-953d-f70dab4dd111,FirstNumber=99,secondNumber=903}  written to file by thread pool-3-thread-5
 message  {Id=ea38cb83-2137-4808-adb7-387eb7701ccd,FirstNumber=76,secondNumber=1253}  written to file by thread pool-3-thread-4
 message  {Id=90518fce-01df-4f66-a73a-cb286b8db76c,FirstNumber=676,secondNumber=148}  added by thread pool-3-thread-6
 message  {Id=90518fce-01df-4f66-a73a-cb286b8db76c,FirstNumber=676,secondNumber=148}  written to file by thread pool-3-thread-4
 message  {Id=bce927b7-d7b8-497b-a0c6-4f2502af4d7a,FirstNumber=418,secondNumber=637}  added by thread pool-3-thread-6
 message  {Id=bce927b7-d7b8-497b-a0c6-4f2502af4d7a,FirstNumber=418,secondNumber=637}  written to file by thread pool-3-thread-2
 message  {Id=0b3517cc-b6e6-491b-9442-0867fd9c5060,FirstNumber=800,secondNumber=1371}  added by thread pool-3-thread-6
 message  {Id=0b3517cc-b6e6-491b-9442-0867fd9c5060,FirstNumber=800,secondNumber=1371}  written to file by thread pool-3-thread-2
 message  {Id=faa4f599-947c-4f70-9111-8a0b84034015,FirstNumber=417,secondNumber=1190}  added by thread pool-3-thread-6
 message  {Id=08a64cc0-9e4b-49f7-8abe-c64fe5e5b5fb,FirstNumber=392,secondNumber=1670}  added by thread pool-3-thread-6
 message  {Id=faa4f599-947c-4f70-9111-8a0b84034015,FirstNumber=417,secondNumber=1190}  written to file by thread pool-3-thread-5
 message  {Id=08a64cc0-9e4b-49f7-8abe-c64fe5e5b5fb,FirstNumber=392,secondNumber=1670}  written to file by thread pool-3-thread-3
 message  {Id=5930faa5-ba26-49b7-9992-50ce462be69a,FirstNumber=182,secondNumber=168}  added by thread pool-3-thread-6
 message  {Id=5930faa5-ba26-49b7-9992-50ce462be69a,FirstNumber=182,secondNumber=168}  written to file by thread pool-3-thread-3
 message  {Id=11c79fda-6215-4bb9-b418-5958c9f8d844,FirstNumber=904,secondNumber=870}  added by thread pool-3-thread-6
 message  {Id=11c79fda-6215-4bb9-b418-5958c9f8d844,FirstNumber=904,secondNumber=870}  written to file by thread pool-3-thread-3
 message  {Id=c435c91d-17d6-4908-ad4d-aaf9f07277f8,FirstNumber=276,secondNumber=488}  added by thread pool-3-thread-6
 message  {Id=c435c91d-17d6-4908-ad4d-aaf9f07277f8,FirstNumber=276,secondNumber=488}  written to file by thread pool-3-thread-2
 message  {Id=1f52a8f0-25de-4453-b49a-65d27b8a185f,FirstNumber=298,secondNumber=315}  added by thread pool-3-thread-6
 message  {Id=1f52a8f0-25de-4453-b49a-65d27b8a185f,FirstNumber=298,secondNumber=315}  written to file by thread pool-3-thread-2
 message  {Id=8ef79e54-ef1b-45b8-b15f-fbe476261175,FirstNumber=152,secondNumber=364}  added by thread pool-3-thread-6
 message  {Id=8ef79e54-ef1b-45b8-b15f-fbe476261175,FirstNumber=152,secondNumber=364}  written to file by thread pool-3-thread-4
 message  {Id=6a8afcf7-78b7-43de-8f70-876946492986,FirstNumber=619,secondNumber=1870}  added by thread pool-3-thread-6
 message  {Id=6a8afcf7-78b7-43de-8f70-876946492986,FirstNumber=619,secondNumber=1870}  written to file by thread pool-3-thread-1
 message  {Id=3a41fade-ee56-4b02-b95b-54c3dc7f0679,FirstNumber=95,secondNumber=589}  added by thread pool-3-thread-6
 message  {Id=3a41fade-ee56-4b02-b95b-54c3dc7f0679,FirstNumber=95,secondNumber=589}  written to file by thread pool-3-thread-1
 message  {Id=9136ce20-9c28-44d1-8616-fe35e91f08d3,FirstNumber=450,secondNumber=1548}  added by thread pool-3-thread-6
 message  {Id=9136ce20-9c28-44d1-8616-fe35e91f08d3,FirstNumber=450,secondNumber=1548}  written to file by thread pool-3-thread-5
 message  {Id=58ea3f3f-cd95-492c-908f-ccd2080286a1,FirstNumber=677,secondNumber=774}  added by thread pool-3-thread-6
 message  {Id=58ea3f3f-cd95-492c-908f-ccd2080286a1,FirstNumber=677,secondNumber=774}  written to file by thread pool-3-thread-2
 message  {Id=62aa0ca6-918f-4194-9ed0-64c763e275f9,FirstNumber=602,secondNumber=1127}  added by thread pool-3-thread-6
 message  {Id=62aa0ca6-918f-4194-9ed0-64c763e275f9,FirstNumber=602,secondNumber=1127}  written to file by thread pool-3-thread-2
 message  {Id=e4289f87-e9e3-496d-8380-766ead1fcb35,FirstNumber=778,secondNumber=822}  added by thread pool-3-thread-6
 message  {Id=e4289f87-e9e3-496d-8380-766ead1fcb35,FirstNumber=778,secondNumber=822}  written to file by thread pool-3-thread-3
 message  {Id=c079602c-e9d9-431d-a2c7-5a4070fb197c,FirstNumber=991,secondNumber=445}  added by thread pool-3-thread-6
 message  {Id=c079602c-e9d9-431d-a2c7-5a4070fb197c,FirstNumber=991,secondNumber=445}  written to file by thread pool-3-thread-3
 message  {Id=7430360f-6bb9-44d3-a1a9-cad3ff215350,FirstNumber=878,secondNumber=886}  added by thread pool-3-thread-6
 message  {Id=7430360f-6bb9-44d3-a1a9-cad3ff215350,FirstNumber=878,secondNumber=886}  written to file by thread pool-3-thread-5
 message  {Id=4292341e-d9f1-4be9-8e40-57f8eb4aa522,FirstNumber=542,secondNumber=1350}  added by thread pool-3-thread-6
 message  {Id=4292341e-d9f1-4be9-8e40-57f8eb4aa522,FirstNumber=542,secondNumber=1350}  written to file by thread pool-3-thread-4
 message  {Id=2fcc7a36-423a-4f40-b042-462f4adf6a84,FirstNumber=762,secondNumber=1208}  added by thread pool-3-thread-6
 message  {Id=2fcc7a36-423a-4f40-b042-462f4adf6a84,FirstNumber=762,secondNumber=1208}  written to file by thread pool-3-thread-2
 message  {Id=0f90dd1c-c6a2-4005-8990-bf195436fb3f,FirstNumber=902,secondNumber=175}  added by thread pool-3-thread-6
 message  {Id=0f90dd1c-c6a2-4005-8990-bf195436fb3f,FirstNumber=902,secondNumber=175}  written to file by thread pool-3-thread-2
 message  {Id=ea5d4103-de72-4a05-be27-d22c8b18e8f4,FirstNumber=850,secondNumber=636}  added by thread pool-3-thread-6
 message  {Id=ea5d4103-de72-4a05-be27-d22c8b18e8f4,FirstNumber=850,secondNumber=636}  written to file by thread pool-3-thread-3
 message  {Id=0cedcc71-328b-4780-9411-3170a551cf47,FirstNumber=674,secondNumber=1150}  added by thread pool-3-thread-6
 message  {Id=0cedcc71-328b-4780-9411-3170a551cf47,FirstNumber=674,secondNumber=1150}  written to file by thread pool-3-thread-3
 message  {Id=465aec89-cea3-492e-a059-8c95f4e00a54,FirstNumber=852,secondNumber=928}  added by thread pool-3-thread-6
 message  {Id=465aec89-cea3-492e-a059-8c95f4e00a54,FirstNumber=852,secondNumber=928}  written to file by thread pool-3-thread-4
 message  {Id=a6dd9a8c-e86d-426f-b3c0-7e5203abf771,FirstNumber=5,secondNumber=1141}  added by thread pool-3-thread-6
 message  {Id=a6dd9a8c-e86d-426f-b3c0-7e5203abf771,FirstNumber=5,secondNumber=1141}  written to file by thread pool-3-thread-4
 message  {Id=f6593c77-ae28-41ff-bab7-51410094ce5e,FirstNumber=266,secondNumber=1481}  added by thread pool-3-thread-6
 message  {Id=f6593c77-ae28-41ff-bab7-51410094ce5e,FirstNumber=266,secondNumber=1481}  written to file by thread pool-3-thread-2
 message  {Id=82f758ab-f7ba-427b-8026-1670184d30ea,FirstNumber=867,secondNumber=1032}  added by thread pool-3-thread-6
 message  {Id=82f758ab-f7ba-427b-8026-1670184d30ea,FirstNumber=867,secondNumber=1032}  written to file by thread pool-3-thread-2
 message  {Id=606d58a2-4aa5-453f-b7ed-e9c25fe1ba71,FirstNumber=358,secondNumber=355}  added by thread pool-3-thread-6
 message  {Id=606d58a2-4aa5-453f-b7ed-e9c25fe1ba71,FirstNumber=358,secondNumber=355}  written to file by thread pool-3-thread-3
 message  {Id=30dd8064-7757-4920-bd88-7a552ae203e3,FirstNumber=584,secondNumber=1388}  added by thread pool-3-thread-6
 message  {Id=30dd8064-7757-4920-bd88-7a552ae203e3,FirstNumber=584,secondNumber=1388}  written to file by thread pool-3-thread-1
 message  {Id=224cf492-c9a2-4d3c-a7e8-d58af2016fb6,FirstNumber=778,secondNumber=503}  added by thread pool-3-thread-6
 message  {Id=224cf492-c9a2-4d3c-a7e8-d58af2016fb6,FirstNumber=778,secondNumber=503}  written to file by thread pool-3-thread-1
 message  {Id=2c4fbd84-3e3d-438e-b84a-7e92dbcbc2e4,FirstNumber=982,secondNumber=1641}  added by thread pool-3-thread-6
 message  {Id=2c4fbd84-3e3d-438e-b84a-7e92dbcbc2e4,FirstNumber=982,secondNumber=1641}  written to file by thread pool-3-thread-5
 message  {Id=ff91bdb4-f4fa-4484-98ca-c7461be54c0c,FirstNumber=554,secondNumber=344}  added by thread pool-3-thread-6
 message  {Id=ff91bdb4-f4fa-4484-98ca-c7461be54c0c,FirstNumber=554,secondNumber=344}  written to file by thread pool-3-thread-2
 message  {Id=f10e6704-72ea-4dcd-b7f9-7ca6c6c6e91d,FirstNumber=635,secondNumber=385}  added by thread pool-3-thread-6
 message  {Id=f10e6704-72ea-4dcd-b7f9-7ca6c6c6e91d,FirstNumber=635,secondNumber=385}  written to file by thread pool-3-thread-3
 message  {Id=1c698994-6510-46c9-9c8b-6980ea346ef0,FirstNumber=539,secondNumber=514}  added by thread pool-3-thread-6
 message  {Id=1c698994-6510-46c9-9c8b-6980ea346ef0,FirstNumber=539,secondNumber=514}  written to file by thread pool-3-thread-4
 message  {Id=45e9dd9d-167a-4e6a-b0c8-d653d5edefe4,FirstNumber=762,secondNumber=1960}  added by thread pool-3-thread-6
 message  {Id=45e9dd9d-167a-4e6a-b0c8-d653d5edefe4,FirstNumber=762,secondNumber=1960}  written to file by thread pool-3-thread-4
 message  {Id=7d4ccf11-21c3-4b1e-acb1-d83a958a18d8,FirstNumber=149,secondNumber=1036}  added by thread pool-3-thread-6
 message  {Id=7d4ccf11-21c3-4b1e-acb1-d83a958a18d8,FirstNumber=149,secondNumber=1036}  written to file by thread pool-3-thread-5
 message  {Id=d04d1369-27f8-4a33-bb0c-76af14cd23a7,FirstNumber=414,secondNumber=1620}  added by thread pool-3-thread-6
 message  {Id=d04d1369-27f8-4a33-bb0c-76af14cd23a7,FirstNumber=414,secondNumber=1620}  written to file by thread pool-3-thread-2
 message  {Id=9923a647-de95-4863-9772-d325bece588e,FirstNumber=405,secondNumber=1683}  added by thread pool-3-thread-6
 message  {Id=9923a647-de95-4863-9772-d325bece588e,FirstNumber=405,secondNumber=1683}  written to file by thread pool-3-thread-3
 message  {Id=b13a778d-a45e-44f9-99af-d6d8cc8b9596,FirstNumber=534,secondNumber=510}  added by thread pool-3-thread-6
 message  {Id=b13a778d-a45e-44f9-99af-d6d8cc8b9596,FirstNumber=534,secondNumber=510}  written to file by thread pool-3-thread-1
 message  {Id=fdff89ff-75e4-479f-acfc-d241202b1d4a,FirstNumber=357,secondNumber=1864}  added by thread pool-3-thread-6
 message  {Id=fdff89ff-75e4-479f-acfc-d241202b1d4a,FirstNumber=357,secondNumber=1864}  written to file by thread pool-3-thread-1
 message  {Id=a89b6f3c-9ac9-45a9-ac4d-327513a2dbca,FirstNumber=731,secondNumber=1696}  added by thread pool-3-thread-6
 message  {Id=a89b6f3c-9ac9-45a9-ac4d-327513a2dbca,FirstNumber=731,secondNumber=1696}  written to file by thread pool-3-thread-5
 message  {Id=e0efb391-76a8-4e77-966a-5b45148550f9,FirstNumber=797,secondNumber=1050}  added by thread pool-3-thread-6
 message  {Id=e0efb391-76a8-4e77-966a-5b45148550f9,FirstNumber=797,secondNumber=1050}  written to file by thread pool-3-thread-5
 message  {Id=026c614e-230b-48c6-b9b5-b5db3ad087d2,FirstNumber=514,secondNumber=1710}  added by thread pool-3-thread-6
 message  {Id=026c614e-230b-48c6-b9b5-b5db3ad087d2,FirstNumber=514,secondNumber=1710}  written to file by thread pool-3-thread-5
 message  {Id=b428e1e9-d92f-421b-acb6-810647ef49b8,FirstNumber=54,secondNumber=1630}  added by thread pool-3-thread-6
 message  {Id=b428e1e9-d92f-421b-acb6-810647ef49b8,FirstNumber=54,secondNumber=1630}  written to file by thread pool-3-thread-4
 message  {Id=4f79f9db-d53e-4a1a-b01e-80c1151ce641,FirstNumber=596,secondNumber=636}  added by thread pool-3-thread-6
 message  {Id=4f79f9db-d53e-4a1a-b01e-80c1151ce641,FirstNumber=596,secondNumber=636}  written to file by thread pool-3-thread-1
 message  {Id=aa0973ea-f4e9-4cac-9124-919101ac3476,FirstNumber=984,secondNumber=1414}  added by thread pool-3-thread-6
 message  {Id=aa0973ea-f4e9-4cac-9124-919101ac3476,FirstNumber=984,secondNumber=1414}  written to file by thread pool-3-thread-1
 message  {Id=b95ffa38-5f00-43b1-9138-796057cc55c8,FirstNumber=217,secondNumber=1884}  added by thread pool-3-thread-6
 message  {Id=b95ffa38-5f00-43b1-9138-796057cc55c8,FirstNumber=217,secondNumber=1884}  written to file by thread pool-3-thread-1
 message  {Id=0987a10d-c87e-4cc7-8028-e9a317f96125,FirstNumber=60,secondNumber=241}  added by thread pool-3-thread-6
 message  {Id=0987a10d-c87e-4cc7-8028-e9a317f96125,FirstNumber=60,secondNumber=241}  written to file by thread pool-3-thread-5
 message  {Id=55f3f00c-ad2d-4ae7-a506-fb8a61c04dfe,FirstNumber=662,secondNumber=1891}  added by thread pool-3-thread-6
 message  {Id=55f3f00c-ad2d-4ae7-a506-fb8a61c04dfe,FirstNumber=662,secondNumber=1891}  written to file by thread pool-3-thread-4
 message  {Id=e2924675-4d48-4606-80ac-56e9523cebea,FirstNumber=138,secondNumber=880}  added by thread pool-3-thread-6
 message  {Id=b99a0fc0-7b4f-4886-ae7e-0f5f76828331,FirstNumber=626,secondNumber=155}  added by thread pool-3-thread-6
 message  {Id=e2924675-4d48-4606-80ac-56e9523cebea,FirstNumber=138,secondNumber=880}  written to file by thread pool-3-thread-2
 message  {Id=b99a0fc0-7b4f-4886-ae7e-0f5f76828331,FirstNumber=626,secondNumber=155}  written to file by thread pool-3-thread-3
 message  {Id=6ffcd952-ee34-45cd-bd9a-4efe8ef59f74,FirstNumber=251,secondNumber=296}  added by thread pool-3-thread-6
 message  {Id=6ffcd952-ee34-45cd-bd9a-4efe8ef59f74,FirstNumber=251,secondNumber=296}  written to file by thread pool-3-thread-3
 message  {Id=7dc5ea1b-2c12-4aa4-b06e-d151df7eee81,FirstNumber=896,secondNumber=563}  added by thread pool-3-thread-6
 message  {Id=7dc5ea1b-2c12-4aa4-b06e-d151df7eee81,FirstNumber=896,secondNumber=563}  written to file by thread pool-3-thread-3
 message  {Id=0a40b06c-a858-459c-9057-eca41aaf79a5,FirstNumber=181,secondNumber=1047}  added by thread pool-3-thread-6
 message  {Id=0a40b06c-a858-459c-9057-eca41aaf79a5,FirstNumber=181,secondNumber=1047}  written to file by thread pool-3-thread-4
 message  {Id=e1e5b7f2-2d62-48a0-9425-19e9cd2dfa38,FirstNumber=906,secondNumber=61}  added by thread pool-3-thread-6
 message  {Id=e1e5b7f2-2d62-48a0-9425-19e9cd2dfa38,FirstNumber=906,secondNumber=61}  written to file by thread pool-3-thread-4
 message  {Id=2b025532-32e6-43e6-b5b1-f54a755d6728,FirstNumber=993,secondNumber=58}  added by thread pool-3-thread-6
 message  {Id=2b025532-32e6-43e6-b5b1-f54a755d6728,FirstNumber=993,secondNumber=58}  written to file by thread pool-3-thread-1
 message  {Id=99e45047-6764-4c8d-9d7c-70cb472e3b27,FirstNumber=162,secondNumber=1560}  added by thread pool-3-thread-6
 message  {Id=99e45047-6764-4c8d-9d7c-70cb472e3b27,FirstNumber=162,secondNumber=1560}  written to file by thread pool-3-thread-5
 message  {Id=716e1b75-89b4-40d4-8d04-c76baf4a9b57,FirstNumber=867,secondNumber=1195}  added by thread pool-3-thread-6
 message  {Id=716e1b75-89b4-40d4-8d04-c76baf4a9b57,FirstNumber=867,secondNumber=1195}  written to file by thread pool-3-thread-3
 message  {Id=b1d68409-4407-47d9-88eb-7100a8174fb8,FirstNumber=294,secondNumber=984}  added by thread pool-3-thread-6
 message  {Id=b1d68409-4407-47d9-88eb-7100a8174fb8,FirstNumber=294,secondNumber=984}  written to file by thread pool-3-thread-2
 message  {Id=c252cf37-18e3-4fd9-8400-30a8018460eb,FirstNumber=253,secondNumber=396}  added by thread pool-3-thread-6
 message  {Id=c252cf37-18e3-4fd9-8400-30a8018460eb,FirstNumber=253,secondNumber=396}  written to file by thread pool-3-thread-4
 message  {Id=187a46c6-dced-43e8-9049-ea975d5b2876,FirstNumber=3,secondNumber=845}  added by thread pool-3-thread-6
 message  {Id=187a46c6-dced-43e8-9049-ea975d5b2876,FirstNumber=3,secondNumber=845}  written to file by thread pool-3-thread-4
 message  {Id=f8ff6667-44bf-468e-8437-76b1e4c388b5,FirstNumber=868,secondNumber=1127}  added by thread pool-3-thread-6
 message  {Id=b75c541e-5d85-44f9-90ac-06db68e00811,FirstNumber=364,secondNumber=800}  added by thread pool-3-thread-6
 message  {Id=f8ff6667-44bf-468e-8437-76b1e4c388b5,FirstNumber=868,secondNumber=1127}  written to file by thread pool-3-thread-5
 message  {Id=b75c541e-5d85-44f9-90ac-06db68e00811,FirstNumber=364,secondNumber=800}  written to file by thread pool-3-thread-3
 message  {Id=e8cccaf9-3ed4-4deb-abb3-c8950c5022e7,FirstNumber=341,secondNumber=1333}  added by thread pool-3-thread-6
 message  {Id=e8cccaf9-3ed4-4deb-abb3-c8950c5022e7,FirstNumber=341,secondNumber=1333}  written to file by thread pool-3-thread-3
 message  {Id=19209d86-e773-4635-9448-4795d242a815,FirstNumber=868,secondNumber=334}  added by thread pool-3-thread-6
 message  {Id=19209d86-e773-4635-9448-4795d242a815,FirstNumber=868,secondNumber=334}  written to file by thread pool-3-thread-1
 message  {Id=671ea79a-30ef-4172-852a-0621efa0771a,FirstNumber=318,secondNumber=953}  added by thread pool-3-thread-6
 message  {Id=671ea79a-30ef-4172-852a-0621efa0771a,FirstNumber=318,secondNumber=953}  written to file by thread pool-3-thread-4
 message  {Id=017949d8-3586-4cec-a18f-24c9fe6499e1,FirstNumber=171,secondNumber=235}  added by thread pool-3-thread-6
 message  {Id=017949d8-3586-4cec-a18f-24c9fe6499e1,FirstNumber=171,secondNumber=235}  written to file by thread pool-3-thread-4
 message  {Id=ed95e593-9a99-465e-802c-a278acd5c91b,FirstNumber=349,secondNumber=1557}  added by thread pool-3-thread-6
 message  {Id=ed95e593-9a99-465e-802c-a278acd5c91b,FirstNumber=349,secondNumber=1557}  written to file by thread pool-3-thread-2
 message  {Id=e2664bfb-f3e8-44b8-bafb-abc0627d543f,FirstNumber=872,secondNumber=956}  added by thread pool-3-thread-6
 message  {Id=e2664bfb-f3e8-44b8-bafb-abc0627d543f,FirstNumber=872,secondNumber=956}  written to file by thread pool-3-thread-3
 message  {Id=f0f4f063-904b-47e8-82c8-5404b7aa7ca3,FirstNumber=481,secondNumber=1080}  added by thread pool-3-thread-6
 message  {Id=f0f4f063-904b-47e8-82c8-5404b7aa7ca3,FirstNumber=481,secondNumber=1080}  written to file by thread pool-3-thread-1
 message  {Id=b3eafd3c-c38d-4ca3-b279-465752878f0f,FirstNumber=179,secondNumber=675}  added by thread pool-3-thread-6
 message  {Id=b3eafd3c-c38d-4ca3-b279-465752878f0f,FirstNumber=179,secondNumber=675}  written to file by thread pool-3-thread-1
 message  {Id=ec95f395-c2bc-48b4-936d-ec3d61e353a4,FirstNumber=306,secondNumber=360}  added by thread pool-3-thread-6
 message  {Id=ec95f395-c2bc-48b4-936d-ec3d61e353a4,FirstNumber=306,secondNumber=360}  written to file by thread pool-3-thread-4
 message  {Id=52a5caef-c9d4-44f6-abcd-55798f576b70,FirstNumber=859,secondNumber=558}  added by thread pool-3-thread-6
 message  {Id=52a5caef-c9d4-44f6-abcd-55798f576b70,FirstNumber=859,secondNumber=558}  written to file by thread pool-3-thread-2
 message  {Id=14dd8d7e-584e-4ad4-b53b-3829b8267436,FirstNumber=551,secondNumber=70}  added by thread pool-3-thread-6
 message  {Id=b70b4ba0-fdeb-44ec-a27e-db8cf511385a,FirstNumber=693,secondNumber=833}  added by thread pool-3-thread-6
 message  {Id=14dd8d7e-584e-4ad4-b53b-3829b8267436,FirstNumber=551,secondNumber=70}  written to file by thread pool-3-thread-3
 message  {Id=b70b4ba0-fdeb-44ec-a27e-db8cf511385a,FirstNumber=693,secondNumber=833}  written to file by thread pool-3-thread-5
 message  {Id=95bc4842-36f3-41e5-9a02-975f57cacaf5,FirstNumber=476,secondNumber=1182}  added by thread pool-3-thread-6
 message  {Id=95bc4842-36f3-41e5-9a02-975f57cacaf5,FirstNumber=476,secondNumber=1182}  written to file by thread pool-3-thread-5
 message  {Id=8334aa8b-df41-47d0-af5e-84ab479f3ef2,FirstNumber=713,secondNumber=542}  added by thread pool-3-thread-6
 message  {Id=8334aa8b-df41-47d0-af5e-84ab479f3ef2,FirstNumber=713,secondNumber=542}  written to file by thread pool-3-thread-4
 message  {Id=586ff888-c46a-4624-b289-6564a84aa02a,FirstNumber=558,secondNumber=1721}  added by thread pool-3-thread-6
 message  {Id=586ff888-c46a-4624-b289-6564a84aa02a,FirstNumber=558,secondNumber=1721}  written to file by thread pool-3-thread-2
 message  {Id=5aa4eafb-1326-4b0d-be7e-e60410cce325,FirstNumber=637,secondNumber=1738}  added by thread pool-3-thread-6
 message  {Id=5aa4eafb-1326-4b0d-be7e-e60410cce325,FirstNumber=637,secondNumber=1738}  written to file by thread pool-3-thread-3
 message  {Id=0b6da0a0-e7dd-40e7-9474-5ea2a58144ae,FirstNumber=547,secondNumber=1094}  added by thread pool-3-thread-6
 message  {Id=0b6da0a0-e7dd-40e7-9474-5ea2a58144ae,FirstNumber=547,secondNumber=1094}  written to file by thread pool-3-thread-1
 message  {Id=d93a175d-845c-42fc-93d0-c745a5f70152,FirstNumber=255,secondNumber=267}  added by thread pool-3-thread-6
 message  {Id=d93a175d-845c-42fc-93d0-c745a5f70152,FirstNumber=255,secondNumber=267}  written to file by thread pool-3-thread-1
 message  {Id=36b77d52-5d42-44af-a948-96bbb19e8877,FirstNumber=243,secondNumber=1497}  added by thread pool-3-thread-6
 message  {Id=36b77d52-5d42-44af-a948-96bbb19e8877,FirstNumber=243,secondNumber=1497}  written to file by thread pool-3-thread-4
 message  {Id=041f1968-f44b-49b9-bb06-93196024122b,FirstNumber=671,secondNumber=168}  added by thread pool-3-thread-6
 message  {Id=041f1968-f44b-49b9-bb06-93196024122b,FirstNumber=671,secondNumber=168}  written to file by thread pool-3-thread-4
 message  {Id=32a5c3c0-b4a3-4e8d-a48d-f04e91d23522,FirstNumber=144,secondNumber=1871}  added by thread pool-3-thread-6
 message  {Id=32a5c3c0-b4a3-4e8d-a48d-f04e91d23522,FirstNumber=144,secondNumber=1871}  written to file by thread pool-3-thread-3
 message  {Id=6828f251-9fe5-4453-adb3-12abab91eff4,FirstNumber=913,secondNumber=1730}  added by thread pool-3-thread-6
 message  {Id=6828f251-9fe5-4453-adb3-12abab91eff4,FirstNumber=913,secondNumber=1730}  written to file by thread pool-3-thread-3
 message  {Id=dc06a74a-1574-4cfa-853f-5d37d8d4e586,FirstNumber=470,secondNumber=1087}  added by thread pool-3-thread-6
 message  {Id=dc06a74a-1574-4cfa-853f-5d37d8d4e586,FirstNumber=470,secondNumber=1087}  written to file by thread pool-3-thread-1
 message  {Id=ea5bfd4e-e916-4035-9f87-9a0d83ffb529,FirstNumber=107,secondNumber=820}  added by thread pool-3-thread-6
 message  {Id=ea5bfd4e-e916-4035-9f87-9a0d83ffb529,FirstNumber=107,secondNumber=820}  written to file by thread pool-3-thread-1
 message  {Id=9d743d28-8273-41f4-bdaa-8de63a66621b,FirstNumber=10,secondNumber=1087}  added by thread pool-3-thread-6
 message  {Id=9d743d28-8273-41f4-bdaa-8de63a66621b,FirstNumber=10,secondNumber=1087}  written to file by thread pool-3-thread-4
 message  {Id=2b2f6cf0-90db-4a5e-a4d5-13e719beaecf,FirstNumber=867,secondNumber=856}  added by thread pool-3-thread-6
 message  {Id=2b2f6cf0-90db-4a5e-a4d5-13e719beaecf,FirstNumber=867,secondNumber=856}  written to file by thread pool-3-thread-4
 message  {Id=f090708a-dc77-41db-a958-b901b3f50a22,FirstNumber=467,secondNumber=308}  added by thread pool-3-thread-6
 message  {Id=f090708a-dc77-41db-a958-b901b3f50a22,FirstNumber=467,secondNumber=308}  written to file by thread pool-3-thread-3
 message  {Id=7148e2e2-3dc7-4ce8-a227-9858a81d8146,FirstNumber=574,secondNumber=14}  added by thread pool-3-thread-6
 message  {Id=7148e2e2-3dc7-4ce8-a227-9858a81d8146,FirstNumber=574,secondNumber=14}  written to file by thread pool-3-thread-2
 message  {Id=6bb782df-2e93-4a95-b410-71dba1a59474,FirstNumber=83,secondNumber=1190}  added by thread pool-3-thread-6
 message  {Id=6bb782df-2e93-4a95-b410-71dba1a59474,FirstNumber=83,secondNumber=1190}  written to file by thread pool-3-thread-1
 message  {Id=86630736-8263-4538-ad76-b45659c13dbd,FirstNumber=886,secondNumber=1454}  added by thread pool-3-thread-6
 message  {Id=86630736-8263-4538-ad76-b45659c13dbd,FirstNumber=886,secondNumber=1454}  written to file by thread pool-3-thread-5
 message  {Id=d6f0b134-af53-406a-985f-3d1cc60130ab,FirstNumber=498,secondNumber=1790}  added by thread pool-3-thread-6
 message  {Id=d6f0b134-af53-406a-985f-3d1cc60130ab,FirstNumber=498,secondNumber=1790}  written to file by thread pool-3-thread-4
 message  {Id=4b330903-5b54-45a6-b562-e68f4457a1d6,FirstNumber=581,secondNumber=1138}  added by thread pool-3-thread-6
 message  {Id=4b330903-5b54-45a6-b562-e68f4457a1d6,FirstNumber=581,secondNumber=1138}  written to file by thread pool-3-thread-3
 message  {Id=328198c5-565c-4518-bdc8-8e460ceae9e9,FirstNumber=730,secondNumber=34}  added by thread pool-3-thread-6
 message  {Id=328198c5-565c-4518-bdc8-8e460ceae9e9,FirstNumber=730,secondNumber=34}  written to file by thread pool-3-thread-3
 message  {Id=615b93b5-d181-41ce-a534-8e433f120c4d,FirstNumber=185,secondNumber=191}  added by thread pool-3-thread-6
 message  {Id=615b93b5-d181-41ce-a534-8e433f120c4d,FirstNumber=185,secondNumber=191}  written to file by thread pool-3-thread-3
 message  {Id=842e0c8d-91d6-4efd-ad71-e9c311c8d777,FirstNumber=302,secondNumber=1477}  added by thread pool-3-thread-6
 message  {Id=842e0c8d-91d6-4efd-ad71-e9c311c8d777,FirstNumber=302,secondNumber=1477}  written to file by thread pool-3-thread-5
 message  {Id=4a06dea1-bd3c-4d8d-8cf7-f62dc77d91a7,FirstNumber=687,secondNumber=1370}  added by thread pool-3-thread-6
 message  {Id=4a06dea1-bd3c-4d8d-8cf7-f62dc77d91a7,FirstNumber=687,secondNumber=1370}  written to file by thread pool-3-thread-4
 message  {Id=3997d237-9b43-4bd7-949b-387a57979d8a,FirstNumber=416,secondNumber=402}  added by thread pool-3-thread-6
 message  {Id=3997d237-9b43-4bd7-949b-387a57979d8a,FirstNumber=416,secondNumber=402}  written to file by thread pool-3-thread-4
 message  {Id=7297d211-2659-4f7b-bb2d-26e5de490f88,FirstNumber=771,secondNumber=1535}  added by thread pool-3-thread-6
 message  {Id=7297d211-2659-4f7b-bb2d-26e5de490f88,FirstNumber=771,secondNumber=1535}  written to file by thread pool-3-thread-4
 message  {Id=78808557-0aa6-405e-91b9-921d06051269,FirstNumber=47,secondNumber=704}  added by thread pool-3-thread-6
 message  {Id=78808557-0aa6-405e-91b9-921d06051269,FirstNumber=47,secondNumber=704}  written to file by thread pool-3-thread-3
 message  {Id=8084cf49-86e4-4e5a-8326-b16a6b62d8fb,FirstNumber=199,secondNumber=288}  added by thread pool-3-thread-6
 message  {Id=8084cf49-86e4-4e5a-8326-b16a6b62d8fb,FirstNumber=199,secondNumber=288}  written to file by thread pool-3-thread-5
 message  {Id=98baa853-8eb9-4314-af3f-a937f7af8e31,FirstNumber=799,secondNumber=1959}  added by thread pool-3-thread-6
 message  {Id=98baa853-8eb9-4314-af3f-a937f7af8e31,FirstNumber=799,secondNumber=1959}  written to file by thread pool-3-thread-2
 message  {Id=bcb845fb-ed46-4af0-84bd-8284d809b485,FirstNumber=941,secondNumber=1428}  added by thread pool-3-thread-6
 message  {Id=bcb845fb-ed46-4af0-84bd-8284d809b485,FirstNumber=941,secondNumber=1428}  written to file by thread pool-3-thread-2
 message  {Id=80a7e439-3d1c-4f83-919b-05d84ce00eb6,FirstNumber=109,secondNumber=635}  added by thread pool-3-thread-6
 message  {Id=80a7e439-3d1c-4f83-919b-05d84ce00eb6,FirstNumber=109,secondNumber=635}  written to file by thread pool-3-thread-4
 message  {Id=681a0a9c-a920-4cf9-945d-678f1700ce7d,FirstNumber=162,secondNumber=217}  added by thread pool-3-thread-6
 message  {Id=681a0a9c-a920-4cf9-945d-678f1700ce7d,FirstNumber=162,secondNumber=217}  written to file by thread pool-3-thread-3
 message  {Id=cce8cde0-fe9a-450d-842f-e0274c93d47a,FirstNumber=325,secondNumber=1640}  added by thread pool-3-thread-6
 message  {Id=cce8cde0-fe9a-450d-842f-e0274c93d47a,FirstNumber=325,secondNumber=1640}  written to file by thread pool-3-thread-3
 message  {Id=c937dea1-07f2-4cfd-9ad0-ddb049e0dccf,FirstNumber=78,secondNumber=789}  added by thread pool-3-thread-6
 message  {Id=c937dea1-07f2-4cfd-9ad0-ddb049e0dccf,FirstNumber=78,secondNumber=789}  written to file by thread pool-3-thread-1
 message  {Id=bfd52a4e-e958-447c-add2-8db964e60413,FirstNumber=778,secondNumber=202}  added by thread pool-3-thread-6
 message  {Id=bfd52a4e-e958-447c-add2-8db964e60413,FirstNumber=778,secondNumber=202}  written to file by thread pool-3-thread-2
 message  {Id=74b5b1aa-1f5b-4dcc-8524-19395e9ca59b,FirstNumber=907,secondNumber=421}  added by thread pool-3-thread-6
 message  {Id=74b5b1aa-1f5b-4dcc-8524-19395e9ca59b,FirstNumber=907,secondNumber=421}  written to file by thread pool-3-thread-4
 message  {Id=f53f929f-f969-47f2-8674-eb5cdfb64371,FirstNumber=588,secondNumber=1098}  added by thread pool-3-thread-6
 message  {Id=f53f929f-f969-47f2-8674-eb5cdfb64371,FirstNumber=588,secondNumber=1098}  written to file by thread pool-3-thread-4
 message  {Id=ffa5cd3a-afe7-4f58-a7bb-524fe185d429,FirstNumber=353,secondNumber=1332}  added by thread pool-3-thread-6
 message  {Id=ffa5cd3a-afe7-4f58-a7bb-524fe185d429,FirstNumber=353,secondNumber=1332}  written to file by thread pool-3-thread-3
 message  {Id=ce6162d5-a4f7-442b-bfaf-6a453d208943,FirstNumber=809,secondNumber=1576}  added by thread pool-3-thread-6
 message  {Id=ce6162d5-a4f7-442b-bfaf-6a453d208943,FirstNumber=809,secondNumber=1576}  written to file by thread pool-3-thread-3
 message  {Id=34afbaf9-8a88-4335-ac7e-0e12b6969fa1,FirstNumber=126,secondNumber=1872}  added by thread pool-3-thread-6
 message  {Id=34afbaf9-8a88-4335-ac7e-0e12b6969fa1,FirstNumber=126,secondNumber=1872}  written to file by thread pool-3-thread-2
 message  {Id=b7f1dfe6-b9ea-4ef6-b76c-7a5c78628330,FirstNumber=420,secondNumber=386}  added by thread pool-3-thread-6
 message  {Id=048f1cf1-30c2-439b-b514-031bfab12220,FirstNumber=432,secondNumber=641}  added by thread pool-3-thread-6
 message  {Id=b7f1dfe6-b9ea-4ef6-b76c-7a5c78628330,FirstNumber=420,secondNumber=386}  written to file by thread pool-3-thread-5
 message  {Id=048f1cf1-30c2-439b-b514-031bfab12220,FirstNumber=432,secondNumber=641}  written to file by thread pool-3-thread-4
 message  {Id=922b9318-e6df-40c1-8c20-43e78b50e880,FirstNumber=291,secondNumber=1791}  added by thread pool-3-thread-6
 message  {Id=922b9318-e6df-40c1-8c20-43e78b50e880,FirstNumber=291,secondNumber=1791}  written to file by thread pool-3-thread-1
 message  {Id=165b0a40-d19d-4416-8443-593895ad29d8,FirstNumber=549,secondNumber=299}  added by thread pool-3-thread-6
 message  {Id=165b0a40-d19d-4416-8443-593895ad29d8,FirstNumber=549,secondNumber=299}  written to file by thread pool-3-thread-3
 message  {Id=0450f7ac-7ffc-4412-9e03-52ca15ba27e3,FirstNumber=854,secondNumber=1950}  added by thread pool-3-thread-6
 message  {Id=0450f7ac-7ffc-4412-9e03-52ca15ba27e3,FirstNumber=854,secondNumber=1950}  written to file by thread pool-3-thread-2
 message  {Id=52f7698f-48be-4720-af85-0a38cdf86d5c,FirstNumber=346,secondNumber=412}  added by thread pool-3-thread-6
 message  {Id=52f7698f-48be-4720-af85-0a38cdf86d5c,FirstNumber=346,secondNumber=412}  written to file by thread pool-3-thread-2
 message  {Id=34e8c813-36cb-4cd3-9196-32f30440a834,FirstNumber=753,secondNumber=1011}  added by thread pool-3-thread-6
 message  {Id=34e8c813-36cb-4cd3-9196-32f30440a834,FirstNumber=753,secondNumber=1011}  written to file by thread pool-3-thread-4
 message  {Id=fe30ef7c-a7dc-43b9-b976-bd11e10145eb,FirstNumber=780,secondNumber=438}  added by thread pool-3-thread-6
 message  {Id=fe30ef7c-a7dc-43b9-b976-bd11e10145eb,FirstNumber=780,secondNumber=438}  written to file by thread pool-3-thread-4
 message  {Id=523b22ef-b63d-4670-b904-15c665dcef76,FirstNumber=234,secondNumber=1194}  added by thread pool-3-thread-6
 message  {Id=523b22ef-b63d-4670-b904-15c665dcef76,FirstNumber=234,secondNumber=1194}  written to file by thread pool-3-thread-3
 message  {Id=838674c8-50d7-4458-bff1-483fa0ebeeeb,FirstNumber=414,secondNumber=1665}  added by thread pool-3-thread-6
 message  {Id=838674c8-50d7-4458-bff1-483fa0ebeeeb,FirstNumber=414,secondNumber=1665}  written to file by thread pool-3-thread-3
 message  {Id=4a391c89-b309-4497-935f-12aa046d0050,FirstNumber=344,secondNumber=183}  added by thread pool-3-thread-6
 message  {Id=4a391c89-b309-4497-935f-12aa046d0050,FirstNumber=344,secondNumber=183}  written to file by thread pool-3-thread-2
 message  {Id=9778f047-cfaa-4965-b752-5c320f4fcf44,FirstNumber=543,secondNumber=797}  added by thread pool-3-thread-6
 message  {Id=9778f047-cfaa-4965-b752-5c320f4fcf44,FirstNumber=543,secondNumber=797}  written to file by thread pool-3-thread-2
 message  {Id=7fc28256-b044-4d93-b58a-3ee26df25e9b,FirstNumber=217,secondNumber=1848}  added by thread pool-3-thread-6
 message  {Id=7fc28256-b044-4d93-b58a-3ee26df25e9b,FirstNumber=217,secondNumber=1848}  written to file by thread pool-3-thread-4
 message  {Id=61950280-ee1f-4fb6-b5bd-2351f9b18cd6,FirstNumber=549,secondNumber=930}  added by thread pool-3-thread-6
 message  {Id=1f4cf7c7-3e30-4e8e-a013-85ecf053f335,FirstNumber=109,secondNumber=633}  added by thread pool-3-thread-6
 message  {Id=61950280-ee1f-4fb6-b5bd-2351f9b18cd6,FirstNumber=549,secondNumber=930}  written to file by thread pool-3-thread-5
 message  {Id=1f4cf7c7-3e30-4e8e-a013-85ecf053f335,FirstNumber=109,secondNumber=633}  written to file by thread pool-3-thread-3
 message  {Id=cd2a98f0-5826-422e-a11d-1e82e4f1a435,FirstNumber=375,secondNumber=1836}  added by thread pool-3-thread-6
 message  {Id=cd2a98f0-5826-422e-a11d-1e82e4f1a435,FirstNumber=375,secondNumber=1836}  written to file by thread pool-3-thread-1
 message  {Id=661082a6-5c2a-4945-b526-56789f1f67d0,FirstNumber=207,secondNumber=1916}  added by thread pool-3-thread-6
 message  {Id=661082a6-5c2a-4945-b526-56789f1f67d0,FirstNumber=207,secondNumber=1916}  written to file by thread pool-3-thread-1
 message  {Id=b025dd79-5b50-4f34-962b-f6f5d64e19a7,FirstNumber=326,secondNumber=738}  added by thread pool-3-thread-6
 message  {Id=b025dd79-5b50-4f34-962b-f6f5d64e19a7,FirstNumber=326,secondNumber=738}  written to file by thread pool-3-thread-4
 message  {Id=0596f5ea-5675-47e1-80c2-177fa4417fe5,FirstNumber=456,secondNumber=1998}  added by thread pool-3-thread-6
 message  {Id=89f3c753-25cd-4595-8586-8df64d95b62f,FirstNumber=440,secondNumber=1249}  added by thread pool-3-thread-6
 message  {Id=0596f5ea-5675-47e1-80c2-177fa4417fe5,FirstNumber=456,secondNumber=1998}  written to file by thread pool-3-thread-5
 message  {Id=89f3c753-25cd-4595-8586-8df64d95b62f,FirstNumber=440,secondNumber=1249}  written to file by thread pool-3-thread-3
 message  {Id=7a370f54-89a6-4708-bf4a-254de08b8810,FirstNumber=562,secondNumber=657}  added by thread pool-3-thread-6
 message  {Id=7a370f54-89a6-4708-bf4a-254de08b8810,FirstNumber=562,secondNumber=657}  written to file by thread pool-3-thread-2
 message  {Id=00f18456-0792-45c0-bbe5-16b27b623926,FirstNumber=467,secondNumber=856}  added by thread pool-3-thread-6
 message  {Id=00f18456-0792-45c0-bbe5-16b27b623926,FirstNumber=467,secondNumber=856}  written to file by thread pool-3-thread-1
 message  {Id=e13c9b76-789b-4632-9202-98fffa1257f6,FirstNumber=447,secondNumber=860}  added by thread pool-3-thread-6
 message  {Id=e13c9b76-789b-4632-9202-98fffa1257f6,FirstNumber=447,secondNumber=860}  written to file by thread pool-3-thread-4
 message  {Id=062e58be-375d-4173-bcb9-fb02edfdc42e,FirstNumber=259,secondNumber=396}  added by thread pool-3-thread-6
 message  {Id=89fe0d65-afbb-4634-b95b-ac442de1c51c,FirstNumber=838,secondNumber=1500}  added by thread pool-3-thread-6
 message  {Id=062e58be-375d-4173-bcb9-fb02edfdc42e,FirstNumber=259,secondNumber=396}  written to file by thread pool-3-thread-5
 message  {Id=89fe0d65-afbb-4634-b95b-ac442de1c51c,FirstNumber=838,secondNumber=1500}  written to file by thread pool-3-thread-3
 message  {Id=b3a9df93-5aaa-495d-a7bc-7ff0ddc4c315,FirstNumber=992,secondNumber=899}  added by thread pool-3-thread-6
 message  {Id=b3a9df93-5aaa-495d-a7bc-7ff0ddc4c315,FirstNumber=992,secondNumber=899}  written to file by thread pool-3-thread-3
 message  {Id=f4bfb27f-e25a-4d8b-bc45-24eb0b57389c,FirstNumber=541,secondNumber=4}  added by thread pool-3-thread-6
 message  {Id=f4bfb27f-e25a-4d8b-bc45-24eb0b57389c,FirstNumber=541,secondNumber=4}  written to file by thread pool-3-thread-1
 message  {Id=a158cf95-e6e3-49b7-861b-ae0dd17bf1dc,FirstNumber=140,secondNumber=1767}  added by thread pool-3-thread-6
 message  {Id=a158cf95-e6e3-49b7-861b-ae0dd17bf1dc,FirstNumber=140,secondNumber=1767}  written to file by thread pool-3-thread-4
 message  {Id=9eed1242-696e-488c-8c4f-b09a8cee82b5,FirstNumber=660,secondNumber=1126}  added by thread pool-3-thread-6
 message  {Id=9eed1242-696e-488c-8c4f-b09a8cee82b5,FirstNumber=660,secondNumber=1126}  written to file by thread pool-3-thread-4
 message  {Id=7ddcde59-ce7a-49a2-9f7a-a4ca48ba8d48,FirstNumber=966,secondNumber=104}  added by thread pool-3-thread-6
 message  {Id=7ddcde59-ce7a-49a2-9f7a-a4ca48ba8d48,FirstNumber=966,secondNumber=104}  written to file by thread pool-3-thread-2
 message  {Id=b26e1004-a34f-435b-8807-fd3fd9490d3c,FirstNumber=236,secondNumber=841}  added by thread pool-3-thread-6
 message  {Id=b26e1004-a34f-435b-8807-fd3fd9490d3c,FirstNumber=236,secondNumber=841}  written to file by thread pool-3-thread-3
 message  {Id=9d6bffe3-e7b3-4332-8554-f15df52d2658,FirstNumber=386,secondNumber=1468}  added by thread pool-3-thread-6
 message  {Id=9d6bffe3-e7b3-4332-8554-f15df52d2658,FirstNumber=386,secondNumber=1468}  written to file by thread pool-3-thread-3
 message  {Id=b7edbabb-209b-429b-ad67-43367e94dea4,FirstNumber=18,secondNumber=1080}  added by thread pool-3-thread-6
 message  {Id=9185e01a-8122-4509-ad91-73d567b0d3f5,FirstNumber=720,secondNumber=700}  added by thread pool-3-thread-6
 message  {Id=b7edbabb-209b-429b-ad67-43367e94dea4,FirstNumber=18,secondNumber=1080}  written to file by thread pool-3-thread-5
 message  {Id=9185e01a-8122-4509-ad91-73d567b0d3f5,FirstNumber=720,secondNumber=700}  written to file by thread pool-3-thread-4
 message  {Id=d276f3f4-8c59-4a90-97c0-2404be50d32e,FirstNumber=4,secondNumber=1655}  added by thread pool-3-thread-6
 message  {Id=d276f3f4-8c59-4a90-97c0-2404be50d32e,FirstNumber=4,secondNumber=1655}  written to file by thread pool-3-thread-4
 message  {Id=7bdbf0c3-6a69-42ed-a33e-0d40f2fac2fc,FirstNumber=125,secondNumber=1763}  added by thread pool-3-thread-6
 message  {Id=7bdbf0c3-6a69-42ed-a33e-0d40f2fac2fc,FirstNumber=125,secondNumber=1763}  written to file by thread pool-3-thread-1
 message  {Id=7bcb11c3-7d2b-4768-9cd3-92fab09f01dd,FirstNumber=691,secondNumber=1704}  added by thread pool-3-thread-6
 message  {Id=7bcb11c3-7d2b-4768-9cd3-92fab09f01dd,FirstNumber=691,secondNumber=1704}  written to file by thread pool-3-thread-3
 message  {Id=7eee790e-5ca3-4a7b-8324-6cf709c1e9bd,FirstNumber=310,secondNumber=1368}  added by thread pool-3-thread-6
 message  {Id=7eee790e-5ca3-4a7b-8324-6cf709c1e9bd,FirstNumber=310,secondNumber=1368}  written to file by thread pool-3-thread-5
 message  {Id=e88282a5-ae34-4e0a-b248-be616102d62d,FirstNumber=894,secondNumber=1298}  added by thread pool-3-thread-6
 message  {Id=e88282a5-ae34-4e0a-b248-be616102d62d,FirstNumber=894,secondNumber=1298}  written to file by thread pool-3-thread-2
 message  {Id=89abde7a-ed12-45a5-9e2c-844171252024,FirstNumber=198,secondNumber=1609}  added by thread pool-3-thread-6
 message  {Id=89abde7a-ed12-45a5-9e2c-844171252024,FirstNumber=198,secondNumber=1609}  written to file by thread pool-3-thread-2
 message  {Id=4dfb034a-8a49-47d6-9e33-cfb2a9a5c186,FirstNumber=175,secondNumber=734}  added by thread pool-3-thread-6
 message  {Id=4dfb034a-8a49-47d6-9e33-cfb2a9a5c186,FirstNumber=175,secondNumber=734}  written to file by thread pool-3-thread-1
 message  {Id=5fbaf24b-fe6a-44c7-92be-edf6e525cfcc,FirstNumber=329,secondNumber=1407}  added by thread pool-3-thread-6
 message  {Id=5fbaf24b-fe6a-44c7-92be-edf6e525cfcc,FirstNumber=329,secondNumber=1407}  written to file by thread pool-3-thread-3
 message  {Id=3dce6a93-d17a-4e71-b8cf-aa65449082af,FirstNumber=726,secondNumber=1192}  added by thread pool-3-thread-6
 message  {Id=9441511f-c715-497d-9fcc-8a19359fd2d9,FirstNumber=751,secondNumber=456}  added by thread pool-3-thread-6
 message  {Id=3dce6a93-d17a-4e71-b8cf-aa65449082af,FirstNumber=726,secondNumber=1192}  written to file by thread pool-3-thread-5
 message  {Id=9441511f-c715-497d-9fcc-8a19359fd2d9,FirstNumber=751,secondNumber=456}  written to file by thread pool-3-thread-4
 message  {Id=e5ff5dd1-4d40-4aa1-83a9-66274fbff099,FirstNumber=968,secondNumber=238}  added by thread pool-3-thread-6
 message  {Id=e5ff5dd1-4d40-4aa1-83a9-66274fbff099,FirstNumber=968,secondNumber=238}  written to file by thread pool-3-thread-4
 message  {Id=61e0d7ba-345d-49a0-80c1-afddfa9fbca9,FirstNumber=558,secondNumber=1019}  added by thread pool-3-thread-6
 message  {Id=61e0d7ba-345d-49a0-80c1-afddfa9fbca9,FirstNumber=558,secondNumber=1019}  written to file by thread pool-3-thread-1
 message  {Id=f1fda595-349f-4f58-98ba-4d079bfde471,FirstNumber=475,secondNumber=605}  added by thread pool-3-thread-6
 message  {Id=f1fda595-349f-4f58-98ba-4d079bfde471,FirstNumber=475,secondNumber=605}  written to file by thread pool-3-thread-3
 message  {Id=67ea037f-505c-4fba-bda6-4de767a5cebd,FirstNumber=788,secondNumber=356}  added by thread pool-3-thread-6
 message  {Id=67ea037f-505c-4fba-bda6-4de767a5cebd,FirstNumber=788,secondNumber=356}  written to file by thread pool-3-thread-5
 message  {Id=df40ec2c-9238-4899-b4f0-ed7cdf3841f5,FirstNumber=740,secondNumber=1806}  added by thread pool-3-thread-6
 message  {Id=df40ec2c-9238-4899-b4f0-ed7cdf3841f5,FirstNumber=740,secondNumber=1806}  written to file by thread pool-3-thread-2
 message  {Id=d0a31860-d9a1-4f01-b9ae-f5bd3369ec6e,FirstNumber=918,secondNumber=200}  added by thread pool-3-thread-6
 message  {Id=d0a31860-d9a1-4f01-b9ae-f5bd3369ec6e,FirstNumber=918,secondNumber=200}  written to file by thread pool-3-thread-4
 message  {Id=7566a433-eb72-4160-8850-7e199338f174,FirstNumber=871,secondNumber=376}  added by thread pool-3-thread-6
 message  {Id=7566a433-eb72-4160-8850-7e199338f174,FirstNumber=871,secondNumber=376}  written to file by thread pool-3-thread-4
 message  {Id=5701f877-1b96-4829-9a6a-0f39c3c0607c,FirstNumber=352,secondNumber=1997}  added by thread pool-3-thread-6
 message  {Id=5701f877-1b96-4829-9a6a-0f39c3c0607c,FirstNumber=352,secondNumber=1997}  written to file by thread pool-3-thread-3
 message  {Id=fa5bbe8f-6367-47a0-946d-84adc6f455bc,FirstNumber=613,secondNumber=567}  added by thread pool-3-thread-6
 message  {Id=fa5bbe8f-6367-47a0-946d-84adc6f455bc,FirstNumber=613,secondNumber=567}  written to file by thread pool-3-thread-5
 message  {Id=c8474cc2-ce04-4755-b98f-aaa6760c7b9e,FirstNumber=957,secondNumber=1565}  added by thread pool-3-thread-6
 message  {Id=c8474cc2-ce04-4755-b98f-aaa6760c7b9e,FirstNumber=957,secondNumber=1565}  written to file by thread pool-3-thread-2
 message  {Id=b4769e9f-17b7-4419-ab1d-63ac73930071,FirstNumber=90,secondNumber=528}  added by thread pool-3-thread-6
 message  {Id=b4769e9f-17b7-4419-ab1d-63ac73930071,FirstNumber=90,secondNumber=528}  written to file by thread pool-3-thread-1
 message  {Id=5e70769b-00c6-4ef1-a884-12ebd4a50504,FirstNumber=23,secondNumber=1439}  added by thread pool-3-thread-6
 message  {Id=5e70769b-00c6-4ef1-a884-12ebd4a50504,FirstNumber=23,secondNumber=1439}  written to file by thread pool-3-thread-1
 message  {Id=a2b18b06-9d2b-495e-8d80-1c307d37d606,FirstNumber=250,secondNumber=438}  added by thread pool-3-thread-6
 message  {Id=a2b18b06-9d2b-495e-8d80-1c307d37d606,FirstNumber=250,secondNumber=438}  written to file by thread pool-3-thread-3
 message  {Id=f1c5cc51-ebd6-4b77-a517-52872f4827cf,FirstNumber=744,secondNumber=378}  added by thread pool-3-thread-6
 message  {Id=f1c5cc51-ebd6-4b77-a517-52872f4827cf,FirstNumber=744,secondNumber=378}  written to file by thread pool-3-thread-5
 message  {Id=62f40a73-166d-4522-a130-aa2d864ac978,FirstNumber=152,secondNumber=291}  added by thread pool-3-thread-6
 message  {Id=de62c05f-3559-4706-ad44-98d6fb2aa3e6,FirstNumber=603,secondNumber=1855}  added by thread pool-3-thread-6
 message  {Id=62f40a73-166d-4522-a130-aa2d864ac978,FirstNumber=152,secondNumber=291}  written to file by thread pool-3-thread-5
 message  {Id=de62c05f-3559-4706-ad44-98d6fb2aa3e6,FirstNumber=603,secondNumber=1855}  written to file by thread pool-3-thread-4
 message  {Id=96a0dd6d-a603-49ac-aeed-350de4256ab4,FirstNumber=18,secondNumber=239}  added by thread pool-3-thread-6
 message  {Id=96a0dd6d-a603-49ac-aeed-350de4256ab4,FirstNumber=18,secondNumber=239}  written to file by thread pool-3-thread-1
 message  {Id=d29620b9-d042-44db-8d71-91f1014a9ff5,FirstNumber=94,secondNumber=421}  added by thread pool-3-thread-6
 message  {Id=d29620b9-d042-44db-8d71-91f1014a9ff5,FirstNumber=94,secondNumber=421}  written to file by thread pool-3-thread-1
 message  {Id=4a14610b-ff12-4a22-bb90-b8eed81d0cd8,FirstNumber=966,secondNumber=1952}  added by thread pool-3-thread-6
 message  {Id=4a14610b-ff12-4a22-bb90-b8eed81d0cd8,FirstNumber=966,secondNumber=1952}  written to file by thread pool-3-thread-2
 message  {Id=58b4b4b2-3622-4d05-a8dc-a11df30dc296,FirstNumber=58,secondNumber=1273}  added by thread pool-3-thread-6
 message  {Id=58b4b4b2-3622-4d05-a8dc-a11df30dc296,FirstNumber=58,secondNumber=1273}  written to file by thread pool-3-thread-2
 message  {Id=dd98af9d-b610-4100-a554-f9559005a1d9,FirstNumber=981,secondNumber=1087}  added by thread pool-3-thread-6
 message  {Id=dd98af9d-b610-4100-a554-f9559005a1d9,FirstNumber=981,secondNumber=1087}  written to file by thread pool-3-thread-4
 message  {Id=5d82700e-e104-4fe9-b650-e52a2c3bba5e,FirstNumber=216,secondNumber=677}  added by thread pool-3-thread-6
 message  {Id=5d82700e-e104-4fe9-b650-e52a2c3bba5e,FirstNumber=216,secondNumber=677}  written to file by thread pool-3-thread-3
 message  {Id=939d794d-79e8-4c02-9115-3cc98f09be7f,FirstNumber=390,secondNumber=1788}  added by thread pool-3-thread-6
 message  {Id=939d794d-79e8-4c02-9115-3cc98f09be7f,FirstNumber=390,secondNumber=1788}  written to file by thread pool-3-thread-1
 message  {Id=c6465749-6e55-4b28-92c3-5c9cf4ec69b6,FirstNumber=822,secondNumber=1203}  added by thread pool-3-thread-6
 message  {Id=c6465749-6e55-4b28-92c3-5c9cf4ec69b6,FirstNumber=822,secondNumber=1203}  written to file by thread pool-3-thread-5
 message  {Id=bae3c6cf-79aa-4a62-9555-0ee8697bc490,FirstNumber=365,secondNumber=1612}  added by thread pool-3-thread-6
 message  {Id=bae3c6cf-79aa-4a62-9555-0ee8697bc490,FirstNumber=365,secondNumber=1612}  written to file by thread pool-3-thread-5
 message  {Id=e014552e-236d-4ff0-9d78-d0ae295ea2e7,FirstNumber=60,secondNumber=1481}  added by thread pool-3-thread-6
 message  {Id=e014552e-236d-4ff0-9d78-d0ae295ea2e7,FirstNumber=60,secondNumber=1481}  written to file by thread pool-3-thread-4
 message  {Id=e967ebeb-e157-414a-9744-883744b5b1f7,FirstNumber=752,secondNumber=1752}  added by thread pool-3-thread-6
 message  {Id=e967ebeb-e157-414a-9744-883744b5b1f7,FirstNumber=752,secondNumber=1752}  written to file by thread pool-3-thread-3
 message  {Id=6fa05333-e087-4542-b3d0-33ca17820100,FirstNumber=935,secondNumber=1894}  added by thread pool-3-thread-6
 message  {Id=6fa05333-e087-4542-b3d0-33ca17820100,FirstNumber=935,secondNumber=1894}  written to file by thread pool-3-thread-1
 message  {Id=52bcf6af-31b5-4b31-a670-822fc18a6845,FirstNumber=148,secondNumber=1163}  added by thread pool-3-thread-6
 message  {Id=52bcf6af-31b5-4b31-a670-822fc18a6845,FirstNumber=148,secondNumber=1163}  written to file by thread pool-3-thread-2
 message  {Id=b8742c12-219e-4fc5-8dc3-63a2c43a344e,FirstNumber=379,secondNumber=619}  added by thread pool-3-thread-6
 message  {Id=e29573a9-7613-4dea-adeb-0f7b57e36194,FirstNumber=192,secondNumber=1722}  added by thread pool-3-thread-6
 message  {Id=b8742c12-219e-4fc5-8dc3-63a2c43a344e,FirstNumber=379,secondNumber=619}  written to file by thread pool-3-thread-5
 message  {Id=e29573a9-7613-4dea-adeb-0f7b57e36194,FirstNumber=192,secondNumber=1722}  written to file by thread pool-3-thread-4
 message  {Id=83bde0c3-c20e-4919-b5a8-74ebb9632121,FirstNumber=110,secondNumber=1504}  added by thread pool-3-thread-6
 message  {Id=83bde0c3-c20e-4919-b5a8-74ebb9632121,FirstNumber=110,secondNumber=1504}  written to file by thread pool-3-thread-3
 message  {Id=b81b37f8-8e2b-4a2d-8703-017c37345a40,FirstNumber=798,secondNumber=353}  added by thread pool-3-thread-6
 message  {Id=b81b37f8-8e2b-4a2d-8703-017c37345a40,FirstNumber=798,secondNumber=353}  written to file by thread pool-3-thread-1
 message  {Id=ab4f8795-c5f8-4859-8202-e1ef2bec18ac,FirstNumber=52,secondNumber=1104}  added by thread pool-3-thread-6
 message  {Id=ab4f8795-c5f8-4859-8202-e1ef2bec18ac,FirstNumber=52,secondNumber=1104}  written to file by thread pool-3-thread-1
 message  {Id=73f479aa-1a96-4887-8af8-e20c3d08920f,FirstNumber=967,secondNumber=84}  added by thread pool-3-thread-6
 message  {Id=cd0ffd73-09b8-4f69-9951-f5a82332652f,FirstNumber=324,secondNumber=1469}  added by thread pool-3-thread-6
 message  {Id=73f479aa-1a96-4887-8af8-e20c3d08920f,FirstNumber=967,secondNumber=84}  written to file by thread pool-3-thread-5
 message  {Id=cd0ffd73-09b8-4f69-9951-f5a82332652f,FirstNumber=324,secondNumber=1469}  written to file by thread pool-3-thread-4
 message  {Id=23fd18c0-aeaf-42ef-961f-23729b23f733,FirstNumber=719,secondNumber=713}  added by thread pool-3-thread-6
 message  {Id=23fd18c0-aeaf-42ef-961f-23729b23f733,FirstNumber=719,secondNumber=713}  written to file by thread pool-3-thread-3
 message  {Id=5d0d1883-e4dd-413f-8b02-f44b73f622d7,FirstNumber=243,secondNumber=580}  added by thread pool-3-thread-6
 message  {Id=5d0d1883-e4dd-413f-8b02-f44b73f622d7,FirstNumber=243,secondNumber=580}  written to file by thread pool-3-thread-2
 message  {Id=5bd78978-5647-4764-a500-cb7360302093,FirstNumber=747,secondNumber=994}  added by thread pool-3-thread-6
 message  {Id=5bd78978-5647-4764-a500-cb7360302093,FirstNumber=747,secondNumber=994}  written to file by thread pool-3-thread-1
 message  {Id=3865ba33-701a-4064-979c-1a92db34a5a0,FirstNumber=40,secondNumber=560}  added by thread pool-3-thread-6
 message  {Id=3865ba33-701a-4064-979c-1a92db34a5a0,FirstNumber=40,secondNumber=560}  written to file by thread pool-3-thread-1
 message  {Id=8aa96cba-85f4-446a-b954-45c447b688eb,FirstNumber=110,secondNumber=434}  added by thread pool-3-thread-6
 message  {Id=8aa96cba-85f4-446a-b954-45c447b688eb,FirstNumber=110,secondNumber=434}  written to file by thread pool-3-thread-1
 message  {Id=ab5cfb04-c16b-43a5-b905-b130022d0648,FirstNumber=380,secondNumber=1594}  written to file by thread pool-3-thread-4
 message  {Id=ab5cfb04-c16b-43a5-b905-b130022d0648,FirstNumber=380,secondNumber=1594}  added by thread pool-3-thread-6
 message  {Id=e9c739ad-fcee-46aa-9ab8-a0a6ae7de36a,FirstNumber=190,secondNumber=1643}  added by thread pool-3-thread-6
 message  {Id=e9c739ad-fcee-46aa-9ab8-a0a6ae7de36a,FirstNumber=190,secondNumber=1643}  written to file by thread pool-3-thread-2
 message  {Id=10c812ef-159e-4bd5-837a-a1582f3cd9cb,FirstNumber=615,secondNumber=1312}  added by thread pool-3-thread-6
 message  {Id=10c812ef-159e-4bd5-837a-a1582f3cd9cb,FirstNumber=615,secondNumber=1312}  written to file by thread pool-3-thread-5
 message  {Id=2dd934c0-ca16-4fcb-a86e-04ea130622db,FirstNumber=806,secondNumber=335}  added by thread pool-3-thread-6
 message  {Id=2dd934c0-ca16-4fcb-a86e-04ea130622db,FirstNumber=806,secondNumber=335}  written to file by thread pool-3-thread-1
 message  {Id=a35e387d-5940-4927-8ddf-6eb180c50b70,FirstNumber=696,secondNumber=825}  added by thread pool-3-thread-6
 message  {Id=a35e387d-5940-4927-8ddf-6eb180c50b70,FirstNumber=696,secondNumber=825}  written to file by thread pool-3-thread-3
 message  {Id=e368750a-f665-4523-8fa4-f4e79aeee864,FirstNumber=487,secondNumber=1953}  added by thread pool-3-thread-6
 message  {Id=e368750a-f665-4523-8fa4-f4e79aeee864,FirstNumber=487,secondNumber=1953}  written to file by thread pool-3-thread-3
 message  {Id=3c8f8a5c-80b2-4211-9011-db82d1e54d33,FirstNumber=450,secondNumber=946}  added by thread pool-3-thread-6
 message  {Id=3c8f8a5c-80b2-4211-9011-db82d1e54d33,FirstNumber=450,secondNumber=946}  written to file by thread pool-3-thread-2
 message  {Id=bc41c46a-7037-42fe-b5b6-1b76c5993c0a,FirstNumber=280,secondNumber=1287}  added by thread pool-3-thread-6
 message  {Id=bc41c46a-7037-42fe-b5b6-1b76c5993c0a,FirstNumber=280,secondNumber=1287}  written to file by thread pool-3-thread-5
 message  {Id=2ba725e9-b652-404f-8d74-6b81bc4b1c88,FirstNumber=751,secondNumber=1170}  added by thread pool-3-thread-6
 message  {Id=2ba725e9-b652-404f-8d74-6b81bc4b1c88,FirstNumber=751,secondNumber=1170}  written to file by thread pool-3-thread-1
 message  {Id=cce40c33-a32e-41d3-b326-5f467349909b,FirstNumber=711,secondNumber=111}  added by thread pool-3-thread-6
 message  {Id=cce40c33-a32e-41d3-b326-5f467349909b,FirstNumber=711,secondNumber=111}  written to file by thread pool-3-thread-1
 message  {Id=50c70165-2512-4b2c-aa39-0777729c82c7,FirstNumber=415,secondNumber=1446}  added by thread pool-3-thread-6
 message  {Id=50c70165-2512-4b2c-aa39-0777729c82c7,FirstNumber=415,secondNumber=1446}  written to file by thread pool-3-thread-3
 message  {Id=9560ceb0-9867-437f-b8d5-895a238341da,FirstNumber=829,secondNumber=1970}  added by thread pool-3-thread-6
 message  {Id=9560ceb0-9867-437f-b8d5-895a238341da,FirstNumber=829,secondNumber=1970}  written to file by thread pool-3-thread-2
 message  {Id=7422dcd1-71e2-40d2-b7fd-1c6f54956f0e,FirstNumber=847,secondNumber=1454}  added by thread pool-3-thread-6
 message  {Id=7422dcd1-71e2-40d2-b7fd-1c6f54956f0e,FirstNumber=847,secondNumber=1454}  written to file by thread pool-3-thread-5
 message  {Id=6a08a1ec-dbe8-4666-9414-e1aa338ad291,FirstNumber=958,secondNumber=1654}  added by thread pool-3-thread-6
 message  {Id=6a08a1ec-dbe8-4666-9414-e1aa338ad291,FirstNumber=958,secondNumber=1654}  written to file by thread pool-3-thread-5
 message  {Id=d8c770bd-75a9-4b86-87f7-76cedd5e3e70,FirstNumber=724,secondNumber=27}  added by thread pool-3-thread-6
 message  {Id=d8c770bd-75a9-4b86-87f7-76cedd5e3e70,FirstNumber=724,secondNumber=27}  written to file by thread pool-3-thread-1
 message  {Id=1191aa81-3a51-44a8-b6e8-68aca872707d,FirstNumber=290,secondNumber=70}  added by thread pool-3-thread-6
 message  {Id=1191aa81-3a51-44a8-b6e8-68aca872707d,FirstNumber=290,secondNumber=70}  written to file by thread pool-3-thread-3
 message  {Id=7565f39b-dca0-46d1-b8a5-59dd0c2deafe,FirstNumber=19,secondNumber=1140}  added by thread pool-3-thread-6
 message  {Id=7565f39b-dca0-46d1-b8a5-59dd0c2deafe,FirstNumber=19,secondNumber=1140}  written to file by thread pool-3-thread-3
 message  {Id=23c2ad53-3661-4d57-b6e8-ae404dab3f73,FirstNumber=482,secondNumber=449}  added by thread pool-3-thread-6
 message  {Id=23c2ad53-3661-4d57-b6e8-ae404dab3f73,FirstNumber=482,secondNumber=449}  written to file by thread pool-3-thread-4
 message  {Id=6abc4d95-ff69-4d3b-be44-7df2ba09ec27,FirstNumber=673,secondNumber=11}  added by thread pool-3-thread-6
 message  {Id=6abc4d95-ff69-4d3b-be44-7df2ba09ec27,FirstNumber=673,secondNumber=11}  written to file by thread pool-3-thread-4
 message  {Id=3610300a-95ec-4be1-8675-ed001c7306e1,FirstNumber=437,secondNumber=464}  added by thread pool-3-thread-6
 message  {Id=3610300a-95ec-4be1-8675-ed001c7306e1,FirstNumber=437,secondNumber=464}  written to file by thread pool-3-thread-1
 message  {Id=6a70cd4a-b899-422b-a0ae-86755e7906dc,FirstNumber=959,secondNumber=1003}  added by thread pool-3-thread-6
 message  {Id=6a70cd4a-b899-422b-a0ae-86755e7906dc,FirstNumber=959,secondNumber=1003}  written to file by thread pool-3-thread-1
 message  {Id=e3cd7907-263c-48ca-9ab9-0c0beae1e3b2,FirstNumber=291,secondNumber=1885}  added by thread pool-3-thread-6
 message  {Id=e3cd7907-263c-48ca-9ab9-0c0beae1e3b2,FirstNumber=291,secondNumber=1885}  written to file by thread pool-3-thread-3
 message  {Id=650b1a02-0c9c-42bb-9811-a89cb6181724,FirstNumber=420,secondNumber=118}  added by thread pool-3-thread-6
 message  {Id=650b1a02-0c9c-42bb-9811-a89cb6181724,FirstNumber=420,secondNumber=118}  written to file by thread pool-3-thread-5
 message  {Id=9a7b8add-f1ad-43d1-858f-0cbf15e29036,FirstNumber=341,secondNumber=1022}  added by thread pool-3-thread-6
 message  {Id=9a7b8add-f1ad-43d1-858f-0cbf15e29036,FirstNumber=341,secondNumber=1022}  written to file by thread pool-3-thread-4
 message  {Id=d079ec07-e125-403d-91d1-2f795e0c7092,FirstNumber=271,secondNumber=246}  added by thread pool-3-thread-6
 message  {Id=d079ec07-e125-403d-91d1-2f795e0c7092,FirstNumber=271,secondNumber=246}  written to file by thread pool-3-thread-4
 message  {Id=3f00904a-8ca5-4da3-bcf1-6a6eb3134055,FirstNumber=735,secondNumber=1772}  added by thread pool-3-thread-6
 message  {Id=3f00904a-8ca5-4da3-bcf1-6a6eb3134055,FirstNumber=735,secondNumber=1772}  written to file by thread pool-3-thread-1
 message  {Id=d9a3ed7a-af0d-47be-848a-4156548afb31,FirstNumber=253,secondNumber=1194}  added by thread pool-3-thread-6
 message  {Id=d9a3ed7a-af0d-47be-848a-4156548afb31,FirstNumber=253,secondNumber=1194}  written to file by thread pool-3-thread-3
 message  {Id=5c033bf5-6339-4246-b79b-e3b796e749a3,FirstNumber=956,secondNumber=854}  added by thread pool-3-thread-6
 message  {Id=5c033bf5-6339-4246-b79b-e3b796e749a3,FirstNumber=956,secondNumber=854}  written to file by thread pool-3-thread-3
 message  {Id=39cfc71b-0cfe-4b4f-9613-0f59b2d047fc,FirstNumber=950,secondNumber=1776}  added by thread pool-3-thread-6
 message  {Id=39cfc71b-0cfe-4b4f-9613-0f59b2d047fc,FirstNumber=950,secondNumber=1776}  written to file by thread pool-3-thread-2
 message  {Id=913bada2-6d6f-47fc-9cee-aee0d932856c,FirstNumber=40,secondNumber=847}  added by thread pool-3-thread-6
 message  {Id=913bada2-6d6f-47fc-9cee-aee0d932856c,FirstNumber=40,secondNumber=847}  written to file by thread pool-3-thread-2
 message  {Id=2e4671d3-872c-4c86-b2f2-96b2bfead0df,FirstNumber=625,secondNumber=291}  added by thread pool-3-thread-6
 message  {Id=2e4671d3-872c-4c86-b2f2-96b2bfead0df,FirstNumber=625,secondNumber=291}  written to file by thread pool-3-thread-1
 message  {Id=770bdf6a-032f-4dc3-8bef-bc2365bcfe70,FirstNumber=123,secondNumber=694}  added by thread pool-3-thread-6
 message  {Id=b8803188-2f2d-4b8a-b626-f8a94278b6db,FirstNumber=909,secondNumber=957}  added by thread pool-3-thread-6
 message  {Id=770bdf6a-032f-4dc3-8bef-bc2365bcfe70,FirstNumber=123,secondNumber=694}  written to file by thread pool-3-thread-5
 message  {Id=b8803188-2f2d-4b8a-b626-f8a94278b6db,FirstNumber=909,secondNumber=957}  written to file by thread pool-3-thread-3
 message  {Id=df5992c8-aed8-4929-95ef-e25a422f9468,FirstNumber=407,secondNumber=1828}  added by thread pool-3-thread-6
 message  {Id=df5992c8-aed8-4929-95ef-e25a422f9468,FirstNumber=407,secondNumber=1828}  written to file by thread pool-3-thread-4
 message  {Id=a8d2be58-8e80-4163-ba80-1db9cfbc81fb,FirstNumber=390,secondNumber=942}  added by thread pool-3-thread-6
 message  {Id=a8d2be58-8e80-4163-ba80-1db9cfbc81fb,FirstNumber=390,secondNumber=942}  written to file by thread pool-3-thread-4
 message  {Id=e0e972fa-f0a2-4079-ac14-446b9c8091d8,FirstNumber=216,secondNumber=1061}  added by thread pool-3-thread-6
 message  {Id=e0e972fa-f0a2-4079-ac14-446b9c8091d8,FirstNumber=216,secondNumber=1061}  written to file by thread pool-3-thread-1
 message  {Id=a5ad65a7-ad55-4221-a7a7-32211f1d522e,FirstNumber=191,secondNumber=889}  added by thread pool-3-thread-6
 message  {Id=a5ad65a7-ad55-4221-a7a7-32211f1d522e,FirstNumber=191,secondNumber=889}  written to file by thread pool-3-thread-1
 message  {Id=542aa9e6-4127-4bc7-86b8-ec92cd7ba53f,FirstNumber=15,secondNumber=755}  added by thread pool-3-thread-6
 message  {Id=542aa9e6-4127-4bc7-86b8-ec92cd7ba53f,FirstNumber=15,secondNumber=755}  written to file by thread pool-3-thread-3
 message  {Id=270f4308-4dc3-4d55-9de8-b816023c1f43,FirstNumber=424,secondNumber=1022}  added by thread pool-3-thread-6
 message  {Id=270f4308-4dc3-4d55-9de8-b816023c1f43,FirstNumber=424,secondNumber=1022}  written to file by thread pool-3-thread-3
 message  {Id=3a6b9a16-737b-48f2-a223-a0aee9393caa,FirstNumber=387,secondNumber=458}  added by thread pool-3-thread-6
 message  {Id=3a6b9a16-737b-48f2-a223-a0aee9393caa,FirstNumber=387,secondNumber=458}  written to file by thread pool-3-thread-4
 message  {Id=2197818f-a321-495a-82c7-596e92401bfb,FirstNumber=108,secondNumber=253}  added by thread pool-3-thread-6
 message  {Id=2197818f-a321-495a-82c7-596e92401bfb,FirstNumber=108,secondNumber=253}  written to file by thread pool-3-thread-4
 message  {Id=086777c5-b6cc-413d-8f47-baa99944f15a,FirstNumber=713,secondNumber=997}  added by thread pool-3-thread-6
 message  {Id=086777c5-b6cc-413d-8f47-baa99944f15a,FirstNumber=713,secondNumber=997}  written to file by thread pool-3-thread-1
 message  {Id=54b43bcf-1127-47db-9b75-f58fceac8600,FirstNumber=451,secondNumber=491}  added by thread pool-3-thread-6
 message  {Id=54b43bcf-1127-47db-9b75-f58fceac8600,FirstNumber=451,secondNumber=491}  written to file by thread pool-3-thread-2
 message  {Id=4cbc8ab1-eb1a-4e49-9bac-694c07cf5914,FirstNumber=462,secondNumber=1814}  added by thread pool-3-thread-6
 message  {Id=4cbc8ab1-eb1a-4e49-9bac-694c07cf5914,FirstNumber=462,secondNumber=1814}  written to file by thread pool-3-thread-3
 message  {Id=bc642e3e-2aaa-4237-9a8c-e655edbaa556,FirstNumber=226,secondNumber=1625}  added by thread pool-3-thread-6
 message  {Id=bc642e3e-2aaa-4237-9a8c-e655edbaa556,FirstNumber=226,secondNumber=1625}  written to file by thread pool-3-thread-5
 message  {Id=4be9e61e-1ba7-4224-a426-e9a006324d5f,FirstNumber=862,secondNumber=494}  added by thread pool-3-thread-6
 message  {Id=4be9e61e-1ba7-4224-a426-e9a006324d5f,FirstNumber=862,secondNumber=494}  written to file by thread pool-3-thread-4
 message  {Id=1d0a0372-0db0-4c61-ab8e-0cfaefecae86,FirstNumber=778,secondNumber=17}  added by thread pool-3-thread-6
 message  {Id=1d0a0372-0db0-4c61-ab8e-0cfaefecae86,FirstNumber=778,secondNumber=17}  written to file by thread pool-3-thread-4
 message  {Id=2643e1ef-84ce-4d9f-9563-4e1f24fbdcbc,FirstNumber=966,secondNumber=1201}  added by thread pool-3-thread-6
 message  {Id=2643e1ef-84ce-4d9f-9563-4e1f24fbdcbc,FirstNumber=966,secondNumber=1201}  written to file by thread pool-3-thread-2
 message  {Id=f9dcdb11-0282-422b-aada-0c888fe7fa52,FirstNumber=573,secondNumber=1947}  added by thread pool-3-thread-6
 message  {Id=f9dcdb11-0282-422b-aada-0c888fe7fa52,FirstNumber=573,secondNumber=1947}  written to file by thread pool-3-thread-3
 message  {Id=474ad198-7cdf-4b49-9da7-e07fd4d4f403,FirstNumber=785,secondNumber=287}  added by thread pool-3-thread-6
 message  {Id=474ad198-7cdf-4b49-9da7-e07fd4d4f403,FirstNumber=785,secondNumber=287}  written to file by thread pool-3-thread-3
 message  {Id=75213ff2-cd8e-45d9-ac79-dff92c0dcd43,FirstNumber=855,secondNumber=1388}  added by thread pool-3-thread-6
 message  {Id=75213ff2-cd8e-45d9-ac79-dff92c0dcd43,FirstNumber=855,secondNumber=1388}  written to file by thread pool-3-thread-1
 message  {Id=ee12efda-cc88-499e-899a-661c0fbb89f5,FirstNumber=352,secondNumber=875}  added by thread pool-3-thread-6
 message  {Id=ee12efda-cc88-499e-899a-661c0fbb89f5,FirstNumber=352,secondNumber=875}  written to file by thread pool-3-thread-4
 message  {Id=a5b927ef-4efc-439c-a4b5-55781a7abc22,FirstNumber=522,secondNumber=1961}  added by thread pool-3-thread-6
 message  {Id=a5b927ef-4efc-439c-a4b5-55781a7abc22,FirstNumber=522,secondNumber=1961}  written to file by thread pool-3-thread-2
 message  {Id=c5823675-26c7-41e1-9254-bbefc795a519,FirstNumber=137,secondNumber=1538}  added by thread pool-3-thread-6
 message  {Id=c5823675-26c7-41e1-9254-bbefc795a519,FirstNumber=137,secondNumber=1538}  written to file by thread pool-3-thread-2
 message  {Id=1feeb316-159f-414d-b1c6-231abcd98db0,FirstNumber=919,secondNumber=281}  added by thread pool-3-thread-6
 message  {Id=1feeb316-159f-414d-b1c6-231abcd98db0,FirstNumber=919,secondNumber=281}  written to file by thread pool-3-thread-3
 message  {Id=2227a5c9-06ba-4bd3-ac2e-303b23ffa13f,FirstNumber=364,secondNumber=1614}  added by thread pool-3-thread-6
 message  {Id=2227a5c9-06ba-4bd3-ac2e-303b23ffa13f,FirstNumber=364,secondNumber=1614}  written to file by thread pool-3-thread-1
 message  {Id=3d835c6d-c92b-467e-8452-b64bef9afd2b,FirstNumber=94,secondNumber=1707}  added by thread pool-3-thread-6
 message  {Id=3d835c6d-c92b-467e-8452-b64bef9afd2b,FirstNumber=94,secondNumber=1707}  written to file by thread pool-3-thread-1
 message  {Id=a94c6dd5-2144-41a6-99b6-aac8a7d2d749,FirstNumber=18,secondNumber=520}  added by thread pool-3-thread-6
 message  {Id=26752ead-eaa4-47d2-a5a3-b35a6357519e,FirstNumber=713,secondNumber=322}  added by thread pool-3-thread-6
 message  {Id=a94c6dd5-2144-41a6-99b6-aac8a7d2d749,FirstNumber=18,secondNumber=520}  written to file by thread pool-3-thread-5
 message  {Id=26752ead-eaa4-47d2-a5a3-b35a6357519e,FirstNumber=713,secondNumber=322}  written to file by thread pool-3-thread-2
 message  {Id=37b7e352-848d-4e25-a308-0d5f6067e164,FirstNumber=861,secondNumber=766}  added by thread pool-3-thread-6
 message  {Id=37b7e352-848d-4e25-a308-0d5f6067e164,FirstNumber=861,secondNumber=766}  written to file by thread pool-3-thread-3
 message  {Id=a6182fa4-ab0d-4a49-b9cc-bdabc44a1221,FirstNumber=786,secondNumber=597}  added by thread pool-3-thread-6
 message  {Id=a6182fa4-ab0d-4a49-b9cc-bdabc44a1221,FirstNumber=786,secondNumber=597}  written to file by thread pool-3-thread-3
 message  {Id=9486bf03-a332-43da-9f72-1c330dfa7a72,FirstNumber=570,secondNumber=369}  added by thread pool-3-thread-6
 message  {Id=9486bf03-a332-43da-9f72-1c330dfa7a72,FirstNumber=570,secondNumber=369}  written to file by thread pool-3-thread-1
 message  {Id=90dfb5cb-a049-4c31-8058-1e32ba03bcc9,FirstNumber=283,secondNumber=1949}  added by thread pool-3-thread-6
 message  {Id=90dfb5cb-a049-4c31-8058-1e32ba03bcc9,FirstNumber=283,secondNumber=1949}  written to file by thread pool-3-thread-1
 message  {Id=3505b2c5-98fb-40a4-b3c3-14cddf095911,FirstNumber=854,secondNumber=1633}  added by thread pool-3-thread-6
 message  {Id=3505b2c5-98fb-40a4-b3c3-14cddf095911,FirstNumber=854,secondNumber=1633}  written to file by thread pool-3-thread-2
 message  {Id=0e16a4d7-e0bb-435b-893e-b065675ab0ff,FirstNumber=555,secondNumber=454}  added by thread pool-3-thread-6
 message  {Id=0e16a4d7-e0bb-435b-893e-b065675ab0ff,FirstNumber=555,secondNumber=454}  written to file by thread pool-3-thread-2
 message  {Id=09d16caf-0d4e-48f0-b96e-4eb4b26eacba,FirstNumber=464,secondNumber=1198}  added by thread pool-3-thread-6
 message  {Id=09d16caf-0d4e-48f0-b96e-4eb4b26eacba,FirstNumber=464,secondNumber=1198}  written to file by thread pool-3-thread-3
 message  {Id=5ed68a70-d688-42a0-8b6e-33503c6442e9,FirstNumber=783,secondNumber=1689}  added by thread pool-3-thread-6
 message  {Id=5ed68a70-d688-42a0-8b6e-33503c6442e9,FirstNumber=783,secondNumber=1689}  written to file by thread pool-3-thread-3
 message  {Id=6dc09634-929d-4e22-b8b7-838f1bf0b644,FirstNumber=755,secondNumber=1016}  added by thread pool-3-thread-6
 message  {Id=6dc09634-929d-4e22-b8b7-838f1bf0b644,FirstNumber=755,secondNumber=1016}  written to file by thread pool-3-thread-1
 message  {Id=3dac8508-760f-457c-b842-902c5826e681,FirstNumber=641,secondNumber=659}  added by thread pool-3-thread-6
 message  {Id=3dac8508-760f-457c-b842-902c5826e681,FirstNumber=641,secondNumber=659}  written to file by thread pool-3-thread-4
 message  {Id=25aaeb9a-56ba-4b9f-b020-e90d6ff6aea1,FirstNumber=379,secondNumber=882}  added by thread pool-3-thread-6
 message  {Id=25aaeb9a-56ba-4b9f-b020-e90d6ff6aea1,FirstNumber=379,secondNumber=882}  written to file by thread pool-3-thread-2
 message  {Id=6d417167-0936-4f45-bde8-a3277cce87c3,FirstNumber=516,secondNumber=998}  added by thread pool-3-thread-6
 message  {Id=6d417167-0936-4f45-bde8-a3277cce87c3,FirstNumber=516,secondNumber=998}  written to file by thread pool-3-thread-2
 message  {Id=9a257a0a-f43f-4514-a9aa-24b2b23ed7dc,FirstNumber=29,secondNumber=1789}  added by thread pool-3-thread-6
 message  {Id=9a257a0a-f43f-4514-a9aa-24b2b23ed7dc,FirstNumber=29,secondNumber=1789}  written to file by thread pool-3-thread-3
 message  {Id=95c5c6b2-858e-470a-8e4f-9bc6ab0fd623,FirstNumber=901,secondNumber=1407}  added by thread pool-3-thread-6
 message  {Id=95c5c6b2-858e-470a-8e4f-9bc6ab0fd623,FirstNumber=901,secondNumber=1407}  written to file by thread pool-3-thread-3
 message  {Id=3726fbe1-1923-4b2d-9916-14ad10a1c9b1,FirstNumber=242,secondNumber=803}  added by thread pool-3-thread-6
 message  {Id=3726fbe1-1923-4b2d-9916-14ad10a1c9b1,FirstNumber=242,secondNumber=803}  written to file by thread pool-3-thread-4
 message  {Id=7c7664e7-3507-4e09-85e9-beb316eb4550,FirstNumber=56,secondNumber=1885}  added by thread pool-3-thread-6
 message  {Id=7c7664e7-3507-4e09-85e9-beb316eb4550,FirstNumber=56,secondNumber=1885}  written to file by thread pool-3-thread-4
 message  {Id=11625522-5c5b-47c6-a6cc-b61ae8437497,FirstNumber=628,secondNumber=1916}  added by thread pool-3-thread-6
 message  {Id=11625522-5c5b-47c6-a6cc-b61ae8437497,FirstNumber=628,secondNumber=1916}  written to file by thread pool-3-thread-2
 message  {Id=ba31bf2e-3daf-4b05-8caf-e841d8adcc1c,FirstNumber=575,secondNumber=1663}  added by thread pool-3-thread-6
 message  {Id=ba31bf2e-3daf-4b05-8caf-e841d8adcc1c,FirstNumber=575,secondNumber=1663}  written to file by thread pool-3-thread-2
 message  {Id=1e6eaeb6-0975-4aae-9e7a-e947ba86426a,FirstNumber=605,secondNumber=630}  added by thread pool-3-thread-6
 message  {Id=1e6eaeb6-0975-4aae-9e7a-e947ba86426a,FirstNumber=605,secondNumber=630}  written to file by thread pool-3-thread-3
 message  {Id=7489c757-59bf-4b76-8031-dc19c08d031f,FirstNumber=17,secondNumber=1359}  added by thread pool-3-thread-6
 message  {Id=7489c757-59bf-4b76-8031-dc19c08d031f,FirstNumber=17,secondNumber=1359}  written to file by thread pool-3-thread-3
 message  {Id=5001df6c-c47c-44ff-b4b2-eca71bab86d3,FirstNumber=505,secondNumber=1553}  added by thread pool-3-thread-6
 message  {Id=5001df6c-c47c-44ff-b4b2-eca71bab86d3,FirstNumber=505,secondNumber=1553}  written to file by thread pool-3-thread-4
 message  {Id=c9ad057a-13bc-4ba9-b459-fe47ebf546ad,FirstNumber=213,secondNumber=779}  added by thread pool-3-thread-6
 message  {Id=c9ad057a-13bc-4ba9-b459-fe47ebf546ad,FirstNumber=213,secondNumber=779}  written to file by thread pool-3-thread-1
 message  {Id=eb7def48-2dbe-46c3-833f-69ad28cdfc5c,FirstNumber=940,secondNumber=92}  added by thread pool-3-thread-6
 message  {Id=eb7def48-2dbe-46c3-833f-69ad28cdfc5c,FirstNumber=940,secondNumber=92}  written to file by thread pool-3-thread-2
 message  {Id=5dc9b0ff-0fca-45fe-bd17-8e100eabff04,FirstNumber=461,secondNumber=1870}  added by thread pool-3-thread-6
 message  {Id=5dc9b0ff-0fca-45fe-bd17-8e100eabff04,FirstNumber=461,secondNumber=1870}  written to file by thread pool-3-thread-5
 message  {Id=c73e619c-085f-445a-97e3-5bea00496c75,FirstNumber=666,secondNumber=1988}  added by thread pool-3-thread-6
 message  {Id=c73e619c-085f-445a-97e3-5bea00496c75,FirstNumber=666,secondNumber=1988}  written to file by thread pool-3-thread-3
 message  {Id=ebee6702-4577-4a7f-af3c-75365fc943d3,FirstNumber=526,secondNumber=1032}  added by thread pool-3-thread-6
 message  {Id=ebee6702-4577-4a7f-af3c-75365fc943d3,FirstNumber=526,secondNumber=1032}  written to file by thread pool-3-thread-4
 message  {Id=9d4f5c15-4332-4563-a047-d9135920c2e0,FirstNumber=490,secondNumber=77}  added by thread pool-3-thread-6
 message  {Id=9d4f5c15-4332-4563-a047-d9135920c2e0,FirstNumber=490,secondNumber=77}  written to file by thread pool-3-thread-1
 message  {Id=b0344a37-be81-4a98-a383-4a3d7ad95182,FirstNumber=857,secondNumber=175}  added by thread pool-3-thread-6
 message  {Id=b0344a37-be81-4a98-a383-4a3d7ad95182,FirstNumber=857,secondNumber=175}  written to file by thread pool-3-thread-2
 message  {Id=99fefadc-61d0-4071-ae74-aafa6a0b42f1,FirstNumber=556,secondNumber=328}  added by thread pool-3-thread-6
 message  {Id=99fefadc-61d0-4071-ae74-aafa6a0b42f1,FirstNumber=556,secondNumber=328}  written to file by thread pool-3-thread-2
 message  {Id=41aa09e4-d5df-4358-8443-7668df1b3489,FirstNumber=237,secondNumber=1279}  added by thread pool-3-thread-6
 message  {Id=41aa09e4-d5df-4358-8443-7668df1b3489,FirstNumber=237,secondNumber=1279}  written to file by thread pool-3-thread-3
 message  {Id=9356d4d1-64e4-4ee4-a72e-9dc9534f1a4a,FirstNumber=603,secondNumber=1894}  added by thread pool-3-thread-6
 message  {Id=9356d4d1-64e4-4ee4-a72e-9dc9534f1a4a,FirstNumber=603,secondNumber=1894}  written to file by thread pool-3-thread-3
 message  {Id=e54fc0b3-e9b9-4419-a593-e8e24c2df7bc,FirstNumber=105,secondNumber=1095}  added by thread pool-3-thread-6
 message  {Id=e54fc0b3-e9b9-4419-a593-e8e24c2df7bc,FirstNumber=105,secondNumber=1095}  written to file by thread pool-3-thread-3
 message  {Id=d7ceaae3-1668-4f3f-a8af-8a7622a35ff2,FirstNumber=786,secondNumber=1480}  added by thread pool-3-thread-6
 message  {Id=86500292-2ac8-43f1-ae38-b01e850c677f,FirstNumber=174,secondNumber=401}  added by thread pool-3-thread-6
 message  {Id=d7ceaae3-1668-4f3f-a8af-8a7622a35ff2,FirstNumber=786,secondNumber=1480}  written to file by thread pool-3-thread-5
 message  {Id=86500292-2ac8-43f1-ae38-b01e850c677f,FirstNumber=174,secondNumber=401}  written to file by thread pool-3-thread-2
 message  {Id=fc0ce20d-d2ed-441c-90e5-aeff914df1f5,FirstNumber=411,secondNumber=264}  added by thread pool-3-thread-6
 message  {Id=fc0ce20d-d2ed-441c-90e5-aeff914df1f5,FirstNumber=411,secondNumber=264}  written to file by thread pool-3-thread-4
 message  {Id=5d82e8cb-2370-4449-9963-1cfe4fea315d,FirstNumber=981,secondNumber=1147}  added by thread pool-3-thread-6
 message  {Id=5d82e8cb-2370-4449-9963-1cfe4fea315d,FirstNumber=981,secondNumber=1147}  written to file by thread pool-3-thread-4
 message  {Id=aa641d3d-f968-4bcc-be4b-b2b8ac74e3e8,FirstNumber=867,secondNumber=242}  added by thread pool-3-thread-6
 message  {Id=aa641d3d-f968-4bcc-be4b-b2b8ac74e3e8,FirstNumber=867,secondNumber=242}  written to file by thread pool-3-thread-3
 message  {Id=ecb266fb-3814-4996-a1f4-c776c9887dfc,FirstNumber=842,secondNumber=1893}  added by thread pool-3-thread-6
 message  {Id=ecb266fb-3814-4996-a1f4-c776c9887dfc,FirstNumber=842,secondNumber=1893}  written to file by thread pool-3-thread-3
 message  {Id=4ee97d22-9b02-4e3d-852c-5f5c4d62c93e,FirstNumber=360,secondNumber=11}  added by thread pool-3-thread-6
 message  {Id=4ee97d22-9b02-4e3d-852c-5f5c4d62c93e,FirstNumber=360,secondNumber=11}  written to file by thread pool-3-thread-2
 message  {Id=5702e5b9-691d-4be9-ade3-63dbbc36f021,FirstNumber=461,secondNumber=293}  added by thread pool-3-thread-6
 message  {Id=5702e5b9-691d-4be9-ade3-63dbbc36f021,FirstNumber=461,secondNumber=293}  written to file by thread pool-3-thread-2
 message  {Id=4a16d40c-65c5-4189-a2c8-3b3744d96fc0,FirstNumber=118,secondNumber=274}  added by thread pool-3-thread-6
 message  {Id=4a16d40c-65c5-4189-a2c8-3b3744d96fc0,FirstNumber=118,secondNumber=274}  written to file by thread pool-3-thread-4
 message  {Id=1a17940a-bc56-4f82-99d7-39ce14db8a66,FirstNumber=552,secondNumber=425}  added by thread pool-3-thread-6
 message  {Id=1a17940a-bc56-4f82-99d7-39ce14db8a66,FirstNumber=552,secondNumber=425}  written to file by thread pool-3-thread-5
 message  {Id=86a10764-6329-45f4-9ebb-7238e58ec04d,FirstNumber=669,secondNumber=1664}  added by thread pool-3-thread-6
 message  {Id=86a10764-6329-45f4-9ebb-7238e58ec04d,FirstNumber=669,secondNumber=1664}  written to file by thread pool-3-thread-3
 message  {Id=11276b22-9189-4fc7-adab-23f396e4f26f,FirstNumber=956,secondNumber=415}  added by thread pool-3-thread-6
 message  {Id=11276b22-9189-4fc7-adab-23f396e4f26f,FirstNumber=956,secondNumber=415}  written to file by thread pool-3-thread-3
 message  {Id=1e796347-fda3-4ec2-9ed7-9c35b86d73d2,FirstNumber=529,secondNumber=891}  added by thread pool-3-thread-6
 message  {Id=1e796347-fda3-4ec2-9ed7-9c35b86d73d2,FirstNumber=529,secondNumber=891}  written to file by thread pool-3-thread-2
 message  {Id=06285458-0560-4e66-9a89-4c9797ae5d6e,FirstNumber=681,secondNumber=329}  added by thread pool-3-thread-6
 message  {Id=06285458-0560-4e66-9a89-4c9797ae5d6e,FirstNumber=681,secondNumber=329}  written to file by thread pool-3-thread-4
 message  {Id=00350178-945d-408d-a64e-06a69ef2f4b8,FirstNumber=234,secondNumber=1752}  added by thread pool-3-thread-6
 message  {Id=00350178-945d-408d-a64e-06a69ef2f4b8,FirstNumber=234,secondNumber=1752}  written to file by thread pool-3-thread-4
 message  {Id=575072d9-5609-401e-98bb-17a76840f788,FirstNumber=776,secondNumber=1488}  added by thread pool-3-thread-6
 message  {Id=575072d9-5609-401e-98bb-17a76840f788,FirstNumber=776,secondNumber=1488}  written to file by thread pool-3-thread-1
 message  {Id=dc3ae671-8aa9-4f28-a39a-68b7da6c8181,FirstNumber=859,secondNumber=41}  added by thread pool-3-thread-6
 message  {Id=dc3ae671-8aa9-4f28-a39a-68b7da6c8181,FirstNumber=859,secondNumber=41}  written to file by thread pool-3-thread-3
 message  {Id=ee35bf45-d615-44e8-952c-d240619e37c4,FirstNumber=595,secondNumber=212}  added by thread pool-3-thread-6
 message  {Id=ee35bf45-d615-44e8-952c-d240619e37c4,FirstNumber=595,secondNumber=212}  written to file by thread pool-3-thread-3
 message  {Id=2b13d06b-8b1f-406a-b096-28df798e37d5,FirstNumber=867,secondNumber=1605}  added by thread pool-3-thread-6
 message  {Id=fc33fc2e-2c22-4cd5-a948-8da064e75b16,FirstNumber=723,secondNumber=1042}  added by thread pool-3-thread-6
 message  {Id=2b13d06b-8b1f-406a-b096-28df798e37d5,FirstNumber=867,secondNumber=1605}  written to file by thread pool-3-thread-5
 message  {Id=fc33fc2e-2c22-4cd5-a948-8da064e75b16,FirstNumber=723,secondNumber=1042}  written to file by thread pool-3-thread-4
 message  {Id=094536fe-75ed-401c-8647-c11a32f57e7d,FirstNumber=275,secondNumber=1449}  added by thread pool-3-thread-6
 message  {Id=094536fe-75ed-401c-8647-c11a32f57e7d,FirstNumber=275,secondNumber=1449}  written to file by thread pool-3-thread-1
 message  {Id=cd26a6ae-e75e-4244-97e7-963ca23db0ff,FirstNumber=561,secondNumber=503}  added by thread pool-3-thread-6
 message  {Id=cd26a6ae-e75e-4244-97e7-963ca23db0ff,FirstNumber=561,secondNumber=503}  written to file by thread pool-3-thread-1
 message  {Id=6c2afc70-debb-451c-b810-4b1adbf51e96,FirstNumber=527,secondNumber=962}  added by thread pool-3-thread-6
 message  {Id=6c2afc70-debb-451c-b810-4b1adbf51e96,FirstNumber=527,secondNumber=962}  written to file by thread pool-3-thread-3
 message  {Id=362f179f-c750-4066-99ee-2c663add8ff9,FirstNumber=931,secondNumber=1462}  added by thread pool-3-thread-6
 message  {Id=362f179f-c750-4066-99ee-2c663add8ff9,FirstNumber=931,secondNumber=1462}  written to file by thread pool-3-thread-3
 message  {Id=73aea321-aa25-4245-b47a-1ca0aadf3d42,FirstNumber=421,secondNumber=605}  added by thread pool-3-thread-6
 message  {Id=73aea321-aa25-4245-b47a-1ca0aadf3d42,FirstNumber=421,secondNumber=605}  written to file by thread pool-3-thread-4
 message  {Id=44213556-cca2-46f2-8a42-a3a9d5e8cf1c,FirstNumber=944,secondNumber=1787}  added by thread pool-3-thread-6
 message  {Id=44213556-cca2-46f2-8a42-a3a9d5e8cf1c,FirstNumber=944,secondNumber=1787}  written to file by thread pool-3-thread-2
 message  {Id=bcce206a-a9db-4405-bddc-e5da7f4ceedb,FirstNumber=266,secondNumber=1570}  added by thread pool-3-thread-6
 message  {Id=bcce206a-a9db-4405-bddc-e5da7f4ceedb,FirstNumber=266,secondNumber=1570}  written to file by thread pool-3-thread-1
 message  {Id=d3f3b182-dcf7-4363-9c17-066f7d93c914,FirstNumber=611,secondNumber=1359}  added by thread pool-3-thread-6
 message  {Id=45eacfca-ae6a-4fca-b596-22cd7d65be3d,FirstNumber=244,secondNumber=1993}  added by thread pool-3-thread-6
 message  {Id=d3f3b182-dcf7-4363-9c17-066f7d93c914,FirstNumber=611,secondNumber=1359}  written to file by thread pool-3-thread-5
 message  {Id=45eacfca-ae6a-4fca-b596-22cd7d65be3d,FirstNumber=244,secondNumber=1993}  written to file by thread pool-3-thread-3
 message  {Id=330fc414-35f6-4d31-9253-a93c986ffb19,FirstNumber=18,secondNumber=1773}  added by thread pool-3-thread-6
 message  {Id=330fc414-35f6-4d31-9253-a93c986ffb19,FirstNumber=18,secondNumber=1773}  written to file by thread pool-3-thread-3
 message  {Id=805bbe1d-920f-4936-88d8-127dc328bffe,FirstNumber=524,secondNumber=1647}  added by thread pool-3-thread-6
 message  {Id=805bbe1d-920f-4936-88d8-127dc328bffe,FirstNumber=524,secondNumber=1647}  written to file by thread pool-3-thread-2
 message  {Id=f9c7fb07-e735-4e9a-80a4-ded2774cc594,FirstNumber=263,secondNumber=94}  added by thread pool-3-thread-6
 message  {Id=f9c7fb07-e735-4e9a-80a4-ded2774cc594,FirstNumber=263,secondNumber=94}  written to file by thread pool-3-thread-1
 message  {Id=eb55a36e-3db8-4b0a-b125-013c6142d3f7,FirstNumber=576,secondNumber=1220}  added by thread pool-3-thread-6
 message  {Id=eb55a36e-3db8-4b0a-b125-013c6142d3f7,FirstNumber=576,secondNumber=1220}  written to file by thread pool-3-thread-1
 message  {Id=badc2427-ef6d-4b2a-b194-96dc7cf38a67,FirstNumber=205,secondNumber=1507}  added by thread pool-3-thread-6
 message  {Id=badc2427-ef6d-4b2a-b194-96dc7cf38a67,FirstNumber=205,secondNumber=1507}  written to file by thread pool-3-thread-1
 message  {Id=34ec472b-8480-4014-ac4f-e7e95734c5b3,FirstNumber=978,secondNumber=1869}  added by thread pool-3-thread-6
 message  {Id=34ec472b-8480-4014-ac4f-e7e95734c5b3,FirstNumber=978,secondNumber=1869}  written to file by thread pool-3-thread-3
 message  {Id=47a838f5-d5f6-4925-af02-5479d06c8886,FirstNumber=698,secondNumber=124}  added by thread pool-3-thread-6
 message  {Id=47a838f5-d5f6-4925-af02-5479d06c8886,FirstNumber=698,secondNumber=124}  written to file by thread pool-3-thread-2
 message  {Id=627889f6-7362-40fd-ba9c-38dcc6a58762,FirstNumber=95,secondNumber=23}  added by thread pool-3-thread-6
 message  {Id=beecbe0d-bfff-4445-a7ca-a97abaa98ed7,FirstNumber=14,secondNumber=778}  added by thread pool-3-thread-6
 message  {Id=627889f6-7362-40fd-ba9c-38dcc6a58762,FirstNumber=95,secondNumber=23}  written to file by thread pool-3-thread-5
 message  {Id=beecbe0d-bfff-4445-a7ca-a97abaa98ed7,FirstNumber=14,secondNumber=778}  written to file by thread pool-3-thread-4
 message  {Id=3134973f-28df-4e34-89c7-aa9df42fa69e,FirstNumber=156,secondNumber=1250}  added by thread pool-3-thread-6
 message  {Id=3134973f-28df-4e34-89c7-aa9df42fa69e,FirstNumber=156,secondNumber=1250}  written to file by thread pool-3-thread-1
 message  {Id=d0115c77-a399-42fe-9d3b-b29ce625c186,FirstNumber=933,secondNumber=608}  added by thread pool-3-thread-6
 message  {Id=d0115c77-a399-42fe-9d3b-b29ce625c186,FirstNumber=933,secondNumber=608}  written to file by thread pool-3-thread-3
 message  {Id=7e1e3161-aa1e-44be-b27d-38e4b447e98b,FirstNumber=826,secondNumber=388}  added by thread pool-3-thread-6
 message  {Id=7e1e3161-aa1e-44be-b27d-38e4b447e98b,FirstNumber=826,secondNumber=388}  written to file by thread pool-3-thread-2
 message  {Id=af162018-2bb0-48ca-afe0-a23e5aa2b2a0,FirstNumber=462,secondNumber=0}  added by thread pool-3-thread-6
 message  {Id=af162018-2bb0-48ca-afe0-a23e5aa2b2a0,FirstNumber=462,secondNumber=0}  written to file by thread pool-3-thread-5
 message  {Id=ccbdf1fa-bda5-4a9a-ab5c-100de232386c,FirstNumber=734,secondNumber=985}  added by thread pool-3-thread-6
 message  {Id=ccbdf1fa-bda5-4a9a-ab5c-100de232386c,FirstNumber=734,secondNumber=985}  written to file by thread pool-3-thread-4
 message  {Id=ffeb6abc-017f-4906-826b-df0611e8a8cc,FirstNumber=965,secondNumber=793}  added by thread pool-3-thread-6
 message  {Id=ffeb6abc-017f-4906-826b-df0611e8a8cc,FirstNumber=965,secondNumber=793}  written to file by thread pool-3-thread-1
 message  {Id=0bedaa33-555b-4263-bb32-a97bc3fbce11,FirstNumber=950,secondNumber=805}  added by thread pool-3-thread-6
 message  {Id=0bedaa33-555b-4263-bb32-a97bc3fbce11,FirstNumber=950,secondNumber=805}  written to file by thread pool-3-thread-1
 message  {Id=213a5a9f-37c8-48fb-9ca4-54292638361f,FirstNumber=281,secondNumber=1733}  added by thread pool-3-thread-6
 message  {Id=213a5a9f-37c8-48fb-9ca4-54292638361f,FirstNumber=281,secondNumber=1733}  written to file by thread pool-3-thread-2
 message  {Id=3b4721a5-74c5-43ca-83d9-d480ed687d8c,FirstNumber=768,secondNumber=1072}  added by thread pool-3-thread-6
 message  {Id=3b4721a5-74c5-43ca-83d9-d480ed687d8c,FirstNumber=768,secondNumber=1072}  written to file by thread pool-3-thread-5
 message  {Id=d7958a52-64f5-4d04-a780-269890c8d431,FirstNumber=535,secondNumber=540}  added by thread pool-3-thread-6
 message  {Id=d7958a52-64f5-4d04-a780-269890c8d431,FirstNumber=535,secondNumber=540}  written to file by thread pool-3-thread-4
 message  {Id=3a664654-1578-45ee-8f52-15f43c732d5a,FirstNumber=427,secondNumber=572}  added by thread pool-3-thread-6
 message  {Id=3a664654-1578-45ee-8f52-15f43c732d5a,FirstNumber=427,secondNumber=572}  written to file by thread pool-3-thread-4
 message  {Id=ca2cc217-f45d-41d0-8f55-287267e35703,FirstNumber=539,secondNumber=1326}  added by thread pool-3-thread-6
 message  {Id=ca2cc217-f45d-41d0-8f55-287267e35703,FirstNumber=539,secondNumber=1326}  written to file by thread pool-3-thread-1
 message  {Id=3b7adf54-f17f-47d5-a9be-17bbf169c883,FirstNumber=595,secondNumber=1688}  added by thread pool-3-thread-6
 message  {Id=3b7adf54-f17f-47d5-a9be-17bbf169c883,FirstNumber=595,secondNumber=1688}  written to file by thread pool-3-thread-2
 message  {Id=2cc8626d-ac82-466f-a05b-d369c5953065,FirstNumber=159,secondNumber=1729}  added by thread pool-3-thread-6
 message  {Id=2cc8626d-ac82-466f-a05b-d369c5953065,FirstNumber=159,secondNumber=1729}  written to file by thread pool-3-thread-5
 message  {Id=387b0adb-0e65-482b-b4a3-de264b1fb409,FirstNumber=526,secondNumber=849}  added by thread pool-3-thread-6
 message  {Id=387b0adb-0e65-482b-b4a3-de264b1fb409,FirstNumber=526,secondNumber=849}  written to file by thread pool-3-thread-3
 message  {Id=c05b7b18-f9ec-469c-afe0-7598f92ac4f0,FirstNumber=626,secondNumber=548}  added by thread pool-3-thread-6
 message  {Id=c05b7b18-f9ec-469c-afe0-7598f92ac4f0,FirstNumber=626,secondNumber=548}  written to file by thread pool-3-thread-3
 message  {Id=4ea7173c-3bf3-498d-a55f-2ad9a7456934,FirstNumber=624,secondNumber=470}  added by thread pool-3-thread-6
 message  {Id=4ea7173c-3bf3-498d-a55f-2ad9a7456934,FirstNumber=624,secondNumber=470}  written to file by thread pool-3-thread-1
 message  {Id=c4970fdf-2bfb-4c7b-bfd8-840567f01081,FirstNumber=448,secondNumber=1631}  added by thread pool-3-thread-6
 message  {Id=c4970fdf-2bfb-4c7b-bfd8-840567f01081,FirstNumber=448,secondNumber=1631}  written to file by thread pool-3-thread-2
 message  {Id=53311ab8-c31a-4a66-b2c9-141506533d92,FirstNumber=711,secondNumber=483}  added by thread pool-3-thread-6
 message  {Id=53311ab8-c31a-4a66-b2c9-141506533d92,FirstNumber=711,secondNumber=483}  written to file by thread pool-3-thread-5
 message  {Id=dbc47421-80a9-47a4-9bd7-f60891d6aefe,FirstNumber=814,secondNumber=228}  added by thread pool-3-thread-6
 message  {Id=dbc47421-80a9-47a4-9bd7-f60891d6aefe,FirstNumber=814,secondNumber=228}  written to file by thread pool-3-thread-4
 message  {Id=a982fe4f-2d4d-49ca-8cdd-e92babc922ad,FirstNumber=49,secondNumber=89}  added by thread pool-3-thread-6
 message  {Id=a982fe4f-2d4d-49ca-8cdd-e92babc922ad,FirstNumber=49,secondNumber=89}  written to file by thread pool-3-thread-3
 message  {Id=c62cbb68-d9c7-42f1-a1e3-2fe75760ed8a,FirstNumber=483,secondNumber=517}  added by thread pool-3-thread-6
 message  {Id=c62cbb68-d9c7-42f1-a1e3-2fe75760ed8a,FirstNumber=483,secondNumber=517}  written to file by thread pool-3-thread-1
 message  {Id=2cd59019-68b9-4ba0-96bf-a6bc4a97fe0b,FirstNumber=685,secondNumber=1993}  added by thread pool-3-thread-6
 message  {Id=2cd59019-68b9-4ba0-96bf-a6bc4a97fe0b,FirstNumber=685,secondNumber=1993}  written to file by thread pool-3-thread-2
 message  {Id=8d019aba-5e05-4471-8518-bd224e6af2a3,FirstNumber=66,secondNumber=684}  added by thread pool-3-thread-6
 message  {Id=8d019aba-5e05-4471-8518-bd224e6af2a3,FirstNumber=66,secondNumber=684}  written to file by thread pool-3-thread-5
 message  {Id=d2f5929d-3c2a-4565-85f2-73ac13e04a59,FirstNumber=526,secondNumber=236}  added by thread pool-3-thread-6
 message  {Id=d2f5929d-3c2a-4565-85f2-73ac13e04a59,FirstNumber=526,secondNumber=236}  written to file by thread pool-3-thread-4
 message  {Id=b4244cde-fc9a-4247-805d-cfe809eaf92a,FirstNumber=136,secondNumber=1375}  added by thread pool-3-thread-6
 message  {Id=b4244cde-fc9a-4247-805d-cfe809eaf92a,FirstNumber=136,secondNumber=1375}  written to file by thread pool-3-thread-3
 message  {Id=b4642fca-004e-4034-83e0-1bd84addb050,FirstNumber=608,secondNumber=1884}  added by thread pool-3-thread-6
 message  {Id=b4642fca-004e-4034-83e0-1bd84addb050,FirstNumber=608,secondNumber=1884}  written to file by thread pool-3-thread-3
 message  {Id=955f7c3a-9604-4e3e-90fc-6af98fe6a93d,FirstNumber=551,secondNumber=367}  added by thread pool-3-thread-6
 message  {Id=955f7c3a-9604-4e3e-90fc-6af98fe6a93d,FirstNumber=551,secondNumber=367}  written to file by thread pool-3-thread-2
 message  {Id=8c84e119-2660-4c2a-b0b0-2d6feb634eae,FirstNumber=621,secondNumber=356}  added by thread pool-3-thread-6
 message  {Id=8c84e119-2660-4c2a-b0b0-2d6feb634eae,FirstNumber=621,secondNumber=356}  written to file by thread pool-3-thread-5
 message  {Id=346d62c6-d022-4fa1-bb26-34c884d7af80,FirstNumber=387,secondNumber=1698}  added by thread pool-3-thread-6
 message  {Id=346d62c6-d022-4fa1-bb26-34c884d7af80,FirstNumber=387,secondNumber=1698}  written to file by thread pool-3-thread-4
 message  {Id=6f839d29-1d92-412a-af5f-77b0ec1832a0,FirstNumber=997,secondNumber=1949}  added by thread pool-3-thread-6
 message  {Id=6f839d29-1d92-412a-af5f-77b0ec1832a0,FirstNumber=997,secondNumber=1949}  written to file by thread pool-3-thread-4
 message  {Id=c973b139-8040-406b-8d99-27fa7977018a,FirstNumber=463,secondNumber=735}  added by thread pool-3-thread-6
 message  {Id=c973b139-8040-406b-8d99-27fa7977018a,FirstNumber=463,secondNumber=735}  written to file by thread pool-3-thread-3
 message  {Id=f698fd3e-4ae8-4448-9db0-926fd0b2d994,FirstNumber=505,secondNumber=1712}  added by thread pool-3-thread-6
 message  {Id=f698fd3e-4ae8-4448-9db0-926fd0b2d994,FirstNumber=505,secondNumber=1712}  written to file by thread pool-3-thread-2
 message  {Id=89c4619a-90a1-45e8-9107-0aaf4b05023f,FirstNumber=193,secondNumber=391}  added by thread pool-3-thread-6
 message  {Id=89c4619a-90a1-45e8-9107-0aaf4b05023f,FirstNumber=193,secondNumber=391}  written to file by thread pool-3-thread-2
 message  {Id=10e96472-6c65-4db2-b8d3-900d0fb1c3c0,FirstNumber=551,secondNumber=1322}  added by thread pool-3-thread-6
 message  {Id=d1a77ba1-cd95-4929-ace3-3f8e2ba4f70c,FirstNumber=216,secondNumber=801}  added by thread pool-3-thread-6
 message  {Id=10e96472-6c65-4db2-b8d3-900d0fb1c3c0,FirstNumber=551,secondNumber=1322}  written to file by thread pool-3-thread-5
 message  {Id=d1a77ba1-cd95-4929-ace3-3f8e2ba4f70c,FirstNumber=216,secondNumber=801}  written to file by thread pool-3-thread-1
 message  {Id=eef9ef19-9c3c-4582-a6ef-d774b1d6da7b,FirstNumber=552,secondNumber=1930}  added by thread pool-3-thread-6
 message  {Id=eef9ef19-9c3c-4582-a6ef-d774b1d6da7b,FirstNumber=552,secondNumber=1930}  written to file by thread pool-3-thread-1
 message  {Id=31185bce-14b0-4d82-9b52-df2b1bce9164,FirstNumber=827,secondNumber=1490}  added by thread pool-3-thread-6
 message  {Id=31185bce-14b0-4d82-9b52-df2b1bce9164,FirstNumber=827,secondNumber=1490}  written to file by thread pool-3-thread-1
 message  {Id=6c89ea54-2c2e-46c6-af56-5cf2b137768e,FirstNumber=831,secondNumber=699}  added by thread pool-3-thread-6
 message  {Id=6c89ea54-2c2e-46c6-af56-5cf2b137768e,FirstNumber=831,secondNumber=699}  written to file by thread pool-3-thread-2
 message  {Id=aa8b0e39-d2a4-49b9-917f-936f1e0af38a,FirstNumber=345,secondNumber=673}  added by thread pool-3-thread-6
 message  {Id=aa8b0e39-d2a4-49b9-917f-936f1e0af38a,FirstNumber=345,secondNumber=673}  written to file by thread pool-3-thread-2
 message  {Id=88908674-522d-42b7-9c71-c4c0b814a283,FirstNumber=540,secondNumber=710}  added by thread pool-3-thread-6
 message  {Id=88908674-522d-42b7-9c71-c4c0b814a283,FirstNumber=540,secondNumber=710}  written to file by thread pool-3-thread-1
 message  {Id=16efcf59-c9f3-41bf-9dd9-eef5fd9dae08,FirstNumber=36,secondNumber=1041}  added by thread pool-3-thread-6
 message  {Id=16efcf59-c9f3-41bf-9dd9-eef5fd9dae08,FirstNumber=36,secondNumber=1041}  written to file by thread pool-3-thread-1
 message  {Id=c65d8855-4bcc-4075-b447-11eaa1db6199,FirstNumber=816,secondNumber=1116}  added by thread pool-3-thread-6
 message  {Id=c65d8855-4bcc-4075-b447-11eaa1db6199,FirstNumber=816,secondNumber=1116}  written to file by thread pool-3-thread-4
 message  {Id=2a40b33e-19aa-4039-8c40-161c46d0931c,FirstNumber=950,secondNumber=589}  added by thread pool-3-thread-6
 message  {Id=2a40b33e-19aa-4039-8c40-161c46d0931c,FirstNumber=950,secondNumber=589}  written to file by thread pool-3-thread-5
 message  {Id=541406a5-0e6b-4766-be09-c0c94d30ab51,FirstNumber=111,secondNumber=1336}  added by thread pool-3-thread-6
 message  {Id=884db731-ae7d-4ff2-8924-a9feac5e317e,FirstNumber=465,secondNumber=1051}  added by thread pool-3-thread-6
 message  {Id=541406a5-0e6b-4766-be09-c0c94d30ab51,FirstNumber=111,secondNumber=1336}  written to file by thread pool-3-thread-5
 message  {Id=884db731-ae7d-4ff2-8924-a9feac5e317e,FirstNumber=465,secondNumber=1051}  written to file by thread pool-3-thread-3
 message  {Id=b1017136-7497-49cf-a8f3-82534c1ee97b,FirstNumber=936,secondNumber=1265}  added by thread pool-3-thread-6
 message  {Id=b1017136-7497-49cf-a8f3-82534c1ee97b,FirstNumber=936,secondNumber=1265}  written to file by thread pool-3-thread-1
 message  {Id=81d884dc-1458-40e6-953d-5beb1e051a8a,FirstNumber=773,secondNumber=1076}  added by thread pool-3-thread-6
 message  {Id=81d884dc-1458-40e6-953d-5beb1e051a8a,FirstNumber=773,secondNumber=1076}  written to file by thread pool-3-thread-4
 message  {Id=ccfffa2c-64e6-4f8b-a1df-a99f81ab7e3b,FirstNumber=85,secondNumber=200}  added by thread pool-3-thread-6
 message  {Id=ccfffa2c-64e6-4f8b-a1df-a99f81ab7e3b,FirstNumber=85,secondNumber=200}  written to file by thread pool-3-thread-4
 message  {Id=1e640093-4d2a-47c7-afb7-c3ccd6d59ec4,FirstNumber=76,secondNumber=74}  added by thread pool-3-thread-6
 message  {Id=1e640093-4d2a-47c7-afb7-c3ccd6d59ec4,FirstNumber=76,secondNumber=74}  written to file by thread pool-3-thread-5
 message  {Id=274df589-0e7b-4d68-b883-1e56d779f6f6,FirstNumber=749,secondNumber=187}  added by thread pool-3-thread-6
 message  {Id=274df589-0e7b-4d68-b883-1e56d779f6f6,FirstNumber=749,secondNumber=187}  written to file by thread pool-3-thread-3
 message  {Id=06b4e7ad-5e85-4d8b-876e-132c9d1c15e4,FirstNumber=558,secondNumber=646}  added by thread pool-3-thread-6
 message  {Id=06b4e7ad-5e85-4d8b-876e-132c9d1c15e4,FirstNumber=558,secondNumber=646}  written to file by thread pool-3-thread-1
 message  {Id=02dfcede-a47a-4b47-bc62-82a8f7afbd1f,FirstNumber=29,secondNumber=1697}  added by thread pool-3-thread-6
 message  {Id=02dfcede-a47a-4b47-bc62-82a8f7afbd1f,FirstNumber=29,secondNumber=1697}  written to file by thread pool-3-thread-2
 message  {Id=c5db3978-773f-4b1f-b50d-a4c3860daf72,FirstNumber=417,secondNumber=617}  added by thread pool-3-thread-6
 message  {Id=c5db3978-773f-4b1f-b50d-a4c3860daf72,FirstNumber=417,secondNumber=617}  written to file by thread pool-3-thread-4
 message  {Id=b5b5efa6-bd70-43f2-ac1d-278890dd124c,FirstNumber=172,secondNumber=257}  added by thread pool-3-thread-6
 message  {Id=d5075165-12f8-4db0-80d7-50f14a886e8d,FirstNumber=798,secondNumber=1988}  added by thread pool-3-thread-6
 message  {Id=b5b5efa6-bd70-43f2-ac1d-278890dd124c,FirstNumber=172,secondNumber=257}  written to file by thread pool-3-thread-5
 message  {Id=d5075165-12f8-4db0-80d7-50f14a886e8d,FirstNumber=798,secondNumber=1988}  written to file by thread pool-3-thread-3
 message  {Id=fcad879b-bdc0-411b-810c-8f39f6ff29fc,FirstNumber=609,secondNumber=446}  added by thread pool-3-thread-6
 message  {Id=fcad879b-bdc0-411b-810c-8f39f6ff29fc,FirstNumber=609,secondNumber=446}  written to file by thread pool-3-thread-1
 message  {Id=cd75a169-35f8-4e9f-8758-da907ee44263,FirstNumber=517,secondNumber=957}  added by thread pool-3-thread-6
 message  {Id=cd75a169-35f8-4e9f-8758-da907ee44263,FirstNumber=517,secondNumber=957}  written to file by thread pool-3-thread-2
 message  {Id=516f1335-7966-4c75-ad6b-12ceb6a4ed14,FirstNumber=783,secondNumber=642}  added by thread pool-3-thread-6
 message  {Id=516f1335-7966-4c75-ad6b-12ceb6a4ed14,FirstNumber=783,secondNumber=642}  written to file by thread pool-3-thread-4
 message  {Id=c17c0348-f294-4073-a9c2-231fa86d3557,FirstNumber=793,secondNumber=137}  added by thread pool-3-thread-6
 message  {Id=c17c0348-f294-4073-a9c2-231fa86d3557,FirstNumber=793,secondNumber=137}  written to file by thread pool-3-thread-4
 message  {Id=d0176cbe-c6bb-4306-8ddd-9e031aa03c1b,FirstNumber=152,secondNumber=64}  added by thread pool-3-thread-6
 message  {Id=d0176cbe-c6bb-4306-8ddd-9e031aa03c1b,FirstNumber=152,secondNumber=64}  written to file by thread pool-3-thread-3
 message  {Id=a4eef49d-4e66-47b5-9b74-958375aa2cfa,FirstNumber=44,secondNumber=1293}  added by thread pool-3-thread-6
 message  {Id=a4eef49d-4e66-47b5-9b74-958375aa2cfa,FirstNumber=44,secondNumber=1293}  written to file by thread pool-3-thread-3
 message  {Id=b75dcd9d-f773-4ace-990f-49ff75ab7867,FirstNumber=65,secondNumber=1585}  added by thread pool-3-thread-6
 message  {Id=b75dcd9d-f773-4ace-990f-49ff75ab7867,FirstNumber=65,secondNumber=1585}  written to file by thread pool-3-thread-2
 message  {Id=c31b660c-f9f8-4383-b99c-654c6133cda5,FirstNumber=374,secondNumber=1153}  added by thread pool-3-thread-6
 message  {Id=c31b660c-f9f8-4383-b99c-654c6133cda5,FirstNumber=374,secondNumber=1153}  written to file by thread pool-3-thread-5
 message  {Id=b204e3f8-22f0-4e1a-a3f4-85be89f0ecee,FirstNumber=58,secondNumber=1550}  added by thread pool-3-thread-6
 message  {Id=b204e3f8-22f0-4e1a-a3f4-85be89f0ecee,FirstNumber=58,secondNumber=1550}  written to file by thread pool-3-thread-4
 message  {Id=1df3bff6-7fd5-4750-baab-3250a856936e,FirstNumber=872,secondNumber=1958}  added by thread pool-3-thread-6
 message  {Id=1df3bff6-7fd5-4750-baab-3250a856936e,FirstNumber=872,secondNumber=1958}  written to file by thread pool-3-thread-1
 message  {Id=d1695e9d-40c8-45d7-8e14-36f221f15caa,FirstNumber=637,secondNumber=437}  added by thread pool-3-thread-6
 message  {Id=d1695e9d-40c8-45d7-8e14-36f221f15caa,FirstNumber=637,secondNumber=437}  written to file by thread pool-3-thread-3
 message  {Id=166a5ffe-ca75-4910-af80-3b20bc06adab,FirstNumber=132,secondNumber=1633}  added by thread pool-3-thread-6
 message  {Id=166a5ffe-ca75-4910-af80-3b20bc06adab,FirstNumber=132,secondNumber=1633}  written to file by thread pool-3-thread-3
 message  {Id=f1ec987c-a85b-459d-8025-9e3656e814e8,FirstNumber=232,secondNumber=1807}  added by thread pool-3-thread-6
 message  {Id=f1ec987c-a85b-459d-8025-9e3656e814e8,FirstNumber=232,secondNumber=1807}  written to file by thread pool-3-thread-5
 message  {Id=baee7675-ed04-4a6e-91d1-73e2db166588,FirstNumber=233,secondNumber=1002}  added by thread pool-3-thread-6
 message  {Id=baee7675-ed04-4a6e-91d1-73e2db166588,FirstNumber=233,secondNumber=1002}  written to file by thread pool-3-thread-4
 message  {Id=8ad6b12e-e881-4fae-bb9e-4f8886ae270c,FirstNumber=776,secondNumber=1923}  added by thread pool-3-thread-6
 message  {Id=8ad6b12e-e881-4fae-bb9e-4f8886ae270c,FirstNumber=776,secondNumber=1923}  written to file by thread pool-3-thread-4
 message  {Id=b26755fc-607a-4603-b966-5afde05a8566,FirstNumber=220,secondNumber=1482}  added by thread pool-3-thread-6
 message  {Id=b26755fc-607a-4603-b966-5afde05a8566,FirstNumber=220,secondNumber=1482}  written to file by thread pool-3-thread-2
 message  {Id=7c73af59-1e38-4361-a05b-042714a9f6a1,FirstNumber=261,secondNumber=52}  added by thread pool-3-thread-6
 message  {Id=7c73af59-1e38-4361-a05b-042714a9f6a1,FirstNumber=261,secondNumber=52}  written to file by thread pool-3-thread-3
 message  {Id=aad96e89-de33-40fe-af16-450c9927b490,FirstNumber=525,secondNumber=1339}  added by thread pool-3-thread-6
 message  {Id=aad96e89-de33-40fe-af16-450c9927b490,FirstNumber=525,secondNumber=1339}  written to file by thread pool-3-thread-5
 message  {Id=9f6465eb-96ba-49ae-88ca-5016c12a9399,FirstNumber=191,secondNumber=182}  added by thread pool-3-thread-6
 message  {Id=9f6465eb-96ba-49ae-88ca-5016c12a9399,FirstNumber=191,secondNumber=182}  written to file by thread pool-3-thread-1
 message  {Id=73b2f6d0-dceb-46c0-bbd8-a350e7377563,FirstNumber=543,secondNumber=1590}  added by thread pool-3-thread-6
 message  {Id=73b2f6d0-dceb-46c0-bbd8-a350e7377563,FirstNumber=543,secondNumber=1590}  written to file by thread pool-3-thread-4
 message  {Id=84e65ad6-8503-4312-9a76-3bf8432c6d39,FirstNumber=165,secondNumber=1484}  added by thread pool-3-thread-6
 message  {Id=84e65ad6-8503-4312-9a76-3bf8432c6d39,FirstNumber=165,secondNumber=1484}  written to file by thread pool-3-thread-4
 message  {Id=82498d56-d388-4c02-b1e8-6d46827349a1,FirstNumber=284,secondNumber=1773}  added by thread pool-3-thread-6
 message  {Id=82498d56-d388-4c02-b1e8-6d46827349a1,FirstNumber=284,secondNumber=1773}  written to file by thread pool-3-thread-3
 message  {Id=1e9f1ae5-bc28-4a88-b142-efaa5e5d3bed,FirstNumber=141,secondNumber=715}  added by thread pool-3-thread-6
 message  {Id=db5edc6f-f84f-4ee9-be1e-1a293cc4e67e,FirstNumber=827,secondNumber=27}  added by thread pool-3-thread-6
 message  {Id=1e9f1ae5-bc28-4a88-b142-efaa5e5d3bed,FirstNumber=141,secondNumber=715}  written to file by thread pool-3-thread-5
 message  {Id=db5edc6f-f84f-4ee9-be1e-1a293cc4e67e,FirstNumber=827,secondNumber=27}  written to file by thread pool-3-thread-1
 message  {Id=2e89c36e-70a5-417c-a8ff-c990fcc9519e,FirstNumber=751,secondNumber=1234}  added by thread pool-3-thread-6
 message  {Id=2e89c36e-70a5-417c-a8ff-c990fcc9519e,FirstNumber=751,secondNumber=1234}  written to file by thread pool-3-thread-1
 message  {Id=83912b3e-2047-40d4-83de-d4488a7e57c5,FirstNumber=189,secondNumber=1583}  added by thread pool-3-thread-6
 message  {Id=83912b3e-2047-40d4-83de-d4488a7e57c5,FirstNumber=189,secondNumber=1583}  written to file by thread pool-3-thread-1
 message  {Id=1eea6c5d-64f6-40aa-bddd-8dd77c55c830,FirstNumber=813,secondNumber=337}  added by thread pool-3-thread-6
 message  {Id=1eea6c5d-64f6-40aa-bddd-8dd77c55c830,FirstNumber=813,secondNumber=337}  written to file by thread pool-3-thread-3
 message  {Id=72de6a9c-1a96-4e45-b963-0c9eb20dce8e,FirstNumber=157,secondNumber=646}  added by thread pool-3-thread-6
 message  {Id=72de6a9c-1a96-4e45-b963-0c9eb20dce8e,FirstNumber=157,secondNumber=646}  written to file by thread pool-3-thread-3
 message  {Id=1753c294-3b59-4570-a5aa-103021187167,FirstNumber=367,secondNumber=1137}  added by thread pool-3-thread-6
 message  {Id=1753c294-3b59-4570-a5aa-103021187167,FirstNumber=367,secondNumber=1137}  written to file by thread pool-3-thread-2
 message  {Id=431d59a3-6441-4932-8e46-1cd4220e8fbc,FirstNumber=640,secondNumber=1523}  added by thread pool-3-thread-6
 message  {Id=431d59a3-6441-4932-8e46-1cd4220e8fbc,FirstNumber=640,secondNumber=1523}  written to file by thread pool-3-thread-4
 message  {Id=0b8ac0b2-7a4e-47d5-a12e-e6eea8da1b98,FirstNumber=883,secondNumber=1265}  added by thread pool-3-thread-6
 message  {Id=0b8ac0b2-7a4e-47d5-a12e-e6eea8da1b98,FirstNumber=883,secondNumber=1265}  written to file by thread pool-3-thread-4
 message  {Id=56e244be-7fbb-48e1-91a9-d32c9a6f1615,FirstNumber=682,secondNumber=494}  added by thread pool-3-thread-6
 message  {Id=56e244be-7fbb-48e1-91a9-d32c9a6f1615,FirstNumber=682,secondNumber=494}  written to file by thread pool-3-thread-4
 message  {Id=bc0030ac-8cb0-4a66-abc0-58abeb043d0c,FirstNumber=588,secondNumber=328}  added by thread pool-3-thread-6
 message  {Id=bc0030ac-8cb0-4a66-abc0-58abeb043d0c,FirstNumber=588,secondNumber=328}  written to file by thread pool-3-thread-3
 message  {Id=2aa5067c-2c76-45ae-b4b5-e6ca1b23e6ab,FirstNumber=149,secondNumber=988}  added by thread pool-3-thread-6
 message  {Id=2aa5067c-2c76-45ae-b4b5-e6ca1b23e6ab,FirstNumber=149,secondNumber=988}  written to file by thread pool-3-thread-3
 message  {Id=64f9d387-de74-48d5-8744-2538339c775c,FirstNumber=384,secondNumber=213}  added by thread pool-3-thread-6
 message  {Id=64f9d387-de74-48d5-8744-2538339c775c,FirstNumber=384,secondNumber=213}  written to file by thread pool-3-thread-3
 message  {Id=50aaa07f-8ecd-4d27-9e5a-f7f45ea4ad0b,FirstNumber=301,secondNumber=1669}  added by thread pool-3-thread-6
 message  {Id=50aaa07f-8ecd-4d27-9e5a-f7f45ea4ad0b,FirstNumber=301,secondNumber=1669}  written to file by thread pool-3-thread-3
 message  {Id=040db716-16e1-4e9c-bf8c-d8cc9693995a,FirstNumber=98,secondNumber=1399}  added by thread pool-3-thread-6
 message  {Id=040db716-16e1-4e9c-bf8c-d8cc9693995a,FirstNumber=98,secondNumber=1399}  written to file by thread pool-3-thread-4
 message  {Id=a0255320-95e3-41d4-9bfe-ca37d1b8b93d,FirstNumber=955,secondNumber=211}  added by thread pool-3-thread-6
 message  {Id=a0255320-95e3-41d4-9bfe-ca37d1b8b93d,FirstNumber=955,secondNumber=211}  written to file by thread pool-3-thread-4
 message  {Id=b6671d79-049f-49ef-9bbf-69ea16649dec,FirstNumber=334,secondNumber=471}  added by thread pool-3-thread-6
 message  {Id=b6671d79-049f-49ef-9bbf-69ea16649dec,FirstNumber=334,secondNumber=471}  written to file by thread pool-3-thread-1
 message  {Id=ffc811dc-3b06-4b4f-b273-b78b366d709d,FirstNumber=575,secondNumber=1144}  added by thread pool-3-thread-6
 message  {Id=ffc811dc-3b06-4b4f-b273-b78b366d709d,FirstNumber=575,secondNumber=1144}  written to file by thread pool-3-thread-1
 message  {Id=6f195f09-4e68-4536-a187-114359537775,FirstNumber=143,secondNumber=460}  added by thread pool-3-thread-6
 message  {Id=6f195f09-4e68-4536-a187-114359537775,FirstNumber=143,secondNumber=460}  written to file by thread pool-3-thread-3
 message  {Id=b1f7c8bd-eee2-4eec-9a64-ef8656bc9c0f,FirstNumber=376,secondNumber=1102}  added by thread pool-3-thread-6
 message  {Id=b1f7c8bd-eee2-4eec-9a64-ef8656bc9c0f,FirstNumber=376,secondNumber=1102}  written to file by thread pool-3-thread-2
 message  {Id=34bb7c85-f7fe-4c73-9d75-1074421a7e5f,FirstNumber=965,secondNumber=1157}  added by thread pool-3-thread-6
 message  {Id=34bb7c85-f7fe-4c73-9d75-1074421a7e5f,FirstNumber=965,secondNumber=1157}  written to file by thread pool-3-thread-4
 message  {Id=59817169-c9a2-4ecb-be16-0b0aba10e948,FirstNumber=25,secondNumber=1761}  added by thread pool-3-thread-6
 message  {Id=ae3ae2d8-daa5-4bf0-96fa-36b84566afad,FirstNumber=132,secondNumber=321}  added by thread pool-3-thread-6
 message  {Id=59817169-c9a2-4ecb-be16-0b0aba10e948,FirstNumber=25,secondNumber=1761}  written to file by thread pool-3-thread-5
 message  {Id=ae3ae2d8-daa5-4bf0-96fa-36b84566afad,FirstNumber=132,secondNumber=321}  written to file by thread pool-3-thread-1
 message  {Id=6a059df5-3e8a-4464-9110-a2229eb5bccf,FirstNumber=534,secondNumber=1992}  added by thread pool-3-thread-6
 message  {Id=6a059df5-3e8a-4464-9110-a2229eb5bccf,FirstNumber=534,secondNumber=1992}  written to file by thread pool-3-thread-1
 message  {Id=7854da2e-9bcb-4ecb-bb17-b2589aa1bc28,FirstNumber=708,secondNumber=1881}  added by thread pool-3-thread-6
 message  {Id=7854da2e-9bcb-4ecb-bb17-b2589aa1bc28,FirstNumber=708,secondNumber=1881}  written to file by thread pool-3-thread-2
 message  {Id=fe802de5-a635-4e12-ad18-766bbfeedd4b,FirstNumber=217,secondNumber=1652}  added by thread pool-3-thread-6
 message  {Id=fe802de5-a635-4e12-ad18-766bbfeedd4b,FirstNumber=217,secondNumber=1652}  written to file by thread pool-3-thread-2
 message  {Id=46c0cdcd-4047-427a-99df-99f4b0a7fa8c,FirstNumber=315,secondNumber=442}  added by thread pool-3-thread-6
 message  {Id=f780a350-f8aa-4f5b-94c9-860d48cb079b,FirstNumber=383,secondNumber=82}  added by thread pool-3-thread-6
 message  {Id=46c0cdcd-4047-427a-99df-99f4b0a7fa8c,FirstNumber=315,secondNumber=442}  written to file by thread pool-3-thread-5
 message  {Id=f780a350-f8aa-4f5b-94c9-860d48cb079b,FirstNumber=383,secondNumber=82}  written to file by thread pool-3-thread-3
 message  {Id=98c25d72-a6a3-4c51-a00a-9fa8d60911c8,FirstNumber=242,secondNumber=1996}  added by thread pool-3-thread-6
 message  {Id=98c25d72-a6a3-4c51-a00a-9fa8d60911c8,FirstNumber=242,secondNumber=1996}  written to file by thread pool-3-thread-1
 message  {Id=0b91977d-58ee-4280-893d-b255819c26ac,FirstNumber=419,secondNumber=478}  added by thread pool-3-thread-6
 message  {Id=0b91977d-58ee-4280-893d-b255819c26ac,FirstNumber=419,secondNumber=478}  written to file by thread pool-3-thread-1
 message  {Id=f813c5d6-316f-4727-b982-5c14f0da354c,FirstNumber=780,secondNumber=148}  added by thread pool-3-thread-6
 message  {Id=f813c5d6-316f-4727-b982-5c14f0da354c,FirstNumber=780,secondNumber=148}  written to file by thread pool-3-thread-2
 message  {Id=38982c20-31a5-4225-a03c-0c37146af1a1,FirstNumber=521,secondNumber=175}  added by thread pool-3-thread-6
 message  {Id=38982c20-31a5-4225-a03c-0c37146af1a1,FirstNumber=521,secondNumber=175}  written to file by thread pool-3-thread-2
 message  {Id=8b078052-6fd9-42f9-8f05-ef55d4190cf5,FirstNumber=4,secondNumber=105}  added by thread pool-3-thread-6
 message  {Id=8b078052-6fd9-42f9-8f05-ef55d4190cf5,FirstNumber=4,secondNumber=105}  written to file by thread pool-3-thread-3
 message  {Id=4b5022d7-5628-4f44-9f6a-36efda1d7f05,FirstNumber=277,secondNumber=1115}  added by thread pool-3-thread-6
 message  {Id=4b5022d7-5628-4f44-9f6a-36efda1d7f05,FirstNumber=277,secondNumber=1115}  written to file by thread pool-3-thread-3
 message  {Id=34406bef-93a9-4c70-b9ad-ec58a0830122,FirstNumber=745,secondNumber=1268}  added by thread pool-3-thread-6
 message  {Id=34406bef-93a9-4c70-b9ad-ec58a0830122,FirstNumber=745,secondNumber=1268}  written to file by thread pool-3-thread-1
 message  {Id=839dce62-5757-441c-9a64-08d0cc8086ae,FirstNumber=88,secondNumber=1870}  added by thread pool-3-thread-6
 message  {Id=839dce62-5757-441c-9a64-08d0cc8086ae,FirstNumber=88,secondNumber=1870}  written to file by thread pool-3-thread-1
 message  {Id=7d8f6262-8222-4d7f-985b-af635ecd4a32,FirstNumber=997,secondNumber=1554}  added by thread pool-3-thread-6
 message  {Id=7d8f6262-8222-4d7f-985b-af635ecd4a32,FirstNumber=997,secondNumber=1554}  written to file by thread pool-3-thread-2
 message  {Id=585d0c10-e55e-46a0-b4b4-bed58b72f583,FirstNumber=955,secondNumber=624}  added by thread pool-3-thread-6
 message  {Id=585d0c10-e55e-46a0-b4b4-bed58b72f583,FirstNumber=955,secondNumber=624}  written to file by thread pool-3-thread-4
 message  {Id=f9ff5d6b-3807-4bbe-999b-292ce42cad4e,FirstNumber=654,secondNumber=1282}  added by thread pool-3-thread-6
 message  {Id=f9ff5d6b-3807-4bbe-999b-292ce42cad4e,FirstNumber=654,secondNumber=1282}  written to file by thread pool-3-thread-4
 message  {Id=3dd86bb3-8eae-4c9c-86cf-466f3ec04481,FirstNumber=578,secondNumber=1610}  added by thread pool-3-thread-6
 message  {Id=3dd86bb3-8eae-4c9c-86cf-466f3ec04481,FirstNumber=578,secondNumber=1610}  written to file by thread pool-3-thread-4
 message  {Id=6232013c-95d9-47d5-93ef-319fd98cb2bc,FirstNumber=205,secondNumber=978}  added by thread pool-3-thread-6
 message  {Id=6232013c-95d9-47d5-93ef-319fd98cb2bc,FirstNumber=205,secondNumber=978}  written to file by thread pool-3-thread-1
 message  {Id=3b140d57-9700-4584-999a-ce3546fcbe89,FirstNumber=963,secondNumber=1778}  added by thread pool-3-thread-6
 message  {Id=3b140d57-9700-4584-999a-ce3546fcbe89,FirstNumber=963,secondNumber=1778}  written to file by thread pool-3-thread-2
 message  {Id=93811f13-4668-440d-b770-1df5a22d8666,FirstNumber=497,secondNumber=1463}  added by thread pool-3-thread-6
 message  {Id=93811f13-4668-440d-b770-1df5a22d8666,FirstNumber=497,secondNumber=1463}  written to file by thread pool-3-thread-3
 message  {Id=48a6b7b1-a7ca-4bfc-a413-353d1461d059,FirstNumber=477,secondNumber=1788}  added by thread pool-3-thread-6
 message  {Id=48a6b7b1-a7ca-4bfc-a413-353d1461d059,FirstNumber=477,secondNumber=1788}  written to file by thread pool-3-thread-3
 message  {Id=1e92b64f-c75e-45b4-a79c-0115e4b124fb,FirstNumber=733,secondNumber=948}  added by thread pool-3-thread-6
 message  {Id=1e92b64f-c75e-45b4-a79c-0115e4b124fb,FirstNumber=733,secondNumber=948}  written to file by thread pool-3-thread-4
 message  {Id=a9dc2eac-6a02-4fa9-8e3c-1c4e0528c18d,FirstNumber=138,secondNumber=1954}  added by thread pool-3-thread-6
 message  {Id=a9dc2eac-6a02-4fa9-8e3c-1c4e0528c18d,FirstNumber=138,secondNumber=1954}  written to file by thread pool-3-thread-4
 message  {Id=6c704f50-11ab-49bb-8226-a7936df26913,FirstNumber=689,secondNumber=1880}  added by thread pool-3-thread-6
 message  {Id=6c704f50-11ab-49bb-8226-a7936df26913,FirstNumber=689,secondNumber=1880}  written to file by thread pool-3-thread-2
 message  {Id=2e395b5a-fdbb-4245-a156-c6b85c78a7b8,FirstNumber=108,secondNumber=600}  added by thread pool-3-thread-6
 message  {Id=2e395b5a-fdbb-4245-a156-c6b85c78a7b8,FirstNumber=108,secondNumber=600}  written to file by thread pool-3-thread-2
 message  {Id=f97832b8-3a46-4303-9544-e1f0c14980c2,FirstNumber=21,secondNumber=897}  added by thread pool-3-thread-6
 message  {Id=f97832b8-3a46-4303-9544-e1f0c14980c2,FirstNumber=21,secondNumber=897}  written to file by thread pool-3-thread-3
 message  {Id=bf2b7e96-6e73-44a4-95fc-1359f855454f,FirstNumber=546,secondNumber=613}  added by thread pool-3-thread-6
 message  {Id=bf2b7e96-6e73-44a4-95fc-1359f855454f,FirstNumber=546,secondNumber=613}  written to file by thread pool-3-thread-3
 message  {Id=765c3758-263c-4324-98d7-9879ef778b6b,FirstNumber=782,secondNumber=1666}  added by thread pool-3-thread-6
 message  {Id=765c3758-263c-4324-98d7-9879ef778b6b,FirstNumber=782,secondNumber=1666}  written to file by thread pool-3-thread-4
 message  {Id=a940d7b8-bb67-4fc3-a9ff-a68336b9ee06,FirstNumber=781,secondNumber=1640}  added by thread pool-3-thread-6
 message  {Id=a940d7b8-bb67-4fc3-a9ff-a68336b9ee06,FirstNumber=781,secondNumber=1640}  written to file by thread pool-3-thread-4
 message  {Id=76b54a69-d7c9-4f80-a798-20fce7068539,FirstNumber=135,secondNumber=1830}  added by thread pool-3-thread-6
 message  {Id=76b54a69-d7c9-4f80-a798-20fce7068539,FirstNumber=135,secondNumber=1830}  written to file by thread pool-3-thread-2
 message  {Id=9f6f389e-da37-45f7-91ce-40629f8d825c,FirstNumber=938,secondNumber=1372}  added by thread pool-3-thread-6
 message  {Id=9f6f389e-da37-45f7-91ce-40629f8d825c,FirstNumber=938,secondNumber=1372}  written to file by thread pool-3-thread-1
 message  {Id=0d704b23-dd4f-44b9-bf81-3203924b2aa5,FirstNumber=227,secondNumber=1449}  added by thread pool-3-thread-6
 message  {Id=0d704b23-dd4f-44b9-bf81-3203924b2aa5,FirstNumber=227,secondNumber=1449}  written to file by thread pool-3-thread-1
 message  {Id=8d8a8ac6-de8e-4085-908a-2781f85f2047,FirstNumber=462,secondNumber=197}  added by thread pool-3-thread-6
 message  {Id=8d8a8ac6-de8e-4085-908a-2781f85f2047,FirstNumber=462,secondNumber=197}  written to file by thread pool-3-thread-5
 message  {Id=c8b73a64-0b35-4755-902e-48d2dcc30429,FirstNumber=714,secondNumber=851}  added by thread pool-3-thread-6
 message  {Id=c8b73a64-0b35-4755-902e-48d2dcc30429,FirstNumber=714,secondNumber=851}  written to file by thread pool-3-thread-4
 message  {Id=c13843c4-9209-4678-b78d-2707e6dabb7f,FirstNumber=460,secondNumber=43}  added by thread pool-3-thread-6
 message  {Id=c13843c4-9209-4678-b78d-2707e6dabb7f,FirstNumber=460,secondNumber=43}  written to file by thread pool-3-thread-2
 message  {Id=f1abae36-ab0a-417c-b4f1-b5d2bc83a93b,FirstNumber=585,secondNumber=1123}  added by thread pool-3-thread-6
 message  {Id=f1abae36-ab0a-417c-b4f1-b5d2bc83a93b,FirstNumber=585,secondNumber=1123}  written to file by thread pool-3-thread-3
 message  {Id=5e686d96-666f-4828-bd9b-99a813ed5d37,FirstNumber=78,secondNumber=1917}  added by thread pool-3-thread-6
 message  {Id=5e686d96-666f-4828-bd9b-99a813ed5d37,FirstNumber=78,secondNumber=1917}  written to file by thread pool-3-thread-3
 message  {Id=2615c54c-b764-44ff-951b-868bd6f10112,FirstNumber=151,secondNumber=803}  added by thread pool-3-thread-6
 message  {Id=2f3a9a5a-4234-422b-9b11-c71f8a13750c,FirstNumber=819,secondNumber=1530}  added by thread pool-3-thread-6
 message  {Id=2615c54c-b764-44ff-951b-868bd6f10112,FirstNumber=151,secondNumber=803}  written to file by thread pool-3-thread-5
 message  {Id=2f3a9a5a-4234-422b-9b11-c71f8a13750c,FirstNumber=819,secondNumber=1530}  written to file by thread pool-3-thread-4
 message  {Id=914daef0-116a-43ca-8818-c7993113c7d1,FirstNumber=462,secondNumber=331}  added by thread pool-3-thread-6
 message  {Id=914daef0-116a-43ca-8818-c7993113c7d1,FirstNumber=462,secondNumber=331}  written to file by thread pool-3-thread-2
 message  {Id=c41eaacf-a5cb-40d5-8e56-665ef6c5030f,FirstNumber=320,secondNumber=386}  added by thread pool-3-thread-6
 message  {Id=c41eaacf-a5cb-40d5-8e56-665ef6c5030f,FirstNumber=320,secondNumber=386}  written to file by thread pool-3-thread-1
 message  {Id=962d1918-98ea-48bf-8ac2-c10b8f38534f,FirstNumber=60,secondNumber=350}  added by thread pool-3-thread-6
 message  {Id=962d1918-98ea-48bf-8ac2-c10b8f38534f,FirstNumber=60,secondNumber=350}  written to file by thread pool-3-thread-3
 message  {Id=3393db3d-54db-45f2-8447-d8178384010a,FirstNumber=295,secondNumber=1304}  added by thread pool-3-thread-6
 message  {Id=3393db3d-54db-45f2-8447-d8178384010a,FirstNumber=295,secondNumber=1304}  written to file by thread pool-3-thread-4
 message  {Id=f5efd979-2e09-4e23-9ac7-79d28580a80e,FirstNumber=245,secondNumber=810}  added by thread pool-3-thread-6
 message  {Id=03bb2506-6664-409b-b1c7-cc28bbe35f21,FirstNumber=507,secondNumber=1013}  added by thread pool-3-thread-6
 message  {Id=f5efd979-2e09-4e23-9ac7-79d28580a80e,FirstNumber=245,secondNumber=810}  written to file by thread pool-3-thread-5
 message  {Id=03bb2506-6664-409b-b1c7-cc28bbe35f21,FirstNumber=507,secondNumber=1013}  written to file by thread pool-3-thread-2
 message  {Id=4cf1b10a-e116-47dd-803d-6015d9fcb6b1,FirstNumber=452,secondNumber=1250}  added by thread pool-3-thread-6
 message  {Id=4cf1b10a-e116-47dd-803d-6015d9fcb6b1,FirstNumber=452,secondNumber=1250}  written to file by thread pool-3-thread-2
 message  {Id=64ea68ad-f67d-4c1e-8e7b-86fc9724ed67,FirstNumber=55,secondNumber=851}  added by thread pool-3-thread-6
 message  {Id=64ea68ad-f67d-4c1e-8e7b-86fc9724ed67,FirstNumber=55,secondNumber=851}  written to file by thread pool-3-thread-2
 message  {Id=62a409fb-1e66-4d3e-a782-0225077e7935,FirstNumber=737,secondNumber=132}  added by thread pool-3-thread-6
 message  {Id=62a409fb-1e66-4d3e-a782-0225077e7935,FirstNumber=737,secondNumber=132}  written to file by thread pool-3-thread-4
 message  {Id=92547864-0647-4a35-a683-a86748839f02,FirstNumber=246,secondNumber=754}  added by thread pool-3-thread-6
 message  {Id=5a888e63-22da-440b-8ba6-cedb64f8380e,FirstNumber=476,secondNumber=1585}  added by thread pool-3-thread-6
 message  {Id=92547864-0647-4a35-a683-a86748839f02,FirstNumber=246,secondNumber=754}  written to file by thread pool-3-thread-5
 message  {Id=5a888e63-22da-440b-8ba6-cedb64f8380e,FirstNumber=476,secondNumber=1585}  written to file by thread pool-3-thread-1
 message  {Id=2ecaf980-0f1a-4af4-9b75-7e92e8a5a534,FirstNumber=558,secondNumber=546}  added by thread pool-3-thread-6
 message  {Id=2ecaf980-0f1a-4af4-9b75-7e92e8a5a534,FirstNumber=558,secondNumber=546}  written to file by thread pool-3-thread-1
 message  {Id=4ace5ab6-02b5-404f-b666-14f7c94fc6ad,FirstNumber=765,secondNumber=1681}  added by thread pool-3-thread-6
 message  {Id=4ace5ab6-02b5-404f-b666-14f7c94fc6ad,FirstNumber=765,secondNumber=1681}  written to file by thread pool-3-thread-2
 message  {Id=57ca0393-0f3e-47b3-a19a-d2436e9fe79c,FirstNumber=700,secondNumber=601}  added by thread pool-3-thread-6
 message  {Id=57ca0393-0f3e-47b3-a19a-d2436e9fe79c,FirstNumber=700,secondNumber=601}  written to file by thread pool-3-thread-2
 message  {Id=c7d3479d-1996-42c7-a513-1f00186e2322,FirstNumber=756,secondNumber=1587}  added by thread pool-3-thread-6
 message  {Id=496e91be-5479-47d6-807a-c8d9edc39866,FirstNumber=847,secondNumber=40}  added by thread pool-3-thread-6
 message  {Id=c7d3479d-1996-42c7-a513-1f00186e2322,FirstNumber=756,secondNumber=1587}  written to file by thread pool-3-thread-5
 message  {Id=496e91be-5479-47d6-807a-c8d9edc39866,FirstNumber=847,secondNumber=40}  written to file by thread pool-3-thread-3
 message  {Id=6374babe-b69f-4a77-925e-10b1246e5b44,FirstNumber=76,secondNumber=1615}  added by thread pool-3-thread-6
 message  {Id=6374babe-b69f-4a77-925e-10b1246e5b44,FirstNumber=76,secondNumber=1615}  written to file by thread pool-3-thread-1
 message  {Id=e8732b07-a2bf-48e4-9205-d70fbcab497d,FirstNumber=761,secondNumber=1336}  added by thread pool-3-thread-6
 message  {Id=e8732b07-a2bf-48e4-9205-d70fbcab497d,FirstNumber=761,secondNumber=1336}  written to file by thread pool-3-thread-1
 message  {Id=d1770887-1ebe-40f3-a0be-d5649a627dcd,FirstNumber=39,secondNumber=564}  added by thread pool-3-thread-6
 message  {Id=d1770887-1ebe-40f3-a0be-d5649a627dcd,FirstNumber=39,secondNumber=564}  written to file by thread pool-3-thread-2
 message  {Id=56839c21-23bd-43ec-813d-221ee017b56e,FirstNumber=596,secondNumber=712}  added by thread pool-3-thread-6
 message  {Id=56839c21-23bd-43ec-813d-221ee017b56e,FirstNumber=596,secondNumber=712}  written to file by thread pool-3-thread-2
 message  {Id=44f600da-2840-4f8c-81da-4594f62caf7b,FirstNumber=432,secondNumber=618}  added by thread pool-3-thread-6
 message  {Id=44f600da-2840-4f8c-81da-4594f62caf7b,FirstNumber=432,secondNumber=618}  written to file by thread pool-3-thread-3
 message  {Id=27efcb5c-1298-4b33-b549-5bb5a0383735,FirstNumber=706,secondNumber=1958}  added by thread pool-3-thread-6
 message  {Id=27efcb5c-1298-4b33-b549-5bb5a0383735,FirstNumber=706,secondNumber=1958}  written to file by thread pool-3-thread-3
 message  {Id=9eaff6ae-702c-4438-bc22-62cce8230b7f,FirstNumber=664,secondNumber=227}  added by thread pool-3-thread-6
 message  {Id=9eaff6ae-702c-4438-bc22-62cce8230b7f,FirstNumber=664,secondNumber=227}  written to file by thread pool-3-thread-1
 message  {Id=672cef22-5784-4e53-adf1-0961595fda9c,FirstNumber=586,secondNumber=7}  added by thread pool-3-thread-6
 message  {Id=672cef22-5784-4e53-adf1-0961595fda9c,FirstNumber=586,secondNumber=7}  written to file by thread pool-3-thread-1
 message  {Id=e3705ef3-d75a-4587-8cfb-ecaddff67112,FirstNumber=521,secondNumber=1139}  added by thread pool-3-thread-6
 message  {Id=e3705ef3-d75a-4587-8cfb-ecaddff67112,FirstNumber=521,secondNumber=1139}  written to file by thread pool-3-thread-2
 message  {Id=46762593-43fc-48d4-8b18-3cf17f37bf46,FirstNumber=42,secondNumber=628}  added by thread pool-3-thread-6
 message  {Id=46762593-43fc-48d4-8b18-3cf17f37bf46,FirstNumber=42,secondNumber=628}  written to file by thread pool-3-thread-4
 message  {Id=d8442766-e696-4253-b866-cb44eaf323bf,FirstNumber=10,secondNumber=785}  added by thread pool-3-thread-6
 message  {Id=d8442766-e696-4253-b866-cb44eaf323bf,FirstNumber=10,secondNumber=785}  written to file by thread pool-3-thread-4
 message  {Id=0d62fd1b-fe24-4356-b8b5-2df5869f38ae,FirstNumber=610,secondNumber=1678}  added by thread pool-3-thread-6
 message  {Id=0d62fd1b-fe24-4356-b8b5-2df5869f38ae,FirstNumber=610,secondNumber=1678}  written to file by thread pool-3-thread-4
 message  {Id=7d825f2c-2744-4c4a-bd9a-69298e73f85b,FirstNumber=644,secondNumber=360}  added by thread pool-3-thread-6
 message  {Id=7d825f2c-2744-4c4a-bd9a-69298e73f85b,FirstNumber=644,secondNumber=360}  written to file by thread pool-3-thread-1
 message  {Id=ee9219f1-c556-4150-a3d0-82bb3828015b,FirstNumber=423,secondNumber=8}  added by thread pool-3-thread-6
 message  {Id=ee9219f1-c556-4150-a3d0-82bb3828015b,FirstNumber=423,secondNumber=8}  written to file by thread pool-3-thread-2
 message  {Id=7ae75591-590b-485a-bd55-63c71f2b1903,FirstNumber=489,secondNumber=227}  added by thread pool-3-thread-6
 message  {Id=7ae75591-590b-485a-bd55-63c71f2b1903,FirstNumber=489,secondNumber=227}  written to file by thread pool-3-thread-2
 message  {Id=3cd0c5e8-276e-4e19-b77d-054b0014ce63,FirstNumber=677,secondNumber=723}  added by thread pool-3-thread-6
 message  {Id=3cd0c5e8-276e-4e19-b77d-054b0014ce63,FirstNumber=677,secondNumber=723}  written to file by thread pool-3-thread-5
 message  {Id=71c7d727-bf70-4c3b-9a7e-5e32939b4623,FirstNumber=717,secondNumber=1853}  added by thread pool-3-thread-6
 message  {Id=71c7d727-bf70-4c3b-9a7e-5e32939b4623,FirstNumber=717,secondNumber=1853}  written to file by thread pool-3-thread-4
 message  {Id=a6dcf852-b4aa-4de5-a635-b20c0cafb010,FirstNumber=181,secondNumber=1362}  added by thread pool-3-thread-6
 message  {Id=a6dcf852-b4aa-4de5-a635-b20c0cafb010,FirstNumber=181,secondNumber=1362}  written to file by thread pool-3-thread-4
 message  {Id=171b8609-390a-458c-998d-b3fbbe6c5dea,FirstNumber=394,secondNumber=1822}  added by thread pool-3-thread-6
 message  {Id=171b8609-390a-458c-998d-b3fbbe6c5dea,FirstNumber=394,secondNumber=1822}  written to file by thread pool-3-thread-3
 message  {Id=5af2ff52-64d0-448f-a44b-1db29989eb31,FirstNumber=951,secondNumber=1895}  added by thread pool-3-thread-6
 message  {Id=5af2ff52-64d0-448f-a44b-1db29989eb31,FirstNumber=951,secondNumber=1895}  written to file by thread pool-3-thread-2
 message  {Id=f7faf7a8-48f1-4006-bc8e-c1f5e12ec32f,FirstNumber=979,secondNumber=1898}  added by thread pool-3-thread-6
 message  {Id=f7faf7a8-48f1-4006-bc8e-c1f5e12ec32f,FirstNumber=979,secondNumber=1898}  written to file by thread pool-3-thread-2
 message  {Id=c7a53a20-c611-4af0-ad80-4f32d8a1a1ca,FirstNumber=385,secondNumber=643}  added by thread pool-3-thread-6
 message  {Id=c7a53a20-c611-4af0-ad80-4f32d8a1a1ca,FirstNumber=385,secondNumber=643}  written to file by thread pool-3-thread-1
 message  {Id=60803adf-f5ce-4173-a726-4003bfe47fc0,FirstNumber=471,secondNumber=1599}  added by thread pool-3-thread-6
 message  {Id=60803adf-f5ce-4173-a726-4003bfe47fc0,FirstNumber=471,secondNumber=1599}  written to file by thread pool-3-thread-4
 message  {Id=f29471e8-4583-4559-b634-145fe5b03438,FirstNumber=747,secondNumber=1877}  added by thread pool-3-thread-6
 message  {Id=f29471e8-4583-4559-b634-145fe5b03438,FirstNumber=747,secondNumber=1877}  written to file by thread pool-3-thread-4
 message  {Id=8977aeba-d86d-4323-971a-f4a9aa76bc03,FirstNumber=779,secondNumber=1639}  added by thread pool-3-thread-6
 message  {Id=8977aeba-d86d-4323-971a-f4a9aa76bc03,FirstNumber=779,secondNumber=1639}  written to file by thread pool-3-thread-4
 message  {Id=c9e3806c-45fd-4372-a04e-1d62e379323d,FirstNumber=516,secondNumber=1526}  added by thread pool-3-thread-6
 message  {Id=c9e3806c-45fd-4372-a04e-1d62e379323d,FirstNumber=516,secondNumber=1526}  written to file by thread pool-3-thread-2
 message  {Id=5bf90728-9af4-45ac-bf6d-b1c34266a9e2,FirstNumber=613,secondNumber=1297}  added by thread pool-3-thread-6
 message  {Id=5bf90728-9af4-45ac-bf6d-b1c34266a9e2,FirstNumber=613,secondNumber=1297}  written to file by thread pool-3-thread-1
 message  {Id=71ff4ec5-5814-49e0-9d38-5161af01c69c,FirstNumber=340,secondNumber=1872}  added by thread pool-3-thread-6
 message  {Id=71ff4ec5-5814-49e0-9d38-5161af01c69c,FirstNumber=340,secondNumber=1872}  written to file by thread pool-3-thread-1
 message  {Id=9abfa368-654a-431d-9c27-52c6fb1902ea,FirstNumber=578,secondNumber=962}  added by thread pool-3-thread-6
 message  {Id=94b43687-afb1-400a-9d41-61f4c033e4ab,FirstNumber=602,secondNumber=1078}  added by thread pool-3-thread-6
 message  {Id=9abfa368-654a-431d-9c27-52c6fb1902ea,FirstNumber=578,secondNumber=962}  written to file by thread pool-3-thread-5
 message  {Id=94b43687-afb1-400a-9d41-61f4c033e4ab,FirstNumber=602,secondNumber=1078}  written to file by thread pool-3-thread-4
 message  {Id=ebe4e772-9a7e-410c-b535-fa611064389e,FirstNumber=516,secondNumber=413}  added by thread pool-3-thread-6
 message  {Id=ebe4e772-9a7e-410c-b535-fa611064389e,FirstNumber=516,secondNumber=413}  written to file by thread pool-3-thread-5
 message  {Id=1300d568-f2d7-4a49-b704-0f5269aecc27,FirstNumber=660,secondNumber=1036}  added by thread pool-3-thread-6
 message  {Id=1300d568-f2d7-4a49-b704-0f5269aecc27,FirstNumber=660,secondNumber=1036}  written to file by thread pool-3-thread-3
 message  {Id=a7eca4b1-774e-49ae-b1e1-fbacecef5133,FirstNumber=744,secondNumber=1103}  added by thread pool-3-thread-6
 message  {Id=a7eca4b1-774e-49ae-b1e1-fbacecef5133,FirstNumber=744,secondNumber=1103}  written to file by thread pool-3-thread-1
 message  {Id=4e1c6086-7ab2-43e9-bc93-d037b5135ce7,FirstNumber=929,secondNumber=1162}  added by thread pool-3-thread-6
 message  {Id=4e1c6086-7ab2-43e9-bc93-d037b5135ce7,FirstNumber=929,secondNumber=1162}  written to file by thread pool-3-thread-1
 message  {Id=5dc0e961-f951-4095-8d37-639fab18e4b4,FirstNumber=441,secondNumber=1504}  added by thread pool-3-thread-6
 message  {Id=5dc0e961-f951-4095-8d37-639fab18e4b4,FirstNumber=441,secondNumber=1504}  written to file by thread pool-3-thread-1
 message  {Id=4b3865a7-9710-4d30-a38a-1835f4116a9d,FirstNumber=326,secondNumber=1524}  added by thread pool-3-thread-6
 message  {Id=4b3865a7-9710-4d30-a38a-1835f4116a9d,FirstNumber=326,secondNumber=1524}  written to file by thread pool-3-thread-1
 message  {Id=68996007-e69d-4757-a8e0-4087bea496cb,FirstNumber=845,secondNumber=997}  added by thread pool-3-thread-6
 message  {Id=68996007-e69d-4757-a8e0-4087bea496cb,FirstNumber=845,secondNumber=997}  written to file by thread pool-3-thread-3
 message  {Id=d2c218e9-0375-452f-8d89-f14e806b7a46,FirstNumber=755,secondNumber=1489}  added by thread pool-3-thread-6
 message  {Id=d2c218e9-0375-452f-8d89-f14e806b7a46,FirstNumber=755,secondNumber=1489}  written to file by thread pool-3-thread-3
 message  {Id=1b8f399c-79cb-4d8e-b3a3-dbf3c7fe28fc,FirstNumber=343,secondNumber=1033}  added by thread pool-3-thread-6
 message  {Id=1b8f399c-79cb-4d8e-b3a3-dbf3c7fe28fc,FirstNumber=343,secondNumber=1033}  written to file by thread pool-3-thread-2
 message  {Id=6d9d5e69-3f18-48ec-8332-b29a4de901c9,FirstNumber=494,secondNumber=252}  added by thread pool-3-thread-6
 message  {Id=6d9d5e69-3f18-48ec-8332-b29a4de901c9,FirstNumber=494,secondNumber=252}  written to file by thread pool-3-thread-2
 message  {Id=591f448d-8280-4e95-aad9-0048add7f452,FirstNumber=415,secondNumber=993}  added by thread pool-3-thread-6
 message  {Id=591f448d-8280-4e95-aad9-0048add7f452,FirstNumber=415,secondNumber=993}  written to file by thread pool-3-thread-1
 message  {Id=e8a03eae-d8e7-4e55-b218-fbdbfda146bc,FirstNumber=586,secondNumber=1886}  added by thread pool-3-thread-6
 message  {Id=e8a03eae-d8e7-4e55-b218-fbdbfda146bc,FirstNumber=586,secondNumber=1886}  written to file by thread pool-3-thread-1
 message  {Id=44481ebf-b6de-443b-a437-b127861145aa,FirstNumber=269,secondNumber=1215}  added by thread pool-3-thread-6
 message  {Id=44481ebf-b6de-443b-a437-b127861145aa,FirstNumber=269,secondNumber=1215}  written to file by thread pool-3-thread-3
 message  {Id=d11acd66-9388-4569-9f89-6e8ed28b0c3e,FirstNumber=236,secondNumber=899}  added by thread pool-3-thread-6
 message  {Id=d11acd66-9388-4569-9f89-6e8ed28b0c3e,FirstNumber=236,secondNumber=899}  written to file by thread pool-3-thread-3
 message  {Id=b1806490-8765-4035-8267-6dcec08a8559,FirstNumber=139,secondNumber=1437}  added by thread pool-3-thread-6
 message  {Id=b1806490-8765-4035-8267-6dcec08a8559,FirstNumber=139,secondNumber=1437}  written to file by thread pool-3-thread-2
 message  {Id=5754f37f-7bd0-4e05-8b87-364d8ff79df8,FirstNumber=562,secondNumber=277}  added by thread pool-3-thread-6
 message  {Id=5754f37f-7bd0-4e05-8b87-364d8ff79df8,FirstNumber=562,secondNumber=277}  written to file by thread pool-3-thread-2
 message  {Id=7f7e4f4f-10f4-4e13-a780-9c0e0a09dba6,FirstNumber=571,secondNumber=672}  added by thread pool-3-thread-6
 message  {Id=7f7e4f4f-10f4-4e13-a780-9c0e0a09dba6,FirstNumber=571,secondNumber=672}  written to file by thread pool-3-thread-1
 message  {Id=f8ef02e7-b586-47bb-80c9-d989253e20cf,FirstNumber=222,secondNumber=1460}  added by thread pool-3-thread-6
 message  {Id=f8ef02e7-b586-47bb-80c9-d989253e20cf,FirstNumber=222,secondNumber=1460}  written to file by thread pool-3-thread-5
 message  {Id=67f2ba02-4807-4464-ae1a-b1dd6af9f392,FirstNumber=670,secondNumber=1798}  added by thread pool-3-thread-6
 message  {Id=67f2ba02-4807-4464-ae1a-b1dd6af9f392,FirstNumber=670,secondNumber=1798}  written to file by thread pool-3-thread-3
 message  {Id=858c6fc2-dbfb-45af-abde-d06d2fa616bc,FirstNumber=593,secondNumber=96}  added by thread pool-3-thread-6
 message  {Id=858c6fc2-dbfb-45af-abde-d06d2fa616bc,FirstNumber=593,secondNumber=96}  written to file by thread pool-3-thread-4
 message  {Id=ff34fd5f-eae1-4e49-9bbc-f247bedc4eb6,FirstNumber=909,secondNumber=1173}  added by thread pool-3-thread-6
 message  {Id=ff34fd5f-eae1-4e49-9bbc-f247bedc4eb6,FirstNumber=909,secondNumber=1173}  written to file by thread pool-3-thread-4
 message  {Id=e26703b4-8443-4c88-892d-b327af1e73e6,FirstNumber=943,secondNumber=634}  added by thread pool-3-thread-6
 message  {Id=e26703b4-8443-4c88-892d-b327af1e73e6,FirstNumber=943,secondNumber=634}  written to file by thread pool-3-thread-1
 message  {Id=ebe06166-2b1c-4b9a-8223-24728bc30b2a,FirstNumber=337,secondNumber=218}  added by thread pool-3-thread-6
 message  {Id=ebe06166-2b1c-4b9a-8223-24728bc30b2a,FirstNumber=337,secondNumber=218}  written to file by thread pool-3-thread-1
 message  {Id=5e24fe03-22bc-47e6-90cb-40124195a24c,FirstNumber=278,secondNumber=1129}  added by thread pool-3-thread-6
 message  {Id=5e24fe03-22bc-47e6-90cb-40124195a24c,FirstNumber=278,secondNumber=1129}  written to file by thread pool-3-thread-3
 message  {Id=aeb5f192-7aaf-4615-840f-395ec1143c0f,FirstNumber=349,secondNumber=183}  added by thread pool-3-thread-6
 message  {Id=aeb5f192-7aaf-4615-840f-395ec1143c0f,FirstNumber=349,secondNumber=183}  written to file by thread pool-3-thread-3
 message  {Id=bb1d3d5f-1a55-4909-af5d-69d8e7d8f4d9,FirstNumber=355,secondNumber=536}  added by thread pool-3-thread-6
 message  {Id=bb1d3d5f-1a55-4909-af5d-69d8e7d8f4d9,FirstNumber=355,secondNumber=536}  written to file by thread pool-3-thread-4
 message  {Id=c00a224f-a18d-4899-b5e5-9297bdb3e249,FirstNumber=508,secondNumber=1250}  added by thread pool-3-thread-6
 message  {Id=c00a224f-a18d-4899-b5e5-9297bdb3e249,FirstNumber=508,secondNumber=1250}  written to file by thread pool-3-thread-5
 message  {Id=7512ceb3-f347-4ef8-8af3-b4a066e57e15,FirstNumber=732,secondNumber=104}  added by thread pool-3-thread-6
 message  {Id=7512ceb3-f347-4ef8-8af3-b4a066e57e15,FirstNumber=732,secondNumber=104}  written to file by thread pool-3-thread-1
 message  {Id=f3f056fb-70f5-4891-8233-757ffa819e8d,FirstNumber=51,secondNumber=485}  added by thread pool-3-thread-6
 message  {Id=f3f056fb-70f5-4891-8233-757ffa819e8d,FirstNumber=51,secondNumber=485}  written to file by thread pool-3-thread-2
 message  {Id=19a12efa-3c00-494d-8e3d-6780b86a8041,FirstNumber=830,secondNumber=637}  added by thread pool-3-thread-6
 message  {Id=19a12efa-3c00-494d-8e3d-6780b86a8041,FirstNumber=830,secondNumber=637}  written to file by thread pool-3-thread-3
 message  {Id=621c4d03-cb47-449d-ad5d-7adc95469cab,FirstNumber=700,secondNumber=122}  added by thread pool-3-thread-6
 message  {Id=621c4d03-cb47-449d-ad5d-7adc95469cab,FirstNumber=700,secondNumber=122}  written to file by thread pool-3-thread-4
 message  {Id=d0d5bb13-b40d-47be-b895-75e014febace,FirstNumber=292,secondNumber=2}  added by thread pool-3-thread-6
 message  {Id=d0d5bb13-b40d-47be-b895-75e014febace,FirstNumber=292,secondNumber=2}  written to file by thread pool-3-thread-4
 message  {Id=6c1f03cc-7b5a-4729-96e4-4c69b4fba4f0,FirstNumber=744,secondNumber=240}  added by thread pool-3-thread-6
 message  {Id=6c1f03cc-7b5a-4729-96e4-4c69b4fba4f0,FirstNumber=744,secondNumber=240}  written to file by thread pool-3-thread-1
 message  {Id=2a999acb-17af-4622-af75-90c4128f1404,FirstNumber=897,secondNumber=473}  added by thread pool-3-thread-6
 message  {Id=2a999acb-17af-4622-af75-90c4128f1404,FirstNumber=897,secondNumber=473}  written to file by thread pool-3-thread-1
 message  {Id=9481391f-073a-40e8-9c97-dfec3e75918b,FirstNumber=928,secondNumber=1014}  added by thread pool-3-thread-6
 message  {Id=9481391f-073a-40e8-9c97-dfec3e75918b,FirstNumber=928,secondNumber=1014}  written to file by thread pool-3-thread-1
 message  {Id=7bd959f3-2c9c-435c-87ca-ca6d84de149a,FirstNumber=131,secondNumber=636}  added by thread pool-3-thread-6
 message  {Id=7bd959f3-2c9c-435c-87ca-ca6d84de149a,FirstNumber=131,secondNumber=636}  written to file by thread pool-3-thread-5
 message  {Id=a818b7d9-6907-4800-b8f6-23cc255a76fe,FirstNumber=516,secondNumber=452}  added by thread pool-3-thread-6
 message  {Id=a818b7d9-6907-4800-b8f6-23cc255a76fe,FirstNumber=516,secondNumber=452}  written to file by thread pool-3-thread-4
 message  {Id=9d07dede-4dc6-47d4-902c-0c15530cb3aa,FirstNumber=352,secondNumber=1317}  added by thread pool-3-thread-6
 message  {Id=9d07dede-4dc6-47d4-902c-0c15530cb3aa,FirstNumber=352,secondNumber=1317}  written to file by thread pool-3-thread-4
 message  {Id=58f56ffc-0c8c-4a32-957e-6ceeef8d19e7,FirstNumber=809,secondNumber=20}  added by thread pool-3-thread-6
 message  {Id=58f56ffc-0c8c-4a32-957e-6ceeef8d19e7,FirstNumber=809,secondNumber=20}  written to file by thread pool-3-thread-3
 message  {Id=c493678c-0d1e-418c-89d3-c98a65d5a9b5,FirstNumber=755,secondNumber=466}  added by thread pool-3-thread-6
 message  {Id=c493678c-0d1e-418c-89d3-c98a65d5a9b5,FirstNumber=755,secondNumber=466}  written to file by thread pool-3-thread-1
 message  {Id=e31647a3-3a26-4fdb-b9cb-dbdf560c9242,FirstNumber=637,secondNumber=413}  added by thread pool-3-thread-6
 message  {Id=e31647a3-3a26-4fdb-b9cb-dbdf560c9242,FirstNumber=637,secondNumber=413}  written to file by thread pool-3-thread-1
 message  {Id=04deacb8-31ea-405f-9303-05a6b4859566,FirstNumber=669,secondNumber=947}  added by thread pool-3-thread-6
 message  {Id=04deacb8-31ea-405f-9303-05a6b4859566,FirstNumber=669,secondNumber=947}  written to file by thread pool-3-thread-2
 message  {Id=c79c2812-7334-462f-b050-ba17d05cf48e,FirstNumber=944,secondNumber=31}  added by thread pool-3-thread-6
 message  {Id=c79c2812-7334-462f-b050-ba17d05cf48e,FirstNumber=944,secondNumber=31}  written to file by thread pool-3-thread-4
 message  {Id=90d2b305-1297-40a2-9048-4684680f3c2f,FirstNumber=467,secondNumber=1302}  added by thread pool-3-thread-6
 message  {Id=90d2b305-1297-40a2-9048-4684680f3c2f,FirstNumber=467,secondNumber=1302}  written to file by thread pool-3-thread-4
 message  {Id=970171dd-040e-406b-88f2-f6c4f0c90c79,FirstNumber=64,secondNumber=1661}  added by thread pool-3-thread-6
 message  {Id=970171dd-040e-406b-88f2-f6c4f0c90c79,FirstNumber=64,secondNumber=1661}  written to file by thread pool-3-thread-4
 message  {Id=d0035b6a-7f95-4d8f-be08-7fc1b4466fd4,FirstNumber=61,secondNumber=1963}  added by thread pool-3-thread-6
 message  {Id=d0035b6a-7f95-4d8f-be08-7fc1b4466fd4,FirstNumber=61,secondNumber=1963}  written to file by thread pool-3-thread-1
 message  {Id=f58905f3-fd8f-475c-80a4-2bd4be3a084f,FirstNumber=680,secondNumber=1433}  added by thread pool-3-thread-6
 message  {Id=f58905f3-fd8f-475c-80a4-2bd4be3a084f,FirstNumber=680,secondNumber=1433}  written to file by thread pool-3-thread-2
 message  {Id=7325e4e2-b610-460c-891b-fee3bd14eace,FirstNumber=602,secondNumber=329}  added by thread pool-3-thread-6
 message  {Id=7325e4e2-b610-460c-891b-fee3bd14eace,FirstNumber=602,secondNumber=329}  written to file by thread pool-3-thread-3
 message  {Id=f62f2cdb-139f-4171-90be-707690377239,FirstNumber=446,secondNumber=372}  added by thread pool-3-thread-6
 message  {Id=f62f2cdb-139f-4171-90be-707690377239,FirstNumber=446,secondNumber=372}  written to file by thread pool-3-thread-3
 message  {Id=da12f0a2-749d-41e8-ab9c-2050659f518d,FirstNumber=140,secondNumber=1111}  added by thread pool-3-thread-6
 message  {Id=da12f0a2-749d-41e8-ab9c-2050659f518d,FirstNumber=140,secondNumber=1111}  written to file by thread pool-3-thread-3
 message  {Id=e296675d-454b-4954-bad1-fdb6d39c6ee5,FirstNumber=757,secondNumber=397}  added by thread pool-3-thread-6
 message  {Id=e296675d-454b-4954-bad1-fdb6d39c6ee5,FirstNumber=757,secondNumber=397}  written to file by thread pool-3-thread-1
 message  {Id=e6c91158-d4a7-4b28-a6ba-628c08c11894,FirstNumber=299,secondNumber=56}  added by thread pool-3-thread-6
 message  {Id=e6c91158-d4a7-4b28-a6ba-628c08c11894,FirstNumber=299,secondNumber=56}  written to file by thread pool-3-thread-1
 message  {Id=b8f5a017-d622-4249-a09d-ea18168e7b68,FirstNumber=785,secondNumber=1992}  added by thread pool-3-thread-6
 message  {Id=00f92038-193b-4fe7-aa82-d86e0d961331,FirstNumber=622,secondNumber=994}  added by thread pool-3-thread-6
 message  {Id=b8f5a017-d622-4249-a09d-ea18168e7b68,FirstNumber=785,secondNumber=1992}  written to file by thread pool-3-thread-5
 message  {Id=00f92038-193b-4fe7-aa82-d86e0d961331,FirstNumber=622,secondNumber=994}  written to file by thread pool-3-thread-4
 message  {Id=fa834c80-c816-43ed-9bda-e7a16ad5d8aa,FirstNumber=694,secondNumber=139}  added by thread pool-3-thread-6
 message  {Id=fa834c80-c816-43ed-9bda-e7a16ad5d8aa,FirstNumber=694,secondNumber=139}  written to file by thread pool-3-thread-4
 message  {Id=b766eefe-215c-4f7d-ad0e-4435ecae4209,FirstNumber=743,secondNumber=1868}  added by thread pool-3-thread-6
 message  {Id=b766eefe-215c-4f7d-ad0e-4435ecae4209,FirstNumber=743,secondNumber=1868}  written to file by thread pool-3-thread-4
 message  {Id=c6fe749f-3436-4665-8889-c2072983eeac,FirstNumber=917,secondNumber=971}  added by thread pool-3-thread-6
 message  {Id=2834f83c-5be3-448f-a243-6d8d9861187a,FirstNumber=149,secondNumber=554}  added by thread pool-3-thread-6
 message  {Id=ec24ac4a-f8fe-49e6-9475-86d1bbf32d56,FirstNumber=291,secondNumber=1170}  added by thread pool-3-thread-6
 message  {Id=1b635130-69a7-4fcf-b3b1-f7b31345ac9b,FirstNumber=271,secondNumber=1329}  added by thread pool-3-thread-6
 message  {Id=c6fe749f-3436-4665-8889-c2072983eeac,FirstNumber=917,secondNumber=971}  written to file by thread pool-3-thread-2
 message  {Id=2834f83c-5be3-448f-a243-6d8d9861187a,FirstNumber=149,secondNumber=554}  written to file by thread pool-3-thread-1
 message  {Id=40b05104-7d3e-4cd3-bbe6-a2c61db98d14,FirstNumber=468,secondNumber=1738}  added by thread pool-3-thread-6
 message  {Id=ec24ac4a-f8fe-49e6-9475-86d1bbf32d56,FirstNumber=291,secondNumber=1170}  written to file by thread pool-3-thread-5
 message  {Id=1b635130-69a7-4fcf-b3b1-f7b31345ac9b,FirstNumber=271,secondNumber=1329}  written to file by thread pool-3-thread-2
 message  {Id=36c0d982-53f2-4512-bd76-2a467da7d2f5,FirstNumber=609,secondNumber=599}  added by thread pool-3-thread-6
 message  {Id=40b05104-7d3e-4cd3-bbe6-a2c61db98d14,FirstNumber=468,secondNumber=1738}  written to file by thread pool-3-thread-5
 message  {Id=e48c4fec-e249-4c7b-a13e-32f96d4ea43f,FirstNumber=324,secondNumber=1067}  added by thread pool-3-thread-6
 message  {Id=36c0d982-53f2-4512-bd76-2a467da7d2f5,FirstNumber=609,secondNumber=599}  written to file by thread pool-3-thread-5
 message  {Id=5205635a-ce88-4e81-9287-8be0e0243be3,FirstNumber=1,secondNumber=1649}  added by thread pool-3-thread-6
 message  {Id=e48c4fec-e249-4c7b-a13e-32f96d4ea43f,FirstNumber=324,secondNumber=1067}  written to file by thread pool-3-thread-5
 message  {Id=b44e98d9-602b-444e-88a9-198d2b518592,FirstNumber=467,secondNumber=1401}  added by thread pool-3-thread-6
 message  {Id=047f4ce5-a19b-480f-853d-a38cf896f7ed,FirstNumber=405,secondNumber=148}  added by thread pool-3-thread-6
 message  {Id=5205635a-ce88-4e81-9287-8be0e0243be3,FirstNumber=1,secondNumber=1649}  written to file by thread pool-3-thread-5
 message  {Id=1d073601-bfe3-4842-9b4c-b510b8894407,FirstNumber=233,secondNumber=845}  added by thread pool-3-thread-6
 message  {Id=b44e98d9-602b-444e-88a9-198d2b518592,FirstNumber=467,secondNumber=1401}  written to file by thread pool-3-thread-5
 message  {Id=6209840a-03e6-4a6c-9ef2-19cee855afed,FirstNumber=311,secondNumber=78}  added by thread pool-3-thread-6
 message  {Id=047f4ce5-a19b-480f-853d-a38cf896f7ed,FirstNumber=405,secondNumber=148}  written to file by thread pool-3-thread-5
 message  {Id=0a31e6f6-2e56-4da9-9681-3b449e61edf0,FirstNumber=514,secondNumber=1359}  added by thread pool-3-thread-6
 message  {Id=1d073601-bfe3-4842-9b4c-b510b8894407,FirstNumber=233,secondNumber=845}  written to file by thread pool-3-thread-5
 message  {Id=a8b5ecda-14a7-450b-8df8-3cbd09336867,FirstNumber=174,secondNumber=872}  added by thread pool-3-thread-6
 message  {Id=6209840a-03e6-4a6c-9ef2-19cee855afed,FirstNumber=311,secondNumber=78}  written to file by thread pool-3-thread-5
 message  {Id=72ba41f5-f7d1-413f-b086-8ed6c951e1b7,FirstNumber=67,secondNumber=448}  added by thread pool-3-thread-6
 message  {Id=0a31e6f6-2e56-4da9-9681-3b449e61edf0,FirstNumber=514,secondNumber=1359}  written to file by thread pool-3-thread-5
 message  {Id=6e03a9e6-c826-49fc-86b4-e40767dcb38e,FirstNumber=884,secondNumber=1003}  added by thread pool-3-thread-6
 message  {Id=a8b5ecda-14a7-450b-8df8-3cbd09336867,FirstNumber=174,secondNumber=872}  written to file by thread pool-3-thread-5
 message  {Id=8d7c9eac-0d19-4301-8478-67f7d674784a,FirstNumber=771,secondNumber=1005}  added by thread pool-3-thread-6
 message  {Id=72ba41f5-f7d1-413f-b086-8ed6c951e1b7,FirstNumber=67,secondNumber=448}  written to file by thread pool-3-thread-5
 message  {Id=5cd96f35-38bf-413e-9711-b245ff596221,FirstNumber=365,secondNumber=515}  added by thread pool-3-thread-6
 message  {Id=ae5acb09-19d8-4fc5-b2c9-32cfb01adb29,FirstNumber=479,secondNumber=806}  added by thread pool-3-thread-6
 message  {Id=6e03a9e6-c826-49fc-86b4-e40767dcb38e,FirstNumber=884,secondNumber=1003}  written to file by thread pool-3-thread-5
 message  {Id=8fadc9a9-ad4a-4faa-9103-15f35d5c328c,FirstNumber=639,secondNumber=1198}  added by thread pool-3-thread-6
 message  {Id=8d7c9eac-0d19-4301-8478-67f7d674784a,FirstNumber=771,secondNumber=1005}  written to file by thread pool-3-thread-5
 message  {Id=15ea3224-7338-434a-abb0-ebf299d2cea4,FirstNumber=272,secondNumber=1900}  added by thread pool-3-thread-6
 message  {Id=5cd96f35-38bf-413e-9711-b245ff596221,FirstNumber=365,secondNumber=515}  written to file by thread pool-3-thread-5
 message  {Id=bade3ec4-c275-49e2-8000-08679651865c,FirstNumber=452,secondNumber=931}  added by thread pool-3-thread-6
 message  {Id=ae5acb09-19d8-4fc5-b2c9-32cfb01adb29,FirstNumber=479,secondNumber=806}  written to file by thread pool-3-thread-5
 message  {Id=0e5e09c5-2878-4cd6-97b9-a0468c7b426c,FirstNumber=621,secondNumber=71}  added by thread pool-3-thread-6
 message  {Id=8fadc9a9-ad4a-4faa-9103-15f35d5c328c,FirstNumber=639,secondNumber=1198}  written to file by thread pool-3-thread-5
 message  {Id=004767de-af40-4cbe-aff6-d0dc825bf0df,FirstNumber=51,secondNumber=1521}  added by thread pool-3-thread-6
 message  {Id=15ea3224-7338-434a-abb0-ebf299d2cea4,FirstNumber=272,secondNumber=1900}  written to file by thread pool-3-thread-5
 message  {Id=4e245312-d948-4ec6-947d-1045a8bbafce,FirstNumber=631,secondNumber=433}  added by thread pool-3-thread-6
 message  {Id=bade3ec4-c275-49e2-8000-08679651865c,FirstNumber=452,secondNumber=931}  written to file by thread pool-3-thread-5
 message  {Id=2b00593d-8bce-4f96-8619-2439a268a340,FirstNumber=998,secondNumber=479}  added by thread pool-3-thread-6
 message  {Id=0e5e09c5-2878-4cd6-97b9-a0468c7b426c,FirstNumber=621,secondNumber=71}  written to file by thread pool-3-thread-5
 message  {Id=6e538d83-2001-4d8c-b333-984f30e4d9f5,FirstNumber=549,secondNumber=1016}  added by thread pool-3-thread-6
 message  {Id=004767de-af40-4cbe-aff6-d0dc825bf0df,FirstNumber=51,secondNumber=1521}  written to file by thread pool-3-thread-5
 message  {Id=9b1133cc-12d9-4220-a8c1-aee24d42b1b1,FirstNumber=333,secondNumber=972}  added by thread pool-3-thread-6
 message  {Id=4e245312-d948-4ec6-947d-1045a8bbafce,FirstNumber=631,secondNumber=433}  written to file by thread pool-3-thread-5
 message  {Id=0d9b5bba-7ba4-4b68-b6f2-2e1e91974c7e,FirstNumber=825,secondNumber=421}  added by thread pool-3-thread-6
 message  {Id=2b00593d-8bce-4f96-8619-2439a268a340,FirstNumber=998,secondNumber=479}  written to file by thread pool-3-thread-5
 message  {Id=8acd5408-2045-43f4-b466-ab789e370d01,FirstNumber=925,secondNumber=1824}  added by thread pool-3-thread-6
 message  {Id=6e538d83-2001-4d8c-b333-984f30e4d9f5,FirstNumber=549,secondNumber=1016}  written to file by thread pool-3-thread-5
 message  {Id=3e731f9c-d8c4-4874-962b-0c65e3fe4715,FirstNumber=73,secondNumber=409}  added by thread pool-3-thread-6
 message  {Id=9b1133cc-12d9-4220-a8c1-aee24d42b1b1,FirstNumber=333,secondNumber=972}  written to file by thread pool-3-thread-5
 message  {Id=4af1c795-6e42-4891-9015-e7107eb6a2c6,FirstNumber=785,secondNumber=1901}  added by thread pool-3-thread-6
 message  {Id=0d9b5bba-7ba4-4b68-b6f2-2e1e91974c7e,FirstNumber=825,secondNumber=421}  written to file by thread pool-3-thread-5
 message  {Id=f3f69d1f-004e-4cf3-9ab3-ac7a23d12eda,FirstNumber=993,secondNumber=1553}  added by thread pool-3-thread-6
 message  {Id=8acd5408-2045-43f4-b466-ab789e370d01,FirstNumber=925,secondNumber=1824}  written to file by thread pool-3-thread-5
 message  {Id=6a529f42-59bd-49e1-a5b9-20f165e42ce0,FirstNumber=16,secondNumber=63}  added by thread pool-3-thread-6
 message  {Id=3e731f9c-d8c4-4874-962b-0c65e3fe4715,FirstNumber=73,secondNumber=409}  written to file by thread pool-3-thread-5
 message  {Id=4fcb13e1-ec97-439a-8145-bf46491df9b8,FirstNumber=541,secondNumber=877}  added by thread pool-3-thread-6
 message  {Id=4af1c795-6e42-4891-9015-e7107eb6a2c6,FirstNumber=785,secondNumber=1901}  written to file by thread pool-3-thread-5
 message  {Id=030b41f1-9642-475b-bada-89f9f3c092a3,FirstNumber=905,secondNumber=1540}  added by thread pool-3-thread-6
 message  {Id=f3f69d1f-004e-4cf3-9ab3-ac7a23d12eda,FirstNumber=993,secondNumber=1553}  written to file by thread pool-3-thread-5
 message  {Id=99540e3b-a202-4c38-9435-aadb3a73d670,FirstNumber=25,secondNumber=1800}  added by thread pool-3-thread-6
 message  {Id=6a529f42-59bd-49e1-a5b9-20f165e42ce0,FirstNumber=16,secondNumber=63}  written to file by thread pool-3-thread-5
 message  {Id=39bafc49-5823-4ed2-80b9-3054cac03ee0,FirstNumber=858,secondNumber=223}  added by thread pool-3-thread-6
 message  {Id=4fcb13e1-ec97-439a-8145-bf46491df9b8,FirstNumber=541,secondNumber=877}  written to file by thread pool-3-thread-5
 message  {Id=20e07717-eedb-4de0-b8cb-82c044b54c40,FirstNumber=50,secondNumber=45}  added by thread pool-3-thread-6
 message  {Id=030b41f1-9642-475b-bada-89f9f3c092a3,FirstNumber=905,secondNumber=1540}  written to file by thread pool-3-thread-5
 message  {Id=6e169965-ce4d-48cc-bc58-fd9ed34dd935,FirstNumber=70,secondNumber=1451}  added by thread pool-3-thread-6
 message  {Id=99540e3b-a202-4c38-9435-aadb3a73d670,FirstNumber=25,secondNumber=1800}  written to file by thread pool-3-thread-5
 message  {Id=9f01ce8b-c3b1-44ed-997a-4722de7f15e0,FirstNumber=561,secondNumber=1388}  added by thread pool-3-thread-6
 message  {Id=39bafc49-5823-4ed2-80b9-3054cac03ee0,FirstNumber=858,secondNumber=223}  written to file by thread pool-3-thread-5
 message  {Id=84f7de3e-eea6-42db-8e88-f31008d40b4b,FirstNumber=473,secondNumber=1277}  added by thread pool-3-thread-6
 message  {Id=20e07717-eedb-4de0-b8cb-82c044b54c40,FirstNumber=50,secondNumber=45}  written to file by thread pool-3-thread-5
 message  {Id=aad2758e-28c6-4eff-9fbe-5345668ce322,FirstNumber=831,secondNumber=1515}  added by thread pool-3-thread-6
 message  {Id=6e169965-ce4d-48cc-bc58-fd9ed34dd935,FirstNumber=70,secondNumber=1451}  written to file by thread pool-3-thread-5
 message  {Id=4780d59f-55f1-4db2-aea5-1b94dde95f2d,FirstNumber=77,secondNumber=22}  added by thread pool-3-thread-6
 message  {Id=9f01ce8b-c3b1-44ed-997a-4722de7f15e0,FirstNumber=561,secondNumber=1388}  written to file by thread pool-3-thread-5
 message  {Id=f52cce2f-97fe-4edc-8cd2-2e1b451dd519,FirstNumber=674,secondNumber=1253}  added by thread pool-3-thread-6
 message  {Id=84f7de3e-eea6-42db-8e88-f31008d40b4b,FirstNumber=473,secondNumber=1277}  written to file by thread pool-3-thread-5
 message  {Id=b5d3c3f6-61fc-49d4-9b51-342ad5cb568b,FirstNumber=404,secondNumber=934}  added by thread pool-3-thread-6
 message  {Id=aad2758e-28c6-4eff-9fbe-5345668ce322,FirstNumber=831,secondNumber=1515}  written to file by thread pool-3-thread-5
 message  {Id=3b40970e-c8f7-442b-84b3-5eaf9467f7e7,FirstNumber=763,secondNumber=555}  added by thread pool-3-thread-6
 message  {Id=4780d59f-55f1-4db2-aea5-1b94dde95f2d,FirstNumber=77,secondNumber=22}  written to file by thread pool-3-thread-5
 message  {Id=54aa36e0-c686-4816-a201-10bfa4e21a43,FirstNumber=480,secondNumber=3}  added by thread pool-3-thread-6
 message  {Id=f52cce2f-97fe-4edc-8cd2-2e1b451dd519,FirstNumber=674,secondNumber=1253}  written to file by thread pool-3-thread-5
 message  {Id=95aa1f70-5b7e-4686-bde2-034416f1a179,FirstNumber=355,secondNumber=274}  added by thread pool-3-thread-6
 message  {Id=b5d3c3f6-61fc-49d4-9b51-342ad5cb568b,FirstNumber=404,secondNumber=934}  written to file by thread pool-3-thread-5
 message  {Id=427acf19-a636-4d65-aa7f-ef96fdba0ac8,FirstNumber=715,secondNumber=1280}  added by thread pool-3-thread-6
 message  {Id=3b40970e-c8f7-442b-84b3-5eaf9467f7e7,FirstNumber=763,secondNumber=555}  written to file by thread pool-3-thread-5
 message  {Id=7bf1c044-6eae-4ad1-a509-b6db4929c87a,FirstNumber=695,secondNumber=158}  added by thread pool-3-thread-6
 message  {Id=54aa36e0-c686-4816-a201-10bfa4e21a43,FirstNumber=480,secondNumber=3}  written to file by thread pool-3-thread-5
 message  {Id=8deec92b-b9c1-4bb7-9ea3-76572c8dfb24,FirstNumber=226,secondNumber=235}  added by thread pool-3-thread-6
 message  {Id=95aa1f70-5b7e-4686-bde2-034416f1a179,FirstNumber=355,secondNumber=274}  written to file by thread pool-3-thread-5
 message  {Id=deac814e-958f-4e55-bd04-64f642281dc5,FirstNumber=738,secondNumber=742}  added by thread pool-3-thread-6
 message  {Id=85cfaf2c-5e2b-4616-aca7-352db745f3f4,FirstNumber=596,secondNumber=163}  added by thread pool-3-thread-6
 message  {Id=427acf19-a636-4d65-aa7f-ef96fdba0ac8,FirstNumber=715,secondNumber=1280}  written to file by thread pool-3-thread-5
 message  {Id=9fcc7414-0ccf-4e9d-9952-6d19a804b920,FirstNumber=253,secondNumber=659}  added by thread pool-3-thread-6
 message  {Id=7bf1c044-6eae-4ad1-a509-b6db4929c87a,FirstNumber=695,secondNumber=158}  written to file by thread pool-3-thread-5
 message  {Id=ea4acf74-f1ed-4ccb-a44d-582b7e89b464,FirstNumber=528,secondNumber=1184}  added by thread pool-3-thread-6
 message  {Id=8deec92b-b9c1-4bb7-9ea3-76572c8dfb24,FirstNumber=226,secondNumber=235}  written to file by thread pool-3-thread-5
 message  {Id=e1cbaeb1-255c-45f2-ab70-c645f9a2c173,FirstNumber=518,secondNumber=1826}  added by thread pool-3-thread-6
 message  {Id=deac814e-958f-4e55-bd04-64f642281dc5,FirstNumber=738,secondNumber=742}  written to file by thread pool-3-thread-5
 message  {Id=d95ac3df-682e-43a2-bfff-60f244d341ae,FirstNumber=434,secondNumber=801}  added by thread pool-3-thread-6
 message  {Id=85cfaf2c-5e2b-4616-aca7-352db745f3f4,FirstNumber=596,secondNumber=163}  written to file by thread pool-3-thread-5
 message  {Id=4b4cfe23-fe8d-40fa-9700-a551885f9ac1,FirstNumber=978,secondNumber=356}  added by thread pool-3-thread-6
 message  {Id=9fcc7414-0ccf-4e9d-9952-6d19a804b920,FirstNumber=253,secondNumber=659}  written to file by thread pool-3-thread-5
 message  {Id=c4b30291-f380-4180-a7cc-ed87704eb8a9,FirstNumber=822,secondNumber=1947}  added by thread pool-3-thread-6
 message  {Id=94a632da-71f5-45a3-b18c-6c7f943b387d,FirstNumber=309,secondNumber=162}  added by thread pool-3-thread-6
 message  {Id=e1cbaeb1-255c-45f2-ab70-c645f9a2c173,FirstNumber=518,secondNumber=1826}  written to file by thread pool-3-thread-3
 message  {Id=d95ac3df-682e-43a2-bfff-60f244d341ae,FirstNumber=434,secondNumber=801}  written to file by thread pool-3-thread-4
 message  {Id=e707bf94-632a-4c05-b7bf-00582f82c798,FirstNumber=568,secondNumber=886}  added by thread pool-3-thread-6
 message  {Id=4b4cfe23-fe8d-40fa-9700-a551885f9ac1,FirstNumber=978,secondNumber=356}  written to file by thread pool-3-thread-1
 message  {Id=c4b30291-f380-4180-a7cc-ed87704eb8a9,FirstNumber=822,secondNumber=1947}  written to file by thread pool-3-thread-3
 message  {Id=94a632da-71f5-45a3-b18c-6c7f943b387d,FirstNumber=309,secondNumber=162}  written to file by thread pool-3-thread-4
 message  {Id=e707bf94-632a-4c05-b7bf-00582f82c798,FirstNumber=568,secondNumber=886}  written to file by thread pool-3-thread-1
 message  {Id=ea4acf74-f1ed-4ccb-a44d-582b7e89b464,FirstNumber=528,secondNumber=1184}  written to file by thread pool-3-thread-5
 message  {Id=c4ba91ff-0920-43af-bd65-9e388468bf70,FirstNumber=696,secondNumber=151}  added by thread pool-3-thread-6
 message  {Id=52767dcb-4da9-46c4-9835-0e6c42e0b315,FirstNumber=395,secondNumber=616}  added by thread pool-3-thread-6
 message  {Id=c4ba91ff-0920-43af-bd65-9e388468bf70,FirstNumber=696,secondNumber=151}  written to file by thread pool-3-thread-4
 message  {Id=52767dcb-4da9-46c4-9835-0e6c42e0b315,FirstNumber=395,secondNumber=616}  written to file by thread pool-3-thread-2
 message  {Id=4788c50d-acde-44c0-8f2a-66f45dd520e1,FirstNumber=508,secondNumber=1879}  added by thread pool-3-thread-6
 message  {Id=4788c50d-acde-44c0-8f2a-66f45dd520e1,FirstNumber=508,secondNumber=1879}  written to file by thread pool-3-thread-1
 message  {Id=db370336-fb4f-467e-91b0-586a67479cc9,FirstNumber=766,secondNumber=583}  added by thread pool-3-thread-6
 message  {Id=db370336-fb4f-467e-91b0-586a67479cc9,FirstNumber=766,secondNumber=583}  written to file by thread pool-3-thread-3
 message  {Id=69ffc9fb-d7d6-4972-9b74-e30fa5725449,FirstNumber=651,secondNumber=1454}  added by thread pool-3-thread-6
 message  {Id=69ffc9fb-d7d6-4972-9b74-e30fa5725449,FirstNumber=651,secondNumber=1454}  written to file by thread pool-3-thread-3
 message  {Id=c5ec8c17-cf52-4ee3-a6bd-71a90b852c1d,FirstNumber=740,secondNumber=509}  added by thread pool-3-thread-6
 message  {Id=c5ec8c17-cf52-4ee3-a6bd-71a90b852c1d,FirstNumber=740,secondNumber=509}  written to file by thread pool-3-thread-3
 message  {Id=71f06e06-720f-4797-8e2d-0dd39c2c20d0,FirstNumber=250,secondNumber=1156}  added by thread pool-3-thread-6
 message  {Id=71f06e06-720f-4797-8e2d-0dd39c2c20d0,FirstNumber=250,secondNumber=1156}  written to file by thread pool-3-thread-4
 message  {Id=9cfb460b-2983-4031-bc8a-ea64149fc168,FirstNumber=448,secondNumber=575}  added by thread pool-3-thread-6
 message  {Id=9cfb460b-2983-4031-bc8a-ea64149fc168,FirstNumber=448,secondNumber=575}  written to file by thread pool-3-thread-4
 message  {Id=e0e00037-db96-4220-b12b-87b7b4e9b76b,FirstNumber=874,secondNumber=1384}  added by thread pool-3-thread-6
 message  {Id=e0e00037-db96-4220-b12b-87b7b4e9b76b,FirstNumber=874,secondNumber=1384}  written to file by thread pool-3-thread-2
 message  {Id=fe9bf54f-1656-49e8-ac1d-124cc4163d38,FirstNumber=28,secondNumber=446}  added by thread pool-3-thread-6
 message  {Id=fe9bf54f-1656-49e8-ac1d-124cc4163d38,FirstNumber=28,secondNumber=446}  written to file by thread pool-3-thread-2
 message  {Id=be848c0e-328b-41a9-a889-733d3494b412,FirstNumber=758,secondNumber=912}  added by thread pool-3-thread-6
 message  {Id=82a67697-d71b-4ead-8794-00e1e41546cd,FirstNumber=352,secondNumber=671}  added by thread pool-3-thread-6
 message  {Id=be848c0e-328b-41a9-a889-733d3494b412,FirstNumber=758,secondNumber=912}  written to file by thread pool-3-thread-3
 message  {Id=82a67697-d71b-4ead-8794-00e1e41546cd,FirstNumber=352,secondNumber=671}  written to file by thread pool-3-thread-1
 message  {Id=53700339-6429-4e72-bb7f-e9c53c654c60,FirstNumber=678,secondNumber=285}  added by thread pool-3-thread-6
 message  {Id=53700339-6429-4e72-bb7f-e9c53c654c60,FirstNumber=678,secondNumber=285}  written to file by thread pool-3-thread-4
 message  {Id=248c0e44-d3ba-4b9f-b4c7-fb9ae80613ee,FirstNumber=959,secondNumber=1986}  added by thread pool-3-thread-6
 message  {Id=248c0e44-d3ba-4b9f-b4c7-fb9ae80613ee,FirstNumber=959,secondNumber=1986}  written to file by thread pool-3-thread-4
 message  {Id=ecfba52e-1008-4dec-8dab-c48969910898,FirstNumber=291,secondNumber=1873}  added by thread pool-3-thread-6
 message  {Id=ecfba52e-1008-4dec-8dab-c48969910898,FirstNumber=291,secondNumber=1873}  written to file by thread pool-3-thread-2
 message  {Id=064ca91a-5217-45ae-9425-05ea6506e1fb,FirstNumber=908,secondNumber=263}  added by thread pool-3-thread-6
 message  {Id=064ca91a-5217-45ae-9425-05ea6506e1fb,FirstNumber=908,secondNumber=263}  written to file by thread pool-3-thread-2
 message  {Id=b0c04775-9275-433f-bf77-d503b05c412e,FirstNumber=432,secondNumber=352}  added by thread pool-3-thread-6
 message  {Id=b0c04775-9275-433f-bf77-d503b05c412e,FirstNumber=432,secondNumber=352}  written to file by thread pool-3-thread-1
 message  {Id=b6baba2d-772e-4412-bc05-efa0f9efbdd0,FirstNumber=756,secondNumber=837}  added by thread pool-3-thread-6
 message  {Id=b6baba2d-772e-4412-bc05-efa0f9efbdd0,FirstNumber=756,secondNumber=837}  written to file by thread pool-3-thread-5
 message  {Id=d9c5e6bf-e0f7-4687-9f14-29fc150dd50c,FirstNumber=400,secondNumber=1623}  added by thread pool-3-thread-6
 message  {Id=d9c5e6bf-e0f7-4687-9f14-29fc150dd50c,FirstNumber=400,secondNumber=1623}  written to file by thread pool-3-thread-5
 message  {Id=69e385c8-27b3-41b4-8733-876c1cc6d177,FirstNumber=467,secondNumber=853}  added by thread pool-3-thread-6
 message  {Id=69e385c8-27b3-41b4-8733-876c1cc6d177,FirstNumber=467,secondNumber=853}  written to file by thread pool-3-thread-3
 message  {Id=f403a6bb-04b9-458d-9057-73836ef2fa30,FirstNumber=622,secondNumber=1088}  added by thread pool-3-thread-6
 message  {Id=f403a6bb-04b9-458d-9057-73836ef2fa30,FirstNumber=622,secondNumber=1088}  written to file by thread pool-3-thread-2
 message  {Id=d6366816-45b2-4e03-bf62-2b89a010a457,FirstNumber=820,secondNumber=241}  added by thread pool-3-thread-6
 message  {Id=d6366816-45b2-4e03-bf62-2b89a010a457,FirstNumber=820,secondNumber=241}  written to file by thread pool-3-thread-1
 message  {Id=6ec55db3-0d9b-456d-a796-7067320eb59b,FirstNumber=63,secondNumber=339}  added by thread pool-3-thread-6
 message  {Id=6ec55db3-0d9b-456d-a796-7067320eb59b,FirstNumber=63,secondNumber=339}  written to file by thread pool-3-thread-4
 message  {Id=8a2b45d8-75e9-4706-a19c-fb81542b74a2,FirstNumber=77,secondNumber=464}  added by thread pool-3-thread-6
 message  {Id=8a2b45d8-75e9-4706-a19c-fb81542b74a2,FirstNumber=77,secondNumber=464}  written to file by thread pool-3-thread-5
 message  {Id=444c0283-31f3-4c89-8e0c-3538ed02830f,FirstNumber=718,secondNumber=944}  added by thread pool-3-thread-6
 message  {Id=75aa95c2-6b39-4454-bcfb-230fc150b786,FirstNumber=62,secondNumber=120}  added by thread pool-3-thread-6
 message  {Id=444c0283-31f3-4c89-8e0c-3538ed02830f,FirstNumber=718,secondNumber=944}  written to file by thread pool-3-thread-3
 message  {Id=75aa95c2-6b39-4454-bcfb-230fc150b786,FirstNumber=62,secondNumber=120}  written to file by thread pool-3-thread-2
 message  {Id=4d865fa9-2b18-4d32-93b9-c8e655f08f29,FirstNumber=244,secondNumber=183}  added by thread pool-3-thread-6
 message  {Id=4d865fa9-2b18-4d32-93b9-c8e655f08f29,FirstNumber=244,secondNumber=183}  written to file by thread pool-3-thread-2
 message  {Id=865a76c8-87da-4f66-acb9-ecdb1db52be8,FirstNumber=521,secondNumber=1884}  added by thread pool-3-thread-6
 message  {Id=865a76c8-87da-4f66-acb9-ecdb1db52be8,FirstNumber=521,secondNumber=1884}  written to file by thread pool-3-thread-2
 message  {Id=19e466c4-760b-4700-85cf-63203d088b0a,FirstNumber=676,secondNumber=602}  added by thread pool-3-thread-6
 message  {Id=19e466c4-760b-4700-85cf-63203d088b0a,FirstNumber=676,secondNumber=602}  written to file by thread pool-3-thread-5
 message  {Id=f6e584f9-7a82-45d9-b05c-961f69de6386,FirstNumber=973,secondNumber=1261}  added by thread pool-3-thread-6
 message  {Id=f6e584f9-7a82-45d9-b05c-961f69de6386,FirstNumber=973,secondNumber=1261}  written to file by thread pool-3-thread-5
 message  {Id=ac4050d2-d859-4f00-9641-21a3ce8c8059,FirstNumber=261,secondNumber=595}  added by thread pool-3-thread-6
 message  {Id=ac4050d2-d859-4f00-9641-21a3ce8c8059,FirstNumber=261,secondNumber=595}  written to file by thread pool-3-thread-1
 message  {Id=841a65b6-8ffd-456b-9f15-9bd2b1a1a13b,FirstNumber=279,secondNumber=768}  added by thread pool-3-thread-6
 message  {Id=841a65b6-8ffd-456b-9f15-9bd2b1a1a13b,FirstNumber=279,secondNumber=768}  written to file by thread pool-3-thread-4
 message  {Id=6d701840-8b3d-4204-b2f2-672e14637b89,FirstNumber=154,secondNumber=1381}  added by thread pool-3-thread-6
 message  {Id=6d701840-8b3d-4204-b2f2-672e14637b89,FirstNumber=154,secondNumber=1381}  written to file by thread pool-3-thread-2
 message  {Id=54293561-9a66-4c52-904d-bd13b55728ef,FirstNumber=716,secondNumber=1650}  added by thread pool-3-thread-6
 message  {Id=54293561-9a66-4c52-904d-bd13b55728ef,FirstNumber=716,secondNumber=1650}  written to file by thread pool-3-thread-3
 message  {Id=4414ec34-8f77-4544-9de1-2991955d71e9,FirstNumber=62,secondNumber=1381}  added by thread pool-3-thread-6
 message  {Id=4414ec34-8f77-4544-9de1-2991955d71e9,FirstNumber=62,secondNumber=1381}  written to file by thread pool-3-thread-5
 message  {Id=625c6411-9019-4739-9690-11718f0adfeb,FirstNumber=376,secondNumber=1146}  added by thread pool-3-thread-6
 message  {Id=625c6411-9019-4739-9690-11718f0adfeb,FirstNumber=376,secondNumber=1146}  written to file by thread pool-3-thread-1
 message  {Id=55cac0ff-9897-4215-9dda-3e80b57aa9ee,FirstNumber=902,secondNumber=1916}  added by thread pool-3-thread-6
 message  {Id=55cac0ff-9897-4215-9dda-3e80b57aa9ee,FirstNumber=902,secondNumber=1916}  written to file by thread pool-3-thread-4
 message  {Id=c720dc3f-d66a-4013-91c6-2cefb81bfb7e,FirstNumber=890,secondNumber=354}  added by thread pool-3-thread-6
 message  {Id=c720dc3f-d66a-4013-91c6-2cefb81bfb7e,FirstNumber=890,secondNumber=354}  written to file by thread pool-3-thread-4
 message  {Id=af322936-d73f-4bff-933a-a201acb5e892,FirstNumber=87,secondNumber=1495}  added by thread pool-3-thread-6
 message  {Id=eac763d4-3595-4f95-ae62-91271a67d21f,FirstNumber=981,secondNumber=1061}  added by thread pool-3-thread-6
 message  {Id=af322936-d73f-4bff-933a-a201acb5e892,FirstNumber=87,secondNumber=1495}  written to file by thread pool-3-thread-3
 message  {Id=eac763d4-3595-4f95-ae62-91271a67d21f,FirstNumber=981,secondNumber=1061}  written to file by thread pool-3-thread-5
 message  {Id=1a108c90-fabc-4113-a2c2-172022c2ffcc,FirstNumber=190,secondNumber=580}  added by thread pool-3-thread-6
 message  {Id=1a108c90-fabc-4113-a2c2-172022c2ffcc,FirstNumber=190,secondNumber=580}  written to file by thread pool-3-thread-1
 message  {Id=bbfe8408-2878-434d-ba3f-051a64f9caf7,FirstNumber=298,secondNumber=1136}  added by thread pool-3-thread-6
 message  {Id=bbfe8408-2878-434d-ba3f-051a64f9caf7,FirstNumber=298,secondNumber=1136}  written to file by thread pool-3-thread-2
 message  {Id=e3567f46-669a-4053-bfb4-4fce0a4e77c3,FirstNumber=12,secondNumber=1439}  added by thread pool-3-thread-6
 message  {Id=e3567f46-669a-4053-bfb4-4fce0a4e77c3,FirstNumber=12,secondNumber=1439}  written to file by thread pool-3-thread-2
 message  {Id=902e3e9a-4f5b-45bc-a5dc-8591aea39228,FirstNumber=236,secondNumber=1866}  added by thread pool-3-thread-6
 message  {Id=902e3e9a-4f5b-45bc-a5dc-8591aea39228,FirstNumber=236,secondNumber=1866}  written to file by thread pool-3-thread-3
 message  {Id=6b1d9ff6-4f23-4354-a8fa-39e883b72864,FirstNumber=476,secondNumber=1720}  added by thread pool-3-thread-6
 message  {Id=6b1d9ff6-4f23-4354-a8fa-39e883b72864,FirstNumber=476,secondNumber=1720}  written to file by thread pool-3-thread-5
 message  {Id=59f87b33-47c4-46a8-9db7-63b424ac4b27,FirstNumber=931,secondNumber=1264}  added by thread pool-3-thread-6
 message  {Id=59f87b33-47c4-46a8-9db7-63b424ac4b27,FirstNumber=931,secondNumber=1264}  written to file by thread pool-3-thread-1
 message  {Id=b057dd93-3108-43f1-90bc-b117e33118fd,FirstNumber=309,secondNumber=1}  added by thread pool-3-thread-6
 message  {Id=b057dd93-3108-43f1-90bc-b117e33118fd,FirstNumber=309,secondNumber=1}  written to file by thread pool-3-thread-1
 message  {Id=1cfc513d-0870-4b63-aea4-eaae4766c12b,FirstNumber=92,secondNumber=1531}  added by thread pool-3-thread-6
 message  {Id=1cfc513d-0870-4b63-aea4-eaae4766c12b,FirstNumber=92,secondNumber=1531}  written to file by thread pool-3-thread-1
 message  {Id=806da7e6-99ed-4290-9332-45e060effe55,FirstNumber=883,secondNumber=215}  added by thread pool-3-thread-6
 message  {Id=3ada57d6-2ebb-490f-af42-f98a6a382f61,FirstNumber=593,secondNumber=839}  added by thread pool-3-thread-6
 message  {Id=806da7e6-99ed-4290-9332-45e060effe55,FirstNumber=883,secondNumber=215}  written to file by thread pool-3-thread-3
 message  {Id=3ada57d6-2ebb-490f-af42-f98a6a382f61,FirstNumber=593,secondNumber=839}  written to file by thread pool-3-thread-5
 message  {Id=c9e99c52-18a2-4cb4-b7ce-76c0df7c9cf0,FirstNumber=369,secondNumber=1649}  added by thread pool-3-thread-6
 message  {Id=56e08861-c91a-48f4-b51d-8aec2b7d8815,FirstNumber=376,secondNumber=824}  added by thread pool-3-thread-6
 message  {Id=c9e99c52-18a2-4cb4-b7ce-76c0df7c9cf0,FirstNumber=369,secondNumber=1649}  written to file by thread pool-3-thread-4
 message  {Id=56e08861-c91a-48f4-b51d-8aec2b7d8815,FirstNumber=376,secondNumber=824}  written to file by thread pool-3-thread-2
 message  {Id=7d812012-d489-4154-91d4-a4bfe9b993d8,FirstNumber=161,secondNumber=1664}  added by thread pool-3-thread-6
 message  {Id=7d812012-d489-4154-91d4-a4bfe9b993d8,FirstNumber=161,secondNumber=1664}  written to file by thread pool-3-thread-2
 message  {Id=cabd090e-97a9-4684-a6f6-b78a52cd1b25,FirstNumber=270,secondNumber=1901}  added by thread pool-3-thread-6
 message  {Id=cabd090e-97a9-4684-a6f6-b78a52cd1b25,FirstNumber=270,secondNumber=1901}  written to file by thread pool-3-thread-2
 message  {Id=d0ea3a2e-3a14-4cd8-b376-691a99c4781e,FirstNumber=694,secondNumber=253}  added by thread pool-3-thread-6
 message  {Id=d0ea3a2e-3a14-4cd8-b376-691a99c4781e,FirstNumber=694,secondNumber=253}  written to file by thread pool-3-thread-5
 message  {Id=bbbfd7da-2a1d-419d-ab91-0f0cfc5975e4,FirstNumber=499,secondNumber=545}  added by thread pool-3-thread-6
 message  {Id=bbbfd7da-2a1d-419d-ab91-0f0cfc5975e4,FirstNumber=499,secondNumber=545}  written to file by thread pool-3-thread-5
 message  {Id=7f06942b-d928-4cbc-8243-f919def77adf,FirstNumber=715,secondNumber=1487}  added by thread pool-3-thread-6
 message  {Id=7f06942b-d928-4cbc-8243-f919def77adf,FirstNumber=715,secondNumber=1487}  written to file by thread pool-3-thread-5
 message  {Id=6914d193-fc17-4c2b-b034-bc418d7a2a4f,FirstNumber=88,secondNumber=1701}  added by thread pool-3-thread-6
 message  {Id=6914d193-fc17-4c2b-b034-bc418d7a2a4f,FirstNumber=88,secondNumber=1701}  written to file by thread pool-3-thread-5
 message  {Id=7b494829-431b-4e74-bbb7-f013878c4bf3,FirstNumber=449,secondNumber=1469}  added by thread pool-3-thread-6
 message  {Id=7b494829-431b-4e74-bbb7-f013878c4bf3,FirstNumber=449,secondNumber=1469}  written to file by thread pool-3-thread-2
 message  {Id=67a0fcf2-9f90-4a11-b4eb-32876e9eeefe,FirstNumber=532,secondNumber=751}  added by thread pool-3-thread-6
 message  {Id=67a0fcf2-9f90-4a11-b4eb-32876e9eeefe,FirstNumber=532,secondNumber=751}  written to file by thread pool-3-thread-2
 message  {Id=189b9a32-ff92-4997-bfb0-76a9da9db285,FirstNumber=702,secondNumber=254}  added by thread pool-3-thread-6
 message  {Id=189b9a32-ff92-4997-bfb0-76a9da9db285,FirstNumber=702,secondNumber=254}  written to file by thread pool-3-thread-1
 message  {Id=d9d05a55-d82b-42e9-a7ae-1161c9bad06c,FirstNumber=662,secondNumber=699}  added by thread pool-3-thread-6
 message  {Id=d9d05a55-d82b-42e9-a7ae-1161c9bad06c,FirstNumber=662,secondNumber=699}  written to file by thread pool-3-thread-3
 message  {Id=b0f937b0-e9a2-434f-b91f-2a67172059f3,FirstNumber=313,secondNumber=1114}  added by thread pool-3-thread-6
 message  {Id=b0f937b0-e9a2-434f-b91f-2a67172059f3,FirstNumber=313,secondNumber=1114}  written to file by thread pool-3-thread-5
 message  {Id=8202d86d-be3a-4c83-9984-c38a7085b0d2,FirstNumber=989,secondNumber=180}  added by thread pool-3-thread-6
 message  {Id=8202d86d-be3a-4c83-9984-c38a7085b0d2,FirstNumber=989,secondNumber=180}  written to file by thread pool-3-thread-5
 message  {Id=d81430d8-721f-47c3-84ba-0f5619585be7,FirstNumber=7,secondNumber=1535}  added by thread pool-3-thread-6
 message  {Id=d81430d8-721f-47c3-84ba-0f5619585be7,FirstNumber=7,secondNumber=1535}  written to file by thread pool-3-thread-2
 message  {Id=b2b1df62-777c-412c-b27f-69026b6ba388,FirstNumber=554,secondNumber=1166}  added by thread pool-3-thread-6
 message  {Id=b2b1df62-777c-412c-b27f-69026b6ba388,FirstNumber=554,secondNumber=1166}  written to file by thread pool-3-thread-2
 message  {Id=5acc0d33-eea2-40d5-b633-af41667ecf41,FirstNumber=437,secondNumber=185}  added by thread pool-3-thread-6
 message  {Id=5acc0d33-eea2-40d5-b633-af41667ecf41,FirstNumber=437,secondNumber=185}  written to file by thread pool-3-thread-3
 message  {Id=4a0d8592-9bf8-4cf2-a7ca-4a5c40454cd1,FirstNumber=141,secondNumber=51}  added by thread pool-3-thread-6
 message  {Id=4a0d8592-9bf8-4cf2-a7ca-4a5c40454cd1,FirstNumber=141,secondNumber=51}  written to file by thread pool-3-thread-4
 message  {Id=eb956b28-aae0-4d7b-ac74-3c89246d8d92,FirstNumber=151,secondNumber=945}  added by thread pool-3-thread-6
 message  {Id=eb956b28-aae0-4d7b-ac74-3c89246d8d92,FirstNumber=151,secondNumber=945}  written to file by thread pool-3-thread-5
 message  {Id=a8f70b8d-bea9-46be-9260-9c60124144cf,FirstNumber=256,secondNumber=1243}  added by thread pool-3-thread-6
 message  {Id=a8f70b8d-bea9-46be-9260-9c60124144cf,FirstNumber=256,secondNumber=1243}  written to file by thread pool-3-thread-5
 message  {Id=eb221dfb-9cd2-442c-bfe8-55418eccb23d,FirstNumber=21,secondNumber=217}  added by thread pool-3-thread-6
 message  {Id=eb221dfb-9cd2-442c-bfe8-55418eccb23d,FirstNumber=21,secondNumber=217}  written to file by thread pool-3-thread-2
 message  {Id=789cca80-27ec-4ca5-9c21-c47de64719f1,FirstNumber=127,secondNumber=1393}  added by thread pool-3-thread-6
 message  {Id=789cca80-27ec-4ca5-9c21-c47de64719f1,FirstNumber=127,secondNumber=1393}  written to file by thread pool-3-thread-3
 message  {Id=d39be1d2-9575-4ca0-8494-706db98bd27f,FirstNumber=627,secondNumber=2}  added by thread pool-3-thread-6
 message  {Id=d39be1d2-9575-4ca0-8494-706db98bd27f,FirstNumber=627,secondNumber=2}  written to file by thread pool-3-thread-4
 message  {Id=8e4c0ab9-55bd-4104-8f81-6f1d04ed0596,FirstNumber=149,secondNumber=655}  added by thread pool-3-thread-6
 message  {Id=8e4c0ab9-55bd-4104-8f81-6f1d04ed0596,FirstNumber=149,secondNumber=655}  written to file by thread pool-3-thread-4
 message  {Id=444321f4-e2da-4ed5-81ad-c5b7b3264ea6,FirstNumber=549,secondNumber=1879}  added by thread pool-3-thread-6
 message  {Id=444321f4-e2da-4ed5-81ad-c5b7b3264ea6,FirstNumber=549,secondNumber=1879}  written to file by thread pool-3-thread-5
 message  {Id=6bbbb51b-0cd9-47be-9e18-2c7a3ae54d00,FirstNumber=375,secondNumber=1534}  added by thread pool-3-thread-6
 message  {Id=6bbbb51b-0cd9-47be-9e18-2c7a3ae54d00,FirstNumber=375,secondNumber=1534}  written to file by thread pool-3-thread-5
 message  {Id=e91e05b0-f049-427b-893e-411052e5f3cf,FirstNumber=367,secondNumber=705}  added by thread pool-3-thread-6
 message  {Id=1b062556-1959-4807-a23f-7fdeb22edf82,FirstNumber=569,secondNumber=1996}  added by thread pool-3-thread-6
 message  {Id=e91e05b0-f049-427b-893e-411052e5f3cf,FirstNumber=367,secondNumber=705}  written to file by thread pool-3-thread-3
 message  {Id=1b062556-1959-4807-a23f-7fdeb22edf82,FirstNumber=569,secondNumber=1996}  written to file by thread pool-3-thread-1
 message  {Id=e39e8d5a-6217-4966-86bb-ea34153fc292,FirstNumber=917,secondNumber=1854}  added by thread pool-3-thread-6
 message  {Id=e39e8d5a-6217-4966-86bb-ea34153fc292,FirstNumber=917,secondNumber=1854}  written to file by thread pool-3-thread-4
 message  {Id=7283b318-810b-4cfb-87ea-da38023c24e8,FirstNumber=144,secondNumber=1014}  added by thread pool-3-thread-6
 message  {Id=7283b318-810b-4cfb-87ea-da38023c24e8,FirstNumber=144,secondNumber=1014}  written to file by thread pool-3-thread-4
 message  {Id=bb3605f5-3f6f-4204-808b-31b9b4e751bc,FirstNumber=734,secondNumber=1152}  added by thread pool-3-thread-6
 message  {Id=bb3605f5-3f6f-4204-808b-31b9b4e751bc,FirstNumber=734,secondNumber=1152}  written to file by thread pool-3-thread-5
 message  {Id=014a8548-60cf-4605-8482-b76c740d5ef5,FirstNumber=754,secondNumber=1733}  added by thread pool-3-thread-6
 message  {Id=014a8548-60cf-4605-8482-b76c740d5ef5,FirstNumber=754,secondNumber=1733}  written to file by thread pool-3-thread-3
 message  {Id=e6ba9780-701b-4d57-8e1d-ece30305461f,FirstNumber=71,secondNumber=1587}  added by thread pool-3-thread-6
 message  {Id=e6ba9780-701b-4d57-8e1d-ece30305461f,FirstNumber=71,secondNumber=1587}  written to file by thread pool-3-thread-1
 message  {Id=aec55fb9-8254-4156-b49a-5e17cfc70248,FirstNumber=927,secondNumber=1714}  added by thread pool-3-thread-6
 message  {Id=aec55fb9-8254-4156-b49a-5e17cfc70248,FirstNumber=927,secondNumber=1714}  written to file by thread pool-3-thread-1
 message  {Id=1d87ad90-f3ee-4c72-a833-87904375a8d0,FirstNumber=2,secondNumber=1374}  added by thread pool-3-thread-6
 message  {Id=1d87ad90-f3ee-4c72-a833-87904375a8d0,FirstNumber=2,secondNumber=1374}  written to file by thread pool-3-thread-4
 message  {Id=bf75ffcd-9c6d-4d2a-a5f6-e94cd3eadd8f,FirstNumber=812,secondNumber=1166}  added by thread pool-3-thread-6
 message  {Id=bf75ffcd-9c6d-4d2a-a5f6-e94cd3eadd8f,FirstNumber=812,secondNumber=1166}  written to file by thread pool-3-thread-4
 message  {Id=93145b2f-b1c2-4c5e-bbc2-55cc13a9eb4e,FirstNumber=314,secondNumber=1124}  added by thread pool-3-thread-6
 message  {Id=620fe31e-ca54-40e2-9c70-5c38fe8e3df3,FirstNumber=320,secondNumber=1675}  added by thread pool-3-thread-6
 message  {Id=93145b2f-b1c2-4c5e-bbc2-55cc13a9eb4e,FirstNumber=314,secondNumber=1124}  written to file by thread pool-3-thread-3
 message  {Id=620fe31e-ca54-40e2-9c70-5c38fe8e3df3,FirstNumber=320,secondNumber=1675}  written to file by thread pool-3-thread-2
 message  {Id=4f6c9e1b-db1d-4654-b292-d9487a3b181d,FirstNumber=504,secondNumber=1413}  added by thread pool-3-thread-6
 message  {Id=4f6c9e1b-db1d-4654-b292-d9487a3b181d,FirstNumber=504,secondNumber=1413}  written to file by thread pool-3-thread-1
 message  {Id=2c2b3465-4302-4200-9a96-38a8193279c1,FirstNumber=660,secondNumber=1849}  added by thread pool-3-thread-6
 message  {Id=2c2b3465-4302-4200-9a96-38a8193279c1,FirstNumber=660,secondNumber=1849}  written to file by thread pool-3-thread-1
 message  {Id=cce696a3-6992-4999-90c7-db796dd1bf5e,FirstNumber=495,secondNumber=1634}  added by thread pool-3-thread-6
 message  {Id=cce696a3-6992-4999-90c7-db796dd1bf5e,FirstNumber=495,secondNumber=1634}  written to file by thread pool-3-thread-4
 message  {Id=43675c68-41dc-4ddb-9a8e-a27dcae3b3cf,FirstNumber=479,secondNumber=599}  added by thread pool-3-thread-6
 message  {Id=43675c68-41dc-4ddb-9a8e-a27dcae3b3cf,FirstNumber=479,secondNumber=599}  written to file by thread pool-3-thread-3
 message  {Id=98208827-9fb4-41d5-972c-778a39d0d414,FirstNumber=768,secondNumber=1629}  added by thread pool-3-thread-6
 message  {Id=98208827-9fb4-41d5-972c-778a39d0d414,FirstNumber=768,secondNumber=1629}  written to file by thread pool-3-thread-2
 message  {Id=547029f5-60db-4eb9-a15c-ec6f8c53a6ca,FirstNumber=687,secondNumber=41}  added by thread pool-3-thread-6
 message  {Id=547029f5-60db-4eb9-a15c-ec6f8c53a6ca,FirstNumber=687,secondNumber=41}  written to file by thread pool-3-thread-2
 message  {Id=6a6a49f8-382c-4bdf-9e25-9c3f11560ec3,FirstNumber=148,secondNumber=1661}  added by thread pool-3-thread-6
 message  {Id=6a6a49f8-382c-4bdf-9e25-9c3f11560ec3,FirstNumber=148,secondNumber=1661}  written to file by thread pool-3-thread-1
 message  {Id=6d40aa55-a1d8-4241-bd2b-cf50b695be27,FirstNumber=568,secondNumber=1495}  added by thread pool-3-thread-6
 message  {Id=6d40aa55-a1d8-4241-bd2b-cf50b695be27,FirstNumber=568,secondNumber=1495}  written to file by thread pool-3-thread-1
 message  {Id=03f3d44c-115c-4df2-9fb1-f966dcc4a3f4,FirstNumber=825,secondNumber=158}  added by thread pool-3-thread-6
 message  {Id=03f3d44c-115c-4df2-9fb1-f966dcc4a3f4,FirstNumber=825,secondNumber=158}  written to file by thread pool-3-thread-1
 message  {Id=f3a7692a-ebdd-45a6-bcf9-63aebb9db53e,FirstNumber=213,secondNumber=879}  added by thread pool-3-thread-6
 message  {Id=f3a7692a-ebdd-45a6-bcf9-63aebb9db53e,FirstNumber=213,secondNumber=879}  written to file by thread pool-3-thread-5
 message  {Id=3f1295ab-5e04-4241-b28f-41cbe4b7b8d6,FirstNumber=412,secondNumber=381}  added by thread pool-3-thread-6
 message  {Id=3f1295ab-5e04-4241-b28f-41cbe4b7b8d6,FirstNumber=412,secondNumber=381}  written to file by thread pool-3-thread-2
 message  {Id=d47ba475-eab2-4f22-9251-e0308440b9a7,FirstNumber=220,secondNumber=418}  added by thread pool-3-thread-6
 message  {Id=d47ba475-eab2-4f22-9251-e0308440b9a7,FirstNumber=220,secondNumber=418}  written to file by thread pool-3-thread-2
 message  {Id=7268a2de-c9e3-4382-99ed-f7613f03a00f,FirstNumber=519,secondNumber=1619}  added by thread pool-3-thread-6
 message  {Id=8c10ab9c-b725-4a02-a2eb-067c894b3256,FirstNumber=794,secondNumber=400}  added by thread pool-3-thread-6
 message  {Id=7268a2de-c9e3-4382-99ed-f7613f03a00f,FirstNumber=519,secondNumber=1619}  written to file by thread pool-3-thread-3
 message  {Id=8c10ab9c-b725-4a02-a2eb-067c894b3256,FirstNumber=794,secondNumber=400}  written to file by thread pool-3-thread-1
 message  {Id=abd77593-d2e8-4b25-9d62-acfb6ff422bb,FirstNumber=225,secondNumber=111}  added by thread pool-3-thread-6
 message  {Id=abd77593-d2e8-4b25-9d62-acfb6ff422bb,FirstNumber=225,secondNumber=111}  written to file by thread pool-3-thread-5
 message  {Id=0549f5b0-d7d5-4fec-9b65-8c667eb17f12,FirstNumber=299,secondNumber=665}  added by thread pool-3-thread-6
 message  {Id=0549f5b0-d7d5-4fec-9b65-8c667eb17f12,FirstNumber=299,secondNumber=665}  written to file by thread pool-3-thread-5
 message  {Id=13961c78-4248-40cb-ac6e-16de4f3682c2,FirstNumber=311,secondNumber=223}  added by thread pool-3-thread-6
 message  {Id=13961c78-4248-40cb-ac6e-16de4f3682c2,FirstNumber=311,secondNumber=223}  written to file by thread pool-3-thread-2
 message  {Id=da853a34-6f8d-4354-aa97-b8dcacd8ce1f,FirstNumber=709,secondNumber=1164}  added by thread pool-3-thread-6
 message  {Id=7854f5bc-7309-42da-a883-066257844c8c,FirstNumber=432,secondNumber=1337}  added by thread pool-3-thread-6
 message  {Id=da853a34-6f8d-4354-aa97-b8dcacd8ce1f,FirstNumber=709,secondNumber=1164}  written to file by thread pool-3-thread-3
 message  {Id=7854f5bc-7309-42da-a883-066257844c8c,FirstNumber=432,secondNumber=1337}  written to file by thread pool-3-thread-1
 message  {Id=09580d6d-b90e-4e62-8827-58b2d99e128f,FirstNumber=532,secondNumber=38}  added by thread pool-3-thread-6
 message  {Id=09580d6d-b90e-4e62-8827-58b2d99e128f,FirstNumber=532,secondNumber=38}  written to file by thread pool-3-thread-1
 message  {Id=43aafe95-fd2d-4cce-a6cf-e1e5175475f0,FirstNumber=814,secondNumber=1760}  added by thread pool-3-thread-6
 message  {Id=43aafe95-fd2d-4cce-a6cf-e1e5175475f0,FirstNumber=814,secondNumber=1760}  written to file by thread pool-3-thread-5
 message  {Id=6b928b4d-2f82-4ac0-a550-e5f199a69f0d,FirstNumber=446,secondNumber=414}  added by thread pool-3-thread-6
 message  {Id=6b928b4d-2f82-4ac0-a550-e5f199a69f0d,FirstNumber=446,secondNumber=414}  written to file by thread pool-3-thread-5
 message  {Id=a967ae2d-2cf5-4901-9d62-74368ab03dc8,FirstNumber=156,secondNumber=39}  added by thread pool-3-thread-6
 message  {Id=7aceafc2-c212-46ce-8c7a-13bb4d5bb212,FirstNumber=714,secondNumber=1702}  added by thread pool-3-thread-6
 message  {Id=a967ae2d-2cf5-4901-9d62-74368ab03dc8,FirstNumber=156,secondNumber=39}  written to file by thread pool-3-thread-3
 message  {Id=7aceafc2-c212-46ce-8c7a-13bb4d5bb212,FirstNumber=714,secondNumber=1702}  written to file by thread pool-3-thread-4
 message  {Id=5a2a7b53-5a15-4127-a394-88d57cf0a21d,FirstNumber=315,secondNumber=435}  added by thread pool-3-thread-6
 message  {Id=5a2a7b53-5a15-4127-a394-88d57cf0a21d,FirstNumber=315,secondNumber=435}  written to file by thread pool-3-thread-1
 message  {Id=f7b0313f-c7f2-4052-b9a7-90d2427f0cb2,FirstNumber=108,secondNumber=264}  added by thread pool-3-thread-6
 message  {Id=f7b0313f-c7f2-4052-b9a7-90d2427f0cb2,FirstNumber=108,secondNumber=264}  written to file by thread pool-3-thread-1
 message  {Id=952c4010-be69-4b6d-9824-1bf851acf426,FirstNumber=685,secondNumber=279}  added by thread pool-3-thread-6
 message  {Id=952c4010-be69-4b6d-9824-1bf851acf426,FirstNumber=685,secondNumber=279}  written to file by thread pool-3-thread-5
 message  {Id=d4aa7f11-17ed-4885-8dd1-e50e84c46a99,FirstNumber=308,secondNumber=948}  added by thread pool-3-thread-6
 message  {Id=d4aa7f11-17ed-4885-8dd1-e50e84c46a99,FirstNumber=308,secondNumber=948}  written to file by thread pool-3-thread-5
 message  {Id=8b36e63f-71f3-49b4-8847-bbfec115cbf3,FirstNumber=127,secondNumber=1131}  added by thread pool-3-thread-6
 message  {Id=8b36e63f-71f3-49b4-8847-bbfec115cbf3,FirstNumber=127,secondNumber=1131}  written to file by thread pool-3-thread-4
 message  {Id=d7600b27-d1d4-4123-834c-9ddaa41ab5ba,FirstNumber=264,secondNumber=1189}  added by thread pool-3-thread-6
 message  {Id=d7600b27-d1d4-4123-834c-9ddaa41ab5ba,FirstNumber=264,secondNumber=1189}  written to file by thread pool-3-thread-4
 message  {Id=d13bd69f-b726-4974-a9e5-a6294b08e506,FirstNumber=702,secondNumber=60}  added by thread pool-3-thread-6
 message  {Id=d13bd69f-b726-4974-a9e5-a6294b08e506,FirstNumber=702,secondNumber=60}  written to file by thread pool-3-thread-1
 message  {Id=1ce4879d-d188-4240-8ab7-c8a7072b01a4,FirstNumber=164,secondNumber=821}  added by thread pool-3-thread-6
 message  {Id=1ce4879d-d188-4240-8ab7-c8a7072b01a4,FirstNumber=164,secondNumber=821}  written to file by thread pool-3-thread-1
 message  {Id=14c1b375-2063-4ae8-8c8b-8b388e3863ed,FirstNumber=260,secondNumber=1811}  added by thread pool-3-thread-6
 message  {Id=1a6a4216-624d-4efd-b291-9098d2e72cbf,FirstNumber=870,secondNumber=869}  added by thread pool-3-thread-6
 message  {Id=14c1b375-2063-4ae8-8c8b-8b388e3863ed,FirstNumber=260,secondNumber=1811}  written to file by thread pool-3-thread-5
 message  {Id=1a6a4216-624d-4efd-b291-9098d2e72cbf,FirstNumber=870,secondNumber=869}  written to file by thread pool-3-thread-2
 message  {Id=af7a8edc-cdbe-447f-aab4-1b773b053717,FirstNumber=610,secondNumber=1807}  added by thread pool-3-thread-6
 message  {Id=af7a8edc-cdbe-447f-aab4-1b773b053717,FirstNumber=610,secondNumber=1807}  written to file by thread pool-3-thread-2
 message  {Id=551ebc00-8ac7-48d3-9af8-e9b9e8b23b85,FirstNumber=477,secondNumber=1498}  added by thread pool-3-thread-6
 message  {Id=551ebc00-8ac7-48d3-9af8-e9b9e8b23b85,FirstNumber=477,secondNumber=1498}  written to file by thread pool-3-thread-2
 message  {Id=671c9d4a-8595-4db3-9969-24217706cb61,FirstNumber=393,secondNumber=976}  added by thread pool-3-thread-6
 message  {Id=671c9d4a-8595-4db3-9969-24217706cb61,FirstNumber=393,secondNumber=976}  written to file by thread pool-3-thread-1
 message  {Id=ec04f328-99b0-4103-8094-67d82c66a2d5,FirstNumber=956,secondNumber=1323}  added by thread pool-3-thread-6
 message  {Id=ec04f328-99b0-4103-8094-67d82c66a2d5,FirstNumber=956,secondNumber=1323}  written to file by thread pool-3-thread-1
 message  {Id=0c7d5738-871a-4106-9c02-43cb6fb0c0c8,FirstNumber=527,secondNumber=488}  added by thread pool-3-thread-6
 message  {Id=0c7d5738-871a-4106-9c02-43cb6fb0c0c8,FirstNumber=527,secondNumber=488}  written to file by thread pool-3-thread-4
 message  {Id=a1c1e43b-a32f-4bb7-be8a-2ac55f8477b4,FirstNumber=838,secondNumber=1607}  added by thread pool-3-thread-6
 message  {Id=a1c1e43b-a32f-4bb7-be8a-2ac55f8477b4,FirstNumber=838,secondNumber=1607}  written to file by thread pool-3-thread-4
 message  {Id=138f84da-e8d8-499b-ac1b-07110c23654b,FirstNumber=172,secondNumber=891}  added by thread pool-3-thread-6
 message  {Id=138f84da-e8d8-499b-ac1b-07110c23654b,FirstNumber=172,secondNumber=891}  written to file by thread pool-3-thread-2
 message  {Id=0f437ddb-658b-4101-9b3e-918d13a03a30,FirstNumber=47,secondNumber=1084}  added by thread pool-3-thread-6
 message  {Id=0f437ddb-658b-4101-9b3e-918d13a03a30,FirstNumber=47,secondNumber=1084}  written to file by thread pool-3-thread-2
 message  {Id=11e25de6-31e0-4c03-a966-107b71678b87,FirstNumber=132,secondNumber=444}  added by thread pool-3-thread-6
 message  {Id=11e25de6-31e0-4c03-a966-107b71678b87,FirstNumber=132,secondNumber=444}  written to file by thread pool-3-thread-1
 message  {Id=007b51bc-086b-494d-ad7d-f067c949f11e,FirstNumber=259,secondNumber=1505}  added by thread pool-3-thread-6
 message  {Id=007b51bc-086b-494d-ad7d-f067c949f11e,FirstNumber=259,secondNumber=1505}  written to file by thread pool-3-thread-3
 message  {Id=b05e6ce5-fbea-4d12-b7b2-8ff3ca74b4b1,FirstNumber=659,secondNumber=249}  added by thread pool-3-thread-6
 message  {Id=b05e6ce5-fbea-4d12-b7b2-8ff3ca74b4b1,FirstNumber=659,secondNumber=249}  written to file by thread pool-3-thread-4
 message  {Id=1c25b76c-2628-4a62-ae9c-375d37e7b6da,FirstNumber=867,secondNumber=1932}  added by thread pool-3-thread-6
 message  {Id=1c25b76c-2628-4a62-ae9c-375d37e7b6da,FirstNumber=867,secondNumber=1932}  written to file by thread pool-3-thread-4
 message  {Id=b78bbc23-a6ac-4887-a2d8-41985ab18d46,FirstNumber=474,secondNumber=1150}  added by thread pool-3-thread-6
 message  {Id=b78bbc23-a6ac-4887-a2d8-41985ab18d46,FirstNumber=474,secondNumber=1150}  written to file by thread pool-3-thread-2
 message  {Id=fb7d5a61-8cb2-4bba-af00-e1e090be04bb,FirstNumber=613,secondNumber=41}  added by thread pool-3-thread-6
 message  {Id=fb7d5a61-8cb2-4bba-af00-e1e090be04bb,FirstNumber=613,secondNumber=41}  written to file by thread pool-3-thread-2
 message  {Id=fd225730-e40e-4ef9-81c2-803421e7c3c8,FirstNumber=713,secondNumber=1676}  added by thread pool-3-thread-6
 message  {Id=b1bc29bc-0e96-4cd6-a233-679681d73c61,FirstNumber=344,secondNumber=1631}  added by thread pool-3-thread-6
 message  {Id=fd225730-e40e-4ef9-81c2-803421e7c3c8,FirstNumber=713,secondNumber=1676}  written to file by thread pool-3-thread-3
 message  {Id=b1bc29bc-0e96-4cd6-a233-679681d73c61,FirstNumber=344,secondNumber=1631}  written to file by thread pool-3-thread-5
 message  {Id=9b0b20ce-a21f-41d6-977c-2ef98c7da6f0,FirstNumber=34,secondNumber=1040}  added by thread pool-3-thread-6
 message  {Id=9b0b20ce-a21f-41d6-977c-2ef98c7da6f0,FirstNumber=34,secondNumber=1040}  written to file by thread pool-3-thread-4
 message  {Id=dcec9e3a-3dd8-40f8-b37f-e76e158b4a45,FirstNumber=619,secondNumber=76}  added by thread pool-3-thread-6
 message  {Id=dcec9e3a-3dd8-40f8-b37f-e76e158b4a45,FirstNumber=619,secondNumber=76}  written to file by thread pool-3-thread-4
 message  {Id=ca6b1202-16db-4168-aa34-f01c90e7a3f1,FirstNumber=458,secondNumber=507}  added by thread pool-3-thread-6
 message  {Id=ca6b1202-16db-4168-aa34-f01c90e7a3f1,FirstNumber=458,secondNumber=507}  written to file by thread pool-3-thread-2
 message  {Id=163536e1-57b3-452f-bdb6-3345d42192c1,FirstNumber=667,secondNumber=1853}  added by thread pool-3-thread-6
 message  {Id=163536e1-57b3-452f-bdb6-3345d42192c1,FirstNumber=667,secondNumber=1853}  written to file by thread pool-3-thread-3
 message  {Id=cc76a406-ca36-4652-a0fe-0bf1a0644e69,FirstNumber=65,secondNumber=436}  added by thread pool-3-thread-6
 message  {Id=cc76a406-ca36-4652-a0fe-0bf1a0644e69,FirstNumber=65,secondNumber=436}  written to file by thread pool-3-thread-5
 message  {Id=e9405ec5-d5a1-46d2-9aeb-39bc542c598d,FirstNumber=946,secondNumber=948}  added by thread pool-3-thread-6
 message  {Id=e9405ec5-d5a1-46d2-9aeb-39bc542c598d,FirstNumber=946,secondNumber=948}  written to file by thread pool-3-thread-1
 message  {Id=dd45e1d1-17e1-4f5a-b3d9-b2330b904087,FirstNumber=475,secondNumber=90}  added by thread pool-3-thread-6
 message  {Id=dd45e1d1-17e1-4f5a-b3d9-b2330b904087,FirstNumber=475,secondNumber=90}  written to file by thread pool-3-thread-1
 message  {Id=2b640962-801e-4449-9439-b4cd5f67a82a,FirstNumber=462,secondNumber=450}  added by thread pool-3-thread-6
 message  {Id=2b640962-801e-4449-9439-b4cd5f67a82a,FirstNumber=462,secondNumber=450}  written to file by thread pool-3-thread-1
 message  {Id=db1fb3e6-4064-4652-911f-9cae70afac06,FirstNumber=360,secondNumber=1020}  added by thread pool-3-thread-6
 message  {Id=db1fb3e6-4064-4652-911f-9cae70afac06,FirstNumber=360,secondNumber=1020}  written to file by thread pool-3-thread-2
 message  {Id=7a6e99b8-f2b4-4dc3-a0dd-f39484ff88a4,FirstNumber=124,secondNumber=1134}  added by thread pool-3-thread-6
 message  {Id=7a6e99b8-f2b4-4dc3-a0dd-f39484ff88a4,FirstNumber=124,secondNumber=1134}  written to file by thread pool-3-thread-2
 message  {Id=a66eff28-1dc5-4f5f-b825-1147d350512f,FirstNumber=189,secondNumber=527}  added by thread pool-3-thread-6
 message  {Id=a66eff28-1dc5-4f5f-b825-1147d350512f,FirstNumber=189,secondNumber=527}  written to file by thread pool-3-thread-4
 message  {Id=b1c0472c-8462-4b1c-8cb7-9cbb57ef5735,FirstNumber=106,secondNumber=1926}  added by thread pool-3-thread-6
 message  {Id=b1c0472c-8462-4b1c-8cb7-9cbb57ef5735,FirstNumber=106,secondNumber=1926}  written to file by thread pool-3-thread-1
 message  {Id=49c932ed-7071-416f-bd12-943457aa6a06,FirstNumber=369,secondNumber=1094}  added by thread pool-3-thread-6
 message  {Id=49c932ed-7071-416f-bd12-943457aa6a06,FirstNumber=369,secondNumber=1094}  written to file by thread pool-3-thread-1
 message  {Id=dcb3741a-3d14-4e3b-9640-91aecc743179,FirstNumber=532,secondNumber=588}  added by thread pool-3-thread-6
 message  {Id=dcb3741a-3d14-4e3b-9640-91aecc743179,FirstNumber=532,secondNumber=588}  written to file by thread pool-3-thread-5
 message  {Id=827759d9-da57-4a82-8ad8-d4f8dc5ab2e4,FirstNumber=377,secondNumber=1194}  added by thread pool-3-thread-6
 message  {Id=32b5ea9b-f0f8-446b-bac7-bb4eb1a5998f,FirstNumber=490,secondNumber=490}  added by thread pool-3-thread-6
 message  {Id=827759d9-da57-4a82-8ad8-d4f8dc5ab2e4,FirstNumber=377,secondNumber=1194}  written to file by thread pool-3-thread-2
 message  {Id=04059513-9a99-480e-81a9-8afc2462472a,FirstNumber=158,secondNumber=489}  added by thread pool-3-thread-6
 message  {Id=32b5ea9b-f0f8-446b-bac7-bb4eb1a5998f,FirstNumber=490,secondNumber=490}  written to file by thread pool-3-thread-2
 message  {Id=2e4956c6-979d-4fe4-9894-9c62b55d1810,FirstNumber=43,secondNumber=165}  added by thread pool-3-thread-6
 message  {Id=04059513-9a99-480e-81a9-8afc2462472a,FirstNumber=158,secondNumber=489}  written to file by thread pool-3-thread-2
 message  {Id=94457d79-4c3d-4047-89c4-b9cb18c7964f,FirstNumber=502,secondNumber=1161}  added by thread pool-3-thread-6
 message  {Id=2e4956c6-979d-4fe4-9894-9c62b55d1810,FirstNumber=43,secondNumber=165}  written to file by thread pool-3-thread-2
 message  {Id=85327f12-adf9-4db5-94e7-ea2d77e3ff5b,FirstNumber=675,secondNumber=216}  added by thread pool-3-thread-6
 message  {Id=94457d79-4c3d-4047-89c4-b9cb18c7964f,FirstNumber=502,secondNumber=1161}  written to file by thread pool-3-thread-2
 message  {Id=aa7ad2be-6b30-4eaf-b2f1-63abdd0677c4,FirstNumber=702,secondNumber=1461}  added by thread pool-3-thread-6
 message  {Id=85327f12-adf9-4db5-94e7-ea2d77e3ff5b,FirstNumber=675,secondNumber=216}  written to file by thread pool-3-thread-2
 message  {Id=cfd1ff7b-5e3b-4389-b01f-e82041718d86,FirstNumber=895,secondNumber=1543}  added by thread pool-3-thread-6
 message  {Id=aa7ad2be-6b30-4eaf-b2f1-63abdd0677c4,FirstNumber=702,secondNumber=1461}  written to file by thread pool-3-thread-2
 message  {Id=cfd1ff7b-5e3b-4389-b01f-e82041718d86,FirstNumber=895,secondNumber=1543}  written to file by thread pool-3-thread-2
 message  {Id=a3dde1ed-fd62-4aee-9ec0-f6cfe26e6a00,FirstNumber=582,secondNumber=797}  added by thread pool-3-thread-6
 message  {Id=a9f8157e-5c91-4686-9ce3-53cd0428774f,FirstNumber=380,secondNumber=357}  added by thread pool-3-thread-6
 message  {Id=a3dde1ed-fd62-4aee-9ec0-f6cfe26e6a00,FirstNumber=582,secondNumber=797}  written to file by thread pool-3-thread-2
 message  {Id=f9178c4a-c6cf-45e4-97d5-8203008f45f8,FirstNumber=234,secondNumber=954}  added by thread pool-3-thread-6
 message  {Id=a9f8157e-5c91-4686-9ce3-53cd0428774f,FirstNumber=380,secondNumber=357}  written to file by thread pool-3-thread-2
 message  {Id=6835205a-ad99-43e9-bbe1-dd5bccab09cc,FirstNumber=348,secondNumber=793}  added by thread pool-3-thread-6
 message  {Id=f9178c4a-c6cf-45e4-97d5-8203008f45f8,FirstNumber=234,secondNumber=954}  written to file by thread pool-3-thread-2
 message  {Id=2844b026-f931-4bb5-bb32-fdf03d84e9e3,FirstNumber=662,secondNumber=372}  added by thread pool-3-thread-6
 message  {Id=6835205a-ad99-43e9-bbe1-dd5bccab09cc,FirstNumber=348,secondNumber=793}  written to file by thread pool-3-thread-2
 message  {Id=d4fe60bb-c3c5-45e3-a60b-a9519e2397e9,FirstNumber=39,secondNumber=129}  added by thread pool-3-thread-6
 message  {Id=2844b026-f931-4bb5-bb32-fdf03d84e9e3,FirstNumber=662,secondNumber=372}  written to file by thread pool-3-thread-2
 message  {Id=814cf038-9bea-4ef4-acb0-2b2c96d080c4,FirstNumber=327,secondNumber=1767}  added by thread pool-3-thread-6
 message  {Id=d4fe60bb-c3c5-45e3-a60b-a9519e2397e9,FirstNumber=39,secondNumber=129}  written to file by thread pool-3-thread-2
 message  {Id=f8a4627f-3a61-4cbb-8048-2ee4a741a35a,FirstNumber=762,secondNumber=166}  added by thread pool-3-thread-6
 message  {Id=814cf038-9bea-4ef4-acb0-2b2c96d080c4,FirstNumber=327,secondNumber=1767}  written to file by thread pool-3-thread-2
 message  {Id=474778c5-4455-4c15-ae29-6db3cc67b237,FirstNumber=314,secondNumber=234}  added by thread pool-3-thread-6
 message  {Id=f8a4627f-3a61-4cbb-8048-2ee4a741a35a,FirstNumber=762,secondNumber=166}  written to file by thread pool-3-thread-2
 message  {Id=d18b7020-ccd2-4539-bef4-3d0d4ae4fac1,FirstNumber=604,secondNumber=665}  added by thread pool-3-thread-6
 message  {Id=474778c5-4455-4c15-ae29-6db3cc67b237,FirstNumber=314,secondNumber=234}  written to file by thread pool-3-thread-2
 message  {Id=d18b7020-ccd2-4539-bef4-3d0d4ae4fac1,FirstNumber=604,secondNumber=665}  written to file by thread pool-3-thread-2
 message  {Id=04926b47-6265-487e-99e0-193b989a7e41,FirstNumber=315,secondNumber=800}  added by thread pool-3-thread-6
 message  {Id=e364a3fb-c964-43cf-a1b9-4f29adc9f7fb,FirstNumber=442,secondNumber=1830}  added by thread pool-3-thread-6
 message  {Id=04926b47-6265-487e-99e0-193b989a7e41,FirstNumber=315,secondNumber=800}  written to file by thread pool-3-thread-2
 message  {Id=c5eb5886-9992-4fe4-8bdf-7bdeee0c9fd4,FirstNumber=152,secondNumber=1365}  added by thread pool-3-thread-6
 message  {Id=e364a3fb-c964-43cf-a1b9-4f29adc9f7fb,FirstNumber=442,secondNumber=1830}  written to file by thread pool-3-thread-4
 message  {Id=e7a799cc-0575-48a2-90d5-2224e6be9d4d,FirstNumber=926,secondNumber=1391}  added by thread pool-3-thread-6
 message  {Id=c5eb5886-9992-4fe4-8bdf-7bdeee0c9fd4,FirstNumber=152,secondNumber=1365}  written to file by thread pool-3-thread-1
 message  {Id=e7a799cc-0575-48a2-90d5-2224e6be9d4d,FirstNumber=926,secondNumber=1391}  written to file by thread pool-3-thread-1
 message  {Id=12573a99-c274-498d-bc9b-d9a8adff596f,FirstNumber=783,secondNumber=1864}  added by thread pool-3-thread-6
 message  {Id=12573a99-c274-498d-bc9b-d9a8adff596f,FirstNumber=783,secondNumber=1864}  written to file by thread pool-3-thread-1
 message  {Id=d9722ce9-9531-477f-9397-23cad1e3eea0,FirstNumber=458,secondNumber=185}  added by thread pool-3-thread-6
 message  {Id=fab61954-8b97-495c-aa0c-e224cd8bcfbf,FirstNumber=334,secondNumber=1721}  added by thread pool-3-thread-6
 message  {Id=d9722ce9-9531-477f-9397-23cad1e3eea0,FirstNumber=458,secondNumber=185}  written to file by thread pool-3-thread-3
 message  {Id=fab61954-8b97-495c-aa0c-e224cd8bcfbf,FirstNumber=334,secondNumber=1721}  written to file by thread pool-3-thread-1
 message  {Id=16a768e5-f03f-4ac3-b899-f339f6d47a61,FirstNumber=883,secondNumber=1895}  added by thread pool-3-thread-6
 message  {Id=16a768e5-f03f-4ac3-b899-f339f6d47a61,FirstNumber=883,secondNumber=1895}  written to file by thread pool-3-thread-1
 message  {Id=5bbef93f-bb2a-44be-8e49-d2743cc5c2a6,FirstNumber=120,secondNumber=1561}  added by thread pool-3-thread-6
 message  {Id=5bbef93f-bb2a-44be-8e49-d2743cc5c2a6,FirstNumber=120,secondNumber=1561}  written to file by thread pool-3-thread-4
 message  {Id=b33d6c3b-fc13-4e00-bc21-55f3aae031bb,FirstNumber=933,secondNumber=200}  added by thread pool-3-thread-6
 message  {Id=b33d6c3b-fc13-4e00-bc21-55f3aae031bb,FirstNumber=933,secondNumber=200}  written to file by thread pool-3-thread-5
 message  {Id=665767de-5ede-4d58-b033-8470a3fc5ef6,FirstNumber=312,secondNumber=710}  added by thread pool-3-thread-6
 message  {Id=665767de-5ede-4d58-b033-8470a3fc5ef6,FirstNumber=312,secondNumber=710}  written to file by thread pool-3-thread-5
 message  {Id=d76a9745-71b4-4a5c-8f41-5155aa1114bf,FirstNumber=111,secondNumber=589}  added by thread pool-3-thread-6
 message  {Id=d76a9745-71b4-4a5c-8f41-5155aa1114bf,FirstNumber=111,secondNumber=589}  written to file by thread pool-3-thread-2
 message  {Id=dc51ba76-b93c-436e-bdf5-b97197813897,FirstNumber=468,secondNumber=378}  added by thread pool-3-thread-6
 message  {Id=dc51ba76-b93c-436e-bdf5-b97197813897,FirstNumber=468,secondNumber=378}  written to file by thread pool-3-thread-1
 message  {Id=b413b9da-ab14-468c-9073-67218181ee6d,FirstNumber=744,secondNumber=181}  added by thread pool-3-thread-6
 message  {Id=b413b9da-ab14-468c-9073-67218181ee6d,FirstNumber=744,secondNumber=181}  written to file by thread pool-3-thread-4
 message  {Id=5a4bed6e-665f-47d0-92ca-be491962d4f6,FirstNumber=79,secondNumber=1565}  added by thread pool-3-thread-6
 message  {Id=5a4bed6e-665f-47d0-92ca-be491962d4f6,FirstNumber=79,secondNumber=1565}  written to file by thread pool-3-thread-3
 message  {Id=50405c1c-ad56-419f-b605-c0a730469855,FirstNumber=816,secondNumber=684}  added by thread pool-3-thread-6
 message  {Id=50405c1c-ad56-419f-b605-c0a730469855,FirstNumber=816,secondNumber=684}  written to file by thread pool-3-thread-5
 message  {Id=eb47efb3-f363-4f1d-9a5c-5518c3e3f549,FirstNumber=321,secondNumber=1142}  added by thread pool-3-thread-6
 message  {Id=eb47efb3-f363-4f1d-9a5c-5518c3e3f549,FirstNumber=321,secondNumber=1142}  written to file by thread pool-3-thread-5
 message  {Id=e50c9964-fbb1-4d66-9b94-fdb48cdc150a,FirstNumber=714,secondNumber=109}  added by thread pool-3-thread-6
 message  {Id=e50c9964-fbb1-4d66-9b94-fdb48cdc150a,FirstNumber=714,secondNumber=109}  written to file by thread pool-3-thread-1
 message  {Id=8d60e0b4-3f8e-40f2-9449-28d982ae4225,FirstNumber=600,secondNumber=746}  added by thread pool-3-thread-6
 message  {Id=8d60e0b4-3f8e-40f2-9449-28d982ae4225,FirstNumber=600,secondNumber=746}  written to file by thread pool-3-thread-4
 message  {Id=6b2e9c9c-98cf-45b3-97e2-00fe4cc854f9,FirstNumber=330,secondNumber=367}  added by thread pool-3-thread-6
 message  {Id=6b2e9c9c-98cf-45b3-97e2-00fe4cc854f9,FirstNumber=330,secondNumber=367}  written to file by thread pool-3-thread-3
 message  {Id=681c1475-a0cf-43e9-aba8-ef843f730470,FirstNumber=936,secondNumber=317}  added by thread pool-3-thread-6
 message  {Id=681c1475-a0cf-43e9-aba8-ef843f730470,FirstNumber=936,secondNumber=317}  written to file by thread pool-3-thread-2
 message  {Id=30697358-a561-4216-9ff5-794efb3134b1,FirstNumber=56,secondNumber=1703}  added by thread pool-3-thread-6
 message  {Id=30697358-a561-4216-9ff5-794efb3134b1,FirstNumber=56,secondNumber=1703}  written to file by thread pool-3-thread-2
 message  {Id=b9d62d23-50e7-424a-9380-d8d66d6ff492,FirstNumber=37,secondNumber=1179}  added by thread pool-3-thread-6
 message  {Id=b9d62d23-50e7-424a-9380-d8d66d6ff492,FirstNumber=37,secondNumber=1179}  written to file by thread pool-3-thread-1
 message  {Id=f5f21025-6819-4a96-a09a-461eb0281671,FirstNumber=852,secondNumber=877}  added by thread pool-3-thread-6
 message  {Id=f5f21025-6819-4a96-a09a-461eb0281671,FirstNumber=852,secondNumber=877}  written to file by thread pool-3-thread-4
 message  {Id=9991659b-b7e6-45b6-b8b6-69d6151e5ae0,FirstNumber=789,secondNumber=1732}  added by thread pool-3-thread-6
 message  {Id=9991659b-b7e6-45b6-b8b6-69d6151e5ae0,FirstNumber=789,secondNumber=1732}  written to file by thread pool-3-thread-3
 message  {Id=d3799c23-e830-473f-ae3b-ad7ba5906443,FirstNumber=543,secondNumber=957}  added by thread pool-3-thread-6
 message  {Id=d3799c23-e830-473f-ae3b-ad7ba5906443,FirstNumber=543,secondNumber=957}  written to file by thread pool-3-thread-5
 message  {Id=a501cfde-f55f-4a98-b938-97a8ce1daede,FirstNumber=277,secondNumber=1238}  added by thread pool-3-thread-6
 message  {Id=a501cfde-f55f-4a98-b938-97a8ce1daede,FirstNumber=277,secondNumber=1238}  written to file by thread pool-3-thread-5
 message  {Id=06e46748-2f19-4262-8cca-d2f01e52f11d,FirstNumber=225,secondNumber=1004}  added by thread pool-3-thread-6
 message  {Id=06e46748-2f19-4262-8cca-d2f01e52f11d,FirstNumber=225,secondNumber=1004}  written to file by thread pool-3-thread-1
 message  {Id=2110c003-9c04-4208-81f4-ca8de2b5b4cc,FirstNumber=801,secondNumber=1161}  added by thread pool-3-thread-6
 message  {Id=2110c003-9c04-4208-81f4-ca8de2b5b4cc,FirstNumber=801,secondNumber=1161}  written to file by thread pool-3-thread-4
 message  {Id=458598f0-5f9e-49eb-9d29-baccca150f73,FirstNumber=76,secondNumber=198}  added by thread pool-3-thread-6
 message  {Id=458598f0-5f9e-49eb-9d29-baccca150f73,FirstNumber=76,secondNumber=198}  written to file by thread pool-3-thread-4
 message  {Id=7eadbe35-2c1d-4a56-bf75-02073a4704bd,FirstNumber=636,secondNumber=1815}  added by thread pool-3-thread-6
 message  {Id=7eadbe35-2c1d-4a56-bf75-02073a4704bd,FirstNumber=636,secondNumber=1815}  written to file by thread pool-3-thread-2
 message  {Id=13fbb196-baef-4674-8dc4-42e9dab646aa,FirstNumber=151,secondNumber=442}  added by thread pool-3-thread-6
 message  {Id=13fbb196-baef-4674-8dc4-42e9dab646aa,FirstNumber=151,secondNumber=442}  written to file by thread pool-3-thread-2
 message  {Id=c5b2194a-6709-473f-be33-67945f4a9539,FirstNumber=553,secondNumber=1753}  added by thread pool-3-thread-6
 message  {Id=c5b2194a-6709-473f-be33-67945f4a9539,FirstNumber=553,secondNumber=1753}  written to file by thread pool-3-thread-1
 message  {Id=11afa238-459d-4a90-908f-e687aad86765,FirstNumber=161,secondNumber=1757}  added by thread pool-3-thread-6
 message  {Id=11afa238-459d-4a90-908f-e687aad86765,FirstNumber=161,secondNumber=1757}  written to file by thread pool-3-thread-1
 message  {Id=487e8dda-4224-4e27-82ed-6881193411d3,FirstNumber=635,secondNumber=1715}  added by thread pool-3-thread-6
 message  {Id=487e8dda-4224-4e27-82ed-6881193411d3,FirstNumber=635,secondNumber=1715}  written to file by thread pool-3-thread-4
 message  {Id=59e40119-f46f-45be-9e56-122720d06935,FirstNumber=28,secondNumber=86}  added by thread pool-3-thread-6
 message  {Id=59e40119-f46f-45be-9e56-122720d06935,FirstNumber=28,secondNumber=86}  written to file by thread pool-3-thread-5
 message  {Id=24c51431-af2b-4f68-b730-9ef5ee14b1a5,FirstNumber=866,secondNumber=586}  added by thread pool-3-thread-6
 message  {Id=24c51431-af2b-4f68-b730-9ef5ee14b1a5,FirstNumber=866,secondNumber=586}  written to file by thread pool-3-thread-5
 message  {Id=0fe27b80-90a4-4cae-afe9-b407f3670606,FirstNumber=328,secondNumber=981}  added by thread pool-3-thread-6
 message  {Id=0fe27b80-90a4-4cae-afe9-b407f3670606,FirstNumber=328,secondNumber=981}  written to file by thread pool-3-thread-3
 message  {Id=39e13df9-5f0a-4d50-acdc-4d7bd432332e,FirstNumber=988,secondNumber=857}  added by thread pool-3-thread-6
 message  {Id=39e13df9-5f0a-4d50-acdc-4d7bd432332e,FirstNumber=988,secondNumber=857}  written to file by thread pool-3-thread-1
 message  {Id=f5cefef0-7dc7-4009-aa8d-df8c6488ca4a,FirstNumber=454,secondNumber=1772}  added by thread pool-3-thread-6
 message  {Id=f5cefef0-7dc7-4009-aa8d-df8c6488ca4a,FirstNumber=454,secondNumber=1772}  written to file by thread pool-3-thread-4
 message  {Id=5ae0e657-b672-4385-8b5f-30d67b59d613,FirstNumber=927,secondNumber=1727}  added by thread pool-3-thread-6
 message  {Id=5ae0e657-b672-4385-8b5f-30d67b59d613,FirstNumber=927,secondNumber=1727}  written to file by thread pool-3-thread-2
 message  {Id=c47aa95c-4088-49e1-bbff-981ec1abc897,FirstNumber=388,secondNumber=859}  added by thread pool-3-thread-6
 message  {Id=c47aa95c-4088-49e1-bbff-981ec1abc897,FirstNumber=388,secondNumber=859}  written to file by thread pool-3-thread-5
 message  {Id=5fca37b1-518c-4002-b9d7-5b27a0c39a1b,FirstNumber=128,secondNumber=1646}  added by thread pool-3-thread-6
 message  {Id=03a49f73-204c-4bfa-b3b1-ae28ff011331,FirstNumber=552,secondNumber=1229}  added by thread pool-3-thread-6
 message  {Id=5fca37b1-518c-4002-b9d7-5b27a0c39a1b,FirstNumber=128,secondNumber=1646}  written to file by thread pool-3-thread-3
 message  {Id=03a49f73-204c-4bfa-b3b1-ae28ff011331,FirstNumber=552,secondNumber=1229}  written to file by thread pool-3-thread-1
 message  {Id=56f8a764-1be3-4030-bbde-e0b2d269f1a9,FirstNumber=744,secondNumber=33}  added by thread pool-3-thread-6
 message  {Id=56f8a764-1be3-4030-bbde-e0b2d269f1a9,FirstNumber=744,secondNumber=33}  written to file by thread pool-3-thread-4
 message  {Id=1da34a29-720e-4818-9d92-05f9dbe3fc76,FirstNumber=344,secondNumber=500}  added by thread pool-3-thread-6
 message  {Id=1da34a29-720e-4818-9d92-05f9dbe3fc76,FirstNumber=344,secondNumber=500}  written to file by thread pool-3-thread-4
 message  {Id=a933f82b-baee-47be-8a05-7240e554c4a7,FirstNumber=865,secondNumber=629}  added by thread pool-3-thread-6
 message  {Id=a933f82b-baee-47be-8a05-7240e554c4a7,FirstNumber=865,secondNumber=629}  written to file by thread pool-3-thread-5
 message  {Id=90371c2e-9b76-4a24-9706-c3fcc3216600,FirstNumber=110,secondNumber=642}  added by thread pool-3-thread-6
 message  {Id=90371c2e-9b76-4a24-9706-c3fcc3216600,FirstNumber=110,secondNumber=642}  written to file by thread pool-3-thread-5
 message  {Id=ce733dc1-4ab4-490c-89bd-76f15ec5c7c9,FirstNumber=438,secondNumber=527}  added by thread pool-3-thread-6
 message  {Id=ce733dc1-4ab4-490c-89bd-76f15ec5c7c9,FirstNumber=438,secondNumber=527}  written to file by thread pool-3-thread-1
 message  {Id=03f28daf-aa5e-4086-8a64-389ffd421d2d,FirstNumber=242,secondNumber=96}  added by thread pool-3-thread-6
 message  {Id=03f28daf-aa5e-4086-8a64-389ffd421d2d,FirstNumber=242,secondNumber=96}  written to file by thread pool-3-thread-1
 message  {Id=87903a48-5c3c-4efc-a884-40485395d269,FirstNumber=541,secondNumber=443}  added by thread pool-3-thread-6
 message  {Id=87903a48-5c3c-4efc-a884-40485395d269,FirstNumber=541,secondNumber=443}  written to file by thread pool-3-thread-4
 message  {Id=db8fafc0-ed24-4ad4-9d40-e9a80b2a2534,FirstNumber=85,secondNumber=533}  added by thread pool-3-thread-6
 message  {Id=db8fafc0-ed24-4ad4-9d40-e9a80b2a2534,FirstNumber=85,secondNumber=533}  written to file by thread pool-3-thread-4
 message  {Id=7bb22c6d-4a5d-4412-a9d6-08c63269df1e,FirstNumber=872,secondNumber=1864}  added by thread pool-3-thread-6
 message  {Id=7bb22c6d-4a5d-4412-a9d6-08c63269df1e,FirstNumber=872,secondNumber=1864}  written to file by thread pool-3-thread-5
 message  {Id=8af6a634-aca4-4899-804b-4475eb6fc692,FirstNumber=169,secondNumber=1892}  added by thread pool-3-thread-6
 message  {Id=8af6a634-aca4-4899-804b-4475eb6fc692,FirstNumber=169,secondNumber=1892}  written to file by thread pool-3-thread-5
 message  {Id=71e763ba-7cd3-4245-b007-2306c4b2f84d,FirstNumber=416,secondNumber=1768}  added by thread pool-3-thread-6
 message  {Id=71e763ba-7cd3-4245-b007-2306c4b2f84d,FirstNumber=416,secondNumber=1768}  written to file by thread pool-3-thread-1
 message  {Id=d9bb8482-f3fc-4604-b32c-94f5fc51c3a2,FirstNumber=844,secondNumber=1215}  added by thread pool-3-thread-6
 message  {Id=d9957c99-7adb-4783-8a20-bf260b97a7a5,FirstNumber=35,secondNumber=987}  added by thread pool-3-thread-6
 message  {Id=d9bb8482-f3fc-4604-b32c-94f5fc51c3a2,FirstNumber=844,secondNumber=1215}  written to file by thread pool-3-thread-3
 message  {Id=d9957c99-7adb-4783-8a20-bf260b97a7a5,FirstNumber=35,secondNumber=987}  written to file by thread pool-3-thread-4
 message  {Id=e936548e-20ea-4cdc-a86f-39ca246fc3fc,FirstNumber=471,secondNumber=85}  added by thread pool-3-thread-6
 message  {Id=e936548e-20ea-4cdc-a86f-39ca246fc3fc,FirstNumber=471,secondNumber=85}  written to file by thread pool-3-thread-4
 message  {Id=2896a367-fe0a-4e36-8b6c-7be4f2781e47,FirstNumber=455,secondNumber=1963}  added by thread pool-3-thread-6
 message  {Id=2896a367-fe0a-4e36-8b6c-7be4f2781e47,FirstNumber=455,secondNumber=1963}  written to file by thread pool-3-thread-5
 message  {Id=70747823-e35c-4cce-b086-4246ca5d9f55,FirstNumber=991,secondNumber=302}  added by thread pool-3-thread-6
 message  {Id=70747823-e35c-4cce-b086-4246ca5d9f55,FirstNumber=991,secondNumber=302}  written to file by thread pool-3-thread-5
 message  {Id=ae3c1614-7d65-47ca-983c-7e3b6020037b,FirstNumber=523,secondNumber=1577}  added by thread pool-3-thread-6
 message  {Id=7c9e0f6d-f520-4a88-af91-a5dabae29cb6,FirstNumber=424,secondNumber=775}  added by thread pool-3-thread-6
 message  {Id=ae3c1614-7d65-47ca-983c-7e3b6020037b,FirstNumber=523,secondNumber=1577}  written to file by thread pool-3-thread-3
 message  {Id=7c9e0f6d-f520-4a88-af91-a5dabae29cb6,FirstNumber=424,secondNumber=775}  written to file by thread pool-3-thread-2
 message  {Id=df6071ca-fe01-4f79-bb5f-bed321f55309,FirstNumber=714,secondNumber=112}  added by thread pool-3-thread-6
 message  {Id=df6071ca-fe01-4f79-bb5f-bed321f55309,FirstNumber=714,secondNumber=112}  written to file by thread pool-3-thread-4
 message  {Id=60ccf775-a6da-4a87-b018-9161d2013b4b,FirstNumber=330,secondNumber=929}  added by thread pool-3-thread-6
 message  {Id=60ccf775-a6da-4a87-b018-9161d2013b4b,FirstNumber=330,secondNumber=929}  written to file by thread pool-3-thread-4
 message  {Id=723bbc83-18a9-41b7-8d70-d33b436fc877,FirstNumber=896,secondNumber=936}  added by thread pool-3-thread-6
 message  {Id=723bbc83-18a9-41b7-8d70-d33b436fc877,FirstNumber=896,secondNumber=936}  written to file by thread pool-3-thread-5
 message  {Id=7d66366f-32f6-4554-bc2c-d3c80b8b00ca,FirstNumber=727,secondNumber=1535}  added by thread pool-3-thread-6
 message  {Id=7d66366f-32f6-4554-bc2c-d3c80b8b00ca,FirstNumber=727,secondNumber=1535}  written to file by thread pool-3-thread-2
 message  {Id=67f4e02f-57f1-4b98-b529-f962ca92d6ae,FirstNumber=377,secondNumber=946}  added by thread pool-3-thread-6
 message  {Id=3af212ba-d5ff-4fa6-b875-0bae656c0735,FirstNumber=422,secondNumber=113}  added by thread pool-3-thread-6
 message  {Id=67f4e02f-57f1-4b98-b529-f962ca92d6ae,FirstNumber=377,secondNumber=946}  written to file by thread pool-3-thread-3
 message  {Id=3af212ba-d5ff-4fa6-b875-0bae656c0735,FirstNumber=422,secondNumber=113}  written to file by thread pool-3-thread-1
 message  {Id=998bb167-335f-4787-83c2-5643c3d5f4d3,FirstNumber=168,secondNumber=630}  added by thread pool-3-thread-6
 message  {Id=998bb167-335f-4787-83c2-5643c3d5f4d3,FirstNumber=168,secondNumber=630}  written to file by thread pool-3-thread-4
 message  {Id=c804fe9f-b520-46df-9c90-a249072fe6d3,FirstNumber=634,secondNumber=1745}  added by thread pool-3-thread-6
 message  {Id=c804fe9f-b520-46df-9c90-a249072fe6d3,FirstNumber=634,secondNumber=1745}  written to file by thread pool-3-thread-4
 message  {Id=0797c50b-5882-4f53-9820-cdf02a215131,FirstNumber=461,secondNumber=1461}  added by thread pool-3-thread-6
 message  {Id=0797c50b-5882-4f53-9820-cdf02a215131,FirstNumber=461,secondNumber=1461}  written to file by thread pool-3-thread-2
 message  {Id=83c446ab-2537-4d58-b713-0ca5b8c71865,FirstNumber=312,secondNumber=958}  added by thread pool-3-thread-6
 message  {Id=83c446ab-2537-4d58-b713-0ca5b8c71865,FirstNumber=312,secondNumber=958}  written to file by thread pool-3-thread-2
 message  {Id=010ba302-e9f1-4834-9ceb-6554bd9f09ff,FirstNumber=994,secondNumber=340}  added by thread pool-3-thread-6
 message  {Id=010ba302-e9f1-4834-9ceb-6554bd9f09ff,FirstNumber=994,secondNumber=340}  written to file by thread pool-3-thread-1
 message  {Id=292cf20d-bf47-4712-a9a7-1df737073324,FirstNumber=933,secondNumber=776}  added by thread pool-3-thread-6
 message  {Id=292cf20d-bf47-4712-a9a7-1df737073324,FirstNumber=933,secondNumber=776}  written to file by thread pool-3-thread-5
 message  {Id=f368b13a-d41e-4702-baa2-92e7fa8821ca,FirstNumber=505,secondNumber=1183}  added by thread pool-3-thread-6
 message  {Id=f368b13a-d41e-4702-baa2-92e7fa8821ca,FirstNumber=505,secondNumber=1183}  written to file by thread pool-3-thread-5
 message  {Id=7b21cf6f-73d9-4344-aadc-969edf7d23bf,FirstNumber=173,secondNumber=194}  added by thread pool-3-thread-6
 message  {Id=7b21cf6f-73d9-4344-aadc-969edf7d23bf,FirstNumber=173,secondNumber=194}  written to file by thread pool-3-thread-3
 message  {Id=68b94de2-3fb8-4b3d-aa23-9d744b066579,FirstNumber=833,secondNumber=1047}  added by thread pool-3-thread-6
 message  {Id=68b94de2-3fb8-4b3d-aa23-9d744b066579,FirstNumber=833,secondNumber=1047}  written to file by thread pool-3-thread-2
 message  {Id=28499286-f9a2-4db6-b047-f99c555134e0,FirstNumber=469,secondNumber=1797}  added by thread pool-3-thread-6
 message  {Id=28499286-f9a2-4db6-b047-f99c555134e0,FirstNumber=469,secondNumber=1797}  written to file by thread pool-3-thread-1
 message  {Id=36f9001b-55d8-4d61-baf9-2c25bd9b5aac,FirstNumber=41,secondNumber=1823}  added by thread pool-3-thread-6
 message  {Id=36f9001b-55d8-4d61-baf9-2c25bd9b5aac,FirstNumber=41,secondNumber=1823}  written to file by thread pool-3-thread-4
 message  {Id=71a4bfaf-07cd-4c02-9838-49d44ab827fd,FirstNumber=438,secondNumber=1941}  added by thread pool-3-thread-6
 message  {Id=71a4bfaf-07cd-4c02-9838-49d44ab827fd,FirstNumber=438,secondNumber=1941}  written to file by thread pool-3-thread-5
 message  {Id=b5561df3-0fe2-4c01-a169-c5b418f89c94,FirstNumber=43,secondNumber=560}  added by thread pool-3-thread-6
 message  {Id=8dec99e0-deba-44e6-8c8a-f62e2d73f644,FirstNumber=540,secondNumber=0}  added by thread pool-3-thread-6
 message  {Id=b5561df3-0fe2-4c01-a169-c5b418f89c94,FirstNumber=43,secondNumber=560}  written to file by thread pool-3-thread-3
 message  {Id=8dec99e0-deba-44e6-8c8a-f62e2d73f644,FirstNumber=540,secondNumber=0}  written to file by thread pool-3-thread-2
 message  {Id=51327e97-6017-48bb-9352-1b13bab59de1,FirstNumber=915,secondNumber=1981}  added by thread pool-3-thread-6
 message  {Id=51327e97-6017-48bb-9352-1b13bab59de1,FirstNumber=915,secondNumber=1981}  written to file by thread pool-3-thread-1
 message  {Id=3632265a-e5df-45e9-9c2a-6d9056c4d595,FirstNumber=766,secondNumber=613}  added by thread pool-3-thread-6
 message  {Id=3632265a-e5df-45e9-9c2a-6d9056c4d595,FirstNumber=766,secondNumber=613}  written to file by thread pool-3-thread-4
 message  {Id=218705bf-0e7f-4ee7-8790-c129633edd82,FirstNumber=108,secondNumber=1968}  added by thread pool-3-thread-6
 message  {Id=218705bf-0e7f-4ee7-8790-c129633edd82,FirstNumber=108,secondNumber=1968}  written to file by thread pool-3-thread-4
 message  {Id=34781db4-0811-4d95-bc61-46151fa57de1,FirstNumber=861,secondNumber=354}  added by thread pool-3-thread-6
 message  {Id=34781db4-0811-4d95-bc61-46151fa57de1,FirstNumber=861,secondNumber=354}  written to file by thread pool-3-thread-3
 message  {Id=7ac88585-71e9-4140-93ab-db70ee935342,FirstNumber=182,secondNumber=1878}  added by thread pool-3-thread-6
 message  {Id=7ac88585-71e9-4140-93ab-db70ee935342,FirstNumber=182,secondNumber=1878}  written to file by thread pool-3-thread-2
 message  {Id=ecad714c-d8e3-484c-8fef-d571ba9b2d58,FirstNumber=380,secondNumber=636}  added by thread pool-3-thread-6
 message  {Id=ecad714c-d8e3-484c-8fef-d571ba9b2d58,FirstNumber=380,secondNumber=636}  written to file by thread pool-3-thread-1
 message  {Id=5c68755f-15f5-4d34-baa9-d0a612780e5e,FirstNumber=220,secondNumber=1524}  added by thread pool-3-thread-6
 message  {Id=5c68755f-15f5-4d34-baa9-d0a612780e5e,FirstNumber=220,secondNumber=1524}  written to file by thread pool-3-thread-5
 message  {Id=e165b390-e17b-42e9-88af-810fbd68e0e9,FirstNumber=428,secondNumber=1269}  added by thread pool-3-thread-6
 message  {Id=e165b390-e17b-42e9-88af-810fbd68e0e9,FirstNumber=428,secondNumber=1269}  written to file by thread pool-3-thread-4
 message  {Id=dec4b13a-4cbc-4ccb-b9ca-80286cc2aca2,FirstNumber=80,secondNumber=623}  added by thread pool-3-thread-6
 message  {Id=147ef794-1f7b-4b57-b2fc-c75fffb85746,FirstNumber=498,secondNumber=1663}  added by thread pool-3-thread-6
 message  {Id=dec4b13a-4cbc-4ccb-b9ca-80286cc2aca2,FirstNumber=80,secondNumber=623}  written to file by thread pool-3-thread-3
 message  {Id=147ef794-1f7b-4b57-b2fc-c75fffb85746,FirstNumber=498,secondNumber=1663}  written to file by thread pool-3-thread-2
 message  {Id=0bb743ff-43f6-4ac6-9039-4800a7a6f5c1,FirstNumber=164,secondNumber=550}  added by thread pool-3-thread-6
 message  {Id=0bb743ff-43f6-4ac6-9039-4800a7a6f5c1,FirstNumber=164,secondNumber=550}  written to file by thread pool-3-thread-1
 message  {Id=e574a012-441e-49f0-8abf-dcd32fcc72b7,FirstNumber=250,secondNumber=1571}  added by thread pool-3-thread-6
 message  {Id=e574a012-441e-49f0-8abf-dcd32fcc72b7,FirstNumber=250,secondNumber=1571}  written to file by thread pool-3-thread-5
 message  {Id=f9ad8915-5f97-4c37-8a7e-bef138c4d3fb,FirstNumber=16,secondNumber=1883}  added by thread pool-3-thread-6
 message  {Id=f9ad8915-5f97-4c37-8a7e-bef138c4d3fb,FirstNumber=16,secondNumber=1883}  written to file by thread pool-3-thread-4
 message  {Id=2f22f1ed-3e58-4868-9fb8-6fe59ca8f996,FirstNumber=550,secondNumber=1084}  added by thread pool-3-thread-6
 message  {Id=2f22f1ed-3e58-4868-9fb8-6fe59ca8f996,FirstNumber=550,secondNumber=1084}  written to file by thread pool-3-thread-3
 message  {Id=367342ea-94c0-4f75-bd46-aac3803c92b9,FirstNumber=196,secondNumber=1431}  added by thread pool-3-thread-6
 message  {Id=367342ea-94c0-4f75-bd46-aac3803c92b9,FirstNumber=196,secondNumber=1431}  written to file by thread pool-3-thread-2
 message  {Id=796d08ee-c416-4c97-baeb-7a9a4ec9be2c,FirstNumber=852,secondNumber=1017}  added by thread pool-3-thread-6
 message  {Id=796d08ee-c416-4c97-baeb-7a9a4ec9be2c,FirstNumber=852,secondNumber=1017}  written to file by thread pool-3-thread-1
 message  {Id=84fc6872-1590-43f7-846d-0d559886ebbc,FirstNumber=364,secondNumber=1248}  added by thread pool-3-thread-6
 message  {Id=84fc6872-1590-43f7-846d-0d559886ebbc,FirstNumber=364,secondNumber=1248}  written to file by thread pool-3-thread-1
 message  {Id=843cdb9c-a680-4f3d-8a46-c5f6c4e2fe50,FirstNumber=79,secondNumber=1475}  added by thread pool-3-thread-6
 message  {Id=843cdb9c-a680-4f3d-8a46-c5f6c4e2fe50,FirstNumber=79,secondNumber=1475}  written to file by thread pool-3-thread-4
 message  {Id=96739739-2cb7-4a21-9d37-a086633fe864,FirstNumber=25,secondNumber=1557}  added by thread pool-3-thread-6
 message  {Id=ef09dc18-193e-4db4-a7cb-83bf292dd1f2,FirstNumber=787,secondNumber=219}  added by thread pool-3-thread-6
 message  {Id=96739739-2cb7-4a21-9d37-a086633fe864,FirstNumber=25,secondNumber=1557}  written to file by thread pool-3-thread-3
 message  {Id=ef09dc18-193e-4db4-a7cb-83bf292dd1f2,FirstNumber=787,secondNumber=219}  written to file by thread pool-3-thread-2
 message  {Id=c0090adb-9d46-4f4d-8e5c-126e0d761d6e,FirstNumber=246,secondNumber=603}  added by thread pool-3-thread-6
 message  {Id=c0090adb-9d46-4f4d-8e5c-126e0d761d6e,FirstNumber=246,secondNumber=603}  written to file by thread pool-3-thread-5
 message  {Id=0df1c8e0-1b02-4e8a-9b8c-1c4e6504b54f,FirstNumber=456,secondNumber=1505}  added by thread pool-3-thread-6
 message  {Id=0df1c8e0-1b02-4e8a-9b8c-1c4e6504b54f,FirstNumber=456,secondNumber=1505}  written to file by thread pool-3-thread-1
 message  {Id=0b37fa0b-0d81-4999-aec8-b4cbc0584105,FirstNumber=828,secondNumber=338}  added by thread pool-3-thread-6
 message  {Id=0b37fa0b-0d81-4999-aec8-b4cbc0584105,FirstNumber=828,secondNumber=338}  written to file by thread pool-3-thread-4
 message  {Id=b2ed7415-92b8-4a99-bf5e-06458d4378be,FirstNumber=842,secondNumber=779}  added by thread pool-3-thread-6
 message  {Id=aad41620-c571-4ea9-85f7-b101b785a898,FirstNumber=562,secondNumber=1596}  added by thread pool-3-thread-6
 message  {Id=b2ed7415-92b8-4a99-bf5e-06458d4378be,FirstNumber=842,secondNumber=779}  written to file by thread pool-3-thread-3
 message  {Id=aad41620-c571-4ea9-85f7-b101b785a898,FirstNumber=562,secondNumber=1596}  written to file by thread pool-3-thread-2
 message  {Id=cbdca3d6-970e-48cf-bd6c-ac9d9d4a05bf,FirstNumber=665,secondNumber=1867}  added by thread pool-3-thread-6
 message  {Id=cbdca3d6-970e-48cf-bd6c-ac9d9d4a05bf,FirstNumber=665,secondNumber=1867}  written to file by thread pool-3-thread-2
 message  {Id=c85d88b1-03c0-4f52-94ae-1c5510613d47,FirstNumber=790,secondNumber=567}  added by thread pool-3-thread-6
 message  {Id=c85d88b1-03c0-4f52-94ae-1c5510613d47,FirstNumber=790,secondNumber=567}  written to file by thread pool-3-thread-1
 message  {Id=a74d1843-9094-4ea2-80b0-e3d96460bc06,FirstNumber=918,secondNumber=1786}  added by thread pool-3-thread-6
 message  {Id=a74d1843-9094-4ea2-80b0-e3d96460bc06,FirstNumber=918,secondNumber=1786}  written to file by thread pool-3-thread-4
 message  {Id=24375719-6e5d-4e21-a5b9-c9a714a8282d,FirstNumber=312,secondNumber=344}  added by thread pool-3-thread-6
 message  {Id=bfd0cc73-2e94-44dd-b7c6-9f765602070a,FirstNumber=304,secondNumber=1929}  added by thread pool-3-thread-6
 message  {Id=24375719-6e5d-4e21-a5b9-c9a714a8282d,FirstNumber=312,secondNumber=344}  written to file by thread pool-3-thread-3
 message  {Id=bfd0cc73-2e94-44dd-b7c6-9f765602070a,FirstNumber=304,secondNumber=1929}  written to file by thread pool-3-thread-5
 message  {Id=4cc425ec-10b8-424a-bf24-263e9fa2d848,FirstNumber=431,secondNumber=797}  added by thread pool-3-thread-6
 message  {Id=4cc425ec-10b8-424a-bf24-263e9fa2d848,FirstNumber=431,secondNumber=797}  written to file by thread pool-3-thread-2
 message  {Id=e6b1ab51-eafc-4878-93c0-33d341ecf420,FirstNumber=502,secondNumber=1966}  added by thread pool-3-thread-6
 message  {Id=e6b1ab51-eafc-4878-93c0-33d341ecf420,FirstNumber=502,secondNumber=1966}  written to file by thread pool-3-thread-2
 message  {Id=61cd7872-0e8a-4471-af8b-a551805a6f4a,FirstNumber=331,secondNumber=265}  added by thread pool-3-thread-6
 message  {Id=61cd7872-0e8a-4471-af8b-a551805a6f4a,FirstNumber=331,secondNumber=265}  written to file by thread pool-3-thread-4
 message  {Id=8c02a995-0dfd-4aef-bcfb-49d10a9af9c5,FirstNumber=275,secondNumber=1034}  added by thread pool-3-thread-6
 message  {Id=8c02a995-0dfd-4aef-bcfb-49d10a9af9c5,FirstNumber=275,secondNumber=1034}  written to file by thread pool-3-thread-4
 message  {Id=a694887a-004e-497a-b184-28100c439547,FirstNumber=404,secondNumber=1658}  added by thread pool-3-thread-6
 message  {Id=be92d1f9-bdae-4541-b31b-2d9a16bc2499,FirstNumber=700,secondNumber=1717}  added by thread pool-3-thread-6
 message  {Id=a694887a-004e-497a-b184-28100c439547,FirstNumber=404,secondNumber=1658}  written to file by thread pool-3-thread-3
 message  {Id=be92d1f9-bdae-4541-b31b-2d9a16bc2499,FirstNumber=700,secondNumber=1717}  written to file by thread pool-3-thread-1
 message  {Id=87e58aea-6d21-442e-aced-81bb75e1d8e7,FirstNumber=283,secondNumber=670}  added by thread pool-3-thread-6
 message  {Id=87e58aea-6d21-442e-aced-81bb75e1d8e7,FirstNumber=283,secondNumber=670}  written to file by thread pool-3-thread-2
 message  {Id=4ce4ead2-951d-4af0-b4ff-87c40e279204,FirstNumber=255,secondNumber=478}  added by thread pool-3-thread-6
 message  {Id=4ce4ead2-951d-4af0-b4ff-87c40e279204,FirstNumber=255,secondNumber=478}  written to file by thread pool-3-thread-2
 message  {Id=a35d4df5-ec76-4293-ab66-0bd6192e6589,FirstNumber=526,secondNumber=1902}  added by thread pool-3-thread-6
 message  {Id=a35d4df5-ec76-4293-ab66-0bd6192e6589,FirstNumber=526,secondNumber=1902}  written to file by thread pool-3-thread-4
 message  {Id=b8e0c494-c107-488a-8708-7c18785d9685,FirstNumber=698,secondNumber=426}  added by thread pool-3-thread-6
 message  {Id=b8e0c494-c107-488a-8708-7c18785d9685,FirstNumber=698,secondNumber=426}  written to file by thread pool-3-thread-3
 message  {Id=5479e94a-5e2e-49aa-b498-c738a2bd56b1,FirstNumber=922,secondNumber=1907}  added by thread pool-3-thread-6
 message  {Id=5479e94a-5e2e-49aa-b498-c738a2bd56b1,FirstNumber=922,secondNumber=1907}  written to file by thread pool-3-thread-1
 message  {Id=86eba28d-997a-4df7-a184-05e143f7e049,FirstNumber=699,secondNumber=1865}  added by thread pool-3-thread-6
 message  {Id=86eba28d-997a-4df7-a184-05e143f7e049,FirstNumber=699,secondNumber=1865}  written to file by thread pool-3-thread-1
 message  {Id=ee838a9b-dcb7-4de1-abb9-2d797dc6072e,FirstNumber=793,secondNumber=744}  added by thread pool-3-thread-6
 message  {Id=ee838a9b-dcb7-4de1-abb9-2d797dc6072e,FirstNumber=793,secondNumber=744}  written to file by thread pool-3-thread-2
 message  {Id=b45ecbc8-358d-4710-a3d9-ce14adce2266,FirstNumber=694,secondNumber=48}  added by thread pool-3-thread-6
 message  {Id=b45ecbc8-358d-4710-a3d9-ce14adce2266,FirstNumber=694,secondNumber=48}  written to file by thread pool-3-thread-2
 message  {Id=1de5c446-7364-49e6-a3a6-0861c9de3412,FirstNumber=138,secondNumber=40}  added by thread pool-3-thread-6
 message  {Id=1de5c446-7364-49e6-a3a6-0861c9de3412,FirstNumber=138,secondNumber=40}  written to file by thread pool-3-thread-2
 message  {Id=6f6b0e84-7485-4f0e-8b2f-7be4fdf559ab,FirstNumber=568,secondNumber=646}  added by thread pool-3-thread-6
 message  {Id=6f6b0e84-7485-4f0e-8b2f-7be4fdf559ab,FirstNumber=568,secondNumber=646}  written to file by thread pool-3-thread-5
 message  {Id=5a951411-00f4-4ff7-995c-5b2b38563c95,FirstNumber=966,secondNumber=1813}  added by thread pool-3-thread-6
 message  {Id=5a951411-00f4-4ff7-995c-5b2b38563c95,FirstNumber=966,secondNumber=1813}  written to file by thread pool-3-thread-1
 message  {Id=f1602a5f-0b5e-45a2-a447-178e54ad366b,FirstNumber=397,secondNumber=1643}  added by thread pool-3-thread-6
 message  {Id=f1602a5f-0b5e-45a2-a447-178e54ad366b,FirstNumber=397,secondNumber=1643}  written to file by thread pool-3-thread-1
 message  {Id=9be11b71-0b82-4f84-a37b-47bf3243b138,FirstNumber=720,secondNumber=230}  added by thread pool-3-thread-6
 message  {Id=647f9d54-b076-4324-a4a9-f6dacb56a310,FirstNumber=46,secondNumber=539}  added by thread pool-3-thread-6
 message  {Id=9be11b71-0b82-4f84-a37b-47bf3243b138,FirstNumber=720,secondNumber=230}  written to file by thread pool-3-thread-3
 message  {Id=647f9d54-b076-4324-a4a9-f6dacb56a310,FirstNumber=46,secondNumber=539}  written to file by thread pool-3-thread-2
 message  {Id=98765e44-225d-4094-b3c6-3017d5c26398,FirstNumber=492,secondNumber=1678}  added by thread pool-3-thread-6
 message  {Id=98765e44-225d-4094-b3c6-3017d5c26398,FirstNumber=492,secondNumber=1678}  written to file by thread pool-3-thread-5
 message  {Id=f55e14ea-8b49-4124-9bc6-362185974804,FirstNumber=786,secondNumber=462}  added by thread pool-3-thread-6
 message  {Id=f55e14ea-8b49-4124-9bc6-362185974804,FirstNumber=786,secondNumber=462}  written to file by thread pool-3-thread-5
 message  {Id=c722f13c-0057-4233-90ff-ee2bbafa645b,FirstNumber=54,secondNumber=401}  added by thread pool-3-thread-6
 message  {Id=c722f13c-0057-4233-90ff-ee2bbafa645b,FirstNumber=54,secondNumber=401}  written to file by thread pool-3-thread-1
 message  {Id=76da0b1b-e918-4341-be68-5309ccc487ae,FirstNumber=134,secondNumber=1928}  added by thread pool-3-thread-6
 message  {Id=76da0b1b-e918-4341-be68-5309ccc487ae,FirstNumber=134,secondNumber=1928}  written to file by thread pool-3-thread-1
 message  {Id=97d064bd-4d61-44f3-bb64-9bc99c8cb942,FirstNumber=579,secondNumber=1618}  added by thread pool-3-thread-6
 message  {Id=97d064bd-4d61-44f3-bb64-9bc99c8cb942,FirstNumber=579,secondNumber=1618}  written to file by thread pool-3-thread-2
 message  {Id=665ef8ee-e8d8-42a3-809b-877859c84a04,FirstNumber=281,secondNumber=1895}  added by thread pool-3-thread-6
 message  {Id=665ef8ee-e8d8-42a3-809b-877859c84a04,FirstNumber=281,secondNumber=1895}  written to file by thread pool-3-thread-2
 message  {Id=d90aafc9-b4e7-4fa9-ac30-25a152eb9485,FirstNumber=144,secondNumber=244}  added by thread pool-3-thread-6
 message  {Id=d90aafc9-b4e7-4fa9-ac30-25a152eb9485,FirstNumber=144,secondNumber=244}  written to file by thread pool-3-thread-5
 message  {Id=147d71bd-ea11-4f37-99f6-3034a582d816,FirstNumber=694,secondNumber=1065}  added by thread pool-3-thread-6
 message  {Id=147d71bd-ea11-4f37-99f6-3034a582d816,FirstNumber=694,secondNumber=1065}  written to file by thread pool-3-thread-5
 message  {Id=6086cacc-1927-4553-96a4-498537cbb72d,FirstNumber=670,secondNumber=1085}  added by thread pool-3-thread-6
 message  {Id=6086cacc-1927-4553-96a4-498537cbb72d,FirstNumber=670,secondNumber=1085}  written to file by thread pool-3-thread-1
 message  {Id=85120d7b-4f22-4d57-9a7f-bd3c099d9c56,FirstNumber=572,secondNumber=1512}  added by thread pool-3-thread-6
 message  {Id=85120d7b-4f22-4d57-9a7f-bd3c099d9c56,FirstNumber=572,secondNumber=1512}  written to file by thread pool-3-thread-4
 message  {Id=9d7eb7bd-673d-4126-afd6-71898324a402,FirstNumber=67,secondNumber=1287}  added by thread pool-3-thread-6
 message  {Id=9d7eb7bd-673d-4126-afd6-71898324a402,FirstNumber=67,secondNumber=1287}  written to file by thread pool-3-thread-4
 message  {Id=c3e0a078-f123-460f-8570-9f509bee936a,FirstNumber=626,secondNumber=1501}  added by thread pool-3-thread-6
 message  {Id=c3e0a078-f123-460f-8570-9f509bee936a,FirstNumber=626,secondNumber=1501}  written to file by thread pool-3-thread-3
 message  {Id=02c7e483-dde6-42c8-a2f2-2dade2d5f599,FirstNumber=473,secondNumber=1121}  added by thread pool-3-thread-6
 message  {Id=02c7e483-dde6-42c8-a2f2-2dade2d5f599,FirstNumber=473,secondNumber=1121}  written to file by thread pool-3-thread-5
 message  {Id=818da84f-c8c1-4e22-bda3-1d0c62696992,FirstNumber=724,secondNumber=1645}  added by thread pool-3-thread-6
 message  {Id=818da84f-c8c1-4e22-bda3-1d0c62696992,FirstNumber=724,secondNumber=1645}  written to file by thread pool-3-thread-5
 message  {Id=c44fdac5-06cd-48c5-8614-8faf1d2ecb9d,FirstNumber=973,secondNumber=981}  added by thread pool-3-thread-6
 message  {Id=c44fdac5-06cd-48c5-8614-8faf1d2ecb9d,FirstNumber=973,secondNumber=981}  written to file by thread pool-3-thread-5
 message  {Id=10df140e-a07e-48d1-958c-5bcf738e5050,FirstNumber=402,secondNumber=1638}  added by thread pool-3-thread-6
 message  {Id=10df140e-a07e-48d1-958c-5bcf738e5050,FirstNumber=402,secondNumber=1638}  written to file by thread pool-3-thread-4
 message  {Id=2c9e3ccc-c58a-4ad9-8c64-3be09b9fb84f,FirstNumber=188,secondNumber=338}  added by thread pool-3-thread-6
 message  {Id=2c9e3ccc-c58a-4ad9-8c64-3be09b9fb84f,FirstNumber=188,secondNumber=338}  written to file by thread pool-3-thread-3
 message  {Id=a8f0f5e9-dc48-4426-be48-39584f27707f,FirstNumber=241,secondNumber=331}  added by thread pool-3-thread-6
 message  {Id=a8f0f5e9-dc48-4426-be48-39584f27707f,FirstNumber=241,secondNumber=331}  written to file by thread pool-3-thread-3
 message  {Id=251506c7-7690-4ecb-8447-2f5ac38cd9bb,FirstNumber=83,secondNumber=55}  added by thread pool-3-thread-6
 message  {Id=251506c7-7690-4ecb-8447-2f5ac38cd9bb,FirstNumber=83,secondNumber=55}  written to file by thread pool-3-thread-2
 message  {Id=271a8149-d514-4db4-8cbf-e08440b5cdfa,FirstNumber=154,secondNumber=960}  added by thread pool-3-thread-6
 message  {Id=271a8149-d514-4db4-8cbf-e08440b5cdfa,FirstNumber=154,secondNumber=960}  written to file by thread pool-3-thread-5
 message  {Id=fb4e5900-c7c6-4b71-8b6d-62badbc5c66f,FirstNumber=316,secondNumber=1821}  added by thread pool-3-thread-6
 message  {Id=fb4e5900-c7c6-4b71-8b6d-62badbc5c66f,FirstNumber=316,secondNumber=1821}  written to file by thread pool-3-thread-4
 message  {Id=0c30e060-9b03-4223-8a65-12b79ba7bef8,FirstNumber=791,secondNumber=692}  added by thread pool-3-thread-6
 message  {Id=0c30e060-9b03-4223-8a65-12b79ba7bef8,FirstNumber=791,secondNumber=692}  written to file by thread pool-3-thread-4
 message  {Id=d4595da0-5d25-44de-97a1-f7d515e9c761,FirstNumber=935,secondNumber=711}  added by thread pool-3-thread-6
 message  {Id=d4595da0-5d25-44de-97a1-f7d515e9c761,FirstNumber=935,secondNumber=711}  written to file by thread pool-3-thread-3
 message  {Id=a580f8cd-624f-48cc-8d1f-c10358d17c7e,FirstNumber=309,secondNumber=561}  added by thread pool-3-thread-6
 message  {Id=a580f8cd-624f-48cc-8d1f-c10358d17c7e,FirstNumber=309,secondNumber=561}  written to file by thread pool-3-thread-3
 message  {Id=fe0b3a0d-8c30-455c-9eb4-bc166a0031df,FirstNumber=564,secondNumber=25}  added by thread pool-3-thread-6
 message  {Id=fe0b3a0d-8c30-455c-9eb4-bc166a0031df,FirstNumber=564,secondNumber=25}  written to file by thread pool-3-thread-3
 message  {Id=8fdf849c-fd16-4134-8640-ec801cc7bff8,FirstNumber=26,secondNumber=522}  added by thread pool-3-thread-6
 message  {Id=8fdf849c-fd16-4134-8640-ec801cc7bff8,FirstNumber=26,secondNumber=522}  written to file by thread pool-3-thread-1
 message  {Id=a5fae0ed-191a-45da-b04a-205bf7a17d46,FirstNumber=879,secondNumber=578}  added by thread pool-3-thread-6
 message  {Id=a5fae0ed-191a-45da-b04a-205bf7a17d46,FirstNumber=879,secondNumber=578}  written to file by thread pool-3-thread-4
 message  {Id=b53a9eb8-0aa6-4333-b295-c3d6b429560c,FirstNumber=418,secondNumber=1428}  added by thread pool-3-thread-6
 message  {Id=b53a9eb8-0aa6-4333-b295-c3d6b429560c,FirstNumber=418,secondNumber=1428}  written to file by thread pool-3-thread-4
 message  {Id=3ef4fc41-50dd-40cf-ac6b-cfad1f92d299,FirstNumber=802,secondNumber=5}  added by thread pool-3-thread-6
 message  {Id=3ef4fc41-50dd-40cf-ac6b-cfad1f92d299,FirstNumber=802,secondNumber=5}  written to file by thread pool-3-thread-5
 message  {Id=a6db22e3-cbce-46f9-8004-f99617b3c944,FirstNumber=900,secondNumber=21}  added by thread pool-3-thread-6
 message  {Id=a6db22e3-cbce-46f9-8004-f99617b3c944,FirstNumber=900,secondNumber=21}  written to file by thread pool-3-thread-3
 message  {Id=4864c628-d5f5-45c4-8597-28955a88b88a,FirstNumber=376,secondNumber=624}  added by thread pool-3-thread-6
 message  {Id=4864c628-d5f5-45c4-8597-28955a88b88a,FirstNumber=376,secondNumber=624}  written to file by thread pool-3-thread-1
 message  {Id=1cf2517b-5cd6-41bf-9537-50884c3980f3,FirstNumber=179,secondNumber=1929}  added by thread pool-3-thread-6
 message  {Id=1cf2517b-5cd6-41bf-9537-50884c3980f3,FirstNumber=179,secondNumber=1929}  written to file by thread pool-3-thread-1
 message  {Id=4aac5b8c-6c2c-410f-a074-8feb5386bac5,FirstNumber=115,secondNumber=288}  added by thread pool-3-thread-6
 message  {Id=4aac5b8c-6c2c-410f-a074-8feb5386bac5,FirstNumber=115,secondNumber=288}  written to file by thread pool-3-thread-4
 message  {Id=0861c0f4-ad0b-409e-9a53-08da5bb6d55e,FirstNumber=673,secondNumber=658}  added by thread pool-3-thread-6
 message  {Id=0861c0f4-ad0b-409e-9a53-08da5bb6d55e,FirstNumber=673,secondNumber=658}  written to file by thread pool-3-thread-4
 message  {Id=98647804-c52c-4614-9c53-861b72e75571,FirstNumber=79,secondNumber=1416}  added by thread pool-3-thread-6
 message  {Id=98647804-c52c-4614-9c53-861b72e75571,FirstNumber=79,secondNumber=1416}  written to file by thread pool-3-thread-3
 message  {Id=78fdba96-b7c0-4906-ac2e-cea26eecbe6c,FirstNumber=189,secondNumber=920}  added by thread pool-3-thread-6
 message  {Id=78fdba96-b7c0-4906-ac2e-cea26eecbe6c,FirstNumber=189,secondNumber=920}  written to file by thread pool-3-thread-3
 message  {Id=8948961b-ba50-4379-b63a-f7a8100b53a5,FirstNumber=279,secondNumber=218}  added by thread pool-3-thread-6
 message  {Id=8948961b-ba50-4379-b63a-f7a8100b53a5,FirstNumber=279,secondNumber=218}  written to file by thread pool-3-thread-1
 message  {Id=54d8081c-d859-4fd1-ae88-ebe6c13eef98,FirstNumber=114,secondNumber=210}  added by thread pool-3-thread-6
 message  {Id=54d8081c-d859-4fd1-ae88-ebe6c13eef98,FirstNumber=114,secondNumber=210}  written to file by thread pool-3-thread-1
 message  {Id=e134350a-18d6-4f7b-b8da-15f55cdd14bb,FirstNumber=191,secondNumber=1259}  added by thread pool-3-thread-6
 message  {Id=e134350a-18d6-4f7b-b8da-15f55cdd14bb,FirstNumber=191,secondNumber=1259}  written to file by thread pool-3-thread-4
 message  {Id=a5a502c2-c1f8-4a8a-88e7-836ff721e4bd,FirstNumber=860,secondNumber=707}  added by thread pool-3-thread-6
 message  {Id=a5a502c2-c1f8-4a8a-88e7-836ff721e4bd,FirstNumber=860,secondNumber=707}  written to file by thread pool-3-thread-2
 message  {Id=dc4112ab-c103-4e69-9593-e19ff81e6a96,FirstNumber=696,secondNumber=1409}  added by thread pool-3-thread-6
 message  {Id=dc4112ab-c103-4e69-9593-e19ff81e6a96,FirstNumber=696,secondNumber=1409}  written to file by thread pool-3-thread-3
 message  {Id=630ac61e-4ce8-4a21-9f2a-1b10a2fdf114,FirstNumber=510,secondNumber=1619}  added by thread pool-3-thread-6
 message  {Id=630ac61e-4ce8-4a21-9f2a-1b10a2fdf114,FirstNumber=510,secondNumber=1619}  written to file by thread pool-3-thread-3
 message  {Id=782bbf9c-35c3-422e-8183-1ac634053e26,FirstNumber=487,secondNumber=263}  added by thread pool-3-thread-6
 message  {Id=782bbf9c-35c3-422e-8183-1ac634053e26,FirstNumber=487,secondNumber=263}  written to file by thread pool-3-thread-1
 message  {Id=afb786fd-a953-4d24-a121-5cc281d2cf9c,FirstNumber=270,secondNumber=1202}  added by thread pool-3-thread-6
 message  {Id=afb786fd-a953-4d24-a121-5cc281d2cf9c,FirstNumber=270,secondNumber=1202}  written to file by thread pool-3-thread-4
 message  {Id=642c0520-43a5-4a9f-97a3-78ac770d0a3e,FirstNumber=903,secondNumber=404}  added by thread pool-3-thread-6
 message  {Id=642c0520-43a5-4a9f-97a3-78ac770d0a3e,FirstNumber=903,secondNumber=404}  written to file by thread pool-3-thread-4
 message  {Id=1206cce7-ecb7-41d9-992d-359ef3e13033,FirstNumber=619,secondNumber=759}  added by thread pool-3-thread-6
 message  {Id=1206cce7-ecb7-41d9-992d-359ef3e13033,FirstNumber=619,secondNumber=759}  written to file by thread pool-3-thread-5
 message  {Id=1ade7736-cdb1-40fe-88c8-3035f2204720,FirstNumber=610,secondNumber=1112}  added by thread pool-3-thread-6
 message  {Id=1ade7736-cdb1-40fe-88c8-3035f2204720,FirstNumber=610,secondNumber=1112}  written to file by thread pool-3-thread-3
 message  {Id=0002e140-d741-4d45-be76-aa2500448fe3,FirstNumber=723,secondNumber=1012}  added by thread pool-3-thread-6
 message  {Id=0002e140-d741-4d45-be76-aa2500448fe3,FirstNumber=723,secondNumber=1012}  written to file by thread pool-3-thread-3
 message  {Id=02e329fc-6a59-4b68-8b27-62385731cfe1,FirstNumber=83,secondNumber=1820}  added by thread pool-3-thread-6
 message  {Id=02e329fc-6a59-4b68-8b27-62385731cfe1,FirstNumber=83,secondNumber=1820}  written to file by thread pool-3-thread-2
 message  {Id=303f7967-2c25-49be-ac0e-434c4878195d,FirstNumber=402,secondNumber=77}  added by thread pool-3-thread-6
 message  {Id=303f7967-2c25-49be-ac0e-434c4878195d,FirstNumber=402,secondNumber=77}  written to file by thread pool-3-thread-4
 message  {Id=1fead4f5-fe9e-4636-8b0a-e9cde861853d,FirstNumber=533,secondNumber=1379}  added by thread pool-3-thread-6
 message  {Id=1fead4f5-fe9e-4636-8b0a-e9cde861853d,FirstNumber=533,secondNumber=1379}  written to file by thread pool-3-thread-5
 message  {Id=e7c6a31b-b7f8-462f-b222-d8522d0e4d62,FirstNumber=642,secondNumber=1364}  added by thread pool-3-thread-6
 message  {Id=e7c6a31b-b7f8-462f-b222-d8522d0e4d62,FirstNumber=642,secondNumber=1364}  written to file by thread pool-3-thread-5
 message  {Id=7e7135e0-4984-4875-bfe8-36a03c92dafe,FirstNumber=390,secondNumber=1688}  added by thread pool-3-thread-6
 message  {Id=7e7135e0-4984-4875-bfe8-36a03c92dafe,FirstNumber=390,secondNumber=1688}  written to file by thread pool-3-thread-3
 message  {Id=981511a0-bf05-4fc6-b517-eb758d5b7bf8,FirstNumber=459,secondNumber=885}  added by thread pool-3-thread-6
 message  {Id=981511a0-bf05-4fc6-b517-eb758d5b7bf8,FirstNumber=459,secondNumber=885}  written to file by thread pool-3-thread-3
 message  {Id=1fed4918-81c7-49c4-9a55-f73647dcac8e,FirstNumber=724,secondNumber=1890}  added by thread pool-3-thread-6
 message  {Id=1fed4918-81c7-49c4-9a55-f73647dcac8e,FirstNumber=724,secondNumber=1890}  written to file by thread pool-3-thread-4
 message  {Id=87a5f79c-bb89-4c0d-b4c6-3825cac8bfab,FirstNumber=410,secondNumber=1864}  added by thread pool-3-thread-6
 message  {Id=87a5f79c-bb89-4c0d-b4c6-3825cac8bfab,FirstNumber=410,secondNumber=1864}  written to file by thread pool-3-thread-1
 message  {Id=045c1498-3772-40ae-929a-0ea3d66937a0,FirstNumber=151,secondNumber=894}  added by thread pool-3-thread-6
 message  {Id=045c1498-3772-40ae-929a-0ea3d66937a0,FirstNumber=151,secondNumber=894}  written to file by thread pool-3-thread-5
 message  {Id=1fd9908c-b2cf-4c9a-afc1-1d15a3dc4fb3,FirstNumber=405,secondNumber=1687}  added by thread pool-3-thread-6
 message  {Id=1fd9908c-b2cf-4c9a-afc1-1d15a3dc4fb3,FirstNumber=405,secondNumber=1687}  written to file by thread pool-3-thread-5
 message  {Id=44a37bf3-ec0a-45e1-aca5-648ce1bd8389,FirstNumber=877,secondNumber=1956}  added by thread pool-3-thread-6
 message  {Id=44a37bf3-ec0a-45e1-aca5-648ce1bd8389,FirstNumber=877,secondNumber=1956}  written to file by thread pool-3-thread-3
 message  {Id=f950d56a-d8d9-4e21-af7f-12ee5df30acf,FirstNumber=399,secondNumber=1906}  added by thread pool-3-thread-6
 message  {Id=f950d56a-d8d9-4e21-af7f-12ee5df30acf,FirstNumber=399,secondNumber=1906}  written to file by thread pool-3-thread-4
 message  {Id=d162665c-f51b-4ea8-b087-6ffe3e070313,FirstNumber=791,secondNumber=439}  added by thread pool-3-thread-6
 message  {Id=d162665c-f51b-4ea8-b087-6ffe3e070313,FirstNumber=791,secondNumber=439}  written to file by thread pool-3-thread-4
 message  {Id=24203eb8-bad4-4de1-9cd9-c53232c0b1e1,FirstNumber=456,secondNumber=786}  added by thread pool-3-thread-6
 message  {Id=24203eb8-bad4-4de1-9cd9-c53232c0b1e1,FirstNumber=456,secondNumber=786}  written to file by thread pool-3-thread-2
 message  {Id=a0a415ba-b32c-4c11-926d-558d65b26bb3,FirstNumber=4,secondNumber=1826}  added by thread pool-3-thread-6
 message  {Id=a0a415ba-b32c-4c11-926d-558d65b26bb3,FirstNumber=4,secondNumber=1826}  written to file by thread pool-3-thread-5
 message  {Id=1bbd2440-0bcc-4c23-90e2-3fdedaddf43f,FirstNumber=86,secondNumber=672}  added by thread pool-3-thread-6
 message  {Id=1bbd2440-0bcc-4c23-90e2-3fdedaddf43f,FirstNumber=86,secondNumber=672}  written to file by thread pool-3-thread-3
 message  {Id=dade4e2d-8b3c-48d4-b184-7369118c4580,FirstNumber=347,secondNumber=91}  added by thread pool-3-thread-6
 message  {Id=dade4e2d-8b3c-48d4-b184-7369118c4580,FirstNumber=347,secondNumber=91}  written to file by thread pool-3-thread-1
 message  {Id=c240570d-cc2e-403d-ab58-ada6dce4a7ee,FirstNumber=672,secondNumber=1784}  added by thread pool-3-thread-6
 message  {Id=c240570d-cc2e-403d-ab58-ada6dce4a7ee,FirstNumber=672,secondNumber=1784}  written to file by thread pool-3-thread-1
 message  {Id=1e13da21-f37a-4dad-b007-2a491d97e51a,FirstNumber=272,secondNumber=1083}  added by thread pool-3-thread-6
 message  {Id=1e13da21-f37a-4dad-b007-2a491d97e51a,FirstNumber=272,secondNumber=1083}  written to file by thread pool-3-thread-2
 message  {Id=d4165c13-28fa-479a-ac35-6e51b7029565,FirstNumber=506,secondNumber=924}  added by thread pool-3-thread-6
 message  {Id=d4165c13-28fa-479a-ac35-6e51b7029565,FirstNumber=506,secondNumber=924}  written to file by thread pool-3-thread-2
 message  {Id=1304173d-ffef-4261-8331-a5d7c3f7f58d,FirstNumber=266,secondNumber=534}  added by thread pool-3-thread-6
 message  {Id=1304173d-ffef-4261-8331-a5d7c3f7f58d,FirstNumber=266,secondNumber=534}  written to file by thread pool-3-thread-3
 message  {Id=bcebb5ad-7d73-44d1-a898-7112aa065039,FirstNumber=826,secondNumber=1756}  added by thread pool-3-thread-6
 message  {Id=bcebb5ad-7d73-44d1-a898-7112aa065039,FirstNumber=826,secondNumber=1756}  written to file by thread pool-3-thread-4
 message  {Id=900453ae-4a14-4abe-8003-a24f539e28d3,FirstNumber=470,secondNumber=1814}  added by thread pool-3-thread-6
 message  {Id=900453ae-4a14-4abe-8003-a24f539e28d3,FirstNumber=470,secondNumber=1814}  written to file by thread pool-3-thread-4
 message  {Id=6e85d8fc-08b8-42e2-bf9d-3dc6e5d663ce,FirstNumber=651,secondNumber=298}  added by thread pool-3-thread-6
 message  {Id=6e85d8fc-08b8-42e2-bf9d-3dc6e5d663ce,FirstNumber=651,secondNumber=298}  written to file by thread pool-3-thread-5
 message  {Id=b81f7a20-72ac-4d2d-88ad-4dee8cc62f1f,FirstNumber=790,secondNumber=1653}  added by thread pool-3-thread-6
 message  {Id=b81f7a20-72ac-4d2d-88ad-4dee8cc62f1f,FirstNumber=790,secondNumber=1653}  written to file by thread pool-3-thread-2
 message  {Id=d9217d17-10a4-4b4e-b9d3-fdc0475319ff,FirstNumber=599,secondNumber=539}  added by thread pool-3-thread-6
 message  {Id=d9217d17-10a4-4b4e-b9d3-fdc0475319ff,FirstNumber=599,secondNumber=539}  written to file by thread pool-3-thread-3
 message  {Id=39b413b0-5134-42e1-9178-e4f7eb681350,FirstNumber=686,secondNumber=1146}  added by thread pool-3-thread-6
 message  {Id=39b413b0-5134-42e1-9178-e4f7eb681350,FirstNumber=686,secondNumber=1146}  written to file by thread pool-3-thread-1
 message  {Id=4bc11c8f-ee16-43f0-aa6a-8061f67bc5f2,FirstNumber=285,secondNumber=587}  added by thread pool-3-thread-6
 message  {Id=4bc11c8f-ee16-43f0-aa6a-8061f67bc5f2,FirstNumber=285,secondNumber=587}  written to file by thread pool-3-thread-1
 message  {Id=2396dee7-b746-41af-bf67-a852f72e3d3d,FirstNumber=933,secondNumber=1238}  added by thread pool-3-thread-6
 message  {Id=2396dee7-b746-41af-bf67-a852f72e3d3d,FirstNumber=933,secondNumber=1238}  written to file by thread pool-3-thread-5
 message  {Id=41b19f9c-9d10-41ed-8f25-900b3f972e68,FirstNumber=835,secondNumber=1099}  added by thread pool-3-thread-6
 message  {Id=41b19f9c-9d10-41ed-8f25-900b3f972e68,FirstNumber=835,secondNumber=1099}  written to file by thread pool-3-thread-5
 message  {Id=3331552f-d19c-4db6-9ceb-51ff73b0a4bf,FirstNumber=677,secondNumber=916}  added by thread pool-3-thread-6
 message  {Id=3331552f-d19c-4db6-9ceb-51ff73b0a4bf,FirstNumber=677,secondNumber=916}  written to file by thread pool-3-thread-3
 message  {Id=9647a558-7a81-4d75-a44f-372196217124,FirstNumber=597,secondNumber=1653}  added by thread pool-3-thread-6
 message  {Id=9647a558-7a81-4d75-a44f-372196217124,FirstNumber=597,secondNumber=1653}  written to file by thread pool-3-thread-4
 message  {Id=a3f385e9-0d7e-4aa8-b67a-c1bc12a5eb7b,FirstNumber=379,secondNumber=665}  added by thread pool-3-thread-6
 message  {Id=a3f385e9-0d7e-4aa8-b67a-c1bc12a5eb7b,FirstNumber=379,secondNumber=665}  written to file by thread pool-3-thread-4
 message  {Id=941e44ab-72b4-4032-ac33-62e17cf42c35,FirstNumber=247,secondNumber=1808}  added by thread pool-3-thread-6
 message  {Id=941e44ab-72b4-4032-ac33-62e17cf42c35,FirstNumber=247,secondNumber=1808}  written to file by thread pool-3-thread-2
 message  {Id=b518b95a-1573-4e8b-b010-4ca2e1d86808,FirstNumber=228,secondNumber=1084}  added by thread pool-3-thread-6
 message  {Id=b518b95a-1573-4e8b-b010-4ca2e1d86808,FirstNumber=228,secondNumber=1084}  written to file by thread pool-3-thread-5
 message  {Id=2d3467c6-c364-4b98-90a2-add4fc6a31d4,FirstNumber=800,secondNumber=508}  added by thread pool-3-thread-6
 message  {Id=2d3467c6-c364-4b98-90a2-add4fc6a31d4,FirstNumber=800,secondNumber=508}  written to file by thread pool-3-thread-5
 message  {Id=a8972a73-8c34-46b1-bab4-367384542606,FirstNumber=446,secondNumber=1041}  added by thread pool-3-thread-6
 message  {Id=a8972a73-8c34-46b1-bab4-367384542606,FirstNumber=446,secondNumber=1041}  written to file by thread pool-3-thread-1
 message  {Id=7dca737d-1ea1-4696-b9b2-6ab38ef37e52,FirstNumber=599,secondNumber=1070}  added by thread pool-3-thread-6
 message  {Id=7dca737d-1ea1-4696-b9b2-6ab38ef37e52,FirstNumber=599,secondNumber=1070}  written to file by thread pool-3-thread-4
 message  {Id=36f4cc54-ac82-4b6d-a721-0f54ae581459,FirstNumber=251,secondNumber=407}  added by thread pool-3-thread-6
 message  {Id=36f4cc54-ac82-4b6d-a721-0f54ae581459,FirstNumber=251,secondNumber=407}  written to file by thread pool-3-thread-2
 message  {Id=efdaaa75-f3dd-420e-b5bf-100aba195708,FirstNumber=847,secondNumber=507}  added by thread pool-3-thread-6
 message  {Id=efdaaa75-f3dd-420e-b5bf-100aba195708,FirstNumber=847,secondNumber=507}  written to file by thread pool-3-thread-3
 message  {Id=9e6643fb-595a-4430-96f9-d04cba74a43a,FirstNumber=941,secondNumber=62}  added by thread pool-3-thread-6
 message  {Id=9e6643fb-595a-4430-96f9-d04cba74a43a,FirstNumber=941,secondNumber=62}  written to file by thread pool-3-thread-5
 message  {Id=bf955a2f-ddc0-4943-a208-8793bd66dcee,FirstNumber=226,secondNumber=701}  added by thread pool-3-thread-6
 message  {Id=bf955a2f-ddc0-4943-a208-8793bd66dcee,FirstNumber=226,secondNumber=701}  written to file by thread pool-3-thread-1
 message  {Id=50a69f62-5b76-41c1-bb35-a8f05deeaa6e,FirstNumber=460,secondNumber=1139}  added by thread pool-3-thread-6
 message  {Id=50a69f62-5b76-41c1-bb35-a8f05deeaa6e,FirstNumber=460,secondNumber=1139}  written to file by thread pool-3-thread-4
 message  {Id=44af0df0-fe12-442c-84a6-8c5539896484,FirstNumber=186,secondNumber=996}  added by thread pool-3-thread-6
 message  {Id=44af0df0-fe12-442c-84a6-8c5539896484,FirstNumber=186,secondNumber=996}  written to file by thread pool-3-thread-2
 message  {Id=3c5ec3f3-fdf4-4c10-8982-e912dde521ba,FirstNumber=705,secondNumber=1722}  added by thread pool-3-thread-6
 message  {Id=3c5ec3f3-fdf4-4c10-8982-e912dde521ba,FirstNumber=705,secondNumber=1722}  written to file by thread pool-3-thread-3
 message  {Id=909b3357-9a39-4731-8d69-2319bf6c58cd,FirstNumber=178,secondNumber=1054}  added by thread pool-3-thread-6
 message  {Id=909b3357-9a39-4731-8d69-2319bf6c58cd,FirstNumber=178,secondNumber=1054}  written to file by thread pool-3-thread-3
 message  {Id=47de6063-b10f-4004-a946-2f566948c0c9,FirstNumber=101,secondNumber=1958}  added by thread pool-3-thread-6
 message  {Id=47de6063-b10f-4004-a946-2f566948c0c9,FirstNumber=101,secondNumber=1958}  written to file by thread pool-3-thread-1
 message  {Id=8d527d8e-5192-4e8a-b7a7-09964f1c1cd2,FirstNumber=732,secondNumber=1320}  added by thread pool-3-thread-6
 message  {Id=8d527d8e-5192-4e8a-b7a7-09964f1c1cd2,FirstNumber=732,secondNumber=1320}  written to file by thread pool-3-thread-1
 message  {Id=871fb8b8-c5c4-4863-9add-a1317a43fece,FirstNumber=134,secondNumber=1561}  added by thread pool-3-thread-6
 message  {Id=871fb8b8-c5c4-4863-9add-a1317a43fece,FirstNumber=134,secondNumber=1561}  written to file by thread pool-3-thread-1
 message  {Id=63c90376-aa50-4124-91c7-89d4fd22bb4d,FirstNumber=217,secondNumber=152}  added by thread pool-3-thread-6
 message  {Id=63c90376-aa50-4124-91c7-89d4fd22bb4d,FirstNumber=217,secondNumber=152}  written to file by thread pool-3-thread-5
 message  {Id=0cc157df-af36-4c90-8877-b884b5549cd0,FirstNumber=949,secondNumber=1257}  added by thread pool-3-thread-6
 message  {Id=0cc157df-af36-4c90-8877-b884b5549cd0,FirstNumber=949,secondNumber=1257}  written to file by thread pool-3-thread-3
 message  {Id=4bf3d67a-079f-4988-bb3e-0ce80b0d8ea4,FirstNumber=638,secondNumber=1378}  added by thread pool-3-thread-6
 message  {Id=4bf3d67a-079f-4988-bb3e-0ce80b0d8ea4,FirstNumber=638,secondNumber=1378}  written to file by thread pool-3-thread-4
 message  {Id=947bcf9d-880d-4fc4-afab-b7caedb5e0ed,FirstNumber=956,secondNumber=206}  written to file by thread pool-3-thread-4
 message  {Id=947bcf9d-880d-4fc4-afab-b7caedb5e0ed,FirstNumber=956,secondNumber=206}  added by thread pool-3-thread-6
 message  {Id=0e56b310-b241-4a7c-8fab-ffd5357bcc65,FirstNumber=895,secondNumber=495}  added by thread pool-3-thread-6
 message  {Id=0e56b310-b241-4a7c-8fab-ffd5357bcc65,FirstNumber=895,secondNumber=495}  written to file by thread pool-3-thread-1
 message  {Id=14613532-c394-4dff-8d61-f1577bbbba51,FirstNumber=514,secondNumber=1257}  added by thread pool-3-thread-6
 message  {Id=14613532-c394-4dff-8d61-f1577bbbba51,FirstNumber=514,secondNumber=1257}  written to file by thread pool-3-thread-5
 message  {Id=e6234a10-ea86-4e34-b9b2-4dc66808025b,FirstNumber=294,secondNumber=1221}  added by thread pool-3-thread-6
 message  {Id=e6234a10-ea86-4e34-b9b2-4dc66808025b,FirstNumber=294,secondNumber=1221}  written to file by thread pool-3-thread-3
 message  {Id=ca6c27d7-3ea1-44b1-a9b2-2368b17e6196,FirstNumber=672,secondNumber=1040}  added by thread pool-3-thread-6
 message  {Id=ca6c27d7-3ea1-44b1-a9b2-2368b17e6196,FirstNumber=672,secondNumber=1040}  written to file by thread pool-3-thread-2
 message  {Id=8646b941-cb1c-4d69-bf0c-e32970f7666d,FirstNumber=624,secondNumber=867}  added by thread pool-3-thread-6
 message  {Id=8646b941-cb1c-4d69-bf0c-e32970f7666d,FirstNumber=624,secondNumber=867}  written to file by thread pool-3-thread-4
 message  {Id=a0758d9e-efae-44ff-8fb4-ded783406a08,FirstNumber=605,secondNumber=792}  added by thread pool-3-thread-6
 message  {Id=a0758d9e-efae-44ff-8fb4-ded783406a08,FirstNumber=605,secondNumber=792}  written to file by thread pool-3-thread-1
 message  {Id=c999a73b-7b00-4fb7-a09b-1ec239a40c0d,FirstNumber=233,secondNumber=1605}  added by thread pool-3-thread-6
 message  {Id=c999a73b-7b00-4fb7-a09b-1ec239a40c0d,FirstNumber=233,secondNumber=1605}  written to file by thread pool-3-thread-5
 message  {Id=a1926d0b-b20c-4e79-8185-1c86038cb7dc,FirstNumber=100,secondNumber=225}  added by thread pool-3-thread-6
 message  {Id=a1926d0b-b20c-4e79-8185-1c86038cb7dc,FirstNumber=100,secondNumber=225}  written to file by thread pool-3-thread-3
 message  {Id=d4489cb6-5789-45eb-9b9b-ca35b73ab8a6,FirstNumber=343,secondNumber=79}  added by thread pool-3-thread-6
 message  {Id=d4489cb6-5789-45eb-9b9b-ca35b73ab8a6,FirstNumber=343,secondNumber=79}  written to file by thread pool-3-thread-3
 message  {Id=1601ca58-f793-4ecd-8dc8-201abe5e44a2,FirstNumber=499,secondNumber=1235}  added by thread pool-3-thread-6
 message  {Id=1601ca58-f793-4ecd-8dc8-201abe5e44a2,FirstNumber=499,secondNumber=1235}  written to file by thread pool-3-thread-4
 message  {Id=2854c0b1-a7fc-4f39-95b0-f45e80ddcc31,FirstNumber=624,secondNumber=1490}  added by thread pool-3-thread-6
 message  {Id=2854c0b1-a7fc-4f39-95b0-f45e80ddcc31,FirstNumber=624,secondNumber=1490}  written to file by thread pool-3-thread-4
 message  {Id=84deedd4-18ec-4353-a491-eccc5f31a981,FirstNumber=464,secondNumber=1411}  added by thread pool-3-thread-6
 message  {Id=84deedd4-18ec-4353-a491-eccc5f31a981,FirstNumber=464,secondNumber=1411}  written to file by thread pool-3-thread-5
 message  {Id=3dbe6d3f-b0ca-44d8-9e3b-b22632f38c2a,FirstNumber=990,secondNumber=1095}  added by thread pool-3-thread-6
 message  {Id=3dbe6d3f-b0ca-44d8-9e3b-b22632f38c2a,FirstNumber=990,secondNumber=1095}  written to file by thread pool-3-thread-2
 message  {Id=625ff28a-c658-48ad-80dd-a0af4deeec2b,FirstNumber=514,secondNumber=1202}  added by thread pool-3-thread-6
 message  {Id=625ff28a-c658-48ad-80dd-a0af4deeec2b,FirstNumber=514,secondNumber=1202}  written to file by thread pool-3-thread-2
 message  {Id=93d198e0-ef8d-4ca1-90b7-6872af87a96a,FirstNumber=992,secondNumber=103}  added by thread pool-3-thread-6
 message  {Id=93d198e0-ef8d-4ca1-90b7-6872af87a96a,FirstNumber=992,secondNumber=103}  written to file by thread pool-3-thread-1
 message  {Id=aea22de7-6100-4ab3-b444-15b25bd6d463,FirstNumber=475,secondNumber=76}  added by thread pool-3-thread-6
 message  {Id=aea22de7-6100-4ab3-b444-15b25bd6d463,FirstNumber=475,secondNumber=76}  written to file by thread pool-3-thread-4
 message  {Id=00cecf9a-bab9-402b-989a-e36060c59a27,FirstNumber=769,secondNumber=879}  added by thread pool-3-thread-6
 message  {Id=00cecf9a-bab9-402b-989a-e36060c59a27,FirstNumber=769,secondNumber=879}  written to file by thread pool-3-thread-4
 message  {Id=4f96d64f-470f-4698-ae48-00ffc8a88c3c,FirstNumber=268,secondNumber=1113}  added by thread pool-3-thread-6
 message  {Id=4f96d64f-470f-4698-ae48-00ffc8a88c3c,FirstNumber=268,secondNumber=1113}  written to file by thread pool-3-thread-3
 message  {Id=681caf2d-866b-46a0-871f-f550e225c916,FirstNumber=803,secondNumber=1557}  added by thread pool-3-thread-6
 message  {Id=681caf2d-866b-46a0-871f-f550e225c916,FirstNumber=803,secondNumber=1557}  written to file by thread pool-3-thread-2
 message  {Id=366e97fd-e70b-4c62-bd31-69d7dc325949,FirstNumber=109,secondNumber=831}  added by thread pool-3-thread-6
 message  {Id=366e97fd-e70b-4c62-bd31-69d7dc325949,FirstNumber=109,secondNumber=831}  written to file by thread pool-3-thread-1
 message  {Id=0b33879a-6ae8-499e-aca4-c748e50ba69d,FirstNumber=733,secondNumber=84}  added by thread pool-3-thread-6
 message  {Id=0b33879a-6ae8-499e-aca4-c748e50ba69d,FirstNumber=733,secondNumber=84}  written to file by thread pool-3-thread-5
 message  {Id=e6778bf5-2031-44be-9fba-2042fbb48956,FirstNumber=371,secondNumber=879}  added by thread pool-3-thread-6
 message  {Id=e6778bf5-2031-44be-9fba-2042fbb48956,FirstNumber=371,secondNumber=879}  written to file by thread pool-3-thread-4
 message  {Id=7cd7fd3d-40fc-4667-b08a-65817608ddf6,FirstNumber=631,secondNumber=1967}  added by thread pool-3-thread-6
 message  {Id=7cd7fd3d-40fc-4667-b08a-65817608ddf6,FirstNumber=631,secondNumber=1967}  written to file by thread pool-3-thread-4
 message  {Id=15def0c2-6008-4ffe-80d2-f00943497861,FirstNumber=329,secondNumber=1866}  added by thread pool-3-thread-6
 message  {Id=15def0c2-6008-4ffe-80d2-f00943497861,FirstNumber=329,secondNumber=1866}  written to file by thread pool-3-thread-4
 message  {Id=639fee9a-5446-4b3c-a47a-d14f8f166793,FirstNumber=156,secondNumber=1241}  added by thread pool-3-thread-6
 message  {Id=639fee9a-5446-4b3c-a47a-d14f8f166793,FirstNumber=156,secondNumber=1241}  written to file by thread pool-3-thread-1
 message  {Id=4230df15-a276-43a9-971e-680a9544281d,FirstNumber=90,secondNumber=680}  added by thread pool-3-thread-6
 message  {Id=4230df15-a276-43a9-971e-680a9544281d,FirstNumber=90,secondNumber=680}  written to file by thread pool-3-thread-5
 message  {Id=17be2b46-5f73-469a-aec7-85a15d1e7899,FirstNumber=984,secondNumber=657}  added by thread pool-3-thread-6
 message  {Id=17be2b46-5f73-469a-aec7-85a15d1e7899,FirstNumber=984,secondNumber=657}  written to file by thread pool-3-thread-3
 message  {Id=44835a20-fc47-48ae-9c1b-75c6c9dba21d,FirstNumber=241,secondNumber=1483}  added by thread pool-3-thread-6
 message  {Id=44835a20-fc47-48ae-9c1b-75c6c9dba21d,FirstNumber=241,secondNumber=1483}  written to file by thread pool-3-thread-2
 message  {Id=3f9fb2e1-365c-424e-9c28-432ff867e433,FirstNumber=956,secondNumber=267}  added by thread pool-3-thread-6
 message  {Id=3f9fb2e1-365c-424e-9c28-432ff867e433,FirstNumber=956,secondNumber=267}  written to file by thread pool-3-thread-2
 message  {Id=48ddb918-f1dc-487c-8882-46023d59a621,FirstNumber=298,secondNumber=1389}  added by thread pool-3-thread-6
 message  {Id=48ddb918-f1dc-487c-8882-46023d59a621,FirstNumber=298,secondNumber=1389}  written to file by thread pool-3-thread-1
 message  {Id=4a301978-ac92-4342-8274-5fa611cefe7c,FirstNumber=628,secondNumber=1485}  added by thread pool-3-thread-6
 message  {Id=4a301978-ac92-4342-8274-5fa611cefe7c,FirstNumber=628,secondNumber=1485}  written to file by thread pool-3-thread-5
 message  {Id=95e1d78c-b58f-4036-90e2-f4a9a870db39,FirstNumber=588,secondNumber=211}  added by thread pool-3-thread-6
 message  {Id=95e1d78c-b58f-4036-90e2-f4a9a870db39,FirstNumber=588,secondNumber=211}  written to file by thread pool-3-thread-3
 message  {Id=58e09f9f-db4c-4a4c-890f-b5113fad543d,FirstNumber=26,secondNumber=249}  added by thread pool-3-thread-6
 message  {Id=58e09f9f-db4c-4a4c-890f-b5113fad543d,FirstNumber=26,secondNumber=249}  written to file by thread pool-3-thread-4
 message  {Id=423d7bef-da42-46af-af62-ecfe38d2d05c,FirstNumber=137,secondNumber=1987}  added by thread pool-3-thread-6
 message  {Id=423d7bef-da42-46af-af62-ecfe38d2d05c,FirstNumber=137,secondNumber=1987}  written to file by thread pool-3-thread-2
 message  {Id=da4f3c90-bd0b-4c3b-a197-dc1f537cc48d,FirstNumber=987,secondNumber=765}  added by thread pool-3-thread-6
 message  {Id=da4f3c90-bd0b-4c3b-a197-dc1f537cc48d,FirstNumber=987,secondNumber=765}  written to file by thread pool-3-thread-1
 message  {Id=0ff7bc9d-5a1c-4ec6-85d5-a711910e8925,FirstNumber=701,secondNumber=372}  added by thread pool-3-thread-6
 message  {Id=0ff7bc9d-5a1c-4ec6-85d5-a711910e8925,FirstNumber=701,secondNumber=372}  written to file by thread pool-3-thread-5
 message  {Id=73722382-4cf0-4974-957a-df6f4215d39f,FirstNumber=85,secondNumber=158}  added by thread pool-3-thread-6
 message  {Id=73722382-4cf0-4974-957a-df6f4215d39f,FirstNumber=85,secondNumber=158}  written to file by thread pool-3-thread-5
 message  {Id=d5f80481-8c0d-4db6-be6f-8cc900f5fe17,FirstNumber=140,secondNumber=1685}  added by thread pool-3-thread-6
 message  {Id=d5f80481-8c0d-4db6-be6f-8cc900f5fe17,FirstNumber=140,secondNumber=1685}  written to file by thread pool-3-thread-4
 message  {Id=20c50ac3-ec0d-4558-9e74-094ae402f949,FirstNumber=746,secondNumber=959}  added by thread pool-3-thread-6
 message  {Id=20c50ac3-ec0d-4558-9e74-094ae402f949,FirstNumber=746,secondNumber=959}  written to file by thread pool-3-thread-2
 message  {Id=2e5b8552-a5ec-4e80-9fcd-a34a8b06b466,FirstNumber=382,secondNumber=655}  added by thread pool-3-thread-6
 message  {Id=2e5b8552-a5ec-4e80-9fcd-a34a8b06b466,FirstNumber=382,secondNumber=655}  written to file by thread pool-3-thread-1
 message  {Id=711e927e-c28d-4a24-b14d-01d00bc6f96a,FirstNumber=846,secondNumber=367}  added by thread pool-3-thread-6
 message  {Id=711e927e-c28d-4a24-b14d-01d00bc6f96a,FirstNumber=846,secondNumber=367}  written to file by thread pool-3-thread-1
 message  {Id=7e3eb3b4-3554-4fa1-886b-5f6897ae598f,FirstNumber=921,secondNumber=1739}  added by thread pool-3-thread-6
 message  {Id=7e3eb3b4-3554-4fa1-886b-5f6897ae598f,FirstNumber=921,secondNumber=1739}  written to file by thread pool-3-thread-5
 message  {Id=2cb7ed6e-cbc5-48c2-8b37-0769dd39d5d2,FirstNumber=38,secondNumber=836}  added by thread pool-3-thread-6
 message  {Id=2cb7ed6e-cbc5-48c2-8b37-0769dd39d5d2,FirstNumber=38,secondNumber=836}  written to file by thread pool-3-thread-4
 message  {Id=6816ca27-9a5c-4a1f-abd3-64406066e379,FirstNumber=493,secondNumber=181}  added by thread pool-3-thread-6
 message  {Id=6816ca27-9a5c-4a1f-abd3-64406066e379,FirstNumber=493,secondNumber=181}  written to file by thread pool-3-thread-2
 message  {Id=1c653885-e286-4189-94b6-f8611ca54a7f,FirstNumber=390,secondNumber=1835}  added by thread pool-3-thread-6
 message  {Id=1c653885-e286-4189-94b6-f8611ca54a7f,FirstNumber=390,secondNumber=1835}  written to file by thread pool-3-thread-2
 message  {Id=5969a237-5c10-47eb-90ed-b18841de2c23,FirstNumber=333,secondNumber=1320}  added by thread pool-3-thread-6
 message  {Id=5969a237-5c10-47eb-90ed-b18841de2c23,FirstNumber=333,secondNumber=1320}  written to file by thread pool-3-thread-1
 message  {Id=fbd536e8-6e7e-403f-9d76-d079d80d0342,FirstNumber=225,secondNumber=1865}  added by thread pool-3-thread-6
 message  {Id=fbd536e8-6e7e-403f-9d76-d079d80d0342,FirstNumber=225,secondNumber=1865}  written to file by thread pool-3-thread-1
 message  {Id=53bc08c1-239c-4b45-b0c0-74796f1b0244,FirstNumber=12,secondNumber=72}  added by thread pool-3-thread-6
 message  {Id=53bc08c1-239c-4b45-b0c0-74796f1b0244,FirstNumber=12,secondNumber=72}  written to file by thread pool-3-thread-4
 message  {Id=ebce1af9-9ed6-4dc4-a6f2-e6a12f54d287,FirstNumber=197,secondNumber=1935}  added by thread pool-3-thread-6
 message  {Id=ebce1af9-9ed6-4dc4-a6f2-e6a12f54d287,FirstNumber=197,secondNumber=1935}  written to file by thread pool-3-thread-3
 message  {Id=a0dee64c-e47b-4269-bfb5-3f122aad8888,FirstNumber=867,secondNumber=726}  added by thread pool-3-thread-6
 message  {Id=a0dee64c-e47b-4269-bfb5-3f122aad8888,FirstNumber=867,secondNumber=726}  written to file by thread pool-3-thread-3
 message  {Id=3477bb5c-3bcd-4ef3-8d98-5de307a889eb,FirstNumber=242,secondNumber=755}  added by thread pool-3-thread-6
 message  {Id=3477bb5c-3bcd-4ef3-8d98-5de307a889eb,FirstNumber=242,secondNumber=755}  written to file by thread pool-3-thread-5
 message  {Id=578b3b91-2a31-435f-8ef5-8097229974c4,FirstNumber=467,secondNumber=685}  added by thread pool-3-thread-6
 message  {Id=578b3b91-2a31-435f-8ef5-8097229974c4,FirstNumber=467,secondNumber=685}  written to file by thread pool-3-thread-1
 message  {Id=a014d04e-b9de-497e-a845-36f56a98c0ac,FirstNumber=559,secondNumber=537}  added by thread pool-3-thread-6
 message  {Id=a014d04e-b9de-497e-a845-36f56a98c0ac,FirstNumber=559,secondNumber=537}  written to file by thread pool-3-thread-1
 message  {Id=04a952a6-56ac-4822-9b03-0ca030329e6e,FirstNumber=735,secondNumber=1704}  added by thread pool-3-thread-6
 message  {Id=04a952a6-56ac-4822-9b03-0ca030329e6e,FirstNumber=735,secondNumber=1704}  written to file by thread pool-3-thread-2
 message  {Id=30f9c608-f013-4465-b6fc-fa3f080ff5e3,FirstNumber=137,secondNumber=1036}  added by thread pool-3-thread-6
 message  {Id=30f9c608-f013-4465-b6fc-fa3f080ff5e3,FirstNumber=137,secondNumber=1036}  written to file by thread pool-3-thread-3
 message  {Id=d10ca2af-634e-4ca6-88a7-68cb7edb6d01,FirstNumber=133,secondNumber=1749}  added by thread pool-3-thread-6
 message  {Id=d10ca2af-634e-4ca6-88a7-68cb7edb6d01,FirstNumber=133,secondNumber=1749}  written to file by thread pool-3-thread-5
 message  {Id=6f15db44-7984-4868-884c-9ed55d6fdad4,FirstNumber=626,secondNumber=464}  added by thread pool-3-thread-6
 message  {Id=6f15db44-7984-4868-884c-9ed55d6fdad4,FirstNumber=626,secondNumber=464}  written to file by thread pool-3-thread-5
 message  {Id=81df675f-c233-43ab-94eb-ccf22cf5c51f,FirstNumber=895,secondNumber=568}  added by thread pool-3-thread-6
 message  {Id=81df675f-c233-43ab-94eb-ccf22cf5c51f,FirstNumber=895,secondNumber=568}  written to file by thread pool-3-thread-1
 message  {Id=7582becf-674d-4dbb-b02c-80ae21500db2,FirstNumber=160,secondNumber=1362}  added by thread pool-3-thread-6
 message  {Id=7582becf-674d-4dbb-b02c-80ae21500db2,FirstNumber=160,secondNumber=1362}  written to file by thread pool-3-thread-2
 message  {Id=423199ed-5880-4e39-9177-d9cdd9693094,FirstNumber=694,secondNumber=1677}  added by thread pool-3-thread-6
 message  {Id=423199ed-5880-4e39-9177-d9cdd9693094,FirstNumber=694,secondNumber=1677}  written to file by thread pool-3-thread-3
 message  {Id=f108c1a5-48ba-40fb-8038-8ba11bd7f0f5,FirstNumber=141,secondNumber=145}  added by thread pool-3-thread-6
 message  {Id=f108c1a5-48ba-40fb-8038-8ba11bd7f0f5,FirstNumber=141,secondNumber=145}  written to file by thread pool-3-thread-3
 message  {Id=e8065bd9-7294-4fc1-b359-ce232749a074,FirstNumber=486,secondNumber=1893}  added by thread pool-3-thread-6
 message  {Id=e8065bd9-7294-4fc1-b359-ce232749a074,FirstNumber=486,secondNumber=1893}  written to file by thread pool-3-thread-5
 message  {Id=7b23cc7a-4dbe-48a2-aa8c-9524fd3ac390,FirstNumber=290,secondNumber=778}  added by thread pool-3-thread-6
 message  {Id=7b23cc7a-4dbe-48a2-aa8c-9524fd3ac390,FirstNumber=290,secondNumber=778}  written to file by thread pool-3-thread-1
 message  {Id=6f50edb2-ce84-4bdc-baaf-8cf23943e63b,FirstNumber=474,secondNumber=444}  added by thread pool-3-thread-6
 message  {Id=6f50edb2-ce84-4bdc-baaf-8cf23943e63b,FirstNumber=474,secondNumber=444}  written to file by thread pool-3-thread-1
 message  {Id=359d9ae5-7872-4b3e-8bf1-7078cb8bd412,FirstNumber=360,secondNumber=1795}  added by thread pool-3-thread-6
 message  {Id=359d9ae5-7872-4b3e-8bf1-7078cb8bd412,FirstNumber=360,secondNumber=1795}  written to file by thread pool-3-thread-1
 message  {Id=75475154-4d30-413c-b276-8cf140a4986f,FirstNumber=734,secondNumber=1716}  added by thread pool-3-thread-6
 message  {Id=75475154-4d30-413c-b276-8cf140a4986f,FirstNumber=734,secondNumber=1716}  written to file by thread pool-3-thread-3
 message  {Id=46effa92-a532-4296-a99c-a3c325022978,FirstNumber=254,secondNumber=64}  added by thread pool-3-thread-6
 message  {Id=46effa92-a532-4296-a99c-a3c325022978,FirstNumber=254,secondNumber=64}  written to file by thread pool-3-thread-3
 message  {Id=c803642c-1498-4c5d-a9d7-2cde7f529b7e,FirstNumber=869,secondNumber=1788}  added by thread pool-3-thread-6
 message  {Id=c803642c-1498-4c5d-a9d7-2cde7f529b7e,FirstNumber=869,secondNumber=1788}  written to file by thread pool-3-thread-2
 message  {Id=e8687fd1-734c-4eaa-ad7a-9e2073805da2,FirstNumber=916,secondNumber=1344}  added by thread pool-3-thread-6
 message  {Id=e8687fd1-734c-4eaa-ad7a-9e2073805da2,FirstNumber=916,secondNumber=1344}  written to file by thread pool-3-thread-4
 message  {Id=2be9a41d-d1ab-41b1-918b-7a06a9296aca,FirstNumber=430,secondNumber=1073}  added by thread pool-3-thread-6
 message  {Id=2be9a41d-d1ab-41b1-918b-7a06a9296aca,FirstNumber=430,secondNumber=1073}  written to file by thread pool-3-thread-1
 message  {Id=dbce7863-d191-429f-a623-6151cac37163,FirstNumber=275,secondNumber=923}  added by thread pool-3-thread-6
 message  {Id=dbce7863-d191-429f-a623-6151cac37163,FirstNumber=275,secondNumber=923}  written to file by thread pool-3-thread-1
 message  {Id=3425b922-0758-4088-b1b1-352e5e658b1c,FirstNumber=403,secondNumber=1660}  added by thread pool-3-thread-6
 message  {Id=3425b922-0758-4088-b1b1-352e5e658b1c,FirstNumber=403,secondNumber=1660}  written to file by thread pool-3-thread-3
 message  {Id=21406a0e-ff23-415a-90e4-90f161dd68e0,FirstNumber=165,secondNumber=1626}  added by thread pool-3-thread-6
 message  {Id=21406a0e-ff23-415a-90e4-90f161dd68e0,FirstNumber=165,secondNumber=1626}  written to file by thread pool-3-thread-3
 message  {Id=c888ae5f-3660-4d1a-b9af-345cfa2cd4f4,FirstNumber=306,secondNumber=1902}  added by thread pool-3-thread-6
 message  {Id=c888ae5f-3660-4d1a-b9af-345cfa2cd4f4,FirstNumber=306,secondNumber=1902}  written to file by thread pool-3-thread-4
 message  {Id=df945a2a-87cb-4176-9b8d-00721fddbb3e,FirstNumber=978,secondNumber=536}  added by thread pool-3-thread-6
 message  {Id=df945a2a-87cb-4176-9b8d-00721fddbb3e,FirstNumber=978,secondNumber=536}  written to file by thread pool-3-thread-4
 message  {Id=3c8787ea-42ca-46b6-aa3a-ef317cb213f5,FirstNumber=631,secondNumber=1785}  added by thread pool-3-thread-6
 message  {Id=3c8787ea-42ca-46b6-aa3a-ef317cb213f5,FirstNumber=631,secondNumber=1785}  written to file by thread pool-3-thread-1
 message  {Id=cd6e0521-8fcb-486e-9dbd-718fe4fb2e13,FirstNumber=566,secondNumber=1527}  added by thread pool-3-thread-6
 message  {Id=cd6e0521-8fcb-486e-9dbd-718fe4fb2e13,FirstNumber=566,secondNumber=1527}  written to file by thread pool-3-thread-1
 message  {Id=96bbc245-1059-4e12-98c4-97caa352ca30,FirstNumber=348,secondNumber=1623}  added by thread pool-3-thread-6
 message  {Id=96bbc245-1059-4e12-98c4-97caa352ca30,FirstNumber=348,secondNumber=1623}  written to file by thread pool-3-thread-3
 message  {Id=be3cd335-6ee0-48d6-a99d-213378162e13,FirstNumber=832,secondNumber=1313}  added by thread pool-3-thread-6
 message  {Id=be3cd335-6ee0-48d6-a99d-213378162e13,FirstNumber=832,secondNumber=1313}  written to file by thread pool-3-thread-5
 message  {Id=dfb76d34-f62b-4918-be31-1e6e1831c05a,FirstNumber=306,secondNumber=1073}  added by thread pool-3-thread-6
 message  {Id=dfb76d34-f62b-4918-be31-1e6e1831c05a,FirstNumber=306,secondNumber=1073}  written to file by thread pool-3-thread-4
 message  {Id=f58ad31e-2e04-449c-b2c6-4ca7b95ef4b4,FirstNumber=201,secondNumber=623}  added by thread pool-3-thread-6
 message  {Id=f58ad31e-2e04-449c-b2c6-4ca7b95ef4b4,FirstNumber=201,secondNumber=623}  written to file by thread pool-3-thread-2
 message  {Id=850bdd6d-e096-471d-98a4-76d08ef0bac8,FirstNumber=126,secondNumber=1067}  added by thread pool-3-thread-6
 message  {Id=850bdd6d-e096-471d-98a4-76d08ef0bac8,FirstNumber=126,secondNumber=1067}  written to file by thread pool-3-thread-1
 message  {Id=d558ac57-09a4-41c1-b3f4-d60376114094,FirstNumber=320,secondNumber=138}  added by thread pool-3-thread-6
 message  {Id=d558ac57-09a4-41c1-b3f4-d60376114094,FirstNumber=320,secondNumber=138}  written to file by thread pool-3-thread-1
 message  {Id=291bb6f7-0250-424e-8041-1a8e7e573af3,FirstNumber=266,secondNumber=1886}  added by thread pool-3-thread-6
 message  {Id=291bb6f7-0250-424e-8041-1a8e7e573af3,FirstNumber=266,secondNumber=1886}  written to file by thread pool-3-thread-1
 message  {Id=66c56265-6c10-47d7-ba6e-3960c0c7fbeb,FirstNumber=93,secondNumber=932}  added by thread pool-3-thread-6
 message  {Id=66c56265-6c10-47d7-ba6e-3960c0c7fbeb,FirstNumber=93,secondNumber=932}  written to file by thread pool-3-thread-4
 message  {Id=149c0b3f-4a11-42c3-813b-c91aa62d9b83,FirstNumber=435,secondNumber=865}  added by thread pool-3-thread-6
 message  {Id=149c0b3f-4a11-42c3-813b-c91aa62d9b83,FirstNumber=435,secondNumber=865}  written to file by thread pool-3-thread-2
 message  {Id=1015fda0-89a7-459c-b718-09f2793f5c27,FirstNumber=361,secondNumber=1586}  added by thread pool-3-thread-6
 message  {Id=1015fda0-89a7-459c-b718-09f2793f5c27,FirstNumber=361,secondNumber=1586}  written to file by thread pool-3-thread-3
 message  {Id=a41306e7-8258-4013-ae6a-585f7dab5c45,FirstNumber=722,secondNumber=21}  added by thread pool-3-thread-6
 message  {Id=a41306e7-8258-4013-ae6a-585f7dab5c45,FirstNumber=722,secondNumber=21}  written to file by thread pool-3-thread-3
 message  {Id=8bb0b0c9-37aa-4d78-8455-2c6de8f23819,FirstNumber=487,secondNumber=0}  added by thread pool-3-thread-6
 message  {Id=8bb0b0c9-37aa-4d78-8455-2c6de8f23819,FirstNumber=487,secondNumber=0}  written to file by thread pool-3-thread-1
 message  {Id=3ed07756-94c6-41c2-bf13-29159ffe65f3,FirstNumber=175,secondNumber=131}  added by thread pool-3-thread-6
 message  {Id=3ed07756-94c6-41c2-bf13-29159ffe65f3,FirstNumber=175,secondNumber=131}  written to file by thread pool-3-thread-4
 message  {Id=081ab38c-b74f-4d89-9467-69942f163ee5,FirstNumber=483,secondNumber=1194}  added by thread pool-3-thread-6
 message  {Id=081ab38c-b74f-4d89-9467-69942f163ee5,FirstNumber=483,secondNumber=1194}  written to file by thread pool-3-thread-2
 message  {Id=2ab532dc-f83d-4e1e-bbe7-be77b599d1de,FirstNumber=941,secondNumber=1933}  added by thread pool-3-thread-6
 message  {Id=2ab532dc-f83d-4e1e-bbe7-be77b599d1de,FirstNumber=941,secondNumber=1933}  written to file by thread pool-3-thread-5
 message  {Id=fad4a422-6c23-465e-afc5-cad2be760718,FirstNumber=949,secondNumber=992}  added by thread pool-3-thread-6
 message  {Id=fad4a422-6c23-465e-afc5-cad2be760718,FirstNumber=949,secondNumber=992}  written to file by thread pool-3-thread-5
 message  {Id=400bc0c2-a142-4e43-ace5-3c8e337af443,FirstNumber=533,secondNumber=1195}  added by thread pool-3-thread-6
 message  {Id=400bc0c2-a142-4e43-ace5-3c8e337af443,FirstNumber=533,secondNumber=1195}  written to file by thread pool-3-thread-5
 message  {Id=48b2c51e-5237-44fc-bebc-b02f138bf77a,FirstNumber=715,secondNumber=1577}  added by thread pool-3-thread-6
 message  {Id=48b2c51e-5237-44fc-bebc-b02f138bf77a,FirstNumber=715,secondNumber=1577}  written to file by thread pool-3-thread-4
 message  {Id=fc81a3f3-70db-412e-8de5-ee54af47b3a8,FirstNumber=553,secondNumber=586}  added by thread pool-3-thread-6
 message  {Id=fc81a3f3-70db-412e-8de5-ee54af47b3a8,FirstNumber=553,secondNumber=586}  written to file by thread pool-3-thread-4
 message  {Id=f36fab3c-e7d3-4cbd-bc9d-06bc59246888,FirstNumber=393,secondNumber=1745}  added by thread pool-3-thread-6
 message  {Id=f36fab3c-e7d3-4cbd-bc9d-06bc59246888,FirstNumber=393,secondNumber=1745}  written to file by thread pool-3-thread-3
 message  {Id=d5bec957-f80f-4e42-aa17-efc1aa3d6458,FirstNumber=9,secondNumber=1681}  added by thread pool-3-thread-6
 message  {Id=d5bec957-f80f-4e42-aa17-efc1aa3d6458,FirstNumber=9,secondNumber=1681}  written to file by thread pool-3-thread-1
 message  {Id=c15f83c5-faa7-4415-9dbc-0bbc8f5ec275,FirstNumber=793,secondNumber=196}  added by thread pool-3-thread-6
 message  {Id=c15f83c5-faa7-4415-9dbc-0bbc8f5ec275,FirstNumber=793,secondNumber=196}  written to file by thread pool-3-thread-5
 message  {Id=d7ce9c8c-b445-49fc-8641-2379178e0953,FirstNumber=283,secondNumber=903}  added by thread pool-3-thread-6
 message  {Id=d7ce9c8c-b445-49fc-8641-2379178e0953,FirstNumber=283,secondNumber=903}  written to file by thread pool-3-thread-2
 message  {Id=0037dd54-26ea-4295-b490-ec8141b5e284,FirstNumber=375,secondNumber=1002}  added by thread pool-3-thread-6
 message  {Id=0037dd54-26ea-4295-b490-ec8141b5e284,FirstNumber=375,secondNumber=1002}  written to file by thread pool-3-thread-2
 message  {Id=64ba39aa-dd83-40dc-ad4a-906716fc777d,FirstNumber=297,secondNumber=446}  added by thread pool-3-thread-6
 message  {Id=64ba39aa-dd83-40dc-ad4a-906716fc777d,FirstNumber=297,secondNumber=446}  written to file by thread pool-3-thread-3
 message  {Id=b7a12ab6-6c38-4f6d-9ef4-49c0c2dca466,FirstNumber=307,secondNumber=1002}  added by thread pool-3-thread-6
 message  {Id=b7a12ab6-6c38-4f6d-9ef4-49c0c2dca466,FirstNumber=307,secondNumber=1002}  written to file by thread pool-3-thread-3
 message  {Id=9bb13b4f-0578-41b8-a337-7e0e77eae16c,FirstNumber=413,secondNumber=298}  added by thread pool-3-thread-6
 message  {Id=9bb13b4f-0578-41b8-a337-7e0e77eae16c,FirstNumber=413,secondNumber=298}  written to file by thread pool-3-thread-3
 message  {Id=b90084b2-7209-4938-b8bc-b7233f71e18b,FirstNumber=456,secondNumber=244}  added by thread pool-3-thread-6
 message  {Id=b90084b2-7209-4938-b8bc-b7233f71e18b,FirstNumber=456,secondNumber=244}  written to file by thread pool-3-thread-4
 message  {Id=04094430-7326-4890-bb3a-9049f6f06914,FirstNumber=539,secondNumber=476}  added by thread pool-3-thread-6
 message  {Id=04094430-7326-4890-bb3a-9049f6f06914,FirstNumber=539,secondNumber=476}  written to file by thread pool-3-thread-2
 message  {Id=5b24f40d-c9c3-4b2c-b014-d2dfcfbec2fa,FirstNumber=403,secondNumber=637}  added by thread pool-3-thread-6
 message  {Id=5b24f40d-c9c3-4b2c-b014-d2dfcfbec2fa,FirstNumber=403,secondNumber=637}  written to file by thread pool-3-thread-1
 message  {Id=31c68767-c6c4-4402-b255-719754a7c22c,FirstNumber=196,secondNumber=1685}  added by thread pool-3-thread-6
 message  {Id=31c68767-c6c4-4402-b255-719754a7c22c,FirstNumber=196,secondNumber=1685}  written to file by thread pool-3-thread-5
 message  {Id=1dc609b9-b901-4827-836d-32dbee4b4a3b,FirstNumber=574,secondNumber=998}  added by thread pool-3-thread-6
 message  {Id=1dc609b9-b901-4827-836d-32dbee4b4a3b,FirstNumber=574,secondNumber=998}  written to file by thread pool-3-thread-3
 message  {Id=2d37ad81-a965-43a8-85e6-c34d0593cfa2,FirstNumber=705,secondNumber=1203}  added by thread pool-3-thread-6
 message  {Id=2d37ad81-a965-43a8-85e6-c34d0593cfa2,FirstNumber=705,secondNumber=1203}  written to file by thread pool-3-thread-4
 message  {Id=1080fc37-cbef-49bd-9731-e00f9f821a7d,FirstNumber=932,secondNumber=1186}  added by thread pool-3-thread-6
 message  {Id=1080fc37-cbef-49bd-9731-e00f9f821a7d,FirstNumber=932,secondNumber=1186}  written to file by thread pool-3-thread-4
 message  {Id=e86b98d0-79bf-434c-b9f4-fb7312f85afc,FirstNumber=828,secondNumber=147}  added by thread pool-3-thread-6
 message  {Id=e86b98d0-79bf-434c-b9f4-fb7312f85afc,FirstNumber=828,secondNumber=147}  written to file by thread pool-3-thread-1
 message  {Id=ed5e45cb-3142-45f6-bf96-8cb6b4e01d41,FirstNumber=986,secondNumber=1821}  added by thread pool-3-thread-6
 message  {Id=ed5e45cb-3142-45f6-bf96-8cb6b4e01d41,FirstNumber=986,secondNumber=1821}  written to file by thread pool-3-thread-1
 message  {Id=b8a6e296-45b8-4ce6-9281-bd5414c12adf,FirstNumber=795,secondNumber=1566}  added by thread pool-3-thread-6
 message  {Id=b8a6e296-45b8-4ce6-9281-bd5414c12adf,FirstNumber=795,secondNumber=1566}  written to file by thread pool-3-thread-3
 message  {Id=1af28f12-9f33-49e2-bfa2-a19172418f33,FirstNumber=804,secondNumber=1023}  added by thread pool-3-thread-6
 message  {Id=1af28f12-9f33-49e2-bfa2-a19172418f33,FirstNumber=804,secondNumber=1023}  written to file by thread pool-3-thread-3
 message  {Id=b834b905-ee73-4eab-a0ec-9bedccc73444,FirstNumber=761,secondNumber=1630}  added by thread pool-3-thread-6
 message  {Id=b834b905-ee73-4eab-a0ec-9bedccc73444,FirstNumber=761,secondNumber=1630}  written to file by thread pool-3-thread-4
 message  {Id=18743553-c3c9-4472-9616-9efe19978afe,FirstNumber=487,secondNumber=1445}  added by thread pool-3-thread-6
 message  {Id=18743553-c3c9-4472-9616-9efe19978afe,FirstNumber=487,secondNumber=1445}  written to file by thread pool-3-thread-4
 message  {Id=48876b1d-03f1-433f-bca1-5ed20a5a6d74,FirstNumber=931,secondNumber=1174}  added by thread pool-3-thread-6
 message  {Id=48876b1d-03f1-433f-bca1-5ed20a5a6d74,FirstNumber=931,secondNumber=1174}  written to file by thread pool-3-thread-1
 message  {Id=bed2eedc-6ace-41a5-8c66-cf4791cf96bc,FirstNumber=949,secondNumber=254}  added by thread pool-3-thread-6
 message  {Id=bed2eedc-6ace-41a5-8c66-cf4791cf96bc,FirstNumber=949,secondNumber=254}  written to file by thread pool-3-thread-2
 message  {Id=829f8c0e-2c3b-4f26-bd6d-82d218329d48,FirstNumber=655,secondNumber=1126}  added by thread pool-3-thread-6
 message  {Id=829f8c0e-2c3b-4f26-bd6d-82d218329d48,FirstNumber=655,secondNumber=1126}  written to file by thread pool-3-thread-3
 message  {Id=d9d99588-9c54-4b39-9b0d-f9bcf0d0c206,FirstNumber=85,secondNumber=494}  added by thread pool-3-thread-6
 message  {Id=d9d99588-9c54-4b39-9b0d-f9bcf0d0c206,FirstNumber=85,secondNumber=494}  written to file by thread pool-3-thread-3
 message  {Id=6216084d-4232-408e-89c9-9d5bd48cb46e,FirstNumber=913,secondNumber=734}  added by thread pool-3-thread-6
 message  {Id=6216084d-4232-408e-89c9-9d5bd48cb46e,FirstNumber=913,secondNumber=734}  written to file by thread pool-3-thread-4
 message  {Id=3db1fc54-246a-4d62-a741-c0fd0b841709,FirstNumber=120,secondNumber=564}  added by thread pool-3-thread-6
 message  {Id=3db1fc54-246a-4d62-a741-c0fd0b841709,FirstNumber=120,secondNumber=564}  written to file by thread pool-3-thread-4
 message  {Id=22971c06-175b-4efc-b700-324527bef277,FirstNumber=659,secondNumber=897}  added by thread pool-3-thread-6
 message  {Id=22971c06-175b-4efc-b700-324527bef277,FirstNumber=659,secondNumber=897}  written to file by thread pool-3-thread-2
 message  {Id=18066766-7af0-43fa-8407-a95691da8d8b,FirstNumber=74,secondNumber=1926}  added by thread pool-3-thread-6
 message  {Id=18066766-7af0-43fa-8407-a95691da8d8b,FirstNumber=74,secondNumber=1926}  written to file by thread pool-3-thread-5
 message  {Id=966d7a6e-d581-46d0-a2d0-09185ca3120c,FirstNumber=790,secondNumber=675}  added by thread pool-3-thread-6
 message  {Id=966d7a6e-d581-46d0-a2d0-09185ca3120c,FirstNumber=790,secondNumber=675}  written to file by thread pool-3-thread-3
 message  {Id=af94733a-ba6e-4a6a-9c10-ff1aa90d8867,FirstNumber=398,secondNumber=669}  added by thread pool-3-thread-6
 message  {Id=af94733a-ba6e-4a6a-9c10-ff1aa90d8867,FirstNumber=398,secondNumber=669}  written to file by thread pool-3-thread-3
 message  {Id=921d878a-d4ce-40e3-acac-39bd6ad38bd4,FirstNumber=394,secondNumber=1198}  added by thread pool-3-thread-6
 message  {Id=921d878a-d4ce-40e3-acac-39bd6ad38bd4,FirstNumber=394,secondNumber=1198}  written to file by thread pool-3-thread-4
 message  {Id=bafa56ce-5e29-460e-bc3f-90db0bf47f47,FirstNumber=128,secondNumber=1766}  added by thread pool-3-thread-6
 message  {Id=bafa56ce-5e29-460e-bc3f-90db0bf47f47,FirstNumber=128,secondNumber=1766}  written to file by thread pool-3-thread-2
 message  {Id=2bb38f43-73ff-49d6-8c4d-c6f7852ebc5d,FirstNumber=434,secondNumber=345}  added by thread pool-3-thread-6
 message  {Id=2bb38f43-73ff-49d6-8c4d-c6f7852ebc5d,FirstNumber=434,secondNumber=345}  written to file by thread pool-3-thread-5
 message  {Id=b95b7a5b-e835-4875-8ac8-3ed78caf1c8a,FirstNumber=890,secondNumber=889}  added by thread pool-3-thread-6
 message  {Id=b95b7a5b-e835-4875-8ac8-3ed78caf1c8a,FirstNumber=890,secondNumber=889}  written to file by thread pool-3-thread-5
 message  {Id=c01ee336-d761-4be4-836c-1c8fddd56810,FirstNumber=428,secondNumber=889}  added by thread pool-3-thread-6
 message  {Id=c01ee336-d761-4be4-836c-1c8fddd56810,FirstNumber=428,secondNumber=889}  written to file by thread pool-3-thread-3
 message  {Id=a70c6d86-e70b-4671-8d1e-7a812227d41f,FirstNumber=436,secondNumber=1878}  added by thread pool-3-thread-6
 message  {Id=a70c6d86-e70b-4671-8d1e-7a812227d41f,FirstNumber=436,secondNumber=1878}  written to file by thread pool-3-thread-3
 message  {Id=1e36376d-7584-4cac-8293-f5f3d1040f95,FirstNumber=326,secondNumber=1515}  added by thread pool-3-thread-6
 message  {Id=1e36376d-7584-4cac-8293-f5f3d1040f95,FirstNumber=326,secondNumber=1515}  written to file by thread pool-3-thread-3
 message  {Id=503d4b82-d863-4f44-be07-8bd541a2a5a8,FirstNumber=916,secondNumber=611}  added by thread pool-3-thread-6
 message  {Id=503d4b82-d863-4f44-be07-8bd541a2a5a8,FirstNumber=916,secondNumber=611}  written to file by thread pool-3-thread-1
 message  {Id=dea622b6-3cc8-42b6-bcb8-ae6349129889,FirstNumber=538,secondNumber=117}  added by thread pool-3-thread-6
 message  {Id=dea622b6-3cc8-42b6-bcb8-ae6349129889,FirstNumber=538,secondNumber=117}  written to file by thread pool-3-thread-5
 message  {Id=3bd5ded0-ec20-4555-8f10-cb95c4ddafa8,FirstNumber=426,secondNumber=761}  added by thread pool-3-thread-6
 message  {Id=3bd5ded0-ec20-4555-8f10-cb95c4ddafa8,FirstNumber=426,secondNumber=761}  written to file by thread pool-3-thread-5
 message  {Id=2b9cae9d-9d70-421e-a1ca-8dd671694cd3,FirstNumber=963,secondNumber=1224}  added by thread pool-3-thread-6
 message  {Id=2b9cae9d-9d70-421e-a1ca-8dd671694cd3,FirstNumber=963,secondNumber=1224}  written to file by thread pool-3-thread-2
 message  {Id=89151f22-93d1-4649-9ca1-79352e9ca908,FirstNumber=621,secondNumber=1157}  added by thread pool-3-thread-6
 message  {Id=89151f22-93d1-4649-9ca1-79352e9ca908,FirstNumber=621,secondNumber=1157}  written to file by thread pool-3-thread-3
 message  {Id=e586eb95-0788-4bfd-b9ed-dd1e40ecf9f0,FirstNumber=781,secondNumber=188}  added by thread pool-3-thread-6
 message  {Id=e586eb95-0788-4bfd-b9ed-dd1e40ecf9f0,FirstNumber=781,secondNumber=188}  written to file by thread pool-3-thread-1
 message  {Id=ddec5cb8-f6b0-4e5c-bd69-e718457d1075,FirstNumber=505,secondNumber=1736}  added by thread pool-3-thread-6
 message  {Id=ddec5cb8-f6b0-4e5c-bd69-e718457d1075,FirstNumber=505,secondNumber=1736}  written to file by thread pool-3-thread-1
 message  {Id=d780e278-05dd-45c7-a0a4-523188bca556,FirstNumber=976,secondNumber=537}  added by thread pool-3-thread-6
 message  {Id=d780e278-05dd-45c7-a0a4-523188bca556,FirstNumber=976,secondNumber=537}  written to file by thread pool-3-thread-5
 message  {Id=1fc8ee8f-b200-40c9-814f-062ff9e58c59,FirstNumber=9,secondNumber=786}  added by thread pool-3-thread-6
 message  {Id=1fc8ee8f-b200-40c9-814f-062ff9e58c59,FirstNumber=9,secondNumber=786}  written to file by thread pool-3-thread-5
 message  {Id=191c28a6-8728-4b4f-b0f5-6d6de16aa972,FirstNumber=315,secondNumber=788}  added by thread pool-3-thread-6
 message  {Id=191c28a6-8728-4b4f-b0f5-6d6de16aa972,FirstNumber=315,secondNumber=788}  written to file by thread pool-3-thread-3
 message  {Id=9c2bdc95-9104-419d-9a15-67e64de7b4cd,FirstNumber=628,secondNumber=133}  added by thread pool-3-thread-6
 message  {Id=9c2bdc95-9104-419d-9a15-67e64de7b4cd,FirstNumber=628,secondNumber=133}  written to file by thread pool-3-thread-3
 message  {Id=0a22e7b2-32a1-4b8f-a70a-83ae4ac2403b,FirstNumber=396,secondNumber=943}  added by thread pool-3-thread-6
 message  {Id=0a22e7b2-32a1-4b8f-a70a-83ae4ac2403b,FirstNumber=396,secondNumber=943}  written to file by thread pool-3-thread-1
 message  {Id=30d79570-6d21-4f35-bc94-e83bf82079ca,FirstNumber=660,secondNumber=835}  added by thread pool-3-thread-6
 message  {Id=30d79570-6d21-4f35-bc94-e83bf82079ca,FirstNumber=660,secondNumber=835}  written to file by thread pool-3-thread-1
 message  {Id=3498a7a9-ab44-4a15-b5a5-e9165acad469,FirstNumber=369,secondNumber=0}  added by thread pool-3-thread-6
 message  {Id=3498a7a9-ab44-4a15-b5a5-e9165acad469,FirstNumber=369,secondNumber=0}  written to file by thread pool-3-thread-5
 message  {Id=9871311f-b62c-48dc-9735-5d807265a121,FirstNumber=504,secondNumber=1866}  added by thread pool-3-thread-6
 message  {Id=9871311f-b62c-48dc-9735-5d807265a121,FirstNumber=504,secondNumber=1866}  written to file by thread pool-3-thread-4
 message  {Id=0a9bf27e-2bd5-4218-af09-272f5a960d09,FirstNumber=980,secondNumber=1767}  added by thread pool-3-thread-6
 message  {Id=0a9bf27e-2bd5-4218-af09-272f5a960d09,FirstNumber=980,secondNumber=1767}  written to file by thread pool-3-thread-3
 message  {Id=d8f0fe25-0f25-4aac-9ef5-e6e5664509d6,FirstNumber=657,secondNumber=144}  added by thread pool-3-thread-6
 message  {Id=d8f0fe25-0f25-4aac-9ef5-e6e5664509d6,FirstNumber=657,secondNumber=144}  written to file by thread pool-3-thread-3
 message  {Id=c964bc8f-fed6-40d3-a81d-b4864921e35d,FirstNumber=935,secondNumber=1332}  added by thread pool-3-thread-6
 message  {Id=c964bc8f-fed6-40d3-a81d-b4864921e35d,FirstNumber=935,secondNumber=1332}  written to file by thread pool-3-thread-1
 message  {Id=ac19b207-b90e-4b11-87d6-8a1e851a4057,FirstNumber=560,secondNumber=456}  added by thread pool-3-thread-6
 message  {Id=ac19b207-b90e-4b11-87d6-8a1e851a4057,FirstNumber=560,secondNumber=456}  written to file by thread pool-3-thread-1
 message  {Id=88cd0dbf-24e4-4bfd-af38-c49a577a6b28,FirstNumber=33,secondNumber=1504}  added by thread pool-3-thread-6
 message  {Id=88cd0dbf-24e4-4bfd-af38-c49a577a6b28,FirstNumber=33,secondNumber=1504}  written to file by thread pool-3-thread-4
 message  {Id=8af43344-1b1a-47b8-9d5c-5cbe443a1f63,FirstNumber=54,secondNumber=1628}  added by thread pool-3-thread-6
 message  {Id=8af43344-1b1a-47b8-9d5c-5cbe443a1f63,FirstNumber=54,secondNumber=1628}  written to file by thread pool-3-thread-2
 message  {Id=afb9cd54-fd74-448e-a340-09ecb5d25420,FirstNumber=780,secondNumber=1412}  added by thread pool-3-thread-6
 message  {Id=afb9cd54-fd74-448e-a340-09ecb5d25420,FirstNumber=780,secondNumber=1412}  written to file by thread pool-3-thread-3
 message  {Id=25caa070-84ac-4655-a86a-daf21089b6a3,FirstNumber=767,secondNumber=1577}  added by thread pool-3-thread-6
 message  {Id=25caa070-84ac-4655-a86a-daf21089b6a3,FirstNumber=767,secondNumber=1577}  written to file by thread pool-3-thread-3
 message  {Id=e019cfb9-92ce-4f7d-a64c-f32300917a45,FirstNumber=863,secondNumber=1220}  added by thread pool-3-thread-6
 message  {Id=e019cfb9-92ce-4f7d-a64c-f32300917a45,FirstNumber=863,secondNumber=1220}  written to file by thread pool-3-thread-1
 message  {Id=4ec7e303-a90a-4685-982d-4f27bf2f31fc,FirstNumber=939,secondNumber=939}  added by thread pool-3-thread-6
 message  {Id=4ec7e303-a90a-4685-982d-4f27bf2f31fc,FirstNumber=939,secondNumber=939}  written to file by thread pool-3-thread-4
 message  {Id=26dbe984-2c2b-4c84-9d66-21f9bce79bd3,FirstNumber=38,secondNumber=610}  added by thread pool-3-thread-6
 message  {Id=26dbe984-2c2b-4c84-9d66-21f9bce79bd3,FirstNumber=38,secondNumber=610}  written to file by thread pool-3-thread-2
 message  {Id=84ffbea8-ba22-441f-8ced-b83563e7c713,FirstNumber=173,secondNumber=1552}  added by thread pool-3-thread-6
 message  {Id=84ffbea8-ba22-441f-8ced-b83563e7c713,FirstNumber=173,secondNumber=1552}  written to file by thread pool-3-thread-2
 message  {Id=d4d1b32a-d1ee-4efd-a7c9-b91c94f41ae4,FirstNumber=230,secondNumber=1661}  added by thread pool-3-thread-6
 message  {Id=d4d1b32a-d1ee-4efd-a7c9-b91c94f41ae4,FirstNumber=230,secondNumber=1661}  written to file by thread pool-3-thread-3
 message  {Id=58fab206-3cf1-4abf-8c6a-5bbe24539812,FirstNumber=244,secondNumber=1547}  added by thread pool-3-thread-6
 message  {Id=58fab206-3cf1-4abf-8c6a-5bbe24539812,FirstNumber=244,secondNumber=1547}  written to file by thread pool-3-thread-3
 message  {Id=a50f48fb-93b7-4d55-b724-4d7f70e56b65,FirstNumber=530,secondNumber=318}  added by thread pool-3-thread-6
 message  {Id=a50f48fb-93b7-4d55-b724-4d7f70e56b65,FirstNumber=530,secondNumber=318}  written to file by thread pool-3-thread-3
 message  {Id=88371b9a-2a61-46e2-9589-ee5ecf84dfa6,FirstNumber=659,secondNumber=103}  added by thread pool-3-thread-6
 message  {Id=88371b9a-2a61-46e2-9589-ee5ecf84dfa6,FirstNumber=659,secondNumber=103}  written to file by thread pool-3-thread-5
 message  {Id=1cf64529-5ebb-4583-9b32-e67995608b02,FirstNumber=374,secondNumber=1613}  added by thread pool-3-thread-6
 message  {Id=1cf64529-5ebb-4583-9b32-e67995608b02,FirstNumber=374,secondNumber=1613}  written to file by thread pool-3-thread-2
 message  {Id=b628c042-bf3f-4daa-8971-7c420f65f621,FirstNumber=196,secondNumber=1772}  added by thread pool-3-thread-6
 message  {Id=b628c042-bf3f-4daa-8971-7c420f65f621,FirstNumber=196,secondNumber=1772}  written to file by thread pool-3-thread-2
 message  {Id=2f6fb441-fc07-4cd9-ad8a-07983fb852b6,FirstNumber=325,secondNumber=583}  added by thread pool-3-thread-6
 message  {Id=2f6fb441-fc07-4cd9-ad8a-07983fb852b6,FirstNumber=325,secondNumber=583}  written to file by thread pool-3-thread-4
 message  {Id=89fc2d27-2c6d-42d4-899b-ca089553f4f2,FirstNumber=880,secondNumber=1646}  added by thread pool-3-thread-6
 message  {Id=89fc2d27-2c6d-42d4-899b-ca089553f4f2,FirstNumber=880,secondNumber=1646}  written to file by thread pool-3-thread-3
 message  {Id=3e83d2af-19d6-4f0c-85d4-606f6380560c,FirstNumber=116,secondNumber=1608}  added by thread pool-3-thread-6
 message  {Id=3e83d2af-19d6-4f0c-85d4-606f6380560c,FirstNumber=116,secondNumber=1608}  written to file by thread pool-3-thread-5
 message  {Id=50dd8c3a-aeaa-4c79-b0dc-1f31ce31d2f1,FirstNumber=169,secondNumber=1607}  added by thread pool-3-thread-6
 message  {Id=50dd8c3a-aeaa-4c79-b0dc-1f31ce31d2f1,FirstNumber=169,secondNumber=1607}  written to file by thread pool-3-thread-5
 message  {Id=919eff83-2e96-4b24-90c6-d3258faff5d9,FirstNumber=55,secondNumber=911}  added by thread pool-3-thread-6
 message  {Id=919eff83-2e96-4b24-90c6-d3258faff5d9,FirstNumber=55,secondNumber=911}  written to file by thread pool-3-thread-2
 message  {Id=5ff17d97-cf2c-4efd-8755-c25fcfbef0d9,FirstNumber=343,secondNumber=209}  added by thread pool-3-thread-6
 message  {Id=5ff17d97-cf2c-4efd-8755-c25fcfbef0d9,FirstNumber=343,secondNumber=209}  written to file by thread pool-3-thread-2
 message  {Id=00a9215e-7260-4ee1-a5d6-bfa0a2d24756,FirstNumber=328,secondNumber=1399}  added by thread pool-3-thread-6
 message  {Id=00a9215e-7260-4ee1-a5d6-bfa0a2d24756,FirstNumber=328,secondNumber=1399}  written to file by thread pool-3-thread-3
 message  {Id=287314d3-b721-443b-a8d9-157321a8d9da,FirstNumber=636,secondNumber=1527}  added by thread pool-3-thread-6
 message  {Id=287314d3-b721-443b-a8d9-157321a8d9da,FirstNumber=636,secondNumber=1527}  written to file by thread pool-3-thread-3
 message  {Id=562244d1-d145-49c5-bdd5-991894845040,FirstNumber=503,secondNumber=1587}  added by thread pool-3-thread-6
 message  {Id=562244d1-d145-49c5-bdd5-991894845040,FirstNumber=503,secondNumber=1587}  written to file by thread pool-3-thread-5
 message  {Id=48c5d472-2f7c-4e1b-8752-b55c18c4c7a4,FirstNumber=138,secondNumber=594}  added by thread pool-3-thread-6
 message  {Id=48c5d472-2f7c-4e1b-8752-b55c18c4c7a4,FirstNumber=138,secondNumber=594}  written to file by thread pool-3-thread-4
 message  {Id=a34ad12f-1360-4c78-b563-bf12d83fdf3f,FirstNumber=874,secondNumber=1820}  added by thread pool-3-thread-6
 message  {Id=a34ad12f-1360-4c78-b563-bf12d83fdf3f,FirstNumber=874,secondNumber=1820}  written to file by thread pool-3-thread-4
 message  {Id=408b37c5-cabe-41c5-80e3-82d2118c1deb,FirstNumber=145,secondNumber=14}  added by thread pool-3-thread-6
 message  {Id=408b37c5-cabe-41c5-80e3-82d2118c1deb,FirstNumber=145,secondNumber=14}  written to file by thread pool-3-thread-1
 message  {Id=7e90b56f-d748-43ff-97b8-20c485885fb9,FirstNumber=494,secondNumber=1774}  added by thread pool-3-thread-6
 message  {Id=7e90b56f-d748-43ff-97b8-20c485885fb9,FirstNumber=494,secondNumber=1774}  written to file by thread pool-3-thread-3
 message  {Id=2a4554a9-e620-4277-970a-dedc2adb0cd3,FirstNumber=265,secondNumber=1450}  added by thread pool-3-thread-6
 message  {Id=2a4554a9-e620-4277-970a-dedc2adb0cd3,FirstNumber=265,secondNumber=1450}  written to file by thread pool-3-thread-3
 message  {Id=b3178571-5c15-4ce5-a9d3-501c420e36da,FirstNumber=781,secondNumber=1051}  added by thread pool-3-thread-6
 message  {Id=b3178571-5c15-4ce5-a9d3-501c420e36da,FirstNumber=781,secondNumber=1051}  written to file by thread pool-3-thread-2
 message  {Id=8e79122e-2e1f-4b4a-a6ed-479da5bb63c5,FirstNumber=503,secondNumber=466}  added by thread pool-3-thread-6
 message  {Id=8e79122e-2e1f-4b4a-a6ed-479da5bb63c5,FirstNumber=503,secondNumber=466}  written to file by thread pool-3-thread-2
 message  {Id=06202d24-1393-4267-aed1-d87b9782dd6a,FirstNumber=258,secondNumber=628}  added by thread pool-3-thread-6
 message  {Id=06202d24-1393-4267-aed1-d87b9782dd6a,FirstNumber=258,secondNumber=628}  written to file by thread pool-3-thread-1
 message  {Id=1f1c9deb-9f76-4690-ac18-ca3baff7675f,FirstNumber=492,secondNumber=1597}  added by thread pool-3-thread-6
 message  {Id=1f1c9deb-9f76-4690-ac18-ca3baff7675f,FirstNumber=492,secondNumber=1597}  written to file by thread pool-3-thread-1
 message  {Id=c1dbe4e1-986b-4b16-ad48-443669189fd3,FirstNumber=68,secondNumber=1550}  added by thread pool-3-thread-6
 message  {Id=c1dbe4e1-986b-4b16-ad48-443669189fd3,FirstNumber=68,secondNumber=1550}  written to file by thread pool-3-thread-1
 message  {Id=b5908bc7-f266-476c-8411-59b7ff8f861a,FirstNumber=277,secondNumber=711}  added by thread pool-3-thread-6
 message  {Id=b5908bc7-f266-476c-8411-59b7ff8f861a,FirstNumber=277,secondNumber=711}  written to file by thread pool-3-thread-4
 message  {Id=11add577-7fa2-4262-b88b-0ea856544180,FirstNumber=684,secondNumber=730}  added by thread pool-3-thread-6
 message  {Id=11add577-7fa2-4262-b88b-0ea856544180,FirstNumber=684,secondNumber=730}  written to file by thread pool-3-thread-2
 message  {Id=e9fcc1b0-461f-476f-b6bb-64c79560b520,FirstNumber=427,secondNumber=16}  added by thread pool-3-thread-6
 message  {Id=e9fcc1b0-461f-476f-b6bb-64c79560b520,FirstNumber=427,secondNumber=16}  written to file by thread pool-3-thread-5
 message  {Id=40b5526b-928c-4d91-b8ff-79a75cd3ad31,FirstNumber=55,secondNumber=378}  added by thread pool-3-thread-6
 message  {Id=40b5526b-928c-4d91-b8ff-79a75cd3ad31,FirstNumber=55,secondNumber=378}  written to file by thread pool-3-thread-3
 message  {Id=631ef431-9fdc-4bb4-927a-137d5302384b,FirstNumber=277,secondNumber=988}  added by thread pool-3-thread-6
 message  {Id=631ef431-9fdc-4bb4-927a-137d5302384b,FirstNumber=277,secondNumber=988}  written to file by thread pool-3-thread-3
 message  {Id=10637898-8ac1-4dfc-a091-9fea8ef003f1,FirstNumber=725,secondNumber=1812}  added by thread pool-3-thread-6
 message  {Id=10637898-8ac1-4dfc-a091-9fea8ef003f1,FirstNumber=725,secondNumber=1812}  written to file by thread pool-3-thread-4
 message  {Id=25e9b0e6-abca-404f-b39e-bb4a06b246b3,FirstNumber=160,secondNumber=158}  added by thread pool-3-thread-6
 message  {Id=25e9b0e6-abca-404f-b39e-bb4a06b246b3,FirstNumber=160,secondNumber=158}  written to file by thread pool-3-thread-4
 message  {Id=0d5bfe72-072e-4678-8d08-b4155ed8b465,FirstNumber=496,secondNumber=339}  added by thread pool-3-thread-6
 message  {Id=0d5bfe72-072e-4678-8d08-b4155ed8b465,FirstNumber=496,secondNumber=339}  written to file by thread pool-3-thread-5
 message  {Id=b8c91f99-45a6-4dd5-8caa-99a63856d105,FirstNumber=210,secondNumber=947}  added by thread pool-3-thread-6
 message  {Id=b8c91f99-45a6-4dd5-8caa-99a63856d105,FirstNumber=210,secondNumber=947}  written to file by thread pool-3-thread-5
 message  {Id=8411218d-ea73-4a15-ab6f-816390b58ac5,FirstNumber=40,secondNumber=1874}  added by thread pool-3-thread-6
 message  {Id=8411218d-ea73-4a15-ab6f-816390b58ac5,FirstNumber=40,secondNumber=1874}  written to file by thread pool-3-thread-3
 message  {Id=c09587a2-f281-4877-8391-fa61748fd8ab,FirstNumber=812,secondNumber=1308}  added by thread pool-3-thread-6
 message  {Id=c09587a2-f281-4877-8391-fa61748fd8ab,FirstNumber=812,secondNumber=1308}  written to file by thread pool-3-thread-3
 message  {Id=91fc0255-c6b9-44fc-b168-719e74604707,FirstNumber=407,secondNumber=1985}  added by thread pool-3-thread-6
 message  {Id=91fc0255-c6b9-44fc-b168-719e74604707,FirstNumber=407,secondNumber=1985}  written to file by thread pool-3-thread-4
 message  {Id=d72aafd6-982c-46c6-a79d-96cc0a85e37a,FirstNumber=364,secondNumber=612}  added by thread pool-3-thread-6
 message  {Id=d72aafd6-982c-46c6-a79d-96cc0a85e37a,FirstNumber=364,secondNumber=612}  written to file by thread pool-3-thread-1
 message  {Id=e9643aaf-4c56-4f47-aeff-b71339e518d4,FirstNumber=630,secondNumber=1321}  added by thread pool-3-thread-6
 message  {Id=e9643aaf-4c56-4f47-aeff-b71339e518d4,FirstNumber=630,secondNumber=1321}  written to file by thread pool-3-thread-5
 message  {Id=9239e20e-ec36-4443-9fb6-bd10a537041d,FirstNumber=139,secondNumber=1264}  added by thread pool-3-thread-6
 message  {Id=9239e20e-ec36-4443-9fb6-bd10a537041d,FirstNumber=139,secondNumber=1264}  written to file by thread pool-3-thread-5
 message  {Id=95397833-ac8e-4b20-b21d-a8c06606a99f,FirstNumber=649,secondNumber=1572}  added by thread pool-3-thread-6
 message  {Id=95397833-ac8e-4b20-b21d-a8c06606a99f,FirstNumber=649,secondNumber=1572}  written to file by thread pool-3-thread-3
 message  {Id=cf66f900-7346-4d0d-b26c-137511a33975,FirstNumber=375,secondNumber=987}  added by thread pool-3-thread-6
 message  {Id=cf66f900-7346-4d0d-b26c-137511a33975,FirstNumber=375,secondNumber=987}  written to file by thread pool-3-thread-3
 message  {Id=6ec94116-b39c-4977-87d3-f501b8e3eb1b,FirstNumber=964,secondNumber=1682}  added by thread pool-3-thread-6
 message  {Id=6ec94116-b39c-4977-87d3-f501b8e3eb1b,FirstNumber=964,secondNumber=1682}  written to file by thread pool-3-thread-3
 message  {Id=971dc718-a9ca-48e9-aa86-42223555c7ff,FirstNumber=717,secondNumber=172}  added by thread pool-3-thread-6
 message  {Id=971dc718-a9ca-48e9-aa86-42223555c7ff,FirstNumber=717,secondNumber=172}  written to file by thread pool-3-thread-2
 message  {Id=78e0c47b-015b-4dee-8a7b-2dcda49b6cbd,FirstNumber=177,secondNumber=1634}  added by thread pool-3-thread-6
 message  {Id=78e0c47b-015b-4dee-8a7b-2dcda49b6cbd,FirstNumber=177,secondNumber=1634}  written to file by thread pool-3-thread-5
 message  {Id=3cc40738-4eed-4c69-a60b-6d88e2c7f217,FirstNumber=831,secondNumber=0}  added by thread pool-3-thread-6
 message  {Id=3cc40738-4eed-4c69-a60b-6d88e2c7f217,FirstNumber=831,secondNumber=0}  written to file by thread pool-3-thread-5
 message  {Id=8ea8b8b6-230f-4d32-bbc1-d7c19336f7f0,FirstNumber=854,secondNumber=1805}  added by thread pool-3-thread-6
 message  {Id=8ea8b8b6-230f-4d32-bbc1-d7c19336f7f0,FirstNumber=854,secondNumber=1805}  written to file by thread pool-3-thread-1
 message  {Id=d2f796c2-4b41-43ac-a831-29fec4f3b9b8,FirstNumber=178,secondNumber=1012}  added by thread pool-3-thread-6
 message  {Id=d2f796c2-4b41-43ac-a831-29fec4f3b9b8,FirstNumber=178,secondNumber=1012}  written to file by thread pool-3-thread-3
 message  {Id=1192c65e-953d-48c5-8721-c4b39d40be8b,FirstNumber=112,secondNumber=1794}  added by thread pool-3-thread-6
 message  {Id=1192c65e-953d-48c5-8721-c4b39d40be8b,FirstNumber=112,secondNumber=1794}  written to file by thread pool-3-thread-2
 message  {Id=f8c288a1-4be2-470f-8b43-5c611a76f441,FirstNumber=413,secondNumber=962}  added by thread pool-3-thread-6
 message  {Id=f8c288a1-4be2-470f-8b43-5c611a76f441,FirstNumber=413,secondNumber=962}  written to file by thread pool-3-thread-2
 message  {Id=821b3d20-1583-4cd6-9f13-56dea33c705d,FirstNumber=309,secondNumber=329}  added by thread pool-3-thread-6
 message  {Id=821b3d20-1583-4cd6-9f13-56dea33c705d,FirstNumber=309,secondNumber=329}  written to file by thread pool-3-thread-5
 message  {Id=4ecd1c37-ad24-4fa8-8005-f6fd7eb63f1b,FirstNumber=690,secondNumber=335}  added by thread pool-3-thread-6
 message  {Id=4ecd1c37-ad24-4fa8-8005-f6fd7eb63f1b,FirstNumber=690,secondNumber=335}  written to file by thread pool-3-thread-5
 message  {Id=39147d9a-4801-4000-91e8-32cdc9ca6369,FirstNumber=669,secondNumber=786}  added by thread pool-3-thread-6
 message  {Id=39147d9a-4801-4000-91e8-32cdc9ca6369,FirstNumber=669,secondNumber=786}  written to file by thread pool-3-thread-3
 message  {Id=da7cbe03-888c-40e9-b8ec-c421bb82449f,FirstNumber=910,secondNumber=607}  added by thread pool-3-thread-6
 message  {Id=da7cbe03-888c-40e9-b8ec-c421bb82449f,FirstNumber=910,secondNumber=607}  written to file by thread pool-3-thread-3
 message  {Id=74a725a5-0cd0-4ad4-aff3-203c14893541,FirstNumber=998,secondNumber=833}  added by thread pool-3-thread-6
 message  {Id=74a725a5-0cd0-4ad4-aff3-203c14893541,FirstNumber=998,secondNumber=833}  written to file by thread pool-3-thread-2
 message  {Id=f71b3529-23b1-41a4-9685-1cb2a98b57bf,FirstNumber=80,secondNumber=1015}  added by thread pool-3-thread-6
 message  {Id=f71b3529-23b1-41a4-9685-1cb2a98b57bf,FirstNumber=80,secondNumber=1015}  written to file by thread pool-3-thread-2
 message  {Id=c2cfdad2-e6be-4c3e-84b4-af88dd8feb56,FirstNumber=567,secondNumber=471}  added by thread pool-3-thread-6
 message  {Id=c2cfdad2-e6be-4c3e-84b4-af88dd8feb56,FirstNumber=567,secondNumber=471}  written to file by thread pool-3-thread-5
 message  {Id=28689773-1436-40a0-899d-e03c76924b69,FirstNumber=734,secondNumber=1695}  added by thread pool-3-thread-6
 message  {Id=28689773-1436-40a0-899d-e03c76924b69,FirstNumber=734,secondNumber=1695}  written to file by thread pool-3-thread-4
 message  {Id=84fbecf5-6019-4460-94f5-51beeb80bfa9,FirstNumber=37,secondNumber=744}  added by thread pool-3-thread-6
 message  {Id=84fbecf5-6019-4460-94f5-51beeb80bfa9,FirstNumber=37,secondNumber=744}  written to file by thread pool-3-thread-3
 message  {Id=a27c0399-bdc1-4535-b32d-ebc7105b8f69,FirstNumber=827,secondNumber=1632}  added by thread pool-3-thread-6
 message  {Id=a27c0399-bdc1-4535-b32d-ebc7105b8f69,FirstNumber=827,secondNumber=1632}  written to file by thread pool-3-thread-1
 message  {Id=b088ddbc-aa1c-4cc3-8270-85827283b6f4,FirstNumber=753,secondNumber=1150}  added by thread pool-3-thread-6
 message  {Id=b088ddbc-aa1c-4cc3-8270-85827283b6f4,FirstNumber=753,secondNumber=1150}  written to file by thread pool-3-thread-1
 message  {Id=ec11c462-b719-4d88-8c14-790a5064f9bf,FirstNumber=237,secondNumber=940}  added by thread pool-3-thread-6
 message  {Id=ec11c462-b719-4d88-8c14-790a5064f9bf,FirstNumber=237,secondNumber=940}  written to file by thread pool-3-thread-5
 message  {Id=b0938487-2cbb-4594-a75d-d7e3aac53407,FirstNumber=314,secondNumber=1984}  added by thread pool-3-thread-6
 message  {Id=b0938487-2cbb-4594-a75d-d7e3aac53407,FirstNumber=314,secondNumber=1984}  written to file by thread pool-3-thread-4
 message  {Id=1e338b39-a4e8-4d95-90f9-e9bab89e58f5,FirstNumber=320,secondNumber=54}  added by thread pool-3-thread-6
 message  {Id=1e338b39-a4e8-4d95-90f9-e9bab89e58f5,FirstNumber=320,secondNumber=54}  written to file by thread pool-3-thread-4
 message  {Id=22f2b979-ca00-4fb2-bf1c-5a8605348fcc,FirstNumber=812,secondNumber=1930}  added by thread pool-3-thread-6
 message  {Id=22f2b979-ca00-4fb2-bf1c-5a8605348fcc,FirstNumber=812,secondNumber=1930}  written to file by thread pool-3-thread-2
 message  {Id=9ce5727d-a2c2-4267-8426-a46c2e9c3f1d,FirstNumber=238,secondNumber=1875}  added by thread pool-3-thread-6
 message  {Id=9ce5727d-a2c2-4267-8426-a46c2e9c3f1d,FirstNumber=238,secondNumber=1875}  written to file by thread pool-3-thread-2
 message  {Id=bab56a18-e609-4cd8-adc6-e2d304942428,FirstNumber=506,secondNumber=820}  added by thread pool-3-thread-6
 message  {Id=bab56a18-e609-4cd8-adc6-e2d304942428,FirstNumber=506,secondNumber=820}  written to file by thread pool-3-thread-5
 message  {Id=8d6612a7-b257-4f58-8e6a-17b8f15e47d7,FirstNumber=542,secondNumber=1934}  added by thread pool-3-thread-6
 message  {Id=8d6612a7-b257-4f58-8e6a-17b8f15e47d7,FirstNumber=542,secondNumber=1934}  written to file by thread pool-3-thread-3
 message  {Id=1240f246-2eb6-41cf-a810-e382c8214cd9,FirstNumber=319,secondNumber=890}  added by thread pool-3-thread-6
 message  {Id=1240f246-2eb6-41cf-a810-e382c8214cd9,FirstNumber=319,secondNumber=890}  written to file by thread pool-3-thread-3
 message  {Id=2618f332-bed2-439b-ada1-07a65fa5e9f5,FirstNumber=793,secondNumber=1204}  added by thread pool-3-thread-6
 message  {Id=2618f332-bed2-439b-ada1-07a65fa5e9f5,FirstNumber=793,secondNumber=1204}  written to file by thread pool-3-thread-1
 message  {Id=106e2f23-19a1-46f0-89b0-7cf59d948fc7,FirstNumber=7,secondNumber=1004}  added by thread pool-3-thread-6
 message  {Id=106e2f23-19a1-46f0-89b0-7cf59d948fc7,FirstNumber=7,secondNumber=1004}  written to file by thread pool-3-thread-2
 message  {Id=107aeadf-f5e0-4b39-86db-801a799dd940,FirstNumber=94,secondNumber=1281}  added by thread pool-3-thread-6
 message  {Id=107aeadf-f5e0-4b39-86db-801a799dd940,FirstNumber=94,secondNumber=1281}  written to file by thread pool-3-thread-5
 message  {Id=e84d3aca-bafa-417a-abeb-4ff95d62d065,FirstNumber=945,secondNumber=1703}  added by thread pool-3-thread-6
 message  {Id=e84d3aca-bafa-417a-abeb-4ff95d62d065,FirstNumber=945,secondNumber=1703}  written to file by thread pool-3-thread-4
 message  {Id=4413ac8e-d9a7-4423-93c3-942a0ddad124,FirstNumber=513,secondNumber=1254}  added by thread pool-3-thread-6
 message  {Id=4413ac8e-d9a7-4423-93c3-942a0ddad124,FirstNumber=513,secondNumber=1254}  written to file by thread pool-3-thread-4
 message  {Id=b1a2a195-a6d2-4725-a00d-29ee4d0758ba,FirstNumber=349,secondNumber=826}  added by thread pool-3-thread-6
 message  {Id=b1a2a195-a6d2-4725-a00d-29ee4d0758ba,FirstNumber=349,secondNumber=826}  written to file by thread pool-3-thread-1
 message  {Id=e8e0dd23-6032-4129-9913-c06c041be07b,FirstNumber=911,secondNumber=794}  added by thread pool-3-thread-6
 message  {Id=e8e0dd23-6032-4129-9913-c06c041be07b,FirstNumber=911,secondNumber=794}  written to file by thread pool-3-thread-1
 message  {Id=a36c0b4b-74fe-46b0-a277-ecd60c030d5a,FirstNumber=261,secondNumber=669}  added by thread pool-3-thread-6
 message  {Id=a36c0b4b-74fe-46b0-a277-ecd60c030d5a,FirstNumber=261,secondNumber=669}  written to file by thread pool-3-thread-5
 message  {Id=639fe14c-2b49-4394-91a1-337bdb6fb0dd,FirstNumber=49,secondNumber=294}  added by thread pool-3-thread-6
 message  {Id=639fe14c-2b49-4394-91a1-337bdb6fb0dd,FirstNumber=49,secondNumber=294}  written to file by thread pool-3-thread-3
 message  {Id=32d68d35-6213-4262-bbcd-254c48fa7c3e,FirstNumber=852,secondNumber=819}  added by thread pool-3-thread-6
 message  {Id=32d68d35-6213-4262-bbcd-254c48fa7c3e,FirstNumber=852,secondNumber=819}  written to file by thread pool-3-thread-3
 message  {Id=773981d5-1e92-4e8c-9e56-faa4be6da005,FirstNumber=275,secondNumber=1579}  added by thread pool-3-thread-6
 message  {Id=773981d5-1e92-4e8c-9e56-faa4be6da005,FirstNumber=275,secondNumber=1579}  written to file by thread pool-3-thread-2
 message  {Id=7be3da3c-9855-4f2f-8202-b35266cc3d20,FirstNumber=875,secondNumber=602}  added by thread pool-3-thread-6
 message  {Id=7be3da3c-9855-4f2f-8202-b35266cc3d20,FirstNumber=875,secondNumber=602}  written to file by thread pool-3-thread-1
 message  {Id=66c208ab-c67d-4505-b1a0-a11779d0c146,FirstNumber=597,secondNumber=799}  added by thread pool-3-thread-6
 message  {Id=66c208ab-c67d-4505-b1a0-a11779d0c146,FirstNumber=597,secondNumber=799}  written to file by thread pool-3-thread-1
 message  {Id=4f96c66b-68da-4683-b743-d70109bf842f,FirstNumber=552,secondNumber=1460}  added by thread pool-3-thread-6
 message  {Id=4f96c66b-68da-4683-b743-d70109bf842f,FirstNumber=552,secondNumber=1460}  written to file by thread pool-3-thread-4
 message  {Id=07e73b80-531b-4631-82d8-35e15582b161,FirstNumber=460,secondNumber=1200}  added by thread pool-3-thread-6
 message  {Id=07e73b80-531b-4631-82d8-35e15582b161,FirstNumber=460,secondNumber=1200}  written to file by thread pool-3-thread-4
 message  {Id=27182436-ee4c-4b1c-876c-b092fb0b2a23,FirstNumber=987,secondNumber=1}  added by thread pool-3-thread-6
 message  {Id=27182436-ee4c-4b1c-876c-b092fb0b2a23,FirstNumber=987,secondNumber=1}  written to file by thread pool-3-thread-2
 message  {Id=1b1baa70-c190-4f26-9166-acd88a9287c3,FirstNumber=602,secondNumber=1167}  added by thread pool-3-thread-6
 message  {Id=1b1baa70-c190-4f26-9166-acd88a9287c3,FirstNumber=602,secondNumber=1167}  written to file by thread pool-3-thread-2
 message  {Id=09773eae-6672-4242-acb5-4f8aceb08a6a,FirstNumber=907,secondNumber=917}  added by thread pool-3-thread-6
 message  {Id=09773eae-6672-4242-acb5-4f8aceb08a6a,FirstNumber=907,secondNumber=917}  written to file by thread pool-3-thread-1
 message  {Id=85712b14-a794-4c43-965b-5db3f033d51c,FirstNumber=920,secondNumber=1744}  added by thread pool-3-thread-6
 message  {Id=85712b14-a794-4c43-965b-5db3f033d51c,FirstNumber=920,secondNumber=1744}  written to file by thread pool-3-thread-3
 message  {Id=a4b04163-fc84-4727-a77f-2bd07353bef3,FirstNumber=997,secondNumber=1875}  added by thread pool-3-thread-6
 message  {Id=a4b04163-fc84-4727-a77f-2bd07353bef3,FirstNumber=997,secondNumber=1875}  written to file by thread pool-3-thread-4
 message  {Id=36ce96e4-0562-4af4-88f5-355fc98c1092,FirstNumber=631,secondNumber=1593}  added by thread pool-3-thread-6
 message  {Id=36ce96e4-0562-4af4-88f5-355fc98c1092,FirstNumber=631,secondNumber=1593}  written to file by thread pool-3-thread-5
 message  {Id=aa8949db-b495-47e8-92e6-0eb204186076,FirstNumber=259,secondNumber=289}  added by thread pool-3-thread-6
 message  {Id=aa8949db-b495-47e8-92e6-0eb204186076,FirstNumber=259,secondNumber=289}  written to file by thread pool-3-thread-2
 message  {Id=88d9efbf-cbff-4ea8-8bf8-8120908dda0e,FirstNumber=792,secondNumber=164}  added by thread pool-3-thread-6
 message  {Id=88d9efbf-cbff-4ea8-8bf8-8120908dda0e,FirstNumber=792,secondNumber=164}  written to file by thread pool-3-thread-1
 message  {Id=fdf66787-8125-42e8-9ca9-115f8a2d733b,FirstNumber=434,secondNumber=791}  added by thread pool-3-thread-6
 message  {Id=fdf66787-8125-42e8-9ca9-115f8a2d733b,FirstNumber=434,secondNumber=791}  written to file by thread pool-3-thread-1
 message  {Id=bc3f7c91-b5e4-4415-93a3-983fb42f07d3,FirstNumber=330,secondNumber=1}  added by thread pool-3-thread-6
 message  {Id=bc3f7c91-b5e4-4415-93a3-983fb42f07d3,FirstNumber=330,secondNumber=1}  written to file by thread pool-3-thread-1
 message  {Id=6410ff89-37b1-4744-85c9-435a1f8b9b95,FirstNumber=342,secondNumber=642}  added by thread pool-3-thread-6
 message  {Id=6410ff89-37b1-4744-85c9-435a1f8b9b95,FirstNumber=342,secondNumber=642}  written to file by thread pool-3-thread-5
 message  {Id=d93c6b05-4336-4353-b6ad-0729f52cb7b6,FirstNumber=920,secondNumber=693}  added by thread pool-3-thread-6
 message  {Id=d93c6b05-4336-4353-b6ad-0729f52cb7b6,FirstNumber=920,secondNumber=693}  written to file by thread pool-3-thread-5
 message  {Id=daa85bf9-2b16-4726-8bf5-381987219617,FirstNumber=488,secondNumber=398}  added by thread pool-3-thread-6
 message  {Id=daa85bf9-2b16-4726-8bf5-381987219617,FirstNumber=488,secondNumber=398}  written to file by thread pool-3-thread-3
 message  {Id=f8b4825e-c85c-4d41-ad18-244836b1042e,FirstNumber=662,secondNumber=416}  added by thread pool-3-thread-6
 message  {Id=f8b4825e-c85c-4d41-ad18-244836b1042e,FirstNumber=662,secondNumber=416}  written to file by thread pool-3-thread-4
 message  {Id=332a3461-13ff-4d4f-afc3-788b800f9a2b,FirstNumber=363,secondNumber=555}  added by thread pool-3-thread-6
 message  {Id=332a3461-13ff-4d4f-afc3-788b800f9a2b,FirstNumber=363,secondNumber=555}  written to file by thread pool-3-thread-1
 message  {Id=4d2960ff-07b1-4739-97d1-b1221714aaf2,FirstNumber=979,secondNumber=1293}  added by thread pool-3-thread-6
 message  {Id=4d2960ff-07b1-4739-97d1-b1221714aaf2,FirstNumber=979,secondNumber=1293}  written to file by thread pool-3-thread-1
 message  {Id=0dd54903-c38f-46e4-a8d7-5ecd3d6a052d,FirstNumber=206,secondNumber=1654}  added by thread pool-3-thread-6
 message  {Id=0dd54903-c38f-46e4-a8d7-5ecd3d6a052d,FirstNumber=206,secondNumber=1654}  written to file by thread pool-3-thread-5
 message  {Id=f98a93a5-cc2d-45aa-b07a-52ac25d817aa,FirstNumber=155,secondNumber=935}  added by thread pool-3-thread-6
 message  {Id=f98a93a5-cc2d-45aa-b07a-52ac25d817aa,FirstNumber=155,secondNumber=935}  written to file by thread pool-3-thread-5
 message  {Id=b5b1cda2-8fe2-4e02-beeb-694fe1977386,FirstNumber=24,secondNumber=848}  added by thread pool-3-thread-6
 message  {Id=b5b1cda2-8fe2-4e02-beeb-694fe1977386,FirstNumber=24,secondNumber=848}  written to file by thread pool-3-thread-4
 message  {Id=3aff8241-ae7a-40d0-9631-f219ffb3011c,FirstNumber=803,secondNumber=1388}  written to file by thread pool-3-thread-4
 message  {Id=3aff8241-ae7a-40d0-9631-f219ffb3011c,FirstNumber=803,secondNumber=1388}  added by thread pool-3-thread-6
 message  {Id=75634c06-f29a-4e41-9ebd-e3548afb842b,FirstNumber=256,secondNumber=751}  added by thread pool-3-thread-6
 message  {Id=75634c06-f29a-4e41-9ebd-e3548afb842b,FirstNumber=256,secondNumber=751}  written to file by thread pool-3-thread-1
 message  {Id=565fcb80-d69b-433c-b423-b9075e45b6dc,FirstNumber=21,secondNumber=1184}  added by thread pool-3-thread-6
 message  {Id=565fcb80-d69b-433c-b423-b9075e45b6dc,FirstNumber=21,secondNumber=1184}  written to file by thread pool-3-thread-1
 message  {Id=427910dd-45fe-45a1-aa93-f33e6c044369,FirstNumber=265,secondNumber=600}  added by thread pool-3-thread-6
 message  {Id=427910dd-45fe-45a1-aa93-f33e6c044369,FirstNumber=265,secondNumber=600}  written to file by thread pool-3-thread-5
 message  {Id=9a70a8e4-7e44-4a49-870e-95a8ac15e464,FirstNumber=464,secondNumber=1829}  added by thread pool-3-thread-6
 message  {Id=9a70a8e4-7e44-4a49-870e-95a8ac15e464,FirstNumber=464,secondNumber=1829}  written to file by thread pool-3-thread-2
 message  {Id=5b04b5f5-2732-455f-89f0-538617b4f426,FirstNumber=158,secondNumber=1489}  added by thread pool-3-thread-6
 message  {Id=5b04b5f5-2732-455f-89f0-538617b4f426,FirstNumber=158,secondNumber=1489}  written to file by thread pool-3-thread-4
 message  {Id=fc5856e7-68fe-4eec-be80-5240f711e64d,FirstNumber=923,secondNumber=556}  added by thread pool-3-thread-6
 message  {Id=fc5856e7-68fe-4eec-be80-5240f711e64d,FirstNumber=923,secondNumber=556}  written to file by thread pool-3-thread-3
 message  {Id=af9b9150-6a9a-4d3b-aaf3-bfe6eb93535e,FirstNumber=382,secondNumber=584}  added by thread pool-3-thread-6
 message  {Id=af9b9150-6a9a-4d3b-aaf3-bfe6eb93535e,FirstNumber=382,secondNumber=584}  written to file by thread pool-3-thread-3
 message  {Id=a38b0015-01c6-4373-88c1-04594e953383,FirstNumber=473,secondNumber=845}  added by thread pool-3-thread-6
 message  {Id=a38b0015-01c6-4373-88c1-04594e953383,FirstNumber=473,secondNumber=845}  written to file by thread pool-3-thread-5
 message  {Id=1c10de57-e01e-4859-94e8-75919d79f254,FirstNumber=2,secondNumber=1454}  added by thread pool-3-thread-6
 message  {Id=1c10de57-e01e-4859-94e8-75919d79f254,FirstNumber=2,secondNumber=1454}  written to file by thread pool-3-thread-5
 message  {Id=90f2eeb2-330c-43eb-a25b-4343602a2772,FirstNumber=725,secondNumber=1146}  added by thread pool-3-thread-6
 message  {Id=90f2eeb2-330c-43eb-a25b-4343602a2772,FirstNumber=725,secondNumber=1146}  written to file by thread pool-3-thread-4
 message  {Id=22659a0f-7422-46e2-98d8-d967afd7556c,FirstNumber=314,secondNumber=699}  added by thread pool-3-thread-6
 message  {Id=22659a0f-7422-46e2-98d8-d967afd7556c,FirstNumber=314,secondNumber=699}  written to file by thread pool-3-thread-1
 message  {Id=714326be-38e3-4be8-8ef9-489a36bfd904,FirstNumber=630,secondNumber=852}  added by thread pool-3-thread-6
 message  {Id=714326be-38e3-4be8-8ef9-489a36bfd904,FirstNumber=630,secondNumber=852}  written to file by thread pool-3-thread-1
 message  {Id=120fa352-bef6-45f7-8cdb-890243b9a19e,FirstNumber=129,secondNumber=1778}  added by thread pool-3-thread-6
 message  {Id=120fa352-bef6-45f7-8cdb-890243b9a19e,FirstNumber=129,secondNumber=1778}  written to file by thread pool-3-thread-2
 message  {Id=c836b766-8814-4219-87de-1c23d03c83ab,FirstNumber=297,secondNumber=73}  added by thread pool-3-thread-6
 message  {Id=c836b766-8814-4219-87de-1c23d03c83ab,FirstNumber=297,secondNumber=73}  written to file by thread pool-3-thread-5
 message  {Id=454e24be-6be6-4ecb-bac3-cdb8cd9c7b5f,FirstNumber=115,secondNumber=1322}  added by thread pool-3-thread-6
 message  {Id=454e24be-6be6-4ecb-bac3-cdb8cd9c7b5f,FirstNumber=115,secondNumber=1322}  written to file by thread pool-3-thread-4
 message  {Id=b8c27ae2-3a79-43a1-aee7-747666668885,FirstNumber=35,secondNumber=113}  added by thread pool-3-thread-6
 message  {Id=b8c27ae2-3a79-43a1-aee7-747666668885,FirstNumber=35,secondNumber=113}  written to file by thread pool-3-thread-4
 message  {Id=f98b3bde-4d34-4689-8dd4-547d1aaaa04b,FirstNumber=253,secondNumber=932}  added by thread pool-3-thread-6
 message  {Id=f98b3bde-4d34-4689-8dd4-547d1aaaa04b,FirstNumber=253,secondNumber=932}  written to file by thread pool-3-thread-1
 message  {Id=7f6e0bb5-2082-4ec9-b423-2b938a9617f8,FirstNumber=266,secondNumber=22}  added by thread pool-3-thread-6
 message  {Id=7f6e0bb5-2082-4ec9-b423-2b938a9617f8,FirstNumber=266,secondNumber=22}  written to file by thread pool-3-thread-1
 message  {Id=7d19cfba-fbb7-4cbe-8db5-9d2eda5c3d47,FirstNumber=161,secondNumber=1508}  added by thread pool-3-thread-6
 message  {Id=7d19cfba-fbb7-4cbe-8db5-9d2eda5c3d47,FirstNumber=161,secondNumber=1508}  written to file by thread pool-3-thread-5
 message  {Id=0b58618d-8f08-4dce-8aa9-af598fa4b63f,FirstNumber=565,secondNumber=1753}  added by thread pool-3-thread-6
 message  {Id=0b58618d-8f08-4dce-8aa9-af598fa4b63f,FirstNumber=565,secondNumber=1753}  written to file by thread pool-3-thread-5
 message  {Id=090a039f-5024-4624-a068-cba2bf9cbd12,FirstNumber=95,secondNumber=117}  added by thread pool-3-thread-6
 message  {Id=090a039f-5024-4624-a068-cba2bf9cbd12,FirstNumber=95,secondNumber=117}  written to file by thread pool-3-thread-4
 message  {Id=df724b9e-fe9e-445c-abad-10486b3d439f,FirstNumber=256,secondNumber=1976}  added by thread pool-3-thread-6
 message  {Id=df724b9e-fe9e-445c-abad-10486b3d439f,FirstNumber=256,secondNumber=1976}  written to file by thread pool-3-thread-4
 message  {Id=e423b3fc-e577-4b30-9003-3702d6fdfc7d,FirstNumber=465,secondNumber=1380}  added by thread pool-3-thread-6
 message  {Id=e423b3fc-e577-4b30-9003-3702d6fdfc7d,FirstNumber=465,secondNumber=1380}  written to file by thread pool-3-thread-1
 message  {Id=60efeedf-d527-4b9c-ab65-bc8a77c07434,FirstNumber=518,secondNumber=1604}  added by thread pool-3-thread-6
 message  {Id=60efeedf-d527-4b9c-ab65-bc8a77c07434,FirstNumber=518,secondNumber=1604}  written to file by thread pool-3-thread-3
 message  {Id=2ba31cff-7412-4fc9-b43c-cc3ce70cea27,FirstNumber=425,secondNumber=125}  added by thread pool-3-thread-6
 message  {Id=2ba31cff-7412-4fc9-b43c-cc3ce70cea27,FirstNumber=425,secondNumber=125}  written to file by thread pool-3-thread-3
 message  {Id=dc256e32-cc18-4733-8d4c-66906c461a50,FirstNumber=988,secondNumber=1104}  added by thread pool-3-thread-6
 message  {Id=dc256e32-cc18-4733-8d4c-66906c461a50,FirstNumber=988,secondNumber=1104}  written to file by thread pool-3-thread-3
 message  {Id=8086e304-00bf-463b-97a0-acb739f3fecb,FirstNumber=279,secondNumber=807}  added by thread pool-3-thread-6
 message  {Id=8086e304-00bf-463b-97a0-acb739f3fecb,FirstNumber=279,secondNumber=807}  written to file by thread pool-3-thread-4
 message  {Id=b7f6db93-7755-4b9d-bcbb-64001347f1d4,FirstNumber=967,secondNumber=346}  added by thread pool-3-thread-6
 message  {Id=b7f6db93-7755-4b9d-bcbb-64001347f1d4,FirstNumber=967,secondNumber=346}  written to file by thread pool-3-thread-1
 message  {Id=7f28d165-5886-44cf-bcee-7975687373c8,FirstNumber=63,secondNumber=189}  added by thread pool-3-thread-6
 message  {Id=7f28d165-5886-44cf-bcee-7975687373c8,FirstNumber=63,secondNumber=189}  written to file by thread pool-3-thread-1
 message  {Id=d09f151c-5c1f-4eba-8281-92334a51d71b,FirstNumber=795,secondNumber=1964}  added by thread pool-3-thread-6
 message  {Id=d09f151c-5c1f-4eba-8281-92334a51d71b,FirstNumber=795,secondNumber=1964}  written to file by thread pool-3-thread-2
 message  {Id=42332819-6d55-486f-b588-228c2d45c556,FirstNumber=228,secondNumber=1230}  added by thread pool-3-thread-6
 message  {Id=42332819-6d55-486f-b588-228c2d45c556,FirstNumber=228,secondNumber=1230}  written to file by thread pool-3-thread-3
 message  {Id=882bc29e-2614-486a-ade8-076d3e5245db,FirstNumber=275,secondNumber=674}  added by thread pool-3-thread-6
 message  {Id=882bc29e-2614-486a-ade8-076d3e5245db,FirstNumber=275,secondNumber=674}  written to file by thread pool-3-thread-3
 message  {Id=0b46b859-d3dc-40ed-a4b3-931bf0c0e1c4,FirstNumber=18,secondNumber=1540}  added by thread pool-3-thread-6
 message  {Id=0b46b859-d3dc-40ed-a4b3-931bf0c0e1c4,FirstNumber=18,secondNumber=1540}  written to file by thread pool-3-thread-5
 message  {Id=fc18583b-866b-4d91-970c-ab4862e725ed,FirstNumber=787,secondNumber=1160}  added by thread pool-3-thread-6
 message  {Id=fc18583b-866b-4d91-970c-ab4862e725ed,FirstNumber=787,secondNumber=1160}  written to file by thread pool-3-thread-1
 message  {Id=5824d0f6-bc23-4c73-8881-19cce6445337,FirstNumber=463,secondNumber=547}  added by thread pool-3-thread-6
 message  {Id=5824d0f6-bc23-4c73-8881-19cce6445337,FirstNumber=463,secondNumber=547}  written to file by thread pool-3-thread-2
 message  {Id=af2bb8ad-e46a-4dcc-8a7c-c218e80e6276,FirstNumber=8,secondNumber=1912}  added by thread pool-3-thread-6
 message  {Id=af2bb8ad-e46a-4dcc-8a7c-c218e80e6276,FirstNumber=8,secondNumber=1912}  written to file by thread pool-3-thread-2
 message  {Id=23aee236-77bb-4fa7-ae06-7d7c09ebac9f,FirstNumber=631,secondNumber=260}  added by thread pool-3-thread-6
 message  {Id=23aee236-77bb-4fa7-ae06-7d7c09ebac9f,FirstNumber=631,secondNumber=260}  written to file by thread pool-3-thread-3
 message  {Id=98e809c2-2859-40cc-86fc-ebeb08eb4b80,FirstNumber=799,secondNumber=1107}  added by thread pool-3-thread-6
 message  {Id=98e809c2-2859-40cc-86fc-ebeb08eb4b80,FirstNumber=799,secondNumber=1107}  written to file by thread pool-3-thread-3
 message  {Id=84195100-5f75-4bdb-b3f3-47bceeacb1c8,FirstNumber=611,secondNumber=1263}  added by thread pool-3-thread-6
 message  {Id=84195100-5f75-4bdb-b3f3-47bceeacb1c8,FirstNumber=611,secondNumber=1263}  written to file by thread pool-3-thread-1
 message  {Id=866d907e-69ba-47c7-ad68-a8b1bbca7035,FirstNumber=280,secondNumber=807}  added by thread pool-3-thread-6
 message  {Id=866d907e-69ba-47c7-ad68-a8b1bbca7035,FirstNumber=280,secondNumber=807}  written to file by thread pool-3-thread-1
 message  {Id=f76df560-ca74-498c-a001-ae4aff2bc51d,FirstNumber=913,secondNumber=1732}  added by thread pool-3-thread-6
 message  {Id=f76df560-ca74-498c-a001-ae4aff2bc51d,FirstNumber=913,secondNumber=1732}  written to file by thread pool-3-thread-2
 message  {Id=8532534b-e351-4416-be30-26dca6c1b2e5,FirstNumber=998,secondNumber=249}  added by thread pool-3-thread-6
 message  {Id=8532534b-e351-4416-be30-26dca6c1b2e5,FirstNumber=998,secondNumber=249}  written to file by thread pool-3-thread-2
 message  {Id=e8acc4e5-7f58-4abb-ad26-eafbbd4781d7,FirstNumber=757,secondNumber=1372}  added by thread pool-3-thread-6
 message  {Id=e8acc4e5-7f58-4abb-ad26-eafbbd4781d7,FirstNumber=757,secondNumber=1372}  written to file by thread pool-3-thread-3
 message  {Id=8007e620-1765-45bc-8dfa-bae928e52b50,FirstNumber=113,secondNumber=1719}  added by thread pool-3-thread-6
 message  {Id=8007e620-1765-45bc-8dfa-bae928e52b50,FirstNumber=113,secondNumber=1719}  written to file by thread pool-3-thread-4
 message  {Id=f80327ad-18a2-4319-9926-e256d19f25ac,FirstNumber=204,secondNumber=649}  added by thread pool-3-thread-6
 message  {Id=f80327ad-18a2-4319-9926-e256d19f25ac,FirstNumber=204,secondNumber=649}  written to file by thread pool-3-thread-1
 message  {Id=9e3bf9f1-647a-47f5-b33f-e1c48b0ff887,FirstNumber=368,secondNumber=725}  added by thread pool-3-thread-6
 message  {Id=9e3bf9f1-647a-47f5-b33f-e1c48b0ff887,FirstNumber=368,secondNumber=725}  written to file by thread pool-3-thread-1
 message  {Id=a686ab4d-0e2e-49c4-bdce-485e00833b44,FirstNumber=911,secondNumber=1312}  added by thread pool-3-thread-6
 message  {Id=a686ab4d-0e2e-49c4-bdce-485e00833b44,FirstNumber=911,secondNumber=1312}  written to file by thread pool-3-thread-2
 message  {Id=9debc993-3c14-4628-80a0-f84a745391fc,FirstNumber=478,secondNumber=1012}  added by thread pool-3-thread-6
 message  {Id=9debc993-3c14-4628-80a0-f84a745391fc,FirstNumber=478,secondNumber=1012}  written to file by thread pool-3-thread-2
 message  {Id=35de62b4-eb98-44aa-9967-539bf55a4d7f,FirstNumber=408,secondNumber=775}  added by thread pool-3-thread-6
 message  {Id=35de62b4-eb98-44aa-9967-539bf55a4d7f,FirstNumber=408,secondNumber=775}  written to file by thread pool-3-thread-2
 message  {Id=37bc28ad-0f36-48ca-8a99-a4877bb7d389,FirstNumber=601,secondNumber=207}  added by thread pool-3-thread-6
 message  {Id=37bc28ad-0f36-48ca-8a99-a4877bb7d389,FirstNumber=601,secondNumber=207}  written to file by thread pool-3-thread-5
 message  {Id=cc8c6627-df31-4c5c-9cc1-b4388209e424,FirstNumber=541,secondNumber=369}  added by thread pool-3-thread-6
 message  {Id=cc8c6627-df31-4c5c-9cc1-b4388209e424,FirstNumber=541,secondNumber=369}  written to file by thread pool-3-thread-1
 message  {Id=a1315430-0c03-48cd-855f-420c8532b59f,FirstNumber=67,secondNumber=935}  added by thread pool-3-thread-6
 message  {Id=a1315430-0c03-48cd-855f-420c8532b59f,FirstNumber=67,secondNumber=935}  written to file by thread pool-3-thread-1
 message  {Id=c889aa28-ea25-48bb-9143-563660a4e0ab,FirstNumber=949,secondNumber=536}  added by thread pool-3-thread-6
 message  {Id=c889aa28-ea25-48bb-9143-563660a4e0ab,FirstNumber=949,secondNumber=536}  written to file by thread pool-3-thread-4
 message  {Id=8b533a20-a888-4417-a7a4-ddf8bf5974a5,FirstNumber=297,secondNumber=1774}  added by thread pool-3-thread-6
 message  {Id=8b533a20-a888-4417-a7a4-ddf8bf5974a5,FirstNumber=297,secondNumber=1774}  written to file by thread pool-3-thread-2
 message  {Id=6c89a32c-3dad-40f0-b20b-234e2efac2a8,FirstNumber=713,secondNumber=540}  added by thread pool-3-thread-6
 message  {Id=6c89a32c-3dad-40f0-b20b-234e2efac2a8,FirstNumber=713,secondNumber=540}  written to file by thread pool-3-thread-5
 message  {Id=d2e7b9bd-9ba6-43e2-b676-9add65f5d162,FirstNumber=339,secondNumber=1792}  added by thread pool-3-thread-6
 message  {Id=d2e7b9bd-9ba6-43e2-b676-9add65f5d162,FirstNumber=339,secondNumber=1792}  written to file by thread pool-3-thread-5
 message  {Id=fa4242f3-e118-49ad-b3e1-f8a4cd5a9c29,FirstNumber=678,secondNumber=837}  added by thread pool-3-thread-6
 message  {Id=fa4242f3-e118-49ad-b3e1-f8a4cd5a9c29,FirstNumber=678,secondNumber=837}  written to file by thread pool-3-thread-1
 message  {Id=3a30da61-40d6-4f24-95ea-c02e6370fc6b,FirstNumber=906,secondNumber=1380}  added by thread pool-3-thread-6
 message  {Id=3a30da61-40d6-4f24-95ea-c02e6370fc6b,FirstNumber=906,secondNumber=1380}  written to file by thread pool-3-thread-1
 message  {Id=2aa5a4aa-a805-47f2-b570-6617f8be0fd7,FirstNumber=11,secondNumber=1513}  added by thread pool-3-thread-6
 message  {Id=2aa5a4aa-a805-47f2-b570-6617f8be0fd7,FirstNumber=11,secondNumber=1513}  written to file by thread pool-3-thread-2
 message  {Id=f5524519-ebb3-4622-8fb7-3ef42241cb0d,FirstNumber=965,secondNumber=936}  added by thread pool-3-thread-6
 message  {Id=f5524519-ebb3-4622-8fb7-3ef42241cb0d,FirstNumber=965,secondNumber=936}  written to file by thread pool-3-thread-2
 message  {Id=6d965253-df19-45a8-aebf-d2d1cd6a84cf,FirstNumber=686,secondNumber=709}  added by thread pool-3-thread-6
 message  {Id=6d965253-df19-45a8-aebf-d2d1cd6a84cf,FirstNumber=686,secondNumber=709}  written to file by thread pool-3-thread-5
 message  {Id=e9f72214-e3e2-4016-94d5-8872f43b6194,FirstNumber=981,secondNumber=743}  added by thread pool-3-thread-6
 message  {Id=e9f72214-e3e2-4016-94d5-8872f43b6194,FirstNumber=981,secondNumber=743}  written to file by thread pool-3-thread-4
 message  {Id=24b35ab3-b1d3-4bf9-8519-a3de556ba162,FirstNumber=528,secondNumber=1075}  added by thread pool-3-thread-6
 message  {Id=24b35ab3-b1d3-4bf9-8519-a3de556ba162,FirstNumber=528,secondNumber=1075}  written to file by thread pool-3-thread-1
 message  {Id=b9a044da-475d-4a0d-a48e-fb54686b0c52,FirstNumber=339,secondNumber=338}  added by thread pool-3-thread-6
 message  {Id=b9a044da-475d-4a0d-a48e-fb54686b0c52,FirstNumber=339,secondNumber=338}  written to file by thread pool-3-thread-3
 message  {Id=3ef411c7-6736-4df2-8c5f-bd5b8c4ced0f,FirstNumber=91,secondNumber=1838}  added by thread pool-3-thread-6
 message  {Id=3ef411c7-6736-4df2-8c5f-bd5b8c4ced0f,FirstNumber=91,secondNumber=1838}  written to file by thread pool-3-thread-3
 message  {Id=fe5c5441-7657-42f8-a84e-90f31275ef04,FirstNumber=903,secondNumber=850}  added by thread pool-3-thread-6
 message  {Id=fe5c5441-7657-42f8-a84e-90f31275ef04,FirstNumber=903,secondNumber=850}  written to file by thread pool-3-thread-3
 message  {Id=9fb920f0-72ea-4ae3-9eb5-8fdc9552cd4f,FirstNumber=911,secondNumber=777}  added by thread pool-3-thread-6
 message  {Id=9fb920f0-72ea-4ae3-9eb5-8fdc9552cd4f,FirstNumber=911,secondNumber=777}  written to file by thread pool-3-thread-4
 message  {Id=3df8169d-9fa1-4afa-9508-add7553c439e,FirstNumber=403,secondNumber=507}  added by thread pool-3-thread-6
 message  {Id=3df8169d-9fa1-4afa-9508-add7553c439e,FirstNumber=403,secondNumber=507}  written to file by thread pool-3-thread-4
 message  {Id=ab600d67-f6cb-4ae0-bfcc-438c20f3c909,FirstNumber=905,secondNumber=889}  added by thread pool-3-thread-6
 message  {Id=ab600d67-f6cb-4ae0-bfcc-438c20f3c909,FirstNumber=905,secondNumber=889}  written to file by thread pool-3-thread-2
 message  {Id=9650992c-ef26-44fb-973b-81c5542fc37a,FirstNumber=180,secondNumber=1996}  added by thread pool-3-thread-6
 message  {Id=9650992c-ef26-44fb-973b-81c5542fc37a,FirstNumber=180,secondNumber=1996}  written to file by thread pool-3-thread-2
 message  {Id=f6935db0-86cb-4f19-a13b-7b187c12d83e,FirstNumber=978,secondNumber=351}  added by thread pool-3-thread-6
 message  {Id=f6935db0-86cb-4f19-a13b-7b187c12d83e,FirstNumber=978,secondNumber=351}  written to file by thread pool-3-thread-3
 message  {Id=470ce250-64f9-4dba-bc40-de1a1e6bb644,FirstNumber=596,secondNumber=649}  added by thread pool-3-thread-6
 message  {Id=470ce250-64f9-4dba-bc40-de1a1e6bb644,FirstNumber=596,secondNumber=649}  written to file by thread pool-3-thread-3
 message  {Id=4ee47d4a-d6bc-4f62-8649-2ba14e4a1e4c,FirstNumber=581,secondNumber=45}  added by thread pool-3-thread-6
 message  {Id=4ee47d4a-d6bc-4f62-8649-2ba14e4a1e4c,FirstNumber=581,secondNumber=45}  written to file by thread pool-3-thread-4
 message  {Id=657a87e0-82fc-4007-bf48-d8e057f6a65d,FirstNumber=904,secondNumber=1498}  added by thread pool-3-thread-6
 message  {Id=657a87e0-82fc-4007-bf48-d8e057f6a65d,FirstNumber=904,secondNumber=1498}  written to file by thread pool-3-thread-5
 message  {Id=c1e62a3c-ed61-47d2-9140-5a2ffb91d11a,FirstNumber=531,secondNumber=1611}  added by thread pool-3-thread-6
 message  {Id=c1e62a3c-ed61-47d2-9140-5a2ffb91d11a,FirstNumber=531,secondNumber=1611}  written to file by thread pool-3-thread-2
 message  {Id=210a074c-e8f5-4426-9199-b024b90edd9c,FirstNumber=930,secondNumber=1161}  added by thread pool-3-thread-6
 message  {Id=210a074c-e8f5-4426-9199-b024b90edd9c,FirstNumber=930,secondNumber=1161}  written to file by thread pool-3-thread-2
 message  {Id=e7f5935e-c4ca-461d-8e45-2f7cb2afed79,FirstNumber=903,secondNumber=1711}  added by thread pool-3-thread-6
 message  {Id=e7f5935e-c4ca-461d-8e45-2f7cb2afed79,FirstNumber=903,secondNumber=1711}  written to file by thread pool-3-thread-3
 message  {Id=f27b384a-9420-40ef-9918-213bbab3f027,FirstNumber=837,secondNumber=1807}  added by thread pool-3-thread-6
 message  {Id=f27b384a-9420-40ef-9918-213bbab3f027,FirstNumber=837,secondNumber=1807}  written to file by thread pool-3-thread-3
 message  {Id=88ede4c2-2ae7-4650-a34c-1c664959f51a,FirstNumber=701,secondNumber=143}  added by thread pool-3-thread-6
 message  {Id=88ede4c2-2ae7-4650-a34c-1c664959f51a,FirstNumber=701,secondNumber=143}  written to file by thread pool-3-thread-5
 message  {Id=97910c13-6745-4a0c-a52f-9cb32c8239fc,FirstNumber=74,secondNumber=78}  added by thread pool-3-thread-6
 message  {Id=97910c13-6745-4a0c-a52f-9cb32c8239fc,FirstNumber=74,secondNumber=78}  written to file by thread pool-3-thread-5
 message  {Id=cd5640b1-5ce7-48b8-a9ef-5839e5189205,FirstNumber=791,secondNumber=1291}  added by thread pool-3-thread-6
 message  {Id=cd5640b1-5ce7-48b8-a9ef-5839e5189205,FirstNumber=791,secondNumber=1291}  written to file by thread pool-3-thread-2
 message  {Id=b3da4d8c-c954-4965-8705-dfb7e17e3147,FirstNumber=381,secondNumber=1480}  added by thread pool-3-thread-6
 message  {Id=b3da4d8c-c954-4965-8705-dfb7e17e3147,FirstNumber=381,secondNumber=1480}  written to file by thread pool-3-thread-2
 message  {Id=dd0c507e-06dd-431a-a4af-d21381980049,FirstNumber=438,secondNumber=1981}  added by thread pool-3-thread-6
 message  {Id=dd0c507e-06dd-431a-a4af-d21381980049,FirstNumber=438,secondNumber=1981}  written to file by thread pool-3-thread-3
 message  {Id=46ad4f3d-40fb-47b9-91cd-11d59e6b0e70,FirstNumber=36,secondNumber=934}  added by thread pool-3-thread-6
 message  {Id=46ad4f3d-40fb-47b9-91cd-11d59e6b0e70,FirstNumber=36,secondNumber=934}  written to file by thread pool-3-thread-1
 message  {Id=dcd4fc20-348d-4e7f-a87a-4d0cd783649f,FirstNumber=629,secondNumber=816}  added by thread pool-3-thread-6
 message  {Id=dcd4fc20-348d-4e7f-a87a-4d0cd783649f,FirstNumber=629,secondNumber=816}  written to file by thread pool-3-thread-1
 message  {Id=5a442712-5375-435f-bf74-cf3e4ae1415f,FirstNumber=231,secondNumber=446}  added by thread pool-3-thread-6
 message  {Id=5a442712-5375-435f-bf74-cf3e4ae1415f,FirstNumber=231,secondNumber=446}  written to file by thread pool-3-thread-4
 message  {Id=929f8b82-bc66-4a3b-b394-1905fe0baf9a,FirstNumber=898,secondNumber=705}  added by thread pool-3-thread-6
 message  {Id=929f8b82-bc66-4a3b-b394-1905fe0baf9a,FirstNumber=898,secondNumber=705}  written to file by thread pool-3-thread-2
 message  {Id=5e679032-0ebb-440e-859a-40e2a0247b6d,FirstNumber=25,secondNumber=1360}  added by thread pool-3-thread-6
 message  {Id=5e679032-0ebb-440e-859a-40e2a0247b6d,FirstNumber=25,secondNumber=1360}  written to file by thread pool-3-thread-2
 message  {Id=43e26112-48c6-4bb1-8e83-983bd37e1fd6,FirstNumber=947,secondNumber=1845}  added by thread pool-3-thread-6
 message  {Id=43e26112-48c6-4bb1-8e83-983bd37e1fd6,FirstNumber=947,secondNumber=1845}  written to file by thread pool-3-thread-5
 message  {Id=33529fb7-9bea-466f-839e-35c122181b7f,FirstNumber=186,secondNumber=361}  added by thread pool-3-thread-6
 message  {Id=33529fb7-9bea-466f-839e-35c122181b7f,FirstNumber=186,secondNumber=361}  written to file by thread pool-3-thread-5
 message  {Id=2e005b94-e8a2-417c-bd39-97b8e6a52968,FirstNumber=769,secondNumber=80}  added by thread pool-3-thread-6
 message  {Id=2e005b94-e8a2-417c-bd39-97b8e6a52968,FirstNumber=769,secondNumber=80}  written to file by thread pool-3-thread-4
 message  {Id=cad9f306-ea7c-4696-a68d-13f98c3f2189,FirstNumber=544,secondNumber=616}  added by thread pool-3-thread-6
 message  {Id=cad9f306-ea7c-4696-a68d-13f98c3f2189,FirstNumber=544,secondNumber=616}  written to file by thread pool-3-thread-4
 message  {Id=f4bd028e-22be-437e-b77c-c568933be2ec,FirstNumber=805,secondNumber=1152}  added by thread pool-3-thread-6
 message  {Id=f4bd028e-22be-437e-b77c-c568933be2ec,FirstNumber=805,secondNumber=1152}  written to file by thread pool-3-thread-2
 message  {Id=cf6bcdd8-fbe3-4c6c-8b4e-561db9b5b27e,FirstNumber=454,secondNumber=1184}  added by thread pool-3-thread-6
 message  {Id=cf6bcdd8-fbe3-4c6c-8b4e-561db9b5b27e,FirstNumber=454,secondNumber=1184}  written to file by thread pool-3-thread-1
 message  {Id=86ad069b-512f-4c21-96a4-af8ca07a4b08,FirstNumber=396,secondNumber=1736}  added by thread pool-3-thread-6
 message  {Id=86ad069b-512f-4c21-96a4-af8ca07a4b08,FirstNumber=396,secondNumber=1736}  written to file by thread pool-3-thread-5
 message  {Id=f81767dd-707c-4374-a461-e3d252a2705e,FirstNumber=210,secondNumber=137}  added by thread pool-3-thread-6
 message  {Id=f81767dd-707c-4374-a461-e3d252a2705e,FirstNumber=210,secondNumber=137}  written to file by thread pool-3-thread-3
 message  {Id=83a1a709-17cc-4719-a3a2-73a6ca8b4343,FirstNumber=651,secondNumber=1074}  added by thread pool-3-thread-6
 message  {Id=83a1a709-17cc-4719-a3a2-73a6ca8b4343,FirstNumber=651,secondNumber=1074}  written to file by thread pool-3-thread-3
 message  {Id=a1c3cf41-b42e-4d36-bd21-a75d21032b1b,FirstNumber=18,secondNumber=732}  added by thread pool-3-thread-6
 message  {Id=a1c3cf41-b42e-4d36-bd21-a75d21032b1b,FirstNumber=18,secondNumber=732}  written to file by thread pool-3-thread-2
 message  {Id=9259fa49-de3f-4b75-a705-b8a8df5090c9,FirstNumber=229,secondNumber=930}  added by thread pool-3-thread-6
 message  {Id=9259fa49-de3f-4b75-a705-b8a8df5090c9,FirstNumber=229,secondNumber=930}  written to file by thread pool-3-thread-2
 message  {Id=73cc5014-ce60-4c09-ac42-35942e1bdf55,FirstNumber=238,secondNumber=1536}  added by thread pool-3-thread-6
 message  {Id=73cc5014-ce60-4c09-ac42-35942e1bdf55,FirstNumber=238,secondNumber=1536}  written to file by thread pool-3-thread-5
 message  {Id=8f144cf5-6dd8-484b-90e7-58f1d76a5e11,FirstNumber=512,secondNumber=528}  added by thread pool-3-thread-6
 message  {Id=8f144cf5-6dd8-484b-90e7-58f1d76a5e11,FirstNumber=512,secondNumber=528}  written to file by thread pool-3-thread-4
 message  {Id=d80412b5-b8f7-4af0-8d70-b6042945fa3c,FirstNumber=261,secondNumber=216}  added by thread pool-3-thread-6
 message  {Id=d80412b5-b8f7-4af0-8d70-b6042945fa3c,FirstNumber=261,secondNumber=216}  written to file by thread pool-3-thread-3
 message  {Id=8b701f40-2ed4-40c0-a7da-3ad8c1cb8ead,FirstNumber=628,secondNumber=514}  added by thread pool-3-thread-6
 message  {Id=8b701f40-2ed4-40c0-a7da-3ad8c1cb8ead,FirstNumber=628,secondNumber=514}  written to file by thread pool-3-thread-1
 message  {Id=83864b3c-1f8f-43ad-b04a-12e098fb2ac2,FirstNumber=718,secondNumber=1617}  added by thread pool-3-thread-6
 message  {Id=83864b3c-1f8f-43ad-b04a-12e098fb2ac2,FirstNumber=718,secondNumber=1617}  written to file by thread pool-3-thread-2
 message  {Id=dc29c3aa-a0c3-489a-9101-633ccd3056d5,FirstNumber=402,secondNumber=423}  added by thread pool-3-thread-6
 message  {Id=dc29c3aa-a0c3-489a-9101-633ccd3056d5,FirstNumber=402,secondNumber=423}  written to file by thread pool-3-thread-5
 message  {Id=8467e8a8-17da-4844-87f8-2fbbb02cc1cc,FirstNumber=171,secondNumber=559}  added by thread pool-3-thread-6
 message  {Id=8467e8a8-17da-4844-87f8-2fbbb02cc1cc,FirstNumber=171,secondNumber=559}  written to file by thread pool-3-thread-5
 message  {Id=e783cb0c-cc65-4444-add5-9610922b5dc9,FirstNumber=420,secondNumber=1809}  added by thread pool-3-thread-6
 message  {Id=e783cb0c-cc65-4444-add5-9610922b5dc9,FirstNumber=420,secondNumber=1809}  written to file by thread pool-3-thread-3
 message  {Id=73500447-65b4-433f-931b-6ab84b1ac350,FirstNumber=704,secondNumber=1430}  added by thread pool-3-thread-6
 message  {Id=73500447-65b4-433f-931b-6ab84b1ac350,FirstNumber=704,secondNumber=1430}  written to file by thread pool-3-thread-3
 message  {Id=4567491c-ab2d-4f20-aa01-18b90dd706ab,FirstNumber=416,secondNumber=1629}  added by thread pool-3-thread-6
 message  {Id=4567491c-ab2d-4f20-aa01-18b90dd706ab,FirstNumber=416,secondNumber=1629}  written to file by thread pool-3-thread-2
 message  {Id=cb9384aa-620b-4f67-8f0f-143d31f449b3,FirstNumber=687,secondNumber=576}  added by thread pool-3-thread-6
 message  {Id=cb9384aa-620b-4f67-8f0f-143d31f449b3,FirstNumber=687,secondNumber=576}  written to file by thread pool-3-thread-2
 message  {Id=8a12126c-9fa5-4bfb-bb52-a9ed841e0cfb,FirstNumber=630,secondNumber=51}  added by thread pool-3-thread-6
 message  {Id=8a12126c-9fa5-4bfb-bb52-a9ed841e0cfb,FirstNumber=630,secondNumber=51}  written to file by thread pool-3-thread-5
 message  {Id=877aca88-6dcc-4c31-a6e0-e8b9b882dce8,FirstNumber=898,secondNumber=1044}  added by thread pool-3-thread-6
 message  {Id=877aca88-6dcc-4c31-a6e0-e8b9b882dce8,FirstNumber=898,secondNumber=1044}  written to file by thread pool-3-thread-1
 message  {Id=7201ddfd-00da-46f4-8b8b-ccd05886f7ea,FirstNumber=831,secondNumber=186}  added by thread pool-3-thread-6
 message  {Id=7201ddfd-00da-46f4-8b8b-ccd05886f7ea,FirstNumber=831,secondNumber=186}  written to file by thread pool-3-thread-3
 message  {Id=0d90dea9-5298-4291-90d8-f4b36a12b0af,FirstNumber=666,secondNumber=1805}  added by thread pool-3-thread-6
 message  {Id=0d90dea9-5298-4291-90d8-f4b36a12b0af,FirstNumber=666,secondNumber=1805}  written to file by thread pool-3-thread-4
 message  {Id=7c1a1dc9-837d-436a-bf83-5fdae842ed17,FirstNumber=371,secondNumber=1587}  added by thread pool-3-thread-6
 message  {Id=7c1a1dc9-837d-436a-bf83-5fdae842ed17,FirstNumber=371,secondNumber=1587}  written to file by thread pool-3-thread-4
 message  {Id=99d021d1-f24f-49f6-afb4-bbd2d3c0f4d3,FirstNumber=99,secondNumber=386}  added by thread pool-3-thread-6
 message  {Id=99d021d1-f24f-49f6-afb4-bbd2d3c0f4d3,FirstNumber=99,secondNumber=386}  written to file by thread pool-3-thread-5
 message  {Id=a6a35e61-9bb7-448c-a840-83c6f8d76544,FirstNumber=34,secondNumber=1671}  added by thread pool-3-thread-6
 message  {Id=a6a35e61-9bb7-448c-a840-83c6f8d76544,FirstNumber=34,secondNumber=1671}  written to file by thread pool-3-thread-1
 message  {Id=855a4316-866e-4335-ad65-94836737a546,FirstNumber=352,secondNumber=1372}  added by thread pool-3-thread-6
 message  {Id=855a4316-866e-4335-ad65-94836737a546,FirstNumber=352,secondNumber=1372}  written to file by thread pool-3-thread-1
 message  {Id=6c9d2891-c56d-4659-a5d7-8a8242ddf05e,FirstNumber=738,secondNumber=1373}  added by thread pool-3-thread-6
 message  {Id=6c9d2891-c56d-4659-a5d7-8a8242ddf05e,FirstNumber=738,secondNumber=1373}  written to file by thread pool-3-thread-2
 message  {Id=7b38c7c3-6665-418f-b3b5-d272b970f4f5,FirstNumber=58,secondNumber=868}  added by thread pool-3-thread-6
 message  {Id=7b38c7c3-6665-418f-b3b5-d272b970f4f5,FirstNumber=58,secondNumber=868}  written to file by thread pool-3-thread-4
 message  {Id=17318602-cae7-43a7-894a-6d8aa0f662ec,FirstNumber=510,secondNumber=917}  added by thread pool-3-thread-6
 message  {Id=17318602-cae7-43a7-894a-6d8aa0f662ec,FirstNumber=510,secondNumber=917}  written to file by thread pool-3-thread-5
 message  {Id=22710f67-3378-4ffd-93aa-0cb7bfad6283,FirstNumber=150,secondNumber=361}  added by thread pool-3-thread-6
 message  {Id=22710f67-3378-4ffd-93aa-0cb7bfad6283,FirstNumber=150,secondNumber=361}  written to file by thread pool-3-thread-5
 message  {Id=e754a561-a836-4d3f-9542-a37da6dd374c,FirstNumber=294,secondNumber=309}  added by thread pool-3-thread-6
 message  {Id=e754a561-a836-4d3f-9542-a37da6dd374c,FirstNumber=294,secondNumber=309}  written to file by thread pool-3-thread-1
 message  {Id=0f78b0ba-507f-4193-a0c8-0a21fda30ef8,FirstNumber=339,secondNumber=1693}  added by thread pool-3-thread-6
 message  {Id=0f78b0ba-507f-4193-a0c8-0a21fda30ef8,FirstNumber=339,secondNumber=1693}  written to file by thread pool-3-thread-2
 message  {Id=30b810c4-007f-43e2-99e1-4422b4946f31,FirstNumber=785,secondNumber=727}  added by thread pool-3-thread-6
 message  {Id=30b810c4-007f-43e2-99e1-4422b4946f31,FirstNumber=785,secondNumber=727}  written to file by thread pool-3-thread-4
 message  {Id=44a4c8dc-21ba-4765-9a81-aec172082b45,FirstNumber=638,secondNumber=1861}  added by thread pool-3-thread-6
 message  {Id=44a4c8dc-21ba-4765-9a81-aec172082b45,FirstNumber=638,secondNumber=1861}  written to file by thread pool-3-thread-3
 message  {Id=3c34f477-95eb-4140-97b5-aaf18dd90213,FirstNumber=944,secondNumber=410}  added by thread pool-3-thread-6
 message  {Id=3c34f477-95eb-4140-97b5-aaf18dd90213,FirstNumber=944,secondNumber=410}  written to file by thread pool-3-thread-3
 message  {Id=e004bb5e-480e-417c-81b7-70925278e216,FirstNumber=889,secondNumber=1533}  added by thread pool-3-thread-6
 message  {Id=e004bb5e-480e-417c-81b7-70925278e216,FirstNumber=889,secondNumber=1533}  written to file by thread pool-3-thread-1
 message  {Id=80359d1e-3401-482a-bf45-9e242224b6ff,FirstNumber=573,secondNumber=282}  added by thread pool-3-thread-6
 message  {Id=80359d1e-3401-482a-bf45-9e242224b6ff,FirstNumber=573,secondNumber=282}  written to file by thread pool-3-thread-1
 message  {Id=e56e9bb2-f2a9-4fc6-9912-dd01e7062d35,FirstNumber=240,secondNumber=523}  added by thread pool-3-thread-6
 message  {Id=e56e9bb2-f2a9-4fc6-9912-dd01e7062d35,FirstNumber=240,secondNumber=523}  written to file by thread pool-3-thread-4
 message  {Id=8cbe7778-aa89-4e86-a87c-fea980f75dc2,FirstNumber=427,secondNumber=1289}  added by thread pool-3-thread-6
 message  {Id=8cbe7778-aa89-4e86-a87c-fea980f75dc2,FirstNumber=427,secondNumber=1289}  written to file by thread pool-3-thread-5
 message  {Id=a192e464-e26b-4cbe-b623-c0c0decee594,FirstNumber=448,secondNumber=375}  added by thread pool-3-thread-6
 message  {Id=a192e464-e26b-4cbe-b623-c0c0decee594,FirstNumber=448,secondNumber=375}  written to file by thread pool-3-thread-5
 message  {Id=cc4226c2-05b1-4d4e-b1a9-d1cc5e404f7e,FirstNumber=661,secondNumber=745}  added by thread pool-3-thread-6
 message  {Id=cc4226c2-05b1-4d4e-b1a9-d1cc5e404f7e,FirstNumber=661,secondNumber=745}  written to file by thread pool-3-thread-2
 message  {Id=d3ef877e-fa00-4fd6-94d1-fa9a83044e61,FirstNumber=518,secondNumber=499}  added by thread pool-3-thread-6
 message  {Id=d3ef877e-fa00-4fd6-94d1-fa9a83044e61,FirstNumber=518,secondNumber=499}  written to file by thread pool-3-thread-1
 message  {Id=8f1b8350-c680-4e84-9c1c-93496206e5a0,FirstNumber=377,secondNumber=896}  added by thread pool-3-thread-6
 message  {Id=8f1b8350-c680-4e84-9c1c-93496206e5a0,FirstNumber=377,secondNumber=896}  written to file by thread pool-3-thread-4
 message  {Id=67bbd788-6b04-428d-99a0-55832ffe5fa9,FirstNumber=908,secondNumber=207}  added by thread pool-3-thread-6
 message  {Id=67bbd788-6b04-428d-99a0-55832ffe5fa9,FirstNumber=908,secondNumber=207}  written to file by thread pool-3-thread-4
 message  {Id=90ecbbf5-0e12-400d-be00-7a1f2fa04cfe,FirstNumber=417,secondNumber=1417}  added by thread pool-3-thread-6
 message  {Id=90ecbbf5-0e12-400d-be00-7a1f2fa04cfe,FirstNumber=417,secondNumber=1417}  written to file by thread pool-3-thread-5
 message  {Id=4af8ea34-3690-4079-9ba8-71d485e48893,FirstNumber=859,secondNumber=1714}  added by thread pool-3-thread-6
 message  {Id=4af8ea34-3690-4079-9ba8-71d485e48893,FirstNumber=859,secondNumber=1714}  written to file by thread pool-3-thread-5
 message  {Id=69e71d7f-f17e-4a54-a4d9-fb4e0cc597da,FirstNumber=854,secondNumber=1385}  added by thread pool-3-thread-6
 message  {Id=69e71d7f-f17e-4a54-a4d9-fb4e0cc597da,FirstNumber=854,secondNumber=1385}  written to file by thread pool-3-thread-1
 message  {Id=d6814275-2559-4963-9a31-05e945f0cb67,FirstNumber=412,secondNumber=417}  added by thread pool-3-thread-6
 message  {Id=d6814275-2559-4963-9a31-05e945f0cb67,FirstNumber=412,secondNumber=417}  written to file by thread pool-3-thread-1
 message  {Id=8a9a368a-5b21-40b4-94c4-ca83609bc48c,FirstNumber=277,secondNumber=702}  added by thread pool-3-thread-6
 message  {Id=8a9a368a-5b21-40b4-94c4-ca83609bc48c,FirstNumber=277,secondNumber=702}  written to file by thread pool-3-thread-4
 message  {Id=0010b287-3d73-42c4-8362-e01b0cd7853a,FirstNumber=311,secondNumber=1659}  added by thread pool-3-thread-6
 message  {Id=0010b287-3d73-42c4-8362-e01b0cd7853a,FirstNumber=311,secondNumber=1659}  written to file by thread pool-3-thread-2
 message  {Id=eadafbf0-4d56-450d-95ec-2423dc11fd00,FirstNumber=417,secondNumber=424}  added by thread pool-3-thread-6
 message  {Id=eadafbf0-4d56-450d-95ec-2423dc11fd00,FirstNumber=417,secondNumber=424}  written to file by thread pool-3-thread-5
 message  {Id=5b2f8f3d-93bd-44bc-bb49-3897460df558,FirstNumber=991,secondNumber=1009}  added by thread pool-3-thread-6
 message  {Id=5b2f8f3d-93bd-44bc-bb49-3897460df558,FirstNumber=991,secondNumber=1009}  written to file by thread pool-3-thread-5
 message  {Id=3be35f96-0e6b-4699-a857-b6072a3b8d4e,FirstNumber=492,secondNumber=241}  added by thread pool-3-thread-6
 message  {Id=3be35f96-0e6b-4699-a857-b6072a3b8d4e,FirstNumber=492,secondNumber=241}  written to file by thread pool-3-thread-5
 message  {Id=66c407b5-85a4-4473-a3ce-332c001e31b4,FirstNumber=622,secondNumber=482}  added by thread pool-3-thread-6
 message  {Id=66c407b5-85a4-4473-a3ce-332c001e31b4,FirstNumber=622,secondNumber=482}  written to file by thread pool-3-thread-4
 message  {Id=9854cd6d-8759-493a-ab0b-14f6d376c69e,FirstNumber=712,secondNumber=1514}  added by thread pool-3-thread-6
 message  {Id=9854cd6d-8759-493a-ab0b-14f6d376c69e,FirstNumber=712,secondNumber=1514}  written to file by thread pool-3-thread-2
 message  {Id=59d48dc4-a34b-46ec-a264-d4338f9365d9,FirstNumber=188,secondNumber=606}  added by thread pool-3-thread-6
 message  {Id=59d48dc4-a34b-46ec-a264-d4338f9365d9,FirstNumber=188,secondNumber=606}  written to file by thread pool-3-thread-2
 message  {Id=925185de-1b07-4ed8-bde0-9d715ac7be01,FirstNumber=816,secondNumber=708}  added by thread pool-3-thread-6
 message  {Id=925185de-1b07-4ed8-bde0-9d715ac7be01,FirstNumber=816,secondNumber=708}  written to file by thread pool-3-thread-2
 message  {Id=ec8085d7-53ee-4d0c-96e8-27d522526d16,FirstNumber=453,secondNumber=338}  added by thread pool-3-thread-6
 message  {Id=ec8085d7-53ee-4d0c-96e8-27d522526d16,FirstNumber=453,secondNumber=338}  written to file by thread pool-3-thread-5
 message  {Id=02fe6e78-deca-439d-aab4-bcf90367dd30,FirstNumber=414,secondNumber=661}  added by thread pool-3-thread-6
 message  {Id=02fe6e78-deca-439d-aab4-bcf90367dd30,FirstNumber=414,secondNumber=661}  written to file by thread pool-3-thread-4
 message  {Id=0ab82f4a-08ca-449b-b261-990ac8588e15,FirstNumber=930,secondNumber=1648}  added by thread pool-3-thread-6
 message  {Id=0ab82f4a-08ca-449b-b261-990ac8588e15,FirstNumber=930,secondNumber=1648}  written to file by thread pool-3-thread-4
 message  {Id=0eac4d29-2a87-4c2f-b908-ee179de58c44,FirstNumber=27,secondNumber=568}  added by thread pool-3-thread-6
 message  {Id=0eac4d29-2a87-4c2f-b908-ee179de58c44,FirstNumber=27,secondNumber=568}  written to file by thread pool-3-thread-1
 message  {Id=922696f1-2d6f-4975-adeb-d6c1c926f3fa,FirstNumber=462,secondNumber=784}  added by thread pool-3-thread-6
 message  {Id=922696f1-2d6f-4975-adeb-d6c1c926f3fa,FirstNumber=462,secondNumber=784}  written to file by thread pool-3-thread-2
 message  {Id=3b01a2d9-6d89-41f0-bd7b-7905103744cf,FirstNumber=506,secondNumber=1774}  added by thread pool-3-thread-6
 message  {Id=3b01a2d9-6d89-41f0-bd7b-7905103744cf,FirstNumber=506,secondNumber=1774}  written to file by thread pool-3-thread-2
 message  {Id=335f0fca-b750-431d-8136-fec584b56146,FirstNumber=766,secondNumber=1733}  added by thread pool-3-thread-6
 message  {Id=335f0fca-b750-431d-8136-fec584b56146,FirstNumber=766,secondNumber=1733}  written to file by thread pool-3-thread-3
 message  {Id=7a39fd28-fd88-4e5a-ba2f-d52fb31dfebd,FirstNumber=499,secondNumber=126}  added by thread pool-3-thread-6
 message  {Id=7a39fd28-fd88-4e5a-ba2f-d52fb31dfebd,FirstNumber=499,secondNumber=126}  written to file by thread pool-3-thread-4
 message  {Id=ead30cd7-ba8b-47fd-817a-35ba78c540cc,FirstNumber=134,secondNumber=514}  added by thread pool-3-thread-6
 message  {Id=ead30cd7-ba8b-47fd-817a-35ba78c540cc,FirstNumber=134,secondNumber=514}  written to file by thread pool-3-thread-4
 message  {Id=815a13f0-8c0d-49c4-a25a-5abd9f82ee43,FirstNumber=17,secondNumber=1809}  added by thread pool-3-thread-6
 message  {Id=815a13f0-8c0d-49c4-a25a-5abd9f82ee43,FirstNumber=17,secondNumber=1809}  written to file by thread pool-3-thread-5
 message  {Id=a323d3b7-ebfe-484a-8dee-d709336c4c01,FirstNumber=119,secondNumber=327}  added by thread pool-3-thread-6
 message  {Id=a323d3b7-ebfe-484a-8dee-d709336c4c01,FirstNumber=119,secondNumber=327}  written to file by thread pool-3-thread-2
 message  {Id=6fcfce40-72b6-42e0-a41d-f7698a051c2d,FirstNumber=633,secondNumber=1358}  added by thread pool-3-thread-6
 message  {Id=6fcfce40-72b6-42e0-a41d-f7698a051c2d,FirstNumber=633,secondNumber=1358}  written to file by thread pool-3-thread-3
 message  {Id=8c8f2992-4a68-4fdb-bfc1-6dcbf99150a2,FirstNumber=760,secondNumber=1213}  added by thread pool-3-thread-6
 message  {Id=8c8f2992-4a68-4fdb-bfc1-6dcbf99150a2,FirstNumber=760,secondNumber=1213}  written to file by thread pool-3-thread-3
 message  {Id=b971148b-4174-422a-8aa7-a40146b52da1,FirstNumber=611,secondNumber=1468}  added by thread pool-3-thread-6
 message  {Id=b971148b-4174-422a-8aa7-a40146b52da1,FirstNumber=611,secondNumber=1468}  written to file by thread pool-3-thread-3
 message  {Id=fb9aa8c2-88dd-4ba8-ab02-0f082f290ae3,FirstNumber=867,secondNumber=1584}  added by thread pool-3-thread-6
 message  {Id=fb9aa8c2-88dd-4ba8-ab02-0f082f290ae3,FirstNumber=867,secondNumber=1584}  written to file by thread pool-3-thread-3
 message  {Id=3812a42d-215d-4439-b620-32e8fbf50f2c,FirstNumber=114,secondNumber=1137}  added by thread pool-3-thread-6
 message  {Id=3812a42d-215d-4439-b620-32e8fbf50f2c,FirstNumber=114,secondNumber=1137}  written to file by thread pool-3-thread-2
 message  {Id=70421faa-b275-4fbb-b997-09bf7050956c,FirstNumber=435,secondNumber=715}  added by thread pool-3-thread-6
 message  {Id=70421faa-b275-4fbb-b997-09bf7050956c,FirstNumber=435,secondNumber=715}  written to file by thread pool-3-thread-2
 message  {Id=466794eb-92af-46c1-af07-1977be91d0d1,FirstNumber=932,secondNumber=134}  added by thread pool-3-thread-6
 message  {Id=466794eb-92af-46c1-af07-1977be91d0d1,FirstNumber=932,secondNumber=134}  written to file by thread pool-3-thread-4
 message  {Id=230c40d9-4c83-4199-ab45-77fb0464f502,FirstNumber=352,secondNumber=15}  added by thread pool-3-thread-6
 message  {Id=230c40d9-4c83-4199-ab45-77fb0464f502,FirstNumber=352,secondNumber=15}  written to file by thread pool-3-thread-4
 message  {Id=9c767e8c-b51a-417c-ada4-c0be96566afc,FirstNumber=239,secondNumber=1627}  added by thread pool-3-thread-6
 message  {Id=9c767e8c-b51a-417c-ada4-c0be96566afc,FirstNumber=239,secondNumber=1627}  written to file by thread pool-3-thread-3
 message  {Id=aa9323ae-a92b-465b-bf01-f9075698436a,FirstNumber=545,secondNumber=1893}  added by thread pool-3-thread-6
 message  {Id=aa9323ae-a92b-465b-bf01-f9075698436a,FirstNumber=545,secondNumber=1893}  written to file by thread pool-3-thread-3
 message  {Id=9ffad21a-d68f-4c0c-a98c-1c775cefbcae,FirstNumber=950,secondNumber=857}  added by thread pool-3-thread-6
 message  {Id=9ffad21a-d68f-4c0c-a98c-1c775cefbcae,FirstNumber=950,secondNumber=857}  written to file by thread pool-3-thread-2
 message  {Id=40b79a55-c6bf-4ca3-af12-7de6256de558,FirstNumber=812,secondNumber=1802}  added by thread pool-3-thread-6
 message  {Id=40b79a55-c6bf-4ca3-af12-7de6256de558,FirstNumber=812,secondNumber=1802}  written to file by thread pool-3-thread-2
 message  {Id=16384f14-a6f7-4656-ba5a-7c0e0ac210b2,FirstNumber=616,secondNumber=1077}  added by thread pool-3-thread-6
 message  {Id=16384f14-a6f7-4656-ba5a-7c0e0ac210b2,FirstNumber=616,secondNumber=1077}  written to file by thread pool-3-thread-4
 message  {Id=5f617e71-cccd-4a90-a7b7-0938ecdea255,FirstNumber=644,secondNumber=771}  added by thread pool-3-thread-6
 message  {Id=5f617e71-cccd-4a90-a7b7-0938ecdea255,FirstNumber=644,secondNumber=771}  written to file by thread pool-3-thread-1
 message  {Id=72f0709f-9e63-4863-a4a9-9d5b4f026945,FirstNumber=456,secondNumber=1361}  added by thread pool-3-thread-6
 message  {Id=72f0709f-9e63-4863-a4a9-9d5b4f026945,FirstNumber=456,secondNumber=1361}  written to file by thread pool-3-thread-3
 message  {Id=f122df0a-24b3-496b-aa3c-113bec14aacf,FirstNumber=254,secondNumber=338}  added by thread pool-3-thread-6
 message  {Id=f122df0a-24b3-496b-aa3c-113bec14aacf,FirstNumber=254,secondNumber=338}  written to file by thread pool-3-thread-3
 message  {Id=cea78e1a-cbf0-46af-97a8-9a5b95cba495,FirstNumber=963,secondNumber=603}  added by thread pool-3-thread-6
 message  {Id=cea78e1a-cbf0-46af-97a8-9a5b95cba495,FirstNumber=963,secondNumber=603}  written to file by thread pool-3-thread-2
 message  {Id=f2f93dca-2c31-48ee-9b5d-4fc7f7f7ef50,FirstNumber=864,secondNumber=1302}  added by thread pool-3-thread-6
 message  {Id=f2f93dca-2c31-48ee-9b5d-4fc7f7f7ef50,FirstNumber=864,secondNumber=1302}  written to file by thread pool-3-thread-2
 message  {Id=aad1e9d9-71f4-4503-b7dd-5ae0fb06a142,FirstNumber=533,secondNumber=1789}  added by thread pool-3-thread-6
 message  {Id=aad1e9d9-71f4-4503-b7dd-5ae0fb06a142,FirstNumber=533,secondNumber=1789}  written to file by thread pool-3-thread-1
 message  {Id=87a4b510-a244-4ccd-8510-25ee2a41fb36,FirstNumber=563,secondNumber=1927}  added by thread pool-3-thread-6
 message  {Id=87a4b510-a244-4ccd-8510-25ee2a41fb36,FirstNumber=563,secondNumber=1927}  written to file by thread pool-3-thread-5
 message  {Id=3d15a812-f4c7-400f-b7d2-1fcdc7ce0242,FirstNumber=485,secondNumber=1383}  added by thread pool-3-thread-6
 message  {Id=3d15a812-f4c7-400f-b7d2-1fcdc7ce0242,FirstNumber=485,secondNumber=1383}  written to file by thread pool-3-thread-3
 message  {Id=88bdd251-6b78-458a-bfdb-18f85fdb4e0b,FirstNumber=623,secondNumber=1103}  added by thread pool-3-thread-6
 message  {Id=88bdd251-6b78-458a-bfdb-18f85fdb4e0b,FirstNumber=623,secondNumber=1103}  written to file by thread pool-3-thread-3
 message  {Id=1b9cd746-3d4d-4d16-813c-7a1ae5f6697d,FirstNumber=721,secondNumber=718}  added by thread pool-3-thread-6
 message  {Id=1b9cd746-3d4d-4d16-813c-7a1ae5f6697d,FirstNumber=721,secondNumber=718}  written to file by thread pool-3-thread-2
 message  {Id=a412289a-83e4-4af5-b6f4-71e0a9600368,FirstNumber=558,secondNumber=1671}  added by thread pool-3-thread-6
 message  {Id=a412289a-83e4-4af5-b6f4-71e0a9600368,FirstNumber=558,secondNumber=1671}  written to file by thread pool-3-thread-1
 message  {Id=ae83fa9d-b231-432e-9466-04f46435edae,FirstNumber=737,secondNumber=732}  added by thread pool-3-thread-6
 message  {Id=ae83fa9d-b231-432e-9466-04f46435edae,FirstNumber=737,secondNumber=732}  written to file by thread pool-3-thread-5
 message  {Id=2d17f66d-a98c-43d2-86e0-f4a1fdfe3a57,FirstNumber=795,secondNumber=1426}  added by thread pool-3-thread-6
 message  {Id=2d17f66d-a98c-43d2-86e0-f4a1fdfe3a57,FirstNumber=795,secondNumber=1426}  written to file by thread pool-3-thread-4
 message  {Id=218b79e8-e7a4-439d-84ef-7eb1aed9c432,FirstNumber=119,secondNumber=1023}  added by thread pool-3-thread-6
 message  {Id=218b79e8-e7a4-439d-84ef-7eb1aed9c432,FirstNumber=119,secondNumber=1023}  written to file by thread pool-3-thread-3
 message  {Id=4ea7afea-a8de-4482-adbf-83770e402507,FirstNumber=406,secondNumber=1211}  added by thread pool-3-thread-6
 message  {Id=4ea7afea-a8de-4482-adbf-83770e402507,FirstNumber=406,secondNumber=1211}  written to file by thread pool-3-thread-3
 message  {Id=2940149d-d015-4c77-af5b-0cd6c0797625,FirstNumber=812,secondNumber=722}  added by thread pool-3-thread-6
 message  {Id=2940149d-d015-4c77-af5b-0cd6c0797625,FirstNumber=812,secondNumber=722}  written to file by thread pool-3-thread-3
 message  {Id=57b5d043-4281-49ae-b720-a745fe35d586,FirstNumber=396,secondNumber=454}  added by thread pool-3-thread-6
 message  {Id=57b5d043-4281-49ae-b720-a745fe35d586,FirstNumber=396,secondNumber=454}  written to file by thread pool-3-thread-5
 message  {Id=67289126-aa58-4387-b15c-9f097a0e4fe8,FirstNumber=266,secondNumber=850}  added by thread pool-3-thread-6
 message  {Id=67289126-aa58-4387-b15c-9f097a0e4fe8,FirstNumber=266,secondNumber=850}  written to file by thread pool-3-thread-4
 message  {Id=481c4304-997a-49e0-ac50-5f35df933dff,FirstNumber=292,secondNumber=1279}  added by thread pool-3-thread-6
 message  {Id=481c4304-997a-49e0-ac50-5f35df933dff,FirstNumber=292,secondNumber=1279}  written to file by thread pool-3-thread-4
 message  {Id=ac624a16-6384-4b13-aab4-ae2869ca3763,FirstNumber=897,secondNumber=106}  added by thread pool-3-thread-6
 message  {Id=ac624a16-6384-4b13-aab4-ae2869ca3763,FirstNumber=897,secondNumber=106}  written to file by thread pool-3-thread-1
 message  {Id=fa2a70ca-58b1-4c15-8321-d43958cee476,FirstNumber=991,secondNumber=1928}  added by thread pool-3-thread-6
 message  {Id=fa2a70ca-58b1-4c15-8321-d43958cee476,FirstNumber=991,secondNumber=1928}  written to file by thread pool-3-thread-3
 message  {Id=c29ec94d-2dec-429e-be14-92630a001d4c,FirstNumber=944,secondNumber=1684}  added by thread pool-3-thread-6
 message  {Id=c29ec94d-2dec-429e-be14-92630a001d4c,FirstNumber=944,secondNumber=1684}  written to file by thread pool-3-thread-5
 message  {Id=93a6fdd2-e2a0-4dfe-a987-019898dc73ac,FirstNumber=458,secondNumber=513}  added by thread pool-3-thread-6
 message  {Id=93a6fdd2-e2a0-4dfe-a987-019898dc73ac,FirstNumber=458,secondNumber=513}  written to file by thread pool-3-thread-5
 message  {Id=6cb01f1a-0a28-43fe-ba60-f77daa716e86,FirstNumber=55,secondNumber=1932}  added by thread pool-3-thread-6
 message  {Id=6cb01f1a-0a28-43fe-ba60-f77daa716e86,FirstNumber=55,secondNumber=1932}  written to file by thread pool-3-thread-4
 message  {Id=641d4227-0b93-4a73-95ee-4edc455ae9db,FirstNumber=792,secondNumber=1176}  added by thread pool-3-thread-6
 message  {Id=641d4227-0b93-4a73-95ee-4edc455ae9db,FirstNumber=792,secondNumber=1176}  written to file by thread pool-3-thread-4
 message  {Id=9148b103-220d-41f9-8f2b-33d8e4c56989,FirstNumber=302,secondNumber=1728}  added by thread pool-3-thread-6
 message  {Id=9148b103-220d-41f9-8f2b-33d8e4c56989,FirstNumber=302,secondNumber=1728}  written to file by thread pool-3-thread-3
 message  {Id=9975906a-ec6a-4135-8411-ddb61c4ebf4b,FirstNumber=332,secondNumber=1873}  added by thread pool-3-thread-6
 message  {Id=9975906a-ec6a-4135-8411-ddb61c4ebf4b,FirstNumber=332,secondNumber=1873}  written to file by thread pool-3-thread-3
 message  {Id=c1c88018-6189-402d-9b85-a22d0b4b8952,FirstNumber=691,secondNumber=743}  added by thread pool-3-thread-6
 message  {Id=c1c88018-6189-402d-9b85-a22d0b4b8952,FirstNumber=691,secondNumber=743}  written to file by thread pool-3-thread-3
 message  {Id=c0d43d4f-64b4-4b6c-8eaa-8f73ca1e508b,FirstNumber=409,secondNumber=968}  added by thread pool-3-thread-6
 message  {Id=c0d43d4f-64b4-4b6c-8eaa-8f73ca1e508b,FirstNumber=409,secondNumber=968}  written to file by thread pool-3-thread-1
 message  {Id=1c0091c2-078d-46f1-bfe4-3d307d9b61e6,FirstNumber=784,secondNumber=27}  added by thread pool-3-thread-6
 message  {Id=1c0091c2-078d-46f1-bfe4-3d307d9b61e6,FirstNumber=784,secondNumber=27}  written to file by thread pool-3-thread-4
 message  {Id=f186d8d5-e630-4a8c-ae6a-34611a5451ec,FirstNumber=568,secondNumber=953}  added by thread pool-3-thread-6
 message  {Id=f186d8d5-e630-4a8c-ae6a-34611a5451ec,FirstNumber=568,secondNumber=953}  written to file by thread pool-3-thread-2
 message  {Id=42641aad-8a40-4deb-a5d6-d99834f09b7f,FirstNumber=954,secondNumber=934}  added by thread pool-3-thread-6
 message  {Id=42641aad-8a40-4deb-a5d6-d99834f09b7f,FirstNumber=954,secondNumber=934}  written to file by thread pool-3-thread-5
 message  {Id=8a5db8c5-c425-4b04-b1f3-d123af311e98,FirstNumber=846,secondNumber=178}  added by thread pool-3-thread-6
 message  {Id=8a5db8c5-c425-4b04-b1f3-d123af311e98,FirstNumber=846,secondNumber=178}  written to file by thread pool-3-thread-3
 message  {Id=9e7fc5ff-8875-4949-8b70-d7c107b60b69,FirstNumber=397,secondNumber=1314}  added by thread pool-3-thread-6
 message  {Id=9e7fc5ff-8875-4949-8b70-d7c107b60b69,FirstNumber=397,secondNumber=1314}  written to file by thread pool-3-thread-1
 message  {Id=2736d509-7cf6-420a-ad40-4e6c22add6a7,FirstNumber=143,secondNumber=9}  added by thread pool-3-thread-6
 message  {Id=2736d509-7cf6-420a-ad40-4e6c22add6a7,FirstNumber=143,secondNumber=9}  written to file by thread pool-3-thread-1
 message  {Id=aa4afc12-c1f0-486b-b9a8-054f03d95766,FirstNumber=921,secondNumber=677}  added by thread pool-3-thread-6
 message  {Id=aa4afc12-c1f0-486b-b9a8-054f03d95766,FirstNumber=921,secondNumber=677}  written to file by thread pool-3-thread-2
 message  {Id=433a437f-9841-41ad-ba55-db723020bde3,FirstNumber=88,secondNumber=1268}  added by thread pool-3-thread-6
 message  {Id=433a437f-9841-41ad-ba55-db723020bde3,FirstNumber=88,secondNumber=1268}  written to file by thread pool-3-thread-2
 message  {Id=8b483c81-bce8-41ca-a329-3fd7b027213c,FirstNumber=454,secondNumber=975}  added by thread pool-3-thread-6
 message  {Id=8b483c81-bce8-41ca-a329-3fd7b027213c,FirstNumber=454,secondNumber=975}  written to file by thread pool-3-thread-3
 message  {Id=54f52873-9553-4b02-bd2d-72a513812ffb,FirstNumber=391,secondNumber=1091}  added by thread pool-3-thread-6
 message  {Id=54f52873-9553-4b02-bd2d-72a513812ffb,FirstNumber=391,secondNumber=1091}  written to file by thread pool-3-thread-3
 message  {Id=79f9ecc5-39d9-41e6-80c9-9da8df18f174,FirstNumber=752,secondNumber=505}  added by thread pool-3-thread-6
 message  {Id=79f9ecc5-39d9-41e6-80c9-9da8df18f174,FirstNumber=752,secondNumber=505}  written to file by thread pool-3-thread-1
 message  {Id=0668fec6-6bed-428c-9e58-8962cc6c60d2,FirstNumber=166,secondNumber=1797}  added by thread pool-3-thread-6
 message  {Id=0668fec6-6bed-428c-9e58-8962cc6c60d2,FirstNumber=166,secondNumber=1797}  written to file by thread pool-3-thread-5
 message  {Id=b8bd6230-9f73-446e-bb70-064c59f9f4cc,FirstNumber=306,secondNumber=208}  added by thread pool-3-thread-6
 message  {Id=b8bd6230-9f73-446e-bb70-064c59f9f4cc,FirstNumber=306,secondNumber=208}  written to file by thread pool-3-thread-2
 message  {Id=f0f2c8ed-557d-4fda-af10-17a9a57da046,FirstNumber=764,secondNumber=1810}  added by thread pool-3-thread-6
 message  {Id=f0f2c8ed-557d-4fda-af10-17a9a57da046,FirstNumber=764,secondNumber=1810}  written to file by thread pool-3-thread-2
 message  {Id=dc14ea64-a229-42b9-90d8-ef5bca85543d,FirstNumber=496,secondNumber=405}  added by thread pool-3-thread-6
 message  {Id=dc14ea64-a229-42b9-90d8-ef5bca85543d,FirstNumber=496,secondNumber=405}  written to file by thread pool-3-thread-3
 message  {Id=c8804206-7786-4e2d-bac4-7d97d12a3474,FirstNumber=466,secondNumber=197}  added by thread pool-3-thread-6
 message  {Id=c8804206-7786-4e2d-bac4-7d97d12a3474,FirstNumber=466,secondNumber=197}  written to file by thread pool-3-thread-3
 message  {Id=e1ec69c2-7f3a-4eb7-a0c6-07cfd6bc3cb2,FirstNumber=890,secondNumber=1089}  added by thread pool-3-thread-6
 message  {Id=e1ec69c2-7f3a-4eb7-a0c6-07cfd6bc3cb2,FirstNumber=890,secondNumber=1089}  written to file by thread pool-3-thread-5
 message  {Id=7c08dbde-da18-488c-8e93-f64bd952c2e0,FirstNumber=900,secondNumber=1017}  added by thread pool-3-thread-6
 message  {Id=7c08dbde-da18-488c-8e93-f64bd952c2e0,FirstNumber=900,secondNumber=1017}  written to file by thread pool-3-thread-5
 message  {Id=ab2f7b43-c391-486a-a816-9397a58426bd,FirstNumber=833,secondNumber=1005}  added by thread pool-3-thread-6
 message  {Id=ab2f7b43-c391-486a-a816-9397a58426bd,FirstNumber=833,secondNumber=1005}  written to file by thread pool-3-thread-2
 message  {Id=f832e5da-3cc7-4774-8daa-c0f705f82fce,FirstNumber=311,secondNumber=1146}  added by thread pool-3-thread-6
 message  {Id=f832e5da-3cc7-4774-8daa-c0f705f82fce,FirstNumber=311,secondNumber=1146}  written to file by thread pool-3-thread-2
 message  {Id=07fd49f7-96a2-48a2-b555-50a08303e6bc,FirstNumber=846,secondNumber=1034}  added by thread pool-3-thread-6
 message  {Id=07fd49f7-96a2-48a2-b555-50a08303e6bc,FirstNumber=846,secondNumber=1034}  written to file by thread pool-3-thread-3
 message  {Id=8adc2786-9c68-4016-b8bd-16bd61992cb0,FirstNumber=883,secondNumber=369}  added by thread pool-3-thread-6
 message  {Id=8adc2786-9c68-4016-b8bd-16bd61992cb0,FirstNumber=883,secondNumber=369}  written to file by thread pool-3-thread-4
 message  {Id=d4b678ef-d5e4-472a-8b5f-2560582d6270,FirstNumber=279,secondNumber=1506}  added by thread pool-3-thread-6
 message  {Id=d4b678ef-d5e4-472a-8b5f-2560582d6270,FirstNumber=279,secondNumber=1506}  written to file by thread pool-3-thread-5
 message  {Id=fe3c1c71-0d06-45ff-8e31-14942bb43497,FirstNumber=21,secondNumber=1635}  added by thread pool-3-thread-6
 message  {Id=fe3c1c71-0d06-45ff-8e31-14942bb43497,FirstNumber=21,secondNumber=1635}  written to file by thread pool-3-thread-5
 message  {Id=5d49c1f0-d819-4196-a041-263787469e72,FirstNumber=220,secondNumber=967}  added by thread pool-3-thread-6
 message  {Id=5d49c1f0-d819-4196-a041-263787469e72,FirstNumber=220,secondNumber=967}  written to file by thread pool-3-thread-2
 message  {Id=a46882f8-a242-4e09-b19c-7f2606ff755c,FirstNumber=406,secondNumber=805}  added by thread pool-3-thread-6
 message  {Id=a46882f8-a242-4e09-b19c-7f2606ff755c,FirstNumber=406,secondNumber=805}  written to file by thread pool-3-thread-2
 message  {Id=71318127-5e3d-4e31-8444-df6aa15a4f42,FirstNumber=332,secondNumber=304}  added by thread pool-3-thread-6
 message  {Id=71318127-5e3d-4e31-8444-df6aa15a4f42,FirstNumber=332,secondNumber=304}  written to file by thread pool-3-thread-4
 message  {Id=7c972df3-68d9-4500-b313-6f36060a648d,FirstNumber=724,secondNumber=1673}  added by thread pool-3-thread-6
 message  {Id=7c972df3-68d9-4500-b313-6f36060a648d,FirstNumber=724,secondNumber=1673}  written to file by thread pool-3-thread-4
 message  {Id=d021a9c8-df42-4a03-be5d-20774405a06a,FirstNumber=412,secondNumber=724}  added by thread pool-3-thread-6
 message  {Id=d021a9c8-df42-4a03-be5d-20774405a06a,FirstNumber=412,secondNumber=724}  written to file by thread pool-3-thread-5
 message  {Id=bfdfb9e9-2ba6-42bd-9b5e-6d03cd56597d,FirstNumber=521,secondNumber=1103}  added by thread pool-3-thread-6
 message  {Id=bfdfb9e9-2ba6-42bd-9b5e-6d03cd56597d,FirstNumber=521,secondNumber=1103}  written to file by thread pool-3-thread-5
 message  {Id=6c2e7b47-0bc3-41b2-8fab-ba39eefafccb,FirstNumber=540,secondNumber=1368}  added by thread pool-3-thread-6
 message  {Id=6c2e7b47-0bc3-41b2-8fab-ba39eefafccb,FirstNumber=540,secondNumber=1368}  written to file by thread pool-3-thread-2
 message  {Id=b1f41d11-6804-4b6c-9b34-ec7d97c4d923,FirstNumber=126,secondNumber=772}  added by thread pool-3-thread-6
 message  {Id=b1f41d11-6804-4b6c-9b34-ec7d97c4d923,FirstNumber=126,secondNumber=772}  written to file by thread pool-3-thread-1
 message  {Id=75d32f11-d6a2-42de-bc9e-7b71b82d846c,FirstNumber=399,secondNumber=76}  added by thread pool-3-thread-6
 message  {Id=75d32f11-d6a2-42de-bc9e-7b71b82d846c,FirstNumber=399,secondNumber=76}  written to file by thread pool-3-thread-4
 message  {Id=7c4c8045-b9d8-4afe-b69a-81edabeb8414,FirstNumber=296,secondNumber=1871}  added by thread pool-3-thread-6
 message  {Id=7c4c8045-b9d8-4afe-b69a-81edabeb8414,FirstNumber=296,secondNumber=1871}  written to file by thread pool-3-thread-4
 message  {Id=5eefd52b-7783-4ed8-af6b-bd00b48bd033,FirstNumber=405,secondNumber=1394}  added by thread pool-3-thread-6
 message  {Id=5eefd52b-7783-4ed8-af6b-bd00b48bd033,FirstNumber=405,secondNumber=1394}  written to file by thread pool-3-thread-5
 message  {Id=906fb734-58f6-4569-aa06-84168b469066,FirstNumber=513,secondNumber=1527}  added by thread pool-3-thread-6
 message  {Id=906fb734-58f6-4569-aa06-84168b469066,FirstNumber=513,secondNumber=1527}  written to file by thread pool-3-thread-5
 message  {Id=30c8eedd-08c7-4024-b3ce-f36cbd8e7be5,FirstNumber=876,secondNumber=727}  added by thread pool-3-thread-6
 message  {Id=30c8eedd-08c7-4024-b3ce-f36cbd8e7be5,FirstNumber=876,secondNumber=727}  written to file by thread pool-3-thread-1
 message  {Id=5e8b4651-4989-4d86-be39-16772ed5925d,FirstNumber=397,secondNumber=1544}  added by thread pool-3-thread-6
 message  {Id=5e8b4651-4989-4d86-be39-16772ed5925d,FirstNumber=397,secondNumber=1544}  written to file by thread pool-3-thread-1
 message  {Id=c0ab7fec-e07c-4f87-8c69-9b65f3c43beb,FirstNumber=84,secondNumber=1289}  added by thread pool-3-thread-6
 message  {Id=c0ab7fec-e07c-4f87-8c69-9b65f3c43beb,FirstNumber=84,secondNumber=1289}  written to file by thread pool-3-thread-4
 message  {Id=d78add16-87b5-4a84-a02a-bdb6bf9871af,FirstNumber=323,secondNumber=925}  added by thread pool-3-thread-6
 message  {Id=d78add16-87b5-4a84-a02a-bdb6bf9871af,FirstNumber=323,secondNumber=925}  written to file by thread pool-3-thread-2
 message  {Id=e9ec2dbf-21fd-4c48-a407-60fc8d17dc5a,FirstNumber=430,secondNumber=270}  added by thread pool-3-thread-6
 message  {Id=e9ec2dbf-21fd-4c48-a407-60fc8d17dc5a,FirstNumber=430,secondNumber=270}  written to file by thread pool-3-thread-5
 message  {Id=e818df0e-dbc2-4844-ad9c-5abe5af82b85,FirstNumber=258,secondNumber=346}  added by thread pool-3-thread-6
 message  {Id=e818df0e-dbc2-4844-ad9c-5abe5af82b85,FirstNumber=258,secondNumber=346}  written to file by thread pool-3-thread-3
 message  {Id=6a7eab2e-329b-4822-9b16-f0dbff1cf503,FirstNumber=848,secondNumber=648}  added by thread pool-3-thread-6
 message  {Id=6a7eab2e-329b-4822-9b16-f0dbff1cf503,FirstNumber=848,secondNumber=648}  written to file by thread pool-3-thread-3
 message  {Id=2cb7bd1a-db33-4cc1-b256-414d584e22cf,FirstNumber=647,secondNumber=1549}  added by thread pool-3-thread-6
 message  {Id=2cb7bd1a-db33-4cc1-b256-414d584e22cf,FirstNumber=647,secondNumber=1549}  written to file by thread pool-3-thread-3
 message  {Id=e0e984d2-7852-477f-ae05-7514903c7a1d,FirstNumber=890,secondNumber=1787}  added by thread pool-3-thread-6
 message  {Id=e0e984d2-7852-477f-ae05-7514903c7a1d,FirstNumber=890,secondNumber=1787}  written to file by thread pool-3-thread-2
 message  {Id=9171c9a6-8d4e-4534-8285-aa3a7e7f481e,FirstNumber=510,secondNumber=1183}  added by thread pool-3-thread-6
 message  {Id=9171c9a6-8d4e-4534-8285-aa3a7e7f481e,FirstNumber=510,secondNumber=1183}  written to file by thread pool-3-thread-2
 message  {Id=2e2d1c22-45fb-4eab-9a70-c515cfa279fc,FirstNumber=548,secondNumber=765}  added by thread pool-3-thread-6
 message  {Id=2e2d1c22-45fb-4eab-9a70-c515cfa279fc,FirstNumber=548,secondNumber=765}  written to file by thread pool-3-thread-1
 message  {Id=03fd2921-6948-4c81-821e-50022f60ccad,FirstNumber=592,secondNumber=1901}  added by thread pool-3-thread-6
 message  {Id=03fd2921-6948-4c81-821e-50022f60ccad,FirstNumber=592,secondNumber=1901}  written to file by thread pool-3-thread-1
 message  {Id=025711f0-f05c-4b3b-9117-e8e6ecd41268,FirstNumber=929,secondNumber=283}  added by thread pool-3-thread-6
 message  {Id=025711f0-f05c-4b3b-9117-e8e6ecd41268,FirstNumber=929,secondNumber=283}  written to file by thread pool-3-thread-3
 message  {Id=36b74c0e-056d-49d1-9c0a-c866e6da8bfc,FirstNumber=815,secondNumber=851}  added by thread pool-3-thread-6
 message  {Id=36b74c0e-056d-49d1-9c0a-c866e6da8bfc,FirstNumber=815,secondNumber=851}  written to file by thread pool-3-thread-3
 message  {Id=62b662a4-5612-45ef-9a14-fa29c24ddc26,FirstNumber=682,secondNumber=48}  added by thread pool-3-thread-6
 message  {Id=62b662a4-5612-45ef-9a14-fa29c24ddc26,FirstNumber=682,secondNumber=48}  written to file by thread pool-3-thread-2
 message  {Id=48e54f0d-01c0-4f25-ab08-57a04f4c64d2,FirstNumber=49,secondNumber=1867}  added by thread pool-3-thread-6
 message  {Id=48e54f0d-01c0-4f25-ab08-57a04f4c64d2,FirstNumber=49,secondNumber=1867}  written to file by thread pool-3-thread-4
 message  {Id=b1db8a26-bde7-49ad-a74f-848e539bd9de,FirstNumber=967,secondNumber=1274}  added by thread pool-3-thread-6
 message  {Id=b1db8a26-bde7-49ad-a74f-848e539bd9de,FirstNumber=967,secondNumber=1274}  written to file by thread pool-3-thread-1
 message  {Id=5897852a-fe10-40a6-9dce-74c37f875b77,FirstNumber=21,secondNumber=762}  added by thread pool-3-thread-6
 message  {Id=5897852a-fe10-40a6-9dce-74c37f875b77,FirstNumber=21,secondNumber=762}  written to file by thread pool-3-thread-1
 message  {Id=37b9df1d-b8fa-4fab-a81c-afe8194e40b5,FirstNumber=668,secondNumber=1031}  added by thread pool-3-thread-6
 message  {Id=37b9df1d-b8fa-4fab-a81c-afe8194e40b5,FirstNumber=668,secondNumber=1031}  written to file by thread pool-3-thread-3
 message  {Id=13dd2984-7d37-4f51-ba60-2e66c7732afd,FirstNumber=497,secondNumber=753}  added by thread pool-3-thread-6
 message  {Id=13dd2984-7d37-4f51-ba60-2e66c7732afd,FirstNumber=497,secondNumber=753}  written to file by thread pool-3-thread-3
 message  {Id=77479ebb-e3c3-45fc-a7d8-5bbd6c21097b,FirstNumber=943,secondNumber=571}  added by thread pool-3-thread-6
 message  {Id=77479ebb-e3c3-45fc-a7d8-5bbd6c21097b,FirstNumber=943,secondNumber=571}  written to file by thread pool-3-thread-3
 message  {Id=65cccd28-cd53-445e-85b9-80e690af367c,FirstNumber=820,secondNumber=1601}  added by thread pool-3-thread-6
 message  {Id=65cccd28-cd53-445e-85b9-80e690af367c,FirstNumber=820,secondNumber=1601}  written to file by thread pool-3-thread-5
 message  {Id=697ceff1-86f1-4df6-ae4e-084c49bc02fe,FirstNumber=368,secondNumber=1380}  added by thread pool-3-thread-6
 message  {Id=697ceff1-86f1-4df6-ae4e-084c49bc02fe,FirstNumber=368,secondNumber=1380}  written to file by thread pool-3-thread-1
 message  {Id=f77e7546-ea45-4c25-acd1-fdb1ada5fca5,FirstNumber=62,secondNumber=165}  added by thread pool-3-thread-6
 message  {Id=f77e7546-ea45-4c25-acd1-fdb1ada5fca5,FirstNumber=62,secondNumber=165}  written to file by thread pool-3-thread-1
 message  {Id=0bda64c6-b345-4cce-ade6-409405fb5345,FirstNumber=723,secondNumber=170}  added by thread pool-3-thread-6
 message  {Id=0bda64c6-b345-4cce-ade6-409405fb5345,FirstNumber=723,secondNumber=170}  written to file by thread pool-3-thread-4
 message  {Id=5c0d5596-bca3-4dac-9332-045276ec8112,FirstNumber=147,secondNumber=654}  added by thread pool-3-thread-6
 message  {Id=5c0d5596-bca3-4dac-9332-045276ec8112,FirstNumber=147,secondNumber=654}  written to file by thread pool-3-thread-3
 message  {Id=9cedbfe8-1186-4bf2-bfb7-2685c46736f6,FirstNumber=787,secondNumber=209}  added by thread pool-3-thread-6
 message  {Id=9cedbfe8-1186-4bf2-bfb7-2685c46736f6,FirstNumber=787,secondNumber=209}  written to file by thread pool-3-thread-5
 message  {Id=283234a8-fb73-414d-8686-c5a258bc4a93,FirstNumber=787,secondNumber=1268}  added by thread pool-3-thread-6
 message  {Id=283234a8-fb73-414d-8686-c5a258bc4a93,FirstNumber=787,secondNumber=1268}  written to file by thread pool-3-thread-5
 message  {Id=555df9df-814d-4303-be6c-ea0fe4c5141f,FirstNumber=409,secondNumber=1786}  added by thread pool-3-thread-6
 message  {Id=555df9df-814d-4303-be6c-ea0fe4c5141f,FirstNumber=409,secondNumber=1786}  written to file by thread pool-3-thread-1
 message  {Id=b8a902aa-744d-4b68-9e9f-d86ca2d89286,FirstNumber=676,secondNumber=1920}  added by thread pool-3-thread-6
 message  {Id=b8a902aa-744d-4b68-9e9f-d86ca2d89286,FirstNumber=676,secondNumber=1920}  written to file by thread pool-3-thread-1
 message  {Id=1449b8cc-929f-4c40-a09f-f68cf40107af,FirstNumber=481,secondNumber=1764}  added by thread pool-3-thread-6
 message  {Id=1449b8cc-929f-4c40-a09f-f68cf40107af,FirstNumber=481,secondNumber=1764}  written to file by thread pool-3-thread-1
 message  {Id=7130ff63-7be3-414e-901e-3c2be9a025f8,FirstNumber=417,secondNumber=653}  added by thread pool-3-thread-6
 message  {Id=7130ff63-7be3-414e-901e-3c2be9a025f8,FirstNumber=417,secondNumber=653}  written to file by thread pool-3-thread-2
 message  {Id=91faedda-4b07-4fc7-9b4b-3f24d2f300bf,FirstNumber=918,secondNumber=1950}  added by thread pool-3-thread-6
 message  {Id=91faedda-4b07-4fc7-9b4b-3f24d2f300bf,FirstNumber=918,secondNumber=1950}  written to file by thread pool-3-thread-5
 message  {Id=89a82fd4-46f3-4931-abc2-0672476bf3bb,FirstNumber=711,secondNumber=1099}  added by thread pool-3-thread-6
 message  {Id=89a82fd4-46f3-4931-abc2-0672476bf3bb,FirstNumber=711,secondNumber=1099}  written to file by thread pool-3-thread-4
 message  {Id=bad8fcd3-02ad-4820-b815-e113665191b0,FirstNumber=406,secondNumber=138}  added by thread pool-3-thread-6
 message  {Id=bad8fcd3-02ad-4820-b815-e113665191b0,FirstNumber=406,secondNumber=138}  written to file by thread pool-3-thread-3
 message  {Id=ab716b4b-7970-4642-bc43-dd81dba17de1,FirstNumber=361,secondNumber=548}  added by thread pool-3-thread-6
 message  {Id=ab716b4b-7970-4642-bc43-dd81dba17de1,FirstNumber=361,secondNumber=548}  written to file by thread pool-3-thread-1
 message  {Id=a85b6d5f-a66f-4146-9cd5-e9580f9add93,FirstNumber=731,secondNumber=1852}  added by thread pool-3-thread-6
 message  {Id=a85b6d5f-a66f-4146-9cd5-e9580f9add93,FirstNumber=731,secondNumber=1852}  written to file by thread pool-3-thread-1
 message  {Id=656a1b1b-c3b3-4611-a60b-76f9fb21a47b,FirstNumber=257,secondNumber=1102}  added by thread pool-3-thread-6
 message  {Id=656a1b1b-c3b3-4611-a60b-76f9fb21a47b,FirstNumber=257,secondNumber=1102}  written to file by thread pool-3-thread-5
 message  {Id=c97cf2fa-9056-474a-a12e-7a9bb5dfbabd,FirstNumber=146,secondNumber=1745}  added by thread pool-3-thread-6
 message  {Id=c97cf2fa-9056-474a-a12e-7a9bb5dfbabd,FirstNumber=146,secondNumber=1745}  written to file by thread pool-3-thread-4
 message  {Id=db05806b-8979-438d-a0ec-81e0cf1ec420,FirstNumber=987,secondNumber=1806}  added by thread pool-3-thread-6
 message  {Id=db05806b-8979-438d-a0ec-81e0cf1ec420,FirstNumber=987,secondNumber=1806}  written to file by thread pool-3-thread-4
 message  {Id=3ced50e9-d76d-43bf-a334-ba866de1438d,FirstNumber=383,secondNumber=1715}  added by thread pool-3-thread-6
 message  {Id=3ced50e9-d76d-43bf-a334-ba866de1438d,FirstNumber=383,secondNumber=1715}  written to file by thread pool-3-thread-4
 message  {Id=65f0e00f-8aef-4442-90fa-d35eb9de54cd,FirstNumber=109,secondNumber=1193}  added by thread pool-3-thread-6
 message  {Id=65f0e00f-8aef-4442-90fa-d35eb9de54cd,FirstNumber=109,secondNumber=1193}  written to file by thread pool-3-thread-1
 message  {Id=b7e516e4-4f31-4615-8b6c-0ff2a297af80,FirstNumber=959,secondNumber=190}  added by thread pool-3-thread-6
 message  {Id=b7e516e4-4f31-4615-8b6c-0ff2a297af80,FirstNumber=959,secondNumber=190}  written to file by thread pool-3-thread-5
 message  {Id=03e70004-56f1-4f16-ab54-f31366d52aec,FirstNumber=933,secondNumber=1359}  added by thread pool-3-thread-6
 message  {Id=03e70004-56f1-4f16-ab54-f31366d52aec,FirstNumber=933,secondNumber=1359}  written to file by thread pool-3-thread-5
 message  {Id=fd598e25-9b03-4307-8de5-30970b1dc737,FirstNumber=210,secondNumber=958}  added by thread pool-3-thread-6
 message  {Id=fd598e25-9b03-4307-8de5-30970b1dc737,FirstNumber=210,secondNumber=958}  written to file by thread pool-3-thread-2
 message  {Id=9247e938-e439-4746-8606-2478ac115b29,FirstNumber=767,secondNumber=535}  added by thread pool-3-thread-6
 message  {Id=9247e938-e439-4746-8606-2478ac115b29,FirstNumber=767,secondNumber=535}  written to file by thread pool-3-thread-4
 message  {Id=2635273b-fac8-4efb-862b-418e1225edb5,FirstNumber=585,secondNumber=1312}  added by thread pool-3-thread-6
 message  {Id=2635273b-fac8-4efb-862b-418e1225edb5,FirstNumber=585,secondNumber=1312}  written to file by thread pool-3-thread-1
 message  {Id=b3d409c5-61fe-4d28-b022-2965d1e42e66,FirstNumber=385,secondNumber=1533}  added by thread pool-3-thread-6
 message  {Id=b3d409c5-61fe-4d28-b022-2965d1e42e66,FirstNumber=385,secondNumber=1533}  written to file by thread pool-3-thread-1
 message  {Id=b40c4e7a-b4b1-475e-8afb-bd5f5b095bfa,FirstNumber=785,secondNumber=930}  added by thread pool-3-thread-6
 message  {Id=b40c4e7a-b4b1-475e-8afb-bd5f5b095bfa,FirstNumber=785,secondNumber=930}  written to file by thread pool-3-thread-5
 message  {Id=ee1eb28f-1c93-49e3-b185-e4976f67c20d,FirstNumber=386,secondNumber=142}  added by thread pool-3-thread-6
 message  {Id=ee1eb28f-1c93-49e3-b185-e4976f67c20d,FirstNumber=386,secondNumber=142}  written to file by thread pool-3-thread-5
 message  {Id=38c94b27-d66d-4187-aa04-fee4074b5a81,FirstNumber=887,secondNumber=742}  added by thread pool-3-thread-6
 message  {Id=38c94b27-d66d-4187-aa04-fee4074b5a81,FirstNumber=887,secondNumber=742}  written to file by thread pool-3-thread-4
 message  {Id=1eeeb579-5eef-45b6-9095-63e5c0e8274c,FirstNumber=990,secondNumber=894}  added by thread pool-3-thread-6
 message  {Id=1eeeb579-5eef-45b6-9095-63e5c0e8274c,FirstNumber=990,secondNumber=894}  written to file by thread pool-3-thread-4
 message  {Id=002d2460-43c9-4c88-8e31-c4fe8599ee39,FirstNumber=548,secondNumber=1262}  added by thread pool-3-thread-6
 message  {Id=002d2460-43c9-4c88-8e31-c4fe8599ee39,FirstNumber=548,secondNumber=1262}  written to file by thread pool-3-thread-1
 message  {Id=ea7e350b-6332-4fcf-a8df-d026af7804bb,FirstNumber=589,secondNumber=1195}  added by thread pool-3-thread-6
 message  {Id=ea7e350b-6332-4fcf-a8df-d026af7804bb,FirstNumber=589,secondNumber=1195}  written to file by thread pool-3-thread-1
 message  {Id=2cd19015-e4b4-4a38-b792-6d153ef74219,FirstNumber=473,secondNumber=150}  added by thread pool-3-thread-6
 message  {Id=2cd19015-e4b4-4a38-b792-6d153ef74219,FirstNumber=473,secondNumber=150}  written to file by thread pool-3-thread-5
 message  {Id=560e9e66-1368-47ef-bad1-a953bfddb24c,FirstNumber=178,secondNumber=161}  added by thread pool-3-thread-6
 message  {Id=560e9e66-1368-47ef-bad1-a953bfddb24c,FirstNumber=178,secondNumber=161}  written to file by thread pool-3-thread-3
 message  {Id=44c86ba3-0479-482b-902f-b109fa88fd92,FirstNumber=845,secondNumber=156}  added by thread pool-3-thread-6
 message  {Id=44c86ba3-0479-482b-902f-b109fa88fd92,FirstNumber=845,secondNumber=156}  written to file by thread pool-3-thread-4
 message  {Id=03d6e34e-ff2a-49cc-b261-05f7ee77214e,FirstNumber=58,secondNumber=979}  added by thread pool-3-thread-6
 message  {Id=03d6e34e-ff2a-49cc-b261-05f7ee77214e,FirstNumber=58,secondNumber=979}  written to file by thread pool-3-thread-2
 message  {Id=28358198-a8b6-44ab-a654-b8a9f8413537,FirstNumber=299,secondNumber=54}  added by thread pool-3-thread-6
 message  {Id=28358198-a8b6-44ab-a654-b8a9f8413537,FirstNumber=299,secondNumber=54}  written to file by thread pool-3-thread-1
 message  {Id=de146c3a-7216-42ae-b5ae-dad87f32b608,FirstNumber=402,secondNumber=1629}  added by thread pool-3-thread-6
 message  {Id=de146c3a-7216-42ae-b5ae-dad87f32b608,FirstNumber=402,secondNumber=1629}  written to file by thread pool-3-thread-1
 message  {Id=fd2b041d-65e7-471f-b246-5f44709ea96f,FirstNumber=813,secondNumber=172}  added by thread pool-3-thread-6
 message  {Id=fd2b041d-65e7-471f-b246-5f44709ea96f,FirstNumber=813,secondNumber=172}  written to file by thread pool-3-thread-3
 message  {Id=0ed6ca52-d0a5-43c1-b32a-86c9f5cc6128,FirstNumber=831,secondNumber=1042}  added by thread pool-3-thread-6
 message  {Id=0ed6ca52-d0a5-43c1-b32a-86c9f5cc6128,FirstNumber=831,secondNumber=1042}  written to file by thread pool-3-thread-4
 message  {Id=23b66308-75ab-4c80-bb40-f438cb142b0a,FirstNumber=433,secondNumber=1467}  added by thread pool-3-thread-6
 message  {Id=23b66308-75ab-4c80-bb40-f438cb142b0a,FirstNumber=433,secondNumber=1467}  written to file by thread pool-3-thread-4
 message  {Id=d26e5516-d4c8-44eb-a67d-cc154672bdb6,FirstNumber=193,secondNumber=597}  added by thread pool-3-thread-6
 message  {Id=d26e5516-d4c8-44eb-a67d-cc154672bdb6,FirstNumber=193,secondNumber=597}  written to file by thread pool-3-thread-5
 message  {Id=2825e90c-4ae2-4f77-9d6b-3d0bf9ac765a,FirstNumber=39,secondNumber=1744}  added by thread pool-3-thread-6
 message  {Id=2825e90c-4ae2-4f77-9d6b-3d0bf9ac765a,FirstNumber=39,secondNumber=1744}  written to file by thread pool-3-thread-1
 message  {Id=c3a41eac-9701-4aaf-be88-7b30eec0bd69,FirstNumber=590,secondNumber=1468}  added by thread pool-3-thread-6
 message  {Id=c3a41eac-9701-4aaf-be88-7b30eec0bd69,FirstNumber=590,secondNumber=1468}  written to file by thread pool-3-thread-3
 message  {Id=c6b63446-562c-400b-bbc2-e8473aa4baca,FirstNumber=181,secondNumber=1603}  added by thread pool-3-thread-6
 message  {Id=c6b63446-562c-400b-bbc2-e8473aa4baca,FirstNumber=181,secondNumber=1603}  written to file by thread pool-3-thread-3
 message  {Id=23abc15f-ebc1-42af-a2f1-dd17d662088d,FirstNumber=175,secondNumber=1681}  added by thread pool-3-thread-6
 message  {Id=23abc15f-ebc1-42af-a2f1-dd17d662088d,FirstNumber=175,secondNumber=1681}  written to file by thread pool-3-thread-4
 message  {Id=b7ff8392-bcfe-4c87-9ca4-a513b4fc222f,FirstNumber=490,secondNumber=668}  added by thread pool-3-thread-6
 message  {Id=b7ff8392-bcfe-4c87-9ca4-a513b4fc222f,FirstNumber=490,secondNumber=668}  written to file by thread pool-3-thread-5
 message  {Id=c157ec45-f332-475a-a80f-6c3401419096,FirstNumber=363,secondNumber=881}  added by thread pool-3-thread-6
 message  {Id=c157ec45-f332-475a-a80f-6c3401419096,FirstNumber=363,secondNumber=881}  written to file by thread pool-3-thread-5
 message  {Id=cfb11493-a97d-4869-a649-1386270ad5fd,FirstNumber=932,secondNumber=1733}  added by thread pool-3-thread-6
 message  {Id=cfb11493-a97d-4869-a649-1386270ad5fd,FirstNumber=932,secondNumber=1733}  written to file by thread pool-3-thread-2
 message  {Id=7e31baef-f7df-446d-9d64-e32d13f3f7dd,FirstNumber=961,secondNumber=981}  added by thread pool-3-thread-6
 message  {Id=7e31baef-f7df-446d-9d64-e32d13f3f7dd,FirstNumber=961,secondNumber=981}  written to file by thread pool-3-thread-2
 message  {Id=d19f3031-652e-40d7-aeaf-32f2b165601f,FirstNumber=160,secondNumber=870}  added by thread pool-3-thread-6
 message  {Id=d19f3031-652e-40d7-aeaf-32f2b165601f,FirstNumber=160,secondNumber=870}  written to file by thread pool-3-thread-4
 message  {Id=c1607d1b-f823-4677-b533-5fbcadf8cafd,FirstNumber=289,secondNumber=1659}  added by thread pool-3-thread-6
 message  {Id=c1607d1b-f823-4677-b533-5fbcadf8cafd,FirstNumber=289,secondNumber=1659}  written to file by thread pool-3-thread-4
 message  {Id=1f0e7e69-de16-4a92-aca1-58c043611f9a,FirstNumber=324,secondNumber=205}  added by thread pool-3-thread-6
 message  {Id=1f0e7e69-de16-4a92-aca1-58c043611f9a,FirstNumber=324,secondNumber=205}  written to file by thread pool-3-thread-5
 message  {Id=d6f6f984-8aab-4a7b-8de0-9f7438c1baea,FirstNumber=957,secondNumber=126}  added by thread pool-3-thread-6
 message  {Id=d6f6f984-8aab-4a7b-8de0-9f7438c1baea,FirstNumber=957,secondNumber=126}  written to file by thread pool-3-thread-3
 message  {Id=88b92743-dbd2-4ccf-9e7e-4224994918f9,FirstNumber=175,secondNumber=1599}  added by thread pool-3-thread-6
 message  {Id=88b92743-dbd2-4ccf-9e7e-4224994918f9,FirstNumber=175,secondNumber=1599}  written to file by thread pool-3-thread-2
 message  {Id=1c491f2f-7d59-4724-b5fd-92a4dd37bdf5,FirstNumber=870,secondNumber=1837}  added by thread pool-3-thread-6
 message  {Id=1c491f2f-7d59-4724-b5fd-92a4dd37bdf5,FirstNumber=870,secondNumber=1837}  written to file by thread pool-3-thread-2
 message  {Id=3bf4097f-2cd7-4c0a-a5f8-2d3d35ad492d,FirstNumber=110,secondNumber=692}  added by thread pool-3-thread-6
 message  {Id=3bf4097f-2cd7-4c0a-a5f8-2d3d35ad492d,FirstNumber=110,secondNumber=692}  written to file by thread pool-3-thread-4
 message  {Id=65d00e60-03e5-4624-b988-036df0aedba5,FirstNumber=561,secondNumber=927}  added by thread pool-3-thread-6
 message  {Id=65d00e60-03e5-4624-b988-036df0aedba5,FirstNumber=561,secondNumber=927}  written to file by thread pool-3-thread-4
 message  {Id=1d280f4d-d4c3-4f8a-a5e2-186213a3c2ab,FirstNumber=66,secondNumber=244}  added by thread pool-3-thread-6
 message  {Id=1d280f4d-d4c3-4f8a-a5e2-186213a3c2ab,FirstNumber=66,secondNumber=244}  written to file by thread pool-3-thread-3
 message  {Id=ebd0195d-b86c-4b1a-b227-f98f52ffadf2,FirstNumber=68,secondNumber=316}  added by thread pool-3-thread-6
 message  {Id=ebd0195d-b86c-4b1a-b227-f98f52ffadf2,FirstNumber=68,secondNumber=316}  written to file by thread pool-3-thread-3
 message  {Id=b480428b-c1a1-4a1a-ae66-57093866c0c7,FirstNumber=488,secondNumber=113}  added by thread pool-3-thread-6
 message  {Id=b480428b-c1a1-4a1a-ae66-57093866c0c7,FirstNumber=488,secondNumber=113}  written to file by thread pool-3-thread-2
 message  {Id=e71fa7e4-4908-4ba1-b1d1-11a3d36d7841,FirstNumber=991,secondNumber=1120}  added by thread pool-3-thread-6
 message  {Id=e71fa7e4-4908-4ba1-b1d1-11a3d36d7841,FirstNumber=991,secondNumber=1120}  written to file by thread pool-3-thread-2
 message  {Id=a29ac5cb-8b63-4f95-a676-09ce51198a15,FirstNumber=99,secondNumber=1015}  added by thread pool-3-thread-6
 message  {Id=a29ac5cb-8b63-4f95-a676-09ce51198a15,FirstNumber=99,secondNumber=1015}  written to file by thread pool-3-thread-4
 message  {Id=8315035c-a1ac-4516-b873-b51a8d1d544a,FirstNumber=854,secondNumber=347}  added by thread pool-3-thread-6
 message  {Id=8315035c-a1ac-4516-b873-b51a8d1d544a,FirstNumber=854,secondNumber=347}  written to file by thread pool-3-thread-1
 message  {Id=b59a9a36-da92-4f36-a938-f7b47491e0a1,FirstNumber=61,secondNumber=1003}  added by thread pool-3-thread-6
 message  {Id=b59a9a36-da92-4f36-a938-f7b47491e0a1,FirstNumber=61,secondNumber=1003}  written to file by thread pool-3-thread-3
 message  {Id=1d58dd9c-fd3c-48d7-a88d-3092ff23eace,FirstNumber=494,secondNumber=524}  added by thread pool-3-thread-6
 message  {Id=1d58dd9c-fd3c-48d7-a88d-3092ff23eace,FirstNumber=494,secondNumber=524}  written to file by thread pool-3-thread-3
 message  {Id=29a3cfe0-3a12-4b38-b9ee-2aba0cf8b509,FirstNumber=490,secondNumber=761}  added by thread pool-3-thread-6
 message  {Id=29a3cfe0-3a12-4b38-b9ee-2aba0cf8b509,FirstNumber=490,secondNumber=761}  written to file by thread pool-3-thread-2
 message  {Id=33f94f67-0505-4b85-92e9-c948ea5fbb2f,FirstNumber=216,secondNumber=626}  added by thread pool-3-thread-6
 message  {Id=33f94f67-0505-4b85-92e9-c948ea5fbb2f,FirstNumber=216,secondNumber=626}  written to file by thread pool-3-thread-2
 message  {Id=fc4d2687-42e7-4b23-a894-903269cb2128,FirstNumber=11,secondNumber=928}  added by thread pool-3-thread-6
 message  {Id=fc4d2687-42e7-4b23-a894-903269cb2128,FirstNumber=11,secondNumber=928}  written to file by thread pool-3-thread-1
 message  {Id=5f78d620-1c82-4432-9368-3a3d9b5fa06b,FirstNumber=684,secondNumber=590}  added by thread pool-3-thread-6
 message  {Id=5f78d620-1c82-4432-9368-3a3d9b5fa06b,FirstNumber=684,secondNumber=590}  written to file by thread pool-3-thread-1
 message  {Id=d6e850f2-bce2-448e-b959-d83f3c635453,FirstNumber=289,secondNumber=720}  added by thread pool-3-thread-6
 message  {Id=d6e850f2-bce2-448e-b959-d83f3c635453,FirstNumber=289,secondNumber=720}  written to file by thread pool-3-thread-3
 message  {Id=5c931d9c-4646-4d59-8e55-31c841dcf06d,FirstNumber=446,secondNumber=1812}  added by thread pool-3-thread-6
 message  {Id=5c931d9c-4646-4d59-8e55-31c841dcf06d,FirstNumber=446,secondNumber=1812}  written to file by thread pool-3-thread-3
 message  {Id=f12c0636-66a4-46ba-be12-87a8f2bf4cdf,FirstNumber=2,secondNumber=1411}  added by thread pool-3-thread-6
 message  {Id=f12c0636-66a4-46ba-be12-87a8f2bf4cdf,FirstNumber=2,secondNumber=1411}  written to file by thread pool-3-thread-2
 message  {Id=1188cc1c-1486-455b-a6e9-82da68adc8f4,FirstNumber=722,secondNumber=470}  added by thread pool-3-thread-6
 message  {Id=1188cc1c-1486-455b-a6e9-82da68adc8f4,FirstNumber=722,secondNumber=470}  written to file by thread pool-3-thread-5
 message  {Id=5bd48ab1-ae13-4220-8843-68dd4383a1b1,FirstNumber=998,secondNumber=408}  added by thread pool-3-thread-6
 message  {Id=5bd48ab1-ae13-4220-8843-68dd4383a1b1,FirstNumber=998,secondNumber=408}  written to file by thread pool-3-thread-1
 message  {Id=9ede7ded-04e7-4fa1-abfe-60a3dbaf6e40,FirstNumber=918,secondNumber=1797}  added by thread pool-3-thread-6
 message  {Id=9ede7ded-04e7-4fa1-abfe-60a3dbaf6e40,FirstNumber=918,secondNumber=1797}  written to file by thread pool-3-thread-1
 message  {Id=b28490e4-f306-47f4-b033-6d78d0c361d9,FirstNumber=139,secondNumber=664}  added by thread pool-3-thread-6
 message  {Id=b28490e4-f306-47f4-b033-6d78d0c361d9,FirstNumber=139,secondNumber=664}  written to file by thread pool-3-thread-3
 message  {Id=6c4cb3b6-f31a-4d6d-a9c0-979446b6bd0c,FirstNumber=358,secondNumber=1747}  added by thread pool-3-thread-6
 message  {Id=6c4cb3b6-f31a-4d6d-a9c0-979446b6bd0c,FirstNumber=358,secondNumber=1747}  written to file by thread pool-3-thread-3
 message  {Id=5d021aa5-383e-4593-9be6-b9b1f571a921,FirstNumber=544,secondNumber=735}  added by thread pool-3-thread-6
 message  {Id=5d021aa5-383e-4593-9be6-b9b1f571a921,FirstNumber=544,secondNumber=735}  written to file by thread pool-3-thread-3
 message  {Id=84543a1d-d4f9-4fa4-bbce-3f9be53daf4f,FirstNumber=31,secondNumber=113}  added by thread pool-3-thread-6
 message  {Id=84543a1d-d4f9-4fa4-bbce-3f9be53daf4f,FirstNumber=31,secondNumber=113}  written to file by thread pool-3-thread-4
 message  {Id=99fa41f4-b9ed-4453-b55d-f20957ba8108,FirstNumber=914,secondNumber=1868}  added by thread pool-3-thread-6
 message  {Id=99fa41f4-b9ed-4453-b55d-f20957ba8108,FirstNumber=914,secondNumber=1868}  written to file by thread pool-3-thread-1
 message  {Id=5d08c139-31b5-4f49-b63b-117f3c806839,FirstNumber=651,secondNumber=1240}  added by thread pool-3-thread-6
 message  {Id=5d08c139-31b5-4f49-b63b-117f3c806839,FirstNumber=651,secondNumber=1240}  written to file by thread pool-3-thread-1
 message  {Id=6f56e27f-37fb-4c22-a047-c96ced05d1ed,FirstNumber=446,secondNumber=1771}  added by thread pool-3-thread-6
 message  {Id=6f56e27f-37fb-4c22-a047-c96ced05d1ed,FirstNumber=446,secondNumber=1771}  written to file by thread pool-3-thread-5
 message  {Id=12ec4dfb-810c-46c0-addc-932c837c2192,FirstNumber=627,secondNumber=161}  added by thread pool-3-thread-6
 message  {Id=12ec4dfb-810c-46c0-addc-932c837c2192,FirstNumber=627,secondNumber=161}  written to file by thread pool-3-thread-3
 message  {Id=ffd99c2e-49dd-43c0-85ed-c15d2ac75e39,FirstNumber=105,secondNumber=284}  added by thread pool-3-thread-6
 message  {Id=ffd99c2e-49dd-43c0-85ed-c15d2ac75e39,FirstNumber=105,secondNumber=284}  written to file by thread pool-3-thread-3
 message  {Id=9d89d33b-9178-4df6-8282-1f3231868df5,FirstNumber=441,secondNumber=499}  added by thread pool-3-thread-6
 message  {Id=9d89d33b-9178-4df6-8282-1f3231868df5,FirstNumber=441,secondNumber=499}  written to file by thread pool-3-thread-3
 message  {Id=7206b3b7-90af-4f62-95c3-9d836327ef38,FirstNumber=655,secondNumber=708}  added by thread pool-3-thread-6
 message  {Id=7206b3b7-90af-4f62-95c3-9d836327ef38,FirstNumber=655,secondNumber=708}  written to file by thread pool-3-thread-1
 message  {Id=a2e8ff19-ab5f-40f1-bc6c-05e8d04ccc53,FirstNumber=566,secondNumber=1923}  added by thread pool-3-thread-6
 message  {Id=a2e8ff19-ab5f-40f1-bc6c-05e8d04ccc53,FirstNumber=566,secondNumber=1923}  written to file by thread pool-3-thread-1
 message  {Id=b109dc35-f45a-4741-835d-7d06da1b7435,FirstNumber=836,secondNumber=795}  added by thread pool-3-thread-6
 message  {Id=b109dc35-f45a-4741-835d-7d06da1b7435,FirstNumber=836,secondNumber=795}  written to file by thread pool-3-thread-4
 message  {Id=1a6f71be-14e6-4222-9b03-f8ba76b201c1,FirstNumber=70,secondNumber=179}  added by thread pool-3-thread-6
 message  {Id=1a6f71be-14e6-4222-9b03-f8ba76b201c1,FirstNumber=70,secondNumber=179}  written to file by thread pool-3-thread-4
 message  {Id=fe2b0150-afe1-42be-a46b-61e5bc0e60cb,FirstNumber=693,secondNumber=7}  added by thread pool-3-thread-6
 message  {Id=fe2b0150-afe1-42be-a46b-61e5bc0e60cb,FirstNumber=693,secondNumber=7}  written to file by thread pool-3-thread-3
 message  {Id=26b05182-3149-444d-803f-a4e2130d148d,FirstNumber=999,secondNumber=17}  added by thread pool-3-thread-6
 message  {Id=26b05182-3149-444d-803f-a4e2130d148d,FirstNumber=999,secondNumber=17}  written to file by thread pool-3-thread-3
 message  {Id=48e81321-d252-4006-b6ba-29a4a841ffa3,FirstNumber=637,secondNumber=954}  added by thread pool-3-thread-6
 message  {Id=48e81321-d252-4006-b6ba-29a4a841ffa3,FirstNumber=637,secondNumber=954}  written to file by thread pool-3-thread-1
 message  {Id=4856a412-2f34-4a92-9b50-a58b629a7278,FirstNumber=676,secondNumber=840}  added by thread pool-3-thread-6
 message  {Id=4856a412-2f34-4a92-9b50-a58b629a7278,FirstNumber=676,secondNumber=840}  written to file by thread pool-3-thread-1
 message  {Id=6fb00735-5d10-4f04-810c-fcf251c78a2b,FirstNumber=485,secondNumber=316}  added by thread pool-3-thread-6
 message  {Id=6fb00735-5d10-4f04-810c-fcf251c78a2b,FirstNumber=485,secondNumber=316}  written to file by thread pool-3-thread-4
 message  {Id=08f10ac5-ac64-47bb-9d56-9eb135943633,FirstNumber=766,secondNumber=1237}  added by thread pool-3-thread-6
 message  {Id=08f10ac5-ac64-47bb-9d56-9eb135943633,FirstNumber=766,secondNumber=1237}  written to file by thread pool-3-thread-4
 message  {Id=aa6f621b-ddf0-47eb-8367-3006a89fe58d,FirstNumber=497,secondNumber=1379}  added by thread pool-3-thread-6
 message  {Id=aa6f621b-ddf0-47eb-8367-3006a89fe58d,FirstNumber=497,secondNumber=1379}  written to file by thread pool-3-thread-3
 message  {Id=db4cb3ba-f54e-4d39-b7b0-3de8f322658c,FirstNumber=551,secondNumber=555}  added by thread pool-3-thread-6
 message  {Id=db4cb3ba-f54e-4d39-b7b0-3de8f322658c,FirstNumber=551,secondNumber=555}  written to file by thread pool-3-thread-3
 message  {Id=8fbeeecb-724f-48c1-9b77-63dca9ea6f4f,FirstNumber=932,secondNumber=992}  added by thread pool-3-thread-6
 message  {Id=8fbeeecb-724f-48c1-9b77-63dca9ea6f4f,FirstNumber=932,secondNumber=992}  written to file by thread pool-3-thread-3
 message  {Id=f2d87d59-48fb-4f68-82d2-0f1082815003,FirstNumber=110,secondNumber=972}  added by thread pool-3-thread-6
 message  {Id=f2d87d59-48fb-4f68-82d2-0f1082815003,FirstNumber=110,secondNumber=972}  written to file by thread pool-3-thread-5
 message  {Id=3bed09b0-f6e3-49db-80fd-77ca4f3d42b0,FirstNumber=287,secondNumber=1873}  added by thread pool-3-thread-6
 message  {Id=3bed09b0-f6e3-49db-80fd-77ca4f3d42b0,FirstNumber=287,secondNumber=1873}  written to file by thread pool-3-thread-4
 message  {Id=67963f9d-e085-48c2-b434-32c4589a20b9,FirstNumber=674,secondNumber=1905}  added by thread pool-3-thread-6
 message  {Id=67963f9d-e085-48c2-b434-32c4589a20b9,FirstNumber=674,secondNumber=1905}  written to file by thread pool-3-thread-4
 message  {Id=57e0447f-4a64-431c-a771-321202cbc1e8,FirstNumber=641,secondNumber=311}  added by thread pool-3-thread-6
 message  {Id=57e0447f-4a64-431c-a771-321202cbc1e8,FirstNumber=641,secondNumber=311}  written to file by thread pool-3-thread-1
 message  {Id=42f9877d-7171-4be7-acc5-d66b94b46f45,FirstNumber=594,secondNumber=1537}  added by thread pool-3-thread-6
 message  {Id=42f9877d-7171-4be7-acc5-d66b94b46f45,FirstNumber=594,secondNumber=1537}  written to file by thread pool-3-thread-3
 message  {Id=4a39ab12-d21e-4232-aaf8-05dec66057a4,FirstNumber=203,secondNumber=1839}  added by thread pool-3-thread-6
 message  {Id=4a39ab12-d21e-4232-aaf8-05dec66057a4,FirstNumber=203,secondNumber=1839}  written to file by thread pool-3-thread-5
 message  {Id=1cb7c91f-630a-4500-959a-9c6b58cbebe3,FirstNumber=167,secondNumber=1718}  added by thread pool-3-thread-6
 message  {Id=1cb7c91f-630a-4500-959a-9c6b58cbebe3,FirstNumber=167,secondNumber=1718}  written to file by thread pool-3-thread-2
 message  {Id=56c962d0-906e-4330-b38b-e6de0623aa95,FirstNumber=60,secondNumber=1799}  added by thread pool-3-thread-6
 message  {Id=56c962d0-906e-4330-b38b-e6de0623aa95,FirstNumber=60,secondNumber=1799}  written to file by thread pool-3-thread-2
 message  {Id=2cdf0e9f-202c-43c1-ac58-fb3f98b597b6,FirstNumber=328,secondNumber=1982}  added by thread pool-3-thread-6
 message  {Id=2cdf0e9f-202c-43c1-ac58-fb3f98b597b6,FirstNumber=328,secondNumber=1982}  written to file by thread pool-3-thread-1
 message  {Id=0995bee2-d367-441a-9d22-2c9f6777cfd5,FirstNumber=51,secondNumber=1937}  added by thread pool-3-thread-6
 message  {Id=0995bee2-d367-441a-9d22-2c9f6777cfd5,FirstNumber=51,secondNumber=1937}  written to file by thread pool-3-thread-1
 message  {Id=0f38d7f2-da72-4c81-adc5-8f80e9d8fcbe,FirstNumber=397,secondNumber=1559}  added by thread pool-3-thread-6
 message  {Id=0f38d7f2-da72-4c81-adc5-8f80e9d8fcbe,FirstNumber=397,secondNumber=1559}  written to file by thread pool-3-thread-5
 message  {Id=baac8e63-937f-41ee-8ae8-525de61554ec,FirstNumber=708,secondNumber=1818}  added by thread pool-3-thread-6
 message  {Id=baac8e63-937f-41ee-8ae8-525de61554ec,FirstNumber=708,secondNumber=1818}  written to file by thread pool-3-thread-4
 message  {Id=1803027b-270f-4276-bda3-eccac0368099,FirstNumber=135,secondNumber=1549}  added by thread pool-3-thread-6
 message  {Id=1803027b-270f-4276-bda3-eccac0368099,FirstNumber=135,secondNumber=1549}  written to file by thread pool-3-thread-2
 message  {Id=52f08864-581a-425c-907b-1f18a5b0e37d,FirstNumber=978,secondNumber=1312}  added by thread pool-3-thread-6
 message  {Id=52f08864-581a-425c-907b-1f18a5b0e37d,FirstNumber=978,secondNumber=1312}  written to file by thread pool-3-thread-3
 message  {Id=f8d3e872-92d7-49c5-aa09-f8fe15f51207,FirstNumber=67,secondNumber=1866}  added by thread pool-3-thread-6
 message  {Id=f8d3e872-92d7-49c5-aa09-f8fe15f51207,FirstNumber=67,secondNumber=1866}  written to file by thread pool-3-thread-1
 message  {Id=914fc3da-021c-4ec1-a78e-530b4d86dff7,FirstNumber=400,secondNumber=1981}  added by thread pool-3-thread-6
 message  {Id=914fc3da-021c-4ec1-a78e-530b4d86dff7,FirstNumber=400,secondNumber=1981}  written to file by thread pool-3-thread-5
 message  {Id=1d08d79e-9a13-4b83-b9b5-9d9a56f28315,FirstNumber=102,secondNumber=12}  added by thread pool-3-thread-6
 message  {Id=1d08d79e-9a13-4b83-b9b5-9d9a56f28315,FirstNumber=102,secondNumber=12}  written to file by thread pool-3-thread-5
 message  {Id=5755ef27-87fc-45b8-ab4b-9770863ea63b,FirstNumber=896,secondNumber=1907}  added by thread pool-3-thread-6
 message  {Id=5755ef27-87fc-45b8-ab4b-9770863ea63b,FirstNumber=896,secondNumber=1907}  written to file by thread pool-3-thread-2
 message  {Id=36842851-d7ce-49f7-8104-774dc65e7c50,FirstNumber=339,secondNumber=1979}  added by thread pool-3-thread-6
 message  {Id=36842851-d7ce-49f7-8104-774dc65e7c50,FirstNumber=339,secondNumber=1979}  written to file by thread pool-3-thread-2
 message  {Id=8e11876b-020d-4506-9f00-3e4331610da9,FirstNumber=920,secondNumber=1156}  added by thread pool-3-thread-6
 message  {Id=8e11876b-020d-4506-9f00-3e4331610da9,FirstNumber=920,secondNumber=1156}  written to file by thread pool-3-thread-1
 message  {Id=1f2c3b40-5293-4b29-a41e-fd15b9cf9af0,FirstNumber=30,secondNumber=1915}  added by thread pool-3-thread-6
 message  {Id=1f2c3b40-5293-4b29-a41e-fd15b9cf9af0,FirstNumber=30,secondNumber=1915}  written to file by thread pool-3-thread-1
 message  {Id=c1452462-4083-4567-9c14-f1f4e459d697,FirstNumber=237,secondNumber=1021}  added by thread pool-3-thread-6
 message  {Id=c1452462-4083-4567-9c14-f1f4e459d697,FirstNumber=237,secondNumber=1021}  written to file by thread pool-3-thread-5
 message  {Id=b9d0ff36-8638-4a11-bd90-75a60bd4278b,FirstNumber=33,secondNumber=1581}  added by thread pool-3-thread-6
 message  {Id=b9d0ff36-8638-4a11-bd90-75a60bd4278b,FirstNumber=33,secondNumber=1581}  written to file by thread pool-3-thread-3
 message  {Id=459a0bdd-78d3-4d40-a4ba-366fe7564b57,FirstNumber=30,secondNumber=1516}  added by thread pool-3-thread-6
 message  {Id=459a0bdd-78d3-4d40-a4ba-366fe7564b57,FirstNumber=30,secondNumber=1516}  written to file by thread pool-3-thread-2
 message  {Id=bf310f93-6d2a-4b2c-bada-7e81fd8a7c1b,FirstNumber=455,secondNumber=1141}  added by thread pool-3-thread-6
 message  {Id=bf310f93-6d2a-4b2c-bada-7e81fd8a7c1b,FirstNumber=455,secondNumber=1141}  written to file by thread pool-3-thread-4
 message  {Id=7de4edef-7b96-4e55-92b5-2fd3a130c7eb,FirstNumber=986,secondNumber=1880}  added by thread pool-3-thread-6
 message  {Id=7de4edef-7b96-4e55-92b5-2fd3a130c7eb,FirstNumber=986,secondNumber=1880}  written to file by thread pool-3-thread-1
 message  {Id=714f454e-796d-498b-8b18-9382fc50a5ad,FirstNumber=496,secondNumber=1531}  added by thread pool-3-thread-6
 message  {Id=714f454e-796d-498b-8b18-9382fc50a5ad,FirstNumber=496,secondNumber=1531}  written to file by thread pool-3-thread-5
 message  {Id=d8b5315c-f574-4306-a47d-8594b6f86d75,FirstNumber=349,secondNumber=28}  added by thread pool-3-thread-6
 message  {Id=d8b5315c-f574-4306-a47d-8594b6f86d75,FirstNumber=349,secondNumber=28}  written to file by thread pool-3-thread-3
 message  {Id=d99ca4ca-e947-4c60-bc15-f423ba406145,FirstNumber=692,secondNumber=1500}  added by thread pool-3-thread-6
 message  {Id=d99ca4ca-e947-4c60-bc15-f423ba406145,FirstNumber=692,secondNumber=1500}  written to file by thread pool-3-thread-3
 message  {Id=3c35abb2-2b02-4869-bc44-b26194e2880f,FirstNumber=985,secondNumber=508}  added by thread pool-3-thread-6
 message  {Id=3c35abb2-2b02-4869-bc44-b26194e2880f,FirstNumber=985,secondNumber=508}  written to file by thread pool-3-thread-3
 message  {Id=d91b26d2-40b1-4682-8689-a06badd297dd,FirstNumber=835,secondNumber=733}  added by thread pool-3-thread-6
 message  {Id=d91b26d2-40b1-4682-8689-a06badd297dd,FirstNumber=835,secondNumber=733}  written to file by thread pool-3-thread-1
 message  {Id=22d4c4d3-15ef-49e6-bc79-bbb4661e01c4,FirstNumber=76,secondNumber=1954}  added by thread pool-3-thread-6
 message  {Id=22d4c4d3-15ef-49e6-bc79-bbb4661e01c4,FirstNumber=76,secondNumber=1954}  written to file by thread pool-3-thread-5
 message  {Id=4c6b942e-9809-4773-8bec-b55e06c79927,FirstNumber=549,secondNumber=1714}  added by thread pool-3-thread-6
 message  {Id=4c6b942e-9809-4773-8bec-b55e06c79927,FirstNumber=549,secondNumber=1714}  written to file by thread pool-3-thread-5
 message  {Id=1f9b3a63-ed40-4ab7-909f-82c9d05e1f08,FirstNumber=115,secondNumber=600}  added by thread pool-3-thread-6
 message  {Id=1f9b3a63-ed40-4ab7-909f-82c9d05e1f08,FirstNumber=115,secondNumber=600}  written to file by thread pool-3-thread-4
 message  {Id=5e32cb2a-fa99-4894-bd2c-dee420e71908,FirstNumber=325,secondNumber=1242}  added by thread pool-3-thread-6
 message  {Id=5e32cb2a-fa99-4894-bd2c-dee420e71908,FirstNumber=325,secondNumber=1242}  written to file by thread pool-3-thread-3
 message  {Id=a720c71d-e9d9-461a-a8a5-3e052f461595,FirstNumber=818,secondNumber=789}  added by thread pool-3-thread-6
 message  {Id=a720c71d-e9d9-461a-a8a5-3e052f461595,FirstNumber=818,secondNumber=789}  written to file by thread pool-3-thread-1
 message  {Id=4a930fc3-ef40-418c-b3d4-b38d621f538f,FirstNumber=811,secondNumber=31}  added by thread pool-3-thread-6
 message  {Id=4a930fc3-ef40-418c-b3d4-b38d621f538f,FirstNumber=811,secondNumber=31}  written to file by thread pool-3-thread-1
 message  {Id=7214a950-1976-441b-821d-29b9185f2ad7,FirstNumber=999,secondNumber=566}  added by thread pool-3-thread-6
 message  {Id=7214a950-1976-441b-821d-29b9185f2ad7,FirstNumber=999,secondNumber=566}  written to file by thread pool-3-thread-5
 message  {Id=d2834c26-c774-4799-a26e-e94d55fbf6a7,FirstNumber=2,secondNumber=1423}  added by thread pool-3-thread-6
 message  {Id=d2834c26-c774-4799-a26e-e94d55fbf6a7,FirstNumber=2,secondNumber=1423}  written to file by thread pool-3-thread-5
 message  {Id=f6b52860-e74b-49e3-a2a8-4556dd899f8a,FirstNumber=104,secondNumber=735}  added by thread pool-3-thread-6
 message  {Id=f6b52860-e74b-49e3-a2a8-4556dd899f8a,FirstNumber=104,secondNumber=735}  written to file by thread pool-3-thread-3
 message  {Id=a7b185f2-8df1-4982-a671-774561a1c541,FirstNumber=940,secondNumber=1045}  added by thread pool-3-thread-6
 message  {Id=a7b185f2-8df1-4982-a671-774561a1c541,FirstNumber=940,secondNumber=1045}  written to file by thread pool-3-thread-3
 message  {Id=a085b8b7-1d4f-4aef-8193-606e596300f9,FirstNumber=716,secondNumber=1036}  added by thread pool-3-thread-6
 message  {Id=a085b8b7-1d4f-4aef-8193-606e596300f9,FirstNumber=716,secondNumber=1036}  written to file by thread pool-3-thread-1
 message  {Id=ed999bca-b6b7-44f3-8b95-30f3cd999126,FirstNumber=262,secondNumber=1601}  added by thread pool-3-thread-6
 message  {Id=ed999bca-b6b7-44f3-8b95-30f3cd999126,FirstNumber=262,secondNumber=1601}  written to file by thread pool-3-thread-4
 message  {Id=2be5fbae-a296-4404-98ca-c446df5b3823,FirstNumber=244,secondNumber=1661}  added by thread pool-3-thread-6
 message  {Id=2be5fbae-a296-4404-98ca-c446df5b3823,FirstNumber=244,secondNumber=1661}  written to file by thread pool-3-thread-5
 message  {Id=bcb90fb3-409b-4b4a-a9b2-ab16d51a7244,FirstNumber=378,secondNumber=1424}  added by thread pool-3-thread-6
 message  {Id=bcb90fb3-409b-4b4a-a9b2-ab16d51a7244,FirstNumber=378,secondNumber=1424}  written to file by thread pool-3-thread-2
 message  {Id=6cc50f5d-e0b4-463b-aa37-87d1b56aaa62,FirstNumber=992,secondNumber=1950}  added by thread pool-3-thread-6
 message  {Id=6cc50f5d-e0b4-463b-aa37-87d1b56aaa62,FirstNumber=992,secondNumber=1950}  written to file by thread pool-3-thread-3
 message  {Id=12b32762-4d26-4506-bca6-1c4a93b8edd9,FirstNumber=359,secondNumber=1032}  added by thread pool-3-thread-6
 message  {Id=12b32762-4d26-4506-bca6-1c4a93b8edd9,FirstNumber=359,secondNumber=1032}  written to file by thread pool-3-thread-3
 message  {Id=663049da-c103-4fb0-afc2-0c6d28dfcb1b,FirstNumber=424,secondNumber=181}  added by thread pool-3-thread-6
 message  {Id=663049da-c103-4fb0-afc2-0c6d28dfcb1b,FirstNumber=424,secondNumber=181}  written to file by thread pool-3-thread-4
 message  {Id=0b805eb4-be84-4709-a193-7768009ed924,FirstNumber=354,secondNumber=275}  added by thread pool-3-thread-6
 message  {Id=0b805eb4-be84-4709-a193-7768009ed924,FirstNumber=354,secondNumber=275}  written to file by thread pool-3-thread-4
 message  {Id=9454306d-45b1-437c-8da1-fcf837f6aace,FirstNumber=754,secondNumber=1633}  added by thread pool-3-thread-6
 message  {Id=9454306d-45b1-437c-8da1-fcf837f6aace,FirstNumber=754,secondNumber=1633}  written to file by thread pool-3-thread-2
 message  {Id=05e395ad-b221-4d17-a66d-897aff3a88d6,FirstNumber=469,secondNumber=748}  added by thread pool-3-thread-6
 message  {Id=05e395ad-b221-4d17-a66d-897aff3a88d6,FirstNumber=469,secondNumber=748}  written to file by thread pool-3-thread-2
 message  {Id=083bbb8a-6ea3-466f-8ac9-acb5dd9b1300,FirstNumber=203,secondNumber=120}  added by thread pool-3-thread-6
 message  {Id=083bbb8a-6ea3-466f-8ac9-acb5dd9b1300,FirstNumber=203,secondNumber=120}  written to file by thread pool-3-thread-3
 message  {Id=99605fb9-7ba6-4ed2-84ae-4c3272fce445,FirstNumber=20,secondNumber=755}  added by thread pool-3-thread-6
 message  {Id=99605fb9-7ba6-4ed2-84ae-4c3272fce445,FirstNumber=20,secondNumber=755}  written to file by thread pool-3-thread-3
 message  {Id=e3ac9318-43c4-41b1-a96d-5697245d91fc,FirstNumber=882,secondNumber=1756}  added by thread pool-3-thread-6
 message  {Id=e3ac9318-43c4-41b1-a96d-5697245d91fc,FirstNumber=882,secondNumber=1756}  written to file by thread pool-3-thread-4
 message  {Id=5eb41448-5da2-4d8b-8929-f7cb0232b982,FirstNumber=675,secondNumber=1715}  added by thread pool-3-thread-6
 message  {Id=5eb41448-5da2-4d8b-8929-f7cb0232b982,FirstNumber=675,secondNumber=1715}  written to file by thread pool-3-thread-1
 message  {Id=621f9a0b-7093-40e1-a635-160ad192a9cd,FirstNumber=832,secondNumber=715}  added by thread pool-3-thread-6
 message  {Id=621f9a0b-7093-40e1-a635-160ad192a9cd,FirstNumber=832,secondNumber=715}  written to file by thread pool-3-thread-2
 message  {Id=fb6c70af-cd9e-42a2-b727-f6903fdde9af,FirstNumber=316,secondNumber=1491}  added by thread pool-3-thread-6
 message  {Id=fb6c70af-cd9e-42a2-b727-f6903fdde9af,FirstNumber=316,secondNumber=1491}  written to file by thread pool-3-thread-2
 message  {Id=204e2998-14a3-4a45-96bd-5e0a19de7ebb,FirstNumber=208,secondNumber=192}  added by thread pool-3-thread-6
 message  {Id=204e2998-14a3-4a45-96bd-5e0a19de7ebb,FirstNumber=208,secondNumber=192}  written to file by thread pool-3-thread-3
 message  {Id=9f58c7e5-b121-4dd1-89e3-b8033a34c447,FirstNumber=517,secondNumber=1136}  added by thread pool-3-thread-6
 message  {Id=9f58c7e5-b121-4dd1-89e3-b8033a34c447,FirstNumber=517,secondNumber=1136}  written to file by thread pool-3-thread-3
 message  {Id=a991cb4d-113d-4c0a-8359-19850c332390,FirstNumber=200,secondNumber=183}  added by thread pool-3-thread-6
 message  {Id=a991cb4d-113d-4c0a-8359-19850c332390,FirstNumber=200,secondNumber=183}  written to file by thread pool-3-thread-1
 message  {Id=8816fa5e-638b-484b-a283-750345496eeb,FirstNumber=72,secondNumber=801}  added by thread pool-3-thread-6
 message  {Id=8816fa5e-638b-484b-a283-750345496eeb,FirstNumber=72,secondNumber=801}  written to file by thread pool-3-thread-1
 message  {Id=2a353b2b-70b9-419f-b04b-aebcda1a926d,FirstNumber=233,secondNumber=249}  added by thread pool-3-thread-6
 message  {Id=2a353b2b-70b9-419f-b04b-aebcda1a926d,FirstNumber=233,secondNumber=249}  written to file by thread pool-3-thread-2
 message  {Id=ffc3c262-e5aa-499a-b39d-39675ef68e44,FirstNumber=664,secondNumber=478}  added by thread pool-3-thread-6
 message  {Id=ffc3c262-e5aa-499a-b39d-39675ef68e44,FirstNumber=664,secondNumber=478}  written to file by thread pool-3-thread-2
 message  {Id=d9c82b6e-2977-492b-96ea-1f60478845ad,FirstNumber=594,secondNumber=1236}  added by thread pool-3-thread-6
 message  {Id=d9c82b6e-2977-492b-96ea-1f60478845ad,FirstNumber=594,secondNumber=1236}  written to file by thread pool-3-thread-3
 message  {Id=77dd02d4-5f3e-4099-a12e-89a9cdb48902,FirstNumber=847,secondNumber=1131}  added by thread pool-3-thread-6
 message  {Id=77dd02d4-5f3e-4099-a12e-89a9cdb48902,FirstNumber=847,secondNumber=1131}  written to file by thread pool-3-thread-5
 message  {Id=ad45359c-4e42-4f89-9fea-41a0a5a2c0a9,FirstNumber=108,secondNumber=557}  added by thread pool-3-thread-6
 message  {Id=ad45359c-4e42-4f89-9fea-41a0a5a2c0a9,FirstNumber=108,secondNumber=557}  written to file by thread pool-3-thread-1
 message  {Id=3a2b4a2b-0be4-4e7e-82e6-0d60a627fb6b,FirstNumber=0,secondNumber=1196}  added by thread pool-3-thread-6
 message  {Id=3a2b4a2b-0be4-4e7e-82e6-0d60a627fb6b,FirstNumber=0,secondNumber=1196}  written to file by thread pool-3-thread-1
 message  {Id=cfe83356-8a8e-4fbc-9ca7-d6c3c7eacd67,FirstNumber=391,secondNumber=405}  added by thread pool-3-thread-6
 message  {Id=cfe83356-8a8e-4fbc-9ca7-d6c3c7eacd67,FirstNumber=391,secondNumber=405}  written to file by thread pool-3-thread-2
 message  {Id=128ec7ba-5bb2-4c90-be86-fd957feeeffd,FirstNumber=22,secondNumber=521}  added by thread pool-3-thread-6
 message  {Id=128ec7ba-5bb2-4c90-be86-fd957feeeffd,FirstNumber=22,secondNumber=521}  written to file by thread pool-3-thread-2
 message  {Id=3e3e35a8-5df4-4ae8-8cc3-d02d142efc35,FirstNumber=537,secondNumber=66}  added by thread pool-3-thread-6
 message  {Id=3e3e35a8-5df4-4ae8-8cc3-d02d142efc35,FirstNumber=537,secondNumber=66}  written to file by thread pool-3-thread-5
 message  {Id=8ad6f00e-aa2f-4736-b538-8bba262d7d72,FirstNumber=8,secondNumber=1108}  added by thread pool-3-thread-6
 message  {Id=8ad6f00e-aa2f-4736-b538-8bba262d7d72,FirstNumber=8,secondNumber=1108}  written to file by thread pool-3-thread-4
 message  {Id=a112907a-0210-4b5a-ab64-341f4f706f7c,FirstNumber=413,secondNumber=523}  added by thread pool-3-thread-6
 message  {Id=a112907a-0210-4b5a-ab64-341f4f706f7c,FirstNumber=413,secondNumber=523}  written to file by thread pool-3-thread-1
 message  {Id=642c054f-45ce-4c12-998a-f83597cd4784,FirstNumber=362,secondNumber=238}  added by thread pool-3-thread-6
 message  {Id=642c054f-45ce-4c12-998a-f83597cd4784,FirstNumber=362,secondNumber=238}  written to file by thread pool-3-thread-3
 message  {Id=704823c5-5e7c-4acd-91f0-9c6ccd79549f,FirstNumber=254,secondNumber=1431}  added by thread pool-3-thread-6
 message  {Id=704823c5-5e7c-4acd-91f0-9c6ccd79549f,FirstNumber=254,secondNumber=1431}  written to file by thread pool-3-thread-2
 message  {Id=66aa6ac3-047f-498b-8585-b8597a3de4c6,FirstNumber=876,secondNumber=1752}  added by thread pool-3-thread-6
 message  {Id=66aa6ac3-047f-498b-8585-b8597a3de4c6,FirstNumber=876,secondNumber=1752}  written to file by thread pool-3-thread-5
 message  {Id=e61ec0c2-5b90-4c41-97f9-4c07f32b386a,FirstNumber=29,secondNumber=403}  added by thread pool-3-thread-6
 message  {Id=e61ec0c2-5b90-4c41-97f9-4c07f32b386a,FirstNumber=29,secondNumber=403}  written to file by thread pool-3-thread-4
 message  {Id=5f327812-c220-457c-9efb-3599f917751d,FirstNumber=628,secondNumber=1269}  added by thread pool-3-thread-6
 message  {Id=5f327812-c220-457c-9efb-3599f917751d,FirstNumber=628,secondNumber=1269}  written to file by thread pool-3-thread-4
 message  {Id=7f344e68-a9b3-4c01-98d4-de0a6691c183,FirstNumber=724,secondNumber=189}  added by thread pool-3-thread-6
 message  {Id=7f344e68-a9b3-4c01-98d4-de0a6691c183,FirstNumber=724,secondNumber=189}  written to file by thread pool-3-thread-3
 message  {Id=1c5752a8-29bf-4291-b823-84ba27b07e61,FirstNumber=500,secondNumber=1412}  added by thread pool-3-thread-6
 message  {Id=1c5752a8-29bf-4291-b823-84ba27b07e61,FirstNumber=500,secondNumber=1412}  written to file by thread pool-3-thread-3
 message  {Id=66aaee7d-a424-43e2-8315-3ef8801ed112,FirstNumber=745,secondNumber=805}  added by thread pool-3-thread-6
 message  {Id=66aaee7d-a424-43e2-8315-3ef8801ed112,FirstNumber=745,secondNumber=805}  written to file by thread pool-3-thread-5
 message  {Id=13f801f6-86d1-409f-a9e8-0e03e9936278,FirstNumber=588,secondNumber=479}  added by thread pool-3-thread-6
 message  {Id=13f801f6-86d1-409f-a9e8-0e03e9936278,FirstNumber=588,secondNumber=479}  written to file by thread pool-3-thread-1
 message  {Id=34f098c5-abe9-4664-8dd1-4f1205601ce2,FirstNumber=806,secondNumber=1990}  added by thread pool-3-thread-6
 message  {Id=34f098c5-abe9-4664-8dd1-4f1205601ce2,FirstNumber=806,secondNumber=1990}  written to file by thread pool-3-thread-4
 message  {Id=2e52b2c6-3b39-4e99-9b3d-3d23f1ecc0c9,FirstNumber=966,secondNumber=1985}  added by thread pool-3-thread-6
 message  {Id=2e52b2c6-3b39-4e99-9b3d-3d23f1ecc0c9,FirstNumber=966,secondNumber=1985}  written to file by thread pool-3-thread-4
 message  {Id=0b62e970-c133-4303-bb5f-141bc45e61f4,FirstNumber=467,secondNumber=1806}  added by thread pool-3-thread-6
 message  {Id=0b62e970-c133-4303-bb5f-141bc45e61f4,FirstNumber=467,secondNumber=1806}  written to file by thread pool-3-thread-3
 message  {Id=d934af52-29af-4cf6-9ea4-f3c6c086c288,FirstNumber=547,secondNumber=1319}  added by thread pool-3-thread-6
 message  {Id=d934af52-29af-4cf6-9ea4-f3c6c086c288,FirstNumber=547,secondNumber=1319}  written to file by thread pool-3-thread-5
 message  {Id=7923e2d6-1252-4b94-8ebf-8757a9619d6f,FirstNumber=660,secondNumber=423}  added by thread pool-3-thread-6
 message  {Id=7923e2d6-1252-4b94-8ebf-8757a9619d6f,FirstNumber=660,secondNumber=423}  written to file by thread pool-3-thread-5
 message  {Id=bda1d410-cb5b-4cbd-b472-f30bf22ceecd,FirstNumber=793,secondNumber=619}  added by thread pool-3-thread-6
 message  {Id=bda1d410-cb5b-4cbd-b472-f30bf22ceecd,FirstNumber=793,secondNumber=619}  written to file by thread pool-3-thread-2
 message  {Id=fd1d2be0-6f00-4a61-9856-f7a4f08423b7,FirstNumber=652,secondNumber=1769}  added by thread pool-3-thread-6
 message  {Id=fd1d2be0-6f00-4a61-9856-f7a4f08423b7,FirstNumber=652,secondNumber=1769}  written to file by thread pool-3-thread-4
 message  {Id=d11dea62-6dc6-44d7-8b62-f2ed4eb69c51,FirstNumber=372,secondNumber=1404}  added by thread pool-3-thread-6
 message  {Id=d11dea62-6dc6-44d7-8b62-f2ed4eb69c51,FirstNumber=372,secondNumber=1404}  written to file by thread pool-3-thread-4
 message  {Id=a45165b6-81cd-4436-ae0a-d30375ddaae6,FirstNumber=673,secondNumber=224}  added by thread pool-3-thread-6
 message  {Id=a45165b6-81cd-4436-ae0a-d30375ddaae6,FirstNumber=673,secondNumber=224}  written to file by thread pool-3-thread-4
 message  {Id=139f1f44-eb02-46c1-bd94-2850e57c5163,FirstNumber=386,secondNumber=365}  added by thread pool-3-thread-6
 message  {Id=139f1f44-eb02-46c1-bd94-2850e57c5163,FirstNumber=386,secondNumber=365}  written to file by thread pool-3-thread-5
 message  {Id=4a1148ec-aab6-4085-b72d-9f680c03fb0e,FirstNumber=34,secondNumber=1910}  added by thread pool-3-thread-6
 message  {Id=4a1148ec-aab6-4085-b72d-9f680c03fb0e,FirstNumber=34,secondNumber=1910}  written to file by thread pool-3-thread-2
 message  {Id=1fadbc91-cbf3-4004-9179-916b56891bdb,FirstNumber=891,secondNumber=719}  added by thread pool-3-thread-6
 message  {Id=1fadbc91-cbf3-4004-9179-916b56891bdb,FirstNumber=891,secondNumber=719}  written to file by thread pool-3-thread-2
 message  {Id=783c8bd7-7e98-433f-bfc3-cd33a946355e,FirstNumber=730,secondNumber=1157}  added by thread pool-3-thread-6
 message  {Id=783c8bd7-7e98-433f-bfc3-cd33a946355e,FirstNumber=730,secondNumber=1157}  written to file by thread pool-3-thread-1
 message  {Id=21150b67-2599-4548-832e-f0c84b3bdb4d,FirstNumber=700,secondNumber=1675}  added by thread pool-3-thread-6
 message  {Id=21150b67-2599-4548-832e-f0c84b3bdb4d,FirstNumber=700,secondNumber=1675}  written to file by thread pool-3-thread-4
 message  {Id=eadbcb11-11b1-414d-9d63-483672b48190,FirstNumber=241,secondNumber=1858}  added by thread pool-3-thread-6
 message  {Id=eadbcb11-11b1-414d-9d63-483672b48190,FirstNumber=241,secondNumber=1858}  written to file by thread pool-3-thread-5
 message  {Id=d6347e8a-a4b5-462b-9dc9-ce37f31fc851,FirstNumber=884,secondNumber=1506}  added by thread pool-3-thread-6
 message  {Id=d6347e8a-a4b5-462b-9dc9-ce37f31fc851,FirstNumber=884,secondNumber=1506}  written to file by thread pool-3-thread-5
 message  {Id=c096653b-c312-4e2e-8162-ba6ae1c7137f,FirstNumber=164,secondNumber=536}  added by thread pool-3-thread-6
 message  {Id=c096653b-c312-4e2e-8162-ba6ae1c7137f,FirstNumber=164,secondNumber=536}  written to file by thread pool-3-thread-2
 message  {Id=504443e6-0dac-49c4-a3c1-cf0e0d1169e2,FirstNumber=433,secondNumber=1907}  added by thread pool-3-thread-6
 message  {Id=504443e6-0dac-49c4-a3c1-cf0e0d1169e2,FirstNumber=433,secondNumber=1907}  written to file by thread pool-3-thread-2
 message  {Id=a777ac96-e596-4645-b922-0ec92bfc72c4,FirstNumber=155,secondNumber=933}  added by thread pool-3-thread-6
 message  {Id=a777ac96-e596-4645-b922-0ec92bfc72c4,FirstNumber=155,secondNumber=933}  written to file by thread pool-3-thread-4
 message  {Id=aed93d0d-4f21-4b22-83e6-43325e080fc3,FirstNumber=696,secondNumber=914}  added by thread pool-3-thread-6
 message  {Id=aed93d0d-4f21-4b22-83e6-43325e080fc3,FirstNumber=696,secondNumber=914}  written to file by thread pool-3-thread-4
 message  {Id=9d9540ab-bb99-486c-8105-371e5266ac6f,FirstNumber=60,secondNumber=222}  added by thread pool-3-thread-6
 message  {Id=9d9540ab-bb99-486c-8105-371e5266ac6f,FirstNumber=60,secondNumber=222}  written to file by thread pool-3-thread-5
 message  {Id=794f4560-bbbb-4b3d-9c01-2af475c1925d,FirstNumber=278,secondNumber=1972}  added by thread pool-3-thread-6
 message  {Id=794f4560-bbbb-4b3d-9c01-2af475c1925d,FirstNumber=278,secondNumber=1972}  written to file by thread pool-3-thread-5
 message  {Id=87b09b98-ce96-4c7b-b0e3-e86d71432f8e,FirstNumber=307,secondNumber=1533}  added by thread pool-3-thread-6
 message  {Id=87b09b98-ce96-4c7b-b0e3-e86d71432f8e,FirstNumber=307,secondNumber=1533}  written to file by thread pool-3-thread-2
 message  {Id=1548f642-ea6a-4854-93b0-b38e93f1094a,FirstNumber=930,secondNumber=1114}  added by thread pool-3-thread-6
 message  {Id=1548f642-ea6a-4854-93b0-b38e93f1094a,FirstNumber=930,secondNumber=1114}  written to file by thread pool-3-thread-3
 message  {Id=0a970d08-7ff0-48c7-93da-38a219a13a8f,FirstNumber=403,secondNumber=1414}  added by thread pool-3-thread-6
 message  {Id=0a970d08-7ff0-48c7-93da-38a219a13a8f,FirstNumber=403,secondNumber=1414}  written to file by thread pool-3-thread-4
 message  {Id=dfa50fc6-0a01-451b-ad0b-df8ce7349426,FirstNumber=513,secondNumber=1047}  added by thread pool-3-thread-6
 message  {Id=dfa50fc6-0a01-451b-ad0b-df8ce7349426,FirstNumber=513,secondNumber=1047}  written to file by thread pool-3-thread-4
 message  {Id=ba8efb1a-6725-4780-9342-2a158bb625aa,FirstNumber=893,secondNumber=1684}  added by thread pool-3-thread-6
 message  {Id=ba8efb1a-6725-4780-9342-2a158bb625aa,FirstNumber=893,secondNumber=1684}  written to file by thread pool-3-thread-5
 message  {Id=d0c8a40f-d080-4505-8520-76c51ee4896c,FirstNumber=262,secondNumber=148}  added by thread pool-3-thread-6
 message  {Id=d0c8a40f-d080-4505-8520-76c51ee4896c,FirstNumber=262,secondNumber=148}  written to file by thread pool-3-thread-5
 message  {Id=fa6c590b-1298-41ac-b990-e07bdf3853d9,FirstNumber=322,secondNumber=1952}  added by thread pool-3-thread-6
 message  {Id=fa6c590b-1298-41ac-b990-e07bdf3853d9,FirstNumber=322,secondNumber=1952}  written to file by thread pool-3-thread-3
 message  {Id=c0c0ea57-ade3-4112-9aa1-4c31a754e4eb,FirstNumber=885,secondNumber=1564}  added by thread pool-3-thread-6
 message  {Id=c0c0ea57-ade3-4112-9aa1-4c31a754e4eb,FirstNumber=885,secondNumber=1564}  written to file by thread pool-3-thread-3
 message  {Id=12062462-8f1f-4897-9b4e-8fde1134aeef,FirstNumber=72,secondNumber=432}  added by thread pool-3-thread-6
 message  {Id=12062462-8f1f-4897-9b4e-8fde1134aeef,FirstNumber=72,secondNumber=432}  written to file by thread pool-3-thread-4
 message  {Id=2ecfa0f4-f95d-4fc3-ab7a-d22690ff7698,FirstNumber=613,secondNumber=1376}  added by thread pool-3-thread-6
 message  {Id=2ecfa0f4-f95d-4fc3-ab7a-d22690ff7698,FirstNumber=613,secondNumber=1376}  written to file by thread pool-3-thread-4
 message  {Id=588492e2-7380-4e11-9659-4e1bed9d86f5,FirstNumber=454,secondNumber=1680}  added by thread pool-3-thread-6
 message  {Id=588492e2-7380-4e11-9659-4e1bed9d86f5,FirstNumber=454,secondNumber=1680}  written to file by thread pool-3-thread-5
 message  {Id=9a384ea4-4c89-4395-94c0-6b0e1700b745,FirstNumber=982,secondNumber=183}  added by thread pool-3-thread-6
 message  {Id=9a384ea4-4c89-4395-94c0-6b0e1700b745,FirstNumber=982,secondNumber=183}  written to file by thread pool-3-thread-1
 message  {Id=ac94b7d1-d998-42d7-a5fb-88fdea61629c,FirstNumber=697,secondNumber=1029}  added by thread pool-3-thread-6
 message  {Id=ac94b7d1-d998-42d7-a5fb-88fdea61629c,FirstNumber=697,secondNumber=1029}  written to file by thread pool-3-thread-3
 message  {Id=9f21e4ed-8620-48cc-a826-df393837cb9e,FirstNumber=96,secondNumber=1055}  added by thread pool-3-thread-6
 message  {Id=9f21e4ed-8620-48cc-a826-df393837cb9e,FirstNumber=96,secondNumber=1055}  written to file by thread pool-3-thread-3
 message  {Id=78a21982-716b-4364-83b2-3d3bf996a003,FirstNumber=799,secondNumber=875}  added by thread pool-3-thread-6
 message  {Id=78a21982-716b-4364-83b2-3d3bf996a003,FirstNumber=799,secondNumber=875}  written to file by thread pool-3-thread-4
 message  {Id=a5dfbd33-54f1-454a-a778-ac9df0377d3b,FirstNumber=807,secondNumber=1497}  added by thread pool-3-thread-6
 message  {Id=a5dfbd33-54f1-454a-a778-ac9df0377d3b,FirstNumber=807,secondNumber=1497}  written to file by thread pool-3-thread-4
 message  {Id=e574eed1-0747-420a-ac95-621dabead5f7,FirstNumber=397,secondNumber=803}  added by thread pool-3-thread-6
 message  {Id=e574eed1-0747-420a-ac95-621dabead5f7,FirstNumber=397,secondNumber=803}  written to file by thread pool-3-thread-1
 message  {Id=559f11a3-3212-426d-b88a-a3603a1aa71e,FirstNumber=138,secondNumber=882}  added by thread pool-3-thread-6
 message  {Id=559f11a3-3212-426d-b88a-a3603a1aa71e,FirstNumber=138,secondNumber=882}  written to file by thread pool-3-thread-1
 message  {Id=611c97a9-a4de-4bbc-a39e-a1b99e2aa812,FirstNumber=106,secondNumber=1956}  added by thread pool-3-thread-6
 message  {Id=611c97a9-a4de-4bbc-a39e-a1b99e2aa812,FirstNumber=106,secondNumber=1956}  written to file by thread pool-3-thread-3
 message  {Id=11ca7a33-7921-4ddc-8a2b-38bda2c5acf8,FirstNumber=634,secondNumber=1348}  added by thread pool-3-thread-6
 message  {Id=11ca7a33-7921-4ddc-8a2b-38bda2c5acf8,FirstNumber=634,secondNumber=1348}  written to file by thread pool-3-thread-3
 message  {Id=2cd47cfa-f1c4-40bd-ac68-5e441650f5ef,FirstNumber=639,secondNumber=1015}  added by thread pool-3-thread-6
 message  {Id=2cd47cfa-f1c4-40bd-ac68-5e441650f5ef,FirstNumber=639,secondNumber=1015}  written to file by thread pool-3-thread-4
 message  {Id=543c528d-4a28-4598-8c1f-71c262f25906,FirstNumber=261,secondNumber=1153}  added by thread pool-3-thread-6
 message  {Id=543c528d-4a28-4598-8c1f-71c262f25906,FirstNumber=261,secondNumber=1153}  written to file by thread pool-3-thread-2
 message  {Id=ab3c7c95-95b3-41f6-9a51-0a92c38caa9e,FirstNumber=125,secondNumber=1754}  added by thread pool-3-thread-6
 message  {Id=ab3c7c95-95b3-41f6-9a51-0a92c38caa9e,FirstNumber=125,secondNumber=1754}  written to file by thread pool-3-thread-1
 message  {Id=7de93615-c5b4-482d-8f52-99b7bc68dffa,FirstNumber=408,secondNumber=839}  added by thread pool-3-thread-6
 message  {Id=7de93615-c5b4-482d-8f52-99b7bc68dffa,FirstNumber=408,secondNumber=839}  written to file by thread pool-3-thread-5
 message  {Id=0683c734-4e78-4fdb-b845-b7cc331bba95,FirstNumber=95,secondNumber=1697}  added by thread pool-3-thread-6
 message  {Id=0683c734-4e78-4fdb-b845-b7cc331bba95,FirstNumber=95,secondNumber=1697}  written to file by thread pool-3-thread-3
 message  {Id=3d9c86e0-3267-41b6-9e11-e77fa68d8c49,FirstNumber=290,secondNumber=476}  added by thread pool-3-thread-6
 message  {Id=3d9c86e0-3267-41b6-9e11-e77fa68d8c49,FirstNumber=290,secondNumber=476}  written to file by thread pool-3-thread-3
 message  {Id=d756ab63-3fe6-40a9-b59f-b4f4259a59c2,FirstNumber=812,secondNumber=8}  added by thread pool-3-thread-6
 message  {Id=d756ab63-3fe6-40a9-b59f-b4f4259a59c2,FirstNumber=812,secondNumber=8}  written to file by thread pool-3-thread-3
 message  {Id=41618d4f-ae48-44cd-bb0e-3a03cb105f23,FirstNumber=784,secondNumber=1781}  added by thread pool-3-thread-6
 message  {Id=41618d4f-ae48-44cd-bb0e-3a03cb105f23,FirstNumber=784,secondNumber=1781}  written to file by thread pool-3-thread-1
 message  {Id=b9bdb738-a724-4b07-90a7-f3c6c2083d5c,FirstNumber=965,secondNumber=885}  added by thread pool-3-thread-6
 message  {Id=b9bdb738-a724-4b07-90a7-f3c6c2083d5c,FirstNumber=965,secondNumber=885}  written to file by thread pool-3-thread-5
 message  {Id=dae7c72c-f3d8-4d7a-98c4-d2fa5de3db36,FirstNumber=917,secondNumber=30}  added by thread pool-3-thread-6
 message  {Id=dae7c72c-f3d8-4d7a-98c4-d2fa5de3db36,FirstNumber=917,secondNumber=30}  written to file by thread pool-3-thread-5
 message  {Id=6fc2f714-ee4e-430f-a407-7d5292b99b14,FirstNumber=741,secondNumber=783}  added by thread pool-3-thread-6
 message  {Id=6fc2f714-ee4e-430f-a407-7d5292b99b14,FirstNumber=741,secondNumber=783}  written to file by thread pool-3-thread-2
 message  {Id=8a2b16b8-a6cd-433d-85b8-2078d354cbce,FirstNumber=713,secondNumber=1109}  added by thread pool-3-thread-6
 message  {Id=8a2b16b8-a6cd-433d-85b8-2078d354cbce,FirstNumber=713,secondNumber=1109}  written to file by thread pool-3-thread-3
 message  {Id=ea1f7df5-d2fb-4509-9c5f-76ac36ccd0d0,FirstNumber=111,secondNumber=1182}  added by thread pool-3-thread-6
 message  {Id=ea1f7df5-d2fb-4509-9c5f-76ac36ccd0d0,FirstNumber=111,secondNumber=1182}  written to file by thread pool-3-thread-1
 message  {Id=c6ace3c1-70a0-402a-b578-8a16db579a47,FirstNumber=694,secondNumber=408}  added by thread pool-3-thread-6
 message  {Id=c6ace3c1-70a0-402a-b578-8a16db579a47,FirstNumber=694,secondNumber=408}  written to file by thread pool-3-thread-1
 message  {Id=e4b331b8-b20e-4ff4-bd3b-22f4f9e25159,FirstNumber=737,secondNumber=199}  added by thread pool-3-thread-6
 message  {Id=e4b331b8-b20e-4ff4-bd3b-22f4f9e25159,FirstNumber=737,secondNumber=199}  written to file by thread pool-3-thread-5
 message  {Id=5580e9e6-c0f3-40ae-a400-c34e1bbfdd8e,FirstNumber=360,secondNumber=1452}  added by thread pool-3-thread-6
 message  {Id=5580e9e6-c0f3-40ae-a400-c34e1bbfdd8e,FirstNumber=360,secondNumber=1452}  written to file by thread pool-3-thread-5
 message  {Id=710fb1ca-52a1-4a64-9255-b766b38c0ff3,FirstNumber=320,secondNumber=787}  added by thread pool-3-thread-6
 message  {Id=710fb1ca-52a1-4a64-9255-b766b38c0ff3,FirstNumber=320,secondNumber=787}  written to file by thread pool-3-thread-5
 message  {Id=ded6ec18-3b87-47dd-90f7-0074300fddc4,FirstNumber=914,secondNumber=505}  added by thread pool-3-thread-6
 message  {Id=ded6ec18-3b87-47dd-90f7-0074300fddc4,FirstNumber=914,secondNumber=505}  written to file by thread pool-3-thread-5
 message  {Id=7dd4aa7c-0c77-4c82-b080-222ec3ee417e,FirstNumber=681,secondNumber=868}  added by thread pool-3-thread-6
 message  {Id=7dd4aa7c-0c77-4c82-b080-222ec3ee417e,FirstNumber=681,secondNumber=868}  written to file by thread pool-3-thread-1
 message  {Id=86f286f2-46ac-4fff-b695-7589e41fd950,FirstNumber=427,secondNumber=115}  added by thread pool-3-thread-6
 message  {Id=86f286f2-46ac-4fff-b695-7589e41fd950,FirstNumber=427,secondNumber=115}  written to file by thread pool-3-thread-1
 message  {Id=32bcb3c1-6f4a-49ce-9fa6-b2342b4c5e55,FirstNumber=940,secondNumber=585}  added by thread pool-3-thread-6
 message  {Id=32bcb3c1-6f4a-49ce-9fa6-b2342b4c5e55,FirstNumber=940,secondNumber=585}  written to file by thread pool-3-thread-3
 message  {Id=11b2e2d9-16ca-48b9-b777-6f9c065bd01b,FirstNumber=669,secondNumber=805}  added by thread pool-3-thread-6
 message  {Id=11b2e2d9-16ca-48b9-b777-6f9c065bd01b,FirstNumber=669,secondNumber=805}  written to file by thread pool-3-thread-4
 message  {Id=346bb11a-1d2a-4dcb-bb5e-d04874204d4f,FirstNumber=119,secondNumber=1171}  added by thread pool-3-thread-6
 message  {Id=346bb11a-1d2a-4dcb-bb5e-d04874204d4f,FirstNumber=119,secondNumber=1171}  written to file by thread pool-3-thread-5
 message  {Id=d544b331-e3e3-4082-8d82-c15fd55cb6a0,FirstNumber=852,secondNumber=835}  added by thread pool-3-thread-6
 message  {Id=d544b331-e3e3-4082-8d82-c15fd55cb6a0,FirstNumber=852,secondNumber=835}  written to file by thread pool-3-thread-5
 message  {Id=f1db6364-e0de-4a01-9649-09b196cd6f72,FirstNumber=655,secondNumber=1903}  added by thread pool-3-thread-6
 message  {Id=f1db6364-e0de-4a01-9649-09b196cd6f72,FirstNumber=655,secondNumber=1903}  written to file by thread pool-3-thread-1
 message  {Id=618bd317-d134-4031-b6a9-340772ba317d,FirstNumber=907,secondNumber=1482}  added by thread pool-3-thread-6
 message  {Id=618bd317-d134-4031-b6a9-340772ba317d,FirstNumber=907,secondNumber=1482}  written to file by thread pool-3-thread-3
 message  {Id=f086eee8-aba6-4196-a010-8b6a7b734d1d,FirstNumber=846,secondNumber=219}  added by thread pool-3-thread-6
 message  {Id=f086eee8-aba6-4196-a010-8b6a7b734d1d,FirstNumber=846,secondNumber=219}  written to file by thread pool-3-thread-3
 message  {Id=c65fbfd5-330c-4b37-af94-bc269f9c63b0,FirstNumber=700,secondNumber=1201}  added by thread pool-3-thread-6
 message  {Id=c65fbfd5-330c-4b37-af94-bc269f9c63b0,FirstNumber=700,secondNumber=1201}  written to file by thread pool-3-thread-2
 message  {Id=433d6743-7314-4344-b7cd-7e8258a67ea2,FirstNumber=276,secondNumber=790}  added by thread pool-3-thread-6
 message  {Id=433d6743-7314-4344-b7cd-7e8258a67ea2,FirstNumber=276,secondNumber=790}  written to file by thread pool-3-thread-5
 message  {Id=9b4eeeb0-de81-40b0-ab7b-cfa3737bc716,FirstNumber=952,secondNumber=1586}  added by thread pool-3-thread-6
 message  {Id=9b4eeeb0-de81-40b0-ab7b-cfa3737bc716,FirstNumber=952,secondNumber=1586}  written to file by thread pool-3-thread-1
 message  {Id=b0269400-acaa-4f51-831a-d1bb08f72722,FirstNumber=565,secondNumber=1917}  added by thread pool-3-thread-6
 message  {Id=b0269400-acaa-4f51-831a-d1bb08f72722,FirstNumber=565,secondNumber=1917}  written to file by thread pool-3-thread-4
 message  {Id=e5c433df-66bf-4b91-9683-ecb64721890c,FirstNumber=741,secondNumber=1405}  added by thread pool-3-thread-6
 message  {Id=e5c433df-66bf-4b91-9683-ecb64721890c,FirstNumber=741,secondNumber=1405}  written to file by thread pool-3-thread-3
 message  {Id=06d2ff51-e10f-4da9-8e1b-a628531cb666,FirstNumber=832,secondNumber=1165}  added by thread pool-3-thread-6
 message  {Id=06d2ff51-e10f-4da9-8e1b-a628531cb666,FirstNumber=832,secondNumber=1165}  written to file by thread pool-3-thread-2
 message  {Id=0ba26858-bdb6-4092-93db-408519a3b8e9,FirstNumber=590,secondNumber=673}  added by thread pool-3-thread-6
 message  {Id=0ba26858-bdb6-4092-93db-408519a3b8e9,FirstNumber=590,secondNumber=673}  written to file by thread pool-3-thread-2
 message  {Id=56eaf74e-477c-4f18-bfbe-b2e486b29ee2,FirstNumber=482,secondNumber=740}  added by thread pool-3-thread-6
 message  {Id=56eaf74e-477c-4f18-bfbe-b2e486b29ee2,FirstNumber=482,secondNumber=740}  written to file by thread pool-3-thread-1
 message  {Id=a744d327-48f5-4935-8afa-b8cb9cb6809e,FirstNumber=700,secondNumber=24}  added by thread pool-3-thread-6
 message  {Id=a744d327-48f5-4935-8afa-b8cb9cb6809e,FirstNumber=700,secondNumber=24}  written to file by thread pool-3-thread-1
 message  {Id=3fa60f65-1e16-47f5-b6e2-db7b718a8761,FirstNumber=800,secondNumber=90}  added by thread pool-3-thread-6
 message  {Id=3fa60f65-1e16-47f5-b6e2-db7b718a8761,FirstNumber=800,secondNumber=90}  written to file by thread pool-3-thread-3
 message  {Id=ef446c4d-3709-4592-8a33-bf7d1b144592,FirstNumber=84,secondNumber=1865}  added by thread pool-3-thread-6
 message  {Id=ef446c4d-3709-4592-8a33-bf7d1b144592,FirstNumber=84,secondNumber=1865}  written to file by thread pool-3-thread-3
 message  {Id=0be46b1b-cc7d-406e-b867-e6b96d698f97,FirstNumber=325,secondNumber=1442}  added by thread pool-3-thread-6
 message  {Id=0be46b1b-cc7d-406e-b867-e6b96d698f97,FirstNumber=325,secondNumber=1442}  written to file by thread pool-3-thread-2
 message  {Id=1c82ed9b-891b-46c5-9309-875557f93ca8,FirstNumber=23,secondNumber=890}  added by thread pool-3-thread-6
 message  {Id=1c82ed9b-891b-46c5-9309-875557f93ca8,FirstNumber=23,secondNumber=890}  written to file by thread pool-3-thread-2
 message  {Id=51840f70-3207-4328-b7ba-6e571c0a5db0,FirstNumber=351,secondNumber=533}  added by thread pool-3-thread-6
 message  {Id=51840f70-3207-4328-b7ba-6e571c0a5db0,FirstNumber=351,secondNumber=533}  written to file by thread pool-3-thread-1
 message  {Id=d73a418f-07f7-4de7-babc-a9029d0d5754,FirstNumber=804,secondNumber=1584}  added by thread pool-3-thread-6
 message  {Id=d73a418f-07f7-4de7-babc-a9029d0d5754,FirstNumber=804,secondNumber=1584}  written to file by thread pool-3-thread-5
 message  {Id=a1067c1c-4e73-4697-a0d0-031946be5b32,FirstNumber=428,secondNumber=1592}  added by thread pool-3-thread-6
 message  {Id=a1067c1c-4e73-4697-a0d0-031946be5b32,FirstNumber=428,secondNumber=1592}  written to file by thread pool-3-thread-3
 message  {Id=7e672685-fa52-4793-901a-562f70d119db,FirstNumber=306,secondNumber=1480}  added by thread pool-3-thread-6
 message  {Id=7e672685-fa52-4793-901a-562f70d119db,FirstNumber=306,secondNumber=1480}  written to file by thread pool-3-thread-4
 message  {Id=281300aa-65a4-447e-95bf-cf815d103629,FirstNumber=388,secondNumber=954}  added by thread pool-3-thread-6
 message  {Id=281300aa-65a4-447e-95bf-cf815d103629,FirstNumber=388,secondNumber=954}  written to file by thread pool-3-thread-4
 message  {Id=c013e7cf-6e4d-48d4-bd50-cb4943cc2af4,FirstNumber=634,secondNumber=1143}  added by thread pool-3-thread-6
 message  {Id=c013e7cf-6e4d-48d4-bd50-cb4943cc2af4,FirstNumber=634,secondNumber=1143}  written to file by thread pool-3-thread-1
 message  {Id=4b499912-7bb6-470c-9168-bf33dd962943,FirstNumber=230,secondNumber=1513}  added by thread pool-3-thread-6
 message  {Id=4b499912-7bb6-470c-9168-bf33dd962943,FirstNumber=230,secondNumber=1513}  written to file by thread pool-3-thread-5
 message  {Id=565caa17-dc68-4d24-aad7-3743b3a3fec2,FirstNumber=98,secondNumber=1428}  added by thread pool-3-thread-6
 message  {Id=565caa17-dc68-4d24-aad7-3743b3a3fec2,FirstNumber=98,secondNumber=1428}  written to file by thread pool-3-thread-5
 message  {Id=18b29280-34c0-417c-92a6-34dba4a62caa,FirstNumber=105,secondNumber=1933}  added by thread pool-3-thread-6
 message  {Id=18b29280-34c0-417c-92a6-34dba4a62caa,FirstNumber=105,secondNumber=1933}  written to file by thread pool-3-thread-2
 message  {Id=687b648e-5d7c-4385-bed0-a29ee83234db,FirstNumber=51,secondNumber=476}  added by thread pool-3-thread-6
 message  {Id=687b648e-5d7c-4385-bed0-a29ee83234db,FirstNumber=51,secondNumber=476}  written to file by thread pool-3-thread-2
 message  {Id=2b284da6-4f6e-4b65-a95b-ec645a377b92,FirstNumber=525,secondNumber=120}  added by thread pool-3-thread-6
 message  {Id=2b284da6-4f6e-4b65-a95b-ec645a377b92,FirstNumber=525,secondNumber=120}  written to file by thread pool-3-thread-1
 message  {Id=e73a9a7e-22a6-4127-8a6f-95f9e9c3ccd0,FirstNumber=844,secondNumber=24}  added by thread pool-3-thread-6
 message  {Id=e73a9a7e-22a6-4127-8a6f-95f9e9c3ccd0,FirstNumber=844,secondNumber=24}  written to file by thread pool-3-thread-3
 message  {Id=50ba2126-8c7a-4323-b223-0ece000c7faa,FirstNumber=469,secondNumber=932}  added by thread pool-3-thread-6
 message  {Id=50ba2126-8c7a-4323-b223-0ece000c7faa,FirstNumber=469,secondNumber=932}  written to file by thread pool-3-thread-5
 message  {Id=b019f7c6-ea30-4a6a-aa0a-e3d396493563,FirstNumber=481,secondNumber=776}  added by thread pool-3-thread-6
 message  {Id=b019f7c6-ea30-4a6a-aa0a-e3d396493563,FirstNumber=481,secondNumber=776}  written to file by thread pool-3-thread-5
 message  {Id=b1c39a21-e103-49b3-b833-20d6b016126a,FirstNumber=506,secondNumber=881}  added by thread pool-3-thread-6
 message  {Id=b1c39a21-e103-49b3-b833-20d6b016126a,FirstNumber=506,secondNumber=881}  written to file by thread pool-3-thread-2
 message  {Id=66e18705-caa1-4440-9b95-3bf839151f67,FirstNumber=870,secondNumber=1236}  added by thread pool-3-thread-6
 message  {Id=66e18705-caa1-4440-9b95-3bf839151f67,FirstNumber=870,secondNumber=1236}  written to file by thread pool-3-thread-2
 message  {Id=d2c456c8-9137-4521-83f7-1f9cf35a8768,FirstNumber=313,secondNumber=552}  added by thread pool-3-thread-6
 message  {Id=d2c456c8-9137-4521-83f7-1f9cf35a8768,FirstNumber=313,secondNumber=552}  written to file by thread pool-3-thread-3
 message  {Id=82ae4c75-2ba0-4cf7-8501-7aa718fabe1e,FirstNumber=734,secondNumber=613}  added by thread pool-3-thread-6
 message  {Id=82ae4c75-2ba0-4cf7-8501-7aa718fabe1e,FirstNumber=734,secondNumber=613}  written to file by thread pool-3-thread-3
 message  {Id=76b698e5-b200-4b8d-98ca-b9fe6d4a9d50,FirstNumber=67,secondNumber=1115}  added by thread pool-3-thread-6
 message  {Id=76b698e5-b200-4b8d-98ca-b9fe6d4a9d50,FirstNumber=67,secondNumber=1115}  written to file by thread pool-3-thread-5
 message  {Id=310fe42e-391d-462b-90f3-a86a96e0a2bc,FirstNumber=246,secondNumber=796}  added by thread pool-3-thread-6
 message  {Id=310fe42e-391d-462b-90f3-a86a96e0a2bc,FirstNumber=246,secondNumber=796}  written to file by thread pool-3-thread-5
 message  {Id=49f1927b-1a63-4ca3-8271-4a285b44ed4d,FirstNumber=248,secondNumber=551}  added by thread pool-3-thread-6
 message  {Id=49f1927b-1a63-4ca3-8271-4a285b44ed4d,FirstNumber=248,secondNumber=551}  written to file by thread pool-3-thread-2
 message  {Id=050d3ec8-0677-4ed5-a2eb-ddf498e9d640,FirstNumber=375,secondNumber=1950}  added by thread pool-3-thread-6
 message  {Id=050d3ec8-0677-4ed5-a2eb-ddf498e9d640,FirstNumber=375,secondNumber=1950}  written to file by thread pool-3-thread-4
 message  {Id=6ba96809-bedb-4ab1-9fa9-b0e1dbbfcd76,FirstNumber=774,secondNumber=933}  added by thread pool-3-thread-6
 message  {Id=6ba96809-bedb-4ab1-9fa9-b0e1dbbfcd76,FirstNumber=774,secondNumber=933}  written to file by thread pool-3-thread-3
 message  {Id=6bf38fbd-3e85-49c1-89a1-f4bdbb781a60,FirstNumber=658,secondNumber=406}  added by thread pool-3-thread-6
 message  {Id=6bf38fbd-3e85-49c1-89a1-f4bdbb781a60,FirstNumber=658,secondNumber=406}  written to file by thread pool-3-thread-3
 message  {Id=d8b90edd-2e56-44aa-bc9e-42d772ba98de,FirstNumber=584,secondNumber=1718}  added by thread pool-3-thread-6
 message  {Id=d8b90edd-2e56-44aa-bc9e-42d772ba98de,FirstNumber=584,secondNumber=1718}  written to file by thread pool-3-thread-5
 message  {Id=47586769-7830-4c20-8555-0e32fa1d22c0,FirstNumber=590,secondNumber=1562}  added by thread pool-3-thread-6
 message  {Id=47586769-7830-4c20-8555-0e32fa1d22c0,FirstNumber=590,secondNumber=1562}  written to file by thread pool-3-thread-5
 message  {Id=9ebf094d-66f2-4b82-8e79-68a24373cee1,FirstNumber=701,secondNumber=850}  added by thread pool-3-thread-6
 message  {Id=9ebf094d-66f2-4b82-8e79-68a24373cee1,FirstNumber=701,secondNumber=850}  written to file by thread pool-3-thread-4
 message  {Id=c64f03e8-fba9-416b-907a-b717040667ee,FirstNumber=125,secondNumber=1334}  added by thread pool-3-thread-6
 message  {Id=c64f03e8-fba9-416b-907a-b717040667ee,FirstNumber=125,secondNumber=1334}  written to file by thread pool-3-thread-4
 message  {Id=ab541a7e-f04a-4efd-aeab-2d7168769fbe,FirstNumber=771,secondNumber=897}  added by thread pool-3-thread-6
 message  {Id=ab541a7e-f04a-4efd-aeab-2d7168769fbe,FirstNumber=771,secondNumber=897}  written to file by thread pool-3-thread-3
 message  {Id=5be8e2b1-818f-43c6-ae1a-220674f45f64,FirstNumber=768,secondNumber=1024}  added by thread pool-3-thread-6
 message  {Id=5be8e2b1-818f-43c6-ae1a-220674f45f64,FirstNumber=768,secondNumber=1024}  written to file by thread pool-3-thread-3
 message  {Id=bb947103-9f2a-4a30-a1ec-6f0cf1ec8cd2,FirstNumber=697,secondNumber=1128}  added by thread pool-3-thread-6
 message  {Id=bb947103-9f2a-4a30-a1ec-6f0cf1ec8cd2,FirstNumber=697,secondNumber=1128}  written to file by thread pool-3-thread-5
 message  {Id=9879f0cf-6ea7-4de1-95b1-8dcc4f8ad9fe,FirstNumber=435,secondNumber=1295}  added by thread pool-3-thread-6
 message  {Id=9879f0cf-6ea7-4de1-95b1-8dcc4f8ad9fe,FirstNumber=435,secondNumber=1295}  written to file by thread pool-3-thread-1
 message  {Id=3a360e19-778f-4ee0-ae66-958af0518259,FirstNumber=983,secondNumber=12}  added by thread pool-3-thread-6
 message  {Id=3a360e19-778f-4ee0-ae66-958af0518259,FirstNumber=983,secondNumber=12}  written to file by thread pool-3-thread-4
 message  {Id=4f6c4894-4166-4bf6-baf9-240a90877fad,FirstNumber=739,secondNumber=924}  added by thread pool-3-thread-6
 message  {Id=4f6c4894-4166-4bf6-baf9-240a90877fad,FirstNumber=739,secondNumber=924}  written to file by thread pool-3-thread-4
 message  {Id=9b577096-bb74-4c0c-b316-c966687c6fe8,FirstNumber=730,secondNumber=53}  added by thread pool-3-thread-6
 message  {Id=9b577096-bb74-4c0c-b316-c966687c6fe8,FirstNumber=730,secondNumber=53}  written to file by thread pool-3-thread-3
 message  {Id=ea417858-0b90-4935-980d-a9900de81ab2,FirstNumber=650,secondNumber=1144}  added by thread pool-3-thread-6
 message  {Id=ea417858-0b90-4935-980d-a9900de81ab2,FirstNumber=650,secondNumber=1144}  written to file by thread pool-3-thread-3
 message  {Id=c7c25c07-8538-42e4-9fc4-1f81a91542c9,FirstNumber=181,secondNumber=523}  added by thread pool-3-thread-6
 message  {Id=c7c25c07-8538-42e4-9fc4-1f81a91542c9,FirstNumber=181,secondNumber=523}  written to file by thread pool-3-thread-3
 message  {Id=3f0a748f-0090-4742-af52-b210ea3557ca,FirstNumber=314,secondNumber=446}  added by thread pool-3-thread-6
 message  {Id=3f0a748f-0090-4742-af52-b210ea3557ca,FirstNumber=314,secondNumber=446}  written to file by thread pool-3-thread-3
 message  {Id=fd6f8efe-9259-4e3c-bd55-41910a91978f,FirstNumber=230,secondNumber=697}  added by thread pool-3-thread-6
 message  {Id=fd6f8efe-9259-4e3c-bd55-41910a91978f,FirstNumber=230,secondNumber=697}  written to file by thread pool-3-thread-4
 message  {Id=06c0bf75-1d6b-41e4-814e-75bd0ccef6cf,FirstNumber=274,secondNumber=367}  added by thread pool-3-thread-6
 message  {Id=06c0bf75-1d6b-41e4-814e-75bd0ccef6cf,FirstNumber=274,secondNumber=367}  written to file by thread pool-3-thread-4
 message  {Id=90ff6094-49fb-4a8c-acb1-a14ac90c6276,FirstNumber=303,secondNumber=1999}  added by thread pool-3-thread-6
 message  {Id=90ff6094-49fb-4a8c-acb1-a14ac90c6276,FirstNumber=303,secondNumber=1999}  written to file by thread pool-3-thread-4
 message  {Id=9d1be7bf-a030-461f-8f55-7cea2b870955,FirstNumber=51,secondNumber=213}  added by thread pool-3-thread-6
 message  {Id=9d1be7bf-a030-461f-8f55-7cea2b870955,FirstNumber=51,secondNumber=213}  written to file by thread pool-3-thread-4
 message  {Id=bb7470ee-0aaa-4135-9d5d-ea1259c10879,FirstNumber=431,secondNumber=1633}  added by thread pool-3-thread-6
 message  {Id=bb7470ee-0aaa-4135-9d5d-ea1259c10879,FirstNumber=431,secondNumber=1633}  written to file by thread pool-3-thread-3
 message  {Id=dff4e021-53f8-4514-b853-2739a20fa2d5,FirstNumber=713,secondNumber=1446}  added by thread pool-3-thread-6
 message  {Id=dff4e021-53f8-4514-b853-2739a20fa2d5,FirstNumber=713,secondNumber=1446}  written to file by thread pool-3-thread-3
 message  {Id=b58196a7-6b3b-4f8c-8028-5bef94e4b7c0,FirstNumber=225,secondNumber=843}  added by thread pool-3-thread-6
 message  {Id=b58196a7-6b3b-4f8c-8028-5bef94e4b7c0,FirstNumber=225,secondNumber=843}  written to file by thread pool-3-thread-1
 message  {Id=edadd184-c38e-4a61-9b75-94b6ff3b21b7,FirstNumber=390,secondNumber=555}  added by thread pool-3-thread-6
 message  {Id=edadd184-c38e-4a61-9b75-94b6ff3b21b7,FirstNumber=390,secondNumber=555}  written to file by thread pool-3-thread-1
 message  {Id=0977a7c4-7f05-4123-badb-b55b878c1ca3,FirstNumber=208,secondNumber=1087}  added by thread pool-3-thread-6
 message  {Id=0977a7c4-7f05-4123-badb-b55b878c1ca3,FirstNumber=208,secondNumber=1087}  written to file by thread pool-3-thread-4
 message  {Id=144349a7-23f3-4e57-aac8-32c82487439f,FirstNumber=736,secondNumber=197}  added by thread pool-3-thread-6
 message  {Id=144349a7-23f3-4e57-aac8-32c82487439f,FirstNumber=736,secondNumber=197}  written to file by thread pool-3-thread-4
 message  {Id=2235915b-7e59-41d7-a3d6-90f564aca6fd,FirstNumber=197,secondNumber=190}  added by thread pool-3-thread-6
 message  {Id=2235915b-7e59-41d7-a3d6-90f564aca6fd,FirstNumber=197,secondNumber=190}  written to file by thread pool-3-thread-3
 message  {Id=6c570414-1a76-45df-83e7-30b2ef22f4e1,FirstNumber=386,secondNumber=1325}  added by thread pool-3-thread-6
 message  {Id=6c570414-1a76-45df-83e7-30b2ef22f4e1,FirstNumber=386,secondNumber=1325}  written to file by thread pool-3-thread-3
 message  {Id=53d3ba7a-6f8a-4579-bbf9-70b698e6a1f2,FirstNumber=312,secondNumber=600}  added by thread pool-3-thread-6
 message  {Id=53d3ba7a-6f8a-4579-bbf9-70b698e6a1f2,FirstNumber=312,secondNumber=600}  written to file by thread pool-3-thread-1
 message  {Id=a58a0261-1435-4179-b99a-47c859dbe295,FirstNumber=162,secondNumber=892}  added by thread pool-3-thread-6
 message  {Id=a58a0261-1435-4179-b99a-47c859dbe295,FirstNumber=162,secondNumber=892}  written to file by thread pool-3-thread-5
 message  {Id=2726b088-6f08-43cd-8b17-aeb2edd8240d,FirstNumber=760,secondNumber=598}  added by thread pool-3-thread-6
 message  {Id=2726b088-6f08-43cd-8b17-aeb2edd8240d,FirstNumber=760,secondNumber=598}  written to file by thread pool-3-thread-4
 message  {Id=0f9e250f-2d92-4e03-93cd-9bc404432aa7,FirstNumber=8,secondNumber=29}  added by thread pool-3-thread-6
 message  {Id=0f9e250f-2d92-4e03-93cd-9bc404432aa7,FirstNumber=8,secondNumber=29}  written to file by thread pool-3-thread-2
 message  {Id=c4e8af0a-0619-44e0-8cfe-7d6605e264d8,FirstNumber=75,secondNumber=877}  added by thread pool-3-thread-6
 message  {Id=c4e8af0a-0619-44e0-8cfe-7d6605e264d8,FirstNumber=75,secondNumber=877}  written to file by thread pool-3-thread-3
 message  {Id=767bd11b-ff94-4b79-ab72-c146e55af0b7,FirstNumber=269,secondNumber=1099}  added by thread pool-3-thread-6
 message  {Id=767bd11b-ff94-4b79-ab72-c146e55af0b7,FirstNumber=269,secondNumber=1099}  written to file by thread pool-3-thread-1
 message  {Id=040c72f9-fe9e-4994-a310-66eee7df7950,FirstNumber=276,secondNumber=741}  added by thread pool-3-thread-6
 message  {Id=040c72f9-fe9e-4994-a310-66eee7df7950,FirstNumber=276,secondNumber=741}  written to file by thread pool-3-thread-1
 message  {Id=1394ada8-67ca-45b6-8b6c-7d8acbccd036,FirstNumber=848,secondNumber=348}  added by thread pool-3-thread-6
 message  {Id=1394ada8-67ca-45b6-8b6c-7d8acbccd036,FirstNumber=848,secondNumber=348}  written to file by thread pool-3-thread-4
 message  {Id=e0b1de51-47b9-4346-b154-5e58f820873c,FirstNumber=873,secondNumber=129}  added by thread pool-3-thread-6
 message  {Id=e0b1de51-47b9-4346-b154-5e58f820873c,FirstNumber=873,secondNumber=129}  written to file by thread pool-3-thread-2
 message  {Id=845f530d-8d1d-4bc5-befb-2c8165558832,FirstNumber=949,secondNumber=932}  added by thread pool-3-thread-6
 message  {Id=845f530d-8d1d-4bc5-befb-2c8165558832,FirstNumber=949,secondNumber=932}  written to file by thread pool-3-thread-2
 message  {Id=621c38d8-a6fd-4550-934c-728769317fb8,FirstNumber=231,secondNumber=244}  added by thread pool-3-thread-6
 message  {Id=621c38d8-a6fd-4550-934c-728769317fb8,FirstNumber=231,secondNumber=244}  written to file by thread pool-3-thread-5
 message  {Id=48cee90e-afd0-4c06-af88-41a1885574a9,FirstNumber=457,secondNumber=974}  added by thread pool-3-thread-6
 message  {Id=48cee90e-afd0-4c06-af88-41a1885574a9,FirstNumber=457,secondNumber=974}  written to file by thread pool-3-thread-1
 message  {Id=51e62437-1a09-48ee-83f7-2dc34e6bf99e,FirstNumber=283,secondNumber=1398}  added by thread pool-3-thread-6
 message  {Id=51e62437-1a09-48ee-83f7-2dc34e6bf99e,FirstNumber=283,secondNumber=1398}  written to file by thread pool-3-thread-4
 message  {Id=58c32159-37d0-48ea-ac2e-bdd60d3c848d,FirstNumber=716,secondNumber=161}  added by thread pool-3-thread-6
 message  {Id=58c32159-37d0-48ea-ac2e-bdd60d3c848d,FirstNumber=716,secondNumber=161}  written to file by thread pool-3-thread-4
 message  {Id=3c8b1263-31ab-41ca-ae8a-4055351d505b,FirstNumber=627,secondNumber=352}  added by thread pool-3-thread-6
 message  {Id=3c8b1263-31ab-41ca-ae8a-4055351d505b,FirstNumber=627,secondNumber=352}  written to file by thread pool-3-thread-2
 message  {Id=89fc5ff5-838e-4ab7-ab24-d4c70e57daab,FirstNumber=162,secondNumber=642}  added by thread pool-3-thread-6
 message  {Id=89fc5ff5-838e-4ab7-ab24-d4c70e57daab,FirstNumber=162,secondNumber=642}  written to file by thread pool-3-thread-2
 message  {Id=37b06a21-ae68-40cd-a13a-917d32a43879,FirstNumber=417,secondNumber=1423}  added by thread pool-3-thread-6
 message  {Id=37b06a21-ae68-40cd-a13a-917d32a43879,FirstNumber=417,secondNumber=1423}  written to file by thread pool-3-thread-1
 message  {Id=2707c854-7440-4d01-8901-553e4f7a70ef,FirstNumber=770,secondNumber=899}  added by thread pool-3-thread-6
 message  {Id=2707c854-7440-4d01-8901-553e4f7a70ef,FirstNumber=770,secondNumber=899}  written to file by thread pool-3-thread-1
 message  {Id=068e8fbf-79c7-4fd1-a693-070a48b84e57,FirstNumber=189,secondNumber=1426}  added by thread pool-3-thread-6
 message  {Id=068e8fbf-79c7-4fd1-a693-070a48b84e57,FirstNumber=189,secondNumber=1426}  written to file by thread pool-3-thread-4
 message  {Id=d685afc5-4ea1-425b-9322-4c533764f8a4,FirstNumber=900,secondNumber=1943}  added by thread pool-3-thread-6
 message  {Id=d685afc5-4ea1-425b-9322-4c533764f8a4,FirstNumber=900,secondNumber=1943}  written to file by thread pool-3-thread-4
 message  {Id=ecf3c1a3-dd3b-44d8-b80c-4b880307687c,FirstNumber=701,secondNumber=645}  added by thread pool-3-thread-6
 message  {Id=ecf3c1a3-dd3b-44d8-b80c-4b880307687c,FirstNumber=701,secondNumber=645}  written to file by thread pool-3-thread-2
 message  {Id=ccebfb5c-3887-4dc9-9120-81a7610d8608,FirstNumber=300,secondNumber=1952}  added by thread pool-3-thread-6
 message  {Id=ccebfb5c-3887-4dc9-9120-81a7610d8608,FirstNumber=300,secondNumber=1952}  written to file by thread pool-3-thread-3
 message  {Id=7362083f-3c38-41d5-beed-10e699fbaba0,FirstNumber=267,secondNumber=1509}  added by thread pool-3-thread-6
 message  {Id=7362083f-3c38-41d5-beed-10e699fbaba0,FirstNumber=267,secondNumber=1509}  written to file by thread pool-3-thread-1
 message  {Id=d2900b70-ebf4-4454-b7ec-c5d9d6d9376c,FirstNumber=999,secondNumber=1802}  added by thread pool-3-thread-6
 message  {Id=d2900b70-ebf4-4454-b7ec-c5d9d6d9376c,FirstNumber=999,secondNumber=1802}  written to file by thread pool-3-thread-1
 message  {Id=195bf4f0-f2a5-4015-bb1e-5699d55efec6,FirstNumber=608,secondNumber=959}  added by thread pool-3-thread-6
 message  {Id=195bf4f0-f2a5-4015-bb1e-5699d55efec6,FirstNumber=608,secondNumber=959}  written to file by thread pool-3-thread-4
 message  {Id=1778d4e9-903d-4784-8c30-08ec91119313,FirstNumber=242,secondNumber=1548}  added by thread pool-3-thread-6
 message  {Id=1778d4e9-903d-4784-8c30-08ec91119313,FirstNumber=242,secondNumber=1548}  written to file by thread pool-3-thread-4
 message  {Id=d0c4e989-75af-4144-b021-4a7469b7f5b0,FirstNumber=963,secondNumber=278}  added by thread pool-3-thread-6
 message  {Id=d0c4e989-75af-4144-b021-4a7469b7f5b0,FirstNumber=963,secondNumber=278}  written to file by thread pool-3-thread-3
 message  {Id=41f3ef0b-71ff-4539-a4a9-69aa430c41fb,FirstNumber=187,secondNumber=0}  added by thread pool-3-thread-6
 message  {Id=41f3ef0b-71ff-4539-a4a9-69aa430c41fb,FirstNumber=187,secondNumber=0}  written to file by thread pool-3-thread-3
 message  {Id=5726df17-8c66-4bfd-a131-b4794ac73fad,FirstNumber=115,secondNumber=178}  added by thread pool-3-thread-6
 message  {Id=5726df17-8c66-4bfd-a131-b4794ac73fad,FirstNumber=115,secondNumber=178}  written to file by thread pool-3-thread-1
 message  {Id=fdba4c95-95d9-4b95-8923-543d8e46fba9,FirstNumber=116,secondNumber=1138}  added by thread pool-3-thread-6
 message  {Id=fdba4c95-95d9-4b95-8923-543d8e46fba9,FirstNumber=116,secondNumber=1138}  written to file by thread pool-3-thread-1
 message  {Id=d159aa5b-8843-4dce-9696-4090e465375f,FirstNumber=819,secondNumber=650}  added by thread pool-3-thread-6
 message  {Id=d159aa5b-8843-4dce-9696-4090e465375f,FirstNumber=819,secondNumber=650}  written to file by thread pool-3-thread-4
 message  {Id=1d73a390-dd94-4884-b3a0-446a1bfad476,FirstNumber=527,secondNumber=613}  added by thread pool-3-thread-6
 message  {Id=1d73a390-dd94-4884-b3a0-446a1bfad476,FirstNumber=527,secondNumber=613}  written to file by thread pool-3-thread-5
 message  {Id=f8121f6d-7881-49a8-9e2f-21148bf7b788,FirstNumber=101,secondNumber=640}  added by thread pool-3-thread-6
 message  {Id=f8121f6d-7881-49a8-9e2f-21148bf7b788,FirstNumber=101,secondNumber=640}  written to file by thread pool-3-thread-3
 message  {Id=20d037d4-ff18-49f5-8023-144de253cef9,FirstNumber=648,secondNumber=576}  added by thread pool-3-thread-6
 message  {Id=20d037d4-ff18-49f5-8023-144de253cef9,FirstNumber=648,secondNumber=576}  written to file by thread pool-3-thread-3
 message  {Id=2aec287e-aaae-4a21-be25-3580a86d8bbb,FirstNumber=487,secondNumber=1298}  added by thread pool-3-thread-6
 message  {Id=2aec287e-aaae-4a21-be25-3580a86d8bbb,FirstNumber=487,secondNumber=1298}  written to file by thread pool-3-thread-1
 message  {Id=6e0264c1-8209-468c-9a70-79b4db38b28c,FirstNumber=949,secondNumber=1433}  added by thread pool-3-thread-6
 message  {Id=6e0264c1-8209-468c-9a70-79b4db38b28c,FirstNumber=949,secondNumber=1433}  written to file by thread pool-3-thread-1
 message  {Id=f6079c43-1f16-4768-a7a0-e19ba908891a,FirstNumber=88,secondNumber=1410}  added by thread pool-3-thread-6
 message  {Id=f6079c43-1f16-4768-a7a0-e19ba908891a,FirstNumber=88,secondNumber=1410}  written to file by thread pool-3-thread-5
 message  {Id=c40680e8-c3d0-4d04-be89-2c332fd3c7ec,FirstNumber=341,secondNumber=1094}  added by thread pool-3-thread-6
 message  {Id=c40680e8-c3d0-4d04-be89-2c332fd3c7ec,FirstNumber=341,secondNumber=1094}  written to file by thread pool-3-thread-5
 message  {Id=618078fe-82ab-40cf-a64c-f137628b4939,FirstNumber=861,secondNumber=434}  added by thread pool-3-thread-6
 message  {Id=618078fe-82ab-40cf-a64c-f137628b4939,FirstNumber=861,secondNumber=434}  written to file by thread pool-3-thread-3
 message  {Id=44793dfa-9d9f-4623-9ee0-5c397e3f289b,FirstNumber=695,secondNumber=1486}  added by thread pool-3-thread-6
 message  {Id=44793dfa-9d9f-4623-9ee0-5c397e3f289b,FirstNumber=695,secondNumber=1486}  written to file by thread pool-3-thread-3
 message  {Id=6384c47c-b633-4cb1-980d-dad4c6ed0b51,FirstNumber=260,secondNumber=854}  added by thread pool-3-thread-6
 message  {Id=6384c47c-b633-4cb1-980d-dad4c6ed0b51,FirstNumber=260,secondNumber=854}  written to file by thread pool-3-thread-1
 message  {Id=4c0faea7-799a-4c1e-9da4-8338c2a12251,FirstNumber=100,secondNumber=1307}  added by thread pool-3-thread-6
 message  {Id=4c0faea7-799a-4c1e-9da4-8338c2a12251,FirstNumber=100,secondNumber=1307}  written to file by thread pool-3-thread-2
 message  {Id=7afcb088-7aeb-4c19-9b68-131a65cce419,FirstNumber=438,secondNumber=917}  added by thread pool-3-thread-6
 message  {Id=7afcb088-7aeb-4c19-9b68-131a65cce419,FirstNumber=438,secondNumber=917}  written to file by thread pool-3-thread-5
 message  {Id=972472b6-4fe7-4290-8c84-98469530b97e,FirstNumber=274,secondNumber=596}  added by thread pool-3-thread-6
 message  {Id=972472b6-4fe7-4290-8c84-98469530b97e,FirstNumber=274,secondNumber=596}  written to file by thread pool-3-thread-5
 message  {Id=520318af-35e5-4558-a9fb-c866c4162b8e,FirstNumber=568,secondNumber=1604}  added by thread pool-3-thread-6
 message  {Id=520318af-35e5-4558-a9fb-c866c4162b8e,FirstNumber=568,secondNumber=1604}  written to file by thread pool-3-thread-3
 message  {Id=28a8153f-7d0a-4389-b1e2-10a3a804b280,FirstNumber=805,secondNumber=1880}  added by thread pool-3-thread-6
 message  {Id=28a8153f-7d0a-4389-b1e2-10a3a804b280,FirstNumber=805,secondNumber=1880}  written to file by thread pool-3-thread-1
 message  {Id=fb27d6f4-a1ea-4bbe-9392-98741d1510ae,FirstNumber=393,secondNumber=963}  added by thread pool-3-thread-6
 message  {Id=fb27d6f4-a1ea-4bbe-9392-98741d1510ae,FirstNumber=393,secondNumber=963}  written to file by thread pool-3-thread-1
 message  {Id=180a3c0a-1eb7-4364-a368-ef5cb3323783,FirstNumber=978,secondNumber=599}  added by thread pool-3-thread-6
 message  {Id=180a3c0a-1eb7-4364-a368-ef5cb3323783,FirstNumber=978,secondNumber=599}  written to file by thread pool-3-thread-4
 message  {Id=a3b3b82f-f5e7-462a-bb34-e40f5c232a3c,FirstNumber=415,secondNumber=1655}  added by thread pool-3-thread-6
 message  {Id=a3b3b82f-f5e7-462a-bb34-e40f5c232a3c,FirstNumber=415,secondNumber=1655}  written to file by thread pool-3-thread-5
 message  {Id=a429bb7d-4513-4c7f-b890-8b0881257910,FirstNumber=877,secondNumber=769}  added by thread pool-3-thread-6
 message  {Id=a429bb7d-4513-4c7f-b890-8b0881257910,FirstNumber=877,secondNumber=769}  written to file by thread pool-3-thread-5
 message  {Id=46ec17b3-4f63-4e0a-a151-3dc6e44b0ef8,FirstNumber=74,secondNumber=1761}  added by thread pool-3-thread-6
 message  {Id=46ec17b3-4f63-4e0a-a151-3dc6e44b0ef8,FirstNumber=74,secondNumber=1761}  written to file by thread pool-3-thread-2
 message  {Id=3f742d76-8196-47e4-b221-19e1236871c7,FirstNumber=190,secondNumber=606}  added by thread pool-3-thread-6
 message  {Id=3f742d76-8196-47e4-b221-19e1236871c7,FirstNumber=190,secondNumber=606}  written to file by thread pool-3-thread-1
 message  {Id=d687789f-755d-41db-b9e7-513ba1ea3f9a,FirstNumber=211,secondNumber=997}  added by thread pool-3-thread-6
 message  {Id=d687789f-755d-41db-b9e7-513ba1ea3f9a,FirstNumber=211,secondNumber=997}  written to file by thread pool-3-thread-4
 message  {Id=dda14b53-27c4-4b4a-b88e-2309903b78cb,FirstNumber=909,secondNumber=1857}  added by thread pool-3-thread-6
 message  {Id=dda14b53-27c4-4b4a-b88e-2309903b78cb,FirstNumber=909,secondNumber=1857}  written to file by thread pool-3-thread-4
 message  {Id=b12b7c85-e10d-4c5e-be9e-fb6e41cce680,FirstNumber=394,secondNumber=1183}  added by thread pool-3-thread-6
 message  {Id=b12b7c85-e10d-4c5e-be9e-fb6e41cce680,FirstNumber=394,secondNumber=1183}  written to file by thread pool-3-thread-5
 message  {Id=e7d9fe39-2cb9-4721-86f9-355696ef2506,FirstNumber=168,secondNumber=553}  added by thread pool-3-thread-6
 message  {Id=e7d9fe39-2cb9-4721-86f9-355696ef2506,FirstNumber=168,secondNumber=553}  written to file by thread pool-3-thread-5
 message  {Id=c2b91007-8afb-4933-abdc-1f939001262e,FirstNumber=243,secondNumber=1547}  added by thread pool-3-thread-6
 message  {Id=c2b91007-8afb-4933-abdc-1f939001262e,FirstNumber=243,secondNumber=1547}  written to file by thread pool-3-thread-1
 message  {Id=d1018522-e336-4f2e-8567-5c1770afc611,FirstNumber=223,secondNumber=1556}  added by thread pool-3-thread-6
 message  {Id=d1018522-e336-4f2e-8567-5c1770afc611,FirstNumber=223,secondNumber=1556}  written to file by thread pool-3-thread-1
 message  {Id=e468a245-3b78-492c-b40c-42de7416b9f3,FirstNumber=907,secondNumber=444}  added by thread pool-3-thread-6
 message  {Id=e468a245-3b78-492c-b40c-42de7416b9f3,FirstNumber=907,secondNumber=444}  written to file by thread pool-3-thread-4
 message  {Id=77245f7a-a430-4039-a39f-0cd94678b570,FirstNumber=767,secondNumber=1079}  added by thread pool-3-thread-6
 message  {Id=77245f7a-a430-4039-a39f-0cd94678b570,FirstNumber=767,secondNumber=1079}  written to file by thread pool-3-thread-4
 message  {Id=5f99e7f3-c4af-4322-bd14-8e1c95f17425,FirstNumber=331,secondNumber=1773}  added by thread pool-3-thread-6
 message  {Id=5f99e7f3-c4af-4322-bd14-8e1c95f17425,FirstNumber=331,secondNumber=1773}  written to file by thread pool-3-thread-5
 message  {Id=38bb0ea4-ae19-4d45-a398-beb41736c97c,FirstNumber=400,secondNumber=751}  added by thread pool-3-thread-6
 message  {Id=38bb0ea4-ae19-4d45-a398-beb41736c97c,FirstNumber=400,secondNumber=751}  written to file by thread pool-3-thread-3
 message  {Id=83abdacf-c0b5-4de6-a74d-e2b26dc88349,FirstNumber=137,secondNumber=1841}  added by thread pool-3-thread-6
 message  {Id=83abdacf-c0b5-4de6-a74d-e2b26dc88349,FirstNumber=137,secondNumber=1841}  written to file by thread pool-3-thread-1
 message  {Id=0cf07009-ad76-4552-b931-3fc11039d697,FirstNumber=852,secondNumber=921}  added by thread pool-3-thread-6
 message  {Id=0cf07009-ad76-4552-b931-3fc11039d697,FirstNumber=852,secondNumber=921}  written to file by thread pool-3-thread-1
 message  {Id=2378f93f-cb48-42d4-aba3-8e7eba1b4634,FirstNumber=407,secondNumber=591}  added by thread pool-3-thread-6
 message  {Id=2378f93f-cb48-42d4-aba3-8e7eba1b4634,FirstNumber=407,secondNumber=591}  written to file by thread pool-3-thread-4
 message  {Id=812defae-f6d5-497f-b0fc-cebf65780cba,FirstNumber=363,secondNumber=1987}  added by thread pool-3-thread-6
 message  {Id=812defae-f6d5-497f-b0fc-cebf65780cba,FirstNumber=363,secondNumber=1987}  written to file by thread pool-3-thread-4
 message  {Id=e77e138f-7a94-4eef-997d-aacaaec789bb,FirstNumber=187,secondNumber=1325}  added by thread pool-3-thread-6
 message  {Id=e77e138f-7a94-4eef-997d-aacaaec789bb,FirstNumber=187,secondNumber=1325}  written to file by thread pool-3-thread-3
 message  {Id=9ff247c5-6018-415b-b923-25248cc0e203,FirstNumber=872,secondNumber=329}  added by thread pool-3-thread-6
 message  {Id=9ff247c5-6018-415b-b923-25248cc0e203,FirstNumber=872,secondNumber=329}  written to file by thread pool-3-thread-3
 message  {Id=eeb0ada2-7bf4-4c46-9841-5b4b68ebf37d,FirstNumber=12,secondNumber=1432}  added by thread pool-3-thread-6
 message  {Id=eeb0ada2-7bf4-4c46-9841-5b4b68ebf37d,FirstNumber=12,secondNumber=1432}  written to file by thread pool-3-thread-1
 message  {Id=00fbd361-33b0-46f8-9d52-67943844c3fd,FirstNumber=352,secondNumber=633}  added by thread pool-3-thread-6
 message  {Id=00fbd361-33b0-46f8-9d52-67943844c3fd,FirstNumber=352,secondNumber=633}  written to file by thread pool-3-thread-1
 message  {Id=a89e1ab2-630d-414d-8a31-84f44c6dc16e,FirstNumber=871,secondNumber=1914}  added by thread pool-3-thread-6
 message  {Id=a89e1ab2-630d-414d-8a31-84f44c6dc16e,FirstNumber=871,secondNumber=1914}  written to file by thread pool-3-thread-4
 message  {Id=d3ceb641-90f5-4ae3-99c6-dba76222a678,FirstNumber=450,secondNumber=287}  added by thread pool-3-thread-6
 message  {Id=d3ceb641-90f5-4ae3-99c6-dba76222a678,FirstNumber=450,secondNumber=287}  written to file by thread pool-3-thread-2
 message  {Id=c8596d10-2ecc-4816-99fc-a8fe852b26f6,FirstNumber=968,secondNumber=628}  added by thread pool-3-thread-6
 message  {Id=c8596d10-2ecc-4816-99fc-a8fe852b26f6,FirstNumber=968,secondNumber=628}  written to file by thread pool-3-thread-3
 message  {Id=73525350-7c52-4bd7-9ce8-fd9f3eb225da,FirstNumber=137,secondNumber=1572}  added by thread pool-3-thread-6
 message  {Id=73525350-7c52-4bd7-9ce8-fd9f3eb225da,FirstNumber=137,secondNumber=1572}  written to file by thread pool-3-thread-3
 message  {Id=bc28a2ad-84ce-4f3c-9269-994a0de5db81,FirstNumber=23,secondNumber=616}  added by thread pool-3-thread-6
 message  {Id=bc28a2ad-84ce-4f3c-9269-994a0de5db81,FirstNumber=23,secondNumber=616}  written to file by thread pool-3-thread-1
 message  {Id=52e66198-dcca-40b6-b042-95db9ea0da04,FirstNumber=580,secondNumber=786}  added by thread pool-3-thread-6
 message  {Id=52e66198-dcca-40b6-b042-95db9ea0da04,FirstNumber=580,secondNumber=786}  written to file by thread pool-3-thread-1
 message  {Id=38361fcb-fde8-4bcd-80be-776aaf170287,FirstNumber=370,secondNumber=617}  added by thread pool-3-thread-6
 message  {Id=38361fcb-fde8-4bcd-80be-776aaf170287,FirstNumber=370,secondNumber=617}  written to file by thread pool-3-thread-2
 message  {Id=34f6a198-9e76-4138-bb33-3b15a0d82ffa,FirstNumber=991,secondNumber=1550}  added by thread pool-3-thread-6
 message  {Id=34f6a198-9e76-4138-bb33-3b15a0d82ffa,FirstNumber=991,secondNumber=1550}  written to file by thread pool-3-thread-2
 message  {Id=87af5f91-1c78-4a1e-bd77-3eb8083019eb,FirstNumber=969,secondNumber=395}  added by thread pool-3-thread-6
 message  {Id=87af5f91-1c78-4a1e-bd77-3eb8083019eb,FirstNumber=969,secondNumber=395}  written to file by thread pool-3-thread-3
 message  {Id=3a3487d3-0ee9-4905-b3fe-ae2883514ab7,FirstNumber=822,secondNumber=421}  added by thread pool-3-thread-6
 message  {Id=3a3487d3-0ee9-4905-b3fe-ae2883514ab7,FirstNumber=822,secondNumber=421}  written to file by thread pool-3-thread-3
 message  {Id=36c10b97-4088-4dcb-a405-300f19c862ad,FirstNumber=176,secondNumber=722}  added by thread pool-3-thread-6
 message  {Id=36c10b97-4088-4dcb-a405-300f19c862ad,FirstNumber=176,secondNumber=722}  written to file by thread pool-3-thread-1
 message  {Id=5b97eac1-8c43-4542-955e-a007bf977a5b,FirstNumber=215,secondNumber=1039}  added by thread pool-3-thread-6
 message  {Id=5b97eac1-8c43-4542-955e-a007bf977a5b,FirstNumber=215,secondNumber=1039}  written to file by thread pool-3-thread-1
 message  {Id=cc2fd2a8-39c7-4c27-94f1-0b8748ce094e,FirstNumber=165,secondNumber=317}  added by thread pool-3-thread-6
 message  {Id=cc2fd2a8-39c7-4c27-94f1-0b8748ce094e,FirstNumber=165,secondNumber=317}  written to file by thread pool-3-thread-2
 message  {Id=9d13d36e-daa8-4a1b-8343-2b9c3f7cbed7,FirstNumber=138,secondNumber=1297}  added by thread pool-3-thread-6
 message  {Id=9d13d36e-daa8-4a1b-8343-2b9c3f7cbed7,FirstNumber=138,secondNumber=1297}  written to file by thread pool-3-thread-2
 message  {Id=5d775f6c-5253-4c9b-9f3b-c4167df8ed6d,FirstNumber=787,secondNumber=478}  added by thread pool-3-thread-6
 message  {Id=5d775f6c-5253-4c9b-9f3b-c4167df8ed6d,FirstNumber=787,secondNumber=478}  written to file by thread pool-3-thread-3
 message  {Id=db8768fb-83c2-4067-81e5-4a0684f4611e,FirstNumber=546,secondNumber=1095}  added by thread pool-3-thread-6
 message  {Id=db8768fb-83c2-4067-81e5-4a0684f4611e,FirstNumber=546,secondNumber=1095}  written to file by thread pool-3-thread-3
 message  {Id=12153d6a-91ed-4131-b612-3f997c34086a,FirstNumber=458,secondNumber=1507}  added by thread pool-3-thread-6
 message  {Id=12153d6a-91ed-4131-b612-3f997c34086a,FirstNumber=458,secondNumber=1507}  written to file by thread pool-3-thread-1
 message  {Id=8103b9bd-e8c6-432d-8631-6a717ecdf306,FirstNumber=920,secondNumber=1822}  added by thread pool-3-thread-6
 message  {Id=8103b9bd-e8c6-432d-8631-6a717ecdf306,FirstNumber=920,secondNumber=1822}  written to file by thread pool-3-thread-1
 message  {Id=be7c3706-81f2-4986-a1a8-1508217bee1a,FirstNumber=300,secondNumber=429}  added by thread pool-3-thread-6
 message  {Id=be7c3706-81f2-4986-a1a8-1508217bee1a,FirstNumber=300,secondNumber=429}  written to file by thread pool-3-thread-2
 message  {Id=2a70f76b-eeb9-47b8-8342-339b94943f31,FirstNumber=57,secondNumber=384}  added by thread pool-3-thread-6
 message  {Id=2a70f76b-eeb9-47b8-8342-339b94943f31,FirstNumber=57,secondNumber=384}  written to file by thread pool-3-thread-5
 message  {Id=7340006d-fe45-4019-ad50-f737a6ccd056,FirstNumber=653,secondNumber=206}  added by thread pool-3-thread-6
 message  {Id=7340006d-fe45-4019-ad50-f737a6ccd056,FirstNumber=653,secondNumber=206}  written to file by thread pool-3-thread-3
 message  {Id=11fa9c7b-5a49-4f89-851c-bdc43601641c,FirstNumber=658,secondNumber=1789}  added by thread pool-3-thread-6
 message  {Id=11fa9c7b-5a49-4f89-851c-bdc43601641c,FirstNumber=658,secondNumber=1789}  written to file by thread pool-3-thread-4
 message  {Id=f8489874-498b-49fd-a2f8-6017af5fd38e,FirstNumber=53,secondNumber=1846}  added by thread pool-3-thread-6
 message  {Id=f8489874-498b-49fd-a2f8-6017af5fd38e,FirstNumber=53,secondNumber=1846}  written to file by thread pool-3-thread-4
 message  {Id=7fc5deb6-0b9f-4431-87bd-820648e8daa7,FirstNumber=423,secondNumber=805}  added by thread pool-3-thread-6
 message  {Id=7fc5deb6-0b9f-4431-87bd-820648e8daa7,FirstNumber=423,secondNumber=805}  written to file by thread pool-3-thread-2
 message  {Id=8d5fbee6-ec4b-46ac-bbfd-2799b84362ab,FirstNumber=171,secondNumber=188}  added by thread pool-3-thread-6
 message  {Id=8d5fbee6-ec4b-46ac-bbfd-2799b84362ab,FirstNumber=171,secondNumber=188}  written to file by thread pool-3-thread-5
 message  {Id=d71abe0c-477f-452e-897c-c312f08e9ae8,FirstNumber=636,secondNumber=262}  added by thread pool-3-thread-6
 message  {Id=d71abe0c-477f-452e-897c-c312f08e9ae8,FirstNumber=636,secondNumber=262}  written to file by thread pool-3-thread-5
 message  {Id=8e645895-335d-4434-b79d-997885fe32fc,FirstNumber=145,secondNumber=455}  added by thread pool-3-thread-6
 message  {Id=8e645895-335d-4434-b79d-997885fe32fc,FirstNumber=145,secondNumber=455}  written to file by thread pool-3-thread-1
 message  {Id=df075214-c977-40ce-9c1c-3c85de4882e5,FirstNumber=34,secondNumber=259}  added by thread pool-3-thread-6
 message  {Id=df075214-c977-40ce-9c1c-3c85de4882e5,FirstNumber=34,secondNumber=259}  written to file by thread pool-3-thread-1
 message  {Id=4e93fe42-6f10-4b77-88d1-f915a6882e99,FirstNumber=709,secondNumber=1672}  added by thread pool-3-thread-6
 message  {Id=4e93fe42-6f10-4b77-88d1-f915a6882e99,FirstNumber=709,secondNumber=1672}  written to file by thread pool-3-thread-2
 message  {Id=c3cdec90-7f82-4fa7-b961-2bdaba5e0dd7,FirstNumber=555,secondNumber=1733}  added by thread pool-3-thread-6
 message  {Id=c3cdec90-7f82-4fa7-b961-2bdaba5e0dd7,FirstNumber=555,secondNumber=1733}  written to file by thread pool-3-thread-3
 message  {Id=b8317ffb-b361-4da5-8b89-a43a439557d3,FirstNumber=920,secondNumber=1960}  added by thread pool-3-thread-6
 message  {Id=b8317ffb-b361-4da5-8b89-a43a439557d3,FirstNumber=920,secondNumber=1960}  written to file by thread pool-3-thread-5
 message  {Id=767272f1-0db3-4ae6-a976-c753577a6d12,FirstNumber=195,secondNumber=693}  added by thread pool-3-thread-6
 message  {Id=767272f1-0db3-4ae6-a976-c753577a6d12,FirstNumber=195,secondNumber=693}  written to file by thread pool-3-thread-4
 message  {Id=af78e525-ce68-4eb5-9867-485e27afcbb1,FirstNumber=706,secondNumber=1715}  added by thread pool-3-thread-6
 message  {Id=af78e525-ce68-4eb5-9867-485e27afcbb1,FirstNumber=706,secondNumber=1715}  written to file by thread pool-3-thread-1
 message  {Id=bc748a06-ffc5-4b9d-91ec-6272e5ff98b4,FirstNumber=261,secondNumber=1812}  added by thread pool-3-thread-6
 message  {Id=bc748a06-ffc5-4b9d-91ec-6272e5ff98b4,FirstNumber=261,secondNumber=1812}  written to file by thread pool-3-thread-1
 message  {Id=5458a99f-ec48-4db0-83ac-501d17c8863f,FirstNumber=283,secondNumber=1640}  added by thread pool-3-thread-6
 message  {Id=5458a99f-ec48-4db0-83ac-501d17c8863f,FirstNumber=283,secondNumber=1640}  written to file by thread pool-3-thread-3
 message  {Id=70ceeb3d-e3ed-496e-ad5a-ce872abb4b46,FirstNumber=684,secondNumber=3}  added by thread pool-3-thread-6
 message  {Id=70ceeb3d-e3ed-496e-ad5a-ce872abb4b46,FirstNumber=684,secondNumber=3}  written to file by thread pool-3-thread-3
 message  {Id=4d1f8d58-6527-4f89-a2da-5ed5052b9f97,FirstNumber=429,secondNumber=619}  added by thread pool-3-thread-6
 message  {Id=4d1f8d58-6527-4f89-a2da-5ed5052b9f97,FirstNumber=429,secondNumber=619}  written to file by thread pool-3-thread-3
 message  {Id=d6e56d8d-33d4-4463-a80d-961315a23482,FirstNumber=619,secondNumber=392}  added by thread pool-3-thread-6
 message  {Id=d6e56d8d-33d4-4463-a80d-961315a23482,FirstNumber=619,secondNumber=392}  written to file by thread pool-3-thread-2
 message  {Id=6f1370eb-7651-4048-8a3a-e518680ebbe3,FirstNumber=433,secondNumber=1029}  added by thread pool-3-thread-6
 message  {Id=6f1370eb-7651-4048-8a3a-e518680ebbe3,FirstNumber=433,secondNumber=1029}  written to file by thread pool-3-thread-1
 message  {Id=4ab77dce-0072-45cf-bd55-8400cd3ed503,FirstNumber=922,secondNumber=577}  added by thread pool-3-thread-6
 message  {Id=4ab77dce-0072-45cf-bd55-8400cd3ed503,FirstNumber=922,secondNumber=577}  written to file by thread pool-3-thread-5
 message  {Id=3d0c4aa1-eb09-41c2-a205-035005cb3df9,FirstNumber=744,secondNumber=1094}  added by thread pool-3-thread-6
 message  {Id=3d0c4aa1-eb09-41c2-a205-035005cb3df9,FirstNumber=744,secondNumber=1094}  written to file by thread pool-3-thread-4
 message  {Id=6116eace-a6d2-4db3-b29b-3a4aceb37ed6,FirstNumber=970,secondNumber=402}  added by thread pool-3-thread-6
 message  {Id=6116eace-a6d2-4db3-b29b-3a4aceb37ed6,FirstNumber=970,secondNumber=402}  written to file by thread pool-3-thread-3
 message  {Id=e35e8744-443b-4779-9381-5077dd02bbb5,FirstNumber=428,secondNumber=1864}  added by thread pool-3-thread-6
 message  {Id=e35e8744-443b-4779-9381-5077dd02bbb5,FirstNumber=428,secondNumber=1864}  written to file by thread pool-3-thread-2
 message  {Id=0972f34c-fb8b-4c39-ad2a-992c0c118cf6,FirstNumber=478,secondNumber=747}  added by thread pool-3-thread-6
 message  {Id=0972f34c-fb8b-4c39-ad2a-992c0c118cf6,FirstNumber=478,secondNumber=747}  written to file by thread pool-3-thread-2
 message  {Id=2b666343-b7b7-4755-a60f-0236d8b595c9,FirstNumber=774,secondNumber=498}  added by thread pool-3-thread-6
 message  {Id=2b666343-b7b7-4755-a60f-0236d8b595c9,FirstNumber=774,secondNumber=498}  written to file by thread pool-3-thread-5
 message  {Id=d53eb6c3-4372-4d71-bc4f-7a071c3f518e,FirstNumber=917,secondNumber=1632}  added by thread pool-3-thread-6
 message  {Id=d53eb6c3-4372-4d71-bc4f-7a071c3f518e,FirstNumber=917,secondNumber=1632}  written to file by thread pool-3-thread-5
 message  {Id=0935853e-532a-427e-83a4-1fe5f0050b12,FirstNumber=579,secondNumber=1074}  added by thread pool-3-thread-6
 message  {Id=0935853e-532a-427e-83a4-1fe5f0050b12,FirstNumber=579,secondNumber=1074}  written to file by thread pool-3-thread-3
 message  {Id=8a25dbb1-ca91-43dd-9022-11766c5bf6bf,FirstNumber=917,secondNumber=345}  added by thread pool-3-thread-6
 message  {Id=8a25dbb1-ca91-43dd-9022-11766c5bf6bf,FirstNumber=917,secondNumber=345}  written to file by thread pool-3-thread-3
 message  {Id=94a83c84-790c-490d-8a35-58f868488413,FirstNumber=527,secondNumber=160}  added by thread pool-3-thread-6
 message  {Id=94a83c84-790c-490d-8a35-58f868488413,FirstNumber=527,secondNumber=160}  written to file by thread pool-3-thread-2
 message  {Id=286355c5-6eda-40f2-b83d-3492b823a2dc,FirstNumber=473,secondNumber=382}  added by thread pool-3-thread-6
 message  {Id=286355c5-6eda-40f2-b83d-3492b823a2dc,FirstNumber=473,secondNumber=382}  written to file by thread pool-3-thread-2
 message  {Id=1f8fb11f-24ce-44b5-b0be-0bd3e6db71f5,FirstNumber=997,secondNumber=1223}  added by thread pool-3-thread-6
 message  {Id=1f8fb11f-24ce-44b5-b0be-0bd3e6db71f5,FirstNumber=997,secondNumber=1223}  written to file by thread pool-3-thread-5
 message  {Id=e5ba8a41-5765-4270-8ddc-64c53819b7de,FirstNumber=450,secondNumber=606}  added by thread pool-3-thread-6
 message  {Id=e5ba8a41-5765-4270-8ddc-64c53819b7de,FirstNumber=450,secondNumber=606}  written to file by thread pool-3-thread-1
 message  {Id=8dcff6a2-88d6-4106-a138-903c2c384a51,FirstNumber=921,secondNumber=1234}  added by thread pool-3-thread-6
 message  {Id=8dcff6a2-88d6-4106-a138-903c2c384a51,FirstNumber=921,secondNumber=1234}  written to file by thread pool-3-thread-3
 message  {Id=87a7c1a0-2fb1-442a-9c59-a2edc7b9f71d,FirstNumber=148,secondNumber=559}  added by thread pool-3-thread-6
 message  {Id=87a7c1a0-2fb1-442a-9c59-a2edc7b9f71d,FirstNumber=148,secondNumber=559}  written to file by thread pool-3-thread-3
 message  {Id=07c4d538-1f38-40d5-bca9-242b9ade1743,FirstNumber=65,secondNumber=787}  added by thread pool-3-thread-6
 message  {Id=07c4d538-1f38-40d5-bca9-242b9ade1743,FirstNumber=65,secondNumber=787}  written to file by thread pool-3-thread-2
 message  {Id=9d48caec-076f-4de0-a8e9-bfe08fd43f6f,FirstNumber=973,secondNumber=687}  added by thread pool-3-thread-6
 message  {Id=9d48caec-076f-4de0-a8e9-bfe08fd43f6f,FirstNumber=973,secondNumber=687}  written to file by thread pool-3-thread-2
 message  {Id=844b1067-9306-41b1-b8e1-172ce1db6c99,FirstNumber=333,secondNumber=1949}  added by thread pool-3-thread-6
 message  {Id=844b1067-9306-41b1-b8e1-172ce1db6c99,FirstNumber=333,secondNumber=1949}  written to file by thread pool-3-thread-1
 message  {Id=b6c7a40c-d9fc-4d1c-955c-ebe028770615,FirstNumber=116,secondNumber=1891}  added by thread pool-3-thread-6
 message  {Id=b6c7a40c-d9fc-4d1c-955c-ebe028770615,FirstNumber=116,secondNumber=1891}  written to file by thread pool-3-thread-1
 message  {Id=54df77ab-f1a5-453c-9f50-14a43b33e7a1,FirstNumber=375,secondNumber=252}  added by thread pool-3-thread-6
 message  {Id=54df77ab-f1a5-453c-9f50-14a43b33e7a1,FirstNumber=375,secondNumber=252}  written to file by thread pool-3-thread-3
 message  {Id=33820cd0-dd86-497b-8af4-ecdc4fd3d2f3,FirstNumber=130,secondNumber=1682}  added by thread pool-3-thread-6
 message  {Id=33820cd0-dd86-497b-8af4-ecdc4fd3d2f3,FirstNumber=130,secondNumber=1682}  written to file by thread pool-3-thread-3
 message  {Id=435b2230-1953-4b84-a6ed-af2b89c9dacb,FirstNumber=769,secondNumber=1083}  added by thread pool-3-thread-6
 message  {Id=435b2230-1953-4b84-a6ed-af2b89c9dacb,FirstNumber=769,secondNumber=1083}  written to file by thread pool-3-thread-2
 message  {Id=f10aa7b9-34ee-4e57-a1a7-845950e1cb80,FirstNumber=484,secondNumber=591}  added by thread pool-3-thread-6
 message  {Id=f10aa7b9-34ee-4e57-a1a7-845950e1cb80,FirstNumber=484,secondNumber=591}  written to file by thread pool-3-thread-4
 message  {Id=5b3f0448-05da-4f52-a48c-4cef573bfab9,FirstNumber=804,secondNumber=313}  added by thread pool-3-thread-6
 message  {Id=5b3f0448-05da-4f52-a48c-4cef573bfab9,FirstNumber=804,secondNumber=313}  written to file by thread pool-3-thread-1
 message  {Id=7702711d-eeab-4fca-aae7-cac4d4b6bdf6,FirstNumber=508,secondNumber=1808}  added by thread pool-3-thread-6
 message  {Id=7702711d-eeab-4fca-aae7-cac4d4b6bdf6,FirstNumber=508,secondNumber=1808}  written to file by thread pool-3-thread-5
 message  {Id=8bbd0fc9-9fe8-4f23-85b2-b6c9d1bae1d8,FirstNumber=628,secondNumber=1074}  added by thread pool-3-thread-6
 message  {Id=8bbd0fc9-9fe8-4f23-85b2-b6c9d1bae1d8,FirstNumber=628,secondNumber=1074}  written to file by thread pool-3-thread-3
 message  {Id=d49950dc-a1e1-43ab-8993-1a5a17b26b8d,FirstNumber=112,secondNumber=1824}  added by thread pool-3-thread-6
 message  {Id=d49950dc-a1e1-43ab-8993-1a5a17b26b8d,FirstNumber=112,secondNumber=1824}  written to file by thread pool-3-thread-3
 message  {Id=1eeb2a9d-d9e7-4727-9b8f-7403e9fdb33a,FirstNumber=157,secondNumber=188}  added by thread pool-3-thread-6
 message  {Id=1eeb2a9d-d9e7-4727-9b8f-7403e9fdb33a,FirstNumber=157,secondNumber=188}  written to file by thread pool-3-thread-4
 message  {Id=c5ec34f5-2840-4588-9a9b-84cb4f59255b,FirstNumber=563,secondNumber=1882}  added by thread pool-3-thread-6
 message  {Id=c5ec34f5-2840-4588-9a9b-84cb4f59255b,FirstNumber=563,secondNumber=1882}  written to file by thread pool-3-thread-1
 message  {Id=d7ab00bb-92ee-47ba-a7b3-287a48df830c,FirstNumber=982,secondNumber=1401}  added by thread pool-3-thread-6
 message  {Id=d7ab00bb-92ee-47ba-a7b3-287a48df830c,FirstNumber=982,secondNumber=1401}  written to file by thread pool-3-thread-5
 message  {Id=75fd2f8b-5494-4698-b726-d7717a9353ed,FirstNumber=940,secondNumber=1467}  added by thread pool-3-thread-6
 message  {Id=75fd2f8b-5494-4698-b726-d7717a9353ed,FirstNumber=940,secondNumber=1467}  written to file by thread pool-3-thread-2
 message  {Id=12b7b80f-1639-4ca9-a337-e707f18f13f1,FirstNumber=253,secondNumber=1877}  added by thread pool-3-thread-6
 message  {Id=12b7b80f-1639-4ca9-a337-e707f18f13f1,FirstNumber=253,secondNumber=1877}  written to file by thread pool-3-thread-3
 message  {Id=b53c678e-ad60-449a-8246-2dd494614154,FirstNumber=910,secondNumber=748}  added by thread pool-3-thread-6
 message  {Id=b53c678e-ad60-449a-8246-2dd494614154,FirstNumber=910,secondNumber=748}  written to file by thread pool-3-thread-4
 message  {Id=9825f520-6a23-4fbc-8cb8-823a609ed688,FirstNumber=502,secondNumber=245}  added by thread pool-3-thread-6
 message  {Id=9825f520-6a23-4fbc-8cb8-823a609ed688,FirstNumber=502,secondNumber=245}  written to file by thread pool-3-thread-1
 message  {Id=dfccc129-6f18-4314-a226-5dcda5bca044,FirstNumber=157,secondNumber=329}  added by thread pool-3-thread-6
 message  {Id=dfccc129-6f18-4314-a226-5dcda5bca044,FirstNumber=157,secondNumber=329}  written to file by thread pool-3-thread-1
 message  {Id=f27ed8c2-6b92-41aa-8d66-c21135e1e18c,FirstNumber=838,secondNumber=1730}  added by thread pool-3-thread-6
 message  {Id=f27ed8c2-6b92-41aa-8d66-c21135e1e18c,FirstNumber=838,secondNumber=1730}  written to file by thread pool-3-thread-2
 message  {Id=2f1dba92-2c9c-4604-a152-0090180e517d,FirstNumber=970,secondNumber=987}  added by thread pool-3-thread-6
 message  {Id=2f1dba92-2c9c-4604-a152-0090180e517d,FirstNumber=970,secondNumber=987}  written to file by thread pool-3-thread-2
 message  {Id=65f210b2-3d9f-4d7e-b426-f50b4a2157ca,FirstNumber=421,secondNumber=469}  added by thread pool-3-thread-6
 message  {Id=65f210b2-3d9f-4d7e-b426-f50b4a2157ca,FirstNumber=421,secondNumber=469}  written to file by thread pool-3-thread-4
 message  {Id=283e3a2d-a8d8-4a5b-aacc-db5c3eeb6f04,FirstNumber=359,secondNumber=1204}  added by thread pool-3-thread-6
 message  {Id=283e3a2d-a8d8-4a5b-aacc-db5c3eeb6f04,FirstNumber=359,secondNumber=1204}  written to file by thread pool-3-thread-4
 message  {Id=bf0b5280-c2de-4e05-986f-42265bd29800,FirstNumber=285,secondNumber=566}  added by thread pool-3-thread-6
 message  {Id=bf0b5280-c2de-4e05-986f-42265bd29800,FirstNumber=285,secondNumber=566}  written to file by thread pool-3-thread-1
 message  {Id=c140fc8d-b5eb-498b-a839-ad14e1eee67b,FirstNumber=535,secondNumber=1405}  added by thread pool-3-thread-6
 message  {Id=c140fc8d-b5eb-498b-a839-ad14e1eee67b,FirstNumber=535,secondNumber=1405}  written to file by thread pool-3-thread-3
 message  {Id=056a7737-4d15-4cf0-8669-5f03f6bd5d3c,FirstNumber=743,secondNumber=464}  added by thread pool-3-thread-6
 message  {Id=056a7737-4d15-4cf0-8669-5f03f6bd5d3c,FirstNumber=743,secondNumber=464}  written to file by thread pool-3-thread-2
 message  {Id=abdd8a55-eb12-45b3-9013-1b791f6f1f78,FirstNumber=885,secondNumber=37}  added by thread pool-3-thread-6
 message  {Id=abdd8a55-eb12-45b3-9013-1b791f6f1f78,FirstNumber=885,secondNumber=37}  written to file by thread pool-3-thread-5
 message  {Id=e522f7f4-c0ae-4558-8489-5c4e66784c02,FirstNumber=158,secondNumber=356}  added by thread pool-3-thread-6
 message  {Id=e522f7f4-c0ae-4558-8489-5c4e66784c02,FirstNumber=158,secondNumber=356}  written to file by thread pool-3-thread-4
 message  {Id=1b45561b-22a3-41a8-a116-3d9085c52c1e,FirstNumber=183,secondNumber=844}  added by thread pool-3-thread-6
 message  {Id=1b45561b-22a3-41a8-a116-3d9085c52c1e,FirstNumber=183,secondNumber=844}  written to file by thread pool-3-thread-4
 message  {Id=4ae01f32-8c67-4b41-8d53-02ca3b2e610f,FirstNumber=433,secondNumber=1111}  added by thread pool-3-thread-6
 message  {Id=4ae01f32-8c67-4b41-8d53-02ca3b2e610f,FirstNumber=433,secondNumber=1111}  written to file by thread pool-3-thread-3
 message  {Id=68e0bbbe-c4b6-46e4-9380-6ca0abf2084f,FirstNumber=49,secondNumber=688}  added by thread pool-3-thread-6
 message  {Id=68e0bbbe-c4b6-46e4-9380-6ca0abf2084f,FirstNumber=49,secondNumber=688}  written to file by thread pool-3-thread-3
 message  {Id=5acb4bbd-da1c-4d43-8014-c30a578ae148,FirstNumber=844,secondNumber=105}  added by thread pool-3-thread-6
 message  {Id=5acb4bbd-da1c-4d43-8014-c30a578ae148,FirstNumber=844,secondNumber=105}  written to file by thread pool-3-thread-5
 message  {Id=3d7c2288-44e2-418b-aa5e-e5b5a4cce2ff,FirstNumber=311,secondNumber=593}  added by thread pool-3-thread-6
 message  {Id=3d7c2288-44e2-418b-aa5e-e5b5a4cce2ff,FirstNumber=311,secondNumber=593}  written to file by thread pool-3-thread-1
 message  {Id=5aec201b-8af8-4728-a1cc-6e0c14d4760b,FirstNumber=738,secondNumber=1797}  added by thread pool-3-thread-6
 message  {Id=5aec201b-8af8-4728-a1cc-6e0c14d4760b,FirstNumber=738,secondNumber=1797}  written to file by thread pool-3-thread-4
 message  {Id=ea0b1b43-2827-463d-8a82-e14153846cdd,FirstNumber=685,secondNumber=1674}  added by thread pool-3-thread-6
 message  {Id=ea0b1b43-2827-463d-8a82-e14153846cdd,FirstNumber=685,secondNumber=1674}  written to file by thread pool-3-thread-5
 message  {Id=1dea1149-bbb8-408c-a261-681616ba7ea6,FirstNumber=843,secondNumber=178}  added by thread pool-3-thread-6
 message  {Id=1dea1149-bbb8-408c-a261-681616ba7ea6,FirstNumber=843,secondNumber=178}  written to file by thread pool-3-thread-1
 message  {Id=a18de43d-9062-43ff-a709-278061fab133,FirstNumber=841,secondNumber=1836}  added by thread pool-3-thread-6
 message  {Id=a18de43d-9062-43ff-a709-278061fab133,FirstNumber=841,secondNumber=1836}  written to file by thread pool-3-thread-3
 message  {Id=083b30db-d609-4ced-ae78-44658bcca67b,FirstNumber=340,secondNumber=1890}  added by thread pool-3-thread-6
 message  {Id=083b30db-d609-4ced-ae78-44658bcca67b,FirstNumber=340,secondNumber=1890}  written to file by thread pool-3-thread-3
 message  {Id=4a22cb5c-d60d-4766-a40a-ce52f4a7f762,FirstNumber=317,secondNumber=509}  added by thread pool-3-thread-6
 message  {Id=4a22cb5c-d60d-4766-a40a-ce52f4a7f762,FirstNumber=317,secondNumber=509}  written to file by thread pool-3-thread-2
 message  {Id=834b5772-e74b-419b-a9e9-195db9553c1c,FirstNumber=576,secondNumber=1222}  added by thread pool-3-thread-6
 message  {Id=834b5772-e74b-419b-a9e9-195db9553c1c,FirstNumber=576,secondNumber=1222}  written to file by thread pool-3-thread-2
 message  {Id=cda593ff-8df8-4a02-8c0a-08497525549d,FirstNumber=607,secondNumber=1483}  added by thread pool-3-thread-6
 message  {Id=cda593ff-8df8-4a02-8c0a-08497525549d,FirstNumber=607,secondNumber=1483}  written to file by thread pool-3-thread-1
 message  {Id=20d3e5bf-864e-45ed-bc20-50f80ddc62a9,FirstNumber=553,secondNumber=557}  added by thread pool-3-thread-6
 message  {Id=20d3e5bf-864e-45ed-bc20-50f80ddc62a9,FirstNumber=553,secondNumber=557}  written to file by thread pool-3-thread-1
 message  {Id=c6264606-11a8-4439-9bf1-15a97b47e179,FirstNumber=96,secondNumber=1464}  added by thread pool-3-thread-6
 message  {Id=c6264606-11a8-4439-9bf1-15a97b47e179,FirstNumber=96,secondNumber=1464}  written to file by thread pool-3-thread-3
 message  {Id=eb850b3f-2d02-4ac7-8cc3-04a1db84443a,FirstNumber=362,secondNumber=1203}  added by thread pool-3-thread-6
 message  {Id=eb850b3f-2d02-4ac7-8cc3-04a1db84443a,FirstNumber=362,secondNumber=1203}  written to file by thread pool-3-thread-3
 message  {Id=95eeaafa-c2fa-4be7-ba6f-0237b216029d,FirstNumber=746,secondNumber=1085}  added by thread pool-3-thread-6
 message  {Id=95eeaafa-c2fa-4be7-ba6f-0237b216029d,FirstNumber=746,secondNumber=1085}  written to file by thread pool-3-thread-2
 message  {Id=85520a9d-1e22-4473-a067-16451371a2fe,FirstNumber=953,secondNumber=357}  added by thread pool-3-thread-6
 message  {Id=85520a9d-1e22-4473-a067-16451371a2fe,FirstNumber=953,secondNumber=357}  written to file by thread pool-3-thread-2
 message  {Id=dbe6cdde-ad81-4bca-bf95-5df275a7108b,FirstNumber=842,secondNumber=475}  added by thread pool-3-thread-6
 message  {Id=dbe6cdde-ad81-4bca-bf95-5df275a7108b,FirstNumber=842,secondNumber=475}  written to file by thread pool-3-thread-2
 message  {Id=a74ed0f8-e1ff-41e1-be61-61dc34d33e1a,FirstNumber=920,secondNumber=1058}  added by thread pool-3-thread-6
 message  {Id=a6d71363-6d7d-46e8-91a9-a78ac3faf441,FirstNumber=521,secondNumber=1698}  added by thread pool-3-thread-6
 message  {Id=a74ed0f8-e1ff-41e1-be61-61dc34d33e1a,FirstNumber=920,secondNumber=1058}  written to file by thread pool-3-thread-5
 message  {Id=a6d71363-6d7d-46e8-91a9-a78ac3faf441,FirstNumber=521,secondNumber=1698}  written to file by thread pool-3-thread-3
 message  {Id=e4144b35-6879-4295-a73a-f0f02f9c188e,FirstNumber=407,secondNumber=1327}  added by thread pool-3-thread-6
 message  {Id=e4144b35-6879-4295-a73a-f0f02f9c188e,FirstNumber=407,secondNumber=1327}  written to file by thread pool-3-thread-4
 message  {Id=19e76f92-06e0-4f52-afa1-247139dfec40,FirstNumber=60,secondNumber=792}  added by thread pool-3-thread-6
 message  {Id=19e76f92-06e0-4f52-afa1-247139dfec40,FirstNumber=60,secondNumber=792}  written to file by thread pool-3-thread-1
 message  {Id=d6d0bb9a-d0ee-47dd-a6bc-89fa719af4f2,FirstNumber=609,secondNumber=624}  added by thread pool-3-thread-6
 message  {Id=d6d0bb9a-d0ee-47dd-a6bc-89fa719af4f2,FirstNumber=609,secondNumber=624}  written to file by thread pool-3-thread-1
 message  {Id=7a9c7d02-7a30-4c06-8d55-3a2e144e8fd0,FirstNumber=382,secondNumber=1955}  added by thread pool-3-thread-6
 message  {Id=2becbe76-5136-4925-99e7-61bb73b9cf0d,FirstNumber=63,secondNumber=719}  added by thread pool-3-thread-6
 message  {Id=7a9c7d02-7a30-4c06-8d55-3a2e144e8fd0,FirstNumber=382,secondNumber=1955}  written to file by thread pool-3-thread-5
 message  {Id=4eee39fe-346c-4f75-91d0-82c87bf56cc8,FirstNumber=588,secondNumber=1431}  added by thread pool-3-thread-6
 message  {Id=2becbe76-5136-4925-99e7-61bb73b9cf0d,FirstNumber=63,secondNumber=719}  written to file by thread pool-3-thread-3
 message  {Id=4eee39fe-346c-4f75-91d0-82c87bf56cc8,FirstNumber=588,secondNumber=1431}  written to file by thread pool-3-thread-4
 message  {Id=694f7f2b-f75e-4f3a-b5bf-38fb7580338f,FirstNumber=78,secondNumber=600}  added by thread pool-3-thread-6
 message  {Id=694f7f2b-f75e-4f3a-b5bf-38fb7580338f,FirstNumber=78,secondNumber=600}  written to file by thread pool-3-thread-4
 message  {Id=7802456e-a964-4d02-a3fb-ec73e27dfba1,FirstNumber=646,secondNumber=1654}  added by thread pool-3-thread-6
 message  {Id=7802456e-a964-4d02-a3fb-ec73e27dfba1,FirstNumber=646,secondNumber=1654}  written to file by thread pool-3-thread-4
 message  {Id=9814d5bb-8f35-4f4f-a24d-560d92786dd3,FirstNumber=902,secondNumber=1762}  added by thread pool-3-thread-6
 message  {Id=9814d5bb-8f35-4f4f-a24d-560d92786dd3,FirstNumber=902,secondNumber=1762}  written to file by thread pool-3-thread-5
 message  {Id=262d28ef-748a-4b80-a7cf-b7a2dbd8a7e2,FirstNumber=663,secondNumber=594}  added by thread pool-3-thread-6
 message  {Id=262d28ef-748a-4b80-a7cf-b7a2dbd8a7e2,FirstNumber=663,secondNumber=594}  written to file by thread pool-3-thread-3
 message  {Id=34ea86bc-5332-4882-893b-bbc1856d783b,FirstNumber=791,secondNumber=1599}  added by thread pool-3-thread-6
 message  {Id=34ea86bc-5332-4882-893b-bbc1856d783b,FirstNumber=791,secondNumber=1599}  written to file by thread pool-3-thread-2
 message  {Id=867a2b90-1a0c-4982-bb53-64085ca89fa7,FirstNumber=514,secondNumber=1294}  added by thread pool-3-thread-6
 message  {Id=867a2b90-1a0c-4982-bb53-64085ca89fa7,FirstNumber=514,secondNumber=1294}  written to file by thread pool-3-thread-1
 message  {Id=4308479c-e014-47df-a4f7-3768261a7548,FirstNumber=555,secondNumber=349}  added by thread pool-3-thread-6
 message  {Id=4308479c-e014-47df-a4f7-3768261a7548,FirstNumber=555,secondNumber=349}  written to file by thread pool-3-thread-1
 message  {Id=37fd4671-f8bd-4514-ae17-e2fb8dfb3a21,FirstNumber=314,secondNumber=660}  added by thread pool-3-thread-6
 message  {Id=086a1b4e-1e12-4893-89de-a182ad4503c8,FirstNumber=761,secondNumber=1057}  added by thread pool-3-thread-6
 message  {Id=37fd4671-f8bd-4514-ae17-e2fb8dfb3a21,FirstNumber=314,secondNumber=660}  written to file by thread pool-3-thread-5
 message  {Id=77cf99e9-804b-4f25-8af8-cce1b55b48ac,FirstNumber=19,secondNumber=840}  added by thread pool-3-thread-6
 message  {Id=086a1b4e-1e12-4893-89de-a182ad4503c8,FirstNumber=761,secondNumber=1057}  written to file by thread pool-3-thread-3
 message  {Id=77cf99e9-804b-4f25-8af8-cce1b55b48ac,FirstNumber=19,secondNumber=840}  written to file by thread pool-3-thread-2
 message  {Id=9ff9f002-5761-4236-b767-f4e1cfe544b0,FirstNumber=602,secondNumber=626}  added by thread pool-3-thread-6
 message  {Id=be8a8aee-57a6-4657-b086-d73a833d6898,FirstNumber=324,secondNumber=866}  added by thread pool-3-thread-6
 message  {Id=9ff9f002-5761-4236-b767-f4e1cfe544b0,FirstNumber=602,secondNumber=626}  written to file by thread pool-3-thread-4
 message  {Id=be8a8aee-57a6-4657-b086-d73a833d6898,FirstNumber=324,secondNumber=866}  written to file by thread pool-3-thread-1
 message  {Id=56121b5a-2391-495e-a1b4-c1040879ed7f,FirstNumber=83,secondNumber=554}  added by thread pool-3-thread-6
 message  {Id=b17dee6c-2198-46ba-a75e-17fe37fe5038,FirstNumber=863,secondNumber=1360}  added by thread pool-3-thread-6
 message  {Id=56121b5a-2391-495e-a1b4-c1040879ed7f,FirstNumber=83,secondNumber=554}  written to file by thread pool-3-thread-5
 message  {Id=b17dee6c-2198-46ba-a75e-17fe37fe5038,FirstNumber=863,secondNumber=1360}  written to file by thread pool-3-thread-3
 message  {Id=0a3b2e8e-3714-4497-b2ad-9f8690e6a255,FirstNumber=355,secondNumber=243}  added by thread pool-3-thread-6
 message  {Id=0a3b2e8e-3714-4497-b2ad-9f8690e6a255,FirstNumber=355,secondNumber=243}  written to file by thread pool-3-thread-3
 message  {Id=5c8c1a43-d20c-443b-8541-f380fc937652,FirstNumber=444,secondNumber=283}  added by thread pool-3-thread-6
 message  {Id=5c8c1a43-d20c-443b-8541-f380fc937652,FirstNumber=444,secondNumber=283}  written to file by thread pool-3-thread-3
 message  {Id=657811cc-b6af-43ab-af07-964f88561bbe,FirstNumber=954,secondNumber=1047}  added by thread pool-3-thread-6
 message  {Id=657811cc-b6af-43ab-af07-964f88561bbe,FirstNumber=954,secondNumber=1047}  written to file by thread pool-3-thread-1
 message  {Id=b46143ed-29ee-44e3-9c0e-fed480612f49,FirstNumber=686,secondNumber=1345}  added by thread pool-3-thread-6
 message  {Id=b46143ed-29ee-44e3-9c0e-fed480612f49,FirstNumber=686,secondNumber=1345}  written to file by thread pool-3-thread-5
 message  {Id=923d2a0b-fe5d-480b-b49c-c031fa80f815,FirstNumber=547,secondNumber=100}  added by thread pool-3-thread-6
 message  {Id=923d2a0b-fe5d-480b-b49c-c031fa80f815,FirstNumber=547,secondNumber=100}  written to file by thread pool-3-thread-2
 message  {Id=7e411ed0-1834-409d-bcb4-37542e202683,FirstNumber=942,secondNumber=282}  added by thread pool-3-thread-6
 message  {Id=7e411ed0-1834-409d-bcb4-37542e202683,FirstNumber=942,secondNumber=282}  written to file by thread pool-3-thread-2
 message  {Id=3e87f92f-0a4e-45a0-b183-f41a5c70cd16,FirstNumber=374,secondNumber=1226}  added by thread pool-3-thread-6
 message  {Id=cff0d775-ae6e-47db-852c-e0c311430b8e,FirstNumber=166,secondNumber=1930}  added by thread pool-3-thread-6
 message  {Id=3e87f92f-0a4e-45a0-b183-f41a5c70cd16,FirstNumber=374,secondNumber=1226}  written to file by thread pool-3-thread-3
 message  {Id=cff0d775-ae6e-47db-852c-e0c311430b8e,FirstNumber=166,secondNumber=1930}  written to file by thread pool-3-thread-1
 message  {Id=82316178-e460-4c4c-ac3d-796b512b78b1,FirstNumber=204,secondNumber=188}  added by thread pool-3-thread-6
 message  {Id=82316178-e460-4c4c-ac3d-796b512b78b1,FirstNumber=204,secondNumber=188}  written to file by thread pool-3-thread-5
 message  {Id=257d27cf-c812-4975-bf88-edf2616dbd35,FirstNumber=629,secondNumber=614}  added by thread pool-3-thread-6
 message  {Id=257d27cf-c812-4975-bf88-edf2616dbd35,FirstNumber=629,secondNumber=614}  written to file by thread pool-3-thread-5
 message  {Id=0a5bf6fe-27e0-4d0a-852f-ce89fecf7d18,FirstNumber=515,secondNumber=405}  added by thread pool-3-thread-6
 message  {Id=0a5bf6fe-27e0-4d0a-852f-ce89fecf7d18,FirstNumber=515,secondNumber=405}  written to file by thread pool-3-thread-5
 message  {Id=a545821d-3517-4fc0-be82-d0fefcafeafc,FirstNumber=333,secondNumber=330}  added by thread pool-3-thread-6
 message  {Id=a545821d-3517-4fc0-be82-d0fefcafeafc,FirstNumber=333,secondNumber=330}  written to file by thread pool-3-thread-3
 message  {Id=097c9139-3d55-45aa-892c-3ddd17a910c0,FirstNumber=407,secondNumber=901}  added by thread pool-3-thread-6
 message  {Id=e06467ba-47e3-40e2-9a34-f52629bf6d2e,FirstNumber=49,secondNumber=973}  added by thread pool-3-thread-6
 message  {Id=097c9139-3d55-45aa-892c-3ddd17a910c0,FirstNumber=407,secondNumber=901}  written to file by thread pool-3-thread-3
 message  {Id=e06467ba-47e3-40e2-9a34-f52629bf6d2e,FirstNumber=49,secondNumber=973}  written to file by thread pool-3-thread-4
 message  {Id=2e16def8-f6cf-4d05-9c42-1de3d308d28f,FirstNumber=455,secondNumber=1507}  added by thread pool-3-thread-6
 message  {Id=213a9e09-1815-42cb-be56-084eef06cdd8,FirstNumber=248,secondNumber=264}  added by thread pool-3-thread-6
 message  {Id=2e16def8-f6cf-4d05-9c42-1de3d308d28f,FirstNumber=455,secondNumber=1507}  written to file by thread pool-3-thread-2
 message  {Id=213a9e09-1815-42cb-be56-084eef06cdd8,FirstNumber=248,secondNumber=264}  written to file by thread pool-3-thread-5
 message  {Id=19ee2cbf-d746-4e7f-a69b-ed5d53c37525,FirstNumber=365,secondNumber=397}  added by thread pool-3-thread-6
 message  {Id=19ee2cbf-d746-4e7f-a69b-ed5d53c37525,FirstNumber=365,secondNumber=397}  written to file by thread pool-3-thread-5
 message  {Id=b2e8bb5b-1f2f-4559-9d46-d78f6ddfa443,FirstNumber=359,secondNumber=1947}  added by thread pool-3-thread-6
 message  {Id=b2e8bb5b-1f2f-4559-9d46-d78f6ddfa443,FirstNumber=359,secondNumber=1947}  written to file by thread pool-3-thread-5
 message  {Id=fb5f52be-fa70-433f-b72f-97f169a1b2d6,FirstNumber=951,secondNumber=676}  added by thread pool-3-thread-6
 message  {Id=fb5f52be-fa70-433f-b72f-97f169a1b2d6,FirstNumber=951,secondNumber=676}  written to file by thread pool-3-thread-4
 message  {Id=d758916a-e045-4537-97c5-b6247167720a,FirstNumber=303,secondNumber=1639}  added by thread pool-3-thread-6
 message  {Id=d758916a-e045-4537-97c5-b6247167720a,FirstNumber=303,secondNumber=1639}  written to file by thread pool-3-thread-2
 message  {Id=b28125a2-41b5-4e05-b175-727136b789d0,FirstNumber=885,secondNumber=1283}  added by thread pool-3-thread-6
 message  {Id=b28125a2-41b5-4e05-b175-727136b789d0,FirstNumber=885,secondNumber=1283}  written to file by thread pool-3-thread-2
 message  {Id=975894e4-6afa-476f-8739-cb5a4746e147,FirstNumber=35,secondNumber=1057}  added by thread pool-3-thread-6
 message  {Id=975894e4-6afa-476f-8739-cb5a4746e147,FirstNumber=35,secondNumber=1057}  written to file by thread pool-3-thread-3
 message  {Id=d496abd6-8055-4639-bc1c-f2564df18cb7,FirstNumber=598,secondNumber=359}  added by thread pool-3-thread-6
 message  {Id=d496abd6-8055-4639-bc1c-f2564df18cb7,FirstNumber=598,secondNumber=359}  written to file by thread pool-3-thread-3
 message  {Id=e353a3b5-eb63-467f-ad3e-fbaeab961eb6,FirstNumber=999,secondNumber=1721}  added by thread pool-3-thread-6
 message  {Id=e353a3b5-eb63-467f-ad3e-fbaeab961eb6,FirstNumber=999,secondNumber=1721}  written to file by thread pool-3-thread-3
 message  {Id=3f732838-20cf-45ac-82b3-401566410e2a,FirstNumber=721,secondNumber=367}  added by thread pool-3-thread-6
 message  {Id=3f732838-20cf-45ac-82b3-401566410e2a,FirstNumber=721,secondNumber=367}  written to file by thread pool-3-thread-1
 message  {Id=effef848-dac2-4a7e-92c8-e3bff42d07ce,FirstNumber=755,secondNumber=1011}  added by thread pool-3-thread-6
 message  {Id=effef848-dac2-4a7e-92c8-e3bff42d07ce,FirstNumber=755,secondNumber=1011}  written to file by thread pool-3-thread-1
 message  {Id=f3900b13-6445-4719-b52c-3a24853af47b,FirstNumber=556,secondNumber=284}  added by thread pool-3-thread-6
 message  {Id=6c38e3f7-cb59-45be-9d43-be56da6cf90d,FirstNumber=65,secondNumber=315}  added by thread pool-3-thread-6
 message  {Id=f3900b13-6445-4719-b52c-3a24853af47b,FirstNumber=556,secondNumber=284}  written to file by thread pool-3-thread-5
 message  {Id=6c38e3f7-cb59-45be-9d43-be56da6cf90d,FirstNumber=65,secondNumber=315}  written to file by thread pool-3-thread-4
 message  {Id=34b825e8-8e82-4a93-b070-b0350284a2d5,FirstNumber=694,secondNumber=1202}  added by thread pool-3-thread-6
 message  {Id=34b825e8-8e82-4a93-b070-b0350284a2d5,FirstNumber=694,secondNumber=1202}  written to file by thread pool-3-thread-3
 message  {Id=9947ac15-b6ee-4949-8983-a35e1d9f1a50,FirstNumber=615,secondNumber=1778}  added by thread pool-3-thread-6
 message  {Id=9947ac15-b6ee-4949-8983-a35e1d9f1a50,FirstNumber=615,secondNumber=1778}  written to file by thread pool-3-thread-3
 message  {Id=81313cf0-7e60-4994-9f8c-08d23aa87bc2,FirstNumber=337,secondNumber=1562}  added by thread pool-3-thread-6
 message  {Id=81313cf0-7e60-4994-9f8c-08d23aa87bc2,FirstNumber=337,secondNumber=1562}  written to file by thread pool-3-thread-3
 message  {Id=4b4ee732-f3d0-44a8-9044-65e200688845,FirstNumber=227,secondNumber=1291}  added by thread pool-3-thread-6
 message  {Id=4b4ee732-f3d0-44a8-9044-65e200688845,FirstNumber=227,secondNumber=1291}  written to file by thread pool-3-thread-3
 message  {Id=541dd8ca-8b36-4e08-b33e-453d4b75b053,FirstNumber=193,secondNumber=312}  added by thread pool-3-thread-6
 message  {Id=541dd8ca-8b36-4e08-b33e-453d4b75b053,FirstNumber=193,secondNumber=312}  written to file by thread pool-3-thread-4
 message  {Id=2cdcefcf-2093-483e-8e65-3cb4ba20e698,FirstNumber=299,secondNumber=311}  added by thread pool-3-thread-6
 message  {Id=2cdcefcf-2093-483e-8e65-3cb4ba20e698,FirstNumber=299,secondNumber=311}  written to file by thread pool-3-thread-4
 message  {Id=8560c5ab-6d26-436a-b924-b00cb673b42f,FirstNumber=664,secondNumber=63}  added by thread pool-3-thread-6
 message  {Id=8560c5ab-6d26-436a-b924-b00cb673b42f,FirstNumber=664,secondNumber=63}  written to file by thread pool-3-thread-1
 message  {Id=2dc60ac6-e4b4-4a3c-83b8-4f49f1ab458e,FirstNumber=555,secondNumber=1462}  added by thread pool-3-thread-6
 message  {Id=2dc60ac6-e4b4-4a3c-83b8-4f49f1ab458e,FirstNumber=555,secondNumber=1462}  written to file by thread pool-3-thread-1
 message  {Id=19c808f9-530f-4522-ad21-eeeb028a6a56,FirstNumber=680,secondNumber=942}  added by thread pool-3-thread-6
 message  {Id=19c808f9-530f-4522-ad21-eeeb028a6a56,FirstNumber=680,secondNumber=942}  written to file by thread pool-3-thread-1
 message  {Id=0e44bdb9-0c02-4f9b-adeb-bfd2a4f94387,FirstNumber=61,secondNumber=1541}  added by thread pool-3-thread-6
 message  {Id=0e44bdb9-0c02-4f9b-adeb-bfd2a4f94387,FirstNumber=61,secondNumber=1541}  written to file by thread pool-3-thread-1
 message  {Id=da637dd1-b977-4431-ad20-6e929ff40ddf,FirstNumber=247,secondNumber=656}  added by thread pool-3-thread-6
 message  {Id=da637dd1-b977-4431-ad20-6e929ff40ddf,FirstNumber=247,secondNumber=656}  written to file by thread pool-3-thread-4
 message  {Id=9032f18b-09f3-4de5-8ee2-908d8faba14f,FirstNumber=919,secondNumber=582}  added by thread pool-3-thread-6
 message  {Id=9032f18b-09f3-4de5-8ee2-908d8faba14f,FirstNumber=919,secondNumber=582}  written to file by thread pool-3-thread-4
 message  {Id=0608d05f-dd77-4f5d-b925-d1a300cd7622,FirstNumber=358,secondNumber=757}  added by thread pool-3-thread-6
 message  {Id=0608d05f-dd77-4f5d-b925-d1a300cd7622,FirstNumber=358,secondNumber=757}  written to file by thread pool-3-thread-4
 message  {Id=061fcdf3-9086-447c-888a-6a48890d66f8,FirstNumber=25,secondNumber=1789}  added by thread pool-3-thread-6
 message  {Id=061fcdf3-9086-447c-888a-6a48890d66f8,FirstNumber=25,secondNumber=1789}  written to file by thread pool-3-thread-2
 message  {Id=ffbefa2a-5a5b-4c91-b58e-bedf53375b93,FirstNumber=261,secondNumber=1022}  added by thread pool-3-thread-6
 message  {Id=ffbefa2a-5a5b-4c91-b58e-bedf53375b93,FirstNumber=261,secondNumber=1022}  written to file by thread pool-3-thread-2
 message  {Id=4556fe71-4f07-4581-87d2-d1c97864772e,FirstNumber=128,secondNumber=770}  added by thread pool-3-thread-6
 message  {Id=4556fe71-4f07-4581-87d2-d1c97864772e,FirstNumber=128,secondNumber=770}  written to file by thread pool-3-thread-2
 message  {Id=671ad2be-5336-4728-a6ca-4a847bf2adbe,FirstNumber=69,secondNumber=659}  added by thread pool-3-thread-6
 message  {Id=671ad2be-5336-4728-a6ca-4a847bf2adbe,FirstNumber=69,secondNumber=659}  written to file by thread pool-3-thread-3
 message  {Id=a5bb72cc-902a-4fcd-8f79-e38211fe5dbf,FirstNumber=650,secondNumber=665}  added by thread pool-3-thread-6
 message  {Id=a5bb72cc-902a-4fcd-8f79-e38211fe5dbf,FirstNumber=650,secondNumber=665}  written to file by thread pool-3-thread-4
 message  {Id=5431cb4f-11f8-4e97-97eb-a0269ab4f86e,FirstNumber=658,secondNumber=1313}  added by thread pool-3-thread-6
 message  {Id=a3a87bc5-4f91-4602-9087-9c9e1cc7fa26,FirstNumber=615,secondNumber=644}  added by thread pool-3-thread-6
 message  {Id=5431cb4f-11f8-4e97-97eb-a0269ab4f86e,FirstNumber=658,secondNumber=1313}  written to file by thread pool-3-thread-1
 message  {Id=a3a87bc5-4f91-4602-9087-9c9e1cc7fa26,FirstNumber=615,secondNumber=644}  written to file by thread pool-3-thread-5
 message  {Id=7d4784e6-3310-4531-8d05-6c32bc023d92,FirstNumber=93,secondNumber=891}  added by thread pool-3-thread-6
 message  {Id=7d4784e6-3310-4531-8d05-6c32bc023d92,FirstNumber=93,secondNumber=891}  written to file by thread pool-3-thread-2
 message  {Id=b7950a04-860b-4819-99b4-d77da60ca0d3,FirstNumber=202,secondNumber=221}  added by thread pool-3-thread-6
 message  {Id=b7950a04-860b-4819-99b4-d77da60ca0d3,FirstNumber=202,secondNumber=221}  written to file by thread pool-3-thread-3
 message  {Id=81885f78-0a71-4ef2-99e2-77c964b401a4,FirstNumber=869,secondNumber=1166}  added by thread pool-3-thread-6
 message  {Id=81885f78-0a71-4ef2-99e2-77c964b401a4,FirstNumber=869,secondNumber=1166}  written to file by thread pool-3-thread-3
 message  {Id=195fdfa7-0896-4460-ba03-93574478fe41,FirstNumber=488,secondNumber=1487}  added by thread pool-3-thread-6
 message  {Id=195fdfa7-0896-4460-ba03-93574478fe41,FirstNumber=488,secondNumber=1487}  written to file by thread pool-3-thread-3
 message  {Id=dbc128f9-5d20-4a1e-a988-a1f57b2fa2cd,FirstNumber=705,secondNumber=1605}  added by thread pool-3-thread-6
 message  {Id=dbc128f9-5d20-4a1e-a988-a1f57b2fa2cd,FirstNumber=705,secondNumber=1605}  written to file by thread pool-3-thread-5
 message  {Id=645cb0da-754a-4e40-b015-cf3fc21adcce,FirstNumber=470,secondNumber=512}  added by thread pool-3-thread-6
 message  {Id=645cb0da-754a-4e40-b015-cf3fc21adcce,FirstNumber=470,secondNumber=512}  written to file by thread pool-3-thread-5
 message  {Id=bcec7d3c-9150-4cf5-87ea-2000828117e3,FirstNumber=647,secondNumber=1247}  added by thread pool-3-thread-6
 message  {Id=bcec7d3c-9150-4cf5-87ea-2000828117e3,FirstNumber=647,secondNumber=1247}  written to file by thread pool-3-thread-4
 message  {Id=d605cd34-1cdc-4042-acbc-1292f6bd4255,FirstNumber=0,secondNumber=867}  added by thread pool-3-thread-6
 message  {Id=d605cd34-1cdc-4042-acbc-1292f6bd4255,FirstNumber=0,secondNumber=867}  written to file by thread pool-3-thread-1
 message  {Id=031f02a8-0c44-4d1c-9c6d-f69e11226434,FirstNumber=685,secondNumber=1393}  added by thread pool-3-thread-6
 message  {Id=031f02a8-0c44-4d1c-9c6d-f69e11226434,FirstNumber=685,secondNumber=1393}  written to file by thread pool-3-thread-1
 message  {Id=bd4785f1-2798-4e19-a3c1-bc506ee6a392,FirstNumber=24,secondNumber=923}  added by thread pool-3-thread-6
 message  {Id=bd4785f1-2798-4e19-a3c1-bc506ee6a392,FirstNumber=24,secondNumber=923}  written to file by thread pool-3-thread-1
 message  {Id=bcc73d1f-658c-473d-aea1-63fbfd5fdd1e,FirstNumber=738,secondNumber=1062}  added by thread pool-3-thread-6
 message  {Id=bcc73d1f-658c-473d-aea1-63fbfd5fdd1e,FirstNumber=738,secondNumber=1062}  written to file by thread pool-3-thread-5
 message  {Id=c6990e67-aa1b-4231-9afd-c4b581e3a575,FirstNumber=975,secondNumber=589}  added by thread pool-3-thread-6
 message  {Id=c6990e67-aa1b-4231-9afd-c4b581e3a575,FirstNumber=975,secondNumber=589}  written to file by thread pool-3-thread-4
 message  {Id=830b9617-3688-4f24-b36e-4d29b14a83ba,FirstNumber=158,secondNumber=805}  added by thread pool-3-thread-6
 message  {Id=830b9617-3688-4f24-b36e-4d29b14a83ba,FirstNumber=158,secondNumber=805}  written to file by thread pool-3-thread-4
 message  {Id=66a01e02-fc3d-49d7-8153-acc68ead8467,FirstNumber=834,secondNumber=863}  added by thread pool-3-thread-6
 message  {Id=66a01e02-fc3d-49d7-8153-acc68ead8467,FirstNumber=834,secondNumber=863}  written to file by thread pool-3-thread-2
 message  {Id=1363b1c0-20c7-4a11-b8b3-879251d14948,FirstNumber=418,secondNumber=868}  added by thread pool-3-thread-6
 message  {Id=1363b1c0-20c7-4a11-b8b3-879251d14948,FirstNumber=418,secondNumber=868}  written to file by thread pool-3-thread-2
 message  {Id=0926037c-1b92-41aa-a0b9-6391d837c37e,FirstNumber=216,secondNumber=1312}  added by thread pool-3-thread-6
 message  {Id=0926037c-1b92-41aa-a0b9-6391d837c37e,FirstNumber=216,secondNumber=1312}  written to file by thread pool-3-thread-2
 message  {Id=352bf545-d5af-4137-8746-b0f783ab6070,FirstNumber=818,secondNumber=620}  added by thread pool-3-thread-6
 message  {Id=352bf545-d5af-4137-8746-b0f783ab6070,FirstNumber=818,secondNumber=620}  written to file by thread pool-3-thread-3
 message  {Id=9e437aa4-7ce8-4faf-8cf9-c967900c4235,FirstNumber=843,secondNumber=522}  added by thread pool-3-thread-6
 message  {Id=9e437aa4-7ce8-4faf-8cf9-c967900c4235,FirstNumber=843,secondNumber=522}  written to file by thread pool-3-thread-4
 message  {Id=16802993-779d-43f1-bd35-bacd09e9d138,FirstNumber=351,secondNumber=1594}  added by thread pool-3-thread-6
 message  {Id=2d3400c6-f33c-4de6-bd7c-d2a7d90223f7,FirstNumber=271,secondNumber=1662}  added by thread pool-3-thread-6
 message  {Id=16802993-779d-43f1-bd35-bacd09e9d138,FirstNumber=351,secondNumber=1594}  written to file by thread pool-3-thread-1
 message  {Id=2d3400c6-f33c-4de6-bd7c-d2a7d90223f7,FirstNumber=271,secondNumber=1662}  written to file by thread pool-3-thread-5
 message  {Id=c3be2f42-78f9-4ca6-b78a-cd332309c86f,FirstNumber=434,secondNumber=887}  added by thread pool-3-thread-6
 message  {Id=c3be2f42-78f9-4ca6-b78a-cd332309c86f,FirstNumber=434,secondNumber=887}  written to file by thread pool-3-thread-5
 message  {Id=a44c2ee0-896f-4d92-bba8-fa16a8745b8d,FirstNumber=338,secondNumber=1679}  added by thread pool-3-thread-6
 message  {Id=a44c2ee0-896f-4d92-bba8-fa16a8745b8d,FirstNumber=338,secondNumber=1679}  written to file by thread pool-3-thread-3
 message  {Id=01dce6c7-c667-4c1c-83d3-36e980a6136c,FirstNumber=900,secondNumber=1670}  added by thread pool-3-thread-6
 message  {Id=01dce6c7-c667-4c1c-83d3-36e980a6136c,FirstNumber=900,secondNumber=1670}  written to file by thread pool-3-thread-4
 message  {Id=108ea05f-9ddd-44f8-a062-38b83047052d,FirstNumber=38,secondNumber=1054}  added by thread pool-3-thread-6
 message  {Id=108ea05f-9ddd-44f8-a062-38b83047052d,FirstNumber=38,secondNumber=1054}  written to file by thread pool-3-thread-4
 message  {Id=8e1a86f6-b035-4e73-9b34-b39014113189,FirstNumber=922,secondNumber=50}  added by thread pool-3-thread-6
 message  {Id=8e1a86f6-b035-4e73-9b34-b39014113189,FirstNumber=922,secondNumber=50}  written to file by thread pool-3-thread-4
 message  {Id=114c3459-384e-43da-9525-99adf6050650,FirstNumber=381,secondNumber=307}  added by thread pool-3-thread-6
 message  {Id=114c3459-384e-43da-9525-99adf6050650,FirstNumber=381,secondNumber=307}  written to file by thread pool-3-thread-5
 message  {Id=f4fbd3e8-3b3d-4405-91ca-c1b5e78a9d89,FirstNumber=661,secondNumber=1408}  added by thread pool-3-thread-6
 message  {Id=71266757-3794-4d4f-be0a-a586f388bf24,FirstNumber=437,secondNumber=1191}  added by thread pool-3-thread-6
 message  {Id=f4fbd3e8-3b3d-4405-91ca-c1b5e78a9d89,FirstNumber=661,secondNumber=1408}  written to file by thread pool-3-thread-3
 message  {Id=71266757-3794-4d4f-be0a-a586f388bf24,FirstNumber=437,secondNumber=1191}  written to file by thread pool-3-thread-1
 message  {Id=eb811e5c-2f75-4b36-8193-2f50f086a90a,FirstNumber=903,secondNumber=1248}  added by thread pool-3-thread-6
 message  {Id=f023b4f8-1c57-4143-9cda-d60e1a8a6101,FirstNumber=167,secondNumber=1051}  added by thread pool-3-thread-6
 message  {Id=eb811e5c-2f75-4b36-8193-2f50f086a90a,FirstNumber=903,secondNumber=1248}  written to file by thread pool-3-thread-2
 message  {Id=f023b4f8-1c57-4143-9cda-d60e1a8a6101,FirstNumber=167,secondNumber=1051}  written to file by thread pool-3-thread-4
 message  {Id=312ea0d5-165a-442d-a2a3-c541f52550d8,FirstNumber=624,secondNumber=1991}  added by thread pool-3-thread-6
 message  {Id=312ea0d5-165a-442d-a2a3-c541f52550d8,FirstNumber=624,secondNumber=1991}  written to file by thread pool-3-thread-4
 message  {Id=acd21a46-c231-41ee-872a-ba354c285e86,FirstNumber=13,secondNumber=513}  added by thread pool-3-thread-6
 message  {Id=acd21a46-c231-41ee-872a-ba354c285e86,FirstNumber=13,secondNumber=513}  written to file by thread pool-3-thread-3
 message  {Id=6a1130b0-d4ee-4e22-ae57-c15861785ad6,FirstNumber=708,secondNumber=1694}  added by thread pool-3-thread-6
 message  {Id=6a1130b0-d4ee-4e22-ae57-c15861785ad6,FirstNumber=708,secondNumber=1694}  written to file by thread pool-3-thread-3
 message  {Id=ab95b8b4-e208-4238-9a0c-8885d7d71867,FirstNumber=972,secondNumber=22}  added by thread pool-3-thread-6
 message  {Id=ab95b8b4-e208-4238-9a0c-8885d7d71867,FirstNumber=972,secondNumber=22}  written to file by thread pool-3-thread-3
 message  {Id=de7714a1-5491-4948-a8bb-d5c22e2be0d3,FirstNumber=667,secondNumber=1518}  added by thread pool-3-thread-6
 message  {Id=de7714a1-5491-4948-a8bb-d5c22e2be0d3,FirstNumber=667,secondNumber=1518}  written to file by thread pool-3-thread-5
 message  {Id=3ae08810-96a0-4fb0-b24d-67d319cb6005,FirstNumber=394,secondNumber=1960}  added by thread pool-3-thread-6
 message  {Id=3ae08810-96a0-4fb0-b24d-67d319cb6005,FirstNumber=394,secondNumber=1960}  written to file by thread pool-3-thread-4
 message  {Id=8b197fef-d19d-40b9-944c-c60b332ed287,FirstNumber=608,secondNumber=278}  added by thread pool-3-thread-6
 message  {Id=be19cd22-de5b-4eda-a9bd-f2aa141e4888,FirstNumber=669,secondNumber=451}  added by thread pool-3-thread-6
 message  {Id=8b197fef-d19d-40b9-944c-c60b332ed287,FirstNumber=608,secondNumber=278}  written to file by thread pool-3-thread-1
 message  {Id=be19cd22-de5b-4eda-a9bd-f2aa141e4888,FirstNumber=669,secondNumber=451}  written to file by thread pool-3-thread-2
 message  {Id=3a0bb29f-77af-4647-b2d0-44eb9dc8ca96,FirstNumber=271,secondNumber=1454}  added by thread pool-3-thread-6
 message  {Id=3a0bb29f-77af-4647-b2d0-44eb9dc8ca96,FirstNumber=271,secondNumber=1454}  written to file by thread pool-3-thread-2
 message  {Id=4fd337a0-929a-40b8-b3ad-b123a346997f,FirstNumber=232,secondNumber=430}  added by thread pool-3-thread-6
 message  {Id=4fd337a0-929a-40b8-b3ad-b123a346997f,FirstNumber=232,secondNumber=430}  written to file by thread pool-3-thread-5
 message  {Id=ed5d0e56-ba02-4fd7-910d-8bab6fad156f,FirstNumber=553,secondNumber=1860}  added by thread pool-3-thread-6
 message  {Id=ed5d0e56-ba02-4fd7-910d-8bab6fad156f,FirstNumber=553,secondNumber=1860}  written to file by thread pool-3-thread-5
 message  {Id=dbab04c8-7bc5-465e-bd26-00f29b4c056f,FirstNumber=138,secondNumber=644}  added by thread pool-3-thread-6
 message  {Id=dbab04c8-7bc5-465e-bd26-00f29b4c056f,FirstNumber=138,secondNumber=644}  written to file by thread pool-3-thread-1
 message  {Id=a130903e-f0ac-4b0f-81a9-cb6f1f028a08,FirstNumber=247,secondNumber=277}  added by thread pool-3-thread-6
 message  {Id=04fb357d-1ae0-49b6-9fd6-780f750b7f35,FirstNumber=523,secondNumber=1300}  added by thread pool-3-thread-6
 message  {Id=a130903e-f0ac-4b0f-81a9-cb6f1f028a08,FirstNumber=247,secondNumber=277}  written to file by thread pool-3-thread-3
 message  {Id=660ab142-5b11-4fd4-bfcf-1f866b60b650,FirstNumber=803,secondNumber=1919}  added by thread pool-3-thread-6
 message  {Id=04fb357d-1ae0-49b6-9fd6-780f750b7f35,FirstNumber=523,secondNumber=1300}  written to file by thread pool-3-thread-2
 message  {Id=660ab142-5b11-4fd4-bfcf-1f866b60b650,FirstNumber=803,secondNumber=1919}  written to file by thread pool-3-thread-4
 message  {Id=47da23dd-3a75-4868-9412-eb297c3c9425,FirstNumber=786,secondNumber=1731}  added by thread pool-3-thread-6
 message  {Id=47da23dd-3a75-4868-9412-eb297c3c9425,FirstNumber=786,secondNumber=1731}  written to file by thread pool-3-thread-4
 message  {Id=8d4962b8-20cd-49b4-a122-f088edb34a94,FirstNumber=764,secondNumber=830}  added by thread pool-3-thread-6
 message  {Id=8d4962b8-20cd-49b4-a122-f088edb34a94,FirstNumber=764,secondNumber=830}  written to file by thread pool-3-thread-4
 message  {Id=b47c7f75-36ba-4ccf-a1be-36ae0abd8bbc,FirstNumber=414,secondNumber=211}  added by thread pool-3-thread-6
 message  {Id=b47c7f75-36ba-4ccf-a1be-36ae0abd8bbc,FirstNumber=414,secondNumber=211}  written to file by thread pool-3-thread-3
 message  {Id=0bc8cc5d-72ef-4c7a-b0d6-adbbfe055772,FirstNumber=31,secondNumber=1401}  added by thread pool-3-thread-6
 message  {Id=c2d869cc-e122-45cb-8740-24afde7044a3,FirstNumber=649,secondNumber=521}  added by thread pool-3-thread-6
 message  {Id=0bc8cc5d-72ef-4c7a-b0d6-adbbfe055772,FirstNumber=31,secondNumber=1401}  written to file by thread pool-3-thread-3
 message  {Id=c2d869cc-e122-45cb-8740-24afde7044a3,FirstNumber=649,secondNumber=521}  written to file by thread pool-3-thread-5
 message  {Id=1be6754b-458b-4467-96f4-4e2a5c0bf0e8,FirstNumber=126,secondNumber=739}  added by thread pool-3-thread-6
 message  {Id=1be6754b-458b-4467-96f4-4e2a5c0bf0e8,FirstNumber=126,secondNumber=739}  written to file by thread pool-3-thread-5
 message  {Id=da2efecd-bca7-454b-81b2-84d606f4b284,FirstNumber=528,secondNumber=1854}  added by thread pool-3-thread-6
 message  {Id=da2efecd-bca7-454b-81b2-84d606f4b284,FirstNumber=528,secondNumber=1854}  written to file by thread pool-3-thread-4
 message  {Id=67697fd5-cf85-4311-b5f6-7d4889e62409,FirstNumber=877,secondNumber=1741}  added by thread pool-3-thread-6
 message  {Id=b424ca0a-16fb-4df0-8654-4a94bd0afa4f,FirstNumber=584,secondNumber=381}  added by thread pool-3-thread-6
 message  {Id=67697fd5-cf85-4311-b5f6-7d4889e62409,FirstNumber=877,secondNumber=1741}  written to file by thread pool-3-thread-2
 message  {Id=de0e22e7-a697-40c5-8bae-238270b49573,FirstNumber=366,secondNumber=1993}  added by thread pool-3-thread-6
 message  {Id=b424ca0a-16fb-4df0-8654-4a94bd0afa4f,FirstNumber=584,secondNumber=381}  written to file by thread pool-3-thread-3
 message  {Id=0ebab5a4-2592-44f7-afa1-fbd6feec3101,FirstNumber=836,secondNumber=1779}  added by thread pool-3-thread-6
 message  {Id=de0e22e7-a697-40c5-8bae-238270b49573,FirstNumber=366,secondNumber=1993}  written to file by thread pool-3-thread-1
 message  {Id=0ebab5a4-2592-44f7-afa1-fbd6feec3101,FirstNumber=836,secondNumber=1779}  written to file by thread pool-3-thread-5
 message  {Id=572e3704-f500-4635-982a-ae402192afea,FirstNumber=953,secondNumber=1704}  added by thread pool-3-thread-6
 message  {Id=572e3704-f500-4635-982a-ae402192afea,FirstNumber=953,secondNumber=1704}  written to file by thread pool-3-thread-5
 message  {Id=bdb5aee6-ecf2-4de5-a156-f758c9e747fc,FirstNumber=116,secondNumber=741}  added by thread pool-3-thread-6
 message  {Id=bdb5aee6-ecf2-4de5-a156-f758c9e747fc,FirstNumber=116,secondNumber=741}  written to file by thread pool-3-thread-5
 message  {Id=b2504cbe-50df-4f41-8c06-59d8c05c9b07,FirstNumber=812,secondNumber=1286}  added by thread pool-3-thread-6
 message  {Id=b2504cbe-50df-4f41-8c06-59d8c05c9b07,FirstNumber=812,secondNumber=1286}  written to file by thread pool-3-thread-5
 message  {Id=83ce4bae-0f77-40f5-98ca-7e786d8d38f3,FirstNumber=491,secondNumber=1179}  added by thread pool-3-thread-6
 message  {Id=83ce4bae-0f77-40f5-98ca-7e786d8d38f3,FirstNumber=491,secondNumber=1179}  written to file by thread pool-3-thread-5
 message  {Id=996aaf16-a120-4dcf-8a07-d7c9aa0668b7,FirstNumber=263,secondNumber=990}  added by thread pool-3-thread-6
 message  {Id=996aaf16-a120-4dcf-8a07-d7c9aa0668b7,FirstNumber=263,secondNumber=990}  written to file by thread pool-3-thread-4
 message  {Id=157c9cb2-f705-418f-8732-a91fbd1e07ba,FirstNumber=308,secondNumber=1157}  added by thread pool-3-thread-6
 message  {Id=157c9cb2-f705-418f-8732-a91fbd1e07ba,FirstNumber=308,secondNumber=1157}  written to file by thread pool-3-thread-2
 message  {Id=c07dbd37-39e3-42d0-813e-5a6cfb520318,FirstNumber=98,secondNumber=642}  added by thread pool-3-thread-6
 message  {Id=c07dbd37-39e3-42d0-813e-5a6cfb520318,FirstNumber=98,secondNumber=642}  written to file by thread pool-3-thread-2
 message  {Id=7c7e157b-ec41-41c3-a52d-5f354f34115e,FirstNumber=751,secondNumber=1101}  added by thread pool-3-thread-6
 message  {Id=7c7e157b-ec41-41c3-a52d-5f354f34115e,FirstNumber=751,secondNumber=1101}  written to file by thread pool-3-thread-2
 message  {Id=e9e1dbb1-dcb6-4e8d-9ffe-ac129654e33e,FirstNumber=238,secondNumber=810}  added by thread pool-3-thread-6
 message  {Id=22b2c2c4-900a-442d-b641-69aaca8abebc,FirstNumber=456,secondNumber=1717}  added by thread pool-3-thread-6
 message  {Id=e9e1dbb1-dcb6-4e8d-9ffe-ac129654e33e,FirstNumber=238,secondNumber=810}  written to file by thread pool-3-thread-5
 message  {Id=22b2c2c4-900a-442d-b641-69aaca8abebc,FirstNumber=456,secondNumber=1717}  written to file by thread pool-3-thread-4
 message  {Id=4317ab0e-1119-4c90-b9ce-f67bd95eb6f2,FirstNumber=510,secondNumber=226}  added by thread pool-3-thread-6
 message  {Id=4317ab0e-1119-4c90-b9ce-f67bd95eb6f2,FirstNumber=510,secondNumber=226}  written to file by thread pool-3-thread-3
 message  {Id=035d5b63-dbdd-4a5c-b2ba-870c320110b0,FirstNumber=383,secondNumber=184}  added by thread pool-3-thread-6
 message  {Id=035d5b63-dbdd-4a5c-b2ba-870c320110b0,FirstNumber=383,secondNumber=184}  written to file by thread pool-3-thread-1
 message  {Id=0b8fe27a-39ad-404d-92d5-5a01107e9174,FirstNumber=675,secondNumber=1964}  added by thread pool-3-thread-6
 message  {Id=0b8fe27a-39ad-404d-92d5-5a01107e9174,FirstNumber=675,secondNumber=1964}  written to file by thread pool-3-thread-1
 message  {Id=d20a6830-eda1-437d-8708-fea6b469334a,FirstNumber=170,secondNumber=1023}  added by thread pool-3-thread-6
 message  {Id=d20a6830-eda1-437d-8708-fea6b469334a,FirstNumber=170,secondNumber=1023}  written to file by thread pool-3-thread-1
 message  {Id=067f6651-8527-445e-b80a-07d8a49bfc92,FirstNumber=760,secondNumber=462}  added by thread pool-3-thread-6
 message  {Id=067f6651-8527-445e-b80a-07d8a49bfc92,FirstNumber=760,secondNumber=462}  written to file by thread pool-3-thread-4
 message  {Id=1e6b5666-e597-46cd-84c3-d65e6aa54fe8,FirstNumber=847,secondNumber=1064}  added by thread pool-3-thread-6
 message  {Id=1e6b5666-e597-46cd-84c3-d65e6aa54fe8,FirstNumber=847,secondNumber=1064}  written to file by thread pool-3-thread-4
 message  {Id=b1120398-8be3-422a-91e8-4fdd5969a21d,FirstNumber=649,secondNumber=446}  added by thread pool-3-thread-6
 message  {Id=b1120398-8be3-422a-91e8-4fdd5969a21d,FirstNumber=649,secondNumber=446}  written to file by thread pool-3-thread-2
 message  {Id=d14c2133-f2ff-4e00-8b34-f7f9cb2d80e1,FirstNumber=38,secondNumber=1210}  added by thread pool-3-thread-6
 message  {Id=d14c2133-f2ff-4e00-8b34-f7f9cb2d80e1,FirstNumber=38,secondNumber=1210}  written to file by thread pool-3-thread-2
 message  {Id=fd13f975-8c5e-4bc3-ad87-a0ff17d18c96,FirstNumber=984,secondNumber=1452}  added by thread pool-3-thread-6
 message  {Id=fd13f975-8c5e-4bc3-ad87-a0ff17d18c96,FirstNumber=984,secondNumber=1452}  written to file by thread pool-3-thread-1
 message  {Id=27fa7e4d-1d8f-4864-9cc9-9f6f6d8e995d,FirstNumber=62,secondNumber=662}  added by thread pool-3-thread-6
 message  {Id=27fa7e4d-1d8f-4864-9cc9-9f6f6d8e995d,FirstNumber=62,secondNumber=662}  written to file by thread pool-3-thread-3
 message  {Id=76be4b47-f190-4555-adfa-b7f201dee535,FirstNumber=105,secondNumber=1143}  added by thread pool-3-thread-6
 message  {Id=76be4b47-f190-4555-adfa-b7f201dee535,FirstNumber=105,secondNumber=1143}  written to file by thread pool-3-thread-3
 message  {Id=aa5f1c25-2549-47f1-81e8-bd42a3035aa5,FirstNumber=393,secondNumber=1170}  added by thread pool-3-thread-6
 message  {Id=aa5f1c25-2549-47f1-81e8-bd42a3035aa5,FirstNumber=393,secondNumber=1170}  written to file by thread pool-3-thread-5
 message  {Id=6047ab8a-c17e-4c76-90dd-9e82d677d278,FirstNumber=291,secondNumber=1236}  added by thread pool-3-thread-6
 message  {Id=6047ab8a-c17e-4c76-90dd-9e82d677d278,FirstNumber=291,secondNumber=1236}  written to file by thread pool-3-thread-5
 message  {Id=04ba6605-8095-46ad-89a2-d1934c1b6fbd,FirstNumber=4,secondNumber=365}  added by thread pool-3-thread-6
 message  {Id=04ba6605-8095-46ad-89a2-d1934c1b6fbd,FirstNumber=4,secondNumber=365}  written to file by thread pool-3-thread-5
 message  {Id=ec962f05-0579-4f07-a952-0056f8df5a44,FirstNumber=968,secondNumber=1816}  added by thread pool-3-thread-6
 message  {Id=ec962f05-0579-4f07-a952-0056f8df5a44,FirstNumber=968,secondNumber=1816}  written to file by thread pool-3-thread-4
 message  {Id=79493799-2f74-4dc4-b5f8-b461c9cc09ef,FirstNumber=219,secondNumber=1603}  added by thread pool-3-thread-6
 message  {Id=79493799-2f74-4dc4-b5f8-b461c9cc09ef,FirstNumber=219,secondNumber=1603}  written to file by thread pool-3-thread-3
 message  {Id=9cda6760-57eb-48c3-bc1a-b98bcf1ca80c,FirstNumber=452,secondNumber=743}  added by thread pool-3-thread-6
 message  {Id=9cda6760-57eb-48c3-bc1a-b98bcf1ca80c,FirstNumber=452,secondNumber=743}  written to file by thread pool-3-thread-2
 message  {Id=e28b4f8d-6dc7-4c82-a8a3-4a03000e5f8d,FirstNumber=33,secondNumber=802}  added by thread pool-3-thread-6
 message  {Id=e28b4f8d-6dc7-4c82-a8a3-4a03000e5f8d,FirstNumber=33,secondNumber=802}  written to file by thread pool-3-thread-1
 message  {Id=65fc9601-0534-4f6b-8135-7ed72aed1fd5,FirstNumber=672,secondNumber=47}  added by thread pool-3-thread-6
 message  {Id=65fc9601-0534-4f6b-8135-7ed72aed1fd5,FirstNumber=672,secondNumber=47}  written to file by thread pool-3-thread-1
 message  {Id=6b3c5229-c1c0-450b-b957-4149e5aec914,FirstNumber=662,secondNumber=788}  added by thread pool-3-thread-6
 message  {Id=6b3c5229-c1c0-450b-b957-4149e5aec914,FirstNumber=662,secondNumber=788}  written to file by thread pool-3-thread-4
 message  {Id=94887657-d2e1-4019-aba6-d418efa0e52b,FirstNumber=663,secondNumber=480}  added by thread pool-3-thread-6
 message  {Id=94887657-d2e1-4019-aba6-d418efa0e52b,FirstNumber=663,secondNumber=480}  written to file by thread pool-3-thread-3
 message  {Id=649f8e96-9102-4876-b099-493c581a9a88,FirstNumber=453,secondNumber=1766}  added by thread pool-3-thread-6
 message  {Id=649f8e96-9102-4876-b099-493c581a9a88,FirstNumber=453,secondNumber=1766}  written to file by thread pool-3-thread-2
 message  {Id=50e192af-4782-4476-8b10-eb34b63c8118,FirstNumber=67,secondNumber=1679}  added by thread pool-3-thread-6
 message  {Id=50e192af-4782-4476-8b10-eb34b63c8118,FirstNumber=67,secondNumber=1679}  written to file by thread pool-3-thread-2
 message  {Id=ad84f622-f1cb-448d-9da8-07c03e6906ed,FirstNumber=457,secondNumber=1865}  added by thread pool-3-thread-6
 message  {Id=ad84f622-f1cb-448d-9da8-07c03e6906ed,FirstNumber=457,secondNumber=1865}  written to file by thread pool-3-thread-2
 message  {Id=f035c10e-c2f3-4417-9a83-8f422e86f664,FirstNumber=820,secondNumber=586}  added by thread pool-3-thread-6
 message  {Id=23175e41-55e4-4db0-b24b-20018fc38099,FirstNumber=819,secondNumber=971}  added by thread pool-3-thread-6
 message  {Id=f035c10e-c2f3-4417-9a83-8f422e86f664,FirstNumber=820,secondNumber=586}  written to file by thread pool-3-thread-4
 message  {Id=07b83b60-8e0b-4ee4-bb90-cff8539f67b9,FirstNumber=973,secondNumber=111}  added by thread pool-3-thread-6
 message  {Id=23175e41-55e4-4db0-b24b-20018fc38099,FirstNumber=819,secondNumber=971}  written to file by thread pool-3-thread-3
 message  {Id=07b83b60-8e0b-4ee4-bb90-cff8539f67b9,FirstNumber=973,secondNumber=111}  written to file by thread pool-3-thread-5
 message  {Id=cca0dd81-51eb-430f-b4ee-a57a250de128,FirstNumber=927,secondNumber=85}  added by thread pool-3-thread-6
 message  {Id=cca0dd81-51eb-430f-b4ee-a57a250de128,FirstNumber=927,secondNumber=85}  written to file by thread pool-3-thread-1
 message  {Id=219bf4d4-1cc3-4728-82c0-6a20d120cd74,FirstNumber=292,secondNumber=507}  added by thread pool-3-thread-6
 message  {Id=219bf4d4-1cc3-4728-82c0-6a20d120cd74,FirstNumber=292,secondNumber=507}  written to file by thread pool-3-thread-2
 message  {Id=065fde66-3f71-4ded-a792-f819f607e42e,FirstNumber=643,secondNumber=1108}  added by thread pool-3-thread-6
 message  {Id=065fde66-3f71-4ded-a792-f819f607e42e,FirstNumber=643,secondNumber=1108}  written to file by thread pool-3-thread-2
 message  {Id=111ceefd-b76c-49b4-9ba9-a2a88dc1467a,FirstNumber=822,secondNumber=1432}  added by thread pool-3-thread-6
 message  {Id=111ceefd-b76c-49b4-9ba9-a2a88dc1467a,FirstNumber=822,secondNumber=1432}  written to file by thread pool-3-thread-3
 message  {Id=2eee48a4-74bc-4d43-8769-e477d47a69db,FirstNumber=987,secondNumber=272}  added by thread pool-3-thread-6
 message  {Id=2eee48a4-74bc-4d43-8769-e477d47a69db,FirstNumber=987,secondNumber=272}  written to file by thread pool-3-thread-5
 message  {Id=347e1e1f-c874-4149-b970-08d80207ea93,FirstNumber=780,secondNumber=977}  added by thread pool-3-thread-6
 message  {Id=15f5504d-e397-46ff-a81f-3be6df1d7866,FirstNumber=699,secondNumber=1382}  added by thread pool-3-thread-6
 message  {Id=347e1e1f-c874-4149-b970-08d80207ea93,FirstNumber=780,secondNumber=977}  written to file by thread pool-3-thread-5
 message  {Id=15f5504d-e397-46ff-a81f-3be6df1d7866,FirstNumber=699,secondNumber=1382}  written to file by thread pool-3-thread-4
 message  {Id=e55abb66-1a47-41ca-945f-0a1fbac761b3,FirstNumber=135,secondNumber=169}  added by thread pool-3-thread-6
 message  {Id=e55abb66-1a47-41ca-945f-0a1fbac761b3,FirstNumber=135,secondNumber=169}  written to file by thread pool-3-thread-2
 message  {Id=80b287cb-bec7-428f-aeee-346634ba3597,FirstNumber=68,secondNumber=1075}  added by thread pool-3-thread-6
 message  {Id=80b287cb-bec7-428f-aeee-346634ba3597,FirstNumber=68,secondNumber=1075}  written to file by thread pool-3-thread-3
 message  {Id=c27274e8-8c2e-4f4a-8fc0-bfe1c32e2d9d,FirstNumber=437,secondNumber=1692}  added by thread pool-3-thread-6
 message  {Id=c27274e8-8c2e-4f4a-8fc0-bfe1c32e2d9d,FirstNumber=437,secondNumber=1692}  written to file by thread pool-3-thread-3
 message  {Id=4c9577af-a140-4877-a70c-0369379a1702,FirstNumber=920,secondNumber=70}  added by thread pool-3-thread-6
 message  {Id=2be842b1-d00d-4966-8273-659b2526c6c5,FirstNumber=679,secondNumber=1988}  added by thread pool-3-thread-6
 message  {Id=4c9577af-a140-4877-a70c-0369379a1702,FirstNumber=920,secondNumber=70}  written to file by thread pool-3-thread-5
 message  {Id=deb3deb5-d5df-4f17-a7d5-1f303df27f5b,FirstNumber=430,secondNumber=1358}  added by thread pool-3-thread-6
 message  {Id=2be842b1-d00d-4966-8273-659b2526c6c5,FirstNumber=679,secondNumber=1988}  written to file by thread pool-3-thread-4
 message  {Id=deb3deb5-d5df-4f17-a7d5-1f303df27f5b,FirstNumber=430,secondNumber=1358}  written to file by thread pool-3-thread-2
 message  {Id=b5977e54-7e5a-40f6-9d61-c5895f38cf1c,FirstNumber=225,secondNumber=645}  added by thread pool-3-thread-6
 message  {Id=b5977e54-7e5a-40f6-9d61-c5895f38cf1c,FirstNumber=225,secondNumber=645}  written to file by thread pool-3-thread-2
 message  {Id=949a6479-20d3-4c7a-a8ec-cafcb9140770,FirstNumber=698,secondNumber=1491}  added by thread pool-3-thread-6
 message  {Id=949a6479-20d3-4c7a-a8ec-cafcb9140770,FirstNumber=698,secondNumber=1491}  written to file by thread pool-3-thread-3
 message  {Id=ab711ad5-811f-44f4-8de4-be1909dbca60,FirstNumber=861,secondNumber=1815}  added by thread pool-3-thread-6
 message  {Id=80f623b7-41c0-4765-8b58-b2fa52e1fe38,FirstNumber=881,secondNumber=1757}  added by thread pool-3-thread-6
 message  {Id=ab711ad5-811f-44f4-8de4-be1909dbca60,FirstNumber=861,secondNumber=1815}  written to file by thread pool-3-thread-5
 message  {Id=80f623b7-41c0-4765-8b58-b2fa52e1fe38,FirstNumber=881,secondNumber=1757}  written to file by thread pool-3-thread-4
 message  {Id=e6c35c58-8995-478e-9a0c-a2c66dbce878,FirstNumber=100,secondNumber=405}  added by thread pool-3-thread-6
 message  {Id=e6c35c58-8995-478e-9a0c-a2c66dbce878,FirstNumber=100,secondNumber=405}  written to file by thread pool-3-thread-4
 message  {Id=cdd7e84e-9c7a-4928-866d-4cc4cbab4ab7,FirstNumber=659,secondNumber=968}  added by thread pool-3-thread-6
 message  {Id=cdd7e84e-9c7a-4928-866d-4cc4cbab4ab7,FirstNumber=659,secondNumber=968}  written to file by thread pool-3-thread-4
 message  {Id=0ff8601f-3133-46f1-b42c-e1cf3d04392d,FirstNumber=149,secondNumber=1331}  added by thread pool-3-thread-6
 message  {Id=0ff8601f-3133-46f1-b42c-e1cf3d04392d,FirstNumber=149,secondNumber=1331}  written to file by thread pool-3-thread-3
 message  {Id=cb98c2e4-65bb-4239-918b-55b00362e75d,FirstNumber=130,secondNumber=1062}  added by thread pool-3-thread-6
 message  {Id=cb98c2e4-65bb-4239-918b-55b00362e75d,FirstNumber=130,secondNumber=1062}  written to file by thread pool-3-thread-3
 message  {Id=d2537515-9d72-43b1-8e13-0b9ddf72d692,FirstNumber=404,secondNumber=579}  added by thread pool-3-thread-6
 message  {Id=b941a031-5adc-4a7c-9582-036f43afbab5,FirstNumber=406,secondNumber=1677}  added by thread pool-3-thread-6
 message  {Id=d2537515-9d72-43b1-8e13-0b9ddf72d692,FirstNumber=404,secondNumber=579}  written to file by thread pool-3-thread-1
 message  {Id=b941a031-5adc-4a7c-9582-036f43afbab5,FirstNumber=406,secondNumber=1677}  written to file by thread pool-3-thread-2
 message  {Id=65fe3de4-4d17-4bb2-8c06-006c69b0ec6d,FirstNumber=705,secondNumber=472}  added by thread pool-3-thread-6
 message  {Id=65fe3de4-4d17-4bb2-8c06-006c69b0ec6d,FirstNumber=705,secondNumber=472}  written to file by thread pool-3-thread-4
 message  {Id=b2997122-12fd-46af-86d8-65ab6c6e95b6,FirstNumber=321,secondNumber=624}  added by thread pool-3-thread-6
 message  {Id=b2997122-12fd-46af-86d8-65ab6c6e95b6,FirstNumber=321,secondNumber=624}  written to file by thread pool-3-thread-4
 message  {Id=18d8d1eb-33bf-4b1f-8d2e-4307c30583a9,FirstNumber=342,secondNumber=128}  added by thread pool-3-thread-6
 message  {Id=61052df2-7259-4a27-89cd-bc25fca50e34,FirstNumber=985,secondNumber=813}  added by thread pool-3-thread-6
 message  {Id=18d8d1eb-33bf-4b1f-8d2e-4307c30583a9,FirstNumber=342,secondNumber=128}  written to file by thread pool-3-thread-3
 message  {Id=94a32f35-3ecc-44e7-bec7-63d8416a05ce,FirstNumber=900,secondNumber=1182}  added by thread pool-3-thread-6
 message  {Id=61052df2-7259-4a27-89cd-bc25fca50e34,FirstNumber=985,secondNumber=813}  written to file by thread pool-3-thread-1
 message  {Id=94a32f35-3ecc-44e7-bec7-63d8416a05ce,FirstNumber=900,secondNumber=1182}  written to file by thread pool-3-thread-2
 message  {Id=9e196029-6e75-4ff1-bab3-ce6ac0df1c60,FirstNumber=439,secondNumber=1975}  added by thread pool-3-thread-6
 message  {Id=9e196029-6e75-4ff1-bab3-ce6ac0df1c60,FirstNumber=439,secondNumber=1975}  written to file by thread pool-3-thread-5
 message  {Id=72f7110b-c2b9-457a-9706-95742a7e79e7,FirstNumber=346,secondNumber=1048}  added by thread pool-3-thread-6
 message  {Id=72f7110b-c2b9-457a-9706-95742a7e79e7,FirstNumber=346,secondNumber=1048}  written to file by thread pool-3-thread-5
 message  {Id=40455329-0654-424a-8367-ff4c0af48a7a,FirstNumber=512,secondNumber=789}  added by thread pool-3-thread-6
 message  {Id=40455329-0654-424a-8367-ff4c0af48a7a,FirstNumber=512,secondNumber=789}  written to file by thread pool-3-thread-5
 message  {Id=2c71c73e-2819-4a63-a3e5-e06ec61c0978,FirstNumber=723,secondNumber=1458}  added by thread pool-3-thread-6
 message  {Id=2c71c73e-2819-4a63-a3e5-e06ec61c0978,FirstNumber=723,secondNumber=1458}  written to file by thread pool-3-thread-1
 message  {Id=853f9964-c48e-48a1-ab60-f5a6024140b9,FirstNumber=34,secondNumber=309}  added by thread pool-3-thread-6
 message  {Id=853f9964-c48e-48a1-ab60-f5a6024140b9,FirstNumber=34,secondNumber=309}  written to file by thread pool-3-thread-2
 message  {Id=b9ea1d0a-b79a-498d-bf60-7686c35b7bb4,FirstNumber=927,secondNumber=638}  added by thread pool-3-thread-6
 message  {Id=b9ea1d0a-b79a-498d-bf60-7686c35b7bb4,FirstNumber=927,secondNumber=638}  written to file by thread pool-3-thread-2
 message  {Id=04bb0903-64a1-4dab-986b-f4fad945af94,FirstNumber=881,secondNumber=1283}  added by thread pool-3-thread-6
 message  {Id=04bb0903-64a1-4dab-986b-f4fad945af94,FirstNumber=881,secondNumber=1283}  written to file by thread pool-3-thread-3
 message  {Id=1f5bf54f-09f4-4e4b-bbdc-63bf00afe0c7,FirstNumber=397,secondNumber=1075}  added by thread pool-3-thread-6
 message  {Id=1f5bf54f-09f4-4e4b-bbdc-63bf00afe0c7,FirstNumber=397,secondNumber=1075}  written to file by thread pool-3-thread-3
 message  {Id=a91709d1-8273-4799-afdf-c6c7972a1371,FirstNumber=356,secondNumber=585}  added by thread pool-3-thread-6
 message  {Id=a91709d1-8273-4799-afdf-c6c7972a1371,FirstNumber=356,secondNumber=585}  written to file by thread pool-3-thread-3
 message  {Id=f3ee1b4c-244b-4b81-a306-65cec3f31e4a,FirstNumber=214,secondNumber=1643}  added by thread pool-3-thread-6
 message  {Id=f3ee1b4c-244b-4b81-a306-65cec3f31e4a,FirstNumber=214,secondNumber=1643}  written to file by thread pool-3-thread-3
 message  {Id=fbd16e5d-6099-4be3-a33d-dac4e9db283a,FirstNumber=141,secondNumber=294}  added by thread pool-3-thread-6
 message  {Id=fbd16e5d-6099-4be3-a33d-dac4e9db283a,FirstNumber=141,secondNumber=294}  written to file by thread pool-3-thread-3
 message  {Id=56a37017-2712-4365-bdb4-5319119892e9,FirstNumber=773,secondNumber=688}  added by thread pool-3-thread-6
 message  {Id=56a37017-2712-4365-bdb4-5319119892e9,FirstNumber=773,secondNumber=688}  written to file by thread pool-3-thread-5
 message  {Id=f6b72675-bd1f-4197-92f9-76151a106dca,FirstNumber=289,secondNumber=1303}  added by thread pool-3-thread-6
 message  {Id=f6b72675-bd1f-4197-92f9-76151a106dca,FirstNumber=289,secondNumber=1303}  written to file by thread pool-3-thread-5
 message  {Id=63a73450-c326-4417-9eb4-f22891c66c39,FirstNumber=609,secondNumber=557}  added by thread pool-3-thread-6
 message  {Id=63a73450-c326-4417-9eb4-f22891c66c39,FirstNumber=609,secondNumber=557}  written to file by thread pool-3-thread-5
 message  {Id=ed90fb6c-5256-44b9-a969-21b02bf26a65,FirstNumber=980,secondNumber=1547}  added by thread pool-3-thread-6
 message  {Id=ed90fb6c-5256-44b9-a969-21b02bf26a65,FirstNumber=980,secondNumber=1547}  written to file by thread pool-3-thread-2
 message  {Id=2773d587-2098-4a9d-a200-debfc75692e5,FirstNumber=273,secondNumber=398}  added by thread pool-3-thread-6
 message  {Id=d9526ea4-97cd-4b90-9f47-36961c362da0,FirstNumber=638,secondNumber=388}  added by thread pool-3-thread-6
 message  {Id=2773d587-2098-4a9d-a200-debfc75692e5,FirstNumber=273,secondNumber=398}  written to file by thread pool-3-thread-3
 message  {Id=d9526ea4-97cd-4b90-9f47-36961c362da0,FirstNumber=638,secondNumber=388}  written to file by thread pool-3-thread-1
 message  {Id=d46c5c5b-ead3-43e4-9f5f-100296e1e11d,FirstNumber=998,secondNumber=341}  added by thread pool-3-thread-6
 message  {Id=b4df81e5-9150-4123-8e97-a0ddc613af28,FirstNumber=147,secondNumber=1805}  added by thread pool-3-thread-6
 message  {Id=d46c5c5b-ead3-43e4-9f5f-100296e1e11d,FirstNumber=998,secondNumber=341}  written to file by thread pool-3-thread-4
 message  {Id=fe4e5270-8f59-4bee-b73f-95aa36267704,FirstNumber=178,secondNumber=518}  added by thread pool-3-thread-6
 message  {Id=b4df81e5-9150-4123-8e97-a0ddc613af28,FirstNumber=147,secondNumber=1805}  written to file by thread pool-3-thread-5
 message  {Id=5c39b9dd-1c15-4e74-a5d2-9cff745755ca,FirstNumber=993,secondNumber=280}  added by thread pool-3-thread-6
 message  {Id=fe4e5270-8f59-4bee-b73f-95aa36267704,FirstNumber=178,secondNumber=518}  written to file by thread pool-3-thread-2
 message  {Id=5c39b9dd-1c15-4e74-a5d2-9cff745755ca,FirstNumber=993,secondNumber=280}  written to file by thread pool-3-thread-3
 message  {Id=c9d2416c-cb37-49e3-9bb4-16f4d518bbba,FirstNumber=977,secondNumber=1022}  added by thread pool-3-thread-6
 message  {Id=c9d2416c-cb37-49e3-9bb4-16f4d518bbba,FirstNumber=977,secondNumber=1022}  written to file by thread pool-3-thread-3
 message  {Id=aeef8aab-57a2-4936-be1c-e0b55d3b3b53,FirstNumber=550,secondNumber=1175}  added by thread pool-3-thread-6
 message  {Id=aeef8aab-57a2-4936-be1c-e0b55d3b3b53,FirstNumber=550,secondNumber=1175}  written to file by thread pool-3-thread-3
 message  {Id=3245702e-a1fd-48b2-b657-c33d60131281,FirstNumber=956,secondNumber=1847}  added by thread pool-3-thread-6
 message  {Id=3245702e-a1fd-48b2-b657-c33d60131281,FirstNumber=956,secondNumber=1847}  written to file by thread pool-3-thread-5
 message  {Id=f3019c18-41cc-4533-9df7-d1af5219608d,FirstNumber=637,secondNumber=1959}  added by thread pool-3-thread-6
 message  {Id=f3019c18-41cc-4533-9df7-d1af5219608d,FirstNumber=637,secondNumber=1959}  written to file by thread pool-3-thread-2
 message  {Id=c65cf3f9-7085-4a19-a552-090c13154252,FirstNumber=312,secondNumber=1239}  added by thread pool-3-thread-6
 message  {Id=c65cf3f9-7085-4a19-a552-090c13154252,FirstNumber=312,secondNumber=1239}  written to file by thread pool-3-thread-2
 message  {Id=c1d097e5-93cf-4834-8bc8-6985fb05e08c,FirstNumber=181,secondNumber=306}  added by thread pool-3-thread-6
 message  {Id=c1d097e5-93cf-4834-8bc8-6985fb05e08c,FirstNumber=181,secondNumber=306}  written to file by thread pool-3-thread-4
 message  {Id=c38bc3ca-d917-4477-8c9c-bfd48b119a0d,FirstNumber=346,secondNumber=1124}  added by thread pool-3-thread-6
 message  {Id=490901a9-2a8c-4142-970f-bf4a11394e5e,FirstNumber=260,secondNumber=1909}  added by thread pool-3-thread-6
 message  {Id=c38bc3ca-d917-4477-8c9c-bfd48b119a0d,FirstNumber=346,secondNumber=1124}  written to file by thread pool-3-thread-4
 message  {Id=490901a9-2a8c-4142-970f-bf4a11394e5e,FirstNumber=260,secondNumber=1909}  written to file by thread pool-3-thread-5
 message  {Id=1ab8788d-1bac-4066-ab99-b0ac88a3eac5,FirstNumber=208,secondNumber=278}  added by thread pool-3-thread-6
 message  {Id=1ab8788d-1bac-4066-ab99-b0ac88a3eac5,FirstNumber=208,secondNumber=278}  written to file by thread pool-3-thread-5
 message  {Id=888b60dd-0fee-47e0-89e8-8b9a43f1a6a6,FirstNumber=798,secondNumber=1912}  added by thread pool-3-thread-6
 message  {Id=888b60dd-0fee-47e0-89e8-8b9a43f1a6a6,FirstNumber=798,secondNumber=1912}  written to file by thread pool-3-thread-2
 message  {Id=4556999b-3c05-4a1f-a4d0-d53079c9f981,FirstNumber=717,secondNumber=145}  added by thread pool-3-thread-6
 message  {Id=4c1eb1d1-51d6-45db-9b46-0bc5a299dc78,FirstNumber=231,secondNumber=1121}  added by thread pool-3-thread-6
 message  {Id=4556999b-3c05-4a1f-a4d0-d53079c9f981,FirstNumber=717,secondNumber=145}  written to file by thread pool-3-thread-3
 message  {Id=50044cb0-d0ef-4b1e-91d7-15a10aab7c80,FirstNumber=711,secondNumber=682}  added by thread pool-3-thread-6
 message  {Id=4c1eb1d1-51d6-45db-9b46-0bc5a299dc78,FirstNumber=231,secondNumber=1121}  written to file by thread pool-3-thread-4
 message  {Id=50044cb0-d0ef-4b1e-91d7-15a10aab7c80,FirstNumber=711,secondNumber=682}  written to file by thread pool-3-thread-1
 message  {Id=fd3a0fc3-48c3-4c76-ad95-b65442686e26,FirstNumber=255,secondNumber=1339}  added by thread pool-3-thread-6
 message  {Id=fd3a0fc3-48c3-4c76-ad95-b65442686e26,FirstNumber=255,secondNumber=1339}  written to file by thread pool-3-thread-1
 message  {Id=76939cd9-cce2-45f9-bcd9-7b02c34d7c07,FirstNumber=557,secondNumber=610}  added by thread pool-3-thread-6
 message  {Id=76939cd9-cce2-45f9-bcd9-7b02c34d7c07,FirstNumber=557,secondNumber=610}  written to file by thread pool-3-thread-1
 message  {Id=b0b5dad0-0170-4f21-a87a-ccf57eed4940,FirstNumber=563,secondNumber=1812}  added by thread pool-3-thread-6
 message  {Id=b0b5dad0-0170-4f21-a87a-ccf57eed4940,FirstNumber=563,secondNumber=1812}  written to file by thread pool-3-thread-3
 message  {Id=d10437ee-c253-4cb5-a447-2894b2509b55,FirstNumber=781,secondNumber=1975}  added by thread pool-3-thread-6
 message  {Id=9c618542-3fa5-465e-b44b-d95771f6f469,FirstNumber=415,secondNumber=441}  added by thread pool-3-thread-6
 message  {Id=d10437ee-c253-4cb5-a447-2894b2509b55,FirstNumber=781,secondNumber=1975}  written to file by thread pool-3-thread-3
 message  {Id=9c618542-3fa5-465e-b44b-d95771f6f469,FirstNumber=415,secondNumber=441}  written to file by thread pool-3-thread-5
 message  {Id=e3825d99-5e4a-4dbe-9d68-1c86a1077cf1,FirstNumber=503,secondNumber=130}  added by thread pool-3-thread-6
 message  {Id=e3825d99-5e4a-4dbe-9d68-1c86a1077cf1,FirstNumber=503,secondNumber=130}  written to file by thread pool-3-thread-5
 message  {Id=35b95e7e-7e1e-4a19-96bb-afc00341244a,FirstNumber=322,secondNumber=795}  added by thread pool-3-thread-6
 message  {Id=35b95e7e-7e1e-4a19-96bb-afc00341244a,FirstNumber=322,secondNumber=795}  written to file by thread pool-3-thread-1
 message  {Id=9c6e6583-cf52-4c36-9ebe-0c12627f4686,FirstNumber=566,secondNumber=668}  added by thread pool-3-thread-6
 message  {Id=9cd21040-ff96-43ca-b426-8d6e98371896,FirstNumber=41,secondNumber=1207}  added by thread pool-3-thread-6
 message  {Id=9c6e6583-cf52-4c36-9ebe-0c12627f4686,FirstNumber=566,secondNumber=668}  written to file by thread pool-3-thread-4
 message  {Id=f239a80b-2cdf-411d-98ad-c9eed90b6bf4,FirstNumber=381,secondNumber=1969}  added by thread pool-3-thread-6
 message  {Id=9cd21040-ff96-43ca-b426-8d6e98371896,FirstNumber=41,secondNumber=1207}  written to file by thread pool-3-thread-3
 message  {Id=24a6fe62-e8f0-4d68-b62e-d763ec78cd6e,FirstNumber=467,secondNumber=1816}  added by thread pool-3-thread-6
 message  {Id=f239a80b-2cdf-411d-98ad-c9eed90b6bf4,FirstNumber=381,secondNumber=1969}  written to file by thread pool-3-thread-2
 message  {Id=24a6fe62-e8f0-4d68-b62e-d763ec78cd6e,FirstNumber=467,secondNumber=1816}  written to file by thread pool-3-thread-5
 message  {Id=62538c71-2db7-4707-ac83-e59201851cfb,FirstNumber=834,secondNumber=1376}  added by thread pool-3-thread-6
 message  {Id=c09e749b-8eb5-4b52-bcf1-e4c17f50c1cb,FirstNumber=812,secondNumber=1972}  added by thread pool-3-thread-6
 message  {Id=62538c71-2db7-4707-ac83-e59201851cfb,FirstNumber=834,secondNumber=1376}  written to file by thread pool-3-thread-1
 message  {Id=c09e749b-8eb5-4b52-bcf1-e4c17f50c1cb,FirstNumber=812,secondNumber=1972}  written to file by thread pool-3-thread-4
 message  {Id=c5b8ea22-c0b7-4106-9a72-cee3a2b3a3e7,FirstNumber=858,secondNumber=1692}  added by thread pool-3-thread-6
 message  {Id=f3a21ed3-0ff9-4f06-ae21-40ae9dfb0b35,FirstNumber=540,secondNumber=743}  added by thread pool-3-thread-6
 message  {Id=c5b8ea22-c0b7-4106-9a72-cee3a2b3a3e7,FirstNumber=858,secondNumber=1692}  written to file by thread pool-3-thread-3
 message  {Id=f3a21ed3-0ff9-4f06-ae21-40ae9dfb0b35,FirstNumber=540,secondNumber=743}  written to file by thread pool-3-thread-2
 message  {Id=99c90e3b-56c0-4865-9672-d0e16e5159f9,FirstNumber=214,secondNumber=498}  added by thread pool-3-thread-6
 message  {Id=99c90e3b-56c0-4865-9672-d0e16e5159f9,FirstNumber=214,secondNumber=498}  written to file by thread pool-3-thread-5
 message  {Id=27746773-0fd4-4cbb-8d20-c1ab34bdeb67,FirstNumber=628,secondNumber=348}  added by thread pool-3-thread-6
 message  {Id=27746773-0fd4-4cbb-8d20-c1ab34bdeb67,FirstNumber=628,secondNumber=348}  written to file by thread pool-3-thread-1
 message  {Id=7290e9ad-44a8-42c7-b73d-ad4382e68d41,FirstNumber=43,secondNumber=183}  added by thread pool-3-thread-6
 message  {Id=7290e9ad-44a8-42c7-b73d-ad4382e68d41,FirstNumber=43,secondNumber=183}  written to file by thread pool-3-thread-1
 message  {Id=473983d3-7f05-45b7-aed9-7b13a1366c3a,FirstNumber=297,secondNumber=1263}  added by thread pool-3-thread-6
 message  {Id=473983d3-7f05-45b7-aed9-7b13a1366c3a,FirstNumber=297,secondNumber=1263}  written to file by thread pool-3-thread-3
 message  {Id=c0dcae2f-99f6-43b1-865a-935fbd71f152,FirstNumber=986,secondNumber=1197}  added by thread pool-3-thread-6
 message  {Id=c0dcae2f-99f6-43b1-865a-935fbd71f152,FirstNumber=986,secondNumber=1197}  written to file by thread pool-3-thread-3
 message  {Id=21fac6fc-d50c-4af3-88b3-0aa0768dddbf,FirstNumber=410,secondNumber=602}  added by thread pool-3-thread-6
 message  {Id=21fac6fc-d50c-4af3-88b3-0aa0768dddbf,FirstNumber=410,secondNumber=602}  written to file by thread pool-3-thread-5
 message  {Id=272b2ad7-8bcd-4711-80df-2a890604ceac,FirstNumber=329,secondNumber=1733}  added by thread pool-3-thread-6
 message  {Id=272b2ad7-8bcd-4711-80df-2a890604ceac,FirstNumber=329,secondNumber=1733}  written to file by thread pool-3-thread-4
 message  {Id=7ab16dee-f699-4840-85d4-fa3ec38ab1ec,FirstNumber=901,secondNumber=1618}  added by thread pool-3-thread-6
 message  {Id=7ab16dee-f699-4840-85d4-fa3ec38ab1ec,FirstNumber=901,secondNumber=1618}  written to file by thread pool-3-thread-4
 message  {Id=fd7e3984-e04d-4170-b442-091d14286079,FirstNumber=959,secondNumber=45}  added by thread pool-3-thread-6
 message  {Id=fb25a059-e93b-4740-b4c6-e7e406c28715,FirstNumber=602,secondNumber=749}  added by thread pool-3-thread-6
 message  {Id=fd7e3984-e04d-4170-b442-091d14286079,FirstNumber=959,secondNumber=45}  written to file by thread pool-3-thread-2
 message  {Id=fb25a059-e93b-4740-b4c6-e7e406c28715,FirstNumber=602,secondNumber=749}  written to file by thread pool-3-thread-3
 message  {Id=2e868a04-4b36-43bc-9141-a501d3578f12,FirstNumber=801,secondNumber=1217}  added by thread pool-3-thread-6
 message  {Id=2e868a04-4b36-43bc-9141-a501d3578f12,FirstNumber=801,secondNumber=1217}  written to file by thread pool-3-thread-5
 message  {Id=2697c288-95d7-44f8-974e-0f023096fc58,FirstNumber=615,secondNumber=1635}  added by thread pool-3-thread-6
 message  {Id=2697c288-95d7-44f8-974e-0f023096fc58,FirstNumber=615,secondNumber=1635}  written to file by thread pool-3-thread-5
 message  {Id=fa3eda47-b91d-47e8-96bd-898ea5cea305,FirstNumber=671,secondNumber=848}  added by thread pool-3-thread-6
 message  {Id=fa3eda47-b91d-47e8-96bd-898ea5cea305,FirstNumber=671,secondNumber=848}  written to file by thread pool-3-thread-5
 message  {Id=148f08c3-d4ab-46ae-9a0f-1e8e19b2c568,FirstNumber=656,secondNumber=1001}  added by thread pool-3-thread-6
 message  {Id=148f08c3-d4ab-46ae-9a0f-1e8e19b2c568,FirstNumber=656,secondNumber=1001}  written to file by thread pool-3-thread-2
 message  {Id=461e959f-dd12-4d3c-825c-ea6bf4f1b811,FirstNumber=310,secondNumber=1725}  added by thread pool-3-thread-6
 message  {Id=461e959f-dd12-4d3c-825c-ea6bf4f1b811,FirstNumber=310,secondNumber=1725}  written to file by thread pool-3-thread-2
 message  {Id=04999b8a-0fce-4d43-9740-91ca59bacdba,FirstNumber=805,secondNumber=1527}  added by thread pool-3-thread-6
 message  {Id=04999b8a-0fce-4d43-9740-91ca59bacdba,FirstNumber=805,secondNumber=1527}  written to file by thread pool-3-thread-1
 message  {Id=593b6432-20f0-4ecc-be05-9817f7876b9f,FirstNumber=421,secondNumber=733}  added by thread pool-3-thread-6
 message  {Id=593b6432-20f0-4ecc-be05-9817f7876b9f,FirstNumber=421,secondNumber=733}  written to file by thread pool-3-thread-4
 message  {Id=a84e0f81-7f71-41a6-a019-9ffaea0a4fa4,FirstNumber=977,secondNumber=931}  added by thread pool-3-thread-6
 message  {Id=a84e0f81-7f71-41a6-a019-9ffaea0a4fa4,FirstNumber=977,secondNumber=931}  written to file by thread pool-3-thread-4
 message  {Id=f1d2e1f3-9788-43e4-a422-0603c6454ca4,FirstNumber=170,secondNumber=43}  added by thread pool-3-thread-6
 message  {Id=5695daac-69de-49d2-aab7-615415142243,FirstNumber=997,secondNumber=78}  added by thread pool-3-thread-6
 message  {Id=f1d2e1f3-9788-43e4-a422-0603c6454ca4,FirstNumber=170,secondNumber=43}  written to file by thread pool-3-thread-3
 message  {Id=5695daac-69de-49d2-aab7-615415142243,FirstNumber=997,secondNumber=78}  written to file by thread pool-3-thread-2
 message  {Id=6ac21ccb-38bb-4f52-8cf8-1e09e10aa1da,FirstNumber=958,secondNumber=331}  added by thread pool-3-thread-6
 message  {Id=6ac21ccb-38bb-4f52-8cf8-1e09e10aa1da,FirstNumber=958,secondNumber=331}  written to file by thread pool-3-thread-1
 message  {Id=5aa4c6f9-0724-4130-8852-5c1632717ab6,FirstNumber=973,secondNumber=749}  added by thread pool-3-thread-6
 message  {Id=5aa4c6f9-0724-4130-8852-5c1632717ab6,FirstNumber=973,secondNumber=749}  written to file by thread pool-3-thread-1
 message  {Id=40ff625f-38df-4151-a01d-c25f76e723f6,FirstNumber=22,secondNumber=167}  added by thread pool-3-thread-6
 message  {Id=40ff625f-38df-4151-a01d-c25f76e723f6,FirstNumber=22,secondNumber=167}  written to file by thread pool-3-thread-1
 message  {Id=0086dfb7-ee96-405a-b0e9-0cb687aa8ce4,FirstNumber=151,secondNumber=989}  added by thread pool-3-thread-6
 message  {Id=0086dfb7-ee96-405a-b0e9-0cb687aa8ce4,FirstNumber=151,secondNumber=989}  written to file by thread pool-3-thread-3
 message  {Id=43d4a28b-b70e-4b4f-a626-ff056c8819d2,FirstNumber=959,secondNumber=1002}  added by thread pool-3-thread-6
 message  {Id=98c099fd-f313-48da-8d2f-b9c064da355f,FirstNumber=898,secondNumber=384}  added by thread pool-3-thread-6
 message  {Id=43d4a28b-b70e-4b4f-a626-ff056c8819d2,FirstNumber=959,secondNumber=1002}  written to file by thread pool-3-thread-2
 message  {Id=98c099fd-f313-48da-8d2f-b9c064da355f,FirstNumber=898,secondNumber=384}  written to file by thread pool-3-thread-5
 message  {Id=aa40f35c-3024-4a3b-a312-8fb6f3ac0489,FirstNumber=498,secondNumber=1417}  added by thread pool-3-thread-6
 message  {Id=aa40f35c-3024-4a3b-a312-8fb6f3ac0489,FirstNumber=498,secondNumber=1417}  written to file by thread pool-3-thread-4
 message  {Id=289ff011-23a9-468d-be5f-f908a64483fb,FirstNumber=216,secondNumber=299}  added by thread pool-3-thread-6
 message  {Id=289ff011-23a9-468d-be5f-f908a64483fb,FirstNumber=216,secondNumber=299}  written to file by thread pool-3-thread-1
 message  {Id=c6bf0597-4934-4c10-bd77-b16f6c9d1ec2,FirstNumber=480,secondNumber=1774}  added by thread pool-3-thread-6
 message  {Id=c6bf0597-4934-4c10-bd77-b16f6c9d1ec2,FirstNumber=480,secondNumber=1774}  written to file by thread pool-3-thread-1
 message  {Id=91cfc556-bfa6-454c-9bb4-d6606925a869,FirstNumber=345,secondNumber=1130}  added by thread pool-3-thread-6
 message  {Id=91cfc556-bfa6-454c-9bb4-d6606925a869,FirstNumber=345,secondNumber=1130}  written to file by thread pool-3-thread-1
 message  {Id=0a04a4ea-c06b-437f-a444-fade46457f75,FirstNumber=34,secondNumber=1405}  added by thread pool-3-thread-6
 message  {Id=0a04a4ea-c06b-437f-a444-fade46457f75,FirstNumber=34,secondNumber=1405}  written to file by thread pool-3-thread-5
 message  {Id=3dd88177-172f-433e-9fab-5c1c13d3a5d3,FirstNumber=395,secondNumber=522}  added by thread pool-3-thread-6
 message  {Id=3dd88177-172f-433e-9fab-5c1c13d3a5d3,FirstNumber=395,secondNumber=522}  written to file by thread pool-3-thread-4
 message  {Id=30b94ba5-b857-44e1-a22a-485da70254e7,FirstNumber=551,secondNumber=1363}  added by thread pool-3-thread-6
 message  {Id=6b63ed0b-1aec-4bcb-9c87-d3c9dc768109,FirstNumber=549,secondNumber=467}  added by thread pool-3-thread-6
 message  {Id=30b94ba5-b857-44e1-a22a-485da70254e7,FirstNumber=551,secondNumber=1363}  written to file by thread pool-3-thread-3
 message  {Id=122cdc5d-edc2-45fb-8ba2-4c2e60942302,FirstNumber=415,secondNumber=548}  added by thread pool-3-thread-6
 message  {Id=6b63ed0b-1aec-4bcb-9c87-d3c9dc768109,FirstNumber=549,secondNumber=467}  written to file by thread pool-3-thread-2
 message  {Id=122cdc5d-edc2-45fb-8ba2-4c2e60942302,FirstNumber=415,secondNumber=548}  written to file by thread pool-3-thread-1
 message  {Id=9ba6f5bd-b9d8-4cd8-8b79-220508cb2ef8,FirstNumber=186,secondNumber=1718}  added by thread pool-3-thread-6
 message  {Id=9ba6f5bd-b9d8-4cd8-8b79-220508cb2ef8,FirstNumber=186,secondNumber=1718}  written to file by thread pool-3-thread-5
 message  {Id=268a9076-c519-47b5-8a2b-98afa8ad09fb,FirstNumber=459,secondNumber=1785}  added by thread pool-3-thread-6
 message  {Id=268a9076-c519-47b5-8a2b-98afa8ad09fb,FirstNumber=459,secondNumber=1785}  written to file by thread pool-3-thread-5
 message  {Id=fa3e7c3c-cbba-427e-94a3-f91997540ebe,FirstNumber=181,secondNumber=825}  added by thread pool-3-thread-6
 message  {Id=fa3e7c3c-cbba-427e-94a3-f91997540ebe,FirstNumber=181,secondNumber=825}  written to file by thread pool-3-thread-3
 message  {Id=f48b984d-adb1-4ed6-96f6-ccd5f9e22f96,FirstNumber=197,secondNumber=1694}  added by thread pool-3-thread-6
 message  {Id=f48b984d-adb1-4ed6-96f6-ccd5f9e22f96,FirstNumber=197,secondNumber=1694}  written to file by thread pool-3-thread-3
 message  {Id=6ac577cb-10f6-46b2-a186-620ee2607d3a,FirstNumber=884,secondNumber=1181}  added by thread pool-3-thread-6
 message  {Id=6ac577cb-10f6-46b2-a186-620ee2607d3a,FirstNumber=884,secondNumber=1181}  written to file by thread pool-3-thread-1
 message  {Id=7bdc0f7c-9101-4162-ae88-1173ff03a1e2,FirstNumber=168,secondNumber=1863}  added by thread pool-3-thread-6
 message  {Id=7bdc0f7c-9101-4162-ae88-1173ff03a1e2,FirstNumber=168,secondNumber=1863}  written to file by thread pool-3-thread-1
 message  {Id=dfd042c5-f2ce-47ea-82cf-cd64523fc92d,FirstNumber=0,secondNumber=1119}  added by thread pool-3-thread-6
 message  {Id=dfd042c5-f2ce-47ea-82cf-cd64523fc92d,FirstNumber=0,secondNumber=1119}  written to file by thread pool-3-thread-5
 message  {Id=07d86569-75ee-47af-aa6b-e18bbb27c5b6,FirstNumber=242,secondNumber=343}  added by thread pool-3-thread-6
 message  {Id=2fdd6b4f-c3c3-47dc-9678-2409bb876580,FirstNumber=0,secondNumber=1724}  added by thread pool-3-thread-6
 message  {Id=07d86569-75ee-47af-aa6b-e18bbb27c5b6,FirstNumber=242,secondNumber=343}  written to file by thread pool-3-thread-2
 message  {Id=eacd2e41-2f71-406d-b3e8-f8b59c1f6906,FirstNumber=636,secondNumber=1352}  added by thread pool-3-thread-6
 message  {Id=2fdd6b4f-c3c3-47dc-9678-2409bb876580,FirstNumber=0,secondNumber=1724}  written to file by thread pool-3-thread-3
 message  {Id=e8dd723f-2532-4895-aac4-bd208679581c,FirstNumber=336,secondNumber=645}  added by thread pool-3-thread-6
 message  {Id=eacd2e41-2f71-406d-b3e8-f8b59c1f6906,FirstNumber=636,secondNumber=1352}  written to file by thread pool-3-thread-4
 message  {Id=e8dd723f-2532-4895-aac4-bd208679581c,FirstNumber=336,secondNumber=645}  written to file by thread pool-3-thread-1
 message  {Id=2cf5272d-87cd-4456-b35d-28013652122e,FirstNumber=761,secondNumber=500}  added by thread pool-3-thread-6
 message  {Id=2cf5272d-87cd-4456-b35d-28013652122e,FirstNumber=761,secondNumber=500}  written to file by thread pool-3-thread-1
 message  {Id=aa8a8fb4-f1f5-444b-856c-bed274454bab,FirstNumber=527,secondNumber=756}  added by thread pool-3-thread-6
 message  {Id=aa8a8fb4-f1f5-444b-856c-bed274454bab,FirstNumber=527,secondNumber=756}  written to file by thread pool-3-thread-1
 message  {Id=bd5399ae-f1c0-4bfd-a6d3-b90027cafb11,FirstNumber=646,secondNumber=372}  added by thread pool-3-thread-6
 message  {Id=fdb4bda3-96a0-4c76-a573-d28e18baedd3,FirstNumber=852,secondNumber=954}  added by thread pool-3-thread-6
 message  {Id=bd5399ae-f1c0-4bfd-a6d3-b90027cafb11,FirstNumber=646,secondNumber=372}  written to file by thread pool-3-thread-3
 message  {Id=fdb4bda3-96a0-4c76-a573-d28e18baedd3,FirstNumber=852,secondNumber=954}  written to file by thread pool-3-thread-4
 message  {Id=cb69a7fe-4110-450e-b146-64e68a66109e,FirstNumber=537,secondNumber=703}  added by thread pool-3-thread-6
 message  {Id=cb69a7fe-4110-450e-b146-64e68a66109e,FirstNumber=537,secondNumber=703}  written to file by thread pool-3-thread-5
 message  {Id=f9728566-b709-4d62-8c0d-5f0acd647b8d,FirstNumber=308,secondNumber=1905}  added by thread pool-3-thread-6
 message  {Id=f9728566-b709-4d62-8c0d-5f0acd647b8d,FirstNumber=308,secondNumber=1905}  written to file by thread pool-3-thread-2
 message  {Id=f8746fb8-81fb-4ddd-9952-e869cdae9180,FirstNumber=148,secondNumber=418}  added by thread pool-3-thread-6
 message  {Id=f8746fb8-81fb-4ddd-9952-e869cdae9180,FirstNumber=148,secondNumber=418}  written to file by thread pool-3-thread-1
 message  {Id=c41ef908-8d36-4653-a5c9-9b85a9f60a41,FirstNumber=602,secondNumber=1927}  added by thread pool-3-thread-6
 message  {Id=c41ef908-8d36-4653-a5c9-9b85a9f60a41,FirstNumber=602,secondNumber=1927}  written to file by thread pool-3-thread-3
 message  {Id=ab982106-ecf3-40e8-aaa6-a3b460f24912,FirstNumber=499,secondNumber=360}  added by thread pool-3-thread-6
 message  {Id=ee12db21-3a6a-4074-bf96-47fcaff4e934,FirstNumber=282,secondNumber=584}  added by thread pool-3-thread-6
 message  {Id=ab982106-ecf3-40e8-aaa6-a3b460f24912,FirstNumber=499,secondNumber=360}  written to file by thread pool-3-thread-4
 message  {Id=ee12db21-3a6a-4074-bf96-47fcaff4e934,FirstNumber=282,secondNumber=584}  written to file by thread pool-3-thread-5
 message  {Id=68900688-637a-4304-967d-91584f3ff175,FirstNumber=922,secondNumber=834}  added by thread pool-3-thread-6
 message  {Id=68900688-637a-4304-967d-91584f3ff175,FirstNumber=922,secondNumber=834}  written to file by thread pool-3-thread-2
 message  {Id=62cb63a4-9926-4b87-b640-83eb0d55e6d0,FirstNumber=952,secondNumber=1754}  added by thread pool-3-thread-6
 message  {Id=62cb63a4-9926-4b87-b640-83eb0d55e6d0,FirstNumber=952,secondNumber=1754}  written to file by thread pool-3-thread-1
 message  {Id=2358b18f-c0dd-4aee-a735-d83c367aa3a6,FirstNumber=904,secondNumber=743}  added by thread pool-3-thread-6
 message  {Id=2358b18f-c0dd-4aee-a735-d83c367aa3a6,FirstNumber=904,secondNumber=743}  written to file by thread pool-3-thread-1
 message  {Id=1a52d8b5-c13c-45b3-8cd4-aff664bf8042,FirstNumber=987,secondNumber=332}  added by thread pool-3-thread-6
 message  {Id=1a52d8b5-c13c-45b3-8cd4-aff664bf8042,FirstNumber=987,secondNumber=332}  written to file by thread pool-3-thread-4
 message  {Id=36f6650f-ce4e-4a60-97a6-2905181aed68,FirstNumber=38,secondNumber=100}  added by thread pool-3-thread-6
 message  {Id=36f6650f-ce4e-4a60-97a6-2905181aed68,FirstNumber=38,secondNumber=100}  written to file by thread pool-3-thread-4
 message  {Id=e9ff601c-10a5-4732-95db-4a0478191dc7,FirstNumber=30,secondNumber=1645}  added by thread pool-3-thread-6
 message  {Id=e9ff601c-10a5-4732-95db-4a0478191dc7,FirstNumber=30,secondNumber=1645}  written to file by thread pool-3-thread-2
 message  {Id=f76b544f-6ae5-40f8-a991-d66e7a807474,FirstNumber=814,secondNumber=618}  added by thread pool-3-thread-6
 message  {Id=f76b544f-6ae5-40f8-a991-d66e7a807474,FirstNumber=814,secondNumber=618}  written to file by thread pool-3-thread-3
 message  {Id=c05aea0a-cf08-470c-bb27-9609917ac08d,FirstNumber=205,secondNumber=1758}  added by thread pool-3-thread-6
 message  {Id=c05aea0a-cf08-470c-bb27-9609917ac08d,FirstNumber=205,secondNumber=1758}  written to file by thread pool-3-thread-1
 message  {Id=75fdd140-a8b0-4696-a724-72aecd9d322f,FirstNumber=167,secondNumber=1378}  added by thread pool-3-thread-6
 message  {Id=75fdd140-a8b0-4696-a724-72aecd9d322f,FirstNumber=167,secondNumber=1378}  written to file by thread pool-3-thread-1
 message  {Id=b6156de2-def8-414c-8d51-bf3cb4eeb4eb,FirstNumber=575,secondNumber=1221}  added by thread pool-3-thread-6
 message  {Id=b6156de2-def8-414c-8d51-bf3cb4eeb4eb,FirstNumber=575,secondNumber=1221}  written to file by thread pool-3-thread-4
 message  {Id=3cf55f78-c1dd-490f-990f-730851c9f579,FirstNumber=481,secondNumber=1014}  added by thread pool-3-thread-6
 message  {Id=3cf55f78-c1dd-490f-990f-730851c9f579,FirstNumber=481,secondNumber=1014}  written to file by thread pool-3-thread-4
 message  {Id=350038fa-f2dc-4a88-8875-95c1018e642a,FirstNumber=354,secondNumber=272}  added by thread pool-3-thread-6
 message  {Id=350038fa-f2dc-4a88-8875-95c1018e642a,FirstNumber=354,secondNumber=272}  written to file by thread pool-3-thread-3
 message  {Id=4d8e1243-3abf-4d8b-ad67-55a3ad9bb833,FirstNumber=556,secondNumber=236}  added by thread pool-3-thread-6
 message  {Id=4d8e1243-3abf-4d8b-ad67-55a3ad9bb833,FirstNumber=556,secondNumber=236}  written to file by thread pool-3-thread-3
 message  {Id=3202420d-696b-455d-9f9a-d5d8688120ea,FirstNumber=284,secondNumber=710}  added by thread pool-3-thread-6
 message  {Id=3202420d-696b-455d-9f9a-d5d8688120ea,FirstNumber=284,secondNumber=710}  written to file by thread pool-3-thread-3
 message  {Id=972987aa-b6ac-45ca-9ca0-1551e1841038,FirstNumber=571,secondNumber=177}  added by thread pool-3-thread-6
 message  {Id=972987aa-b6ac-45ca-9ca0-1551e1841038,FirstNumber=571,secondNumber=177}  written to file by thread pool-3-thread-2
 message  {Id=9d72661c-2711-427f-a488-13a2407cb547,FirstNumber=149,secondNumber=521}  added by thread pool-3-thread-6
 message  {Id=9d72661c-2711-427f-a488-13a2407cb547,FirstNumber=149,secondNumber=521}  written to file by thread pool-3-thread-2
 message  {Id=1508dd55-27a9-45bf-be24-3c7e2cc11b60,FirstNumber=878,secondNumber=92}  added by thread pool-3-thread-6
 message  {Id=1508dd55-27a9-45bf-be24-3c7e2cc11b60,FirstNumber=878,secondNumber=92}  written to file by thread pool-3-thread-5
 message  {Id=55015912-de27-4e36-a9bb-fe254a906761,FirstNumber=746,secondNumber=885}  added by thread pool-3-thread-6
 message  {Id=55015912-de27-4e36-a9bb-fe254a906761,FirstNumber=746,secondNumber=885}  written to file by thread pool-3-thread-1
 message  {Id=a01781d8-21f1-4745-88b4-d51c8ca4ded9,FirstNumber=231,secondNumber=1119}  added by thread pool-3-thread-6
 message  {Id=a01781d8-21f1-4745-88b4-d51c8ca4ded9,FirstNumber=231,secondNumber=1119}  written to file by thread pool-3-thread-3
 message  {Id=318d6e66-f124-4b6e-afaf-47cdd248538d,FirstNumber=473,secondNumber=1701}  added by thread pool-3-thread-6
 message  {Id=318d6e66-f124-4b6e-afaf-47cdd248538d,FirstNumber=473,secondNumber=1701}  written to file by thread pool-3-thread-3
 message  {Id=41c955a3-9ca1-4c6b-aebb-b8464e212b58,FirstNumber=668,secondNumber=278}  added by thread pool-3-thread-6
 message  {Id=41c955a3-9ca1-4c6b-aebb-b8464e212b58,FirstNumber=668,secondNumber=278}  written to file by thread pool-3-thread-3
 message  {Id=cb9f16e2-6f43-47c1-adc6-9351fb28dd35,FirstNumber=799,secondNumber=767}  added by thread pool-3-thread-6
 message  {Id=cb9f16e2-6f43-47c1-adc6-9351fb28dd35,FirstNumber=799,secondNumber=767}  written to file by thread pool-3-thread-5
 message  {Id=f17759f9-7590-4754-adc1-9b62bf26ecfc,FirstNumber=351,secondNumber=93}  added by thread pool-3-thread-6
 message  {Id=b2617acc-a7e6-4d44-a12d-00d366ae967e,FirstNumber=664,secondNumber=750}  added by thread pool-3-thread-6
 message  {Id=f17759f9-7590-4754-adc1-9b62bf26ecfc,FirstNumber=351,secondNumber=93}  written to file by thread pool-3-thread-5
 message  {Id=b2617acc-a7e6-4d44-a12d-00d366ae967e,FirstNumber=664,secondNumber=750}  written to file by thread pool-3-thread-4
 message  {Id=5d21eb27-2b4d-4f67-9ced-04d81940f6a7,FirstNumber=745,secondNumber=1903}  added by thread pool-3-thread-6
 message  {Id=5d21eb27-2b4d-4f67-9ced-04d81940f6a7,FirstNumber=745,secondNumber=1903}  written to file by thread pool-3-thread-4
 message  {Id=cfde5363-e595-4f58-8c18-ae80c5df0424,FirstNumber=745,secondNumber=1533}  added by thread pool-3-thread-6
 message  {Id=cfde5363-e595-4f58-8c18-ae80c5df0424,FirstNumber=745,secondNumber=1533}  written to file by thread pool-3-thread-3
 message  {Id=00b41eb4-1821-4ec3-bf6c-473c35ca05d0,FirstNumber=502,secondNumber=1213}  added by thread pool-3-thread-6
 message  {Id=4aa09f60-3f6a-4b28-9ddc-cd881b65b295,FirstNumber=597,secondNumber=188}  added by thread pool-3-thread-6
 message  {Id=00b41eb4-1821-4ec3-bf6c-473c35ca05d0,FirstNumber=502,secondNumber=1213}  written to file by thread pool-3-thread-1
 message  {Id=d4838df6-b103-4fff-bb12-ec852c26f4e9,FirstNumber=450,secondNumber=1794}  added by thread pool-3-thread-6
 message  {Id=4aa09f60-3f6a-4b28-9ddc-cd881b65b295,FirstNumber=597,secondNumber=188}  written to file by thread pool-3-thread-5
 message  {Id=c1f40040-8638-4427-a86f-281bae6425c0,FirstNumber=607,secondNumber=742}  added by thread pool-3-thread-6
 message  {Id=d4838df6-b103-4fff-bb12-ec852c26f4e9,FirstNumber=450,secondNumber=1794}  written to file by thread pool-3-thread-2
 message  {Id=c1f40040-8638-4427-a86f-281bae6425c0,FirstNumber=607,secondNumber=742}  written to file by thread pool-3-thread-4
 message  {Id=6111960c-4875-46fe-9f66-7fe5cd82a370,FirstNumber=688,secondNumber=1095}  added by thread pool-3-thread-6
 message  {Id=6111960c-4875-46fe-9f66-7fe5cd82a370,FirstNumber=688,secondNumber=1095}  written to file by thread pool-3-thread-4
 message  {Id=96ecca03-e098-4ee5-b507-326b0b2e0883,FirstNumber=585,secondNumber=1352}  added by thread pool-3-thread-6
 message  {Id=96ecca03-e098-4ee5-b507-326b0b2e0883,FirstNumber=585,secondNumber=1352}  written to file by thread pool-3-thread-1
 message  {Id=66414406-2b29-476d-a943-93b6744481b4,FirstNumber=244,secondNumber=1273}  added by thread pool-3-thread-6
 message  {Id=7dd51d53-649c-43d2-8e3b-b123aaaf5501,FirstNumber=778,secondNumber=227}  added by thread pool-3-thread-6
 message  {Id=66414406-2b29-476d-a943-93b6744481b4,FirstNumber=244,secondNumber=1273}  written to file by thread pool-3-thread-5
 message  {Id=4f07af0b-d19a-488d-ad98-82a4eb1a2cd2,FirstNumber=641,secondNumber=1049}  added by thread pool-3-thread-6
 message  {Id=7dd51d53-649c-43d2-8e3b-b123aaaf5501,FirstNumber=778,secondNumber=227}  written to file by thread pool-3-thread-2
 message  {Id=4f07af0b-d19a-488d-ad98-82a4eb1a2cd2,FirstNumber=641,secondNumber=1049}  written to file by thread pool-3-thread-3
 message  {Id=eb4b1241-c0c5-4d5b-8a77-f22128fed0f3,FirstNumber=595,secondNumber=1453}  added by thread pool-3-thread-6
 message  {Id=eb4b1241-c0c5-4d5b-8a77-f22128fed0f3,FirstNumber=595,secondNumber=1453}  written to file by thread pool-3-thread-4
 message  {Id=f37c78f5-8103-4e88-afba-6f7a454de06f,FirstNumber=431,secondNumber=377}  added by thread pool-3-thread-6
 message  {Id=f37c78f5-8103-4e88-afba-6f7a454de06f,FirstNumber=431,secondNumber=377}  written to file by thread pool-3-thread-4
 message  {Id=cbc525de-adbc-4b8b-b1f6-1eb33e3e1e3c,FirstNumber=414,secondNumber=1400}  added by thread pool-3-thread-6
 message  {Id=cbc525de-adbc-4b8b-b1f6-1eb33e3e1e3c,FirstNumber=414,secondNumber=1400}  written to file by thread pool-3-thread-5
 message  {Id=be68563d-712e-476b-9b13-e1edfcb3052a,FirstNumber=78,secondNumber=1507}  added by thread pool-3-thread-6
 message  {Id=d2642afc-9b29-4606-848e-8243b4fd3979,FirstNumber=72,secondNumber=941}  added by thread pool-3-thread-6
 message  {Id=be68563d-712e-476b-9b13-e1edfcb3052a,FirstNumber=78,secondNumber=1507}  written to file by thread pool-3-thread-2
 message  {Id=d2642afc-9b29-4606-848e-8243b4fd3979,FirstNumber=72,secondNumber=941}  written to file by thread pool-3-thread-3
 message  {Id=32de57d4-7a33-4b29-b9f1-66481091a1bc,FirstNumber=840,secondNumber=1812}  added by thread pool-3-thread-6
 message  {Id=32de57d4-7a33-4b29-b9f1-66481091a1bc,FirstNumber=840,secondNumber=1812}  written to file by thread pool-3-thread-3
 message  {Id=2f3a5564-625c-4d5b-88ad-c037d02b1304,FirstNumber=99,secondNumber=595}  added by thread pool-3-thread-6
 message  {Id=2f3a5564-625c-4d5b-88ad-c037d02b1304,FirstNumber=99,secondNumber=595}  written to file by thread pool-3-thread-4
 message  {Id=aa98ed9b-44e8-41d0-a5b7-13d156936c60,FirstNumber=440,secondNumber=300}  added by thread pool-3-thread-6
 message  {Id=108d9888-a3ca-4ee3-8d96-843d516e0ad1,FirstNumber=247,secondNumber=1690}  added by thread pool-3-thread-6
 message  {Id=aa98ed9b-44e8-41d0-a5b7-13d156936c60,FirstNumber=440,secondNumber=300}  written to file by thread pool-3-thread-5
 message  {Id=108d9888-a3ca-4ee3-8d96-843d516e0ad1,FirstNumber=247,secondNumber=1690}  written to file by thread pool-3-thread-2
 message  {Id=1f5a8df2-a4ca-4c38-b988-bfec27b6f1fc,FirstNumber=313,secondNumber=1148}  added by thread pool-3-thread-6
 message  {Id=1f5a8df2-a4ca-4c38-b988-bfec27b6f1fc,FirstNumber=313,secondNumber=1148}  written to file by thread pool-3-thread-1
 message  {Id=dae6ea18-6a96-4e5b-8b36-8418c2535933,FirstNumber=162,secondNumber=1846}  added by thread pool-3-thread-6
 message  {Id=dae6ea18-6a96-4e5b-8b36-8418c2535933,FirstNumber=162,secondNumber=1846}  written to file by thread pool-3-thread-1
 message  {Id=3127a791-20ae-43ed-8816-ebc295fc2d45,FirstNumber=669,secondNumber=294}  added by thread pool-3-thread-6
 message  {Id=3127a791-20ae-43ed-8816-ebc295fc2d45,FirstNumber=669,secondNumber=294}  written to file by thread pool-3-thread-1
 message  {Id=473d601d-3f80-4220-b2e0-4a24e968759e,FirstNumber=955,secondNumber=847}  added by thread pool-3-thread-6
 message  {Id=473d601d-3f80-4220-b2e0-4a24e968759e,FirstNumber=955,secondNumber=847}  written to file by thread pool-3-thread-5
 message  {Id=4e9024e1-fba4-4b07-adf3-b0ef12e621d8,FirstNumber=322,secondNumber=125}  added by thread pool-3-thread-6
 message  {Id=4e9024e1-fba4-4b07-adf3-b0ef12e621d8,FirstNumber=322,secondNumber=125}  written to file by thread pool-3-thread-5
 message  {Id=d3b6c166-37ca-4136-bfa7-1b5f51bb49a6,FirstNumber=705,secondNumber=32}  added by thread pool-3-thread-6
 message  {Id=d3b6c166-37ca-4136-bfa7-1b5f51bb49a6,FirstNumber=705,secondNumber=32}  written to file by thread pool-3-thread-3
 message  {Id=34d77c72-8b56-4f1c-bd79-bb61a9619ef4,FirstNumber=811,secondNumber=1949}  added by thread pool-3-thread-6
 message  {Id=34d77c72-8b56-4f1c-bd79-bb61a9619ef4,FirstNumber=811,secondNumber=1949}  written to file by thread pool-3-thread-4
 message  {Id=265ec493-0ee1-4bf4-8564-6c1d5d0361aa,FirstNumber=185,secondNumber=1333}  added by thread pool-3-thread-6
 message  {Id=265ec493-0ee1-4bf4-8564-6c1d5d0361aa,FirstNumber=185,secondNumber=1333}  written to file by thread pool-3-thread-1
 message  {Id=a2154f0c-915d-44b0-820d-21a616100fa5,FirstNumber=634,secondNumber=1629}  added by thread pool-3-thread-6
 message  {Id=a2154f0c-915d-44b0-820d-21a616100fa5,FirstNumber=634,secondNumber=1629}  written to file by thread pool-3-thread-1
 message  {Id=eadc899d-424a-439d-bea3-5af1c94cc4f5,FirstNumber=471,secondNumber=500}  added by thread pool-3-thread-6
 message  {Id=eadc899d-424a-439d-bea3-5af1c94cc4f5,FirstNumber=471,secondNumber=500}  written to file by thread pool-3-thread-1
 message  {Id=f20c5a68-bdcd-4a06-95fb-a418513da022,FirstNumber=738,secondNumber=1289}  added by thread pool-3-thread-6
 message  {Id=f20c5a68-bdcd-4a06-95fb-a418513da022,FirstNumber=738,secondNumber=1289}  written to file by thread pool-3-thread-3
 message  {Id=dee24ca0-d45d-42bf-9f06-e9ebac4c3ee8,FirstNumber=736,secondNumber=761}  added by thread pool-3-thread-6
 message  {Id=dee24ca0-d45d-42bf-9f06-e9ebac4c3ee8,FirstNumber=736,secondNumber=761}  written to file by thread pool-3-thread-4
 message  {Id=01d6f3a8-d825-4a5f-8d76-fd6e418a0e61,FirstNumber=978,secondNumber=469}  added by thread pool-3-thread-6
 message  {Id=01d6f3a8-d825-4a5f-8d76-fd6e418a0e61,FirstNumber=978,secondNumber=469}  written to file by thread pool-3-thread-2
 message  {Id=ea5696f3-2fd2-4632-b6b5-dce3658789ce,FirstNumber=175,secondNumber=531}  added by thread pool-3-thread-6
 message  {Id=ea5696f3-2fd2-4632-b6b5-dce3658789ce,FirstNumber=175,secondNumber=531}  written to file by thread pool-3-thread-5
 message  {Id=df2df248-cf0e-4d5a-a076-c7d0e55f6a83,FirstNumber=551,secondNumber=179}  added by thread pool-3-thread-6
 message  {Id=df2df248-cf0e-4d5a-a076-c7d0e55f6a83,FirstNumber=551,secondNumber=179}  written to file by thread pool-3-thread-5
 message  {Id=dcbe57c1-7ff0-44c8-b292-609b4acbb928,FirstNumber=5,secondNumber=237}  added by thread pool-3-thread-6
 message  {Id=dcbe57c1-7ff0-44c8-b292-609b4acbb928,FirstNumber=5,secondNumber=237}  written to file by thread pool-3-thread-5
 message  {Id=a0016ccb-2b98-4978-8af7-38c4bcf67b42,FirstNumber=307,secondNumber=302}  added by thread pool-3-thread-6
 message  {Id=a0016ccb-2b98-4978-8af7-38c4bcf67b42,FirstNumber=307,secondNumber=302}  written to file by thread pool-3-thread-4
 message  {Id=7d0f3c2d-93ef-46df-aa53-09152aa743fe,FirstNumber=600,secondNumber=1723}  added by thread pool-3-thread-6
 message  {Id=7d0f3c2d-93ef-46df-aa53-09152aa743fe,FirstNumber=600,secondNumber=1723}  written to file by thread pool-3-thread-2
 message  {Id=3ee759a6-f4d7-42db-a597-8a9ce65a4274,FirstNumber=560,secondNumber=778}  added by thread pool-3-thread-6
 message  {Id=9faf664f-6603-43a9-a445-3192b6958c69,FirstNumber=820,secondNumber=939}  added by thread pool-3-thread-6
 message  {Id=3ee759a6-f4d7-42db-a597-8a9ce65a4274,FirstNumber=560,secondNumber=778}  written to file by thread pool-3-thread-1
 message  {Id=9faf664f-6603-43a9-a445-3192b6958c69,FirstNumber=820,secondNumber=939}  written to file by thread pool-3-thread-3
 message  {Id=ccf9f8dc-2c5f-4e2f-bb7b-75ed9fadc1f3,FirstNumber=476,secondNumber=1956}  added by thread pool-3-thread-6
 message  {Id=ccf9f8dc-2c5f-4e2f-bb7b-75ed9fadc1f3,FirstNumber=476,secondNumber=1956}  written to file by thread pool-3-thread-3
 message  {Id=8c66dda6-b3f4-44c3-a110-8a327207e4c5,FirstNumber=122,secondNumber=1682}  added by thread pool-3-thread-6
 message  {Id=8c66dda6-b3f4-44c3-a110-8a327207e4c5,FirstNumber=122,secondNumber=1682}  written to file by thread pool-3-thread-4
 message  {Id=4287dc34-001f-49f2-b4c1-1db2e5469163,FirstNumber=235,secondNumber=1993}  added by thread pool-3-thread-6
 message  {Id=4287dc34-001f-49f2-b4c1-1db2e5469163,FirstNumber=235,secondNumber=1993}  written to file by thread pool-3-thread-2
 message  {Id=32fdd66c-b6e7-40e5-aa25-a15f3cc97e9f,FirstNumber=282,secondNumber=1595}  added by thread pool-3-thread-6
 message  {Id=32fdd66c-b6e7-40e5-aa25-a15f3cc97e9f,FirstNumber=282,secondNumber=1595}  written to file by thread pool-3-thread-1
 message  {Id=5622d801-2c52-44d0-8c49-29eb3bd2248a,FirstNumber=511,secondNumber=1677}  added by thread pool-3-thread-6
 message  {Id=5622d801-2c52-44d0-8c49-29eb3bd2248a,FirstNumber=511,secondNumber=1677}  written to file by thread pool-3-thread-1
 message  {Id=7857b2e6-cf9d-4546-8c4d-b12cab75d629,FirstNumber=132,secondNumber=1783}  added by thread pool-3-thread-6
 message  {Id=7857b2e6-cf9d-4546-8c4d-b12cab75d629,FirstNumber=132,secondNumber=1783}  written to file by thread pool-3-thread-3
 message  {Id=b1492b39-c3cb-41a1-87e1-a726d1c5276c,FirstNumber=681,secondNumber=457}  added by thread pool-3-thread-6
 message  {Id=b1492b39-c3cb-41a1-87e1-a726d1c5276c,FirstNumber=681,secondNumber=457}  written to file by thread pool-3-thread-3
 message  {Id=73c023ca-a031-48a1-a6a8-d483c9c92d1e,FirstNumber=915,secondNumber=1729}  added by thread pool-3-thread-6
 message  {Id=73c023ca-a031-48a1-a6a8-d483c9c92d1e,FirstNumber=915,secondNumber=1729}  written to file by thread pool-3-thread-2
 message  {Id=22e4e79e-e032-4e1b-b60f-cec14f5f236e,FirstNumber=389,secondNumber=1928}  added by thread pool-3-thread-6
 message  {Id=4e204467-4af3-4f3a-9026-dafefead8822,FirstNumber=166,secondNumber=1261}  added by thread pool-3-thread-6
 message  {Id=22e4e79e-e032-4e1b-b60f-cec14f5f236e,FirstNumber=389,secondNumber=1928}  written to file by thread pool-3-thread-5
 message  {Id=4e204467-4af3-4f3a-9026-dafefead8822,FirstNumber=166,secondNumber=1261}  written to file by thread pool-3-thread-1
 message  {Id=3f7bd028-8f70-49e0-8314-b4f0510046d6,FirstNumber=347,secondNumber=369}  added by thread pool-3-thread-6
 message  {Id=3f7bd028-8f70-49e0-8314-b4f0510046d6,FirstNumber=347,secondNumber=369}  written to file by thread pool-3-thread-4
 message  {Id=3a746c68-d31f-4864-9142-cd0cf04a9aea,FirstNumber=107,secondNumber=1370}  added by thread pool-3-thread-6
 message  {Id=3a746c68-d31f-4864-9142-cd0cf04a9aea,FirstNumber=107,secondNumber=1370}  written to file by thread pool-3-thread-4
 message  {Id=f7699492-fc88-42bc-b9c1-b313a4eeca6c,FirstNumber=997,secondNumber=224}  added by thread pool-3-thread-6
 message  {Id=f7699492-fc88-42bc-b9c1-b313a4eeca6c,FirstNumber=997,secondNumber=224}  written to file by thread pool-3-thread-4
 message  {Id=f04c9c99-fe7f-432e-b857-e86656a65a48,FirstNumber=10,secondNumber=1070}  added by thread pool-3-thread-6
 message  {Id=f04c9c99-fe7f-432e-b857-e86656a65a48,FirstNumber=10,secondNumber=1070}  written to file by thread pool-3-thread-5
 message  {Id=f9adf8d3-f3b5-47ac-afaf-b80750f3a6f2,FirstNumber=20,secondNumber=791}  added by thread pool-3-thread-6
 message  {Id=f9adf8d3-f3b5-47ac-afaf-b80750f3a6f2,FirstNumber=20,secondNumber=791}  written to file by thread pool-3-thread-5
 message  {Id=ed62abe4-f33e-4abe-b357-96318dc568ea,FirstNumber=789,secondNumber=1515}  added by thread pool-3-thread-6
 message  {Id=ed62abe4-f33e-4abe-b357-96318dc568ea,FirstNumber=789,secondNumber=1515}  written to file by thread pool-3-thread-3
 message  {Id=39caddcd-673c-47b7-874a-b006ba9e168c,FirstNumber=798,secondNumber=998}  added by thread pool-3-thread-6
 message  {Id=39caddcd-673c-47b7-874a-b006ba9e168c,FirstNumber=798,secondNumber=998}  written to file by thread pool-3-thread-2
 message  {Id=7dacbefe-4991-4d94-b14b-6ae435123182,FirstNumber=866,secondNumber=1475}  added by thread pool-3-thread-6
 message  {Id=7dacbefe-4991-4d94-b14b-6ae435123182,FirstNumber=866,secondNumber=1475}  written to file by thread pool-3-thread-4
 message  {Id=a286048d-5d45-4439-82da-732558664b17,FirstNumber=370,secondNumber=173}  added by thread pool-3-thread-6
 message  {Id=5aa5187a-405c-44ce-b9f4-b7571a75a706,FirstNumber=28,secondNumber=1340}  added by thread pool-3-thread-6
 message  {Id=a286048d-5d45-4439-82da-732558664b17,FirstNumber=370,secondNumber=173}  written to file by thread pool-3-thread-1
 message  {Id=5aa5187a-405c-44ce-b9f4-b7571a75a706,FirstNumber=28,secondNumber=1340}  written to file by thread pool-3-thread-5
 message  {Id=360de4ab-6437-416a-a7f8-2e07f5f1486f,FirstNumber=739,secondNumber=944}  added by thread pool-3-thread-6
 message  {Id=360de4ab-6437-416a-a7f8-2e07f5f1486f,FirstNumber=739,secondNumber=944}  written to file by thread pool-3-thread-3
 message  {Id=9d72fa40-c2a5-4faa-857f-9a13420ebe67,FirstNumber=916,secondNumber=967}  added by thread pool-3-thread-6
 message  {Id=9d72fa40-c2a5-4faa-857f-9a13420ebe67,FirstNumber=916,secondNumber=967}  written to file by thread pool-3-thread-2
 message  {Id=72e4da10-1007-472b-8f14-ed2081d005b6,FirstNumber=758,secondNumber=1958}  added by thread pool-3-thread-6
 message  {Id=72e4da10-1007-472b-8f14-ed2081d005b6,FirstNumber=758,secondNumber=1958}  written to file by thread pool-3-thread-2
 message  {Id=b13c792b-e31a-47d5-9b26-2daabd831e11,FirstNumber=308,secondNumber=1212}  added by thread pool-3-thread-6
 message  {Id=b13c792b-e31a-47d5-9b26-2daabd831e11,FirstNumber=308,secondNumber=1212}  written to file by thread pool-3-thread-1
 message  {Id=388eccbf-b35e-4c58-a6cd-473237b9557d,FirstNumber=710,secondNumber=1817}  added by thread pool-3-thread-6
 message  {Id=388eccbf-b35e-4c58-a6cd-473237b9557d,FirstNumber=710,secondNumber=1817}  written to file by thread pool-3-thread-1
 message  {Id=aed99a6a-d970-416b-ba82-6e2035da5919,FirstNumber=172,secondNumber=846}  added by thread pool-3-thread-6
 message  {Id=aed99a6a-d970-416b-ba82-6e2035da5919,FirstNumber=172,secondNumber=846}  written to file by thread pool-3-thread-3
 message  {Id=fc532df8-5e35-4010-810c-3a3c734e3e95,FirstNumber=464,secondNumber=1584}  added by thread pool-3-thread-6
 message  {Id=fc532df8-5e35-4010-810c-3a3c734e3e95,FirstNumber=464,secondNumber=1584}  written to file by thread pool-3-thread-3
 message  {Id=f6249e9b-0a9a-4a69-bbbc-4b352af6bdf8,FirstNumber=993,secondNumber=1925}  added by thread pool-3-thread-6
 message  {Id=f6249e9b-0a9a-4a69-bbbc-4b352af6bdf8,FirstNumber=993,secondNumber=1925}  written to file by thread pool-3-thread-3
 message  {Id=11e9dea7-830c-4507-b294-511e7acf664f,FirstNumber=570,secondNumber=196}  added by thread pool-3-thread-6
 message  {Id=4bcdb2be-dcde-481c-bc81-13a75593c98f,FirstNumber=733,secondNumber=1063}  added by thread pool-3-thread-6
 message  {Id=11e9dea7-830c-4507-b294-511e7acf664f,FirstNumber=570,secondNumber=196}  written to file by thread pool-3-thread-5
 message  {Id=4bcdb2be-dcde-481c-bc81-13a75593c98f,FirstNumber=733,secondNumber=1063}  written to file by thread pool-3-thread-1
 message  {Id=56b12dc0-2c4c-4924-a7ce-d3f104d32a0c,FirstNumber=595,secondNumber=1292}  added by thread pool-3-thread-6
 message  {Id=56b12dc0-2c4c-4924-a7ce-d3f104d32a0c,FirstNumber=595,secondNumber=1292}  written to file by thread pool-3-thread-4
 message  {Id=3fdb6454-8b8a-4e0b-b6c2-b7f497638689,FirstNumber=78,secondNumber=612}  added by thread pool-3-thread-6
 message  {Id=3fdb6454-8b8a-4e0b-b6c2-b7f497638689,FirstNumber=78,secondNumber=612}  written to file by thread pool-3-thread-2
 message  {Id=4532071f-e77e-40dd-b925-78ac42df1f94,FirstNumber=72,secondNumber=728}  added by thread pool-3-thread-6
 message  {Id=4532071f-e77e-40dd-b925-78ac42df1f94,FirstNumber=72,secondNumber=728}  written to file by thread pool-3-thread-3
 message  {Id=8149c78b-9630-4021-a2e4-2fc08a1d45b3,FirstNumber=810,secondNumber=1577}  added by thread pool-3-thread-6
 message  {Id=8149c78b-9630-4021-a2e4-2fc08a1d45b3,FirstNumber=810,secondNumber=1577}  written to file by thread pool-3-thread-5
 message  {Id=6b22bff3-1fd1-4544-8f64-99c39080d5b9,FirstNumber=547,secondNumber=130}  added by thread pool-3-thread-6
 message  {Id=6b22bff3-1fd1-4544-8f64-99c39080d5b9,FirstNumber=547,secondNumber=130}  written to file by thread pool-3-thread-5
 message  {Id=85f0355a-d5f8-4f4f-9fd8-ae12fb8f1809,FirstNumber=333,secondNumber=647}  added by thread pool-3-thread-6
 message  {Id=85f0355a-d5f8-4f4f-9fd8-ae12fb8f1809,FirstNumber=333,secondNumber=647}  written to file by thread pool-3-thread-4
 message  {Id=d0f1b570-2223-4c5e-b5ed-fa9d557baa53,FirstNumber=29,secondNumber=1362}  added by thread pool-3-thread-6
 message  {Id=d0f1b570-2223-4c5e-b5ed-fa9d557baa53,FirstNumber=29,secondNumber=1362}  written to file by thread pool-3-thread-2
 message  {Id=4f188a75-27cc-473a-a66b-de5eaec52120,FirstNumber=48,secondNumber=801}  added by thread pool-3-thread-6
 message  {Id=4f188a75-27cc-473a-a66b-de5eaec52120,FirstNumber=48,secondNumber=801}  written to file by thread pool-3-thread-2
 message  {Id=4e5e0a4f-2375-499a-a085-5ecc337a615b,FirstNumber=600,secondNumber=924}  added by thread pool-3-thread-6
 message  {Id=2a372d9e-08a1-4b5e-98ca-f5252ea41a21,FirstNumber=837,secondNumber=920}  added by thread pool-3-thread-6
 message  {Id=4e5e0a4f-2375-499a-a085-5ecc337a615b,FirstNumber=600,secondNumber=924}  written to file by thread pool-3-thread-1
 message  {Id=2a372d9e-08a1-4b5e-98ca-f5252ea41a21,FirstNumber=837,secondNumber=920}  written to file by thread pool-3-thread-5
 message  {Id=7f7fd1d1-f22c-46bb-b108-8cbd7ab9d20b,FirstNumber=823,secondNumber=1049}  added by thread pool-3-thread-6
 message  {Id=7f7fd1d1-f22c-46bb-b108-8cbd7ab9d20b,FirstNumber=823,secondNumber=1049}  written to file by thread pool-3-thread-4
 message  {Id=82ca9c57-1b60-401a-97ae-40b9482b5f7a,FirstNumber=247,secondNumber=1997}  added by thread pool-3-thread-6
 message  {Id=82ca9c57-1b60-401a-97ae-40b9482b5f7a,FirstNumber=247,secondNumber=1997}  written to file by thread pool-3-thread-4
 message  {Id=13e656ee-5d08-43b7-8832-cdbb2ddec6e2,FirstNumber=679,secondNumber=965}  added by thread pool-3-thread-6
 message  {Id=13e656ee-5d08-43b7-8832-cdbb2ddec6e2,FirstNumber=679,secondNumber=965}  written to file by thread pool-3-thread-4
 message  {Id=59ed7f30-143d-46ce-8e18-52c7b9214275,FirstNumber=364,secondNumber=1036}  added by thread pool-3-thread-6
 message  {Id=59ed7f30-143d-46ce-8e18-52c7b9214275,FirstNumber=364,secondNumber=1036}  written to file by thread pool-3-thread-1
 message  {Id=a55f9548-d4fe-453b-8870-125224c96265,FirstNumber=642,secondNumber=1138}  added by thread pool-3-thread-6
 message  {Id=ade73986-811d-466e-95d4-70825279594c,FirstNumber=457,secondNumber=1203}  added by thread pool-3-thread-6
 message  {Id=a55f9548-d4fe-453b-8870-125224c96265,FirstNumber=642,secondNumber=1138}  written to file by thread pool-3-thread-1
 message  {Id=ade73986-811d-466e-95d4-70825279594c,FirstNumber=457,secondNumber=1203}  written to file by thread pool-3-thread-3
 message  {Id=b06b446f-0ea9-4fef-9398-fca5163bbb0d,FirstNumber=226,secondNumber=261}  added by thread pool-3-thread-6
 message  {Id=b06b446f-0ea9-4fef-9398-fca5163bbb0d,FirstNumber=226,secondNumber=261}  written to file by thread pool-3-thread-3
 message  {Id=62c1d532-3d37-4776-9af2-f9cc037fa1a9,FirstNumber=882,secondNumber=542}  added by thread pool-3-thread-6
 message  {Id=62c1d532-3d37-4776-9af2-f9cc037fa1a9,FirstNumber=882,secondNumber=542}  written to file by thread pool-3-thread-4
 message  {Id=f103cffe-0f83-4598-80b2-085e617b455a,FirstNumber=466,secondNumber=752}  added by thread pool-3-thread-6
 message  {Id=f103cffe-0f83-4598-80b2-085e617b455a,FirstNumber=466,secondNumber=752}  written to file by thread pool-3-thread-4
 message  {Id=ddff9943-bc89-4829-ac4c-a7c77465c937,FirstNumber=291,secondNumber=870}  added by thread pool-3-thread-6
 message  {Id=d3aa6593-74ef-4ddf-8cc0-a9a20ea34c5d,FirstNumber=271,secondNumber=432}  added by thread pool-3-thread-6
 message  {Id=ddff9943-bc89-4829-ac4c-a7c77465c937,FirstNumber=291,secondNumber=870}  written to file by thread pool-3-thread-1
 message  {Id=d3aa6593-74ef-4ddf-8cc0-a9a20ea34c5d,FirstNumber=271,secondNumber=432}  written to file by thread pool-3-thread-2
 message  {Id=9137b648-01e2-478b-9160-7e01e5333f57,FirstNumber=603,secondNumber=148}  added by thread pool-3-thread-6
 message  {Id=9137b648-01e2-478b-9160-7e01e5333f57,FirstNumber=603,secondNumber=148}  written to file by thread pool-3-thread-2
 message  {Id=13786584-ad97-46f8-992d-c67be535ae7a,FirstNumber=454,secondNumber=1275}  added by thread pool-3-thread-6
 message  {Id=13786584-ad97-46f8-992d-c67be535ae7a,FirstNumber=454,secondNumber=1275}  written to file by thread pool-3-thread-2
 message  {Id=5532946f-e500-4aaf-8648-f9dc139be360,FirstNumber=651,secondNumber=1545}  added by thread pool-3-thread-6
 message  {Id=5532946f-e500-4aaf-8648-f9dc139be360,FirstNumber=651,secondNumber=1545}  written to file by thread pool-3-thread-4
 message  {Id=2ee9d436-0081-4e2a-a590-fb00af1948c9,FirstNumber=806,secondNumber=738}  added by thread pool-3-thread-6
 message  {Id=2ee9d436-0081-4e2a-a590-fb00af1948c9,FirstNumber=806,secondNumber=738}  written to file by thread pool-3-thread-4
 message  {Id=91867c9a-7311-497e-bb67-0cb338f4b950,FirstNumber=295,secondNumber=1665}  added by thread pool-3-thread-6
 message  {Id=91867c9a-7311-497e-bb67-0cb338f4b950,FirstNumber=295,secondNumber=1665}  written to file by thread pool-3-thread-3
 message  {Id=40e02fe4-b7b9-46e1-972b-28b7596cc173,FirstNumber=930,secondNumber=335}  added by thread pool-3-thread-6
 message  {Id=40e02fe4-b7b9-46e1-972b-28b7596cc173,FirstNumber=930,secondNumber=335}  written to file by thread pool-3-thread-3
 message  {Id=36d1b793-ed22-420b-8383-1a715fc9618f,FirstNumber=70,secondNumber=78}  added by thread pool-3-thread-6
 message  {Id=36d1b793-ed22-420b-8383-1a715fc9618f,FirstNumber=70,secondNumber=78}  written to file by thread pool-3-thread-2
 message  {Id=afe78d3d-d680-43a1-b212-c659d2531e75,FirstNumber=800,secondNumber=1329}  added by thread pool-3-thread-6
 message  {Id=8e5ab299-68a1-4336-94fb-e4673a028627,FirstNumber=332,secondNumber=1861}  added by thread pool-3-thread-6
 message  {Id=afe78d3d-d680-43a1-b212-c659d2531e75,FirstNumber=800,secondNumber=1329}  written to file by thread pool-3-thread-1
 message  {Id=8e5ab299-68a1-4336-94fb-e4673a028627,FirstNumber=332,secondNumber=1861}  written to file by thread pool-3-thread-4
 message  {Id=65768ac8-edce-41c8-b780-9788030154bf,FirstNumber=897,secondNumber=1882}  added by thread pool-3-thread-6
 message  {Id=65768ac8-edce-41c8-b780-9788030154bf,FirstNumber=897,secondNumber=1882}  written to file by thread pool-3-thread-4
 message  {Id=ab01435d-b3d2-42ce-bf8a-5fb59def4ea5,FirstNumber=199,secondNumber=1521}  added by thread pool-3-thread-6
 message  {Id=ab01435d-b3d2-42ce-bf8a-5fb59def4ea5,FirstNumber=199,secondNumber=1521}  written to file by thread pool-3-thread-3
 message  {Id=dccf2ef2-c7a6-4af1-a92b-ea4204295c8f,FirstNumber=444,secondNumber=1192}  added by thread pool-3-thread-6
 message  {Id=dccf2ef2-c7a6-4af1-a92b-ea4204295c8f,FirstNumber=444,secondNumber=1192}  written to file by thread pool-3-thread-3
 message  {Id=03b62d80-2323-4c14-8800-dc83b3a7fba1,FirstNumber=377,secondNumber=998}  added by thread pool-3-thread-6
 message  {Id=03b62d80-2323-4c14-8800-dc83b3a7fba1,FirstNumber=377,secondNumber=998}  written to file by thread pool-3-thread-3
 message  {Id=1e7d7d4c-3697-4813-b39c-c3ae52c059f7,FirstNumber=103,secondNumber=854}  added by thread pool-3-thread-6
 message  {Id=1e7d7d4c-3697-4813-b39c-c3ae52c059f7,FirstNumber=103,secondNumber=854}  written to file by thread pool-3-thread-5
 message  {Id=ed9223fe-07c6-4d5a-9945-207fc34169b3,FirstNumber=567,secondNumber=458}  added by thread pool-3-thread-6
 message  {Id=ed9223fe-07c6-4d5a-9945-207fc34169b3,FirstNumber=567,secondNumber=458}  written to file by thread pool-3-thread-5
 message  {Id=89575f04-eeb7-4c5e-811c-d13b4da6d40e,FirstNumber=299,secondNumber=966}  added by thread pool-3-thread-6
 message  {Id=89575f04-eeb7-4c5e-811c-d13b4da6d40e,FirstNumber=299,secondNumber=966}  written to file by thread pool-3-thread-2
 message  {Id=462fd37d-2929-4746-a1a3-a0ce5e1105a5,FirstNumber=404,secondNumber=1810}  added by thread pool-3-thread-6
 message  {Id=462fd37d-2929-4746-a1a3-a0ce5e1105a5,FirstNumber=404,secondNumber=1810}  written to file by thread pool-3-thread-1
 message  {Id=bea55f28-b6fe-4ba0-9be0-186d7ac5eeba,FirstNumber=780,secondNumber=1457}  added by thread pool-3-thread-6
 message  {Id=e4c7aebb-3000-47f2-a05e-f7a1cd9f91ab,FirstNumber=579,secondNumber=780}  added by thread pool-3-thread-6
 message  {Id=bea55f28-b6fe-4ba0-9be0-186d7ac5eeba,FirstNumber=780,secondNumber=1457}  written to file by thread pool-3-thread-3
 message  {Id=e4c7aebb-3000-47f2-a05e-f7a1cd9f91ab,FirstNumber=579,secondNumber=780}  written to file by thread pool-3-thread-4
 message  {Id=8515b28e-72e3-4c0a-a6e1-1527d47914b7,FirstNumber=533,secondNumber=104}  added by thread pool-3-thread-6
 message  {Id=9a4502ba-ab26-4df6-b6f9-7af0d591195b,FirstNumber=829,secondNumber=1235}  added by thread pool-3-thread-6
 message  {Id=8515b28e-72e3-4c0a-a6e1-1527d47914b7,FirstNumber=533,secondNumber=104}  written to file by thread pool-3-thread-5
 message  {Id=9a4502ba-ab26-4df6-b6f9-7af0d591195b,FirstNumber=829,secondNumber=1235}  written to file by thread pool-3-thread-2
 message  {Id=2ad3d94b-9d19-439b-acd3-229467ffbf01,FirstNumber=880,secondNumber=1399}  added by thread pool-3-thread-6
 message  {Id=94cc9f27-8ed4-4666-97e7-e91cf027769b,FirstNumber=870,secondNumber=1358}  added by thread pool-3-thread-6
 message  {Id=2ad3d94b-9d19-439b-acd3-229467ffbf01,FirstNumber=880,secondNumber=1399}  written to file by thread pool-3-thread-1
 message  {Id=94cc9f27-8ed4-4666-97e7-e91cf027769b,FirstNumber=870,secondNumber=1358}  written to file by thread pool-3-thread-3
 message  {Id=c5703951-5d7c-40a8-b481-67957d2e411b,FirstNumber=604,secondNumber=1018}  added by thread pool-3-thread-6
 message  {Id=974665e9-88e4-436f-924e-9243e13e7d31,FirstNumber=194,secondNumber=843}  added by thread pool-3-thread-6
 message  {Id=c5703951-5d7c-40a8-b481-67957d2e411b,FirstNumber=604,secondNumber=1018}  written to file by thread pool-3-thread-4
 message  {Id=974665e9-88e4-436f-924e-9243e13e7d31,FirstNumber=194,secondNumber=843}  written to file by thread pool-3-thread-5
 message  {Id=24714781-0c0d-4193-83c2-c49e2268c7fb,FirstNumber=422,secondNumber=22}  added by thread pool-3-thread-6
 message  {Id=24714781-0c0d-4193-83c2-c49e2268c7fb,FirstNumber=422,secondNumber=22}  written to file by thread pool-3-thread-5
 message  {Id=d15e28a4-f777-4ef8-813c-44bad8b06b9d,FirstNumber=824,secondNumber=1982}  added by thread pool-3-thread-6
 message  {Id=d15e28a4-f777-4ef8-813c-44bad8b06b9d,FirstNumber=824,secondNumber=1982}  written to file by thread pool-3-thread-1
 message  {Id=ffcc04c9-941b-4246-96f4-114c3a1ba0c2,FirstNumber=331,secondNumber=857}  added by thread pool-3-thread-6
 message  {Id=ca0342b4-2f0d-43e3-b6c5-11d6e01f3bef,FirstNumber=742,secondNumber=1489}  added by thread pool-3-thread-6
 message  {Id=ffcc04c9-941b-4246-96f4-114c3a1ba0c2,FirstNumber=331,secondNumber=857}  written to file by thread pool-3-thread-3
 message  {Id=ca0342b4-2f0d-43e3-b6c5-11d6e01f3bef,FirstNumber=742,secondNumber=1489}  written to file by thread pool-3-thread-4
 message  {Id=a6f569b7-930d-44df-ad05-ad5b0c97ec84,FirstNumber=586,secondNumber=484}  added by thread pool-3-thread-6
 message  {Id=a6f569b7-930d-44df-ad05-ad5b0c97ec84,FirstNumber=586,secondNumber=484}  written to file by thread pool-3-thread-2
 message  {Id=147fc658-70e5-4277-ba62-e311eb82de39,FirstNumber=169,secondNumber=1040}  added by thread pool-3-thread-6
 message  {Id=147fc658-70e5-4277-ba62-e311eb82de39,FirstNumber=169,secondNumber=1040}  written to file by thread pool-3-thread-2
 message  {Id=55156268-cae6-4f2c-924c-d7dac2f1d298,FirstNumber=276,secondNumber=833}  added by thread pool-3-thread-6
 message  {Id=55156268-cae6-4f2c-924c-d7dac2f1d298,FirstNumber=276,secondNumber=833}  written to file by thread pool-3-thread-1
 message  {Id=a4059e12-e8a2-4dfb-8efe-58155dc33ef9,FirstNumber=661,secondNumber=1178}  added by thread pool-3-thread-6
 message  {Id=a4059e12-e8a2-4dfb-8efe-58155dc33ef9,FirstNumber=661,secondNumber=1178}  written to file by thread pool-3-thread-1
 message  {Id=11b44f5e-cfb2-4d97-98a1-ba3166a70e5f,FirstNumber=172,secondNumber=1236}  added by thread pool-3-thread-6
 message  {Id=11b44f5e-cfb2-4d97-98a1-ba3166a70e5f,FirstNumber=172,secondNumber=1236}  written to file by thread pool-3-thread-4
 message  {Id=f3a9ee69-ba2d-4c44-9425-7b6bd06a84ef,FirstNumber=883,secondNumber=1179}  added by thread pool-3-thread-6
 message  {Id=f3a9ee69-ba2d-4c44-9425-7b6bd06a84ef,FirstNumber=883,secondNumber=1179}  written to file by thread pool-3-thread-4
 message  {Id=e1911a59-16b1-4780-8ee9-783a86330e1e,FirstNumber=332,secondNumber=1461}  added by thread pool-3-thread-6
 message  {Id=e1911a59-16b1-4780-8ee9-783a86330e1e,FirstNumber=332,secondNumber=1461}  written to file by thread pool-3-thread-2
 message  {Id=727da039-e4f0-4cb7-834c-de6e47d49f44,FirstNumber=63,secondNumber=699}  added by thread pool-3-thread-6
 message  {Id=727da039-e4f0-4cb7-834c-de6e47d49f44,FirstNumber=63,secondNumber=699}  written to file by thread pool-3-thread-2
 message  {Id=c180ab83-9c57-4e4a-b05a-9ded5c394317,FirstNumber=708,secondNumber=718}  added by thread pool-3-thread-6
 message  {Id=c182c093-9849-40d1-a726-6797a005be3e,FirstNumber=380,secondNumber=1860}  added by thread pool-3-thread-6
 message  {Id=c180ab83-9c57-4e4a-b05a-9ded5c394317,FirstNumber=708,secondNumber=718}  written to file by thread pool-3-thread-1
 message  {Id=c182c093-9849-40d1-a726-6797a005be3e,FirstNumber=380,secondNumber=1860}  written to file by thread pool-3-thread-5
 message  {Id=7bc1a3f4-f281-4f90-845c-aaf5787e32c6,FirstNumber=172,secondNumber=295}  added by thread pool-3-thread-6
 message  {Id=7bc1a3f4-f281-4f90-845c-aaf5787e32c6,FirstNumber=172,secondNumber=295}  written to file by thread pool-3-thread-5
 message  {Id=57c1d98f-c349-449f-9893-ee1ecc71d042,FirstNumber=395,secondNumber=684}  added by thread pool-3-thread-6
 message  {Id=57c1d98f-c349-449f-9893-ee1ecc71d042,FirstNumber=395,secondNumber=684}  written to file by thread pool-3-thread-3
 message  {Id=b2b566a4-0604-4249-afd7-32b52fd1b535,FirstNumber=342,secondNumber=579}  added by thread pool-3-thread-6
 message  {Id=b2b566a4-0604-4249-afd7-32b52fd1b535,FirstNumber=342,secondNumber=579}  written to file by thread pool-3-thread-3
 message  {Id=b4725528-cba5-4f30-8225-138d44f2064d,FirstNumber=569,secondNumber=1315}  added by thread pool-3-thread-6
 message  {Id=b4725528-cba5-4f30-8225-138d44f2064d,FirstNumber=569,secondNumber=1315}  written to file by thread pool-3-thread-1
 message  {Id=b9561dba-b2fd-4927-b89c-30e2b73a0ded,FirstNumber=164,secondNumber=270}  added by thread pool-3-thread-6
 message  {Id=b9561dba-b2fd-4927-b89c-30e2b73a0ded,FirstNumber=164,secondNumber=270}  written to file by thread pool-3-thread-1
 message  {Id=9bc9c6ca-a32a-47fb-bcde-21ef4697e0d8,FirstNumber=474,secondNumber=1920}  added by thread pool-3-thread-6
 message  {Id=9bc9c6ca-a32a-47fb-bcde-21ef4697e0d8,FirstNumber=474,secondNumber=1920}  written to file by thread pool-3-thread-5
 message  {Id=6fb912e9-894c-4911-8131-d032fb6f4510,FirstNumber=15,secondNumber=1333}  added by thread pool-3-thread-6
 message  {Id=6fb912e9-894c-4911-8131-d032fb6f4510,FirstNumber=15,secondNumber=1333}  written to file by thread pool-3-thread-2
 message  {Id=90112325-155e-42e9-83d7-ecb067088887,FirstNumber=646,secondNumber=989}  added by thread pool-3-thread-6
 message  {Id=184f5f97-caff-4cb0-b05a-c224b9309064,FirstNumber=512,secondNumber=100}  added by thread pool-3-thread-6
 message  {Id=90112325-155e-42e9-83d7-ecb067088887,FirstNumber=646,secondNumber=989}  written to file by thread pool-3-thread-3
 message  {Id=999426ea-9ef1-4bf9-9096-4363086d4d0e,FirstNumber=745,secondNumber=522}  added by thread pool-3-thread-6
 message  {Id=184f5f97-caff-4cb0-b05a-c224b9309064,FirstNumber=512,secondNumber=100}  written to file by thread pool-3-thread-4
 message  {Id=999426ea-9ef1-4bf9-9096-4363086d4d0e,FirstNumber=745,secondNumber=522}  written to file by thread pool-3-thread-1
 message  {Id=ae2d1c0b-9eef-4aa9-85a2-5a9853a0a4a4,FirstNumber=71,secondNumber=446}  added by thread pool-3-thread-6
 message  {Id=ae2d1c0b-9eef-4aa9-85a2-5a9853a0a4a4,FirstNumber=71,secondNumber=446}  written to file by thread pool-3-thread-1
 message  {Id=ff593430-2b81-487e-8d05-8364d70cd8e1,FirstNumber=528,secondNumber=1626}  added by thread pool-3-thread-6
 message  {Id=ff593430-2b81-487e-8d05-8364d70cd8e1,FirstNumber=528,secondNumber=1626}  written to file by thread pool-3-thread-2
 message  {Id=3b165390-7bac-4e46-8486-6ab58ac30953,FirstNumber=618,secondNumber=419}  added by thread pool-3-thread-6
 message  {Id=44722c52-e959-432a-afa9-f3ab01f03d62,FirstNumber=879,secondNumber=1744}  added by thread pool-3-thread-6
 message  {Id=3b165390-7bac-4e46-8486-6ab58ac30953,FirstNumber=618,secondNumber=419}  written to file by thread pool-3-thread-3
 message  {Id=ad074c7a-8dd3-402a-9316-ff091f01ee83,FirstNumber=868,secondNumber=530}  added by thread pool-3-thread-6
 message  {Id=44722c52-e959-432a-afa9-f3ab01f03d62,FirstNumber=879,secondNumber=1744}  written to file by thread pool-3-thread-4
 message  {Id=ad074c7a-8dd3-402a-9316-ff091f01ee83,FirstNumber=868,secondNumber=530}  written to file by thread pool-3-thread-5
 message  {Id=64b67d8c-f218-4d45-a292-c88e91f975a5,FirstNumber=427,secondNumber=1453}  added by thread pool-3-thread-6
 message  {Id=64b67d8c-f218-4d45-a292-c88e91f975a5,FirstNumber=427,secondNumber=1453}  written to file by thread pool-3-thread-5
 message  {Id=4e6dc903-928d-4adb-821c-24b7e879177c,FirstNumber=612,secondNumber=79}  added by thread pool-3-thread-6
 message  {Id=4e6dc903-928d-4adb-821c-24b7e879177c,FirstNumber=612,secondNumber=79}  written to file by thread pool-3-thread-2
 message  {Id=36d37f6f-c7c2-45e5-9f65-54c84a53e4fb,FirstNumber=625,secondNumber=220}  added by thread pool-3-thread-6
 message  {Id=36d37f6f-c7c2-45e5-9f65-54c84a53e4fb,FirstNumber=625,secondNumber=220}  written to file by thread pool-3-thread-2
 message  {Id=a69efd2e-46f5-4af7-9c99-188ab6c3a2ea,FirstNumber=899,secondNumber=462}  added by thread pool-3-thread-6
 message  {Id=2048fda3-0e9f-4167-bc1a-1793c4a21f4e,FirstNumber=489,secondNumber=122}  added by thread pool-3-thread-6
 message  {Id=a69efd2e-46f5-4af7-9c99-188ab6c3a2ea,FirstNumber=899,secondNumber=462}  written to file by thread pool-3-thread-4
 message  {Id=2048fda3-0e9f-4167-bc1a-1793c4a21f4e,FirstNumber=489,secondNumber=122}  written to file by thread pool-3-thread-1
 message  {Id=93fc605f-c184-4658-81b7-002d8efdc06c,FirstNumber=648,secondNumber=1821}  added by thread pool-3-thread-6
 message  {Id=93fc605f-c184-4658-81b7-002d8efdc06c,FirstNumber=648,secondNumber=1821}  written to file by thread pool-3-thread-5
 message  {Id=aa6f9acb-9c47-47c0-aafd-473647e2d56f,FirstNumber=627,secondNumber=128}  added by thread pool-3-thread-6
 message  {Id=aa6f9acb-9c47-47c0-aafd-473647e2d56f,FirstNumber=627,secondNumber=128}  written to file by thread pool-3-thread-5
 message  {Id=d55bb260-8b99-42d8-8b12-df7dd689e41a,FirstNumber=163,secondNumber=686}  added by thread pool-3-thread-6
 message  {Id=d55bb260-8b99-42d8-8b12-df7dd689e41a,FirstNumber=163,secondNumber=686}  written to file by thread pool-3-thread-2
 message  {Id=9f8c050b-7d4a-4982-8593-4ad47e9bd847,FirstNumber=721,secondNumber=637}  added by thread pool-3-thread-6
 message  {Id=9f8c050b-7d4a-4982-8593-4ad47e9bd847,FirstNumber=721,secondNumber=637}  written to file by thread pool-3-thread-2
 message  {Id=e7bbdd35-11a9-471c-87fe-16e7d7fb0a10,FirstNumber=441,secondNumber=965}  added by thread pool-3-thread-6
 message  {Id=e7bbdd35-11a9-471c-87fe-16e7d7fb0a10,FirstNumber=441,secondNumber=965}  written to file by thread pool-3-thread-1
 message  {Id=3277aab7-2c6d-433c-b6c5-1696b88caa93,FirstNumber=981,secondNumber=701}  added by thread pool-3-thread-6
 message  {Id=3277aab7-2c6d-433c-b6c5-1696b88caa93,FirstNumber=981,secondNumber=701}  written to file by thread pool-3-thread-1
 message  {Id=00bf4aa6-04d2-4b86-a6da-25ce73170b0c,FirstNumber=881,secondNumber=968}  added by thread pool-3-thread-6
 message  {Id=00bf4aa6-04d2-4b86-a6da-25ce73170b0c,FirstNumber=881,secondNumber=968}  written to file by thread pool-3-thread-5
 message  {Id=c95ab3ea-cade-43bd-84ed-df85bd422bc5,FirstNumber=236,secondNumber=1982}  added by thread pool-3-thread-6
 message  {Id=c95ab3ea-cade-43bd-84ed-df85bd422bc5,FirstNumber=236,secondNumber=1982}  written to file by thread pool-3-thread-5
 message  {Id=ba2b86d5-ce93-4ac7-a90c-9b05818c0e55,FirstNumber=914,secondNumber=154}  added by thread pool-3-thread-6
 message  {Id=ccbae782-83c6-436e-81d8-466f1947fb53,FirstNumber=780,secondNumber=1282}  added by thread pool-3-thread-6
 message  {Id=ba2b86d5-ce93-4ac7-a90c-9b05818c0e55,FirstNumber=914,secondNumber=154}  written to file by thread pool-3-thread-2
 message  {Id=ccbae782-83c6-436e-81d8-466f1947fb53,FirstNumber=780,secondNumber=1282}  written to file by thread pool-3-thread-3
 message  {Id=ceb87ad7-f6f9-4c6f-94b6-2f258365f074,FirstNumber=649,secondNumber=1182}  added by thread pool-3-thread-6
 message  {Id=ceb87ad7-f6f9-4c6f-94b6-2f258365f074,FirstNumber=649,secondNumber=1182}  written to file by thread pool-3-thread-3
 message  {Id=eb7dfee7-d53f-448c-8433-f568698e32e4,FirstNumber=927,secondNumber=73}  added by thread pool-3-thread-6
 message  {Id=eb7dfee7-d53f-448c-8433-f568698e32e4,FirstNumber=927,secondNumber=73}  written to file by thread pool-3-thread-4
 message  {Id=fa142121-a120-4a67-81ce-1e3aed807360,FirstNumber=84,secondNumber=546}  added by thread pool-3-thread-6
 message  {Id=fa142121-a120-4a67-81ce-1e3aed807360,FirstNumber=84,secondNumber=546}  written to file by thread pool-3-thread-4
 message  {Id=67433950-bec8-4b05-a43d-2559112b901e,FirstNumber=969,secondNumber=1894}  added by thread pool-3-thread-6
 message  {Id=67433950-bec8-4b05-a43d-2559112b901e,FirstNumber=969,secondNumber=1894}  written to file by thread pool-3-thread-2
 message  {Id=1aa3a45a-5761-430a-9418-5f12a002cc58,FirstNumber=257,secondNumber=1368}  added by thread pool-3-thread-6
 message  {Id=1aa3a45a-5761-430a-9418-5f12a002cc58,FirstNumber=257,secondNumber=1368}  written to file by thread pool-3-thread-2
 message  {Id=8f62d7ea-4cee-4e10-abae-32328f9c1f99,FirstNumber=21,secondNumber=1294}  added by thread pool-3-thread-6
 message  {Id=8f62d7ea-4cee-4e10-abae-32328f9c1f99,FirstNumber=21,secondNumber=1294}  written to file by thread pool-3-thread-3
 message  {Id=7e7a8283-2759-4868-8096-dfe801159371,FirstNumber=929,secondNumber=1966}  added by thread pool-3-thread-6
 message  {Id=7e7a8283-2759-4868-8096-dfe801159371,FirstNumber=929,secondNumber=1966}  written to file by thread pool-3-thread-3
 message  {Id=426b9389-81ea-4f12-aaeb-b473f9ef6472,FirstNumber=843,secondNumber=931}  added by thread pool-3-thread-6
 message  {Id=426b9389-81ea-4f12-aaeb-b473f9ef6472,FirstNumber=843,secondNumber=931}  written to file by thread pool-3-thread-4
 message  {Id=0b263ce3-a984-4be3-a4ab-52eb2e8ed792,FirstNumber=328,secondNumber=35}  added by thread pool-3-thread-6
 message  {Id=e3c1ee50-b914-493e-bce6-62bd940befb1,FirstNumber=344,secondNumber=1375}  added by thread pool-3-thread-6
 message  {Id=0b263ce3-a984-4be3-a4ab-52eb2e8ed792,FirstNumber=328,secondNumber=35}  written to file by thread pool-3-thread-1
 message  {Id=e3c1ee50-b914-493e-bce6-62bd940befb1,FirstNumber=344,secondNumber=1375}  written to file by thread pool-3-thread-2
 message  {Id=5a9bccae-3da9-494f-8940-f54c02512207,FirstNumber=818,secondNumber=1998}  added by thread pool-3-thread-6
 message  {Id=5a9bccae-3da9-494f-8940-f54c02512207,FirstNumber=818,secondNumber=1998}  written to file by thread pool-3-thread-5
 message  {Id=60a10c35-5a25-4f81-9cdf-e3f0dd6c06e5,FirstNumber=410,secondNumber=216}  added by thread pool-3-thread-6
 message  {Id=60a10c35-5a25-4f81-9cdf-e3f0dd6c06e5,FirstNumber=410,secondNumber=216}  written to file by thread pool-3-thread-3
 message  {Id=86760026-a77e-4410-8560-78f7d9f15b19,FirstNumber=590,secondNumber=1985}  added by thread pool-3-thread-6
 message  {Id=86760026-a77e-4410-8560-78f7d9f15b19,FirstNumber=590,secondNumber=1985}  written to file by thread pool-3-thread-3
 message  {Id=221610cc-539d-4289-a12c-1f86a8776213,FirstNumber=493,secondNumber=1848}  added by thread pool-3-thread-6
 message  {Id=221610cc-539d-4289-a12c-1f86a8776213,FirstNumber=493,secondNumber=1848}  written to file by thread pool-3-thread-3
 message  {Id=ba773178-9b76-4dc4-910d-c12ca682fc3a,FirstNumber=397,secondNumber=1912}  added by thread pool-3-thread-6
 message  {Id=ba773178-9b76-4dc4-910d-c12ca682fc3a,FirstNumber=397,secondNumber=1912}  written to file by thread pool-3-thread-2
 message  {Id=13086c8b-45e4-459a-8d4f-946d464cf50f,FirstNumber=274,secondNumber=1863}  added by thread pool-3-thread-6
 message  {Id=13086c8b-45e4-459a-8d4f-946d464cf50f,FirstNumber=274,secondNumber=1863}  written to file by thread pool-3-thread-5
 message  {Id=42e3c1b6-5acd-4507-9f65-06291781190f,FirstNumber=373,secondNumber=342}  added by thread pool-3-thread-6
 message  {Id=42e3c1b6-5acd-4507-9f65-06291781190f,FirstNumber=373,secondNumber=342}  written to file by thread pool-3-thread-4
 message  {Id=a6ecf2af-5925-4285-832a-7caf4f272d0c,FirstNumber=516,secondNumber=1439}  added by thread pool-3-thread-6
 message  {Id=a6ecf2af-5925-4285-832a-7caf4f272d0c,FirstNumber=516,secondNumber=1439}  written to file by thread pool-3-thread-4
 message  {Id=9aa8f89d-e5a4-400f-9fc3-b529702009cb,FirstNumber=308,secondNumber=659}  added by thread pool-3-thread-6
 message  {Id=175d5b7b-8368-4452-abdd-3553c2cce9e9,FirstNumber=394,secondNumber=1858}  added by thread pool-3-thread-6
 message  {Id=9aa8f89d-e5a4-400f-9fc3-b529702009cb,FirstNumber=308,secondNumber=659}  written to file by thread pool-3-thread-3
 message  {Id=175d5b7b-8368-4452-abdd-3553c2cce9e9,FirstNumber=394,secondNumber=1858}  written to file by thread pool-3-thread-2
 message  {Id=d44da84b-766e-4749-85f1-3d940da8885b,FirstNumber=654,secondNumber=197}  added by thread pool-3-thread-6
 message  {Id=d44da84b-766e-4749-85f1-3d940da8885b,FirstNumber=654,secondNumber=197}  written to file by thread pool-3-thread-5
 message  {Id=10716412-b719-484c-90ae-755ee092b4e3,FirstNumber=379,secondNumber=632}  added by thread pool-3-thread-6
 message  {Id=10716412-b719-484c-90ae-755ee092b4e3,FirstNumber=379,secondNumber=632}  written to file by thread pool-3-thread-5
 message  {Id=c0446a6c-46e1-4c38-b1ba-ad5488d43f39,FirstNumber=69,secondNumber=1809}  added by thread pool-3-thread-6
 message  {Id=c0446a6c-46e1-4c38-b1ba-ad5488d43f39,FirstNumber=69,secondNumber=1809}  written to file by thread pool-3-thread-4
 message  {Id=e041bad5-9706-4580-968a-6527a194cf88,FirstNumber=228,secondNumber=920}  added by thread pool-3-thread-6
 message  {Id=e041bad5-9706-4580-968a-6527a194cf88,FirstNumber=228,secondNumber=920}  written to file by thread pool-3-thread-4
 message  {Id=7e501f2b-766d-4a89-803b-5a735af56c24,FirstNumber=252,secondNumber=296}  added by thread pool-3-thread-6
 message  {Id=7e501f2b-766d-4a89-803b-5a735af56c24,FirstNumber=252,secondNumber=296}  written to file by thread pool-3-thread-2
 message  {Id=af61cd97-f609-4f88-8633-f3f50dab90bc,FirstNumber=727,secondNumber=147}  added by thread pool-3-thread-6
 message  {Id=af61cd97-f609-4f88-8633-f3f50dab90bc,FirstNumber=727,secondNumber=147}  written to file by thread pool-3-thread-2
 message  {Id=4509857a-729d-4fcc-8feb-cb50221177ea,FirstNumber=181,secondNumber=1278}  added by thread pool-3-thread-6
 message  {Id=4509857a-729d-4fcc-8feb-cb50221177ea,FirstNumber=181,secondNumber=1278}  written to file by thread pool-3-thread-5
 message  {Id=83cbb378-ff8a-47ea-9f63-bea9b29bf185,FirstNumber=411,secondNumber=1572}  added by thread pool-3-thread-6
 message  {Id=83cbb378-ff8a-47ea-9f63-bea9b29bf185,FirstNumber=411,secondNumber=1572}  written to file by thread pool-3-thread-5
 message  {Id=9ada274d-2580-4ea2-aa7c-26c2b60dc1bf,FirstNumber=175,secondNumber=1938}  added by thread pool-3-thread-6
 message  {Id=f8539355-67c8-4c5e-a73a-855eb28d06b0,FirstNumber=509,secondNumber=278}  added by thread pool-3-thread-6
 message  {Id=9ada274d-2580-4ea2-aa7c-26c2b60dc1bf,FirstNumber=175,secondNumber=1938}  written to file by thread pool-3-thread-4
 message  {Id=f8539355-67c8-4c5e-a73a-855eb28d06b0,FirstNumber=509,secondNumber=278}  written to file by thread pool-3-thread-1
 message  {Id=72473e2c-b316-487c-9b04-79d72ed2359f,FirstNumber=91,secondNumber=1442}  added by thread pool-3-thread-6
 message  {Id=72473e2c-b316-487c-9b04-79d72ed2359f,FirstNumber=91,secondNumber=1442}  written to file by thread pool-3-thread-2
 message  {Id=c144a692-1714-442f-9622-b718be22b2e3,FirstNumber=634,secondNumber=286}  added by thread pool-3-thread-6
 message  {Id=c144a692-1714-442f-9622-b718be22b2e3,FirstNumber=634,secondNumber=286}  written to file by thread pool-3-thread-2
 message  {Id=6252c39b-3703-48cc-a927-c0d9fe7fcb63,FirstNumber=687,secondNumber=880}  added by thread pool-3-thread-6
 message  {Id=6252c39b-3703-48cc-a927-c0d9fe7fcb63,FirstNumber=687,secondNumber=880}  written to file by thread pool-3-thread-5
 message  {Id=0e8758a6-02fd-4bae-8424-077e338cd83f,FirstNumber=821,secondNumber=507}  added by thread pool-3-thread-6
 message  {Id=0e8758a6-02fd-4bae-8424-077e338cd83f,FirstNumber=821,secondNumber=507}  written to file by thread pool-3-thread-5
 message  {Id=022a261c-fb0f-4222-b37b-f8231b7fb327,FirstNumber=393,secondNumber=870}  added by thread pool-3-thread-6
 message  {Id=022a261c-fb0f-4222-b37b-f8231b7fb327,FirstNumber=393,secondNumber=870}  written to file by thread pool-3-thread-1
 message  {Id=77213629-338c-4a6a-a50e-ae89113d06d3,FirstNumber=954,secondNumber=573}  added by thread pool-3-thread-6
 message  {Id=77213629-338c-4a6a-a50e-ae89113d06d3,FirstNumber=954,secondNumber=573}  written to file by thread pool-3-thread-1
 message  {Id=b64b8269-f517-4f50-8605-b565a56cb06c,FirstNumber=416,secondNumber=1890}  added by thread pool-3-thread-6
 message  {Id=b64b8269-f517-4f50-8605-b565a56cb06c,FirstNumber=416,secondNumber=1890}  written to file by thread pool-3-thread-2
 message  {Id=c78bde02-d6f6-4681-9acc-1363bb75462e,FirstNumber=839,secondNumber=1086}  added by thread pool-3-thread-6
 message  {Id=c78bde02-d6f6-4681-9acc-1363bb75462e,FirstNumber=839,secondNumber=1086}  written to file by thread pool-3-thread-2
 message  {Id=ac5983e7-37f9-4479-9d97-d008484dabbe,FirstNumber=163,secondNumber=1503}  added by thread pool-3-thread-6
 message  {Id=ac5983e7-37f9-4479-9d97-d008484dabbe,FirstNumber=163,secondNumber=1503}  written to file by thread pool-3-thread-5
 message  {Id=16c4901e-3709-499e-a08c-e77140614a35,FirstNumber=310,secondNumber=350}  added by thread pool-3-thread-6
 message  {Id=16c4901e-3709-499e-a08c-e77140614a35,FirstNumber=310,secondNumber=350}  written to file by thread pool-3-thread-3
 message  {Id=b4266f41-fe55-41fe-b120-3dc917fbd455,FirstNumber=23,secondNumber=917}  added by thread pool-3-thread-6
 message  {Id=b4266f41-fe55-41fe-b120-3dc917fbd455,FirstNumber=23,secondNumber=917}  written to file by thread pool-3-thread-3
 message  {Id=00c39b31-11d3-4e8d-a1e5-90e981347235,FirstNumber=118,secondNumber=277}  added by thread pool-3-thread-6
 message  {Id=00c39b31-11d3-4e8d-a1e5-90e981347235,FirstNumber=118,secondNumber=277}  written to file by thread pool-3-thread-4
 message  {Id=f14e48c8-4232-44e0-ac23-e6f5da2d2b3c,FirstNumber=584,secondNumber=597}  added by thread pool-3-thread-6
 message  {Id=f14e48c8-4232-44e0-ac23-e6f5da2d2b3c,FirstNumber=584,secondNumber=597}  written to file by thread pool-3-thread-4
 message  {Id=120ab305-8e27-45e6-acea-e0957152373e,FirstNumber=894,secondNumber=1420}  added by thread pool-3-thread-6
 message  {Id=120ab305-8e27-45e6-acea-e0957152373e,FirstNumber=894,secondNumber=1420}  written to file by thread pool-3-thread-5
 message  {Id=6f582c60-b8b2-42ac-be39-42ac32ebbc96,FirstNumber=531,secondNumber=1986}  added by thread pool-3-thread-6
 message  {Id=6f582c60-b8b2-42ac-be39-42ac32ebbc96,FirstNumber=531,secondNumber=1986}  written to file by thread pool-3-thread-5
 message  {Id=6c15abea-29ae-47c2-99bb-75971a49a144,FirstNumber=333,secondNumber=987}  added by thread pool-3-thread-6
 message  {Id=6c15abea-29ae-47c2-99bb-75971a49a144,FirstNumber=333,secondNumber=987}  written to file by thread pool-3-thread-3
 message  {Id=4970f688-77b9-44e4-b731-704943f2675b,FirstNumber=882,secondNumber=495}  added by thread pool-3-thread-6
 message  {Id=4970f688-77b9-44e4-b731-704943f2675b,FirstNumber=882,secondNumber=495}  written to file by thread pool-3-thread-3
 message  {Id=bd16f2d5-0881-4bbe-8b4d-cea80c801681,FirstNumber=164,secondNumber=1032}  added by thread pool-3-thread-6
 message  {Id=bd16f2d5-0881-4bbe-8b4d-cea80c801681,FirstNumber=164,secondNumber=1032}  written to file by thread pool-3-thread-4
 message  {Id=db63d43e-45e4-477c-b5c1-ba843c1ca375,FirstNumber=957,secondNumber=1350}  added by thread pool-3-thread-6
 message  {Id=db63d43e-45e4-477c-b5c1-ba843c1ca375,FirstNumber=957,secondNumber=1350}  written to file by thread pool-3-thread-4
 message  {Id=1a7765ed-7ff4-4c42-b19b-3818cbf9f9e5,FirstNumber=780,secondNumber=836}  added by thread pool-3-thread-6
 message  {Id=1a7765ed-7ff4-4c42-b19b-3818cbf9f9e5,FirstNumber=780,secondNumber=836}  written to file by thread pool-3-thread-4
 message  {Id=f984c6df-e654-4cf1-8541-d5a9dbe76cff,FirstNumber=804,secondNumber=604}  added by thread pool-3-thread-6
 message  {Id=f984c6df-e654-4cf1-8541-d5a9dbe76cff,FirstNumber=804,secondNumber=604}  written to file by thread pool-3-thread-2
 message  {Id=46aea682-7a18-44fc-a355-7ca46976ac96,FirstNumber=526,secondNumber=390}  added by thread pool-3-thread-6
 message  {Id=46aea682-7a18-44fc-a355-7ca46976ac96,FirstNumber=526,secondNumber=390}  written to file by thread pool-3-thread-2
 message  {Id=73838732-f336-4f81-bf13-e8f9a89504ed,FirstNumber=708,secondNumber=1479}  added by thread pool-3-thread-6
 message  {Id=d5eea2f1-68b6-436d-8ba1-a5335d691262,FirstNumber=256,secondNumber=1938}  added by thread pool-3-thread-6
 message  {Id=73838732-f336-4f81-bf13-e8f9a89504ed,FirstNumber=708,secondNumber=1479}  written to file by thread pool-3-thread-1
 message  {Id=d5eea2f1-68b6-436d-8ba1-a5335d691262,FirstNumber=256,secondNumber=1938}  written to file by thread pool-3-thread-5
 message  {Id=c840fbef-1196-480a-ae35-fa8d09dc460d,FirstNumber=338,secondNumber=1422}  added by thread pool-3-thread-6
 message  {Id=c840fbef-1196-480a-ae35-fa8d09dc460d,FirstNumber=338,secondNumber=1422}  written to file by thread pool-3-thread-5
 message  {Id=52d72f4e-b89f-4f81-b0ac-f6ebf80078a3,FirstNumber=109,secondNumber=1432}  added by thread pool-3-thread-6
 message  {Id=52d72f4e-b89f-4f81-b0ac-f6ebf80078a3,FirstNumber=109,secondNumber=1432}  written to file by thread pool-3-thread-5
 message  {Id=a40368fe-9fd8-441c-955a-d98e6f95b276,FirstNumber=440,secondNumber=1726}  added by thread pool-3-thread-6
 message  {Id=a40368fe-9fd8-441c-955a-d98e6f95b276,FirstNumber=440,secondNumber=1726}  written to file by thread pool-3-thread-2
 message  {Id=d28e0397-d05a-49df-b424-35247420409b,FirstNumber=234,secondNumber=1864}  added by thread pool-3-thread-6
 message  {Id=d28e0397-d05a-49df-b424-35247420409b,FirstNumber=234,secondNumber=1864}  written to file by thread pool-3-thread-2
 message  {Id=b525dd74-e4f3-4b47-a1ca-b36052f4824e,FirstNumber=598,secondNumber=676}  added by thread pool-3-thread-6
 message  {Id=b525dd74-e4f3-4b47-a1ca-b36052f4824e,FirstNumber=598,secondNumber=676}  written to file by thread pool-3-thread-4
 message  {Id=82736262-d962-4d86-99a6-fd4f4d005433,FirstNumber=287,secondNumber=923}  added by thread pool-3-thread-6
 message  {Id=82736262-d962-4d86-99a6-fd4f4d005433,FirstNumber=287,secondNumber=923}  written to file by thread pool-3-thread-3
 message  {Id=51fd1996-d6ec-43f8-9793-d5006cf07fb2,FirstNumber=623,secondNumber=475}  added by thread pool-3-thread-6
 message  {Id=51fd1996-d6ec-43f8-9793-d5006cf07fb2,FirstNumber=623,secondNumber=475}  written to file by thread pool-3-thread-3
 message  {Id=aac55a4d-69e4-46ee-9e68-607074187ee9,FirstNumber=464,secondNumber=261}  added by thread pool-3-thread-6
 message  {Id=aac55a4d-69e4-46ee-9e68-607074187ee9,FirstNumber=464,secondNumber=261}  written to file by thread pool-3-thread-3
 message  {Id=bb12e095-e2d1-4696-a26c-6d8cfb511117,FirstNumber=860,secondNumber=1265}  added by thread pool-3-thread-6
 message  {Id=bb12e095-e2d1-4696-a26c-6d8cfb511117,FirstNumber=860,secondNumber=1265}  written to file by thread pool-3-thread-3
 message  {Id=8dfca2d3-737e-4c57-a24b-15b35c97dfdc,FirstNumber=77,secondNumber=795}  added by thread pool-3-thread-6
 message  {Id=8dfca2d3-737e-4c57-a24b-15b35c97dfdc,FirstNumber=77,secondNumber=795}  written to file by thread pool-3-thread-4
 message  {Id=44cd8342-8af1-4d0f-b28a-b868b54ca639,FirstNumber=167,secondNumber=1209}  added by thread pool-3-thread-6
 message  {Id=44cd8342-8af1-4d0f-b28a-b868b54ca639,FirstNumber=167,secondNumber=1209}  written to file by thread pool-3-thread-4
 message  {Id=ea66b5ca-143d-4726-9d06-31b3014e3745,FirstNumber=710,secondNumber=885}  added by thread pool-3-thread-6
 message  {Id=ea66b5ca-143d-4726-9d06-31b3014e3745,FirstNumber=710,secondNumber=885}  written to file by thread pool-3-thread-1
 message  {Id=fd04a3f3-1c70-4398-9f33-8e2800a3656c,FirstNumber=427,secondNumber=1835}  added by thread pool-3-thread-6
 message  {Id=fd04a3f3-1c70-4398-9f33-8e2800a3656c,FirstNumber=427,secondNumber=1835}  written to file by thread pool-3-thread-1
 message  {Id=a6411534-9c1e-4efd-9b6a-d4c906fad65a,FirstNumber=654,secondNumber=341}  added by thread pool-3-thread-6
 message  {Id=a6411534-9c1e-4efd-9b6a-d4c906fad65a,FirstNumber=654,secondNumber=341}  written to file by thread pool-3-thread-3
 message  {Id=bff95d62-cea6-4496-97fa-b2df75305097,FirstNumber=569,secondNumber=1828}  added by thread pool-3-thread-6
 message  {Id=bff95d62-cea6-4496-97fa-b2df75305097,FirstNumber=569,secondNumber=1828}  written to file by thread pool-3-thread-3
 message  {Id=f03f9915-1425-4107-82d3-8002b97808dc,FirstNumber=729,secondNumber=1785}  added by thread pool-3-thread-6
 message  {Id=f03f9915-1425-4107-82d3-8002b97808dc,FirstNumber=729,secondNumber=1785}  written to file by thread pool-3-thread-4
 message  {Id=fdbd7ba0-5266-49ad-b158-94de2d86f41d,FirstNumber=258,secondNumber=370}  added by thread pool-3-thread-6
 message  {Id=fdbd7ba0-5266-49ad-b158-94de2d86f41d,FirstNumber=258,secondNumber=370}  written to file by thread pool-3-thread-2
 message  {Id=aa4bff87-9c89-4b11-a950-48dffc6f0a13,FirstNumber=692,secondNumber=1985}  added by thread pool-3-thread-6
 message  {Id=aa4bff87-9c89-4b11-a950-48dffc6f0a13,FirstNumber=692,secondNumber=1985}  written to file by thread pool-3-thread-2
 message  {Id=3172c7ff-087b-4fa9-bc92-6c45accd7fea,FirstNumber=521,secondNumber=124}  added by thread pool-3-thread-6
 message  {Id=3172c7ff-087b-4fa9-bc92-6c45accd7fea,FirstNumber=521,secondNumber=124}  written to file by thread pool-3-thread-5
 message  {Id=9eeaa988-5530-49b2-88db-2aa2d3492a45,FirstNumber=631,secondNumber=1995}  added by thread pool-3-thread-6
 message  {Id=9eeaa988-5530-49b2-88db-2aa2d3492a45,FirstNumber=631,secondNumber=1995}  written to file by thread pool-3-thread-3
 message  {Id=ca0b94d4-df71-4776-8a11-0b734b4723c7,FirstNumber=490,secondNumber=1486}  added by thread pool-3-thread-6
 message  {Id=ca0b94d4-df71-4776-8a11-0b734b4723c7,FirstNumber=490,secondNumber=1486}  written to file by thread pool-3-thread-4
 message  {Id=45e8a1c6-d2ed-43d6-a516-0d68f12e725d,FirstNumber=459,secondNumber=1537}  added by thread pool-3-thread-6
 message  {Id=45e8a1c6-d2ed-43d6-a516-0d68f12e725d,FirstNumber=459,secondNumber=1537}  written to file by thread pool-3-thread-4
 message  {Id=bb33d771-4bd4-427a-aec2-d1ab7df8e6db,FirstNumber=328,secondNumber=1814}  added by thread pool-3-thread-6
 message  {Id=bb33d771-4bd4-427a-aec2-d1ab7df8e6db,FirstNumber=328,secondNumber=1814}  written to file by thread pool-3-thread-2
 message  {Id=f96e95d6-1548-4fa0-8a49-4766ea68a38f,FirstNumber=328,secondNumber=8}  added by thread pool-3-thread-6
 message  {Id=f96e95d6-1548-4fa0-8a49-4766ea68a38f,FirstNumber=328,secondNumber=8}  written to file by thread pool-3-thread-2
 message  {Id=ece936e1-7dfa-4689-a30e-f6a3e4d441f9,FirstNumber=964,secondNumber=1121}  added by thread pool-3-thread-6
 message  {Id=7fd99705-2047-482f-854c-1f63c219a836,FirstNumber=874,secondNumber=591}  added by thread pool-3-thread-6
 message  {Id=ece936e1-7dfa-4689-a30e-f6a3e4d441f9,FirstNumber=964,secondNumber=1121}  written to file by thread pool-3-thread-3
 message  {Id=7fd99705-2047-482f-854c-1f63c219a836,FirstNumber=874,secondNumber=591}  written to file by thread pool-3-thread-1
 message  {Id=919ffa0b-6aeb-4a91-b0c5-1681b6d7a671,FirstNumber=42,secondNumber=1641}  added by thread pool-3-thread-6
 message  {Id=919ffa0b-6aeb-4a91-b0c5-1681b6d7a671,FirstNumber=42,secondNumber=1641}  written to file by thread pool-3-thread-4
 message  {Id=dec6c71e-d306-409d-b707-e43e6da6284a,FirstNumber=216,secondNumber=231}  added by thread pool-3-thread-6
 message  {Id=dec6c71e-d306-409d-b707-e43e6da6284a,FirstNumber=216,secondNumber=231}  written to file by thread pool-3-thread-4
 message  {Id=47ef1fc2-a437-4d13-aa6e-597df85db872,FirstNumber=487,secondNumber=600}  added by thread pool-3-thread-6
 message  {Id=47ef1fc2-a437-4d13-aa6e-597df85db872,FirstNumber=487,secondNumber=600}  written to file by thread pool-3-thread-2
 message  {Id=edb8a858-9197-4d40-b9fb-8e7dbb72c41e,FirstNumber=9,secondNumber=920}  added by thread pool-3-thread-6
 message  {Id=edb8a858-9197-4d40-b9fb-8e7dbb72c41e,FirstNumber=9,secondNumber=920}  written to file by thread pool-3-thread-2
 message  {Id=e57c1cdd-fabf-40a6-b8eb-a4fce2c1d0ba,FirstNumber=340,secondNumber=312}  added by thread pool-3-thread-6
 message  {Id=e57c1cdd-fabf-40a6-b8eb-a4fce2c1d0ba,FirstNumber=340,secondNumber=312}  written to file by thread pool-3-thread-1
 message  {Id=bab36375-0f03-4b8c-ad5f-cba5c9c2272c,FirstNumber=806,secondNumber=1952}  added by thread pool-3-thread-6
 message  {Id=bab36375-0f03-4b8c-ad5f-cba5c9c2272c,FirstNumber=806,secondNumber=1952}  written to file by thread pool-3-thread-1
 message  {Id=6f8cd2ca-0259-4ad7-b36e-9edb2c11abc5,FirstNumber=15,secondNumber=366}  added by thread pool-3-thread-6
 message  {Id=6f8cd2ca-0259-4ad7-b36e-9edb2c11abc5,FirstNumber=15,secondNumber=366}  written to file by thread pool-3-thread-4
 message  {Id=e8960bf4-2f79-4724-ad15-404ba46117f9,FirstNumber=960,secondNumber=532}  added by thread pool-3-thread-6
 message  {Id=e8960bf4-2f79-4724-ad15-404ba46117f9,FirstNumber=960,secondNumber=532}  written to file by thread pool-3-thread-4
 message  {Id=031fa09c-70f7-4425-8390-659a3492cc4f,FirstNumber=835,secondNumber=899}  added by thread pool-3-thread-6
 message  {Id=c9e772fa-ecb5-4030-8abf-96c8207fc5ab,FirstNumber=286,secondNumber=684}  added by thread pool-3-thread-6
 message  {Id=031fa09c-70f7-4425-8390-659a3492cc4f,FirstNumber=835,secondNumber=899}  written to file by thread pool-3-thread-2
 message  {Id=c9e772fa-ecb5-4030-8abf-96c8207fc5ab,FirstNumber=286,secondNumber=684}  written to file by thread pool-3-thread-5
 message  {Id=ae350722-40b5-42ed-b9ad-65cdc2534726,FirstNumber=555,secondNumber=1696}  added by thread pool-3-thread-6
 message  {Id=ae350722-40b5-42ed-b9ad-65cdc2534726,FirstNumber=555,secondNumber=1696}  written to file by thread pool-3-thread-5
 message  {Id=e0345118-3401-4e27-9db6-1f4a150440f3,FirstNumber=692,secondNumber=530}  added by thread pool-3-thread-6
 message  {Id=e0345118-3401-4e27-9db6-1f4a150440f3,FirstNumber=692,secondNumber=530}  written to file by thread pool-3-thread-3
 message  {Id=ebe4df40-42b6-463a-8f2c-78176a62a9af,FirstNumber=782,secondNumber=1358}  added by thread pool-3-thread-6
 message  {Id=ebe4df40-42b6-463a-8f2c-78176a62a9af,FirstNumber=782,secondNumber=1358}  written to file by thread pool-3-thread-3
 message  {Id=97336e80-3c08-4529-9290-26c078c8b8f2,FirstNumber=256,secondNumber=1530}  added by thread pool-3-thread-6
 message  {Id=97336e80-3c08-4529-9290-26c078c8b8f2,FirstNumber=256,secondNumber=1530}  written to file by thread pool-3-thread-2
 message  {Id=b9d473fe-287e-4d6c-9c17-438c00166cbd,FirstNumber=85,secondNumber=1493}  added by thread pool-3-thread-6
 message  {Id=b9d473fe-287e-4d6c-9c17-438c00166cbd,FirstNumber=85,secondNumber=1493}  written to file by thread pool-3-thread-2
 message  {Id=6a3a56a5-11f1-4bf1-90f3-ec1e0fd8987a,FirstNumber=521,secondNumber=1877}  added by thread pool-3-thread-6
 message  {Id=6a3a56a5-11f1-4bf1-90f3-ec1e0fd8987a,FirstNumber=521,secondNumber=1877}  written to file by thread pool-3-thread-5
 message  {Id=fcf086c4-5153-49a2-aa19-dc52382d84cc,FirstNumber=313,secondNumber=408}  added by thread pool-3-thread-6
 message  {Id=fcf086c4-5153-49a2-aa19-dc52382d84cc,FirstNumber=313,secondNumber=408}  written to file by thread pool-3-thread-5
 message  {Id=840dee85-251a-421c-bb91-56ee189af689,FirstNumber=593,secondNumber=1225}  added by thread pool-3-thread-6
 message  {Id=840dee85-251a-421c-bb91-56ee189af689,FirstNumber=593,secondNumber=1225}  written to file by thread pool-3-thread-3
 message  {Id=3f7d8d51-4160-494f-8e1a-923f2aaf8f7d,FirstNumber=222,secondNumber=1263}  added by thread pool-3-thread-6
 message  {Id=54b30f79-4dcb-4b3d-b453-52cd9b7600ee,FirstNumber=812,secondNumber=361}  added by thread pool-3-thread-6
 message  {Id=3f7d8d51-4160-494f-8e1a-923f2aaf8f7d,FirstNumber=222,secondNumber=1263}  written to file by thread pool-3-thread-1
 message  {Id=54b30f79-4dcb-4b3d-b453-52cd9b7600ee,FirstNumber=812,secondNumber=361}  written to file by thread pool-3-thread-2
 message  {Id=ce81175c-c39d-4334-b53b-0c7272853411,FirstNumber=498,secondNumber=1455}  added by thread pool-3-thread-6
 message  {Id=ce81175c-c39d-4334-b53b-0c7272853411,FirstNumber=498,secondNumber=1455}  written to file by thread pool-3-thread-4
 message  {Id=50ad333f-a894-4307-a82e-c8c590583471,FirstNumber=204,secondNumber=351}  added by thread pool-3-thread-6
 message  {Id=50ad333f-a894-4307-a82e-c8c590583471,FirstNumber=204,secondNumber=351}  written to file by thread pool-3-thread-4
 message  {Id=410ae881-2866-4108-9c21-96705be16d2e,FirstNumber=457,secondNumber=1262}  added by thread pool-3-thread-6
 message  {Id=410ae881-2866-4108-9c21-96705be16d2e,FirstNumber=457,secondNumber=1262}  written to file by thread pool-3-thread-3
 message  {Id=3ddc8a1c-7765-4dd6-a6dc-ccc63f2e4cb5,FirstNumber=962,secondNumber=731}  added by thread pool-3-thread-6
 message  {Id=3ddc8a1c-7765-4dd6-a6dc-ccc63f2e4cb5,FirstNumber=962,secondNumber=731}  written to file by thread pool-3-thread-1
 message  {Id=db25ac05-ec6f-45c0-8e86-eebabd86c9b8,FirstNumber=947,secondNumber=390}  added by thread pool-3-thread-6
 message  {Id=db25ac05-ec6f-45c0-8e86-eebabd86c9b8,FirstNumber=947,secondNumber=390}  written to file by thread pool-3-thread-2
 message  {Id=d1a5fe23-5814-4ec0-b26c-924cb4c41d14,FirstNumber=775,secondNumber=1104}  added by thread pool-3-thread-6
 message  {Id=d1a5fe23-5814-4ec0-b26c-924cb4c41d14,FirstNumber=775,secondNumber=1104}  written to file by thread pool-3-thread-2
 message  {Id=ea540ba6-33bb-4773-880c-bb049ba1c1e3,FirstNumber=863,secondNumber=760}  added by thread pool-3-thread-6
 message  {Id=ea540ba6-33bb-4773-880c-bb049ba1c1e3,FirstNumber=863,secondNumber=760}  written to file by thread pool-3-thread-4
 message  {Id=4eb8083d-1c30-4c69-ab3d-cb70986a0c68,FirstNumber=336,secondNumber=1834}  added by thread pool-3-thread-6
 message  {Id=4eb8083d-1c30-4c69-ab3d-cb70986a0c68,FirstNumber=336,secondNumber=1834}  written to file by thread pool-3-thread-4
 message  {Id=cffd0c04-d5a4-4a02-bfaf-f30a5eec7758,FirstNumber=519,secondNumber=207}  added by thread pool-3-thread-6
 message  {Id=7a23f8ee-808d-4166-a39f-9de7aa35459b,FirstNumber=90,secondNumber=231}  added by thread pool-3-thread-6
 message  {Id=cffd0c04-d5a4-4a02-bfaf-f30a5eec7758,FirstNumber=519,secondNumber=207}  written to file by thread pool-3-thread-1
 message  {Id=7a23f8ee-808d-4166-a39f-9de7aa35459b,FirstNumber=90,secondNumber=231}  written to file by thread pool-3-thread-5
 message  {Id=b4cb0a43-c56e-42c6-b38f-811793483d97,FirstNumber=885,secondNumber=891}  added by thread pool-3-thread-6
 message  {Id=b4cb0a43-c56e-42c6-b38f-811793483d97,FirstNumber=885,secondNumber=891}  written to file by thread pool-3-thread-2
 message  {Id=04467cd1-d8be-428e-927d-50b87ad776b8,FirstNumber=709,secondNumber=203}  added by thread pool-3-thread-6
 message  {Id=04467cd1-d8be-428e-927d-50b87ad776b8,FirstNumber=709,secondNumber=203}  written to file by thread pool-3-thread-2
 message  {Id=917b7ae3-0682-46fb-9f50-2bb66b6f20b2,FirstNumber=524,secondNumber=1690}  added by thread pool-3-thread-6
 message  {Id=917b7ae3-0682-46fb-9f50-2bb66b6f20b2,FirstNumber=524,secondNumber=1690}  written to file by thread pool-3-thread-4
 message  {Id=50e3537d-999f-41aa-86f2-3264af9e81fa,FirstNumber=138,secondNumber=428}  added by thread pool-3-thread-6
 message  {Id=50e3537d-999f-41aa-86f2-3264af9e81fa,FirstNumber=138,secondNumber=428}  written to file by thread pool-3-thread-4
 message  {Id=917af751-c149-4d0b-9e58-fe080534375f,FirstNumber=880,secondNumber=74}  added by thread pool-3-thread-6
 message  {Id=917af751-c149-4d0b-9e58-fe080534375f,FirstNumber=880,secondNumber=74}  written to file by thread pool-3-thread-5
 message  {Id=03abe73b-0c37-401b-adfd-cfbef85091cf,FirstNumber=14,secondNumber=1890}  added by thread pool-3-thread-6
 message  {Id=03abe73b-0c37-401b-adfd-cfbef85091cf,FirstNumber=14,secondNumber=1890}  written to file by thread pool-3-thread-5
 message  {Id=de30b19b-fda2-4ecd-977e-e00cafd3f6fa,FirstNumber=196,secondNumber=1027}  added by thread pool-3-thread-6
 message  {Id=de30b19b-fda2-4ecd-977e-e00cafd3f6fa,FirstNumber=196,secondNumber=1027}  written to file by thread pool-3-thread-2
 message  {Id=8b576bfa-03ed-4685-8516-6ad3d5f2b51a,FirstNumber=289,secondNumber=875}  added by thread pool-3-thread-6
 message  {Id=8b576bfa-03ed-4685-8516-6ad3d5f2b51a,FirstNumber=289,secondNumber=875}  written to file by thread pool-3-thread-2
 message  {Id=9767c9c2-619f-4db0-a4d9-cc5e4437b811,FirstNumber=911,secondNumber=581}  added by thread pool-3-thread-6
 message  {Id=86b2580c-f6d9-4c2f-b438-5f795af3f0d4,FirstNumber=115,secondNumber=1042}  added by thread pool-3-thread-6
 message  {Id=9767c9c2-619f-4db0-a4d9-cc5e4437b811,FirstNumber=911,secondNumber=581}  written to file by thread pool-3-thread-4
 message  {Id=86b2580c-f6d9-4c2f-b438-5f795af3f0d4,FirstNumber=115,secondNumber=1042}  written to file by thread pool-3-thread-3
 message  {Id=c2a5ddfd-accc-4911-a83b-fa573986192c,FirstNumber=791,secondNumber=1618}  added by thread pool-3-thread-6
 message  {Id=c2a5ddfd-accc-4911-a83b-fa573986192c,FirstNumber=791,secondNumber=1618}  written to file by thread pool-3-thread-5
 message  {Id=22ac5f97-4d87-416a-bf54-606efa2a632b,FirstNumber=728,secondNumber=1991}  added by thread pool-3-thread-6
 message  {Id=22ac5f97-4d87-416a-bf54-606efa2a632b,FirstNumber=728,secondNumber=1991}  written to file by thread pool-3-thread-1
 message  {Id=d61c39be-a9a3-4eea-9961-2b393335b469,FirstNumber=497,secondNumber=287}  added by thread pool-3-thread-6
 message  {Id=d61c39be-a9a3-4eea-9961-2b393335b469,FirstNumber=497,secondNumber=287}  written to file by thread pool-3-thread-1
 message  {Id=6131d312-dab9-40c8-88ca-190b38ab1efa,FirstNumber=43,secondNumber=553}  added by thread pool-3-thread-6
 message  {Id=6131d312-dab9-40c8-88ca-190b38ab1efa,FirstNumber=43,secondNumber=553}  written to file by thread pool-3-thread-4
 message  {Id=66a3c918-4e80-44ff-8c2c-7094fe5ac99a,FirstNumber=328,secondNumber=595}  added by thread pool-3-thread-6
 message  {Id=66a3c918-4e80-44ff-8c2c-7094fe5ac99a,FirstNumber=328,secondNumber=595}  written to file by thread pool-3-thread-4
 message  {Id=5eed9523-20e0-4907-ade3-ef38c0e218fa,FirstNumber=331,secondNumber=461}  added by thread pool-3-thread-6
 message  {Id=5eed9523-20e0-4907-ade3-ef38c0e218fa,FirstNumber=331,secondNumber=461}  written to file by thread pool-3-thread-5
 message  {Id=e0bf2f03-248f-4aab-9351-7ccb9f81cb1b,FirstNumber=176,secondNumber=1804}  added by thread pool-3-thread-6
 message  {Id=e0bf2f03-248f-4aab-9351-7ccb9f81cb1b,FirstNumber=176,secondNumber=1804}  written to file by thread pool-3-thread-2
 message  {Id=991746e0-a040-4c20-9e9a-d2b3b57aaac2,FirstNumber=366,secondNumber=1170}  added by thread pool-3-thread-6
 message  {Id=991746e0-a040-4c20-9e9a-d2b3b57aaac2,FirstNumber=366,secondNumber=1170}  written to file by thread pool-3-thread-2
 message  {Id=39abfb5c-ecdc-49b9-9328-915990edd6f3,FirstNumber=549,secondNumber=97}  added by thread pool-3-thread-6
 message  {Id=0eabbc94-9878-4026-b197-065041bb13d9,FirstNumber=778,secondNumber=1969}  added by thread pool-3-thread-6
 message  {Id=39abfb5c-ecdc-49b9-9328-915990edd6f3,FirstNumber=549,secondNumber=97}  written to file by thread pool-3-thread-3
 message  {Id=0eabbc94-9878-4026-b197-065041bb13d9,FirstNumber=778,secondNumber=1969}  written to file by thread pool-3-thread-4
 message  {Id=ed79e2ec-6410-4381-a411-1acdd3675c72,FirstNumber=663,secondNumber=1292}  added by thread pool-3-thread-6
 message  {Id=ed79e2ec-6410-4381-a411-1acdd3675c72,FirstNumber=663,secondNumber=1292}  written to file by thread pool-3-thread-5
 message  {Id=ab272e66-5d90-4252-b7c6-11c2e1914d23,FirstNumber=17,secondNumber=1309}  added by thread pool-3-thread-6
 message  {Id=ab272e66-5d90-4252-b7c6-11c2e1914d23,FirstNumber=17,secondNumber=1309}  written to file by thread pool-3-thread-5
 message  {Id=ef49b394-9019-40d3-abc6-116750236c0c,FirstNumber=360,secondNumber=1991}  added by thread pool-3-thread-6
 message  {Id=ef49b394-9019-40d3-abc6-116750236c0c,FirstNumber=360,secondNumber=1991}  written to file by thread pool-3-thread-2
 message  {Id=18ef4dbf-4c19-4748-804c-953cae74253e,FirstNumber=948,secondNumber=1018}  added by thread pool-3-thread-6
 message  {Id=18ef4dbf-4c19-4748-804c-953cae74253e,FirstNumber=948,secondNumber=1018}  written to file by thread pool-3-thread-2
 message  {Id=3502c121-ba8f-481b-a3cc-37f5e4f0b800,FirstNumber=430,secondNumber=709}  added by thread pool-3-thread-6
 message  {Id=3502c121-ba8f-481b-a3cc-37f5e4f0b800,FirstNumber=430,secondNumber=709}  written to file by thread pool-3-thread-4
 message  {Id=b9f2bc0a-f363-4c88-ac0e-b3f2a510bec2,FirstNumber=852,secondNumber=446}  added by thread pool-3-thread-6
 message  {Id=b9f2bc0a-f363-4c88-ac0e-b3f2a510bec2,FirstNumber=852,secondNumber=446}  written to file by thread pool-3-thread-4
 message  {Id=6a4907a0-94e9-48ae-9a37-872f1e69f406,FirstNumber=485,secondNumber=965}  added by thread pool-3-thread-6
 message  {Id=6a4907a0-94e9-48ae-9a37-872f1e69f406,FirstNumber=485,secondNumber=965}  written to file by thread pool-3-thread-5
 message  {Id=b7bf09c0-1c94-4c35-80ff-e4848aaf8368,FirstNumber=950,secondNumber=749}  added by thread pool-3-thread-6
 message  {Id=b7bf09c0-1c94-4c35-80ff-e4848aaf8368,FirstNumber=950,secondNumber=749}  written to file by thread pool-3-thread-5
 message  {Id=2cdb037e-df2d-447c-b2c6-8b386b4c6b04,FirstNumber=432,secondNumber=386}  added by thread pool-3-thread-6
 message  {Id=2cdb037e-df2d-447c-b2c6-8b386b4c6b04,FirstNumber=432,secondNumber=386}  written to file by thread pool-3-thread-2
 message  {Id=3b10c9c3-16a7-44b9-b98a-ca1171ac752f,FirstNumber=417,secondNumber=1609}  added by thread pool-3-thread-6
 message  {Id=3b10c9c3-16a7-44b9-b98a-ca1171ac752f,FirstNumber=417,secondNumber=1609}  written to file by thread pool-3-thread-1
 message  {Id=0f7df674-1f0a-49e2-93ec-14cc9dbadf00,FirstNumber=516,secondNumber=1032}  added by thread pool-3-thread-6
 message  {Id=0f7df674-1f0a-49e2-93ec-14cc9dbadf00,FirstNumber=516,secondNumber=1032}  written to file by thread pool-3-thread-4
 message  {Id=a93fde10-502a-4de0-b1a0-7b4fce81ddc6,FirstNumber=212,secondNumber=1003}  added by thread pool-3-thread-6
 message  {Id=a93fde10-502a-4de0-b1a0-7b4fce81ddc6,FirstNumber=212,secondNumber=1003}  written to file by thread pool-3-thread-4
 message  {Id=47c2fed8-c398-4dff-8315-07af8413d704,FirstNumber=569,secondNumber=682}  added by thread pool-3-thread-6
 message  {Id=47c2fed8-c398-4dff-8315-07af8413d704,FirstNumber=569,secondNumber=682}  written to file by thread pool-3-thread-5
 message  {Id=316c8e58-3db8-4e3f-9da8-3bde0a0936df,FirstNumber=304,secondNumber=1611}  added by thread pool-3-thread-6
 message  {Id=316c8e58-3db8-4e3f-9da8-3bde0a0936df,FirstNumber=304,secondNumber=1611}  written to file by thread pool-3-thread-5
 message  {Id=34441261-ad4c-43c9-8cbd-f9e941c36c23,FirstNumber=639,secondNumber=68}  added by thread pool-3-thread-6
 message  {Id=34441261-ad4c-43c9-8cbd-f9e941c36c23,FirstNumber=639,secondNumber=68}  written to file by thread pool-3-thread-1
 message  {Id=070e25b5-8a5d-49b3-9274-b35fa8d08b33,FirstNumber=229,secondNumber=1340}  added by thread pool-3-thread-6
 message  {Id=070e25b5-8a5d-49b3-9274-b35fa8d08b33,FirstNumber=229,secondNumber=1340}  written to file by thread pool-3-thread-1
 message  {Id=e74b0404-8baa-4e4c-8767-030b7f1dfca4,FirstNumber=718,secondNumber=640}  added by thread pool-3-thread-6
 message  {Id=e74b0404-8baa-4e4c-8767-030b7f1dfca4,FirstNumber=718,secondNumber=640}  written to file by thread pool-3-thread-1
 message  {Id=b1a77aad-f1c4-4e8f-9cb5-dfd2b5fa7bee,FirstNumber=28,secondNumber=299}  added by thread pool-3-thread-6
 message  {Id=b1a77aad-f1c4-4e8f-9cb5-dfd2b5fa7bee,FirstNumber=28,secondNumber=299}  written to file by thread pool-3-thread-2
 message  {Id=f2d1b8f3-d2fa-415b-ab04-a885cc8917d1,FirstNumber=334,secondNumber=805}  added by thread pool-3-thread-6
 message  {Id=25b9fc81-e021-48e7-8bf8-85682210bce8,FirstNumber=387,secondNumber=985}  added by thread pool-3-thread-6
 message  {Id=f2d1b8f3-d2fa-415b-ab04-a885cc8917d1,FirstNumber=334,secondNumber=805}  written to file by thread pool-3-thread-5
 message  {Id=25b9fc81-e021-48e7-8bf8-85682210bce8,FirstNumber=387,secondNumber=985}  written to file by thread pool-3-thread-3
 message  {Id=3274a162-9a1d-4346-a2ac-9140f5f43c3f,FirstNumber=938,secondNumber=1822}  added by thread pool-3-thread-6
 message  {Id=3274a162-9a1d-4346-a2ac-9140f5f43c3f,FirstNumber=938,secondNumber=1822}  written to file by thread pool-3-thread-3
 message  {Id=2b26322f-3ea2-4d62-87e2-28146d294868,FirstNumber=365,secondNumber=74}  added by thread pool-3-thread-6
 message  {Id=2b26322f-3ea2-4d62-87e2-28146d294868,FirstNumber=365,secondNumber=74}  written to file by thread pool-3-thread-1
 message  {Id=bc7b563c-3f9e-4e4a-89d4-3878a5889faf,FirstNumber=951,secondNumber=130}  added by thread pool-3-thread-6
 message  {Id=bc7b563c-3f9e-4e4a-89d4-3878a5889faf,FirstNumber=951,secondNumber=130}  written to file by thread pool-3-thread-1
 message  {Id=902401ac-595b-4884-819a-7cfad135c779,FirstNumber=744,secondNumber=1657}  added by thread pool-3-thread-6
 message  {Id=902401ac-595b-4884-819a-7cfad135c779,FirstNumber=744,secondNumber=1657}  written to file by thread pool-3-thread-5
 message  {Id=22171858-ad5d-4d3f-87d4-1226c868fcc2,FirstNumber=294,secondNumber=1812}  added by thread pool-3-thread-6
 message  {Id=22171858-ad5d-4d3f-87d4-1226c868fcc2,FirstNumber=294,secondNumber=1812}  written to file by thread pool-3-thread-5
 message  {Id=7a11c929-230c-4044-8238-8bc5a6f96be2,FirstNumber=935,secondNumber=1706}  added by thread pool-3-thread-6
 message  {Id=7a11c929-230c-4044-8238-8bc5a6f96be2,FirstNumber=935,secondNumber=1706}  written to file by thread pool-3-thread-3
 message  {Id=698858de-cbbb-4249-89b2-a1c4367f533e,FirstNumber=36,secondNumber=1938}  added by thread pool-3-thread-6
 message  {Id=698858de-cbbb-4249-89b2-a1c4367f533e,FirstNumber=36,secondNumber=1938}  written to file by thread pool-3-thread-3
 message  {Id=1fa9ef28-cc45-48dd-9bbd-3224585b2ae3,FirstNumber=777,secondNumber=640}  added by thread pool-3-thread-6
 message  {Id=1fa9ef28-cc45-48dd-9bbd-3224585b2ae3,FirstNumber=777,secondNumber=640}  written to file by thread pool-3-thread-1
 message  {Id=3e344455-ce78-4dce-9fd2-6b4eb8626cbd,FirstNumber=72,secondNumber=1685}  added by thread pool-3-thread-6
 message  {Id=3e344455-ce78-4dce-9fd2-6b4eb8626cbd,FirstNumber=72,secondNumber=1685}  written to file by thread pool-3-thread-1
 message  {Id=544c6262-391f-4820-b69e-16db08cd2000,FirstNumber=548,secondNumber=950}  added by thread pool-3-thread-6
 message  {Id=544c6262-391f-4820-b69e-16db08cd2000,FirstNumber=548,secondNumber=950}  written to file by thread pool-3-thread-1
 message  {Id=218f694c-6036-42e4-b668-8e4b0db61251,FirstNumber=382,secondNumber=828}  added by thread pool-3-thread-6
 message  {Id=218f694c-6036-42e4-b668-8e4b0db61251,FirstNumber=382,secondNumber=828}  written to file by thread pool-3-thread-2
 message  {Id=0a4c2880-2697-48ed-89ef-166ada5c4b1a,FirstNumber=335,secondNumber=451}  added by thread pool-3-thread-6
 message  {Id=0a4c2880-2697-48ed-89ef-166ada5c4b1a,FirstNumber=335,secondNumber=451}  written to file by thread pool-3-thread-2
 message  {Id=aede39c6-071f-4585-b2e3-8bff5e2b412f,FirstNumber=291,secondNumber=1860}  added by thread pool-3-thread-6
 message  {Id=aede39c6-071f-4585-b2e3-8bff5e2b412f,FirstNumber=291,secondNumber=1860}  written to file by thread pool-3-thread-4
 message  {Id=7c73987a-5d96-4ca4-a195-e66cb073d821,FirstNumber=986,secondNumber=609}  added by thread pool-3-thread-6
 message  {Id=7c73987a-5d96-4ca4-a195-e66cb073d821,FirstNumber=986,secondNumber=609}  written to file by thread pool-3-thread-4
 message  {Id=7d7c7687-d115-4710-84e2-06cca2bb9d25,FirstNumber=747,secondNumber=485}  added by thread pool-3-thread-6
 message  {Id=7d7c7687-d115-4710-84e2-06cca2bb9d25,FirstNumber=747,secondNumber=485}  written to file by thread pool-3-thread-1
 message  {Id=ddb49ae9-7b87-4d97-9337-317f74957220,FirstNumber=546,secondNumber=638}  added by thread pool-3-thread-6
 message  {Id=ddb49ae9-7b87-4d97-9337-317f74957220,FirstNumber=546,secondNumber=638}  written to file by thread pool-3-thread-1
 message  {Id=72a3a22d-34a4-4a3d-ba75-38201258891b,FirstNumber=650,secondNumber=906}  added by thread pool-3-thread-6
 message  {Id=72a3a22d-34a4-4a3d-ba75-38201258891b,FirstNumber=650,secondNumber=906}  written to file by thread pool-3-thread-1
 message  {Id=a2f12a92-a29b-4454-83ce-39e73799031e,FirstNumber=6,secondNumber=685}  added by thread pool-3-thread-6
 message  {Id=a2f12a92-a29b-4454-83ce-39e73799031e,FirstNumber=6,secondNumber=685}  written to file by thread pool-3-thread-5
 message  {Id=2d3aac89-f40d-4580-ba13-c9fbae5a2b9c,FirstNumber=185,secondNumber=1330}  added by thread pool-3-thread-6
 message  {Id=14593b07-a3c1-4f60-be95-577fc956c8b4,FirstNumber=656,secondNumber=1883}  added by thread pool-3-thread-6
 message  {Id=2d3aac89-f40d-4580-ba13-c9fbae5a2b9c,FirstNumber=185,secondNumber=1330}  written to file by thread pool-3-thread-4
 message  {Id=14593b07-a3c1-4f60-be95-577fc956c8b4,FirstNumber=656,secondNumber=1883}  written to file by thread pool-3-thread-3
 message  {Id=a4514cd4-df32-4890-a6b5-4020bbe8f45d,FirstNumber=814,secondNumber=1497}  added by thread pool-3-thread-6
 message  {Id=a4514cd4-df32-4890-a6b5-4020bbe8f45d,FirstNumber=814,secondNumber=1497}  written to file by thread pool-3-thread-3
 message  {Id=ac93a3c2-577e-473d-a096-5233ff321bd4,FirstNumber=253,secondNumber=430}  added by thread pool-3-thread-6
 message  {Id=ac93a3c2-577e-473d-a096-5233ff321bd4,FirstNumber=253,secondNumber=430}  written to file by thread pool-3-thread-1
 message  {Id=218c15f3-3dfe-450d-918b-e62c15f8a5f9,FirstNumber=688,secondNumber=738}  added by thread pool-3-thread-6
 message  {Id=218c15f3-3dfe-450d-918b-e62c15f8a5f9,FirstNumber=688,secondNumber=738}  written to file by thread pool-3-thread-1
 message  {Id=9063c4a2-26cc-4dda-82ea-217c18bbaaca,FirstNumber=875,secondNumber=41}  added by thread pool-3-thread-6
 message  {Id=9063c4a2-26cc-4dda-82ea-217c18bbaaca,FirstNumber=875,secondNumber=41}  written to file by thread pool-3-thread-4
 message  {Id=831ad228-eb90-4b30-9591-8b1692291aad,FirstNumber=717,secondNumber=320}  added by thread pool-3-thread-6
 message  {Id=831ad228-eb90-4b30-9591-8b1692291aad,FirstNumber=717,secondNumber=320}  written to file by thread pool-3-thread-4
 message  {Id=7b0cb760-fb30-41fa-bf9c-3fbebd3087b0,FirstNumber=214,secondNumber=1204}  added by thread pool-3-thread-6
 message  {Id=7b0cb760-fb30-41fa-bf9c-3fbebd3087b0,FirstNumber=214,secondNumber=1204}  written to file by thread pool-3-thread-3
 message  {Id=ac8d624a-c369-4252-9f40-9db0390585b4,FirstNumber=94,secondNumber=1878}  added by thread pool-3-thread-6
 message  {Id=ac8d624a-c369-4252-9f40-9db0390585b4,FirstNumber=94,secondNumber=1878}  written to file by thread pool-3-thread-5
 message  {Id=f0cee96c-997b-45aa-95ef-bdf098c1de12,FirstNumber=884,secondNumber=1643}  added by thread pool-3-thread-6
 message  {Id=f0cee96c-997b-45aa-95ef-bdf098c1de12,FirstNumber=884,secondNumber=1643}  written to file by thread pool-3-thread-1
 message  {Id=03249b6b-64ab-4e33-a492-4a2be1298ddf,FirstNumber=83,secondNumber=1618}  added by thread pool-3-thread-6
 message  {Id=03249b6b-64ab-4e33-a492-4a2be1298ddf,FirstNumber=83,secondNumber=1618}  written to file by thread pool-3-thread-1
 message  {Id=38f4e6d6-f339-4b6e-bc1c-4b58da55a8a9,FirstNumber=45,secondNumber=397}  added by thread pool-3-thread-6
 message  {Id=38f4e6d6-f339-4b6e-bc1c-4b58da55a8a9,FirstNumber=45,secondNumber=397}  written to file by thread pool-3-thread-1
 message  {Id=3b9acb86-90c8-4e33-9d25-92e624cd484d,FirstNumber=820,secondNumber=771}  added by thread pool-3-thread-6
 message  {Id=3b9acb86-90c8-4e33-9d25-92e624cd484d,FirstNumber=820,secondNumber=771}  written to file by thread pool-3-thread-3
 message  {Id=480d9cdb-d83e-4ce0-8756-f7865a284b5a,FirstNumber=372,secondNumber=1675}  added by thread pool-3-thread-6
 message  {Id=480d9cdb-d83e-4ce0-8756-f7865a284b5a,FirstNumber=372,secondNumber=1675}  written to file by thread pool-3-thread-5
 message  {Id=51e70b81-17b2-49c9-bbf3-666f674b248b,FirstNumber=745,secondNumber=377}  added by thread pool-3-thread-6
 message  {Id=51e70b81-17b2-49c9-bbf3-666f674b248b,FirstNumber=745,secondNumber=377}  written to file by thread pool-3-thread-2
 message  {Id=ea723955-5fd7-440a-85f5-f0053d4fd5e1,FirstNumber=127,secondNumber=73}  added by thread pool-3-thread-6
 message  {Id=ea723955-5fd7-440a-85f5-f0053d4fd5e1,FirstNumber=127,secondNumber=73}  written to file by thread pool-3-thread-2
 message  {Id=b1020700-5223-453c-983f-28d16a7bca19,FirstNumber=870,secondNumber=1024}  added by thread pool-3-thread-6
 message  {Id=b1020700-5223-453c-983f-28d16a7bca19,FirstNumber=870,secondNumber=1024}  written to file by thread pool-3-thread-1
 message  {Id=cba1f0b1-6d41-49f1-b59e-57a6bca2306e,FirstNumber=927,secondNumber=870}  added by thread pool-3-thread-6
 message  {Id=cba1f0b1-6d41-49f1-b59e-57a6bca2306e,FirstNumber=927,secondNumber=870}  written to file by thread pool-3-thread-3
 message  {Id=f7d5a09e-fcb1-4092-9981-03075b5d2d12,FirstNumber=171,secondNumber=1542}  added by thread pool-3-thread-6
 message  {Id=f7d5a09e-fcb1-4092-9981-03075b5d2d12,FirstNumber=171,secondNumber=1542}  written to file by thread pool-3-thread-3
 message  {Id=86c82e65-77ad-445b-b546-073f820fdb5a,FirstNumber=199,secondNumber=1967}  added by thread pool-3-thread-6
 message  {Id=86c82e65-77ad-445b-b546-073f820fdb5a,FirstNumber=199,secondNumber=1967}  written to file by thread pool-3-thread-4
 message  {Id=2b2441a8-619b-4e25-9951-a2d38c5dec3e,FirstNumber=868,secondNumber=1237}  added by thread pool-3-thread-6
 message  {Id=2b2441a8-619b-4e25-9951-a2d38c5dec3e,FirstNumber=868,secondNumber=1237}  written to file by thread pool-3-thread-4
 message  {Id=827b4aa7-649a-409e-bd96-7e2b47357aac,FirstNumber=845,secondNumber=1844}  added by thread pool-3-thread-6
 message  {Id=827b4aa7-649a-409e-bd96-7e2b47357aac,FirstNumber=845,secondNumber=1844}  written to file by thread pool-3-thread-4
 message  {Id=86b116dd-2d94-4a06-919a-12743171da33,FirstNumber=16,secondNumber=981}  added by thread pool-3-thread-6
 message  {Id=86b116dd-2d94-4a06-919a-12743171da33,FirstNumber=16,secondNumber=981}  written to file by thread pool-3-thread-5
 message  {Id=b936eb89-8d5a-4b36-aa65-f2e248b1e8e3,FirstNumber=519,secondNumber=1177}  added by thread pool-3-thread-6
 message  {Id=b936eb89-8d5a-4b36-aa65-f2e248b1e8e3,FirstNumber=519,secondNumber=1177}  written to file by thread pool-3-thread-5
 message  {Id=675e40f3-1100-490f-9e7f-d353a2435ad8,FirstNumber=868,secondNumber=1870}  added by thread pool-3-thread-6
 message  {Id=675e40f3-1100-490f-9e7f-d353a2435ad8,FirstNumber=868,secondNumber=1870}  written to file by thread pool-3-thread-2
 message  {Id=17a01a65-5900-4328-94b6-973986a7df88,FirstNumber=63,secondNumber=1369}  added by thread pool-3-thread-6
 message  {Id=17a01a65-5900-4328-94b6-973986a7df88,FirstNumber=63,secondNumber=1369}  written to file by thread pool-3-thread-2
 message  {Id=50c1df61-4d11-4892-bf27-66d2e277595d,FirstNumber=869,secondNumber=149}  added by thread pool-3-thread-6
 message  {Id=50c1df61-4d11-4892-bf27-66d2e277595d,FirstNumber=869,secondNumber=149}  written to file by thread pool-3-thread-4
 message  {Id=8101ac64-3d97-4950-a651-da6236ceea53,FirstNumber=160,secondNumber=1319}  added by thread pool-3-thread-6
 message  {Id=8101ac64-3d97-4950-a651-da6236ceea53,FirstNumber=160,secondNumber=1319}  written to file by thread pool-3-thread-4
 message  {Id=067874ba-038e-4656-8d18-b65b7daf602f,FirstNumber=813,secondNumber=1328}  added by thread pool-3-thread-6
 message  {Id=067874ba-038e-4656-8d18-b65b7daf602f,FirstNumber=813,secondNumber=1328}  written to file by thread pool-3-thread-4
 message  {Id=e38dd332-4884-422d-a6a3-c8e63185c95e,FirstNumber=538,secondNumber=644}  added by thread pool-3-thread-6
 message  {Id=e38dd332-4884-422d-a6a3-c8e63185c95e,FirstNumber=538,secondNumber=644}  written to file by thread pool-3-thread-1
 message  {Id=523aed98-fabd-43a2-9f59-89420f60a843,FirstNumber=820,secondNumber=75}  added by thread pool-3-thread-6
 message  {Id=523aed98-fabd-43a2-9f59-89420f60a843,FirstNumber=820,secondNumber=75}  written to file by thread pool-3-thread-2
 message  {Id=98448049-40c1-497c-bc80-30cb560f5b88,FirstNumber=350,secondNumber=1509}  added by thread pool-3-thread-6
 message  {Id=98448049-40c1-497c-bc80-30cb560f5b88,FirstNumber=350,secondNumber=1509}  written to file by thread pool-3-thread-3
 message  {Id=6d7c5660-72b9-4b10-a8b9-6bb3e4128bf9,FirstNumber=640,secondNumber=1342}  added by thread pool-3-thread-6
 message  {Id=6d7c5660-72b9-4b10-a8b9-6bb3e4128bf9,FirstNumber=640,secondNumber=1342}  written to file by thread pool-3-thread-3
 message  {Id=ac7fc10c-1057-4c1f-8529-33939e5f02b9,FirstNumber=878,secondNumber=541}  added by thread pool-3-thread-6
 message  {Id=ac7fc10c-1057-4c1f-8529-33939e5f02b9,FirstNumber=878,secondNumber=541}  written to file by thread pool-3-thread-4
 message  {Id=5c10e482-1457-4f5e-afb5-db2ce471bcc0,FirstNumber=914,secondNumber=496}  added by thread pool-3-thread-6
 message  {Id=5c10e482-1457-4f5e-afb5-db2ce471bcc0,FirstNumber=914,secondNumber=496}  written to file by thread pool-3-thread-4
 message  {Id=08cb9122-27db-44cb-a8c9-7297565a4cea,FirstNumber=764,secondNumber=1205}  added by thread pool-3-thread-6
 message  {Id=08cb9122-27db-44cb-a8c9-7297565a4cea,FirstNumber=764,secondNumber=1205}  written to file by thread pool-3-thread-2
 message  {Id=0eb6ebdd-6024-4906-9d3f-dfe5c00277db,FirstNumber=341,secondNumber=1127}  added by thread pool-3-thread-6
 message  {Id=0eb6ebdd-6024-4906-9d3f-dfe5c00277db,FirstNumber=341,secondNumber=1127}  written to file by thread pool-3-thread-2
 message  {Id=ed85ed96-e4a7-424e-a53e-ace86a5c37c1,FirstNumber=449,secondNumber=1564}  added by thread pool-3-thread-6
 message  {Id=ed85ed96-e4a7-424e-a53e-ace86a5c37c1,FirstNumber=449,secondNumber=1564}  written to file by thread pool-3-thread-3
 message  {Id=042bce73-336e-456c-bb5b-6cef166f85fe,FirstNumber=744,secondNumber=1194}  added by thread pool-3-thread-6
 message  {Id=042bce73-336e-456c-bb5b-6cef166f85fe,FirstNumber=744,secondNumber=1194}  written to file by thread pool-3-thread-3
 message  {Id=d23c7784-95f0-4faa-b6d0-9e052b9f1b92,FirstNumber=365,secondNumber=1415}  added by thread pool-3-thread-6
 message  {Id=d23c7784-95f0-4faa-b6d0-9e052b9f1b92,FirstNumber=365,secondNumber=1415}  written to file by thread pool-3-thread-4
 message  {Id=56ab4287-43c3-496b-8e79-9d31aeaeb9af,FirstNumber=932,secondNumber=1820}  added by thread pool-3-thread-6
 message  {Id=56ab4287-43c3-496b-8e79-9d31aeaeb9af,FirstNumber=932,secondNumber=1820}  written to file by thread pool-3-thread-4
 message  {Id=d0aa6e93-1784-467e-b695-d5419700a359,FirstNumber=473,secondNumber=557}  added by thread pool-3-thread-6
 message  {Id=d0aa6e93-1784-467e-b695-d5419700a359,FirstNumber=473,secondNumber=557}  written to file by thread pool-3-thread-4
 message  {Id=d704f63f-1497-4657-a758-057f8787193a,FirstNumber=167,secondNumber=401}  added by thread pool-3-thread-6
 message  {Id=d704f63f-1497-4657-a758-057f8787193a,FirstNumber=167,secondNumber=401}  written to file by thread pool-3-thread-1
 message  {Id=9372d4ef-e8a1-452b-ab8a-5b1280bc707b,FirstNumber=4,secondNumber=471}  added by thread pool-3-thread-6
 message  {Id=9372d4ef-e8a1-452b-ab8a-5b1280bc707b,FirstNumber=4,secondNumber=471}  written to file by thread pool-3-thread-1
 message  {Id=0b928e60-f28b-4ee2-977d-b49159563e0d,FirstNumber=834,secondNumber=1217}  added by thread pool-3-thread-6
 message  {Id=0b928e60-f28b-4ee2-977d-b49159563e0d,FirstNumber=834,secondNumber=1217}  written to file by thread pool-3-thread-5
 message  {Id=37772ee3-93f1-4696-810b-2aa6bed8061e,FirstNumber=638,secondNumber=1715}  added by thread pool-3-thread-6
 message  {Id=37772ee3-93f1-4696-810b-2aa6bed8061e,FirstNumber=638,secondNumber=1715}  written to file by thread pool-3-thread-5
 message  {Id=463a848c-a7f9-46f8-9183-d03af73c81ec,FirstNumber=402,secondNumber=81}  added by thread pool-3-thread-6
 message  {Id=463a848c-a7f9-46f8-9183-d03af73c81ec,FirstNumber=402,secondNumber=81}  written to file by thread pool-3-thread-4
 message  {Id=3f588314-9ecc-4bd4-baad-d67a118abd7c,FirstNumber=664,secondNumber=1766}  added by thread pool-3-thread-6
 message  {Id=3f588314-9ecc-4bd4-baad-d67a118abd7c,FirstNumber=664,secondNumber=1766}  written to file by thread pool-3-thread-4
 message  {Id=fc45a31d-3a13-4b20-a75c-09f0f64bb790,FirstNumber=400,secondNumber=706}  added by thread pool-3-thread-6
 message  {Id=fc45a31d-3a13-4b20-a75c-09f0f64bb790,FirstNumber=400,secondNumber=706}  written to file by thread pool-3-thread-4
 message  {Id=263be5ed-afb3-4d6a-a780-6967c3ceb449,FirstNumber=740,secondNumber=1297}  added by thread pool-3-thread-6
 message  {Id=263be5ed-afb3-4d6a-a780-6967c3ceb449,FirstNumber=740,secondNumber=1297}  written to file by thread pool-3-thread-2
 message  {Id=b03d6872-9b9e-411d-9150-38d19fafe507,FirstNumber=828,secondNumber=1422}  added by thread pool-3-thread-6
 message  {Id=918266d5-4e00-45da-98c2-4cceb80729c1,FirstNumber=816,secondNumber=1164}  added by thread pool-3-thread-6
 message  {Id=b03d6872-9b9e-411d-9150-38d19fafe507,FirstNumber=828,secondNumber=1422}  written to file by thread pool-3-thread-5
 message  {Id=918266d5-4e00-45da-98c2-4cceb80729c1,FirstNumber=816,secondNumber=1164}  written to file by thread pool-3-thread-3
 message  {Id=4afd3492-57a7-4eec-a1a3-410c63c1100e,FirstNumber=103,secondNumber=1361}  added by thread pool-3-thread-6
 message  {Id=4afd3492-57a7-4eec-a1a3-410c63c1100e,FirstNumber=103,secondNumber=1361}  written to file by thread pool-3-thread-3
 message  {Id=983ab98f-c105-4f96-9dce-fb269dfe40c6,FirstNumber=724,secondNumber=711}  added by thread pool-3-thread-6
 message  {Id=983ab98f-c105-4f96-9dce-fb269dfe40c6,FirstNumber=724,secondNumber=711}  written to file by thread pool-3-thread-4
 message  {Id=c40404af-7e9b-4219-90a5-cc7757b1799f,FirstNumber=617,secondNumber=263}  added by thread pool-3-thread-6
 message  {Id=c40404af-7e9b-4219-90a5-cc7757b1799f,FirstNumber=617,secondNumber=263}  written to file by thread pool-3-thread-2
 message  {Id=d5f71d9f-b4d1-49c1-94c1-52e49533c6ba,FirstNumber=651,secondNumber=1556}  added by thread pool-3-thread-6
 message  {Id=d5f71d9f-b4d1-49c1-94c1-52e49533c6ba,FirstNumber=651,secondNumber=1556}  written to file by thread pool-3-thread-5
 message  {Id=958048d5-e89f-419e-9cf1-70dab92a6a29,FirstNumber=806,secondNumber=448}  added by thread pool-3-thread-6
 message  {Id=958048d5-e89f-419e-9cf1-70dab92a6a29,FirstNumber=806,secondNumber=448}  written to file by thread pool-3-thread-5
 message  {Id=0705be21-267a-459d-985f-3915a531e83d,FirstNumber=43,secondNumber=1263}  added by thread pool-3-thread-6
 message  {Id=89ca7c2a-e5a7-4ca7-9722-1932b7d34882,FirstNumber=272,secondNumber=929}  added by thread pool-3-thread-6
 message  {Id=0705be21-267a-459d-985f-3915a531e83d,FirstNumber=43,secondNumber=1263}  written to file by thread pool-3-thread-3
 message  {Id=4a5b7b29-5265-4b72-941a-a88b1b9e035a,FirstNumber=943,secondNumber=33}  added by thread pool-3-thread-6
 message  {Id=89ca7c2a-e5a7-4ca7-9722-1932b7d34882,FirstNumber=272,secondNumber=929}  written to file by thread pool-3-thread-4
 message  {Id=4a5b7b29-5265-4b72-941a-a88b1b9e035a,FirstNumber=943,secondNumber=33}  written to file by thread pool-3-thread-2
 message  {Id=c5a8226e-ea27-4039-8c5f-7389f5cf3a38,FirstNumber=488,secondNumber=1925}  added by thread pool-3-thread-6
 message  {Id=c5a8226e-ea27-4039-8c5f-7389f5cf3a38,FirstNumber=488,secondNumber=1925}  written to file by thread pool-3-thread-1
 message  {Id=8e7af48b-52fa-4582-b3a7-928ea49399da,FirstNumber=384,secondNumber=751}  added by thread pool-3-thread-6
 message  {Id=8e7af48b-52fa-4582-b3a7-928ea49399da,FirstNumber=384,secondNumber=751}  written to file by thread pool-3-thread-5
 message  {Id=6b5409d6-c20d-4e0e-bc39-38c1721eaf3b,FirstNumber=364,secondNumber=268}  added by thread pool-3-thread-6
 message  {Id=6b5409d6-c20d-4e0e-bc39-38c1721eaf3b,FirstNumber=364,secondNumber=268}  written to file by thread pool-3-thread-5
 message  {Id=18d25c71-24f8-4346-ac77-c53804017f37,FirstNumber=763,secondNumber=545}  added by thread pool-3-thread-6
 message  {Id=18d25c71-24f8-4346-ac77-c53804017f37,FirstNumber=763,secondNumber=545}  written to file by thread pool-3-thread-5
 message  {Id=85671104-1318-438d-bbca-2d3f89ccf6c2,FirstNumber=94,secondNumber=362}  added by thread pool-3-thread-6
 message  {Id=85671104-1318-438d-bbca-2d3f89ccf6c2,FirstNumber=94,secondNumber=362}  written to file by thread pool-3-thread-2
 message  {Id=d53b1017-117a-4e6e-b6ba-d6dda3cc1b87,FirstNumber=758,secondNumber=455}  added by thread pool-3-thread-6
 message  {Id=d53b1017-117a-4e6e-b6ba-d6dda3cc1b87,FirstNumber=758,secondNumber=455}  written to file by thread pool-3-thread-2
 message  {Id=2835e494-95ba-4ef5-8de1-9239cd186df8,FirstNumber=250,secondNumber=926}  added by thread pool-3-thread-6
 message  {Id=2835e494-95ba-4ef5-8de1-9239cd186df8,FirstNumber=250,secondNumber=926}  written to file by thread pool-3-thread-3
 message  {Id=eedd9712-07d6-4cf8-bfff-0647c38dd264,FirstNumber=676,secondNumber=228}  added by thread pool-3-thread-6
 message  {Id=eedd9712-07d6-4cf8-bfff-0647c38dd264,FirstNumber=676,secondNumber=228}  written to file by thread pool-3-thread-4
 message  {Id=50c777dc-0dee-4507-86ab-73e9e354d680,FirstNumber=834,secondNumber=203}  added by thread pool-3-thread-6
 message  {Id=50c777dc-0dee-4507-86ab-73e9e354d680,FirstNumber=834,secondNumber=203}  written to file by thread pool-3-thread-5
 message  {Id=ad135be9-cf62-4152-8e79-78afa86d61b1,FirstNumber=68,secondNumber=727}  added by thread pool-3-thread-6
 message  {Id=ad135be9-cf62-4152-8e79-78afa86d61b1,FirstNumber=68,secondNumber=727}  written to file by thread pool-3-thread-1
 message  {Id=6115175e-badf-4292-bdff-be91d8391e62,FirstNumber=533,secondNumber=1508}  added by thread pool-3-thread-6
 message  {Id=6115175e-badf-4292-bdff-be91d8391e62,FirstNumber=533,secondNumber=1508}  written to file by thread pool-3-thread-2
 message  {Id=e6cdfecf-7ec6-4bd2-b575-071bd4fd1114,FirstNumber=362,secondNumber=601}  added by thread pool-3-thread-6
 message  {Id=e6cdfecf-7ec6-4bd2-b575-071bd4fd1114,FirstNumber=362,secondNumber=601}  written to file by thread pool-3-thread-3
 message  {Id=33526a5e-4071-4371-a6a2-642f4d9d8498,FirstNumber=873,secondNumber=645}  added by thread pool-3-thread-6
 message  {Id=33526a5e-4071-4371-a6a2-642f4d9d8498,FirstNumber=873,secondNumber=645}  written to file by thread pool-3-thread-4
 message  {Id=f1a77ae8-b63d-4dcf-88d7-792c76d66f44,FirstNumber=357,secondNumber=273}  added by thread pool-3-thread-6
 message  {Id=f1a77ae8-b63d-4dcf-88d7-792c76d66f44,FirstNumber=357,secondNumber=273}  written to file by thread pool-3-thread-5
 message  {Id=7541005b-e009-4a3e-a61d-d77412ce6fc9,FirstNumber=223,secondNumber=108}  added by thread pool-3-thread-6
 message  {Id=7541005b-e009-4a3e-a61d-d77412ce6fc9,FirstNumber=223,secondNumber=108}  written to file by thread pool-3-thread-5
 message  {Id=32e1f6ed-192c-4ed3-aa48-eeb402526def,FirstNumber=913,secondNumber=470}  added by thread pool-3-thread-6
 message  {Id=32e1f6ed-192c-4ed3-aa48-eeb402526def,FirstNumber=913,secondNumber=470}  written to file by thread pool-3-thread-2
 message  {Id=6f36e7d7-776f-474a-9c37-e3e852ed0bde,FirstNumber=502,secondNumber=1834}  added by thread pool-3-thread-6
 message  {Id=6f36e7d7-776f-474a-9c37-e3e852ed0bde,FirstNumber=502,secondNumber=1834}  written to file by thread pool-3-thread-2
 message  {Id=b1c170b4-c396-452e-b55f-8bf998299024,FirstNumber=839,secondNumber=775}  added by thread pool-3-thread-6
 message  {Id=b1c170b4-c396-452e-b55f-8bf998299024,FirstNumber=839,secondNumber=775}  written to file by thread pool-3-thread-4
 message  {Id=30dcab7c-d6f1-4d76-bb78-92792919ed75,FirstNumber=317,secondNumber=1335}  added by thread pool-3-thread-6
 message  {Id=30dcab7c-d6f1-4d76-bb78-92792919ed75,FirstNumber=317,secondNumber=1335}  written to file by thread pool-3-thread-1
 message  {Id=d7dc24c9-7502-4f28-8b53-c6b52fefc0d3,FirstNumber=920,secondNumber=901}  added by thread pool-3-thread-6
 message  {Id=d7dc24c9-7502-4f28-8b53-c6b52fefc0d3,FirstNumber=920,secondNumber=901}  written to file by thread pool-3-thread-1
 message  {Id=df5e395b-c7f5-474e-b969-84b33a7355d1,FirstNumber=965,secondNumber=524}  added by thread pool-3-thread-6
 message  {Id=7935387a-e9ca-4e8c-9aec-216cea8da279,FirstNumber=23,secondNumber=1872}  added by thread pool-3-thread-6
 message  {Id=df5e395b-c7f5-474e-b969-84b33a7355d1,FirstNumber=965,secondNumber=524}  written to file by thread pool-3-thread-3
 message  {Id=7935387a-e9ca-4e8c-9aec-216cea8da279,FirstNumber=23,secondNumber=1872}  written to file by thread pool-3-thread-2
 message  {Id=1543597d-9b04-4408-91d0-6e29b68ce10f,FirstNumber=700,secondNumber=321}  added by thread pool-3-thread-6
 message  {Id=1543597d-9b04-4408-91d0-6e29b68ce10f,FirstNumber=700,secondNumber=321}  written to file by thread pool-3-thread-4
 message  {Id=c3cde2db-d420-4563-b561-dac7b9402641,FirstNumber=605,secondNumber=620}  added by thread pool-3-thread-6
 message  {Id=c3cde2db-d420-4563-b561-dac7b9402641,FirstNumber=605,secondNumber=620}  written to file by thread pool-3-thread-5
 message  {Id=ac278228-737d-4012-a3c7-6657945f4ce5,FirstNumber=916,secondNumber=87}  added by thread pool-3-thread-6
 message  {Id=ac278228-737d-4012-a3c7-6657945f4ce5,FirstNumber=916,secondNumber=87}  written to file by thread pool-3-thread-1
 message  {Id=83007bf6-aa60-4897-8a4e-9a4074f55e7c,FirstNumber=958,secondNumber=1668}  added by thread pool-3-thread-6
 message  {Id=83007bf6-aa60-4897-8a4e-9a4074f55e7c,FirstNumber=958,secondNumber=1668}  written to file by thread pool-3-thread-3
 message  {Id=f12b809e-bf76-4267-ad3a-04615ca36d9b,FirstNumber=839,secondNumber=1973}  added by thread pool-3-thread-6
 message  {Id=f12b809e-bf76-4267-ad3a-04615ca36d9b,FirstNumber=839,secondNumber=1973}  written to file by thread pool-3-thread-3
 message  {Id=f3da6980-f9ee-4a74-8a73-dfd4963b2ea7,FirstNumber=649,secondNumber=882}  added by thread pool-3-thread-6
 message  {Id=f3da6980-f9ee-4a74-8a73-dfd4963b2ea7,FirstNumber=649,secondNumber=882}  written to file by thread pool-3-thread-3
 message  {Id=00029387-9a3d-4271-ac05-ffbe4222c727,FirstNumber=404,secondNumber=102}  added by thread pool-3-thread-6
 message  {Id=00029387-9a3d-4271-ac05-ffbe4222c727,FirstNumber=404,secondNumber=102}  written to file by thread pool-3-thread-5
 message  {Id=70206d50-550e-4955-9122-79f7dcb7b759,FirstNumber=266,secondNumber=1570}  added by thread pool-3-thread-6
 message  {Id=70206d50-550e-4955-9122-79f7dcb7b759,FirstNumber=266,secondNumber=1570}  written to file by thread pool-3-thread-5
 message  {Id=21f878f2-9758-4672-adbc-d093171db2f4,FirstNumber=503,secondNumber=103}  added by thread pool-3-thread-6
 message  {Id=963f618c-da18-4b00-8458-faba6a0324bc,FirstNumber=208,secondNumber=1607}  added by thread pool-3-thread-6
 message  {Id=21f878f2-9758-4672-adbc-d093171db2f4,FirstNumber=503,secondNumber=103}  written to file by thread pool-3-thread-2
 message  {Id=963f618c-da18-4b00-8458-faba6a0324bc,FirstNumber=208,secondNumber=1607}  written to file by thread pool-3-thread-4
 message  {Id=8a4526b4-c6f5-4fde-aad1-213b7b9ed7e4,FirstNumber=443,secondNumber=1696}  added by thread pool-3-thread-6
 message  {Id=8a4526b4-c6f5-4fde-aad1-213b7b9ed7e4,FirstNumber=443,secondNumber=1696}  written to file by thread pool-3-thread-4
 message  {Id=c6af0e28-dd2e-498c-857a-b14bca3c8b4b,FirstNumber=284,secondNumber=416}  added by thread pool-3-thread-6
 message  {Id=c6af0e28-dd2e-498c-857a-b14bca3c8b4b,FirstNumber=284,secondNumber=416}  written to file by thread pool-3-thread-4
 message  {Id=66ed0a6f-18bb-404c-bb49-0e87c91f78d3,FirstNumber=206,secondNumber=1213}  added by thread pool-3-thread-6
 message  {Id=66ed0a6f-18bb-404c-bb49-0e87c91f78d3,FirstNumber=206,secondNumber=1213}  written to file by thread pool-3-thread-5
 message  {Id=97f59da2-1317-4dd2-904c-deeba5d1797e,FirstNumber=16,secondNumber=897}  added by thread pool-3-thread-6
 message  {Id=97f59da2-1317-4dd2-904c-deeba5d1797e,FirstNumber=16,secondNumber=897}  written to file by thread pool-3-thread-5
 message  {Id=b139d8bf-ac52-4f7f-a5fc-11eb96f3a992,FirstNumber=352,secondNumber=878}  added by thread pool-3-thread-6
 message  {Id=b139d8bf-ac52-4f7f-a5fc-11eb96f3a992,FirstNumber=352,secondNumber=878}  written to file by thread pool-3-thread-3
 message  {Id=014818f1-6758-4f65-8a8e-9fa2241fdcfa,FirstNumber=658,secondNumber=409}  added by thread pool-3-thread-6
 message  {Id=014818f1-6758-4f65-8a8e-9fa2241fdcfa,FirstNumber=658,secondNumber=409}  written to file by thread pool-3-thread-1
 message  {Id=d98b99aa-67e6-4158-85db-7d4bb6b3b921,FirstNumber=617,secondNumber=297}  added by thread pool-3-thread-6
 message  {Id=d98b99aa-67e6-4158-85db-7d4bb6b3b921,FirstNumber=617,secondNumber=297}  written to file by thread pool-3-thread-4
 message  {Id=a2d0f618-719b-49cb-a4f2-044e380255b3,FirstNumber=465,secondNumber=1267}  added by thread pool-3-thread-6
 message  {Id=a2d0f618-719b-49cb-a4f2-044e380255b3,FirstNumber=465,secondNumber=1267}  written to file by thread pool-3-thread-2
 message  {Id=e8e516db-8665-4465-b2bf-712e59649b55,FirstNumber=384,secondNumber=1298}  added by thread pool-3-thread-6
 message  {Id=e8e516db-8665-4465-b2bf-712e59649b55,FirstNumber=384,secondNumber=1298}  written to file by thread pool-3-thread-5
 message  {Id=c09fb4b5-2da5-4342-b037-e27eec510778,FirstNumber=563,secondNumber=963}  added by thread pool-3-thread-6
 message  {Id=c09fb4b5-2da5-4342-b037-e27eec510778,FirstNumber=563,secondNumber=963}  written to file by thread pool-3-thread-3
 message  {Id=b8ae7680-8850-40d9-bdfc-51ae268648e8,FirstNumber=650,secondNumber=798}  added by thread pool-3-thread-6
 message  {Id=b8ae7680-8850-40d9-bdfc-51ae268648e8,FirstNumber=650,secondNumber=798}  written to file by thread pool-3-thread-3
 message  {Id=ff6edf59-8a67-496f-bf7a-97d2f804b2ca,FirstNumber=213,secondNumber=1883}  added by thread pool-3-thread-6
 message  {Id=ff6edf59-8a67-496f-bf7a-97d2f804b2ca,FirstNumber=213,secondNumber=1883}  written to file by thread pool-3-thread-3
 message  {Id=6fb333e1-58ad-4cf9-96f5-c8f85e2523cc,FirstNumber=252,secondNumber=387}  added by thread pool-3-thread-6
 message  {Id=6fb333e1-58ad-4cf9-96f5-c8f85e2523cc,FirstNumber=252,secondNumber=387}  written to file by thread pool-3-thread-3
 message  {Id=ff91778a-5e72-444f-a8a3-a2e6ea5bf27e,FirstNumber=118,secondNumber=1855}  added by thread pool-3-thread-6
 message  {Id=ff91778a-5e72-444f-a8a3-a2e6ea5bf27e,FirstNumber=118,secondNumber=1855}  written to file by thread pool-3-thread-5
 message  {Id=fc4d0ed8-eedc-4f10-aad8-f9514c978456,FirstNumber=177,secondNumber=25}  added by thread pool-3-thread-6
 message  {Id=fc4d0ed8-eedc-4f10-aad8-f9514c978456,FirstNumber=177,secondNumber=25}  written to file by thread pool-3-thread-5
 message  {Id=875b24ed-66e8-4045-8a23-c729ed4d0d4a,FirstNumber=507,secondNumber=1439}  added by thread pool-3-thread-6
 message  {Id=875b24ed-66e8-4045-8a23-c729ed4d0d4a,FirstNumber=507,secondNumber=1439}  written to file by thread pool-3-thread-5
 message  {Id=9b2cb6d0-bdc4-4cc4-b374-77ccc669930f,FirstNumber=287,secondNumber=835}  added by thread pool-3-thread-6
 message  {Id=9b2cb6d0-bdc4-4cc4-b374-77ccc669930f,FirstNumber=287,secondNumber=835}  written to file by thread pool-3-thread-2
 message  {Id=b171b7b0-0217-4a12-95e0-8976341ba174,FirstNumber=309,secondNumber=474}  added by thread pool-3-thread-6
 message  {Id=b171b7b0-0217-4a12-95e0-8976341ba174,FirstNumber=309,secondNumber=474}  written to file by thread pool-3-thread-2
 message  {Id=4a83702a-01fd-4eed-a730-47a1f9e209d1,FirstNumber=326,secondNumber=697}  added by thread pool-3-thread-6
 message  {Id=8791a192-897a-44e7-abeb-bb18d9f4edb1,FirstNumber=117,secondNumber=194}  added by thread pool-3-thread-6
 message  {Id=4a83702a-01fd-4eed-a730-47a1f9e209d1,FirstNumber=326,secondNumber=697}  written to file by thread pool-3-thread-1
 message  {Id=8791a192-897a-44e7-abeb-bb18d9f4edb1,FirstNumber=117,secondNumber=194}  written to file by thread pool-3-thread-4
 message  {Id=bbfcc830-3ab7-47bd-a71d-32764108d1c9,FirstNumber=874,secondNumber=1125}  added by thread pool-3-thread-6
 message  {Id=bbfcc830-3ab7-47bd-a71d-32764108d1c9,FirstNumber=874,secondNumber=1125}  written to file by thread pool-3-thread-5
 message  {Id=b4992479-0492-4094-8bb2-ddb8423813d8,FirstNumber=366,secondNumber=380}  added by thread pool-3-thread-6
 message  {Id=b4992479-0492-4094-8bb2-ddb8423813d8,FirstNumber=366,secondNumber=380}  written to file by thread pool-3-thread-5
 message  {Id=18a0d202-ff1d-4c7d-8324-92c6d8612cf0,FirstNumber=478,secondNumber=1235}  added by thread pool-3-thread-6
 message  {Id=18a0d202-ff1d-4c7d-8324-92c6d8612cf0,FirstNumber=478,secondNumber=1235}  written to file by thread pool-3-thread-2
 message  {Id=0d8b1e3c-5df2-44dd-ab6d-530ce67bcfef,FirstNumber=913,secondNumber=1803}  added by thread pool-3-thread-6
 message  {Id=0d8b1e3c-5df2-44dd-ab6d-530ce67bcfef,FirstNumber=913,secondNumber=1803}  written to file by thread pool-3-thread-2
 message  {Id=7c4b93be-e25a-4008-adec-43512b115209,FirstNumber=963,secondNumber=1531}  added by thread pool-3-thread-6
 message  {Id=7c4b93be-e25a-4008-adec-43512b115209,FirstNumber=963,secondNumber=1531}  written to file by thread pool-3-thread-4
 message  {Id=5644869c-e344-4eaa-9abf-0ad907a27fe6,FirstNumber=958,secondNumber=1477}  added by thread pool-3-thread-6
 message  {Id=5644869c-e344-4eaa-9abf-0ad907a27fe6,FirstNumber=958,secondNumber=1477}  written to file by thread pool-3-thread-4
 message  {Id=da559798-9f31-45b1-ab63-b0bcee1fcfbc,FirstNumber=453,secondNumber=1768}  added by thread pool-3-thread-6
 message  {Id=da559798-9f31-45b1-ab63-b0bcee1fcfbc,FirstNumber=453,secondNumber=1768}  written to file by thread pool-3-thread-5
 message  {Id=a988e685-d7c3-479b-8ca0-84272650fa95,FirstNumber=810,secondNumber=227}  added by thread pool-3-thread-6
 message  {Id=a988e685-d7c3-479b-8ca0-84272650fa95,FirstNumber=810,secondNumber=227}  written to file by thread pool-3-thread-5
 message  {Id=f23683c6-c7a3-4ad0-97c7-ce49443cc3fb,FirstNumber=502,secondNumber=973}  added by thread pool-3-thread-6
 message  {Id=d51bff9b-c739-4eac-a149-09625e541489,FirstNumber=434,secondNumber=427}  added by thread pool-3-thread-6
 message  {Id=f23683c6-c7a3-4ad0-97c7-ce49443cc3fb,FirstNumber=502,secondNumber=973}  written to file by thread pool-3-thread-2
 message  {Id=d51bff9b-c739-4eac-a149-09625e541489,FirstNumber=434,secondNumber=427}  written to file by thread pool-3-thread-3
 message  {Id=535ce746-9036-4184-8033-73f515ff8dec,FirstNumber=607,secondNumber=1683}  added by thread pool-3-thread-6
 message  {Id=535ce746-9036-4184-8033-73f515ff8dec,FirstNumber=607,secondNumber=1683}  written to file by thread pool-3-thread-4
 message  {Id=3603ab69-d92d-4101-b32d-736078532fef,FirstNumber=271,secondNumber=958}  added by thread pool-3-thread-6
 message  {Id=3603ab69-d92d-4101-b32d-736078532fef,FirstNumber=271,secondNumber=958}  written to file by thread pool-3-thread-1
 message  {Id=b7651b2f-8416-4d3d-b9e4-e0be37a2a508,FirstNumber=734,secondNumber=1385}  added by thread pool-3-thread-6
 message  {Id=b7651b2f-8416-4d3d-b9e4-e0be37a2a508,FirstNumber=734,secondNumber=1385}  written to file by thread pool-3-thread-1
 message  {Id=59e1fc07-2dfc-44cd-84fa-c2068ce60fa2,FirstNumber=455,secondNumber=1494}  added by thread pool-3-thread-6
 message  {Id=59e1fc07-2dfc-44cd-84fa-c2068ce60fa2,FirstNumber=455,secondNumber=1494}  written to file by thread pool-3-thread-2
 message  {Id=26cf1956-41e9-457f-83bc-199b0ff9fe6d,FirstNumber=729,secondNumber=1009}  added by thread pool-3-thread-6
 message  {Id=26cf1956-41e9-457f-83bc-199b0ff9fe6d,FirstNumber=729,secondNumber=1009}  written to file by thread pool-3-thread-2
 message  {Id=99822f1e-211c-4867-b90b-ee868f117eca,FirstNumber=701,secondNumber=1648}  added by thread pool-3-thread-6
 message  {Id=99822f1e-211c-4867-b90b-ee868f117eca,FirstNumber=701,secondNumber=1648}  written to file by thread pool-3-thread-4
 message  {Id=281fb6e2-6e29-4194-a18b-3dd71a3edf5a,FirstNumber=916,secondNumber=1680}  added by thread pool-3-thread-6
 message  {Id=281fb6e2-6e29-4194-a18b-3dd71a3edf5a,FirstNumber=916,secondNumber=1680}  written to file by thread pool-3-thread-5
 message  {Id=76240ea7-d86f-4e8c-b9ae-bdafc6f52392,FirstNumber=498,secondNumber=376}  added by thread pool-3-thread-6
 message  {Id=76240ea7-d86f-4e8c-b9ae-bdafc6f52392,FirstNumber=498,secondNumber=376}  written to file by thread pool-3-thread-5
 message  {Id=e0b3b224-c782-4dd7-88b6-2bed1e69464d,FirstNumber=878,secondNumber=1719}  added by thread pool-3-thread-6
 message  {Id=cca60c75-0f3d-4508-a52d-84e8732d8e1d,FirstNumber=936,secondNumber=1049}  added by thread pool-3-thread-6
 message  {Id=e0b3b224-c782-4dd7-88b6-2bed1e69464d,FirstNumber=878,secondNumber=1719}  written to file by thread pool-3-thread-3
 message  {Id=cca60c75-0f3d-4508-a52d-84e8732d8e1d,FirstNumber=936,secondNumber=1049}  written to file by thread pool-3-thread-2
 message  {Id=27feec07-04bf-4258-b005-8d2946f7fe39,FirstNumber=794,secondNumber=1560}  added by thread pool-3-thread-6
 message  {Id=27feec07-04bf-4258-b005-8d2946f7fe39,FirstNumber=794,secondNumber=1560}  written to file by thread pool-3-thread-4
 message  {Id=540ca0d2-2352-4f3e-b11c-fbbc8e3314d6,FirstNumber=759,secondNumber=972}  added by thread pool-3-thread-6
 message  {Id=540ca0d2-2352-4f3e-b11c-fbbc8e3314d6,FirstNumber=759,secondNumber=972}  written to file by thread pool-3-thread-4
 message  {Id=89f66d11-8ba4-4d96-bfc4-5f246e56fb17,FirstNumber=408,secondNumber=1895}  added by thread pool-3-thread-6
 message  {Id=8aef8145-d14b-4480-b392-e183abfb903f,FirstNumber=655,secondNumber=1641}  added by thread pool-3-thread-6
 message  {Id=89f66d11-8ba4-4d96-bfc4-5f246e56fb17,FirstNumber=408,secondNumber=1895}  written to file by thread pool-3-thread-5
 message  {Id=8aef8145-d14b-4480-b392-e183abfb903f,FirstNumber=655,secondNumber=1641}  written to file by thread pool-3-thread-3
 message  {Id=ab3d1ac3-4b87-4285-b2e0-18e3c6534ba8,FirstNumber=155,secondNumber=1615}  added by thread pool-3-thread-6
 message  {Id=ab3d1ac3-4b87-4285-b2e0-18e3c6534ba8,FirstNumber=155,secondNumber=1615}  written to file by thread pool-3-thread-3
 message  {Id=2b61c506-f564-4b3a-b372-625ee6a2bc1a,FirstNumber=785,secondNumber=1208}  added by thread pool-3-thread-6
 message  {Id=dff89b38-bd49-424a-a48f-fdca0cf1bc57,FirstNumber=472,secondNumber=762}  added by thread pool-3-thread-6
 message  {Id=2b61c506-f564-4b3a-b372-625ee6a2bc1a,FirstNumber=785,secondNumber=1208}  written to file by thread pool-3-thread-1
 message  {Id=dff89b38-bd49-424a-a48f-fdca0cf1bc57,FirstNumber=472,secondNumber=762}  written to file by thread pool-3-thread-4
 message  {Id=2db5bd39-dc95-4595-ab60-fc6cc0168792,FirstNumber=322,secondNumber=1885}  added by thread pool-3-thread-6
 message  {Id=2db5bd39-dc95-4595-ab60-fc6cc0168792,FirstNumber=322,secondNumber=1885}  written to file by thread pool-3-thread-4
 message  {Id=93a60e1d-b9b4-4e49-bc1a-d33ba9c2d56f,FirstNumber=451,secondNumber=1981}  added by thread pool-3-thread-6
 message  {Id=93a60e1d-b9b4-4e49-bc1a-d33ba9c2d56f,FirstNumber=451,secondNumber=1981}  written to file by thread pool-3-thread-2
 message  {Id=f7c92b4e-9903-4029-8eaf-54380c2d63e6,FirstNumber=219,secondNumber=489}  added by thread pool-3-thread-6
 message  {Id=f7c92b4e-9903-4029-8eaf-54380c2d63e6,FirstNumber=219,secondNumber=489}  written to file by thread pool-3-thread-3
 message  {Id=fd83dd2c-a346-434d-84ee-ec3752184152,FirstNumber=640,secondNumber=625}  added by thread pool-3-thread-6
 message  {Id=fd83dd2c-a346-434d-84ee-ec3752184152,FirstNumber=640,secondNumber=625}  written to file by thread pool-3-thread-3
 message  {Id=39df3f7e-e174-44ba-ad52-81cac9fe5ed4,FirstNumber=650,secondNumber=61}  added by thread pool-3-thread-6
 message  {Id=39df3f7e-e174-44ba-ad52-81cac9fe5ed4,FirstNumber=650,secondNumber=61}  written to file by thread pool-3-thread-3
 message  {Id=467b7bd9-88aa-45d9-97a9-8a969855442c,FirstNumber=256,secondNumber=136}  added by thread pool-3-thread-6
 message  {Id=467b7bd9-88aa-45d9-97a9-8a969855442c,FirstNumber=256,secondNumber=136}  written to file by thread pool-3-thread-3
 message  {Id=fd487a29-348b-4029-937e-3843ec349665,FirstNumber=649,secondNumber=1516}  added by thread pool-3-thread-6
 message  {Id=fd487a29-348b-4029-937e-3843ec349665,FirstNumber=649,secondNumber=1516}  written to file by thread pool-3-thread-2
 message  {Id=eff6958a-fad5-485b-a8c8-6525de40f28d,FirstNumber=825,secondNumber=442}  added by thread pool-3-thread-6
 message  {Id=eff6958a-fad5-485b-a8c8-6525de40f28d,FirstNumber=825,secondNumber=442}  written to file by thread pool-3-thread-2
 message  {Id=bb2bd554-16cd-4f4d-a83a-fb9b1c3a8a95,FirstNumber=535,secondNumber=86}  added by thread pool-3-thread-6
 message  {Id=bb2bd554-16cd-4f4d-a83a-fb9b1c3a8a95,FirstNumber=535,secondNumber=86}  written to file by thread pool-3-thread-5
 message  {Id=fe6cb84a-b3a1-45a5-a736-1cb38bb0269c,FirstNumber=685,secondNumber=852}  added by thread pool-3-thread-6
 message  {Id=fe6cb84a-b3a1-45a5-a736-1cb38bb0269c,FirstNumber=685,secondNumber=852}  written to file by thread pool-3-thread-5
 message  {Id=d8bf1be6-214f-4662-add5-40c628701992,FirstNumber=643,secondNumber=361}  added by thread pool-3-thread-6
 message  {Id=d8bf1be6-214f-4662-add5-40c628701992,FirstNumber=643,secondNumber=361}  written to file by thread pool-3-thread-3
 message  {Id=602f24be-5ce4-474c-b2cf-1f7ea01648eb,FirstNumber=613,secondNumber=1984}  added by thread pool-3-thread-6
 message  {Id=c11dbd12-d314-42df-850c-4a501854c2f2,FirstNumber=237,secondNumber=138}  added by thread pool-3-thread-6
 message  {Id=602f24be-5ce4-474c-b2cf-1f7ea01648eb,FirstNumber=613,secondNumber=1984}  written to file by thread pool-3-thread-1
 message  {Id=c11dbd12-d314-42df-850c-4a501854c2f2,FirstNumber=237,secondNumber=138}  written to file by thread pool-3-thread-2
 message  {Id=f73bec5e-5e21-4305-b6c8-8d283d5d38e3,FirstNumber=2,secondNumber=1591}  added by thread pool-3-thread-6
 message  {Id=f73bec5e-5e21-4305-b6c8-8d283d5d38e3,FirstNumber=2,secondNumber=1591}  written to file by thread pool-3-thread-4
 message  {Id=35519069-1562-43fd-82ba-5963bc2a6cb9,FirstNumber=328,secondNumber=757}  added by thread pool-3-thread-6
 message  {Id=35519069-1562-43fd-82ba-5963bc2a6cb9,FirstNumber=328,secondNumber=757}  written to file by thread pool-3-thread-4
 message  {Id=05670c1f-cf0b-4ed6-a9db-61b87c650f5b,FirstNumber=535,secondNumber=1252}  added by thread pool-3-thread-6
 message  {Id=05670c1f-cf0b-4ed6-a9db-61b87c650f5b,FirstNumber=535,secondNumber=1252}  written to file by thread pool-3-thread-3
 message  {Id=4ffff256-b233-4ab5-aea6-db519bb6b60a,FirstNumber=132,secondNumber=915}  added by thread pool-3-thread-6
 message  {Id=4ffff256-b233-4ab5-aea6-db519bb6b60a,FirstNumber=132,secondNumber=915}  written to file by thread pool-3-thread-1
 message  {Id=eb8f50c3-8f09-481a-a543-3c41f58ebaab,FirstNumber=973,secondNumber=1547}  added by thread pool-3-thread-6
 message  {Id=eb8f50c3-8f09-481a-a543-3c41f58ebaab,FirstNumber=973,secondNumber=1547}  written to file by thread pool-3-thread-2
 message  {Id=e45cc3ca-a705-4e39-9051-495862e0b91c,FirstNumber=313,secondNumber=1934}  added by thread pool-3-thread-6
 message  {Id=e45cc3ca-a705-4e39-9051-495862e0b91c,FirstNumber=313,secondNumber=1934}  written to file by thread pool-3-thread-2
 message  {Id=bfbd8693-6325-42f2-b38c-eaa975d6bfe9,FirstNumber=996,secondNumber=1638}  added by thread pool-3-thread-6
 message  {Id=bfbd8693-6325-42f2-b38c-eaa975d6bfe9,FirstNumber=996,secondNumber=1638}  written to file by thread pool-3-thread-4
 message  {Id=347a3174-79c1-493e-aa8e-5b92373ad9e8,FirstNumber=941,secondNumber=1098}  added by thread pool-3-thread-6
 message  {Id=347a3174-79c1-493e-aa8e-5b92373ad9e8,FirstNumber=941,secondNumber=1098}  written to file by thread pool-3-thread-4
 message  {Id=ff32283f-8017-4ca4-9287-1a3e6397f209,FirstNumber=614,secondNumber=1259}  added by thread pool-3-thread-6
 message  {Id=8a9a861a-b986-4d08-8a9a-a54ab23c0b4d,FirstNumber=958,secondNumber=1180}  added by thread pool-3-thread-6
 message  {Id=ff32283f-8017-4ca4-9287-1a3e6397f209,FirstNumber=614,secondNumber=1259}  written to file by thread pool-3-thread-1
 message  {Id=8a9a861a-b986-4d08-8a9a-a54ab23c0b4d,FirstNumber=958,secondNumber=1180}  written to file by thread pool-3-thread-5
 message  {Id=b8d55d33-fa28-429f-a422-45ee4ebe1eea,FirstNumber=639,secondNumber=1664}  added by thread pool-3-thread-6
 message  {Id=b8d55d33-fa28-429f-a422-45ee4ebe1eea,FirstNumber=639,secondNumber=1664}  written to file by thread pool-3-thread-2
 message  {Id=82f11ffb-ce44-4e5b-84f0-6655bc7dad85,FirstNumber=6,secondNumber=760}  added by thread pool-3-thread-6
 message  {Id=82f11ffb-ce44-4e5b-84f0-6655bc7dad85,FirstNumber=6,secondNumber=760}  written to file by thread pool-3-thread-2
 message  {Id=add59564-c296-4aa2-944f-1f2bc5b8cee2,FirstNumber=33,secondNumber=1735}  added by thread pool-3-thread-6
 message  {Id=add59564-c296-4aa2-944f-1f2bc5b8cee2,FirstNumber=33,secondNumber=1735}  written to file by thread pool-3-thread-4
 message  {Id=722107da-92b5-40aa-834f-236a90f3c8a3,FirstNumber=882,secondNumber=204}  added by thread pool-3-thread-6
 message  {Id=722107da-92b5-40aa-834f-236a90f3c8a3,FirstNumber=882,secondNumber=204}  written to file by thread pool-3-thread-4
 message  {Id=acc81c4f-ce69-4f68-ade1-a69190b8f21a,FirstNumber=723,secondNumber=1897}  added by thread pool-3-thread-6
 message  {Id=acc81c4f-ce69-4f68-ade1-a69190b8f21a,FirstNumber=723,secondNumber=1897}  written to file by thread pool-3-thread-5
 message  {Id=a3e9526b-ef56-40da-8b1e-6261546523e3,FirstNumber=329,secondNumber=628}  added by thread pool-3-thread-6
 message  {Id=a3e9526b-ef56-40da-8b1e-6261546523e3,FirstNumber=329,secondNumber=628}  written to file by thread pool-3-thread-5
 message  {Id=9e0130f4-2a7c-424a-9bf5-73f987032646,FirstNumber=578,secondNumber=482}  added by thread pool-3-thread-6
 message  {Id=9e0130f4-2a7c-424a-9bf5-73f987032646,FirstNumber=578,secondNumber=482}  written to file by thread pool-3-thread-2
 message  {Id=9f88713f-254e-4c42-b0a2-807cccbda83d,FirstNumber=259,secondNumber=59}  added by thread pool-3-thread-6
 message  {Id=9f88713f-254e-4c42-b0a2-807cccbda83d,FirstNumber=259,secondNumber=59}  written to file by thread pool-3-thread-2
 message  {Id=8589362d-2b3c-4c8c-b9c5-46b5132e4150,FirstNumber=778,secondNumber=1515}  added by thread pool-3-thread-6
 message  {Id=2ea1ea1a-e869-486b-9174-de14aba91dda,FirstNumber=494,secondNumber=1}  added by thread pool-3-thread-6
 message  {Id=8589362d-2b3c-4c8c-b9c5-46b5132e4150,FirstNumber=778,secondNumber=1515}  written to file by thread pool-3-thread-4
 message  {Id=2ea1ea1a-e869-486b-9174-de14aba91dda,FirstNumber=494,secondNumber=1}  written to file by thread pool-3-thread-3
 message  {Id=33d52b73-7e81-4f37-ba8e-901e0d94ce7a,FirstNumber=695,secondNumber=344}  added by thread pool-3-thread-6
 message  {Id=33d52b73-7e81-4f37-ba8e-901e0d94ce7a,FirstNumber=695,secondNumber=344}  written to file by thread pool-3-thread-3
 message  {Id=d517afd5-f4f1-45ed-8a3a-388a4f0e1029,FirstNumber=942,secondNumber=206}  added by thread pool-3-thread-6
 message  {Id=d517afd5-f4f1-45ed-8a3a-388a4f0e1029,FirstNumber=942,secondNumber=206}  written to file by thread pool-3-thread-1
 message  {Id=418f2fd5-e908-405a-b600-ba2725ace229,FirstNumber=146,secondNumber=1213}  added by thread pool-3-thread-6
 message  {Id=418f2fd5-e908-405a-b600-ba2725ace229,FirstNumber=146,secondNumber=1213}  written to file by thread pool-3-thread-2
 message  {Id=04b6d71b-8a86-4f85-ba09-b942e0a69a14,FirstNumber=391,secondNumber=442}  added by thread pool-3-thread-6
 message  {Id=04b6d71b-8a86-4f85-ba09-b942e0a69a14,FirstNumber=391,secondNumber=442}  written to file by thread pool-3-thread-4
 message  {Id=c547782d-bfeb-4fb8-bdaf-23c0076e0574,FirstNumber=570,secondNumber=1819}  added by thread pool-3-thread-6
 message  {Id=c547782d-bfeb-4fb8-bdaf-23c0076e0574,FirstNumber=570,secondNumber=1819}  written to file by thread pool-3-thread-4
 message  {Id=5328f8ab-c219-4530-8e92-22d3c9397eee,FirstNumber=796,secondNumber=852}  added by thread pool-3-thread-6
 message  {Id=4bb161ec-1c4b-4d13-9cfd-349e6317d8d5,FirstNumber=524,secondNumber=763}  added by thread pool-3-thread-6
 message  {Id=5328f8ab-c219-4530-8e92-22d3c9397eee,FirstNumber=796,secondNumber=852}  written to file by thread pool-3-thread-3
 message  {Id=791a33dd-62ff-4a7a-bd30-5abba7cd6c89,FirstNumber=845,secondNumber=143}  added by thread pool-3-thread-6
 message  {Id=4bb161ec-1c4b-4d13-9cfd-349e6317d8d5,FirstNumber=524,secondNumber=763}  written to file by thread pool-3-thread-1
 message  {Id=791a33dd-62ff-4a7a-bd30-5abba7cd6c89,FirstNumber=845,secondNumber=143}  written to file by thread pool-3-thread-2
 message  {Id=33dac7d5-9c26-485f-a124-3daefe34546b,FirstNumber=382,secondNumber=50}  added by thread pool-3-thread-6
 message  {Id=33dac7d5-9c26-485f-a124-3daefe34546b,FirstNumber=382,secondNumber=50}  written to file by thread pool-3-thread-5
 message  {Id=643dec58-258f-4ec2-ad2c-10eeb7862ef5,FirstNumber=346,secondNumber=1121}  added by thread pool-3-thread-6
 message  {Id=643dec58-258f-4ec2-ad2c-10eeb7862ef5,FirstNumber=346,secondNumber=1121}  written to file by thread pool-3-thread-4
 message  {Id=6c5917da-d2d2-422d-9add-42aa8f516a13,FirstNumber=593,secondNumber=136}  added by thread pool-3-thread-6
 message  {Id=0984afee-1cd1-4fcf-ba41-60b4732c4daf,FirstNumber=496,secondNumber=195}  added by thread pool-3-thread-6
 message  {Id=6c5917da-d2d2-422d-9add-42aa8f516a13,FirstNumber=593,secondNumber=136}  written to file by thread pool-3-thread-3
 message  {Id=0984afee-1cd1-4fcf-ba41-60b4732c4daf,FirstNumber=496,secondNumber=195}  written to file by thread pool-3-thread-1
 message  {Id=6b5fca30-574e-4094-9375-002d6e65a300,FirstNumber=451,secondNumber=57}  added by thread pool-3-thread-6
 message  {Id=6b5fca30-574e-4094-9375-002d6e65a300,FirstNumber=451,secondNumber=57}  written to file by thread pool-3-thread-2
 message  {Id=c54e9193-c747-415d-9040-210487bd4273,FirstNumber=246,secondNumber=1677}  added by thread pool-3-thread-6
 message  {Id=c54e9193-c747-415d-9040-210487bd4273,FirstNumber=246,secondNumber=1677}  written to file by thread pool-3-thread-2
 message  {Id=24180686-77cd-444a-b03c-2db28f84c3c4,FirstNumber=898,secondNumber=1408}  added by thread pool-3-thread-6
 message  {Id=24180686-77cd-444a-b03c-2db28f84c3c4,FirstNumber=898,secondNumber=1408}  written to file by thread pool-3-thread-4
 message  {Id=4b7e71ac-0995-44a3-b7e5-1810b7ed8fac,FirstNumber=656,secondNumber=666}  added by thread pool-3-thread-6
 message  {Id=4b7e71ac-0995-44a3-b7e5-1810b7ed8fac,FirstNumber=656,secondNumber=666}  written to file by thread pool-3-thread-4
 message  {Id=4620bc5d-e0bc-4356-93be-fe0d065b7c8e,FirstNumber=959,secondNumber=1589}  added by thread pool-3-thread-6
 message  {Id=4620bc5d-e0bc-4356-93be-fe0d065b7c8e,FirstNumber=959,secondNumber=1589}  written to file by thread pool-3-thread-4
 message  {Id=a77a022d-64ba-4130-8dc3-811baa9b6bda,FirstNumber=137,secondNumber=1771}  added by thread pool-3-thread-6
 message  {Id=a77a022d-64ba-4130-8dc3-811baa9b6bda,FirstNumber=137,secondNumber=1771}  written to file by thread pool-3-thread-5
 message  {Id=3a510ec3-7bda-4eab-8def-2f95a092cf40,FirstNumber=123,secondNumber=665}  added by thread pool-3-thread-6
 message  {Id=3a510ec3-7bda-4eab-8def-2f95a092cf40,FirstNumber=123,secondNumber=665}  written to file by thread pool-3-thread-2
 message  {Id=752c2277-3c9a-483a-b1c0-3cb403114a6d,FirstNumber=967,secondNumber=656}  added by thread pool-3-thread-6
 message  {Id=752c2277-3c9a-483a-b1c0-3cb403114a6d,FirstNumber=967,secondNumber=656}  written to file by thread pool-3-thread-3
 message  {Id=b8008d0f-0eac-4237-b1da-b021418a8292,FirstNumber=359,secondNumber=1306}  added by thread pool-3-thread-6
 message  {Id=b8008d0f-0eac-4237-b1da-b021418a8292,FirstNumber=359,secondNumber=1306}  written to file by thread pool-3-thread-3
 message  {Id=978de085-3270-4c77-b62a-c937196f5071,FirstNumber=641,secondNumber=1064}  added by thread pool-3-thread-6
 message  {Id=978de085-3270-4c77-b62a-c937196f5071,FirstNumber=641,secondNumber=1064}  written to file by thread pool-3-thread-4
 message  {Id=5bc2c553-7d14-4507-a910-f8010b8c0f25,FirstNumber=119,secondNumber=1194}  added by thread pool-3-thread-6
 message  {Id=5bc2c553-7d14-4507-a910-f8010b8c0f25,FirstNumber=119,secondNumber=1194}  written to file by thread pool-3-thread-5
 message  {Id=629ca34d-b3af-4a8f-9be2-0fbf62ee80b1,FirstNumber=646,secondNumber=1849}  added by thread pool-3-thread-6
 message  {Id=629ca34d-b3af-4a8f-9be2-0fbf62ee80b1,FirstNumber=646,secondNumber=1849}  written to file by thread pool-3-thread-2
 message  {Id=4bd08df6-365f-4cd6-a0f8-1151540f4f1c,FirstNumber=333,secondNumber=720}  added by thread pool-3-thread-6
 message  {Id=4bd08df6-365f-4cd6-a0f8-1151540f4f1c,FirstNumber=333,secondNumber=720}  written to file by thread pool-3-thread-2
 message  {Id=ee0ef8b1-4157-4249-bf7b-5f8618397b22,FirstNumber=769,secondNumber=18}  added by thread pool-3-thread-6
 message  {Id=1f26ca61-ac8b-448f-8638-5e4fb603827e,FirstNumber=151,secondNumber=653}  added by thread pool-3-thread-6
 message  {Id=ee0ef8b1-4157-4249-bf7b-5f8618397b22,FirstNumber=769,secondNumber=18}  written to file by thread pool-3-thread-3
 message  {Id=4e4878cf-f2bc-4e0f-9dd0-fbb18e36ea67,FirstNumber=857,secondNumber=1102}  added by thread pool-3-thread-6
 message  {Id=1f26ca61-ac8b-448f-8638-5e4fb603827e,FirstNumber=151,secondNumber=653}  written to file by thread pool-3-thread-4
 message  {Id=4e4878cf-f2bc-4e0f-9dd0-fbb18e36ea67,FirstNumber=857,secondNumber=1102}  written to file by thread pool-3-thread-5
 message  {Id=3b3c7c03-466f-4ce4-bcd6-1b5344dd5c94,FirstNumber=568,secondNumber=395}  added by thread pool-3-thread-6
 message  {Id=3b3c7c03-466f-4ce4-bcd6-1b5344dd5c94,FirstNumber=568,secondNumber=395}  written to file by thread pool-3-thread-1
 message  {Id=251e3664-dfbd-46fb-98cb-44d9732d499e,FirstNumber=572,secondNumber=1453}  added by thread pool-3-thread-6
 message  {Id=251e3664-dfbd-46fb-98cb-44d9732d499e,FirstNumber=572,secondNumber=1453}  written to file by thread pool-3-thread-2
 message  {Id=1e26dc92-974c-4164-a16a-126bc00befe3,FirstNumber=410,secondNumber=454}  added by thread pool-3-thread-6
 message  {Id=59b969ff-a067-456f-97b5-4b19015f2ccf,FirstNumber=940,secondNumber=310}  added by thread pool-3-thread-6
 message  {Id=1e26dc92-974c-4164-a16a-126bc00befe3,FirstNumber=410,secondNumber=454}  written to file by thread pool-3-thread-2
 message  {Id=59b969ff-a067-456f-97b5-4b19015f2ccf,FirstNumber=940,secondNumber=310}  written to file by thread pool-3-thread-4
 message  {Id=a04cb9f3-de5c-4eb4-af9e-e5c11ba48c69,FirstNumber=363,secondNumber=667}  added by thread pool-3-thread-6
 message  {Id=a04cb9f3-de5c-4eb4-af9e-e5c11ba48c69,FirstNumber=363,secondNumber=667}  written to file by thread pool-3-thread-5
 message  {Id=166d28ff-462c-4c17-972d-a2867e7e4693,FirstNumber=626,secondNumber=37}  added by thread pool-3-thread-6
 message  {Id=166d28ff-462c-4c17-972d-a2867e7e4693,FirstNumber=626,secondNumber=37}  written to file by thread pool-3-thread-1
 message  {Id=e7df220f-7432-4052-96b3-6b1a4d613148,FirstNumber=568,secondNumber=763}  added by thread pool-3-thread-6
 message  {Id=e7df220f-7432-4052-96b3-6b1a4d613148,FirstNumber=568,secondNumber=763}  written to file by thread pool-3-thread-1
 message  {Id=cceebec2-c979-4dbf-90b0-df3422b6b517,FirstNumber=842,secondNumber=1400}  added by thread pool-3-thread-6
 message  {Id=cceebec2-c979-4dbf-90b0-df3422b6b517,FirstNumber=842,secondNumber=1400}  written to file by thread pool-3-thread-2
 message  {Id=a3ffe187-b81a-4f48-a71d-e334d77e751e,FirstNumber=84,secondNumber=374}  added by thread pool-3-thread-6
 message  {Id=a3ffe187-b81a-4f48-a71d-e334d77e751e,FirstNumber=84,secondNumber=374}  written to file by thread pool-3-thread-4
 message  {Id=65d346a8-bda0-49f0-848a-59843a7003ee,FirstNumber=443,secondNumber=1606}  added by thread pool-3-thread-6
 message  {Id=65d346a8-bda0-49f0-848a-59843a7003ee,FirstNumber=443,secondNumber=1606}  written to file by thread pool-3-thread-4
 message  {Id=78dc97f6-bf56-4e67-b75a-968b6b6dba8b,FirstNumber=330,secondNumber=1966}  added by thread pool-3-thread-6
 message  {Id=97ac996a-8ca7-4164-b981-f12b0525ab8e,FirstNumber=980,secondNumber=20}  added by thread pool-3-thread-6
 message  {Id=78dc97f6-bf56-4e67-b75a-968b6b6dba8b,FirstNumber=330,secondNumber=1966}  written to file by thread pool-3-thread-3
 message  {Id=97ac996a-8ca7-4164-b981-f12b0525ab8e,FirstNumber=980,secondNumber=20}  written to file by thread pool-3-thread-1
 message  {Id=601cee52-5bed-4b94-853b-ce8f127564db,FirstNumber=395,secondNumber=498}  added by thread pool-3-thread-6
 message  {Id=601cee52-5bed-4b94-853b-ce8f127564db,FirstNumber=395,secondNumber=498}  written to file by thread pool-3-thread-2
 message  {Id=1e8717d7-74fe-41bd-84e9-3a4dac27e37f,FirstNumber=528,secondNumber=1410}  added by thread pool-3-thread-6
 message  {Id=1e8717d7-74fe-41bd-84e9-3a4dac27e37f,FirstNumber=528,secondNumber=1410}  written to file by thread pool-3-thread-5
 message  {Id=f4d5f48b-2c64-4d2a-80e0-d9f232983dbd,FirstNumber=623,secondNumber=1182}  added by thread pool-3-thread-6
 message  {Id=f4d5f48b-2c64-4d2a-80e0-d9f232983dbd,FirstNumber=623,secondNumber=1182}  written to file by thread pool-3-thread-4
 message  {Id=123a7426-de84-49ec-82ef-69f69f82e6a7,FirstNumber=932,secondNumber=257}  added by thread pool-3-thread-6
 message  {Id=123a7426-de84-49ec-82ef-69f69f82e6a7,FirstNumber=932,secondNumber=257}  written to file by thread pool-3-thread-4
 message  {Id=bb41bc35-92b6-427f-b42b-449bac2d37e3,FirstNumber=951,secondNumber=1274}  added by thread pool-3-thread-6
 message  {Id=bb41bc35-92b6-427f-b42b-449bac2d37e3,FirstNumber=951,secondNumber=1274}  written to file by thread pool-3-thread-1
 message  {Id=acb7df41-1f6e-44c6-86d4-1009bc986933,FirstNumber=772,secondNumber=1523}  added by thread pool-3-thread-6
 message  {Id=acb7df41-1f6e-44c6-86d4-1009bc986933,FirstNumber=772,secondNumber=1523}  written to file by thread pool-3-thread-1
 message  {Id=738e56a0-48d8-43ff-8301-1ca12be4696a,FirstNumber=237,secondNumber=552}  added by thread pool-3-thread-6
 message  {Id=738e56a0-48d8-43ff-8301-1ca12be4696a,FirstNumber=237,secondNumber=552}  written to file by thread pool-3-thread-5
 message  {Id=e926955b-4af7-46be-96bd-7eb018f8ef04,FirstNumber=595,secondNumber=1129}  added by thread pool-3-thread-6
 message  {Id=e926955b-4af7-46be-96bd-7eb018f8ef04,FirstNumber=595,secondNumber=1129}  written to file by thread pool-3-thread-5
 message  {Id=5fb34ed5-3b2b-4b0b-bff8-337970fcdcd4,FirstNumber=197,secondNumber=180}  added by thread pool-3-thread-6
 message  {Id=a3cdd507-19e7-4d10-b9af-edcb9da05fd3,FirstNumber=63,secondNumber=1255}  added by thread pool-3-thread-6
 message  {Id=5fb34ed5-3b2b-4b0b-bff8-337970fcdcd4,FirstNumber=197,secondNumber=180}  written to file by thread pool-3-thread-4
 message  {Id=a3cdd507-19e7-4d10-b9af-edcb9da05fd3,FirstNumber=63,secondNumber=1255}  written to file by thread pool-3-thread-2
 message  {Id=bf6f2427-2ff7-450a-887b-3dd52482b6ba,FirstNumber=285,secondNumber=1076}  added by thread pool-3-thread-6
 message  {Id=bf6f2427-2ff7-450a-887b-3dd52482b6ba,FirstNumber=285,secondNumber=1076}  written to file by thread pool-3-thread-1
 message  {Id=44165ee5-91f9-405b-909b-8e15bcb198e0,FirstNumber=765,secondNumber=1742}  added by thread pool-3-thread-6
 message  {Id=44165ee5-91f9-405b-909b-8e15bcb198e0,FirstNumber=765,secondNumber=1742}  written to file by thread pool-3-thread-1
 message  {Id=6f833321-245f-4211-ac9c-89c97d68b1c9,FirstNumber=557,secondNumber=576}  added by thread pool-3-thread-6
 message  {Id=6f833321-245f-4211-ac9c-89c97d68b1c9,FirstNumber=557,secondNumber=576}  written to file by thread pool-3-thread-5
 message  {Id=32f21752-f6b5-4154-b73d-5138e8756079,FirstNumber=882,secondNumber=746}  added by thread pool-3-thread-6
 message  {Id=32f21752-f6b5-4154-b73d-5138e8756079,FirstNumber=882,secondNumber=746}  written to file by thread pool-3-thread-5
 message  {Id=5f1a3550-96a8-4814-b343-b2f1fffb1a66,FirstNumber=180,secondNumber=225}  added by thread pool-3-thread-6
 message  {Id=5f1a3550-96a8-4814-b343-b2f1fffb1a66,FirstNumber=180,secondNumber=225}  written to file by thread pool-3-thread-2
 message  {Id=7832c0df-8b22-49a0-bb91-712b0f940e45,FirstNumber=675,secondNumber=871}  added by thread pool-3-thread-6
 message  {Id=7832c0df-8b22-49a0-bb91-712b0f940e45,FirstNumber=675,secondNumber=871}  written to file by thread pool-3-thread-2
 message  {Id=90d57a16-2111-4e10-8f04-0dda84755d8c,FirstNumber=345,secondNumber=1910}  added by thread pool-3-thread-6
 message  {Id=90d57a16-2111-4e10-8f04-0dda84755d8c,FirstNumber=345,secondNumber=1910}  written to file by thread pool-3-thread-2
 message  {Id=2a2127a9-e821-4b77-af9a-f6ffd19ab925,FirstNumber=638,secondNumber=1037}  added by thread pool-3-thread-6
 message  {Id=2a2127a9-e821-4b77-af9a-f6ffd19ab925,FirstNumber=638,secondNumber=1037}  written to file by thread pool-3-thread-4
 message  {Id=9a40bbb1-5617-4b32-b718-b10bf1e034c1,FirstNumber=771,secondNumber=391}  added by thread pool-3-thread-6
 message  {Id=cb6896d8-4908-45c0-94a9-65bf47561141,FirstNumber=439,secondNumber=1176}  added by thread pool-3-thread-6
 message  {Id=9a40bbb1-5617-4b32-b718-b10bf1e034c1,FirstNumber=771,secondNumber=391}  written to file by thread pool-3-thread-5
 message  {Id=cb6896d8-4908-45c0-94a9-65bf47561141,FirstNumber=439,secondNumber=1176}  written to file by thread pool-3-thread-3
 message  {Id=216f4333-4d7f-4298-83d4-009a82462dbd,FirstNumber=59,secondNumber=1417}  added by thread pool-3-thread-6
 message  {Id=216f4333-4d7f-4298-83d4-009a82462dbd,FirstNumber=59,secondNumber=1417}  written to file by thread pool-3-thread-3
 message  {Id=e6554e9a-14ed-45ab-95bf-82fefed170dd,FirstNumber=487,secondNumber=1887}  added by thread pool-3-thread-6
 message  {Id=e6554e9a-14ed-45ab-95bf-82fefed170dd,FirstNumber=487,secondNumber=1887}  written to file by thread pool-3-thread-2
 message  {Id=58a8dd9b-9e0f-4e54-89ae-7b0e46dc680a,FirstNumber=295,secondNumber=405}  added by thread pool-3-thread-6
 message  {Id=58a8dd9b-9e0f-4e54-89ae-7b0e46dc680a,FirstNumber=295,secondNumber=405}  written to file by thread pool-3-thread-4
 message  {Id=ee01690b-6862-4220-8bdb-af09d47564a0,FirstNumber=741,secondNumber=1980}  added by thread pool-3-thread-6
 message  {Id=ee01690b-6862-4220-8bdb-af09d47564a0,FirstNumber=741,secondNumber=1980}  written to file by thread pool-3-thread-5
 message  {Id=f152eab7-f692-496f-89af-7668bcac31be,FirstNumber=674,secondNumber=1425}  added by thread pool-3-thread-6
 message  {Id=f152eab7-f692-496f-89af-7668bcac31be,FirstNumber=674,secondNumber=1425}  written to file by thread pool-3-thread-5
 message  {Id=9e32574a-0ced-4db8-8c2f-be11e7881e86,FirstNumber=888,secondNumber=674}  added by thread pool-3-thread-6
 message  {Id=9e32574a-0ced-4db8-8c2f-be11e7881e86,FirstNumber=888,secondNumber=674}  written to file by thread pool-3-thread-5
 message  {Id=40de7634-1d5e-45fb-beef-c1d37ac9139a,FirstNumber=544,secondNumber=944}  added by thread pool-3-thread-6
 message  {Id=40de7634-1d5e-45fb-beef-c1d37ac9139a,FirstNumber=544,secondNumber=944}  written to file by thread pool-3-thread-2
 message  {Id=8ac69fc0-8c4c-4903-906f-e4cd9e47b044,FirstNumber=377,secondNumber=273}  added by thread pool-3-thread-6
 message  {Id=8ac69fc0-8c4c-4903-906f-e4cd9e47b044,FirstNumber=377,secondNumber=273}  written to file by thread pool-3-thread-2
 message  {Id=37a62b5c-8322-4148-852f-20b827df42fc,FirstNumber=574,secondNumber=355}  added by thread pool-3-thread-6
 message  {Id=d20c59a4-47bf-414d-86cc-213fc9920b98,FirstNumber=782,secondNumber=1101}  added by thread pool-3-thread-6
 message  {Id=37a62b5c-8322-4148-852f-20b827df42fc,FirstNumber=574,secondNumber=355}  written to file by thread pool-3-thread-1
 message  {Id=d20c59a4-47bf-414d-86cc-213fc9920b98,FirstNumber=782,secondNumber=1101}  written to file by thread pool-3-thread-3
 message  {Id=0b608064-433f-46e9-bc87-0c0fc9253d48,FirstNumber=533,secondNumber=887}  added by thread pool-3-thread-6
 message  {Id=0b608064-433f-46e9-bc87-0c0fc9253d48,FirstNumber=533,secondNumber=887}  written to file by thread pool-3-thread-3
 message  {Id=c209381e-1c7b-4be0-ba11-7682a0dd1355,FirstNumber=269,secondNumber=176}  added by thread pool-3-thread-6
 message  {Id=c209381e-1c7b-4be0-ba11-7682a0dd1355,FirstNumber=269,secondNumber=176}  written to file by thread pool-3-thread-3
 message  {Id=a132b08f-e03b-4731-8680-9efd1312be79,FirstNumber=431,secondNumber=661}  added by thread pool-3-thread-6
 message  {Id=a132b08f-e03b-4731-8680-9efd1312be79,FirstNumber=431,secondNumber=661}  written to file by thread pool-3-thread-2
 message  {Id=14843da9-d287-4a4f-aa03-15f87353a144,FirstNumber=280,secondNumber=1470}  added by thread pool-3-thread-6
 message  {Id=14843da9-d287-4a4f-aa03-15f87353a144,FirstNumber=280,secondNumber=1470}  written to file by thread pool-3-thread-1
 message  {Id=651999bf-ec84-4595-b575-1c703142f063,FirstNumber=0,secondNumber=1921}  added by thread pool-3-thread-6
 message  {Id=651999bf-ec84-4595-b575-1c703142f063,FirstNumber=0,secondNumber=1921}  written to file by thread pool-3-thread-1
 message  {Id=a65b9604-cef4-4f2a-b59c-365886caa3a2,FirstNumber=543,secondNumber=1170}  added by thread pool-3-thread-6
 message  {Id=a65b9604-cef4-4f2a-b59c-365886caa3a2,FirstNumber=543,secondNumber=1170}  written to file by thread pool-3-thread-4
 message  {Id=46d54c6c-fa36-4336-88fe-acc9386fd1c2,FirstNumber=434,secondNumber=330}  added by thread pool-3-thread-6
 message  {Id=46d54c6c-fa36-4336-88fe-acc9386fd1c2,FirstNumber=434,secondNumber=330}  written to file by thread pool-3-thread-3
 message  {Id=171b2dce-4ca7-4f8f-a663-8cd5b8e3c8e3,FirstNumber=427,secondNumber=492}  added by thread pool-3-thread-6
 message  {Id=171b2dce-4ca7-4f8f-a663-8cd5b8e3c8e3,FirstNumber=427,secondNumber=492}  written to file by thread pool-3-thread-2
 message  {Id=44bac975-98d4-4084-b8af-ec1dc6fa7856,FirstNumber=981,secondNumber=664}  added by thread pool-3-thread-6
 message  {Id=44bac975-98d4-4084-b8af-ec1dc6fa7856,FirstNumber=981,secondNumber=664}  written to file by thread pool-3-thread-2
 message  {Id=28fd8f26-fc14-4275-8fea-c49491c3560b,FirstNumber=731,secondNumber=1541}  added by thread pool-3-thread-6
 message  {Id=28fd8f26-fc14-4275-8fea-c49491c3560b,FirstNumber=731,secondNumber=1541}  written to file by thread pool-3-thread-2
 message  {Id=61ec3fcf-4169-4b9f-9316-ef7bff402e24,FirstNumber=443,secondNumber=746}  added by thread pool-3-thread-6
 message  {Id=61ec3fcf-4169-4b9f-9316-ef7bff402e24,FirstNumber=443,secondNumber=746}  written to file by thread pool-3-thread-4
 message  {Id=5c3cb141-273b-4d37-9c70-0b90ec3bd179,FirstNumber=247,secondNumber=1838}  added by thread pool-3-thread-6
 message  {Id=5c3cb141-273b-4d37-9c70-0b90ec3bd179,FirstNumber=247,secondNumber=1838}  written to file by thread pool-3-thread-4
 message  {Id=4dbc0e28-fdcf-4d7d-85b1-c098e1117dd1,FirstNumber=683,secondNumber=599}  added by thread pool-3-thread-6
 message  {Id=4dbc0e28-fdcf-4d7d-85b1-c098e1117dd1,FirstNumber=683,secondNumber=599}  written to file by thread pool-3-thread-5
 message  {Id=5b3b4b02-c588-4b9b-92e3-a8a2c41e663f,FirstNumber=899,secondNumber=1334}  added by thread pool-3-thread-6
 message  {Id=5b3b4b02-c588-4b9b-92e3-a8a2c41e663f,FirstNumber=899,secondNumber=1334}  written to file by thread pool-3-thread-5
 message  {Id=ad7fe2f2-6325-4c53-aff3-411f1bdaf45b,FirstNumber=460,secondNumber=1118}  added by thread pool-3-thread-6
 message  {Id=ad7fe2f2-6325-4c53-aff3-411f1bdaf45b,FirstNumber=460,secondNumber=1118}  written to file by thread pool-3-thread-2
 message  {Id=518a9d3f-aa86-4b70-9cc8-87f4fff24e37,FirstNumber=527,secondNumber=1725}  added by thread pool-3-thread-6
 message  {Id=518a9d3f-aa86-4b70-9cc8-87f4fff24e37,FirstNumber=527,secondNumber=1725}  written to file by thread pool-3-thread-2
 message  {Id=e38ebd39-9045-4406-a869-40b4b2e331a4,FirstNumber=991,secondNumber=1803}  added by thread pool-3-thread-6
 message  {Id=e38ebd39-9045-4406-a869-40b4b2e331a4,FirstNumber=991,secondNumber=1803}  written to file by thread pool-3-thread-2
 message  {Id=b9075219-ebce-467a-8f23-0ad5e51991c1,FirstNumber=663,secondNumber=871}  added by thread pool-3-thread-6
 message  {Id=b9075219-ebce-467a-8f23-0ad5e51991c1,FirstNumber=663,secondNumber=871}  written to file by thread pool-3-thread-1
 message  {Id=4f9d612e-467d-4d08-b403-aabe3fb95408,FirstNumber=205,secondNumber=1066}  added by thread pool-3-thread-6
 message  {Id=12fbe6d0-dada-4f44-a9b1-1fa3357f62b6,FirstNumber=390,secondNumber=202}  added by thread pool-3-thread-6
 message  {Id=4f9d612e-467d-4d08-b403-aabe3fb95408,FirstNumber=205,secondNumber=1066}  written to file by thread pool-3-thread-5
 message  {Id=12fbe6d0-dada-4f44-a9b1-1fa3357f62b6,FirstNumber=390,secondNumber=202}  written to file by thread pool-3-thread-3
 message  {Id=8fa6b7b3-09db-4f15-bde9-d46f2b4ac2d8,FirstNumber=922,secondNumber=393}  added by thread pool-3-thread-6
 message  {Id=8fa6b7b3-09db-4f15-bde9-d46f2b4ac2d8,FirstNumber=922,secondNumber=393}  written to file by thread pool-3-thread-3
 message  {Id=5ad0174c-6a2d-4853-a9d9-023a6880149f,FirstNumber=834,secondNumber=1832}  added by thread pool-3-thread-6
 message  {Id=5ad0174c-6a2d-4853-a9d9-023a6880149f,FirstNumber=834,secondNumber=1832}  written to file by thread pool-3-thread-2
 message  {Id=5656ad21-cce2-46b2-8884-278ca4444c2b,FirstNumber=965,secondNumber=1710}  added by thread pool-3-thread-6
 message  {Id=5656ad21-cce2-46b2-8884-278ca4444c2b,FirstNumber=965,secondNumber=1710}  written to file by thread pool-3-thread-2
 message  {Id=eba210ec-91e4-41ef-8ad2-80b89c856c62,FirstNumber=489,secondNumber=1483}  added by thread pool-3-thread-6
 message  {Id=eba210ec-91e4-41ef-8ad2-80b89c856c62,FirstNumber=489,secondNumber=1483}  written to file by thread pool-3-thread-5
 message  {Id=bbd57091-83b8-4260-89eb-8bd6e4d41f8c,FirstNumber=847,secondNumber=1852}  added by thread pool-3-thread-6
 message  {Id=bbd57091-83b8-4260-89eb-8bd6e4d41f8c,FirstNumber=847,secondNumber=1852}  written to file by thread pool-3-thread-5
 message  {Id=79ded869-cd93-4fd1-b3c3-fbe4133bf231,FirstNumber=239,secondNumber=482}  added by thread pool-3-thread-6
 message  {Id=79ded869-cd93-4fd1-b3c3-fbe4133bf231,FirstNumber=239,secondNumber=482}  written to file by thread pool-3-thread-3
 message  {Id=3bea5521-09fe-4b22-82f0-970bc77b0658,FirstNumber=952,secondNumber=1953}  added by thread pool-3-thread-6
 message  {Id=3bea5521-09fe-4b22-82f0-970bc77b0658,FirstNumber=952,secondNumber=1953}  written to file by thread pool-3-thread-3
 message  {Id=935afa17-4a42-4b13-846c-022aaf9041db,FirstNumber=230,secondNumber=473}  added by thread pool-3-thread-6
 message  {Id=935afa17-4a42-4b13-846c-022aaf9041db,FirstNumber=230,secondNumber=473}  written to file by thread pool-3-thread-2
 message  {Id=2af1845e-e67f-400d-81e5-41104b7d395e,FirstNumber=168,secondNumber=56}  added by thread pool-3-thread-6
 message  {Id=ed990091-ccda-45a7-aa91-ace28eee3834,FirstNumber=31,secondNumber=477}  added by thread pool-3-thread-6
 message  {Id=2af1845e-e67f-400d-81e5-41104b7d395e,FirstNumber=168,secondNumber=56}  written to file by thread pool-3-thread-4
 message  {Id=ed990091-ccda-45a7-aa91-ace28eee3834,FirstNumber=31,secondNumber=477}  written to file by thread pool-3-thread-5
 message  {Id=9294762e-e8a0-49bf-b11c-016f1a69ee15,FirstNumber=230,secondNumber=218}  added by thread pool-3-thread-6
 message  {Id=9294762e-e8a0-49bf-b11c-016f1a69ee15,FirstNumber=230,secondNumber=218}  written to file by thread pool-3-thread-1
 message  {Id=9bc91f24-fcb9-4d0c-a187-b9e5dda3ef67,FirstNumber=954,secondNumber=576}  added by thread pool-3-thread-6
 message  {Id=9bc91f24-fcb9-4d0c-a187-b9e5dda3ef67,FirstNumber=954,secondNumber=576}  written to file by thread pool-3-thread-3
 message  {Id=92008765-be17-4c44-8723-2a38be03915c,FirstNumber=203,secondNumber=744}  added by thread pool-3-thread-6
 message  {Id=92008765-be17-4c44-8723-2a38be03915c,FirstNumber=203,secondNumber=744}  written to file by thread pool-3-thread-3
 message  {Id=d3f31e0b-e29d-415e-a5e0-bd8dbbca1222,FirstNumber=848,secondNumber=1358}  added by thread pool-3-thread-6
 message  {Id=d3f31e0b-e29d-415e-a5e0-bd8dbbca1222,FirstNumber=848,secondNumber=1358}  written to file by thread pool-3-thread-3
 message  {Id=4d48af80-2ab9-45fd-b2d9-3dcff2fa323b,FirstNumber=488,secondNumber=1924}  added by thread pool-3-thread-6
 message  {Id=4d48af80-2ab9-45fd-b2d9-3dcff2fa323b,FirstNumber=488,secondNumber=1924}  written to file by thread pool-3-thread-5
 message  {Id=c78c2c10-bd26-4287-b336-8b71f7a4e159,FirstNumber=822,secondNumber=954}  added by thread pool-3-thread-6
 message  {Id=c78c2c10-bd26-4287-b336-8b71f7a4e159,FirstNumber=822,secondNumber=954}  written to file by thread pool-3-thread-1
 message  {Id=9f113f1a-483e-41e7-abda-ef1458741fb1,FirstNumber=23,secondNumber=1743}  added by thread pool-3-thread-6
 message  {Id=9f113f1a-483e-41e7-abda-ef1458741fb1,FirstNumber=23,secondNumber=1743}  written to file by thread pool-3-thread-2
 message  {Id=dc4c5c7d-940d-42a4-989b-87aee05f6692,FirstNumber=304,secondNumber=261}  added by thread pool-3-thread-6
 message  {Id=dc4c5c7d-940d-42a4-989b-87aee05f6692,FirstNumber=304,secondNumber=261}  written to file by thread pool-3-thread-2
 message  {Id=cfc58bb3-e84a-4e4b-bdf1-3e20b557ed65,FirstNumber=617,secondNumber=132}  added by thread pool-3-thread-6
 message  {Id=e1e5d64b-439d-4419-ba96-dd2f4d0e5a6a,FirstNumber=858,secondNumber=961}  added by thread pool-3-thread-6
 message  {Id=cfc58bb3-e84a-4e4b-bdf1-3e20b557ed65,FirstNumber=617,secondNumber=132}  written to file by thread pool-3-thread-3
 message  {Id=e1e5d64b-439d-4419-ba96-dd2f4d0e5a6a,FirstNumber=858,secondNumber=961}  written to file by thread pool-3-thread-5
 message  {Id=06f5b2e7-2533-4178-aed3-8e9756ea8eb6,FirstNumber=903,secondNumber=904}  added by thread pool-3-thread-6
 message  {Id=06f5b2e7-2533-4178-aed3-8e9756ea8eb6,FirstNumber=903,secondNumber=904}  written to file by thread pool-3-thread-1
 message  {Id=c561baab-7500-4df9-84f2-f3610566aa19,FirstNumber=988,secondNumber=305}  added by thread pool-3-thread-6
 message  {Id=c561baab-7500-4df9-84f2-f3610566aa19,FirstNumber=988,secondNumber=305}  written to file by thread pool-3-thread-1
 message  {Id=617865d3-f586-4255-bec4-77c95681d3db,FirstNumber=992,secondNumber=681}  added by thread pool-3-thread-6
 message  {Id=617865d3-f586-4255-bec4-77c95681d3db,FirstNumber=992,secondNumber=681}  written to file by thread pool-3-thread-2
 message  {Id=67606c76-6a92-4b9d-9f19-4823a59c4a1e,FirstNumber=677,secondNumber=660}  added by thread pool-3-thread-6
 message  {Id=67606c76-6a92-4b9d-9f19-4823a59c4a1e,FirstNumber=677,secondNumber=660}  written to file by thread pool-3-thread-2
 message  {Id=7192b89d-318e-4da6-95ec-8d41d8ca5bb5,FirstNumber=790,secondNumber=635}  added by thread pool-3-thread-6
 message  {Id=7192b89d-318e-4da6-95ec-8d41d8ca5bb5,FirstNumber=790,secondNumber=635}  written to file by thread pool-3-thread-5
 message  {Id=cfb3f6d0-741e-40f9-a369-b5b3bd374936,FirstNumber=429,secondNumber=832}  added by thread pool-3-thread-6
 message  {Id=cfb3f6d0-741e-40f9-a369-b5b3bd374936,FirstNumber=429,secondNumber=832}  written to file by thread pool-3-thread-5
 message  {Id=5a9e90b8-e1d5-4014-bedb-687cc4463d19,FirstNumber=687,secondNumber=1490}  added by thread pool-3-thread-6
 message  {Id=5a9e90b8-e1d5-4014-bedb-687cc4463d19,FirstNumber=687,secondNumber=1490}  written to file by thread pool-3-thread-1
 message  {Id=d6ae0ed2-6c23-43d7-9ce5-c097463d4595,FirstNumber=82,secondNumber=1430}  added by thread pool-3-thread-6
 message  {Id=d6ae0ed2-6c23-43d7-9ce5-c097463d4595,FirstNumber=82,secondNumber=1430}  written to file by thread pool-3-thread-1
 message  {Id=46d72a7f-a634-4e8b-b3fc-70f2cf834dc0,FirstNumber=188,secondNumber=198}  added by thread pool-3-thread-6
 message  {Id=ca1961df-ea0e-4256-9168-8be4144a69f7,FirstNumber=588,secondNumber=1774}  added by thread pool-3-thread-6
 message  {Id=46d72a7f-a634-4e8b-b3fc-70f2cf834dc0,FirstNumber=188,secondNumber=198}  written to file by thread pool-3-thread-2
 message  {Id=ca1961df-ea0e-4256-9168-8be4144a69f7,FirstNumber=588,secondNumber=1774}  written to file by thread pool-3-thread-4
 message  {Id=542855e8-afae-48a7-a905-408ff8bd10c2,FirstNumber=995,secondNumber=1765}  added by thread pool-3-thread-6
 message  {Id=542855e8-afae-48a7-a905-408ff8bd10c2,FirstNumber=995,secondNumber=1765}  written to file by thread pool-3-thread-5
 message  {Id=f9f83b6c-a137-454e-bc67-ec0ae0937b28,FirstNumber=935,secondNumber=252}  added by thread pool-3-thread-6
 message  {Id=f9f83b6c-a137-454e-bc67-ec0ae0937b28,FirstNumber=935,secondNumber=252}  written to file by thread pool-3-thread-5
 message  {Id=c5e3225f-63e3-4168-926d-660afa1ea786,FirstNumber=150,secondNumber=1944}  added by thread pool-3-thread-6
 message  {Id=c5e3225f-63e3-4168-926d-660afa1ea786,FirstNumber=150,secondNumber=1944}  written to file by thread pool-3-thread-1
 message  {Id=df010902-da9d-4c19-bf9d-c9d0bedf16c6,FirstNumber=521,secondNumber=1823}  added by thread pool-3-thread-6
 message  {Id=df010902-da9d-4c19-bf9d-c9d0bedf16c6,FirstNumber=521,secondNumber=1823}  written to file by thread pool-3-thread-1
 message  {Id=01fa88e8-459c-4391-a4a6-ca9fc29b57cd,FirstNumber=266,secondNumber=311}  added by thread pool-3-thread-6
 message  {Id=01fa88e8-459c-4391-a4a6-ca9fc29b57cd,FirstNumber=266,secondNumber=311}  written to file by thread pool-3-thread-4
 message  {Id=f09260bc-7916-45a1-9f9f-c57658348d91,FirstNumber=744,secondNumber=987}  added by thread pool-3-thread-6
 message  {Id=f09260bc-7916-45a1-9f9f-c57658348d91,FirstNumber=744,secondNumber=987}  written to file by thread pool-3-thread-4
 message  {Id=f335e416-e1b5-4a6d-8f2e-faf1847f1711,FirstNumber=149,secondNumber=671}  added by thread pool-3-thread-6
 message  {Id=f335e416-e1b5-4a6d-8f2e-faf1847f1711,FirstNumber=149,secondNumber=671}  written to file by thread pool-3-thread-5
 message  {Id=50a24351-46f0-4820-befb-e69a42e54525,FirstNumber=146,secondNumber=1398}  added by thread pool-3-thread-6
 message  {Id=50a24351-46f0-4820-befb-e69a42e54525,FirstNumber=146,secondNumber=1398}  written to file by thread pool-3-thread-5
 message  {Id=da7111f0-580b-4072-8cb4-b59d3e4d6534,FirstNumber=515,secondNumber=254}  added by thread pool-3-thread-6
 message  {Id=5c484c4a-c815-4ccf-a0c6-33aa48d41de0,FirstNumber=319,secondNumber=1773}  added by thread pool-3-thread-6
 message  {Id=da7111f0-580b-4072-8cb4-b59d3e4d6534,FirstNumber=515,secondNumber=254}  written to file by thread pool-3-thread-1
 message  {Id=5c484c4a-c815-4ccf-a0c6-33aa48d41de0,FirstNumber=319,secondNumber=1773}  written to file by thread pool-3-thread-3
 message  {Id=813e701d-b769-4221-977a-43bd112c7c0e,FirstNumber=892,secondNumber=1603}  added by thread pool-3-thread-6
 message  {Id=813e701d-b769-4221-977a-43bd112c7c0e,FirstNumber=892,secondNumber=1603}  written to file by thread pool-3-thread-3
 message  {Id=51e669ef-ea7e-49c8-a2df-493e9aef444e,FirstNumber=689,secondNumber=426}  added by thread pool-3-thread-6
 message  {Id=51e669ef-ea7e-49c8-a2df-493e9aef444e,FirstNumber=689,secondNumber=426}  written to file by thread pool-3-thread-2
 message  {Id=721d8226-7974-4f4a-848b-7ae49be8f930,FirstNumber=434,secondNumber=1314}  added by thread pool-3-thread-6
 message  {Id=721d8226-7974-4f4a-848b-7ae49be8f930,FirstNumber=434,secondNumber=1314}  written to file by thread pool-3-thread-2
 message  {Id=5d861bbf-4708-4481-ad17-0dbbc368c3f9,FirstNumber=402,secondNumber=1968}  added by thread pool-3-thread-6
 message  {Id=5d861bbf-4708-4481-ad17-0dbbc368c3f9,FirstNumber=402,secondNumber=1968}  written to file by thread pool-3-thread-1
 message  {Id=3d6250a6-5bdd-4c95-adf1-a466a0367c7f,FirstNumber=742,secondNumber=1415}  added by thread pool-3-thread-6
 message  {Id=3d6250a6-5bdd-4c95-adf1-a466a0367c7f,FirstNumber=742,secondNumber=1415}  written to file by thread pool-3-thread-1
 message  {Id=00306991-f536-4b03-9012-c3d0363dce0d,FirstNumber=826,secondNumber=818}  added by thread pool-3-thread-6
 message  {Id=00306991-f536-4b03-9012-c3d0363dce0d,FirstNumber=826,secondNumber=818}  written to file by thread pool-3-thread-3
 message  {Id=a9855eb5-3bba-43c9-b488-e3b05eda0f9f,FirstNumber=107,secondNumber=1721}  added by thread pool-3-thread-6
 message  {Id=a9855eb5-3bba-43c9-b488-e3b05eda0f9f,FirstNumber=107,secondNumber=1721}  written to file by thread pool-3-thread-3
 message  {Id=8761742a-1ed9-4f15-bf2f-fb0dc483b3d1,FirstNumber=257,secondNumber=940}  added by thread pool-3-thread-6
 message  {Id=8761742a-1ed9-4f15-bf2f-fb0dc483b3d1,FirstNumber=257,secondNumber=940}  written to file by thread pool-3-thread-2
 message  {Id=69ab0190-e127-4753-97ce-5197b4b12c3f,FirstNumber=686,secondNumber=416}  added by thread pool-3-thread-6
 message  {Id=69ab0190-e127-4753-97ce-5197b4b12c3f,FirstNumber=686,secondNumber=416}  written to file by thread pool-3-thread-2
 message  {Id=2fc5014a-f8fd-457c-8f2d-2dbee187e327,FirstNumber=65,secondNumber=1028}  added by thread pool-3-thread-6
 message  {Id=2fc5014a-f8fd-457c-8f2d-2dbee187e327,FirstNumber=65,secondNumber=1028}  written to file by thread pool-3-thread-2
 message  {Id=88eaf3a5-467a-4efb-aeae-a76c94eac335,FirstNumber=276,secondNumber=1719}  added by thread pool-3-thread-6
 message  {Id=88eaf3a5-467a-4efb-aeae-a76c94eac335,FirstNumber=276,secondNumber=1719}  written to file by thread pool-3-thread-5
 message  {Id=f04107e9-3a5e-445e-80cb-5bb4b042d36a,FirstNumber=400,secondNumber=1893}  added by thread pool-3-thread-6
 message  {Id=f04107e9-3a5e-445e-80cb-5bb4b042d36a,FirstNumber=400,secondNumber=1893}  written to file by thread pool-3-thread-5
 message  {Id=5f0c01d5-1cb4-4e80-9c03-3b5c9fefaee6,FirstNumber=762,secondNumber=1926}  added by thread pool-3-thread-6
 message  {Id=5f0c01d5-1cb4-4e80-9c03-3b5c9fefaee6,FirstNumber=762,secondNumber=1926}  written to file by thread pool-3-thread-4
 message  {Id=140ccc65-587d-4cc8-afe1-ce0c6fee16db,FirstNumber=612,secondNumber=467}  added by thread pool-3-thread-6
 message  {Id=140ccc65-587d-4cc8-afe1-ce0c6fee16db,FirstNumber=612,secondNumber=467}  written to file by thread pool-3-thread-4
 message  {Id=6200410a-6185-4810-8e75-c8547a7a6a6c,FirstNumber=885,secondNumber=1670}  added by thread pool-3-thread-6
 message  {Id=6200410a-6185-4810-8e75-c8547a7a6a6c,FirstNumber=885,secondNumber=1670}  written to file by thread pool-3-thread-2
 message  {Id=c229c553-b3cb-40fb-9206-eb0ba085794e,FirstNumber=150,secondNumber=1867}  added by thread pool-3-thread-6
 message  {Id=c229c553-b3cb-40fb-9206-eb0ba085794e,FirstNumber=150,secondNumber=1867}  written to file by thread pool-3-thread-2
 message  {Id=4c4e76ab-68d9-4a5f-aaf0-6838ae386873,FirstNumber=501,secondNumber=1813}  added by thread pool-3-thread-6
 message  {Id=4c4e76ab-68d9-4a5f-aaf0-6838ae386873,FirstNumber=501,secondNumber=1813}  written to file by thread pool-3-thread-2
 message  {Id=76f55031-6e40-471e-8e07-210a2bf3b666,FirstNumber=363,secondNumber=1435}  added by thread pool-3-thread-6
 message  {Id=76f55031-6e40-471e-8e07-210a2bf3b666,FirstNumber=363,secondNumber=1435}  written to file by thread pool-3-thread-1
 message  {Id=5abae31b-51b8-446f-8855-0f3ecb6bee6e,FirstNumber=628,secondNumber=1037}  added by thread pool-3-thread-6
 message  {Id=5abae31b-51b8-446f-8855-0f3ecb6bee6e,FirstNumber=628,secondNumber=1037}  written to file by thread pool-3-thread-4
 message  {Id=7aa10d81-a69e-44ab-addf-6b6eb5978490,FirstNumber=896,secondNumber=1762}  added by thread pool-3-thread-6
 message  {Id=7aa10d81-a69e-44ab-addf-6b6eb5978490,FirstNumber=896,secondNumber=1762}  written to file by thread pool-3-thread-3
 message  {Id=a229a4c9-1d92-4c99-a189-df5400d74a96,FirstNumber=227,secondNumber=1677}  added by thread pool-3-thread-6
 message  {Id=a229a4c9-1d92-4c99-a189-df5400d74a96,FirstNumber=227,secondNumber=1677}  written to file by thread pool-3-thread-5
 message  {Id=04aa4fc9-09e0-48b2-a635-200e0f5598bc,FirstNumber=905,secondNumber=1103}  added by thread pool-3-thread-6
 message  {Id=04aa4fc9-09e0-48b2-a635-200e0f5598bc,FirstNumber=905,secondNumber=1103}  written to file by thread pool-3-thread-5
 message  {Id=47e692ec-b40a-4c24-9cdc-37903fba9415,FirstNumber=5,secondNumber=1804}  added by thread pool-3-thread-6
 message  {Id=47e692ec-b40a-4c24-9cdc-37903fba9415,FirstNumber=5,secondNumber=1804}  written to file by thread pool-3-thread-1
 message  {Id=f5bf134f-95ee-4d23-89e7-404e97d01071,FirstNumber=464,secondNumber=1294}  added by thread pool-3-thread-6
 message  {Id=f5bf134f-95ee-4d23-89e7-404e97d01071,FirstNumber=464,secondNumber=1294}  written to file by thread pool-3-thread-4
 message  {Id=b52bd2a5-6230-4de1-99d8-7687970c733b,FirstNumber=699,secondNumber=1643}  added by thread pool-3-thread-6
 message  {Id=b52bd2a5-6230-4de1-99d8-7687970c733b,FirstNumber=699,secondNumber=1643}  written to file by thread pool-3-thread-4
 message  {Id=2b94c6cf-97b4-4f55-8d51-7f86bceecf58,FirstNumber=148,secondNumber=662}  added by thread pool-3-thread-6
 message  {Id=2b94c6cf-97b4-4f55-8d51-7f86bceecf58,FirstNumber=148,secondNumber=662}  written to file by thread pool-3-thread-2
 message  {Id=aec86f6f-de14-4a1a-ad65-1a62eb7ad780,FirstNumber=376,secondNumber=642}  added by thread pool-3-thread-6
 message  {Id=aec86f6f-de14-4a1a-ad65-1a62eb7ad780,FirstNumber=376,secondNumber=642}  written to file by thread pool-3-thread-2
 message  {Id=4821aa3b-bb67-479f-ac51-78984d10a856,FirstNumber=452,secondNumber=1840}  added by thread pool-3-thread-6
 message  {Id=4821aa3b-bb67-479f-ac51-78984d10a856,FirstNumber=452,secondNumber=1840}  written to file by thread pool-3-thread-1
 message  {Id=659b4685-be2e-4564-9e75-2692fcbfb0ff,FirstNumber=394,secondNumber=1195}  added by thread pool-3-thread-6
 message  {Id=cfe09123-1e5d-4030-805e-3ff160f97c48,FirstNumber=104,secondNumber=982}  added by thread pool-3-thread-6
 message  {Id=659b4685-be2e-4564-9e75-2692fcbfb0ff,FirstNumber=394,secondNumber=1195}  written to file by thread pool-3-thread-3
 message  {Id=cfe09123-1e5d-4030-805e-3ff160f97c48,FirstNumber=104,secondNumber=982}  written to file by thread pool-3-thread-4
 message  {Id=76015c1f-ed1c-4b6f-bd9c-463bc5f7de14,FirstNumber=708,secondNumber=910}  added by thread pool-3-thread-6
 message  {Id=76015c1f-ed1c-4b6f-bd9c-463bc5f7de14,FirstNumber=708,secondNumber=910}  written to file by thread pool-3-thread-5
 message  {Id=67c0132b-9766-47b0-bdff-a91dfdddce2a,FirstNumber=146,secondNumber=987}  added by thread pool-3-thread-6
 message  {Id=67c0132b-9766-47b0-bdff-a91dfdddce2a,FirstNumber=146,secondNumber=987}  written to file by thread pool-3-thread-5
 message  {Id=67fa24f9-2a65-48df-9f1a-2443b6f0b97d,FirstNumber=256,secondNumber=1315}  added by thread pool-3-thread-6
 message  {Id=67fa24f9-2a65-48df-9f1a-2443b6f0b97d,FirstNumber=256,secondNumber=1315}  written to file by thread pool-3-thread-1
 message  {Id=203cd71f-f544-4f4d-83d5-94a14437692e,FirstNumber=411,secondNumber=1924}  added by thread pool-3-thread-6
 message  {Id=203cd71f-f544-4f4d-83d5-94a14437692e,FirstNumber=411,secondNumber=1924}  written to file by thread pool-3-thread-1
 message  {Id=06e96aa6-3ad9-4b01-bed4-2cc77c0cbae3,FirstNumber=169,secondNumber=494}  added by thread pool-3-thread-6
 message  {Id=06e96aa6-3ad9-4b01-bed4-2cc77c0cbae3,FirstNumber=169,secondNumber=494}  written to file by thread pool-3-thread-4
 message  {Id=c10c8df0-530a-486f-a20e-d01feb45f847,FirstNumber=475,secondNumber=109}  added by thread pool-3-thread-6
 message  {Id=c10c8df0-530a-486f-a20e-d01feb45f847,FirstNumber=475,secondNumber=109}  written to file by thread pool-3-thread-4
 message  {Id=e4353680-faad-43db-92ca-fd2a1e182bc0,FirstNumber=582,secondNumber=1481}  added by thread pool-3-thread-6
 message  {Id=e4353680-faad-43db-92ca-fd2a1e182bc0,FirstNumber=582,secondNumber=1481}  written to file by thread pool-3-thread-5
 message  {Id=b35b3ddc-80da-4f77-a6b4-62614eca005c,FirstNumber=655,secondNumber=333}  added by thread pool-3-thread-6
 message  {Id=b35b3ddc-80da-4f77-a6b4-62614eca005c,FirstNumber=655,secondNumber=333}  written to file by thread pool-3-thread-5
 message  {Id=9c87448c-6286-46bb-a122-e5957a35f85f,FirstNumber=728,secondNumber=1399}  added by thread pool-3-thread-6
 message  {Id=14ae0acd-991e-4a9c-abe2-998bccd38c60,FirstNumber=446,secondNumber=233}  added by thread pool-3-thread-6
 message  {Id=9c87448c-6286-46bb-a122-e5957a35f85f,FirstNumber=728,secondNumber=1399}  written to file by thread pool-3-thread-1
 message  {Id=14ae0acd-991e-4a9c-abe2-998bccd38c60,FirstNumber=446,secondNumber=233}  written to file by thread pool-3-thread-2
 message  {Id=afc94be9-006e-44d7-b9a3-07159ff647ab,FirstNumber=341,secondNumber=1969}  added by thread pool-3-thread-6
 message  {Id=afc94be9-006e-44d7-b9a3-07159ff647ab,FirstNumber=341,secondNumber=1969}  written to file by thread pool-3-thread-2
 message  {Id=f72a6754-eb5c-4fcc-823e-f9dec1990857,FirstNumber=586,secondNumber=55}  added by thread pool-3-thread-6
 message  {Id=f72a6754-eb5c-4fcc-823e-f9dec1990857,FirstNumber=586,secondNumber=55}  written to file by thread pool-3-thread-3
 message  {Id=95952e38-ebc9-474f-a7c8-56630bfabbf5,FirstNumber=711,secondNumber=1220}  added by thread pool-3-thread-6
 message  {Id=95952e38-ebc9-474f-a7c8-56630bfabbf5,FirstNumber=711,secondNumber=1220}  written to file by thread pool-3-thread-3
 message  {Id=f78fc260-b06a-4c7a-bc92-470e43c57419,FirstNumber=23,secondNumber=1643}  added by thread pool-3-thread-6
 message  {Id=f78fc260-b06a-4c7a-bc92-470e43c57419,FirstNumber=23,secondNumber=1643}  written to file by thread pool-3-thread-1
 message  {Id=71411b00-4e6e-410c-a412-77ae1fab408a,FirstNumber=574,secondNumber=344}  added by thread pool-3-thread-6
 message  {Id=71411b00-4e6e-410c-a412-77ae1fab408a,FirstNumber=574,secondNumber=344}  written to file by thread pool-3-thread-1
 message  {Id=08238a6c-6330-4808-bfa6-00641cbc6cab,FirstNumber=199,secondNumber=1976}  added by thread pool-3-thread-6
 message  {Id=08238a6c-6330-4808-bfa6-00641cbc6cab,FirstNumber=199,secondNumber=1976}  written to file by thread pool-3-thread-2
 message  {Id=d52be336-b72d-4b4b-853c-2268db921c1c,FirstNumber=481,secondNumber=1744}  added by thread pool-3-thread-6
 message  {Id=d52be336-b72d-4b4b-853c-2268db921c1c,FirstNumber=481,secondNumber=1744}  written to file by thread pool-3-thread-2
 message  {Id=21d6c11f-37ae-44f8-bde0-21ad348cec2d,FirstNumber=10,secondNumber=471}  added by thread pool-3-thread-6
 message  {Id=21d6c11f-37ae-44f8-bde0-21ad348cec2d,FirstNumber=10,secondNumber=471}  written to file by thread pool-3-thread-3
 message  {Id=e2ee2cca-71b6-463d-817f-6105fac7c225,FirstNumber=266,secondNumber=581}  added by thread pool-3-thread-6
 message  {Id=e2ee2cca-71b6-463d-817f-6105fac7c225,FirstNumber=266,secondNumber=581}  written to file by thread pool-3-thread-3
 message  {Id=286d0b01-7ca4-4326-aa31-2fdc3c6aae3a,FirstNumber=515,secondNumber=1208}  added by thread pool-3-thread-6
 message  {Id=286d0b01-7ca4-4326-aa31-2fdc3c6aae3a,FirstNumber=515,secondNumber=1208}  written to file by thread pool-3-thread-3
 message  {Id=b66395d8-e732-4fa4-a370-5f95c6193179,FirstNumber=194,secondNumber=1455}  added by thread pool-3-thread-6
 message  {Id=b66395d8-e732-4fa4-a370-5f95c6193179,FirstNumber=194,secondNumber=1455}  written to file by thread pool-3-thread-3
 message  {Id=dc01ec5a-ff19-4bd7-8078-a444a2160c8d,FirstNumber=369,secondNumber=409}  added by thread pool-3-thread-6
 message  {Id=dc01ec5a-ff19-4bd7-8078-a444a2160c8d,FirstNumber=369,secondNumber=409}  written to file by thread pool-3-thread-2
 message  {Id=ee169daa-fd0c-40e3-b1a9-18fc5c69a1de,FirstNumber=83,secondNumber=261}  added by thread pool-3-thread-6
 message  {Id=ee169daa-fd0c-40e3-b1a9-18fc5c69a1de,FirstNumber=83,secondNumber=261}  written to file by thread pool-3-thread-2
 message  {Id=b9f586a6-dc11-4cb8-b7e7-331b2ce6e188,FirstNumber=149,secondNumber=214}  added by thread pool-3-thread-6
 message  {Id=b9f586a6-dc11-4cb8-b7e7-331b2ce6e188,FirstNumber=149,secondNumber=214}  written to file by thread pool-3-thread-1
 message  {Id=f1ec0972-65a7-4dc3-802b-2a0a1e819d31,FirstNumber=925,secondNumber=517}  added by thread pool-3-thread-6
 message  {Id=f1ec0972-65a7-4dc3-802b-2a0a1e819d31,FirstNumber=925,secondNumber=517}  written to file by thread pool-3-thread-5
 message  {Id=1e85efef-fa1a-4d6a-bf7e-72194b333047,FirstNumber=255,secondNumber=1703}  added by thread pool-3-thread-6
 message  {Id=1e85efef-fa1a-4d6a-bf7e-72194b333047,FirstNumber=255,secondNumber=1703}  written to file by thread pool-3-thread-5
 message  {Id=31b4f8a7-0aa7-467d-9dbe-b8c857cbe662,FirstNumber=299,secondNumber=508}  added by thread pool-3-thread-6
 message  {Id=31b4f8a7-0aa7-467d-9dbe-b8c857cbe662,FirstNumber=299,secondNumber=508}  written to file by thread pool-3-thread-4
 message  {Id=23233a30-171f-42c1-bbc7-2d33ddf8c0cd,FirstNumber=236,secondNumber=1421}  added by thread pool-3-thread-6
 message  {Id=23233a30-171f-42c1-bbc7-2d33ddf8c0cd,FirstNumber=236,secondNumber=1421}  written to file by thread pool-3-thread-2
 message  {Id=fac9368f-a13b-400b-9c02-3ae7a8459714,FirstNumber=370,secondNumber=101}  added by thread pool-3-thread-6
 message  {Id=82f02143-5845-4cac-9d93-db62c29073cd,FirstNumber=596,secondNumber=762}  added by thread pool-3-thread-6
 message  {Id=fac9368f-a13b-400b-9c02-3ae7a8459714,FirstNumber=370,secondNumber=101}  written to file by thread pool-3-thread-1
 message  {Id=82f02143-5845-4cac-9d93-db62c29073cd,FirstNumber=596,secondNumber=762}  written to file by thread pool-3-thread-3
 message  {Id=78ce2c00-eaa0-48c1-bf04-7b146b5d138b,FirstNumber=729,secondNumber=1257}  added by thread pool-3-thread-6
 message  {Id=78ce2c00-eaa0-48c1-bf04-7b146b5d138b,FirstNumber=729,secondNumber=1257}  written to file by thread pool-3-thread-5
 message  {Id=dfbf75e3-2188-4b6a-bbb4-97724e8a502c,FirstNumber=60,secondNumber=298}  added by thread pool-3-thread-6
 message  {Id=dfbf75e3-2188-4b6a-bbb4-97724e8a502c,FirstNumber=60,secondNumber=298}  written to file by thread pool-3-thread-5
 message  {Id=5a5de361-6a61-489c-b0cf-ee488db3e964,FirstNumber=633,secondNumber=1021}  added by thread pool-3-thread-6
 message  {Id=5a5de361-6a61-489c-b0cf-ee488db3e964,FirstNumber=633,secondNumber=1021}  written to file by thread pool-3-thread-2
 message  {Id=4a7b794c-9663-4a53-9bb3-bb5c12a9cdad,FirstNumber=664,secondNumber=1145}  added by thread pool-3-thread-6
 message  {Id=4a7b794c-9663-4a53-9bb3-bb5c12a9cdad,FirstNumber=664,secondNumber=1145}  written to file by thread pool-3-thread-2
 message  {Id=7f6a8c50-e5b3-4e22-a0c8-66bbf77af6c1,FirstNumber=71,secondNumber=1996}  added by thread pool-3-thread-6
 message  {Id=7f6a8c50-e5b3-4e22-a0c8-66bbf77af6c1,FirstNumber=71,secondNumber=1996}  written to file by thread pool-3-thread-3
 message  {Id=abb1752b-57d0-4dbc-a55a-70a20f7f6fdd,FirstNumber=345,secondNumber=1656}  added by thread pool-3-thread-6
 message  {Id=abb1752b-57d0-4dbc-a55a-70a20f7f6fdd,FirstNumber=345,secondNumber=1656}  written to file by thread pool-3-thread-4
 message  {Id=319346e5-ee0d-459c-aaa2-1e5dbed35938,FirstNumber=124,secondNumber=1198}  added by thread pool-3-thread-6
 message  {Id=319346e5-ee0d-459c-aaa2-1e5dbed35938,FirstNumber=124,secondNumber=1198}  written to file by thread pool-3-thread-4
 message  {Id=79e0e260-1430-4bf6-83dc-51b00000f1fe,FirstNumber=510,secondNumber=170}  added by thread pool-3-thread-6
 message  {Id=79e0e260-1430-4bf6-83dc-51b00000f1fe,FirstNumber=510,secondNumber=170}  written to file by thread pool-3-thread-1
 message  {Id=febd1f16-f2e8-490a-bd3f-c1f7778ae728,FirstNumber=792,secondNumber=109}  added by thread pool-3-thread-6
 message  {Id=febd1f16-f2e8-490a-bd3f-c1f7778ae728,FirstNumber=792,secondNumber=109}  written to file by thread pool-3-thread-1
 message  {Id=cd9612b7-e2c2-4eb9-9f6c-0bfaca17a759,FirstNumber=420,secondNumber=764}  added by thread pool-3-thread-6
 message  {Id=cd9612b7-e2c2-4eb9-9f6c-0bfaca17a759,FirstNumber=420,secondNumber=764}  written to file by thread pool-3-thread-1
 message  {Id=8d8e3cef-c94d-487d-ac7a-658b27784088,FirstNumber=51,secondNumber=1441}  added by thread pool-3-thread-6
 message  {Id=8d8e3cef-c94d-487d-ac7a-658b27784088,FirstNumber=51,secondNumber=1441}  written to file by thread pool-3-thread-5
 message  {Id=b470e5a5-ee88-4514-977b-fe45b1cccf22,FirstNumber=999,secondNumber=79}  added by thread pool-3-thread-6
 message  {Id=b470e5a5-ee88-4514-977b-fe45b1cccf22,FirstNumber=999,secondNumber=79}  written to file by thread pool-3-thread-5
 message  {Id=b2238882-8d81-4d8e-a0ed-767b7c069f44,FirstNumber=135,secondNumber=1496}  added by thread pool-3-thread-6
 message  {Id=b2238882-8d81-4d8e-a0ed-767b7c069f44,FirstNumber=135,secondNumber=1496}  written to file by thread pool-3-thread-2
 message  {Id=b979f9a7-f526-43b3-a57b-df8071352861,FirstNumber=906,secondNumber=578}  added by thread pool-3-thread-6
 message  {Id=f7b41ea3-8aea-4ec1-b783-c1dc873a1a03,FirstNumber=614,secondNumber=642}  added by thread pool-3-thread-6
 message  {Id=b979f9a7-f526-43b3-a57b-df8071352861,FirstNumber=906,secondNumber=578}  written to file by thread pool-3-thread-3
 message  {Id=29d142f9-6c35-4c94-b51f-94206270571b,FirstNumber=839,secondNumber=1112}  added by thread pool-3-thread-6
 message  {Id=f7b41ea3-8aea-4ec1-b783-c1dc873a1a03,FirstNumber=614,secondNumber=642}  written to file by thread pool-3-thread-1
 message  {Id=29d142f9-6c35-4c94-b51f-94206270571b,FirstNumber=839,secondNumber=1112}  written to file by thread pool-3-thread-4
 message  {Id=511c7822-69c0-49cb-a935-84ca4db0e9c6,FirstNumber=413,secondNumber=1313}  added by thread pool-3-thread-6
 message  {Id=511c7822-69c0-49cb-a935-84ca4db0e9c6,FirstNumber=413,secondNumber=1313}  written to file by thread pool-3-thread-4
 message  {Id=3228fd1f-ea50-4115-a220-e19b9adafb33,FirstNumber=569,secondNumber=1385}  added by thread pool-3-thread-6
 message  {Id=3228fd1f-ea50-4115-a220-e19b9adafb33,FirstNumber=569,secondNumber=1385}  written to file by thread pool-3-thread-2
 message  {Id=baafd779-883e-4ee1-b2b6-fd399983b95b,FirstNumber=677,secondNumber=1784}  added by thread pool-3-thread-6
 message  {Id=7e022e0f-5bc9-4a79-805a-75bdaf7cda60,FirstNumber=266,secondNumber=1924}  added by thread pool-3-thread-6
 message  {Id=baafd779-883e-4ee1-b2b6-fd399983b95b,FirstNumber=677,secondNumber=1784}  written to file by thread pool-3-thread-3
 message  {Id=7e022e0f-5bc9-4a79-805a-75bdaf7cda60,FirstNumber=266,secondNumber=1924}  written to file by thread pool-3-thread-1
 message  {Id=91ebf571-4519-4d7e-a37c-3a85a71350bf,FirstNumber=362,secondNumber=1978}  added by thread pool-3-thread-6
 message  {Id=91ebf571-4519-4d7e-a37c-3a85a71350bf,FirstNumber=362,secondNumber=1978}  written to file by thread pool-3-thread-1
 message  {Id=902f4a70-a4a1-4dc2-bcf6-02c300769259,FirstNumber=3,secondNumber=469}  added by thread pool-3-thread-6
 message  {Id=902f4a70-a4a1-4dc2-bcf6-02c300769259,FirstNumber=3,secondNumber=469}  written to file by thread pool-3-thread-4
 message  {Id=db811706-cd72-40ff-88fe-0ab2e7575711,FirstNumber=341,secondNumber=1752}  added by thread pool-3-thread-6
 message  {Id=db811706-cd72-40ff-88fe-0ab2e7575711,FirstNumber=341,secondNumber=1752}  written to file by thread pool-3-thread-4
 message  {Id=132f4aab-fd9e-4ff7-8737-d3acee194573,FirstNumber=785,secondNumber=683}  added by thread pool-3-thread-6
 message  {Id=132f4aab-fd9e-4ff7-8737-d3acee194573,FirstNumber=785,secondNumber=683}  written to file by thread pool-3-thread-3
 message  {Id=5bce10b7-ae14-4b67-b003-52821e972606,FirstNumber=88,secondNumber=84}  added by thread pool-3-thread-6
 message  {Id=9096575c-cda2-449b-9310-84aef9dd8b92,FirstNumber=477,secondNumber=100}  added by thread pool-3-thread-6
 message  {Id=5bce10b7-ae14-4b67-b003-52821e972606,FirstNumber=88,secondNumber=84}  written to file by thread pool-3-thread-5
 message  {Id=9096575c-cda2-449b-9310-84aef9dd8b92,FirstNumber=477,secondNumber=100}  written to file by thread pool-3-thread-1
 message  {Id=8de94f55-9477-4d3e-a29a-666dd20676c3,FirstNumber=905,secondNumber=793}  added by thread pool-3-thread-6
 message  {Id=8de94f55-9477-4d3e-a29a-666dd20676c3,FirstNumber=905,secondNumber=793}  written to file by thread pool-3-thread-2
 message  {Id=52d3138a-982c-4663-859a-dd80fe003723,FirstNumber=256,secondNumber=298}  added by thread pool-3-thread-6
 message  {Id=52d3138a-982c-4663-859a-dd80fe003723,FirstNumber=256,secondNumber=298}  written to file by thread pool-3-thread-2
 message  {Id=ffd6d84f-3a06-4945-80f2-52c4605c50ee,FirstNumber=847,secondNumber=592}  added by thread pool-3-thread-6
 message  {Id=f7ea11c5-4a85-45b0-a620-2ee619974510,FirstNumber=512,secondNumber=180}  added by thread pool-3-thread-6
 message  {Id=ffd6d84f-3a06-4945-80f2-52c4605c50ee,FirstNumber=847,secondNumber=592}  written to file by thread pool-3-thread-3
 message  {Id=f7ea11c5-4a85-45b0-a620-2ee619974510,FirstNumber=512,secondNumber=180}  written to file by thread pool-3-thread-5
 message  {Id=e50dad06-a5bd-4052-9d89-e6591cdc99b0,FirstNumber=689,secondNumber=1936}  added by thread pool-3-thread-6
 message  {Id=e50dad06-a5bd-4052-9d89-e6591cdc99b0,FirstNumber=689,secondNumber=1936}  written to file by thread pool-3-thread-1
 message  {Id=1c7712b2-e0aa-431c-823c-71416b70da61,FirstNumber=979,secondNumber=1627}  added by thread pool-3-thread-6
 message  {Id=1c7712b2-e0aa-431c-823c-71416b70da61,FirstNumber=979,secondNumber=1627}  written to file by thread pool-3-thread-1
 message  {Id=191562d7-62a9-41de-899c-48dcf8b2077c,FirstNumber=747,secondNumber=1916}  added by thread pool-3-thread-6
 message  {Id=191562d7-62a9-41de-899c-48dcf8b2077c,FirstNumber=747,secondNumber=1916}  written to file by thread pool-3-thread-2
 message  {Id=f2d2d5ec-2811-413b-bb38-1b1ea43269ef,FirstNumber=635,secondNumber=1346}  added by thread pool-3-thread-6
 message  {Id=f2d2d5ec-2811-413b-bb38-1b1ea43269ef,FirstNumber=635,secondNumber=1346}  written to file by thread pool-3-thread-2
 message  {Id=27179ed4-8a52-4e45-ae8d-02abfd588457,FirstNumber=7,secondNumber=1805}  added by thread pool-3-thread-6
 message  {Id=27179ed4-8a52-4e45-ae8d-02abfd588457,FirstNumber=7,secondNumber=1805}  written to file by thread pool-3-thread-2
 message  {Id=0ccad264-34c4-4080-b8e3-6f864fe6ee40,FirstNumber=892,secondNumber=1207}  added by thread pool-3-thread-6
 message  {Id=0ccad264-34c4-4080-b8e3-6f864fe6ee40,FirstNumber=892,secondNumber=1207}  written to file by thread pool-3-thread-2
 message  {Id=186d6a29-6e21-45f1-aaae-6d6e189e5975,FirstNumber=737,secondNumber=1177}  added by thread pool-3-thread-6
 message  {Id=186d6a29-6e21-45f1-aaae-6d6e189e5975,FirstNumber=737,secondNumber=1177}  written to file by thread pool-3-thread-2
 message  {Id=3d843021-5b1f-4cdd-bc4d-3893753fca56,FirstNumber=773,secondNumber=1241}  added by thread pool-3-thread-6
 message  {Id=3d843021-5b1f-4cdd-bc4d-3893753fca56,FirstNumber=773,secondNumber=1241}  written to file by thread pool-3-thread-2
 message  {Id=7519c5b5-305a-44f9-ba54-a521ec7c1e58,FirstNumber=468,secondNumber=104}  added by thread pool-3-thread-6
 message  {Id=b8ecd24d-02ba-4461-87a0-f2da67774379,FirstNumber=155,secondNumber=630}  added by thread pool-3-thread-6
 message  {Id=7519c5b5-305a-44f9-ba54-a521ec7c1e58,FirstNumber=468,secondNumber=104}  written to file by thread pool-3-thread-5
 message  {Id=b8ecd24d-02ba-4461-87a0-f2da67774379,FirstNumber=155,secondNumber=630}  written to file by thread pool-3-thread-4
 message  {Id=07fbdef5-dcf6-418d-9080-2928f10596a6,FirstNumber=613,secondNumber=1532}  added by thread pool-3-thread-6
 message  {Id=e3d8ef5c-c06a-44d7-838b-c8684182f361,FirstNumber=469,secondNumber=1234}  added by thread pool-3-thread-6
 message  {Id=07fbdef5-dcf6-418d-9080-2928f10596a6,FirstNumber=613,secondNumber=1532}  written to file by thread pool-3-thread-1
 message  {Id=e3d8ef5c-c06a-44d7-838b-c8684182f361,FirstNumber=469,secondNumber=1234}  written to file by thread pool-3-thread-3
 message  {Id=7e446ae0-066e-41f0-ac96-9a2a73f10335,FirstNumber=141,secondNumber=32}  added by thread pool-3-thread-6
 message  {Id=7e446ae0-066e-41f0-ac96-9a2a73f10335,FirstNumber=141,secondNumber=32}  written to file by thread pool-3-thread-3
 message  {Id=633c6a69-7c93-4892-986b-3f3507e039f7,FirstNumber=951,secondNumber=1894}  added by thread pool-3-thread-6
 message  {Id=633c6a69-7c93-4892-986b-3f3507e039f7,FirstNumber=951,secondNumber=1894}  written to file by thread pool-3-thread-3
 message  {Id=3e500a37-af6d-4220-a8ef-672171c8422b,FirstNumber=202,secondNumber=1704}  added by thread pool-3-thread-6
 message  {Id=3e500a37-af6d-4220-a8ef-672171c8422b,FirstNumber=202,secondNumber=1704}  written to file by thread pool-3-thread-3
 message  {Id=faba0c27-fc92-4991-a4fc-5de6dae992b9,FirstNumber=819,secondNumber=38}  added by thread pool-3-thread-6
 message  {Id=faba0c27-fc92-4991-a4fc-5de6dae992b9,FirstNumber=819,secondNumber=38}  written to file by thread pool-3-thread-1
 message  {Id=510268fd-9a67-4be3-b0c4-4eff6c464466,FirstNumber=488,secondNumber=1260}  added by thread pool-3-thread-6
 message  {Id=510268fd-9a67-4be3-b0c4-4eff6c464466,FirstNumber=488,secondNumber=1260}  written to file by thread pool-3-thread-1
 message  {Id=c6535bee-de9b-47f4-8c32-82d62e3a99ff,FirstNumber=273,secondNumber=1309}  added by thread pool-3-thread-6
 message  {Id=c6535bee-de9b-47f4-8c32-82d62e3a99ff,FirstNumber=273,secondNumber=1309}  written to file by thread pool-3-thread-5
 message  {Id=fbed5d46-e3ec-49f8-b33e-8d08384372be,FirstNumber=213,secondNumber=134}  added by thread pool-3-thread-6
 message  {Id=9a599e8d-83a7-4083-9018-c64fc6baf9ed,FirstNumber=501,secondNumber=1535}  added by thread pool-3-thread-6
 message  {Id=fbed5d46-e3ec-49f8-b33e-8d08384372be,FirstNumber=213,secondNumber=134}  written to file by thread pool-3-thread-4
 message  {Id=9a599e8d-83a7-4083-9018-c64fc6baf9ed,FirstNumber=501,secondNumber=1535}  written to file by thread pool-3-thread-3
 message  {Id=a14ff778-a297-4b80-938d-66afcefa7a31,FirstNumber=986,secondNumber=52}  added by thread pool-3-thread-6
 message  {Id=a14ff778-a297-4b80-938d-66afcefa7a31,FirstNumber=986,secondNumber=52}  written to file by thread pool-3-thread-3
 message  {Id=2a9e26ee-7e4c-4093-8e8e-9d8c192c8603,FirstNumber=940,secondNumber=1319}  added by thread pool-3-thread-6
 message  {Id=2a9e26ee-7e4c-4093-8e8e-9d8c192c8603,FirstNumber=940,secondNumber=1319}  written to file by thread pool-3-thread-1
 message  {Id=8802fa9c-df13-4972-b92b-0285c6b978c1,FirstNumber=35,secondNumber=431}  added by thread pool-3-thread-6
 message  {Id=8802fa9c-df13-4972-b92b-0285c6b978c1,FirstNumber=35,secondNumber=431}  written to file by thread pool-3-thread-1
 message  {Id=352199f4-ce58-48af-9687-a97c578b930f,FirstNumber=63,secondNumber=1546}  added by thread pool-3-thread-6
 message  {Id=352199f4-ce58-48af-9687-a97c578b930f,FirstNumber=63,secondNumber=1546}  written to file by thread pool-3-thread-4
 message  {Id=cd745e41-a647-4eb4-8d64-46379f0bd4b4,FirstNumber=706,secondNumber=927}  added by thread pool-3-thread-6
 message  {Id=cd745e41-a647-4eb4-8d64-46379f0bd4b4,FirstNumber=706,secondNumber=927}  written to file by thread pool-3-thread-4
 message  {Id=773efb7c-3eb4-4a5f-864c-15dd0fb9b1fa,FirstNumber=775,secondNumber=1098}  added by thread pool-3-thread-6
 message  {Id=773efb7c-3eb4-4a5f-864c-15dd0fb9b1fa,FirstNumber=775,secondNumber=1098}  written to file by thread pool-3-thread-3
 message  {Id=3b9d50a2-8d56-43ac-a7f6-2e87a7d9f0a0,FirstNumber=139,secondNumber=41}  added by thread pool-3-thread-6
 message  {Id=3b9d50a2-8d56-43ac-a7f6-2e87a7d9f0a0,FirstNumber=139,secondNumber=41}  written to file by thread pool-3-thread-5
 message  {Id=36bd8432-b397-452e-b73c-235ba8bc93c4,FirstNumber=242,secondNumber=2}  added by thread pool-3-thread-6
 message  {Id=36bd8432-b397-452e-b73c-235ba8bc93c4,FirstNumber=242,secondNumber=2}  written to file by thread pool-3-thread-1
 message  {Id=1424879b-5891-476c-b1d5-d27cf4001b01,FirstNumber=537,secondNumber=1093}  added by thread pool-3-thread-6
 message  {Id=1424879b-5891-476c-b1d5-d27cf4001b01,FirstNumber=537,secondNumber=1093}  written to file by thread pool-3-thread-1
 message  {Id=e406ceae-4863-43ba-b5b8-353cb69fd511,FirstNumber=996,secondNumber=1988}  added by thread pool-3-thread-6
 message  {Id=e406ceae-4863-43ba-b5b8-353cb69fd511,FirstNumber=996,secondNumber=1988}  written to file by thread pool-3-thread-1
 message  {Id=32b59590-e91b-43d0-9fa5-41498c874ae9,FirstNumber=967,secondNumber=172}  added by thread pool-3-thread-6
 message  {Id=32b59590-e91b-43d0-9fa5-41498c874ae9,FirstNumber=967,secondNumber=172}  written to file by thread pool-3-thread-3
 message  {Id=6eb4b1fd-7111-4a65-873e-9581a65295fd,FirstNumber=752,secondNumber=90}  added by thread pool-3-thread-6
 message  {Id=6eb4b1fd-7111-4a65-873e-9581a65295fd,FirstNumber=752,secondNumber=90}  written to file by thread pool-3-thread-5
 message  {Id=2556d3f3-065d-4991-8ef7-e62b18fa2456,FirstNumber=493,secondNumber=766}  added by thread pool-3-thread-6
 message  {Id=2556d3f3-065d-4991-8ef7-e62b18fa2456,FirstNumber=493,secondNumber=766}  written to file by thread pool-3-thread-2
 message  {Id=db2cc78a-dd1c-43bb-befe-b5626280caa7,FirstNumber=687,secondNumber=1711}  added by thread pool-3-thread-6
 message  {Id=db2cc78a-dd1c-43bb-befe-b5626280caa7,FirstNumber=687,secondNumber=1711}  written to file by thread pool-3-thread-2
 message  {Id=72491fb3-019f-4e62-a5e4-c05275ba7708,FirstNumber=82,secondNumber=488}  added by thread pool-3-thread-6
 message  {Id=72491fb3-019f-4e62-a5e4-c05275ba7708,FirstNumber=82,secondNumber=488}  written to file by thread pool-3-thread-1
 message  {Id=144dfc3d-7267-4280-95f7-af604a712a24,FirstNumber=611,secondNumber=1205}  added by thread pool-3-thread-6
 message  {Id=144dfc3d-7267-4280-95f7-af604a712a24,FirstNumber=611,secondNumber=1205}  written to file by thread pool-3-thread-3
 message  {Id=0e36bed3-8c6f-46fc-99c6-21bd6d92adc3,FirstNumber=598,secondNumber=344}  added by thread pool-3-thread-6
 message  {Id=0e36bed3-8c6f-46fc-99c6-21bd6d92adc3,FirstNumber=598,secondNumber=344}  written to file by thread pool-3-thread-3
 message  {Id=59e9b5fa-1843-4612-9043-d6d1676d2caf,FirstNumber=713,secondNumber=1506}  added by thread pool-3-thread-6
 message  {Id=59e9b5fa-1843-4612-9043-d6d1676d2caf,FirstNumber=713,secondNumber=1506}  written to file by thread pool-3-thread-4
 message  {Id=4c84f916-94db-46a5-8faf-b9500ea8e057,FirstNumber=140,secondNumber=663}  added by thread pool-3-thread-6
 message  {Id=4c84f916-94db-46a5-8faf-b9500ea8e057,FirstNumber=140,secondNumber=663}  written to file by thread pool-3-thread-4
 message  {Id=7c074739-4d1d-4b1c-af80-4aa3443cbc97,FirstNumber=523,secondNumber=187}  added by thread pool-3-thread-6
 message  {Id=7c074739-4d1d-4b1c-af80-4aa3443cbc97,FirstNumber=523,secondNumber=187}  written to file by thread pool-3-thread-4
 message  {Id=769c1fb4-2de8-4306-8770-c6026e80ed1a,FirstNumber=56,secondNumber=1804}  added by thread pool-3-thread-6
 message  {Id=769c1fb4-2de8-4306-8770-c6026e80ed1a,FirstNumber=56,secondNumber=1804}  written to file by thread pool-3-thread-5
 message  {Id=66899f31-e2bd-4f21-95e8-04b97833e2a0,FirstNumber=75,secondNumber=833}  added by thread pool-3-thread-6
 message  {Id=66899f31-e2bd-4f21-95e8-04b97833e2a0,FirstNumber=75,secondNumber=833}  written to file by thread pool-3-thread-5
 message  {Id=8ac1dc45-4cc1-474c-b1d2-f01c332430c4,FirstNumber=910,secondNumber=1187}  added by thread pool-3-thread-6
 message  {Id=8ac1dc45-4cc1-474c-b1d2-f01c332430c4,FirstNumber=910,secondNumber=1187}  written to file by thread pool-3-thread-2
 message  {Id=0d32dfcc-19e8-4b2f-b4b4-4d1fd2f10079,FirstNumber=122,secondNumber=1250}  added by thread pool-3-thread-6
 message  {Id=0d32dfcc-19e8-4b2f-b4b4-4d1fd2f10079,FirstNumber=122,secondNumber=1250}  written to file by thread pool-3-thread-2
 message  {Id=87026f61-e28e-417e-b060-89062c7e96d2,FirstNumber=291,secondNumber=1928}  added by thread pool-3-thread-6
 message  {Id=87026f61-e28e-417e-b060-89062c7e96d2,FirstNumber=291,secondNumber=1928}  written to file by thread pool-3-thread-4
 message  {Id=837b1102-ea03-4199-bcf4-229895661ef6,FirstNumber=3,secondNumber=1716}  added by thread pool-3-thread-6
 message  {Id=837b1102-ea03-4199-bcf4-229895661ef6,FirstNumber=3,secondNumber=1716}  written to file by thread pool-3-thread-4
 message  {Id=8216ffed-147a-4fae-b34d-780d0f76cb5d,FirstNumber=387,secondNumber=241}  added by thread pool-3-thread-6
 message  {Id=8216ffed-147a-4fae-b34d-780d0f76cb5d,FirstNumber=387,secondNumber=241}  written to file by thread pool-3-thread-4
 message  {Id=32e57589-2dc0-46e9-bffa-8df417873de8,FirstNumber=410,secondNumber=1608}  added by thread pool-3-thread-6
 message  {Id=32e57589-2dc0-46e9-bffa-8df417873de8,FirstNumber=410,secondNumber=1608}  written to file by thread pool-3-thread-1
 message  {Id=3a7f669c-5add-4bb4-b59f-d1ad5e699599,FirstNumber=960,secondNumber=439}  added by thread pool-3-thread-6
 message  {Id=3a7f669c-5add-4bb4-b59f-d1ad5e699599,FirstNumber=960,secondNumber=439}  written to file by thread pool-3-thread-2
 message  {Id=1ee7058c-ba59-45dc-b494-243bec23e64e,FirstNumber=508,secondNumber=1698}  added by thread pool-3-thread-6
 message  {Id=1ee7058c-ba59-45dc-b494-243bec23e64e,FirstNumber=508,secondNumber=1698}  written to file by thread pool-3-thread-3
 message  {Id=b8b9997b-a75a-4500-b3d6-4bc9abfc4a52,FirstNumber=285,secondNumber=750}  added by thread pool-3-thread-6
 message  {Id=b8b9997b-a75a-4500-b3d6-4bc9abfc4a52,FirstNumber=285,secondNumber=750}  written to file by thread pool-3-thread-5
 message  {Id=03c310a9-ff13-4e99-ad3f-8a01a2230162,FirstNumber=689,secondNumber=1694}  added by thread pool-3-thread-6
 message  {Id=03c310a9-ff13-4e99-ad3f-8a01a2230162,FirstNumber=689,secondNumber=1694}  written to file by thread pool-3-thread-5
 message  {Id=f6bd7754-c9f1-4bd5-8554-43d11b47d66a,FirstNumber=663,secondNumber=314}  added by thread pool-3-thread-6
 message  {Id=f6bd7754-c9f1-4bd5-8554-43d11b47d66a,FirstNumber=663,secondNumber=314}  written to file by thread pool-3-thread-1
 message  {Id=a6db493d-93ab-4eea-a6cf-c5530b6a998b,FirstNumber=94,secondNumber=1769}  added by thread pool-3-thread-6
 message  {Id=a6db493d-93ab-4eea-a6cf-c5530b6a998b,FirstNumber=94,secondNumber=1769}  written to file by thread pool-3-thread-2
 message  {Id=92571afc-fd18-4add-8f8c-d3a70b55caec,FirstNumber=859,secondNumber=350}  added by thread pool-3-thread-6
 message  {Id=92571afc-fd18-4add-8f8c-d3a70b55caec,FirstNumber=859,secondNumber=350}  written to file by thread pool-3-thread-2
 message  {Id=a65ea9b2-4c80-41af-b72a-9880e2c8fb25,FirstNumber=597,secondNumber=687}  added by thread pool-3-thread-6
 message  {Id=a65ea9b2-4c80-41af-b72a-9880e2c8fb25,FirstNumber=597,secondNumber=687}  written to file by thread pool-3-thread-4
 message  {Id=6451cefa-50a3-4729-b073-5255d2926e17,FirstNumber=736,secondNumber=1077}  added by thread pool-3-thread-6
 message  {Id=6451cefa-50a3-4729-b073-5255d2926e17,FirstNumber=736,secondNumber=1077}  written to file by thread pool-3-thread-4
 message  {Id=a97e65c5-784a-4652-b406-96810cc6aa86,FirstNumber=831,secondNumber=1175}  added by thread pool-3-thread-6
 message  {Id=a97e65c5-784a-4652-b406-96810cc6aa86,FirstNumber=831,secondNumber=1175}  written to file by thread pool-3-thread-1
 message  {Id=29b262b2-79a2-4943-9336-9a5583e90294,FirstNumber=674,secondNumber=627}  added by thread pool-3-thread-6
 message  {Id=c833e124-5aa2-4212-9bd2-a46699a04ab7,FirstNumber=689,secondNumber=229}  added by thread pool-3-thread-6
 message  {Id=29b262b2-79a2-4943-9336-9a5583e90294,FirstNumber=674,secondNumber=627}  written to file by thread pool-3-thread-3
 message  {Id=c833e124-5aa2-4212-9bd2-a46699a04ab7,FirstNumber=689,secondNumber=229}  written to file by thread pool-3-thread-2
 message  {Id=69565cd3-b0d9-4e35-82f6-fcbc1916ad5b,FirstNumber=955,secondNumber=1579}  added by thread pool-3-thread-6
 message  {Id=69565cd3-b0d9-4e35-82f6-fcbc1916ad5b,FirstNumber=955,secondNumber=1579}  written to file by thread pool-3-thread-5
 message  {Id=3aa73c56-2065-43d9-b2b0-b9aa49255bee,FirstNumber=336,secondNumber=1138}  added by thread pool-3-thread-6
 message  {Id=3aa73c56-2065-43d9-b2b0-b9aa49255bee,FirstNumber=336,secondNumber=1138}  written to file by thread pool-3-thread-5
 message  {Id=253fa061-0ddc-4b8f-b910-b06b9c287a18,FirstNumber=758,secondNumber=1493}  added by thread pool-3-thread-6
 message  {Id=253fa061-0ddc-4b8f-b910-b06b9c287a18,FirstNumber=758,secondNumber=1493}  written to file by thread pool-3-thread-1
 message  {Id=a649ea0a-8079-4c7c-9c80-84b4a7438b62,FirstNumber=982,secondNumber=1817}  added by thread pool-3-thread-6
 message  {Id=134a3dfd-a818-43d5-843d-4e6b0fa21326,FirstNumber=37,secondNumber=512}  added by thread pool-3-thread-6
 message  {Id=a649ea0a-8079-4c7c-9c80-84b4a7438b62,FirstNumber=982,secondNumber=1817}  written to file by thread pool-3-thread-3
 message  {Id=134a3dfd-a818-43d5-843d-4e6b0fa21326,FirstNumber=37,secondNumber=512}  written to file by thread pool-3-thread-2
 message  {Id=14950538-bd71-4cd5-bbc8-a962b9579be8,FirstNumber=37,secondNumber=1778}  added by thread pool-3-thread-6
 message  {Id=14950538-bd71-4cd5-bbc8-a962b9579be8,FirstNumber=37,secondNumber=1778}  written to file by thread pool-3-thread-2
 message  {Id=5a437e93-b278-416a-8e52-3f67a0c97372,FirstNumber=921,secondNumber=1774}  added by thread pool-3-thread-6
 message  {Id=5a437e93-b278-416a-8e52-3f67a0c97372,FirstNumber=921,secondNumber=1774}  written to file by thread pool-3-thread-5
 message  {Id=8c824306-bbaa-40f4-948e-a4649334fd05,FirstNumber=392,secondNumber=1285}  added by thread pool-3-thread-6
 message  {Id=8c824306-bbaa-40f4-948e-a4649334fd05,FirstNumber=392,secondNumber=1285}  written to file by thread pool-3-thread-5
 message  {Id=42b039dc-503d-4c27-818c-b119b9e1f363,FirstNumber=146,secondNumber=1186}  added by thread pool-3-thread-6
 message  {Id=667b2daa-b134-42da-9deb-4a68c0d36e1b,FirstNumber=830,secondNumber=829}  added by thread pool-3-thread-6
 message  {Id=42b039dc-503d-4c27-818c-b119b9e1f363,FirstNumber=146,secondNumber=1186}  written to file by thread pool-3-thread-3
 message  {Id=667b2daa-b134-42da-9deb-4a68c0d36e1b,FirstNumber=830,secondNumber=829}  written to file by thread pool-3-thread-4
 message  {Id=df39834c-4085-41e3-b04f-90badcbde2eb,FirstNumber=441,secondNumber=1688}  added by thread pool-3-thread-6
 message  {Id=df39834c-4085-41e3-b04f-90badcbde2eb,FirstNumber=441,secondNumber=1688}  written to file by thread pool-3-thread-2
 message  {Id=237dc753-c247-4ded-8065-662fb9105d7c,FirstNumber=450,secondNumber=1021}  added by thread pool-3-thread-6
 message  {Id=237dc753-c247-4ded-8065-662fb9105d7c,FirstNumber=450,secondNumber=1021}  written to file by thread pool-3-thread-2
 message  {Id=aba3034c-86d6-469a-913e-ba3a01e17f94,FirstNumber=101,secondNumber=1680}  added by thread pool-3-thread-6
 message  {Id=aba3034c-86d6-469a-913e-ba3a01e17f94,FirstNumber=101,secondNumber=1680}  written to file by thread pool-3-thread-5
 message  {Id=d7d1f151-4367-43d0-82dd-8bf756fd2c15,FirstNumber=629,secondNumber=1311}  added by thread pool-3-thread-6
 message  {Id=d7d1f151-4367-43d0-82dd-8bf756fd2c15,FirstNumber=629,secondNumber=1311}  written to file by thread pool-3-thread-5
 message  {Id=295370ae-d057-4c7a-8231-705375d89e7a,FirstNumber=599,secondNumber=1897}  added by thread pool-3-thread-6
 message  {Id=295370ae-d057-4c7a-8231-705375d89e7a,FirstNumber=599,secondNumber=1897}  written to file by thread pool-3-thread-4
 message  {Id=3256ede6-bf6a-411c-993b-5fbb0e4e8a91,FirstNumber=727,secondNumber=887}  added by thread pool-3-thread-6
 message  {Id=3256ede6-bf6a-411c-993b-5fbb0e4e8a91,FirstNumber=727,secondNumber=887}  written to file by thread pool-3-thread-4
 message  {Id=9a2d6f29-9295-4761-8520-a343b7a0c6c7,FirstNumber=743,secondNumber=465}  added by thread pool-3-thread-6
 message  {Id=9a2d6f29-9295-4761-8520-a343b7a0c6c7,FirstNumber=743,secondNumber=465}  written to file by thread pool-3-thread-2
 message  {Id=c56a4f59-bd5f-4ada-84fd-c151c8ebfb65,FirstNumber=97,secondNumber=647}  added by thread pool-3-thread-6
 message  {Id=c56a4f59-bd5f-4ada-84fd-c151c8ebfb65,FirstNumber=97,secondNumber=647}  written to file by thread pool-3-thread-2
 message  {Id=4f9ddfd8-3f39-4ac7-9f94-94101535c513,FirstNumber=598,secondNumber=1463}  added by thread pool-3-thread-6
 message  {Id=c87a3bc0-2476-474c-a70e-eef21921a68f,FirstNumber=865,secondNumber=1261}  added by thread pool-3-thread-6
 message  {Id=4f9ddfd8-3f39-4ac7-9f94-94101535c513,FirstNumber=598,secondNumber=1463}  written to file by thread pool-3-thread-5
 message  {Id=c87a3bc0-2476-474c-a70e-eef21921a68f,FirstNumber=865,secondNumber=1261}  written to file by thread pool-3-thread-1
 message  {Id=e6faf311-848e-4ee5-bfb5-6f50cd93eb8a,FirstNumber=367,secondNumber=812}  added by thread pool-3-thread-6
 message  {Id=e6faf311-848e-4ee5-bfb5-6f50cd93eb8a,FirstNumber=367,secondNumber=812}  written to file by thread pool-3-thread-4
 message  {Id=d049dc70-bf32-4e76-adfb-f2ca3f2d655e,FirstNumber=316,secondNumber=564}  added by thread pool-3-thread-6
 message  {Id=d049dc70-bf32-4e76-adfb-f2ca3f2d655e,FirstNumber=316,secondNumber=564}  written to file by thread pool-3-thread-4
 message  {Id=3216b238-d415-40df-b33c-f2d41a76745e,FirstNumber=631,secondNumber=1143}  added by thread pool-3-thread-6
 message  {Id=3216b238-d415-40df-b33c-f2d41a76745e,FirstNumber=631,secondNumber=1143}  written to file by thread pool-3-thread-4
 message  {Id=a62ecca1-be7d-4e3d-8996-664fc86dac4c,FirstNumber=480,secondNumber=316}  added by thread pool-3-thread-6
 message  {Id=a62ecca1-be7d-4e3d-8996-664fc86dac4c,FirstNumber=480,secondNumber=316}  written to file by thread pool-3-thread-5
 message  {Id=b2d853d2-de7b-491d-b611-57dfc229739d,FirstNumber=735,secondNumber=77}  added by thread pool-3-thread-6
 message  {Id=b2d853d2-de7b-491d-b611-57dfc229739d,FirstNumber=735,secondNumber=77}  written to file by thread pool-3-thread-5
 message  {Id=f30596d8-2b60-48b0-9663-2844969588de,FirstNumber=185,secondNumber=772}  added by thread pool-3-thread-6
 message  {Id=f30596d8-2b60-48b0-9663-2844969588de,FirstNumber=185,secondNumber=772}  written to file by thread pool-3-thread-3
 message  {Id=c7ad7bbc-feef-46c7-92c5-8c4d775c7fd9,FirstNumber=394,secondNumber=905}  added by thread pool-3-thread-6
 message  {Id=c7ad7bbc-feef-46c7-92c5-8c4d775c7fd9,FirstNumber=394,secondNumber=905}  written to file by thread pool-3-thread-3
 message  {Id=d93f9c53-9b05-40d3-859d-46ebcca5dc56,FirstNumber=668,secondNumber=1948}  added by thread pool-3-thread-6
 message  {Id=d93f9c53-9b05-40d3-859d-46ebcca5dc56,FirstNumber=668,secondNumber=1948}  written to file by thread pool-3-thread-3
 message  {Id=e1a7a05e-34b7-425a-86bb-3f9668ce22b7,FirstNumber=874,secondNumber=838}  added by thread pool-3-thread-6
 message  {Id=e1a7a05e-34b7-425a-86bb-3f9668ce22b7,FirstNumber=874,secondNumber=838}  written to file by thread pool-3-thread-3
 message  {Id=dbc4da7f-2e3f-40d4-8ddc-e9d7b490bb23,FirstNumber=157,secondNumber=825}  added by thread pool-3-thread-6
 message  {Id=dbc4da7f-2e3f-40d4-8ddc-e9d7b490bb23,FirstNumber=157,secondNumber=825}  written to file by thread pool-3-thread-3
 message  {Id=22bf7f1c-da7f-4f13-b8fb-119ed19abd42,FirstNumber=97,secondNumber=656}  added by thread pool-3-thread-6
 message  {Id=22bf7f1c-da7f-4f13-b8fb-119ed19abd42,FirstNumber=97,secondNumber=656}  written to file by thread pool-3-thread-3
 message  {Id=6caf3115-0754-41ad-9852-ed12ce1c79b1,FirstNumber=546,secondNumber=1217}  added by thread pool-3-thread-6
 message  {Id=6caf3115-0754-41ad-9852-ed12ce1c79b1,FirstNumber=546,secondNumber=1217}  written to file by thread pool-3-thread-4
 message  {Id=756ddf32-bc26-4cee-ad85-c9a8aaf67598,FirstNumber=522,secondNumber=256}  added by thread pool-3-thread-6
 message  {Id=756ddf32-bc26-4cee-ad85-c9a8aaf67598,FirstNumber=522,secondNumber=256}  written to file by thread pool-3-thread-1
 message  {Id=3e20cdad-0e80-417f-bec6-6a1b9a5fb56f,FirstNumber=925,secondNumber=1427}  added by thread pool-3-thread-6
 message  {Id=3e20cdad-0e80-417f-bec6-6a1b9a5fb56f,FirstNumber=925,secondNumber=1427}  written to file by thread pool-3-thread-5
 message  {Id=0920e8bb-04bf-482e-b22d-7254adc37cd9,FirstNumber=610,secondNumber=1752}  added by thread pool-3-thread-6
 message  {Id=0920e8bb-04bf-482e-b22d-7254adc37cd9,FirstNumber=610,secondNumber=1752}  written to file by thread pool-3-thread-5
 message  {Id=e58b14fa-8a96-4b4a-b6dc-0b3ff235a128,FirstNumber=712,secondNumber=370}  added by thread pool-3-thread-6
 message  {Id=e58b14fa-8a96-4b4a-b6dc-0b3ff235a128,FirstNumber=712,secondNumber=370}  written to file by thread pool-3-thread-5
 message  {Id=8cf35989-3a71-4cab-8a46-0ca86f92e1ba,FirstNumber=385,secondNumber=1121}  added by thread pool-3-thread-6
 message  {Id=8cf35989-3a71-4cab-8a46-0ca86f92e1ba,FirstNumber=385,secondNumber=1121}  written to file by thread pool-3-thread-5
 message  {Id=2460c6d0-161d-46a6-9fc6-59cd7a298845,FirstNumber=935,secondNumber=568}  added by thread pool-3-thread-6
 message  {Id=2460c6d0-161d-46a6-9fc6-59cd7a298845,FirstNumber=935,secondNumber=568}  written to file by thread pool-3-thread-1
 message  {Id=428a1bc5-5d8f-4eca-b491-f3e91cf520f6,FirstNumber=347,secondNumber=1448}  added by thread pool-3-thread-6
 message  {Id=428a1bc5-5d8f-4eca-b491-f3e91cf520f6,FirstNumber=347,secondNumber=1448}  written to file by thread pool-3-thread-2
 message  {Id=4152b282-f279-4961-a8d3-2ecfc028b72d,FirstNumber=8,secondNumber=856}  added by thread pool-3-thread-6
 message  {Id=4152b282-f279-4961-a8d3-2ecfc028b72d,FirstNumber=8,secondNumber=856}  written to file by thread pool-3-thread-3
 message  {Id=329167df-8431-4cee-bf64-33d3cdc59197,FirstNumber=973,secondNumber=281}  added by thread pool-3-thread-6
 message  {Id=329167df-8431-4cee-bf64-33d3cdc59197,FirstNumber=973,secondNumber=281}  written to file by thread pool-3-thread-3
 message  {Id=8ce3d7f8-75c1-4acc-89e4-1e8dc84755c5,FirstNumber=27,secondNumber=884}  added by thread pool-3-thread-6
 message  {Id=8ce3d7f8-75c1-4acc-89e4-1e8dc84755c5,FirstNumber=27,secondNumber=884}  written to file by thread pool-3-thread-5
 message  {Id=48a183ca-8cf2-4c3a-98e9-e95b992160de,FirstNumber=984,secondNumber=1007}  added by thread pool-3-thread-6
 message  {Id=48a183ca-8cf2-4c3a-98e9-e95b992160de,FirstNumber=984,secondNumber=1007}  written to file by thread pool-3-thread-5
 message  {Id=af162f2d-b0d5-4c83-89a3-8d28c2ba612f,FirstNumber=340,secondNumber=478}  added by thread pool-3-thread-6
 message  {Id=af162f2d-b0d5-4c83-89a3-8d28c2ba612f,FirstNumber=340,secondNumber=478}  written to file by thread pool-3-thread-2
 message  {Id=643f30cc-c3a1-44d3-9e60-4b37c1bf606a,FirstNumber=293,secondNumber=1648}  added by thread pool-3-thread-6
 message  {Id=643f30cc-c3a1-44d3-9e60-4b37c1bf606a,FirstNumber=293,secondNumber=1648}  written to file by thread pool-3-thread-2
 message  {Id=f6f99e43-e8f0-49f4-af30-b671d695f84d,FirstNumber=472,secondNumber=938}  added by thread pool-3-thread-6
 message  {Id=f6f99e43-e8f0-49f4-af30-b671d695f84d,FirstNumber=472,secondNumber=938}  written to file by thread pool-3-thread-3
 message  {Id=1a045179-0cd0-49a2-aebc-a4f854c25b34,FirstNumber=971,secondNumber=1747}  added by thread pool-3-thread-6
 message  {Id=1a045179-0cd0-49a2-aebc-a4f854c25b34,FirstNumber=971,secondNumber=1747}  written to file by thread pool-3-thread-3
 message  {Id=6850fe21-e8c7-4ee9-9043-b4331ffd6130,FirstNumber=581,secondNumber=1166}  added by thread pool-3-thread-6
 message  {Id=6850fe21-e8c7-4ee9-9043-b4331ffd6130,FirstNumber=581,secondNumber=1166}  written to file by thread pool-3-thread-5
 message  {Id=1d5bc674-24b5-4202-a582-5bbaead279e9,FirstNumber=527,secondNumber=1118}  added by thread pool-3-thread-6
 message  {Id=7f9d46c8-9706-4dd1-8c34-4efa3e25d321,FirstNumber=569,secondNumber=1872}  added by thread pool-3-thread-6
 message  {Id=1d5bc674-24b5-4202-a582-5bbaead279e9,FirstNumber=527,secondNumber=1118}  written to file by thread pool-3-thread-4
 message  {Id=7f9d46c8-9706-4dd1-8c34-4efa3e25d321,FirstNumber=569,secondNumber=1872}  written to file by thread pool-3-thread-2
 message  {Id=24025893-4c6a-48ae-9309-cdf5f9b2f822,FirstNumber=748,secondNumber=1084}  added by thread pool-3-thread-6
 message  {Id=24025893-4c6a-48ae-9309-cdf5f9b2f822,FirstNumber=748,secondNumber=1084}  written to file by thread pool-3-thread-2
 message  {Id=4f470b31-0706-4e76-9176-4ff02d0a63ae,FirstNumber=656,secondNumber=31}  added by thread pool-3-thread-6
 message  {Id=4f470b31-0706-4e76-9176-4ff02d0a63ae,FirstNumber=656,secondNumber=31}  written to file by thread pool-3-thread-3
 message  {Id=596b9c7f-3381-461b-b793-a72f7722ea60,FirstNumber=47,secondNumber=306}  added by thread pool-3-thread-6
 message  {Id=dc5d70ab-260b-4201-9411-1f681a6ad51d,FirstNumber=551,secondNumber=1893}  added by thread pool-3-thread-6
 message  {Id=596b9c7f-3381-461b-b793-a72f7722ea60,FirstNumber=47,secondNumber=306}  written to file by thread pool-3-thread-5
 message  {Id=dc5d70ab-260b-4201-9411-1f681a6ad51d,FirstNumber=551,secondNumber=1893}  written to file by thread pool-3-thread-4
 message  {Id=f978ff5d-ec0f-4ffb-bf84-c2dde948f7d0,FirstNumber=474,secondNumber=1804}  added by thread pool-3-thread-6
 message  {Id=f978ff5d-ec0f-4ffb-bf84-c2dde948f7d0,FirstNumber=474,secondNumber=1804}  written to file by thread pool-3-thread-4
 message  {Id=a4ca84c7-e39b-4f32-a910-7e320a333100,FirstNumber=484,secondNumber=5}  added by thread pool-3-thread-6
 message  {Id=a4ca84c7-e39b-4f32-a910-7e320a333100,FirstNumber=484,secondNumber=5}  written to file by thread pool-3-thread-2
 message  {Id=07c819e8-b9cc-4a2e-8b54-82cc15189695,FirstNumber=752,secondNumber=475}  added by thread pool-3-thread-6
 message  {Id=46e5cf52-2d30-4d60-ac83-b144fc8c948b,FirstNumber=396,secondNumber=1660}  added by thread pool-3-thread-6
 message  {Id=07c819e8-b9cc-4a2e-8b54-82cc15189695,FirstNumber=752,secondNumber=475}  written to file by thread pool-3-thread-3
 message  {Id=46e5cf52-2d30-4d60-ac83-b144fc8c948b,FirstNumber=396,secondNumber=1660}  written to file by thread pool-3-thread-5
 message  {Id=7f905477-dd5e-4fbe-aaca-ff770901b905,FirstNumber=414,secondNumber=1614}  added by thread pool-3-thread-6
 message  {Id=f9800c76-0f8f-4d91-95a4-e2fe0bf86d15,FirstNumber=243,secondNumber=1465}  added by thread pool-3-thread-6
 message  {Id=7f905477-dd5e-4fbe-aaca-ff770901b905,FirstNumber=414,secondNumber=1614}  written to file by thread pool-3-thread-1
 message  {Id=f9800c76-0f8f-4d91-95a4-e2fe0bf86d15,FirstNumber=243,secondNumber=1465}  written to file by thread pool-3-thread-4
 message  {Id=733a3943-499d-4051-8a39-6cdb2f3f996a,FirstNumber=15,secondNumber=456}  added by thread pool-3-thread-6
 message  {Id=733a3943-499d-4051-8a39-6cdb2f3f996a,FirstNumber=15,secondNumber=456}  written to file by thread pool-3-thread-2
 message  {Id=c4062cc5-16f2-482a-a4dd-c2bdf846b321,FirstNumber=214,secondNumber=1358}  added by thread pool-3-thread-6
 message  {Id=c4062cc5-16f2-482a-a4dd-c2bdf846b321,FirstNumber=214,secondNumber=1358}  written to file by thread pool-3-thread-2
 message  {Id=ef309825-06ec-4565-8cd1-a0df483ce502,FirstNumber=284,secondNumber=1879}  added by thread pool-3-thread-6
 message  {Id=ef309825-06ec-4565-8cd1-a0df483ce502,FirstNumber=284,secondNumber=1879}  written to file by thread pool-3-thread-5
 message  {Id=4602026e-0511-456b-8f48-6bb62ff46f49,FirstNumber=522,secondNumber=1812}  added by thread pool-3-thread-6
 message  {Id=4602026e-0511-456b-8f48-6bb62ff46f49,FirstNumber=522,secondNumber=1812}  written to file by thread pool-3-thread-1
 message  {Id=bc2a6d2f-8f25-424e-b47e-d7d35d6a0021,FirstNumber=788,secondNumber=247}  added by thread pool-3-thread-6
 message  {Id=bc2a6d2f-8f25-424e-b47e-d7d35d6a0021,FirstNumber=788,secondNumber=247}  written to file by thread pool-3-thread-1
 message  {Id=0a62b229-56d8-48bd-99bd-bcfe50c5da4d,FirstNumber=39,secondNumber=412}  added by thread pool-3-thread-6
 message  {Id=0a62b229-56d8-48bd-99bd-bcfe50c5da4d,FirstNumber=39,secondNumber=412}  written to file by thread pool-3-thread-3
 message  {Id=e41ea05b-807e-4eae-b69a-4fe3e90717c7,FirstNumber=21,secondNumber=984}  added by thread pool-3-thread-6
 message  {Id=e41ea05b-807e-4eae-b69a-4fe3e90717c7,FirstNumber=21,secondNumber=984}  written to file by thread pool-3-thread-3
 message  {Id=a284d5a9-d004-44f3-88ff-5bf36e1618a4,FirstNumber=163,secondNumber=759}  added by thread pool-3-thread-6
 message  {Id=a284d5a9-d004-44f3-88ff-5bf36e1618a4,FirstNumber=163,secondNumber=759}  written to file by thread pool-3-thread-5
 message  {Id=5d6d1bcd-6f26-4446-9004-8a300ae90167,FirstNumber=44,secondNumber=197}  added by thread pool-3-thread-6
 message  {Id=5d6d1bcd-6f26-4446-9004-8a300ae90167,FirstNumber=44,secondNumber=197}  written to file by thread pool-3-thread-5
 message  {Id=e77c4cd3-e884-4244-adba-b84b9bf7431a,FirstNumber=820,secondNumber=257}  added by thread pool-3-thread-6
 message  {Id=e77c4cd3-e884-4244-adba-b84b9bf7431a,FirstNumber=820,secondNumber=257}  written to file by thread pool-3-thread-5
 message  {Id=0e60a9de-4358-4866-b3ad-56704f91b366,FirstNumber=618,secondNumber=1189}  added by thread pool-3-thread-6
 message  {Id=0e60a9de-4358-4866-b3ad-56704f91b366,FirstNumber=618,secondNumber=1189}  written to file by thread pool-3-thread-2
 message  {Id=f46d6f68-e40a-4d57-b655-87c1a892103f,FirstNumber=911,secondNumber=472}  added by thread pool-3-thread-6
 message  {Id=f46d6f68-e40a-4d57-b655-87c1a892103f,FirstNumber=911,secondNumber=472}  written to file by thread pool-3-thread-2
 message  {Id=1d4c0c74-7933-4048-860f-fd983012010c,FirstNumber=48,secondNumber=1968}  added by thread pool-3-thread-6
 message  {Id=1d4c0c74-7933-4048-860f-fd983012010c,FirstNumber=48,secondNumber=1968}  written to file by thread pool-3-thread-4
 message  {Id=666fe3bf-165a-4040-96c6-6d26fcae0722,FirstNumber=592,secondNumber=1311}  added by thread pool-3-thread-6
 message  {Id=666fe3bf-165a-4040-96c6-6d26fcae0722,FirstNumber=592,secondNumber=1311}  written to file by thread pool-3-thread-4
 message  {Id=ce985fd7-052b-4093-b6b6-a3acf5f9be82,FirstNumber=128,secondNumber=1948}  added by thread pool-3-thread-6
 message  {Id=ce985fd7-052b-4093-b6b6-a3acf5f9be82,FirstNumber=128,secondNumber=1948}  written to file by thread pool-3-thread-5
 message  {Id=9a941701-08d6-4710-b1f0-c54d2fcc4c79,FirstNumber=65,secondNumber=1527}  added by thread pool-3-thread-6
 message  {Id=9a941701-08d6-4710-b1f0-c54d2fcc4c79,FirstNumber=65,secondNumber=1527}  written to file by thread pool-3-thread-5
 message  {Id=1ede11ad-795f-43ad-b401-d9afccc94ff9,FirstNumber=574,secondNumber=1353}  added by thread pool-3-thread-6
 message  {Id=1ede11ad-795f-43ad-b401-d9afccc94ff9,FirstNumber=574,secondNumber=1353}  written to file by thread pool-3-thread-5
 message  {Id=be88a607-7843-43ec-bd9f-6883abf75b00,FirstNumber=406,secondNumber=1933}  added by thread pool-3-thread-6
 message  {Id=be88a607-7843-43ec-bd9f-6883abf75b00,FirstNumber=406,secondNumber=1933}  written to file by thread pool-3-thread-1
 message  {Id=385c8bd9-ee68-45b1-9657-95f8b45ab547,FirstNumber=615,secondNumber=1693}  added by thread pool-3-thread-6
 message  {Id=26945dda-5680-4200-a020-61882f5b4e1b,FirstNumber=364,secondNumber=571}  added by thread pool-3-thread-6
 message  {Id=385c8bd9-ee68-45b1-9657-95f8b45ab547,FirstNumber=615,secondNumber=1693}  written to file by thread pool-3-thread-4
 message  {Id=26945dda-5680-4200-a020-61882f5b4e1b,FirstNumber=364,secondNumber=571}  written to file by thread pool-3-thread-3
 message  {Id=f5897113-c8b6-40a4-91d3-5b172db731d7,FirstNumber=267,secondNumber=1387}  added by thread pool-3-thread-6
 message  {Id=f5897113-c8b6-40a4-91d3-5b172db731d7,FirstNumber=267,secondNumber=1387}  written to file by thread pool-3-thread-3
 message  {Id=946c6ef7-ce91-482b-9a56-8c0b24035277,FirstNumber=615,secondNumber=1130}  added by thread pool-3-thread-6
 message  {Id=946c6ef7-ce91-482b-9a56-8c0b24035277,FirstNumber=615,secondNumber=1130}  written to file by thread pool-3-thread-5
 message  {Id=f71af883-018c-4b3b-bf4e-0accaaf78456,FirstNumber=647,secondNumber=386}  added by thread pool-3-thread-6
 message  {Id=f71af883-018c-4b3b-bf4e-0accaaf78456,FirstNumber=647,secondNumber=386}  written to file by thread pool-3-thread-5
 message  {Id=4fef038c-2707-41dd-9c19-d9531843bc83,FirstNumber=993,secondNumber=1244}  added by thread pool-3-thread-6
 message  {Id=4fef038c-2707-41dd-9c19-d9531843bc83,FirstNumber=993,secondNumber=1244}  written to file by thread pool-3-thread-4
 message  {Id=0a304b3d-a72c-47fc-9a20-a282a9330946,FirstNumber=678,secondNumber=1218}  added by thread pool-3-thread-6
 message  {Id=0a304b3d-a72c-47fc-9a20-a282a9330946,FirstNumber=678,secondNumber=1218}  written to file by thread pool-3-thread-4
 message  {Id=9475cbb5-0a0f-4145-85d1-64c1cd995a80,FirstNumber=732,secondNumber=240}  added by thread pool-3-thread-6
 message  {Id=9475cbb5-0a0f-4145-85d1-64c1cd995a80,FirstNumber=732,secondNumber=240}  written to file by thread pool-3-thread-3
 message  {Id=5e59932e-9937-4346-8855-19740d6acdbb,FirstNumber=617,secondNumber=1022}  added by thread pool-3-thread-6
 message  {Id=5e59932e-9937-4346-8855-19740d6acdbb,FirstNumber=617,secondNumber=1022}  written to file by thread pool-3-thread-3
 message  {Id=3a69cc98-4df7-4c39-b5f0-1805d12c4153,FirstNumber=234,secondNumber=759}  added by thread pool-3-thread-6
 message  {Id=3a69cc98-4df7-4c39-b5f0-1805d12c4153,FirstNumber=234,secondNumber=759}  written to file by thread pool-3-thread-5
 message  {Id=c46fb3d1-a693-4633-84ac-5f094e2b98b3,FirstNumber=701,secondNumber=1130}  added by thread pool-3-thread-6
 message  {Id=c46fb3d1-a693-4633-84ac-5f094e2b98b3,FirstNumber=701,secondNumber=1130}  written to file by thread pool-3-thread-5
 message  {Id=024bb12e-ea17-46e5-a705-ddcf232bd644,FirstNumber=667,secondNumber=896}  added by thread pool-3-thread-6
 message  {Id=024bb12e-ea17-46e5-a705-ddcf232bd644,FirstNumber=667,secondNumber=896}  written to file by thread pool-3-thread-5
 message  {Id=883665dd-4e8c-4688-ab5f-29698b3ad586,FirstNumber=194,secondNumber=1987}  added by thread pool-3-thread-6
 message  {Id=883665dd-4e8c-4688-ab5f-29698b3ad586,FirstNumber=194,secondNumber=1987}  written to file by thread pool-3-thread-1
 message  {Id=3b7e1f5d-2d93-4bed-b0cb-14703a324860,FirstNumber=822,secondNumber=1016}  added by thread pool-3-thread-6
 message  {Id=3b7e1f5d-2d93-4bed-b0cb-14703a324860,FirstNumber=822,secondNumber=1016}  written to file by thread pool-3-thread-1
 message  {Id=bbd29440-73e3-4b5a-af7f-34d2e94f87cb,FirstNumber=575,secondNumber=86}  added by thread pool-3-thread-6
 message  {Id=bbd29440-73e3-4b5a-af7f-34d2e94f87cb,FirstNumber=575,secondNumber=86}  written to file by thread pool-3-thread-2
 message  {Id=f6f68dc1-f65c-4398-88b5-1750243b7e89,FirstNumber=343,secondNumber=841}  added by thread pool-3-thread-6
 message  {Id=f6f68dc1-f65c-4398-88b5-1750243b7e89,FirstNumber=343,secondNumber=841}  written to file by thread pool-3-thread-2
 message  {Id=ed5de38f-6f12-4f0a-97ff-6646750f11c3,FirstNumber=872,secondNumber=221}  added by thread pool-3-thread-6
 message  {Id=ed5de38f-6f12-4f0a-97ff-6646750f11c3,FirstNumber=872,secondNumber=221}  written to file by thread pool-3-thread-5
 message  {Id=4e1a0010-65a0-4c27-b3e6-3f30f7e2e13a,FirstNumber=396,secondNumber=554}  added by thread pool-3-thread-6
 message  {Id=4e1a0010-65a0-4c27-b3e6-3f30f7e2e13a,FirstNumber=396,secondNumber=554}  written to file by thread pool-3-thread-5
 message  {Id=5fc7034b-35d0-4f2a-ab45-feee0b21d86e,FirstNumber=539,secondNumber=1208}  added by thread pool-3-thread-6
 message  {Id=5fc7034b-35d0-4f2a-ab45-feee0b21d86e,FirstNumber=539,secondNumber=1208}  written to file by thread pool-3-thread-5
 message  {Id=dd5fed9e-d5fb-4713-a0cf-21a677572122,FirstNumber=992,secondNumber=491}  added by thread pool-3-thread-6
 message  {Id=dd5fed9e-d5fb-4713-a0cf-21a677572122,FirstNumber=992,secondNumber=491}  written to file by thread pool-3-thread-4
 message  {Id=8b0adef9-348e-4df7-ac07-9df40c163863,FirstNumber=565,secondNumber=636}  added by thread pool-3-thread-6
 message  {Id=a5c245a7-2c67-4edd-88d6-12f23b653b2f,FirstNumber=421,secondNumber=778}  added by thread pool-3-thread-6
 message  {Id=8b0adef9-348e-4df7-ac07-9df40c163863,FirstNumber=565,secondNumber=636}  written to file by thread pool-3-thread-2
 message  {Id=a5c245a7-2c67-4edd-88d6-12f23b653b2f,FirstNumber=421,secondNumber=778}  written to file by thread pool-3-thread-3
 message  {Id=e301c7b9-b7bc-4c5d-b043-c61eb3ed513f,FirstNumber=849,secondNumber=429}  added by thread pool-3-thread-6
 message  {Id=e301c7b9-b7bc-4c5d-b043-c61eb3ed513f,FirstNumber=849,secondNumber=429}  written to file by thread pool-3-thread-3
 message  {Id=8c22720d-0493-4532-bbf8-8b1492456fae,FirstNumber=900,secondNumber=709}  added by thread pool-3-thread-6
 message  {Id=8c22720d-0493-4532-bbf8-8b1492456fae,FirstNumber=900,secondNumber=709}  written to file by thread pool-3-thread-5
 message  {Id=0c5a3ff4-2000-42dc-aa33-e14a74db6d09,FirstNumber=266,secondNumber=805}  added by thread pool-3-thread-6
 message  {Id=0c5a3ff4-2000-42dc-aa33-e14a74db6d09,FirstNumber=266,secondNumber=805}  written to file by thread pool-3-thread-4
 message  {Id=4b26fc5a-aeb6-4a97-8210-03fe27c0cadd,FirstNumber=909,secondNumber=1808}  added by thread pool-3-thread-6
 message  {Id=4b26fc5a-aeb6-4a97-8210-03fe27c0cadd,FirstNumber=909,secondNumber=1808}  written to file by thread pool-3-thread-2
 message  {Id=331abcb6-4e6c-4e80-87a3-7fb9409498fa,FirstNumber=87,secondNumber=1643}  added by thread pool-3-thread-6
 message  {Id=331abcb6-4e6c-4e80-87a3-7fb9409498fa,FirstNumber=87,secondNumber=1643}  written to file by thread pool-3-thread-2
 message  {Id=333e6ad7-de48-4a9c-a0b7-c4ff314644f0,FirstNumber=797,secondNumber=767}  added by thread pool-3-thread-6
 message  {Id=333e6ad7-de48-4a9c-a0b7-c4ff314644f0,FirstNumber=797,secondNumber=767}  written to file by thread pool-3-thread-2
 message  {Id=9d2c294c-7ff7-4ec4-bb35-faaeeb5381a5,FirstNumber=93,secondNumber=1349}  added by thread pool-3-thread-6
 message  {Id=9d2c294c-7ff7-4ec4-bb35-faaeeb5381a5,FirstNumber=93,secondNumber=1349}  written to file by thread pool-3-thread-5
 message  {Id=5fe11913-43bd-4a25-a8d8-6e99ab9db2f7,FirstNumber=725,secondNumber=1619}  added by thread pool-3-thread-6
 message  {Id=5fe11913-43bd-4a25-a8d8-6e99ab9db2f7,FirstNumber=725,secondNumber=1619}  written to file by thread pool-3-thread-5
 message  {Id=8dfee093-d9f1-4326-ab87-a69c01d0373b,FirstNumber=850,secondNumber=1075}  added by thread pool-3-thread-6
 message  {Id=1deb93b3-68b4-4fb0-b748-868c9ef135c2,FirstNumber=785,secondNumber=444}  added by thread pool-3-thread-6
 message  {Id=8dfee093-d9f1-4326-ab87-a69c01d0373b,FirstNumber=850,secondNumber=1075}  written to file by thread pool-3-thread-1
 message  {Id=1deb93b3-68b4-4fb0-b748-868c9ef135c2,FirstNumber=785,secondNumber=444}  written to file by thread pool-3-thread-3
 message  {Id=0c600f83-ad5c-4401-a28b-b955d772a617,FirstNumber=474,secondNumber=1375}  added by thread pool-3-thread-6
 message  {Id=0c600f83-ad5c-4401-a28b-b955d772a617,FirstNumber=474,secondNumber=1375}  written to file by thread pool-3-thread-3
 message  {Id=597df284-18b3-40b5-bb76-65c264b67964,FirstNumber=496,secondNumber=672}  added by thread pool-3-thread-6
 message  {Id=597df284-18b3-40b5-bb76-65c264b67964,FirstNumber=496,secondNumber=672}  written to file by thread pool-3-thread-3
 message  {Id=fb4a1703-0a2b-4391-9bae-ae15983896ba,FirstNumber=741,secondNumber=62}  added by thread pool-3-thread-6
 message  {Id=fb4a1703-0a2b-4391-9bae-ae15983896ba,FirstNumber=741,secondNumber=62}  written to file by thread pool-3-thread-5
 message  {Id=662fc60b-a9c7-4fd6-bbe3-7a4ca6d887f3,FirstNumber=831,secondNumber=827}  added by thread pool-3-thread-6
 message  {Id=662fc60b-a9c7-4fd6-bbe3-7a4ca6d887f3,FirstNumber=831,secondNumber=827}  written to file by thread pool-3-thread-1
 message  {Id=7d293363-6486-41aa-b534-d460291e9389,FirstNumber=712,secondNumber=86}  added by thread pool-3-thread-6
 message  {Id=7d293363-6486-41aa-b534-d460291e9389,FirstNumber=712,secondNumber=86}  written to file by thread pool-3-thread-1
 message  {Id=b2feb3fb-6fbf-4ed4-be95-acd20ed6c65b,FirstNumber=551,secondNumber=1142}  added by thread pool-3-thread-6
 message  {Id=b2feb3fb-6fbf-4ed4-be95-acd20ed6c65b,FirstNumber=551,secondNumber=1142}  written to file by thread pool-3-thread-4
 message  {Id=9d8d93c5-84d1-4cef-a9f7-37f3626015f8,FirstNumber=587,secondNumber=1408}  added by thread pool-3-thread-6
 message  {Id=9d8d93c5-84d1-4cef-a9f7-37f3626015f8,FirstNumber=587,secondNumber=1408}  written to file by thread pool-3-thread-3
 message  {Id=1e3a4bbb-7723-42b1-a3ef-a051d748e14b,FirstNumber=695,secondNumber=719}  added by thread pool-3-thread-6
 message  {Id=1e3a4bbb-7723-42b1-a3ef-a051d748e14b,FirstNumber=695,secondNumber=719}  written to file by thread pool-3-thread-5
 message  {Id=14ed291f-ac66-44e1-bf71-e557b6487ca0,FirstNumber=531,secondNumber=431}  added by thread pool-3-thread-6
 message  {Id=14ed291f-ac66-44e1-bf71-e557b6487ca0,FirstNumber=531,secondNumber=431}  written to file by thread pool-3-thread-5
 message  {Id=78d66f45-c2c9-4d5a-9c5c-db249a0e8580,FirstNumber=824,secondNumber=1934}  added by thread pool-3-thread-6
 message  {Id=78d66f45-c2c9-4d5a-9c5c-db249a0e8580,FirstNumber=824,secondNumber=1934}  written to file by thread pool-3-thread-5
 message  {Id=b3353c14-6748-45b3-a92f-ad11eddf859b,FirstNumber=763,secondNumber=843}  added by thread pool-3-thread-6
 message  {Id=b3353c14-6748-45b3-a92f-ad11eddf859b,FirstNumber=763,secondNumber=843}  written to file by thread pool-3-thread-4
 message  {Id=9e13522f-7ed5-472a-bbe6-1c1237fe819c,FirstNumber=16,secondNumber=1684}  added by thread pool-3-thread-6
 message  {Id=9e13522f-7ed5-472a-bbe6-1c1237fe819c,FirstNumber=16,secondNumber=1684}  written to file by thread pool-3-thread-4
 message  {Id=69d615e3-4ecb-40cc-b9c2-1488f974bbe9,FirstNumber=652,secondNumber=876}  added by thread pool-3-thread-6
 message  {Id=69d615e3-4ecb-40cc-b9c2-1488f974bbe9,FirstNumber=652,secondNumber=876}  written to file by thread pool-3-thread-2
 message  {Id=334fc9e1-0712-478e-9fb3-c8cc4b9d9023,FirstNumber=481,secondNumber=170}  added by thread pool-3-thread-6
 message  {Id=334fc9e1-0712-478e-9fb3-c8cc4b9d9023,FirstNumber=481,secondNumber=170}  written to file by thread pool-3-thread-2
 message  {Id=7452448f-3332-4a3a-80b7-0a890ce8276b,FirstNumber=339,secondNumber=1712}  added by thread pool-3-thread-6
 message  {Id=7452448f-3332-4a3a-80b7-0a890ce8276b,FirstNumber=339,secondNumber=1712}  written to file by thread pool-3-thread-5
 message  {Id=b7c5c12d-43df-4154-b69f-a28747d365f6,FirstNumber=909,secondNumber=890}  added by thread pool-3-thread-6
 message  {Id=b7c5c12d-43df-4154-b69f-a28747d365f6,FirstNumber=909,secondNumber=890}  written to file by thread pool-3-thread-5
 message  {Id=64fe54d9-f9d8-43ba-bd6a-bc3b24af65ef,FirstNumber=35,secondNumber=1611}  added by thread pool-3-thread-6
 message  {Id=64fe54d9-f9d8-43ba-bd6a-bc3b24af65ef,FirstNumber=35,secondNumber=1611}  written to file by thread pool-3-thread-5
 message  {Id=2741064d-fb8a-49ab-bb77-5ae4e3d983d1,FirstNumber=493,secondNumber=1014}  added by thread pool-3-thread-6
 message  {Id=2741064d-fb8a-49ab-bb77-5ae4e3d983d1,FirstNumber=493,secondNumber=1014}  written to file by thread pool-3-thread-1
 message  {Id=e703bada-f344-4da4-9cc2-6acd2b9e4016,FirstNumber=48,secondNumber=1835}  added by thread pool-3-thread-6
 message  {Id=3f36f13c-8b6f-471e-90aa-63e43fc9b93f,FirstNumber=405,secondNumber=208}  added by thread pool-3-thread-6
 message  {Id=e703bada-f344-4da4-9cc2-6acd2b9e4016,FirstNumber=48,secondNumber=1835}  written to file by thread pool-3-thread-2
 message  {Id=3f36f13c-8b6f-471e-90aa-63e43fc9b93f,FirstNumber=405,secondNumber=208}  written to file by thread pool-3-thread-3
 message  {Id=29be4023-c062-46ae-8d6c-cf05cca21e19,FirstNumber=77,secondNumber=239}  added by thread pool-3-thread-6
 message  {Id=29be4023-c062-46ae-8d6c-cf05cca21e19,FirstNumber=77,secondNumber=239}  written to file by thread pool-3-thread-3
 message  {Id=68187023-e45e-4dca-82c8-98c6d5fb3bdc,FirstNumber=283,secondNumber=568}  added by thread pool-3-thread-6
 message  {Id=68187023-e45e-4dca-82c8-98c6d5fb3bdc,FirstNumber=283,secondNumber=568}  written to file by thread pool-3-thread-5
 message  {Id=e9469169-fcaa-44ca-ab08-1770fb48ce05,FirstNumber=294,secondNumber=1699}  added by thread pool-3-thread-6
 message  {Id=e9469169-fcaa-44ca-ab08-1770fb48ce05,FirstNumber=294,secondNumber=1699}  written to file by thread pool-3-thread-5
 message  {Id=1adfa5b0-310a-4edf-8fe2-cc7b59d4dfa6,FirstNumber=635,secondNumber=1323}  added by thread pool-3-thread-6
 message  {Id=1adfa5b0-310a-4edf-8fe2-cc7b59d4dfa6,FirstNumber=635,secondNumber=1323}  written to file by thread pool-3-thread-2
 message  {Id=913d0dfd-21bc-4661-b98b-18dd45e4baf9,FirstNumber=718,secondNumber=589}  added by thread pool-3-thread-6
 message  {Id=913d0dfd-21bc-4661-b98b-18dd45e4baf9,FirstNumber=718,secondNumber=589}  written to file by thread pool-3-thread-2
 message  {Id=00f365c1-ef60-46b0-a7e4-999529f2daab,FirstNumber=903,secondNumber=935}  added by thread pool-3-thread-6
 message  {Id=00f365c1-ef60-46b0-a7e4-999529f2daab,FirstNumber=903,secondNumber=935}  written to file by thread pool-3-thread-3
 message  {Id=e0d306bd-513e-43a7-ad90-36b119e74c59,FirstNumber=526,secondNumber=549}  added by thread pool-3-thread-6
 message  {Id=e0d306bd-513e-43a7-ad90-36b119e74c59,FirstNumber=526,secondNumber=549}  written to file by thread pool-3-thread-3
 message  {Id=e648ced5-85b5-4e91-b19e-c69e875a1654,FirstNumber=11,secondNumber=1301}  added by thread pool-3-thread-6
 message  {Id=e648ced5-85b5-4e91-b19e-c69e875a1654,FirstNumber=11,secondNumber=1301}  written to file by thread pool-3-thread-5
 message  {Id=517f43db-344b-4de2-8c30-c842ebafe76a,FirstNumber=211,secondNumber=43}  added by thread pool-3-thread-6
 message  {Id=67100e28-dfd2-4c67-8fd6-e26466ebe928,FirstNumber=146,secondNumber=1751}  added by thread pool-3-thread-6
 message  {Id=517f43db-344b-4de2-8c30-c842ebafe76a,FirstNumber=211,secondNumber=43}  written to file by thread pool-3-thread-4
 message  {Id=67100e28-dfd2-4c67-8fd6-e26466ebe928,FirstNumber=146,secondNumber=1751}  written to file by thread pool-3-thread-2
 message  {Id=56afa421-ab56-46ba-aa4c-f4f9308a8d8b,FirstNumber=821,secondNumber=1417}  added by thread pool-3-thread-6
 message  {Id=56afa421-ab56-46ba-aa4c-f4f9308a8d8b,FirstNumber=821,secondNumber=1417}  written to file by thread pool-3-thread-1
 message  {Id=ded54df7-b5d2-4cf1-8113-71a48984cb5d,FirstNumber=552,secondNumber=353}  added by thread pool-3-thread-6
 message  {Id=ded54df7-b5d2-4cf1-8113-71a48984cb5d,FirstNumber=552,secondNumber=353}  written to file by thread pool-3-thread-3
 message  {Id=4be3b2df-4cfa-4974-99ea-4af55100a9b0,FirstNumber=815,secondNumber=422}  added by thread pool-3-thread-6
 message  {Id=4be3b2df-4cfa-4974-99ea-4af55100a9b0,FirstNumber=815,secondNumber=422}  written to file by thread pool-3-thread-3
 message  {Id=07fda158-78cf-493d-b889-f28f0600848a,FirstNumber=347,secondNumber=1577}  added by thread pool-3-thread-6
 message  {Id=07fda158-78cf-493d-b889-f28f0600848a,FirstNumber=347,secondNumber=1577}  written to file by thread pool-3-thread-3
 message  {Id=d0de6b99-d879-49b2-a404-892eeef931d3,FirstNumber=764,secondNumber=1214}  added by thread pool-3-thread-6
 message  {Id=d0de6b99-d879-49b2-a404-892eeef931d3,FirstNumber=764,secondNumber=1214}  written to file by thread pool-3-thread-2
 message  {Id=ed155561-ef3c-4f3c-b860-546b37cab377,FirstNumber=507,secondNumber=241}  added by thread pool-3-thread-6
 message  {Id=ed155561-ef3c-4f3c-b860-546b37cab377,FirstNumber=507,secondNumber=241}  written to file by thread pool-3-thread-1
 message  {Id=056ab3a8-55c5-4905-86b6-265b348cc124,FirstNumber=836,secondNumber=1240}  added by thread pool-3-thread-6
 message  {Id=056ab3a8-55c5-4905-86b6-265b348cc124,FirstNumber=836,secondNumber=1240}  written to file by thread pool-3-thread-5
 message  {Id=a0507d64-b5bc-4b1f-a091-88af1f1d3c13,FirstNumber=875,secondNumber=1669}  added by thread pool-3-thread-6
 message  {Id=a0507d64-b5bc-4b1f-a091-88af1f1d3c13,FirstNumber=875,secondNumber=1669}  written to file by thread pool-3-thread-5
 message  {Id=bb146234-cab5-40df-a37c-a68fdcffad4f,FirstNumber=243,secondNumber=669}  added by thread pool-3-thread-6
 message  {Id=f8a48e23-494a-4562-b3b2-698dc4b60005,FirstNumber=891,secondNumber=948}  added by thread pool-3-thread-6
 message  {Id=bb146234-cab5-40df-a37c-a68fdcffad4f,FirstNumber=243,secondNumber=669}  written to file by thread pool-3-thread-3
 message  {Id=f8a48e23-494a-4562-b3b2-698dc4b60005,FirstNumber=891,secondNumber=948}  written to file by thread pool-3-thread-2
 message  {Id=b44c0a0d-3063-45f0-a6b5-62fe1cd8f6aa,FirstNumber=709,secondNumber=171}  added by thread pool-3-thread-6
 message  {Id=b44c0a0d-3063-45f0-a6b5-62fe1cd8f6aa,FirstNumber=709,secondNumber=171}  written to file by thread pool-3-thread-1
 message  {Id=7e9eef90-c559-45a9-9935-d45f7ecb1372,FirstNumber=200,secondNumber=1210}  added by thread pool-3-thread-6
 message  {Id=7e9eef90-c559-45a9-9935-d45f7ecb1372,FirstNumber=200,secondNumber=1210}  written to file by thread pool-3-thread-1
 message  {Id=51440e47-a63a-4f51-8d62-0094169761ce,FirstNumber=648,secondNumber=643}  added by thread pool-3-thread-6
 message  {Id=51440e47-a63a-4f51-8d62-0094169761ce,FirstNumber=648,secondNumber=643}  written to file by thread pool-3-thread-5
 message  {Id=3015898b-2a15-4c68-b5c2-2abce545827e,FirstNumber=879,secondNumber=1568}  added by thread pool-3-thread-6
 message  {Id=3015898b-2a15-4c68-b5c2-2abce545827e,FirstNumber=879,secondNumber=1568}  written to file by thread pool-3-thread-5
 message  {Id=7ddd988e-9d0a-470e-af61-5b82ab93268f,FirstNumber=585,secondNumber=653}  added by thread pool-3-thread-6
 message  {Id=7ddd988e-9d0a-470e-af61-5b82ab93268f,FirstNumber=585,secondNumber=653}  written to file by thread pool-3-thread-2
 message  {Id=f334717c-b681-420a-b1ea-3a64fb5040a1,FirstNumber=921,secondNumber=1995}  added by thread pool-3-thread-6
 message  {Id=f334717c-b681-420a-b1ea-3a64fb5040a1,FirstNumber=921,secondNumber=1995}  written to file by thread pool-3-thread-2
 message  {Id=1079ddcf-04d1-4d3c-ba45-3d01c2b18add,FirstNumber=673,secondNumber=1918}  added by thread pool-3-thread-6
 message  {Id=1079ddcf-04d1-4d3c-ba45-3d01c2b18add,FirstNumber=673,secondNumber=1918}  written to file by thread pool-3-thread-1
 message  {Id=666f0a5f-f572-470b-aff1-3471d3ebd797,FirstNumber=322,secondNumber=1352}  added by thread pool-3-thread-6
 message  {Id=666f0a5f-f572-470b-aff1-3471d3ebd797,FirstNumber=322,secondNumber=1352}  written to file by thread pool-3-thread-1
 message  {Id=969540a1-5533-4e63-91a3-ca67911ce560,FirstNumber=133,secondNumber=569}  added by thread pool-3-thread-6
 message  {Id=969540a1-5533-4e63-91a3-ca67911ce560,FirstNumber=133,secondNumber=569}  written to file by thread pool-3-thread-5
 message  {Id=0e8ae06b-e8da-4ac5-a5ef-56af21411e1f,FirstNumber=891,secondNumber=4}  added by thread pool-3-thread-6
 message  {Id=0e8ae06b-e8da-4ac5-a5ef-56af21411e1f,FirstNumber=891,secondNumber=4}  written to file by thread pool-3-thread-4
 message  {Id=d7e4f116-3c4a-4e99-a576-035d68f8c652,FirstNumber=971,secondNumber=1216}  added by thread pool-3-thread-6
 message  {Id=d7e4f116-3c4a-4e99-a576-035d68f8c652,FirstNumber=971,secondNumber=1216}  written to file by thread pool-3-thread-2
 message  {Id=7e1389f7-b6de-45c7-89c0-7b301e841022,FirstNumber=725,secondNumber=1305}  added by thread pool-3-thread-6
 message  {Id=7e1389f7-b6de-45c7-89c0-7b301e841022,FirstNumber=725,secondNumber=1305}  written to file by thread pool-3-thread-2
 message  {Id=8740592c-1cbb-4b22-9b29-ff4f0101edad,FirstNumber=318,secondNumber=607}  added by thread pool-3-thread-6
 message  {Id=8740592c-1cbb-4b22-9b29-ff4f0101edad,FirstNumber=318,secondNumber=607}  written to file by thread pool-3-thread-1
 message  {Id=142db58f-30c1-4beb-b685-c8bb23a8397f,FirstNumber=620,secondNumber=24}  added by thread pool-3-thread-6
 message  {Id=142db58f-30c1-4beb-b685-c8bb23a8397f,FirstNumber=620,secondNumber=24}  written to file by thread pool-3-thread-1
 message  {Id=9e107121-9482-4d9b-9844-5ec25ca3d0a9,FirstNumber=411,secondNumber=803}  added by thread pool-3-thread-6
 message  {Id=9e107121-9482-4d9b-9844-5ec25ca3d0a9,FirstNumber=411,secondNumber=803}  written to file by thread pool-3-thread-4
 message  {Id=db5237f9-05d7-4524-b738-c3cddde7f2a5,FirstNumber=933,secondNumber=1797}  added by thread pool-3-thread-6
 message  {Id=db5237f9-05d7-4524-b738-c3cddde7f2a5,FirstNumber=933,secondNumber=1797}  written to file by thread pool-3-thread-4
 message  {Id=a4478591-c8f0-4b77-adb6-0042b5fae8a6,FirstNumber=239,secondNumber=298}  added by thread pool-3-thread-6
 message  {Id=a4478591-c8f0-4b77-adb6-0042b5fae8a6,FirstNumber=239,secondNumber=298}  written to file by thread pool-3-thread-2
 message  {Id=fd95d71f-94b0-499c-9f1d-d1f1987757b0,FirstNumber=739,secondNumber=1493}  added by thread pool-3-thread-6
 message  {Id=fd95d71f-94b0-499c-9f1d-d1f1987757b0,FirstNumber=739,secondNumber=1493}  written to file by thread pool-3-thread-2
 message  {Id=bd82bae5-4d7f-4b59-9286-c17835d2b377,FirstNumber=973,secondNumber=1493}  added by thread pool-3-thread-6
 message  {Id=bd82bae5-4d7f-4b59-9286-c17835d2b377,FirstNumber=973,secondNumber=1493}  written to file by thread pool-3-thread-1
 message  {Id=411f419e-0357-4e4b-8642-98bdbeaade83,FirstNumber=939,secondNumber=875}  added by thread pool-3-thread-6
 message  {Id=411f419e-0357-4e4b-8642-98bdbeaade83,FirstNumber=939,secondNumber=875}  written to file by thread pool-3-thread-3
 message  {Id=c8bed71b-6f7c-42d4-86b7-37304e26bda9,FirstNumber=855,secondNumber=171}  added by thread pool-3-thread-6
 message  {Id=c8bed71b-6f7c-42d4-86b7-37304e26bda9,FirstNumber=855,secondNumber=171}  written to file by thread pool-3-thread-4
 message  {Id=0d58984c-3210-42c6-83ba-aae50cc7d17e,FirstNumber=411,secondNumber=110}  added by thread pool-3-thread-6
 message  {Id=0d58984c-3210-42c6-83ba-aae50cc7d17e,FirstNumber=411,secondNumber=110}  written to file by thread pool-3-thread-4
 message  {Id=f507957d-0c99-490f-b56f-10382980c1ee,FirstNumber=348,secondNumber=12}  added by thread pool-3-thread-6
 message  {Id=f507957d-0c99-490f-b56f-10382980c1ee,FirstNumber=348,secondNumber=12}  written to file by thread pool-3-thread-2
 message  {Id=d7e95e2a-bb12-40fe-80e3-63b5c2cded30,FirstNumber=991,secondNumber=1724}  added by thread pool-3-thread-6
 message  {Id=d7e95e2a-bb12-40fe-80e3-63b5c2cded30,FirstNumber=991,secondNumber=1724}  written to file by thread pool-3-thread-2
 message  {Id=f45feca1-8250-4da9-ae21-27edbcb35b7e,FirstNumber=770,secondNumber=1276}  added by thread pool-3-thread-6
 message  {Id=f45feca1-8250-4da9-ae21-27edbcb35b7e,FirstNumber=770,secondNumber=1276}  written to file by thread pool-3-thread-3
 message  {Id=a8287a85-d697-4eb2-be5a-fe344b87ecf5,FirstNumber=542,secondNumber=1442}  added by thread pool-3-thread-6
 message  {Id=a8287a85-d697-4eb2-be5a-fe344b87ecf5,FirstNumber=542,secondNumber=1442}  written to file by thread pool-3-thread-5
 message  {Id=ec20cdab-ccff-4f96-828b-6267180a3104,FirstNumber=614,secondNumber=215}  added by thread pool-3-thread-6
 message  {Id=ec20cdab-ccff-4f96-828b-6267180a3104,FirstNumber=614,secondNumber=215}  written to file by thread pool-3-thread-4
 message  {Id=ac0410e7-ab79-493a-b7fc-638d1889eacb,FirstNumber=681,secondNumber=423}  added by thread pool-3-thread-6
 message  {Id=ac0410e7-ab79-493a-b7fc-638d1889eacb,FirstNumber=681,secondNumber=423}  written to file by thread pool-3-thread-4
 message  {Id=ccc029b7-fa25-4634-808c-74deeb1de92f,FirstNumber=761,secondNumber=702}  added by thread pool-3-thread-6
 message  {Id=63feb21a-4a6e-4f0a-b989-4b9354c63667,FirstNumber=895,secondNumber=405}  added by thread pool-3-thread-6
 message  {Id=ccc029b7-fa25-4634-808c-74deeb1de92f,FirstNumber=761,secondNumber=702}  written to file by thread pool-3-thread-2
 message  {Id=63feb21a-4a6e-4f0a-b989-4b9354c63667,FirstNumber=895,secondNumber=405}  written to file by thread pool-3-thread-3
 message  {Id=6abc6a16-52bf-4bcf-ad31-d50b892bc6cb,FirstNumber=258,secondNumber=1351}  added by thread pool-3-thread-6
 message  {Id=6abc6a16-52bf-4bcf-ad31-d50b892bc6cb,FirstNumber=258,secondNumber=1351}  written to file by thread pool-3-thread-3
 message  {Id=46a702cf-f7c9-4eb4-9efa-4640ec357ce3,FirstNumber=163,secondNumber=1601}  added by thread pool-3-thread-6
 message  {Id=46a702cf-f7c9-4eb4-9efa-4640ec357ce3,FirstNumber=163,secondNumber=1601}  written to file by thread pool-3-thread-3
 message  {Id=f3a5f7db-3556-468e-9a13-f063146ef6c5,FirstNumber=910,secondNumber=211}  added by thread pool-3-thread-6
 message  {Id=f3a5f7db-3556-468e-9a13-f063146ef6c5,FirstNumber=910,secondNumber=211}  written to file by thread pool-3-thread-3
 message  {Id=b78fc12c-5584-4978-ac37-b7652a0cbe72,FirstNumber=589,secondNumber=1374}  added by thread pool-3-thread-6
 message  {Id=b78fc12c-5584-4978-ac37-b7652a0cbe72,FirstNumber=589,secondNumber=1374}  written to file by thread pool-3-thread-2
 message  {Id=47c6b690-06e0-4a23-b706-b634acb3afe9,FirstNumber=370,secondNumber=28}  added by thread pool-3-thread-6
 message  {Id=47c6b690-06e0-4a23-b706-b634acb3afe9,FirstNumber=370,secondNumber=28}  written to file by thread pool-3-thread-2
 message  {Id=ab0306da-4b2b-4130-9498-3016b5b3b111,FirstNumber=534,secondNumber=911}  added by thread pool-3-thread-6
 message  {Id=ab0306da-4b2b-4130-9498-3016b5b3b111,FirstNumber=534,secondNumber=911}  written to file by thread pool-3-thread-1
 message  {Id=56d17919-d121-4122-af6c-562bfd51e36b,FirstNumber=263,secondNumber=230}  added by thread pool-3-thread-6
 message  {Id=56d17919-d121-4122-af6c-562bfd51e36b,FirstNumber=263,secondNumber=230}  written to file by thread pool-3-thread-1
 message  {Id=263d9ebd-4d2f-42c7-8943-f7effe262849,FirstNumber=982,secondNumber=1210}  added by thread pool-3-thread-6
 message  {Id=263d9ebd-4d2f-42c7-8943-f7effe262849,FirstNumber=982,secondNumber=1210}  written to file by thread pool-3-thread-3
 message  {Id=88be5774-d678-4e60-97c9-26d9163a79e5,FirstNumber=125,secondNumber=493}  added by thread pool-3-thread-6
 message  {Id=235f1739-489c-405d-8958-527e5ab995dc,FirstNumber=339,secondNumber=1846}  added by thread pool-3-thread-6
 message  {Id=88be5774-d678-4e60-97c9-26d9163a79e5,FirstNumber=125,secondNumber=493}  written to file by thread pool-3-thread-3
 message  {Id=235f1739-489c-405d-8958-527e5ab995dc,FirstNumber=339,secondNumber=1846}  written to file by thread pool-3-thread-2
 message  {Id=2c19b97a-bc4e-4697-a32a-a42b7122135f,FirstNumber=276,secondNumber=59}  added by thread pool-3-thread-6
 message  {Id=2c19b97a-bc4e-4697-a32a-a42b7122135f,FirstNumber=276,secondNumber=59}  written to file by thread pool-3-thread-4
 message  {Id=284ff073-6dda-48e2-b930-2c85a6085857,FirstNumber=606,secondNumber=1222}  added by thread pool-3-thread-6
 message  {Id=284ff073-6dda-48e2-b930-2c85a6085857,FirstNumber=606,secondNumber=1222}  written to file by thread pool-3-thread-4
 message  {Id=49907ad1-aa71-4282-ab23-6f733fc76814,FirstNumber=316,secondNumber=519}  added by thread pool-3-thread-6
 message  {Id=49907ad1-aa71-4282-ab23-6f733fc76814,FirstNumber=316,secondNumber=519}  written to file by thread pool-3-thread-5
 message  {Id=5e9f4c4c-abdd-4fbf-b405-a6cb8430818e,FirstNumber=489,secondNumber=77}  added by thread pool-3-thread-6
 message  {Id=5e9f4c4c-abdd-4fbf-b405-a6cb8430818e,FirstNumber=489,secondNumber=77}  written to file by thread pool-3-thread-3
 message  {Id=3b8dcd90-5e88-4964-a6f2-2b8c2535503a,FirstNumber=521,secondNumber=1690}  added by thread pool-3-thread-6
 message  {Id=3b8dcd90-5e88-4964-a6f2-2b8c2535503a,FirstNumber=521,secondNumber=1690}  written to file by thread pool-3-thread-2
 message  {Id=d6992987-118f-44c6-a4cd-07a6450e4abc,FirstNumber=996,secondNumber=1195}  added by thread pool-3-thread-6
 message  {Id=d6992987-118f-44c6-a4cd-07a6450e4abc,FirstNumber=996,secondNumber=1195}  written to file by thread pool-3-thread-2
 message  {Id=bc206485-7ec2-41ff-b20b-91347b6b5fc4,FirstNumber=999,secondNumber=1057}  added by thread pool-3-thread-6
 message  {Id=bc206485-7ec2-41ff-b20b-91347b6b5fc4,FirstNumber=999,secondNumber=1057}  written to file by thread pool-3-thread-4
 message  {Id=d2e0cbcb-e2b8-4d2d-86d4-bab3bd6276e0,FirstNumber=56,secondNumber=1124}  added by thread pool-3-thread-6
 message  {Id=d2e0cbcb-e2b8-4d2d-86d4-bab3bd6276e0,FirstNumber=56,secondNumber=1124}  written to file by thread pool-3-thread-4
 message  {Id=fdd5e64a-6730-4a61-98a6-a87be15f4aec,FirstNumber=400,secondNumber=955}  added by thread pool-3-thread-6
 message  {Id=a1d8322c-b1cd-43d3-9e3e-a948e0b3a707,FirstNumber=429,secondNumber=1481}  added by thread pool-3-thread-6
 message  {Id=fdd5e64a-6730-4a61-98a6-a87be15f4aec,FirstNumber=400,secondNumber=955}  written to file by thread pool-3-thread-3
 message  {Id=a1d8322c-b1cd-43d3-9e3e-a948e0b3a707,FirstNumber=429,secondNumber=1481}  written to file by thread pool-3-thread-1
 message  {Id=516839b0-1fc8-412d-bb06-5e333fb63e02,FirstNumber=503,secondNumber=1457}  added by thread pool-3-thread-6
 message  {Id=516839b0-1fc8-412d-bb06-5e333fb63e02,FirstNumber=503,secondNumber=1457}  written to file by thread pool-3-thread-2
 message  {Id=070a190c-f8d7-4cf5-a52a-8638cf6435fe,FirstNumber=488,secondNumber=564}  added by thread pool-3-thread-6
 message  {Id=070a190c-f8d7-4cf5-a52a-8638cf6435fe,FirstNumber=488,secondNumber=564}  written to file by thread pool-3-thread-2
 message  {Id=6e51abde-1b37-4a8e-a2d0-a00e2e9a5252,FirstNumber=596,secondNumber=1280}  added by thread pool-3-thread-6
 message  {Id=6e51abde-1b37-4a8e-a2d0-a00e2e9a5252,FirstNumber=596,secondNumber=1280}  written to file by thread pool-3-thread-4
 message  {Id=2eaceaa8-99d2-4e99-982a-0eb7a8a92143,FirstNumber=64,secondNumber=998}  added by thread pool-3-thread-6
 message  {Id=2eaceaa8-99d2-4e99-982a-0eb7a8a92143,FirstNumber=64,secondNumber=998}  written to file by thread pool-3-thread-4
 message  {Id=8641cb8e-b3ce-48b9-ba2b-8d751fc04214,FirstNumber=93,secondNumber=164}  added by thread pool-3-thread-6
 message  {Id=8641cb8e-b3ce-48b9-ba2b-8d751fc04214,FirstNumber=93,secondNumber=164}  written to file by thread pool-3-thread-1
 message  {Id=cbf21ca1-d486-4997-8b49-87df53ee2a90,FirstNumber=979,secondNumber=1999}  added by thread pool-3-thread-6
 message  {Id=cbf21ca1-d486-4997-8b49-87df53ee2a90,FirstNumber=979,secondNumber=1999}  written to file by thread pool-3-thread-1
 message  {Id=dc36e02f-bfd2-4fb8-80a1-8db2821ff89c,FirstNumber=470,secondNumber=104}  added by thread pool-3-thread-6
 message  {Id=dc36e02f-bfd2-4fb8-80a1-8db2821ff89c,FirstNumber=470,secondNumber=104}  written to file by thread pool-3-thread-2
 message  {Id=a6c3e48b-702a-419e-83d8-ad04a8f9e2d2,FirstNumber=58,secondNumber=1427}  added by thread pool-3-thread-6
 message  {Id=a6c3e48b-702a-419e-83d8-ad04a8f9e2d2,FirstNumber=58,secondNumber=1427}  written to file by thread pool-3-thread-2
 message  {Id=677ae2bc-0cd8-420d-87c7-6d33e7757714,FirstNumber=30,secondNumber=376}  added by thread pool-3-thread-6
 message  {Id=677ae2bc-0cd8-420d-87c7-6d33e7757714,FirstNumber=30,secondNumber=376}  written to file by thread pool-3-thread-4
 message  {Id=9541ee8d-873b-4e37-9184-773aaed8a0ea,FirstNumber=850,secondNumber=1876}  added by thread pool-3-thread-6
 message  {Id=9541ee8d-873b-4e37-9184-773aaed8a0ea,FirstNumber=850,secondNumber=1876}  written to file by thread pool-3-thread-5
 message  {Id=6388c04f-2121-47fd-b2f0-f1eef6f3dfd0,FirstNumber=311,secondNumber=1384}  added by thread pool-3-thread-6
 message  {Id=6388c04f-2121-47fd-b2f0-f1eef6f3dfd0,FirstNumber=311,secondNumber=1384}  written to file by thread pool-3-thread-1
 message  {Id=92c87c50-269f-491a-95c0-b8a43eabc60b,FirstNumber=565,secondNumber=944}  added by thread pool-3-thread-6
 message  {Id=92c87c50-269f-491a-95c0-b8a43eabc60b,FirstNumber=565,secondNumber=944}  written to file by thread pool-3-thread-1
 message  {Id=55da62c5-64ce-45d9-970e-d63cc04cc398,FirstNumber=856,secondNumber=1787}  added by thread pool-3-thread-6
 message  {Id=55da62c5-64ce-45d9-970e-d63cc04cc398,FirstNumber=856,secondNumber=1787}  written to file by thread pool-3-thread-2
 message  {Id=215238af-141c-4ccd-92ac-04c9144bab68,FirstNumber=883,secondNumber=663}  added by thread pool-3-thread-6
 message  {Id=215238af-141c-4ccd-92ac-04c9144bab68,FirstNumber=883,secondNumber=663}  written to file by thread pool-3-thread-2
 message  {Id=795a7ce3-386a-4d9a-9107-5db65c6e7651,FirstNumber=378,secondNumber=1991}  added by thread pool-3-thread-6
 message  {Id=795a7ce3-386a-4d9a-9107-5db65c6e7651,FirstNumber=378,secondNumber=1991}  written to file by thread pool-3-thread-5
 message  {Id=f05ebdd5-62d5-4c39-ad5d-db29eaf33ee6,FirstNumber=956,secondNumber=768}  added by thread pool-3-thread-6
 message  {Id=f05ebdd5-62d5-4c39-ad5d-db29eaf33ee6,FirstNumber=956,secondNumber=768}  written to file by thread pool-3-thread-5
 message  {Id=4b596f5f-90a1-454c-b7f2-1a49b2900bca,FirstNumber=535,secondNumber=1182}  added by thread pool-3-thread-6
 message  {Id=4b596f5f-90a1-454c-b7f2-1a49b2900bca,FirstNumber=535,secondNumber=1182}  written to file by thread pool-3-thread-5
 message  {Id=55e86faa-f1b0-4bf9-bfd0-0631e5ec0da2,FirstNumber=243,secondNumber=1716}  added by thread pool-3-thread-6
 message  {Id=55e86faa-f1b0-4bf9-bfd0-0631e5ec0da2,FirstNumber=243,secondNumber=1716}  written to file by thread pool-3-thread-4
 message  {Id=afc4f2dc-73da-472f-b048-e616efdd5037,FirstNumber=88,secondNumber=1767}  added by thread pool-3-thread-6
 message  {Id=afc4f2dc-73da-472f-b048-e616efdd5037,FirstNumber=88,secondNumber=1767}  written to file by thread pool-3-thread-2
 message  {Id=7e515d63-d39a-4c71-bad9-16ca57036182,FirstNumber=41,secondNumber=104}  added by thread pool-3-thread-6
 message  {Id=7e515d63-d39a-4c71-bad9-16ca57036182,FirstNumber=41,secondNumber=104}  written to file by thread pool-3-thread-3
 message  {Id=6e90aad6-8e5c-409c-b75d-fa98c05aea72,FirstNumber=583,secondNumber=1152}  added by thread pool-3-thread-6
 message  {Id=6e90aad6-8e5c-409c-b75d-fa98c05aea72,FirstNumber=583,secondNumber=1152}  written to file by thread pool-3-thread-1
 message  {Id=7aa39ba9-f49b-4ec5-9b5a-38e35d112fae,FirstNumber=408,secondNumber=1323}  added by thread pool-3-thread-6
 message  {Id=7aa39ba9-f49b-4ec5-9b5a-38e35d112fae,FirstNumber=408,secondNumber=1323}  written to file by thread pool-3-thread-1
 message  {Id=70674d0b-bef4-42e7-b933-040c2ce0b9fd,FirstNumber=591,secondNumber=265}  added by thread pool-3-thread-6
 message  {Id=70674d0b-bef4-42e7-b933-040c2ce0b9fd,FirstNumber=591,secondNumber=265}  written to file by thread pool-3-thread-4
 message  {Id=43a1b37a-1b11-4ac2-ad64-7c9f1d8cb437,FirstNumber=136,secondNumber=589}  added by thread pool-3-thread-6
 message  {Id=43a1b37a-1b11-4ac2-ad64-7c9f1d8cb437,FirstNumber=136,secondNumber=589}  written to file by thread pool-3-thread-2
 message  {Id=7b6fe575-6f6c-4816-a2c6-de74fef1b4da,FirstNumber=968,secondNumber=1238}  added by thread pool-3-thread-6
 message  {Id=7b6fe575-6f6c-4816-a2c6-de74fef1b4da,FirstNumber=968,secondNumber=1238}  written to file by thread pool-3-thread-2
 message  {Id=7ef80e32-de92-4923-9d99-38f48ee5afe0,FirstNumber=392,secondNumber=532}  added by thread pool-3-thread-6
 message  {Id=7ef80e32-de92-4923-9d99-38f48ee5afe0,FirstNumber=392,secondNumber=532}  written to file by thread pool-3-thread-5
 message  {Id=e05a3d29-b796-44c8-93af-5e04d8778210,FirstNumber=619,secondNumber=216}  added by thread pool-3-thread-6
 message  {Id=e05a3d29-b796-44c8-93af-5e04d8778210,FirstNumber=619,secondNumber=216}  written to file by thread pool-3-thread-5
 message  {Id=62a1a843-a5ff-4b04-a977-fc901725bdaf,FirstNumber=23,secondNumber=1602}  added by thread pool-3-thread-6
 message  {Id=62a1a843-a5ff-4b04-a977-fc901725bdaf,FirstNumber=23,secondNumber=1602}  written to file by thread pool-3-thread-4
 message  {Id=e0af9e5e-7a08-463d-9599-53e1bbadfd1f,FirstNumber=694,secondNumber=1198}  added by thread pool-3-thread-6
 message  {Id=a31f0157-909c-48c6-9eb8-810a1dcd04b2,FirstNumber=557,secondNumber=1572}  added by thread pool-3-thread-6
 message  {Id=e0af9e5e-7a08-463d-9599-53e1bbadfd1f,FirstNumber=694,secondNumber=1198}  written to file by thread pool-3-thread-3
 message  {Id=a31f0157-909c-48c6-9eb8-810a1dcd04b2,FirstNumber=557,secondNumber=1572}  written to file by thread pool-3-thread-2
 message  {Id=2ca7d13b-e8f6-4178-8972-236bd6d0b2bc,FirstNumber=697,secondNumber=1910}  added by thread pool-3-thread-6
 message  {Id=2ca7d13b-e8f6-4178-8972-236bd6d0b2bc,FirstNumber=697,secondNumber=1910}  written to file by thread pool-3-thread-1
 message  {Id=ebb1f72e-18ef-4f28-bd36-ba6576536616,FirstNumber=539,secondNumber=13}  added by thread pool-3-thread-6
 message  {Id=ebb1f72e-18ef-4f28-bd36-ba6576536616,FirstNumber=539,secondNumber=13}  written to file by thread pool-3-thread-1
 message  {Id=0dab1c27-8897-45d3-bb6b-00a8b30ed55e,FirstNumber=723,secondNumber=1572}  added by thread pool-3-thread-6
 message  {Id=0dab1c27-8897-45d3-bb6b-00a8b30ed55e,FirstNumber=723,secondNumber=1572}  written to file by thread pool-3-thread-4
 message  {Id=9c18d9cb-06cf-4591-bec5-20fcaa42093a,FirstNumber=250,secondNumber=385}  added by thread pool-3-thread-6
 message  {Id=fb9bb8d4-7fed-4943-b1ce-97fd68266f0a,FirstNumber=624,secondNumber=1143}  added by thread pool-3-thread-6
 message  {Id=9c18d9cb-06cf-4591-bec5-20fcaa42093a,FirstNumber=250,secondNumber=385}  written to file by thread pool-3-thread-3
 message  {Id=fb9bb8d4-7fed-4943-b1ce-97fd68266f0a,FirstNumber=624,secondNumber=1143}  written to file by thread pool-3-thread-2
 message  {Id=d47fb82a-8501-4a21-b2f3-234382abeaf4,FirstNumber=329,secondNumber=1479}  added by thread pool-3-thread-6
 message  {Id=d47fb82a-8501-4a21-b2f3-234382abeaf4,FirstNumber=329,secondNumber=1479}  written to file by thread pool-3-thread-2
 message  {Id=a17f0a90-35fc-40ed-8e40-5b9af3ad048f,FirstNumber=44,secondNumber=418}  added by thread pool-3-thread-6
 message  {Id=08ce13c3-e5f6-46d0-940c-dd604f7f3a30,FirstNumber=796,secondNumber=693}  added by thread pool-3-thread-6
 message  {Id=a17f0a90-35fc-40ed-8e40-5b9af3ad048f,FirstNumber=44,secondNumber=418}  written to file by thread pool-3-thread-1
 message  {Id=08ce13c3-e5f6-46d0-940c-dd604f7f3a30,FirstNumber=796,secondNumber=693}  written to file by thread pool-3-thread-4
 message  {Id=0c30df27-da14-4df2-8167-c74ef9520c4b,FirstNumber=16,secondNumber=1755}  added by thread pool-3-thread-6
 message  {Id=62f45193-55f1-45f3-afd4-76f5f1f18475,FirstNumber=399,secondNumber=1526}  added by thread pool-3-thread-6
 message  {Id=0c30df27-da14-4df2-8167-c74ef9520c4b,FirstNumber=16,secondNumber=1755}  written to file by thread pool-3-thread-3
 message  {Id=62f45193-55f1-45f3-afd4-76f5f1f18475,FirstNumber=399,secondNumber=1526}  written to file by thread pool-3-thread-5
 message  {Id=f76dfb6e-671f-4bc6-8cbb-d98fe7196a4c,FirstNumber=328,secondNumber=77}  added by thread pool-3-thread-6
 message  {Id=f76dfb6e-671f-4bc6-8cbb-d98fe7196a4c,FirstNumber=328,secondNumber=77}  written to file by thread pool-3-thread-5
 message  {Id=db4cbabd-7aaa-4135-aebf-c418794fa62e,FirstNumber=726,secondNumber=220}  added by thread pool-3-thread-6
 message  {Id=db4cbabd-7aaa-4135-aebf-c418794fa62e,FirstNumber=726,secondNumber=220}  written to file by thread pool-3-thread-1
 message  {Id=7df4c10b-dbd6-4693-9cf7-b4485f11238a,FirstNumber=688,secondNumber=1453}  added by thread pool-3-thread-6
 message  {Id=7df4c10b-dbd6-4693-9cf7-b4485f11238a,FirstNumber=688,secondNumber=1453}  written to file by thread pool-3-thread-4
 message  {Id=3051e6b4-3030-4091-81ce-06381b957e08,FirstNumber=207,secondNumber=141}  added by thread pool-3-thread-6
 message  {Id=22b66222-087e-43d4-8509-6713de5400db,FirstNumber=783,secondNumber=528}  added by thread pool-3-thread-6
 message  {Id=3051e6b4-3030-4091-81ce-06381b957e08,FirstNumber=207,secondNumber=141}  written to file by thread pool-3-thread-3
 message  {Id=219b6c12-4ec5-4438-98b6-41dbdaade855,FirstNumber=519,secondNumber=437}  added by thread pool-3-thread-6
 message  {Id=22b66222-087e-43d4-8509-6713de5400db,FirstNumber=783,secondNumber=528}  written to file by thread pool-3-thread-2
 message  {Id=219b6c12-4ec5-4438-98b6-41dbdaade855,FirstNumber=519,secondNumber=437}  written to file by thread pool-3-thread-5
 message  {Id=27ddbfdf-7ea3-4717-b57a-6c92afa7d12a,FirstNumber=172,secondNumber=1798}  added by thread pool-3-thread-6
 message  {Id=27ddbfdf-7ea3-4717-b57a-6c92afa7d12a,FirstNumber=172,secondNumber=1798}  written to file by thread pool-3-thread-1
 message  {Id=b8ebc362-034f-4a21-8b75-86039f33291b,FirstNumber=518,secondNumber=1348}  added by thread pool-3-thread-6
 message  {Id=b8ebc362-034f-4a21-8b75-86039f33291b,FirstNumber=518,secondNumber=1348}  written to file by thread pool-3-thread-1
 message  {Id=184c5b37-28c2-4c00-ad95-b502c8ae42c0,FirstNumber=386,secondNumber=1297}  added by thread pool-3-thread-6
 message  {Id=8a66a70d-7ca9-43b9-8438-2eb6cbcc5701,FirstNumber=565,secondNumber=1665}  added by thread pool-3-thread-6
 message  {Id=184c5b37-28c2-4c00-ad95-b502c8ae42c0,FirstNumber=386,secondNumber=1297}  written to file by thread pool-3-thread-3
 message  {Id=8a66a70d-7ca9-43b9-8438-2eb6cbcc5701,FirstNumber=565,secondNumber=1665}  written to file by thread pool-3-thread-2
 message  {Id=e61d7273-45f6-498d-be78-226db1233faa,FirstNumber=976,secondNumber=1365}  added by thread pool-3-thread-6
 message  {Id=e61d7273-45f6-498d-be78-226db1233faa,FirstNumber=976,secondNumber=1365}  written to file by thread pool-3-thread-5
 message  {Id=c22fb7e0-3c73-4b98-b89d-a9665f3216ea,FirstNumber=826,secondNumber=1280}  added by thread pool-3-thread-6
 message  {Id=c22fb7e0-3c73-4b98-b89d-a9665f3216ea,FirstNumber=826,secondNumber=1280}  written to file by thread pool-3-thread-5
 message  {Id=d29a660a-1617-4dc7-b255-972592680cac,FirstNumber=296,secondNumber=76}  added by thread pool-3-thread-6
 message  {Id=d29a660a-1617-4dc7-b255-972592680cac,FirstNumber=296,secondNumber=76}  written to file by thread pool-3-thread-1
 message  {Id=0e93302a-92ae-4aaf-af2d-c36e2a954cf5,FirstNumber=202,secondNumber=624}  added by thread pool-3-thread-6
 message  {Id=0e93302a-92ae-4aaf-af2d-c36e2a954cf5,FirstNumber=202,secondNumber=624}  written to file by thread pool-3-thread-1
 message  {Id=b36d4cf1-d0ac-49d6-bbc5-d61c70d3f229,FirstNumber=529,secondNumber=1122}  added by thread pool-3-thread-6
 message  {Id=b36d4cf1-d0ac-49d6-bbc5-d61c70d3f229,FirstNumber=529,secondNumber=1122}  written to file by thread pool-3-thread-2
 message  {Id=fc942977-0360-4108-abf6-a6b82ad5eb1b,FirstNumber=925,secondNumber=1597}  added by thread pool-3-thread-6
 message  {Id=fc942977-0360-4108-abf6-a6b82ad5eb1b,FirstNumber=925,secondNumber=1597}  written to file by thread pool-3-thread-2
 message  {Id=d18f751b-2604-4735-a208-ef03277543a8,FirstNumber=671,secondNumber=406}  added by thread pool-3-thread-6
 message  {Id=d18f751b-2604-4735-a208-ef03277543a8,FirstNumber=671,secondNumber=406}  written to file by thread pool-3-thread-5
 message  {Id=4f9477fd-a201-47a7-ab97-8012ea589582,FirstNumber=830,secondNumber=599}  added by thread pool-3-thread-6
 message  {Id=4f9477fd-a201-47a7-ab97-8012ea589582,FirstNumber=830,secondNumber=599}  written to file by thread pool-3-thread-5
 message  {Id=005ecab2-20df-4106-8b38-3db031ee326d,FirstNumber=461,secondNumber=1720}  added by thread pool-3-thread-6
 message  {Id=005ecab2-20df-4106-8b38-3db031ee326d,FirstNumber=461,secondNumber=1720}  written to file by thread pool-3-thread-1
 message  {Id=3a864b73-f9b2-45cd-a0c2-f1413a9b0880,FirstNumber=988,secondNumber=185}  added by thread pool-3-thread-6
 message  {Id=3a864b73-f9b2-45cd-a0c2-f1413a9b0880,FirstNumber=988,secondNumber=185}  written to file by thread pool-3-thread-4
 message  {Id=5a72f29e-ed3f-43a1-9bc7-a2062578dd08,FirstNumber=987,secondNumber=1195}  added by thread pool-3-thread-6
 message  {Id=5a72f29e-ed3f-43a1-9bc7-a2062578dd08,FirstNumber=987,secondNumber=1195}  written to file by thread pool-3-thread-2
 message  {Id=8cd12b14-3bba-427f-81f0-ebda30108c2d,FirstNumber=556,secondNumber=1445}  added by thread pool-3-thread-6
 message  {Id=8cd12b14-3bba-427f-81f0-ebda30108c2d,FirstNumber=556,secondNumber=1445}  written to file by thread pool-3-thread-2
 message  {Id=c0c32c20-0ba5-4b00-9366-5afdf5a0c33d,FirstNumber=511,secondNumber=1052}  added by thread pool-3-thread-6
 message  {Id=c0c32c20-0ba5-4b00-9366-5afdf5a0c33d,FirstNumber=511,secondNumber=1052}  written to file by thread pool-3-thread-5
 message  {Id=d0cacc64-661d-402d-a65b-9077ff1a09d2,FirstNumber=197,secondNumber=477}  added by thread pool-3-thread-6
 message  {Id=d0cacc64-661d-402d-a65b-9077ff1a09d2,FirstNumber=197,secondNumber=477}  written to file by thread pool-3-thread-5
 message  {Id=8c83c0e7-df2e-406c-aa5b-a94a99516847,FirstNumber=186,secondNumber=574}  added by thread pool-3-thread-6
 message  {Id=8c83c0e7-df2e-406c-aa5b-a94a99516847,FirstNumber=186,secondNumber=574}  written to file by thread pool-3-thread-4
 message  {Id=4b117a3d-aac9-458b-ad34-086ce58f9fb8,FirstNumber=71,secondNumber=613}  added by thread pool-3-thread-6
 message  {Id=4b117a3d-aac9-458b-ad34-086ce58f9fb8,FirstNumber=71,secondNumber=613}  written to file by thread pool-3-thread-4
 message  {Id=4bc6516c-cf21-4056-888d-3a28a006bec7,FirstNumber=638,secondNumber=314}  added by thread pool-3-thread-6
 message  {Id=4bc6516c-cf21-4056-888d-3a28a006bec7,FirstNumber=638,secondNumber=314}  written to file by thread pool-3-thread-4
 message  {Id=cdaf8650-794b-4575-a961-68f5d22e981c,FirstNumber=567,secondNumber=1613}  added by thread pool-3-thread-6
 message  {Id=cdaf8650-794b-4575-a961-68f5d22e981c,FirstNumber=567,secondNumber=1613}  written to file by thread pool-3-thread-1
 message  {Id=9d4e5d15-f0d5-4843-a31f-3d6a263f951c,FirstNumber=666,secondNumber=1400}  added by thread pool-3-thread-6
 message  {Id=9d4e5d15-f0d5-4843-a31f-3d6a263f951c,FirstNumber=666,secondNumber=1400}  written to file by thread pool-3-thread-5
 message  {Id=720842c8-68d7-4862-ac4c-7a6200b11fca,FirstNumber=852,secondNumber=27}  added by thread pool-3-thread-6
 message  {Id=720842c8-68d7-4862-ac4c-7a6200b11fca,FirstNumber=852,secondNumber=27}  written to file by thread pool-3-thread-3
 message  {Id=582d6949-9c49-453c-a5e7-fb4dfe8e1b54,FirstNumber=90,secondNumber=607}  added by thread pool-3-thread-6
 message  {Id=582d6949-9c49-453c-a5e7-fb4dfe8e1b54,FirstNumber=90,secondNumber=607}  written to file by thread pool-3-thread-2
 message  {Id=a1c84cdc-1132-44e5-a883-8b81e75c73c9,FirstNumber=945,secondNumber=762}  added by thread pool-3-thread-6
 message  {Id=a1c84cdc-1132-44e5-a883-8b81e75c73c9,FirstNumber=945,secondNumber=762}  written to file by thread pool-3-thread-2
 message  {Id=c7aae6d6-1934-42ef-af9d-6e22dff0b8ae,FirstNumber=249,secondNumber=1403}  added by thread pool-3-thread-6
 message  {Id=c7aae6d6-1934-42ef-af9d-6e22dff0b8ae,FirstNumber=249,secondNumber=1403}  written to file by thread pool-3-thread-1
 message  {Id=6fe6f113-a8f4-4665-92a6-33ae6ea077e8,FirstNumber=447,secondNumber=41}  added by thread pool-3-thread-6
 message  {Id=6fe6f113-a8f4-4665-92a6-33ae6ea077e8,FirstNumber=447,secondNumber=41}  written to file by thread pool-3-thread-5
 message  {Id=05e5da6e-0da7-4a50-abad-d6508fb94081,FirstNumber=545,secondNumber=400}  added by thread pool-3-thread-6
 message  {Id=05e5da6e-0da7-4a50-abad-d6508fb94081,FirstNumber=545,secondNumber=400}  written to file by thread pool-3-thread-5
 message  {Id=a45697d4-8860-4a8c-88cf-f849ace405f4,FirstNumber=348,secondNumber=644}  added by thread pool-3-thread-6
 message  {Id=a45697d4-8860-4a8c-88cf-f849ace405f4,FirstNumber=348,secondNumber=644}  written to file by thread pool-3-thread-4
 message  {Id=ce8696e4-f77c-4f6b-90d3-9a9d8d5c4710,FirstNumber=65,secondNumber=99}  added by thread pool-3-thread-6
 message  {Id=ce8696e4-f77c-4f6b-90d3-9a9d8d5c4710,FirstNumber=65,secondNumber=99}  written to file by thread pool-3-thread-2
 message  {Id=1841ca1c-aaa2-46cc-b7d4-455616f42b48,FirstNumber=230,secondNumber=1543}  added by thread pool-3-thread-6
 message  {Id=1841ca1c-aaa2-46cc-b7d4-455616f42b48,FirstNumber=230,secondNumber=1543}  written to file by thread pool-3-thread-2
 message  {Id=9c5cb0a9-8c21-4ad7-8ce8-9795b857d81f,FirstNumber=240,secondNumber=1926}  added by thread pool-3-thread-6
 message  {Id=dfd73f91-96b6-4bed-be83-c9563d8223af,FirstNumber=806,secondNumber=1308}  added by thread pool-3-thread-6
 message  {Id=9c5cb0a9-8c21-4ad7-8ce8-9795b857d81f,FirstNumber=240,secondNumber=1926}  written to file by thread pool-3-thread-3
 message  {Id=dfd73f91-96b6-4bed-be83-c9563d8223af,FirstNumber=806,secondNumber=1308}  written to file by thread pool-3-thread-5
 message  {Id=3fee6fe3-00d6-4d9e-96b0-cace83fa923a,FirstNumber=688,secondNumber=1101}  added by thread pool-3-thread-6
 message  {Id=3fee6fe3-00d6-4d9e-96b0-cace83fa923a,FirstNumber=688,secondNumber=1101}  written to file by thread pool-3-thread-4
 message  {Id=d7222e75-018d-42e9-8aff-818f6b7a8cc6,FirstNumber=381,secondNumber=1202}  added by thread pool-3-thread-6
 message  {Id=d7222e75-018d-42e9-8aff-818f6b7a8cc6,FirstNumber=381,secondNumber=1202}  written to file by thread pool-3-thread-1
 message  {Id=769c8afc-e8fa-45cc-af9b-ed8bc93272cd,FirstNumber=248,secondNumber=1277}  added by thread pool-3-thread-6
 message  {Id=769c8afc-e8fa-45cc-af9b-ed8bc93272cd,FirstNumber=248,secondNumber=1277}  written to file by thread pool-3-thread-2
 message  {Id=a5052639-4942-4ac0-ae87-c24b5839b6b4,FirstNumber=333,secondNumber=1893}  added by thread pool-3-thread-6
 message  {Id=a5052639-4942-4ac0-ae87-c24b5839b6b4,FirstNumber=333,secondNumber=1893}  written to file by thread pool-3-thread-2
 message  {Id=147ae3a3-7287-464d-bc67-c59e7206cb63,FirstNumber=29,secondNumber=1109}  added by thread pool-3-thread-6
 message  {Id=147ae3a3-7287-464d-bc67-c59e7206cb63,FirstNumber=29,secondNumber=1109}  written to file by thread pool-3-thread-5
 message  {Id=004628af-f961-4135-842b-d1add5efc3fb,FirstNumber=177,secondNumber=1849}  added by thread pool-3-thread-6
 message  {Id=004628af-f961-4135-842b-d1add5efc3fb,FirstNumber=177,secondNumber=1849}  written to file by thread pool-3-thread-5
 message  {Id=3a808031-88e9-4a73-a082-fd22bd4d8646,FirstNumber=245,secondNumber=1114}  added by thread pool-3-thread-6
 message  {Id=3a808031-88e9-4a73-a082-fd22bd4d8646,FirstNumber=245,secondNumber=1114}  written to file by thread pool-3-thread-1
 message  {Id=f71b505f-4ca0-47b6-a27a-6f0c4f209481,FirstNumber=870,secondNumber=1163}  added by thread pool-3-thread-6
 message  {Id=f71b505f-4ca0-47b6-a27a-6f0c4f209481,FirstNumber=870,secondNumber=1163}  written to file by thread pool-3-thread-1
 message  {Id=b544c9ed-a48a-401b-9086-184b0c05ecb1,FirstNumber=813,secondNumber=325}  added by thread pool-3-thread-6
 message  {Id=b544c9ed-a48a-401b-9086-184b0c05ecb1,FirstNumber=813,secondNumber=325}  written to file by thread pool-3-thread-2
 message  {Id=13501a32-c542-468e-850b-bdf4d888a08a,FirstNumber=959,secondNumber=654}  added by thread pool-3-thread-6
 message  {Id=13501a32-c542-468e-850b-bdf4d888a08a,FirstNumber=959,secondNumber=654}  written to file by thread pool-3-thread-4
 message  {Id=7b27c36e-560a-43ea-9eb5-271e75243799,FirstNumber=600,secondNumber=1338}  added by thread pool-3-thread-6
 message  {Id=7b27c36e-560a-43ea-9eb5-271e75243799,FirstNumber=600,secondNumber=1338}  written to file by thread pool-3-thread-5
 message  {Id=8af7573a-cc7c-4c8a-91a3-a0c74a5926fd,FirstNumber=40,secondNumber=1934}  added by thread pool-3-thread-6
 message  {Id=8af7573a-cc7c-4c8a-91a3-a0c74a5926fd,FirstNumber=40,secondNumber=1934}  written to file by thread pool-3-thread-5
 message  {Id=cd7d676e-a5ee-48ff-9e9d-ebe484b9736d,FirstNumber=27,secondNumber=1271}  added by thread pool-3-thread-6
 message  {Id=cd7d676e-a5ee-48ff-9e9d-ebe484b9736d,FirstNumber=27,secondNumber=1271}  written to file by thread pool-3-thread-1
 message  {Id=430e9f15-99f8-45c8-a78d-bc1c200d586a,FirstNumber=174,secondNumber=121}  added by thread pool-3-thread-6
 message  {Id=430e9f15-99f8-45c8-a78d-bc1c200d586a,FirstNumber=174,secondNumber=121}  written to file by thread pool-3-thread-1
 message  {Id=51c487e7-fd78-4728-9d55-3d929c9fec85,FirstNumber=740,secondNumber=1215}  added by thread pool-3-thread-6
 message  {Id=51c487e7-fd78-4728-9d55-3d929c9fec85,FirstNumber=740,secondNumber=1215}  written to file by thread pool-3-thread-4
 message  {Id=9356d394-69d1-47f0-b8e6-6c7e2c809419,FirstNumber=327,secondNumber=1149}  added by thread pool-3-thread-6
 message  {Id=9356d394-69d1-47f0-b8e6-6c7e2c809419,FirstNumber=327,secondNumber=1149}  written to file by thread pool-3-thread-4
 message  {Id=d9543ddf-88b7-4e88-ada6-a2a6ef3e3bfe,FirstNumber=976,secondNumber=261}  added by thread pool-3-thread-6
 message  {Id=d9543ddf-88b7-4e88-ada6-a2a6ef3e3bfe,FirstNumber=976,secondNumber=261}  written to file by thread pool-3-thread-4
 message  {Id=02e1ce95-b8a8-483f-80c0-7ea548d5c4cf,FirstNumber=743,secondNumber=917}  added by thread pool-3-thread-6
 message  {Id=02e1ce95-b8a8-483f-80c0-7ea548d5c4cf,FirstNumber=743,secondNumber=917}  written to file by thread pool-3-thread-2
 message  {Id=04d1d4e7-60b9-48d4-9018-63b3d425faa3,FirstNumber=767,secondNumber=1341}  added by thread pool-3-thread-6
 message  {Id=04d1d4e7-60b9-48d4-9018-63b3d425faa3,FirstNumber=767,secondNumber=1341}  written to file by thread pool-3-thread-1
 message  {Id=63a733bd-3ef4-47d3-8ef2-55c468ba1bae,FirstNumber=430,secondNumber=1104}  added by thread pool-3-thread-6
 message  {Id=63a733bd-3ef4-47d3-8ef2-55c468ba1bae,FirstNumber=430,secondNumber=1104}  written to file by thread pool-3-thread-3
 message  {Id=1aecc39e-4ba7-4fdb-b702-4d5ff6caa71c,FirstNumber=835,secondNumber=961}  added by thread pool-3-thread-6
 message  {Id=1aecc39e-4ba7-4fdb-b702-4d5ff6caa71c,FirstNumber=835,secondNumber=961}  written to file by thread pool-3-thread-3
 message  {Id=f682a1b9-7f03-409e-933a-cc11a57f73bb,FirstNumber=468,secondNumber=193}  added by thread pool-3-thread-6
 message  {Id=f682a1b9-7f03-409e-933a-cc11a57f73bb,FirstNumber=468,secondNumber=193}  written to file by thread pool-3-thread-4
 message  {Id=eae2c794-fb2b-42a2-865b-dde0d92885e5,FirstNumber=303,secondNumber=1437}  added by thread pool-3-thread-6
 message  {Id=eae2c794-fb2b-42a2-865b-dde0d92885e5,FirstNumber=303,secondNumber=1437}  written to file by thread pool-3-thread-2
 message  {Id=8a55ad39-0a70-416d-8e01-2ac38d75ae90,FirstNumber=178,secondNumber=713}  added by thread pool-3-thread-6
 message  {Id=8a55ad39-0a70-416d-8e01-2ac38d75ae90,FirstNumber=178,secondNumber=713}  written to file by thread pool-3-thread-1
 message  {Id=d91e3b94-8779-4683-81ff-eb553572f128,FirstNumber=792,secondNumber=1840}  added by thread pool-3-thread-6
 message  {Id=d91e3b94-8779-4683-81ff-eb553572f128,FirstNumber=792,secondNumber=1840}  written to file by thread pool-3-thread-1
 message  {Id=67844cf6-507b-49c0-a439-4eedd571a718,FirstNumber=803,secondNumber=1405}  added by thread pool-3-thread-6
 message  {Id=cadbffe2-f6da-474c-ae85-d5859bb5b4f2,FirstNumber=77,secondNumber=1055}  added by thread pool-3-thread-6
 message  {Id=67844cf6-507b-49c0-a439-4eedd571a718,FirstNumber=803,secondNumber=1405}  written to file by thread pool-3-thread-3
 message  {Id=153a288d-7711-4065-a262-93d169fb4cf4,FirstNumber=888,secondNumber=111}  added by thread pool-3-thread-6
 message  {Id=cadbffe2-f6da-474c-ae85-d5859bb5b4f2,FirstNumber=77,secondNumber=1055}  written to file by thread pool-3-thread-4
 message  {Id=153a288d-7711-4065-a262-93d169fb4cf4,FirstNumber=888,secondNumber=111}  written to file by thread pool-3-thread-2
 message  {Id=f7b9b923-0492-44a3-88f2-558db5d566b6,FirstNumber=545,secondNumber=353}  added by thread pool-3-thread-6
 message  {Id=f7b9b923-0492-44a3-88f2-558db5d566b6,FirstNumber=545,secondNumber=353}  written to file by thread pool-3-thread-5
 message  {Id=d1f7357e-6225-453e-8820-111badd0e8a8,FirstNumber=651,secondNumber=1678}  added by thread pool-3-thread-6
 message  {Id=d1f7357e-6225-453e-8820-111badd0e8a8,FirstNumber=651,secondNumber=1678}  written to file by thread pool-3-thread-1
 message  {Id=4de7aac6-7547-4fa6-b8c6-157a9876c1f2,FirstNumber=329,secondNumber=574}  added by thread pool-3-thread-6
 message  {Id=4de7aac6-7547-4fa6-b8c6-157a9876c1f2,FirstNumber=329,secondNumber=574}  written to file by thread pool-3-thread-1
 message  {Id=21c3b596-c8f7-4105-b1ed-ee012f4e02a1,FirstNumber=647,secondNumber=1617}  added by thread pool-3-thread-6
 message  {Id=21c3b596-c8f7-4105-b1ed-ee012f4e02a1,FirstNumber=647,secondNumber=1617}  written to file by thread pool-3-thread-1
 message  {Id=93b18935-399f-4bb9-aeea-21bf531a676a,FirstNumber=25,secondNumber=785}  added by thread pool-3-thread-6
 message  {Id=7e2e0ca4-a091-495d-97d1-131c9e6c1c33,FirstNumber=849,secondNumber=1017}  added by thread pool-3-thread-6
 message  {Id=93b18935-399f-4bb9-aeea-21bf531a676a,FirstNumber=25,secondNumber=785}  written to file by thread pool-3-thread-2
 message  {Id=7e2e0ca4-a091-495d-97d1-131c9e6c1c33,FirstNumber=849,secondNumber=1017}  written to file by thread pool-3-thread-5
 message  {Id=d61e44f7-fd73-44ee-a415-1d6581ac9abb,FirstNumber=274,secondNumber=1354}  added by thread pool-3-thread-6
 message  {Id=5444675d-d51a-49ed-9e7a-447cf425c2c5,FirstNumber=386,secondNumber=537}  added by thread pool-3-thread-6
 message  {Id=d61e44f7-fd73-44ee-a415-1d6581ac9abb,FirstNumber=274,secondNumber=1354}  written to file by thread pool-3-thread-5
 message  {Id=5444675d-d51a-49ed-9e7a-447cf425c2c5,FirstNumber=386,secondNumber=537}  written to file by thread pool-3-thread-4
 message  {Id=8641d3c8-5131-4d25-95a6-06b7643e5d39,FirstNumber=867,secondNumber=1134}  added by thread pool-3-thread-6
 message  {Id=8641d3c8-5131-4d25-95a6-06b7643e5d39,FirstNumber=867,secondNumber=1134}  written to file by thread pool-3-thread-1
 message  {Id=ac9ecae4-7cd3-4190-b706-082a3248664e,FirstNumber=1,secondNumber=1368}  added by thread pool-3-thread-6
 message  {Id=ac9ecae4-7cd3-4190-b706-082a3248664e,FirstNumber=1,secondNumber=1368}  written to file by thread pool-3-thread-1
 message  {Id=3e4e4a02-b7f1-4030-acc6-cfaca7d3cd1b,FirstNumber=24,secondNumber=309}  added by thread pool-3-thread-6
 message  {Id=f9653658-86e5-4786-94db-293d601bcc10,FirstNumber=992,secondNumber=1904}  added by thread pool-3-thread-6
 message  {Id=3e4e4a02-b7f1-4030-acc6-cfaca7d3cd1b,FirstNumber=24,secondNumber=309}  written to file by thread pool-3-thread-3
 message  {Id=f9653658-86e5-4786-94db-293d601bcc10,FirstNumber=992,secondNumber=1904}  written to file by thread pool-3-thread-5
 message  {Id=283673ae-8ade-46a3-9974-62a5039f24a5,FirstNumber=624,secondNumber=1371}  added by thread pool-3-thread-6
 message  {Id=283673ae-8ade-46a3-9974-62a5039f24a5,FirstNumber=624,secondNumber=1371}  written to file by thread pool-3-thread-4
 message  {Id=f6c31e6f-ae77-44bb-8f0b-5974d18933ec,FirstNumber=231,secondNumber=1505}  added by thread pool-3-thread-6
 message  {Id=f6c31e6f-ae77-44bb-8f0b-5974d18933ec,FirstNumber=231,secondNumber=1505}  written to file by thread pool-3-thread-4
 message  {Id=90b3a60b-cea1-4b51-88ed-33e07e8d799a,FirstNumber=314,secondNumber=40}  added by thread pool-3-thread-6
 message  {Id=90b3a60b-cea1-4b51-88ed-33e07e8d799a,FirstNumber=314,secondNumber=40}  written to file by thread pool-3-thread-1
 message  {Id=370a470e-70a8-4f81-a6a8-ce3d772bb304,FirstNumber=972,secondNumber=915}  added by thread pool-3-thread-6
 message  {Id=370a470e-70a8-4f81-a6a8-ce3d772bb304,FirstNumber=972,secondNumber=915}  written to file by thread pool-3-thread-1
 message  {Id=a81df4e6-c468-4fa7-9ba9-747db717df8d,FirstNumber=671,secondNumber=1276}  added by thread pool-3-thread-6
 message  {Id=a81df4e6-c468-4fa7-9ba9-747db717df8d,FirstNumber=671,secondNumber=1276}  written to file by thread pool-3-thread-5
 message  {Id=b966e31e-b79a-4879-b7a9-1610f6e82848,FirstNumber=756,secondNumber=1724}  added by thread pool-3-thread-6
 message  {Id=b966e31e-b79a-4879-b7a9-1610f6e82848,FirstNumber=756,secondNumber=1724}  written to file by thread pool-3-thread-5
 message  {Id=ab9b4566-4131-4054-bd8d-2d6af20a360c,FirstNumber=842,secondNumber=1582}  added by thread pool-3-thread-6
 message  {Id=ab9b4566-4131-4054-bd8d-2d6af20a360c,FirstNumber=842,secondNumber=1582}  written to file by thread pool-3-thread-4
 message  {Id=6bd4092d-8081-440c-be62-e300adbecf24,FirstNumber=913,secondNumber=85}  added by thread pool-3-thread-6
 message  {Id=6bd4092d-8081-440c-be62-e300adbecf24,FirstNumber=913,secondNumber=85}  written to file by thread pool-3-thread-4
 message  {Id=b97999f0-a35b-4c8c-8ac6-087f73a94a8b,FirstNumber=892,secondNumber=606}  added by thread pool-3-thread-6
 message  {Id=ed9a924c-f003-4eb7-abb4-1313a4a49e07,FirstNumber=209,secondNumber=1355}  added by thread pool-3-thread-6
 message  {Id=b97999f0-a35b-4c8c-8ac6-087f73a94a8b,FirstNumber=892,secondNumber=606}  written to file by thread pool-3-thread-1
 message  {Id=ed9a924c-f003-4eb7-abb4-1313a4a49e07,FirstNumber=209,secondNumber=1355}  written to file by thread pool-3-thread-2
 message  {Id=9d56965f-4d3a-449f-b056-32d16848b4d9,FirstNumber=822,secondNumber=274}  added by thread pool-3-thread-6
 message  {Id=9d56965f-4d3a-449f-b056-32d16848b4d9,FirstNumber=822,secondNumber=274}  written to file by thread pool-3-thread-5
 message  {Id=ed976a4b-51e9-483d-83ca-a77722671a60,FirstNumber=904,secondNumber=207}  added by thread pool-3-thread-6
 message  {Id=ed976a4b-51e9-483d-83ca-a77722671a60,FirstNumber=904,secondNumber=207}  written to file by thread pool-3-thread-5
 message  {Id=75fd02fe-4053-4d7b-838b-4a51d9a38309,FirstNumber=350,secondNumber=29}  added by thread pool-3-thread-6
 message  {Id=75fd02fe-4053-4d7b-838b-4a51d9a38309,FirstNumber=350,secondNumber=29}  written to file by thread pool-3-thread-4
 message  {Id=2214cb63-fc34-41f4-b614-555a9567d69a,FirstNumber=530,secondNumber=279}  added by thread pool-3-thread-6
 message  {Id=2214cb63-fc34-41f4-b614-555a9567d69a,FirstNumber=530,secondNumber=279}  written to file by thread pool-3-thread-4
 message  {Id=197a0142-58f8-4878-babb-fbb0e81ec4ce,FirstNumber=222,secondNumber=561}  added by thread pool-3-thread-6
 message  {Id=197a0142-58f8-4878-babb-fbb0e81ec4ce,FirstNumber=222,secondNumber=561}  written to file by thread pool-3-thread-2
 message  {Id=42bf9f65-be32-4222-bd83-7761bc75fa96,FirstNumber=761,secondNumber=321}  added by thread pool-3-thread-6
 message  {Id=42bf9f65-be32-4222-bd83-7761bc75fa96,FirstNumber=761,secondNumber=321}  written to file by thread pool-3-thread-2
 message  {Id=f9a66bb5-1912-48d8-83f6-cc57390cd820,FirstNumber=27,secondNumber=186}  added by thread pool-3-thread-6
 message  {Id=f9a66bb5-1912-48d8-83f6-cc57390cd820,FirstNumber=27,secondNumber=186}  written to file by thread pool-3-thread-5
 message  {Id=7dbc03a7-d804-4de6-a28a-17a8506bec69,FirstNumber=350,secondNumber=563}  added by thread pool-3-thread-6
 message  {Id=7dbc03a7-d804-4de6-a28a-17a8506bec69,FirstNumber=350,secondNumber=563}  written to file by thread pool-3-thread-5
 message  {Id=43ecfb2c-5584-49c1-8423-2b0149b8d4e7,FirstNumber=860,secondNumber=1239}  added by thread pool-3-thread-6
 message  {Id=544b6e6b-c737-497a-afce-ece288278f1e,FirstNumber=155,secondNumber=639}  added by thread pool-3-thread-6
 message  {Id=43ecfb2c-5584-49c1-8423-2b0149b8d4e7,FirstNumber=860,secondNumber=1239}  written to file by thread pool-3-thread-4
 message  {Id=544b6e6b-c737-497a-afce-ece288278f1e,FirstNumber=155,secondNumber=639}  written to file by thread pool-3-thread-3
 message  {Id=52cce6e7-1c0a-4655-9298-7a33e5decd45,FirstNumber=654,secondNumber=817}  added by thread pool-3-thread-6
 message  {Id=52cce6e7-1c0a-4655-9298-7a33e5decd45,FirstNumber=654,secondNumber=817}  written to file by thread pool-3-thread-3
 message  {Id=58296507-e9b4-46f5-8eb2-30b18d40ebac,FirstNumber=110,secondNumber=217}  added by thread pool-3-thread-6
 message  {Id=58296507-e9b4-46f5-8eb2-30b18d40ebac,FirstNumber=110,secondNumber=217}  written to file by thread pool-3-thread-1
 message  {Id=d618e62d-5d93-474f-90c6-a9c39e70ca33,FirstNumber=729,secondNumber=413}  added by thread pool-3-thread-6
 message  {Id=d618e62d-5d93-474f-90c6-a9c39e70ca33,FirstNumber=729,secondNumber=413}  written to file by thread pool-3-thread-1
 message  {Id=6cb4394e-1400-4127-8ff4-1ea0b13ff0d3,FirstNumber=354,secondNumber=1670}  added by thread pool-3-thread-6
 message  {Id=6cb4394e-1400-4127-8ff4-1ea0b13ff0d3,FirstNumber=354,secondNumber=1670}  written to file by thread pool-3-thread-4
 message  {Id=ca6d7ce3-0641-4196-bdcd-59d0b7eb82a4,FirstNumber=235,secondNumber=437}  added by thread pool-3-thread-6
 message  {Id=ca6d7ce3-0641-4196-bdcd-59d0b7eb82a4,FirstNumber=235,secondNumber=437}  written to file by thread pool-3-thread-4
 message  {Id=87723a15-f437-4ac5-afc4-15d70fae4987,FirstNumber=200,secondNumber=147}  added by thread pool-3-thread-6
 message  {Id=87723a15-f437-4ac5-afc4-15d70fae4987,FirstNumber=200,secondNumber=147}  written to file by thread pool-3-thread-3
 message  {Id=d94fd2ec-69e6-43cb-9f74-7727c1dcbec2,FirstNumber=672,secondNumber=39}  added by thread pool-3-thread-6
 message  {Id=d94fd2ec-69e6-43cb-9f74-7727c1dcbec2,FirstNumber=672,secondNumber=39}  written to file by thread pool-3-thread-3
 message  {Id=ad5f2822-bf86-45cb-83cf-6824b83f09cb,FirstNumber=344,secondNumber=1425}  added by thread pool-3-thread-6
 message  {Id=ad5f2822-bf86-45cb-83cf-6824b83f09cb,FirstNumber=344,secondNumber=1425}  written to file by thread pool-3-thread-1
 message  {Id=42655ca8-0568-4891-9592-b616e8b3cc7d,FirstNumber=551,secondNumber=794}  added by thread pool-3-thread-6
 message  {Id=c26a2981-0aa6-4ee1-8302-4936b451f853,FirstNumber=287,secondNumber=498}  added by thread pool-3-thread-6
 message  {Id=42655ca8-0568-4891-9592-b616e8b3cc7d,FirstNumber=551,secondNumber=794}  written to file by thread pool-3-thread-2
 message  {Id=c26a2981-0aa6-4ee1-8302-4936b451f853,FirstNumber=287,secondNumber=498}  written to file by thread pool-3-thread-4
 message  {Id=3c58e7a9-fdbb-4af0-98dc-26fb34c09295,FirstNumber=191,secondNumber=731}  added by thread pool-3-thread-6
 message  {Id=3c58e7a9-fdbb-4af0-98dc-26fb34c09295,FirstNumber=191,secondNumber=731}  written to file by thread pool-3-thread-5
 message  {Id=0a2d244a-5659-47ec-9b53-d00d02928920,FirstNumber=233,secondNumber=1024}  added by thread pool-3-thread-6
 message  {Id=0a2d244a-5659-47ec-9b53-d00d02928920,FirstNumber=233,secondNumber=1024}  written to file by thread pool-3-thread-3
 message  {Id=2c2d5769-7824-4c24-9a3b-26a5b587344a,FirstNumber=434,secondNumber=1771}  added by thread pool-3-thread-6
 message  {Id=2c2d5769-7824-4c24-9a3b-26a5b587344a,FirstNumber=434,secondNumber=1771}  written to file by thread pool-3-thread-3
 message  {Id=2cb802fa-f764-41d6-bc0e-3b35bb6c0cbe,FirstNumber=312,secondNumber=1468}  added by thread pool-3-thread-6
 message  {Id=2cb802fa-f764-41d6-bc0e-3b35bb6c0cbe,FirstNumber=312,secondNumber=1468}  written to file by thread pool-3-thread-3
 message  {Id=869e6d22-584a-4ff2-a504-638fccb32d96,FirstNumber=688,secondNumber=843}  added by thread pool-3-thread-6
 message  {Id=869e6d22-584a-4ff2-a504-638fccb32d96,FirstNumber=688,secondNumber=843}  written to file by thread pool-3-thread-4
 message  {Id=0e53e7ee-9864-4cf6-90ed-0642b090faf1,FirstNumber=381,secondNumber=1130}  added by thread pool-3-thread-6
 message  {Id=0e53e7ee-9864-4cf6-90ed-0642b090faf1,FirstNumber=381,secondNumber=1130}  written to file by thread pool-3-thread-5
 message  {Id=26c6e447-a77e-461b-bb26-59332e3bcbf2,FirstNumber=250,secondNumber=585}  added by thread pool-3-thread-6
 message  {Id=26c6e447-a77e-461b-bb26-59332e3bcbf2,FirstNumber=250,secondNumber=585}  written to file by thread pool-3-thread-1
 message  {Id=1e10cac8-77aa-4859-90d6-09cb5e04b98e,FirstNumber=463,secondNumber=372}  added by thread pool-3-thread-6
 message  {Id=1e10cac8-77aa-4859-90d6-09cb5e04b98e,FirstNumber=463,secondNumber=372}  written to file by thread pool-3-thread-1
 message  {Id=ce6a9d4c-9810-42c3-9dfa-28b113ded1c7,FirstNumber=3,secondNumber=1181}  added by thread pool-3-thread-6
 message  {Id=476c8616-3091-4026-8737-f3e29765b139,FirstNumber=912,secondNumber=833}  added by thread pool-3-thread-6
 message  {Id=ce6a9d4c-9810-42c3-9dfa-28b113ded1c7,FirstNumber=3,secondNumber=1181}  written to file by thread pool-3-thread-3
 message  {Id=476c8616-3091-4026-8737-f3e29765b139,FirstNumber=912,secondNumber=833}  written to file by thread pool-3-thread-4
 message  {Id=776dccbb-219d-44f9-a5af-381ce25ac934,FirstNumber=808,secondNumber=789}  added by thread pool-3-thread-6
 message  {Id=776dccbb-219d-44f9-a5af-381ce25ac934,FirstNumber=808,secondNumber=789}  written to file by thread pool-3-thread-5
 message  {Id=087f671a-1cc3-465c-934d-f476f6d12d02,FirstNumber=658,secondNumber=823}  added by thread pool-3-thread-6
 message  {Id=087f671a-1cc3-465c-934d-f476f6d12d02,FirstNumber=658,secondNumber=823}  written to file by thread pool-3-thread-5
 message  {Id=af9df401-326a-4fe3-9cca-8bed6fc51aa4,FirstNumber=1,secondNumber=548}  added by thread pool-3-thread-6
 message  {Id=af9df401-326a-4fe3-9cca-8bed6fc51aa4,FirstNumber=1,secondNumber=548}  written to file by thread pool-3-thread-1
 message  {Id=7bf2b682-ef62-431e-a144-30f3672ea3f3,FirstNumber=29,secondNumber=1899}  added by thread pool-3-thread-6
 message  {Id=7bf2b682-ef62-431e-a144-30f3672ea3f3,FirstNumber=29,secondNumber=1899}  written to file by thread pool-3-thread-1
 message  {Id=e6f09ae5-e6ca-4fd3-bc76-f39575884977,FirstNumber=459,secondNumber=670}  added by thread pool-3-thread-6
 message  {Id=e6f09ae5-e6ca-4fd3-bc76-f39575884977,FirstNumber=459,secondNumber=670}  written to file by thread pool-3-thread-4
 message  {Id=8a5e1193-5029-46f0-95d6-44407fc793f4,FirstNumber=403,secondNumber=884}  added by thread pool-3-thread-6
 message  {Id=8a5e1193-5029-46f0-95d6-44407fc793f4,FirstNumber=403,secondNumber=884}  written to file by thread pool-3-thread-4
 message  {Id=a141e487-b14c-4e63-9898-a366b0134423,FirstNumber=524,secondNumber=267}  added by thread pool-3-thread-6
 message  {Id=a141e487-b14c-4e63-9898-a366b0134423,FirstNumber=524,secondNumber=267}  written to file by thread pool-3-thread-5
 message  {Id=3c4863e1-1fd6-484c-be6a-9a2634cf05da,FirstNumber=923,secondNumber=486}  added by thread pool-3-thread-6
 message  {Id=3c4863e1-1fd6-484c-be6a-9a2634cf05da,FirstNumber=923,secondNumber=486}  written to file by thread pool-3-thread-5
 message  {Id=43bb184c-9165-4ed0-8eb5-464504abf7a7,FirstNumber=564,secondNumber=757}  added by thread pool-3-thread-6
 message  {Id=776ef956-cdef-4246-bd86-515a6a698e2c,FirstNumber=67,secondNumber=867}  added by thread pool-3-thread-6
 message  {Id=43bb184c-9165-4ed0-8eb5-464504abf7a7,FirstNumber=564,secondNumber=757}  written to file by thread pool-3-thread-1
 message  {Id=776ef956-cdef-4246-bd86-515a6a698e2c,FirstNumber=67,secondNumber=867}  written to file by thread pool-3-thread-2
 message  {Id=d2cc6d47-d024-479d-93ce-4e61a4d5889b,FirstNumber=991,secondNumber=1720}  added by thread pool-3-thread-6
 message  {Id=d2cc6d47-d024-479d-93ce-4e61a4d5889b,FirstNumber=991,secondNumber=1720}  written to file by thread pool-3-thread-4
 message  {Id=49ed1dc1-3863-4e82-a83c-7d029eec6edb,FirstNumber=225,secondNumber=237}  added by thread pool-3-thread-6
 message  {Id=49ed1dc1-3863-4e82-a83c-7d029eec6edb,FirstNumber=225,secondNumber=237}  written to file by thread pool-3-thread-3
 message  {Id=d6edad49-2fbc-4093-8dc2-f33b5ded22ae,FirstNumber=344,secondNumber=502}  added by thread pool-3-thread-6
 message  {Id=d6edad49-2fbc-4093-8dc2-f33b5ded22ae,FirstNumber=344,secondNumber=502}  written to file by thread pool-3-thread-3
 message  {Id=9e7862d3-09e6-4076-b77b-fe8f5819551a,FirstNumber=404,secondNumber=390}  added by thread pool-3-thread-6
 message  {Id=9e7862d3-09e6-4076-b77b-fe8f5819551a,FirstNumber=404,secondNumber=390}  written to file by thread pool-3-thread-3
 message  {Id=b90fb455-3d1b-4448-b3a9-14f8346ddd26,FirstNumber=326,secondNumber=65}  added by thread pool-3-thread-6
 message  {Id=b90fb455-3d1b-4448-b3a9-14f8346ddd26,FirstNumber=326,secondNumber=65}  written to file by thread pool-3-thread-3
 message  {Id=d3035364-f242-4d39-8598-6965c40fcaaf,FirstNumber=98,secondNumber=402}  added by thread pool-3-thread-6
 message  {Id=d3035364-f242-4d39-8598-6965c40fcaaf,FirstNumber=98,secondNumber=402}  written to file by thread pool-3-thread-4
 message  {Id=d88cea49-5aea-4ead-a875-41ca427f6059,FirstNumber=616,secondNumber=1954}  added by thread pool-3-thread-6
 message  {Id=d88cea49-5aea-4ead-a875-41ca427f6059,FirstNumber=616,secondNumber=1954}  written to file by thread pool-3-thread-5
 message  {Id=0beecdf0-cd30-4f43-99f2-cd1557af9e16,FirstNumber=311,secondNumber=1804}  added by thread pool-3-thread-6
 message  {Id=0beecdf0-cd30-4f43-99f2-cd1557af9e16,FirstNumber=311,secondNumber=1804}  written to file by thread pool-3-thread-5
 message  {Id=c29fb80c-14b2-4bf7-9502-567c449084da,FirstNumber=946,secondNumber=825}  added by thread pool-3-thread-6
 message  {Id=5c7ff0b8-ccc6-4bd7-bc6a-ea2b3bec070b,FirstNumber=548,secondNumber=266}  added by thread pool-3-thread-6
 message  {Id=c29fb80c-14b2-4bf7-9502-567c449084da,FirstNumber=946,secondNumber=825}  written to file by thread pool-3-thread-2
 message  {Id=5c7ff0b8-ccc6-4bd7-bc6a-ea2b3bec070b,FirstNumber=548,secondNumber=266}  written to file by thread pool-3-thread-3
 message  {Id=1718dce3-672a-485b-97a6-95f7277ad62e,FirstNumber=642,secondNumber=944}  added by thread pool-3-thread-6
 message  {Id=1718dce3-672a-485b-97a6-95f7277ad62e,FirstNumber=642,secondNumber=944}  written to file by thread pool-3-thread-3
 message  {Id=1d2d9e9c-78e3-4e03-b4a8-0722d2cc52a3,FirstNumber=687,secondNumber=670}  added by thread pool-3-thread-6
 message  {Id=1d2d9e9c-78e3-4e03-b4a8-0722d2cc52a3,FirstNumber=687,secondNumber=670}  written to file by thread pool-3-thread-1
 message  {Id=4173e55f-bdb8-4e81-900c-5c8af32e0979,FirstNumber=806,secondNumber=21}  added by thread pool-3-thread-6
 message  {Id=4173e55f-bdb8-4e81-900c-5c8af32e0979,FirstNumber=806,secondNumber=21}  written to file by thread pool-3-thread-1
 message  {Id=6011aca5-d854-4e9b-a775-9091acdaaedb,FirstNumber=93,secondNumber=1684}  added by thread pool-3-thread-6
 message  {Id=6011aca5-d854-4e9b-a775-9091acdaaedb,FirstNumber=93,secondNumber=1684}  written to file by thread pool-3-thread-2
 message  {Id=d3a60485-1ff3-4b4d-a0fd-371d9875c448,FirstNumber=600,secondNumber=767}  added by thread pool-3-thread-6
 message  {Id=d3a60485-1ff3-4b4d-a0fd-371d9875c448,FirstNumber=600,secondNumber=767}  written to file by thread pool-3-thread-2
 message  {Id=081bcb0b-8402-460b-8239-ac38bc8d2662,FirstNumber=464,secondNumber=608}  added by thread pool-3-thread-6
 message  {Id=081bcb0b-8402-460b-8239-ac38bc8d2662,FirstNumber=464,secondNumber=608}  written to file by thread pool-3-thread-3
 message  {Id=114fbdf1-c40f-4b1f-b764-81106709784a,FirstNumber=487,secondNumber=356}  added by thread pool-3-thread-6
 message  {Id=114fbdf1-c40f-4b1f-b764-81106709784a,FirstNumber=487,secondNumber=356}  written to file by thread pool-3-thread-5
 message  {Id=3b9e37bd-55fe-491a-8946-956a4b64bf83,FirstNumber=917,secondNumber=1612}  added by thread pool-3-thread-6
 message  {Id=3b9e37bd-55fe-491a-8946-956a4b64bf83,FirstNumber=917,secondNumber=1612}  written to file by thread pool-3-thread-1
 message  {Id=01a57683-c43a-4c1c-86c5-b04f44b2de7c,FirstNumber=51,secondNumber=1461}  added by thread pool-3-thread-6
 message  {Id=01a57683-c43a-4c1c-86c5-b04f44b2de7c,FirstNumber=51,secondNumber=1461}  written to file by thread pool-3-thread-1
 message  {Id=03bd4df7-0e6f-4503-b0c3-4bb351bfc58c,FirstNumber=473,secondNumber=543}  added by thread pool-3-thread-6
 message  {Id=03bd4df7-0e6f-4503-b0c3-4bb351bfc58c,FirstNumber=473,secondNumber=543}  written to file by thread pool-3-thread-1
 message  {Id=2456fde8-3dc1-423f-92bc-d372926c1af7,FirstNumber=216,secondNumber=597}  added by thread pool-3-thread-6
 message  {Id=08a7a04f-6efa-4c8e-8e8d-4b4f472948f2,FirstNumber=104,secondNumber=42}  added by thread pool-3-thread-6
 message  {Id=2456fde8-3dc1-423f-92bc-d372926c1af7,FirstNumber=216,secondNumber=597}  written to file by thread pool-3-thread-3
 message  {Id=08a7a04f-6efa-4c8e-8e8d-4b4f472948f2,FirstNumber=104,secondNumber=42}  written to file by thread pool-3-thread-5
 message  {Id=68024665-7293-4484-94c7-3ff9fdd3d677,FirstNumber=98,secondNumber=395}  added by thread pool-3-thread-6
 message  {Id=68024665-7293-4484-94c7-3ff9fdd3d677,FirstNumber=98,secondNumber=395}  written to file by thread pool-3-thread-4
 message  {Id=34c6a175-2c2d-4d6d-a4e8-b3c8a6352530,FirstNumber=108,secondNumber=1601}  added by thread pool-3-thread-6
 message  {Id=34c6a175-2c2d-4d6d-a4e8-b3c8a6352530,FirstNumber=108,secondNumber=1601}  written to file by thread pool-3-thread-4
 message  {Id=e0f4d057-8b81-49a9-bcc3-6551ce0884c2,FirstNumber=574,secondNumber=206}  added by thread pool-3-thread-6
 message  {Id=07f0afa9-121e-4e00-9ada-6df70a23b4c2,FirstNumber=256,secondNumber=593}  added by thread pool-3-thread-6
 message  {Id=e0f4d057-8b81-49a9-bcc3-6551ce0884c2,FirstNumber=574,secondNumber=206}  written to file by thread pool-3-thread-1
 message  {Id=07f0afa9-121e-4e00-9ada-6df70a23b4c2,FirstNumber=256,secondNumber=593}  written to file by thread pool-3-thread-3
 message  {Id=853dce9e-7519-468f-a042-c5a491a6fc91,FirstNumber=38,secondNumber=225}  added by thread pool-3-thread-6
 message  {Id=853dce9e-7519-468f-a042-c5a491a6fc91,FirstNumber=38,secondNumber=225}  written to file by thread pool-3-thread-5
 message  {Id=802b6c32-e313-42a7-91a7-b7d8c70ac63d,FirstNumber=416,secondNumber=1021}  added by thread pool-3-thread-6
 message  {Id=802b6c32-e313-42a7-91a7-b7d8c70ac63d,FirstNumber=416,secondNumber=1021}  written to file by thread pool-3-thread-5
 message  {Id=d8a72818-4c77-46f3-ba5b-e0051e864ec5,FirstNumber=113,secondNumber=233}  added by thread pool-3-thread-6
 message  {Id=200d05fc-8a61-47b6-abce-ab0029b9b492,FirstNumber=201,secondNumber=1185}  added by thread pool-3-thread-6
 message  {Id=d8a72818-4c77-46f3-ba5b-e0051e864ec5,FirstNumber=113,secondNumber=233}  written to file by thread pool-3-thread-4
 message  {Id=200d05fc-8a61-47b6-abce-ab0029b9b492,FirstNumber=201,secondNumber=1185}  written to file by thread pool-3-thread-1
 message  {Id=24508a8e-7131-48c8-ba85-182c6c0bc2c0,FirstNumber=395,secondNumber=503}  added by thread pool-3-thread-6
 message  {Id=24508a8e-7131-48c8-ba85-182c6c0bc2c0,FirstNumber=395,secondNumber=503}  written to file by thread pool-3-thread-1
 message  {Id=62f8ba54-abb5-4f09-85ca-f7699c7c4c3f,FirstNumber=580,secondNumber=1126}  added by thread pool-3-thread-6
 message  {Id=62f8ba54-abb5-4f09-85ca-f7699c7c4c3f,FirstNumber=580,secondNumber=1126}  written to file by thread pool-3-thread-1
 message  {Id=e88c31ff-012d-443e-b659-d20e4a332d07,FirstNumber=844,secondNumber=1350}  added by thread pool-3-thread-6
 message  {Id=e88c31ff-012d-443e-b659-d20e4a332d07,FirstNumber=844,secondNumber=1350}  written to file by thread pool-3-thread-5
 message  {Id=bfc7cced-bc70-4f65-bdef-ccd6bd7bdfd4,FirstNumber=519,secondNumber=723}  added by thread pool-3-thread-6
 message  {Id=bfc7cced-bc70-4f65-bdef-ccd6bd7bdfd4,FirstNumber=519,secondNumber=723}  written to file by thread pool-3-thread-5
 message  {Id=0bb01a05-d200-48ba-8ff8-64105bc2c676,FirstNumber=460,secondNumber=231}  added by thread pool-3-thread-6
 message  {Id=0bb01a05-d200-48ba-8ff8-64105bc2c676,FirstNumber=460,secondNumber=231}  written to file by thread pool-3-thread-3
 message  {Id=71d67bc9-e7d8-4515-83a3-838bc3935606,FirstNumber=129,secondNumber=1850}  added by thread pool-3-thread-6
 message  {Id=71d67bc9-e7d8-4515-83a3-838bc3935606,FirstNumber=129,secondNumber=1850}  written to file by thread pool-3-thread-2
 message  {Id=1b23c215-6501-4c0a-bc1e-29f0e61c4255,FirstNumber=528,secondNumber=1799}  added by thread pool-3-thread-6
 message  {Id=1b23c215-6501-4c0a-bc1e-29f0e61c4255,FirstNumber=528,secondNumber=1799}  written to file by thread pool-3-thread-1
 message  {Id=76cb2b92-80aa-452b-a28e-0c608266f9ec,FirstNumber=240,secondNumber=1727}  added by thread pool-3-thread-6
 message  {Id=76cb2b92-80aa-452b-a28e-0c608266f9ec,FirstNumber=240,secondNumber=1727}  written to file by thread pool-3-thread-4
 message  {Id=b10fbe11-8ead-4630-b97d-557968c7cbba,FirstNumber=350,secondNumber=590}  added by thread pool-3-thread-6
 message  {Id=b10fbe11-8ead-4630-b97d-557968c7cbba,FirstNumber=350,secondNumber=590}  written to file by thread pool-3-thread-5
 message  {Id=e95ec43b-9506-4ff2-83f0-ac06ce296db6,FirstNumber=275,secondNumber=859}  added by thread pool-3-thread-6
 message  {Id=e95ec43b-9506-4ff2-83f0-ac06ce296db6,FirstNumber=275,secondNumber=859}  written to file by thread pool-3-thread-3
 message  {Id=6002d0fc-2293-4aa5-a407-7b82395a846d,FirstNumber=895,secondNumber=1955}  added by thread pool-3-thread-6
 message  {Id=6002d0fc-2293-4aa5-a407-7b82395a846d,FirstNumber=895,secondNumber=1955}  written to file by thread pool-3-thread-2
 message  {Id=3ac8c34e-774f-4c14-9763-090324d86dea,FirstNumber=856,secondNumber=878}  added by thread pool-3-thread-6
 message  {Id=3ac8c34e-774f-4c14-9763-090324d86dea,FirstNumber=856,secondNumber=878}  written to file by thread pool-3-thread-1
 message  {Id=aee7ecb0-848c-49d8-9d29-234c5f82bd33,FirstNumber=371,secondNumber=29}  added by thread pool-3-thread-6
 message  {Id=aee7ecb0-848c-49d8-9d29-234c5f82bd33,FirstNumber=371,secondNumber=29}  written to file by thread pool-3-thread-1
 message  {Id=79af762e-6c74-48fa-8680-d1f05cfa5ecc,FirstNumber=76,secondNumber=329}  added by thread pool-3-thread-6
 message  {Id=79af762e-6c74-48fa-8680-d1f05cfa5ecc,FirstNumber=76,secondNumber=329}  written to file by thread pool-3-thread-5
 message  {Id=24b785e2-25e7-449c-920d-5b0c3a2f675c,FirstNumber=355,secondNumber=1324}  added by thread pool-3-thread-6
 message  {Id=24b785e2-25e7-449c-920d-5b0c3a2f675c,FirstNumber=355,secondNumber=1324}  written to file by thread pool-3-thread-5
 message  {Id=87604687-d6b2-42bd-95ac-571bc8f47817,FirstNumber=883,secondNumber=1290}  added by thread pool-3-thread-6
 message  {Id=87604687-d6b2-42bd-95ac-571bc8f47817,FirstNumber=883,secondNumber=1290}  written to file by thread pool-3-thread-2
 message  {Id=910f9ff5-5bcf-48f0-86d6-84e18d42868d,FirstNumber=68,secondNumber=861}  added by thread pool-3-thread-6
 message  {Id=910f9ff5-5bcf-48f0-86d6-84e18d42868d,FirstNumber=68,secondNumber=861}  written to file by thread pool-3-thread-4
 message  {Id=0430beb7-ba20-4499-a528-57ea5d55a515,FirstNumber=571,secondNumber=1355}  added by thread pool-3-thread-6
 message  {Id=0430beb7-ba20-4499-a528-57ea5d55a515,FirstNumber=571,secondNumber=1355}  written to file by thread pool-3-thread-4
 message  {Id=1c021e8c-ba95-4359-affd-7de550c44f10,FirstNumber=717,secondNumber=1128}  added by thread pool-3-thread-6
 message  {Id=08a549ef-f593-4453-8820-18025e61549c,FirstNumber=691,secondNumber=1608}  added by thread pool-3-thread-6
 message  {Id=1c021e8c-ba95-4359-affd-7de550c44f10,FirstNumber=717,secondNumber=1128}  written to file by thread pool-3-thread-3
 message  {Id=08a549ef-f593-4453-8820-18025e61549c,FirstNumber=691,secondNumber=1608}  written to file by thread pool-3-thread-5
 message  {Id=ccbab706-e2d9-498f-93f1-2c78ec949a2f,FirstNumber=267,secondNumber=17}  added by thread pool-3-thread-6
 message  {Id=ccbab706-e2d9-498f-93f1-2c78ec949a2f,FirstNumber=267,secondNumber=17}  written to file by thread pool-3-thread-2
 message  {Id=b97f8cfd-704d-4756-9384-ebe37b493143,FirstNumber=815,secondNumber=1366}  added by thread pool-3-thread-6
 message  {Id=b97f8cfd-704d-4756-9384-ebe37b493143,FirstNumber=815,secondNumber=1366}  written to file by thread pool-3-thread-2
 message  {Id=2364d6cc-40ab-45da-8069-814457f79c91,FirstNumber=457,secondNumber=933}  added by thread pool-3-thread-6
 message  {Id=2364d6cc-40ab-45da-8069-814457f79c91,FirstNumber=457,secondNumber=933}  written to file by thread pool-3-thread-4
 message  {Id=ead97013-72a2-4079-b741-d62ac7427903,FirstNumber=101,secondNumber=1835}  added by thread pool-3-thread-6
 message  {Id=ead97013-72a2-4079-b741-d62ac7427903,FirstNumber=101,secondNumber=1835}  written to file by thread pool-3-thread-4
 message  {Id=0e7cd38f-7342-4f71-b409-d4db4128efd2,FirstNumber=495,secondNumber=31}  added by thread pool-3-thread-6
 message  {Id=0e7cd38f-7342-4f71-b409-d4db4128efd2,FirstNumber=495,secondNumber=31}  written to file by thread pool-3-thread-4
 message  {Id=2964c51a-0044-4ec3-a6e5-2f0f580c9516,FirstNumber=251,secondNumber=1232}  added by thread pool-3-thread-6
 message  {Id=2964c51a-0044-4ec3-a6e5-2f0f580c9516,FirstNumber=251,secondNumber=1232}  written to file by thread pool-3-thread-1
 message  {Id=6a4f9b71-b5fd-45fb-b1ee-412150bf3321,FirstNumber=442,secondNumber=1763}  added by thread pool-3-thread-6
 message  {Id=6a4f9b71-b5fd-45fb-b1ee-412150bf3321,FirstNumber=442,secondNumber=1763}  written to file by thread pool-3-thread-1
 message  {Id=60c33903-521c-4bc5-8ec4-30de492844be,FirstNumber=240,secondNumber=244}  added by thread pool-3-thread-6
 message  {Id=60c33903-521c-4bc5-8ec4-30de492844be,FirstNumber=240,secondNumber=244}  written to file by thread pool-3-thread-3
 message  {Id=3772dee7-5079-4718-aa44-bcceadad4a77,FirstNumber=344,secondNumber=1990}  added by thread pool-3-thread-6
 message  {Id=a83d1086-ac26-4ecd-93f3-65e2202f6aed,FirstNumber=780,secondNumber=1821}  added by thread pool-3-thread-6
 message  {Id=3772dee7-5079-4718-aa44-bcceadad4a77,FirstNumber=344,secondNumber=1990}  written to file by thread pool-3-thread-5
 message  {Id=a83d1086-ac26-4ecd-93f3-65e2202f6aed,FirstNumber=780,secondNumber=1821}  written to file by thread pool-3-thread-4
 message  {Id=d09ae9ab-2445-4d88-bda1-4a34853879e8,FirstNumber=727,secondNumber=1629}  added by thread pool-3-thread-6
 message  {Id=d09ae9ab-2445-4d88-bda1-4a34853879e8,FirstNumber=727,secondNumber=1629}  written to file by thread pool-3-thread-2
 message  {Id=9a875b13-4905-4aaa-940b-e1ebf47ba36c,FirstNumber=923,secondNumber=296}  added by thread pool-3-thread-6
 message  {Id=9a875b13-4905-4aaa-940b-e1ebf47ba36c,FirstNumber=923,secondNumber=296}  written to file by thread pool-3-thread-2
 message  {Id=248da839-f2de-40cf-a1b4-ba3e47780542,FirstNumber=433,secondNumber=361}  added by thread pool-3-thread-6
 message  {Id=248da839-f2de-40cf-a1b4-ba3e47780542,FirstNumber=433,secondNumber=361}  written to file by thread pool-3-thread-3
 message  {Id=05ecd595-fdbb-4187-9cfb-45628a892008,FirstNumber=989,secondNumber=814}  added by thread pool-3-thread-6
 message  {Id=9301fa61-5988-4063-b567-1502a6439c5f,FirstNumber=952,secondNumber=42}  added by thread pool-3-thread-6
 message  {Id=05ecd595-fdbb-4187-9cfb-45628a892008,FirstNumber=989,secondNumber=814}  written to file by thread pool-3-thread-5
 message  {Id=9301fa61-5988-4063-b567-1502a6439c5f,FirstNumber=952,secondNumber=42}  written to file by thread pool-3-thread-4
 message  {Id=dcf0a2a8-92b6-4a83-b3d6-ffbb2223bb69,FirstNumber=460,secondNumber=1061}  added by thread pool-3-thread-6
 message  {Id=dcf0a2a8-92b6-4a83-b3d6-ffbb2223bb69,FirstNumber=460,secondNumber=1061}  written to file by thread pool-3-thread-4
 message  {Id=f21bc89f-8195-4fe7-a685-24c1dbbeb3ef,FirstNumber=915,secondNumber=110}  added by thread pool-3-thread-6
 message  {Id=f21bc89f-8195-4fe7-a685-24c1dbbeb3ef,FirstNumber=915,secondNumber=110}  written to file by thread pool-3-thread-2
 message  {Id=1a8af076-bafb-4ae9-aca4-c017d18917ff,FirstNumber=831,secondNumber=1024}  added by thread pool-3-thread-6
 message  {Id=1a8af076-bafb-4ae9-aca4-c017d18917ff,FirstNumber=831,secondNumber=1024}  written to file by thread pool-3-thread-2
 message  {Id=1e93c00d-7bb7-4c76-a63f-b80908c85d6e,FirstNumber=261,secondNumber=1566}  added by thread pool-3-thread-6
 message  {Id=e2ff2c22-2130-4829-9f62-560d86f8249a,FirstNumber=59,secondNumber=1222}  added by thread pool-3-thread-6
 message  {Id=1e93c00d-7bb7-4c76-a63f-b80908c85d6e,FirstNumber=261,secondNumber=1566}  written to file by thread pool-3-thread-5
 message  {Id=e2ff2c22-2130-4829-9f62-560d86f8249a,FirstNumber=59,secondNumber=1222}  written to file by thread pool-3-thread-1
 message  {Id=97ad2985-551c-477e-b4c7-81232c83783b,FirstNumber=146,secondNumber=288}  added by thread pool-3-thread-6
 message  {Id=97ad2985-551c-477e-b4c7-81232c83783b,FirstNumber=146,secondNumber=288}  written to file by thread pool-3-thread-4
 message  {Id=11a49f81-5dcf-49bb-b020-6046ba63e912,FirstNumber=611,secondNumber=831}  added by thread pool-3-thread-6
 message  {Id=11a49f81-5dcf-49bb-b020-6046ba63e912,FirstNumber=611,secondNumber=831}  written to file by thread pool-3-thread-4
 message  {Id=5b55a278-e37d-4b22-a1f4-d25265cf0ce3,FirstNumber=179,secondNumber=1265}  added by thread pool-3-thread-6
 message  {Id=5b55a278-e37d-4b22-a1f4-d25265cf0ce3,FirstNumber=179,secondNumber=1265}  written to file by thread pool-3-thread-4
 message  {Id=04a3561e-0ea2-45c2-9d7f-272fb6631d17,FirstNumber=293,secondNumber=1394}  added by thread pool-3-thread-6
 message  {Id=04a3561e-0ea2-45c2-9d7f-272fb6631d17,FirstNumber=293,secondNumber=1394}  written to file by thread pool-3-thread-5
 message  {Id=b6598490-80dd-4795-93a9-1e8c9d80ef30,FirstNumber=313,secondNumber=1059}  added by thread pool-3-thread-6
 message  {Id=b6598490-80dd-4795-93a9-1e8c9d80ef30,FirstNumber=313,secondNumber=1059}  written to file by thread pool-3-thread-5
 message  {Id=2e6fdb95-af11-4923-9549-ac7d92923380,FirstNumber=415,secondNumber=1670}  added by thread pool-3-thread-6
 message  {Id=2e6fdb95-af11-4923-9549-ac7d92923380,FirstNumber=415,secondNumber=1670}  written to file by thread pool-3-thread-3
 message  {Id=2792cfe9-a1a4-4ad4-8d30-df4dcd16f632,FirstNumber=243,secondNumber=362}  added by thread pool-3-thread-6
 message  {Id=2792cfe9-a1a4-4ad4-8d30-df4dcd16f632,FirstNumber=243,secondNumber=362}  written to file by thread pool-3-thread-3
 message  {Id=95284f83-71b1-41bb-8fef-9b9b45cdcba3,FirstNumber=940,secondNumber=1694}  added by thread pool-3-thread-6
 message  {Id=95284f83-71b1-41bb-8fef-9b9b45cdcba3,FirstNumber=940,secondNumber=1694}  written to file by thread pool-3-thread-4
 message  {Id=89f377a6-2b78-40bd-81cd-05ae3c15ef19,FirstNumber=384,secondNumber=1790}  added by thread pool-3-thread-6
 message  {Id=89f377a6-2b78-40bd-81cd-05ae3c15ef19,FirstNumber=384,secondNumber=1790}  written to file by thread pool-3-thread-4
 message  {Id=890f078c-d960-4add-86c5-7b245562c68a,FirstNumber=739,secondNumber=1263}  added by thread pool-3-thread-6
 message  {Id=890f078c-d960-4add-86c5-7b245562c68a,FirstNumber=739,secondNumber=1263}  written to file by thread pool-3-thread-4
 message  {Id=b815c619-d4c9-4d82-aa75-aacd78a042d0,FirstNumber=800,secondNumber=1258}  added by thread pool-3-thread-6
 message  {Id=b815c619-d4c9-4d82-aa75-aacd78a042d0,FirstNumber=800,secondNumber=1258}  written to file by thread pool-3-thread-2
 message  {Id=427b7a5c-fc49-43b0-b82e-0b7ad78fc9a4,FirstNumber=698,secondNumber=1836}  added by thread pool-3-thread-6
 message  {Id=427b7a5c-fc49-43b0-b82e-0b7ad78fc9a4,FirstNumber=698,secondNumber=1836}  written to file by thread pool-3-thread-2
 message  {Id=30f52535-6984-4863-a489-e9de88d2c2c9,FirstNumber=151,secondNumber=1488}  added by thread pool-3-thread-6
 message  {Id=30f52535-6984-4863-a489-e9de88d2c2c9,FirstNumber=151,secondNumber=1488}  written to file by thread pool-3-thread-1
 message  {Id=07619e7a-2d94-4fca-8205-4c31b8938046,FirstNumber=957,secondNumber=1663}  added by thread pool-3-thread-6
 message  {Id=07619e7a-2d94-4fca-8205-4c31b8938046,FirstNumber=957,secondNumber=1663}  written to file by thread pool-3-thread-1
 message  {Id=91f4bbe1-c4a0-4473-aaff-28a3edf68a9b,FirstNumber=436,secondNumber=875}  added by thread pool-3-thread-6
 message  {Id=91f4bbe1-c4a0-4473-aaff-28a3edf68a9b,FirstNumber=436,secondNumber=875}  written to file by thread pool-3-thread-4
 message  {Id=06b94c48-af6f-455e-821d-b73a4fb1842c,FirstNumber=938,secondNumber=144}  added by thread pool-3-thread-6
 message  {Id=06b94c48-af6f-455e-821d-b73a4fb1842c,FirstNumber=938,secondNumber=144}  written to file by thread pool-3-thread-4
 message  {Id=f6874971-2dd1-42ab-ad12-013ec52779de,FirstNumber=224,secondNumber=445}  added by thread pool-3-thread-6
 message  {Id=f6874971-2dd1-42ab-ad12-013ec52779de,FirstNumber=224,secondNumber=445}  written to file by thread pool-3-thread-4
 message  {Id=c48515e9-d93d-4fe2-9c92-2d95193c3b51,FirstNumber=596,secondNumber=1663}  added by thread pool-3-thread-6
 message  {Id=c48515e9-d93d-4fe2-9c92-2d95193c3b51,FirstNumber=596,secondNumber=1663}  written to file by thread pool-3-thread-5
 message  {Id=aa162130-ed4f-4b81-80e5-602a47382ebc,FirstNumber=584,secondNumber=1080}  added by thread pool-3-thread-6
 message  {Id=aa162130-ed4f-4b81-80e5-602a47382ebc,FirstNumber=584,secondNumber=1080}  written to file by thread pool-3-thread-1
 message  {Id=34aef376-5c79-461e-8f85-457b9e5c7284,FirstNumber=813,secondNumber=1425}  added by thread pool-3-thread-6
 message  {Id=34aef376-5c79-461e-8f85-457b9e5c7284,FirstNumber=813,secondNumber=1425}  written to file by thread pool-3-thread-3
 message  {Id=e33da446-a0eb-4dc5-ac87-686c995df50d,FirstNumber=706,secondNumber=367}  added by thread pool-3-thread-6
 message  {Id=e33da446-a0eb-4dc5-ac87-686c995df50d,FirstNumber=706,secondNumber=367}  written to file by thread pool-3-thread-3
 message  {Id=b3906c7d-280b-4b71-a017-16f9ad1d232e,FirstNumber=5,secondNumber=1035}  added by thread pool-3-thread-6
 message  {Id=b3906c7d-280b-4b71-a017-16f9ad1d232e,FirstNumber=5,secondNumber=1035}  written to file by thread pool-3-thread-4
 message  {Id=ef084d96-dc91-4790-b6f5-43409a5b9401,FirstNumber=664,secondNumber=1548}  added by thread pool-3-thread-6
 message  {Id=ef084d96-dc91-4790-b6f5-43409a5b9401,FirstNumber=664,secondNumber=1548}  written to file by thread pool-3-thread-4
 message  {Id=dedc74b8-928a-4f20-a5f7-2d75cb076eda,FirstNumber=56,secondNumber=108}  added by thread pool-3-thread-6
 message  {Id=dedc74b8-928a-4f20-a5f7-2d75cb076eda,FirstNumber=56,secondNumber=108}  written to file by thread pool-3-thread-1
 message  {Id=81c50131-e287-42a8-9c16-4719fd305953,FirstNumber=689,secondNumber=848}  added by thread pool-3-thread-6
 message  {Id=81c50131-e287-42a8-9c16-4719fd305953,FirstNumber=689,secondNumber=848}  written to file by thread pool-3-thread-1
 message  {Id=d136b45f-cba4-494c-96f1-943bf6749d71,FirstNumber=14,secondNumber=1076}  added by thread pool-3-thread-6
 message  {Id=d136b45f-cba4-494c-96f1-943bf6749d71,FirstNumber=14,secondNumber=1076}  written to file by thread pool-3-thread-3
 message  {Id=e7f17935-e528-40a9-bc35-2c7886e9253b,FirstNumber=532,secondNumber=667}  added by thread pool-3-thread-6
 message  {Id=e7f17935-e528-40a9-bc35-2c7886e9253b,FirstNumber=532,secondNumber=667}  written to file by thread pool-3-thread-3
 message  {Id=160e04b5-0b56-4771-adea-a9cacdd1f23e,FirstNumber=887,secondNumber=862}  added by thread pool-3-thread-6
 message  {Id=fe84b8bf-68d7-43ae-8dfd-5490744a67bd,FirstNumber=492,secondNumber=1596}  added by thread pool-3-thread-6
 message  {Id=160e04b5-0b56-4771-adea-a9cacdd1f23e,FirstNumber=887,secondNumber=862}  written to file by thread pool-3-thread-4
 message  {Id=1b8e6246-a5cd-4bd3-bb6d-69ff806faf16,FirstNumber=665,secondNumber=852}  added by thread pool-3-thread-6
 message  {Id=fe84b8bf-68d7-43ae-8dfd-5490744a67bd,FirstNumber=492,secondNumber=1596}  written to file by thread pool-3-thread-2
 message  {Id=1b8e6246-a5cd-4bd3-bb6d-69ff806faf16,FirstNumber=665,secondNumber=852}  written to file by thread pool-3-thread-1
 message  {Id=6f6e330c-5ce7-4dc4-be69-4d63641b58ed,FirstNumber=737,secondNumber=362}  added by thread pool-3-thread-6
 message  {Id=6f6e330c-5ce7-4dc4-be69-4d63641b58ed,FirstNumber=737,secondNumber=362}  written to file by thread pool-3-thread-5
 message  {Id=1ddd85fc-360e-4a7c-a916-299ee60c2b19,FirstNumber=518,secondNumber=1305}  added by thread pool-3-thread-6
 message  {Id=1ddd85fc-360e-4a7c-a916-299ee60c2b19,FirstNumber=518,secondNumber=1305}  written to file by thread pool-3-thread-3
 message  {Id=acf5db43-96fa-4f1e-97b2-e375684ad95c,FirstNumber=168,secondNumber=278}  added by thread pool-3-thread-6
 message  {Id=acf5db43-96fa-4f1e-97b2-e375684ad95c,FirstNumber=168,secondNumber=278}  written to file by thread pool-3-thread-3
 message  {Id=732f96b5-5d4a-4341-8637-6aba7fc80e6e,FirstNumber=285,secondNumber=631}  added by thread pool-3-thread-6
 message  {Id=732f96b5-5d4a-4341-8637-6aba7fc80e6e,FirstNumber=285,secondNumber=631}  written to file by thread pool-3-thread-3
 message  {Id=5e623d1f-894e-4eef-a4fb-4782f153873b,FirstNumber=450,secondNumber=231}  added by thread pool-3-thread-6
 message  {Id=5e623d1f-894e-4eef-a4fb-4782f153873b,FirstNumber=450,secondNumber=231}  written to file by thread pool-3-thread-3
 message  {Id=f8dd0c56-2981-4cf5-a5b7-d4089ecbc9fe,FirstNumber=646,secondNumber=774}  added by thread pool-3-thread-6
 message  {Id=f8dd0c56-2981-4cf5-a5b7-d4089ecbc9fe,FirstNumber=646,secondNumber=774}  written to file by thread pool-3-thread-3
 message  {Id=9cbfb910-0a36-4f7f-9521-54bc54bf3443,FirstNumber=472,secondNumber=864}  added by thread pool-3-thread-6
 message  {Id=9cbfb910-0a36-4f7f-9521-54bc54bf3443,FirstNumber=472,secondNumber=864}  written to file by thread pool-3-thread-4
 message  {Id=26af9cb4-2029-4f81-9e2b-86edad1aabb9,FirstNumber=582,secondNumber=1450}  added by thread pool-3-thread-6
 message  {Id=26af9cb4-2029-4f81-9e2b-86edad1aabb9,FirstNumber=582,secondNumber=1450}  written to file by thread pool-3-thread-2
 message  {Id=040528a2-8079-4cf9-a67f-8da39a1e5f7b,FirstNumber=600,secondNumber=1694}  added by thread pool-3-thread-6
 message  {Id=590b31a6-3d9d-4b6f-98bb-3fa96fa29ee8,FirstNumber=375,secondNumber=965}  added by thread pool-3-thread-6
 message  {Id=040528a2-8079-4cf9-a67f-8da39a1e5f7b,FirstNumber=600,secondNumber=1694}  written to file by thread pool-3-thread-1
 message  {Id=590b31a6-3d9d-4b6f-98bb-3fa96fa29ee8,FirstNumber=375,secondNumber=965}  written to file by thread pool-3-thread-5
 message  {Id=2e71dce3-6d63-41be-87ef-90b877d74dda,FirstNumber=658,secondNumber=973}  added by thread pool-3-thread-6
 message  {Id=2e71dce3-6d63-41be-87ef-90b877d74dda,FirstNumber=658,secondNumber=973}  written to file by thread pool-3-thread-3
 message  {Id=902b9a62-e3ae-4d2f-9c78-ff32520cb437,FirstNumber=149,secondNumber=143}  added by thread pool-3-thread-6
 message  {Id=902b9a62-e3ae-4d2f-9c78-ff32520cb437,FirstNumber=149,secondNumber=143}  written to file by thread pool-3-thread-4
 message  {Id=4fc31f08-a6ab-4fe0-b1b2-e5a41f102964,FirstNumber=956,secondNumber=324}  added by thread pool-3-thread-6
 message  {Id=4fc31f08-a6ab-4fe0-b1b2-e5a41f102964,FirstNumber=956,secondNumber=324}  written to file by thread pool-3-thread-4
 message  {Id=03fcfc89-c28e-4bce-b349-0f3610c1691d,FirstNumber=507,secondNumber=1208}  added by thread pool-3-thread-6
 message  {Id=03fcfc89-c28e-4bce-b349-0f3610c1691d,FirstNumber=507,secondNumber=1208}  written to file by thread pool-3-thread-1
 message  {Id=32106edc-f976-413e-98a2-0be893b20054,FirstNumber=820,secondNumber=1730}  added by thread pool-3-thread-6
 message  {Id=32106edc-f976-413e-98a2-0be893b20054,FirstNumber=820,secondNumber=1730}  written to file by thread pool-3-thread-1
 message  {Id=996e4a47-b0eb-4b5d-8510-d6a09f9c6678,FirstNumber=80,secondNumber=25}  added by thread pool-3-thread-6
 message  {Id=996e4a47-b0eb-4b5d-8510-d6a09f9c6678,FirstNumber=80,secondNumber=25}  written to file by thread pool-3-thread-3
 message  {Id=e8e9d420-fb6c-4d90-aa67-f4a1538a042d,FirstNumber=981,secondNumber=1312}  added by thread pool-3-thread-6
 message  {Id=e8e9d420-fb6c-4d90-aa67-f4a1538a042d,FirstNumber=981,secondNumber=1312}  written to file by thread pool-3-thread-3
 message  {Id=88b3e34f-55f1-41cc-9d60-0f53d2637365,FirstNumber=582,secondNumber=1115}  added by thread pool-3-thread-6
 message  {Id=88b3e34f-55f1-41cc-9d60-0f53d2637365,FirstNumber=582,secondNumber=1115}  written to file by thread pool-3-thread-4
 message  {Id=f8a4d3fb-7484-4b6e-8ba3-440e31196d1b,FirstNumber=437,secondNumber=1641}  added by thread pool-3-thread-6
 message  {Id=f8a4d3fb-7484-4b6e-8ba3-440e31196d1b,FirstNumber=437,secondNumber=1641}  written to file by thread pool-3-thread-4
 message  {Id=65e913f1-48c3-4998-a396-b37a3af9123e,FirstNumber=735,secondNumber=1041}  added by thread pool-3-thread-6
 message  {Id=65e913f1-48c3-4998-a396-b37a3af9123e,FirstNumber=735,secondNumber=1041}  written to file by thread pool-3-thread-4
 message  {Id=dd6f64d9-187b-43d9-8134-a6e15e50b7bd,FirstNumber=275,secondNumber=1826}  added by thread pool-3-thread-6
 message  {Id=dd6f64d9-187b-43d9-8134-a6e15e50b7bd,FirstNumber=275,secondNumber=1826}  written to file by thread pool-3-thread-2
 message  {Id=531e04be-82ca-4674-a8ab-b5bca164a4d4,FirstNumber=463,secondNumber=283}  added by thread pool-3-thread-6
 message  {Id=531e04be-82ca-4674-a8ab-b5bca164a4d4,FirstNumber=463,secondNumber=283}  written to file by thread pool-3-thread-2
 message  {Id=6c96f573-fef4-486c-9d5f-55757f894e59,FirstNumber=962,secondNumber=667}  added by thread pool-3-thread-6
 message  {Id=6c96f573-fef4-486c-9d5f-55757f894e59,FirstNumber=962,secondNumber=667}  written to file by thread pool-3-thread-5
 message  {Id=a0fd8cd3-6cfb-41dd-828c-0e0ce989064c,FirstNumber=268,secondNumber=613}  added by thread pool-3-thread-6
 message  {Id=a0fd8cd3-6cfb-41dd-828c-0e0ce989064c,FirstNumber=268,secondNumber=613}  written to file by thread pool-3-thread-5
 message  {Id=baa58bc1-501c-4324-b437-d295841237e5,FirstNumber=762,secondNumber=235}  added by thread pool-3-thread-6
 message  {Id=baa58bc1-501c-4324-b437-d295841237e5,FirstNumber=762,secondNumber=235}  written to file by thread pool-3-thread-4
 message  {Id=b4e124c3-80ff-4f80-a2b1-c335036b778c,FirstNumber=569,secondNumber=515}  added by thread pool-3-thread-6
 message  {Id=b4e124c3-80ff-4f80-a2b1-c335036b778c,FirstNumber=569,secondNumber=515}  written to file by thread pool-3-thread-4
 message  {Id=7f25967f-c551-41b5-a496-b284fff529e2,FirstNumber=232,secondNumber=805}  added by thread pool-3-thread-6
 message  {Id=7f25967f-c551-41b5-a496-b284fff529e2,FirstNumber=232,secondNumber=805}  written to file by thread pool-3-thread-4
 message  {Id=6eb40549-6cf8-4c30-98b5-e07a6bec6454,FirstNumber=624,secondNumber=1932}  added by thread pool-3-thread-6
 message  {Id=6eb40549-6cf8-4c30-98b5-e07a6bec6454,FirstNumber=624,secondNumber=1932}  written to file by thread pool-3-thread-1
 message  {Id=229f8bfb-7534-4f17-9cf3-fea2fc58490b,FirstNumber=334,secondNumber=840}  added by thread pool-3-thread-6
 message  {Id=fbe1511b-cef2-4359-8964-3428c391fcff,FirstNumber=593,secondNumber=1830}  added by thread pool-3-thread-6
 message  {Id=229f8bfb-7534-4f17-9cf3-fea2fc58490b,FirstNumber=334,secondNumber=840}  written to file by thread pool-3-thread-5
 message  {Id=fbe1511b-cef2-4359-8964-3428c391fcff,FirstNumber=593,secondNumber=1830}  written to file by thread pool-3-thread-3
 message  {Id=d8e26e4a-2171-44e8-a5a2-ad715d171d4f,FirstNumber=58,secondNumber=1377}  added by thread pool-3-thread-6
 message  {Id=d8e26e4a-2171-44e8-a5a2-ad715d171d4f,FirstNumber=58,secondNumber=1377}  written to file by thread pool-3-thread-3
 message  {Id=fe219a33-7eab-4079-bcb2-f383282bfc82,FirstNumber=729,secondNumber=1424}  added by thread pool-3-thread-6
 message  {Id=fe219a33-7eab-4079-bcb2-f383282bfc82,FirstNumber=729,secondNumber=1424}  written to file by thread pool-3-thread-4
 message  {Id=07876440-faf7-4258-af0e-955bc01eb4b1,FirstNumber=518,secondNumber=320}  added by thread pool-3-thread-6
 message  {Id=07876440-faf7-4258-af0e-955bc01eb4b1,FirstNumber=518,secondNumber=320}  written to file by thread pool-3-thread-4
 message  {Id=9e3694e5-1db7-42e3-8936-c718a4b4a05d,FirstNumber=182,secondNumber=1324}  added by thread pool-3-thread-6
 message  {Id=9e3694e5-1db7-42e3-8936-c718a4b4a05d,FirstNumber=182,secondNumber=1324}  written to file by thread pool-3-thread-5
 message  {Id=e445af4a-dd2a-4923-84c0-bca11af1d0e3,FirstNumber=931,secondNumber=1304}  added by thread pool-3-thread-6
 message  {Id=e445af4a-dd2a-4923-84c0-bca11af1d0e3,FirstNumber=931,secondNumber=1304}  written to file by thread pool-3-thread-5
 message  {Id=5bd1014b-a995-49df-aaa8-f8ba8a7c1fab,FirstNumber=729,secondNumber=1320}  added by thread pool-3-thread-6
 message  {Id=5bd1014b-a995-49df-aaa8-f8ba8a7c1fab,FirstNumber=729,secondNumber=1320}  written to file by thread pool-3-thread-3
 message  {Id=473273c5-6b00-4d4a-bfc5-2a87c7e6f5dc,FirstNumber=850,secondNumber=816}  added by thread pool-3-thread-6
 message  {Id=473273c5-6b00-4d4a-bfc5-2a87c7e6f5dc,FirstNumber=850,secondNumber=816}  written to file by thread pool-3-thread-3
 message  {Id=923e2d31-fd23-48a0-a76e-e91e7765c238,FirstNumber=819,secondNumber=942}  added by thread pool-3-thread-6
 message  {Id=923e2d31-fd23-48a0-a76e-e91e7765c238,FirstNumber=819,secondNumber=942}  written to file by thread pool-3-thread-4
 message  {Id=533d394f-5b1e-4941-80f3-a542fbcaa009,FirstNumber=803,secondNumber=1383}  added by thread pool-3-thread-6
 message  {Id=533d394f-5b1e-4941-80f3-a542fbcaa009,FirstNumber=803,secondNumber=1383}  written to file by thread pool-3-thread-4
 message  {Id=9890e8f8-008e-47a2-9fb1-0b4e49b0ccd3,FirstNumber=844,secondNumber=522}  added by thread pool-3-thread-6
 message  {Id=9890e8f8-008e-47a2-9fb1-0b4e49b0ccd3,FirstNumber=844,secondNumber=522}  written to file by thread pool-3-thread-5
 message  {Id=5ae4d661-f1b0-46c6-9caa-8ddacd30a732,FirstNumber=868,secondNumber=1971}  added by thread pool-3-thread-6
 message  {Id=5ae4d661-f1b0-46c6-9caa-8ddacd30a732,FirstNumber=868,secondNumber=1971}  written to file by thread pool-3-thread-5
 message  {Id=0c9b4ba8-a80a-43d9-ba75-5c7bd0553dd4,FirstNumber=694,secondNumber=1290}  added by thread pool-3-thread-6
 message  {Id=0c9b4ba8-a80a-43d9-ba75-5c7bd0553dd4,FirstNumber=694,secondNumber=1290}  written to file by thread pool-3-thread-3
 message  {Id=2d17d0a9-fda8-4dd6-af82-0c83c89e8a2a,FirstNumber=346,secondNumber=1661}  added by thread pool-3-thread-6
 message  {Id=2d17d0a9-fda8-4dd6-af82-0c83c89e8a2a,FirstNumber=346,secondNumber=1661}  written to file by thread pool-3-thread-3
 message  {Id=a6fa8d3a-b783-4191-8774-ab6a682d3baf,FirstNumber=959,secondNumber=1231}  added by thread pool-3-thread-6
 message  {Id=a6fa8d3a-b783-4191-8774-ab6a682d3baf,FirstNumber=959,secondNumber=1231}  written to file by thread pool-3-thread-4
 message  {Id=a7b5eae8-fe3b-43ec-b9e2-3a7b77ecae79,FirstNumber=750,secondNumber=921}  added by thread pool-3-thread-6
 message  {Id=a7b5eae8-fe3b-43ec-b9e2-3a7b77ecae79,FirstNumber=750,secondNumber=921}  written to file by thread pool-3-thread-1
 message  {Id=26bb7137-ca4d-4b0c-a580-73d1a7698335,FirstNumber=51,secondNumber=718}  added by thread pool-3-thread-6
 message  {Id=26bb7137-ca4d-4b0c-a580-73d1a7698335,FirstNumber=51,secondNumber=718}  written to file by thread pool-3-thread-1
 message  {Id=12ae4536-803b-4929-9ea1-800be75c1f70,FirstNumber=221,secondNumber=731}  added by thread pool-3-thread-6
 message  {Id=12ae4536-803b-4929-9ea1-800be75c1f70,FirstNumber=221,secondNumber=731}  written to file by thread pool-3-thread-2
 message  {Id=6e8b2fcd-1104-4b19-bc51-235353f00a9a,FirstNumber=356,secondNumber=301}  added by thread pool-3-thread-6
 message  {Id=6e8b2fcd-1104-4b19-bc51-235353f00a9a,FirstNumber=356,secondNumber=301}  written to file by thread pool-3-thread-2
 message  {Id=80f53113-2d63-4b51-acc8-61356bac2410,FirstNumber=680,secondNumber=962}  added by thread pool-3-thread-6
 message  {Id=b98ca3a8-a3a8-4d47-9dcc-b2220934fc7e,FirstNumber=375,secondNumber=1264}  added by thread pool-3-thread-6
 message  {Id=80f53113-2d63-4b51-acc8-61356bac2410,FirstNumber=680,secondNumber=962}  written to file by thread pool-3-thread-4
 message  {Id=b98ca3a8-a3a8-4d47-9dcc-b2220934fc7e,FirstNumber=375,secondNumber=1264}  written to file by thread pool-3-thread-5
 message  {Id=510de1ca-c2ef-4926-9e8a-c796cffbc0ea,FirstNumber=592,secondNumber=1163}  added by thread pool-3-thread-6
 message  {Id=510de1ca-c2ef-4926-9e8a-c796cffbc0ea,FirstNumber=592,secondNumber=1163}  written to file by thread pool-3-thread-1
 message  {Id=f61522c2-989c-4f68-bb89-6be0a6203d7a,FirstNumber=741,secondNumber=872}  added by thread pool-3-thread-6
 message  {Id=f61522c2-989c-4f68-bb89-6be0a6203d7a,FirstNumber=741,secondNumber=872}  written to file by thread pool-3-thread-1
 message  {Id=69a33604-8da4-4cf7-8bcf-1eaf42758f15,FirstNumber=865,secondNumber=975}  added by thread pool-3-thread-6
 message  {Id=69a33604-8da4-4cf7-8bcf-1eaf42758f15,FirstNumber=865,secondNumber=975}  written to file by thread pool-3-thread-2
 message  {Id=204c58c9-a360-4725-a345-b58906ea20b5,FirstNumber=611,secondNumber=1284}  added by thread pool-3-thread-6
 message  {Id=204c58c9-a360-4725-a345-b58906ea20b5,FirstNumber=611,secondNumber=1284}  written to file by thread pool-3-thread-2
 message  {Id=3bd2a533-4435-47c6-9052-68009008f467,FirstNumber=633,secondNumber=899}  added by thread pool-3-thread-6
 message  {Id=3bd2a533-4435-47c6-9052-68009008f467,FirstNumber=633,secondNumber=899}  written to file by thread pool-3-thread-5
 message  {Id=78b75481-dd0c-4b03-8879-1977550ebad2,FirstNumber=69,secondNumber=798}  added by thread pool-3-thread-6
 message  {Id=78b75481-dd0c-4b03-8879-1977550ebad2,FirstNumber=69,secondNumber=798}  written to file by thread pool-3-thread-5
 message  {Id=5374bea8-5edf-4652-8a31-0cdaaf26b7da,FirstNumber=792,secondNumber=1470}  added by thread pool-3-thread-6
 message  {Id=5374bea8-5edf-4652-8a31-0cdaaf26b7da,FirstNumber=792,secondNumber=1470}  written to file by thread pool-3-thread-1
 message  {Id=087ed0b2-4055-4ad8-9b34-f5ba4988c8b4,FirstNumber=255,secondNumber=1439}  added by thread pool-3-thread-6
 message  {Id=087ed0b2-4055-4ad8-9b34-f5ba4988c8b4,FirstNumber=255,secondNumber=1439}  written to file by thread pool-3-thread-1
 message  {Id=e9392181-1fc2-4a0e-b4ef-e9ee01ac107f,FirstNumber=803,secondNumber=928}  added by thread pool-3-thread-6
 message  {Id=75326b22-5e53-43d9-8d7e-59c708315585,FirstNumber=171,secondNumber=1404}  added by thread pool-3-thread-6
 message  {Id=e9392181-1fc2-4a0e-b4ef-e9ee01ac107f,FirstNumber=803,secondNumber=928}  written to file by thread pool-3-thread-2
 message  {Id=75326b22-5e53-43d9-8d7e-59c708315585,FirstNumber=171,secondNumber=1404}  written to file by thread pool-3-thread-3
 message  {Id=bbb0d584-4014-4134-b04b-1d07e34e826e,FirstNumber=962,secondNumber=1193}  added by thread pool-3-thread-6
 message  {Id=bbb0d584-4014-4134-b04b-1d07e34e826e,FirstNumber=962,secondNumber=1193}  written to file by thread pool-3-thread-3
 message  {Id=d5d26b11-9aa7-4258-b13b-03b631578e03,FirstNumber=13,secondNumber=1663}  added by thread pool-3-thread-6
 message  {Id=d5d26b11-9aa7-4258-b13b-03b631578e03,FirstNumber=13,secondNumber=1663}  written to file by thread pool-3-thread-4
 message  {Id=eb7b4be0-8ef1-486d-85a4-78e4628e9e16,FirstNumber=681,secondNumber=1217}  added by thread pool-3-thread-6
 message  {Id=eb7b4be0-8ef1-486d-85a4-78e4628e9e16,FirstNumber=681,secondNumber=1217}  written to file by thread pool-3-thread-1
 message  {Id=a7b7263f-53c8-4e3b-a8fe-fe44ae58e422,FirstNumber=193,secondNumber=1472}  added by thread pool-3-thread-6
 message  {Id=a7b7263f-53c8-4e3b-a8fe-fe44ae58e422,FirstNumber=193,secondNumber=1472}  written to file by thread pool-3-thread-2
 message  {Id=d5372326-e06c-4bb8-8ab1-596b6bc12b2e,FirstNumber=341,secondNumber=566}  added by thread pool-3-thread-6
 message  {Id=d5372326-e06c-4bb8-8ab1-596b6bc12b2e,FirstNumber=341,secondNumber=566}  written to file by thread pool-3-thread-2
 message  {Id=4f76cec8-b5d5-485e-a717-76a9cbeae974,FirstNumber=651,secondNumber=624}  added by thread pool-3-thread-6
 message  {Id=4f76cec8-b5d5-485e-a717-76a9cbeae974,FirstNumber=651,secondNumber=624}  written to file by thread pool-3-thread-2
 message  {Id=fc0a7a69-5e09-419d-ba9d-40ca894c3c31,FirstNumber=284,secondNumber=215}  added by thread pool-3-thread-6
 message  {Id=fc0a7a69-5e09-419d-ba9d-40ca894c3c31,FirstNumber=284,secondNumber=215}  written to file by thread pool-3-thread-4
 message  {Id=e1059201-ce1f-4e53-aada-1e0530888bab,FirstNumber=4,secondNumber=1038}  added by thread pool-3-thread-6
 message  {Id=e1059201-ce1f-4e53-aada-1e0530888bab,FirstNumber=4,secondNumber=1038}  written to file by thread pool-3-thread-4
 message  {Id=e76cab97-68c2-4e7e-a543-15bc15c7571a,FirstNumber=426,secondNumber=729}  added by thread pool-3-thread-6
 message  {Id=521aeb43-20a4-4e80-9931-fb5853fbac9a,FirstNumber=929,secondNumber=1965}  added by thread pool-3-thread-6
 message  {Id=e76cab97-68c2-4e7e-a543-15bc15c7571a,FirstNumber=426,secondNumber=729}  written to file by thread pool-3-thread-5
 message  {Id=521aeb43-20a4-4e80-9931-fb5853fbac9a,FirstNumber=929,secondNumber=1965}  written to file by thread pool-3-thread-3
 message  {Id=7c31f39d-1813-48a0-8d05-1dd64c341ff0,FirstNumber=46,secondNumber=50}  added by thread pool-3-thread-6
 message  {Id=7c31f39d-1813-48a0-8d05-1dd64c341ff0,FirstNumber=46,secondNumber=50}  written to file by thread pool-3-thread-3
 message  {Id=241ffa79-63f3-41df-a324-75e02e3936ef,FirstNumber=13,secondNumber=1689}  added by thread pool-3-thread-6
 message  {Id=241ffa79-63f3-41df-a324-75e02e3936ef,FirstNumber=13,secondNumber=1689}  written to file by thread pool-3-thread-3
 message  {Id=d32fa3f8-3d17-4e59-9a04-045eba98176b,FirstNumber=361,secondNumber=744}  added by thread pool-3-thread-6
 message  {Id=d32fa3f8-3d17-4e59-9a04-045eba98176b,FirstNumber=361,secondNumber=744}  written to file by thread pool-3-thread-4
 message  {Id=b9c0ff62-49dd-4ff0-909f-8e6b3aa9e318,FirstNumber=346,secondNumber=1393}  added by thread pool-3-thread-6
 message  {Id=b9c0ff62-49dd-4ff0-909f-8e6b3aa9e318,FirstNumber=346,secondNumber=1393}  written to file by thread pool-3-thread-5
 message  {Id=d283b155-2a46-450f-9192-a844c13c2095,FirstNumber=789,secondNumber=1874}  added by thread pool-3-thread-6
 message  {Id=d283b155-2a46-450f-9192-a844c13c2095,FirstNumber=789,secondNumber=1874}  written to file by thread pool-3-thread-5
 message  {Id=49ad0055-ff78-442f-a247-305e8f24414a,FirstNumber=230,secondNumber=14}  added by thread pool-3-thread-6
 message  {Id=49ad0055-ff78-442f-a247-305e8f24414a,FirstNumber=230,secondNumber=14}  written to file by thread pool-3-thread-1
 message  {Id=582999a8-1ee1-46f4-bdea-53cfc0b37143,FirstNumber=740,secondNumber=1311}  added by thread pool-3-thread-6
 message  {Id=582999a8-1ee1-46f4-bdea-53cfc0b37143,FirstNumber=740,secondNumber=1311}  written to file by thread pool-3-thread-3
 message  {Id=3eedb4ba-0d26-4b41-a3eb-1573859d8d6b,FirstNumber=87,secondNumber=1669}  added by thread pool-3-thread-6
 message  {Id=3eedb4ba-0d26-4b41-a3eb-1573859d8d6b,FirstNumber=87,secondNumber=1669}  written to file by thread pool-3-thread-4
 message  {Id=d8ab00f6-b1e2-4c00-9ebb-ebb56286b68c,FirstNumber=862,secondNumber=1808}  added by thread pool-3-thread-6
 message  {Id=d8ab00f6-b1e2-4c00-9ebb-ebb56286b68c,FirstNumber=862,secondNumber=1808}  written to file by thread pool-3-thread-4
 message  {Id=b1a67318-d14e-4a2f-9dcb-7bcdf09f2260,FirstNumber=72,secondNumber=287}  added by thread pool-3-thread-6
 message  {Id=b1a67318-d14e-4a2f-9dcb-7bcdf09f2260,FirstNumber=72,secondNumber=287}  written to file by thread pool-3-thread-4
 message  {Id=a03bfb3f-91cc-43f0-9da1-ea63544710ad,FirstNumber=725,secondNumber=1716}  added by thread pool-3-thread-6
 message  {Id=a03bfb3f-91cc-43f0-9da1-ea63544710ad,FirstNumber=725,secondNumber=1716}  written to file by thread pool-3-thread-1
 message  {Id=8408b4a3-564b-4a1a-8bac-65ea09d35904,FirstNumber=405,secondNumber=1867}  added by thread pool-3-thread-6
 message  {Id=8408b4a3-564b-4a1a-8bac-65ea09d35904,FirstNumber=405,secondNumber=1867}  written to file by thread pool-3-thread-1
 message  {Id=93dde5a4-ef59-4cf4-8f4a-98d7dff7f581,FirstNumber=767,secondNumber=1662}  added by thread pool-3-thread-6
 message  {Id=93dde5a4-ef59-4cf4-8f4a-98d7dff7f581,FirstNumber=767,secondNumber=1662}  written to file by thread pool-3-thread-2
 message  {Id=d006207f-a51b-4982-a366-3126cda3ee46,FirstNumber=754,secondNumber=130}  added by thread pool-3-thread-6
 message  {Id=d006207f-a51b-4982-a366-3126cda3ee46,FirstNumber=754,secondNumber=130}  written to file by thread pool-3-thread-2
 message  {Id=5a9b18eb-b16b-44fb-9f13-5534243e84d7,FirstNumber=165,secondNumber=1097}  added by thread pool-3-thread-6
 message  {Id=5a9b18eb-b16b-44fb-9f13-5534243e84d7,FirstNumber=165,secondNumber=1097}  written to file by thread pool-3-thread-4
 message  {Id=a568db83-3ae4-451d-bede-20742d03b76f,FirstNumber=718,secondNumber=1390}  added by thread pool-3-thread-6
 message  {Id=a568db83-3ae4-451d-bede-20742d03b76f,FirstNumber=718,secondNumber=1390}  written to file by thread pool-3-thread-4
 message  {Id=2babc77c-5d1e-47fb-bb59-a8e99a18b8ff,FirstNumber=874,secondNumber=545}  added by thread pool-3-thread-6
 message  {Id=2babc77c-5d1e-47fb-bb59-a8e99a18b8ff,FirstNumber=874,secondNumber=545}  written to file by thread pool-3-thread-4
 message  {Id=ee8b1034-6e19-49c6-af69-a5999dbde793,FirstNumber=849,secondNumber=941}  added by thread pool-3-thread-6
 message  {Id=ee8b1034-6e19-49c6-af69-a5999dbde793,FirstNumber=849,secondNumber=941}  written to file by thread pool-3-thread-5
 message  {Id=c4113700-eef7-472b-8ddb-ccb593166087,FirstNumber=527,secondNumber=1920}  added by thread pool-3-thread-6
 message  {Id=f52be225-befa-4ec6-9a81-24b964d3ceb9,FirstNumber=210,secondNumber=817}  added by thread pool-3-thread-6
 message  {Id=c4113700-eef7-472b-8ddb-ccb593166087,FirstNumber=527,secondNumber=1920}  written to file by thread pool-3-thread-2
 message  {Id=f52be225-befa-4ec6-9a81-24b964d3ceb9,FirstNumber=210,secondNumber=817}  written to file by thread pool-3-thread-3
 message  {Id=8e823b28-fb22-465c-9b77-053f54dd9ca8,FirstNumber=214,secondNumber=1747}  added by thread pool-3-thread-6
 message  {Id=8e823b28-fb22-465c-9b77-053f54dd9ca8,FirstNumber=214,secondNumber=1747}  written to file by thread pool-3-thread-3
 message  {Id=1d6e87c4-e353-48be-841b-df9749c7aa36,FirstNumber=436,secondNumber=1756}  added by thread pool-3-thread-6
 message  {Id=1d6e87c4-e353-48be-841b-df9749c7aa36,FirstNumber=436,secondNumber=1756}  written to file by thread pool-3-thread-4
 message  {Id=4ba6c479-0bf4-467e-95c9-befedc4173c8,FirstNumber=727,secondNumber=1244}  added by thread pool-3-thread-6
 message  {Id=4ba6c479-0bf4-467e-95c9-befedc4173c8,FirstNumber=727,secondNumber=1244}  written to file by thread pool-3-thread-4
 message  {Id=aea6be3d-4165-44d2-b0bf-51c4a743b410,FirstNumber=850,secondNumber=1926}  added by thread pool-3-thread-6
 message  {Id=aea6be3d-4165-44d2-b0bf-51c4a743b410,FirstNumber=850,secondNumber=1926}  written to file by thread pool-3-thread-2
 message  {Id=ae30a08d-a7a9-409d-9619-85e0e9b764ca,FirstNumber=929,secondNumber=1703}  added by thread pool-3-thread-6
 message  {Id=ae30a08d-a7a9-409d-9619-85e0e9b764ca,FirstNumber=929,secondNumber=1703}  written to file by thread pool-3-thread-2
 message  {Id=93e0d9a3-6691-487d-949b-d8b447740b79,FirstNumber=87,secondNumber=759}  added by thread pool-3-thread-6
 message  {Id=93e0d9a3-6691-487d-949b-d8b447740b79,FirstNumber=87,secondNumber=759}  written to file by thread pool-3-thread-3
 message  {Id=5075a601-4d56-44e3-9a39-8c6465b541ae,FirstNumber=33,secondNumber=1915}  added by thread pool-3-thread-6
 message  {Id=5075a601-4d56-44e3-9a39-8c6465b541ae,FirstNumber=33,secondNumber=1915}  written to file by thread pool-3-thread-3
 message  {Id=6a86c407-57f3-4213-9d46-b13054a68ad3,FirstNumber=451,secondNumber=1842}  added by thread pool-3-thread-6
 message  {Id=6a86c407-57f3-4213-9d46-b13054a68ad3,FirstNumber=451,secondNumber=1842}  written to file by thread pool-3-thread-4
 message  {Id=58234d8c-1a93-4924-85c9-62a985078554,FirstNumber=72,secondNumber=1627}  added by thread pool-3-thread-6
 message  {Id=26f432ae-3614-4eb0-8eb6-82ff21cda8be,FirstNumber=601,secondNumber=1309}  added by thread pool-3-thread-6
 message  {Id=58234d8c-1a93-4924-85c9-62a985078554,FirstNumber=72,secondNumber=1627}  written to file by thread pool-3-thread-1
 message  {Id=26f432ae-3614-4eb0-8eb6-82ff21cda8be,FirstNumber=601,secondNumber=1309}  written to file by thread pool-3-thread-2
 message  {Id=cac7b8d2-7bbb-4195-b911-639b247bc76d,FirstNumber=15,secondNumber=976}  added by thread pool-3-thread-6
 message  {Id=cac7b8d2-7bbb-4195-b911-639b247bc76d,FirstNumber=15,secondNumber=976}  written to file by thread pool-3-thread-5
 message  {Id=257a529e-973c-4878-ab72-bb18503a0a39,FirstNumber=978,secondNumber=1932}  added by thread pool-3-thread-6
 message  {Id=257a529e-973c-4878-ab72-bb18503a0a39,FirstNumber=978,secondNumber=1932}  written to file by thread pool-3-thread-3
 message  {Id=b412c8f7-3c78-4434-a1fc-f1e9aa5879a9,FirstNumber=430,secondNumber=1851}  added by thread pool-3-thread-6
 message  {Id=b412c8f7-3c78-4434-a1fc-f1e9aa5879a9,FirstNumber=430,secondNumber=1851}  written to file by thread pool-3-thread-3
 message  {Id=cdb7a616-f19e-426a-8139-55b1c3e0e0e6,FirstNumber=873,secondNumber=1703}  added by thread pool-3-thread-6
 message  {Id=cdb7a616-f19e-426a-8139-55b1c3e0e0e6,FirstNumber=873,secondNumber=1703}  written to file by thread pool-3-thread-3
 message  {Id=b6040325-604a-41d2-ac56-140420d0938b,FirstNumber=853,secondNumber=1647}  added by thread pool-3-thread-6
 message  {Id=b6040325-604a-41d2-ac56-140420d0938b,FirstNumber=853,secondNumber=1647}  written to file by thread pool-3-thread-2
 message  {Id=31a9cc64-8f00-450d-a6f9-d307055b2a6c,FirstNumber=212,secondNumber=1017}  added by thread pool-3-thread-6
 message  {Id=31a9cc64-8f00-450d-a6f9-d307055b2a6c,FirstNumber=212,secondNumber=1017}  written to file by thread pool-3-thread-5
 message  {Id=5dd2a9c6-0d92-48b3-8519-b818ce33498e,FirstNumber=330,secondNumber=500}  added by thread pool-3-thread-6
 message  {Id=5dd2a9c6-0d92-48b3-8519-b818ce33498e,FirstNumber=330,secondNumber=500}  written to file by thread pool-3-thread-4
 message  {Id=c6ade4fc-7848-4e65-92e8-cbdebeb16ccc,FirstNumber=398,secondNumber=1465}  added by thread pool-3-thread-6
 message  {Id=c6ade4fc-7848-4e65-92e8-cbdebeb16ccc,FirstNumber=398,secondNumber=1465}  written to file by thread pool-3-thread-4
 message  {Id=4f88df28-e2a7-4202-bfe1-85d2f0ee7582,FirstNumber=264,secondNumber=1898}  added by thread pool-3-thread-6
 message  {Id=361d3843-590a-4ee1-b667-bbcb161994f3,FirstNumber=820,secondNumber=1374}  added by thread pool-3-thread-6
 message  {Id=4f88df28-e2a7-4202-bfe1-85d2f0ee7582,FirstNumber=264,secondNumber=1898}  written to file by thread pool-3-thread-3
 message  {Id=361d3843-590a-4ee1-b667-bbcb161994f3,FirstNumber=820,secondNumber=1374}  written to file by thread pool-3-thread-2
 message  {Id=14e9218c-17fa-4b70-b53c-9363d4579643,FirstNumber=625,secondNumber=1482}  added by thread pool-3-thread-6
 message  {Id=14e9218c-17fa-4b70-b53c-9363d4579643,FirstNumber=625,secondNumber=1482}  written to file by thread pool-3-thread-5
 message  {Id=f930f7af-2cab-473f-b9e9-604a4810fdb2,FirstNumber=976,secondNumber=1881}  added by thread pool-3-thread-6
 message  {Id=f930f7af-2cab-473f-b9e9-604a4810fdb2,FirstNumber=976,secondNumber=1881}  written to file by thread pool-3-thread-5
 message  {Id=e57f14db-e145-45ee-8644-48bac7d0da9f,FirstNumber=890,secondNumber=1337}  added by thread pool-3-thread-6
 message  {Id=e57f14db-e145-45ee-8644-48bac7d0da9f,FirstNumber=890,secondNumber=1337}  written to file by thread pool-3-thread-4
 message  {Id=53e3f958-6827-4cdc-99e4-337d8b94e70c,FirstNumber=393,secondNumber=974}  added by thread pool-3-thread-6
 message  {Id=53e3f958-6827-4cdc-99e4-337d8b94e70c,FirstNumber=393,secondNumber=974}  written to file by thread pool-3-thread-4
 message  {Id=a11f074d-2584-4648-9aa4-4954db124edb,FirstNumber=542,secondNumber=583}  added by thread pool-3-thread-6
 message  {Id=a11f074d-2584-4648-9aa4-4954db124edb,FirstNumber=542,secondNumber=583}  written to file by thread pool-3-thread-2
 message  {Id=d8c2769d-c4a5-426c-96d4-71e597953717,FirstNumber=170,secondNumber=808}  added by thread pool-3-thread-6
 message  {Id=d8c2769d-c4a5-426c-96d4-71e597953717,FirstNumber=170,secondNumber=808}  written to file by thread pool-3-thread-2
 message  {Id=e4768fc9-30ce-49b7-b616-504cfcb48a38,FirstNumber=224,secondNumber=1740}  added by thread pool-3-thread-6
 message  {Id=e4768fc9-30ce-49b7-b616-504cfcb48a38,FirstNumber=224,secondNumber=1740}  written to file by thread pool-3-thread-5
 message  {Id=2dcd72a7-d4b0-4acf-8acf-5ff99c674609,FirstNumber=248,secondNumber=1356}  added by thread pool-3-thread-6
 message  {Id=2dcd72a7-d4b0-4acf-8acf-5ff99c674609,FirstNumber=248,secondNumber=1356}  written to file by thread pool-3-thread-5
 message  {Id=36d63df9-def9-4b64-b419-54ee93c46c0a,FirstNumber=914,secondNumber=368}  added by thread pool-3-thread-6
 message  {Id=b80adb1f-5c65-41e7-8deb-e6ceb926d43c,FirstNumber=284,secondNumber=1666}  added by thread pool-3-thread-6
 message  {Id=36d63df9-def9-4b64-b419-54ee93c46c0a,FirstNumber=914,secondNumber=368}  written to file by thread pool-3-thread-4
 message  {Id=b80adb1f-5c65-41e7-8deb-e6ceb926d43c,FirstNumber=284,secondNumber=1666}  written to file by thread pool-3-thread-1
 message  {Id=cebe2972-cdea-4d9c-a933-fe56ca626ca9,FirstNumber=36,secondNumber=1492}  added by thread pool-3-thread-6
 message  {Id=cebe2972-cdea-4d9c-a933-fe56ca626ca9,FirstNumber=36,secondNumber=1492}  written to file by thread pool-3-thread-2
 message  {Id=8b7a891c-7b81-427f-9bef-b6296282d8bd,FirstNumber=159,secondNumber=572}  added by thread pool-3-thread-6
 message  {Id=8b7a891c-7b81-427f-9bef-b6296282d8bd,FirstNumber=159,secondNumber=572}  written to file by thread pool-3-thread-2
 message  {Id=abb55058-59b8-491f-89b8-3600772ec9f8,FirstNumber=747,secondNumber=36}  added by thread pool-3-thread-6
 message  {Id=abb55058-59b8-491f-89b8-3600772ec9f8,FirstNumber=747,secondNumber=36}  written to file by thread pool-3-thread-5
 message  {Id=50601f13-2973-4e1f-8f71-7fa32cad4c56,FirstNumber=448,secondNumber=1039}  added by thread pool-3-thread-6
 message  {Id=50601f13-2973-4e1f-8f71-7fa32cad4c56,FirstNumber=448,secondNumber=1039}  written to file by thread pool-3-thread-5
 message  {Id=f69be8a5-7b12-4a17-bf5e-41a4f9a21a88,FirstNumber=937,secondNumber=1939}  added by thread pool-3-thread-6
 message  {Id=f69be8a5-7b12-4a17-bf5e-41a4f9a21a88,FirstNumber=937,secondNumber=1939}  written to file by thread pool-3-thread-1
 message  {Id=9a806982-f85c-47f6-8daa-0cdeb6261ea3,FirstNumber=842,secondNumber=1837}  added by thread pool-3-thread-6
 message  {Id=9a806982-f85c-47f6-8daa-0cdeb6261ea3,FirstNumber=842,secondNumber=1837}  written to file by thread pool-3-thread-1
 message  {Id=1e99d179-a481-4ea5-a489-6a05c3337f1a,FirstNumber=310,secondNumber=1965}  added by thread pool-3-thread-6
 message  {Id=1e99d179-a481-4ea5-a489-6a05c3337f1a,FirstNumber=310,secondNumber=1965}  written to file by thread pool-3-thread-2
 message  {Id=d6490f52-e86e-4610-a4fe-b0fc79b0a681,FirstNumber=822,secondNumber=1522}  added by thread pool-3-thread-6
 message  {Id=d6490f52-e86e-4610-a4fe-b0fc79b0a681,FirstNumber=822,secondNumber=1522}  written to file by thread pool-3-thread-2
 message  {Id=b6ef3873-99b5-4c07-b3d6-0c208bca94f6,FirstNumber=60,secondNumber=1487}  added by thread pool-3-thread-6
 message  {Id=b6ef3873-99b5-4c07-b3d6-0c208bca94f6,FirstNumber=60,secondNumber=1487}  written to file by thread pool-3-thread-5
 message  {Id=4603a5d8-df28-46dd-a4a1-ad8af38c0e3e,FirstNumber=529,secondNumber=588}  added by thread pool-3-thread-6
 message  {Id=4603a5d8-df28-46dd-a4a1-ad8af38c0e3e,FirstNumber=529,secondNumber=588}  written to file by thread pool-3-thread-3
 message  {Id=855f754d-9aa8-472b-85c7-34b4bdbf0931,FirstNumber=467,secondNumber=826}  added by thread pool-3-thread-6
 message  {Id=855f754d-9aa8-472b-85c7-34b4bdbf0931,FirstNumber=467,secondNumber=826}  written to file by thread pool-3-thread-1
 message  {Id=0563a616-1a1c-4434-8d98-9581bba942f4,FirstNumber=602,secondNumber=732}  added by thread pool-3-thread-6
 message  {Id=0563a616-1a1c-4434-8d98-9581bba942f4,FirstNumber=602,secondNumber=732}  written to file by thread pool-3-thread-1
 message  {Id=03c5467f-d489-473d-b6af-4e8670937dac,FirstNumber=861,secondNumber=30}  added by thread pool-3-thread-6
 message  {Id=03c5467f-d489-473d-b6af-4e8670937dac,FirstNumber=861,secondNumber=30}  written to file by thread pool-3-thread-2
 message  {Id=d2f9247f-29d4-4938-b8cd-9adbdfc99d1b,FirstNumber=797,secondNumber=1709}  added by thread pool-3-thread-6
 message  {Id=d2f9247f-29d4-4938-b8cd-9adbdfc99d1b,FirstNumber=797,secondNumber=1709}  written to file by thread pool-3-thread-2
 message  {Id=6e72d0e5-5f78-41d9-97df-58940205dc4a,FirstNumber=317,secondNumber=347}  added by thread pool-3-thread-6
 message  {Id=6e72d0e5-5f78-41d9-97df-58940205dc4a,FirstNumber=317,secondNumber=347}  written to file by thread pool-3-thread-3
 message  {Id=eff4a405-7437-4ae9-9f67-80edf20ea0f9,FirstNumber=468,secondNumber=275}  added by thread pool-3-thread-6
 message  {Id=eff4a405-7437-4ae9-9f67-80edf20ea0f9,FirstNumber=468,secondNumber=275}  written to file by thread pool-3-thread-4
 message  {Id=cfd585a7-9491-404b-ad0b-03f63fe6843c,FirstNumber=955,secondNumber=106}  added by thread pool-3-thread-6
 message  {Id=cfd585a7-9491-404b-ad0b-03f63fe6843c,FirstNumber=955,secondNumber=106}  written to file by thread pool-3-thread-1
 message  {Id=60b0785f-d0f9-4e33-8e5a-7c10cf08dfef,FirstNumber=181,secondNumber=1635}  added by thread pool-3-thread-6
 message  {Id=60b0785f-d0f9-4e33-8e5a-7c10cf08dfef,FirstNumber=181,secondNumber=1635}  written to file by thread pool-3-thread-1
 message  {Id=09cb0d51-3380-4f3d-bce2-cd44b8d3f12f,FirstNumber=280,secondNumber=1516}  added by thread pool-3-thread-6
 message  {Id=05122fdd-e668-4d20-a6d3-d4b4085f8c19,FirstNumber=548,secondNumber=542}  added by thread pool-3-thread-6
 message  {Id=09cb0d51-3380-4f3d-bce2-cd44b8d3f12f,FirstNumber=280,secondNumber=1516}  written to file by thread pool-3-thread-2
 message  {Id=05122fdd-e668-4d20-a6d3-d4b4085f8c19,FirstNumber=548,secondNumber=542}  written to file by thread pool-3-thread-3
 message  {Id=d15182b7-1316-41de-bb5e-cc6a545317ee,FirstNumber=53,secondNumber=673}  added by thread pool-3-thread-6
 message  {Id=d15182b7-1316-41de-bb5e-cc6a545317ee,FirstNumber=53,secondNumber=673}  written to file by thread pool-3-thread-3
 message  {Id=2e1d7668-9679-43ab-8858-2bcd96b425b2,FirstNumber=787,secondNumber=298}  added by thread pool-3-thread-6
 message  {Id=2e1d7668-9679-43ab-8858-2bcd96b425b2,FirstNumber=787,secondNumber=298}  written to file by thread pool-3-thread-3
 message  {Id=e14b4030-ec04-48a2-9603-a74d4da37c2e,FirstNumber=775,secondNumber=729}  added by thread pool-3-thread-6
 message  {Id=e14b4030-ec04-48a2-9603-a74d4da37c2e,FirstNumber=775,secondNumber=729}  written to file by thread pool-3-thread-3
 message  {Id=eaaeb658-91f8-4377-b8c1-6a0825281877,FirstNumber=85,secondNumber=314}  added by thread pool-3-thread-6
 message  {Id=eaaeb658-91f8-4377-b8c1-6a0825281877,FirstNumber=85,secondNumber=314}  written to file by thread pool-3-thread-2
 message  {Id=a495847b-a722-47cd-9ad6-069e5daaa3cc,FirstNumber=676,secondNumber=939}  added by thread pool-3-thread-6
 message  {Id=a495847b-a722-47cd-9ad6-069e5daaa3cc,FirstNumber=676,secondNumber=939}  written to file by thread pool-3-thread-2
 message  {Id=af604d58-2842-4395-a099-a3d30b9e4c4c,FirstNumber=885,secondNumber=542}  added by thread pool-3-thread-6
 message  {Id=af604d58-2842-4395-a099-a3d30b9e4c4c,FirstNumber=885,secondNumber=542}  written to file by thread pool-3-thread-5
 message  {Id=94e9fbee-7ba9-48ba-8553-b1f10409107f,FirstNumber=977,secondNumber=1786}  added by thread pool-3-thread-6
 message  {Id=94e9fbee-7ba9-48ba-8553-b1f10409107f,FirstNumber=977,secondNumber=1786}  written to file by thread pool-3-thread-5
 message  {Id=2556ab1c-71a1-4f5a-bd62-8dfcc1281433,FirstNumber=840,secondNumber=1367}  added by thread pool-3-thread-6
 message  {Id=2556ab1c-71a1-4f5a-bd62-8dfcc1281433,FirstNumber=840,secondNumber=1367}  written to file by thread pool-3-thread-5
 message  {Id=c7aaf4af-aa49-4c63-8c14-11a4071b52ec,FirstNumber=385,secondNumber=691}  added by thread pool-3-thread-6
 message  {Id=36ecf246-4686-402c-b9dc-47f421c39517,FirstNumber=776,secondNumber=792}  added by thread pool-3-thread-6
 message  {Id=c7aaf4af-aa49-4c63-8c14-11a4071b52ec,FirstNumber=385,secondNumber=691}  written to file by thread pool-3-thread-4
 message  {Id=36ecf246-4686-402c-b9dc-47f421c39517,FirstNumber=776,secondNumber=792}  written to file by thread pool-3-thread-2
 message  {Id=1a67d49d-68e7-406d-baf2-8749e25fb8cd,FirstNumber=679,secondNumber=256}  added by thread pool-3-thread-6
 message  {Id=1a67d49d-68e7-406d-baf2-8749e25fb8cd,FirstNumber=679,secondNumber=256}  written to file by thread pool-3-thread-1
 message  {Id=d368d93e-bc79-4c0a-8d1e-619adf96519b,FirstNumber=187,secondNumber=1943}  added by thread pool-3-thread-6
 message  {Id=d368d93e-bc79-4c0a-8d1e-619adf96519b,FirstNumber=187,secondNumber=1943}  written to file by thread pool-3-thread-1
 message  {Id=3e20529d-8610-49bc-ab96-aae274c5666f,FirstNumber=361,secondNumber=150}  added by thread pool-3-thread-6
 message  {Id=3e20529d-8610-49bc-ab96-aae274c5666f,FirstNumber=361,secondNumber=150}  written to file by thread pool-3-thread-5
 message  {Id=9bfc91ae-3541-4eaf-9890-43eb77176cc0,FirstNumber=368,secondNumber=131}  added by thread pool-3-thread-6
 message  {Id=9bfc91ae-3541-4eaf-9890-43eb77176cc0,FirstNumber=368,secondNumber=131}  written to file by thread pool-3-thread-5
 message  {Id=050257fb-3644-4126-9c68-93fe28d0f692,FirstNumber=7,secondNumber=1769}  added by thread pool-3-thread-6
 message  {Id=050257fb-3644-4126-9c68-93fe28d0f692,FirstNumber=7,secondNumber=1769}  written to file by thread pool-3-thread-5
 message  {Id=cb171c09-2d02-4348-81e0-24b53ed26c0a,FirstNumber=512,secondNumber=1801}  added by thread pool-3-thread-6
 message  {Id=cb171c09-2d02-4348-81e0-24b53ed26c0a,FirstNumber=512,secondNumber=1801}  written to file by thread pool-3-thread-3
 message  {Id=3321f107-e1f8-4dfb-89a1-7c8a88e42afd,FirstNumber=996,secondNumber=1605}  added by thread pool-3-thread-6
 message  {Id=3321f107-e1f8-4dfb-89a1-7c8a88e42afd,FirstNumber=996,secondNumber=1605}  written to file by thread pool-3-thread-3
 message  {Id=1989374b-7ec3-42fe-8d89-f605efd892dd,FirstNumber=670,secondNumber=31}  added by thread pool-3-thread-6
 message  {Id=1989374b-7ec3-42fe-8d89-f605efd892dd,FirstNumber=670,secondNumber=31}  written to file by thread pool-3-thread-4
 message  {Id=167e2a1e-0921-488f-8084-1ad53e3c312e,FirstNumber=842,secondNumber=580}  added by thread pool-3-thread-6
 message  {Id=167e2a1e-0921-488f-8084-1ad53e3c312e,FirstNumber=842,secondNumber=580}  written to file by thread pool-3-thread-2
 message  {Id=1e743227-f6a0-4a55-9c16-f2f00dbe3279,FirstNumber=36,secondNumber=1986}  added by thread pool-3-thread-6
 message  {Id=1e743227-f6a0-4a55-9c16-f2f00dbe3279,FirstNumber=36,secondNumber=1986}  written to file by thread pool-3-thread-5
 message  {Id=8c4bcfdd-e9ea-4845-93bd-43ae400efab0,FirstNumber=572,secondNumber=578}  added by thread pool-3-thread-6
 message  {Id=8c4bcfdd-e9ea-4845-93bd-43ae400efab0,FirstNumber=572,secondNumber=578}  written to file by thread pool-3-thread-1
 message  {Id=42078ac9-405a-463a-8686-a9ff4640cd0b,FirstNumber=266,secondNumber=430}  added by thread pool-3-thread-6
 message  {Id=42078ac9-405a-463a-8686-a9ff4640cd0b,FirstNumber=266,secondNumber=430}  written to file by thread pool-3-thread-3
 message  {Id=a0fcba1b-3680-4ca8-acf9-1545b1c6501b,FirstNumber=47,secondNumber=945}  added by thread pool-3-thread-6
 message  {Id=a0fcba1b-3680-4ca8-acf9-1545b1c6501b,FirstNumber=47,secondNumber=945}  written to file by thread pool-3-thread-3
 message  {Id=ff2615d5-5a79-4e73-b30c-493e48e976bd,FirstNumber=972,secondNumber=445}  added by thread pool-3-thread-6
 message  {Id=078d4fe6-6156-4b70-bff7-463aaee4e629,FirstNumber=471,secondNumber=1202}  added by thread pool-3-thread-6
 message  {Id=ff2615d5-5a79-4e73-b30c-493e48e976bd,FirstNumber=972,secondNumber=445}  written to file by thread pool-3-thread-2
 message  {Id=078d4fe6-6156-4b70-bff7-463aaee4e629,FirstNumber=471,secondNumber=1202}  written to file by thread pool-3-thread-5
 message  {Id=73215b26-8e7b-48ea-9d76-1d9a0d69b466,FirstNumber=61,secondNumber=972}  added by thread pool-3-thread-6
 message  {Id=73215b26-8e7b-48ea-9d76-1d9a0d69b466,FirstNumber=61,secondNumber=972}  written to file by thread pool-3-thread-1
 message  {Id=aee3fc9d-5303-48ee-8868-a3f671ac81b2,FirstNumber=742,secondNumber=714}  added by thread pool-3-thread-6
 message  {Id=aee3fc9d-5303-48ee-8868-a3f671ac81b2,FirstNumber=742,secondNumber=714}  written to file by thread pool-3-thread-4
 message  {Id=5758601d-0e4d-4a78-8f1e-6cb582dc5fb7,FirstNumber=997,secondNumber=1364}  added by thread pool-3-thread-6
 message  {Id=5758601d-0e4d-4a78-8f1e-6cb582dc5fb7,FirstNumber=997,secondNumber=1364}  written to file by thread pool-3-thread-4
 message  {Id=aef3ceab-6ba9-4078-a84e-341ac04342d4,FirstNumber=984,secondNumber=1951}  added by thread pool-3-thread-6
 message  {Id=aef3ceab-6ba9-4078-a84e-341ac04342d4,FirstNumber=984,secondNumber=1951}  written to file by thread pool-3-thread-4
 message  {Id=0e194f6d-d303-4621-b230-93454eea2fbd,FirstNumber=618,secondNumber=1254}  added by thread pool-3-thread-6
 message  {Id=0e194f6d-d303-4621-b230-93454eea2fbd,FirstNumber=618,secondNumber=1254}  written to file by thread pool-3-thread-4
 message  {Id=4627495f-fc23-4c49-8a9a-9ec539b960b2,FirstNumber=780,secondNumber=559}  added by thread pool-3-thread-6
 message  {Id=4627495f-fc23-4c49-8a9a-9ec539b960b2,FirstNumber=780,secondNumber=559}  written to file by thread pool-3-thread-1
 message  {Id=49987ba8-0d18-4b45-a5d6-4a5b79d735b0,FirstNumber=468,secondNumber=1582}  added by thread pool-3-thread-6
 message  {Id=49987ba8-0d18-4b45-a5d6-4a5b79d735b0,FirstNumber=468,secondNumber=1582}  written to file by thread pool-3-thread-3
 message  {Id=8c06ff7f-e6da-4cea-8e1a-e6c3e21eec58,FirstNumber=145,secondNumber=1308}  added by thread pool-3-thread-6
 message  {Id=8c06ff7f-e6da-4cea-8e1a-e6c3e21eec58,FirstNumber=145,secondNumber=1308}  written to file by thread pool-3-thread-2
 message  {Id=7452fe3d-cae9-483e-bba4-247acb0a3075,FirstNumber=286,secondNumber=699}  added by thread pool-3-thread-6
 message  {Id=7452fe3d-cae9-483e-bba4-247acb0a3075,FirstNumber=286,secondNumber=699}  written to file by thread pool-3-thread-2
 message  {Id=ae6cc551-9b8b-440e-b7f9-42c54266517a,FirstNumber=385,secondNumber=1643}  added by thread pool-3-thread-6
 message  {Id=ae6cc551-9b8b-440e-b7f9-42c54266517a,FirstNumber=385,secondNumber=1643}  written to file by thread pool-3-thread-4
 message  {Id=1819097c-b9a5-4b9e-9515-db3a7b213625,FirstNumber=858,secondNumber=1537}  added by thread pool-3-thread-6
 message  {Id=1819097c-b9a5-4b9e-9515-db3a7b213625,FirstNumber=858,secondNumber=1537}  written to file by thread pool-3-thread-1
 message  {Id=fcdc3945-7b50-4a13-abab-e7bde4a016ba,FirstNumber=924,secondNumber=784}  added by thread pool-3-thread-6
 message  {Id=fcdc3945-7b50-4a13-abab-e7bde4a016ba,FirstNumber=924,secondNumber=784}  written to file by thread pool-3-thread-3
 message  {Id=031536d7-677e-4bb9-9ef9-1b0e2dd004c4,FirstNumber=8,secondNumber=484}  added by thread pool-3-thread-6
 message  {Id=031536d7-677e-4bb9-9ef9-1b0e2dd004c4,FirstNumber=8,secondNumber=484}  written to file by thread pool-3-thread-5
 message  {Id=c2b5be01-4d26-4ae4-932e-21bf35c147ad,FirstNumber=34,secondNumber=1615}  added by thread pool-3-thread-6
 message  {Id=c2b5be01-4d26-4ae4-932e-21bf35c147ad,FirstNumber=34,secondNumber=1615}  written to file by thread pool-3-thread-5
 message  {Id=1dddc13d-9b9c-4503-8970-9ffa1a1360ca,FirstNumber=946,secondNumber=1473}  added by thread pool-3-thread-6
 message  {Id=1dddc13d-9b9c-4503-8970-9ffa1a1360ca,FirstNumber=946,secondNumber=1473}  written to file by thread pool-3-thread-5
 message  {Id=4fb4bee9-8113-4507-80b3-f4481f70dd07,FirstNumber=161,secondNumber=779}  added by thread pool-3-thread-6
 message  {Id=4fb4bee9-8113-4507-80b3-f4481f70dd07,FirstNumber=161,secondNumber=779}  written to file by thread pool-3-thread-1
 message  {Id=4a236ac9-a8f3-4184-be20-307a32102226,FirstNumber=651,secondNumber=1892}  added by thread pool-3-thread-6
 message  {Id=4a236ac9-a8f3-4184-be20-307a32102226,FirstNumber=651,secondNumber=1892}  written to file by thread pool-3-thread-1
 message  {Id=6aa53504-7028-4e86-a9cc-c6392989c9e5,FirstNumber=807,secondNumber=945}  added by thread pool-3-thread-6
 message  {Id=6aa53504-7028-4e86-a9cc-c6392989c9e5,FirstNumber=807,secondNumber=945}  written to file by thread pool-3-thread-2
 message  {Id=169a5381-4e78-4be8-bf2b-c08d91b8b939,FirstNumber=492,secondNumber=1614}  added by thread pool-3-thread-6
 message  {Id=169a5381-4e78-4be8-bf2b-c08d91b8b939,FirstNumber=492,secondNumber=1614}  written to file by thread pool-3-thread-2
 message  {Id=f4d663fc-068a-4e0e-80c7-9b457aab53d3,FirstNumber=831,secondNumber=202}  added by thread pool-3-thread-6
 message  {Id=1c2d3e82-0fa4-4e8c-a7e5-1e854003d8b4,FirstNumber=54,secondNumber=1872}  added by thread pool-3-thread-6
 message  {Id=f4d663fc-068a-4e0e-80c7-9b457aab53d3,FirstNumber=831,secondNumber=202}  written to file by thread pool-3-thread-5
 message  {Id=1c2d3e82-0fa4-4e8c-a7e5-1e854003d8b4,FirstNumber=54,secondNumber=1872}  written to file by thread pool-3-thread-3
 message  {Id=0ca9d4a2-8e9d-42d3-a19e-717277b0ac5f,FirstNumber=905,secondNumber=522}  added by thread pool-3-thread-6
 message  {Id=0ca9d4a2-8e9d-42d3-a19e-717277b0ac5f,FirstNumber=905,secondNumber=522}  written to file by thread pool-3-thread-1
 message  {Id=957b69ad-78fa-4f29-830e-53ea1418088e,FirstNumber=61,secondNumber=611}  added by thread pool-3-thread-6
 message  {Id=957b69ad-78fa-4f29-830e-53ea1418088e,FirstNumber=61,secondNumber=611}  written to file by thread pool-3-thread-1
 message  {Id=4e40fe60-e0ff-4aaa-8383-3b47384a6c4e,FirstNumber=22,secondNumber=818}  added by thread pool-3-thread-6
 message  {Id=25a4b14d-4563-42ad-b728-a33c8f2a79ad,FirstNumber=629,secondNumber=407}  added by thread pool-3-thread-6
 message  {Id=4e40fe60-e0ff-4aaa-8383-3b47384a6c4e,FirstNumber=22,secondNumber=818}  written to file by thread pool-3-thread-2
 message  {Id=25a4b14d-4563-42ad-b728-a33c8f2a79ad,FirstNumber=629,secondNumber=407}  written to file by thread pool-3-thread-5
 message  {Id=8a821ea7-d009-4221-9bbc-a502ea437d26,FirstNumber=744,secondNumber=826}  added by thread pool-3-thread-6
 message  {Id=d857502b-bb9f-448d-aa5a-53fdb41f209f,FirstNumber=685,secondNumber=1425}  added by thread pool-3-thread-6
 message  {Id=8a821ea7-d009-4221-9bbc-a502ea437d26,FirstNumber=744,secondNumber=826}  written to file by thread pool-3-thread-3
 message  {Id=d857502b-bb9f-448d-aa5a-53fdb41f209f,FirstNumber=685,secondNumber=1425}  written to file by thread pool-3-thread-4
 message  {Id=33fd89ec-bc5f-4161-8ec5-44c9e2f53ed0,FirstNumber=797,secondNumber=1044}  added by thread pool-3-thread-6
 message  {Id=33fd89ec-bc5f-4161-8ec5-44c9e2f53ed0,FirstNumber=797,secondNumber=1044}  written to file by thread pool-3-thread-1
 message  {Id=22c2c540-c8b9-4e3d-811f-845f76509f81,FirstNumber=862,secondNumber=872}  added by thread pool-3-thread-6
 message  {Id=22c2c540-c8b9-4e3d-811f-845f76509f81,FirstNumber=862,secondNumber=872}  written to file by thread pool-3-thread-1
 message  {Id=70ef2dda-2399-4d44-8ca5-6f7e2e90ffde,FirstNumber=570,secondNumber=19}  added by thread pool-3-thread-6
 message  {Id=70ef2dda-2399-4d44-8ca5-6f7e2e90ffde,FirstNumber=570,secondNumber=19}  written to file by thread pool-3-thread-5
 message  {Id=583ac4c5-16e6-4d9d-801d-453e21de01dd,FirstNumber=177,secondNumber=565}  added by thread pool-3-thread-6
 message  {Id=583ac4c5-16e6-4d9d-801d-453e21de01dd,FirstNumber=177,secondNumber=565}  written to file by thread pool-3-thread-5
 message  {Id=cbece374-9233-424b-a13e-dbb37b60685a,FirstNumber=150,secondNumber=457}  added by thread pool-3-thread-6
 message  {Id=cbece374-9233-424b-a13e-dbb37b60685a,FirstNumber=150,secondNumber=457}  written to file by thread pool-3-thread-5
 message  {Id=ca2ad624-f5da-4a13-a818-aed60fd7e36e,FirstNumber=305,secondNumber=65}  added by thread pool-3-thread-6
 message  {Id=ca2ad624-f5da-4a13-a818-aed60fd7e36e,FirstNumber=305,secondNumber=65}  written to file by thread pool-3-thread-2
 message  {Id=8e973a40-36fe-474d-af9f-5fdcbc64a894,FirstNumber=851,secondNumber=876}  added by thread pool-3-thread-6
 message  {Id=df409957-aeb3-40d0-a78d-17095902384f,FirstNumber=142,secondNumber=1637}  added by thread pool-3-thread-6
 message  {Id=8e973a40-36fe-474d-af9f-5fdcbc64a894,FirstNumber=851,secondNumber=876}  written to file by thread pool-3-thread-1
 message  {Id=df409957-aeb3-40d0-a78d-17095902384f,FirstNumber=142,secondNumber=1637}  written to file by thread pool-3-thread-3
 message  {Id=1304ddfd-99fb-4062-a8f3-25b7ef83eaf1,FirstNumber=377,secondNumber=299}  added by thread pool-3-thread-6
 message  {Id=1304ddfd-99fb-4062-a8f3-25b7ef83eaf1,FirstNumber=377,secondNumber=299}  written to file by thread pool-3-thread-3
 message  {Id=f9368a0a-8f95-4367-84bf-684b60dc04ab,FirstNumber=890,secondNumber=1117}  added by thread pool-3-thread-6
 message  {Id=f9368a0a-8f95-4367-84bf-684b60dc04ab,FirstNumber=890,secondNumber=1117}  written to file by thread pool-3-thread-5
 message  {Id=f3eee21a-4192-4d8a-8c7c-685183e8331e,FirstNumber=608,secondNumber=787}  added by thread pool-3-thread-6
 message  {Id=f3eee21a-4192-4d8a-8c7c-685183e8331e,FirstNumber=608,secondNumber=787}  written to file by thread pool-3-thread-5
 message  {Id=eaca6675-5f9c-4794-9d32-29747711e073,FirstNumber=788,secondNumber=81}  added by thread pool-3-thread-6
 message  {Id=eaca6675-5f9c-4794-9d32-29747711e073,FirstNumber=788,secondNumber=81}  written to file by thread pool-3-thread-1
 message  {Id=77d12247-b883-4c5b-9d89-fc159ab470b6,FirstNumber=590,secondNumber=128}  added by thread pool-3-thread-6
 message  {Id=77d12247-b883-4c5b-9d89-fc159ab470b6,FirstNumber=590,secondNumber=128}  written to file by thread pool-3-thread-1
 message  {Id=1d154697-4455-4cc9-a491-0afd8a29a087,FirstNumber=546,secondNumber=1413}  added by thread pool-3-thread-6
 message  {Id=1d154697-4455-4cc9-a491-0afd8a29a087,FirstNumber=546,secondNumber=1413}  written to file by thread pool-3-thread-3
 message  {Id=264a7f7b-27f3-4bf9-9918-68846b09cdaa,FirstNumber=446,secondNumber=1586}  added by thread pool-3-thread-6
 message  {Id=264a7f7b-27f3-4bf9-9918-68846b09cdaa,FirstNumber=446,secondNumber=1586}  written to file by thread pool-3-thread-3
 message  {Id=789cbcb2-cdfd-473b-8df4-93ff054926ac,FirstNumber=408,secondNumber=1922}  added by thread pool-3-thread-6
 message  {Id=789cbcb2-cdfd-473b-8df4-93ff054926ac,FirstNumber=408,secondNumber=1922}  written to file by thread pool-3-thread-5
 message  {Id=ab0cd70b-aa3d-4428-92f2-a6e839fd3b8b,FirstNumber=311,secondNumber=71}  added by thread pool-3-thread-6
 message  {Id=be4d645b-7c61-4a0f-b3fa-3aebbf11543f,FirstNumber=885,secondNumber=167}  added by thread pool-3-thread-6
 message  {Id=ab0cd70b-aa3d-4428-92f2-a6e839fd3b8b,FirstNumber=311,secondNumber=71}  written to file by thread pool-3-thread-4
 message  {Id=be4d645b-7c61-4a0f-b3fa-3aebbf11543f,FirstNumber=885,secondNumber=167}  written to file by thread pool-3-thread-1
 message  {Id=9151c806-f231-473d-92bb-77830604d4a2,FirstNumber=643,secondNumber=437}  added by thread pool-3-thread-6
 message  {Id=9151c806-f231-473d-92bb-77830604d4a2,FirstNumber=643,secondNumber=437}  written to file by thread pool-3-thread-2
 message  {Id=288ed4d1-4426-4c0a-a80a-a17ac3e87774,FirstNumber=451,secondNumber=711}  added by thread pool-3-thread-6
 message  {Id=288ed4d1-4426-4c0a-a80a-a17ac3e87774,FirstNumber=451,secondNumber=711}  written to file by thread pool-3-thread-3
 message  {Id=ec67b87f-3571-4949-a83c-c4a69ddedc8e,FirstNumber=979,secondNumber=437}  added by thread pool-3-thread-6
 message  {Id=ec67b87f-3571-4949-a83c-c4a69ddedc8e,FirstNumber=979,secondNumber=437}  written to file by thread pool-3-thread-3
 message  {Id=c98e795d-7dfc-467d-8eb8-1e318ab69390,FirstNumber=306,secondNumber=806}  added by thread pool-3-thread-6
 message  {Id=c98e795d-7dfc-467d-8eb8-1e318ab69390,FirstNumber=306,secondNumber=806}  written to file by thread pool-3-thread-3
 message  {Id=56428a00-6874-49ed-8408-1c42ab8f8698,FirstNumber=803,secondNumber=99}  added by thread pool-3-thread-6
 message  {Id=56428a00-6874-49ed-8408-1c42ab8f8698,FirstNumber=803,secondNumber=99}  written to file by thread pool-3-thread-1
 message  {Id=ae290323-af7c-4686-829d-a6765b8c7a41,FirstNumber=436,secondNumber=1775}  added by thread pool-3-thread-6
 message  {Id=ae290323-af7c-4686-829d-a6765b8c7a41,FirstNumber=436,secondNumber=1775}  written to file by thread pool-3-thread-2
 message  {Id=31d14ab2-935a-4fc4-8866-b7c5971a68a5,FirstNumber=207,secondNumber=1948}  added by thread pool-3-thread-6
 message  {Id=31d14ab2-935a-4fc4-8866-b7c5971a68a5,FirstNumber=207,secondNumber=1948}  written to file by thread pool-3-thread-5
 message  {Id=8023a926-8319-4198-a81b-8af09bd84bee,FirstNumber=545,secondNumber=1351}  added by thread pool-3-thread-6
 message  {Id=8023a926-8319-4198-a81b-8af09bd84bee,FirstNumber=545,secondNumber=1351}  written to file by thread pool-3-thread-5
 message  {Id=dc17c297-e6da-4076-8afa-2eb046a6ded0,FirstNumber=74,secondNumber=216}  added by thread pool-3-thread-6
 message  {Id=1ced1f06-415a-467c-b959-44195c243fc4,FirstNumber=59,secondNumber=1369}  added by thread pool-3-thread-6
 message  {Id=dc17c297-e6da-4076-8afa-2eb046a6ded0,FirstNumber=74,secondNumber=216}  written to file by thread pool-3-thread-3
 message  {Id=1ced1f06-415a-467c-b959-44195c243fc4,FirstNumber=59,secondNumber=1369}  written to file by thread pool-3-thread-1
 message  {Id=a3fa97fd-2b37-41e9-88f7-e6b036700b69,FirstNumber=845,secondNumber=1611}  added by thread pool-3-thread-6
 message  {Id=a3fa97fd-2b37-41e9-88f7-e6b036700b69,FirstNumber=845,secondNumber=1611}  written to file by thread pool-3-thread-2
 message  {Id=f125deed-e035-474d-96cf-143c7f4cd564,FirstNumber=304,secondNumber=581}  added by thread pool-3-thread-6
 message  {Id=f125deed-e035-474d-96cf-143c7f4cd564,FirstNumber=304,secondNumber=581}  written to file by thread pool-3-thread-2
 message  {Id=343a2525-ea15-4dde-aecf-8b39a95cc4f9,FirstNumber=782,secondNumber=1176}  added by thread pool-3-thread-6
 message  {Id=343a2525-ea15-4dde-aecf-8b39a95cc4f9,FirstNumber=782,secondNumber=1176}  written to file by thread pool-3-thread-5
 message  {Id=48afe899-a10d-4fb2-a8ab-d324081355d4,FirstNumber=716,secondNumber=1955}  added by thread pool-3-thread-6
 message  {Id=48afe899-a10d-4fb2-a8ab-d324081355d4,FirstNumber=716,secondNumber=1955}  written to file by thread pool-3-thread-5
 message  {Id=6ec1c382-ff1c-4c96-b217-553344c79716,FirstNumber=805,secondNumber=155}  added by thread pool-3-thread-6
 message  {Id=6ec1c382-ff1c-4c96-b217-553344c79716,FirstNumber=805,secondNumber=155}  written to file by thread pool-3-thread-1
 message  {Id=bd402bf8-0a26-4775-a4ee-972913b8a1bd,FirstNumber=9,secondNumber=448}  added by thread pool-3-thread-6
 message  {Id=bd402bf8-0a26-4775-a4ee-972913b8a1bd,FirstNumber=9,secondNumber=448}  written to file by thread pool-3-thread-1
 message  {Id=b529f0ab-7a0f-48de-8a2a-501846a87b14,FirstNumber=922,secondNumber=1894}  added by thread pool-3-thread-6
 message  {Id=b529f0ab-7a0f-48de-8a2a-501846a87b14,FirstNumber=922,secondNumber=1894}  written to file by thread pool-3-thread-2
 message  {Id=fd6a5ec3-bc71-40d9-844b-a190a35c9b39,FirstNumber=334,secondNumber=484}  added by thread pool-3-thread-6
 message  {Id=fd6a5ec3-bc71-40d9-844b-a190a35c9b39,FirstNumber=334,secondNumber=484}  written to file by thread pool-3-thread-2
 message  {Id=c67b8ae5-98e4-4a8f-bf6a-d2906e28ed20,FirstNumber=603,secondNumber=1186}  added by thread pool-3-thread-6
 message  {Id=1afa6b5f-23d2-4730-b6f1-91baaf71047b,FirstNumber=63,secondNumber=1024}  added by thread pool-3-thread-6
 message  {Id=c67b8ae5-98e4-4a8f-bf6a-d2906e28ed20,FirstNumber=603,secondNumber=1186}  written to file by thread pool-3-thread-5
 message  {Id=1afa6b5f-23d2-4730-b6f1-91baaf71047b,FirstNumber=63,secondNumber=1024}  written to file by thread pool-3-thread-4
 message  {Id=fe170359-481f-4aca-bd2a-6ecb052c4c33,FirstNumber=545,secondNumber=47}  added by thread pool-3-thread-6
 message  {Id=fe170359-481f-4aca-bd2a-6ecb052c4c33,FirstNumber=545,secondNumber=47}  written to file by thread pool-3-thread-1
 message  {Id=2d3c80c0-39ab-465e-a6e5-26531448903d,FirstNumber=423,secondNumber=1812}  added by thread pool-3-thread-6
 message  {Id=2d3c80c0-39ab-465e-a6e5-26531448903d,FirstNumber=423,secondNumber=1812}  written to file by thread pool-3-thread-1
 message  {Id=a751a99b-fa76-484b-9499-3930c4b9733d,FirstNumber=56,secondNumber=1232}  added by thread pool-3-thread-6
 message  {Id=a751a99b-fa76-484b-9499-3930c4b9733d,FirstNumber=56,secondNumber=1232}  written to file by thread pool-3-thread-2
 message  {Id=243c3216-b621-4abc-b323-78f94e564bb0,FirstNumber=916,secondNumber=24}  added by thread pool-3-thread-6
 message  {Id=243c3216-b621-4abc-b323-78f94e564bb0,FirstNumber=916,secondNumber=24}  written to file by thread pool-3-thread-2
 message  {Id=bcd246d0-8a7b-4225-9301-bce8e42956ce,FirstNumber=246,secondNumber=1207}  added by thread pool-3-thread-6
 message  {Id=bcd246d0-8a7b-4225-9301-bce8e42956ce,FirstNumber=246,secondNumber=1207}  written to file by thread pool-3-thread-4
 message  {Id=cfa3ee28-6926-42dc-938f-cec774c69609,FirstNumber=961,secondNumber=504}  added by thread pool-3-thread-6
 message  {Id=cfa3ee28-6926-42dc-938f-cec774c69609,FirstNumber=961,secondNumber=504}  written to file by thread pool-3-thread-4
 message  {Id=f5346828-3545-4bdc-8ae7-4c1a71827db5,FirstNumber=499,secondNumber=409}  added by thread pool-3-thread-6
 message  {Id=f5346828-3545-4bdc-8ae7-4c1a71827db5,FirstNumber=499,secondNumber=409}  written to file by thread pool-3-thread-1
 message  {Id=1337e7e5-3235-4215-b8fa-d979a0612f20,FirstNumber=331,secondNumber=151}  added by thread pool-3-thread-6
 message  {Id=1337e7e5-3235-4215-b8fa-d979a0612f20,FirstNumber=331,secondNumber=151}  written to file by thread pool-3-thread-1
 message  {Id=79904d60-5908-42b8-bd6c-366fed32f9af,FirstNumber=816,secondNumber=1653}  added by thread pool-3-thread-6
 message  {Id=7127e932-9a6e-4efe-94b6-191f65dc6866,FirstNumber=739,secondNumber=1444}  added by thread pool-3-thread-6
 message  {Id=79904d60-5908-42b8-bd6c-366fed32f9af,FirstNumber=816,secondNumber=1653}  written to file by thread pool-3-thread-2
 message  {Id=7127e932-9a6e-4efe-94b6-191f65dc6866,FirstNumber=739,secondNumber=1444}  written to file by thread pool-3-thread-3
 message  {Id=7e4d6eca-00af-4058-942c-db1cc228b107,FirstNumber=451,secondNumber=383}  added by thread pool-3-thread-6
 message  {Id=7e4d6eca-00af-4058-942c-db1cc228b107,FirstNumber=451,secondNumber=383}  written to file by thread pool-3-thread-3
 message  {Id=af99118b-aaee-4be4-8a53-ab623a7f67fd,FirstNumber=971,secondNumber=1629}  added by thread pool-3-thread-6
 message  {Id=af99118b-aaee-4be4-8a53-ab623a7f67fd,FirstNumber=971,secondNumber=1629}  written to file by thread pool-3-thread-5
 message  {Id=1a30c400-5a88-4ebc-a604-822568e3ec03,FirstNumber=438,secondNumber=1582}  added by thread pool-3-thread-6
 message  {Id=1a30c400-5a88-4ebc-a604-822568e3ec03,FirstNumber=438,secondNumber=1582}  written to file by thread pool-3-thread-1
 message  {Id=b189f202-225a-426c-ae6a-f3c13bc47b6c,FirstNumber=375,secondNumber=900}  added by thread pool-3-thread-6
 message  {Id=b189f202-225a-426c-ae6a-f3c13bc47b6c,FirstNumber=375,secondNumber=900}  written to file by thread pool-3-thread-2
 message  {Id=4b6a00d4-b71c-41ee-8d25-b6a8ffc5fd00,FirstNumber=15,secondNumber=1311}  added by thread pool-3-thread-6
 message  {Id=4b6a00d4-b71c-41ee-8d25-b6a8ffc5fd00,FirstNumber=15,secondNumber=1311}  written to file by thread pool-3-thread-2
 message  {Id=d23bcc39-b7b7-4b51-8700-8a8f745125c2,FirstNumber=398,secondNumber=671}  added by thread pool-3-thread-6
 message  {Id=c18f182f-78ef-4d37-96ce-44b2ddc18597,FirstNumber=959,secondNumber=1628}  added by thread pool-3-thread-6
 message  {Id=d23bcc39-b7b7-4b51-8700-8a8f745125c2,FirstNumber=398,secondNumber=671}  written to file by thread pool-3-thread-3
 message  {Id=0a6d94a6-f30b-4a04-85ed-db634819438c,FirstNumber=734,secondNumber=1537}  added by thread pool-3-thread-6
 message  {Id=c18f182f-78ef-4d37-96ce-44b2ddc18597,FirstNumber=959,secondNumber=1628}  written to file by thread pool-3-thread-5
 message  {Id=0a6d94a6-f30b-4a04-85ed-db634819438c,FirstNumber=734,secondNumber=1537}  written to file by thread pool-3-thread-1
 message  {Id=c4529d43-2cbc-49c5-a343-db861de8d267,FirstNumber=771,secondNumber=461}  added by thread pool-3-thread-6
 message  {Id=285954cd-b9ec-442c-b146-1a0e7589900f,FirstNumber=351,secondNumber=434}  added by thread pool-3-thread-6
 message  {Id=c4529d43-2cbc-49c5-a343-db861de8d267,FirstNumber=771,secondNumber=461}  written to file by thread pool-3-thread-4
 message  {Id=285954cd-b9ec-442c-b146-1a0e7589900f,FirstNumber=351,secondNumber=434}  written to file by thread pool-3-thread-2
 message  {Id=47807222-74ac-4767-9134-f3c44ecfe58a,FirstNumber=865,secondNumber=965}  added by thread pool-3-thread-6
 message  {Id=47807222-74ac-4767-9134-f3c44ecfe58a,FirstNumber=865,secondNumber=965}  written to file by thread pool-3-thread-2
 message  {Id=3fc0e473-cf86-46aa-b94d-e5549969c71f,FirstNumber=131,secondNumber=1166}  added by thread pool-3-thread-6
 message  {Id=3fc0e473-cf86-46aa-b94d-e5549969c71f,FirstNumber=131,secondNumber=1166}  written to file by thread pool-3-thread-2
 message  {Id=91be53e6-2d0e-42d6-b546-dcf27d3a9fda,FirstNumber=431,secondNumber=1205}  added by thread pool-3-thread-6
 message  {Id=91be53e6-2d0e-42d6-b546-dcf27d3a9fda,FirstNumber=431,secondNumber=1205}  written to file by thread pool-3-thread-1
 message  {Id=68e662bf-cc32-4d95-bdee-360eae8a5b5e,FirstNumber=232,secondNumber=1032}  added by thread pool-3-thread-6
 message  {Id=68e662bf-cc32-4d95-bdee-360eae8a5b5e,FirstNumber=232,secondNumber=1032}  written to file by thread pool-3-thread-1
 message  {Id=98af8954-7671-486a-9861-a2b91d97bd52,FirstNumber=306,secondNumber=1108}  added by thread pool-3-thread-6
 message  {Id=98af8954-7671-486a-9861-a2b91d97bd52,FirstNumber=306,secondNumber=1108}  written to file by thread pool-3-thread-3
 message  {Id=0d63b6db-5784-4eac-a915-39f99fc2dcd7,FirstNumber=418,secondNumber=712}  added by thread pool-3-thread-6
 message  {Id=0d63b6db-5784-4eac-a915-39f99fc2dcd7,FirstNumber=418,secondNumber=712}  written to file by thread pool-3-thread-5
 message  {Id=3276b1e0-0424-4f16-984b-2522dc6db936,FirstNumber=229,secondNumber=320}  added by thread pool-3-thread-6
 message  {Id=3276b1e0-0424-4f16-984b-2522dc6db936,FirstNumber=229,secondNumber=320}  written to file by thread pool-3-thread-2
 message  {Id=00b01904-8024-4b90-b27f-5759a34ec003,FirstNumber=995,secondNumber=1881}  added by thread pool-3-thread-6
 message  {Id=00b01904-8024-4b90-b27f-5759a34ec003,FirstNumber=995,secondNumber=1881}  written to file by thread pool-3-thread-4
 message  {Id=b92499ad-45cf-4870-a6a4-4752ce49c08a,FirstNumber=31,secondNumber=391}  added by thread pool-3-thread-6
 message  {Id=b92499ad-45cf-4870-a6a4-4752ce49c08a,FirstNumber=31,secondNumber=391}  written to file by thread pool-3-thread-1
 message  {Id=2fd16836-237d-40d6-84cf-4822ac0fc9fd,FirstNumber=249,secondNumber=1677}  added by thread pool-3-thread-6
 message  {Id=2fd16836-237d-40d6-84cf-4822ac0fc9fd,FirstNumber=249,secondNumber=1677}  written to file by thread pool-3-thread-3
 message  {Id=4b197a2e-5a0d-4fe0-90a8-ca385588b195,FirstNumber=622,secondNumber=737}  added by thread pool-3-thread-6
 message  {Id=4b197a2e-5a0d-4fe0-90a8-ca385588b195,FirstNumber=622,secondNumber=737}  written to file by thread pool-3-thread-3
 message  {Id=47b0f8c6-e040-4e6d-bd1c-091402b9ce16,FirstNumber=297,secondNumber=1143}  added by thread pool-3-thread-6
 message  {Id=47b0f8c6-e040-4e6d-bd1c-091402b9ce16,FirstNumber=297,secondNumber=1143}  written to file by thread pool-3-thread-3
 message  {Id=23b9692e-6062-4d2d-990a-9249fd577da1,FirstNumber=845,secondNumber=933}  added by thread pool-3-thread-6
 message  {Id=23b9692e-6062-4d2d-990a-9249fd577da1,FirstNumber=845,secondNumber=933}  written to file by thread pool-3-thread-4
 message  {Id=384e8c1b-373a-46db-89ee-bfc9bc1ea5c0,FirstNumber=487,secondNumber=633}  added by thread pool-3-thread-6
 message  {Id=384e8c1b-373a-46db-89ee-bfc9bc1ea5c0,FirstNumber=487,secondNumber=633}  written to file by thread pool-3-thread-1
 message  {Id=1c059af2-ac59-4050-8797-5b2ea6f425fa,FirstNumber=191,secondNumber=295}  added by thread pool-3-thread-6
 message  {Id=1c059af2-ac59-4050-8797-5b2ea6f425fa,FirstNumber=191,secondNumber=295}  written to file by thread pool-3-thread-5
 message  {Id=6d9f0ff4-d0ed-4a77-8a8e-b634fa709d0a,FirstNumber=494,secondNumber=1914}  added by thread pool-3-thread-6
 message  {Id=6d9f0ff4-d0ed-4a77-8a8e-b634fa709d0a,FirstNumber=494,secondNumber=1914}  written to file by thread pool-3-thread-5
 message  {Id=7c0c7d4d-6659-4e09-96b5-8e8f04209318,FirstNumber=631,secondNumber=1585}  added by thread pool-3-thread-6
 message  {Id=7c0c7d4d-6659-4e09-96b5-8e8f04209318,FirstNumber=631,secondNumber=1585}  written to file by thread pool-3-thread-3
 message  {Id=8f4734de-4fce-49c5-97c3-206f30ce64a5,FirstNumber=412,secondNumber=630}  added by thread pool-3-thread-6
 message  {Id=8f4734de-4fce-49c5-97c3-206f30ce64a5,FirstNumber=412,secondNumber=630}  written to file by thread pool-3-thread-4
 message  {Id=7cb15882-7cf1-445c-94e7-77d6e21def55,FirstNumber=630,secondNumber=1824}  added by thread pool-3-thread-6
 message  {Id=752a8c99-464d-4b84-8ead-19d22911fc2d,FirstNumber=0,secondNumber=772}  added by thread pool-3-thread-6
 message  {Id=7cb15882-7cf1-445c-94e7-77d6e21def55,FirstNumber=630,secondNumber=1824}  written to file by thread pool-3-thread-1
 message  {Id=752a8c99-464d-4b84-8ead-19d22911fc2d,FirstNumber=0,secondNumber=772}  written to file by thread pool-3-thread-2
 message  {Id=13ffd906-9b69-4c51-8a26-bb97c1d98f5f,FirstNumber=417,secondNumber=1179}  added by thread pool-3-thread-6
 message  {Id=13ffd906-9b69-4c51-8a26-bb97c1d98f5f,FirstNumber=417,secondNumber=1179}  written to file by thread pool-3-thread-5
 message  {Id=d0c0da90-fc40-44fb-a372-2960ef94152c,FirstNumber=992,secondNumber=1558}  added by thread pool-3-thread-6
 message  {Id=d0c0da90-fc40-44fb-a372-2960ef94152c,FirstNumber=992,secondNumber=1558}  written to file by thread pool-3-thread-5
 message  {Id=23252fde-e12e-4990-be9a-8ae2dd2984e6,FirstNumber=146,secondNumber=1220}  added by thread pool-3-thread-6
 message  {Id=23252fde-e12e-4990-be9a-8ae2dd2984e6,FirstNumber=146,secondNumber=1220}  written to file by thread pool-3-thread-4
 message  {Id=81b52e59-7e20-41c5-983c-40ce70b1e434,FirstNumber=862,secondNumber=786}  added by thread pool-3-thread-6
 message  {Id=81b52e59-7e20-41c5-983c-40ce70b1e434,FirstNumber=862,secondNumber=786}  written to file by thread pool-3-thread-4
 message  {Id=4ff2f869-fb8f-47e0-bae0-ce789fa31922,FirstNumber=566,secondNumber=260}  added by thread pool-3-thread-6
 message  {Id=4ff2f869-fb8f-47e0-bae0-ce789fa31922,FirstNumber=566,secondNumber=260}  written to file by thread pool-3-thread-4
 message  {Id=23e77c4a-5b6b-4998-bb6c-25dbee903345,FirstNumber=67,secondNumber=1315}  added by thread pool-3-thread-6
 message  {Id=23e77c4a-5b6b-4998-bb6c-25dbee903345,FirstNumber=67,secondNumber=1315}  written to file by thread pool-3-thread-3
 message  {Id=b0a1a7d0-47d7-42ad-bc8d-907d9be0f256,FirstNumber=907,secondNumber=513}  added by thread pool-3-thread-6
 message  {Id=b0a1a7d0-47d7-42ad-bc8d-907d9be0f256,FirstNumber=907,secondNumber=513}  written to file by thread pool-3-thread-5
 message  {Id=1cdd9a49-498d-46bc-b1e3-d00e94acf463,FirstNumber=787,secondNumber=1716}  added by thread pool-3-thread-6
 message  {Id=1cdd9a49-498d-46bc-b1e3-d00e94acf463,FirstNumber=787,secondNumber=1716}  written to file by thread pool-3-thread-1
 message  {Id=7160e6b1-a2d7-4740-9694-39ec82927d33,FirstNumber=331,secondNumber=1618}  added by thread pool-3-thread-6
 message  {Id=7160e6b1-a2d7-4740-9694-39ec82927d33,FirstNumber=331,secondNumber=1618}  written to file by thread pool-3-thread-1
 message  {Id=a49f6945-48fd-4e25-ad4c-15297e712808,FirstNumber=324,secondNumber=589}  added by thread pool-3-thread-6
 message  {Id=a49f6945-48fd-4e25-ad4c-15297e712808,FirstNumber=324,secondNumber=589}  written to file by thread pool-3-thread-4
 message  {Id=5f54bb08-17d0-4b8e-b168-83e6b7d9922c,FirstNumber=338,secondNumber=121}  added by thread pool-3-thread-6
 message  {Id=5f54bb08-17d0-4b8e-b168-83e6b7d9922c,FirstNumber=338,secondNumber=121}  written to file by thread pool-3-thread-3
 message  {Id=2469e645-d7a0-4c8e-9ea1-a42713fc980a,FirstNumber=726,secondNumber=1213}  added by thread pool-3-thread-6
 message  {Id=2469e645-d7a0-4c8e-9ea1-a42713fc980a,FirstNumber=726,secondNumber=1213}  written to file by thread pool-3-thread-5
 message  {Id=a612b299-dbe7-4998-bfda-51dc176d30f1,FirstNumber=942,secondNumber=1872}  added by thread pool-3-thread-6
 message  {Id=a612b299-dbe7-4998-bfda-51dc176d30f1,FirstNumber=942,secondNumber=1872}  written to file by thread pool-3-thread-2
 message  {Id=e58a57ac-be42-4c10-ab85-7badb0e804ca,FirstNumber=881,secondNumber=680}  added by thread pool-3-thread-6
 message  {Id=e58a57ac-be42-4c10-ab85-7badb0e804ca,FirstNumber=881,secondNumber=680}  written to file by thread pool-3-thread-2
 message  {Id=543f522f-9faa-4c27-906b-d582d0175a91,FirstNumber=763,secondNumber=973}  added by thread pool-3-thread-6
 message  {Id=543f522f-9faa-4c27-906b-d582d0175a91,FirstNumber=763,secondNumber=973}  written to file by thread pool-3-thread-4
 message  {Id=9d6576aa-be30-420e-b24c-049c27243c04,FirstNumber=855,secondNumber=1700}  added by thread pool-3-thread-6
 message  {Id=9d6576aa-be30-420e-b24c-049c27243c04,FirstNumber=855,secondNumber=1700}  written to file by thread pool-3-thread-4
 message  {Id=b7c4757a-0691-4301-9d50-4c4218e79e95,FirstNumber=319,secondNumber=379}  added by thread pool-3-thread-6
 message  {Id=b7c4757a-0691-4301-9d50-4c4218e79e95,FirstNumber=319,secondNumber=379}  written to file by thread pool-3-thread-5
 message  {Id=264c73ab-ce50-428b-a0ed-d70396b52736,FirstNumber=555,secondNumber=1662}  added by thread pool-3-thread-6
 message  {Id=264c73ab-ce50-428b-a0ed-d70396b52736,FirstNumber=555,secondNumber=1662}  written to file by thread pool-3-thread-5
 message  {Id=6fa0d644-ece4-4e4c-9b6e-f59d3c77f343,FirstNumber=615,secondNumber=1727}  added by thread pool-3-thread-6
 message  {Id=6fa0d644-ece4-4e4c-9b6e-f59d3c77f343,FirstNumber=615,secondNumber=1727}  written to file by thread pool-3-thread-2
 message  {Id=51a62bb6-251c-4363-9636-ce9e51d50f16,FirstNumber=171,secondNumber=775}  added by thread pool-3-thread-6
 message  {Id=51a62bb6-251c-4363-9636-ce9e51d50f16,FirstNumber=171,secondNumber=775}  written to file by thread pool-3-thread-3
 message  {Id=40613467-3977-4099-a338-f1c7f7b208c4,FirstNumber=927,secondNumber=1064}  added by thread pool-3-thread-6
 message  {Id=40613467-3977-4099-a338-f1c7f7b208c4,FirstNumber=927,secondNumber=1064}  written to file by thread pool-3-thread-4
 message  {Id=4de99b24-fda0-4e74-b0b3-9be47181c97c,FirstNumber=50,secondNumber=1716}  added by thread pool-3-thread-6
 message  {Id=4de99b24-fda0-4e74-b0b3-9be47181c97c,FirstNumber=50,secondNumber=1716}  written to file by thread pool-3-thread-4
 message  {Id=909d2639-cf23-4151-bb8f-8119e4e6b3e2,FirstNumber=788,secondNumber=504}  added by thread pool-3-thread-6
 message  {Id=909d2639-cf23-4151-bb8f-8119e4e6b3e2,FirstNumber=788,secondNumber=504}  written to file by thread pool-3-thread-5
 message  {Id=d3ea7d59-2507-47a7-a0e8-5a3f877dbd34,FirstNumber=663,secondNumber=581}  added by thread pool-3-thread-6
 message  {Id=d3ea7d59-2507-47a7-a0e8-5a3f877dbd34,FirstNumber=663,secondNumber=581}  written to file by thread pool-3-thread-5
 message  {Id=cb267044-2d1e-4513-9b8c-82bc8774e332,FirstNumber=500,secondNumber=498}  added by thread pool-3-thread-6
 message  {Id=cb267044-2d1e-4513-9b8c-82bc8774e332,FirstNumber=500,secondNumber=498}  written to file by thread pool-3-thread-3
 message  {Id=dcb0a4bd-9fa2-4ae3-a862-55c9f79146c4,FirstNumber=962,secondNumber=628}  added by thread pool-3-thread-6
 message  {Id=dcb0a4bd-9fa2-4ae3-a862-55c9f79146c4,FirstNumber=962,secondNumber=628}  written to file by thread pool-3-thread-3
 message  {Id=b01503e3-5a50-4295-ab44-7e34e34c51ee,FirstNumber=811,secondNumber=446}  added by thread pool-3-thread-6
 message  {Id=b01503e3-5a50-4295-ab44-7e34e34c51ee,FirstNumber=811,secondNumber=446}  written to file by thread pool-3-thread-3
 message  {Id=924de68a-557f-4ee2-8a01-ca189a3a4b62,FirstNumber=942,secondNumber=1923}  added by thread pool-3-thread-6
 message  {Id=924de68a-557f-4ee2-8a01-ca189a3a4b62,FirstNumber=942,secondNumber=1923}  written to file by thread pool-3-thread-2
 message  {Id=4b718f0b-23f2-4bde-9655-cedb3ab790df,FirstNumber=235,secondNumber=1836}  added by thread pool-3-thread-6
 message  {Id=4b718f0b-23f2-4bde-9655-cedb3ab790df,FirstNumber=235,secondNumber=1836}  written to file by thread pool-3-thread-2
 message  {Id=fae60520-58a1-4d71-9ea5-66d9c087a98a,FirstNumber=677,secondNumber=342}  added by thread pool-3-thread-6
 message  {Id=fae60520-58a1-4d71-9ea5-66d9c087a98a,FirstNumber=677,secondNumber=342}  written to file by thread pool-3-thread-2
 message  {Id=304ebfde-5ed2-465e-a514-7f941fef65cf,FirstNumber=782,secondNumber=108}  added by thread pool-3-thread-6
 message  {Id=304ebfde-5ed2-465e-a514-7f941fef65cf,FirstNumber=782,secondNumber=108}  written to file by thread pool-3-thread-4
 message  {Id=67fd5e38-80ad-4ed4-b244-a4525df0963b,FirstNumber=182,secondNumber=913}  added by thread pool-3-thread-6
 message  {Id=67fd5e38-80ad-4ed4-b244-a4525df0963b,FirstNumber=182,secondNumber=913}  written to file by thread pool-3-thread-4
 message  {Id=f077b86f-ac30-4165-b062-c71183b4e25a,FirstNumber=663,secondNumber=1459}  added by thread pool-3-thread-6
 message  {Id=f077b86f-ac30-4165-b062-c71183b4e25a,FirstNumber=663,secondNumber=1459}  written to file by thread pool-3-thread-5
 message  {Id=8a672aab-cc40-421a-842e-85dcf13c045e,FirstNumber=947,secondNumber=1279}  added by thread pool-3-thread-6
 message  {Id=8a672aab-cc40-421a-842e-85dcf13c045e,FirstNumber=947,secondNumber=1279}  written to file by thread pool-3-thread-5
 message  {Id=665fff49-c4bd-47d7-8a02-739220deed81,FirstNumber=398,secondNumber=475}  added by thread pool-3-thread-6
 message  {Id=665fff49-c4bd-47d7-8a02-739220deed81,FirstNumber=398,secondNumber=475}  written to file by thread pool-3-thread-2
 message  {Id=34cb8c40-a70c-47d6-9319-022ac5acae37,FirstNumber=303,secondNumber=209}  added by thread pool-3-thread-6
 message  {Id=34cb8c40-a70c-47d6-9319-022ac5acae37,FirstNumber=303,secondNumber=209}  written to file by thread pool-3-thread-2
 message  {Id=433ca0a9-f00c-4571-8ed8-3f6fc4435673,FirstNumber=591,secondNumber=1360}  added by thread pool-3-thread-6
 message  {Id=433ca0a9-f00c-4571-8ed8-3f6fc4435673,FirstNumber=591,secondNumber=1360}  written to file by thread pool-3-thread-2
 message  {Id=ea95c210-24b7-4dcc-afda-7d2f22c11169,FirstNumber=901,secondNumber=1673}  added by thread pool-3-thread-6
 message  {Id=ea95c210-24b7-4dcc-afda-7d2f22c11169,FirstNumber=901,secondNumber=1673}  written to file by thread pool-3-thread-1
 message  {Id=4b37b82e-fa01-419e-aab1-aa159dd0e044,FirstNumber=778,secondNumber=1484}  added by thread pool-3-thread-6
 message  {Id=4b37b82e-fa01-419e-aab1-aa159dd0e044,FirstNumber=778,secondNumber=1484}  written to file by thread pool-3-thread-5
 message  {Id=40841f79-c4f4-4e9d-85e2-b59026201096,FirstNumber=684,secondNumber=647}  added by thread pool-3-thread-6
 message  {Id=40841f79-c4f4-4e9d-85e2-b59026201096,FirstNumber=684,secondNumber=647}  written to file by thread pool-3-thread-3
 message  {Id=a8baa4f6-a8eb-4d1c-9e15-89ae85674dde,FirstNumber=681,secondNumber=445}  added by thread pool-3-thread-6
 message  {Id=a8baa4f6-a8eb-4d1c-9e15-89ae85674dde,FirstNumber=681,secondNumber=445}  written to file by thread pool-3-thread-3
 message  {Id=19d13a6e-5322-442c-aa4b-211421ac7f8d,FirstNumber=34,secondNumber=926}  added by thread pool-3-thread-6
 message  {Id=19d13a6e-5322-442c-aa4b-211421ac7f8d,FirstNumber=34,secondNumber=926}  written to file by thread pool-3-thread-2
 message  {Id=5906d860-d2da-4d8f-90bb-51dee1a934c7,FirstNumber=860,secondNumber=1097}  added by thread pool-3-thread-6
 message  {Id=5906d860-d2da-4d8f-90bb-51dee1a934c7,FirstNumber=860,secondNumber=1097}  written to file by thread pool-3-thread-1
 message  {Id=c98b10fc-cc15-403e-ab7e-96dc69466793,FirstNumber=931,secondNumber=335}  added by thread pool-3-thread-6
 message  {Id=c98b10fc-cc15-403e-ab7e-96dc69466793,FirstNumber=931,secondNumber=335}  written to file by thread pool-3-thread-1
 message  {Id=2395d5be-05e1-4480-a543-aa93acb0da7a,FirstNumber=112,secondNumber=1163}  added by thread pool-3-thread-6
 message  {Id=2395d5be-05e1-4480-a543-aa93acb0da7a,FirstNumber=112,secondNumber=1163}  written to file by thread pool-3-thread-4
 message  {Id=a4d932af-e3c6-4378-a0c7-dc1fa2cef877,FirstNumber=760,secondNumber=47}  added by thread pool-3-thread-6
 message  {Id=a4d932af-e3c6-4378-a0c7-dc1fa2cef877,FirstNumber=760,secondNumber=47}  written to file by thread pool-3-thread-4
 message  {Id=490ae3fc-60af-4036-aa76-7de3e84124e3,FirstNumber=270,secondNumber=1921}  added by thread pool-3-thread-6
 message  {Id=490ae3fc-60af-4036-aa76-7de3e84124e3,FirstNumber=270,secondNumber=1921}  written to file by thread pool-3-thread-2
 message  {Id=77b1cda0-e2f4-48e1-8670-ae91edeb2fb8,FirstNumber=217,secondNumber=1883}  added by thread pool-3-thread-6
 message  {Id=77b1cda0-e2f4-48e1-8670-ae91edeb2fb8,FirstNumber=217,secondNumber=1883}  written to file by thread pool-3-thread-2
 message  {Id=bc1e8df3-8638-451c-9ef5-ef0486f437e0,FirstNumber=41,secondNumber=1566}  added by thread pool-3-thread-6
 message  {Id=bd297bd6-5a23-4fe6-a807-89c6318fc0e8,FirstNumber=954,secondNumber=586}  added by thread pool-3-thread-6
 message  {Id=bc1e8df3-8638-451c-9ef5-ef0486f437e0,FirstNumber=41,secondNumber=1566}  written to file by thread pool-3-thread-1
 message  {Id=bd297bd6-5a23-4fe6-a807-89c6318fc0e8,FirstNumber=954,secondNumber=586}  written to file by thread pool-3-thread-3
 message  {Id=8b62db24-591b-4f01-aae8-68e71b7f2386,FirstNumber=501,secondNumber=778}  added by thread pool-3-thread-6
 message  {Id=8b62db24-591b-4f01-aae8-68e71b7f2386,FirstNumber=501,secondNumber=778}  written to file by thread pool-3-thread-3
 message  {Id=00d2a5a4-0901-4976-8fbc-75b0dc9be432,FirstNumber=964,secondNumber=1565}  added by thread pool-3-thread-6
 message  {Id=00d2a5a4-0901-4976-8fbc-75b0dc9be432,FirstNumber=964,secondNumber=1565}  written to file by thread pool-3-thread-5
 message  {Id=d71bf675-fb5a-4861-bebc-724426c54f09,FirstNumber=800,secondNumber=1909}  added by thread pool-3-thread-6
 message  {Id=d71bf675-fb5a-4861-bebc-724426c54f09,FirstNumber=800,secondNumber=1909}  written to file by thread pool-3-thread-2
 message  {Id=c137a92a-464e-4f2a-8ca8-572c6d26ece4,FirstNumber=662,secondNumber=1877}  added by thread pool-3-thread-6
 message  {Id=c137a92a-464e-4f2a-8ca8-572c6d26ece4,FirstNumber=662,secondNumber=1877}  written to file by thread pool-3-thread-1
 message  {Id=e45f72da-ece7-4d50-aff9-d852c3a0c72d,FirstNumber=719,secondNumber=395}  added by thread pool-3-thread-6
 message  {Id=e45f72da-ece7-4d50-aff9-d852c3a0c72d,FirstNumber=719,secondNumber=395}  written to file by thread pool-3-thread-1
 message  {Id=58203334-6f9b-40c9-b588-1a8ba79dca14,FirstNumber=29,secondNumber=956}  added by thread pool-3-thread-6
 message  {Id=58203334-6f9b-40c9-b588-1a8ba79dca14,FirstNumber=29,secondNumber=956}  written to file by thread pool-3-thread-3
 message  {Id=7fd972a3-8d0e-4fa7-99a8-c4421a01cf7e,FirstNumber=732,secondNumber=338}  added by thread pool-3-thread-6
 message  {Id=7fd972a3-8d0e-4fa7-99a8-c4421a01cf7e,FirstNumber=732,secondNumber=338}  written to file by thread pool-3-thread-3
 message  {Id=b48189ce-b9c0-44a2-90f1-89bd4242b5f1,FirstNumber=833,secondNumber=1639}  added by thread pool-3-thread-6
 message  {Id=b48189ce-b9c0-44a2-90f1-89bd4242b5f1,FirstNumber=833,secondNumber=1639}  written to file by thread pool-3-thread-2
 message  {Id=62d31889-febf-4374-be0a-b159ebdee7be,FirstNumber=489,secondNumber=45}  added by thread pool-3-thread-6
 message  {Id=cbfe1018-16b3-4e60-bfb6-bf2a260a3bb4,FirstNumber=890,secondNumber=1914}  added by thread pool-3-thread-6
 message  {Id=62d31889-febf-4374-be0a-b159ebdee7be,FirstNumber=489,secondNumber=45}  written to file by thread pool-3-thread-4
 message  {Id=cbfe1018-16b3-4e60-bfb6-bf2a260a3bb4,FirstNumber=890,secondNumber=1914}  written to file by thread pool-3-thread-1
 message  {Id=7b4cc149-4f6f-439e-b4cb-90d1a877e0e6,FirstNumber=133,secondNumber=1512}  added by thread pool-3-thread-6
 message  {Id=7b4cc149-4f6f-439e-b4cb-90d1a877e0e6,FirstNumber=133,secondNumber=1512}  written to file by thread pool-3-thread-5
 message  {Id=6a9aea5e-056a-4524-995e-67cc9e541698,FirstNumber=453,secondNumber=1194}  added by thread pool-3-thread-6
 message  {Id=6a9aea5e-056a-4524-995e-67cc9e541698,FirstNumber=453,secondNumber=1194}  written to file by thread pool-3-thread-5
 message  {Id=8d452df2-0080-469a-ac75-2ec28dfe241e,FirstNumber=674,secondNumber=487}  added by thread pool-3-thread-6
 message  {Id=8d452df2-0080-469a-ac75-2ec28dfe241e,FirstNumber=674,secondNumber=487}  written to file by thread pool-3-thread-2
 message  {Id=664162ca-6e03-4f53-97c3-33f710551c25,FirstNumber=968,secondNumber=1407}  added by thread pool-3-thread-6
 message  {Id=664162ca-6e03-4f53-97c3-33f710551c25,FirstNumber=968,secondNumber=1407}  written to file by thread pool-3-thread-4
 message  {Id=a021e76e-e95c-49f3-9222-165247a35c2a,FirstNumber=261,secondNumber=1235}  added by thread pool-3-thread-6
 message  {Id=a021e76e-e95c-49f3-9222-165247a35c2a,FirstNumber=261,secondNumber=1235}  written to file by thread pool-3-thread-4
 message  {Id=9983c993-cea3-49f8-aaba-844b17cb2c0c,FirstNumber=401,secondNumber=1069}  added by thread pool-3-thread-6
 message  {Id=9983c993-cea3-49f8-aaba-844b17cb2c0c,FirstNumber=401,secondNumber=1069}  written to file by thread pool-3-thread-3
 message  {Id=86810471-b0d2-4874-9125-54a279f2dd3b,FirstNumber=298,secondNumber=1368}  added by thread pool-3-thread-6
 message  {Id=86810471-b0d2-4874-9125-54a279f2dd3b,FirstNumber=298,secondNumber=1368}  written to file by thread pool-3-thread-3
 message  {Id=4e21f494-8808-42f3-a3a2-f43a3e3ca27a,FirstNumber=299,secondNumber=213}  added by thread pool-3-thread-6
 message  {Id=4e21f494-8808-42f3-a3a2-f43a3e3ca27a,FirstNumber=299,secondNumber=213}  written to file by thread pool-3-thread-2
 message  {Id=a41b8803-81f1-4807-9dd1-47799b064d21,FirstNumber=616,secondNumber=814}  added by thread pool-3-thread-6
 message  {Id=a41b8803-81f1-4807-9dd1-47799b064d21,FirstNumber=616,secondNumber=814}  written to file by thread pool-3-thread-2
 message  {Id=c880ea6a-da70-4dc7-8b16-d8bd09e93848,FirstNumber=409,secondNumber=710}  added by thread pool-3-thread-6
 message  {Id=c880ea6a-da70-4dc7-8b16-d8bd09e93848,FirstNumber=409,secondNumber=710}  written to file by thread pool-3-thread-2
 message  {Id=14b0cf00-0b1f-4862-901a-7adc9ee515bf,FirstNumber=962,secondNumber=1970}  added by thread pool-3-thread-6
 message  {Id=14b0cf00-0b1f-4862-901a-7adc9ee515bf,FirstNumber=962,secondNumber=1970}  written to file by thread pool-3-thread-5
 message  {Id=e7125c3b-489f-415d-ae7f-8a61344b8eba,FirstNumber=730,secondNumber=738}  added by thread pool-3-thread-6
 message  {Id=e7125c3b-489f-415d-ae7f-8a61344b8eba,FirstNumber=730,secondNumber=738}  written to file by thread pool-3-thread-5
 message  {Id=11baab4c-dbec-4016-a1c6-367380cecf11,FirstNumber=203,secondNumber=510}  added by thread pool-3-thread-6
 message  {Id=11baab4c-dbec-4016-a1c6-367380cecf11,FirstNumber=203,secondNumber=510}  written to file by thread pool-3-thread-1
 message  {Id=00a2302e-14f3-40b0-9841-9900358a2f66,FirstNumber=216,secondNumber=89}  added by thread pool-3-thread-6
 message  {Id=00a2302e-14f3-40b0-9841-9900358a2f66,FirstNumber=216,secondNumber=89}  written to file by thread pool-3-thread-1
 message  {Id=3c792fa4-2f85-45c3-96fd-ca7e0339af52,FirstNumber=626,secondNumber=1028}  added by thread pool-3-thread-6
 message  {Id=3c792fa4-2f85-45c3-96fd-ca7e0339af52,FirstNumber=626,secondNumber=1028}  written to file by thread pool-3-thread-2
 message  {Id=f59e8228-70c9-4455-9696-57d7c83fc683,FirstNumber=582,secondNumber=1704}  added by thread pool-3-thread-6
 message  {Id=f59e8228-70c9-4455-9696-57d7c83fc683,FirstNumber=582,secondNumber=1704}  written to file by thread pool-3-thread-2
 message  {Id=d17a0986-bc49-449e-aad3-cc003bb59143,FirstNumber=903,secondNumber=1551}  added by thread pool-3-thread-6
 message  {Id=d17a0986-bc49-449e-aad3-cc003bb59143,FirstNumber=903,secondNumber=1551}  written to file by thread pool-3-thread-2
 message  {Id=717c6d23-7fe8-4881-8429-08e3179fca6d,FirstNumber=576,secondNumber=979}  added by thread pool-3-thread-6
 message  {Id=717c6d23-7fe8-4881-8429-08e3179fca6d,FirstNumber=576,secondNumber=979}  written to file by thread pool-3-thread-4
 message  {Id=26c70177-9c94-4f4b-be96-54118eeb4ae2,FirstNumber=818,secondNumber=343}  added by thread pool-3-thread-6
 message  {Id=220f24ad-a7a7-42a7-b252-71b337eac9d0,FirstNumber=947,secondNumber=230}  added by thread pool-3-thread-6
 message  {Id=26c70177-9c94-4f4b-be96-54118eeb4ae2,FirstNumber=818,secondNumber=343}  written to file by thread pool-3-thread-1
 message  {Id=220f24ad-a7a7-42a7-b252-71b337eac9d0,FirstNumber=947,secondNumber=230}  written to file by thread pool-3-thread-3
 message  {Id=fff31e1c-776e-4d70-bd2b-db0cf8b4c21f,FirstNumber=671,secondNumber=984}  added by thread pool-3-thread-6
 message  {Id=fff31e1c-776e-4d70-bd2b-db0cf8b4c21f,FirstNumber=671,secondNumber=984}  written to file by thread pool-3-thread-3
 message  {Id=9ff41980-cd29-4f9b-83e3-fa0e7f4f5bcf,FirstNumber=244,secondNumber=1003}  added by thread pool-3-thread-6
 message  {Id=9ff41980-cd29-4f9b-83e3-fa0e7f4f5bcf,FirstNumber=244,secondNumber=1003}  written to file by thread pool-3-thread-2
 message  {Id=0555e261-834a-4bfd-a526-b6470dfcacfb,FirstNumber=513,secondNumber=467}  added by thread pool-3-thread-6
 message  {Id=0555e261-834a-4bfd-a526-b6470dfcacfb,FirstNumber=513,secondNumber=467}  written to file by thread pool-3-thread-4
 message  {Id=fb911e32-d624-4c7c-b590-1706bad1121a,FirstNumber=521,secondNumber=508}  added by thread pool-3-thread-6
 message  {Id=fb911e32-d624-4c7c-b590-1706bad1121a,FirstNumber=521,secondNumber=508}  written to file by thread pool-3-thread-1
 message  {Id=1f0cd6a8-2acb-48ed-b961-6844e4ee09a0,FirstNumber=620,secondNumber=1408}  added by thread pool-3-thread-6
 message  {Id=1f0cd6a8-2acb-48ed-b961-6844e4ee09a0,FirstNumber=620,secondNumber=1408}  written to file by thread pool-3-thread-1
 message  {Id=d92f7f42-0401-4860-a4e2-45355a7b8449,FirstNumber=745,secondNumber=864}  added by thread pool-3-thread-6
 message  {Id=d92f7f42-0401-4860-a4e2-45355a7b8449,FirstNumber=745,secondNumber=864}  written to file by thread pool-3-thread-1
 message  {Id=8c293788-b79b-422e-a675-b162f931dcdf,FirstNumber=288,secondNumber=802}  added by thread pool-3-thread-6
 message  {Id=8c293788-b79b-422e-a675-b162f931dcdf,FirstNumber=288,secondNumber=802}  written to file by thread pool-3-thread-2
 message  {Id=3f7ff716-28a1-4c87-b258-f5119cee976b,FirstNumber=26,secondNumber=1799}  added by thread pool-3-thread-6
 message  {Id=3f7ff716-28a1-4c87-b258-f5119cee976b,FirstNumber=26,secondNumber=1799}  written to file by thread pool-3-thread-2
 message  {Id=eab606fb-3757-494e-8443-eb69e56666ce,FirstNumber=197,secondNumber=1776}  added by thread pool-3-thread-6
 message  {Id=e95025f5-a8fa-4398-9a31-7b4f0bf500ff,FirstNumber=404,secondNumber=736}  added by thread pool-3-thread-6
 message  {Id=eab606fb-3757-494e-8443-eb69e56666ce,FirstNumber=197,secondNumber=1776}  written to file by thread pool-3-thread-5
 message  {Id=e95025f5-a8fa-4398-9a31-7b4f0bf500ff,FirstNumber=404,secondNumber=736}  written to file by thread pool-3-thread-3
 message  {Id=d4120c58-ec48-4093-872f-a0ed8b85e92a,FirstNumber=493,secondNumber=1213}  added by thread pool-3-thread-6
 message  {Id=d4120c58-ec48-4093-872f-a0ed8b85e92a,FirstNumber=493,secondNumber=1213}  written to file by thread pool-3-thread-3
 message  {Id=421fc080-fe35-4186-b098-2edfd2dc9cdf,FirstNumber=45,secondNumber=658}  added by thread pool-3-thread-6
 message  {Id=421fc080-fe35-4186-b098-2edfd2dc9cdf,FirstNumber=45,secondNumber=658}  written to file by thread pool-3-thread-3
 message  {Id=3fcd865f-0098-4cb1-a598-36181770e1a0,FirstNumber=493,secondNumber=1808}  added by thread pool-3-thread-6
 message  {Id=3fcd865f-0098-4cb1-a598-36181770e1a0,FirstNumber=493,secondNumber=1808}  written to file by thread pool-3-thread-2
 message  {Id=92e3f616-234c-4ea9-b05b-f282e5490fd4,FirstNumber=444,secondNumber=781}  added by thread pool-3-thread-6
 message  {Id=92e3f616-234c-4ea9-b05b-f282e5490fd4,FirstNumber=444,secondNumber=781}  written to file by thread pool-3-thread-5
 message  {Id=cf04f3e2-6b4e-4655-80e8-36c6ebbb51dc,FirstNumber=197,secondNumber=546}  added by thread pool-3-thread-6
 message  {Id=cf04f3e2-6b4e-4655-80e8-36c6ebbb51dc,FirstNumber=197,secondNumber=546}  written to file by thread pool-3-thread-5
 message  {Id=d3f46d38-9bbe-4caf-b64f-af31d5780475,FirstNumber=670,secondNumber=1263}  added by thread pool-3-thread-6
 message  {Id=d3f46d38-9bbe-4caf-b64f-af31d5780475,FirstNumber=670,secondNumber=1263}  written to file by thread pool-3-thread-4
 message  {Id=1c3d086e-40ca-487f-9aee-6492943ad28d,FirstNumber=340,secondNumber=149}  added by thread pool-3-thread-6
 message  {Id=5ad5701b-971f-4889-8abb-1311f444e9a9,FirstNumber=476,secondNumber=163}  added by thread pool-3-thread-6
 message  {Id=1c3d086e-40ca-487f-9aee-6492943ad28d,FirstNumber=340,secondNumber=149}  written to file by thread pool-3-thread-3
 message  {Id=5ad5701b-971f-4889-8abb-1311f444e9a9,FirstNumber=476,secondNumber=163}  written to file by thread pool-3-thread-2
 message  {Id=a2764884-c55e-48e4-b01a-4610227a1bcb,FirstNumber=283,secondNumber=1426}  added by thread pool-3-thread-6
 message  {Id=5d20738c-ab63-459d-9358-7866891eebfc,FirstNumber=750,secondNumber=1852}  added by thread pool-3-thread-6
 message  {Id=a2764884-c55e-48e4-b01a-4610227a1bcb,FirstNumber=283,secondNumber=1426}  written to file by thread pool-3-thread-1
 message  {Id=5d20738c-ab63-459d-9358-7866891eebfc,FirstNumber=750,secondNumber=1852}  written to file by thread pool-3-thread-5
 message  {Id=66057d72-ad36-4228-8a86-9d815c0ffd2a,FirstNumber=759,secondNumber=68}  added by thread pool-3-thread-6
 message  {Id=66057d72-ad36-4228-8a86-9d815c0ffd2a,FirstNumber=759,secondNumber=68}  written to file by thread pool-3-thread-5
 message  {Id=b3984875-8082-4c8a-94fe-ab7f49f175ba,FirstNumber=504,secondNumber=1411}  added by thread pool-3-thread-6
 message  {Id=b3984875-8082-4c8a-94fe-ab7f49f175ba,FirstNumber=504,secondNumber=1411}  written to file by thread pool-3-thread-3
 message  {Id=a915811b-f29f-4fd3-88f1-aa321cd876d4,FirstNumber=597,secondNumber=538}  added by thread pool-3-thread-6
 message  {Id=a915811b-f29f-4fd3-88f1-aa321cd876d4,FirstNumber=597,secondNumber=538}  written to file by thread pool-3-thread-3
 message  {Id=3bed1a45-27c5-4871-b372-0fd71a9d66d1,FirstNumber=732,secondNumber=877}  added by thread pool-3-thread-6
 message  {Id=3bed1a45-27c5-4871-b372-0fd71a9d66d1,FirstNumber=732,secondNumber=877}  written to file by thread pool-3-thread-1
 message  {Id=d731923b-5c9f-4108-835e-00cac0daf93f,FirstNumber=135,secondNumber=544}  added by thread pool-3-thread-6
 message  {Id=d731923b-5c9f-4108-835e-00cac0daf93f,FirstNumber=135,secondNumber=544}  written to file by thread pool-3-thread-4
 message  {Id=7eaa511b-216d-47af-859a-6b8ca863d685,FirstNumber=756,secondNumber=1831}  added by thread pool-3-thread-6
 message  {Id=7eaa511b-216d-47af-859a-6b8ca863d685,FirstNumber=756,secondNumber=1831}  written to file by thread pool-3-thread-5
 message  {Id=1b791d7a-2126-4bed-b8e5-c87ace3ac29d,FirstNumber=870,secondNumber=944}  added by thread pool-3-thread-6
 message  {Id=1b791d7a-2126-4bed-b8e5-c87ace3ac29d,FirstNumber=870,secondNumber=944}  written to file by thread pool-3-thread-2
 message  {Id=d446e83e-8576-4987-b66c-982593e0b999,FirstNumber=119,secondNumber=1119}  added by thread pool-3-thread-6
 message  {Id=d446e83e-8576-4987-b66c-982593e0b999,FirstNumber=119,secondNumber=1119}  written to file by thread pool-3-thread-2
 message  {Id=ebe8d3e2-a30c-4a6c-98db-2f413720d730,FirstNumber=429,secondNumber=894}  added by thread pool-3-thread-6
 message  {Id=ebe8d3e2-a30c-4a6c-98db-2f413720d730,FirstNumber=429,secondNumber=894}  written to file by thread pool-3-thread-2
 message  {Id=89dfad4f-a945-4e58-9e90-d304191fe401,FirstNumber=23,secondNumber=349}  added by thread pool-3-thread-6
 message  {Id=89dfad4f-a945-4e58-9e90-d304191fe401,FirstNumber=23,secondNumber=349}  written to file by thread pool-3-thread-2
 message  {Id=5758790d-8c4c-4fa3-9327-f84f5ed00603,FirstNumber=684,secondNumber=383}  added by thread pool-3-thread-6
 message  {Id=5758790d-8c4c-4fa3-9327-f84f5ed00603,FirstNumber=684,secondNumber=383}  written to file by thread pool-3-thread-5
 message  {Id=6a908012-86b8-4e9a-8227-130800b9dd6b,FirstNumber=582,secondNumber=314}  added by thread pool-3-thread-6
 message  {Id=6a908012-86b8-4e9a-8227-130800b9dd6b,FirstNumber=582,secondNumber=314}  written to file by thread pool-3-thread-5
 message  {Id=163f8984-019d-44f5-8660-768aa20217b0,FirstNumber=208,secondNumber=192}  added by thread pool-3-thread-6
 message  {Id=163f8984-019d-44f5-8660-768aa20217b0,FirstNumber=208,secondNumber=192}  written to file by thread pool-3-thread-1
 message  {Id=9cdf3b06-dfdc-4e07-87a8-8fe61b95cc9c,FirstNumber=4,secondNumber=72}  added by thread pool-3-thread-6
 message  {Id=9cdf3b06-dfdc-4e07-87a8-8fe61b95cc9c,FirstNumber=4,secondNumber=72}  written to file by thread pool-3-thread-1
 message  {Id=643153d6-a40f-45fe-abe2-71254c40121b,FirstNumber=787,secondNumber=265}  added by thread pool-3-thread-6
 message  {Id=643153d6-a40f-45fe-abe2-71254c40121b,FirstNumber=787,secondNumber=265}  written to file by thread pool-3-thread-2
 message  {Id=b604800b-30fd-4c39-8512-fc302016e86d,FirstNumber=843,secondNumber=1403}  added by thread pool-3-thread-6
 message  {Id=b604800b-30fd-4c39-8512-fc302016e86d,FirstNumber=843,secondNumber=1403}  written to file by thread pool-3-thread-2
 message  {Id=ff262736-2be8-41b6-ac70-01f922da86f7,FirstNumber=362,secondNumber=1473}  added by thread pool-3-thread-6
 message  {Id=ff262736-2be8-41b6-ac70-01f922da86f7,FirstNumber=362,secondNumber=1473}  written to file by thread pool-3-thread-2
 message  {Id=e9ce770c-43b4-4b34-8ef4-5ff8844a9185,FirstNumber=329,secondNumber=733}  added by thread pool-3-thread-6
 message  {Id=e9ce770c-43b4-4b34-8ef4-5ff8844a9185,FirstNumber=329,secondNumber=733}  written to file by thread pool-3-thread-4
 message  {Id=9364ae79-e95b-484e-b53a-153081e6d006,FirstNumber=524,secondNumber=1155}  added by thread pool-3-thread-6
 message  {Id=aaeeb172-8784-4e7e-a8c5-9253ac883609,FirstNumber=137,secondNumber=1554}  added by thread pool-3-thread-6
 message  {Id=9364ae79-e95b-484e-b53a-153081e6d006,FirstNumber=524,secondNumber=1155}  written to file by thread pool-3-thread-1
 message  {Id=aaeeb172-8784-4e7e-a8c5-9253ac883609,FirstNumber=137,secondNumber=1554}  written to file by thread pool-3-thread-3
 message  {Id=1a1198b8-0ce6-4536-9fb6-b00fe1381040,FirstNumber=697,secondNumber=1898}  added by thread pool-3-thread-6
 message  {Id=1a1198b8-0ce6-4536-9fb6-b00fe1381040,FirstNumber=697,secondNumber=1898}  written to file by thread pool-3-thread-3
 message  {Id=355689cc-bf11-4b32-a8f1-329505296761,FirstNumber=131,secondNumber=1959}  added by thread pool-3-thread-6
 message  {Id=355689cc-bf11-4b32-a8f1-329505296761,FirstNumber=131,secondNumber=1959}  written to file by thread pool-3-thread-2
 message  {Id=1655a363-d6f5-4d59-8aaa-e192c7f0c24a,FirstNumber=771,secondNumber=956}  added by thread pool-3-thread-6
 message  {Id=1655a363-d6f5-4d59-8aaa-e192c7f0c24a,FirstNumber=771,secondNumber=956}  written to file by thread pool-3-thread-2
 message  {Id=32e521d0-4d32-41d8-afaf-8b0eb583976a,FirstNumber=633,secondNumber=1973}  added by thread pool-3-thread-6
 message  {Id=32e521d0-4d32-41d8-afaf-8b0eb583976a,FirstNumber=633,secondNumber=1973}  written to file by thread pool-3-thread-1
 message  {Id=b9ee7515-3dea-4432-ac74-d5c213732773,FirstNumber=558,secondNumber=1081}  written to file by thread pool-3-thread-1
 message  {Id=b9ee7515-3dea-4432-ac74-d5c213732773,FirstNumber=558,secondNumber=1081}  added by thread pool-3-thread-6
 message  {Id=659720f9-793c-400d-9f27-d5d4de4f521f,FirstNumber=839,secondNumber=1803}  added by thread pool-3-thread-6
 message  {Id=659720f9-793c-400d-9f27-d5d4de4f521f,FirstNumber=839,secondNumber=1803}  written to file by thread pool-3-thread-3
 message  {Id=5aa5e781-06d9-43af-a951-14662d5985e7,FirstNumber=546,secondNumber=233}  added by thread pool-3-thread-6
 message  {Id=5aa5e781-06d9-43af-a951-14662d5985e7,FirstNumber=546,secondNumber=233}  written to file by thread pool-3-thread-4
 message  {Id=d20a3f82-8a74-483d-b52d-4beb8cbf98d2,FirstNumber=798,secondNumber=1316}  added by thread pool-3-thread-6
 message  {Id=d20a3f82-8a74-483d-b52d-4beb8cbf98d2,FirstNumber=798,secondNumber=1316}  written to file by thread pool-3-thread-4
 message  {Id=9ca4c6cf-4699-441d-8850-b70a71633bda,FirstNumber=264,secondNumber=1492}  added by thread pool-3-thread-6
 message  {Id=9ca4c6cf-4699-441d-8850-b70a71633bda,FirstNumber=264,secondNumber=1492}  written to file by thread pool-3-thread-1
 message  {Id=6cb9698f-4bc1-4adb-9573-d5ceb295d354,FirstNumber=24,secondNumber=73}  added by thread pool-3-thread-6
 message  {Id=6cb9698f-4bc1-4adb-9573-d5ceb295d354,FirstNumber=24,secondNumber=73}  written to file by thread pool-3-thread-5
 message  {Id=c900dc16-80f1-44f8-a140-6d99f3be38d7,FirstNumber=379,secondNumber=1644}  added by thread pool-3-thread-6
 message  {Id=c900dc16-80f1-44f8-a140-6d99f3be38d7,FirstNumber=379,secondNumber=1644}  written to file by thread pool-3-thread-5
 message  {Id=d8b7c71f-191f-409d-b1ee-86e1f6d9264d,FirstNumber=863,secondNumber=1190}  added by thread pool-3-thread-6
 message  {Id=d8b7c71f-191f-409d-b1ee-86e1f6d9264d,FirstNumber=863,secondNumber=1190}  written to file by thread pool-3-thread-5
 message  {Id=7d34ce65-6140-4a2f-820c-ae7d8a6b9569,FirstNumber=994,secondNumber=1725}  added by thread pool-3-thread-6
 message  {Id=7d34ce65-6140-4a2f-820c-ae7d8a6b9569,FirstNumber=994,secondNumber=1725}  written to file by thread pool-3-thread-4
 message  {Id=39940693-8ce0-4681-8ac2-796680c39d58,FirstNumber=290,secondNumber=687}  added by thread pool-3-thread-6
 message  {Id=39940693-8ce0-4681-8ac2-796680c39d58,FirstNumber=290,secondNumber=687}  written to file by thread pool-3-thread-4
 message  {Id=dea328e1-2005-4774-a702-8e6656ff4daf,FirstNumber=866,secondNumber=661}  added by thread pool-3-thread-6
 message  {Id=dea328e1-2005-4774-a702-8e6656ff4daf,FirstNumber=866,secondNumber=661}  written to file by thread pool-3-thread-3
 message  {Id=88deaf4e-7b00-4e3a-9ce5-2b7b675b175e,FirstNumber=593,secondNumber=1919}  added by thread pool-3-thread-6
 message  {Id=88deaf4e-7b00-4e3a-9ce5-2b7b675b175e,FirstNumber=593,secondNumber=1919}  written to file by thread pool-3-thread-2
 message  {Id=4c2d95a3-185b-42d7-a4e1-b7150f385b51,FirstNumber=333,secondNumber=1617}  added by thread pool-3-thread-6
 message  {Id=4c2d95a3-185b-42d7-a4e1-b7150f385b51,FirstNumber=333,secondNumber=1617}  written to file by thread pool-3-thread-5
 message  {Id=5f40f772-700c-4537-bf76-6e9d4e88e1a8,FirstNumber=869,secondNumber=730}  added by thread pool-3-thread-6
 message  {Id=5f40f772-700c-4537-bf76-6e9d4e88e1a8,FirstNumber=869,secondNumber=730}  written to file by thread pool-3-thread-1
 message  {Id=b0bcd52b-b996-4024-9510-6d4742e5c4da,FirstNumber=496,secondNumber=1842}  added by thread pool-3-thread-6
 message  {Id=b0bcd52b-b996-4024-9510-6d4742e5c4da,FirstNumber=496,secondNumber=1842}  written to file by thread pool-3-thread-4
 message  {Id=70197a64-3694-4a8c-9b70-3052044ad317,FirstNumber=520,secondNumber=305}  added by thread pool-3-thread-6
 message  {Id=70197a64-3694-4a8c-9b70-3052044ad317,FirstNumber=520,secondNumber=305}  written to file by thread pool-3-thread-3
 message  {Id=aa7b425c-1b13-4103-94b6-a651d6214325,FirstNumber=5,secondNumber=398}  added by thread pool-3-thread-6
 message  {Id=aa7b425c-1b13-4103-94b6-a651d6214325,FirstNumber=5,secondNumber=398}  written to file by thread pool-3-thread-2
 message  {Id=2cb18065-63a1-45e5-8ba9-caeae549ff08,FirstNumber=242,secondNumber=436}  added by thread pool-3-thread-6
 message  {Id=2cb18065-63a1-45e5-8ba9-caeae549ff08,FirstNumber=242,secondNumber=436}  written to file by thread pool-3-thread-5
 message  {Id=69b2af33-ad08-4064-a4b9-9af98e25b7af,FirstNumber=497,secondNumber=1009}  added by thread pool-3-thread-6
 message  {Id=69b2af33-ad08-4064-a4b9-9af98e25b7af,FirstNumber=497,secondNumber=1009}  written to file by thread pool-3-thread-1
 message  {Id=57194105-5b90-4f19-bc9f-4113eaac5648,FirstNumber=150,secondNumber=1111}  added by thread pool-3-thread-6
 message  {Id=57194105-5b90-4f19-bc9f-4113eaac5648,FirstNumber=150,secondNumber=1111}  written to file by thread pool-3-thread-4
 message  {Id=2adf9287-f078-4237-82ce-5fa0f74bfb37,FirstNumber=233,secondNumber=1690}  added by thread pool-3-thread-6
 message  {Id=2adf9287-f078-4237-82ce-5fa0f74bfb37,FirstNumber=233,secondNumber=1690}  written to file by thread pool-3-thread-4
 message  {Id=6b916d1b-dd96-46c1-9ba3-8c012b55cff7,FirstNumber=689,secondNumber=364}  added by thread pool-3-thread-6
 message  {Id=6b916d1b-dd96-46c1-9ba3-8c012b55cff7,FirstNumber=689,secondNumber=364}  written to file by thread pool-3-thread-2
 message  {Id=2d627c3e-0813-427b-8978-3bb1f5f96df1,FirstNumber=699,secondNumber=1409}  added by thread pool-3-thread-6
 message  {Id=2d627c3e-0813-427b-8978-3bb1f5f96df1,FirstNumber=699,secondNumber=1409}  written to file by thread pool-3-thread-5
 message  {Id=b7a4170f-08cb-4bc3-ae0f-b08197c113a3,FirstNumber=851,secondNumber=81}  added by thread pool-3-thread-6
 message  {Id=b7a4170f-08cb-4bc3-ae0f-b08197c113a3,FirstNumber=851,secondNumber=81}  written to file by thread pool-3-thread-5
 message  {Id=d46b99dc-2de7-43f6-a49c-956cdb41ebca,FirstNumber=185,secondNumber=1196}  added by thread pool-3-thread-6
 message  {Id=1c32d266-320d-4f69-af60-c3ba6346458a,FirstNumber=763,secondNumber=1808}  added by thread pool-3-thread-6
 message  {Id=d46b99dc-2de7-43f6-a49c-956cdb41ebca,FirstNumber=185,secondNumber=1196}  written to file by thread pool-3-thread-3
 message  {Id=1c32d266-320d-4f69-af60-c3ba6346458a,FirstNumber=763,secondNumber=1808}  written to file by thread pool-3-thread-4
 message  {Id=5390ca36-ab2f-43cd-848b-b89dd01b82d6,FirstNumber=624,secondNumber=1879}  added by thread pool-3-thread-6
 message  {Id=5390ca36-ab2f-43cd-848b-b89dd01b82d6,FirstNumber=624,secondNumber=1879}  written to file by thread pool-3-thread-2
 message  {Id=99535ef5-3549-413d-8a2c-de2243203e24,FirstNumber=652,secondNumber=322}  added by thread pool-3-thread-6
 message  {Id=99535ef5-3549-413d-8a2c-de2243203e24,FirstNumber=652,secondNumber=322}  written to file by thread pool-3-thread-2
 message  {Id=976dc9ce-6815-4eb8-bae6-7b5ead9ce51f,FirstNumber=466,secondNumber=159}  added by thread pool-3-thread-6
 message  {Id=976dc9ce-6815-4eb8-bae6-7b5ead9ce51f,FirstNumber=466,secondNumber=159}  written to file by thread pool-3-thread-5
 message  {Id=a0f807ae-d0f1-4011-b3fe-245fbfde95a4,FirstNumber=18,secondNumber=155}  added by thread pool-3-thread-6
 message  {Id=a0f807ae-d0f1-4011-b3fe-245fbfde95a4,FirstNumber=18,secondNumber=155}  written to file by thread pool-3-thread-5
 message  {Id=9f3f5dfd-96f9-4c31-b32a-fc07cc4c3f32,FirstNumber=478,secondNumber=838}  added by thread pool-3-thread-6
 message  {Id=9f3f5dfd-96f9-4c31-b32a-fc07cc4c3f32,FirstNumber=478,secondNumber=838}  written to file by thread pool-3-thread-4
 message  {Id=321f489e-5b4a-4dcb-8c89-e4560dbfd662,FirstNumber=111,secondNumber=547}  added by thread pool-3-thread-6
 message  {Id=321f489e-5b4a-4dcb-8c89-e4560dbfd662,FirstNumber=111,secondNumber=547}  written to file by thread pool-3-thread-1
 message  {Id=a6b2075e-f1a8-4029-8f03-f29ca90bc233,FirstNumber=219,secondNumber=823}  added by thread pool-3-thread-6
 message  {Id=a6b2075e-f1a8-4029-8f03-f29ca90bc233,FirstNumber=219,secondNumber=823}  written to file by thread pool-3-thread-2
 message  {Id=1a44dd05-a92c-4528-8e2a-43286d06ef5f,FirstNumber=117,secondNumber=1690}  added by thread pool-3-thread-6
 message  {Id=1a44dd05-a92c-4528-8e2a-43286d06ef5f,FirstNumber=117,secondNumber=1690}  written to file by thread pool-3-thread-3
 message  {Id=1425e558-0822-4442-8fc1-d3876d34ea59,FirstNumber=829,secondNumber=1717}  added by thread pool-3-thread-6
 message  {Id=f37b60d6-f0fc-48c0-95f8-2859483badba,FirstNumber=566,secondNumber=235}  added by thread pool-3-thread-6
 message  {Id=f37b60d6-f0fc-48c0-95f8-2859483badba,FirstNumber=566,secondNumber=235}  written to file by thread pool-3-thread-4
 message  {Id=1425e558-0822-4442-8fc1-d3876d34ea59,FirstNumber=829,secondNumber=1717}  written to file by thread pool-3-thread-5
 message  {Id=59d7d24c-3a1f-43b8-b846-e0004b2b1dec,FirstNumber=291,secondNumber=1494}  added by thread pool-3-thread-6
 message  {Id=59d7d24c-3a1f-43b8-b846-e0004b2b1dec,FirstNumber=291,secondNumber=1494}  written to file by thread pool-3-thread-5
 message  {Id=dc2a69af-5059-4467-9570-8487fff2f254,FirstNumber=741,secondNumber=1870}  added by thread pool-3-thread-6
 message  {Id=dc2a69af-5059-4467-9570-8487fff2f254,FirstNumber=741,secondNumber=1870}  written to file by thread pool-3-thread-2
 message  {Id=db4f8d17-0e41-45a5-bad1-ff3bda7280e4,FirstNumber=170,secondNumber=1412}  added by thread pool-3-thread-6
 message  {Id=db4f8d17-0e41-45a5-bad1-ff3bda7280e4,FirstNumber=170,secondNumber=1412}  written to file by thread pool-3-thread-3
 message  {Id=e92ab8e2-d77f-4598-9960-45288a4f0230,FirstNumber=510,secondNumber=835}  added by thread pool-3-thread-6
 message  {Id=e92ab8e2-d77f-4598-9960-45288a4f0230,FirstNumber=510,secondNumber=835}  written to file by thread pool-3-thread-3
 message  {Id=a7d819d4-f41b-46e2-9eb9-cf1c1f1a0a51,FirstNumber=793,secondNumber=907}  added by thread pool-3-thread-6
 message  {Id=b8173dd0-dcd0-44f2-a110-1db53134b60d,FirstNumber=189,secondNumber=1370}  added by thread pool-3-thread-6
 message  {Id=a7d819d4-f41b-46e2-9eb9-cf1c1f1a0a51,FirstNumber=793,secondNumber=907}  written to file by thread pool-3-thread-3
 message  {Id=2af47be5-375f-4407-a40a-82da7da358a7,FirstNumber=180,secondNumber=1169}  added by thread pool-3-thread-6
 message  {Id=b8173dd0-dcd0-44f2-a110-1db53134b60d,FirstNumber=189,secondNumber=1370}  written to file by thread pool-3-thread-5
 message  {Id=2af47be5-375f-4407-a40a-82da7da358a7,FirstNumber=180,secondNumber=1169}  written to file by thread pool-3-thread-2
 message  {Id=95f80731-7830-42ac-95ed-8ca21815fa71,FirstNumber=309,secondNumber=689}  added by thread pool-3-thread-6
 message  {Id=95f80731-7830-42ac-95ed-8ca21815fa71,FirstNumber=309,secondNumber=689}  written to file by thread pool-3-thread-2
 message  {Id=b5f3f4d3-8a07-47ec-accc-c26975d10c8b,FirstNumber=553,secondNumber=149}  added by thread pool-3-thread-6
 message  {Id=3b2f5407-b0d9-42a3-b74e-26174f1ddafd,FirstNumber=717,secondNumber=1165}  added by thread pool-3-thread-6
 message  {Id=b5f3f4d3-8a07-47ec-accc-c26975d10c8b,FirstNumber=553,secondNumber=149}  written to file by thread pool-3-thread-2
 message  {Id=e242dcf4-09eb-4360-899f-ef88c7f1b133,FirstNumber=459,secondNumber=1077}  added by thread pool-3-thread-6
 message  {Id=3b2f5407-b0d9-42a3-b74e-26174f1ddafd,FirstNumber=717,secondNumber=1165}  written to file by thread pool-3-thread-3
 message  {Id=e62a7494-57da-4f0a-a4c4-56838d43edf4,FirstNumber=875,secondNumber=1771}  added by thread pool-3-thread-6
 message  {Id=e242dcf4-09eb-4360-899f-ef88c7f1b133,FirstNumber=459,secondNumber=1077}  written to file by thread pool-3-thread-5
 message  {Id=e62a7494-57da-4f0a-a4c4-56838d43edf4,FirstNumber=875,secondNumber=1771}  written to file by thread pool-3-thread-4
 message  {Id=06c2d7de-7bc4-4ec3-9a32-965333268cb8,FirstNumber=959,secondNumber=499}  added by thread pool-3-thread-6
 message  {Id=06c2d7de-7bc4-4ec3-9a32-965333268cb8,FirstNumber=959,secondNumber=499}  written to file by thread pool-3-thread-4
 message  {Id=440bfe93-5627-497b-8b5e-3f0da8912612,FirstNumber=5,secondNumber=1832}  added by thread pool-3-thread-6
 message  {Id=440bfe93-5627-497b-8b5e-3f0da8912612,FirstNumber=5,secondNumber=1832}  written to file by thread pool-3-thread-4
 message  {Id=ec29fc4f-b7d8-484d-ac68-171594b21a0d,FirstNumber=892,secondNumber=958}  added by thread pool-3-thread-6
 message  {Id=d35cb15c-4f4c-4a25-b059-82a83addba3b,FirstNumber=207,secondNumber=605}  added by thread pool-3-thread-6
 message  {Id=ec29fc4f-b7d8-484d-ac68-171594b21a0d,FirstNumber=892,secondNumber=958}  written to file by thread pool-3-thread-3
 message  {Id=93441640-e8c6-4be9-adce-ca0f2d2cf9f1,FirstNumber=35,secondNumber=1437}  added by thread pool-3-thread-6
 message  {Id=d35cb15c-4f4c-4a25-b059-82a83addba3b,FirstNumber=207,secondNumber=605}  written to file by thread pool-3-thread-5
 message  {Id=93441640-e8c6-4be9-adce-ca0f2d2cf9f1,FirstNumber=35,secondNumber=1437}  written to file by thread pool-3-thread-1
 message  {Id=4e43a68c-e125-4b1d-baab-b883d590bd08,FirstNumber=975,secondNumber=35}  added by thread pool-3-thread-6
 message  {Id=4e43a68c-e125-4b1d-baab-b883d590bd08,FirstNumber=975,secondNumber=35}  written to file by thread pool-3-thread-1
 message  {Id=7b0d0391-8d2b-4155-9efb-fd74e50c1d7a,FirstNumber=911,secondNumber=1223}  added by thread pool-3-thread-6
 message  {Id=8feb8630-d0f4-4ba8-85cd-527e3ffa0a9b,FirstNumber=295,secondNumber=1350}  added by thread pool-3-thread-6
 message  {Id=7b0d0391-8d2b-4155-9efb-fd74e50c1d7a,FirstNumber=911,secondNumber=1223}  written to file by thread pool-3-thread-1
 message  {Id=8feb8630-d0f4-4ba8-85cd-527e3ffa0a9b,FirstNumber=295,secondNumber=1350}  written to file by thread pool-3-thread-3
 message  {Id=310eaa90-688d-40b5-88f8-e4ba6854c62b,FirstNumber=270,secondNumber=560}  added by thread pool-3-thread-6
 message  {Id=310eaa90-688d-40b5-88f8-e4ba6854c62b,FirstNumber=270,secondNumber=560}  written to file by thread pool-3-thread-3
 message  {Id=0c3cb8db-5068-4cae-9c7c-2f7351c796ba,FirstNumber=636,secondNumber=975}  added by thread pool-3-thread-6
 message  {Id=0c3cb8db-5068-4cae-9c7c-2f7351c796ba,FirstNumber=636,secondNumber=975}  written to file by thread pool-3-thread-3
 message  {Id=f1cbe553-5898-454f-abb6-f5d737236470,FirstNumber=391,secondNumber=1564}  added by thread pool-3-thread-6
 message  {Id=1982ba6f-17af-44f4-892c-d10cf401cde9,FirstNumber=950,secondNumber=692}  added by thread pool-3-thread-6
 message  {Id=f1cbe553-5898-454f-abb6-f5d737236470,FirstNumber=391,secondNumber=1564}  written to file by thread pool-3-thread-4
 message  {Id=3bbf52eb-8d6e-42c7-99c3-f9bfe8cba648,FirstNumber=649,secondNumber=535}  added by thread pool-3-thread-6
 message  {Id=1982ba6f-17af-44f4-892c-d10cf401cde9,FirstNumber=950,secondNumber=692}  written to file by thread pool-3-thread-1
 message  {Id=7b804fd5-5f7f-4280-914f-cebfdcb69702,FirstNumber=543,secondNumber=1926}  added by thread pool-3-thread-6
 message  {Id=3bbf52eb-8d6e-42c7-99c3-f9bfe8cba648,FirstNumber=649,secondNumber=535}  written to file by thread pool-3-thread-5
 message  {Id=7b804fd5-5f7f-4280-914f-cebfdcb69702,FirstNumber=543,secondNumber=1926}  written to file by thread pool-3-thread-2
 message  {Id=0e40ebe3-c9ce-4786-9719-ee92e3e786e7,FirstNumber=637,secondNumber=256}  added by thread pool-3-thread-6
 message  {Id=0e40ebe3-c9ce-4786-9719-ee92e3e786e7,FirstNumber=637,secondNumber=256}  written to file by thread pool-3-thread-5
 message  {Id=a2107838-53ac-4794-9fbc-3956b0b62de0,FirstNumber=37,secondNumber=1562}  added by thread pool-3-thread-6
 message  {Id=a2107838-53ac-4794-9fbc-3956b0b62de0,FirstNumber=37,secondNumber=1562}  written to file by thread pool-3-thread-4
 message  {Id=6b0fa0d9-a28b-44c9-9b35-6e3ccec7f37b,FirstNumber=252,secondNumber=477}  added by thread pool-3-thread-6
 message  {Id=6b0fa0d9-a28b-44c9-9b35-6e3ccec7f37b,FirstNumber=252,secondNumber=477}  written to file by thread pool-3-thread-4
 message  {Id=cde23a66-e840-4f35-aca1-c30a3b7d13fe,FirstNumber=606,secondNumber=320}  added by thread pool-3-thread-6
 message  {Id=cde23a66-e840-4f35-aca1-c30a3b7d13fe,FirstNumber=606,secondNumber=320}  written to file by thread pool-3-thread-2
 message  {Id=fe1e4da3-a842-4906-8a39-da71a89b29e7,FirstNumber=533,secondNumber=225}  added by thread pool-3-thread-6
 message  {Id=fe1e4da3-a842-4906-8a39-da71a89b29e7,FirstNumber=533,secondNumber=225}  written to file by thread pool-3-thread-2
 message  {Id=6be6867a-31bb-48b7-b7d5-132e275fb9e2,FirstNumber=173,secondNumber=1554}  added by thread pool-3-thread-6
 message  {Id=6be6867a-31bb-48b7-b7d5-132e275fb9e2,FirstNumber=173,secondNumber=1554}  written to file by thread pool-3-thread-2
 message  {Id=f0d5945b-9006-47a6-8205-bd27fc14bd77,FirstNumber=380,secondNumber=1129}  added by thread pool-3-thread-6
 message  {Id=a318cc15-4f69-4683-a0d7-f39549de507e,FirstNumber=106,secondNumber=831}  added by thread pool-3-thread-6
 message  {Id=f0d5945b-9006-47a6-8205-bd27fc14bd77,FirstNumber=380,secondNumber=1129}  written to file by thread pool-3-thread-1
 message  {Id=47d957c6-f296-4856-93ef-1ceece1112b7,FirstNumber=244,secondNumber=311}  added by thread pool-3-thread-6
 message  {Id=a318cc15-4f69-4683-a0d7-f39549de507e,FirstNumber=106,secondNumber=831}  written to file by thread pool-3-thread-4
 message  {Id=bf195e35-ebb2-41eb-941c-46f2e2e06c21,FirstNumber=136,secondNumber=1275}  added by thread pool-3-thread-6
 message  {Id=47d957c6-f296-4856-93ef-1ceece1112b7,FirstNumber=244,secondNumber=311}  written to file by thread pool-3-thread-3
 message  {Id=66245b1b-8c19-47e7-a7d2-2cfbe5b4e21e,FirstNumber=545,secondNumber=1631}  added by thread pool-3-thread-6
 message  {Id=bf195e35-ebb2-41eb-941c-46f2e2e06c21,FirstNumber=136,secondNumber=1275}  written to file by thread pool-3-thread-5
 message  {Id=66245b1b-8c19-47e7-a7d2-2cfbe5b4e21e,FirstNumber=545,secondNumber=1631}  written to file by thread pool-3-thread-2
 message  {Id=e4548b38-7239-4deb-9731-0cb1ae2f5dc0,FirstNumber=870,secondNumber=1312}  added by thread pool-3-thread-6
 message  {Id=e4548b38-7239-4deb-9731-0cb1ae2f5dc0,FirstNumber=870,secondNumber=1312}  written to file by thread pool-3-thread-5
 message  {Id=70a61fbb-5d7e-4eda-a119-d7650d33066d,FirstNumber=160,secondNumber=1025}  added by thread pool-3-thread-6
 message  {Id=723c8207-a4f6-4815-b7ef-22782705e2df,FirstNumber=64,secondNumber=1786}  added by thread pool-3-thread-6
 message  {Id=70a61fbb-5d7e-4eda-a119-d7650d33066d,FirstNumber=160,secondNumber=1025}  written to file by thread pool-3-thread-5
 message  {Id=723c8207-a4f6-4815-b7ef-22782705e2df,FirstNumber=64,secondNumber=1786}  written to file by thread pool-3-thread-3
 message  {Id=c0f279f4-e8e5-4495-8cfe-add76b6550f6,FirstNumber=394,secondNumber=1741}  added by thread pool-3-thread-6
 message  {Id=518ae882-06d8-47ac-9eac-6178c14ce4be,FirstNumber=268,secondNumber=1880}  added by thread pool-3-thread-6
 message  {Id=c0f279f4-e8e5-4495-8cfe-add76b6550f6,FirstNumber=394,secondNumber=1741}  written to file by thread pool-3-thread-2
 message  {Id=b83ed9e6-f3ed-47f3-a15b-0958fbebc291,FirstNumber=775,secondNumber=1266}  added by thread pool-3-thread-6
 message  {Id=518ae882-06d8-47ac-9eac-6178c14ce4be,FirstNumber=268,secondNumber=1880}  written to file by thread pool-3-thread-1
 message  {Id=58c42aea-4f7b-4482-8da2-5853f24219ac,FirstNumber=334,secondNumber=19}  added by thread pool-3-thread-6
 message  {Id=b83ed9e6-f3ed-47f3-a15b-0958fbebc291,FirstNumber=775,secondNumber=1266}  written to file by thread pool-3-thread-4
 message  {Id=ccdbeef3-b22e-40df-97ce-80b7ec4cec3c,FirstNumber=51,secondNumber=629}  added by thread pool-3-thread-6
 message  {Id=58c42aea-4f7b-4482-8da2-5853f24219ac,FirstNumber=334,secondNumber=19}  written to file by thread pool-3-thread-5
 message  {Id=ccdbeef3-b22e-40df-97ce-80b7ec4cec3c,FirstNumber=51,secondNumber=629}  written to file by thread pool-3-thread-3
 message  {Id=9ac10977-f925-45c5-91df-dc81fb6b3402,FirstNumber=884,secondNumber=1339}  added by thread pool-3-thread-6
 message  {Id=9ac10977-f925-45c5-91df-dc81fb6b3402,FirstNumber=884,secondNumber=1339}  written to file by thread pool-3-thread-5
 message  {Id=7ab88862-e85b-4268-b2ac-0e8360e5bae2,FirstNumber=559,secondNumber=1374}  added by thread pool-3-thread-6
 message  {Id=96bc4db8-6320-4405-abd3-f5cf0a86ff63,FirstNumber=454,secondNumber=1789}  added by thread pool-3-thread-6
 message  {Id=7ab88862-e85b-4268-b2ac-0e8360e5bae2,FirstNumber=559,secondNumber=1374}  written to file by thread pool-3-thread-5
 message  {Id=96bc4db8-6320-4405-abd3-f5cf0a86ff63,FirstNumber=454,secondNumber=1789}  written to file by thread pool-3-thread-4
 message  {Id=13fc47f3-742b-4965-8a44-acb8a416b138,FirstNumber=129,secondNumber=299}  added by thread pool-3-thread-6
 message  {Id=51426a6e-9fe8-41d6-a6d7-63d79cc76a4a,FirstNumber=556,secondNumber=66}  added by thread pool-3-thread-6
 message  {Id=13fc47f3-742b-4965-8a44-acb8a416b138,FirstNumber=129,secondNumber=299}  written to file by thread pool-3-thread-4
 message  {Id=51426a6e-9fe8-41d6-a6d7-63d79cc76a4a,FirstNumber=556,secondNumber=66}  written to file by thread pool-3-thread-3
 message  {Id=5d82d3cc-834b-44e3-9529-0d22e8cc38df,FirstNumber=387,secondNumber=934}  added by thread pool-3-thread-6
 message  {Id=bbe49ef1-0351-4ab8-8f15-cd5d8696ea73,FirstNumber=410,secondNumber=1761}  added by thread pool-3-thread-6
 message  {Id=5d82d3cc-834b-44e3-9529-0d22e8cc38df,FirstNumber=387,secondNumber=934}  written to file by thread pool-3-thread-1
 message  {Id=93e55269-c870-43af-b8cc-fe4731d2cd03,FirstNumber=981,secondNumber=566}  added by thread pool-3-thread-6
 message  {Id=bbe49ef1-0351-4ab8-8f15-cd5d8696ea73,FirstNumber=410,secondNumber=1761}  written to file by thread pool-3-thread-5
 message  {Id=93e55269-c870-43af-b8cc-fe4731d2cd03,FirstNumber=981,secondNumber=566}  written to file by thread pool-3-thread-2
 message  {Id=d4c93fce-5a0f-4cc3-89e0-1e3b8f98ea35,FirstNumber=554,secondNumber=602}  added by thread pool-3-thread-6
 message  {Id=9277463a-0071-4cbb-a052-26e75e611fa9,FirstNumber=365,secondNumber=1880}  added by thread pool-3-thread-6
 message  {Id=d4c93fce-5a0f-4cc3-89e0-1e3b8f98ea35,FirstNumber=554,secondNumber=602}  written to file by thread pool-3-thread-4
 message  {Id=5a8deaaf-e63c-4e73-b920-513f68ec3e3a,FirstNumber=529,secondNumber=316}  added by thread pool-3-thread-6
 message  {Id=9277463a-0071-4cbb-a052-26e75e611fa9,FirstNumber=365,secondNumber=1880}  written to file by thread pool-3-thread-3
 message  {Id=5a8deaaf-e63c-4e73-b920-513f68ec3e3a,FirstNumber=529,secondNumber=316}  written to file by thread pool-3-thread-1
 message  {Id=f611019b-fe3e-42a5-ad8a-63a8514bd52d,FirstNumber=27,secondNumber=1}  added by thread pool-3-thread-6
 message  {Id=f611019b-fe3e-42a5-ad8a-63a8514bd52d,FirstNumber=27,secondNumber=1}  written to file by thread pool-3-thread-1
 message  {Id=9499ba2e-9df4-472e-a68d-95fd048152bc,FirstNumber=784,secondNumber=1214}  added by thread pool-3-thread-6
 message  {Id=9499ba2e-9df4-472e-a68d-95fd048152bc,FirstNumber=784,secondNumber=1214}  written to file by thread pool-3-thread-1
 message  {Id=50318ed5-5a21-4878-9169-da9f039a88c7,FirstNumber=314,secondNumber=1008}  added by thread pool-3-thread-6
 message  {Id=027ce272-a428-4ac5-b15a-02edf2e8ca65,FirstNumber=897,secondNumber=1966}  added by thread pool-3-thread-6
 message  {Id=50318ed5-5a21-4878-9169-da9f039a88c7,FirstNumber=314,secondNumber=1008}  written to file by thread pool-3-thread-4
 message  {Id=027ce272-a428-4ac5-b15a-02edf2e8ca65,FirstNumber=897,secondNumber=1966}  written to file by thread pool-3-thread-3
 message  {Id=5d2e327b-2629-4e72-9b68-7599bc1b546e,FirstNumber=947,secondNumber=1687}  added by thread pool-3-thread-6
 message  {Id=5d2e327b-2629-4e72-9b68-7599bc1b546e,FirstNumber=947,secondNumber=1687}  written to file by thread pool-3-thread-4
 message  {Id=48e0eb6b-a09a-46ac-9a3a-cfc8fcc2c384,FirstNumber=232,secondNumber=266}  added by thread pool-3-thread-6
 message  {Id=48e0eb6b-a09a-46ac-9a3a-cfc8fcc2c384,FirstNumber=232,secondNumber=266}  written to file by thread pool-3-thread-4
 message  {Id=b631aa6e-930e-4f97-ac21-4d9d7d4deb27,FirstNumber=116,secondNumber=36}  added by thread pool-3-thread-6
 message  {Id=b631aa6e-930e-4f97-ac21-4d9d7d4deb27,FirstNumber=116,secondNumber=36}  written to file by thread pool-3-thread-4
 message  {Id=28c12da5-2d16-45a8-a7c2-76e3feb79575,FirstNumber=509,secondNumber=1028}  added by thread pool-3-thread-6
 message  {Id=28c12da5-2d16-45a8-a7c2-76e3feb79575,FirstNumber=509,secondNumber=1028}  written to file by thread pool-3-thread-4
 message  {Id=52a8bc0d-6db3-4813-8183-c9b252bf791e,FirstNumber=258,secondNumber=686}  added by thread pool-3-thread-6
 message  {Id=52a8bc0d-6db3-4813-8183-c9b252bf791e,FirstNumber=258,secondNumber=686}  written to file by thread pool-3-thread-4
 message  {Id=a2ecb166-060e-4ae6-9a7e-342f4167aacc,FirstNumber=280,secondNumber=310}  added by thread pool-3-thread-6
 message  {Id=a2ecb166-060e-4ae6-9a7e-342f4167aacc,FirstNumber=280,secondNumber=310}  written to file by thread pool-3-thread-4
 message  {Id=f661a63b-946c-46f0-8440-248e8a2da21d,FirstNumber=656,secondNumber=703}  added by thread pool-3-thread-6
 message  {Id=f661a63b-946c-46f0-8440-248e8a2da21d,FirstNumber=656,secondNumber=703}  written to file by thread pool-3-thread-1
 message  {Id=abfa7391-f489-4e1f-af83-629e02ecaa60,FirstNumber=343,secondNumber=96}  added by thread pool-3-thread-6
 message  {Id=abfa7391-f489-4e1f-af83-629e02ecaa60,FirstNumber=343,secondNumber=96}  written to file by thread pool-3-thread-1
 message  {Id=8b820f2d-d2d2-49a9-8358-703bbba788ce,FirstNumber=712,secondNumber=428}  added by thread pool-3-thread-6
 message  {Id=8b820f2d-d2d2-49a9-8358-703bbba788ce,FirstNumber=712,secondNumber=428}  written to file by thread pool-3-thread-1
 message  {Id=0c6c7f61-97a3-4797-82ec-44fc3fb043fc,FirstNumber=643,secondNumber=1905}  added by thread pool-3-thread-6
 message  {Id=0c6c7f61-97a3-4797-82ec-44fc3fb043fc,FirstNumber=643,secondNumber=1905}  written to file by thread pool-3-thread-1
 message  {Id=a4c29407-3bbd-44bf-99c7-ddea7f11416d,FirstNumber=612,secondNumber=125}  added by thread pool-3-thread-6
 message  {Id=a4c29407-3bbd-44bf-99c7-ddea7f11416d,FirstNumber=612,secondNumber=125}  written to file by thread pool-3-thread-1
 message  {Id=0031371d-5fc5-4165-baca-e25582cdf7d8,FirstNumber=793,secondNumber=816}  added by thread pool-3-thread-6
 message  {Id=0031371d-5fc5-4165-baca-e25582cdf7d8,FirstNumber=793,secondNumber=816}  written to file by thread pool-3-thread-1
 message  {Id=2b4da12f-dd32-4a0c-ba71-2706ffbacc46,FirstNumber=209,secondNumber=1739}  added by thread pool-3-thread-6
 message  {Id=15781f07-9b61-4558-9a8c-ce0a48f8a454,FirstNumber=164,secondNumber=675}  added by thread pool-3-thread-6
 message  {Id=2b4da12f-dd32-4a0c-ba71-2706ffbacc46,FirstNumber=209,secondNumber=1739}  written to file by thread pool-3-thread-5
 message  {Id=15781f07-9b61-4558-9a8c-ce0a48f8a454,FirstNumber=164,secondNumber=675}  written to file by thread pool-3-thread-2
 message  {Id=9948152b-8b00-49c4-8bcf-bb3ae4b82d62,FirstNumber=768,secondNumber=1704}  added by thread pool-3-thread-6
 message  {Id=2a2366da-87a8-4f4b-b5da-112d0c3c5181,FirstNumber=983,secondNumber=1172}  added by thread pool-3-thread-6
 message  {Id=9948152b-8b00-49c4-8bcf-bb3ae4b82d62,FirstNumber=768,secondNumber=1704}  written to file by thread pool-3-thread-5
 message  {Id=2a2366da-87a8-4f4b-b5da-112d0c3c5181,FirstNumber=983,secondNumber=1172}  written to file by thread pool-3-thread-3
 message  {Id=2b35c5be-496e-417f-a686-cdbbae609e8d,FirstNumber=458,secondNumber=1194}  added by thread pool-3-thread-6
 message  {Id=2b35c5be-496e-417f-a686-cdbbae609e8d,FirstNumber=458,secondNumber=1194}  written to file by thread pool-3-thread-3
 message  {Id=e6ac3ce0-efc0-4643-a595-c67657c3a8c5,FirstNumber=664,secondNumber=288}  added by thread pool-3-thread-6
 message  {Id=e6ac3ce0-efc0-4643-a595-c67657c3a8c5,FirstNumber=664,secondNumber=288}  written to file by thread pool-3-thread-3
 message  {Id=8698baaa-79e1-49e7-8009-f726598f80d1,FirstNumber=749,secondNumber=1843}  added by thread pool-3-thread-6
 message  {Id=bad586d3-2a3e-434a-9721-55d34b49acdc,FirstNumber=890,secondNumber=803}  added by thread pool-3-thread-6
 message  {Id=8698baaa-79e1-49e7-8009-f726598f80d1,FirstNumber=749,secondNumber=1843}  written to file by thread pool-3-thread-2
 message  {Id=69e83d52-2fa3-42a7-b51a-a4daa500ad5f,FirstNumber=978,secondNumber=1007}  added by thread pool-3-thread-6
 message  {Id=bad586d3-2a3e-434a-9721-55d34b49acdc,FirstNumber=890,secondNumber=803}  written to file by thread pool-3-thread-5
 message  {Id=293bd56d-3021-4662-892b-d0541cdc9598,FirstNumber=306,secondNumber=1698}  added by thread pool-3-thread-6
 message  {Id=69e83d52-2fa3-42a7-b51a-a4daa500ad5f,FirstNumber=978,secondNumber=1007}  written to file by thread pool-3-thread-1
 message  {Id=293bd56d-3021-4662-892b-d0541cdc9598,FirstNumber=306,secondNumber=1698}  written to file by thread pool-3-thread-4
 message  {Id=65a6072b-99b1-415c-9a69-1f6d17382161,FirstNumber=817,secondNumber=1132}  added by thread pool-3-thread-6
 message  {Id=2f289cfa-3b8d-4e19-95ff-482765522a79,FirstNumber=988,secondNumber=1646}  added by thread pool-3-thread-6
 message  {Id=65a6072b-99b1-415c-9a69-1f6d17382161,FirstNumber=817,secondNumber=1132}  written to file by thread pool-3-thread-3
 message  {Id=777eee7b-d6c2-4588-9dce-5d4c124b1f31,FirstNumber=997,secondNumber=280}  added by thread pool-3-thread-6
 message  {Id=2f289cfa-3b8d-4e19-95ff-482765522a79,FirstNumber=988,secondNumber=1646}  written to file by thread pool-3-thread-2
 message  {Id=15a8a662-88a7-4350-8788-e5677c3d456a,FirstNumber=437,secondNumber=899}  added by thread pool-3-thread-6
 message  {Id=777eee7b-d6c2-4588-9dce-5d4c124b1f31,FirstNumber=997,secondNumber=280}  written to file by thread pool-3-thread-5
 message  {Id=15a8a662-88a7-4350-8788-e5677c3d456a,FirstNumber=437,secondNumber=899}  written to file by thread pool-3-thread-1
 message  {Id=83189c3b-d285-4ab3-9bb3-721175b9f925,FirstNumber=990,secondNumber=5}  added by thread pool-3-thread-6
 message  {Id=83189c3b-d285-4ab3-9bb3-721175b9f925,FirstNumber=990,secondNumber=5}  written to file by thread pool-3-thread-1
 message  {Id=dd08b74a-cbb1-4580-9e9c-5db591869099,FirstNumber=575,secondNumber=1101}  added by thread pool-3-thread-6
 message  {Id=dd08b74a-cbb1-4580-9e9c-5db591869099,FirstNumber=575,secondNumber=1101}  written to file by thread pool-3-thread-1
 message  {Id=39e0f3ba-33a7-4166-acb4-7082a1e29034,FirstNumber=618,secondNumber=893}  added by thread pool-3-thread-6
 message  {Id=39e0f3ba-33a7-4166-acb4-7082a1e29034,FirstNumber=618,secondNumber=893}  written to file by thread pool-3-thread-1
 message  {Id=a8a039d6-6113-456b-bd1e-0c8be25aab3a,FirstNumber=34,secondNumber=1894}  added by thread pool-3-thread-6
 message  {Id=a8a039d6-6113-456b-bd1e-0c8be25aab3a,FirstNumber=34,secondNumber=1894}  written to file by thread pool-3-thread-1
 message  {Id=3c42dbc6-b65f-4efd-9331-5f561d4d27a9,FirstNumber=216,secondNumber=349}  added by thread pool-3-thread-6
 message  {Id=3c42dbc6-b65f-4efd-9331-5f561d4d27a9,FirstNumber=216,secondNumber=349}  written to file by thread pool-3-thread-4
 message  {Id=d0c83a93-6b29-404b-8276-2e557cfd88ac,FirstNumber=547,secondNumber=721}  added by thread pool-3-thread-6
 message  {Id=d0c83a93-6b29-404b-8276-2e557cfd88ac,FirstNumber=547,secondNumber=721}  written to file by thread pool-3-thread-3
 message  {Id=6db6b8b8-ee6c-4001-8741-3ea47ff9dba3,FirstNumber=805,secondNumber=653}  added by thread pool-3-thread-6
 message  {Id=6db6b8b8-ee6c-4001-8741-3ea47ff9dba3,FirstNumber=805,secondNumber=653}  written to file by thread pool-3-thread-3
 message  {Id=f13a39ec-253a-4d52-9575-caf83ccef730,FirstNumber=973,secondNumber=1489}  added by thread pool-3-thread-6
 message  {Id=f13a39ec-253a-4d52-9575-caf83ccef730,FirstNumber=973,secondNumber=1489}  written to file by thread pool-3-thread-3
 message  {Id=d8d226bc-151b-4773-855c-877d559cec6e,FirstNumber=291,secondNumber=1468}  added by thread pool-3-thread-6
 message  {Id=d8d226bc-151b-4773-855c-877d559cec6e,FirstNumber=291,secondNumber=1468}  written to file by thread pool-3-thread-3
 message  {Id=6c5b02d0-5102-4c60-a503-9262e540b703,FirstNumber=509,secondNumber=259}  added by thread pool-3-thread-6
 message  {Id=6c5b02d0-5102-4c60-a503-9262e540b703,FirstNumber=509,secondNumber=259}  written to file by thread pool-3-thread-1
 message  {Id=047394de-89a5-4b5e-8dbf-c972411d5d24,FirstNumber=924,secondNumber=1408}  added by thread pool-3-thread-6
 message  {Id=047394de-89a5-4b5e-8dbf-c972411d5d24,FirstNumber=924,secondNumber=1408}  written to file by thread pool-3-thread-1
 message  {Id=b2ea612e-93cf-4535-a17d-123ad36229bc,FirstNumber=140,secondNumber=677}  added by thread pool-3-thread-6
 message  {Id=b2ea612e-93cf-4535-a17d-123ad36229bc,FirstNumber=140,secondNumber=677}  written to file by thread pool-3-thread-1
 message  {Id=4a10250c-a39a-4889-9a1e-c107523dfb2d,FirstNumber=294,secondNumber=787}  added by thread pool-3-thread-6
 message  {Id=7cf6e4c4-26a4-4f64-a3ba-77b28677fb52,FirstNumber=765,secondNumber=1520}  added by thread pool-3-thread-6
 message  {Id=4a10250c-a39a-4889-9a1e-c107523dfb2d,FirstNumber=294,secondNumber=787}  written to file by thread pool-3-thread-3
 message  {Id=8198418f-aca9-4eed-9ecf-e3c02a6fa29e,FirstNumber=91,secondNumber=468}  added by thread pool-3-thread-6
 message  {Id=7cf6e4c4-26a4-4f64-a3ba-77b28677fb52,FirstNumber=765,secondNumber=1520}  written to file by thread pool-3-thread-5
 message  {Id=8198418f-aca9-4eed-9ecf-e3c02a6fa29e,FirstNumber=91,secondNumber=468}  written to file by thread pool-3-thread-3
 message  {Id=d7be842c-c72a-48b3-b379-7556852a8ece,FirstNumber=71,secondNumber=780}  added by thread pool-3-thread-6
 message  {Id=d7be842c-c72a-48b3-b379-7556852a8ece,FirstNumber=71,secondNumber=780}  written to file by thread pool-3-thread-1
 message  {Id=fde59de2-a9e9-4fd0-8c4e-d22a142cf7d9,FirstNumber=495,secondNumber=1237}  added by thread pool-3-thread-6
 message  {Id=fde59de2-a9e9-4fd0-8c4e-d22a142cf7d9,FirstNumber=495,secondNumber=1237}  written to file by thread pool-3-thread-1
 message  {Id=2297489e-21e0-4b31-af0e-fa959334a12c,FirstNumber=68,secondNumber=732}  added by thread pool-3-thread-6
 message  {Id=2297489e-21e0-4b31-af0e-fa959334a12c,FirstNumber=68,secondNumber=732}  written to file by thread pool-3-thread-1
 message  {Id=a3dc20ca-795c-407b-bf5c-aa753fdfa663,FirstNumber=38,secondNumber=678}  added by thread pool-3-thread-6
 message  {Id=a3dc20ca-795c-407b-bf5c-aa753fdfa663,FirstNumber=38,secondNumber=678}  written to file by thread pool-3-thread-1
 message  {Id=a2f73998-3c85-4cf3-bc81-4ce890874af0,FirstNumber=828,secondNumber=912}  added by thread pool-3-thread-6
 message  {Id=a2f73998-3c85-4cf3-bc81-4ce890874af0,FirstNumber=828,secondNumber=912}  written to file by thread pool-3-thread-1
 message  {Id=a3e47905-756f-4af9-95c6-2171ce420f7d,FirstNumber=754,secondNumber=1412}  added by thread pool-3-thread-6
 message  {Id=a3e47905-756f-4af9-95c6-2171ce420f7d,FirstNumber=754,secondNumber=1412}  written to file by thread pool-3-thread-4
 message  {Id=c252baa5-a7dd-42e0-9c18-fd4e81d76c5b,FirstNumber=448,secondNumber=348}  added by thread pool-3-thread-6
 message  {Id=c252baa5-a7dd-42e0-9c18-fd4e81d76c5b,FirstNumber=448,secondNumber=348}  written to file by thread pool-3-thread-2
 message  {Id=d6a3c197-5b41-401b-9b1b-04d79c3defd9,FirstNumber=81,secondNumber=715}  added by thread pool-3-thread-6
 message  {Id=32c522ff-526e-4541-86c3-6f979887f24b,FirstNumber=137,secondNumber=1708}  added by thread pool-3-thread-6
 message  {Id=d6a3c197-5b41-401b-9b1b-04d79c3defd9,FirstNumber=81,secondNumber=715}  written to file by thread pool-3-thread-2
 message  {Id=721bba30-3e29-4e90-9bce-8bb47ec1a0e3,FirstNumber=412,secondNumber=374}  added by thread pool-3-thread-6
 message  {Id=32c522ff-526e-4541-86c3-6f979887f24b,FirstNumber=137,secondNumber=1708}  written to file by thread pool-3-thread-5
 message  {Id=721bba30-3e29-4e90-9bce-8bb47ec1a0e3,FirstNumber=412,secondNumber=374}  written to file by thread pool-3-thread-1
 message  {Id=f90ebd92-56a8-4f56-909b-6e2dbbaa81ce,FirstNumber=163,secondNumber=514}  added by thread pool-3-thread-6
 message  {Id=f90ebd92-56a8-4f56-909b-6e2dbbaa81ce,FirstNumber=163,secondNumber=514}  written to file by thread pool-3-thread-5
 message  {Id=dbb7b196-8b9c-418a-9302-23a09f5ab5d7,FirstNumber=613,secondNumber=98}  added by thread pool-3-thread-6
 message  {Id=dbb7b196-8b9c-418a-9302-23a09f5ab5d7,FirstNumber=613,secondNumber=98}  written to file by thread pool-3-thread-3
 message  {Id=1a0c315a-dbce-4e50-a475-62a9be980bfa,FirstNumber=351,secondNumber=1635}  added by thread pool-3-thread-6
 message  {Id=e6370b19-053f-4bb4-9d13-f23be617c9d5,FirstNumber=919,secondNumber=1430}  added by thread pool-3-thread-6
 message  {Id=1a0c315a-dbce-4e50-a475-62a9be980bfa,FirstNumber=351,secondNumber=1635}  written to file by thread pool-3-thread-2
 message  {Id=c5a8b303-0771-4d04-bb4e-4e92e0c83ed6,FirstNumber=335,secondNumber=680}  added by thread pool-3-thread-6
 message  {Id=e6370b19-053f-4bb4-9d13-f23be617c9d5,FirstNumber=919,secondNumber=1430}  written to file by thread pool-3-thread-1
 message  {Id=c5a8b303-0771-4d04-bb4e-4e92e0c83ed6,FirstNumber=335,secondNumber=680}  written to file by thread pool-3-thread-4
 message  {Id=4fa90a61-ee06-48d7-a54f-6470dac32f5a,FirstNumber=173,secondNumber=1723}  added by thread pool-3-thread-6
 message  {Id=4fa90a61-ee06-48d7-a54f-6470dac32f5a,FirstNumber=173,secondNumber=1723}  written to file by thread pool-3-thread-4
 message  {Id=f081ad53-bebe-460a-bd54-78cf1babe578,FirstNumber=980,secondNumber=1035}  added by thread pool-3-thread-6
 message  {Id=f081ad53-bebe-460a-bd54-78cf1babe578,FirstNumber=980,secondNumber=1035}  written to file by thread pool-3-thread-4
 message  {Id=a58dccdf-470b-48e1-a313-be990f735aca,FirstNumber=704,secondNumber=1533}  added by thread pool-3-thread-6
 message  {Id=1eb7f27c-3fee-4609-b8ac-9aaee97a6978,FirstNumber=206,secondNumber=1794}  added by thread pool-3-thread-6
 message  {Id=a58dccdf-470b-48e1-a313-be990f735aca,FirstNumber=704,secondNumber=1533}  written to file by thread pool-3-thread-2
 message  {Id=1eb7f27c-3fee-4609-b8ac-9aaee97a6978,FirstNumber=206,secondNumber=1794}  written to file by thread pool-3-thread-1
 message  {Id=c5bd3ff9-fda2-4647-9d10-3741b8e30e99,FirstNumber=563,secondNumber=1509}  added by thread pool-3-thread-6
 message  {Id=c5bd3ff9-fda2-4647-9d10-3741b8e30e99,FirstNumber=563,secondNumber=1509}  written to file by thread pool-3-thread-1
 message  {Id=4b41b599-3d3b-4f3c-807d-1befd40ebcba,FirstNumber=902,secondNumber=730}  added by thread pool-3-thread-6
 message  {Id=4b41b599-3d3b-4f3c-807d-1befd40ebcba,FirstNumber=902,secondNumber=730}  written to file by thread pool-3-thread-1
 message  {Id=8a882ee2-1e0e-44b5-afb0-33e57cccab6c,FirstNumber=832,secondNumber=540}  added by thread pool-3-thread-6
 message  {Id=8a882ee2-1e0e-44b5-afb0-33e57cccab6c,FirstNumber=832,secondNumber=540}  written to file by thread pool-3-thread-4
 message  {Id=5a0a9ef9-8bbc-4e5d-8952-628b279246c3,FirstNumber=267,secondNumber=200}  added by thread pool-3-thread-6
 message  {Id=5a0a9ef9-8bbc-4e5d-8952-628b279246c3,FirstNumber=267,secondNumber=200}  written to file by thread pool-3-thread-2
 message  {Id=ae527383-7977-4324-b7bb-73fac69c8898,FirstNumber=726,secondNumber=1482}  added by thread pool-3-thread-6
 message  {Id=d8178464-8da8-42d2-91b4-7e33ffc1d7a4,FirstNumber=722,secondNumber=1586}  added by thread pool-3-thread-6
 message  {Id=ae527383-7977-4324-b7bb-73fac69c8898,FirstNumber=726,secondNumber=1482}  written to file by thread pool-3-thread-2
 message  {Id=95ba3ad1-f5bf-4bb9-9ae1-ee2e6644975a,FirstNumber=733,secondNumber=1110}  added by thread pool-3-thread-6
 message  {Id=d8178464-8da8-42d2-91b4-7e33ffc1d7a4,FirstNumber=722,secondNumber=1586}  written to file by thread pool-3-thread-3
 message  {Id=13f09a6f-b892-4938-9a36-d079f0cfbd86,FirstNumber=611,secondNumber=1214}  added by thread pool-3-thread-6
 message  {Id=95ba3ad1-f5bf-4bb9-9ae1-ee2e6644975a,FirstNumber=733,secondNumber=1110}  written to file by thread pool-3-thread-1
 message  {Id=13f09a6f-b892-4938-9a36-d079f0cfbd86,FirstNumber=611,secondNumber=1214}  written to file by thread pool-3-thread-4
 message  {Id=0482eab0-cf4b-4f2e-b715-71fd2f177529,FirstNumber=957,secondNumber=1489}  added by thread pool-3-thread-6
 message  {Id=f9db2077-d9ad-42df-9497-4f79516a7722,FirstNumber=175,secondNumber=1977}  added by thread pool-3-thread-6
 message  {Id=0482eab0-cf4b-4f2e-b715-71fd2f177529,FirstNumber=957,secondNumber=1489}  written to file by thread pool-3-thread-4
 message  {Id=f9db2077-d9ad-42df-9497-4f79516a7722,FirstNumber=175,secondNumber=1977}  written to file by thread pool-3-thread-2
 message  {Id=7d021727-68ab-43b2-83db-bbf9caea0f17,FirstNumber=604,secondNumber=1921}  added by thread pool-3-thread-6
 message  {Id=28aeba9b-4cec-44df-aefe-bdb478c14f20,FirstNumber=90,secondNumber=1244}  added by thread pool-3-thread-6
 message  {Id=7d021727-68ab-43b2-83db-bbf9caea0f17,FirstNumber=604,secondNumber=1921}  written to file by thread pool-3-thread-3
 message  {Id=28aeba9b-4cec-44df-aefe-bdb478c14f20,FirstNumber=90,secondNumber=1244}  written to file by thread pool-3-thread-1
 message  {Id=6b01ed23-2446-49f0-b2e6-0dec0cfc0102,FirstNumber=766,secondNumber=1148}  added by thread pool-3-thread-6
 message  {Id=6b01ed23-2446-49f0-b2e6-0dec0cfc0102,FirstNumber=766,secondNumber=1148}  written to file by thread pool-3-thread-1
 message  {Id=e290d9ac-008e-43f6-846a-54d71ee6f759,FirstNumber=841,secondNumber=1678}  added by thread pool-3-thread-6
 message  {Id=e290d9ac-008e-43f6-846a-54d71ee6f759,FirstNumber=841,secondNumber=1678}  written to file by thread pool-3-thread-1
 message  {Id=c49ffdbc-0687-4ef6-9497-6d6dabdb706c,FirstNumber=912,secondNumber=50}  added by thread pool-3-thread-6
 message  {Id=c49ffdbc-0687-4ef6-9497-6d6dabdb706c,FirstNumber=912,secondNumber=50}  written to file by thread pool-3-thread-1
 message  {Id=6b7b419e-5089-4174-823e-546d23fe8c8d,FirstNumber=439,secondNumber=1294}  added by thread pool-3-thread-6
 message  {Id=6b7b419e-5089-4174-823e-546d23fe8c8d,FirstNumber=439,secondNumber=1294}  written to file by thread pool-3-thread-1
 message  {Id=1f105ec0-f40e-4dd0-ab3d-37bbd4bd9697,FirstNumber=915,secondNumber=463}  added by thread pool-3-thread-6
 message  {Id=1f105ec0-f40e-4dd0-ab3d-37bbd4bd9697,FirstNumber=915,secondNumber=463}  written to file by thread pool-3-thread-1
 message  {Id=04f60036-f33b-4781-9649-f0a623d7a4ae,FirstNumber=282,secondNumber=1198}  added by thread pool-3-thread-6
 message  {Id=04f60036-f33b-4781-9649-f0a623d7a4ae,FirstNumber=282,secondNumber=1198}  written to file by thread pool-3-thread-4
 message  {Id=6a062175-8f46-4358-a4b9-7d55ec1cdc92,FirstNumber=132,secondNumber=866}  added by thread pool-3-thread-6
 message  {Id=e2b8b8e9-9366-4625-adf9-75cf5bb08254,FirstNumber=972,secondNumber=65}  added by thread pool-3-thread-6
 message  {Id=6a062175-8f46-4358-a4b9-7d55ec1cdc92,FirstNumber=132,secondNumber=866}  written to file by thread pool-3-thread-2
 message  {Id=e2b8b8e9-9366-4625-adf9-75cf5bb08254,FirstNumber=972,secondNumber=65}  written to file by thread pool-3-thread-3
 message  {Id=a751c73e-7e14-4283-a958-a6018178cbf0,FirstNumber=790,secondNumber=1741}  added by thread pool-3-thread-6
 message  {Id=a751c73e-7e14-4283-a958-a6018178cbf0,FirstNumber=790,secondNumber=1741}  written to file by thread pool-3-thread-2
 message  {Id=7f63118b-d78a-4a67-a1a6-8c139c6b5d4b,FirstNumber=340,secondNumber=994}  added by thread pool-3-thread-6
 message  {Id=7f63118b-d78a-4a67-a1a6-8c139c6b5d4b,FirstNumber=340,secondNumber=994}  written to file by thread pool-3-thread-2
 message  {Id=425211e8-af64-4915-a190-ebaad0cae38d,FirstNumber=815,secondNumber=1218}  added by thread pool-3-thread-6
 message  {Id=127a39ce-54e4-4f67-b254-837119131270,FirstNumber=385,secondNumber=1017}  added by thread pool-3-thread-6
 message  {Id=425211e8-af64-4915-a190-ebaad0cae38d,FirstNumber=815,secondNumber=1218}  written to file by thread pool-3-thread-4
 message  {Id=9d2cfaf9-544f-4f8b-9fb8-a3811389f6e6,FirstNumber=330,secondNumber=128}  added by thread pool-3-thread-6
 message  {Id=127a39ce-54e4-4f67-b254-837119131270,FirstNumber=385,secondNumber=1017}  written to file by thread pool-3-thread-3
 message  {Id=a0c1c4e3-e5d9-4c70-b132-0f3246162803,FirstNumber=167,secondNumber=1145}  added by thread pool-3-thread-6
 message  {Id=9d2cfaf9-544f-4f8b-9fb8-a3811389f6e6,FirstNumber=330,secondNumber=128}  written to file by thread pool-3-thread-5
 message  {Id=a0c1c4e3-e5d9-4c70-b132-0f3246162803,FirstNumber=167,secondNumber=1145}  written to file by thread pool-3-thread-1
 message  {Id=fba3cb1a-ca77-4c02-9b05-607bf22a5ff6,FirstNumber=619,secondNumber=351}  added by thread pool-3-thread-6
 message  {Id=1fa227c9-0331-44af-ac21-eec906e6dcfd,FirstNumber=655,secondNumber=678}  added by thread pool-3-thread-6
 message  {Id=fba3cb1a-ca77-4c02-9b05-607bf22a5ff6,FirstNumber=619,secondNumber=351}  written to file by thread pool-3-thread-5
 message  {Id=1fa227c9-0331-44af-ac21-eec906e6dcfd,FirstNumber=655,secondNumber=678}  written to file by thread pool-3-thread-4
 message  {Id=f632b66d-c057-4f70-8125-0d77d9c52575,FirstNumber=72,secondNumber=1325}  added by thread pool-3-thread-6
 message  {Id=f632b66d-c057-4f70-8125-0d77d9c52575,FirstNumber=72,secondNumber=1325}  written to file by thread pool-3-thread-4
 message  {Id=26bd1302-d61b-48e7-aace-9e858d70bd57,FirstNumber=918,secondNumber=739}  added by thread pool-3-thread-6
 message  {Id=26bd1302-d61b-48e7-aace-9e858d70bd57,FirstNumber=918,secondNumber=739}  written to file by thread pool-3-thread-1
 message  {Id=da1b0994-4e15-4e06-ad38-82561e597639,FirstNumber=270,secondNumber=1451}  added by thread pool-3-thread-6
 message  {Id=da1b0994-4e15-4e06-ad38-82561e597639,FirstNumber=270,secondNumber=1451}  written to file by thread pool-3-thread-1
 message  {Id=6b75e65f-bf86-4fae-a80e-51ae7c7d46e9,FirstNumber=806,secondNumber=566}  added by thread pool-3-thread-6
 message  {Id=6b75e65f-bf86-4fae-a80e-51ae7c7d46e9,FirstNumber=806,secondNumber=566}  written to file by thread pool-3-thread-1
 message  {Id=d9c409dd-d6fd-47b0-87a5-e2fd78b85668,FirstNumber=819,secondNumber=882}  added by thread pool-3-thread-6
 message  {Id=d9c409dd-d6fd-47b0-87a5-e2fd78b85668,FirstNumber=819,secondNumber=882}  written to file by thread pool-3-thread-3
 message  {Id=9977a02c-b27f-4f47-a1c0-a72c21976c62,FirstNumber=457,secondNumber=1735}  added by thread pool-3-thread-6
 message  {Id=9977a02c-b27f-4f47-a1c0-a72c21976c62,FirstNumber=457,secondNumber=1735}  written to file by thread pool-3-thread-3
 message  {Id=08be9542-a265-40fa-afa5-c24a1931d07e,FirstNumber=361,secondNumber=1124}  added by thread pool-3-thread-6
 message  {Id=e774b3f2-02d6-4ada-8d17-b0052f6021d8,FirstNumber=932,secondNumber=1915}  added by thread pool-3-thread-6
 message  {Id=08be9542-a265-40fa-afa5-c24a1931d07e,FirstNumber=361,secondNumber=1124}  written to file by thread pool-3-thread-2
 message  {Id=0760dba5-4627-4999-a56c-3f670d3aee7f,FirstNumber=759,secondNumber=624}  added by thread pool-3-thread-6
 message  {Id=e774b3f2-02d6-4ada-8d17-b0052f6021d8,FirstNumber=932,secondNumber=1915}  written to file by thread pool-3-thread-5
 message  {Id=0760dba5-4627-4999-a56c-3f670d3aee7f,FirstNumber=759,secondNumber=624}  written to file by thread pool-3-thread-1
 message  {Id=0c187cd5-34be-415e-9ed4-bea4cbd152e3,FirstNumber=136,secondNumber=112}  added by thread pool-3-thread-6
 message  {Id=0c187cd5-34be-415e-9ed4-bea4cbd152e3,FirstNumber=136,secondNumber=112}  written to file by thread pool-3-thread-5
 message  {Id=4f788929-0dd7-4360-b38f-8e7a5b7b5ffe,FirstNumber=740,secondNumber=1233}  added by thread pool-3-thread-6
 message  {Id=30fff7a3-2b8e-47fb-a6b3-d982e7fb0b91,FirstNumber=730,secondNumber=934}  added by thread pool-3-thread-6
 message  {Id=4f788929-0dd7-4360-b38f-8e7a5b7b5ffe,FirstNumber=740,secondNumber=1233}  written to file by thread pool-3-thread-3
 message  {Id=30fff7a3-2b8e-47fb-a6b3-d982e7fb0b91,FirstNumber=730,secondNumber=934}  written to file by thread pool-3-thread-5
 message  {Id=e4fb8503-4b9d-4715-854d-204d2b23cf45,FirstNumber=269,secondNumber=729}  added by thread pool-3-thread-6
 message  {Id=e4fb8503-4b9d-4715-854d-204d2b23cf45,FirstNumber=269,secondNumber=729}  written to file by thread pool-3-thread-4
 message  {Id=b43665f1-160f-46a2-8822-908c4674e7d1,FirstNumber=962,secondNumber=380}  added by thread pool-3-thread-6
 message  {Id=b43665f1-160f-46a2-8822-908c4674e7d1,FirstNumber=962,secondNumber=380}  written to file by thread pool-3-thread-1
 message  {Id=70b1694b-2a49-4151-9005-022d62817774,FirstNumber=481,secondNumber=1675}  added by thread pool-3-thread-6
 message  {Id=70b1694b-2a49-4151-9005-022d62817774,FirstNumber=481,secondNumber=1675}  written to file by thread pool-3-thread-1
 message  {Id=fe579b06-6bbb-4181-9697-86e9cf04f9c2,FirstNumber=480,secondNumber=954}  added by thread pool-3-thread-6
 message  {Id=785b6521-34af-421c-ba8e-a114ccc71c14,FirstNumber=5,secondNumber=1244}  added by thread pool-3-thread-6
 message  {Id=fe579b06-6bbb-4181-9697-86e9cf04f9c2,FirstNumber=480,secondNumber=954}  written to file by thread pool-3-thread-3
 message  {Id=ff5111b2-6ebf-4190-a6f3-5ddff4bb2643,FirstNumber=927,secondNumber=150}  added by thread pool-3-thread-6
 message  {Id=785b6521-34af-421c-ba8e-a114ccc71c14,FirstNumber=5,secondNumber=1244}  written to file by thread pool-3-thread-5
 message  {Id=ff5111b2-6ebf-4190-a6f3-5ddff4bb2643,FirstNumber=927,secondNumber=150}  written to file by thread pool-3-thread-4
 message  {Id=97de3665-a43b-4470-8a39-ab9fbbf4a021,FirstNumber=848,secondNumber=1753}  added by thread pool-3-thread-6
 message  {Id=f402d44e-05fb-494b-a204-c1ff5f2c5689,FirstNumber=92,secondNumber=618}  added by thread pool-3-thread-6
 message  {Id=97de3665-a43b-4470-8a39-ab9fbbf4a021,FirstNumber=848,secondNumber=1753}  written to file by thread pool-3-thread-2
 message  {Id=f402d44e-05fb-494b-a204-c1ff5f2c5689,FirstNumber=92,secondNumber=618}  written to file by thread pool-3-thread-1
 message  {Id=e026ba7c-fd1e-4b5e-bc4a-e8c59d0706be,FirstNumber=753,secondNumber=563}  added by thread pool-3-thread-6
 message  {Id=4101e8ec-2a3d-47f9-9408-321e67c7d86e,FirstNumber=773,secondNumber=1608}  added by thread pool-3-thread-6
 message  {Id=e026ba7c-fd1e-4b5e-bc4a-e8c59d0706be,FirstNumber=753,secondNumber=563}  written to file by thread pool-3-thread-3
 message  {Id=97e5f2ed-7bcb-4b3e-9769-a57bd85f76fe,FirstNumber=998,secondNumber=835}  added by thread pool-3-thread-6
 message  {Id=4101e8ec-2a3d-47f9-9408-321e67c7d86e,FirstNumber=773,secondNumber=1608}  written to file by thread pool-3-thread-5
 message  {Id=97e5f2ed-7bcb-4b3e-9769-a57bd85f76fe,FirstNumber=998,secondNumber=835}  written to file by thread pool-3-thread-4
 message  {Id=c36b3e22-14c5-4b8b-912d-9710779f2f7c,FirstNumber=487,secondNumber=1850}  added by thread pool-3-thread-6
 message  {Id=c36b3e22-14c5-4b8b-912d-9710779f2f7c,FirstNumber=487,secondNumber=1850}  written to file by thread pool-3-thread-2
 message  {Id=89626906-47fd-4b42-b4c9-3dc13973efb0,FirstNumber=930,secondNumber=1196}  added by thread pool-3-thread-6
 message  {Id=89626906-47fd-4b42-b4c9-3dc13973efb0,FirstNumber=930,secondNumber=1196}  written to file by thread pool-3-thread-2
 message  {Id=6b600bcc-a406-4e77-86d7-fb1d4cd42f6f,FirstNumber=655,secondNumber=1049}  added by thread pool-3-thread-6
 message  {Id=6b600bcc-a406-4e77-86d7-fb1d4cd42f6f,FirstNumber=655,secondNumber=1049}  written to file by thread pool-3-thread-2
 message  {Id=8ec5f57f-ef96-41eb-b259-2473bb4cf458,FirstNumber=345,secondNumber=108}  added by thread pool-3-thread-6
 message  {Id=8ec5f57f-ef96-41eb-b259-2473bb4cf458,FirstNumber=345,secondNumber=108}  written to file by thread pool-3-thread-2
 message  {Id=5e75431d-749e-4f76-b539-47eedfe74834,FirstNumber=393,secondNumber=616}  added by thread pool-3-thread-6
 message  {Id=5e75431d-749e-4f76-b539-47eedfe74834,FirstNumber=393,secondNumber=616}  written to file by thread pool-3-thread-2
 message  {Id=e24a82b9-ae37-4ae1-a68e-053559d83d03,FirstNumber=945,secondNumber=999}  added by thread pool-3-thread-6
 message  {Id=e24a82b9-ae37-4ae1-a68e-053559d83d03,FirstNumber=945,secondNumber=999}  written to file by thread pool-3-thread-1
 message  {Id=6ee1ae6a-c865-4be8-9383-410ed0c9f199,FirstNumber=664,secondNumber=874}  added by thread pool-3-thread-6
 message  {Id=6ee1ae6a-c865-4be8-9383-410ed0c9f199,FirstNumber=664,secondNumber=874}  written to file by thread pool-3-thread-3
 message  {Id=a34eafa3-85c4-41c7-9066-cac7ac475bc6,FirstNumber=898,secondNumber=1427}  added by thread pool-3-thread-6
 message  {Id=a34eafa3-85c4-41c7-9066-cac7ac475bc6,FirstNumber=898,secondNumber=1427}  written to file by thread pool-3-thread-3
 message  {Id=cdb3078f-bba2-4c4f-ab93-65f90f5ec87f,FirstNumber=373,secondNumber=1283}  added by thread pool-3-thread-6
 message  {Id=c28cf018-4521-4e54-867f-5a1f357d7267,FirstNumber=729,secondNumber=767}  added by thread pool-3-thread-6
 message  {Id=cdb3078f-bba2-4c4f-ab93-65f90f5ec87f,FirstNumber=373,secondNumber=1283}  written to file by thread pool-3-thread-3
 message  {Id=e981e679-288a-4e2a-a013-0dba4005658e,FirstNumber=154,secondNumber=1251}  added by thread pool-3-thread-6
 message  {Id=c28cf018-4521-4e54-867f-5a1f357d7267,FirstNumber=729,secondNumber=767}  written to file by thread pool-3-thread-2
 message  {Id=e981e679-288a-4e2a-a013-0dba4005658e,FirstNumber=154,secondNumber=1251}  written to file by thread pool-3-thread-1
 message  {Id=d320c4ab-4ed3-4563-bd7e-3e448813d687,FirstNumber=401,secondNumber=257}  added by thread pool-3-thread-6
 message  {Id=d320c4ab-4ed3-4563-bd7e-3e448813d687,FirstNumber=401,secondNumber=257}  written to file by thread pool-3-thread-1
 message  {Id=d8ceb0b6-0e7f-4ee8-b8ab-157b3168d55b,FirstNumber=479,secondNumber=177}  added by thread pool-3-thread-6
 message  {Id=d8ceb0b6-0e7f-4ee8-b8ab-157b3168d55b,FirstNumber=479,secondNumber=177}  written to file by thread pool-3-thread-1
 message  {Id=adb04a4d-f1c1-4b4e-9391-4f29044e1cb2,FirstNumber=770,secondNumber=912}  added by thread pool-3-thread-6
 message  {Id=adb04a4d-f1c1-4b4e-9391-4f29044e1cb2,FirstNumber=770,secondNumber=912}  written to file by thread pool-3-thread-1
 message  {Id=b84c7d7a-25da-4ea0-bd1b-ce95fc3eeaa8,FirstNumber=0,secondNumber=12}  added by thread pool-3-thread-6
 message  {Id=b84c7d7a-25da-4ea0-bd1b-ce95fc3eeaa8,FirstNumber=0,secondNumber=12}  written to file by thread pool-3-thread-2
 message  {Id=ad83e34b-aecb-4b63-81a3-a15eef31d67b,FirstNumber=208,secondNumber=1311}  added by thread pool-3-thread-6
 message  {Id=ad83e34b-aecb-4b63-81a3-a15eef31d67b,FirstNumber=208,secondNumber=1311}  written to file by thread pool-3-thread-2
 message  {Id=7b31712a-b366-49b3-9bb1-d5f95f36e394,FirstNumber=366,secondNumber=1765}  added by thread pool-3-thread-6
 message  {Id=7b31712a-b366-49b3-9bb1-d5f95f36e394,FirstNumber=366,secondNumber=1765}  written to file by thread pool-3-thread-2
 message  {Id=3546b565-1533-4cca-88e6-c5b561967e29,FirstNumber=191,secondNumber=365}  added by thread pool-3-thread-6
 message  {Id=291ed412-5c08-4d82-83f6-d2a4f3d194d9,FirstNumber=261,secondNumber=160}  added by thread pool-3-thread-6
 message  {Id=3546b565-1533-4cca-88e6-c5b561967e29,FirstNumber=191,secondNumber=365}  written to file by thread pool-3-thread-3
 message  {Id=291ed412-5c08-4d82-83f6-d2a4f3d194d9,FirstNumber=261,secondNumber=160}  written to file by thread pool-3-thread-1
 message  {Id=c55bef69-3bad-491a-ba5c-7bcde889e076,FirstNumber=90,secondNumber=1209}  added by thread pool-3-thread-6
 message  {Id=c55bef69-3bad-491a-ba5c-7bcde889e076,FirstNumber=90,secondNumber=1209}  written to file by thread pool-3-thread-1
 message  {Id=1bfdef2f-d800-4231-b9f9-8cbc410acf9d,FirstNumber=533,secondNumber=1682}  added by thread pool-3-thread-6
 message  {Id=1bfdef2f-d800-4231-b9f9-8cbc410acf9d,FirstNumber=533,secondNumber=1682}  written to file by thread pool-3-thread-1
 message  {Id=dc0d2c56-c4b6-41ee-87c6-2fabb3825d66,FirstNumber=746,secondNumber=1505}  added by thread pool-3-thread-6
 message  {Id=dc0d2c56-c4b6-41ee-87c6-2fabb3825d66,FirstNumber=746,secondNumber=1505}  written to file by thread pool-3-thread-2
 message  {Id=17098927-2385-4903-a7ad-3832b9156bc8,FirstNumber=402,secondNumber=1691}  added by thread pool-3-thread-6
 message  {Id=17098927-2385-4903-a7ad-3832b9156bc8,FirstNumber=402,secondNumber=1691}  written to file by thread pool-3-thread-3
 message  {Id=8c9cf304-8190-44d0-9828-28fdb9b39626,FirstNumber=616,secondNumber=751}  added by thread pool-3-thread-6
 message  {Id=6cfafc4a-fddc-496a-9ace-9b1a5d9c9cdd,FirstNumber=247,secondNumber=1720}  added by thread pool-3-thread-6
 message  {Id=8c9cf304-8190-44d0-9828-28fdb9b39626,FirstNumber=616,secondNumber=751}  written to file by thread pool-3-thread-5
 message  {Id=6cfafc4a-fddc-496a-9ace-9b1a5d9c9cdd,FirstNumber=247,secondNumber=1720}  written to file by thread pool-3-thread-4
 message  {Id=2961916c-433c-4cb4-8a92-1b1046ba4ba2,FirstNumber=880,secondNumber=1540}  added by thread pool-3-thread-6
 message  {Id=2961916c-433c-4cb4-8a92-1b1046ba4ba2,FirstNumber=880,secondNumber=1540}  written to file by thread pool-3-thread-5
 message  {Id=a079ebbf-c50d-443a-9c0a-65177541c989,FirstNumber=416,secondNumber=1042}  added by thread pool-3-thread-6
 message  {Id=a079ebbf-c50d-443a-9c0a-65177541c989,FirstNumber=416,secondNumber=1042}  written to file by thread pool-3-thread-2
 message  {Id=d86a8aa1-7af0-4998-87e2-a52ac9b3eb9d,FirstNumber=491,secondNumber=1195}  added by thread pool-3-thread-6
 message  {Id=24490dfa-120d-4feb-96e1-635369f65ac2,FirstNumber=22,secondNumber=475}  added by thread pool-3-thread-6
 message  {Id=d86a8aa1-7af0-4998-87e2-a52ac9b3eb9d,FirstNumber=491,secondNumber=1195}  written to file by thread pool-3-thread-3
 message  {Id=24490dfa-120d-4feb-96e1-635369f65ac2,FirstNumber=22,secondNumber=475}  written to file by thread pool-3-thread-4
 message  {Id=d27a6c07-9ead-499e-983a-32ad7136d23a,FirstNumber=757,secondNumber=1838}  added by thread pool-3-thread-6
 message  {Id=0714a4e7-1809-4d0c-b580-eb7ace9d9520,FirstNumber=793,secondNumber=903}  added by thread pool-3-thread-6
 message  {Id=d27a6c07-9ead-499e-983a-32ad7136d23a,FirstNumber=757,secondNumber=1838}  written to file by thread pool-3-thread-1
 message  {Id=9ae615dd-4228-4558-98c7-36c61b88d5a8,FirstNumber=832,secondNumber=443}  added by thread pool-3-thread-6
 message  {Id=0714a4e7-1809-4d0c-b580-eb7ace9d9520,FirstNumber=793,secondNumber=903}  written to file by thread pool-3-thread-5
 message  {Id=9ae615dd-4228-4558-98c7-36c61b88d5a8,FirstNumber=832,secondNumber=443}  written to file by thread pool-3-thread-2
 message  {Id=2af3b164-d616-45f7-a501-4c0d66fbe916,FirstNumber=496,secondNumber=1910}  added by thread pool-3-thread-6
 message  {Id=81cdadd9-2116-4adf-9124-f1d65f5f9fef,FirstNumber=929,secondNumber=1838}  added by thread pool-3-thread-6
 message  {Id=2af3b164-d616-45f7-a501-4c0d66fbe916,FirstNumber=496,secondNumber=1910}  written to file by thread pool-3-thread-3
 message  {Id=de64f4f0-7b7f-498e-8125-50e1b439cea2,FirstNumber=723,secondNumber=883}  added by thread pool-3-thread-6
 message  {Id=81cdadd9-2116-4adf-9124-f1d65f5f9fef,FirstNumber=929,secondNumber=1838}  written to file by thread pool-3-thread-4
 message  {Id=de64f4f0-7b7f-498e-8125-50e1b439cea2,FirstNumber=723,secondNumber=883}  written to file by thread pool-3-thread-1
 message  {Id=049cc90a-22ca-4555-9e8d-3e2e417e9184,FirstNumber=525,secondNumber=670}  added by thread pool-3-thread-6
 message  {Id=049cc90a-22ca-4555-9e8d-3e2e417e9184,FirstNumber=525,secondNumber=670}  written to file by thread pool-3-thread-1
 message  {Id=24bdf52d-6c52-42fa-a657-e92990862a18,FirstNumber=873,secondNumber=1087}  added by thread pool-3-thread-6
 message  {Id=24bdf52d-6c52-42fa-a657-e92990862a18,FirstNumber=873,secondNumber=1087}  written to file by thread pool-3-thread-1
 message  {Id=18dbff05-c7ff-403e-b9cf-91a4feabbf51,FirstNumber=117,secondNumber=1216}  added by thread pool-3-thread-6
 message  {Id=65233d49-98c1-496f-b755-188c8f4f2a1b,FirstNumber=160,secondNumber=1339}  added by thread pool-3-thread-6
 message  {Id=18dbff05-c7ff-403e-b9cf-91a4feabbf51,FirstNumber=117,secondNumber=1216}  written to file by thread pool-3-thread-3
 message  {Id=65233d49-98c1-496f-b755-188c8f4f2a1b,FirstNumber=160,secondNumber=1339}  written to file by thread pool-3-thread-4
 message  {Id=7a022d46-c2b7-4b20-b64b-430b5d659833,FirstNumber=142,secondNumber=554}  added by thread pool-3-thread-6
 message  {Id=7a022d46-c2b7-4b20-b64b-430b5d659833,FirstNumber=142,secondNumber=554}  written to file by thread pool-3-thread-3
 message  {Id=a99d8faf-5223-4741-baed-2df4f5caea47,FirstNumber=14,secondNumber=1143}  added by thread pool-3-thread-6
 message  {Id=a99d8faf-5223-4741-baed-2df4f5caea47,FirstNumber=14,secondNumber=1143}  written to file by thread pool-3-thread-3
 message  {Id=83d18af1-beb7-41c6-8120-d38d1bcc24b8,FirstNumber=72,secondNumber=1188}  added by thread pool-3-thread-6
 message  {Id=83d18af1-beb7-41c6-8120-d38d1bcc24b8,FirstNumber=72,secondNumber=1188}  written to file by thread pool-3-thread-3
 message  {Id=559640b7-df55-4696-8960-f866592ee06d,FirstNumber=526,secondNumber=1936}  added by thread pool-3-thread-6
 message  {Id=559640b7-df55-4696-8960-f866592ee06d,FirstNumber=526,secondNumber=1936}  written to file by thread pool-3-thread-4
 message  {Id=420fd983-e052-4bea-b192-8aafe375d6dc,FirstNumber=807,secondNumber=1114}  added by thread pool-3-thread-6
 message  {Id=a401cc11-442c-43fa-bbfc-810deaa7ff65,FirstNumber=979,secondNumber=829}  added by thread pool-3-thread-6
 message  {Id=420fd983-e052-4bea-b192-8aafe375d6dc,FirstNumber=807,secondNumber=1114}  written to file by thread pool-3-thread-5
 message  {Id=a401cc11-442c-43fa-bbfc-810deaa7ff65,FirstNumber=979,secondNumber=829}  written to file by thread pool-3-thread-2
 message  {Id=bbf9624e-fec9-4b81-9f5c-9386aa52930d,FirstNumber=859,secondNumber=41}  added by thread pool-3-thread-6
 message  {Id=bbf9624e-fec9-4b81-9f5c-9386aa52930d,FirstNumber=859,secondNumber=41}  written to file by thread pool-3-thread-1
 message  {Id=00242ef2-294f-42f0-803c-1e550b254594,FirstNumber=673,secondNumber=1704}  added by thread pool-3-thread-6
 message  {Id=00242ef2-294f-42f0-803c-1e550b254594,FirstNumber=673,secondNumber=1704}  written to file by thread pool-3-thread-3
 message  {Id=21e962fe-6755-4072-9c95-9bfc737f953b,FirstNumber=463,secondNumber=47}  added by thread pool-3-thread-6
 message  {Id=21e962fe-6755-4072-9c95-9bfc737f953b,FirstNumber=463,secondNumber=47}  written to file by thread pool-3-thread-4
 message  {Id=963fb4b0-561d-42eb-b799-3d83ee44561c,FirstNumber=938,secondNumber=1600}  added by thread pool-3-thread-6
 message  {Id=963fb4b0-561d-42eb-b799-3d83ee44561c,FirstNumber=938,secondNumber=1600}  written to file by thread pool-3-thread-5
 message  {Id=f3b24a5a-5936-45e4-9f38-25c60e69aa99,FirstNumber=609,secondNumber=405}  added by thread pool-3-thread-6
 message  {Id=f3b24a5a-5936-45e4-9f38-25c60e69aa99,FirstNumber=609,secondNumber=405}  written to file by thread pool-3-thread-5
 message  {Id=062fa47e-f060-48f4-9e18-6e81f52e3a84,FirstNumber=641,secondNumber=861}  added by thread pool-3-thread-6
 message  {Id=062fa47e-f060-48f4-9e18-6e81f52e3a84,FirstNumber=641,secondNumber=861}  written to file by thread pool-3-thread-1
 message  {Id=6b36090c-b359-43b9-be37-91d189279315,FirstNumber=76,secondNumber=1790}  added by thread pool-3-thread-6
 message  {Id=6b36090c-b359-43b9-be37-91d189279315,FirstNumber=76,secondNumber=1790}  written to file by thread pool-3-thread-3
 message  {Id=d148f388-8fb9-4bc2-abf9-865e0dcda7f3,FirstNumber=966,secondNumber=1607}  added by thread pool-3-thread-6
 message  {Id=d148f388-8fb9-4bc2-abf9-865e0dcda7f3,FirstNumber=966,secondNumber=1607}  written to file by thread pool-3-thread-4
 message  {Id=73fd5ad0-4811-4a85-9921-09506e3b4f19,FirstNumber=732,secondNumber=603}  added by thread pool-3-thread-6
 message  {Id=73fd5ad0-4811-4a85-9921-09506e3b4f19,FirstNumber=732,secondNumber=603}  written to file by thread pool-3-thread-2
 message  {Id=817ad708-3b95-4759-b36b-5dd6b97230e9,FirstNumber=473,secondNumber=1565}  added by thread pool-3-thread-6
 message  {Id=817ad708-3b95-4759-b36b-5dd6b97230e9,FirstNumber=473,secondNumber=1565}  written to file by thread pool-3-thread-5
 message  {Id=6ac9f349-f0cf-475a-a8e4-8ea51e9fb701,FirstNumber=472,secondNumber=1294}  added by thread pool-3-thread-6
 message  {Id=6ac9f349-f0cf-475a-a8e4-8ea51e9fb701,FirstNumber=472,secondNumber=1294}  written to file by thread pool-3-thread-5
 message  {Id=bd6d19c6-f4f2-47d0-811d-85286f7f670f,FirstNumber=43,secondNumber=940}  added by thread pool-3-thread-6
 message  {Id=bd6d19c6-f4f2-47d0-811d-85286f7f670f,FirstNumber=43,secondNumber=940}  written to file by thread pool-3-thread-3
 message  {Id=1d8afdff-5ee9-436a-a786-ccbc106ab705,FirstNumber=152,secondNumber=149}  added by thread pool-3-thread-6
 message  {Id=1d8afdff-5ee9-436a-a786-ccbc106ab705,FirstNumber=152,secondNumber=149}  written to file by thread pool-3-thread-4
 message  {Id=9da24aef-8f93-49af-8102-2fa3cc96ce93,FirstNumber=427,secondNumber=1201}  added by thread pool-3-thread-6
 message  {Id=9da24aef-8f93-49af-8102-2fa3cc96ce93,FirstNumber=427,secondNumber=1201}  written to file by thread pool-3-thread-4
 message  {Id=973f2fa6-626d-44f1-a3a3-b1ecd9bc3413,FirstNumber=843,secondNumber=840}  added by thread pool-3-thread-6
 message  {Id=973f2fa6-626d-44f1-a3a3-b1ecd9bc3413,FirstNumber=843,secondNumber=840}  written to file by thread pool-3-thread-1
 message  {Id=b095c863-7857-45e0-b7cd-0a4fdbb2e129,FirstNumber=635,secondNumber=1421}  added by thread pool-3-thread-6
 message  {Id=b095c863-7857-45e0-b7cd-0a4fdbb2e129,FirstNumber=635,secondNumber=1421}  written to file by thread pool-3-thread-5
 message  {Id=95e34fdd-c338-42df-9c4c-9eab45a086f2,FirstNumber=37,secondNumber=1708}  added by thread pool-3-thread-6
 message  {Id=95e34fdd-c338-42df-9c4c-9eab45a086f2,FirstNumber=37,secondNumber=1708}  written to file by thread pool-3-thread-5
 message  {Id=61cd0c7e-f72b-422a-8433-9df4029f776f,FirstNumber=6,secondNumber=657}  added by thread pool-3-thread-6
 message  {Id=61cd0c7e-f72b-422a-8433-9df4029f776f,FirstNumber=6,secondNumber=657}  written to file by thread pool-3-thread-2
 message  {Id=0cb2d747-471f-4baf-a617-bdb171b102f5,FirstNumber=436,secondNumber=284}  added by thread pool-3-thread-6
 message  {Id=0cb2d747-471f-4baf-a617-bdb171b102f5,FirstNumber=436,secondNumber=284}  written to file by thread pool-3-thread-4
 message  {Id=b5cbddd1-12b3-4f61-87d7-96790e47c9ef,FirstNumber=349,secondNumber=622}  added by thread pool-3-thread-6
 message  {Id=b5cbddd1-12b3-4f61-87d7-96790e47c9ef,FirstNumber=349,secondNumber=622}  written to file by thread pool-3-thread-1
 message  {Id=1eff45b8-806e-4207-ac39-2a07df908790,FirstNumber=188,secondNumber=435}  added by thread pool-3-thread-6
 message  {Id=1eff45b8-806e-4207-ac39-2a07df908790,FirstNumber=188,secondNumber=435}  written to file by thread pool-3-thread-3
 message  {Id=d218416d-5c13-48e5-b459-0560a87030a8,FirstNumber=456,secondNumber=1832}  added by thread pool-3-thread-6
 message  {Id=d218416d-5c13-48e5-b459-0560a87030a8,FirstNumber=456,secondNumber=1832}  written to file by thread pool-3-thread-5
 message  {Id=54ea3a28-772a-479d-9749-f83b5fa498d9,FirstNumber=801,secondNumber=1783}  added by thread pool-3-thread-6
 message  {Id=54ea3a28-772a-479d-9749-f83b5fa498d9,FirstNumber=801,secondNumber=1783}  written to file by thread pool-3-thread-2
 message  {Id=589a2ccf-daf3-4645-8a3e-bd604e2252b2,FirstNumber=873,secondNumber=632}  added by thread pool-3-thread-6
 message  {Id=589a2ccf-daf3-4645-8a3e-bd604e2252b2,FirstNumber=873,secondNumber=632}  written to file by thread pool-3-thread-4
 message  {Id=6244d2bb-028c-4efb-ac68-2b0a5249cd3d,FirstNumber=523,secondNumber=1170}  added by thread pool-3-thread-6
 message  {Id=6244d2bb-028c-4efb-ac68-2b0a5249cd3d,FirstNumber=523,secondNumber=1170}  written to file by thread pool-3-thread-1
 message  {Id=7acb3554-3552-4111-99a6-745c471726ec,FirstNumber=480,secondNumber=650}  added by thread pool-3-thread-6
 message  {Id=7acb3554-3552-4111-99a6-745c471726ec,FirstNumber=480,secondNumber=650}  written to file by thread pool-3-thread-1
 message  {Id=7e743223-4676-4dbd-88e7-a4a8dc6d5110,FirstNumber=793,secondNumber=1219}  added by thread pool-3-thread-6
 message  {Id=d6e8fd5f-a51a-460d-80ca-9629cc9ac1b7,FirstNumber=900,secondNumber=649}  added by thread pool-3-thread-6
 message  {Id=7e743223-4676-4dbd-88e7-a4a8dc6d5110,FirstNumber=793,secondNumber=1219}  written to file by thread pool-3-thread-5
 message  {Id=d6e8fd5f-a51a-460d-80ca-9629cc9ac1b7,FirstNumber=900,secondNumber=649}  written to file by thread pool-3-thread-2
 message  {Id=368c59bb-1f75-425a-a040-d40158850e40,FirstNumber=162,secondNumber=1543}  added by thread pool-3-thread-6
 message  {Id=368c59bb-1f75-425a-a040-d40158850e40,FirstNumber=162,secondNumber=1543}  written to file by thread pool-3-thread-4
 message  {Id=3a8aba9e-1813-41d6-9691-2c49826175b5,FirstNumber=939,secondNumber=1537}  added by thread pool-3-thread-6
 message  {Id=3a8aba9e-1813-41d6-9691-2c49826175b5,FirstNumber=939,secondNumber=1537}  written to file by thread pool-3-thread-3
 message  {Id=152c015b-124d-4872-bc34-a468f798394f,FirstNumber=231,secondNumber=1552}  added by thread pool-3-thread-6
 message  {Id=152c015b-124d-4872-bc34-a468f798394f,FirstNumber=231,secondNumber=1552}  written to file by thread pool-3-thread-1
 message  {Id=1ec5ec89-db64-4842-92ef-5aa738664194,FirstNumber=215,secondNumber=1808}  added by thread pool-3-thread-6
 message  {Id=1ec5ec89-db64-4842-92ef-5aa738664194,FirstNumber=215,secondNumber=1808}  written to file by thread pool-3-thread-5
 message  {Id=7f2f526b-f0c7-4663-987a-d60e16a2b92e,FirstNumber=305,secondNumber=155}  added by thread pool-3-thread-6
 message  {Id=7f2f526b-f0c7-4663-987a-d60e16a2b92e,FirstNumber=305,secondNumber=155}  written to file by thread pool-3-thread-2
 message  {Id=18dfba28-8da4-4cfd-98cf-aaa2c92222d7,FirstNumber=785,secondNumber=475}  added by thread pool-3-thread-6
 message  {Id=18dfba28-8da4-4cfd-98cf-aaa2c92222d7,FirstNumber=785,secondNumber=475}  written to file by thread pool-3-thread-2
 message  {Id=a4e83cf2-e4eb-4233-8fa4-e4d23d93bf71,FirstNumber=831,secondNumber=796}  added by thread pool-3-thread-6
 message  {Id=a4e83cf2-e4eb-4233-8fa4-e4d23d93bf71,FirstNumber=831,secondNumber=796}  written to file by thread pool-3-thread-3
 message  {Id=a369fefd-7872-4668-840a-4248055e09d3,FirstNumber=792,secondNumber=1559}  added by thread pool-3-thread-6
 message  {Id=a369fefd-7872-4668-840a-4248055e09d3,FirstNumber=792,secondNumber=1559}  written to file by thread pool-3-thread-1
 message  {Id=9a44dc24-3de0-4e1c-a78b-030f7e7139e3,FirstNumber=827,secondNumber=1768}  added by thread pool-3-thread-6
 message  {Id=9a44dc24-3de0-4e1c-a78b-030f7e7139e3,FirstNumber=827,secondNumber=1768}  written to file by thread pool-3-thread-5
 message  {Id=4592c996-46e8-45a5-b0d0-dcf31fe4155b,FirstNumber=721,secondNumber=581}  added by thread pool-3-thread-6
 message  {Id=4592c996-46e8-45a5-b0d0-dcf31fe4155b,FirstNumber=721,secondNumber=581}  written to file by thread pool-3-thread-4
 message  {Id=eea4d295-fa6a-410f-97e9-64c31467c89b,FirstNumber=532,secondNumber=406}  added by thread pool-3-thread-6
 message  {Id=eea4d295-fa6a-410f-97e9-64c31467c89b,FirstNumber=532,secondNumber=406}  written to file by thread pool-3-thread-2
 message  {Id=519a7c82-079d-42d2-966e-40ac8bc39ae3,FirstNumber=509,secondNumber=1313}  added by thread pool-3-thread-6
 message  {Id=519a7c82-079d-42d2-966e-40ac8bc39ae3,FirstNumber=509,secondNumber=1313}  written to file by thread pool-3-thread-3
 message  {Id=7f789680-2115-4812-8832-4f27a11d34f5,FirstNumber=76,secondNumber=1678}  added by thread pool-3-thread-6
 message  {Id=7f789680-2115-4812-8832-4f27a11d34f5,FirstNumber=76,secondNumber=1678}  written to file by thread pool-3-thread-1
 message  {Id=62ed7e79-d771-44d8-adf1-a00c423b2144,FirstNumber=809,secondNumber=588}  added by thread pool-3-thread-6
 message  {Id=62ed7e79-d771-44d8-adf1-a00c423b2144,FirstNumber=809,secondNumber=588}  written to file by thread pool-3-thread-5
 message  {Id=2af264d3-e4e7-452e-8fd3-66c65dc8ff73,FirstNumber=845,secondNumber=365}  added by thread pool-3-thread-6
 message  {Id=2af264d3-e4e7-452e-8fd3-66c65dc8ff73,FirstNumber=845,secondNumber=365}  written to file by thread pool-3-thread-4
 message  {Id=3dca2c04-2556-4fbd-8bd8-7aec71be29e9,FirstNumber=860,secondNumber=1262}  added by thread pool-3-thread-6
 message  {Id=3dca2c04-2556-4fbd-8bd8-7aec71be29e9,FirstNumber=860,secondNumber=1262}  written to file by thread pool-3-thread-2
 message  {Id=3f7ddce9-c7f9-430e-88dd-ab0ac240fc85,FirstNumber=729,secondNumber=376}  added by thread pool-3-thread-6
 message  {Id=3f7ddce9-c7f9-430e-88dd-ab0ac240fc85,FirstNumber=729,secondNumber=376}  written to file by thread pool-3-thread-3
 message  {Id=0119145e-f0bd-4f74-9a7e-0e9f1a7b52e4,FirstNumber=770,secondNumber=1245}  added by thread pool-3-thread-6
 message  {Id=0119145e-f0bd-4f74-9a7e-0e9f1a7b52e4,FirstNumber=770,secondNumber=1245}  written to file by thread pool-3-thread-1
 message  {Id=3a0cdd9f-0a2f-4d10-8acb-ddab0b989787,FirstNumber=75,secondNumber=735}  added by thread pool-3-thread-6
 message  {Id=3a0cdd9f-0a2f-4d10-8acb-ddab0b989787,FirstNumber=75,secondNumber=735}  written to file by thread pool-3-thread-5
 message  {Id=89b530f3-1830-4de8-9010-4e886b0506d7,FirstNumber=931,secondNumber=1060}  added by thread pool-3-thread-6
 message  {Id=89b530f3-1830-4de8-9010-4e886b0506d7,FirstNumber=931,secondNumber=1060}  written to file by thread pool-3-thread-4
 message  {Id=8977f09d-afa0-4840-9b3b-e13f060fe6b0,FirstNumber=977,secondNumber=1015}  added by thread pool-3-thread-6
 message  {Id=8977f09d-afa0-4840-9b3b-e13f060fe6b0,FirstNumber=977,secondNumber=1015}  written to file by thread pool-3-thread-2
 message  {Id=d8251efe-733d-43b6-a14f-159820bc70e1,FirstNumber=989,secondNumber=1557}  added by thread pool-3-thread-6
 message  {Id=d8251efe-733d-43b6-a14f-159820bc70e1,FirstNumber=989,secondNumber=1557}  written to file by thread pool-3-thread-3
 message  {Id=637efdac-db03-46b1-a1df-968c8bc2dbde,FirstNumber=855,secondNumber=789}  added by thread pool-3-thread-6
 message  {Id=637efdac-db03-46b1-a1df-968c8bc2dbde,FirstNumber=855,secondNumber=789}  written to file by thread pool-3-thread-1
 message  {Id=2d3dcc8e-b45f-47fc-9049-ca86bcce627a,FirstNumber=646,secondNumber=1216}  added by thread pool-3-thread-6
 message  {Id=2d3dcc8e-b45f-47fc-9049-ca86bcce627a,FirstNumber=646,secondNumber=1216}  written to file by thread pool-3-thread-5
 message  {Id=8db00e34-88e2-4cf9-a5cd-7ad42e797b68,FirstNumber=73,secondNumber=314}  added by thread pool-3-thread-6
 message  {Id=8db00e34-88e2-4cf9-a5cd-7ad42e797b68,FirstNumber=73,secondNumber=314}  written to file by thread pool-3-thread-4
 message  {Id=13e6e2fe-cb3f-41ee-aded-ade13461c1d5,FirstNumber=280,secondNumber=603}  added by thread pool-3-thread-6
 message  {Id=13e6e2fe-cb3f-41ee-aded-ade13461c1d5,FirstNumber=280,secondNumber=603}  written to file by thread pool-3-thread-4
 message  {Id=85806319-4147-47b0-b1f6-e0cb0029ca65,FirstNumber=53,secondNumber=1106}  added by thread pool-3-thread-6
 message  {Id=85806319-4147-47b0-b1f6-e0cb0029ca65,FirstNumber=53,secondNumber=1106}  written to file by thread pool-3-thread-3
 message  {Id=bba92c4f-9c86-40c7-b452-f6dec744d084,FirstNumber=487,secondNumber=435}  added by thread pool-3-thread-6
 message  {Id=bba92c4f-9c86-40c7-b452-f6dec744d084,FirstNumber=487,secondNumber=435}  written to file by thread pool-3-thread-1
 message  {Id=256cd2a5-ebec-4756-9008-1190b3558f26,FirstNumber=756,secondNumber=674}  added by thread pool-3-thread-6
 message  {Id=256cd2a5-ebec-4756-9008-1190b3558f26,FirstNumber=756,secondNumber=674}  written to file by thread pool-3-thread-5
 message  {Id=1accd6bd-2d66-4dea-bca3-7d9f5dd26e79,FirstNumber=746,secondNumber=472}  added by thread pool-3-thread-6
 message  {Id=1accd6bd-2d66-4dea-bca3-7d9f5dd26e79,FirstNumber=746,secondNumber=472}  written to file by thread pool-3-thread-2
 message  {Id=dec1cfee-2fd0-40c8-b225-e4590d5f57ed,FirstNumber=7,secondNumber=1145}  added by thread pool-3-thread-6
 message  {Id=dec1cfee-2fd0-40c8-b225-e4590d5f57ed,FirstNumber=7,secondNumber=1145}  written to file by thread pool-3-thread-4
 message  {Id=654abb8c-2dcf-4c04-ad22-58eed7c821a5,FirstNumber=504,secondNumber=1944}  added by thread pool-3-thread-6
 message  {Id=654abb8c-2dcf-4c04-ad22-58eed7c821a5,FirstNumber=504,secondNumber=1944}  written to file by thread pool-3-thread-3
 message  {Id=455ceb38-076f-4f7f-9895-190222d8a49e,FirstNumber=725,secondNumber=1493}  added by thread pool-3-thread-6
 message  {Id=455ceb38-076f-4f7f-9895-190222d8a49e,FirstNumber=725,secondNumber=1493}  written to file by thread pool-3-thread-1
 message  {Id=08b0d8b6-d51f-4f54-aa8a-b9bb562126fd,FirstNumber=280,secondNumber=63}  added by thread pool-3-thread-6
 message  {Id=08b0d8b6-d51f-4f54-aa8a-b9bb562126fd,FirstNumber=280,secondNumber=63}  written to file by thread pool-3-thread-5
 message  {Id=f40e28cc-7c4b-4ea6-be48-53467fa4e4a9,FirstNumber=456,secondNumber=1986}  added by thread pool-3-thread-6
 message  {Id=f40e28cc-7c4b-4ea6-be48-53467fa4e4a9,FirstNumber=456,secondNumber=1986}  written to file by thread pool-3-thread-2
 message  {Id=bcc0db2e-8c4d-47b2-9721-4147d4f5b4ca,FirstNumber=923,secondNumber=1582}  added by thread pool-3-thread-6
 message  {Id=bcc0db2e-8c4d-47b2-9721-4147d4f5b4ca,FirstNumber=923,secondNumber=1582}  written to file by thread pool-3-thread-2
 message  {Id=2c688427-e3bf-4c1e-add6-54a938cef420,FirstNumber=455,secondNumber=1477}  added by thread pool-3-thread-6
 message  {Id=2c688427-e3bf-4c1e-add6-54a938cef420,FirstNumber=455,secondNumber=1477}  written to file by thread pool-3-thread-3
 message  {Id=d4f22744-0bba-4e47-8b19-b4fbad9ad756,FirstNumber=303,secondNumber=962}  added by thread pool-3-thread-6
 message  {Id=d4f22744-0bba-4e47-8b19-b4fbad9ad756,FirstNumber=303,secondNumber=962}  written to file by thread pool-3-thread-1
 message  {Id=e9924c59-dec0-4b3b-9854-b71ca3313645,FirstNumber=858,secondNumber=1262}  added by thread pool-3-thread-6
 message  {Id=e9924c59-dec0-4b3b-9854-b71ca3313645,FirstNumber=858,secondNumber=1262}  written to file by thread pool-3-thread-5
 message  {Id=6e936de6-b95e-48b0-bc47-6daf0ad7fc3c,FirstNumber=398,secondNumber=534}  added by thread pool-3-thread-6
 message  {Id=6e936de6-b95e-48b0-bc47-6daf0ad7fc3c,FirstNumber=398,secondNumber=534}  written to file by thread pool-3-thread-4
 message  {Id=3ba134ae-ed6a-4919-b937-cdb3c1736185,FirstNumber=563,secondNumber=86}  added by thread pool-3-thread-6
 message  {Id=3ba134ae-ed6a-4919-b937-cdb3c1736185,FirstNumber=563,secondNumber=86}  written to file by thread pool-3-thread-2
 message  {Id=8533efcb-0f6b-4952-82cc-438cd14735a6,FirstNumber=905,secondNumber=1331}  added by thread pool-3-thread-6
 message  {Id=8533efcb-0f6b-4952-82cc-438cd14735a6,FirstNumber=905,secondNumber=1331}  written to file by thread pool-3-thread-3
 message  {Id=17f9f278-2843-4784-8694-d82b3d826ab4,FirstNumber=86,secondNumber=1068}  added by thread pool-3-thread-6
 message  {Id=17f9f278-2843-4784-8694-d82b3d826ab4,FirstNumber=86,secondNumber=1068}  written to file by thread pool-3-thread-1
 message  {Id=dc9557c0-1d49-4606-acc8-c23c126e2112,FirstNumber=677,secondNumber=610}  added by thread pool-3-thread-6
 message  {Id=dc9557c0-1d49-4606-acc8-c23c126e2112,FirstNumber=677,secondNumber=610}  written to file by thread pool-3-thread-5
 message  {Id=95d37af8-ce9f-4a1b-aaa3-bd0f4a6684ca,FirstNumber=197,secondNumber=761}  added by thread pool-3-thread-6
 message  {Id=95d37af8-ce9f-4a1b-aaa3-bd0f4a6684ca,FirstNumber=197,secondNumber=761}  written to file by thread pool-3-thread-4
 message  {Id=d0bb8274-001e-4b4d-a366-99fa6261c56c,FirstNumber=132,secondNumber=1039}  added by thread pool-3-thread-6
 message  {Id=d0bb8274-001e-4b4d-a366-99fa6261c56c,FirstNumber=132,secondNumber=1039}  written to file by thread pool-3-thread-4
 message  {Id=ab4d1579-73ac-4c78-ad68-1048cf3cc05c,FirstNumber=49,secondNumber=329}  added by thread pool-3-thread-6
 message  {Id=ab4d1579-73ac-4c78-ad68-1048cf3cc05c,FirstNumber=49,secondNumber=329}  written to file by thread pool-3-thread-3
 message  {Id=33b06888-fb9e-4524-853f-06f2ec582176,FirstNumber=49,secondNumber=1156}  added by thread pool-3-thread-6
 message  {Id=33b06888-fb9e-4524-853f-06f2ec582176,FirstNumber=49,secondNumber=1156}  written to file by thread pool-3-thread-1
 message  {Id=64ca00e2-9a27-41e2-8d20-882649032727,FirstNumber=815,secondNumber=893}  added by thread pool-3-thread-6
 message  {Id=64ca00e2-9a27-41e2-8d20-882649032727,FirstNumber=815,secondNumber=893}  written to file by thread pool-3-thread-5
 message  {Id=01a67439-be84-462c-a56d-4dbf3e666189,FirstNumber=455,secondNumber=66}  added by thread pool-3-thread-6
 message  {Id=01a67439-be84-462c-a56d-4dbf3e666189,FirstNumber=455,secondNumber=66}  written to file by thread pool-3-thread-2
 message  {Id=96361d86-f306-4d25-ba2d-d1d9cb2756f5,FirstNumber=639,secondNumber=821}  added by thread pool-3-thread-6
 message  {Id=96361d86-f306-4d25-ba2d-d1d9cb2756f5,FirstNumber=639,secondNumber=821}  written to file by thread pool-3-thread-4
 message  {Id=7be51ff7-8a2d-4460-902a-bb79f20eb855,FirstNumber=382,secondNumber=1289}  added by thread pool-3-thread-6
 message  {Id=7be51ff7-8a2d-4460-902a-bb79f20eb855,FirstNumber=382,secondNumber=1289}  written to file by thread pool-3-thread-3
 message  {Id=4259dc7e-065e-4128-8076-0a20b74dd239,FirstNumber=964,secondNumber=674}  added by thread pool-3-thread-6
 message  {Id=4259dc7e-065e-4128-8076-0a20b74dd239,FirstNumber=964,secondNumber=674}  written to file by thread pool-3-thread-1
 message  {Id=bedb7bc2-e4ef-48da-9c70-47772f5db3e6,FirstNumber=268,secondNumber=289}  added by thread pool-3-thread-6
 message  {Id=bedb7bc2-e4ef-48da-9c70-47772f5db3e6,FirstNumber=268,secondNumber=289}  written to file by thread pool-3-thread-5
 message  {Id=491ee35f-3022-4d73-94ab-f9fe92057eb0,FirstNumber=504,secondNumber=52}  added by thread pool-3-thread-6
 message  {Id=491ee35f-3022-4d73-94ab-f9fe92057eb0,FirstNumber=504,secondNumber=52}  written to file by thread pool-3-thread-2
 message  {Id=77ba6b3a-a717-42ef-96d5-6d230b1f3c6b,FirstNumber=695,secondNumber=1474}  added by thread pool-3-thread-6
 message  {Id=77ba6b3a-a717-42ef-96d5-6d230b1f3c6b,FirstNumber=695,secondNumber=1474}  written to file by thread pool-3-thread-2
 message  {Id=b4610e5d-042a-4eb9-acd6-c667977e4f55,FirstNumber=133,secondNumber=1815}  added by thread pool-3-thread-6
 message  {Id=b4610e5d-042a-4eb9-acd6-c667977e4f55,FirstNumber=133,secondNumber=1815}  written to file by thread pool-3-thread-3
 message  {Id=4ce27d9d-7f21-4dd8-963e-1938ea0ffe58,FirstNumber=356,secondNumber=158}  added by thread pool-3-thread-6
 message  {Id=4ce27d9d-7f21-4dd8-963e-1938ea0ffe58,FirstNumber=356,secondNumber=158}  written to file by thread pool-3-thread-1
 message  {Id=9c204227-3f73-400b-bb3f-957908847af7,FirstNumber=878,secondNumber=796}  added by thread pool-3-thread-6
 message  {Id=9c204227-3f73-400b-bb3f-957908847af7,FirstNumber=878,secondNumber=796}  written to file by thread pool-3-thread-5
 message  {Id=0a011945-4a75-48e4-ad21-a15db8be1642,FirstNumber=733,secondNumber=1152}  added by thread pool-3-thread-6
 message  {Id=0a011945-4a75-48e4-ad21-a15db8be1642,FirstNumber=733,secondNumber=1152}  written to file by thread pool-3-thread-5
 message  {Id=b07103cf-83e3-44ea-9439-0a9817a34890,FirstNumber=919,secondNumber=1762}  added by thread pool-3-thread-6
 message  {Id=b07103cf-83e3-44ea-9439-0a9817a34890,FirstNumber=919,secondNumber=1762}  written to file by thread pool-3-thread-2
 message  {Id=4cc66b1c-7563-458a-9134-d12303a8aa99,FirstNumber=366,secondNumber=1120}  added by thread pool-3-thread-6
 message  {Id=4cc66b1c-7563-458a-9134-d12303a8aa99,FirstNumber=366,secondNumber=1120}  written to file by thread pool-3-thread-3
 message  {Id=817fdeee-ef8c-4ffe-a9a4-0c2dd46549db,FirstNumber=214,secondNumber=497}  added by thread pool-3-thread-6
 message  {Id=817fdeee-ef8c-4ffe-a9a4-0c2dd46549db,FirstNumber=214,secondNumber=497}  written to file by thread pool-3-thread-1
 message  {Id=165ba3f2-0bf3-40ae-b058-cb71e89787df,FirstNumber=697,secondNumber=1070}  added by thread pool-3-thread-6
 message  {Id=165ba3f2-0bf3-40ae-b058-cb71e89787df,FirstNumber=697,secondNumber=1070}  written to file by thread pool-3-thread-4
 message  {Id=94e43708-0aff-4b69-b5b1-49c73d3114e0,FirstNumber=110,secondNumber=1514}  added by thread pool-3-thread-6
 message  {Id=fac38d6b-825f-4688-8d49-8f0c29a72161,FirstNumber=454,secondNumber=817}  added by thread pool-3-thread-6
 message  {Id=94e43708-0aff-4b69-b5b1-49c73d3114e0,FirstNumber=110,secondNumber=1514}  written to file by thread pool-3-thread-5
 message  {Id=fac38d6b-825f-4688-8d49-8f0c29a72161,FirstNumber=454,secondNumber=817}  written to file by thread pool-3-thread-2
 message  {Id=14a6b1ce-7726-4820-8f99-ceb577abafe2,FirstNumber=212,secondNumber=847}  added by thread pool-3-thread-6
 message  {Id=14a6b1ce-7726-4820-8f99-ceb577abafe2,FirstNumber=212,secondNumber=847}  written to file by thread pool-3-thread-3
 message  {Id=a03e0543-9a57-4486-8800-2f9ac42d56a9,FirstNumber=146,secondNumber=262}  added by thread pool-3-thread-6
 message  {Id=a03e0543-9a57-4486-8800-2f9ac42d56a9,FirstNumber=146,secondNumber=262}  written to file by thread pool-3-thread-1
 message  {Id=a04dba9a-6daa-4d51-8d65-eefbc6881e42,FirstNumber=648,secondNumber=1411}  added by thread pool-3-thread-6
 message  {Id=a04dba9a-6daa-4d51-8d65-eefbc6881e42,FirstNumber=648,secondNumber=1411}  written to file by thread pool-3-thread-4
 message  {Id=e18ec4ed-b9a7-4742-9b55-2d4990c3581b,FirstNumber=906,secondNumber=1921}  added by thread pool-3-thread-6
 message  {Id=e18ec4ed-b9a7-4742-9b55-2d4990c3581b,FirstNumber=906,secondNumber=1921}  written to file by thread pool-3-thread-5
 message  {Id=951fe267-1c8f-49da-9942-da164cad62df,FirstNumber=976,secondNumber=815}  added by thread pool-3-thread-6
 message  {Id=951fe267-1c8f-49da-9942-da164cad62df,FirstNumber=976,secondNumber=815}  written to file by thread pool-3-thread-5
 message  {Id=d084e1e4-0fe5-4a50-b597-ac059c8107cc,FirstNumber=552,secondNumber=932}  added by thread pool-3-thread-6
 message  {Id=d084e1e4-0fe5-4a50-b597-ac059c8107cc,FirstNumber=552,secondNumber=932}  written to file by thread pool-3-thread-3
 message  {Id=85895957-df76-48f0-b9d1-451270216901,FirstNumber=598,secondNumber=841}  added by thread pool-3-thread-6
 message  {Id=85895957-df76-48f0-b9d1-451270216901,FirstNumber=598,secondNumber=841}  written to file by thread pool-3-thread-1
 message  {Id=86435f1d-9dc9-48ab-97f8-ee003243bafc,FirstNumber=322,secondNumber=672}  added by thread pool-3-thread-6
 message  {Id=86435f1d-9dc9-48ab-97f8-ee003243bafc,FirstNumber=322,secondNumber=672}  written to file by thread pool-3-thread-4
 message  {Id=8c77b810-2e57-47dc-a17a-a7d95dee7890,FirstNumber=914,secondNumber=838}  added by thread pool-3-thread-6
 message  {Id=8c77b810-2e57-47dc-a17a-a7d95dee7890,FirstNumber=914,secondNumber=838}  written to file by thread pool-3-thread-2
 message  {Id=d42044ff-1dfa-49e5-babe-60de957a55c9,FirstNumber=168,secondNumber=1912}  added by thread pool-3-thread-6
 message  {Id=d42044ff-1dfa-49e5-babe-60de957a55c9,FirstNumber=168,secondNumber=1912}  written to file by thread pool-3-thread-2
 message  {Id=62fedfe3-3e8b-44a1-bd7d-e47ad9f623a1,FirstNumber=543,secondNumber=594}  added by thread pool-3-thread-6
 message  {Id=62fedfe3-3e8b-44a1-bd7d-e47ad9f623a1,FirstNumber=543,secondNumber=594}  written to file by thread pool-3-thread-3
 message  {Id=e9addd1d-c7fc-463e-b0d7-c9c8daf15466,FirstNumber=922,secondNumber=416}  added by thread pool-3-thread-6
 message  {Id=e9addd1d-c7fc-463e-b0d7-c9c8daf15466,FirstNumber=922,secondNumber=416}  written to file by thread pool-3-thread-1
 message  {Id=3c5281a7-83bb-414f-801e-e9f1108d0613,FirstNumber=354,secondNumber=703}  added by thread pool-3-thread-6
 message  {Id=3c5281a7-83bb-414f-801e-e9f1108d0613,FirstNumber=354,secondNumber=703}  written to file by thread pool-3-thread-4
 message  {Id=78455fb1-a327-4a7f-9a9b-3415b457628c,FirstNumber=786,secondNumber=674}  added by thread pool-3-thread-6
 message  {Id=78455fb1-a327-4a7f-9a9b-3415b457628c,FirstNumber=786,secondNumber=674}  written to file by thread pool-3-thread-5
 message  {Id=8862dd51-5c28-485b-810b-a696f7911ba1,FirstNumber=696,secondNumber=516}  added by thread pool-3-thread-6
 message  {Id=8862dd51-5c28-485b-810b-a696f7911ba1,FirstNumber=696,secondNumber=516}  written to file by thread pool-3-thread-5
 message  {Id=cca577c9-dd73-4ef7-8789-eebb6d1f6558,FirstNumber=302,secondNumber=626}  added by thread pool-3-thread-6
 message  {Id=cca577c9-dd73-4ef7-8789-eebb6d1f6558,FirstNumber=302,secondNumber=626}  written to file by thread pool-3-thread-5
 message  {Id=92d80f71-e8cb-41be-97b5-c4df502ef8c0,FirstNumber=738,secondNumber=20}  added by thread pool-3-thread-6
 message  {Id=92d80f71-e8cb-41be-97b5-c4df502ef8c0,FirstNumber=738,secondNumber=20}  written to file by thread pool-3-thread-1
 message  {Id=f468c3a5-dc61-4fce-a85a-ebb540392483,FirstNumber=618,secondNumber=483}  added by thread pool-3-thread-6
 message  {Id=f468c3a5-dc61-4fce-a85a-ebb540392483,FirstNumber=618,secondNumber=483}  written to file by thread pool-3-thread-1
 message  {Id=14883282-22c9-4d8c-ab6c-1f642cd681da,FirstNumber=248,secondNumber=776}  added by thread pool-3-thread-6
 message  {Id=122add6c-f883-4c72-92ef-2c980ac09f1f,FirstNumber=219,secondNumber=811}  added by thread pool-3-thread-6
 message  {Id=14883282-22c9-4d8c-ab6c-1f642cd681da,FirstNumber=248,secondNumber=776}  written to file by thread pool-3-thread-2
 message  {Id=122add6c-f883-4c72-92ef-2c980ac09f1f,FirstNumber=219,secondNumber=811}  written to file by thread pool-3-thread-2
 message  {Id=f3aaf494-c143-4c3e-884b-f179a3037288,FirstNumber=880,secondNumber=1294}  added by thread pool-3-thread-6
 message  {Id=989b62b4-df5d-4608-8777-ded8d7d0aef9,FirstNumber=267,secondNumber=1369}  added by thread pool-3-thread-6
 message  {Id=f3aaf494-c143-4c3e-884b-f179a3037288,FirstNumber=880,secondNumber=1294}  written to file by thread pool-3-thread-3
 message  {Id=989b62b4-df5d-4608-8777-ded8d7d0aef9,FirstNumber=267,secondNumber=1369}  written to file by thread pool-3-thread-5
 message  {Id=4aebbce2-2bc8-4447-9b51-7a4d95fab9f6,FirstNumber=371,secondNumber=1837}  added by thread pool-3-thread-6
 message  {Id=4aebbce2-2bc8-4447-9b51-7a4d95fab9f6,FirstNumber=371,secondNumber=1837}  written to file by thread pool-3-thread-4
 message  {Id=172c5d15-37b8-4c09-b4b4-b1aa06775318,FirstNumber=829,secondNumber=1899}  added by thread pool-3-thread-6
 message  {Id=172c5d15-37b8-4c09-b4b4-b1aa06775318,FirstNumber=829,secondNumber=1899}  written to file by thread pool-3-thread-2
 message  {Id=3024241b-f053-47b7-a10f-ec04aa3d3d89,FirstNumber=465,secondNumber=1508}  added by thread pool-3-thread-6
 message  {Id=3024241b-f053-47b7-a10f-ec04aa3d3d89,FirstNumber=465,secondNumber=1508}  written to file by thread pool-3-thread-1
 message  {Id=28059ca0-65cf-4170-9b80-ac26b967ca51,FirstNumber=788,secondNumber=1891}  added by thread pool-3-thread-6
 message  {Id=28059ca0-65cf-4170-9b80-ac26b967ca51,FirstNumber=788,secondNumber=1891}  written to file by thread pool-3-thread-3
 message  {Id=dfd223b2-f146-4bfa-b0fc-0cee03b555db,FirstNumber=789,secondNumber=1418}  added by thread pool-3-thread-6
 message  {Id=dfd223b2-f146-4bfa-b0fc-0cee03b555db,FirstNumber=789,secondNumber=1418}  written to file by thread pool-3-thread-5
 message  {Id=b8af782a-f3bc-475b-879b-81bce4215e6c,FirstNumber=130,secondNumber=408}  added by thread pool-3-thread-6
 message  {Id=b8af782a-f3bc-475b-879b-81bce4215e6c,FirstNumber=130,secondNumber=408}  written to file by thread pool-3-thread-4
 message  {Id=caa65097-e526-4673-b5b0-28eb15a1036b,FirstNumber=455,secondNumber=914}  added by thread pool-3-thread-6
 message  {Id=caa65097-e526-4673-b5b0-28eb15a1036b,FirstNumber=455,secondNumber=914}  written to file by thread pool-3-thread-2
 message  {Id=546c5ee4-ccaf-4381-8c95-7e4460ae617b,FirstNumber=516,secondNumber=1484}  added by thread pool-3-thread-6
 message  {Id=546c5ee4-ccaf-4381-8c95-7e4460ae617b,FirstNumber=516,secondNumber=1484}  written to file by thread pool-3-thread-2
 message  {Id=8379a761-f175-4e29-a837-5657be0836ee,FirstNumber=43,secondNumber=967}  added by thread pool-3-thread-6
 message  {Id=8379a761-f175-4e29-a837-5657be0836ee,FirstNumber=43,secondNumber=967}  written to file by thread pool-3-thread-3
 message  {Id=704899af-775f-4a44-a706-9e417d220891,FirstNumber=427,secondNumber=263}  added by thread pool-3-thread-6
 message  {Id=704899af-775f-4a44-a706-9e417d220891,FirstNumber=427,secondNumber=263}  written to file by thread pool-3-thread-5
 message  {Id=1a2d6942-42bf-4c66-bf62-d09cb1de975f,FirstNumber=314,secondNumber=678}  added by thread pool-3-thread-6
 message  {Id=1a2d6942-42bf-4c66-bf62-d09cb1de975f,FirstNumber=314,secondNumber=678}  written to file by thread pool-3-thread-4
 message  {Id=0ed6a2ed-92cc-486d-a348-e5ad319a7cf2,FirstNumber=459,secondNumber=4}  added by thread pool-3-thread-6
 message  {Id=0ed6a2ed-92cc-486d-a348-e5ad319a7cf2,FirstNumber=459,secondNumber=4}  written to file by thread pool-3-thread-1
 message  {Id=e062e78a-6423-4384-9556-3f75da0dcecf,FirstNumber=592,secondNumber=1045}  added by thread pool-3-thread-6
 message  {Id=e062e78a-6423-4384-9556-3f75da0dcecf,FirstNumber=592,secondNumber=1045}  written to file by thread pool-3-thread-2
 message  {Id=2ae0f72a-f5fa-49b1-9641-80cefa44ed2b,FirstNumber=356,secondNumber=1619}  added by thread pool-3-thread-6
 message  {Id=2ae0f72a-f5fa-49b1-9641-80cefa44ed2b,FirstNumber=356,secondNumber=1619}  written to file by thread pool-3-thread-3
 message  {Id=f61c0db5-b180-42ba-91fb-9524c645f021,FirstNumber=830,secondNumber=1078}  added by thread pool-3-thread-6
 message  {Id=f61c0db5-b180-42ba-91fb-9524c645f021,FirstNumber=830,secondNumber=1078}  written to file by thread pool-3-thread-5
 message  {Id=88a95797-65ff-4378-b9ab-aa9048795877,FirstNumber=526,secondNumber=1362}  added by thread pool-3-thread-6
 message  {Id=88a95797-65ff-4378-b9ab-aa9048795877,FirstNumber=526,secondNumber=1362}  written to file by thread pool-3-thread-4
 message  {Id=2810d636-4a02-4f45-8be3-2daeade36407,FirstNumber=247,secondNumber=1478}  added by thread pool-3-thread-6
 message  {Id=2810d636-4a02-4f45-8be3-2daeade36407,FirstNumber=247,secondNumber=1478}  written to file by thread pool-3-thread-1
 message  {Id=b2342e33-5f8e-4fb7-a9b6-fac5a692381c,FirstNumber=780,secondNumber=1814}  added by thread pool-3-thread-6
 message  {Id=b2342e33-5f8e-4fb7-a9b6-fac5a692381c,FirstNumber=780,secondNumber=1814}  written to file by thread pool-3-thread-1
 Total messages 10000 generation time 439.326063 rate 22.762137
 message processing time 452.610381 for thread pool-3-thread-2
 message processing time 452.285192 for thread pool-3-thread-3
 message processing time 451.534781 for thread pool-3-thread-5
 message processing time 452.302033 for thread pool-3-thread-4
 message processing time 452.966900 for thread pool-3-thread-1
]]></system-out>
  <system-err><![CDATA[]]></system-err>
</testsuite>
