<?xml version="1.0" encoding="UTF-8" ?>
<testsuite errors="0" failures="0" hostname="alki" name="producer.consumer.start.ProducerConsumerMainTest" skipped="0" tests="3" time="0.553" timestamp="2015-03-25T21:07:43">
  <properties>
    <property name="java.vendor" value="Oracle Corporation" />
    <property name="env.SESSION_MANAGER" value="local/alki:@/tmp/.ICE-unix/2461,unix/alki:/tmp/.ICE-unix/2461" />
    <property name="env.IM_CONFIG_PHASE" value="1" />
    <property name="env.LESSOPEN" value="| /usr/bin/lesspipe %s" />
    <property name="sun.java.launcher" value="SUN_STANDARD" />
    <property name="env.QT_IM_MODULE" value="ibus" />
    <property name="sun.management.compiler" value="HotSpot 64-Bit Tiered Compilers" />
    <property name="os.name" value="Linux" />
    <property name="env.UPSTART_SESSION" value="unix:abstract=/com/ubuntu/upstart-session/1000/2252" />
    <property name="sun.boot.class.path" value="/usr/lib/jvm/java-7-openjdk-amd64/jre/lib/resources.jar:/usr/lib/jvm/java-7-openjdk-amd64/jre/lib/rt.jar:/usr/lib/jvm/java-7-openjdk-amd64/jre/lib/sunrsasign.jar:/usr/lib/jvm/java-7-openjdk-amd64/jre/lib/jsse.jar:/usr/lib/jvm/java-7-openjdk-amd64/jre/lib/jce.jar:/usr/lib/jvm/java-7-openjdk-amd64/jre/lib/charsets.jar:/usr/lib/jvm/java-7-openjdk-amd64/jre/lib/rhino.jar:/usr/lib/jvm/java-7-openjdk-amd64/jre/lib/jfr.jar:/usr/lib/jvm/java-7-openjdk-amd64/jre/classes" />
    <property name="env.PWD" value="/home/swathi/workspace/MultiThreading-Question" />
    <property name="sun.desktop" value="gnome" />
    <property name="env.LANG" value="en_US.UTF-8" />
    <property name="java.vm.specification.vendor" value="Oracle Corporation" />
    <property name="env.XDG_MENU_PREFIX" value="gnome-" />
    <property name="ant.home" value="/usr/share/ant" />
    <property name="java.runtime.version" value="1.7.0_75-b13" />
    <property name="env.GTK_IM_MODULE" value="ibus" />
    <property name="env.DEFAULTS_PATH" value="/usr/share/gconf/ubuntu.default.path" />
    <property name="env.XDG_VTNR" value="7" />
    <property name="env.DISPLAY" value=":0" />
    <property name="user.name" value="swathi" />
    <property name="env.QT4_IM_MODULE" value="xim" />
    <property name="env._" value="/usr/bin/ant" />
    <property name="env.USER" value="swathi" />
    <property name="env.SHELL" value="/bin/bash" />
    <property name="env.DESKTOP_SESSION" value="ubuntu" />
    <property name="env.XDG_DATA_DIRS" value="/usr/share/ubuntu:/usr/share/gnome:/usr/local/share/:/usr/share/" />
    <property name="ant.file.type.MultiThreading-Question" value="file" />
    <property name="env.PATH" value="/home/swathi/Desktop/Applications/sbt/bin:/usr/local/sbin:/usr/local/bin:/usr/sbin:/usr/bin:/sbin:/bin:/usr/games:/usr/local/games" />
    <property name="env.XDG_CURRENT_DESKTOP" value="Unity" />
    <property name="user.language" value="en" />
    <property name="sun.boot.library.path" value="/usr/lib/jvm/java-7-openjdk-amd64/jre/lib/amd64" />
    <property name="env.TEXTDOMAIN" value="im-config" />
    <property name="ant.project.default-target" value="build" />
    <property name="env.SELINUX_INIT" value="YES" />
    <property name="ant.project.name" value="MultiThreading-Question" />
    <property name="java.version" value="1.7.0_75" />
    <property name="user.timezone" value="" />
    <property name="env.DBUS_SESSION_BUS_ADDRESS" value="unix:abstract=/tmp/dbus-WXInGoYWSK" />
    <property name="sun.arch.data.model" value="64" />
    <property name="env.COMPIZ_CONFIG_PROFILE" value="ubuntu" />
    <property name="java.endorsed.dirs" value="/usr/lib/jvm/java-7-openjdk-amd64/jre/lib/endorsed" />
    <property name="sun.cpu.isalist" value="" />
    <property name="sun.jnu.encoding" value="UTF-8" />
    <property name="file.encoding.pkg" value="sun.io" />
    <property name="env.SHLVL" value="1" />
    <property name="ECLIPSE_HOME" value="../../../../usr/lib/eclipse" />
    <property name="file.separator" value="/" />
    <property name="java.specification.name" value="Java Platform API Specification" />
    <property name="env.GNOME_DESKTOP_SESSION_ID" value="this-is-deprecated" />
    <property name="java.class.version" value="51.0" />
    <property name="env.GDMSESSION" value="ubuntu" />
    <property name="user.country" value="US" />
    <property name="env.GNOME_KEYRING_PID" value="2249" />
    <property name="java.home" value="/usr/lib/jvm/java-7-openjdk-amd64/jre" />
    <property name="java.vm.info" value="mixed mode" />
    <property name="env.LOGNAME" value="swathi" />
    <property name="ant.file" value="/home/swathi/workspace/MultiThreading-Question/build.xml" />
    <property name="os.version" value="3.13.0-46-generic" />
    <property name="path.separator" value=":" />
    <property name="java.vm.version" value="24.75-b04" />
    <property name="env.LANGUAGE" value="en_US" />
    <property name="env.TEXTDOMAINDIR" value="/usr/share/locale/" />
    <property name="ant.library.dir" value="/usr/share/ant/lib" />
    <property name="env.XDG_SESSION_PATH" value="/org/freedesktop/DisplayManager/Session0" />
    <property name="junit.output.dir" value="junit" />
    <property name="env.QT_QPA_PLATFORMTHEME" value="appmenu-qt5" />
    <property name="env.SESSIONTYPE" value="gnome-session" />
    <property name="java.awt.printerjob" value="sun.print.PSPrinterJob" />
    <property name="env.TERM" value="xterm-256color" />
    <property name="sun.io.unicode.encoding" value="UnicodeLittle" />
    <property name="awt.toolkit" value="sun.awt.X11.XToolkit" />
    <property name="env.XMODIFIERS" value="@im=ibus" />
    <property name="env.GDM_LANG" value="en_US" />
    <property name="user.home" value="/home/swathi" />
    <property name="target" value="1.7" />
    <property name="env.JOB" value="dbus" />
    <property name="env.OLDPWD" value="/home/swathi/workspace/MultiThreading-Question/files" />
    <property name="java.specification.vendor" value="Oracle Corporation" />
    <property name="env.WINDOWID" value="29360139" />
    <property name="env.VTE_VERSION" value="3409" />
    <property name="java.library.path" value="/usr/java/packages/lib/amd64:/usr/lib/x86_64-linux-gnu/jni:/lib/x86_64-linux-gnu:/usr/lib/x86_64-linux-gnu:/usr/lib/jni:/lib:/usr/lib" />
    <property name="java.vendor.url" value="http://java.oracle.com/" />
    <property name="java.vm.vendor" value="Oracle Corporation" />
    <property name="env.XDG_SEAT" value="seat0" />
    <property name="java.runtime.name" value="OpenJDK Runtime Environment" />
    <property name="ant.version" value="Apache Ant(TM) version 1.9.3 compiled on April 8 2014" />
    <property name="java.class.path" value="/usr/share/eclipse/dropins/jdt/plugins/org.junit_4.8.2.dist/junit.jar:/usr/share/eclipse/dropins/jdt/plugins/org.hamcrest.core_1.3.0.jar:/home/swathi/workspace/MultiThreading-Question/bin:/usr/share/ant/lib/junit.jar:/usr/share/java/ant-launcher-1.9.3.jar:/usr/share/ant/lib/ant.jar:/usr/share/ant/lib/ant-junit.jar:/usr/share/ant/lib/ant-junit4.jar" />
    <property name="sun.java.command" value="org.apache.tools.ant.taskdefs.optional.junit.JUnitTestRunner producer.consumer.start.ProducerConsumerMainTest skipNonTests=false filtertrace=true haltOnError=false haltOnFailure=false formatter=org.apache.tools.ant.taskdefs.optional.junit.OutErrSummaryJUnitResultFormatter showoutput=false outputtoformatters=true logfailedtests=true logtestlistenerevents=false formatter=org.apache.tools.ant.taskdefs.optional.junit.XMLJUnitResultFormatter,/home/swathi/workspace/MultiThreading-Question/junit/TEST-producer.consumer.start.ProducerConsumerMainTest.xml crashfile=/home/swathi/workspace/MultiThreading-Question/junitvmwatcher8697760523191671214.properties propsfile=/home/swathi/workspace/MultiThreading-Question/junit4497988317661044911.properties" />
    <property name="env.XDG_SESSION_ID" value="c3" />
    <property name="java.vm.specification.name" value="Java Virtual Machine Specification" />
    <property name="ant.file.type" value="file" />
    <property name="java.vm.specification.version" value="1.7" />
    <property name="sun.os.patch.level" value="unknown" />
    <property name="sun.cpu.endian" value="little" />
    <property name="debuglevel" value="source,lines,vars" />
    <property name="env.HOME" value="/home/swathi" />
    <property name="ant.file.MultiThreading-Question" value="/home/swathi/workspace/MultiThreading-Question/build.xml" />
    <property name="env.LS_COLORS" value="rs=0:di=01;34:ln=01;36:mh=00:pi=40;33:so=01;35:do=01;35:bd=40;33;01:cd=40;33;01:or=40;31;01:su=37;41:sg=30;43:ca=30;41:tw=30;42:ow=34;42:st=37;44:ex=01;32:*.tar=01;31:*.tgz=01;31:*.arj=01;31:*.taz=01;31:*.lzh=01;31:*.lzma=01;31:*.tlz=01;31:*.txz=01;31:*.zip=01;31:*.z=01;31:*.Z=01;31:*.dz=01;31:*.gz=01;31:*.lz=01;31:*.xz=01;31:*.bz2=01;31:*.bz=01;31:*.tbz=01;31:*.tbz2=01;31:*.tz=01;31:*.deb=01;31:*.rpm=01;31:*.jar=01;31:*.war=01;31:*.ear=01;31:*.sar=01;31:*.rar=01;31:*.ace=01;31:*.zoo=01;31:*.cpio=01;31:*.7z=01;31:*.rz=01;31:*.jpg=01;35:*.jpeg=01;35:*.gif=01;35:*.bmp=01;35:*.pbm=01;35:*.pgm=01;35:*.ppm=01;35:*.tga=01;35:*.xbm=01;35:*.xpm=01;35:*.tif=01;35:*.tiff=01;35:*.png=01;35:*.svg=01;35:*.svgz=01;35:*.mng=01;35:*.pcx=01;35:*.mov=01;35:*.mpg=01;35:*.mpeg=01;35:*.m2v=01;35:*.mkv=01;35:*.webm=01;35:*.ogm=01;35:*.mp4=01;35:*.m4v=01;35:*.mp4v=01;35:*.vob=01;35:*.qt=01;35:*.nuv=01;35:*.wmv=01;35:*.asf=01;35:*.rm=01;35:*.rmvb=01;35:*.flc=01;35:*.avi=01;35:*.fli=01;35:*.flv=01;35:*.gl=01;35:*.dl=01;35:*.xcf=01;35:*.xwd=01;35:*.yuv=01;35:*.cgm=01;35:*.emf=01;35:*.axv=01;35:*.anx=01;35:*.ogv=01;35:*.ogx=01;35:*.aac=00;36:*.au=00;36:*.flac=00;36:*.mid=00;36:*.midi=00;36:*.mka=00;36:*.mp3=00;36:*.mpc=00;36:*.ogg=00;36:*.ra=00;36:*.wav=00;36:*.axa=00;36:*.oga=00;36:*.spx=00;36:*.xspf=00;36:" />
    <property name="env.XDG_SEAT_PATH" value="/org/freedesktop/DisplayManager/Seat0" />
    <property name="java.io.tmpdir" value="/tmp" />
    <property name="java.vendor.url.bug" value="http://bugreport.sun.com/bugreport/" />
    <property name="env.SSH_AUTH_SOCK" value="/run/user/1000/keyring-VmU8FK/ssh" />
    <property name="env.CLUTTER_IM_MODULE" value="xim" />
    <property name="java.awt.graphicsenv" value="sun.awt.X11GraphicsEnvironment" />
    <property name="os.arch" value="amd64" />
    <property name="env.INSTANCE" value="" />
    <property name="env.XDG_RUNTIME_DIR" value="/run/user/1000" />
    <property name="java.ext.dirs" value="/usr/lib/jvm/java-7-openjdk-amd64/jre/lib/ext:/usr/java/packages/lib/ext" />
    <property name="user.dir" value="/home/swathi/workspace/MultiThreading-Question" />
    <property name="env.XAUTHORITY" value="/home/swathi/.Xauthority" />
    <property name="env.SESSION" value="ubuntu" />
    <property name="env.MANDATORY_PATH" value="/usr/share/gconf/ubuntu.mandatory.path" />
    <property name="env.GTK_MODULES" value="overlay-scrollbar:unity-gtk-module" />
    <property name="line.separator" value="&#xa;" />
    <property name="java.vm.name" value="OpenJDK 64-Bit Server VM" />
    <property name="env.COLORTERM" value="gnome-terminal" />
    <property name="env.XDG_GREETER_DATA_DIR" value="/var/lib/lightdm-data/swathi" />
    <property name="basedir" value="/home/swathi/workspace/MultiThreading-Question" />
    <property name="ant.java.version" value="1.7" />
    <property name="ant.core.lib" value="/usr/share/ant/lib/ant.jar" />
    <property name="source" value="1.7" />
    <property name="file.encoding" value="UTF-8" />
    <property name="env.COMPIZ_BIN_PATH" value="/usr/bin/" />
    <property name="env.GPG_AGENT_INFO" value="/run/user/1000/keyring-VmU8FK/gpg:0:1" />
    <property name="java.specification.version" value="1.7" />
    <property name="env.GNOME_KEYRING_CONTROL" value="/run/user/1000/keyring-VmU8FK" />
    <property name="ant.project.invoked-targets" value="ProducerConsumerMainTest.testMain" />
    <property name="env.XDG_CONFIG_DIRS" value="/etc/xdg/xdg-ubuntu:/usr/share/upstart/xdg:/etc/xdg" />
    <property name="env.LESSCLOSE" value="/usr/bin/lesspipe %s %s" />
  </properties>
  <testcase classname="producer.consumer.start.ProducerConsumerMainTest" name="testMain_EveryMessageReadbyConsumerisUnique" time="0.02" />
  <testcase classname="producer.consumer.start.ProducerConsumerMainTest" name="testMain_ForProducedMessageCountEqualsConsumedCount" time="0.022" />
  <testcase classname="producer.consumer.start.ProducerConsumerMainTest" name="testMain_queuesizevarition" time="0.468" />
  <system-out><![CDATA[[Ljava.lang.String;@1e77243d
Starting Consumer threads
Started consumer pool-1-thread-1
Started consumer pool-1-thread-2
Started consumer pool-1-thread-3
Started consumer pool-1-thread-4
Starting Producer thread
Started consumer pool-1-thread-5
Started producer pool-1-thread-6
 message  {Id=63287cce-7b0c-48f6-b4d3-72c89bb57789,FirstNumber=795,secondNumber=1655}  added by thread pool-1-thread-6
 message  {Id=6903f095-2a7e-4ba5-a202-8ef5b6c2cb8d,FirstNumber=900,secondNumber=1893}  added by thread pool-1-thread-6
 message  {Id=63287cce-7b0c-48f6-b4d3-72c89bb57789,FirstNumber=795,secondNumber=1655}  written to file by thread pool-1-thread-3
 message  {Id=1a856ca1-6545-4de3-83ca-5c813f65adfc,FirstNumber=941,secondNumber=1174}  added by thread pool-1-thread-6
 message  {Id=6903f095-2a7e-4ba5-a202-8ef5b6c2cb8d,FirstNumber=900,secondNumber=1893}  written to file by thread pool-1-thread-2
 message  {Id=1a856ca1-6545-4de3-83ca-5c813f65adfc,FirstNumber=941,secondNumber=1174}  written to file by thread pool-1-thread-1
 message  {Id=31e7f90d-3060-4bee-a536-bc4f6741b00b,FirstNumber=357,secondNumber=1260}  added by thread pool-1-thread-6
 message  {Id=83b34a64-a459-4a67-b3c3-3905c7710f7f,FirstNumber=864,secondNumber=1690}  added by thread pool-1-thread-6
 message  {Id=31e7f90d-3060-4bee-a536-bc4f6741b00b,FirstNumber=357,secondNumber=1260}  written to file by thread pool-1-thread-4
 message  {Id=c925c9ce-444b-48e1-80b9-83d664c55ced,FirstNumber=126,secondNumber=23}  added by thread pool-1-thread-6
 message  {Id=83b34a64-a459-4a67-b3c3-3905c7710f7f,FirstNumber=864,secondNumber=1690}  written to file by thread pool-1-thread-5
 message  {Id=5950eb6c-480b-421f-b734-17b4b73d1b25,FirstNumber=329,secondNumber=902}  added by thread pool-1-thread-6
 message  {Id=c925c9ce-444b-48e1-80b9-83d664c55ced,FirstNumber=126,secondNumber=23}  written to file by thread pool-1-thread-3
 message  {Id=e5d4f193-befe-43d8-aca5-453c83cb1392,FirstNumber=42,secondNumber=400}  added by thread pool-1-thread-6
 message  {Id=5950eb6c-480b-421f-b734-17b4b73d1b25,FirstNumber=329,secondNumber=902}  written to file by thread pool-1-thread-2
 message  {Id=e5d4f193-befe-43d8-aca5-453c83cb1392,FirstNumber=42,secondNumber=400}  written to file by thread pool-1-thread-1
 message  {Id=f96cdb48-ece2-4926-8d9c-c33ab902311c,FirstNumber=272,secondNumber=123}  added by thread pool-1-thread-6
 message  {Id=46f389e8-6e4f-42e8-b719-e782f62dac72,FirstNumber=964,secondNumber=1959}  added by thread pool-1-thread-6
 message  {Id=f96cdb48-ece2-4926-8d9c-c33ab902311c,FirstNumber=272,secondNumber=123}  written to file by thread pool-1-thread-4
 message  {Id=46f389e8-6e4f-42e8-b719-e782f62dac72,FirstNumber=964,secondNumber=1959}  written to file by thread pool-1-thread-5
 Total messages 10 generation time 11.036443 rate 0.906089
files/file1.txt: 1a856ca1-6545-4de3-83ca-5c813f65adfc : GCD (941 : 1174) : 1 
files/file1.txt: e5d4f193-befe-43d8-aca5-453c83cb1392 : GCD (42 : 400) : 2 
files/file2.txt: 6903f095-2a7e-4ba5-a202-8ef5b6c2cb8d : GCD (900 : 1893) : 3 
files/file2.txt: 5950eb6c-480b-421f-b734-17b4b73d1b25 : GCD (329 : 902) : 1 
files/file3.txt: 63287cce-7b0c-48f6-b4d3-72c89bb57789 : GCD (795 : 1655) : 5 
files/file3.txt: c925c9ce-444b-48e1-80b9-83d664c55ced : GCD (126 : 23) : 1 
files/file4.txt: 31e7f90d-3060-4bee-a536-bc4f6741b00b : GCD (357 : 1260) : 21 
files/file4.txt: f96cdb48-ece2-4926-8d9c-c33ab902311c : GCD (272 : 123) : 1 
files/file5.txt: 83b34a64-a459-4a67-b3c3-3905c7710f7f : GCD (864 : 1690) : 2 
files/file5.txt: 46f389e8-6e4f-42e8-b719-e782f62dac72 : GCD (964 : 1959) : 1 
[Ljava.lang.String;@2f58bc3c
Starting Consumer threads
Started consumer pool-2-thread-1
Started consumer pool-2-thread-2
Started consumer pool-2-thread-3
Started consumer pool-2-thread-4
Starting Producer thread
Started consumer pool-2-thread-5
Started producer pool-2-thread-6
 message  {Id=50e461a7-abfa-445f-a56f-379a34d760a8,FirstNumber=746,secondNumber=396}  added by thread pool-2-thread-6
 message  {Id=ceaeea8c-3491-4bc7-966a-320eb42f3542,FirstNumber=992,secondNumber=665}  added by thread pool-2-thread-6
 message  {Id=50e461a7-abfa-445f-a56f-379a34d760a8,FirstNumber=746,secondNumber=396}  written to file by thread pool-2-thread-1
 message  {Id=26648d5c-6970-42f5-b6d9-aae1d9cb7df2,FirstNumber=424,secondNumber=1367}  added by thread pool-2-thread-6
 message  {Id=ceaeea8c-3491-4bc7-966a-320eb42f3542,FirstNumber=992,secondNumber=665}  written to file by thread pool-2-thread-2
 message  {Id=26648d5c-6970-42f5-b6d9-aae1d9cb7df2,FirstNumber=424,secondNumber=1367}  written to file by thread pool-2-thread-3
 message  {Id=41781341-f688-466f-a004-5783c3156f27,FirstNumber=643,secondNumber=1699}  added by thread pool-2-thread-6
 message  {Id=41781341-f688-466f-a004-5783c3156f27,FirstNumber=643,secondNumber=1699}  written to file by thread pool-2-thread-4
 message  {Id=100d0f3a-4e0e-41f0-a192-77ddea0d55cf,FirstNumber=713,secondNumber=1564}  added by thread pool-2-thread-6
 message  {Id=100d0f3a-4e0e-41f0-a192-77ddea0d55cf,FirstNumber=713,secondNumber=1564}  written to file by thread pool-2-thread-5
 message  {Id=2a064e39-badd-4357-872b-b56cea65e12d,FirstNumber=37,secondNumber=798}  added by thread pool-2-thread-6
 message  {Id=2a064e39-badd-4357-872b-b56cea65e12d,FirstNumber=37,secondNumber=798}  written to file by thread pool-2-thread-1
 message  {Id=7a1f9625-4455-4ae8-8455-abb489eeb28d,FirstNumber=393,secondNumber=1744}  added by thread pool-2-thread-6
 message  {Id=339a3b99-88ad-4d93-939f-5b75f78226d4,FirstNumber=234,secondNumber=1666}  added by thread pool-2-thread-6
 message  {Id=7a1f9625-4455-4ae8-8455-abb489eeb28d,FirstNumber=393,secondNumber=1744}  written to file by thread pool-2-thread-2
 message  {Id=5bc94e49-42cf-47e0-962e-54bb0d7f1d74,FirstNumber=999,secondNumber=1522}  added by thread pool-2-thread-6
 message  {Id=339a3b99-88ad-4d93-939f-5b75f78226d4,FirstNumber=234,secondNumber=1666}  written to file by thread pool-2-thread-3
 message  {Id=545138a1-f430-4f02-ae51-21d130b92b01,FirstNumber=714,secondNumber=208}  added by thread pool-2-thread-6
 message  {Id=5bc94e49-42cf-47e0-962e-54bb0d7f1d74,FirstNumber=999,secondNumber=1522}  written to file by thread pool-2-thread-4
 message  {Id=2d1c2c95-aca7-4d3c-bb27-973df5f027c0,FirstNumber=173,secondNumber=80}  added by thread pool-2-thread-6
 message  {Id=545138a1-f430-4f02-ae51-21d130b92b01,FirstNumber=714,secondNumber=208}  written to file by thread pool-2-thread-5
 message  {Id=f239a810-82c1-4bb4-b26a-48de4287f204,FirstNumber=875,secondNumber=1479}  added by thread pool-2-thread-6
 message  {Id=2d1c2c95-aca7-4d3c-bb27-973df5f027c0,FirstNumber=173,secondNumber=80}  written to file by thread pool-2-thread-4
 message  {Id=969eaa9f-945f-4504-8dd8-f2b5a2d870b8,FirstNumber=350,secondNumber=505}  added by thread pool-2-thread-6
 message  {Id=f239a810-82c1-4bb4-b26a-48de4287f204,FirstNumber=875,secondNumber=1479}  written to file by thread pool-2-thread-2
 message  {Id=5211d963-8139-4c9d-b80d-ae122eadb2e9,FirstNumber=71,secondNumber=1254}  added by thread pool-2-thread-6
 message  {Id=969eaa9f-945f-4504-8dd8-f2b5a2d870b8,FirstNumber=350,secondNumber=505}  written to file by thread pool-2-thread-3
 message  {Id=da21a654-2612-4f33-a3b6-d3ba9245bd38,FirstNumber=43,secondNumber=637}  added by thread pool-2-thread-6
 message  {Id=5211d963-8139-4c9d-b80d-ae122eadb2e9,FirstNumber=71,secondNumber=1254}  written to file by thread pool-2-thread-1
 message  {Id=da21a654-2612-4f33-a3b6-d3ba9245bd38,FirstNumber=43,secondNumber=637}  written to file by thread pool-2-thread-5
 message  {Id=0e71655a-0235-48aa-a272-6296c8b364c0,FirstNumber=301,secondNumber=1520}  added by thread pool-2-thread-6
 message  {Id=0e71655a-0235-48aa-a272-6296c8b364c0,FirstNumber=301,secondNumber=1520}  written to file by thread pool-2-thread-4
 message  {Id=3eb90389-cb71-4e28-a0e1-9e8cf9506262,FirstNumber=409,secondNumber=784}  added by thread pool-2-thread-6
 message  {Id=53651b34-febb-4285-84dd-ab0a65ca2d1f,FirstNumber=646,secondNumber=802}  added by thread pool-2-thread-6
 message  {Id=3eb90389-cb71-4e28-a0e1-9e8cf9506262,FirstNumber=409,secondNumber=784}  written to file by thread pool-2-thread-2
 message  {Id=53651b34-febb-4285-84dd-ab0a65ca2d1f,FirstNumber=646,secondNumber=802}  written to file by thread pool-2-thread-3
 message  {Id=fb59ee10-60fb-40d9-a194-21a653046524,FirstNumber=107,secondNumber=1662}  added by thread pool-2-thread-6
 message  {Id=9ef0b942-dd74-4d4a-a448-64275969450a,FirstNumber=337,secondNumber=954}  added by thread pool-2-thread-6
 message  {Id=fb59ee10-60fb-40d9-a194-21a653046524,FirstNumber=107,secondNumber=1662}  written to file by thread pool-2-thread-1
 message  {Id=9ef0b942-dd74-4d4a-a448-64275969450a,FirstNumber=337,secondNumber=954}  written to file by thread pool-2-thread-5
 message  {Id=a569a659-21ba-4fb3-97cb-bb37c5ae14ee,FirstNumber=805,secondNumber=661}  added by thread pool-2-thread-6
 message  {Id=3cd54b0b-e94c-47ce-9536-342cb157424d,FirstNumber=400,secondNumber=522}  added by thread pool-2-thread-6
 message  {Id=a569a659-21ba-4fb3-97cb-bb37c5ae14ee,FirstNumber=805,secondNumber=661}  written to file by thread pool-2-thread-4
 message  {Id=3cd54b0b-e94c-47ce-9536-342cb157424d,FirstNumber=400,secondNumber=522}  written to file by thread pool-2-thread-2
 message  {Id=5abf4cfc-044f-4876-91c5-f49fa3afa028,FirstNumber=671,secondNumber=1363}  added by thread pool-2-thread-6
 message  {Id=5abf4cfc-044f-4876-91c5-f49fa3afa028,FirstNumber=671,secondNumber=1363}  written to file by thread pool-2-thread-3
 message  {Id=48a22e51-1ee0-478d-ab69-d524ddc52f57,FirstNumber=345,secondNumber=1397}  added by thread pool-2-thread-6
 message  {Id=cff0e02c-b0cb-410a-96ad-d35d0a8f8d36,FirstNumber=87,secondNumber=792}  added by thread pool-2-thread-6
 message  {Id=48a22e51-1ee0-478d-ab69-d524ddc52f57,FirstNumber=345,secondNumber=1397}  written to file by thread pool-2-thread-1
 message  {Id=d6163486-d2ce-43b6-8b39-42692d4341e9,FirstNumber=992,secondNumber=1155}  added by thread pool-2-thread-6
 message  {Id=cff0e02c-b0cb-410a-96ad-d35d0a8f8d36,FirstNumber=87,secondNumber=792}  written to file by thread pool-2-thread-5
 message  {Id=ddc12265-c093-49ac-997f-741f01cb314e,FirstNumber=875,secondNumber=108}  added by thread pool-2-thread-6
 message  {Id=d6163486-d2ce-43b6-8b39-42692d4341e9,FirstNumber=992,secondNumber=1155}  written to file by thread pool-2-thread-4
 message  {Id=ddc12265-c093-49ac-997f-741f01cb314e,FirstNumber=875,secondNumber=108}  written to file by thread pool-2-thread-2
 message  {Id=1e635dfe-ff25-4a93-b509-ef880dae970e,FirstNumber=545,secondNumber=981}  added by thread pool-2-thread-6
 message  {Id=1e635dfe-ff25-4a93-b509-ef880dae970e,FirstNumber=545,secondNumber=981}  written to file by thread pool-2-thread-3
 message  {Id=6bca50aa-95cf-4098-b08b-db63e491a417,FirstNumber=360,secondNumber=1958}  added by thread pool-2-thread-6
 message  {Id=6bca50aa-95cf-4098-b08b-db63e491a417,FirstNumber=360,secondNumber=1958}  written to file by thread pool-2-thread-1
 message  {Id=9cd9f5bc-475e-4589-923c-e51423a9351f,FirstNumber=51,secondNumber=1349}  added by thread pool-2-thread-6
 message processing time 21.917220 for thread pool-1-thread-3
 message  {Id=bd3c6b44-554c-4fa9-9165-2567d6285131,FirstNumber=116,secondNumber=601}  added by thread pool-2-thread-6
 message processing time 22.218323 for thread pool-1-thread-2
 message  {Id=9cd9f5bc-475e-4589-923c-e51423a9351f,FirstNumber=51,secondNumber=1349}  written to file by thread pool-2-thread-5
 message  {Id=bd3c6b44-554c-4fa9-9165-2567d6285131,FirstNumber=116,secondNumber=601}  written to file by thread pool-2-thread-4
 message processing time 22.191421 for thread pool-1-thread-4
 message processing time 22.716026 for thread pool-1-thread-1
 message  {Id=6ec87b2e-9bcf-4511-bb54-40c9fa2f92ed,FirstNumber=404,secondNumber=1122}  written to file by thread pool-2-thread-2
 message  {Id=6ec87b2e-9bcf-4511-bb54-40c9fa2f92ed,FirstNumber=404,secondNumber=1122}  added by thread pool-2-thread-6
 message processing time 22.364455 for thread pool-1-thread-5
 message  {Id=ea005e60-69e1-416f-a321-3f23cef24e01,FirstNumber=308,secondNumber=1956}  added by thread pool-2-thread-6
 message  {Id=ea005e60-69e1-416f-a321-3f23cef24e01,FirstNumber=308,secondNumber=1956}  written to file by thread pool-2-thread-3
 message  {Id=766d8adc-b4c2-4f78-8932-3bfd4d6d2616,FirstNumber=127,secondNumber=1702}  added by thread pool-2-thread-6
 message  {Id=1891ca91-1826-4ab7-9a4c-a97521251dfb,FirstNumber=648,secondNumber=1462}  added by thread pool-2-thread-6
 message  {Id=766d8adc-b4c2-4f78-8932-3bfd4d6d2616,FirstNumber=127,secondNumber=1702}  written to file by thread pool-2-thread-1
 message  {Id=1891ca91-1826-4ab7-9a4c-a97521251dfb,FirstNumber=648,secondNumber=1462}  written to file by thread pool-2-thread-5
 message  {Id=4af02d01-1ab4-46db-a75d-89d23a93b933,FirstNumber=686,secondNumber=708}  added by thread pool-2-thread-6
 message  {Id=4af02d01-1ab4-46db-a75d-89d23a93b933,FirstNumber=686,secondNumber=708}  written to file by thread pool-2-thread-4
 message  {Id=a4ccee76-d4bf-416e-8918-91e8c7d62646,FirstNumber=372,secondNumber=637}  added by thread pool-2-thread-6
 message  {Id=a4ccee76-d4bf-416e-8918-91e8c7d62646,FirstNumber=372,secondNumber=637}  written to file by thread pool-2-thread-2
 message  {Id=cdb5818d-2108-476b-ab5b-77157049c3d5,FirstNumber=326,secondNumber=670}  added by thread pool-2-thread-6
 message  {Id=cdb5818d-2108-476b-ab5b-77157049c3d5,FirstNumber=326,secondNumber=670}  written to file by thread pool-2-thread-3
 message  {Id=8f15e40e-b75b-44c8-958f-a0f18d766bc0,FirstNumber=321,secondNumber=1839}  added by thread pool-2-thread-6
 message  {Id=8b6296ee-e57e-4d59-86c2-c865a90ac5ce,FirstNumber=21,secondNumber=1509}  added by thread pool-2-thread-6
 message  {Id=8f15e40e-b75b-44c8-958f-a0f18d766bc0,FirstNumber=321,secondNumber=1839}  written to file by thread pool-2-thread-1
 message  {Id=8b6296ee-e57e-4d59-86c2-c865a90ac5ce,FirstNumber=21,secondNumber=1509}  written to file by thread pool-2-thread-5
 message  {Id=f089d71e-07f5-4bf5-85ce-cadec94ef043,FirstNumber=545,secondNumber=463}  added by thread pool-2-thread-6
 message  {Id=f089d71e-07f5-4bf5-85ce-cadec94ef043,FirstNumber=545,secondNumber=463}  written to file by thread pool-2-thread-4
 message  {Id=e539b997-9fbb-41c8-b9ee-9b15a973f928,FirstNumber=859,secondNumber=390}  added by thread pool-2-thread-6
 message  {Id=e539b997-9fbb-41c8-b9ee-9b15a973f928,FirstNumber=859,secondNumber=390}  written to file by thread pool-2-thread-2
 message  {Id=8f239aea-6077-4b37-9802-8f84463f4f16,FirstNumber=964,secondNumber=76}  added by thread pool-2-thread-6
 message  {Id=8f239aea-6077-4b37-9802-8f84463f4f16,FirstNumber=964,secondNumber=76}  written to file by thread pool-2-thread-3
 message  {Id=b5291e17-4ee0-4416-b123-30ba3715dba9,FirstNumber=704,secondNumber=1080}  added by thread pool-2-thread-6
 message  {Id=b5291e17-4ee0-4416-b123-30ba3715dba9,FirstNumber=704,secondNumber=1080}  written to file by thread pool-2-thread-1
 message  {Id=78ff7213-f3c6-40e6-bff0-2bbca4957688,FirstNumber=437,secondNumber=1612}  added by thread pool-2-thread-6
 message  {Id=78ff7213-f3c6-40e6-bff0-2bbca4957688,FirstNumber=437,secondNumber=1612}  written to file by thread pool-2-thread-5
 message  {Id=241b20dd-1b3a-4e75-959c-8b9c138d3946,FirstNumber=244,secondNumber=1287}  added by thread pool-2-thread-6
 message  {Id=622dbe7d-b4df-42ba-a45c-e71263a13b71,FirstNumber=699,secondNumber=1478}  added by thread pool-2-thread-6
 message  {Id=241b20dd-1b3a-4e75-959c-8b9c138d3946,FirstNumber=244,secondNumber=1287}  written to file by thread pool-2-thread-4
 message  {Id=622dbe7d-b4df-42ba-a45c-e71263a13b71,FirstNumber=699,secondNumber=1478}  written to file by thread pool-2-thread-2
 message  {Id=23b31232-e0e6-4f3f-afa3-bd518f7f3240,FirstNumber=189,secondNumber=158}  added by thread pool-2-thread-6
 message  {Id=23b31232-e0e6-4f3f-afa3-bd518f7f3240,FirstNumber=189,secondNumber=158}  written to file by thread pool-2-thread-3
 message  {Id=0143d9c9-9fc7-48f2-917a-ef7df402bec4,FirstNumber=421,secondNumber=1239}  added by thread pool-2-thread-6
 message  {Id=f53fb90e-d263-44ab-a950-a15876f2927a,FirstNumber=608,secondNumber=460}  added by thread pool-2-thread-6
 message  {Id=0143d9c9-9fc7-48f2-917a-ef7df402bec4,FirstNumber=421,secondNumber=1239}  written to file by thread pool-2-thread-1
 message  {Id=f53fb90e-d263-44ab-a950-a15876f2927a,FirstNumber=608,secondNumber=460}  written to file by thread pool-2-thread-5
 message  {Id=efa97672-94a9-4684-a90f-cd6dfa9a10dc,FirstNumber=183,secondNumber=712}  added by thread pool-2-thread-6
 message  {Id=6fbdb259-f948-46d4-b68b-bb2bda71d3a6,FirstNumber=990,secondNumber=890}  added by thread pool-2-thread-6
 message  {Id=efa97672-94a9-4684-a90f-cd6dfa9a10dc,FirstNumber=183,secondNumber=712}  written to file by thread pool-2-thread-4
 message  {Id=6fbdb259-f948-46d4-b68b-bb2bda71d3a6,FirstNumber=990,secondNumber=890}  written to file by thread pool-2-thread-2
 message  {Id=e7652a19-c727-4bca-a73d-a3b6d854b59c,FirstNumber=717,secondNumber=1247}  added by thread pool-2-thread-6
 message  {Id=b9764159-0011-4054-b06a-8a57a43fa186,FirstNumber=360,secondNumber=1040}  added by thread pool-2-thread-6
 message  {Id=e7652a19-c727-4bca-a73d-a3b6d854b59c,FirstNumber=717,secondNumber=1247}  written to file by thread pool-2-thread-3
 message  {Id=04c3fa6c-dcb6-498d-8ae1-53fa49ce9f39,FirstNumber=990,secondNumber=570}  added by thread pool-2-thread-6
 message  {Id=b9764159-0011-4054-b06a-8a57a43fa186,FirstNumber=360,secondNumber=1040}  written to file by thread pool-2-thread-1
 message  {Id=04c3fa6c-dcb6-498d-8ae1-53fa49ce9f39,FirstNumber=990,secondNumber=570}  written to file by thread pool-2-thread-5
 message  {Id=cddeda86-d1e6-4392-937f-a472fb7a8e80,FirstNumber=63,secondNumber=349}  added by thread pool-2-thread-6
 message  {Id=cddeda86-d1e6-4392-937f-a472fb7a8e80,FirstNumber=63,secondNumber=349}  written to file by thread pool-2-thread-4
 message  {Id=66b9943d-2373-4dae-8a60-6563f4045c1a,FirstNumber=887,secondNumber=1506}  added by thread pool-2-thread-6
 message  {Id=aa8269e8-1574-4f65-a4cc-693bf34572f7,FirstNumber=484,secondNumber=1069}  added by thread pool-2-thread-6
 message  {Id=66b9943d-2373-4dae-8a60-6563f4045c1a,FirstNumber=887,secondNumber=1506}  written to file by thread pool-2-thread-2
 message  {Id=786e752b-1cc0-4b29-9649-d7673e243d52,FirstNumber=201,secondNumber=767}  added by thread pool-2-thread-6
 message  {Id=aa8269e8-1574-4f65-a4cc-693bf34572f7,FirstNumber=484,secondNumber=1069}  written to file by thread pool-2-thread-3
 message  {Id=b2e5f7f7-5495-481a-84b7-53e632aacf22,FirstNumber=121,secondNumber=1111}  added by thread pool-2-thread-6
 message  {Id=786e752b-1cc0-4b29-9649-d7673e243d52,FirstNumber=201,secondNumber=767}  written to file by thread pool-2-thread-1
 message  {Id=b2e5f7f7-5495-481a-84b7-53e632aacf22,FirstNumber=121,secondNumber=1111}  written to file by thread pool-2-thread-5
 message  {Id=dfcae2dd-7016-47ff-9c12-9caa16358577,FirstNumber=542,secondNumber=1548}  added by thread pool-2-thread-6
 message  {Id=dfcae2dd-7016-47ff-9c12-9caa16358577,FirstNumber=542,secondNumber=1548}  written to file by thread pool-2-thread-4
 message  {Id=563a535a-aec7-4c9c-bdbf-bb6c857c4fc0,FirstNumber=474,secondNumber=1279}  added by thread pool-2-thread-6
 message  {Id=563a535a-aec7-4c9c-bdbf-bb6c857c4fc0,FirstNumber=474,secondNumber=1279}  written to file by thread pool-2-thread-2
 message  {Id=e02ff5bd-4c3d-49d4-896d-8873e789cca8,FirstNumber=73,secondNumber=1584}  added by thread pool-2-thread-6
 message  {Id=4a72a66b-20df-4abf-b836-9359aa15b859,FirstNumber=154,secondNumber=27}  added by thread pool-2-thread-6
 message  {Id=e02ff5bd-4c3d-49d4-896d-8873e789cca8,FirstNumber=73,secondNumber=1584}  written to file by thread pool-2-thread-3
 message  {Id=4a72a66b-20df-4abf-b836-9359aa15b859,FirstNumber=154,secondNumber=27}  written to file by thread pool-2-thread-1
 message  {Id=98b99e11-e121-4dee-9488-0ba0bde9b187,FirstNumber=406,secondNumber=799}  added by thread pool-2-thread-6
 message  {Id=98b99e11-e121-4dee-9488-0ba0bde9b187,FirstNumber=406,secondNumber=799}  written to file by thread pool-2-thread-5
 message  {Id=d4ba401f-56b8-4cbb-8f19-f37ce8f5da8e,FirstNumber=171,secondNumber=1179}  added by thread pool-2-thread-6
 message  {Id=d4ba401f-56b8-4cbb-8f19-f37ce8f5da8e,FirstNumber=171,secondNumber=1179}  written to file by thread pool-2-thread-4
 message  {Id=11abc6ce-5547-43e8-b49b-82f28cd05ac1,FirstNumber=804,secondNumber=109}  added by thread pool-2-thread-6
 message  {Id=dc6c8b8a-b7e3-412d-8d25-cc61c5a9e325,FirstNumber=284,secondNumber=426}  added by thread pool-2-thread-6
 message  {Id=11abc6ce-5547-43e8-b49b-82f28cd05ac1,FirstNumber=804,secondNumber=109}  written to file by thread pool-2-thread-2
 message  {Id=9e08042d-8fce-48cd-894c-94d48bf2a00b,FirstNumber=833,secondNumber=1219}  added by thread pool-2-thread-6
 message  {Id=dc6c8b8a-b7e3-412d-8d25-cc61c5a9e325,FirstNumber=284,secondNumber=426}  written to file by thread pool-2-thread-3
 message  {Id=fd18287f-6091-4ff2-bedc-f53009787858,FirstNumber=960,secondNumber=337}  added by thread pool-2-thread-6
 message  {Id=9e08042d-8fce-48cd-894c-94d48bf2a00b,FirstNumber=833,secondNumber=1219}  written to file by thread pool-2-thread-1
 message  {Id=fd18287f-6091-4ff2-bedc-f53009787858,FirstNumber=960,secondNumber=337}  written to file by thread pool-2-thread-5
 message  {Id=9453335a-e563-4826-9420-8218d627b4e3,FirstNumber=197,secondNumber=624}  added by thread pool-2-thread-6
 message  {Id=90f4e3fb-f22d-4340-8bfe-8d5cdbab0362,FirstNumber=312,secondNumber=948}  added by thread pool-2-thread-6
 message  {Id=9453335a-e563-4826-9420-8218d627b4e3,FirstNumber=197,secondNumber=624}  written to file by thread pool-2-thread-4
 message  {Id=90f4e3fb-f22d-4340-8bfe-8d5cdbab0362,FirstNumber=312,secondNumber=948}  written to file by thread pool-2-thread-2
 message  {Id=b6efa4ca-df67-4dda-a3bf-62bc44efff3b,FirstNumber=414,secondNumber=1086}  added by thread pool-2-thread-6
 message  {Id=b6efa4ca-df67-4dda-a3bf-62bc44efff3b,FirstNumber=414,secondNumber=1086}  written to file by thread pool-2-thread-3
 message  {Id=7d3a14ac-d6c8-4e0e-9222-ca16bd8bd35b,FirstNumber=265,secondNumber=265}  added by thread pool-2-thread-6
 message  {Id=78052a96-395d-4adf-9adb-df3402a2b48b,FirstNumber=407,secondNumber=1241}  added by thread pool-2-thread-6
 message  {Id=7d3a14ac-d6c8-4e0e-9222-ca16bd8bd35b,FirstNumber=265,secondNumber=265}  written to file by thread pool-2-thread-1
 message  {Id=78052a96-395d-4adf-9adb-df3402a2b48b,FirstNumber=407,secondNumber=1241}  written to file by thread pool-2-thread-5
 message  {Id=e541e016-a5ac-4a66-8ac1-9adee12ebeed,FirstNumber=177,secondNumber=955}  added by thread pool-2-thread-6
 message  {Id=e541e016-a5ac-4a66-8ac1-9adee12ebeed,FirstNumber=177,secondNumber=955}  written to file by thread pool-2-thread-4
 message  {Id=7ed13cc8-3d1b-4d88-be96-6c70a6f40a4e,FirstNumber=85,secondNumber=345}  added by thread pool-2-thread-6
 message  {Id=a9f9fc33-726d-42f8-aa9a-ff5eada64302,FirstNumber=546,secondNumber=70}  added by thread pool-2-thread-6
 message  {Id=7ed13cc8-3d1b-4d88-be96-6c70a6f40a4e,FirstNumber=85,secondNumber=345}  written to file by thread pool-2-thread-2
 message  {Id=29dd9fc8-c2c3-4a47-87d4-5b500981a9a6,FirstNumber=666,secondNumber=153}  added by thread pool-2-thread-6
 message  {Id=a9f9fc33-726d-42f8-aa9a-ff5eada64302,FirstNumber=546,secondNumber=70}  written to file by thread pool-2-thread-3
 message  {Id=4f3a2516-e95f-4040-8b2f-d9c211018f99,FirstNumber=514,secondNumber=378}  added by thread pool-2-thread-6
 message  {Id=29dd9fc8-c2c3-4a47-87d4-5b500981a9a6,FirstNumber=666,secondNumber=153}  written to file by thread pool-2-thread-1
 message  {Id=4f3a2516-e95f-4040-8b2f-d9c211018f99,FirstNumber=514,secondNumber=378}  written to file by thread pool-2-thread-5
 message  {Id=c541dd73-9776-42df-82aa-fed05caf8bbd,FirstNumber=398,secondNumber=357}  added by thread pool-2-thread-6
 message  {Id=f951c7bc-5e35-45a6-a1ee-890900a3026b,FirstNumber=895,secondNumber=272}  added by thread pool-2-thread-6
 message  {Id=c541dd73-9776-42df-82aa-fed05caf8bbd,FirstNumber=398,secondNumber=357}  written to file by thread pool-2-thread-4
 message  {Id=4251072c-930c-4b56-8b0b-188e68109da7,FirstNumber=691,secondNumber=485}  added by thread pool-2-thread-6
 message  {Id=f951c7bc-5e35-45a6-a1ee-890900a3026b,FirstNumber=895,secondNumber=272}  written to file by thread pool-2-thread-2
 message  {Id=2d3b2831-2a95-402b-a776-a454deb3e345,FirstNumber=966,secondNumber=861}  added by thread pool-2-thread-6
 message  {Id=4251072c-930c-4b56-8b0b-188e68109da7,FirstNumber=691,secondNumber=485}  written to file by thread pool-2-thread-3
 message  {Id=39f0a104-80c4-4764-a21e-635ce6194a02,FirstNumber=562,secondNumber=1126}  added by thread pool-2-thread-6
 message  {Id=2d3b2831-2a95-402b-a776-a454deb3e345,FirstNumber=966,secondNumber=861}  written to file by thread pool-2-thread-1
 message  {Id=39f0a104-80c4-4764-a21e-635ce6194a02,FirstNumber=562,secondNumber=1126}  written to file by thread pool-2-thread-5
 message  {Id=4d941a2a-bac9-44d6-8c27-71a737a94b9b,FirstNumber=204,secondNumber=1900}  added by thread pool-2-thread-6
 message  {Id=4d941a2a-bac9-44d6-8c27-71a737a94b9b,FirstNumber=204,secondNumber=1900}  written to file by thread pool-2-thread-4
 message  {Id=0c64b0c9-b625-4fdb-90bf-607f48cdeeb1,FirstNumber=554,secondNumber=1936}  added by thread pool-2-thread-6
 message  {Id=829c52f6-9c68-4348-aca7-cefb0d7a93e0,FirstNumber=894,secondNumber=468}  added by thread pool-2-thread-6
 message  {Id=0c64b0c9-b625-4fdb-90bf-607f48cdeeb1,FirstNumber=554,secondNumber=1936}  written to file by thread pool-2-thread-2
 message  {Id=4fb63ec3-6986-47a7-b5c8-92be0b5c85ec,FirstNumber=741,secondNumber=337}  added by thread pool-2-thread-6
 message  {Id=829c52f6-9c68-4348-aca7-cefb0d7a93e0,FirstNumber=894,secondNumber=468}  written to file by thread pool-2-thread-3
 message  {Id=a6bd9dd3-fe88-4722-90fb-098b9c9bbc94,FirstNumber=606,secondNumber=811}  added by thread pool-2-thread-6
 message  {Id=4fb63ec3-6986-47a7-b5c8-92be0b5c85ec,FirstNumber=741,secondNumber=337}  written to file by thread pool-2-thread-1
 message  {Id=a6bd9dd3-fe88-4722-90fb-098b9c9bbc94,FirstNumber=606,secondNumber=811}  written to file by thread pool-2-thread-5
 message  {Id=42d01722-d2cc-473f-b2f6-e5fa04a142fa,FirstNumber=560,secondNumber=1622}  added by thread pool-2-thread-6
 message  {Id=9a870014-b686-4fa3-8a90-ec049d626fd2,FirstNumber=688,secondNumber=592}  added by thread pool-2-thread-6
 message  {Id=42d01722-d2cc-473f-b2f6-e5fa04a142fa,FirstNumber=560,secondNumber=1622}  written to file by thread pool-2-thread-1
 message  {Id=73f0a9a3-e294-4bd6-95e2-89281a115f3d,FirstNumber=543,secondNumber=1564}  added by thread pool-2-thread-6
 message  {Id=9a870014-b686-4fa3-8a90-ec049d626fd2,FirstNumber=688,secondNumber=592}  written to file by thread pool-2-thread-4
 message  {Id=73f0a9a3-e294-4bd6-95e2-89281a115f3d,FirstNumber=543,secondNumber=1564}  written to file by thread pool-2-thread-3
 message  {Id=73c9c929-a34c-4f6d-975a-e337598e3564,FirstNumber=181,secondNumber=1803}  added by thread pool-2-thread-6
 message  {Id=20589e2d-4bed-4bbb-815f-78cf43c09596,FirstNumber=519,secondNumber=795}  added by thread pool-2-thread-6
 message  {Id=73c9c929-a34c-4f6d-975a-e337598e3564,FirstNumber=181,secondNumber=1803}  written to file by thread pool-2-thread-4
 message  {Id=50b623ff-5016-40ff-9790-33b55bb2f2a2,FirstNumber=311,secondNumber=1277}  added by thread pool-2-thread-6
 message  {Id=20589e2d-4bed-4bbb-815f-78cf43c09596,FirstNumber=519,secondNumber=795}  written to file by thread pool-2-thread-4
 message  {Id=ca61cbf2-27a2-4886-920c-75473ff0bf50,FirstNumber=364,secondNumber=1461}  added by thread pool-2-thread-6
 message  {Id=82bdc242-fc39-4394-9e21-eea86f2cc131,FirstNumber=856,secondNumber=1317}  added by thread pool-2-thread-6
 message  {Id=50b623ff-5016-40ff-9790-33b55bb2f2a2,FirstNumber=311,secondNumber=1277}  written to file by thread pool-2-thread-4
 message  {Id=6aab8b64-0f4b-4a5b-b011-56de3e6e0df0,FirstNumber=722,secondNumber=1335}  added by thread pool-2-thread-6
 message  {Id=bd8daecd-c0a3-466c-812b-f98c09179947,FirstNumber=65,secondNumber=1876}  added by thread pool-2-thread-6
 message  {Id=ca61cbf2-27a2-4886-920c-75473ff0bf50,FirstNumber=364,secondNumber=1461}  written to file by thread pool-2-thread-4
 Total messages 100 generation time 18.249722 rate 5.479536
 message  {Id=82bdc242-fc39-4394-9e21-eea86f2cc131,FirstNumber=856,secondNumber=1317}  written to file by thread pool-2-thread-4
 message  {Id=6aab8b64-0f4b-4a5b-b011-56de3e6e0df0,FirstNumber=722,secondNumber=1335}  written to file by thread pool-2-thread-5
 message  {Id=bd8daecd-c0a3-466c-812b-f98c09179947,FirstNumber=65,secondNumber=1876}  written to file by thread pool-2-thread-2
[Ljava.lang.String;@3aacbf34
Starting Consumer threads
Started consumer pool-3-thread-1
Started consumer pool-3-thread-2
Started consumer pool-3-thread-3
Started consumer pool-3-thread-4
Starting Producer thread
Started consumer pool-3-thread-5
Started producer pool-3-thread-6
 message  {Id=97b3b320-0f34-4915-ba55-4d723ba9fff6,FirstNumber=626,secondNumber=731}  added by thread pool-3-thread-6
 message  {Id=97b3b320-0f34-4915-ba55-4d723ba9fff6,FirstNumber=626,secondNumber=731}  written to file by thread pool-3-thread-1
 message  {Id=1f76d9e6-0f6a-40de-8cd9-736298c663d2,FirstNumber=460,secondNumber=961}  added by thread pool-3-thread-6
 message  {Id=1f76d9e6-0f6a-40de-8cd9-736298c663d2,FirstNumber=460,secondNumber=961}  written to file by thread pool-3-thread-2
 message  {Id=d8746c86-5bfb-4aea-b928-cf2586228e9b,FirstNumber=377,secondNumber=461}  added by thread pool-3-thread-6
 message  {Id=d8746c86-5bfb-4aea-b928-cf2586228e9b,FirstNumber=377,secondNumber=461}  written to file by thread pool-3-thread-3
 message  {Id=c9cc4960-55d2-4d2b-b642-e163a1dbdff0,FirstNumber=672,secondNumber=332}  added by thread pool-3-thread-6
 message  {Id=c9cc4960-55d2-4d2b-b642-e163a1dbdff0,FirstNumber=672,secondNumber=332}  written to file by thread pool-3-thread-4
 message  {Id=648d3e91-77a8-4836-b6ce-e61736f48daa,FirstNumber=856,secondNumber=779}  added by thread pool-3-thread-6
 message  {Id=648d3e91-77a8-4836-b6ce-e61736f48daa,FirstNumber=856,secondNumber=779}  written to file by thread pool-3-thread-5
 message  {Id=b733e61e-ace9-45e7-b87c-9e6546c71fdb,FirstNumber=849,secondNumber=736}  added by thread pool-3-thread-6
 message  {Id=b733e61e-ace9-45e7-b87c-9e6546c71fdb,FirstNumber=849,secondNumber=736}  written to file by thread pool-3-thread-1
 message  {Id=54a93ba2-04ba-4738-86a7-97969983a63c,FirstNumber=640,secondNumber=131}  added by thread pool-3-thread-6
 message  {Id=54a93ba2-04ba-4738-86a7-97969983a63c,FirstNumber=640,secondNumber=131}  written to file by thread pool-3-thread-2
 message  {Id=9e606ffa-c446-4180-8871-cc429189a084,FirstNumber=46,secondNumber=1894}  added by thread pool-3-thread-6
 message  {Id=9e606ffa-c446-4180-8871-cc429189a084,FirstNumber=46,secondNumber=1894}  written to file by thread pool-3-thread-3
 message  {Id=b46f2292-01be-4ed5-9ead-06a455c7f4f8,FirstNumber=936,secondNumber=1817}  added by thread pool-3-thread-6
 message  {Id=b46f2292-01be-4ed5-9ead-06a455c7f4f8,FirstNumber=936,secondNumber=1817}  written to file by thread pool-3-thread-4
 message  {Id=3d7ed992-609a-4f47-b183-4d8d0aa7f7ae,FirstNumber=968,secondNumber=693}  added by thread pool-3-thread-6
 message  {Id=3d7ed992-609a-4f47-b183-4d8d0aa7f7ae,FirstNumber=968,secondNumber=693}  written to file by thread pool-3-thread-5
 message  {Id=4c0bc0f8-ef4b-4f58-91b3-03cd8118dffb,FirstNumber=900,secondNumber=619}  added by thread pool-3-thread-6
 message  {Id=4c0bc0f8-ef4b-4f58-91b3-03cd8118dffb,FirstNumber=900,secondNumber=619}  written to file by thread pool-3-thread-1
 message  {Id=bc2d25a8-b39e-4e1a-8a21-461767a741d2,FirstNumber=727,secondNumber=1822}  added by thread pool-3-thread-6
 message processing time 28.075722 for thread pool-2-thread-1
 message  {Id=bc2d25a8-b39e-4e1a-8a21-461767a741d2,FirstNumber=727,secondNumber=1822}  written to file by thread pool-3-thread-2
 message  {Id=33a9580d-a437-41c7-95b5-895242f1ff87,FirstNumber=151,secondNumber=1177}  written to file by thread pool-3-thread-3
 message processing time 27.875192 for thread pool-2-thread-3
 message  {Id=33a9580d-a437-41c7-95b5-895242f1ff87,FirstNumber=151,secondNumber=1177}  added by thread pool-3-thread-6
 message  {Id=6770be7a-2708-49c3-ab06-9473107290be,FirstNumber=937,secondNumber=1597}  added by thread pool-3-thread-6
 message  {Id=6770be7a-2708-49c3-ab06-9473107290be,FirstNumber=937,secondNumber=1597}  written to file by thread pool-3-thread-4
 message  {Id=4280e154-18a1-46cd-bc9d-ddc14ed8bee3,FirstNumber=888,secondNumber=1698}  added by thread pool-3-thread-6
 message  {Id=4280e154-18a1-46cd-bc9d-ddc14ed8bee3,FirstNumber=888,secondNumber=1698}  written to file by thread pool-3-thread-5
 message  {Id=77c439cf-4e70-4f21-a2d6-37253154f041,FirstNumber=814,secondNumber=1251}  added by thread pool-3-thread-6
 message  {Id=77c439cf-4e70-4f21-a2d6-37253154f041,FirstNumber=814,secondNumber=1251}  written to file by thread pool-3-thread-1
 message  {Id=19f37a07-658a-4853-bb62-761d9e43923e,FirstNumber=296,secondNumber=1409}  added by thread pool-3-thread-6
 message  {Id=19f37a07-658a-4853-bb62-761d9e43923e,FirstNumber=296,secondNumber=1409}  written to file by thread pool-3-thread-2
 message  {Id=56975228-43f3-4057-9c32-70cb421ca642,FirstNumber=890,secondNumber=905}  written to file by thread pool-3-thread-3
 message  {Id=56975228-43f3-4057-9c32-70cb421ca642,FirstNumber=890,secondNumber=905}  added by thread pool-3-thread-6
 message processing time 28.909517 for thread pool-2-thread-4
 message  {Id=0c1ac409-2309-405c-8be4-b05750f0c21c,FirstNumber=551,secondNumber=1992}  added by thread pool-3-thread-6
 message processing time 28.960970 for thread pool-2-thread-5
 message  {Id=c470cbc6-5021-468a-a7d6-c901976ec295,FirstNumber=314,secondNumber=575}  added by thread pool-3-thread-6
 message  {Id=0c1ac409-2309-405c-8be4-b05750f0c21c,FirstNumber=551,secondNumber=1992}  written to file by thread pool-3-thread-4
 message processing time 29.691973 for thread pool-2-thread-2
 message  {Id=c470cbc6-5021-468a-a7d6-c901976ec295,FirstNumber=314,secondNumber=575}  written to file by thread pool-3-thread-5
 message  {Id=df857768-2595-4cbf-af4e-eecd64c392f8,FirstNumber=565,secondNumber=1116}  added by thread pool-3-thread-6
 message  {Id=df857768-2595-4cbf-af4e-eecd64c392f8,FirstNumber=565,secondNumber=1116}  written to file by thread pool-3-thread-1
 message  {Id=f9175940-2bb9-45de-91d2-ec4ed93eb606,FirstNumber=899,secondNumber=1789}  added by thread pool-3-thread-6
 message  {Id=f9175940-2bb9-45de-91d2-ec4ed93eb606,FirstNumber=899,secondNumber=1789}  written to file by thread pool-3-thread-2
 message  {Id=0f6cbd8b-4176-4173-938d-1ce3988fbeea,FirstNumber=140,secondNumber=1871}  added by thread pool-3-thread-6
 message  {Id=0f6cbd8b-4176-4173-938d-1ce3988fbeea,FirstNumber=140,secondNumber=1871}  written to file by thread pool-3-thread-3
 message  {Id=78cbf5bc-7b19-4b29-b9be-f06f703a136d,FirstNumber=602,secondNumber=40}  added by thread pool-3-thread-6
 message  {Id=78cbf5bc-7b19-4b29-b9be-f06f703a136d,FirstNumber=602,secondNumber=40}  written to file by thread pool-3-thread-4
 message  {Id=13c2d628-8664-4cd0-b25d-2d70b80f4c3c,FirstNumber=941,secondNumber=445}  added by thread pool-3-thread-6
 message  {Id=4e73f4e7-348e-4ba7-83d6-2f8452fe9eed,FirstNumber=642,secondNumber=1364}  added by thread pool-3-thread-6
 message  {Id=13c2d628-8664-4cd0-b25d-2d70b80f4c3c,FirstNumber=941,secondNumber=445}  written to file by thread pool-3-thread-5
 message  {Id=4e73f4e7-348e-4ba7-83d6-2f8452fe9eed,FirstNumber=642,secondNumber=1364}  written to file by thread pool-3-thread-1
 message  {Id=7e66e621-1dd3-486c-98ac-770c5b32fa3c,FirstNumber=382,secondNumber=1196}  added by thread pool-3-thread-6
 message  {Id=7e66e621-1dd3-486c-98ac-770c5b32fa3c,FirstNumber=382,secondNumber=1196}  written to file by thread pool-3-thread-2
 message  {Id=c7cabcab-4012-4a81-be18-ef291dbe5932,FirstNumber=503,secondNumber=822}  added by thread pool-3-thread-6
 message  {Id=c7cabcab-4012-4a81-be18-ef291dbe5932,FirstNumber=503,secondNumber=822}  written to file by thread pool-3-thread-3
 message  {Id=071e7793-4460-4b1b-80ad-e15056e719f1,FirstNumber=335,secondNumber=771}  added by thread pool-3-thread-6
 message  {Id=071e7793-4460-4b1b-80ad-e15056e719f1,FirstNumber=335,secondNumber=771}  written to file by thread pool-3-thread-4
 message  {Id=a70fe3a1-0f0a-4958-bf3d-8374c031947e,FirstNumber=825,secondNumber=1326}  added by thread pool-3-thread-6
 message  {Id=1dd55c20-a437-4ef5-a0df-bdeb8cc7ec5d,FirstNumber=242,secondNumber=829}  added by thread pool-3-thread-6
 message  {Id=a70fe3a1-0f0a-4958-bf3d-8374c031947e,FirstNumber=825,secondNumber=1326}  written to file by thread pool-3-thread-5
 message  {Id=e30d9799-dcf8-4f82-a525-8c827854b68e,FirstNumber=0,secondNumber=66}  written to file by thread pool-3-thread-2
 message  {Id=1dd55c20-a437-4ef5-a0df-bdeb8cc7ec5d,FirstNumber=242,secondNumber=829}  written to file by thread pool-3-thread-1
 message  {Id=e30d9799-dcf8-4f82-a525-8c827854b68e,FirstNumber=0,secondNumber=66}  added by thread pool-3-thread-6
 message  {Id=30154106-b0a4-4bdc-aa1a-cc69e91bfa37,FirstNumber=67,secondNumber=303}  added by thread pool-3-thread-6
 message  {Id=04b538d2-c48a-46f4-83b0-451546b77a6e,FirstNumber=691,secondNumber=191}  added by thread pool-3-thread-6
 message  {Id=30154106-b0a4-4bdc-aa1a-cc69e91bfa37,FirstNumber=67,secondNumber=303}  written to file by thread pool-3-thread-3
 message  {Id=04b538d2-c48a-46f4-83b0-451546b77a6e,FirstNumber=691,secondNumber=191}  written to file by thread pool-3-thread-4
 message  {Id=b21a704c-7b5b-4595-bffb-67c01fee443a,FirstNumber=78,secondNumber=1301}  added by thread pool-3-thread-6
 message  {Id=a3ab194e-c103-49f4-8f43-06a9f70cd0da,FirstNumber=600,secondNumber=1632}  added by thread pool-3-thread-6
 message  {Id=b21a704c-7b5b-4595-bffb-67c01fee443a,FirstNumber=78,secondNumber=1301}  written to file by thread pool-3-thread-4
 message  {Id=2b4958af-63fd-4a89-859c-e1eec9bf1c17,FirstNumber=137,secondNumber=781}  added by thread pool-3-thread-6
 message  {Id=a3ab194e-c103-49f4-8f43-06a9f70cd0da,FirstNumber=600,secondNumber=1632}  written to file by thread pool-3-thread-4
 message  {Id=bedd1848-11c0-4b8e-bdb6-a1b8baa4b992,FirstNumber=454,secondNumber=687}  added by thread pool-3-thread-6
 message  {Id=2b4958af-63fd-4a89-859c-e1eec9bf1c17,FirstNumber=137,secondNumber=781}  written to file by thread pool-3-thread-4
 message  {Id=32f42a49-db52-4d2f-9c22-f71e782aac75,FirstNumber=277,secondNumber=682}  added by thread pool-3-thread-6
 message  {Id=bedd1848-11c0-4b8e-bdb6-a1b8baa4b992,FirstNumber=454,secondNumber=687}  written to file by thread pool-3-thread-4
 message  {Id=f9a6e7ee-8d25-4924-a30e-a88b43497311,FirstNumber=689,secondNumber=1568}  added by thread pool-3-thread-6
 message  {Id=32f42a49-db52-4d2f-9c22-f71e782aac75,FirstNumber=277,secondNumber=682}  written to file by thread pool-3-thread-4
 message  {Id=31ff34ba-c9ff-4565-b266-8ba8bade41f8,FirstNumber=194,secondNumber=1835}  added by thread pool-3-thread-6
 message  {Id=31ff34ba-c9ff-4565-b266-8ba8bade41f8,FirstNumber=194,secondNumber=1835}  written to file by thread pool-3-thread-4
 message  {Id=f9a6e7ee-8d25-4924-a30e-a88b43497311,FirstNumber=689,secondNumber=1568}  written to file by thread pool-3-thread-5
 message  {Id=35e8eaad-e984-42aa-a573-23a070c8f33b,FirstNumber=671,secondNumber=1251}  written to file by thread pool-3-thread-2
 message  {Id=35e8eaad-e984-42aa-a573-23a070c8f33b,FirstNumber=671,secondNumber=1251}  added by thread pool-3-thread-6
 message  {Id=e471fbe2-ee3c-463a-953c-8197d446ff38,FirstNumber=483,secondNumber=1357}  added by thread pool-3-thread-6
 message  {Id=e471fbe2-ee3c-463a-953c-8197d446ff38,FirstNumber=483,secondNumber=1357}  written to file by thread pool-3-thread-1
 message  {Id=d310b3ac-40e3-4e17-97a8-9ffbf0b386e5,FirstNumber=564,secondNumber=1934}  added by thread pool-3-thread-6
 message  {Id=d310b3ac-40e3-4e17-97a8-9ffbf0b386e5,FirstNumber=564,secondNumber=1934}  written to file by thread pool-3-thread-3
 message  {Id=9280654a-39aa-4bfb-971f-bdebf327a8f4,FirstNumber=144,secondNumber=430}  added by thread pool-3-thread-6
 message  {Id=9280654a-39aa-4bfb-971f-bdebf327a8f4,FirstNumber=144,secondNumber=430}  written to file by thread pool-3-thread-4
 message  {Id=f9d00783-70bb-4073-96f1-f75dbe80506e,FirstNumber=850,secondNumber=599}  added by thread pool-3-thread-6
 message  {Id=47acc290-cd59-466b-9117-855b60cd1371,FirstNumber=860,secondNumber=53}  added by thread pool-3-thread-6
 message  {Id=f9d00783-70bb-4073-96f1-f75dbe80506e,FirstNumber=850,secondNumber=599}  written to file by thread pool-3-thread-5
 message  {Id=47acc290-cd59-466b-9117-855b60cd1371,FirstNumber=860,secondNumber=53}  written to file by thread pool-3-thread-2
 message  {Id=79cb541e-58d2-4ae6-980e-a8e1b9179aae,FirstNumber=172,secondNumber=1230}  added by thread pool-3-thread-6
 message  {Id=79cb541e-58d2-4ae6-980e-a8e1b9179aae,FirstNumber=172,secondNumber=1230}  written to file by thread pool-3-thread-1
 message  {Id=9c117c1d-c5b2-45b9-9464-f86cf686fc86,FirstNumber=763,secondNumber=217}  added by thread pool-3-thread-6
 message  {Id=d350c684-3b70-456f-990b-be354c8dd3b7,FirstNumber=441,secondNumber=1128}  added by thread pool-3-thread-6
 message  {Id=9c117c1d-c5b2-45b9-9464-f86cf686fc86,FirstNumber=763,secondNumber=217}  written to file by thread pool-3-thread-3
 message  {Id=d350c684-3b70-456f-990b-be354c8dd3b7,FirstNumber=441,secondNumber=1128}  written to file by thread pool-3-thread-4
 message  {Id=678b89eb-35ef-4638-a32d-9cb0c022bbe8,FirstNumber=284,secondNumber=926}  added by thread pool-3-thread-6
 message  {Id=678b89eb-35ef-4638-a32d-9cb0c022bbe8,FirstNumber=284,secondNumber=926}  written to file by thread pool-3-thread-5
 message  {Id=39228352-c3d5-4712-8157-f0f491afa422,FirstNumber=858,secondNumber=1140}  added by thread pool-3-thread-6
 message  {Id=39228352-c3d5-4712-8157-f0f491afa422,FirstNumber=858,secondNumber=1140}  written to file by thread pool-3-thread-2
 message  {Id=c0f6c18c-1eb7-487b-a425-af746e81f00c,FirstNumber=626,secondNumber=1439}  added by thread pool-3-thread-6
 message  {Id=c0f6c18c-1eb7-487b-a425-af746e81f00c,FirstNumber=626,secondNumber=1439}  written to file by thread pool-3-thread-1
 message  {Id=7f97c087-6604-4a22-b841-0af6689bd91e,FirstNumber=750,secondNumber=1302}  added by thread pool-3-thread-6
 message  {Id=4e267e8c-9f79-4acf-beae-4bdd34cb8ad5,FirstNumber=787,secondNumber=102}  added by thread pool-3-thread-6
 message  {Id=7f97c087-6604-4a22-b841-0af6689bd91e,FirstNumber=750,secondNumber=1302}  written to file by thread pool-3-thread-3
 message  {Id=4e267e8c-9f79-4acf-beae-4bdd34cb8ad5,FirstNumber=787,secondNumber=102}  written to file by thread pool-3-thread-4
 message  {Id=eada079f-7477-4578-94eb-f82e8889a529,FirstNumber=999,secondNumber=377}  added by thread pool-3-thread-6
 message  {Id=aaad97a4-5899-440b-ac8e-7d0d6f811025,FirstNumber=735,secondNumber=817}  added by thread pool-3-thread-6
 message  {Id=eada079f-7477-4578-94eb-f82e8889a529,FirstNumber=999,secondNumber=377}  written to file by thread pool-3-thread-5
 message  {Id=aaad97a4-5899-440b-ac8e-7d0d6f811025,FirstNumber=735,secondNumber=817}  written to file by thread pool-3-thread-2
 message  {Id=51907957-872d-4b18-9a5f-037b6abf032a,FirstNumber=969,secondNumber=324}  added by thread pool-3-thread-6
 message  {Id=51907957-872d-4b18-9a5f-037b6abf032a,FirstNumber=969,secondNumber=324}  written to file by thread pool-3-thread-1
 message  {Id=c7e2c859-d564-4459-b07e-dea7022a7504,FirstNumber=544,secondNumber=359}  added by thread pool-3-thread-6
 message  {Id=a2a2d0e0-0962-4710-8420-a0001bd2b4c4,FirstNumber=762,secondNumber=1785}  added by thread pool-3-thread-6
 message  {Id=c7e2c859-d564-4459-b07e-dea7022a7504,FirstNumber=544,secondNumber=359}  written to file by thread pool-3-thread-3
 message  {Id=a2a2d0e0-0962-4710-8420-a0001bd2b4c4,FirstNumber=762,secondNumber=1785}  written to file by thread pool-3-thread-4
 message  {Id=006e3eb1-64e2-4a5e-836b-b363a37bcd40,FirstNumber=42,secondNumber=1337}  added by thread pool-3-thread-6
 message  {Id=96152729-e510-442b-978d-2200a69d2319,FirstNumber=663,secondNumber=748}  added by thread pool-3-thread-6
 message  {Id=006e3eb1-64e2-4a5e-836b-b363a37bcd40,FirstNumber=42,secondNumber=1337}  written to file by thread pool-3-thread-5
 message  {Id=96152729-e510-442b-978d-2200a69d2319,FirstNumber=663,secondNumber=748}  written to file by thread pool-3-thread-2
 message  {Id=6af82e99-4ab4-4a8a-bda6-dfd912761c1d,FirstNumber=884,secondNumber=1628}  added by thread pool-3-thread-6
 message  {Id=6af82e99-4ab4-4a8a-bda6-dfd912761c1d,FirstNumber=884,secondNumber=1628}  written to file by thread pool-3-thread-1
 message  {Id=e446f92d-e731-46d1-a1aa-1e2a0973866c,FirstNumber=620,secondNumber=1393}  added by thread pool-3-thread-6
 message  {Id=e446f92d-e731-46d1-a1aa-1e2a0973866c,FirstNumber=620,secondNumber=1393}  written to file by thread pool-3-thread-3
 message  {Id=9b869390-dde4-4c61-97cb-194942b76c76,FirstNumber=252,secondNumber=528}  added by thread pool-3-thread-6
 message  {Id=9b869390-dde4-4c61-97cb-194942b76c76,FirstNumber=252,secondNumber=528}  written to file by thread pool-3-thread-4
 message  {Id=8f41e789-727d-4e9d-80ee-a6b4d0738109,FirstNumber=467,secondNumber=1654}  added by thread pool-3-thread-6
 message  {Id=bf052c97-b7bc-4fcc-924e-2f247097ed45,FirstNumber=514,secondNumber=1138}  added by thread pool-3-thread-6
 message  {Id=8f41e789-727d-4e9d-80ee-a6b4d0738109,FirstNumber=467,secondNumber=1654}  written to file by thread pool-3-thread-5
 message  {Id=bf052c97-b7bc-4fcc-924e-2f247097ed45,FirstNumber=514,secondNumber=1138}  written to file by thread pool-3-thread-2
 message  {Id=678dbd89-4c93-4e57-9e38-df38fffd92bd,FirstNumber=661,secondNumber=567}  added by thread pool-3-thread-6
 message  {Id=678dbd89-4c93-4e57-9e38-df38fffd92bd,FirstNumber=661,secondNumber=567}  written to file by thread pool-3-thread-1
 message  {Id=1092d111-538f-4ec2-8cc3-e9b5370f6991,FirstNumber=835,secondNumber=1220}  added by thread pool-3-thread-6
 message  {Id=541c96ce-70a7-4be2-92ad-451bafef0df5,FirstNumber=738,secondNumber=1155}  added by thread pool-3-thread-6
 message  {Id=1092d111-538f-4ec2-8cc3-e9b5370f6991,FirstNumber=835,secondNumber=1220}  written to file by thread pool-3-thread-3
 message  {Id=2626b4ac-9340-4547-b5e6-2e1e4635250c,FirstNumber=72,secondNumber=1917}  added by thread pool-3-thread-6
 message  {Id=541c96ce-70a7-4be2-92ad-451bafef0df5,FirstNumber=738,secondNumber=1155}  written to file by thread pool-3-thread-4
 message  {Id=2626b4ac-9340-4547-b5e6-2e1e4635250c,FirstNumber=72,secondNumber=1917}  written to file by thread pool-3-thread-3
 message  {Id=b0b27434-6981-4f55-8f60-87ad7fb21a74,FirstNumber=110,secondNumber=834}  added by thread pool-3-thread-6
 message  {Id=b0b27434-6981-4f55-8f60-87ad7fb21a74,FirstNumber=110,secondNumber=834}  written to file by thread pool-3-thread-2
 message  {Id=ab249233-b145-423c-ace1-d7cb5b48fe31,FirstNumber=760,secondNumber=17}  written to file by thread pool-3-thread-1
 message  {Id=ab249233-b145-423c-ace1-d7cb5b48fe31,FirstNumber=760,secondNumber=17}  added by thread pool-3-thread-6
 message  {Id=b54f98b3-49af-48da-afc4-a9ee12c714f3,FirstNumber=870,secondNumber=1314}  added by thread pool-3-thread-6
 message  {Id=1f662711-7b41-49dc-b711-9a08de5199b6,FirstNumber=175,secondNumber=520}  added by thread pool-3-thread-6
 message  {Id=b54f98b3-49af-48da-afc4-a9ee12c714f3,FirstNumber=870,secondNumber=1314}  written to file by thread pool-3-thread-5
 message  {Id=1f662711-7b41-49dc-b711-9a08de5199b6,FirstNumber=175,secondNumber=520}  written to file by thread pool-3-thread-4
 message  {Id=814072b9-6688-4067-b967-895a5f14b215,FirstNumber=255,secondNumber=1617}  added by thread pool-3-thread-6
 message  {Id=814072b9-6688-4067-b967-895a5f14b215,FirstNumber=255,secondNumber=1617}  written to file by thread pool-3-thread-5
 message  {Id=18672dc5-e04f-4de6-86ef-7eaa30b21c5b,FirstNumber=588,secondNumber=1968}  added by thread pool-3-thread-6
 message  {Id=18672dc5-e04f-4de6-86ef-7eaa30b21c5b,FirstNumber=588,secondNumber=1968}  written to file by thread pool-3-thread-2
 message  {Id=5a0cda55-fdf4-484f-a371-53160917c487,FirstNumber=481,secondNumber=1753}  added by thread pool-3-thread-6
 message  {Id=5a0cda55-fdf4-484f-a371-53160917c487,FirstNumber=481,secondNumber=1753}  written to file by thread pool-3-thread-1
 message  {Id=d83dd10f-472d-4c47-b564-b44c6e8ae4b2,FirstNumber=946,secondNumber=200}  added by thread pool-3-thread-6
 message  {Id=5bc25446-ee84-4837-bb54-eacce149309f,FirstNumber=919,secondNumber=8}  added by thread pool-3-thread-6
 message  {Id=d83dd10f-472d-4c47-b564-b44c6e8ae4b2,FirstNumber=946,secondNumber=200}  written to file by thread pool-3-thread-3
 message  {Id=5bc25446-ee84-4837-bb54-eacce149309f,FirstNumber=919,secondNumber=8}  written to file by thread pool-3-thread-4
 message  {Id=62793c50-6c11-4882-8f73-c3f04d473e0d,FirstNumber=310,secondNumber=1195}  added by thread pool-3-thread-6
 message  {Id=62793c50-6c11-4882-8f73-c3f04d473e0d,FirstNumber=310,secondNumber=1195}  written to file by thread pool-3-thread-5
 message  {Id=5cb76329-3076-45ce-98f5-a5b8f936b0ef,FirstNumber=469,secondNumber=1543}  added by thread pool-3-thread-6
 message  {Id=5cb76329-3076-45ce-98f5-a5b8f936b0ef,FirstNumber=469,secondNumber=1543}  written to file by thread pool-3-thread-2
 message  {Id=ad2be2c6-ca6d-42a0-bc81-c6b455d46094,FirstNumber=288,secondNumber=965}  added by thread pool-3-thread-6
 message  {Id=ad2be2c6-ca6d-42a0-bc81-c6b455d46094,FirstNumber=288,secondNumber=965}  written to file by thread pool-3-thread-1
 message  {Id=40752c55-99ee-47ac-828d-5a78e60e0e1f,FirstNumber=948,secondNumber=1889}  added by thread pool-3-thread-6
 message  {Id=40752c55-99ee-47ac-828d-5a78e60e0e1f,FirstNumber=948,secondNumber=1889}  written to file by thread pool-3-thread-3
 message  {Id=698ab583-4811-490a-b699-94334c4c3c5b,FirstNumber=734,secondNumber=874}  added by thread pool-3-thread-6
 message  {Id=698ab583-4811-490a-b699-94334c4c3c5b,FirstNumber=734,secondNumber=874}  written to file by thread pool-3-thread-4
 message  {Id=bf7b302f-f2b6-422e-a22f-3335c535cc7e,FirstNumber=517,secondNumber=653}  added by thread pool-3-thread-6
 message  {Id=bf7b302f-f2b6-422e-a22f-3335c535cc7e,FirstNumber=517,secondNumber=653}  written to file by thread pool-3-thread-5
 message  {Id=2aec1cdf-3fc5-4d62-b0a4-8201ff92623d,FirstNumber=474,secondNumber=1859}  added by thread pool-3-thread-6
 message  {Id=2aec1cdf-3fc5-4d62-b0a4-8201ff92623d,FirstNumber=474,secondNumber=1859}  written to file by thread pool-3-thread-2
 message  {Id=e2b9ee71-63a0-4a15-a5a4-1bcbdf97571b,FirstNumber=249,secondNumber=1288}  added by thread pool-3-thread-6
 message  {Id=e2b9ee71-63a0-4a15-a5a4-1bcbdf97571b,FirstNumber=249,secondNumber=1288}  written to file by thread pool-3-thread-1
 message  {Id=2aeec65b-8d73-4bf9-85dc-ca698d067ee9,FirstNumber=129,secondNumber=1761}  added by thread pool-3-thread-6
 message  {Id=29c07396-a5a9-4d23-b151-046e89c9d18e,FirstNumber=233,secondNumber=1806}  added by thread pool-3-thread-6
 message  {Id=2aeec65b-8d73-4bf9-85dc-ca698d067ee9,FirstNumber=129,secondNumber=1761}  written to file by thread pool-3-thread-3
 message  {Id=112ce4d9-5266-4c29-b5cb-68b62f30f0f8,FirstNumber=544,secondNumber=562}  added by thread pool-3-thread-6
 message  {Id=29c07396-a5a9-4d23-b151-046e89c9d18e,FirstNumber=233,secondNumber=1806}  written to file by thread pool-3-thread-4
 message  {Id=2f68b0dc-77c1-409d-8735-15f2cbc3fdec,FirstNumber=449,secondNumber=1910}  added by thread pool-3-thread-6
 message  {Id=112ce4d9-5266-4c29-b5cb-68b62f30f0f8,FirstNumber=544,secondNumber=562}  written to file by thread pool-3-thread-5
 message  {Id=e57b76da-6869-4ce6-be1d-72c3560f47ff,FirstNumber=241,secondNumber=468}  written to file by thread pool-3-thread-1
 message  {Id=e57b76da-6869-4ce6-be1d-72c3560f47ff,FirstNumber=241,secondNumber=468}  added by thread pool-3-thread-6
 message  {Id=2f68b0dc-77c1-409d-8735-15f2cbc3fdec,FirstNumber=449,secondNumber=1910}  written to file by thread pool-3-thread-2
 message  {Id=c9c6356c-625a-4f46-9325-847088e92472,FirstNumber=782,secondNumber=351}  added by thread pool-3-thread-6
 message  {Id=5805f70c-34a8-41b6-86c8-1b32f9c5720f,FirstNumber=58,secondNumber=1238}  added by thread pool-3-thread-6
 message  {Id=c9c6356c-625a-4f46-9325-847088e92472,FirstNumber=782,secondNumber=351}  written to file by thread pool-3-thread-3
 message  {Id=32cba262-e79d-41e1-b2f0-b9f13487c8fd,FirstNumber=521,secondNumber=1795}  added by thread pool-3-thread-6
 message  {Id=5805f70c-34a8-41b6-86c8-1b32f9c5720f,FirstNumber=58,secondNumber=1238}  written to file by thread pool-3-thread-4
 message  {Id=adb88617-d106-4068-bc03-023ab0074fb6,FirstNumber=990,secondNumber=778}  added by thread pool-3-thread-6
 message  {Id=32cba262-e79d-41e1-b2f0-b9f13487c8fd,FirstNumber=521,secondNumber=1795}  written to file by thread pool-3-thread-4
 message  {Id=834d1138-5816-4915-ac79-c0da44dd3050,FirstNumber=378,secondNumber=1123}  added by thread pool-3-thread-6
 message  {Id=adb88617-d106-4068-bc03-023ab0074fb6,FirstNumber=990,secondNumber=778}  written to file by thread pool-3-thread-4
 message  {Id=9510027b-9687-4a05-a973-7980d85a2f73,FirstNumber=701,secondNumber=1828}  added by thread pool-3-thread-6
 message  {Id=c726ae74-8c59-48b7-a280-13267ba661b5,FirstNumber=26,secondNumber=716}  added by thread pool-3-thread-6
 message  {Id=834d1138-5816-4915-ac79-c0da44dd3050,FirstNumber=378,secondNumber=1123}  written to file by thread pool-3-thread-4
 message  {Id=7b21a74c-7bf9-4298-9a45-1c0fe035d62e,FirstNumber=587,secondNumber=1493}  added by thread pool-3-thread-6
 message  {Id=9510027b-9687-4a05-a973-7980d85a2f73,FirstNumber=701,secondNumber=1828}  written to file by thread pool-3-thread-4
 message  {Id=14324859-89b3-47c7-add5-20d926cc7460,FirstNumber=182,secondNumber=1434}  added by thread pool-3-thread-6
 message  {Id=3e59dfd0-e2de-41b1-bc92-7d9c827bb337,FirstNumber=272,secondNumber=609}  added by thread pool-3-thread-6
 message  {Id=c726ae74-8c59-48b7-a280-13267ba661b5,FirstNumber=26,secondNumber=716}  written to file by thread pool-3-thread-4
 message  {Id=d4adc133-bfab-4ccb-bd84-5ae06c3f1fff,FirstNumber=519,secondNumber=1506}  added by thread pool-3-thread-6
 message  {Id=1a4ed0ad-5788-42f1-898c-a9823408e78c,FirstNumber=299,secondNumber=285}  added by thread pool-3-thread-6
 message  {Id=7b21a74c-7bf9-4298-9a45-1c0fe035d62e,FirstNumber=587,secondNumber=1493}  written to file by thread pool-3-thread-4
 message  {Id=6608904e-a724-47a1-aab5-de6802f572c7,FirstNumber=573,secondNumber=69}  added by thread pool-3-thread-6
 message  {Id=e963e6ce-96f3-4828-99b0-4915408c4c4e,FirstNumber=176,secondNumber=1858}  added by thread pool-3-thread-6
 message  {Id=14324859-89b3-47c7-add5-20d926cc7460,FirstNumber=182,secondNumber=1434}  written to file by thread pool-3-thread-4
 message  {Id=d0571b2b-ab4d-4d30-9e12-629ce39bff03,FirstNumber=984,secondNumber=64}  added by thread pool-3-thread-6
 message  {Id=3e59dfd0-e2de-41b1-bc92-7d9c827bb337,FirstNumber=272,secondNumber=609}  written to file by thread pool-3-thread-4
 message  {Id=1d8ea072-5ece-4967-87fa-9cd078f33cb5,FirstNumber=468,secondNumber=1966}  added by thread pool-3-thread-6
 message  {Id=28f0a65f-2e7e-4c7e-ab43-026a264d54c9,FirstNumber=41,secondNumber=781}  added by thread pool-3-thread-6
 message  {Id=d4adc133-bfab-4ccb-bd84-5ae06c3f1fff,FirstNumber=519,secondNumber=1506}  written to file by thread pool-3-thread-4
 message  {Id=0bfa2766-15ca-48f3-bc04-8b8fbab1a7ed,FirstNumber=592,secondNumber=141}  added by thread pool-3-thread-6
 message  {Id=1a4ed0ad-5788-42f1-898c-a9823408e78c,FirstNumber=299,secondNumber=285}  written to file by thread pool-3-thread-4
 message  {Id=138e5aaa-864c-4bd3-8882-31166e32f412,FirstNumber=796,secondNumber=1643}  added by thread pool-3-thread-6
 message  {Id=6608904e-a724-47a1-aab5-de6802f572c7,FirstNumber=573,secondNumber=69}  written to file by thread pool-3-thread-4
 message  {Id=93fb651c-ac49-4f04-9d9f-1510e7af0c89,FirstNumber=688,secondNumber=377}  added by thread pool-3-thread-6
 message  {Id=10d2154e-abc1-4dac-b301-3c5ec04ad891,FirstNumber=703,secondNumber=1937}  added by thread pool-3-thread-6
 message  {Id=6f01b19e-79ed-413f-8cb6-02989b7014f2,FirstNumber=555,secondNumber=908}  added by thread pool-3-thread-6
 message  {Id=d0571b2b-ab4d-4d30-9e12-629ce39bff03,FirstNumber=984,secondNumber=64}  written to file by thread pool-3-thread-5
 message  {Id=1d8ea072-5ece-4967-87fa-9cd078f33cb5,FirstNumber=468,secondNumber=1966}  written to file by thread pool-3-thread-1
 message  {Id=28f0a65f-2e7e-4c7e-ab43-026a264d54c9,FirstNumber=41,secondNumber=781}  written to file by thread pool-3-thread-2
 message  {Id=482491d3-2bb4-40c4-b38e-f17a1d806a87,FirstNumber=852,secondNumber=991}  added by thread pool-3-thread-6
 message  {Id=0bfa2766-15ca-48f3-bc04-8b8fbab1a7ed,FirstNumber=592,secondNumber=141}  written to file by thread pool-3-thread-5
 message  {Id=1adcd2fe-c15e-405a-86cf-c062986e24d1,FirstNumber=545,secondNumber=662}  added by thread pool-3-thread-6
 message  {Id=138e5aaa-864c-4bd3-8882-31166e32f412,FirstNumber=796,secondNumber=1643}  written to file by thread pool-3-thread-1
 message  {Id=93fb651c-ac49-4f04-9d9f-1510e7af0c89,FirstNumber=688,secondNumber=377}  written to file by thread pool-3-thread-2
 message  {Id=10d2154e-abc1-4dac-b301-3c5ec04ad891,FirstNumber=703,secondNumber=1937}  written to file by thread pool-3-thread-5
 message  {Id=a95e93c7-ea89-4a66-b3d1-5d60bbcef86b,FirstNumber=867,secondNumber=1230}  added by thread pool-3-thread-6
 message  {Id=1adcd2fe-c15e-405a-86cf-c062986e24d1,FirstNumber=545,secondNumber=662}  written to file by thread pool-3-thread-5
 message  {Id=6f01b19e-79ed-413f-8cb6-02989b7014f2,FirstNumber=555,secondNumber=908}  written to file by thread pool-3-thread-1
 message  {Id=8b63e883-a975-4d9a-b701-18e61a92f8cf,FirstNumber=356,secondNumber=1635}  added by thread pool-3-thread-6
 message  {Id=e963e6ce-96f3-4828-99b0-4915408c4c4e,FirstNumber=176,secondNumber=1858}  written to file by thread pool-3-thread-4
 message  {Id=482491d3-2bb4-40c4-b38e-f17a1d806a87,FirstNumber=852,secondNumber=991}  written to file by thread pool-3-thread-2
 message  {Id=a95e93c7-ea89-4a66-b3d1-5d60bbcef86b,FirstNumber=867,secondNumber=1230}  written to file by thread pool-3-thread-5
 message  {Id=89c63191-4db6-4640-9da8-1eb13fb2172f,FirstNumber=823,secondNumber=1520}  added by thread pool-3-thread-6
 message  {Id=8b63e883-a975-4d9a-b701-18e61a92f8cf,FirstNumber=356,secondNumber=1635}  written to file by thread pool-3-thread-1
 message  {Id=ba91a6d9-bd63-43e6-8b46-d6bf8653eff0,FirstNumber=949,secondNumber=1060}  added by thread pool-3-thread-6
 message  {Id=89c63191-4db6-4640-9da8-1eb13fb2172f,FirstNumber=823,secondNumber=1520}  written to file by thread pool-3-thread-2
 message  {Id=ba91a6d9-bd63-43e6-8b46-d6bf8653eff0,FirstNumber=949,secondNumber=1060}  written to file by thread pool-3-thread-1
 message  {Id=88931288-aeb9-4ea6-bc00-c321390384e9,FirstNumber=406,secondNumber=1066}  added by thread pool-3-thread-6
 message  {Id=88931288-aeb9-4ea6-bc00-c321390384e9,FirstNumber=406,secondNumber=1066}  written to file by thread pool-3-thread-1
 message  {Id=1e0c019c-33bf-4b65-92b0-a2b848151f2c,FirstNumber=18,secondNumber=769}  added by thread pool-3-thread-6
 message  {Id=1e0c019c-33bf-4b65-92b0-a2b848151f2c,FirstNumber=18,secondNumber=769}  written to file by thread pool-3-thread-1
 message  {Id=7230ec05-5d90-4881-8c52-fb72ed697651,FirstNumber=50,secondNumber=336}  added by thread pool-3-thread-6
 message  {Id=bf016af2-0043-404a-ae8d-42f1f761b199,FirstNumber=848,secondNumber=1009}  added by thread pool-3-thread-6
 message  {Id=7230ec05-5d90-4881-8c52-fb72ed697651,FirstNumber=50,secondNumber=336}  written to file by thread pool-3-thread-1
 message  {Id=8b8864ec-d1cc-4192-bdbc-8bc2226f785c,FirstNumber=364,secondNumber=547}  added by thread pool-3-thread-6
 message  {Id=bf016af2-0043-404a-ae8d-42f1f761b199,FirstNumber=848,secondNumber=1009}  written to file by thread pool-3-thread-1
 message  {Id=97cf4493-ddb3-4ebf-a8e9-51ca1a0207c9,FirstNumber=921,secondNumber=1878}  added by thread pool-3-thread-6
 message  {Id=8b8864ec-d1cc-4192-bdbc-8bc2226f785c,FirstNumber=364,secondNumber=547}  written to file by thread pool-3-thread-1
 message  {Id=ddd41f80-7527-4c14-bfb9-a71a7e70536f,FirstNumber=161,secondNumber=475}  added by thread pool-3-thread-6
 message  {Id=97cf4493-ddb3-4ebf-a8e9-51ca1a0207c9,FirstNumber=921,secondNumber=1878}  written to file by thread pool-3-thread-1
 message  {Id=e70ebe84-92ed-4c8e-8582-dd73697513b5,FirstNumber=410,secondNumber=310}  added by thread pool-3-thread-6
 message  {Id=ddd41f80-7527-4c14-bfb9-a71a7e70536f,FirstNumber=161,secondNumber=475}  written to file by thread pool-3-thread-1
 message  {Id=41643bda-f2ea-46b3-a32a-d5a99046c3d5,FirstNumber=10,secondNumber=137}  added by thread pool-3-thread-6
 message  {Id=bd685461-45b0-4d7a-867d-2a11fdc00fa6,FirstNumber=841,secondNumber=1791}  added by thread pool-3-thread-6
 message  {Id=e70ebe84-92ed-4c8e-8582-dd73697513b5,FirstNumber=410,secondNumber=310}  written to file by thread pool-3-thread-1
 message  {Id=1b388fdd-2e0d-4b29-9243-75464d61e87b,FirstNumber=503,secondNumber=316}  added by thread pool-3-thread-6
 message  {Id=41643bda-f2ea-46b3-a32a-d5a99046c3d5,FirstNumber=10,secondNumber=137}  written to file by thread pool-3-thread-1
 message  {Id=32c7223b-82e0-42c6-9176-7ba792375078,FirstNumber=489,secondNumber=612}  added by thread pool-3-thread-6
 message  {Id=bd685461-45b0-4d7a-867d-2a11fdc00fa6,FirstNumber=841,secondNumber=1791}  written to file by thread pool-3-thread-1
 message  {Id=27a2e1c0-a061-4918-b82d-7db14c6a5495,FirstNumber=353,secondNumber=1053}  added by thread pool-3-thread-6
 message  {Id=1b388fdd-2e0d-4b29-9243-75464d61e87b,FirstNumber=503,secondNumber=316}  written to file by thread pool-3-thread-1
 message  {Id=f291d4df-ccff-4cc6-a615-dea2eb766080,FirstNumber=532,secondNumber=76}  added by thread pool-3-thread-6
 message  {Id=2f890143-7f3a-4ff8-9430-5d9db14b1f68,FirstNumber=9,secondNumber=69}  added by thread pool-3-thread-6
 message  {Id=32c7223b-82e0-42c6-9176-7ba792375078,FirstNumber=489,secondNumber=612}  written to file by thread pool-3-thread-1
 message  {Id=2bc0e1a7-ab24-44bf-bcfe-ef1144a5a1e2,FirstNumber=23,secondNumber=1836}  added by thread pool-3-thread-6
 message  {Id=27a2e1c0-a061-4918-b82d-7db14c6a5495,FirstNumber=353,secondNumber=1053}  written to file by thread pool-3-thread-1
 message  {Id=169bbd5b-0651-4bd2-a88d-c4ba0d0a8895,FirstNumber=130,secondNumber=925}  added by thread pool-3-thread-6
 message  {Id=f291d4df-ccff-4cc6-a615-dea2eb766080,FirstNumber=532,secondNumber=76}  written to file by thread pool-3-thread-1
 message  {Id=e2b22e3c-17a3-4fad-9104-bf9acdefa931,FirstNumber=705,secondNumber=396}  added by thread pool-3-thread-6
 message  {Id=2f890143-7f3a-4ff8-9430-5d9db14b1f68,FirstNumber=9,secondNumber=69}  written to file by thread pool-3-thread-1
 message  {Id=eeef5bf4-f5f0-4cae-8619-afb1d7608d56,FirstNumber=723,secondNumber=1699}  added by thread pool-3-thread-6
 message  {Id=5380bdf8-3dec-4a4f-8ed3-be9b4a61e3bb,FirstNumber=938,secondNumber=670}  added by thread pool-3-thread-6
 message  {Id=2bc0e1a7-ab24-44bf-bcfe-ef1144a5a1e2,FirstNumber=23,secondNumber=1836}  written to file by thread pool-3-thread-1
 message  {Id=9db67963-4d79-41bd-a78e-a75a8dd3b5e0,FirstNumber=781,secondNumber=759}  added by thread pool-3-thread-6
 message  {Id=eeef5bf4-f5f0-4cae-8619-afb1d7608d56,FirstNumber=723,secondNumber=1699}  written to file by thread pool-3-thread-1
 message  {Id=169bbd5b-0651-4bd2-a88d-c4ba0d0a8895,FirstNumber=130,secondNumber=925}  written to file by thread pool-3-thread-3
 message  {Id=4429a268-141f-4fca-a842-f3c1453bb05b,FirstNumber=671,secondNumber=336}  added by thread pool-3-thread-6
 message  {Id=5380bdf8-3dec-4a4f-8ed3-be9b4a61e3bb,FirstNumber=938,secondNumber=670}  written to file by thread pool-3-thread-2
 message  {Id=e2b22e3c-17a3-4fad-9104-bf9acdefa931,FirstNumber=705,secondNumber=396}  written to file by thread pool-3-thread-5
 message  {Id=9db67963-4d79-41bd-a78e-a75a8dd3b5e0,FirstNumber=781,secondNumber=759}  written to file by thread pool-3-thread-1
 message  {Id=4b460d35-b998-4b71-893e-ec287a29398e,FirstNumber=160,secondNumber=323}  added by thread pool-3-thread-6
 message  {Id=4429a268-141f-4fca-a842-f3c1453bb05b,FirstNumber=671,secondNumber=336}  written to file by thread pool-3-thread-3
 message  {Id=d13f642d-118d-42ae-84c1-1eac877a9a4e,FirstNumber=949,secondNumber=1272}  added by thread pool-3-thread-6
 message  {Id=4b460d35-b998-4b71-893e-ec287a29398e,FirstNumber=160,secondNumber=323}  written to file by thread pool-3-thread-5
 message  {Id=ab873a50-fd2a-49e9-a3a1-6ea69cfcdc7c,FirstNumber=47,secondNumber=1715}  added by thread pool-3-thread-6
 message  {Id=32b96228-19ff-404e-bdf7-9c56b7ee1fb7,FirstNumber=13,secondNumber=1515}  added by thread pool-3-thread-6
 message  {Id=d13f642d-118d-42ae-84c1-1eac877a9a4e,FirstNumber=949,secondNumber=1272}  written to file by thread pool-3-thread-5
 message  {Id=3073e94f-67c7-479c-93ec-3a5aaebf4062,FirstNumber=559,secondNumber=1066}  added by thread pool-3-thread-6
 message  {Id=ab873a50-fd2a-49e9-a3a1-6ea69cfcdc7c,FirstNumber=47,secondNumber=1715}  written to file by thread pool-3-thread-5
 message  {Id=f507e4ac-4ee0-4bf9-bfe6-515a41415f8c,FirstNumber=280,secondNumber=589}  added by thread pool-3-thread-6
 message  {Id=8a3df108-d5e1-444f-9da6-c00e15f37d4b,FirstNumber=129,secondNumber=1310}  added by thread pool-3-thread-6
 message  {Id=dcb420ce-ed33-4949-8af2-02887ca2b10a,FirstNumber=188,secondNumber=1916}  added by thread pool-3-thread-6
 message  {Id=32b96228-19ff-404e-bdf7-9c56b7ee1fb7,FirstNumber=13,secondNumber=1515}  written to file by thread pool-3-thread-5
 message  {Id=ec321feb-08ef-4228-a23a-14fe349fbc88,FirstNumber=817,secondNumber=402}  added by thread pool-3-thread-6
 message  {Id=9d8282c3-69cd-4b7e-97c4-bf331110704f,FirstNumber=33,secondNumber=572}  added by thread pool-3-thread-6
 message  {Id=3073e94f-67c7-479c-93ec-3a5aaebf4062,FirstNumber=559,secondNumber=1066}  written to file by thread pool-3-thread-5
 message  {Id=a5fb69e6-cf9c-42b4-8a71-0be07f3f271e,FirstNumber=367,secondNumber=1019}  added by thread pool-3-thread-6
 message  {Id=e65bc763-ed2d-4e0e-8f39-20c115b07aa0,FirstNumber=309,secondNumber=1759}  added by thread pool-3-thread-6
 message  {Id=9634d091-053c-4b42-a8ae-b300a0517bcc,FirstNumber=342,secondNumber=1101}  added by thread pool-3-thread-6
 message  {Id=f507e4ac-4ee0-4bf9-bfe6-515a41415f8c,FirstNumber=280,secondNumber=589}  written to file by thread pool-3-thread-5
 message  {Id=5246a847-be2d-4796-9fe5-6ef009cc8861,FirstNumber=7,secondNumber=1800}  added by thread pool-3-thread-6
 message  {Id=e1bb69ac-3070-4c87-a475-4c8cdd1a6574,FirstNumber=457,secondNumber=741}  added by thread pool-3-thread-6
 message  {Id=8a3df108-d5e1-444f-9da6-c00e15f37d4b,FirstNumber=129,secondNumber=1310}  written to file by thread pool-3-thread-5
 message  {Id=6b7d5d79-2a11-4d94-87ac-214b5e8b9335,FirstNumber=607,secondNumber=1654}  added by thread pool-3-thread-6
 message  {Id=0baf5668-7a0e-46e7-8307-8ada47ec0fb0,FirstNumber=964,secondNumber=770}  added by thread pool-3-thread-6
 message  {Id=dcb420ce-ed33-4949-8af2-02887ca2b10a,FirstNumber=188,secondNumber=1916}  written to file by thread pool-3-thread-5
 message  {Id=2b98d555-f9d4-4aab-90c0-00392c76fa46,FirstNumber=963,secondNumber=1723}  added by thread pool-3-thread-6
 message  {Id=ec321feb-08ef-4228-a23a-14fe349fbc88,FirstNumber=817,secondNumber=402}  written to file by thread pool-3-thread-5
 message  {Id=36cb73d8-7cb1-43d2-9e04-3d7afb1ae3c6,FirstNumber=313,secondNumber=446}  added by thread pool-3-thread-6
 message  {Id=9d8282c3-69cd-4b7e-97c4-bf331110704f,FirstNumber=33,secondNumber=572}  written to file by thread pool-3-thread-5
 message  {Id=4aa11be1-086f-4988-8e5f-e2dd5110bca9,FirstNumber=249,secondNumber=591}  added by thread pool-3-thread-6
 message  {Id=a5fb69e6-cf9c-42b4-8a71-0be07f3f271e,FirstNumber=367,secondNumber=1019}  written to file by thread pool-3-thread-5
 message  {Id=6984ebc2-6e27-4461-9b46-cc6cfa42f63f,FirstNumber=530,secondNumber=1005}  added by thread pool-3-thread-6
 message  {Id=85d2e96f-fa9b-4bc0-a1e1-5210fb8e8e1c,FirstNumber=499,secondNumber=1457}  added by thread pool-3-thread-6
 message  {Id=e65bc763-ed2d-4e0e-8f39-20c115b07aa0,FirstNumber=309,secondNumber=1759}  written to file by thread pool-3-thread-5
 message  {Id=d5e404ca-cc91-4d36-8a32-bada1854f278,FirstNumber=717,secondNumber=51}  added by thread pool-3-thread-6
 message  {Id=9634d091-053c-4b42-a8ae-b300a0517bcc,FirstNumber=342,secondNumber=1101}  written to file by thread pool-3-thread-5
 message  {Id=172fbf38-c746-437c-92df-f518ef6f1372,FirstNumber=704,secondNumber=1401}  added by thread pool-3-thread-6
 message  {Id=3b9a9a5f-2ad6-46d1-b43a-9da103465dd9,FirstNumber=509,secondNumber=1502}  added by thread pool-3-thread-6
 message  {Id=5246a847-be2d-4796-9fe5-6ef009cc8861,FirstNumber=7,secondNumber=1800}  written to file by thread pool-3-thread-5
 message  {Id=78bfa509-05b8-4438-a372-f80c8c22056f,FirstNumber=791,secondNumber=956}  added by thread pool-3-thread-6
 message  {Id=960e16c9-391c-47ff-b371-677b3885939f,FirstNumber=551,secondNumber=544}  added by thread pool-3-thread-6
 message  {Id=e1bb69ac-3070-4c87-a475-4c8cdd1a6574,FirstNumber=457,secondNumber=741}  written to file by thread pool-3-thread-5
 message  {Id=ce2410db-3e74-4fc6-bad3-d8c4272637d1,FirstNumber=967,secondNumber=422}  added by thread pool-3-thread-6
 message  {Id=6b7d5d79-2a11-4d94-87ac-214b5e8b9335,FirstNumber=607,secondNumber=1654}  written to file by thread pool-3-thread-5
 message  {Id=4a1ce076-fb30-4424-8b94-d28c8eb83932,FirstNumber=289,secondNumber=1404}  added by thread pool-3-thread-6
 message  {Id=522bcced-2fd7-4323-a050-6179d8423a5c,FirstNumber=200,secondNumber=1656}  added by thread pool-3-thread-6
 message  {Id=0baf5668-7a0e-46e7-8307-8ada47ec0fb0,FirstNumber=964,secondNumber=770}  written to file by thread pool-3-thread-4
 message  {Id=2b98d555-f9d4-4aab-90c0-00392c76fa46,FirstNumber=963,secondNumber=1723}  written to file by thread pool-3-thread-2
 message  {Id=4aa11be1-086f-4988-8e5f-e2dd5110bca9,FirstNumber=249,secondNumber=591}  written to file by thread pool-3-thread-5
 message  {Id=36cb73d8-7cb1-43d2-9e04-3d7afb1ae3c6,FirstNumber=313,secondNumber=446}  written to file by thread pool-3-thread-1
 message  {Id=73befa2a-3554-4a44-8eaf-069effa29480,FirstNumber=971,secondNumber=987}  added by thread pool-3-thread-6
 message  {Id=6984ebc2-6e27-4461-9b46-cc6cfa42f63f,FirstNumber=530,secondNumber=1005}  written to file by thread pool-3-thread-3
 message  {Id=22af09ba-23e0-4cb1-b10c-c94ef09abcd6,FirstNumber=54,secondNumber=1029}  added by thread pool-3-thread-6
 message  {Id=85d2e96f-fa9b-4bc0-a1e1-5210fb8e8e1c,FirstNumber=499,secondNumber=1457}  written to file by thread pool-3-thread-4
 message  {Id=d5e404ca-cc91-4d36-8a32-bada1854f278,FirstNumber=717,secondNumber=51}  written to file by thread pool-3-thread-2
 message  {Id=172fbf38-c746-437c-92df-f518ef6f1372,FirstNumber=704,secondNumber=1401}  written to file by thread pool-3-thread-5
 message  {Id=3b9a9a5f-2ad6-46d1-b43a-9da103465dd9,FirstNumber=509,secondNumber=1502}  written to file by thread pool-3-thread-1
 message  {Id=78bfa509-05b8-4438-a372-f80c8c22056f,FirstNumber=791,secondNumber=956}  written to file by thread pool-3-thread-3
 message  {Id=ba62ca4a-ee39-4bbb-a498-2e1ea97418a9,FirstNumber=627,secondNumber=1345}  added by thread pool-3-thread-6
 message  {Id=960e16c9-391c-47ff-b371-677b3885939f,FirstNumber=551,secondNumber=544}  written to file by thread pool-3-thread-4
 message  {Id=ce2410db-3e74-4fc6-bad3-d8c4272637d1,FirstNumber=967,secondNumber=422}  written to file by thread pool-3-thread-2
 message  {Id=92bb728e-3a56-4c81-873e-4cd9e950de18,FirstNumber=341,secondNumber=306}  added by thread pool-3-thread-6
 message  {Id=4a1ce076-fb30-4424-8b94-d28c8eb83932,FirstNumber=289,secondNumber=1404}  written to file by thread pool-3-thread-5
 message  {Id=522bcced-2fd7-4323-a050-6179d8423a5c,FirstNumber=200,secondNumber=1656}  written to file by thread pool-3-thread-1
 message  {Id=73befa2a-3554-4a44-8eaf-069effa29480,FirstNumber=971,secondNumber=987}  written to file by thread pool-3-thread-3
 message  {Id=bde1448b-d4ef-4242-89c7-09ab1198b096,FirstNumber=880,secondNumber=407}  added by thread pool-3-thread-6
 message  {Id=22af09ba-23e0-4cb1-b10c-c94ef09abcd6,FirstNumber=54,secondNumber=1029}  written to file by thread pool-3-thread-4
 message  {Id=ba62ca4a-ee39-4bbb-a498-2e1ea97418a9,FirstNumber=627,secondNumber=1345}  written to file by thread pool-3-thread-2
 message  {Id=92bb728e-3a56-4c81-873e-4cd9e950de18,FirstNumber=341,secondNumber=306}  written to file by thread pool-3-thread-5
 message  {Id=3e13c8e9-dd97-4dea-aa1d-45df8cf295af,FirstNumber=706,secondNumber=1188}  added by thread pool-3-thread-6
 message  {Id=bde1448b-d4ef-4242-89c7-09ab1198b096,FirstNumber=880,secondNumber=407}  written to file by thread pool-3-thread-1
 message  {Id=3e13c8e9-dd97-4dea-aa1d-45df8cf295af,FirstNumber=706,secondNumber=1188}  written to file by thread pool-3-thread-2
 message  {Id=48763e47-63a5-4bbb-b895-eabc6cedabd8,FirstNumber=898,secondNumber=628}  added by thread pool-3-thread-6
 message  {Id=48763e47-63a5-4bbb-b895-eabc6cedabd8,FirstNumber=898,secondNumber=628}  written to file by thread pool-3-thread-4
 message  {Id=f0946af6-e12b-4996-9f74-93771de320fd,FirstNumber=554,secondNumber=492}  added by thread pool-3-thread-6
 message  {Id=f0946af6-e12b-4996-9f74-93771de320fd,FirstNumber=554,secondNumber=492}  written to file by thread pool-3-thread-3
 message  {Id=26e35010-0b2b-42c2-bfe7-9f030d143137,FirstNumber=992,secondNumber=1982}  added by thread pool-3-thread-6
 message  {Id=26e35010-0b2b-42c2-bfe7-9f030d143137,FirstNumber=992,secondNumber=1982}  written to file by thread pool-3-thread-5
 message  {Id=e6119ab7-f31a-4086-ae84-075906cae99d,FirstNumber=91,secondNumber=890}  added by thread pool-3-thread-6
 message  {Id=e6119ab7-f31a-4086-ae84-075906cae99d,FirstNumber=91,secondNumber=890}  written to file by thread pool-3-thread-1
 message  {Id=0455b908-de7b-4ad8-803a-f052d1007ade,FirstNumber=887,secondNumber=586}  added by thread pool-3-thread-6
 message  {Id=0455b908-de7b-4ad8-803a-f052d1007ade,FirstNumber=887,secondNumber=586}  written to file by thread pool-3-thread-2
 message  {Id=dda3a6d5-005e-4a74-864a-a42c899b08ca,FirstNumber=489,secondNumber=23}  added by thread pool-3-thread-6
 message  {Id=dda3a6d5-005e-4a74-864a-a42c899b08ca,FirstNumber=489,secondNumber=23}  written to file by thread pool-3-thread-4
 message  {Id=452c77b2-4510-4101-9a63-d4b39c485908,FirstNumber=524,secondNumber=1788}  added by thread pool-3-thread-6
 message  {Id=452c77b2-4510-4101-9a63-d4b39c485908,FirstNumber=524,secondNumber=1788}  written to file by thread pool-3-thread-3
 message  {Id=fde6bf93-6b62-4225-90b8-e70953fd27db,FirstNumber=747,secondNumber=336}  added by thread pool-3-thread-6
 message  {Id=8f18630d-e82b-4816-bc62-103d1fa4a7e4,FirstNumber=831,secondNumber=226}  added by thread pool-3-thread-6
 message  {Id=fde6bf93-6b62-4225-90b8-e70953fd27db,FirstNumber=747,secondNumber=336}  written to file by thread pool-3-thread-5
 message  {Id=8f18630d-e82b-4816-bc62-103d1fa4a7e4,FirstNumber=831,secondNumber=226}  written to file by thread pool-3-thread-1
 message  {Id=a985a51a-ab1c-4cb7-99c1-99e46bb9880d,FirstNumber=596,secondNumber=1882}  added by thread pool-3-thread-6
 message  {Id=b3cb2463-4620-47da-8caf-fcf2d1a690eb,FirstNumber=394,secondNumber=1347}  added by thread pool-3-thread-6
 message  {Id=a985a51a-ab1c-4cb7-99c1-99e46bb9880d,FirstNumber=596,secondNumber=1882}  written to file by thread pool-3-thread-2
 message  {Id=b3cb2463-4620-47da-8caf-fcf2d1a690eb,FirstNumber=394,secondNumber=1347}  written to file by thread pool-3-thread-4
 message  {Id=53d9f70a-42d8-42e3-a74a-36d2701cb90c,FirstNumber=858,secondNumber=1526}  added by thread pool-3-thread-6
 message  {Id=53d9f70a-42d8-42e3-a74a-36d2701cb90c,FirstNumber=858,secondNumber=1526}  written to file by thread pool-3-thread-3
 message  {Id=60f58e82-63c5-4906-8cac-aeea60513d11,FirstNumber=564,secondNumber=1884}  added by thread pool-3-thread-6
 message  {Id=60f58e82-63c5-4906-8cac-aeea60513d11,FirstNumber=564,secondNumber=1884}  written to file by thread pool-3-thread-5
 message  {Id=f2536f83-753a-4cbd-b452-680b5ae93c2b,FirstNumber=735,secondNumber=1161}  added by thread pool-3-thread-6
 message  {Id=f2536f83-753a-4cbd-b452-680b5ae93c2b,FirstNumber=735,secondNumber=1161}  written to file by thread pool-3-thread-1
 message  {Id=3d909088-321d-433b-9211-f35b4c335a78,FirstNumber=202,secondNumber=1369}  added by thread pool-3-thread-6
 message  {Id=3d909088-321d-433b-9211-f35b4c335a78,FirstNumber=202,secondNumber=1369}  written to file by thread pool-3-thread-2
 message  {Id=2e73d0a2-4514-480d-ac4d-e93da62bedb6,FirstNumber=389,secondNumber=1238}  added by thread pool-3-thread-6
 message  {Id=2e73d0a2-4514-480d-ac4d-e93da62bedb6,FirstNumber=389,secondNumber=1238}  written to file by thread pool-3-thread-4
 message  {Id=808575a9-c07a-4fca-83e7-bd2d3d65cb08,FirstNumber=853,secondNumber=1308}  added by thread pool-3-thread-6
 message  {Id=808575a9-c07a-4fca-83e7-bd2d3d65cb08,FirstNumber=853,secondNumber=1308}  written to file by thread pool-3-thread-3
 message  {Id=415f8f55-c871-4b01-a874-e98bfae9a142,FirstNumber=332,secondNumber=1947}  added by thread pool-3-thread-6
 message  {Id=dafdeb0e-8730-40d6-8fca-e56ec3577a34,FirstNumber=68,secondNumber=700}  added by thread pool-3-thread-6
 message  {Id=415f8f55-c871-4b01-a874-e98bfae9a142,FirstNumber=332,secondNumber=1947}  written to file by thread pool-3-thread-5
 message  {Id=dafdeb0e-8730-40d6-8fca-e56ec3577a34,FirstNumber=68,secondNumber=700}  written to file by thread pool-3-thread-1
 message  {Id=ba1eb24e-8567-48a7-9398-13eaff0448a6,FirstNumber=931,secondNumber=1514}  added by thread pool-3-thread-6
 message  {Id=ba1eb24e-8567-48a7-9398-13eaff0448a6,FirstNumber=931,secondNumber=1514}  written to file by thread pool-3-thread-2
 message  {Id=29e6328b-c332-40c3-91f3-88933540a24b,FirstNumber=452,secondNumber=427}  added by thread pool-3-thread-6
 message  {Id=29e6328b-c332-40c3-91f3-88933540a24b,FirstNumber=452,secondNumber=427}  written to file by thread pool-3-thread-4
 message  {Id=a909d448-0a6c-4870-bd8b-4104d6463e5d,FirstNumber=923,secondNumber=1652}  added by thread pool-3-thread-6
 message  {Id=a909d448-0a6c-4870-bd8b-4104d6463e5d,FirstNumber=923,secondNumber=1652}  written to file by thread pool-3-thread-3
 message  {Id=2b9aee03-3ce5-4dcf-9257-dd424c68d070,FirstNumber=605,secondNumber=778}  added by thread pool-3-thread-6
 message  {Id=5eb410c4-b3bf-4865-8f5c-6b9f4c6484f0,FirstNumber=746,secondNumber=1247}  added by thread pool-3-thread-6
 message  {Id=2b9aee03-3ce5-4dcf-9257-dd424c68d070,FirstNumber=605,secondNumber=778}  written to file by thread pool-3-thread-5
 message  {Id=3684c4cd-682f-48bc-a11b-312ffde3a2ee,FirstNumber=452,secondNumber=1073}  added by thread pool-3-thread-6
 message  {Id=5eb410c4-b3bf-4865-8f5c-6b9f4c6484f0,FirstNumber=746,secondNumber=1247}  written to file by thread pool-3-thread-1
 message  {Id=3684c4cd-682f-48bc-a11b-312ffde3a2ee,FirstNumber=452,secondNumber=1073}  written to file by thread pool-3-thread-2
 message  {Id=a2185e7c-6d51-4b36-a377-f330dddb3fd1,FirstNumber=871,secondNumber=580}  added by thread pool-3-thread-6
 message  {Id=7d36d704-b558-444d-af36-f701fc6617ed,FirstNumber=819,secondNumber=1705}  added by thread pool-3-thread-6
 message  {Id=a2185e7c-6d51-4b36-a377-f330dddb3fd1,FirstNumber=871,secondNumber=580}  written to file by thread pool-3-thread-2
 message  {Id=7d36d704-b558-444d-af36-f701fc6617ed,FirstNumber=819,secondNumber=1705}  written to file by thread pool-3-thread-3
 message  {Id=04c46379-f2d5-43e4-9d04-0dafd134bd28,FirstNumber=836,secondNumber=577}  added by thread pool-3-thread-6
 message  {Id=b69b1e12-e78b-4b63-9a9d-ad84ffa8681b,FirstNumber=636,secondNumber=169}  added by thread pool-3-thread-6
 message  {Id=04c46379-f2d5-43e4-9d04-0dafd134bd28,FirstNumber=836,secondNumber=577}  written to file by thread pool-3-thread-5
 message  {Id=1403abeb-0839-42e5-9ef9-02ae4ea7833b,FirstNumber=385,secondNumber=541}  added by thread pool-3-thread-6
 message  {Id=b69b1e12-e78b-4b63-9a9d-ad84ffa8681b,FirstNumber=636,secondNumber=169}  written to file by thread pool-3-thread-1
 message  {Id=46109b52-4332-426b-a480-4d26210c5b70,FirstNumber=601,secondNumber=1036}  added by thread pool-3-thread-6
 message  {Id=1403abeb-0839-42e5-9ef9-02ae4ea7833b,FirstNumber=385,secondNumber=541}  written to file by thread pool-3-thread-4
 message  {Id=46109b52-4332-426b-a480-4d26210c5b70,FirstNumber=601,secondNumber=1036}  written to file by thread pool-3-thread-1
 message  {Id=65edd85e-7acf-4fc4-b68d-8d438871d38b,FirstNumber=842,secondNumber=1527}  added by thread pool-3-thread-6
 message  {Id=65edd85e-7acf-4fc4-b68d-8d438871d38b,FirstNumber=842,secondNumber=1527}  written to file by thread pool-3-thread-3
 message  {Id=c08a336b-c61d-4d15-97b7-8697cc425258,FirstNumber=120,secondNumber=550}  added by thread pool-3-thread-6
 message  {Id=59dd66d0-6cdb-447d-aba9-59588f8802c6,FirstNumber=790,secondNumber=1449}  added by thread pool-3-thread-6
 message  {Id=c08a336b-c61d-4d15-97b7-8697cc425258,FirstNumber=120,secondNumber=550}  written to file by thread pool-3-thread-5
 message  {Id=59dd66d0-6cdb-447d-aba9-59588f8802c6,FirstNumber=790,secondNumber=1449}  written to file by thread pool-3-thread-2
 message  {Id=652ae9b1-32ce-44bf-a1b8-6c754f505812,FirstNumber=390,secondNumber=1483}  added by thread pool-3-thread-6
 message  {Id=652ae9b1-32ce-44bf-a1b8-6c754f505812,FirstNumber=390,secondNumber=1483}  written to file by thread pool-3-thread-2
 message  {Id=24ed9a5b-4b70-46e5-99ca-b6efbe7b1671,FirstNumber=472,secondNumber=1334}  added by thread pool-3-thread-6
 message  {Id=317db6dd-6995-4538-aed6-868d8a46c66e,FirstNumber=739,secondNumber=618}  added by thread pool-3-thread-6
 message  {Id=24ed9a5b-4b70-46e5-99ca-b6efbe7b1671,FirstNumber=472,secondNumber=1334}  written to file by thread pool-3-thread-1
 message  {Id=317db6dd-6995-4538-aed6-868d8a46c66e,FirstNumber=739,secondNumber=618}  written to file by thread pool-3-thread-3
 message  {Id=1439c1c2-bbf9-4802-9b78-009ba9e1daf2,FirstNumber=149,secondNumber=607}  added by thread pool-3-thread-6
 message  {Id=1439c1c2-bbf9-4802-9b78-009ba9e1daf2,FirstNumber=149,secondNumber=607}  written to file by thread pool-3-thread-3
 message  {Id=49363e5f-3e62-4fe2-81ec-f715d039d737,FirstNumber=7,secondNumber=1679}  added by thread pool-3-thread-6
 message  {Id=49363e5f-3e62-4fe2-81ec-f715d039d737,FirstNumber=7,secondNumber=1679}  written to file by thread pool-3-thread-4
 message  {Id=1766d365-8969-4a54-b7cd-017c9404e62b,FirstNumber=534,secondNumber=1485}  added by thread pool-3-thread-6
 message  {Id=1766d365-8969-4a54-b7cd-017c9404e62b,FirstNumber=534,secondNumber=1485}  written to file by thread pool-3-thread-2
 message  {Id=fac20733-d337-4406-8385-87726f134297,FirstNumber=434,secondNumber=399}  added by thread pool-3-thread-6
 message  {Id=fac20733-d337-4406-8385-87726f134297,FirstNumber=434,secondNumber=399}  written to file by thread pool-3-thread-1
 message  {Id=f58f6aba-065b-4b9b-b303-ce38de174d1a,FirstNumber=278,secondNumber=1651}  added by thread pool-3-thread-6
 message  {Id=0a02a5e4-4d56-43bd-8f7a-3ea8fe988d69,FirstNumber=350,secondNumber=997}  added by thread pool-3-thread-6
 message  {Id=f58f6aba-065b-4b9b-b303-ce38de174d1a,FirstNumber=278,secondNumber=1651}  written to file by thread pool-3-thread-5
 message  {Id=0a02a5e4-4d56-43bd-8f7a-3ea8fe988d69,FirstNumber=350,secondNumber=997}  written to file by thread pool-3-thread-3
 message  {Id=89cab8a2-89dc-4e9e-b081-92b76ce186e9,FirstNumber=114,secondNumber=1361}  added by thread pool-3-thread-6
 message  {Id=8d304f44-cbf4-4a36-91c4-77213e22957d,FirstNumber=0,secondNumber=1369}  added by thread pool-3-thread-6
 message  {Id=89cab8a2-89dc-4e9e-b081-92b76ce186e9,FirstNumber=114,secondNumber=1361}  written to file by thread pool-3-thread-4
 message  {Id=ac28139a-8f59-4a95-b8f4-761bce5a96e7,FirstNumber=886,secondNumber=497}  added by thread pool-3-thread-6
 message  {Id=8d304f44-cbf4-4a36-91c4-77213e22957d,FirstNumber=0,secondNumber=1369}  written to file by thread pool-3-thread-2
 message  {Id=787693b0-6d00-4590-bc82-fe8ed877a31c,FirstNumber=593,secondNumber=495}  added by thread pool-3-thread-6
 message  {Id=ac28139a-8f59-4a95-b8f4-761bce5a96e7,FirstNumber=886,secondNumber=497}  written to file by thread pool-3-thread-1
 message  {Id=02c7bafe-e79a-4a89-93e3-0495109c7115,FirstNumber=680,secondNumber=904}  added by thread pool-3-thread-6
 message  {Id=787693b0-6d00-4590-bc82-fe8ed877a31c,FirstNumber=593,secondNumber=495}  written to file by thread pool-3-thread-5
 message  {Id=ea950a1c-923c-49b0-bea1-6d4d9e315ddf,FirstNumber=824,secondNumber=318}  added by thread pool-3-thread-6
 message  {Id=02c7bafe-e79a-4a89-93e3-0495109c7115,FirstNumber=680,secondNumber=904}  written to file by thread pool-3-thread-3
 message  {Id=78f8d0c6-95d8-4bb3-878d-840b0fda642e,FirstNumber=464,secondNumber=267}  added by thread pool-3-thread-6
 message  {Id=ea950a1c-923c-49b0-bea1-6d4d9e315ddf,FirstNumber=824,secondNumber=318}  written to file by thread pool-3-thread-4
 message  {Id=5a9b500b-626a-490f-8515-e26fc9e8f59d,FirstNumber=513,secondNumber=1909}  added by thread pool-3-thread-6
 message  {Id=78f8d0c6-95d8-4bb3-878d-840b0fda642e,FirstNumber=464,secondNumber=267}  written to file by thread pool-3-thread-2
 message  {Id=bfdffe31-83ba-48fe-a0e6-ecff8c18e7e8,FirstNumber=682,secondNumber=272}  added by thread pool-3-thread-6
 message  {Id=5a9b500b-626a-490f-8515-e26fc9e8f59d,FirstNumber=513,secondNumber=1909}  written to file by thread pool-3-thread-4
 message  {Id=bfdffe31-83ba-48fe-a0e6-ecff8c18e7e8,FirstNumber=682,secondNumber=272}  written to file by thread pool-3-thread-2
 message  {Id=3fed74b3-2c39-4ed2-971d-03876a441205,FirstNumber=440,secondNumber=582}  added by thread pool-3-thread-6
 message  {Id=97fa6017-58ba-41fc-99d5-918ad874e456,FirstNumber=522,secondNumber=1735}  added by thread pool-3-thread-6
 message  {Id=3fed74b3-2c39-4ed2-971d-03876a441205,FirstNumber=440,secondNumber=582}  written to file by thread pool-3-thread-4
 message  {Id=6dfeb68f-5e30-47d4-b3bf-f993fd4a1dd5,FirstNumber=847,secondNumber=751}  added by thread pool-3-thread-6
 message  {Id=97fa6017-58ba-41fc-99d5-918ad874e456,FirstNumber=522,secondNumber=1735}  written to file by thread pool-3-thread-1
 message  {Id=e869809e-c7be-4a9b-9d5f-8a4fb110e9e3,FirstNumber=85,secondNumber=1080}  added by thread pool-3-thread-6
 message  {Id=6dfeb68f-5e30-47d4-b3bf-f993fd4a1dd5,FirstNumber=847,secondNumber=751}  written to file by thread pool-3-thread-2
 message  {Id=37867903-67d5-4331-bcfa-63de1bf76df7,FirstNumber=343,secondNumber=1983}  added by thread pool-3-thread-6
 message  {Id=e869809e-c7be-4a9b-9d5f-8a4fb110e9e3,FirstNumber=85,secondNumber=1080}  written to file by thread pool-3-thread-3
 message  {Id=9781a63a-00f1-4a92-a28d-b6bd83fb3bc5,FirstNumber=421,secondNumber=966}  added by thread pool-3-thread-6
 message  {Id=37867903-67d5-4331-bcfa-63de1bf76df7,FirstNumber=343,secondNumber=1983}  written to file by thread pool-3-thread-5
 message  {Id=14f6b715-8de6-4fbe-89a7-a9c3bf8a3db4,FirstNumber=20,secondNumber=1494}  added by thread pool-3-thread-6
 message  {Id=9781a63a-00f1-4a92-a28d-b6bd83fb3bc5,FirstNumber=421,secondNumber=966}  written to file by thread pool-3-thread-4
 message  {Id=65d5614e-5d24-4100-a297-59645db9d23d,FirstNumber=792,secondNumber=1567}  added by thread pool-3-thread-6
 message  {Id=14f6b715-8de6-4fbe-89a7-a9c3bf8a3db4,FirstNumber=20,secondNumber=1494}  written to file by thread pool-3-thread-1
 message  {Id=34641f73-9496-4837-8930-9c210a27d188,FirstNumber=801,secondNumber=1291}  added by thread pool-3-thread-6
 message  {Id=65d5614e-5d24-4100-a297-59645db9d23d,FirstNumber=792,secondNumber=1567}  written to file by thread pool-3-thread-2
 message  {Id=d0b1b688-6396-4894-8023-a3a3e45df536,FirstNumber=639,secondNumber=721}  added by thread pool-3-thread-6
 message  {Id=34641f73-9496-4837-8930-9c210a27d188,FirstNumber=801,secondNumber=1291}  written to file by thread pool-3-thread-3
 message  {Id=24bc2ab8-d093-4506-bc02-42ec1e34dca5,FirstNumber=470,secondNumber=1363}  added by thread pool-3-thread-6
 message  {Id=d0b1b688-6396-4894-8023-a3a3e45df536,FirstNumber=639,secondNumber=721}  written to file by thread pool-3-thread-5
 message  {Id=34a1006a-3f38-4677-b59c-13d9a49e9764,FirstNumber=411,secondNumber=613}  added by thread pool-3-thread-6
 message  {Id=24bc2ab8-d093-4506-bc02-42ec1e34dca5,FirstNumber=470,secondNumber=1363}  written to file by thread pool-3-thread-4
 message  {Id=211b1e2e-e943-4469-8ed8-1f2f5679cdbc,FirstNumber=413,secondNumber=1915}  added by thread pool-3-thread-6
 message  {Id=34a1006a-3f38-4677-b59c-13d9a49e9764,FirstNumber=411,secondNumber=613}  written to file by thread pool-3-thread-5
 message  {Id=60bc201a-e505-43d5-b7f1-fadafa4ff71f,FirstNumber=67,secondNumber=1947}  added by thread pool-3-thread-6
 message  {Id=211b1e2e-e943-4469-8ed8-1f2f5679cdbc,FirstNumber=413,secondNumber=1915}  written to file by thread pool-3-thread-2
 message  {Id=9dfb03a9-c8ce-4c4a-a05d-ab589bb5cae2,FirstNumber=987,secondNumber=965}  added by thread pool-3-thread-6
 message  {Id=60bc201a-e505-43d5-b7f1-fadafa4ff71f,FirstNumber=67,secondNumber=1947}  written to file by thread pool-3-thread-3
 message  {Id=1bfc7ce0-9b0c-413f-971b-94583c463462,FirstNumber=577,secondNumber=1271}  added by thread pool-3-thread-6
 message  {Id=9dfb03a9-c8ce-4c4a-a05d-ab589bb5cae2,FirstNumber=987,secondNumber=965}  written to file by thread pool-3-thread-1
 message  {Id=290bd53b-ce5c-4d70-bf85-4b231da5d77d,FirstNumber=959,secondNumber=1866}  added by thread pool-3-thread-6
 message  {Id=1bfc7ce0-9b0c-413f-971b-94583c463462,FirstNumber=577,secondNumber=1271}  written to file by thread pool-3-thread-4
 message  {Id=e72e596a-2c42-43e6-9cb0-a9500f773da1,FirstNumber=964,secondNumber=1819}  added by thread pool-3-thread-6
 message  {Id=290bd53b-ce5c-4d70-bf85-4b231da5d77d,FirstNumber=959,secondNumber=1866}  written to file by thread pool-3-thread-5
 message  {Id=01bd8091-d43c-4ea0-adf1-b49f75fb7f85,FirstNumber=439,secondNumber=1865}  added by thread pool-3-thread-6
 message  {Id=e72e596a-2c42-43e6-9cb0-a9500f773da1,FirstNumber=964,secondNumber=1819}  written to file by thread pool-3-thread-2
 message  {Id=cba41c2e-b191-4768-8ce6-d5b73efa2772,FirstNumber=65,secondNumber=222}  added by thread pool-3-thread-6
 message  {Id=01bd8091-d43c-4ea0-adf1-b49f75fb7f85,FirstNumber=439,secondNumber=1865}  written to file by thread pool-3-thread-3
 message  {Id=acab48ec-134e-40e2-9988-df466fb5f30b,FirstNumber=668,secondNumber=652}  added by thread pool-3-thread-6
 message  {Id=cba41c2e-b191-4768-8ce6-d5b73efa2772,FirstNumber=65,secondNumber=222}  written to file by thread pool-3-thread-1
 message  {Id=63696e7d-a039-4364-b2be-7e82cb87c236,FirstNumber=56,secondNumber=1666}  added by thread pool-3-thread-6
 message  {Id=acab48ec-134e-40e2-9988-df466fb5f30b,FirstNumber=668,secondNumber=652}  written to file by thread pool-3-thread-4
 message  {Id=c2668724-dfcb-4e42-8228-b31132d9eba0,FirstNumber=849,secondNumber=1177}  added by thread pool-3-thread-6
 message  {Id=63696e7d-a039-4364-b2be-7e82cb87c236,FirstNumber=56,secondNumber=1666}  written to file by thread pool-3-thread-5
 message  {Id=649bf400-de41-4130-b392-e2b38ce8d029,FirstNumber=441,secondNumber=662}  added by thread pool-3-thread-6
 message  {Id=c2668724-dfcb-4e42-8228-b31132d9eba0,FirstNumber=849,secondNumber=1177}  written to file by thread pool-3-thread-2
 message  {Id=83446580-40ef-4565-a660-705ce9957d32,FirstNumber=947,secondNumber=1818}  added by thread pool-3-thread-6
 message  {Id=649bf400-de41-4130-b392-e2b38ce8d029,FirstNumber=441,secondNumber=662}  written to file by thread pool-3-thread-3
 message  {Id=511dda86-bb87-48d4-b858-7245f5eed3eb,FirstNumber=962,secondNumber=1812}  added by thread pool-3-thread-6
 message  {Id=83446580-40ef-4565-a660-705ce9957d32,FirstNumber=947,secondNumber=1818}  written to file by thread pool-3-thread-1
 message  {Id=46a03788-c0c2-4f92-b42e-1af57f973029,FirstNumber=192,secondNumber=1245}  added by thread pool-3-thread-6
 message  {Id=511dda86-bb87-48d4-b858-7245f5eed3eb,FirstNumber=962,secondNumber=1812}  written to file by thread pool-3-thread-4
 message  {Id=ba88681e-ab54-4360-a9de-f15c7a6fce2a,FirstNumber=165,secondNumber=1516}  added by thread pool-3-thread-6
 message  {Id=46a03788-c0c2-4f92-b42e-1af57f973029,FirstNumber=192,secondNumber=1245}  written to file by thread pool-3-thread-5
 message  {Id=08630ea3-307d-457e-a147-a97395b1c40a,FirstNumber=459,secondNumber=730}  added by thread pool-3-thread-6
 message  {Id=ba88681e-ab54-4360-a9de-f15c7a6fce2a,FirstNumber=165,secondNumber=1516}  written to file by thread pool-3-thread-2
 message  {Id=46d97e74-bfcd-41d8-a674-0a86d7e2672d,FirstNumber=96,secondNumber=828}  added by thread pool-3-thread-6
 message  {Id=08630ea3-307d-457e-a147-a97395b1c40a,FirstNumber=459,secondNumber=730}  written to file by thread pool-3-thread-3
 message  {Id=f08bcc40-6863-4f2b-9961-94ff7d28bac0,FirstNumber=242,secondNumber=1503}  added by thread pool-3-thread-6
 message  {Id=46d97e74-bfcd-41d8-a674-0a86d7e2672d,FirstNumber=96,secondNumber=828}  written to file by thread pool-3-thread-1
 message  {Id=58ccb413-28eb-4903-8eae-929338b44c4f,FirstNumber=879,secondNumber=498}  added by thread pool-3-thread-6
 message  {Id=f08bcc40-6863-4f2b-9961-94ff7d28bac0,FirstNumber=242,secondNumber=1503}  written to file by thread pool-3-thread-4
 message  {Id=166d690b-353e-45a8-a023-d4d23e3c4005,FirstNumber=195,secondNumber=1295}  added by thread pool-3-thread-6
 message  {Id=58ccb413-28eb-4903-8eae-929338b44c4f,FirstNumber=879,secondNumber=498}  written to file by thread pool-3-thread-5
 message  {Id=ab216f23-7e0d-46f5-9b8d-eccc7b14ad9b,FirstNumber=260,secondNumber=1949}  added by thread pool-3-thread-6
 message  {Id=166d690b-353e-45a8-a023-d4d23e3c4005,FirstNumber=195,secondNumber=1295}  written to file by thread pool-3-thread-2
 message  {Id=dc0fed72-2f67-49e1-897a-cffec2ff14bc,FirstNumber=240,secondNumber=1443}  added by thread pool-3-thread-6
 message  {Id=ab216f23-7e0d-46f5-9b8d-eccc7b14ad9b,FirstNumber=260,secondNumber=1949}  written to file by thread pool-3-thread-3
 message  {Id=9881c3a6-5bb5-4c00-89f2-f743ae14f23a,FirstNumber=89,secondNumber=1935}  added by thread pool-3-thread-6
 message  {Id=dc0fed72-2f67-49e1-897a-cffec2ff14bc,FirstNumber=240,secondNumber=1443}  written to file by thread pool-3-thread-1
 message  {Id=c92a8d4d-b1d5-41bb-a60c-cfebac6d890e,FirstNumber=666,secondNumber=1053}  added by thread pool-3-thread-6
 message  {Id=9881c3a6-5bb5-4c00-89f2-f743ae14f23a,FirstNumber=89,secondNumber=1935}  written to file by thread pool-3-thread-4
 message  {Id=1a1d2212-5729-4174-8255-e9a7d7aa5feb,FirstNumber=515,secondNumber=904}  added by thread pool-3-thread-6
 message  {Id=c92a8d4d-b1d5-41bb-a60c-cfebac6d890e,FirstNumber=666,secondNumber=1053}  written to file by thread pool-3-thread-5
 message  {Id=7e61244d-d572-4c36-ad42-14ba61c0b507,FirstNumber=601,secondNumber=5}  added by thread pool-3-thread-6
 message  {Id=1a1d2212-5729-4174-8255-e9a7d7aa5feb,FirstNumber=515,secondNumber=904}  written to file by thread pool-3-thread-4
 message  {Id=b8c26ee5-fbba-44d9-bf42-4eee13b8b594,FirstNumber=348,secondNumber=1010}  added by thread pool-3-thread-6
 message  {Id=7e61244d-d572-4c36-ad42-14ba61c0b507,FirstNumber=601,secondNumber=5}  written to file by thread pool-3-thread-5
 message  {Id=f62a3f14-a296-41da-a838-93f4db5ba764,FirstNumber=501,secondNumber=387}  added by thread pool-3-thread-6
 message  {Id=b8c26ee5-fbba-44d9-bf42-4eee13b8b594,FirstNumber=348,secondNumber=1010}  written to file by thread pool-3-thread-1
 message  {Id=578731d4-ec0c-422b-ab92-687eba306997,FirstNumber=351,secondNumber=576}  added by thread pool-3-thread-6
 message  {Id=f62a3f14-a296-41da-a838-93f4db5ba764,FirstNumber=501,secondNumber=387}  written to file by thread pool-3-thread-5
 message  {Id=8f147fad-aaeb-4dab-bcab-449513284c24,FirstNumber=795,secondNumber=1386}  added by thread pool-3-thread-6
 message  {Id=578731d4-ec0c-422b-ab92-687eba306997,FirstNumber=351,secondNumber=576}  written to file by thread pool-3-thread-1
 message  {Id=17cd4c1e-5cb2-44ab-9c90-9f8f9abaa984,FirstNumber=59,secondNumber=27}  added by thread pool-3-thread-6
 message  {Id=8f147fad-aaeb-4dab-bcab-449513284c24,FirstNumber=795,secondNumber=1386}  written to file by thread pool-3-thread-4
 message  {Id=1818b7c3-d719-4625-a9fb-72b88eaa3579,FirstNumber=140,secondNumber=631}  added by thread pool-3-thread-6
 message  {Id=17cd4c1e-5cb2-44ab-9c90-9f8f9abaa984,FirstNumber=59,secondNumber=27}  written to file by thread pool-3-thread-2
 message  {Id=da8b0c40-b749-4704-9691-af45653408c8,FirstNumber=549,secondNumber=1694}  added by thread pool-3-thread-6
 message  {Id=1818b7c3-d719-4625-a9fb-72b88eaa3579,FirstNumber=140,secondNumber=631}  written to file by thread pool-3-thread-3
 message  {Id=2e7b5fd2-fcf7-4c24-80ff-3a32e145f4e2,FirstNumber=457,secondNumber=1449}  added by thread pool-3-thread-6
 message  {Id=da8b0c40-b749-4704-9691-af45653408c8,FirstNumber=549,secondNumber=1694}  written to file by thread pool-3-thread-5
 message  {Id=2e7b5fd2-fcf7-4c24-80ff-3a32e145f4e2,FirstNumber=457,secondNumber=1449}  written to file by thread pool-3-thread-3
 message  {Id=22523eb3-a078-428f-83b1-ed56417bda85,FirstNumber=364,secondNumber=41}  added by thread pool-3-thread-6
 message  {Id=22523eb3-a078-428f-83b1-ed56417bda85,FirstNumber=364,secondNumber=41}  written to file by thread pool-3-thread-4
 message  {Id=2d38fe30-8b9b-495f-8858-0ff152eaf3ba,FirstNumber=352,secondNumber=1162}  added by thread pool-3-thread-6
 message  {Id=efd49056-a2cd-4105-aef0-ca8b7d303557,FirstNumber=602,secondNumber=916}  added by thread pool-3-thread-6
 message  {Id=2d38fe30-8b9b-495f-8858-0ff152eaf3ba,FirstNumber=352,secondNumber=1162}  written to file by thread pool-3-thread-2
 message  {Id=eb04cf0b-8442-4ca2-9ad1-0a2f48314c32,FirstNumber=535,secondNumber=1773}  added by thread pool-3-thread-6
 message  {Id=efd49056-a2cd-4105-aef0-ca8b7d303557,FirstNumber=602,secondNumber=916}  written to file by thread pool-3-thread-1
 message  {Id=a99b4efb-ae7d-4778-ae9a-331362d1c260,FirstNumber=69,secondNumber=994}  added by thread pool-3-thread-6
 message  {Id=eb04cf0b-8442-4ca2-9ad1-0a2f48314c32,FirstNumber=535,secondNumber=1773}  written to file by thread pool-3-thread-5
 message  {Id=bfe154ba-36fa-4132-8097-7e4c3e7a5e34,FirstNumber=334,secondNumber=1912}  added by thread pool-3-thread-6
 message  {Id=a99b4efb-ae7d-4778-ae9a-331362d1c260,FirstNumber=69,secondNumber=994}  written to file by thread pool-3-thread-1
 message  {Id=040577dd-990a-4aa8-9753-5195791d6fb9,FirstNumber=982,secondNumber=15}  added by thread pool-3-thread-6
 message  {Id=bfe154ba-36fa-4132-8097-7e4c3e7a5e34,FirstNumber=334,secondNumber=1912}  written to file by thread pool-3-thread-4
 message  {Id=a5e4bcd4-85eb-466b-8fd5-e22360c6f278,FirstNumber=656,secondNumber=684}  added by thread pool-3-thread-6
 message  {Id=040577dd-990a-4aa8-9753-5195791d6fb9,FirstNumber=982,secondNumber=15}  written to file by thread pool-3-thread-2
 message  {Id=c6e10922-f10d-49f4-a49e-cc2cac6575c2,FirstNumber=912,secondNumber=16}  added by thread pool-3-thread-6
 message  {Id=a5e4bcd4-85eb-466b-8fd5-e22360c6f278,FirstNumber=656,secondNumber=684}  written to file by thread pool-3-thread-3
 message  {Id=94204322-74b1-4a59-abae-5779033f55c2,FirstNumber=50,secondNumber=775}  added by thread pool-3-thread-6
 message  {Id=c6e10922-f10d-49f4-a49e-cc2cac6575c2,FirstNumber=912,secondNumber=16}  written to file by thread pool-3-thread-2
 message  {Id=c843bc32-c679-4cc2-b4e6-c8d85fa550d4,FirstNumber=960,secondNumber=1698}  added by thread pool-3-thread-6
 message  {Id=94204322-74b1-4a59-abae-5779033f55c2,FirstNumber=50,secondNumber=775}  written to file by thread pool-3-thread-1
 message  {Id=331f0d6e-f950-4aa0-9e5d-5a27ea184ebf,FirstNumber=786,secondNumber=1772}  added by thread pool-3-thread-6
 message  {Id=c843bc32-c679-4cc2-b4e6-c8d85fa550d4,FirstNumber=960,secondNumber=1698}  written to file by thread pool-3-thread-2
 message  {Id=866e4633-a7f2-4c3b-b457-e3cab684eb4c,FirstNumber=574,secondNumber=66}  added by thread pool-3-thread-6
 message  {Id=331f0d6e-f950-4aa0-9e5d-5a27ea184ebf,FirstNumber=786,secondNumber=1772}  written to file by thread pool-3-thread-5
 message  {Id=89ddcc2e-699f-4680-a6e5-5db30c312f10,FirstNumber=183,secondNumber=699}  added by thread pool-3-thread-6
 message  {Id=866e4633-a7f2-4c3b-b457-e3cab684eb4c,FirstNumber=574,secondNumber=66}  written to file by thread pool-3-thread-2
 message  {Id=ea961e23-9ffb-4560-b82f-cb87970e7344,FirstNumber=862,secondNumber=613}  added by thread pool-3-thread-6
 message  {Id=89ddcc2e-699f-4680-a6e5-5db30c312f10,FirstNumber=183,secondNumber=699}  written to file by thread pool-3-thread-4
 message  {Id=6abd0ca5-80aa-4822-89ae-a61a4d2055e9,FirstNumber=761,secondNumber=762}  added by thread pool-3-thread-6
 message  {Id=ea961e23-9ffb-4560-b82f-cb87970e7344,FirstNumber=862,secondNumber=613}  written to file by thread pool-3-thread-2
 message  {Id=0a8201ff-b963-474c-95c8-51c125c8555f,FirstNumber=703,secondNumber=1424}  added by thread pool-3-thread-6
 message  {Id=6abd0ca5-80aa-4822-89ae-a61a4d2055e9,FirstNumber=761,secondNumber=762}  written to file by thread pool-3-thread-3
 message  {Id=0a8201ff-b963-474c-95c8-51c125c8555f,FirstNumber=703,secondNumber=1424}  written to file by thread pool-3-thread-2
 message  {Id=900d5b4d-2743-4934-83df-e4e3bf149fe0,FirstNumber=94,secondNumber=1122}  added by thread pool-3-thread-6
 message  {Id=634b7e23-b36d-44da-93f9-f5b661421f65,FirstNumber=901,secondNumber=278}  added by thread pool-3-thread-6
 message  {Id=900d5b4d-2743-4934-83df-e4e3bf149fe0,FirstNumber=94,secondNumber=1122}  written to file by thread pool-3-thread-3
 message  {Id=d5ead1a7-e70d-492e-b737-5e41861c973d,FirstNumber=920,secondNumber=564}  added by thread pool-3-thread-6
 message  {Id=634b7e23-b36d-44da-93f9-f5b661421f65,FirstNumber=901,secondNumber=278}  written to file by thread pool-3-thread-4
 message  {Id=0cb78feb-07eb-46c8-ba10-93c775e7dcdf,FirstNumber=19,secondNumber=1260}  added by thread pool-3-thread-6
 message  {Id=d5ead1a7-e70d-492e-b737-5e41861c973d,FirstNumber=920,secondNumber=564}  written to file by thread pool-3-thread-3
 message  {Id=56efb1e6-c1d2-4375-833e-9d4cb75f97d4,FirstNumber=916,secondNumber=832}  added by thread pool-3-thread-6
 message  {Id=0cb78feb-07eb-46c8-ba10-93c775e7dcdf,FirstNumber=19,secondNumber=1260}  written to file by thread pool-3-thread-1
 message  {Id=6eb5df50-0a5d-48eb-8d47-832768164c8e,FirstNumber=591,secondNumber=1849}  added by thread pool-3-thread-6
 message  {Id=56efb1e6-c1d2-4375-833e-9d4cb75f97d4,FirstNumber=916,secondNumber=832}  written to file by thread pool-3-thread-2
 message  {Id=874def5c-66a9-49b4-816e-82469022cdd9,FirstNumber=231,secondNumber=1062}  added by thread pool-3-thread-6
 message  {Id=6eb5df50-0a5d-48eb-8d47-832768164c8e,FirstNumber=591,secondNumber=1849}  written to file by thread pool-3-thread-5
 message  {Id=641fad21-c2c1-4044-8230-1de407a47cac,FirstNumber=829,secondNumber=328}  added by thread pool-3-thread-6
 message  {Id=874def5c-66a9-49b4-816e-82469022cdd9,FirstNumber=231,secondNumber=1062}  written to file by thread pool-3-thread-4
 message  {Id=641fad21-c2c1-4044-8230-1de407a47cac,FirstNumber=829,secondNumber=328}  written to file by thread pool-3-thread-3
 message  {Id=32becc49-db7d-42a8-9921-c2c7d04b8cc5,FirstNumber=22,secondNumber=1375}  added by thread pool-3-thread-6
 message  {Id=32becc49-db7d-42a8-9921-c2c7d04b8cc5,FirstNumber=22,secondNumber=1375}  written to file by thread pool-3-thread-1
 message  {Id=aa9ef59f-01cd-41fa-b638-39b4c4244ada,FirstNumber=376,secondNumber=97}  added by thread pool-3-thread-6
 message  {Id=aa9ef59f-01cd-41fa-b638-39b4c4244ada,FirstNumber=376,secondNumber=97}  written to file by thread pool-3-thread-2
 message  {Id=5d7c2757-4c29-450a-b633-27eba8ac79b7,FirstNumber=77,secondNumber=1049}  added by thread pool-3-thread-6
 message  {Id=4b9cced6-da8c-4835-b3c6-78fba0c36677,FirstNumber=187,secondNumber=734}  added by thread pool-3-thread-6
 message  {Id=5d7c2757-4c29-450a-b633-27eba8ac79b7,FirstNumber=77,secondNumber=1049}  written to file by thread pool-3-thread-5
 message  {Id=6b23cec7-a0c0-43c0-8c15-dea588da4d2b,FirstNumber=879,secondNumber=571}  added by thread pool-3-thread-6
 message  {Id=4b9cced6-da8c-4835-b3c6-78fba0c36677,FirstNumber=187,secondNumber=734}  written to file by thread pool-3-thread-4
 message  {Id=6b23cec7-a0c0-43c0-8c15-dea588da4d2b,FirstNumber=879,secondNumber=571}  written to file by thread pool-3-thread-3
 message  {Id=33602dd6-2f3d-4c23-bac9-901f6bcce495,FirstNumber=995,secondNumber=725}  added by thread pool-3-thread-6
 message  {Id=9cd97874-6699-47bd-ac02-e7da899234fa,FirstNumber=660,secondNumber=206}  added by thread pool-3-thread-6
 message  {Id=33602dd6-2f3d-4c23-bac9-901f6bcce495,FirstNumber=995,secondNumber=725}  written to file by thread pool-3-thread-1
 message  {Id=9cd97874-6699-47bd-ac02-e7da899234fa,FirstNumber=660,secondNumber=206}  written to file by thread pool-3-thread-2
 message  {Id=97015f0f-162e-4aa3-a49e-9ebba778b872,FirstNumber=851,secondNumber=829}  added by thread pool-3-thread-6
 message  {Id=97015f0f-162e-4aa3-a49e-9ebba778b872,FirstNumber=851,secondNumber=829}  written to file by thread pool-3-thread-5
 message  {Id=e9a4736b-feca-472d-8b20-dd572cc8e6aa,FirstNumber=618,secondNumber=548}  added by thread pool-3-thread-6
 message  {Id=e9a4736b-feca-472d-8b20-dd572cc8e6aa,FirstNumber=618,secondNumber=548}  written to file by thread pool-3-thread-4
 message  {Id=e3a69e86-377f-417e-b506-4ee0d81cbc21,FirstNumber=562,secondNumber=894}  added by thread pool-3-thread-6
 message  {Id=e3a69e86-377f-417e-b506-4ee0d81cbc21,FirstNumber=562,secondNumber=894}  written to file by thread pool-3-thread-3
 message  {Id=be6fc0e9-5caf-4b4b-bde4-9cbab87c0eda,FirstNumber=567,secondNumber=383}  added by thread pool-3-thread-6
 message  {Id=a754a53e-f4f1-4756-92ca-0d1288b6af1e,FirstNumber=434,secondNumber=344}  added by thread pool-3-thread-6
 message  {Id=be6fc0e9-5caf-4b4b-bde4-9cbab87c0eda,FirstNumber=567,secondNumber=383}  written to file by thread pool-3-thread-1
 message  {Id=a754a53e-f4f1-4756-92ca-0d1288b6af1e,FirstNumber=434,secondNumber=344}  written to file by thread pool-3-thread-2
 message  {Id=f9a209aa-c37a-4618-8ac7-950a08577879,FirstNumber=554,secondNumber=340}  added by thread pool-3-thread-6
 message  {Id=f9a209aa-c37a-4618-8ac7-950a08577879,FirstNumber=554,secondNumber=340}  written to file by thread pool-3-thread-5
 message  {Id=32133dec-25fa-40cf-bbb3-aca45bce1b4f,FirstNumber=708,secondNumber=1995}  added by thread pool-3-thread-6
 message  {Id=de25146d-1423-4dd3-9b56-9a6f8ff349fb,FirstNumber=467,secondNumber=1345}  added by thread pool-3-thread-6
 message  {Id=32133dec-25fa-40cf-bbb3-aca45bce1b4f,FirstNumber=708,secondNumber=1995}  written to file by thread pool-3-thread-4
 message  {Id=de25146d-1423-4dd3-9b56-9a6f8ff349fb,FirstNumber=467,secondNumber=1345}  written to file by thread pool-3-thread-3
 message  {Id=c482fefd-fdfc-4f47-9926-6c54e0aae323,FirstNumber=462,secondNumber=1615}  added by thread pool-3-thread-6
 message  {Id=c482fefd-fdfc-4f47-9926-6c54e0aae323,FirstNumber=462,secondNumber=1615}  written to file by thread pool-3-thread-1
 message  {Id=3fd7a9a6-637d-49ac-a423-6d658e99022b,FirstNumber=517,secondNumber=990}  written to file by thread pool-3-thread-2
 message  {Id=3fd7a9a6-637d-49ac-a423-6d658e99022b,FirstNumber=517,secondNumber=990}  added by thread pool-3-thread-6
 message  {Id=9132a489-b4b9-42d2-b26c-d712ebebc840,FirstNumber=163,secondNumber=1068}  added by thread pool-3-thread-6
 message  {Id=5c6cf076-3a42-43c5-b373-fe87045f1049,FirstNumber=632,secondNumber=646}  added by thread pool-3-thread-6
 message  {Id=9132a489-b4b9-42d2-b26c-d712ebebc840,FirstNumber=163,secondNumber=1068}  written to file by thread pool-3-thread-5
 message  {Id=7c7bf2fa-26ef-446d-9ffc-f03bc4dc5df3,FirstNumber=597,secondNumber=1308}  added by thread pool-3-thread-6
 message  {Id=5c6cf076-3a42-43c5-b373-fe87045f1049,FirstNumber=632,secondNumber=646}  written to file by thread pool-3-thread-4
 message  {Id=7c7bf2fa-26ef-446d-9ffc-f03bc4dc5df3,FirstNumber=597,secondNumber=1308}  written to file by thread pool-3-thread-3
 message  {Id=dba8ff6c-b760-4771-b1d8-e6d26185aeae,FirstNumber=198,secondNumber=1009}  added by thread pool-3-thread-6
 message  {Id=6849bc65-7f92-4d06-84ab-7f6407e2b9eb,FirstNumber=979,secondNumber=1624}  added by thread pool-3-thread-6
 message  {Id=dba8ff6c-b760-4771-b1d8-e6d26185aeae,FirstNumber=198,secondNumber=1009}  written to file by thread pool-3-thread-1
 message  {Id=6849bc65-7f92-4d06-84ab-7f6407e2b9eb,FirstNumber=979,secondNumber=1624}  written to file by thread pool-3-thread-2
 message  {Id=753ae13a-5e4b-4fac-8372-41ec922acaa2,FirstNumber=650,secondNumber=813}  added by thread pool-3-thread-6
 message  {Id=4fbf7d5a-60ab-49a2-bf52-e1f19647f1d8,FirstNumber=514,secondNumber=842}  added by thread pool-3-thread-6
 message  {Id=753ae13a-5e4b-4fac-8372-41ec922acaa2,FirstNumber=650,secondNumber=813}  written to file by thread pool-3-thread-5
 message  {Id=396c9864-016b-4480-af06-ad758828ed6b,FirstNumber=822,secondNumber=1632}  added by thread pool-3-thread-6
 message  {Id=4fbf7d5a-60ab-49a2-bf52-e1f19647f1d8,FirstNumber=514,secondNumber=842}  written to file by thread pool-3-thread-4
 message  {Id=396c9864-016b-4480-af06-ad758828ed6b,FirstNumber=822,secondNumber=1632}  written to file by thread pool-3-thread-3
 message  {Id=7c7cb7e1-a3e7-4dbc-8d7b-66ef517270af,FirstNumber=141,secondNumber=809}  added by thread pool-3-thread-6
 message  {Id=9798413d-5408-48e8-b6a8-05be627eca53,FirstNumber=757,secondNumber=176}  added by thread pool-3-thread-6
 message  {Id=7c7cb7e1-a3e7-4dbc-8d7b-66ef517270af,FirstNumber=141,secondNumber=809}  written to file by thread pool-3-thread-1
 message  {Id=9798413d-5408-48e8-b6a8-05be627eca53,FirstNumber=757,secondNumber=176}  written to file by thread pool-3-thread-2
 message  {Id=a05c012b-76f7-4a65-879d-8345bdf15527,FirstNumber=920,secondNumber=977}  added by thread pool-3-thread-6
 message  {Id=a05c012b-76f7-4a65-879d-8345bdf15527,FirstNumber=920,secondNumber=977}  written to file by thread pool-3-thread-5
 message  {Id=05901ae3-d170-475b-9d31-5820cdb67ace,FirstNumber=965,secondNumber=1522}  added by thread pool-3-thread-6
 message  {Id=05901ae3-d170-475b-9d31-5820cdb67ace,FirstNumber=965,secondNumber=1522}  written to file by thread pool-3-thread-4
 message  {Id=c44ed02a-5063-4780-b226-dd886bcf5ce6,FirstNumber=770,secondNumber=1716}  added by thread pool-3-thread-6
 message  {Id=c44ed02a-5063-4780-b226-dd886bcf5ce6,FirstNumber=770,secondNumber=1716}  written to file by thread pool-3-thread-3
 message  {Id=78dda93a-4d2c-4cec-8551-9ab5b3ab2cb2,FirstNumber=20,secondNumber=1160}  added by thread pool-3-thread-6
 message  {Id=78dda93a-4d2c-4cec-8551-9ab5b3ab2cb2,FirstNumber=20,secondNumber=1160}  written to file by thread pool-3-thread-1
 message  {Id=0e677ce1-858a-426b-9a88-4d1cbf7cb4cf,FirstNumber=936,secondNumber=696}  added by thread pool-3-thread-6
 message  {Id=0e677ce1-858a-426b-9a88-4d1cbf7cb4cf,FirstNumber=936,secondNumber=696}  written to file by thread pool-3-thread-2
 message  {Id=f5be4d28-b69d-483f-86e9-f90835362816,FirstNumber=877,secondNumber=551}  added by thread pool-3-thread-6
 message  {Id=f5be4d28-b69d-483f-86e9-f90835362816,FirstNumber=877,secondNumber=551}  written to file by thread pool-3-thread-5
 message  {Id=e1ce8698-2f14-4e62-a525-2ad100d74efd,FirstNumber=315,secondNumber=397}  added by thread pool-3-thread-6
 message  {Id=06ff9fbb-e9c3-4b55-87e1-e0c4177ce82f,FirstNumber=781,secondNumber=954}  added by thread pool-3-thread-6
 message  {Id=e1ce8698-2f14-4e62-a525-2ad100d74efd,FirstNumber=315,secondNumber=397}  written to file by thread pool-3-thread-4
 message  {Id=a85e92b7-4c5e-4a80-9e7e-d8b42c94aed3,FirstNumber=19,secondNumber=908}  added by thread pool-3-thread-6
 message  {Id=06ff9fbb-e9c3-4b55-87e1-e0c4177ce82f,FirstNumber=781,secondNumber=954}  written to file by thread pool-3-thread-3
 message  {Id=429e3401-9a64-423c-bcf0-0ebc50b3be1f,FirstNumber=580,secondNumber=1677}  added by thread pool-3-thread-6
 message  {Id=a85e92b7-4c5e-4a80-9e7e-d8b42c94aed3,FirstNumber=19,secondNumber=908}  written to file by thread pool-3-thread-4
 message  {Id=429e3401-9a64-423c-bcf0-0ebc50b3be1f,FirstNumber=580,secondNumber=1677}  written to file by thread pool-3-thread-2
 message  {Id=e79d9901-f17b-4c3d-9518-37767f729df7,FirstNumber=877,secondNumber=618}  added by thread pool-3-thread-6
 message  {Id=71cf402d-5752-4a9f-82e0-bf90a61fb347,FirstNumber=644,secondNumber=224}  added by thread pool-3-thread-6
 message  {Id=e79d9901-f17b-4c3d-9518-37767f729df7,FirstNumber=877,secondNumber=618}  written to file by thread pool-3-thread-5
 message  {Id=71cf402d-5752-4a9f-82e0-bf90a61fb347,FirstNumber=644,secondNumber=224}  written to file by thread pool-3-thread-1
 message  {Id=621ccf7a-a647-40fd-ba9b-a4415b0ba4b7,FirstNumber=100,secondNumber=1631}  added by thread pool-3-thread-6
 message  {Id=6bd0f36d-95e2-437e-83f2-cb06a2663bf4,FirstNumber=98,secondNumber=1581}  added by thread pool-3-thread-6
 message  {Id=621ccf7a-a647-40fd-ba9b-a4415b0ba4b7,FirstNumber=100,secondNumber=1631}  written to file by thread pool-3-thread-3
 message  {Id=046c965d-3123-4468-9ada-bc9ba4e25830,FirstNumber=262,secondNumber=1724}  added by thread pool-3-thread-6
 message  {Id=6bd0f36d-95e2-437e-83f2-cb06a2663bf4,FirstNumber=98,secondNumber=1581}  written to file by thread pool-3-thread-4
 message  {Id=046c965d-3123-4468-9ada-bc9ba4e25830,FirstNumber=262,secondNumber=1724}  written to file by thread pool-3-thread-2
 message  {Id=5a8c9363-422e-4f56-b73a-b5ed8bdb624e,FirstNumber=372,secondNumber=1757}  added by thread pool-3-thread-6
 message  {Id=5a8c9363-422e-4f56-b73a-b5ed8bdb624e,FirstNumber=372,secondNumber=1757}  written to file by thread pool-3-thread-5
 message  {Id=b820eadd-ec98-492e-b2c1-3a1072b28b01,FirstNumber=258,secondNumber=888}  added by thread pool-3-thread-6
 message  {Id=b820eadd-ec98-492e-b2c1-3a1072b28b01,FirstNumber=258,secondNumber=888}  written to file by thread pool-3-thread-1
 message  {Id=be625212-18ad-4049-8b05-0d61229e94b6,FirstNumber=914,secondNumber=217}  added by thread pool-3-thread-6
 message  {Id=be625212-18ad-4049-8b05-0d61229e94b6,FirstNumber=914,secondNumber=217}  written to file by thread pool-3-thread-3
 message  {Id=37a3538a-db4a-49db-8694-d3d417dd8dcb,FirstNumber=758,secondNumber=1521}  added by thread pool-3-thread-6
 message  {Id=37a3538a-db4a-49db-8694-d3d417dd8dcb,FirstNumber=758,secondNumber=1521}  written to file by thread pool-3-thread-4
 message  {Id=f65278d0-b17d-4714-a59a-a2f2088d804b,FirstNumber=152,secondNumber=135}  added by thread pool-3-thread-6
 message  {Id=f65278d0-b17d-4714-a59a-a2f2088d804b,FirstNumber=152,secondNumber=135}  written to file by thread pool-3-thread-2
 message  {Id=fccdbc94-bf07-45d3-bfaa-169d362e25e5,FirstNumber=821,secondNumber=130}  added by thread pool-3-thread-6
 message  {Id=67cc8bb8-2d5c-4770-ad56-5133e196dd50,FirstNumber=346,secondNumber=1869}  added by thread pool-3-thread-6
 message  {Id=fccdbc94-bf07-45d3-bfaa-169d362e25e5,FirstNumber=821,secondNumber=130}  written to file by thread pool-3-thread-5
 message  {Id=67cc8bb8-2d5c-4770-ad56-5133e196dd50,FirstNumber=346,secondNumber=1869}  written to file by thread pool-3-thread-1
 message  {Id=b10efb84-896d-475d-bb65-d96876b4b1ed,FirstNumber=673,secondNumber=1829}  added by thread pool-3-thread-6
 message  {Id=fa7cc8af-d67f-4388-96a6-c343e2212740,FirstNumber=312,secondNumber=1465}  added by thread pool-3-thread-6
 message  {Id=b10efb84-896d-475d-bb65-d96876b4b1ed,FirstNumber=673,secondNumber=1829}  written to file by thread pool-3-thread-3
 message  {Id=bb67ea1f-37f0-4484-b24c-222adafe2d36,FirstNumber=945,secondNumber=587}  added by thread pool-3-thread-6
 message  {Id=fa7cc8af-d67f-4388-96a6-c343e2212740,FirstNumber=312,secondNumber=1465}  written to file by thread pool-3-thread-4
 message  {Id=bb67ea1f-37f0-4484-b24c-222adafe2d36,FirstNumber=945,secondNumber=587}  written to file by thread pool-3-thread-2
 message  {Id=b41b27ac-45f7-4b38-9000-58fa7149ae73,FirstNumber=564,secondNumber=1941}  added by thread pool-3-thread-6
 message  {Id=b41b27ac-45f7-4b38-9000-58fa7149ae73,FirstNumber=564,secondNumber=1941}  written to file by thread pool-3-thread-5
 message  {Id=a1fce0df-0cae-4fc8-a51b-c96dbe6c0c05,FirstNumber=374,secondNumber=402}  added by thread pool-3-thread-6
 message  {Id=a1fce0df-0cae-4fc8-a51b-c96dbe6c0c05,FirstNumber=374,secondNumber=402}  written to file by thread pool-3-thread-1
 message  {Id=35ced7d0-106a-4e39-981e-090cf2c0f374,FirstNumber=159,secondNumber=235}  added by thread pool-3-thread-6
 message  {Id=35ced7d0-106a-4e39-981e-090cf2c0f374,FirstNumber=159,secondNumber=235}  written to file by thread pool-3-thread-3
 message  {Id=25d44014-b70f-412f-bf40-8a5194df9ab7,FirstNumber=450,secondNumber=1178}  added by thread pool-3-thread-6
 message  {Id=ff5cd216-80ab-4ddf-abde-19d48d4b713e,FirstNumber=925,secondNumber=389}  added by thread pool-3-thread-6
 message  {Id=25d44014-b70f-412f-bf40-8a5194df9ab7,FirstNumber=450,secondNumber=1178}  written to file by thread pool-3-thread-4
 message  {Id=ff5cd216-80ab-4ddf-abde-19d48d4b713e,FirstNumber=925,secondNumber=389}  written to file by thread pool-3-thread-2
 message  {Id=9a1a2330-6bb1-4e61-a723-cc34cf14fc32,FirstNumber=856,secondNumber=1567}  added by thread pool-3-thread-6
 message  {Id=9a1a2330-6bb1-4e61-a723-cc34cf14fc32,FirstNumber=856,secondNumber=1567}  written to file by thread pool-3-thread-5
 message  {Id=e0e66f28-12b8-4726-9c35-934d87c5939e,FirstNumber=857,secondNumber=625}  added by thread pool-3-thread-6
 message  {Id=e0e66f28-12b8-4726-9c35-934d87c5939e,FirstNumber=857,secondNumber=625}  written to file by thread pool-3-thread-1
 message  {Id=bf3949b9-0569-48d6-a85b-93db6268836f,FirstNumber=307,secondNumber=1671}  added by thread pool-3-thread-6
 message  {Id=bf3949b9-0569-48d6-a85b-93db6268836f,FirstNumber=307,secondNumber=1671}  written to file by thread pool-3-thread-3
 message  {Id=3c08dc27-6743-4c46-9172-7a42ed91b58e,FirstNumber=175,secondNumber=910}  added by thread pool-3-thread-6
 message  {Id=32e0c7b8-888b-471e-9059-df27eda8c009,FirstNumber=475,secondNumber=946}  added by thread pool-3-thread-6
 message  {Id=3c08dc27-6743-4c46-9172-7a42ed91b58e,FirstNumber=175,secondNumber=910}  written to file by thread pool-3-thread-4
 message  {Id=32e0c7b8-888b-471e-9059-df27eda8c009,FirstNumber=475,secondNumber=946}  written to file by thread pool-3-thread-2
 message  {Id=bf2dc71b-21e4-44bf-99d9-3972883e7cf0,FirstNumber=184,secondNumber=223}  added by thread pool-3-thread-6
 message  {Id=bf2dc71b-21e4-44bf-99d9-3972883e7cf0,FirstNumber=184,secondNumber=223}  written to file by thread pool-3-thread-5
 message  {Id=f37e8d33-5786-47aa-84f6-6a26caed0e68,FirstNumber=661,secondNumber=1428}  added by thread pool-3-thread-6
 message  {Id=aacd0107-423d-4e5f-88f9-1ac0a3d03f65,FirstNumber=856,secondNumber=224}  added by thread pool-3-thread-6
 message  {Id=f37e8d33-5786-47aa-84f6-6a26caed0e68,FirstNumber=661,secondNumber=1428}  written to file by thread pool-3-thread-1
 message  {Id=aacd0107-423d-4e5f-88f9-1ac0a3d03f65,FirstNumber=856,secondNumber=224}  written to file by thread pool-3-thread-3
 message  {Id=1a94c470-4bb7-4a23-a9eb-8e8c6f93b3f2,FirstNumber=74,secondNumber=334}  added by thread pool-3-thread-6
 message  {Id=90966d68-5319-492e-a24c-6fa38d3849a0,FirstNumber=403,secondNumber=580}  added by thread pool-3-thread-6
 message  {Id=1a94c470-4bb7-4a23-a9eb-8e8c6f93b3f2,FirstNumber=74,secondNumber=334}  written to file by thread pool-3-thread-4
 message  {Id=90966d68-5319-492e-a24c-6fa38d3849a0,FirstNumber=403,secondNumber=580}  written to file by thread pool-3-thread-2
 message  {Id=6f33ed3a-d83d-422c-b2e3-eb91a0dd40d6,FirstNumber=488,secondNumber=882}  added by thread pool-3-thread-6
 message  {Id=6f33ed3a-d83d-422c-b2e3-eb91a0dd40d6,FirstNumber=488,secondNumber=882}  written to file by thread pool-3-thread-5
 message  {Id=74f77c3c-7ba0-4389-ada1-b033afa4adbd,FirstNumber=373,secondNumber=732}  added by thread pool-3-thread-6
 message  {Id=74f77c3c-7ba0-4389-ada1-b033afa4adbd,FirstNumber=373,secondNumber=732}  written to file by thread pool-3-thread-1
 message  {Id=1873c3ef-d333-48de-aa96-baa184197c65,FirstNumber=572,secondNumber=154}  added by thread pool-3-thread-6
 message  {Id=1873c3ef-d333-48de-aa96-baa184197c65,FirstNumber=572,secondNumber=154}  written to file by thread pool-3-thread-3
 message  {Id=83410da3-05b1-4043-9773-60a83b9f4bc9,FirstNumber=798,secondNumber=1987}  added by thread pool-3-thread-6
 message  {Id=4820aa24-a2ce-4b55-b4da-f772fef9a8a2,FirstNumber=587,secondNumber=977}  added by thread pool-3-thread-6
 message  {Id=83410da3-05b1-4043-9773-60a83b9f4bc9,FirstNumber=798,secondNumber=1987}  written to file by thread pool-3-thread-4
 message  {Id=1b88f50b-ab02-4ca3-989b-fa2e15d92451,FirstNumber=68,secondNumber=1586}  added by thread pool-3-thread-6
 message  {Id=4820aa24-a2ce-4b55-b4da-f772fef9a8a2,FirstNumber=587,secondNumber=977}  written to file by thread pool-3-thread-2
 message  {Id=ace7c9f2-ee17-452d-98d1-76cc4a929519,FirstNumber=225,secondNumber=145}  added by thread pool-3-thread-6
 message  {Id=1b88f50b-ab02-4ca3-989b-fa2e15d92451,FirstNumber=68,secondNumber=1586}  written to file by thread pool-3-thread-4
 message  {Id=237eda6f-9101-4c62-b5f1-cae4518275c8,FirstNumber=629,secondNumber=11}  added by thread pool-3-thread-6
 message  {Id=ace7c9f2-ee17-452d-98d1-76cc4a929519,FirstNumber=225,secondNumber=145}  written to file by thread pool-3-thread-2
 message  {Id=f168ff1a-1545-43d0-bf6a-68a6332af250,FirstNumber=837,secondNumber=353}  added by thread pool-3-thread-6
 message  {Id=237eda6f-9101-4c62-b5f1-cae4518275c8,FirstNumber=629,secondNumber=11}  written to file by thread pool-3-thread-3
 message  {Id=2ab2d061-7c84-4a31-97f8-c18ad17a1c90,FirstNumber=197,secondNumber=722}  added by thread pool-3-thread-6
 message  {Id=f168ff1a-1545-43d0-bf6a-68a6332af250,FirstNumber=837,secondNumber=353}  written to file by thread pool-3-thread-5
 message  {Id=3c9af530-4165-46e0-b02d-4f0d57eb24a3,FirstNumber=73,secondNumber=693}  added by thread pool-3-thread-6
 message  {Id=2ab2d061-7c84-4a31-97f8-c18ad17a1c90,FirstNumber=197,secondNumber=722}  written to file by thread pool-3-thread-1
 message  {Id=05e8f59c-e43e-49dc-85c1-aa3717050536,FirstNumber=493,secondNumber=1876}  added by thread pool-3-thread-6
 message  {Id=3c9af530-4165-46e0-b02d-4f0d57eb24a3,FirstNumber=73,secondNumber=693}  written to file by thread pool-3-thread-4
 message  {Id=86ebfb9d-837e-4f0b-88b5-da808d6fc919,FirstNumber=90,secondNumber=1363}  added by thread pool-3-thread-6
 message  {Id=05e8f59c-e43e-49dc-85c1-aa3717050536,FirstNumber=493,secondNumber=1876}  written to file by thread pool-3-thread-2
 message  {Id=ed10a531-bb22-4f35-8220-014c5d3761db,FirstNumber=659,secondNumber=686}  added by thread pool-3-thread-6
 message  {Id=86ebfb9d-837e-4f0b-88b5-da808d6fc919,FirstNumber=90,secondNumber=1363}  written to file by thread pool-3-thread-3
 message  {Id=46fc6495-80fe-4aa0-abf6-832753cf430f,FirstNumber=926,secondNumber=615}  added by thread pool-3-thread-6
 message  {Id=ed10a531-bb22-4f35-8220-014c5d3761db,FirstNumber=659,secondNumber=686}  written to file by thread pool-3-thread-5
 message  {Id=2882f6c6-5bcb-4df7-98be-1e2a46e7899f,FirstNumber=719,secondNumber=57}  added by thread pool-3-thread-6
 message  {Id=46fc6495-80fe-4aa0-abf6-832753cf430f,FirstNumber=926,secondNumber=615}  written to file by thread pool-3-thread-1
 message  {Id=c265a350-01e9-48a1-9f49-c9c158037c6d,FirstNumber=979,secondNumber=1116}  added by thread pool-3-thread-6
 message  {Id=2882f6c6-5bcb-4df7-98be-1e2a46e7899f,FirstNumber=719,secondNumber=57}  written to file by thread pool-3-thread-4
 message  {Id=82af4981-ff7d-4240-b4be-7039843d1ff1,FirstNumber=512,secondNumber=4}  added by thread pool-3-thread-6
 message  {Id=c265a350-01e9-48a1-9f49-c9c158037c6d,FirstNumber=979,secondNumber=1116}  written to file by thread pool-3-thread-2
 message  {Id=534a572d-84c2-4bca-8c8c-871cc2be3cde,FirstNumber=45,secondNumber=964}  added by thread pool-3-thread-6
 message  {Id=82af4981-ff7d-4240-b4be-7039843d1ff1,FirstNumber=512,secondNumber=4}  written to file by thread pool-3-thread-3
 message  {Id=0306483c-3a76-45f3-941e-566ee7ac1639,FirstNumber=453,secondNumber=1674}  added by thread pool-3-thread-6
 message  {Id=534a572d-84c2-4bca-8c8c-871cc2be3cde,FirstNumber=45,secondNumber=964}  written to file by thread pool-3-thread-5
 message  {Id=1a27c298-f1bc-4094-9305-fa09179e0cdb,FirstNumber=337,secondNumber=63}  added by thread pool-3-thread-6
 message  {Id=0306483c-3a76-45f3-941e-566ee7ac1639,FirstNumber=453,secondNumber=1674}  written to file by thread pool-3-thread-1
 message  {Id=8e5cd471-b7b0-403f-b3eb-fb0eb03cf2d9,FirstNumber=941,secondNumber=1618}  added by thread pool-3-thread-6
 message  {Id=1a27c298-f1bc-4094-9305-fa09179e0cdb,FirstNumber=337,secondNumber=63}  written to file by thread pool-3-thread-4
 message  {Id=a07f0880-e917-4dd0-97b7-22f470d80ad9,FirstNumber=63,secondNumber=1650}  added by thread pool-3-thread-6
 message  {Id=8e5cd471-b7b0-403f-b3eb-fb0eb03cf2d9,FirstNumber=941,secondNumber=1618}  written to file by thread pool-3-thread-2
 message  {Id=b9ab1a22-f15b-40ed-8bb6-d770a2191627,FirstNumber=615,secondNumber=607}  added by thread pool-3-thread-6
 message  {Id=a07f0880-e917-4dd0-97b7-22f470d80ad9,FirstNumber=63,secondNumber=1650}  written to file by thread pool-3-thread-3
 message  {Id=b9ab1a22-f15b-40ed-8bb6-d770a2191627,FirstNumber=615,secondNumber=607}  written to file by thread pool-3-thread-2
 message  {Id=712d6aba-97b1-4f43-9741-b1cb185615b9,FirstNumber=831,secondNumber=1441}  added by thread pool-3-thread-6
 message  {Id=712d6aba-97b1-4f43-9741-b1cb185615b9,FirstNumber=831,secondNumber=1441}  written to file by thread pool-3-thread-3
 message  {Id=aa31cb05-a7d5-4bfa-b066-4ced19fcdef1,FirstNumber=409,secondNumber=1584}  added by thread pool-3-thread-6
 message  {Id=ce94bea0-b9b3-41b6-9a74-023c120975cc,FirstNumber=93,secondNumber=179}  added by thread pool-3-thread-6
 message  {Id=aa31cb05-a7d5-4bfa-b066-4ced19fcdef1,FirstNumber=409,secondNumber=1584}  written to file by thread pool-3-thread-4
 message  {Id=bb5c18b3-ea88-4291-a6f9-1b6f884f1a35,FirstNumber=245,secondNumber=440}  added by thread pool-3-thread-6
 message  {Id=ce94bea0-b9b3-41b6-9a74-023c120975cc,FirstNumber=93,secondNumber=179}  written to file by thread pool-3-thread-5
 message  {Id=8f969998-8fc2-4991-8d2e-5df42e5a8818,FirstNumber=579,secondNumber=45}  added by thread pool-3-thread-6
 message  {Id=bb5c18b3-ea88-4291-a6f9-1b6f884f1a35,FirstNumber=245,secondNumber=440}  written to file by thread pool-3-thread-1
 message  {Id=b2c6ba23-d924-432f-ba8a-05dc7dd95404,FirstNumber=612,secondNumber=345}  added by thread pool-3-thread-6
 message  {Id=8f969998-8fc2-4991-8d2e-5df42e5a8818,FirstNumber=579,secondNumber=45}  written to file by thread pool-3-thread-2
 message  {Id=6c938f5a-8ac4-431f-af7f-baed0274e61c,FirstNumber=581,secondNumber=550}  added by thread pool-3-thread-6
 message  {Id=b2c6ba23-d924-432f-ba8a-05dc7dd95404,FirstNumber=612,secondNumber=345}  written to file by thread pool-3-thread-3
 message  {Id=9fb02b9f-2f0d-45de-b7a3-24e2ba86d15e,FirstNumber=424,secondNumber=771}  added by thread pool-3-thread-6
 message  {Id=6c938f5a-8ac4-431f-af7f-baed0274e61c,FirstNumber=581,secondNumber=550}  written to file by thread pool-3-thread-4
 message  {Id=d5560318-cef7-49b9-b263-62ed738d6e7d,FirstNumber=109,secondNumber=963}  added by thread pool-3-thread-6
 message  {Id=9fb02b9f-2f0d-45de-b7a3-24e2ba86d15e,FirstNumber=424,secondNumber=771}  written to file by thread pool-3-thread-5
 message  {Id=a42cb85e-217a-459d-aab9-f3753809098e,FirstNumber=96,secondNumber=1828}  added by thread pool-3-thread-6
 message  {Id=d5560318-cef7-49b9-b263-62ed738d6e7d,FirstNumber=109,secondNumber=963}  written to file by thread pool-3-thread-1
 message  {Id=0f181ef8-a31a-4890-b625-58e4ca29ff0f,FirstNumber=731,secondNumber=887}  added by thread pool-3-thread-6
 message  {Id=a42cb85e-217a-459d-aab9-f3753809098e,FirstNumber=96,secondNumber=1828}  written to file by thread pool-3-thread-2
 message  {Id=3bdd207d-49c9-41ce-8365-939e416b5598,FirstNumber=338,secondNumber=556}  added by thread pool-3-thread-6
 message  {Id=0f181ef8-a31a-4890-b625-58e4ca29ff0f,FirstNumber=731,secondNumber=887}  written to file by thread pool-3-thread-3
 message  {Id=19e27705-b4b6-45ce-aa26-be4ffd4de001,FirstNumber=402,secondNumber=956}  added by thread pool-3-thread-6
 message  {Id=3bdd207d-49c9-41ce-8365-939e416b5598,FirstNumber=338,secondNumber=556}  written to file by thread pool-3-thread-4
 message  {Id=26dcbc1b-5428-40f6-a82c-68f0986a4366,FirstNumber=24,secondNumber=1552}  added by thread pool-3-thread-6
 message  {Id=19e27705-b4b6-45ce-aa26-be4ffd4de001,FirstNumber=402,secondNumber=956}  written to file by thread pool-3-thread-3
 message  {Id=f4470350-323e-4028-bff1-7341e030cfb3,FirstNumber=348,secondNumber=1396}  added by thread pool-3-thread-6
 message  {Id=26dcbc1b-5428-40f6-a82c-68f0986a4366,FirstNumber=24,secondNumber=1552}  written to file by thread pool-3-thread-1
 message  {Id=224eafd8-d2eb-4082-8786-4eb89b1048c0,FirstNumber=812,secondNumber=156}  added by thread pool-3-thread-6
 message  {Id=f4470350-323e-4028-bff1-7341e030cfb3,FirstNumber=348,secondNumber=1396}  written to file by thread pool-3-thread-2
 message  {Id=5155ae7b-e9df-4889-984d-59f3f65db8b5,FirstNumber=789,secondNumber=1942}  added by thread pool-3-thread-6
 message  {Id=224eafd8-d2eb-4082-8786-4eb89b1048c0,FirstNumber=812,secondNumber=156}  written to file by thread pool-3-thread-5
 message  {Id=633a790d-5078-4544-a034-d90bd6fa9672,FirstNumber=375,secondNumber=221}  added by thread pool-3-thread-6
 message  {Id=5155ae7b-e9df-4889-984d-59f3f65db8b5,FirstNumber=789,secondNumber=1942}  written to file by thread pool-3-thread-4
 message  {Id=2ae38809-1df9-4d90-9671-0bea2b9b2f04,FirstNumber=513,secondNumber=892}  added by thread pool-3-thread-6
 message  {Id=633a790d-5078-4544-a034-d90bd6fa9672,FirstNumber=375,secondNumber=221}  written to file by thread pool-3-thread-3
 message  {Id=14b69ca0-4836-4506-9842-37e8a6a3d4be,FirstNumber=673,secondNumber=2}  added by thread pool-3-thread-6
 message  {Id=2ae38809-1df9-4d90-9671-0bea2b9b2f04,FirstNumber=513,secondNumber=892}  written to file by thread pool-3-thread-1
 message  {Id=14b69ca0-4836-4506-9842-37e8a6a3d4be,FirstNumber=673,secondNumber=2}  written to file by thread pool-3-thread-2
 message  {Id=2bf6237d-959c-49cc-b81d-d7bf4d984c56,FirstNumber=455,secondNumber=1372}  added by thread pool-3-thread-6
 message  {Id=b9d6cdc5-4df4-445c-9128-dfeb7bba6672,FirstNumber=522,secondNumber=1365}  added by thread pool-3-thread-6
 message  {Id=2bf6237d-959c-49cc-b81d-d7bf4d984c56,FirstNumber=455,secondNumber=1372}  written to file by thread pool-3-thread-5
 message  {Id=1a91e33b-5e3f-4a4d-8eba-215caf438dd3,FirstNumber=960,secondNumber=1549}  added by thread pool-3-thread-6
 message  {Id=b9d6cdc5-4df4-445c-9128-dfeb7bba6672,FirstNumber=522,secondNumber=1365}  written to file by thread pool-3-thread-4
 message  {Id=6427bf31-3dc5-4652-848a-ab74298bbaf8,FirstNumber=989,secondNumber=968}  added by thread pool-3-thread-6
 message  {Id=1a91e33b-5e3f-4a4d-8eba-215caf438dd3,FirstNumber=960,secondNumber=1549}  written to file by thread pool-3-thread-5
 message  {Id=09af1751-7be9-48a5-8a01-7d43d58f41cd,FirstNumber=356,secondNumber=977}  added by thread pool-3-thread-6
 message  {Id=6427bf31-3dc5-4652-848a-ab74298bbaf8,FirstNumber=989,secondNumber=968}  written to file by thread pool-3-thread-1
 message  {Id=8c148bf2-6eb6-479a-8e8a-f3e450b92faf,FirstNumber=519,secondNumber=881}  added by thread pool-3-thread-6
 message  {Id=09af1751-7be9-48a5-8a01-7d43d58f41cd,FirstNumber=356,secondNumber=977}  written to file by thread pool-3-thread-5
 message  {Id=4c340ceb-f58c-4a3f-9d87-eee7340e9eb7,FirstNumber=605,secondNumber=1193}  added by thread pool-3-thread-6
 message  {Id=8c148bf2-6eb6-479a-8e8a-f3e450b92faf,FirstNumber=519,secondNumber=881}  written to file by thread pool-3-thread-3
 message  {Id=5607514f-5286-4058-8c19-5a857f50d7fa,FirstNumber=350,secondNumber=1765}  added by thread pool-3-thread-6
 message  {Id=4c340ceb-f58c-4a3f-9d87-eee7340e9eb7,FirstNumber=605,secondNumber=1193}  written to file by thread pool-3-thread-4
 message  {Id=04b24cec-9be9-46d3-8ec8-7d79986d93e7,FirstNumber=250,secondNumber=248}  added by thread pool-3-thread-6
 message  {Id=5607514f-5286-4058-8c19-5a857f50d7fa,FirstNumber=350,secondNumber=1765}  written to file by thread pool-3-thread-2
 message  {Id=85b54220-d20c-43da-a4f9-6d8ebc33ea5b,FirstNumber=301,secondNumber=887}  added by thread pool-3-thread-6
 message  {Id=04b24cec-9be9-46d3-8ec8-7d79986d93e7,FirstNumber=250,secondNumber=248}  written to file by thread pool-3-thread-1
 message  {Id=bb2babab-75e4-410c-b76b-1b2dce6dc927,FirstNumber=292,secondNumber=894}  added by thread pool-3-thread-6
 message  {Id=56b74c8f-e3da-4feb-a749-9ce2a2685e85,FirstNumber=227,secondNumber=923}  added by thread pool-3-thread-6
 message  {Id=85b54220-d20c-43da-a4f9-6d8ebc33ea5b,FirstNumber=301,secondNumber=887}  written to file by thread pool-3-thread-5
 message  {Id=bb2babab-75e4-410c-b76b-1b2dce6dc927,FirstNumber=292,secondNumber=894}  written to file by thread pool-3-thread-3
 message  {Id=8a610010-98bf-4e5d-9c1f-4977150e7641,FirstNumber=824,secondNumber=154}  added by thread pool-3-thread-6
 message  {Id=56b74c8f-e3da-4feb-a749-9ce2a2685e85,FirstNumber=227,secondNumber=923}  written to file by thread pool-3-thread-4
 message  {Id=e92fa89e-3452-4582-8e5f-646a270acf47,FirstNumber=319,secondNumber=974}  added by thread pool-3-thread-6
 message  {Id=8a610010-98bf-4e5d-9c1f-4977150e7641,FirstNumber=824,secondNumber=154}  written to file by thread pool-3-thread-2
 message  {Id=ffbdf9df-d035-4e78-acb1-ad34f55a6995,FirstNumber=651,secondNumber=1778}  added by thread pool-3-thread-6
 message  {Id=e92fa89e-3452-4582-8e5f-646a270acf47,FirstNumber=319,secondNumber=974}  written to file by thread pool-3-thread-1
 message  {Id=620ef2bf-d561-4541-8ac6-65c9335398c3,FirstNumber=516,secondNumber=184}  added by thread pool-3-thread-6
 message  {Id=ffbdf9df-d035-4e78-acb1-ad34f55a6995,FirstNumber=651,secondNumber=1778}  written to file by thread pool-3-thread-5
 message  {Id=6edd5865-8d32-48db-b10f-24afeb02f4f7,FirstNumber=168,secondNumber=1590}  added by thread pool-3-thread-6
 message  {Id=620ef2bf-d561-4541-8ac6-65c9335398c3,FirstNumber=516,secondNumber=184}  written to file by thread pool-3-thread-1
 message  {Id=de3ee938-b929-4dc8-bae1-632da3f31f23,FirstNumber=942,secondNumber=111}  added by thread pool-3-thread-6
 message  {Id=6edd5865-8d32-48db-b10f-24afeb02f4f7,FirstNumber=168,secondNumber=1590}  written to file by thread pool-3-thread-4
 message  {Id=de3ee938-b929-4dc8-bae1-632da3f31f23,FirstNumber=942,secondNumber=111}  written to file by thread pool-3-thread-1
 message  {Id=bff927c5-303f-4cd2-a955-3338d9b3017e,FirstNumber=778,secondNumber=1728}  added by thread pool-3-thread-6
 message  {Id=bff927c5-303f-4cd2-a955-3338d9b3017e,FirstNumber=778,secondNumber=1728}  written to file by thread pool-3-thread-1
 message  {Id=11ff4db0-59c2-4915-b902-347d524dfdee,FirstNumber=702,secondNumber=33}  added by thread pool-3-thread-6
 message  {Id=0db01353-f86c-4f49-b6bb-76abd503845d,FirstNumber=594,secondNumber=66}  added by thread pool-3-thread-6
 message  {Id=11ff4db0-59c2-4915-b902-347d524dfdee,FirstNumber=702,secondNumber=33}  written to file by thread pool-3-thread-5
 message  {Id=e14bfb9d-14b9-4e73-827f-3814a76433ca,FirstNumber=825,secondNumber=1064}  added by thread pool-3-thread-6
 message  {Id=0db01353-f86c-4f49-b6bb-76abd503845d,FirstNumber=594,secondNumber=66}  written to file by thread pool-3-thread-2
 message  {Id=e14bfb9d-14b9-4e73-827f-3814a76433ca,FirstNumber=825,secondNumber=1064}  written to file by thread pool-3-thread-5
 message  {Id=e215ab86-0727-4f61-bb4b-1405f10c1671,FirstNumber=577,secondNumber=1262}  added by thread pool-3-thread-6
 message  {Id=a4b371cd-ee1d-4586-a8fa-98fdf7969064,FirstNumber=240,secondNumber=1700}  added by thread pool-3-thread-6
 message  {Id=e215ab86-0727-4f61-bb4b-1405f10c1671,FirstNumber=577,secondNumber=1262}  written to file by thread pool-3-thread-3
 message  {Id=71ca210b-6d17-4edb-ac78-c6aac47e6363,FirstNumber=834,secondNumber=1093}  added by thread pool-3-thread-6
 message  {Id=a4b371cd-ee1d-4586-a8fa-98fdf7969064,FirstNumber=240,secondNumber=1700}  written to file by thread pool-3-thread-1
 message  {Id=3b55ea93-94a2-4788-a96c-b9df1e15b9f5,FirstNumber=481,secondNumber=759}  added by thread pool-3-thread-6
 message  {Id=71ca210b-6d17-4edb-ac78-c6aac47e6363,FirstNumber=834,secondNumber=1093}  written to file by thread pool-3-thread-4
 message  {Id=ce1306f0-268a-4ff3-ad04-03c09a0d44e6,FirstNumber=266,secondNumber=668}  added by thread pool-3-thread-6
 message  {Id=3b55ea93-94a2-4788-a96c-b9df1e15b9f5,FirstNumber=481,secondNumber=759}  written to file by thread pool-3-thread-2
 message  {Id=6dce8f67-2de5-4737-bad9-989bb7d8f8db,FirstNumber=798,secondNumber=1683}  added by thread pool-3-thread-6
 message  {Id=ce1306f0-268a-4ff3-ad04-03c09a0d44e6,FirstNumber=266,secondNumber=668}  written to file by thread pool-3-thread-5
 message  {Id=b1d665ee-f13a-4003-b7fb-32ed685bf4d8,FirstNumber=271,secondNumber=1060}  added by thread pool-3-thread-6
 message  {Id=6dce8f67-2de5-4737-bad9-989bb7d8f8db,FirstNumber=798,secondNumber=1683}  written to file by thread pool-3-thread-3
 message  {Id=41de87f3-ace0-495a-a8be-007c5baae37a,FirstNumber=13,secondNumber=10}  added by thread pool-3-thread-6
 message  {Id=b1d665ee-f13a-4003-b7fb-32ed685bf4d8,FirstNumber=271,secondNumber=1060}  written to file by thread pool-3-thread-1
 message  {Id=41de87f3-ace0-495a-a8be-007c5baae37a,FirstNumber=13,secondNumber=10}  written to file by thread pool-3-thread-3
 message  {Id=03d51d43-ed05-432b-86ab-ae320489e30f,FirstNumber=506,secondNumber=857}  added by thread pool-3-thread-6
 message  {Id=03d51d43-ed05-432b-86ab-ae320489e30f,FirstNumber=506,secondNumber=857}  written to file by thread pool-3-thread-2
 message  {Id=8c0aff47-7201-4c10-b64e-e8eae9fbcee2,FirstNumber=509,secondNumber=485}  added by thread pool-3-thread-6
 message  {Id=8c0aff47-7201-4c10-b64e-e8eae9fbcee2,FirstNumber=509,secondNumber=485}  written to file by thread pool-3-thread-5
 message  {Id=38291431-ac41-43b9-a016-6f51a0a1d823,FirstNumber=543,secondNumber=1738}  added by thread pool-3-thread-6
 message  {Id=38291431-ac41-43b9-a016-6f51a0a1d823,FirstNumber=543,secondNumber=1738}  written to file by thread pool-3-thread-5
 message  {Id=462d4c82-5379-4fbf-84da-53402aab509d,FirstNumber=57,secondNumber=1524}  added by thread pool-3-thread-6
 message  {Id=462d4c82-5379-4fbf-84da-53402aab509d,FirstNumber=57,secondNumber=1524}  written to file by thread pool-3-thread-1
 message  {Id=af3655a4-94f6-4faf-802f-41fb6f4ebd70,FirstNumber=863,secondNumber=1357}  added by thread pool-3-thread-6
 message  {Id=ff5f19d1-e44a-466c-861b-f40a4bd37e66,FirstNumber=636,secondNumber=1006}  added by thread pool-3-thread-6
 message  {Id=af3655a4-94f6-4faf-802f-41fb6f4ebd70,FirstNumber=863,secondNumber=1357}  written to file by thread pool-3-thread-3
 message  {Id=ff5f19d1-e44a-466c-861b-f40a4bd37e66,FirstNumber=636,secondNumber=1006}  written to file by thread pool-3-thread-2
 message  {Id=078e7a89-aec3-40cb-b678-3aeeb9148f2d,FirstNumber=425,secondNumber=754}  added by thread pool-3-thread-6
 message  {Id=078e7a89-aec3-40cb-b678-3aeeb9148f2d,FirstNumber=425,secondNumber=754}  written to file by thread pool-3-thread-4
 message  {Id=8fe012be-5ce6-4503-9cc4-48afaf922b2a,FirstNumber=625,secondNumber=244}  added by thread pool-3-thread-6
 message  {Id=8fe012be-5ce6-4503-9cc4-48afaf922b2a,FirstNumber=625,secondNumber=244}  written to file by thread pool-3-thread-5
 message  {Id=5fe13365-087f-4105-844d-0619659ba024,FirstNumber=267,secondNumber=1873}  added by thread pool-3-thread-6
 message  {Id=5fe13365-087f-4105-844d-0619659ba024,FirstNumber=267,secondNumber=1873}  written to file by thread pool-3-thread-1
 message  {Id=c2ab8de5-9c00-405a-b791-d1c4c4f68cd4,FirstNumber=509,secondNumber=419}  added by thread pool-3-thread-6
 message  {Id=c2ab8de5-9c00-405a-b791-d1c4c4f68cd4,FirstNumber=509,secondNumber=419}  written to file by thread pool-3-thread-3
 message  {Id=45b0b634-edb1-43db-a919-8dbe22eda598,FirstNumber=344,secondNumber=308}  added by thread pool-3-thread-6
 message  {Id=45b0b634-edb1-43db-a919-8dbe22eda598,FirstNumber=344,secondNumber=308}  written to file by thread pool-3-thread-2
 message  {Id=8060de30-19e5-484f-9722-5cc334a48ef1,FirstNumber=987,secondNumber=1364}  added by thread pool-3-thread-6
 message  {Id=8060de30-19e5-484f-9722-5cc334a48ef1,FirstNumber=987,secondNumber=1364}  written to file by thread pool-3-thread-4
 message  {Id=3d15a714-9fff-4ff9-ac80-5924c8230de9,FirstNumber=280,secondNumber=461}  added by thread pool-3-thread-6
 message  {Id=3d15a714-9fff-4ff9-ac80-5924c8230de9,FirstNumber=280,secondNumber=461}  written to file by thread pool-3-thread-5
 message  {Id=7c705fd4-a4aa-4408-971f-a71b903c2899,FirstNumber=218,secondNumber=1335}  added by thread pool-3-thread-6
 message  {Id=7c705fd4-a4aa-4408-971f-a71b903c2899,FirstNumber=218,secondNumber=1335}  written to file by thread pool-3-thread-1
 message  {Id=eb534103-b7d6-4b42-b2d5-abd71bfaca53,FirstNumber=651,secondNumber=1615}  added by thread pool-3-thread-6
 message  {Id=65feff85-84c4-4e2f-b6cb-0f65e283c544,FirstNumber=291,secondNumber=1682}  added by thread pool-3-thread-6
 message  {Id=eb534103-b7d6-4b42-b2d5-abd71bfaca53,FirstNumber=651,secondNumber=1615}  written to file by thread pool-3-thread-3
 message  {Id=65feff85-84c4-4e2f-b6cb-0f65e283c544,FirstNumber=291,secondNumber=1682}  written to file by thread pool-3-thread-2
 message  {Id=fcd9f721-1144-4345-aa8d-512d4cf6ee20,FirstNumber=251,secondNumber=1502}  added by thread pool-3-thread-6
 message  {Id=fcd9f721-1144-4345-aa8d-512d4cf6ee20,FirstNumber=251,secondNumber=1502}  written to file by thread pool-3-thread-4
 message  {Id=a9603dc7-40e2-446a-b012-fa96e0028b00,FirstNumber=891,secondNumber=258}  added by thread pool-3-thread-6
 message  {Id=a9603dc7-40e2-446a-b012-fa96e0028b00,FirstNumber=891,secondNumber=258}  written to file by thread pool-3-thread-5
 message  {Id=d48cc7f2-b6e8-4d5c-a9a3-74769d8aeded,FirstNumber=665,secondNumber=171}  added by thread pool-3-thread-6
 message  {Id=d48cc7f2-b6e8-4d5c-a9a3-74769d8aeded,FirstNumber=665,secondNumber=171}  written to file by thread pool-3-thread-1
 message  {Id=2ee5dc9f-b2ed-446b-a3e8-5371be26e322,FirstNumber=60,secondNumber=1428}  added by thread pool-3-thread-6
 message  {Id=ac3dde2c-4033-40f7-9164-b7ebe0e62ddc,FirstNumber=998,secondNumber=1282}  added by thread pool-3-thread-6
 message  {Id=2ee5dc9f-b2ed-446b-a3e8-5371be26e322,FirstNumber=60,secondNumber=1428}  written to file by thread pool-3-thread-3
 message  {Id=ac3dde2c-4033-40f7-9164-b7ebe0e62ddc,FirstNumber=998,secondNumber=1282}  written to file by thread pool-3-thread-2
 message  {Id=3f0f28b3-3957-49ec-8f50-f426a3957024,FirstNumber=212,secondNumber=815}  added by thread pool-3-thread-6
 message  {Id=3f0f28b3-3957-49ec-8f50-f426a3957024,FirstNumber=212,secondNumber=815}  written to file by thread pool-3-thread-4
 message  {Id=583726be-8ecb-4143-9938-dfde3facf0d6,FirstNumber=703,secondNumber=1815}  added by thread pool-3-thread-6
 message  {Id=aa97c5c7-eac7-4cc7-aa9f-299b6432f556,FirstNumber=610,secondNumber=300}  added by thread pool-3-thread-6
 message  {Id=583726be-8ecb-4143-9938-dfde3facf0d6,FirstNumber=703,secondNumber=1815}  written to file by thread pool-3-thread-5
 message  {Id=aa97c5c7-eac7-4cc7-aa9f-299b6432f556,FirstNumber=610,secondNumber=300}  written to file by thread pool-3-thread-1
 message  {Id=926dd85f-d43a-4a8b-ac3e-3ab7c9649d00,FirstNumber=988,secondNumber=941}  added by thread pool-3-thread-6
 message  {Id=3786d5d2-d076-473a-b92e-ed5cf8a15a98,FirstNumber=891,secondNumber=657}  added by thread pool-3-thread-6
 message  {Id=926dd85f-d43a-4a8b-ac3e-3ab7c9649d00,FirstNumber=988,secondNumber=941}  written to file by thread pool-3-thread-3
 message  {Id=3786d5d2-d076-473a-b92e-ed5cf8a15a98,FirstNumber=891,secondNumber=657}  written to file by thread pool-3-thread-2
 message  {Id=d7f8e39d-6f2c-4fd8-ae90-8ac3979a9f97,FirstNumber=749,secondNumber=47}  added by thread pool-3-thread-6
 message  {Id=d7f8e39d-6f2c-4fd8-ae90-8ac3979a9f97,FirstNumber=749,secondNumber=47}  written to file by thread pool-3-thread-4
 message  {Id=210d159f-7c0b-40fa-ad45-66a6bee3b188,FirstNumber=86,secondNumber=1443}  added by thread pool-3-thread-6
 message  {Id=210d159f-7c0b-40fa-ad45-66a6bee3b188,FirstNumber=86,secondNumber=1443}  written to file by thread pool-3-thread-5
 message  {Id=f3c87336-24d8-4fc9-af7c-cc4b044db68f,FirstNumber=165,secondNumber=1279}  added by thread pool-3-thread-6
 message  {Id=f3c87336-24d8-4fc9-af7c-cc4b044db68f,FirstNumber=165,secondNumber=1279}  written to file by thread pool-3-thread-1
 message  {Id=d67e88a1-28be-486f-a2aa-6711efb0fe90,FirstNumber=319,secondNumber=1064}  added by thread pool-3-thread-6
 message  {Id=46f4ce20-acd6-4925-9daf-167918afc749,FirstNumber=677,secondNumber=506}  added by thread pool-3-thread-6
 message  {Id=d67e88a1-28be-486f-a2aa-6711efb0fe90,FirstNumber=319,secondNumber=1064}  written to file by thread pool-3-thread-3
 message  {Id=46f4ce20-acd6-4925-9daf-167918afc749,FirstNumber=677,secondNumber=506}  written to file by thread pool-3-thread-2
 message  {Id=8e7256e1-aa0b-493d-b9db-13b748b63c19,FirstNumber=2,secondNumber=1076}  added by thread pool-3-thread-6
 message  {Id=8e7256e1-aa0b-493d-b9db-13b748b63c19,FirstNumber=2,secondNumber=1076}  written to file by thread pool-3-thread-4
 message  {Id=e0280f19-2c74-4744-8036-c8bd9eb7c2f5,FirstNumber=342,secondNumber=224}  added by thread pool-3-thread-6
 message  {Id=e0280f19-2c74-4744-8036-c8bd9eb7c2f5,FirstNumber=342,secondNumber=224}  written to file by thread pool-3-thread-5
 message  {Id=e31e7b14-894f-4175-b56a-0a9e5e367bfe,FirstNumber=681,secondNumber=367}  added by thread pool-3-thread-6
 message  {Id=e31e7b14-894f-4175-b56a-0a9e5e367bfe,FirstNumber=681,secondNumber=367}  written to file by thread pool-3-thread-1
 message  {Id=116ab7b1-e044-4840-8b96-0ad02565e44b,FirstNumber=757,secondNumber=843}  added by thread pool-3-thread-6
 message  {Id=38bb7c81-9089-4eb6-b1f5-770c40cf2270,FirstNumber=889,secondNumber=656}  added by thread pool-3-thread-6
 message  {Id=116ab7b1-e044-4840-8b96-0ad02565e44b,FirstNumber=757,secondNumber=843}  written to file by thread pool-3-thread-3
 message  {Id=38bb7c81-9089-4eb6-b1f5-770c40cf2270,FirstNumber=889,secondNumber=656}  written to file by thread pool-3-thread-2
 message  {Id=ac921ae8-da50-4f65-b60c-e2b7e120e9e8,FirstNumber=947,secondNumber=410}  added by thread pool-3-thread-6
 message  {Id=ac921ae8-da50-4f65-b60c-e2b7e120e9e8,FirstNumber=947,secondNumber=410}  written to file by thread pool-3-thread-4
 message  {Id=b46b78d1-10a2-4895-ac5c-c03ee0b58a9d,FirstNumber=205,secondNumber=394}  added by thread pool-3-thread-6
 message  {Id=b46b78d1-10a2-4895-ac5c-c03ee0b58a9d,FirstNumber=205,secondNumber=394}  written to file by thread pool-3-thread-5
 message  {Id=4c3070d1-6719-433c-8654-863343662923,FirstNumber=705,secondNumber=1496}  added by thread pool-3-thread-6
 message  {Id=0f8d4714-4db7-46dd-a1c9-b25be3cffd16,FirstNumber=67,secondNumber=1914}  added by thread pool-3-thread-6
 message  {Id=4c3070d1-6719-433c-8654-863343662923,FirstNumber=705,secondNumber=1496}  written to file by thread pool-3-thread-1
 message  {Id=1591c559-5e63-45e2-adee-3e72b9e1c61d,FirstNumber=69,secondNumber=588}  added by thread pool-3-thread-6
 message  {Id=0f8d4714-4db7-46dd-a1c9-b25be3cffd16,FirstNumber=67,secondNumber=1914}  written to file by thread pool-3-thread-3
 message  {Id=1591c559-5e63-45e2-adee-3e72b9e1c61d,FirstNumber=69,secondNumber=588}  written to file by thread pool-3-thread-2
 message  {Id=ecb275b2-bc19-431c-9099-6086bf818193,FirstNumber=466,secondNumber=788}  added by thread pool-3-thread-6
 message  {Id=ecb275b2-bc19-431c-9099-6086bf818193,FirstNumber=466,secondNumber=788}  written to file by thread pool-3-thread-4
 message  {Id=5fc8502b-41ea-46f0-b547-7613ace5dd5e,FirstNumber=936,secondNumber=1005}  added by thread pool-3-thread-6
 message  {Id=5a18d09f-ad93-4edf-9d96-bb04fc417bfc,FirstNumber=514,secondNumber=756}  added by thread pool-3-thread-6
 message  {Id=5fc8502b-41ea-46f0-b547-7613ace5dd5e,FirstNumber=936,secondNumber=1005}  written to file by thread pool-3-thread-5
 message  {Id=5a18d09f-ad93-4edf-9d96-bb04fc417bfc,FirstNumber=514,secondNumber=756}  written to file by thread pool-3-thread-1
 message  {Id=7145c947-2f29-4a2c-b2d8-5f91b008354d,FirstNumber=518,secondNumber=1465}  added by thread pool-3-thread-6
 message  {Id=016d202f-960d-4520-b21d-25eb4af4c071,FirstNumber=692,secondNumber=661}  added by thread pool-3-thread-6
 message  {Id=7145c947-2f29-4a2c-b2d8-5f91b008354d,FirstNumber=518,secondNumber=1465}  written to file by thread pool-3-thread-3
 message  {Id=016d202f-960d-4520-b21d-25eb4af4c071,FirstNumber=692,secondNumber=661}  written to file by thread pool-3-thread-2
 message  {Id=15bb7dae-a463-4172-8ff1-7c2af2c0aed0,FirstNumber=927,secondNumber=1664}  added by thread pool-3-thread-6
 message  {Id=15bb7dae-a463-4172-8ff1-7c2af2c0aed0,FirstNumber=927,secondNumber=1664}  written to file by thread pool-3-thread-4
 message  {Id=f5e7cbad-5680-4c6e-a1d0-43e0f60394dc,FirstNumber=99,secondNumber=453}  added by thread pool-3-thread-6
 message  {Id=f5e7cbad-5680-4c6e-a1d0-43e0f60394dc,FirstNumber=99,secondNumber=453}  written to file by thread pool-3-thread-5
 message  {Id=6c244da1-cb04-412e-9324-838fbe774d30,FirstNumber=169,secondNumber=1687}  added by thread pool-3-thread-6
 message  {Id=6c244da1-cb04-412e-9324-838fbe774d30,FirstNumber=169,secondNumber=1687}  written to file by thread pool-3-thread-1
 message  {Id=a9913d2e-0e1f-4d5a-a17b-45f3b8518f8a,FirstNumber=659,secondNumber=1783}  added by thread pool-3-thread-6
 message  {Id=feef041e-5813-4085-9fc0-acc4ab458611,FirstNumber=695,secondNumber=1039}  added by thread pool-3-thread-6
 message  {Id=a9913d2e-0e1f-4d5a-a17b-45f3b8518f8a,FirstNumber=659,secondNumber=1783}  written to file by thread pool-3-thread-3
 message  {Id=feef041e-5813-4085-9fc0-acc4ab458611,FirstNumber=695,secondNumber=1039}  written to file by thread pool-3-thread-2
 message  {Id=b2277ad4-0d80-4b70-8401-9b1d25e1c20a,FirstNumber=575,secondNumber=457}  added by thread pool-3-thread-6
 message  {Id=b2277ad4-0d80-4b70-8401-9b1d25e1c20a,FirstNumber=575,secondNumber=457}  written to file by thread pool-3-thread-4
 message  {Id=76882d24-9f38-415f-8351-0cadfa587723,FirstNumber=521,secondNumber=1757}  added by thread pool-3-thread-6
 message  {Id=76882d24-9f38-415f-8351-0cadfa587723,FirstNumber=521,secondNumber=1757}  written to file by thread pool-3-thread-5
 message  {Id=04747788-953b-4e11-82c6-0c191f5de968,FirstNumber=539,secondNumber=498}  added by thread pool-3-thread-6
 message  {Id=04747788-953b-4e11-82c6-0c191f5de968,FirstNumber=539,secondNumber=498}  written to file by thread pool-3-thread-1
 message  {Id=bf4aa71f-bfed-450c-9d3a-554446c7739c,FirstNumber=629,secondNumber=1729}  added by thread pool-3-thread-6
 message  {Id=bf4aa71f-bfed-450c-9d3a-554446c7739c,FirstNumber=629,secondNumber=1729}  written to file by thread pool-3-thread-3
 message  {Id=154aef41-0842-4ebd-8c68-e08dd870979a,FirstNumber=338,secondNumber=1063}  added by thread pool-3-thread-6
 message  {Id=154aef41-0842-4ebd-8c68-e08dd870979a,FirstNumber=338,secondNumber=1063}  written to file by thread pool-3-thread-2
 message  {Id=9e69370b-dc55-4d96-8ccb-0566c414b751,FirstNumber=511,secondNumber=639}  added by thread pool-3-thread-6
 message  {Id=9e69370b-dc55-4d96-8ccb-0566c414b751,FirstNumber=511,secondNumber=639}  written to file by thread pool-3-thread-4
 message  {Id=8ad52646-8d2d-41b8-b7ef-ed06d4e433b4,FirstNumber=764,secondNumber=219}  added by thread pool-3-thread-6
 message  {Id=8ad52646-8d2d-41b8-b7ef-ed06d4e433b4,FirstNumber=764,secondNumber=219}  written to file by thread pool-3-thread-5
 message  {Id=8261c184-3f5c-4591-b4fe-50a622039814,FirstNumber=755,secondNumber=1859}  added by thread pool-3-thread-6
 message  {Id=8261c184-3f5c-4591-b4fe-50a622039814,FirstNumber=755,secondNumber=1859}  written to file by thread pool-3-thread-5
 message  {Id=515fdd5e-551f-4f96-b2b1-4a5baa6ccf25,FirstNumber=119,secondNumber=1601}  added by thread pool-3-thread-6
 message  {Id=e892144e-64a6-467f-9403-11b1b115f6f4,FirstNumber=669,secondNumber=538}  added by thread pool-3-thread-6
 message  {Id=515fdd5e-551f-4f96-b2b1-4a5baa6ccf25,FirstNumber=119,secondNumber=1601}  written to file by thread pool-3-thread-3
 message  {Id=e892144e-64a6-467f-9403-11b1b115f6f4,FirstNumber=669,secondNumber=538}  written to file by thread pool-3-thread-2
 message  {Id=c2ccaa0d-7ba6-493f-a114-60ae8ee69048,FirstNumber=368,secondNumber=92}  added by thread pool-3-thread-6
 message  {Id=c2ccaa0d-7ba6-493f-a114-60ae8ee69048,FirstNumber=368,secondNumber=92}  written to file by thread pool-3-thread-4
 message  {Id=0abf3271-1d25-4dcd-a7c5-2e6d311739d4,FirstNumber=534,secondNumber=1649}  added by thread pool-3-thread-6
 message  {Id=0abf3271-1d25-4dcd-a7c5-2e6d311739d4,FirstNumber=534,secondNumber=1649}  written to file by thread pool-3-thread-1
 message  {Id=292b677e-4b6f-433d-83f8-bc80cd133807,FirstNumber=140,secondNumber=649}  added by thread pool-3-thread-6
 message  {Id=292b677e-4b6f-433d-83f8-bc80cd133807,FirstNumber=140,secondNumber=649}  written to file by thread pool-3-thread-5
 message  {Id=3c226b1a-ef43-4808-b906-2622d00507a9,FirstNumber=435,secondNumber=231}  added by thread pool-3-thread-6
 message  {Id=b1c452ca-fa88-4c66-84c9-7805156a3eb4,FirstNumber=864,secondNumber=1241}  added by thread pool-3-thread-6
 message  {Id=3c226b1a-ef43-4808-b906-2622d00507a9,FirstNumber=435,secondNumber=231}  written to file by thread pool-3-thread-3
 message  {Id=b1c452ca-fa88-4c66-84c9-7805156a3eb4,FirstNumber=864,secondNumber=1241}  written to file by thread pool-3-thread-2
 message  {Id=32a08930-0a02-4ae8-804a-1d52290ae5d8,FirstNumber=442,secondNumber=801}  added by thread pool-3-thread-6
 message  {Id=32a08930-0a02-4ae8-804a-1d52290ae5d8,FirstNumber=442,secondNumber=801}  written to file by thread pool-3-thread-4
 message  {Id=54062428-9bab-40ed-8764-10a5976f1e79,FirstNumber=884,secondNumber=332}  added by thread pool-3-thread-6
 message  {Id=54062428-9bab-40ed-8764-10a5976f1e79,FirstNumber=884,secondNumber=332}  written to file by thread pool-3-thread-1
 message  {Id=471d1dfc-6734-4d6e-92e2-cf850f4d4918,FirstNumber=247,secondNumber=1957}  added by thread pool-3-thread-6
 message  {Id=471d1dfc-6734-4d6e-92e2-cf850f4d4918,FirstNumber=247,secondNumber=1957}  written to file by thread pool-3-thread-1
 message  {Id=1fd6cba8-99f6-4f00-9948-b079ff681c14,FirstNumber=369,secondNumber=380}  added by thread pool-3-thread-6
 message  {Id=940589da-c35a-4fae-8e55-45e1f4168e2c,FirstNumber=383,secondNumber=1298}  added by thread pool-3-thread-6
 message  {Id=1fd6cba8-99f6-4f00-9948-b079ff681c14,FirstNumber=369,secondNumber=380}  written to file by thread pool-3-thread-3
 message  {Id=940589da-c35a-4fae-8e55-45e1f4168e2c,FirstNumber=383,secondNumber=1298}  written to file by thread pool-3-thread-2
 message  {Id=96d32974-5946-4444-8994-ff4e56e6eb7f,FirstNumber=469,secondNumber=1266}  added by thread pool-3-thread-6
 message  {Id=96d32974-5946-4444-8994-ff4e56e6eb7f,FirstNumber=469,secondNumber=1266}  written to file by thread pool-3-thread-4
 message  {Id=a2b75601-5209-4625-9d97-1409a509edc4,FirstNumber=345,secondNumber=62}  added by thread pool-3-thread-6
 message  {Id=a2b75601-5209-4625-9d97-1409a509edc4,FirstNumber=345,secondNumber=62}  written to file by thread pool-3-thread-5
 message  {Id=82b8d042-4606-491a-bbec-1bb81a9ee289,FirstNumber=631,secondNumber=1668}  added by thread pool-3-thread-6
 message  {Id=82b8d042-4606-491a-bbec-1bb81a9ee289,FirstNumber=631,secondNumber=1668}  written to file by thread pool-3-thread-1
 message  {Id=885e3d9c-d07c-46ab-a671-bcdf78365dfa,FirstNumber=428,secondNumber=1114}  added by thread pool-3-thread-6
 message  {Id=885e3d9c-d07c-46ab-a671-bcdf78365dfa,FirstNumber=428,secondNumber=1114}  written to file by thread pool-3-thread-3
 message  {Id=c66c5fdf-2fc9-4ed6-aa5a-fc287c47c387,FirstNumber=194,secondNumber=780}  added by thread pool-3-thread-6
 message  {Id=c66c5fdf-2fc9-4ed6-aa5a-fc287c47c387,FirstNumber=194,secondNumber=780}  written to file by thread pool-3-thread-2
 message  {Id=1bc64f9f-6607-4d9a-b224-1c0bbad33c47,FirstNumber=927,secondNumber=903}  added by thread pool-3-thread-6
 message  {Id=bf5f27eb-8a38-4463-972d-a9c64d728e58,FirstNumber=298,secondNumber=1197}  added by thread pool-3-thread-6
 message  {Id=1bc64f9f-6607-4d9a-b224-1c0bbad33c47,FirstNumber=927,secondNumber=903}  written to file by thread pool-3-thread-4
 message  {Id=bf5f27eb-8a38-4463-972d-a9c64d728e58,FirstNumber=298,secondNumber=1197}  written to file by thread pool-3-thread-5
 message  {Id=5bcdddef-05d1-476f-923a-3990933dacb7,FirstNumber=720,secondNumber=379}  added by thread pool-3-thread-6
 message  {Id=5bcdddef-05d1-476f-923a-3990933dacb7,FirstNumber=720,secondNumber=379}  written to file by thread pool-3-thread-1
 message  {Id=6c28762f-4c15-48f1-9468-2394100bbff3,FirstNumber=906,secondNumber=288}  added by thread pool-3-thread-6
 message  {Id=6c28762f-4c15-48f1-9468-2394100bbff3,FirstNumber=906,secondNumber=288}  written to file by thread pool-3-thread-3
 message  {Id=021ca088-d0a1-456a-b2fd-cd2c38777667,FirstNumber=305,secondNumber=1505}  added by thread pool-3-thread-6
 message  {Id=021ca088-d0a1-456a-b2fd-cd2c38777667,FirstNumber=305,secondNumber=1505}  written to file by thread pool-3-thread-2
 message  {Id=2e78bb12-cbf2-4aa3-98e7-e1b55d1218b9,FirstNumber=391,secondNumber=1582}  added by thread pool-3-thread-6
 message  {Id=2e78bb12-cbf2-4aa3-98e7-e1b55d1218b9,FirstNumber=391,secondNumber=1582}  written to file by thread pool-3-thread-4
 message  {Id=3897b966-e0f2-4c51-9d72-5239bf8b261b,FirstNumber=827,secondNumber=1589}  added by thread pool-3-thread-6
 message  {Id=3897b966-e0f2-4c51-9d72-5239bf8b261b,FirstNumber=827,secondNumber=1589}  written to file by thread pool-3-thread-5
 message  {Id=6bb1155e-8987-4308-ac5b-f72bbd17a7b8,FirstNumber=219,secondNumber=1938}  added by thread pool-3-thread-6
 message  {Id=6bb1155e-8987-4308-ac5b-f72bbd17a7b8,FirstNumber=219,secondNumber=1938}  written to file by thread pool-3-thread-1
 message  {Id=c60f8c90-9d19-44ae-beea-7602d290b0df,FirstNumber=67,secondNumber=602}  added by thread pool-3-thread-6
 message  {Id=c60f8c90-9d19-44ae-beea-7602d290b0df,FirstNumber=67,secondNumber=602}  written to file by thread pool-3-thread-3
 message  {Id=751f1385-944b-4164-babb-60759cdcce3c,FirstNumber=137,secondNumber=399}  added by thread pool-3-thread-6
 message  {Id=751f1385-944b-4164-babb-60759cdcce3c,FirstNumber=137,secondNumber=399}  written to file by thread pool-3-thread-2
 message  {Id=0b60e4fb-8376-440a-a9a1-1b4545cca219,FirstNumber=409,secondNumber=1983}  added by thread pool-3-thread-6
 message  {Id=0b60e4fb-8376-440a-a9a1-1b4545cca219,FirstNumber=409,secondNumber=1983}  written to file by thread pool-3-thread-4
 message  {Id=5b2181ab-ca76-4fa4-8f44-52b751b1abec,FirstNumber=93,secondNumber=1196}  added by thread pool-3-thread-6
 message  {Id=5b2181ab-ca76-4fa4-8f44-52b751b1abec,FirstNumber=93,secondNumber=1196}  written to file by thread pool-3-thread-5
 message  {Id=0d13010f-7a90-4182-9a6c-fc3f24955f3a,FirstNumber=55,secondNumber=115}  added by thread pool-3-thread-6
 message  {Id=0d13010f-7a90-4182-9a6c-fc3f24955f3a,FirstNumber=55,secondNumber=115}  written to file by thread pool-3-thread-1
 message  {Id=1649dd06-4a42-4773-bc17-306d4f6ff1ad,FirstNumber=857,secondNumber=1748}  added by thread pool-3-thread-6
 message  {Id=1649dd06-4a42-4773-bc17-306d4f6ff1ad,FirstNumber=857,secondNumber=1748}  written to file by thread pool-3-thread-3
 message  {Id=1177e3de-3b38-4588-ae2f-15aeb87456fb,FirstNumber=330,secondNumber=485}  added by thread pool-3-thread-6
 message  {Id=1177e3de-3b38-4588-ae2f-15aeb87456fb,FirstNumber=330,secondNumber=485}  written to file by thread pool-3-thread-3
 message  {Id=2cf0fce1-e4d7-45ed-b834-89e41651a954,FirstNumber=777,secondNumber=1036}  added by thread pool-3-thread-6
 message  {Id=2cf0fce1-e4d7-45ed-b834-89e41651a954,FirstNumber=777,secondNumber=1036}  written to file by thread pool-3-thread-4
 message  {Id=b258576c-588b-47bc-a781-4d6cd686da1a,FirstNumber=341,secondNumber=1303}  added by thread pool-3-thread-6
 message  {Id=b258576c-588b-47bc-a781-4d6cd686da1a,FirstNumber=341,secondNumber=1303}  written to file by thread pool-3-thread-5
 message  {Id=493a1385-ef15-4fa3-9f33-64db30a41bdb,FirstNumber=934,secondNumber=1392}  added by thread pool-3-thread-6
 message  {Id=493a1385-ef15-4fa3-9f33-64db30a41bdb,FirstNumber=934,secondNumber=1392}  written to file by thread pool-3-thread-1
 message  {Id=1e37fa9f-8225-47af-bb2a-8b58e9141d06,FirstNumber=370,secondNumber=1093}  added by thread pool-3-thread-6
 message  {Id=1e37fa9f-8225-47af-bb2a-8b58e9141d06,FirstNumber=370,secondNumber=1093}  written to file by thread pool-3-thread-2
 message  {Id=c7215ef6-22d3-40cf-81d3-4432677e746c,FirstNumber=984,secondNumber=1044}  added by thread pool-3-thread-6
 message  {Id=c7215ef6-22d3-40cf-81d3-4432677e746c,FirstNumber=984,secondNumber=1044}  written to file by thread pool-3-thread-3
 message  {Id=3d8496cd-4363-4e7c-b209-5e814d0a3534,FirstNumber=67,secondNumber=72}  added by thread pool-3-thread-6
 message  {Id=3d8496cd-4363-4e7c-b209-5e814d0a3534,FirstNumber=67,secondNumber=72}  written to file by thread pool-3-thread-4
 message  {Id=82011ad1-773d-4fe4-947f-08fefd1b3cf1,FirstNumber=977,secondNumber=969}  added by thread pool-3-thread-6
 message  {Id=82011ad1-773d-4fe4-947f-08fefd1b3cf1,FirstNumber=977,secondNumber=969}  written to file by thread pool-3-thread-5
 message  {Id=931f4479-6b4e-4f98-858e-6ca5f64ebc57,FirstNumber=444,secondNumber=1604}  added by thread pool-3-thread-6
 message  {Id=d913ed14-13bb-4bf3-8bcc-a15804988df0,FirstNumber=805,secondNumber=304}  added by thread pool-3-thread-6
 message  {Id=931f4479-6b4e-4f98-858e-6ca5f64ebc57,FirstNumber=444,secondNumber=1604}  written to file by thread pool-3-thread-1
 message  {Id=9d00356c-6a1f-4f4c-b922-89f0ac4e1da5,FirstNumber=275,secondNumber=274}  added by thread pool-3-thread-6
 message  {Id=d913ed14-13bb-4bf3-8bcc-a15804988df0,FirstNumber=805,secondNumber=304}  written to file by thread pool-3-thread-2
 message  {Id=9d00356c-6a1f-4f4c-b922-89f0ac4e1da5,FirstNumber=275,secondNumber=274}  written to file by thread pool-3-thread-3
 message  {Id=104f373a-35f2-4b61-aa71-101534183aa0,FirstNumber=685,secondNumber=1320}  added by thread pool-3-thread-6
 message  {Id=104f373a-35f2-4b61-aa71-101534183aa0,FirstNumber=685,secondNumber=1320}  written to file by thread pool-3-thread-4
 message  {Id=0570f42c-107e-4617-90d0-7b970d02bfc1,FirstNumber=451,secondNumber=492}  added by thread pool-3-thread-6
 message  {Id=0570f42c-107e-4617-90d0-7b970d02bfc1,FirstNumber=451,secondNumber=492}  written to file by thread pool-3-thread-5
 message  {Id=85a13c51-e464-467f-8f28-d250e2de7cb2,FirstNumber=785,secondNumber=308}  added by thread pool-3-thread-6
 message  {Id=da3d0817-7684-428b-8c06-ede87e66e811,FirstNumber=195,secondNumber=1999}  added by thread pool-3-thread-6
 message  {Id=85a13c51-e464-467f-8f28-d250e2de7cb2,FirstNumber=785,secondNumber=308}  written to file by thread pool-3-thread-1
 message  {Id=da3d0817-7684-428b-8c06-ede87e66e811,FirstNumber=195,secondNumber=1999}  written to file by thread pool-3-thread-2
 message  {Id=f99a1e83-326a-45e4-85e1-7863a926fecf,FirstNumber=844,secondNumber=157}  added by thread pool-3-thread-6
 message  {Id=f99a1e83-326a-45e4-85e1-7863a926fecf,FirstNumber=844,secondNumber=157}  written to file by thread pool-3-thread-1
 message  {Id=cd5b236f-490b-4ed8-9bb4-f93a2956730f,FirstNumber=811,secondNumber=567}  added by thread pool-3-thread-6
 message  {Id=9e21040b-5a10-453c-9e36-6e8ec1dbb7b6,FirstNumber=527,secondNumber=1720}  added by thread pool-3-thread-6
 message  {Id=cd5b236f-490b-4ed8-9bb4-f93a2956730f,FirstNumber=811,secondNumber=567}  written to file by thread pool-3-thread-4
 message  {Id=13988a37-6899-4991-a786-f624eb4e3328,FirstNumber=576,secondNumber=1138}  added by thread pool-3-thread-6
 message  {Id=9e21040b-5a10-453c-9e36-6e8ec1dbb7b6,FirstNumber=527,secondNumber=1720}  written to file by thread pool-3-thread-5
 message  {Id=13988a37-6899-4991-a786-f624eb4e3328,FirstNumber=576,secondNumber=1138}  written to file by thread pool-3-thread-3
 message  {Id=4ab95d48-a417-4bd1-80fe-db0be3c5761e,FirstNumber=621,secondNumber=1238}  added by thread pool-3-thread-6
 message  {Id=68ecf667-d4e0-4830-99e9-24a0aec6d0e9,FirstNumber=854,secondNumber=292}  added by thread pool-3-thread-6
 message  {Id=4ab95d48-a417-4bd1-80fe-db0be3c5761e,FirstNumber=621,secondNumber=1238}  written to file by thread pool-3-thread-2
 message  {Id=68ecf667-d4e0-4830-99e9-24a0aec6d0e9,FirstNumber=854,secondNumber=292}  written to file by thread pool-3-thread-1
 message  {Id=6131d603-7791-447b-9877-bd76943aaa81,FirstNumber=739,secondNumber=419}  added by thread pool-3-thread-6
 message  {Id=6131d603-7791-447b-9877-bd76943aaa81,FirstNumber=739,secondNumber=419}  written to file by thread pool-3-thread-4
 message  {Id=7f8fa1c4-f8ec-4755-8b3f-ac197d2f7a67,FirstNumber=446,secondNumber=156}  added by thread pool-3-thread-6
 message  {Id=7f8fa1c4-f8ec-4755-8b3f-ac197d2f7a67,FirstNumber=446,secondNumber=156}  written to file by thread pool-3-thread-5
 message  {Id=d1221a15-1100-452b-8684-65e058739867,FirstNumber=496,secondNumber=1482}  added by thread pool-3-thread-6
 message  {Id=23bb9c13-3c8f-47c6-86eb-45bfb9e7afa7,FirstNumber=661,secondNumber=928}  added by thread pool-3-thread-6
 message  {Id=d1221a15-1100-452b-8684-65e058739867,FirstNumber=496,secondNumber=1482}  written to file by thread pool-3-thread-3
 message  {Id=23bb9c13-3c8f-47c6-86eb-45bfb9e7afa7,FirstNumber=661,secondNumber=928}  written to file by thread pool-3-thread-2
 message  {Id=c6863ed7-367c-4ec2-8aec-c81c11c98e82,FirstNumber=845,secondNumber=1240}  added by thread pool-3-thread-6
 message  {Id=c6863ed7-367c-4ec2-8aec-c81c11c98e82,FirstNumber=845,secondNumber=1240}  written to file by thread pool-3-thread-3
 message  {Id=c5870c34-6a92-4f3e-a966-4b183b80ed39,FirstNumber=846,secondNumber=12}  added by thread pool-3-thread-6
 message  {Id=c5870c34-6a92-4f3e-a966-4b183b80ed39,FirstNumber=846,secondNumber=12}  written to file by thread pool-3-thread-4
 message  {Id=56be8019-4908-4bc4-9f79-6ddd9662d2ce,FirstNumber=251,secondNumber=1893}  added by thread pool-3-thread-6
 message  {Id=56be8019-4908-4bc4-9f79-6ddd9662d2ce,FirstNumber=251,secondNumber=1893}  written to file by thread pool-3-thread-5
 message  {Id=4fb3232a-b705-4fb4-a367-2f76e9332a8c,FirstNumber=276,secondNumber=1954}  added by thread pool-3-thread-6
 message  {Id=4fb3232a-b705-4fb4-a367-2f76e9332a8c,FirstNumber=276,secondNumber=1954}  written to file by thread pool-3-thread-1
 message  {Id=8802fe73-bd5c-485f-a1f7-4b1e304a85e0,FirstNumber=430,secondNumber=102}  added by thread pool-3-thread-6
 message  {Id=8802fe73-bd5c-485f-a1f7-4b1e304a85e0,FirstNumber=430,secondNumber=102}  written to file by thread pool-3-thread-2
 message  {Id=c2810b1f-5f88-448a-85b6-4cd31c7c91c5,FirstNumber=778,secondNumber=259}  added by thread pool-3-thread-6
 message  {Id=c2810b1f-5f88-448a-85b6-4cd31c7c91c5,FirstNumber=778,secondNumber=259}  written to file by thread pool-3-thread-3
 message  {Id=1e2f8fd2-1c75-46fb-bf3a-2c1c2acd1586,FirstNumber=924,secondNumber=1401}  added by thread pool-3-thread-6
 message  {Id=1e2f8fd2-1c75-46fb-bf3a-2c1c2acd1586,FirstNumber=924,secondNumber=1401}  written to file by thread pool-3-thread-4
 message  {Id=27727065-9a44-434b-b819-43f2c7821df9,FirstNumber=564,secondNumber=352}  added by thread pool-3-thread-6
 message  {Id=27727065-9a44-434b-b819-43f2c7821df9,FirstNumber=564,secondNumber=352}  written to file by thread pool-3-thread-5
 message  {Id=dfb77228-7194-44b4-aa14-6f6b73c3dedb,FirstNumber=298,secondNumber=1926}  added by thread pool-3-thread-6
 message  {Id=dfb77228-7194-44b4-aa14-6f6b73c3dedb,FirstNumber=298,secondNumber=1926}  written to file by thread pool-3-thread-1
 message  {Id=e8cee95b-955d-4931-87bf-4ec4620044a6,FirstNumber=903,secondNumber=449}  added by thread pool-3-thread-6
 message  {Id=369bff70-f4d8-411c-a50d-a3622f48344a,FirstNumber=303,secondNumber=1646}  added by thread pool-3-thread-6
 message  {Id=e8cee95b-955d-4931-87bf-4ec4620044a6,FirstNumber=903,secondNumber=449}  written to file by thread pool-3-thread-2
 message  {Id=369bff70-f4d8-411c-a50d-a3622f48344a,FirstNumber=303,secondNumber=1646}  written to file by thread pool-3-thread-3
 message  {Id=4047f188-2a44-45ee-8353-2ffcf0689180,FirstNumber=797,secondNumber=407}  added by thread pool-3-thread-6
 message  {Id=4047f188-2a44-45ee-8353-2ffcf0689180,FirstNumber=797,secondNumber=407}  written to file by thread pool-3-thread-4
 message  {Id=0ac7515c-cbff-4c5e-8376-fcba46705ca8,FirstNumber=402,secondNumber=245}  added by thread pool-3-thread-6
 message  {Id=0ac7515c-cbff-4c5e-8376-fcba46705ca8,FirstNumber=402,secondNumber=245}  written to file by thread pool-3-thread-5
 message  {Id=f47de279-4d10-41c1-a18d-06dbfd4a5c3d,FirstNumber=272,secondNumber=1047}  added by thread pool-3-thread-6
 message  {Id=f47de279-4d10-41c1-a18d-06dbfd4a5c3d,FirstNumber=272,secondNumber=1047}  written to file by thread pool-3-thread-1
 message  {Id=effd2f43-8c67-4238-aaff-713a2d67b951,FirstNumber=745,secondNumber=115}  added by thread pool-3-thread-6
 message  {Id=effd2f43-8c67-4238-aaff-713a2d67b951,FirstNumber=745,secondNumber=115}  written to file by thread pool-3-thread-2
 message  {Id=079595f4-e037-4325-96a5-959b18a98bfb,FirstNumber=872,secondNumber=990}  added by thread pool-3-thread-6
 message  {Id=079595f4-e037-4325-96a5-959b18a98bfb,FirstNumber=872,secondNumber=990}  written to file by thread pool-3-thread-3
 message  {Id=e77c3f31-7755-451f-a70c-eb1f4f92e97c,FirstNumber=723,secondNumber=6}  added by thread pool-3-thread-6
 message  {Id=e77c3f31-7755-451f-a70c-eb1f4f92e97c,FirstNumber=723,secondNumber=6}  written to file by thread pool-3-thread-4
 message  {Id=ce8d80d7-2c96-4579-bc5a-13c1d682da79,FirstNumber=807,secondNumber=1412}  added by thread pool-3-thread-6
 message  {Id=ce8d80d7-2c96-4579-bc5a-13c1d682da79,FirstNumber=807,secondNumber=1412}  written to file by thread pool-3-thread-5
 message  {Id=a24ba6f7-bb98-4f3c-b9b8-fc47cb4e5f3d,FirstNumber=770,secondNumber=409}  added by thread pool-3-thread-6
 message  {Id=a24ba6f7-bb98-4f3c-b9b8-fc47cb4e5f3d,FirstNumber=770,secondNumber=409}  written to file by thread pool-3-thread-1
 message  {Id=97cb9ae0-a99c-4c22-a7ff-ac3fba8a6b50,FirstNumber=137,secondNumber=188}  added by thread pool-3-thread-6
 message  {Id=a94b5a25-c2e6-42e3-8076-1b29cafdb12e,FirstNumber=906,secondNumber=603}  added by thread pool-3-thread-6
 message  {Id=97cb9ae0-a99c-4c22-a7ff-ac3fba8a6b50,FirstNumber=137,secondNumber=188}  written to file by thread pool-3-thread-2
 message  {Id=a94b5a25-c2e6-42e3-8076-1b29cafdb12e,FirstNumber=906,secondNumber=603}  written to file by thread pool-3-thread-3
 message  {Id=596a0862-76f4-4b7a-8ed5-0fdcda192456,FirstNumber=810,secondNumber=1487}  added by thread pool-3-thread-6
 message  {Id=596a0862-76f4-4b7a-8ed5-0fdcda192456,FirstNumber=810,secondNumber=1487}  written to file by thread pool-3-thread-4
 message  {Id=4f6ef22b-32ef-42bf-b186-d93161994696,FirstNumber=382,secondNumber=659}  added by thread pool-3-thread-6
 message  {Id=4f6ef22b-32ef-42bf-b186-d93161994696,FirstNumber=382,secondNumber=659}  written to file by thread pool-3-thread-5
 message  {Id=7e74c6d8-34d8-419d-866d-5fc0def462a2,FirstNumber=295,secondNumber=1677}  added by thread pool-3-thread-6
 message  {Id=7e74c6d8-34d8-419d-866d-5fc0def462a2,FirstNumber=295,secondNumber=1677}  written to file by thread pool-3-thread-1
 message  {Id=4310071c-1022-4356-8090-b2a78e9091f4,FirstNumber=986,secondNumber=999}  added by thread pool-3-thread-6
 message  {Id=4310071c-1022-4356-8090-b2a78e9091f4,FirstNumber=986,secondNumber=999}  written to file by thread pool-3-thread-2
 message  {Id=8882cf2c-14a6-4a8d-88ee-6d42960ef7ed,FirstNumber=132,secondNumber=1423}  added by thread pool-3-thread-6
 message  {Id=8882cf2c-14a6-4a8d-88ee-6d42960ef7ed,FirstNumber=132,secondNumber=1423}  written to file by thread pool-3-thread-3
 message  {Id=6f627947-f299-40c3-aae0-0b08dea88a22,FirstNumber=820,secondNumber=1906}  added by thread pool-3-thread-6
 message  {Id=6f627947-f299-40c3-aae0-0b08dea88a22,FirstNumber=820,secondNumber=1906}  written to file by thread pool-3-thread-4
 message  {Id=e7980af9-c2a2-4ba8-8612-eb8c1d7f7496,FirstNumber=302,secondNumber=1396}  added by thread pool-3-thread-6
 message  {Id=e7980af9-c2a2-4ba8-8612-eb8c1d7f7496,FirstNumber=302,secondNumber=1396}  written to file by thread pool-3-thread-5
 message  {Id=c07a5903-92ad-465f-80eb-ed4f1256b398,FirstNumber=129,secondNumber=1722}  added by thread pool-3-thread-6
 message  {Id=c07a5903-92ad-465f-80eb-ed4f1256b398,FirstNumber=129,secondNumber=1722}  written to file by thread pool-3-thread-1
 message  {Id=7d4f1038-b5fb-478d-8999-56fb24db2141,FirstNumber=27,secondNumber=1159}  added by thread pool-3-thread-6
 message  {Id=7d4f1038-b5fb-478d-8999-56fb24db2141,FirstNumber=27,secondNumber=1159}  written to file by thread pool-3-thread-2
 message  {Id=76149af2-692c-4453-8c25-058da60caf57,FirstNumber=705,secondNumber=1966}  added by thread pool-3-thread-6
 message  {Id=76149af2-692c-4453-8c25-058da60caf57,FirstNumber=705,secondNumber=1966}  written to file by thread pool-3-thread-3
 message  {Id=c2d958d8-5b03-47fe-84cb-e6ac34737822,FirstNumber=726,secondNumber=493}  added by thread pool-3-thread-6
 message  {Id=c2d958d8-5b03-47fe-84cb-e6ac34737822,FirstNumber=726,secondNumber=493}  written to file by thread pool-3-thread-4
 message  {Id=9db91b28-9496-4418-81d2-8e87360dd7aa,FirstNumber=154,secondNumber=14}  added by thread pool-3-thread-6
 message  {Id=9db91b28-9496-4418-81d2-8e87360dd7aa,FirstNumber=154,secondNumber=14}  written to file by thread pool-3-thread-5
 message  {Id=e8a9ec4d-50f7-48b1-9bde-e22160ff947d,FirstNumber=756,secondNumber=261}  added by thread pool-3-thread-6
 message  {Id=e8a9ec4d-50f7-48b1-9bde-e22160ff947d,FirstNumber=756,secondNumber=261}  written to file by thread pool-3-thread-1
 message  {Id=4ea8a60f-665f-4918-8991-358361650535,FirstNumber=938,secondNumber=448}  added by thread pool-3-thread-6
 message  {Id=4ea8a60f-665f-4918-8991-358361650535,FirstNumber=938,secondNumber=448}  written to file by thread pool-3-thread-2
 message  {Id=89e311ba-b2a5-49d6-87ac-969b7888bc2a,FirstNumber=151,secondNumber=1074}  added by thread pool-3-thread-6
 message  {Id=89e311ba-b2a5-49d6-87ac-969b7888bc2a,FirstNumber=151,secondNumber=1074}  written to file by thread pool-3-thread-3
 message  {Id=cfa6aae1-23eb-4f12-bcba-570e18af443c,FirstNumber=326,secondNumber=1560}  added by thread pool-3-thread-6
 message  {Id=cfa6aae1-23eb-4f12-bcba-570e18af443c,FirstNumber=326,secondNumber=1560}  written to file by thread pool-3-thread-4
 message  {Id=ea6b8a3e-53e5-4405-a927-915a73c9884d,FirstNumber=859,secondNumber=1232}  added by thread pool-3-thread-6
 message  {Id=ea6b8a3e-53e5-4405-a927-915a73c9884d,FirstNumber=859,secondNumber=1232}  written to file by thread pool-3-thread-5
 message  {Id=03aa3f6a-479a-4e9c-b1a4-4ae01935e1ee,FirstNumber=536,secondNumber=978}  added by thread pool-3-thread-6
 message  {Id=03aa3f6a-479a-4e9c-b1a4-4ae01935e1ee,FirstNumber=536,secondNumber=978}  written to file by thread pool-3-thread-1
 message  {Id=fecb7d7b-9156-4a24-a9b1-b000314e69f0,FirstNumber=545,secondNumber=913}  added by thread pool-3-thread-6
 message  {Id=2e87b180-141c-40f5-913a-ef26ee5b8b96,FirstNumber=592,secondNumber=1685}  added by thread pool-3-thread-6
 message  {Id=fecb7d7b-9156-4a24-a9b1-b000314e69f0,FirstNumber=545,secondNumber=913}  written to file by thread pool-3-thread-2
 message  {Id=2e87b180-141c-40f5-913a-ef26ee5b8b96,FirstNumber=592,secondNumber=1685}  written to file by thread pool-3-thread-3
 message  {Id=acf296c8-6ff3-4a14-9c40-597083f66724,FirstNumber=814,secondNumber=1084}  added by thread pool-3-thread-6
 message  {Id=acf296c8-6ff3-4a14-9c40-597083f66724,FirstNumber=814,secondNumber=1084}  written to file by thread pool-3-thread-4
 message  {Id=0af324bd-5267-45c7-ab6d-448da60f1781,FirstNumber=60,secondNumber=29}  added by thread pool-3-thread-6
 message  {Id=0af324bd-5267-45c7-ab6d-448da60f1781,FirstNumber=60,secondNumber=29}  written to file by thread pool-3-thread-5
 message  {Id=b4f4dc7b-cbf4-4ded-a6e1-39c56eebe21b,FirstNumber=822,secondNumber=298}  added by thread pool-3-thread-6
 message  {Id=b4f4dc7b-cbf4-4ded-a6e1-39c56eebe21b,FirstNumber=822,secondNumber=298}  written to file by thread pool-3-thread-1
 message  {Id=cecadadb-3c44-43c6-8a0c-83fdb8dc0385,FirstNumber=650,secondNumber=408}  added by thread pool-3-thread-6
 message  {Id=cecadadb-3c44-43c6-8a0c-83fdb8dc0385,FirstNumber=650,secondNumber=408}  written to file by thread pool-3-thread-2
 message  {Id=c5609baf-1b27-4a76-b1f7-2b291436e393,FirstNumber=603,secondNumber=1614}  added by thread pool-3-thread-6
 message  {Id=c5609baf-1b27-4a76-b1f7-2b291436e393,FirstNumber=603,secondNumber=1614}  written to file by thread pool-3-thread-3
 message  {Id=68107ef8-10b3-430e-9471-f23223b539b8,FirstNumber=555,secondNumber=1752}  added by thread pool-3-thread-6
 message  {Id=68107ef8-10b3-430e-9471-f23223b539b8,FirstNumber=555,secondNumber=1752}  written to file by thread pool-3-thread-4
 message  {Id=140e0702-d8ed-4f2a-87bc-1490414ce08c,FirstNumber=55,secondNumber=1184}  added by thread pool-3-thread-6
 message  {Id=ccb4ce89-f761-4edd-97b9-9bdeb91d4ee8,FirstNumber=784,secondNumber=1323}  added by thread pool-3-thread-6
 message  {Id=140e0702-d8ed-4f2a-87bc-1490414ce08c,FirstNumber=55,secondNumber=1184}  written to file by thread pool-3-thread-5
 message  {Id=ccb4ce89-f761-4edd-97b9-9bdeb91d4ee8,FirstNumber=784,secondNumber=1323}  written to file by thread pool-3-thread-1
 message  {Id=0a52c5f0-afb0-4f73-afb3-f89afe26455b,FirstNumber=559,secondNumber=1814}  added by thread pool-3-thread-6
 message  {Id=0a52c5f0-afb0-4f73-afb3-f89afe26455b,FirstNumber=559,secondNumber=1814}  written to file by thread pool-3-thread-2
 message  {Id=8cce841d-15fe-49d8-b3cb-373d3a40f37c,FirstNumber=999,secondNumber=1900}  added by thread pool-3-thread-6
 message  {Id=8cce841d-15fe-49d8-b3cb-373d3a40f37c,FirstNumber=999,secondNumber=1900}  written to file by thread pool-3-thread-3
 message  {Id=d6485ec1-c065-452f-9a05-59173aa7c972,FirstNumber=454,secondNumber=33}  added by thread pool-3-thread-6
 message  {Id=d6485ec1-c065-452f-9a05-59173aa7c972,FirstNumber=454,secondNumber=33}  written to file by thread pool-3-thread-4
 message  {Id=772c53d8-8b3e-486f-adc2-d97c20ff603a,FirstNumber=940,secondNumber=260}  added by thread pool-3-thread-6
 message  {Id=772c53d8-8b3e-486f-adc2-d97c20ff603a,FirstNumber=940,secondNumber=260}  written to file by thread pool-3-thread-5
 message  {Id=df2bcb81-c114-4a8b-98d1-20f9d3915eb6,FirstNumber=285,secondNumber=1677}  added by thread pool-3-thread-6
 message  {Id=df2bcb81-c114-4a8b-98d1-20f9d3915eb6,FirstNumber=285,secondNumber=1677}  written to file by thread pool-3-thread-1
 message  {Id=4a6f3a75-28ff-473b-989b-9ca46530aee0,FirstNumber=472,secondNumber=492}  added by thread pool-3-thread-6
 message  {Id=4a6f3a75-28ff-473b-989b-9ca46530aee0,FirstNumber=472,secondNumber=492}  written to file by thread pool-3-thread-2
 message  {Id=daebc70a-e677-4b9b-8c35-36d18e80a3dc,FirstNumber=317,secondNumber=1970}  added by thread pool-3-thread-6
 message  {Id=54a04972-5ba3-4ec6-81d7-cd66233be67d,FirstNumber=613,secondNumber=442}  added by thread pool-3-thread-6
 message  {Id=daebc70a-e677-4b9b-8c35-36d18e80a3dc,FirstNumber=317,secondNumber=1970}  written to file by thread pool-3-thread-3
 message  {Id=54a04972-5ba3-4ec6-81d7-cd66233be67d,FirstNumber=613,secondNumber=442}  written to file by thread pool-3-thread-4
 message  {Id=5d69ff5c-aa85-4dec-90f4-92135a7fbe4e,FirstNumber=430,secondNumber=295}  added by thread pool-3-thread-6
 message  {Id=5d69ff5c-aa85-4dec-90f4-92135a7fbe4e,FirstNumber=430,secondNumber=295}  written to file by thread pool-3-thread-5
 message  {Id=ea9eda98-cda4-40a7-a05b-79ed9a2ffac1,FirstNumber=278,secondNumber=1069}  added by thread pool-3-thread-6
 message  {Id=008e4f32-738c-4675-b541-1a01c365887d,FirstNumber=172,secondNumber=521}  added by thread pool-3-thread-6
 message  {Id=ea9eda98-cda4-40a7-a05b-79ed9a2ffac1,FirstNumber=278,secondNumber=1069}  written to file by thread pool-3-thread-1
 message  {Id=0da246ed-7f45-467e-b9ca-7602be0b06d9,FirstNumber=356,secondNumber=91}  added by thread pool-3-thread-6
 message  {Id=008e4f32-738c-4675-b541-1a01c365887d,FirstNumber=172,secondNumber=521}  written to file by thread pool-3-thread-2
 message  {Id=0da246ed-7f45-467e-b9ca-7602be0b06d9,FirstNumber=356,secondNumber=91}  written to file by thread pool-3-thread-3
 message  {Id=ae0f52e0-4f01-496d-9d6f-a145148a62a0,FirstNumber=1,secondNumber=698}  added by thread pool-3-thread-6
 message  {Id=ae0f52e0-4f01-496d-9d6f-a145148a62a0,FirstNumber=1,secondNumber=698}  written to file by thread pool-3-thread-4
 message  {Id=2f4b89ac-809e-4e32-a6a5-4a56e03eee14,FirstNumber=499,secondNumber=361}  added by thread pool-3-thread-6
 message  {Id=2f4b89ac-809e-4e32-a6a5-4a56e03eee14,FirstNumber=499,secondNumber=361}  written to file by thread pool-3-thread-5
 message  {Id=ddf44354-3121-4754-97dc-938a69c3cd8b,FirstNumber=66,secondNumber=848}  added by thread pool-3-thread-6
 message  {Id=f11886c4-d2e1-44a3-80f5-b4c39ca54b2d,FirstNumber=781,secondNumber=1567}  added by thread pool-3-thread-6
 message  {Id=ddf44354-3121-4754-97dc-938a69c3cd8b,FirstNumber=66,secondNumber=848}  written to file by thread pool-3-thread-1
 message  {Id=f11886c4-d2e1-44a3-80f5-b4c39ca54b2d,FirstNumber=781,secondNumber=1567}  written to file by thread pool-3-thread-2
 message  {Id=ab5b077d-65c9-4fd4-8d24-075a8ebddef3,FirstNumber=514,secondNumber=1461}  added by thread pool-3-thread-6
 message  {Id=ab5b077d-65c9-4fd4-8d24-075a8ebddef3,FirstNumber=514,secondNumber=1461}  written to file by thread pool-3-thread-3
 message  {Id=e262ac60-6dd5-4361-92a6-3e8da0e3d583,FirstNumber=755,secondNumber=1852}  added by thread pool-3-thread-6
 message  {Id=e262ac60-6dd5-4361-92a6-3e8da0e3d583,FirstNumber=755,secondNumber=1852}  written to file by thread pool-3-thread-4
 message  {Id=b87b7d54-5dbc-4535-93b4-6ff74e60cdf1,FirstNumber=624,secondNumber=1287}  added by thread pool-3-thread-6
 message  {Id=b87b7d54-5dbc-4535-93b4-6ff74e60cdf1,FirstNumber=624,secondNumber=1287}  written to file by thread pool-3-thread-4
 message  {Id=c0de3c21-c59f-4a6f-beda-620f41f5d7b4,FirstNumber=673,secondNumber=1354}  added by thread pool-3-thread-6
 message  {Id=c0de3c21-c59f-4a6f-beda-620f41f5d7b4,FirstNumber=673,secondNumber=1354}  written to file by thread pool-3-thread-4
 message  {Id=cd317c99-f742-4b26-8ff0-1138b6f3b6fe,FirstNumber=977,secondNumber=1149}  added by thread pool-3-thread-6
 message  {Id=cd317c99-f742-4b26-8ff0-1138b6f3b6fe,FirstNumber=977,secondNumber=1149}  written to file by thread pool-3-thread-2
 message  {Id=d9844952-c591-4ab8-a2b5-a3affe059283,FirstNumber=471,secondNumber=120}  added by thread pool-3-thread-6
 message  {Id=d9844952-c591-4ab8-a2b5-a3affe059283,FirstNumber=471,secondNumber=120}  written to file by thread pool-3-thread-3
 message  {Id=33393c67-2bcb-458f-8f73-b85f23443f72,FirstNumber=607,secondNumber=172}  added by thread pool-3-thread-6
 message  {Id=33393c67-2bcb-458f-8f73-b85f23443f72,FirstNumber=607,secondNumber=172}  written to file by thread pool-3-thread-5
 message  {Id=27e78c9c-2fd4-48b0-803b-918a80693e73,FirstNumber=280,secondNumber=204}  added by thread pool-3-thread-6
 message  {Id=27e78c9c-2fd4-48b0-803b-918a80693e73,FirstNumber=280,secondNumber=204}  written to file by thread pool-3-thread-5
 message  {Id=5dfd9664-d4a5-4bf1-8708-b98dc67bc41d,FirstNumber=7,secondNumber=1508}  added by thread pool-3-thread-6
 message  {Id=5dfd9664-d4a5-4bf1-8708-b98dc67bc41d,FirstNumber=7,secondNumber=1508}  written to file by thread pool-3-thread-4
 message  {Id=a07bfe73-225e-45bb-9b4c-05c7d7477b22,FirstNumber=289,secondNumber=1085}  added by thread pool-3-thread-6
 message  {Id=a07bfe73-225e-45bb-9b4c-05c7d7477b22,FirstNumber=289,secondNumber=1085}  written to file by thread pool-3-thread-2
 message  {Id=1c8250eb-29c2-4dce-a6d2-1646f83e2c81,FirstNumber=912,secondNumber=741}  added by thread pool-3-thread-6
 message  {Id=1c8250eb-29c2-4dce-a6d2-1646f83e2c81,FirstNumber=912,secondNumber=741}  written to file by thread pool-3-thread-3
 message  {Id=bd7fe287-dc6a-4076-b9e9-69183401e766,FirstNumber=558,secondNumber=1374}  added by thread pool-3-thread-6
 message  {Id=bd7fe287-dc6a-4076-b9e9-69183401e766,FirstNumber=558,secondNumber=1374}  written to file by thread pool-3-thread-1
 message  {Id=76c90e7d-bca9-421f-827b-e6e3efa30da6,FirstNumber=643,secondNumber=1514}  added by thread pool-3-thread-6
 message  {Id=76c90e7d-bca9-421f-827b-e6e3efa30da6,FirstNumber=643,secondNumber=1514}  written to file by thread pool-3-thread-5
 message  {Id=eab7e13f-48f9-48c9-8508-19dcd9c33ce1,FirstNumber=267,secondNumber=1223}  added by thread pool-3-thread-6
 message  {Id=eab7e13f-48f9-48c9-8508-19dcd9c33ce1,FirstNumber=267,secondNumber=1223}  written to file by thread pool-3-thread-4
 message  {Id=7fa868df-d79a-438f-8a79-5bb29e240213,FirstNumber=648,secondNumber=44}  added by thread pool-3-thread-6
 message  {Id=7fa868df-d79a-438f-8a79-5bb29e240213,FirstNumber=648,secondNumber=44}  written to file by thread pool-3-thread-2
 message  {Id=d25497ae-6095-4a76-a4f6-31b75045515a,FirstNumber=310,secondNumber=692}  added by thread pool-3-thread-6
 message  {Id=d25497ae-6095-4a76-a4f6-31b75045515a,FirstNumber=310,secondNumber=692}  written to file by thread pool-3-thread-3
 message  {Id=76db4a69-21d0-4296-9a45-99baf576b093,FirstNumber=403,secondNumber=1309}  added by thread pool-3-thread-6
 message  {Id=76db4a69-21d0-4296-9a45-99baf576b093,FirstNumber=403,secondNumber=1309}  written to file by thread pool-3-thread-1
 message  {Id=2f487cf9-8ea2-4270-a3e7-2248e6a6f928,FirstNumber=280,secondNumber=26}  added by thread pool-3-thread-6
 message  {Id=2f487cf9-8ea2-4270-a3e7-2248e6a6f928,FirstNumber=280,secondNumber=26}  written to file by thread pool-3-thread-5
 message  {Id=e2596822-3753-420a-b582-a0f3e74dd903,FirstNumber=500,secondNumber=734}  added by thread pool-3-thread-6
 message  {Id=e2596822-3753-420a-b582-a0f3e74dd903,FirstNumber=500,secondNumber=734}  written to file by thread pool-3-thread-4
 message  {Id=11f169b0-1c29-4539-818e-563a8f388c57,FirstNumber=954,secondNumber=1775}  added by thread pool-3-thread-6
 message  {Id=11f169b0-1c29-4539-818e-563a8f388c57,FirstNumber=954,secondNumber=1775}  written to file by thread pool-3-thread-2
 message  {Id=b4327417-090f-4f7d-badd-0831b6d0ef5a,FirstNumber=344,secondNumber=641}  added by thread pool-3-thread-6
 message  {Id=b4327417-090f-4f7d-badd-0831b6d0ef5a,FirstNumber=344,secondNumber=641}  written to file by thread pool-3-thread-3
 message  {Id=18830634-3240-4e28-960c-11c25c594299,FirstNumber=205,secondNumber=1984}  added by thread pool-3-thread-6
 message  {Id=18830634-3240-4e28-960c-11c25c594299,FirstNumber=205,secondNumber=1984}  written to file by thread pool-3-thread-1
 message  {Id=5505394e-267f-4c04-915b-b193313d2dbb,FirstNumber=943,secondNumber=717}  added by thread pool-3-thread-6
 message  {Id=5505394e-267f-4c04-915b-b193313d2dbb,FirstNumber=943,secondNumber=717}  written to file by thread pool-3-thread-5
 message  {Id=034538f0-d69f-48fa-b6d4-ac629e373f24,FirstNumber=357,secondNumber=112}  added by thread pool-3-thread-6
 message  {Id=034538f0-d69f-48fa-b6d4-ac629e373f24,FirstNumber=357,secondNumber=112}  written to file by thread pool-3-thread-4
 message  {Id=03a347fc-7c0d-4ab1-8408-077078063de4,FirstNumber=521,secondNumber=205}  added by thread pool-3-thread-6
 message  {Id=03a347fc-7c0d-4ab1-8408-077078063de4,FirstNumber=521,secondNumber=205}  written to file by thread pool-3-thread-2
 message  {Id=02a25d20-791b-402b-8173-d22ca1134546,FirstNumber=233,secondNumber=1939}  added by thread pool-3-thread-6
 message  {Id=02a25d20-791b-402b-8173-d22ca1134546,FirstNumber=233,secondNumber=1939}  written to file by thread pool-3-thread-3
 message  {Id=322dee43-863f-4fac-9855-f65508d76484,FirstNumber=234,secondNumber=661}  added by thread pool-3-thread-6
 message  {Id=322dee43-863f-4fac-9855-f65508d76484,FirstNumber=234,secondNumber=661}  written to file by thread pool-3-thread-1
 message  {Id=b70a605e-4eaa-4d42-b92b-9d8b53a15598,FirstNumber=915,secondNumber=1320}  added by thread pool-3-thread-6
 message  {Id=b70a605e-4eaa-4d42-b92b-9d8b53a15598,FirstNumber=915,secondNumber=1320}  written to file by thread pool-3-thread-5
 message  {Id=a7a8f429-08ae-4749-829c-6eaa8a743938,FirstNumber=950,secondNumber=403}  added by thread pool-3-thread-6
 message  {Id=a7a8f429-08ae-4749-829c-6eaa8a743938,FirstNumber=950,secondNumber=403}  written to file by thread pool-3-thread-4
 message  {Id=ceb3833f-8ad5-4b5f-8b5c-030fc960b67c,FirstNumber=604,secondNumber=1043}  added by thread pool-3-thread-6
 message  {Id=ceb3833f-8ad5-4b5f-8b5c-030fc960b67c,FirstNumber=604,secondNumber=1043}  written to file by thread pool-3-thread-2
 message  {Id=15244b24-5faa-4417-a2ab-82cedc3c3c6b,FirstNumber=734,secondNumber=1907}  added by thread pool-3-thread-6
 message  {Id=15244b24-5faa-4417-a2ab-82cedc3c3c6b,FirstNumber=734,secondNumber=1907}  written to file by thread pool-3-thread-3
 message  {Id=90eee83e-f228-4a98-b7a6-c17de347ba20,FirstNumber=530,secondNumber=1362}  added by thread pool-3-thread-6
 message  {Id=90eee83e-f228-4a98-b7a6-c17de347ba20,FirstNumber=530,secondNumber=1362}  written to file by thread pool-3-thread-1
 message  {Id=cd017941-f0f9-4487-8da8-a05a08d1e637,FirstNumber=699,secondNumber=1614}  added by thread pool-3-thread-6
 message  {Id=cd017941-f0f9-4487-8da8-a05a08d1e637,FirstNumber=699,secondNumber=1614}  written to file by thread pool-3-thread-5
 message  {Id=0a0baf35-466c-42a6-8948-98445ada90b4,FirstNumber=559,secondNumber=450}  added by thread pool-3-thread-6
 message  {Id=0a0baf35-466c-42a6-8948-98445ada90b4,FirstNumber=559,secondNumber=450}  written to file by thread pool-3-thread-4
 message  {Id=25e84998-cd9b-4b40-8cdc-7ddb424bf7af,FirstNumber=469,secondNumber=3}  added by thread pool-3-thread-6
 message  {Id=25e84998-cd9b-4b40-8cdc-7ddb424bf7af,FirstNumber=469,secondNumber=3}  written to file by thread pool-3-thread-2
 message  {Id=a1dd7a09-7b80-42f9-b75a-18fb6fff0676,FirstNumber=669,secondNumber=628}  added by thread pool-3-thread-6
 message  {Id=a1dd7a09-7b80-42f9-b75a-18fb6fff0676,FirstNumber=669,secondNumber=628}  written to file by thread pool-3-thread-3
 message  {Id=6baa464d-91f6-45b2-92e5-93467512f373,FirstNumber=371,secondNumber=1249}  added by thread pool-3-thread-6
 message  {Id=6baa464d-91f6-45b2-92e5-93467512f373,FirstNumber=371,secondNumber=1249}  written to file by thread pool-3-thread-1
 message  {Id=f6e87663-7469-4095-ade8-036231d8def6,FirstNumber=410,secondNumber=1404}  added by thread pool-3-thread-6
 message  {Id=f6e87663-7469-4095-ade8-036231d8def6,FirstNumber=410,secondNumber=1404}  written to file by thread pool-3-thread-5
 message  {Id=a8b27d3e-a358-4733-af52-ba26e072ff17,FirstNumber=936,secondNumber=128}  added by thread pool-3-thread-6
 message  {Id=a8b27d3e-a358-4733-af52-ba26e072ff17,FirstNumber=936,secondNumber=128}  written to file by thread pool-3-thread-4
 message  {Id=de3f6c44-68d8-4a70-86e5-6b945041499b,FirstNumber=31,secondNumber=422}  added by thread pool-3-thread-6
 message  {Id=de3f6c44-68d8-4a70-86e5-6b945041499b,FirstNumber=31,secondNumber=422}  written to file by thread pool-3-thread-2
 message  {Id=f99318e7-1c04-4841-a79a-62cb4cd693f7,FirstNumber=850,secondNumber=1440}  added by thread pool-3-thread-6
 message  {Id=f99318e7-1c04-4841-a79a-62cb4cd693f7,FirstNumber=850,secondNumber=1440}  written to file by thread pool-3-thread-3
 message  {Id=cfe2fd27-17bb-4889-bc32-06a379938b48,FirstNumber=130,secondNumber=1277}  added by thread pool-3-thread-6
 message  {Id=cfe2fd27-17bb-4889-bc32-06a379938b48,FirstNumber=130,secondNumber=1277}  written to file by thread pool-3-thread-1
 message  {Id=57b16515-4cdb-4f8c-bcf2-9cda599baf54,FirstNumber=825,secondNumber=1361}  added by thread pool-3-thread-6
 message  {Id=57b16515-4cdb-4f8c-bcf2-9cda599baf54,FirstNumber=825,secondNumber=1361}  written to file by thread pool-3-thread-5
 message  {Id=b78b8d24-e458-4f2b-802e-6f884bc1cf29,FirstNumber=342,secondNumber=959}  added by thread pool-3-thread-6
 message  {Id=b78b8d24-e458-4f2b-802e-6f884bc1cf29,FirstNumber=342,secondNumber=959}  written to file by thread pool-3-thread-4
 message  {Id=cc959139-86e4-4969-9572-045bbf4f4025,FirstNumber=103,secondNumber=1375}  added by thread pool-3-thread-6
 message  {Id=cc959139-86e4-4969-9572-045bbf4f4025,FirstNumber=103,secondNumber=1375}  written to file by thread pool-3-thread-2
 message  {Id=f0d11d9b-9def-48ac-b0e1-65697ea9b52c,FirstNumber=689,secondNumber=1179}  added by thread pool-3-thread-6
 message  {Id=f0d11d9b-9def-48ac-b0e1-65697ea9b52c,FirstNumber=689,secondNumber=1179}  written to file by thread pool-3-thread-3
 message  {Id=e14d2b6a-ee31-425e-855a-4abcb71c2ca6,FirstNumber=836,secondNumber=435}  added by thread pool-3-thread-6
 message  {Id=e14d2b6a-ee31-425e-855a-4abcb71c2ca6,FirstNumber=836,secondNumber=435}  written to file by thread pool-3-thread-1
 message  {Id=6dcc41aa-de5a-4a43-a992-970a4e9a0bb0,FirstNumber=89,secondNumber=1004}  added by thread pool-3-thread-6
 message  {Id=6dcc41aa-de5a-4a43-a992-970a4e9a0bb0,FirstNumber=89,secondNumber=1004}  written to file by thread pool-3-thread-5
 message  {Id=796320d1-f78d-4f94-85b9-a242aeda614c,FirstNumber=911,secondNumber=1284}  added by thread pool-3-thread-6
 message  {Id=796320d1-f78d-4f94-85b9-a242aeda614c,FirstNumber=911,secondNumber=1284}  written to file by thread pool-3-thread-4
 message  {Id=9af1433f-d535-45be-8b83-00a7d423fba5,FirstNumber=755,secondNumber=247}  added by thread pool-3-thread-6
 message  {Id=9af1433f-d535-45be-8b83-00a7d423fba5,FirstNumber=755,secondNumber=247}  written to file by thread pool-3-thread-2
 message  {Id=7c745e56-6064-4d09-bb6c-6c0c946ce626,FirstNumber=102,secondNumber=1818}  added by thread pool-3-thread-6
 message  {Id=7c745e56-6064-4d09-bb6c-6c0c946ce626,FirstNumber=102,secondNumber=1818}  written to file by thread pool-3-thread-3
 message  {Id=f31d2340-e41e-48d6-bac4-e47c6bd2e79e,FirstNumber=215,secondNumber=1184}  added by thread pool-3-thread-6
 message  {Id=f31d2340-e41e-48d6-bac4-e47c6bd2e79e,FirstNumber=215,secondNumber=1184}  written to file by thread pool-3-thread-1
 message  {Id=b9526ee0-d4cd-42bf-8316-4d7c3dedd02b,FirstNumber=171,secondNumber=1591}  added by thread pool-3-thread-6
 message  {Id=b9526ee0-d4cd-42bf-8316-4d7c3dedd02b,FirstNumber=171,secondNumber=1591}  written to file by thread pool-3-thread-5
 message  {Id=52ef0597-a872-4ba9-b239-6b35d72445f6,FirstNumber=750,secondNumber=444}  added by thread pool-3-thread-6
 message  {Id=52ef0597-a872-4ba9-b239-6b35d72445f6,FirstNumber=750,secondNumber=444}  written to file by thread pool-3-thread-4
 message  {Id=be542c56-ecc6-40c4-b5ad-13d6e10d9d5d,FirstNumber=951,secondNumber=1618}  added by thread pool-3-thread-6
 message  {Id=be542c56-ecc6-40c4-b5ad-13d6e10d9d5d,FirstNumber=951,secondNumber=1618}  written to file by thread pool-3-thread-2
 message  {Id=603534ea-89ca-48b3-91f9-b7d37b7f34d2,FirstNumber=270,secondNumber=1159}  added by thread pool-3-thread-6
 message  {Id=603534ea-89ca-48b3-91f9-b7d37b7f34d2,FirstNumber=270,secondNumber=1159}  written to file by thread pool-3-thread-3
 message  {Id=0cd02087-d09d-4ee8-98c3-e0d4b8a924dd,FirstNumber=853,secondNumber=1230}  added by thread pool-3-thread-6
 message  {Id=0cd02087-d09d-4ee8-98c3-e0d4b8a924dd,FirstNumber=853,secondNumber=1230}  written to file by thread pool-3-thread-1
 message  {Id=535287e9-b842-473b-abbd-6991dcaa485f,FirstNumber=830,secondNumber=491}  added by thread pool-3-thread-6
 message  {Id=535287e9-b842-473b-abbd-6991dcaa485f,FirstNumber=830,secondNumber=491}  written to file by thread pool-3-thread-5
 message  {Id=16d200a9-6233-44ad-8d3a-cb833529d7a1,FirstNumber=762,secondNumber=1371}  added by thread pool-3-thread-6
 message  {Id=16d200a9-6233-44ad-8d3a-cb833529d7a1,FirstNumber=762,secondNumber=1371}  written to file by thread pool-3-thread-4
 message  {Id=380835ea-5471-4e9a-9e86-a618d364f0c6,FirstNumber=775,secondNumber=1969}  added by thread pool-3-thread-6
 message  {Id=380835ea-5471-4e9a-9e86-a618d364f0c6,FirstNumber=775,secondNumber=1969}  written to file by thread pool-3-thread-2
 message  {Id=b60474c7-19d5-49e0-952b-74258572ed3f,FirstNumber=550,secondNumber=1723}  added by thread pool-3-thread-6
 message  {Id=b60474c7-19d5-49e0-952b-74258572ed3f,FirstNumber=550,secondNumber=1723}  written to file by thread pool-3-thread-3
 message  {Id=25701786-07e7-4189-aef7-b7c58d68ca75,FirstNumber=798,secondNumber=868}  added by thread pool-3-thread-6
 message  {Id=25701786-07e7-4189-aef7-b7c58d68ca75,FirstNumber=798,secondNumber=868}  written to file by thread pool-3-thread-1
 message  {Id=8feaefdf-b33b-44a3-9fcb-502a20e1d7c4,FirstNumber=852,secondNumber=740}  added by thread pool-3-thread-6
 message  {Id=8feaefdf-b33b-44a3-9fcb-502a20e1d7c4,FirstNumber=852,secondNumber=740}  written to file by thread pool-3-thread-1
 message  {Id=3fd0ac60-52ec-410f-98d2-05403f10d5e3,FirstNumber=391,secondNumber=1084}  added by thread pool-3-thread-6
 message  {Id=3fd0ac60-52ec-410f-98d2-05403f10d5e3,FirstNumber=391,secondNumber=1084}  written to file by thread pool-3-thread-4
 message  {Id=7af8bb27-e967-45fc-8f51-bf1f4ecec61c,FirstNumber=668,secondNumber=1666}  added by thread pool-3-thread-6
 message  {Id=7af8bb27-e967-45fc-8f51-bf1f4ecec61c,FirstNumber=668,secondNumber=1666}  written to file by thread pool-3-thread-2
 message  {Id=81e76734-ad13-4431-8323-892a97be790b,FirstNumber=505,secondNumber=1312}  added by thread pool-3-thread-6
 message  {Id=81e76734-ad13-4431-8323-892a97be790b,FirstNumber=505,secondNumber=1312}  written to file by thread pool-3-thread-3
 message  {Id=2307346a-1276-49de-8a35-72623e5bcb9d,FirstNumber=303,secondNumber=726}  added by thread pool-3-thread-6
 message  {Id=2307346a-1276-49de-8a35-72623e5bcb9d,FirstNumber=303,secondNumber=726}  written to file by thread pool-3-thread-5
 message  {Id=93161d29-976c-4685-840b-40881853287e,FirstNumber=152,secondNumber=462}  added by thread pool-3-thread-6
 message  {Id=93161d29-976c-4685-840b-40881853287e,FirstNumber=152,secondNumber=462}  written to file by thread pool-3-thread-1
 message  {Id=3865b036-9a14-4909-9c4d-797d50f2d19e,FirstNumber=456,secondNumber=53}  added by thread pool-3-thread-6
 message  {Id=3865b036-9a14-4909-9c4d-797d50f2d19e,FirstNumber=456,secondNumber=53}  written to file by thread pool-3-thread-4
 message  {Id=78f47e0e-75cc-4755-bdb8-dd824a242902,FirstNumber=306,secondNumber=658}  added by thread pool-3-thread-6
 message  {Id=78f47e0e-75cc-4755-bdb8-dd824a242902,FirstNumber=306,secondNumber=658}  written to file by thread pool-3-thread-2
 message  {Id=cd9771cc-6bcc-4749-8d41-98c70445f955,FirstNumber=555,secondNumber=846}  added by thread pool-3-thread-6
 message  {Id=cd9771cc-6bcc-4749-8d41-98c70445f955,FirstNumber=555,secondNumber=846}  written to file by thread pool-3-thread-3
 message  {Id=555f3f7a-bffc-4883-b588-04406d9704f6,FirstNumber=337,secondNumber=1176}  added by thread pool-3-thread-6
 message  {Id=555f3f7a-bffc-4883-b588-04406d9704f6,FirstNumber=337,secondNumber=1176}  written to file by thread pool-3-thread-5
 message  {Id=0cf7f30c-fbf8-45cc-a205-6b4d2c764f8f,FirstNumber=350,secondNumber=922}  added by thread pool-3-thread-6
 message  {Id=0cf7f30c-fbf8-45cc-a205-6b4d2c764f8f,FirstNumber=350,secondNumber=922}  written to file by thread pool-3-thread-1
 message  {Id=c37e5d13-a1e3-49cc-a647-64d8a8ea40d2,FirstNumber=800,secondNumber=225}  added by thread pool-3-thread-6
 message  {Id=c37e5d13-a1e3-49cc-a647-64d8a8ea40d2,FirstNumber=800,secondNumber=225}  written to file by thread pool-3-thread-4
 message  {Id=8eb27ec1-55d1-400d-8573-e1b72b5a793f,FirstNumber=436,secondNumber=1464}  added by thread pool-3-thread-6
 message  {Id=8eb27ec1-55d1-400d-8573-e1b72b5a793f,FirstNumber=436,secondNumber=1464}  written to file by thread pool-3-thread-2
 message  {Id=658f7af7-8bb3-42d1-be6b-cb31f1142259,FirstNumber=159,secondNumber=1970}  added by thread pool-3-thread-6
 message  {Id=658f7af7-8bb3-42d1-be6b-cb31f1142259,FirstNumber=159,secondNumber=1970}  written to file by thread pool-3-thread-3
 message  {Id=2595747d-7560-48ad-bb97-01e625766bb0,FirstNumber=683,secondNumber=1125}  added by thread pool-3-thread-6
 message  {Id=2595747d-7560-48ad-bb97-01e625766bb0,FirstNumber=683,secondNumber=1125}  written to file by thread pool-3-thread-5
 message  {Id=16463486-6f75-4493-9fef-cfa8e95fb929,FirstNumber=454,secondNumber=339}  added by thread pool-3-thread-6
 message  {Id=16463486-6f75-4493-9fef-cfa8e95fb929,FirstNumber=454,secondNumber=339}  written to file by thread pool-3-thread-1
 message  {Id=e6a08bd4-e185-4710-92f3-19b45f75c26e,FirstNumber=37,secondNumber=774}  added by thread pool-3-thread-6
 message  {Id=e6a08bd4-e185-4710-92f3-19b45f75c26e,FirstNumber=37,secondNumber=774}  written to file by thread pool-3-thread-4
 message  {Id=14c56c53-97ba-4622-86b6-60fac7dcc5cf,FirstNumber=197,secondNumber=1738}  added by thread pool-3-thread-6
 message  {Id=14c56c53-97ba-4622-86b6-60fac7dcc5cf,FirstNumber=197,secondNumber=1738}  written to file by thread pool-3-thread-2
 message  {Id=82712d26-252c-4637-9830-8ff0182b6b06,FirstNumber=365,secondNumber=1080}  added by thread pool-3-thread-6
 message  {Id=82712d26-252c-4637-9830-8ff0182b6b06,FirstNumber=365,secondNumber=1080}  written to file by thread pool-3-thread-3
 message  {Id=d79892d3-6a72-4443-bfe9-be8bccb23ae6,FirstNumber=916,secondNumber=462}  added by thread pool-3-thread-6
 message  {Id=d79892d3-6a72-4443-bfe9-be8bccb23ae6,FirstNumber=916,secondNumber=462}  written to file by thread pool-3-thread-5
 message  {Id=22047f5b-f244-4d28-99e8-e225e4b2bf87,FirstNumber=425,secondNumber=163}  added by thread pool-3-thread-6
 message  {Id=22047f5b-f244-4d28-99e8-e225e4b2bf87,FirstNumber=425,secondNumber=163}  written to file by thread pool-3-thread-1
 message  {Id=e0d66409-1235-4d74-9d72-b91420a8ed24,FirstNumber=209,secondNumber=1728}  added by thread pool-3-thread-6
 message  {Id=e0d66409-1235-4d74-9d72-b91420a8ed24,FirstNumber=209,secondNumber=1728}  written to file by thread pool-3-thread-4
 message  {Id=b70f2263-ea2e-4194-b315-07bd5965aa17,FirstNumber=723,secondNumber=1595}  added by thread pool-3-thread-6
 message  {Id=b70f2263-ea2e-4194-b315-07bd5965aa17,FirstNumber=723,secondNumber=1595}  written to file by thread pool-3-thread-2
 message  {Id=567809df-d03c-4613-bafe-080ba42d220a,FirstNumber=610,secondNumber=420}  added by thread pool-3-thread-6
 message  {Id=567809df-d03c-4613-bafe-080ba42d220a,FirstNumber=610,secondNumber=420}  written to file by thread pool-3-thread-3
 message  {Id=b815f0a3-c82c-4044-b5d9-44d518aa7487,FirstNumber=295,secondNumber=71}  added by thread pool-3-thread-6
 message  {Id=b815f0a3-c82c-4044-b5d9-44d518aa7487,FirstNumber=295,secondNumber=71}  written to file by thread pool-3-thread-5
 message  {Id=80ccfc03-3b50-4835-b7f1-a2bccfc08aa9,FirstNumber=424,secondNumber=696}  added by thread pool-3-thread-6
 message  {Id=80ccfc03-3b50-4835-b7f1-a2bccfc08aa9,FirstNumber=424,secondNumber=696}  written to file by thread pool-3-thread-1
 message  {Id=537a2366-9704-4302-8764-afc43c775e6d,FirstNumber=19,secondNumber=1927}  added by thread pool-3-thread-6
 message  {Id=537a2366-9704-4302-8764-afc43c775e6d,FirstNumber=19,secondNumber=1927}  written to file by thread pool-3-thread-4
 message  {Id=b05ed2a6-bc81-426a-9192-6bf46f17f154,FirstNumber=933,secondNumber=66}  added by thread pool-3-thread-6
 message  {Id=b05ed2a6-bc81-426a-9192-6bf46f17f154,FirstNumber=933,secondNumber=66}  written to file by thread pool-3-thread-2
 message  {Id=c67d122c-403f-4b6a-bc9f-c744a86cb56e,FirstNumber=906,secondNumber=604}  added by thread pool-3-thread-6
 message  {Id=c67d122c-403f-4b6a-bc9f-c744a86cb56e,FirstNumber=906,secondNumber=604}  written to file by thread pool-3-thread-3
 message  {Id=ecf79e30-8594-40a5-b316-92ac0026093c,FirstNumber=373,secondNumber=361}  added by thread pool-3-thread-6
 message  {Id=ecf79e30-8594-40a5-b316-92ac0026093c,FirstNumber=373,secondNumber=361}  written to file by thread pool-3-thread-5
 message  {Id=63adc463-b99b-439d-9355-ddac77ad12cb,FirstNumber=861,secondNumber=1536}  added by thread pool-3-thread-6
 message  {Id=63adc463-b99b-439d-9355-ddac77ad12cb,FirstNumber=861,secondNumber=1536}  written to file by thread pool-3-thread-5
 message  {Id=f4ca544f-9595-4927-aec4-95d48bb5a7d0,FirstNumber=854,secondNumber=1545}  added by thread pool-3-thread-6
 message  {Id=f4ca544f-9595-4927-aec4-95d48bb5a7d0,FirstNumber=854,secondNumber=1545}  written to file by thread pool-3-thread-4
 message  {Id=814778e9-04b9-4fc5-83de-e9e9f593e699,FirstNumber=383,secondNumber=667}  added by thread pool-3-thread-6
 message  {Id=814778e9-04b9-4fc5-83de-e9e9f593e699,FirstNumber=383,secondNumber=667}  written to file by thread pool-3-thread-2
 message  {Id=fa5c0e4d-d960-4fa7-877f-ffd450fb7862,FirstNumber=252,secondNumber=156}  added by thread pool-3-thread-6
 message  {Id=fa5c0e4d-d960-4fa7-877f-ffd450fb7862,FirstNumber=252,secondNumber=156}  written to file by thread pool-3-thread-3
 message  {Id=660a2151-e580-4edf-8c23-3713b34aa31e,FirstNumber=897,secondNumber=1518}  added by thread pool-3-thread-6
 message  {Id=660a2151-e580-4edf-8c23-3713b34aa31e,FirstNumber=897,secondNumber=1518}  written to file by thread pool-3-thread-1
 message  {Id=8ed1f61e-fd34-4c06-a011-5b36bde2ebe9,FirstNumber=244,secondNumber=1188}  added by thread pool-3-thread-6
 message  {Id=8ed1f61e-fd34-4c06-a011-5b36bde2ebe9,FirstNumber=244,secondNumber=1188}  written to file by thread pool-3-thread-5
 message  {Id=5c628ad7-da6c-4c5f-bdd3-8ff08a48dc69,FirstNumber=665,secondNumber=43}  added by thread pool-3-thread-6
 message  {Id=5c628ad7-da6c-4c5f-bdd3-8ff08a48dc69,FirstNumber=665,secondNumber=43}  written to file by thread pool-3-thread-4
 message  {Id=2294f629-0754-49b9-ac19-e17edfe5ab09,FirstNumber=223,secondNumber=1422}  added by thread pool-3-thread-6
 message  {Id=2294f629-0754-49b9-ac19-e17edfe5ab09,FirstNumber=223,secondNumber=1422}  written to file by thread pool-3-thread-2
 message  {Id=2020b11e-284c-4f5e-85d0-2cef9e8bd7a0,FirstNumber=259,secondNumber=1573}  added by thread pool-3-thread-6
 message  {Id=2020b11e-284c-4f5e-85d0-2cef9e8bd7a0,FirstNumber=259,secondNumber=1573}  written to file by thread pool-3-thread-3
 message  {Id=2b601fef-3499-40d5-a057-cda5f3e4e7ec,FirstNumber=572,secondNumber=384}  added by thread pool-3-thread-6
 message  {Id=2b601fef-3499-40d5-a057-cda5f3e4e7ec,FirstNumber=572,secondNumber=384}  written to file by thread pool-3-thread-1
 message  {Id=9c32554c-a7fe-4832-80be-adbfa5a37f9d,FirstNumber=312,secondNumber=1725}  added by thread pool-3-thread-6
 message  {Id=9c32554c-a7fe-4832-80be-adbfa5a37f9d,FirstNumber=312,secondNumber=1725}  written to file by thread pool-3-thread-5
 message  {Id=4f5d286e-adaf-43b4-a617-3ad10122fabc,FirstNumber=919,secondNumber=1105}  added by thread pool-3-thread-6
 message  {Id=4f5d286e-adaf-43b4-a617-3ad10122fabc,FirstNumber=919,secondNumber=1105}  written to file by thread pool-3-thread-4
 message  {Id=a3b29854-0f86-4ce1-8130-45184f3bc460,FirstNumber=111,secondNumber=1605}  added by thread pool-3-thread-6
 message  {Id=a3b29854-0f86-4ce1-8130-45184f3bc460,FirstNumber=111,secondNumber=1605}  written to file by thread pool-3-thread-2
 message  {Id=c58eec0f-8f3d-4dc5-9ea8-2632af197b38,FirstNumber=25,secondNumber=825}  added by thread pool-3-thread-6
 message  {Id=c58eec0f-8f3d-4dc5-9ea8-2632af197b38,FirstNumber=25,secondNumber=825}  written to file by thread pool-3-thread-3
 message  {Id=0195aa55-e908-4016-8337-4ccfc14bd714,FirstNumber=635,secondNumber=505}  added by thread pool-3-thread-6
 message  {Id=0195aa55-e908-4016-8337-4ccfc14bd714,FirstNumber=635,secondNumber=505}  written to file by thread pool-3-thread-1
 message  {Id=8bb0dc2e-043b-4a1f-98db-2ad46dc3ad74,FirstNumber=909,secondNumber=1632}  added by thread pool-3-thread-6
 message  {Id=8bb0dc2e-043b-4a1f-98db-2ad46dc3ad74,FirstNumber=909,secondNumber=1632}  written to file by thread pool-3-thread-5
 message  {Id=6a502003-12e5-4349-b9a2-80e4d16ef831,FirstNumber=693,secondNumber=1326}  added by thread pool-3-thread-6
 message  {Id=6a502003-12e5-4349-b9a2-80e4d16ef831,FirstNumber=693,secondNumber=1326}  written to file by thread pool-3-thread-4
 message  {Id=3cd3a40e-1949-4673-9856-9b84eb9b1e56,FirstNumber=64,secondNumber=28}  added by thread pool-3-thread-6
 message  {Id=3cd3a40e-1949-4673-9856-9b84eb9b1e56,FirstNumber=64,secondNumber=28}  written to file by thread pool-3-thread-2
 message  {Id=210fd5a8-47a8-4e25-bcfb-155ddb71e05e,FirstNumber=55,secondNumber=427}  added by thread pool-3-thread-6
 message  {Id=210fd5a8-47a8-4e25-bcfb-155ddb71e05e,FirstNumber=55,secondNumber=427}  written to file by thread pool-3-thread-3
 message  {Id=9f586e53-8409-4872-b368-c42cdb45d8ad,FirstNumber=192,secondNumber=1769}  added by thread pool-3-thread-6
 message  {Id=9f586e53-8409-4872-b368-c42cdb45d8ad,FirstNumber=192,secondNumber=1769}  written to file by thread pool-3-thread-1
 message  {Id=7eca00bf-fda2-4cba-892f-7d348edba6aa,FirstNumber=543,secondNumber=805}  added by thread pool-3-thread-6
 message  {Id=7eca00bf-fda2-4cba-892f-7d348edba6aa,FirstNumber=543,secondNumber=805}  written to file by thread pool-3-thread-5
 message  {Id=ae5b9934-2e99-4577-8504-87e9b83993b6,FirstNumber=567,secondNumber=1313}  added by thread pool-3-thread-6
 message  {Id=ae5b9934-2e99-4577-8504-87e9b83993b6,FirstNumber=567,secondNumber=1313}  written to file by thread pool-3-thread-4
 message  {Id=a57a78a2-fc8f-49d9-bd56-d7d3381a7a9f,FirstNumber=388,secondNumber=48}  added by thread pool-3-thread-6
 message  {Id=a57a78a2-fc8f-49d9-bd56-d7d3381a7a9f,FirstNumber=388,secondNumber=48}  written to file by thread pool-3-thread-2
 message  {Id=8479afc0-43a2-474f-b19a-7104a9951f82,FirstNumber=968,secondNumber=154}  added by thread pool-3-thread-6
 message  {Id=8479afc0-43a2-474f-b19a-7104a9951f82,FirstNumber=968,secondNumber=154}  written to file by thread pool-3-thread-3
 message  {Id=dffb4c8a-412e-4b4e-b166-e086c4e7bb3e,FirstNumber=163,secondNumber=960}  added by thread pool-3-thread-6
 message  {Id=dffb4c8a-412e-4b4e-b166-e086c4e7bb3e,FirstNumber=163,secondNumber=960}  written to file by thread pool-3-thread-1
 message  {Id=096599ca-71f2-4734-b377-639d26833025,FirstNumber=726,secondNumber=722}  added by thread pool-3-thread-6
 message  {Id=096599ca-71f2-4734-b377-639d26833025,FirstNumber=726,secondNumber=722}  written to file by thread pool-3-thread-5
 message  {Id=1941743b-6f2d-4efb-94e4-ce5e94690330,FirstNumber=819,secondNumber=881}  added by thread pool-3-thread-6
 message  {Id=1941743b-6f2d-4efb-94e4-ce5e94690330,FirstNumber=819,secondNumber=881}  written to file by thread pool-3-thread-4
 message  {Id=4128d49e-d549-4ac2-95a1-9059ea35096e,FirstNumber=740,secondNumber=564}  added by thread pool-3-thread-6
 message  {Id=4128d49e-d549-4ac2-95a1-9059ea35096e,FirstNumber=740,secondNumber=564}  written to file by thread pool-3-thread-2
 message  {Id=83c5ae81-6756-4e1d-a4de-bf2fad6f6e95,FirstNumber=671,secondNumber=535}  added by thread pool-3-thread-6
 message  {Id=83c5ae81-6756-4e1d-a4de-bf2fad6f6e95,FirstNumber=671,secondNumber=535}  written to file by thread pool-3-thread-3
 message  {Id=9c99ec09-5cc6-4d23-9d9b-bf5f2cc8906d,FirstNumber=484,secondNumber=1819}  added by thread pool-3-thread-6
 message  {Id=9c99ec09-5cc6-4d23-9d9b-bf5f2cc8906d,FirstNumber=484,secondNumber=1819}  written to file by thread pool-3-thread-1
 message  {Id=70ce1a49-c273-428e-bf73-b5319ef00086,FirstNumber=675,secondNumber=1232}  added by thread pool-3-thread-6
 message  {Id=70ce1a49-c273-428e-bf73-b5319ef00086,FirstNumber=675,secondNumber=1232}  written to file by thread pool-3-thread-5
 message  {Id=7e9c3705-6d7d-4575-9020-caff4a22bd23,FirstNumber=338,secondNumber=1681}  added by thread pool-3-thread-6
 message  {Id=7e9c3705-6d7d-4575-9020-caff4a22bd23,FirstNumber=338,secondNumber=1681}  written to file by thread pool-3-thread-4
 message  {Id=a016c193-2085-4b30-91a7-96cbe2fc3a30,FirstNumber=854,secondNumber=252}  added by thread pool-3-thread-6
 message  {Id=a016c193-2085-4b30-91a7-96cbe2fc3a30,FirstNumber=854,secondNumber=252}  written to file by thread pool-3-thread-2
 message  {Id=b3b28f34-7ecb-472a-bb1f-df531e33f75e,FirstNumber=607,secondNumber=1607}  added by thread pool-3-thread-6
 message  {Id=b3b28f34-7ecb-472a-bb1f-df531e33f75e,FirstNumber=607,secondNumber=1607}  written to file by thread pool-3-thread-3
 message  {Id=177b13c7-0971-44cb-8128-a950460ca053,FirstNumber=326,secondNumber=595}  added by thread pool-3-thread-6
 message  {Id=177b13c7-0971-44cb-8128-a950460ca053,FirstNumber=326,secondNumber=595}  written to file by thread pool-3-thread-1
 message  {Id=59747095-b8eb-4ab6-8f0b-d4d25747ff87,FirstNumber=575,secondNumber=520}  added by thread pool-3-thread-6
 message  {Id=59747095-b8eb-4ab6-8f0b-d4d25747ff87,FirstNumber=575,secondNumber=520}  written to file by thread pool-3-thread-5
 message  {Id=92ff7e62-6a91-43ea-89cc-564d72c66a53,FirstNumber=549,secondNumber=619}  added by thread pool-3-thread-6
 message  {Id=92ff7e62-6a91-43ea-89cc-564d72c66a53,FirstNumber=549,secondNumber=619}  written to file by thread pool-3-thread-4
 message  {Id=3964b4d2-4ed6-4b35-a19a-91fa5609fafa,FirstNumber=335,secondNumber=126}  added by thread pool-3-thread-6
 message  {Id=3964b4d2-4ed6-4b35-a19a-91fa5609fafa,FirstNumber=335,secondNumber=126}  written to file by thread pool-3-thread-2
 message  {Id=0522b35c-0c89-4c1c-b4c0-ac8748c878bf,FirstNumber=768,secondNumber=1798}  added by thread pool-3-thread-6
 message  {Id=0522b35c-0c89-4c1c-b4c0-ac8748c878bf,FirstNumber=768,secondNumber=1798}  written to file by thread pool-3-thread-3
 message  {Id=e8dd7e18-30c3-4221-ae52-5b0b753e9a97,FirstNumber=259,secondNumber=1269}  added by thread pool-3-thread-6
 message  {Id=e8dd7e18-30c3-4221-ae52-5b0b753e9a97,FirstNumber=259,secondNumber=1269}  written to file by thread pool-3-thread-1
 message  {Id=26e35a82-1e72-4e1f-98e1-2ecbc8a2672c,FirstNumber=763,secondNumber=649}  added by thread pool-3-thread-6
 message  {Id=26e35a82-1e72-4e1f-98e1-2ecbc8a2672c,FirstNumber=763,secondNumber=649}  written to file by thread pool-3-thread-5
 message  {Id=b3a261b8-e4b7-4217-9634-70db5539b602,FirstNumber=35,secondNumber=8}  added by thread pool-3-thread-6
 message  {Id=b3a261b8-e4b7-4217-9634-70db5539b602,FirstNumber=35,secondNumber=8}  written to file by thread pool-3-thread-4
 message  {Id=2b00a267-b8a4-4149-8655-cc4a0113e64b,FirstNumber=989,secondNumber=485}  added by thread pool-3-thread-6
 message  {Id=2b00a267-b8a4-4149-8655-cc4a0113e64b,FirstNumber=989,secondNumber=485}  written to file by thread pool-3-thread-2
 message  {Id=6c7253d8-dfde-49cb-be4c-4d9a100fff32,FirstNumber=527,secondNumber=1977}  added by thread pool-3-thread-6
 message  {Id=6c7253d8-dfde-49cb-be4c-4d9a100fff32,FirstNumber=527,secondNumber=1977}  written to file by thread pool-3-thread-3
 message  {Id=1e4f1327-8f64-41a0-a618-3227b7018614,FirstNumber=544,secondNumber=629}  added by thread pool-3-thread-6
 message  {Id=1e4f1327-8f64-41a0-a618-3227b7018614,FirstNumber=544,secondNumber=629}  written to file by thread pool-3-thread-1
 message  {Id=74da8cc6-1bba-44bc-8e58-f191e72518d5,FirstNumber=304,secondNumber=240}  added by thread pool-3-thread-6
 message  {Id=74da8cc6-1bba-44bc-8e58-f191e72518d5,FirstNumber=304,secondNumber=240}  written to file by thread pool-3-thread-5
 message  {Id=6875afd8-93fa-407f-8714-bb17c99d686f,FirstNumber=802,secondNumber=872}  added by thread pool-3-thread-6
 message  {Id=6875afd8-93fa-407f-8714-bb17c99d686f,FirstNumber=802,secondNumber=872}  written to file by thread pool-3-thread-4
 message  {Id=c62bd8c7-a8f3-4455-add5-11538bab366c,FirstNumber=871,secondNumber=1283}  added by thread pool-3-thread-6
 message  {Id=c62bd8c7-a8f3-4455-add5-11538bab366c,FirstNumber=871,secondNumber=1283}  written to file by thread pool-3-thread-2
 message  {Id=6ef67847-7c39-4b7a-bc03-c590d9c4c37b,FirstNumber=719,secondNumber=172}  added by thread pool-3-thread-6
 message  {Id=6ef67847-7c39-4b7a-bc03-c590d9c4c37b,FirstNumber=719,secondNumber=172}  written to file by thread pool-3-thread-3
 message  {Id=43ba7702-c94f-4811-bfcf-11415440dd78,FirstNumber=688,secondNumber=1794}  added by thread pool-3-thread-6
 message  {Id=43ba7702-c94f-4811-bfcf-11415440dd78,FirstNumber=688,secondNumber=1794}  written to file by thread pool-3-thread-1
 message  {Id=8c5cf16a-7007-4b09-be6a-b8520c5f4a73,FirstNumber=305,secondNumber=1414}  added by thread pool-3-thread-6
 message  {Id=8c5cf16a-7007-4b09-be6a-b8520c5f4a73,FirstNumber=305,secondNumber=1414}  written to file by thread pool-3-thread-5
 message  {Id=d2dd5a0f-55e8-450c-885b-2fd978b14ac8,FirstNumber=36,secondNumber=943}  added by thread pool-3-thread-6
 message  {Id=d2dd5a0f-55e8-450c-885b-2fd978b14ac8,FirstNumber=36,secondNumber=943}  written to file by thread pool-3-thread-4
 message  {Id=2656ae4a-3b84-4814-b1b0-c5f3395bc802,FirstNumber=155,secondNumber=1114}  added by thread pool-3-thread-6
 message  {Id=2656ae4a-3b84-4814-b1b0-c5f3395bc802,FirstNumber=155,secondNumber=1114}  written to file by thread pool-3-thread-2
 message  {Id=e8c9a753-8bb7-440e-9220-76a3088dbfe8,FirstNumber=720,secondNumber=534}  added by thread pool-3-thread-6
 message  {Id=e8c9a753-8bb7-440e-9220-76a3088dbfe8,FirstNumber=720,secondNumber=534}  written to file by thread pool-3-thread-3
 message  {Id=ade27c43-8a29-4544-a333-728b5c26b310,FirstNumber=207,secondNumber=744}  added by thread pool-3-thread-6
 message  {Id=ade27c43-8a29-4544-a333-728b5c26b310,FirstNumber=207,secondNumber=744}  written to file by thread pool-3-thread-1
 message  {Id=2bb63f56-e5a9-4bed-ad36-4dbc097b261e,FirstNumber=606,secondNumber=929}  added by thread pool-3-thread-6
 message  {Id=2bb63f56-e5a9-4bed-ad36-4dbc097b261e,FirstNumber=606,secondNumber=929}  written to file by thread pool-3-thread-5
 message  {Id=9ff2ed94-b405-4cc4-9307-40471c800ae1,FirstNumber=300,secondNumber=946}  added by thread pool-3-thread-6
 message  {Id=9ff2ed94-b405-4cc4-9307-40471c800ae1,FirstNumber=300,secondNumber=946}  written to file by thread pool-3-thread-4
 message  {Id=19c45dd5-a552-4ede-b09b-ad5dbd4376e8,FirstNumber=346,secondNumber=1980}  added by thread pool-3-thread-6
 message  {Id=19c45dd5-a552-4ede-b09b-ad5dbd4376e8,FirstNumber=346,secondNumber=1980}  written to file by thread pool-3-thread-2
 message  {Id=18981f18-55f0-4170-a8a1-c7870399474b,FirstNumber=605,secondNumber=1930}  added by thread pool-3-thread-6
 message  {Id=18981f18-55f0-4170-a8a1-c7870399474b,FirstNumber=605,secondNumber=1930}  written to file by thread pool-3-thread-3
 message  {Id=43261b94-095c-4af7-a29e-bebe0ae21412,FirstNumber=890,secondNumber=1517}  added by thread pool-3-thread-6
 message  {Id=43261b94-095c-4af7-a29e-bebe0ae21412,FirstNumber=890,secondNumber=1517}  written to file by thread pool-3-thread-1
 message  {Id=33c38fec-ea96-471b-a7af-2f3621ee9ff0,FirstNumber=388,secondNumber=1796}  added by thread pool-3-thread-6
 message  {Id=33c38fec-ea96-471b-a7af-2f3621ee9ff0,FirstNumber=388,secondNumber=1796}  written to file by thread pool-3-thread-5
 message  {Id=ee93a35d-8960-4be0-840a-2216c427bbec,FirstNumber=996,secondNumber=424}  added by thread pool-3-thread-6
 message  {Id=ee93a35d-8960-4be0-840a-2216c427bbec,FirstNumber=996,secondNumber=424}  written to file by thread pool-3-thread-4
 message  {Id=a74361e8-52bb-4e91-9f11-6b3a0b3a843a,FirstNumber=968,secondNumber=489}  added by thread pool-3-thread-6
 message  {Id=a74361e8-52bb-4e91-9f11-6b3a0b3a843a,FirstNumber=968,secondNumber=489}  written to file by thread pool-3-thread-2
 message  {Id=844c04f5-6192-4c7f-89a3-2a43309ae6c8,FirstNumber=181,secondNumber=368}  added by thread pool-3-thread-6
 message  {Id=844c04f5-6192-4c7f-89a3-2a43309ae6c8,FirstNumber=181,secondNumber=368}  written to file by thread pool-3-thread-3
 message  {Id=13dcb911-dff3-4dd1-91a7-312cb0c9d7c2,FirstNumber=975,secondNumber=1769}  added by thread pool-3-thread-6
 message  {Id=13dcb911-dff3-4dd1-91a7-312cb0c9d7c2,FirstNumber=975,secondNumber=1769}  written to file by thread pool-3-thread-1
 message  {Id=9bde4927-3f72-4fb0-b65e-b63a3938791b,FirstNumber=238,secondNumber=1405}  added by thread pool-3-thread-6
 message  {Id=9bde4927-3f72-4fb0-b65e-b63a3938791b,FirstNumber=238,secondNumber=1405}  written to file by thread pool-3-thread-5
 message  {Id=01bf114e-c5fd-49e5-8279-465683976688,FirstNumber=316,secondNumber=1626}  added by thread pool-3-thread-6
 message  {Id=01bf114e-c5fd-49e5-8279-465683976688,FirstNumber=316,secondNumber=1626}  written to file by thread pool-3-thread-4
 message  {Id=0e346825-ff48-45a2-936d-7eb22018d3a7,FirstNumber=584,secondNumber=1008}  added by thread pool-3-thread-6
 message  {Id=0e346825-ff48-45a2-936d-7eb22018d3a7,FirstNumber=584,secondNumber=1008}  written to file by thread pool-3-thread-2
 message  {Id=3c1d94c4-7f0e-40d5-8df5-bdf4b90d9b9b,FirstNumber=929,secondNumber=971}  added by thread pool-3-thread-6
 message  {Id=3c1d94c4-7f0e-40d5-8df5-bdf4b90d9b9b,FirstNumber=929,secondNumber=971}  written to file by thread pool-3-thread-3
 message  {Id=4700e17b-afe4-4ccd-a473-f868124053fe,FirstNumber=517,secondNumber=994}  added by thread pool-3-thread-6
 message  {Id=4700e17b-afe4-4ccd-a473-f868124053fe,FirstNumber=517,secondNumber=994}  written to file by thread pool-3-thread-1
 message  {Id=29e36225-b11e-40c3-98f6-1046f7b5c00a,FirstNumber=204,secondNumber=532}  written to file by thread pool-3-thread-5
 message  {Id=29e36225-b11e-40c3-98f6-1046f7b5c00a,FirstNumber=204,secondNumber=532}  added by thread pool-3-thread-6
 message  {Id=7ccf33ad-5e84-4347-b167-4872b0c2e0f2,FirstNumber=556,secondNumber=683}  added by thread pool-3-thread-6
 message  {Id=7ccf33ad-5e84-4347-b167-4872b0c2e0f2,FirstNumber=556,secondNumber=683}  written to file by thread pool-3-thread-4
 message  {Id=d99f7a5c-6358-4ece-9b57-795693f0bedf,FirstNumber=626,secondNumber=15}  added by thread pool-3-thread-6
 message  {Id=d99f7a5c-6358-4ece-9b57-795693f0bedf,FirstNumber=626,secondNumber=15}  written to file by thread pool-3-thread-2
 message  {Id=0d06fd69-68e0-43a6-bf17-ad760d43547c,FirstNumber=353,secondNumber=75}  added by thread pool-3-thread-6
 message  {Id=0d06fd69-68e0-43a6-bf17-ad760d43547c,FirstNumber=353,secondNumber=75}  written to file by thread pool-3-thread-3
 message  {Id=77322717-85be-42c3-9c7e-723fac45f220,FirstNumber=29,secondNumber=436}  added by thread pool-3-thread-6
 message  {Id=77322717-85be-42c3-9c7e-723fac45f220,FirstNumber=29,secondNumber=436}  written to file by thread pool-3-thread-1
 message  {Id=025e8ab4-d401-49c9-9582-94565602f6de,FirstNumber=699,secondNumber=887}  added by thread pool-3-thread-6
 message  {Id=025e8ab4-d401-49c9-9582-94565602f6de,FirstNumber=699,secondNumber=887}  written to file by thread pool-3-thread-5
 message  {Id=fb6882d6-3bbb-43cc-92f2-62f7840ecd50,FirstNumber=155,secondNumber=311}  added by thread pool-3-thread-6
 message  {Id=faa4cf08-5ee5-4ec0-8d1d-d5048fac101c,FirstNumber=915,secondNumber=709}  added by thread pool-3-thread-6
 message  {Id=fb6882d6-3bbb-43cc-92f2-62f7840ecd50,FirstNumber=155,secondNumber=311}  written to file by thread pool-3-thread-4
 message  {Id=faa4cf08-5ee5-4ec0-8d1d-d5048fac101c,FirstNumber=915,secondNumber=709}  written to file by thread pool-3-thread-2
 message  {Id=19d13882-e3f9-4d5e-9251-ac1171113bc2,FirstNumber=934,secondNumber=345}  added by thread pool-3-thread-6
 message  {Id=19d13882-e3f9-4d5e-9251-ac1171113bc2,FirstNumber=934,secondNumber=345}  written to file by thread pool-3-thread-4
 message  {Id=2344eda0-aa19-440e-93ec-3754066108d6,FirstNumber=421,secondNumber=1313}  added by thread pool-3-thread-6
 message  {Id=2344eda0-aa19-440e-93ec-3754066108d6,FirstNumber=421,secondNumber=1313}  written to file by thread pool-3-thread-1
 message  {Id=13c605f0-9870-4977-acf0-7c08746caac5,FirstNumber=299,secondNumber=1991}  added by thread pool-3-thread-6
 message  {Id=13c605f0-9870-4977-acf0-7c08746caac5,FirstNumber=299,secondNumber=1991}  written to file by thread pool-3-thread-5
 message  {Id=7deb63e6-c344-4684-b657-4febd41bb3ed,FirstNumber=99,secondNumber=1348}  added by thread pool-3-thread-6
 message  {Id=7deb63e6-c344-4684-b657-4febd41bb3ed,FirstNumber=99,secondNumber=1348}  written to file by thread pool-3-thread-3
 message  {Id=3c8e0d18-6f19-4797-875e-4ea8e1966c5a,FirstNumber=282,secondNumber=658}  added by thread pool-3-thread-6
 message  {Id=3c8e0d18-6f19-4797-875e-4ea8e1966c5a,FirstNumber=282,secondNumber=658}  written to file by thread pool-3-thread-2
 message  {Id=23c63e10-42e3-4fda-9002-7140233b340a,FirstNumber=870,secondNumber=14}  added by thread pool-3-thread-6
 message  {Id=23c63e10-42e3-4fda-9002-7140233b340a,FirstNumber=870,secondNumber=14}  written to file by thread pool-3-thread-4
 message  {Id=4bde7d8e-337f-4b0d-87f6-8e134b2d17dd,FirstNumber=508,secondNumber=1880}  added by thread pool-3-thread-6
 message  {Id=4bde7d8e-337f-4b0d-87f6-8e134b2d17dd,FirstNumber=508,secondNumber=1880}  written to file by thread pool-3-thread-1
 message  {Id=6db3576e-b452-46e6-b529-87d79bddf146,FirstNumber=331,secondNumber=1421}  added by thread pool-3-thread-6
 message  {Id=6db3576e-b452-46e6-b529-87d79bddf146,FirstNumber=331,secondNumber=1421}  written to file by thread pool-3-thread-5
 message  {Id=a776776e-b2ea-48b1-ae72-9266c2706f24,FirstNumber=526,secondNumber=1100}  added by thread pool-3-thread-6
 message  {Id=a776776e-b2ea-48b1-ae72-9266c2706f24,FirstNumber=526,secondNumber=1100}  written to file by thread pool-3-thread-3
 message  {Id=9a176c24-2f97-4df5-934b-a443cafe3419,FirstNumber=225,secondNumber=1756}  added by thread pool-3-thread-6
 message  {Id=9a176c24-2f97-4df5-934b-a443cafe3419,FirstNumber=225,secondNumber=1756}  written to file by thread pool-3-thread-2
 message  {Id=87441d0a-ca57-4d09-8826-b3343204f3ae,FirstNumber=70,secondNumber=492}  added by thread pool-3-thread-6
 message  {Id=87441d0a-ca57-4d09-8826-b3343204f3ae,FirstNumber=70,secondNumber=492}  written to file by thread pool-3-thread-4
 message  {Id=4b8e3508-faa2-43e9-a288-26753a7e4b92,FirstNumber=613,secondNumber=1397}  added by thread pool-3-thread-6
 message  {Id=4b8e3508-faa2-43e9-a288-26753a7e4b92,FirstNumber=613,secondNumber=1397}  written to file by thread pool-3-thread-1
 message  {Id=39b2266e-c2d8-4bfc-85ad-bdf87b7f3b39,FirstNumber=429,secondNumber=600}  added by thread pool-3-thread-6
 message  {Id=39b2266e-c2d8-4bfc-85ad-bdf87b7f3b39,FirstNumber=429,secondNumber=600}  written to file by thread pool-3-thread-5
 message  {Id=2ed42f54-2f75-4b4b-920a-a7b0eaa18ef8,FirstNumber=871,secondNumber=929}  added by thread pool-3-thread-6
 message  {Id=2ed42f54-2f75-4b4b-920a-a7b0eaa18ef8,FirstNumber=871,secondNumber=929}  written to file by thread pool-3-thread-5
 message  {Id=1255bf71-0f30-4862-9e3f-cff299057c95,FirstNumber=519,secondNumber=418}  added by thread pool-3-thread-6
 message  {Id=1255bf71-0f30-4862-9e3f-cff299057c95,FirstNumber=519,secondNumber=418}  written to file by thread pool-3-thread-2
 message  {Id=29acbe4f-9a16-43d6-bbee-77e4606dfaa2,FirstNumber=915,secondNumber=1282}  added by thread pool-3-thread-6
 message  {Id=29acbe4f-9a16-43d6-bbee-77e4606dfaa2,FirstNumber=915,secondNumber=1282}  written to file by thread pool-3-thread-4
 message  {Id=41ea4687-ae92-44e1-9487-b57cad4860ab,FirstNumber=475,secondNumber=500}  added by thread pool-3-thread-6
 message  {Id=41ea4687-ae92-44e1-9487-b57cad4860ab,FirstNumber=475,secondNumber=500}  written to file by thread pool-3-thread-4
 message  {Id=3b6bbb8b-23c3-43d6-b1e5-980a0707d8fa,FirstNumber=735,secondNumber=1327}  added by thread pool-3-thread-6
 message  {Id=3b6bbb8b-23c3-43d6-b1e5-980a0707d8fa,FirstNumber=735,secondNumber=1327}  written to file by thread pool-3-thread-4
 message  {Id=911aa07c-3b5a-442e-a506-d39ef3c896e1,FirstNumber=660,secondNumber=804}  added by thread pool-3-thread-6
 message  {Id=911aa07c-3b5a-442e-a506-d39ef3c896e1,FirstNumber=660,secondNumber=804}  written to file by thread pool-3-thread-5
 message  {Id=30a51986-1ce0-4171-8bc8-bfe428d345f7,FirstNumber=712,secondNumber=949}  added by thread pool-3-thread-6
 message  {Id=30a51986-1ce0-4171-8bc8-bfe428d345f7,FirstNumber=712,secondNumber=949}  written to file by thread pool-3-thread-2
 message  {Id=232a57cd-a2cc-448d-9251-8ce14c7598a0,FirstNumber=142,secondNumber=1751}  added by thread pool-3-thread-6
 message  {Id=232a57cd-a2cc-448d-9251-8ce14c7598a0,FirstNumber=142,secondNumber=1751}  written to file by thread pool-3-thread-1
 message  {Id=6e976bc6-861c-4c1e-a2fc-b37a2479af12,FirstNumber=204,secondNumber=1717}  added by thread pool-3-thread-6
 message  {Id=6e976bc6-861c-4c1e-a2fc-b37a2479af12,FirstNumber=204,secondNumber=1717}  written to file by thread pool-3-thread-1
 message  {Id=59a9310a-a21e-481f-b23d-0fcf20b1cf6b,FirstNumber=379,secondNumber=771}  added by thread pool-3-thread-6
 message  {Id=59a9310a-a21e-481f-b23d-0fcf20b1cf6b,FirstNumber=379,secondNumber=771}  written to file by thread pool-3-thread-1
 message  {Id=97f400f9-3d18-4a6d-bc0b-baa1ad99d313,FirstNumber=791,secondNumber=514}  added by thread pool-3-thread-6
 message  {Id=97f400f9-3d18-4a6d-bc0b-baa1ad99d313,FirstNumber=791,secondNumber=514}  written to file by thread pool-3-thread-5
 message  {Id=ce89c7f9-f88c-4329-8b0e-4cf9d72c8b77,FirstNumber=719,secondNumber=967}  added by thread pool-3-thread-6
 message  {Id=3b2a81e7-d88b-4ed7-8bf2-19ecadb726c7,FirstNumber=990,secondNumber=1938}  added by thread pool-3-thread-6
 message  {Id=ce89c7f9-f88c-4329-8b0e-4cf9d72c8b77,FirstNumber=719,secondNumber=967}  written to file by thread pool-3-thread-2
 message  {Id=3b2a81e7-d88b-4ed7-8bf2-19ecadb726c7,FirstNumber=990,secondNumber=1938}  written to file by thread pool-3-thread-3
 message  {Id=38c0f40f-442e-48db-be9e-8ff2be036d14,FirstNumber=308,secondNumber=307}  added by thread pool-3-thread-6
 message  {Id=38c0f40f-442e-48db-be9e-8ff2be036d14,FirstNumber=308,secondNumber=307}  written to file by thread pool-3-thread-4
 message  {Id=acbde858-42a9-42ba-ad30-490b90f3c098,FirstNumber=128,secondNumber=377}  added by thread pool-3-thread-6
 message  {Id=acbde858-42a9-42ba-ad30-490b90f3c098,FirstNumber=128,secondNumber=377}  written to file by thread pool-3-thread-1
 message  {Id=de78d29e-e7da-4a3f-84aa-f2f2f70c0ca2,FirstNumber=471,secondNumber=1104}  added by thread pool-3-thread-6
 message  {Id=de78d29e-e7da-4a3f-84aa-f2f2f70c0ca2,FirstNumber=471,secondNumber=1104}  written to file by thread pool-3-thread-5
 message  {Id=290fd7bb-9172-4d5a-bfce-006b8c7734ac,FirstNumber=581,secondNumber=1035}  added by thread pool-3-thread-6
 message  {Id=290fd7bb-9172-4d5a-bfce-006b8c7734ac,FirstNumber=581,secondNumber=1035}  written to file by thread pool-3-thread-2
 message  {Id=02a8fe1e-6c13-4fe5-82b5-1550142b42b7,FirstNumber=493,secondNumber=1680}  added by thread pool-3-thread-6
 message  {Id=02a8fe1e-6c13-4fe5-82b5-1550142b42b7,FirstNumber=493,secondNumber=1680}  written to file by thread pool-3-thread-3
 message  {Id=b48dff3d-3158-41dc-b740-ecfb5f001c16,FirstNumber=911,secondNumber=1498}  added by thread pool-3-thread-6
 message  {Id=b48dff3d-3158-41dc-b740-ecfb5f001c16,FirstNumber=911,secondNumber=1498}  written to file by thread pool-3-thread-4
 message  {Id=b32183b9-ca41-41a3-bda3-85e4d7d8f061,FirstNumber=123,secondNumber=1484}  added by thread pool-3-thread-6
 message  {Id=b32183b9-ca41-41a3-bda3-85e4d7d8f061,FirstNumber=123,secondNumber=1484}  written to file by thread pool-3-thread-1
 message  {Id=ed7b93b6-a6e7-42be-b443-9e7c485b04bb,FirstNumber=68,secondNumber=967}  added by thread pool-3-thread-6
 message  {Id=ed7b93b6-a6e7-42be-b443-9e7c485b04bb,FirstNumber=68,secondNumber=967}  written to file by thread pool-3-thread-5
 message  {Id=2327b956-682f-4f97-afa3-3f08ef64d634,FirstNumber=659,secondNumber=1598}  added by thread pool-3-thread-6
 message  {Id=47af7026-9e66-4eee-86ea-6eb4d764ae65,FirstNumber=710,secondNumber=98}  added by thread pool-3-thread-6
 message  {Id=2327b956-682f-4f97-afa3-3f08ef64d634,FirstNumber=659,secondNumber=1598}  written to file by thread pool-3-thread-2
 message  {Id=47af7026-9e66-4eee-86ea-6eb4d764ae65,FirstNumber=710,secondNumber=98}  written to file by thread pool-3-thread-3
 message  {Id=51b7d06c-c877-4b63-86b5-6d659f75e637,FirstNumber=241,secondNumber=585}  added by thread pool-3-thread-6
 message  {Id=51b7d06c-c877-4b63-86b5-6d659f75e637,FirstNumber=241,secondNumber=585}  written to file by thread pool-3-thread-4
 message  {Id=63e269fd-da1a-4a33-a1be-9572b34d63cd,FirstNumber=852,secondNumber=971}  added by thread pool-3-thread-6
 message  {Id=63e269fd-da1a-4a33-a1be-9572b34d63cd,FirstNumber=852,secondNumber=971}  written to file by thread pool-3-thread-1
 message  {Id=f4d79b6d-78b9-422b-934a-c0568d8e0225,FirstNumber=629,secondNumber=1325}  added by thread pool-3-thread-6
 message  {Id=f4d79b6d-78b9-422b-934a-c0568d8e0225,FirstNumber=629,secondNumber=1325}  written to file by thread pool-3-thread-5
 message  {Id=37fca822-8060-40eb-bf2f-f47621549f95,FirstNumber=557,secondNumber=1251}  added by thread pool-3-thread-6
 message  {Id=37fca822-8060-40eb-bf2f-f47621549f95,FirstNumber=557,secondNumber=1251}  written to file by thread pool-3-thread-2
 message  {Id=c7dcff6a-a624-4b95-a722-27cc806a7e13,FirstNumber=119,secondNumber=1215}  added by thread pool-3-thread-6
 message  {Id=c7dcff6a-a624-4b95-a722-27cc806a7e13,FirstNumber=119,secondNumber=1215}  written to file by thread pool-3-thread-3
 message  {Id=816b03ae-8ddc-434e-a60c-06febd45d540,FirstNumber=600,secondNumber=391}  added by thread pool-3-thread-6
 message  {Id=816b03ae-8ddc-434e-a60c-06febd45d540,FirstNumber=600,secondNumber=391}  written to file by thread pool-3-thread-4
 message  {Id=1718c990-fa95-403f-a5a9-98a5cc381580,FirstNumber=348,secondNumber=933}  added by thread pool-3-thread-6
 message  {Id=1718c990-fa95-403f-a5a9-98a5cc381580,FirstNumber=348,secondNumber=933}  written to file by thread pool-3-thread-1
 message  {Id=6d71c6e6-c10e-4c71-a5b7-089fd773b7e7,FirstNumber=622,secondNumber=1119}  added by thread pool-3-thread-6
 message  {Id=6d71c6e6-c10e-4c71-a5b7-089fd773b7e7,FirstNumber=622,secondNumber=1119}  written to file by thread pool-3-thread-5
 message  {Id=3e086741-1d94-4d31-895d-21527e6e4cf3,FirstNumber=229,secondNumber=451}  added by thread pool-3-thread-6
 message  {Id=3e086741-1d94-4d31-895d-21527e6e4cf3,FirstNumber=229,secondNumber=451}  written to file by thread pool-3-thread-5
 message  {Id=bd96e590-faa0-43fd-b8b4-e244d8b3f3f7,FirstNumber=509,secondNumber=1206}  added by thread pool-3-thread-6
 message  {Id=bd96e590-faa0-43fd-b8b4-e244d8b3f3f7,FirstNumber=509,secondNumber=1206}  written to file by thread pool-3-thread-3
 message  {Id=dfaed273-d02a-4a7f-a496-581f364373b8,FirstNumber=637,secondNumber=499}  added by thread pool-3-thread-6
 message  {Id=dfaed273-d02a-4a7f-a496-581f364373b8,FirstNumber=637,secondNumber=499}  written to file by thread pool-3-thread-4
 message  {Id=8587c4ab-d497-4c63-989b-1c8c6f4f2506,FirstNumber=381,secondNumber=1385}  added by thread pool-3-thread-6
 message  {Id=8587c4ab-d497-4c63-989b-1c8c6f4f2506,FirstNumber=381,secondNumber=1385}  written to file by thread pool-3-thread-1
 message  {Id=2a948b4c-94ac-4c30-b1fc-b4db6db03b42,FirstNumber=30,secondNumber=748}  added by thread pool-3-thread-6
 message  {Id=2a948b4c-94ac-4c30-b1fc-b4db6db03b42,FirstNumber=30,secondNumber=748}  written to file by thread pool-3-thread-2
 message  {Id=4ed5402f-3acb-4ac2-9a44-ee85045c898c,FirstNumber=946,secondNumber=1436}  added by thread pool-3-thread-6
 message  {Id=4ed5402f-3acb-4ac2-9a44-ee85045c898c,FirstNumber=946,secondNumber=1436}  written to file by thread pool-3-thread-5
 message  {Id=624a47c2-e364-47fe-95c4-d7a5601cf66c,FirstNumber=867,secondNumber=606}  added by thread pool-3-thread-6
 message  {Id=624a47c2-e364-47fe-95c4-d7a5601cf66c,FirstNumber=867,secondNumber=606}  written to file by thread pool-3-thread-3
 message  {Id=d4df88b9-59e3-4f3b-a2aa-ac7eb7261f8a,FirstNumber=663,secondNumber=1558}  added by thread pool-3-thread-6
 message  {Id=d4df88b9-59e3-4f3b-a2aa-ac7eb7261f8a,FirstNumber=663,secondNumber=1558}  written to file by thread pool-3-thread-4
 message  {Id=86fdec6c-7925-42b5-98a4-223cdfe48f17,FirstNumber=758,secondNumber=605}  added by thread pool-3-thread-6
 message  {Id=86fdec6c-7925-42b5-98a4-223cdfe48f17,FirstNumber=758,secondNumber=605}  written to file by thread pool-3-thread-1
 message  {Id=781c7099-3e1e-4cb6-a79b-3330e60f0189,FirstNumber=561,secondNumber=1648}  added by thread pool-3-thread-6
 message  {Id=9201d091-b7a2-432b-bf31-8541af8f4fb5,FirstNumber=796,secondNumber=1873}  added by thread pool-3-thread-6
 message  {Id=781c7099-3e1e-4cb6-a79b-3330e60f0189,FirstNumber=561,secondNumber=1648}  written to file by thread pool-3-thread-2
 message  {Id=65b1c8a7-5a70-471b-916b-fd48c969a04c,FirstNumber=146,secondNumber=1970}  added by thread pool-3-thread-6
 message  {Id=9201d091-b7a2-432b-bf31-8541af8f4fb5,FirstNumber=796,secondNumber=1873}  written to file by thread pool-3-thread-5
 message  {Id=65b1c8a7-5a70-471b-916b-fd48c969a04c,FirstNumber=146,secondNumber=1970}  written to file by thread pool-3-thread-2
 message  {Id=4169ea7d-6664-4aaf-80f5-c96a574b79af,FirstNumber=285,secondNumber=187}  added by thread pool-3-thread-6
 message  {Id=4169ea7d-6664-4aaf-80f5-c96a574b79af,FirstNumber=285,secondNumber=187}  written to file by thread pool-3-thread-2
 message  {Id=963bad33-4d7c-495a-9101-885132f755ed,FirstNumber=923,secondNumber=616}  added by thread pool-3-thread-6
 message  {Id=963bad33-4d7c-495a-9101-885132f755ed,FirstNumber=923,secondNumber=616}  written to file by thread pool-3-thread-1
 message  {Id=d5a814ed-0923-4eac-a115-277698eabb24,FirstNumber=258,secondNumber=1019}  added by thread pool-3-thread-6
 message  {Id=d5a814ed-0923-4eac-a115-277698eabb24,FirstNumber=258,secondNumber=1019}  written to file by thread pool-3-thread-1
 message  {Id=4eb95d75-802c-4716-baf8-4fd3261ff5e8,FirstNumber=355,secondNumber=5}  added by thread pool-3-thread-6
 message  {Id=4eb95d75-802c-4716-baf8-4fd3261ff5e8,FirstNumber=355,secondNumber=5}  written to file by thread pool-3-thread-5
 message  {Id=d2da6297-0941-48ab-bf7a-e465611d188f,FirstNumber=457,secondNumber=51}  added by thread pool-3-thread-6
 message  {Id=d2da6297-0941-48ab-bf7a-e465611d188f,FirstNumber=457,secondNumber=51}  written to file by thread pool-3-thread-5
 message  {Id=3011664e-37a9-4d29-8f95-33295aa7f74b,FirstNumber=139,secondNumber=785}  added by thread pool-3-thread-6
 message  {Id=3011664e-37a9-4d29-8f95-33295aa7f74b,FirstNumber=139,secondNumber=785}  written to file by thread pool-3-thread-5
 message  {Id=8e295773-bf5a-48ba-b68c-405c88a4e31a,FirstNumber=643,secondNumber=1475}  added by thread pool-3-thread-6
 message  {Id=8e295773-bf5a-48ba-b68c-405c88a4e31a,FirstNumber=643,secondNumber=1475}  written to file by thread pool-3-thread-3
 message  {Id=d6cede64-1fe9-4cbb-8961-5d9dd001677e,FirstNumber=689,secondNumber=254}  added by thread pool-3-thread-6
 message  {Id=d6cede64-1fe9-4cbb-8961-5d9dd001677e,FirstNumber=689,secondNumber=254}  written to file by thread pool-3-thread-1
 message  {Id=2e4ae4ca-46cb-47bb-9d2e-dd87e80d0fdf,FirstNumber=625,secondNumber=1}  added by thread pool-3-thread-6
 message  {Id=2e4ae4ca-46cb-47bb-9d2e-dd87e80d0fdf,FirstNumber=625,secondNumber=1}  written to file by thread pool-3-thread-4
 message  {Id=47d94e33-54f1-4bfb-a782-e41378c818e0,FirstNumber=359,secondNumber=1983}  added by thread pool-3-thread-6
 message  {Id=47d94e33-54f1-4bfb-a782-e41378c818e0,FirstNumber=359,secondNumber=1983}  written to file by thread pool-3-thread-4
 message  {Id=169a826b-af90-4926-86e9-afab0e8dd6b6,FirstNumber=414,secondNumber=914}  added by thread pool-3-thread-6
 message  {Id=169a826b-af90-4926-86e9-afab0e8dd6b6,FirstNumber=414,secondNumber=914}  written to file by thread pool-3-thread-5
 message  {Id=d725d10d-3ba5-4fb5-bc4b-21851af99a97,FirstNumber=360,secondNumber=394}  added by thread pool-3-thread-6
 message  {Id=d725d10d-3ba5-4fb5-bc4b-21851af99a97,FirstNumber=360,secondNumber=394}  written to file by thread pool-3-thread-5
 message  {Id=698f0d8f-24aa-4d1c-9d48-73b196b02815,FirstNumber=613,secondNumber=1601}  added by thread pool-3-thread-6
 message  {Id=698f0d8f-24aa-4d1c-9d48-73b196b02815,FirstNumber=613,secondNumber=1601}  written to file by thread pool-3-thread-1
 message  {Id=aa59931a-f70c-4bb3-828b-b377978866c9,FirstNumber=731,secondNumber=1994}  added by thread pool-3-thread-6
 message  {Id=aa59931a-f70c-4bb3-828b-b377978866c9,FirstNumber=731,secondNumber=1994}  written to file by thread pool-3-thread-1
 message  {Id=786fa466-6937-4cdf-a0c9-d6da414f8da3,FirstNumber=406,secondNumber=1797}  added by thread pool-3-thread-6
 message  {Id=786fa466-6937-4cdf-a0c9-d6da414f8da3,FirstNumber=406,secondNumber=1797}  written to file by thread pool-3-thread-4
 message  {Id=d9705b3d-d8c5-4513-966b-f5e9170f4b04,FirstNumber=348,secondNumber=862}  added by thread pool-3-thread-6
 message  {Id=d9705b3d-d8c5-4513-966b-f5e9170f4b04,FirstNumber=348,secondNumber=862}  written to file by thread pool-3-thread-4
 message  {Id=53731150-0f64-4967-8e38-0d2be30aa84f,FirstNumber=826,secondNumber=260}  added by thread pool-3-thread-6
 message  {Id=53731150-0f64-4967-8e38-0d2be30aa84f,FirstNumber=826,secondNumber=260}  written to file by thread pool-3-thread-5
 message  {Id=150391e9-28b5-4568-a600-665406b149aa,FirstNumber=69,secondNumber=1550}  added by thread pool-3-thread-6
 message  {Id=150391e9-28b5-4568-a600-665406b149aa,FirstNumber=69,secondNumber=1550}  written to file by thread pool-3-thread-5
 message  {Id=0a261563-800e-41d5-8e59-048404fa8ab8,FirstNumber=66,secondNumber=687}  added by thread pool-3-thread-6
 message  {Id=0a261563-800e-41d5-8e59-048404fa8ab8,FirstNumber=66,secondNumber=687}  written to file by thread pool-3-thread-1
 message  {Id=9fb13cf1-6eae-49c3-8c0b-7c19dd65ac62,FirstNumber=563,secondNumber=1982}  added by thread pool-3-thread-6
 message  {Id=9fb13cf1-6eae-49c3-8c0b-7c19dd65ac62,FirstNumber=563,secondNumber=1982}  written to file by thread pool-3-thread-1
 message  {Id=f1b1725e-632b-4449-b26b-cef12701c764,FirstNumber=115,secondNumber=852}  added by thread pool-3-thread-6
 message  {Id=f1b1725e-632b-4449-b26b-cef12701c764,FirstNumber=115,secondNumber=852}  written to file by thread pool-3-thread-1
 message  {Id=27054eb5-4a7a-495b-9364-3e755b8d46fe,FirstNumber=139,secondNumber=570}  added by thread pool-3-thread-6
 message  {Id=27054eb5-4a7a-495b-9364-3e755b8d46fe,FirstNumber=139,secondNumber=570}  written to file by thread pool-3-thread-2
 message  {Id=ecc82a67-fedd-4382-895a-ec95dfba0b00,FirstNumber=418,secondNumber=488}  added by thread pool-3-thread-6
 message  {Id=ecc82a67-fedd-4382-895a-ec95dfba0b00,FirstNumber=418,secondNumber=488}  written to file by thread pool-3-thread-5
 message  {Id=f7360b34-6fa4-4b50-a15d-6c7cb51c44a7,FirstNumber=761,secondNumber=1561}  added by thread pool-3-thread-6
 message  {Id=f7360b34-6fa4-4b50-a15d-6c7cb51c44a7,FirstNumber=761,secondNumber=1561}  written to file by thread pool-3-thread-3
 message  {Id=f2ce8b37-3465-4246-8a79-ce7685d83941,FirstNumber=21,secondNumber=146}  added by thread pool-3-thread-6
 message  {Id=f2ce8b37-3465-4246-8a79-ce7685d83941,FirstNumber=21,secondNumber=146}  written to file by thread pool-3-thread-4
 message  {Id=2b7139a6-a754-45e6-8ec8-cc7331eebb8b,FirstNumber=605,secondNumber=1274}  added by thread pool-3-thread-6
 message  {Id=2b7139a6-a754-45e6-8ec8-cc7331eebb8b,FirstNumber=605,secondNumber=1274}  written to file by thread pool-3-thread-1
 message  {Id=6522b74c-4258-4b31-9bff-5153fa26deaa,FirstNumber=839,secondNumber=321}  added by thread pool-3-thread-6
 message  {Id=6522b74c-4258-4b31-9bff-5153fa26deaa,FirstNumber=839,secondNumber=321}  written to file by thread pool-3-thread-1
 message  {Id=d7356075-90e4-4302-8108-26f666cc83b2,FirstNumber=55,secondNumber=1723}  added by thread pool-3-thread-6
 message  {Id=d7356075-90e4-4302-8108-26f666cc83b2,FirstNumber=55,secondNumber=1723}  written to file by thread pool-3-thread-5
 message  {Id=dd586259-5b12-43f7-afb1-87f2fc21917c,FirstNumber=123,secondNumber=1125}  added by thread pool-3-thread-6
 message  {Id=dd586259-5b12-43f7-afb1-87f2fc21917c,FirstNumber=123,secondNumber=1125}  written to file by thread pool-3-thread-3
 message  {Id=6247f9d6-3899-4b04-9800-56a64d93b82b,FirstNumber=422,secondNumber=301}  added by thread pool-3-thread-6
 message  {Id=6247f9d6-3899-4b04-9800-56a64d93b82b,FirstNumber=422,secondNumber=301}  written to file by thread pool-3-thread-4
 message  {Id=8b9abec4-8d77-4f89-99ca-a664002eda7b,FirstNumber=575,secondNumber=567}  added by thread pool-3-thread-6
 message  {Id=8b9abec4-8d77-4f89-99ca-a664002eda7b,FirstNumber=575,secondNumber=567}  written to file by thread pool-3-thread-2
 message  {Id=4e42721c-092d-4661-a0a7-3a61fab2b89d,FirstNumber=268,secondNumber=716}  added by thread pool-3-thread-6
 message  {Id=4e42721c-092d-4661-a0a7-3a61fab2b89d,FirstNumber=268,secondNumber=716}  written to file by thread pool-3-thread-1
 message  {Id=0853a31f-2a1e-467b-af5d-1fd98f5e6a9e,FirstNumber=941,secondNumber=1775}  added by thread pool-3-thread-6
 message  {Id=0853a31f-2a1e-467b-af5d-1fd98f5e6a9e,FirstNumber=941,secondNumber=1775}  written to file by thread pool-3-thread-1
 message  {Id=f645c02a-3f3a-4e7a-a4be-068f68cb7c09,FirstNumber=729,secondNumber=57}  added by thread pool-3-thread-6
 message  {Id=f645c02a-3f3a-4e7a-a4be-068f68cb7c09,FirstNumber=729,secondNumber=57}  written to file by thread pool-3-thread-3
 message  {Id=b1c66035-8b37-4ede-94de-241501396204,FirstNumber=38,secondNumber=517}  added by thread pool-3-thread-6
 message  {Id=b1c66035-8b37-4ede-94de-241501396204,FirstNumber=38,secondNumber=517}  written to file by thread pool-3-thread-4
 message  {Id=4373157e-b37f-458e-b412-e0df9b226ae2,FirstNumber=715,secondNumber=838}  added by thread pool-3-thread-6
 message  {Id=4373157e-b37f-458e-b412-e0df9b226ae2,FirstNumber=715,secondNumber=838}  written to file by thread pool-3-thread-4
 message  {Id=a298086d-b019-4e0b-8631-8d99a8f6b7f5,FirstNumber=970,secondNumber=372}  added by thread pool-3-thread-6
 message  {Id=a298086d-b019-4e0b-8631-8d99a8f6b7f5,FirstNumber=970,secondNumber=372}  written to file by thread pool-3-thread-5
 message  {Id=d02dac76-d5b5-4a6c-8ef4-6c68eb11c9ed,FirstNumber=207,secondNumber=1375}  added by thread pool-3-thread-6
 message  {Id=d02dac76-d5b5-4a6c-8ef4-6c68eb11c9ed,FirstNumber=207,secondNumber=1375}  written to file by thread pool-3-thread-1
 message  {Id=efaf7554-9429-48be-ae8d-9865e6898549,FirstNumber=94,secondNumber=391}  added by thread pool-3-thread-6
 message  {Id=efaf7554-9429-48be-ae8d-9865e6898549,FirstNumber=94,secondNumber=391}  written to file by thread pool-3-thread-1
 message  {Id=981b4fa0-d5ed-4be5-a977-d6f7029e57b8,FirstNumber=208,secondNumber=646}  added by thread pool-3-thread-6
 message  {Id=981b4fa0-d5ed-4be5-a977-d6f7029e57b8,FirstNumber=208,secondNumber=646}  written to file by thread pool-3-thread-1
 message  {Id=7711d7d9-e413-465e-b037-017a3c07b270,FirstNumber=397,secondNumber=342}  added by thread pool-3-thread-6
 message  {Id=7711d7d9-e413-465e-b037-017a3c07b270,FirstNumber=397,secondNumber=342}  written to file by thread pool-3-thread-4
 message  {Id=b3233af2-71cd-40c3-a80f-43fda0cfd491,FirstNumber=503,secondNumber=1902}  added by thread pool-3-thread-6
 message  {Id=b3233af2-71cd-40c3-a80f-43fda0cfd491,FirstNumber=503,secondNumber=1902}  written to file by thread pool-3-thread-5
 message  {Id=931de3f2-4999-49a0-a3bf-0da58bf5a560,FirstNumber=356,secondNumber=1983}  added by thread pool-3-thread-6
 message  {Id=931de3f2-4999-49a0-a3bf-0da58bf5a560,FirstNumber=356,secondNumber=1983}  written to file by thread pool-3-thread-3
 message  {Id=7a6c95a5-87f4-4c80-a2e7-aa61097bc9d6,FirstNumber=950,secondNumber=1814}  added by thread pool-3-thread-6
 message  {Id=7a6c95a5-87f4-4c80-a2e7-aa61097bc9d6,FirstNumber=950,secondNumber=1814}  written to file by thread pool-3-thread-2
 message  {Id=6ca13746-2bef-4103-9d5e-fe462808c422,FirstNumber=711,secondNumber=779}  added by thread pool-3-thread-6
 message  {Id=6ca13746-2bef-4103-9d5e-fe462808c422,FirstNumber=711,secondNumber=779}  written to file by thread pool-3-thread-2
 message  {Id=e570add6-e13c-417b-8fac-f9743298a429,FirstNumber=640,secondNumber=420}  added by thread pool-3-thread-6
 message  {Id=e570add6-e13c-417b-8fac-f9743298a429,FirstNumber=640,secondNumber=420}  written to file by thread pool-3-thread-4
 message  {Id=8ef22d9e-6d38-4409-89e9-89d4d282dc40,FirstNumber=166,secondNumber=649}  added by thread pool-3-thread-6
 message  {Id=8ef22d9e-6d38-4409-89e9-89d4d282dc40,FirstNumber=166,secondNumber=649}  written to file by thread pool-3-thread-5
 message  {Id=6c85c947-0be2-4ff8-bf57-11e4b35642cf,FirstNumber=92,secondNumber=1524}  added by thread pool-3-thread-6
 message  {Id=6c85c947-0be2-4ff8-bf57-11e4b35642cf,FirstNumber=92,secondNumber=1524}  written to file by thread pool-3-thread-3
 message  {Id=25251d04-a8c9-4abe-86b4-e64c513bcbce,FirstNumber=794,secondNumber=226}  added by thread pool-3-thread-6
 message  {Id=25251d04-a8c9-4abe-86b4-e64c513bcbce,FirstNumber=794,secondNumber=226}  written to file by thread pool-3-thread-1
 message  {Id=76db189a-11d0-433a-aacb-e4531c4ce842,FirstNumber=517,secondNumber=1830}  added by thread pool-3-thread-6
 message  {Id=76db189a-11d0-433a-aacb-e4531c4ce842,FirstNumber=517,secondNumber=1830}  written to file by thread pool-3-thread-2
 message  {Id=0db5a1f9-ab05-4528-9d2e-f8cf2bd8aa7b,FirstNumber=688,secondNumber=887}  added by thread pool-3-thread-6
 message  {Id=0db5a1f9-ab05-4528-9d2e-f8cf2bd8aa7b,FirstNumber=688,secondNumber=887}  written to file by thread pool-3-thread-2
 message  {Id=33bc56bf-e5bc-462a-8e8c-10eeb27979ca,FirstNumber=808,secondNumber=535}  added by thread pool-3-thread-6
 message  {Id=33bc56bf-e5bc-462a-8e8c-10eeb27979ca,FirstNumber=808,secondNumber=535}  written to file by thread pool-3-thread-5
 message  {Id=2a4cd6b9-9d0e-44f3-8def-1fcc8fa27564,FirstNumber=662,secondNumber=706}  added by thread pool-3-thread-6
 message  {Id=2a4cd6b9-9d0e-44f3-8def-1fcc8fa27564,FirstNumber=662,secondNumber=706}  written to file by thread pool-3-thread-5
 message  {Id=9d70ce2d-c111-45bf-b65e-9feb28386d15,FirstNumber=527,secondNumber=1244}  added by thread pool-3-thread-6
 message  {Id=4e6c36a3-4bcc-4778-b87d-a1ccf51bf986,FirstNumber=60,secondNumber=550}  added by thread pool-3-thread-6
 message  {Id=9d70ce2d-c111-45bf-b65e-9feb28386d15,FirstNumber=527,secondNumber=1244}  written to file by thread pool-3-thread-1
 message  {Id=4e6c36a3-4bcc-4778-b87d-a1ccf51bf986,FirstNumber=60,secondNumber=550}  written to file by thread pool-3-thread-4
 message  {Id=b4120f73-8b77-464d-9ace-85cedc6ae377,FirstNumber=350,secondNumber=1676}  added by thread pool-3-thread-6
 message  {Id=b4120f73-8b77-464d-9ace-85cedc6ae377,FirstNumber=350,secondNumber=1676}  written to file by thread pool-3-thread-2
 message  {Id=02c0cb74-cae3-430e-b7ac-5286ec9bb723,FirstNumber=721,secondNumber=263}  added by thread pool-3-thread-6
 message  {Id=02c0cb74-cae3-430e-b7ac-5286ec9bb723,FirstNumber=721,secondNumber=263}  written to file by thread pool-3-thread-3
 message  {Id=2af9b073-1f38-472b-9a29-d031d901c6fc,FirstNumber=552,secondNumber=417}  added by thread pool-3-thread-6
 message  {Id=2af9b073-1f38-472b-9a29-d031d901c6fc,FirstNumber=552,secondNumber=417}  written to file by thread pool-3-thread-3
 message  {Id=17f5e154-9add-43ea-8926-51c3310d45e4,FirstNumber=32,secondNumber=183}  added by thread pool-3-thread-6
 message  {Id=b26cd123-18b2-48fd-be9c-f748a655b93a,FirstNumber=195,secondNumber=501}  added by thread pool-3-thread-6
 message  {Id=17f5e154-9add-43ea-8926-51c3310d45e4,FirstNumber=32,secondNumber=183}  written to file by thread pool-3-thread-1
 message  {Id=b26cd123-18b2-48fd-be9c-f748a655b93a,FirstNumber=195,secondNumber=501}  written to file by thread pool-3-thread-4
 message  {Id=aeccdf0d-97d2-447d-ad3c-ecc5c3aa025e,FirstNumber=580,secondNumber=1166}  added by thread pool-3-thread-6
 message  {Id=aeccdf0d-97d2-447d-ad3c-ecc5c3aa025e,FirstNumber=580,secondNumber=1166}  written to file by thread pool-3-thread-2
 message  {Id=2fdf3799-9a0b-4a4b-9cb8-b6eb7771815b,FirstNumber=521,secondNumber=1549}  added by thread pool-3-thread-6
 message  {Id=2fdf3799-9a0b-4a4b-9cb8-b6eb7771815b,FirstNumber=521,secondNumber=1549}  written to file by thread pool-3-thread-5
 message  {Id=39b3605b-110c-445f-9cd8-2f68c4079f14,FirstNumber=265,secondNumber=734}  added by thread pool-3-thread-6
 message  {Id=39b3605b-110c-445f-9cd8-2f68c4079f14,FirstNumber=265,secondNumber=734}  written to file by thread pool-3-thread-5
 message  {Id=ba65525d-035b-4aad-9b37-a3f89f1da136,FirstNumber=676,secondNumber=696}  added by thread pool-3-thread-6
 message  {Id=ba65525d-035b-4aad-9b37-a3f89f1da136,FirstNumber=676,secondNumber=696}  written to file by thread pool-3-thread-1
 message  {Id=ff774491-3dcc-4408-b3be-fe14dc2aa2b0,FirstNumber=921,secondNumber=234}  added by thread pool-3-thread-6
 message  {Id=ff774491-3dcc-4408-b3be-fe14dc2aa2b0,FirstNumber=921,secondNumber=234}  written to file by thread pool-3-thread-4
 message  {Id=6b76b43c-da48-4d0c-8ac5-2939d995539c,FirstNumber=230,secondNumber=1318}  added by thread pool-3-thread-6
 message  {Id=6b76b43c-da48-4d0c-8ac5-2939d995539c,FirstNumber=230,secondNumber=1318}  written to file by thread pool-3-thread-4
 message  {Id=e5b9210f-3cdd-4dab-be64-d3a193f0b3c3,FirstNumber=808,secondNumber=1945}  added by thread pool-3-thread-6
 message  {Id=e5b9210f-3cdd-4dab-be64-d3a193f0b3c3,FirstNumber=808,secondNumber=1945}  written to file by thread pool-3-thread-4
 message  {Id=3b310815-795d-4dc6-8c56-04dbc61918d9,FirstNumber=501,secondNumber=1380}  added by thread pool-3-thread-6
 message  {Id=3b310815-795d-4dc6-8c56-04dbc61918d9,FirstNumber=501,secondNumber=1380}  written to file by thread pool-3-thread-5
 message  {Id=29f65a34-cd19-463b-9a08-3ad5cfcee701,FirstNumber=995,secondNumber=101}  added by thread pool-3-thread-6
 message  {Id=29f65a34-cd19-463b-9a08-3ad5cfcee701,FirstNumber=995,secondNumber=101}  written to file by thread pool-3-thread-5
 message  {Id=7cb78700-dff1-4508-81c5-85ef6b9db584,FirstNumber=146,secondNumber=202}  added by thread pool-3-thread-6
 message  {Id=7cb78700-dff1-4508-81c5-85ef6b9db584,FirstNumber=146,secondNumber=202}  written to file by thread pool-3-thread-5
 message  {Id=f047c309-0479-41f7-99a9-3124805d207c,FirstNumber=495,secondNumber=851}  added by thread pool-3-thread-6
 message  {Id=f047c309-0479-41f7-99a9-3124805d207c,FirstNumber=495,secondNumber=851}  written to file by thread pool-3-thread-3
 message  {Id=bae203d4-5046-4465-a684-60a58a42fa37,FirstNumber=275,secondNumber=1285}  added by thread pool-3-thread-6
 message  {Id=bae203d4-5046-4465-a684-60a58a42fa37,FirstNumber=275,secondNumber=1285}  written to file by thread pool-3-thread-3
 message  {Id=f85f39ea-8a6d-4938-b796-4e936f3ab453,FirstNumber=565,secondNumber=1177}  added by thread pool-3-thread-6
 message  {Id=f85f39ea-8a6d-4938-b796-4e936f3ab453,FirstNumber=565,secondNumber=1177}  written to file by thread pool-3-thread-1
 message  {Id=c3b1404d-9ebe-4340-9c5b-3f57a51f7659,FirstNumber=590,secondNumber=573}  added by thread pool-3-thread-6
 message  {Id=c3b1404d-9ebe-4340-9c5b-3f57a51f7659,FirstNumber=590,secondNumber=573}  written to file by thread pool-3-thread-2
 message  {Id=c783409a-c72f-4d60-8427-5feb734b98f5,FirstNumber=722,secondNumber=1204}  added by thread pool-3-thread-6
 message  {Id=c783409a-c72f-4d60-8427-5feb734b98f5,FirstNumber=722,secondNumber=1204}  written to file by thread pool-3-thread-2
 message  {Id=9178342f-ef3b-4d35-8b77-b8289fdc0bec,FirstNumber=484,secondNumber=624}  added by thread pool-3-thread-6
 message  {Id=9178342f-ef3b-4d35-8b77-b8289fdc0bec,FirstNumber=484,secondNumber=624}  written to file by thread pool-3-thread-2
 message  {Id=6a58a8c4-bf3e-4f23-a830-610137d41f5a,FirstNumber=124,secondNumber=271}  added by thread pool-3-thread-6
 message  {Id=6a58a8c4-bf3e-4f23-a830-610137d41f5a,FirstNumber=124,secondNumber=271}  written to file by thread pool-3-thread-3
 message  {Id=71f05e48-6c9c-4f0f-b9e8-39ab3e6e2024,FirstNumber=7,secondNumber=875}  added by thread pool-3-thread-6
 message  {Id=71f05e48-6c9c-4f0f-b9e8-39ab3e6e2024,FirstNumber=7,secondNumber=875}  written to file by thread pool-3-thread-1
 message  {Id=5e881a4e-dfd2-4ac9-9224-e63e3ec1d4f6,FirstNumber=128,secondNumber=1718}  added by thread pool-3-thread-6
 message  {Id=5e881a4e-dfd2-4ac9-9224-e63e3ec1d4f6,FirstNumber=128,secondNumber=1718}  written to file by thread pool-3-thread-5
 message  {Id=4b994b8e-5bef-4462-b611-60b4ebff77d3,FirstNumber=820,secondNumber=309}  added by thread pool-3-thread-6
 message  {Id=4b994b8e-5bef-4462-b611-60b4ebff77d3,FirstNumber=820,secondNumber=309}  written to file by thread pool-3-thread-5
 message  {Id=fc14490a-b79d-4891-b0e6-0d5835d5f59d,FirstNumber=827,secondNumber=1450}  added by thread pool-3-thread-6
 message  {Id=fc14490a-b79d-4891-b0e6-0d5835d5f59d,FirstNumber=827,secondNumber=1450}  written to file by thread pool-3-thread-2
 message  {Id=202d24c1-faf8-446c-8aae-7e5abc43db90,FirstNumber=882,secondNumber=625}  added by thread pool-3-thread-6
 message  {Id=202d24c1-faf8-446c-8aae-7e5abc43db90,FirstNumber=882,secondNumber=625}  written to file by thread pool-3-thread-3
 message  {Id=cc74817b-9b04-4df4-9e79-e9f8efcd98c6,FirstNumber=268,secondNumber=449}  added by thread pool-3-thread-6
 message  {Id=cc74817b-9b04-4df4-9e79-e9f8efcd98c6,FirstNumber=268,secondNumber=449}  written to file by thread pool-3-thread-3
 message  {Id=20a42913-ec28-40e0-80e6-f90dc504ca05,FirstNumber=139,secondNumber=130}  added by thread pool-3-thread-6
 message  {Id=20a42913-ec28-40e0-80e6-f90dc504ca05,FirstNumber=139,secondNumber=130}  written to file by thread pool-3-thread-3
 message  {Id=52310d04-9f7e-439f-aa7d-066bf4cd5dae,FirstNumber=813,secondNumber=842}  added by thread pool-3-thread-6
 message  {Id=52310d04-9f7e-439f-aa7d-066bf4cd5dae,FirstNumber=813,secondNumber=842}  written to file by thread pool-3-thread-3
 message  {Id=38f86252-d64b-4f1c-b092-7f1216bad2dc,FirstNumber=254,secondNumber=230}  added by thread pool-3-thread-6
 message  {Id=38f86252-d64b-4f1c-b092-7f1216bad2dc,FirstNumber=254,secondNumber=230}  written to file by thread pool-3-thread-2
 message  {Id=2108a4ab-5ff1-4ef7-b784-9c84a7a7127d,FirstNumber=263,secondNumber=103}  added by thread pool-3-thread-6
 message  {Id=2108a4ab-5ff1-4ef7-b784-9c84a7a7127d,FirstNumber=263,secondNumber=103}  written to file by thread pool-3-thread-1
 message  {Id=f71c5af4-2d3c-4110-9c13-9dccd5abdf6b,FirstNumber=822,secondNumber=1754}  added by thread pool-3-thread-6
 message  {Id=f71c5af4-2d3c-4110-9c13-9dccd5abdf6b,FirstNumber=822,secondNumber=1754}  written to file by thread pool-3-thread-4
 message  {Id=c761624f-b68e-4b60-9d4a-b3a223bf6c55,FirstNumber=922,secondNumber=63}  added by thread pool-3-thread-6
 message  {Id=c761624f-b68e-4b60-9d4a-b3a223bf6c55,FirstNumber=922,secondNumber=63}  written to file by thread pool-3-thread-5
 message  {Id=da971e67-2334-4550-8a15-8d55c59c09d2,FirstNumber=916,secondNumber=616}  added by thread pool-3-thread-6
 message  {Id=da971e67-2334-4550-8a15-8d55c59c09d2,FirstNumber=916,secondNumber=616}  written to file by thread pool-3-thread-3
 message  {Id=21b959f9-232a-4f95-8f4d-c0fedcb6d674,FirstNumber=735,secondNumber=1330}  added by thread pool-3-thread-6
 message  {Id=21b959f9-232a-4f95-8f4d-c0fedcb6d674,FirstNumber=735,secondNumber=1330}  written to file by thread pool-3-thread-2
 message  {Id=0baec9bd-946b-400a-baad-9351c9f50629,FirstNumber=748,secondNumber=1738}  added by thread pool-3-thread-6
 message  {Id=0baec9bd-946b-400a-baad-9351c9f50629,FirstNumber=748,secondNumber=1738}  written to file by thread pool-3-thread-2
 message  {Id=3ffe9af3-6d96-4e4e-81e3-40fca4c540ac,FirstNumber=755,secondNumber=1995}  added by thread pool-3-thread-6
 message  {Id=3ffe9af3-6d96-4e4e-81e3-40fca4c540ac,FirstNumber=755,secondNumber=1995}  written to file by thread pool-3-thread-4
 message  {Id=cc77eaa3-a619-4311-8630-87523eb7226a,FirstNumber=874,secondNumber=1747}  added by thread pool-3-thread-6
 message  {Id=cc77eaa3-a619-4311-8630-87523eb7226a,FirstNumber=874,secondNumber=1747}  written to file by thread pool-3-thread-5
 message  {Id=9617dad4-8782-42ae-9ead-b484d43517d4,FirstNumber=295,secondNumber=695}  added by thread pool-3-thread-6
 message  {Id=9617dad4-8782-42ae-9ead-b484d43517d4,FirstNumber=295,secondNumber=695}  written to file by thread pool-3-thread-3
 message  {Id=9d670fcb-eff9-486b-b37e-7a7b69fb5f4d,FirstNumber=867,secondNumber=619}  added by thread pool-3-thread-6
 message  {Id=9d670fcb-eff9-486b-b37e-7a7b69fb5f4d,FirstNumber=867,secondNumber=619}  written to file by thread pool-3-thread-3
 message  {Id=3b46915e-3ac0-4021-b9df-e8171e848ef2,FirstNumber=897,secondNumber=419}  added by thread pool-3-thread-6
 message  {Id=3b46915e-3ac0-4021-b9df-e8171e848ef2,FirstNumber=897,secondNumber=419}  written to file by thread pool-3-thread-2
 message  {Id=08750a49-dcd5-4a0f-adfe-4f346a831c3e,FirstNumber=203,secondNumber=1152}  added by thread pool-3-thread-6
 message  {Id=08750a49-dcd5-4a0f-adfe-4f346a831c3e,FirstNumber=203,secondNumber=1152}  written to file by thread pool-3-thread-2
 message  {Id=7fea7ba4-372d-4a06-81a9-4cfbc40c83a1,FirstNumber=976,secondNumber=356}  added by thread pool-3-thread-6
 message  {Id=6b99a2b3-10d2-4638-bfc7-f209ecec3060,FirstNumber=441,secondNumber=794}  added by thread pool-3-thread-6
 message  {Id=7fea7ba4-372d-4a06-81a9-4cfbc40c83a1,FirstNumber=976,secondNumber=356}  written to file by thread pool-3-thread-5
 message  {Id=6b99a2b3-10d2-4638-bfc7-f209ecec3060,FirstNumber=441,secondNumber=794}  written to file by thread pool-3-thread-1
 message  {Id=b1e0eb0a-982f-4d18-b518-e271834a2ea7,FirstNumber=720,secondNumber=1119}  added by thread pool-3-thread-6
 message  {Id=b1e0eb0a-982f-4d18-b518-e271834a2ea7,FirstNumber=720,secondNumber=1119}  written to file by thread pool-3-thread-1
 message  {Id=40c26302-7bf3-4e4b-a0f5-ab1fb0ac014b,FirstNumber=99,secondNumber=1524}  added by thread pool-3-thread-6
 message  {Id=40c26302-7bf3-4e4b-a0f5-ab1fb0ac014b,FirstNumber=99,secondNumber=1524}  written to file by thread pool-3-thread-4
 message  {Id=caeb7c8f-ddb2-471b-8e20-c98a90c5a5be,FirstNumber=15,secondNumber=1491}  added by thread pool-3-thread-6
 message  {Id=caeb7c8f-ddb2-471b-8e20-c98a90c5a5be,FirstNumber=15,secondNumber=1491}  written to file by thread pool-3-thread-4
 message  {Id=aa5a8a77-af66-4fb3-b9e7-359791ca5188,FirstNumber=332,secondNumber=1984}  added by thread pool-3-thread-6
 message  {Id=aa5a8a77-af66-4fb3-b9e7-359791ca5188,FirstNumber=332,secondNumber=1984}  written to file by thread pool-3-thread-5
 message  {Id=ddd7fa45-da92-4e6d-9699-41b1adfa01fe,FirstNumber=317,secondNumber=299}  added by thread pool-3-thread-6
 message  {Id=ddd7fa45-da92-4e6d-9699-41b1adfa01fe,FirstNumber=317,secondNumber=299}  written to file by thread pool-3-thread-3
 message  {Id=169643a4-da0d-462c-ad64-359189c58751,FirstNumber=160,secondNumber=179}  added by thread pool-3-thread-6
 message  {Id=169643a4-da0d-462c-ad64-359189c58751,FirstNumber=160,secondNumber=179}  written to file by thread pool-3-thread-1
 message  {Id=691c5dd5-c281-4106-b506-3b865649a454,FirstNumber=406,secondNumber=1910}  added by thread pool-3-thread-6
 message  {Id=691c5dd5-c281-4106-b506-3b865649a454,FirstNumber=406,secondNumber=1910}  written to file by thread pool-3-thread-2
 message  {Id=77ecde08-1212-4036-80d0-54adc734dd76,FirstNumber=221,secondNumber=559}  added by thread pool-3-thread-6
 message  {Id=77ecde08-1212-4036-80d0-54adc734dd76,FirstNumber=221,secondNumber=559}  written to file by thread pool-3-thread-4
 message  {Id=341eb8fe-ed0f-4e68-be1c-5b39e4afc525,FirstNumber=749,secondNumber=1339}  added by thread pool-3-thread-6
 message  {Id=341eb8fe-ed0f-4e68-be1c-5b39e4afc525,FirstNumber=749,secondNumber=1339}  written to file by thread pool-3-thread-5
 message  {Id=02c3fef6-21da-43da-b03d-fba14ac61b4d,FirstNumber=988,secondNumber=70}  added by thread pool-3-thread-6
 message  {Id=02c3fef6-21da-43da-b03d-fba14ac61b4d,FirstNumber=988,secondNumber=70}  written to file by thread pool-3-thread-3
 message  {Id=a4cbc135-5383-4d75-80df-2c9de39abdfe,FirstNumber=9,secondNumber=1666}  added by thread pool-3-thread-6
 message  {Id=a4cbc135-5383-4d75-80df-2c9de39abdfe,FirstNumber=9,secondNumber=1666}  written to file by thread pool-3-thread-3
 message  {Id=0f99058f-0e58-4de6-970e-2559615c028d,FirstNumber=130,secondNumber=1040}  added by thread pool-3-thread-6
 message  {Id=0f99058f-0e58-4de6-970e-2559615c028d,FirstNumber=130,secondNumber=1040}  written to file by thread pool-3-thread-3
 message  {Id=5d2706f1-6f8a-4437-9157-51b7afb21b4d,FirstNumber=210,secondNumber=1711}  added by thread pool-3-thread-6
 message  {Id=5d2706f1-6f8a-4437-9157-51b7afb21b4d,FirstNumber=210,secondNumber=1711}  written to file by thread pool-3-thread-3
 message  {Id=d04b7932-8383-4f6e-b8ad-7a5a5c4799b8,FirstNumber=0,secondNumber=874}  added by thread pool-3-thread-6
 message  {Id=d04b7932-8383-4f6e-b8ad-7a5a5c4799b8,FirstNumber=0,secondNumber=874}  written to file by thread pool-3-thread-5
 message  {Id=6b41bb16-22b8-45eb-a730-361f5154f8bf,FirstNumber=975,secondNumber=1940}  added by thread pool-3-thread-6
 message  {Id=6b41bb16-22b8-45eb-a730-361f5154f8bf,FirstNumber=975,secondNumber=1940}  written to file by thread pool-3-thread-1
 message  {Id=a0cd96b0-adc1-4380-a512-900b413584a8,FirstNumber=710,secondNumber=640}  added by thread pool-3-thread-6
 message  {Id=a0cd96b0-adc1-4380-a512-900b413584a8,FirstNumber=710,secondNumber=640}  written to file by thread pool-3-thread-1
 message  {Id=f4995f53-e35b-48b0-88d2-8d56ac04f09d,FirstNumber=306,secondNumber=1703}  added by thread pool-3-thread-6
 message  {Id=f4995f53-e35b-48b0-88d2-8d56ac04f09d,FirstNumber=306,secondNumber=1703}  written to file by thread pool-3-thread-1
 message  {Id=e114c54d-3ad0-4968-a448-d29ae34fb4a5,FirstNumber=132,secondNumber=173}  added by thread pool-3-thread-6
 message  {Id=e114c54d-3ad0-4968-a448-d29ae34fb4a5,FirstNumber=132,secondNumber=173}  written to file by thread pool-3-thread-1
 message  {Id=ded0d54d-d5b8-41c5-928c-1e96b4514c20,FirstNumber=73,secondNumber=715}  added by thread pool-3-thread-6
 message  {Id=ded0d54d-d5b8-41c5-928c-1e96b4514c20,FirstNumber=73,secondNumber=715}  written to file by thread pool-3-thread-5
 message  {Id=c8959979-70e6-4af3-bea2-19ca04a42f2a,FirstNumber=129,secondNumber=548}  added by thread pool-3-thread-6
 message  {Id=c8959979-70e6-4af3-bea2-19ca04a42f2a,FirstNumber=129,secondNumber=548}  written to file by thread pool-3-thread-5
 message  {Id=f2643fd2-33a1-426e-9216-3b6a4675234a,FirstNumber=447,secondNumber=329}  added by thread pool-3-thread-6
 message  {Id=f2643fd2-33a1-426e-9216-3b6a4675234a,FirstNumber=447,secondNumber=329}  written to file by thread pool-3-thread-4
 message  {Id=93e80d82-a3cb-434b-b773-14832265e412,FirstNumber=257,secondNumber=1855}  added by thread pool-3-thread-6
 message  {Id=93e80d82-a3cb-434b-b773-14832265e412,FirstNumber=257,secondNumber=1855}  written to file by thread pool-3-thread-4
 message  {Id=67e9eade-4cad-446c-bc62-be1971968138,FirstNumber=676,secondNumber=202}  added by thread pool-3-thread-6
 message  {Id=67e9eade-4cad-446c-bc62-be1971968138,FirstNumber=676,secondNumber=202}  written to file by thread pool-3-thread-4
 message  {Id=82ebf3e9-4f20-4e47-933e-7e6c8efe402a,FirstNumber=984,secondNumber=1478}  added by thread pool-3-thread-6
 message  {Id=82ebf3e9-4f20-4e47-933e-7e6c8efe402a,FirstNumber=984,secondNumber=1478}  written to file by thread pool-3-thread-2
 message  {Id=b6e2bf74-bf6a-40f4-8c73-327ada7e2981,FirstNumber=386,secondNumber=1321}  added by thread pool-3-thread-6
 message  {Id=b6e2bf74-bf6a-40f4-8c73-327ada7e2981,FirstNumber=386,secondNumber=1321}  written to file by thread pool-3-thread-2
 message  {Id=faf9ec86-65fa-4d90-86fb-b24cf4d95cc4,FirstNumber=14,secondNumber=673}  added by thread pool-3-thread-6
 message  {Id=faf9ec86-65fa-4d90-86fb-b24cf4d95cc4,FirstNumber=14,secondNumber=673}  written to file by thread pool-3-thread-3
 message  {Id=94b9645e-1b24-4ca4-a28d-41d750a10f5a,FirstNumber=742,secondNumber=1437}  added by thread pool-3-thread-6
 message  {Id=94b9645e-1b24-4ca4-a28d-41d750a10f5a,FirstNumber=742,secondNumber=1437}  written to file by thread pool-3-thread-3
 message  {Id=9cbb9235-2dd5-4a2e-a600-7259bda1d735,FirstNumber=330,secondNumber=1977}  added by thread pool-3-thread-6
 message  {Id=9cbb9235-2dd5-4a2e-a600-7259bda1d735,FirstNumber=330,secondNumber=1977}  written to file by thread pool-3-thread-3
 message  {Id=f5171009-2c45-4ef8-b59d-a6c34013ffb6,FirstNumber=810,secondNumber=769}  added by thread pool-3-thread-6
 message  {Id=f5171009-2c45-4ef8-b59d-a6c34013ffb6,FirstNumber=810,secondNumber=769}  written to file by thread pool-3-thread-5
 message  {Id=4d2ecd62-faa8-4c93-98c8-2f63505d3531,FirstNumber=732,secondNumber=840}  added by thread pool-3-thread-6
 message  {Id=4d2ecd62-faa8-4c93-98c8-2f63505d3531,FirstNumber=732,secondNumber=840}  written to file by thread pool-3-thread-2
 message  {Id=841cf82d-ce67-481e-b0b3-0c49f8e0366b,FirstNumber=352,secondNumber=1425}  added by thread pool-3-thread-6
 message  {Id=841cf82d-ce67-481e-b0b3-0c49f8e0366b,FirstNumber=352,secondNumber=1425}  written to file by thread pool-3-thread-1
 message  {Id=690d657b-2c9e-4cd8-8e23-ef8f243f553b,FirstNumber=927,secondNumber=1168}  added by thread pool-3-thread-6
 message  {Id=690d657b-2c9e-4cd8-8e23-ef8f243f553b,FirstNumber=927,secondNumber=1168}  written to file by thread pool-3-thread-1
 message  {Id=7589e6b5-8f22-4583-ab8f-61c85d15640a,FirstNumber=729,secondNumber=907}  added by thread pool-3-thread-6
 message  {Id=7589e6b5-8f22-4583-ab8f-61c85d15640a,FirstNumber=729,secondNumber=907}  written to file by thread pool-3-thread-3
 message  {Id=57e9801b-51b2-4c35-beb2-b9db0b1939d0,FirstNumber=515,secondNumber=1264}  added by thread pool-3-thread-6
 message  {Id=57e9801b-51b2-4c35-beb2-b9db0b1939d0,FirstNumber=515,secondNumber=1264}  written to file by thread pool-3-thread-5
 message  {Id=da61f64a-35d7-440a-870f-62d72cfd4cb0,FirstNumber=989,secondNumber=1367}  added by thread pool-3-thread-6
 message  {Id=da61f64a-35d7-440a-870f-62d72cfd4cb0,FirstNumber=989,secondNumber=1367}  written to file by thread pool-3-thread-5
 message  {Id=0bc8bbcd-0f1b-44f3-a8e8-74864f55d306,FirstNumber=668,secondNumber=74}  added by thread pool-3-thread-6
 message  {Id=0bc8bbcd-0f1b-44f3-a8e8-74864f55d306,FirstNumber=668,secondNumber=74}  written to file by thread pool-3-thread-4
 message  {Id=ef6d3e6a-0d95-45e6-9e5f-cf6137143c51,FirstNumber=292,secondNumber=163}  added by thread pool-3-thread-6
 message  {Id=ef6d3e6a-0d95-45e6-9e5f-cf6137143c51,FirstNumber=292,secondNumber=163}  written to file by thread pool-3-thread-1
 message  {Id=6c7047b3-7926-46ed-8404-b0450b971351,FirstNumber=73,secondNumber=127}  added by thread pool-3-thread-6
 message  {Id=6c7047b3-7926-46ed-8404-b0450b971351,FirstNumber=73,secondNumber=127}  written to file by thread pool-3-thread-1
 message  {Id=e06364db-74a0-4368-8b62-0eb19fcdc022,FirstNumber=989,secondNumber=633}  added by thread pool-3-thread-6
 message  {Id=e06364db-74a0-4368-8b62-0eb19fcdc022,FirstNumber=989,secondNumber=633}  written to file by thread pool-3-thread-1
 message  {Id=a0c66c81-9ed3-4b78-8ffa-75da5e0612fc,FirstNumber=100,secondNumber=445}  added by thread pool-3-thread-6
 message  {Id=d4fbc119-5bcc-4469-aa16-8d5830b1f342,FirstNumber=510,secondNumber=953}  added by thread pool-3-thread-6
 message  {Id=a0c66c81-9ed3-4b78-8ffa-75da5e0612fc,FirstNumber=100,secondNumber=445}  written to file by thread pool-3-thread-1
 message  {Id=d4fbc119-5bcc-4469-aa16-8d5830b1f342,FirstNumber=510,secondNumber=953}  written to file by thread pool-3-thread-4
 message  {Id=6ec51262-0c2c-46c3-914b-cb425d8a9548,FirstNumber=989,secondNumber=607}  added by thread pool-3-thread-6
 message  {Id=6ec51262-0c2c-46c3-914b-cb425d8a9548,FirstNumber=989,secondNumber=607}  written to file by thread pool-3-thread-1
 message  {Id=c7750cf4-4ef6-4b05-a47c-4d23780596ae,FirstNumber=872,secondNumber=1496}  added by thread pool-3-thread-6
 message  {Id=c7750cf4-4ef6-4b05-a47c-4d23780596ae,FirstNumber=872,secondNumber=1496}  written to file by thread pool-3-thread-2
 message  {Id=9c0af2dd-a8d3-41ea-a173-693464aef7cf,FirstNumber=747,secondNumber=1857}  added by thread pool-3-thread-6
 message  {Id=9c0af2dd-a8d3-41ea-a173-693464aef7cf,FirstNumber=747,secondNumber=1857}  written to file by thread pool-3-thread-5
 message  {Id=9efe6a2d-d6a3-4c1d-8bd6-2863342fdeb5,FirstNumber=467,secondNumber=679}  added by thread pool-3-thread-6
 message  {Id=9efe6a2d-d6a3-4c1d-8bd6-2863342fdeb5,FirstNumber=467,secondNumber=679}  written to file by thread pool-3-thread-3
 message  {Id=f459c1da-f7ef-4e29-bff6-5e77d9f162d4,FirstNumber=922,secondNumber=416}  added by thread pool-3-thread-6
 message  {Id=f459c1da-f7ef-4e29-bff6-5e77d9f162d4,FirstNumber=922,secondNumber=416}  written to file by thread pool-3-thread-4
 message  {Id=5f9e6313-8d13-46bc-a798-2c145cc05ddc,FirstNumber=596,secondNumber=468}  added by thread pool-3-thread-6
 message  {Id=5f9e6313-8d13-46bc-a798-2c145cc05ddc,FirstNumber=596,secondNumber=468}  written to file by thread pool-3-thread-4
 message  {Id=707773a9-4ecc-451d-aadf-649be498279d,FirstNumber=77,secondNumber=1018}  added by thread pool-3-thread-6
 message  {Id=707773a9-4ecc-451d-aadf-649be498279d,FirstNumber=77,secondNumber=1018}  written to file by thread pool-3-thread-4
 message  {Id=7421dd67-0268-4c87-bad0-e2d209fac3e7,FirstNumber=597,secondNumber=880}  added by thread pool-3-thread-6
 message  {Id=7421dd67-0268-4c87-bad0-e2d209fac3e7,FirstNumber=597,secondNumber=880}  written to file by thread pool-3-thread-4
 message  {Id=61d2bd21-1c44-4581-b145-42b1162e520f,FirstNumber=612,secondNumber=898}  added by thread pool-3-thread-6
 message  {Id=61d2bd21-1c44-4581-b145-42b1162e520f,FirstNumber=612,secondNumber=898}  written to file by thread pool-3-thread-3
 message  {Id=3bcac212-25e1-4bbd-8e32-b187a5175d95,FirstNumber=857,secondNumber=917}  added by thread pool-3-thread-6
 message  {Id=3bcac212-25e1-4bbd-8e32-b187a5175d95,FirstNumber=857,secondNumber=917}  written to file by thread pool-3-thread-3
 message  {Id=e19fdbed-451f-41e8-be93-759b9051499c,FirstNumber=113,secondNumber=1287}  added by thread pool-3-thread-6
 message  {Id=e19fdbed-451f-41e8-be93-759b9051499c,FirstNumber=113,secondNumber=1287}  written to file by thread pool-3-thread-3
 message  {Id=b15ec527-259f-4bf1-b5f6-f2be1dd10944,FirstNumber=341,secondNumber=13}  added by thread pool-3-thread-6
 message  {Id=b15ec527-259f-4bf1-b5f6-f2be1dd10944,FirstNumber=341,secondNumber=13}  written to file by thread pool-3-thread-5
 message  {Id=77075b23-6e16-4b5f-93c3-badfb36a5125,FirstNumber=850,secondNumber=194}  added by thread pool-3-thread-6
 message  {Id=77075b23-6e16-4b5f-93c3-badfb36a5125,FirstNumber=850,secondNumber=194}  written to file by thread pool-3-thread-5
 message  {Id=b1d0980f-f774-4503-bf0b-772c75501d74,FirstNumber=269,secondNumber=1644}  added by thread pool-3-thread-6
 message  {Id=b1d0980f-f774-4503-bf0b-772c75501d74,FirstNumber=269,secondNumber=1644}  written to file by thread pool-3-thread-1
 message  {Id=754c6b45-1f32-4b58-abe8-a053977fd05b,FirstNumber=606,secondNumber=1309}  added by thread pool-3-thread-6
 message  {Id=754c6b45-1f32-4b58-abe8-a053977fd05b,FirstNumber=606,secondNumber=1309}  written to file by thread pool-3-thread-2
 message  {Id=bef0ec75-ec29-4718-8fb3-a78e88ed1730,FirstNumber=371,secondNumber=134}  added by thread pool-3-thread-6
 message  {Id=bef0ec75-ec29-4718-8fb3-a78e88ed1730,FirstNumber=371,secondNumber=134}  written to file by thread pool-3-thread-3
 message  {Id=1cc2e4d2-a164-42e0-96f0-8211219031fd,FirstNumber=401,secondNumber=559}  added by thread pool-3-thread-6
 message  {Id=1cc2e4d2-a164-42e0-96f0-8211219031fd,FirstNumber=401,secondNumber=559}  written to file by thread pool-3-thread-4
 message  {Id=5f9d82a2-37f7-4f2f-bc06-335131c8c83e,FirstNumber=481,secondNumber=1669}  added by thread pool-3-thread-6
 message  {Id=5f9d82a2-37f7-4f2f-bc06-335131c8c83e,FirstNumber=481,secondNumber=1669}  written to file by thread pool-3-thread-4
 message  {Id=de2eb7a4-8735-4d38-894e-f5e0fa3bd94e,FirstNumber=401,secondNumber=1893}  added by thread pool-3-thread-6
 message  {Id=de2eb7a4-8735-4d38-894e-f5e0fa3bd94e,FirstNumber=401,secondNumber=1893}  written to file by thread pool-3-thread-4
 message  {Id=752f1530-26cf-4cd2-87b5-96e2847b0a66,FirstNumber=192,secondNumber=1497}  added by thread pool-3-thread-6
 message  {Id=752f1530-26cf-4cd2-87b5-96e2847b0a66,FirstNumber=192,secondNumber=1497}  written to file by thread pool-3-thread-2
 message  {Id=de5eee22-c6d6-48f0-8007-b0f2a2469f32,FirstNumber=78,secondNumber=1988}  added by thread pool-3-thread-6
 message  {Id=de5eee22-c6d6-48f0-8007-b0f2a2469f32,FirstNumber=78,secondNumber=1988}  written to file by thread pool-3-thread-3
 message  {Id=89953074-f4b5-4777-88e0-60b2e0cc0460,FirstNumber=887,secondNumber=295}  added by thread pool-3-thread-6
 message  {Id=89953074-f4b5-4777-88e0-60b2e0cc0460,FirstNumber=887,secondNumber=295}  written to file by thread pool-3-thread-5
 message  {Id=277f8d51-4182-4f7f-8c7a-97f210071e3f,FirstNumber=164,secondNumber=1246}  added by thread pool-3-thread-6
 message  {Id=277f8d51-4182-4f7f-8c7a-97f210071e3f,FirstNumber=164,secondNumber=1246}  written to file by thread pool-3-thread-5
 message  {Id=c665a35b-bce6-4530-91f8-7c23e09bc96d,FirstNumber=427,secondNumber=202}  added by thread pool-3-thread-6
 message  {Id=c665a35b-bce6-4530-91f8-7c23e09bc96d,FirstNumber=427,secondNumber=202}  written to file by thread pool-3-thread-5
 message  {Id=dde957ba-68c2-4086-a154-743c7707c96c,FirstNumber=74,secondNumber=1386}  added by thread pool-3-thread-6
 message  {Id=dde957ba-68c2-4086-a154-743c7707c96c,FirstNumber=74,secondNumber=1386}  written to file by thread pool-3-thread-2
 message  {Id=b128b50a-f019-4174-83a8-98390ec4a3f6,FirstNumber=519,secondNumber=1535}  added by thread pool-3-thread-6
 message  {Id=b128b50a-f019-4174-83a8-98390ec4a3f6,FirstNumber=519,secondNumber=1535}  written to file by thread pool-3-thread-2
 message  {Id=3c9dda11-c4e0-40ea-ba83-dc8aac4379f8,FirstNumber=924,secondNumber=16}  added by thread pool-3-thread-6
 message  {Id=3c9dda11-c4e0-40ea-ba83-dc8aac4379f8,FirstNumber=924,secondNumber=16}  written to file by thread pool-3-thread-1
 message  {Id=9a9272ad-a85f-44cb-96dd-0810e0040155,FirstNumber=758,secondNumber=1665}  added by thread pool-3-thread-6
 message  {Id=9a9272ad-a85f-44cb-96dd-0810e0040155,FirstNumber=758,secondNumber=1665}  written to file by thread pool-3-thread-4
 message  {Id=18a1a541-e65f-4468-99c9-6cb61b5b151f,FirstNumber=238,secondNumber=1821}  added by thread pool-3-thread-6
 message  {Id=18a1a541-e65f-4468-99c9-6cb61b5b151f,FirstNumber=238,secondNumber=1821}  written to file by thread pool-3-thread-5
 message  {Id=d055a816-b1a1-4816-b12c-51af6ed17928,FirstNumber=628,secondNumber=1149}  added by thread pool-3-thread-6
 message  {Id=d055a816-b1a1-4816-b12c-51af6ed17928,FirstNumber=628,secondNumber=1149}  written to file by thread pool-3-thread-3
 message  {Id=2af77c78-1aa6-44c4-8484-7d6cecb0e5b7,FirstNumber=90,secondNumber=391}  added by thread pool-3-thread-6
 message  {Id=2af77c78-1aa6-44c4-8484-7d6cecb0e5b7,FirstNumber=90,secondNumber=391}  written to file by thread pool-3-thread-2
 message  {Id=5d5ece0d-0527-4097-b851-d074467a107f,FirstNumber=309,secondNumber=1837}  added by thread pool-3-thread-6
 message  {Id=5d5ece0d-0527-4097-b851-d074467a107f,FirstNumber=309,secondNumber=1837}  written to file by thread pool-3-thread-1
 message  {Id=ef234a02-6349-4257-90d3-93a535975e76,FirstNumber=542,secondNumber=1363}  added by thread pool-3-thread-6
 message  {Id=ef234a02-6349-4257-90d3-93a535975e76,FirstNumber=542,secondNumber=1363}  written to file by thread pool-3-thread-4
 message  {Id=9c804dc5-791e-4500-88f6-cb0b414d4c3e,FirstNumber=896,secondNumber=1151}  added by thread pool-3-thread-6
 message  {Id=9c804dc5-791e-4500-88f6-cb0b414d4c3e,FirstNumber=896,secondNumber=1151}  written to file by thread pool-3-thread-5
 message  {Id=54f4f9b7-b8f8-49f6-b42b-5285d3d9dc63,FirstNumber=269,secondNumber=995}  added by thread pool-3-thread-6
 message  {Id=54f4f9b7-b8f8-49f6-b42b-5285d3d9dc63,FirstNumber=269,secondNumber=995}  written to file by thread pool-3-thread-3
 message  {Id=b3819a04-f2dd-4c0d-8b1e-1ce9dd67cb8d,FirstNumber=30,secondNumber=1175}  added by thread pool-3-thread-6
 message  {Id=b3819a04-f2dd-4c0d-8b1e-1ce9dd67cb8d,FirstNumber=30,secondNumber=1175}  written to file by thread pool-3-thread-2
 message  {Id=14391cfa-e622-4bb2-b706-274a21f221fc,FirstNumber=723,secondNumber=1499}  added by thread pool-3-thread-6
 message  {Id=14391cfa-e622-4bb2-b706-274a21f221fc,FirstNumber=723,secondNumber=1499}  written to file by thread pool-3-thread-1
 message  {Id=1f1cb6e0-7f24-4468-9428-3d41feded0c2,FirstNumber=872,secondNumber=1846}  added by thread pool-3-thread-6
 message  {Id=1f1cb6e0-7f24-4468-9428-3d41feded0c2,FirstNumber=872,secondNumber=1846}  written to file by thread pool-3-thread-1
 message  {Id=757ff5f9-f38c-4cb1-ac87-32604d8821a0,FirstNumber=340,secondNumber=201}  added by thread pool-3-thread-6
 message  {Id=757ff5f9-f38c-4cb1-ac87-32604d8821a0,FirstNumber=340,secondNumber=201}  written to file by thread pool-3-thread-5
 message  {Id=8631e33b-1512-4749-8891-9716d74bac4b,FirstNumber=765,secondNumber=1112}  added by thread pool-3-thread-6
 message  {Id=8631e33b-1512-4749-8891-9716d74bac4b,FirstNumber=765,secondNumber=1112}  written to file by thread pool-3-thread-3
 message  {Id=3c5fc257-ad01-456f-bc2a-09bcd9ffe10b,FirstNumber=476,secondNumber=1217}  added by thread pool-3-thread-6
 message  {Id=3c5fc257-ad01-456f-bc2a-09bcd9ffe10b,FirstNumber=476,secondNumber=1217}  written to file by thread pool-3-thread-2
 message  {Id=8b9e77cc-9a5f-48ac-bc7a-7893e3fefae5,FirstNumber=557,secondNumber=840}  added by thread pool-3-thread-6
 message  {Id=8b9e77cc-9a5f-48ac-bc7a-7893e3fefae5,FirstNumber=557,secondNumber=840}  written to file by thread pool-3-thread-4
 message  {Id=5086c0f0-2484-4e90-830a-89c2fd11d7a0,FirstNumber=872,secondNumber=705}  added by thread pool-3-thread-6
 message  {Id=5086c0f0-2484-4e90-830a-89c2fd11d7a0,FirstNumber=872,secondNumber=705}  written to file by thread pool-3-thread-1
 message  {Id=791f7c40-c6ae-48da-aadc-f55ef2e25b65,FirstNumber=257,secondNumber=1077}  added by thread pool-3-thread-6
 message  {Id=791f7c40-c6ae-48da-aadc-f55ef2e25b65,FirstNumber=257,secondNumber=1077}  written to file by thread pool-3-thread-5
 message  {Id=25b9ce67-37db-4c7b-9a26-5001835302ca,FirstNumber=857,secondNumber=968}  added by thread pool-3-thread-6
 message  {Id=25b9ce67-37db-4c7b-9a26-5001835302ca,FirstNumber=857,secondNumber=968}  written to file by thread pool-3-thread-3
 message  {Id=b022c80b-3c26-48f3-8920-f3f74a713b2a,FirstNumber=402,secondNumber=464}  added by thread pool-3-thread-6
 message  {Id=b022c80b-3c26-48f3-8920-f3f74a713b2a,FirstNumber=402,secondNumber=464}  written to file by thread pool-3-thread-2
 message  {Id=e6343a10-e7bc-4b49-9642-2adbc290b12e,FirstNumber=942,secondNumber=741}  added by thread pool-3-thread-6
 message  {Id=e6343a10-e7bc-4b49-9642-2adbc290b12e,FirstNumber=942,secondNumber=741}  written to file by thread pool-3-thread-4
 message  {Id=fadfb23d-7299-4e2f-9256-8fa1156ac6a0,FirstNumber=354,secondNumber=250}  added by thread pool-3-thread-6
 message  {Id=2d9d3dac-d007-4eea-b2f2-2da0c21c59b9,FirstNumber=788,secondNumber=1036}  added by thread pool-3-thread-6
 message  {Id=fadfb23d-7299-4e2f-9256-8fa1156ac6a0,FirstNumber=354,secondNumber=250}  written to file by thread pool-3-thread-1
 message  {Id=2d9d3dac-d007-4eea-b2f2-2da0c21c59b9,FirstNumber=788,secondNumber=1036}  written to file by thread pool-3-thread-5
 message  {Id=88d4a81d-21e8-4aec-9e9a-d612d20a687e,FirstNumber=358,secondNumber=1524}  added by thread pool-3-thread-6
 message  {Id=88d4a81d-21e8-4aec-9e9a-d612d20a687e,FirstNumber=358,secondNumber=1524}  written to file by thread pool-3-thread-3
 message  {Id=196a3924-6b08-4acc-ac64-1c186b2d36c5,FirstNumber=831,secondNumber=1731}  added by thread pool-3-thread-6
 message  {Id=196a3924-6b08-4acc-ac64-1c186b2d36c5,FirstNumber=831,secondNumber=1731}  written to file by thread pool-3-thread-2
 message  {Id=308c4fb1-0148-4c63-8782-9cb753a5854f,FirstNumber=192,secondNumber=798}  added by thread pool-3-thread-6
 message  {Id=308c4fb1-0148-4c63-8782-9cb753a5854f,FirstNumber=192,secondNumber=798}  written to file by thread pool-3-thread-4
 message  {Id=45584d13-918d-409f-a2f4-df2dbcafba92,FirstNumber=948,secondNumber=1279}  added by thread pool-3-thread-6
 message  {Id=bcf1233f-09ae-4ca1-8483-fc386683a66a,FirstNumber=176,secondNumber=839}  added by thread pool-3-thread-6
 message  {Id=45584d13-918d-409f-a2f4-df2dbcafba92,FirstNumber=948,secondNumber=1279}  written to file by thread pool-3-thread-1
 message  {Id=bcf1233f-09ae-4ca1-8483-fc386683a66a,FirstNumber=176,secondNumber=839}  written to file by thread pool-3-thread-5
 message  {Id=d65353d6-e6d6-4991-82b2-cfafa2f18fa3,FirstNumber=800,secondNumber=1791}  added by thread pool-3-thread-6
 message  {Id=d65353d6-e6d6-4991-82b2-cfafa2f18fa3,FirstNumber=800,secondNumber=1791}  written to file by thread pool-3-thread-3
 message  {Id=8e9e53c1-46db-4e13-b26b-edb56d283e2f,FirstNumber=747,secondNumber=1745}  added by thread pool-3-thread-6
 message  {Id=8e9e53c1-46db-4e13-b26b-edb56d283e2f,FirstNumber=747,secondNumber=1745}  written to file by thread pool-3-thread-3
 message  {Id=edcada26-5209-4455-abf4-ca0fb4d55b62,FirstNumber=186,secondNumber=852}  added by thread pool-3-thread-6
 message  {Id=edcada26-5209-4455-abf4-ca0fb4d55b62,FirstNumber=186,secondNumber=852}  written to file by thread pool-3-thread-3
 message  {Id=d272e373-e140-4aa9-bc06-0f846986e05c,FirstNumber=606,secondNumber=155}  added by thread pool-3-thread-6
 message  {Id=d272e373-e140-4aa9-bc06-0f846986e05c,FirstNumber=606,secondNumber=155}  written to file by thread pool-3-thread-1
 message  {Id=7cb7b7c7-7f01-4160-9f65-e43cf4b15c52,FirstNumber=700,secondNumber=509}  added by thread pool-3-thread-6
 message  {Id=7cb7b7c7-7f01-4160-9f65-e43cf4b15c52,FirstNumber=700,secondNumber=509}  written to file by thread pool-3-thread-5
 message  {Id=9bf01b41-d70d-41c2-83b9-eea17143e8f0,FirstNumber=516,secondNumber=1450}  added by thread pool-3-thread-6
 message  {Id=9bf01b41-d70d-41c2-83b9-eea17143e8f0,FirstNumber=516,secondNumber=1450}  written to file by thread pool-3-thread-2
 message  {Id=70929011-4af1-454c-909f-d5ff7f6f623c,FirstNumber=127,secondNumber=1735}  added by thread pool-3-thread-6
 message  {Id=70929011-4af1-454c-909f-d5ff7f6f623c,FirstNumber=127,secondNumber=1735}  written to file by thread pool-3-thread-2
 message  {Id=ed069377-adad-48ac-8f3d-a3ca4161510e,FirstNumber=446,secondNumber=284}  added by thread pool-3-thread-6
 message  {Id=ed069377-adad-48ac-8f3d-a3ca4161510e,FirstNumber=446,secondNumber=284}  written to file by thread pool-3-thread-2
 message  {Id=3f29ad34-a3cd-40d5-bcc2-250b506718b6,FirstNumber=329,secondNumber=1030}  added by thread pool-3-thread-6
 message  {Id=3f29ad34-a3cd-40d5-bcc2-250b506718b6,FirstNumber=329,secondNumber=1030}  written to file by thread pool-3-thread-2
 message  {Id=6509de91-13c2-437e-865f-74f49ff5abb3,FirstNumber=973,secondNumber=1062}  added by thread pool-3-thread-6
 message  {Id=6509de91-13c2-437e-865f-74f49ff5abb3,FirstNumber=973,secondNumber=1062}  written to file by thread pool-3-thread-2
 message  {Id=1cfb58e8-3770-4bf8-a8db-b7fd34f22007,FirstNumber=933,secondNumber=1947}  added by thread pool-3-thread-6
 message  {Id=1cfb58e8-3770-4bf8-a8db-b7fd34f22007,FirstNumber=933,secondNumber=1947}  written to file by thread pool-3-thread-2
 message  {Id=2657a084-86ba-4b04-95dc-cb6fe9e201b4,FirstNumber=160,secondNumber=418}  added by thread pool-3-thread-6
 message  {Id=2657a084-86ba-4b04-95dc-cb6fe9e201b4,FirstNumber=160,secondNumber=418}  written to file by thread pool-3-thread-2
 message  {Id=80a351a5-11c7-43b5-bb2a-411b696c9c58,FirstNumber=162,secondNumber=588}  added by thread pool-3-thread-6
 message  {Id=80a351a5-11c7-43b5-bb2a-411b696c9c58,FirstNumber=162,secondNumber=588}  written to file by thread pool-3-thread-2
 message  {Id=a66f23ac-f890-425a-910a-2a5cb1ffa7a6,FirstNumber=989,secondNumber=249}  added by thread pool-3-thread-6
 message  {Id=a66f23ac-f890-425a-910a-2a5cb1ffa7a6,FirstNumber=989,secondNumber=249}  written to file by thread pool-3-thread-2
 message  {Id=b7472c35-64ed-4681-9b53-446730e9db6f,FirstNumber=502,secondNumber=290}  added by thread pool-3-thread-6
 message  {Id=b7472c35-64ed-4681-9b53-446730e9db6f,FirstNumber=502,secondNumber=290}  written to file by thread pool-3-thread-2
 message  {Id=cd0b37d0-d92b-419b-b600-b103a7818c4c,FirstNumber=22,secondNumber=1608}  added by thread pool-3-thread-6
 message  {Id=cd0b37d0-d92b-419b-b600-b103a7818c4c,FirstNumber=22,secondNumber=1608}  written to file by thread pool-3-thread-3
 message  {Id=923a43cc-664f-464f-8c78-1ff8393b59ef,FirstNumber=481,secondNumber=1220}  added by thread pool-3-thread-6
 message  {Id=923a43cc-664f-464f-8c78-1ff8393b59ef,FirstNumber=481,secondNumber=1220}  written to file by thread pool-3-thread-3
 message  {Id=953828c9-7713-47fa-8f7d-61bfcee14463,FirstNumber=673,secondNumber=1658}  added by thread pool-3-thread-6
 message  {Id=953828c9-7713-47fa-8f7d-61bfcee14463,FirstNumber=673,secondNumber=1658}  written to file by thread pool-3-thread-3
 message  {Id=fbedd788-fbe8-48ca-ba6e-2093e9a3774c,FirstNumber=440,secondNumber=211}  added by thread pool-3-thread-6
 message  {Id=fbedd788-fbe8-48ca-ba6e-2093e9a3774c,FirstNumber=440,secondNumber=211}  written to file by thread pool-3-thread-3
 message  {Id=1385a7f0-3acd-4823-916f-19d2c7d6bb80,FirstNumber=474,secondNumber=1925}  added by thread pool-3-thread-6
 message  {Id=1385a7f0-3acd-4823-916f-19d2c7d6bb80,FirstNumber=474,secondNumber=1925}  written to file by thread pool-3-thread-2
 message  {Id=dfd6e535-04c7-45e7-90cc-3d45418c88c8,FirstNumber=714,secondNumber=1713}  added by thread pool-3-thread-6
 message  {Id=dfd6e535-04c7-45e7-90cc-3d45418c88c8,FirstNumber=714,secondNumber=1713}  written to file by thread pool-3-thread-1
 message  {Id=384e353c-120d-442f-af02-2f5c62f8a38f,FirstNumber=327,secondNumber=1454}  added by thread pool-3-thread-6
 message  {Id=384e353c-120d-442f-af02-2f5c62f8a38f,FirstNumber=327,secondNumber=1454}  written to file by thread pool-3-thread-5
 message  {Id=04ef0412-e7c0-4399-97e7-9a1e3ca96bc8,FirstNumber=739,secondNumber=779}  added by thread pool-3-thread-6
 message  {Id=04ef0412-e7c0-4399-97e7-9a1e3ca96bc8,FirstNumber=739,secondNumber=779}  written to file by thread pool-3-thread-5
 message  {Id=e0908933-da2f-4287-a26d-bd6a5ac42733,FirstNumber=320,secondNumber=497}  added by thread pool-3-thread-6
 message  {Id=e0908933-da2f-4287-a26d-bd6a5ac42733,FirstNumber=320,secondNumber=497}  written to file by thread pool-3-thread-5
 message  {Id=1e53630f-8da1-453e-aad2-7e638f5695a8,FirstNumber=905,secondNumber=1389}  added by thread pool-3-thread-6
 message  {Id=1e53630f-8da1-453e-aad2-7e638f5695a8,FirstNumber=905,secondNumber=1389}  written to file by thread pool-3-thread-2
 message  {Id=ebfdabaf-a536-40de-9f72-3d6fd3628f50,FirstNumber=353,secondNumber=1448}  added by thread pool-3-thread-6
 message  {Id=ebfdabaf-a536-40de-9f72-3d6fd3628f50,FirstNumber=353,secondNumber=1448}  written to file by thread pool-3-thread-1
 message  {Id=e5317ff9-4956-4219-9d42-bb727d2d37cf,FirstNumber=932,secondNumber=268}  added by thread pool-3-thread-6
 message  {Id=e5317ff9-4956-4219-9d42-bb727d2d37cf,FirstNumber=932,secondNumber=268}  written to file by thread pool-3-thread-4
 message  {Id=e775bd6d-b53f-45c7-9d70-07b8df47fd47,FirstNumber=371,secondNumber=1685}  added by thread pool-3-thread-6
 message  {Id=e775bd6d-b53f-45c7-9d70-07b8df47fd47,FirstNumber=371,secondNumber=1685}  written to file by thread pool-3-thread-4
 message  {Id=c4ced40e-ec72-4fb0-beb1-9ca151dbc3c1,FirstNumber=671,secondNumber=1969}  added by thread pool-3-thread-6
 message  {Id=c4ced40e-ec72-4fb0-beb1-9ca151dbc3c1,FirstNumber=671,secondNumber=1969}  written to file by thread pool-3-thread-4
 message  {Id=1d36b55d-25fe-40a2-a703-038541003f53,FirstNumber=54,secondNumber=1669}  added by thread pool-3-thread-6
 message  {Id=1d36b55d-25fe-40a2-a703-038541003f53,FirstNumber=54,secondNumber=1669}  written to file by thread pool-3-thread-2
 message  {Id=4d909f7c-5bd0-4ff0-ab2d-cd50cf2455a6,FirstNumber=526,secondNumber=183}  added by thread pool-3-thread-6
 message  {Id=4d909f7c-5bd0-4ff0-ab2d-cd50cf2455a6,FirstNumber=526,secondNumber=183}  written to file by thread pool-3-thread-1
 message  {Id=f81b5c28-16bd-4cda-8cf3-4b40a9c9ef1a,FirstNumber=813,secondNumber=1180}  added by thread pool-3-thread-6
 message  {Id=f81b5c28-16bd-4cda-8cf3-4b40a9c9ef1a,FirstNumber=813,secondNumber=1180}  written to file by thread pool-3-thread-1
 message  {Id=ecb48bb7-ab4e-4fcb-bcc8-10ff2227b450,FirstNumber=530,secondNumber=1820}  added by thread pool-3-thread-6
 message  {Id=ecb48bb7-ab4e-4fcb-bcc8-10ff2227b450,FirstNumber=530,secondNumber=1820}  written to file by thread pool-3-thread-5
 message  {Id=a6190c14-6ded-451c-959d-929abbb204ca,FirstNumber=985,secondNumber=1157}  added by thread pool-3-thread-6
 message  {Id=a6190c14-6ded-451c-959d-929abbb204ca,FirstNumber=985,secondNumber=1157}  written to file by thread pool-3-thread-5
 message  {Id=e9c5698d-8f09-41f9-8145-64ca8f27afa1,FirstNumber=66,secondNumber=528}  added by thread pool-3-thread-6
 message  {Id=e9c5698d-8f09-41f9-8145-64ca8f27afa1,FirstNumber=66,secondNumber=528}  written to file by thread pool-3-thread-2
 message  {Id=3f7c2d0e-2914-4d0b-a4b6-ae1b70310d81,FirstNumber=93,secondNumber=1869}  added by thread pool-3-thread-6
 message  {Id=3f7c2d0e-2914-4d0b-a4b6-ae1b70310d81,FirstNumber=93,secondNumber=1869}  written to file by thread pool-3-thread-2
 message  {Id=bb0baaff-7be9-4a66-ba14-2386fd86bd15,FirstNumber=958,secondNumber=407}  added by thread pool-3-thread-6
 message  {Id=bb0baaff-7be9-4a66-ba14-2386fd86bd15,FirstNumber=958,secondNumber=407}  written to file by thread pool-3-thread-1
 message  {Id=85f5fa6e-3b6c-40c2-8e5d-a9f37604014e,FirstNumber=694,secondNumber=508}  added by thread pool-3-thread-6
 message  {Id=85f5fa6e-3b6c-40c2-8e5d-a9f37604014e,FirstNumber=694,secondNumber=508}  written to file by thread pool-3-thread-1
 message  {Id=55d4c358-0ed3-401c-8168-f66b602c96d1,FirstNumber=197,secondNumber=100}  added by thread pool-3-thread-6
 message  {Id=55d4c358-0ed3-401c-8168-f66b602c96d1,FirstNumber=197,secondNumber=100}  written to file by thread pool-3-thread-1
 message  {Id=83fcb700-3d9c-4dfc-b7cd-aab2864f95df,FirstNumber=445,secondNumber=1474}  added by thread pool-3-thread-6
 message  {Id=83fcb700-3d9c-4dfc-b7cd-aab2864f95df,FirstNumber=445,secondNumber=1474}  written to file by thread pool-3-thread-3
 message  {Id=a90330dd-ee14-4e43-aefe-59bab7e6bae8,FirstNumber=113,secondNumber=212}  added by thread pool-3-thread-6
 message  {Id=a90330dd-ee14-4e43-aefe-59bab7e6bae8,FirstNumber=113,secondNumber=212}  written to file by thread pool-3-thread-2
 message  {Id=9c2e4594-05c9-4b04-b9d0-329ddaf5b6be,FirstNumber=349,secondNumber=361}  added by thread pool-3-thread-6
 message  {Id=9c2e4594-05c9-4b04-b9d0-329ddaf5b6be,FirstNumber=349,secondNumber=361}  written to file by thread pool-3-thread-4
 message  {Id=fda34225-77bb-4184-a736-c6e202249775,FirstNumber=211,secondNumber=532}  added by thread pool-3-thread-6
 message  {Id=fda34225-77bb-4184-a736-c6e202249775,FirstNumber=211,secondNumber=532}  written to file by thread pool-3-thread-5
 message  {Id=c7a5ec4f-0314-409f-9003-cf682b8ad83e,FirstNumber=202,secondNumber=1357}  added by thread pool-3-thread-6
 message  {Id=c7a5ec4f-0314-409f-9003-cf682b8ad83e,FirstNumber=202,secondNumber=1357}  written to file by thread pool-3-thread-5
 message  {Id=c0006748-9078-40b4-b210-fdc8f5e2bef4,FirstNumber=119,secondNumber=946}  added by thread pool-3-thread-6
 message  {Id=c0006748-9078-40b4-b210-fdc8f5e2bef4,FirstNumber=119,secondNumber=946}  written to file by thread pool-3-thread-3
 message  {Id=d887ddba-7754-4521-8008-dcc4ce0c75de,FirstNumber=337,secondNumber=1042}  added by thread pool-3-thread-6
 message  {Id=d887ddba-7754-4521-8008-dcc4ce0c75de,FirstNumber=337,secondNumber=1042}  written to file by thread pool-3-thread-2
 message  {Id=278fc7a9-d7ad-4f35-97f5-448ce4ce3e5f,FirstNumber=783,secondNumber=182}  added by thread pool-3-thread-6
 message  {Id=278fc7a9-d7ad-4f35-97f5-448ce4ce3e5f,FirstNumber=783,secondNumber=182}  written to file by thread pool-3-thread-2
 message  {Id=35aca9a8-6966-4b1f-b945-10af0ca7711c,FirstNumber=57,secondNumber=889}  added by thread pool-3-thread-6
 message  {Id=35aca9a8-6966-4b1f-b945-10af0ca7711c,FirstNumber=57,secondNumber=889}  written to file by thread pool-3-thread-2
 message  {Id=b39ac17f-0360-451e-985f-84b93dcc808d,FirstNumber=216,secondNumber=929}  added by thread pool-3-thread-6
 message  {Id=b39ac17f-0360-451e-985f-84b93dcc808d,FirstNumber=216,secondNumber=929}  written to file by thread pool-3-thread-2
 message  {Id=606226d8-3c6f-40d9-b2c7-8c0f47984a68,FirstNumber=30,secondNumber=1713}  added by thread pool-3-thread-6
 message  {Id=606226d8-3c6f-40d9-b2c7-8c0f47984a68,FirstNumber=30,secondNumber=1713}  written to file by thread pool-3-thread-3
 message  {Id=c76031b9-fc99-467a-ad06-16226bb0f472,FirstNumber=147,secondNumber=1877}  added by thread pool-3-thread-6
 message  {Id=c76031b9-fc99-467a-ad06-16226bb0f472,FirstNumber=147,secondNumber=1877}  written to file by thread pool-3-thread-4
 message  {Id=bcecb59f-bf95-4530-9af9-2769f9d2d427,FirstNumber=619,secondNumber=1797}  added by thread pool-3-thread-6
 message  {Id=bcecb59f-bf95-4530-9af9-2769f9d2d427,FirstNumber=619,secondNumber=1797}  written to file by thread pool-3-thread-4
 message  {Id=7d1bd6cb-ef86-4f6e-b830-f948292cfef1,FirstNumber=32,secondNumber=1447}  added by thread pool-3-thread-6
 message  {Id=7d1bd6cb-ef86-4f6e-b830-f948292cfef1,FirstNumber=32,secondNumber=1447}  written to file by thread pool-3-thread-5
 message  {Id=b54b978a-c96f-4a01-858a-d7b26898c834,FirstNumber=601,secondNumber=1943}  added by thread pool-3-thread-6
 message  {Id=b54b978a-c96f-4a01-858a-d7b26898c834,FirstNumber=601,secondNumber=1943}  written to file by thread pool-3-thread-2
 message  {Id=0599693e-a4b1-441b-9444-aff2600824b7,FirstNumber=662,secondNumber=19}  added by thread pool-3-thread-6
 message  {Id=0599693e-a4b1-441b-9444-aff2600824b7,FirstNumber=662,secondNumber=19}  written to file by thread pool-3-thread-3
 message  {Id=eb4e59f1-5c11-42c0-94e3-865a74c42d81,FirstNumber=511,secondNumber=1950}  added by thread pool-3-thread-6
 message  {Id=eb4e59f1-5c11-42c0-94e3-865a74c42d81,FirstNumber=511,secondNumber=1950}  written to file by thread pool-3-thread-1
 message  {Id=532490fa-cbbc-4a0e-9128-6ef358def036,FirstNumber=481,secondNumber=444}  added by thread pool-3-thread-6
 message  {Id=532490fa-cbbc-4a0e-9128-6ef358def036,FirstNumber=481,secondNumber=444}  written to file by thread pool-3-thread-4
 message  {Id=ff9fd78a-1582-4f7c-966d-c0663824b718,FirstNumber=885,secondNumber=262}  added by thread pool-3-thread-6
 message  {Id=ff9fd78a-1582-4f7c-966d-c0663824b718,FirstNumber=885,secondNumber=262}  written to file by thread pool-3-thread-5
 message  {Id=eaca048a-751d-4bc9-914a-3bc3729b030f,FirstNumber=271,secondNumber=1636}  added by thread pool-3-thread-6
 message  {Id=eaca048a-751d-4bc9-914a-3bc3729b030f,FirstNumber=271,secondNumber=1636}  written to file by thread pool-3-thread-2
 message  {Id=1360ae27-e565-4cba-8065-3488a51533da,FirstNumber=31,secondNumber=1416}  added by thread pool-3-thread-6
 message  {Id=1360ae27-e565-4cba-8065-3488a51533da,FirstNumber=31,secondNumber=1416}  written to file by thread pool-3-thread-3
 message  {Id=559b83e2-36ef-430d-b137-fe17a66c9136,FirstNumber=121,secondNumber=730}  added by thread pool-3-thread-6
 message  {Id=559b83e2-36ef-430d-b137-fe17a66c9136,FirstNumber=121,secondNumber=730}  written to file by thread pool-3-thread-1
 message  {Id=edea702a-b7f2-48f8-85d7-266a18208d5e,FirstNumber=502,secondNumber=1884}  added by thread pool-3-thread-6
 message  {Id=edea702a-b7f2-48f8-85d7-266a18208d5e,FirstNumber=502,secondNumber=1884}  written to file by thread pool-3-thread-1
 message  {Id=47f0d1a4-4105-44e2-aa2e-427ba46129ef,FirstNumber=560,secondNumber=86}  added by thread pool-3-thread-6
 message  {Id=47f0d1a4-4105-44e2-aa2e-427ba46129ef,FirstNumber=560,secondNumber=86}  written to file by thread pool-3-thread-5
 message  {Id=ea56cdf4-6d0e-4db1-8143-73f06d370378,FirstNumber=98,secondNumber=1802}  added by thread pool-3-thread-6
 message  {Id=ea56cdf4-6d0e-4db1-8143-73f06d370378,FirstNumber=98,secondNumber=1802}  written to file by thread pool-3-thread-5
 message  {Id=9ff9b74a-44b8-4f8c-b5a7-7c83c82224f2,FirstNumber=876,secondNumber=962}  added by thread pool-3-thread-6
 message  {Id=9ff9b74a-44b8-4f8c-b5a7-7c83c82224f2,FirstNumber=876,secondNumber=962}  written to file by thread pool-3-thread-5
 message  {Id=646246b4-4823-4918-87c7-c3587a57e046,FirstNumber=58,secondNumber=252}  added by thread pool-3-thread-6
 message  {Id=646246b4-4823-4918-87c7-c3587a57e046,FirstNumber=58,secondNumber=252}  written to file by thread pool-3-thread-5
 message  {Id=a5bfe430-15d9-4c04-afcb-9c46f9b1e911,FirstNumber=950,secondNumber=1552}  added by thread pool-3-thread-6
 message  {Id=a5bfe430-15d9-4c04-afcb-9c46f9b1e911,FirstNumber=950,secondNumber=1552}  written to file by thread pool-3-thread-5
 message  {Id=1992aa04-2430-4a97-9830-1760d0646566,FirstNumber=313,secondNumber=311}  added by thread pool-3-thread-6
 message  {Id=1992aa04-2430-4a97-9830-1760d0646566,FirstNumber=313,secondNumber=311}  written to file by thread pool-3-thread-2
 message  {Id=0b1c646a-3ecd-4705-b71b-04a1eab6878f,FirstNumber=843,secondNumber=640}  added by thread pool-3-thread-6
 message  {Id=eb2e7c85-f3b9-403e-918c-1e34d38ac0ba,FirstNumber=300,secondNumber=1361}  added by thread pool-3-thread-6
 message  {Id=eb2e7c85-f3b9-403e-918c-1e34d38ac0ba,FirstNumber=300,secondNumber=1361}  written to file by thread pool-3-thread-4
 message  {Id=0b1c646a-3ecd-4705-b71b-04a1eab6878f,FirstNumber=843,secondNumber=640}  written to file by thread pool-3-thread-3
 message  {Id=3bd6c8eb-aaed-4f6b-bf1c-ba61639ee24c,FirstNumber=501,secondNumber=1125}  added by thread pool-3-thread-6
 message  {Id=3bd6c8eb-aaed-4f6b-bf1c-ba61639ee24c,FirstNumber=501,secondNumber=1125}  written to file by thread pool-3-thread-1
 message  {Id=b37951a0-7384-46e3-bc92-8326e5fe4a53,FirstNumber=879,secondNumber=1563}  added by thread pool-3-thread-6
 message  {Id=b37951a0-7384-46e3-bc92-8326e5fe4a53,FirstNumber=879,secondNumber=1563}  written to file by thread pool-3-thread-5
 message  {Id=d6f6c09a-6dce-4420-a4e6-adcd1badd1c8,FirstNumber=171,secondNumber=775}  added by thread pool-3-thread-6
 message  {Id=d6f6c09a-6dce-4420-a4e6-adcd1badd1c8,FirstNumber=171,secondNumber=775}  written to file by thread pool-3-thread-2
 message  {Id=4e98126b-0859-4a65-ab84-f612f905a256,FirstNumber=694,secondNumber=1037}  added by thread pool-3-thread-6
 message  {Id=4e98126b-0859-4a65-ab84-f612f905a256,FirstNumber=694,secondNumber=1037}  written to file by thread pool-3-thread-2
 message  {Id=26439196-fc2d-4803-b237-b742f72988b6,FirstNumber=419,secondNumber=1517}  added by thread pool-3-thread-6
 message  {Id=26439196-fc2d-4803-b237-b742f72988b6,FirstNumber=419,secondNumber=1517}  written to file by thread pool-3-thread-3
 message  {Id=ca9716ed-3147-4bb6-8437-2500b59852dc,FirstNumber=808,secondNumber=775}  added by thread pool-3-thread-6
 message  {Id=ca9716ed-3147-4bb6-8437-2500b59852dc,FirstNumber=808,secondNumber=775}  written to file by thread pool-3-thread-3
 message  {Id=980c9ed4-2ddc-4a0c-a7e4-2bf1eed930ee,FirstNumber=364,secondNumber=1490}  added by thread pool-3-thread-6
 message  {Id=980c9ed4-2ddc-4a0c-a7e4-2bf1eed930ee,FirstNumber=364,secondNumber=1490}  written to file by thread pool-3-thread-3
 message  {Id=0daa7c30-ec72-4374-9963-28af4d77e106,FirstNumber=231,secondNumber=378}  added by thread pool-3-thread-6
 message  {Id=0daa7c30-ec72-4374-9963-28af4d77e106,FirstNumber=231,secondNumber=378}  written to file by thread pool-3-thread-3
 message  {Id=6772a1e1-1f0f-49fe-909b-4fd028b785db,FirstNumber=147,secondNumber=228}  added by thread pool-3-thread-6
 message  {Id=6772a1e1-1f0f-49fe-909b-4fd028b785db,FirstNumber=147,secondNumber=228}  written to file by thread pool-3-thread-2
 message  {Id=ec7a331f-4290-479d-89eb-1d31aafb50b0,FirstNumber=397,secondNumber=503}  added by thread pool-3-thread-6
 message  {Id=ec7a331f-4290-479d-89eb-1d31aafb50b0,FirstNumber=397,secondNumber=503}  written to file by thread pool-3-thread-2
 message  {Id=39b0dad6-8e03-4aab-973f-ca8b474bcadb,FirstNumber=858,secondNumber=1438}  added by thread pool-3-thread-6
 message  {Id=39b0dad6-8e03-4aab-973f-ca8b474bcadb,FirstNumber=858,secondNumber=1438}  written to file by thread pool-3-thread-5
 message  {Id=77bf6346-c152-4c25-9140-ce289cff6295,FirstNumber=778,secondNumber=573}  added by thread pool-3-thread-6
 message  {Id=77bf6346-c152-4c25-9140-ce289cff6295,FirstNumber=778,secondNumber=573}  written to file by thread pool-3-thread-5
 message  {Id=1f1955aa-4a94-4a4d-8f3c-3bb052414ee3,FirstNumber=563,secondNumber=1931}  added by thread pool-3-thread-6
 message  {Id=1f1955aa-4a94-4a4d-8f3c-3bb052414ee3,FirstNumber=563,secondNumber=1931}  written to file by thread pool-3-thread-5
 message  {Id=3833d870-cde5-42f1-94a1-b2ad27d05d2e,FirstNumber=873,secondNumber=1785}  added by thread pool-3-thread-6
 message  {Id=3833d870-cde5-42f1-94a1-b2ad27d05d2e,FirstNumber=873,secondNumber=1785}  written to file by thread pool-3-thread-1
 message  {Id=3c4a3423-e5e8-494a-9633-76c57bc4d82b,FirstNumber=16,secondNumber=1090}  added by thread pool-3-thread-6
 message  {Id=3c4a3423-e5e8-494a-9633-76c57bc4d82b,FirstNumber=16,secondNumber=1090}  written to file by thread pool-3-thread-2
 message  {Id=c73742ef-9324-4bd1-b044-8291348f87c5,FirstNumber=294,secondNumber=161}  added by thread pool-3-thread-6
 message  {Id=c73742ef-9324-4bd1-b044-8291348f87c5,FirstNumber=294,secondNumber=161}  written to file by thread pool-3-thread-2
 message  {Id=428a1059-05ac-4159-b089-519808644c9e,FirstNumber=251,secondNumber=1800}  added by thread pool-3-thread-6
 message  {Id=428a1059-05ac-4159-b089-519808644c9e,FirstNumber=251,secondNumber=1800}  written to file by thread pool-3-thread-3
 message  {Id=60f9a0f6-0509-4ddc-8d6e-0e7a2e535a58,FirstNumber=63,secondNumber=1530}  added by thread pool-3-thread-6
 message  {Id=60f9a0f6-0509-4ddc-8d6e-0e7a2e535a58,FirstNumber=63,secondNumber=1530}  written to file by thread pool-3-thread-3
 message  {Id=f2f92c5a-86eb-4d0d-b288-e9c5e12d2e07,FirstNumber=722,secondNumber=1896}  added by thread pool-3-thread-6
 message  {Id=f2f92c5a-86eb-4d0d-b288-e9c5e12d2e07,FirstNumber=722,secondNumber=1896}  written to file by thread pool-3-thread-1
 message  {Id=2350b7a9-d9ab-493e-bec5-d0159303dd70,FirstNumber=829,secondNumber=1016}  added by thread pool-3-thread-6
 message  {Id=2350b7a9-d9ab-493e-bec5-d0159303dd70,FirstNumber=829,secondNumber=1016}  written to file by thread pool-3-thread-4
 message  {Id=31e21901-314a-4af0-9752-a538523cc021,FirstNumber=26,secondNumber=1345}  added by thread pool-3-thread-6
 message  {Id=31e21901-314a-4af0-9752-a538523cc021,FirstNumber=26,secondNumber=1345}  written to file by thread pool-3-thread-2
 message  {Id=6777ee7e-de98-45ee-b871-c396dc9865be,FirstNumber=46,secondNumber=184}  added by thread pool-3-thread-6
 message  {Id=6777ee7e-de98-45ee-b871-c396dc9865be,FirstNumber=46,secondNumber=184}  written to file by thread pool-3-thread-5
 message  {Id=d5a343af-52b6-4fca-b20f-fa86951a8db1,FirstNumber=902,secondNumber=584}  added by thread pool-3-thread-6
 message  {Id=d5a343af-52b6-4fca-b20f-fa86951a8db1,FirstNumber=902,secondNumber=584}  written to file by thread pool-3-thread-5
 message  {Id=070bf67f-b662-4bd6-b4a1-d016be2b1765,FirstNumber=829,secondNumber=828}  added by thread pool-3-thread-6
 message  {Id=070bf67f-b662-4bd6-b4a1-d016be2b1765,FirstNumber=829,secondNumber=828}  written to file by thread pool-3-thread-1
 message  {Id=e483e050-bafa-4018-a29c-61665fecbd88,FirstNumber=855,secondNumber=589}  added by thread pool-3-thread-6
 message  {Id=e483e050-bafa-4018-a29c-61665fecbd88,FirstNumber=855,secondNumber=589}  written to file by thread pool-3-thread-4
 message  {Id=0f4cb3a4-9e60-42d8-9a0d-6b3f525d1875,FirstNumber=128,secondNumber=729}  added by thread pool-3-thread-6
 message  {Id=0f4cb3a4-9e60-42d8-9a0d-6b3f525d1875,FirstNumber=128,secondNumber=729}  written to file by thread pool-3-thread-4
 message  {Id=c05336ce-b13f-4211-b82d-11878c0cc61a,FirstNumber=460,secondNumber=68}  added by thread pool-3-thread-6
 message  {Id=c05336ce-b13f-4211-b82d-11878c0cc61a,FirstNumber=460,secondNumber=68}  written to file by thread pool-3-thread-3
 message  {Id=2feb1b8b-7071-407d-9d75-f9c465c01bd5,FirstNumber=430,secondNumber=81}  added by thread pool-3-thread-6
 message  {Id=2feb1b8b-7071-407d-9d75-f9c465c01bd5,FirstNumber=430,secondNumber=81}  written to file by thread pool-3-thread-3
 message  {Id=619ea53b-6ea8-4d55-82ab-84625a67419c,FirstNumber=38,secondNumber=118}  added by thread pool-3-thread-6
 message  {Id=619ea53b-6ea8-4d55-82ab-84625a67419c,FirstNumber=38,secondNumber=118}  written to file by thread pool-3-thread-3
 message  {Id=980f16d6-49c4-4890-9ae7-b3860aa88cd3,FirstNumber=748,secondNumber=539}  added by thread pool-3-thread-6
 message  {Id=980f16d6-49c4-4890-9ae7-b3860aa88cd3,FirstNumber=748,secondNumber=539}  written to file by thread pool-3-thread-3
 message  {Id=910f3a60-3458-45b9-a55b-178e4713e154,FirstNumber=198,secondNumber=1535}  added by thread pool-3-thread-6
 message  {Id=910f3a60-3458-45b9-a55b-178e4713e154,FirstNumber=198,secondNumber=1535}  written to file by thread pool-3-thread-4
 message  {Id=5206f5a5-7d20-4b0b-865e-3dc420aa69ba,FirstNumber=413,secondNumber=1237}  added by thread pool-3-thread-6
 message  {Id=5206f5a5-7d20-4b0b-865e-3dc420aa69ba,FirstNumber=413,secondNumber=1237}  written to file by thread pool-3-thread-5
 message  {Id=ab50172d-7083-4e83-aa50-c7d02182f9aa,FirstNumber=508,secondNumber=612}  added by thread pool-3-thread-6
 message  {Id=ab50172d-7083-4e83-aa50-c7d02182f9aa,FirstNumber=508,secondNumber=612}  written to file by thread pool-3-thread-5
 message  {Id=ffcb09d1-46e3-4626-8321-22f046ecd623,FirstNumber=846,secondNumber=898}  added by thread pool-3-thread-6
 message  {Id=ffcb09d1-46e3-4626-8321-22f046ecd623,FirstNumber=846,secondNumber=898}  written to file by thread pool-3-thread-2
 message  {Id=69c7b254-eae1-42f7-bee3-58704d32e25a,FirstNumber=55,secondNumber=1448}  added by thread pool-3-thread-6
 message  {Id=69c7b254-eae1-42f7-bee3-58704d32e25a,FirstNumber=55,secondNumber=1448}  written to file by thread pool-3-thread-3
 message  {Id=32910440-688a-4236-96d5-f89ba79d6843,FirstNumber=636,secondNumber=1694}  added by thread pool-3-thread-6
 message  {Id=32910440-688a-4236-96d5-f89ba79d6843,FirstNumber=636,secondNumber=1694}  written to file by thread pool-3-thread-3
 message  {Id=df6b5892-2700-44f7-937e-956c26e0f343,FirstNumber=586,secondNumber=1369}  added by thread pool-3-thread-6
 message  {Id=df6b5892-2700-44f7-937e-956c26e0f343,FirstNumber=586,secondNumber=1369}  written to file by thread pool-3-thread-1
 message  {Id=48511abb-c581-4cdd-b666-abe637d3cb4c,FirstNumber=202,secondNumber=1071}  added by thread pool-3-thread-6
 message  {Id=48511abb-c581-4cdd-b666-abe637d3cb4c,FirstNumber=202,secondNumber=1071}  written to file by thread pool-3-thread-5
 message  {Id=73dd02fc-5a61-4e80-a8cd-b62ad6850c10,FirstNumber=892,secondNumber=1637}  added by thread pool-3-thread-6
 message  {Id=73dd02fc-5a61-4e80-a8cd-b62ad6850c10,FirstNumber=892,secondNumber=1637}  written to file by thread pool-3-thread-2
 message  {Id=65bd68dd-fa24-489d-af60-75c143367d4b,FirstNumber=846,secondNumber=1444}  added by thread pool-3-thread-6
 message  {Id=65bd68dd-fa24-489d-af60-75c143367d4b,FirstNumber=846,secondNumber=1444}  written to file by thread pool-3-thread-2
 message  {Id=5444d580-7f51-4b1f-944e-5887812f477f,FirstNumber=352,secondNumber=251}  added by thread pool-3-thread-6
 message  {Id=5444d580-7f51-4b1f-944e-5887812f477f,FirstNumber=352,secondNumber=251}  written to file by thread pool-3-thread-3
 message  {Id=b45ac931-ff26-441e-9435-39fd6ea1cd1d,FirstNumber=529,secondNumber=1081}  added by thread pool-3-thread-6
 message  {Id=b45ac931-ff26-441e-9435-39fd6ea1cd1d,FirstNumber=529,secondNumber=1081}  written to file by thread pool-3-thread-1
 message  {Id=b05f3db0-1ec4-4089-bf18-4f64e1d92a43,FirstNumber=570,secondNumber=1942}  added by thread pool-3-thread-6
 message  {Id=b05f3db0-1ec4-4089-bf18-4f64e1d92a43,FirstNumber=570,secondNumber=1942}  written to file by thread pool-3-thread-1
 message  {Id=e8aaa995-fd21-4342-801f-4e32bab4210c,FirstNumber=722,secondNumber=1825}  added by thread pool-3-thread-6
 message  {Id=e8aaa995-fd21-4342-801f-4e32bab4210c,FirstNumber=722,secondNumber=1825}  written to file by thread pool-3-thread-4
 message  {Id=8d136f98-680b-4e61-9701-30ecb59518bc,FirstNumber=267,secondNumber=1965}  added by thread pool-3-thread-6
 message  {Id=8d136f98-680b-4e61-9701-30ecb59518bc,FirstNumber=267,secondNumber=1965}  written to file by thread pool-3-thread-2
 message  {Id=cdddda23-e699-44db-83c0-804188e3c304,FirstNumber=946,secondNumber=1292}  added by thread pool-3-thread-6
 message  {Id=cdddda23-e699-44db-83c0-804188e3c304,FirstNumber=946,secondNumber=1292}  written to file by thread pool-3-thread-2
 message  {Id=33aac1ce-57a3-4f68-a4c9-3b0f08987d81,FirstNumber=602,secondNumber=1443}  added by thread pool-3-thread-6
 message  {Id=33aac1ce-57a3-4f68-a4c9-3b0f08987d81,FirstNumber=602,secondNumber=1443}  written to file by thread pool-3-thread-2
 message  {Id=334a63f1-44fa-405f-b1fa-066de23dd4a1,FirstNumber=794,secondNumber=477}  added by thread pool-3-thread-6
 message  {Id=334a63f1-44fa-405f-b1fa-066de23dd4a1,FirstNumber=794,secondNumber=477}  written to file by thread pool-3-thread-1
 message  {Id=fba33257-c3d5-42bc-bf83-a7ed11f8c86e,FirstNumber=376,secondNumber=797}  added by thread pool-3-thread-6
 message  {Id=fba33257-c3d5-42bc-bf83-a7ed11f8c86e,FirstNumber=376,secondNumber=797}  written to file by thread pool-3-thread-1
 message  {Id=ca67ec64-c9ac-49a3-94d7-fef20828ee55,FirstNumber=246,secondNumber=78}  added by thread pool-3-thread-6
 message  {Id=ca67ec64-c9ac-49a3-94d7-fef20828ee55,FirstNumber=246,secondNumber=78}  written to file by thread pool-3-thread-3
 message  {Id=643312bf-53d0-44e1-92b9-0400973c9ef1,FirstNumber=518,secondNumber=1627}  added by thread pool-3-thread-6
 message  {Id=643312bf-53d0-44e1-92b9-0400973c9ef1,FirstNumber=518,secondNumber=1627}  written to file by thread pool-3-thread-5
 message  {Id=a536d857-64fc-4499-ac49-6c395e1170ac,FirstNumber=526,secondNumber=931}  added by thread pool-3-thread-6
 message  {Id=a536d857-64fc-4499-ac49-6c395e1170ac,FirstNumber=526,secondNumber=931}  written to file by thread pool-3-thread-2
 message  {Id=ab20550b-fbf6-4fd4-b796-59e391bb1154,FirstNumber=307,secondNumber=1826}  added by thread pool-3-thread-6
 message  {Id=ab20550b-fbf6-4fd4-b796-59e391bb1154,FirstNumber=307,secondNumber=1826}  written to file by thread pool-3-thread-2
 message  {Id=b0283cc4-d84e-4e5d-bf35-131dcab088df,FirstNumber=211,secondNumber=578}  added by thread pool-3-thread-6
 message  {Id=b0283cc4-d84e-4e5d-bf35-131dcab088df,FirstNumber=211,secondNumber=578}  written to file by thread pool-3-thread-2
 message  {Id=89abee38-cb99-460a-988e-a823a147398d,FirstNumber=897,secondNumber=555}  added by thread pool-3-thread-6
 message  {Id=89abee38-cb99-460a-988e-a823a147398d,FirstNumber=897,secondNumber=555}  written to file by thread pool-3-thread-3
 message  {Id=ffb8bbf8-594d-49e5-8667-c8a185b71363,FirstNumber=266,secondNumber=240}  added by thread pool-3-thread-6
 message  {Id=ffb8bbf8-594d-49e5-8667-c8a185b71363,FirstNumber=266,secondNumber=240}  written to file by thread pool-3-thread-3
 message  {Id=e2852270-8096-4bf2-88d9-b1e51ba207a9,FirstNumber=198,secondNumber=664}  added by thread pool-3-thread-6
 message  {Id=e2852270-8096-4bf2-88d9-b1e51ba207a9,FirstNumber=198,secondNumber=664}  written to file by thread pool-3-thread-3
 message  {Id=18e04d76-f875-4ee8-8269-fb7b7b683c37,FirstNumber=401,secondNumber=1582}  added by thread pool-3-thread-6
 message  {Id=18e04d76-f875-4ee8-8269-fb7b7b683c37,FirstNumber=401,secondNumber=1582}  written to file by thread pool-3-thread-1
 message  {Id=3ef9d0dc-21e5-4a71-ba05-ced7fcdb1dc9,FirstNumber=477,secondNumber=1641}  added by thread pool-3-thread-6
 message  {Id=3ef9d0dc-21e5-4a71-ba05-ced7fcdb1dc9,FirstNumber=477,secondNumber=1641}  written to file by thread pool-3-thread-1
 message  {Id=262325ea-77cb-4d0e-982c-733ed1c8a288,FirstNumber=760,secondNumber=712}  added by thread pool-3-thread-6
 message  {Id=262325ea-77cb-4d0e-982c-733ed1c8a288,FirstNumber=760,secondNumber=712}  written to file by thread pool-3-thread-1
 message  {Id=44f8bdef-f653-4f8e-87d5-ef238ba43175,FirstNumber=78,secondNumber=1456}  added by thread pool-3-thread-6
 message  {Id=44f8bdef-f653-4f8e-87d5-ef238ba43175,FirstNumber=78,secondNumber=1456}  written to file by thread pool-3-thread-1
 message  {Id=3b11c872-9146-401b-85c5-4b78f5c101a7,FirstNumber=747,secondNumber=1869}  added by thread pool-3-thread-6
 message  {Id=3b11c872-9146-401b-85c5-4b78f5c101a7,FirstNumber=747,secondNumber=1869}  written to file by thread pool-3-thread-3
 message  {Id=733dec08-e29e-4220-bbf4-58df6a1dc989,FirstNumber=94,secondNumber=1009}  added by thread pool-3-thread-6
 message  {Id=733dec08-e29e-4220-bbf4-58df6a1dc989,FirstNumber=94,secondNumber=1009}  written to file by thread pool-3-thread-3
 message  {Id=7e23298f-ff4b-4a3f-8473-04dcab9d3b1d,FirstNumber=310,secondNumber=665}  added by thread pool-3-thread-6
 message  {Id=7e23298f-ff4b-4a3f-8473-04dcab9d3b1d,FirstNumber=310,secondNumber=665}  written to file by thread pool-3-thread-5
 message  {Id=474405a6-ec47-4c2f-9233-b41a9b638de3,FirstNumber=995,secondNumber=373}  added by thread pool-3-thread-6
 message  {Id=474405a6-ec47-4c2f-9233-b41a9b638de3,FirstNumber=995,secondNumber=373}  written to file by thread pool-3-thread-4
 message  {Id=e2db320d-fef4-4cec-8c57-d6bd4b950b3b,FirstNumber=469,secondNumber=448}  added by thread pool-3-thread-6
 message  {Id=e2db320d-fef4-4cec-8c57-d6bd4b950b3b,FirstNumber=469,secondNumber=448}  written to file by thread pool-3-thread-1
 message  {Id=ff22f566-aefe-4c1a-a107-36fb1d8704b0,FirstNumber=588,secondNumber=1679}  added by thread pool-3-thread-6
 message  {Id=ff22f566-aefe-4c1a-a107-36fb1d8704b0,FirstNumber=588,secondNumber=1679}  written to file by thread pool-3-thread-1
 message  {Id=f8d0a529-d000-4936-afe1-f2d2882f99da,FirstNumber=750,secondNumber=461}  added by thread pool-3-thread-6
 message  {Id=f8d0a529-d000-4936-afe1-f2d2882f99da,FirstNumber=750,secondNumber=461}  written to file by thread pool-3-thread-3
 message  {Id=32b32237-67b9-4505-a9ba-91ef867ff0f2,FirstNumber=58,secondNumber=487}  added by thread pool-3-thread-6
 message  {Id=32b32237-67b9-4505-a9ba-91ef867ff0f2,FirstNumber=58,secondNumber=487}  written to file by thread pool-3-thread-5
 message  {Id=3008288b-61fb-4e8b-8774-07bbd34e22d2,FirstNumber=363,secondNumber=256}  added by thread pool-3-thread-6
 message  {Id=3008288b-61fb-4e8b-8774-07bbd34e22d2,FirstNumber=363,secondNumber=256}  written to file by thread pool-3-thread-4
 message  {Id=241cbb1c-942c-4dac-aa16-57f8cc768956,FirstNumber=394,secondNumber=1940}  added by thread pool-3-thread-6
 message  {Id=241cbb1c-942c-4dac-aa16-57f8cc768956,FirstNumber=394,secondNumber=1940}  written to file by thread pool-3-thread-2
 message  {Id=da89dcb9-10c3-4d3d-acf3-ba1e4129bf9e,FirstNumber=984,secondNumber=548}  added by thread pool-3-thread-6
 message  {Id=da89dcb9-10c3-4d3d-acf3-ba1e4129bf9e,FirstNumber=984,secondNumber=548}  written to file by thread pool-3-thread-1
 message  {Id=caefe69c-fa71-46b4-8e9d-efe448fd34da,FirstNumber=817,secondNumber=258}  added by thread pool-3-thread-6
 message  {Id=caefe69c-fa71-46b4-8e9d-efe448fd34da,FirstNumber=817,secondNumber=258}  written to file by thread pool-3-thread-3
 message  {Id=001e8238-e97b-4e1b-950d-2632e8919037,FirstNumber=129,secondNumber=1956}  added by thread pool-3-thread-6
 message  {Id=001e8238-e97b-4e1b-950d-2632e8919037,FirstNumber=129,secondNumber=1956}  written to file by thread pool-3-thread-3
 message  {Id=be8ee0a6-ef7a-4a05-be70-1960d0e7118b,FirstNumber=27,secondNumber=921}  added by thread pool-3-thread-6
 message  {Id=be8ee0a6-ef7a-4a05-be70-1960d0e7118b,FirstNumber=27,secondNumber=921}  written to file by thread pool-3-thread-4
 message  {Id=7aaccc36-b26a-4532-8d2b-13458c43401a,FirstNumber=380,secondNumber=1061}  added by thread pool-3-thread-6
 message  {Id=7aaccc36-b26a-4532-8d2b-13458c43401a,FirstNumber=380,secondNumber=1061}  written to file by thread pool-3-thread-2
 message  {Id=58268a81-568a-41a5-bde7-82136bcbd5ac,FirstNumber=917,secondNumber=118}  added by thread pool-3-thread-6
 message  {Id=58268a81-568a-41a5-bde7-82136bcbd5ac,FirstNumber=917,secondNumber=118}  written to file by thread pool-3-thread-1
 message  {Id=25c95485-c4e6-4563-825a-f3548947c325,FirstNumber=773,secondNumber=71}  added by thread pool-3-thread-6
 message  {Id=25c95485-c4e6-4563-825a-f3548947c325,FirstNumber=773,secondNumber=71}  written to file by thread pool-3-thread-5
 message  {Id=62bb13c4-4843-4981-a6fa-8a4d40ba0c63,FirstNumber=701,secondNumber=132}  added by thread pool-3-thread-6
 message  {Id=62bb13c4-4843-4981-a6fa-8a4d40ba0c63,FirstNumber=701,secondNumber=132}  written to file by thread pool-3-thread-3
 message  {Id=0df5fce7-7b90-4df4-b1e5-68089c6678b6,FirstNumber=998,secondNumber=492}  added by thread pool-3-thread-6
 message  {Id=0df5fce7-7b90-4df4-b1e5-68089c6678b6,FirstNumber=998,secondNumber=492}  written to file by thread pool-3-thread-3
 message  {Id=463da09b-ad02-4f08-b05a-ad6127f22c48,FirstNumber=923,secondNumber=1389}  added by thread pool-3-thread-6
 message  {Id=463da09b-ad02-4f08-b05a-ad6127f22c48,FirstNumber=923,secondNumber=1389}  written to file by thread pool-3-thread-2
 message  {Id=8d54caaa-1ef2-40e3-9c1a-5d0b62723ff9,FirstNumber=88,secondNumber=582}  added by thread pool-3-thread-6
 message  {Id=8d54caaa-1ef2-40e3-9c1a-5d0b62723ff9,FirstNumber=88,secondNumber=582}  written to file by thread pool-3-thread-1
 message  {Id=f3cae278-ce4a-4c3c-ab17-a0024615288c,FirstNumber=663,secondNumber=1357}  added by thread pool-3-thread-6
 message  {Id=f3cae278-ce4a-4c3c-ab17-a0024615288c,FirstNumber=663,secondNumber=1357}  written to file by thread pool-3-thread-1
 message  {Id=a2542dcd-6633-4f36-87fa-b68ead63bf8a,FirstNumber=538,secondNumber=146}  added by thread pool-3-thread-6
 message  {Id=a2542dcd-6633-4f36-87fa-b68ead63bf8a,FirstNumber=538,secondNumber=146}  written to file by thread pool-3-thread-4
 message  {Id=06b1e5d7-719d-4c3e-9e21-9cd760f9f377,FirstNumber=882,secondNumber=1618}  added by thread pool-3-thread-6
 message  {Id=06b1e5d7-719d-4c3e-9e21-9cd760f9f377,FirstNumber=882,secondNumber=1618}  written to file by thread pool-3-thread-3
 message  {Id=78b80ac8-4ac8-4f65-b109-8cd953c31d3c,FirstNumber=519,secondNumber=925}  added by thread pool-3-thread-6
 message  {Id=78b80ac8-4ac8-4f65-b109-8cd953c31d3c,FirstNumber=519,secondNumber=925}  written to file by thread pool-3-thread-2
 message  {Id=cc8107f7-90fd-42fe-a673-db535f6dd550,FirstNumber=719,secondNumber=111}  added by thread pool-3-thread-6
 message  {Id=cc8107f7-90fd-42fe-a673-db535f6dd550,FirstNumber=719,secondNumber=111}  written to file by thread pool-3-thread-5
 message  {Id=77f2e66a-45da-4eda-ba6b-a4d49a0152b7,FirstNumber=561,secondNumber=1686}  added by thread pool-3-thread-6
 message  {Id=77f2e66a-45da-4eda-ba6b-a4d49a0152b7,FirstNumber=561,secondNumber=1686}  written to file by thread pool-3-thread-5
 message  {Id=18d4ba97-e2fe-4d9d-9942-89cb037dd818,FirstNumber=438,secondNumber=777}  added by thread pool-3-thread-6
 message  {Id=18d4ba97-e2fe-4d9d-9942-89cb037dd818,FirstNumber=438,secondNumber=777}  written to file by thread pool-3-thread-4
 message  {Id=6efed456-4b66-42c2-b12a-3e5390889ee7,FirstNumber=243,secondNumber=1872}  added by thread pool-3-thread-6
 message  {Id=6efed456-4b66-42c2-b12a-3e5390889ee7,FirstNumber=243,secondNumber=1872}  written to file by thread pool-3-thread-4
 message  {Id=8f7ef9ed-6d7f-4c9a-b29a-c0812b889954,FirstNumber=980,secondNumber=246}  added by thread pool-3-thread-6
 message  {Id=8f7ef9ed-6d7f-4c9a-b29a-c0812b889954,FirstNumber=980,secondNumber=246}  written to file by thread pool-3-thread-2
 message  {Id=983dec19-6815-47f3-84d2-38841c34db51,FirstNumber=709,secondNumber=260}  added by thread pool-3-thread-6
 message  {Id=983dec19-6815-47f3-84d2-38841c34db51,FirstNumber=709,secondNumber=260}  written to file by thread pool-3-thread-1
 message  {Id=70581c85-ea5a-4d0d-a05c-fab76258bdbd,FirstNumber=55,secondNumber=995}  added by thread pool-3-thread-6
 message  {Id=70581c85-ea5a-4d0d-a05c-fab76258bdbd,FirstNumber=55,secondNumber=995}  written to file by thread pool-3-thread-5
 message  {Id=2176d434-155a-483d-92e2-3bf72e0623c2,FirstNumber=742,secondNumber=461}  added by thread pool-3-thread-6
 message  {Id=2176d434-155a-483d-92e2-3bf72e0623c2,FirstNumber=742,secondNumber=461}  written to file by thread pool-3-thread-3
 message  {Id=94e02b25-bf5e-42ec-812b-4431b644712a,FirstNumber=679,secondNumber=1140}  added by thread pool-3-thread-6
 message  {Id=94e02b25-bf5e-42ec-812b-4431b644712a,FirstNumber=679,secondNumber=1140}  written to file by thread pool-3-thread-4
 message  {Id=0ccd9d97-3f0e-4aff-80bc-f55e8d61dcd3,FirstNumber=545,secondNumber=462}  added by thread pool-3-thread-6
 message  {Id=0ccd9d97-3f0e-4aff-80bc-f55e8d61dcd3,FirstNumber=545,secondNumber=462}  written to file by thread pool-3-thread-2
 message  {Id=50cd6739-ba11-42f6-8b24-e4b834f748a3,FirstNumber=413,secondNumber=732}  added by thread pool-3-thread-6
 message  {Id=50cd6739-ba11-42f6-8b24-e4b834f748a3,FirstNumber=413,secondNumber=732}  written to file by thread pool-3-thread-2
 message  {Id=f32e495c-d8e9-42f4-9223-e5e1b0ce780d,FirstNumber=197,secondNumber=411}  added by thread pool-3-thread-6
 message  {Id=f32e495c-d8e9-42f4-9223-e5e1b0ce780d,FirstNumber=197,secondNumber=411}  written to file by thread pool-3-thread-5
 message  {Id=2e0c488c-c4c3-4b7e-b895-d875ee34ab00,FirstNumber=225,secondNumber=89}  added by thread pool-3-thread-6
 message  {Id=dfc4d2e5-1dcc-4d70-a739-df41fbcb8b66,FirstNumber=116,secondNumber=1068}  added by thread pool-3-thread-6
 message  {Id=2e0c488c-c4c3-4b7e-b895-d875ee34ab00,FirstNumber=225,secondNumber=89}  written to file by thread pool-3-thread-5
 message  {Id=dfc4d2e5-1dcc-4d70-a739-df41fbcb8b66,FirstNumber=116,secondNumber=1068}  written to file by thread pool-3-thread-4
 message  {Id=44998218-4cfa-424a-97b4-7eae1fd1b43a,FirstNumber=465,secondNumber=1012}  added by thread pool-3-thread-6
 message  {Id=44998218-4cfa-424a-97b4-7eae1fd1b43a,FirstNumber=465,secondNumber=1012}  written to file by thread pool-3-thread-1
 message  {Id=eba9e84b-45f3-474f-8779-b44aa51d984e,FirstNumber=616,secondNumber=421}  added by thread pool-3-thread-6
 message  {Id=eba9e84b-45f3-474f-8779-b44aa51d984e,FirstNumber=616,secondNumber=421}  written to file by thread pool-3-thread-1
 message  {Id=283dc8c9-58aa-4324-a9fe-92d3db8cdd6a,FirstNumber=145,secondNumber=584}  added by thread pool-3-thread-6
 message  {Id=283dc8c9-58aa-4324-a9fe-92d3db8cdd6a,FirstNumber=145,secondNumber=584}  written to file by thread pool-3-thread-3
 message  {Id=a614565a-af0e-4344-a1f9-ec7e235469a3,FirstNumber=317,secondNumber=926}  added by thread pool-3-thread-6
 message  {Id=a614565a-af0e-4344-a1f9-ec7e235469a3,FirstNumber=317,secondNumber=926}  written to file by thread pool-3-thread-5
 message  {Id=c766e621-b8d5-40a3-b65c-9b5c892bb691,FirstNumber=117,secondNumber=286}  added by thread pool-3-thread-6
 message  {Id=c766e621-b8d5-40a3-b65c-9b5c892bb691,FirstNumber=117,secondNumber=286}  written to file by thread pool-3-thread-5
 message  {Id=90f1e228-1523-4182-a3b4-108605c393b7,FirstNumber=864,secondNumber=1056}  added by thread pool-3-thread-6
 message  {Id=90f1e228-1523-4182-a3b4-108605c393b7,FirstNumber=864,secondNumber=1056}  written to file by thread pool-3-thread-5
 message  {Id=045d92c7-5b7e-4fbe-a2f9-427696e07389,FirstNumber=179,secondNumber=839}  added by thread pool-3-thread-6
 message  {Id=045d92c7-5b7e-4fbe-a2f9-427696e07389,FirstNumber=179,secondNumber=839}  written to file by thread pool-3-thread-5
 message  {Id=c87e6e02-2c73-4fce-9ca5-b357c4efa5e0,FirstNumber=552,secondNumber=1334}  added by thread pool-3-thread-6
 message  {Id=c87e6e02-2c73-4fce-9ca5-b357c4efa5e0,FirstNumber=552,secondNumber=1334}  written to file by thread pool-3-thread-3
 message  {Id=e4db7c4d-ae70-42c2-9153-7c66f6a1eb75,FirstNumber=117,secondNumber=1333}  added by thread pool-3-thread-6
 message  {Id=e4db7c4d-ae70-42c2-9153-7c66f6a1eb75,FirstNumber=117,secondNumber=1333}  written to file by thread pool-3-thread-4
 message  {Id=b23b94dc-2d12-4d9a-9ded-801278e12b07,FirstNumber=929,secondNumber=475}  added by thread pool-3-thread-6
 message  {Id=b23b94dc-2d12-4d9a-9ded-801278e12b07,FirstNumber=929,secondNumber=475}  written to file by thread pool-3-thread-2
 message  {Id=4f56f5e0-30a4-4a7f-8496-077a1100f6a8,FirstNumber=690,secondNumber=1877}  added by thread pool-3-thread-6
 message  {Id=4f56f5e0-30a4-4a7f-8496-077a1100f6a8,FirstNumber=690,secondNumber=1877}  written to file by thread pool-3-thread-2
 message  {Id=d90cffbd-e3d9-456a-a467-5d42194b2986,FirstNumber=440,secondNumber=530}  added by thread pool-3-thread-6
 message  {Id=d90cffbd-e3d9-456a-a467-5d42194b2986,FirstNumber=440,secondNumber=530}  written to file by thread pool-3-thread-5
 message  {Id=a80044f8-662a-4d6e-8f4d-a6be36bbfc3f,FirstNumber=231,secondNumber=1066}  added by thread pool-3-thread-6
 message  {Id=a80044f8-662a-4d6e-8f4d-a6be36bbfc3f,FirstNumber=231,secondNumber=1066}  written to file by thread pool-3-thread-3
 message  {Id=de72e364-3bf3-4105-8adb-67d22c669642,FirstNumber=802,secondNumber=1762}  added by thread pool-3-thread-6
 message  {Id=de72e364-3bf3-4105-8adb-67d22c669642,FirstNumber=802,secondNumber=1762}  written to file by thread pool-3-thread-3
 message  {Id=81c2a211-5474-4e4f-b40f-4a04be7ef881,FirstNumber=222,secondNumber=534}  added by thread pool-3-thread-6
 message  {Id=81c2a211-5474-4e4f-b40f-4a04be7ef881,FirstNumber=222,secondNumber=534}  written to file by thread pool-3-thread-3
 message  {Id=2911cbe4-71f5-4028-855a-2cb57bdedd6c,FirstNumber=230,secondNumber=1904}  added by thread pool-3-thread-6
 message  {Id=2911cbe4-71f5-4028-855a-2cb57bdedd6c,FirstNumber=230,secondNumber=1904}  written to file by thread pool-3-thread-2
 message  {Id=48b7716e-5458-41d7-ae65-f8b7bbf5d951,FirstNumber=693,secondNumber=1277}  added by thread pool-3-thread-6
 message  {Id=48b7716e-5458-41d7-ae65-f8b7bbf5d951,FirstNumber=693,secondNumber=1277}  written to file by thread pool-3-thread-2
 message  {Id=5b852d38-c22b-4ebd-ba51-979b59b0cf1e,FirstNumber=334,secondNumber=1489}  added by thread pool-3-thread-6
 message  {Id=5b852d38-c22b-4ebd-ba51-979b59b0cf1e,FirstNumber=334,secondNumber=1489}  written to file by thread pool-3-thread-4
 message  {Id=43188cce-fd23-4794-9dfc-cc47632c31c5,FirstNumber=927,secondNumber=1932}  added by thread pool-3-thread-6
 message  {Id=43188cce-fd23-4794-9dfc-cc47632c31c5,FirstNumber=927,secondNumber=1932}  written to file by thread pool-3-thread-1
 message  {Id=13d6e705-0605-4759-b2b7-2543c5599db5,FirstNumber=678,secondNumber=1746}  added by thread pool-3-thread-6
 message  {Id=13d6e705-0605-4759-b2b7-2543c5599db5,FirstNumber=678,secondNumber=1746}  written to file by thread pool-3-thread-3
 message  {Id=8ed43dab-2e89-4201-ad59-38cb113e6d99,FirstNumber=708,secondNumber=40}  added by thread pool-3-thread-6
 message  {Id=8ed43dab-2e89-4201-ad59-38cb113e6d99,FirstNumber=708,secondNumber=40}  written to file by thread pool-3-thread-5
 message  {Id=5fb5bbd4-add8-44e6-a037-7c647448638e,FirstNumber=190,secondNumber=1519}  added by thread pool-3-thread-6
 message  {Id=5fb5bbd4-add8-44e6-a037-7c647448638e,FirstNumber=190,secondNumber=1519}  written to file by thread pool-3-thread-2
 message  {Id=612464ae-95db-491c-aa0b-5624d71dffa3,FirstNumber=794,secondNumber=616}  added by thread pool-3-thread-6
 message  {Id=612464ae-95db-491c-aa0b-5624d71dffa3,FirstNumber=794,secondNumber=616}  written to file by thread pool-3-thread-2
 message  {Id=2287b206-15ad-429b-a524-351e5193abaa,FirstNumber=889,secondNumber=1728}  added by thread pool-3-thread-6
 message  {Id=2287b206-15ad-429b-a524-351e5193abaa,FirstNumber=889,secondNumber=1728}  written to file by thread pool-3-thread-1
 message  {Id=35757dbe-9316-4e4a-a937-d964e6581328,FirstNumber=667,secondNumber=1684}  added by thread pool-3-thread-6
 message  {Id=35757dbe-9316-4e4a-a937-d964e6581328,FirstNumber=667,secondNumber=1684}  written to file by thread pool-3-thread-3
 message  {Id=78d9e8ae-1cd5-4731-b4cc-8a5776555caf,FirstNumber=291,secondNumber=799}  added by thread pool-3-thread-6
 message  {Id=78d9e8ae-1cd5-4731-b4cc-8a5776555caf,FirstNumber=291,secondNumber=799}  written to file by thread pool-3-thread-5
 message  {Id=8b017a99-3623-4b8d-93d6-d438eee01784,FirstNumber=496,secondNumber=1886}  added by thread pool-3-thread-6
 message  {Id=8b017a99-3623-4b8d-93d6-d438eee01784,FirstNumber=496,secondNumber=1886}  written to file by thread pool-3-thread-5
 message  {Id=a7f3d77c-f0a4-4e70-8492-9ae0f26b2835,FirstNumber=20,secondNumber=1167}  added by thread pool-3-thread-6
 message  {Id=a7f3d77c-f0a4-4e70-8492-9ae0f26b2835,FirstNumber=20,secondNumber=1167}  written to file by thread pool-3-thread-2
 message  {Id=1020f2f4-9b73-4068-89d3-b13e7f7c15d2,FirstNumber=946,secondNumber=348}  added by thread pool-3-thread-6
 message  {Id=1020f2f4-9b73-4068-89d3-b13e7f7c15d2,FirstNumber=946,secondNumber=348}  written to file by thread pool-3-thread-1
 message  {Id=72dc9428-8be1-401a-9a80-e0ae5fc93f52,FirstNumber=290,secondNumber=381}  added by thread pool-3-thread-6
 message  {Id=72dc9428-8be1-401a-9a80-e0ae5fc93f52,FirstNumber=290,secondNumber=381}  written to file by thread pool-3-thread-3
 message  {Id=c20ccf73-7a24-4ae1-8001-e032c4584e37,FirstNumber=373,secondNumber=719}  added by thread pool-3-thread-6
 message  {Id=c20ccf73-7a24-4ae1-8001-e032c4584e37,FirstNumber=373,secondNumber=719}  written to file by thread pool-3-thread-4
 message  {Id=7f683646-bf56-4921-933b-0aff9cc5790f,FirstNumber=580,secondNumber=122}  added by thread pool-3-thread-6
 message  {Id=7f683646-bf56-4921-933b-0aff9cc5790f,FirstNumber=580,secondNumber=122}  written to file by thread pool-3-thread-4
 message  {Id=8f6f51ab-5176-47e2-bb98-4cbff04086c6,FirstNumber=447,secondNumber=1243}  added by thread pool-3-thread-6
 message  {Id=8f6f51ab-5176-47e2-bb98-4cbff04086c6,FirstNumber=447,secondNumber=1243}  written to file by thread pool-3-thread-4
 message  {Id=c5f814ef-8576-4578-93f6-f60a5f20c18c,FirstNumber=205,secondNumber=804}  added by thread pool-3-thread-6
 message  {Id=c5f814ef-8576-4578-93f6-f60a5f20c18c,FirstNumber=205,secondNumber=804}  written to file by thread pool-3-thread-1
 message  {Id=da998ae6-aea4-46de-8d67-818b47b2f4ed,FirstNumber=78,secondNumber=599}  added by thread pool-3-thread-6
 message  {Id=da998ae6-aea4-46de-8d67-818b47b2f4ed,FirstNumber=78,secondNumber=599}  written to file by thread pool-3-thread-3
 message  {Id=a9856bc4-ca4f-4c6d-ad2f-f79b8703272b,FirstNumber=753,secondNumber=230}  added by thread pool-3-thread-6
 message  {Id=a9856bc4-ca4f-4c6d-ad2f-f79b8703272b,FirstNumber=753,secondNumber=230}  written to file by thread pool-3-thread-3
 message  {Id=7ba8665e-bf8e-49e7-a4bf-b633bb423787,FirstNumber=596,secondNumber=272}  added by thread pool-3-thread-6
 message  {Id=7ba8665e-bf8e-49e7-a4bf-b633bb423787,FirstNumber=596,secondNumber=272}  written to file by thread pool-3-thread-3
 message  {Id=41af897d-c0c0-485e-9163-dcb8014178c8,FirstNumber=421,secondNumber=300}  added by thread pool-3-thread-6
 message  {Id=41af897d-c0c0-485e-9163-dcb8014178c8,FirstNumber=421,secondNumber=300}  written to file by thread pool-3-thread-4
 message  {Id=3f553b36-0fc5-42f7-bc67-3d9105f86a89,FirstNumber=628,secondNumber=333}  added by thread pool-3-thread-6
 message  {Id=3f553b36-0fc5-42f7-bc67-3d9105f86a89,FirstNumber=628,secondNumber=333}  written to file by thread pool-3-thread-1
 message  {Id=a9860e41-2549-4f44-9fa2-603311ee46c2,FirstNumber=105,secondNumber=1719}  added by thread pool-3-thread-6
 message  {Id=a9860e41-2549-4f44-9fa2-603311ee46c2,FirstNumber=105,secondNumber=1719}  written to file by thread pool-3-thread-1
 message  {Id=e41df708-cd27-4535-8c97-ca5ee6ebd9af,FirstNumber=149,secondNumber=1671}  added by thread pool-3-thread-6
 message  {Id=e41df708-cd27-4535-8c97-ca5ee6ebd9af,FirstNumber=149,secondNumber=1671}  written to file by thread pool-3-thread-1
 message  {Id=c596c6e8-dcc1-46bf-ba60-3e67f0aedb00,FirstNumber=941,secondNumber=1680}  added by thread pool-3-thread-6
 message  {Id=c596c6e8-dcc1-46bf-ba60-3e67f0aedb00,FirstNumber=941,secondNumber=1680}  written to file by thread pool-3-thread-3
 message  {Id=d180f4d8-3a50-4e15-9268-70315d7bca30,FirstNumber=956,secondNumber=749}  added by thread pool-3-thread-6
 message  {Id=d180f4d8-3a50-4e15-9268-70315d7bca30,FirstNumber=956,secondNumber=749}  written to file by thread pool-3-thread-4
 message  {Id=91428a26-e90f-4c5e-9514-4941c991c0d7,FirstNumber=268,secondNumber=1524}  added by thread pool-3-thread-6
 message  {Id=91428a26-e90f-4c5e-9514-4941c991c0d7,FirstNumber=268,secondNumber=1524}  written to file by thread pool-3-thread-4
 message  {Id=8073e498-efc6-4261-b669-db8fc8cc26df,FirstNumber=596,secondNumber=640}  added by thread pool-3-thread-6
 message  {Id=8073e498-efc6-4261-b669-db8fc8cc26df,FirstNumber=596,secondNumber=640}  written to file by thread pool-3-thread-4
 message  {Id=6a70b676-af1b-4206-8b0e-050b0641f6b0,FirstNumber=199,secondNumber=1362}  added by thread pool-3-thread-6
 message  {Id=6a70b676-af1b-4206-8b0e-050b0641f6b0,FirstNumber=199,secondNumber=1362}  written to file by thread pool-3-thread-1
 message  {Id=9ba33c96-93f7-47b9-8306-922580d9523a,FirstNumber=105,secondNumber=149}  added by thread pool-3-thread-6
 message  {Id=9ba33c96-93f7-47b9-8306-922580d9523a,FirstNumber=105,secondNumber=149}  written to file by thread pool-3-thread-1
 message  {Id=5e1dd391-30ba-43d5-98eb-aa49fb36220f,FirstNumber=298,secondNumber=1052}  added by thread pool-3-thread-6
 message  {Id=5e1dd391-30ba-43d5-98eb-aa49fb36220f,FirstNumber=298,secondNumber=1052}  written to file by thread pool-3-thread-5
 message  {Id=819c3836-0488-44ee-af03-696309092bcb,FirstNumber=337,secondNumber=1408}  added by thread pool-3-thread-6
 message  {Id=819c3836-0488-44ee-af03-696309092bcb,FirstNumber=337,secondNumber=1408}  written to file by thread pool-3-thread-2
 message  {Id=f385eedf-6f54-406e-a8d9-c80f9d0f2fea,FirstNumber=506,secondNumber=138}  added by thread pool-3-thread-6
 message  {Id=f385eedf-6f54-406e-a8d9-c80f9d0f2fea,FirstNumber=506,secondNumber=138}  written to file by thread pool-3-thread-4
 message  {Id=e2d3abc9-3c00-49fd-9b57-82e1ee37c08b,FirstNumber=412,secondNumber=876}  added by thread pool-3-thread-6
 message  {Id=e2d3abc9-3c00-49fd-9b57-82e1ee37c08b,FirstNumber=412,secondNumber=876}  written to file by thread pool-3-thread-4
 message  {Id=9c53ac56-060b-401c-a24a-e5e3a2f06887,FirstNumber=27,secondNumber=698}  added by thread pool-3-thread-6
 message  {Id=9c53ac56-060b-401c-a24a-e5e3a2f06887,FirstNumber=27,secondNumber=698}  written to file by thread pool-3-thread-4
 message  {Id=0698e7c9-1f3c-4ef7-8e1c-0bbea049ff06,FirstNumber=742,secondNumber=949}  added by thread pool-3-thread-6
 message  {Id=0698e7c9-1f3c-4ef7-8e1c-0bbea049ff06,FirstNumber=742,secondNumber=949}  written to file by thread pool-3-thread-5
 message  {Id=be108897-950f-4f01-b3af-871913b6db12,FirstNumber=282,secondNumber=1997}  added by thread pool-3-thread-6
 message  {Id=be108897-950f-4f01-b3af-871913b6db12,FirstNumber=282,secondNumber=1997}  written to file by thread pool-3-thread-5
 message  {Id=80a873e6-78e3-4667-a768-d148707e6696,FirstNumber=972,secondNumber=472}  added by thread pool-3-thread-6
 message  {Id=80a873e6-78e3-4667-a768-d148707e6696,FirstNumber=972,secondNumber=472}  written to file by thread pool-3-thread-3
 message  {Id=2ab74771-4b36-4d38-ba9e-cc6f8c892a88,FirstNumber=530,secondNumber=36}  added by thread pool-3-thread-6
 message  {Id=2ab74771-4b36-4d38-ba9e-cc6f8c892a88,FirstNumber=530,secondNumber=36}  written to file by thread pool-3-thread-1
 message  {Id=02b192bd-d0e7-4aac-937b-07e45ae08b00,FirstNumber=113,secondNumber=981}  added by thread pool-3-thread-6
 message  {Id=02b192bd-d0e7-4aac-937b-07e45ae08b00,FirstNumber=113,secondNumber=981}  written to file by thread pool-3-thread-4
 message  {Id=cc074e6b-424b-4091-9e0f-7080f276ecfe,FirstNumber=461,secondNumber=1674}  added by thread pool-3-thread-6
 message  {Id=cc074e6b-424b-4091-9e0f-7080f276ecfe,FirstNumber=461,secondNumber=1674}  written to file by thread pool-3-thread-4
 message  {Id=bb1babb6-ed48-4da4-a51a-7eef5f5e4062,FirstNumber=858,secondNumber=276}  added by thread pool-3-thread-6
 message  {Id=bb1babb6-ed48-4da4-a51a-7eef5f5e4062,FirstNumber=858,secondNumber=276}  written to file by thread pool-3-thread-4
 message  {Id=e97a6001-074b-4630-b542-69a162b9011e,FirstNumber=193,secondNumber=1588}  added by thread pool-3-thread-6
 message  {Id=e97a6001-074b-4630-b542-69a162b9011e,FirstNumber=193,secondNumber=1588}  written to file by thread pool-3-thread-3
 message  {Id=6533500f-831f-4a0f-88b4-0ddcce38a369,FirstNumber=423,secondNumber=1022}  added by thread pool-3-thread-6
 message  {Id=6533500f-831f-4a0f-88b4-0ddcce38a369,FirstNumber=423,secondNumber=1022}  written to file by thread pool-3-thread-1
 message  {Id=dd171413-1252-48f5-955d-9b32d921c2f2,FirstNumber=56,secondNumber=1774}  added by thread pool-3-thread-6
 message  {Id=dd171413-1252-48f5-955d-9b32d921c2f2,FirstNumber=56,secondNumber=1774}  written to file by thread pool-3-thread-2
 message  {Id=9cea1a52-09f1-4ff5-aaa5-661ff22dd065,FirstNumber=989,secondNumber=43}  added by thread pool-3-thread-6
 message  {Id=9cea1a52-09f1-4ff5-aaa5-661ff22dd065,FirstNumber=989,secondNumber=43}  written to file by thread pool-3-thread-5
 message  {Id=f8ecef5f-7620-488a-ba36-c69cce8aa79e,FirstNumber=563,secondNumber=18}  added by thread pool-3-thread-6
 message  {Id=f8ecef5f-7620-488a-ba36-c69cce8aa79e,FirstNumber=563,secondNumber=18}  written to file by thread pool-3-thread-4
 message  {Id=44adcf06-7b34-4371-ad99-78fc70c3d2de,FirstNumber=263,secondNumber=712}  added by thread pool-3-thread-6
 message  {Id=44adcf06-7b34-4371-ad99-78fc70c3d2de,FirstNumber=263,secondNumber=712}  written to file by thread pool-3-thread-3
 message  {Id=c9ad96a9-aebc-4ac0-b5d7-9cf9f9e6f73e,FirstNumber=327,secondNumber=1920}  added by thread pool-3-thread-6
 message  {Id=c9ad96a9-aebc-4ac0-b5d7-9cf9f9e6f73e,FirstNumber=327,secondNumber=1920}  written to file by thread pool-3-thread-1
 message  {Id=ae0c2711-ddfa-4f08-8950-1cad3622b30e,FirstNumber=485,secondNumber=1087}  added by thread pool-3-thread-6
 message  {Id=ae0c2711-ddfa-4f08-8950-1cad3622b30e,FirstNumber=485,secondNumber=1087}  written to file by thread pool-3-thread-1
 message  {Id=00044fd5-813f-4527-8851-3126b84becd2,FirstNumber=296,secondNumber=1195}  added by thread pool-3-thread-6
 message  {Id=00044fd5-813f-4527-8851-3126b84becd2,FirstNumber=296,secondNumber=1195}  written to file by thread pool-3-thread-5
 message  {Id=c9c48d6c-3135-4704-be98-a291d7b86d57,FirstNumber=325,secondNumber=1856}  added by thread pool-3-thread-6
 message  {Id=c9c48d6c-3135-4704-be98-a291d7b86d57,FirstNumber=325,secondNumber=1856}  written to file by thread pool-3-thread-4
 message  {Id=752dcead-a0f2-4dba-8c67-f2a9f3cbca22,FirstNumber=486,secondNumber=1946}  added by thread pool-3-thread-6
 message  {Id=752dcead-a0f2-4dba-8c67-f2a9f3cbca22,FirstNumber=486,secondNumber=1946}  written to file by thread pool-3-thread-4
 message  {Id=3840210e-3272-44ff-8039-26dd9928bd98,FirstNumber=314,secondNumber=570}  added by thread pool-3-thread-6
 message  {Id=3840210e-3272-44ff-8039-26dd9928bd98,FirstNumber=314,secondNumber=570}  written to file by thread pool-3-thread-2
 message  {Id=4ad06f5f-556b-4234-a36f-afe1f6bac86a,FirstNumber=80,secondNumber=81}  added by thread pool-3-thread-6
 message  {Id=4ad06f5f-556b-4234-a36f-afe1f6bac86a,FirstNumber=80,secondNumber=81}  written to file by thread pool-3-thread-2
 message  {Id=e2ccc4b0-b143-466c-8880-ba0600dfbe01,FirstNumber=344,secondNumber=1510}  added by thread pool-3-thread-6
 message  {Id=e2ccc4b0-b143-466c-8880-ba0600dfbe01,FirstNumber=344,secondNumber=1510}  written to file by thread pool-3-thread-2
 message  {Id=3ecb6f99-c572-42d7-a959-b5af318ded77,FirstNumber=21,secondNumber=1311}  added by thread pool-3-thread-6
 message  {Id=3ecb6f99-c572-42d7-a959-b5af318ded77,FirstNumber=21,secondNumber=1311}  written to file by thread pool-3-thread-3
 message  {Id=ae72cd12-dfa5-4c5a-98a2-b389570229c8,FirstNumber=715,secondNumber=1165}  added by thread pool-3-thread-6
 message  {Id=ae72cd12-dfa5-4c5a-98a2-b389570229c8,FirstNumber=715,secondNumber=1165}  written to file by thread pool-3-thread-4
 message  {Id=cc4ea9c8-586d-4293-b96c-93c9dbf27992,FirstNumber=72,secondNumber=1823}  added by thread pool-3-thread-6
 message  {Id=cc4ea9c8-586d-4293-b96c-93c9dbf27992,FirstNumber=72,secondNumber=1823}  written to file by thread pool-3-thread-1
 message  {Id=c13862cf-f241-4a06-b1e2-f4ba6b9beeb9,FirstNumber=115,secondNumber=703}  added by thread pool-3-thread-6
 message  {Id=c13862cf-f241-4a06-b1e2-f4ba6b9beeb9,FirstNumber=115,secondNumber=703}  written to file by thread pool-3-thread-1
 message  {Id=30b0f707-07f0-486c-9f57-0b82c3660a69,FirstNumber=839,secondNumber=969}  added by thread pool-3-thread-6
 message  {Id=30b0f707-07f0-486c-9f57-0b82c3660a69,FirstNumber=839,secondNumber=969}  written to file by thread pool-3-thread-1
 message  {Id=3d300b1c-e703-4356-b0e7-75558185aada,FirstNumber=47,secondNumber=430}  added by thread pool-3-thread-6
 message  {Id=3d300b1c-e703-4356-b0e7-75558185aada,FirstNumber=47,secondNumber=430}  written to file by thread pool-3-thread-1
 message  {Id=e17b5c87-ca38-4a6d-b92f-1b6dcdd707ee,FirstNumber=34,secondNumber=1419}  added by thread pool-3-thread-6
 message  {Id=e17b5c87-ca38-4a6d-b92f-1b6dcdd707ee,FirstNumber=34,secondNumber=1419}  written to file by thread pool-3-thread-1
 message  {Id=ec9dc809-354d-4c67-85bc-3397ed307433,FirstNumber=349,secondNumber=94}  added by thread pool-3-thread-6
 message  {Id=ec9dc809-354d-4c67-85bc-3397ed307433,FirstNumber=349,secondNumber=94}  written to file by thread pool-3-thread-5
 message  {Id=2ec95961-9965-4578-ab5a-9d72deaa7aea,FirstNumber=964,secondNumber=593}  added by thread pool-3-thread-6
 message  {Id=29925749-2e4e-401d-8f54-79c6f05dd8ba,FirstNumber=782,secondNumber=202}  added by thread pool-3-thread-6
 message  {Id=7584f757-9323-4be7-8613-57ee8d256d10,FirstNumber=882,secondNumber=421}  added by thread pool-3-thread-6
 message  {Id=29925749-2e4e-401d-8f54-79c6f05dd8ba,FirstNumber=782,secondNumber=202}  written to file by thread pool-3-thread-3
 message  {Id=7584f757-9323-4be7-8613-57ee8d256d10,FirstNumber=882,secondNumber=421}  written to file by thread pool-3-thread-4
 message  {Id=925bbf1e-b9a2-4add-a30d-6b5f3b0a8f2c,FirstNumber=619,secondNumber=29}  added by thread pool-3-thread-6
 message  {Id=2ec95961-9965-4578-ab5a-9d72deaa7aea,FirstNumber=964,secondNumber=593}  written to file by thread pool-3-thread-2
 message  {Id=925bbf1e-b9a2-4add-a30d-6b5f3b0a8f2c,FirstNumber=619,secondNumber=29}  written to file by thread pool-3-thread-3
 message  {Id=07ce57b6-4347-4fd4-8f57-e604850162bb,FirstNumber=189,secondNumber=214}  added by thread pool-3-thread-6
 message  {Id=07ce57b6-4347-4fd4-8f57-e604850162bb,FirstNumber=189,secondNumber=214}  written to file by thread pool-3-thread-2
 message  {Id=7273f8ff-2a19-4a46-982d-f7ae0bb7b84b,FirstNumber=481,secondNumber=977}  added by thread pool-3-thread-6
 message  {Id=7273f8ff-2a19-4a46-982d-f7ae0bb7b84b,FirstNumber=481,secondNumber=977}  written to file by thread pool-3-thread-2
 message  {Id=ca96fd23-5b21-487e-8706-0bd458ee1f68,FirstNumber=411,secondNumber=1533}  added by thread pool-3-thread-6
 message  {Id=ca96fd23-5b21-487e-8706-0bd458ee1f68,FirstNumber=411,secondNumber=1533}  written to file by thread pool-3-thread-2
 message  {Id=905eb421-0d23-4a0e-a8d3-ceffc5d22407,FirstNumber=348,secondNumber=612}  added by thread pool-3-thread-6
 message  {Id=905eb421-0d23-4a0e-a8d3-ceffc5d22407,FirstNumber=348,secondNumber=612}  written to file by thread pool-3-thread-2
 message  {Id=ce3e53f0-4e75-4059-84ed-ec12195c24b1,FirstNumber=203,secondNumber=1580}  added by thread pool-3-thread-6
 message  {Id=ce3e53f0-4e75-4059-84ed-ec12195c24b1,FirstNumber=203,secondNumber=1580}  written to file by thread pool-3-thread-2
 message  {Id=9c915358-b4b6-4f39-b345-778df529bc71,FirstNumber=54,secondNumber=153}  added by thread pool-3-thread-6
 message  {Id=9c915358-b4b6-4f39-b345-778df529bc71,FirstNumber=54,secondNumber=153}  written to file by thread pool-3-thread-1
 message  {Id=cdbdfb8f-2939-41d2-aa5f-4cd9488c441a,FirstNumber=404,secondNumber=1331}  added by thread pool-3-thread-6
 message  {Id=cdbdfb8f-2939-41d2-aa5f-4cd9488c441a,FirstNumber=404,secondNumber=1331}  written to file by thread pool-3-thread-1
 message  {Id=7c92d5c3-ed28-412b-b0e4-36446624a44d,FirstNumber=844,secondNumber=540}  added by thread pool-3-thread-6
 message  {Id=7c92d5c3-ed28-412b-b0e4-36446624a44d,FirstNumber=844,secondNumber=540}  written to file by thread pool-3-thread-1
 message  {Id=b2dac93c-338f-48b3-930c-c19d6bd335ba,FirstNumber=774,secondNumber=1708}  added by thread pool-3-thread-6
 message  {Id=b2dac93c-338f-48b3-930c-c19d6bd335ba,FirstNumber=774,secondNumber=1708}  written to file by thread pool-3-thread-3
 message  {Id=afdaa3ac-e3dc-41e8-afc1-7eaf97d5f19a,FirstNumber=347,secondNumber=1521}  added by thread pool-3-thread-6
 message  {Id=afdaa3ac-e3dc-41e8-afc1-7eaf97d5f19a,FirstNumber=347,secondNumber=1521}  written to file by thread pool-3-thread-2
 message  {Id=84767473-eafa-4985-8bc7-78946e93dcef,FirstNumber=436,secondNumber=1229}  added by thread pool-3-thread-6
 message  {Id=84767473-eafa-4985-8bc7-78946e93dcef,FirstNumber=436,secondNumber=1229}  written to file by thread pool-3-thread-2
 message  {Id=7f4f3d2a-6afe-454e-bd86-e3dc5a8e5d79,FirstNumber=271,secondNumber=39}  added by thread pool-3-thread-6
 message  {Id=7f4f3d2a-6afe-454e-bd86-e3dc5a8e5d79,FirstNumber=271,secondNumber=39}  written to file by thread pool-3-thread-2
 message  {Id=426a3a0a-ec96-4f8d-940d-ddb4f0bf056b,FirstNumber=758,secondNumber=1628}  added by thread pool-3-thread-6
 message  {Id=426a3a0a-ec96-4f8d-940d-ddb4f0bf056b,FirstNumber=758,secondNumber=1628}  written to file by thread pool-3-thread-1
 message  {Id=650da9fb-c6aa-461d-a48b-9dc92b9874ce,FirstNumber=141,secondNumber=1341}  added by thread pool-3-thread-6
 message  {Id=650da9fb-c6aa-461d-a48b-9dc92b9874ce,FirstNumber=141,secondNumber=1341}  written to file by thread pool-3-thread-1
 message  {Id=d36a7b7e-b000-4c71-90fc-ac99c02499c3,FirstNumber=229,secondNumber=1497}  added by thread pool-3-thread-6
 message  {Id=d36a7b7e-b000-4c71-90fc-ac99c02499c3,FirstNumber=229,secondNumber=1497}  written to file by thread pool-3-thread-1
 message  {Id=ad2318b0-3060-45f3-a6ce-34bc10c172a4,FirstNumber=326,secondNumber=120}  added by thread pool-3-thread-6
 message  {Id=ad2318b0-3060-45f3-a6ce-34bc10c172a4,FirstNumber=326,secondNumber=120}  written to file by thread pool-3-thread-1
 message  {Id=a391b0d7-2b38-4b5b-9b2a-f533f0b04f65,FirstNumber=153,secondNumber=899}  added by thread pool-3-thread-6
 message  {Id=a391b0d7-2b38-4b5b-9b2a-f533f0b04f65,FirstNumber=153,secondNumber=899}  written to file by thread pool-3-thread-2
 message  {Id=8e6bdc0d-9ae3-4dc5-8d2a-8b9738272dbc,FirstNumber=128,secondNumber=836}  added by thread pool-3-thread-6
 message  {Id=8e6bdc0d-9ae3-4dc5-8d2a-8b9738272dbc,FirstNumber=128,secondNumber=836}  written to file by thread pool-3-thread-2
 message  {Id=dd386fc5-1bb1-4ef2-a3ac-7e24177e62c8,FirstNumber=807,secondNumber=1719}  added by thread pool-3-thread-6
 message  {Id=dd386fc5-1bb1-4ef2-a3ac-7e24177e62c8,FirstNumber=807,secondNumber=1719}  written to file by thread pool-3-thread-4
 message  {Id=f96f73c2-b363-4c5a-8e3d-6d1bca8fdc5c,FirstNumber=63,secondNumber=1369}  added by thread pool-3-thread-6
 message  {Id=f96f73c2-b363-4c5a-8e3d-6d1bca8fdc5c,FirstNumber=63,secondNumber=1369}  written to file by thread pool-3-thread-5
 message  {Id=885e2163-7cbc-4fc9-9db1-8400b1e0ebb6,FirstNumber=667,secondNumber=1241}  added by thread pool-3-thread-6
 message  {Id=885e2163-7cbc-4fc9-9db1-8400b1e0ebb6,FirstNumber=667,secondNumber=1241}  written to file by thread pool-3-thread-1
 message  {Id=54da465a-6f1c-433d-952d-9ff439733e78,FirstNumber=356,secondNumber=188}  added by thread pool-3-thread-6
 message  {Id=54da465a-6f1c-433d-952d-9ff439733e78,FirstNumber=356,secondNumber=188}  written to file by thread pool-3-thread-1
 message  {Id=55405606-c0da-4a4e-a8eb-4b190b230567,FirstNumber=379,secondNumber=1190}  added by thread pool-3-thread-6
 message  {Id=55405606-c0da-4a4e-a8eb-4b190b230567,FirstNumber=379,secondNumber=1190}  written to file by thread pool-3-thread-2
 message  {Id=b340f1e6-94fe-4388-9b97-55fa3015b2ee,FirstNumber=71,secondNumber=256}  added by thread pool-3-thread-6
 message  {Id=7a71b70e-e70e-4989-958b-fc47bec9e39b,FirstNumber=539,secondNumber=256}  added by thread pool-3-thread-6
 message  {Id=7a71b70e-e70e-4989-958b-fc47bec9e39b,FirstNumber=539,secondNumber=256}  written to file by thread pool-3-thread-5
 message  {Id=94b37b9d-d7e6-4901-afbe-3edd56c2aa62,FirstNumber=343,secondNumber=405}  added by thread pool-3-thread-6
 message  {Id=b340f1e6-94fe-4388-9b97-55fa3015b2ee,FirstNumber=71,secondNumber=256}  written to file by thread pool-3-thread-4
 message  {Id=94b37b9d-d7e6-4901-afbe-3edd56c2aa62,FirstNumber=343,secondNumber=405}  written to file by thread pool-3-thread-5
 message  {Id=e2d7a2ad-70a1-4378-b145-065ed15a6354,FirstNumber=244,secondNumber=5}  added by thread pool-3-thread-6
 message  {Id=e2d7a2ad-70a1-4378-b145-065ed15a6354,FirstNumber=244,secondNumber=5}  written to file by thread pool-3-thread-1
 message  {Id=641f41b9-fd55-41c9-919d-f6d27cedc93c,FirstNumber=524,secondNumber=1260}  added by thread pool-3-thread-6
 message  {Id=641f41b9-fd55-41c9-919d-f6d27cedc93c,FirstNumber=524,secondNumber=1260}  written to file by thread pool-3-thread-1
 message  {Id=9687d016-01d0-47d0-82d0-ea00e1efeffa,FirstNumber=552,secondNumber=343}  added by thread pool-3-thread-6
 message  {Id=9687d016-01d0-47d0-82d0-ea00e1efeffa,FirstNumber=552,secondNumber=343}  written to file by thread pool-3-thread-3
 message  {Id=0f32ef25-3645-4ebe-ac5f-e4c435c5174c,FirstNumber=769,secondNumber=1853}  added by thread pool-3-thread-6
 message  {Id=0f32ef25-3645-4ebe-ac5f-e4c435c5174c,FirstNumber=769,secondNumber=1853}  written to file by thread pool-3-thread-4
 message  {Id=aca7b674-2646-446b-996d-b1b82c1bccda,FirstNumber=128,secondNumber=674}  added by thread pool-3-thread-6
 message  {Id=aca7b674-2646-446b-996d-b1b82c1bccda,FirstNumber=128,secondNumber=674}  written to file by thread pool-3-thread-4
 message  {Id=48f98af4-16ed-45b1-b2dc-1297ec94ef83,FirstNumber=604,secondNumber=708}  added by thread pool-3-thread-6
 message  {Id=48f98af4-16ed-45b1-b2dc-1297ec94ef83,FirstNumber=604,secondNumber=708}  written to file by thread pool-3-thread-4
 message  {Id=cd6344ad-50cb-49fd-981b-2538f0f1dcdf,FirstNumber=14,secondNumber=544}  added by thread pool-3-thread-6
 message  {Id=cd6344ad-50cb-49fd-981b-2538f0f1dcdf,FirstNumber=14,secondNumber=544}  written to file by thread pool-3-thread-1
 message  {Id=2aab12f1-b68f-4ce4-adde-d5ea49f8970c,FirstNumber=813,secondNumber=791}  added by thread pool-3-thread-6
 message  {Id=2aab12f1-b68f-4ce4-adde-d5ea49f8970c,FirstNumber=813,secondNumber=791}  written to file by thread pool-3-thread-1
 message  {Id=5efcbb94-52a1-4c12-a98c-1735ba9f1105,FirstNumber=830,secondNumber=215}  added by thread pool-3-thread-6
 message  {Id=5efcbb94-52a1-4c12-a98c-1735ba9f1105,FirstNumber=830,secondNumber=215}  written to file by thread pool-3-thread-1
 message  {Id=42b6330e-bd5d-4e3b-991b-c338824aa3c8,FirstNumber=208,secondNumber=1553}  added by thread pool-3-thread-6
 message  {Id=42b6330e-bd5d-4e3b-991b-c338824aa3c8,FirstNumber=208,secondNumber=1553}  written to file by thread pool-3-thread-2
 message  {Id=4c38f9b5-9404-43d6-aeab-548a7a311104,FirstNumber=126,secondNumber=1455}  added by thread pool-3-thread-6
 message  {Id=4c38f9b5-9404-43d6-aeab-548a7a311104,FirstNumber=126,secondNumber=1455}  written to file by thread pool-3-thread-4
 message  {Id=e18e5631-7011-4afd-b9d6-af7880b66f59,FirstNumber=792,secondNumber=1979}  added by thread pool-3-thread-6
 message  {Id=e18e5631-7011-4afd-b9d6-af7880b66f59,FirstNumber=792,secondNumber=1979}  written to file by thread pool-3-thread-4
 message  {Id=1f1485ce-3905-4a25-b44b-a8714b9e1639,FirstNumber=155,secondNumber=212}  added by thread pool-3-thread-6
 message  {Id=1f1485ce-3905-4a25-b44b-a8714b9e1639,FirstNumber=155,secondNumber=212}  written to file by thread pool-3-thread-5
 message  {Id=7e09b10c-a6bb-45ac-bf18-ba5563d94914,FirstNumber=215,secondNumber=73}  added by thread pool-3-thread-6
 message  {Id=7e09b10c-a6bb-45ac-bf18-ba5563d94914,FirstNumber=215,secondNumber=73}  written to file by thread pool-3-thread-1
 message  {Id=959dd40d-1d05-455f-a24d-5b7180fb1dfd,FirstNumber=222,secondNumber=1388}  added by thread pool-3-thread-6
 message  {Id=959dd40d-1d05-455f-a24d-5b7180fb1dfd,FirstNumber=222,secondNumber=1388}  written to file by thread pool-3-thread-2
 message  {Id=ecf6bfe0-acc4-4c10-8350-738e4061209c,FirstNumber=626,secondNumber=908}  added by thread pool-3-thread-6
 message  {Id=ecf6bfe0-acc4-4c10-8350-738e4061209c,FirstNumber=626,secondNumber=908}  written to file by thread pool-3-thread-3
 message  {Id=760f2387-60a3-4e0d-8be0-54482dd6d337,FirstNumber=515,secondNumber=1802}  added by thread pool-3-thread-6
 message  {Id=760f2387-60a3-4e0d-8be0-54482dd6d337,FirstNumber=515,secondNumber=1802}  written to file by thread pool-3-thread-3
 message  {Id=9264f578-353e-4ae8-a3f8-84c8b8b5dd7b,FirstNumber=375,secondNumber=1707}  added by thread pool-3-thread-6
 message  {Id=9264f578-353e-4ae8-a3f8-84c8b8b5dd7b,FirstNumber=375,secondNumber=1707}  written to file by thread pool-3-thread-3
 message  {Id=0567ffb2-caad-41d7-b62b-927cc6c21ee4,FirstNumber=121,secondNumber=1196}  added by thread pool-3-thread-6
 message  {Id=0567ffb2-caad-41d7-b62b-927cc6c21ee4,FirstNumber=121,secondNumber=1196}  written to file by thread pool-3-thread-3
 message  {Id=a8874fcf-4c3e-4239-afa2-eb26dd201b7e,FirstNumber=172,secondNumber=23}  added by thread pool-3-thread-6
 message  {Id=a8874fcf-4c3e-4239-afa2-eb26dd201b7e,FirstNumber=172,secondNumber=23}  written to file by thread pool-3-thread-3
 message  {Id=19ba45a1-3dee-45bb-9f92-1e7ef6027d4e,FirstNumber=531,secondNumber=577}  added by thread pool-3-thread-6
 message  {Id=19ba45a1-3dee-45bb-9f92-1e7ef6027d4e,FirstNumber=531,secondNumber=577}  written to file by thread pool-3-thread-3
 message  {Id=cc1694e6-e499-46dc-9abc-519f28031a23,FirstNumber=703,secondNumber=960}  added by thread pool-3-thread-6
 message  {Id=cc1694e6-e499-46dc-9abc-519f28031a23,FirstNumber=703,secondNumber=960}  written to file by thread pool-3-thread-3
 message  {Id=0a979751-433f-432f-96f3-bb5a3ed8a230,FirstNumber=869,secondNumber=617}  added by thread pool-3-thread-6
 message  {Id=0a979751-433f-432f-96f3-bb5a3ed8a230,FirstNumber=869,secondNumber=617}  written to file by thread pool-3-thread-3
 message  {Id=0c80d73c-405a-41fa-aacd-51b6d3f81bb7,FirstNumber=971,secondNumber=527}  added by thread pool-3-thread-6
 message  {Id=0c80d73c-405a-41fa-aacd-51b6d3f81bb7,FirstNumber=971,secondNumber=527}  written to file by thread pool-3-thread-2
 message  {Id=dc12009b-6cea-416c-8446-2051eef26e98,FirstNumber=370,secondNumber=259}  added by thread pool-3-thread-6
 message  {Id=dc12009b-6cea-416c-8446-2051eef26e98,FirstNumber=370,secondNumber=259}  written to file by thread pool-3-thread-2
 message  {Id=2217c73f-de1a-4bf6-afc5-3df7e12d20cf,FirstNumber=286,secondNumber=70}  added by thread pool-3-thread-6
 message  {Id=2217c73f-de1a-4bf6-afc5-3df7e12d20cf,FirstNumber=286,secondNumber=70}  written to file by thread pool-3-thread-2
 message  {Id=f721148f-af1a-4a7a-9968-743abdb5969f,FirstNumber=271,secondNumber=748}  added by thread pool-3-thread-6
 message  {Id=f721148f-af1a-4a7a-9968-743abdb5969f,FirstNumber=271,secondNumber=748}  written to file by thread pool-3-thread-1
 message  {Id=686b97a5-2fcc-4ca7-97e3-ca09470bdd34,FirstNumber=194,secondNumber=1259}  added by thread pool-3-thread-6
 message  {Id=686b97a5-2fcc-4ca7-97e3-ca09470bdd34,FirstNumber=194,secondNumber=1259}  written to file by thread pool-3-thread-1
 message  {Id=b3656374-f6ef-445e-89f1-cce3363e2583,FirstNumber=848,secondNumber=11}  added by thread pool-3-thread-6
 message  {Id=b3656374-f6ef-445e-89f1-cce3363e2583,FirstNumber=848,secondNumber=11}  written to file by thread pool-3-thread-1
 message  {Id=db6ea663-90c3-414c-ad4e-b6b5d22a4541,FirstNumber=218,secondNumber=918}  added by thread pool-3-thread-6
 message  {Id=db6ea663-90c3-414c-ad4e-b6b5d22a4541,FirstNumber=218,secondNumber=918}  written to file by thread pool-3-thread-1
 message  {Id=6b3a4587-2e7e-4e77-b485-2e623364a84d,FirstNumber=712,secondNumber=14}  added by thread pool-3-thread-6
 message  {Id=6b3a4587-2e7e-4e77-b485-2e623364a84d,FirstNumber=712,secondNumber=14}  written to file by thread pool-3-thread-1
 message  {Id=9777c2c1-9e08-441a-8176-81db88ed6700,FirstNumber=648,secondNumber=493}  added by thread pool-3-thread-6
 message  {Id=9777c2c1-9e08-441a-8176-81db88ed6700,FirstNumber=648,secondNumber=493}  written to file by thread pool-3-thread-3
 message  {Id=86cf7744-9b38-42eb-b076-0ef70ecfeb06,FirstNumber=556,secondNumber=1710}  added by thread pool-3-thread-6
 message  {Id=86cf7744-9b38-42eb-b076-0ef70ecfeb06,FirstNumber=556,secondNumber=1710}  written to file by thread pool-3-thread-3
 message  {Id=617cd339-15d7-4eb3-aec2-8adf0662ecac,FirstNumber=266,secondNumber=1292}  added by thread pool-3-thread-6
 message  {Id=617cd339-15d7-4eb3-aec2-8adf0662ecac,FirstNumber=266,secondNumber=1292}  written to file by thread pool-3-thread-3
 message  {Id=e2c7d3f3-0b44-4330-a0e6-a31c23fdd01d,FirstNumber=667,secondNumber=1349}  added by thread pool-3-thread-6
 message  {Id=e2c7d3f3-0b44-4330-a0e6-a31c23fdd01d,FirstNumber=667,secondNumber=1349}  written to file by thread pool-3-thread-2
 message  {Id=b445d55e-d15b-4f1f-a359-af2e40a6dd59,FirstNumber=832,secondNumber=750}  added by thread pool-3-thread-6
 message  {Id=b445d55e-d15b-4f1f-a359-af2e40a6dd59,FirstNumber=832,secondNumber=750}  written to file by thread pool-3-thread-1
 message  {Id=10a16590-ceae-486f-b29c-62bbe6f05516,FirstNumber=812,secondNumber=484}  added by thread pool-3-thread-6
 message  {Id=10a16590-ceae-486f-b29c-62bbe6f05516,FirstNumber=812,secondNumber=484}  written to file by thread pool-3-thread-4
 message  {Id=256c3dc8-9708-4c4f-8123-2c74aa495d3a,FirstNumber=960,secondNumber=1523}  added by thread pool-3-thread-6
 message  {Id=256c3dc8-9708-4c4f-8123-2c74aa495d3a,FirstNumber=960,secondNumber=1523}  written to file by thread pool-3-thread-4
 message  {Id=9a223e4a-b187-46ff-b2d9-01c736b4f684,FirstNumber=442,secondNumber=1904}  added by thread pool-3-thread-6
 message  {Id=9a223e4a-b187-46ff-b2d9-01c736b4f684,FirstNumber=442,secondNumber=1904}  written to file by thread pool-3-thread-3
 message  {Id=e30779e2-93f7-4ffc-9465-56edec736f6c,FirstNumber=921,secondNumber=1514}  added by thread pool-3-thread-6
 message  {Id=e30779e2-93f7-4ffc-9465-56edec736f6c,FirstNumber=921,secondNumber=1514}  written to file by thread pool-3-thread-2
 message  {Id=c0d263be-5fcb-4793-a071-9a866d5436c8,FirstNumber=538,secondNumber=1017}  added by thread pool-3-thread-6
 message  {Id=c0d263be-5fcb-4793-a071-9a866d5436c8,FirstNumber=538,secondNumber=1017}  written to file by thread pool-3-thread-2
 message  {Id=483e35b3-844b-48e7-9ba0-90d2f2b09ddd,FirstNumber=926,secondNumber=94}  added by thread pool-3-thread-6
 message  {Id=483e35b3-844b-48e7-9ba0-90d2f2b09ddd,FirstNumber=926,secondNumber=94}  written to file by thread pool-3-thread-2
 message  {Id=c8d52c09-7c0a-4957-b51d-4289697adc37,FirstNumber=337,secondNumber=1597}  added by thread pool-3-thread-6
 message  {Id=c8d52c09-7c0a-4957-b51d-4289697adc37,FirstNumber=337,secondNumber=1597}  written to file by thread pool-3-thread-4
 message  {Id=3240bd0e-a7f5-4cfd-ab57-8608be99deb5,FirstNumber=344,secondNumber=589}  added by thread pool-3-thread-6
 message  {Id=3240bd0e-a7f5-4cfd-ab57-8608be99deb5,FirstNumber=344,secondNumber=589}  written to file by thread pool-3-thread-3
 message  {Id=421e2d89-4fa4-4c3f-a02a-f8230889c9b4,FirstNumber=448,secondNumber=229}  added by thread pool-3-thread-6
 message  {Id=421e2d89-4fa4-4c3f-a02a-f8230889c9b4,FirstNumber=448,secondNumber=229}  written to file by thread pool-3-thread-3
 message  {Id=5ea7a37c-3734-415e-8e11-713f8862769f,FirstNumber=732,secondNumber=1136}  added by thread pool-3-thread-6
 message  {Id=5ea7a37c-3734-415e-8e11-713f8862769f,FirstNumber=732,secondNumber=1136}  written to file by thread pool-3-thread-5
 message  {Id=ccba5d07-6752-4044-9c1f-addca05f9849,FirstNumber=653,secondNumber=1483}  added by thread pool-3-thread-6
 message  {Id=ccba5d07-6752-4044-9c1f-addca05f9849,FirstNumber=653,secondNumber=1483}  written to file by thread pool-3-thread-5
 message  {Id=5bf135c6-615f-45af-ae63-247dc62daf64,FirstNumber=259,secondNumber=1960}  added by thread pool-3-thread-6
 message  {Id=5bf135c6-615f-45af-ae63-247dc62daf64,FirstNumber=259,secondNumber=1960}  written to file by thread pool-3-thread-4
 message  {Id=b0f52b4e-880c-4208-888c-d5aec8215435,FirstNumber=852,secondNumber=1335}  added by thread pool-3-thread-6
 message  {Id=b0f52b4e-880c-4208-888c-d5aec8215435,FirstNumber=852,secondNumber=1335}  written to file by thread pool-3-thread-4
 message  {Id=dee8d6ea-8e65-460d-af7a-613d1e147c0d,FirstNumber=378,secondNumber=1091}  added by thread pool-3-thread-6
 message  {Id=dee8d6ea-8e65-460d-af7a-613d1e147c0d,FirstNumber=378,secondNumber=1091}  written to file by thread pool-3-thread-4
 message  {Id=22fdbc08-079c-4562-a971-0925589ab265,FirstNumber=261,secondNumber=1748}  added by thread pool-3-thread-6
 message  {Id=22fdbc08-079c-4562-a971-0925589ab265,FirstNumber=261,secondNumber=1748}  written to file by thread pool-3-thread-2
 message  {Id=6ef6dccb-dd62-4020-97a9-1ec877dd09a0,FirstNumber=346,secondNumber=1223}  added by thread pool-3-thread-6
 message  {Id=6ef6dccb-dd62-4020-97a9-1ec877dd09a0,FirstNumber=346,secondNumber=1223}  written to file by thread pool-3-thread-5
 message  {Id=30d9a816-bf2b-43eb-84c2-4aa8ee2353d3,FirstNumber=446,secondNumber=64}  added by thread pool-3-thread-6
 message  {Id=30d9a816-bf2b-43eb-84c2-4aa8ee2353d3,FirstNumber=446,secondNumber=64}  written to file by thread pool-3-thread-1
 message  {Id=a7c467b3-b3ba-46a1-85dd-30db82c45f15,FirstNumber=338,secondNumber=1636}  added by thread pool-3-thread-6
 message  {Id=a7c467b3-b3ba-46a1-85dd-30db82c45f15,FirstNumber=338,secondNumber=1636}  written to file by thread pool-3-thread-1
 message  {Id=cb018b82-fbc2-445c-bcdc-9618ec356ce7,FirstNumber=974,secondNumber=804}  added by thread pool-3-thread-6
 message  {Id=cb018b82-fbc2-445c-bcdc-9618ec356ce7,FirstNumber=974,secondNumber=804}  written to file by thread pool-3-thread-1
 message  {Id=55982f54-a4d8-4618-9234-16c4b8e1346c,FirstNumber=959,secondNumber=151}  added by thread pool-3-thread-6
 message  {Id=55982f54-a4d8-4618-9234-16c4b8e1346c,FirstNumber=959,secondNumber=151}  written to file by thread pool-3-thread-2
 message  {Id=5fc052ef-abe0-4c0d-9d86-f0e062a975ff,FirstNumber=417,secondNumber=1055}  added by thread pool-3-thread-6
 message  {Id=5fc052ef-abe0-4c0d-9d86-f0e062a975ff,FirstNumber=417,secondNumber=1055}  written to file by thread pool-3-thread-5
 message  {Id=e0412ffc-eace-4962-982f-225df9db85b4,FirstNumber=555,secondNumber=443}  added by thread pool-3-thread-6
 message  {Id=e0412ffc-eace-4962-982f-225df9db85b4,FirstNumber=555,secondNumber=443}  written to file by thread pool-3-thread-3
 message  {Id=2f7c330a-c5f3-4e39-8dcd-bf7f0d11aabe,FirstNumber=577,secondNumber=492}  added by thread pool-3-thread-6
 message  {Id=2f7c330a-c5f3-4e39-8dcd-bf7f0d11aabe,FirstNumber=577,secondNumber=492}  written to file by thread pool-3-thread-4
 message  {Id=5d13a435-b875-4695-84ae-7c81331d0c94,FirstNumber=933,secondNumber=1122}  added by thread pool-3-thread-6
 message  {Id=5d13a435-b875-4695-84ae-7c81331d0c94,FirstNumber=933,secondNumber=1122}  written to file by thread pool-3-thread-4
 message  {Id=0fe77e7f-ccca-4bba-aebb-6e0da1e53b4b,FirstNumber=323,secondNumber=1294}  added by thread pool-3-thread-6
 message  {Id=0fe77e7f-ccca-4bba-aebb-6e0da1e53b4b,FirstNumber=323,secondNumber=1294}  written to file by thread pool-3-thread-2
 message  {Id=3775a38b-f758-4b64-b0fe-e5b27f7c3099,FirstNumber=127,secondNumber=772}  added by thread pool-3-thread-6
 message  {Id=3775a38b-f758-4b64-b0fe-e5b27f7c3099,FirstNumber=127,secondNumber=772}  written to file by thread pool-3-thread-2
 message  {Id=5b5923af-6a83-4bea-9363-db00f78ad55c,FirstNumber=82,secondNumber=1957}  added by thread pool-3-thread-6
 message  {Id=5b5923af-6a83-4bea-9363-db00f78ad55c,FirstNumber=82,secondNumber=1957}  written to file by thread pool-3-thread-2
 message  {Id=1f580251-7dc1-4808-9998-c8406b21da47,FirstNumber=818,secondNumber=1042}  added by thread pool-3-thread-6
 message  {Id=1f580251-7dc1-4808-9998-c8406b21da47,FirstNumber=818,secondNumber=1042}  written to file by thread pool-3-thread-2
 message  {Id=5723b80b-1b2b-4d8e-85fd-78d798901586,FirstNumber=774,secondNumber=711}  added by thread pool-3-thread-6
 message  {Id=5723b80b-1b2b-4d8e-85fd-78d798901586,FirstNumber=774,secondNumber=711}  written to file by thread pool-3-thread-4
 message  {Id=900945a0-9ec6-48a7-b9ac-46f816f2d641,FirstNumber=505,secondNumber=1757}  added by thread pool-3-thread-6
 message  {Id=900945a0-9ec6-48a7-b9ac-46f816f2d641,FirstNumber=505,secondNumber=1757}  written to file by thread pool-3-thread-5
 message  {Id=bf09555e-25b6-473f-8e4d-7b4dd41a0e45,FirstNumber=424,secondNumber=597}  added by thread pool-3-thread-6
 message  {Id=bf09555e-25b6-473f-8e4d-7b4dd41a0e45,FirstNumber=424,secondNumber=597}  written to file by thread pool-3-thread-3
 message  {Id=f9f315cc-92c5-475e-a64f-ea4055317fc4,FirstNumber=191,secondNumber=1175}  added by thread pool-3-thread-6
 message  {Id=f9f315cc-92c5-475e-a64f-ea4055317fc4,FirstNumber=191,secondNumber=1175}  written to file by thread pool-3-thread-1
 message  {Id=5d5ebd56-3fde-4f2f-aac6-3a6d2a0352d4,FirstNumber=121,secondNumber=13}  added by thread pool-3-thread-6
 message  {Id=5d5ebd56-3fde-4f2f-aac6-3a6d2a0352d4,FirstNumber=121,secondNumber=13}  written to file by thread pool-3-thread-1
 message  {Id=425e6089-07ac-429a-bb2f-51636eb22971,FirstNumber=975,secondNumber=1727}  added by thread pool-3-thread-6
 message  {Id=425e6089-07ac-429a-bb2f-51636eb22971,FirstNumber=975,secondNumber=1727}  written to file by thread pool-3-thread-4
 message  {Id=9893aaf4-daeb-42e3-babc-1773936e599e,FirstNumber=370,secondNumber=26}  added by thread pool-3-thread-6
 message  {Id=9893aaf4-daeb-42e3-babc-1773936e599e,FirstNumber=370,secondNumber=26}  written to file by thread pool-3-thread-5
 message  {Id=e1b836b8-15b3-49f1-96f5-e73d3e38f1f5,FirstNumber=484,secondNumber=882}  added by thread pool-3-thread-6
 message  {Id=e1b836b8-15b3-49f1-96f5-e73d3e38f1f5,FirstNumber=484,secondNumber=882}  written to file by thread pool-3-thread-3
 message  {Id=c9cbe7da-2226-42f3-ba18-3d933e5851c9,FirstNumber=209,secondNumber=1190}  added by thread pool-3-thread-6
 message  {Id=c9cbe7da-2226-42f3-ba18-3d933e5851c9,FirstNumber=209,secondNumber=1190}  written to file by thread pool-3-thread-2
 message  {Id=f1556b21-72ca-46d1-bece-21d161238e6e,FirstNumber=253,secondNumber=241}  added by thread pool-3-thread-6
 message  {Id=f1556b21-72ca-46d1-bece-21d161238e6e,FirstNumber=253,secondNumber=241}  written to file by thread pool-3-thread-1
 message  {Id=b97c0abb-d184-4012-8d8a-0f90c73ba73e,FirstNumber=745,secondNumber=855}  added by thread pool-3-thread-6
 message  {Id=b97c0abb-d184-4012-8d8a-0f90c73ba73e,FirstNumber=745,secondNumber=855}  written to file by thread pool-3-thread-1
 message  {Id=dd72a00e-0c04-474d-9b18-f5b62a8cb813,FirstNumber=188,secondNumber=1093}  added by thread pool-3-thread-6
 message  {Id=dd72a00e-0c04-474d-9b18-f5b62a8cb813,FirstNumber=188,secondNumber=1093}  written to file by thread pool-3-thread-5
 message  {Id=bb78f2c0-c2db-4f85-a9f0-cc7b070cf280,FirstNumber=55,secondNumber=1023}  added by thread pool-3-thread-6
 message  {Id=bb78f2c0-c2db-4f85-a9f0-cc7b070cf280,FirstNumber=55,secondNumber=1023}  written to file by thread pool-3-thread-3
 message  {Id=aca7021a-8d08-4526-ab28-730fbed24c49,FirstNumber=842,secondNumber=1173}  added by thread pool-3-thread-6
 message  {Id=aca7021a-8d08-4526-ab28-730fbed24c49,FirstNumber=842,secondNumber=1173}  written to file by thread pool-3-thread-3
 message  {Id=d295b020-107f-4b21-afc1-e9cde6ac6dbe,FirstNumber=875,secondNumber=1002}  added by thread pool-3-thread-6
 message  {Id=d295b020-107f-4b21-afc1-e9cde6ac6dbe,FirstNumber=875,secondNumber=1002}  written to file by thread pool-3-thread-3
 message  {Id=ff3639c6-3621-4e45-8ffe-d032d10107cf,FirstNumber=793,secondNumber=809}  added by thread pool-3-thread-6
 message  {Id=ff3639c6-3621-4e45-8ffe-d032d10107cf,FirstNumber=793,secondNumber=809}  written to file by thread pool-3-thread-3
 message  {Id=1a51d22f-7d52-403d-b488-64ffdcbbb645,FirstNumber=189,secondNumber=1183}  added by thread pool-3-thread-6
 message  {Id=1a51d22f-7d52-403d-b488-64ffdcbbb645,FirstNumber=189,secondNumber=1183}  written to file by thread pool-3-thread-5
 message  {Id=402cf2de-6d7f-4f5a-848f-5c1b162beda7,FirstNumber=411,secondNumber=1007}  added by thread pool-3-thread-6
 message  {Id=402cf2de-6d7f-4f5a-848f-5c1b162beda7,FirstNumber=411,secondNumber=1007}  written to file by thread pool-3-thread-5
 message  {Id=bbe4e445-9277-4139-8608-916108123289,FirstNumber=949,secondNumber=1093}  added by thread pool-3-thread-6
 message  {Id=bbe4e445-9277-4139-8608-916108123289,FirstNumber=949,secondNumber=1093}  written to file by thread pool-3-thread-5
 message  {Id=1bfefebf-c55b-4495-b733-f7ac3468362b,FirstNumber=709,secondNumber=1491}  added by thread pool-3-thread-6
 message  {Id=1bfefebf-c55b-4495-b733-f7ac3468362b,FirstNumber=709,secondNumber=1491}  written to file by thread pool-3-thread-1
 message  {Id=3ea7d1f4-827d-4bf1-9e16-e0914b1d953e,FirstNumber=788,secondNumber=224}  added by thread pool-3-thread-6
 message  {Id=3ea7d1f4-827d-4bf1-9e16-e0914b1d953e,FirstNumber=788,secondNumber=224}  written to file by thread pool-3-thread-1
 message  {Id=bd650a46-98a7-4b45-9cb8-8d66a89fedf2,FirstNumber=798,secondNumber=1572}  added by thread pool-3-thread-6
 message  {Id=bd650a46-98a7-4b45-9cb8-8d66a89fedf2,FirstNumber=798,secondNumber=1572}  written to file by thread pool-3-thread-2
 message  {Id=76dd244a-3dff-4ee7-a29f-3f05722b3ce2,FirstNumber=458,secondNumber=1269}  added by thread pool-3-thread-6
 message  {Id=76dd244a-3dff-4ee7-a29f-3f05722b3ce2,FirstNumber=458,secondNumber=1269}  written to file by thread pool-3-thread-4
 message  {Id=29e05511-75aa-43c4-b6c2-92e042fa9bad,FirstNumber=678,secondNumber=1840}  added by thread pool-3-thread-6
 message  {Id=29e05511-75aa-43c4-b6c2-92e042fa9bad,FirstNumber=678,secondNumber=1840}  written to file by thread pool-3-thread-5
 message  {Id=9c71ad3c-dc33-470f-9cda-81f5f0d553fb,FirstNumber=778,secondNumber=1951}  added by thread pool-3-thread-6
 message  {Id=9c71ad3c-dc33-470f-9cda-81f5f0d553fb,FirstNumber=778,secondNumber=1951}  written to file by thread pool-3-thread-5
 message  {Id=824b585f-0eb4-4a82-a629-aa6b91ff43fc,FirstNumber=387,secondNumber=202}  added by thread pool-3-thread-6
 message  {Id=824b585f-0eb4-4a82-a629-aa6b91ff43fc,FirstNumber=387,secondNumber=202}  written to file by thread pool-3-thread-5
 message  {Id=7a326d56-62a0-4332-a1b3-28eb1047928e,FirstNumber=223,secondNumber=514}  added by thread pool-3-thread-6
 message  {Id=7a326d56-62a0-4332-a1b3-28eb1047928e,FirstNumber=223,secondNumber=514}  written to file by thread pool-3-thread-2
 message  {Id=e2e5ad84-2257-4d86-82eb-8f9ab7a60b35,FirstNumber=26,secondNumber=373}  added by thread pool-3-thread-6
 message  {Id=e2e5ad84-2257-4d86-82eb-8f9ab7a60b35,FirstNumber=26,secondNumber=373}  written to file by thread pool-3-thread-2
 message  {Id=665ab6c5-7df3-46e2-98e9-bcbe34c16d31,FirstNumber=333,secondNumber=1055}  added by thread pool-3-thread-6
 message  {Id=665ab6c5-7df3-46e2-98e9-bcbe34c16d31,FirstNumber=333,secondNumber=1055}  written to file by thread pool-3-thread-3
 message  {Id=a28c35fb-6297-4d2d-8d71-f8ec40ae7d15,FirstNumber=717,secondNumber=1616}  added by thread pool-3-thread-6
 message  {Id=a28c35fb-6297-4d2d-8d71-f8ec40ae7d15,FirstNumber=717,secondNumber=1616}  written to file by thread pool-3-thread-3
 message  {Id=34af5dbd-6a86-44e4-9369-491df56a98c5,FirstNumber=744,secondNumber=1350}  added by thread pool-3-thread-6
 message  {Id=34af5dbd-6a86-44e4-9369-491df56a98c5,FirstNumber=744,secondNumber=1350}  written to file by thread pool-3-thread-3
 message  {Id=6d09442b-0dfb-40fe-a076-d22272ff93e2,FirstNumber=91,secondNumber=226}  added by thread pool-3-thread-6
 message  {Id=6d09442b-0dfb-40fe-a076-d22272ff93e2,FirstNumber=91,secondNumber=226}  written to file by thread pool-3-thread-4
 message  {Id=9b2c7c98-a437-4c5b-84dd-aa345a1954b8,FirstNumber=635,secondNumber=1013}  added by thread pool-3-thread-6
 message  {Id=9b2c7c98-a437-4c5b-84dd-aa345a1954b8,FirstNumber=635,secondNumber=1013}  written to file by thread pool-3-thread-4
 message  {Id=f4da97f9-32a7-4d44-8fec-91b9f402237d,FirstNumber=578,secondNumber=455}  added by thread pool-3-thread-6
 message  {Id=f4da97f9-32a7-4d44-8fec-91b9f402237d,FirstNumber=578,secondNumber=455}  written to file by thread pool-3-thread-4
 message  {Id=d3a54cab-1232-4846-a096-d1131c2ca679,FirstNumber=925,secondNumber=933}  added by thread pool-3-thread-6
 message  {Id=d3a54cab-1232-4846-a096-d1131c2ca679,FirstNumber=925,secondNumber=933}  written to file by thread pool-3-thread-5
 message  {Id=4fb1f98d-544d-4e94-a410-8be6e2677413,FirstNumber=508,secondNumber=356}  added by thread pool-3-thread-6
 message  {Id=4fb1f98d-544d-4e94-a410-8be6e2677413,FirstNumber=508,secondNumber=356}  written to file by thread pool-3-thread-5
 message  {Id=a60e80d8-f7ac-4dd4-b02d-f196842d044e,FirstNumber=515,secondNumber=619}  added by thread pool-3-thread-6
 message  {Id=a60e80d8-f7ac-4dd4-b02d-f196842d044e,FirstNumber=515,secondNumber=619}  written to file by thread pool-3-thread-5
 message  {Id=4d56ed3f-1f1d-4eab-87ad-4484bcee41a4,FirstNumber=992,secondNumber=316}  added by thread pool-3-thread-6
 message  {Id=4d56ed3f-1f1d-4eab-87ad-4484bcee41a4,FirstNumber=992,secondNumber=316}  written to file by thread pool-3-thread-5
 message  {Id=7f59ac3b-da75-4ced-a6ff-9cd202a5b25f,FirstNumber=770,secondNumber=172}  added by thread pool-3-thread-6
 message  {Id=8948ce41-d57e-405d-8e7b-b9d1ceb15ea0,FirstNumber=767,secondNumber=1810}  added by thread pool-3-thread-6
 message  {Id=7f59ac3b-da75-4ced-a6ff-9cd202a5b25f,FirstNumber=770,secondNumber=172}  written to file by thread pool-3-thread-4
 message  {Id=8948ce41-d57e-405d-8e7b-b9d1ceb15ea0,FirstNumber=767,secondNumber=1810}  written to file by thread pool-3-thread-3
 message  {Id=37dbf2d6-e980-4a9b-a5aa-1ff70bf12438,FirstNumber=606,secondNumber=1826}  added by thread pool-3-thread-6
 message  {Id=37dbf2d6-e980-4a9b-a5aa-1ff70bf12438,FirstNumber=606,secondNumber=1826}  written to file by thread pool-3-thread-3
 message  {Id=5f19cb77-7e35-4793-9800-d4cc09b2a99f,FirstNumber=818,secondNumber=1250}  added by thread pool-3-thread-6
 message  {Id=5f19cb77-7e35-4793-9800-d4cc09b2a99f,FirstNumber=818,secondNumber=1250}  written to file by thread pool-3-thread-1
 message  {Id=add387b8-505c-467f-a56d-0fe464277465,FirstNumber=642,secondNumber=380}  added by thread pool-3-thread-6
 message  {Id=add387b8-505c-467f-a56d-0fe464277465,FirstNumber=642,secondNumber=380}  written to file by thread pool-3-thread-1
 message  {Id=3ee13ab0-a531-476d-8bed-fa0f6bbf310c,FirstNumber=544,secondNumber=1887}  added by thread pool-3-thread-6
 message  {Id=3ee13ab0-a531-476d-8bed-fa0f6bbf310c,FirstNumber=544,secondNumber=1887}  written to file by thread pool-3-thread-1
 message  {Id=629f8635-3873-482f-bc5c-01bef148d796,FirstNumber=629,secondNumber=1446}  added by thread pool-3-thread-6
 message  {Id=629f8635-3873-482f-bc5c-01bef148d796,FirstNumber=629,secondNumber=1446}  written to file by thread pool-3-thread-1
 message  {Id=93f41a01-6e4c-4908-82e5-d3271f11f2be,FirstNumber=420,secondNumber=280}  added by thread pool-3-thread-6
 message  {Id=93f41a01-6e4c-4908-82e5-d3271f11f2be,FirstNumber=420,secondNumber=280}  written to file by thread pool-3-thread-3
 message  {Id=a5a690f5-c40f-4445-afae-9507fa681340,FirstNumber=676,secondNumber=592}  added by thread pool-3-thread-6
 message  {Id=a5a690f5-c40f-4445-afae-9507fa681340,FirstNumber=676,secondNumber=592}  written to file by thread pool-3-thread-3
 message  {Id=a8af60d9-0bb7-4fba-952d-8755ab2402c8,FirstNumber=411,secondNumber=1722}  added by thread pool-3-thread-6
 message  {Id=a8af60d9-0bb7-4fba-952d-8755ab2402c8,FirstNumber=411,secondNumber=1722}  written to file by thread pool-3-thread-3
 message  {Id=8778eb1c-531f-4842-9334-a5d164efdb83,FirstNumber=324,secondNumber=1823}  added by thread pool-3-thread-6
 message  {Id=8778eb1c-531f-4842-9334-a5d164efdb83,FirstNumber=324,secondNumber=1823}  written to file by thread pool-3-thread-2
 message  {Id=9ec3c0ad-f17f-4b96-ac86-700079378dee,FirstNumber=475,secondNumber=1082}  added by thread pool-3-thread-6
 message  {Id=9ec3c0ad-f17f-4b96-ac86-700079378dee,FirstNumber=475,secondNumber=1082}  written to file by thread pool-3-thread-1
 message  {Id=d319d586-1bf7-4c9b-91d3-dc5acd955df5,FirstNumber=147,secondNumber=963}  added by thread pool-3-thread-6
 message  {Id=d319d586-1bf7-4c9b-91d3-dc5acd955df5,FirstNumber=147,secondNumber=963}  written to file by thread pool-3-thread-5
 message  {Id=336c7aef-c54b-42ef-904c-b79a576f6965,FirstNumber=250,secondNumber=794}  added by thread pool-3-thread-6
 message  {Id=336c7aef-c54b-42ef-904c-b79a576f6965,FirstNumber=250,secondNumber=794}  written to file by thread pool-3-thread-4
 message  {Id=7ce2ebcb-b61f-4d99-99d8-6a364330c6ea,FirstNumber=105,secondNumber=1460}  added by thread pool-3-thread-6
 message  {Id=7ce2ebcb-b61f-4d99-99d8-6a364330c6ea,FirstNumber=105,secondNumber=1460}  written to file by thread pool-3-thread-3
 message  {Id=65d21856-6a20-4586-9efb-327754eae19d,FirstNumber=402,secondNumber=780}  added by thread pool-3-thread-6
 message  {Id=65d21856-6a20-4586-9efb-327754eae19d,FirstNumber=402,secondNumber=780}  written to file by thread pool-3-thread-3
 message  {Id=5472cd2e-5daa-4d78-82de-ca70ec4107d1,FirstNumber=483,secondNumber=342}  added by thread pool-3-thread-6
 message  {Id=5472cd2e-5daa-4d78-82de-ca70ec4107d1,FirstNumber=483,secondNumber=342}  written to file by thread pool-3-thread-3
 message  {Id=2cfc08b6-2c6e-4c26-ac00-40961516544d,FirstNumber=798,secondNumber=289}  added by thread pool-3-thread-6
 message  {Id=2cfc08b6-2c6e-4c26-ac00-40961516544d,FirstNumber=798,secondNumber=289}  written to file by thread pool-3-thread-3
 message  {Id=2e58c91d-1f24-4f39-ba44-22f7f3a97480,FirstNumber=500,secondNumber=160}  added by thread pool-3-thread-6
 message  {Id=2e58c91d-1f24-4f39-ba44-22f7f3a97480,FirstNumber=500,secondNumber=160}  written to file by thread pool-3-thread-3
 message  {Id=c84f871f-0979-463c-88e4-0d731a3a5a5a,FirstNumber=501,secondNumber=701}  added by thread pool-3-thread-6
 message  {Id=c84f871f-0979-463c-88e4-0d731a3a5a5a,FirstNumber=501,secondNumber=701}  written to file by thread pool-3-thread-2
 message  {Id=99acf75a-94d1-451c-85c3-698113fc7775,FirstNumber=973,secondNumber=1719}  added by thread pool-3-thread-6
 message  {Id=99acf75a-94d1-451c-85c3-698113fc7775,FirstNumber=973,secondNumber=1719}  written to file by thread pool-3-thread-2
 message  {Id=3d4d3041-8bd3-46fb-9bf9-421b60032dea,FirstNumber=648,secondNumber=1968}  added by thread pool-3-thread-6
 message  {Id=3d4d3041-8bd3-46fb-9bf9-421b60032dea,FirstNumber=648,secondNumber=1968}  written to file by thread pool-3-thread-5
 message  {Id=cd5b3e8c-92f4-49e3-a815-b5f3576e5523,FirstNumber=165,secondNumber=768}  added by thread pool-3-thread-6
 message  {Id=cd5b3e8c-92f4-49e3-a815-b5f3576e5523,FirstNumber=165,secondNumber=768}  written to file by thread pool-3-thread-4
 message  {Id=addf891d-d3fd-452a-b305-8f9e757d3ab9,FirstNumber=300,secondNumber=1301}  added by thread pool-3-thread-6
 message  {Id=addf891d-d3fd-452a-b305-8f9e757d3ab9,FirstNumber=300,secondNumber=1301}  written to file by thread pool-3-thread-4
 message  {Id=bbe0b35e-51cf-41a5-a0bc-05b14a9e0193,FirstNumber=116,secondNumber=1251}  added by thread pool-3-thread-6
 message  {Id=bbe0b35e-51cf-41a5-a0bc-05b14a9e0193,FirstNumber=116,secondNumber=1251}  written to file by thread pool-3-thread-1
 message  {Id=0a1615cb-f779-416a-8354-e8325ba46834,FirstNumber=844,secondNumber=903}  added by thread pool-3-thread-6
 message  {Id=0a1615cb-f779-416a-8354-e8325ba46834,FirstNumber=844,secondNumber=903}  written to file by thread pool-3-thread-2
 message  {Id=8fcfef8e-1b6c-4fc6-a86a-b394e65c32f2,FirstNumber=941,secondNumber=1975}  added by thread pool-3-thread-6
 message  {Id=8fcfef8e-1b6c-4fc6-a86a-b394e65c32f2,FirstNumber=941,secondNumber=1975}  written to file by thread pool-3-thread-2
 message  {Id=11d1b847-5df5-4cc8-9eeb-6dd8e6838801,FirstNumber=73,secondNumber=213}  added by thread pool-3-thread-6
 message  {Id=11d1b847-5df5-4cc8-9eeb-6dd8e6838801,FirstNumber=73,secondNumber=213}  written to file by thread pool-3-thread-3
 message  {Id=016db69d-386c-4983-9c20-6a7473b8c108,FirstNumber=671,secondNumber=615}  added by thread pool-3-thread-6
 message  {Id=016db69d-386c-4983-9c20-6a7473b8c108,FirstNumber=671,secondNumber=615}  written to file by thread pool-3-thread-3
 message  {Id=52056480-757f-43f4-9126-2f4f2e94c9b3,FirstNumber=769,secondNumber=407}  added by thread pool-3-thread-6
 message  {Id=52056480-757f-43f4-9126-2f4f2e94c9b3,FirstNumber=769,secondNumber=407}  written to file by thread pool-3-thread-1
 message  {Id=958e3aaf-bdd9-46ed-a9a3-e44a45dfb22d,FirstNumber=250,secondNumber=1618}  added by thread pool-3-thread-6
 message  {Id=958e3aaf-bdd9-46ed-a9a3-e44a45dfb22d,FirstNumber=250,secondNumber=1618}  written to file by thread pool-3-thread-5
 message  {Id=3fa44e59-46f0-43f7-b0a5-e4716494aff3,FirstNumber=116,secondNumber=311}  added by thread pool-3-thread-6
 message  {Id=3fa44e59-46f0-43f7-b0a5-e4716494aff3,FirstNumber=116,secondNumber=311}  written to file by thread pool-3-thread-5
 message  {Id=66020612-cd11-4c23-941c-17327470879d,FirstNumber=285,secondNumber=1746}  added by thread pool-3-thread-6
 message  {Id=66020612-cd11-4c23-941c-17327470879d,FirstNumber=285,secondNumber=1746}  written to file by thread pool-3-thread-4
 message  {Id=807554dd-2e87-4289-9767-387120a9a2a9,FirstNumber=939,secondNumber=241}  added by thread pool-3-thread-6
 message  {Id=807554dd-2e87-4289-9767-387120a9a2a9,FirstNumber=939,secondNumber=241}  written to file by thread pool-3-thread-3
 message  {Id=2431eea7-9504-42ad-816e-f2d6fdef9c5a,FirstNumber=240,secondNumber=975}  added by thread pool-3-thread-6
 message  {Id=2431eea7-9504-42ad-816e-f2d6fdef9c5a,FirstNumber=240,secondNumber=975}  written to file by thread pool-3-thread-1
 message  {Id=15f97d48-ee89-48f7-a6b5-9312cdad6774,FirstNumber=760,secondNumber=158}  added by thread pool-3-thread-6
 message  {Id=15f97d48-ee89-48f7-a6b5-9312cdad6774,FirstNumber=760,secondNumber=158}  written to file by thread pool-3-thread-1
 message  {Id=cea4a3d1-8cf0-42fa-b8cb-ca490b752e65,FirstNumber=282,secondNumber=1166}  added by thread pool-3-thread-6
 message  {Id=cea4a3d1-8cf0-42fa-b8cb-ca490b752e65,FirstNumber=282,secondNumber=1166}  written to file by thread pool-3-thread-1
 message  {Id=dc72db2a-a75a-437c-aebd-8865268ebf79,FirstNumber=265,secondNumber=1689}  added by thread pool-3-thread-6
 message  {Id=dc72db2a-a75a-437c-aebd-8865268ebf79,FirstNumber=265,secondNumber=1689}  written to file by thread pool-3-thread-4
 message  {Id=d4c274f8-1872-4b9c-9d29-3b53616d15d6,FirstNumber=227,secondNumber=424}  added by thread pool-3-thread-6
 message  {Id=d4c274f8-1872-4b9c-9d29-3b53616d15d6,FirstNumber=227,secondNumber=424}  written to file by thread pool-3-thread-3
 message  {Id=a8b0e912-0cdd-4589-a227-0ad4670b839f,FirstNumber=649,secondNumber=1268}  added by thread pool-3-thread-6
 message  {Id=a8b0e912-0cdd-4589-a227-0ad4670b839f,FirstNumber=649,secondNumber=1268}  written to file by thread pool-3-thread-3
 message  {Id=4ee6c2f0-938b-49d6-a639-52c7b3fefb0e,FirstNumber=683,secondNumber=819}  added by thread pool-3-thread-6
 message  {Id=4ee6c2f0-938b-49d6-a639-52c7b3fefb0e,FirstNumber=683,secondNumber=819}  written to file by thread pool-3-thread-5
 message  {Id=b111f962-16fa-4d67-82e2-c6eb6e68b944,FirstNumber=145,secondNumber=1652}  added by thread pool-3-thread-6
 message  {Id=b111f962-16fa-4d67-82e2-c6eb6e68b944,FirstNumber=145,secondNumber=1652}  written to file by thread pool-3-thread-1
 message  {Id=8c21b049-87fd-425b-b5ff-8377a3ed4845,FirstNumber=985,secondNumber=623}  added by thread pool-3-thread-6
 message  {Id=8c21b049-87fd-425b-b5ff-8377a3ed4845,FirstNumber=985,secondNumber=623}  written to file by thread pool-3-thread-1
 message  {Id=0fcce8b3-6fd1-445d-b709-55753fe1f3b6,FirstNumber=136,secondNumber=1453}  added by thread pool-3-thread-6
 message  {Id=0fcce8b3-6fd1-445d-b709-55753fe1f3b6,FirstNumber=136,secondNumber=1453}  written to file by thread pool-3-thread-2
 message  {Id=27f82d6d-cec1-4b66-b573-5ba091539752,FirstNumber=123,secondNumber=950}  added by thread pool-3-thread-6
 message  {Id=27f82d6d-cec1-4b66-b573-5ba091539752,FirstNumber=123,secondNumber=950}  written to file by thread pool-3-thread-2
 message  {Id=bbf9622f-8780-4cbe-b4df-14e89779c613,FirstNumber=238,secondNumber=951}  added by thread pool-3-thread-6
 message  {Id=bbf9622f-8780-4cbe-b4df-14e89779c613,FirstNumber=238,secondNumber=951}  written to file by thread pool-3-thread-5
 message  {Id=41d9a01d-7606-494a-a6b1-7fb4f807c552,FirstNumber=245,secondNumber=1392}  added by thread pool-3-thread-6
 message  {Id=41d9a01d-7606-494a-a6b1-7fb4f807c552,FirstNumber=245,secondNumber=1392}  written to file by thread pool-3-thread-5
 message  {Id=6719f400-927d-42e9-ad25-dea91cd4c38e,FirstNumber=891,secondNumber=1507}  added by thread pool-3-thread-6
 message  {Id=6719f400-927d-42e9-ad25-dea91cd4c38e,FirstNumber=891,secondNumber=1507}  written to file by thread pool-3-thread-1
 message  {Id=d925fb1c-7033-4bc4-bb77-fe26a1adb97f,FirstNumber=567,secondNumber=943}  added by thread pool-3-thread-6
 message  {Id=d925fb1c-7033-4bc4-bb77-fe26a1adb97f,FirstNumber=567,secondNumber=943}  written to file by thread pool-3-thread-1
 message  {Id=b7652c22-bb10-4a75-bcfb-cdaa5c2d77ba,FirstNumber=150,secondNumber=406}  added by thread pool-3-thread-6
 message  {Id=b7652c22-bb10-4a75-bcfb-cdaa5c2d77ba,FirstNumber=150,secondNumber=406}  written to file by thread pool-3-thread-2
 message  {Id=8fb0754b-8307-49b0-9120-7ba328ab9786,FirstNumber=196,secondNumber=630}  added by thread pool-3-thread-6
 message  {Id=8fb0754b-8307-49b0-9120-7ba328ab9786,FirstNumber=196,secondNumber=630}  written to file by thread pool-3-thread-4
 message  {Id=482d73c3-1090-4e81-a285-a3c1b4f543b3,FirstNumber=561,secondNumber=155}  added by thread pool-3-thread-6
 message  {Id=482d73c3-1090-4e81-a285-a3c1b4f543b3,FirstNumber=561,secondNumber=155}  written to file by thread pool-3-thread-5
 message  {Id=76ceb486-ffef-4c91-86bd-8a7975e1f100,FirstNumber=420,secondNumber=296}  added by thread pool-3-thread-6
 message  {Id=76ceb486-ffef-4c91-86bd-8a7975e1f100,FirstNumber=420,secondNumber=296}  written to file by thread pool-3-thread-3
 message  {Id=6698321e-6e36-45f1-bef8-b839c7f1b947,FirstNumber=960,secondNumber=909}  added by thread pool-3-thread-6
 message  {Id=6698321e-6e36-45f1-bef8-b839c7f1b947,FirstNumber=960,secondNumber=909}  written to file by thread pool-3-thread-3
 message  {Id=cbde5617-b058-4ee7-954f-76ed91d3c9e2,FirstNumber=831,secondNumber=1767}  added by thread pool-3-thread-6
 message  {Id=cbde5617-b058-4ee7-954f-76ed91d3c9e2,FirstNumber=831,secondNumber=1767}  written to file by thread pool-3-thread-2
 message  {Id=4c046bb1-0b63-4adb-988b-185ee2e5c58f,FirstNumber=973,secondNumber=165}  added by thread pool-3-thread-6
 message  {Id=4c046bb1-0b63-4adb-988b-185ee2e5c58f,FirstNumber=973,secondNumber=165}  written to file by thread pool-3-thread-2
 message  {Id=f4940b44-fd86-41f2-a6bd-fe80460309bb,FirstNumber=88,secondNumber=236}  added by thread pool-3-thread-6
 message  {Id=f4940b44-fd86-41f2-a6bd-fe80460309bb,FirstNumber=88,secondNumber=236}  written to file by thread pool-3-thread-5
 message  {Id=57ce53a0-9636-459e-8a21-4ea41cbd2aad,FirstNumber=774,secondNumber=1086}  added by thread pool-3-thread-6
 message  {Id=57ce53a0-9636-459e-8a21-4ea41cbd2aad,FirstNumber=774,secondNumber=1086}  written to file by thread pool-3-thread-5
 message  {Id=6279a49c-b4c3-4ec5-950d-1df3e1858319,FirstNumber=234,secondNumber=28}  added by thread pool-3-thread-6
 message  {Id=6279a49c-b4c3-4ec5-950d-1df3e1858319,FirstNumber=234,secondNumber=28}  written to file by thread pool-3-thread-3
 message  {Id=fb92586c-dad7-4329-b8cb-19dfaeb12192,FirstNumber=475,secondNumber=1344}  added by thread pool-3-thread-6
 message  {Id=fb92586c-dad7-4329-b8cb-19dfaeb12192,FirstNumber=475,secondNumber=1344}  written to file by thread pool-3-thread-4
 message  {Id=b8b18d6e-163c-4677-b06a-a5425894440e,FirstNumber=149,secondNumber=1262}  added by thread pool-3-thread-6
 message  {Id=b8b18d6e-163c-4677-b06a-a5425894440e,FirstNumber=149,secondNumber=1262}  written to file by thread pool-3-thread-4
 message  {Id=9f2dd051-8465-4589-8659-cb7766a1d946,FirstNumber=425,secondNumber=970}  added by thread pool-3-thread-6
 message  {Id=9f2dd051-8465-4589-8659-cb7766a1d946,FirstNumber=425,secondNumber=970}  written to file by thread pool-3-thread-1
 message  {Id=2e4c2286-d48a-484f-b749-552f2c8709b0,FirstNumber=286,secondNumber=1418}  added by thread pool-3-thread-6
 message  {Id=2e4c2286-d48a-484f-b749-552f2c8709b0,FirstNumber=286,secondNumber=1418}  written to file by thread pool-3-thread-1
 message  {Id=ffb8d61c-908e-44f5-9c9a-247aeb89d061,FirstNumber=350,secondNumber=1167}  added by thread pool-3-thread-6
 message  {Id=ffb8d61c-908e-44f5-9c9a-247aeb89d061,FirstNumber=350,secondNumber=1167}  written to file by thread pool-3-thread-3
 message  {Id=c6add92a-06cf-4236-9c08-623235cdef2d,FirstNumber=382,secondNumber=1931}  added by thread pool-3-thread-6
 message  {Id=c6add92a-06cf-4236-9c08-623235cdef2d,FirstNumber=382,secondNumber=1931}  written to file by thread pool-3-thread-3
 message  {Id=6826cc25-f7f3-4548-92cf-b7fd64fc4186,FirstNumber=467,secondNumber=430}  added by thread pool-3-thread-6
 message  {Id=6826cc25-f7f3-4548-92cf-b7fd64fc4186,FirstNumber=467,secondNumber=430}  written to file by thread pool-3-thread-4
 message  {Id=62486d32-3600-4f4a-91c7-af3864ed675b,FirstNumber=836,secondNumber=1384}  added by thread pool-3-thread-6
 message  {Id=62486d32-3600-4f4a-91c7-af3864ed675b,FirstNumber=836,secondNumber=1384}  written to file by thread pool-3-thread-4
 message  {Id=91c96b85-e3b5-42d5-b159-bdff71582fa3,FirstNumber=718,secondNumber=139}  added by thread pool-3-thread-6
 message  {Id=91c96b85-e3b5-42d5-b159-bdff71582fa3,FirstNumber=718,secondNumber=139}  written to file by thread pool-3-thread-1
 message  {Id=226f2c8e-d82e-4ce3-8edd-d13f5753853b,FirstNumber=936,secondNumber=1194}  added by thread pool-3-thread-6
 message  {Id=226f2c8e-d82e-4ce3-8edd-d13f5753853b,FirstNumber=936,secondNumber=1194}  written to file by thread pool-3-thread-2
 message  {Id=43dde122-b56c-4ec5-84bb-15a3f1761997,FirstNumber=880,secondNumber=1999}  added by thread pool-3-thread-6
 message  {Id=43dde122-b56c-4ec5-84bb-15a3f1761997,FirstNumber=880,secondNumber=1999}  written to file by thread pool-3-thread-2
 message  {Id=2e7b7450-5436-4325-b11f-353bbf60d3f1,FirstNumber=560,secondNumber=1761}  added by thread pool-3-thread-6
 message  {Id=2e7b7450-5436-4325-b11f-353bbf60d3f1,FirstNumber=560,secondNumber=1761}  written to file by thread pool-3-thread-5
 message  {Id=cad2996b-b235-4ee3-9cbf-b45a6397b6a2,FirstNumber=201,secondNumber=1296}  added by thread pool-3-thread-6
 message  {Id=cad2996b-b235-4ee3-9cbf-b45a6397b6a2,FirstNumber=201,secondNumber=1296}  written to file by thread pool-3-thread-4
 message  {Id=4645fc2b-0cee-4b22-86db-284924d8659e,FirstNumber=316,secondNumber=36}  added by thread pool-3-thread-6
 message  {Id=4645fc2b-0cee-4b22-86db-284924d8659e,FirstNumber=316,secondNumber=36}  written to file by thread pool-3-thread-1
 message  {Id=e17fae89-602c-4f81-8377-c4692e43d711,FirstNumber=993,secondNumber=14}  added by thread pool-3-thread-6
 message  {Id=e17fae89-602c-4f81-8377-c4692e43d711,FirstNumber=993,secondNumber=14}  written to file by thread pool-3-thread-1
 message  {Id=f49b59e2-ccda-471f-b4a8-d2b20064a795,FirstNumber=644,secondNumber=1865}  added by thread pool-3-thread-6
 message  {Id=f49b59e2-ccda-471f-b4a8-d2b20064a795,FirstNumber=644,secondNumber=1865}  written to file by thread pool-3-thread-2
 message  {Id=c4069e77-8bb9-4cd1-8174-9e6efbeda05c,FirstNumber=521,secondNumber=1359}  added by thread pool-3-thread-6
 message  {Id=c4069e77-8bb9-4cd1-8174-9e6efbeda05c,FirstNumber=521,secondNumber=1359}  written to file by thread pool-3-thread-2
 message  {Id=039c5df5-08e3-40f2-9c02-675a4fc3e115,FirstNumber=373,secondNumber=1181}  added by thread pool-3-thread-6
 message  {Id=039c5df5-08e3-40f2-9c02-675a4fc3e115,FirstNumber=373,secondNumber=1181}  written to file by thread pool-3-thread-2
 message  {Id=36778e65-0345-417a-b52a-b843a62f4b72,FirstNumber=26,secondNumber=1516}  added by thread pool-3-thread-6
 message  {Id=36778e65-0345-417a-b52a-b843a62f4b72,FirstNumber=26,secondNumber=1516}  written to file by thread pool-3-thread-3
 message  {Id=67e7d2e1-b317-41e3-a571-3bd18f0ee909,FirstNumber=419,secondNumber=799}  added by thread pool-3-thread-6
 message  {Id=67e7d2e1-b317-41e3-a571-3bd18f0ee909,FirstNumber=419,secondNumber=799}  written to file by thread pool-3-thread-3
 message  {Id=9c9d730b-8cc8-4edb-992d-cb8117a94c9d,FirstNumber=203,secondNumber=1176}  added by thread pool-3-thread-6
 message  {Id=9c9d730b-8cc8-4edb-992d-cb8117a94c9d,FirstNumber=203,secondNumber=1176}  written to file by thread pool-3-thread-3
 message  {Id=7c1a36ac-98cc-4db4-8e0f-37fa22d6de64,FirstNumber=537,secondNumber=1791}  added by thread pool-3-thread-6
 message  {Id=7c1a36ac-98cc-4db4-8e0f-37fa22d6de64,FirstNumber=537,secondNumber=1791}  written to file by thread pool-3-thread-4
 message  {Id=9a615067-5230-42be-aca8-50875f3bc257,FirstNumber=184,secondNumber=1451}  added by thread pool-3-thread-6
 message  {Id=9a615067-5230-42be-aca8-50875f3bc257,FirstNumber=184,secondNumber=1451}  written to file by thread pool-3-thread-2
 message  {Id=31e6c24f-51a2-47bb-8dca-5ede95e899b5,FirstNumber=361,secondNumber=267}  added by thread pool-3-thread-6
 message  {Id=31e6c24f-51a2-47bb-8dca-5ede95e899b5,FirstNumber=361,secondNumber=267}  written to file by thread pool-3-thread-2
 message  {Id=d37fb538-c627-479b-9277-a389db6c30c3,FirstNumber=969,secondNumber=291}  added by thread pool-3-thread-6
 message  {Id=d37fb538-c627-479b-9277-a389db6c30c3,FirstNumber=969,secondNumber=291}  written to file by thread pool-3-thread-5
 message  {Id=414fed58-785f-4052-8e1b-69926980fd97,FirstNumber=705,secondNumber=1972}  added by thread pool-3-thread-6
 message  {Id=414fed58-785f-4052-8e1b-69926980fd97,FirstNumber=705,secondNumber=1972}  written to file by thread pool-3-thread-3
 message  {Id=3a8bcf05-a47c-4994-8e30-0477189af98b,FirstNumber=945,secondNumber=961}  added by thread pool-3-thread-6
 message  {Id=3a8bcf05-a47c-4994-8e30-0477189af98b,FirstNumber=945,secondNumber=961}  written to file by thread pool-3-thread-3
 message  {Id=452f6d05-b6c0-4734-afd3-be131023d7a2,FirstNumber=258,secondNumber=617}  added by thread pool-3-thread-6
 message  {Id=452f6d05-b6c0-4734-afd3-be131023d7a2,FirstNumber=258,secondNumber=617}  written to file by thread pool-3-thread-1
 message  {Id=aa6b1403-37bf-474d-8672-4d2c31e2ae74,FirstNumber=80,secondNumber=879}  added by thread pool-3-thread-6
 message  {Id=aa6b1403-37bf-474d-8672-4d2c31e2ae74,FirstNumber=80,secondNumber=879}  written to file by thread pool-3-thread-2
 message  {Id=34f52b7a-9f91-486d-9102-2f12efe0c861,FirstNumber=821,secondNumber=911}  added by thread pool-3-thread-6
 message  {Id=34f52b7a-9f91-486d-9102-2f12efe0c861,FirstNumber=821,secondNumber=911}  written to file by thread pool-3-thread-5
 message  {Id=2fd32253-7dea-4fca-acec-f05a2e70799a,FirstNumber=595,secondNumber=709}  added by thread pool-3-thread-6
 message  {Id=2fd32253-7dea-4fca-acec-f05a2e70799a,FirstNumber=595,secondNumber=709}  written to file by thread pool-3-thread-5
 message  {Id=44948b85-5985-4338-b207-012e94a44caa,FirstNumber=744,secondNumber=1447}  added by thread pool-3-thread-6
 message  {Id=44948b85-5985-4338-b207-012e94a44caa,FirstNumber=744,secondNumber=1447}  written to file by thread pool-3-thread-3
 message  {Id=8248732e-541d-4697-a6ae-649a4d68ec5a,FirstNumber=133,secondNumber=1182}  added by thread pool-3-thread-6
 message  {Id=8248732e-541d-4697-a6ae-649a4d68ec5a,FirstNumber=133,secondNumber=1182}  written to file by thread pool-3-thread-1
 message  {Id=bc6342f1-e090-444a-9cf5-779073267783,FirstNumber=935,secondNumber=473}  added by thread pool-3-thread-6
 message  {Id=bc6342f1-e090-444a-9cf5-779073267783,FirstNumber=935,secondNumber=473}  written to file by thread pool-3-thread-1
 message  {Id=437fbaae-985f-4ab7-8c20-454a80546307,FirstNumber=705,secondNumber=1189}  added by thread pool-3-thread-6
 message  {Id=437fbaae-985f-4ab7-8c20-454a80546307,FirstNumber=705,secondNumber=1189}  written to file by thread pool-3-thread-1
 message  {Id=163363b3-74c2-443a-b279-f5197edc7ffd,FirstNumber=950,secondNumber=1126}  added by thread pool-3-thread-6
 message  {Id=163363b3-74c2-443a-b279-f5197edc7ffd,FirstNumber=950,secondNumber=1126}  written to file by thread pool-3-thread-5
 message  {Id=bc59a9a8-730f-40b0-a177-fe46f048990c,FirstNumber=374,secondNumber=1502}  added by thread pool-3-thread-6
 message  {Id=bc59a9a8-730f-40b0-a177-fe46f048990c,FirstNumber=374,secondNumber=1502}  written to file by thread pool-3-thread-5
 message  {Id=ccce2359-d36e-457d-905c-b3d6d0458c87,FirstNumber=52,secondNumber=1001}  added by thread pool-3-thread-6
 message  {Id=ccce2359-d36e-457d-905c-b3d6d0458c87,FirstNumber=52,secondNumber=1001}  written to file by thread pool-3-thread-5
 message  {Id=13153a23-a7b4-419f-a942-ea82ceb117be,FirstNumber=691,secondNumber=269}  added by thread pool-3-thread-6
 message  {Id=13153a23-a7b4-419f-a942-ea82ceb117be,FirstNumber=691,secondNumber=269}  written to file by thread pool-3-thread-4
 message  {Id=a23d13dd-ad2f-42cf-b3ea-09ab45fa6022,FirstNumber=637,secondNumber=1221}  added by thread pool-3-thread-6
 message  {Id=a23d13dd-ad2f-42cf-b3ea-09ab45fa6022,FirstNumber=637,secondNumber=1221}  written to file by thread pool-3-thread-1
 message  {Id=a9d47a64-dcd4-407e-9df3-3c7de7df722d,FirstNumber=52,secondNumber=1235}  added by thread pool-3-thread-6
 message  {Id=a9d47a64-dcd4-407e-9df3-3c7de7df722d,FirstNumber=52,secondNumber=1235}  written to file by thread pool-3-thread-1
 message  {Id=27c56cd8-5302-48d6-88be-27b2c739f9bb,FirstNumber=846,secondNumber=1040}  added by thread pool-3-thread-6
 message  {Id=27c56cd8-5302-48d6-88be-27b2c739f9bb,FirstNumber=846,secondNumber=1040}  written to file by thread pool-3-thread-2
 message  {Id=6afdc40a-83b6-4234-a70d-94d3999637bd,FirstNumber=693,secondNumber=795}  added by thread pool-3-thread-6
 message  {Id=6afdc40a-83b6-4234-a70d-94d3999637bd,FirstNumber=693,secondNumber=795}  written to file by thread pool-3-thread-5
 message  {Id=6b853aa3-d354-40c8-ae90-111e465859f1,FirstNumber=804,secondNumber=1887}  added by thread pool-3-thread-6
 message  {Id=6b853aa3-d354-40c8-ae90-111e465859f1,FirstNumber=804,secondNumber=1887}  written to file by thread pool-3-thread-4
 message  {Id=11decd2c-6433-4945-9515-094e1e5e1905,FirstNumber=780,secondNumber=1679}  added by thread pool-3-thread-6
 message  {Id=11decd2c-6433-4945-9515-094e1e5e1905,FirstNumber=780,secondNumber=1679}  written to file by thread pool-3-thread-3
 message  {Id=6f8b1e10-3574-4106-ab5d-e916570d381c,FirstNumber=962,secondNumber=656}  added by thread pool-3-thread-6
 message  {Id=6f8b1e10-3574-4106-ab5d-e916570d381c,FirstNumber=962,secondNumber=656}  written to file by thread pool-3-thread-3
 message  {Id=dac817d7-0526-4772-ac69-390598b55ac8,FirstNumber=740,secondNumber=1145}  added by thread pool-3-thread-6
 message  {Id=dac817d7-0526-4772-ac69-390598b55ac8,FirstNumber=740,secondNumber=1145}  written to file by thread pool-3-thread-3
 message  {Id=1d288748-67a8-45ff-a056-393d3f6ef229,FirstNumber=739,secondNumber=1797}  added by thread pool-3-thread-6
 message  {Id=1d288748-67a8-45ff-a056-393d3f6ef229,FirstNumber=739,secondNumber=1797}  written to file by thread pool-3-thread-3
 message  {Id=26db8337-04be-4c8c-8f24-f6cb640d25cb,FirstNumber=738,secondNumber=884}  added by thread pool-3-thread-6
 message  {Id=26db8337-04be-4c8c-8f24-f6cb640d25cb,FirstNumber=738,secondNumber=884}  written to file by thread pool-3-thread-4
 message  {Id=d7d765a9-3df5-4f36-bb2d-b6bc2f938d47,FirstNumber=988,secondNumber=745}  added by thread pool-3-thread-6
 message  {Id=d7d765a9-3df5-4f36-bb2d-b6bc2f938d47,FirstNumber=988,secondNumber=745}  written to file by thread pool-3-thread-4
 message  {Id=7ee5fd48-09cf-4b73-960b-f4c0583d90c6,FirstNumber=805,secondNumber=984}  added by thread pool-3-thread-6
 message  {Id=7ee5fd48-09cf-4b73-960b-f4c0583d90c6,FirstNumber=805,secondNumber=984}  written to file by thread pool-3-thread-4
 message  {Id=89927fa1-e2e7-427f-865e-7d1467d15c88,FirstNumber=303,secondNumber=1371}  added by thread pool-3-thread-6
 message  {Id=89927fa1-e2e7-427f-865e-7d1467d15c88,FirstNumber=303,secondNumber=1371}  written to file by thread pool-3-thread-5
 message  {Id=18ca5869-bc05-4d5d-9a76-65875dba0b4a,FirstNumber=365,secondNumber=1822}  added by thread pool-3-thread-6
 message  {Id=18ca5869-bc05-4d5d-9a76-65875dba0b4a,FirstNumber=365,secondNumber=1822}  written to file by thread pool-3-thread-3
 message  {Id=d6e7716a-6b05-4c86-b0b5-2812acbdd601,FirstNumber=743,secondNumber=627}  added by thread pool-3-thread-6
 message  {Id=d6e7716a-6b05-4c86-b0b5-2812acbdd601,FirstNumber=743,secondNumber=627}  written to file by thread pool-3-thread-1
 message  {Id=b03d9ac1-97b8-484c-ad10-b77f36f7973f,FirstNumber=779,secondNumber=1007}  added by thread pool-3-thread-6
 message  {Id=b03d9ac1-97b8-484c-ad10-b77f36f7973f,FirstNumber=779,secondNumber=1007}  written to file by thread pool-3-thread-2
 message  {Id=57901866-c314-408a-9703-8d6085b4f188,FirstNumber=625,secondNumber=1434}  added by thread pool-3-thread-6
 message  {Id=57901866-c314-408a-9703-8d6085b4f188,FirstNumber=625,secondNumber=1434}  written to file by thread pool-3-thread-4
 message  {Id=4ac0dcc3-e394-45dd-a1ee-eb4e062a9ffa,FirstNumber=808,secondNumber=1632}  added by thread pool-3-thread-6
 message  {Id=4ac0dcc3-e394-45dd-a1ee-eb4e062a9ffa,FirstNumber=808,secondNumber=1632}  written to file by thread pool-3-thread-4
 message  {Id=9a8902ea-ebb6-433b-be58-31cffa545d41,FirstNumber=547,secondNumber=335}  added by thread pool-3-thread-6
 message  {Id=9a8902ea-ebb6-433b-be58-31cffa545d41,FirstNumber=547,secondNumber=335}  written to file by thread pool-3-thread-4
 message  {Id=b13ab16b-481c-49f2-a44f-98a6c6005c5b,FirstNumber=551,secondNumber=885}  added by thread pool-3-thread-6
 message  {Id=b13ab16b-481c-49f2-a44f-98a6c6005c5b,FirstNumber=551,secondNumber=885}  written to file by thread pool-3-thread-4
 message  {Id=ff2bfa7c-884d-4cf8-be09-a215b7b9a69e,FirstNumber=547,secondNumber=595}  added by thread pool-3-thread-6
 message  {Id=ff2bfa7c-884d-4cf8-be09-a215b7b9a69e,FirstNumber=547,secondNumber=595}  written to file by thread pool-3-thread-2
 message  {Id=8019dce0-8c79-4e7c-92f8-8ad03cce3b3d,FirstNumber=710,secondNumber=971}  added by thread pool-3-thread-6
 message  {Id=8019dce0-8c79-4e7c-92f8-8ad03cce3b3d,FirstNumber=710,secondNumber=971}  written to file by thread pool-3-thread-5
 message  {Id=1e8ea2aa-50cd-4116-a757-7ef22120b425,FirstNumber=470,secondNumber=35}  added by thread pool-3-thread-6
 message  {Id=1e8ea2aa-50cd-4116-a757-7ef22120b425,FirstNumber=470,secondNumber=35}  written to file by thread pool-3-thread-5
 message  {Id=56c65b8f-6d10-4993-9502-b49195517d90,FirstNumber=668,secondNumber=130}  added by thread pool-3-thread-6
 message  {Id=56c65b8f-6d10-4993-9502-b49195517d90,FirstNumber=668,secondNumber=130}  written to file by thread pool-3-thread-1
 message  {Id=a82e65c0-f78f-4ef4-a83b-d677d8980de5,FirstNumber=763,secondNumber=550}  added by thread pool-3-thread-6
 message  {Id=a82e65c0-f78f-4ef4-a83b-d677d8980de5,FirstNumber=763,secondNumber=550}  written to file by thread pool-3-thread-4
 message  {Id=3f3eacd1-33fb-4bdb-95d5-087f885c0439,FirstNumber=981,secondNumber=823}  added by thread pool-3-thread-6
 message  {Id=3f3eacd1-33fb-4bdb-95d5-087f885c0439,FirstNumber=981,secondNumber=823}  written to file by thread pool-3-thread-2
 message  {Id=c9c9e2d0-a21e-48b4-a3aa-3b36cf805f62,FirstNumber=456,secondNumber=20}  added by thread pool-3-thread-6
 message  {Id=c9c9e2d0-a21e-48b4-a3aa-3b36cf805f62,FirstNumber=456,secondNumber=20}  written to file by thread pool-3-thread-2
 message  {Id=02b91495-c2ae-42aa-b788-c8e554974ac9,FirstNumber=100,secondNumber=924}  added by thread pool-3-thread-6
 message  {Id=02b91495-c2ae-42aa-b788-c8e554974ac9,FirstNumber=100,secondNumber=924}  written to file by thread pool-3-thread-5
 message  {Id=ed3e4802-ca7b-4767-b4f9-7899bde8f132,FirstNumber=338,secondNumber=1273}  added by thread pool-3-thread-6
 message  {Id=ed3e4802-ca7b-4767-b4f9-7899bde8f132,FirstNumber=338,secondNumber=1273}  written to file by thread pool-3-thread-1
 message  {Id=b9c5ff62-fa15-417c-b92a-5e2acf31b97e,FirstNumber=445,secondNumber=933}  added by thread pool-3-thread-6
 message  {Id=b9c5ff62-fa15-417c-b92a-5e2acf31b97e,FirstNumber=445,secondNumber=933}  written to file by thread pool-3-thread-4
 message  {Id=f577e7bc-5fa0-4576-914f-c09a9efccc95,FirstNumber=175,secondNumber=1990}  added by thread pool-3-thread-6
 message  {Id=f577e7bc-5fa0-4576-914f-c09a9efccc95,FirstNumber=175,secondNumber=1990}  written to file by thread pool-3-thread-4
 message  {Id=de6bf652-0110-4acc-8fb1-108cf0ec2b15,FirstNumber=425,secondNumber=1546}  added by thread pool-3-thread-6
 message  {Id=de6bf652-0110-4acc-8fb1-108cf0ec2b15,FirstNumber=425,secondNumber=1546}  written to file by thread pool-3-thread-2
 message  {Id=f8a1a3a5-ef99-47b4-b67c-0761f9cc790f,FirstNumber=606,secondNumber=928}  added by thread pool-3-thread-6
 message  {Id=f8a1a3a5-ef99-47b4-b67c-0761f9cc790f,FirstNumber=606,secondNumber=928}  written to file by thread pool-3-thread-2
 message  {Id=3e5c872e-75cc-4962-bce9-5cfef40fba25,FirstNumber=661,secondNumber=794}  added by thread pool-3-thread-6
 message  {Id=3e5c872e-75cc-4962-bce9-5cfef40fba25,FirstNumber=661,secondNumber=794}  written to file by thread pool-3-thread-1
 message  {Id=492da942-86eb-415e-a757-d49d906f9dfe,FirstNumber=944,secondNumber=602}  added by thread pool-3-thread-6
 message  {Id=492da942-86eb-415e-a757-d49d906f9dfe,FirstNumber=944,secondNumber=602}  written to file by thread pool-3-thread-3
 message  {Id=8642cf1a-1bed-4524-94d0-c7676510346c,FirstNumber=659,secondNumber=553}  added by thread pool-3-thread-6
 message  {Id=8642cf1a-1bed-4524-94d0-c7676510346c,FirstNumber=659,secondNumber=553}  written to file by thread pool-3-thread-4
 message  {Id=caeb1d4e-2939-4275-ab87-b63f759095d0,FirstNumber=40,secondNumber=1603}  added by thread pool-3-thread-6
 message  {Id=caeb1d4e-2939-4275-ab87-b63f759095d0,FirstNumber=40,secondNumber=1603}  written to file by thread pool-3-thread-4
 message  {Id=251200db-a3ca-41b4-9a99-9bbd2d0caa50,FirstNumber=973,secondNumber=733}  added by thread pool-3-thread-6
 message  {Id=251200db-a3ca-41b4-9a99-9bbd2d0caa50,FirstNumber=973,secondNumber=733}  written to file by thread pool-3-thread-2
 message  {Id=009f80d1-29ba-4b92-8d4a-7e521ac054c3,FirstNumber=143,secondNumber=1538}  added by thread pool-3-thread-6
 message  {Id=009f80d1-29ba-4b92-8d4a-7e521ac054c3,FirstNumber=143,secondNumber=1538}  written to file by thread pool-3-thread-1
 message  {Id=b4a48d0c-6051-4d3c-b387-2b1f8ae0899b,FirstNumber=95,secondNumber=1304}  added by thread pool-3-thread-6
 message  {Id=b4a48d0c-6051-4d3c-b387-2b1f8ae0899b,FirstNumber=95,secondNumber=1304}  written to file by thread pool-3-thread-3
 message  {Id=51072489-e60c-44fd-8534-ec25c6cbbb7d,FirstNumber=234,secondNumber=847}  added by thread pool-3-thread-6
 message  {Id=51072489-e60c-44fd-8534-ec25c6cbbb7d,FirstNumber=234,secondNumber=847}  written to file by thread pool-3-thread-3
 message  {Id=e4710248-51ed-453c-b01e-1c4a47519252,FirstNumber=294,secondNumber=496}  added by thread pool-3-thread-6
 message  {Id=e4710248-51ed-453c-b01e-1c4a47519252,FirstNumber=294,secondNumber=496}  written to file by thread pool-3-thread-4
 message  {Id=586b1d15-ca36-4179-a6e6-c86701fc1a95,FirstNumber=359,secondNumber=1223}  added by thread pool-3-thread-6
 message  {Id=586b1d15-ca36-4179-a6e6-c86701fc1a95,FirstNumber=359,secondNumber=1223}  written to file by thread pool-3-thread-4
 message  {Id=412b9d83-0e35-4257-a31d-cbee6b4ff466,FirstNumber=888,secondNumber=938}  added by thread pool-3-thread-6
 message  {Id=412b9d83-0e35-4257-a31d-cbee6b4ff466,FirstNumber=888,secondNumber=938}  written to file by thread pool-3-thread-1
 message  {Id=303dd04f-a141-483f-bdaf-31179c42ce7e,FirstNumber=518,secondNumber=2}  added by thread pool-3-thread-6
 message  {Id=303dd04f-a141-483f-bdaf-31179c42ce7e,FirstNumber=518,secondNumber=2}  written to file by thread pool-3-thread-1
 message  {Id=ecc6444a-b8e9-43dd-93c6-51e66ca479de,FirstNumber=780,secondNumber=1851}  added by thread pool-3-thread-6
 message  {Id=ecc6444a-b8e9-43dd-93c6-51e66ca479de,FirstNumber=780,secondNumber=1851}  written to file by thread pool-3-thread-1
 message  {Id=5b373af3-07ce-45cc-b43e-5a1a42f23298,FirstNumber=249,secondNumber=190}  added by thread pool-3-thread-6
 message  {Id=5b373af3-07ce-45cc-b43e-5a1a42f23298,FirstNumber=249,secondNumber=190}  written to file by thread pool-3-thread-1
 message  {Id=42730886-b35e-4f29-9055-9c5f5090d8b8,FirstNumber=137,secondNumber=1700}  added by thread pool-3-thread-6
 message  {Id=42730886-b35e-4f29-9055-9c5f5090d8b8,FirstNumber=137,secondNumber=1700}  written to file by thread pool-3-thread-1
 message  {Id=eda8049d-145c-47a4-84ea-fcdd27386c7b,FirstNumber=879,secondNumber=1724}  added by thread pool-3-thread-6
 message  {Id=eda8049d-145c-47a4-84ea-fcdd27386c7b,FirstNumber=879,secondNumber=1724}  written to file by thread pool-3-thread-5
 message  {Id=d71d3c69-d979-4cc6-93e0-87ae6c210bc5,FirstNumber=884,secondNumber=255}  added by thread pool-3-thread-6
 message  {Id=d71d3c69-d979-4cc6-93e0-87ae6c210bc5,FirstNumber=884,secondNumber=255}  written to file by thread pool-3-thread-3
 message  {Id=dc33574a-2e93-4a11-9055-8d791578e1ba,FirstNumber=881,secondNumber=1190}  added by thread pool-3-thread-6
 message  {Id=dc33574a-2e93-4a11-9055-8d791578e1ba,FirstNumber=881,secondNumber=1190}  written to file by thread pool-3-thread-3
 message  {Id=cc7f1b91-39db-4171-aca9-73564139a243,FirstNumber=977,secondNumber=354}  added by thread pool-3-thread-6
 message  {Id=cc7f1b91-39db-4171-aca9-73564139a243,FirstNumber=977,secondNumber=354}  written to file by thread pool-3-thread-4
 message  {Id=894a832c-aaa3-4121-af23-09cb478a918c,FirstNumber=429,secondNumber=202}  added by thread pool-3-thread-6
 message  {Id=894a832c-aaa3-4121-af23-09cb478a918c,FirstNumber=429,secondNumber=202}  written to file by thread pool-3-thread-4
 message  {Id=e58f5094-c170-41a2-8d57-37e5b560cb22,FirstNumber=340,secondNumber=888}  added by thread pool-3-thread-6
 message  {Id=e58f5094-c170-41a2-8d57-37e5b560cb22,FirstNumber=340,secondNumber=888}  written to file by thread pool-3-thread-4
 message  {Id=ab34027b-e334-42f7-917c-289f16dfbbe9,FirstNumber=614,secondNumber=1489}  added by thread pool-3-thread-6
 message  {Id=ab34027b-e334-42f7-917c-289f16dfbbe9,FirstNumber=614,secondNumber=1489}  written to file by thread pool-3-thread-2
 message  {Id=fd0e743b-528f-4a23-bbdb-cf17e2b25c0e,FirstNumber=622,secondNumber=1806}  added by thread pool-3-thread-6
 message  {Id=fd0e743b-528f-4a23-bbdb-cf17e2b25c0e,FirstNumber=622,secondNumber=1806}  written to file by thread pool-3-thread-2
 message  {Id=a2b24001-2a08-4ba6-a91d-52088ed24288,FirstNumber=952,secondNumber=162}  added by thread pool-3-thread-6
 message  {Id=a2b24001-2a08-4ba6-a91d-52088ed24288,FirstNumber=952,secondNumber=162}  written to file by thread pool-3-thread-2
 message  {Id=19e15ccb-8989-4c98-8b4c-602dfc627b8c,FirstNumber=443,secondNumber=453}  added by thread pool-3-thread-6
 message  {Id=19e15ccb-8989-4c98-8b4c-602dfc627b8c,FirstNumber=443,secondNumber=453}  written to file by thread pool-3-thread-2
 message  {Id=8792dd0b-23dd-4b4b-b2d6-7ea0d0609dfc,FirstNumber=100,secondNumber=777}  added by thread pool-3-thread-6
 message  {Id=8792dd0b-23dd-4b4b-b2d6-7ea0d0609dfc,FirstNumber=100,secondNumber=777}  written to file by thread pool-3-thread-4
 message  {Id=bf7d5a09-516c-4660-95f1-09c51a932963,FirstNumber=114,secondNumber=1262}  added by thread pool-3-thread-6
 message  {Id=bf7d5a09-516c-4660-95f1-09c51a932963,FirstNumber=114,secondNumber=1262}  written to file by thread pool-3-thread-4
 message  {Id=688ab869-3840-414a-9e5f-00d8c89daba7,FirstNumber=444,secondNumber=1967}  added by thread pool-3-thread-6
 message  {Id=688ab869-3840-414a-9e5f-00d8c89daba7,FirstNumber=444,secondNumber=1967}  written to file by thread pool-3-thread-1
 message  {Id=20964b0e-52ae-43ce-bbf2-7035b26caf2a,FirstNumber=713,secondNumber=1843}  added by thread pool-3-thread-6
 message  {Id=20964b0e-52ae-43ce-bbf2-7035b26caf2a,FirstNumber=713,secondNumber=1843}  written to file by thread pool-3-thread-1
 message  {Id=772dcaa1-2b40-4230-bdbc-1c807f882c56,FirstNumber=50,secondNumber=183}  added by thread pool-3-thread-6
 message  {Id=772dcaa1-2b40-4230-bdbc-1c807f882c56,FirstNumber=50,secondNumber=183}  written to file by thread pool-3-thread-1
 message  {Id=7533aa5a-cb14-4132-9a3e-8319e0fb536e,FirstNumber=349,secondNumber=1175}  added by thread pool-3-thread-6
 message  {Id=7533aa5a-cb14-4132-9a3e-8319e0fb536e,FirstNumber=349,secondNumber=1175}  written to file by thread pool-3-thread-3
 message  {Id=3d236c91-162d-4c9b-b873-15ef331e614b,FirstNumber=999,secondNumber=321}  added by thread pool-3-thread-6
 message  {Id=3d236c91-162d-4c9b-b873-15ef331e614b,FirstNumber=999,secondNumber=321}  written to file by thread pool-3-thread-3
 message  {Id=e2da94f3-416f-4e0c-aabe-b2f64b83b847,FirstNumber=346,secondNumber=602}  added by thread pool-3-thread-6
 message  {Id=e2da94f3-416f-4e0c-aabe-b2f64b83b847,FirstNumber=346,secondNumber=602}  written to file by thread pool-3-thread-3
 message  {Id=f5500b39-b598-4fb0-8086-abe8ca30b9d8,FirstNumber=726,secondNumber=1854}  added by thread pool-3-thread-6
 message  {Id=f5500b39-b598-4fb0-8086-abe8ca30b9d8,FirstNumber=726,secondNumber=1854}  written to file by thread pool-3-thread-2
 message  {Id=1c875617-eba1-4c7f-a62e-a09cfb5e6c3f,FirstNumber=82,secondNumber=188}  added by thread pool-3-thread-6
 message  {Id=1c875617-eba1-4c7f-a62e-a09cfb5e6c3f,FirstNumber=82,secondNumber=188}  written to file by thread pool-3-thread-1
 message  {Id=7525301c-d99b-457c-a53f-05467b1fe392,FirstNumber=239,secondNumber=876}  added by thread pool-3-thread-6
 message  {Id=7525301c-d99b-457c-a53f-05467b1fe392,FirstNumber=239,secondNumber=876}  written to file by thread pool-3-thread-4
 message  {Id=e69f8c85-77de-422b-9a7d-30b80184153f,FirstNumber=860,secondNumber=798}  added by thread pool-3-thread-6
 message  {Id=e69f8c85-77de-422b-9a7d-30b80184153f,FirstNumber=860,secondNumber=798}  written to file by thread pool-3-thread-5
 message  {Id=b4c8299c-880a-48ec-899a-5e347623d9e7,FirstNumber=184,secondNumber=1400}  added by thread pool-3-thread-6
 message  {Id=b4c8299c-880a-48ec-899a-5e347623d9e7,FirstNumber=184,secondNumber=1400}  written to file by thread pool-3-thread-5
 message  {Id=227288d1-0418-4de7-9cda-807ef90de66b,FirstNumber=513,secondNumber=1245}  added by thread pool-3-thread-6
 message  {Id=227288d1-0418-4de7-9cda-807ef90de66b,FirstNumber=513,secondNumber=1245}  written to file by thread pool-3-thread-5
 message  {Id=d41034fa-4235-47d0-abb9-4071cd95fe24,FirstNumber=706,secondNumber=413}  added by thread pool-3-thread-6
 message  {Id=d41034fa-4235-47d0-abb9-4071cd95fe24,FirstNumber=706,secondNumber=413}  written to file by thread pool-3-thread-1
 message  {Id=92ce72bc-1483-4eb5-813f-629b3f407b4a,FirstNumber=972,secondNumber=1804}  added by thread pool-3-thread-6
 message  {Id=92ce72bc-1483-4eb5-813f-629b3f407b4a,FirstNumber=972,secondNumber=1804}  written to file by thread pool-3-thread-4
 message  {Id=74eae099-cd18-43c6-9fe7-ea41bf92bfb3,FirstNumber=737,secondNumber=90}  added by thread pool-3-thread-6
 message  {Id=74eae099-cd18-43c6-9fe7-ea41bf92bfb3,FirstNumber=737,secondNumber=90}  written to file by thread pool-3-thread-3
 message  {Id=d3a926fa-1efb-4009-8118-735e5be73c6f,FirstNumber=818,secondNumber=1336}  added by thread pool-3-thread-6
 message  {Id=d3a926fa-1efb-4009-8118-735e5be73c6f,FirstNumber=818,secondNumber=1336}  written to file by thread pool-3-thread-2
 message  {Id=1c04cdf5-1423-4a8a-9cf4-525fee6d3f58,FirstNumber=479,secondNumber=909}  added by thread pool-3-thread-6
 message  {Id=1c04cdf5-1423-4a8a-9cf4-525fee6d3f58,FirstNumber=479,secondNumber=909}  written to file by thread pool-3-thread-5
 message  {Id=8b76ce9a-19a1-42f6-ba6b-f94b72ac8f5d,FirstNumber=8,secondNumber=1266}  added by thread pool-3-thread-6
 message  {Id=8b76ce9a-19a1-42f6-ba6b-f94b72ac8f5d,FirstNumber=8,secondNumber=1266}  written to file by thread pool-3-thread-1
 message  {Id=dd08508a-d676-4d5d-9231-d042773e1e00,FirstNumber=801,secondNumber=566}  added by thread pool-3-thread-6
 message  {Id=dd08508a-d676-4d5d-9231-d042773e1e00,FirstNumber=801,secondNumber=566}  written to file by thread pool-3-thread-4
 message  {Id=64c7d449-485f-4e4d-8b67-b760053aafa1,FirstNumber=780,secondNumber=227}  added by thread pool-3-thread-6
 message  {Id=64c7d449-485f-4e4d-8b67-b760053aafa1,FirstNumber=780,secondNumber=227}  written to file by thread pool-3-thread-4
 message  {Id=2420ce4e-bdd3-4c05-b3c1-0f0642c0e779,FirstNumber=814,secondNumber=1200}  added by thread pool-3-thread-6
 message  {Id=2420ce4e-bdd3-4c05-b3c1-0f0642c0e779,FirstNumber=814,secondNumber=1200}  written to file by thread pool-3-thread-4
 message  {Id=ae584fc5-d16b-4cc9-a948-d4fa437c3327,FirstNumber=996,secondNumber=69}  added by thread pool-3-thread-6
 message  {Id=ae584fc5-d16b-4cc9-a948-d4fa437c3327,FirstNumber=996,secondNumber=69}  written to file by thread pool-3-thread-5
 message  {Id=c200c332-15dc-4cce-b852-e4ae34b94d1c,FirstNumber=41,secondNumber=460}  added by thread pool-3-thread-6
 message  {Id=c200c332-15dc-4cce-b852-e4ae34b94d1c,FirstNumber=41,secondNumber=460}  written to file by thread pool-3-thread-5
 message  {Id=e180542a-94c4-492e-bc27-d7eeb6414021,FirstNumber=975,secondNumber=175}  added by thread pool-3-thread-6
 message  {Id=e180542a-94c4-492e-bc27-d7eeb6414021,FirstNumber=975,secondNumber=175}  written to file by thread pool-3-thread-3
 message  {Id=f696b85f-6d1a-457d-8fe2-88b62963460d,FirstNumber=830,secondNumber=1969}  added by thread pool-3-thread-6
 message  {Id=f696b85f-6d1a-457d-8fe2-88b62963460d,FirstNumber=830,secondNumber=1969}  written to file by thread pool-3-thread-2
 message  {Id=4cd8d260-a974-4862-b644-b4d81cf6bc13,FirstNumber=159,secondNumber=772}  added by thread pool-3-thread-6
 message  {Id=4cd8d260-a974-4862-b644-b4d81cf6bc13,FirstNumber=159,secondNumber=772}  written to file by thread pool-3-thread-4
 message  {Id=1a713145-d166-44d1-a098-7e7fcd63abbf,FirstNumber=553,secondNumber=1518}  added by thread pool-3-thread-6
 message  {Id=1a713145-d166-44d1-a098-7e7fcd63abbf,FirstNumber=553,secondNumber=1518}  written to file by thread pool-3-thread-4
 message  {Id=bb06c932-0184-4ee0-bce5-f6f77aff9140,FirstNumber=233,secondNumber=1150}  added by thread pool-3-thread-6
 message  {Id=bb06c932-0184-4ee0-bce5-f6f77aff9140,FirstNumber=233,secondNumber=1150}  written to file by thread pool-3-thread-4
 message  {Id=d8a3e879-e0f8-4344-80a0-1b90ac7a77b5,FirstNumber=528,secondNumber=416}  added by thread pool-3-thread-6
 message  {Id=d8a3e879-e0f8-4344-80a0-1b90ac7a77b5,FirstNumber=528,secondNumber=416}  written to file by thread pool-3-thread-4
 message  {Id=af714a91-2436-4d5b-81f1-eb92e80bf791,FirstNumber=548,secondNumber=312}  added by thread pool-3-thread-6
 message  {Id=af714a91-2436-4d5b-81f1-eb92e80bf791,FirstNumber=548,secondNumber=312}  written to file by thread pool-3-thread-2
 message  {Id=4190cc68-f23e-43d3-b6d7-957da1bd35c9,FirstNumber=397,secondNumber=1675}  added by thread pool-3-thread-6
 message  {Id=4190cc68-f23e-43d3-b6d7-957da1bd35c9,FirstNumber=397,secondNumber=1675}  written to file by thread pool-3-thread-2
 message  {Id=7484e6c4-cf9f-4980-982a-c8ddcdb5e755,FirstNumber=446,secondNumber=1951}  added by thread pool-3-thread-6
 message  {Id=7484e6c4-cf9f-4980-982a-c8ddcdb5e755,FirstNumber=446,secondNumber=1951}  written to file by thread pool-3-thread-5
 message  {Id=9d7441d8-b7df-47b0-a5f6-7d605e303bb6,FirstNumber=391,secondNumber=1184}  added by thread pool-3-thread-6
 message  {Id=9d7441d8-b7df-47b0-a5f6-7d605e303bb6,FirstNumber=391,secondNumber=1184}  written to file by thread pool-3-thread-3
 message  {Id=c20fe4a2-403d-420f-b7b7-b5285f660dac,FirstNumber=159,secondNumber=762}  added by thread pool-3-thread-6
 message  {Id=c20fe4a2-403d-420f-b7b7-b5285f660dac,FirstNumber=159,secondNumber=762}  written to file by thread pool-3-thread-4
 message  {Id=385cd38a-2736-41ac-b8e9-9445abf78884,FirstNumber=268,secondNumber=1739}  added by thread pool-3-thread-6
 message  {Id=385cd38a-2736-41ac-b8e9-9445abf78884,FirstNumber=268,secondNumber=1739}  written to file by thread pool-3-thread-4
 message  {Id=957eec1a-4d87-4904-a6be-27b41e0c3fd8,FirstNumber=117,secondNumber=1008}  added by thread pool-3-thread-6
 message  {Id=957eec1a-4d87-4904-a6be-27b41e0c3fd8,FirstNumber=117,secondNumber=1008}  written to file by thread pool-3-thread-2
 message  {Id=fc272f41-bcb9-4088-966f-891028af82d9,FirstNumber=404,secondNumber=374}  added by thread pool-3-thread-6
 message  {Id=fc272f41-bcb9-4088-966f-891028af82d9,FirstNumber=404,secondNumber=374}  written to file by thread pool-3-thread-2
 message  {Id=f526ae01-a089-45e4-9e87-7065c7dc6564,FirstNumber=196,secondNumber=1529}  added by thread pool-3-thread-6
 message  {Id=f526ae01-a089-45e4-9e87-7065c7dc6564,FirstNumber=196,secondNumber=1529}  written to file by thread pool-3-thread-2
 message  {Id=82f84289-68da-4ea8-8188-20ba321ee5bd,FirstNumber=143,secondNumber=1296}  added by thread pool-3-thread-6
 message  {Id=82f84289-68da-4ea8-8188-20ba321ee5bd,FirstNumber=143,secondNumber=1296}  written to file by thread pool-3-thread-2
 message  {Id=72e126b6-ab72-4890-b279-e8c3dcb2d7aa,FirstNumber=286,secondNumber=303}  added by thread pool-3-thread-6
 message  {Id=72e126b6-ab72-4890-b279-e8c3dcb2d7aa,FirstNumber=286,secondNumber=303}  written to file by thread pool-3-thread-4
 message  {Id=774fa082-413d-43f4-9f34-46209990b882,FirstNumber=762,secondNumber=923}  added by thread pool-3-thread-6
 message  {Id=774fa082-413d-43f4-9f34-46209990b882,FirstNumber=762,secondNumber=923}  written to file by thread pool-3-thread-5
 message  {Id=e0bd7fd6-1b30-49e7-a08d-66a203cc28c9,FirstNumber=446,secondNumber=730}  added by thread pool-3-thread-6
 message  {Id=e0bd7fd6-1b30-49e7-a08d-66a203cc28c9,FirstNumber=446,secondNumber=730}  written to file by thread pool-3-thread-3
 message  {Id=9bc29fc8-a24a-4072-a427-1739c80b283e,FirstNumber=384,secondNumber=898}  added by thread pool-3-thread-6
 message  {Id=9bc29fc8-a24a-4072-a427-1739c80b283e,FirstNumber=384,secondNumber=898}  written to file by thread pool-3-thread-1
 message  {Id=ee43a7a3-df9c-4684-8047-a28c8072c199,FirstNumber=188,secondNumber=164}  added by thread pool-3-thread-6
 message  {Id=ee43a7a3-df9c-4684-8047-a28c8072c199,FirstNumber=188,secondNumber=164}  written to file by thread pool-3-thread-2
 message  {Id=b18ee586-43c0-4399-9fc7-d9fefc6054ef,FirstNumber=837,secondNumber=1653}  added by thread pool-3-thread-6
 message  {Id=b18ee586-43c0-4399-9fc7-d9fefc6054ef,FirstNumber=837,secondNumber=1653}  written to file by thread pool-3-thread-4
 message  {Id=91fed0b3-bc90-492c-b050-b8946f4ba016,FirstNumber=805,secondNumber=315}  added by thread pool-3-thread-6
 message  {Id=91fed0b3-bc90-492c-b050-b8946f4ba016,FirstNumber=805,secondNumber=315}  written to file by thread pool-3-thread-5
 message  {Id=eb4f13b3-043f-4696-b102-971ea69658bb,FirstNumber=769,secondNumber=288}  added by thread pool-3-thread-6
 message  {Id=eb4f13b3-043f-4696-b102-971ea69658bb,FirstNumber=769,secondNumber=288}  written to file by thread pool-3-thread-5
 message  {Id=980d2852-2a75-4175-ae70-d84e101b15d4,FirstNumber=843,secondNumber=1390}  added by thread pool-3-thread-6
 message  {Id=980d2852-2a75-4175-ae70-d84e101b15d4,FirstNumber=843,secondNumber=1390}  written to file by thread pool-3-thread-5
 message  {Id=6c4d4915-63db-4e2a-900c-f8b5e56bae18,FirstNumber=920,secondNumber=800}  added by thread pool-3-thread-6
 message  {Id=6c4d4915-63db-4e2a-900c-f8b5e56bae18,FirstNumber=920,secondNumber=800}  written to file by thread pool-3-thread-2
 message  {Id=616cf709-2f36-4b8f-8084-4fff400f56cf,FirstNumber=900,secondNumber=418}  added by thread pool-3-thread-6
 message  {Id=616cf709-2f36-4b8f-8084-4fff400f56cf,FirstNumber=900,secondNumber=418}  written to file by thread pool-3-thread-4
 message  {Id=1d26892c-2c63-4b3c-807d-0e60998130d2,FirstNumber=67,secondNumber=24}  added by thread pool-3-thread-6
 message  {Id=1d26892c-2c63-4b3c-807d-0e60998130d2,FirstNumber=67,secondNumber=24}  written to file by thread pool-3-thread-3
 message  {Id=553e565c-0ecd-4aee-ac31-8b67bb605042,FirstNumber=124,secondNumber=147}  added by thread pool-3-thread-6
 message  {Id=553e565c-0ecd-4aee-ac31-8b67bb605042,FirstNumber=124,secondNumber=147}  written to file by thread pool-3-thread-1
 message  {Id=70122bf6-b8cd-4460-8302-355817b6031e,FirstNumber=460,secondNumber=483}  added by thread pool-3-thread-6
 message  {Id=70122bf6-b8cd-4460-8302-355817b6031e,FirstNumber=460,secondNumber=483}  written to file by thread pool-3-thread-5
 message  {Id=853914f4-19fa-433f-a7c4-02d8016fba38,FirstNumber=766,secondNumber=1403}  added by thread pool-3-thread-6
 message  {Id=853914f4-19fa-433f-a7c4-02d8016fba38,FirstNumber=766,secondNumber=1403}  written to file by thread pool-3-thread-2
 message  {Id=191c14ac-b61f-46f5-b241-07280b22968d,FirstNumber=766,secondNumber=511}  added by thread pool-3-thread-6
 message  {Id=191c14ac-b61f-46f5-b241-07280b22968d,FirstNumber=766,secondNumber=511}  written to file by thread pool-3-thread-4
 message  {Id=976b8171-3fe4-4399-bcea-6a5d03c879d9,FirstNumber=637,secondNumber=1492}  added by thread pool-3-thread-6
 message  {Id=976b8171-3fe4-4399-bcea-6a5d03c879d9,FirstNumber=637,secondNumber=1492}  written to file by thread pool-3-thread-3
 message  {Id=475af19f-f6c6-45a0-ae2d-edcee8fb6f34,FirstNumber=593,secondNumber=953}  added by thread pool-3-thread-6
 message  {Id=475af19f-f6c6-45a0-ae2d-edcee8fb6f34,FirstNumber=593,secondNumber=953}  written to file by thread pool-3-thread-1
 message  {Id=6bf0c886-795a-486f-98ce-5dd99da10aa5,FirstNumber=728,secondNumber=454}  added by thread pool-3-thread-6
 message  {Id=6bf0c886-795a-486f-98ce-5dd99da10aa5,FirstNumber=728,secondNumber=454}  written to file by thread pool-3-thread-5
 message  {Id=38dd04a4-6060-4eda-a411-3ab0eefe0c9c,FirstNumber=626,secondNumber=1883}  added by thread pool-3-thread-6
 message  {Id=38dd04a4-6060-4eda-a411-3ab0eefe0c9c,FirstNumber=626,secondNumber=1883}  written to file by thread pool-3-thread-5
 message  {Id=631f028f-3b97-4780-ae61-dc70f10201b8,FirstNumber=297,secondNumber=111}  added by thread pool-3-thread-6
 message  {Id=631f028f-3b97-4780-ae61-dc70f10201b8,FirstNumber=297,secondNumber=111}  written to file by thread pool-3-thread-4
 message  {Id=01be8f8d-d225-48f3-afea-e8a696c8e899,FirstNumber=468,secondNumber=1144}  added by thread pool-3-thread-6
 message  {Id=01be8f8d-d225-48f3-afea-e8a696c8e899,FirstNumber=468,secondNumber=1144}  written to file by thread pool-3-thread-3
 message  {Id=1cbb51c3-03b2-4501-8354-869672be2a0c,FirstNumber=11,secondNumber=1561}  added by thread pool-3-thread-6
 message  {Id=1cbb51c3-03b2-4501-8354-869672be2a0c,FirstNumber=11,secondNumber=1561}  written to file by thread pool-3-thread-1
 message  {Id=d934bc60-aafb-42d8-85a8-f8a61439f04a,FirstNumber=500,secondNumber=1566}  added by thread pool-3-thread-6
 message  {Id=d934bc60-aafb-42d8-85a8-f8a61439f04a,FirstNumber=500,secondNumber=1566}  written to file by thread pool-3-thread-2
 message  {Id=ff1d688c-b717-4a24-94bf-c553bed6b1b8,FirstNumber=171,secondNumber=1284}  added by thread pool-3-thread-6
 message  {Id=ff1d688c-b717-4a24-94bf-c553bed6b1b8,FirstNumber=171,secondNumber=1284}  written to file by thread pool-3-thread-5
 message  {Id=bb047846-f8a9-4961-9fac-97b02c53a5f6,FirstNumber=16,secondNumber=829}  added by thread pool-3-thread-6
 message  {Id=bb047846-f8a9-4961-9fac-97b02c53a5f6,FirstNumber=16,secondNumber=829}  written to file by thread pool-3-thread-4
 message  {Id=f1fcfb51-38f7-467d-af10-4b52ad819e1c,FirstNumber=67,secondNumber=1338}  added by thread pool-3-thread-6
 message  {Id=f1fcfb51-38f7-467d-af10-4b52ad819e1c,FirstNumber=67,secondNumber=1338}  written to file by thread pool-3-thread-3
 message  {Id=140d0b73-05c5-4439-af29-90b508c2c781,FirstNumber=961,secondNumber=410}  added by thread pool-3-thread-6
 message  {Id=140d0b73-05c5-4439-af29-90b508c2c781,FirstNumber=961,secondNumber=410}  written to file by thread pool-3-thread-1
 message  {Id=bec9996e-10da-416e-ad5e-6396ddc32f79,FirstNumber=307,secondNumber=367}  added by thread pool-3-thread-6
 message  {Id=bec9996e-10da-416e-ad5e-6396ddc32f79,FirstNumber=307,secondNumber=367}  written to file by thread pool-3-thread-2
 message  {Id=6337803b-0125-4532-9add-830aa8b2ab21,FirstNumber=404,secondNumber=603}  added by thread pool-3-thread-6
 message  {Id=6337803b-0125-4532-9add-830aa8b2ab21,FirstNumber=404,secondNumber=603}  written to file by thread pool-3-thread-5
 message  {Id=40b8e423-3214-45f9-80ff-45c17eccc82e,FirstNumber=521,secondNumber=1102}  added by thread pool-3-thread-6
 message  {Id=40b8e423-3214-45f9-80ff-45c17eccc82e,FirstNumber=521,secondNumber=1102}  written to file by thread pool-3-thread-4
 message  {Id=56f47bc0-2a9b-4feb-bbe6-11eb355d7c74,FirstNumber=359,secondNumber=322}  added by thread pool-3-thread-6
 message  {Id=56f47bc0-2a9b-4feb-bbe6-11eb355d7c74,FirstNumber=359,secondNumber=322}  written to file by thread pool-3-thread-4
 message  {Id=ec2393b9-f5b8-4be1-85e7-82f1492e9b97,FirstNumber=523,secondNumber=147}  added by thread pool-3-thread-6
 message  {Id=ec2393b9-f5b8-4be1-85e7-82f1492e9b97,FirstNumber=523,secondNumber=147}  written to file by thread pool-3-thread-1
 message  {Id=d7958e69-a57c-44ee-aa48-03357d097865,FirstNumber=744,secondNumber=153}  added by thread pool-3-thread-6
 message  {Id=d7958e69-a57c-44ee-aa48-03357d097865,FirstNumber=744,secondNumber=153}  written to file by thread pool-3-thread-1
 message  {Id=dc6cef29-b1d7-48ef-9397-6892e6961449,FirstNumber=589,secondNumber=937}  added by thread pool-3-thread-6
 message  {Id=dc6cef29-b1d7-48ef-9397-6892e6961449,FirstNumber=589,secondNumber=937}  written to file by thread pool-3-thread-5
 message  {Id=170e987c-328f-48fa-b4ff-7cd30ff5aaf2,FirstNumber=799,secondNumber=755}  added by thread pool-3-thread-6
 message  {Id=170e987c-328f-48fa-b4ff-7cd30ff5aaf2,FirstNumber=799,secondNumber=755}  written to file by thread pool-3-thread-3
 message  {Id=223a3754-9c43-4a54-9be8-2e942de1a524,FirstNumber=679,secondNumber=1621}  added by thread pool-3-thread-6
 message  {Id=223a3754-9c43-4a54-9be8-2e942de1a524,FirstNumber=679,secondNumber=1621}  written to file by thread pool-3-thread-4
 message  {Id=81fc983e-0aba-44e1-bf1d-6116f4f3bbc3,FirstNumber=914,secondNumber=1017}  added by thread pool-3-thread-6
 message  {Id=81fc983e-0aba-44e1-bf1d-6116f4f3bbc3,FirstNumber=914,secondNumber=1017}  written to file by thread pool-3-thread-4
 message  {Id=03eed85d-7991-488d-83bd-82d48e0ecf57,FirstNumber=538,secondNumber=1973}  added by thread pool-3-thread-6
 message  {Id=03eed85d-7991-488d-83bd-82d48e0ecf57,FirstNumber=538,secondNumber=1973}  written to file by thread pool-3-thread-1
 message  {Id=1648d550-c2d7-4f37-8915-9e193d5d7815,FirstNumber=429,secondNumber=353}  added by thread pool-3-thread-6
 message  {Id=1648d550-c2d7-4f37-8915-9e193d5d7815,FirstNumber=429,secondNumber=353}  written to file by thread pool-3-thread-5
 message  {Id=2524a545-04ac-4fc5-b80e-6d08bc10f953,FirstNumber=128,secondNumber=1653}  added by thread pool-3-thread-6
 message  {Id=2524a545-04ac-4fc5-b80e-6d08bc10f953,FirstNumber=128,secondNumber=1653}  written to file by thread pool-3-thread-3
 message  {Id=c37230a5-dca5-416e-ad64-05905edc140d,FirstNumber=311,secondNumber=1265}  added by thread pool-3-thread-6
 message  {Id=c37230a5-dca5-416e-ad64-05905edc140d,FirstNumber=311,secondNumber=1265}  written to file by thread pool-3-thread-3
 message  {Id=ce27f15b-5a86-4b27-a0e8-5f0341674b10,FirstNumber=145,secondNumber=1370}  added by thread pool-3-thread-6
 message  {Id=ce27f15b-5a86-4b27-a0e8-5f0341674b10,FirstNumber=145,secondNumber=1370}  written to file by thread pool-3-thread-3
 message  {Id=2f9c37ea-1b33-481a-94d1-c7d39cdcf2bb,FirstNumber=786,secondNumber=1948}  added by thread pool-3-thread-6
 message  {Id=2f9c37ea-1b33-481a-94d1-c7d39cdcf2bb,FirstNumber=786,secondNumber=1948}  written to file by thread pool-3-thread-3
 message  {Id=1f1566f2-cb8e-4ba7-9e32-8769f25f6fad,FirstNumber=41,secondNumber=1116}  added by thread pool-3-thread-6
 message  {Id=1f1566f2-cb8e-4ba7-9e32-8769f25f6fad,FirstNumber=41,secondNumber=1116}  written to file by thread pool-3-thread-5
 message  {Id=60563256-fbdc-4c98-a522-6004a5b39646,FirstNumber=131,secondNumber=1416}  added by thread pool-3-thread-6
 message  {Id=60563256-fbdc-4c98-a522-6004a5b39646,FirstNumber=131,secondNumber=1416}  written to file by thread pool-3-thread-5
 message  {Id=de76d6c0-2eb6-4dab-8e08-45167cda5589,FirstNumber=60,secondNumber=722}  added by thread pool-3-thread-6
 message  {Id=de76d6c0-2eb6-4dab-8e08-45167cda5589,FirstNumber=60,secondNumber=722}  written to file by thread pool-3-thread-4
 message  {Id=d16918bb-2b25-44b8-af35-24479b925218,FirstNumber=956,secondNumber=1557}  added by thread pool-3-thread-6
 message  {Id=d16918bb-2b25-44b8-af35-24479b925218,FirstNumber=956,secondNumber=1557}  written to file by thread pool-3-thread-4
 message  {Id=52529192-9842-4f51-a61a-83b95b22efe0,FirstNumber=146,secondNumber=1580}  added by thread pool-3-thread-6
 message  {Id=52529192-9842-4f51-a61a-83b95b22efe0,FirstNumber=146,secondNumber=1580}  written to file by thread pool-3-thread-3
 message  {Id=fdeabfef-6d92-4246-80c2-c3690fc93cbf,FirstNumber=862,secondNumber=298}  added by thread pool-3-thread-6
 message  {Id=fdeabfef-6d92-4246-80c2-c3690fc93cbf,FirstNumber=862,secondNumber=298}  written to file by thread pool-3-thread-2
 message  {Id=9caf57db-f6ae-4405-b679-a2b6ee71e262,FirstNumber=757,secondNumber=359}  added by thread pool-3-thread-6
 message  {Id=9caf57db-f6ae-4405-b679-a2b6ee71e262,FirstNumber=757,secondNumber=359}  written to file by thread pool-3-thread-5
 message  {Id=f1b04d46-cb46-4a93-af4f-4f77dce90669,FirstNumber=949,secondNumber=1878}  added by thread pool-3-thread-6
 message  {Id=f1b04d46-cb46-4a93-af4f-4f77dce90669,FirstNumber=949,secondNumber=1878}  written to file by thread pool-3-thread-1
 message  {Id=7d83332b-f8a6-41b4-9365-1b99b5b39fde,FirstNumber=435,secondNumber=1870}  added by thread pool-3-thread-6
 message  {Id=7d83332b-f8a6-41b4-9365-1b99b5b39fde,FirstNumber=435,secondNumber=1870}  written to file by thread pool-3-thread-4
 message  {Id=9087caef-b001-44eb-b21e-2785062bd6dd,FirstNumber=407,secondNumber=857}  added by thread pool-3-thread-6
 message  {Id=9087caef-b001-44eb-b21e-2785062bd6dd,FirstNumber=407,secondNumber=857}  written to file by thread pool-3-thread-4
 message  {Id=80e89e13-2a5d-47fd-a501-d8be029250d4,FirstNumber=759,secondNumber=1115}  added by thread pool-3-thread-6
 message  {Id=80e89e13-2a5d-47fd-a501-d8be029250d4,FirstNumber=759,secondNumber=1115}  written to file by thread pool-3-thread-2
 message  {Id=ea6d167e-864a-4211-a8a2-b1fe218c6018,FirstNumber=616,secondNumber=1077}  added by thread pool-3-thread-6
 message  {Id=ea6d167e-864a-4211-a8a2-b1fe218c6018,FirstNumber=616,secondNumber=1077}  written to file by thread pool-3-thread-5
 message  {Id=b5cde71f-1c05-42c3-a043-0230dfabfee0,FirstNumber=611,secondNumber=1119}  added by thread pool-3-thread-6
 message  {Id=b5cde71f-1c05-42c3-a043-0230dfabfee0,FirstNumber=611,secondNumber=1119}  written to file by thread pool-3-thread-1
 message  {Id=2aa82998-1531-4b62-ac95-c8a0bad8fc48,FirstNumber=782,secondNumber=1580}  added by thread pool-3-thread-6
 message  {Id=2aa82998-1531-4b62-ac95-c8a0bad8fc48,FirstNumber=782,secondNumber=1580}  written to file by thread pool-3-thread-3
 message  {Id=351b396d-326d-46e4-85ba-a64d7489b8d7,FirstNumber=112,secondNumber=845}  added by thread pool-3-thread-6
 message  {Id=351b396d-326d-46e4-85ba-a64d7489b8d7,FirstNumber=112,secondNumber=845}  written to file by thread pool-3-thread-3
 message  {Id=916ec9d8-81cf-4567-a543-7d286f2b9c0e,FirstNumber=662,secondNumber=1175}  added by thread pool-3-thread-6
 message  {Id=916ec9d8-81cf-4567-a543-7d286f2b9c0e,FirstNumber=662,secondNumber=1175}  written to file by thread pool-3-thread-2
 message  {Id=405af461-a462-464b-b2a8-f52e5d639ccc,FirstNumber=531,secondNumber=371}  added by thread pool-3-thread-6
 message  {Id=405af461-a462-464b-b2a8-f52e5d639ccc,FirstNumber=531,secondNumber=371}  written to file by thread pool-3-thread-5
 message  {Id=01f5b306-1f8b-42d2-80bf-45c479cb385f,FirstNumber=627,secondNumber=1626}  added by thread pool-3-thread-6
 message  {Id=01f5b306-1f8b-42d2-80bf-45c479cb385f,FirstNumber=627,secondNumber=1626}  written to file by thread pool-3-thread-1
 message  {Id=b94ccb37-69c9-4466-b015-4d25e81f0372,FirstNumber=105,secondNumber=1840}  added by thread pool-3-thread-6
 message  {Id=b94ccb37-69c9-4466-b015-4d25e81f0372,FirstNumber=105,secondNumber=1840}  written to file by thread pool-3-thread-4
 message  {Id=99ab624c-0b10-4aff-b41b-dfa79faffda4,FirstNumber=238,secondNumber=880}  added by thread pool-3-thread-6
 message  {Id=99ab624c-0b10-4aff-b41b-dfa79faffda4,FirstNumber=238,secondNumber=880}  written to file by thread pool-3-thread-4
 message  {Id=17a8259d-54ef-4a83-b971-b82736794c13,FirstNumber=228,secondNumber=327}  added by thread pool-3-thread-6
 message  {Id=17a8259d-54ef-4a83-b971-b82736794c13,FirstNumber=228,secondNumber=327}  written to file by thread pool-3-thread-2
 message  {Id=4a606d27-bec1-45a8-8bb7-cfcd4c5f5f96,FirstNumber=152,secondNumber=1069}  added by thread pool-3-thread-6
 message  {Id=4a606d27-bec1-45a8-8bb7-cfcd4c5f5f96,FirstNumber=152,secondNumber=1069}  written to file by thread pool-3-thread-2
 message  {Id=e4ed2530-6dfa-4947-872e-0323f29a11fd,FirstNumber=313,secondNumber=168}  added by thread pool-3-thread-6
 message  {Id=e4ed2530-6dfa-4947-872e-0323f29a11fd,FirstNumber=313,secondNumber=168}  written to file by thread pool-3-thread-1
 message  {Id=73a94617-8d52-4164-8bac-a46ade324037,FirstNumber=245,secondNumber=1797}  added by thread pool-3-thread-6
 message  {Id=73a94617-8d52-4164-8bac-a46ade324037,FirstNumber=245,secondNumber=1797}  written to file by thread pool-3-thread-3
 message  {Id=ddc6d503-1a94-45e2-a1c8-49eda8c4d36d,FirstNumber=451,secondNumber=212}  added by thread pool-3-thread-6
 message  {Id=ddc6d503-1a94-45e2-a1c8-49eda8c4d36d,FirstNumber=451,secondNumber=212}  written to file by thread pool-3-thread-4
 message  {Id=8030cab2-1a1e-4e41-94de-9966c93a21bc,FirstNumber=247,secondNumber=224}  added by thread pool-3-thread-6
 message  {Id=8030cab2-1a1e-4e41-94de-9966c93a21bc,FirstNumber=247,secondNumber=224}  written to file by thread pool-3-thread-5
 message  {Id=3470aae2-83dc-40ca-85b2-f32f3924ab72,FirstNumber=658,secondNumber=1588}  added by thread pool-3-thread-6
 message  {Id=3470aae2-83dc-40ca-85b2-f32f3924ab72,FirstNumber=658,secondNumber=1588}  written to file by thread pool-3-thread-2
 message  {Id=56f06d11-ead8-4868-b3eb-d841db223b3c,FirstNumber=91,secondNumber=1466}  added by thread pool-3-thread-6
 message  {Id=56f06d11-ead8-4868-b3eb-d841db223b3c,FirstNumber=91,secondNumber=1466}  written to file by thread pool-3-thread-2
 message  {Id=c23d894b-1d05-4605-9b5f-4b2d5383722b,FirstNumber=401,secondNumber=624}  added by thread pool-3-thread-6
 message  {Id=c23d894b-1d05-4605-9b5f-4b2d5383722b,FirstNumber=401,secondNumber=624}  written to file by thread pool-3-thread-2
 message  {Id=85256709-4f8d-4de8-8e92-2997a6c455b9,FirstNumber=710,secondNumber=531}  added by thread pool-3-thread-6
 message  {Id=85256709-4f8d-4de8-8e92-2997a6c455b9,FirstNumber=710,secondNumber=531}  written to file by thread pool-3-thread-4
 message  {Id=e30a991f-533a-440a-bfb5-e96d87beaa0e,FirstNumber=848,secondNumber=383}  added by thread pool-3-thread-6
 message  {Id=e30a991f-533a-440a-bfb5-e96d87beaa0e,FirstNumber=848,secondNumber=383}  written to file by thread pool-3-thread-5
 message  {Id=61e057c0-ea96-42e3-bd1d-6f75a31d07e2,FirstNumber=120,secondNumber=1243}  added by thread pool-3-thread-6
 message  {Id=61e057c0-ea96-42e3-bd1d-6f75a31d07e2,FirstNumber=120,secondNumber=1243}  written to file by thread pool-3-thread-1
 message  {Id=5859c8f2-c95b-43a4-934d-59e079b4ca05,FirstNumber=368,secondNumber=1724}  added by thread pool-3-thread-6
 message  {Id=5859c8f2-c95b-43a4-934d-59e079b4ca05,FirstNumber=368,secondNumber=1724}  written to file by thread pool-3-thread-1
 message  {Id=f6384b39-d7a9-419f-bcfa-c99b20346a27,FirstNumber=653,secondNumber=887}  added by thread pool-3-thread-6
 message  {Id=f6384b39-d7a9-419f-bcfa-c99b20346a27,FirstNumber=653,secondNumber=887}  written to file by thread pool-3-thread-1
 message  {Id=c27fdb3c-40ab-49e9-ab17-c7200d6da897,FirstNumber=504,secondNumber=1669}  added by thread pool-3-thread-6
 message  {Id=c27fdb3c-40ab-49e9-ab17-c7200d6da897,FirstNumber=504,secondNumber=1669}  written to file by thread pool-3-thread-1
 message  {Id=e90cc1e6-8cc7-475c-8713-c38be13b8299,FirstNumber=367,secondNumber=125}  added by thread pool-3-thread-6
 message  {Id=e90cc1e6-8cc7-475c-8713-c38be13b8299,FirstNumber=367,secondNumber=125}  written to file by thread pool-3-thread-1
 message  {Id=1d931212-48ea-4dcc-a957-b7f45edeb3e8,FirstNumber=310,secondNumber=395}  added by thread pool-3-thread-6
 message  {Id=1d931212-48ea-4dcc-a957-b7f45edeb3e8,FirstNumber=310,secondNumber=395}  written to file by thread pool-3-thread-1
 message  {Id=3cd4d4d9-50c4-4ae4-9ab5-2575c0d5efee,FirstNumber=350,secondNumber=795}  added by thread pool-3-thread-6
 message  {Id=3cd4d4d9-50c4-4ae4-9ab5-2575c0d5efee,FirstNumber=350,secondNumber=795}  written to file by thread pool-3-thread-2
 message  {Id=6e38f19f-b0d4-47de-babb-0414158c9f85,FirstNumber=450,secondNumber=558}  added by thread pool-3-thread-6
 message  {Id=6e38f19f-b0d4-47de-babb-0414158c9f85,FirstNumber=450,secondNumber=558}  written to file by thread pool-3-thread-4
 message  {Id=8c18b1dc-6ea8-42ed-a50c-c184ca043aa5,FirstNumber=246,secondNumber=1855}  added by thread pool-3-thread-6
 message  {Id=8c18b1dc-6ea8-42ed-a50c-c184ca043aa5,FirstNumber=246,secondNumber=1855}  written to file by thread pool-3-thread-4
 message  {Id=aac0520f-2a24-40e2-a65e-8a7587358e8c,FirstNumber=561,secondNumber=1261}  added by thread pool-3-thread-6
 message  {Id=aac0520f-2a24-40e2-a65e-8a7587358e8c,FirstNumber=561,secondNumber=1261}  written to file by thread pool-3-thread-3
 message  {Id=d5c296da-3acf-4e7f-bc10-06f1bfb67e3a,FirstNumber=530,secondNumber=1372}  added by thread pool-3-thread-6
 message  {Id=d5c296da-3acf-4e7f-bc10-06f1bfb67e3a,FirstNumber=530,secondNumber=1372}  written to file by thread pool-3-thread-3
 message  {Id=852aaf39-5cbd-47c1-a372-4950edef4296,FirstNumber=420,secondNumber=1847}  added by thread pool-3-thread-6
 message  {Id=852aaf39-5cbd-47c1-a372-4950edef4296,FirstNumber=420,secondNumber=1847}  written to file by thread pool-3-thread-3
 message  {Id=918d5dda-dbaf-41f0-80b3-0862b90823e3,FirstNumber=359,secondNumber=1131}  added by thread pool-3-thread-6
 message  {Id=918d5dda-dbaf-41f0-80b3-0862b90823e3,FirstNumber=359,secondNumber=1131}  written to file by thread pool-3-thread-3
 message  {Id=831c8d3a-07dd-412f-91c3-0753bf65c278,FirstNumber=377,secondNumber=1837}  added by thread pool-3-thread-6
 message  {Id=831c8d3a-07dd-412f-91c3-0753bf65c278,FirstNumber=377,secondNumber=1837}  written to file by thread pool-3-thread-3
 message  {Id=1878a586-36b5-4d7f-85a4-1d4c3d697c82,FirstNumber=800,secondNumber=1939}  added by thread pool-3-thread-6
 message  {Id=1878a586-36b5-4d7f-85a4-1d4c3d697c82,FirstNumber=800,secondNumber=1939}  written to file by thread pool-3-thread-1
 message  {Id=75d4be1d-2cc4-486a-a0a4-7a7f326def97,FirstNumber=721,secondNumber=1999}  added by thread pool-3-thread-6
 message  {Id=75d4be1d-2cc4-486a-a0a4-7a7f326def97,FirstNumber=721,secondNumber=1999}  written to file by thread pool-3-thread-2
 message  {Id=a8762cd8-0a7b-4da2-b0f3-f7c6f4f502ce,FirstNumber=440,secondNumber=915}  added by thread pool-3-thread-6
 message  {Id=a8762cd8-0a7b-4da2-b0f3-f7c6f4f502ce,FirstNumber=440,secondNumber=915}  written to file by thread pool-3-thread-2
 message  {Id=c6f16717-856b-477e-965c-d234aa0a5080,FirstNumber=663,secondNumber=713}  added by thread pool-3-thread-6
 message  {Id=c6f16717-856b-477e-965c-d234aa0a5080,FirstNumber=663,secondNumber=713}  written to file by thread pool-3-thread-4
 message  {Id=a400b2b9-dd2e-40d6-9d28-9e32cf0c2f3f,FirstNumber=255,secondNumber=232}  added by thread pool-3-thread-6
 message  {Id=a400b2b9-dd2e-40d6-9d28-9e32cf0c2f3f,FirstNumber=255,secondNumber=232}  written to file by thread pool-3-thread-4
 message  {Id=9e3a6f11-ec93-49ef-941d-49967713ce9a,FirstNumber=528,secondNumber=1191}  added by thread pool-3-thread-6
 message  {Id=9e3a6f11-ec93-49ef-941d-49967713ce9a,FirstNumber=528,secondNumber=1191}  written to file by thread pool-3-thread-1
 message  {Id=a0abdfd3-0a07-41e9-9a9b-2ad49f1764cd,FirstNumber=789,secondNumber=1212}  added by thread pool-3-thread-6
 message  {Id=a0abdfd3-0a07-41e9-9a9b-2ad49f1764cd,FirstNumber=789,secondNumber=1212}  written to file by thread pool-3-thread-5
 message  {Id=3a908547-560a-4f31-a81d-c5266ec906e7,FirstNumber=31,secondNumber=1691}  added by thread pool-3-thread-6
 message  {Id=3a908547-560a-4f31-a81d-c5266ec906e7,FirstNumber=31,secondNumber=1691}  written to file by thread pool-3-thread-2
 message  {Id=9728c369-5c0d-424d-845b-06713a47911a,FirstNumber=213,secondNumber=1878}  added by thread pool-3-thread-6
 message  {Id=9728c369-5c0d-424d-845b-06713a47911a,FirstNumber=213,secondNumber=1878}  written to file by thread pool-3-thread-2
 message  {Id=b190a21f-315f-46cb-a107-04f401c844f9,FirstNumber=9,secondNumber=186}  added by thread pool-3-thread-6
 message  {Id=b190a21f-315f-46cb-a107-04f401c844f9,FirstNumber=9,secondNumber=186}  written to file by thread pool-3-thread-2
 message  {Id=a53248ec-ceb5-4564-bf63-56aa6385d69c,FirstNumber=56,secondNumber=61}  added by thread pool-3-thread-6
 message  {Id=a53248ec-ceb5-4564-bf63-56aa6385d69c,FirstNumber=56,secondNumber=61}  written to file by thread pool-3-thread-1
 message  {Id=2129a550-ccc5-49b7-9186-f88bfa418bfd,FirstNumber=617,secondNumber=1201}  added by thread pool-3-thread-6
 message  {Id=2129a550-ccc5-49b7-9186-f88bfa418bfd,FirstNumber=617,secondNumber=1201}  written to file by thread pool-3-thread-1
 message  {Id=16ecbfa5-2b43-4f68-b110-53c6c6fbca7a,FirstNumber=111,secondNumber=706}  added by thread pool-3-thread-6
 message  {Id=16ecbfa5-2b43-4f68-b110-53c6c6fbca7a,FirstNumber=111,secondNumber=706}  written to file by thread pool-3-thread-3
 message  {Id=7fb24b7d-6f18-40fa-a07d-6a8236325979,FirstNumber=296,secondNumber=1924}  added by thread pool-3-thread-6
 message  {Id=7fb24b7d-6f18-40fa-a07d-6a8236325979,FirstNumber=296,secondNumber=1924}  written to file by thread pool-3-thread-4
 message  {Id=0208ea84-c76e-4688-821d-9e3679172ed0,FirstNumber=318,secondNumber=546}  added by thread pool-3-thread-6
 message  {Id=0208ea84-c76e-4688-821d-9e3679172ed0,FirstNumber=318,secondNumber=546}  written to file by thread pool-3-thread-4
 message  {Id=0eb5654d-db49-4d96-8e90-5a4beddaf25d,FirstNumber=314,secondNumber=639}  added by thread pool-3-thread-6
 message  {Id=0eb5654d-db49-4d96-8e90-5a4beddaf25d,FirstNumber=314,secondNumber=639}  written to file by thread pool-3-thread-5
 message  {Id=94914777-57a5-4db7-92f1-0ab05a4cd967,FirstNumber=800,secondNumber=236}  added by thread pool-3-thread-6
 message  {Id=94914777-57a5-4db7-92f1-0ab05a4cd967,FirstNumber=800,secondNumber=236}  written to file by thread pool-3-thread-1
 message  {Id=3e994cb4-b33b-490d-befc-a3f2bad282d4,FirstNumber=176,secondNumber=1869}  added by thread pool-3-thread-6
 message  {Id=3e994cb4-b33b-490d-befc-a3f2bad282d4,FirstNumber=176,secondNumber=1869}  written to file by thread pool-3-thread-3
 message  {Id=4327386e-8af4-48cf-96c1-d44cbd3038c2,FirstNumber=638,secondNumber=1824}  added by thread pool-3-thread-6
 message  {Id=4327386e-8af4-48cf-96c1-d44cbd3038c2,FirstNumber=638,secondNumber=1824}  written to file by thread pool-3-thread-2
 message  {Id=ea8b2d5a-0dd4-44eb-a835-303cc2cc033c,FirstNumber=715,secondNumber=741}  added by thread pool-3-thread-6
 message  {Id=ea8b2d5a-0dd4-44eb-a835-303cc2cc033c,FirstNumber=715,secondNumber=741}  written to file by thread pool-3-thread-4
 message  {Id=2951611a-06d8-471d-b273-d01be3873adb,FirstNumber=493,secondNumber=898}  added by thread pool-3-thread-6
 message  {Id=2951611a-06d8-471d-b273-d01be3873adb,FirstNumber=493,secondNumber=898}  written to file by thread pool-3-thread-5
 message  {Id=2fa057ac-8e1c-4651-a96d-56af0309e61d,FirstNumber=357,secondNumber=669}  added by thread pool-3-thread-6
 message  {Id=2fa057ac-8e1c-4651-a96d-56af0309e61d,FirstNumber=357,secondNumber=669}  written to file by thread pool-3-thread-1
 message  {Id=aa7d3fab-1bbb-4d99-818a-d3a87cec4366,FirstNumber=404,secondNumber=292}  added by thread pool-3-thread-6
 message  {Id=aa7d3fab-1bbb-4d99-818a-d3a87cec4366,FirstNumber=404,secondNumber=292}  written to file by thread pool-3-thread-1
 message  {Id=88a7ce27-91f6-46ea-a0f9-d592bb88950a,FirstNumber=192,secondNumber=1996}  added by thread pool-3-thread-6
 message  {Id=88a7ce27-91f6-46ea-a0f9-d592bb88950a,FirstNumber=192,secondNumber=1996}  written to file by thread pool-3-thread-2
 message  {Id=e1562973-4df0-45c7-9e50-81328585672a,FirstNumber=323,secondNumber=545}  added by thread pool-3-thread-6
 message  {Id=e1562973-4df0-45c7-9e50-81328585672a,FirstNumber=323,secondNumber=545}  written to file by thread pool-3-thread-2
 message  {Id=e51edf30-6ea3-4f79-85b6-0f24b6db4199,FirstNumber=444,secondNumber=123}  added by thread pool-3-thread-6
 message  {Id=e51edf30-6ea3-4f79-85b6-0f24b6db4199,FirstNumber=444,secondNumber=123}  written to file by thread pool-3-thread-2
 message  {Id=f0c9a8b3-6dfa-45dd-ab15-308e6532eab9,FirstNumber=465,secondNumber=85}  added by thread pool-3-thread-6
 message  {Id=f0c9a8b3-6dfa-45dd-ab15-308e6532eab9,FirstNumber=465,secondNumber=85}  written to file by thread pool-3-thread-3
 message  {Id=dcf4fafb-43d7-4118-b9f8-4dc5ef2a6133,FirstNumber=671,secondNumber=41}  added by thread pool-3-thread-6
 message  {Id=dcf4fafb-43d7-4118-b9f8-4dc5ef2a6133,FirstNumber=671,secondNumber=41}  written to file by thread pool-3-thread-1
 message  {Id=66068b0f-1278-42d7-918b-6fd104fc5307,FirstNumber=999,secondNumber=1656}  added by thread pool-3-thread-6
 message  {Id=66068b0f-1278-42d7-918b-6fd104fc5307,FirstNumber=999,secondNumber=1656}  written to file by thread pool-3-thread-4
 message  {Id=b14fc17a-8dae-43cc-a638-f7635f7a3764,FirstNumber=748,secondNumber=1063}  added by thread pool-3-thread-6
 message  {Id=b14fc17a-8dae-43cc-a638-f7635f7a3764,FirstNumber=748,secondNumber=1063}  written to file by thread pool-3-thread-4
 message  {Id=03b83f37-c61c-427c-8db3-5d2b00b4466f,FirstNumber=669,secondNumber=965}  added by thread pool-3-thread-6
 message  {Id=03b83f37-c61c-427c-8db3-5d2b00b4466f,FirstNumber=669,secondNumber=965}  written to file by thread pool-3-thread-2
 message  {Id=f2d8d1f1-27c2-498d-a96f-f7088be250e4,FirstNumber=443,secondNumber=183}  added by thread pool-3-thread-6
 message  {Id=f2d8d1f1-27c2-498d-a96f-f7088be250e4,FirstNumber=443,secondNumber=183}  written to file by thread pool-3-thread-3
 message  {Id=324494b9-0da7-4130-9999-0acd1554d9fe,FirstNumber=698,secondNumber=239}  added by thread pool-3-thread-6
 message  {Id=324494b9-0da7-4130-9999-0acd1554d9fe,FirstNumber=698,secondNumber=239}  written to file by thread pool-3-thread-1
 message  {Id=311015c2-f572-4607-aa82-635d35a087e7,FirstNumber=26,secondNumber=117}  added by thread pool-3-thread-6
 message  {Id=311015c2-f572-4607-aa82-635d35a087e7,FirstNumber=26,secondNumber=117}  written to file by thread pool-3-thread-5
 message  {Id=8ae633c4-188e-4547-8707-a0957bdaea25,FirstNumber=16,secondNumber=1341}  added by thread pool-3-thread-6
 message  {Id=8ae633c4-188e-4547-8707-a0957bdaea25,FirstNumber=16,secondNumber=1341}  written to file by thread pool-3-thread-5
 message  {Id=cd2d7cb1-5d4d-4793-b20f-4376763838ef,FirstNumber=900,secondNumber=1482}  added by thread pool-3-thread-6
 message  {Id=cd2d7cb1-5d4d-4793-b20f-4376763838ef,FirstNumber=900,secondNumber=1482}  written to file by thread pool-3-thread-2
 message  {Id=d24b95d8-32b8-448d-8c54-fec8b45745d3,FirstNumber=268,secondNumber=195}  added by thread pool-3-thread-6
 message  {Id=d24b95d8-32b8-448d-8c54-fec8b45745d3,FirstNumber=268,secondNumber=195}  written to file by thread pool-3-thread-2
 message  {Id=6e062d57-8c6a-4884-abb8-5075d913bf89,FirstNumber=447,secondNumber=316}  added by thread pool-3-thread-6
 message  {Id=6e062d57-8c6a-4884-abb8-5075d913bf89,FirstNumber=447,secondNumber=316}  written to file by thread pool-3-thread-2
 message  {Id=707bdb0a-9e57-4e01-aad3-5ccfa0509840,FirstNumber=533,secondNumber=1785}  added by thread pool-3-thread-6
 message  {Id=707bdb0a-9e57-4e01-aad3-5ccfa0509840,FirstNumber=533,secondNumber=1785}  written to file by thread pool-3-thread-4
 message  {Id=58ae6893-d7ab-4491-bca9-aead020017a8,FirstNumber=667,secondNumber=565}  added by thread pool-3-thread-6
 message  {Id=58ae6893-d7ab-4491-bca9-aead020017a8,FirstNumber=667,secondNumber=565}  written to file by thread pool-3-thread-5
 message  {Id=20d5cbb6-c0ba-4e56-b575-90d77ff2f994,FirstNumber=364,secondNumber=414}  added by thread pool-3-thread-6
 message  {Id=20d5cbb6-c0ba-4e56-b575-90d77ff2f994,FirstNumber=364,secondNumber=414}  written to file by thread pool-3-thread-3
 message  {Id=3c864d11-842f-4cee-a31e-21475dfe004c,FirstNumber=425,secondNumber=1269}  added by thread pool-3-thread-6
 message  {Id=3c864d11-842f-4cee-a31e-21475dfe004c,FirstNumber=425,secondNumber=1269}  written to file by thread pool-3-thread-1
 message  {Id=13e1b617-fc19-4b13-8d9a-8062e3054290,FirstNumber=411,secondNumber=1676}  added by thread pool-3-thread-6
 message  {Id=13e1b617-fc19-4b13-8d9a-8062e3054290,FirstNumber=411,secondNumber=1676}  written to file by thread pool-3-thread-2
 message  {Id=7bf07015-ea69-4bb9-b02d-e9da23f02727,FirstNumber=119,secondNumber=1320}  added by thread pool-3-thread-6
 message  {Id=7bf07015-ea69-4bb9-b02d-e9da23f02727,FirstNumber=119,secondNumber=1320}  written to file by thread pool-3-thread-4
 message  {Id=9aa238cf-cb0e-4204-8e93-451e83f9e24e,FirstNumber=693,secondNumber=1943}  added by thread pool-3-thread-6
 message  {Id=9aa238cf-cb0e-4204-8e93-451e83f9e24e,FirstNumber=693,secondNumber=1943}  written to file by thread pool-3-thread-4
 message  {Id=0b5a30e7-15a4-4df4-b253-689d5592702e,FirstNumber=233,secondNumber=1608}  added by thread pool-3-thread-6
 message  {Id=0b5a30e7-15a4-4df4-b253-689d5592702e,FirstNumber=233,secondNumber=1608}  written to file by thread pool-3-thread-4
 message  {Id=45d6006b-3031-45b8-a535-ad1be25c1a71,FirstNumber=692,secondNumber=1829}  added by thread pool-3-thread-6
 message  {Id=45d6006b-3031-45b8-a535-ad1be25c1a71,FirstNumber=692,secondNumber=1829}  written to file by thread pool-3-thread-1
 message  {Id=06bc5637-858e-4fc7-9b3d-50d625b64766,FirstNumber=289,secondNumber=1111}  added by thread pool-3-thread-6
 message  {Id=06bc5637-858e-4fc7-9b3d-50d625b64766,FirstNumber=289,secondNumber=1111}  written to file by thread pool-3-thread-1
 message  {Id=6d6ec726-66e4-4e0d-b68c-c281a7f4660f,FirstNumber=339,secondNumber=975}  added by thread pool-3-thread-6
 message  {Id=6d6ec726-66e4-4e0d-b68c-c281a7f4660f,FirstNumber=339,secondNumber=975}  written to file by thread pool-3-thread-5
 message  {Id=950697b7-df9f-46ad-baab-078a3c849e2a,FirstNumber=261,secondNumber=1129}  added by thread pool-3-thread-6
 message  {Id=950697b7-df9f-46ad-baab-078a3c849e2a,FirstNumber=261,secondNumber=1129}  written to file by thread pool-3-thread-5
 message  {Id=bcde6b75-882b-4726-bda9-862d1c3f4997,FirstNumber=645,secondNumber=778}  added by thread pool-3-thread-6
 message  {Id=bcde6b75-882b-4726-bda9-862d1c3f4997,FirstNumber=645,secondNumber=778}  written to file by thread pool-3-thread-5
 message  {Id=7b7a4993-291a-4c22-9f1b-11b7dca21ff3,FirstNumber=495,secondNumber=440}  added by thread pool-3-thread-6
 message  {Id=7b7a4993-291a-4c22-9f1b-11b7dca21ff3,FirstNumber=495,secondNumber=440}  written to file by thread pool-3-thread-5
 message  {Id=600d1061-b019-4b69-ae79-aed42c70c5f7,FirstNumber=430,secondNumber=674}  added by thread pool-3-thread-6
 message  {Id=600d1061-b019-4b69-ae79-aed42c70c5f7,FirstNumber=430,secondNumber=674}  written to file by thread pool-3-thread-1
 message  {Id=9dc6e7b0-d6f6-4ef3-b7c4-e1e29f1b0ff4,FirstNumber=471,secondNumber=1256}  added by thread pool-3-thread-6
 message  {Id=9dc6e7b0-d6f6-4ef3-b7c4-e1e29f1b0ff4,FirstNumber=471,secondNumber=1256}  written to file by thread pool-3-thread-3
 message  {Id=71cb430d-ef41-4708-b362-5b53b77f0f61,FirstNumber=951,secondNumber=1570}  added by thread pool-3-thread-6
 message  {Id=71cb430d-ef41-4708-b362-5b53b77f0f61,FirstNumber=951,secondNumber=1570}  written to file by thread pool-3-thread-3
 message  {Id=4b02e47b-f482-413d-9c63-f3ff434738ab,FirstNumber=472,secondNumber=1095}  added by thread pool-3-thread-6
 message  {Id=4b02e47b-f482-413d-9c63-f3ff434738ab,FirstNumber=472,secondNumber=1095}  written to file by thread pool-3-thread-3
 message  {Id=286af955-5e28-4a45-95e6-a3aa2ab6589d,FirstNumber=634,secondNumber=1827}  added by thread pool-3-thread-6
 message  {Id=286af955-5e28-4a45-95e6-a3aa2ab6589d,FirstNumber=634,secondNumber=1827}  written to file by thread pool-3-thread-5
 message  {Id=ee3f50dc-1c26-4ba6-9441-7c6d110b2dae,FirstNumber=651,secondNumber=1131}  added by thread pool-3-thread-6
 message  {Id=ee3f50dc-1c26-4ba6-9441-7c6d110b2dae,FirstNumber=651,secondNumber=1131}  written to file by thread pool-3-thread-1
 message  {Id=23d1444b-625c-4cf9-9385-d8bad863da92,FirstNumber=893,secondNumber=1943}  added by thread pool-3-thread-6
 message  {Id=23d1444b-625c-4cf9-9385-d8bad863da92,FirstNumber=893,secondNumber=1943}  written to file by thread pool-3-thread-4
 message  {Id=072a55b2-d272-4e82-b32d-8e6b1ce6a0f5,FirstNumber=557,secondNumber=1736}  added by thread pool-3-thread-6
 message  {Id=072a55b2-d272-4e82-b32d-8e6b1ce6a0f5,FirstNumber=557,secondNumber=1736}  written to file by thread pool-3-thread-2
 message  {Id=8504ec8c-7f00-4bea-a9f6-4d21916b485c,FirstNumber=887,secondNumber=1354}  added by thread pool-3-thread-6
 message  {Id=8504ec8c-7f00-4bea-a9f6-4d21916b485c,FirstNumber=887,secondNumber=1354}  written to file by thread pool-3-thread-2
 message  {Id=d2d860dd-30af-4ee8-93c9-db0f069f1e40,FirstNumber=981,secondNumber=277}  added by thread pool-3-thread-6
 message  {Id=d2d860dd-30af-4ee8-93c9-db0f069f1e40,FirstNumber=981,secondNumber=277}  written to file by thread pool-3-thread-2
 message  {Id=2c6346e0-0c56-40d7-9a13-7162ef138abc,FirstNumber=83,secondNumber=64}  added by thread pool-3-thread-6
 message  {Id=2c6346e0-0c56-40d7-9a13-7162ef138abc,FirstNumber=83,secondNumber=64}  written to file by thread pool-3-thread-1
 message  {Id=72ebac71-0b34-48b3-88c7-f36a5641a108,FirstNumber=980,secondNumber=1884}  added by thread pool-3-thread-6
 message  {Id=72ebac71-0b34-48b3-88c7-f36a5641a108,FirstNumber=980,secondNumber=1884}  written to file by thread pool-3-thread-1
 message  {Id=e0c2fb69-9049-4f9b-b646-2fadf0960df4,FirstNumber=623,secondNumber=782}  added by thread pool-3-thread-6
 message  {Id=e0c2fb69-9049-4f9b-b646-2fadf0960df4,FirstNumber=623,secondNumber=782}  written to file by thread pool-3-thread-3
 message  {Id=108b9995-5a79-423a-8ea6-c82e7967ef98,FirstNumber=93,secondNumber=721}  added by thread pool-3-thread-6
 message  {Id=108b9995-5a79-423a-8ea6-c82e7967ef98,FirstNumber=93,secondNumber=721}  written to file by thread pool-3-thread-5
 message  {Id=7afa69bd-5c6d-4bb6-8ed8-c8983ed33bac,FirstNumber=473,secondNumber=1781}  added by thread pool-3-thread-6
 message  {Id=7afa69bd-5c6d-4bb6-8ed8-c8983ed33bac,FirstNumber=473,secondNumber=1781}  written to file by thread pool-3-thread-2
 message  {Id=05d73785-12ff-4388-9627-08f51f65a2bf,FirstNumber=7,secondNumber=1520}  added by thread pool-3-thread-6
 message  {Id=05d73785-12ff-4388-9627-08f51f65a2bf,FirstNumber=7,secondNumber=1520}  written to file by thread pool-3-thread-4
 message  {Id=cd0514d8-89af-4301-b589-337e37d45913,FirstNumber=385,secondNumber=1336}  added by thread pool-3-thread-6
 message  {Id=cd0514d8-89af-4301-b589-337e37d45913,FirstNumber=385,secondNumber=1336}  written to file by thread pool-3-thread-1
 message  {Id=d2298f52-01ba-44af-86c3-5a8783dc1a52,FirstNumber=65,secondNumber=578}  added by thread pool-3-thread-6
 message  {Id=d2298f52-01ba-44af-86c3-5a8783dc1a52,FirstNumber=65,secondNumber=578}  written to file by thread pool-3-thread-1
 message  {Id=4572e273-3d64-4317-b428-9eec853df866,FirstNumber=755,secondNumber=399}  added by thread pool-3-thread-6
 message  {Id=4572e273-3d64-4317-b428-9eec853df866,FirstNumber=755,secondNumber=399}  written to file by thread pool-3-thread-1
 message  {Id=a5e10afb-3b2b-4cfb-9f9a-321f90b4fb66,FirstNumber=410,secondNumber=499}  added by thread pool-3-thread-6
 message  {Id=a5e10afb-3b2b-4cfb-9f9a-321f90b4fb66,FirstNumber=410,secondNumber=499}  written to file by thread pool-3-thread-1
 message  {Id=598c1c66-5bdd-49dc-aef5-c231025d58e7,FirstNumber=212,secondNumber=1371}  added by thread pool-3-thread-6
 message  {Id=598c1c66-5bdd-49dc-aef5-c231025d58e7,FirstNumber=212,secondNumber=1371}  written to file by thread pool-3-thread-4
 message  {Id=f0c76279-68b7-4840-80d8-aa8a26310231,FirstNumber=49,secondNumber=367}  added by thread pool-3-thread-6
 message  {Id=f0c76279-68b7-4840-80d8-aa8a26310231,FirstNumber=49,secondNumber=367}  written to file by thread pool-3-thread-4
 message  {Id=007e1a43-866e-4db0-8d80-3bc699980ac1,FirstNumber=79,secondNumber=1917}  added by thread pool-3-thread-6
 message  {Id=007e1a43-866e-4db0-8d80-3bc699980ac1,FirstNumber=79,secondNumber=1917}  written to file by thread pool-3-thread-5
 message  {Id=02da092a-93f9-4eda-a253-9d996d1f30ea,FirstNumber=344,secondNumber=624}  added by thread pool-3-thread-6
 message  {Id=02da092a-93f9-4eda-a253-9d996d1f30ea,FirstNumber=344,secondNumber=624}  written to file by thread pool-3-thread-2
 message  {Id=bd1888fe-d1c5-4a61-9b3a-e7b5865b45ad,FirstNumber=27,secondNumber=1278}  added by thread pool-3-thread-6
 message  {Id=bd1888fe-d1c5-4a61-9b3a-e7b5865b45ad,FirstNumber=27,secondNumber=1278}  written to file by thread pool-3-thread-2
 message  {Id=f0713d21-4182-42db-8cf9-d5d591699cdb,FirstNumber=905,secondNumber=953}  added by thread pool-3-thread-6
 message  {Id=f0713d21-4182-42db-8cf9-d5d591699cdb,FirstNumber=905,secondNumber=953}  written to file by thread pool-3-thread-3
 message  {Id=b30b1b1c-ba75-458f-bf87-401d86ce1100,FirstNumber=791,secondNumber=675}  added by thread pool-3-thread-6
 message  {Id=b30b1b1c-ba75-458f-bf87-401d86ce1100,FirstNumber=791,secondNumber=675}  written to file by thread pool-3-thread-4
 message  {Id=010d4621-3d0b-42a6-9325-714786acc76e,FirstNumber=180,secondNumber=1795}  added by thread pool-3-thread-6
 message  {Id=010d4621-3d0b-42a6-9325-714786acc76e,FirstNumber=180,secondNumber=1795}  written to file by thread pool-3-thread-5
 message  {Id=31ae4217-ff9c-4f36-8a4e-d59e9bbb157a,FirstNumber=450,secondNumber=1010}  added by thread pool-3-thread-6
 message  {Id=31ae4217-ff9c-4f36-8a4e-d59e9bbb157a,FirstNumber=450,secondNumber=1010}  written to file by thread pool-3-thread-5
 message  {Id=e0172390-3e8e-4ca4-9883-84403a09eab6,FirstNumber=662,secondNumber=901}  added by thread pool-3-thread-6
 message  {Id=e0172390-3e8e-4ca4-9883-84403a09eab6,FirstNumber=662,secondNumber=901}  written to file by thread pool-3-thread-5
 message  {Id=4389bb37-5c90-44cc-8c4c-287fbeed5e53,FirstNumber=963,secondNumber=984}  added by thread pool-3-thread-6
 message  {Id=4389bb37-5c90-44cc-8c4c-287fbeed5e53,FirstNumber=963,secondNumber=984}  written to file by thread pool-3-thread-3
 message  {Id=fceef46d-a46b-474f-be8c-d0d56d85a294,FirstNumber=24,secondNumber=1207}  added by thread pool-3-thread-6
 message  {Id=fceef46d-a46b-474f-be8c-d0d56d85a294,FirstNumber=24,secondNumber=1207}  written to file by thread pool-3-thread-3
 message  {Id=4cc4900c-b74f-4a53-9eb1-c3b0d2a6cc94,FirstNumber=669,secondNumber=596}  added by thread pool-3-thread-6
 message  {Id=4cc4900c-b74f-4a53-9eb1-c3b0d2a6cc94,FirstNumber=669,secondNumber=596}  written to file by thread pool-3-thread-3
 message  {Id=56b63e17-d4e2-431a-af1e-777e520110c8,FirstNumber=544,secondNumber=450}  added by thread pool-3-thread-6
 message  {Id=56b63e17-d4e2-431a-af1e-777e520110c8,FirstNumber=544,secondNumber=450}  written to file by thread pool-3-thread-3
 message  {Id=07163ba1-0694-4b78-9077-c806e3f32de5,FirstNumber=557,secondNumber=1383}  added by thread pool-3-thread-6
 message  {Id=07163ba1-0694-4b78-9077-c806e3f32de5,FirstNumber=557,secondNumber=1383}  written to file by thread pool-3-thread-5
 message  {Id=53cf017f-02a1-4a15-984d-1ab793aaef6d,FirstNumber=806,secondNumber=1553}  added by thread pool-3-thread-6
 message  {Id=53cf017f-02a1-4a15-984d-1ab793aaef6d,FirstNumber=806,secondNumber=1553}  written to file by thread pool-3-thread-4
 message  {Id=40e20314-d248-45ee-b63d-52192a03e3f6,FirstNumber=531,secondNumber=1421}  added by thread pool-3-thread-6
 message  {Id=40e20314-d248-45ee-b63d-52192a03e3f6,FirstNumber=531,secondNumber=1421}  written to file by thread pool-3-thread-4
 message  {Id=97931b7f-e497-4ecb-902b-83182998af3d,FirstNumber=558,secondNumber=931}  added by thread pool-3-thread-6
 message  {Id=97931b7f-e497-4ecb-902b-83182998af3d,FirstNumber=558,secondNumber=931}  written to file by thread pool-3-thread-2
 message  {Id=4dd27793-dada-432e-9d04-c431efc2631e,FirstNumber=345,secondNumber=1542}  added by thread pool-3-thread-6
 message  {Id=4dd27793-dada-432e-9d04-c431efc2631e,FirstNumber=345,secondNumber=1542}  written to file by thread pool-3-thread-2
 message  {Id=426b1729-4770-40ed-8cb5-1695685ea3e6,FirstNumber=707,secondNumber=1543}  added by thread pool-3-thread-6
 message  {Id=426b1729-4770-40ed-8cb5-1695685ea3e6,FirstNumber=707,secondNumber=1543}  written to file by thread pool-3-thread-2
 message  {Id=b531a81b-8cb8-4138-8ecf-a4d12fc75ef5,FirstNumber=646,secondNumber=653}  added by thread pool-3-thread-6
 message  {Id=b531a81b-8cb8-4138-8ecf-a4d12fc75ef5,FirstNumber=646,secondNumber=653}  written to file by thread pool-3-thread-1
 message  {Id=6152d2c8-abad-44fa-8296-7ed72985b17a,FirstNumber=128,secondNumber=1935}  added by thread pool-3-thread-6
 message  {Id=6152d2c8-abad-44fa-8296-7ed72985b17a,FirstNumber=128,secondNumber=1935}  written to file by thread pool-3-thread-1
 message  {Id=b89ee711-5969-4113-a6fc-71b69120b6f4,FirstNumber=873,secondNumber=1229}  added by thread pool-3-thread-6
 message  {Id=b89ee711-5969-4113-a6fc-71b69120b6f4,FirstNumber=873,secondNumber=1229}  written to file by thread pool-3-thread-3
 message  {Id=6dd48be6-1bc0-4fbf-895d-01dc9dcaebed,FirstNumber=614,secondNumber=1320}  added by thread pool-3-thread-6
 message  {Id=6dd48be6-1bc0-4fbf-895d-01dc9dcaebed,FirstNumber=614,secondNumber=1320}  written to file by thread pool-3-thread-5
 message  {Id=045b2bf2-a173-4a43-854c-86ffe644505a,FirstNumber=959,secondNumber=521}  added by thread pool-3-thread-6
 message  {Id=045b2bf2-a173-4a43-854c-86ffe644505a,FirstNumber=959,secondNumber=521}  written to file by thread pool-3-thread-5
 message  {Id=9d899345-3a0e-440d-b5ed-26f4ace22083,FirstNumber=439,secondNumber=1392}  added by thread pool-3-thread-6
 message  {Id=9d899345-3a0e-440d-b5ed-26f4ace22083,FirstNumber=439,secondNumber=1392}  written to file by thread pool-3-thread-5
 message  {Id=b5819a28-25ca-47d8-b69f-445df0a7b681,FirstNumber=135,secondNumber=1767}  added by thread pool-3-thread-6
 message  {Id=b5819a28-25ca-47d8-b69f-445df0a7b681,FirstNumber=135,secondNumber=1767}  written to file by thread pool-3-thread-1
 message  {Id=6f077684-c5a3-4c35-9b42-b313946a1504,FirstNumber=894,secondNumber=1287}  added by thread pool-3-thread-6
 message  {Id=6f077684-c5a3-4c35-9b42-b313946a1504,FirstNumber=894,secondNumber=1287}  written to file by thread pool-3-thread-3
 message  {Id=184aa211-5a3f-41ee-9e17-ff5b7cd6d625,FirstNumber=912,secondNumber=1501}  added by thread pool-3-thread-6
 message  {Id=184aa211-5a3f-41ee-9e17-ff5b7cd6d625,FirstNumber=912,secondNumber=1501}  written to file by thread pool-3-thread-3
 message  {Id=b6b27b14-61d5-4165-8336-3a3659000d11,FirstNumber=249,secondNumber=1264}  added by thread pool-3-thread-6
 message  {Id=b6b27b14-61d5-4165-8336-3a3659000d11,FirstNumber=249,secondNumber=1264}  written to file by thread pool-3-thread-3
 message  {Id=13b60ac0-1cad-4b67-b365-a8e73e3d2b31,FirstNumber=126,secondNumber=355}  added by thread pool-3-thread-6
 message  {Id=13b60ac0-1cad-4b67-b365-a8e73e3d2b31,FirstNumber=126,secondNumber=355}  written to file by thread pool-3-thread-5
 message  {Id=e26fe874-4427-41a8-8e3f-0f88b1d3f12f,FirstNumber=596,secondNumber=1846}  added by thread pool-3-thread-6
 message  {Id=e26fe874-4427-41a8-8e3f-0f88b1d3f12f,FirstNumber=596,secondNumber=1846}  written to file by thread pool-3-thread-5
 message  {Id=36600152-fe37-4b27-a19b-4045df0d67af,FirstNumber=287,secondNumber=221}  added by thread pool-3-thread-6
 message  {Id=36600152-fe37-4b27-a19b-4045df0d67af,FirstNumber=287,secondNumber=221}  written to file by thread pool-3-thread-2
 message  {Id=c3b90e7d-a4ec-46d3-a049-3a105a8709e9,FirstNumber=318,secondNumber=1970}  added by thread pool-3-thread-6
 message  {Id=c3b90e7d-a4ec-46d3-a049-3a105a8709e9,FirstNumber=318,secondNumber=1970}  written to file by thread pool-3-thread-4
 message  {Id=c6dafd4f-4327-4d88-8b28-ee4621e50b1d,FirstNumber=416,secondNumber=910}  added by thread pool-3-thread-6
 message  {Id=c6dafd4f-4327-4d88-8b28-ee4621e50b1d,FirstNumber=416,secondNumber=910}  written to file by thread pool-3-thread-3
 message  {Id=d83b8c17-5f90-4ca6-a778-cfe6dbd979e8,FirstNumber=214,secondNumber=746}  added by thread pool-3-thread-6
 message  {Id=d83b8c17-5f90-4ca6-a778-cfe6dbd979e8,FirstNumber=214,secondNumber=746}  written to file by thread pool-3-thread-3
 message  {Id=3a1ce222-ee4c-4c8a-8b51-7502ca5cb64d,FirstNumber=723,secondNumber=1273}  added by thread pool-3-thread-6
 message  {Id=3a1ce222-ee4c-4c8a-8b51-7502ca5cb64d,FirstNumber=723,secondNumber=1273}  written to file by thread pool-3-thread-5
 message  {Id=2049e91e-28aa-4ad6-bfc5-552d52bb113d,FirstNumber=47,secondNumber=558}  added by thread pool-3-thread-6
 message  {Id=2049e91e-28aa-4ad6-bfc5-552d52bb113d,FirstNumber=47,secondNumber=558}  written to file by thread pool-3-thread-5
 message  {Id=55e2d0a7-10b8-4ca4-a6c4-16a29970c178,FirstNumber=186,secondNumber=220}  added by thread pool-3-thread-6
 message  {Id=55e2d0a7-10b8-4ca4-a6c4-16a29970c178,FirstNumber=186,secondNumber=220}  written to file by thread pool-3-thread-4
 message  {Id=b191dab3-bd39-4fb6-b4ff-9273af6f95e9,FirstNumber=388,secondNumber=935}  added by thread pool-3-thread-6
 message  {Id=b191dab3-bd39-4fb6-b4ff-9273af6f95e9,FirstNumber=388,secondNumber=935}  written to file by thread pool-3-thread-4
 message  {Id=c69c6b72-1d28-4525-9076-8845f0c197f6,FirstNumber=476,secondNumber=633}  added by thread pool-3-thread-6
 message  {Id=c69c6b72-1d28-4525-9076-8845f0c197f6,FirstNumber=476,secondNumber=633}  written to file by thread pool-3-thread-3
 message  {Id=30e5bd6e-853a-4b18-8501-aaaa366d4270,FirstNumber=874,secondNumber=517}  added by thread pool-3-thread-6
 message  {Id=30e5bd6e-853a-4b18-8501-aaaa366d4270,FirstNumber=874,secondNumber=517}  written to file by thread pool-3-thread-3
 message  {Id=1bc982ec-95da-4a89-b1a1-f07f948d9d98,FirstNumber=525,secondNumber=481}  added by thread pool-3-thread-6
 message  {Id=1bc982ec-95da-4a89-b1a1-f07f948d9d98,FirstNumber=525,secondNumber=481}  written to file by thread pool-3-thread-5
 message  {Id=90e459af-4f53-4bd1-9b87-6e8b9b06bec6,FirstNumber=865,secondNumber=1684}  added by thread pool-3-thread-6
 message  {Id=90e459af-4f53-4bd1-9b87-6e8b9b06bec6,FirstNumber=865,secondNumber=1684}  written to file by thread pool-3-thread-1
 message  {Id=011ded95-50d3-4d26-a263-2802b5bcbbc7,FirstNumber=911,secondNumber=662}  added by thread pool-3-thread-6
 message  {Id=011ded95-50d3-4d26-a263-2802b5bcbbc7,FirstNumber=911,secondNumber=662}  written to file by thread pool-3-thread-4
 message  {Id=5e533a20-5679-47d3-b1f7-54cbb7515733,FirstNumber=276,secondNumber=1112}  added by thread pool-3-thread-6
 message  {Id=5e533a20-5679-47d3-b1f7-54cbb7515733,FirstNumber=276,secondNumber=1112}  written to file by thread pool-3-thread-4
 message  {Id=87180b08-9632-4ca3-af77-80e1bbff3e1a,FirstNumber=43,secondNumber=1300}  added by thread pool-3-thread-6
 message  {Id=87180b08-9632-4ca3-af77-80e1bbff3e1a,FirstNumber=43,secondNumber=1300}  written to file by thread pool-3-thread-3
 message  {Id=e5f1f4e0-7e7c-44a1-a94f-74ac1a62cb6f,FirstNumber=405,secondNumber=676}  added by thread pool-3-thread-6
 message  {Id=e5f1f4e0-7e7c-44a1-a94f-74ac1a62cb6f,FirstNumber=405,secondNumber=676}  written to file by thread pool-3-thread-3
 message  {Id=b9178260-21a9-4f92-887b-83211e625bc0,FirstNumber=401,secondNumber=1608}  added by thread pool-3-thread-6
 message  {Id=b9178260-21a9-4f92-887b-83211e625bc0,FirstNumber=401,secondNumber=1608}  written to file by thread pool-3-thread-3
 message  {Id=b7bdf0ba-097d-4876-a716-95742a93a133,FirstNumber=228,secondNumber=1620}  added by thread pool-3-thread-6
 message  {Id=b7bdf0ba-097d-4876-a716-95742a93a133,FirstNumber=228,secondNumber=1620}  written to file by thread pool-3-thread-2
 message  {Id=e2d69664-807a-4c49-ade9-ca0ce9788853,FirstNumber=827,secondNumber=1064}  added by thread pool-3-thread-6
 message  {Id=e2d69664-807a-4c49-ade9-ca0ce9788853,FirstNumber=827,secondNumber=1064}  written to file by thread pool-3-thread-2
 message  {Id=b1a2735a-3ba3-4e24-a786-ff8a17a4a985,FirstNumber=105,secondNumber=1860}  added by thread pool-3-thread-6
 message  {Id=b1a2735a-3ba3-4e24-a786-ff8a17a4a985,FirstNumber=105,secondNumber=1860}  written to file by thread pool-3-thread-5
 message  {Id=efa993d9-6b85-4a15-b7aa-3f77d39c0b43,FirstNumber=458,secondNumber=583}  added by thread pool-3-thread-6
 message  {Id=efa993d9-6b85-4a15-b7aa-3f77d39c0b43,FirstNumber=458,secondNumber=583}  written to file by thread pool-3-thread-5
 message  {Id=6a73470f-3b0c-4edf-973e-fd81de0a937b,FirstNumber=518,secondNumber=1853}  added by thread pool-3-thread-6
 message  {Id=6a73470f-3b0c-4edf-973e-fd81de0a937b,FirstNumber=518,secondNumber=1853}  written to file by thread pool-3-thread-3
 message  {Id=2e712047-c13c-4801-acb7-aa25b8091018,FirstNumber=101,secondNumber=843}  added by thread pool-3-thread-6
 message  {Id=2e712047-c13c-4801-acb7-aa25b8091018,FirstNumber=101,secondNumber=843}  written to file by thread pool-3-thread-3
 message  {Id=820d5094-4595-408c-8823-6fdeee4f381a,FirstNumber=158,secondNumber=741}  added by thread pool-3-thread-6
 message  {Id=820d5094-4595-408c-8823-6fdeee4f381a,FirstNumber=158,secondNumber=741}  written to file by thread pool-3-thread-3
 message  {Id=7b0fec18-9bbc-4e57-9bad-b5905af631b0,FirstNumber=741,secondNumber=429}  added by thread pool-3-thread-6
 message  {Id=7b0fec18-9bbc-4e57-9bad-b5905af631b0,FirstNumber=741,secondNumber=429}  written to file by thread pool-3-thread-1
 message  {Id=5cbf53a2-abd9-4b79-b546-af6ee48e73a5,FirstNumber=82,secondNumber=79}  added by thread pool-3-thread-6
 message  {Id=5cbf53a2-abd9-4b79-b546-af6ee48e73a5,FirstNumber=82,secondNumber=79}  written to file by thread pool-3-thread-1
 message  {Id=b08e6333-6bcc-4987-a16a-8a6638da2abb,FirstNumber=231,secondNumber=1664}  added by thread pool-3-thread-6
 message  {Id=b08e6333-6bcc-4987-a16a-8a6638da2abb,FirstNumber=231,secondNumber=1664}  written to file by thread pool-3-thread-1
 message  {Id=b6691be7-c0a7-44f0-8319-9900d373a4bd,FirstNumber=168,secondNumber=1709}  added by thread pool-3-thread-6
 message  {Id=b6691be7-c0a7-44f0-8319-9900d373a4bd,FirstNumber=168,secondNumber=1709}  written to file by thread pool-3-thread-1
 message  {Id=8084076d-9435-4228-9937-d1c656df1e6b,FirstNumber=855,secondNumber=355}  added by thread pool-3-thread-6
 message  {Id=8084076d-9435-4228-9937-d1c656df1e6b,FirstNumber=855,secondNumber=355}  written to file by thread pool-3-thread-3
 message  {Id=556dc4c3-37eb-4811-bd07-2ce7265b57e2,FirstNumber=966,secondNumber=310}  added by thread pool-3-thread-6
 message  {Id=556dc4c3-37eb-4811-bd07-2ce7265b57e2,FirstNumber=966,secondNumber=310}  written to file by thread pool-3-thread-3
 message  {Id=ea9b1b22-5364-4a03-b55b-991c82ff9863,FirstNumber=724,secondNumber=182}  added by thread pool-3-thread-6
 message  {Id=ea9b1b22-5364-4a03-b55b-991c82ff9863,FirstNumber=724,secondNumber=182}  written to file by thread pool-3-thread-4
 message  {Id=7674072e-ec4f-4f26-be24-12644c6ab6f7,FirstNumber=50,secondNumber=671}  added by thread pool-3-thread-6
 message  {Id=7674072e-ec4f-4f26-be24-12644c6ab6f7,FirstNumber=50,secondNumber=671}  written to file by thread pool-3-thread-2
 message  {Id=bea04966-0dfb-477b-b78f-bf299ba82f94,FirstNumber=823,secondNumber=1129}  added by thread pool-3-thread-6
 message  {Id=bea04966-0dfb-477b-b78f-bf299ba82f94,FirstNumber=823,secondNumber=1129}  written to file by thread pool-3-thread-1
 message  {Id=0833eecc-3702-4527-a510-159497531033,FirstNumber=894,secondNumber=738}  added by thread pool-3-thread-6
 message  {Id=0833eecc-3702-4527-a510-159497531033,FirstNumber=894,secondNumber=738}  written to file by thread pool-3-thread-1
 message  {Id=d463799b-ab63-4c64-bc0d-e703f5c0014c,FirstNumber=862,secondNumber=33}  added by thread pool-3-thread-6
 message  {Id=d463799b-ab63-4c64-bc0d-e703f5c0014c,FirstNumber=862,secondNumber=33}  written to file by thread pool-3-thread-1
 message  {Id=46d3c5a4-705f-4672-9ad9-a4fe426280b4,FirstNumber=985,secondNumber=813}  added by thread pool-3-thread-6
 message  {Id=46d3c5a4-705f-4672-9ad9-a4fe426280b4,FirstNumber=985,secondNumber=813}  written to file by thread pool-3-thread-1
 message  {Id=7080c3cc-951e-4e75-aec9-33ec5a88659a,FirstNumber=123,secondNumber=874}  added by thread pool-3-thread-6
 message  {Id=7080c3cc-951e-4e75-aec9-33ec5a88659a,FirstNumber=123,secondNumber=874}  written to file by thread pool-3-thread-2
 message  {Id=d35424c4-9cad-4737-8763-656544e0351b,FirstNumber=121,secondNumber=828}  added by thread pool-3-thread-6
 message  {Id=d35424c4-9cad-4737-8763-656544e0351b,FirstNumber=121,secondNumber=828}  written to file by thread pool-3-thread-2
 message  {Id=3ba6719a-bd80-4c3f-ae3a-9a9be451210e,FirstNumber=682,secondNumber=1019}  added by thread pool-3-thread-6
 message  {Id=3ba6719a-bd80-4c3f-ae3a-9a9be451210e,FirstNumber=682,secondNumber=1019}  written to file by thread pool-3-thread-3
 message  {Id=8efaf8c8-4793-4e3c-803c-281861c5cc4b,FirstNumber=261,secondNumber=616}  added by thread pool-3-thread-6
 message  {Id=8efaf8c8-4793-4e3c-803c-281861c5cc4b,FirstNumber=261,secondNumber=616}  written to file by thread pool-3-thread-3
 message  {Id=7377af69-459b-42c9-b48e-b55b0d0f1665,FirstNumber=192,secondNumber=93}  added by thread pool-3-thread-6
 message  {Id=7377af69-459b-42c9-b48e-b55b0d0f1665,FirstNumber=192,secondNumber=93}  written to file by thread pool-3-thread-1
 message  {Id=75927cbb-33d2-46f4-b6c8-9b1320b2dd7a,FirstNumber=583,secondNumber=131}  added by thread pool-3-thread-6
 message  {Id=75927cbb-33d2-46f4-b6c8-9b1320b2dd7a,FirstNumber=583,secondNumber=131}  written to file by thread pool-3-thread-1
 message  {Id=31f7115a-9930-43d7-bbc8-10ebc87efc76,FirstNumber=681,secondNumber=1893}  added by thread pool-3-thread-6
 message  {Id=31f7115a-9930-43d7-bbc8-10ebc87efc76,FirstNumber=681,secondNumber=1893}  written to file by thread pool-3-thread-1
 message  {Id=f56441a5-a34a-4ce0-bd86-d3ef42b76740,FirstNumber=944,secondNumber=1828}  added by thread pool-3-thread-6
 message  {Id=f56441a5-a34a-4ce0-bd86-d3ef42b76740,FirstNumber=944,secondNumber=1828}  written to file by thread pool-3-thread-4
 message  {Id=cce08595-bae9-4906-bc5c-86bec9464435,FirstNumber=714,secondNumber=537}  added by thread pool-3-thread-6
 message  {Id=cce08595-bae9-4906-bc5c-86bec9464435,FirstNumber=714,secondNumber=537}  written to file by thread pool-3-thread-4
 message  {Id=52fc53e7-a3ed-44d2-8c57-eb68b5b8414f,FirstNumber=8,secondNumber=501}  added by thread pool-3-thread-6
 message  {Id=52fc53e7-a3ed-44d2-8c57-eb68b5b8414f,FirstNumber=8,secondNumber=501}  written to file by thread pool-3-thread-4
 message  {Id=9d75cabb-822b-4f9f-a98b-75862c4678d1,FirstNumber=942,secondNumber=594}  added by thread pool-3-thread-6
 message  {Id=9d75cabb-822b-4f9f-a98b-75862c4678d1,FirstNumber=942,secondNumber=594}  written to file by thread pool-3-thread-4
 message  {Id=dff0c087-4870-4090-9340-419b2cd143d6,FirstNumber=929,secondNumber=533}  added by thread pool-3-thread-6
 message  {Id=dff0c087-4870-4090-9340-419b2cd143d6,FirstNumber=929,secondNumber=533}  written to file by thread pool-3-thread-4
 message  {Id=03c683a6-2dd4-42fe-80a2-0223a3b0808f,FirstNumber=35,secondNumber=1393}  added by thread pool-3-thread-6
 message  {Id=03c683a6-2dd4-42fe-80a2-0223a3b0808f,FirstNumber=35,secondNumber=1393}  written to file by thread pool-3-thread-3
 message  {Id=c38ed25f-2e11-49e5-93f5-2398893b4ebb,FirstNumber=647,secondNumber=1581}  added by thread pool-3-thread-6
 message  {Id=c38ed25f-2e11-49e5-93f5-2398893b4ebb,FirstNumber=647,secondNumber=1581}  written to file by thread pool-3-thread-5
 message  {Id=a677c784-b847-46bd-a094-f164c8be5836,FirstNumber=865,secondNumber=854}  added by thread pool-3-thread-6
 message  {Id=a677c784-b847-46bd-a094-f164c8be5836,FirstNumber=865,secondNumber=854}  written to file by thread pool-3-thread-2
 message  {Id=096d3961-12e3-4137-9349-646a59c73763,FirstNumber=882,secondNumber=1259}  added by thread pool-3-thread-6
 message  {Id=096d3961-12e3-4137-9349-646a59c73763,FirstNumber=882,secondNumber=1259}  written to file by thread pool-3-thread-1
 message  {Id=a1bce043-3e62-465e-ace9-a0359a315664,FirstNumber=632,secondNumber=1223}  added by thread pool-3-thread-6
 message  {Id=a1bce043-3e62-465e-ace9-a0359a315664,FirstNumber=632,secondNumber=1223}  written to file by thread pool-3-thread-1
 message  {Id=04e51060-8d2f-414e-b3ae-80d555947880,FirstNumber=436,secondNumber=1186}  added by thread pool-3-thread-6
 message  {Id=04e51060-8d2f-414e-b3ae-80d555947880,FirstNumber=436,secondNumber=1186}  written to file by thread pool-3-thread-3
 message  {Id=11362820-77b7-4669-bcbf-28c4ff164091,FirstNumber=253,secondNumber=989}  added by thread pool-3-thread-6
 message  {Id=11362820-77b7-4669-bcbf-28c4ff164091,FirstNumber=253,secondNumber=989}  written to file by thread pool-3-thread-3
 message  {Id=19e956d0-f5e0-4ac3-8208-714484dc7149,FirstNumber=937,secondNumber=35}  added by thread pool-3-thread-6
 message  {Id=19e956d0-f5e0-4ac3-8208-714484dc7149,FirstNumber=937,secondNumber=35}  written to file by thread pool-3-thread-3
 message  {Id=9532ada0-2ac0-406a-a356-2e8909d4dfc7,FirstNumber=631,secondNumber=1401}  added by thread pool-3-thread-6
 message  {Id=9532ada0-2ac0-406a-a356-2e8909d4dfc7,FirstNumber=631,secondNumber=1401}  written to file by thread pool-3-thread-4
 message  {Id=35a6ac04-4f9d-4322-a8ec-f39652c83570,FirstNumber=235,secondNumber=203}  added by thread pool-3-thread-6
 message  {Id=35a6ac04-4f9d-4322-a8ec-f39652c83570,FirstNumber=235,secondNumber=203}  written to file by thread pool-3-thread-4
 message  {Id=5e0f21d0-a1cf-4d23-9705-cc5d81e592ee,FirstNumber=978,secondNumber=666}  added by thread pool-3-thread-6
 message  {Id=5e0f21d0-a1cf-4d23-9705-cc5d81e592ee,FirstNumber=978,secondNumber=666}  written to file by thread pool-3-thread-4
 message  {Id=dd315c62-762b-4451-acee-5667a4ea10d7,FirstNumber=454,secondNumber=1662}  added by thread pool-3-thread-6
 message  {Id=dd315c62-762b-4451-acee-5667a4ea10d7,FirstNumber=454,secondNumber=1662}  written to file by thread pool-3-thread-4
 message  {Id=5c152985-896b-4368-a2a9-7643848a5db7,FirstNumber=770,secondNumber=192}  added by thread pool-3-thread-6
 message  {Id=5c152985-896b-4368-a2a9-7643848a5db7,FirstNumber=770,secondNumber=192}  written to file by thread pool-3-thread-3
 message  {Id=de8e5bd2-c974-4553-aceb-5d5780155e72,FirstNumber=592,secondNumber=597}  added by thread pool-3-thread-6
 message  {Id=de8e5bd2-c974-4553-aceb-5d5780155e72,FirstNumber=592,secondNumber=597}  written to file by thread pool-3-thread-1
 message  {Id=00e698f8-f368-4bc4-97a7-432dd96509d8,FirstNumber=30,secondNumber=1951}  added by thread pool-3-thread-6
 message  {Id=00e698f8-f368-4bc4-97a7-432dd96509d8,FirstNumber=30,secondNumber=1951}  written to file by thread pool-3-thread-5
 message  {Id=7cd695d2-39ef-4ab2-9884-a5c15a6268d6,FirstNumber=720,secondNumber=1496}  added by thread pool-3-thread-6
 message  {Id=7cd695d2-39ef-4ab2-9884-a5c15a6268d6,FirstNumber=720,secondNumber=1496}  written to file by thread pool-3-thread-2
 message  {Id=8cfb6a7f-d2c4-4bb6-a3e5-1046a13172c1,FirstNumber=259,secondNumber=1987}  added by thread pool-3-thread-6
 message  {Id=8cfb6a7f-d2c4-4bb6-a3e5-1046a13172c1,FirstNumber=259,secondNumber=1987}  written to file by thread pool-3-thread-2
 message  {Id=859d18cd-a0a9-4fca-989b-05ac58fb809c,FirstNumber=500,secondNumber=1551}  added by thread pool-3-thread-6
 message  {Id=859d18cd-a0a9-4fca-989b-05ac58fb809c,FirstNumber=500,secondNumber=1551}  written to file by thread pool-3-thread-2
 message  {Id=d24c15d9-b81d-4d42-ae03-77cfaa2747a0,FirstNumber=140,secondNumber=1775}  added by thread pool-3-thread-6
 message  {Id=d24c15d9-b81d-4d42-ae03-77cfaa2747a0,FirstNumber=140,secondNumber=1775}  written to file by thread pool-3-thread-2
 message  {Id=f583d3d4-74af-4603-819a-74e74295e151,FirstNumber=443,secondNumber=363}  added by thread pool-3-thread-6
 message  {Id=f583d3d4-74af-4603-819a-74e74295e151,FirstNumber=443,secondNumber=363}  written to file by thread pool-3-thread-2
 message  {Id=3e608c25-d57d-41df-ac7f-37933f258563,FirstNumber=125,secondNumber=105}  added by thread pool-3-thread-6
 message  {Id=3e608c25-d57d-41df-ac7f-37933f258563,FirstNumber=125,secondNumber=105}  written to file by thread pool-3-thread-2
 message  {Id=519c41d4-9025-410c-a0a3-90b5e56cf462,FirstNumber=709,secondNumber=1282}  added by thread pool-3-thread-6
 message  {Id=519c41d4-9025-410c-a0a3-90b5e56cf462,FirstNumber=709,secondNumber=1282}  written to file by thread pool-3-thread-3
 message  {Id=51dea805-dab7-40ec-aaa0-c3e583501c07,FirstNumber=572,secondNumber=339}  added by thread pool-3-thread-6
 message  {Id=51dea805-dab7-40ec-aaa0-c3e583501c07,FirstNumber=572,secondNumber=339}  written to file by thread pool-3-thread-3
 message  {Id=5a216d73-3e8e-492f-8db3-d1c70fbd028b,FirstNumber=371,secondNumber=117}  added by thread pool-3-thread-6
 message  {Id=5a216d73-3e8e-492f-8db3-d1c70fbd028b,FirstNumber=371,secondNumber=117}  written to file by thread pool-3-thread-3
 message  {Id=7c6648dc-a977-4782-b138-3a3fdd44ec65,FirstNumber=430,secondNumber=534}  added by thread pool-3-thread-6
 message  {Id=7c6648dc-a977-4782-b138-3a3fdd44ec65,FirstNumber=430,secondNumber=534}  written to file by thread pool-3-thread-4
 message  {Id=b11b4fac-0322-49d1-91d2-8b945bf9ed6a,FirstNumber=323,secondNumber=691}  added by thread pool-3-thread-6
 message  {Id=b11b4fac-0322-49d1-91d2-8b945bf9ed6a,FirstNumber=323,secondNumber=691}  written to file by thread pool-3-thread-2
 message  {Id=4393aaca-d2d5-41fd-b834-8c49b2519a08,FirstNumber=769,secondNumber=1730}  added by thread pool-3-thread-6
 message  {Id=77710b2b-1036-4867-9277-82f5e4f8063a,FirstNumber=702,secondNumber=154}  added by thread pool-3-thread-6
 message  {Id=4393aaca-d2d5-41fd-b834-8c49b2519a08,FirstNumber=769,secondNumber=1730}  written to file by thread pool-3-thread-1
 message  {Id=77710b2b-1036-4867-9277-82f5e4f8063a,FirstNumber=702,secondNumber=154}  written to file by thread pool-3-thread-5
 message  {Id=73192234-cc9e-4bcc-90f0-2fc57d796324,FirstNumber=260,secondNumber=298}  added by thread pool-3-thread-6
 message  {Id=73192234-cc9e-4bcc-90f0-2fc57d796324,FirstNumber=260,secondNumber=298}  written to file by thread pool-3-thread-3
 message  {Id=ad487fe1-421d-4deb-bdeb-3de19bb6e1fd,FirstNumber=96,secondNumber=42}  added by thread pool-3-thread-6
 message  {Id=ad487fe1-421d-4deb-bdeb-3de19bb6e1fd,FirstNumber=96,secondNumber=42}  written to file by thread pool-3-thread-4
 message  {Id=01ec9cda-4866-46b0-8ae1-f960201b43cb,FirstNumber=363,secondNumber=794}  added by thread pool-3-thread-6
 message  {Id=01ec9cda-4866-46b0-8ae1-f960201b43cb,FirstNumber=363,secondNumber=794}  written to file by thread pool-3-thread-2
 message  {Id=7c2b74fa-626a-4f9e-b991-e421bd4f7993,FirstNumber=689,secondNumber=571}  added by thread pool-3-thread-6
 message  {Id=7c2b74fa-626a-4f9e-b991-e421bd4f7993,FirstNumber=689,secondNumber=571}  written to file by thread pool-3-thread-1
 message  {Id=f5fc792c-19ec-47fa-a860-232918a432a6,FirstNumber=752,secondNumber=1907}  added by thread pool-3-thread-6
 message  {Id=f5fc792c-19ec-47fa-a860-232918a432a6,FirstNumber=752,secondNumber=1907}  written to file by thread pool-3-thread-1
 message  {Id=bb22845d-95ff-4c94-9880-904a37c96719,FirstNumber=748,secondNumber=69}  added by thread pool-3-thread-6
 message  {Id=bb22845d-95ff-4c94-9880-904a37c96719,FirstNumber=748,secondNumber=69}  written to file by thread pool-3-thread-1
 message  {Id=540056e6-3f36-47b0-bec3-cd8b4088bfb1,FirstNumber=732,secondNumber=943}  added by thread pool-3-thread-6
 message  {Id=634fa128-4b74-4bf8-bfac-526ac554cf3a,FirstNumber=222,secondNumber=31}  added by thread pool-3-thread-6
 message  {Id=540056e6-3f36-47b0-bec3-cd8b4088bfb1,FirstNumber=732,secondNumber=943}  written to file by thread pool-3-thread-4
 message  {Id=634fa128-4b74-4bf8-bfac-526ac554cf3a,FirstNumber=222,secondNumber=31}  written to file by thread pool-3-thread-2
 message  {Id=38fe1abc-c205-4fe0-8528-212292e94e8b,FirstNumber=172,secondNumber=411}  added by thread pool-3-thread-6
 message  {Id=38fe1abc-c205-4fe0-8528-212292e94e8b,FirstNumber=172,secondNumber=411}  written to file by thread pool-3-thread-2
 message  {Id=20235113-9ef2-4d99-b57e-c072f9a8f28b,FirstNumber=758,secondNumber=1227}  added by thread pool-3-thread-6
 message  {Id=20235113-9ef2-4d99-b57e-c072f9a8f28b,FirstNumber=758,secondNumber=1227}  written to file by thread pool-3-thread-3
 message  {Id=dcd7afb3-da39-40fa-b4b7-fec2cc041b48,FirstNumber=974,secondNumber=1492}  added by thread pool-3-thread-6
 message  {Id=dcd7afb3-da39-40fa-b4b7-fec2cc041b48,FirstNumber=974,secondNumber=1492}  written to file by thread pool-3-thread-3
 message  {Id=5a42fefe-c538-4684-aa11-26dd0d627b72,FirstNumber=769,secondNumber=357}  added by thread pool-3-thread-6
 message  {Id=5a42fefe-c538-4684-aa11-26dd0d627b72,FirstNumber=769,secondNumber=357}  written to file by thread pool-3-thread-4
 message  {Id=1c902996-293e-4e89-98c8-d363f5789ead,FirstNumber=480,secondNumber=1895}  added by thread pool-3-thread-6
 message  {Id=1c902996-293e-4e89-98c8-d363f5789ead,FirstNumber=480,secondNumber=1895}  written to file by thread pool-3-thread-4
 message  {Id=243693b5-1c6f-4aa7-bea2-7bd22408baa5,FirstNumber=134,secondNumber=883}  added by thread pool-3-thread-6
 message  {Id=243693b5-1c6f-4aa7-bea2-7bd22408baa5,FirstNumber=134,secondNumber=883}  written to file by thread pool-3-thread-4
 message  {Id=c3c515d6-84fc-42db-9907-9a06c8353b44,FirstNumber=306,secondNumber=1684}  added by thread pool-3-thread-6
 message  {Id=c3c515d6-84fc-42db-9907-9a06c8353b44,FirstNumber=306,secondNumber=1684}  written to file by thread pool-3-thread-1
 message  {Id=358c1eb6-971b-46b2-aa83-c1007ff957d6,FirstNumber=569,secondNumber=485}  added by thread pool-3-thread-6
 message  {Id=358c1eb6-971b-46b2-aa83-c1007ff957d6,FirstNumber=569,secondNumber=485}  written to file by thread pool-3-thread-3
 message  {Id=65cee3c2-204e-4848-9ce3-23337ecfcb20,FirstNumber=212,secondNumber=1206}  added by thread pool-3-thread-6
 message  {Id=65cee3c2-204e-4848-9ce3-23337ecfcb20,FirstNumber=212,secondNumber=1206}  written to file by thread pool-3-thread-5
 message  {Id=55ed4a65-b499-4b6b-93ff-2e163522f6ab,FirstNumber=761,secondNumber=394}  added by thread pool-3-thread-6
 message  {Id=55ed4a65-b499-4b6b-93ff-2e163522f6ab,FirstNumber=761,secondNumber=394}  written to file by thread pool-3-thread-2
 message  {Id=758bf377-31e2-4b7d-84de-d872b647dd21,FirstNumber=301,secondNumber=58}  added by thread pool-3-thread-6
 message  {Id=758bf377-31e2-4b7d-84de-d872b647dd21,FirstNumber=301,secondNumber=58}  written to file by thread pool-3-thread-2
 message  {Id=9c1d0917-59dd-4be3-94dd-f57a20512242,FirstNumber=727,secondNumber=1380}  added by thread pool-3-thread-6
 message  {Id=9c1d0917-59dd-4be3-94dd-f57a20512242,FirstNumber=727,secondNumber=1380}  written to file by thread pool-3-thread-2
 message  {Id=286275e6-2372-4ee3-82c9-12966d8b4591,FirstNumber=272,secondNumber=924}  added by thread pool-3-thread-6
 message  {Id=286275e6-2372-4ee3-82c9-12966d8b4591,FirstNumber=272,secondNumber=924}  written to file by thread pool-3-thread-3
 message  {Id=2ebf5c77-59fa-4927-b60b-bbf2ec6f7057,FirstNumber=466,secondNumber=1107}  added by thread pool-3-thread-6
 message  {Id=2ebf5c77-59fa-4927-b60b-bbf2ec6f7057,FirstNumber=466,secondNumber=1107}  written to file by thread pool-3-thread-5
 message  {Id=f7769c51-e6e3-4fad-b55a-58c544cebfbd,FirstNumber=338,secondNumber=1150}  added by thread pool-3-thread-6
 message  {Id=f7769c51-e6e3-4fad-b55a-58c544cebfbd,FirstNumber=338,secondNumber=1150}  written to file by thread pool-3-thread-5
 message  {Id=5f669be2-55ed-4879-84ce-c64c0775a671,FirstNumber=114,secondNumber=76}  added by thread pool-3-thread-6
 message  {Id=5f669be2-55ed-4879-84ce-c64c0775a671,FirstNumber=114,secondNumber=76}  written to file by thread pool-3-thread-1
 message  {Id=21c99d44-5d55-4c8e-8e56-8095d85c82fb,FirstNumber=998,secondNumber=247}  added by thread pool-3-thread-6
 message  {Id=21c99d44-5d55-4c8e-8e56-8095d85c82fb,FirstNumber=998,secondNumber=247}  written to file by thread pool-3-thread-1
 message  {Id=03e0e33c-c337-4705-a43c-601a00fe93b4,FirstNumber=934,secondNumber=1000}  added by thread pool-3-thread-6
 message  {Id=03e0e33c-c337-4705-a43c-601a00fe93b4,FirstNumber=934,secondNumber=1000}  written to file by thread pool-3-thread-1
 message  {Id=e0ee80d9-9850-49d6-8bf9-a15b12d11f38,FirstNumber=585,secondNumber=812}  added by thread pool-3-thread-6
 message  {Id=e0ee80d9-9850-49d6-8bf9-a15b12d11f38,FirstNumber=585,secondNumber=812}  written to file by thread pool-3-thread-4
 message  {Id=52e1aa13-3019-4d97-ad17-9068b7698562,FirstNumber=272,secondNumber=766}  added by thread pool-3-thread-6
 message  {Id=52e1aa13-3019-4d97-ad17-9068b7698562,FirstNumber=272,secondNumber=766}  written to file by thread pool-3-thread-5
 message  {Id=baf25763-4941-45e9-a817-521cfed86e0c,FirstNumber=50,secondNumber=1118}  added by thread pool-3-thread-6
 message  {Id=baf25763-4941-45e9-a817-521cfed86e0c,FirstNumber=50,secondNumber=1118}  written to file by thread pool-3-thread-2
 message  {Id=7403a299-198b-4f57-9a11-5694c2303a83,FirstNumber=917,secondNumber=1550}  added by thread pool-3-thread-6
 message  {Id=7403a299-198b-4f57-9a11-5694c2303a83,FirstNumber=917,secondNumber=1550}  written to file by thread pool-3-thread-2
 message  {Id=cf1d185d-a1a8-4dd7-9f2e-5197b1c55e55,FirstNumber=377,secondNumber=752}  added by thread pool-3-thread-6
 message  {Id=cf1d185d-a1a8-4dd7-9f2e-5197b1c55e55,FirstNumber=377,secondNumber=752}  written to file by thread pool-3-thread-1
 message  {Id=0e98a83d-32f5-4e0d-8844-6145ea629047,FirstNumber=855,secondNumber=1126}  added by thread pool-3-thread-6
 message  {Id=0e98a83d-32f5-4e0d-8844-6145ea629047,FirstNumber=855,secondNumber=1126}  written to file by thread pool-3-thread-4
 message  {Id=e7c3515e-9d2c-484e-99a7-d2b223917da2,FirstNumber=554,secondNumber=678}  added by thread pool-3-thread-6
 message  {Id=e7c3515e-9d2c-484e-99a7-d2b223917da2,FirstNumber=554,secondNumber=678}  written to file by thread pool-3-thread-5
 message  {Id=0f4fdcdf-d870-403e-9dda-682d437afdde,FirstNumber=267,secondNumber=961}  added by thread pool-3-thread-6
 message  {Id=0f4fdcdf-d870-403e-9dda-682d437afdde,FirstNumber=267,secondNumber=961}  written to file by thread pool-3-thread-3
 message  {Id=75cc34c9-5277-4400-8e1f-4b0c603ac9c1,FirstNumber=390,secondNumber=407}  added by thread pool-3-thread-6
 message  {Id=75cc34c9-5277-4400-8e1f-4b0c603ac9c1,FirstNumber=390,secondNumber=407}  written to file by thread pool-3-thread-3
 message  {Id=00b6bec3-48cb-4014-ba30-bba568597183,FirstNumber=788,secondNumber=930}  added by thread pool-3-thread-6
 message  {Id=00b6bec3-48cb-4014-ba30-bba568597183,FirstNumber=788,secondNumber=930}  written to file by thread pool-3-thread-1
 message  {Id=48e4f8e0-f099-48bf-9f11-e0267ad113da,FirstNumber=55,secondNumber=1131}  added by thread pool-3-thread-6
 message  {Id=48e4f8e0-f099-48bf-9f11-e0267ad113da,FirstNumber=55,secondNumber=1131}  written to file by thread pool-3-thread-4
 message  {Id=d6a1b7fe-8b15-4a32-9439-5076de9445e7,FirstNumber=699,secondNumber=1807}  added by thread pool-3-thread-6
 message  {Id=d6a1b7fe-8b15-4a32-9439-5076de9445e7,FirstNumber=699,secondNumber=1807}  written to file by thread pool-3-thread-5
 message  {Id=38e1cafc-0d6b-41f0-9f81-63c0f82e523c,FirstNumber=317,secondNumber=123}  added by thread pool-3-thread-6
 message  {Id=38e1cafc-0d6b-41f0-9f81-63c0f82e523c,FirstNumber=317,secondNumber=123}  written to file by thread pool-3-thread-5
 message  {Id=31b89d44-954a-4e0f-b6d4-937dbdd57815,FirstNumber=986,secondNumber=243}  added by thread pool-3-thread-6
 message  {Id=31b89d44-954a-4e0f-b6d4-937dbdd57815,FirstNumber=986,secondNumber=243}  written to file by thread pool-3-thread-5
 message  {Id=69c494eb-9eb9-4496-8ee2-74d9bf21c71d,FirstNumber=165,secondNumber=1310}  added by thread pool-3-thread-6
 message  {Id=69c494eb-9eb9-4496-8ee2-74d9bf21c71d,FirstNumber=165,secondNumber=1310}  written to file by thread pool-3-thread-5
 message  {Id=87607a5a-c4bc-4cf0-8e26-b6abff9ba909,FirstNumber=141,secondNumber=1974}  added by thread pool-3-thread-6
 message  {Id=87607a5a-c4bc-4cf0-8e26-b6abff9ba909,FirstNumber=141,secondNumber=1974}  written to file by thread pool-3-thread-5
 message  {Id=6760d97f-6fb9-4c37-b22c-7214650be1e5,FirstNumber=318,secondNumber=1080}  added by thread pool-3-thread-6
 message  {Id=6760d97f-6fb9-4c37-b22c-7214650be1e5,FirstNumber=318,secondNumber=1080}  written to file by thread pool-3-thread-5
 message  {Id=c148f40f-db64-40d3-a3cc-916550e77e33,FirstNumber=180,secondNumber=467}  added by thread pool-3-thread-6
 message  {Id=c148f40f-db64-40d3-a3cc-916550e77e33,FirstNumber=180,secondNumber=467}  written to file by thread pool-3-thread-5
 message  {Id=2600a106-08e6-4e42-81c1-79311ed6e475,FirstNumber=935,secondNumber=1437}  added by thread pool-3-thread-6
 message  {Id=2600a106-08e6-4e42-81c1-79311ed6e475,FirstNumber=935,secondNumber=1437}  written to file by thread pool-3-thread-1
 message  {Id=baa739f2-845f-4c0b-a4f0-d3035b60c60d,FirstNumber=707,secondNumber=1470}  added by thread pool-3-thread-6
 message  {Id=baa739f2-845f-4c0b-a4f0-d3035b60c60d,FirstNumber=707,secondNumber=1470}  written to file by thread pool-3-thread-4
 message  {Id=80ff9583-c7c4-4292-bde4-c967e165a241,FirstNumber=696,secondNumber=590}  added by thread pool-3-thread-6
 message  {Id=80ff9583-c7c4-4292-bde4-c967e165a241,FirstNumber=696,secondNumber=590}  written to file by thread pool-3-thread-4
 message  {Id=526ca64a-2f3b-4a96-aa47-5c3954b09687,FirstNumber=866,secondNumber=1644}  added by thread pool-3-thread-6
 message  {Id=526ca64a-2f3b-4a96-aa47-5c3954b09687,FirstNumber=866,secondNumber=1644}  written to file by thread pool-3-thread-4
 message  {Id=7e41699c-a98d-4a41-b2b2-f615b8dcc36a,FirstNumber=245,secondNumber=1740}  added by thread pool-3-thread-6
 message  {Id=7e41699c-a98d-4a41-b2b2-f615b8dcc36a,FirstNumber=245,secondNumber=1740}  written to file by thread pool-3-thread-5
 message  {Id=e9add4b4-0f96-4a27-8787-fe050da4a51e,FirstNumber=825,secondNumber=265}  added by thread pool-3-thread-6
 message  {Id=e9add4b4-0f96-4a27-8787-fe050da4a51e,FirstNumber=825,secondNumber=265}  written to file by thread pool-3-thread-1
 message  {Id=00c81def-3486-45b7-8194-0aca903684c6,FirstNumber=964,secondNumber=351}  added by thread pool-3-thread-6
 message  {Id=00c81def-3486-45b7-8194-0aca903684c6,FirstNumber=964,secondNumber=351}  written to file by thread pool-3-thread-2
 message  {Id=77b05a12-8ea5-4079-972c-aa095d8b9695,FirstNumber=912,secondNumber=1616}  added by thread pool-3-thread-6
 message  {Id=77b05a12-8ea5-4079-972c-aa095d8b9695,FirstNumber=912,secondNumber=1616}  written to file by thread pool-3-thread-2
 message  {Id=c6344fe2-1182-4500-9958-bd9ca8ff8194,FirstNumber=62,secondNumber=378}  added by thread pool-3-thread-6
 message  {Id=c6344fe2-1182-4500-9958-bd9ca8ff8194,FirstNumber=62,secondNumber=378}  written to file by thread pool-3-thread-2
 message  {Id=499a858e-bb9f-4181-817a-a425ac90ac24,FirstNumber=427,secondNumber=909}  added by thread pool-3-thread-6
 message  {Id=499a858e-bb9f-4181-817a-a425ac90ac24,FirstNumber=427,secondNumber=909}  written to file by thread pool-3-thread-2
 message  {Id=5e12002c-3f81-427a-a579-fea70a3db72b,FirstNumber=586,secondNumber=1171}  added by thread pool-3-thread-6
 message  {Id=5e12002c-3f81-427a-a579-fea70a3db72b,FirstNumber=586,secondNumber=1171}  written to file by thread pool-3-thread-1
 message  {Id=4becb3af-1079-4ca2-ac31-468683201686,FirstNumber=386,secondNumber=852}  added by thread pool-3-thread-6
 message  {Id=4becb3af-1079-4ca2-ac31-468683201686,FirstNumber=386,secondNumber=852}  written to file by thread pool-3-thread-3
 message  {Id=ce4dfda3-51af-45f6-b4dd-cd0a1711bb39,FirstNumber=979,secondNumber=645}  added by thread pool-3-thread-6
 message  {Id=ce4dfda3-51af-45f6-b4dd-cd0a1711bb39,FirstNumber=979,secondNumber=645}  written to file by thread pool-3-thread-4
 message  {Id=3beb1fa9-04ed-4ffc-9702-fd98746cfa3a,FirstNumber=498,secondNumber=1456}  added by thread pool-3-thread-6
 message  {Id=3beb1fa9-04ed-4ffc-9702-fd98746cfa3a,FirstNumber=498,secondNumber=1456}  written to file by thread pool-3-thread-4
 message  {Id=2042fa0c-1c06-4d4f-ab0b-048a5d88a9aa,FirstNumber=768,secondNumber=201}  added by thread pool-3-thread-6
 message  {Id=2042fa0c-1c06-4d4f-ab0b-048a5d88a9aa,FirstNumber=768,secondNumber=201}  written to file by thread pool-3-thread-2
 message  {Id=a08fc50e-3467-497b-9c1a-9de2546ea409,FirstNumber=838,secondNumber=187}  added by thread pool-3-thread-6
 message  {Id=a08fc50e-3467-497b-9c1a-9de2546ea409,FirstNumber=838,secondNumber=187}  written to file by thread pool-3-thread-1
 message  {Id=370e2126-4964-49b9-b136-eba79d3bf3d2,FirstNumber=953,secondNumber=1926}  added by thread pool-3-thread-6
 message  {Id=370e2126-4964-49b9-b136-eba79d3bf3d2,FirstNumber=953,secondNumber=1926}  written to file by thread pool-3-thread-1
 message  {Id=e8bdde62-61a3-4078-a8b5-388cec8222e0,FirstNumber=349,secondNumber=1248}  added by thread pool-3-thread-6
 message  {Id=e8bdde62-61a3-4078-a8b5-388cec8222e0,FirstNumber=349,secondNumber=1248}  written to file by thread pool-3-thread-5
 message  {Id=9fb2e70a-07d5-48bb-9548-08974b1c3dc7,FirstNumber=192,secondNumber=107}  added by thread pool-3-thread-6
 message  {Id=9fb2e70a-07d5-48bb-9548-08974b1c3dc7,FirstNumber=192,secondNumber=107}  written to file by thread pool-3-thread-4
 message  {Id=e1f61453-ae54-40d4-b9de-15f9c416d46e,FirstNumber=575,secondNumber=928}  added by thread pool-3-thread-6
 message  {Id=e1f61453-ae54-40d4-b9de-15f9c416d46e,FirstNumber=575,secondNumber=928}  written to file by thread pool-3-thread-2
 message  {Id=348ef45b-27b1-44ea-a76e-9f6e96480d9c,FirstNumber=134,secondNumber=532}  added by thread pool-3-thread-6
 message  {Id=348ef45b-27b1-44ea-a76e-9f6e96480d9c,FirstNumber=134,secondNumber=532}  written to file by thread pool-3-thread-2
 message  {Id=ff706ce3-51ed-470e-a3d2-116f91f5fd91,FirstNumber=438,secondNumber=1178}  added by thread pool-3-thread-6
 message  {Id=ff706ce3-51ed-470e-a3d2-116f91f5fd91,FirstNumber=438,secondNumber=1178}  written to file by thread pool-3-thread-1
 message  {Id=5b0c8b2b-7765-4575-a5e0-3ec46fba9b9b,FirstNumber=526,secondNumber=1001}  added by thread pool-3-thread-6
 message  {Id=5b0c8b2b-7765-4575-a5e0-3ec46fba9b9b,FirstNumber=526,secondNumber=1001}  written to file by thread pool-3-thread-5
 message  {Id=83199c63-7584-418f-b8aa-36d480d49472,FirstNumber=492,secondNumber=157}  added by thread pool-3-thread-6
 message  {Id=83199c63-7584-418f-b8aa-36d480d49472,FirstNumber=492,secondNumber=157}  written to file by thread pool-3-thread-5
 message  {Id=6f460b62-03b1-411b-bf94-554d4c5f6354,FirstNumber=866,secondNumber=173}  added by thread pool-3-thread-6
 message  {Id=6f460b62-03b1-411b-bf94-554d4c5f6354,FirstNumber=866,secondNumber=173}  written to file by thread pool-3-thread-3
 message  {Id=4ce48ccd-4c5e-4ea3-9709-e0ae85f253c0,FirstNumber=349,secondNumber=934}  added by thread pool-3-thread-6
 message  {Id=4ce48ccd-4c5e-4ea3-9709-e0ae85f253c0,FirstNumber=349,secondNumber=934}  written to file by thread pool-3-thread-2
 message  {Id=e33904ac-8e31-41db-92f5-09b6c25c2718,FirstNumber=328,secondNumber=1270}  added by thread pool-3-thread-6
 message  {Id=e33904ac-8e31-41db-92f5-09b6c25c2718,FirstNumber=328,secondNumber=1270}  written to file by thread pool-3-thread-2
 message  {Id=a868b671-d636-4d8c-8986-60f77869d08c,FirstNumber=789,secondNumber=878}  added by thread pool-3-thread-6
 message  {Id=a868b671-d636-4d8c-8986-60f77869d08c,FirstNumber=789,secondNumber=878}  written to file by thread pool-3-thread-2
 message  {Id=511aa9cd-d321-4928-ac88-03af6f462eec,FirstNumber=594,secondNumber=955}  added by thread pool-3-thread-6
 message  {Id=511aa9cd-d321-4928-ac88-03af6f462eec,FirstNumber=594,secondNumber=955}  written to file by thread pool-3-thread-2
 message  {Id=1735f6d1-1bcb-4570-8fe5-0c4b3a0a0407,FirstNumber=172,secondNumber=1675}  added by thread pool-3-thread-6
 message  {Id=1735f6d1-1bcb-4570-8fe5-0c4b3a0a0407,FirstNumber=172,secondNumber=1675}  written to file by thread pool-3-thread-2
 message  {Id=ae947b48-9105-43f9-ae65-214d09b91a48,FirstNumber=784,secondNumber=1411}  added by thread pool-3-thread-6
 message  {Id=ae947b48-9105-43f9-ae65-214d09b91a48,FirstNumber=784,secondNumber=1411}  written to file by thread pool-3-thread-1
 message  {Id=74e44200-c2f8-4d22-acad-539a29ec29b1,FirstNumber=397,secondNumber=1913}  added by thread pool-3-thread-6
 message  {Id=74e44200-c2f8-4d22-acad-539a29ec29b1,FirstNumber=397,secondNumber=1913}  written to file by thread pool-3-thread-4
 message  {Id=f5c86496-9171-4757-ab5b-3b23c284620e,FirstNumber=686,secondNumber=1075}  added by thread pool-3-thread-6
 message  {Id=f5c86496-9171-4757-ab5b-3b23c284620e,FirstNumber=686,secondNumber=1075}  written to file by thread pool-3-thread-4
 message  {Id=97737899-4d92-4512-890b-d767943fbdf1,FirstNumber=7,secondNumber=1710}  added by thread pool-3-thread-6
 message  {Id=97737899-4d92-4512-890b-d767943fbdf1,FirstNumber=7,secondNumber=1710}  written to file by thread pool-3-thread-4
 message  {Id=8e42d3e7-3684-484f-99aa-1cc46f8517c0,FirstNumber=558,secondNumber=1175}  added by thread pool-3-thread-6
 message  {Id=8e42d3e7-3684-484f-99aa-1cc46f8517c0,FirstNumber=558,secondNumber=1175}  written to file by thread pool-3-thread-2
 message  {Id=089f50e7-6f37-4f5d-b60a-97b98f629271,FirstNumber=35,secondNumber=555}  added by thread pool-3-thread-6
 message  {Id=089f50e7-6f37-4f5d-b60a-97b98f629271,FirstNumber=35,secondNumber=555}  written to file by thread pool-3-thread-1
 message  {Id=56260698-ee55-4beb-8c42-919b248117a7,FirstNumber=747,secondNumber=1241}  added by thread pool-3-thread-6
 message  {Id=56260698-ee55-4beb-8c42-919b248117a7,FirstNumber=747,secondNumber=1241}  written to file by thread pool-3-thread-1
 message  {Id=9745c2c7-a22b-445d-b7a5-e3abcb33bd3c,FirstNumber=790,secondNumber=1721}  added by thread pool-3-thread-6
 message  {Id=9745c2c7-a22b-445d-b7a5-e3abcb33bd3c,FirstNumber=790,secondNumber=1721}  written to file by thread pool-3-thread-3
 message  {Id=840d2e4a-5d4d-4e8c-bf23-f0c03e90b0c9,FirstNumber=507,secondNumber=1325}  added by thread pool-3-thread-6
 message  {Id=840d2e4a-5d4d-4e8c-bf23-f0c03e90b0c9,FirstNumber=507,secondNumber=1325}  written to file by thread pool-3-thread-4
 message  {Id=b94af2e6-1a67-4e03-be3d-6f7041cfd85f,FirstNumber=190,secondNumber=995}  added by thread pool-3-thread-6
 message  {Id=b94af2e6-1a67-4e03-be3d-6f7041cfd85f,FirstNumber=190,secondNumber=995}  written to file by thread pool-3-thread-2
 message  {Id=8e0baf68-070f-4f0a-ac3a-44f03917825a,FirstNumber=875,secondNumber=301}  added by thread pool-3-thread-6
 message  {Id=8e0baf68-070f-4f0a-ac3a-44f03917825a,FirstNumber=875,secondNumber=301}  written to file by thread pool-3-thread-5
 message  {Id=465d6891-e423-47b7-9fd1-81d20045e909,FirstNumber=166,secondNumber=21}  added by thread pool-3-thread-6
 message  {Id=465d6891-e423-47b7-9fd1-81d20045e909,FirstNumber=166,secondNumber=21}  written to file by thread pool-3-thread-1
 message  {Id=b340b38e-c610-43a7-b1aa-473de5a22fb6,FirstNumber=97,secondNumber=468}  added by thread pool-3-thread-6
 message  {Id=b340b38e-c610-43a7-b1aa-473de5a22fb6,FirstNumber=97,secondNumber=468}  written to file by thread pool-3-thread-3
 message  {Id=36ee3e27-31e8-4832-a788-f9fddc30c9b1,FirstNumber=584,secondNumber=1412}  added by thread pool-3-thread-6
 message  {Id=36ee3e27-31e8-4832-a788-f9fddc30c9b1,FirstNumber=584,secondNumber=1412}  written to file by thread pool-3-thread-4
 message  {Id=5bc35e83-9e91-409c-93d0-e77a395ae4ea,FirstNumber=557,secondNumber=1288}  added by thread pool-3-thread-6
 message  {Id=5bc35e83-9e91-409c-93d0-e77a395ae4ea,FirstNumber=557,secondNumber=1288}  written to file by thread pool-3-thread-4
 message  {Id=7e589801-b4c4-4f97-9a94-986714237106,FirstNumber=412,secondNumber=1760}  added by thread pool-3-thread-6
 message  {Id=7e589801-b4c4-4f97-9a94-986714237106,FirstNumber=412,secondNumber=1760}  written to file by thread pool-3-thread-4
 message  {Id=1d2778e4-2e94-45a5-8ed8-c0a0b7145eeb,FirstNumber=148,secondNumber=1214}  added by thread pool-3-thread-6
 message  {Id=1d2778e4-2e94-45a5-8ed8-c0a0b7145eeb,FirstNumber=148,secondNumber=1214}  written to file by thread pool-3-thread-1
 message  {Id=8552947d-9a5f-49aa-95bc-51402bad95c4,FirstNumber=496,secondNumber=262}  added by thread pool-3-thread-6
 message  {Id=8552947d-9a5f-49aa-95bc-51402bad95c4,FirstNumber=496,secondNumber=262}  written to file by thread pool-3-thread-3
 message  {Id=a8e0118b-1c7c-4853-afd3-cfbe4822499f,FirstNumber=876,secondNumber=1833}  added by thread pool-3-thread-6
 message  {Id=a8e0118b-1c7c-4853-afd3-cfbe4822499f,FirstNumber=876,secondNumber=1833}  written to file by thread pool-3-thread-2
 message  {Id=b6980789-ffbc-4d4a-9ad4-78d77768cb98,FirstNumber=747,secondNumber=424}  added by thread pool-3-thread-6
 message  {Id=b6980789-ffbc-4d4a-9ad4-78d77768cb98,FirstNumber=747,secondNumber=424}  written to file by thread pool-3-thread-5
 message  {Id=953c2b82-bcc6-4709-8f73-861f0bda4ea5,FirstNumber=969,secondNumber=973}  added by thread pool-3-thread-6
 message  {Id=953c2b82-bcc6-4709-8f73-861f0bda4ea5,FirstNumber=969,secondNumber=973}  written to file by thread pool-3-thread-5
 message  {Id=efddbf60-0e04-4ef1-a502-47f305d500fe,FirstNumber=56,secondNumber=1658}  added by thread pool-3-thread-6
 message  {Id=efddbf60-0e04-4ef1-a502-47f305d500fe,FirstNumber=56,secondNumber=1658}  written to file by thread pool-3-thread-5
 message  {Id=bd832ff5-006e-4a89-9bc2-e5b765e6dfa8,FirstNumber=835,secondNumber=1202}  added by thread pool-3-thread-6
 message  {Id=bd832ff5-006e-4a89-9bc2-e5b765e6dfa8,FirstNumber=835,secondNumber=1202}  written to file by thread pool-3-thread-3
 message  {Id=a8fbb7be-7a56-4c5a-a998-3d35d0a0febe,FirstNumber=271,secondNumber=1557}  added by thread pool-3-thread-6
 message  {Id=a8fbb7be-7a56-4c5a-a998-3d35d0a0febe,FirstNumber=271,secondNumber=1557}  written to file by thread pool-3-thread-3
 message  {Id=ef6158b5-4587-4b2b-a570-dc913eafd045,FirstNumber=55,secondNumber=1093}  added by thread pool-3-thread-6
 message  {Id=ef6158b5-4587-4b2b-a570-dc913eafd045,FirstNumber=55,secondNumber=1093}  written to file by thread pool-3-thread-4
 message  {Id=786a3006-4aba-4207-b5e3-25d2c345b3bc,FirstNumber=129,secondNumber=471}  added by thread pool-3-thread-6
 message  {Id=786a3006-4aba-4207-b5e3-25d2c345b3bc,FirstNumber=129,secondNumber=471}  written to file by thread pool-3-thread-1
 message  {Id=7023e490-d5bb-4f8f-b9f1-0a8270082733,FirstNumber=252,secondNumber=183}  added by thread pool-3-thread-6
 message  {Id=7023e490-d5bb-4f8f-b9f1-0a8270082733,FirstNumber=252,secondNumber=183}  written to file by thread pool-3-thread-1
 message  {Id=dfc65c78-08a4-49e5-b723-74af07756917,FirstNumber=724,secondNumber=134}  added by thread pool-3-thread-6
 message  {Id=dfc65c78-08a4-49e5-b723-74af07756917,FirstNumber=724,secondNumber=134}  written to file by thread pool-3-thread-1
 message  {Id=9d7b7a26-6ae3-4bb9-a12d-8edb6db57061,FirstNumber=651,secondNumber=1377}  added by thread pool-3-thread-6
 message  {Id=9d7b7a26-6ae3-4bb9-a12d-8edb6db57061,FirstNumber=651,secondNumber=1377}  written to file by thread pool-3-thread-3
 message  {Id=3ffa19b1-d757-4c0d-a5ed-7f3405b3807f,FirstNumber=651,secondNumber=254}  added by thread pool-3-thread-6
 message  {Id=3ffa19b1-d757-4c0d-a5ed-7f3405b3807f,FirstNumber=651,secondNumber=254}  written to file by thread pool-3-thread-3
 message  {Id=a09066ca-ad28-4ce5-84c5-89f9f473b19d,FirstNumber=575,secondNumber=1673}  added by thread pool-3-thread-6
 message  {Id=a09066ca-ad28-4ce5-84c5-89f9f473b19d,FirstNumber=575,secondNumber=1673}  written to file by thread pool-3-thread-5
 message  {Id=2cd024af-db52-4fe3-9199-89cdcb39a06d,FirstNumber=566,secondNumber=485}  added by thread pool-3-thread-6
 message  {Id=2cd024af-db52-4fe3-9199-89cdcb39a06d,FirstNumber=566,secondNumber=485}  written to file by thread pool-3-thread-5
 message  {Id=200592aa-2ca9-4738-9524-47d1143bb55f,FirstNumber=370,secondNumber=1083}  added by thread pool-3-thread-6
 message  {Id=200592aa-2ca9-4738-9524-47d1143bb55f,FirstNumber=370,secondNumber=1083}  written to file by thread pool-3-thread-1
 message  {Id=0229bb27-20de-4a4d-bb5a-fcae7b1e9409,FirstNumber=580,secondNumber=798}  added by thread pool-3-thread-6
 message  {Id=0229bb27-20de-4a4d-bb5a-fcae7b1e9409,FirstNumber=580,secondNumber=798}  written to file by thread pool-3-thread-1
 message  {Id=5970fa51-c351-498c-934e-0a6475fc5eee,FirstNumber=632,secondNumber=1372}  added by thread pool-3-thread-6
 message  {Id=5970fa51-c351-498c-934e-0a6475fc5eee,FirstNumber=632,secondNumber=1372}  written to file by thread pool-3-thread-3
 message  {Id=2a6e5428-7708-4569-8135-a94fa4ac9d65,FirstNumber=935,secondNumber=619}  added by thread pool-3-thread-6
 message  {Id=2a6e5428-7708-4569-8135-a94fa4ac9d65,FirstNumber=935,secondNumber=619}  written to file by thread pool-3-thread-2
 message  {Id=b4eacdd8-805c-47df-be52-e081a96d215a,FirstNumber=392,secondNumber=1059}  added by thread pool-3-thread-6
 message  {Id=b4eacdd8-805c-47df-be52-e081a96d215a,FirstNumber=392,secondNumber=1059}  written to file by thread pool-3-thread-5
 message  {Id=193c9f17-54e3-4aad-8e1c-ed18d1a512a4,FirstNumber=65,secondNumber=136}  added by thread pool-3-thread-6
 message  {Id=193c9f17-54e3-4aad-8e1c-ed18d1a512a4,FirstNumber=65,secondNumber=136}  written to file by thread pool-3-thread-5
 message  {Id=dd0f61b7-1109-4af7-9d74-9fab5180fd71,FirstNumber=269,secondNumber=222}  added by thread pool-3-thread-6
 message  {Id=dd0f61b7-1109-4af7-9d74-9fab5180fd71,FirstNumber=269,secondNumber=222}  written to file by thread pool-3-thread-1
 message  {Id=b7535461-7e2b-4c67-8c17-e40b70f95b3b,FirstNumber=919,secondNumber=1527}  added by thread pool-3-thread-6
 message  {Id=b7535461-7e2b-4c67-8c17-e40b70f95b3b,FirstNumber=919,secondNumber=1527}  written to file by thread pool-3-thread-3
 message  {Id=48d01d09-f7f2-41c3-841d-6cc917784158,FirstNumber=427,secondNumber=315}  added by thread pool-3-thread-6
 message  {Id=48d01d09-f7f2-41c3-841d-6cc917784158,FirstNumber=427,secondNumber=315}  written to file by thread pool-3-thread-2
 message  {Id=a60f8487-e0f6-4f8e-93d2-b6945d9556fd,FirstNumber=129,secondNumber=1525}  added by thread pool-3-thread-6
 message  {Id=a60f8487-e0f6-4f8e-93d2-b6945d9556fd,FirstNumber=129,secondNumber=1525}  written to file by thread pool-3-thread-2
 message  {Id=a1f4988d-495f-41a1-a345-e2347ff58a77,FirstNumber=550,secondNumber=1713}  added by thread pool-3-thread-6
 message  {Id=a1f4988d-495f-41a1-a345-e2347ff58a77,FirstNumber=550,secondNumber=1713}  written to file by thread pool-3-thread-2
 message  {Id=a7bc0a97-6658-46e5-bbc2-7d5a19947486,FirstNumber=956,secondNumber=1207}  added by thread pool-3-thread-6
 message  {Id=a7bc0a97-6658-46e5-bbc2-7d5a19947486,FirstNumber=956,secondNumber=1207}  written to file by thread pool-3-thread-1
 message  {Id=2de0f228-e62e-40be-a81c-4b9708c42ce8,FirstNumber=412,secondNumber=344}  added by thread pool-3-thread-6
 message  {Id=2de0f228-e62e-40be-a81c-4b9708c42ce8,FirstNumber=412,secondNumber=344}  written to file by thread pool-3-thread-3
 message  {Id=8d3874fd-02c9-45c2-bedf-2ab0fad38256,FirstNumber=883,secondNumber=1776}  added by thread pool-3-thread-6
 message  {Id=8d3874fd-02c9-45c2-bedf-2ab0fad38256,FirstNumber=883,secondNumber=1776}  written to file by thread pool-3-thread-4
 message  {Id=35dbb2b0-a52a-4a0d-9c83-51679d6e4509,FirstNumber=842,secondNumber=644}  added by thread pool-3-thread-6
 message  {Id=35dbb2b0-a52a-4a0d-9c83-51679d6e4509,FirstNumber=842,secondNumber=644}  written to file by thread pool-3-thread-4
 message  {Id=285627fc-f411-4b88-9a02-211d8cc56210,FirstNumber=881,secondNumber=1975}  added by thread pool-3-thread-6
 message  {Id=285627fc-f411-4b88-9a02-211d8cc56210,FirstNumber=881,secondNumber=1975}  written to file by thread pool-3-thread-2
 message  {Id=e198ceff-f569-4da5-b518-e46d51ca8c0d,FirstNumber=363,secondNumber=957}  added by thread pool-3-thread-6
 message  {Id=e198ceff-f569-4da5-b518-e46d51ca8c0d,FirstNumber=363,secondNumber=957}  written to file by thread pool-3-thread-1
 message  {Id=f9522220-66d1-4416-af5b-bda39c3d667e,FirstNumber=810,secondNumber=489}  added by thread pool-3-thread-6
 message  {Id=f9522220-66d1-4416-af5b-bda39c3d667e,FirstNumber=810,secondNumber=489}  written to file by thread pool-3-thread-1
 message  {Id=8f8c6835-1220-4103-8fc2-b68b56104d44,FirstNumber=544,secondNumber=853}  added by thread pool-3-thread-6
 message  {Id=8f8c6835-1220-4103-8fc2-b68b56104d44,FirstNumber=544,secondNumber=853}  written to file by thread pool-3-thread-5
 message  {Id=bdf6d6a6-a1b2-4721-b241-5c50caa65d8f,FirstNumber=695,secondNumber=752}  added by thread pool-3-thread-6
 message  {Id=bdf6d6a6-a1b2-4721-b241-5c50caa65d8f,FirstNumber=695,secondNumber=752}  written to file by thread pool-3-thread-4
 message  {Id=b65f00ea-f455-4824-8fcf-d57ad9c90487,FirstNumber=921,secondNumber=1155}  added by thread pool-3-thread-6
 message  {Id=b65f00ea-f455-4824-8fcf-d57ad9c90487,FirstNumber=921,secondNumber=1155}  written to file by thread pool-3-thread-4
 message  {Id=ee19664e-6e3d-48cb-a725-6f7b5e84f186,FirstNumber=155,secondNumber=1941}  added by thread pool-3-thread-6
 message  {Id=ee19664e-6e3d-48cb-a725-6f7b5e84f186,FirstNumber=155,secondNumber=1941}  written to file by thread pool-3-thread-3
 message  {Id=04994ec5-1a85-4faa-8713-1314189879a8,FirstNumber=24,secondNumber=1139}  added by thread pool-3-thread-6
 message  {Id=04994ec5-1a85-4faa-8713-1314189879a8,FirstNumber=24,secondNumber=1139}  written to file by thread pool-3-thread-3
 message  {Id=b5a37742-8ee1-4449-83c6-153bdc84d433,FirstNumber=40,secondNumber=437}  added by thread pool-3-thread-6
 message  {Id=b5a37742-8ee1-4449-83c6-153bdc84d433,FirstNumber=40,secondNumber=437}  written to file by thread pool-3-thread-5
 message  {Id=7d5748d0-ec66-4e7b-bb8c-b9d5453020a9,FirstNumber=813,secondNumber=112}  added by thread pool-3-thread-6
 message  {Id=7d5748d0-ec66-4e7b-bb8c-b9d5453020a9,FirstNumber=813,secondNumber=112}  written to file by thread pool-3-thread-5
 message  {Id=e6081782-e277-43d5-9f66-5932d07b2efd,FirstNumber=984,secondNumber=1781}  added by thread pool-3-thread-6
 message  {Id=e6081782-e277-43d5-9f66-5932d07b2efd,FirstNumber=984,secondNumber=1781}  written to file by thread pool-3-thread-4
 message  {Id=e357d57b-a0bc-4ecd-a305-38c2f32d2bb2,FirstNumber=586,secondNumber=1383}  added by thread pool-3-thread-6
 message  {Id=e357d57b-a0bc-4ecd-a305-38c2f32d2bb2,FirstNumber=586,secondNumber=1383}  written to file by thread pool-3-thread-1
 message  {Id=60eeb97b-2f9d-44b7-8505-d93abe3b356b,FirstNumber=986,secondNumber=516}  added by thread pool-3-thread-6
 message  {Id=60eeb97b-2f9d-44b7-8505-d93abe3b356b,FirstNumber=986,secondNumber=516}  written to file by thread pool-3-thread-1
 message  {Id=b6156a7d-7cf7-4830-b148-bb2e493be5c1,FirstNumber=528,secondNumber=1939}  added by thread pool-3-thread-6
 message  {Id=b6156a7d-7cf7-4830-b148-bb2e493be5c1,FirstNumber=528,secondNumber=1939}  written to file by thread pool-3-thread-2
 message  {Id=f8590b65-8dc5-4912-8992-c6a14a3bac81,FirstNumber=213,secondNumber=982}  added by thread pool-3-thread-6
 message  {Id=f8590b65-8dc5-4912-8992-c6a14a3bac81,FirstNumber=213,secondNumber=982}  written to file by thread pool-3-thread-2
 message  {Id=88e3bdc0-e1aa-4ff5-b055-7f01f9b83294,FirstNumber=440,secondNumber=1834}  added by thread pool-3-thread-6
 message  {Id=88e3bdc0-e1aa-4ff5-b055-7f01f9b83294,FirstNumber=440,secondNumber=1834}  written to file by thread pool-3-thread-4
 message  {Id=4565a397-9fc7-48ba-9992-b1a10eb97598,FirstNumber=591,secondNumber=1482}  added by thread pool-3-thread-6
 message  {Id=4565a397-9fc7-48ba-9992-b1a10eb97598,FirstNumber=591,secondNumber=1482}  written to file by thread pool-3-thread-4
 message  {Id=cb2254b3-4a86-4aa1-89b8-45a395a72473,FirstNumber=337,secondNumber=1429}  added by thread pool-3-thread-6
 message  {Id=cb2254b3-4a86-4aa1-89b8-45a395a72473,FirstNumber=337,secondNumber=1429}  written to file by thread pool-3-thread-1
 message  {Id=d391ee9c-4311-43d2-9bcd-87158fba29f7,FirstNumber=574,secondNumber=238}  added by thread pool-3-thread-6
 message  {Id=d391ee9c-4311-43d2-9bcd-87158fba29f7,FirstNumber=574,secondNumber=238}  written to file by thread pool-3-thread-1
 message  {Id=60c01f7a-4cba-4869-a886-61a630dc5fc3,FirstNumber=758,secondNumber=1575}  added by thread pool-3-thread-6
 message  {Id=60c01f7a-4cba-4869-a886-61a630dc5fc3,FirstNumber=758,secondNumber=1575}  written to file by thread pool-3-thread-2
 message  {Id=b81fc940-03b1-430d-a175-28b608b21b75,FirstNumber=108,secondNumber=515}  added by thread pool-3-thread-6
 message  {Id=b81fc940-03b1-430d-a175-28b608b21b75,FirstNumber=108,secondNumber=515}  written to file by thread pool-3-thread-2
 message  {Id=06f896a4-063f-4cb0-8b7e-c4e5fdfed7ea,FirstNumber=430,secondNumber=1308}  added by thread pool-3-thread-6
 message  {Id=06f896a4-063f-4cb0-8b7e-c4e5fdfed7ea,FirstNumber=430,secondNumber=1308}  written to file by thread pool-3-thread-4
 message  {Id=152afe6d-0570-4ac4-b182-34f62f1e453e,FirstNumber=485,secondNumber=939}  added by thread pool-3-thread-6
 message  {Id=152afe6d-0570-4ac4-b182-34f62f1e453e,FirstNumber=485,secondNumber=939}  written to file by thread pool-3-thread-4
 message  {Id=e6f4deaf-2fab-4375-989c-702c60abddd5,FirstNumber=386,secondNumber=779}  added by thread pool-3-thread-6
 message  {Id=e6f4deaf-2fab-4375-989c-702c60abddd5,FirstNumber=386,secondNumber=779}  written to file by thread pool-3-thread-1
 message  {Id=549635d2-93b4-4052-bc00-c77c032e7aea,FirstNumber=945,secondNumber=959}  added by thread pool-3-thread-6
 message  {Id=549635d2-93b4-4052-bc00-c77c032e7aea,FirstNumber=945,secondNumber=959}  written to file by thread pool-3-thread-1
 message  {Id=063fa466-7ccc-4890-bad9-9eb29b325f1d,FirstNumber=31,secondNumber=1267}  added by thread pool-3-thread-6
 message  {Id=063fa466-7ccc-4890-bad9-9eb29b325f1d,FirstNumber=31,secondNumber=1267}  written to file by thread pool-3-thread-2
 message  {Id=38e92391-c661-47ba-b386-503ae14f0db4,FirstNumber=690,secondNumber=625}  added by thread pool-3-thread-6
 message  {Id=38e92391-c661-47ba-b386-503ae14f0db4,FirstNumber=690,secondNumber=625}  written to file by thread pool-3-thread-5
 message  {Id=d0e72e73-f6e7-4963-98c5-b3c1045abcab,FirstNumber=910,secondNumber=1745}  added by thread pool-3-thread-6
 message  {Id=d0e72e73-f6e7-4963-98c5-b3c1045abcab,FirstNumber=910,secondNumber=1745}  written to file by thread pool-3-thread-4
 message  {Id=8fb244da-c542-421b-af41-7a5ca6fb99de,FirstNumber=748,secondNumber=1395}  added by thread pool-3-thread-6
 message  {Id=8fb244da-c542-421b-af41-7a5ca6fb99de,FirstNumber=748,secondNumber=1395}  written to file by thread pool-3-thread-4
 message  {Id=bc8f6ba0-5a79-46c8-8f8d-a59f0b5b8d0e,FirstNumber=421,secondNumber=1941}  added by thread pool-3-thread-6
 message  {Id=bc8f6ba0-5a79-46c8-8f8d-a59f0b5b8d0e,FirstNumber=421,secondNumber=1941}  written to file by thread pool-3-thread-1
 message  {Id=3ddc93a1-3204-4b41-a388-7d7445a0bd2a,FirstNumber=711,secondNumber=1008}  added by thread pool-3-thread-6
 message  {Id=3ddc93a1-3204-4b41-a388-7d7445a0bd2a,FirstNumber=711,secondNumber=1008}  written to file by thread pool-3-thread-1
 message  {Id=cb42ed02-7e0b-44f1-93e3-9b9f25c0bcba,FirstNumber=243,secondNumber=1165}  added by thread pool-3-thread-6
 message  {Id=cb42ed02-7e0b-44f1-93e3-9b9f25c0bcba,FirstNumber=243,secondNumber=1165}  written to file by thread pool-3-thread-5
 message  {Id=aa504da3-3f04-48cb-b2e3-78d73aa29e47,FirstNumber=197,secondNumber=1961}  added by thread pool-3-thread-6
 message  {Id=aa504da3-3f04-48cb-b2e3-78d73aa29e47,FirstNumber=197,secondNumber=1961}  written to file by thread pool-3-thread-5
 message  {Id=2119ca34-44f1-4637-bcff-8c095510009f,FirstNumber=627,secondNumber=1766}  added by thread pool-3-thread-6
 message  {Id=2119ca34-44f1-4637-bcff-8c095510009f,FirstNumber=627,secondNumber=1766}  written to file by thread pool-3-thread-4
 message  {Id=eab35767-23c6-4b62-8e47-88a0ed44f3d4,FirstNumber=801,secondNumber=1679}  added by thread pool-3-thread-6
 message  {Id=eab35767-23c6-4b62-8e47-88a0ed44f3d4,FirstNumber=801,secondNumber=1679}  written to file by thread pool-3-thread-2
 message  {Id=b0eb7ac0-a865-4e9d-b2f4-ceababcc0a6c,FirstNumber=142,secondNumber=1996}  added by thread pool-3-thread-6
 message  {Id=b0eb7ac0-a865-4e9d-b2f4-ceababcc0a6c,FirstNumber=142,secondNumber=1996}  written to file by thread pool-3-thread-2
 message  {Id=bc2295cb-1f43-4957-b1c7-3bd46823e0d1,FirstNumber=196,secondNumber=673}  added by thread pool-3-thread-6
 message  {Id=bc2295cb-1f43-4957-b1c7-3bd46823e0d1,FirstNumber=196,secondNumber=673}  written to file by thread pool-3-thread-2
 message  {Id=1ea6e7d1-a0dc-43d4-84b6-21c2c6b8aebc,FirstNumber=981,secondNumber=647}  added by thread pool-3-thread-6
 message  {Id=1ea6e7d1-a0dc-43d4-84b6-21c2c6b8aebc,FirstNumber=981,secondNumber=647}  written to file by thread pool-3-thread-5
 message  {Id=28bd3c7e-3878-4f45-a24b-84a6f4b45dcc,FirstNumber=987,secondNumber=426}  added by thread pool-3-thread-6
 message  {Id=28bd3c7e-3878-4f45-a24b-84a6f4b45dcc,FirstNumber=987,secondNumber=426}  written to file by thread pool-3-thread-4
 message  {Id=241eee4b-b951-4550-a351-783070085cac,FirstNumber=338,secondNumber=270}  added by thread pool-3-thread-6
 message  {Id=241eee4b-b951-4550-a351-783070085cac,FirstNumber=338,secondNumber=270}  written to file by thread pool-3-thread-1
 message  {Id=c14cabb2-f5f9-4b1a-8ab1-e3cfc45fdb32,FirstNumber=24,secondNumber=449}  added by thread pool-3-thread-6
 message  {Id=c14cabb2-f5f9-4b1a-8ab1-e3cfc45fdb32,FirstNumber=24,secondNumber=449}  written to file by thread pool-3-thread-1
 message  {Id=8d870174-f51d-4ea4-a246-50cef8e5a327,FirstNumber=187,secondNumber=346}  added by thread pool-3-thread-6
 message  {Id=8d870174-f51d-4ea4-a246-50cef8e5a327,FirstNumber=187,secondNumber=346}  written to file by thread pool-3-thread-2
 message  {Id=8311c414-6a87-46d0-b718-42f1bc68674c,FirstNumber=881,secondNumber=1662}  added by thread pool-3-thread-6
 message  {Id=8311c414-6a87-46d0-b718-42f1bc68674c,FirstNumber=881,secondNumber=1662}  written to file by thread pool-3-thread-5
 message  {Id=472a5238-f70a-44f5-9914-40552d4d0190,FirstNumber=588,secondNumber=1777}  added by thread pool-3-thread-6
 message  {Id=472a5238-f70a-44f5-9914-40552d4d0190,FirstNumber=588,secondNumber=1777}  written to file by thread pool-3-thread-4
 message  {Id=a11f7c8e-31cc-4d35-bb5e-c0cfbef23726,FirstNumber=908,secondNumber=1767}  added by thread pool-3-thread-6
 message  {Id=a11f7c8e-31cc-4d35-bb5e-c0cfbef23726,FirstNumber=908,secondNumber=1767}  written to file by thread pool-3-thread-4
 message  {Id=2d1ceb33-4e0c-47fe-9dbd-5a7770bb94d1,FirstNumber=17,secondNumber=1841}  added by thread pool-3-thread-6
 message  {Id=2d1ceb33-4e0c-47fe-9dbd-5a7770bb94d1,FirstNumber=17,secondNumber=1841}  written to file by thread pool-3-thread-1
 message  {Id=a1f22674-08bf-497e-9b71-5889d2516b13,FirstNumber=698,secondNumber=1034}  added by thread pool-3-thread-6
 message  {Id=a1f22674-08bf-497e-9b71-5889d2516b13,FirstNumber=698,secondNumber=1034}  written to file by thread pool-3-thread-1
 message  {Id=a8a0d81c-76af-4f09-a611-ff30793b3b89,FirstNumber=410,secondNumber=408}  added by thread pool-3-thread-6
 message  {Id=a8a0d81c-76af-4f09-a611-ff30793b3b89,FirstNumber=410,secondNumber=408}  written to file by thread pool-3-thread-5
 message  {Id=dee96262-e035-46c8-9f61-101c13f0c93b,FirstNumber=169,secondNumber=1256}  added by thread pool-3-thread-6
 message  {Id=dee96262-e035-46c8-9f61-101c13f0c93b,FirstNumber=169,secondNumber=1256}  written to file by thread pool-3-thread-3
 message  {Id=8bd89878-7c2f-479f-bed8-e4838892fa65,FirstNumber=143,secondNumber=1803}  added by thread pool-3-thread-6
 message  {Id=8bd89878-7c2f-479f-bed8-e4838892fa65,FirstNumber=143,secondNumber=1803}  written to file by thread pool-3-thread-4
 message  {Id=db474cf5-c187-4435-bb6d-c054a44653d0,FirstNumber=134,secondNumber=1057}  added by thread pool-3-thread-6
 message  {Id=db474cf5-c187-4435-bb6d-c054a44653d0,FirstNumber=134,secondNumber=1057}  written to file by thread pool-3-thread-4
 message  {Id=cf51d50a-8815-4fa2-80d4-2e4a398a4233,FirstNumber=432,secondNumber=604}  added by thread pool-3-thread-6
 message  {Id=cf51d50a-8815-4fa2-80d4-2e4a398a4233,FirstNumber=432,secondNumber=604}  written to file by thread pool-3-thread-1
 message  {Id=765ec769-255c-4750-9539-f58b244cccea,FirstNumber=525,secondNumber=831}  added by thread pool-3-thread-6
 message  {Id=765ec769-255c-4750-9539-f58b244cccea,FirstNumber=525,secondNumber=831}  written to file by thread pool-3-thread-5
 message  {Id=5c347765-d44b-4868-bf3a-dabd64a0353b,FirstNumber=493,secondNumber=943}  added by thread pool-3-thread-6
 message  {Id=5c347765-d44b-4868-bf3a-dabd64a0353b,FirstNumber=493,secondNumber=943}  written to file by thread pool-3-thread-3
 message  {Id=4a6c9315-88be-41a6-b967-268fc6d72134,FirstNumber=45,secondNumber=594}  added by thread pool-3-thread-6
 message  {Id=4a6c9315-88be-41a6-b967-268fc6d72134,FirstNumber=45,secondNumber=594}  written to file by thread pool-3-thread-2
 message  {Id=991d792b-f21f-45ae-a5dd-760e509fdab8,FirstNumber=208,secondNumber=1615}  added by thread pool-3-thread-6
 message  {Id=991d792b-f21f-45ae-a5dd-760e509fdab8,FirstNumber=208,secondNumber=1615}  written to file by thread pool-3-thread-4
 message  {Id=6ac09542-3447-43b6-a335-cdb61508babe,FirstNumber=134,secondNumber=253}  added by thread pool-3-thread-6
 message  {Id=6ac09542-3447-43b6-a335-cdb61508babe,FirstNumber=134,secondNumber=253}  written to file by thread pool-3-thread-4
 message  {Id=e1edb1df-1971-414c-9c1a-9458ea849f10,FirstNumber=442,secondNumber=213}  added by thread pool-3-thread-6
 message  {Id=e1edb1df-1971-414c-9c1a-9458ea849f10,FirstNumber=442,secondNumber=213}  written to file by thread pool-3-thread-4
 message  {Id=2b70edf2-501c-4b63-bda9-d9dae1f487b3,FirstNumber=385,secondNumber=1150}  added by thread pool-3-thread-6
 message  {Id=2b70edf2-501c-4b63-bda9-d9dae1f487b3,FirstNumber=385,secondNumber=1150}  written to file by thread pool-3-thread-3
 message  {Id=0ef54cc6-1f16-4d43-a091-12264c255bc6,FirstNumber=421,secondNumber=39}  added by thread pool-3-thread-6
 message  {Id=0ef54cc6-1f16-4d43-a091-12264c255bc6,FirstNumber=421,secondNumber=39}  written to file by thread pool-3-thread-2
 message  {Id=7ce817d5-a464-419a-973b-ae2da3a51265,FirstNumber=383,secondNumber=1075}  added by thread pool-3-thread-6
 message  {Id=7ce817d5-a464-419a-973b-ae2da3a51265,FirstNumber=383,secondNumber=1075}  written to file by thread pool-3-thread-1
 message  {Id=d5b5ca92-3cd2-46d0-a496-277353805d2c,FirstNumber=963,secondNumber=1846}  added by thread pool-3-thread-6
 message  {Id=d5b5ca92-3cd2-46d0-a496-277353805d2c,FirstNumber=963,secondNumber=1846}  written to file by thread pool-3-thread-1
 message  {Id=908e5bb5-ee9e-4aa7-8482-1d6504fedee6,FirstNumber=757,secondNumber=222}  added by thread pool-3-thread-6
 message  {Id=908e5bb5-ee9e-4aa7-8482-1d6504fedee6,FirstNumber=757,secondNumber=222}  written to file by thread pool-3-thread-4
 message  {Id=8c9a5e2f-5ddc-48eb-affd-d7575518e2d6,FirstNumber=671,secondNumber=453}  added by thread pool-3-thread-6
 message  {Id=9373261b-5dab-49ec-a6e4-869c1374725e,FirstNumber=258,secondNumber=58}  added by thread pool-3-thread-6
 message  {Id=8c9a5e2f-5ddc-48eb-affd-d7575518e2d6,FirstNumber=671,secondNumber=453}  written to file by thread pool-3-thread-3
 message  {Id=9373261b-5dab-49ec-a6e4-869c1374725e,FirstNumber=258,secondNumber=58}  written to file by thread pool-3-thread-2
 message  {Id=a19c9faf-5a7d-49b1-9f48-10d35f7acd6d,FirstNumber=705,secondNumber=1910}  added by thread pool-3-thread-6
 message  {Id=a19c9faf-5a7d-49b1-9f48-10d35f7acd6d,FirstNumber=705,secondNumber=1910}  written to file by thread pool-3-thread-5
 message  {Id=b895addd-93b1-4dbc-931c-49690cd3b09a,FirstNumber=952,secondNumber=852}  added by thread pool-3-thread-6
 message  {Id=b895addd-93b1-4dbc-931c-49690cd3b09a,FirstNumber=952,secondNumber=852}  written to file by thread pool-3-thread-5
 message  {Id=c32e7dac-ac97-4a78-b1ef-717a2b85f869,FirstNumber=83,secondNumber=482}  added by thread pool-3-thread-6
 message  {Id=c32e7dac-ac97-4a78-b1ef-717a2b85f869,FirstNumber=83,secondNumber=482}  written to file by thread pool-3-thread-4
 message  {Id=5b36e49b-ae2b-48a3-ae77-305c666c2c96,FirstNumber=26,secondNumber=764}  added by thread pool-3-thread-6
 message  {Id=5b36e49b-ae2b-48a3-ae77-305c666c2c96,FirstNumber=26,secondNumber=764}  written to file by thread pool-3-thread-3
 message  {Id=4eaa5e65-4743-43d4-9345-bc075d3ec649,FirstNumber=868,secondNumber=921}  added by thread pool-3-thread-6
 message  {Id=4eaa5e65-4743-43d4-9345-bc075d3ec649,FirstNumber=868,secondNumber=921}  written to file by thread pool-3-thread-3
 message  {Id=bee643bd-d6eb-4ee4-bf86-d769946905d8,FirstNumber=995,secondNumber=278}  added by thread pool-3-thread-6
 message  {Id=bee643bd-d6eb-4ee4-bf86-d769946905d8,FirstNumber=995,secondNumber=278}  written to file by thread pool-3-thread-3
 message  {Id=aa022a35-daa1-4590-9807-708986e17b47,FirstNumber=141,secondNumber=308}  added by thread pool-3-thread-6
 message  {Id=aa022a35-daa1-4590-9807-708986e17b47,FirstNumber=141,secondNumber=308}  written to file by thread pool-3-thread-5
 message  {Id=063d10f1-7e3f-4c6f-9f4c-688af66c5e23,FirstNumber=10,secondNumber=982}  added by thread pool-3-thread-6
 message  {Id=063d10f1-7e3f-4c6f-9f4c-688af66c5e23,FirstNumber=10,secondNumber=982}  written to file by thread pool-3-thread-5
 message  {Id=6930d2f7-587a-47e9-b6ea-6bf02f3b6e2b,FirstNumber=347,secondNumber=260}  added by thread pool-3-thread-6
 message  {Id=6930d2f7-587a-47e9-b6ea-6bf02f3b6e2b,FirstNumber=347,secondNumber=260}  written to file by thread pool-3-thread-2
 message  {Id=a0c53faa-b262-4a68-afcf-d26831b0c253,FirstNumber=291,secondNumber=1783}  added by thread pool-3-thread-6
 message  {Id=a0c53faa-b262-4a68-afcf-d26831b0c253,FirstNumber=291,secondNumber=1783}  written to file by thread pool-3-thread-1
 message  {Id=df851594-93de-45e9-ab4a-c23f91b42028,FirstNumber=829,secondNumber=967}  added by thread pool-3-thread-6
 message  {Id=df851594-93de-45e9-ab4a-c23f91b42028,FirstNumber=829,secondNumber=967}  written to file by thread pool-3-thread-3
 message  {Id=9e313283-b8bf-45de-86dc-874d62b23558,FirstNumber=712,secondNumber=206}  added by thread pool-3-thread-6
 message  {Id=9e313283-b8bf-45de-86dc-874d62b23558,FirstNumber=712,secondNumber=206}  written to file by thread pool-3-thread-4
 message  {Id=cfdd9ad7-1af6-4c8b-9ce5-d51647a8edc7,FirstNumber=637,secondNumber=1383}  added by thread pool-3-thread-6
 message  {Id=cfdd9ad7-1af6-4c8b-9ce5-d51647a8edc7,FirstNumber=637,secondNumber=1383}  written to file by thread pool-3-thread-5
 message  {Id=30f4e30b-fd79-4d6d-a0c3-cb37f210bd0b,FirstNumber=689,secondNumber=441}  added by thread pool-3-thread-6
 message  {Id=30f4e30b-fd79-4d6d-a0c3-cb37f210bd0b,FirstNumber=689,secondNumber=441}  written to file by thread pool-3-thread-5
 message  {Id=20a39c5d-8115-495c-992c-9bd25fd77da3,FirstNumber=713,secondNumber=924}  added by thread pool-3-thread-6
 message  {Id=20a39c5d-8115-495c-992c-9bd25fd77da3,FirstNumber=713,secondNumber=924}  written to file by thread pool-3-thread-5
 message  {Id=21eed890-d380-4fbc-83a9-67009f78431f,FirstNumber=130,secondNumber=587}  added by thread pool-3-thread-6
 message  {Id=21eed890-d380-4fbc-83a9-67009f78431f,FirstNumber=130,secondNumber=587}  written to file by thread pool-3-thread-3
 message  {Id=cdc81713-ed7e-40e6-b920-3c58d59b2b07,FirstNumber=974,secondNumber=570}  added by thread pool-3-thread-6
 message  {Id=cdc81713-ed7e-40e6-b920-3c58d59b2b07,FirstNumber=974,secondNumber=570}  written to file by thread pool-3-thread-4
 message  {Id=c8798e7e-9b1b-4d54-8156-67380aa89f63,FirstNumber=349,secondNumber=1300}  added by thread pool-3-thread-6
 message  {Id=c8798e7e-9b1b-4d54-8156-67380aa89f63,FirstNumber=349,secondNumber=1300}  written to file by thread pool-3-thread-2
 message  {Id=739715e5-8b85-494b-a093-7dcfad40ccd2,FirstNumber=640,secondNumber=927}  added by thread pool-3-thread-6
 message  {Id=739715e5-8b85-494b-a093-7dcfad40ccd2,FirstNumber=640,secondNumber=927}  written to file by thread pool-3-thread-1
 message  {Id=9b6de5a7-771e-4d6d-80ef-d794f7f8706d,FirstNumber=867,secondNumber=1166}  added by thread pool-3-thread-6
 message  {Id=9b6de5a7-771e-4d6d-80ef-d794f7f8706d,FirstNumber=867,secondNumber=1166}  written to file by thread pool-3-thread-1
 message  {Id=42256f9c-aedc-4c37-a1c3-59de0b59f477,FirstNumber=419,secondNumber=1198}  added by thread pool-3-thread-6
 message  {Id=42256f9c-aedc-4c37-a1c3-59de0b59f477,FirstNumber=419,secondNumber=1198}  written to file by thread pool-3-thread-3
 message  {Id=7ac7e5c3-f1ad-492b-a007-60724a3618a1,FirstNumber=744,secondNumber=1964}  added by thread pool-3-thread-6
 message  {Id=7ac7e5c3-f1ad-492b-a007-60724a3618a1,FirstNumber=744,secondNumber=1964}  written to file by thread pool-3-thread-3
 message  {Id=5d0e0492-229b-4f61-8188-160872dafeea,FirstNumber=8,secondNumber=1050}  added by thread pool-3-thread-6
 message  {Id=5d0e0492-229b-4f61-8188-160872dafeea,FirstNumber=8,secondNumber=1050}  written to file by thread pool-3-thread-2
 message  {Id=3b18b6d1-457c-4e4b-b262-53fdef6635f0,FirstNumber=548,secondNumber=1020}  added by thread pool-3-thread-6
 message  {Id=3b18b6d1-457c-4e4b-b262-53fdef6635f0,FirstNumber=548,secondNumber=1020}  written to file by thread pool-3-thread-2
 message  {Id=6b5de602-0784-4fc3-b7d8-a7b56db3f2bd,FirstNumber=470,secondNumber=1745}  added by thread pool-3-thread-6
 message  {Id=546af8fb-ed39-4ee1-a6a7-5ad5619c92c2,FirstNumber=5,secondNumber=1317}  added by thread pool-3-thread-6
 message  {Id=1df42ee0-02f4-4da6-aacf-5a901f300fef,FirstNumber=977,secondNumber=1290}  added by thread pool-3-thread-6
 message  {Id=51189a11-5688-4f14-a401-fc3471f2eb7c,FirstNumber=286,secondNumber=586}  added by thread pool-3-thread-6
 message  {Id=c2a9a6fd-75fb-49dd-9795-e14634e9be25,FirstNumber=687,secondNumber=695}  added by thread pool-3-thread-6
 message  {Id=c984979b-2575-4fbc-a2f5-2a3f44084599,FirstNumber=586,secondNumber=1427}  added by thread pool-3-thread-6
 message  {Id=6db3ac27-a774-4c28-8d8b-347e0cc77bb9,FirstNumber=157,secondNumber=1643}  added by thread pool-3-thread-6
 message  {Id=6c627f84-e1f9-46a6-af10-c8d42ab4c547,FirstNumber=169,secondNumber=444}  added by thread pool-3-thread-6
 message  {Id=ff9efedb-84c0-427c-a5e1-879da8eaa554,FirstNumber=390,secondNumber=1337}  added by thread pool-3-thread-6
 message  {Id=a6bd33fc-a50e-4a6d-bd94-15c4d7166423,FirstNumber=37,secondNumber=595}  added by thread pool-3-thread-6
 message  {Id=9d9300e9-88c0-4e73-8fb2-ec9c63945edb,FirstNumber=735,secondNumber=745}  added by thread pool-3-thread-6
 message  {Id=d62479be-29c1-4024-a91a-9e2d23eeee76,FirstNumber=116,secondNumber=1541}  added by thread pool-3-thread-6
 message  {Id=8b1e574a-7daf-45a4-b4e3-50d8f74c6ced,FirstNumber=143,secondNumber=1331}  added by thread pool-3-thread-6
 message  {Id=ea471e39-db01-4091-9aec-e3e42c25821b,FirstNumber=272,secondNumber=1763}  added by thread pool-3-thread-6
 message  {Id=1304082c-0526-4813-a413-8e1f52754d81,FirstNumber=744,secondNumber=1175}  added by thread pool-3-thread-6
 message  {Id=82f9884e-5991-4b51-990c-621cc837fd52,FirstNumber=527,secondNumber=478}  added by thread pool-3-thread-6
 message  {Id=c6e1bbb4-4a1c-47a3-85a6-28659f226b01,FirstNumber=80,secondNumber=411}  added by thread pool-3-thread-6
 message  {Id=0db87f68-3f58-4566-90c0-f8f4d821f6a1,FirstNumber=634,secondNumber=598}  added by thread pool-3-thread-6
 message  {Id=715a2172-13bc-4493-bb6e-612b886722eb,FirstNumber=198,secondNumber=587}  added by thread pool-3-thread-6
 message  {Id=7a4ca477-8fe3-4e3a-8a0a-9caa7b349693,FirstNumber=936,secondNumber=211}  added by thread pool-3-thread-6
 message  {Id=c27d6f1d-e2d4-4314-b07a-0efb535d341a,FirstNumber=698,secondNumber=1504}  added by thread pool-3-thread-6
 message  {Id=bec08c68-e970-47c2-b4b1-be6682156321,FirstNumber=561,secondNumber=1426}  added by thread pool-3-thread-6
 message  {Id=8fdb3c2c-253d-4667-8766-2b329a747500,FirstNumber=472,secondNumber=1300}  added by thread pool-3-thread-6
 message  {Id=7cf26286-a72d-4396-9412-15d511be3f85,FirstNumber=754,secondNumber=1802}  added by thread pool-3-thread-6
 message  {Id=3ffe012b-c373-4923-9db5-879520fa20e6,FirstNumber=961,secondNumber=725}  added by thread pool-3-thread-6
 message  {Id=a643f069-a594-4af7-9b69-399f31ba0985,FirstNumber=216,secondNumber=1228}  added by thread pool-3-thread-6
 message  {Id=92d3db05-e836-45f0-8345-80d70dfaf498,FirstNumber=629,secondNumber=1791}  added by thread pool-3-thread-6
 message  {Id=86511e05-8b06-48e9-bd0b-a3e3121c6f19,FirstNumber=938,secondNumber=1128}  added by thread pool-3-thread-6
 message  {Id=d82dce21-616b-44d2-89f6-a06ca3d6e0a4,FirstNumber=489,secondNumber=469}  added by thread pool-3-thread-6
 message  {Id=0f1666f0-25b1-4f9a-9c52-faad2c311610,FirstNumber=234,secondNumber=1304}  added by thread pool-3-thread-6
 message  {Id=d25990f6-587e-4afe-bc2a-485267f5072a,FirstNumber=846,secondNumber=1870}  added by thread pool-3-thread-6
 message  {Id=19abee69-06d5-47af-8615-df7bee49c37b,FirstNumber=476,secondNumber=1798}  added by thread pool-3-thread-6
 message  {Id=9baad646-ed47-4bdc-bf07-11485ea99ef6,FirstNumber=973,secondNumber=605}  added by thread pool-3-thread-6
 message  {Id=b780220a-35a6-490b-8c3d-6a32b8d448b2,FirstNumber=377,secondNumber=877}  added by thread pool-3-thread-6
 message  {Id=53405e3c-9633-4c0c-b560-45fe9d74e1a5,FirstNumber=493,secondNumber=1547}  added by thread pool-3-thread-6
 message  {Id=6cac5116-43ab-4806-858c-ee89cd25f7d4,FirstNumber=175,secondNumber=700}  added by thread pool-3-thread-6
 message  {Id=55b3b1bc-75bc-41e5-a970-ddc38a0bf89c,FirstNumber=11,secondNumber=425}  added by thread pool-3-thread-6
 message  {Id=8acbb371-ef00-410a-811a-7013ab3628e0,FirstNumber=625,secondNumber=1873}  added by thread pool-3-thread-6
 message  {Id=79351578-7e5a-4453-aff1-0cf7d22a905f,FirstNumber=938,secondNumber=1359}  added by thread pool-3-thread-6
 message  {Id=8f3560a0-608d-4fd5-a6d1-86de77e7f8b9,FirstNumber=409,secondNumber=1102}  added by thread pool-3-thread-6
 message  {Id=2fc40d4b-e5aa-432e-a4b2-04bf15caada8,FirstNumber=679,secondNumber=765}  added by thread pool-3-thread-6
 message  {Id=8db6a0e9-6cf6-4cee-9326-4423eb4bad79,FirstNumber=971,secondNumber=1014}  added by thread pool-3-thread-6
 message  {Id=41ab47e1-90d2-44df-ac40-983f29170f85,FirstNumber=470,secondNumber=478}  added by thread pool-3-thread-6
 message  {Id=20477f21-147e-42d4-90da-a3b5b5283827,FirstNumber=209,secondNumber=187}  added by thread pool-3-thread-6
 message  {Id=4888906b-b4d2-4a9f-8620-b57814c01e78,FirstNumber=74,secondNumber=1589}  added by thread pool-3-thread-6
 message  {Id=253832c4-29d6-4af6-88da-7dff62076ef3,FirstNumber=622,secondNumber=428}  added by thread pool-3-thread-6
 message  {Id=c00cce7b-7b4b-4153-8bed-b66b1712fa3e,FirstNumber=226,secondNumber=204}  added by thread pool-3-thread-6
 message  {Id=b754ec97-aa87-4cac-912c-1a02a30e7021,FirstNumber=232,secondNumber=1054}  added by thread pool-3-thread-6
 message  {Id=1d14ac37-1428-4934-bc67-f0b23eebf5c9,FirstNumber=570,secondNumber=443}  added by thread pool-3-thread-6
 message  {Id=469907e4-06e4-4c40-87dd-ae2263b1a07c,FirstNumber=127,secondNumber=656}  added by thread pool-3-thread-6
 message  {Id=20e85ec0-4876-480e-b128-be9867f66acc,FirstNumber=586,secondNumber=1637}  added by thread pool-3-thread-6
 message  {Id=6b5de602-0784-4fc3-b7d8-a7b56db3f2bd,FirstNumber=470,secondNumber=1745}  written to file by thread pool-3-thread-1
 message  {Id=1df42ee0-02f4-4da6-aacf-5a901f300fef,FirstNumber=977,secondNumber=1290}  written to file by thread pool-3-thread-3
 message  {Id=4a3c734b-9b0f-4c08-be8a-21a3ebd9491e,FirstNumber=601,secondNumber=1607}  added by thread pool-3-thread-6
 message  {Id=546af8fb-ed39-4ee1-a6a7-5ad5619c92c2,FirstNumber=5,secondNumber=1317}  written to file by thread pool-3-thread-4
 message  {Id=51189a11-5688-4f14-a401-fc3471f2eb7c,FirstNumber=286,secondNumber=586}  written to file by thread pool-3-thread-1
 message  {Id=c2a9a6fd-75fb-49dd-9795-e14634e9be25,FirstNumber=687,secondNumber=695}  written to file by thread pool-3-thread-3
 message  {Id=fd231ae8-8afc-4c52-bacb-5750e62d9732,FirstNumber=300,secondNumber=228}  added by thread pool-3-thread-6
 message  {Id=6db3ac27-a774-4c28-8d8b-347e0cc77bb9,FirstNumber=157,secondNumber=1643}  written to file by thread pool-3-thread-1
 message  {Id=c984979b-2575-4fbc-a2f5-2a3f44084599,FirstNumber=586,secondNumber=1427}  written to file by thread pool-3-thread-4
 message  {Id=6c627f84-e1f9-46a6-af10-c8d42ab4c547,FirstNumber=169,secondNumber=444}  written to file by thread pool-3-thread-3
 message  {Id=af22448d-5cce-4175-820e-c921553dbdc5,FirstNumber=296,secondNumber=621}  added by thread pool-3-thread-6
 message  {Id=ff9efedb-84c0-427c-a5e1-879da8eaa554,FirstNumber=390,secondNumber=1337}  written to file by thread pool-3-thread-1
 message  {Id=a6bd33fc-a50e-4a6d-bd94-15c4d7166423,FirstNumber=37,secondNumber=595}  written to file by thread pool-3-thread-4
 message  {Id=9d9300e9-88c0-4e73-8fb2-ec9c63945edb,FirstNumber=735,secondNumber=745}  written to file by thread pool-3-thread-3
 message  {Id=a5f1b8d0-8944-440c-94e9-c7a8c4eddeeb,FirstNumber=179,secondNumber=1907}  added by thread pool-3-thread-6
 message  {Id=d62479be-29c1-4024-a91a-9e2d23eeee76,FirstNumber=116,secondNumber=1541}  written to file by thread pool-3-thread-1
 message  {Id=8b1e574a-7daf-45a4-b4e3-50d8f74c6ced,FirstNumber=143,secondNumber=1331}  written to file by thread pool-3-thread-4
 message  {Id=50e14be3-8328-487d-9a2a-0b0a191a866a,FirstNumber=614,secondNumber=789}  added by thread pool-3-thread-6
 message  {Id=ea471e39-db01-4091-9aec-e3e42c25821b,FirstNumber=272,secondNumber=1763}  written to file by thread pool-3-thread-3
 message  {Id=1304082c-0526-4813-a413-8e1f52754d81,FirstNumber=744,secondNumber=1175}  written to file by thread pool-3-thread-1
 message  {Id=82f9884e-5991-4b51-990c-621cc837fd52,FirstNumber=527,secondNumber=478}  written to file by thread pool-3-thread-4
 message  {Id=6a7da37c-aec9-4245-a5e7-b2476a7400bb,FirstNumber=512,secondNumber=409}  added by thread pool-3-thread-6
 message  {Id=0db87f68-3f58-4566-90c0-f8f4d821f6a1,FirstNumber=634,secondNumber=598}  written to file by thread pool-3-thread-1
 message  {Id=c6e1bbb4-4a1c-47a3-85a6-28659f226b01,FirstNumber=80,secondNumber=411}  written to file by thread pool-3-thread-3
 message  {Id=715a2172-13bc-4493-bb6e-612b886722eb,FirstNumber=198,secondNumber=587}  written to file by thread pool-3-thread-4
 message  {Id=9cc2171e-d22f-467b-a906-2a28c551786b,FirstNumber=399,secondNumber=1324}  added by thread pool-3-thread-6
 message  {Id=7a4ca477-8fe3-4e3a-8a0a-9caa7b349693,FirstNumber=936,secondNumber=211}  written to file by thread pool-3-thread-1
 message  {Id=c27d6f1d-e2d4-4314-b07a-0efb535d341a,FirstNumber=698,secondNumber=1504}  written to file by thread pool-3-thread-3
 message  {Id=bec08c68-e970-47c2-b4b1-be6682156321,FirstNumber=561,secondNumber=1426}  written to file by thread pool-3-thread-4
 message  {Id=98273774-d0a9-4b3e-a501-651209f5cc1d,FirstNumber=470,secondNumber=351}  added by thread pool-3-thread-6
 message  {Id=8fdb3c2c-253d-4667-8766-2b329a747500,FirstNumber=472,secondNumber=1300}  written to file by thread pool-3-thread-1
 message  {Id=7cf26286-a72d-4396-9412-15d511be3f85,FirstNumber=754,secondNumber=1802}  written to file by thread pool-3-thread-3
 message  {Id=3ffe012b-c373-4923-9db5-879520fa20e6,FirstNumber=961,secondNumber=725}  written to file by thread pool-3-thread-4
 message  {Id=5a7fd18d-4219-4105-9d88-16a83b68d0d5,FirstNumber=369,secondNumber=1306}  added by thread pool-3-thread-6
 message  {Id=92d3db05-e836-45f0-8345-80d70dfaf498,FirstNumber=629,secondNumber=1791}  written to file by thread pool-3-thread-3
 message  {Id=86511e05-8b06-48e9-bd0b-a3e3121c6f19,FirstNumber=938,secondNumber=1128}  written to file by thread pool-3-thread-4
 message  {Id=43722178-7388-43bf-b6b9-e78d606e9fc6,FirstNumber=477,secondNumber=165}  added by thread pool-3-thread-6
 message  {Id=a643f069-a594-4af7-9b69-399f31ba0985,FirstNumber=216,secondNumber=1228}  written to file by thread pool-3-thread-1
 message  {Id=d82dce21-616b-44d2-89f6-a06ca3d6e0a4,FirstNumber=489,secondNumber=469}  written to file by thread pool-3-thread-3
 message  {Id=0f1666f0-25b1-4f9a-9c52-faad2c311610,FirstNumber=234,secondNumber=1304}  written to file by thread pool-3-thread-4
 message  {Id=a08822de-6dad-457b-802e-3b5daf9754a2,FirstNumber=42,secondNumber=1695}  added by thread pool-3-thread-6
 message  {Id=d25990f6-587e-4afe-bc2a-485267f5072a,FirstNumber=846,secondNumber=1870}  written to file by thread pool-3-thread-1
 message  {Id=19abee69-06d5-47af-8615-df7bee49c37b,FirstNumber=476,secondNumber=1798}  written to file by thread pool-3-thread-3
 message  {Id=9baad646-ed47-4bdc-bf07-11485ea99ef6,FirstNumber=973,secondNumber=605}  written to file by thread pool-3-thread-4
 message  {Id=3b19c020-a3dc-4ff3-82ad-f71fcdf14271,FirstNumber=610,secondNumber=741}  added by thread pool-3-thread-6
 message  {Id=b780220a-35a6-490b-8c3d-6a32b8d448b2,FirstNumber=377,secondNumber=877}  written to file by thread pool-3-thread-1
 message  {Id=53405e3c-9633-4c0c-b560-45fe9d74e1a5,FirstNumber=493,secondNumber=1547}  written to file by thread pool-3-thread-3
 message  {Id=6cac5116-43ab-4806-858c-ee89cd25f7d4,FirstNumber=175,secondNumber=700}  written to file by thread pool-3-thread-4
 message  {Id=73d3d05a-4d4e-4150-a3af-a58abd061a2e,FirstNumber=650,secondNumber=1077}  added by thread pool-3-thread-6
 message  {Id=55b3b1bc-75bc-41e5-a970-ddc38a0bf89c,FirstNumber=11,secondNumber=425}  written to file by thread pool-3-thread-1
 message  {Id=8acbb371-ef00-410a-811a-7013ab3628e0,FirstNumber=625,secondNumber=1873}  written to file by thread pool-3-thread-3
 message  {Id=79351578-7e5a-4453-aff1-0cf7d22a905f,FirstNumber=938,secondNumber=1359}  written to file by thread pool-3-thread-4
 message  {Id=8f3560a0-608d-4fd5-a6d1-86de77e7f8b9,FirstNumber=409,secondNumber=1102}  written to file by thread pool-3-thread-1
 message  {Id=b5501476-9d3d-42bc-9377-4b4e0ce70164,FirstNumber=888,secondNumber=712}  added by thread pool-3-thread-6
 message  {Id=2fc40d4b-e5aa-432e-a4b2-04bf15caada8,FirstNumber=679,secondNumber=765}  written to file by thread pool-3-thread-3
 message  {Id=076657cf-438f-4849-9dc0-8bbc62bef106,FirstNumber=43,secondNumber=1007}  added by thread pool-3-thread-6
 message  {Id=41ab47e1-90d2-44df-ac40-983f29170f85,FirstNumber=470,secondNumber=478}  written to file by thread pool-3-thread-1
 message  {Id=8db6a0e9-6cf6-4cee-9326-4423eb4bad79,FirstNumber=971,secondNumber=1014}  written to file by thread pool-3-thread-4
 message  {Id=20477f21-147e-42d4-90da-a3b5b5283827,FirstNumber=209,secondNumber=187}  written to file by thread pool-3-thread-3
 message  {Id=23299648-dd1b-4b73-ad14-fb82c1177e2e,FirstNumber=401,secondNumber=386}  added by thread pool-3-thread-6
 message  {Id=4888906b-b4d2-4a9f-8620-b57814c01e78,FirstNumber=74,secondNumber=1589}  written to file by thread pool-3-thread-1
 message  {Id=253832c4-29d6-4af6-88da-7dff62076ef3,FirstNumber=622,secondNumber=428}  written to file by thread pool-3-thread-4
 message  {Id=809af4f7-fca4-4939-b9b5-f39cfccdf7bb,FirstNumber=553,secondNumber=542}  added by thread pool-3-thread-6
 message  {Id=1d14ac37-1428-4934-bc67-f0b23eebf5c9,FirstNumber=570,secondNumber=443}  written to file by thread pool-3-thread-4
 message  {Id=469907e4-06e4-4c40-87dd-ae2263b1a07c,FirstNumber=127,secondNumber=656}  written to file by thread pool-3-thread-5
 message  {Id=b754ec97-aa87-4cac-912c-1a02a30e7021,FirstNumber=232,secondNumber=1054}  written to file by thread pool-3-thread-1
 message  {Id=4a3c734b-9b0f-4c08-be8a-21a3ebd9491e,FirstNumber=601,secondNumber=1607}  written to file by thread pool-3-thread-4
 message  {Id=fd231ae8-8afc-4c52-bacb-5750e62d9732,FirstNumber=300,secondNumber=228}  written to file by thread pool-3-thread-5
 message  {Id=af22448d-5cce-4175-820e-c921553dbdc5,FirstNumber=296,secondNumber=621}  written to file by thread pool-3-thread-1
 message  {Id=a5f1b8d0-8944-440c-94e9-c7a8c4eddeeb,FirstNumber=179,secondNumber=1907}  written to file by thread pool-3-thread-4
 message  {Id=6a7da37c-aec9-4245-a5e7-b2476a7400bb,FirstNumber=512,secondNumber=409}  written to file by thread pool-3-thread-1
 message  {Id=c00cce7b-7b4b-4153-8bed-b66b1712fa3e,FirstNumber=226,secondNumber=204}  written to file by thread pool-3-thread-3
 message  {Id=98273774-d0a9-4b3e-a501-651209f5cc1d,FirstNumber=470,secondNumber=351}  written to file by thread pool-3-thread-1
 message  {Id=9cc2171e-d22f-467b-a906-2a28c551786b,FirstNumber=399,secondNumber=1324}  written to file by thread pool-3-thread-4
 message  {Id=5a7fd18d-4219-4105-9d88-16a83b68d0d5,FirstNumber=369,secondNumber=1306}  written to file by thread pool-3-thread-3
 message  {Id=43722178-7388-43bf-b6b9-e78d606e9fc6,FirstNumber=477,secondNumber=165}  written to file by thread pool-3-thread-1
 message  {Id=a08822de-6dad-457b-802e-3b5daf9754a2,FirstNumber=42,secondNumber=1695}  written to file by thread pool-3-thread-4
 message  {Id=73d3d05a-4d4e-4150-a3af-a58abd061a2e,FirstNumber=650,secondNumber=1077}  written to file by thread pool-3-thread-1
 message  {Id=3b19c020-a3dc-4ff3-82ad-f71fcdf14271,FirstNumber=610,secondNumber=741}  written to file by thread pool-3-thread-3
 message  {Id=b5501476-9d3d-42bc-9377-4b4e0ce70164,FirstNumber=888,secondNumber=712}  written to file by thread pool-3-thread-4
 message  {Id=076657cf-438f-4849-9dc0-8bbc62bef106,FirstNumber=43,secondNumber=1007}  written to file by thread pool-3-thread-1
 message  {Id=23299648-dd1b-4b73-ad14-fb82c1177e2e,FirstNumber=401,secondNumber=386}  written to file by thread pool-3-thread-3
 message  {Id=50e14be3-8328-487d-9a2a-0b0a191a866a,FirstNumber=614,secondNumber=789}  written to file by thread pool-3-thread-5
 message  {Id=162cb57c-52c1-4e49-88fd-7bbd50223dea,FirstNumber=390,secondNumber=436}  written to file by thread pool-3-thread-1
 message  {Id=20e85ec0-4876-480e-b128-be9867f66acc,FirstNumber=586,secondNumber=1637}  written to file by thread pool-3-thread-2
 message  {Id=162cb57c-52c1-4e49-88fd-7bbd50223dea,FirstNumber=390,secondNumber=436}  added by thread pool-3-thread-6
 message  {Id=809af4f7-fca4-4939-b9b5-f39cfccdf7bb,FirstNumber=553,secondNumber=542}  written to file by thread pool-3-thread-4
 message  {Id=c151e206-7ce2-4751-a5f6-358c6693e12e,FirstNumber=567,secondNumber=1073}  added by thread pool-3-thread-6
 message  {Id=c151e206-7ce2-4751-a5f6-358c6693e12e,FirstNumber=567,secondNumber=1073}  written to file by thread pool-3-thread-3
 message  {Id=b9af9b0a-6e19-4506-80fa-0ebca5ac97e8,FirstNumber=386,secondNumber=437}  added by thread pool-3-thread-6
 message  {Id=b9af9b0a-6e19-4506-80fa-0ebca5ac97e8,FirstNumber=386,secondNumber=437}  written to file by thread pool-3-thread-5
 message  {Id=b0b6a5ed-88ac-4aad-9561-f5917601a89b,FirstNumber=376,secondNumber=999}  added by thread pool-3-thread-6
 message  {Id=b0b6a5ed-88ac-4aad-9561-f5917601a89b,FirstNumber=376,secondNumber=999}  written to file by thread pool-3-thread-1
 message  {Id=da10f8b6-dee8-41e3-9d69-1e9b4fd1260e,FirstNumber=912,secondNumber=508}  added by thread pool-3-thread-6
 message  {Id=da10f8b6-dee8-41e3-9d69-1e9b4fd1260e,FirstNumber=912,secondNumber=508}  written to file by thread pool-3-thread-2
 message  {Id=3fc3a6f8-2fc4-4d02-aec2-fd3ef55955e7,FirstNumber=356,secondNumber=233}  added by thread pool-3-thread-6
 message  {Id=3fc3a6f8-2fc4-4d02-aec2-fd3ef55955e7,FirstNumber=356,secondNumber=233}  written to file by thread pool-3-thread-4
 message  {Id=3c647655-a054-4f0d-b1fb-bf85270dacd4,FirstNumber=295,secondNumber=1371}  added by thread pool-3-thread-6
 message  {Id=3c647655-a054-4f0d-b1fb-bf85270dacd4,FirstNumber=295,secondNumber=1371}  written to file by thread pool-3-thread-4
 message  {Id=77330cf2-d76f-45b6-b1ed-8f3043bf37f0,FirstNumber=253,secondNumber=1412}  added by thread pool-3-thread-6
 message  {Id=77330cf2-d76f-45b6-b1ed-8f3043bf37f0,FirstNumber=253,secondNumber=1412}  written to file by thread pool-3-thread-5
 message  {Id=7ab250b0-a10e-4e16-8acd-c4c876b52743,FirstNumber=470,secondNumber=697}  added by thread pool-3-thread-6
 message  {Id=7ab250b0-a10e-4e16-8acd-c4c876b52743,FirstNumber=470,secondNumber=697}  written to file by thread pool-3-thread-1
 message  {Id=afe7b711-c999-4ffa-a26e-b1337972ba68,FirstNumber=151,secondNumber=699}  added by thread pool-3-thread-6
 message  {Id=afe7b711-c999-4ffa-a26e-b1337972ba68,FirstNumber=151,secondNumber=699}  written to file by thread pool-3-thread-1
 message  {Id=250fbcdc-bae1-400b-be2f-e4c1d9e5b8d1,FirstNumber=518,secondNumber=216}  added by thread pool-3-thread-6
 message  {Id=250fbcdc-bae1-400b-be2f-e4c1d9e5b8d1,FirstNumber=518,secondNumber=216}  written to file by thread pool-3-thread-3
 message  {Id=1a2eff39-8a32-4961-aedc-e4960ebdead9,FirstNumber=504,secondNumber=285}  added by thread pool-3-thread-6
 message  {Id=1a2eff39-8a32-4961-aedc-e4960ebdead9,FirstNumber=504,secondNumber=285}  written to file by thread pool-3-thread-3
 message  {Id=abba7519-bef6-44ef-9ced-d1c006ce2df3,FirstNumber=771,secondNumber=1865}  added by thread pool-3-thread-6
 message  {Id=abba7519-bef6-44ef-9ced-d1c006ce2df3,FirstNumber=771,secondNumber=1865}  written to file by thread pool-3-thread-5
 message  {Id=cadb7bb5-dac3-4ee5-ac27-c9d946e1b9ec,FirstNumber=657,secondNumber=1355}  added by thread pool-3-thread-6
 message  {Id=cadb7bb5-dac3-4ee5-ac27-c9d946e1b9ec,FirstNumber=657,secondNumber=1355}  written to file by thread pool-3-thread-2
 message  {Id=63deeb09-73ac-4d28-bb03-ed78f95f2c6a,FirstNumber=436,secondNumber=64}  added by thread pool-3-thread-6
 message  {Id=63deeb09-73ac-4d28-bb03-ed78f95f2c6a,FirstNumber=436,secondNumber=64}  written to file by thread pool-3-thread-1
 message  {Id=3482eb81-71e6-436d-a849-5d133c289bd3,FirstNumber=641,secondNumber=1961}  added by thread pool-3-thread-6
 message  {Id=3482eb81-71e6-436d-a849-5d133c289bd3,FirstNumber=641,secondNumber=1961}  written to file by thread pool-3-thread-4
 message  {Id=da04d712-cf24-4dd3-8cff-d7edb2a51e05,FirstNumber=106,secondNumber=484}  added by thread pool-3-thread-6
 message  {Id=da04d712-cf24-4dd3-8cff-d7edb2a51e05,FirstNumber=106,secondNumber=484}  written to file by thread pool-3-thread-3
 message  {Id=ac856eb1-429b-446d-8db8-3d932293afbb,FirstNumber=424,secondNumber=319}  added by thread pool-3-thread-6
 message  {Id=ac856eb1-429b-446d-8db8-3d932293afbb,FirstNumber=424,secondNumber=319}  written to file by thread pool-3-thread-5
 message  {Id=3b2b360c-dd4f-4b81-a885-e60514400256,FirstNumber=483,secondNumber=1942}  added by thread pool-3-thread-6
 message  {Id=3b2b360c-dd4f-4b81-a885-e60514400256,FirstNumber=483,secondNumber=1942}  written to file by thread pool-3-thread-5
 message  {Id=b7a6edfc-d211-463e-b609-cd93029cdfc5,FirstNumber=396,secondNumber=1091}  added by thread pool-3-thread-6
 message  {Id=b7a6edfc-d211-463e-b609-cd93029cdfc5,FirstNumber=396,secondNumber=1091}  written to file by thread pool-3-thread-1
 message  {Id=ace37add-6ce9-4640-b937-137371745b0a,FirstNumber=947,secondNumber=110}  added by thread pool-3-thread-6
 message  {Id=ace37add-6ce9-4640-b937-137371745b0a,FirstNumber=947,secondNumber=110}  written to file by thread pool-3-thread-4
 message  {Id=3516bde4-3e00-42dd-8ec1-aee23ee79d1c,FirstNumber=875,secondNumber=1174}  added by thread pool-3-thread-6
 message  {Id=3516bde4-3e00-42dd-8ec1-aee23ee79d1c,FirstNumber=875,secondNumber=1174}  written to file by thread pool-3-thread-4
 message  {Id=bdc1acd7-5d79-4cdb-a952-40b7e32d832a,FirstNumber=31,secondNumber=1355}  added by thread pool-3-thread-6
 message  {Id=bdc1acd7-5d79-4cdb-a952-40b7e32d832a,FirstNumber=31,secondNumber=1355}  written to file by thread pool-3-thread-4
 message  {Id=8b5ef9e6-13fb-4f58-9aad-8be0350d7b25,FirstNumber=341,secondNumber=1061}  added by thread pool-3-thread-6
 message  {Id=8b5ef9e6-13fb-4f58-9aad-8be0350d7b25,FirstNumber=341,secondNumber=1061}  written to file by thread pool-3-thread-5
 message  {Id=6662dd03-c1a0-40b4-bed2-0ca9348619fb,FirstNumber=390,secondNumber=737}  added by thread pool-3-thread-6
 message  {Id=6662dd03-c1a0-40b4-bed2-0ca9348619fb,FirstNumber=390,secondNumber=737}  written to file by thread pool-3-thread-5
 message  {Id=c5624741-f8fe-4b7d-98a9-3568873b24fe,FirstNumber=41,secondNumber=1526}  added by thread pool-3-thread-6
 message  {Id=c5624741-f8fe-4b7d-98a9-3568873b24fe,FirstNumber=41,secondNumber=1526}  written to file by thread pool-3-thread-3
 message  {Id=7d46a6ae-fe04-4ba4-8fb3-a1150ca2dabb,FirstNumber=468,secondNumber=1562}  added by thread pool-3-thread-6
 message  {Id=7d46a6ae-fe04-4ba4-8fb3-a1150ca2dabb,FirstNumber=468,secondNumber=1562}  written to file by thread pool-3-thread-2
 message  {Id=bdc15a3a-dc6d-420b-8eed-2dc07ffd50be,FirstNumber=764,secondNumber=1520}  added by thread pool-3-thread-6
 message  {Id=bdc15a3a-dc6d-420b-8eed-2dc07ffd50be,FirstNumber=764,secondNumber=1520}  written to file by thread pool-3-thread-2
 message  {Id=75c1b21c-a136-43fc-84c8-0e8c4f7b2026,FirstNumber=989,secondNumber=1713}  added by thread pool-3-thread-6
 message  {Id=75c1b21c-a136-43fc-84c8-0e8c4f7b2026,FirstNumber=989,secondNumber=1713}  written to file by thread pool-3-thread-1
 message  {Id=30c4cf93-dc1a-4ba9-b5bb-08445e9315c0,FirstNumber=981,secondNumber=1823}  added by thread pool-3-thread-6
 message  {Id=30c4cf93-dc1a-4ba9-b5bb-08445e9315c0,FirstNumber=981,secondNumber=1823}  written to file by thread pool-3-thread-1
 message  {Id=56ef0395-d043-491b-8282-2de45f200f2f,FirstNumber=284,secondNumber=289}  added by thread pool-3-thread-6
 message  {Id=56ef0395-d043-491b-8282-2de45f200f2f,FirstNumber=284,secondNumber=289}  written to file by thread pool-3-thread-3
 message  {Id=104ec0e3-ec44-453b-9188-fe2343bb0255,FirstNumber=41,secondNumber=1019}  added by thread pool-3-thread-6
 message  {Id=104ec0e3-ec44-453b-9188-fe2343bb0255,FirstNumber=41,secondNumber=1019}  written to file by thread pool-3-thread-3
 message  {Id=cd08ce5c-f0cf-49b1-9de8-cc59a0111091,FirstNumber=544,secondNumber=1568}  added by thread pool-3-thread-6
 message  {Id=cd08ce5c-f0cf-49b1-9de8-cc59a0111091,FirstNumber=544,secondNumber=1568}  written to file by thread pool-3-thread-2
 message  {Id=6f42bc29-6293-425c-adad-0aae867a5c27,FirstNumber=335,secondNumber=1621}  added by thread pool-3-thread-6
 message  {Id=6f42bc29-6293-425c-adad-0aae867a5c27,FirstNumber=335,secondNumber=1621}  written to file by thread pool-3-thread-5
 message  {Id=911ca1a9-441e-426f-830e-7ec53ad4a6f4,FirstNumber=732,secondNumber=308}  added by thread pool-3-thread-6
 message  {Id=911ca1a9-441e-426f-830e-7ec53ad4a6f4,FirstNumber=732,secondNumber=308}  written to file by thread pool-3-thread-1
 message  {Id=c2100729-e8b1-4c33-ab50-14a1f89d849e,FirstNumber=606,secondNumber=1979}  added by thread pool-3-thread-6
 message  {Id=c2100729-e8b1-4c33-ab50-14a1f89d849e,FirstNumber=606,secondNumber=1979}  written to file by thread pool-3-thread-4
 message  {Id=74c36872-0c13-4020-869a-4be1d4884d9e,FirstNumber=586,secondNumber=1304}  added by thread pool-3-thread-6
 message  {Id=74c36872-0c13-4020-869a-4be1d4884d9e,FirstNumber=586,secondNumber=1304}  written to file by thread pool-3-thread-3
 message  {Id=7d9b560f-21cc-4f88-be65-892d7e3cf915,FirstNumber=39,secondNumber=683}  added by thread pool-3-thread-6
 message  {Id=7d9b560f-21cc-4f88-be65-892d7e3cf915,FirstNumber=39,secondNumber=683}  written to file by thread pool-3-thread-3
 message  {Id=85b29d12-6a83-427f-b826-4cc389c1bce0,FirstNumber=519,secondNumber=1091}  added by thread pool-3-thread-6
 message  {Id=85b29d12-6a83-427f-b826-4cc389c1bce0,FirstNumber=519,secondNumber=1091}  written to file by thread pool-3-thread-5
 message  {Id=5c54bdab-7432-4b9a-9fcb-8a0a2737a9da,FirstNumber=705,secondNumber=1812}  added by thread pool-3-thread-6
 message  {Id=5c54bdab-7432-4b9a-9fcb-8a0a2737a9da,FirstNumber=705,secondNumber=1812}  written to file by thread pool-3-thread-5
 message  {Id=ba8b83e9-7115-4de4-b45f-8f0ef977484e,FirstNumber=795,secondNumber=1617}  added by thread pool-3-thread-6
 message  {Id=ba8b83e9-7115-4de4-b45f-8f0ef977484e,FirstNumber=795,secondNumber=1617}  written to file by thread pool-3-thread-4
 message  {Id=6fdfd7e2-5f3e-484e-a9e7-f21e1b83ccd9,FirstNumber=285,secondNumber=458}  added by thread pool-3-thread-6
 message  {Id=6fdfd7e2-5f3e-484e-a9e7-f21e1b83ccd9,FirstNumber=285,secondNumber=458}  written to file by thread pool-3-thread-4
 message  {Id=cdb92a2b-e140-42bd-bd9a-40b5e032541b,FirstNumber=359,secondNumber=361}  added by thread pool-3-thread-6
 message  {Id=cdb92a2b-e140-42bd-bd9a-40b5e032541b,FirstNumber=359,secondNumber=361}  written to file by thread pool-3-thread-3
 message  {Id=0eb152cc-3f57-4953-90fb-dee0cd1d079f,FirstNumber=603,secondNumber=1646}  added by thread pool-3-thread-6
 message  {Id=0eb152cc-3f57-4953-90fb-dee0cd1d079f,FirstNumber=603,secondNumber=1646}  written to file by thread pool-3-thread-3
 message  {Id=6869e436-7fbe-4f7f-8ea7-3b28e0b30cb0,FirstNumber=599,secondNumber=1448}  added by thread pool-3-thread-6
 message  {Id=6869e436-7fbe-4f7f-8ea7-3b28e0b30cb0,FirstNumber=599,secondNumber=1448}  written to file by thread pool-3-thread-5
 message  {Id=4505a0b0-b316-4274-a326-67bd8d54ed72,FirstNumber=18,secondNumber=1226}  added by thread pool-3-thread-6
 message  {Id=4505a0b0-b316-4274-a326-67bd8d54ed72,FirstNumber=18,secondNumber=1226}  written to file by thread pool-3-thread-5
 message  {Id=b6007a87-c3b6-4d97-9d33-0768bce6c449,FirstNumber=229,secondNumber=1216}  added by thread pool-3-thread-6
 message  {Id=b6007a87-c3b6-4d97-9d33-0768bce6c449,FirstNumber=229,secondNumber=1216}  written to file by thread pool-3-thread-4
 message  {Id=5e6af6a4-d653-4cb3-a37b-b2a5fd736772,FirstNumber=535,secondNumber=258}  added by thread pool-3-thread-6
 message  {Id=5e6af6a4-d653-4cb3-a37b-b2a5fd736772,FirstNumber=535,secondNumber=258}  written to file by thread pool-3-thread-4
 message  {Id=debca4ff-05b0-4b43-921e-f45bbb85c91a,FirstNumber=806,secondNumber=13}  written to file by thread pool-3-thread-3
 message  {Id=debca4ff-05b0-4b43-921e-f45bbb85c91a,FirstNumber=806,secondNumber=13}  added by thread pool-3-thread-6
 message  {Id=8c47dfbe-bcef-4d4b-bea5-55ac4f7506e9,FirstNumber=225,secondNumber=1537}  added by thread pool-3-thread-6
 message  {Id=8c47dfbe-bcef-4d4b-bea5-55ac4f7506e9,FirstNumber=225,secondNumber=1537}  written to file by thread pool-3-thread-2
 message  {Id=0a272311-8b7e-4d91-955b-4986d80b2632,FirstNumber=421,secondNumber=1606}  added by thread pool-3-thread-6
 message  {Id=0a272311-8b7e-4d91-955b-4986d80b2632,FirstNumber=421,secondNumber=1606}  written to file by thread pool-3-thread-2
 message  {Id=06995e0e-b9bf-42f2-8d0a-7f1d0b80df1a,FirstNumber=918,secondNumber=719}  added by thread pool-3-thread-6
 message  {Id=06995e0e-b9bf-42f2-8d0a-7f1d0b80df1a,FirstNumber=918,secondNumber=719}  written to file by thread pool-3-thread-2
 message  {Id=28f46355-718e-40cd-981b-bf09ab5a4a1d,FirstNumber=450,secondNumber=1249}  added by thread pool-3-thread-6
 message  {Id=28f46355-718e-40cd-981b-bf09ab5a4a1d,FirstNumber=450,secondNumber=1249}  written to file by thread pool-3-thread-4
 message  {Id=30c0e7c9-be2d-496d-ad96-9f2ec31bff4d,FirstNumber=666,secondNumber=482}  added by thread pool-3-thread-6
 message  {Id=30c0e7c9-be2d-496d-ad96-9f2ec31bff4d,FirstNumber=666,secondNumber=482}  written to file by thread pool-3-thread-4
 message  {Id=73c3b3b5-4649-42b9-bf28-04250f6b8e41,FirstNumber=833,secondNumber=175}  added by thread pool-3-thread-6
 message  {Id=73c3b3b5-4649-42b9-bf28-04250f6b8e41,FirstNumber=833,secondNumber=175}  written to file by thread pool-3-thread-5
 message  {Id=3f485518-b4f1-49da-8725-40752c8d4731,FirstNumber=909,secondNumber=661}  added by thread pool-3-thread-6
 message  {Id=3f485518-b4f1-49da-8725-40752c8d4731,FirstNumber=909,secondNumber=661}  written to file by thread pool-3-thread-1
 message  {Id=382dc951-91fc-4d23-a7cb-9ad2d0ed364b,FirstNumber=188,secondNumber=772}  added by thread pool-3-thread-6
 message  {Id=382dc951-91fc-4d23-a7cb-9ad2d0ed364b,FirstNumber=188,secondNumber=772}  written to file by thread pool-3-thread-2
 message  {Id=b62dbe84-f746-45b4-a600-49841c059e66,FirstNumber=108,secondNumber=525}  added by thread pool-3-thread-6
 message  {Id=b62dbe84-f746-45b4-a600-49841c059e66,FirstNumber=108,secondNumber=525}  written to file by thread pool-3-thread-2
 message  {Id=1548737e-bde1-46ba-891b-485849d28e4b,FirstNumber=877,secondNumber=899}  added by thread pool-3-thread-6
 message  {Id=1548737e-bde1-46ba-891b-485849d28e4b,FirstNumber=877,secondNumber=899}  written to file by thread pool-3-thread-4
 message  {Id=17e6e62b-0157-45e8-8834-53e0db8f4f16,FirstNumber=560,secondNumber=686}  added by thread pool-3-thread-6
 message  {Id=17e6e62b-0157-45e8-8834-53e0db8f4f16,FirstNumber=560,secondNumber=686}  written to file by thread pool-3-thread-5
 message  {Id=0a0855d2-2238-4eda-ac3c-ee02bbe02644,FirstNumber=404,secondNumber=1371}  added by thread pool-3-thread-6
 message  {Id=0a0855d2-2238-4eda-ac3c-ee02bbe02644,FirstNumber=404,secondNumber=1371}  written to file by thread pool-3-thread-1
 message  {Id=e12730ec-7888-42b8-b3c3-a9c841a5914f,FirstNumber=496,secondNumber=172}  added by thread pool-3-thread-6
 message  {Id=e12730ec-7888-42b8-b3c3-a9c841a5914f,FirstNumber=496,secondNumber=172}  written to file by thread pool-3-thread-3
 message  {Id=64715798-bf4c-4672-8830-48ac6d0a538d,FirstNumber=258,secondNumber=1796}  added by thread pool-3-thread-6
 message  {Id=64715798-bf4c-4672-8830-48ac6d0a538d,FirstNumber=258,secondNumber=1796}  written to file by thread pool-3-thread-3
 message  {Id=66126e3b-78d4-4dc8-b995-276065695b3a,FirstNumber=259,secondNumber=907}  added by thread pool-3-thread-6
 message  {Id=66126e3b-78d4-4dc8-b995-276065695b3a,FirstNumber=259,secondNumber=907}  written to file by thread pool-3-thread-3
 message  {Id=2404a29c-9a08-47de-b9a1-e5cea4b8a93b,FirstNumber=283,secondNumber=1388}  added by thread pool-3-thread-6
 message  {Id=2404a29c-9a08-47de-b9a1-e5cea4b8a93b,FirstNumber=283,secondNumber=1388}  written to file by thread pool-3-thread-5
 message  {Id=cf8dc474-7bd5-4ed2-bac0-a51308c9c612,FirstNumber=796,secondNumber=1769}  added by thread pool-3-thread-6
 message  {Id=cf8dc474-7bd5-4ed2-bac0-a51308c9c612,FirstNumber=796,secondNumber=1769}  written to file by thread pool-3-thread-1
 message  {Id=3e7a2fc5-78a1-4867-8b10-954acf49bcd7,FirstNumber=341,secondNumber=1626}  added by thread pool-3-thread-6
 message  {Id=3e7a2fc5-78a1-4867-8b10-954acf49bcd7,FirstNumber=341,secondNumber=1626}  written to file by thread pool-3-thread-2
 message  {Id=14d3d0e2-bcae-4b67-aef6-e2d8b9263d07,FirstNumber=20,secondNumber=1650}  added by thread pool-3-thread-6
 message  {Id=14d3d0e2-bcae-4b67-aef6-e2d8b9263d07,FirstNumber=20,secondNumber=1650}  written to file by thread pool-3-thread-4
 message  {Id=c13beb6e-6e65-4f52-9c8c-7b1bec6986a1,FirstNumber=589,secondNumber=94}  added by thread pool-3-thread-6
 message  {Id=c13beb6e-6e65-4f52-9c8c-7b1bec6986a1,FirstNumber=589,secondNumber=94}  written to file by thread pool-3-thread-3
 message  {Id=8bb062cd-b00f-4baa-a336-b15afe68043f,FirstNumber=565,secondNumber=1506}  added by thread pool-3-thread-6
 message  {Id=8bb062cd-b00f-4baa-a336-b15afe68043f,FirstNumber=565,secondNumber=1506}  written to file by thread pool-3-thread-5
 message  {Id=d988b0e6-ad3f-4896-a7c7-4c683bff5181,FirstNumber=586,secondNumber=1898}  added by thread pool-3-thread-6
 message  {Id=d988b0e6-ad3f-4896-a7c7-4c683bff5181,FirstNumber=586,secondNumber=1898}  written to file by thread pool-3-thread-1
 message  {Id=db37833f-f986-48e3-87af-b2d46dd5a138,FirstNumber=998,secondNumber=17}  added by thread pool-3-thread-6
 message  {Id=db37833f-f986-48e3-87af-b2d46dd5a138,FirstNumber=998,secondNumber=17}  written to file by thread pool-3-thread-2
 message  {Id=68c95f9a-cf1b-482f-9db1-6135ce0d4425,FirstNumber=48,secondNumber=524}  added by thread pool-3-thread-6
 message  {Id=68c95f9a-cf1b-482f-9db1-6135ce0d4425,FirstNumber=48,secondNumber=524}  written to file by thread pool-3-thread-2
 message  {Id=f62f847a-1d44-447c-a226-efac5b001f28,FirstNumber=475,secondNumber=1104}  added by thread pool-3-thread-6
 message  {Id=f62f847a-1d44-447c-a226-efac5b001f28,FirstNumber=475,secondNumber=1104}  written to file by thread pool-3-thread-3
 message  {Id=ec9020a1-489c-4846-afa0-f2b8b4387c63,FirstNumber=443,secondNumber=786}  added by thread pool-3-thread-6
 message  {Id=ec9020a1-489c-4846-afa0-f2b8b4387c63,FirstNumber=443,secondNumber=786}  written to file by thread pool-3-thread-5
 message  {Id=dda2040a-4f5d-4b58-a7d7-68b71fde446c,FirstNumber=688,secondNumber=1130}  added by thread pool-3-thread-6
 message  {Id=dda2040a-4f5d-4b58-a7d7-68b71fde446c,FirstNumber=688,secondNumber=1130}  written to file by thread pool-3-thread-1
 message  {Id=85d8483f-3d13-423b-bbf9-db31153062d7,FirstNumber=723,secondNumber=230}  added by thread pool-3-thread-6
 message  {Id=85d8483f-3d13-423b-bbf9-db31153062d7,FirstNumber=723,secondNumber=230}  written to file by thread pool-3-thread-4
 message  {Id=2e628b68-b813-4c4e-86b6-1c78b0c93286,FirstNumber=913,secondNumber=1635}  added by thread pool-3-thread-6
 message  {Id=2e628b68-b813-4c4e-86b6-1c78b0c93286,FirstNumber=913,secondNumber=1635}  written to file by thread pool-3-thread-2
 message  {Id=cbd5c976-25c5-4afd-9feb-c2cb1a3be94f,FirstNumber=450,secondNumber=1784}  added by thread pool-3-thread-6
 message  {Id=cbd5c976-25c5-4afd-9feb-c2cb1a3be94f,FirstNumber=450,secondNumber=1784}  written to file by thread pool-3-thread-2
 message  {Id=05e3cace-c8bc-4a82-9bd4-45c05bafd3c8,FirstNumber=410,secondNumber=1323}  added by thread pool-3-thread-6
 message  {Id=05e3cace-c8bc-4a82-9bd4-45c05bafd3c8,FirstNumber=410,secondNumber=1323}  written to file by thread pool-3-thread-5
 message  {Id=6a15ec27-ac99-4c22-8b16-379a165d39dd,FirstNumber=386,secondNumber=1592}  added by thread pool-3-thread-6
 message  {Id=6a15ec27-ac99-4c22-8b16-379a165d39dd,FirstNumber=386,secondNumber=1592}  written to file by thread pool-3-thread-1
 message  {Id=0c46dcb1-6fa2-4ce3-86af-7d6fcd972a57,FirstNumber=605,secondNumber=469}  added by thread pool-3-thread-6
 message  {Id=0c46dcb1-6fa2-4ce3-86af-7d6fcd972a57,FirstNumber=605,secondNumber=469}  written to file by thread pool-3-thread-4
 message  {Id=f737f22e-2ace-4c71-900e-70508bd244b2,FirstNumber=365,secondNumber=1478}  added by thread pool-3-thread-6
 message  {Id=f737f22e-2ace-4c71-900e-70508bd244b2,FirstNumber=365,secondNumber=1478}  written to file by thread pool-3-thread-4
 message  {Id=3c932a07-eef3-4319-bfb9-fc12b08598c8,FirstNumber=894,secondNumber=895}  added by thread pool-3-thread-6
 message  {Id=3c932a07-eef3-4319-bfb9-fc12b08598c8,FirstNumber=894,secondNumber=895}  written to file by thread pool-3-thread-2
 message  {Id=7846df64-5faa-4a3a-95b5-05be59114168,FirstNumber=656,secondNumber=103}  added by thread pool-3-thread-6
 message  {Id=7846df64-5faa-4a3a-95b5-05be59114168,FirstNumber=656,secondNumber=103}  written to file by thread pool-3-thread-5
 message  {Id=ba2b162e-020e-4454-9f8e-db6a72b52c11,FirstNumber=904,secondNumber=1077}  added by thread pool-3-thread-6
 message  {Id=ba2b162e-020e-4454-9f8e-db6a72b52c11,FirstNumber=904,secondNumber=1077}  written to file by thread pool-3-thread-5
 message  {Id=fa833ac1-1c20-4013-a6dd-6a16cd57bfd4,FirstNumber=416,secondNumber=1631}  added by thread pool-3-thread-6
 message  {Id=fa833ac1-1c20-4013-a6dd-6a16cd57bfd4,FirstNumber=416,secondNumber=1631}  written to file by thread pool-3-thread-3
 message  {Id=6b8c6170-42fd-4423-b33e-285b7e041171,FirstNumber=747,secondNumber=575}  added by thread pool-3-thread-6
 message  {Id=6b8c6170-42fd-4423-b33e-285b7e041171,FirstNumber=747,secondNumber=575}  written to file by thread pool-3-thread-4
 message  {Id=4a7aca56-13cc-40d9-925d-227d6a8cdbbc,FirstNumber=206,secondNumber=1154}  added by thread pool-3-thread-6
 message  {Id=4a7aca56-13cc-40d9-925d-227d6a8cdbbc,FirstNumber=206,secondNumber=1154}  written to file by thread pool-3-thread-2
 message  {Id=108e1e39-54d6-4c43-95b0-28eceb5fad90,FirstNumber=831,secondNumber=1710}  added by thread pool-3-thread-6
 message  {Id=108e1e39-54d6-4c43-95b0-28eceb5fad90,FirstNumber=831,secondNumber=1710}  written to file by thread pool-3-thread-2
 message  {Id=ec416058-e3ff-4f9e-985b-c71d1c5b4988,FirstNumber=631,secondNumber=579}  added by thread pool-3-thread-6
 message  {Id=ec416058-e3ff-4f9e-985b-c71d1c5b4988,FirstNumber=631,secondNumber=579}  written to file by thread pool-3-thread-5
 message  {Id=cdaca658-e537-490a-96c3-cb6dadf6fbab,FirstNumber=602,secondNumber=541}  added by thread pool-3-thread-6
 message  {Id=cdaca658-e537-490a-96c3-cb6dadf6fbab,FirstNumber=602,secondNumber=541}  written to file by thread pool-3-thread-3
 message  {Id=43e807c4-8dd6-47d2-a62e-7a0160b5870c,FirstNumber=918,secondNumber=929}  added by thread pool-3-thread-6
 message  {Id=43e807c4-8dd6-47d2-a62e-7a0160b5870c,FirstNumber=918,secondNumber=929}  written to file by thread pool-3-thread-3
 message  {Id=13b8edc0-ff8d-4211-8b5c-010158d66f5e,FirstNumber=479,secondNumber=205}  added by thread pool-3-thread-6
 message  {Id=13b8edc0-ff8d-4211-8b5c-010158d66f5e,FirstNumber=479,secondNumber=205}  written to file by thread pool-3-thread-1
 message  {Id=75d0ec0e-a0af-4739-8e6c-2dceb6eabe32,FirstNumber=58,secondNumber=632}  added by thread pool-3-thread-6
 message  {Id=75d0ec0e-a0af-4739-8e6c-2dceb6eabe32,FirstNumber=58,secondNumber=632}  written to file by thread pool-3-thread-2
 message  {Id=e98ab509-8fbb-4ee2-893d-bf7aa2de5dea,FirstNumber=68,secondNumber=556}  added by thread pool-3-thread-6
 message  {Id=e98ab509-8fbb-4ee2-893d-bf7aa2de5dea,FirstNumber=68,secondNumber=556}  written to file by thread pool-3-thread-5
 message  {Id=ff7ccf1c-0f1c-443d-b045-b1b6e66c6e56,FirstNumber=538,secondNumber=1146}  added by thread pool-3-thread-6
 message  {Id=ff7ccf1c-0f1c-443d-b045-b1b6e66c6e56,FirstNumber=538,secondNumber=1146}  written to file by thread pool-3-thread-5
 message  {Id=84642a34-8fd8-40e2-8293-3ca69a012ec6,FirstNumber=584,secondNumber=1746}  added by thread pool-3-thread-6
 message  {Id=84642a34-8fd8-40e2-8293-3ca69a012ec6,FirstNumber=584,secondNumber=1746}  written to file by thread pool-3-thread-3
 message  {Id=c0ef1cc0-24a4-435b-92e5-c4a19cd9f4e5,FirstNumber=814,secondNumber=732}  added by thread pool-3-thread-6
 message  {Id=c0ef1cc0-24a4-435b-92e5-c4a19cd9f4e5,FirstNumber=814,secondNumber=732}  written to file by thread pool-3-thread-1
 message  {Id=01bf64db-f360-4cd3-a5a2-5e51e4c2dfd5,FirstNumber=201,secondNumber=1155}  added by thread pool-3-thread-6
 message  {Id=01bf64db-f360-4cd3-a5a2-5e51e4c2dfd5,FirstNumber=201,secondNumber=1155}  written to file by thread pool-3-thread-2
 message  {Id=ddda17d9-f90f-43f6-86f7-11d3e8e99608,FirstNumber=259,secondNumber=425}  added by thread pool-3-thread-6
 message  {Id=ddda17d9-f90f-43f6-86f7-11d3e8e99608,FirstNumber=259,secondNumber=425}  written to file by thread pool-3-thread-4
 message  {Id=387432e5-5264-41c3-ace8-3d5634b84a41,FirstNumber=886,secondNumber=329}  added by thread pool-3-thread-6
 message  {Id=387432e5-5264-41c3-ace8-3d5634b84a41,FirstNumber=886,secondNumber=329}  written to file by thread pool-3-thread-5
 message  {Id=90553272-e6fc-4586-8508-e4c7c33a0e99,FirstNumber=199,secondNumber=1046}  added by thread pool-3-thread-6
 message  {Id=90553272-e6fc-4586-8508-e4c7c33a0e99,FirstNumber=199,secondNumber=1046}  written to file by thread pool-3-thread-3
 message  {Id=09b3b8f9-5ae6-4783-a0c1-c35a71611640,FirstNumber=202,secondNumber=274}  added by thread pool-3-thread-6
 message  {Id=09b3b8f9-5ae6-4783-a0c1-c35a71611640,FirstNumber=202,secondNumber=274}  written to file by thread pool-3-thread-3
 message  {Id=4eeb50d0-2b75-4115-9105-d886f787b730,FirstNumber=834,secondNumber=463}  added by thread pool-3-thread-6
 message  {Id=4eeb50d0-2b75-4115-9105-d886f787b730,FirstNumber=834,secondNumber=463}  written to file by thread pool-3-thread-2
 message  {Id=fda3d143-be6d-4f65-baee-c83ba98d146a,FirstNumber=284,secondNumber=158}  added by thread pool-3-thread-6
 message  {Id=fda3d143-be6d-4f65-baee-c83ba98d146a,FirstNumber=284,secondNumber=158}  written to file by thread pool-3-thread-4
 message  {Id=8e5cad8b-9ceb-435b-8274-adbf75660a76,FirstNumber=930,secondNumber=1146}  added by thread pool-3-thread-6
 message  {Id=8e5cad8b-9ceb-435b-8274-adbf75660a76,FirstNumber=930,secondNumber=1146}  written to file by thread pool-3-thread-4
 message  {Id=62b0df2b-cf83-4310-b563-b9616de05d55,FirstNumber=899,secondNumber=601}  added by thread pool-3-thread-6
 message  {Id=62b0df2b-cf83-4310-b563-b9616de05d55,FirstNumber=899,secondNumber=601}  written to file by thread pool-3-thread-1
 message  {Id=89db0616-183c-4896-856c-cead40405898,FirstNumber=845,secondNumber=1478}  added by thread pool-3-thread-6
 message  {Id=89db0616-183c-4896-856c-cead40405898,FirstNumber=845,secondNumber=1478}  written to file by thread pool-3-thread-3
 message  {Id=52b4d835-84b7-4cab-a809-89fc0face067,FirstNumber=179,secondNumber=1424}  added by thread pool-3-thread-6
 message  {Id=52b4d835-84b7-4cab-a809-89fc0face067,FirstNumber=179,secondNumber=1424}  written to file by thread pool-3-thread-3
 message  {Id=3c52abfe-82a4-4a95-b2a7-3bb041f1f097,FirstNumber=356,secondNumber=123}  added by thread pool-3-thread-6
 message  {Id=3c52abfe-82a4-4a95-b2a7-3bb041f1f097,FirstNumber=356,secondNumber=123}  written to file by thread pool-3-thread-3
 message  {Id=7e7f7021-eb81-417a-8c80-b6f59748603d,FirstNumber=469,secondNumber=1813}  added by thread pool-3-thread-6
 message  {Id=7e7f7021-eb81-417a-8c80-b6f59748603d,FirstNumber=469,secondNumber=1813}  written to file by thread pool-3-thread-4
 message  {Id=341b53cb-5817-4dad-a9bf-fd8e85aed3e7,FirstNumber=621,secondNumber=819}  added by thread pool-3-thread-6
 message  {Id=341b53cb-5817-4dad-a9bf-fd8e85aed3e7,FirstNumber=621,secondNumber=819}  written to file by thread pool-3-thread-4
 message  {Id=6b01e6b3-ac17-46e2-a55c-41a05d38881e,FirstNumber=304,secondNumber=1945}  added by thread pool-3-thread-6
 message  {Id=6b01e6b3-ac17-46e2-a55c-41a05d38881e,FirstNumber=304,secondNumber=1945}  written to file by thread pool-3-thread-4
 message  {Id=872ab1ed-9567-4be8-a77a-62e3c78ce278,FirstNumber=876,secondNumber=438}  added by thread pool-3-thread-6
 message  {Id=872ab1ed-9567-4be8-a77a-62e3c78ce278,FirstNumber=876,secondNumber=438}  written to file by thread pool-3-thread-5
 message  {Id=26a82b55-7bac-48ed-b6bd-138d433cd2f4,FirstNumber=38,secondNumber=1479}  added by thread pool-3-thread-6
 message  {Id=26a82b55-7bac-48ed-b6bd-138d433cd2f4,FirstNumber=38,secondNumber=1479}  written to file by thread pool-3-thread-3
 message  {Id=d188d135-a6e1-4b8c-918d-2c6c15d1450b,FirstNumber=313,secondNumber=1591}  added by thread pool-3-thread-6
 message  {Id=d188d135-a6e1-4b8c-918d-2c6c15d1450b,FirstNumber=313,secondNumber=1591}  written to file by thread pool-3-thread-3
 message  {Id=7002ccff-ae5b-486e-bdd7-631889d445ea,FirstNumber=699,secondNumber=1989}  added by thread pool-3-thread-6
 message  {Id=7002ccff-ae5b-486e-bdd7-631889d445ea,FirstNumber=699,secondNumber=1989}  written to file by thread pool-3-thread-3
 message  {Id=960d0b98-907d-480f-bc3d-a6d29d0e5baa,FirstNumber=966,secondNumber=919}  added by thread pool-3-thread-6
 message  {Id=960d0b98-907d-480f-bc3d-a6d29d0e5baa,FirstNumber=966,secondNumber=919}  written to file by thread pool-3-thread-4
 message  {Id=554a2337-7ce5-4748-a2df-d7a5341e60fd,FirstNumber=925,secondNumber=1059}  added by thread pool-3-thread-6
 message  {Id=554a2337-7ce5-4748-a2df-d7a5341e60fd,FirstNumber=925,secondNumber=1059}  written to file by thread pool-3-thread-4
 message  {Id=f5b19a97-9868-4ee7-98e8-7542797a0d10,FirstNumber=845,secondNumber=45}  added by thread pool-3-thread-6
 message  {Id=f5b19a97-9868-4ee7-98e8-7542797a0d10,FirstNumber=845,secondNumber=45}  written to file by thread pool-3-thread-1
 message  {Id=34ac463e-5cbc-43ce-8753-5294e617c3a8,FirstNumber=669,secondNumber=1700}  added by thread pool-3-thread-6
 message  {Id=34ac463e-5cbc-43ce-8753-5294e617c3a8,FirstNumber=669,secondNumber=1700}  written to file by thread pool-3-thread-2
 message  {Id=b92945fa-b41e-4c25-9954-a42ce7fc6455,FirstNumber=952,secondNumber=31}  added by thread pool-3-thread-6
 message  {Id=b92945fa-b41e-4c25-9954-a42ce7fc6455,FirstNumber=952,secondNumber=31}  written to file by thread pool-3-thread-2
 message  {Id=3abd46e3-d07f-4696-be30-1356cfc97dd9,FirstNumber=96,secondNumber=532}  added by thread pool-3-thread-6
 message  {Id=3abd46e3-d07f-4696-be30-1356cfc97dd9,FirstNumber=96,secondNumber=532}  written to file by thread pool-3-thread-2
 message  {Id=0bd7da07-b25c-4148-b9a3-480c6e8de689,FirstNumber=641,secondNumber=1744}  added by thread pool-3-thread-6
 message  {Id=0bd7da07-b25c-4148-b9a3-480c6e8de689,FirstNumber=641,secondNumber=1744}  written to file by thread pool-3-thread-4
 message  {Id=1ab0be81-e8bc-4450-93cd-1390b0d43c0b,FirstNumber=195,secondNumber=817}  added by thread pool-3-thread-6
 message  {Id=1ab0be81-e8bc-4450-93cd-1390b0d43c0b,FirstNumber=195,secondNumber=817}  written to file by thread pool-3-thread-4
 message  {Id=a49280eb-b402-43be-946e-7697959b264d,FirstNumber=673,secondNumber=701}  added by thread pool-3-thread-6
 message  {Id=a49280eb-b402-43be-946e-7697959b264d,FirstNumber=673,secondNumber=701}  written to file by thread pool-3-thread-4
 message  {Id=68325155-d86e-4553-8668-23d3779099c7,FirstNumber=66,secondNumber=1949}  added by thread pool-3-thread-6
 message  {Id=68325155-d86e-4553-8668-23d3779099c7,FirstNumber=66,secondNumber=1949}  written to file by thread pool-3-thread-5
 message  {Id=3d4b48c9-ecca-41ed-a557-fc87b98eacd0,FirstNumber=412,secondNumber=457}  added by thread pool-3-thread-6
 message  {Id=3d4b48c9-ecca-41ed-a557-fc87b98eacd0,FirstNumber=412,secondNumber=457}  written to file by thread pool-3-thread-2
 message  {Id=4e12bf5a-b1e4-4444-9ab6-7229fb5d4992,FirstNumber=192,secondNumber=1492}  added by thread pool-3-thread-6
 message  {Id=4e12bf5a-b1e4-4444-9ab6-7229fb5d4992,FirstNumber=192,secondNumber=1492}  written to file by thread pool-3-thread-2
 message  {Id=45e57ef1-3f74-4060-8171-29eb6abf2a8d,FirstNumber=256,secondNumber=1380}  added by thread pool-3-thread-6
 message  {Id=45e57ef1-3f74-4060-8171-29eb6abf2a8d,FirstNumber=256,secondNumber=1380}  written to file by thread pool-3-thread-3
 message  {Id=26da52d4-8b38-4ab0-ac3f-df0d6c9249da,FirstNumber=579,secondNumber=1258}  added by thread pool-3-thread-6
 message  {Id=26da52d4-8b38-4ab0-ac3f-df0d6c9249da,FirstNumber=579,secondNumber=1258}  written to file by thread pool-3-thread-3
 message  {Id=61415b7d-c169-4aa3-82be-cc60f51731a2,FirstNumber=85,secondNumber=843}  added by thread pool-3-thread-6
 message  {Id=61415b7d-c169-4aa3-82be-cc60f51731a2,FirstNumber=85,secondNumber=843}  written to file by thread pool-3-thread-3
 message  {Id=294d27d0-9baa-4756-a61d-b94b7c947402,FirstNumber=508,secondNumber=1114}  added by thread pool-3-thread-6
 message  {Id=294d27d0-9baa-4756-a61d-b94b7c947402,FirstNumber=508,secondNumber=1114}  written to file by thread pool-3-thread-3
 message  {Id=36fadabc-c029-4a6f-a052-db02de0b8079,FirstNumber=171,secondNumber=1791}  added by thread pool-3-thread-6
 message  {Id=36fadabc-c029-4a6f-a052-db02de0b8079,FirstNumber=171,secondNumber=1791}  written to file by thread pool-3-thread-3
 message  {Id=577d524d-9e2f-4cce-b50e-48ada41c29ae,FirstNumber=132,secondNumber=1528}  added by thread pool-3-thread-6
 message  {Id=577d524d-9e2f-4cce-b50e-48ada41c29ae,FirstNumber=132,secondNumber=1528}  written to file by thread pool-3-thread-4
 message  {Id=d0a28a0a-ed32-4b21-b6f7-273267473d8b,FirstNumber=0,secondNumber=449}  added by thread pool-3-thread-6
 message  {Id=d0a28a0a-ed32-4b21-b6f7-273267473d8b,FirstNumber=0,secondNumber=449}  written to file by thread pool-3-thread-5
 message  {Id=343fb951-62f7-448e-952e-34920e4007fa,FirstNumber=689,secondNumber=1868}  added by thread pool-3-thread-6
 message  {Id=343fb951-62f7-448e-952e-34920e4007fa,FirstNumber=689,secondNumber=1868}  written to file by thread pool-3-thread-5
 message  {Id=115ad947-5089-40af-8e65-c9aa0a05688c,FirstNumber=117,secondNumber=500}  added by thread pool-3-thread-6
 message  {Id=115ad947-5089-40af-8e65-c9aa0a05688c,FirstNumber=117,secondNumber=500}  written to file by thread pool-3-thread-2
 message  {Id=368e0f51-6974-4464-b9f8-f58d9addaf46,FirstNumber=882,secondNumber=1633}  added by thread pool-3-thread-6
 message  {Id=368e0f51-6974-4464-b9f8-f58d9addaf46,FirstNumber=882,secondNumber=1633}  written to file by thread pool-3-thread-3
 message  {Id=45461638-0625-4a03-8254-75253eac5171,FirstNumber=914,secondNumber=1477}  added by thread pool-3-thread-6
 message  {Id=45461638-0625-4a03-8254-75253eac5171,FirstNumber=914,secondNumber=1477}  written to file by thread pool-3-thread-3
 message  {Id=25b6b4b8-e9e9-45aa-96fd-c5880e470f57,FirstNumber=819,secondNumber=1429}  added by thread pool-3-thread-6
 message  {Id=25b6b4b8-e9e9-45aa-96fd-c5880e470f57,FirstNumber=819,secondNumber=1429}  written to file by thread pool-3-thread-1
 message  {Id=5016a669-502e-4b37-9b1b-cd8a59d3cb91,FirstNumber=328,secondNumber=1159}  added by thread pool-3-thread-6
 message  {Id=5016a669-502e-4b37-9b1b-cd8a59d3cb91,FirstNumber=328,secondNumber=1159}  written to file by thread pool-3-thread-1
 message  {Id=97ded708-c23e-42e6-8ec2-f9952cacd15a,FirstNumber=205,secondNumber=587}  added by thread pool-3-thread-6
 message  {Id=97ded708-c23e-42e6-8ec2-f9952cacd15a,FirstNumber=205,secondNumber=587}  written to file by thread pool-3-thread-1
 message  {Id=a3f08fa7-d612-4fbe-8f07-3dd17eb0f06f,FirstNumber=812,secondNumber=813}  added by thread pool-3-thread-6
 message  {Id=a3f08fa7-d612-4fbe-8f07-3dd17eb0f06f,FirstNumber=812,secondNumber=813}  written to file by thread pool-3-thread-4
 message  {Id=77fa0680-2b2b-4ca7-bb8e-d30bf3551947,FirstNumber=37,secondNumber=1205}  added by thread pool-3-thread-6
 message  {Id=77fa0680-2b2b-4ca7-bb8e-d30bf3551947,FirstNumber=37,secondNumber=1205}  written to file by thread pool-3-thread-3
 message  {Id=3d176ea7-3f68-4d7a-bbae-aaee84023cb3,FirstNumber=948,secondNumber=817}  added by thread pool-3-thread-6
 message  {Id=3d176ea7-3f68-4d7a-bbae-aaee84023cb3,FirstNumber=948,secondNumber=817}  written to file by thread pool-3-thread-5
 message  {Id=d6bee98c-5b0f-48ae-9dbc-04d0b38a04c9,FirstNumber=463,secondNumber=1389}  added by thread pool-3-thread-6
 message  {Id=d6bee98c-5b0f-48ae-9dbc-04d0b38a04c9,FirstNumber=463,secondNumber=1389}  written to file by thread pool-3-thread-5
 message  {Id=204f020b-d3d4-41cd-a6dc-eb2cddc5f4a2,FirstNumber=83,secondNumber=1574}  added by thread pool-3-thread-6
 message  {Id=204f020b-d3d4-41cd-a6dc-eb2cddc5f4a2,FirstNumber=83,secondNumber=1574}  written to file by thread pool-3-thread-1
 message  {Id=56fee52d-15fc-497a-ab1d-55ae90fd9678,FirstNumber=214,secondNumber=1359}  added by thread pool-3-thread-6
 message  {Id=56fee52d-15fc-497a-ab1d-55ae90fd9678,FirstNumber=214,secondNumber=1359}  written to file by thread pool-3-thread-4
 message  {Id=f877dd45-9a81-40ec-befe-b04584ac8478,FirstNumber=741,secondNumber=24}  added by thread pool-3-thread-6
 message  {Id=f877dd45-9a81-40ec-befe-b04584ac8478,FirstNumber=741,secondNumber=24}  written to file by thread pool-3-thread-3
 message  {Id=8b833387-26e8-4299-b6fa-c39a5a7361cf,FirstNumber=336,secondNumber=794}  added by thread pool-3-thread-6
 message  {Id=8b833387-26e8-4299-b6fa-c39a5a7361cf,FirstNumber=336,secondNumber=794}  written to file by thread pool-3-thread-3
 message  {Id=212da1f0-ef74-4dc9-8605-5aa04adad1c6,FirstNumber=700,secondNumber=177}  added by thread pool-3-thread-6
 message  {Id=212da1f0-ef74-4dc9-8605-5aa04adad1c6,FirstNumber=700,secondNumber=177}  written to file by thread pool-3-thread-5
 message  {Id=2785ad92-979f-4557-9771-bca5a495df69,FirstNumber=973,secondNumber=1416}  added by thread pool-3-thread-6
 message  {Id=2785ad92-979f-4557-9771-bca5a495df69,FirstNumber=973,secondNumber=1416}  written to file by thread pool-3-thread-5
 message  {Id=b89da50e-dfc5-4af8-acda-d9342ad3914e,FirstNumber=535,secondNumber=305}  added by thread pool-3-thread-6
 message  {Id=b89da50e-dfc5-4af8-acda-d9342ad3914e,FirstNumber=535,secondNumber=305}  written to file by thread pool-3-thread-4
 message  {Id=654124d3-707e-4f83-9993-00fcfe76c6cd,FirstNumber=830,secondNumber=1534}  added by thread pool-3-thread-6
 message  {Id=654124d3-707e-4f83-9993-00fcfe76c6cd,FirstNumber=830,secondNumber=1534}  written to file by thread pool-3-thread-2
 message  {Id=00bb5858-7708-47cb-8dc2-e07e9ef2fb48,FirstNumber=492,secondNumber=1118}  added by thread pool-3-thread-6
 message  {Id=00bb5858-7708-47cb-8dc2-e07e9ef2fb48,FirstNumber=492,secondNumber=1118}  written to file by thread pool-3-thread-3
 message  {Id=dcca6776-824e-48e8-81f5-50bb144aafb1,FirstNumber=434,secondNumber=418}  added by thread pool-3-thread-6
 message  {Id=dcca6776-824e-48e8-81f5-50bb144aafb1,FirstNumber=434,secondNumber=418}  written to file by thread pool-3-thread-1
 message  {Id=38d83437-d63d-4e0f-baad-ffbe8ccc68ba,FirstNumber=196,secondNumber=1713}  added by thread pool-3-thread-6
 message  {Id=38d83437-d63d-4e0f-baad-ffbe8ccc68ba,FirstNumber=196,secondNumber=1713}  written to file by thread pool-3-thread-5
 message  {Id=1ebbc51b-62d0-43c9-b257-e3b3a3499eca,FirstNumber=469,secondNumber=181}  added by thread pool-3-thread-6
 message  {Id=1ebbc51b-62d0-43c9-b257-e3b3a3499eca,FirstNumber=469,secondNumber=181}  written to file by thread pool-3-thread-5
 message  {Id=625ed407-6265-4a9d-8c7c-631dfa7f6dd5,FirstNumber=657,secondNumber=1940}  added by thread pool-3-thread-6
 message  {Id=625ed407-6265-4a9d-8c7c-631dfa7f6dd5,FirstNumber=657,secondNumber=1940}  written to file by thread pool-3-thread-2
 message  {Id=2e1bac16-787b-4dc8-8388-970a7722eaf4,FirstNumber=224,secondNumber=1297}  added by thread pool-3-thread-6
 message  {Id=2e1bac16-787b-4dc8-8388-970a7722eaf4,FirstNumber=224,secondNumber=1297}  written to file by thread pool-3-thread-3
 message  {Id=f2e9e5cc-dcf9-4236-83d8-cda946da5b0f,FirstNumber=441,secondNumber=1932}  added by thread pool-3-thread-6
 message  {Id=f2e9e5cc-dcf9-4236-83d8-cda946da5b0f,FirstNumber=441,secondNumber=1932}  written to file by thread pool-3-thread-1
 message  {Id=bcd54783-343f-4bac-b483-4b9a8b51b095,FirstNumber=503,secondNumber=884}  added by thread pool-3-thread-6
 message  {Id=bcd54783-343f-4bac-b483-4b9a8b51b095,FirstNumber=503,secondNumber=884}  written to file by thread pool-3-thread-1
 message  {Id=f3b27d96-50f0-459b-8daa-0ac645041efa,FirstNumber=863,secondNumber=1863}  added by thread pool-3-thread-6
 message  {Id=f3b27d96-50f0-459b-8daa-0ac645041efa,FirstNumber=863,secondNumber=1863}  written to file by thread pool-3-thread-5
 message  {Id=d158ed4f-3582-4d63-a2d4-deb19d0cf77a,FirstNumber=518,secondNumber=1955}  added by thread pool-3-thread-6
 message  {Id=d158ed4f-3582-4d63-a2d4-deb19d0cf77a,FirstNumber=518,secondNumber=1955}  written to file by thread pool-3-thread-2
 message  {Id=acd1403f-8014-4b43-ae4b-e2d0d291529c,FirstNumber=386,secondNumber=1054}  added by thread pool-3-thread-6
 message  {Id=acd1403f-8014-4b43-ae4b-e2d0d291529c,FirstNumber=386,secondNumber=1054}  written to file by thread pool-3-thread-3
 message  {Id=dd72bdb0-eb6d-4818-9faa-90b6fe7ce83d,FirstNumber=975,secondNumber=337}  added by thread pool-3-thread-6
 message  {Id=dd72bdb0-eb6d-4818-9faa-90b6fe7ce83d,FirstNumber=975,secondNumber=337}  written to file by thread pool-3-thread-4
 message  {Id=ccb36a49-3d96-4161-baed-226fbbc3876f,FirstNumber=182,secondNumber=86}  added by thread pool-3-thread-6
 message  {Id=ccb36a49-3d96-4161-baed-226fbbc3876f,FirstNumber=182,secondNumber=86}  written to file by thread pool-3-thread-1
 message  {Id=7ce08ac6-7112-4ae1-a74c-81f2812d9481,FirstNumber=421,secondNumber=358}  added by thread pool-3-thread-6
 message  {Id=7ce08ac6-7112-4ae1-a74c-81f2812d9481,FirstNumber=421,secondNumber=358}  written to file by thread pool-3-thread-1
 message  {Id=75630180-2249-4fb2-b53a-062de7b0d248,FirstNumber=338,secondNumber=348}  added by thread pool-3-thread-6
 message  {Id=75630180-2249-4fb2-b53a-062de7b0d248,FirstNumber=338,secondNumber=348}  written to file by thread pool-3-thread-2
 message  {Id=49822a49-c380-456d-bc9c-ee7fb1d95d77,FirstNumber=292,secondNumber=426}  added by thread pool-3-thread-6
 message  {Id=49822a49-c380-456d-bc9c-ee7fb1d95d77,FirstNumber=292,secondNumber=426}  written to file by thread pool-3-thread-3
 message  {Id=e0b07a9c-31ee-42ed-ae74-72345f473a77,FirstNumber=184,secondNumber=1137}  added by thread pool-3-thread-6
 message  {Id=e0b07a9c-31ee-42ed-ae74-72345f473a77,FirstNumber=184,secondNumber=1137}  written to file by thread pool-3-thread-4
 message  {Id=e996e1d9-9bfe-4f8b-9764-4d92c9632c3f,FirstNumber=435,secondNumber=847}  added by thread pool-3-thread-6
 message  {Id=e996e1d9-9bfe-4f8b-9764-4d92c9632c3f,FirstNumber=435,secondNumber=847}  written to file by thread pool-3-thread-5
 message  {Id=c7e5cb5c-353b-4d6d-bb4d-552ab46a68c8,FirstNumber=729,secondNumber=1074}  added by thread pool-3-thread-6
 message  {Id=c7e5cb5c-353b-4d6d-bb4d-552ab46a68c8,FirstNumber=729,secondNumber=1074}  written to file by thread pool-3-thread-1
 message  {Id=8a07ecfc-0c62-4049-a57d-578783a7fb94,FirstNumber=234,secondNumber=1423}  added by thread pool-3-thread-6
 message  {Id=8a07ecfc-0c62-4049-a57d-578783a7fb94,FirstNumber=234,secondNumber=1423}  written to file by thread pool-3-thread-2
 message  {Id=6302d4db-ea4a-4782-82b5-a5828a6cb13f,FirstNumber=814,secondNumber=1719}  added by thread pool-3-thread-6
 message  {Id=6302d4db-ea4a-4782-82b5-a5828a6cb13f,FirstNumber=814,secondNumber=1719}  written to file by thread pool-3-thread-3
 message  {Id=7de6ce1b-76b4-4cbb-bc31-26e70adfcb16,FirstNumber=377,secondNumber=760}  added by thread pool-3-thread-6
 message  {Id=7de6ce1b-76b4-4cbb-bc31-26e70adfcb16,FirstNumber=377,secondNumber=760}  written to file by thread pool-3-thread-4
 message  {Id=7eabae4a-cee7-4767-abb4-e7a6d86b82b0,FirstNumber=863,secondNumber=306}  added by thread pool-3-thread-6
 message  {Id=7eabae4a-cee7-4767-abb4-e7a6d86b82b0,FirstNumber=863,secondNumber=306}  written to file by thread pool-3-thread-4
 message  {Id=f474bdaa-0cc6-48e5-8835-646f7bacbd2d,FirstNumber=517,secondNumber=640}  added by thread pool-3-thread-6
 message  {Id=f474bdaa-0cc6-48e5-8835-646f7bacbd2d,FirstNumber=517,secondNumber=640}  written to file by thread pool-3-thread-1
 message  {Id=1193d7b1-8573-40ce-9e6c-91a7e95f7713,FirstNumber=751,secondNumber=1412}  added by thread pool-3-thread-6
 message  {Id=1193d7b1-8573-40ce-9e6c-91a7e95f7713,FirstNumber=751,secondNumber=1412}  written to file by thread pool-3-thread-2
 message  {Id=3e1b026f-9ec7-475a-afef-53562e0baa9f,FirstNumber=574,secondNumber=396}  added by thread pool-3-thread-6
 message  {Id=3e1b026f-9ec7-475a-afef-53562e0baa9f,FirstNumber=574,secondNumber=396}  written to file by thread pool-3-thread-3
 message  {Id=266e3b34-c229-43ee-a907-063054e8bf4a,FirstNumber=835,secondNumber=1159}  added by thread pool-3-thread-6
 message  {Id=266e3b34-c229-43ee-a907-063054e8bf4a,FirstNumber=835,secondNumber=1159}  written to file by thread pool-3-thread-5
 message  {Id=cc99adc9-e7d1-46c0-959e-453ae307896b,FirstNumber=938,secondNumber=738}  added by thread pool-3-thread-6
 message  {Id=cc99adc9-e7d1-46c0-959e-453ae307896b,FirstNumber=938,secondNumber=738}  written to file by thread pool-3-thread-4
 message  {Id=aeba75c7-6762-4039-8f64-02f12c6446ff,FirstNumber=772,secondNumber=1694}  added by thread pool-3-thread-6
 message  {Id=aeba75c7-6762-4039-8f64-02f12c6446ff,FirstNumber=772,secondNumber=1694}  written to file by thread pool-3-thread-4
 message  {Id=c3dd9589-e6ab-40e4-8181-d3c2d69ef48f,FirstNumber=341,secondNumber=1919}  added by thread pool-3-thread-6
 message  {Id=c3dd9589-e6ab-40e4-8181-d3c2d69ef48f,FirstNumber=341,secondNumber=1919}  written to file by thread pool-3-thread-2
 message  {Id=f8e9b7bd-0cd8-4cbe-8ece-7d3394093c02,FirstNumber=208,secondNumber=1715}  added by thread pool-3-thread-6
 message  {Id=f8e9b7bd-0cd8-4cbe-8ece-7d3394093c02,FirstNumber=208,secondNumber=1715}  written to file by thread pool-3-thread-3
 message  {Id=8754ea13-ae55-4ee5-90bb-8908a55c4722,FirstNumber=587,secondNumber=347}  added by thread pool-3-thread-6
 message  {Id=8754ea13-ae55-4ee5-90bb-8908a55c4722,FirstNumber=587,secondNumber=347}  written to file by thread pool-3-thread-3
 message  {Id=aa969d36-dfba-4b64-b754-d4d2ef1a04d9,FirstNumber=805,secondNumber=1100}  added by thread pool-3-thread-6
 message  {Id=aa969d36-dfba-4b64-b754-d4d2ef1a04d9,FirstNumber=805,secondNumber=1100}  written to file by thread pool-3-thread-1
 message  {Id=65766e9e-f787-4eb9-be8e-b09ad73c56eb,FirstNumber=772,secondNumber=1087}  added by thread pool-3-thread-6
 message  {Id=65766e9e-f787-4eb9-be8e-b09ad73c56eb,FirstNumber=772,secondNumber=1087}  written to file by thread pool-3-thread-4
 message  {Id=7222b447-26f2-4a98-9c12-e4ccca318e3b,FirstNumber=650,secondNumber=1195}  added by thread pool-3-thread-6
 message  {Id=7222b447-26f2-4a98-9c12-e4ccca318e3b,FirstNumber=650,secondNumber=1195}  written to file by thread pool-3-thread-2
 message  {Id=4d14050b-e9e6-4ebe-aa03-6cb95df0650e,FirstNumber=223,secondNumber=568}  added by thread pool-3-thread-6
 message  {Id=4d14050b-e9e6-4ebe-aa03-6cb95df0650e,FirstNumber=223,secondNumber=568}  written to file by thread pool-3-thread-2
 message  {Id=2a86ecee-9af3-4d08-81d5-5182445b6a3f,FirstNumber=718,secondNumber=1468}  added by thread pool-3-thread-6
 message  {Id=2a86ecee-9af3-4d08-81d5-5182445b6a3f,FirstNumber=718,secondNumber=1468}  written to file by thread pool-3-thread-3
 message  {Id=ea82eb52-95b8-4c99-8b11-06407c004dd1,FirstNumber=548,secondNumber=1134}  added by thread pool-3-thread-6
 message  {Id=ea82eb52-95b8-4c99-8b11-06407c004dd1,FirstNumber=548,secondNumber=1134}  written to file by thread pool-3-thread-3
 message  {Id=4d58cfeb-78b6-482f-90d1-2f17b82a7dca,FirstNumber=94,secondNumber=1733}  added by thread pool-3-thread-6
 message  {Id=4d58cfeb-78b6-482f-90d1-2f17b82a7dca,FirstNumber=94,secondNumber=1733}  written to file by thread pool-3-thread-4
 message  {Id=aa94e118-edb8-4fa6-8a4a-e267594a8172,FirstNumber=833,secondNumber=882}  added by thread pool-3-thread-6
 message  {Id=aa94e118-edb8-4fa6-8a4a-e267594a8172,FirstNumber=833,secondNumber=882}  written to file by thread pool-3-thread-4
 message  {Id=f9dc560b-8641-4491-a19f-b2957662cda8,FirstNumber=888,secondNumber=628}  added by thread pool-3-thread-6
 message  {Id=f9dc560b-8641-4491-a19f-b2957662cda8,FirstNumber=888,secondNumber=628}  written to file by thread pool-3-thread-2
 message  {Id=7773319e-0b20-4d12-bdea-21a19611dfe0,FirstNumber=725,secondNumber=218}  added by thread pool-3-thread-6
 message  {Id=7773319e-0b20-4d12-bdea-21a19611dfe0,FirstNumber=725,secondNumber=218}  written to file by thread pool-3-thread-2
 message  {Id=8fc93b4c-1722-4db9-972c-c6fdb3267233,FirstNumber=597,secondNumber=548}  added by thread pool-3-thread-6
 message  {Id=8fc93b4c-1722-4db9-972c-c6fdb3267233,FirstNumber=597,secondNumber=548}  written to file by thread pool-3-thread-3
 message  {Id=f0e6692f-bdab-45f6-86f7-bcb9321877c6,FirstNumber=115,secondNumber=1172}  added by thread pool-3-thread-6
 message  {Id=f0e6692f-bdab-45f6-86f7-bcb9321877c6,FirstNumber=115,secondNumber=1172}  written to file by thread pool-3-thread-5
 message  {Id=4019fd17-6c9b-42b0-aca8-110d14ccf8d6,FirstNumber=390,secondNumber=580}  added by thread pool-3-thread-6
 message  {Id=4019fd17-6c9b-42b0-aca8-110d14ccf8d6,FirstNumber=390,secondNumber=580}  written to file by thread pool-3-thread-4
 message  {Id=bf45bc15-dbbe-4afd-acd0-55b2ade2b8d5,FirstNumber=375,secondNumber=989}  added by thread pool-3-thread-6
 message  {Id=bf45bc15-dbbe-4afd-acd0-55b2ade2b8d5,FirstNumber=375,secondNumber=989}  written to file by thread pool-3-thread-1
 message  {Id=9d3b0c1f-ccdd-4ff8-9f15-55173b857333,FirstNumber=391,secondNumber=1717}  added by thread pool-3-thread-6
 message  {Id=9d3b0c1f-ccdd-4ff8-9f15-55173b857333,FirstNumber=391,secondNumber=1717}  written to file by thread pool-3-thread-1
 message  {Id=696e76ed-2094-4443-9539-c56e634c434c,FirstNumber=151,secondNumber=1028}  added by thread pool-3-thread-6
 message  {Id=696e76ed-2094-4443-9539-c56e634c434c,FirstNumber=151,secondNumber=1028}  written to file by thread pool-3-thread-3
 message  {Id=73b1a971-468d-4838-9504-6f4275945cac,FirstNumber=646,secondNumber=1081}  added by thread pool-3-thread-6
 message  {Id=73b1a971-468d-4838-9504-6f4275945cac,FirstNumber=646,secondNumber=1081}  written to file by thread pool-3-thread-5
 message  {Id=b028146f-1ed0-4eeb-8f54-a62be4ce9daa,FirstNumber=591,secondNumber=1425}  added by thread pool-3-thread-6
 message  {Id=b028146f-1ed0-4eeb-8f54-a62be4ce9daa,FirstNumber=591,secondNumber=1425}  written to file by thread pool-3-thread-4
 message  {Id=31287a6a-1a49-4e78-8afe-b3797e7b01e3,FirstNumber=956,secondNumber=1407}  added by thread pool-3-thread-6
 message  {Id=31287a6a-1a49-4e78-8afe-b3797e7b01e3,FirstNumber=956,secondNumber=1407}  written to file by thread pool-3-thread-2
 message  {Id=47f0500a-aa0b-41ee-8eaa-fdbf53b78d5b,FirstNumber=995,secondNumber=1655}  added by thread pool-3-thread-6
 message  {Id=47f0500a-aa0b-41ee-8eaa-fdbf53b78d5b,FirstNumber=995,secondNumber=1655}  written to file by thread pool-3-thread-2
 message  {Id=e5ee5c7d-5140-4533-a9cf-96f107cd8c6b,FirstNumber=749,secondNumber=857}  added by thread pool-3-thread-6
 message  {Id=e5ee5c7d-5140-4533-a9cf-96f107cd8c6b,FirstNumber=749,secondNumber=857}  written to file by thread pool-3-thread-3
 message  {Id=558d57a1-435c-4fde-b586-92d851d2af25,FirstNumber=789,secondNumber=142}  added by thread pool-3-thread-6
 message  {Id=558d57a1-435c-4fde-b586-92d851d2af25,FirstNumber=789,secondNumber=142}  written to file by thread pool-3-thread-3
 message  {Id=27b998e6-5c2a-4598-bd71-33645ee65b23,FirstNumber=843,secondNumber=612}  added by thread pool-3-thread-6
 message  {Id=27b998e6-5c2a-4598-bd71-33645ee65b23,FirstNumber=843,secondNumber=612}  written to file by thread pool-3-thread-4
 message  {Id=363cda09-73ab-4a40-a54d-e747262f4a8a,FirstNumber=293,secondNumber=378}  added by thread pool-3-thread-6
 message  {Id=363cda09-73ab-4a40-a54d-e747262f4a8a,FirstNumber=293,secondNumber=378}  written to file by thread pool-3-thread-4
 message  {Id=bf055beb-a382-473b-85bc-6bd4cdae6a19,FirstNumber=27,secondNumber=26}  written to file by thread pool-3-thread-4
 message  {Id=bf055beb-a382-473b-85bc-6bd4cdae6a19,FirstNumber=27,secondNumber=26}  added by thread pool-3-thread-6
 message  {Id=7ac20704-d418-4a08-8afc-4626a8583bab,FirstNumber=976,secondNumber=1387}  added by thread pool-3-thread-6
 message  {Id=7ac20704-d418-4a08-8afc-4626a8583bab,FirstNumber=976,secondNumber=1387}  written to file by thread pool-3-thread-5
 message  {Id=093bdbaf-6599-43ed-9db1-493db5909937,FirstNumber=896,secondNumber=1228}  added by thread pool-3-thread-6
 message  {Id=093bdbaf-6599-43ed-9db1-493db5909937,FirstNumber=896,secondNumber=1228}  written to file by thread pool-3-thread-3
 message  {Id=2c3ca960-6682-4785-b69f-b43bd9f7ee0f,FirstNumber=68,secondNumber=715}  added by thread pool-3-thread-6
 message  {Id=2c3ca960-6682-4785-b69f-b43bd9f7ee0f,FirstNumber=68,secondNumber=715}  written to file by thread pool-3-thread-3
 message  {Id=63dfaa43-3038-4757-8489-8a74c880fdb6,FirstNumber=556,secondNumber=830}  added by thread pool-3-thread-6
 message  {Id=63dfaa43-3038-4757-8489-8a74c880fdb6,FirstNumber=556,secondNumber=830}  written to file by thread pool-3-thread-2
 message  {Id=a09f7446-7f0a-413b-82ef-71d5e997c719,FirstNumber=338,secondNumber=1105}  added by thread pool-3-thread-6
 message  {Id=a09f7446-7f0a-413b-82ef-71d5e997c719,FirstNumber=338,secondNumber=1105}  written to file by thread pool-3-thread-2
 message  {Id=475a1a1f-3bcb-4487-85ec-29c088264299,FirstNumber=171,secondNumber=1308}  added by thread pool-3-thread-6
 message  {Id=475a1a1f-3bcb-4487-85ec-29c088264299,FirstNumber=171,secondNumber=1308}  written to file by thread pool-3-thread-5
 message  {Id=68a633c3-252a-4062-a414-2df3540d12a4,FirstNumber=386,secondNumber=1166}  added by thread pool-3-thread-6
 message  {Id=68a633c3-252a-4062-a414-2df3540d12a4,FirstNumber=386,secondNumber=1166}  written to file by thread pool-3-thread-1
 message  {Id=9110babe-c92b-4bb5-91ac-e792e9321a12,FirstNumber=60,secondNumber=529}  added by thread pool-3-thread-6
 message  {Id=9110babe-c92b-4bb5-91ac-e792e9321a12,FirstNumber=60,secondNumber=529}  written to file by thread pool-3-thread-3
 message  {Id=ee772b91-8f6b-497f-9a99-adc02bf1402f,FirstNumber=604,secondNumber=1783}  added by thread pool-3-thread-6
 message  {Id=ee772b91-8f6b-497f-9a99-adc02bf1402f,FirstNumber=604,secondNumber=1783}  written to file by thread pool-3-thread-4
 message  {Id=b2e44744-3c5c-481d-b0ff-fbc0b273af98,FirstNumber=766,secondNumber=512}  added by thread pool-3-thread-6
 message  {Id=b2e44744-3c5c-481d-b0ff-fbc0b273af98,FirstNumber=766,secondNumber=512}  written to file by thread pool-3-thread-4
 message  {Id=726cb331-c75d-4103-ab64-acc833ea965f,FirstNumber=162,secondNumber=847}  added by thread pool-3-thread-6
 message  {Id=726cb331-c75d-4103-ab64-acc833ea965f,FirstNumber=162,secondNumber=847}  written to file by thread pool-3-thread-5
 message  {Id=0580ecb5-c417-4b51-b950-6266b2135951,FirstNumber=390,secondNumber=1946}  added by thread pool-3-thread-6
 message  {Id=0580ecb5-c417-4b51-b950-6266b2135951,FirstNumber=390,secondNumber=1946}  written to file by thread pool-3-thread-1
 message  {Id=28cca8b9-6f62-4f62-9779-c111df5792dc,FirstNumber=200,secondNumber=1432}  added by thread pool-3-thread-6
 message  {Id=28cca8b9-6f62-4f62-9779-c111df5792dc,FirstNumber=200,secondNumber=1432}  written to file by thread pool-3-thread-1
 message  {Id=ee817e35-e999-49bd-8a2f-2663e2b7f739,FirstNumber=469,secondNumber=1410}  added by thread pool-3-thread-6
 message  {Id=ee817e35-e999-49bd-8a2f-2663e2b7f739,FirstNumber=469,secondNumber=1410}  written to file by thread pool-3-thread-2
 message  {Id=773b4c56-874b-4727-a427-4aa4bfc545d1,FirstNumber=285,secondNumber=253}  added by thread pool-3-thread-6
 message  {Id=773b4c56-874b-4727-a427-4aa4bfc545d1,FirstNumber=285,secondNumber=253}  written to file by thread pool-3-thread-2
 message  {Id=9334380e-db95-4325-8dd9-9f6d4c152fab,FirstNumber=151,secondNumber=1411}  added by thread pool-3-thread-6
 message  {Id=9334380e-db95-4325-8dd9-9f6d4c152fab,FirstNumber=151,secondNumber=1411}  written to file by thread pool-3-thread-5
 message  {Id=d1b9d969-3893-4a40-af97-ec3358d4b342,FirstNumber=120,secondNumber=1942}  added by thread pool-3-thread-6
 message  {Id=d1b9d969-3893-4a40-af97-ec3358d4b342,FirstNumber=120,secondNumber=1942}  written to file by thread pool-3-thread-3
 message  {Id=bd68f67c-86fd-40bb-99d0-3a63d1014b19,FirstNumber=660,secondNumber=206}  added by thread pool-3-thread-6
 message  {Id=bd68f67c-86fd-40bb-99d0-3a63d1014b19,FirstNumber=660,secondNumber=206}  written to file by thread pool-3-thread-1
 message  {Id=1c77c5f4-5dcc-4d90-a6b2-fc76cf043f49,FirstNumber=925,secondNumber=295}  added by thread pool-3-thread-6
 message  {Id=1c77c5f4-5dcc-4d90-a6b2-fc76cf043f49,FirstNumber=925,secondNumber=295}  written to file by thread pool-3-thread-1
 message  {Id=fb49d23c-f84f-49bd-a933-b2743839e471,FirstNumber=302,secondNumber=1557}  added by thread pool-3-thread-6
 message  {Id=fb49d23c-f84f-49bd-a933-b2743839e471,FirstNumber=302,secondNumber=1557}  written to file by thread pool-3-thread-2
 message  {Id=6545a0aa-f127-4b75-befd-96ee3192ff3f,FirstNumber=110,secondNumber=1377}  added by thread pool-3-thread-6
 message  {Id=6545a0aa-f127-4b75-befd-96ee3192ff3f,FirstNumber=110,secondNumber=1377}  written to file by thread pool-3-thread-2
 message  {Id=2f8930c2-d317-4a56-8e08-7b31830ca051,FirstNumber=591,secondNumber=458}  added by thread pool-3-thread-6
 message  {Id=2f8930c2-d317-4a56-8e08-7b31830ca051,FirstNumber=591,secondNumber=458}  written to file by thread pool-3-thread-3
 message  {Id=ae509a61-de64-43d8-a256-9950fcc32b28,FirstNumber=905,secondNumber=215}  added by thread pool-3-thread-6
 message  {Id=ae509a61-de64-43d8-a256-9950fcc32b28,FirstNumber=905,secondNumber=215}  written to file by thread pool-3-thread-4
 message  {Id=85f2fdc8-4aba-4d7c-b05f-fe489c3f6908,FirstNumber=810,secondNumber=1876}  added by thread pool-3-thread-6
 message  {Id=85f2fdc8-4aba-4d7c-b05f-fe489c3f6908,FirstNumber=810,secondNumber=1876}  written to file by thread pool-3-thread-1
 message  {Id=5b1231ee-05e6-45df-94c4-ae48b43f4468,FirstNumber=440,secondNumber=1673}  added by thread pool-3-thread-6
 message  {Id=5b1231ee-05e6-45df-94c4-ae48b43f4468,FirstNumber=440,secondNumber=1673}  written to file by thread pool-3-thread-1
 message  {Id=a1afcee9-47aa-4377-9bb3-3349e2842214,FirstNumber=754,secondNumber=1526}  added by thread pool-3-thread-6
 message  {Id=a1afcee9-47aa-4377-9bb3-3349e2842214,FirstNumber=754,secondNumber=1526}  written to file by thread pool-3-thread-2
 message  {Id=d68289cd-6d56-4a24-abb7-75b46af14a3c,FirstNumber=154,secondNumber=1470}  added by thread pool-3-thread-6
 message  {Id=d68289cd-6d56-4a24-abb7-75b46af14a3c,FirstNumber=154,secondNumber=1470}  written to file by thread pool-3-thread-2
 message  {Id=d2ec8a87-f859-4263-b00f-f5e8e0df2d8b,FirstNumber=295,secondNumber=624}  added by thread pool-3-thread-6
 message  {Id=d2ec8a87-f859-4263-b00f-f5e8e0df2d8b,FirstNumber=295,secondNumber=624}  written to file by thread pool-3-thread-4
 message  {Id=c7a4b12f-2d0a-4496-b480-a6db54d33471,FirstNumber=139,secondNumber=251}  added by thread pool-3-thread-6
 message  {Id=c7a4b12f-2d0a-4496-b480-a6db54d33471,FirstNumber=139,secondNumber=251}  written to file by thread pool-3-thread-5
 message  {Id=90c5836f-0791-44b1-84f5-fb90e6530da7,FirstNumber=846,secondNumber=1423}  added by thread pool-3-thread-6
 message  {Id=1cad9f0b-5826-464c-b8dc-f8dce621f1da,FirstNumber=461,secondNumber=1756}  added by thread pool-3-thread-6
 message  {Id=1cad9f0b-5826-464c-b8dc-f8dce621f1da,FirstNumber=461,secondNumber=1756}  written to file by thread pool-3-thread-3
 message  {Id=efa1eb84-e93a-49b6-b8fd-f3efec6f9270,FirstNumber=931,secondNumber=1372}  added by thread pool-3-thread-6
 message  {Id=90c5836f-0791-44b1-84f5-fb90e6530da7,FirstNumber=846,secondNumber=1423}  written to file by thread pool-3-thread-1
 message  {Id=efa1eb84-e93a-49b6-b8fd-f3efec6f9270,FirstNumber=931,secondNumber=1372}  written to file by thread pool-3-thread-2
 message  {Id=e48cba0a-1bff-4ed8-ae8a-ee5fb18babf8,FirstNumber=808,secondNumber=237}  added by thread pool-3-thread-6
 message  {Id=e48cba0a-1bff-4ed8-ae8a-ee5fb18babf8,FirstNumber=808,secondNumber=237}  written to file by thread pool-3-thread-1
 message  {Id=3898cb48-6578-4731-be56-f140b06e2366,FirstNumber=206,secondNumber=362}  added by thread pool-3-thread-6
 message  {Id=3898cb48-6578-4731-be56-f140b06e2366,FirstNumber=206,secondNumber=362}  written to file by thread pool-3-thread-5
 message  {Id=413c2aee-9cad-493e-9bf0-060054b48e39,FirstNumber=825,secondNumber=862}  added by thread pool-3-thread-6
 message  {Id=413c2aee-9cad-493e-9bf0-060054b48e39,FirstNumber=825,secondNumber=862}  written to file by thread pool-3-thread-5
 message  {Id=5bebc29c-dff2-4d59-b3c8-926df177629a,FirstNumber=248,secondNumber=1344}  added by thread pool-3-thread-6
 message  {Id=5bebc29c-dff2-4d59-b3c8-926df177629a,FirstNumber=248,secondNumber=1344}  written to file by thread pool-3-thread-4
 message  {Id=e8c7ec98-99e6-4797-8bec-7c51ffe08913,FirstNumber=504,secondNumber=554}  added by thread pool-3-thread-6
 message  {Id=e8c7ec98-99e6-4797-8bec-7c51ffe08913,FirstNumber=504,secondNumber=554}  written to file by thread pool-3-thread-4
 message  {Id=a736ae29-e514-48c8-a1fe-b1698ccab5b9,FirstNumber=515,secondNumber=596}  added by thread pool-3-thread-6
 message  {Id=a736ae29-e514-48c8-a1fe-b1698ccab5b9,FirstNumber=515,secondNumber=596}  written to file by thread pool-3-thread-1
 message  {Id=c29c2012-4440-4da6-bc5f-2a739dd9d4d1,FirstNumber=972,secondNumber=1438}  added by thread pool-3-thread-6
 message  {Id=c29c2012-4440-4da6-bc5f-2a739dd9d4d1,FirstNumber=972,secondNumber=1438}  written to file by thread pool-3-thread-1
 message  {Id=c566da8e-12e4-4460-b22d-72ffba0f52b0,FirstNumber=671,secondNumber=1962}  added by thread pool-3-thread-6
 message  {Id=c566da8e-12e4-4460-b22d-72ffba0f52b0,FirstNumber=671,secondNumber=1962}  written to file by thread pool-3-thread-5
 message  {Id=f876133a-1e6f-4caa-a5dd-5257c467593e,FirstNumber=274,secondNumber=1417}  added by thread pool-3-thread-6
 message  {Id=f876133a-1e6f-4caa-a5dd-5257c467593e,FirstNumber=274,secondNumber=1417}  written to file by thread pool-3-thread-5
 message  {Id=a77ae8eb-89b3-411f-a437-266f7f748c24,FirstNumber=443,secondNumber=503}  added by thread pool-3-thread-6
 message  {Id=a77ae8eb-89b3-411f-a437-266f7f748c24,FirstNumber=443,secondNumber=503}  written to file by thread pool-3-thread-4
 message  {Id=c2563f48-a281-4677-975b-c4a37dcfae11,FirstNumber=797,secondNumber=1130}  added by thread pool-3-thread-6
 message  {Id=c2563f48-a281-4677-975b-c4a37dcfae11,FirstNumber=797,secondNumber=1130}  written to file by thread pool-3-thread-4
 message  {Id=ed9064cc-d2fa-456e-95d4-5c217d898ac2,FirstNumber=335,secondNumber=438}  added by thread pool-3-thread-6
 message  {Id=ed9064cc-d2fa-456e-95d4-5c217d898ac2,FirstNumber=335,secondNumber=438}  written to file by thread pool-3-thread-1
 message  {Id=bb778d1b-362a-42d4-bb50-f983ef071f1d,FirstNumber=568,secondNumber=1567}  added by thread pool-3-thread-6
 message  {Id=bb778d1b-362a-42d4-bb50-f983ef071f1d,FirstNumber=568,secondNumber=1567}  written to file by thread pool-3-thread-1
 message  {Id=5854bdf2-359b-4793-9769-4c2e23725eb4,FirstNumber=360,secondNumber=907}  added by thread pool-3-thread-6
 message  {Id=5854bdf2-359b-4793-9769-4c2e23725eb4,FirstNumber=360,secondNumber=907}  written to file by thread pool-3-thread-5
 message  {Id=9f54b09b-99e6-43c7-b8b8-93669657edae,FirstNumber=491,secondNumber=278}  added by thread pool-3-thread-6
 message  {Id=9f54b09b-99e6-43c7-b8b8-93669657edae,FirstNumber=491,secondNumber=278}  written to file by thread pool-3-thread-5
 message  {Id=61933350-101e-4c74-a6ba-40e49242620a,FirstNumber=253,secondNumber=1707}  added by thread pool-3-thread-6
 message  {Id=61933350-101e-4c74-a6ba-40e49242620a,FirstNumber=253,secondNumber=1707}  written to file by thread pool-3-thread-4
 message  {Id=68adc748-cf56-4dec-bc97-03c5e7027336,FirstNumber=753,secondNumber=1453}  added by thread pool-3-thread-6
 message  {Id=68adc748-cf56-4dec-bc97-03c5e7027336,FirstNumber=753,secondNumber=1453}  written to file by thread pool-3-thread-4
 message  {Id=74096511-82d6-483d-8567-abf050ca904d,FirstNumber=353,secondNumber=1864}  added by thread pool-3-thread-6
 message  {Id=74096511-82d6-483d-8567-abf050ca904d,FirstNumber=353,secondNumber=1864}  written to file by thread pool-3-thread-1
 message  {Id=eed9cca9-28d4-4a00-b6b9-0057dd4cc10d,FirstNumber=39,secondNumber=128}  added by thread pool-3-thread-6
 message  {Id=eed9cca9-28d4-4a00-b6b9-0057dd4cc10d,FirstNumber=39,secondNumber=128}  written to file by thread pool-3-thread-3
 message  {Id=450bfe1f-c22c-467a-bce7-64e4995b0a1a,FirstNumber=557,secondNumber=1704}  added by thread pool-3-thread-6
 message  {Id=450bfe1f-c22c-467a-bce7-64e4995b0a1a,FirstNumber=557,secondNumber=1704}  written to file by thread pool-3-thread-3
 message  {Id=835e3baa-b094-48ab-b71a-6250b30d9e1e,FirstNumber=805,secondNumber=171}  added by thread pool-3-thread-6
 message  {Id=835e3baa-b094-48ab-b71a-6250b30d9e1e,FirstNumber=805,secondNumber=171}  written to file by thread pool-3-thread-2
 message  {Id=a5018d50-d40c-4609-a987-b3a982c6ed50,FirstNumber=980,secondNumber=1032}  added by thread pool-3-thread-6
 message  {Id=a5018d50-d40c-4609-a987-b3a982c6ed50,FirstNumber=980,secondNumber=1032}  written to file by thread pool-3-thread-4
 message  {Id=d451ed91-86aa-4821-b555-2eec5bc11e7b,FirstNumber=641,secondNumber=1118}  added by thread pool-3-thread-6
 message  {Id=d451ed91-86aa-4821-b555-2eec5bc11e7b,FirstNumber=641,secondNumber=1118}  written to file by thread pool-3-thread-4
 message  {Id=ee79544b-d1d4-4335-b8c1-79681b2813ed,FirstNumber=52,secondNumber=600}  added by thread pool-3-thread-6
 message  {Id=ee79544b-d1d4-4335-b8c1-79681b2813ed,FirstNumber=52,secondNumber=600}  written to file by thread pool-3-thread-5
 message  {Id=dd7a6542-e68a-4b63-bd9e-7c9ebc78b1c3,FirstNumber=629,secondNumber=1693}  added by thread pool-3-thread-6
 message  {Id=dd7a6542-e68a-4b63-bd9e-7c9ebc78b1c3,FirstNumber=629,secondNumber=1693}  written to file by thread pool-3-thread-5
 message  {Id=4753f7b9-396c-4362-ac27-9388a7f99ec0,FirstNumber=919,secondNumber=921}  added by thread pool-3-thread-6
 message  {Id=4753f7b9-396c-4362-ac27-9388a7f99ec0,FirstNumber=919,secondNumber=921}  written to file by thread pool-3-thread-2
 message  {Id=9c5cbea4-7f2f-4c38-80e3-59b26b8e8e42,FirstNumber=377,secondNumber=467}  added by thread pool-3-thread-6
 message  {Id=9c5cbea4-7f2f-4c38-80e3-59b26b8e8e42,FirstNumber=377,secondNumber=467}  written to file by thread pool-3-thread-2
 message  {Id=3e403c03-7ac9-47a3-a56d-e1a2b22e3531,FirstNumber=776,secondNumber=688}  added by thread pool-3-thread-6
 message  {Id=3e403c03-7ac9-47a3-a56d-e1a2b22e3531,FirstNumber=776,secondNumber=688}  written to file by thread pool-3-thread-4
 message  {Id=1dfc4d2e-2719-4a1d-9504-1e864d5a6a0e,FirstNumber=709,secondNumber=816}  added by thread pool-3-thread-6
 message  {Id=1dfc4d2e-2719-4a1d-9504-1e864d5a6a0e,FirstNumber=709,secondNumber=816}  written to file by thread pool-3-thread-4
 message  {Id=3964109f-c333-4dbf-8407-7ccdf31a5185,FirstNumber=792,secondNumber=1052}  added by thread pool-3-thread-6
 message  {Id=3964109f-c333-4dbf-8407-7ccdf31a5185,FirstNumber=792,secondNumber=1052}  written to file by thread pool-3-thread-5
 message  {Id=a8982a5e-6a28-40a8-adaf-d7363f7bed1d,FirstNumber=709,secondNumber=1249}  added by thread pool-3-thread-6
 message  {Id=a8982a5e-6a28-40a8-adaf-d7363f7bed1d,FirstNumber=709,secondNumber=1249}  written to file by thread pool-3-thread-1
 message  {Id=27c8729b-eb5e-45dd-aaae-2f304d4b98a8,FirstNumber=72,secondNumber=874}  added by thread pool-3-thread-6
 message  {Id=27c8729b-eb5e-45dd-aaae-2f304d4b98a8,FirstNumber=72,secondNumber=874}  written to file by thread pool-3-thread-2
 message  {Id=112db0a7-9b2e-4c69-8f2f-bc449cf035ba,FirstNumber=827,secondNumber=70}  added by thread pool-3-thread-6
 message  {Id=112db0a7-9b2e-4c69-8f2f-bc449cf035ba,FirstNumber=827,secondNumber=70}  written to file by thread pool-3-thread-3
 message  {Id=fb03b74b-994e-47df-b7a9-c37ad617a39a,FirstNumber=959,secondNumber=1975}  added by thread pool-3-thread-6
 message  {Id=fb03b74b-994e-47df-b7a9-c37ad617a39a,FirstNumber=959,secondNumber=1975}  written to file by thread pool-3-thread-4
 message  {Id=acf5b686-2e35-4684-a751-b7053ac8ead6,FirstNumber=431,secondNumber=329}  added by thread pool-3-thread-6
 message  {Id=acf5b686-2e35-4684-a751-b7053ac8ead6,FirstNumber=431,secondNumber=329}  written to file by thread pool-3-thread-4
 message  {Id=3ba17a80-4248-451c-b535-9d44cc7ae7f0,FirstNumber=511,secondNumber=545}  added by thread pool-3-thread-6
 message  {Id=3ba17a80-4248-451c-b535-9d44cc7ae7f0,FirstNumber=511,secondNumber=545}  written to file by thread pool-3-thread-1
 message  {Id=2e9968fd-387f-4998-af86-3748836e51ae,FirstNumber=621,secondNumber=1520}  added by thread pool-3-thread-6
 message  {Id=2e9968fd-387f-4998-af86-3748836e51ae,FirstNumber=621,secondNumber=1520}  written to file by thread pool-3-thread-2
 message  {Id=4b210ec5-576c-45f4-a2ce-bc07071ad2c6,FirstNumber=954,secondNumber=295}  added by thread pool-3-thread-6
 message  {Id=4b210ec5-576c-45f4-a2ce-bc07071ad2c6,FirstNumber=954,secondNumber=295}  written to file by thread pool-3-thread-3
 message  {Id=fb898d75-c404-490a-842e-22141d515303,FirstNumber=864,secondNumber=1054}  added by thread pool-3-thread-6
 message  {Id=fb898d75-c404-490a-842e-22141d515303,FirstNumber=864,secondNumber=1054}  written to file by thread pool-3-thread-3
 message  {Id=1df7a982-7bf8-4fbf-a1df-8dbb4ab93224,FirstNumber=220,secondNumber=521}  added by thread pool-3-thread-6
 message  {Id=1df7a982-7bf8-4fbf-a1df-8dbb4ab93224,FirstNumber=220,secondNumber=521}  written to file by thread pool-3-thread-4
 message  {Id=5e947f3d-a528-4b74-a31a-40855cb4347f,FirstNumber=227,secondNumber=1064}  added by thread pool-3-thread-6
 message  {Id=5e947f3d-a528-4b74-a31a-40855cb4347f,FirstNumber=227,secondNumber=1064}  written to file by thread pool-3-thread-1
 message  {Id=c8a4ffb7-2c9f-4803-a749-c870e7e279a1,FirstNumber=338,secondNumber=38}  added by thread pool-3-thread-6
 message  {Id=c8a4ffb7-2c9f-4803-a749-c870e7e279a1,FirstNumber=338,secondNumber=38}  written to file by thread pool-3-thread-1
 message  {Id=459d90ea-a31f-490a-8cae-921e69a8c7bf,FirstNumber=927,secondNumber=352}  added by thread pool-3-thread-6
 message  {Id=459d90ea-a31f-490a-8cae-921e69a8c7bf,FirstNumber=927,secondNumber=352}  written to file by thread pool-3-thread-1
 message  {Id=4197c50a-3009-48b3-ba03-d0f2f8d37493,FirstNumber=497,secondNumber=1598}  added by thread pool-3-thread-6
 message  {Id=4197c50a-3009-48b3-ba03-d0f2f8d37493,FirstNumber=497,secondNumber=1598}  written to file by thread pool-3-thread-3
 message  {Id=e2038ef9-0547-4a77-81c7-2b0c9dbfddf3,FirstNumber=822,secondNumber=236}  added by thread pool-3-thread-6
 message  {Id=e2038ef9-0547-4a77-81c7-2b0c9dbfddf3,FirstNumber=822,secondNumber=236}  written to file by thread pool-3-thread-4
 message  {Id=9f2d0c3e-7778-4736-9a7d-d56083424cac,FirstNumber=765,secondNumber=85}  added by thread pool-3-thread-6
 message  {Id=9f2d0c3e-7778-4736-9a7d-d56083424cac,FirstNumber=765,secondNumber=85}  written to file by thread pool-3-thread-4
 message  {Id=4b0f7d95-52d2-4241-8b2e-bee9716fd426,FirstNumber=535,secondNumber=408}  added by thread pool-3-thread-6
 message  {Id=4b0f7d95-52d2-4241-8b2e-bee9716fd426,FirstNumber=535,secondNumber=408}  written to file by thread pool-3-thread-5
 message  {Id=a42117a2-9383-416b-ad99-40558daf0ac2,FirstNumber=154,secondNumber=580}  added by thread pool-3-thread-6
 message  {Id=a42117a2-9383-416b-ad99-40558daf0ac2,FirstNumber=154,secondNumber=580}  written to file by thread pool-3-thread-1
 message  {Id=576cbe06-5410-4d58-b9a6-7a5be8be0e61,FirstNumber=960,secondNumber=303}  added by thread pool-3-thread-6
 message  {Id=576cbe06-5410-4d58-b9a6-7a5be8be0e61,FirstNumber=960,secondNumber=303}  written to file by thread pool-3-thread-3
 message  {Id=80dee543-6981-4878-9bdb-b46b672efd1f,FirstNumber=127,secondNumber=1461}  added by thread pool-3-thread-6
 message  {Id=80dee543-6981-4878-9bdb-b46b672efd1f,FirstNumber=127,secondNumber=1461}  written to file by thread pool-3-thread-2
 message  {Id=c7810af1-967b-4843-83fb-0b973e3f1b96,FirstNumber=14,secondNumber=707}  added by thread pool-3-thread-6
 message  {Id=c7810af1-967b-4843-83fb-0b973e3f1b96,FirstNumber=14,secondNumber=707}  written to file by thread pool-3-thread-4
 message  {Id=be8098f0-1a04-45b4-af8c-5d544bd2a18d,FirstNumber=429,secondNumber=263}  added by thread pool-3-thread-6
 message  {Id=be8098f0-1a04-45b4-af8c-5d544bd2a18d,FirstNumber=429,secondNumber=263}  written to file by thread pool-3-thread-5
 message  {Id=d9a875ae-4983-4693-9d71-3ca1185c9ba3,FirstNumber=350,secondNumber=1591}  added by thread pool-3-thread-6
 message  {Id=d9a875ae-4983-4693-9d71-3ca1185c9ba3,FirstNumber=350,secondNumber=1591}  written to file by thread pool-3-thread-5
 message  {Id=8f79f540-a78e-415f-84ee-56b72516195f,FirstNumber=806,secondNumber=1817}  added by thread pool-3-thread-6
 message  {Id=8f79f540-a78e-415f-84ee-56b72516195f,FirstNumber=806,secondNumber=1817}  written to file by thread pool-3-thread-3
 message  {Id=74bcbcf2-9121-4249-842b-c48d48a26c48,FirstNumber=623,secondNumber=815}  added by thread pool-3-thread-6
 message  {Id=74bcbcf2-9121-4249-842b-c48d48a26c48,FirstNumber=623,secondNumber=815}  written to file by thread pool-3-thread-2
 message  {Id=3633103d-6c39-4246-8d64-0382807eb9b0,FirstNumber=807,secondNumber=780}  added by thread pool-3-thread-6
 message  {Id=3633103d-6c39-4246-8d64-0382807eb9b0,FirstNumber=807,secondNumber=780}  written to file by thread pool-3-thread-4
 message  {Id=ac3dceff-dff7-456d-a3fe-706cff40e24a,FirstNumber=509,secondNumber=858}  added by thread pool-3-thread-6
 message  {Id=ac3dceff-dff7-456d-a3fe-706cff40e24a,FirstNumber=509,secondNumber=858}  written to file by thread pool-3-thread-4
 message  {Id=5f49b54f-c8ec-4e35-a345-d7877293a9e1,FirstNumber=180,secondNumber=14}  added by thread pool-3-thread-6
 message  {Id=5f49b54f-c8ec-4e35-a345-d7877293a9e1,FirstNumber=180,secondNumber=14}  written to file by thread pool-3-thread-5
 message  {Id=9498ce2d-8583-457e-8994-c304bf30276f,FirstNumber=126,secondNumber=418}  added by thread pool-3-thread-6
 message  {Id=9498ce2d-8583-457e-8994-c304bf30276f,FirstNumber=126,secondNumber=418}  written to file by thread pool-3-thread-5
 message  {Id=d653e341-e49a-4147-b76e-ed3ba019c2f7,FirstNumber=284,secondNumber=1793}  added by thread pool-3-thread-6
 message  {Id=d653e341-e49a-4147-b76e-ed3ba019c2f7,FirstNumber=284,secondNumber=1793}  written to file by thread pool-3-thread-2
 message  {Id=dbf4da36-1bcb-4ff4-bab7-77cad5bb9027,FirstNumber=587,secondNumber=1004}  added by thread pool-3-thread-6
 message  {Id=dbf4da36-1bcb-4ff4-bab7-77cad5bb9027,FirstNumber=587,secondNumber=1004}  written to file by thread pool-3-thread-2
 message  {Id=bbda4abe-6c45-4094-a120-8d0bc00e4a1c,FirstNumber=148,secondNumber=1761}  added by thread pool-3-thread-6
 message  {Id=bbda4abe-6c45-4094-a120-8d0bc00e4a1c,FirstNumber=148,secondNumber=1761}  written to file by thread pool-3-thread-4
 message  {Id=db273b44-e76a-4de2-a16a-fd05fd88084c,FirstNumber=403,secondNumber=460}  added by thread pool-3-thread-6
 message  {Id=db273b44-e76a-4de2-a16a-fd05fd88084c,FirstNumber=403,secondNumber=460}  written to file by thread pool-3-thread-3
 message  {Id=4323dcb1-64b0-4ec8-b49e-91817405da08,FirstNumber=132,secondNumber=1483}  added by thread pool-3-thread-6
 message  {Id=4323dcb1-64b0-4ec8-b49e-91817405da08,FirstNumber=132,secondNumber=1483}  written to file by thread pool-3-thread-3
 message  {Id=aed3b166-f538-4be1-bd78-148f9780ecfe,FirstNumber=900,secondNumber=782}  added by thread pool-3-thread-6
 message  {Id=aed3b166-f538-4be1-bd78-148f9780ecfe,FirstNumber=900,secondNumber=782}  written to file by thread pool-3-thread-1
 message  {Id=104b02ef-46c8-4f39-b1f2-2115c706f7d1,FirstNumber=977,secondNumber=656}  added by thread pool-3-thread-6
 message  {Id=104b02ef-46c8-4f39-b1f2-2115c706f7d1,FirstNumber=977,secondNumber=656}  written to file by thread pool-3-thread-2
 message  {Id=69f17ea2-945e-42fc-8c8f-9d8008042ac5,FirstNumber=838,secondNumber=9}  added by thread pool-3-thread-6
 message  {Id=69f17ea2-945e-42fc-8c8f-9d8008042ac5,FirstNumber=838,secondNumber=9}  written to file by thread pool-3-thread-4
 message  {Id=ab385d88-95da-44ba-a10d-6c297bca83f6,FirstNumber=2,secondNumber=220}  added by thread pool-3-thread-6
 message  {Id=ab385d88-95da-44ba-a10d-6c297bca83f6,FirstNumber=2,secondNumber=220}  written to file by thread pool-3-thread-5
 message  {Id=339498f1-6353-4daf-892e-9e345aac73fb,FirstNumber=93,secondNumber=972}  added by thread pool-3-thread-6
 message  {Id=339498f1-6353-4daf-892e-9e345aac73fb,FirstNumber=93,secondNumber=972}  written to file by thread pool-3-thread-3
 message  {Id=5ecaa797-1d81-411e-8120-89fe330b5e86,FirstNumber=284,secondNumber=1834}  added by thread pool-3-thread-6
 message  {Id=5ecaa797-1d81-411e-8120-89fe330b5e86,FirstNumber=284,secondNumber=1834}  written to file by thread pool-3-thread-3
 message  {Id=27958923-ce0c-413a-a44f-3fb97ea18a39,FirstNumber=581,secondNumber=535}  added by thread pool-3-thread-6
 message  {Id=27958923-ce0c-413a-a44f-3fb97ea18a39,FirstNumber=581,secondNumber=535}  written to file by thread pool-3-thread-2
 message  {Id=f7aed6e0-eb11-4136-8ea3-9ff96af4023a,FirstNumber=764,secondNumber=1120}  added by thread pool-3-thread-6
 message  {Id=f7aed6e0-eb11-4136-8ea3-9ff96af4023a,FirstNumber=764,secondNumber=1120}  written to file by thread pool-3-thread-4
 message  {Id=578dd4d3-f110-41a9-8f4b-da7e8b1fb730,FirstNumber=812,secondNumber=1730}  added by thread pool-3-thread-6
 message  {Id=578dd4d3-f110-41a9-8f4b-da7e8b1fb730,FirstNumber=812,secondNumber=1730}  written to file by thread pool-3-thread-5
 message  {Id=a86323de-ac2c-4556-8684-56aeac13dc65,FirstNumber=805,secondNumber=1951}  added by thread pool-3-thread-6
 message  {Id=a86323de-ac2c-4556-8684-56aeac13dc65,FirstNumber=805,secondNumber=1951}  written to file by thread pool-3-thread-1
 message  {Id=55c0824e-7011-47f9-afff-88203dff5f78,FirstNumber=134,secondNumber=626}  added by thread pool-3-thread-6
 message  {Id=55c0824e-7011-47f9-afff-88203dff5f78,FirstNumber=134,secondNumber=626}  written to file by thread pool-3-thread-1
 message  {Id=85d94a98-cadd-4bc9-8426-a03641a77392,FirstNumber=316,secondNumber=923}  added by thread pool-3-thread-6
 message  {Id=85d94a98-cadd-4bc9-8426-a03641a77392,FirstNumber=316,secondNumber=923}  written to file by thread pool-3-thread-2
 message  {Id=359c883b-47b7-4db3-b918-bac243c8c139,FirstNumber=77,secondNumber=1335}  added by thread pool-3-thread-6
 message  {Id=359c883b-47b7-4db3-b918-bac243c8c139,FirstNumber=77,secondNumber=1335}  written to file by thread pool-3-thread-2
 message  {Id=ac7a9986-4a21-442d-96c0-c1f42b429e45,FirstNumber=476,secondNumber=1088}  added by thread pool-3-thread-6
 message  {Id=ac7a9986-4a21-442d-96c0-c1f42b429e45,FirstNumber=476,secondNumber=1088}  written to file by thread pool-3-thread-2
 message  {Id=32c82f84-6eed-4367-bed0-3d10b08b68b5,FirstNumber=438,secondNumber=1335}  added by thread pool-3-thread-6
 message  {Id=32c82f84-6eed-4367-bed0-3d10b08b68b5,FirstNumber=438,secondNumber=1335}  written to file by thread pool-3-thread-3
 message  {Id=0a99499a-845b-461f-80b1-ff6b0d52b24e,FirstNumber=797,secondNumber=48}  added by thread pool-3-thread-6
 message  {Id=0a99499a-845b-461f-80b1-ff6b0d52b24e,FirstNumber=797,secondNumber=48}  written to file by thread pool-3-thread-3
 message  {Id=823899b6-ceb3-4d23-9dab-5b526ea7c071,FirstNumber=12,secondNumber=409}  added by thread pool-3-thread-6
 message  {Id=823899b6-ceb3-4d23-9dab-5b526ea7c071,FirstNumber=12,secondNumber=409}  written to file by thread pool-3-thread-4
 message  {Id=677f245b-2bcb-4eb0-9402-6cb6c4a7e29e,FirstNumber=269,secondNumber=606}  added by thread pool-3-thread-6
 message  {Id=677f245b-2bcb-4eb0-9402-6cb6c4a7e29e,FirstNumber=269,secondNumber=606}  written to file by thread pool-3-thread-5
 message  {Id=bcc8d3be-6fc9-4f2a-8115-7349233be18c,FirstNumber=580,secondNumber=1320}  added by thread pool-3-thread-6
 message  {Id=bcc8d3be-6fc9-4f2a-8115-7349233be18c,FirstNumber=580,secondNumber=1320}  written to file by thread pool-3-thread-2
 message  {Id=acd94f3a-8f4a-4c5f-8a28-5a902d6419ad,FirstNumber=750,secondNumber=516}  added by thread pool-3-thread-6
 message  {Id=acd94f3a-8f4a-4c5f-8a28-5a902d6419ad,FirstNumber=750,secondNumber=516}  written to file by thread pool-3-thread-1
 message  {Id=9e384eaa-1daf-4af4-876b-f53f4bff4cd9,FirstNumber=892,secondNumber=512}  added by thread pool-3-thread-6
 message  {Id=9e384eaa-1daf-4af4-876b-f53f4bff4cd9,FirstNumber=892,secondNumber=512}  written to file by thread pool-3-thread-3
 message  {Id=58d4b505-2f81-4576-bc59-bc7646dbe86f,FirstNumber=978,secondNumber=64}  added by thread pool-3-thread-6
 message  {Id=58d4b505-2f81-4576-bc59-bc7646dbe86f,FirstNumber=978,secondNumber=64}  written to file by thread pool-3-thread-3
 message  {Id=3f624252-d7a3-423b-aa33-6c9ad1781128,FirstNumber=427,secondNumber=1673}  added by thread pool-3-thread-6
 message  {Id=3f624252-d7a3-423b-aa33-6c9ad1781128,FirstNumber=427,secondNumber=1673}  written to file by thread pool-3-thread-3
 message  {Id=e395e865-d0a6-43d2-8c7c-cacbfa157212,FirstNumber=777,secondNumber=104}  added by thread pool-3-thread-6
 message  {Id=e395e865-d0a6-43d2-8c7c-cacbfa157212,FirstNumber=777,secondNumber=104}  written to file by thread pool-3-thread-2
 message  {Id=8384f518-59f2-41dc-b114-ffe68536dde8,FirstNumber=913,secondNumber=56}  added by thread pool-3-thread-6
 message  {Id=8384f518-59f2-41dc-b114-ffe68536dde8,FirstNumber=913,secondNumber=56}  written to file by thread pool-3-thread-1
 message  {Id=796125e5-ea19-4063-a299-ba58147de544,FirstNumber=835,secondNumber=359}  written to file by thread pool-3-thread-4
 message  {Id=796125e5-ea19-4063-a299-ba58147de544,FirstNumber=835,secondNumber=359}  added by thread pool-3-thread-6
 message  {Id=edd7132e-6963-4c6f-bbef-a472b2ff36a1,FirstNumber=496,secondNumber=501}  added by thread pool-3-thread-6
 message  {Id=edd7132e-6963-4c6f-bbef-a472b2ff36a1,FirstNumber=496,secondNumber=501}  written to file by thread pool-3-thread-5
 message  {Id=808341a1-e56d-4f63-9792-30c32d600a59,FirstNumber=855,secondNumber=495}  added by thread pool-3-thread-6
 message  {Id=808341a1-e56d-4f63-9792-30c32d600a59,FirstNumber=855,secondNumber=495}  written to file by thread pool-3-thread-3
 message  {Id=9f5d03c9-600b-4c52-b69f-e4582812142d,FirstNumber=404,secondNumber=853}  added by thread pool-3-thread-6
 message  {Id=9f5d03c9-600b-4c52-b69f-e4582812142d,FirstNumber=404,secondNumber=853}  written to file by thread pool-3-thread-2
 message  {Id=16228fc7-9f6c-4965-8d69-c9fe69bd5e18,FirstNumber=624,secondNumber=106}  added by thread pool-3-thread-6
 message  {Id=16228fc7-9f6c-4965-8d69-c9fe69bd5e18,FirstNumber=624,secondNumber=106}  written to file by thread pool-3-thread-1
 message  {Id=dae9c66a-04a6-40e1-80df-9ed91d63f5fd,FirstNumber=270,secondNumber=268}  added by thread pool-3-thread-6
 message  {Id=dae9c66a-04a6-40e1-80df-9ed91d63f5fd,FirstNumber=270,secondNumber=268}  written to file by thread pool-3-thread-1
 message  {Id=77670b10-229b-4f12-80e1-95e3caa911de,FirstNumber=952,secondNumber=402}  added by thread pool-3-thread-6
 message  {Id=77670b10-229b-4f12-80e1-95e3caa911de,FirstNumber=952,secondNumber=402}  written to file by thread pool-3-thread-5
 message  {Id=3f6abf4c-a574-457b-9dc8-b6279d9fe1d5,FirstNumber=380,secondNumber=668}  added by thread pool-3-thread-6
 message  {Id=3f6abf4c-a574-457b-9dc8-b6279d9fe1d5,FirstNumber=380,secondNumber=668}  written to file by thread pool-3-thread-5
 message  {Id=45ebe0fd-3caf-49f1-9814-0c52f3d780a5,FirstNumber=793,secondNumber=638}  added by thread pool-3-thread-6
 message  {Id=45ebe0fd-3caf-49f1-9814-0c52f3d780a5,FirstNumber=793,secondNumber=638}  written to file by thread pool-3-thread-2
 message  {Id=a632ef46-36ec-4562-920d-79783cb4bc2e,FirstNumber=222,secondNumber=1251}  added by thread pool-3-thread-6
 message  {Id=a632ef46-36ec-4562-920d-79783cb4bc2e,FirstNumber=222,secondNumber=1251}  written to file by thread pool-3-thread-2
 message  {Id=8040e313-f67c-4151-87cb-adc33b31f44d,FirstNumber=266,secondNumber=1622}  added by thread pool-3-thread-6
 message  {Id=8040e313-f67c-4151-87cb-adc33b31f44d,FirstNumber=266,secondNumber=1622}  written to file by thread pool-3-thread-1
 message  {Id=15870219-cd56-4fcf-a040-4c9f3be452d7,FirstNumber=345,secondNumber=296}  added by thread pool-3-thread-6
 message  {Id=15870219-cd56-4fcf-a040-4c9f3be452d7,FirstNumber=345,secondNumber=296}  written to file by thread pool-3-thread-3
 message  {Id=727f7cae-c498-4f5b-b1cb-3c75b421c74f,FirstNumber=81,secondNumber=1142}  added by thread pool-3-thread-6
 message  {Id=727f7cae-c498-4f5b-b1cb-3c75b421c74f,FirstNumber=81,secondNumber=1142}  written to file by thread pool-3-thread-3
 message  {Id=6ec2ab49-1172-4b3c-b8b5-f536090dac04,FirstNumber=627,secondNumber=1348}  added by thread pool-3-thread-6
 message  {Id=6ec2ab49-1172-4b3c-b8b5-f536090dac04,FirstNumber=627,secondNumber=1348}  written to file by thread pool-3-thread-4
 message  {Id=f0b435a8-23bf-493a-9c9b-7d61d31b159c,FirstNumber=733,secondNumber=1500}  added by thread pool-3-thread-6
 message  {Id=f0b435a8-23bf-493a-9c9b-7d61d31b159c,FirstNumber=733,secondNumber=1500}  written to file by thread pool-3-thread-4
 message  {Id=9eef3157-0975-468b-b0c3-f7011ad21fc5,FirstNumber=138,secondNumber=801}  added by thread pool-3-thread-6
 message  {Id=9eef3157-0975-468b-b0c3-f7011ad21fc5,FirstNumber=138,secondNumber=801}  written to file by thread pool-3-thread-1
 message  {Id=193ca220-edb8-4eda-9252-848d8782f307,FirstNumber=140,secondNumber=1743}  added by thread pool-3-thread-6
 message  {Id=193ca220-edb8-4eda-9252-848d8782f307,FirstNumber=140,secondNumber=1743}  written to file by thread pool-3-thread-5
 message  {Id=93cb254f-babf-45b3-86e3-69bb2068a1cb,FirstNumber=547,secondNumber=248}  added by thread pool-3-thread-6
 message  {Id=93cb254f-babf-45b3-86e3-69bb2068a1cb,FirstNumber=547,secondNumber=248}  written to file by thread pool-3-thread-3
 message  {Id=a5c63afa-1a3c-4f25-b33d-8a50bea31267,FirstNumber=92,secondNumber=1755}  added by thread pool-3-thread-6
 message  {Id=a5c63afa-1a3c-4f25-b33d-8a50bea31267,FirstNumber=92,secondNumber=1755}  written to file by thread pool-3-thread-2
 message  {Id=0d4bde49-8c0f-472d-9a73-c8a2009e4737,FirstNumber=626,secondNumber=1793}  added by thread pool-3-thread-6
 message  {Id=0d4bde49-8c0f-472d-9a73-c8a2009e4737,FirstNumber=626,secondNumber=1793}  written to file by thread pool-3-thread-4
 message  {Id=cd089087-7964-441e-98dd-21f22e802e30,FirstNumber=743,secondNumber=106}  added by thread pool-3-thread-6
 message  {Id=cd089087-7964-441e-98dd-21f22e802e30,FirstNumber=743,secondNumber=106}  written to file by thread pool-3-thread-1
 message  {Id=65cf73d4-3838-4017-8402-4312b70831d1,FirstNumber=598,secondNumber=1673}  added by thread pool-3-thread-6
 message  {Id=65cf73d4-3838-4017-8402-4312b70831d1,FirstNumber=598,secondNumber=1673}  written to file by thread pool-3-thread-1
 message  {Id=c4a9100e-37a9-4b05-8048-1c40dc6fdf44,FirstNumber=559,secondNumber=1076}  added by thread pool-3-thread-6
 message  {Id=8ac4167b-cdb3-469c-9600-d1d1c2abc119,FirstNumber=935,secondNumber=879}  added by thread pool-3-thread-6
 message  {Id=c4a9100e-37a9-4b05-8048-1c40dc6fdf44,FirstNumber=559,secondNumber=1076}  written to file by thread pool-3-thread-3
 message  {Id=8ac4167b-cdb3-469c-9600-d1d1c2abc119,FirstNumber=935,secondNumber=879}  written to file by thread pool-3-thread-2
 message  {Id=2d04b9b7-ee5d-4039-b0c5-f76507553e0a,FirstNumber=158,secondNumber=1599}  added by thread pool-3-thread-6
 message  {Id=2d04b9b7-ee5d-4039-b0c5-f76507553e0a,FirstNumber=158,secondNumber=1599}  written to file by thread pool-3-thread-4
 message  {Id=beeac8f3-72eb-4433-9b9d-27546c3e7989,FirstNumber=309,secondNumber=1599}  added by thread pool-3-thread-6
 message  {Id=beeac8f3-72eb-4433-9b9d-27546c3e7989,FirstNumber=309,secondNumber=1599}  written to file by thread pool-3-thread-5
 message  {Id=9633383a-a7ff-44e7-80ae-84040444ee26,FirstNumber=44,secondNumber=1046}  added by thread pool-3-thread-6
 message  {Id=9633383a-a7ff-44e7-80ae-84040444ee26,FirstNumber=44,secondNumber=1046}  written to file by thread pool-3-thread-1
 message  {Id=2e984d60-689c-4cd1-adf1-792ed682d53b,FirstNumber=745,secondNumber=1950}  added by thread pool-3-thread-6
 message  {Id=2e984d60-689c-4cd1-adf1-792ed682d53b,FirstNumber=745,secondNumber=1950}  written to file by thread pool-3-thread-1
 message  {Id=0415403b-a0e9-4228-9569-b86c95c88361,FirstNumber=127,secondNumber=1694}  added by thread pool-3-thread-6
 message  {Id=0415403b-a0e9-4228-9569-b86c95c88361,FirstNumber=127,secondNumber=1694}  written to file by thread pool-3-thread-1
 message  {Id=69eaae3b-8391-4f66-8ac7-b19e41a96ddb,FirstNumber=95,secondNumber=715}  added by thread pool-3-thread-6
 message  {Id=69eaae3b-8391-4f66-8ac7-b19e41a96ddb,FirstNumber=95,secondNumber=715}  written to file by thread pool-3-thread-4
 message  {Id=77d5ed61-936d-44c5-8d8f-56df3d8c6892,FirstNumber=281,secondNumber=1435}  added by thread pool-3-thread-6
 message  {Id=77d5ed61-936d-44c5-8d8f-56df3d8c6892,FirstNumber=281,secondNumber=1435}  written to file by thread pool-3-thread-5
 message  {Id=fa4c04a3-2e6d-47fb-aaac-a84e4db72b70,FirstNumber=406,secondNumber=1555}  added by thread pool-3-thread-6
 message  {Id=fa4c04a3-2e6d-47fb-aaac-a84e4db72b70,FirstNumber=406,secondNumber=1555}  written to file by thread pool-3-thread-3
 message  {Id=1504ef7f-f5b8-42fc-bd43-fc1f77051684,FirstNumber=656,secondNumber=201}  added by thread pool-3-thread-6
 message  {Id=1504ef7f-f5b8-42fc-bd43-fc1f77051684,FirstNumber=656,secondNumber=201}  written to file by thread pool-3-thread-2
 message  {Id=38558435-972d-4c39-a9dd-9a7e1ef26728,FirstNumber=466,secondNumber=1739}  added by thread pool-3-thread-6
 message  {Id=38558435-972d-4c39-a9dd-9a7e1ef26728,FirstNumber=466,secondNumber=1739}  written to file by thread pool-3-thread-2
 message  {Id=6248a4d8-1092-4be9-8940-92e86a899fa9,FirstNumber=192,secondNumber=371}  added by thread pool-3-thread-6
 message  {Id=6248a4d8-1092-4be9-8940-92e86a899fa9,FirstNumber=192,secondNumber=371}  written to file by thread pool-3-thread-4
 message  {Id=50981231-49b1-49f3-9a09-05d810d040cf,FirstNumber=888,secondNumber=309}  added by thread pool-3-thread-6
 message  {Id=50981231-49b1-49f3-9a09-05d810d040cf,FirstNumber=888,secondNumber=309}  written to file by thread pool-3-thread-5
 message  {Id=2244dd31-aa55-4496-91ee-e137206360df,FirstNumber=59,secondNumber=672}  added by thread pool-3-thread-6
 message  {Id=2244dd31-aa55-4496-91ee-e137206360df,FirstNumber=59,secondNumber=672}  written to file by thread pool-3-thread-3
 message  {Id=3ea2d97b-1b34-4cd3-9a1b-8b783b135fd7,FirstNumber=658,secondNumber=1279}  added by thread pool-3-thread-6
 message  {Id=3ea2d97b-1b34-4cd3-9a1b-8b783b135fd7,FirstNumber=658,secondNumber=1279}  written to file by thread pool-3-thread-1
 message  {Id=9da6178e-a466-4dac-a84f-6831d04f6665,FirstNumber=379,secondNumber=1702}  added by thread pool-3-thread-6
 message  {Id=9da6178e-a466-4dac-a84f-6831d04f6665,FirstNumber=379,secondNumber=1702}  written to file by thread pool-3-thread-1
 message  {Id=f6e5be35-8a62-416a-8cc1-e09421e3925b,FirstNumber=337,secondNumber=877}  added by thread pool-3-thread-6
 message  {Id=f6e5be35-8a62-416a-8cc1-e09421e3925b,FirstNumber=337,secondNumber=877}  written to file by thread pool-3-thread-4
 message  {Id=45f7eadf-1c0a-46ee-8cf5-ad97688209df,FirstNumber=927,secondNumber=470}  added by thread pool-3-thread-6
 message  {Id=45f7eadf-1c0a-46ee-8cf5-ad97688209df,FirstNumber=927,secondNumber=470}  written to file by thread pool-3-thread-5
 message  {Id=6bca56f6-e273-4f5f-a79b-d2a3d0f34aae,FirstNumber=621,secondNumber=1353}  added by thread pool-3-thread-6
 message  {Id=6bca56f6-e273-4f5f-a79b-d2a3d0f34aae,FirstNumber=621,secondNumber=1353}  written to file by thread pool-3-thread-5
 message  {Id=43f3a47f-a9b7-436b-ba6f-6b9c90d9f96e,FirstNumber=68,secondNumber=1828}  added by thread pool-3-thread-6
 message  {Id=43f3a47f-a9b7-436b-ba6f-6b9c90d9f96e,FirstNumber=68,secondNumber=1828}  written to file by thread pool-3-thread-2
 message  {Id=74b64517-375a-4c71-b66f-24ee35015819,FirstNumber=510,secondNumber=1783}  added by thread pool-3-thread-6
 message  {Id=74b64517-375a-4c71-b66f-24ee35015819,FirstNumber=510,secondNumber=1783}  written to file by thread pool-3-thread-2
 message  {Id=d2868c38-bc77-4467-9fda-9e271559c405,FirstNumber=460,secondNumber=1121}  added by thread pool-3-thread-6
 message  {Id=61ffaf0f-14f6-468a-9a36-6f6e82c872a1,FirstNumber=916,secondNumber=965}  added by thread pool-3-thread-6
 message  {Id=d2868c38-bc77-4467-9fda-9e271559c405,FirstNumber=460,secondNumber=1121}  written to file by thread pool-3-thread-4
 message  {Id=61ffaf0f-14f6-468a-9a36-6f6e82c872a1,FirstNumber=916,secondNumber=965}  written to file by thread pool-3-thread-3
 message  {Id=81a6d4b2-5d77-4182-8ff4-f69f54b3faea,FirstNumber=728,secondNumber=241}  added by thread pool-3-thread-6
 message  {Id=81a6d4b2-5d77-4182-8ff4-f69f54b3faea,FirstNumber=728,secondNumber=241}  written to file by thread pool-3-thread-3
 message  {Id=c8ab3389-14e9-4e15-84e3-bbf491b78454,FirstNumber=879,secondNumber=609}  added by thread pool-3-thread-6
 message  {Id=c8ab3389-14e9-4e15-84e3-bbf491b78454,FirstNumber=879,secondNumber=609}  written to file by thread pool-3-thread-3
 message  {Id=f2ed80ec-ae28-4bbb-b4ea-e93f07462cec,FirstNumber=745,secondNumber=1600}  added by thread pool-3-thread-6
 message  {Id=f2ed80ec-ae28-4bbb-b4ea-e93f07462cec,FirstNumber=745,secondNumber=1600}  written to file by thread pool-3-thread-2
 message  {Id=9c034222-3164-4487-9d2a-2ff3853c8601,FirstNumber=420,secondNumber=268}  added by thread pool-3-thread-6
 message  {Id=9c034222-3164-4487-9d2a-2ff3853c8601,FirstNumber=420,secondNumber=268}  written to file by thread pool-3-thread-2
 message  {Id=7f255c9c-2638-409c-9b5f-9ab08eea8b4c,FirstNumber=339,secondNumber=1136}  added by thread pool-3-thread-6
 message  {Id=7f255c9c-2638-409c-9b5f-9ab08eea8b4c,FirstNumber=339,secondNumber=1136}  written to file by thread pool-3-thread-5
 message  {Id=94847346-4c99-45bd-85d1-61d0e7310ee4,FirstNumber=710,secondNumber=1799}  added by thread pool-3-thread-6
 message  {Id=94847346-4c99-45bd-85d1-61d0e7310ee4,FirstNumber=710,secondNumber=1799}  written to file by thread pool-3-thread-5
 message  {Id=41e62569-ae64-4f86-b87d-fb58f3f27bf3,FirstNumber=296,secondNumber=1167}  added by thread pool-3-thread-6
 message  {Id=41e62569-ae64-4f86-b87d-fb58f3f27bf3,FirstNumber=296,secondNumber=1167}  written to file by thread pool-3-thread-3
 message  {Id=de6329c6-32f9-4ad6-a5b6-dbda3fe087a3,FirstNumber=112,secondNumber=578}  added by thread pool-3-thread-6
 message  {Id=de6329c6-32f9-4ad6-a5b6-dbda3fe087a3,FirstNumber=112,secondNumber=578}  written to file by thread pool-3-thread-4
 message  {Id=bb497b39-8c08-4ac3-9091-b79d21280d92,FirstNumber=468,secondNumber=598}  added by thread pool-3-thread-6
 message  {Id=bb497b39-8c08-4ac3-9091-b79d21280d92,FirstNumber=468,secondNumber=598}  written to file by thread pool-3-thread-4
 message  {Id=0a903bff-86af-4767-9cf6-73009924288d,FirstNumber=24,secondNumber=1375}  added by thread pool-3-thread-6
 message  {Id=0a903bff-86af-4767-9cf6-73009924288d,FirstNumber=24,secondNumber=1375}  written to file by thread pool-3-thread-1
 message  {Id=c8e052fb-87d8-4430-8fad-55359cee0389,FirstNumber=694,secondNumber=1209}  added by thread pool-3-thread-6
 message  {Id=c8e052fb-87d8-4430-8fad-55359cee0389,FirstNumber=694,secondNumber=1209}  written to file by thread pool-3-thread-5
 message  {Id=de142c33-fe94-4112-b4ba-96c79213e39b,FirstNumber=246,secondNumber=1187}  added by thread pool-3-thread-6
 message  {Id=de142c33-fe94-4112-b4ba-96c79213e39b,FirstNumber=246,secondNumber=1187}  written to file by thread pool-3-thread-5
 message  {Id=fa077a89-a8d9-40be-b6a9-258660c4b468,FirstNumber=805,secondNumber=4}  added by thread pool-3-thread-6
 message  {Id=fa077a89-a8d9-40be-b6a9-258660c4b468,FirstNumber=805,secondNumber=4}  written to file by thread pool-3-thread-2
 message  {Id=d737ef9d-f58d-462c-8e7d-a70b37e5b1c9,FirstNumber=102,secondNumber=1264}  added by thread pool-3-thread-6
 message  {Id=d737ef9d-f58d-462c-8e7d-a70b37e5b1c9,FirstNumber=102,secondNumber=1264}  written to file by thread pool-3-thread-4
 message  {Id=9c59e4ad-4031-4d7b-9c15-9e286435ce43,FirstNumber=860,secondNumber=1964}  added by thread pool-3-thread-6
 message  {Id=9c59e4ad-4031-4d7b-9c15-9e286435ce43,FirstNumber=860,secondNumber=1964}  written to file by thread pool-3-thread-1
 message  {Id=9087b46d-c13f-42c6-955c-cc708c365166,FirstNumber=541,secondNumber=1605}  added by thread pool-3-thread-6
 message  {Id=9087b46d-c13f-42c6-955c-cc708c365166,FirstNumber=541,secondNumber=1605}  written to file by thread pool-3-thread-3
 message  {Id=014de41b-e9f6-4508-a808-2cc731c67bda,FirstNumber=888,secondNumber=1775}  added by thread pool-3-thread-6
 message  {Id=014de41b-e9f6-4508-a808-2cc731c67bda,FirstNumber=888,secondNumber=1775}  written to file by thread pool-3-thread-5
 message  {Id=24281abf-19cb-449b-bb1d-773b971622c0,FirstNumber=770,secondNumber=4}  added by thread pool-3-thread-6
 message  {Id=24281abf-19cb-449b-bb1d-773b971622c0,FirstNumber=770,secondNumber=4}  written to file by thread pool-3-thread-5
 message  {Id=c5d2f428-9ab4-4c86-8d4f-45660cd1f63f,FirstNumber=289,secondNumber=900}  added by thread pool-3-thread-6
 message  {Id=c5d2f428-9ab4-4c86-8d4f-45660cd1f63f,FirstNumber=289,secondNumber=900}  written to file by thread pool-3-thread-4
 message  {Id=1d1838ba-a9fe-4281-945c-0545e206d5b7,FirstNumber=371,secondNumber=1352}  added by thread pool-3-thread-6
 message  {Id=1d1838ba-a9fe-4281-945c-0545e206d5b7,FirstNumber=371,secondNumber=1352}  written to file by thread pool-3-thread-1
 message  {Id=3e16003c-b1f0-4d5e-b8c3-7d4c83f72781,FirstNumber=567,secondNumber=507}  added by thread pool-3-thread-6
 message  {Id=3e16003c-b1f0-4d5e-b8c3-7d4c83f72781,FirstNumber=567,secondNumber=507}  written to file by thread pool-3-thread-1
 message  {Id=af908fd2-4f2a-4a41-90b2-b00f8a5d744d,FirstNumber=133,secondNumber=833}  added by thread pool-3-thread-6
 message  {Id=af908fd2-4f2a-4a41-90b2-b00f8a5d744d,FirstNumber=133,secondNumber=833}  written to file by thread pool-3-thread-2
 message  {Id=a7e30b72-1cf3-4b88-ab5a-73c9cf143c87,FirstNumber=944,secondNumber=1654}  added by thread pool-3-thread-6
 message  {Id=a7e30b72-1cf3-4b88-ab5a-73c9cf143c87,FirstNumber=944,secondNumber=1654}  written to file by thread pool-3-thread-5
 message  {Id=bc85e4ba-6f5c-4cc2-9c89-070fb04a52a0,FirstNumber=464,secondNumber=1455}  added by thread pool-3-thread-6
 message  {Id=bc85e4ba-6f5c-4cc2-9c89-070fb04a52a0,FirstNumber=464,secondNumber=1455}  written to file by thread pool-3-thread-5
 message  {Id=02cbcc44-cf9b-49f7-aca5-d6b0270cc32f,FirstNumber=736,secondNumber=1819}  added by thread pool-3-thread-6
 message  {Id=02cbcc44-cf9b-49f7-aca5-d6b0270cc32f,FirstNumber=736,secondNumber=1819}  written to file by thread pool-3-thread-3
 message  {Id=f721db65-f918-43b0-a523-60de83cd1d85,FirstNumber=588,secondNumber=1199}  added by thread pool-3-thread-6
 message  {Id=f721db65-f918-43b0-a523-60de83cd1d85,FirstNumber=588,secondNumber=1199}  written to file by thread pool-3-thread-1
 message  {Id=dd767fe8-ec80-438c-b92a-405e74b8c638,FirstNumber=418,secondNumber=1256}  added by thread pool-3-thread-6
 message  {Id=dd767fe8-ec80-438c-b92a-405e74b8c638,FirstNumber=418,secondNumber=1256}  written to file by thread pool-3-thread-1
 message  {Id=ab061a4c-2699-4873-bc44-d6e47b00987a,FirstNumber=969,secondNumber=272}  added by thread pool-3-thread-6
 message  {Id=ab061a4c-2699-4873-bc44-d6e47b00987a,FirstNumber=969,secondNumber=272}  written to file by thread pool-3-thread-4
 message  {Id=d751116e-e950-48ee-aeec-d96fc25051a5,FirstNumber=661,secondNumber=1757}  added by thread pool-3-thread-6
 message  {Id=d751116e-e950-48ee-aeec-d96fc25051a5,FirstNumber=661,secondNumber=1757}  written to file by thread pool-3-thread-5
 message  {Id=3a08967d-1458-42c2-8aa4-ad87c2a27e95,FirstNumber=450,secondNumber=937}  added by thread pool-3-thread-6
 message  {Id=3a08967d-1458-42c2-8aa4-ad87c2a27e95,FirstNumber=450,secondNumber=937}  written to file by thread pool-3-thread-3
 message  {Id=d5ffab5d-dfc5-4a11-95de-8d516ef4eca1,FirstNumber=74,secondNumber=912}  added by thread pool-3-thread-6
 message  {Id=d5ffab5d-dfc5-4a11-95de-8d516ef4eca1,FirstNumber=74,secondNumber=912}  written to file by thread pool-3-thread-3
 message  {Id=9d9dba99-a996-4a63-9194-a4d5806e2096,FirstNumber=600,secondNumber=942}  added by thread pool-3-thread-6
 message  {Id=9d9dba99-a996-4a63-9194-a4d5806e2096,FirstNumber=600,secondNumber=942}  written to file by thread pool-3-thread-1
 message  {Id=00e83633-d5d5-47c6-bf8c-d821df1d8776,FirstNumber=940,secondNumber=1119}  added by thread pool-3-thread-6
 message  {Id=00e83633-d5d5-47c6-bf8c-d821df1d8776,FirstNumber=940,secondNumber=1119}  written to file by thread pool-3-thread-1
 message  {Id=784ddf38-157f-4c0d-abd3-57dba7063106,FirstNumber=649,secondNumber=1506}  added by thread pool-3-thread-6
 message  {Id=784ddf38-157f-4c0d-abd3-57dba7063106,FirstNumber=649,secondNumber=1506}  written to file by thread pool-3-thread-5
 message  {Id=43e26100-25a3-4c2c-9679-4c073976ab92,FirstNumber=569,secondNumber=1083}  added by thread pool-3-thread-6
 message  {Id=43e26100-25a3-4c2c-9679-4c073976ab92,FirstNumber=569,secondNumber=1083}  written to file by thread pool-3-thread-2
 message  {Id=5234d10d-ec59-4383-8658-30582376a580,FirstNumber=394,secondNumber=1886}  added by thread pool-3-thread-6
 message  {Id=5234d10d-ec59-4383-8658-30582376a580,FirstNumber=394,secondNumber=1886}  written to file by thread pool-3-thread-2
 message  {Id=b21dbbbb-d98a-4200-90a2-8d6e361df542,FirstNumber=412,secondNumber=1118}  added by thread pool-3-thread-6
 message  {Id=b21dbbbb-d98a-4200-90a2-8d6e361df542,FirstNumber=412,secondNumber=1118}  written to file by thread pool-3-thread-4
 message  {Id=a9cc5a87-1214-4d81-b042-0b2cb45004c2,FirstNumber=547,secondNumber=955}  added by thread pool-3-thread-6
 message  {Id=a9cc5a87-1214-4d81-b042-0b2cb45004c2,FirstNumber=547,secondNumber=955}  written to file by thread pool-3-thread-4
 message  {Id=4b6c3069-e732-4238-83d7-6e6ab362ebb7,FirstNumber=580,secondNumber=16}  added by thread pool-3-thread-6
 message  {Id=4b6c3069-e732-4238-83d7-6e6ab362ebb7,FirstNumber=580,secondNumber=16}  written to file by thread pool-3-thread-5
 message  {Id=bcc1cd99-1ae4-4194-a67b-60fae1665967,FirstNumber=43,secondNumber=829}  added by thread pool-3-thread-6
 message  {Id=bcc1cd99-1ae4-4194-a67b-60fae1665967,FirstNumber=43,secondNumber=829}  written to file by thread pool-3-thread-5
 message  {Id=362b7fbf-8897-4a28-8d35-cc8f50215a5d,FirstNumber=686,secondNumber=1859}  added by thread pool-3-thread-6
 message  {Id=362b7fbf-8897-4a28-8d35-cc8f50215a5d,FirstNumber=686,secondNumber=1859}  written to file by thread pool-3-thread-2
 message  {Id=4f5c441a-f635-4c59-9265-4b30380c7a3e,FirstNumber=433,secondNumber=1756}  added by thread pool-3-thread-6
 message  {Id=4f5c441a-f635-4c59-9265-4b30380c7a3e,FirstNumber=433,secondNumber=1756}  written to file by thread pool-3-thread-2
 message  {Id=efd894e0-19a0-4147-90ac-f885c43fb932,FirstNumber=598,secondNumber=1672}  added by thread pool-3-thread-6
 message  {Id=efd894e0-19a0-4147-90ac-f885c43fb932,FirstNumber=598,secondNumber=1672}  written to file by thread pool-3-thread-4
 message  {Id=7f2108d9-3183-4eea-a96d-00bddadc4ca5,FirstNumber=245,secondNumber=1435}  added by thread pool-3-thread-6
 message  {Id=7f2108d9-3183-4eea-a96d-00bddadc4ca5,FirstNumber=245,secondNumber=1435}  written to file by thread pool-3-thread-3
 message  {Id=a27d0740-9579-449c-a87a-ae1bf59eea4a,FirstNumber=675,secondNumber=1814}  added by thread pool-3-thread-6
 message  {Id=a27d0740-9579-449c-a87a-ae1bf59eea4a,FirstNumber=675,secondNumber=1814}  written to file by thread pool-3-thread-3
 message  {Id=c2877dd9-1dcb-4ea5-a5ee-6686651b97e4,FirstNumber=823,secondNumber=144}  added by thread pool-3-thread-6
 message  {Id=c2877dd9-1dcb-4ea5-a5ee-6686651b97e4,FirstNumber=823,secondNumber=144}  written to file by thread pool-3-thread-1
 message  {Id=ccd9781d-eab5-4877-abaa-372fdcc545d6,FirstNumber=535,secondNumber=1931}  added by thread pool-3-thread-6
 message  {Id=ccd9781d-eab5-4877-abaa-372fdcc545d6,FirstNumber=535,secondNumber=1931}  written to file by thread pool-3-thread-2
 message  {Id=01e1e2df-07dd-4a09-9d29-9fdaabc36b2a,FirstNumber=8,secondNumber=34}  added by thread pool-3-thread-6
 message  {Id=01e1e2df-07dd-4a09-9d29-9fdaabc36b2a,FirstNumber=8,secondNumber=34}  written to file by thread pool-3-thread-4
 message  {Id=ba92e47e-fa8a-4f29-abd4-5dde116db235,FirstNumber=972,secondNumber=692}  added by thread pool-3-thread-6
 message  {Id=ba92e47e-fa8a-4f29-abd4-5dde116db235,FirstNumber=972,secondNumber=692}  written to file by thread pool-3-thread-5
 message  {Id=1c6b7355-f7a8-4ced-9307-0fb743036a3c,FirstNumber=151,secondNumber=854}  added by thread pool-3-thread-6
 message  {Id=1c6b7355-f7a8-4ced-9307-0fb743036a3c,FirstNumber=151,secondNumber=854}  written to file by thread pool-3-thread-5
 message  {Id=6294be6c-2454-4ec8-9240-a7ad5268f391,FirstNumber=92,secondNumber=1542}  added by thread pool-3-thread-6
 message  {Id=6294be6c-2454-4ec8-9240-a7ad5268f391,FirstNumber=92,secondNumber=1542}  written to file by thread pool-3-thread-1
 message  {Id=eee1e19c-ab9c-42a5-b09c-a2363173ce9f,FirstNumber=701,secondNumber=245}  added by thread pool-3-thread-6
 message  {Id=eee1e19c-ab9c-42a5-b09c-a2363173ce9f,FirstNumber=701,secondNumber=245}  written to file by thread pool-3-thread-1
 message  {Id=168c5300-63a6-4a19-8def-fa6b3fe177c9,FirstNumber=496,secondNumber=246}  added by thread pool-3-thread-6
 message  {Id=168c5300-63a6-4a19-8def-fa6b3fe177c9,FirstNumber=496,secondNumber=246}  written to file by thread pool-3-thread-1
 message  {Id=d730e9c9-3759-4374-9576-6a935b4e7354,FirstNumber=80,secondNumber=239}  added by thread pool-3-thread-6
 message  {Id=d730e9c9-3759-4374-9576-6a935b4e7354,FirstNumber=80,secondNumber=239}  written to file by thread pool-3-thread-3
 message  {Id=c0870976-a9b0-4830-baa0-d728eb184725,FirstNumber=379,secondNumber=878}  added by thread pool-3-thread-6
 message  {Id=c0870976-a9b0-4830-baa0-d728eb184725,FirstNumber=379,secondNumber=878}  written to file by thread pool-3-thread-5
 message  {Id=bbd16e6b-1a39-49bb-b655-1b38610f1376,FirstNumber=309,secondNumber=184}  added by thread pool-3-thread-6
 message  {Id=bbd16e6b-1a39-49bb-b655-1b38610f1376,FirstNumber=309,secondNumber=184}  written to file by thread pool-3-thread-5
 message  {Id=5e4c4347-4abf-4c15-996d-071178e06266,FirstNumber=111,secondNumber=1113}  added by thread pool-3-thread-6
 message  {Id=5e4c4347-4abf-4c15-996d-071178e06266,FirstNumber=111,secondNumber=1113}  written to file by thread pool-3-thread-4
 message  {Id=2192963b-4685-4ceb-ab48-f59961aef32d,FirstNumber=986,secondNumber=1162}  added by thread pool-3-thread-6
 message  {Id=2192963b-4685-4ceb-ab48-f59961aef32d,FirstNumber=986,secondNumber=1162}  written to file by thread pool-3-thread-4
 message  {Id=2396143f-1e5b-4829-9681-84f8947b2c0c,FirstNumber=925,secondNumber=635}  added by thread pool-3-thread-6
 message  {Id=2396143f-1e5b-4829-9681-84f8947b2c0c,FirstNumber=925,secondNumber=635}  written to file by thread pool-3-thread-3
 message  {Id=90678e3b-14c0-4dd6-bfe1-b48c6a0a07d7,FirstNumber=625,secondNumber=350}  added by thread pool-3-thread-6
 message  {Id=90678e3b-14c0-4dd6-bfe1-b48c6a0a07d7,FirstNumber=625,secondNumber=350}  written to file by thread pool-3-thread-3
 message  {Id=00094eb3-2409-4ec6-88fd-e5e022e86eaf,FirstNumber=727,secondNumber=713}  added by thread pool-3-thread-6
 message  {Id=00094eb3-2409-4ec6-88fd-e5e022e86eaf,FirstNumber=727,secondNumber=713}  written to file by thread pool-3-thread-5
 message  {Id=837010fd-ea21-4265-b8e5-0e965f776aa6,FirstNumber=223,secondNumber=1638}  added by thread pool-3-thread-6
 message  {Id=837010fd-ea21-4265-b8e5-0e965f776aa6,FirstNumber=223,secondNumber=1638}  written to file by thread pool-3-thread-5
 message  {Id=3458fbc2-cfde-4795-8d63-0c728f131f1d,FirstNumber=907,secondNumber=675}  added by thread pool-3-thread-6
 message  {Id=3458fbc2-cfde-4795-8d63-0c728f131f1d,FirstNumber=907,secondNumber=675}  written to file by thread pool-3-thread-5
 message  {Id=70646aef-12a8-4570-a429-33cecc514c50,FirstNumber=930,secondNumber=24}  added by thread pool-3-thread-6
 message  {Id=70646aef-12a8-4570-a429-33cecc514c50,FirstNumber=930,secondNumber=24}  written to file by thread pool-3-thread-2
 message  {Id=7b6725f5-2911-4257-a250-8959ad94622c,FirstNumber=75,secondNumber=1285}  added by thread pool-3-thread-6
 message  {Id=7b6725f5-2911-4257-a250-8959ad94622c,FirstNumber=75,secondNumber=1285}  written to file by thread pool-3-thread-3
 message  {Id=ec667dc5-d179-4f95-a63e-68e961d0b321,FirstNumber=779,secondNumber=1258}  added by thread pool-3-thread-6
 message  {Id=ec667dc5-d179-4f95-a63e-68e961d0b321,FirstNumber=779,secondNumber=1258}  written to file by thread pool-3-thread-3
 message  {Id=64fda4d8-a56e-44f1-a157-edd56d26ba6b,FirstNumber=988,secondNumber=328}  added by thread pool-3-thread-6
 message  {Id=64fda4d8-a56e-44f1-a157-edd56d26ba6b,FirstNumber=988,secondNumber=328}  written to file by thread pool-3-thread-4
 message  {Id=a213f3b0-24ac-41c5-91db-6b24634c0f36,FirstNumber=261,secondNumber=516}  added by thread pool-3-thread-6
 message  {Id=a213f3b0-24ac-41c5-91db-6b24634c0f36,FirstNumber=261,secondNumber=516}  written to file by thread pool-3-thread-5
 message  {Id=0808780d-2d66-4df9-b528-55d0d9dbffbd,FirstNumber=248,secondNumber=1663}  added by thread pool-3-thread-6
 message  {Id=0808780d-2d66-4df9-b528-55d0d9dbffbd,FirstNumber=248,secondNumber=1663}  written to file by thread pool-3-thread-2
 message  {Id=886d9d3d-d0b5-46f7-816e-efc68ef82e69,FirstNumber=667,secondNumber=1498}  added by thread pool-3-thread-6
 message  {Id=886d9d3d-d0b5-46f7-816e-efc68ef82e69,FirstNumber=667,secondNumber=1498}  written to file by thread pool-3-thread-2
 message  {Id=9e5b2432-c075-4e4e-875e-63ef72dfa90a,FirstNumber=648,secondNumber=1916}  added by thread pool-3-thread-6
 message  {Id=9e5b2432-c075-4e4e-875e-63ef72dfa90a,FirstNumber=648,secondNumber=1916}  written to file by thread pool-3-thread-3
 message  {Id=4a5405c4-7d42-4516-9b0b-1c55bf912865,FirstNumber=181,secondNumber=99}  added by thread pool-3-thread-6
 message  {Id=4a5405c4-7d42-4516-9b0b-1c55bf912865,FirstNumber=181,secondNumber=99}  written to file by thread pool-3-thread-3
 message  {Id=903f26a3-31c4-418f-9dcd-710ed1d6d93e,FirstNumber=467,secondNumber=491}  added by thread pool-3-thread-6
 message  {Id=903f26a3-31c4-418f-9dcd-710ed1d6d93e,FirstNumber=467,secondNumber=491}  written to file by thread pool-3-thread-5
 message  {Id=3cd322d7-d2dc-4c74-91bb-72d8e4b70a63,FirstNumber=482,secondNumber=1686}  added by thread pool-3-thread-6
 message  {Id=3cd322d7-d2dc-4c74-91bb-72d8e4b70a63,FirstNumber=482,secondNumber=1686}  written to file by thread pool-3-thread-1
 message  {Id=fe65027c-a6e6-4d28-adce-21b7b66e1998,FirstNumber=521,secondNumber=1877}  added by thread pool-3-thread-6
 message  {Id=fe65027c-a6e6-4d28-adce-21b7b66e1998,FirstNumber=521,secondNumber=1877}  written to file by thread pool-3-thread-1
 message  {Id=e8292ea1-0fc0-44fe-a40c-79cbd81fd4c3,FirstNumber=403,secondNumber=1924}  added by thread pool-3-thread-6
 message  {Id=e8292ea1-0fc0-44fe-a40c-79cbd81fd4c3,FirstNumber=403,secondNumber=1924}  written to file by thread pool-3-thread-4
 message  {Id=2bd00321-f344-431b-9359-81d332ca7f0e,FirstNumber=646,secondNumber=968}  added by thread pool-3-thread-6
 message  {Id=2bd00321-f344-431b-9359-81d332ca7f0e,FirstNumber=646,secondNumber=968}  written to file by thread pool-3-thread-4
 message  {Id=c53e096a-ce2b-4525-871a-5365a48c9eb5,FirstNumber=40,secondNumber=629}  added by thread pool-3-thread-6
 message  {Id=c53e096a-ce2b-4525-871a-5365a48c9eb5,FirstNumber=40,secondNumber=629}  written to file by thread pool-3-thread-5
 message  {Id=0c5b1cfc-4748-43df-9f36-d5ce82dd82e4,FirstNumber=550,secondNumber=835}  added by thread pool-3-thread-6
 message  {Id=0c5b1cfc-4748-43df-9f36-d5ce82dd82e4,FirstNumber=550,secondNumber=835}  written to file by thread pool-3-thread-5
 message  {Id=1a3d429b-45f8-495c-8e4b-3b01664dc709,FirstNumber=925,secondNumber=1412}  added by thread pool-3-thread-6
 message  {Id=1a3d429b-45f8-495c-8e4b-3b01664dc709,FirstNumber=925,secondNumber=1412}  written to file by thread pool-3-thread-1
 message  {Id=6411f74a-a248-450e-86d5-80adbae6816a,FirstNumber=957,secondNumber=946}  added by thread pool-3-thread-6
 message  {Id=6411f74a-a248-450e-86d5-80adbae6816a,FirstNumber=957,secondNumber=946}  written to file by thread pool-3-thread-3
 message  {Id=b7e3f46b-73e0-4285-be58-6064faf25d2b,FirstNumber=229,secondNumber=1335}  added by thread pool-3-thread-6
 message  {Id=b7e3f46b-73e0-4285-be58-6064faf25d2b,FirstNumber=229,secondNumber=1335}  written to file by thread pool-3-thread-3
 message  {Id=3a40d313-f1be-4b57-a84b-01bc1c27afba,FirstNumber=902,secondNumber=1626}  added by thread pool-3-thread-6
 message  {Id=3a40d313-f1be-4b57-a84b-01bc1c27afba,FirstNumber=902,secondNumber=1626}  written to file by thread pool-3-thread-3
 message  {Id=606e5c1e-76ec-4551-96d3-30f04341e664,FirstNumber=838,secondNumber=1609}  added by thread pool-3-thread-6
 message  {Id=606e5c1e-76ec-4551-96d3-30f04341e664,FirstNumber=838,secondNumber=1609}  written to file by thread pool-3-thread-5
 message  {Id=02b422b3-030e-4842-8e8d-277661ca429c,FirstNumber=645,secondNumber=27}  added by thread pool-3-thread-6
 message  {Id=02b422b3-030e-4842-8e8d-277661ca429c,FirstNumber=645,secondNumber=27}  written to file by thread pool-3-thread-1
 message  {Id=0ec84a4e-657c-47ba-9722-a4dfae4f9136,FirstNumber=360,secondNumber=1742}  added by thread pool-3-thread-6
 message  {Id=0ec84a4e-657c-47ba-9722-a4dfae4f9136,FirstNumber=360,secondNumber=1742}  written to file by thread pool-3-thread-4
 message  {Id=d90857ea-35f4-4684-86c9-a6843e4d02b9,FirstNumber=377,secondNumber=1936}  added by thread pool-3-thread-6
 message  {Id=d90857ea-35f4-4684-86c9-a6843e4d02b9,FirstNumber=377,secondNumber=1936}  written to file by thread pool-3-thread-4
 message  {Id=7b9411a6-06d8-4d1c-9df9-7a58bed22f00,FirstNumber=243,secondNumber=404}  added by thread pool-3-thread-6
 message  {Id=7b9411a6-06d8-4d1c-9df9-7a58bed22f00,FirstNumber=243,secondNumber=404}  written to file by thread pool-3-thread-3
 message  {Id=a70016af-ff36-4594-8037-bcefde3b0042,FirstNumber=58,secondNumber=24}  added by thread pool-3-thread-6
 message  {Id=a70016af-ff36-4594-8037-bcefde3b0042,FirstNumber=58,secondNumber=24}  written to file by thread pool-3-thread-5
 message  {Id=a793e7f5-e366-46ca-818c-b64dfbc251e2,FirstNumber=555,secondNumber=642}  added by thread pool-3-thread-6
 message  {Id=a793e7f5-e366-46ca-818c-b64dfbc251e2,FirstNumber=555,secondNumber=642}  written to file by thread pool-3-thread-5
 message  {Id=610a7820-7501-4cec-93a6-37caf41346eb,FirstNumber=852,secondNumber=1580}  added by thread pool-3-thread-6
 message  {Id=610a7820-7501-4cec-93a6-37caf41346eb,FirstNumber=852,secondNumber=1580}  written to file by thread pool-3-thread-5
 message  {Id=edad710d-26fb-47e4-93a8-7cb50f238eaf,FirstNumber=59,secondNumber=882}  added by thread pool-3-thread-6
 message  {Id=edad710d-26fb-47e4-93a8-7cb50f238eaf,FirstNumber=59,secondNumber=882}  written to file by thread pool-3-thread-4
 message  {Id=16942642-c2b4-4454-882b-2c4afc3e0850,FirstNumber=19,secondNumber=1532}  added by thread pool-3-thread-6
 message  {Id=16942642-c2b4-4454-882b-2c4afc3e0850,FirstNumber=19,secondNumber=1532}  written to file by thread pool-3-thread-4
 message  {Id=30aad221-2e16-4ba9-ba94-c62c413dfc54,FirstNumber=674,secondNumber=1043}  added by thread pool-3-thread-6
 message  {Id=30aad221-2e16-4ba9-ba94-c62c413dfc54,FirstNumber=674,secondNumber=1043}  written to file by thread pool-3-thread-4
 message  {Id=10dd5ad2-6b0c-49d3-bcb6-4b5d92083c57,FirstNumber=613,secondNumber=212}  added by thread pool-3-thread-6
 message  {Id=10dd5ad2-6b0c-49d3-bcb6-4b5d92083c57,FirstNumber=613,secondNumber=212}  written to file by thread pool-3-thread-2
 message  {Id=06e74e40-3e42-476a-8d80-c171ff69fb1b,FirstNumber=313,secondNumber=1358}  added by thread pool-3-thread-6
 message  {Id=06e74e40-3e42-476a-8d80-c171ff69fb1b,FirstNumber=313,secondNumber=1358}  written to file by thread pool-3-thread-2
 message  {Id=67b276bb-fa6b-4b1c-91e6-872769b228a0,FirstNumber=9,secondNumber=1669}  added by thread pool-3-thread-6
 message  {Id=67b276bb-fa6b-4b1c-91e6-872769b228a0,FirstNumber=9,secondNumber=1669}  written to file by thread pool-3-thread-3
 message  {Id=7b91a71b-a22b-4778-9dbb-8e3781e2b749,FirstNumber=888,secondNumber=1256}  added by thread pool-3-thread-6
 message  {Id=7b91a71b-a22b-4778-9dbb-8e3781e2b749,FirstNumber=888,secondNumber=1256}  written to file by thread pool-3-thread-3
 message  {Id=3e1cfa73-8132-4596-a916-fe4588f3cf33,FirstNumber=430,secondNumber=1826}  added by thread pool-3-thread-6
 message  {Id=3e1cfa73-8132-4596-a916-fe4588f3cf33,FirstNumber=430,secondNumber=1826}  written to file by thread pool-3-thread-4
 message  {Id=0a2043e0-b9cc-4633-a022-447fa15baf0e,FirstNumber=392,secondNumber=1194}  added by thread pool-3-thread-6
 message  {Id=0a2043e0-b9cc-4633-a022-447fa15baf0e,FirstNumber=392,secondNumber=1194}  written to file by thread pool-3-thread-4
 message  {Id=a96c7989-52b6-4340-9606-70a7eddef149,FirstNumber=335,secondNumber=361}  added by thread pool-3-thread-6
 message  {Id=a96c7989-52b6-4340-9606-70a7eddef149,FirstNumber=335,secondNumber=361}  written to file by thread pool-3-thread-2
 message  {Id=f9561686-7453-454f-8c85-2a0b84f56128,FirstNumber=999,secondNumber=1214}  added by thread pool-3-thread-6
 message  {Id=f9561686-7453-454f-8c85-2a0b84f56128,FirstNumber=999,secondNumber=1214}  written to file by thread pool-3-thread-1
 message  {Id=d73de65f-60f2-4ffa-a0fd-fa76cf8d26e6,FirstNumber=41,secondNumber=544}  added by thread pool-3-thread-6
 message  {Id=d73de65f-60f2-4ffa-a0fd-fa76cf8d26e6,FirstNumber=41,secondNumber=544}  written to file by thread pool-3-thread-1
 message  {Id=7d68222b-2088-45cf-b27f-61a28751836b,FirstNumber=375,secondNumber=418}  added by thread pool-3-thread-6
 message  {Id=c53b70ae-d6e3-48c3-824a-5c83cb525b90,FirstNumber=972,secondNumber=1979}  added by thread pool-3-thread-6
 message  {Id=c53b70ae-d6e3-48c3-824a-5c83cb525b90,FirstNumber=972,secondNumber=1979}  written to file by thread pool-3-thread-4
 message  {Id=1dacf630-8c37-40a9-8081-8904db4f32a0,FirstNumber=749,secondNumber=923}  added by thread pool-3-thread-6
 message  {Id=7d68222b-2088-45cf-b27f-61a28751836b,FirstNumber=375,secondNumber=418}  written to file by thread pool-3-thread-5
 message  {Id=1dacf630-8c37-40a9-8081-8904db4f32a0,FirstNumber=749,secondNumber=923}  written to file by thread pool-3-thread-4
 message  {Id=ff60527a-ddd2-4a61-a068-30e9fb9c7fba,FirstNumber=343,secondNumber=1899}  added by thread pool-3-thread-6
 message  {Id=671bfafc-a5c1-4e7a-b656-f20d01819755,FirstNumber=287,secondNumber=1027}  added by thread pool-3-thread-6
 message  {Id=ff60527a-ddd2-4a61-a068-30e9fb9c7fba,FirstNumber=343,secondNumber=1899}  written to file by thread pool-3-thread-4
 message  {Id=b2549b6b-7735-4482-af56-b84481e7d140,FirstNumber=427,secondNumber=616}  added by thread pool-3-thread-6
 message  {Id=671bfafc-a5c1-4e7a-b656-f20d01819755,FirstNumber=287,secondNumber=1027}  written to file by thread pool-3-thread-2
 message  {Id=b2549b6b-7735-4482-af56-b84481e7d140,FirstNumber=427,secondNumber=616}  written to file by thread pool-3-thread-1
 message  {Id=5ae1c477-50e5-4431-a16f-4499388e3da2,FirstNumber=783,secondNumber=1064}  added by thread pool-3-thread-6
 message  {Id=5ae1c477-50e5-4431-a16f-4499388e3da2,FirstNumber=783,secondNumber=1064}  written to file by thread pool-3-thread-4
 message  {Id=046c2692-13dc-4226-a00f-ab95a2325b04,FirstNumber=794,secondNumber=1918}  added by thread pool-3-thread-6
 message  {Id=046c2692-13dc-4226-a00f-ab95a2325b04,FirstNumber=794,secondNumber=1918}  written to file by thread pool-3-thread-3
 message  {Id=adfa012d-0173-4bee-9124-fa18e0251a9c,FirstNumber=540,secondNumber=741}  added by thread pool-3-thread-6
 message  {Id=adfa012d-0173-4bee-9124-fa18e0251a9c,FirstNumber=540,secondNumber=741}  written to file by thread pool-3-thread-5
 message  {Id=b61757da-a088-4920-829a-749b4b1d756d,FirstNumber=448,secondNumber=1047}  added by thread pool-3-thread-6
 message  {Id=b61757da-a088-4920-829a-749b4b1d756d,FirstNumber=448,secondNumber=1047}  written to file by thread pool-3-thread-5
 message  {Id=f7e92651-f276-47fb-b1ec-c2c9f3912a0c,FirstNumber=984,secondNumber=66}  added by thread pool-3-thread-6
 message  {Id=f7e92651-f276-47fb-b1ec-c2c9f3912a0c,FirstNumber=984,secondNumber=66}  written to file by thread pool-3-thread-1
 message  {Id=0513805f-2767-469e-9211-9874aa471651,FirstNumber=14,secondNumber=39}  added by thread pool-3-thread-6
 message  {Id=0513805f-2767-469e-9211-9874aa471651,FirstNumber=14,secondNumber=39}  written to file by thread pool-3-thread-1
 message  {Id=139fd6da-f5b3-4dcd-8ba1-2a925c31ce60,FirstNumber=359,secondNumber=1815}  added by thread pool-3-thread-6
 message  {Id=139fd6da-f5b3-4dcd-8ba1-2a925c31ce60,FirstNumber=359,secondNumber=1815}  written to file by thread pool-3-thread-3
 message  {Id=9b251306-c04b-4546-9f20-2bcd185e2ea2,FirstNumber=131,secondNumber=1572}  added by thread pool-3-thread-6
 message  {Id=9b251306-c04b-4546-9f20-2bcd185e2ea2,FirstNumber=131,secondNumber=1572}  written to file by thread pool-3-thread-2
 message  {Id=398f91f4-621a-48af-af4f-3aec24d458ab,FirstNumber=237,secondNumber=150}  added by thread pool-3-thread-6
 message  {Id=398f91f4-621a-48af-af4f-3aec24d458ab,FirstNumber=237,secondNumber=150}  written to file by thread pool-3-thread-2
 message  {Id=5f1343dc-84dd-4a0c-8c85-c34016ab9c45,FirstNumber=394,secondNumber=1456}  added by thread pool-3-thread-6
 message  {Id=5f1343dc-84dd-4a0c-8c85-c34016ab9c45,FirstNumber=394,secondNumber=1456}  written to file by thread pool-3-thread-4
 message  {Id=2f4847a3-da02-4e29-b862-941086ff7e56,FirstNumber=180,secondNumber=633}  added by thread pool-3-thread-6
 message  {Id=2f4847a3-da02-4e29-b862-941086ff7e56,FirstNumber=180,secondNumber=633}  written to file by thread pool-3-thread-4
 message  {Id=88977b13-d1ef-4ffc-9d55-c76d8b8bbaab,FirstNumber=891,secondNumber=607}  added by thread pool-3-thread-6
 message  {Id=88977b13-d1ef-4ffc-9d55-c76d8b8bbaab,FirstNumber=891,secondNumber=607}  written to file by thread pool-3-thread-3
 message  {Id=ac43aad0-906f-4516-ae2e-1daf76adfcf4,FirstNumber=73,secondNumber=1505}  added by thread pool-3-thread-6
 message  {Id=ac43aad0-906f-4516-ae2e-1daf76adfcf4,FirstNumber=73,secondNumber=1505}  written to file by thread pool-3-thread-5
 message  {Id=5bbfbc09-44d7-41d3-996a-c04ce6210d6c,FirstNumber=639,secondNumber=836}  added by thread pool-3-thread-6
 message  {Id=5bbfbc09-44d7-41d3-996a-c04ce6210d6c,FirstNumber=639,secondNumber=836}  written to file by thread pool-3-thread-2
 message  {Id=e18fcb02-9f2d-4c01-b956-bda5ceb28567,FirstNumber=454,secondNumber=594}  added by thread pool-3-thread-6
 message  {Id=e18fcb02-9f2d-4c01-b956-bda5ceb28567,FirstNumber=454,secondNumber=594}  written to file by thread pool-3-thread-1
 message  {Id=371f3a3b-d7d2-4d12-a3ba-98fac6d31e4b,FirstNumber=427,secondNumber=1999}  added by thread pool-3-thread-6
 message  {Id=371f3a3b-d7d2-4d12-a3ba-98fac6d31e4b,FirstNumber=427,secondNumber=1999}  written to file by thread pool-3-thread-1
 message  {Id=9a3b2d80-3f0f-430f-9c51-22e176a8eb06,FirstNumber=301,secondNumber=1252}  added by thread pool-3-thread-6
 message  {Id=9a3b2d80-3f0f-430f-9c51-22e176a8eb06,FirstNumber=301,secondNumber=1252}  written to file by thread pool-3-thread-3
 message  {Id=30663d56-a1e8-4155-82e4-fd4f9680a8e3,FirstNumber=185,secondNumber=1355}  added by thread pool-3-thread-6
 message  {Id=30663d56-a1e8-4155-82e4-fd4f9680a8e3,FirstNumber=185,secondNumber=1355}  written to file by thread pool-3-thread-5
 message  {Id=249b62c0-cf4c-4377-968e-872ff62f3f74,FirstNumber=806,secondNumber=1726}  added by thread pool-3-thread-6
 message  {Id=249b62c0-cf4c-4377-968e-872ff62f3f74,FirstNumber=806,secondNumber=1726}  written to file by thread pool-3-thread-2
 message  {Id=2a3b3db3-7f27-44a5-aab5-f333f275462a,FirstNumber=98,secondNumber=808}  added by thread pool-3-thread-6
 message  {Id=2a3b3db3-7f27-44a5-aab5-f333f275462a,FirstNumber=98,secondNumber=808}  written to file by thread pool-3-thread-4
 message  {Id=07410368-0ea2-4e26-9f56-6993bf6f4d56,FirstNumber=23,secondNumber=1709}  added by thread pool-3-thread-6
 message  {Id=07410368-0ea2-4e26-9f56-6993bf6f4d56,FirstNumber=23,secondNumber=1709}  written to file by thread pool-3-thread-4
 message  {Id=223c90b6-3ce3-41a0-86bd-91063ac0565c,FirstNumber=568,secondNumber=635}  added by thread pool-3-thread-6
 message  {Id=223c90b6-3ce3-41a0-86bd-91063ac0565c,FirstNumber=568,secondNumber=635}  written to file by thread pool-3-thread-3
 message  {Id=79d986ba-9bc0-4968-aad5-cfeeb6ad01eb,FirstNumber=621,secondNumber=1535}  added by thread pool-3-thread-6
 message  {Id=79d986ba-9bc0-4968-aad5-cfeeb6ad01eb,FirstNumber=621,secondNumber=1535}  written to file by thread pool-3-thread-5
 message  {Id=693720a1-91df-4cda-a1d8-34f50fbd4823,FirstNumber=673,secondNumber=1692}  added by thread pool-3-thread-6
 message  {Id=693720a1-91df-4cda-a1d8-34f50fbd4823,FirstNumber=673,secondNumber=1692}  written to file by thread pool-3-thread-5
 message  {Id=12d32a93-16a9-4a31-bd82-a69f1c2a4527,FirstNumber=106,secondNumber=364}  added by thread pool-3-thread-6
 message  {Id=12d32a93-16a9-4a31-bd82-a69f1c2a4527,FirstNumber=106,secondNumber=364}  written to file by thread pool-3-thread-1
 message  {Id=d170cfe3-91a4-4664-bdd8-bbe5a6e54366,FirstNumber=267,secondNumber=1569}  added by thread pool-3-thread-6
 message  {Id=d170cfe3-91a4-4664-bdd8-bbe5a6e54366,FirstNumber=267,secondNumber=1569}  written to file by thread pool-3-thread-4
 message  {Id=e2dc34a8-2ed9-4355-858d-69722747d889,FirstNumber=664,secondNumber=178}  added by thread pool-3-thread-6
 message  {Id=e2dc34a8-2ed9-4355-858d-69722747d889,FirstNumber=664,secondNumber=178}  written to file by thread pool-3-thread-4
 message  {Id=2d0be428-fa66-4073-a1ca-bd2da6c363f8,FirstNumber=603,secondNumber=453}  added by thread pool-3-thread-6
 message  {Id=2d0be428-fa66-4073-a1ca-bd2da6c363f8,FirstNumber=603,secondNumber=453}  written to file by thread pool-3-thread-2
 message  {Id=f898a1b0-6850-4331-bd2a-5729fa8898e5,FirstNumber=636,secondNumber=291}  added by thread pool-3-thread-6
 message  {Id=f898a1b0-6850-4331-bd2a-5729fa8898e5,FirstNumber=636,secondNumber=291}  written to file by thread pool-3-thread-5
 message  {Id=d211a6c9-1de4-48fa-bce3-181ed46dba52,FirstNumber=400,secondNumber=1251}  added by thread pool-3-thread-6
 message  {Id=d211a6c9-1de4-48fa-bce3-181ed46dba52,FirstNumber=400,secondNumber=1251}  written to file by thread pool-3-thread-1
 message  {Id=c53c8a3b-bedb-492f-a6de-d97a242ad921,FirstNumber=575,secondNumber=1634}  added by thread pool-3-thread-6
 message  {Id=c53c8a3b-bedb-492f-a6de-d97a242ad921,FirstNumber=575,secondNumber=1634}  written to file by thread pool-3-thread-3
 message  {Id=53467495-ec2f-4f66-83fb-738788b59c88,FirstNumber=912,secondNumber=1109}  added by thread pool-3-thread-6
 message  {Id=53467495-ec2f-4f66-83fb-738788b59c88,FirstNumber=912,secondNumber=1109}  written to file by thread pool-3-thread-3
 message  {Id=54acd457-b0e6-4900-ac56-6884b19a0c5b,FirstNumber=56,secondNumber=500}  added by thread pool-3-thread-6
 message  {Id=54acd457-b0e6-4900-ac56-6884b19a0c5b,FirstNumber=56,secondNumber=500}  written to file by thread pool-3-thread-2
 message  {Id=070f3fb0-0d28-4557-bf2e-a1914016111a,FirstNumber=892,secondNumber=547}  added by thread pool-3-thread-6
 message  {Id=070f3fb0-0d28-4557-bf2e-a1914016111a,FirstNumber=892,secondNumber=547}  written to file by thread pool-3-thread-5
 message  {Id=7393245c-d6e6-430a-9e99-5f875a802b7b,FirstNumber=899,secondNumber=503}  added by thread pool-3-thread-6
 message  {Id=7393245c-d6e6-430a-9e99-5f875a802b7b,FirstNumber=899,secondNumber=503}  written to file by thread pool-3-thread-1
 message  {Id=f07e5831-b7af-4f53-8429-a01c13c48943,FirstNumber=330,secondNumber=1}  added by thread pool-3-thread-6
 message  {Id=f07e5831-b7af-4f53-8429-a01c13c48943,FirstNumber=330,secondNumber=1}  written to file by thread pool-3-thread-4
 message  {Id=c489c849-f1ad-4bc5-aa43-5db166a55698,FirstNumber=629,secondNumber=1355}  added by thread pool-3-thread-6
 message  {Id=c489c849-f1ad-4bc5-aa43-5db166a55698,FirstNumber=629,secondNumber=1355}  written to file by thread pool-3-thread-3
 message  {Id=60d65c69-1b83-4fa1-8a6b-99bddcf5a154,FirstNumber=117,secondNumber=584}  added by thread pool-3-thread-6
 message  {Id=60d65c69-1b83-4fa1-8a6b-99bddcf5a154,FirstNumber=117,secondNumber=584}  written to file by thread pool-3-thread-2
 message  {Id=9f03c93b-85c5-4a67-8ee2-d979ad6f268d,FirstNumber=673,secondNumber=1872}  added by thread pool-3-thread-6
 message  {Id=9f03c93b-85c5-4a67-8ee2-d979ad6f268d,FirstNumber=673,secondNumber=1872}  written to file by thread pool-3-thread-2
 message  {Id=b0805574-5557-4e40-878b-053b1f32a223,FirstNumber=559,secondNumber=1365}  added by thread pool-3-thread-6
 message  {Id=b0805574-5557-4e40-878b-053b1f32a223,FirstNumber=559,secondNumber=1365}  written to file by thread pool-3-thread-1
 message  {Id=d50afaea-dcbc-4152-8197-2049e52d37fa,FirstNumber=672,secondNumber=1199}  added by thread pool-3-thread-6
 message  {Id=d50afaea-dcbc-4152-8197-2049e52d37fa,FirstNumber=672,secondNumber=1199}  written to file by thread pool-3-thread-4
 message  {Id=32632ef0-2e3e-4e58-92d1-4c038beffe77,FirstNumber=921,secondNumber=1706}  added by thread pool-3-thread-6
 message  {Id=32632ef0-2e3e-4e58-92d1-4c038beffe77,FirstNumber=921,secondNumber=1706}  written to file by thread pool-3-thread-3
 message  {Id=d97a4163-0145-4f32-a69f-50262deaa65c,FirstNumber=259,secondNumber=810}  added by thread pool-3-thread-6
 message  {Id=d97a4163-0145-4f32-a69f-50262deaa65c,FirstNumber=259,secondNumber=810}  written to file by thread pool-3-thread-3
 message  {Id=9370b3cf-57a2-4bd8-86b0-8140fa717deb,FirstNumber=195,secondNumber=758}  added by thread pool-3-thread-6
 message  {Id=9370b3cf-57a2-4bd8-86b0-8140fa717deb,FirstNumber=195,secondNumber=758}  written to file by thread pool-3-thread-3
 message  {Id=caa307d4-a2a7-4141-9043-0a402fc49567,FirstNumber=740,secondNumber=1540}  added by thread pool-3-thread-6
 message  {Id=caa307d4-a2a7-4141-9043-0a402fc49567,FirstNumber=740,secondNumber=1540}  written to file by thread pool-3-thread-1
 message  {Id=b8b2c577-0808-4619-b117-14616b92e378,FirstNumber=165,secondNumber=1431}  added by thread pool-3-thread-6
 message  {Id=b8b2c577-0808-4619-b117-14616b92e378,FirstNumber=165,secondNumber=1431}  written to file by thread pool-3-thread-4
 message  {Id=ecbb63b8-22fe-4aa6-ac1d-022e57c12fb2,FirstNumber=250,secondNumber=1093}  added by thread pool-3-thread-6
 message  {Id=ecbb63b8-22fe-4aa6-ac1d-022e57c12fb2,FirstNumber=250,secondNumber=1093}  written to file by thread pool-3-thread-4
 message  {Id=281aa492-e8b6-463d-be2d-07924fa479db,FirstNumber=389,secondNumber=1723}  added by thread pool-3-thread-6
 message  {Id=281aa492-e8b6-463d-be2d-07924fa479db,FirstNumber=389,secondNumber=1723}  written to file by thread pool-3-thread-2
 message  {Id=c79574e9-a107-42a3-b8fa-3ff4a1651675,FirstNumber=759,secondNumber=747}  added by thread pool-3-thread-6
 message  {Id=c79574e9-a107-42a3-b8fa-3ff4a1651675,FirstNumber=759,secondNumber=747}  written to file by thread pool-3-thread-2
 message  {Id=ea6e0858-7b34-4d91-9975-dee51ae76c95,FirstNumber=508,secondNumber=856}  added by thread pool-3-thread-6
 message  {Id=ea6e0858-7b34-4d91-9975-dee51ae76c95,FirstNumber=508,secondNumber=856}  written to file by thread pool-3-thread-2
 message  {Id=2cf53065-cf95-467e-8bba-80f4a27c0bd0,FirstNumber=400,secondNumber=796}  added by thread pool-3-thread-6
 message  {Id=2cf53065-cf95-467e-8bba-80f4a27c0bd0,FirstNumber=400,secondNumber=796}  written to file by thread pool-3-thread-2
 message  {Id=8e353016-bf4b-4542-b0ec-06e547b9d334,FirstNumber=613,secondNumber=1325}  added by thread pool-3-thread-6
 message  {Id=8e353016-bf4b-4542-b0ec-06e547b9d334,FirstNumber=613,secondNumber=1325}  written to file by thread pool-3-thread-4
 message  {Id=55f6f4dd-5012-43dd-b70b-ce53c2e0cb14,FirstNumber=761,secondNumber=446}  added by thread pool-3-thread-6
 message  {Id=55f6f4dd-5012-43dd-b70b-ce53c2e0cb14,FirstNumber=761,secondNumber=446}  written to file by thread pool-3-thread-4
 message  {Id=24868cff-8905-445c-8789-5d2be25c3b7f,FirstNumber=535,secondNumber=1051}  added by thread pool-3-thread-6
 message  {Id=f25bbd2b-890b-4f2b-b5f7-91d07fe401f7,FirstNumber=229,secondNumber=1789}  added by thread pool-3-thread-6
 message  {Id=24868cff-8905-445c-8789-5d2be25c3b7f,FirstNumber=535,secondNumber=1051}  written to file by thread pool-3-thread-1
 message  {Id=f25bbd2b-890b-4f2b-b5f7-91d07fe401f7,FirstNumber=229,secondNumber=1789}  written to file by thread pool-3-thread-5
 message  {Id=3cef87ed-cc66-49e9-ac77-e9980523b0ee,FirstNumber=263,secondNumber=908}  added by thread pool-3-thread-6
 message  {Id=3cef87ed-cc66-49e9-ac77-e9980523b0ee,FirstNumber=263,secondNumber=908}  written to file by thread pool-3-thread-2
 message  {Id=066412c2-8bfd-4183-9f7a-fe61aaf0a318,FirstNumber=683,secondNumber=1961}  written to file by thread pool-3-thread-2
 message  {Id=066412c2-8bfd-4183-9f7a-fe61aaf0a318,FirstNumber=683,secondNumber=1961}  added by thread pool-3-thread-6
 message  {Id=32afd0f2-3c27-4ab3-95ae-be4aa20c12b1,FirstNumber=475,secondNumber=308}  added by thread pool-3-thread-6
 message  {Id=32afd0f2-3c27-4ab3-95ae-be4aa20c12b1,FirstNumber=475,secondNumber=308}  written to file by thread pool-3-thread-4
 message  {Id=31ba3044-4179-4484-8a83-807baf267a34,FirstNumber=41,secondNumber=897}  added by thread pool-3-thread-6
 message  {Id=31ba3044-4179-4484-8a83-807baf267a34,FirstNumber=41,secondNumber=897}  written to file by thread pool-3-thread-4
 message  {Id=08538103-0154-4c1d-9004-3cb832b6d213,FirstNumber=989,secondNumber=79}  added by thread pool-3-thread-6
 message  {Id=08538103-0154-4c1d-9004-3cb832b6d213,FirstNumber=989,secondNumber=79}  written to file by thread pool-3-thread-5
 message  {Id=74d3fc08-345c-4c34-8d75-b83cff39ff2a,FirstNumber=879,secondNumber=46}  added by thread pool-3-thread-6
 message  {Id=74d3fc08-345c-4c34-8d75-b83cff39ff2a,FirstNumber=879,secondNumber=46}  written to file by thread pool-3-thread-3
 message  {Id=809cef4e-6763-4f02-8389-d53060ab90e2,FirstNumber=469,secondNumber=540}  added by thread pool-3-thread-6
 message  {Id=809cef4e-6763-4f02-8389-d53060ab90e2,FirstNumber=469,secondNumber=540}  written to file by thread pool-3-thread-3
 message  {Id=c37e7753-31a2-4f3e-a87f-3c8fca4df0c5,FirstNumber=716,secondNumber=1824}  added by thread pool-3-thread-6
 message  {Id=c37e7753-31a2-4f3e-a87f-3c8fca4df0c5,FirstNumber=716,secondNumber=1824}  written to file by thread pool-3-thread-1
 message  {Id=94cdd58d-1dc7-4e24-9bfb-fa99d2cad520,FirstNumber=551,secondNumber=1182}  added by thread pool-3-thread-6
 message  {Id=94cdd58d-1dc7-4e24-9bfb-fa99d2cad520,FirstNumber=551,secondNumber=1182}  written to file by thread pool-3-thread-1
 message  {Id=161ce6f0-f36f-4a3e-bfe3-5ef58675f89e,FirstNumber=419,secondNumber=1769}  added by thread pool-3-thread-6
 message  {Id=161ce6f0-f36f-4a3e-bfe3-5ef58675f89e,FirstNumber=419,secondNumber=1769}  written to file by thread pool-3-thread-5
 message  {Id=ecd08ede-e924-4bd3-ab85-62ded55c85cf,FirstNumber=247,secondNumber=543}  added by thread pool-3-thread-6
 message  {Id=ecd08ede-e924-4bd3-ab85-62ded55c85cf,FirstNumber=247,secondNumber=543}  written to file by thread pool-3-thread-2
 message  {Id=142944ac-830a-4754-8d28-d1b7cb8625fa,FirstNumber=862,secondNumber=430}  added by thread pool-3-thread-6
 message  {Id=142944ac-830a-4754-8d28-d1b7cb8625fa,FirstNumber=862,secondNumber=430}  written to file by thread pool-3-thread-2
 message  {Id=6b842597-2526-446f-bcac-72f2bf1cf2d3,FirstNumber=777,secondNumber=73}  added by thread pool-3-thread-6
 message  {Id=6b842597-2526-446f-bcac-72f2bf1cf2d3,FirstNumber=777,secondNumber=73}  written to file by thread pool-3-thread-4
 message  {Id=7bf07b64-cfa5-40fe-bfe9-3ae58648b339,FirstNumber=350,secondNumber=509}  added by thread pool-3-thread-6
 message  {Id=7bf07b64-cfa5-40fe-bfe9-3ae58648b339,FirstNumber=350,secondNumber=509}  written to file by thread pool-3-thread-4
 message  {Id=287f2a2f-9ed6-4c55-b112-17b34e554998,FirstNumber=304,secondNumber=118}  added by thread pool-3-thread-6
 message  {Id=287f2a2f-9ed6-4c55-b112-17b34e554998,FirstNumber=304,secondNumber=118}  written to file by thread pool-3-thread-5
 message  {Id=295393e5-2df7-4fae-b223-07540a6e6a27,FirstNumber=133,secondNumber=766}  added by thread pool-3-thread-6
 message  {Id=295393e5-2df7-4fae-b223-07540a6e6a27,FirstNumber=133,secondNumber=766}  written to file by thread pool-3-thread-5
 message  {Id=18d6b1de-e318-4519-86d8-56358fa68dbb,FirstNumber=934,secondNumber=1546}  added by thread pool-3-thread-6
 message  {Id=18d6b1de-e318-4519-86d8-56358fa68dbb,FirstNumber=934,secondNumber=1546}  written to file by thread pool-3-thread-5
 message  {Id=80f1c55d-b640-4644-ae30-a1c8d94c962c,FirstNumber=751,secondNumber=349}  added by thread pool-3-thread-6
 message  {Id=80f1c55d-b640-4644-ae30-a1c8d94c962c,FirstNumber=751,secondNumber=349}  written to file by thread pool-3-thread-1
 message  {Id=f7cefee5-2458-46ed-a96c-3799cf75a1d0,FirstNumber=139,secondNumber=1155}  added by thread pool-3-thread-6
 message  {Id=f7cefee5-2458-46ed-a96c-3799cf75a1d0,FirstNumber=139,secondNumber=1155}  written to file by thread pool-3-thread-4
 message  {Id=774b618d-22d7-488a-9d7f-aaf044746749,FirstNumber=540,secondNumber=473}  added by thread pool-3-thread-6
 message  {Id=774b618d-22d7-488a-9d7f-aaf044746749,FirstNumber=540,secondNumber=473}  written to file by thread pool-3-thread-4
 message  {Id=598e9a90-b48d-4323-bb42-289943a1cd69,FirstNumber=597,secondNumber=542}  added by thread pool-3-thread-6
 message  {Id=598e9a90-b48d-4323-bb42-289943a1cd69,FirstNumber=597,secondNumber=542}  written to file by thread pool-3-thread-2
 message  {Id=179cb0b7-240b-4001-bb3b-d6c8b86a3398,FirstNumber=521,secondNumber=1896}  added by thread pool-3-thread-6
 message  {Id=179cb0b7-240b-4001-bb3b-d6c8b86a3398,FirstNumber=521,secondNumber=1896}  written to file by thread pool-3-thread-5
 message  {Id=2f8e17f1-90c7-4a84-8898-a987062d250b,FirstNumber=517,secondNumber=732}  added by thread pool-3-thread-6
 message  {Id=2f8e17f1-90c7-4a84-8898-a987062d250b,FirstNumber=517,secondNumber=732}  written to file by thread pool-3-thread-1
 message  {Id=281d030c-e4a7-4ffc-af97-43263a8c6380,FirstNumber=716,secondNumber=1101}  added by thread pool-3-thread-6
 message  {Id=281d030c-e4a7-4ffc-af97-43263a8c6380,FirstNumber=716,secondNumber=1101}  written to file by thread pool-3-thread-1
 message  {Id=57ccb56b-856d-43ac-8902-d983422a07df,FirstNumber=801,secondNumber=959}  added by thread pool-3-thread-6
 message  {Id=57ccb56b-856d-43ac-8902-d983422a07df,FirstNumber=801,secondNumber=959}  written to file by thread pool-3-thread-4
 message  {Id=72c116bc-a4c6-4373-beee-0b79fa9dd97c,FirstNumber=330,secondNumber=765}  added by thread pool-3-thread-6
 message  {Id=72c116bc-a4c6-4373-beee-0b79fa9dd97c,FirstNumber=330,secondNumber=765}  written to file by thread pool-3-thread-2
 message  {Id=4c3e0523-ac52-4029-abde-3efc080935b3,FirstNumber=69,secondNumber=1073}  added by thread pool-3-thread-6
 message  {Id=4c3e0523-ac52-4029-abde-3efc080935b3,FirstNumber=69,secondNumber=1073}  written to file by thread pool-3-thread-5
 message  {Id=80e7c6a0-9228-4a34-a94e-ab4371fde5d4,FirstNumber=401,secondNumber=1163}  added by thread pool-3-thread-6
 message  {Id=80e7c6a0-9228-4a34-a94e-ab4371fde5d4,FirstNumber=401,secondNumber=1163}  written to file by thread pool-3-thread-3
 message  {Id=3741e63c-47e0-4f39-9181-a9ed90dd8fd5,FirstNumber=513,secondNumber=1859}  added by thread pool-3-thread-6
 message  {Id=3741e63c-47e0-4f39-9181-a9ed90dd8fd5,FirstNumber=513,secondNumber=1859}  written to file by thread pool-3-thread-3
 message  {Id=84ac35e3-df03-4635-b9b2-422fd0f3d586,FirstNumber=336,secondNumber=1314}  added by thread pool-3-thread-6
 message  {Id=84ac35e3-df03-4635-b9b2-422fd0f3d586,FirstNumber=336,secondNumber=1314}  written to file by thread pool-3-thread-4
 message  {Id=1cd97af6-4c8c-4992-ab94-d796478c30a1,FirstNumber=569,secondNumber=556}  added by thread pool-3-thread-6
 message  {Id=1cd97af6-4c8c-4992-ab94-d796478c30a1,FirstNumber=569,secondNumber=556}  written to file by thread pool-3-thread-4
 message  {Id=740829f7-df9a-40f8-995e-3919db442d67,FirstNumber=286,secondNumber=1870}  added by thread pool-3-thread-6
 message  {Id=740829f7-df9a-40f8-995e-3919db442d67,FirstNumber=286,secondNumber=1870}  written to file by thread pool-3-thread-5
 message  {Id=5c8bb760-bd3f-46e7-9d6d-9f0c766745f1,FirstNumber=833,secondNumber=1704}  added by thread pool-3-thread-6
 message  {Id=5c8bb760-bd3f-46e7-9d6d-9f0c766745f1,FirstNumber=833,secondNumber=1704}  written to file by thread pool-3-thread-1
 message  {Id=217617b3-5b9c-408f-ab05-614b2f3055d1,FirstNumber=486,secondNumber=746}  added by thread pool-3-thread-6
 message  {Id=217617b3-5b9c-408f-ab05-614b2f3055d1,FirstNumber=486,secondNumber=746}  written to file by thread pool-3-thread-1
 message  {Id=2b5f7c5c-331a-4cef-bafe-e1f5f8ef6de8,FirstNumber=849,secondNumber=0}  added by thread pool-3-thread-6
 message  {Id=2b5f7c5c-331a-4cef-bafe-e1f5f8ef6de8,FirstNumber=849,secondNumber=0}  written to file by thread pool-3-thread-2
 message  {Id=b25938ea-ffec-47d2-af72-af06a2b4efef,FirstNumber=30,secondNumber=1595}  added by thread pool-3-thread-6
 message  {Id=b25938ea-ffec-47d2-af72-af06a2b4efef,FirstNumber=30,secondNumber=1595}  written to file by thread pool-3-thread-4
 message  {Id=85016c64-6713-4ae8-aa8c-de7da93a993a,FirstNumber=430,secondNumber=236}  added by thread pool-3-thread-6
 message  {Id=85016c64-6713-4ae8-aa8c-de7da93a993a,FirstNumber=430,secondNumber=236}  written to file by thread pool-3-thread-4
 message  {Id=204a0db0-af88-4242-b3c1-ade07c474346,FirstNumber=700,secondNumber=459}  added by thread pool-3-thread-6
 message  {Id=204a0db0-af88-4242-b3c1-ade07c474346,FirstNumber=700,secondNumber=459}  written to file by thread pool-3-thread-4
 message  {Id=c40d1fd5-fc86-4a85-978a-cdbeac090c8e,FirstNumber=421,secondNumber=589}  added by thread pool-3-thread-6
 message  {Id=c40d1fd5-fc86-4a85-978a-cdbeac090c8e,FirstNumber=421,secondNumber=589}  written to file by thread pool-3-thread-1
 message  {Id=2d613fe6-e7e3-4741-9cea-6256e99edfc4,FirstNumber=775,secondNumber=1388}  added by thread pool-3-thread-6
 message  {Id=2d613fe6-e7e3-4741-9cea-6256e99edfc4,FirstNumber=775,secondNumber=1388}  written to file by thread pool-3-thread-1
 message  {Id=288e5f80-06a1-4c90-aa80-1fde548f4ea0,FirstNumber=30,secondNumber=18}  added by thread pool-3-thread-6
 message  {Id=288e5f80-06a1-4c90-aa80-1fde548f4ea0,FirstNumber=30,secondNumber=18}  written to file by thread pool-3-thread-5
 message  {Id=26aaa703-23fb-4851-abc4-b2042f2297f0,FirstNumber=90,secondNumber=259}  added by thread pool-3-thread-6
 message  {Id=26aaa703-23fb-4851-abc4-b2042f2297f0,FirstNumber=90,secondNumber=259}  written to file by thread pool-3-thread-3
 message  {Id=c46c69d6-45a8-45b2-9d7b-6e81afe4e19a,FirstNumber=745,secondNumber=1809}  added by thread pool-3-thread-6
 message  {Id=c46c69d6-45a8-45b2-9d7b-6e81afe4e19a,FirstNumber=745,secondNumber=1809}  written to file by thread pool-3-thread-3
 message  {Id=2893a997-7279-43cd-a25d-991e21dd49e0,FirstNumber=563,secondNumber=1348}  added by thread pool-3-thread-6
 message  {Id=2893a997-7279-43cd-a25d-991e21dd49e0,FirstNumber=563,secondNumber=1348}  written to file by thread pool-3-thread-3
 message  {Id=e1baee36-031c-44aa-be9d-c3bfd73a3363,FirstNumber=313,secondNumber=1574}  added by thread pool-3-thread-6
 message  {Id=e1baee36-031c-44aa-be9d-c3bfd73a3363,FirstNumber=313,secondNumber=1574}  written to file by thread pool-3-thread-1
 message  {Id=d957ec25-37ac-44ce-82bc-6a1ca5ec657c,FirstNumber=525,secondNumber=1116}  added by thread pool-3-thread-6
 message  {Id=d957ec25-37ac-44ce-82bc-6a1ca5ec657c,FirstNumber=525,secondNumber=1116}  written to file by thread pool-3-thread-5
 message  {Id=53e132f1-21c7-4632-90dc-d7d7f47f701d,FirstNumber=430,secondNumber=1290}  added by thread pool-3-thread-6
 message  {Id=53e132f1-21c7-4632-90dc-d7d7f47f701d,FirstNumber=430,secondNumber=1290}  written to file by thread pool-3-thread-4
 message  {Id=3e9eb4a2-dbd4-4ac1-826e-c0919bbec6b1,FirstNumber=87,secondNumber=1712}  added by thread pool-3-thread-6
 message  {Id=3e9eb4a2-dbd4-4ac1-826e-c0919bbec6b1,FirstNumber=87,secondNumber=1712}  written to file by thread pool-3-thread-2
 message  {Id=e6d8e872-e235-46ef-a7af-587327c8d617,FirstNumber=219,secondNumber=1085}  added by thread pool-3-thread-6
 message  {Id=e6d8e872-e235-46ef-a7af-587327c8d617,FirstNumber=219,secondNumber=1085}  written to file by thread pool-3-thread-2
 message  {Id=e8172dcb-6a43-419e-9e74-b60a24b7437e,FirstNumber=488,secondNumber=1351}  added by thread pool-3-thread-6
 message  {Id=e8172dcb-6a43-419e-9e74-b60a24b7437e,FirstNumber=488,secondNumber=1351}  written to file by thread pool-3-thread-2
 message  {Id=bc2672e9-6fb8-4020-8b8a-6103bf3497ab,FirstNumber=625,secondNumber=983}  added by thread pool-3-thread-6
 message  {Id=bc2672e9-6fb8-4020-8b8a-6103bf3497ab,FirstNumber=625,secondNumber=983}  written to file by thread pool-3-thread-5
 message  {Id=385a2a4f-1004-4f7f-8b8d-28c241ce35b4,FirstNumber=926,secondNumber=273}  added by thread pool-3-thread-6
 message  {Id=385a2a4f-1004-4f7f-8b8d-28c241ce35b4,FirstNumber=926,secondNumber=273}  written to file by thread pool-3-thread-4
 message  {Id=7836712f-6598-4a44-ae89-bf3047a53ee7,FirstNumber=225,secondNumber=1379}  added by thread pool-3-thread-6
 message  {Id=7836712f-6598-4a44-ae89-bf3047a53ee7,FirstNumber=225,secondNumber=1379}  written to file by thread pool-3-thread-3
 message  {Id=c71b1763-137f-4b18-9788-415bca76107f,FirstNumber=762,secondNumber=1052}  added by thread pool-3-thread-6
 message  {Id=c71b1763-137f-4b18-9788-415bca76107f,FirstNumber=762,secondNumber=1052}  written to file by thread pool-3-thread-3
 message  {Id=68f30c66-9f16-4082-b955-af7e27308d1b,FirstNumber=454,secondNumber=73}  added by thread pool-3-thread-6
 message  {Id=68f30c66-9f16-4082-b955-af7e27308d1b,FirstNumber=454,secondNumber=73}  written to file by thread pool-3-thread-3
 message  {Id=1d4a9dad-a3fd-4f6d-acd7-2dc08b2429bd,FirstNumber=389,secondNumber=288}  added by thread pool-3-thread-6
 message  {Id=1d4a9dad-a3fd-4f6d-acd7-2dc08b2429bd,FirstNumber=389,secondNumber=288}  written to file by thread pool-3-thread-3
 message  {Id=8eead870-fd56-45f5-822c-933939af1f64,FirstNumber=414,secondNumber=240}  added by thread pool-3-thread-6
 message  {Id=8eead870-fd56-45f5-822c-933939af1f64,FirstNumber=414,secondNumber=240}  written to file by thread pool-3-thread-4
 message  {Id=a2098abc-f29b-40e7-966d-350b7b41ad9d,FirstNumber=589,secondNumber=891}  added by thread pool-3-thread-6
 message  {Id=a2098abc-f29b-40e7-966d-350b7b41ad9d,FirstNumber=589,secondNumber=891}  written to file by thread pool-3-thread-1
 message  {Id=0de1d71e-cbd1-452e-9c2a-95b4d4fe62bf,FirstNumber=285,secondNumber=1276}  added by thread pool-3-thread-6
 message  {Id=0de1d71e-cbd1-452e-9c2a-95b4d4fe62bf,FirstNumber=285,secondNumber=1276}  written to file by thread pool-3-thread-2
 message  {Id=bb356cd5-dc70-4daa-bedb-7159d842e352,FirstNumber=763,secondNumber=426}  added by thread pool-3-thread-6
 message  {Id=bb356cd5-dc70-4daa-bedb-7159d842e352,FirstNumber=763,secondNumber=426}  written to file by thread pool-3-thread-2
 message  {Id=6aaf84f0-884e-423a-b519-711f26b4f20d,FirstNumber=44,secondNumber=659}  added by thread pool-3-thread-6
 message  {Id=6aaf84f0-884e-423a-b519-711f26b4f20d,FirstNumber=44,secondNumber=659}  written to file by thread pool-3-thread-3
 message  {Id=794b7ac9-76c5-4a37-8f25-bdded66fb838,FirstNumber=141,secondNumber=1020}  added by thread pool-3-thread-6
 message  {Id=794b7ac9-76c5-4a37-8f25-bdded66fb838,FirstNumber=141,secondNumber=1020}  written to file by thread pool-3-thread-4
 message  {Id=6c52b0e8-64a6-4b05-b2a2-633f08331cd2,FirstNumber=970,secondNumber=184}  added by thread pool-3-thread-6
 message  {Id=6c52b0e8-64a6-4b05-b2a2-633f08331cd2,FirstNumber=970,secondNumber=184}  written to file by thread pool-3-thread-1
 message  {Id=d4bf7ba1-d581-4d0b-a8d3-33b722d93924,FirstNumber=947,secondNumber=754}  added by thread pool-3-thread-6
 message  {Id=d4bf7ba1-d581-4d0b-a8d3-33b722d93924,FirstNumber=947,secondNumber=754}  written to file by thread pool-3-thread-1
 message  {Id=101b3a1c-3aa1-4bd9-ad6e-2afb30f7739c,FirstNumber=578,secondNumber=1138}  added by thread pool-3-thread-6
 message  {Id=101b3a1c-3aa1-4bd9-ad6e-2afb30f7739c,FirstNumber=578,secondNumber=1138}  written to file by thread pool-3-thread-2
 message  {Id=22ef166d-09b8-4e4a-8e30-beb5525ea313,FirstNumber=863,secondNumber=1996}  added by thread pool-3-thread-6
 message  {Id=22ef166d-09b8-4e4a-8e30-beb5525ea313,FirstNumber=863,secondNumber=1996}  written to file by thread pool-3-thread-2
 message  {Id=435a9b01-2fdc-4ecb-99c4-1f6766c01dac,FirstNumber=514,secondNumber=1311}  added by thread pool-3-thread-6
 message  {Id=435a9b01-2fdc-4ecb-99c4-1f6766c01dac,FirstNumber=514,secondNumber=1311}  written to file by thread pool-3-thread-2
 message  {Id=7dd3e305-78a4-4d39-92ec-df1f796d574c,FirstNumber=405,secondNumber=361}  added by thread pool-3-thread-6
 message  {Id=7dd3e305-78a4-4d39-92ec-df1f796d574c,FirstNumber=405,secondNumber=361}  written to file by thread pool-3-thread-5
 message  {Id=c1442b10-0cbf-4cde-acc4-dae3f4a67982,FirstNumber=511,secondNumber=1969}  added by thread pool-3-thread-6
 message  {Id=c1442b10-0cbf-4cde-acc4-dae3f4a67982,FirstNumber=511,secondNumber=1969}  written to file by thread pool-3-thread-1
 message  {Id=fd41cbcc-47bc-4618-9ecb-fc64dcd352ba,FirstNumber=603,secondNumber=648}  added by thread pool-3-thread-6
 message  {Id=fd41cbcc-47bc-4618-9ecb-fc64dcd352ba,FirstNumber=603,secondNumber=648}  written to file by thread pool-3-thread-3
 message  {Id=e0911d85-c68a-4770-b1ed-5d33884c448c,FirstNumber=145,secondNumber=742}  added by thread pool-3-thread-6
 message  {Id=e0911d85-c68a-4770-b1ed-5d33884c448c,FirstNumber=145,secondNumber=742}  written to file by thread pool-3-thread-3
 message  {Id=b54c4cc8-53c2-4b46-b56b-7fb7565409d5,FirstNumber=532,secondNumber=1397}  added by thread pool-3-thread-6
 message  {Id=b54c4cc8-53c2-4b46-b56b-7fb7565409d5,FirstNumber=532,secondNumber=1397}  written to file by thread pool-3-thread-2
 message  {Id=6fdcef5a-9a8f-4154-9de6-7b5364435fbc,FirstNumber=718,secondNumber=37}  added by thread pool-3-thread-6
 message  {Id=6fdcef5a-9a8f-4154-9de6-7b5364435fbc,FirstNumber=718,secondNumber=37}  written to file by thread pool-3-thread-5
 message  {Id=b1acc31f-62a1-4873-8bbe-430758c938b0,FirstNumber=771,secondNumber=495}  added by thread pool-3-thread-6
 message  {Id=b1acc31f-62a1-4873-8bbe-430758c938b0,FirstNumber=771,secondNumber=495}  written to file by thread pool-3-thread-5
 message  {Id=9cb43335-4825-4ceb-a563-fa606cafe90f,FirstNumber=333,secondNumber=1243}  added by thread pool-3-thread-6
 message  {Id=9cb43335-4825-4ceb-a563-fa606cafe90f,FirstNumber=333,secondNumber=1243}  written to file by thread pool-3-thread-4
 message  {Id=b280db82-949b-4c35-a618-e9629813ada9,FirstNumber=657,secondNumber=1518}  added by thread pool-3-thread-6
 message  {Id=b280db82-949b-4c35-a618-e9629813ada9,FirstNumber=657,secondNumber=1518}  written to file by thread pool-3-thread-4
 message  {Id=7a86c773-850b-4bc5-b057-ea374dd8a139,FirstNumber=169,secondNumber=1467}  added by thread pool-3-thread-6
 message  {Id=7a86c773-850b-4bc5-b057-ea374dd8a139,FirstNumber=169,secondNumber=1467}  written to file by thread pool-3-thread-2
 message  {Id=7d47d5eb-ca4c-4291-a121-f80f672f7e70,FirstNumber=789,secondNumber=431}  added by thread pool-3-thread-6
 message  {Id=7d47d5eb-ca4c-4291-a121-f80f672f7e70,FirstNumber=789,secondNumber=431}  written to file by thread pool-3-thread-1
 message  {Id=1328d76f-8e41-42d8-bb9d-c262c8185389,FirstNumber=627,secondNumber=1118}  added by thread pool-3-thread-6
 message  {Id=1328d76f-8e41-42d8-bb9d-c262c8185389,FirstNumber=627,secondNumber=1118}  written to file by thread pool-3-thread-5
 message  {Id=6cd34a92-7606-452f-a514-79aff43e3fd5,FirstNumber=480,secondNumber=922}  added by thread pool-3-thread-6
 message  {Id=6cd34a92-7606-452f-a514-79aff43e3fd5,FirstNumber=480,secondNumber=922}  written to file by thread pool-3-thread-3
 message  {Id=ff4b6e47-a852-4667-b851-522314febc63,FirstNumber=887,secondNumber=214}  added by thread pool-3-thread-6
 message  {Id=ff4b6e47-a852-4667-b851-522314febc63,FirstNumber=887,secondNumber=214}  written to file by thread pool-3-thread-4
 message  {Id=8a93815b-37f3-459d-bdd5-90371c165f88,FirstNumber=116,secondNumber=1314}  added by thread pool-3-thread-6
 message  {Id=8a93815b-37f3-459d-bdd5-90371c165f88,FirstNumber=116,secondNumber=1314}  written to file by thread pool-3-thread-4
 message  {Id=f02595f0-c472-4349-b455-1227aa3f02d6,FirstNumber=565,secondNumber=1149}  added by thread pool-3-thread-6
 message  {Id=f02595f0-c472-4349-b455-1227aa3f02d6,FirstNumber=565,secondNumber=1149}  written to file by thread pool-3-thread-1
 message  {Id=1a46f84f-8537-4272-9500-63d7c62c6f79,FirstNumber=615,secondNumber=669}  added by thread pool-3-thread-6
 message  {Id=1a46f84f-8537-4272-9500-63d7c62c6f79,FirstNumber=615,secondNumber=669}  written to file by thread pool-3-thread-1
 message  {Id=0903962e-a04d-48ce-ade5-37ca4f3b84f5,FirstNumber=266,secondNumber=312}  added by thread pool-3-thread-6
 message  {Id=0903962e-a04d-48ce-ade5-37ca4f3b84f5,FirstNumber=266,secondNumber=312}  written to file by thread pool-3-thread-3
 message  {Id=ef45cff0-e493-417a-b5b3-a126467bb84e,FirstNumber=576,secondNumber=42}  added by thread pool-3-thread-6
 message  {Id=ef45cff0-e493-417a-b5b3-a126467bb84e,FirstNumber=576,secondNumber=42}  written to file by thread pool-3-thread-3
 message  {Id=3bdf9328-181a-49c1-80b0-6019e4f1bc9a,FirstNumber=35,secondNumber=1296}  written to file by thread pool-3-thread-4
 message  {Id=3bdf9328-181a-49c1-80b0-6019e4f1bc9a,FirstNumber=35,secondNumber=1296}  added by thread pool-3-thread-6
 message  {Id=944a331b-de3d-4950-bb62-ab9fb003df5a,FirstNumber=798,secondNumber=490}  added by thread pool-3-thread-6
 message  {Id=944a331b-de3d-4950-bb62-ab9fb003df5a,FirstNumber=798,secondNumber=490}  written to file by thread pool-3-thread-5
 message  {Id=2814bec0-744b-4835-a144-6405b27924ad,FirstNumber=780,secondNumber=605}  added by thread pool-3-thread-6
 message  {Id=2814bec0-744b-4835-a144-6405b27924ad,FirstNumber=780,secondNumber=605}  written to file by thread pool-3-thread-1
 message  {Id=8b1081d7-0945-4600-b4f4-1a573f3d7030,FirstNumber=410,secondNumber=1974}  added by thread pool-3-thread-6
 message  {Id=8b1081d7-0945-4600-b4f4-1a573f3d7030,FirstNumber=410,secondNumber=1974}  written to file by thread pool-3-thread-2
 message  {Id=b3cff926-319c-4a3e-91cc-48f89ec3b716,FirstNumber=398,secondNumber=1330}  added by thread pool-3-thread-6
 message  {Id=b3cff926-319c-4a3e-91cc-48f89ec3b716,FirstNumber=398,secondNumber=1330}  written to file by thread pool-3-thread-3
 message  {Id=589e00a2-9be8-4256-9733-9dfbab92d23b,FirstNumber=649,secondNumber=1970}  added by thread pool-3-thread-6
 message  {Id=589e00a2-9be8-4256-9733-9dfbab92d23b,FirstNumber=649,secondNumber=1970}  written to file by thread pool-3-thread-4
 message  {Id=eef8a504-d60b-4e5a-97b8-b3e0eb2eded0,FirstNumber=537,secondNumber=1437}  added by thread pool-3-thread-6
 message  {Id=eef8a504-d60b-4e5a-97b8-b3e0eb2eded0,FirstNumber=537,secondNumber=1437}  written to file by thread pool-3-thread-5
 message  {Id=e7b6f1f0-1826-4b1c-943b-e85050dda5b9,FirstNumber=655,secondNumber=851}  added by thread pool-3-thread-6
 message  {Id=e7b6f1f0-1826-4b1c-943b-e85050dda5b9,FirstNumber=655,secondNumber=851}  written to file by thread pool-3-thread-1
 message  {Id=4af22e26-e606-4074-a68e-6bc1627c4e13,FirstNumber=225,secondNumber=1225}  added by thread pool-3-thread-6
 message  {Id=4af22e26-e606-4074-a68e-6bc1627c4e13,FirstNumber=225,secondNumber=1225}  written to file by thread pool-3-thread-2
 message  {Id=e30bc568-36ed-46d0-af4e-08dbad7548ac,FirstNumber=885,secondNumber=1557}  added by thread pool-3-thread-6
 message  {Id=e30bc568-36ed-46d0-af4e-08dbad7548ac,FirstNumber=885,secondNumber=1557}  written to file by thread pool-3-thread-2
 message  {Id=2e27a802-8225-492d-867e-b230843bee1a,FirstNumber=951,secondNumber=1961}  added by thread pool-3-thread-6
 message  {Id=2e27a802-8225-492d-867e-b230843bee1a,FirstNumber=951,secondNumber=1961}  written to file by thread pool-3-thread-4
 message  {Id=08fb3e2f-4a4b-4e78-92b8-7019fc42f9bc,FirstNumber=999,secondNumber=660}  added by thread pool-3-thread-6
 message  {Id=08fb3e2f-4a4b-4e78-92b8-7019fc42f9bc,FirstNumber=999,secondNumber=660}  written to file by thread pool-3-thread-4
 message  {Id=6da4044e-03ed-4b02-9a90-828a171b2438,FirstNumber=178,secondNumber=627}  added by thread pool-3-thread-6
 message  {Id=6da4044e-03ed-4b02-9a90-828a171b2438,FirstNumber=178,secondNumber=627}  written to file by thread pool-3-thread-1
 message  {Id=d71afbd7-fe3c-4407-adc1-a8b76d9914b1,FirstNumber=633,secondNumber=1356}  added by thread pool-3-thread-6
 message  {Id=d71afbd7-fe3c-4407-adc1-a8b76d9914b1,FirstNumber=633,secondNumber=1356}  written to file by thread pool-3-thread-1
 message  {Id=c3abb7e3-77bf-4e23-8a4d-efeb517ddd3f,FirstNumber=386,secondNumber=1684}  added by thread pool-3-thread-6
 message  {Id=c3abb7e3-77bf-4e23-8a4d-efeb517ddd3f,FirstNumber=386,secondNumber=1684}  written to file by thread pool-3-thread-2
 message  {Id=295f29b1-b4aa-40de-804d-171bccd28ee6,FirstNumber=354,secondNumber=682}  added by thread pool-3-thread-6
 message  {Id=295f29b1-b4aa-40de-804d-171bccd28ee6,FirstNumber=354,secondNumber=682}  written to file by thread pool-3-thread-5
 message  {Id=9d8ca108-d945-40ac-b063-6021eab69c96,FirstNumber=558,secondNumber=745}  added by thread pool-3-thread-6
 message  {Id=9d8ca108-d945-40ac-b063-6021eab69c96,FirstNumber=558,secondNumber=745}  written to file by thread pool-3-thread-4
 message  {Id=eb9eb5e4-bcce-47de-92cd-38ad4318729a,FirstNumber=266,secondNumber=173}  added by thread pool-3-thread-6
 message  {Id=eb9eb5e4-bcce-47de-92cd-38ad4318729a,FirstNumber=266,secondNumber=173}  written to file by thread pool-3-thread-4
 message  {Id=e373c9b8-10ca-466c-98f6-1ce8178313df,FirstNumber=84,secondNumber=896}  added by thread pool-3-thread-6
 message  {Id=e373c9b8-10ca-466c-98f6-1ce8178313df,FirstNumber=84,secondNumber=896}  written to file by thread pool-3-thread-1
 message  {Id=f8ed3e11-d02e-4643-92db-2a7e42b050dc,FirstNumber=99,secondNumber=690}  added by thread pool-3-thread-6
 message  {Id=f8ed3e11-d02e-4643-92db-2a7e42b050dc,FirstNumber=99,secondNumber=690}  written to file by thread pool-3-thread-1
 message  {Id=15ebfc9d-2e88-46e3-9c6a-0a15067cb293,FirstNumber=826,secondNumber=1964}  added by thread pool-3-thread-6
 message  {Id=15ebfc9d-2e88-46e3-9c6a-0a15067cb293,FirstNumber=826,secondNumber=1964}  written to file by thread pool-3-thread-5
 message  {Id=abe48b92-66fc-4271-8024-896cbc8c7d2d,FirstNumber=655,secondNumber=944}  added by thread pool-3-thread-6
 message  {Id=abe48b92-66fc-4271-8024-896cbc8c7d2d,FirstNumber=655,secondNumber=944}  written to file by thread pool-3-thread-5
 message  {Id=8fdc3c3a-0f97-45c2-b6e8-6205047719e5,FirstNumber=100,secondNumber=493}  added by thread pool-3-thread-6
 message  {Id=8fdc3c3a-0f97-45c2-b6e8-6205047719e5,FirstNumber=100,secondNumber=493}  written to file by thread pool-3-thread-4
 message  {Id=f5dc03dc-d303-4dbf-96ac-a17fa338827a,FirstNumber=632,secondNumber=172}  added by thread pool-3-thread-6
 message  {Id=f5dc03dc-d303-4dbf-96ac-a17fa338827a,FirstNumber=632,secondNumber=172}  written to file by thread pool-3-thread-4
 message  {Id=27b2af72-5fcf-4fe8-87dc-abb61c6a5b1a,FirstNumber=946,secondNumber=147}  added by thread pool-3-thread-6
 message  {Id=27b2af72-5fcf-4fe8-87dc-abb61c6a5b1a,FirstNumber=946,secondNumber=147}  written to file by thread pool-3-thread-1
 message  {Id=0e657bd0-6650-488b-b74b-edc3e01e4767,FirstNumber=326,secondNumber=324}  added by thread pool-3-thread-6
 message  {Id=0e657bd0-6650-488b-b74b-edc3e01e4767,FirstNumber=326,secondNumber=324}  written to file by thread pool-3-thread-1
 message  {Id=f39eda57-01cf-43aa-8ff2-b80308d62854,FirstNumber=29,secondNumber=1391}  added by thread pool-3-thread-6
 message  {Id=f39eda57-01cf-43aa-8ff2-b80308d62854,FirstNumber=29,secondNumber=1391}  written to file by thread pool-3-thread-5
 message  {Id=7b0a7751-a909-4aa9-9567-47416f2085b6,FirstNumber=739,secondNumber=603}  added by thread pool-3-thread-6
 message  {Id=7b0a7751-a909-4aa9-9567-47416f2085b6,FirstNumber=739,secondNumber=603}  written to file by thread pool-3-thread-5
 message  {Id=1c07e58f-b4fe-4a14-bb1d-1a9957010974,FirstNumber=385,secondNumber=1876}  added by thread pool-3-thread-6
 message  {Id=1c07e58f-b4fe-4a14-bb1d-1a9957010974,FirstNumber=385,secondNumber=1876}  written to file by thread pool-3-thread-4
 message  {Id=1648feb5-94e9-42dd-a6a9-a3f887194ea3,FirstNumber=396,secondNumber=836}  added by thread pool-3-thread-6
 message  {Id=1648feb5-94e9-42dd-a6a9-a3f887194ea3,FirstNumber=396,secondNumber=836}  written to file by thread pool-3-thread-4
 message  {Id=e6494f1b-d77f-41d3-a8f5-fd28be59d329,FirstNumber=202,secondNumber=684}  added by thread pool-3-thread-6
 message  {Id=e6494f1b-d77f-41d3-a8f5-fd28be59d329,FirstNumber=202,secondNumber=684}  written to file by thread pool-3-thread-1
 message  {Id=1960b93d-5e6f-4205-b14e-1b5264376d5d,FirstNumber=61,secondNumber=552}  added by thread pool-3-thread-6
 message  {Id=1960b93d-5e6f-4205-b14e-1b5264376d5d,FirstNumber=61,secondNumber=552}  written to file by thread pool-3-thread-1
 message  {Id=418f19d0-0b80-4ee5-8daa-a86c65283656,FirstNumber=883,secondNumber=177}  added by thread pool-3-thread-6
 message  {Id=418f19d0-0b80-4ee5-8daa-a86c65283656,FirstNumber=883,secondNumber=177}  written to file by thread pool-3-thread-1
 message  {Id=0e5d22e8-78d1-4677-acdb-f15fb304bf4c,FirstNumber=701,secondNumber=984}  added by thread pool-3-thread-6
 message  {Id=0e5d22e8-78d1-4677-acdb-f15fb304bf4c,FirstNumber=701,secondNumber=984}  written to file by thread pool-3-thread-3
 message  {Id=c134f1ee-04b6-49fe-8454-0a8e71f75425,FirstNumber=350,secondNumber=196}  added by thread pool-3-thread-6
 message  {Id=c134f1ee-04b6-49fe-8454-0a8e71f75425,FirstNumber=350,secondNumber=196}  written to file by thread pool-3-thread-3
 message  {Id=0ab06131-c7bb-405c-a846-1af89a86440c,FirstNumber=157,secondNumber=652}  added by thread pool-3-thread-6
 message  {Id=0ab06131-c7bb-405c-a846-1af89a86440c,FirstNumber=157,secondNumber=652}  written to file by thread pool-3-thread-3
 message  {Id=a68e7dc5-abb0-438b-a972-93ffdf1e783f,FirstNumber=918,secondNumber=31}  added by thread pool-3-thread-6
 message  {Id=a68e7dc5-abb0-438b-a972-93ffdf1e783f,FirstNumber=918,secondNumber=31}  written to file by thread pool-3-thread-5
 message  {Id=abe896f5-d85d-4236-a2f9-fc96a55ddbc4,FirstNumber=63,secondNumber=308}  added by thread pool-3-thread-6
 message  {Id=abe896f5-d85d-4236-a2f9-fc96a55ddbc4,FirstNumber=63,secondNumber=308}  written to file by thread pool-3-thread-1
 message  {Id=3a4dc9a3-8536-453d-a2b3-bba6dafe3df0,FirstNumber=350,secondNumber=903}  added by thread pool-3-thread-6
 message  {Id=3a4dc9a3-8536-453d-a2b3-bba6dafe3df0,FirstNumber=350,secondNumber=903}  written to file by thread pool-3-thread-4
 message  {Id=7e90b688-0ca7-4384-8443-2262ccc22b7d,FirstNumber=44,secondNumber=1674}  added by thread pool-3-thread-6
 message  {Id=7e90b688-0ca7-4384-8443-2262ccc22b7d,FirstNumber=44,secondNumber=1674}  written to file by thread pool-3-thread-4
 message  {Id=eed4672d-7da6-4144-a1b5-bfe1d9a5256d,FirstNumber=885,secondNumber=1165}  added by thread pool-3-thread-6
 message  {Id=eed4672d-7da6-4144-a1b5-bfe1d9a5256d,FirstNumber=885,secondNumber=1165}  written to file by thread pool-3-thread-3
 message  {Id=a1fac5f2-0f38-4b5b-b7e2-529c50c6f0f5,FirstNumber=689,secondNumber=39}  added by thread pool-3-thread-6
 message  {Id=b741871a-e3c8-4a2e-a4b4-683446bed8d6,FirstNumber=764,secondNumber=1207}  added by thread pool-3-thread-6
 message  {Id=a1fac5f2-0f38-4b5b-b7e2-529c50c6f0f5,FirstNumber=689,secondNumber=39}  written to file by thread pool-3-thread-5
 message  {Id=b741871a-e3c8-4a2e-a4b4-683446bed8d6,FirstNumber=764,secondNumber=1207}  written to file by thread pool-3-thread-1
 message  {Id=0a0d16b5-4859-431e-a194-fe9e259e04f3,FirstNumber=566,secondNumber=1609}  added by thread pool-3-thread-6
 message  {Id=0a0d16b5-4859-431e-a194-fe9e259e04f3,FirstNumber=566,secondNumber=1609}  written to file by thread pool-3-thread-2
 message  {Id=7b40a7fa-2a0c-43a7-99aa-a274331ac350,FirstNumber=758,secondNumber=905}  added by thread pool-3-thread-6
 message  {Id=7b40a7fa-2a0c-43a7-99aa-a274331ac350,FirstNumber=758,secondNumber=905}  written to file by thread pool-3-thread-4
 message  {Id=a51d072a-fb19-453e-9c1e-d11a6750d74e,FirstNumber=696,secondNumber=639}  added by thread pool-3-thread-6
 message  {Id=a51d072a-fb19-453e-9c1e-d11a6750d74e,FirstNumber=696,secondNumber=639}  written to file by thread pool-3-thread-4
 message  {Id=9bf91120-8963-480a-b0b8-a5758ab64144,FirstNumber=89,secondNumber=1279}  added by thread pool-3-thread-6
 message  {Id=9bf91120-8963-480a-b0b8-a5758ab64144,FirstNumber=89,secondNumber=1279}  written to file by thread pool-3-thread-4
 message  {Id=4da1a4fd-48f4-4d70-9207-820788a6db91,FirstNumber=716,secondNumber=1485}  added by thread pool-3-thread-6
 message  {Id=4da1a4fd-48f4-4d70-9207-820788a6db91,FirstNumber=716,secondNumber=1485}  written to file by thread pool-3-thread-1
 message  {Id=c693fb04-af71-41c6-9dbd-4d326a647d10,FirstNumber=112,secondNumber=61}  added by thread pool-3-thread-6
 message  {Id=c693fb04-af71-41c6-9dbd-4d326a647d10,FirstNumber=112,secondNumber=61}  written to file by thread pool-3-thread-2
 message  {Id=49304715-794c-4c78-a5d4-9e816c92b282,FirstNumber=797,secondNumber=379}  added by thread pool-3-thread-6
 message  {Id=49304715-794c-4c78-a5d4-9e816c92b282,FirstNumber=797,secondNumber=379}  written to file by thread pool-3-thread-3
 message  {Id=956a88dc-48e2-4704-ac44-b6065ac1781e,FirstNumber=437,secondNumber=1542}  added by thread pool-3-thread-6
 message  {Id=956a88dc-48e2-4704-ac44-b6065ac1781e,FirstNumber=437,secondNumber=1542}  written to file by thread pool-3-thread-3
 message  {Id=19cd13f2-3845-4b65-afdd-da539dbb3720,FirstNumber=863,secondNumber=1200}  added by thread pool-3-thread-6
 message  {Id=19cd13f2-3845-4b65-afdd-da539dbb3720,FirstNumber=863,secondNumber=1200}  written to file by thread pool-3-thread-4
 message  {Id=260973f9-3564-45be-8cb9-f17d29acf0ac,FirstNumber=831,secondNumber=883}  added by thread pool-3-thread-6
 message  {Id=260973f9-3564-45be-8cb9-f17d29acf0ac,FirstNumber=831,secondNumber=883}  written to file by thread pool-3-thread-4
 message  {Id=975aa0ba-5892-450d-9bae-86ada0ff6176,FirstNumber=821,secondNumber=799}  added by thread pool-3-thread-6
 message  {Id=975aa0ba-5892-450d-9bae-86ada0ff6176,FirstNumber=821,secondNumber=799}  written to file by thread pool-3-thread-2
 message  {Id=2bdd407a-6cd4-4b22-8a64-596fc9bda70a,FirstNumber=143,secondNumber=1239}  added by thread pool-3-thread-6
 message  {Id=2bdd407a-6cd4-4b22-8a64-596fc9bda70a,FirstNumber=143,secondNumber=1239}  written to file by thread pool-3-thread-5
 message  {Id=b62bb2c8-e7bd-4b83-af20-bbc26bc0384b,FirstNumber=150,secondNumber=1345}  added by thread pool-3-thread-6
 message  {Id=b62bb2c8-e7bd-4b83-af20-bbc26bc0384b,FirstNumber=150,secondNumber=1345}  written to file by thread pool-3-thread-3
 message  {Id=218bf071-cdc2-40b3-b05e-302cb4bd6a6c,FirstNumber=361,secondNumber=1167}  added by thread pool-3-thread-6
 message  {Id=218bf071-cdc2-40b3-b05e-302cb4bd6a6c,FirstNumber=361,secondNumber=1167}  written to file by thread pool-3-thread-1
 message  {Id=f9aa79c5-61dd-42a7-87d3-cd874c56e6a5,FirstNumber=277,secondNumber=1003}  added by thread pool-3-thread-6
 message  {Id=f9aa79c5-61dd-42a7-87d3-cd874c56e6a5,FirstNumber=277,secondNumber=1003}  written to file by thread pool-3-thread-4
 message  {Id=ebd3684f-9f83-470f-8a54-1bdfa54279c0,FirstNumber=383,secondNumber=1583}  added by thread pool-3-thread-6
 message  {Id=ebd3684f-9f83-470f-8a54-1bdfa54279c0,FirstNumber=383,secondNumber=1583}  written to file by thread pool-3-thread-2
 message  {Id=b575e053-c8b3-4c37-93ac-99265006314c,FirstNumber=753,secondNumber=1429}  added by thread pool-3-thread-6
 message  {Id=b575e053-c8b3-4c37-93ac-99265006314c,FirstNumber=753,secondNumber=1429}  written to file by thread pool-3-thread-2
 message  {Id=eb3690b3-d919-461d-82ea-d0b8b1d38bd8,FirstNumber=962,secondNumber=518}  added by thread pool-3-thread-6
 message  {Id=eb3690b3-d919-461d-82ea-d0b8b1d38bd8,FirstNumber=962,secondNumber=518}  written to file by thread pool-3-thread-3
 message  {Id=c0dc1ee9-93f8-4fd1-bd47-6a4300743cb8,FirstNumber=456,secondNumber=377}  added by thread pool-3-thread-6
 message  {Id=c0dc1ee9-93f8-4fd1-bd47-6a4300743cb8,FirstNumber=456,secondNumber=377}  written to file by thread pool-3-thread-1
 message  {Id=1b5082c2-41b2-4abe-a1fc-e7441af3dc02,FirstNumber=926,secondNumber=1200}  added by thread pool-3-thread-6
 message  {Id=1b5082c2-41b2-4abe-a1fc-e7441af3dc02,FirstNumber=926,secondNumber=1200}  written to file by thread pool-3-thread-4
 message  {Id=0acc8ee2-6499-4d72-8fa1-ce7fb23de3c8,FirstNumber=541,secondNumber=1990}  added by thread pool-3-thread-6
 message  {Id=0acc8ee2-6499-4d72-8fa1-ce7fb23de3c8,FirstNumber=541,secondNumber=1990}  written to file by thread pool-3-thread-5
 message  {Id=06860a14-159a-432b-882a-1c50aad01c24,FirstNumber=442,secondNumber=322}  added by thread pool-3-thread-6
 message  {Id=06860a14-159a-432b-882a-1c50aad01c24,FirstNumber=442,secondNumber=322}  written to file by thread pool-3-thread-2
 message  {Id=1e0f817b-3b54-404e-8d20-eafb5154b501,FirstNumber=781,secondNumber=1774}  added by thread pool-3-thread-6
 message  {Id=1e0f817b-3b54-404e-8d20-eafb5154b501,FirstNumber=781,secondNumber=1774}  written to file by thread pool-3-thread-2
 message  {Id=84134f1f-7d31-4068-b8da-c0dc08e76172,FirstNumber=526,secondNumber=155}  added by thread pool-3-thread-6
 message  {Id=84134f1f-7d31-4068-b8da-c0dc08e76172,FirstNumber=526,secondNumber=155}  written to file by thread pool-3-thread-2
 message  {Id=6f182905-9534-4f13-807a-933aa281ab01,FirstNumber=366,secondNumber=64}  added by thread pool-3-thread-6
 message  {Id=6f182905-9534-4f13-807a-933aa281ab01,FirstNumber=366,secondNumber=64}  written to file by thread pool-3-thread-4
 message  {Id=7a087c08-9b9f-4a35-9f63-f6562f14bf05,FirstNumber=9,secondNumber=1062}  added by thread pool-3-thread-6
 message  {Id=7a087c08-9b9f-4a35-9f63-f6562f14bf05,FirstNumber=9,secondNumber=1062}  written to file by thread pool-3-thread-5
 message  {Id=a3bd5fa4-d463-461c-ac60-47d854b07ef9,FirstNumber=479,secondNumber=1980}  added by thread pool-3-thread-6
 message  {Id=a3bd5fa4-d463-461c-ac60-47d854b07ef9,FirstNumber=479,secondNumber=1980}  written to file by thread pool-3-thread-5
 message  {Id=799e846c-e5d4-4152-b399-ca9315ab9227,FirstNumber=22,secondNumber=424}  added by thread pool-3-thread-6
 message  {Id=799e846c-e5d4-4152-b399-ca9315ab9227,FirstNumber=22,secondNumber=424}  written to file by thread pool-3-thread-1
 message  {Id=aa0dc1cf-f769-4a97-ab91-9da69ff9c7b3,FirstNumber=615,secondNumber=838}  added by thread pool-3-thread-6
 message  {Id=aa0dc1cf-f769-4a97-ab91-9da69ff9c7b3,FirstNumber=615,secondNumber=838}  written to file by thread pool-3-thread-1
 message  {Id=48c972ee-fbf0-422f-8e90-e195113fa658,FirstNumber=321,secondNumber=1239}  added by thread pool-3-thread-6
 message  {Id=48c972ee-fbf0-422f-8e90-e195113fa658,FirstNumber=321,secondNumber=1239}  written to file by thread pool-3-thread-4
 message  {Id=707cb6bb-1871-498d-bfae-9a00388149f9,FirstNumber=983,secondNumber=1283}  added by thread pool-3-thread-6
 message  {Id=707cb6bb-1871-498d-bfae-9a00388149f9,FirstNumber=983,secondNumber=1283}  written to file by thread pool-3-thread-4
 message  {Id=8ff5caab-4d51-47a1-9f0e-39c5ddbd33c1,FirstNumber=276,secondNumber=1090}  added by thread pool-3-thread-6
 message  {Id=8ff5caab-4d51-47a1-9f0e-39c5ddbd33c1,FirstNumber=276,secondNumber=1090}  written to file by thread pool-3-thread-5
 message  {Id=814a968d-46c4-4387-b491-87f32ce8b5b0,FirstNumber=560,secondNumber=385}  added by thread pool-3-thread-6
 message  {Id=814a968d-46c4-4387-b491-87f32ce8b5b0,FirstNumber=560,secondNumber=385}  written to file by thread pool-3-thread-5
 message  {Id=f6226b7a-4367-443f-8f2f-c0d18936855d,FirstNumber=733,secondNumber=1634}  added by thread pool-3-thread-6
 message  {Id=f6226b7a-4367-443f-8f2f-c0d18936855d,FirstNumber=733,secondNumber=1634}  written to file by thread pool-3-thread-1
 message  {Id=7781b606-ad3b-467b-8def-c0228ea4ae0d,FirstNumber=805,secondNumber=245}  added by thread pool-3-thread-6
 message  {Id=7781b606-ad3b-467b-8def-c0228ea4ae0d,FirstNumber=805,secondNumber=245}  written to file by thread pool-3-thread-1
 message  {Id=b6555517-f554-4a0b-8a0a-6a965feef5fe,FirstNumber=560,secondNumber=590}  added by thread pool-3-thread-6
 message  {Id=b6555517-f554-4a0b-8a0a-6a965feef5fe,FirstNumber=560,secondNumber=590}  written to file by thread pool-3-thread-4
 message  {Id=6d5825fc-abe8-4915-8cdb-f4536d3d5ca0,FirstNumber=782,secondNumber=577}  added by thread pool-3-thread-6
 message  {Id=6d5825fc-abe8-4915-8cdb-f4536d3d5ca0,FirstNumber=782,secondNumber=577}  written to file by thread pool-3-thread-2
 message  {Id=7bf3fb59-f53e-4b85-8ba1-0942f4c10688,FirstNumber=661,secondNumber=780}  added by thread pool-3-thread-6
 message  {Id=7bf3fb59-f53e-4b85-8ba1-0942f4c10688,FirstNumber=661,secondNumber=780}  written to file by thread pool-3-thread-5
 message  {Id=c6d55b56-2bda-4843-ad8f-8b91ade8605d,FirstNumber=580,secondNumber=311}  added by thread pool-3-thread-6
 message  {Id=c6d55b56-2bda-4843-ad8f-8b91ade8605d,FirstNumber=580,secondNumber=311}  written to file by thread pool-3-thread-5
 message  {Id=ea3703ba-b229-4ad5-b361-2872eb752355,FirstNumber=515,secondNumber=448}  added by thread pool-3-thread-6
 message  {Id=ea3703ba-b229-4ad5-b361-2872eb752355,FirstNumber=515,secondNumber=448}  written to file by thread pool-3-thread-1
 message  {Id=450caaba-bf78-4c17-8e16-2759669a97dc,FirstNumber=200,secondNumber=748}  added by thread pool-3-thread-6
 message  {Id=450caaba-bf78-4c17-8e16-2759669a97dc,FirstNumber=200,secondNumber=748}  written to file by thread pool-3-thread-1
 message  {Id=1a5b74b4-7d0b-4eeb-ad94-16d94097fdef,FirstNumber=106,secondNumber=641}  added by thread pool-3-thread-6
 message  {Id=1a5b74b4-7d0b-4eeb-ad94-16d94097fdef,FirstNumber=106,secondNumber=641}  written to file by thread pool-3-thread-2
 message  {Id=eb6585ba-3ece-4d36-a1cc-294aef25b6cc,FirstNumber=906,secondNumber=1546}  added by thread pool-3-thread-6
 message  {Id=eb6585ba-3ece-4d36-a1cc-294aef25b6cc,FirstNumber=906,secondNumber=1546}  written to file by thread pool-3-thread-3
 message  {Id=7759bbf8-23fa-4d7a-9f8a-57ec7f352b6f,FirstNumber=793,secondNumber=1651}  added by thread pool-3-thread-6
 message  {Id=7759bbf8-23fa-4d7a-9f8a-57ec7f352b6f,FirstNumber=793,secondNumber=1651}  written to file by thread pool-3-thread-5
 message  {Id=06092f57-3736-4969-b482-e0006f29ccf0,FirstNumber=64,secondNumber=465}  added by thread pool-3-thread-6
 message  {Id=06092f57-3736-4969-b482-e0006f29ccf0,FirstNumber=64,secondNumber=465}  written to file by thread pool-3-thread-5
 message  {Id=0f42b303-14a3-4eb7-9e48-5038b337a980,FirstNumber=371,secondNumber=1113}  added by thread pool-3-thread-6
 message  {Id=0f42b303-14a3-4eb7-9e48-5038b337a980,FirstNumber=371,secondNumber=1113}  written to file by thread pool-3-thread-1
 message  {Id=e489f1fd-e13a-4af8-917a-0b04607b1922,FirstNumber=266,secondNumber=766}  added by thread pool-3-thread-6
 message  {Id=e489f1fd-e13a-4af8-917a-0b04607b1922,FirstNumber=266,secondNumber=766}  written to file by thread pool-3-thread-1
 message  {Id=6703fcc7-8d28-4e1b-b9c4-eec00fb3fd3d,FirstNumber=439,secondNumber=295}  added by thread pool-3-thread-6
 message  {Id=6703fcc7-8d28-4e1b-b9c4-eec00fb3fd3d,FirstNumber=439,secondNumber=295}  written to file by thread pool-3-thread-3
 message  {Id=c80cc952-316c-4f3f-98db-b72fb5afdeff,FirstNumber=481,secondNumber=812}  added by thread pool-3-thread-6
 message  {Id=c80cc952-316c-4f3f-98db-b72fb5afdeff,FirstNumber=481,secondNumber=812}  written to file by thread pool-3-thread-3
 message  {Id=6f15bb89-b5d8-4fa8-9c79-4dae4e3cae46,FirstNumber=732,secondNumber=394}  added by thread pool-3-thread-6
 message  {Id=6f15bb89-b5d8-4fa8-9c79-4dae4e3cae46,FirstNumber=732,secondNumber=394}  written to file by thread pool-3-thread-5
 message  {Id=3ef68392-53b9-4c1e-b1b5-960942b4fee4,FirstNumber=312,secondNumber=413}  added by thread pool-3-thread-6
 message  {Id=3ef68392-53b9-4c1e-b1b5-960942b4fee4,FirstNumber=312,secondNumber=413}  written to file by thread pool-3-thread-5
 message  {Id=832ceb6d-7f9a-47b0-9c09-86bb65a1925a,FirstNumber=113,secondNumber=1045}  added by thread pool-3-thread-6
 message  {Id=832ceb6d-7f9a-47b0-9c09-86bb65a1925a,FirstNumber=113,secondNumber=1045}  written to file by thread pool-3-thread-1
 message  {Id=063c6580-bb09-4869-9be9-07b44a12f956,FirstNumber=281,secondNumber=1796}  added by thread pool-3-thread-6
 message  {Id=063c6580-bb09-4869-9be9-07b44a12f956,FirstNumber=281,secondNumber=1796}  written to file by thread pool-3-thread-1
 message  {Id=6839c6d1-9e06-4791-aad4-72a18b0fd488,FirstNumber=39,secondNumber=209}  added by thread pool-3-thread-6
 message  {Id=6839c6d1-9e06-4791-aad4-72a18b0fd488,FirstNumber=39,secondNumber=209}  written to file by thread pool-3-thread-3
 message  {Id=b03a0f9a-7e7c-4266-8ad7-aab8509d8d87,FirstNumber=59,secondNumber=564}  added by thread pool-3-thread-6
 message  {Id=b03a0f9a-7e7c-4266-8ad7-aab8509d8d87,FirstNumber=59,secondNumber=564}  written to file by thread pool-3-thread-3
 message  {Id=68baa741-3c8f-454f-8a6e-8aed3252ea9f,FirstNumber=95,secondNumber=973}  added by thread pool-3-thread-6
 message  {Id=68baa741-3c8f-454f-8a6e-8aed3252ea9f,FirstNumber=95,secondNumber=973}  written to file by thread pool-3-thread-5
 message  {Id=d7f32446-eb0a-48bf-afac-8e22e29ee11c,FirstNumber=15,secondNumber=556}  added by thread pool-3-thread-6
 message  {Id=d7f32446-eb0a-48bf-afac-8e22e29ee11c,FirstNumber=15,secondNumber=556}  written to file by thread pool-3-thread-5
 message  {Id=ee2e72f8-f471-4d94-805b-f1433728f38f,FirstNumber=67,secondNumber=783}  added by thread pool-3-thread-6
 message  {Id=ee2e72f8-f471-4d94-805b-f1433728f38f,FirstNumber=67,secondNumber=783}  written to file by thread pool-3-thread-1
 message  {Id=e53f6f73-4a2a-4ca8-9a9a-238c3cc42230,FirstNumber=825,secondNumber=883}  added by thread pool-3-thread-6
 message  {Id=e53f6f73-4a2a-4ca8-9a9a-238c3cc42230,FirstNumber=825,secondNumber=883}  written to file by thread pool-3-thread-1
 message  {Id=54cdc069-1e35-4f4b-85e0-a512cab96df2,FirstNumber=951,secondNumber=1099}  added by thread pool-3-thread-6
 message  {Id=54cdc069-1e35-4f4b-85e0-a512cab96df2,FirstNumber=951,secondNumber=1099}  written to file by thread pool-3-thread-3
 message  {Id=99bec1a7-dc17-4f00-a163-999f7b18e22e,FirstNumber=641,secondNumber=751}  added by thread pool-3-thread-6
 message  {Id=99bec1a7-dc17-4f00-a163-999f7b18e22e,FirstNumber=641,secondNumber=751}  written to file by thread pool-3-thread-4
 message  {Id=30878d9c-eea2-4171-acc4-881b27169330,FirstNumber=72,secondNumber=1100}  added by thread pool-3-thread-6
 message  {Id=30878d9c-eea2-4171-acc4-881b27169330,FirstNumber=72,secondNumber=1100}  written to file by thread pool-3-thread-5
 message  {Id=d671cb05-b484-46fd-bca6-70e4648c4450,FirstNumber=876,secondNumber=1390}  added by thread pool-3-thread-6
 message  {Id=d671cb05-b484-46fd-bca6-70e4648c4450,FirstNumber=876,secondNumber=1390}  written to file by thread pool-3-thread-5
 message  {Id=e546ca38-4bca-4965-8d42-3c81be01edb5,FirstNumber=553,secondNumber=989}  added by thread pool-3-thread-6
 message  {Id=e546ca38-4bca-4965-8d42-3c81be01edb5,FirstNumber=553,secondNumber=989}  written to file by thread pool-3-thread-1
 message  {Id=a6973c1a-0b8a-4b39-ada5-56aecc13e567,FirstNumber=823,secondNumber=902}  added by thread pool-3-thread-6
 message  {Id=a6973c1a-0b8a-4b39-ada5-56aecc13e567,FirstNumber=823,secondNumber=902}  written to file by thread pool-3-thread-1
 message  {Id=acc803e0-7c37-448a-be65-2dbe7cb819d8,FirstNumber=958,secondNumber=1345}  added by thread pool-3-thread-6
 message  {Id=acc803e0-7c37-448a-be65-2dbe7cb819d8,FirstNumber=958,secondNumber=1345}  written to file by thread pool-3-thread-4
 message  {Id=1b9bc20f-cb04-4596-afda-e7c35e8f0a3b,FirstNumber=303,secondNumber=814}  added by thread pool-3-thread-6
 message  {Id=1b9bc20f-cb04-4596-afda-e7c35e8f0a3b,FirstNumber=303,secondNumber=814}  written to file by thread pool-3-thread-4
 message  {Id=8c86fe42-e8f0-4092-b67e-13ad2f596a35,FirstNumber=50,secondNumber=53}  added by thread pool-3-thread-6
 message  {Id=8c86fe42-e8f0-4092-b67e-13ad2f596a35,FirstNumber=50,secondNumber=53}  written to file by thread pool-3-thread-5
 message  {Id=91641dd0-91bf-46e7-8d69-0f545372cce7,FirstNumber=358,secondNumber=756}  added by thread pool-3-thread-6
 message  {Id=91641dd0-91bf-46e7-8d69-0f545372cce7,FirstNumber=358,secondNumber=756}  written to file by thread pool-3-thread-5
 message  {Id=ed54fbce-07cd-4910-b4e2-0f9d7805f2b1,FirstNumber=72,secondNumber=331}  added by thread pool-3-thread-6
 message  {Id=ed54fbce-07cd-4910-b4e2-0f9d7805f2b1,FirstNumber=72,secondNumber=331}  written to file by thread pool-3-thread-5
 message  {Id=93a6e301-226c-4192-b82b-9c0d3f0201d8,FirstNumber=889,secondNumber=1712}  added by thread pool-3-thread-6
 message  {Id=93a6e301-226c-4192-b82b-9c0d3f0201d8,FirstNumber=889,secondNumber=1712}  written to file by thread pool-3-thread-2
 message  {Id=e7e7c416-825a-410f-b9d2-150010a48549,FirstNumber=467,secondNumber=1747}  added by thread pool-3-thread-6
 message  {Id=e7e7c416-825a-410f-b9d2-150010a48549,FirstNumber=467,secondNumber=1747}  written to file by thread pool-3-thread-4
 message  {Id=dfcec920-3269-456a-bb14-87fe1c876e0b,FirstNumber=126,secondNumber=287}  added by thread pool-3-thread-6
 message  {Id=dfcec920-3269-456a-bb14-87fe1c876e0b,FirstNumber=126,secondNumber=287}  written to file by thread pool-3-thread-4
 message  {Id=6a12759b-ceaa-4f7d-88a8-502daae994e1,FirstNumber=85,secondNumber=813}  added by thread pool-3-thread-6
 message  {Id=6a12759b-ceaa-4f7d-88a8-502daae994e1,FirstNumber=85,secondNumber=813}  written to file by thread pool-3-thread-1
 message  {Id=1fd9994c-9256-45b3-abcd-209696d43b91,FirstNumber=446,secondNumber=642}  added by thread pool-3-thread-6
 message  {Id=1fd9994c-9256-45b3-abcd-209696d43b91,FirstNumber=446,secondNumber=642}  written to file by thread pool-3-thread-1
 message  {Id=3628adb8-074f-40dc-a13f-44d535401706,FirstNumber=411,secondNumber=574}  added by thread pool-3-thread-6
 message  {Id=3628adb8-074f-40dc-a13f-44d535401706,FirstNumber=411,secondNumber=574}  written to file by thread pool-3-thread-2
 message  {Id=0f22320f-ba06-4cab-9ef9-5f825662dc03,FirstNumber=536,secondNumber=1011}  added by thread pool-3-thread-6
 message  {Id=0f22320f-ba06-4cab-9ef9-5f825662dc03,FirstNumber=536,secondNumber=1011}  written to file by thread pool-3-thread-3
 message  {Id=04754a02-b86c-45f5-a682-11f8418d5bb6,FirstNumber=639,secondNumber=331}  added by thread pool-3-thread-6
 message  {Id=04754a02-b86c-45f5-a682-11f8418d5bb6,FirstNumber=639,secondNumber=331}  written to file by thread pool-3-thread-4
 message  {Id=a250ceb6-ebb2-4f27-9699-ae4e817751a4,FirstNumber=625,secondNumber=603}  added by thread pool-3-thread-6
 message  {Id=a250ceb6-ebb2-4f27-9699-ae4e817751a4,FirstNumber=625,secondNumber=603}  written to file by thread pool-3-thread-4
 message  {Id=9f09bd22-e4a2-428b-a8f3-714004a240ae,FirstNumber=922,secondNumber=506}  added by thread pool-3-thread-6
 message  {Id=9f09bd22-e4a2-428b-a8f3-714004a240ae,FirstNumber=922,secondNumber=506}  written to file by thread pool-3-thread-1
 message  {Id=00be9e90-4c60-456f-affc-c938854e7ce4,FirstNumber=338,secondNumber=1921}  added by thread pool-3-thread-6
 message  {Id=00be9e90-4c60-456f-affc-c938854e7ce4,FirstNumber=338,secondNumber=1921}  written to file by thread pool-3-thread-1
 message  {Id=4a0f93b5-be53-4da8-882c-3aa324764264,FirstNumber=499,secondNumber=1478}  added by thread pool-3-thread-6
 message  {Id=4a0f93b5-be53-4da8-882c-3aa324764264,FirstNumber=499,secondNumber=1478}  written to file by thread pool-3-thread-3
 message  {Id=2a0a2de9-eb6f-4664-8a99-b763ab86cf9a,FirstNumber=859,secondNumber=899}  added by thread pool-3-thread-6
 message  {Id=2a0a2de9-eb6f-4664-8a99-b763ab86cf9a,FirstNumber=859,secondNumber=899}  written to file by thread pool-3-thread-3
 message  {Id=71932bc1-8d3d-4aea-8a2d-a8fad7403d8f,FirstNumber=333,secondNumber=1837}  added by thread pool-3-thread-6
 message  {Id=71932bc1-8d3d-4aea-8a2d-a8fad7403d8f,FirstNumber=333,secondNumber=1837}  written to file by thread pool-3-thread-4
 message  {Id=8fa8de3e-02de-4fa3-8056-698ce2c5456b,FirstNumber=354,secondNumber=788}  added by thread pool-3-thread-6
 message  {Id=8fa8de3e-02de-4fa3-8056-698ce2c5456b,FirstNumber=354,secondNumber=788}  written to file by thread pool-3-thread-4
 message  {Id=40d61224-7670-43b3-82e3-d347f371be47,FirstNumber=69,secondNumber=1761}  added by thread pool-3-thread-6
 message  {Id=40d61224-7670-43b3-82e3-d347f371be47,FirstNumber=69,secondNumber=1761}  written to file by thread pool-3-thread-1
 message  {Id=7249ae71-0bdb-4cba-9fa6-b23c94306a22,FirstNumber=717,secondNumber=368}  added by thread pool-3-thread-6
 message  {Id=7249ae71-0bdb-4cba-9fa6-b23c94306a22,FirstNumber=717,secondNumber=368}  written to file by thread pool-3-thread-1
 message  {Id=9e6e23cd-4144-4377-b903-4281a9d0b6a7,FirstNumber=575,secondNumber=1307}  added by thread pool-3-thread-6
 message  {Id=9e6e23cd-4144-4377-b903-4281a9d0b6a7,FirstNumber=575,secondNumber=1307}  written to file by thread pool-3-thread-3
 message  {Id=4ea737aa-e395-4761-ad1b-6de85cda4f75,FirstNumber=345,secondNumber=1496}  added by thread pool-3-thread-6
 message  {Id=4ea737aa-e395-4761-ad1b-6de85cda4f75,FirstNumber=345,secondNumber=1496}  written to file by thread pool-3-thread-2
 message  {Id=9152e8f3-f0a0-4dc5-bd0b-1f39e496af33,FirstNumber=249,secondNumber=456}  added by thread pool-3-thread-6
 message  {Id=9152e8f3-f0a0-4dc5-bd0b-1f39e496af33,FirstNumber=249,secondNumber=456}  written to file by thread pool-3-thread-2
 message  {Id=9b146c8e-56ae-4907-bf3d-8e3ed4dab1f0,FirstNumber=369,secondNumber=398}  added by thread pool-3-thread-6
 message  {Id=9b146c8e-56ae-4907-bf3d-8e3ed4dab1f0,FirstNumber=369,secondNumber=398}  written to file by thread pool-3-thread-5
 message  {Id=05de9d4a-c607-4330-9e14-bbc81ec38638,FirstNumber=829,secondNumber=279}  added by thread pool-3-thread-6
 message  {Id=05de9d4a-c607-4330-9e14-bbc81ec38638,FirstNumber=829,secondNumber=279}  written to file by thread pool-3-thread-1
 message  {Id=189b8689-e7a3-4100-ade2-96367c8608ee,FirstNumber=342,secondNumber=22}  added by thread pool-3-thread-6
 message  {Id=189b8689-e7a3-4100-ade2-96367c8608ee,FirstNumber=342,secondNumber=22}  written to file by thread pool-3-thread-3
 message  {Id=f8262478-5dde-4404-9c6a-f55441ca1dd5,FirstNumber=561,secondNumber=628}  added by thread pool-3-thread-6
 message  {Id=f8262478-5dde-4404-9c6a-f55441ca1dd5,FirstNumber=561,secondNumber=628}  written to file by thread pool-3-thread-4
 message  {Id=8d980d6b-e612-43d8-a295-fca7fb338c55,FirstNumber=433,secondNumber=490}  added by thread pool-3-thread-6
 message  {Id=8d980d6b-e612-43d8-a295-fca7fb338c55,FirstNumber=433,secondNumber=490}  written to file by thread pool-3-thread-4
 message  {Id=7ba87e3c-1265-43d3-9d7b-eaf32ab860b9,FirstNumber=49,secondNumber=1788}  added by thread pool-3-thread-6
 message  {Id=7ba87e3c-1265-43d3-9d7b-eaf32ab860b9,FirstNumber=49,secondNumber=1788}  written to file by thread pool-3-thread-5
 message  {Id=a1bbcd89-0425-4864-b202-37c08fc8db49,FirstNumber=417,secondNumber=853}  added by thread pool-3-thread-6
 message  {Id=a1bbcd89-0425-4864-b202-37c08fc8db49,FirstNumber=417,secondNumber=853}  written to file by thread pool-3-thread-1
 message  {Id=2b922af8-f09f-46f5-b76c-cc9b8329e1fa,FirstNumber=783,secondNumber=732}  added by thread pool-3-thread-6
 message  {Id=2b922af8-f09f-46f5-b76c-cc9b8329e1fa,FirstNumber=783,secondNumber=732}  written to file by thread pool-3-thread-1
 message  {Id=bf0e4c43-6f66-44cb-affb-75c1944872db,FirstNumber=505,secondNumber=127}  added by thread pool-3-thread-6
 message  {Id=bf0e4c43-6f66-44cb-affb-75c1944872db,FirstNumber=505,secondNumber=127}  written to file by thread pool-3-thread-2
 message  {Id=ef7ac32c-79d0-49cf-b085-4ecd0c8ca0a8,FirstNumber=720,secondNumber=1202}  added by thread pool-3-thread-6
 message  {Id=ef7ac32c-79d0-49cf-b085-4ecd0c8ca0a8,FirstNumber=720,secondNumber=1202}  written to file by thread pool-3-thread-4
 message  {Id=7f0d0024-b2cd-49c0-b0f9-f229ddb9665b,FirstNumber=957,secondNumber=274}  added by thread pool-3-thread-6
 message  {Id=7f0d0024-b2cd-49c0-b0f9-f229ddb9665b,FirstNumber=957,secondNumber=274}  written to file by thread pool-3-thread-4
 message  {Id=53b0092d-a92b-41fc-8821-ffea8f1eecde,FirstNumber=890,secondNumber=1259}  added by thread pool-3-thread-6
 message  {Id=53b0092d-a92b-41fc-8821-ffea8f1eecde,FirstNumber=890,secondNumber=1259}  written to file by thread pool-3-thread-3
 message  {Id=e559ec2a-60f0-4398-b58d-72576f3554b1,FirstNumber=475,secondNumber=742}  added by thread pool-3-thread-6
 message  {Id=e559ec2a-60f0-4398-b58d-72576f3554b1,FirstNumber=475,secondNumber=742}  written to file by thread pool-3-thread-3
 message  {Id=d07326df-7e6e-433f-ae58-15dcb6347bc4,FirstNumber=176,secondNumber=12}  added by thread pool-3-thread-6
 message  {Id=d07326df-7e6e-433f-ae58-15dcb6347bc4,FirstNumber=176,secondNumber=12}  written to file by thread pool-3-thread-2
 message  {Id=5bedd1a6-cd3d-4913-a1e4-820150b97a06,FirstNumber=192,secondNumber=1052}  added by thread pool-3-thread-6
 message  {Id=5bedd1a6-cd3d-4913-a1e4-820150b97a06,FirstNumber=192,secondNumber=1052}  written to file by thread pool-3-thread-2
 message  {Id=695610b4-041c-4302-b123-2adc46519384,FirstNumber=134,secondNumber=712}  added by thread pool-3-thread-6
 message  {Id=695610b4-041c-4302-b123-2adc46519384,FirstNumber=134,secondNumber=712}  written to file by thread pool-3-thread-2
 message  {Id=2b4adf3a-e8c1-4565-aabc-42225815b522,FirstNumber=401,secondNumber=1373}  added by thread pool-3-thread-6
 message  {Id=2b4adf3a-e8c1-4565-aabc-42225815b522,FirstNumber=401,secondNumber=1373}  written to file by thread pool-3-thread-1
 message  {Id=6e80f281-8b84-4d16-b772-9d4c1382fb7c,FirstNumber=243,secondNumber=701}  added by thread pool-3-thread-6
 message  {Id=6e80f281-8b84-4d16-b772-9d4c1382fb7c,FirstNumber=243,secondNumber=701}  written to file by thread pool-3-thread-3
 message  {Id=95f858d2-1421-4711-861c-899bf9ee18c8,FirstNumber=606,secondNumber=936}  added by thread pool-3-thread-6
 message  {Id=95f858d2-1421-4711-861c-899bf9ee18c8,FirstNumber=606,secondNumber=936}  written to file by thread pool-3-thread-3
 message  {Id=3d4969f2-8983-4045-b02f-7ed524845a8c,FirstNumber=923,secondNumber=1926}  added by thread pool-3-thread-6
 message  {Id=3d4969f2-8983-4045-b02f-7ed524845a8c,FirstNumber=923,secondNumber=1926}  written to file by thread pool-3-thread-4
 message  {Id=b68f0c9c-926d-4408-90f7-42849acb9d43,FirstNumber=586,secondNumber=731}  added by thread pool-3-thread-6
 message  {Id=b68f0c9c-926d-4408-90f7-42849acb9d43,FirstNumber=586,secondNumber=731}  written to file by thread pool-3-thread-4
 message  {Id=58dbb68d-03a9-432f-a292-6745c8f37500,FirstNumber=173,secondNumber=87}  added by thread pool-3-thread-6
 message  {Id=58dbb68d-03a9-432f-a292-6745c8f37500,FirstNumber=173,secondNumber=87}  written to file by thread pool-3-thread-1
 message  {Id=1440a870-7557-4337-9d46-e4356c95ee5f,FirstNumber=287,secondNumber=1066}  added by thread pool-3-thread-6
 message  {Id=1440a870-7557-4337-9d46-e4356c95ee5f,FirstNumber=287,secondNumber=1066}  written to file by thread pool-3-thread-1
 message  {Id=5177e851-ac5e-4cdb-bda5-c75306340221,FirstNumber=284,secondNumber=1630}  added by thread pool-3-thread-6
 message  {Id=5177e851-ac5e-4cdb-bda5-c75306340221,FirstNumber=284,secondNumber=1630}  written to file by thread pool-3-thread-1
 message  {Id=5551962f-1389-47cd-b01d-3ace14ae4cc2,FirstNumber=475,secondNumber=1332}  added by thread pool-3-thread-6
 message  {Id=5551962f-1389-47cd-b01d-3ace14ae4cc2,FirstNumber=475,secondNumber=1332}  written to file by thread pool-3-thread-1
 message  {Id=f18976d7-c280-431d-902e-ebe67dca4640,FirstNumber=992,secondNumber=203}  added by thread pool-3-thread-6
 message  {Id=f18976d7-c280-431d-902e-ebe67dca4640,FirstNumber=992,secondNumber=203}  written to file by thread pool-3-thread-4
 message  {Id=69c1f31a-3306-4aa3-bcbd-30c44db2c5aa,FirstNumber=952,secondNumber=1973}  added by thread pool-3-thread-6
 message  {Id=69c1f31a-3306-4aa3-bcbd-30c44db2c5aa,FirstNumber=952,secondNumber=1973}  written to file by thread pool-3-thread-5
 message  {Id=edce4bd1-fbbf-49c4-bf66-901bbdabaaf3,FirstNumber=864,secondNumber=1826}  added by thread pool-3-thread-6
 message  {Id=edce4bd1-fbbf-49c4-bf66-901bbdabaaf3,FirstNumber=864,secondNumber=1826}  written to file by thread pool-3-thread-5
 message  {Id=94237a00-2426-4b95-b535-cba0309d3ed0,FirstNumber=176,secondNumber=953}  added by thread pool-3-thread-6
 message  {Id=94237a00-2426-4b95-b535-cba0309d3ed0,FirstNumber=176,secondNumber=953}  written to file by thread pool-3-thread-2
 message  {Id=89bf85c1-64c5-4e43-80b8-4f90e6fdcf8c,FirstNumber=37,secondNumber=1896}  added by thread pool-3-thread-6
 message  {Id=89bf85c1-64c5-4e43-80b8-4f90e6fdcf8c,FirstNumber=37,secondNumber=1896}  written to file by thread pool-3-thread-2
 message  {Id=03698d94-ec6d-4796-8177-f18676d4fcc8,FirstNumber=242,secondNumber=9}  added by thread pool-3-thread-6
 message  {Id=03698d94-ec6d-4796-8177-f18676d4fcc8,FirstNumber=242,secondNumber=9}  written to file by thread pool-3-thread-4
 message  {Id=ceaad9b2-4e59-4b5f-8b90-9519d4949001,FirstNumber=964,secondNumber=1172}  added by thread pool-3-thread-6
 message  {Id=ceaad9b2-4e59-4b5f-8b90-9519d4949001,FirstNumber=964,secondNumber=1172}  written to file by thread pool-3-thread-3
 message  {Id=a105e5af-37d7-44c3-b94e-8fd383d0e7c2,FirstNumber=632,secondNumber=934}  added by thread pool-3-thread-6
 message  {Id=a105e5af-37d7-44c3-b94e-8fd383d0e7c2,FirstNumber=632,secondNumber=934}  written to file by thread pool-3-thread-3
 message  {Id=de4117ba-89ae-473a-9bd7-8a9ff3e37ec7,FirstNumber=880,secondNumber=1930}  added by thread pool-3-thread-6
 message  {Id=de4117ba-89ae-473a-9bd7-8a9ff3e37ec7,FirstNumber=880,secondNumber=1930}  written to file by thread pool-3-thread-1
 message  {Id=8518ed49-e543-45f8-a83b-a8ea6202ebc6,FirstNumber=275,secondNumber=546}  added by thread pool-3-thread-6
 message  {Id=8518ed49-e543-45f8-a83b-a8ea6202ebc6,FirstNumber=275,secondNumber=546}  written to file by thread pool-3-thread-1
 message  {Id=2dcefbc2-3036-4481-845a-054c57470dbc,FirstNumber=762,secondNumber=1071}  added by thread pool-3-thread-6
 message  {Id=2dcefbc2-3036-4481-845a-054c57470dbc,FirstNumber=762,secondNumber=1071}  written to file by thread pool-3-thread-4
 message  {Id=c2dd45bf-beed-4be7-bd67-c0c859dcd263,FirstNumber=539,secondNumber=291}  added by thread pool-3-thread-6
 message  {Id=c2dd45bf-beed-4be7-bd67-c0c859dcd263,FirstNumber=539,secondNumber=291}  written to file by thread pool-3-thread-4
 message  {Id=4f45b7c6-43b7-4f55-b8d1-17abfd46a6d5,FirstNumber=410,secondNumber=1736}  added by thread pool-3-thread-6
 message  {Id=4f45b7c6-43b7-4f55-b8d1-17abfd46a6d5,FirstNumber=410,secondNumber=1736}  written to file by thread pool-3-thread-3
 message  {Id=dab1aba3-d602-44fd-a431-9fe03f54eedb,FirstNumber=938,secondNumber=606}  added by thread pool-3-thread-6
 message  {Id=dab1aba3-d602-44fd-a431-9fe03f54eedb,FirstNumber=938,secondNumber=606}  written to file by thread pool-3-thread-3
 message  {Id=b404932c-df99-4cc3-8f90-8972eaadb3d7,FirstNumber=708,secondNumber=1700}  added by thread pool-3-thread-6
 message  {Id=b404932c-df99-4cc3-8f90-8972eaadb3d7,FirstNumber=708,secondNumber=1700}  written to file by thread pool-3-thread-1
 message  {Id=6f979353-e000-4b4a-b8f4-e697569483c4,FirstNumber=779,secondNumber=520}  added by thread pool-3-thread-6
 message  {Id=6f979353-e000-4b4a-b8f4-e697569483c4,FirstNumber=779,secondNumber=520}  written to file by thread pool-3-thread-5
 message  {Id=3d258eab-7ca8-4220-abea-613022a338c1,FirstNumber=463,secondNumber=973}  added by thread pool-3-thread-6
 message  {Id=3d258eab-7ca8-4220-abea-613022a338c1,FirstNumber=463,secondNumber=973}  written to file by thread pool-3-thread-5
 message  {Id=20d9d5b9-38de-4452-9eda-478e5f97b72e,FirstNumber=423,secondNumber=762}  added by thread pool-3-thread-6
 message  {Id=20d9d5b9-38de-4452-9eda-478e5f97b72e,FirstNumber=423,secondNumber=762}  written to file by thread pool-3-thread-2
 message  {Id=89226b34-3734-4bef-85b3-ce3d81d1bbe2,FirstNumber=805,secondNumber=1709}  added by thread pool-3-thread-6
 message  {Id=89226b34-3734-4bef-85b3-ce3d81d1bbe2,FirstNumber=805,secondNumber=1709}  written to file by thread pool-3-thread-2
 message  {Id=792073e3-d08d-49c7-9440-01e21fbe20fc,FirstNumber=240,secondNumber=1038}  added by thread pool-3-thread-6
 message  {Id=792073e3-d08d-49c7-9440-01e21fbe20fc,FirstNumber=240,secondNumber=1038}  written to file by thread pool-3-thread-1
 message  {Id=abb9c714-acb3-4e39-a012-a0e672e11d5c,FirstNumber=860,secondNumber=509}  added by thread pool-3-thread-6
 message  {Id=abb9c714-acb3-4e39-a012-a0e672e11d5c,FirstNumber=860,secondNumber=509}  written to file by thread pool-3-thread-1
 message  {Id=c18fb420-34a7-4d89-93e4-e681040ccc47,FirstNumber=898,secondNumber=617}  added by thread pool-3-thread-6
 message  {Id=c18fb420-34a7-4d89-93e4-e681040ccc47,FirstNumber=898,secondNumber=617}  written to file by thread pool-3-thread-1
 message  {Id=28efc2e3-f76b-47c9-bb5f-ead115af0300,FirstNumber=358,secondNumber=402}  added by thread pool-3-thread-6
 message  {Id=28efc2e3-f76b-47c9-bb5f-ead115af0300,FirstNumber=358,secondNumber=402}  written to file by thread pool-3-thread-3
 message  {Id=c4ff6679-48b9-4b13-a5a6-d400e528c157,FirstNumber=872,secondNumber=320}  added by thread pool-3-thread-6
 message  {Id=c4ff6679-48b9-4b13-a5a6-d400e528c157,FirstNumber=872,secondNumber=320}  written to file by thread pool-3-thread-2
 message  {Id=e1aefc80-8fef-4c02-afb2-fc1607533f92,FirstNumber=755,secondNumber=1735}  added by thread pool-3-thread-6
 message  {Id=e1aefc80-8fef-4c02-afb2-fc1607533f92,FirstNumber=755,secondNumber=1735}  written to file by thread pool-3-thread-4
 message  {Id=932bc351-e2a8-4b6a-92a1-0b6959eb94ac,FirstNumber=455,secondNumber=135}  added by thread pool-3-thread-6
 message  {Id=932bc351-e2a8-4b6a-92a1-0b6959eb94ac,FirstNumber=455,secondNumber=135}  written to file by thread pool-3-thread-5
 message  {Id=a8f7f4c1-ed04-45f5-a354-419e2f7ad442,FirstNumber=388,secondNumber=1703}  added by thread pool-3-thread-6
 message  {Id=a8f7f4c1-ed04-45f5-a354-419e2f7ad442,FirstNumber=388,secondNumber=1703}  written to file by thread pool-3-thread-1
 message  {Id=90435233-2ab1-40e7-a668-bad6ad0317ec,FirstNumber=0,secondNumber=1896}  added by thread pool-3-thread-6
 message  {Id=90435233-2ab1-40e7-a668-bad6ad0317ec,FirstNumber=0,secondNumber=1896}  written to file by thread pool-3-thread-1
 message  {Id=f8b4506b-e8ea-48a5-b8f2-865884e9dca3,FirstNumber=136,secondNumber=1726}  added by thread pool-3-thread-6
 message  {Id=f8b4506b-e8ea-48a5-b8f2-865884e9dca3,FirstNumber=136,secondNumber=1726}  written to file by thread pool-3-thread-2
 message  {Id=d52999f2-8aa6-434e-9bd6-bebd9d76eaa2,FirstNumber=704,secondNumber=1248}  added by thread pool-3-thread-6
 message  {Id=d52999f2-8aa6-434e-9bd6-bebd9d76eaa2,FirstNumber=704,secondNumber=1248}  written to file by thread pool-3-thread-2
 message  {Id=c490c33f-4b9d-4205-bc69-1de393a0427f,FirstNumber=822,secondNumber=1489}  added by thread pool-3-thread-6
 message  {Id=c490c33f-4b9d-4205-bc69-1de393a0427f,FirstNumber=822,secondNumber=1489}  written to file by thread pool-3-thread-5
 message  {Id=900ffc3c-617f-426d-b4d5-beaa754f6950,FirstNumber=239,secondNumber=575}  added by thread pool-3-thread-6
 message  {Id=900ffc3c-617f-426d-b4d5-beaa754f6950,FirstNumber=239,secondNumber=575}  written to file by thread pool-3-thread-3
 message  {Id=dc14fcb6-0347-4558-8638-b99fd84f2882,FirstNumber=823,secondNumber=882}  added by thread pool-3-thread-6
 message  {Id=dc14fcb6-0347-4558-8638-b99fd84f2882,FirstNumber=823,secondNumber=882}  written to file by thread pool-3-thread-1
 message  {Id=facda899-700a-4dc3-b8b3-9e387cf01c10,FirstNumber=694,secondNumber=140}  added by thread pool-3-thread-6
 message  {Id=facda899-700a-4dc3-b8b3-9e387cf01c10,FirstNumber=694,secondNumber=140}  written to file by thread pool-3-thread-1
 message  {Id=3e2962e8-8632-433d-a03b-47b9ba98ef1f,FirstNumber=661,secondNumber=1526}  added by thread pool-3-thread-6
 message  {Id=3e2962e8-8632-433d-a03b-47b9ba98ef1f,FirstNumber=661,secondNumber=1526}  written to file by thread pool-3-thread-2
 message  {Id=4bef71b4-8ecb-41b1-aa35-72017b793284,FirstNumber=190,secondNumber=253}  added by thread pool-3-thread-6
 message  {Id=4bef71b4-8ecb-41b1-aa35-72017b793284,FirstNumber=190,secondNumber=253}  written to file by thread pool-3-thread-2
 message  {Id=03cc782a-da12-4127-a34a-7f3254ee1338,FirstNumber=766,secondNumber=1280}  added by thread pool-3-thread-6
 message  {Id=03cc782a-da12-4127-a34a-7f3254ee1338,FirstNumber=766,secondNumber=1280}  written to file by thread pool-3-thread-3
 message  {Id=d8eec1f7-7bdc-4d38-8421-7fb7f125f7e9,FirstNumber=526,secondNumber=1050}  added by thread pool-3-thread-6
 message  {Id=d8eec1f7-7bdc-4d38-8421-7fb7f125f7e9,FirstNumber=526,secondNumber=1050}  written to file by thread pool-3-thread-3
 message  {Id=b06cbca6-7c4e-4a11-8d75-be2485e740a1,FirstNumber=635,secondNumber=434}  added by thread pool-3-thread-6
 message  {Id=b06cbca6-7c4e-4a11-8d75-be2485e740a1,FirstNumber=635,secondNumber=434}  written to file by thread pool-3-thread-1
 message  {Id=44a529ba-5c8b-431e-93fe-e946d9857ba9,FirstNumber=590,secondNumber=1981}  added by thread pool-3-thread-6
 message  {Id=44a529ba-5c8b-431e-93fe-e946d9857ba9,FirstNumber=590,secondNumber=1981}  written to file by thread pool-3-thread-1
 message  {Id=fb1c432b-640c-4f4b-94dc-3e4e44cfadb5,FirstNumber=983,secondNumber=589}  added by thread pool-3-thread-6
 message  {Id=fb1c432b-640c-4f4b-94dc-3e4e44cfadb5,FirstNumber=983,secondNumber=589}  written to file by thread pool-3-thread-2
 message  {Id=a7ee6909-b618-4c72-8456-d57fb8b79a0b,FirstNumber=182,secondNumber=1018}  added by thread pool-3-thread-6
 message  {Id=a7ee6909-b618-4c72-8456-d57fb8b79a0b,FirstNumber=182,secondNumber=1018}  written to file by thread pool-3-thread-4
 message  {Id=ee2a83e0-c0f6-4d4e-af8b-acfec323d2c9,FirstNumber=748,secondNumber=1629}  added by thread pool-3-thread-6
 message  {Id=ee2a83e0-c0f6-4d4e-af8b-acfec323d2c9,FirstNumber=748,secondNumber=1629}  written to file by thread pool-3-thread-4
 message  {Id=f27e164f-2efb-4f46-a189-e9ef02043377,FirstNumber=796,secondNumber=1380}  added by thread pool-3-thread-6
 message  {Id=f27e164f-2efb-4f46-a189-e9ef02043377,FirstNumber=796,secondNumber=1380}  written to file by thread pool-3-thread-5
 message  {Id=58b7ebcf-2552-4dfb-8c75-b5eac1ac85cd,FirstNumber=24,secondNumber=302}  added by thread pool-3-thread-6
 message  {Id=58b7ebcf-2552-4dfb-8c75-b5eac1ac85cd,FirstNumber=24,secondNumber=302}  written to file by thread pool-3-thread-1
 message  {Id=35dcf82d-ec5c-486a-87e3-10442f9b73af,FirstNumber=583,secondNumber=482}  added by thread pool-3-thread-6
 message  {Id=35dcf82d-ec5c-486a-87e3-10442f9b73af,FirstNumber=583,secondNumber=482}  written to file by thread pool-3-thread-1
 message  {Id=8d12d656-c2e7-41b2-aeeb-d3ac6731ca61,FirstNumber=571,secondNumber=874}  added by thread pool-3-thread-6
 message  {Id=8d12d656-c2e7-41b2-aeeb-d3ac6731ca61,FirstNumber=571,secondNumber=874}  written to file by thread pool-3-thread-3
 message  {Id=398ae8d0-6f18-4089-b378-e595a5b411cf,FirstNumber=334,secondNumber=296}  added by thread pool-3-thread-6
 message  {Id=398ae8d0-6f18-4089-b378-e595a5b411cf,FirstNumber=334,secondNumber=296}  written to file by thread pool-3-thread-4
 message  {Id=6a736589-0431-43af-b7cd-8354a643d7c2,FirstNumber=457,secondNumber=1134}  added by thread pool-3-thread-6
 message  {Id=6a736589-0431-43af-b7cd-8354a643d7c2,FirstNumber=457,secondNumber=1134}  written to file by thread pool-3-thread-5
 message  {Id=b5987b2c-31d4-42c8-bfe6-2ea30f1bf5df,FirstNumber=637,secondNumber=1503}  added by thread pool-3-thread-6
 message  {Id=b5987b2c-31d4-42c8-bfe6-2ea30f1bf5df,FirstNumber=637,secondNumber=1503}  written to file by thread pool-3-thread-2
 message  {Id=b78eee4c-ee1b-4e32-9828-5939b48d4e8d,FirstNumber=846,secondNumber=57}  added by thread pool-3-thread-6
 message  {Id=b78eee4c-ee1b-4e32-9828-5939b48d4e8d,FirstNumber=846,secondNumber=57}  written to file by thread pool-3-thread-1
 message  {Id=8f401ccd-c693-421c-b1c3-a5a54ce4fabf,FirstNumber=357,secondNumber=883}  added by thread pool-3-thread-6
 message  {Id=8f401ccd-c693-421c-b1c3-a5a54ce4fabf,FirstNumber=357,secondNumber=883}  written to file by thread pool-3-thread-3
 message  {Id=49b231cf-a1fe-4423-969b-d758f283d02d,FirstNumber=366,secondNumber=407}  added by thread pool-3-thread-6
 message  {Id=49b231cf-a1fe-4423-969b-d758f283d02d,FirstNumber=366,secondNumber=407}  written to file by thread pool-3-thread-3
 message  {Id=e3067c78-3bb5-482b-ba04-5c3b82fc0209,FirstNumber=971,secondNumber=1049}  added by thread pool-3-thread-6
 message  {Id=e3067c78-3bb5-482b-ba04-5c3b82fc0209,FirstNumber=971,secondNumber=1049}  written to file by thread pool-3-thread-5
 message  {Id=6726ac24-e67e-4fd6-8772-2c00a6e9d1dc,FirstNumber=388,secondNumber=278}  added by thread pool-3-thread-6
 message  {Id=6726ac24-e67e-4fd6-8772-2c00a6e9d1dc,FirstNumber=388,secondNumber=278}  written to file by thread pool-3-thread-2
 message  {Id=c74d19d6-a7c4-4bdd-abfa-652b7d0636ea,FirstNumber=434,secondNumber=1083}  added by thread pool-3-thread-6
 message  {Id=c74d19d6-a7c4-4bdd-abfa-652b7d0636ea,FirstNumber=434,secondNumber=1083}  written to file by thread pool-3-thread-2
 message  {Id=bd7afa8a-3c0d-4a00-a197-da68f148c229,FirstNumber=950,secondNumber=857}  added by thread pool-3-thread-6
 message  {Id=bd7afa8a-3c0d-4a00-a197-da68f148c229,FirstNumber=950,secondNumber=857}  written to file by thread pool-3-thread-4
 message  {Id=57a0e33c-779c-449a-8a3f-4dc8a16701c1,FirstNumber=568,secondNumber=59}  added by thread pool-3-thread-6
 message  {Id=57a0e33c-779c-449a-8a3f-4dc8a16701c1,FirstNumber=568,secondNumber=59}  written to file by thread pool-3-thread-4
 message  {Id=41bd1da3-3387-454b-a6fb-dce1189e193c,FirstNumber=459,secondNumber=1791}  added by thread pool-3-thread-6
 message  {Id=41bd1da3-3387-454b-a6fb-dce1189e193c,FirstNumber=459,secondNumber=1791}  written to file by thread pool-3-thread-5
 message  {Id=128734d8-23ec-45bc-8b91-a4bfa2c06332,FirstNumber=646,secondNumber=1008}  added by thread pool-3-thread-6
 message  {Id=128734d8-23ec-45bc-8b91-a4bfa2c06332,FirstNumber=646,secondNumber=1008}  written to file by thread pool-3-thread-5
 message  {Id=ded2e56d-716e-41f9-adaa-288d948085a7,FirstNumber=993,secondNumber=319}  added by thread pool-3-thread-6
 message  {Id=ded2e56d-716e-41f9-adaa-288d948085a7,FirstNumber=993,secondNumber=319}  written to file by thread pool-3-thread-2
 message  {Id=55f65d9f-df15-48c2-9b95-2ba8ca337f2f,FirstNumber=896,secondNumber=1083}  added by thread pool-3-thread-6
 message  {Id=55f65d9f-df15-48c2-9b95-2ba8ca337f2f,FirstNumber=896,secondNumber=1083}  written to file by thread pool-3-thread-3
 message  {Id=b522cbea-6437-4811-8060-307ee518f33a,FirstNumber=438,secondNumber=1255}  added by thread pool-3-thread-6
 message  {Id=b522cbea-6437-4811-8060-307ee518f33a,FirstNumber=438,secondNumber=1255}  written to file by thread pool-3-thread-3
 message  {Id=60914bf5-9631-4608-86a9-99b71f399189,FirstNumber=206,secondNumber=1767}  added by thread pool-3-thread-6
 message  {Id=60914bf5-9631-4608-86a9-99b71f399189,FirstNumber=206,secondNumber=1767}  written to file by thread pool-3-thread-1
 message  {Id=397e6d10-b0ac-4e64-b78d-f444651f11a9,FirstNumber=866,secondNumber=1237}  added by thread pool-3-thread-6
 message  {Id=397e6d10-b0ac-4e64-b78d-f444651f11a9,FirstNumber=866,secondNumber=1237}  written to file by thread pool-3-thread-1
 message  {Id=8a04aef7-feb3-4556-a872-e198e3b7e07a,FirstNumber=879,secondNumber=1449}  added by thread pool-3-thread-6
 message  {Id=8a04aef7-feb3-4556-a872-e198e3b7e07a,FirstNumber=879,secondNumber=1449}  written to file by thread pool-3-thread-2
 message  {Id=49e070c3-1062-40ca-b0f7-a742d744ac72,FirstNumber=101,secondNumber=1871}  added by thread pool-3-thread-6
 message  {Id=49e070c3-1062-40ca-b0f7-a742d744ac72,FirstNumber=101,secondNumber=1871}  written to file by thread pool-3-thread-4
 message  {Id=5696edfd-54dd-4430-84f8-3207cd4bdd3d,FirstNumber=231,secondNumber=310}  added by thread pool-3-thread-6
 message  {Id=5696edfd-54dd-4430-84f8-3207cd4bdd3d,FirstNumber=231,secondNumber=310}  written to file by thread pool-3-thread-4
 message  {Id=05719261-3748-45ff-89fc-c3ae4e7284ff,FirstNumber=443,secondNumber=940}  added by thread pool-3-thread-6
 message  {Id=09f98e06-1a6f-4e14-89a8-19e713c019b3,FirstNumber=312,secondNumber=490}  added by thread pool-3-thread-6
 message  {Id=05719261-3748-45ff-89fc-c3ae4e7284ff,FirstNumber=443,secondNumber=940}  written to file by thread pool-3-thread-5
 message  {Id=09f98e06-1a6f-4e14-89a8-19e713c019b3,FirstNumber=312,secondNumber=490}  written to file by thread pool-3-thread-1
 message  {Id=4782b6d6-ba2f-45c6-bd9d-572fe650e06a,FirstNumber=657,secondNumber=734}  added by thread pool-3-thread-6
 message  {Id=4782b6d6-ba2f-45c6-bd9d-572fe650e06a,FirstNumber=657,secondNumber=734}  written to file by thread pool-3-thread-2
 message  {Id=74ecd180-4fdd-4afc-97f6-76a9d38384e6,FirstNumber=865,secondNumber=357}  added by thread pool-3-thread-6
 message  {Id=74ecd180-4fdd-4afc-97f6-76a9d38384e6,FirstNumber=865,secondNumber=357}  written to file by thread pool-3-thread-3
 message  {Id=072ae2fa-b4cd-4500-8e3f-31ec3e7f1590,FirstNumber=658,secondNumber=1175}  added by thread pool-3-thread-6
 message  {Id=072ae2fa-b4cd-4500-8e3f-31ec3e7f1590,FirstNumber=658,secondNumber=1175}  written to file by thread pool-3-thread-4
 message  {Id=3163ad79-a41d-4fa7-a610-bf1d8c4afac7,FirstNumber=586,secondNumber=1505}  added by thread pool-3-thread-6
 message  {Id=3163ad79-a41d-4fa7-a610-bf1d8c4afac7,FirstNumber=586,secondNumber=1505}  written to file by thread pool-3-thread-5
 message  {Id=e48d79f5-20a8-436f-82f3-22d589580950,FirstNumber=281,secondNumber=19}  added by thread pool-3-thread-6
 message  {Id=e48d79f5-20a8-436f-82f3-22d589580950,FirstNumber=281,secondNumber=19}  written to file by thread pool-3-thread-5
 message  {Id=c31dbf01-90c2-401e-9d28-da78d0549a72,FirstNumber=254,secondNumber=304}  added by thread pool-3-thread-6
 message  {Id=c31dbf01-90c2-401e-9d28-da78d0549a72,FirstNumber=254,secondNumber=304}  written to file by thread pool-3-thread-2
 message  {Id=554986c4-27ab-4ab8-a37b-4e4714f8929e,FirstNumber=278,secondNumber=661}  added by thread pool-3-thread-6
 message  {Id=554986c4-27ab-4ab8-a37b-4e4714f8929e,FirstNumber=278,secondNumber=661}  written to file by thread pool-3-thread-3
 message  {Id=2eea6179-53bb-4417-8157-be83d569e0a2,FirstNumber=220,secondNumber=416}  added by thread pool-3-thread-6
 message  {Id=2eea6179-53bb-4417-8157-be83d569e0a2,FirstNumber=220,secondNumber=416}  written to file by thread pool-3-thread-3
 message  {Id=124595dc-245b-48d2-8f53-cb557b3df45a,FirstNumber=855,secondNumber=152}  added by thread pool-3-thread-6
 message  {Id=124595dc-245b-48d2-8f53-cb557b3df45a,FirstNumber=855,secondNumber=152}  written to file by thread pool-3-thread-1
 message  {Id=5c5c764b-2e41-4bdd-9547-44f7ce89bab7,FirstNumber=371,secondNumber=1175}  added by thread pool-3-thread-6
 message  {Id=5c5c764b-2e41-4bdd-9547-44f7ce89bab7,FirstNumber=371,secondNumber=1175}  written to file by thread pool-3-thread-5
 message  {Id=bb4c30c8-b6ef-4925-a15f-194d7bb31c8f,FirstNumber=993,secondNumber=1059}  added by thread pool-3-thread-6
 message  {Id=bb4c30c8-b6ef-4925-a15f-194d7bb31c8f,FirstNumber=993,secondNumber=1059}  written to file by thread pool-3-thread-2
 message  {Id=188713cd-adcb-4a0e-85b0-e77e24989b57,FirstNumber=874,secondNumber=484}  added by thread pool-3-thread-6
 message  {Id=188713cd-adcb-4a0e-85b0-e77e24989b57,FirstNumber=874,secondNumber=484}  written to file by thread pool-3-thread-4
 message  {Id=72c8718e-0086-42c1-9d06-15352bad50d5,FirstNumber=408,secondNumber=1674}  added by thread pool-3-thread-6
 message  {Id=72c8718e-0086-42c1-9d06-15352bad50d5,FirstNumber=408,secondNumber=1674}  written to file by thread pool-3-thread-4
 message  {Id=a99823c5-5559-426e-a0b6-04eef36cea7d,FirstNumber=662,secondNumber=864}  added by thread pool-3-thread-6
 message  {Id=a99823c5-5559-426e-a0b6-04eef36cea7d,FirstNumber=662,secondNumber=864}  written to file by thread pool-3-thread-1
 message  {Id=a8a695e4-4950-411c-bfca-c0d9ca932f7d,FirstNumber=767,secondNumber=190}  added by thread pool-3-thread-6
 message  {Id=a8a695e4-4950-411c-bfca-c0d9ca932f7d,FirstNumber=767,secondNumber=190}  written to file by thread pool-3-thread-1
 message  {Id=68ddaee1-6838-4320-9a42-7d183c3e82e7,FirstNumber=340,secondNumber=83}  added by thread pool-3-thread-6
 message  {Id=68ddaee1-6838-4320-9a42-7d183c3e82e7,FirstNumber=340,secondNumber=83}  written to file by thread pool-3-thread-2
 message  {Id=abfaaf7b-4182-4aa5-aabd-691ee4c2d3f1,FirstNumber=957,secondNumber=1977}  added by thread pool-3-thread-6
 message  {Id=1e29e97b-b07f-41aa-bacc-073cf9f1db2c,FirstNumber=154,secondNumber=1160}  added by thread pool-3-thread-6
 message  {Id=abfaaf7b-4182-4aa5-aabd-691ee4c2d3f1,FirstNumber=957,secondNumber=1977}  written to file by thread pool-3-thread-3
 message  {Id=1e29e97b-b07f-41aa-bacc-073cf9f1db2c,FirstNumber=154,secondNumber=1160}  written to file by thread pool-3-thread-4
 message  {Id=d8a27d99-5edd-4646-8ac8-680a7ae09170,FirstNumber=78,secondNumber=1379}  added by thread pool-3-thread-6
 message  {Id=d8a27d99-5edd-4646-8ac8-680a7ae09170,FirstNumber=78,secondNumber=1379}  written to file by thread pool-3-thread-5
 message  {Id=3afbb27b-5318-4a1c-820f-fe5a24747b00,FirstNumber=803,secondNumber=546}  added by thread pool-3-thread-6
 message  {Id=3afbb27b-5318-4a1c-820f-fe5a24747b00,FirstNumber=803,secondNumber=546}  written to file by thread pool-3-thread-1
 message  {Id=2fd37915-7999-4a39-94a7-50cd326b6378,FirstNumber=13,secondNumber=418}  added by thread pool-3-thread-6
 message  {Id=2fd37915-7999-4a39-94a7-50cd326b6378,FirstNumber=13,secondNumber=418}  written to file by thread pool-3-thread-2
 message  {Id=d520574e-1038-4422-8c9f-26e59cc36038,FirstNumber=21,secondNumber=127}  added by thread pool-3-thread-6
 message  {Id=d520574e-1038-4422-8c9f-26e59cc36038,FirstNumber=21,secondNumber=127}  written to file by thread pool-3-thread-3
 message  {Id=96455771-61d1-48af-8a2e-76f0b80c06d5,FirstNumber=228,secondNumber=1648}  added by thread pool-3-thread-6
 message  {Id=96455771-61d1-48af-8a2e-76f0b80c06d5,FirstNumber=228,secondNumber=1648}  written to file by thread pool-3-thread-3
 message  {Id=9a7c36d5-ab6d-4e96-9523-00b11034585c,FirstNumber=554,secondNumber=1436}  added by thread pool-3-thread-6
 message  {Id=9a7c36d5-ab6d-4e96-9523-00b11034585c,FirstNumber=554,secondNumber=1436}  written to file by thread pool-3-thread-5
 message  {Id=c68a6296-c73d-4b7d-a867-2a8697a4e7f5,FirstNumber=231,secondNumber=1312}  added by thread pool-3-thread-6
 message  {Id=c68a6296-c73d-4b7d-a867-2a8697a4e7f5,FirstNumber=231,secondNumber=1312}  written to file by thread pool-3-thread-5
 message  {Id=02543f21-3365-431b-b1d4-e381a0f5b2e8,FirstNumber=495,secondNumber=1968}  added by thread pool-3-thread-6
 message  {Id=02543f21-3365-431b-b1d4-e381a0f5b2e8,FirstNumber=495,secondNumber=1968}  written to file by thread pool-3-thread-2
 message  {Id=91ea552f-70dc-420e-b69c-1822cc783021,FirstNumber=90,secondNumber=1991}  added by thread pool-3-thread-6
 message  {Id=91ea552f-70dc-420e-b69c-1822cc783021,FirstNumber=90,secondNumber=1991}  written to file by thread pool-3-thread-4
 message  {Id=fef5d581-24d6-41de-b822-899a1ae758af,FirstNumber=669,secondNumber=1498}  added by thread pool-3-thread-6
 message  {Id=fef5d581-24d6-41de-b822-899a1ae758af,FirstNumber=669,secondNumber=1498}  written to file by thread pool-3-thread-3
 message  {Id=4bcb00de-60c4-411a-a833-fe779dd18ed9,FirstNumber=446,secondNumber=1655}  added by thread pool-3-thread-6
 message  {Id=4bcb00de-60c4-411a-a833-fe779dd18ed9,FirstNumber=446,secondNumber=1655}  written to file by thread pool-3-thread-3
 message  {Id=d575df8b-245e-4815-8257-12609e5c5e64,FirstNumber=39,secondNumber=902}  added by thread pool-3-thread-6
 message  {Id=d575df8b-245e-4815-8257-12609e5c5e64,FirstNumber=39,secondNumber=902}  written to file by thread pool-3-thread-3
 message  {Id=fa84b184-5d24-4c20-bbaa-5cda0ac2b514,FirstNumber=331,secondNumber=1991}  added by thread pool-3-thread-6
 message  {Id=fa84b184-5d24-4c20-bbaa-5cda0ac2b514,FirstNumber=331,secondNumber=1991}  written to file by thread pool-3-thread-2
 message  {Id=2da562f0-3e7b-4dbd-8683-6458fe8c4d55,FirstNumber=991,secondNumber=289}  added by thread pool-3-thread-6
 message  {Id=2da562f0-3e7b-4dbd-8683-6458fe8c4d55,FirstNumber=991,secondNumber=289}  written to file by thread pool-3-thread-4
 message  {Id=f31d00b7-dbc2-412d-a5b5-a81e0b376192,FirstNumber=577,secondNumber=330}  added by thread pool-3-thread-6
 message  {Id=f31d00b7-dbc2-412d-a5b5-a81e0b376192,FirstNumber=577,secondNumber=330}  written to file by thread pool-3-thread-4
 message  {Id=2c791637-140f-4de0-af2e-25f69d70c6d4,FirstNumber=123,secondNumber=1092}  added by thread pool-3-thread-6
 message  {Id=2c791637-140f-4de0-af2e-25f69d70c6d4,FirstNumber=123,secondNumber=1092}  written to file by thread pool-3-thread-5
 message  {Id=5687f1a2-61c2-47f1-bc2c-331cf3231a0d,FirstNumber=632,secondNumber=1452}  added by thread pool-3-thread-6
 message  {Id=5687f1a2-61c2-47f1-bc2c-331cf3231a0d,FirstNumber=632,secondNumber=1452}  written to file by thread pool-3-thread-5
 message  {Id=e588d358-3f15-4bfe-9fa7-d60b427f5b40,FirstNumber=830,secondNumber=1977}  added by thread pool-3-thread-6
 message  {Id=e588d358-3f15-4bfe-9fa7-d60b427f5b40,FirstNumber=830,secondNumber=1977}  written to file by thread pool-3-thread-2
 message  {Id=030d4d8d-d125-43cc-bd3d-2a74f30ffcd3,FirstNumber=547,secondNumber=155}  added by thread pool-3-thread-6
 message  {Id=030d4d8d-d125-43cc-bd3d-2a74f30ffcd3,FirstNumber=547,secondNumber=155}  written to file by thread pool-3-thread-1
 message  {Id=2bd1a565-4d78-4b35-b006-771df6e6b077,FirstNumber=741,secondNumber=4}  added by thread pool-3-thread-6
 message  {Id=2bd1a565-4d78-4b35-b006-771df6e6b077,FirstNumber=741,secondNumber=4}  written to file by thread pool-3-thread-1
 message  {Id=70cc646f-59a6-4ec8-838b-6d1143cb4410,FirstNumber=504,secondNumber=1091}  added by thread pool-3-thread-6
 message  {Id=70cc646f-59a6-4ec8-838b-6d1143cb4410,FirstNumber=504,secondNumber=1091}  written to file by thread pool-3-thread-3
 message  {Id=bb3d2b50-f7e6-489c-8dd6-7d9a2f974a86,FirstNumber=201,secondNumber=896}  added by thread pool-3-thread-6
 message  {Id=bb3d2b50-f7e6-489c-8dd6-7d9a2f974a86,FirstNumber=201,secondNumber=896}  written to file by thread pool-3-thread-5
 message  {Id=e6a8ea7d-6e83-4892-b5ca-31e988af50bf,FirstNumber=570,secondNumber=1937}  added by thread pool-3-thread-6
 message  {Id=e6a8ea7d-6e83-4892-b5ca-31e988af50bf,FirstNumber=570,secondNumber=1937}  written to file by thread pool-3-thread-2
 message  {Id=d9bcf85e-d04a-4478-96db-81f026df6b43,FirstNumber=922,secondNumber=1862}  added by thread pool-3-thread-6
 message  {Id=d9bcf85e-d04a-4478-96db-81f026df6b43,FirstNumber=922,secondNumber=1862}  written to file by thread pool-3-thread-2
 message  {Id=b501c41d-25d8-4c1f-91c7-a11f1eb98092,FirstNumber=620,secondNumber=312}  written to file by thread pool-3-thread-1
 message  {Id=b501c41d-25d8-4c1f-91c7-a11f1eb98092,FirstNumber=620,secondNumber=312}  added by thread pool-3-thread-6
 message  {Id=62f57454-b07a-4142-b09f-ed2e88b53582,FirstNumber=514,secondNumber=1339}  added by thread pool-3-thread-6
 message  {Id=62f57454-b07a-4142-b09f-ed2e88b53582,FirstNumber=514,secondNumber=1339}  written to file by thread pool-3-thread-3
 message  {Id=7ef875b9-b27a-42a5-993d-951e9d04aca4,FirstNumber=332,secondNumber=1222}  added by thread pool-3-thread-6
 message  {Id=7ef875b9-b27a-42a5-993d-951e9d04aca4,FirstNumber=332,secondNumber=1222}  written to file by thread pool-3-thread-3
 message  {Id=2542e41a-58aa-403e-a8ff-4a54fe03f2d4,FirstNumber=516,secondNumber=705}  added by thread pool-3-thread-6
 message  {Id=2542e41a-58aa-403e-a8ff-4a54fe03f2d4,FirstNumber=516,secondNumber=705}  written to file by thread pool-3-thread-4
 message  {Id=59b3fc81-107e-4309-82b8-226eb91dff4f,FirstNumber=532,secondNumber=765}  added by thread pool-3-thread-6
 message  {Id=59b3fc81-107e-4309-82b8-226eb91dff4f,FirstNumber=532,secondNumber=765}  written to file by thread pool-3-thread-2
 message  {Id=5e6c7011-35f9-485b-a146-65b30bbf2a74,FirstNumber=795,secondNumber=321}  added by thread pool-3-thread-6
 message  {Id=5e6c7011-35f9-485b-a146-65b30bbf2a74,FirstNumber=795,secondNumber=321}  written to file by thread pool-3-thread-2
 message  {Id=86258452-c8f0-4bc8-8683-de74204f192d,FirstNumber=380,secondNumber=896}  added by thread pool-3-thread-6
 message  {Id=86258452-c8f0-4bc8-8683-de74204f192d,FirstNumber=380,secondNumber=896}  written to file by thread pool-3-thread-5
 message  {Id=9a0d74c1-5f7e-466d-ba65-ed8cb9c818dc,FirstNumber=164,secondNumber=1051}  added by thread pool-3-thread-6
 message  {Id=9a0d74c1-5f7e-466d-ba65-ed8cb9c818dc,FirstNumber=164,secondNumber=1051}  written to file by thread pool-3-thread-3
 message  {Id=1efd59a0-9016-4f64-92a0-566a473f65bc,FirstNumber=876,secondNumber=501}  added by thread pool-3-thread-6
 message  {Id=1efd59a0-9016-4f64-92a0-566a473f65bc,FirstNumber=876,secondNumber=501}  written to file by thread pool-3-thread-3
 message  {Id=d87d8797-fc73-4e9e-a9d1-4e94dae027b7,FirstNumber=53,secondNumber=1038}  added by thread pool-3-thread-6
 message  {Id=d87d8797-fc73-4e9e-a9d1-4e94dae027b7,FirstNumber=53,secondNumber=1038}  written to file by thread pool-3-thread-3
 message  {Id=41b7af8e-6b1b-413b-aa15-fc0d98742960,FirstNumber=139,secondNumber=1758}  added by thread pool-3-thread-6
 message  {Id=41b7af8e-6b1b-413b-aa15-fc0d98742960,FirstNumber=139,secondNumber=1758}  written to file by thread pool-3-thread-2
 message  {Id=db858b47-b343-43da-86dc-a23dd12f6f7c,FirstNumber=216,secondNumber=272}  added by thread pool-3-thread-6
 message  {Id=db858b47-b343-43da-86dc-a23dd12f6f7c,FirstNumber=216,secondNumber=272}  written to file by thread pool-3-thread-5
 message  {Id=3382cdc4-8978-4454-9762-1ccde7eafcc1,FirstNumber=999,secondNumber=1451}  added by thread pool-3-thread-6
 message  {Id=3382cdc4-8978-4454-9762-1ccde7eafcc1,FirstNumber=999,secondNumber=1451}  written to file by thread pool-3-thread-5
 message  {Id=6e78db78-ea61-495c-89c5-0f271c23a09a,FirstNumber=765,secondNumber=1766}  added by thread pool-3-thread-6
 message  {Id=6e78db78-ea61-495c-89c5-0f271c23a09a,FirstNumber=765,secondNumber=1766}  written to file by thread pool-3-thread-5
 message  {Id=181e4683-7205-4abc-ba81-7ca46593d89e,FirstNumber=626,secondNumber=1889}  added by thread pool-3-thread-6
 message  {Id=181e4683-7205-4abc-ba81-7ca46593d89e,FirstNumber=626,secondNumber=1889}  written to file by thread pool-3-thread-3
 message  {Id=7f32b904-9cb0-432a-9324-30063874928c,FirstNumber=157,secondNumber=636}  added by thread pool-3-thread-6
 message  {Id=7f32b904-9cb0-432a-9324-30063874928c,FirstNumber=157,secondNumber=636}  written to file by thread pool-3-thread-2
 message  {Id=3c1fd0b1-dfb2-4519-a8b3-cf2f8c531114,FirstNumber=73,secondNumber=1640}  added by thread pool-3-thread-6
 message  {Id=3c1fd0b1-dfb2-4519-a8b3-cf2f8c531114,FirstNumber=73,secondNumber=1640}  written to file by thread pool-3-thread-4
 message  {Id=5f9f27da-1fc0-48d6-a5b5-a75579b487e0,FirstNumber=614,secondNumber=1936}  added by thread pool-3-thread-6
 message  {Id=5f9f27da-1fc0-48d6-a5b5-a75579b487e0,FirstNumber=614,secondNumber=1936}  written to file by thread pool-3-thread-1
 message  {Id=668edcfa-b7dd-464b-8865-72d32fcafa39,FirstNumber=645,secondNumber=430}  added by thread pool-3-thread-6
 message  {Id=668edcfa-b7dd-464b-8865-72d32fcafa39,FirstNumber=645,secondNumber=430}  written to file by thread pool-3-thread-5
 message  {Id=21d62139-9786-4eab-8b5b-69c280015c75,FirstNumber=18,secondNumber=921}  added by thread pool-3-thread-6
 message  {Id=21d62139-9786-4eab-8b5b-69c280015c75,FirstNumber=18,secondNumber=921}  written to file by thread pool-3-thread-5
 message  {Id=48c4d8a1-405e-402a-8ecc-512f3f298289,FirstNumber=544,secondNumber=915}  added by thread pool-3-thread-6
 message  {Id=48c4d8a1-405e-402a-8ecc-512f3f298289,FirstNumber=544,secondNumber=915}  written to file by thread pool-3-thread-2
 message  {Id=b83b4abc-384b-4b3e-b841-40a577c8d68c,FirstNumber=213,secondNumber=1435}  added by thread pool-3-thread-6
 message  {Id=b83b4abc-384b-4b3e-b841-40a577c8d68c,FirstNumber=213,secondNumber=1435}  written to file by thread pool-3-thread-2
 message  {Id=acb26718-be64-4b14-920e-e856ecaece81,FirstNumber=728,secondNumber=1272}  added by thread pool-3-thread-6
 message  {Id=acb26718-be64-4b14-920e-e856ecaece81,FirstNumber=728,secondNumber=1272}  written to file by thread pool-3-thread-1
 message  {Id=ef75dfa8-0930-401f-9af1-acc3b669f30a,FirstNumber=648,secondNumber=552}  added by thread pool-3-thread-6
 message  {Id=ef75dfa8-0930-401f-9af1-acc3b669f30a,FirstNumber=648,secondNumber=552}  written to file by thread pool-3-thread-1
 message  {Id=3bf43ae2-a6b8-49be-a917-bbcc31e53637,FirstNumber=561,secondNumber=1280}  added by thread pool-3-thread-6
 message  {Id=3bf43ae2-a6b8-49be-a917-bbcc31e53637,FirstNumber=561,secondNumber=1280}  written to file by thread pool-3-thread-5
 message  {Id=fce4c10f-8b4b-4034-94a1-1db57d85bebf,FirstNumber=431,secondNumber=936}  added by thread pool-3-thread-6
 message  {Id=fce4c10f-8b4b-4034-94a1-1db57d85bebf,FirstNumber=431,secondNumber=936}  written to file by thread pool-3-thread-5
 message  {Id=5e1ccaac-edd1-4363-9d53-5e777be78c63,FirstNumber=789,secondNumber=330}  added by thread pool-3-thread-6
 message  {Id=5e1ccaac-edd1-4363-9d53-5e777be78c63,FirstNumber=789,secondNumber=330}  written to file by thread pool-3-thread-2
 message  {Id=9ab23fed-b49a-4a33-a564-4aa26fed2066,FirstNumber=195,secondNumber=400}  added by thread pool-3-thread-6
 message  {Id=9ab23fed-b49a-4a33-a564-4aa26fed2066,FirstNumber=195,secondNumber=400}  written to file by thread pool-3-thread-2
 message  {Id=dc0301ff-3cd0-4f32-b723-33344e387e5c,FirstNumber=162,secondNumber=1460}  added by thread pool-3-thread-6
 message  {Id=dc0301ff-3cd0-4f32-b723-33344e387e5c,FirstNumber=162,secondNumber=1460}  written to file by thread pool-3-thread-1
 message  {Id=96f4c3e9-cb7d-482e-94d2-f4dde27b470f,FirstNumber=885,secondNumber=815}  added by thread pool-3-thread-6
 message  {Id=96f4c3e9-cb7d-482e-94d2-f4dde27b470f,FirstNumber=885,secondNumber=815}  written to file by thread pool-3-thread-1
 message  {Id=ff73021d-f23b-4d44-8bb1-4a030503304e,FirstNumber=158,secondNumber=1814}  added by thread pool-3-thread-6
 message  {Id=ff73021d-f23b-4d44-8bb1-4a030503304e,FirstNumber=158,secondNumber=1814}  written to file by thread pool-3-thread-5
 message  {Id=170cc0b7-7047-4b07-b977-8296db0e1d9b,FirstNumber=124,secondNumber=1470}  added by thread pool-3-thread-6
 message  {Id=170cc0b7-7047-4b07-b977-8296db0e1d9b,FirstNumber=124,secondNumber=1470}  written to file by thread pool-3-thread-5
 message  {Id=84a7a5f4-1757-41f7-bd85-b8a97628e5d3,FirstNumber=539,secondNumber=1671}  added by thread pool-3-thread-6
 message  {Id=84a7a5f4-1757-41f7-bd85-b8a97628e5d3,FirstNumber=539,secondNumber=1671}  written to file by thread pool-3-thread-2
 message  {Id=43b85e5f-bc64-4aa3-ae7b-1b625aeb3837,FirstNumber=709,secondNumber=0}  added by thread pool-3-thread-6
 message  {Id=43b85e5f-bc64-4aa3-ae7b-1b625aeb3837,FirstNumber=709,secondNumber=0}  written to file by thread pool-3-thread-2
 message  {Id=6011e0fc-217c-4581-9df4-ef1f88c43ed2,FirstNumber=29,secondNumber=1234}  added by thread pool-3-thread-6
 message  {Id=6011e0fc-217c-4581-9df4-ef1f88c43ed2,FirstNumber=29,secondNumber=1234}  written to file by thread pool-3-thread-1
 message  {Id=ddad617c-4685-41b2-a447-efdd56eeb42b,FirstNumber=180,secondNumber=553}  added by thread pool-3-thread-6
 message  {Id=ddad617c-4685-41b2-a447-efdd56eeb42b,FirstNumber=180,secondNumber=553}  written to file by thread pool-3-thread-1
 message  {Id=d6408d72-d7cc-4637-8051-451374412ced,FirstNumber=721,secondNumber=221}  added by thread pool-3-thread-6
 message  {Id=d6408d72-d7cc-4637-8051-451374412ced,FirstNumber=721,secondNumber=221}  written to file by thread pool-3-thread-5
 message  {Id=fb216a14-7e29-4075-acd1-11a38df4f913,FirstNumber=445,secondNumber=300}  added by thread pool-3-thread-6
 message  {Id=fb216a14-7e29-4075-acd1-11a38df4f913,FirstNumber=445,secondNumber=300}  written to file by thread pool-3-thread-5
 message  {Id=73088db7-cb84-48e3-b435-014d59f98e55,FirstNumber=783,secondNumber=1254}  added by thread pool-3-thread-6
 message  {Id=73088db7-cb84-48e3-b435-014d59f98e55,FirstNumber=783,secondNumber=1254}  written to file by thread pool-3-thread-5
 message  {Id=1bf5f27b-92f4-4903-b595-203e56a6595e,FirstNumber=935,secondNumber=483}  added by thread pool-3-thread-6
 message  {Id=1bf5f27b-92f4-4903-b595-203e56a6595e,FirstNumber=935,secondNumber=483}  written to file by thread pool-3-thread-3
 message  {Id=613a3da4-2281-4e66-ae2c-dfff92c10fd9,FirstNumber=665,secondNumber=663}  added by thread pool-3-thread-6
 message  {Id=613a3da4-2281-4e66-ae2c-dfff92c10fd9,FirstNumber=665,secondNumber=663}  written to file by thread pool-3-thread-1
 message  {Id=4cfbc9b3-09af-401c-9bfe-dfd9fd35c7c6,FirstNumber=198,secondNumber=1209}  added by thread pool-3-thread-6
 message  {Id=4cfbc9b3-09af-401c-9bfe-dfd9fd35c7c6,FirstNumber=198,secondNumber=1209}  written to file by thread pool-3-thread-1
 message  {Id=687c8f93-ad37-4db7-ba0d-a7b8920f61ec,FirstNumber=828,secondNumber=936}  added by thread pool-3-thread-6
 message  {Id=687c8f93-ad37-4db7-ba0d-a7b8920f61ec,FirstNumber=828,secondNumber=936}  written to file by thread pool-3-thread-2
 message  {Id=d3a9d452-5996-4baa-b222-06bf9be3c926,FirstNumber=699,secondNumber=434}  added by thread pool-3-thread-6
 message  {Id=d3a9d452-5996-4baa-b222-06bf9be3c926,FirstNumber=699,secondNumber=434}  written to file by thread pool-3-thread-5
 message  {Id=c0140102-f93c-423b-ba42-0c1ea07eb101,FirstNumber=554,secondNumber=1427}  added by thread pool-3-thread-6
 message  {Id=c0140102-f93c-423b-ba42-0c1ea07eb101,FirstNumber=554,secondNumber=1427}  written to file by thread pool-3-thread-5
 message  {Id=e4c58c29-7194-4cbf-aefa-8481bfdae6bc,FirstNumber=860,secondNumber=1305}  added by thread pool-3-thread-6
 message  {Id=e4c58c29-7194-4cbf-aefa-8481bfdae6bc,FirstNumber=860,secondNumber=1305}  written to file by thread pool-3-thread-4
 message  {Id=dedec02d-e311-4656-b61c-a6eb0b1f7d1f,FirstNumber=19,secondNumber=278}  added by thread pool-3-thread-6
 message  {Id=dedec02d-e311-4656-b61c-a6eb0b1f7d1f,FirstNumber=19,secondNumber=278}  written to file by thread pool-3-thread-1
 message  {Id=2d454a19-e234-4059-b4ff-6a30157ca0aa,FirstNumber=92,secondNumber=657}  added by thread pool-3-thread-6
 message  {Id=2d454a19-e234-4059-b4ff-6a30157ca0aa,FirstNumber=92,secondNumber=657}  written to file by thread pool-3-thread-1
 message  {Id=3be353cb-c0c7-42cb-a552-c28bb041f23e,FirstNumber=571,secondNumber=1461}  added by thread pool-3-thread-6
 message  {Id=3be353cb-c0c7-42cb-a552-c28bb041f23e,FirstNumber=571,secondNumber=1461}  written to file by thread pool-3-thread-3
 message  {Id=7219d8c1-b7d9-40db-8014-aa0b88cf5d18,FirstNumber=214,secondNumber=556}  added by thread pool-3-thread-6
 message  {Id=7219d8c1-b7d9-40db-8014-aa0b88cf5d18,FirstNumber=214,secondNumber=556}  written to file by thread pool-3-thread-5
 message  {Id=5408ad80-8913-4c49-97c9-7949d2aff8e8,FirstNumber=128,secondNumber=846}  added by thread pool-3-thread-6
 message  {Id=81a6b61c-347e-4106-a825-d644a5de51d9,FirstNumber=159,secondNumber=1484}  added by thread pool-3-thread-6
 message  {Id=5408ad80-8913-4c49-97c9-7949d2aff8e8,FirstNumber=128,secondNumber=846}  written to file by thread pool-3-thread-4
 message  {Id=81a6b61c-347e-4106-a825-d644a5de51d9,FirstNumber=159,secondNumber=1484}  written to file by thread pool-3-thread-2
 message  {Id=3b243277-5a66-4bad-9aee-235b2d4a2a63,FirstNumber=28,secondNumber=1290}  added by thread pool-3-thread-6
 message  {Id=3b243277-5a66-4bad-9aee-235b2d4a2a63,FirstNumber=28,secondNumber=1290}  written to file by thread pool-3-thread-2
 message  {Id=3200095e-6fe1-4dd3-9ded-c17a69d9cd75,FirstNumber=196,secondNumber=1751}  added by thread pool-3-thread-6
 message  {Id=3200095e-6fe1-4dd3-9ded-c17a69d9cd75,FirstNumber=196,secondNumber=1751}  written to file by thread pool-3-thread-3
 message  {Id=ec8edde7-d1cf-47a0-9509-08b59d4a8d21,FirstNumber=166,secondNumber=1714}  added by thread pool-3-thread-6
 message  {Id=ec8edde7-d1cf-47a0-9509-08b59d4a8d21,FirstNumber=166,secondNumber=1714}  written to file by thread pool-3-thread-5
 message  {Id=beea7724-6025-4841-80d0-424bb9843252,FirstNumber=828,secondNumber=1604}  added by thread pool-3-thread-6
 message  {Id=beea7724-6025-4841-80d0-424bb9843252,FirstNumber=828,secondNumber=1604}  written to file by thread pool-3-thread-5
 message  {Id=615ac500-a266-455b-b477-0cf5361b40cf,FirstNumber=130,secondNumber=1437}  added by thread pool-3-thread-6
 message  {Id=615ac500-a266-455b-b477-0cf5361b40cf,FirstNumber=130,secondNumber=1437}  written to file by thread pool-3-thread-1
 message  {Id=c66989a7-36fc-482a-a7cd-b2729ee09404,FirstNumber=20,secondNumber=1650}  added by thread pool-3-thread-6
 message  {Id=c66989a7-36fc-482a-a7cd-b2729ee09404,FirstNumber=20,secondNumber=1650}  written to file by thread pool-3-thread-1
 message  {Id=3255796b-9b89-4553-a06b-8a6fe16a70a4,FirstNumber=216,secondNumber=1057}  added by thread pool-3-thread-6
 message  {Id=3255796b-9b89-4553-a06b-8a6fe16a70a4,FirstNumber=216,secondNumber=1057}  written to file by thread pool-3-thread-3
 message  {Id=876513dc-6edc-4e55-900b-8eb9ee25ce64,FirstNumber=80,secondNumber=1678}  added by thread pool-3-thread-6
 message  {Id=876513dc-6edc-4e55-900b-8eb9ee25ce64,FirstNumber=80,secondNumber=1678}  written to file by thread pool-3-thread-3
 message  {Id=c5cff6fe-9f8f-4610-bcdb-02d573905266,FirstNumber=367,secondNumber=1782}  added by thread pool-3-thread-6
 message  {Id=c5cff6fe-9f8f-4610-bcdb-02d573905266,FirstNumber=367,secondNumber=1782}  written to file by thread pool-3-thread-5
 message  {Id=eeebde6b-4b17-4c21-b41b-ba9fabae058d,FirstNumber=205,secondNumber=732}  added by thread pool-3-thread-6
 message  {Id=eeebde6b-4b17-4c21-b41b-ba9fabae058d,FirstNumber=205,secondNumber=732}  written to file by thread pool-3-thread-2
 message  {Id=43da6bc2-86e9-463a-a79a-69e07e7a511f,FirstNumber=529,secondNumber=571}  added by thread pool-3-thread-6
 message  {Id=43da6bc2-86e9-463a-a79a-69e07e7a511f,FirstNumber=529,secondNumber=571}  written to file by thread pool-3-thread-2
 message  {Id=fb3472e1-5cdf-49fe-8d60-be71670360a9,FirstNumber=331,secondNumber=248}  added by thread pool-3-thread-6
 message  {Id=fb3472e1-5cdf-49fe-8d60-be71670360a9,FirstNumber=331,secondNumber=248}  written to file by thread pool-3-thread-2
 message  {Id=f549cad0-61e2-4127-9bcf-9171bc182880,FirstNumber=819,secondNumber=380}  added by thread pool-3-thread-6
 message  {Id=f549cad0-61e2-4127-9bcf-9171bc182880,FirstNumber=819,secondNumber=380}  written to file by thread pool-3-thread-3
 message  {Id=8f284457-0e55-446c-9d4f-37658890dc25,FirstNumber=659,secondNumber=170}  added by thread pool-3-thread-6
 message  {Id=8f284457-0e55-446c-9d4f-37658890dc25,FirstNumber=659,secondNumber=170}  written to file by thread pool-3-thread-5
 message  {Id=11963f1e-5374-49d1-9d4d-610f31ad9849,FirstNumber=494,secondNumber=871}  added by thread pool-3-thread-6
 message  {Id=11963f1e-5374-49d1-9d4d-610f31ad9849,FirstNumber=494,secondNumber=871}  written to file by thread pool-3-thread-1
 message  {Id=60097985-d3fe-49b3-9111-01315c0efd3e,FirstNumber=158,secondNumber=995}  added by thread pool-3-thread-6
 message  {Id=60097985-d3fe-49b3-9111-01315c0efd3e,FirstNumber=158,secondNumber=995}  written to file by thread pool-3-thread-1
 message  {Id=e5d7d1d3-29d0-44e4-b2cd-6ad44c8e4ebf,FirstNumber=744,secondNumber=1200}  added by thread pool-3-thread-6
 message  {Id=e5d7d1d3-29d0-44e4-b2cd-6ad44c8e4ebf,FirstNumber=744,secondNumber=1200}  written to file by thread pool-3-thread-2
 message  {Id=c65aaaee-6208-47dd-ab6c-ddb4b66b87d9,FirstNumber=953,secondNumber=942}  added by thread pool-3-thread-6
 message  {Id=c65aaaee-6208-47dd-ab6c-ddb4b66b87d9,FirstNumber=953,secondNumber=942}  written to file by thread pool-3-thread-2
 message  {Id=2246c3f3-33cb-4518-8862-e8cf4c32e301,FirstNumber=456,secondNumber=1928}  added by thread pool-3-thread-6
 message  {Id=2246c3f3-33cb-4518-8862-e8cf4c32e301,FirstNumber=456,secondNumber=1928}  written to file by thread pool-3-thread-5
 message  {Id=17b3a131-fd56-41dd-80e5-786e3e12282e,FirstNumber=906,secondNumber=1816}  added by thread pool-3-thread-6
 message  {Id=17b3a131-fd56-41dd-80e5-786e3e12282e,FirstNumber=906,secondNumber=1816}  written to file by thread pool-3-thread-5
 message  {Id=0e4ef1df-dad5-4606-ab3a-d1e75b6fea6d,FirstNumber=926,secondNumber=1203}  added by thread pool-3-thread-6
 message  {Id=0e4ef1df-dad5-4606-ab3a-d1e75b6fea6d,FirstNumber=926,secondNumber=1203}  written to file by thread pool-3-thread-1
 message  {Id=7a846f40-b567-4216-bef7-aa1b3e62a451,FirstNumber=935,secondNumber=1048}  added by thread pool-3-thread-6
 message  {Id=7a846f40-b567-4216-bef7-aa1b3e62a451,FirstNumber=935,secondNumber=1048}  written to file by thread pool-3-thread-3
 message  {Id=f26c6669-567a-42f5-bf6c-25affd7767d1,FirstNumber=445,secondNumber=589}  added by thread pool-3-thread-6
 message  {Id=f26c6669-567a-42f5-bf6c-25affd7767d1,FirstNumber=445,secondNumber=589}  written to file by thread pool-3-thread-2
 message  {Id=5c72959b-98c5-4c05-9255-e7930e80d05c,FirstNumber=101,secondNumber=154}  added by thread pool-3-thread-6
 message  {Id=5c72959b-98c5-4c05-9255-e7930e80d05c,FirstNumber=101,secondNumber=154}  written to file by thread pool-3-thread-2
 message  {Id=1c9f1505-3229-49d3-abba-a0be603182ec,FirstNumber=504,secondNumber=1834}  added by thread pool-3-thread-6
 message  {Id=1c9f1505-3229-49d3-abba-a0be603182ec,FirstNumber=504,secondNumber=1834}  written to file by thread pool-3-thread-5
 message  {Id=6440de75-a602-48a0-8c79-fba50292d04d,FirstNumber=915,secondNumber=588}  added by thread pool-3-thread-6
 message  {Id=6440de75-a602-48a0-8c79-fba50292d04d,FirstNumber=915,secondNumber=588}  written to file by thread pool-3-thread-5
 message  {Id=b0ad085a-0342-4472-b6a4-576df2c5f9f8,FirstNumber=916,secondNumber=741}  added by thread pool-3-thread-6
 message  {Id=b0ad085a-0342-4472-b6a4-576df2c5f9f8,FirstNumber=916,secondNumber=741}  written to file by thread pool-3-thread-3
 message  {Id=aa9b44bd-3fb5-4505-bbdf-1e4dbccba11e,FirstNumber=557,secondNumber=1279}  added by thread pool-3-thread-6
 message  {Id=aa9b44bd-3fb5-4505-bbdf-1e4dbccba11e,FirstNumber=557,secondNumber=1279}  written to file by thread pool-3-thread-3
 message  {Id=430de6ba-8f00-41d9-a22a-393b1c6d6fa8,FirstNumber=636,secondNumber=145}  added by thread pool-3-thread-6
 message  {Id=430de6ba-8f00-41d9-a22a-393b1c6d6fa8,FirstNumber=636,secondNumber=145}  written to file by thread pool-3-thread-2
 message  {Id=f5f3bf65-eefc-4d60-813c-df4530ca270e,FirstNumber=529,secondNumber=262}  added by thread pool-3-thread-6
 message  {Id=f5f3bf65-eefc-4d60-813c-df4530ca270e,FirstNumber=529,secondNumber=262}  written to file by thread pool-3-thread-2
 message  {Id=6e60ac18-1381-4d39-b1d8-cb6dd7e68dfa,FirstNumber=753,secondNumber=896}  added by thread pool-3-thread-6
 message  {Id=6e60ac18-1381-4d39-b1d8-cb6dd7e68dfa,FirstNumber=753,secondNumber=896}  written to file by thread pool-3-thread-5
 message  {Id=3e778832-f0fa-4cd4-8308-4a238099b9b5,FirstNumber=484,secondNumber=1136}  added by thread pool-3-thread-6
 message  {Id=3e778832-f0fa-4cd4-8308-4a238099b9b5,FirstNumber=484,secondNumber=1136}  written to file by thread pool-3-thread-5
 message  {Id=5c574f98-6cc9-48c9-b043-1ab16baf77ed,FirstNumber=312,secondNumber=957}  added by thread pool-3-thread-6
 message  {Id=5c574f98-6cc9-48c9-b043-1ab16baf77ed,FirstNumber=312,secondNumber=957}  written to file by thread pool-3-thread-3
 message  {Id=cd02f93e-45ca-43d5-9f58-649ea792ee40,FirstNumber=923,secondNumber=51}  added by thread pool-3-thread-6
 message  {Id=cd02f93e-45ca-43d5-9f58-649ea792ee40,FirstNumber=923,secondNumber=51}  written to file by thread pool-3-thread-1
 message  {Id=d61cd2fa-7e6c-4335-84be-5b982e3fbbba,FirstNumber=273,secondNumber=1580}  added by thread pool-3-thread-6
 message  {Id=d61cd2fa-7e6c-4335-84be-5b982e3fbbba,FirstNumber=273,secondNumber=1580}  written to file by thread pool-3-thread-1
 message  {Id=86b407af-2c11-4042-bfd8-b8d1d6cbaf30,FirstNumber=514,secondNumber=1334}  added by thread pool-3-thread-6
 message  {Id=86b407af-2c11-4042-bfd8-b8d1d6cbaf30,FirstNumber=514,secondNumber=1334}  written to file by thread pool-3-thread-1
 message  {Id=fa0f64b5-39eb-4dc9-bd36-23c13e44390d,FirstNumber=825,secondNumber=1005}  added by thread pool-3-thread-6
 message  {Id=fa0f64b5-39eb-4dc9-bd36-23c13e44390d,FirstNumber=825,secondNumber=1005}  written to file by thread pool-3-thread-5
 message  {Id=c7713057-474f-43f5-b742-80f13c386aea,FirstNumber=163,secondNumber=43}  added by thread pool-3-thread-6
 message  {Id=c7713057-474f-43f5-b742-80f13c386aea,FirstNumber=163,secondNumber=43}  written to file by thread pool-3-thread-5
 message  {Id=84ef4d9b-4672-4aa4-9725-1d449356dda7,FirstNumber=212,secondNumber=1925}  added by thread pool-3-thread-6
 message  {Id=84ef4d9b-4672-4aa4-9725-1d449356dda7,FirstNumber=212,secondNumber=1925}  written to file by thread pool-3-thread-2
 message  {Id=26603176-ec83-4648-8467-90ef83428c9c,FirstNumber=683,secondNumber=1547}  added by thread pool-3-thread-6
 message  {Id=26603176-ec83-4648-8467-90ef83428c9c,FirstNumber=683,secondNumber=1547}  written to file by thread pool-3-thread-2
 message  {Id=c93a00e4-c62d-498d-bf40-f7d59fd351d1,FirstNumber=766,secondNumber=88}  added by thread pool-3-thread-6
 message  {Id=c93a00e4-c62d-498d-bf40-f7d59fd351d1,FirstNumber=766,secondNumber=88}  written to file by thread pool-3-thread-2
 message  {Id=66a0b97c-c757-4f8c-9a82-3e08051e21c5,FirstNumber=220,secondNumber=1164}  added by thread pool-3-thread-6
 message  {Id=66a0b97c-c757-4f8c-9a82-3e08051e21c5,FirstNumber=220,secondNumber=1164}  written to file by thread pool-3-thread-3
 message  {Id=cfdadd5d-ed7b-48cf-966a-e78ad705e39d,FirstNumber=192,secondNumber=1809}  added by thread pool-3-thread-6
 message  {Id=cfdadd5d-ed7b-48cf-966a-e78ad705e39d,FirstNumber=192,secondNumber=1809}  written to file by thread pool-3-thread-5
 message  {Id=4a035ff2-44a8-4856-a504-4b67b7acbd52,FirstNumber=419,secondNumber=1551}  added by thread pool-3-thread-6
 message  {Id=4a035ff2-44a8-4856-a504-4b67b7acbd52,FirstNumber=419,secondNumber=1551}  written to file by thread pool-3-thread-4
 message  {Id=06d78fb8-4752-4bb9-a023-f2a5f7ee363e,FirstNumber=653,secondNumber=1979}  added by thread pool-3-thread-6
 message  {Id=06d78fb8-4752-4bb9-a023-f2a5f7ee363e,FirstNumber=653,secondNumber=1979}  written to file by thread pool-3-thread-1
 message  {Id=0bacb4c6-bfec-4ae9-9166-06495d8506e0,FirstNumber=663,secondNumber=647}  added by thread pool-3-thread-6
 message  {Id=0bacb4c6-bfec-4ae9-9166-06495d8506e0,FirstNumber=663,secondNumber=647}  written to file by thread pool-3-thread-1
 message  {Id=d1c9cd7b-fa54-4722-b5fb-962bad22370a,FirstNumber=124,secondNumber=1430}  added by thread pool-3-thread-6
 message  {Id=d1c9cd7b-fa54-4722-b5fb-962bad22370a,FirstNumber=124,secondNumber=1430}  written to file by thread pool-3-thread-1
 message  {Id=18a216a0-53e0-49c9-bafa-0fa030edea8e,FirstNumber=70,secondNumber=1949}  added by thread pool-3-thread-6
 message  {Id=18a216a0-53e0-49c9-bafa-0fa030edea8e,FirstNumber=70,secondNumber=1949}  written to file by thread pool-3-thread-5
 message  {Id=a242ee42-0bd4-4282-93b5-7833f9769e99,FirstNumber=181,secondNumber=1661}  added by thread pool-3-thread-6
 message  {Id=a242ee42-0bd4-4282-93b5-7833f9769e99,FirstNumber=181,secondNumber=1661}  written to file by thread pool-3-thread-4
 message  {Id=6a6f42dc-aa37-4719-8ad9-f6b41d9e6966,FirstNumber=423,secondNumber=291}  added by thread pool-3-thread-6
 message  {Id=6a6f42dc-aa37-4719-8ad9-f6b41d9e6966,FirstNumber=423,secondNumber=291}  written to file by thread pool-3-thread-2
 message  {Id=8d089aaf-4de4-48dc-b08c-4ce97970d655,FirstNumber=850,secondNumber=1010}  added by thread pool-3-thread-6
 message  {Id=8d089aaf-4de4-48dc-b08c-4ce97970d655,FirstNumber=850,secondNumber=1010}  written to file by thread pool-3-thread-2
 message  {Id=3a107bc3-0e67-4764-af28-b8d58b4ec1a9,FirstNumber=883,secondNumber=1271}  added by thread pool-3-thread-6
 message  {Id=3a107bc3-0e67-4764-af28-b8d58b4ec1a9,FirstNumber=883,secondNumber=1271}  written to file by thread pool-3-thread-1
 message  {Id=2c50d47c-5818-4379-822b-772910b58662,FirstNumber=465,secondNumber=369}  added by thread pool-3-thread-6
 message  {Id=2c50d47c-5818-4379-822b-772910b58662,FirstNumber=465,secondNumber=369}  written to file by thread pool-3-thread-5
 message  {Id=4cb9e49c-c7eb-4807-a8d2-3a409f9d589d,FirstNumber=952,secondNumber=1796}  added by thread pool-3-thread-6
 message  {Id=4cb9e49c-c7eb-4807-a8d2-3a409f9d589d,FirstNumber=952,secondNumber=1796}  written to file by thread pool-3-thread-4
 message  {Id=ef832a49-4a1e-498b-af1d-f5087dc7796e,FirstNumber=88,secondNumber=420}  added by thread pool-3-thread-6
 message  {Id=ef832a49-4a1e-498b-af1d-f5087dc7796e,FirstNumber=88,secondNumber=420}  written to file by thread pool-3-thread-3
 message  {Id=e99026a2-b3b0-4647-942b-c2c657f2bdc1,FirstNumber=415,secondNumber=1462}  added by thread pool-3-thread-6
 message  {Id=e99026a2-b3b0-4647-942b-c2c657f2bdc1,FirstNumber=415,secondNumber=1462}  written to file by thread pool-3-thread-2
 message  {Id=e11c2cce-5498-4c5e-8505-1ae28a0f5860,FirstNumber=885,secondNumber=1193}  added by thread pool-3-thread-6
 message  {Id=e11c2cce-5498-4c5e-8505-1ae28a0f5860,FirstNumber=885,secondNumber=1193}  written to file by thread pool-3-thread-1
 message  {Id=a2b1a53f-5312-4240-a0c6-7d3ec091e2c3,FirstNumber=609,secondNumber=619}  added by thread pool-3-thread-6
 message  {Id=a2b1a53f-5312-4240-a0c6-7d3ec091e2c3,FirstNumber=609,secondNumber=619}  written to file by thread pool-3-thread-1
 message  {Id=2177118e-3df5-4831-abc7-85c6cdc9ca40,FirstNumber=635,secondNumber=227}  added by thread pool-3-thread-6
 message  {Id=2177118e-3df5-4831-abc7-85c6cdc9ca40,FirstNumber=635,secondNumber=227}  written to file by thread pool-3-thread-4
 message  {Id=26cf06d7-14eb-4dc0-8a28-202ce643c422,FirstNumber=968,secondNumber=745}  added by thread pool-3-thread-6
 message  {Id=26cf06d7-14eb-4dc0-8a28-202ce643c422,FirstNumber=968,secondNumber=745}  written to file by thread pool-3-thread-3
 message  {Id=db3df355-67c9-4406-b808-b70ce495763b,FirstNumber=5,secondNumber=1389}  added by thread pool-3-thread-6
 message  {Id=db3df355-67c9-4406-b808-b70ce495763b,FirstNumber=5,secondNumber=1389}  written to file by thread pool-3-thread-2
 message  {Id=449668e6-1c3c-41d2-a1d8-a34e91243549,FirstNumber=222,secondNumber=210}  added by thread pool-3-thread-6
 message  {Id=449668e6-1c3c-41d2-a1d8-a34e91243549,FirstNumber=222,secondNumber=210}  written to file by thread pool-3-thread-5
 message  {Id=bab38901-acc0-466b-b743-887877a55370,FirstNumber=911,secondNumber=617}  added by thread pool-3-thread-6
 message  {Id=bab38901-acc0-466b-b743-887877a55370,FirstNumber=911,secondNumber=617}  written to file by thread pool-3-thread-5
 message  {Id=a57702b8-9420-4e1e-adf5-1c7c5d78c835,FirstNumber=894,secondNumber=1285}  added by thread pool-3-thread-6
 message  {Id=a57702b8-9420-4e1e-adf5-1c7c5d78c835,FirstNumber=894,secondNumber=1285}  written to file by thread pool-3-thread-4
 message  {Id=d5ec9dfa-46c2-4770-9678-5d104bcb7f99,FirstNumber=435,secondNumber=608}  added by thread pool-3-thread-6
 message  {Id=d5ec9dfa-46c2-4770-9678-5d104bcb7f99,FirstNumber=435,secondNumber=608}  written to file by thread pool-3-thread-3
 message  {Id=bd5e5a7b-c058-48ef-a98f-9c693d5736f8,FirstNumber=178,secondNumber=1683}  added by thread pool-3-thread-6
 message  {Id=bd5e5a7b-c058-48ef-a98f-9c693d5736f8,FirstNumber=178,secondNumber=1683}  written to file by thread pool-3-thread-2
 message  {Id=b8d97bc9-8e3e-4ecf-8438-2af4441794c9,FirstNumber=310,secondNumber=1564}  added by thread pool-3-thread-6
 message  {Id=b8d97bc9-8e3e-4ecf-8438-2af4441794c9,FirstNumber=310,secondNumber=1564}  written to file by thread pool-3-thread-2
 message  {Id=801ec1c2-69c9-4f76-b570-bf4dd89964fc,FirstNumber=736,secondNumber=447}  added by thread pool-3-thread-6
 message  {Id=801ec1c2-69c9-4f76-b570-bf4dd89964fc,FirstNumber=736,secondNumber=447}  written to file by thread pool-3-thread-5
 message  {Id=b8c77c57-c8f0-444f-a863-aa1c0e7016e5,FirstNumber=457,secondNumber=943}  added by thread pool-3-thread-6
 message  {Id=b8c77c57-c8f0-444f-a863-aa1c0e7016e5,FirstNumber=457,secondNumber=943}  written to file by thread pool-3-thread-4
 message  {Id=ca8c6d8d-d99e-4a05-96cc-4716074f2f71,FirstNumber=897,secondNumber=19}  added by thread pool-3-thread-6
 message  {Id=ca8c6d8d-d99e-4a05-96cc-4716074f2f71,FirstNumber=897,secondNumber=19}  written to file by thread pool-3-thread-3
 message  {Id=c0e9d37d-2189-4701-8979-657b85fb81ae,FirstNumber=630,secondNumber=1024}  added by thread pool-3-thread-6
 message  {Id=c0e9d37d-2189-4701-8979-657b85fb81ae,FirstNumber=630,secondNumber=1024}  written to file by thread pool-3-thread-3
 message  {Id=24400983-8c9f-4869-94f2-ca82a9c3bfde,FirstNumber=167,secondNumber=692}  added by thread pool-3-thread-6
 message  {Id=24400983-8c9f-4869-94f2-ca82a9c3bfde,FirstNumber=167,secondNumber=692}  written to file by thread pool-3-thread-3
 message  {Id=ac1e602d-42b2-4428-ab06-535ad281fa88,FirstNumber=243,secondNumber=1510}  added by thread pool-3-thread-6
 message  {Id=ac1e602d-42b2-4428-ab06-535ad281fa88,FirstNumber=243,secondNumber=1510}  written to file by thread pool-3-thread-5
 message  {Id=7fac24c6-021a-4210-a115-cb5bae826756,FirstNumber=890,secondNumber=873}  added by thread pool-3-thread-6
 message  {Id=7fac24c6-021a-4210-a115-cb5bae826756,FirstNumber=890,secondNumber=873}  written to file by thread pool-3-thread-5
 message  {Id=ce5dfdbd-16e0-4de0-9ed1-fc373131ba33,FirstNumber=347,secondNumber=631}  added by thread pool-3-thread-6
 message  {Id=ce5dfdbd-16e0-4de0-9ed1-fc373131ba33,FirstNumber=347,secondNumber=631}  written to file by thread pool-3-thread-1
 message  {Id=ec3c9470-6015-43d3-a042-da4e6e0fd70b,FirstNumber=984,secondNumber=1365}  added by thread pool-3-thread-6
 message  {Id=ec3c9470-6015-43d3-a042-da4e6e0fd70b,FirstNumber=984,secondNumber=1365}  written to file by thread pool-3-thread-1
 message  {Id=92974cb3-14ee-41d0-a6ea-e75705da8fb9,FirstNumber=705,secondNumber=508}  added by thread pool-3-thread-6
 message  {Id=92974cb3-14ee-41d0-a6ea-e75705da8fb9,FirstNumber=705,secondNumber=508}  written to file by thread pool-3-thread-3
 message  {Id=f2bdd5c7-516d-4ff5-b6ee-e5b6d370ace7,FirstNumber=661,secondNumber=1386}  added by thread pool-3-thread-6
 message  {Id=f2bdd5c7-516d-4ff5-b6ee-e5b6d370ace7,FirstNumber=661,secondNumber=1386}  written to file by thread pool-3-thread-4
 message  {Id=30d89f77-2bc1-4fcc-b2dd-c22fb9659042,FirstNumber=243,secondNumber=1156}  added by thread pool-3-thread-6
 message  {Id=30d89f77-2bc1-4fcc-b2dd-c22fb9659042,FirstNumber=243,secondNumber=1156}  written to file by thread pool-3-thread-4
 message  {Id=402803e9-4f3d-4976-b2f9-aa809393c28e,FirstNumber=728,secondNumber=1189}  added by thread pool-3-thread-6
 message  {Id=402803e9-4f3d-4976-b2f9-aa809393c28e,FirstNumber=728,secondNumber=1189}  written to file by thread pool-3-thread-2
 message  {Id=ddfece67-2ef6-42ac-adab-c5ebee72447b,FirstNumber=34,secondNumber=1747}  added by thread pool-3-thread-6
 message  {Id=ddfece67-2ef6-42ac-adab-c5ebee72447b,FirstNumber=34,secondNumber=1747}  written to file by thread pool-3-thread-2
 message  {Id=c39f5f4c-bd3f-4682-a1eb-ca6ba915c239,FirstNumber=870,secondNumber=1982}  added by thread pool-3-thread-6
 message  {Id=c39f5f4c-bd3f-4682-a1eb-ca6ba915c239,FirstNumber=870,secondNumber=1982}  written to file by thread pool-3-thread-3
 message  {Id=131b045e-9ebc-4221-b21f-c85ee9b84365,FirstNumber=914,secondNumber=693}  added by thread pool-3-thread-6
 message  {Id=131b045e-9ebc-4221-b21f-c85ee9b84365,FirstNumber=914,secondNumber=693}  written to file by thread pool-3-thread-3
 message  {Id=bdc8f788-e8ce-4a59-ae68-a2b376e83632,FirstNumber=349,secondNumber=201}  added by thread pool-3-thread-6
 message  {Id=bdc8f788-e8ce-4a59-ae68-a2b376e83632,FirstNumber=349,secondNumber=201}  written to file by thread pool-3-thread-4
 message  {Id=7cb22e00-66d8-4c1f-b0c4-76b11aeb9419,FirstNumber=222,secondNumber=374}  added by thread pool-3-thread-6
 message  {Id=7cb22e00-66d8-4c1f-b0c4-76b11aeb9419,FirstNumber=222,secondNumber=374}  written to file by thread pool-3-thread-1
 message  {Id=86c0506b-c79a-4d55-96cc-d74dc9592d39,FirstNumber=846,secondNumber=779}  added by thread pool-3-thread-6
 message  {Id=86c0506b-c79a-4d55-96cc-d74dc9592d39,FirstNumber=846,secondNumber=779}  written to file by thread pool-3-thread-2
 message  {Id=440b35db-73e1-4fb9-8b95-deab6f41a658,FirstNumber=763,secondNumber=1180}  added by thread pool-3-thread-6
 message  {Id=440b35db-73e1-4fb9-8b95-deab6f41a658,FirstNumber=763,secondNumber=1180}  written to file by thread pool-3-thread-5
 message  {Id=18ddd041-7881-4ce0-ab69-c9d3b52325cd,FirstNumber=997,secondNumber=1375}  added by thread pool-3-thread-6
 message  {Id=18ddd041-7881-4ce0-ab69-c9d3b52325cd,FirstNumber=997,secondNumber=1375}  written to file by thread pool-3-thread-5
 message  {Id=54998476-e023-4457-bfda-3224744a3b6a,FirstNumber=370,secondNumber=1370}  added by thread pool-3-thread-6
 message  {Id=54998476-e023-4457-bfda-3224744a3b6a,FirstNumber=370,secondNumber=1370}  written to file by thread pool-3-thread-4
 message  {Id=800f5f24-23b6-4b2f-aed5-01badb1f2dc0,FirstNumber=963,secondNumber=1935}  added by thread pool-3-thread-6
 message  {Id=800f5f24-23b6-4b2f-aed5-01badb1f2dc0,FirstNumber=963,secondNumber=1935}  written to file by thread pool-3-thread-4
 message  {Id=77c26907-44a9-4b59-ab98-e3557193de5b,FirstNumber=409,secondNumber=1016}  added by thread pool-3-thread-6
 message  {Id=77c26907-44a9-4b59-ab98-e3557193de5b,FirstNumber=409,secondNumber=1016}  written to file by thread pool-3-thread-2
 message  {Id=1bdc297c-1436-4d3c-9d08-e96394d729b4,FirstNumber=747,secondNumber=1179}  added by thread pool-3-thread-6
 message  {Id=1bdc297c-1436-4d3c-9d08-e96394d729b4,FirstNumber=747,secondNumber=1179}  written to file by thread pool-3-thread-3
 message  {Id=bdd6c028-c71e-4bed-bac4-9a4c6f156044,FirstNumber=746,secondNumber=1079}  added by thread pool-3-thread-6
 message  {Id=bdd6c028-c71e-4bed-bac4-9a4c6f156044,FirstNumber=746,secondNumber=1079}  written to file by thread pool-3-thread-5
 message  {Id=784feb7e-4252-4398-807b-dc262ae9d507,FirstNumber=188,secondNumber=789}  added by thread pool-3-thread-6
 message  {Id=784feb7e-4252-4398-807b-dc262ae9d507,FirstNumber=188,secondNumber=789}  written to file by thread pool-3-thread-1
 message  {Id=c6624635-7371-47e6-8747-9adc60aa55e3,FirstNumber=866,secondNumber=996}  added by thread pool-3-thread-6
 message  {Id=c6624635-7371-47e6-8747-9adc60aa55e3,FirstNumber=866,secondNumber=996}  written to file by thread pool-3-thread-1
 message  {Id=291eb54f-430c-4251-83d8-889eef4a00f4,FirstNumber=671,secondNumber=986}  added by thread pool-3-thread-6
 message  {Id=291eb54f-430c-4251-83d8-889eef4a00f4,FirstNumber=671,secondNumber=986}  written to file by thread pool-3-thread-1
 message  {Id=3b69c640-f121-4ce4-9359-2916ce3ef061,FirstNumber=828,secondNumber=652}  added by thread pool-3-thread-6
 message  {Id=3b69c640-f121-4ce4-9359-2916ce3ef061,FirstNumber=828,secondNumber=652}  written to file by thread pool-3-thread-3
 message  {Id=bc126fe1-d4c7-44de-a044-75502d2d5137,FirstNumber=337,secondNumber=1341}  added by thread pool-3-thread-6
 message  {Id=bc126fe1-d4c7-44de-a044-75502d2d5137,FirstNumber=337,secondNumber=1341}  written to file by thread pool-3-thread-3
 message  {Id=d85527ad-9769-43c6-86ad-fa5bf1c84cf7,FirstNumber=681,secondNumber=1005}  added by thread pool-3-thread-6
 message  {Id=d85527ad-9769-43c6-86ad-fa5bf1c84cf7,FirstNumber=681,secondNumber=1005}  written to file by thread pool-3-thread-4
 message  {Id=a1ca3bf9-a0ed-4fb9-84c8-503d1b150de6,FirstNumber=631,secondNumber=822}  added by thread pool-3-thread-6
 message  {Id=a1ca3bf9-a0ed-4fb9-84c8-503d1b150de6,FirstNumber=631,secondNumber=822}  written to file by thread pool-3-thread-4
 message  {Id=c64137cc-e97f-4164-9a07-9f3ad9face90,FirstNumber=368,secondNumber=671}  added by thread pool-3-thread-6
 message  {Id=c64137cc-e97f-4164-9a07-9f3ad9face90,FirstNumber=368,secondNumber=671}  written to file by thread pool-3-thread-1
 message  {Id=742870e5-828e-4798-8ef5-9bdea1ddde2f,FirstNumber=70,secondNumber=106}  added by thread pool-3-thread-6
 message  {Id=742870e5-828e-4798-8ef5-9bdea1ddde2f,FirstNumber=70,secondNumber=106}  written to file by thread pool-3-thread-1
 message  {Id=074b7327-a85c-4070-b765-045638de8e68,FirstNumber=985,secondNumber=1950}  added by thread pool-3-thread-6
 message  {Id=074b7327-a85c-4070-b765-045638de8e68,FirstNumber=985,secondNumber=1950}  written to file by thread pool-3-thread-3
 message  {Id=3e418d75-a8ef-44ea-9646-37bd586dd446,FirstNumber=805,secondNumber=558}  added by thread pool-3-thread-6
 message  {Id=3e418d75-a8ef-44ea-9646-37bd586dd446,FirstNumber=805,secondNumber=558}  written to file by thread pool-3-thread-3
 message  {Id=40ef0523-13ff-44e5-88fc-4fab89c1b756,FirstNumber=215,secondNumber=1363}  added by thread pool-3-thread-6
 message  {Id=40ef0523-13ff-44e5-88fc-4fab89c1b756,FirstNumber=215,secondNumber=1363}  written to file by thread pool-3-thread-4
 message  {Id=88e9d32e-8f31-4606-bd8f-e5b47d3b820e,FirstNumber=351,secondNumber=1754}  added by thread pool-3-thread-6
 message  {Id=88e9d32e-8f31-4606-bd8f-e5b47d3b820e,FirstNumber=351,secondNumber=1754}  written to file by thread pool-3-thread-4
 message  {Id=9312be89-b13b-4f93-8439-115692fe5cb4,FirstNumber=814,secondNumber=352}  added by thread pool-3-thread-6
 message  {Id=9312be89-b13b-4f93-8439-115692fe5cb4,FirstNumber=814,secondNumber=352}  written to file by thread pool-3-thread-4
 message  {Id=f24b86a9-b4a4-4daa-b69d-7467b5a5141a,FirstNumber=744,secondNumber=76}  added by thread pool-3-thread-6
 message  {Id=f24b86a9-b4a4-4daa-b69d-7467b5a5141a,FirstNumber=744,secondNumber=76}  written to file by thread pool-3-thread-2
 message  {Id=b6ac2210-a161-4821-8f3e-3e29ce75d846,FirstNumber=890,secondNumber=730}  added by thread pool-3-thread-6
 message  {Id=b6ac2210-a161-4821-8f3e-3e29ce75d846,FirstNumber=890,secondNumber=730}  written to file by thread pool-3-thread-3
 message  {Id=d71fab7c-9b12-409c-8dd3-e81dc1957806,FirstNumber=429,secondNumber=982}  added by thread pool-3-thread-6
 message  {Id=d71fab7c-9b12-409c-8dd3-e81dc1957806,FirstNumber=429,secondNumber=982}  written to file by thread pool-3-thread-3
 message  {Id=0e631ca3-37a8-461f-b427-d63e3edf91c7,FirstNumber=568,secondNumber=1090}  added by thread pool-3-thread-6
 message  {Id=0e631ca3-37a8-461f-b427-d63e3edf91c7,FirstNumber=568,secondNumber=1090}  written to file by thread pool-3-thread-1
 message  {Id=7a815cfc-e6b2-4ba2-ae61-44be7382a91c,FirstNumber=383,secondNumber=1486}  added by thread pool-3-thread-6
 message  {Id=7a815cfc-e6b2-4ba2-ae61-44be7382a91c,FirstNumber=383,secondNumber=1486}  written to file by thread pool-3-thread-4
 message  {Id=dd63e52e-6258-49bc-b069-ac373e9155da,FirstNumber=680,secondNumber=774}  added by thread pool-3-thread-6
 message  {Id=dd63e52e-6258-49bc-b069-ac373e9155da,FirstNumber=680,secondNumber=774}  written to file by thread pool-3-thread-4
 message  {Id=64256698-6f20-4410-815a-f46d2e19aa8d,FirstNumber=647,secondNumber=318}  added by thread pool-3-thread-6
 message  {Id=64256698-6f20-4410-815a-f46d2e19aa8d,FirstNumber=647,secondNumber=318}  written to file by thread pool-3-thread-5
 message  {Id=49718b14-7a3e-41c3-a8b9-e40b63ab324e,FirstNumber=581,secondNumber=1941}  added by thread pool-3-thread-6
 message  {Id=49718b14-7a3e-41c3-a8b9-e40b63ab324e,FirstNumber=581,secondNumber=1941}  written to file by thread pool-3-thread-3
 message  {Id=efee413d-6029-4da9-974b-a03bcecde350,FirstNumber=450,secondNumber=683}  added by thread pool-3-thread-6
 message  {Id=efee413d-6029-4da9-974b-a03bcecde350,FirstNumber=450,secondNumber=683}  written to file by thread pool-3-thread-3
 message  {Id=07c1bad6-5cca-45aa-b595-6090d654a0cb,FirstNumber=861,secondNumber=47}  added by thread pool-3-thread-6
 message  {Id=07c1bad6-5cca-45aa-b595-6090d654a0cb,FirstNumber=861,secondNumber=47}  written to file by thread pool-3-thread-2
 message  {Id=a5e28d66-518d-48c6-b36f-863e8a85bd38,FirstNumber=782,secondNumber=181}  added by thread pool-3-thread-6
 message  {Id=a5e28d66-518d-48c6-b36f-863e8a85bd38,FirstNumber=782,secondNumber=181}  written to file by thread pool-3-thread-2
 message  {Id=4a8ad2cb-19e8-4e1b-82d9-e1ad7e198586,FirstNumber=406,secondNumber=616}  added by thread pool-3-thread-6
 message  {Id=4a8ad2cb-19e8-4e1b-82d9-e1ad7e198586,FirstNumber=406,secondNumber=616}  written to file by thread pool-3-thread-5
 message  {Id=14258dce-f131-4aee-9477-80f727849ec9,FirstNumber=256,secondNumber=1156}  added by thread pool-3-thread-6
 message  {Id=14258dce-f131-4aee-9477-80f727849ec9,FirstNumber=256,secondNumber=1156}  written to file by thread pool-3-thread-5
 message  {Id=d70a5e8a-e035-478f-bcf3-d30b8f275ecc,FirstNumber=454,secondNumber=930}  added by thread pool-3-thread-6
 message  {Id=d70a5e8a-e035-478f-bcf3-d30b8f275ecc,FirstNumber=454,secondNumber=930}  written to file by thread pool-3-thread-3
 message  {Id=893925cc-8d62-4688-b86b-ac3d2a97cc98,FirstNumber=764,secondNumber=1013}  added by thread pool-3-thread-6
 message  {Id=893925cc-8d62-4688-b86b-ac3d2a97cc98,FirstNumber=764,secondNumber=1013}  written to file by thread pool-3-thread-3
 message  {Id=701608ee-d49d-4eaf-b205-490393732f0d,FirstNumber=432,secondNumber=1817}  added by thread pool-3-thread-6
 message  {Id=701608ee-d49d-4eaf-b205-490393732f0d,FirstNumber=432,secondNumber=1817}  written to file by thread pool-3-thread-2
 message  {Id=ee3f8887-52bb-4a14-b8fb-b0374943a6c6,FirstNumber=521,secondNumber=1001}  added by thread pool-3-thread-6
 message  {Id=ee3f8887-52bb-4a14-b8fb-b0374943a6c6,FirstNumber=521,secondNumber=1001}  written to file by thread pool-3-thread-2
 message  {Id=3785e361-b474-497e-8342-ff742a840655,FirstNumber=216,secondNumber=1983}  added by thread pool-3-thread-6
 message  {Id=3785e361-b474-497e-8342-ff742a840655,FirstNumber=216,secondNumber=1983}  written to file by thread pool-3-thread-5
 message  {Id=55573f8b-5200-4389-8679-743bf641634b,FirstNumber=290,secondNumber=1884}  added by thread pool-3-thread-6
 message  {Id=55573f8b-5200-4389-8679-743bf641634b,FirstNumber=290,secondNumber=1884}  written to file by thread pool-3-thread-5
 message  {Id=20845f9e-d66a-4df7-bac7-845cd7bfcc9b,FirstNumber=260,secondNumber=201}  added by thread pool-3-thread-6
 message  {Id=20845f9e-d66a-4df7-bac7-845cd7bfcc9b,FirstNumber=260,secondNumber=201}  written to file by thread pool-3-thread-3
 message  {Id=7f22427c-2591-4153-88a2-80ddb52ffe70,FirstNumber=940,secondNumber=987}  added by thread pool-3-thread-6
 message  {Id=7f22427c-2591-4153-88a2-80ddb52ffe70,FirstNumber=940,secondNumber=987}  written to file by thread pool-3-thread-3
 message  {Id=6e93947b-3738-4399-bc82-cf1a254e575d,FirstNumber=472,secondNumber=1396}  added by thread pool-3-thread-6
 message  {Id=6e93947b-3738-4399-bc82-cf1a254e575d,FirstNumber=472,secondNumber=1396}  written to file by thread pool-3-thread-3
 message  {Id=94d6ee23-430f-4c5f-a424-0175fc19a123,FirstNumber=960,secondNumber=330}  added by thread pool-3-thread-6
 message  {Id=94d6ee23-430f-4c5f-a424-0175fc19a123,FirstNumber=960,secondNumber=330}  written to file by thread pool-3-thread-4
 message  {Id=46170ca2-66db-4fc1-989e-841d3010926b,FirstNumber=410,secondNumber=1428}  added by thread pool-3-thread-6
 message  {Id=46170ca2-66db-4fc1-989e-841d3010926b,FirstNumber=410,secondNumber=1428}  written to file by thread pool-3-thread-4
 message  {Id=e34cdcc1-06a1-4530-854b-c0646468736c,FirstNumber=831,secondNumber=1980}  added by thread pool-3-thread-6
 message  {Id=e34cdcc1-06a1-4530-854b-c0646468736c,FirstNumber=831,secondNumber=1980}  written to file by thread pool-3-thread-4
 message  {Id=72752137-592c-41d6-8b37-d597dce9b075,FirstNumber=423,secondNumber=661}  added by thread pool-3-thread-6
 message  {Id=72752137-592c-41d6-8b37-d597dce9b075,FirstNumber=423,secondNumber=661}  written to file by thread pool-3-thread-2
 message  {Id=2ef648dc-abfb-43f3-87d3-fb9ca293e255,FirstNumber=579,secondNumber=510}  added by thread pool-3-thread-6
 message  {Id=2ef648dc-abfb-43f3-87d3-fb9ca293e255,FirstNumber=579,secondNumber=510}  written to file by thread pool-3-thread-3
 message  {Id=f39ea985-98a0-4bea-85d9-8df63460570a,FirstNumber=616,secondNumber=829}  added by thread pool-3-thread-6
 message  {Id=f39ea985-98a0-4bea-85d9-8df63460570a,FirstNumber=616,secondNumber=829}  written to file by thread pool-3-thread-5
 message  {Id=39afac92-3062-44fe-916a-20f07db927cb,FirstNumber=662,secondNumber=1761}  added by thread pool-3-thread-6
 message  {Id=39afac92-3062-44fe-916a-20f07db927cb,FirstNumber=662,secondNumber=1761}  written to file by thread pool-3-thread-5
 message  {Id=f51fb532-1af3-44ad-a89b-934035776def,FirstNumber=581,secondNumber=1506}  added by thread pool-3-thread-6
 message  {Id=f51fb532-1af3-44ad-a89b-934035776def,FirstNumber=581,secondNumber=1506}  written to file by thread pool-3-thread-4
 message  {Id=adb0228c-a01c-45c4-b400-59efcb870384,FirstNumber=119,secondNumber=763}  added by thread pool-3-thread-6
 message  {Id=adb0228c-a01c-45c4-b400-59efcb870384,FirstNumber=119,secondNumber=763}  written to file by thread pool-3-thread-2
 message  {Id=daae8576-83ef-4a6e-80d6-775fd0df819a,FirstNumber=549,secondNumber=1449}  added by thread pool-3-thread-6
 message  {Id=daae8576-83ef-4a6e-80d6-775fd0df819a,FirstNumber=549,secondNumber=1449}  written to file by thread pool-3-thread-2
 message  {Id=ec70f833-ec27-4829-afe7-faa931aa5874,FirstNumber=875,secondNumber=1023}  added by thread pool-3-thread-6
 message  {Id=ec70f833-ec27-4829-afe7-faa931aa5874,FirstNumber=875,secondNumber=1023}  written to file by thread pool-3-thread-1
 message  {Id=1a58fb09-5834-4d79-ad21-a1a9143e6b55,FirstNumber=754,secondNumber=1268}  added by thread pool-3-thread-6
 message  {Id=1a58fb09-5834-4d79-ad21-a1a9143e6b55,FirstNumber=754,secondNumber=1268}  written to file by thread pool-3-thread-1
 message  {Id=e80b6ad3-bd7c-4df7-8386-44317632105d,FirstNumber=96,secondNumber=224}  added by thread pool-3-thread-6
 message  {Id=e80b6ad3-bd7c-4df7-8386-44317632105d,FirstNumber=96,secondNumber=224}  written to file by thread pool-3-thread-4
 message  {Id=c3e7d4f1-9b8e-4c8e-ab7e-89091360fa67,FirstNumber=168,secondNumber=387}  added by thread pool-3-thread-6
 message  {Id=c3e7d4f1-9b8e-4c8e-ab7e-89091360fa67,FirstNumber=168,secondNumber=387}  written to file by thread pool-3-thread-3
 message  {Id=9113e7f6-475f-4679-bc8b-759ed5fe6e24,FirstNumber=344,secondNumber=1897}  added by thread pool-3-thread-6
 message  {Id=9113e7f6-475f-4679-bc8b-759ed5fe6e24,FirstNumber=344,secondNumber=1897}  written to file by thread pool-3-thread-3
 message  {Id=2ed6dc9e-9bdd-43d2-b88a-f620e3013476,FirstNumber=276,secondNumber=1283}  added by thread pool-3-thread-6
 message  {Id=2ed6dc9e-9bdd-43d2-b88a-f620e3013476,FirstNumber=276,secondNumber=1283}  written to file by thread pool-3-thread-5
 message  {Id=a73b1c71-a112-47f7-b014-14f6530f1337,FirstNumber=361,secondNumber=1365}  added by thread pool-3-thread-6
 message  {Id=a73b1c71-a112-47f7-b014-14f6530f1337,FirstNumber=361,secondNumber=1365}  written to file by thread pool-3-thread-5
 message  {Id=42dc128e-facf-428a-a243-0d0315ac6fc2,FirstNumber=528,secondNumber=651}  added by thread pool-3-thread-6
 message  {Id=42dc128e-facf-428a-a243-0d0315ac6fc2,FirstNumber=528,secondNumber=651}  written to file by thread pool-3-thread-4
 message  {Id=11846ff0-0170-425a-9179-d9eeda244a82,FirstNumber=121,secondNumber=1216}  added by thread pool-3-thread-6
 message  {Id=11846ff0-0170-425a-9179-d9eeda244a82,FirstNumber=121,secondNumber=1216}  written to file by thread pool-3-thread-4
 message  {Id=ad135442-6089-4b2d-8c6b-1e2b88dab7e2,FirstNumber=657,secondNumber=926}  added by thread pool-3-thread-6
 message  {Id=ad135442-6089-4b2d-8c6b-1e2b88dab7e2,FirstNumber=657,secondNumber=926}  written to file by thread pool-3-thread-3
 message  {Id=8f11c07c-7ccd-42b2-bdc9-9873ab6de1cf,FirstNumber=787,secondNumber=1522}  added by thread pool-3-thread-6
 message  {Id=8f11c07c-7ccd-42b2-bdc9-9873ab6de1cf,FirstNumber=787,secondNumber=1522}  written to file by thread pool-3-thread-3
 message  {Id=694e7899-e202-4a31-ab71-300f25e07612,FirstNumber=963,secondNumber=1585}  added by thread pool-3-thread-6
 message  {Id=694e7899-e202-4a31-ab71-300f25e07612,FirstNumber=963,secondNumber=1585}  written to file by thread pool-3-thread-5
 message  {Id=58026046-bd6b-4e32-a8a3-dca7df36ed14,FirstNumber=24,secondNumber=1194}  added by thread pool-3-thread-6
 message  {Id=58026046-bd6b-4e32-a8a3-dca7df36ed14,FirstNumber=24,secondNumber=1194}  written to file by thread pool-3-thread-2
 message  {Id=85f64498-d080-40b4-995b-03cb50e3482f,FirstNumber=123,secondNumber=1360}  added by thread pool-3-thread-6
 message  {Id=85f64498-d080-40b4-995b-03cb50e3482f,FirstNumber=123,secondNumber=1360}  written to file by thread pool-3-thread-2
 message  {Id=aafdade9-6d68-4c37-84c0-035f27a6d2bb,FirstNumber=370,secondNumber=487}  added by thread pool-3-thread-6
 message  {Id=aafdade9-6d68-4c37-84c0-035f27a6d2bb,FirstNumber=370,secondNumber=487}  written to file by thread pool-3-thread-1
 message  {Id=5f11d59f-359c-480b-af34-08736a5639af,FirstNumber=454,secondNumber=344}  added by thread pool-3-thread-6
 message  {Id=5f11d59f-359c-480b-af34-08736a5639af,FirstNumber=454,secondNumber=344}  written to file by thread pool-3-thread-3
 message  {Id=82921a54-3e67-4735-9ad5-ea8833aab371,FirstNumber=906,secondNumber=1278}  added by thread pool-3-thread-6
 message  {Id=82921a54-3e67-4735-9ad5-ea8833aab371,FirstNumber=906,secondNumber=1278}  written to file by thread pool-3-thread-5
 message  {Id=acb2afb1-0fea-4ced-b507-8a92f037ed32,FirstNumber=503,secondNumber=257}  added by thread pool-3-thread-6
 message  {Id=acb2afb1-0fea-4ced-b507-8a92f037ed32,FirstNumber=503,secondNumber=257}  written to file by thread pool-3-thread-4
 message  {Id=9ba41946-f8d7-4106-a1c9-8d86891d3b28,FirstNumber=91,secondNumber=1533}  added by thread pool-3-thread-6
 message  {Id=9ba41946-f8d7-4106-a1c9-8d86891d3b28,FirstNumber=91,secondNumber=1533}  written to file by thread pool-3-thread-2
 message  {Id=26a1809c-7a5c-4a26-b924-7f2868e21f79,FirstNumber=29,secondNumber=1434}  added by thread pool-3-thread-6
 message  {Id=26a1809c-7a5c-4a26-b924-7f2868e21f79,FirstNumber=29,secondNumber=1434}  written to file by thread pool-3-thread-2
 message  {Id=34d52c37-b7ff-49cc-821c-0a95eaa913cc,FirstNumber=841,secondNumber=1859}  added by thread pool-3-thread-6
 message  {Id=34d52c37-b7ff-49cc-821c-0a95eaa913cc,FirstNumber=841,secondNumber=1859}  written to file by thread pool-3-thread-3
 message  {Id=a34256a4-0788-4145-bd7d-492e557d954e,FirstNumber=366,secondNumber=51}  added by thread pool-3-thread-6
 message  {Id=a34256a4-0788-4145-bd7d-492e557d954e,FirstNumber=366,secondNumber=51}  written to file by thread pool-3-thread-5
 message  {Id=88c91765-07c7-42d1-ad05-2404e3ef55e3,FirstNumber=287,secondNumber=1283}  added by thread pool-3-thread-6
 message  {Id=88c91765-07c7-42d1-ad05-2404e3ef55e3,FirstNumber=287,secondNumber=1283}  written to file by thread pool-3-thread-4
 message  {Id=250043ab-224c-4f85-a425-684f34627807,FirstNumber=327,secondNumber=936}  added by thread pool-3-thread-6
 message  {Id=250043ab-224c-4f85-a425-684f34627807,FirstNumber=327,secondNumber=936}  written to file by thread pool-3-thread-4
 message  {Id=e6750b1e-d2a0-459c-90df-912bd441c406,FirstNumber=300,secondNumber=605}  added by thread pool-3-thread-6
 message  {Id=e6750b1e-d2a0-459c-90df-912bd441c406,FirstNumber=300,secondNumber=605}  written to file by thread pool-3-thread-2
 message  {Id=6eb8e948-a1b3-4f62-bc68-38e0e43198bb,FirstNumber=282,secondNumber=1207}  added by thread pool-3-thread-6
 message  {Id=6eb8e948-a1b3-4f62-bc68-38e0e43198bb,FirstNumber=282,secondNumber=1207}  written to file by thread pool-3-thread-3
 message  {Id=1e66ae5d-b5e9-4628-8bc8-8bd36393d5b3,FirstNumber=517,secondNumber=590}  added by thread pool-3-thread-6
 message  {Id=1e66ae5d-b5e9-4628-8bc8-8bd36393d5b3,FirstNumber=517,secondNumber=590}  written to file by thread pool-3-thread-3
 message  {Id=ac1c332c-494a-4cfc-8c87-5ae3ee297c8f,FirstNumber=833,secondNumber=163}  added by thread pool-3-thread-6
 message  {Id=ac1c332c-494a-4cfc-8c87-5ae3ee297c8f,FirstNumber=833,secondNumber=163}  written to file by thread pool-3-thread-1
 message  {Id=d5843d77-185d-4def-88b8-2da352427d5d,FirstNumber=288,secondNumber=1690}  added by thread pool-3-thread-6
 message  {Id=d5843d77-185d-4def-88b8-2da352427d5d,FirstNumber=288,secondNumber=1690}  written to file by thread pool-3-thread-4
 message  {Id=99932b98-a35d-43e6-89cf-d96ac881487a,FirstNumber=388,secondNumber=263}  added by thread pool-3-thread-6
 message  {Id=99932b98-a35d-43e6-89cf-d96ac881487a,FirstNumber=388,secondNumber=263}  written to file by thread pool-3-thread-2
 message  {Id=0eca58c8-ca06-4ce5-9cb3-b2ceefc695cb,FirstNumber=454,secondNumber=822}  added by thread pool-3-thread-6
 message  {Id=0eca58c8-ca06-4ce5-9cb3-b2ceefc695cb,FirstNumber=454,secondNumber=822}  written to file by thread pool-3-thread-2
 message  {Id=51f77f10-be6e-4ec7-922e-71b34848090b,FirstNumber=176,secondNumber=1128}  added by thread pool-3-thread-6
 message  {Id=51f77f10-be6e-4ec7-922e-71b34848090b,FirstNumber=176,secondNumber=1128}  written to file by thread pool-3-thread-3
 message  {Id=37492270-e0e0-4a66-84df-c1b4cd1baf8d,FirstNumber=270,secondNumber=629}  added by thread pool-3-thread-6
 message  {Id=37492270-e0e0-4a66-84df-c1b4cd1baf8d,FirstNumber=270,secondNumber=629}  written to file by thread pool-3-thread-1
 message  {Id=354f18b6-1cd5-4285-80b9-d8b748f8cb73,FirstNumber=985,secondNumber=708}  added by thread pool-3-thread-6
 message  {Id=354f18b6-1cd5-4285-80b9-d8b748f8cb73,FirstNumber=985,secondNumber=708}  written to file by thread pool-3-thread-1
 message  {Id=81a5cbc0-3edc-440c-a312-55e5e88b412f,FirstNumber=905,secondNumber=549}  added by thread pool-3-thread-6
 message  {Id=81a5cbc0-3edc-440c-a312-55e5e88b412f,FirstNumber=905,secondNumber=549}  written to file by thread pool-3-thread-5
 message  {Id=9b69dc96-8a13-40c9-b4c3-9eb76d41f8f2,FirstNumber=724,secondNumber=1515}  added by thread pool-3-thread-6
 message  {Id=9b69dc96-8a13-40c9-b4c3-9eb76d41f8f2,FirstNumber=724,secondNumber=1515}  written to file by thread pool-3-thread-2
 message  {Id=71f6b287-f62c-45c8-ba64-1cdcc83d1d88,FirstNumber=22,secondNumber=1460}  added by thread pool-3-thread-6
 message  {Id=71f6b287-f62c-45c8-ba64-1cdcc83d1d88,FirstNumber=22,secondNumber=1460}  written to file by thread pool-3-thread-2
 message  {Id=aa0c89d4-4dcf-4efe-b731-1e0069a2297e,FirstNumber=290,secondNumber=356}  added by thread pool-3-thread-6
 message  {Id=aa0c89d4-4dcf-4efe-b731-1e0069a2297e,FirstNumber=290,secondNumber=356}  written to file by thread pool-3-thread-4
 message  {Id=d8d1ad44-b2a9-41c3-8877-deda54c7cf8b,FirstNumber=954,secondNumber=94}  added by thread pool-3-thread-6
 message  {Id=d8d1ad44-b2a9-41c3-8877-deda54c7cf8b,FirstNumber=954,secondNumber=94}  written to file by thread pool-3-thread-1
 message  {Id=36db090f-34c3-490c-9c7d-b2fefe259ed8,FirstNumber=162,secondNumber=785}  added by thread pool-3-thread-6
 message  {Id=36db090f-34c3-490c-9c7d-b2fefe259ed8,FirstNumber=162,secondNumber=785}  written to file by thread pool-3-thread-5
 message  {Id=6154aa1a-bac8-45e1-bd4e-4e111a9c9013,FirstNumber=929,secondNumber=112}  added by thread pool-3-thread-6
 message  {Id=6154aa1a-bac8-45e1-bd4e-4e111a9c9013,FirstNumber=929,secondNumber=112}  written to file by thread pool-3-thread-3
 message  {Id=6058cb90-2da5-4b8c-8add-c5e69faca5ef,FirstNumber=862,secondNumber=724}  added by thread pool-3-thread-6
 message  {Id=6058cb90-2da5-4b8c-8add-c5e69faca5ef,FirstNumber=862,secondNumber=724}  written to file by thread pool-3-thread-3
 message  {Id=52fb08eb-266c-4de6-891c-13318a2277c1,FirstNumber=595,secondNumber=1523}  added by thread pool-3-thread-6
 message  {Id=52fb08eb-266c-4de6-891c-13318a2277c1,FirstNumber=595,secondNumber=1523}  written to file by thread pool-3-thread-3
 message  {Id=a751e79d-0d6d-40ff-a738-60a376bb09a4,FirstNumber=919,secondNumber=143}  added by thread pool-3-thread-6
 message  {Id=a751e79d-0d6d-40ff-a738-60a376bb09a4,FirstNumber=919,secondNumber=143}  written to file by thread pool-3-thread-1
 message  {Id=217140d4-51a2-4804-b46e-37ee3f0707e8,FirstNumber=486,secondNumber=1432}  added by thread pool-3-thread-6
 message  {Id=217140d4-51a2-4804-b46e-37ee3f0707e8,FirstNumber=486,secondNumber=1432}  written to file by thread pool-3-thread-1
 message  {Id=5313084c-7b9e-461b-9fa0-d590d7922239,FirstNumber=353,secondNumber=1220}  added by thread pool-3-thread-6
 message  {Id=5313084c-7b9e-461b-9fa0-d590d7922239,FirstNumber=353,secondNumber=1220}  written to file by thread pool-3-thread-2
 message  {Id=19826761-91fa-49d3-b7d8-8f5853476c15,FirstNumber=165,secondNumber=1781}  added by thread pool-3-thread-6
 message  {Id=19826761-91fa-49d3-b7d8-8f5853476c15,FirstNumber=165,secondNumber=1781}  written to file by thread pool-3-thread-2
 message  {Id=06d354fd-4b5a-4472-b259-5b9ccc2e8ae8,FirstNumber=394,secondNumber=1014}  added by thread pool-3-thread-6
 message  {Id=06d354fd-4b5a-4472-b259-5b9ccc2e8ae8,FirstNumber=394,secondNumber=1014}  written to file by thread pool-3-thread-3
 message  {Id=27292c36-53ca-4054-9be8-c8409a5f1d21,FirstNumber=840,secondNumber=971}  added by thread pool-3-thread-6
 message  {Id=27292c36-53ca-4054-9be8-c8409a5f1d21,FirstNumber=840,secondNumber=971}  written to file by thread pool-3-thread-5
 message  {Id=56eb7a9f-c12b-4a8a-a960-8c6784389771,FirstNumber=1,secondNumber=1389}  added by thread pool-3-thread-6
 message  {Id=56eb7a9f-c12b-4a8a-a960-8c6784389771,FirstNumber=1,secondNumber=1389}  written to file by thread pool-3-thread-1
 message  {Id=d3d78c45-e01a-4a03-828f-70c96b1e7963,FirstNumber=994,secondNumber=1004}  added by thread pool-3-thread-6
 message  {Id=d3d78c45-e01a-4a03-828f-70c96b1e7963,FirstNumber=994,secondNumber=1004}  written to file by thread pool-3-thread-4
 message  {Id=cc92dfaa-c89c-4fee-ac98-95b32ad83479,FirstNumber=666,secondNumber=692}  added by thread pool-3-thread-6
 message  {Id=cc92dfaa-c89c-4fee-ac98-95b32ad83479,FirstNumber=666,secondNumber=692}  written to file by thread pool-3-thread-4
 message  {Id=22bfe0b8-03f7-4ce9-b98b-3d30aa3bcc36,FirstNumber=705,secondNumber=1444}  added by thread pool-3-thread-6
 message  {Id=22bfe0b8-03f7-4ce9-b98b-3d30aa3bcc36,FirstNumber=705,secondNumber=1444}  written to file by thread pool-3-thread-3
 message  {Id=f0e43f74-c5e5-45d2-89e3-788370e9c056,FirstNumber=504,secondNumber=499}  added by thread pool-3-thread-6
 message  {Id=f0e43f74-c5e5-45d2-89e3-788370e9c056,FirstNumber=504,secondNumber=499}  written to file by thread pool-3-thread-5
 message  {Id=9a9afa12-f2c3-4da3-87e2-bdfbef7ca7bd,FirstNumber=535,secondNumber=404}  added by thread pool-3-thread-6
 message  {Id=9a9afa12-f2c3-4da3-87e2-bdfbef7ca7bd,FirstNumber=535,secondNumber=404}  written to file by thread pool-3-thread-1
 message  {Id=cb9b7519-8768-4a56-8f3c-d7a8eb48b0c3,FirstNumber=964,secondNumber=9}  added by thread pool-3-thread-6
 message  {Id=cb9b7519-8768-4a56-8f3c-d7a8eb48b0c3,FirstNumber=964,secondNumber=9}  written to file by thread pool-3-thread-1
 message  {Id=5ab98cc3-69c0-4488-9875-244698d35c0a,FirstNumber=464,secondNumber=927}  added by thread pool-3-thread-6
 message  {Id=5ab98cc3-69c0-4488-9875-244698d35c0a,FirstNumber=464,secondNumber=927}  written to file by thread pool-3-thread-4
 message  {Id=b36730ab-117a-41f6-8904-875972a52e9e,FirstNumber=171,secondNumber=139}  added by thread pool-3-thread-6
 message  {Id=b36730ab-117a-41f6-8904-875972a52e9e,FirstNumber=171,secondNumber=139}  written to file by thread pool-3-thread-3
 message  {Id=dd774d50-7a62-4926-9b7f-18e2f9b4509c,FirstNumber=23,secondNumber=622}  added by thread pool-3-thread-6
 message  {Id=dd774d50-7a62-4926-9b7f-18e2f9b4509c,FirstNumber=23,secondNumber=622}  written to file by thread pool-3-thread-5
 message  {Id=eba7a0b7-2c64-4e4a-8981-1be429940ce7,FirstNumber=284,secondNumber=509}  added by thread pool-3-thread-6
 message  {Id=eba7a0b7-2c64-4e4a-8981-1be429940ce7,FirstNumber=284,secondNumber=509}  written to file by thread pool-3-thread-5
 message  {Id=25bc2000-d23a-4b5b-84ef-40e651e78792,FirstNumber=638,secondNumber=1565}  added by thread pool-3-thread-6
 message  {Id=25bc2000-d23a-4b5b-84ef-40e651e78792,FirstNumber=638,secondNumber=1565}  written to file by thread pool-3-thread-1
 message  {Id=356dd37b-0a0b-4303-92f0-ad4ac0a1a0a3,FirstNumber=310,secondNumber=1051}  added by thread pool-3-thread-6
 message  {Id=356dd37b-0a0b-4303-92f0-ad4ac0a1a0a3,FirstNumber=310,secondNumber=1051}  written to file by thread pool-3-thread-1
 message  {Id=4cbbafe4-1e79-4c50-ba39-7a4202390d94,FirstNumber=463,secondNumber=1644}  added by thread pool-3-thread-6
 message  {Id=4cbbafe4-1e79-4c50-ba39-7a4202390d94,FirstNumber=463,secondNumber=1644}  written to file by thread pool-3-thread-3
 message  {Id=249cda9c-fa6f-4e80-8518-65ed071c5931,FirstNumber=565,secondNumber=536}  added by thread pool-3-thread-6
 message  {Id=249cda9c-fa6f-4e80-8518-65ed071c5931,FirstNumber=565,secondNumber=536}  written to file by thread pool-3-thread-2
 message  {Id=f75eee41-0164-4d9b-887e-e6267af3b1b7,FirstNumber=178,secondNumber=1651}  added by thread pool-3-thread-6
 message  {Id=f75eee41-0164-4d9b-887e-e6267af3b1b7,FirstNumber=178,secondNumber=1651}  written to file by thread pool-3-thread-5
 message  {Id=a5d26fc8-d79e-4924-8415-3e23c30cceb7,FirstNumber=878,secondNumber=936}  added by thread pool-3-thread-6
 message  {Id=a5d26fc8-d79e-4924-8415-3e23c30cceb7,FirstNumber=878,secondNumber=936}  written to file by thread pool-3-thread-5
 message  {Id=8a2d697b-0363-4085-bc12-20712bb86378,FirstNumber=216,secondNumber=1204}  added by thread pool-3-thread-6
 message  {Id=8a2d697b-0363-4085-bc12-20712bb86378,FirstNumber=216,secondNumber=1204}  written to file by thread pool-3-thread-5
 message  {Id=e62b8064-0780-4f1b-b21c-d4838127b7d2,FirstNumber=80,secondNumber=1415}  added by thread pool-3-thread-6
 message  {Id=e62b8064-0780-4f1b-b21c-d4838127b7d2,FirstNumber=80,secondNumber=1415}  written to file by thread pool-3-thread-3
 message  {Id=2c36637f-653e-4f3d-848b-0bfaf6a647fb,FirstNumber=339,secondNumber=1661}  added by thread pool-3-thread-6
 message  {Id=2c36637f-653e-4f3d-848b-0bfaf6a647fb,FirstNumber=339,secondNumber=1661}  written to file by thread pool-3-thread-3
 message  {Id=165682c1-6371-41d4-9a95-122881f990a8,FirstNumber=609,secondNumber=1560}  added by thread pool-3-thread-6
 message  {Id=165682c1-6371-41d4-9a95-122881f990a8,FirstNumber=609,secondNumber=1560}  written to file by thread pool-3-thread-4
 message  {Id=261d94de-1594-4390-81f2-1eb359957e2e,FirstNumber=473,secondNumber=1535}  added by thread pool-3-thread-6
 message  {Id=261d94de-1594-4390-81f2-1eb359957e2e,FirstNumber=473,secondNumber=1535}  written to file by thread pool-3-thread-1
 message  {Id=ae0f89d7-125e-47ca-a8a1-deb1900fbbb1,FirstNumber=838,secondNumber=565}  added by thread pool-3-thread-6
 message  {Id=ae0f89d7-125e-47ca-a8a1-deb1900fbbb1,FirstNumber=838,secondNumber=565}  written to file by thread pool-3-thread-1
 message  {Id=87de4761-205b-4c83-8ec0-c551cc356db9,FirstNumber=877,secondNumber=1278}  added by thread pool-3-thread-6
 message  {Id=87de4761-205b-4c83-8ec0-c551cc356db9,FirstNumber=877,secondNumber=1278}  written to file by thread pool-3-thread-2
 message  {Id=5d62f547-8a4c-4101-b3dc-a6ba136eb9d0,FirstNumber=968,secondNumber=1002}  added by thread pool-3-thread-6
 message  {Id=5d62f547-8a4c-4101-b3dc-a6ba136eb9d0,FirstNumber=968,secondNumber=1002}  written to file by thread pool-3-thread-3
 message  {Id=b6275a9b-7630-4cdd-8892-c97258df1081,FirstNumber=114,secondNumber=982}  added by thread pool-3-thread-6
 message  {Id=b6275a9b-7630-4cdd-8892-c97258df1081,FirstNumber=114,secondNumber=982}  written to file by thread pool-3-thread-3
 message  {Id=0df6a058-2d25-470a-9532-8902d019cada,FirstNumber=253,secondNumber=1197}  added by thread pool-3-thread-6
 message  {Id=0df6a058-2d25-470a-9532-8902d019cada,FirstNumber=253,secondNumber=1197}  written to file by thread pool-3-thread-5
 message  {Id=a6f52861-05d4-4876-919e-c962ae4082f9,FirstNumber=51,secondNumber=1727}  added by thread pool-3-thread-6
 message  {Id=a6f52861-05d4-4876-919e-c962ae4082f9,FirstNumber=51,secondNumber=1727}  written to file by thread pool-3-thread-5
 message  {Id=f18a06e9-a86e-466f-a184-092ac69eb06d,FirstNumber=622,secondNumber=1139}  added by thread pool-3-thread-6
 message  {Id=f18a06e9-a86e-466f-a184-092ac69eb06d,FirstNumber=622,secondNumber=1139}  written to file by thread pool-3-thread-2
 message  {Id=9069a398-b649-4434-9fde-7a538a6fd903,FirstNumber=263,secondNumber=782}  added by thread pool-3-thread-6
 message  {Id=9069a398-b649-4434-9fde-7a538a6fd903,FirstNumber=263,secondNumber=782}  written to file by thread pool-3-thread-4
 message  {Id=884ce05f-72e6-42b0-9731-f5a83203e65a,FirstNumber=616,secondNumber=1684}  added by thread pool-3-thread-6
 message  {Id=884ce05f-72e6-42b0-9731-f5a83203e65a,FirstNumber=616,secondNumber=1684}  written to file by thread pool-3-thread-3
 message  {Id=52831334-ea17-4469-8c19-54de7dfa0b00,FirstNumber=685,secondNumber=1341}  added by thread pool-3-thread-6
 message  {Id=52831334-ea17-4469-8c19-54de7dfa0b00,FirstNumber=685,secondNumber=1341}  written to file by thread pool-3-thread-1
 message  {Id=35d548ee-65c8-4ec6-b611-b250984b8f2d,FirstNumber=186,secondNumber=763}  added by thread pool-3-thread-6
 message  {Id=35d548ee-65c8-4ec6-b611-b250984b8f2d,FirstNumber=186,secondNumber=763}  written to file by thread pool-3-thread-1
 message  {Id=bbf9e1e2-7aba-4ef1-bc14-3180dc573b05,FirstNumber=764,secondNumber=1307}  added by thread pool-3-thread-6
 message  {Id=bbf9e1e2-7aba-4ef1-bc14-3180dc573b05,FirstNumber=764,secondNumber=1307}  written to file by thread pool-3-thread-1
 message  {Id=175c7188-48ce-4c4c-b93a-763c5d7c47b7,FirstNumber=988,secondNumber=864}  added by thread pool-3-thread-6
 message  {Id=175c7188-48ce-4c4c-b93a-763c5d7c47b7,FirstNumber=988,secondNumber=864}  written to file by thread pool-3-thread-4
 message  {Id=57ebeeac-5dc4-4385-833a-b4cdd985484e,FirstNumber=267,secondNumber=623}  added by thread pool-3-thread-6
 message  {Id=57ebeeac-5dc4-4385-833a-b4cdd985484e,FirstNumber=267,secondNumber=623}  written to file by thread pool-3-thread-4
 message  {Id=07a708bd-d84a-4cde-aa44-3c881e6fb659,FirstNumber=678,secondNumber=360}  added by thread pool-3-thread-6
 message  {Id=07a708bd-d84a-4cde-aa44-3c881e6fb659,FirstNumber=678,secondNumber=360}  written to file by thread pool-3-thread-5
 message  {Id=a074c2eb-73dd-4e5d-87e0-2d451c103555,FirstNumber=28,secondNumber=1933}  added by thread pool-3-thread-6
 message  {Id=a074c2eb-73dd-4e5d-87e0-2d451c103555,FirstNumber=28,secondNumber=1933}  written to file by thread pool-3-thread-5
 message  {Id=2d8c2cee-fc06-4342-a818-b178498aff3e,FirstNumber=897,secondNumber=1177}  added by thread pool-3-thread-6
 message  {Id=2d8c2cee-fc06-4342-a818-b178498aff3e,FirstNumber=897,secondNumber=1177}  written to file by thread pool-3-thread-5
 message  {Id=1519553b-413e-4563-b14a-dd186567434e,FirstNumber=553,secondNumber=361}  added by thread pool-3-thread-6
 message  {Id=1519553b-413e-4563-b14a-dd186567434e,FirstNumber=553,secondNumber=361}  written to file by thread pool-3-thread-3
 message  {Id=14820f41-2c5c-4447-9ecf-a6b7cfab5c29,FirstNumber=960,secondNumber=1091}  added by thread pool-3-thread-6
 message  {Id=14820f41-2c5c-4447-9ecf-a6b7cfab5c29,FirstNumber=960,secondNumber=1091}  written to file by thread pool-3-thread-4
 message  {Id=0c47416c-2d5d-4033-9014-b9ba83c82f0e,FirstNumber=452,secondNumber=264}  added by thread pool-3-thread-6
 message  {Id=0c47416c-2d5d-4033-9014-b9ba83c82f0e,FirstNumber=452,secondNumber=264}  written to file by thread pool-3-thread-4
 message  {Id=93e79242-51de-4f7e-8739-149863ccd4f4,FirstNumber=909,secondNumber=655}  added by thread pool-3-thread-6
 message  {Id=93e79242-51de-4f7e-8739-149863ccd4f4,FirstNumber=909,secondNumber=655}  written to file by thread pool-3-thread-1
 message  {Id=916feb2c-0a53-42a4-9c0e-6b6bed2d3b19,FirstNumber=563,secondNumber=1950}  added by thread pool-3-thread-6
 message  {Id=916feb2c-0a53-42a4-9c0e-6b6bed2d3b19,FirstNumber=563,secondNumber=1950}  written to file by thread pool-3-thread-5
 message  {Id=7b00b3ac-f040-47b9-95a9-a9bb414dbd3c,FirstNumber=194,secondNumber=98}  added by thread pool-3-thread-6
 message  {Id=7b00b3ac-f040-47b9-95a9-a9bb414dbd3c,FirstNumber=194,secondNumber=98}  written to file by thread pool-3-thread-5
 message  {Id=6103cc86-98dd-4f54-901a-10836118e600,FirstNumber=560,secondNumber=820}  added by thread pool-3-thread-6
 message  {Id=6103cc86-98dd-4f54-901a-10836118e600,FirstNumber=560,secondNumber=820}  written to file by thread pool-3-thread-2
 message  {Id=60afa7e2-b80b-4a06-b538-23b380a192b1,FirstNumber=515,secondNumber=1513}  added by thread pool-3-thread-6
 message  {Id=60afa7e2-b80b-4a06-b538-23b380a192b1,FirstNumber=515,secondNumber=1513}  written to file by thread pool-3-thread-4
 message  {Id=b7ea1c3d-cef8-4cad-99c3-5a931864f19d,FirstNumber=135,secondNumber=1391}  added by thread pool-3-thread-6
 message  {Id=b7ea1c3d-cef8-4cad-99c3-5a931864f19d,FirstNumber=135,secondNumber=1391}  written to file by thread pool-3-thread-4
 message  {Id=3178a13f-49ec-4cc3-95fe-e783b5191522,FirstNumber=938,secondNumber=265}  added by thread pool-3-thread-6
 message  {Id=3178a13f-49ec-4cc3-95fe-e783b5191522,FirstNumber=938,secondNumber=265}  written to file by thread pool-3-thread-3
 message  {Id=0695ca5c-98ac-491c-8d9b-6e7468597e80,FirstNumber=534,secondNumber=1534}  added by thread pool-3-thread-6
 message  {Id=0695ca5c-98ac-491c-8d9b-6e7468597e80,FirstNumber=534,secondNumber=1534}  written to file by thread pool-3-thread-5
 message  {Id=06d1e04f-ed0b-49b7-9eb2-f0a35842bb98,FirstNumber=186,secondNumber=1377}  added by thread pool-3-thread-6
 message  {Id=06d1e04f-ed0b-49b7-9eb2-f0a35842bb98,FirstNumber=186,secondNumber=1377}  written to file by thread pool-3-thread-5
 message  {Id=00e19191-5fac-4b2b-8e64-8199e8816063,FirstNumber=256,secondNumber=1158}  added by thread pool-3-thread-6
 message  {Id=00e19191-5fac-4b2b-8e64-8199e8816063,FirstNumber=256,secondNumber=1158}  written to file by thread pool-3-thread-1
 message  {Id=6ca2b0a0-2b64-4787-8da2-830c9fe64017,FirstNumber=233,secondNumber=1381}  added by thread pool-3-thread-6
 message  {Id=6ca2b0a0-2b64-4787-8da2-830c9fe64017,FirstNumber=233,secondNumber=1381}  written to file by thread pool-3-thread-4
 message  {Id=1b1249d8-10de-431d-b002-68cda06db2ac,FirstNumber=16,secondNumber=433}  added by thread pool-3-thread-6
 message  {Id=1b1249d8-10de-431d-b002-68cda06db2ac,FirstNumber=16,secondNumber=433}  written to file by thread pool-3-thread-4
 message  {Id=c986ce07-9bc7-42fb-ae56-3cf121d9667f,FirstNumber=885,secondNumber=1177}  added by thread pool-3-thread-6
 message  {Id=c986ce07-9bc7-42fb-ae56-3cf121d9667f,FirstNumber=885,secondNumber=1177}  written to file by thread pool-3-thread-2
 message  {Id=c6ec33cd-70f6-44e8-90e3-b22e62959da9,FirstNumber=493,secondNumber=1401}  added by thread pool-3-thread-6
 message  {Id=c6ec33cd-70f6-44e8-90e3-b22e62959da9,FirstNumber=493,secondNumber=1401}  written to file by thread pool-3-thread-2
 message  {Id=4052e9b1-849d-40ed-936b-16785d081140,FirstNumber=725,secondNumber=582}  added by thread pool-3-thread-6
 message  {Id=4052e9b1-849d-40ed-936b-16785d081140,FirstNumber=725,secondNumber=582}  written to file by thread pool-3-thread-1
 message  {Id=36ac5102-b24b-4515-94f3-b114782d2de2,FirstNumber=317,secondNumber=501}  added by thread pool-3-thread-6
 message  {Id=36ac5102-b24b-4515-94f3-b114782d2de2,FirstNumber=317,secondNumber=501}  written to file by thread pool-3-thread-1
 message  {Id=b66fbbda-7f6e-426d-8d9d-7b60d2c334ed,FirstNumber=140,secondNumber=512}  added by thread pool-3-thread-6
 message  {Id=b66fbbda-7f6e-426d-8d9d-7b60d2c334ed,FirstNumber=140,secondNumber=512}  written to file by thread pool-3-thread-4
 message  {Id=66d1d23f-ac07-4599-b4e5-57654bae8d73,FirstNumber=83,secondNumber=956}  added by thread pool-3-thread-6
 message  {Id=66d1d23f-ac07-4599-b4e5-57654bae8d73,FirstNumber=83,secondNumber=956}  written to file by thread pool-3-thread-4
 message  {Id=44f9769f-94e6-48a3-9e29-a59504f0837a,FirstNumber=477,secondNumber=577}  added by thread pool-3-thread-6
 message  {Id=44f9769f-94e6-48a3-9e29-a59504f0837a,FirstNumber=477,secondNumber=577}  written to file by thread pool-3-thread-2
 message  {Id=638aff97-0a50-4637-85a5-e6ed7204ea36,FirstNumber=803,secondNumber=33}  added by thread pool-3-thread-6
 message  {Id=638aff97-0a50-4637-85a5-e6ed7204ea36,FirstNumber=803,secondNumber=33}  written to file by thread pool-3-thread-2
 message  {Id=ade3528d-9520-4fa0-859b-88da0cb0e493,FirstNumber=31,secondNumber=756}  added by thread pool-3-thread-6
 message  {Id=ade3528d-9520-4fa0-859b-88da0cb0e493,FirstNumber=31,secondNumber=756}  written to file by thread pool-3-thread-1
 message  {Id=4cc789e8-bb32-488d-a601-150612fdc589,FirstNumber=401,secondNumber=1600}  added by thread pool-3-thread-6
 message  {Id=4cc789e8-bb32-488d-a601-150612fdc589,FirstNumber=401,secondNumber=1600}  written to file by thread pool-3-thread-1
 message  {Id=df76a727-cd14-45fb-b819-1b298c6e3878,FirstNumber=137,secondNumber=546}  added by thread pool-3-thread-6
 message  {Id=df76a727-cd14-45fb-b819-1b298c6e3878,FirstNumber=137,secondNumber=546}  written to file by thread pool-3-thread-4
 message  {Id=78ecaf1a-6da7-46b5-82cf-20ed3144dd70,FirstNumber=185,secondNumber=151}  added by thread pool-3-thread-6
 message  {Id=78ecaf1a-6da7-46b5-82cf-20ed3144dd70,FirstNumber=185,secondNumber=151}  written to file by thread pool-3-thread-4
 message  {Id=8d4791fa-f37e-4adf-92b3-fd5ce5f3cd70,FirstNumber=116,secondNumber=1396}  added by thread pool-3-thread-6
 message  {Id=8d4791fa-f37e-4adf-92b3-fd5ce5f3cd70,FirstNumber=116,secondNumber=1396}  written to file by thread pool-3-thread-2
 message  {Id=dc17204a-f782-4700-9ce9-5c86fcfc9550,FirstNumber=999,secondNumber=1872}  added by thread pool-3-thread-6
 message  {Id=dc17204a-f782-4700-9ce9-5c86fcfc9550,FirstNumber=999,secondNumber=1872}  written to file by thread pool-3-thread-2
 message  {Id=6622fe85-9bf5-4607-95bf-22965e69d6f7,FirstNumber=514,secondNumber=34}  added by thread pool-3-thread-6
 message  {Id=6622fe85-9bf5-4607-95bf-22965e69d6f7,FirstNumber=514,secondNumber=34}  written to file by thread pool-3-thread-1
 message  {Id=7cec111c-b88c-47c4-87fe-96a6dadcbfa5,FirstNumber=602,secondNumber=1909}  added by thread pool-3-thread-6
 message  {Id=7cec111c-b88c-47c4-87fe-96a6dadcbfa5,FirstNumber=602,secondNumber=1909}  written to file by thread pool-3-thread-1
 message  {Id=0f363850-258b-40f3-868a-bfbe6f55aa9b,FirstNumber=897,secondNumber=139}  added by thread pool-3-thread-6
 message  {Id=0f363850-258b-40f3-868a-bfbe6f55aa9b,FirstNumber=897,secondNumber=139}  written to file by thread pool-3-thread-4
 message  {Id=1f3c4126-9c68-43ec-9933-45c834bedc2d,FirstNumber=211,secondNumber=1327}  added by thread pool-3-thread-6
 message  {Id=1f3c4126-9c68-43ec-9933-45c834bedc2d,FirstNumber=211,secondNumber=1327}  written to file by thread pool-3-thread-4
 message  {Id=dc3f03b1-0601-42b9-a71d-93dcb890498a,FirstNumber=125,secondNumber=1115}  added by thread pool-3-thread-6
 message  {Id=dc3f03b1-0601-42b9-a71d-93dcb890498a,FirstNumber=125,secondNumber=1115}  written to file by thread pool-3-thread-2
 message  {Id=7bd18de8-4c80-4b7d-b42b-3b96d4da520c,FirstNumber=193,secondNumber=316}  added by thread pool-3-thread-6
 message  {Id=7bd18de8-4c80-4b7d-b42b-3b96d4da520c,FirstNumber=193,secondNumber=316}  written to file by thread pool-3-thread-2
 message  {Id=d9849c7c-daba-4d98-b426-1f5a27748a0e,FirstNumber=734,secondNumber=833}  added by thread pool-3-thread-6
 message  {Id=d9849c7c-daba-4d98-b426-1f5a27748a0e,FirstNumber=734,secondNumber=833}  written to file by thread pool-3-thread-1
 message  {Id=40d9a365-c9bb-4a10-9061-dab653f52628,FirstNumber=129,secondNumber=391}  added by thread pool-3-thread-6
 message  {Id=40d9a365-c9bb-4a10-9061-dab653f52628,FirstNumber=129,secondNumber=391}  written to file by thread pool-3-thread-1
 message  {Id=da01c823-7abf-40d7-9110-afd1e98daab0,FirstNumber=748,secondNumber=1748}  added by thread pool-3-thread-6
 message  {Id=da01c823-7abf-40d7-9110-afd1e98daab0,FirstNumber=748,secondNumber=1748}  written to file by thread pool-3-thread-4
 message  {Id=01969aa9-964b-4c60-98dc-358beed44581,FirstNumber=321,secondNumber=194}  added by thread pool-3-thread-6
 message  {Id=01969aa9-964b-4c60-98dc-358beed44581,FirstNumber=321,secondNumber=194}  written to file by thread pool-3-thread-3
 message  {Id=14acd9ae-2b01-457a-b7c6-4583f1e6e032,FirstNumber=548,secondNumber=1647}  added by thread pool-3-thread-6
 message  {Id=14acd9ae-2b01-457a-b7c6-4583f1e6e032,FirstNumber=548,secondNumber=1647}  written to file by thread pool-3-thread-2
 message  {Id=d7a63c77-6f03-40fa-9106-170859c785b1,FirstNumber=284,secondNumber=1592}  added by thread pool-3-thread-6
 message  {Id=d7a63c77-6f03-40fa-9106-170859c785b1,FirstNumber=284,secondNumber=1592}  written to file by thread pool-3-thread-5
 message  {Id=ef01e92f-fd0c-49fd-b24d-479f60b82edb,FirstNumber=603,secondNumber=1964}  added by thread pool-3-thread-6
 message  {Id=ef01e92f-fd0c-49fd-b24d-479f60b82edb,FirstNumber=603,secondNumber=1964}  written to file by thread pool-3-thread-1
 message  {Id=92859d55-c92a-40cc-a835-afb94af29131,FirstNumber=338,secondNumber=923}  added by thread pool-3-thread-6
 message  {Id=92859d55-c92a-40cc-a835-afb94af29131,FirstNumber=338,secondNumber=923}  written to file by thread pool-3-thread-4
 message  {Id=b85e85e2-0af3-474e-a01f-bcb9667ae1b3,FirstNumber=948,secondNumber=86}  added by thread pool-3-thread-6
 message  {Id=b85e85e2-0af3-474e-a01f-bcb9667ae1b3,FirstNumber=948,secondNumber=86}  written to file by thread pool-3-thread-3
 message  {Id=bd286d43-0cfc-4ce7-8ec5-b32b22f34023,FirstNumber=348,secondNumber=946}  added by thread pool-3-thread-6
 message  {Id=bd286d43-0cfc-4ce7-8ec5-b32b22f34023,FirstNumber=348,secondNumber=946}  written to file by thread pool-3-thread-2
 message  {Id=35805cca-e2f7-457f-abee-deefde53d758,FirstNumber=276,secondNumber=1042}  added by thread pool-3-thread-6
 message  {Id=35805cca-e2f7-457f-abee-deefde53d758,FirstNumber=276,secondNumber=1042}  written to file by thread pool-3-thread-5
 message  {Id=c5585497-e01c-4173-b490-e562a3cd5240,FirstNumber=112,secondNumber=144}  added by thread pool-3-thread-6
 message  {Id=c5585497-e01c-4173-b490-e562a3cd5240,FirstNumber=112,secondNumber=144}  written to file by thread pool-3-thread-1
 message  {Id=820c39d6-353d-48c8-a17f-042344a45939,FirstNumber=998,secondNumber=1280}  added by thread pool-3-thread-6
 message  {Id=74e7913a-2038-43aa-88a5-55e80b78c578,FirstNumber=458,secondNumber=527}  added by thread pool-3-thread-6
 message  {Id=820c39d6-353d-48c8-a17f-042344a45939,FirstNumber=998,secondNumber=1280}  written to file by thread pool-3-thread-4
 message  {Id=74e7913a-2038-43aa-88a5-55e80b78c578,FirstNumber=458,secondNumber=527}  written to file by thread pool-3-thread-3
 message  {Id=d6ed553b-c907-4da3-849d-3e395c552daa,FirstNumber=580,secondNumber=528}  added by thread pool-3-thread-6
 message  {Id=d6ed553b-c907-4da3-849d-3e395c552daa,FirstNumber=580,secondNumber=528}  written to file by thread pool-3-thread-2
 message  {Id=f9a238f3-7231-488b-9677-4b70e9081fa0,FirstNumber=589,secondNumber=1403}  added by thread pool-3-thread-6
 message  {Id=f9a238f3-7231-488b-9677-4b70e9081fa0,FirstNumber=589,secondNumber=1403}  written to file by thread pool-3-thread-5
 message  {Id=d22d89d5-8314-45e5-be63-70cd9ea888ad,FirstNumber=826,secondNumber=1405}  added by thread pool-3-thread-6
 message  {Id=d22d89d5-8314-45e5-be63-70cd9ea888ad,FirstNumber=826,secondNumber=1405}  written to file by thread pool-3-thread-5
 message  {Id=137597f3-9ad2-4c64-805b-bbbd29e9e663,FirstNumber=212,secondNumber=1593}  added by thread pool-3-thread-6
 message  {Id=137597f3-9ad2-4c64-805b-bbbd29e9e663,FirstNumber=212,secondNumber=1593}  written to file by thread pool-3-thread-5
 message  {Id=887d431b-ba04-4388-a88e-a32217917337,FirstNumber=197,secondNumber=274}  added by thread pool-3-thread-6
 message  {Id=887d431b-ba04-4388-a88e-a32217917337,FirstNumber=197,secondNumber=274}  written to file by thread pool-3-thread-5
 message  {Id=ba91c59f-f519-40e9-88ec-704ea72ce8aa,FirstNumber=748,secondNumber=1909}  added by thread pool-3-thread-6
 message  {Id=ba91c59f-f519-40e9-88ec-704ea72ce8aa,FirstNumber=748,secondNumber=1909}  written to file by thread pool-3-thread-2
 message  {Id=5cc5f164-873b-492c-8f69-ba7e4662ccc7,FirstNumber=415,secondNumber=1121}  added by thread pool-3-thread-6
 message  {Id=5cc5f164-873b-492c-8f69-ba7e4662ccc7,FirstNumber=415,secondNumber=1121}  written to file by thread pool-3-thread-1
 message  {Id=ab26c24f-9271-4ba7-9c5e-758395ca8c4b,FirstNumber=441,secondNumber=1945}  added by thread pool-3-thread-6
 message  {Id=ab26c24f-9271-4ba7-9c5e-758395ca8c4b,FirstNumber=441,secondNumber=1945}  written to file by thread pool-3-thread-1
 message  {Id=009bdee3-afac-4745-a6b5-45aecb2c2396,FirstNumber=455,secondNumber=1189}  added by thread pool-3-thread-6
 message  {Id=009bdee3-afac-4745-a6b5-45aecb2c2396,FirstNumber=455,secondNumber=1189}  written to file by thread pool-3-thread-4
 message  {Id=f6b5d83e-7f3e-4331-b533-b8cd2621cfad,FirstNumber=171,secondNumber=1624}  added by thread pool-3-thread-6
 message  {Id=f6b5d83e-7f3e-4331-b533-b8cd2621cfad,FirstNumber=171,secondNumber=1624}  written to file by thread pool-3-thread-4
 message  {Id=86076768-1ae7-4cc5-97d2-f71d0c6af492,FirstNumber=333,secondNumber=1898}  added by thread pool-3-thread-6
 message  {Id=86076768-1ae7-4cc5-97d2-f71d0c6af492,FirstNumber=333,secondNumber=1898}  written to file by thread pool-3-thread-4
 message  {Id=8a07e944-643c-4419-9409-8b71b99d0866,FirstNumber=289,secondNumber=1727}  added by thread pool-3-thread-6
 message  {Id=8a07e944-643c-4419-9409-8b71b99d0866,FirstNumber=289,secondNumber=1727}  written to file by thread pool-3-thread-2
 message  {Id=db62273f-c407-4bce-8819-926ada78db5e,FirstNumber=748,secondNumber=422}  added by thread pool-3-thread-6
 message  {Id=db62273f-c407-4bce-8819-926ada78db5e,FirstNumber=748,secondNumber=422}  written to file by thread pool-3-thread-3
 message  {Id=9aa16245-e8cb-4145-95ed-164007221a24,FirstNumber=903,secondNumber=289}  added by thread pool-3-thread-6
 message  {Id=9aa16245-e8cb-4145-95ed-164007221a24,FirstNumber=903,secondNumber=289}  written to file by thread pool-3-thread-5
 message  {Id=7295d17f-7c61-4f51-9aa2-1a4d6651f1da,FirstNumber=28,secondNumber=269}  added by thread pool-3-thread-6
 message  {Id=7295d17f-7c61-4f51-9aa2-1a4d6651f1da,FirstNumber=28,secondNumber=269}  written to file by thread pool-3-thread-5
 message  {Id=b432d334-7702-43fc-9073-33cc6fc68388,FirstNumber=282,secondNumber=1594}  added by thread pool-3-thread-6
 message  {Id=b432d334-7702-43fc-9073-33cc6fc68388,FirstNumber=282,secondNumber=1594}  written to file by thread pool-3-thread-4
 message  {Id=b52936e2-9ddb-4b22-99b1-0e4e4fd94b0a,FirstNumber=64,secondNumber=522}  added by thread pool-3-thread-6
 message  {Id=b52936e2-9ddb-4b22-99b1-0e4e4fd94b0a,FirstNumber=64,secondNumber=522}  written to file by thread pool-3-thread-2
 message  {Id=8154416e-f178-4ad5-98d9-ef4f71cacf0e,FirstNumber=516,secondNumber=1096}  added by thread pool-3-thread-6
 message  {Id=8154416e-f178-4ad5-98d9-ef4f71cacf0e,FirstNumber=516,secondNumber=1096}  written to file by thread pool-3-thread-3
 message  {Id=a5425058-54bc-48a6-ad21-0b0c888d558a,FirstNumber=538,secondNumber=232}  added by thread pool-3-thread-6
 message  {Id=a5425058-54bc-48a6-ad21-0b0c888d558a,FirstNumber=538,secondNumber=232}  written to file by thread pool-3-thread-1
 message  {Id=78f05b8b-7d39-483e-9a81-77ee258aa5ef,FirstNumber=479,secondNumber=982}  added by thread pool-3-thread-6
 message  {Id=78f05b8b-7d39-483e-9a81-77ee258aa5ef,FirstNumber=479,secondNumber=982}  written to file by thread pool-3-thread-1
 message  {Id=ea1c013a-d776-4240-b2b5-42973ebb5339,FirstNumber=166,secondNumber=1225}  added by thread pool-3-thread-6
 message  {Id=ea1c013a-d776-4240-b2b5-42973ebb5339,FirstNumber=166,secondNumber=1225}  written to file by thread pool-3-thread-4
 message  {Id=0e8fb3f8-2706-463c-ba14-edab87ea99b1,FirstNumber=36,secondNumber=113}  added by thread pool-3-thread-6
 message  {Id=0e8fb3f8-2706-463c-ba14-edab87ea99b1,FirstNumber=36,secondNumber=113}  written to file by thread pool-3-thread-2
 message  {Id=696aca6c-31c3-4259-9e85-dba73441574f,FirstNumber=662,secondNumber=1380}  added by thread pool-3-thread-6
 message  {Id=696aca6c-31c3-4259-9e85-dba73441574f,FirstNumber=662,secondNumber=1380}  written to file by thread pool-3-thread-3
 message  {Id=beb08c20-2560-4acf-8365-39a90d478da6,FirstNumber=817,secondNumber=423}  added by thread pool-3-thread-6
 message  {Id=beb08c20-2560-4acf-8365-39a90d478da6,FirstNumber=817,secondNumber=423}  written to file by thread pool-3-thread-5
 message  {Id=fd2223dd-25e5-4095-bb6e-a992f35c1750,FirstNumber=136,secondNumber=1813}  added by thread pool-3-thread-6
 message  {Id=fd2223dd-25e5-4095-bb6e-a992f35c1750,FirstNumber=136,secondNumber=1813}  written to file by thread pool-3-thread-1
 message  {Id=2b9f7d2c-f575-468d-8417-1ef01bfcc87a,FirstNumber=793,secondNumber=1914}  added by thread pool-3-thread-6
 message  {Id=2b9f7d2c-f575-468d-8417-1ef01bfcc87a,FirstNumber=793,secondNumber=1914}  written to file by thread pool-3-thread-4
 message  {Id=978dcb42-2600-4f0e-9ade-4c56c0357016,FirstNumber=492,secondNumber=199}  added by thread pool-3-thread-6
 message  {Id=978dcb42-2600-4f0e-9ade-4c56c0357016,FirstNumber=492,secondNumber=199}  written to file by thread pool-3-thread-2
 message  {Id=4415fa68-7d09-4721-b8e1-d99856d14b6a,FirstNumber=644,secondNumber=1253}  added by thread pool-3-thread-6
 message  {Id=4415fa68-7d09-4721-b8e1-d99856d14b6a,FirstNumber=644,secondNumber=1253}  written to file by thread pool-3-thread-3
 message  {Id=2b7f5f27-fdf6-4ee2-944a-2d797af9a88b,FirstNumber=960,secondNumber=341}  added by thread pool-3-thread-6
 message  {Id=2b7f5f27-fdf6-4ee2-944a-2d797af9a88b,FirstNumber=960,secondNumber=341}  written to file by thread pool-3-thread-5
 message  {Id=7f1af252-d064-48ad-b038-e5b4458773b6,FirstNumber=652,secondNumber=294}  added by thread pool-3-thread-6
 message  {Id=7f1af252-d064-48ad-b038-e5b4458773b6,FirstNumber=652,secondNumber=294}  written to file by thread pool-3-thread-5
 message  {Id=cc1334df-b225-4780-9c28-3e74349d883f,FirstNumber=423,secondNumber=1042}  added by thread pool-3-thread-6
 message  {Id=cc1334df-b225-4780-9c28-3e74349d883f,FirstNumber=423,secondNumber=1042}  written to file by thread pool-3-thread-4
 message  {Id=55f7eeb3-32b5-41e7-b0bf-d51e12ccb9c0,FirstNumber=950,secondNumber=1556}  added by thread pool-3-thread-6
 message  {Id=55f7eeb3-32b5-41e7-b0bf-d51e12ccb9c0,FirstNumber=950,secondNumber=1556}  written to file by thread pool-3-thread-4
 message  {Id=ac709893-553e-4fa3-9794-9484f3bf7dc2,FirstNumber=7,secondNumber=1541}  added by thread pool-3-thread-6
 message  {Id=ac709893-553e-4fa3-9794-9484f3bf7dc2,FirstNumber=7,secondNumber=1541}  written to file by thread pool-3-thread-3
 message  {Id=18f21789-8a32-44b2-9aaf-c2ba30ad9204,FirstNumber=69,secondNumber=899}  added by thread pool-3-thread-6
 message  {Id=18f21789-8a32-44b2-9aaf-c2ba30ad9204,FirstNumber=69,secondNumber=899}  written to file by thread pool-3-thread-1
 message  {Id=f05cdf41-b268-4370-b82a-e6a455768b31,FirstNumber=176,secondNumber=1116}  added by thread pool-3-thread-6
 message  {Id=f05cdf41-b268-4370-b82a-e6a455768b31,FirstNumber=176,secondNumber=1116}  written to file by thread pool-3-thread-1
 message  {Id=93f86dfe-5b4a-496b-aa4e-8771fb8d6b8f,FirstNumber=323,secondNumber=410}  added by thread pool-3-thread-6
 message  {Id=93f86dfe-5b4a-496b-aa4e-8771fb8d6b8f,FirstNumber=323,secondNumber=410}  written to file by thread pool-3-thread-2
 message  {Id=1bccdea1-e295-49a7-a396-9f1ce85bd68c,FirstNumber=477,secondNumber=1384}  added by thread pool-3-thread-6
 message  {Id=1bccdea1-e295-49a7-a396-9f1ce85bd68c,FirstNumber=477,secondNumber=1384}  written to file by thread pool-3-thread-4
 message  {Id=cbf51f4e-e8e6-4864-9697-d202b3d2b689,FirstNumber=4,secondNumber=1217}  added by thread pool-3-thread-6
 message  {Id=cbf51f4e-e8e6-4864-9697-d202b3d2b689,FirstNumber=4,secondNumber=1217}  written to file by thread pool-3-thread-3
 message  {Id=e512158f-9aa8-4bb0-9f61-f855638532c3,FirstNumber=567,secondNumber=1484}  added by thread pool-3-thread-6
 message  {Id=e512158f-9aa8-4bb0-9f61-f855638532c3,FirstNumber=567,secondNumber=1484}  written to file by thread pool-3-thread-5
 message  {Id=ff24c76f-5be4-4a2c-8622-a8a4f589653c,FirstNumber=689,secondNumber=1492}  added by thread pool-3-thread-6
 message  {Id=ff24c76f-5be4-4a2c-8622-a8a4f589653c,FirstNumber=689,secondNumber=1492}  written to file by thread pool-3-thread-5
 message  {Id=f246ed34-05a6-4ccb-9eab-421a81ed00de,FirstNumber=928,secondNumber=1950}  added by thread pool-3-thread-6
 message  {Id=f246ed34-05a6-4ccb-9eab-421a81ed00de,FirstNumber=928,secondNumber=1950}  written to file by thread pool-3-thread-2
 message  {Id=03a5a050-20ec-4c2f-830e-ed3579fe315a,FirstNumber=943,secondNumber=76}  added by thread pool-3-thread-6
 message  {Id=03a5a050-20ec-4c2f-830e-ed3579fe315a,FirstNumber=943,secondNumber=76}  written to file by thread pool-3-thread-4
 message  {Id=57d28d36-24fc-434e-aa98-5be77a84ac98,FirstNumber=950,secondNumber=71}  added by thread pool-3-thread-6
 message  {Id=57d28d36-24fc-434e-aa98-5be77a84ac98,FirstNumber=950,secondNumber=71}  written to file by thread pool-3-thread-3
 message  {Id=4d378bce-5080-40d7-b6dc-ecf9fe25f8a4,FirstNumber=948,secondNumber=1572}  added by thread pool-3-thread-6
 message  {Id=4d378bce-5080-40d7-b6dc-ecf9fe25f8a4,FirstNumber=948,secondNumber=1572}  written to file by thread pool-3-thread-1
 message  {Id=0646f3f9-c0f3-4789-a88f-49267ae2c19a,FirstNumber=725,secondNumber=586}  added by thread pool-3-thread-6
 message  {Id=0646f3f9-c0f3-4789-a88f-49267ae2c19a,FirstNumber=725,secondNumber=586}  written to file by thread pool-3-thread-5
 message  {Id=36608396-caab-46dc-92e1-f9a393264da6,FirstNumber=236,secondNumber=1548}  added by thread pool-3-thread-6
 message  {Id=36608396-caab-46dc-92e1-f9a393264da6,FirstNumber=236,secondNumber=1548}  written to file by thread pool-3-thread-2
 message  {Id=bb65912a-2d70-4f5f-ad1e-703fa4070005,FirstNumber=566,secondNumber=411}  added by thread pool-3-thread-6
 message  {Id=bb65912a-2d70-4f5f-ad1e-703fa4070005,FirstNumber=566,secondNumber=411}  written to file by thread pool-3-thread-4
 message  {Id=8179656c-6307-470c-82e3-784d123508c0,FirstNumber=230,secondNumber=361}  added by thread pool-3-thread-6
 message  {Id=8179656c-6307-470c-82e3-784d123508c0,FirstNumber=230,secondNumber=361}  written to file by thread pool-3-thread-4
 message  {Id=44e3ec5a-720f-452b-83bc-d801c8cca6bd,FirstNumber=532,secondNumber=491}  added by thread pool-3-thread-6
 message  {Id=39a12503-c726-49cc-a8fb-41f079872ab8,FirstNumber=159,secondNumber=1123}  added by thread pool-3-thread-6
 message  {Id=44e3ec5a-720f-452b-83bc-d801c8cca6bd,FirstNumber=532,secondNumber=491}  written to file by thread pool-3-thread-1
 message  {Id=39a12503-c726-49cc-a8fb-41f079872ab8,FirstNumber=159,secondNumber=1123}  written to file by thread pool-3-thread-5
 message  {Id=a64048a0-a517-4183-8201-8fe0df199e3b,FirstNumber=160,secondNumber=1074}  added by thread pool-3-thread-6
 message  {Id=a64048a0-a517-4183-8201-8fe0df199e3b,FirstNumber=160,secondNumber=1074}  written to file by thread pool-3-thread-2
 message  {Id=c2c0a6c7-8bf4-4ec2-94c5-1439ba06a823,FirstNumber=214,secondNumber=110}  added by thread pool-3-thread-6
 message  {Id=c2c0a6c7-8bf4-4ec2-94c5-1439ba06a823,FirstNumber=214,secondNumber=110}  written to file by thread pool-3-thread-3
 message  {Id=f55c3949-9a85-4737-b77e-75e0d0b9f483,FirstNumber=952,secondNumber=273}  added by thread pool-3-thread-6
 message  {Id=f55c3949-9a85-4737-b77e-75e0d0b9f483,FirstNumber=952,secondNumber=273}  written to file by thread pool-3-thread-4
 message  {Id=4628df22-6c2a-4ac3-86ea-cde9494e166f,FirstNumber=475,secondNumber=536}  added by thread pool-3-thread-6
 message  {Id=4628df22-6c2a-4ac3-86ea-cde9494e166f,FirstNumber=475,secondNumber=536}  written to file by thread pool-3-thread-4
 message  {Id=00cdaceb-48ef-4370-aadf-a0686041d9d5,FirstNumber=902,secondNumber=1525}  added by thread pool-3-thread-6
 message  {Id=00cdaceb-48ef-4370-aadf-a0686041d9d5,FirstNumber=902,secondNumber=1525}  written to file by thread pool-3-thread-4
 message  {Id=70a34010-273a-426c-828c-d23c311b8175,FirstNumber=725,secondNumber=392}  added by thread pool-3-thread-6
 message  {Id=70a34010-273a-426c-828c-d23c311b8175,FirstNumber=725,secondNumber=392}  written to file by thread pool-3-thread-2
 message  {Id=56bf8777-4a64-4e65-9cd2-169758f11b85,FirstNumber=600,secondNumber=242}  added by thread pool-3-thread-6
 message  {Id=56bf8777-4a64-4e65-9cd2-169758f11b85,FirstNumber=600,secondNumber=242}  written to file by thread pool-3-thread-3
 message  {Id=9006c749-ab80-403d-a86d-dfbfaedb1b6a,FirstNumber=246,secondNumber=1}  added by thread pool-3-thread-6
 message  {Id=9006c749-ab80-403d-a86d-dfbfaedb1b6a,FirstNumber=246,secondNumber=1}  written to file by thread pool-3-thread-1
 message  {Id=d2b3cd60-3bd0-4c92-b73e-074ce5aa703e,FirstNumber=868,secondNumber=1998}  added by thread pool-3-thread-6
 message  {Id=d2b3cd60-3bd0-4c92-b73e-074ce5aa703e,FirstNumber=868,secondNumber=1998}  written to file by thread pool-3-thread-1
 message  {Id=6b1102a7-ef79-4672-a4a7-983d985454ac,FirstNumber=835,secondNumber=8}  added by thread pool-3-thread-6
 message  {Id=6b1102a7-ef79-4672-a4a7-983d985454ac,FirstNumber=835,secondNumber=8}  written to file by thread pool-3-thread-1
 message  {Id=0ba10933-c4db-42c8-99a0-3896ea4838d6,FirstNumber=559,secondNumber=1051}  added by thread pool-3-thread-6
 message  {Id=0ba10933-c4db-42c8-99a0-3896ea4838d6,FirstNumber=559,secondNumber=1051}  written to file by thread pool-3-thread-2
 message  {Id=18f8ce08-d507-4b16-bb68-9dae8f8fbabc,FirstNumber=222,secondNumber=1455}  added by thread pool-3-thread-6
 message  {Id=18f8ce08-d507-4b16-bb68-9dae8f8fbabc,FirstNumber=222,secondNumber=1455}  written to file by thread pool-3-thread-3
 message  {Id=49b0bab7-2cd2-4fc0-992d-4b8970fadd84,FirstNumber=456,secondNumber=1796}  added by thread pool-3-thread-6
 message  {Id=49b0bab7-2cd2-4fc0-992d-4b8970fadd84,FirstNumber=456,secondNumber=1796}  written to file by thread pool-3-thread-5
 message  {Id=abbf8562-864b-4afd-8db5-82204f33c4a9,FirstNumber=969,secondNumber=1458}  added by thread pool-3-thread-6
 message  {Id=abbf8562-864b-4afd-8db5-82204f33c4a9,FirstNumber=969,secondNumber=1458}  written to file by thread pool-3-thread-4
 message  {Id=b9ca94c4-31cd-4e56-90d0-085db238e709,FirstNumber=607,secondNumber=431}  added by thread pool-3-thread-6
 message  {Id=b9ca94c4-31cd-4e56-90d0-085db238e709,FirstNumber=607,secondNumber=431}  written to file by thread pool-3-thread-1
 message  {Id=13abc5c3-0d9c-4c7d-87bd-02d7269dbd03,FirstNumber=641,secondNumber=37}  added by thread pool-3-thread-6
 message  {Id=13abc5c3-0d9c-4c7d-87bd-02d7269dbd03,FirstNumber=641,secondNumber=37}  written to file by thread pool-3-thread-2
 message  {Id=9bb3ac96-bf65-463c-bf97-75d2093eee34,FirstNumber=97,secondNumber=248}  added by thread pool-3-thread-6
 message  {Id=9bb3ac96-bf65-463c-bf97-75d2093eee34,FirstNumber=97,secondNumber=248}  written to file by thread pool-3-thread-3
 message  {Id=8ee5d347-c3c3-4cb7-8ab7-0406cbb5e3ff,FirstNumber=205,secondNumber=1982}  added by thread pool-3-thread-6
 message  {Id=8ee5d347-c3c3-4cb7-8ab7-0406cbb5e3ff,FirstNumber=205,secondNumber=1982}  written to file by thread pool-3-thread-5
 message  {Id=aad69c33-e3a2-435b-9d1c-6ff69f81caeb,FirstNumber=399,secondNumber=778}  added by thread pool-3-thread-6
 message  {Id=e2e35b6c-1058-4c63-8476-98ab8e1448ee,FirstNumber=31,secondNumber=422}  added by thread pool-3-thread-6
 message  {Id=aad69c33-e3a2-435b-9d1c-6ff69f81caeb,FirstNumber=399,secondNumber=778}  written to file by thread pool-3-thread-4
 message  {Id=e2e35b6c-1058-4c63-8476-98ab8e1448ee,FirstNumber=31,secondNumber=422}  written to file by thread pool-3-thread-1
 message  {Id=93233462-6869-4bbf-940a-08eb99db0b5f,FirstNumber=398,secondNumber=708}  added by thread pool-3-thread-6
 message  {Id=93233462-6869-4bbf-940a-08eb99db0b5f,FirstNumber=398,secondNumber=708}  written to file by thread pool-3-thread-2
 message  {Id=143f9574-d915-49d3-9ad5-73e5822b4c5f,FirstNumber=242,secondNumber=1064}  added by thread pool-3-thread-6
 message  {Id=143f9574-d915-49d3-9ad5-73e5822b4c5f,FirstNumber=242,secondNumber=1064}  written to file by thread pool-3-thread-3
 message  {Id=17f4626a-4a91-4d94-99ae-4300cf3af9ad,FirstNumber=564,secondNumber=1453}  added by thread pool-3-thread-6
 message  {Id=17f4626a-4a91-4d94-99ae-4300cf3af9ad,FirstNumber=564,secondNumber=1453}  written to file by thread pool-3-thread-5
 message  {Id=fa423cc8-1773-47aa-b538-4daacc0f1d48,FirstNumber=527,secondNumber=474}  added by thread pool-3-thread-6
 message  {Id=fa423cc8-1773-47aa-b538-4daacc0f1d48,FirstNumber=527,secondNumber=474}  written to file by thread pool-3-thread-4
 message  {Id=862f3c16-3687-4084-a88e-7f26557d549c,FirstNumber=867,secondNumber=394}  added by thread pool-3-thread-6
 message  {Id=3c4afdfe-d17d-47db-b009-df3c362b945b,FirstNumber=762,secondNumber=1829}  added by thread pool-3-thread-6
 message  {Id=862f3c16-3687-4084-a88e-7f26557d549c,FirstNumber=867,secondNumber=394}  written to file by thread pool-3-thread-1
 message  {Id=3c4afdfe-d17d-47db-b009-df3c362b945b,FirstNumber=762,secondNumber=1829}  written to file by thread pool-3-thread-2
 message  {Id=57495e57-f0e0-4e57-bc73-1bc204e2ff26,FirstNumber=670,secondNumber=855}  added by thread pool-3-thread-6
 message  {Id=57495e57-f0e0-4e57-bc73-1bc204e2ff26,FirstNumber=670,secondNumber=855}  written to file by thread pool-3-thread-3
 message  {Id=dbf40a91-d99e-43d3-8428-1b56be68d295,FirstNumber=992,secondNumber=1636}  added by thread pool-3-thread-6
 message  {Id=dbf40a91-d99e-43d3-8428-1b56be68d295,FirstNumber=992,secondNumber=1636}  written to file by thread pool-3-thread-5
 message  {Id=b17a2ca2-a858-4e6d-91e6-f98fc3bfc78d,FirstNumber=385,secondNumber=877}  added by thread pool-3-thread-6
 message  {Id=b17a2ca2-a858-4e6d-91e6-f98fc3bfc78d,FirstNumber=385,secondNumber=877}  written to file by thread pool-3-thread-4
 message  {Id=58baf01e-57cb-4256-a088-6681d3442f12,FirstNumber=13,secondNumber=1779}  added by thread pool-3-thread-6
 message  {Id=58baf01e-57cb-4256-a088-6681d3442f12,FirstNumber=13,secondNumber=1779}  written to file by thread pool-3-thread-4
 message  {Id=1eedafdb-69bd-4a1d-bbfc-4e0b6e98b003,FirstNumber=866,secondNumber=1909}  added by thread pool-3-thread-6
 message  {Id=1eedafdb-69bd-4a1d-bbfc-4e0b6e98b003,FirstNumber=866,secondNumber=1909}  written to file by thread pool-3-thread-2
 message  {Id=1c317e58-964c-41e3-a92a-6100f401aba2,FirstNumber=277,secondNumber=1795}  added by thread pool-3-thread-6
 message  {Id=1c317e58-964c-41e3-a92a-6100f401aba2,FirstNumber=277,secondNumber=1795}  written to file by thread pool-3-thread-3
 message  {Id=58431134-df3c-496c-a6bd-fea3538ac300,FirstNumber=341,secondNumber=1824}  added by thread pool-3-thread-6
 message  {Id=58431134-df3c-496c-a6bd-fea3538ac300,FirstNumber=341,secondNumber=1824}  written to file by thread pool-3-thread-5
 message  {Id=ca47a60a-203e-435e-830e-991355c3b739,FirstNumber=359,secondNumber=1897}  added by thread pool-3-thread-6
 message  {Id=ea5fc808-ec27-49f7-acc2-cf7fa17cdc53,FirstNumber=440,secondNumber=356}  added by thread pool-3-thread-6
 message  {Id=ca47a60a-203e-435e-830e-991355c3b739,FirstNumber=359,secondNumber=1897}  written to file by thread pool-3-thread-1
 message  {Id=ea5fc808-ec27-49f7-acc2-cf7fa17cdc53,FirstNumber=440,secondNumber=356}  written to file by thread pool-3-thread-4
 message  {Id=3201f899-e629-4808-b0d6-2450e81673db,FirstNumber=432,secondNumber=1166}  added by thread pool-3-thread-6
 message  {Id=3201f899-e629-4808-b0d6-2450e81673db,FirstNumber=432,secondNumber=1166}  written to file by thread pool-3-thread-4
 message  {Id=2ecc6613-5a98-48cf-a332-f03028fa5c1f,FirstNumber=859,secondNumber=855}  added by thread pool-3-thread-6
 message  {Id=2ecc6613-5a98-48cf-a332-f03028fa5c1f,FirstNumber=859,secondNumber=855}  written to file by thread pool-3-thread-3
 message  {Id=db1194c8-4d34-4379-9c41-0e6674d66303,FirstNumber=986,secondNumber=385}  added by thread pool-3-thread-6
 message  {Id=db1194c8-4d34-4379-9c41-0e6674d66303,FirstNumber=986,secondNumber=385}  written to file by thread pool-3-thread-5
 message  {Id=727b2a40-277d-4714-8d3f-cdcfc0473b76,FirstNumber=585,secondNumber=1025}  added by thread pool-3-thread-6
 message  {Id=727b2a40-277d-4714-8d3f-cdcfc0473b76,FirstNumber=585,secondNumber=1025}  written to file by thread pool-3-thread-1
 message  {Id=163f6f14-2932-4a09-a953-f4f7acf4258f,FirstNumber=75,secondNumber=162}  added by thread pool-3-thread-6
 message  {Id=163f6f14-2932-4a09-a953-f4f7acf4258f,FirstNumber=75,secondNumber=162}  written to file by thread pool-3-thread-1
 message  {Id=770161f3-1e57-47d2-a4bb-49f7f49cd79a,FirstNumber=119,secondNumber=1161}  added by thread pool-3-thread-6
 message  {Id=770161f3-1e57-47d2-a4bb-49f7f49cd79a,FirstNumber=119,secondNumber=1161}  written to file by thread pool-3-thread-4
 message  {Id=11439c2e-5859-442e-b869-41458493265d,FirstNumber=659,secondNumber=401}  added by thread pool-3-thread-6
 message  {Id=11439c2e-5859-442e-b869-41458493265d,FirstNumber=659,secondNumber=401}  written to file by thread pool-3-thread-3
 message  {Id=1c17d5d4-7e80-4ddb-8caa-30dbe29df96f,FirstNumber=594,secondNumber=638}  added by thread pool-3-thread-6
 message  {Id=1c17d5d4-7e80-4ddb-8caa-30dbe29df96f,FirstNumber=594,secondNumber=638}  written to file by thread pool-3-thread-5
 message  {Id=9edc21cf-6f66-4e3b-96d2-47fe614b11c8,FirstNumber=766,secondNumber=1882}  added by thread pool-3-thread-6
 message  {Id=9edc21cf-6f66-4e3b-96d2-47fe614b11c8,FirstNumber=766,secondNumber=1882}  written to file by thread pool-3-thread-2
 message  {Id=98c134b8-651e-426b-8925-0c920d6a00e0,FirstNumber=33,secondNumber=186}  added by thread pool-3-thread-6
 message  {Id=98c134b8-651e-426b-8925-0c920d6a00e0,FirstNumber=33,secondNumber=186}  written to file by thread pool-3-thread-1
 message  {Id=f75b1e47-9bcc-4e63-a7d1-4cc7b61c8501,FirstNumber=678,secondNumber=1158}  added by thread pool-3-thread-6
 message  {Id=f75b1e47-9bcc-4e63-a7d1-4cc7b61c8501,FirstNumber=678,secondNumber=1158}  written to file by thread pool-3-thread-4
 message  {Id=ebd4b05f-3bea-4e95-8bda-eba4d90ef009,FirstNumber=104,secondNumber=1153}  added by thread pool-3-thread-6
 message  {Id=ebd4b05f-3bea-4e95-8bda-eba4d90ef009,FirstNumber=104,secondNumber=1153}  written to file by thread pool-3-thread-3
 message  {Id=4109b21c-393f-42de-a4bf-bde59b2c1d6c,FirstNumber=520,secondNumber=1577}  added by thread pool-3-thread-6
 message  {Id=4109b21c-393f-42de-a4bf-bde59b2c1d6c,FirstNumber=520,secondNumber=1577}  written to file by thread pool-3-thread-5
 message  {Id=b6b10567-6537-49ac-af98-f9d6b6d57277,FirstNumber=112,secondNumber=1434}  added by thread pool-3-thread-6
 message  {Id=b6b10567-6537-49ac-af98-f9d6b6d57277,FirstNumber=112,secondNumber=1434}  written to file by thread pool-3-thread-2
 message  {Id=ea09579f-d33c-4861-a0e1-889ac5eeebe2,FirstNumber=149,secondNumber=73}  added by thread pool-3-thread-6
 message  {Id=ea09579f-d33c-4861-a0e1-889ac5eeebe2,FirstNumber=149,secondNumber=73}  written to file by thread pool-3-thread-2
 message  {Id=1b2d81e0-ba49-4b96-acce-333bad3dff76,FirstNumber=504,secondNumber=642}  added by thread pool-3-thread-6
 message  {Id=1b2d81e0-ba49-4b96-acce-333bad3dff76,FirstNumber=504,secondNumber=642}  written to file by thread pool-3-thread-4
 message  {Id=81c095b5-1180-4e89-8b3b-0929714357d3,FirstNumber=824,secondNumber=101}  added by thread pool-3-thread-6
 message  {Id=81c095b5-1180-4e89-8b3b-0929714357d3,FirstNumber=824,secondNumber=101}  written to file by thread pool-3-thread-3
 message  {Id=e1502322-8c58-4c04-8804-4371a0d57b60,FirstNumber=425,secondNumber=1952}  added by thread pool-3-thread-6
 message  {Id=e1502322-8c58-4c04-8804-4371a0d57b60,FirstNumber=425,secondNumber=1952}  written to file by thread pool-3-thread-5
 message  {Id=6d44dab8-e717-4263-afcb-62d92ff36efd,FirstNumber=41,secondNumber=1951}  added by thread pool-3-thread-6
 message  {Id=6d44dab8-e717-4263-afcb-62d92ff36efd,FirstNumber=41,secondNumber=1951}  written to file by thread pool-3-thread-1
 message  {Id=74f923c7-4ad2-4327-95a1-3a4e2d4ecaa8,FirstNumber=9,secondNumber=669}  added by thread pool-3-thread-6
 message  {Id=74f923c7-4ad2-4327-95a1-3a4e2d4ecaa8,FirstNumber=9,secondNumber=669}  written to file by thread pool-3-thread-1
 message  {Id=67bf5c87-c58c-479e-81d2-c515d5179eab,FirstNumber=446,secondNumber=1159}  added by thread pool-3-thread-6
 message  {Id=67bf5c87-c58c-479e-81d2-c515d5179eab,FirstNumber=446,secondNumber=1159}  written to file by thread pool-3-thread-4
 message  {Id=d6855c63-6f9e-431a-b3a3-de47f8267a40,FirstNumber=662,secondNumber=1180}  added by thread pool-3-thread-6
 message  {Id=d6855c63-6f9e-431a-b3a3-de47f8267a40,FirstNumber=662,secondNumber=1180}  written to file by thread pool-3-thread-3
 message  {Id=297d302d-31e8-464b-b6de-97060c5a6812,FirstNumber=14,secondNumber=650}  added by thread pool-3-thread-6
 message  {Id=297d302d-31e8-464b-b6de-97060c5a6812,FirstNumber=14,secondNumber=650}  written to file by thread pool-3-thread-5
 message  {Id=27779bca-6c3c-4d36-979f-5b9bba5650c3,FirstNumber=818,secondNumber=1327}  added by thread pool-3-thread-6
 message  {Id=27779bca-6c3c-4d36-979f-5b9bba5650c3,FirstNumber=818,secondNumber=1327}  written to file by thread pool-3-thread-2
 message  {Id=be544a96-a250-4561-8a25-02dc87ca0938,FirstNumber=695,secondNumber=1338}  added by thread pool-3-thread-6
 message  {Id=be544a96-a250-4561-8a25-02dc87ca0938,FirstNumber=695,secondNumber=1338}  written to file by thread pool-3-thread-2
 message  {Id=beedd0b4-33d2-4554-8042-d70069b018ba,FirstNumber=497,secondNumber=555}  added by thread pool-3-thread-6
 message  {Id=beedd0b4-33d2-4554-8042-d70069b018ba,FirstNumber=497,secondNumber=555}  written to file by thread pool-3-thread-4
 message  {Id=d4a27f31-fdc2-42b7-9643-aa3657e59296,FirstNumber=539,secondNumber=1923}  added by thread pool-3-thread-6
 message  {Id=d4a27f31-fdc2-42b7-9643-aa3657e59296,FirstNumber=539,secondNumber=1923}  written to file by thread pool-3-thread-3
 message  {Id=482d49a5-cc62-45d4-b81c-b2aae815e00e,FirstNumber=66,secondNumber=1882}  added by thread pool-3-thread-6
 message  {Id=482d49a5-cc62-45d4-b81c-b2aae815e00e,FirstNumber=66,secondNumber=1882}  written to file by thread pool-3-thread-5
 message  {Id=09bd87b3-bfef-4300-bfec-aff41112228d,FirstNumber=829,secondNumber=1094}  added by thread pool-3-thread-6
 message  {Id=09bd87b3-bfef-4300-bfec-aff41112228d,FirstNumber=829,secondNumber=1094}  written to file by thread pool-3-thread-1
 message  {Id=fd0017f6-814c-43fb-a416-f78e325b2e02,FirstNumber=475,secondNumber=1269}  added by thread pool-3-thread-6
 message  {Id=fd0017f6-814c-43fb-a416-f78e325b2e02,FirstNumber=475,secondNumber=1269}  written to file by thread pool-3-thread-1
 message  {Id=bda17abb-402a-458b-9e0e-ef14f2f1806e,FirstNumber=806,secondNumber=1691}  added by thread pool-3-thread-6
 message  {Id=bda17abb-402a-458b-9e0e-ef14f2f1806e,FirstNumber=806,secondNumber=1691}  written to file by thread pool-3-thread-4
 message  {Id=1df229b0-4674-40fd-8e68-f646cb753ab3,FirstNumber=509,secondNumber=1149}  added by thread pool-3-thread-6
 message  {Id=1df229b0-4674-40fd-8e68-f646cb753ab3,FirstNumber=509,secondNumber=1149}  written to file by thread pool-3-thread-3
 message  {Id=74cccbd8-cb60-4ed9-8254-5ebf816702f0,FirstNumber=485,secondNumber=1180}  added by thread pool-3-thread-6
 message  {Id=74cccbd8-cb60-4ed9-8254-5ebf816702f0,FirstNumber=485,secondNumber=1180}  written to file by thread pool-3-thread-5
 message  {Id=84f268f6-348a-4459-be92-4b7b33ba15ac,FirstNumber=991,secondNumber=1169}  added by thread pool-3-thread-6
 message  {Id=84f268f6-348a-4459-be92-4b7b33ba15ac,FirstNumber=991,secondNumber=1169}  written to file by thread pool-3-thread-2
 message  {Id=5093a7ac-c6f9-49a5-b2d9-7e5553cb73c5,FirstNumber=240,secondNumber=1441}  added by thread pool-3-thread-6
 message  {Id=5093a7ac-c6f9-49a5-b2d9-7e5553cb73c5,FirstNumber=240,secondNumber=1441}  written to file by thread pool-3-thread-2
 message  {Id=2edf8646-f936-4c47-b12a-7f1688ef83bf,FirstNumber=18,secondNumber=17}  added by thread pool-3-thread-6
 message  {Id=2edf8646-f936-4c47-b12a-7f1688ef83bf,FirstNumber=18,secondNumber=17}  written to file by thread pool-3-thread-4
 message  {Id=9914009b-84fe-4a8a-a9f8-384252837cdb,FirstNumber=325,secondNumber=894}  added by thread pool-3-thread-6
 message  {Id=9914009b-84fe-4a8a-a9f8-384252837cdb,FirstNumber=325,secondNumber=894}  written to file by thread pool-3-thread-3
 message  {Id=2bf5a7e3-efe6-4afd-81ed-3c1bf222ca9f,FirstNumber=321,secondNumber=603}  added by thread pool-3-thread-6
 message  {Id=2bf5a7e3-efe6-4afd-81ed-3c1bf222ca9f,FirstNumber=321,secondNumber=603}  written to file by thread pool-3-thread-5
 message  {Id=9c223676-f105-43bd-978e-8ede28487f6a,FirstNumber=717,secondNumber=17}  added by thread pool-3-thread-6
 message  {Id=9c223676-f105-43bd-978e-8ede28487f6a,FirstNumber=717,secondNumber=17}  written to file by thread pool-3-thread-1
 message  {Id=3de2f243-b8be-4485-bd4c-d3cf7b25ba09,FirstNumber=250,secondNumber=405}  added by thread pool-3-thread-6
 message  {Id=3de2f243-b8be-4485-bd4c-d3cf7b25ba09,FirstNumber=250,secondNumber=405}  written to file by thread pool-3-thread-1
 message  {Id=bc24eef5-02c1-4724-afde-ddea19bd418f,FirstNumber=851,secondNumber=1336}  added by thread pool-3-thread-6
 message  {Id=bc24eef5-02c1-4724-afde-ddea19bd418f,FirstNumber=851,secondNumber=1336}  written to file by thread pool-3-thread-4
 message  {Id=0d4ce6f7-b9eb-4aaf-a570-29a2eff959fd,FirstNumber=37,secondNumber=1132}  added by thread pool-3-thread-6
 message  {Id=0d4ce6f7-b9eb-4aaf-a570-29a2eff959fd,FirstNumber=37,secondNumber=1132}  written to file by thread pool-3-thread-3
 message  {Id=54cf6403-4918-42e7-ac57-f1e1913a376d,FirstNumber=319,secondNumber=237}  added by thread pool-3-thread-6
 message  {Id=54cf6403-4918-42e7-ac57-f1e1913a376d,FirstNumber=319,secondNumber=237}  written to file by thread pool-3-thread-5
 message  {Id=54131c8b-c1a3-49b5-94f8-67276c7af3f4,FirstNumber=815,secondNumber=1924}  added by thread pool-3-thread-6
 message  {Id=54131c8b-c1a3-49b5-94f8-67276c7af3f4,FirstNumber=815,secondNumber=1924}  written to file by thread pool-3-thread-2
 message  {Id=aee9a17f-4552-415e-b6ba-036f09c77604,FirstNumber=505,secondNumber=1678}  added by thread pool-3-thread-6
 message  {Id=aee9a17f-4552-415e-b6ba-036f09c77604,FirstNumber=505,secondNumber=1678}  written to file by thread pool-3-thread-2
 message  {Id=2b4f7dfd-f750-466c-944e-e08d7104ebec,FirstNumber=787,secondNumber=507}  added by thread pool-3-thread-6
 message  {Id=2b4f7dfd-f750-466c-944e-e08d7104ebec,FirstNumber=787,secondNumber=507}  written to file by thread pool-3-thread-4
 message  {Id=c2ad1d81-64bf-4939-b8e2-3b6ad1afe7b9,FirstNumber=598,secondNumber=527}  added by thread pool-3-thread-6
 message  {Id=c2ad1d81-64bf-4939-b8e2-3b6ad1afe7b9,FirstNumber=598,secondNumber=527}  written to file by thread pool-3-thread-3
 message  {Id=507768c2-52f9-4c0f-af8a-9611792219a7,FirstNumber=811,secondNumber=801}  added by thread pool-3-thread-6
 message  {Id=507768c2-52f9-4c0f-af8a-9611792219a7,FirstNumber=811,secondNumber=801}  written to file by thread pool-3-thread-5
 message  {Id=1f63f6af-700a-45d5-896f-db52925a478b,FirstNumber=916,secondNumber=645}  added by thread pool-3-thread-6
 message  {Id=1f63f6af-700a-45d5-896f-db52925a478b,FirstNumber=916,secondNumber=645}  written to file by thread pool-3-thread-1
 message  {Id=3e82ea68-444e-49ff-91a1-6b6142c1a299,FirstNumber=724,secondNumber=1967}  added by thread pool-3-thread-6
 message  {Id=3e82ea68-444e-49ff-91a1-6b6142c1a299,FirstNumber=724,secondNumber=1967}  written to file by thread pool-3-thread-1
 message  {Id=5afeb7ac-9c04-41c4-a787-6d45107b7774,FirstNumber=38,secondNumber=352}  added by thread pool-3-thread-6
 message  {Id=5afeb7ac-9c04-41c4-a787-6d45107b7774,FirstNumber=38,secondNumber=352}  written to file by thread pool-3-thread-4
 message  {Id=4f68184a-35f7-428a-bfb1-a2ca1618d0bd,FirstNumber=955,secondNumber=745}  added by thread pool-3-thread-6
 message  {Id=4f68184a-35f7-428a-bfb1-a2ca1618d0bd,FirstNumber=955,secondNumber=745}  written to file by thread pool-3-thread-3
 message  {Id=f3a11e03-9c42-4555-8aaf-3e3a829c2ed8,FirstNumber=10,secondNumber=1285}  added by thread pool-3-thread-6
 message  {Id=f3a11e03-9c42-4555-8aaf-3e3a829c2ed8,FirstNumber=10,secondNumber=1285}  written to file by thread pool-3-thread-5
 message  {Id=38a57029-3705-483b-90f1-c60ad4190b5f,FirstNumber=955,secondNumber=1238}  added by thread pool-3-thread-6
 message  {Id=38a57029-3705-483b-90f1-c60ad4190b5f,FirstNumber=955,secondNumber=1238}  written to file by thread pool-3-thread-2
 message  {Id=44125198-708d-47f7-a0db-72972a65812a,FirstNumber=12,secondNumber=763}  added by thread pool-3-thread-6
 message  {Id=44125198-708d-47f7-a0db-72972a65812a,FirstNumber=12,secondNumber=763}  written to file by thread pool-3-thread-2
 message  {Id=c506513e-986e-4255-a968-b979d9c204b4,FirstNumber=765,secondNumber=544}  added by thread pool-3-thread-6
 message  {Id=c506513e-986e-4255-a968-b979d9c204b4,FirstNumber=765,secondNumber=544}  written to file by thread pool-3-thread-4
 message  {Id=abfcaef5-2555-43f2-a26c-14f63c3ab4ee,FirstNumber=56,secondNumber=1856}  added by thread pool-3-thread-6
 message  {Id=abfcaef5-2555-43f2-a26c-14f63c3ab4ee,FirstNumber=56,secondNumber=1856}  written to file by thread pool-3-thread-4
 message  {Id=3f679724-74a6-4518-9703-b15283e6dab8,FirstNumber=153,secondNumber=1573}  written to file by thread pool-3-thread-5
 message  {Id=3f679724-74a6-4518-9703-b15283e6dab8,FirstNumber=153,secondNumber=1573}  added by thread pool-3-thread-6
 message  {Id=3e739af5-afa8-40b2-88a6-e09795bc9c65,FirstNumber=826,secondNumber=1219}  added by thread pool-3-thread-6
 message  {Id=3e739af5-afa8-40b2-88a6-e09795bc9c65,FirstNumber=826,secondNumber=1219}  written to file by thread pool-3-thread-1
 message  {Id=13166b4d-73c3-431d-8afe-aa571b8e02da,FirstNumber=605,secondNumber=313}  added by thread pool-3-thread-6
 message  {Id=13166b4d-73c3-431d-8afe-aa571b8e02da,FirstNumber=605,secondNumber=313}  written to file by thread pool-3-thread-1
 message  {Id=54d28ce1-b264-413c-ae97-0e4b59dc8c90,FirstNumber=970,secondNumber=1786}  added by thread pool-3-thread-6
 message  {Id=54d28ce1-b264-413c-ae97-0e4b59dc8c90,FirstNumber=970,secondNumber=1786}  written to file by thread pool-3-thread-3
 message  {Id=31ccdf2e-e6ca-4fcd-ba92-25439469282c,FirstNumber=372,secondNumber=399}  added by thread pool-3-thread-6
 message  {Id=31ccdf2e-e6ca-4fcd-ba92-25439469282c,FirstNumber=372,secondNumber=399}  written to file by thread pool-3-thread-4
 message  {Id=abf45f4c-d681-447f-9448-28c0f7fd1a99,FirstNumber=361,secondNumber=1864}  added by thread pool-3-thread-6
 message  {Id=abf45f4c-d681-447f-9448-28c0f7fd1a99,FirstNumber=361,secondNumber=1864}  written to file by thread pool-3-thread-5
 message  {Id=2a366368-5089-44e7-91d0-be0cca417cd2,FirstNumber=821,secondNumber=1075}  added by thread pool-3-thread-6
 message  {Id=2a366368-5089-44e7-91d0-be0cca417cd2,FirstNumber=821,secondNumber=1075}  written to file by thread pool-3-thread-2
 message  {Id=9ac63ff5-393a-43e5-9519-38d564339076,FirstNumber=262,secondNumber=752}  added by thread pool-3-thread-6
 message  {Id=9ac63ff5-393a-43e5-9519-38d564339076,FirstNumber=262,secondNumber=752}  written to file by thread pool-3-thread-2
 message  {Id=c4f6a74e-da2e-4528-9032-76340fe6ee46,FirstNumber=120,secondNumber=1350}  added by thread pool-3-thread-6
 message  {Id=c4f6a74e-da2e-4528-9032-76340fe6ee46,FirstNumber=120,secondNumber=1350}  written to file by thread pool-3-thread-3
 message  {Id=fd112ca3-43d4-4a27-8230-fbe61f5c34e0,FirstNumber=941,secondNumber=1023}  added by thread pool-3-thread-6
 message  {Id=fd112ca3-43d4-4a27-8230-fbe61f5c34e0,FirstNumber=941,secondNumber=1023}  written to file by thread pool-3-thread-4
 message  {Id=da1173d6-fa97-4fa2-b687-45abfe7c7027,FirstNumber=807,secondNumber=1629}  added by thread pool-3-thread-6
 message  {Id=da1173d6-fa97-4fa2-b687-45abfe7c7027,FirstNumber=807,secondNumber=1629}  written to file by thread pool-3-thread-5
 message  {Id=fd4c9098-16e4-45a1-a5d0-d8a327754b86,FirstNumber=902,secondNumber=914}  added by thread pool-3-thread-6
 message  {Id=fd4c9098-16e4-45a1-a5d0-d8a327754b86,FirstNumber=902,secondNumber=914}  written to file by thread pool-3-thread-5
 message  {Id=8f4a5c06-76a0-4b77-8616-fb65e93db5b1,FirstNumber=693,secondNumber=954}  added by thread pool-3-thread-6
 message  {Id=8f4a5c06-76a0-4b77-8616-fb65e93db5b1,FirstNumber=693,secondNumber=954}  written to file by thread pool-3-thread-2
 message  {Id=69ca7cee-d83c-4385-8d67-6f7eb9e01359,FirstNumber=141,secondNumber=1492}  added by thread pool-3-thread-6
 message  {Id=69ca7cee-d83c-4385-8d67-6f7eb9e01359,FirstNumber=141,secondNumber=1492}  written to file by thread pool-3-thread-3
 message  {Id=06d4c600-d7de-47cf-b1cf-eb11596c1d8f,FirstNumber=707,secondNumber=1550}  added by thread pool-3-thread-6
 message  {Id=06d4c600-d7de-47cf-b1cf-eb11596c1d8f,FirstNumber=707,secondNumber=1550}  written to file by thread pool-3-thread-4
 message  {Id=4f70101a-46c5-42c1-9008-f7812c5696cd,FirstNumber=436,secondNumber=382}  added by thread pool-3-thread-6
 message  {Id=4f70101a-46c5-42c1-9008-f7812c5696cd,FirstNumber=436,secondNumber=382}  written to file by thread pool-3-thread-1
 message  {Id=ecb5d36a-7e3b-4c18-878f-c3aca539ca78,FirstNumber=666,secondNumber=593}  added by thread pool-3-thread-6
 message  {Id=ecb5d36a-7e3b-4c18-878f-c3aca539ca78,FirstNumber=666,secondNumber=593}  written to file by thread pool-3-thread-5
 message  {Id=37566a12-62bd-4560-b42c-96c00324b6f0,FirstNumber=483,secondNumber=153}  added by thread pool-3-thread-6
 message  {Id=37566a12-62bd-4560-b42c-96c00324b6f0,FirstNumber=483,secondNumber=153}  written to file by thread pool-3-thread-5
 message  {Id=c82c4137-2271-472a-8d76-7a4fb35a63dc,FirstNumber=845,secondNumber=1452}  added by thread pool-3-thread-6
 message  {Id=c82c4137-2271-472a-8d76-7a4fb35a63dc,FirstNumber=845,secondNumber=1452}  written to file by thread pool-3-thread-3
 message  {Id=d88eaf28-05c1-4570-9b3f-9bb5dcf8b6a7,FirstNumber=530,secondNumber=1147}  added by thread pool-3-thread-6
 message  {Id=d88eaf28-05c1-4570-9b3f-9bb5dcf8b6a7,FirstNumber=530,secondNumber=1147}  written to file by thread pool-3-thread-3
 message  {Id=7acb9bf8-86b1-46cc-950d-bccd48006394,FirstNumber=616,secondNumber=437}  added by thread pool-3-thread-6
 message  {Id=7acb9bf8-86b1-46cc-950d-bccd48006394,FirstNumber=616,secondNumber=437}  written to file by thread pool-3-thread-1
 message  {Id=00685b40-b43b-433a-8f95-aa9d4eab08be,FirstNumber=339,secondNumber=970}  added by thread pool-3-thread-6
 message  {Id=00685b40-b43b-433a-8f95-aa9d4eab08be,FirstNumber=339,secondNumber=970}  written to file by thread pool-3-thread-2
 message  {Id=ed09891c-8eef-47be-968c-af8d00d0a620,FirstNumber=272,secondNumber=683}  added by thread pool-3-thread-6
 message  {Id=ed09891c-8eef-47be-968c-af8d00d0a620,FirstNumber=272,secondNumber=683}  written to file by thread pool-3-thread-5
 message  {Id=8e940d62-8c4b-4a68-b840-8639e23817c2,FirstNumber=722,secondNumber=1769}  added by thread pool-3-thread-6
 message  {Id=8e940d62-8c4b-4a68-b840-8639e23817c2,FirstNumber=722,secondNumber=1769}  written to file by thread pool-3-thread-5
 message  {Id=4bea95f4-b2bf-43eb-bdd3-6bdc8d546c33,FirstNumber=348,secondNumber=671}  added by thread pool-3-thread-6
 message  {Id=4bea95f4-b2bf-43eb-bdd3-6bdc8d546c33,FirstNumber=348,secondNumber=671}  written to file by thread pool-3-thread-3
 message  {Id=969e0032-6f7f-4e89-a72a-1f5c0cf97b8a,FirstNumber=79,secondNumber=336}  added by thread pool-3-thread-6
 message  {Id=969e0032-6f7f-4e89-a72a-1f5c0cf97b8a,FirstNumber=79,secondNumber=336}  written to file by thread pool-3-thread-3
 message  {Id=bf74d52b-772d-4d1d-b58a-6c8cb5850d0d,FirstNumber=15,secondNumber=551}  added by thread pool-3-thread-6
 message  {Id=bf74d52b-772d-4d1d-b58a-6c8cb5850d0d,FirstNumber=15,secondNumber=551}  written to file by thread pool-3-thread-2
 message  {Id=ddb66c19-e497-4c2b-b8f2-55274850f8fb,FirstNumber=943,secondNumber=1273}  added by thread pool-3-thread-6
 message  {Id=ddb66c19-e497-4c2b-b8f2-55274850f8fb,FirstNumber=943,secondNumber=1273}  written to file by thread pool-3-thread-4
 message  {Id=dfe88843-ed26-48f8-ae5c-fb210dd0eb1a,FirstNumber=625,secondNumber=1238}  added by thread pool-3-thread-6
 message  {Id=dfe88843-ed26-48f8-ae5c-fb210dd0eb1a,FirstNumber=625,secondNumber=1238}  written to file by thread pool-3-thread-5
 message  {Id=8d3a7fab-633e-4a24-8daa-92375d926bb0,FirstNumber=843,secondNumber=1987}  added by thread pool-3-thread-6
 message  {Id=8d3a7fab-633e-4a24-8daa-92375d926bb0,FirstNumber=843,secondNumber=1987}  written to file by thread pool-3-thread-1
 message  {Id=4bed7a20-b027-4959-9aed-f25cd5a2a7cf,FirstNumber=703,secondNumber=563}  added by thread pool-3-thread-6
 message  {Id=4bed7a20-b027-4959-9aed-f25cd5a2a7cf,FirstNumber=703,secondNumber=563}  written to file by thread pool-3-thread-3
 message  {Id=b3fbdac4-2173-4613-a904-26d2fbec5f96,FirstNumber=818,secondNumber=863}  added by thread pool-3-thread-6
 message  {Id=b3fbdac4-2173-4613-a904-26d2fbec5f96,FirstNumber=818,secondNumber=863}  written to file by thread pool-3-thread-2
 message  {Id=ef0a280c-bea7-4447-8686-fb372e608eff,FirstNumber=248,secondNumber=882}  added by thread pool-3-thread-6
 message  {Id=ef0a280c-bea7-4447-8686-fb372e608eff,FirstNumber=248,secondNumber=882}  written to file by thread pool-3-thread-2
 message  {Id=62daf9eb-2981-450b-bf6a-1203277e0bfc,FirstNumber=791,secondNumber=1231}  added by thread pool-3-thread-6
 message  {Id=62daf9eb-2981-450b-bf6a-1203277e0bfc,FirstNumber=791,secondNumber=1231}  written to file by thread pool-3-thread-5
 message  {Id=b2a14261-1e2d-4263-bcbc-b01ce4bd25f7,FirstNumber=702,secondNumber=128}  added by thread pool-3-thread-6
 message  {Id=b2a14261-1e2d-4263-bcbc-b01ce4bd25f7,FirstNumber=702,secondNumber=128}  written to file by thread pool-3-thread-1
 message  {Id=fa25d2f1-34d9-43cd-a02a-29cce3d659ab,FirstNumber=595,secondNumber=1335}  added by thread pool-3-thread-6
 message  {Id=fa25d2f1-34d9-43cd-a02a-29cce3d659ab,FirstNumber=595,secondNumber=1335}  written to file by thread pool-3-thread-3
 message  {Id=e529a624-598c-42d3-b1ca-86d70085361d,FirstNumber=674,secondNumber=890}  added by thread pool-3-thread-6
 message  {Id=e529a624-598c-42d3-b1ca-86d70085361d,FirstNumber=674,secondNumber=890}  written to file by thread pool-3-thread-4
 message  {Id=b1d3650c-0181-4a35-b73a-628818eb48e1,FirstNumber=986,secondNumber=1944}  added by thread pool-3-thread-6
 message  {Id=b1d3650c-0181-4a35-b73a-628818eb48e1,FirstNumber=986,secondNumber=1944}  written to file by thread pool-3-thread-4
 message  {Id=86e70881-210a-40d3-99fe-1772fbaa7a1e,FirstNumber=626,secondNumber=172}  added by thread pool-3-thread-6
 message  {Id=86e70881-210a-40d3-99fe-1772fbaa7a1e,FirstNumber=626,secondNumber=172}  written to file by thread pool-3-thread-5
 message  {Id=bc1e076d-9b88-4140-95cb-ab684d3d5c89,FirstNumber=277,secondNumber=13}  added by thread pool-3-thread-6
 message  {Id=bc1e076d-9b88-4140-95cb-ab684d3d5c89,FirstNumber=277,secondNumber=13}  written to file by thread pool-3-thread-5
 message  {Id=e6d888f0-2160-4155-859a-16325c7ffb84,FirstNumber=922,secondNumber=1513}  added by thread pool-3-thread-6
 message  {Id=e6d888f0-2160-4155-859a-16325c7ffb84,FirstNumber=922,secondNumber=1513}  written to file by thread pool-3-thread-3
 message  {Id=13315c6f-6feb-4830-8a0f-8449776787d6,FirstNumber=107,secondNumber=1151}  added by thread pool-3-thread-6
 message  {Id=13315c6f-6feb-4830-8a0f-8449776787d6,FirstNumber=107,secondNumber=1151}  written to file by thread pool-3-thread-3
 message  {Id=799f8526-81f8-4b08-b04b-1f2951d989a5,FirstNumber=815,secondNumber=1476}  added by thread pool-3-thread-6
 message  {Id=799f8526-81f8-4b08-b04b-1f2951d989a5,FirstNumber=815,secondNumber=1476}  written to file by thread pool-3-thread-4
 message  {Id=b721fa69-6305-4546-a22e-fd80b04975e9,FirstNumber=860,secondNumber=507}  added by thread pool-3-thread-6
 message  {Id=b721fa69-6305-4546-a22e-fd80b04975e9,FirstNumber=860,secondNumber=507}  written to file by thread pool-3-thread-1
 message  {Id=5c7eed07-5dcf-432d-a666-eb45fc4f056a,FirstNumber=86,secondNumber=1553}  added by thread pool-3-thread-6
 message  {Id=5c7eed07-5dcf-432d-a666-eb45fc4f056a,FirstNumber=86,secondNumber=1553}  written to file by thread pool-3-thread-5
 message  {Id=9661e054-b46c-4e91-b6a0-bf8dd8c633f6,FirstNumber=622,secondNumber=773}  added by thread pool-3-thread-6
 message  {Id=9661e054-b46c-4e91-b6a0-bf8dd8c633f6,FirstNumber=622,secondNumber=773}  written to file by thread pool-3-thread-2
 message  {Id=c2ce0690-e15a-4b4e-9857-acae9c954124,FirstNumber=158,secondNumber=1651}  added by thread pool-3-thread-6
 message  {Id=c2ce0690-e15a-4b4e-9857-acae9c954124,FirstNumber=158,secondNumber=1651}  written to file by thread pool-3-thread-2
 message  {Id=4b51e523-7948-47c8-9c11-5fe819a7c471,FirstNumber=662,secondNumber=655}  added by thread pool-3-thread-6
 message  {Id=4b51e523-7948-47c8-9c11-5fe819a7c471,FirstNumber=662,secondNumber=655}  written to file by thread pool-3-thread-4
 message  {Id=a0258ad6-ba15-4580-bf4d-cd5eb00d42de,FirstNumber=821,secondNumber=285}  added by thread pool-3-thread-6
 message  {Id=a0258ad6-ba15-4580-bf4d-cd5eb00d42de,FirstNumber=821,secondNumber=285}  written to file by thread pool-3-thread-1
 message  {Id=9944229c-7ba3-4f47-a9fa-e537f42a5361,FirstNumber=116,secondNumber=1608}  added by thread pool-3-thread-6
 message  {Id=9944229c-7ba3-4f47-a9fa-e537f42a5361,FirstNumber=116,secondNumber=1608}  written to file by thread pool-3-thread-1
 message  {Id=16fff51a-4385-4d2b-b9ec-16a80c620b3a,FirstNumber=793,secondNumber=415}  added by thread pool-3-thread-6
 message  {Id=16fff51a-4385-4d2b-b9ec-16a80c620b3a,FirstNumber=793,secondNumber=415}  written to file by thread pool-3-thread-3
 message  {Id=0769fb40-9928-4373-a386-b50303284daa,FirstNumber=344,secondNumber=555}  added by thread pool-3-thread-6
 message  {Id=0769fb40-9928-4373-a386-b50303284daa,FirstNumber=344,secondNumber=555}  written to file by thread pool-3-thread-3
 message  {Id=4620d197-4cc7-4697-9793-3ea147bf22ae,FirstNumber=221,secondNumber=1831}  added by thread pool-3-thread-6
 message  {Id=4620d197-4cc7-4697-9793-3ea147bf22ae,FirstNumber=221,secondNumber=1831}  written to file by thread pool-3-thread-4
 message  {Id=4e3be428-cbf3-4799-9e8f-f94d60d3ecf4,FirstNumber=499,secondNumber=705}  added by thread pool-3-thread-6
 message  {Id=4e3be428-cbf3-4799-9e8f-f94d60d3ecf4,FirstNumber=499,secondNumber=705}  written to file by thread pool-3-thread-4
 message  {Id=a93a305c-30e6-4281-8687-6ce51592f38c,FirstNumber=135,secondNumber=13}  added by thread pool-3-thread-6
 message  {Id=a93a305c-30e6-4281-8687-6ce51592f38c,FirstNumber=135,secondNumber=13}  written to file by thread pool-3-thread-1
 message  {Id=6fef6996-67b7-4e68-a343-25887036b31e,FirstNumber=184,secondNumber=1210}  added by thread pool-3-thread-6
 message  {Id=6fef6996-67b7-4e68-a343-25887036b31e,FirstNumber=184,secondNumber=1210}  written to file by thread pool-3-thread-2
 message  {Id=97a5395a-5bb0-4c81-b331-9f4fb517e6ae,FirstNumber=332,secondNumber=1182}  added by thread pool-3-thread-6
 message  {Id=97a5395a-5bb0-4c81-b331-9f4fb517e6ae,FirstNumber=332,secondNumber=1182}  written to file by thread pool-3-thread-3
 message  {Id=3f5d971a-b968-4d1f-851d-48a850c7531e,FirstNumber=245,secondNumber=711}  added by thread pool-3-thread-6
 message  {Id=3f5d971a-b968-4d1f-851d-48a850c7531e,FirstNumber=245,secondNumber=711}  written to file by thread pool-3-thread-5
 message  {Id=4064d20a-85d2-47e6-a8cb-644f753ac4f5,FirstNumber=746,secondNumber=247}  added by thread pool-3-thread-6
 message  {Id=4064d20a-85d2-47e6-a8cb-644f753ac4f5,FirstNumber=746,secondNumber=247}  written to file by thread pool-3-thread-4
 message  {Id=d2dfd9f1-ad7e-42d9-ba00-faefe232e60d,FirstNumber=799,secondNumber=288}  added by thread pool-3-thread-6
 message  {Id=d2dfd9f1-ad7e-42d9-ba00-faefe232e60d,FirstNumber=799,secondNumber=288}  written to file by thread pool-3-thread-1
 message  {Id=02083a89-53cc-4df0-8cd9-6b1fb4fd7721,FirstNumber=531,secondNumber=1790}  added by thread pool-3-thread-6
 message  {Id=02083a89-53cc-4df0-8cd9-6b1fb4fd7721,FirstNumber=531,secondNumber=1790}  written to file by thread pool-3-thread-2
 message  {Id=ea845361-aebc-4114-8b4b-6faf56652c39,FirstNumber=259,secondNumber=1337}  added by thread pool-3-thread-6
 message  {Id=ea845361-aebc-4114-8b4b-6faf56652c39,FirstNumber=259,secondNumber=1337}  written to file by thread pool-3-thread-3
 message  {Id=1b037c4b-73b1-4091-a2af-131b01d4f248,FirstNumber=621,secondNumber=1975}  added by thread pool-3-thread-6
 message  {Id=1b037c4b-73b1-4091-a2af-131b01d4f248,FirstNumber=621,secondNumber=1975}  written to file by thread pool-3-thread-3
 message  {Id=c324601c-1d85-4c8a-aeb1-1f9f80c3d178,FirstNumber=539,secondNumber=1630}  added by thread pool-3-thread-6
 message  {Id=c324601c-1d85-4c8a-aeb1-1f9f80c3d178,FirstNumber=539,secondNumber=1630}  written to file by thread pool-3-thread-4
 message  {Id=a080684d-1612-4ebe-9ec6-0431dee8f2b4,FirstNumber=775,secondNumber=624}  added by thread pool-3-thread-6
 message  {Id=a080684d-1612-4ebe-9ec6-0431dee8f2b4,FirstNumber=775,secondNumber=624}  written to file by thread pool-3-thread-4
 message  {Id=73300353-63b7-4dfb-a21c-348e5010d109,FirstNumber=523,secondNumber=644}  added by thread pool-3-thread-6
 message  {Id=73300353-63b7-4dfb-a21c-348e5010d109,FirstNumber=523,secondNumber=644}  written to file by thread pool-3-thread-2
 message  {Id=fd0a0642-2766-4f9b-8d57-7405d0b33c9f,FirstNumber=626,secondNumber=1802}  added by thread pool-3-thread-6
 message  {Id=fd0a0642-2766-4f9b-8d57-7405d0b33c9f,FirstNumber=626,secondNumber=1802}  written to file by thread pool-3-thread-5
 message  {Id=5a6f8692-8864-4120-b0d2-907d8e931d64,FirstNumber=539,secondNumber=810}  added by thread pool-3-thread-6
 message  {Id=5a6f8692-8864-4120-b0d2-907d8e931d64,FirstNumber=539,secondNumber=810}  written to file by thread pool-3-thread-5
 message  {Id=e74a71b8-00f7-4a00-9564-08e852e51743,FirstNumber=474,secondNumber=1418}  added by thread pool-3-thread-6
 message  {Id=e74a71b8-00f7-4a00-9564-08e852e51743,FirstNumber=474,secondNumber=1418}  written to file by thread pool-3-thread-1
 message  {Id=57dcbc1f-b018-48f7-b71b-5c0092dc9000,FirstNumber=296,secondNumber=30}  added by thread pool-3-thread-6
 message  {Id=57dcbc1f-b018-48f7-b71b-5c0092dc9000,FirstNumber=296,secondNumber=30}  written to file by thread pool-3-thread-1
 message  {Id=7a0358b2-a9af-42e6-b77a-ed2915697eb6,FirstNumber=701,secondNumber=1589}  added by thread pool-3-thread-6
 message  {Id=7a0358b2-a9af-42e6-b77a-ed2915697eb6,FirstNumber=701,secondNumber=1589}  written to file by thread pool-3-thread-2
 message  {Id=64e75e8f-5a23-4a59-b658-58fa0acc918c,FirstNumber=840,secondNumber=378}  added by thread pool-3-thread-6
 message  {Id=64e75e8f-5a23-4a59-b658-58fa0acc918c,FirstNumber=840,secondNumber=378}  written to file by thread pool-3-thread-3
 message  {Id=caeff5df-9e3d-4770-a573-afc01ea2e31b,FirstNumber=590,secondNumber=1752}  added by thread pool-3-thread-6
 message  {Id=caeff5df-9e3d-4770-a573-afc01ea2e31b,FirstNumber=590,secondNumber=1752}  written to file by thread pool-3-thread-3
 message  {Id=4c2b68bf-2f92-447e-a9a3-77cd59ee4667,FirstNumber=798,secondNumber=668}  added by thread pool-3-thread-6
 message  {Id=4c2b68bf-2f92-447e-a9a3-77cd59ee4667,FirstNumber=798,secondNumber=668}  written to file by thread pool-3-thread-4
 message  {Id=e4e7685f-7e41-470f-b4f2-1e7e9db3e4e8,FirstNumber=864,secondNumber=874}  added by thread pool-3-thread-6
 message  {Id=e4e7685f-7e41-470f-b4f2-1e7e9db3e4e8,FirstNumber=864,secondNumber=874}  written to file by thread pool-3-thread-1
 message  {Id=d3360f57-61f5-4804-b27e-04104b160a15,FirstNumber=499,secondNumber=1745}  added by thread pool-3-thread-6
 message  {Id=d3360f57-61f5-4804-b27e-04104b160a15,FirstNumber=499,secondNumber=1745}  written to file by thread pool-3-thread-2
 message  {Id=e0e939d1-5183-4e4b-b937-fb98257479d1,FirstNumber=631,secondNumber=786}  added by thread pool-3-thread-6
 message  {Id=e0e939d1-5183-4e4b-b937-fb98257479d1,FirstNumber=631,secondNumber=786}  written to file by thread pool-3-thread-5
 message  {Id=4d7c6c69-3c64-4741-9dd1-e4e68d17addb,FirstNumber=437,secondNumber=1132}  added by thread pool-3-thread-6
 message  {Id=4d7c6c69-3c64-4741-9dd1-e4e68d17addb,FirstNumber=437,secondNumber=1132}  written to file by thread pool-3-thread-5
 message  {Id=d8bc429d-4cc6-475c-9181-3c5e993d783a,FirstNumber=291,secondNumber=1683}  added by thread pool-3-thread-6
 message  {Id=d8bc429d-4cc6-475c-9181-3c5e993d783a,FirstNumber=291,secondNumber=1683}  written to file by thread pool-3-thread-4
 message  {Id=c775ff41-b3fd-4631-b403-94af551b81e5,FirstNumber=644,secondNumber=21}  added by thread pool-3-thread-6
 message  {Id=c775ff41-b3fd-4631-b403-94af551b81e5,FirstNumber=644,secondNumber=21}  written to file by thread pool-3-thread-1
 message  {Id=e52061c0-bd68-43f9-9fff-1ba9a3a9e94a,FirstNumber=761,secondNumber=1842}  added by thread pool-3-thread-6
 message  {Id=e52061c0-bd68-43f9-9fff-1ba9a3a9e94a,FirstNumber=761,secondNumber=1842}  written to file by thread pool-3-thread-2
 message  {Id=a87f42d2-afeb-46c7-95cc-9912c7efd529,FirstNumber=452,secondNumber=377}  added by thread pool-3-thread-6
 message  {Id=a87f42d2-afeb-46c7-95cc-9912c7efd529,FirstNumber=452,secondNumber=377}  written to file by thread pool-3-thread-3
 message  {Id=94710f57-b3e0-4226-a0c5-ed8b5233c61d,FirstNumber=426,secondNumber=676}  added by thread pool-3-thread-6
 message  {Id=94710f57-b3e0-4226-a0c5-ed8b5233c61d,FirstNumber=426,secondNumber=676}  written to file by thread pool-3-thread-3
 message  {Id=b1306554-b64e-4549-81cd-c82ecf10089d,FirstNumber=89,secondNumber=1555}  added by thread pool-3-thread-6
 message  {Id=b1306554-b64e-4549-81cd-c82ecf10089d,FirstNumber=89,secondNumber=1555}  written to file by thread pool-3-thread-4
 message  {Id=4a1ee71e-3b8b-4931-baed-3c43d4142688,FirstNumber=238,secondNumber=953}  added by thread pool-3-thread-6
 message  {Id=4a1ee71e-3b8b-4931-baed-3c43d4142688,FirstNumber=238,secondNumber=953}  written to file by thread pool-3-thread-1
 message  {Id=574f6343-4284-4917-a38c-4d0684c30d22,FirstNumber=569,secondNumber=1002}  added by thread pool-3-thread-6
 message  {Id=574f6343-4284-4917-a38c-4d0684c30d22,FirstNumber=569,secondNumber=1002}  written to file by thread pool-3-thread-2
 message  {Id=9617da58-e13a-4f94-b802-d87b59bce112,FirstNumber=288,secondNumber=559}  added by thread pool-3-thread-6
 message  {Id=9617da58-e13a-4f94-b802-d87b59bce112,FirstNumber=288,secondNumber=559}  written to file by thread pool-3-thread-5
 message  {Id=6b5d95df-f54b-4a01-bad1-700720566670,FirstNumber=488,secondNumber=1714}  added by thread pool-3-thread-6
 message  {Id=6b5d95df-f54b-4a01-bad1-700720566670,FirstNumber=488,secondNumber=1714}  written to file by thread pool-3-thread-3
 message  {Id=c6f34418-34b4-45b5-b47b-9b4b07321dcf,FirstNumber=273,secondNumber=1428}  added by thread pool-3-thread-6
 message  {Id=c6f34418-34b4-45b5-b47b-9b4b07321dcf,FirstNumber=273,secondNumber=1428}  written to file by thread pool-3-thread-4
 message  {Id=d18e847f-4df4-4363-9117-9f0b6459f222,FirstNumber=8,secondNumber=1435}  added by thread pool-3-thread-6
 message  {Id=d18e847f-4df4-4363-9117-9f0b6459f222,FirstNumber=8,secondNumber=1435}  written to file by thread pool-3-thread-1
 message  {Id=e0da641e-fa47-4f1c-8014-d2f7a40ee961,FirstNumber=635,secondNumber=1785}  added by thread pool-3-thread-6
 message  {Id=e0da641e-fa47-4f1c-8014-d2f7a40ee961,FirstNumber=635,secondNumber=1785}  written to file by thread pool-3-thread-2
 message  {Id=08160266-1802-4dd8-94fa-95b2dea9e13f,FirstNumber=381,secondNumber=1680}  added by thread pool-3-thread-6
 message  {Id=08160266-1802-4dd8-94fa-95b2dea9e13f,FirstNumber=381,secondNumber=1680}  written to file by thread pool-3-thread-2
 message  {Id=733ebb63-ff1a-478b-a1c6-098b56838b7d,FirstNumber=667,secondNumber=527}  added by thread pool-3-thread-6
 message  {Id=733ebb63-ff1a-478b-a1c6-098b56838b7d,FirstNumber=667,secondNumber=527}  written to file by thread pool-3-thread-3
 message  {Id=e0bdbe1f-0203-4aa5-a14e-85ec3ddb85d9,FirstNumber=301,secondNumber=1462}  added by thread pool-3-thread-6
 message  {Id=e0bdbe1f-0203-4aa5-a14e-85ec3ddb85d9,FirstNumber=301,secondNumber=1462}  written to file by thread pool-3-thread-4
 message  {Id=e554cbac-0d8a-4855-aa65-bcde377a8da0,FirstNumber=996,secondNumber=1914}  added by thread pool-3-thread-6
 message  {Id=e554cbac-0d8a-4855-aa65-bcde377a8da0,FirstNumber=996,secondNumber=1914}  written to file by thread pool-3-thread-4
 message  {Id=ad4c8b1c-20de-435b-a22b-330d93aa0040,FirstNumber=814,secondNumber=1483}  added by thread pool-3-thread-6
 message  {Id=ad4c8b1c-20de-435b-a22b-330d93aa0040,FirstNumber=814,secondNumber=1483}  written to file by thread pool-3-thread-4
 message  {Id=c928bcc8-4989-4a2e-9919-bd76847f18d3,FirstNumber=876,secondNumber=1077}  added by thread pool-3-thread-6
 message  {Id=c928bcc8-4989-4a2e-9919-bd76847f18d3,FirstNumber=876,secondNumber=1077}  written to file by thread pool-3-thread-2
 message  {Id=79ef1765-a212-4bb3-a487-187c85195fb5,FirstNumber=102,secondNumber=1954}  added by thread pool-3-thread-6
 message  {Id=79ef1765-a212-4bb3-a487-187c85195fb5,FirstNumber=102,secondNumber=1954}  written to file by thread pool-3-thread-3
 message  {Id=6ae30ea4-6e89-4f90-8a86-a70eaf02143c,FirstNumber=283,secondNumber=486}  added by thread pool-3-thread-6
 message  {Id=6ae30ea4-6e89-4f90-8a86-a70eaf02143c,FirstNumber=283,secondNumber=486}  written to file by thread pool-3-thread-1
 message  {Id=8b3572f1-4081-4bb2-8136-38b24a13d021,FirstNumber=560,secondNumber=1255}  added by thread pool-3-thread-6
 message  {Id=8b3572f1-4081-4bb2-8136-38b24a13d021,FirstNumber=560,secondNumber=1255}  written to file by thread pool-3-thread-5
 message  {Id=0b320f50-61c4-49f2-8f9e-d01325d22441,FirstNumber=373,secondNumber=1815}  added by thread pool-3-thread-6
 message  {Id=0b320f50-61c4-49f2-8f9e-d01325d22441,FirstNumber=373,secondNumber=1815}  written to file by thread pool-3-thread-4
 message  {Id=20e4ec1f-663a-4a20-90e0-b2136f9c3ea1,FirstNumber=370,secondNumber=1190}  added by thread pool-3-thread-6
 message  {Id=20e4ec1f-663a-4a20-90e0-b2136f9c3ea1,FirstNumber=370,secondNumber=1190}  written to file by thread pool-3-thread-2
 message  {Id=94f2dbb1-b3bd-46e0-896c-ef243204f7ff,FirstNumber=11,secondNumber=363}  added by thread pool-3-thread-6
 message  {Id=94f2dbb1-b3bd-46e0-896c-ef243204f7ff,FirstNumber=11,secondNumber=363}  written to file by thread pool-3-thread-2
 message  {Id=178f7123-7b11-4b23-a459-39676e51d769,FirstNumber=388,secondNumber=954}  added by thread pool-3-thread-6
 message  {Id=178f7123-7b11-4b23-a459-39676e51d769,FirstNumber=388,secondNumber=954}  written to file by thread pool-3-thread-1
 message  {Id=a2377933-7a9f-4c6b-8e8d-0b69a0325fa9,FirstNumber=163,secondNumber=1960}  added by thread pool-3-thread-6
 message  {Id=a2377933-7a9f-4c6b-8e8d-0b69a0325fa9,FirstNumber=163,secondNumber=1960}  written to file by thread pool-3-thread-5
 message  {Id=d34ff2b2-2487-40be-9207-3825f11390e6,FirstNumber=162,secondNumber=975}  added by thread pool-3-thread-6
 message  {Id=d34ff2b2-2487-40be-9207-3825f11390e6,FirstNumber=162,secondNumber=975}  written to file by thread pool-3-thread-4
 message  {Id=11589a3e-7ea4-497b-98ad-eb7ce81678ec,FirstNumber=339,secondNumber=511}  added by thread pool-3-thread-6
 message  {Id=11589a3e-7ea4-497b-98ad-eb7ce81678ec,FirstNumber=339,secondNumber=511}  written to file by thread pool-3-thread-3
 message  {Id=bd8c9cab-8093-41c4-8418-7b779f9a8983,FirstNumber=464,secondNumber=1295}  added by thread pool-3-thread-6
 message  {Id=bd8c9cab-8093-41c4-8418-7b779f9a8983,FirstNumber=464,secondNumber=1295}  written to file by thread pool-3-thread-3
 message  {Id=b372e1c0-52f8-4ae1-9a39-fb829d88f483,FirstNumber=86,secondNumber=865}  added by thread pool-3-thread-6
 message  {Id=b372e1c0-52f8-4ae1-9a39-fb829d88f483,FirstNumber=86,secondNumber=865}  written to file by thread pool-3-thread-1
 message  {Id=939a00f0-da84-4ae1-b23b-46085ad0f437,FirstNumber=108,secondNumber=343}  added by thread pool-3-thread-6
 message  {Id=939a00f0-da84-4ae1-b23b-46085ad0f437,FirstNumber=108,secondNumber=343}  written to file by thread pool-3-thread-1
 message  {Id=d1082bca-5d40-482b-b180-f087cc5178e5,FirstNumber=938,secondNumber=667}  added by thread pool-3-thread-6
 message  {Id=d1082bca-5d40-482b-b180-f087cc5178e5,FirstNumber=938,secondNumber=667}  written to file by thread pool-3-thread-4
 message  {Id=f116e4be-5c35-4671-add8-90d3847633a8,FirstNumber=716,secondNumber=1555}  added by thread pool-3-thread-6
 message  {Id=f116e4be-5c35-4671-add8-90d3847633a8,FirstNumber=716,secondNumber=1555}  written to file by thread pool-3-thread-4
 message  {Id=c87400ff-841f-4020-8678-4840dd599018,FirstNumber=316,secondNumber=115}  added by thread pool-3-thread-6
 message  {Id=c87400ff-841f-4020-8678-4840dd599018,FirstNumber=316,secondNumber=115}  written to file by thread pool-3-thread-3
 message  {Id=138c8cfe-8d1a-429e-bde9-d1b3b826b25a,FirstNumber=373,secondNumber=920}  added by thread pool-3-thread-6
 message  {Id=138c8cfe-8d1a-429e-bde9-d1b3b826b25a,FirstNumber=373,secondNumber=920}  written to file by thread pool-3-thread-3
 message  {Id=482e7a67-92ae-4056-8322-62c19052d27a,FirstNumber=984,secondNumber=715}  added by thread pool-3-thread-6
 message  {Id=482e7a67-92ae-4056-8322-62c19052d27a,FirstNumber=984,secondNumber=715}  written to file by thread pool-3-thread-1
 message  {Id=8045c6b9-b344-4d3e-89bb-e88194cd8786,FirstNumber=706,secondNumber=29}  added by thread pool-3-thread-6
 message  {Id=8045c6b9-b344-4d3e-89bb-e88194cd8786,FirstNumber=706,secondNumber=29}  written to file by thread pool-3-thread-1
 message  {Id=9930e3db-da08-40f5-a676-f931e056ef6b,FirstNumber=675,secondNumber=437}  added by thread pool-3-thread-6
 message  {Id=9930e3db-da08-40f5-a676-f931e056ef6b,FirstNumber=675,secondNumber=437}  written to file by thread pool-3-thread-4
 message  {Id=45145d47-6edf-463c-ad18-7ee93bd8ad39,FirstNumber=364,secondNumber=400}  added by thread pool-3-thread-6
 message  {Id=45145d47-6edf-463c-ad18-7ee93bd8ad39,FirstNumber=364,secondNumber=400}  written to file by thread pool-3-thread-4
 message  {Id=ca5a323b-947a-45b1-a5bb-4d7adeac089c,FirstNumber=93,secondNumber=1393}  added by thread pool-3-thread-6
 message  {Id=ca5a323b-947a-45b1-a5bb-4d7adeac089c,FirstNumber=93,secondNumber=1393}  written to file by thread pool-3-thread-3
 message  {Id=8a5c3a76-348e-4163-9d95-48a8adcfade1,FirstNumber=799,secondNumber=932}  added by thread pool-3-thread-6
 message  {Id=8a5c3a76-348e-4163-9d95-48a8adcfade1,FirstNumber=799,secondNumber=932}  written to file by thread pool-3-thread-2
 message  {Id=c358d9c1-6cc3-47f5-aa7b-222289a593ff,FirstNumber=898,secondNumber=381}  added by thread pool-3-thread-6
 message  {Id=c358d9c1-6cc3-47f5-aa7b-222289a593ff,FirstNumber=898,secondNumber=381}  written to file by thread pool-3-thread-1
 message  {Id=15b02c28-1af0-4679-b0e5-8d326c5fc3f5,FirstNumber=28,secondNumber=842}  added by thread pool-3-thread-6
 message  {Id=15b02c28-1af0-4679-b0e5-8d326c5fc3f5,FirstNumber=28,secondNumber=842}  written to file by thread pool-3-thread-1
 message  {Id=a772fda2-5470-4991-b57f-33ae48544542,FirstNumber=83,secondNumber=1487}  added by thread pool-3-thread-6
 message  {Id=a772fda2-5470-4991-b57f-33ae48544542,FirstNumber=83,secondNumber=1487}  written to file by thread pool-3-thread-1
 message  {Id=d4e7ba00-b2c6-4bba-ba06-497d4f8441de,FirstNumber=888,secondNumber=400}  added by thread pool-3-thread-6
 message  {Id=d4e7ba00-b2c6-4bba-ba06-497d4f8441de,FirstNumber=888,secondNumber=400}  written to file by thread pool-3-thread-3
 message  {Id=267c267e-47d1-45af-95b9-b58fccce2b7d,FirstNumber=488,secondNumber=931}  added by thread pool-3-thread-6
 message  {Id=267c267e-47d1-45af-95b9-b58fccce2b7d,FirstNumber=488,secondNumber=931}  written to file by thread pool-3-thread-2
 message  {Id=f19376bc-46a9-4e6a-a210-bfde5e12d104,FirstNumber=474,secondNumber=1635}  added by thread pool-3-thread-6
 message  {Id=f19376bc-46a9-4e6a-a210-bfde5e12d104,FirstNumber=474,secondNumber=1635}  written to file by thread pool-3-thread-2
 message  {Id=fc8b7e80-8f7d-4939-967c-ec478c40bdb1,FirstNumber=792,secondNumber=1432}  added by thread pool-3-thread-6
 message  {Id=fc8b7e80-8f7d-4939-967c-ec478c40bdb1,FirstNumber=792,secondNumber=1432}  written to file by thread pool-3-thread-4
 message  {Id=e269f0fa-27d2-4d8e-bee6-cb450320174c,FirstNumber=890,secondNumber=819}  added by thread pool-3-thread-6
 message  {Id=e269f0fa-27d2-4d8e-bee6-cb450320174c,FirstNumber=890,secondNumber=819}  written to file by thread pool-3-thread-4
 message  {Id=74583ee8-1cb9-4b8c-a9cd-f23305ad42f1,FirstNumber=638,secondNumber=1051}  added by thread pool-3-thread-6
 message  {Id=74583ee8-1cb9-4b8c-a9cd-f23305ad42f1,FirstNumber=638,secondNumber=1051}  written to file by thread pool-3-thread-3
 message  {Id=fdd559bf-9fa1-47bd-b352-2663fef686e4,FirstNumber=732,secondNumber=1806}  added by thread pool-3-thread-6
 message  {Id=fdd559bf-9fa1-47bd-b352-2663fef686e4,FirstNumber=732,secondNumber=1806}  written to file by thread pool-3-thread-3
 message  {Id=c6530d8f-bd4e-4dc4-9ae6-7d2eb83ea7b0,FirstNumber=252,secondNumber=1203}  added by thread pool-3-thread-6
 message  {Id=c6530d8f-bd4e-4dc4-9ae6-7d2eb83ea7b0,FirstNumber=252,secondNumber=1203}  written to file by thread pool-3-thread-2
 message  {Id=a84c1f41-2a9d-41cc-acb2-dc077efee4a5,FirstNumber=294,secondNumber=1900}  added by thread pool-3-thread-6
 message  {Id=a84c1f41-2a9d-41cc-acb2-dc077efee4a5,FirstNumber=294,secondNumber=1900}  written to file by thread pool-3-thread-1
 message  {Id=3af1fd91-32be-46a0-a953-f986c7b01f80,FirstNumber=209,secondNumber=174}  added by thread pool-3-thread-6
 message  {Id=3af1fd91-32be-46a0-a953-f986c7b01f80,FirstNumber=209,secondNumber=174}  written to file by thread pool-3-thread-4
 message  {Id=47f8874b-bf90-4144-bc23-34ef25ff994e,FirstNumber=887,secondNumber=969}  added by thread pool-3-thread-6
 message  {Id=47f8874b-bf90-4144-bc23-34ef25ff994e,FirstNumber=887,secondNumber=969}  written to file by thread pool-3-thread-4
 message  {Id=5e378ba8-aab8-4486-9eba-e68d05dde1f1,FirstNumber=561,secondNumber=185}  added by thread pool-3-thread-6
 message  {Id=5e378ba8-aab8-4486-9eba-e68d05dde1f1,FirstNumber=561,secondNumber=185}  written to file by thread pool-3-thread-3
 message  {Id=bafa2117-97fe-4c1a-8dab-667abafdf339,FirstNumber=606,secondNumber=699}  added by thread pool-3-thread-6
 message  {Id=bafa2117-97fe-4c1a-8dab-667abafdf339,FirstNumber=606,secondNumber=699}  written to file by thread pool-3-thread-2
 message  {Id=be2acba6-13f4-4664-b2b0-692a6c4ee826,FirstNumber=43,secondNumber=516}  added by thread pool-3-thread-6
 message  {Id=be2acba6-13f4-4664-b2b0-692a6c4ee826,FirstNumber=43,secondNumber=516}  written to file by thread pool-3-thread-2
 message  {Id=a95b3edf-5897-48fb-b905-3664f25f143b,FirstNumber=805,secondNumber=1170}  added by thread pool-3-thread-6
 message  {Id=a95b3edf-5897-48fb-b905-3664f25f143b,FirstNumber=805,secondNumber=1170}  written to file by thread pool-3-thread-5
 message  {Id=7223e4bb-bb3a-4193-82a9-9139dd4bf997,FirstNumber=408,secondNumber=1497}  added by thread pool-3-thread-6
 message  {Id=7223e4bb-bb3a-4193-82a9-9139dd4bf997,FirstNumber=408,secondNumber=1497}  written to file by thread pool-3-thread-4
 message  {Id=4c5d7ed9-c32e-4cdd-a579-0fa934e4a033,FirstNumber=394,secondNumber=1947}  added by thread pool-3-thread-6
 message  {Id=4c5d7ed9-c32e-4cdd-a579-0fa934e4a033,FirstNumber=394,secondNumber=1947}  written to file by thread pool-3-thread-3
 message  {Id=f5e5f7a6-d1eb-433c-8668-33cc376eceb3,FirstNumber=512,secondNumber=530}  added by thread pool-3-thread-6
 message  {Id=f5e5f7a6-d1eb-433c-8668-33cc376eceb3,FirstNumber=512,secondNumber=530}  written to file by thread pool-3-thread-1
 message  {Id=9d95b12a-cab5-4ec3-a106-0cef0fe3fe12,FirstNumber=563,secondNumber=1052}  added by thread pool-3-thread-6
 message  {Id=9d95b12a-cab5-4ec3-a106-0cef0fe3fe12,FirstNumber=563,secondNumber=1052}  written to file by thread pool-3-thread-1
 message  {Id=32a7a010-b3ab-4a4b-842d-8efd18ad7100,FirstNumber=578,secondNumber=1141}  added by thread pool-3-thread-6
 message  {Id=32a7a010-b3ab-4a4b-842d-8efd18ad7100,FirstNumber=578,secondNumber=1141}  written to file by thread pool-3-thread-1
 message  {Id=abb5c228-cff9-43d9-9076-01b74c7a657a,FirstNumber=606,secondNumber=1046}  added by thread pool-3-thread-6
 message  {Id=abb5c228-cff9-43d9-9076-01b74c7a657a,FirstNumber=606,secondNumber=1046}  written to file by thread pool-3-thread-4
 message  {Id=d9e05b01-49ec-4941-b83d-0318b167f822,FirstNumber=969,secondNumber=586}  added by thread pool-3-thread-6
 message  {Id=d9e05b01-49ec-4941-b83d-0318b167f822,FirstNumber=969,secondNumber=586}  written to file by thread pool-3-thread-4
 message  {Id=50884ffd-dc44-4f96-a1ab-9129d0dcb96f,FirstNumber=452,secondNumber=682}  added by thread pool-3-thread-6
 message  {Id=50884ffd-dc44-4f96-a1ab-9129d0dcb96f,FirstNumber=452,secondNumber=682}  written to file by thread pool-3-thread-2
 message  {Id=2dfa7745-53d3-40c5-b2fd-762d5f823755,FirstNumber=681,secondNumber=42}  added by thread pool-3-thread-6
 message  {Id=2dfa7745-53d3-40c5-b2fd-762d5f823755,FirstNumber=681,secondNumber=42}  written to file by thread pool-3-thread-2
 message  {Id=37e922ca-a716-4736-a809-8627f33b4a5e,FirstNumber=688,secondNumber=352}  added by thread pool-3-thread-6
 message  {Id=37e922ca-a716-4736-a809-8627f33b4a5e,FirstNumber=688,secondNumber=352}  written to file by thread pool-3-thread-1
 message  {Id=d7f7978a-4b68-4f70-8527-607f73b2957f,FirstNumber=630,secondNumber=1616}  added by thread pool-3-thread-6
 message  {Id=d7f7978a-4b68-4f70-8527-607f73b2957f,FirstNumber=630,secondNumber=1616}  written to file by thread pool-3-thread-1
 message  {Id=c2a294be-f955-4557-9ba5-3298342a55c5,FirstNumber=265,secondNumber=46}  added by thread pool-3-thread-6
 message  {Id=c2a294be-f955-4557-9ba5-3298342a55c5,FirstNumber=265,secondNumber=46}  written to file by thread pool-3-thread-1
 message  {Id=8073a48e-1d50-444a-bea0-0c683ccbe1ee,FirstNumber=508,secondNumber=1809}  added by thread pool-3-thread-6
 message  {Id=8073a48e-1d50-444a-bea0-0c683ccbe1ee,FirstNumber=508,secondNumber=1809}  written to file by thread pool-3-thread-5
 message  {Id=8929d32d-cc4c-475d-97d3-41bddaae5035,FirstNumber=564,secondNumber=1222}  added by thread pool-3-thread-6
 message  {Id=8929d32d-cc4c-475d-97d3-41bddaae5035,FirstNumber=564,secondNumber=1222}  written to file by thread pool-3-thread-2
 message  {Id=6c2587d0-c939-4bc3-b593-14ac3eb7f98c,FirstNumber=452,secondNumber=152}  added by thread pool-3-thread-6
 message  {Id=6c2587d0-c939-4bc3-b593-14ac3eb7f98c,FirstNumber=452,secondNumber=152}  written to file by thread pool-3-thread-2
 message  {Id=dc45ae40-3304-4789-b756-376a4ad0053d,FirstNumber=571,secondNumber=949}  added by thread pool-3-thread-6
 message  {Id=dc45ae40-3304-4789-b756-376a4ad0053d,FirstNumber=571,secondNumber=949}  written to file by thread pool-3-thread-2
 message  {Id=eb3ea84f-8207-45ec-b547-46072f61798d,FirstNumber=748,secondNumber=1148}  added by thread pool-3-thread-6
 message  {Id=eb3ea84f-8207-45ec-b547-46072f61798d,FirstNumber=748,secondNumber=1148}  written to file by thread pool-3-thread-1
 message  {Id=8e2ed6a4-62ea-4b56-bef5-c735e00277b6,FirstNumber=176,secondNumber=187}  added by thread pool-3-thread-6
 message  {Id=8e2ed6a4-62ea-4b56-bef5-c735e00277b6,FirstNumber=176,secondNumber=187}  written to file by thread pool-3-thread-5
 message  {Id=34e3f69f-5d7f-479d-85bf-c6795ae2a95e,FirstNumber=994,secondNumber=1577}  added by thread pool-3-thread-6
 message  {Id=34e3f69f-5d7f-479d-85bf-c6795ae2a95e,FirstNumber=994,secondNumber=1577}  written to file by thread pool-3-thread-3
 message  {Id=1c406ac5-62a8-4c9d-a76a-f49604e76d16,FirstNumber=683,secondNumber=721}  added by thread pool-3-thread-6
 message  {Id=1c406ac5-62a8-4c9d-a76a-f49604e76d16,FirstNumber=683,secondNumber=721}  written to file by thread pool-3-thread-4
 message  {Id=ed175943-a758-44e9-a85e-eab8da125929,FirstNumber=385,secondNumber=190}  added by thread pool-3-thread-6
 message  {Id=ed175943-a758-44e9-a85e-eab8da125929,FirstNumber=385,secondNumber=190}  written to file by thread pool-3-thread-4
 message  {Id=a1f7e38b-f14e-4421-9f70-021ca968045d,FirstNumber=577,secondNumber=1963}  added by thread pool-3-thread-6
 message  {Id=a1f7e38b-f14e-4421-9f70-021ca968045d,FirstNumber=577,secondNumber=1963}  written to file by thread pool-3-thread-1
 message  {Id=a7d4b9c7-dc0e-4666-aa05-703444fb15a7,FirstNumber=449,secondNumber=1635}  added by thread pool-3-thread-6
 message  {Id=a7d4b9c7-dc0e-4666-aa05-703444fb15a7,FirstNumber=449,secondNumber=1635}  written to file by thread pool-3-thread-1
 message  {Id=746f12d2-07dd-4178-9671-9b032273c157,FirstNumber=882,secondNumber=425}  added by thread pool-3-thread-6
 message  {Id=746f12d2-07dd-4178-9671-9b032273c157,FirstNumber=882,secondNumber=425}  written to file by thread pool-3-thread-1
 message  {Id=2adbfebe-a2a0-4e56-8ba5-9198cf8d8776,FirstNumber=222,secondNumber=31}  added by thread pool-3-thread-6
 message  {Id=2adbfebe-a2a0-4e56-8ba5-9198cf8d8776,FirstNumber=222,secondNumber=31}  written to file by thread pool-3-thread-2
 message  {Id=b474ba56-946f-40aa-abfe-88f73a14f1ac,FirstNumber=352,secondNumber=882}  added by thread pool-3-thread-6
 message  {Id=b474ba56-946f-40aa-abfe-88f73a14f1ac,FirstNumber=352,secondNumber=882}  written to file by thread pool-3-thread-2
 message  {Id=a1e49fcb-42f3-411f-a211-26c63d7d070c,FirstNumber=150,secondNumber=361}  added by thread pool-3-thread-6
 message  {Id=a1e49fcb-42f3-411f-a211-26c63d7d070c,FirstNumber=150,secondNumber=361}  written to file by thread pool-3-thread-5
 message  {Id=7bc16177-181f-457a-a545-0570e3a85254,FirstNumber=491,secondNumber=1519}  added by thread pool-3-thread-6
 message  {Id=7bc16177-181f-457a-a545-0570e3a85254,FirstNumber=491,secondNumber=1519}  written to file by thread pool-3-thread-5
 message  {Id=b2e37654-b0aa-4eb7-8531-c649b11a9139,FirstNumber=962,secondNumber=1780}  added by thread pool-3-thread-6
 message  {Id=b2e37654-b0aa-4eb7-8531-c649b11a9139,FirstNumber=962,secondNumber=1780}  written to file by thread pool-3-thread-1
 message  {Id=ef8318b7-cf31-40bf-b5a8-f03d0a65585d,FirstNumber=238,secondNumber=249}  added by thread pool-3-thread-6
 message  {Id=ef8318b7-cf31-40bf-b5a8-f03d0a65585d,FirstNumber=238,secondNumber=249}  written to file by thread pool-3-thread-4
 message  {Id=eece0bdd-3fed-44eb-bf5d-67cc6c136d2c,FirstNumber=734,secondNumber=629}  added by thread pool-3-thread-6
 message  {Id=eece0bdd-3fed-44eb-bf5d-67cc6c136d2c,FirstNumber=734,secondNumber=629}  written to file by thread pool-3-thread-2
 message  {Id=c681bfd3-cd37-46ed-9db5-a7d40dde4036,FirstNumber=355,secondNumber=1875}  added by thread pool-3-thread-6
 message  {Id=c681bfd3-cd37-46ed-9db5-a7d40dde4036,FirstNumber=355,secondNumber=1875}  written to file by thread pool-3-thread-3
 message  {Id=37532006-3f12-4d4f-aecd-d2b9356de8b6,FirstNumber=708,secondNumber=964}  added by thread pool-3-thread-6
 message  {Id=37532006-3f12-4d4f-aecd-d2b9356de8b6,FirstNumber=708,secondNumber=964}  written to file by thread pool-3-thread-5
 message  {Id=c1ffbfe7-88e5-4650-80f8-b054d6195e54,FirstNumber=29,secondNumber=431}  added by thread pool-3-thread-6
 message  {Id=c1ffbfe7-88e5-4650-80f8-b054d6195e54,FirstNumber=29,secondNumber=431}  written to file by thread pool-3-thread-1
 message  {Id=e8e222b0-1c1b-442d-bffd-1e475d4ffd6d,FirstNumber=129,secondNumber=346}  added by thread pool-3-thread-6
 message  {Id=e8e222b0-1c1b-442d-bffd-1e475d4ffd6d,FirstNumber=129,secondNumber=346}  written to file by thread pool-3-thread-1
 message  {Id=7c610144-075a-4840-9603-4f829c8eb688,FirstNumber=886,secondNumber=553}  added by thread pool-3-thread-6
 message  {Id=7c610144-075a-4840-9603-4f829c8eb688,FirstNumber=886,secondNumber=553}  written to file by thread pool-3-thread-2
 message  {Id=bab03da1-9c71-4f04-8b6c-54e834e59e8e,FirstNumber=780,secondNumber=1665}  added by thread pool-3-thread-6
 message  {Id=bab03da1-9c71-4f04-8b6c-54e834e59e8e,FirstNumber=780,secondNumber=1665}  written to file by thread pool-3-thread-3
 message  {Id=2fdad197-a016-437e-a3b0-f2a7216f604b,FirstNumber=345,secondNumber=378}  added by thread pool-3-thread-6
 message  {Id=2fdad197-a016-437e-a3b0-f2a7216f604b,FirstNumber=345,secondNumber=378}  written to file by thread pool-3-thread-3
 message  {Id=8f167d9d-0aeb-4632-a1c9-e8cc668fb58d,FirstNumber=896,secondNumber=1128}  added by thread pool-3-thread-6
 message  {Id=8f167d9d-0aeb-4632-a1c9-e8cc668fb58d,FirstNumber=896,secondNumber=1128}  written to file by thread pool-3-thread-4
 message  {Id=dea44986-0142-4fd5-aee9-76a8b3560320,FirstNumber=739,secondNumber=1504}  added by thread pool-3-thread-6
 message  {Id=dea44986-0142-4fd5-aee9-76a8b3560320,FirstNumber=739,secondNumber=1504}  written to file by thread pool-3-thread-4
 message  {Id=dc4a03f6-1ac2-46c7-8c64-5822c0006046,FirstNumber=24,secondNumber=1207}  added by thread pool-3-thread-6
 message  {Id=dc4a03f6-1ac2-46c7-8c64-5822c0006046,FirstNumber=24,secondNumber=1207}  written to file by thread pool-3-thread-2
 message  {Id=d8b97245-06e5-4337-8d63-f1a4a6f8bbd1,FirstNumber=590,secondNumber=1004}  added by thread pool-3-thread-6
 message  {Id=d8b97245-06e5-4337-8d63-f1a4a6f8bbd1,FirstNumber=590,secondNumber=1004}  written to file by thread pool-3-thread-2
 message  {Id=a9b5dedf-9a12-42cf-8606-79162ad88f87,FirstNumber=976,secondNumber=1793}  added by thread pool-3-thread-6
 message  {Id=a9b5dedf-9a12-42cf-8606-79162ad88f87,FirstNumber=976,secondNumber=1793}  written to file by thread pool-3-thread-3
 message  {Id=fe9696b4-0907-4223-956a-a451a6f86bf3,FirstNumber=579,secondNumber=1541}  added by thread pool-3-thread-6
 message  {Id=fe9696b4-0907-4223-956a-a451a6f86bf3,FirstNumber=579,secondNumber=1541}  written to file by thread pool-3-thread-1
 message  {Id=ad589756-1cfd-4baa-b2ea-07fdfe88216d,FirstNumber=966,secondNumber=1905}  added by thread pool-3-thread-6
 message  {Id=ad589756-1cfd-4baa-b2ea-07fdfe88216d,FirstNumber=966,secondNumber=1905}  written to file by thread pool-3-thread-4
 message  {Id=57042ccb-1fdb-4e4e-b801-1c786f5aa6d5,FirstNumber=0,secondNumber=1597}  added by thread pool-3-thread-6
 message  {Id=57042ccb-1fdb-4e4e-b801-1c786f5aa6d5,FirstNumber=0,secondNumber=1597}  written to file by thread pool-3-thread-5
 message  {Id=2c99dc0c-9042-49ea-b4e1-f41637194613,FirstNumber=678,secondNumber=1731}  added by thread pool-3-thread-6
 message  {Id=2c99dc0c-9042-49ea-b4e1-f41637194613,FirstNumber=678,secondNumber=1731}  written to file by thread pool-3-thread-2
 message  {Id=65bfafbf-1a2a-446e-b4a2-453da42f7a6b,FirstNumber=165,secondNumber=1319}  added by thread pool-3-thread-6
 message  {Id=65bfafbf-1a2a-446e-b4a2-453da42f7a6b,FirstNumber=165,secondNumber=1319}  written to file by thread pool-3-thread-3
 message  {Id=4f7633f5-a858-457d-92f5-3366fe2f74ea,FirstNumber=101,secondNumber=349}  added by thread pool-3-thread-6
 message  {Id=6390da98-fd9f-4d7e-8d26-f3691f7fbc66,FirstNumber=315,secondNumber=1468}  added by thread pool-3-thread-6
 message  {Id=4f7633f5-a858-457d-92f5-3366fe2f74ea,FirstNumber=101,secondNumber=349}  written to file by thread pool-3-thread-1
 message  {Id=a2f624de-ff23-4d3d-aa60-4aaa886c6669,FirstNumber=12,secondNumber=352}  added by thread pool-3-thread-6
 message  {Id=a2f624de-ff23-4d3d-aa60-4aaa886c6669,FirstNumber=12,secondNumber=352}  written to file by thread pool-3-thread-5
 message  {Id=f1fc2926-cbce-4346-adda-46a23b3a7ecd,FirstNumber=537,secondNumber=1094}  added by thread pool-3-thread-6
 message  {Id=6390da98-fd9f-4d7e-8d26-f3691f7fbc66,FirstNumber=315,secondNumber=1468}  written to file by thread pool-3-thread-4
 message  {Id=f1fc2926-cbce-4346-adda-46a23b3a7ecd,FirstNumber=537,secondNumber=1094}  written to file by thread pool-3-thread-2
 message  {Id=8a4ffaa1-419e-476a-85fd-ad9c4d7e37dc,FirstNumber=982,secondNumber=1542}  added by thread pool-3-thread-6
 message  {Id=8a4ffaa1-419e-476a-85fd-ad9c4d7e37dc,FirstNumber=982,secondNumber=1542}  written to file by thread pool-3-thread-4
 message  {Id=bae65ba5-014c-4a58-92e4-95a5cdfcc7bf,FirstNumber=536,secondNumber=386}  added by thread pool-3-thread-6
 message  {Id=bae65ba5-014c-4a58-92e4-95a5cdfcc7bf,FirstNumber=536,secondNumber=386}  written to file by thread pool-3-thread-4
 message  {Id=ef4bf770-e6ed-4f3b-a40f-2aad7673f690,FirstNumber=772,secondNumber=357}  added by thread pool-3-thread-6
 message  {Id=ef4bf770-e6ed-4f3b-a40f-2aad7673f690,FirstNumber=772,secondNumber=357}  written to file by thread pool-3-thread-4
 message  {Id=3f3d43c4-a453-4134-9530-6a08ae43626e,FirstNumber=528,secondNumber=1758}  added by thread pool-3-thread-6
 message  {Id=3f3d43c4-a453-4134-9530-6a08ae43626e,FirstNumber=528,secondNumber=1758}  written to file by thread pool-3-thread-2
 message  {Id=d78271dc-ec13-492e-ac71-7e389d655133,FirstNumber=1,secondNumber=125}  added by thread pool-3-thread-6
 message  {Id=d78271dc-ec13-492e-ac71-7e389d655133,FirstNumber=1,secondNumber=125}  written to file by thread pool-3-thread-3
 message  {Id=a8ecdd9f-1ff0-4198-a53a-f730528b8d3b,FirstNumber=854,secondNumber=1083}  added by thread pool-3-thread-6
 message  {Id=a8ecdd9f-1ff0-4198-a53a-f730528b8d3b,FirstNumber=854,secondNumber=1083}  written to file by thread pool-3-thread-3
 message  {Id=e4975778-9ff3-4386-a6ae-0816e3f27fd4,FirstNumber=651,secondNumber=559}  added by thread pool-3-thread-6
 message  {Id=e4975778-9ff3-4386-a6ae-0816e3f27fd4,FirstNumber=651,secondNumber=559}  written to file by thread pool-3-thread-5
 message  {Id=5923a949-e7ad-4808-8eb2-fd471136f906,FirstNumber=579,secondNumber=1771}  added by thread pool-3-thread-6
 message  {Id=5923a949-e7ad-4808-8eb2-fd471136f906,FirstNumber=579,secondNumber=1771}  written to file by thread pool-3-thread-4
 message  {Id=40947ba0-2bdd-43fa-b16a-d1e3435c8ca2,FirstNumber=6,secondNumber=629}  added by thread pool-3-thread-6
 message  {Id=40947ba0-2bdd-43fa-b16a-d1e3435c8ca2,FirstNumber=6,secondNumber=629}  written to file by thread pool-3-thread-4
 message  {Id=98fa33e0-438b-404a-a2ec-99a8f79aea19,FirstNumber=29,secondNumber=1427}  added by thread pool-3-thread-6
 message  {Id=98fa33e0-438b-404a-a2ec-99a8f79aea19,FirstNumber=29,secondNumber=1427}  written to file by thread pool-3-thread-1
 message  {Id=596c8675-3e66-47cf-bd18-f1561fb407df,FirstNumber=809,secondNumber=1087}  added by thread pool-3-thread-6
 message  {Id=596c8675-3e66-47cf-bd18-f1561fb407df,FirstNumber=809,secondNumber=1087}  written to file by thread pool-3-thread-3
 message  {Id=21aa40be-e5a4-4674-ae3c-8febfd4519d4,FirstNumber=980,secondNumber=1748}  added by thread pool-3-thread-6
 message  {Id=21aa40be-e5a4-4674-ae3c-8febfd4519d4,FirstNumber=980,secondNumber=1748}  written to file by thread pool-3-thread-3
 message  {Id=ad1cef5a-a362-4737-8fa4-fe506ae7acfd,FirstNumber=802,secondNumber=1559}  added by thread pool-3-thread-6
 message  {Id=ad1cef5a-a362-4737-8fa4-fe506ae7acfd,FirstNumber=802,secondNumber=1559}  written to file by thread pool-3-thread-2
 message  {Id=3f1d6748-deef-4c81-8ec9-818171544212,FirstNumber=121,secondNumber=1132}  added by thread pool-3-thread-6
 message  {Id=3f1d6748-deef-4c81-8ec9-818171544212,FirstNumber=121,secondNumber=1132}  written to file by thread pool-3-thread-2
 message  {Id=d28ed69c-6fbf-437c-9947-f48c68144259,FirstNumber=499,secondNumber=1164}  added by thread pool-3-thread-6
 message  {Id=d28ed69c-6fbf-437c-9947-f48c68144259,FirstNumber=499,secondNumber=1164}  written to file by thread pool-3-thread-1
 message  {Id=ba603fd3-ba79-4421-bafc-b387bf5c00bf,FirstNumber=57,secondNumber=1964}  added by thread pool-3-thread-6
 message  {Id=ba603fd3-ba79-4421-bafc-b387bf5c00bf,FirstNumber=57,secondNumber=1964}  written to file by thread pool-3-thread-1
 message  {Id=e8998998-8a9a-49cc-bec9-c80b911f9314,FirstNumber=324,secondNumber=609}  added by thread pool-3-thread-6
 message  {Id=e8998998-8a9a-49cc-bec9-c80b911f9314,FirstNumber=324,secondNumber=609}  written to file by thread pool-3-thread-3
 message  {Id=5742a739-c301-4b59-b748-c61cebac0366,FirstNumber=388,secondNumber=1931}  added by thread pool-3-thread-6
 message  {Id=5742a739-c301-4b59-b748-c61cebac0366,FirstNumber=388,secondNumber=1931}  written to file by thread pool-3-thread-4
 message  {Id=026d23d5-36eb-4dd9-9544-54a848516837,FirstNumber=313,secondNumber=1685}  added by thread pool-3-thread-6
 message  {Id=026d23d5-36eb-4dd9-9544-54a848516837,FirstNumber=313,secondNumber=1685}  written to file by thread pool-3-thread-4
 message  {Id=6457a23b-04f4-4441-b5cc-2ac214cfb7b7,FirstNumber=300,secondNumber=472}  added by thread pool-3-thread-6
 message  {Id=6457a23b-04f4-4441-b5cc-2ac214cfb7b7,FirstNumber=300,secondNumber=472}  written to file by thread pool-3-thread-5
 message  {Id=8f2064dd-3de4-48b4-b76b-6e254a1f42db,FirstNumber=550,secondNumber=1993}  added by thread pool-3-thread-6
 message  {Id=8f2064dd-3de4-48b4-b76b-6e254a1f42db,FirstNumber=550,secondNumber=1993}  written to file by thread pool-3-thread-1
 message  {Id=72fc9a7a-ceec-498b-b938-a1e9940c84c5,FirstNumber=802,secondNumber=1787}  added by thread pool-3-thread-6
 message  {Id=72fc9a7a-ceec-498b-b938-a1e9940c84c5,FirstNumber=802,secondNumber=1787}  written to file by thread pool-3-thread-1
 message  {Id=baeb566e-a9ae-43df-8343-5cfbe7c7aaa5,FirstNumber=168,secondNumber=466}  added by thread pool-3-thread-6
 message  {Id=baeb566e-a9ae-43df-8343-5cfbe7c7aaa5,FirstNumber=168,secondNumber=466}  written to file by thread pool-3-thread-2
 message  {Id=6649483c-2eda-469d-af28-38bca3c98b33,FirstNumber=666,secondNumber=1500}  added by thread pool-3-thread-6
 message  {Id=6649483c-2eda-469d-af28-38bca3c98b33,FirstNumber=666,secondNumber=1500}  written to file by thread pool-3-thread-2
 message  {Id=dedb24f3-d03c-468e-812e-043b56c45fbf,FirstNumber=402,secondNumber=1097}  added by thread pool-3-thread-6
 message  {Id=dedb24f3-d03c-468e-812e-043b56c45fbf,FirstNumber=402,secondNumber=1097}  written to file by thread pool-3-thread-5
 message  {Id=a3d3b59c-43b7-44a9-bedd-9a2eac5339fb,FirstNumber=980,secondNumber=1867}  added by thread pool-3-thread-6
 message  {Id=a3d3b59c-43b7-44a9-bedd-9a2eac5339fb,FirstNumber=980,secondNumber=1867}  written to file by thread pool-3-thread-3
 message  {Id=eb702bfc-dd10-46e4-aaa0-9d35cfe39cc9,FirstNumber=740,secondNumber=1528}  added by thread pool-3-thread-6
 message  {Id=eb702bfc-dd10-46e4-aaa0-9d35cfe39cc9,FirstNumber=740,secondNumber=1528}  written to file by thread pool-3-thread-3
 message  {Id=98355c16-4d83-45ae-a709-24cec8f23161,FirstNumber=505,secondNumber=1147}  added by thread pool-3-thread-6
 message  {Id=98355c16-4d83-45ae-a709-24cec8f23161,FirstNumber=505,secondNumber=1147}  written to file by thread pool-3-thread-4
 message  {Id=b0fbac37-0547-45b8-a172-6106166c3032,FirstNumber=272,secondNumber=701}  added by thread pool-3-thread-6
 message  {Id=b0fbac37-0547-45b8-a172-6106166c3032,FirstNumber=272,secondNumber=701}  written to file by thread pool-3-thread-4
 message  {Id=f2f763d8-f5cf-47f6-9fe8-c6d170c7e10c,FirstNumber=502,secondNumber=886}  added by thread pool-3-thread-6
 message  {Id=f2f763d8-f5cf-47f6-9fe8-c6d170c7e10c,FirstNumber=502,secondNumber=886}  written to file by thread pool-3-thread-5
 message  {Id=a98bdbdc-fb35-4bcf-916b-328694b412c1,FirstNumber=430,secondNumber=1988}  added by thread pool-3-thread-6
 message  {Id=a98bdbdc-fb35-4bcf-916b-328694b412c1,FirstNumber=430,secondNumber=1988}  written to file by thread pool-3-thread-1
 message  {Id=6f425c36-8640-4946-a8c8-f19e8e2875a0,FirstNumber=56,secondNumber=202}  added by thread pool-3-thread-6
 message  {Id=6f425c36-8640-4946-a8c8-f19e8e2875a0,FirstNumber=56,secondNumber=202}  written to file by thread pool-3-thread-3
 message  {Id=3a6abfd7-4a8d-43b0-aeb1-04b8038bf90e,FirstNumber=594,secondNumber=893}  added by thread pool-3-thread-6
 message  {Id=3a6abfd7-4a8d-43b0-aeb1-04b8038bf90e,FirstNumber=594,secondNumber=893}  written to file by thread pool-3-thread-3
 message  {Id=6b5f7157-dce5-4ff1-aae7-4720a410b4b9,FirstNumber=848,secondNumber=1564}  added by thread pool-3-thread-6
 message  {Id=6b5f7157-dce5-4ff1-aae7-4720a410b4b9,FirstNumber=848,secondNumber=1564}  written to file by thread pool-3-thread-4
 message  {Id=ca8b529a-6e45-40cc-8ebd-c9cf11ea9783,FirstNumber=394,secondNumber=1323}  added by thread pool-3-thread-6
 message  {Id=ca8b529a-6e45-40cc-8ebd-c9cf11ea9783,FirstNumber=394,secondNumber=1323}  written to file by thread pool-3-thread-4
 message  {Id=46908fa6-96d8-4dcf-9d7a-c91fcd62fe08,FirstNumber=16,secondNumber=1196}  added by thread pool-3-thread-6
 message  {Id=46908fa6-96d8-4dcf-9d7a-c91fcd62fe08,FirstNumber=16,secondNumber=1196}  written to file by thread pool-3-thread-1
 message  {Id=c3d2b1fe-aea2-40e6-974a-2d810c2537ad,FirstNumber=451,secondNumber=1982}  added by thread pool-3-thread-6
 message  {Id=c3d2b1fe-aea2-40e6-974a-2d810c2537ad,FirstNumber=451,secondNumber=1982}  written to file by thread pool-3-thread-2
 message  {Id=d8a13f33-e4af-440c-afca-c1a83b9105a9,FirstNumber=237,secondNumber=1733}  added by thread pool-3-thread-6
 message  {Id=d8a13f33-e4af-440c-afca-c1a83b9105a9,FirstNumber=237,secondNumber=1733}  written to file by thread pool-3-thread-3
 message  {Id=8b48da9d-81a9-4b78-8658-8d01518e2ee7,FirstNumber=559,secondNumber=1580}  added by thread pool-3-thread-6
 message  {Id=8b48da9d-81a9-4b78-8658-8d01518e2ee7,FirstNumber=559,secondNumber=1580}  written to file by thread pool-3-thread-5
 message  {Id=5938fc8a-619c-4223-a94b-4e9a2c08806c,FirstNumber=529,secondNumber=1160}  added by thread pool-3-thread-6
 message  {Id=5938fc8a-619c-4223-a94b-4e9a2c08806c,FirstNumber=529,secondNumber=1160}  written to file by thread pool-3-thread-5
 message  {Id=ef56659f-5080-45ed-b1da-28b2f4c3af8a,FirstNumber=343,secondNumber=1280}  added by thread pool-3-thread-6
 message  {Id=ef56659f-5080-45ed-b1da-28b2f4c3af8a,FirstNumber=343,secondNumber=1280}  written to file by thread pool-3-thread-1
 message  {Id=820e6412-a238-4607-92c2-cd48bfd34b39,FirstNumber=961,secondNumber=649}  added by thread pool-3-thread-6
 message  {Id=820e6412-a238-4607-92c2-cd48bfd34b39,FirstNumber=961,secondNumber=649}  written to file by thread pool-3-thread-2
 message  {Id=135900cb-59da-4200-9264-2ba897713199,FirstNumber=656,secondNumber=1498}  added by thread pool-3-thread-6
 message  {Id=135900cb-59da-4200-9264-2ba897713199,FirstNumber=656,secondNumber=1498}  written to file by thread pool-3-thread-3
 message  {Id=74156215-3053-46a0-94c7-6453b2546cfa,FirstNumber=695,secondNumber=629}  added by thread pool-3-thread-6
 message  {Id=74156215-3053-46a0-94c7-6453b2546cfa,FirstNumber=695,secondNumber=629}  written to file by thread pool-3-thread-4
 message  {Id=d53b2656-ce90-4d92-89e0-5bf324d7b30a,FirstNumber=874,secondNumber=1649}  added by thread pool-3-thread-6
 message  {Id=d53b2656-ce90-4d92-89e0-5bf324d7b30a,FirstNumber=874,secondNumber=1649}  written to file by thread pool-3-thread-4
 message  {Id=7446a80b-09d6-43c0-a028-7a62b01594b9,FirstNumber=86,secondNumber=186}  added by thread pool-3-thread-6
 message  {Id=7446a80b-09d6-43c0-a028-7a62b01594b9,FirstNumber=86,secondNumber=186}  written to file by thread pool-3-thread-1
 message  {Id=0f4ae43d-dc34-48ac-af7e-2e4a2174f087,FirstNumber=824,secondNumber=1274}  added by thread pool-3-thread-6
 message  {Id=0f4ae43d-dc34-48ac-af7e-2e4a2174f087,FirstNumber=824,secondNumber=1274}  written to file by thread pool-3-thread-2
 message  {Id=7aeff75a-0d6a-4a5b-b854-4189a42b92ee,FirstNumber=515,secondNumber=643}  added by thread pool-3-thread-6
 message  {Id=7aeff75a-0d6a-4a5b-b854-4189a42b92ee,FirstNumber=515,secondNumber=643}  written to file by thread pool-3-thread-3
 message  {Id=66dbf15f-ed1a-42f1-8479-aa6bb20ee226,FirstNumber=560,secondNumber=84}  added by thread pool-3-thread-6
 message  {Id=66dbf15f-ed1a-42f1-8479-aa6bb20ee226,FirstNumber=560,secondNumber=84}  written to file by thread pool-3-thread-5
 message  {Id=2c4c41b0-2345-4e7d-9f73-c3626a7a8ba5,FirstNumber=236,secondNumber=1916}  added by thread pool-3-thread-6
 message  {Id=2c4c41b0-2345-4e7d-9f73-c3626a7a8ba5,FirstNumber=236,secondNumber=1916}  written to file by thread pool-3-thread-5
 message  {Id=45cf0123-8de2-4184-ae5e-18a99a69613c,FirstNumber=775,secondNumber=1689}  added by thread pool-3-thread-6
 message  {Id=45cf0123-8de2-4184-ae5e-18a99a69613c,FirstNumber=775,secondNumber=1689}  written to file by thread pool-3-thread-1
 message  {Id=bf2d9818-81d4-4364-a652-e40e1212d04d,FirstNumber=88,secondNumber=1766}  added by thread pool-3-thread-6
 message  {Id=bf2d9818-81d4-4364-a652-e40e1212d04d,FirstNumber=88,secondNumber=1766}  written to file by thread pool-3-thread-2
 message  {Id=b48df859-1c6f-48eb-9d4a-6b8d8f4d91f9,FirstNumber=616,secondNumber=1066}  added by thread pool-3-thread-6
 message  {Id=b48df859-1c6f-48eb-9d4a-6b8d8f4d91f9,FirstNumber=616,secondNumber=1066}  written to file by thread pool-3-thread-3
 message  {Id=9ccd48eb-bc45-41b4-a4af-7dcd4ba92d50,FirstNumber=276,secondNumber=1544}  added by thread pool-3-thread-6
 message  {Id=9ccd48eb-bc45-41b4-a4af-7dcd4ba92d50,FirstNumber=276,secondNumber=1544}  written to file by thread pool-3-thread-4
 message  {Id=e654965b-5150-44a5-8da7-7df3f60c6c25,FirstNumber=493,secondNumber=68}  added by thread pool-3-thread-6
 message  {Id=e654965b-5150-44a5-8da7-7df3f60c6c25,FirstNumber=493,secondNumber=68}  written to file by thread pool-3-thread-4
 message  {Id=44682151-4b2c-4040-b59d-9b14fb266fe1,FirstNumber=206,secondNumber=1955}  added by thread pool-3-thread-6
 message  {Id=44682151-4b2c-4040-b59d-9b14fb266fe1,FirstNumber=206,secondNumber=1955}  written to file by thread pool-3-thread-1
 message  {Id=714552a6-871c-4837-a1ea-507d86325213,FirstNumber=824,secondNumber=859}  added by thread pool-3-thread-6
 message  {Id=714552a6-871c-4837-a1ea-507d86325213,FirstNumber=824,secondNumber=859}  written to file by thread pool-3-thread-2
 message  {Id=b913c5ad-1598-4f6b-a802-9747f9abd8e0,FirstNumber=447,secondNumber=117}  added by thread pool-3-thread-6
 message  {Id=b913c5ad-1598-4f6b-a802-9747f9abd8e0,FirstNumber=447,secondNumber=117}  written to file by thread pool-3-thread-2
 message  {Id=6857e0be-cee0-462d-a0ef-492d4bbe276c,FirstNumber=65,secondNumber=336}  added by thread pool-3-thread-6
 message  {Id=6857e0be-cee0-462d-a0ef-492d4bbe276c,FirstNumber=65,secondNumber=336}  written to file by thread pool-3-thread-5
 message  {Id=681248b5-6571-4a2b-a3e9-1dfbd3ebb104,FirstNumber=155,secondNumber=1333}  added by thread pool-3-thread-6
 message  {Id=681248b5-6571-4a2b-a3e9-1dfbd3ebb104,FirstNumber=155,secondNumber=1333}  written to file by thread pool-3-thread-5
 message  {Id=ea9aecf1-9060-4a89-b66b-2228bcbddb8f,FirstNumber=75,secondNumber=941}  added by thread pool-3-thread-6
 message  {Id=ea9aecf1-9060-4a89-b66b-2228bcbddb8f,FirstNumber=75,secondNumber=941}  written to file by thread pool-3-thread-1
 message  {Id=1b20b84e-6e37-493d-b130-bc57e75a056d,FirstNumber=160,secondNumber=1035}  added by thread pool-3-thread-6
 message  {Id=1b20b84e-6e37-493d-b130-bc57e75a056d,FirstNumber=160,secondNumber=1035}  written to file by thread pool-3-thread-1
 message  {Id=6a65c1ce-4327-4a62-afe1-84754c489507,FirstNumber=309,secondNumber=995}  added by thread pool-3-thread-6
 message  {Id=6a65c1ce-4327-4a62-afe1-84754c489507,FirstNumber=309,secondNumber=995}  written to file by thread pool-3-thread-2
 message  {Id=f1f8c245-d776-4f85-9f4f-2021c55e594a,FirstNumber=345,secondNumber=1070}  added by thread pool-3-thread-6
 message  {Id=f1f8c245-d776-4f85-9f4f-2021c55e594a,FirstNumber=345,secondNumber=1070}  written to file by thread pool-3-thread-2
 message  {Id=5930c7d6-38a6-422f-bdd6-dc3de561164c,FirstNumber=342,secondNumber=1617}  added by thread pool-3-thread-6
 message  {Id=5930c7d6-38a6-422f-bdd6-dc3de561164c,FirstNumber=342,secondNumber=1617}  written to file by thread pool-3-thread-5
 message  {Id=eaa8c614-e152-43dc-b294-1560d1723e72,FirstNumber=316,secondNumber=339}  added by thread pool-3-thread-6
 message  {Id=eaa8c614-e152-43dc-b294-1560d1723e72,FirstNumber=316,secondNumber=339}  written to file by thread pool-3-thread-5
 message  {Id=94eacd98-c426-438c-9c3a-51aa73f70077,FirstNumber=336,secondNumber=388}  added by thread pool-3-thread-6
 message  {Id=94eacd98-c426-438c-9c3a-51aa73f70077,FirstNumber=336,secondNumber=388}  written to file by thread pool-3-thread-1
 message  {Id=0b56513a-d3f7-42bf-985b-693eca5f7d9c,FirstNumber=37,secondNumber=1800}  added by thread pool-3-thread-6
 message  {Id=0b56513a-d3f7-42bf-985b-693eca5f7d9c,FirstNumber=37,secondNumber=1800}  written to file by thread pool-3-thread-4
 message  {Id=90f2c068-1213-49e3-984f-eed27ec80dce,FirstNumber=474,secondNumber=121}  added by thread pool-3-thread-6
 message  {Id=90f2c068-1213-49e3-984f-eed27ec80dce,FirstNumber=474,secondNumber=121}  written to file by thread pool-3-thread-2
 message  {Id=4e2fdefe-b711-4bb5-845e-6508bc38b556,FirstNumber=752,secondNumber=324}  added by thread pool-3-thread-6
 message  {Id=4e2fdefe-b711-4bb5-845e-6508bc38b556,FirstNumber=752,secondNumber=324}  written to file by thread pool-3-thread-2
 message  {Id=7bdc13ae-db8d-4fd4-a96a-cf0bf2202627,FirstNumber=399,secondNumber=1001}  added by thread pool-3-thread-6
 message  {Id=7bdc13ae-db8d-4fd4-a96a-cf0bf2202627,FirstNumber=399,secondNumber=1001}  written to file by thread pool-3-thread-5
 message  {Id=2efe6f9b-0903-4dac-abc1-3036051df732,FirstNumber=336,secondNumber=1812}  added by thread pool-3-thread-6
 message  {Id=2efe6f9b-0903-4dac-abc1-3036051df732,FirstNumber=336,secondNumber=1812}  written to file by thread pool-3-thread-5
 message  {Id=8db9d1f1-61d5-49ea-9cb6-7ccffc67bf71,FirstNumber=791,secondNumber=1739}  added by thread pool-3-thread-6
 message  {Id=8db9d1f1-61d5-49ea-9cb6-7ccffc67bf71,FirstNumber=791,secondNumber=1739}  written to file by thread pool-3-thread-4
 message  {Id=c45b8147-7403-45ca-a94b-eeeffbe06e57,FirstNumber=980,secondNumber=1497}  added by thread pool-3-thread-6
 message  {Id=c45b8147-7403-45ca-a94b-eeeffbe06e57,FirstNumber=980,secondNumber=1497}  written to file by thread pool-3-thread-3
 message  {Id=298a6404-8171-4444-a071-566197577e00,FirstNumber=433,secondNumber=114}  added by thread pool-3-thread-6
 message  {Id=298a6404-8171-4444-a071-566197577e00,FirstNumber=433,secondNumber=114}  written to file by thread pool-3-thread-3
 message  {Id=ac26be20-1709-4c4a-b81a-a430485159a7,FirstNumber=648,secondNumber=125}  added by thread pool-3-thread-6
 message  {Id=ac26be20-1709-4c4a-b81a-a430485159a7,FirstNumber=648,secondNumber=125}  written to file by thread pool-3-thread-1
 message  {Id=8d98288d-db80-48fd-9e67-8eb375108c11,FirstNumber=964,secondNumber=67}  added by thread pool-3-thread-6
 message  {Id=8d98288d-db80-48fd-9e67-8eb375108c11,FirstNumber=964,secondNumber=67}  written to file by thread pool-3-thread-5
 message  {Id=c048b561-0d0f-4f9f-8cbe-da502ab89f71,FirstNumber=196,secondNumber=822}  added by thread pool-3-thread-6
 message  {Id=c048b561-0d0f-4f9f-8cbe-da502ab89f71,FirstNumber=196,secondNumber=822}  written to file by thread pool-3-thread-4
 message  {Id=641fb951-91a7-4ea3-bb8e-3df0d0ecfdda,FirstNumber=101,secondNumber=1693}  added by thread pool-3-thread-6
 message  {Id=641fb951-91a7-4ea3-bb8e-3df0d0ecfdda,FirstNumber=101,secondNumber=1693}  written to file by thread pool-3-thread-2
 message  {Id=d3d10430-0864-4a79-982a-6a8b31c7b7b5,FirstNumber=434,secondNumber=1145}  added by thread pool-3-thread-6
 message  {Id=d3d10430-0864-4a79-982a-6a8b31c7b7b5,FirstNumber=434,secondNumber=1145}  written to file by thread pool-3-thread-2
 message  {Id=1df8db53-3961-477b-9015-ccee36b50fd6,FirstNumber=992,secondNumber=1024}  added by thread pool-3-thread-6
 message  {Id=1df8db53-3961-477b-9015-ccee36b50fd6,FirstNumber=992,secondNumber=1024}  written to file by thread pool-3-thread-1
 message  {Id=d9b7ec2f-2c14-4745-9540-0b36100b0f9d,FirstNumber=24,secondNumber=390}  added by thread pool-3-thread-6
 message  {Id=d9b7ec2f-2c14-4745-9540-0b36100b0f9d,FirstNumber=24,secondNumber=390}  written to file by thread pool-3-thread-1
 message  {Id=592249dc-1a34-40d1-8422-044b85f0f50b,FirstNumber=338,secondNumber=869}  added by thread pool-3-thread-6
 message  {Id=592249dc-1a34-40d1-8422-044b85f0f50b,FirstNumber=338,secondNumber=869}  written to file by thread pool-3-thread-4
 message  {Id=0440b017-e954-4e06-afa4-1b3b98f67405,FirstNumber=946,secondNumber=1731}  added by thread pool-3-thread-6
 message  {Id=0440b017-e954-4e06-afa4-1b3b98f67405,FirstNumber=946,secondNumber=1731}  written to file by thread pool-3-thread-3
 message  {Id=ffe0ace2-f55a-4914-8d0a-67df90469448,FirstNumber=960,secondNumber=35}  added by thread pool-3-thread-6
 message  {Id=ffe0ace2-f55a-4914-8d0a-67df90469448,FirstNumber=960,secondNumber=35}  written to file by thread pool-3-thread-3
 message  {Id=0703fd30-a050-4eaf-a857-6ad42faaa256,FirstNumber=417,secondNumber=1037}  added by thread pool-3-thread-6
 message  {Id=0703fd30-a050-4eaf-a857-6ad42faaa256,FirstNumber=417,secondNumber=1037}  written to file by thread pool-3-thread-5
 message  {Id=ec5a2d7e-d0a1-4764-abd1-403166931b12,FirstNumber=871,secondNumber=1801}  added by thread pool-3-thread-6
 message  {Id=ec5a2d7e-d0a1-4764-abd1-403166931b12,FirstNumber=871,secondNumber=1801}  written to file by thread pool-3-thread-1
 message  {Id=77ee4f8d-7c97-44d6-a2cf-9f210b4d31e1,FirstNumber=347,secondNumber=272}  added by thread pool-3-thread-6
 message  {Id=77ee4f8d-7c97-44d6-a2cf-9f210b4d31e1,FirstNumber=347,secondNumber=272}  written to file by thread pool-3-thread-4
 message  {Id=9ad98dfa-741d-40ab-a68a-ad3e77b0082d,FirstNumber=406,secondNumber=839}  added by thread pool-3-thread-6
 message  {Id=9ad98dfa-741d-40ab-a68a-ad3e77b0082d,FirstNumber=406,secondNumber=839}  written to file by thread pool-3-thread-2
 message  {Id=6ff4f8d3-695b-4b72-8236-8faed6362ec3,FirstNumber=286,secondNumber=511}  added by thread pool-3-thread-6
 message  {Id=6ff4f8d3-695b-4b72-8236-8faed6362ec3,FirstNumber=286,secondNumber=511}  written to file by thread pool-3-thread-2
 message  {Id=361bfe61-f6bb-43f6-82f3-3c89fe336cea,FirstNumber=487,secondNumber=389}  added by thread pool-3-thread-6
 message  {Id=361bfe61-f6bb-43f6-82f3-3c89fe336cea,FirstNumber=487,secondNumber=389}  written to file by thread pool-3-thread-5
 message  {Id=38737ff1-b94d-4e5e-8f82-7903cf494b39,FirstNumber=304,secondNumber=200}  added by thread pool-3-thread-6
 message  {Id=38737ff1-b94d-4e5e-8f82-7903cf494b39,FirstNumber=304,secondNumber=200}  written to file by thread pool-3-thread-5
 message  {Id=c4293187-eedd-4738-a870-c793a8ce83b9,FirstNumber=787,secondNumber=570}  added by thread pool-3-thread-6
 message  {Id=c4293187-eedd-4738-a870-c793a8ce83b9,FirstNumber=787,secondNumber=570}  written to file by thread pool-3-thread-4
 message  {Id=09e20b99-4083-484f-88b2-32c05c1de600,FirstNumber=767,secondNumber=1711}  added by thread pool-3-thread-6
 message  {Id=09e20b99-4083-484f-88b2-32c05c1de600,FirstNumber=767,secondNumber=1711}  written to file by thread pool-3-thread-4
 message  {Id=5cd16538-19c7-4672-9410-d4bde38f5876,FirstNumber=610,secondNumber=103}  added by thread pool-3-thread-6
 message  {Id=5cd16538-19c7-4672-9410-d4bde38f5876,FirstNumber=610,secondNumber=103}  written to file by thread pool-3-thread-2
 message  {Id=bfa49177-bd90-411d-af7b-5a67ff968e97,FirstNumber=990,secondNumber=137}  added by thread pool-3-thread-6
 message  {Id=bfa49177-bd90-411d-af7b-5a67ff968e97,FirstNumber=990,secondNumber=137}  written to file by thread pool-3-thread-2
 message  {Id=68f734d0-ff5d-46d5-9f96-3718949923af,FirstNumber=561,secondNumber=842}  added by thread pool-3-thread-6
 message  {Id=68f734d0-ff5d-46d5-9f96-3718949923af,FirstNumber=561,secondNumber=842}  written to file by thread pool-3-thread-5
 message  {Id=76af252e-42fe-4b6f-a48c-378c873324a7,FirstNumber=453,secondNumber=1446}  added by thread pool-3-thread-6
 message  {Id=76af252e-42fe-4b6f-a48c-378c873324a7,FirstNumber=453,secondNumber=1446}  written to file by thread pool-3-thread-3
 message  {Id=3facd8af-cf3e-4a0b-94ce-c645a121887e,FirstNumber=388,secondNumber=1942}  added by thread pool-3-thread-6
 message  {Id=3facd8af-cf3e-4a0b-94ce-c645a121887e,FirstNumber=388,secondNumber=1942}  written to file by thread pool-3-thread-4
 message  {Id=c4b48e58-da22-4f77-b140-eef9b1cce0d6,FirstNumber=9,secondNumber=375}  added by thread pool-3-thread-6
 message  {Id=c4b48e58-da22-4f77-b140-eef9b1cce0d6,FirstNumber=9,secondNumber=375}  written to file by thread pool-3-thread-4
 message  {Id=382fd756-533e-4910-9210-1bd2406008ab,FirstNumber=994,secondNumber=1729}  added by thread pool-3-thread-6
 message  {Id=382fd756-533e-4910-9210-1bd2406008ab,FirstNumber=994,secondNumber=1729}  written to file by thread pool-3-thread-2
 message  {Id=4c9dac8f-e807-41e2-a3d3-66879b40bb70,FirstNumber=457,secondNumber=1119}  added by thread pool-3-thread-6
 message  {Id=4c9dac8f-e807-41e2-a3d3-66879b40bb70,FirstNumber=457,secondNumber=1119}  written to file by thread pool-3-thread-2
 message  {Id=12334bd7-8e4e-4ecd-a660-1add33de6d9a,FirstNumber=309,secondNumber=1595}  added by thread pool-3-thread-6
 message  {Id=12334bd7-8e4e-4ecd-a660-1add33de6d9a,FirstNumber=309,secondNumber=1595}  written to file by thread pool-3-thread-2
 message  {Id=7fb03244-c3ea-4476-ace0-09c4f7b2093f,FirstNumber=856,secondNumber=1219}  added by thread pool-3-thread-6
 message  {Id=7fb03244-c3ea-4476-ace0-09c4f7b2093f,FirstNumber=856,secondNumber=1219}  written to file by thread pool-3-thread-2
 message  {Id=c3aaa09e-2b3d-4080-b02a-dfab250acaf2,FirstNumber=464,secondNumber=1202}  added by thread pool-3-thread-6
 message  {Id=c3aaa09e-2b3d-4080-b02a-dfab250acaf2,FirstNumber=464,secondNumber=1202}  written to file by thread pool-3-thread-4
 message  {Id=eee7b502-e459-4b63-9e06-47ff7f2a64df,FirstNumber=990,secondNumber=493}  added by thread pool-3-thread-6
 message  {Id=eee7b502-e459-4b63-9e06-47ff7f2a64df,FirstNumber=990,secondNumber=493}  written to file by thread pool-3-thread-4
 message  {Id=fd66b1dc-bb0b-4056-bea4-76b3d562f3df,FirstNumber=568,secondNumber=602}  added by thread pool-3-thread-6
 message  {Id=fd66b1dc-bb0b-4056-bea4-76b3d562f3df,FirstNumber=568,secondNumber=602}  written to file by thread pool-3-thread-3
 message  {Id=a9037b9b-ec1b-4b93-9de7-8783b28d738e,FirstNumber=865,secondNumber=1111}  added by thread pool-3-thread-6
 message  {Id=a9037b9b-ec1b-4b93-9de7-8783b28d738e,FirstNumber=865,secondNumber=1111}  written to file by thread pool-3-thread-1
 message  {Id=05f80dfd-9dee-4317-85ae-55c0dcac66e4,FirstNumber=55,secondNumber=1439}  added by thread pool-3-thread-6
 message  {Id=05f80dfd-9dee-4317-85ae-55c0dcac66e4,FirstNumber=55,secondNumber=1439}  written to file by thread pool-3-thread-1
 message  {Id=ef8cf9a9-e684-461c-b7ef-9ace370aee05,FirstNumber=963,secondNumber=1348}  added by thread pool-3-thread-6
 message  {Id=ef8cf9a9-e684-461c-b7ef-9ace370aee05,FirstNumber=963,secondNumber=1348}  written to file by thread pool-3-thread-5
 message  {Id=bd9ea05c-63e3-4656-b639-3fb10ec03530,FirstNumber=971,secondNumber=538}  added by thread pool-3-thread-6
 message  {Id=bd9ea05c-63e3-4656-b639-3fb10ec03530,FirstNumber=971,secondNumber=538}  written to file by thread pool-3-thread-4
 message  {Id=6bd83e5c-c810-4c9b-a9ed-58d562deabaf,FirstNumber=833,secondNumber=1004}  added by thread pool-3-thread-6
 message  {Id=6bd83e5c-c810-4c9b-a9ed-58d562deabaf,FirstNumber=833,secondNumber=1004}  written to file by thread pool-3-thread-4
 message  {Id=2ee8cb08-087b-40a5-9337-23bbdfc7e580,FirstNumber=539,secondNumber=326}  added by thread pool-3-thread-6
 message  {Id=2ee8cb08-087b-40a5-9337-23bbdfc7e580,FirstNumber=539,secondNumber=326}  written to file by thread pool-3-thread-2
 message  {Id=266ad038-a1c8-409c-84c3-d5f6c51d4146,FirstNumber=739,secondNumber=632}  added by thread pool-3-thread-6
 message  {Id=266ad038-a1c8-409c-84c3-d5f6c51d4146,FirstNumber=739,secondNumber=632}  written to file by thread pool-3-thread-2
 message  {Id=c9f5b0b4-6f14-4792-8524-e342b08c967f,FirstNumber=879,secondNumber=426}  added by thread pool-3-thread-6
 message  {Id=c9f5b0b4-6f14-4792-8524-e342b08c967f,FirstNumber=879,secondNumber=426}  written to file by thread pool-3-thread-5
 message  {Id=6382f67c-9d80-4b9e-bf25-e2c5eafe39ae,FirstNumber=21,secondNumber=394}  added by thread pool-3-thread-6
 message  {Id=6382f67c-9d80-4b9e-bf25-e2c5eafe39ae,FirstNumber=21,secondNumber=394}  written to file by thread pool-3-thread-5
 message  {Id=0d7f9bbf-83d6-41da-b2fa-ed03f8896076,FirstNumber=42,secondNumber=19}  added by thread pool-3-thread-6
 message  {Id=0d7f9bbf-83d6-41da-b2fa-ed03f8896076,FirstNumber=42,secondNumber=19}  written to file by thread pool-3-thread-4
 message  {Id=bf657583-38da-42f1-9208-c436770a7a7e,FirstNumber=760,secondNumber=1412}  added by thread pool-3-thread-6
 message  {Id=bf657583-38da-42f1-9208-c436770a7a7e,FirstNumber=760,secondNumber=1412}  written to file by thread pool-3-thread-1
 message  {Id=8ba793ed-4b41-4d32-926c-ba2ebc7df42d,FirstNumber=30,secondNumber=1108}  added by thread pool-3-thread-6
 message  {Id=8ba793ed-4b41-4d32-926c-ba2ebc7df42d,FirstNumber=30,secondNumber=1108}  written to file by thread pool-3-thread-2
 message  {Id=a0a12b1c-a779-4140-b8da-292ce81f842f,FirstNumber=914,secondNumber=1416}  added by thread pool-3-thread-6
 message  {Id=a0a12b1c-a779-4140-b8da-292ce81f842f,FirstNumber=914,secondNumber=1416}  written to file by thread pool-3-thread-2
 message  {Id=95035e2b-9557-4e82-96ef-dfb1c0a151ad,FirstNumber=147,secondNumber=703}  added by thread pool-3-thread-6
 message  {Id=95035e2b-9557-4e82-96ef-dfb1c0a151ad,FirstNumber=147,secondNumber=703}  written to file by thread pool-3-thread-5
 message  {Id=5c55d890-5cb1-4be5-acc2-3b811c949afd,FirstNumber=969,secondNumber=312}  added by thread pool-3-thread-6
 message  {Id=5c55d890-5cb1-4be5-acc2-3b811c949afd,FirstNumber=969,secondNumber=312}  written to file by thread pool-3-thread-4
 message  {Id=e73231cc-6a72-4852-bb47-f6fe44e55587,FirstNumber=53,secondNumber=1527}  added by thread pool-3-thread-6
 message  {Id=e73231cc-6a72-4852-bb47-f6fe44e55587,FirstNumber=53,secondNumber=1527}  written to file by thread pool-3-thread-4
 message  {Id=b083b1f7-35a7-4dd2-9328-6a4e8cee9488,FirstNumber=561,secondNumber=1670}  added by thread pool-3-thread-6
 message  {Id=b083b1f7-35a7-4dd2-9328-6a4e8cee9488,FirstNumber=561,secondNumber=1670}  written to file by thread pool-3-thread-3
 message  {Id=b6a65b6e-3cfd-416e-ab46-5b6d5299c1d5,FirstNumber=243,secondNumber=658}  added by thread pool-3-thread-6
 message  {Id=b6a65b6e-3cfd-416e-ab46-5b6d5299c1d5,FirstNumber=243,secondNumber=658}  written to file by thread pool-3-thread-2
 message  {Id=fc5c560f-0b4f-42ec-a3fd-2098aabe256e,FirstNumber=408,secondNumber=1982}  added by thread pool-3-thread-6
 message  {Id=fc5c560f-0b4f-42ec-a3fd-2098aabe256e,FirstNumber=408,secondNumber=1982}  written to file by thread pool-3-thread-2
 message  {Id=6318fea4-703f-47b7-81d6-9d570e30126d,FirstNumber=791,secondNumber=1115}  added by thread pool-3-thread-6
 message  {Id=6318fea4-703f-47b7-81d6-9d570e30126d,FirstNumber=791,secondNumber=1115}  written to file by thread pool-3-thread-1
 message  {Id=d3c9ce42-d1c4-4f03-a390-5951d078d04d,FirstNumber=748,secondNumber=1550}  added by thread pool-3-thread-6
 message  {Id=d3c9ce42-d1c4-4f03-a390-5951d078d04d,FirstNumber=748,secondNumber=1550}  written to file by thread pool-3-thread-4
 message  {Id=b53ff54e-9d6f-4153-9b2f-2a3e21e11474,FirstNumber=457,secondNumber=78}  added by thread pool-3-thread-6
 message  {Id=b53ff54e-9d6f-4153-9b2f-2a3e21e11474,FirstNumber=457,secondNumber=78}  written to file by thread pool-3-thread-3
 message  {Id=b6a84e7e-da4f-4699-a8a0-7d3c126b3e3d,FirstNumber=929,secondNumber=1119}  added by thread pool-3-thread-6
 message  {Id=b6a84e7e-da4f-4699-a8a0-7d3c126b3e3d,FirstNumber=929,secondNumber=1119}  written to file by thread pool-3-thread-3
 message  {Id=c929eac2-a1f2-4e06-9f9e-1a36cd1c791e,FirstNumber=742,secondNumber=506}  added by thread pool-3-thread-6
 message  {Id=c929eac2-a1f2-4e06-9f9e-1a36cd1c791e,FirstNumber=742,secondNumber=506}  written to file by thread pool-3-thread-2
 message  {Id=ba63a0ab-c919-47dd-b2bc-3f6a09821614,FirstNumber=185,secondNumber=1370}  added by thread pool-3-thread-6
 message  {Id=ba63a0ab-c919-47dd-b2bc-3f6a09821614,FirstNumber=185,secondNumber=1370}  written to file by thread pool-3-thread-2
 message  {Id=b742121c-eada-4aec-98f0-03a593bc37bd,FirstNumber=926,secondNumber=1763}  added by thread pool-3-thread-6
 message  {Id=b742121c-eada-4aec-98f0-03a593bc37bd,FirstNumber=926,secondNumber=1763}  written to file by thread pool-3-thread-4
 message  {Id=e4bdced2-6440-457d-a45d-997cd46c4b0b,FirstNumber=311,secondNumber=580}  added by thread pool-3-thread-6
 message  {Id=e4bdced2-6440-457d-a45d-997cd46c4b0b,FirstNumber=311,secondNumber=580}  written to file by thread pool-3-thread-4
 message  {Id=23d0bcce-e424-4902-8010-dd1ab91b0d03,FirstNumber=958,secondNumber=1271}  added by thread pool-3-thread-6
 message  {Id=23d0bcce-e424-4902-8010-dd1ab91b0d03,FirstNumber=958,secondNumber=1271}  written to file by thread pool-3-thread-3
 message  {Id=2412a796-2628-442c-9bf8-2a6e37986814,FirstNumber=825,secondNumber=799}  added by thread pool-3-thread-6
 message  {Id=2412a796-2628-442c-9bf8-2a6e37986814,FirstNumber=825,secondNumber=799}  written to file by thread pool-3-thread-3
 message  {Id=d21198b8-4f12-481c-8b3e-8dc6cf4b3f4b,FirstNumber=368,secondNumber=1599}  added by thread pool-3-thread-6
 message  {Id=d21198b8-4f12-481c-8b3e-8dc6cf4b3f4b,FirstNumber=368,secondNumber=1599}  written to file by thread pool-3-thread-2
 message  {Id=f4afc78f-850c-4a4e-a99d-094d6824af23,FirstNumber=999,secondNumber=1210}  added by thread pool-3-thread-6
 message  {Id=f4afc78f-850c-4a4e-a99d-094d6824af23,FirstNumber=999,secondNumber=1210}  written to file by thread pool-3-thread-5
 message  {Id=2f0be3a9-c56c-46de-9d2e-87e30d86eb16,FirstNumber=862,secondNumber=1928}  added by thread pool-3-thread-6
 message  {Id=2f0be3a9-c56c-46de-9d2e-87e30d86eb16,FirstNumber=862,secondNumber=1928}  written to file by thread pool-3-thread-4
 message  {Id=1e96e8f5-e725-4c48-8f62-6729d51cf0a4,FirstNumber=616,secondNumber=1898}  added by thread pool-3-thread-6
 message  {Id=1e96e8f5-e725-4c48-8f62-6729d51cf0a4,FirstNumber=616,secondNumber=1898}  written to file by thread pool-3-thread-4
 message  {Id=be9eb893-0b27-4032-b9f1-97246f5bf200,FirstNumber=964,secondNumber=87}  added by thread pool-3-thread-6
 message  {Id=be9eb893-0b27-4032-b9f1-97246f5bf200,FirstNumber=964,secondNumber=87}  written to file by thread pool-3-thread-3
 message  {Id=b5cb7ed2-f366-4d32-a54e-68193bebdf9e,FirstNumber=839,secondNumber=1754}  added by thread pool-3-thread-6
 message  {Id=b5cb7ed2-f366-4d32-a54e-68193bebdf9e,FirstNumber=839,secondNumber=1754}  written to file by thread pool-3-thread-2
 message  {Id=65ed9355-b946-4109-82be-64beb57a6b32,FirstNumber=357,secondNumber=1554}  added by thread pool-3-thread-6
 message  {Id=65ed9355-b946-4109-82be-64beb57a6b32,FirstNumber=357,secondNumber=1554}  written to file by thread pool-3-thread-2
 message  {Id=9d529271-8c25-4d56-9be3-ee001e1b18f4,FirstNumber=694,secondNumber=404}  added by thread pool-3-thread-6
 message  {Id=9d529271-8c25-4d56-9be3-ee001e1b18f4,FirstNumber=694,secondNumber=404}  written to file by thread pool-3-thread-1
 message  {Id=b03a5259-dae3-4904-b6e7-22b84dccf75e,FirstNumber=236,secondNumber=532}  added by thread pool-3-thread-6
 message  {Id=b03a5259-dae3-4904-b6e7-22b84dccf75e,FirstNumber=236,secondNumber=532}  written to file by thread pool-3-thread-4
 message  {Id=8b6c200c-9376-47ac-a00f-91f3fc90e95c,FirstNumber=12,secondNumber=775}  added by thread pool-3-thread-6
 message  {Id=8b6c200c-9376-47ac-a00f-91f3fc90e95c,FirstNumber=12,secondNumber=775}  written to file by thread pool-3-thread-4
 message  {Id=d850cfd9-6c7a-4481-b30f-fb5926121702,FirstNumber=560,secondNumber=1807}  added by thread pool-3-thread-6
 message  {Id=d850cfd9-6c7a-4481-b30f-fb5926121702,FirstNumber=560,secondNumber=1807}  written to file by thread pool-3-thread-5
 message  {Id=c89946df-962a-4dce-bf81-dfd233e64744,FirstNumber=785,secondNumber=1542}  added by thread pool-3-thread-6
 message  {Id=c89946df-962a-4dce-bf81-dfd233e64744,FirstNumber=785,secondNumber=1542}  written to file by thread pool-3-thread-5
 message  {Id=e025453c-e9ad-4a90-90a2-0b824330e794,FirstNumber=523,secondNumber=1434}  added by thread pool-3-thread-6
 message  {Id=e025453c-e9ad-4a90-90a2-0b824330e794,FirstNumber=523,secondNumber=1434}  written to file by thread pool-3-thread-1
 message  {Id=59cb77dc-7dac-475d-819d-1932d47cfaed,FirstNumber=520,secondNumber=1400}  added by thread pool-3-thread-6
 message  {Id=59cb77dc-7dac-475d-819d-1932d47cfaed,FirstNumber=520,secondNumber=1400}  written to file by thread pool-3-thread-1
 message  {Id=caf85411-c65a-423f-97b9-af6b47753470,FirstNumber=383,secondNumber=78}  added by thread pool-3-thread-6
 message  {Id=caf85411-c65a-423f-97b9-af6b47753470,FirstNumber=383,secondNumber=78}  written to file by thread pool-3-thread-4
 message  {Id=d8a867d9-47e9-42de-8ba5-334075c66607,FirstNumber=969,secondNumber=1264}  added by thread pool-3-thread-6
 message  {Id=d8a867d9-47e9-42de-8ba5-334075c66607,FirstNumber=969,secondNumber=1264}  written to file by thread pool-3-thread-4
 message  {Id=0803d62e-cf87-4b38-be67-034d8c164343,FirstNumber=830,secondNumber=1929}  added by thread pool-3-thread-6
 message  {Id=0803d62e-cf87-4b38-be67-034d8c164343,FirstNumber=830,secondNumber=1929}  written to file by thread pool-3-thread-5
 message  {Id=6fb37d29-4ac6-455b-8a4d-815fe7ee854a,FirstNumber=643,secondNumber=1859}  added by thread pool-3-thread-6
 message  {Id=6fb37d29-4ac6-455b-8a4d-815fe7ee854a,FirstNumber=643,secondNumber=1859}  written to file by thread pool-3-thread-5
 message  {Id=badd10a2-7f7f-45d1-a45d-ae1fec7377b9,FirstNumber=80,secondNumber=150}  added by thread pool-3-thread-6
 message  {Id=badd10a2-7f7f-45d1-a45d-ae1fec7377b9,FirstNumber=80,secondNumber=150}  written to file by thread pool-3-thread-1
 message  {Id=cc2677b2-b0d8-4ec7-ab1e-b022494daac2,FirstNumber=482,secondNumber=836}  added by thread pool-3-thread-6
 message  {Id=cc2677b2-b0d8-4ec7-ab1e-b022494daac2,FirstNumber=482,secondNumber=836}  written to file by thread pool-3-thread-2
 message  {Id=3ae7a81d-8606-422c-acc8-565eeb1b8c7e,FirstNumber=301,secondNumber=1448}  added by thread pool-3-thread-6
 message  {Id=3ae7a81d-8606-422c-acc8-565eeb1b8c7e,FirstNumber=301,secondNumber=1448}  written to file by thread pool-3-thread-4
 message  {Id=0db5829a-306b-483c-a6b9-eae38c0aeda0,FirstNumber=115,secondNumber=356}  added by thread pool-3-thread-6
 message  {Id=0db5829a-306b-483c-a6b9-eae38c0aeda0,FirstNumber=115,secondNumber=356}  written to file by thread pool-3-thread-3
 message  {Id=f9e740ac-2d92-40ab-a987-932de7256cef,FirstNumber=876,secondNumber=1076}  added by thread pool-3-thread-6
 message  {Id=f9e740ac-2d92-40ab-a987-932de7256cef,FirstNumber=876,secondNumber=1076}  written to file by thread pool-3-thread-5
 message  {Id=84841d0d-6012-456a-9e8d-722e2884d6c8,FirstNumber=630,secondNumber=1960}  added by thread pool-3-thread-6
 message  {Id=84841d0d-6012-456a-9e8d-722e2884d6c8,FirstNumber=630,secondNumber=1960}  written to file by thread pool-3-thread-5
 message  {Id=9365e435-11f2-4fe5-8f5e-b737977e327e,FirstNumber=149,secondNumber=1969}  added by thread pool-3-thread-6
 message  {Id=9365e435-11f2-4fe5-8f5e-b737977e327e,FirstNumber=149,secondNumber=1969}  written to file by thread pool-3-thread-2
 message  {Id=013f9d16-22d0-4147-b588-aabf99a69e35,FirstNumber=114,secondNumber=566}  added by thread pool-3-thread-6
 message  {Id=013f9d16-22d0-4147-b588-aabf99a69e35,FirstNumber=114,secondNumber=566}  written to file by thread pool-3-thread-2
 message  {Id=f8204b6f-3b53-4d8b-8526-9d1c29584539,FirstNumber=108,secondNumber=791}  added by thread pool-3-thread-6
 message  {Id=f8204b6f-3b53-4d8b-8526-9d1c29584539,FirstNumber=108,secondNumber=791}  written to file by thread pool-3-thread-3
 message  {Id=8dd91600-63bf-48f3-a151-f2c6785ed2ec,FirstNumber=249,secondNumber=466}  added by thread pool-3-thread-6
 message  {Id=8dd91600-63bf-48f3-a151-f2c6785ed2ec,FirstNumber=249,secondNumber=466}  written to file by thread pool-3-thread-3
 message  {Id=bf899d9d-30bf-4a06-970e-4d35e09b45b9,FirstNumber=274,secondNumber=707}  added by thread pool-3-thread-6
 message  {Id=bf899d9d-30bf-4a06-970e-4d35e09b45b9,FirstNumber=274,secondNumber=707}  written to file by thread pool-3-thread-5
 message  {Id=5266e656-afbc-413f-aae8-fa5da524fdd8,FirstNumber=794,secondNumber=373}  added by thread pool-3-thread-6
 message  {Id=5266e656-afbc-413f-aae8-fa5da524fdd8,FirstNumber=794,secondNumber=373}  written to file by thread pool-3-thread-5
 message  {Id=ceccd26f-d4fe-49ba-b5db-b6d1cdba546e,FirstNumber=108,secondNumber=1007}  added by thread pool-3-thread-6
 message  {Id=ceccd26f-d4fe-49ba-b5db-b6d1cdba546e,FirstNumber=108,secondNumber=1007}  written to file by thread pool-3-thread-2
 message  {Id=b36e5197-7248-4370-8e59-8e7284119b6c,FirstNumber=10,secondNumber=1339}  added by thread pool-3-thread-6
 message  {Id=b36e5197-7248-4370-8e59-8e7284119b6c,FirstNumber=10,secondNumber=1339}  written to file by thread pool-3-thread-2
 message  {Id=20607c09-91a3-4e09-8447-58223e88d2ab,FirstNumber=627,secondNumber=335}  added by thread pool-3-thread-6
 message  {Id=20607c09-91a3-4e09-8447-58223e88d2ab,FirstNumber=627,secondNumber=335}  written to file by thread pool-3-thread-3
 message  {Id=523ad8ea-6233-4779-b205-5d8fdbc25664,FirstNumber=389,secondNumber=1536}  added by thread pool-3-thread-6
 message  {Id=523ad8ea-6233-4779-b205-5d8fdbc25664,FirstNumber=389,secondNumber=1536}  written to file by thread pool-3-thread-3
 message  {Id=20fcc977-8692-4646-9ce7-59a8b7b7fbab,FirstNumber=96,secondNumber=367}  added by thread pool-3-thread-6
 message  {Id=20fcc977-8692-4646-9ce7-59a8b7b7fbab,FirstNumber=96,secondNumber=367}  written to file by thread pool-3-thread-5
 message  {Id=7da64bd9-833b-4fbd-bb0f-6e43e3ef15a7,FirstNumber=846,secondNumber=1515}  added by thread pool-3-thread-6
 message  {Id=7da64bd9-833b-4fbd-bb0f-6e43e3ef15a7,FirstNumber=846,secondNumber=1515}  written to file by thread pool-3-thread-1
 message  {Id=8b498d4e-0a49-4256-80d2-ffba5002baa5,FirstNumber=548,secondNumber=640}  added by thread pool-3-thread-6
 message  {Id=8b498d4e-0a49-4256-80d2-ffba5002baa5,FirstNumber=548,secondNumber=640}  written to file by thread pool-3-thread-1
 message  {Id=17ee8c5e-6a9d-4852-806d-a228e6df8ae9,FirstNumber=121,secondNumber=1203}  added by thread pool-3-thread-6
 message  {Id=17ee8c5e-6a9d-4852-806d-a228e6df8ae9,FirstNumber=121,secondNumber=1203}  written to file by thread pool-3-thread-1
 message  {Id=0f53936e-f3e2-4db0-8df7-c8d84b00ad9e,FirstNumber=125,secondNumber=1901}  added by thread pool-3-thread-6
 message  {Id=0f53936e-f3e2-4db0-8df7-c8d84b00ad9e,FirstNumber=125,secondNumber=1901}  written to file by thread pool-3-thread-3
 message  {Id=79597b5f-b059-4c7b-97a6-1763e65f226b,FirstNumber=441,secondNumber=1161}  added by thread pool-3-thread-6
 message  {Id=79597b5f-b059-4c7b-97a6-1763e65f226b,FirstNumber=441,secondNumber=1161}  written to file by thread pool-3-thread-5
 message  {Id=106dfe93-0ab4-43bc-a63e-3317551e0999,FirstNumber=8,secondNumber=148}  added by thread pool-3-thread-6
 message  {Id=106dfe93-0ab4-43bc-a63e-3317551e0999,FirstNumber=8,secondNumber=148}  written to file by thread pool-3-thread-5
 message  {Id=7151ba4b-5305-4979-a63e-b899007bd1cd,FirstNumber=298,secondNumber=173}  added by thread pool-3-thread-6
 message  {Id=7151ba4b-5305-4979-a63e-b899007bd1cd,FirstNumber=298,secondNumber=173}  written to file by thread pool-3-thread-5
 message  {Id=4ab46f93-bc4f-4c92-afd8-f86708bdf8a3,FirstNumber=716,secondNumber=1876}  added by thread pool-3-thread-6
 message  {Id=4ab46f93-bc4f-4c92-afd8-f86708bdf8a3,FirstNumber=716,secondNumber=1876}  written to file by thread pool-3-thread-1
 message  {Id=aa500593-68e4-4f01-b95a-99b140ae3468,FirstNumber=95,secondNumber=1436}  added by thread pool-3-thread-6
 message  {Id=aa500593-68e4-4f01-b95a-99b140ae3468,FirstNumber=95,secondNumber=1436}  written to file by thread pool-3-thread-1
 message  {Id=a7bd8545-ddca-4c15-837a-cef8daf44b7e,FirstNumber=246,secondNumber=365}  added by thread pool-3-thread-6
 message  {Id=a7bd8545-ddca-4c15-837a-cef8daf44b7e,FirstNumber=246,secondNumber=365}  written to file by thread pool-3-thread-2
 message  {Id=5d2221a9-0ab7-48aa-9021-ece864387636,FirstNumber=978,secondNumber=1335}  added by thread pool-3-thread-6
 message  {Id=5d2221a9-0ab7-48aa-9021-ece864387636,FirstNumber=978,secondNumber=1335}  written to file by thread pool-3-thread-2
 message  {Id=9cb2b05f-bbd4-47b3-b4d2-31683f77ecf0,FirstNumber=586,secondNumber=376}  added by thread pool-3-thread-6
 message  {Id=9cb2b05f-bbd4-47b3-b4d2-31683f77ecf0,FirstNumber=586,secondNumber=376}  written to file by thread pool-3-thread-2
 message  {Id=8256f219-00fe-4982-9453-46209428725b,FirstNumber=997,secondNumber=1888}  added by thread pool-3-thread-6
 message  {Id=8256f219-00fe-4982-9453-46209428725b,FirstNumber=997,secondNumber=1888}  written to file by thread pool-3-thread-3
 message  {Id=cb52250d-cf22-4c23-8ff1-931271a7ee09,FirstNumber=838,secondNumber=1914}  added by thread pool-3-thread-6
 message  {Id=cb52250d-cf22-4c23-8ff1-931271a7ee09,FirstNumber=838,secondNumber=1914}  written to file by thread pool-3-thread-1
 message  {Id=e85085b1-0e9e-4731-bda2-51033c75a079,FirstNumber=772,secondNumber=865}  added by thread pool-3-thread-6
 message  {Id=e85085b1-0e9e-4731-bda2-51033c75a079,FirstNumber=772,secondNumber=865}  written to file by thread pool-3-thread-1
 message  {Id=39de6144-307b-4fde-b77b-8e0b418f0289,FirstNumber=91,secondNumber=1531}  added by thread pool-3-thread-6
 message  {Id=6ca7c72f-21c0-4c88-869f-2795d9655a8b,FirstNumber=653,secondNumber=466}  added by thread pool-3-thread-6
 message  {Id=39de6144-307b-4fde-b77b-8e0b418f0289,FirstNumber=91,secondNumber=1531}  written to file by thread pool-3-thread-5
 message  {Id=6ca7c72f-21c0-4c88-869f-2795d9655a8b,FirstNumber=653,secondNumber=466}  written to file by thread pool-3-thread-2
 message  {Id=c7afebf8-99c1-4f6b-abb2-d4ae15c2030f,FirstNumber=240,secondNumber=1237}  added by thread pool-3-thread-6
 message  {Id=c7afebf8-99c1-4f6b-abb2-d4ae15c2030f,FirstNumber=240,secondNumber=1237}  written to file by thread pool-3-thread-3
 message  {Id=7b6a7e81-96f8-4b0c-97e7-df8f59a5b76b,FirstNumber=189,secondNumber=500}  added by thread pool-3-thread-6
 message  {Id=7b6a7e81-96f8-4b0c-97e7-df8f59a5b76b,FirstNumber=189,secondNumber=500}  written to file by thread pool-3-thread-3
 message  {Id=847aa749-cd26-438f-af5b-afd08a1c4410,FirstNumber=888,secondNumber=1657}  added by thread pool-3-thread-6
 message  {Id=847aa749-cd26-438f-af5b-afd08a1c4410,FirstNumber=888,secondNumber=1657}  written to file by thread pool-3-thread-1
 message  {Id=4baf67d2-048a-407c-8c54-a1fd967121a6,FirstNumber=415,secondNumber=954}  added by thread pool-3-thread-6
 message  {Id=4baf67d2-048a-407c-8c54-a1fd967121a6,FirstNumber=415,secondNumber=954}  written to file by thread pool-3-thread-5
 message  {Id=0aa5ce83-74aa-434f-bdfa-2859e5347d1c,FirstNumber=155,secondNumber=1923}  added by thread pool-3-thread-6
 message  {Id=0aa5ce83-74aa-434f-bdfa-2859e5347d1c,FirstNumber=155,secondNumber=1923}  written to file by thread pool-3-thread-5
 message  {Id=9025510f-0d8a-4cc8-88df-e802718873a5,FirstNumber=211,secondNumber=1145}  added by thread pool-3-thread-6
 message  {Id=9025510f-0d8a-4cc8-88df-e802718873a5,FirstNumber=211,secondNumber=1145}  written to file by thread pool-3-thread-4
 message  {Id=8b5bb8ef-9229-4331-b375-1a2e6be9de7d,FirstNumber=436,secondNumber=1160}  added by thread pool-3-thread-6
 message  {Id=8b5bb8ef-9229-4331-b375-1a2e6be9de7d,FirstNumber=436,secondNumber=1160}  written to file by thread pool-3-thread-3
 message  {Id=2e87f176-f7d9-4b40-91d5-e6e11bd6b7e3,FirstNumber=847,secondNumber=252}  added by thread pool-3-thread-6
 message  {Id=2e87f176-f7d9-4b40-91d5-e6e11bd6b7e3,FirstNumber=847,secondNumber=252}  written to file by thread pool-3-thread-3
 message  {Id=fb73e848-ee6f-42be-a38f-9bb226729300,FirstNumber=397,secondNumber=1196}  added by thread pool-3-thread-6
 message  {Id=fb73e848-ee6f-42be-a38f-9bb226729300,FirstNumber=397,secondNumber=1196}  written to file by thread pool-3-thread-2
 message  {Id=b60e0e80-cf30-48e5-b4b0-ea8f03c23d2a,FirstNumber=511,secondNumber=593}  added by thread pool-3-thread-6
 message  {Id=b60e0e80-cf30-48e5-b4b0-ea8f03c23d2a,FirstNumber=511,secondNumber=593}  written to file by thread pool-3-thread-5
 message  {Id=65af3543-07b8-4376-932e-4a5db8931dcd,FirstNumber=331,secondNumber=81}  added by thread pool-3-thread-6
 message  {Id=65af3543-07b8-4376-932e-4a5db8931dcd,FirstNumber=331,secondNumber=81}  written to file by thread pool-3-thread-4
 message  {Id=835a9fdb-b242-42e9-ab14-2b1c9e620945,FirstNumber=4,secondNumber=856}  added by thread pool-3-thread-6
 message  {Id=835a9fdb-b242-42e9-ab14-2b1c9e620945,FirstNumber=4,secondNumber=856}  written to file by thread pool-3-thread-4
 message  {Id=4ad59a14-337e-4619-bf73-8636b1da8f94,FirstNumber=563,secondNumber=1099}  added by thread pool-3-thread-6
 message  {Id=4ad59a14-337e-4619-bf73-8636b1da8f94,FirstNumber=563,secondNumber=1099}  written to file by thread pool-3-thread-3
 message  {Id=2aa8965b-bde9-4154-8e87-d17449d8a76b,FirstNumber=177,secondNumber=1823}  added by thread pool-3-thread-6
 message  {Id=2aa8965b-bde9-4154-8e87-d17449d8a76b,FirstNumber=177,secondNumber=1823}  written to file by thread pool-3-thread-3
 message  {Id=9a5d0a4d-16d0-4848-97b1-fd24c730e9f9,FirstNumber=704,secondNumber=1848}  added by thread pool-3-thread-6
 message  {Id=9a5d0a4d-16d0-4848-97b1-fd24c730e9f9,FirstNumber=704,secondNumber=1848}  written to file by thread pool-3-thread-5
 message  {Id=14b96060-c37a-42ca-ab7b-ab7e1d7aa6a4,FirstNumber=832,secondNumber=1174}  added by thread pool-3-thread-6
 message  {Id=14b96060-c37a-42ca-ab7b-ab7e1d7aa6a4,FirstNumber=832,secondNumber=1174}  written to file by thread pool-3-thread-5
 message  {Id=c6ed66fa-2ccf-4342-882e-d6989a0fa692,FirstNumber=383,secondNumber=1627}  added by thread pool-3-thread-6
 message  {Id=c6ed66fa-2ccf-4342-882e-d6989a0fa692,FirstNumber=383,secondNumber=1627}  written to file by thread pool-3-thread-4
 message  {Id=36b33ac8-cc33-4cb2-bc5c-5fad1b8dc6ca,FirstNumber=366,secondNumber=920}  added by thread pool-3-thread-6
 message  {Id=36b33ac8-cc33-4cb2-bc5c-5fad1b8dc6ca,FirstNumber=366,secondNumber=920}  written to file by thread pool-3-thread-2
 message  {Id=72678cfa-6054-4b63-aef5-df85cc9f7dac,FirstNumber=176,secondNumber=391}  added by thread pool-3-thread-6
 message  {Id=72678cfa-6054-4b63-aef5-df85cc9f7dac,FirstNumber=176,secondNumber=391}  written to file by thread pool-3-thread-2
 message  {Id=eae86354-c69d-4039-9909-f46696d2f457,FirstNumber=651,secondNumber=1559}  added by thread pool-3-thread-6
 message  {Id=eae86354-c69d-4039-9909-f46696d2f457,FirstNumber=651,secondNumber=1559}  written to file by thread pool-3-thread-2
 message  {Id=a5ee9333-5ca4-4273-81c5-64883299c3de,FirstNumber=215,secondNumber=590}  added by thread pool-3-thread-6
 message  {Id=a5ee9333-5ca4-4273-81c5-64883299c3de,FirstNumber=215,secondNumber=590}  written to file by thread pool-3-thread-5
 message  {Id=939d1a60-2479-454b-abd6-6770cbfd743b,FirstNumber=920,secondNumber=212}  added by thread pool-3-thread-6
 message  {Id=939d1a60-2479-454b-abd6-6770cbfd743b,FirstNumber=920,secondNumber=212}  written to file by thread pool-3-thread-5
 message  {Id=498e072f-3dbe-4148-9f25-c78f4e40ae0c,FirstNumber=268,secondNumber=623}  added by thread pool-3-thread-6
 message  {Id=498e072f-3dbe-4148-9f25-c78f4e40ae0c,FirstNumber=268,secondNumber=623}  written to file by thread pool-3-thread-3
 message  {Id=d1f00db2-6849-468f-a75f-ca27bc84e586,FirstNumber=778,secondNumber=1564}  added by thread pool-3-thread-6
 message  {Id=d1f00db2-6849-468f-a75f-ca27bc84e586,FirstNumber=778,secondNumber=1564}  written to file by thread pool-3-thread-3
 message  {Id=d9f41c3f-3fd1-4401-b7b8-fc2afb1ca140,FirstNumber=387,secondNumber=602}  added by thread pool-3-thread-6
 message  {Id=d9f41c3f-3fd1-4401-b7b8-fc2afb1ca140,FirstNumber=387,secondNumber=602}  written to file by thread pool-3-thread-2
 message  {Id=1f77427b-a59b-46b9-a3dd-5a3f7989e3be,FirstNumber=77,secondNumber=419}  added by thread pool-3-thread-6
 message  {Id=1f77427b-a59b-46b9-a3dd-5a3f7989e3be,FirstNumber=77,secondNumber=419}  written to file by thread pool-3-thread-2
 message  {Id=099b0499-f32f-469f-9307-f0b50a3900ac,FirstNumber=995,secondNumber=998}  added by thread pool-3-thread-6
 message  {Id=099b0499-f32f-469f-9307-f0b50a3900ac,FirstNumber=995,secondNumber=998}  written to file by thread pool-3-thread-5
 message  {Id=5870e4a5-dcae-4175-8998-4628db83076f,FirstNumber=422,secondNumber=1429}  added by thread pool-3-thread-6
 message  {Id=5870e4a5-dcae-4175-8998-4628db83076f,FirstNumber=422,secondNumber=1429}  written to file by thread pool-3-thread-1
 message  {Id=626e3ad3-e7c8-4a9d-9730-1725445b98bc,FirstNumber=26,secondNumber=345}  added by thread pool-3-thread-6
 message  {Id=626e3ad3-e7c8-4a9d-9730-1725445b98bc,FirstNumber=26,secondNumber=345}  written to file by thread pool-3-thread-1
 message  {Id=74bbc1e3-7746-470d-a703-645d1a1426d6,FirstNumber=406,secondNumber=684}  added by thread pool-3-thread-6
 message  {Id=74bbc1e3-7746-470d-a703-645d1a1426d6,FirstNumber=406,secondNumber=684}  written to file by thread pool-3-thread-4
 message  {Id=e1e9a980-6535-4c03-b6a4-809bdeceb468,FirstNumber=528,secondNumber=967}  added by thread pool-3-thread-6
 message  {Id=e1e9a980-6535-4c03-b6a4-809bdeceb468,FirstNumber=528,secondNumber=967}  written to file by thread pool-3-thread-2
 message  {Id=34d80e6f-c553-4a9b-8491-5499ac43adc9,FirstNumber=637,secondNumber=1411}  added by thread pool-3-thread-6
 message  {Id=34d80e6f-c553-4a9b-8491-5499ac43adc9,FirstNumber=637,secondNumber=1411}  written to file by thread pool-3-thread-2
 message  {Id=5e80e398-c007-476c-9627-55a3fc671a5f,FirstNumber=432,secondNumber=305}  added by thread pool-3-thread-6
 message  {Id=5e80e398-c007-476c-9627-55a3fc671a5f,FirstNumber=432,secondNumber=305}  written to file by thread pool-3-thread-3
 message  {Id=5093584a-24e2-4780-bfc4-0fac5cd484a4,FirstNumber=9,secondNumber=788}  added by thread pool-3-thread-6
 message  {Id=5093584a-24e2-4780-bfc4-0fac5cd484a4,FirstNumber=9,secondNumber=788}  written to file by thread pool-3-thread-1
 message  {Id=0ff4e2a6-c096-4dc7-b7d9-41989b539b63,FirstNumber=343,secondNumber=678}  added by thread pool-3-thread-6
 message  {Id=0ff4e2a6-c096-4dc7-b7d9-41989b539b63,FirstNumber=343,secondNumber=678}  written to file by thread pool-3-thread-1
 message  {Id=de7e8fdb-9831-49fc-8591-3fc58f81e9a3,FirstNumber=165,secondNumber=1182}  added by thread pool-3-thread-6
 message  {Id=de7e8fdb-9831-49fc-8591-3fc58f81e9a3,FirstNumber=165,secondNumber=1182}  written to file by thread pool-3-thread-5
 message  {Id=15526458-5229-4689-9b4a-df912b5cfd63,FirstNumber=890,secondNumber=323}  added by thread pool-3-thread-6
 message  {Id=15526458-5229-4689-9b4a-df912b5cfd63,FirstNumber=890,secondNumber=323}  written to file by thread pool-3-thread-2
 message  {Id=3b70ef96-103f-4747-a526-7759d8748b4e,FirstNumber=963,secondNumber=1105}  added by thread pool-3-thread-6
 message  {Id=3b70ef96-103f-4747-a526-7759d8748b4e,FirstNumber=963,secondNumber=1105}  written to file by thread pool-3-thread-2
 message  {Id=94750f89-d31c-42f4-b661-2217d976f623,FirstNumber=294,secondNumber=1344}  added by thread pool-3-thread-6
 message  {Id=94750f89-d31c-42f4-b661-2217d976f623,FirstNumber=294,secondNumber=1344}  written to file by thread pool-3-thread-4
 message  {Id=3c10c8ef-13c1-48b3-9b9b-43dd83215e15,FirstNumber=892,secondNumber=643}  added by thread pool-3-thread-6
 message  {Id=3c10c8ef-13c1-48b3-9b9b-43dd83215e15,FirstNumber=892,secondNumber=643}  written to file by thread pool-3-thread-1
 message  {Id=8dc8ad35-d558-44af-87a6-86e6906b5d50,FirstNumber=932,secondNumber=133}  added by thread pool-3-thread-6
 message  {Id=8dc8ad35-d558-44af-87a6-86e6906b5d50,FirstNumber=932,secondNumber=133}  written to file by thread pool-3-thread-5
 message  {Id=f0d2bf76-7c8e-4a35-82d4-082e31a2e871,FirstNumber=313,secondNumber=1250}  added by thread pool-3-thread-6
 message  {Id=f0d2bf76-7c8e-4a35-82d4-082e31a2e871,FirstNumber=313,secondNumber=1250}  written to file by thread pool-3-thread-5
 message  {Id=5aca03b7-a6aa-4e04-9927-dc821928afc3,FirstNumber=698,secondNumber=1391}  added by thread pool-3-thread-6
 message  {Id=5aca03b7-a6aa-4e04-9927-dc821928afc3,FirstNumber=698,secondNumber=1391}  written to file by thread pool-3-thread-2
 message  {Id=6d6fc6f4-c045-4bb6-82a0-be1e78a62846,FirstNumber=548,secondNumber=956}  added by thread pool-3-thread-6
 message  {Id=6d6fc6f4-c045-4bb6-82a0-be1e78a62846,FirstNumber=548,secondNumber=956}  written to file by thread pool-3-thread-4
 message  {Id=0385d54f-d46f-4092-9600-715484cbd877,FirstNumber=196,secondNumber=167}  added by thread pool-3-thread-6
 message  {Id=0385d54f-d46f-4092-9600-715484cbd877,FirstNumber=196,secondNumber=167}  written to file by thread pool-3-thread-4
 message  {Id=98ccb2c6-d2bb-43d3-a67b-7fb1b7bdc08b,FirstNumber=942,secondNumber=825}  added by thread pool-3-thread-6
 message  {Id=98ccb2c6-d2bb-43d3-a67b-7fb1b7bdc08b,FirstNumber=942,secondNumber=825}  written to file by thread pool-3-thread-3
 message  {Id=37470dd3-6cac-49a8-abb8-346ddc43e1af,FirstNumber=232,secondNumber=1052}  added by thread pool-3-thread-6
 message  {Id=37470dd3-6cac-49a8-abb8-346ddc43e1af,FirstNumber=232,secondNumber=1052}  written to file by thread pool-3-thread-5
 message  {Id=ab45da3c-111a-464f-a4c8-2c28f9d7097f,FirstNumber=533,secondNumber=224}  added by thread pool-3-thread-6
 message  {Id=ab45da3c-111a-464f-a4c8-2c28f9d7097f,FirstNumber=533,secondNumber=224}  written to file by thread pool-3-thread-5
 message  {Id=902d37db-353c-47da-874c-fe9d9caf25af,FirstNumber=457,secondNumber=1943}  added by thread pool-3-thread-6
 message  {Id=902d37db-353c-47da-874c-fe9d9caf25af,FirstNumber=457,secondNumber=1943}  written to file by thread pool-3-thread-1
 message  {Id=97154500-39ff-4610-b194-d64226a2d556,FirstNumber=140,secondNumber=71}  added by thread pool-3-thread-6
 message  {Id=97154500-39ff-4610-b194-d64226a2d556,FirstNumber=140,secondNumber=71}  written to file by thread pool-3-thread-4
 message  {Id=65de0240-3dc9-4699-bb32-cb85808916e5,FirstNumber=113,secondNumber=674}  added by thread pool-3-thread-6
 message  {Id=65de0240-3dc9-4699-bb32-cb85808916e5,FirstNumber=113,secondNumber=674}  written to file by thread pool-3-thread-3
 message  {Id=1b2da119-1fb1-4471-bb94-c73622f38bdf,FirstNumber=571,secondNumber=772}  added by thread pool-3-thread-6
 message  {Id=1b2da119-1fb1-4471-bb94-c73622f38bdf,FirstNumber=571,secondNumber=772}  written to file by thread pool-3-thread-3
 message  {Id=741c80f8-aa93-419a-a144-82e1cce6b9d2,FirstNumber=800,secondNumber=1529}  added by thread pool-3-thread-6
 message  {Id=741c80f8-aa93-419a-a144-82e1cce6b9d2,FirstNumber=800,secondNumber=1529}  written to file by thread pool-3-thread-5
 message  {Id=576b32b5-8473-4299-9e3c-75b29e435332,FirstNumber=914,secondNumber=525}  added by thread pool-3-thread-6
 message  {Id=576b32b5-8473-4299-9e3c-75b29e435332,FirstNumber=914,secondNumber=525}  written to file by thread pool-3-thread-5
 message  {Id=3aeda9ef-1ebb-42c0-9c23-2240e2502f0d,FirstNumber=313,secondNumber=1761}  added by thread pool-3-thread-6
 message  {Id=3aeda9ef-1ebb-42c0-9c23-2240e2502f0d,FirstNumber=313,secondNumber=1761}  written to file by thread pool-3-thread-4
 message  {Id=bfa77680-5aba-42a6-be22-822d59e9fc0e,FirstNumber=194,secondNumber=1834}  added by thread pool-3-thread-6
 message  {Id=bfa77680-5aba-42a6-be22-822d59e9fc0e,FirstNumber=194,secondNumber=1834}  written to file by thread pool-3-thread-4
 message  {Id=de194dbd-1569-4cfa-88a2-939046053e69,FirstNumber=159,secondNumber=350}  added by thread pool-3-thread-6
 message  {Id=de194dbd-1569-4cfa-88a2-939046053e69,FirstNumber=159,secondNumber=350}  written to file by thread pool-3-thread-3
 message  {Id=0cd44405-d5da-4d2b-b9da-d297e940cc63,FirstNumber=860,secondNumber=472}  added by thread pool-3-thread-6
 message  {Id=0cd44405-d5da-4d2b-b9da-d297e940cc63,FirstNumber=860,secondNumber=472}  written to file by thread pool-3-thread-3
 message  {Id=854e8af5-0479-4555-bbb2-a785521ae25c,FirstNumber=868,secondNumber=1156}  added by thread pool-3-thread-6
 message  {Id=854e8af5-0479-4555-bbb2-a785521ae25c,FirstNumber=868,secondNumber=1156}  written to file by thread pool-3-thread-5
 message  {Id=a9bb6652-c3c2-4779-b2c7-d39ead31208f,FirstNumber=541,secondNumber=1365}  added by thread pool-3-thread-6
 message  {Id=a9bb6652-c3c2-4779-b2c7-d39ead31208f,FirstNumber=541,secondNumber=1365}  written to file by thread pool-3-thread-2
 message  {Id=136a30e6-59bc-4ad5-9db2-15bbbc8f9e9b,FirstNumber=42,secondNumber=1700}  added by thread pool-3-thread-6
 message  {Id=136a30e6-59bc-4ad5-9db2-15bbbc8f9e9b,FirstNumber=42,secondNumber=1700}  written to file by thread pool-3-thread-4
 message  {Id=d6731279-6311-4b82-8e21-388f46a85670,FirstNumber=915,secondNumber=239}  added by thread pool-3-thread-6
 message  {Id=d6731279-6311-4b82-8e21-388f46a85670,FirstNumber=915,secondNumber=239}  written to file by thread pool-3-thread-4
 message  {Id=c5c43105-cb15-4e73-8f15-770d4b046f45,FirstNumber=347,secondNumber=1354}  added by thread pool-3-thread-6
 message  {Id=c5c43105-cb15-4e73-8f15-770d4b046f45,FirstNumber=347,secondNumber=1354}  written to file by thread pool-3-thread-3
 message  {Id=d9cfbef0-687f-4d41-88c3-ce5805148e1b,FirstNumber=956,secondNumber=728}  added by thread pool-3-thread-6
 message  {Id=d9cfbef0-687f-4d41-88c3-ce5805148e1b,FirstNumber=956,secondNumber=728}  written to file by thread pool-3-thread-3
 message  {Id=418381c6-4963-4336-82d1-9e1f0cb7c04b,FirstNumber=422,secondNumber=936}  added by thread pool-3-thread-6
 message  {Id=418381c6-4963-4336-82d1-9e1f0cb7c04b,FirstNumber=422,secondNumber=936}  written to file by thread pool-3-thread-3
 message  {Id=20ed8fe8-98a0-4108-bfae-ef4c69cce5d1,FirstNumber=730,secondNumber=455}  added by thread pool-3-thread-6
 message  {Id=20ed8fe8-98a0-4108-bfae-ef4c69cce5d1,FirstNumber=730,secondNumber=455}  written to file by thread pool-3-thread-1
 message  {Id=77bd383f-d2b5-4d24-8506-1e9ecafa18b3,FirstNumber=66,secondNumber=863}  added by thread pool-3-thread-6
 message  {Id=77bd383f-d2b5-4d24-8506-1e9ecafa18b3,FirstNumber=66,secondNumber=863}  written to file by thread pool-3-thread-4
 message  {Id=c3f11480-91eb-4f9b-a7e3-1e2be6f4d80d,FirstNumber=340,secondNumber=390}  added by thread pool-3-thread-6
 message  {Id=c3f11480-91eb-4f9b-a7e3-1e2be6f4d80d,FirstNumber=340,secondNumber=390}  written to file by thread pool-3-thread-4
 message  {Id=f04da7c8-e09c-4487-8141-3938a19be375,FirstNumber=497,secondNumber=0}  added by thread pool-3-thread-6
 message  {Id=f04da7c8-e09c-4487-8141-3938a19be375,FirstNumber=497,secondNumber=0}  written to file by thread pool-3-thread-2
 message  {Id=9e2d30ee-fc1a-46ad-be07-585c7bef6911,FirstNumber=829,secondNumber=788}  added by thread pool-3-thread-6
 message  {Id=9e2d30ee-fc1a-46ad-be07-585c7bef6911,FirstNumber=829,secondNumber=788}  written to file by thread pool-3-thread-3
 message  {Id=3c07afa0-1b41-4afc-b68f-0e19c007189f,FirstNumber=951,secondNumber=905}  added by thread pool-3-thread-6
 message  {Id=3c07afa0-1b41-4afc-b68f-0e19c007189f,FirstNumber=951,secondNumber=905}  written to file by thread pool-3-thread-1
 message  {Id=7f2b6031-dbc9-4c5d-9aa0-7d318faaad2a,FirstNumber=21,secondNumber=1818}  added by thread pool-3-thread-6
 message  {Id=7f2b6031-dbc9-4c5d-9aa0-7d318faaad2a,FirstNumber=21,secondNumber=1818}  written to file by thread pool-3-thread-1
 message  {Id=a4617908-95bd-49ec-8b74-0758615ebcb0,FirstNumber=973,secondNumber=1975}  added by thread pool-3-thread-6
 message  {Id=a4617908-95bd-49ec-8b74-0758615ebcb0,FirstNumber=973,secondNumber=1975}  written to file by thread pool-3-thread-4
 message  {Id=ce619d02-559c-4f8b-849a-b9d8da738cf2,FirstNumber=40,secondNumber=1838}  added by thread pool-3-thread-6
 message  {Id=ce619d02-559c-4f8b-849a-b9d8da738cf2,FirstNumber=40,secondNumber=1838}  written to file by thread pool-3-thread-4
 message  {Id=c8138775-8b37-4304-939f-98b66f9a1af4,FirstNumber=236,secondNumber=1110}  added by thread pool-3-thread-6
 message  {Id=c8138775-8b37-4304-939f-98b66f9a1af4,FirstNumber=236,secondNumber=1110}  written to file by thread pool-3-thread-3
 message  {Id=5ebbd108-6cc3-44a2-9937-7ca846590650,FirstNumber=273,secondNumber=1995}  added by thread pool-3-thread-6
 message  {Id=5ebbd108-6cc3-44a2-9937-7ca846590650,FirstNumber=273,secondNumber=1995}  written to file by thread pool-3-thread-3
 message  {Id=0777b608-0350-4409-853b-ac08023aae9d,FirstNumber=317,secondNumber=232}  added by thread pool-3-thread-6
 message  {Id=0777b608-0350-4409-853b-ac08023aae9d,FirstNumber=317,secondNumber=232}  written to file by thread pool-3-thread-1
 message  {Id=a74bd5cc-bef6-4506-b0eb-4e44b8bce83c,FirstNumber=913,secondNumber=671}  added by thread pool-3-thread-6
 message  {Id=a74bd5cc-bef6-4506-b0eb-4e44b8bce83c,FirstNumber=913,secondNumber=671}  written to file by thread pool-3-thread-1
 message  {Id=d05e0eec-c6ba-4018-91a2-56bd70e6508a,FirstNumber=918,secondNumber=541}  added by thread pool-3-thread-6
 message  {Id=d05e0eec-c6ba-4018-91a2-56bd70e6508a,FirstNumber=918,secondNumber=541}  written to file by thread pool-3-thread-4
 message  {Id=64e8dca4-e3dd-45bd-8cff-66cef264ecd3,FirstNumber=997,secondNumber=1999}  added by thread pool-3-thread-6
 message  {Id=64e8dca4-e3dd-45bd-8cff-66cef264ecd3,FirstNumber=997,secondNumber=1999}  written to file by thread pool-3-thread-5
 message  {Id=830b31c8-36e2-4eb4-ab34-f9cbe006e9d3,FirstNumber=974,secondNumber=251}  added by thread pool-3-thread-6
 message  {Id=830b31c8-36e2-4eb4-ab34-f9cbe006e9d3,FirstNumber=974,secondNumber=251}  written to file by thread pool-3-thread-5
 message  {Id=824c39d0-84f7-4948-8a7f-44633659b0c6,FirstNumber=111,secondNumber=7}  added by thread pool-3-thread-6
 message  {Id=824c39d0-84f7-4948-8a7f-44633659b0c6,FirstNumber=111,secondNumber=7}  written to file by thread pool-3-thread-2
 message  {Id=0ac66b12-4a53-47a3-982f-49f7a267f066,FirstNumber=67,secondNumber=904}  added by thread pool-3-thread-6
 message  {Id=0ac66b12-4a53-47a3-982f-49f7a267f066,FirstNumber=67,secondNumber=904}  written to file by thread pool-3-thread-1
 message  {Id=40196643-e2ff-4c04-b098-58e8f400e596,FirstNumber=26,secondNumber=1081}  added by thread pool-3-thread-6
 message  {Id=40196643-e2ff-4c04-b098-58e8f400e596,FirstNumber=26,secondNumber=1081}  written to file by thread pool-3-thread-1
 message  {Id=9dea80ff-c18d-4945-a110-eafb6a86ee3e,FirstNumber=54,secondNumber=1659}  added by thread pool-3-thread-6
 message  {Id=9dea80ff-c18d-4945-a110-eafb6a86ee3e,FirstNumber=54,secondNumber=1659}  written to file by thread pool-3-thread-3
 message  {Id=bfa4ef39-62a1-4b3a-bacb-32c2becc0b6f,FirstNumber=443,secondNumber=1642}  added by thread pool-3-thread-6
 message  {Id=bfa4ef39-62a1-4b3a-bacb-32c2becc0b6f,FirstNumber=443,secondNumber=1642}  written to file by thread pool-3-thread-5
 message  {Id=19b904d6-66a4-42bf-bf2c-3cc31f5f3aa3,FirstNumber=235,secondNumber=1880}  added by thread pool-3-thread-6
 message  {Id=3dfdf289-ff2d-46c5-8a1f-56e265923832,FirstNumber=663,secondNumber=111}  added by thread pool-3-thread-6
 message  {Id=19b904d6-66a4-42bf-bf2c-3cc31f5f3aa3,FirstNumber=235,secondNumber=1880}  written to file by thread pool-3-thread-5
 message  {Id=3dfdf289-ff2d-46c5-8a1f-56e265923832,FirstNumber=663,secondNumber=111}  written to file by thread pool-3-thread-4
 message  {Id=00565a1a-48d0-46d0-8c48-7fd92cb3e273,FirstNumber=165,secondNumber=668}  added by thread pool-3-thread-6
 message  {Id=00565a1a-48d0-46d0-8c48-7fd92cb3e273,FirstNumber=165,secondNumber=668}  written to file by thread pool-3-thread-1
 message  {Id=bb8d8fd7-a89b-4c5c-8716-5a25fa37821a,FirstNumber=740,secondNumber=1414}  added by thread pool-3-thread-6
 message  {Id=bb8d8fd7-a89b-4c5c-8716-5a25fa37821a,FirstNumber=740,secondNumber=1414}  written to file by thread pool-3-thread-1
 message  {Id=cb634362-725b-41f4-844d-08fb5597aac5,FirstNumber=131,secondNumber=414}  added by thread pool-3-thread-6
 message  {Id=3df6f1e9-0c49-480c-b799-8aeed9e8a57a,FirstNumber=147,secondNumber=1601}  added by thread pool-3-thread-6
 message  {Id=900d44f8-828b-4bce-8b1f-2a32ef5b7769,FirstNumber=63,secondNumber=718}  added by thread pool-3-thread-6
 message  {Id=e7fed9ed-ce2e-405d-91f6-de6b805ab058,FirstNumber=821,secondNumber=182}  added by thread pool-3-thread-6
 message  {Id=acfb283f-257b-42b1-90cb-00880336fadb,FirstNumber=236,secondNumber=1628}  added by thread pool-3-thread-6
 message  {Id=54032aa9-68f1-42e3-ac0f-f9cb6511b06f,FirstNumber=463,secondNumber=1688}  added by thread pool-3-thread-6
 message  {Id=36e9b25d-df66-454b-ba7f-b4b38ccd6fd0,FirstNumber=246,secondNumber=1245}  added by thread pool-3-thread-6
 message  {Id=908f90c7-eaaa-40e2-ae86-fdec8b510cc9,FirstNumber=248,secondNumber=952}  added by thread pool-3-thread-6
 message  {Id=f8e31303-3fd2-4222-8f3e-f9b09c055d53,FirstNumber=883,secondNumber=8}  added by thread pool-3-thread-6
 message  {Id=a1b9c23c-6d5f-44a9-bcf6-31315233a063,FirstNumber=4,secondNumber=1636}  added by thread pool-3-thread-6
 message  {Id=b57b4d14-faa9-43cb-945b-ee87dd90c961,FirstNumber=488,secondNumber=1825}  added by thread pool-3-thread-6
 message  {Id=4d7ce32b-f2d7-484d-88cb-9248b0b29255,FirstNumber=453,secondNumber=1527}  added by thread pool-3-thread-6
 message  {Id=f0e47114-8cc4-4c8c-adc7-0229906fb97d,FirstNumber=769,secondNumber=1692}  added by thread pool-3-thread-6
 message  {Id=854fe589-5ff1-4ea3-8b6b-60df33b02c0e,FirstNumber=671,secondNumber=610}  added by thread pool-3-thread-6
 message  {Id=e56aa3aa-c4e4-4ab7-8a28-64179efa661e,FirstNumber=400,secondNumber=862}  added by thread pool-3-thread-6
 message  {Id=3d9d5067-543b-47c7-b3b9-049e7153d211,FirstNumber=71,secondNumber=1785}  added by thread pool-3-thread-6
 message  {Id=cca0c922-7d1e-4409-b4dd-c9f93be57e48,FirstNumber=55,secondNumber=1316}  added by thread pool-3-thread-6
 message  {Id=b1c0795e-baa2-44ac-b5d8-6af55dac141e,FirstNumber=782,secondNumber=1789}  added by thread pool-3-thread-6
 message  {Id=91f6ca79-fc92-4544-892d-7f03a91f4ded,FirstNumber=96,secondNumber=572}  added by thread pool-3-thread-6
 message  {Id=b26f92bd-f19a-4b92-9990-6ba7b8acb9f1,FirstNumber=409,secondNumber=1889}  added by thread pool-3-thread-6
 message  {Id=9c2f4d01-73dd-4887-bc28-fe67b84abb7d,FirstNumber=481,secondNumber=908}  added by thread pool-3-thread-6
 message  {Id=1b723c60-7655-4081-83fe-01f424aeedbc,FirstNumber=747,secondNumber=934}  added by thread pool-3-thread-6
 message  {Id=9842fe97-86ce-4f8b-a8b6-c82e163c9d55,FirstNumber=795,secondNumber=1069}  added by thread pool-3-thread-6
 message  {Id=0ade115b-5f39-4d32-91a0-e1b232037eb8,FirstNumber=478,secondNumber=1073}  added by thread pool-3-thread-6
 message  {Id=4f84e51a-5422-43a0-9335-e06b5f090e76,FirstNumber=862,secondNumber=355}  added by thread pool-3-thread-6
 message  {Id=cb634362-725b-41f4-844d-08fb5597aac5,FirstNumber=131,secondNumber=414}  written to file by thread pool-3-thread-3
 message  {Id=3df6f1e9-0c49-480c-b799-8aeed9e8a57a,FirstNumber=147,secondNumber=1601}  written to file by thread pool-3-thread-2
 message  {Id=900d44f8-828b-4bce-8b1f-2a32ef5b7769,FirstNumber=63,secondNumber=718}  written to file by thread pool-3-thread-5
 message  {Id=2c452c6f-28fe-4a36-8835-8b9cb0a391bd,FirstNumber=418,secondNumber=1673}  added by thread pool-3-thread-6
 message  {Id=e7fed9ed-ce2e-405d-91f6-de6b805ab058,FirstNumber=821,secondNumber=182}  written to file by thread pool-3-thread-4
 message  {Id=acfb283f-257b-42b1-90cb-00880336fadb,FirstNumber=236,secondNumber=1628}  written to file by thread pool-3-thread-3
 message  {Id=54032aa9-68f1-42e3-ac0f-f9cb6511b06f,FirstNumber=463,secondNumber=1688}  written to file by thread pool-3-thread-2
 message  {Id=36e9b25d-df66-454b-ba7f-b4b38ccd6fd0,FirstNumber=246,secondNumber=1245}  written to file by thread pool-3-thread-5
 message  {Id=22941e3c-3c56-441f-ab7f-e44b42b4c107,FirstNumber=18,secondNumber=1461}  added by thread pool-3-thread-6
 message  {Id=f8e31303-3fd2-4222-8f3e-f9b09c055d53,FirstNumber=883,secondNumber=8}  written to file by thread pool-3-thread-3
 message  {Id=908f90c7-eaaa-40e2-ae86-fdec8b510cc9,FirstNumber=248,secondNumber=952}  written to file by thread pool-3-thread-4
 message  {Id=487b2416-feb5-47af-a07b-412cb6ecef67,FirstNumber=923,secondNumber=1958}  added by thread pool-3-thread-6
 message  {Id=a1b9c23c-6d5f-44a9-bcf6-31315233a063,FirstNumber=4,secondNumber=1636}  written to file by thread pool-3-thread-5
 message  {Id=b57b4d14-faa9-43cb-945b-ee87dd90c961,FirstNumber=488,secondNumber=1825}  written to file by thread pool-3-thread-3
 message  {Id=4d7ce32b-f2d7-484d-88cb-9248b0b29255,FirstNumber=453,secondNumber=1527}  written to file by thread pool-3-thread-4
 message  {Id=0cea5236-719e-4829-97cb-22d80a56e164,FirstNumber=348,secondNumber=1446}  added by thread pool-3-thread-6
 message  {Id=f0e47114-8cc4-4c8c-adc7-0229906fb97d,FirstNumber=769,secondNumber=1692}  written to file by thread pool-3-thread-5
 message  {Id=854fe589-5ff1-4ea3-8b6b-60df33b02c0e,FirstNumber=671,secondNumber=610}  written to file by thread pool-3-thread-4
 message  {Id=a8a377dd-513d-4858-83cf-47f8ce756ade,FirstNumber=148,secondNumber=220}  added by thread pool-3-thread-6
 message  {Id=e56aa3aa-c4e4-4ab7-8a28-64179efa661e,FirstNumber=400,secondNumber=862}  written to file by thread pool-3-thread-5
 message  {Id=3d9d5067-543b-47c7-b3b9-049e7153d211,FirstNumber=71,secondNumber=1785}  written to file by thread pool-3-thread-4
 message  {Id=b662fc86-f90c-4d32-9cc8-0959d881991b,FirstNumber=961,secondNumber=1576}  added by thread pool-3-thread-6
 message  {Id=b1c0795e-baa2-44ac-b5d8-6af55dac141e,FirstNumber=782,secondNumber=1789}  written to file by thread pool-3-thread-4
 message  {Id=cca0c922-7d1e-4409-b4dd-c9f93be57e48,FirstNumber=55,secondNumber=1316}  written to file by thread pool-3-thread-5
 message  {Id=dbd93982-82bd-42df-b7d8-ff1601441396,FirstNumber=690,secondNumber=753}  added by thread pool-3-thread-6
 message  {Id=91f6ca79-fc92-4544-892d-7f03a91f4ded,FirstNumber=96,secondNumber=572}  written to file by thread pool-3-thread-4
 message  {Id=63779309-ac53-4ada-8fcc-994fa00ba7d3,FirstNumber=775,secondNumber=1677}  added by thread pool-3-thread-6
 message  {Id=b26f92bd-f19a-4b92-9990-6ba7b8acb9f1,FirstNumber=409,secondNumber=1889}  written to file by thread pool-3-thread-4
 message  {Id=8039dffe-0d31-4ea7-9587-5130cb0e08b6,FirstNumber=951,secondNumber=857}  added by thread pool-3-thread-6
 message  {Id=9c2f4d01-73dd-4887-bc28-fe67b84abb7d,FirstNumber=481,secondNumber=908}  written to file by thread pool-3-thread-4
 message  {Id=1b723c60-7655-4081-83fe-01f424aeedbc,FirstNumber=747,secondNumber=934}  written to file by thread pool-3-thread-4
 message  {Id=060e8928-7fac-42eb-b5d6-e1b1dbcf9233,FirstNumber=139,secondNumber=1189}  added by thread pool-3-thread-6
 message  {Id=9842fe97-86ce-4f8b-a8b6-c82e163c9d55,FirstNumber=795,secondNumber=1069}  written to file by thread pool-3-thread-4
 message  {Id=9abaf120-680d-46a9-bfed-7fb21bc59f01,FirstNumber=463,secondNumber=788}  added by thread pool-3-thread-6
 message  {Id=0ade115b-5f39-4d32-91a0-e1b232037eb8,FirstNumber=478,secondNumber=1073}  written to file by thread pool-3-thread-4
 message  {Id=646996eb-d7eb-4097-bdd2-af77631ace6d,FirstNumber=453,secondNumber=309}  added by thread pool-3-thread-6
 message  {Id=4f84e51a-5422-43a0-9335-e06b5f090e76,FirstNumber=862,secondNumber=355}  written to file by thread pool-3-thread-4
 message  {Id=2c452c6f-28fe-4a36-8835-8b9cb0a391bd,FirstNumber=418,secondNumber=1673}  written to file by thread pool-3-thread-4
 message  {Id=4ca492fd-2064-4b05-869a-b732f8c62eda,FirstNumber=429,secondNumber=421}  added by thread pool-3-thread-6
 message  {Id=22941e3c-3c56-441f-ab7f-e44b42b4c107,FirstNumber=18,secondNumber=1461}  written to file by thread pool-3-thread-4
 message  {Id=d6520bec-c6a5-427d-bca6-d277e8ba8b55,FirstNumber=651,secondNumber=348}  added by thread pool-3-thread-6
 message  {Id=487b2416-feb5-47af-a07b-412cb6ecef67,FirstNumber=923,secondNumber=1958}  written to file by thread pool-3-thread-4
 message  {Id=689f1f1f-0993-435f-882d-8a572de8dc10,FirstNumber=909,secondNumber=476}  added by thread pool-3-thread-6
 message  {Id=0cea5236-719e-4829-97cb-22d80a56e164,FirstNumber=348,secondNumber=1446}  written to file by thread pool-3-thread-4
 message  {Id=a8a377dd-513d-4858-83cf-47f8ce756ade,FirstNumber=148,secondNumber=220}  written to file by thread pool-3-thread-4
 message  {Id=cf266666-e927-42f4-babb-c9fa250e34f3,FirstNumber=994,secondNumber=1493}  added by thread pool-3-thread-6
 message  {Id=b662fc86-f90c-4d32-9cc8-0959d881991b,FirstNumber=961,secondNumber=1576}  written to file by thread pool-3-thread-4
 message  {Id=d66e07b1-c4c0-4bed-a647-563eebb63287,FirstNumber=229,secondNumber=1367}  added by thread pool-3-thread-6
 message  {Id=dbd93982-82bd-42df-b7d8-ff1601441396,FirstNumber=690,secondNumber=753}  written to file by thread pool-3-thread-4
 message  {Id=63779309-ac53-4ada-8fcc-994fa00ba7d3,FirstNumber=775,secondNumber=1677}  written to file by thread pool-3-thread-4
 message  {Id=406da9c8-9b61-48b6-bc67-dca52239b336,FirstNumber=143,secondNumber=1377}  added by thread pool-3-thread-6
 message  {Id=8039dffe-0d31-4ea7-9587-5130cb0e08b6,FirstNumber=951,secondNumber=857}  written to file by thread pool-3-thread-4
 message  {Id=203f50c2-340c-48da-80c2-fdeed6f5abfc,FirstNumber=564,secondNumber=941}  added by thread pool-3-thread-6
 message  {Id=060e8928-7fac-42eb-b5d6-e1b1dbcf9233,FirstNumber=139,secondNumber=1189}  written to file by thread pool-3-thread-4
 message  {Id=f4cdc7c9-9c24-4344-ae17-2953309570ff,FirstNumber=758,secondNumber=1022}  added by thread pool-3-thread-6
 message  {Id=9abaf120-680d-46a9-bfed-7fb21bc59f01,FirstNumber=463,secondNumber=788}  written to file by thread pool-3-thread-4
 message  {Id=49de558e-7237-4ce7-b1af-7808ccb90403,FirstNumber=222,secondNumber=1823}  added by thread pool-3-thread-6
 message  {Id=646996eb-d7eb-4097-bdd2-af77631ace6d,FirstNumber=453,secondNumber=309}  written to file by thread pool-3-thread-4
 message  {Id=4ca492fd-2064-4b05-869a-b732f8c62eda,FirstNumber=429,secondNumber=421}  written to file by thread pool-3-thread-4
 message  {Id=cb65bdad-b8db-48c0-bc3c-1b2576123afb,FirstNumber=79,secondNumber=821}  added by thread pool-3-thread-6
 message  {Id=d6520bec-c6a5-427d-bca6-d277e8ba8b55,FirstNumber=651,secondNumber=348}  written to file by thread pool-3-thread-4
 message  {Id=3a20ae08-d975-4486-8eac-e08a9019bb7c,FirstNumber=342,secondNumber=141}  added by thread pool-3-thread-6
 message  {Id=689f1f1f-0993-435f-882d-8a572de8dc10,FirstNumber=909,secondNumber=476}  written to file by thread pool-3-thread-4
 message  {Id=cf266666-e927-42f4-babb-c9fa250e34f3,FirstNumber=994,secondNumber=1493}  written to file by thread pool-3-thread-4
 message  {Id=2c72f827-7bae-4249-9fa9-b3d96265da8a,FirstNumber=282,secondNumber=77}  added by thread pool-3-thread-6
 message  {Id=d66e07b1-c4c0-4bed-a647-563eebb63287,FirstNumber=229,secondNumber=1367}  written to file by thread pool-3-thread-4
 message  {Id=5653ea4f-c598-4efb-affa-76205fb5cb99,FirstNumber=806,secondNumber=1270}  added by thread pool-3-thread-6
 message  {Id=406da9c8-9b61-48b6-bc67-dca52239b336,FirstNumber=143,secondNumber=1377}  written to file by thread pool-3-thread-4
 message  {Id=348c4d91-3f7d-4f27-9efa-4821d4113f32,FirstNumber=258,secondNumber=26}  added by thread pool-3-thread-6
 message  {Id=203f50c2-340c-48da-80c2-fdeed6f5abfc,FirstNumber=564,secondNumber=941}  written to file by thread pool-3-thread-4
 message  {Id=f4cdc7c9-9c24-4344-ae17-2953309570ff,FirstNumber=758,secondNumber=1022}  written to file by thread pool-3-thread-4
 message  {Id=88cb4bfb-148a-4006-ab6e-88bfdfeda571,FirstNumber=408,secondNumber=1434}  added by thread pool-3-thread-6
 message  {Id=49de558e-7237-4ce7-b1af-7808ccb90403,FirstNumber=222,secondNumber=1823}  written to file by thread pool-3-thread-4
 message  {Id=6d929665-326e-4599-8480-fe16b43e4ee3,FirstNumber=356,secondNumber=1013}  added by thread pool-3-thread-6
 message  {Id=cb65bdad-b8db-48c0-bc3c-1b2576123afb,FirstNumber=79,secondNumber=821}  written to file by thread pool-3-thread-4
 message  {Id=b10e0ff4-9281-4578-9c62-9ff1d3d3d966,FirstNumber=410,secondNumber=1020}  added by thread pool-3-thread-6
 message  {Id=3a20ae08-d975-4486-8eac-e08a9019bb7c,FirstNumber=342,secondNumber=141}  written to file by thread pool-3-thread-4
 message  {Id=2c72f827-7bae-4249-9fa9-b3d96265da8a,FirstNumber=282,secondNumber=77}  written to file by thread pool-3-thread-4
 message  {Id=0cbb67d4-b0e3-48a8-a0a4-22b332d2b739,FirstNumber=528,secondNumber=532}  added by thread pool-3-thread-6
 message  {Id=5653ea4f-c598-4efb-affa-76205fb5cb99,FirstNumber=806,secondNumber=1270}  written to file by thread pool-3-thread-4
 message  {Id=c2fb5a7b-396b-43ec-8641-0fb3c5d72cee,FirstNumber=520,secondNumber=150}  added by thread pool-3-thread-6
 message  {Id=348c4d91-3f7d-4f27-9efa-4821d4113f32,FirstNumber=258,secondNumber=26}  written to file by thread pool-3-thread-4
 message  {Id=85dc0aa3-6070-4a1a-a81f-4c18fcb1ed24,FirstNumber=493,secondNumber=1806}  added by thread pool-3-thread-6
 message  {Id=88cb4bfb-148a-4006-ab6e-88bfdfeda571,FirstNumber=408,secondNumber=1434}  written to file by thread pool-3-thread-4
 message  {Id=6d929665-326e-4599-8480-fe16b43e4ee3,FirstNumber=356,secondNumber=1013}  written to file by thread pool-3-thread-4
 message  {Id=21867aff-3560-412a-a245-4580eccafa59,FirstNumber=558,secondNumber=526}  added by thread pool-3-thread-6
 message  {Id=b10e0ff4-9281-4578-9c62-9ff1d3d3d966,FirstNumber=410,secondNumber=1020}  written to file by thread pool-3-thread-4
 message  {Id=b15a06a4-47ac-4115-8b91-1fc5d2651375,FirstNumber=520,secondNumber=1262}  added by thread pool-3-thread-6
 message  {Id=0cbb67d4-b0e3-48a8-a0a4-22b332d2b739,FirstNumber=528,secondNumber=532}  written to file by thread pool-3-thread-4
 message  {Id=fa85d9c9-1bb8-4853-841f-35bd74d77503,FirstNumber=308,secondNumber=299}  added by thread pool-3-thread-6
 message  {Id=c2fb5a7b-396b-43ec-8641-0fb3c5d72cee,FirstNumber=520,secondNumber=150}  written to file by thread pool-3-thread-4
 message  {Id=85dc0aa3-6070-4a1a-a81f-4c18fcb1ed24,FirstNumber=493,secondNumber=1806}  written to file by thread pool-3-thread-4
 message  {Id=a38956b7-f62f-4ee1-9d4d-f5ec392c4ade,FirstNumber=268,secondNumber=871}  added by thread pool-3-thread-6
 message  {Id=21867aff-3560-412a-a245-4580eccafa59,FirstNumber=558,secondNumber=526}  written to file by thread pool-3-thread-4
 message  {Id=85f1dd05-7aa2-453c-abf4-b9e517092f78,FirstNumber=565,secondNumber=1200}  added by thread pool-3-thread-6
 message  {Id=b15a06a4-47ac-4115-8b91-1fc5d2651375,FirstNumber=520,secondNumber=1262}  written to file by thread pool-3-thread-4
 message  {Id=fa85d9c9-1bb8-4853-841f-35bd74d77503,FirstNumber=308,secondNumber=299}  written to file by thread pool-3-thread-4
 message  {Id=af9a42a2-1a5c-4fa2-b37c-7e952220f925,FirstNumber=849,secondNumber=1310}  added by thread pool-3-thread-6
 message  {Id=a38956b7-f62f-4ee1-9d4d-f5ec392c4ade,FirstNumber=268,secondNumber=871}  written to file by thread pool-3-thread-4
 message  {Id=43354edf-13f2-4308-b916-a4077298ee8a,FirstNumber=151,secondNumber=260}  added by thread pool-3-thread-6
 message  {Id=85f1dd05-7aa2-453c-abf4-b9e517092f78,FirstNumber=565,secondNumber=1200}  written to file by thread pool-3-thread-4
 message  {Id=a88e1e43-bd2d-4ad0-b4fa-68d1c8ce61f8,FirstNumber=113,secondNumber=1169}  added by thread pool-3-thread-6
 message  {Id=af9a42a2-1a5c-4fa2-b37c-7e952220f925,FirstNumber=849,secondNumber=1310}  written to file by thread pool-3-thread-4
 message  {Id=0c4cc57c-496f-4b1d-a579-5f42dc9836ac,FirstNumber=667,secondNumber=1595}  added by thread pool-3-thread-6
 message  {Id=43354edf-13f2-4308-b916-a4077298ee8a,FirstNumber=151,secondNumber=260}  written to file by thread pool-3-thread-4
 message  {Id=8b36ea42-d3c9-4138-b0d8-cace2af12bb9,FirstNumber=430,secondNumber=1994}  added by thread pool-3-thread-6
 message  {Id=a88e1e43-bd2d-4ad0-b4fa-68d1c8ce61f8,FirstNumber=113,secondNumber=1169}  written to file by thread pool-3-thread-4
 message  {Id=0c4cc57c-496f-4b1d-a579-5f42dc9836ac,FirstNumber=667,secondNumber=1595}  written to file by thread pool-3-thread-4
 message  {Id=4daf69a5-f3b7-46bc-91aa-b4b5adc77917,FirstNumber=179,secondNumber=668}  added by thread pool-3-thread-6
 message  {Id=8b36ea42-d3c9-4138-b0d8-cace2af12bb9,FirstNumber=430,secondNumber=1994}  written to file by thread pool-3-thread-4
 message  {Id=5e597e66-cbff-413b-82f0-37f2b48798e4,FirstNumber=622,secondNumber=12}  added by thread pool-3-thread-6
 message  {Id=4daf69a5-f3b7-46bc-91aa-b4b5adc77917,FirstNumber=179,secondNumber=668}  written to file by thread pool-3-thread-4
 message  {Id=62c6e9ab-ccd0-4498-8560-ad06e510e3b2,FirstNumber=420,secondNumber=1309}  added by thread pool-3-thread-6
 message  {Id=5e597e66-cbff-413b-82f0-37f2b48798e4,FirstNumber=622,secondNumber=12}  written to file by thread pool-3-thread-4
 message  {Id=62c6e9ab-ccd0-4498-8560-ad06e510e3b2,FirstNumber=420,secondNumber=1309}  written to file by thread pool-3-thread-4
 message  {Id=e9fb6ecb-7f2e-4453-a7d9-0a8ee0a77a7a,FirstNumber=777,secondNumber=834}  added by thread pool-3-thread-6
 message  {Id=e9fb6ecb-7f2e-4453-a7d9-0a8ee0a77a7a,FirstNumber=777,secondNumber=834}  written to file by thread pool-3-thread-4
 message  {Id=35753dae-d3ed-42eb-b59a-28917ba31010,FirstNumber=770,secondNumber=874}  added by thread pool-3-thread-6
 message  {Id=35753dae-d3ed-42eb-b59a-28917ba31010,FirstNumber=770,secondNumber=874}  written to file by thread pool-3-thread-1
 message  {Id=3e98fc69-b509-481c-b036-daac673d513a,FirstNumber=142,secondNumber=1505}  added by thread pool-3-thread-6
 message  {Id=3e98fc69-b509-481c-b036-daac673d513a,FirstNumber=142,secondNumber=1505}  written to file by thread pool-3-thread-4
 message  {Id=60801c57-f445-461a-b23a-1ba1a5c6b4f3,FirstNumber=767,secondNumber=1456}  added by thread pool-3-thread-6
 message  {Id=60801c57-f445-461a-b23a-1ba1a5c6b4f3,FirstNumber=767,secondNumber=1456}  written to file by thread pool-3-thread-3
 message  {Id=dec3a92b-60a5-46fa-b706-5efe62b51e7c,FirstNumber=347,secondNumber=1410}  added by thread pool-3-thread-6
 message  {Id=dec3a92b-60a5-46fa-b706-5efe62b51e7c,FirstNumber=347,secondNumber=1410}  written to file by thread pool-3-thread-3
 message  {Id=bfa2a126-f805-4a39-9dd3-0bc8ca947214,FirstNumber=694,secondNumber=1275}  added by thread pool-3-thread-6
 message  {Id=bfa2a126-f805-4a39-9dd3-0bc8ca947214,FirstNumber=694,secondNumber=1275}  written to file by thread pool-3-thread-1
 message  {Id=73dbe5e7-4f55-4f7c-9d66-faf76bdba708,FirstNumber=434,secondNumber=245}  added by thread pool-3-thread-6
 message  {Id=73dbe5e7-4f55-4f7c-9d66-faf76bdba708,FirstNumber=434,secondNumber=245}  written to file by thread pool-3-thread-1
 message  {Id=fa520129-c182-41ca-a552-3638274c2f16,FirstNumber=496,secondNumber=19}  added by thread pool-3-thread-6
 message  {Id=fa520129-c182-41ca-a552-3638274c2f16,FirstNumber=496,secondNumber=19}  written to file by thread pool-3-thread-1
 message  {Id=e04aec78-93c6-4d5a-ab5e-f34d30e12141,FirstNumber=404,secondNumber=227}  added by thread pool-3-thread-6
 message  {Id=e04aec78-93c6-4d5a-ab5e-f34d30e12141,FirstNumber=404,secondNumber=227}  written to file by thread pool-3-thread-5
 message  {Id=1b035216-0be3-4c8c-bd1e-19d4361299b4,FirstNumber=95,secondNumber=1085}  added by thread pool-3-thread-6
 message  {Id=1b035216-0be3-4c8c-bd1e-19d4361299b4,FirstNumber=95,secondNumber=1085}  written to file by thread pool-3-thread-3
 message  {Id=e36c23c4-fe55-4bc2-a397-bbdd182e0fed,FirstNumber=416,secondNumber=1227}  added by thread pool-3-thread-6
 message  {Id=e36c23c4-fe55-4bc2-a397-bbdd182e0fed,FirstNumber=416,secondNumber=1227}  written to file by thread pool-3-thread-3
 message  {Id=e56459a2-e0d8-4214-a431-27a1f4f65eb8,FirstNumber=270,secondNumber=604}  added by thread pool-3-thread-6
 message  {Id=e56459a2-e0d8-4214-a431-27a1f4f65eb8,FirstNumber=270,secondNumber=604}  written to file by thread pool-3-thread-3
 message  {Id=b0488b3f-42a1-4954-a23f-7080d789caca,FirstNumber=220,secondNumber=1054}  added by thread pool-3-thread-6
 message  {Id=b0488b3f-42a1-4954-a23f-7080d789caca,FirstNumber=220,secondNumber=1054}  written to file by thread pool-3-thread-1
 message  {Id=ae651d2b-13e5-499d-9e6a-bf9343c38e30,FirstNumber=55,secondNumber=575}  added by thread pool-3-thread-6
 message  {Id=ae651d2b-13e5-499d-9e6a-bf9343c38e30,FirstNumber=55,secondNumber=575}  written to file by thread pool-3-thread-1
 message  {Id=93c17808-e851-440a-8188-c8bd4af48343,FirstNumber=718,secondNumber=316}  added by thread pool-3-thread-6
 message  {Id=56795117-8cd5-4171-9771-b99721422324,FirstNumber=255,secondNumber=1670}  added by thread pool-3-thread-6
 message  {Id=93c17808-e851-440a-8188-c8bd4af48343,FirstNumber=718,secondNumber=316}  written to file by thread pool-3-thread-2
 message  {Id=56795117-8cd5-4171-9771-b99721422324,FirstNumber=255,secondNumber=1670}  written to file by thread pool-3-thread-4
 message  {Id=d99590e9-ed8f-474c-bac5-49ff2081695a,FirstNumber=930,secondNumber=1634}  added by thread pool-3-thread-6
 message  {Id=d99590e9-ed8f-474c-bac5-49ff2081695a,FirstNumber=930,secondNumber=1634}  written to file by thread pool-3-thread-3
 message  {Id=1df8c765-4d54-41cf-a502-a5a3984f0941,FirstNumber=941,secondNumber=258}  added by thread pool-3-thread-6
 message  {Id=1df8c765-4d54-41cf-a502-a5a3984f0941,FirstNumber=941,secondNumber=258}  written to file by thread pool-3-thread-3
 message  {Id=6fdeb72a-f91a-4dd9-b329-7b3cfa2a7342,FirstNumber=530,secondNumber=565}  added by thread pool-3-thread-6
 message  {Id=5d24c18c-0fa8-47e6-ab85-70ce8be3fddd,FirstNumber=829,secondNumber=1263}  added by thread pool-3-thread-6
 message  {Id=6fdeb72a-f91a-4dd9-b329-7b3cfa2a7342,FirstNumber=530,secondNumber=565}  written to file by thread pool-3-thread-1
 message  {Id=5d24c18c-0fa8-47e6-ab85-70ce8be3fddd,FirstNumber=829,secondNumber=1263}  written to file by thread pool-3-thread-2
 message  {Id=66f3127d-d7a0-4f75-810f-62bec8f04783,FirstNumber=272,secondNumber=1444}  added by thread pool-3-thread-6
 message  {Id=66f3127d-d7a0-4f75-810f-62bec8f04783,FirstNumber=272,secondNumber=1444}  written to file by thread pool-3-thread-2
 message  {Id=7bb48534-64d2-4611-b376-b9990f470e0c,FirstNumber=318,secondNumber=564}  added by thread pool-3-thread-6
 message  {Id=7bb48534-64d2-4611-b376-b9990f470e0c,FirstNumber=318,secondNumber=564}  written to file by thread pool-3-thread-5
 message  {Id=1d99649c-f175-425a-89bc-cb589cd0edc9,FirstNumber=244,secondNumber=1212}  added by thread pool-3-thread-6
 message  {Id=1d99649c-f175-425a-89bc-cb589cd0edc9,FirstNumber=244,secondNumber=1212}  written to file by thread pool-3-thread-3
 message  {Id=28bd9aae-bfdf-4472-bdea-f74c206d222e,FirstNumber=237,secondNumber=1809}  added by thread pool-3-thread-6
 message  {Id=28bd9aae-bfdf-4472-bdea-f74c206d222e,FirstNumber=237,secondNumber=1809}  written to file by thread pool-3-thread-3
 message  {Id=fb5e275a-59c0-4a5f-82df-9f8b09174224,FirstNumber=647,secondNumber=91}  added by thread pool-3-thread-6
 message  {Id=fb5e275a-59c0-4a5f-82df-9f8b09174224,FirstNumber=647,secondNumber=91}  written to file by thread pool-3-thread-4
 message  {Id=a143eb3f-7366-4767-b42b-30201c668e94,FirstNumber=102,secondNumber=1134}  added by thread pool-3-thread-6
 message  {Id=a143eb3f-7366-4767-b42b-30201c668e94,FirstNumber=102,secondNumber=1134}  written to file by thread pool-3-thread-2
 message  {Id=312923d0-08e2-43ea-acd0-63476618ee23,FirstNumber=841,secondNumber=1909}  added by thread pool-3-thread-6
 message  {Id=270ccbc5-5c3d-4baa-a507-5a4c7c92b9a0,FirstNumber=558,secondNumber=572}  added by thread pool-3-thread-6
 message  {Id=312923d0-08e2-43ea-acd0-63476618ee23,FirstNumber=841,secondNumber=1909}  written to file by thread pool-3-thread-5
 message  {Id=270ccbc5-5c3d-4baa-a507-5a4c7c92b9a0,FirstNumber=558,secondNumber=572}  written to file by thread pool-3-thread-1
 message  {Id=e3a06a23-7e8d-445f-b67b-0329ce3a78bf,FirstNumber=496,secondNumber=1920}  added by thread pool-3-thread-6
 message  {Id=e3a06a23-7e8d-445f-b67b-0329ce3a78bf,FirstNumber=496,secondNumber=1920}  written to file by thread pool-3-thread-3
 message  {Id=7c101872-4570-4a5a-a3ce-e31a44a068bd,FirstNumber=140,secondNumber=1118}  added by thread pool-3-thread-6
 message  {Id=7c101872-4570-4a5a-a3ce-e31a44a068bd,FirstNumber=140,secondNumber=1118}  written to file by thread pool-3-thread-3
 message  {Id=64910add-881f-4732-a6db-1afa0da43d3c,FirstNumber=643,secondNumber=307}  added by thread pool-3-thread-6
 message  {Id=64910add-881f-4732-a6db-1afa0da43d3c,FirstNumber=643,secondNumber=307}  written to file by thread pool-3-thread-2
 message  {Id=df90eb9e-e125-4194-afbe-df037af8f760,FirstNumber=929,secondNumber=476}  added by thread pool-3-thread-6
 message  {Id=df90eb9e-e125-4194-afbe-df037af8f760,FirstNumber=929,secondNumber=476}  written to file by thread pool-3-thread-2
 message  {Id=6d0913c3-fff9-4dec-a88b-80e0c4a154ea,FirstNumber=496,secondNumber=173}  added by thread pool-3-thread-6
 message  {Id=6d0913c3-fff9-4dec-a88b-80e0c4a154ea,FirstNumber=496,secondNumber=173}  written to file by thread pool-3-thread-1
 message  {Id=90e2f1b2-8344-43e3-bf30-2aadc432c26a,FirstNumber=815,secondNumber=1767}  added by thread pool-3-thread-6
 message  {Id=90e2f1b2-8344-43e3-bf30-2aadc432c26a,FirstNumber=815,secondNumber=1767}  written to file by thread pool-3-thread-4
 message  {Id=4ffb30d3-e9f6-4954-a4cb-e0e2475ec9b8,FirstNumber=437,secondNumber=1460}  added by thread pool-3-thread-6
 message  {Id=4ffb30d3-e9f6-4954-a4cb-e0e2475ec9b8,FirstNumber=437,secondNumber=1460}  written to file by thread pool-3-thread-3
 message  {Id=8198a051-44b0-4654-b678-5be306c91f39,FirstNumber=824,secondNumber=383}  added by thread pool-3-thread-6
 message  {Id=8198a051-44b0-4654-b678-5be306c91f39,FirstNumber=824,secondNumber=383}  written to file by thread pool-3-thread-3
 message  {Id=06311b19-53ed-4f6e-b8c2-3c4e9605ef85,FirstNumber=867,secondNumber=111}  added by thread pool-3-thread-6
 message  {Id=06311b19-53ed-4f6e-b8c2-3c4e9605ef85,FirstNumber=867,secondNumber=111}  written to file by thread pool-3-thread-2
 message  {Id=d1ec0f0c-480d-4060-bb08-b735635ad75e,FirstNumber=813,secondNumber=1512}  added by thread pool-3-thread-6
 message  {Id=d1ec0f0c-480d-4060-bb08-b735635ad75e,FirstNumber=813,secondNumber=1512}  written to file by thread pool-3-thread-2
 message  {Id=edd1cd0a-4163-413c-ad8f-a2da0827e675,FirstNumber=926,secondNumber=576}  added by thread pool-3-thread-6
 message  {Id=edd1cd0a-4163-413c-ad8f-a2da0827e675,FirstNumber=926,secondNumber=576}  written to file by thread pool-3-thread-4
 message  {Id=5127b8d1-b7be-4808-bf78-cb5142f7d13a,FirstNumber=410,secondNumber=1873}  added by thread pool-3-thread-6
 message  {Id=5127b8d1-b7be-4808-bf78-cb5142f7d13a,FirstNumber=410,secondNumber=1873}  written to file by thread pool-3-thread-4
 message  {Id=c6dd2c57-8474-4c3b-86e6-6a7ed0fbe7b9,FirstNumber=957,secondNumber=29}  added by thread pool-3-thread-6
 message  {Id=c6dd2c57-8474-4c3b-86e6-6a7ed0fbe7b9,FirstNumber=957,secondNumber=29}  written to file by thread pool-3-thread-3
 message  {Id=538fc442-80bd-4e3b-851f-11148335da0e,FirstNumber=273,secondNumber=215}  added by thread pool-3-thread-6
 message  {Id=538fc442-80bd-4e3b-851f-11148335da0e,FirstNumber=273,secondNumber=215}  written to file by thread pool-3-thread-1
 message  {Id=0f5b79a9-b39a-4402-a9d8-50b0dfb8b5e3,FirstNumber=963,secondNumber=842}  added by thread pool-3-thread-6
 message  {Id=0f5b79a9-b39a-4402-a9d8-50b0dfb8b5e3,FirstNumber=963,secondNumber=842}  written to file by thread pool-3-thread-1
 message  {Id=bcb8889c-c07b-480e-bf7e-2fe326d6195e,FirstNumber=7,secondNumber=919}  added by thread pool-3-thread-6
 message  {Id=bcb8889c-c07b-480e-bf7e-2fe326d6195e,FirstNumber=7,secondNumber=919}  written to file by thread pool-3-thread-5
 message  {Id=b56b4d12-d024-4b1e-8c24-8afa3e165235,FirstNumber=353,secondNumber=1415}  added by thread pool-3-thread-6
 message  {Id=b56b4d12-d024-4b1e-8c24-8afa3e165235,FirstNumber=353,secondNumber=1415}  written to file by thread pool-3-thread-5
 message  {Id=eeeb8028-56e4-4fcc-a88c-87b62108978c,FirstNumber=96,secondNumber=1845}  added by thread pool-3-thread-6
 message  {Id=eeeb8028-56e4-4fcc-a88c-87b62108978c,FirstNumber=96,secondNumber=1845}  written to file by thread pool-3-thread-3
 message  {Id=96b6338d-5922-49b7-9017-5ad61f13dc0f,FirstNumber=720,secondNumber=1121}  added by thread pool-3-thread-6
 message  {Id=96b6338d-5922-49b7-9017-5ad61f13dc0f,FirstNumber=720,secondNumber=1121}  written to file by thread pool-3-thread-2
 message  {Id=58471924-d5b7-44bd-b48e-901fc85038b0,FirstNumber=574,secondNumber=1440}  added by thread pool-3-thread-6
 message  {Id=58471924-d5b7-44bd-b48e-901fc85038b0,FirstNumber=574,secondNumber=1440}  written to file by thread pool-3-thread-2
 message  {Id=85bad8d7-cbc3-4c65-952d-87f358aec412,FirstNumber=5,secondNumber=1646}  added by thread pool-3-thread-6
 message  {Id=85bad8d7-cbc3-4c65-952d-87f358aec412,FirstNumber=5,secondNumber=1646}  written to file by thread pool-3-thread-4
 message  {Id=fdfa3a9b-15ed-48a7-a24c-aa63252d7503,FirstNumber=119,secondNumber=137}  added by thread pool-3-thread-6
 message  {Id=fdfa3a9b-15ed-48a7-a24c-aa63252d7503,FirstNumber=119,secondNumber=137}  written to file by thread pool-3-thread-5
 message  {Id=01f88e15-5003-4a7f-a7c9-306f9c38617b,FirstNumber=874,secondNumber=974}  added by thread pool-3-thread-6
 message  {Id=01f88e15-5003-4a7f-a7c9-306f9c38617b,FirstNumber=874,secondNumber=974}  written to file by thread pool-3-thread-3
 message  {Id=668371a2-c9d2-4112-bfca-4dda6cd39251,FirstNumber=545,secondNumber=936}  added by thread pool-3-thread-6
 message  {Id=668371a2-c9d2-4112-bfca-4dda6cd39251,FirstNumber=545,secondNumber=936}  written to file by thread pool-3-thread-1
 message  {Id=41c4f406-067e-4564-bdbb-03e962df1604,FirstNumber=53,secondNumber=284}  written to file by thread pool-3-thread-2
 message  {Id=41c4f406-067e-4564-bdbb-03e962df1604,FirstNumber=53,secondNumber=284}  added by thread pool-3-thread-6
 message  {Id=3f74413b-d18f-410f-8860-a5e7eddc30e3,FirstNumber=308,secondNumber=455}  added by thread pool-3-thread-6
 message  {Id=3f74413b-d18f-410f-8860-a5e7eddc30e3,FirstNumber=308,secondNumber=455}  written to file by thread pool-3-thread-4
 message  {Id=63bdca57-0e32-449e-8b08-c23c04cb1e24,FirstNumber=458,secondNumber=980}  added by thread pool-3-thread-6
 message  {Id=63bdca57-0e32-449e-8b08-c23c04cb1e24,FirstNumber=458,secondNumber=980}  written to file by thread pool-3-thread-4
 message  {Id=25e760ae-294e-452d-904c-97c7df6e711a,FirstNumber=41,secondNumber=1736}  added by thread pool-3-thread-6
 message  {Id=25e760ae-294e-452d-904c-97c7df6e711a,FirstNumber=41,secondNumber=1736}  written to file by thread pool-3-thread-3
 message  {Id=f400f81a-9b83-471c-b5f8-2c7ad6405b8c,FirstNumber=786,secondNumber=1084}  added by thread pool-3-thread-6
 message  {Id=f400f81a-9b83-471c-b5f8-2c7ad6405b8c,FirstNumber=786,secondNumber=1084}  written to file by thread pool-3-thread-3
 message  {Id=729d8424-8017-44f5-a7ca-36b094a6b963,FirstNumber=80,secondNumber=1833}  added by thread pool-3-thread-6
 message  {Id=729d8424-8017-44f5-a7ca-36b094a6b963,FirstNumber=80,secondNumber=1833}  written to file by thread pool-3-thread-2
 message  {Id=7490627d-fbe7-48eb-94da-8135043ea597,FirstNumber=637,secondNumber=1590}  added by thread pool-3-thread-6
 message  {Id=7490627d-fbe7-48eb-94da-8135043ea597,FirstNumber=637,secondNumber=1590}  written to file by thread pool-3-thread-5
 message  {Id=6d1efbd1-f887-4e5d-a67d-92a61d9465fe,FirstNumber=116,secondNumber=1933}  added by thread pool-3-thread-6
 message  {Id=6d1efbd1-f887-4e5d-a67d-92a61d9465fe,FirstNumber=116,secondNumber=1933}  written to file by thread pool-3-thread-4
 message  {Id=cf84047f-175f-4918-8c36-b2035b42b8d5,FirstNumber=752,secondNumber=1107}  added by thread pool-3-thread-6
 message  {Id=cf84047f-175f-4918-8c36-b2035b42b8d5,FirstNumber=752,secondNumber=1107}  written to file by thread pool-3-thread-1
 message  {Id=8c00706a-1794-49d6-8395-cfbf6556c073,FirstNumber=980,secondNumber=154}  added by thread pool-3-thread-6
 message  {Id=8c00706a-1794-49d6-8395-cfbf6556c073,FirstNumber=980,secondNumber=154}  written to file by thread pool-3-thread-1
 message  {Id=bdeaba0e-d555-4613-bca0-a9ee1383dfee,FirstNumber=401,secondNumber=1944}  added by thread pool-3-thread-6
 message  {Id=bdeaba0e-d555-4613-bca0-a9ee1383dfee,FirstNumber=401,secondNumber=1944}  written to file by thread pool-3-thread-2
 message  {Id=3d102c97-200a-4254-a68c-b0a44aa5250d,FirstNumber=290,secondNumber=774}  added by thread pool-3-thread-6
 message  {Id=3d102c97-200a-4254-a68c-b0a44aa5250d,FirstNumber=290,secondNumber=774}  written to file by thread pool-3-thread-2
 message  {Id=54b9118d-cfe0-4294-af13-b8d4eba2b05b,FirstNumber=64,secondNumber=664}  added by thread pool-3-thread-6
 message  {Id=54b9118d-cfe0-4294-af13-b8d4eba2b05b,FirstNumber=64,secondNumber=664}  written to file by thread pool-3-thread-4
 message  {Id=ca94867a-d211-407c-a265-40d3ab537005,FirstNumber=315,secondNumber=1353}  added by thread pool-3-thread-6
 message  {Id=ca94867a-d211-407c-a265-40d3ab537005,FirstNumber=315,secondNumber=1353}  written to file by thread pool-3-thread-4
 message  {Id=896a132d-ebb8-4710-afdf-2b05d149365a,FirstNumber=169,secondNumber=678}  added by thread pool-3-thread-6
 message  {Id=896a132d-ebb8-4710-afdf-2b05d149365a,FirstNumber=169,secondNumber=678}  written to file by thread pool-3-thread-1
 message  {Id=3182fb6c-5f32-4ae6-8f57-7769ea7d7874,FirstNumber=340,secondNumber=1990}  added by thread pool-3-thread-6
 message  {Id=3182fb6c-5f32-4ae6-8f57-7769ea7d7874,FirstNumber=340,secondNumber=1990}  written to file by thread pool-3-thread-5
 message  {Id=aa18a7e8-615d-4282-8b6d-3b7d489a97dc,FirstNumber=919,secondNumber=1896}  added by thread pool-3-thread-6
 message  {Id=aa18a7e8-615d-4282-8b6d-3b7d489a97dc,FirstNumber=919,secondNumber=1896}  written to file by thread pool-3-thread-2
 message  {Id=c1de9ac0-20dd-4158-8a82-89201383c7f9,FirstNumber=557,secondNumber=1497}  added by thread pool-3-thread-6
 message  {Id=c1de9ac0-20dd-4158-8a82-89201383c7f9,FirstNumber=557,secondNumber=1497}  written to file by thread pool-3-thread-2
 message  {Id=bffca6d8-2726-43c3-be3a-1366117e999f,FirstNumber=327,secondNumber=867}  added by thread pool-3-thread-6
 message  {Id=bffca6d8-2726-43c3-be3a-1366117e999f,FirstNumber=327,secondNumber=867}  written to file by thread pool-3-thread-4
 message  {Id=58803bf0-8388-41f7-9147-b8d052a2047e,FirstNumber=672,secondNumber=77}  added by thread pool-3-thread-6
 message  {Id=58803bf0-8388-41f7-9147-b8d052a2047e,FirstNumber=672,secondNumber=77}  written to file by thread pool-3-thread-1
 message  {Id=fc5b00e3-b081-420f-bb39-257e2097de0a,FirstNumber=578,secondNumber=1123}  added by thread pool-3-thread-6
 message  {Id=fc5b00e3-b081-420f-bb39-257e2097de0a,FirstNumber=578,secondNumber=1123}  written to file by thread pool-3-thread-1
 message  {Id=26c9ee26-8d84-48fd-9741-bfd3719bd70f,FirstNumber=637,secondNumber=1959}  added by thread pool-3-thread-6
 message  {Id=26c9ee26-8d84-48fd-9741-bfd3719bd70f,FirstNumber=637,secondNumber=1959}  written to file by thread pool-3-thread-3
 message  {Id=20ba03b5-3674-40aa-ad34-4e2c8d8df129,FirstNumber=287,secondNumber=1685}  added by thread pool-3-thread-6
 message  {Id=20ba03b5-3674-40aa-ad34-4e2c8d8df129,FirstNumber=287,secondNumber=1685}  written to file by thread pool-3-thread-3
 message  {Id=48a6cc24-53ba-4f14-ba8b-00bf77248098,FirstNumber=279,secondNumber=1364}  added by thread pool-3-thread-6
 message  {Id=48a6cc24-53ba-4f14-ba8b-00bf77248098,FirstNumber=279,secondNumber=1364}  written to file by thread pool-3-thread-3
 message  {Id=7f7b49f5-2a99-4856-86bf-b5c67ac36ff3,FirstNumber=517,secondNumber=125}  added by thread pool-3-thread-6
 message  {Id=7f7b49f5-2a99-4856-86bf-b5c67ac36ff3,FirstNumber=517,secondNumber=125}  written to file by thread pool-3-thread-5
 message  {Id=4724c80f-0fa8-478f-8575-83f51aeee0be,FirstNumber=168,secondNumber=1933}  added by thread pool-3-thread-6
 message  {Id=4724c80f-0fa8-478f-8575-83f51aeee0be,FirstNumber=168,secondNumber=1933}  written to file by thread pool-3-thread-5
 message  {Id=99451a30-32d9-444a-ad8e-3f4e55a90574,FirstNumber=542,secondNumber=820}  added by thread pool-3-thread-6
 message  {Id=99451a30-32d9-444a-ad8e-3f4e55a90574,FirstNumber=542,secondNumber=820}  written to file by thread pool-3-thread-2
 message  {Id=6a23d123-f14c-4b50-b029-3b06aab29914,FirstNumber=924,secondNumber=342}  added by thread pool-3-thread-6
 message  {Id=6a23d123-f14c-4b50-b029-3b06aab29914,FirstNumber=924,secondNumber=342}  written to file by thread pool-3-thread-4
 message  {Id=4425ee40-7632-4829-800b-901e5840de20,FirstNumber=114,secondNumber=522}  added by thread pool-3-thread-6
 message  {Id=4425ee40-7632-4829-800b-901e5840de20,FirstNumber=114,secondNumber=522}  written to file by thread pool-3-thread-3
 message  {Id=1659f629-fbf7-4f14-b191-965fe9894aa2,FirstNumber=50,secondNumber=791}  added by thread pool-3-thread-6
 message  {Id=1659f629-fbf7-4f14-b191-965fe9894aa2,FirstNumber=50,secondNumber=791}  written to file by thread pool-3-thread-3
 message  {Id=70b7868b-872b-4a21-a3e5-157c1cb63e69,FirstNumber=636,secondNumber=418}  added by thread pool-3-thread-6
 message  {Id=70b7868b-872b-4a21-a3e5-157c1cb63e69,FirstNumber=636,secondNumber=418}  written to file by thread pool-3-thread-5
 message  {Id=0daedd74-3544-41b8-be23-10d9ef28c1cb,FirstNumber=770,secondNumber=1684}  added by thread pool-3-thread-6
 message  {Id=0daedd74-3544-41b8-be23-10d9ef28c1cb,FirstNumber=770,secondNumber=1684}  written to file by thread pool-3-thread-2
 message  {Id=63033bdd-6b6e-45a0-b6b5-104f2a2ab8e4,FirstNumber=505,secondNumber=576}  added by thread pool-3-thread-6
 message  {Id=63033bdd-6b6e-45a0-b6b5-104f2a2ab8e4,FirstNumber=505,secondNumber=576}  written to file by thread pool-3-thread-4
 message  {Id=244fbf32-f17f-4a16-9127-a3d99fb3ce76,FirstNumber=308,secondNumber=1116}  added by thread pool-3-thread-6
 message  {Id=244fbf32-f17f-4a16-9127-a3d99fb3ce76,FirstNumber=308,secondNumber=1116}  written to file by thread pool-3-thread-1
 message  {Id=1b0dfc5e-cb96-4536-a27f-0d2638be0eab,FirstNumber=641,secondNumber=432}  added by thread pool-3-thread-6
 message  {Id=1b0dfc5e-cb96-4536-a27f-0d2638be0eab,FirstNumber=641,secondNumber=432}  written to file by thread pool-3-thread-3
 message  {Id=26dc8cc8-8bd3-4c4f-b31e-d07e2d35eb1a,FirstNumber=641,secondNumber=515}  added by thread pool-3-thread-6
 message  {Id=26dc8cc8-8bd3-4c4f-b31e-d07e2d35eb1a,FirstNumber=641,secondNumber=515}  written to file by thread pool-3-thread-3
 message  {Id=22eb721b-979e-4489-be4a-26eb938d7311,FirstNumber=537,secondNumber=165}  added by thread pool-3-thread-6
 message  {Id=22eb721b-979e-4489-be4a-26eb938d7311,FirstNumber=537,secondNumber=165}  written to file by thread pool-3-thread-2
 message  {Id=0fddc1f5-86a0-48d5-99ca-6ca0abc3c8f2,FirstNumber=981,secondNumber=1106}  added by thread pool-3-thread-6
 message  {Id=0fddc1f5-86a0-48d5-99ca-6ca0abc3c8f2,FirstNumber=981,secondNumber=1106}  written to file by thread pool-3-thread-2
 message  {Id=0c3dcb0e-77dc-432b-82de-75a19c43ab2e,FirstNumber=396,secondNumber=947}  added by thread pool-3-thread-6
 message  {Id=0c3dcb0e-77dc-432b-82de-75a19c43ab2e,FirstNumber=396,secondNumber=947}  written to file by thread pool-3-thread-1
 message  {Id=123eab9f-d586-4a63-9157-0e06362ddc1f,FirstNumber=584,secondNumber=245}  added by thread pool-3-thread-6
 message  {Id=123eab9f-d586-4a63-9157-0e06362ddc1f,FirstNumber=584,secondNumber=245}  written to file by thread pool-3-thread-1
 message  {Id=eb37756f-4d22-484c-9b1a-08edd3f855c1,FirstNumber=411,secondNumber=954}  added by thread pool-3-thread-6
 message  {Id=eb37756f-4d22-484c-9b1a-08edd3f855c1,FirstNumber=411,secondNumber=954}  written to file by thread pool-3-thread-3
 message  {Id=985da9ee-6d32-4a6e-aab7-0c31bb9c87c0,FirstNumber=858,secondNumber=44}  added by thread pool-3-thread-6
 message  {Id=985da9ee-6d32-4a6e-aab7-0c31bb9c87c0,FirstNumber=858,secondNumber=44}  written to file by thread pool-3-thread-4
 message  {Id=880d85ec-39e7-413a-970f-a48e809f988f,FirstNumber=873,secondNumber=806}  added by thread pool-3-thread-6
 message  {Id=880d85ec-39e7-413a-970f-a48e809f988f,FirstNumber=873,secondNumber=806}  written to file by thread pool-3-thread-4
 message  {Id=461c03fb-d114-4a05-a8d0-524acd57ffad,FirstNumber=390,secondNumber=1119}  added by thread pool-3-thread-6
 message  {Id=461c03fb-d114-4a05-a8d0-524acd57ffad,FirstNumber=390,secondNumber=1119}  written to file by thread pool-3-thread-5
 message  {Id=e57bbc07-d8f2-4146-863d-9058096a980c,FirstNumber=240,secondNumber=329}  added by thread pool-3-thread-6
 message  {Id=e57bbc07-d8f2-4146-863d-9058096a980c,FirstNumber=240,secondNumber=329}  written to file by thread pool-3-thread-1
 message  {Id=d3969174-6596-442b-b86d-8531a45c1b76,FirstNumber=585,secondNumber=1250}  added by thread pool-3-thread-6
 message  {Id=d3969174-6596-442b-b86d-8531a45c1b76,FirstNumber=585,secondNumber=1250}  written to file by thread pool-3-thread-3
 message  {Id=838355ba-d620-424b-8553-9188a9e033cb,FirstNumber=840,secondNumber=576}  added by thread pool-3-thread-6
 message  {Id=838355ba-d620-424b-8553-9188a9e033cb,FirstNumber=840,secondNumber=576}  written to file by thread pool-3-thread-2
 message  {Id=c4e32a54-6329-47b5-9c8f-4f2890c56c9c,FirstNumber=180,secondNumber=1773}  added by thread pool-3-thread-6
 message  {Id=c4e32a54-6329-47b5-9c8f-4f2890c56c9c,FirstNumber=180,secondNumber=1773}  written to file by thread pool-3-thread-4
 message  {Id=b29dbd8f-ab54-45dd-b3c6-2138509bb91a,FirstNumber=813,secondNumber=279}  added by thread pool-3-thread-6
 message  {Id=b29dbd8f-ab54-45dd-b3c6-2138509bb91a,FirstNumber=813,secondNumber=279}  written to file by thread pool-3-thread-5
 message  {Id=749b28c6-48cd-4467-af21-6516d335057c,FirstNumber=505,secondNumber=1096}  added by thread pool-3-thread-6
 message  {Id=749b28c6-48cd-4467-af21-6516d335057c,FirstNumber=505,secondNumber=1096}  written to file by thread pool-3-thread-1
 message  {Id=03a6bf2d-97e2-409a-aa47-90e11e098801,FirstNumber=443,secondNumber=591}  added by thread pool-3-thread-6
 message  {Id=03a6bf2d-97e2-409a-aa47-90e11e098801,FirstNumber=443,secondNumber=591}  written to file by thread pool-3-thread-3
 message  {Id=db93efd6-5c8f-45ef-924e-82d0d2c61e17,FirstNumber=507,secondNumber=1489}  added by thread pool-3-thread-6
 message  {Id=db93efd6-5c8f-45ef-924e-82d0d2c61e17,FirstNumber=507,secondNumber=1489}  written to file by thread pool-3-thread-2
 message  {Id=14fc66d5-08e7-4fa8-81f0-7242bff571ab,FirstNumber=200,secondNumber=882}  added by thread pool-3-thread-6
 message  {Id=14fc66d5-08e7-4fa8-81f0-7242bff571ab,FirstNumber=200,secondNumber=882}  written to file by thread pool-3-thread-4
 message  {Id=0b4d9ea8-1753-4224-96ed-add28a327615,FirstNumber=525,secondNumber=999}  added by thread pool-3-thread-6
 message  {Id=0b4d9ea8-1753-4224-96ed-add28a327615,FirstNumber=525,secondNumber=999}  written to file by thread pool-3-thread-5
 message  {Id=f2835ea1-7cd3-4c64-befa-1b7faf660608,FirstNumber=186,secondNumber=1164}  added by thread pool-3-thread-6
 message  {Id=f2835ea1-7cd3-4c64-befa-1b7faf660608,FirstNumber=186,secondNumber=1164}  written to file by thread pool-3-thread-1
 message  {Id=b7fa32b2-905c-4e05-bad0-dd8c2af27f39,FirstNumber=685,secondNumber=1363}  added by thread pool-3-thread-6
 message  {Id=b7fa32b2-905c-4e05-bad0-dd8c2af27f39,FirstNumber=685,secondNumber=1363}  written to file by thread pool-3-thread-3
 message  {Id=620fed46-aea3-421a-973f-28cbb8702f1f,FirstNumber=569,secondNumber=255}  added by thread pool-3-thread-6
 message  {Id=620fed46-aea3-421a-973f-28cbb8702f1f,FirstNumber=569,secondNumber=255}  written to file by thread pool-3-thread-2
 message  {Id=b7643ead-44a3-4843-b07d-0fb713b1fbb8,FirstNumber=255,secondNumber=1762}  added by thread pool-3-thread-6
 message  {Id=b7643ead-44a3-4843-b07d-0fb713b1fbb8,FirstNumber=255,secondNumber=1762}  written to file by thread pool-3-thread-2
 message  {Id=dfbe3ff5-2f20-4e34-a942-152f679a1d0e,FirstNumber=645,secondNumber=456}  added by thread pool-3-thread-6
 message  {Id=dfbe3ff5-2f20-4e34-a942-152f679a1d0e,FirstNumber=645,secondNumber=456}  written to file by thread pool-3-thread-5
 message  {Id=b7fbda51-1c59-4494-9485-3c70b6b63949,FirstNumber=73,secondNumber=1306}  added by thread pool-3-thread-6
 message  {Id=b7fbda51-1c59-4494-9485-3c70b6b63949,FirstNumber=73,secondNumber=1306}  written to file by thread pool-3-thread-1
 message  {Id=77d07513-917d-48de-a032-4a2d1baf6802,FirstNumber=531,secondNumber=1486}  added by thread pool-3-thread-6
 message  {Id=77d07513-917d-48de-a032-4a2d1baf6802,FirstNumber=531,secondNumber=1486}  written to file by thread pool-3-thread-3
 message  {Id=9b66ade8-7e19-48b0-be68-142000487f44,FirstNumber=198,secondNumber=169}  added by thread pool-3-thread-6
 message  {Id=9b66ade8-7e19-48b0-be68-142000487f44,FirstNumber=198,secondNumber=169}  written to file by thread pool-3-thread-4
 message  {Id=260d283e-d193-46cf-b40b-687a39550518,FirstNumber=235,secondNumber=1895}  added by thread pool-3-thread-6
 message  {Id=260d283e-d193-46cf-b40b-687a39550518,FirstNumber=235,secondNumber=1895}  written to file by thread pool-3-thread-4
 message  {Id=61394a86-ebe7-4db3-bee6-2a3f93bf9148,FirstNumber=930,secondNumber=68}  added by thread pool-3-thread-6
 message  {Id=61394a86-ebe7-4db3-bee6-2a3f93bf9148,FirstNumber=930,secondNumber=68}  written to file by thread pool-3-thread-5
 message  {Id=5573d096-324d-4a5c-989f-762f9d5be318,FirstNumber=163,secondNumber=645}  added by thread pool-3-thread-6
 message  {Id=5573d096-324d-4a5c-989f-762f9d5be318,FirstNumber=163,secondNumber=645}  written to file by thread pool-3-thread-1
 message  {Id=9616a518-7055-40cb-b99e-613ce37caf41,FirstNumber=461,secondNumber=1050}  added by thread pool-3-thread-6
 message  {Id=9616a518-7055-40cb-b99e-613ce37caf41,FirstNumber=461,secondNumber=1050}  written to file by thread pool-3-thread-3
 message  {Id=0aa149f8-e8ce-4667-9c8d-9829b365b897,FirstNumber=942,secondNumber=911}  added by thread pool-3-thread-6
 message  {Id=0aa149f8-e8ce-4667-9c8d-9829b365b897,FirstNumber=942,secondNumber=911}  written to file by thread pool-3-thread-2
 message  {Id=8e694530-658b-4fbd-9b44-8849d573b3d3,FirstNumber=473,secondNumber=870}  added by thread pool-3-thread-6
 message  {Id=8e694530-658b-4fbd-9b44-8849d573b3d3,FirstNumber=473,secondNumber=870}  written to file by thread pool-3-thread-2
 message  {Id=a392022e-37dd-4e7c-ad1d-a4197b7e50fe,FirstNumber=369,secondNumber=1226}  added by thread pool-3-thread-6
 message  {Id=a392022e-37dd-4e7c-ad1d-a4197b7e50fe,FirstNumber=369,secondNumber=1226}  written to file by thread pool-3-thread-5
 message  {Id=55bb1b88-a4ec-436b-b528-676b62293e37,FirstNumber=257,secondNumber=1077}  added by thread pool-3-thread-6
 message  {Id=55bb1b88-a4ec-436b-b528-676b62293e37,FirstNumber=257,secondNumber=1077}  written to file by thread pool-3-thread-5
 message  {Id=fa3b3bd2-1dce-411c-98a2-fbfb17caf918,FirstNumber=877,secondNumber=1305}  added by thread pool-3-thread-6
 message  {Id=fa3b3bd2-1dce-411c-98a2-fbfb17caf918,FirstNumber=877,secondNumber=1305}  written to file by thread pool-3-thread-3
 message  {Id=e13890ae-23f7-444a-8699-86c4bbb82d7e,FirstNumber=546,secondNumber=1044}  added by thread pool-3-thread-6
 message  {Id=e13890ae-23f7-444a-8699-86c4bbb82d7e,FirstNumber=546,secondNumber=1044}  written to file by thread pool-3-thread-3
 message  {Id=842eb139-c006-48fa-b62c-7f1bc033ef32,FirstNumber=345,secondNumber=391}  added by thread pool-3-thread-6
 message  {Id=842eb139-c006-48fa-b62c-7f1bc033ef32,FirstNumber=345,secondNumber=391}  written to file by thread pool-3-thread-2
 message  {Id=e00a8187-b896-42f6-8c37-4fa5309fa7db,FirstNumber=751,secondNumber=1667}  added by thread pool-3-thread-6
 message  {Id=e00a8187-b896-42f6-8c37-4fa5309fa7db,FirstNumber=751,secondNumber=1667}  written to file by thread pool-3-thread-1
 message  {Id=b68f820f-8111-4788-ac32-0ddf8c60274c,FirstNumber=121,secondNumber=1930}  added by thread pool-3-thread-6
 message  {Id=b68f820f-8111-4788-ac32-0ddf8c60274c,FirstNumber=121,secondNumber=1930}  written to file by thread pool-3-thread-5
 message  {Id=408606c1-ef91-4eb5-b97c-caa8edb86412,FirstNumber=44,secondNumber=246}  added by thread pool-3-thread-6
 message  {Id=408606c1-ef91-4eb5-b97c-caa8edb86412,FirstNumber=44,secondNumber=246}  written to file by thread pool-3-thread-4
 message  {Id=e2bb3b81-3dd7-4617-a7de-87694d853eca,FirstNumber=627,secondNumber=1052}  added by thread pool-3-thread-6
 message  {Id=e2bb3b81-3dd7-4617-a7de-87694d853eca,FirstNumber=627,secondNumber=1052}  written to file by thread pool-3-thread-3
 message  {Id=42001a40-1172-4375-8cb9-9087501907c6,FirstNumber=857,secondNumber=1088}  added by thread pool-3-thread-6
 message  {Id=42001a40-1172-4375-8cb9-9087501907c6,FirstNumber=857,secondNumber=1088}  written to file by thread pool-3-thread-3
 message  {Id=3d3521d3-5b25-4560-9913-d7d524a7573e,FirstNumber=280,secondNumber=803}  added by thread pool-3-thread-6
 message  {Id=3d3521d3-5b25-4560-9913-d7d524a7573e,FirstNumber=280,secondNumber=803}  written to file by thread pool-3-thread-1
 message  {Id=e11e5d0d-071d-41e5-9d7e-d112d8d7873a,FirstNumber=717,secondNumber=1748}  added by thread pool-3-thread-6
 message  {Id=e11e5d0d-071d-41e5-9d7e-d112d8d7873a,FirstNumber=717,secondNumber=1748}  written to file by thread pool-3-thread-5
 message  {Id=58092e36-a43f-4242-b5a6-5b7eedde7dc9,FirstNumber=235,secondNumber=249}  added by thread pool-3-thread-6
 message  {Id=58092e36-a43f-4242-b5a6-5b7eedde7dc9,FirstNumber=235,secondNumber=249}  written to file by thread pool-3-thread-4
 message  {Id=62668296-6e08-457f-a97f-d2ff52724eff,FirstNumber=735,secondNumber=1859}  added by thread pool-3-thread-6
 message  {Id=0a2074f1-0e5a-4d8c-883e-7ae59129afe2,FirstNumber=685,secondNumber=637}  added by thread pool-3-thread-6
 message  {Id=62668296-6e08-457f-a97f-d2ff52724eff,FirstNumber=735,secondNumber=1859}  written to file by thread pool-3-thread-2
 message  {Id=035fd901-bc3f-41b5-939f-8ed838ffa712,FirstNumber=100,secondNumber=597}  added by thread pool-3-thread-6
 message  {Id=0a2074f1-0e5a-4d8c-883e-7ae59129afe2,FirstNumber=685,secondNumber=637}  written to file by thread pool-3-thread-3
 message  {Id=035fd901-bc3f-41b5-939f-8ed838ffa712,FirstNumber=100,secondNumber=597}  written to file by thread pool-3-thread-1
 message  {Id=caf9c800-0974-49ca-8615-49cc0d3f18b6,FirstNumber=407,secondNumber=118}  added by thread pool-3-thread-6
 message  {Id=caf9c800-0974-49ca-8615-49cc0d3f18b6,FirstNumber=407,secondNumber=118}  written to file by thread pool-3-thread-5
 message  {Id=22d3e6ef-7da0-479b-ba10-fa409026a4e4,FirstNumber=433,secondNumber=137}  added by thread pool-3-thread-6
 message  {Id=cb4c9f37-fd92-4e1e-8e75-1d6dbb5e8114,FirstNumber=241,secondNumber=909}  added by thread pool-3-thread-6
 message  {Id=22d3e6ef-7da0-479b-ba10-fa409026a4e4,FirstNumber=433,secondNumber=137}  written to file by thread pool-3-thread-4
 message  {Id=291949fe-b61d-41ea-a8ea-98be2ef117f8,FirstNumber=784,secondNumber=1757}  added by thread pool-3-thread-6
 message  {Id=cb4c9f37-fd92-4e1e-8e75-1d6dbb5e8114,FirstNumber=241,secondNumber=909}  written to file by thread pool-3-thread-2
 message  {Id=291949fe-b61d-41ea-a8ea-98be2ef117f8,FirstNumber=784,secondNumber=1757}  written to file by thread pool-3-thread-3
 message  {Id=8735702c-cf59-469d-a8c2-cf744fff7621,FirstNumber=411,secondNumber=863}  added by thread pool-3-thread-6
 message  {Id=8735702c-cf59-469d-a8c2-cf744fff7621,FirstNumber=411,secondNumber=863}  written to file by thread pool-3-thread-1
 message  {Id=0761a89b-e5fe-43ed-96f6-4a0ca6ccb5c6,FirstNumber=400,secondNumber=1322}  added by thread pool-3-thread-6
 message  {Id=0761a89b-e5fe-43ed-96f6-4a0ca6ccb5c6,FirstNumber=400,secondNumber=1322}  written to file by thread pool-3-thread-5
 message  {Id=ae7a1605-c9c3-441f-ae69-cc4b21df66c4,FirstNumber=22,secondNumber=1045}  added by thread pool-3-thread-6
 message  {Id=ae7a1605-c9c3-441f-ae69-cc4b21df66c4,FirstNumber=22,secondNumber=1045}  written to file by thread pool-3-thread-5
 message  {Id=c5d83502-be71-408d-acdf-70c90701e086,FirstNumber=290,secondNumber=1496}  added by thread pool-3-thread-6
 message  {Id=c5d83502-be71-408d-acdf-70c90701e086,FirstNumber=290,secondNumber=1496}  written to file by thread pool-3-thread-2
 message  {Id=296c413c-fd3c-412b-b75b-f90e74fade49,FirstNumber=908,secondNumber=1647}  added by thread pool-3-thread-6
 message  {Id=296c413c-fd3c-412b-b75b-f90e74fade49,FirstNumber=908,secondNumber=1647}  written to file by thread pool-3-thread-2
 message  {Id=b01c0fab-4ea9-45da-a419-c85911d3e52c,FirstNumber=172,secondNumber=1347}  added by thread pool-3-thread-6
 message  {Id=b01c0fab-4ea9-45da-a419-c85911d3e52c,FirstNumber=172,secondNumber=1347}  written to file by thread pool-3-thread-1
 message  {Id=3b1e57e3-3fb0-4de1-af94-f8f9ffe37ea0,FirstNumber=129,secondNumber=588}  added by thread pool-3-thread-6
 message  {Id=3b1e57e3-3fb0-4de1-af94-f8f9ffe37ea0,FirstNumber=129,secondNumber=588}  written to file by thread pool-3-thread-1
 message  {Id=214353e8-f83d-40d3-828d-b153188bcf6b,FirstNumber=682,secondNumber=619}  added by thread pool-3-thread-6
 message  {Id=214353e8-f83d-40d3-828d-b153188bcf6b,FirstNumber=682,secondNumber=619}  written to file by thread pool-3-thread-5
 message  {Id=bf386053-ed87-45be-af54-b4c8b58fd191,FirstNumber=168,secondNumber=932}  added by thread pool-3-thread-6
 message  {Id=bf386053-ed87-45be-af54-b4c8b58fd191,FirstNumber=168,secondNumber=932}  written to file by thread pool-3-thread-3
 message  {Id=b023793a-6b3c-4a5b-9f6e-cfba1abe3b63,FirstNumber=64,secondNumber=1496}  added by thread pool-3-thread-6
 message  {Id=b023793a-6b3c-4a5b-9f6e-cfba1abe3b63,FirstNumber=64,secondNumber=1496}  written to file by thread pool-3-thread-2
 message  {Id=23ff0155-fc7a-4be3-a5bf-3877285dda96,FirstNumber=678,secondNumber=1907}  added by thread pool-3-thread-6
 message  {Id=23ff0155-fc7a-4be3-a5bf-3877285dda96,FirstNumber=678,secondNumber=1907}  written to file by thread pool-3-thread-4
 message  {Id=e1e13823-fbe0-4e90-9e8e-884abccb96e5,FirstNumber=670,secondNumber=1627}  added by thread pool-3-thread-6
 message  {Id=e1e13823-fbe0-4e90-9e8e-884abccb96e5,FirstNumber=670,secondNumber=1627}  written to file by thread pool-3-thread-1
 message  {Id=76a85ce5-bd80-4b9c-9949-8b9b81271e80,FirstNumber=843,secondNumber=73}  added by thread pool-3-thread-6
 message  {Id=76a85ce5-bd80-4b9c-9949-8b9b81271e80,FirstNumber=843,secondNumber=73}  written to file by thread pool-3-thread-5
 message  {Id=7a2d0438-cb33-4ba2-afa1-1dc16996087e,FirstNumber=984,secondNumber=1204}  added by thread pool-3-thread-6
 message  {Id=7a2d0438-cb33-4ba2-afa1-1dc16996087e,FirstNumber=984,secondNumber=1204}  written to file by thread pool-3-thread-5
 message  {Id=1961c784-0c07-47aa-814e-c57df74f1545,FirstNumber=292,secondNumber=1069}  added by thread pool-3-thread-6
 message  {Id=1961c784-0c07-47aa-814e-c57df74f1545,FirstNumber=292,secondNumber=1069}  written to file by thread pool-3-thread-2
 message  {Id=e98b7349-ed81-4cb9-8a3d-20c5a699a01d,FirstNumber=794,secondNumber=1316}  added by thread pool-3-thread-6
 message  {Id=e98b7349-ed81-4cb9-8a3d-20c5a699a01d,FirstNumber=794,secondNumber=1316}  written to file by thread pool-3-thread-4
 message  {Id=37e7ec6e-226e-458b-a615-9c07949aaff6,FirstNumber=891,secondNumber=1032}  added by thread pool-3-thread-6
 message  {Id=37e7ec6e-226e-458b-a615-9c07949aaff6,FirstNumber=891,secondNumber=1032}  written to file by thread pool-3-thread-4
 message  {Id=a6d6476c-4387-4ab2-9fc9-99f02f6864b4,FirstNumber=218,secondNumber=1941}  added by thread pool-3-thread-6
 message  {Id=a6d6476c-4387-4ab2-9fc9-99f02f6864b4,FirstNumber=218,secondNumber=1941}  written to file by thread pool-3-thread-3
 message  {Id=5e5c8918-3e5c-413e-bf03-0ce73b172f0b,FirstNumber=463,secondNumber=1249}  added by thread pool-3-thread-6
 message  {Id=5e5c8918-3e5c-413e-bf03-0ce73b172f0b,FirstNumber=463,secondNumber=1249}  written to file by thread pool-3-thread-5
 message  {Id=f9d5f7dd-fdf2-4713-8b7d-e6880c55007e,FirstNumber=554,secondNumber=1132}  added by thread pool-3-thread-6
 message  {Id=f9d5f7dd-fdf2-4713-8b7d-e6880c55007e,FirstNumber=554,secondNumber=1132}  written to file by thread pool-3-thread-2
 message  {Id=cf1c1b2c-346d-42f1-8748-6807fe06211a,FirstNumber=569,secondNumber=1558}  added by thread pool-3-thread-6
 message  {Id=cf1c1b2c-346d-42f1-8748-6807fe06211a,FirstNumber=569,secondNumber=1558}  written to file by thread pool-3-thread-1
 message  {Id=9d63238c-cf45-4889-b769-462817df8f89,FirstNumber=865,secondNumber=198}  added by thread pool-3-thread-6
 message  {Id=9d63238c-cf45-4889-b769-462817df8f89,FirstNumber=865,secondNumber=198}  written to file by thread pool-3-thread-1
 message  {Id=e18646f9-4d28-4ce4-88c1-6c1f8a7fbb34,FirstNumber=326,secondNumber=308}  added by thread pool-3-thread-6
 message  {Id=e18646f9-4d28-4ce4-88c1-6c1f8a7fbb34,FirstNumber=326,secondNumber=308}  written to file by thread pool-3-thread-3
 message  {Id=4dac08d7-962b-4994-9ba2-93dbf4b7c6ea,FirstNumber=224,secondNumber=697}  added by thread pool-3-thread-6
 message  {Id=4dac08d7-962b-4994-9ba2-93dbf4b7c6ea,FirstNumber=224,secondNumber=697}  written to file by thread pool-3-thread-3
 message  {Id=8c1916b8-c199-4353-bcd7-253a449e1de0,FirstNumber=608,secondNumber=51}  added by thread pool-3-thread-6
 message  {Id=8c1916b8-c199-4353-bcd7-253a449e1de0,FirstNumber=608,secondNumber=51}  written to file by thread pool-3-thread-2
 message  {Id=b284c083-354e-4c48-99b0-81fa10fe90db,FirstNumber=988,secondNumber=1626}  added by thread pool-3-thread-6
 message  {Id=b284c083-354e-4c48-99b0-81fa10fe90db,FirstNumber=988,secondNumber=1626}  written to file by thread pool-3-thread-2
 message  {Id=950e61fc-72b1-4215-bf4a-5423e91b95cd,FirstNumber=829,secondNumber=150}  added by thread pool-3-thread-6
 message  {Id=950e61fc-72b1-4215-bf4a-5423e91b95cd,FirstNumber=829,secondNumber=150}  written to file by thread pool-3-thread-1
 message  {Id=fdd6bd43-f3d9-41c2-8978-1e06dc95e336,FirstNumber=257,secondNumber=479}  added by thread pool-3-thread-6
 message  {Id=fdd6bd43-f3d9-41c2-8978-1e06dc95e336,FirstNumber=257,secondNumber=479}  written to file by thread pool-3-thread-5
 message  {Id=329387f8-1acb-4b1b-ae57-aa9a2625cb87,FirstNumber=603,secondNumber=1217}  added by thread pool-3-thread-6
 message  {Id=329387f8-1acb-4b1b-ae57-aa9a2625cb87,FirstNumber=603,secondNumber=1217}  written to file by thread pool-3-thread-5
 message  {Id=944d3204-63fa-4834-bbe1-88205541a431,FirstNumber=173,secondNumber=1649}  added by thread pool-3-thread-6
 message  {Id=944d3204-63fa-4834-bbe1-88205541a431,FirstNumber=173,secondNumber=1649}  written to file by thread pool-3-thread-5
 message  {Id=02658db4-f912-4273-a03e-fb89710d2c0c,FirstNumber=464,secondNumber=1705}  added by thread pool-3-thread-6
 message  {Id=02658db4-f912-4273-a03e-fb89710d2c0c,FirstNumber=464,secondNumber=1705}  written to file by thread pool-3-thread-2
 message  {Id=21ff916d-2abe-4f1e-9d2b-13541dbc8155,FirstNumber=299,secondNumber=939}  added by thread pool-3-thread-6
 message  {Id=21ff916d-2abe-4f1e-9d2b-13541dbc8155,FirstNumber=299,secondNumber=939}  written to file by thread pool-3-thread-1
 message  {Id=a34d3005-377b-4e59-969f-0bdb4d78b5fd,FirstNumber=787,secondNumber=340}  added by thread pool-3-thread-6
 message  {Id=a34d3005-377b-4e59-969f-0bdb4d78b5fd,FirstNumber=787,secondNumber=340}  written to file by thread pool-3-thread-3
 message  {Id=69fe57dd-ccda-4f15-89a2-cd724f392f4c,FirstNumber=991,secondNumber=659}  added by thread pool-3-thread-6
 message  {Id=69fe57dd-ccda-4f15-89a2-cd724f392f4c,FirstNumber=991,secondNumber=659}  written to file by thread pool-3-thread-3
 message  {Id=62242227-df11-410b-afc2-7dc3877a0c4a,FirstNumber=253,secondNumber=1808}  added by thread pool-3-thread-6
 message  {Id=62242227-df11-410b-afc2-7dc3877a0c4a,FirstNumber=253,secondNumber=1808}  written to file by thread pool-3-thread-5
 message  {Id=0c559198-ebf4-4fd7-8bd3-9981d9ed23f5,FirstNumber=320,secondNumber=886}  added by thread pool-3-thread-6
 message  {Id=0c559198-ebf4-4fd7-8bd3-9981d9ed23f5,FirstNumber=320,secondNumber=886}  written to file by thread pool-3-thread-5
 message  {Id=2359e467-d4d4-404e-b12c-b26758ea0feb,FirstNumber=27,secondNumber=1980}  added by thread pool-3-thread-6
 message  {Id=2359e467-d4d4-404e-b12c-b26758ea0feb,FirstNumber=27,secondNumber=1980}  written to file by thread pool-3-thread-1
 message  {Id=a1152b32-9910-4bc0-b0f4-7cb3f121b36e,FirstNumber=174,secondNumber=1058}  added by thread pool-3-thread-6
 message  {Id=a1152b32-9910-4bc0-b0f4-7cb3f121b36e,FirstNumber=174,secondNumber=1058}  written to file by thread pool-3-thread-4
 message  {Id=5ea7de6f-48fd-4423-b0fd-8ca4bb96bd16,FirstNumber=207,secondNumber=615}  added by thread pool-3-thread-6
 message  {Id=5ea7de6f-48fd-4423-b0fd-8ca4bb96bd16,FirstNumber=207,secondNumber=615}  written to file by thread pool-3-thread-4
 message  {Id=2f8be25e-d18d-460f-8777-99cacda2d043,FirstNumber=483,secondNumber=1947}  added by thread pool-3-thread-6
 message  {Id=2f8be25e-d18d-460f-8777-99cacda2d043,FirstNumber=483,secondNumber=1947}  written to file by thread pool-3-thread-4
 message  {Id=414d4c79-e7b4-4c1f-9033-f2220d46ccc3,FirstNumber=621,secondNumber=585}  added by thread pool-3-thread-6
 message  {Id=414d4c79-e7b4-4c1f-9033-f2220d46ccc3,FirstNumber=621,secondNumber=585}  written to file by thread pool-3-thread-5
 message  {Id=793555cd-e019-4657-988c-67457d70eac8,FirstNumber=589,secondNumber=232}  added by thread pool-3-thread-6
 message  {Id=793555cd-e019-4657-988c-67457d70eac8,FirstNumber=589,secondNumber=232}  written to file by thread pool-3-thread-5
 message  {Id=4dd875ab-857a-48cc-bfd5-46a8382e1981,FirstNumber=906,secondNumber=1932}  added by thread pool-3-thread-6
 message  {Id=4dd875ab-857a-48cc-bfd5-46a8382e1981,FirstNumber=906,secondNumber=1932}  written to file by thread pool-3-thread-3
 message  {Id=437537cb-664e-40d3-b590-9e9cfd445903,FirstNumber=680,secondNumber=869}  added by thread pool-3-thread-6
 message  {Id=437537cb-664e-40d3-b590-9e9cfd445903,FirstNumber=680,secondNumber=869}  written to file by thread pool-3-thread-3
 message  {Id=7f7a8cac-8846-461b-990c-446a48ac7944,FirstNumber=560,secondNumber=1807}  added by thread pool-3-thread-6
 message  {Id=7f7a8cac-8846-461b-990c-446a48ac7944,FirstNumber=560,secondNumber=1807}  written to file by thread pool-3-thread-3
 message  {Id=d6a5c656-e4a3-42ef-823f-54db19c65589,FirstNumber=341,secondNumber=950}  added by thread pool-3-thread-6
 message  {Id=d6a5c656-e4a3-42ef-823f-54db19c65589,FirstNumber=341,secondNumber=950}  written to file by thread pool-3-thread-1
 message  {Id=58006267-2620-42d8-9d91-d512e58f6a39,FirstNumber=801,secondNumber=639}  added by thread pool-3-thread-6
 message  {Id=58006267-2620-42d8-9d91-d512e58f6a39,FirstNumber=801,secondNumber=639}  written to file by thread pool-3-thread-5
 message  {Id=4096f54a-f013-4801-bf10-d03f9d9b2a6f,FirstNumber=52,secondNumber=795}  added by thread pool-3-thread-6
 message  {Id=4096f54a-f013-4801-bf10-d03f9d9b2a6f,FirstNumber=52,secondNumber=795}  written to file by thread pool-3-thread-2
 message  {Id=77ff57d5-7865-424d-bc25-34156472b007,FirstNumber=536,secondNumber=1551}  added by thread pool-3-thread-6
 message  {Id=77ff57d5-7865-424d-bc25-34156472b007,FirstNumber=536,secondNumber=1551}  written to file by thread pool-3-thread-4
 message  {Id=8a53c592-d767-4f51-8355-c2628f26096a,FirstNumber=803,secondNumber=563}  added by thread pool-3-thread-6
 message  {Id=8a53c592-d767-4f51-8355-c2628f26096a,FirstNumber=803,secondNumber=563}  written to file by thread pool-3-thread-4
 message  {Id=e61e9612-78a5-463a-85fb-9ae9e549aceb,FirstNumber=958,secondNumber=1304}  added by thread pool-3-thread-6
 message  {Id=e61e9612-78a5-463a-85fb-9ae9e549aceb,FirstNumber=958,secondNumber=1304}  written to file by thread pool-3-thread-1
 message  {Id=8fbe9381-7bcb-4b6a-864f-9e500bad8a87,FirstNumber=640,secondNumber=624}  added by thread pool-3-thread-6
 message  {Id=8fbe9381-7bcb-4b6a-864f-9e500bad8a87,FirstNumber=640,secondNumber=624}  written to file by thread pool-3-thread-5
 message  {Id=74e22e0b-e521-42d1-aa21-9ad9829e8341,FirstNumber=689,secondNumber=1530}  added by thread pool-3-thread-6
 message  {Id=74e22e0b-e521-42d1-aa21-9ad9829e8341,FirstNumber=689,secondNumber=1530}  written to file by thread pool-3-thread-5
 message  {Id=5bc7f67a-85ab-485d-a0e9-606e8273474e,FirstNumber=25,secondNumber=1933}  added by thread pool-3-thread-6
 message  {Id=5bc7f67a-85ab-485d-a0e9-606e8273474e,FirstNumber=25,secondNumber=1933}  written to file by thread pool-3-thread-3
 message  {Id=2bee43d8-8d5f-4638-85c1-63eb0079f102,FirstNumber=228,secondNumber=1538}  added by thread pool-3-thread-6
 message  {Id=2bee43d8-8d5f-4638-85c1-63eb0079f102,FirstNumber=228,secondNumber=1538}  written to file by thread pool-3-thread-4
 message  {Id=8385b85c-d915-4d0a-8c87-333611beda52,FirstNumber=43,secondNumber=777}  added by thread pool-3-thread-6
 message  {Id=8385b85c-d915-4d0a-8c87-333611beda52,FirstNumber=43,secondNumber=777}  written to file by thread pool-3-thread-4
 message  {Id=3b81a49c-c1c2-42c2-8ab5-aa4bac0a7cd4,FirstNumber=120,secondNumber=1240}  added by thread pool-3-thread-6
 message  {Id=3b81a49c-c1c2-42c2-8ab5-aa4bac0a7cd4,FirstNumber=120,secondNumber=1240}  written to file by thread pool-3-thread-2
 message  {Id=3b5efc3c-a77a-4a85-b3f0-d4730e423492,FirstNumber=536,secondNumber=329}  added by thread pool-3-thread-6
 message  {Id=3b5efc3c-a77a-4a85-b3f0-d4730e423492,FirstNumber=536,secondNumber=329}  written to file by thread pool-3-thread-2
 message  {Id=79f94b25-c42f-4daf-a538-39385bdc5484,FirstNumber=165,secondNumber=200}  added by thread pool-3-thread-6
 message  {Id=79f94b25-c42f-4daf-a538-39385bdc5484,FirstNumber=165,secondNumber=200}  written to file by thread pool-3-thread-3
 message  {Id=3f573034-b0a3-4d89-8ff0-353e8b4a5ec3,FirstNumber=670,secondNumber=1545}  added by thread pool-3-thread-6
 message  {Id=3f573034-b0a3-4d89-8ff0-353e8b4a5ec3,FirstNumber=670,secondNumber=1545}  written to file by thread pool-3-thread-1
 message  {Id=4d13792b-e4ac-4eee-8c3f-595613beda87,FirstNumber=831,secondNumber=615}  added by thread pool-3-thread-6
 message  {Id=4d13792b-e4ac-4eee-8c3f-595613beda87,FirstNumber=831,secondNumber=615}  written to file by thread pool-3-thread-4
 message  {Id=a1f0467d-7759-4593-b6c6-a046466bd36b,FirstNumber=602,secondNumber=202}  added by thread pool-3-thread-6
 message  {Id=a1f0467d-7759-4593-b6c6-a046466bd36b,FirstNumber=602,secondNumber=202}  written to file by thread pool-3-thread-4
 message  {Id=925d5596-0106-42b8-b834-e2421f9a5727,FirstNumber=17,secondNumber=946}  added by thread pool-3-thread-6
 message  {Id=925d5596-0106-42b8-b834-e2421f9a5727,FirstNumber=17,secondNumber=946}  written to file by thread pool-3-thread-2
 message  {Id=6a4f98bb-08c1-449a-9c51-e87690c30623,FirstNumber=225,secondNumber=1007}  added by thread pool-3-thread-6
 message  {Id=6a4f98bb-08c1-449a-9c51-e87690c30623,FirstNumber=225,secondNumber=1007}  written to file by thread pool-3-thread-2
 message  {Id=17958775-27f8-486a-985e-a8ae0c55e0f2,FirstNumber=636,secondNumber=1652}  added by thread pool-3-thread-6
 message  {Id=17958775-27f8-486a-985e-a8ae0c55e0f2,FirstNumber=636,secondNumber=1652}  written to file by thread pool-3-thread-2
 message  {Id=4c757a78-54ab-4a4f-a48c-e1ce39606a9a,FirstNumber=567,secondNumber=1360}  added by thread pool-3-thread-6
 message  {Id=4c757a78-54ab-4a4f-a48c-e1ce39606a9a,FirstNumber=567,secondNumber=1360}  written to file by thread pool-3-thread-5
 message  {Id=2631d350-bf86-4b03-a5ac-e406be267430,FirstNumber=913,secondNumber=1365}  added by thread pool-3-thread-6
 message  {Id=2631d350-bf86-4b03-a5ac-e406be267430,FirstNumber=913,secondNumber=1365}  written to file by thread pool-3-thread-4
 message  {Id=2bea86ec-3cbe-459c-919c-2e80c6b1a156,FirstNumber=519,secondNumber=1246}  added by thread pool-3-thread-6
 message  {Id=2bea86ec-3cbe-459c-919c-2e80c6b1a156,FirstNumber=519,secondNumber=1246}  written to file by thread pool-3-thread-4
 message  {Id=ad0b9f3b-2296-4d38-a86c-644b894fc370,FirstNumber=745,secondNumber=1373}  added by thread pool-3-thread-6
 message  {Id=ad0b9f3b-2296-4d38-a86c-644b894fc370,FirstNumber=745,secondNumber=1373}  written to file by thread pool-3-thread-1
 message  {Id=5f532e59-9657-4121-b500-0e37d12b0b89,FirstNumber=808,secondNumber=845}  added by thread pool-3-thread-6
 message  {Id=5f532e59-9657-4121-b500-0e37d12b0b89,FirstNumber=808,secondNumber=845}  written to file by thread pool-3-thread-2
 message  {Id=e6e7447d-3e22-4535-9a8b-163acdeeae6f,FirstNumber=139,secondNumber=1242}  added by thread pool-3-thread-6
 message  {Id=e6e7447d-3e22-4535-9a8b-163acdeeae6f,FirstNumber=139,secondNumber=1242}  written to file by thread pool-3-thread-5
 message  {Id=64569ee3-b03e-4e41-93c2-bdf49f74f0a6,FirstNumber=280,secondNumber=1698}  added by thread pool-3-thread-6
 message  {Id=64569ee3-b03e-4e41-93c2-bdf49f74f0a6,FirstNumber=280,secondNumber=1698}  written to file by thread pool-3-thread-5
 message  {Id=762d7c94-fc0b-4f99-9cc7-49357fb4fff6,FirstNumber=880,secondNumber=1157}  added by thread pool-3-thread-6
 message  {Id=762d7c94-fc0b-4f99-9cc7-49357fb4fff6,FirstNumber=880,secondNumber=1157}  written to file by thread pool-3-thread-4
 message  {Id=b8465917-1c6b-49d1-8fd1-3fafd5d833ae,FirstNumber=446,secondNumber=436}  added by thread pool-3-thread-6
 message  {Id=b8465917-1c6b-49d1-8fd1-3fafd5d833ae,FirstNumber=446,secondNumber=436}  written to file by thread pool-3-thread-1
 message  {Id=7afa4aaa-3b36-4cc4-a1cf-88a21361989e,FirstNumber=688,secondNumber=294}  added by thread pool-3-thread-6
 message  {Id=7afa4aaa-3b36-4cc4-a1cf-88a21361989e,FirstNumber=688,secondNumber=294}  written to file by thread pool-3-thread-2
 message  {Id=33cf2941-4702-4624-9e53-e74d0110ff3d,FirstNumber=733,secondNumber=551}  added by thread pool-3-thread-6
 message  {Id=33cf2941-4702-4624-9e53-e74d0110ff3d,FirstNumber=733,secondNumber=551}  written to file by thread pool-3-thread-3
 message  {Id=5b4b747e-09f0-42a3-a960-78a03d47d58b,FirstNumber=224,secondNumber=356}  added by thread pool-3-thread-6
 message  {Id=5b4b747e-09f0-42a3-a960-78a03d47d58b,FirstNumber=224,secondNumber=356}  written to file by thread pool-3-thread-5
 message  {Id=97a7cf22-3d41-4163-9d83-fdd6ae54e781,FirstNumber=133,secondNumber=125}  added by thread pool-3-thread-6
 message  {Id=97a7cf22-3d41-4163-9d83-fdd6ae54e781,FirstNumber=133,secondNumber=125}  written to file by thread pool-3-thread-5
 message  {Id=6993fe27-ba9f-49b3-9e45-96eeb6554a75,FirstNumber=635,secondNumber=91}  added by thread pool-3-thread-6
 message  {Id=6993fe27-ba9f-49b3-9e45-96eeb6554a75,FirstNumber=635,secondNumber=91}  written to file by thread pool-3-thread-1
 message  {Id=c0da3eba-1813-432d-a977-a1dbc64b6240,FirstNumber=703,secondNumber=688}  added by thread pool-3-thread-6
 message  {Id=c0da3eba-1813-432d-a977-a1dbc64b6240,FirstNumber=703,secondNumber=688}  written to file by thread pool-3-thread-2
 message  {Id=fe8cda06-b458-4a22-a436-a5df00a94d70,FirstNumber=84,secondNumber=460}  added by thread pool-3-thread-6
 message  {Id=fe8cda06-b458-4a22-a436-a5df00a94d70,FirstNumber=84,secondNumber=460}  written to file by thread pool-3-thread-3
 message  {Id=a7e2a4ce-fc97-4a25-971a-7cd421725e1a,FirstNumber=231,secondNumber=1059}  added by thread pool-3-thread-6
 message  {Id=a7e2a4ce-fc97-4a25-971a-7cd421725e1a,FirstNumber=231,secondNumber=1059}  written to file by thread pool-3-thread-4
 message  {Id=e660034e-355f-4cfa-86cb-57cd5cc9bfa7,FirstNumber=92,secondNumber=1381}  added by thread pool-3-thread-6
 message  {Id=e660034e-355f-4cfa-86cb-57cd5cc9bfa7,FirstNumber=92,secondNumber=1381}  written to file by thread pool-3-thread-5
 message  {Id=ab5e8a59-ce12-416f-9cbd-2e6e88af4f31,FirstNumber=544,secondNumber=1955}  added by thread pool-3-thread-6
 message  {Id=ab5e8a59-ce12-416f-9cbd-2e6e88af4f31,FirstNumber=544,secondNumber=1955}  written to file by thread pool-3-thread-1
 message  {Id=635038d2-7aba-4fba-80da-27d4753e6247,FirstNumber=179,secondNumber=1416}  added by thread pool-3-thread-6
 message  {Id=635038d2-7aba-4fba-80da-27d4753e6247,FirstNumber=179,secondNumber=1416}  written to file by thread pool-3-thread-2
 message  {Id=366a7eaf-f363-4c61-9759-48f2fa6154f5,FirstNumber=705,secondNumber=1522}  added by thread pool-3-thread-6
 message  {Id=366a7eaf-f363-4c61-9759-48f2fa6154f5,FirstNumber=705,secondNumber=1522}  written to file by thread pool-3-thread-2
 message  {Id=5259ccff-a541-4459-860e-e69ae2cf59bf,FirstNumber=204,secondNumber=1631}  added by thread pool-3-thread-6
 message  {Id=5259ccff-a541-4459-860e-e69ae2cf59bf,FirstNumber=204,secondNumber=1631}  written to file by thread pool-3-thread-4
 message  {Id=5263b0fd-f9be-49ff-81e1-0333aa47ebff,FirstNumber=75,secondNumber=1736}  added by thread pool-3-thread-6
 message  {Id=5263b0fd-f9be-49ff-81e1-0333aa47ebff,FirstNumber=75,secondNumber=1736}  written to file by thread pool-3-thread-5
 message  {Id=a9e43c1d-77ee-4625-a542-8ae368000bac,FirstNumber=835,secondNumber=1901}  added by thread pool-3-thread-6
 message  {Id=a9e43c1d-77ee-4625-a542-8ae368000bac,FirstNumber=835,secondNumber=1901}  written to file by thread pool-3-thread-1
 message  {Id=26ef117c-d5e1-4def-b5dd-5124428ddbce,FirstNumber=975,secondNumber=1608}  added by thread pool-3-thread-6
 message  {Id=26ef117c-d5e1-4def-b5dd-5124428ddbce,FirstNumber=975,secondNumber=1608}  written to file by thread pool-3-thread-1
 message  {Id=833cb52b-299e-456d-814a-14ccb7e35679,FirstNumber=697,secondNumber=1587}  added by thread pool-3-thread-6
 message  {Id=833cb52b-299e-456d-814a-14ccb7e35679,FirstNumber=697,secondNumber=1587}  written to file by thread pool-3-thread-1
 message  {Id=e2da0ee4-9b65-496a-9ad9-e7943733481a,FirstNumber=534,secondNumber=770}  added by thread pool-3-thread-6
 message  {Id=e2da0ee4-9b65-496a-9ad9-e7943733481a,FirstNumber=534,secondNumber=770}  written to file by thread pool-3-thread-4
 message  {Id=2e37f2ed-d27f-4a6d-83fc-d6b4d8040726,FirstNumber=16,secondNumber=1288}  added by thread pool-3-thread-6
 message  {Id=2e37f2ed-d27f-4a6d-83fc-d6b4d8040726,FirstNumber=16,secondNumber=1288}  written to file by thread pool-3-thread-5
 message  {Id=8d9d06cb-83ac-4ba6-961c-250fa829b399,FirstNumber=343,secondNumber=712}  added by thread pool-3-thread-6
 message  {Id=8d9d06cb-83ac-4ba6-961c-250fa829b399,FirstNumber=343,secondNumber=712}  written to file by thread pool-3-thread-3
 message  {Id=d008ac40-e696-499e-a8ad-26172b2cce72,FirstNumber=135,secondNumber=983}  added by thread pool-3-thread-6
 message  {Id=d008ac40-e696-499e-a8ad-26172b2cce72,FirstNumber=135,secondNumber=983}  written to file by thread pool-3-thread-2
 message  {Id=f6e4a76d-bc11-4d8f-8c0e-f3b3abf2a8f3,FirstNumber=528,secondNumber=1685}  added by thread pool-3-thread-6
 message  {Id=f6e4a76d-bc11-4d8f-8c0e-f3b3abf2a8f3,FirstNumber=528,secondNumber=1685}  written to file by thread pool-3-thread-2
 message  {Id=72ead991-2daa-4071-a22e-a7908db47e71,FirstNumber=527,secondNumber=1465}  added by thread pool-3-thread-6
 message  {Id=72ead991-2daa-4071-a22e-a7908db47e71,FirstNumber=527,secondNumber=1465}  written to file by thread pool-3-thread-4
 message  {Id=95a2c251-0328-4196-9690-a57a70a9a572,FirstNumber=803,secondNumber=1376}  added by thread pool-3-thread-6
 message  {Id=95a2c251-0328-4196-9690-a57a70a9a572,FirstNumber=803,secondNumber=1376}  written to file by thread pool-3-thread-4
 message  {Id=6915d771-b4e2-489f-916e-0d59dd8ab33c,FirstNumber=635,secondNumber=1096}  added by thread pool-3-thread-6
 message  {Id=6915d771-b4e2-489f-916e-0d59dd8ab33c,FirstNumber=635,secondNumber=1096}  written to file by thread pool-3-thread-3
 message  {Id=6f520258-e942-4855-93f6-ead10094d436,FirstNumber=393,secondNumber=1428}  added by thread pool-3-thread-6
 message  {Id=6f520258-e942-4855-93f6-ead10094d436,FirstNumber=393,secondNumber=1428}  written to file by thread pool-3-thread-3
 message  {Id=3dedb423-5de2-4b9d-8a41-2c5e9d0d2b56,FirstNumber=397,secondNumber=1418}  added by thread pool-3-thread-6
 message  {Id=3dedb423-5de2-4b9d-8a41-2c5e9d0d2b56,FirstNumber=397,secondNumber=1418}  written to file by thread pool-3-thread-2
 message  {Id=c6588819-230b-4810-99fa-d239f54d8205,FirstNumber=146,secondNumber=1897}  added by thread pool-3-thread-6
 message  {Id=c6588819-230b-4810-99fa-d239f54d8205,FirstNumber=146,secondNumber=1897}  written to file by thread pool-3-thread-5
 message  {Id=e465334d-a469-41d9-b968-7ddfb2bbcf81,FirstNumber=644,secondNumber=399}  added by thread pool-3-thread-6
 message  {Id=e465334d-a469-41d9-b968-7ddfb2bbcf81,FirstNumber=644,secondNumber=399}  written to file by thread pool-3-thread-4
 message  {Id=187c312d-f9a7-422e-a120-8b0915db3366,FirstNumber=199,secondNumber=120}  added by thread pool-3-thread-6
 message  {Id=187c312d-f9a7-422e-a120-8b0915db3366,FirstNumber=199,secondNumber=120}  written to file by thread pool-3-thread-4
 message  {Id=a74f03b6-8f84-414f-b20c-faf387dba250,FirstNumber=955,secondNumber=1832}  added by thread pool-3-thread-6
 message  {Id=a74f03b6-8f84-414f-b20c-faf387dba250,FirstNumber=955,secondNumber=1832}  written to file by thread pool-3-thread-3
 message  {Id=c8c2da58-8fe7-4ead-85cc-ff0b79f6ad80,FirstNumber=577,secondNumber=1682}  added by thread pool-3-thread-6
 message  {Id=c8c2da58-8fe7-4ead-85cc-ff0b79f6ad80,FirstNumber=577,secondNumber=1682}  written to file by thread pool-3-thread-2
 message  {Id=1f7aa3c3-089b-418c-ae39-2168635b0f41,FirstNumber=841,secondNumber=1308}  added by thread pool-3-thread-6
 message  {Id=1f7aa3c3-089b-418c-ae39-2168635b0f41,FirstNumber=841,secondNumber=1308}  written to file by thread pool-3-thread-5
 message  {Id=60dab9a8-533c-4f29-a31a-04c4d6adc128,FirstNumber=694,secondNumber=1580}  added by thread pool-3-thread-6
 message  {Id=60dab9a8-533c-4f29-a31a-04c4d6adc128,FirstNumber=694,secondNumber=1580}  written to file by thread pool-3-thread-1
 message  {Id=36c285fd-b0f9-41aa-89c2-2d3e080a8366,FirstNumber=389,secondNumber=988}  added by thread pool-3-thread-6
 message  {Id=36c285fd-b0f9-41aa-89c2-2d3e080a8366,FirstNumber=389,secondNumber=988}  written to file by thread pool-3-thread-1
 message  {Id=f6ccf12d-7249-4817-8b84-57afbc53b206,FirstNumber=842,secondNumber=658}  added by thread pool-3-thread-6
 message  {Id=f6ccf12d-7249-4817-8b84-57afbc53b206,FirstNumber=842,secondNumber=658}  written to file by thread pool-3-thread-1
 message  {Id=b85ee58b-53fd-466d-9d57-95d33671de6b,FirstNumber=58,secondNumber=1554}  added by thread pool-3-thread-6
 message  {Id=b85ee58b-53fd-466d-9d57-95d33671de6b,FirstNumber=58,secondNumber=1554}  written to file by thread pool-3-thread-2
 message  {Id=8a4cb93f-4bd9-41a1-aaf3-a931d321a8b9,FirstNumber=237,secondNumber=1239}  added by thread pool-3-thread-6
 message  {Id=8a4cb93f-4bd9-41a1-aaf3-a931d321a8b9,FirstNumber=237,secondNumber=1239}  written to file by thread pool-3-thread-5
 message  {Id=f70da32d-bb2b-4c40-ab3e-d51d3357e602,FirstNumber=421,secondNumber=145}  added by thread pool-3-thread-6
 message  {Id=f70da32d-bb2b-4c40-ab3e-d51d3357e602,FirstNumber=421,secondNumber=145}  written to file by thread pool-3-thread-4
 message  {Id=1644ff9b-db30-439b-9866-d53e3f669e6e,FirstNumber=794,secondNumber=1766}  added by thread pool-3-thread-6
 message  {Id=1644ff9b-db30-439b-9866-d53e3f669e6e,FirstNumber=794,secondNumber=1766}  written to file by thread pool-3-thread-3
 message  {Id=8f036824-d285-43cd-930b-408861a26528,FirstNumber=57,secondNumber=586}  added by thread pool-3-thread-6
 message  {Id=8f036824-d285-43cd-930b-408861a26528,FirstNumber=57,secondNumber=586}  written to file by thread pool-3-thread-3
 message  {Id=72db07d8-dfbd-4b60-9aa2-0f1b7f2f1b4c,FirstNumber=846,secondNumber=271}  added by thread pool-3-thread-6
 message  {Id=72db07d8-dfbd-4b60-9aa2-0f1b7f2f1b4c,FirstNumber=846,secondNumber=271}  written to file by thread pool-3-thread-2
 message  {Id=d0a19ff8-0226-4dff-80cc-65dd45208d56,FirstNumber=715,secondNumber=1022}  added by thread pool-3-thread-6
 message  {Id=d0a19ff8-0226-4dff-80cc-65dd45208d56,FirstNumber=715,secondNumber=1022}  written to file by thread pool-3-thread-5
 message  {Id=ca3f2972-e3c5-443e-bcb9-b4d3f9407fd2,FirstNumber=617,secondNumber=1485}  added by thread pool-3-thread-6
 message  {Id=ca3f2972-e3c5-443e-bcb9-b4d3f9407fd2,FirstNumber=617,secondNumber=1485}  written to file by thread pool-3-thread-4
 message  {Id=e5e528c7-3bcb-48c9-abe5-d84c7bce32fa,FirstNumber=92,secondNumber=334}  added by thread pool-3-thread-6
 message  {Id=e5e528c7-3bcb-48c9-abe5-d84c7bce32fa,FirstNumber=92,secondNumber=334}  written to file by thread pool-3-thread-1
 message  {Id=3113b9cf-2b11-4f54-970d-92eef29e8ab7,FirstNumber=475,secondNumber=286}  added by thread pool-3-thread-6
 message  {Id=3113b9cf-2b11-4f54-970d-92eef29e8ab7,FirstNumber=475,secondNumber=286}  written to file by thread pool-3-thread-3
 message  {Id=d64f7199-5906-4b75-bad7-b581df261a77,FirstNumber=712,secondNumber=224}  added by thread pool-3-thread-6
 message  {Id=d64f7199-5906-4b75-bad7-b581df261a77,FirstNumber=712,secondNumber=224}  written to file by thread pool-3-thread-3
 message  {Id=692af821-fd38-46ac-a248-a113a446b10c,FirstNumber=893,secondNumber=329}  added by thread pool-3-thread-6
 message  {Id=692af821-fd38-46ac-a248-a113a446b10c,FirstNumber=893,secondNumber=329}  written to file by thread pool-3-thread-5
 message  {Id=6660b845-7a23-463a-aede-2df85a437443,FirstNumber=179,secondNumber=865}  added by thread pool-3-thread-6
 message  {Id=6660b845-7a23-463a-aede-2df85a437443,FirstNumber=179,secondNumber=865}  written to file by thread pool-3-thread-4
 message  {Id=183094cc-6dad-41fa-b74f-d27e1853e547,FirstNumber=517,secondNumber=1173}  added by thread pool-3-thread-6
 message  {Id=183094cc-6dad-41fa-b74f-d27e1853e547,FirstNumber=517,secondNumber=1173}  written to file by thread pool-3-thread-4
 message  {Id=527feb0b-f3e4-4520-bf3a-d524ec5be666,FirstNumber=987,secondNumber=479}  added by thread pool-3-thread-6
 message  {Id=527feb0b-f3e4-4520-bf3a-d524ec5be666,FirstNumber=987,secondNumber=479}  written to file by thread pool-3-thread-2
 message  {Id=d8bd7203-38be-4c94-9527-5c524c4da672,FirstNumber=332,secondNumber=1476}  added by thread pool-3-thread-6
 message  {Id=d8bd7203-38be-4c94-9527-5c524c4da672,FirstNumber=332,secondNumber=1476}  written to file by thread pool-3-thread-2
 message  {Id=24bcd552-ee6e-4034-9630-0514a7f59c24,FirstNumber=478,secondNumber=304}  added by thread pool-3-thread-6
 message  {Id=24bcd552-ee6e-4034-9630-0514a7f59c24,FirstNumber=478,secondNumber=304}  written to file by thread pool-3-thread-5
 message  {Id=7d0a821e-fef5-4941-b7de-02810cc95121,FirstNumber=735,secondNumber=850}  added by thread pool-3-thread-6
 message  {Id=7d0a821e-fef5-4941-b7de-02810cc95121,FirstNumber=735,secondNumber=850}  written to file by thread pool-3-thread-1
 message  {Id=a4f24033-8cc6-4bf3-9602-a2f51bed56e1,FirstNumber=336,secondNumber=283}  added by thread pool-3-thread-6
 message  {Id=a4f24033-8cc6-4bf3-9602-a2f51bed56e1,FirstNumber=336,secondNumber=283}  written to file by thread pool-3-thread-1
 message  {Id=0ece9f90-1e0c-4674-9b6d-ab0d5777ddd7,FirstNumber=79,secondNumber=1438}  added by thread pool-3-thread-6
 message  {Id=0ece9f90-1e0c-4674-9b6d-ab0d5777ddd7,FirstNumber=79,secondNumber=1438}  written to file by thread pool-3-thread-1
 message  {Id=d5e4d01f-0ae8-47a7-9f11-0c76be1d9660,FirstNumber=786,secondNumber=705}  added by thread pool-3-thread-6
 message  {Id=d5e4d01f-0ae8-47a7-9f11-0c76be1d9660,FirstNumber=786,secondNumber=705}  written to file by thread pool-3-thread-2
 message  {Id=a81e7694-d332-4ed9-9803-0d5dc39d190e,FirstNumber=210,secondNumber=493}  added by thread pool-3-thread-6
 message  {Id=a81e7694-d332-4ed9-9803-0d5dc39d190e,FirstNumber=210,secondNumber=493}  written to file by thread pool-3-thread-5
 message  {Id=14415416-d793-4a40-b1a9-e92f34a74f08,FirstNumber=591,secondNumber=1822}  added by thread pool-3-thread-6
 message  {Id=14415416-d793-4a40-b1a9-e92f34a74f08,FirstNumber=591,secondNumber=1822}  written to file by thread pool-3-thread-4
 message  {Id=f7ba105e-bcfb-4c85-8305-2d12d25e7439,FirstNumber=576,secondNumber=564}  added by thread pool-3-thread-6
 message  {Id=f7ba105e-bcfb-4c85-8305-2d12d25e7439,FirstNumber=576,secondNumber=564}  written to file by thread pool-3-thread-3
 message  {Id=3940bc52-0fb1-43bc-8535-411f2fb60ffe,FirstNumber=701,secondNumber=1294}  added by thread pool-3-thread-6
 message  {Id=3940bc52-0fb1-43bc-8535-411f2fb60ffe,FirstNumber=701,secondNumber=1294}  written to file by thread pool-3-thread-3
 message  {Id=6c7fcc37-5309-4aff-b394-f20ae5ca6130,FirstNumber=332,secondNumber=983}  added by thread pool-3-thread-6
 message  {Id=6c7fcc37-5309-4aff-b394-f20ae5ca6130,FirstNumber=332,secondNumber=983}  written to file by thread pool-3-thread-2
 message  {Id=3ca68763-f895-4185-b728-efea08445e90,FirstNumber=146,secondNumber=1720}  added by thread pool-3-thread-6
 message  {Id=3ca68763-f895-4185-b728-efea08445e90,FirstNumber=146,secondNumber=1720}  written to file by thread pool-3-thread-2
 message  {Id=ad4d903a-f892-42fa-bb63-657441c05209,FirstNumber=948,secondNumber=959}  added by thread pool-3-thread-6
 message  {Id=ad4d903a-f892-42fa-bb63-657441c05209,FirstNumber=948,secondNumber=959}  written to file by thread pool-3-thread-4
 message  {Id=e45ff33e-f55a-4515-8631-fba90b6ae846,FirstNumber=864,secondNumber=371}  added by thread pool-3-thread-6
 message  {Id=e45ff33e-f55a-4515-8631-fba90b6ae846,FirstNumber=864,secondNumber=371}  written to file by thread pool-3-thread-1
 message  {Id=bd80fba4-eb9b-4da0-8bc0-fb5c3aea1a75,FirstNumber=757,secondNumber=1423}  added by thread pool-3-thread-6
 message  {Id=bd80fba4-eb9b-4da0-8bc0-fb5c3aea1a75,FirstNumber=757,secondNumber=1423}  written to file by thread pool-3-thread-3
 message  {Id=80e149ca-0883-45de-a567-c566c6e479ea,FirstNumber=374,secondNumber=1316}  added by thread pool-3-thread-6
 message  {Id=80e149ca-0883-45de-a567-c566c6e479ea,FirstNumber=374,secondNumber=1316}  written to file by thread pool-3-thread-3
 message  {Id=99e3222d-72fc-488e-9ae9-bf6aba35fb19,FirstNumber=90,secondNumber=1710}  added by thread pool-3-thread-6
 message  {Id=99e3222d-72fc-488e-9ae9-bf6aba35fb19,FirstNumber=90,secondNumber=1710}  written to file by thread pool-3-thread-2
 message  {Id=7150b7dd-c6d0-4404-9951-27b4545786b8,FirstNumber=663,secondNumber=1071}  added by thread pool-3-thread-6
 message  {Id=7150b7dd-c6d0-4404-9951-27b4545786b8,FirstNumber=663,secondNumber=1071}  written to file by thread pool-3-thread-4
 message  {Id=cb92922c-5acb-4a81-ae35-2f88b9104ef5,FirstNumber=683,secondNumber=1184}  added by thread pool-3-thread-6
 message  {Id=cb92922c-5acb-4a81-ae35-2f88b9104ef5,FirstNumber=683,secondNumber=1184}  written to file by thread pool-3-thread-4
 message  {Id=e8f174c1-bc79-4c3c-8d39-dd10fd3f8c6e,FirstNumber=343,secondNumber=1561}  added by thread pool-3-thread-6
 message  {Id=e8f174c1-bc79-4c3c-8d39-dd10fd3f8c6e,FirstNumber=343,secondNumber=1561}  written to file by thread pool-3-thread-5
 message  {Id=b91e4b95-af78-43a0-8609-650a3cd6403d,FirstNumber=382,secondNumber=1414}  added by thread pool-3-thread-6
 message  {Id=b91e4b95-af78-43a0-8609-650a3cd6403d,FirstNumber=382,secondNumber=1414}  written to file by thread pool-3-thread-3
 message  {Id=de4cdd0b-4be6-4e2b-baa3-75eab149cfac,FirstNumber=538,secondNumber=1731}  added by thread pool-3-thread-6
 message  {Id=de4cdd0b-4be6-4e2b-baa3-75eab149cfac,FirstNumber=538,secondNumber=1731}  written to file by thread pool-3-thread-2
 message  {Id=3cfec5a2-379e-4464-9478-6079dd463e4b,FirstNumber=161,secondNumber=628}  added by thread pool-3-thread-6
 message  {Id=3cfec5a2-379e-4464-9478-6079dd463e4b,FirstNumber=161,secondNumber=628}  written to file by thread pool-3-thread-1
 message  {Id=80b62f2b-cac5-4970-bb07-2a9263c9ddce,FirstNumber=458,secondNumber=110}  added by thread pool-3-thread-6
 message  {Id=80b62f2b-cac5-4970-bb07-2a9263c9ddce,FirstNumber=458,secondNumber=110}  written to file by thread pool-3-thread-4
 message  {Id=c8ffc0e1-e4d1-4258-919b-630919c41e25,FirstNumber=260,secondNumber=1285}  added by thread pool-3-thread-6
 message  {Id=c8ffc0e1-e4d1-4258-919b-630919c41e25,FirstNumber=260,secondNumber=1285}  written to file by thread pool-3-thread-4
 message  {Id=089cee6c-f0e8-4da0-a4a8-89bd7b5c5e32,FirstNumber=124,secondNumber=493}  added by thread pool-3-thread-6
 message  {Id=089cee6c-f0e8-4da0-a4a8-89bd7b5c5e32,FirstNumber=124,secondNumber=493}  written to file by thread pool-3-thread-3
 message  {Id=340c5e48-e777-40cc-97d2-d88dc6bb8d34,FirstNumber=358,secondNumber=935}  added by thread pool-3-thread-6
 message  {Id=340c5e48-e777-40cc-97d2-d88dc6bb8d34,FirstNumber=358,secondNumber=935}  written to file by thread pool-3-thread-3
 message  {Id=4bc4601d-14dd-4761-aeb0-3872c8c693ea,FirstNumber=707,secondNumber=293}  added by thread pool-3-thread-6
 message  {Id=4bc4601d-14dd-4761-aeb0-3872c8c693ea,FirstNumber=707,secondNumber=293}  written to file by thread pool-3-thread-1
 message  {Id=765aa02d-75fe-4cf2-b344-f431549b3fdf,FirstNumber=654,secondNumber=226}  added by thread pool-3-thread-6
 message  {Id=765aa02d-75fe-4cf2-b344-f431549b3fdf,FirstNumber=654,secondNumber=226}  written to file by thread pool-3-thread-5
 message  {Id=c77856b3-a35f-476c-81b9-a9713534236b,FirstNumber=889,secondNumber=582}  added by thread pool-3-thread-6
 message  {Id=c77856b3-a35f-476c-81b9-a9713534236b,FirstNumber=889,secondNumber=582}  written to file by thread pool-3-thread-4
 message  {Id=5ecba84a-5af7-4e6f-993f-d45203fa9152,FirstNumber=500,secondNumber=1121}  added by thread pool-3-thread-6
 message  {Id=5ecba84a-5af7-4e6f-993f-d45203fa9152,FirstNumber=500,secondNumber=1121}  written to file by thread pool-3-thread-4
 message  {Id=49d987d0-7f26-4f9d-91c8-a3f916d2db75,FirstNumber=675,secondNumber=41}  added by thread pool-3-thread-6
 message  {Id=49d987d0-7f26-4f9d-91c8-a3f916d2db75,FirstNumber=675,secondNumber=41}  written to file by thread pool-3-thread-3
 message  {Id=abb8b8c7-3628-4df8-88ec-0182d83d36e0,FirstNumber=406,secondNumber=677}  added by thread pool-3-thread-6
 message  {Id=abb8b8c7-3628-4df8-88ec-0182d83d36e0,FirstNumber=406,secondNumber=677}  written to file by thread pool-3-thread-1
 message  {Id=9be4972b-c241-4622-8827-6e869e23ff33,FirstNumber=10,secondNumber=1380}  added by thread pool-3-thread-6
 message  {Id=9be4972b-c241-4622-8827-6e869e23ff33,FirstNumber=10,secondNumber=1380}  written to file by thread pool-3-thread-5
 message  {Id=afa68f71-6837-4190-8e4f-e65c97259038,FirstNumber=968,secondNumber=671}  added by thread pool-3-thread-6
 message  {Id=afa68f71-6837-4190-8e4f-e65c97259038,FirstNumber=968,secondNumber=671}  written to file by thread pool-3-thread-5
 message  {Id=99e55f3d-0955-4852-b116-3118433c80ad,FirstNumber=553,secondNumber=967}  added by thread pool-3-thread-6
 message  {Id=99e55f3d-0955-4852-b116-3118433c80ad,FirstNumber=553,secondNumber=967}  written to file by thread pool-3-thread-4
 message  {Id=b813d304-b876-44b5-90bf-57cd697992f5,FirstNumber=741,secondNumber=389}  added by thread pool-3-thread-6
 message  {Id=b813d304-b876-44b5-90bf-57cd697992f5,FirstNumber=741,secondNumber=389}  written to file by thread pool-3-thread-3
 message  {Id=1ef8795e-b859-4cc7-bb9a-a996443bbe3b,FirstNumber=311,secondNumber=1435}  added by thread pool-3-thread-6
 message  {Id=1ef8795e-b859-4cc7-bb9a-a996443bbe3b,FirstNumber=311,secondNumber=1435}  written to file by thread pool-3-thread-1
 message  {Id=3683763f-430a-44d8-929a-9ffa27a291ee,FirstNumber=141,secondNumber=1633}  added by thread pool-3-thread-6
 message  {Id=3683763f-430a-44d8-929a-9ffa27a291ee,FirstNumber=141,secondNumber=1633}  written to file by thread pool-3-thread-1
 message  {Id=80fc4ad7-4cd0-4f75-a259-3d4569a546da,FirstNumber=962,secondNumber=777}  added by thread pool-3-thread-6
 message  {Id=80fc4ad7-4cd0-4f75-a259-3d4569a546da,FirstNumber=962,secondNumber=777}  written to file by thread pool-3-thread-5
 message  {Id=9238ef96-268b-43aa-87fa-91be768f4fa8,FirstNumber=599,secondNumber=1322}  added by thread pool-3-thread-6
 message  {Id=9238ef96-268b-43aa-87fa-91be768f4fa8,FirstNumber=599,secondNumber=1322}  written to file by thread pool-3-thread-5
 message  {Id=ef155371-59a8-49a2-9c5f-3bb9fa5b95bc,FirstNumber=593,secondNumber=1970}  added by thread pool-3-thread-6
 message  {Id=ef155371-59a8-49a2-9c5f-3bb9fa5b95bc,FirstNumber=593,secondNumber=1970}  written to file by thread pool-3-thread-3
 message  {Id=e6184439-eb47-470c-b870-5ad2b8252e07,FirstNumber=746,secondNumber=1166}  added by thread pool-3-thread-6
 message  {Id=e6184439-eb47-470c-b870-5ad2b8252e07,FirstNumber=746,secondNumber=1166}  written to file by thread pool-3-thread-2
 message  {Id=1c605191-ab4f-4769-8437-a71001a86fab,FirstNumber=886,secondNumber=857}  added by thread pool-3-thread-6
 message  {Id=1c605191-ab4f-4769-8437-a71001a86fab,FirstNumber=886,secondNumber=857}  written to file by thread pool-3-thread-1
 message  {Id=351acb0c-e80a-4d71-85aa-6760e78385d2,FirstNumber=995,secondNumber=255}  added by thread pool-3-thread-6
 message  {Id=351acb0c-e80a-4d71-85aa-6760e78385d2,FirstNumber=995,secondNumber=255}  written to file by thread pool-3-thread-1
 message  {Id=6a8f1b57-17f7-4c2c-973d-a28625f67a79,FirstNumber=511,secondNumber=1223}  added by thread pool-3-thread-6
 message  {Id=6a8f1b57-17f7-4c2c-973d-a28625f67a79,FirstNumber=511,secondNumber=1223}  written to file by thread pool-3-thread-5
 message  {Id=a5b1be22-ab3f-491a-98dd-928a9945302e,FirstNumber=66,secondNumber=1805}  added by thread pool-3-thread-6
 message  {Id=a5b1be22-ab3f-491a-98dd-928a9945302e,FirstNumber=66,secondNumber=1805}  written to file by thread pool-3-thread-5
 message  {Id=57098375-8812-4a70-8f5e-fcf80f9f8870,FirstNumber=288,secondNumber=1698}  added by thread pool-3-thread-6
 message  {Id=57098375-8812-4a70-8f5e-fcf80f9f8870,FirstNumber=288,secondNumber=1698}  written to file by thread pool-3-thread-2
 message  {Id=7383fbe4-cd8d-417f-86b7-bd5ba5b8ee7c,FirstNumber=311,secondNumber=927}  added by thread pool-3-thread-6
 message  {Id=7383fbe4-cd8d-417f-86b7-bd5ba5b8ee7c,FirstNumber=311,secondNumber=927}  written to file by thread pool-3-thread-2
 message  {Id=63bebf4d-fe08-4a06-90b7-b51e63796bff,FirstNumber=769,secondNumber=1330}  added by thread pool-3-thread-6
 message  {Id=63bebf4d-fe08-4a06-90b7-b51e63796bff,FirstNumber=769,secondNumber=1330}  written to file by thread pool-3-thread-1
 message  {Id=a6d07275-f7e0-41c7-979c-451959c6b33f,FirstNumber=731,secondNumber=481}  added by thread pool-3-thread-6
 message  {Id=a6d07275-f7e0-41c7-979c-451959c6b33f,FirstNumber=731,secondNumber=481}  written to file by thread pool-3-thread-3
 message  {Id=050f8f79-ca44-4220-9cc1-38f3d1a6887d,FirstNumber=162,secondNumber=809}  added by thread pool-3-thread-6
 message  {Id=050f8f79-ca44-4220-9cc1-38f3d1a6887d,FirstNumber=162,secondNumber=809}  written to file by thread pool-3-thread-5
 message  {Id=b0c3b049-8b63-4535-a2c6-5469745be2f6,FirstNumber=5,secondNumber=1055}  added by thread pool-3-thread-6
 message  {Id=b0c3b049-8b63-4535-a2c6-5469745be2f6,FirstNumber=5,secondNumber=1055}  written to file by thread pool-3-thread-4
 message  {Id=bcbff7ec-f647-4aab-826c-11ae855e3d99,FirstNumber=32,secondNumber=76}  added by thread pool-3-thread-6
 message  {Id=bcbff7ec-f647-4aab-826c-11ae855e3d99,FirstNumber=32,secondNumber=76}  written to file by thread pool-3-thread-2
 message  {Id=bf29332e-dbba-439c-94eb-e207d08e8d0b,FirstNumber=335,secondNumber=493}  added by thread pool-3-thread-6
 message  {Id=bf29332e-dbba-439c-94eb-e207d08e8d0b,FirstNumber=335,secondNumber=493}  written to file by thread pool-3-thread-2
 message  {Id=2c3c29d3-6d62-4699-a43e-c4a193038d65,FirstNumber=241,secondNumber=830}  added by thread pool-3-thread-6
 message  {Id=2c3c29d3-6d62-4699-a43e-c4a193038d65,FirstNumber=241,secondNumber=830}  written to file by thread pool-3-thread-3
 message  {Id=662fcfa1-b8b9-49d6-817e-1df0c0516564,FirstNumber=401,secondNumber=1176}  added by thread pool-3-thread-6
 message  {Id=662fcfa1-b8b9-49d6-817e-1df0c0516564,FirstNumber=401,secondNumber=1176}  written to file by thread pool-3-thread-5
 message  {Id=2b84604c-73d0-444c-8af5-a694028f5201,FirstNumber=690,secondNumber=139}  added by thread pool-3-thread-6
 message  {Id=2b84604c-73d0-444c-8af5-a694028f5201,FirstNumber=690,secondNumber=139}  written to file by thread pool-3-thread-4
 message  {Id=d87c03d3-5f10-4cf5-ac1c-6424e103837c,FirstNumber=570,secondNumber=1657}  added by thread pool-3-thread-6
 message  {Id=d87c03d3-5f10-4cf5-ac1c-6424e103837c,FirstNumber=570,secondNumber=1657}  written to file by thread pool-3-thread-1
 message  {Id=c2d42105-f8b3-4a68-8a47-5f31d38d616f,FirstNumber=573,secondNumber=503}  added by thread pool-3-thread-6
 message  {Id=c2d42105-f8b3-4a68-8a47-5f31d38d616f,FirstNumber=573,secondNumber=503}  written to file by thread pool-3-thread-2
 message  {Id=ad035267-80f3-431e-9ca5-3dbcf0606f66,FirstNumber=915,secondNumber=698}  added by thread pool-3-thread-6
 message  {Id=ad035267-80f3-431e-9ca5-3dbcf0606f66,FirstNumber=915,secondNumber=698}  written to file by thread pool-3-thread-2
 message  {Id=99c76617-41b4-44b1-95f2-640bd6863c80,FirstNumber=508,secondNumber=295}  added by thread pool-3-thread-6
 message  {Id=99c76617-41b4-44b1-95f2-640bd6863c80,FirstNumber=508,secondNumber=295}  written to file by thread pool-3-thread-5
 message  {Id=ffe4fa9b-4287-4290-a136-e4a932e061a6,FirstNumber=550,secondNumber=1203}  added by thread pool-3-thread-6
 message  {Id=ffe4fa9b-4287-4290-a136-e4a932e061a6,FirstNumber=550,secondNumber=1203}  written to file by thread pool-3-thread-4
 message  {Id=04c9dae6-e6fc-426e-83dc-fa64e4706ac8,FirstNumber=256,secondNumber=969}  added by thread pool-3-thread-6
 message  {Id=04c9dae6-e6fc-426e-83dc-fa64e4706ac8,FirstNumber=256,secondNumber=969}  written to file by thread pool-3-thread-1
 message  {Id=2c455f56-a890-49ed-b6f3-27dff37e9586,FirstNumber=808,secondNumber=1325}  added by thread pool-3-thread-6
 message  {Id=2c455f56-a890-49ed-b6f3-27dff37e9586,FirstNumber=808,secondNumber=1325}  written to file by thread pool-3-thread-3
 message  {Id=09b23b34-6df0-4d95-b629-86326d435a08,FirstNumber=855,secondNumber=118}  added by thread pool-3-thread-6
 message  {Id=09b23b34-6df0-4d95-b629-86326d435a08,FirstNumber=855,secondNumber=118}  written to file by thread pool-3-thread-2
 message  {Id=3101ef8a-b5c5-4a78-aa9d-65f4af56287a,FirstNumber=690,secondNumber=604}  added by thread pool-3-thread-6
 message  {Id=3101ef8a-b5c5-4a78-aa9d-65f4af56287a,FirstNumber=690,secondNumber=604}  written to file by thread pool-3-thread-5
 message  {Id=bef41456-ce08-42ca-b339-736accabac1a,FirstNumber=598,secondNumber=214}  added by thread pool-3-thread-6
 message  {Id=bef41456-ce08-42ca-b339-736accabac1a,FirstNumber=598,secondNumber=214}  written to file by thread pool-3-thread-4
 message  {Id=b7a3484b-25a1-49d6-95f6-348e4fb2bf8a,FirstNumber=369,secondNumber=1409}  added by thread pool-3-thread-6
 message  {Id=b7a3484b-25a1-49d6-95f6-348e4fb2bf8a,FirstNumber=369,secondNumber=1409}  written to file by thread pool-3-thread-1
 message  {Id=fbcede8b-3f58-4e63-ac81-f6cc2faa5d72,FirstNumber=840,secondNumber=111}  added by thread pool-3-thread-6
 message  {Id=fbcede8b-3f58-4e63-ac81-f6cc2faa5d72,FirstNumber=840,secondNumber=111}  written to file by thread pool-3-thread-1
 message  {Id=66ad104f-5824-4ad2-9b83-8155114dc284,FirstNumber=745,secondNumber=438}  added by thread pool-3-thread-6
 message  {Id=66ad104f-5824-4ad2-9b83-8155114dc284,FirstNumber=745,secondNumber=438}  written to file by thread pool-3-thread-2
 message  {Id=4f5c5ca8-fe17-4544-9489-aa919efc19fd,FirstNumber=912,secondNumber=654}  added by thread pool-3-thread-6
 message  {Id=4f5c5ca8-fe17-4544-9489-aa919efc19fd,FirstNumber=912,secondNumber=654}  written to file by thread pool-3-thread-5
 message  {Id=87c06b1f-1548-4f1e-b5a9-89fa7d5c8830,FirstNumber=475,secondNumber=1803}  added by thread pool-3-thread-6
 message  {Id=87c06b1f-1548-4f1e-b5a9-89fa7d5c8830,FirstNumber=475,secondNumber=1803}  written to file by thread pool-3-thread-4
 message  {Id=3c7993b2-67da-46c4-a685-19d95fe6c687,FirstNumber=802,secondNumber=1016}  added by thread pool-3-thread-6
 message  {Id=3c7993b2-67da-46c4-a685-19d95fe6c687,FirstNumber=802,secondNumber=1016}  written to file by thread pool-3-thread-3
 message  {Id=24b8bf9b-f012-4038-aa44-aadf52686638,FirstNumber=590,secondNumber=1452}  added by thread pool-3-thread-6
 message  {Id=24b8bf9b-f012-4038-aa44-aadf52686638,FirstNumber=590,secondNumber=1452}  written to file by thread pool-3-thread-3
 message  {Id=58e9cc4a-d5b8-4fe8-a9d4-12049c39c6ce,FirstNumber=827,secondNumber=131}  added by thread pool-3-thread-6
 message  {Id=58e9cc4a-d5b8-4fe8-a9d4-12049c39c6ce,FirstNumber=827,secondNumber=131}  written to file by thread pool-3-thread-2
 message  {Id=cf27dac8-7de4-44b9-8378-7c7c2fb43327,FirstNumber=35,secondNumber=351}  added by thread pool-3-thread-6
 message  {Id=cf27dac8-7de4-44b9-8378-7c7c2fb43327,FirstNumber=35,secondNumber=351}  written to file by thread pool-3-thread-2
 message  {Id=5c2a1cfe-bd06-40ab-8c68-49bd07f39c27,FirstNumber=783,secondNumber=1827}  added by thread pool-3-thread-6
 message  {Id=5c2a1cfe-bd06-40ab-8c68-49bd07f39c27,FirstNumber=783,secondNumber=1827}  written to file by thread pool-3-thread-4
 message  {Id=2e65944f-29b1-486f-95be-e9d2c1a79586,FirstNumber=785,secondNumber=198}  added by thread pool-3-thread-6
 message  {Id=2e65944f-29b1-486f-95be-e9d2c1a79586,FirstNumber=785,secondNumber=198}  written to file by thread pool-3-thread-4
 message  {Id=169819b8-9a58-47b2-9778-1338c09a9af2,FirstNumber=228,secondNumber=1670}  added by thread pool-3-thread-6
 message  {Id=169819b8-9a58-47b2-9778-1338c09a9af2,FirstNumber=228,secondNumber=1670}  written to file by thread pool-3-thread-3
 message  {Id=a8a96e36-5bff-4abb-b89d-7d00fd24543a,FirstNumber=548,secondNumber=1959}  added by thread pool-3-thread-6
 message  {Id=a8a96e36-5bff-4abb-b89d-7d00fd24543a,FirstNumber=548,secondNumber=1959}  written to file by thread pool-3-thread-5
 message  {Id=b36ab6fe-f1d5-4cf4-8f2e-a5fe36db33e9,FirstNumber=633,secondNumber=9}  added by thread pool-3-thread-6
 message  {Id=b36ab6fe-f1d5-4cf4-8f2e-a5fe36db33e9,FirstNumber=633,secondNumber=9}  written to file by thread pool-3-thread-2
 message  {Id=f1630919-4efb-4fed-9720-9a5c47df2c5f,FirstNumber=727,secondNumber=753}  added by thread pool-3-thread-6
 message  {Id=f1630919-4efb-4fed-9720-9a5c47df2c5f,FirstNumber=727,secondNumber=753}  written to file by thread pool-3-thread-1
 message  {Id=5a72b046-3f12-4043-9f9b-7de8cc17cfae,FirstNumber=813,secondNumber=563}  added by thread pool-3-thread-6
 message  {Id=5a72b046-3f12-4043-9f9b-7de8cc17cfae,FirstNumber=813,secondNumber=563}  written to file by thread pool-3-thread-4
 message  {Id=d18f846e-2120-4a90-b97b-00af0a098373,FirstNumber=236,secondNumber=1148}  added by thread pool-3-thread-6
 message  {Id=d18f846e-2120-4a90-b97b-00af0a098373,FirstNumber=236,secondNumber=1148}  written to file by thread pool-3-thread-4
 message  {Id=58e84426-45b1-41d4-a9ae-7c6e3f0a3ef7,FirstNumber=163,secondNumber=289}  added by thread pool-3-thread-6
 message  {Id=58e84426-45b1-41d4-a9ae-7c6e3f0a3ef7,FirstNumber=163,secondNumber=289}  written to file by thread pool-3-thread-5
 message  {Id=ee9d5944-d173-4faa-898c-136eada4525d,FirstNumber=880,secondNumber=1042}  added by thread pool-3-thread-6
 message  {Id=ee9d5944-d173-4faa-898c-136eada4525d,FirstNumber=880,secondNumber=1042}  written to file by thread pool-3-thread-2
 message  {Id=ac25555a-c0b8-4b83-a40c-00fab33f91c2,FirstNumber=387,secondNumber=1691}  added by thread pool-3-thread-6
 message  {Id=ac25555a-c0b8-4b83-a40c-00fab33f91c2,FirstNumber=387,secondNumber=1691}  written to file by thread pool-3-thread-1
 message  {Id=3c68517f-6bad-4718-b82e-7e1c4fca0adf,FirstNumber=185,secondNumber=1523}  added by thread pool-3-thread-6
 message  {Id=3c68517f-6bad-4718-b82e-7e1c4fca0adf,FirstNumber=185,secondNumber=1523}  written to file by thread pool-3-thread-3
 message  {Id=7eabf745-d161-4978-9d7e-fef4fe19e1a8,FirstNumber=94,secondNumber=1648}  added by thread pool-3-thread-6
 message  {Id=7eabf745-d161-4978-9d7e-fef4fe19e1a8,FirstNumber=94,secondNumber=1648}  written to file by thread pool-3-thread-4
 message  {Id=8645d324-e5f2-4768-b0ac-4e8ae1126ee5,FirstNumber=175,secondNumber=1752}  added by thread pool-3-thread-6
 message  {Id=8645d324-e5f2-4768-b0ac-4e8ae1126ee5,FirstNumber=175,secondNumber=1752}  written to file by thread pool-3-thread-5
 message  {Id=e76efcb6-00cb-468e-8d39-2aec6015dc22,FirstNumber=285,secondNumber=944}  added by thread pool-3-thread-6
 message  {Id=e76efcb6-00cb-468e-8d39-2aec6015dc22,FirstNumber=285,secondNumber=944}  written to file by thread pool-3-thread-2
 message  {Id=56a1c9f6-fe18-45b2-bb8a-afd46e314efc,FirstNumber=960,secondNumber=649}  added by thread pool-3-thread-6
 message  {Id=56a1c9f6-fe18-45b2-bb8a-afd46e314efc,FirstNumber=960,secondNumber=649}  written to file by thread pool-3-thread-1
 message  {Id=39c7e1ed-d3a9-4e61-918a-ff44dd6bbdfe,FirstNumber=407,secondNumber=140}  added by thread pool-3-thread-6
 message  {Id=39c7e1ed-d3a9-4e61-918a-ff44dd6bbdfe,FirstNumber=407,secondNumber=140}  written to file by thread pool-3-thread-3
 message  {Id=eceeff66-ae09-415a-b4d9-45f326ee653d,FirstNumber=677,secondNumber=709}  added by thread pool-3-thread-6
 message  {Id=eceeff66-ae09-415a-b4d9-45f326ee653d,FirstNumber=677,secondNumber=709}  written to file by thread pool-3-thread-4
 message  {Id=6b3eb520-956b-4edb-b303-8a85326d0b2f,FirstNumber=407,secondNumber=668}  added by thread pool-3-thread-6
 message  {Id=6b3eb520-956b-4edb-b303-8a85326d0b2f,FirstNumber=407,secondNumber=668}  written to file by thread pool-3-thread-5
 message  {Id=2a84bd55-2d06-4ebd-9b0f-5f0ada50a3c4,FirstNumber=988,secondNumber=1420}  added by thread pool-3-thread-6
 message  {Id=2a84bd55-2d06-4ebd-9b0f-5f0ada50a3c4,FirstNumber=988,secondNumber=1420}  written to file by thread pool-3-thread-5
 message  {Id=2e3d5f8e-ee12-41a1-818b-2c94a24901b9,FirstNumber=922,secondNumber=51}  added by thread pool-3-thread-6
 message  {Id=2e3d5f8e-ee12-41a1-818b-2c94a24901b9,FirstNumber=922,secondNumber=51}  written to file by thread pool-3-thread-1
 message  {Id=c6424abc-1cc4-42c5-a6fb-21bd07b3a0cf,FirstNumber=491,secondNumber=489}  added by thread pool-3-thread-6
 message  {Id=c6424abc-1cc4-42c5-a6fb-21bd07b3a0cf,FirstNumber=491,secondNumber=489}  written to file by thread pool-3-thread-3
 message  {Id=20840cfe-8d13-4cef-823e-d160fdb64a14,FirstNumber=293,secondNumber=1576}  added by thread pool-3-thread-6
 message  {Id=20840cfe-8d13-4cef-823e-d160fdb64a14,FirstNumber=293,secondNumber=1576}  written to file by thread pool-3-thread-4
 message  {Id=a866d60e-93dd-482a-9f5b-90a54c0caeaf,FirstNumber=750,secondNumber=690}  added by thread pool-3-thread-6
 message  {Id=a866d60e-93dd-482a-9f5b-90a54c0caeaf,FirstNumber=750,secondNumber=690}  written to file by thread pool-3-thread-4
 message  {Id=6489f105-bc91-476d-9c3a-b67d8f28ff64,FirstNumber=845,secondNumber=687}  added by thread pool-3-thread-6
 message  {Id=6489f105-bc91-476d-9c3a-b67d8f28ff64,FirstNumber=845,secondNumber=687}  written to file by thread pool-3-thread-5
 message  {Id=85080c18-5c84-45bf-bb81-8d2c77e2b895,FirstNumber=723,secondNumber=1144}  added by thread pool-3-thread-6
 message  {Id=85080c18-5c84-45bf-bb81-8d2c77e2b895,FirstNumber=723,secondNumber=1144}  written to file by thread pool-3-thread-5
 message  {Id=e67e156d-ccef-4710-8f95-176785f702b1,FirstNumber=779,secondNumber=119}  added by thread pool-3-thread-6
 message  {Id=e67e156d-ccef-4710-8f95-176785f702b1,FirstNumber=779,secondNumber=119}  written to file by thread pool-3-thread-3
 message  {Id=b7ad0753-323f-4782-bc09-eb25ff4d7b7a,FirstNumber=738,secondNumber=1881}  added by thread pool-3-thread-6
 message  {Id=b7ad0753-323f-4782-bc09-eb25ff4d7b7a,FirstNumber=738,secondNumber=1881}  written to file by thread pool-3-thread-3
 message  {Id=9507cd26-9410-4669-9e58-032ad2b119a2,FirstNumber=961,secondNumber=552}  added by thread pool-3-thread-6
 message  {Id=9507cd26-9410-4669-9e58-032ad2b119a2,FirstNumber=961,secondNumber=552}  written to file by thread pool-3-thread-4
 message  {Id=4bf5899c-62be-4075-aa0a-7f2db8c6818c,FirstNumber=125,secondNumber=449}  added by thread pool-3-thread-6
 message  {Id=4bf5899c-62be-4075-aa0a-7f2db8c6818c,FirstNumber=125,secondNumber=449}  written to file by thread pool-3-thread-1
 message  {Id=baf0fcc7-f926-4e51-9462-8098cb7b714b,FirstNumber=65,secondNumber=1286}  added by thread pool-3-thread-6
 message  {Id=baf0fcc7-f926-4e51-9462-8098cb7b714b,FirstNumber=65,secondNumber=1286}  written to file by thread pool-3-thread-5
 message  {Id=d2034ad9-2a0d-4993-be80-275cc8a64bad,FirstNumber=878,secondNumber=267}  added by thread pool-3-thread-6
 message  {Id=d2034ad9-2a0d-4993-be80-275cc8a64bad,FirstNumber=878,secondNumber=267}  written to file by thread pool-3-thread-5
 message  {Id=967ee90d-c28b-414b-845b-8b7fa1988e31,FirstNumber=359,secondNumber=826}  added by thread pool-3-thread-6
 message  {Id=967ee90d-c28b-414b-845b-8b7fa1988e31,FirstNumber=359,secondNumber=826}  written to file by thread pool-3-thread-3
 message  {Id=72afb73b-ce73-4353-ba47-eb4cfcd1c7c6,FirstNumber=211,secondNumber=811}  added by thread pool-3-thread-6
 message  {Id=72afb73b-ce73-4353-ba47-eb4cfcd1c7c6,FirstNumber=211,secondNumber=811}  written to file by thread pool-3-thread-3
 message  {Id=8c7914be-d9bb-47ca-94f7-23a1c4c825ff,FirstNumber=763,secondNumber=433}  added by thread pool-3-thread-6
 message  {Id=8c7914be-d9bb-47ca-94f7-23a1c4c825ff,FirstNumber=763,secondNumber=433}  written to file by thread pool-3-thread-1
 message  {Id=c8bf931f-4186-478b-804d-defa119537f8,FirstNumber=839,secondNumber=550}  added by thread pool-3-thread-6
 message  {Id=c8bf931f-4186-478b-804d-defa119537f8,FirstNumber=839,secondNumber=550}  written to file by thread pool-3-thread-1
 message  {Id=3e67ff12-92f3-41c5-a020-f3c6ae6038ae,FirstNumber=733,secondNumber=1550}  added by thread pool-3-thread-6
 message  {Id=3e67ff12-92f3-41c5-a020-f3c6ae6038ae,FirstNumber=733,secondNumber=1550}  written to file by thread pool-3-thread-5
 message  {Id=301d3956-0a55-48c5-a03f-7f9764ce3f1b,FirstNumber=218,secondNumber=589}  added by thread pool-3-thread-6
 message  {Id=301d3956-0a55-48c5-a03f-7f9764ce3f1b,FirstNumber=218,secondNumber=589}  written to file by thread pool-3-thread-4
 message  {Id=d4ce7bb4-d5cb-4bac-a5b6-971a3e145ac3,FirstNumber=528,secondNumber=1035}  added by thread pool-3-thread-6
 message  {Id=d4ce7bb4-d5cb-4bac-a5b6-971a3e145ac3,FirstNumber=528,secondNumber=1035}  written to file by thread pool-3-thread-3
 message  {Id=265bcb30-aaed-43f1-8ef0-0a0807ba190d,FirstNumber=750,secondNumber=1971}  added by thread pool-3-thread-6
 message  {Id=265bcb30-aaed-43f1-8ef0-0a0807ba190d,FirstNumber=750,secondNumber=1971}  written to file by thread pool-3-thread-2
 message  {Id=0df4b6b6-fb00-4a4f-81c0-addbaf2e08c1,FirstNumber=127,secondNumber=320}  added by thread pool-3-thread-6
 message  {Id=0df4b6b6-fb00-4a4f-81c0-addbaf2e08c1,FirstNumber=127,secondNumber=320}  written to file by thread pool-3-thread-1
 message  {Id=dcbc3680-d9d1-407a-a628-91468ab3fe42,FirstNumber=933,secondNumber=878}  added by thread pool-3-thread-6
 message  {Id=fd714841-a770-4165-be3e-97ecfe0ef653,FirstNumber=826,secondNumber=1308}  added by thread pool-3-thread-6
 message  {Id=dcbc3680-d9d1-407a-a628-91468ab3fe42,FirstNumber=933,secondNumber=878}  written to file by thread pool-3-thread-5
 message  {Id=5d625417-24ad-4c3d-8c76-e13324016e3f,FirstNumber=225,secondNumber=1348}  added by thread pool-3-thread-6
 message  {Id=fd714841-a770-4165-be3e-97ecfe0ef653,FirstNumber=826,secondNumber=1308}  written to file by thread pool-3-thread-5
 message  {Id=8e4edc45-0a77-4fbe-9dd4-a6d94c141b1d,FirstNumber=902,secondNumber=1614}  added by thread pool-3-thread-6
 message  {Id=5d625417-24ad-4c3d-8c76-e13324016e3f,FirstNumber=225,secondNumber=1348}  written to file by thread pool-3-thread-1
 message  {Id=8e4edc45-0a77-4fbe-9dd4-a6d94c141b1d,FirstNumber=902,secondNumber=1614}  written to file by thread pool-3-thread-3
 message  {Id=30972d6f-b295-4d77-83ab-5c6955d8d991,FirstNumber=192,secondNumber=1875}  added by thread pool-3-thread-6
 message  {Id=30972d6f-b295-4d77-83ab-5c6955d8d991,FirstNumber=192,secondNumber=1875}  written to file by thread pool-3-thread-5
 message  {Id=57c03cff-fdd6-48d7-b469-e529fc4dea35,FirstNumber=519,secondNumber=956}  added by thread pool-3-thread-6
 message  {Id=57c03cff-fdd6-48d7-b469-e529fc4dea35,FirstNumber=519,secondNumber=956}  written to file by thread pool-3-thread-4
 message  {Id=a13f3a76-3911-465c-9f3d-eea49d9345ca,FirstNumber=444,secondNumber=282}  added by thread pool-3-thread-6
 message  {Id=a13f3a76-3911-465c-9f3d-eea49d9345ca,FirstNumber=444,secondNumber=282}  written to file by thread pool-3-thread-4
 message  {Id=5ce84743-c05c-4337-9635-d82b298b3771,FirstNumber=999,secondNumber=1008}  added by thread pool-3-thread-6
 message  {Id=5ce84743-c05c-4337-9635-d82b298b3771,FirstNumber=999,secondNumber=1008}  written to file by thread pool-3-thread-1
 message  {Id=57c0649e-9224-4264-a0f0-51f42507ad85,FirstNumber=370,secondNumber=650}  added by thread pool-3-thread-6
 message  {Id=57c0649e-9224-4264-a0f0-51f42507ad85,FirstNumber=370,secondNumber=650}  written to file by thread pool-3-thread-1
 message  {Id=1bfccdaf-aef3-4aa8-b1c6-609bb0cb3295,FirstNumber=845,secondNumber=1130}  added by thread pool-3-thread-6
 message  {Id=1bfccdaf-aef3-4aa8-b1c6-609bb0cb3295,FirstNumber=845,secondNumber=1130}  written to file by thread pool-3-thread-5
 message  {Id=e1b01be7-42bb-45f4-a745-1220c4e7eae6,FirstNumber=858,secondNumber=174}  added by thread pool-3-thread-6
 message  {Id=e1b01be7-42bb-45f4-a745-1220c4e7eae6,FirstNumber=858,secondNumber=174}  written to file by thread pool-3-thread-5
 message  {Id=df4747ab-f342-4d41-963b-020ae0b8edaa,FirstNumber=689,secondNumber=652}  added by thread pool-3-thread-6
 message  {Id=df4747ab-f342-4d41-963b-020ae0b8edaa,FirstNumber=689,secondNumber=652}  written to file by thread pool-3-thread-4
 message  {Id=a54e6603-a887-472f-a5a0-9597fd144cb4,FirstNumber=392,secondNumber=528}  added by thread pool-3-thread-6
 message  {Id=a54e6603-a887-472f-a5a0-9597fd144cb4,FirstNumber=392,secondNumber=528}  written to file by thread pool-3-thread-4
 message  {Id=7b8f4b09-ab8f-4792-b7d7-3e23a3a9e5ce,FirstNumber=892,secondNumber=890}  added by thread pool-3-thread-6
 message  {Id=7b8f4b09-ab8f-4792-b7d7-3e23a3a9e5ce,FirstNumber=892,secondNumber=890}  written to file by thread pool-3-thread-1
 message  {Id=bf5d69d7-9115-4ed4-ad56-f10c75c4fb2f,FirstNumber=474,secondNumber=1117}  added by thread pool-3-thread-6
 message  {Id=bf5d69d7-9115-4ed4-ad56-f10c75c4fb2f,FirstNumber=474,secondNumber=1117}  written to file by thread pool-3-thread-1
 message  {Id=81326bb3-1051-4d3b-8720-532ab727c08f,FirstNumber=547,secondNumber=680}  added by thread pool-3-thread-6
 message  {Id=81326bb3-1051-4d3b-8720-532ab727c08f,FirstNumber=547,secondNumber=680}  written to file by thread pool-3-thread-5
 message  {Id=08693955-c026-4c9b-a421-1cbe03d5ac26,FirstNumber=823,secondNumber=597}  added by thread pool-3-thread-6
 message  {Id=08693955-c026-4c9b-a421-1cbe03d5ac26,FirstNumber=823,secondNumber=597}  written to file by thread pool-3-thread-5
 message  {Id=9604e804-7b43-4aac-91e6-eefda903f0e7,FirstNumber=651,secondNumber=180}  added by thread pool-3-thread-6
 message  {Id=9604e804-7b43-4aac-91e6-eefda903f0e7,FirstNumber=651,secondNumber=180}  written to file by thread pool-3-thread-4
 message  {Id=df600b8d-1015-4dd2-aeb7-c30b16e125c7,FirstNumber=201,secondNumber=1995}  added by thread pool-3-thread-6
 message  {Id=df600b8d-1015-4dd2-aeb7-c30b16e125c7,FirstNumber=201,secondNumber=1995}  written to file by thread pool-3-thread-4
 message  {Id=bcfa4a51-cf91-4a2f-811f-498fb52b2756,FirstNumber=46,secondNumber=1546}  added by thread pool-3-thread-6
 message  {Id=bcfa4a51-cf91-4a2f-811f-498fb52b2756,FirstNumber=46,secondNumber=1546}  written to file by thread pool-3-thread-1
 message  {Id=dc2bf41f-045c-4d98-ba75-135b4fc26f27,FirstNumber=570,secondNumber=1672}  added by thread pool-3-thread-6
 message  {Id=dc2bf41f-045c-4d98-ba75-135b4fc26f27,FirstNumber=570,secondNumber=1672}  written to file by thread pool-3-thread-1
 message  {Id=27ce8f6f-56e7-4ea7-956d-266de2d71069,FirstNumber=242,secondNumber=402}  added by thread pool-3-thread-6
 message  {Id=27ce8f6f-56e7-4ea7-956d-266de2d71069,FirstNumber=242,secondNumber=402}  written to file by thread pool-3-thread-5
 message  {Id=68f8f286-5065-4897-a458-bfc09c1ec503,FirstNumber=706,secondNumber=297}  added by thread pool-3-thread-6
 message  {Id=68f8f286-5065-4897-a458-bfc09c1ec503,FirstNumber=706,secondNumber=297}  written to file by thread pool-3-thread-5
 message  {Id=061df674-e34b-4dc6-a510-dac494d5847e,FirstNumber=561,secondNumber=1254}  added by thread pool-3-thread-6
 message  {Id=061df674-e34b-4dc6-a510-dac494d5847e,FirstNumber=561,secondNumber=1254}  written to file by thread pool-3-thread-4
 message  {Id=9d8c7434-3f36-4b82-b3d7-0a772ca6876f,FirstNumber=747,secondNumber=757}  added by thread pool-3-thread-6
 message  {Id=9d8c7434-3f36-4b82-b3d7-0a772ca6876f,FirstNumber=747,secondNumber=757}  written to file by thread pool-3-thread-4
 message  {Id=649aef9d-86a4-477d-b02a-d85475373ae0,FirstNumber=506,secondNumber=74}  added by thread pool-3-thread-6
 message  {Id=649aef9d-86a4-477d-b02a-d85475373ae0,FirstNumber=506,secondNumber=74}  written to file by thread pool-3-thread-1
 message  {Id=4ca780dd-9fc8-4519-9e12-a9cd4dac9404,FirstNumber=365,secondNumber=330}  added by thread pool-3-thread-6
 message  {Id=4ca780dd-9fc8-4519-9e12-a9cd4dac9404,FirstNumber=365,secondNumber=330}  written to file by thread pool-3-thread-1
 message  {Id=ddc7a01f-f820-4f50-97c0-dc83658917ff,FirstNumber=732,secondNumber=1426}  added by thread pool-3-thread-6
 message  {Id=ddc7a01f-f820-4f50-97c0-dc83658917ff,FirstNumber=732,secondNumber=1426}  written to file by thread pool-3-thread-5
 message  {Id=4316d58e-e1be-4ab9-8af0-69d8a1f88799,FirstNumber=206,secondNumber=1241}  added by thread pool-3-thread-6
 message  {Id=4316d58e-e1be-4ab9-8af0-69d8a1f88799,FirstNumber=206,secondNumber=1241}  written to file by thread pool-3-thread-5
 message  {Id=5dd62759-b1c0-43a3-9c40-8fef51955b3d,FirstNumber=742,secondNumber=1332}  added by thread pool-3-thread-6
 message  {Id=5dd62759-b1c0-43a3-9c40-8fef51955b3d,FirstNumber=742,secondNumber=1332}  written to file by thread pool-3-thread-4
 message  {Id=6490ef03-86f2-41fe-830b-2bf012971e91,FirstNumber=768,secondNumber=721}  added by thread pool-3-thread-6
 message  {Id=6490ef03-86f2-41fe-830b-2bf012971e91,FirstNumber=768,secondNumber=721}  written to file by thread pool-3-thread-2
 message  {Id=6bd7bd84-4211-42ef-8da0-15ebafaa4310,FirstNumber=385,secondNumber=1583}  added by thread pool-3-thread-6
 message  {Id=6bd7bd84-4211-42ef-8da0-15ebafaa4310,FirstNumber=385,secondNumber=1583}  written to file by thread pool-3-thread-2
 message  {Id=658635e0-4e25-4559-909a-c029c7c80fc5,FirstNumber=127,secondNumber=1167}  added by thread pool-3-thread-6
 message  {Id=658635e0-4e25-4559-909a-c029c7c80fc5,FirstNumber=127,secondNumber=1167}  written to file by thread pool-3-thread-3
 message  {Id=3b947492-177d-4933-bd90-b34c02257f38,FirstNumber=673,secondNumber=70}  added by thread pool-3-thread-6
 message  {Id=3b947492-177d-4933-bd90-b34c02257f38,FirstNumber=673,secondNumber=70}  written to file by thread pool-3-thread-5
 message  {Id=d5b8e026-e450-4b5e-93cb-ad73889d6ee7,FirstNumber=360,secondNumber=1086}  added by thread pool-3-thread-6
 message  {Id=d5b8e026-e450-4b5e-93cb-ad73889d6ee7,FirstNumber=360,secondNumber=1086}  written to file by thread pool-3-thread-4
 message  {Id=c6aad4fc-8d31-42d1-8c9c-f8400a216050,FirstNumber=578,secondNumber=1347}  added by thread pool-3-thread-6
 message  {Id=c6aad4fc-8d31-42d1-8c9c-f8400a216050,FirstNumber=578,secondNumber=1347}  written to file by thread pool-3-thread-1
 message  {Id=d25d6769-f308-4494-bb13-cfcb706188b3,FirstNumber=640,secondNumber=1894}  added by thread pool-3-thread-6
 message  {Id=d25d6769-f308-4494-bb13-cfcb706188b3,FirstNumber=640,secondNumber=1894}  written to file by thread pool-3-thread-2
 message  {Id=131e418d-3f3e-425c-a1bb-e0cc67de7a44,FirstNumber=291,secondNumber=1800}  added by thread pool-3-thread-6
 message  {Id=131e418d-3f3e-425c-a1bb-e0cc67de7a44,FirstNumber=291,secondNumber=1800}  written to file by thread pool-3-thread-3
 message  {Id=2cbf2f76-3d9e-4421-bbe6-eff69591ba1c,FirstNumber=456,secondNumber=101}  added by thread pool-3-thread-6
 message  {Id=2cbf2f76-3d9e-4421-bbe6-eff69591ba1c,FirstNumber=456,secondNumber=101}  written to file by thread pool-3-thread-3
 message  {Id=5f842162-3eaf-4b03-b2ad-a327ffd3827a,FirstNumber=277,secondNumber=1111}  added by thread pool-3-thread-6
 message  {Id=5f842162-3eaf-4b03-b2ad-a327ffd3827a,FirstNumber=277,secondNumber=1111}  written to file by thread pool-3-thread-4
 message  {Id=a5462c53-789d-4013-ab9e-490c9a5e46ca,FirstNumber=609,secondNumber=1973}  added by thread pool-3-thread-6
 message  {Id=a5462c53-789d-4013-ab9e-490c9a5e46ca,FirstNumber=609,secondNumber=1973}  written to file by thread pool-3-thread-4
 message  {Id=7f75ae0d-073e-4c80-ada4-ac2eff608429,FirstNumber=28,secondNumber=1907}  added by thread pool-3-thread-6
 message  {Id=7f75ae0d-073e-4c80-ada4-ac2eff608429,FirstNumber=28,secondNumber=1907}  written to file by thread pool-3-thread-2
 message  {Id=a7812d23-46ac-4ee0-a64e-cdec74a16862,FirstNumber=270,secondNumber=96}  added by thread pool-3-thread-6
 message  {Id=a7812d23-46ac-4ee0-a64e-cdec74a16862,FirstNumber=270,secondNumber=96}  written to file by thread pool-3-thread-2
 message  {Id=d9ce8a36-cc5d-4a75-9a06-49f3cb93cac6,FirstNumber=462,secondNumber=324}  added by thread pool-3-thread-6
 message  {Id=d9ce8a36-cc5d-4a75-9a06-49f3cb93cac6,FirstNumber=462,secondNumber=324}  written to file by thread pool-3-thread-3
 message  {Id=1a9bd4f9-c580-47a4-8c89-c99eb660d1e3,FirstNumber=102,secondNumber=452}  added by thread pool-3-thread-6
 message  {Id=1a9bd4f9-c580-47a4-8c89-c99eb660d1e3,FirstNumber=102,secondNumber=452}  written to file by thread pool-3-thread-3
 message  {Id=97a0142f-eb0a-4125-badc-659367405577,FirstNumber=567,secondNumber=1929}  added by thread pool-3-thread-6
 message  {Id=97a0142f-eb0a-4125-badc-659367405577,FirstNumber=567,secondNumber=1929}  written to file by thread pool-3-thread-4
 message  {Id=878ed3d6-9292-40ed-bb0a-915a992ce28c,FirstNumber=841,secondNumber=1142}  added by thread pool-3-thread-6
 message  {Id=878ed3d6-9292-40ed-bb0a-915a992ce28c,FirstNumber=841,secondNumber=1142}  written to file by thread pool-3-thread-5
 message  {Id=35fb6101-9ad8-4a99-aad1-bb13d5598f3a,FirstNumber=530,secondNumber=433}  added by thread pool-3-thread-6
 message  {Id=35fb6101-9ad8-4a99-aad1-bb13d5598f3a,FirstNumber=530,secondNumber=433}  written to file by thread pool-3-thread-2
 message  {Id=60cd0de4-7863-406c-be06-6bb11a2e058f,FirstNumber=0,secondNumber=407}  added by thread pool-3-thread-6
 message  {Id=60cd0de4-7863-406c-be06-6bb11a2e058f,FirstNumber=0,secondNumber=407}  written to file by thread pool-3-thread-1
 message  {Id=2b6d6dec-b105-4a25-8497-2e26d01276e8,FirstNumber=903,secondNumber=89}  added by thread pool-3-thread-6
 message  {Id=2b6d6dec-b105-4a25-8497-2e26d01276e8,FirstNumber=903,secondNumber=89}  written to file by thread pool-3-thread-3
 message  {Id=d572895f-b9c0-4210-8684-714e00e17a28,FirstNumber=609,secondNumber=212}  added by thread pool-3-thread-6
 message  {Id=d572895f-b9c0-4210-8684-714e00e17a28,FirstNumber=609,secondNumber=212}  written to file by thread pool-3-thread-3
 message  {Id=b5bedb14-5712-44fe-bb19-e93fb1d70386,FirstNumber=380,secondNumber=787}  added by thread pool-3-thread-6
 message  {Id=b5bedb14-5712-44fe-bb19-e93fb1d70386,FirstNumber=380,secondNumber=787}  written to file by thread pool-3-thread-5
 message  {Id=0a1e37c5-d150-4f02-a203-8faaf2597472,FirstNumber=219,secondNumber=1805}  added by thread pool-3-thread-6
 message  {Id=0a1e37c5-d150-4f02-a203-8faaf2597472,FirstNumber=219,secondNumber=1805}  written to file by thread pool-3-thread-5
 message  {Id=3578a8ad-d3ff-40bc-aa0f-3f10ffc94eb1,FirstNumber=260,secondNumber=858}  added by thread pool-3-thread-6
 message  {Id=3578a8ad-d3ff-40bc-aa0f-3f10ffc94eb1,FirstNumber=260,secondNumber=858}  written to file by thread pool-3-thread-1
 message  {Id=64a9c151-8c1b-450f-997f-4a6f25e394bf,FirstNumber=271,secondNumber=1228}  added by thread pool-3-thread-6
 message  {Id=64a9c151-8c1b-450f-997f-4a6f25e394bf,FirstNumber=271,secondNumber=1228}  written to file by thread pool-3-thread-1
 message  {Id=32b779d2-6bee-498f-a148-862cf504441b,FirstNumber=139,secondNumber=1509}  added by thread pool-3-thread-6
 message  {Id=32b779d2-6bee-498f-a148-862cf504441b,FirstNumber=139,secondNumber=1509}  written to file by thread pool-3-thread-3
 message  {Id=da08bea8-13a0-4968-98cd-bb8d94a77e15,FirstNumber=0,secondNumber=1553}  added by thread pool-3-thread-6
 message  {Id=da08bea8-13a0-4968-98cd-bb8d94a77e15,FirstNumber=0,secondNumber=1553}  written to file by thread pool-3-thread-2
 message  {Id=995c6694-02a3-43fd-94fd-5092cce8ace0,FirstNumber=941,secondNumber=1536}  added by thread pool-3-thread-6
 message  {Id=995c6694-02a3-43fd-94fd-5092cce8ace0,FirstNumber=941,secondNumber=1536}  written to file by thread pool-3-thread-5
 message  {Id=fdd9678c-f270-4d04-8785-f2de506b36cd,FirstNumber=574,secondNumber=1529}  added by thread pool-3-thread-6
 message  {Id=fdd9678c-f270-4d04-8785-f2de506b36cd,FirstNumber=574,secondNumber=1529}  written to file by thread pool-3-thread-4
 message  {Id=416889eb-ac9d-4895-8cb5-8a540d3a8968,FirstNumber=591,secondNumber=85}  added by thread pool-3-thread-6
 message  {Id=416889eb-ac9d-4895-8cb5-8a540d3a8968,FirstNumber=591,secondNumber=85}  written to file by thread pool-3-thread-1
 message  {Id=100fd8e4-4df3-488d-8ff2-7767d140a43a,FirstNumber=388,secondNumber=275}  added by thread pool-3-thread-6
 message  {Id=100fd8e4-4df3-488d-8ff2-7767d140a43a,FirstNumber=388,secondNumber=275}  written to file by thread pool-3-thread-1
 message  {Id=5f4954a9-e536-40f6-92bb-8a0399f38215,FirstNumber=746,secondNumber=610}  added by thread pool-3-thread-6
 message  {Id=5f4954a9-e536-40f6-92bb-8a0399f38215,FirstNumber=746,secondNumber=610}  written to file by thread pool-3-thread-2
 message  {Id=f12ac30f-fc40-4968-938f-8620b85aa06d,FirstNumber=80,secondNumber=1151}  added by thread pool-3-thread-6
 message  {Id=f12ac30f-fc40-4968-938f-8620b85aa06d,FirstNumber=80,secondNumber=1151}  written to file by thread pool-3-thread-2
 message  {Id=aa76c45c-2349-4107-8e63-1de3b84cd01c,FirstNumber=539,secondNumber=1932}  added by thread pool-3-thread-6
 message  {Id=aa76c45c-2349-4107-8e63-1de3b84cd01c,FirstNumber=539,secondNumber=1932}  written to file by thread pool-3-thread-4
 message  {Id=be2ad1c6-75f1-4369-adc2-8e4b61caefb1,FirstNumber=813,secondNumber=1200}  added by thread pool-3-thread-6
 message  {Id=be2ad1c6-75f1-4369-adc2-8e4b61caefb1,FirstNumber=813,secondNumber=1200}  written to file by thread pool-3-thread-4
 message  {Id=ef344064-6a74-4382-bd44-05853026874a,FirstNumber=316,secondNumber=69}  added by thread pool-3-thread-6
 message  {Id=ef344064-6a74-4382-bd44-05853026874a,FirstNumber=316,secondNumber=69}  written to file by thread pool-3-thread-1
 message  {Id=7fbfebce-e3a9-41c8-9957-49c9e511975a,FirstNumber=360,secondNumber=91}  added by thread pool-3-thread-6
 message  {Id=7fbfebce-e3a9-41c8-9957-49c9e511975a,FirstNumber=360,secondNumber=91}  written to file by thread pool-3-thread-1
 message  {Id=17b466c0-2f0e-4ce7-b700-f8ea6eaca6f7,FirstNumber=858,secondNumber=1573}  added by thread pool-3-thread-6
 message  {Id=17b466c0-2f0e-4ce7-b700-f8ea6eaca6f7,FirstNumber=858,secondNumber=1573}  written to file by thread pool-3-thread-2
 message  {Id=2d8dc114-1200-44bb-8725-8c12c5bb0ebc,FirstNumber=343,secondNumber=1951}  added by thread pool-3-thread-6
 message  {Id=2d8dc114-1200-44bb-8725-8c12c5bb0ebc,FirstNumber=343,secondNumber=1951}  written to file by thread pool-3-thread-2
 message  {Id=243509fe-0f19-49b2-9039-6c7bc8a1ce78,FirstNumber=219,secondNumber=1041}  added by thread pool-3-thread-6
 message  {Id=243509fe-0f19-49b2-9039-6c7bc8a1ce78,FirstNumber=219,secondNumber=1041}  written to file by thread pool-3-thread-4
 message  {Id=4f78526c-28c2-4e40-923f-d49713855f8a,FirstNumber=195,secondNumber=1227}  added by thread pool-3-thread-6
 message  {Id=4f78526c-28c2-4e40-923f-d49713855f8a,FirstNumber=195,secondNumber=1227}  written to file by thread pool-3-thread-4
 message  {Id=570f316f-70fb-4177-8123-bf972d999d94,FirstNumber=661,secondNumber=1464}  added by thread pool-3-thread-6
 message  {Id=570f316f-70fb-4177-8123-bf972d999d94,FirstNumber=661,secondNumber=1464}  written to file by thread pool-3-thread-1
 message  {Id=6621c714-e0de-4b74-b373-1a3368c78ab9,FirstNumber=163,secondNumber=623}  added by thread pool-3-thread-6
 message  {Id=6621c714-e0de-4b74-b373-1a3368c78ab9,FirstNumber=163,secondNumber=623}  written to file by thread pool-3-thread-3
 message  {Id=31c7772a-8364-4b19-a64a-bb53a69c4643,FirstNumber=742,secondNumber=1876}  added by thread pool-3-thread-6
 message  {Id=31c7772a-8364-4b19-a64a-bb53a69c4643,FirstNumber=742,secondNumber=1876}  written to file by thread pool-3-thread-2
 message  {Id=984748ed-0687-46d7-a190-b1a939896196,FirstNumber=217,secondNumber=1219}  added by thread pool-3-thread-6
 message  {Id=984748ed-0687-46d7-a190-b1a939896196,FirstNumber=217,secondNumber=1219}  written to file by thread pool-3-thread-5
 message  {Id=fc6d7e40-3198-4793-9e1f-b03ac9957281,FirstNumber=462,secondNumber=1894}  added by thread pool-3-thread-6
 message  {Id=fc6d7e40-3198-4793-9e1f-b03ac9957281,FirstNumber=462,secondNumber=1894}  written to file by thread pool-3-thread-4
 message  {Id=edac07ca-afe7-4aaa-9aa3-391122890ab2,FirstNumber=703,secondNumber=633}  added by thread pool-3-thread-6
 message  {Id=edac07ca-afe7-4aaa-9aa3-391122890ab2,FirstNumber=703,secondNumber=633}  written to file by thread pool-3-thread-4
 message  {Id=cb556a2e-e027-4c1d-9f13-0774f38b2d5a,FirstNumber=527,secondNumber=1002}  added by thread pool-3-thread-6
 message  {Id=cb556a2e-e027-4c1d-9f13-0774f38b2d5a,FirstNumber=527,secondNumber=1002}  written to file by thread pool-3-thread-3
 message  {Id=27b76d9d-5c85-4ae4-b345-5da69ad368a6,FirstNumber=904,secondNumber=1402}  added by thread pool-3-thread-6
 message  {Id=27b76d9d-5c85-4ae4-b345-5da69ad368a6,FirstNumber=904,secondNumber=1402}  written to file by thread pool-3-thread-2
 message  {Id=573914d5-dd4d-433c-8e50-b658a82f4e86,FirstNumber=887,secondNumber=1004}  added by thread pool-3-thread-6
 message  {Id=573914d5-dd4d-433c-8e50-b658a82f4e86,FirstNumber=887,secondNumber=1004}  written to file by thread pool-3-thread-2
 message  {Id=48f5be57-ff68-4619-97d2-c6529d12683b,FirstNumber=303,secondNumber=1362}  added by thread pool-3-thread-6
 message  {Id=48f5be57-ff68-4619-97d2-c6529d12683b,FirstNumber=303,secondNumber=1362}  written to file by thread pool-3-thread-1
 message  {Id=b11add46-464f-4aec-aa2f-0f2b30e5b631,FirstNumber=803,secondNumber=1179}  added by thread pool-3-thread-6
 message  {Id=b11add46-464f-4aec-aa2f-0f2b30e5b631,FirstNumber=803,secondNumber=1179}  written to file by thread pool-3-thread-1
 message  {Id=bccb80ec-6f87-4503-9e12-5612e8f7eac6,FirstNumber=151,secondNumber=1478}  added by thread pool-3-thread-6
 message  {Id=bccb80ec-6f87-4503-9e12-5612e8f7eac6,FirstNumber=151,secondNumber=1478}  written to file by thread pool-3-thread-1
 message  {Id=56ed5cef-3d3c-46ab-afbd-9631551b1fff,FirstNumber=345,secondNumber=870}  added by thread pool-3-thread-6
 message  {Id=56ed5cef-3d3c-46ab-afbd-9631551b1fff,FirstNumber=345,secondNumber=870}  written to file by thread pool-3-thread-5
 message  {Id=dec18689-85fd-4261-9d9d-b24149ab513e,FirstNumber=197,secondNumber=1467}  added by thread pool-3-thread-6
 message  {Id=dec18689-85fd-4261-9d9d-b24149ab513e,FirstNumber=197,secondNumber=1467}  written to file by thread pool-3-thread-5
 message  {Id=d4d52ee7-712f-46b1-a648-e6d247926cee,FirstNumber=923,secondNumber=840}  added by thread pool-3-thread-6
 message  {Id=d4d52ee7-712f-46b1-a648-e6d247926cee,FirstNumber=923,secondNumber=840}  written to file by thread pool-3-thread-4
 message  {Id=46c526f8-c0a2-44fa-aa1c-133b7f3d0ae3,FirstNumber=229,secondNumber=1039}  added by thread pool-3-thread-6
 message  {Id=46c526f8-c0a2-44fa-aa1c-133b7f3d0ae3,FirstNumber=229,secondNumber=1039}  written to file by thread pool-3-thread-4
 message  {Id=5fc807c6-f878-4454-99bc-7a1709693cd5,FirstNumber=612,secondNumber=1253}  added by thread pool-3-thread-6
 message  {Id=5fc807c6-f878-4454-99bc-7a1709693cd5,FirstNumber=612,secondNumber=1253}  written to file by thread pool-3-thread-1
 message  {Id=2560c663-3d27-44e5-9d82-d49c4675ccef,FirstNumber=791,secondNumber=103}  added by thread pool-3-thread-6
 message  {Id=2560c663-3d27-44e5-9d82-d49c4675ccef,FirstNumber=791,secondNumber=103}  written to file by thread pool-3-thread-2
 message  {Id=4b7c0459-a009-441a-8646-97aa305b76e7,FirstNumber=118,secondNumber=1452}  added by thread pool-3-thread-6
 message  {Id=4b7c0459-a009-441a-8646-97aa305b76e7,FirstNumber=118,secondNumber=1452}  written to file by thread pool-3-thread-5
 message  {Id=d33c8270-c819-4c77-acf8-ec821224390d,FirstNumber=765,secondNumber=977}  added by thread pool-3-thread-6
 message  {Id=d33c8270-c819-4c77-acf8-ec821224390d,FirstNumber=765,secondNumber=977}  written to file by thread pool-3-thread-5
 message  {Id=ada98ad8-e3b9-4967-8c96-95cbae2dc0ae,FirstNumber=306,secondNumber=1413}  added by thread pool-3-thread-6
 message  {Id=ada98ad8-e3b9-4967-8c96-95cbae2dc0ae,FirstNumber=306,secondNumber=1413}  written to file by thread pool-3-thread-4
 message  {Id=0ad20ed7-3d95-4b4e-923f-0d3668597011,FirstNumber=743,secondNumber=1765}  added by thread pool-3-thread-6
 message  {Id=0ad20ed7-3d95-4b4e-923f-0d3668597011,FirstNumber=743,secondNumber=1765}  written to file by thread pool-3-thread-1
 message  {Id=92765560-f7e4-4d8b-b4c5-098ea482f8a3,FirstNumber=526,secondNumber=226}  added by thread pool-3-thread-6
 message  {Id=92765560-f7e4-4d8b-b4c5-098ea482f8a3,FirstNumber=526,secondNumber=226}  written to file by thread pool-3-thread-2
 message  {Id=e6b79934-03c4-43eb-99d7-8989de375b90,FirstNumber=357,secondNumber=205}  added by thread pool-3-thread-6
 message  {Id=e6b79934-03c4-43eb-99d7-8989de375b90,FirstNumber=357,secondNumber=205}  written to file by thread pool-3-thread-3
 message  {Id=870f0475-a6b1-467a-84ab-74ab2766cef0,FirstNumber=761,secondNumber=991}  added by thread pool-3-thread-6
 message  {Id=870f0475-a6b1-467a-84ab-74ab2766cef0,FirstNumber=761,secondNumber=991}  written to file by thread pool-3-thread-5
 message  {Id=1866323b-8a5d-41d5-bbc5-6ffb694c7de2,FirstNumber=254,secondNumber=497}  added by thread pool-3-thread-6
 message  {Id=1866323b-8a5d-41d5-bbc5-6ffb694c7de2,FirstNumber=254,secondNumber=497}  written to file by thread pool-3-thread-5
 message  {Id=1c92c713-26d8-480d-85e7-9674b6fa7430,FirstNumber=74,secondNumber=301}  added by thread pool-3-thread-6
 message  {Id=1c92c713-26d8-480d-85e7-9674b6fa7430,FirstNumber=74,secondNumber=301}  written to file by thread pool-3-thread-1
 message  {Id=36a1960a-2d45-4dc5-858b-8cd49d462fc4,FirstNumber=307,secondNumber=455}  added by thread pool-3-thread-6
 message  {Id=36a1960a-2d45-4dc5-858b-8cd49d462fc4,FirstNumber=307,secondNumber=455}  written to file by thread pool-3-thread-1
 message  {Id=4c7f4dbc-8566-460b-9bf9-d7f2b53d7cd4,FirstNumber=423,secondNumber=346}  added by thread pool-3-thread-6
 message  {Id=4c7f4dbc-8566-460b-9bf9-d7f2b53d7cd4,FirstNumber=423,secondNumber=346}  written to file by thread pool-3-thread-3
 message  {Id=2bf9c37e-e2d3-496f-8710-965b491b0ac8,FirstNumber=697,secondNumber=1692}  added by thread pool-3-thread-6
 message  {Id=2bf9c37e-e2d3-496f-8710-965b491b0ac8,FirstNumber=697,secondNumber=1692}  written to file by thread pool-3-thread-3
 message  {Id=0fbe8f90-bfd4-4b5e-b602-4241e8572010,FirstNumber=551,secondNumber=1013}  added by thread pool-3-thread-6
 message  {Id=0fbe8f90-bfd4-4b5e-b602-4241e8572010,FirstNumber=551,secondNumber=1013}  written to file by thread pool-3-thread-5
 message  {Id=22c89fea-c1b5-44ec-9f44-0337625fe659,FirstNumber=25,secondNumber=1291}  added by thread pool-3-thread-6
 message  {Id=22c89fea-c1b5-44ec-9f44-0337625fe659,FirstNumber=25,secondNumber=1291}  written to file by thread pool-3-thread-2
 message  {Id=a758e5cc-91d0-4e6f-9a91-36bcef030493,FirstNumber=829,secondNumber=1098}  added by thread pool-3-thread-6
 message  {Id=a758e5cc-91d0-4e6f-9a91-36bcef030493,FirstNumber=829,secondNumber=1098}  written to file by thread pool-3-thread-1
 message  {Id=f6a31dce-2eb7-4565-a69e-623d29834c72,FirstNumber=415,secondNumber=1804}  added by thread pool-3-thread-6
 message  {Id=f6a31dce-2eb7-4565-a69e-623d29834c72,FirstNumber=415,secondNumber=1804}  written to file by thread pool-3-thread-4
 message  {Id=0008cc13-9492-4b10-9495-7a81cdd8590a,FirstNumber=612,secondNumber=604}  added by thread pool-3-thread-6
 message  {Id=0008cc13-9492-4b10-9495-7a81cdd8590a,FirstNumber=612,secondNumber=604}  written to file by thread pool-3-thread-3
 message  {Id=3f31174d-fa97-4171-83db-0c2c213a4e7f,FirstNumber=416,secondNumber=519}  added by thread pool-3-thread-6
 message  {Id=3f31174d-fa97-4171-83db-0c2c213a4e7f,FirstNumber=416,secondNumber=519}  written to file by thread pool-3-thread-3
 message  {Id=b78d9cf7-bbdf-4d39-8a54-86a8ee752b33,FirstNumber=238,secondNumber=1338}  added by thread pool-3-thread-6
 message  {Id=b78d9cf7-bbdf-4d39-8a54-86a8ee752b33,FirstNumber=238,secondNumber=1338}  written to file by thread pool-3-thread-2
 message  {Id=db447142-d167-45b8-a8e4-8f1305b8e5a5,FirstNumber=268,secondNumber=1178}  added by thread pool-3-thread-6
 message  {Id=db447142-d167-45b8-a8e4-8f1305b8e5a5,FirstNumber=268,secondNumber=1178}  written to file by thread pool-3-thread-2
 message  {Id=e6613b61-a770-4fec-b993-81491a5cf25c,FirstNumber=492,secondNumber=826}  added by thread pool-3-thread-6
 message  {Id=e6613b61-a770-4fec-b993-81491a5cf25c,FirstNumber=492,secondNumber=826}  written to file by thread pool-3-thread-4
 message  {Id=b3dc3d4e-aa94-4b4b-ae19-c79ecee63678,FirstNumber=640,secondNumber=895}  added by thread pool-3-thread-6
 message  {Id=b3dc3d4e-aa94-4b4b-ae19-c79ecee63678,FirstNumber=640,secondNumber=895}  written to file by thread pool-3-thread-5
 message  {Id=682b072b-b461-47e2-a428-79ebe87f7977,FirstNumber=992,secondNumber=1892}  added by thread pool-3-thread-6
 message  {Id=682b072b-b461-47e2-a428-79ebe87f7977,FirstNumber=992,secondNumber=1892}  written to file by thread pool-3-thread-5
 message  {Id=050552cb-1d42-40ae-b2a6-52b313e54a51,FirstNumber=564,secondNumber=1613}  added by thread pool-3-thread-6
 message  {Id=050552cb-1d42-40ae-b2a6-52b313e54a51,FirstNumber=564,secondNumber=1613}  written to file by thread pool-3-thread-1
 message  {Id=526f4189-b146-4f58-bc3e-930bf21e4ffb,FirstNumber=729,secondNumber=872}  added by thread pool-3-thread-6
 message  {Id=526f4189-b146-4f58-bc3e-930bf21e4ffb,FirstNumber=729,secondNumber=872}  written to file by thread pool-3-thread-2
 message  {Id=2307c488-022b-489d-bf0d-9b1fd69ebfe3,FirstNumber=409,secondNumber=1206}  added by thread pool-3-thread-6
 message  {Id=2307c488-022b-489d-bf0d-9b1fd69ebfe3,FirstNumber=409,secondNumber=1206}  written to file by thread pool-3-thread-2
 message  {Id=f85e57b9-80ad-41c8-bb4f-346351e2aebe,FirstNumber=743,secondNumber=81}  added by thread pool-3-thread-6
 message  {Id=f85e57b9-80ad-41c8-bb4f-346351e2aebe,FirstNumber=743,secondNumber=81}  written to file by thread pool-3-thread-3
 message  {Id=d6f505ed-ceb2-4927-b124-28dad2ae2128,FirstNumber=176,secondNumber=679}  added by thread pool-3-thread-6
 message  {Id=d6f505ed-ceb2-4927-b124-28dad2ae2128,FirstNumber=176,secondNumber=679}  written to file by thread pool-3-thread-3
 message  {Id=5a1d4578-ced0-4736-be66-f4de51f6115b,FirstNumber=277,secondNumber=479}  added by thread pool-3-thread-6
 message  {Id=5a1d4578-ced0-4736-be66-f4de51f6115b,FirstNumber=277,secondNumber=479}  written to file by thread pool-3-thread-1
 message  {Id=5b55790a-fb49-45e9-b829-bf08e9d90a0c,FirstNumber=234,secondNumber=804}  added by thread pool-3-thread-6
 message  {Id=5b55790a-fb49-45e9-b829-bf08e9d90a0c,FirstNumber=234,secondNumber=804}  written to file by thread pool-3-thread-4
 message  {Id=944e3c00-07c1-4b2c-84f9-899d7d8f9d02,FirstNumber=758,secondNumber=1158}  added by thread pool-3-thread-6
 message  {Id=944e3c00-07c1-4b2c-84f9-899d7d8f9d02,FirstNumber=758,secondNumber=1158}  written to file by thread pool-3-thread-2
 message  {Id=cd4cb332-4619-4842-9ba0-9b79d43adc4c,FirstNumber=587,secondNumber=1610}  added by thread pool-3-thread-6
 message  {Id=cd4cb332-4619-4842-9ba0-9b79d43adc4c,FirstNumber=587,secondNumber=1610}  written to file by thread pool-3-thread-2
 message  {Id=622d4b73-2267-4be5-8a42-572293b710a4,FirstNumber=251,secondNumber=192}  added by thread pool-3-thread-6
 message  {Id=622d4b73-2267-4be5-8a42-572293b710a4,FirstNumber=251,secondNumber=192}  written to file by thread pool-3-thread-3
 message  {Id=731a07be-abff-45ab-9802-030efa5fd370,FirstNumber=487,secondNumber=1635}  added by thread pool-3-thread-6
 message  {Id=731a07be-abff-45ab-9802-030efa5fd370,FirstNumber=487,secondNumber=1635}  written to file by thread pool-3-thread-3
 message  {Id=040299ce-bcfc-417c-8f6a-83ca07d4a012,FirstNumber=678,secondNumber=462}  added by thread pool-3-thread-6
 message  {Id=040299ce-bcfc-417c-8f6a-83ca07d4a012,FirstNumber=678,secondNumber=462}  written to file by thread pool-3-thread-4
 message  {Id=769b3a47-9e97-41de-9b10-8855030df27f,FirstNumber=293,secondNumber=1414}  added by thread pool-3-thread-6
 message  {Id=769b3a47-9e97-41de-9b10-8855030df27f,FirstNumber=293,secondNumber=1414}  written to file by thread pool-3-thread-5
 message  {Id=01de7ada-4787-43e9-894b-8f77da003085,FirstNumber=337,secondNumber=1797}  added by thread pool-3-thread-6
 message  {Id=01de7ada-4787-43e9-894b-8f77da003085,FirstNumber=337,secondNumber=1797}  written to file by thread pool-3-thread-2
 message  {Id=bd0fb01f-4e4c-41b6-ae20-63335399e47d,FirstNumber=176,secondNumber=687}  added by thread pool-3-thread-6
 message  {Id=bd0fb01f-4e4c-41b6-ae20-63335399e47d,FirstNumber=176,secondNumber=687}  written to file by thread pool-3-thread-2
 message  {Id=fa8f8e0d-2b70-4040-bd28-cb51aae195dc,FirstNumber=628,secondNumber=1106}  added by thread pool-3-thread-6
 message  {Id=fa8f8e0d-2b70-4040-bd28-cb51aae195dc,FirstNumber=628,secondNumber=1106}  written to file by thread pool-3-thread-3
 message  {Id=8ba02711-3217-447a-9059-42a98a8d118f,FirstNumber=748,secondNumber=895}  added by thread pool-3-thread-6
 message  {Id=8ba02711-3217-447a-9059-42a98a8d118f,FirstNumber=748,secondNumber=895}  written to file by thread pool-3-thread-4
 message  {Id=2b349e55-d5d5-4ded-9bea-400b94072b37,FirstNumber=531,secondNumber=598}  added by thread pool-3-thread-6
 message  {Id=2b349e55-d5d5-4ded-9bea-400b94072b37,FirstNumber=531,secondNumber=598}  written to file by thread pool-3-thread-5
 message  {Id=372a9821-901f-4388-a429-73163ec98a3d,FirstNumber=30,secondNumber=1225}  added by thread pool-3-thread-6
 message  {Id=372a9821-901f-4388-a429-73163ec98a3d,FirstNumber=30,secondNumber=1225}  written to file by thread pool-3-thread-1
 message  {Id=daece5ac-1bf1-4447-ab91-c984b6f34634,FirstNumber=829,secondNumber=1411}  added by thread pool-3-thread-6
 message  {Id=daece5ac-1bf1-4447-ab91-c984b6f34634,FirstNumber=829,secondNumber=1411}  written to file by thread pool-3-thread-2
 message  {Id=259ebf22-d093-43bd-94c1-87da3a76ed8c,FirstNumber=268,secondNumber=72}  added by thread pool-3-thread-6
 message  {Id=259ebf22-d093-43bd-94c1-87da3a76ed8c,FirstNumber=268,secondNumber=72}  written to file by thread pool-3-thread-2
 message  {Id=66a75d94-e5c5-4b9f-a983-6258a8d9b70d,FirstNumber=975,secondNumber=369}  added by thread pool-3-thread-6
 message  {Id=66a75d94-e5c5-4b9f-a983-6258a8d9b70d,FirstNumber=975,secondNumber=369}  written to file by thread pool-3-thread-4
 message  {Id=b090b4a9-9887-48ab-855b-4c46fff46989,FirstNumber=536,secondNumber=510}  added by thread pool-3-thread-6
 message  {Id=b090b4a9-9887-48ab-855b-4c46fff46989,FirstNumber=536,secondNumber=510}  written to file by thread pool-3-thread-5
 message  {Id=6cbdd23c-2b72-4c8c-92df-e742d9b939e3,FirstNumber=242,secondNumber=483}  added by thread pool-3-thread-6
 message  {Id=6cbdd23c-2b72-4c8c-92df-e742d9b939e3,FirstNumber=242,secondNumber=483}  written to file by thread pool-3-thread-1
 message  {Id=d3c2990f-8ffe-4c7c-adf8-5f7d34ccea83,FirstNumber=976,secondNumber=1189}  added by thread pool-3-thread-6
 message  {Id=d3c2990f-8ffe-4c7c-adf8-5f7d34ccea83,FirstNumber=976,secondNumber=1189}  written to file by thread pool-3-thread-1
 message  {Id=3e7743d2-37a7-4224-826a-6e29149b2ba8,FirstNumber=179,secondNumber=1426}  added by thread pool-3-thread-6
 message  {Id=3e7743d2-37a7-4224-826a-6e29149b2ba8,FirstNumber=179,secondNumber=1426}  written to file by thread pool-3-thread-2
 message  {Id=a58d5d18-0c46-43ea-8364-461f6cfbf7fc,FirstNumber=670,secondNumber=1705}  added by thread pool-3-thread-6
 message  {Id=a58d5d18-0c46-43ea-8364-461f6cfbf7fc,FirstNumber=670,secondNumber=1705}  written to file by thread pool-3-thread-2
 message  {Id=dd84d094-f875-4883-bd5b-4b1dc2abf039,FirstNumber=82,secondNumber=718}  added by thread pool-3-thread-6
 message  {Id=dd84d094-f875-4883-bd5b-4b1dc2abf039,FirstNumber=82,secondNumber=718}  written to file by thread pool-3-thread-5
 message  {Id=30a6dccc-b36e-4ea0-aa6b-4bed4aaaa43a,FirstNumber=54,secondNumber=363}  added by thread pool-3-thread-6
 message  {Id=30a6dccc-b36e-4ea0-aa6b-4bed4aaaa43a,FirstNumber=54,secondNumber=363}  written to file by thread pool-3-thread-3
 message  {Id=d494dfb3-b914-48bb-8b09-de399b128e62,FirstNumber=1,secondNumber=278}  added by thread pool-3-thread-6
 message  {Id=d494dfb3-b914-48bb-8b09-de399b128e62,FirstNumber=1,secondNumber=278}  written to file by thread pool-3-thread-1
 message  {Id=24999e87-e99c-423e-b96f-0934d80e3a97,FirstNumber=91,secondNumber=241}  added by thread pool-3-thread-6
 message  {Id=24999e87-e99c-423e-b96f-0934d80e3a97,FirstNumber=91,secondNumber=241}  written to file by thread pool-3-thread-4
 message  {Id=eee29d85-2c3b-42c4-9331-9d869e762c84,FirstNumber=49,secondNumber=466}  added by thread pool-3-thread-6
 message  {Id=eee29d85-2c3b-42c4-9331-9d869e762c84,FirstNumber=49,secondNumber=466}  written to file by thread pool-3-thread-2
 message  {Id=03d1e79c-ac5b-40db-a75f-dcf4db90b2db,FirstNumber=694,secondNumber=653}  added by thread pool-3-thread-6
 message  {Id=03d1e79c-ac5b-40db-a75f-dcf4db90b2db,FirstNumber=694,secondNumber=653}  written to file by thread pool-3-thread-2
 message  {Id=47447fda-ee2d-4b3e-afd0-618bd3831565,FirstNumber=110,secondNumber=1986}  added by thread pool-3-thread-6
 message  {Id=47447fda-ee2d-4b3e-afd0-618bd3831565,FirstNumber=110,secondNumber=1986}  written to file by thread pool-3-thread-3
 message  {Id=b105fd8f-a3e8-474a-899e-c1c4c4b14c38,FirstNumber=799,secondNumber=874}  added by thread pool-3-thread-6
 message  {Id=b105fd8f-a3e8-474a-899e-c1c4c4b14c38,FirstNumber=799,secondNumber=874}  written to file by thread pool-3-thread-3
 message  {Id=9d421b12-6c22-4d18-b51c-944843915550,FirstNumber=33,secondNumber=988}  added by thread pool-3-thread-6
 message  {Id=9d421b12-6c22-4d18-b51c-944843915550,FirstNumber=33,secondNumber=988}  written to file by thread pool-3-thread-4
 message  {Id=467a315c-1b00-4404-a83b-b3920b832b6b,FirstNumber=705,secondNumber=620}  added by thread pool-3-thread-6
 message  {Id=467a315c-1b00-4404-a83b-b3920b832b6b,FirstNumber=705,secondNumber=620}  written to file by thread pool-3-thread-5
 message  {Id=27914ae4-3f1c-4e8b-af76-c082a186f1cc,FirstNumber=32,secondNumber=53}  added by thread pool-3-thread-6
 message  {Id=27914ae4-3f1c-4e8b-af76-c082a186f1cc,FirstNumber=32,secondNumber=53}  written to file by thread pool-3-thread-2
 message  {Id=0c4f9fbc-a4ab-42e7-b862-6a12d2380c0a,FirstNumber=559,secondNumber=1055}  added by thread pool-3-thread-6
 message  {Id=0c4f9fbc-a4ab-42e7-b862-6a12d2380c0a,FirstNumber=559,secondNumber=1055}  written to file by thread pool-3-thread-2
 message  {Id=48bee629-41e1-44c4-84ef-7f20e40b209d,FirstNumber=759,secondNumber=171}  added by thread pool-3-thread-6
 message  {Id=48bee629-41e1-44c4-84ef-7f20e40b209d,FirstNumber=759,secondNumber=171}  written to file by thread pool-3-thread-3
 message  {Id=a6c50103-4c33-4d8a-9e11-28193bace743,FirstNumber=897,secondNumber=1472}  added by thread pool-3-thread-6
 message  {Id=a6c50103-4c33-4d8a-9e11-28193bace743,FirstNumber=897,secondNumber=1472}  written to file by thread pool-3-thread-3
 message  {Id=75ee5c54-966f-4842-9442-685089151cae,FirstNumber=981,secondNumber=778}  added by thread pool-3-thread-6
 message  {Id=75ee5c54-966f-4842-9442-685089151cae,FirstNumber=981,secondNumber=778}  written to file by thread pool-3-thread-5
 message  {Id=20742584-5faa-4acb-a469-6027197e2c28,FirstNumber=872,secondNumber=1633}  added by thread pool-3-thread-6
 message  {Id=20742584-5faa-4acb-a469-6027197e2c28,FirstNumber=872,secondNumber=1633}  written to file by thread pool-3-thread-5
 message  {Id=e35aab11-4774-4577-aaa2-db63c35b6d7b,FirstNumber=662,secondNumber=1415}  added by thread pool-3-thread-6
 message  {Id=2754a67b-e3b8-4db3-a84a-58fb1b1097f4,FirstNumber=163,secondNumber=985}  added by thread pool-3-thread-6
 message  {Id=e35aab11-4774-4577-aaa2-db63c35b6d7b,FirstNumber=662,secondNumber=1415}  written to file by thread pool-3-thread-1
 message  {Id=2754a67b-e3b8-4db3-a84a-58fb1b1097f4,FirstNumber=163,secondNumber=985}  written to file by thread pool-3-thread-3
 message  {Id=c7148f98-c336-4b57-8f10-458d999f2026,FirstNumber=218,secondNumber=1552}  added by thread pool-3-thread-6
 message  {Id=c7148f98-c336-4b57-8f10-458d999f2026,FirstNumber=218,secondNumber=1552}  written to file by thread pool-3-thread-4
 message  {Id=aeae3731-8e3b-404d-8176-9301ddcadbeb,FirstNumber=720,secondNumber=864}  added by thread pool-3-thread-6
 message  {Id=aeae3731-8e3b-404d-8176-9301ddcadbeb,FirstNumber=720,secondNumber=864}  written to file by thread pool-3-thread-5
 message  {Id=a246ef96-b3b8-4fae-8db0-f88ac410b39c,FirstNumber=121,secondNumber=786}  added by thread pool-3-thread-6
 message  {Id=a246ef96-b3b8-4fae-8db0-f88ac410b39c,FirstNumber=121,secondNumber=786}  written to file by thread pool-3-thread-5
 message  {Id=38eb19f1-4228-47a0-8ff1-66d5711d4355,FirstNumber=164,secondNumber=1074}  added by thread pool-3-thread-6
 message  {Id=38eb19f1-4228-47a0-8ff1-66d5711d4355,FirstNumber=164,secondNumber=1074}  written to file by thread pool-3-thread-5
 message  {Id=d0f5691f-75b8-4436-b1b8-62778837cc11,FirstNumber=466,secondNumber=338}  added by thread pool-3-thread-6
 message  {Id=d0f5691f-75b8-4436-b1b8-62778837cc11,FirstNumber=466,secondNumber=338}  written to file by thread pool-3-thread-3
 message  {Id=342da20b-ff82-4d38-ba36-777ad760f79d,FirstNumber=394,secondNumber=307}  added by thread pool-3-thread-6
 message  {Id=342da20b-ff82-4d38-ba36-777ad760f79d,FirstNumber=394,secondNumber=307}  written to file by thread pool-3-thread-4
 message  {Id=5f6c50c8-23c8-49e9-8a8a-73e543d75132,FirstNumber=94,secondNumber=852}  added by thread pool-3-thread-6
 message  {Id=5f6c50c8-23c8-49e9-8a8a-73e543d75132,FirstNumber=94,secondNumber=852}  written to file by thread pool-3-thread-2
 message  {Id=5ff943a5-fd64-4514-b20d-f35bfef4d1ba,FirstNumber=500,secondNumber=1442}  added by thread pool-3-thread-6
 message  {Id=5ff943a5-fd64-4514-b20d-f35bfef4d1ba,FirstNumber=500,secondNumber=1442}  written to file by thread pool-3-thread-1
 message  {Id=b0cdc384-c550-4288-9041-399d22bdee1d,FirstNumber=799,secondNumber=1962}  added by thread pool-3-thread-6
 message  {Id=b0cdc384-c550-4288-9041-399d22bdee1d,FirstNumber=799,secondNumber=1962}  written to file by thread pool-3-thread-1
 message  {Id=5c6b24ed-9640-4896-b8c7-ac935b5588ba,FirstNumber=941,secondNumber=447}  added by thread pool-3-thread-6
 message  {Id=18a55668-c933-40b7-8b38-76bc7b235ebf,FirstNumber=86,secondNumber=535}  added by thread pool-3-thread-6
 message  {Id=66a0cefc-6b18-4066-97ec-418299d2470a,FirstNumber=490,secondNumber=1161}  added by thread pool-3-thread-6
 message  {Id=75fcec3c-69f4-4394-835d-85a8870bafbd,FirstNumber=664,secondNumber=899}  added by thread pool-3-thread-6
 message  {Id=c79cd2b9-f430-4937-bf07-55df65bac3e0,FirstNumber=771,secondNumber=1060}  added by thread pool-3-thread-6
 message  {Id=69ec3c77-eedc-4ab4-a5b7-bb171c2030f6,FirstNumber=302,secondNumber=140}  added by thread pool-3-thread-6
 message  {Id=91c70254-9b36-4b08-ade4-6733255bb6d9,FirstNumber=324,secondNumber=1902}  added by thread pool-3-thread-6
 message  {Id=5c6b24ed-9640-4896-b8c7-ac935b5588ba,FirstNumber=941,secondNumber=447}  written to file by thread pool-3-thread-5
 message  {Id=5a841994-61e7-4006-833e-88ee93a1e9cb,FirstNumber=171,secondNumber=357}  added by thread pool-3-thread-6
 message  {Id=18a55668-c933-40b7-8b38-76bc7b235ebf,FirstNumber=86,secondNumber=535}  written to file by thread pool-3-thread-3
 message  {Id=66a0cefc-6b18-4066-97ec-418299d2470a,FirstNumber=490,secondNumber=1161}  written to file by thread pool-3-thread-4
 message  {Id=75fcec3c-69f4-4394-835d-85a8870bafbd,FirstNumber=664,secondNumber=899}  written to file by thread pool-3-thread-5
 message  {Id=0dfef5e4-4ab1-4679-b7ae-0b748c6f4460,FirstNumber=3,secondNumber=229}  added by thread pool-3-thread-6
 message  {Id=c79cd2b9-f430-4937-bf07-55df65bac3e0,FirstNumber=771,secondNumber=1060}  written to file by thread pool-3-thread-3
 message  {Id=91c70254-9b36-4b08-ade4-6733255bb6d9,FirstNumber=324,secondNumber=1902}  written to file by thread pool-3-thread-5
 message  {Id=69ec3c77-eedc-4ab4-a5b7-bb171c2030f6,FirstNumber=302,secondNumber=140}  written to file by thread pool-3-thread-4
 message  {Id=0dfef5e4-4ab1-4679-b7ae-0b748c6f4460,FirstNumber=3,secondNumber=229}  written to file by thread pool-3-thread-5
 message  {Id=8b9d1094-3c54-4e90-9a53-ed0ad2755d49,FirstNumber=907,secondNumber=1073}  added by thread pool-3-thread-6
 message  {Id=5a841994-61e7-4006-833e-88ee93a1e9cb,FirstNumber=171,secondNumber=357}  written to file by thread pool-3-thread-3
 message  {Id=edb820cc-598c-4d0d-b6f7-1e3885c82630,FirstNumber=189,secondNumber=1064}  added by thread pool-3-thread-6
 message  {Id=8b9d1094-3c54-4e90-9a53-ed0ad2755d49,FirstNumber=907,secondNumber=1073}  written to file by thread pool-3-thread-2
 message  {Id=edb820cc-598c-4d0d-b6f7-1e3885c82630,FirstNumber=189,secondNumber=1064}  written to file by thread pool-3-thread-1
 message  {Id=1ce0c9b3-c2f7-4519-96e3-c2efd6bd6223,FirstNumber=209,secondNumber=577}  added by thread pool-3-thread-6
 message  {Id=1ce0c9b3-c2f7-4519-96e3-c2efd6bd6223,FirstNumber=209,secondNumber=577}  written to file by thread pool-3-thread-2
 message  {Id=a944eb2b-cbc5-4214-bdd7-cc6e2587473f,FirstNumber=751,secondNumber=1301}  added by thread pool-3-thread-6
 message  {Id=a944eb2b-cbc5-4214-bdd7-cc6e2587473f,FirstNumber=751,secondNumber=1301}  written to file by thread pool-3-thread-4
 message  {Id=d91b0d85-48ab-4a1d-80a9-395144f5269f,FirstNumber=208,secondNumber=1463}  added by thread pool-3-thread-6
 message  {Id=d91b0d85-48ab-4a1d-80a9-395144f5269f,FirstNumber=208,secondNumber=1463}  written to file by thread pool-3-thread-5
 message  {Id=6b8b2406-ec59-4726-a829-6a1e289bffe0,FirstNumber=184,secondNumber=563}  added by thread pool-3-thread-6
 message  {Id=6b8b2406-ec59-4726-a829-6a1e289bffe0,FirstNumber=184,secondNumber=563}  written to file by thread pool-3-thread-5
 message  {Id=d479afb3-7d1d-437e-b6da-907ea344dda6,FirstNumber=804,secondNumber=1957}  added by thread pool-3-thread-6
 message  {Id=d479afb3-7d1d-437e-b6da-907ea344dda6,FirstNumber=804,secondNumber=1957}  written to file by thread pool-3-thread-1
 message  {Id=20aa1d0e-bd15-4733-a36c-74c79be62bf5,FirstNumber=188,secondNumber=499}  added by thread pool-3-thread-6
 message  {Id=20aa1d0e-bd15-4733-a36c-74c79be62bf5,FirstNumber=188,secondNumber=499}  written to file by thread pool-3-thread-1
 message  {Id=4ce86d8c-94c1-45e2-b019-eec3bd1c77a8,FirstNumber=584,secondNumber=291}  added by thread pool-3-thread-6
 message  {Id=4ce86d8c-94c1-45e2-b019-eec3bd1c77a8,FirstNumber=584,secondNumber=291}  written to file by thread pool-3-thread-4
 message  {Id=7add3b5b-db9b-499d-9209-0e9edda02112,FirstNumber=298,secondNumber=1881}  added by thread pool-3-thread-6
 message  {Id=7add3b5b-db9b-499d-9209-0e9edda02112,FirstNumber=298,secondNumber=1881}  written to file by thread pool-3-thread-4
 message  {Id=d5a82cd0-107e-43f6-83cf-4389e42f168e,FirstNumber=279,secondNumber=309}  added by thread pool-3-thread-6
 message  {Id=d5a82cd0-107e-43f6-83cf-4389e42f168e,FirstNumber=279,secondNumber=309}  written to file by thread pool-3-thread-5
 message  {Id=ba11d2ae-8957-41c1-ac5a-4e742fec7ce4,FirstNumber=632,secondNumber=197}  added by thread pool-3-thread-6
 message  {Id=ba11d2ae-8957-41c1-ac5a-4e742fec7ce4,FirstNumber=632,secondNumber=197}  written to file by thread pool-3-thread-5
 message  {Id=402fb7ca-c9d8-4ef5-9ae9-43ab792d124d,FirstNumber=619,secondNumber=1365}  added by thread pool-3-thread-6
 message  {Id=402fb7ca-c9d8-4ef5-9ae9-43ab792d124d,FirstNumber=619,secondNumber=1365}  written to file by thread pool-3-thread-1
 message  {Id=0bde1107-ac40-410c-b89d-e453a10dfea6,FirstNumber=159,secondNumber=1079}  added by thread pool-3-thread-6
 message  {Id=0bde1107-ac40-410c-b89d-e453a10dfea6,FirstNumber=159,secondNumber=1079}  written to file by thread pool-3-thread-1
 message  {Id=38044731-7edb-410a-b02d-0fc4801d8255,FirstNumber=206,secondNumber=1956}  added by thread pool-3-thread-6
 message  {Id=38044731-7edb-410a-b02d-0fc4801d8255,FirstNumber=206,secondNumber=1956}  written to file by thread pool-3-thread-4
 message  {Id=f46b532e-8f8f-4f76-95b2-a3f702b7d3e1,FirstNumber=139,secondNumber=1818}  added by thread pool-3-thread-6
 message  {Id=f46b532e-8f8f-4f76-95b2-a3f702b7d3e1,FirstNumber=139,secondNumber=1818}  written to file by thread pool-3-thread-4
 message  {Id=d7de69c0-6a46-46c4-a8e1-8e8c6c9dbea2,FirstNumber=222,secondNumber=361}  added by thread pool-3-thread-6
 message  {Id=d7de69c0-6a46-46c4-a8e1-8e8c6c9dbea2,FirstNumber=222,secondNumber=361}  written to file by thread pool-3-thread-5
 message  {Id=daaba011-40ae-4045-b892-fb42502409f9,FirstNumber=860,secondNumber=1582}  added by thread pool-3-thread-6
 message  {Id=daaba011-40ae-4045-b892-fb42502409f9,FirstNumber=860,secondNumber=1582}  written to file by thread pool-3-thread-3
 message  {Id=1016f851-550f-467a-9a15-08f32f6ec395,FirstNumber=964,secondNumber=1359}  added by thread pool-3-thread-6
 message  {Id=1016f851-550f-467a-9a15-08f32f6ec395,FirstNumber=964,secondNumber=1359}  written to file by thread pool-3-thread-1
 message  {Id=dfb424f6-8d69-48fb-a667-87f164708deb,FirstNumber=350,secondNumber=135}  added by thread pool-3-thread-6
 message  {Id=dfb424f6-8d69-48fb-a667-87f164708deb,FirstNumber=350,secondNumber=135}  written to file by thread pool-3-thread-1
 message  {Id=61a2912b-5799-43c8-864f-630b3d56781d,FirstNumber=971,secondNumber=355}  added by thread pool-3-thread-6
 message  {Id=61a2912b-5799-43c8-864f-630b3d56781d,FirstNumber=971,secondNumber=355}  written to file by thread pool-3-thread-4
 message  {Id=fdbb7452-24f5-46f8-b5a0-be3f4b451cdd,FirstNumber=256,secondNumber=1602}  added by thread pool-3-thread-6
 message  {Id=fdbb7452-24f5-46f8-b5a0-be3f4b451cdd,FirstNumber=256,secondNumber=1602}  written to file by thread pool-3-thread-4
 message  {Id=cba03126-3187-4010-b538-bb055f7e0bc7,FirstNumber=225,secondNumber=1593}  added by thread pool-3-thread-6
 message  {Id=cba03126-3187-4010-b538-bb055f7e0bc7,FirstNumber=225,secondNumber=1593}  written to file by thread pool-3-thread-3
 message  {Id=2a0a712d-08a5-47e0-8a41-5edbcb118d40,FirstNumber=470,secondNumber=939}  added by thread pool-3-thread-6
 message  {Id=2a0a712d-08a5-47e0-8a41-5edbcb118d40,FirstNumber=470,secondNumber=939}  written to file by thread pool-3-thread-2
 message  {Id=36ccf9f8-d510-49da-9bce-6a58abe4cd8a,FirstNumber=49,secondNumber=1707}  added by thread pool-3-thread-6
 message  {Id=36ccf9f8-d510-49da-9bce-6a58abe4cd8a,FirstNumber=49,secondNumber=1707}  written to file by thread pool-3-thread-1
 message  {Id=e138545e-4303-431a-9a64-e7d68908536b,FirstNumber=33,secondNumber=1530}  added by thread pool-3-thread-6
 message  {Id=e138545e-4303-431a-9a64-e7d68908536b,FirstNumber=33,secondNumber=1530}  written to file by thread pool-3-thread-5
 message  {Id=69897325-60d2-4c41-97f5-a7afac5e3948,FirstNumber=802,secondNumber=608}  added by thread pool-3-thread-6
 message  {Id=69897325-60d2-4c41-97f5-a7afac5e3948,FirstNumber=802,secondNumber=608}  written to file by thread pool-3-thread-4
 message  {Id=eccc0678-fb96-41ca-8128-7e109c94eb6c,FirstNumber=380,secondNumber=89}  added by thread pool-3-thread-6
 message  {Id=eccc0678-fb96-41ca-8128-7e109c94eb6c,FirstNumber=380,secondNumber=89}  written to file by thread pool-3-thread-4
 message  {Id=432d6314-f063-4dda-a785-945d5084650c,FirstNumber=330,secondNumber=1314}  added by thread pool-3-thread-6
 message  {Id=432d6314-f063-4dda-a785-945d5084650c,FirstNumber=330,secondNumber=1314}  written to file by thread pool-3-thread-2
 message  {Id=f8902d3e-8529-4e10-9fb4-5491836395b8,FirstNumber=850,secondNumber=623}  added by thread pool-3-thread-6
 message  {Id=f8902d3e-8529-4e10-9fb4-5491836395b8,FirstNumber=850,secondNumber=623}  written to file by thread pool-3-thread-2
 message  {Id=a82d5725-b2e0-4759-94e0-df90ce844242,FirstNumber=789,secondNumber=1255}  added by thread pool-3-thread-6
 message  {Id=a82d5725-b2e0-4759-94e0-df90ce844242,FirstNumber=789,secondNumber=1255}  written to file by thread pool-3-thread-5
 message  {Id=5f3fc9ee-7cea-4af1-9cb7-0b3c3cd45477,FirstNumber=942,secondNumber=533}  added by thread pool-3-thread-6
 message  {Id=5f3fc9ee-7cea-4af1-9cb7-0b3c3cd45477,FirstNumber=942,secondNumber=533}  written to file by thread pool-3-thread-3
 message  {Id=33bcfc53-973b-456f-a069-0cc5656d1bc4,FirstNumber=669,secondNumber=193}  added by thread pool-3-thread-6
 message  {Id=33bcfc53-973b-456f-a069-0cc5656d1bc4,FirstNumber=669,secondNumber=193}  written to file by thread pool-3-thread-4
 message  {Id=6bc9f687-5d67-4529-84da-5e3e856cc9bf,FirstNumber=749,secondNumber=1536}  added by thread pool-3-thread-6
 message  {Id=6bc9f687-5d67-4529-84da-5e3e856cc9bf,FirstNumber=749,secondNumber=1536}  written to file by thread pool-3-thread-1
 message  {Id=66585abe-a2a4-421f-8b15-655615424670,FirstNumber=237,secondNumber=850}  added by thread pool-3-thread-6
 message  {Id=66585abe-a2a4-421f-8b15-655615424670,FirstNumber=237,secondNumber=850}  written to file by thread pool-3-thread-2
 message  {Id=13d40f4c-d991-4896-8ab2-deeb4156f297,FirstNumber=71,secondNumber=848}  added by thread pool-3-thread-6
 message  {Id=13d40f4c-d991-4896-8ab2-deeb4156f297,FirstNumber=71,secondNumber=848}  written to file by thread pool-3-thread-2
 message  {Id=e1829466-128f-48e1-b697-2b2f60fcaae8,FirstNumber=877,secondNumber=1608}  added by thread pool-3-thread-6
 message  {Id=e1829466-128f-48e1-b697-2b2f60fcaae8,FirstNumber=877,secondNumber=1608}  written to file by thread pool-3-thread-3
 message  {Id=47cc7877-b4ee-4629-b8a3-0372b2955d85,FirstNumber=401,secondNumber=440}  added by thread pool-3-thread-6
 message  {Id=47cc7877-b4ee-4629-b8a3-0372b2955d85,FirstNumber=401,secondNumber=440}  written to file by thread pool-3-thread-4
 message  {Id=c4748d09-3677-4a7d-aa0e-1a00bccd45ab,FirstNumber=33,secondNumber=3}  added by thread pool-3-thread-6
 message  {Id=c4748d09-3677-4a7d-aa0e-1a00bccd45ab,FirstNumber=33,secondNumber=3}  written to file by thread pool-3-thread-1
 message  {Id=d3abc677-f84b-4613-9043-26fab9cc9bfd,FirstNumber=269,secondNumber=454}  added by thread pool-3-thread-6
 message  {Id=d3abc677-f84b-4613-9043-26fab9cc9bfd,FirstNumber=269,secondNumber=454}  written to file by thread pool-3-thread-5
 message  {Id=203641f6-923f-469e-9f61-c09bbd2b2819,FirstNumber=733,secondNumber=1790}  added by thread pool-3-thread-6
 message  {Id=203641f6-923f-469e-9f61-c09bbd2b2819,FirstNumber=733,secondNumber=1790}  written to file by thread pool-3-thread-2
 message  {Id=38f0bfd3-93a0-44f9-851a-34d3fab9223e,FirstNumber=87,secondNumber=1718}  added by thread pool-3-thread-6
 message  {Id=38f0bfd3-93a0-44f9-851a-34d3fab9223e,FirstNumber=87,secondNumber=1718}  written to file by thread pool-3-thread-2
 message  {Id=512f1650-94a7-4aab-98df-4a142c9a05fe,FirstNumber=529,secondNumber=599}  added by thread pool-3-thread-6
 message  {Id=512f1650-94a7-4aab-98df-4a142c9a05fe,FirstNumber=529,secondNumber=599}  written to file by thread pool-3-thread-4
 message  {Id=c50c1d3b-d728-47ee-b6b3-514366e88359,FirstNumber=59,secondNumber=1682}  added by thread pool-3-thread-6
 message  {Id=c50c1d3b-d728-47ee-b6b3-514366e88359,FirstNumber=59,secondNumber=1682}  written to file by thread pool-3-thread-4
 message  {Id=817a349b-d2ad-4ee1-b6f1-4761c767ff2b,FirstNumber=343,secondNumber=1348}  added by thread pool-3-thread-6
 message  {Id=817a349b-d2ad-4ee1-b6f1-4761c767ff2b,FirstNumber=343,secondNumber=1348}  written to file by thread pool-3-thread-5
 message  {Id=2989aa21-9a40-4a82-86e7-2b9718ad2cf5,FirstNumber=110,secondNumber=214}  added by thread pool-3-thread-6
 message  {Id=2989aa21-9a40-4a82-86e7-2b9718ad2cf5,FirstNumber=110,secondNumber=214}  written to file by thread pool-3-thread-3
 message  {Id=c3f54907-3f7a-4f5d-9344-ab712fa11522,FirstNumber=868,secondNumber=1659}  added by thread pool-3-thread-6
 message  {Id=c3f54907-3f7a-4f5d-9344-ab712fa11522,FirstNumber=868,secondNumber=1659}  written to file by thread pool-3-thread-3
 message  {Id=fb10be20-d304-4fb9-86ab-d39999b242f7,FirstNumber=635,secondNumber=1454}  added by thread pool-3-thread-6
 message  {Id=fb10be20-d304-4fb9-86ab-d39999b242f7,FirstNumber=635,secondNumber=1454}  written to file by thread pool-3-thread-1
 message  {Id=8764e2ee-9c6f-4405-b27f-51c0d1be4701,FirstNumber=331,secondNumber=1175}  added by thread pool-3-thread-6
 message  {Id=8764e2ee-9c6f-4405-b27f-51c0d1be4701,FirstNumber=331,secondNumber=1175}  written to file by thread pool-3-thread-4
 message  {Id=ba666397-2214-4f2f-bf3e-d008a36ca3aa,FirstNumber=854,secondNumber=522}  added by thread pool-3-thread-6
 message  {Id=ba666397-2214-4f2f-bf3e-d008a36ca3aa,FirstNumber=854,secondNumber=522}  written to file by thread pool-3-thread-5
 message  {Id=d40dfbfd-2758-44bb-95b7-a1e1c5aad2b1,FirstNumber=269,secondNumber=1977}  added by thread pool-3-thread-6
 message  {Id=d40dfbfd-2758-44bb-95b7-a1e1c5aad2b1,FirstNumber=269,secondNumber=1977}  written to file by thread pool-3-thread-2
 message  {Id=948ba020-be91-4bb7-9378-749c402eccd5,FirstNumber=818,secondNumber=702}  added by thread pool-3-thread-6
 message  {Id=948ba020-be91-4bb7-9378-749c402eccd5,FirstNumber=818,secondNumber=702}  written to file by thread pool-3-thread-3
 message  {Id=52b2e763-99f6-4385-a02e-6e90a6ea5721,FirstNumber=424,secondNumber=1522}  added by thread pool-3-thread-6
 message  {Id=52b2e763-99f6-4385-a02e-6e90a6ea5721,FirstNumber=424,secondNumber=1522}  written to file by thread pool-3-thread-1
 message  {Id=af41b85c-f7a0-4a99-b966-9103b2f97c5e,FirstNumber=466,secondNumber=293}  added by thread pool-3-thread-6
 message  {Id=af41b85c-f7a0-4a99-b966-9103b2f97c5e,FirstNumber=466,secondNumber=293}  written to file by thread pool-3-thread-1
 message  {Id=326c5508-079b-45cb-8be5-508dffd80935,FirstNumber=100,secondNumber=1376}  added by thread pool-3-thread-6
 message  {Id=326c5508-079b-45cb-8be5-508dffd80935,FirstNumber=100,secondNumber=1376}  written to file by thread pool-3-thread-5
 message  {Id=47663a1d-7666-4ae5-a232-a2954c31a752,FirstNumber=320,secondNumber=128}  added by thread pool-3-thread-6
 message  {Id=47663a1d-7666-4ae5-a232-a2954c31a752,FirstNumber=320,secondNumber=128}  written to file by thread pool-3-thread-2
 message  {Id=a3862da6-97c8-47f5-b82e-b0028c15533b,FirstNumber=627,secondNumber=1327}  added by thread pool-3-thread-6
 message  {Id=a3862da6-97c8-47f5-b82e-b0028c15533b,FirstNumber=627,secondNumber=1327}  written to file by thread pool-3-thread-3
 message  {Id=07fa6b9d-cd47-4b12-a5cb-746fa587be7f,FirstNumber=722,secondNumber=1447}  added by thread pool-3-thread-6
 message  {Id=07fa6b9d-cd47-4b12-a5cb-746fa587be7f,FirstNumber=722,secondNumber=1447}  written to file by thread pool-3-thread-3
 message  {Id=eda6bda6-62ad-4953-9bf9-8c7f927357f1,FirstNumber=802,secondNumber=1472}  added by thread pool-3-thread-6
 message  {Id=eda6bda6-62ad-4953-9bf9-8c7f927357f1,FirstNumber=802,secondNumber=1472}  written to file by thread pool-3-thread-1
 message  {Id=837b064c-94b1-4e7f-9a71-4bc334b853d8,FirstNumber=181,secondNumber=1620}  added by thread pool-3-thread-6
 message  {Id=837b064c-94b1-4e7f-9a71-4bc334b853d8,FirstNumber=181,secondNumber=1620}  written to file by thread pool-3-thread-5
 message  {Id=db26be2b-1ad5-403e-a6e3-bddb9a07602b,FirstNumber=142,secondNumber=38}  added by thread pool-3-thread-6
 message  {Id=db26be2b-1ad5-403e-a6e3-bddb9a07602b,FirstNumber=142,secondNumber=38}  written to file by thread pool-3-thread-2
 message  {Id=69a05fb7-d30c-4bc3-a89c-255a40879528,FirstNumber=462,secondNumber=1541}  added by thread pool-3-thread-6
 message  {Id=69a05fb7-d30c-4bc3-a89c-255a40879528,FirstNumber=462,secondNumber=1541}  written to file by thread pool-3-thread-2
 message  {Id=f81806fb-411a-4587-8cef-87795a70aa31,FirstNumber=777,secondNumber=1423}  added by thread pool-3-thread-6
 message  {Id=f81806fb-411a-4587-8cef-87795a70aa31,FirstNumber=777,secondNumber=1423}  written to file by thread pool-3-thread-3
 message  {Id=a7617407-ef56-4a96-978d-1242127f0b96,FirstNumber=684,secondNumber=1270}  added by thread pool-3-thread-6
 message  {Id=a7617407-ef56-4a96-978d-1242127f0b96,FirstNumber=684,secondNumber=1270}  written to file by thread pool-3-thread-1
 message  {Id=58ac8806-1c97-4745-b34b-437bbe773e4a,FirstNumber=108,secondNumber=1187}  added by thread pool-3-thread-6
 message  {Id=58ac8806-1c97-4745-b34b-437bbe773e4a,FirstNumber=108,secondNumber=1187}  written to file by thread pool-3-thread-5
 message  {Id=91b4c2b6-077f-4e82-baec-a0b300787db3,FirstNumber=869,secondNumber=1746}  added by thread pool-3-thread-6
 message  {Id=91b4c2b6-077f-4e82-baec-a0b300787db3,FirstNumber=869,secondNumber=1746}  written to file by thread pool-3-thread-5
 message  {Id=07167af4-7d32-4722-9b75-01a29c3ea9ad,FirstNumber=997,secondNumber=834}  added by thread pool-3-thread-6
 message  {Id=07167af4-7d32-4722-9b75-01a29c3ea9ad,FirstNumber=997,secondNumber=834}  written to file by thread pool-3-thread-2
 message  {Id=4cfc905f-d013-49f5-a554-5dd2c3f862d7,FirstNumber=608,secondNumber=261}  added by thread pool-3-thread-6
 message  {Id=4cfc905f-d013-49f5-a554-5dd2c3f862d7,FirstNumber=608,secondNumber=261}  written to file by thread pool-3-thread-3
 message  {Id=30a9b190-26d3-47e5-a3f3-2a5512fe00a5,FirstNumber=180,secondNumber=381}  added by thread pool-3-thread-6
 message  {Id=30a9b190-26d3-47e5-a3f3-2a5512fe00a5,FirstNumber=180,secondNumber=381}  written to file by thread pool-3-thread-1
 message  {Id=ee7604f3-6ecb-4084-946f-9b8eaf0686de,FirstNumber=72,secondNumber=1874}  added by thread pool-3-thread-6
 message  {Id=ee7604f3-6ecb-4084-946f-9b8eaf0686de,FirstNumber=72,secondNumber=1874}  written to file by thread pool-3-thread-1
 message  {Id=896df353-41a6-4447-9fdf-059e1d03d865,FirstNumber=329,secondNumber=541}  added by thread pool-3-thread-6
 message  {Id=896df353-41a6-4447-9fdf-059e1d03d865,FirstNumber=329,secondNumber=541}  written to file by thread pool-3-thread-5
 message  {Id=3d05792b-ba07-476f-9ce8-26e62aaaee2e,FirstNumber=417,secondNumber=1903}  added by thread pool-3-thread-6
 message  {Id=3d05792b-ba07-476f-9ce8-26e62aaaee2e,FirstNumber=417,secondNumber=1903}  written to file by thread pool-3-thread-2
 message  {Id=6de82512-c921-47e3-912b-a02ea82f1f98,FirstNumber=737,secondNumber=1395}  added by thread pool-3-thread-6
 message  {Id=6de82512-c921-47e3-912b-a02ea82f1f98,FirstNumber=737,secondNumber=1395}  written to file by thread pool-3-thread-3
 message  {Id=254bc538-3036-4735-8fd4-c549c6785049,FirstNumber=289,secondNumber=1572}  added by thread pool-3-thread-6
 message  {Id=254bc538-3036-4735-8fd4-c549c6785049,FirstNumber=289,secondNumber=1572}  written to file by thread pool-3-thread-4
 message  {Id=53572e23-cf6e-4035-be5a-12e28137e183,FirstNumber=963,secondNumber=1900}  added by thread pool-3-thread-6
 message  {Id=53572e23-cf6e-4035-be5a-12e28137e183,FirstNumber=963,secondNumber=1900}  written to file by thread pool-3-thread-1
 message  {Id=3d4c6023-4a91-45f4-bb00-12cfe65cf05f,FirstNumber=964,secondNumber=628}  added by thread pool-3-thread-6
 message  {Id=3d4c6023-4a91-45f4-bb00-12cfe65cf05f,FirstNumber=964,secondNumber=628}  written to file by thread pool-3-thread-5
 message  {Id=6cba5d6d-721e-4c1a-ad84-219c1a601663,FirstNumber=319,secondNumber=137}  added by thread pool-3-thread-6
 message  {Id=6cba5d6d-721e-4c1a-ad84-219c1a601663,FirstNumber=319,secondNumber=137}  written to file by thread pool-3-thread-5
 message  {Id=55d97f2f-21c1-47bd-8dd1-e33e2d55abe1,FirstNumber=45,secondNumber=336}  added by thread pool-3-thread-6
 message  {Id=55d97f2f-21c1-47bd-8dd1-e33e2d55abe1,FirstNumber=45,secondNumber=336}  written to file by thread pool-3-thread-3
 message  {Id=5b039ff3-7c85-4228-9185-7c197100b260,FirstNumber=38,secondNumber=1377}  added by thread pool-3-thread-6
 message  {Id=5b039ff3-7c85-4228-9185-7c197100b260,FirstNumber=38,secondNumber=1377}  written to file by thread pool-3-thread-4
 message  {Id=e409ed2e-e68e-4713-b495-4332ff11c489,FirstNumber=389,secondNumber=361}  added by thread pool-3-thread-6
 message  {Id=e409ed2e-e68e-4713-b495-4332ff11c489,FirstNumber=389,secondNumber=361}  written to file by thread pool-3-thread-1
 message  {Id=029663a1-dd52-4494-9604-9eeab74bbaa5,FirstNumber=838,secondNumber=447}  added by thread pool-3-thread-6
 message  {Id=029663a1-dd52-4494-9604-9eeab74bbaa5,FirstNumber=838,secondNumber=447}  written to file by thread pool-3-thread-2
 message  {Id=9174089d-e785-4914-bed8-50f2c7aaa4b5,FirstNumber=269,secondNumber=1277}  added by thread pool-3-thread-6
 message  {Id=9174089d-e785-4914-bed8-50f2c7aaa4b5,FirstNumber=269,secondNumber=1277}  written to file by thread pool-3-thread-2
 message  {Id=29c85786-cce4-4339-b940-d76d931d2c1e,FirstNumber=536,secondNumber=991}  added by thread pool-3-thread-6
 message  {Id=29c85786-cce4-4339-b940-d76d931d2c1e,FirstNumber=536,secondNumber=991}  written to file by thread pool-3-thread-3
 message  {Id=62676d45-5c74-41cb-948f-1b59ec2fa07c,FirstNumber=738,secondNumber=647}  added by thread pool-3-thread-6
 message  {Id=62676d45-5c74-41cb-948f-1b59ec2fa07c,FirstNumber=738,secondNumber=647}  written to file by thread pool-3-thread-3
 message  {Id=f9b893c1-832e-477a-a25a-41067370319f,FirstNumber=170,secondNumber=758}  added by thread pool-3-thread-6
 message  {Id=f9b893c1-832e-477a-a25a-41067370319f,FirstNumber=170,secondNumber=758}  written to file by thread pool-3-thread-1
 message  {Id=115d0c15-a90d-4faa-a4eb-33e22be96553,FirstNumber=31,secondNumber=1740}  added by thread pool-3-thread-6
 message  {Id=115d0c15-a90d-4faa-a4eb-33e22be96553,FirstNumber=31,secondNumber=1740}  written to file by thread pool-3-thread-5
 message  {Id=49a412dc-f3c3-4397-892a-27f0889dfdd3,FirstNumber=774,secondNumber=1623}  added by thread pool-3-thread-6
 message  {Id=49a412dc-f3c3-4397-892a-27f0889dfdd3,FirstNumber=774,secondNumber=1623}  written to file by thread pool-3-thread-5
 message  {Id=e48ff14f-bcc2-4849-b1b4-14ac277f608d,FirstNumber=73,secondNumber=1999}  added by thread pool-3-thread-6
 message  {Id=e48ff14f-bcc2-4849-b1b4-14ac277f608d,FirstNumber=73,secondNumber=1999}  written to file by thread pool-3-thread-4
 message  {Id=581e8439-6b11-4032-a3d3-30f7ce53d3e8,FirstNumber=101,secondNumber=44}  added by thread pool-3-thread-6
 message  {Id=581e8439-6b11-4032-a3d3-30f7ce53d3e8,FirstNumber=101,secondNumber=44}  written to file by thread pool-3-thread-3
 message  {Id=33cbcc30-4945-4a26-b433-6cc1a50a24ce,FirstNumber=321,secondNumber=1326}  added by thread pool-3-thread-6
 message  {Id=33cbcc30-4945-4a26-b433-6cc1a50a24ce,FirstNumber=321,secondNumber=1326}  written to file by thread pool-3-thread-3
 message  {Id=b8a82415-dc0c-4a84-8809-f9c1dd0dc4b0,FirstNumber=224,secondNumber=1292}  added by thread pool-3-thread-6
 message  {Id=b8a82415-dc0c-4a84-8809-f9c1dd0dc4b0,FirstNumber=224,secondNumber=1292}  written to file by thread pool-3-thread-2
 message  {Id=17c9e8cb-fd55-4dc4-bc0b-60e23fd4ec55,FirstNumber=975,secondNumber=238}  added by thread pool-3-thread-6
 message  {Id=17c9e8cb-fd55-4dc4-bc0b-60e23fd4ec55,FirstNumber=975,secondNumber=238}  written to file by thread pool-3-thread-5
 message  {Id=0bef542b-312c-4cf4-a779-eaed02091c25,FirstNumber=300,secondNumber=81}  added by thread pool-3-thread-6
 message  {Id=0bef542b-312c-4cf4-a779-eaed02091c25,FirstNumber=300,secondNumber=81}  written to file by thread pool-3-thread-4
 message  {Id=e3095b43-4b27-48fd-a599-dd62c02afbd0,FirstNumber=176,secondNumber=1447}  added by thread pool-3-thread-6
 message  {Id=e3095b43-4b27-48fd-a599-dd62c02afbd0,FirstNumber=176,secondNumber=1447}  written to file by thread pool-3-thread-4
 message  {Id=bde45724-8418-4c01-b902-b1e6de946dbc,FirstNumber=437,secondNumber=946}  added by thread pool-3-thread-6
 message  {Id=bde45724-8418-4c01-b902-b1e6de946dbc,FirstNumber=437,secondNumber=946}  written to file by thread pool-3-thread-3
 message  {Id=04040b9f-9418-428d-b92b-34840af4492f,FirstNumber=580,secondNumber=1295}  added by thread pool-3-thread-6
 message  {Id=04040b9f-9418-428d-b92b-34840af4492f,FirstNumber=580,secondNumber=1295}  written to file by thread pool-3-thread-3
 message  {Id=11e39605-f545-4d76-8aba-573854f0dbbd,FirstNumber=385,secondNumber=1458}  added by thread pool-3-thread-6
 message  {Id=11e39605-f545-4d76-8aba-573854f0dbbd,FirstNumber=385,secondNumber=1458}  written to file by thread pool-3-thread-5
 message  {Id=4cd3dddb-b2da-4fe3-ae7d-c477fa3f2644,FirstNumber=877,secondNumber=1145}  added by thread pool-3-thread-6
 message  {Id=4cd3dddb-b2da-4fe3-ae7d-c477fa3f2644,FirstNumber=877,secondNumber=1145}  written to file by thread pool-3-thread-5
 message  {Id=479ff5f3-5eb2-4d6a-9f35-3f5c31a474e9,FirstNumber=520,secondNumber=500}  added by thread pool-3-thread-6
 message  {Id=479ff5f3-5eb2-4d6a-9f35-3f5c31a474e9,FirstNumber=520,secondNumber=500}  written to file by thread pool-3-thread-4
 message  {Id=4e0c491a-a1d9-4883-8736-228ccc75ffbf,FirstNumber=686,secondNumber=503}  added by thread pool-3-thread-6
 message  {Id=4e0c491a-a1d9-4883-8736-228ccc75ffbf,FirstNumber=686,secondNumber=503}  written to file by thread pool-3-thread-2
 message  {Id=4669bc5e-d3e5-4a93-b663-44373b5bfcaf,FirstNumber=634,secondNumber=981}  added by thread pool-3-thread-6
 message  {Id=4ce58665-aecf-47cc-ba40-f0f49cf6dbd4,FirstNumber=754,secondNumber=306}  added by thread pool-3-thread-6
 message  {Id=4669bc5e-d3e5-4a93-b663-44373b5bfcaf,FirstNumber=634,secondNumber=981}  written to file by thread pool-3-thread-3
 message  {Id=4ce58665-aecf-47cc-ba40-f0f49cf6dbd4,FirstNumber=754,secondNumber=306}  written to file by thread pool-3-thread-1
 message  {Id=b84a46ae-c305-428b-8423-1a4b285e1eb4,FirstNumber=138,secondNumber=298}  added by thread pool-3-thread-6
 message  {Id=b84a46ae-c305-428b-8423-1a4b285e1eb4,FirstNumber=138,secondNumber=298}  written to file by thread pool-3-thread-5
 message  {Id=82e85bc3-87b0-4f0f-93d7-68ed9f1f6aec,FirstNumber=383,secondNumber=353}  added by thread pool-3-thread-6
 message  {Id=82e85bc3-87b0-4f0f-93d7-68ed9f1f6aec,FirstNumber=383,secondNumber=353}  written to file by thread pool-3-thread-5
 message  {Id=3fc47c61-463f-45df-a944-bb8d8d1029dd,FirstNumber=365,secondNumber=488}  added by thread pool-3-thread-6
 message  {Id=3fc47c61-463f-45df-a944-bb8d8d1029dd,FirstNumber=365,secondNumber=488}  written to file by thread pool-3-thread-2
 message  {Id=d90f46e1-ef63-4bf5-8ca0-d9e8f1438173,FirstNumber=46,secondNumber=893}  added by thread pool-3-thread-6
 message  {Id=d90f46e1-ef63-4bf5-8ca0-d9e8f1438173,FirstNumber=46,secondNumber=893}  written to file by thread pool-3-thread-2
 message  {Id=4ea528e0-22d3-4b04-af53-dc74cda51cbf,FirstNumber=853,secondNumber=642}  added by thread pool-3-thread-6
 message  {Id=4ea528e0-22d3-4b04-af53-dc74cda51cbf,FirstNumber=853,secondNumber=642}  written to file by thread pool-3-thread-1
 message  {Id=879ab341-45b7-4a2f-a7a6-ca1b08645459,FirstNumber=47,secondNumber=1748}  added by thread pool-3-thread-6
 message  {Id=879ab341-45b7-4a2f-a7a6-ca1b08645459,FirstNumber=47,secondNumber=1748}  written to file by thread pool-3-thread-4
 message  {Id=33f62bcd-be0f-4ec4-9156-935ad06ed005,FirstNumber=241,secondNumber=1662}  added by thread pool-3-thread-6
 message  {Id=33f62bcd-be0f-4ec4-9156-935ad06ed005,FirstNumber=241,secondNumber=1662}  written to file by thread pool-3-thread-5
 message  {Id=807f1c03-adef-43f6-a1ef-ad94c0de711b,FirstNumber=372,secondNumber=295}  added by thread pool-3-thread-6
 message  {Id=807f1c03-adef-43f6-a1ef-ad94c0de711b,FirstNumber=372,secondNumber=295}  written to file by thread pool-3-thread-3
 message  {Id=f2f89a5e-ae92-461d-9acb-d5f52a77ffd5,FirstNumber=342,secondNumber=1234}  added by thread pool-3-thread-6
 message  {Id=f2f89a5e-ae92-461d-9acb-d5f52a77ffd5,FirstNumber=342,secondNumber=1234}  written to file by thread pool-3-thread-2
 message  {Id=c06eab78-4d08-4c56-b372-7f53fb7ce13d,FirstNumber=537,secondNumber=1258}  added by thread pool-3-thread-6
 message  {Id=c06eab78-4d08-4c56-b372-7f53fb7ce13d,FirstNumber=537,secondNumber=1258}  written to file by thread pool-3-thread-1
 message  {Id=accba40e-6af7-4970-9338-5a700ef7694d,FirstNumber=184,secondNumber=358}  added by thread pool-3-thread-6
 message  {Id=accba40e-6af7-4970-9338-5a700ef7694d,FirstNumber=184,secondNumber=358}  written to file by thread pool-3-thread-4
 message  {Id=ee1b00cd-a3f8-49b3-96e2-8ecdbae74dba,FirstNumber=31,secondNumber=210}  added by thread pool-3-thread-6
 message  {Id=ee1b00cd-a3f8-49b3-96e2-8ecdbae74dba,FirstNumber=31,secondNumber=210}  written to file by thread pool-3-thread-5
 message  {Id=54554816-9253-459f-a24d-c918be225bc0,FirstNumber=305,secondNumber=1258}  added by thread pool-3-thread-6
 message  {Id=54554816-9253-459f-a24d-c918be225bc0,FirstNumber=305,secondNumber=1258}  written to file by thread pool-3-thread-3
 message  {Id=2405d31d-8746-45f5-9269-fdbb41be1e65,FirstNumber=306,secondNumber=1560}  added by thread pool-3-thread-6
 message  {Id=2405d31d-8746-45f5-9269-fdbb41be1e65,FirstNumber=306,secondNumber=1560}  written to file by thread pool-3-thread-2
 message  {Id=93b6960b-4942-43b0-9519-c007ab606c6c,FirstNumber=979,secondNumber=171}  added by thread pool-3-thread-6
 message  {Id=93b6960b-4942-43b0-9519-c007ab606c6c,FirstNumber=979,secondNumber=171}  written to file by thread pool-3-thread-1
 message  {Id=70a9273a-0c63-483c-960b-8f84c8a881c8,FirstNumber=217,secondNumber=1377}  added by thread pool-3-thread-6
 message  {Id=70a9273a-0c63-483c-960b-8f84c8a881c8,FirstNumber=217,secondNumber=1377}  written to file by thread pool-3-thread-4
 message  {Id=a45409fe-0f37-4973-94ef-ae6732d40f01,FirstNumber=847,secondNumber=1010}  added by thread pool-3-thread-6
 message  {Id=a45409fe-0f37-4973-94ef-ae6732d40f01,FirstNumber=847,secondNumber=1010}  written to file by thread pool-3-thread-5
 message  {Id=4d2b1bd5-14e9-4c0c-a9f0-0fbb0c25d3d2,FirstNumber=878,secondNumber=1747}  added by thread pool-3-thread-6
 message  {Id=4d2b1bd5-14e9-4c0c-a9f0-0fbb0c25d3d2,FirstNumber=878,secondNumber=1747}  written to file by thread pool-3-thread-3
 message  {Id=d4ffca96-0bf1-4a70-986a-399a884927dc,FirstNumber=201,secondNumber=1043}  added by thread pool-3-thread-6
 message  {Id=d4ffca96-0bf1-4a70-986a-399a884927dc,FirstNumber=201,secondNumber=1043}  written to file by thread pool-3-thread-2
 message  {Id=8b58df0d-7630-43f9-8dfd-bb68c7bc2627,FirstNumber=965,secondNumber=1827}  added by thread pool-3-thread-6
 message  {Id=8b58df0d-7630-43f9-8dfd-bb68c7bc2627,FirstNumber=965,secondNumber=1827}  written to file by thread pool-3-thread-1
 message  {Id=afd781ae-c132-448c-8858-5c3026411889,FirstNumber=171,secondNumber=662}  added by thread pool-3-thread-6
 message  {Id=afd781ae-c132-448c-8858-5c3026411889,FirstNumber=171,secondNumber=662}  written to file by thread pool-3-thread-4
 message  {Id=2958572b-4b8d-498d-8aed-03696f0fa6c8,FirstNumber=9,secondNumber=258}  added by thread pool-3-thread-6
 message  {Id=2958572b-4b8d-498d-8aed-03696f0fa6c8,FirstNumber=9,secondNumber=258}  written to file by thread pool-3-thread-5
 message  {Id=e09c8e37-cbfb-4826-8ef6-ad52f64781e7,FirstNumber=228,secondNumber=89}  added by thread pool-3-thread-6
 message  {Id=e09c8e37-cbfb-4826-8ef6-ad52f64781e7,FirstNumber=228,secondNumber=89}  written to file by thread pool-3-thread-3
 message  {Id=13fb57e5-8c44-4d74-ac94-3ed8c22cf1b3,FirstNumber=971,secondNumber=584}  added by thread pool-3-thread-6
 message  {Id=13fb57e5-8c44-4d74-ac94-3ed8c22cf1b3,FirstNumber=971,secondNumber=584}  written to file by thread pool-3-thread-2
 message  {Id=e7029de9-ebe6-43f5-844a-58bbfd814eae,FirstNumber=391,secondNumber=667}  added by thread pool-3-thread-6
 message  {Id=e7029de9-ebe6-43f5-844a-58bbfd814eae,FirstNumber=391,secondNumber=667}  written to file by thread pool-3-thread-1
 message  {Id=32c6d064-6be6-4678-9fc7-ddf6e784b7b8,FirstNumber=814,secondNumber=676}  added by thread pool-3-thread-6
 message  {Id=32c6d064-6be6-4678-9fc7-ddf6e784b7b8,FirstNumber=814,secondNumber=676}  written to file by thread pool-3-thread-4
 message  {Id=d7d5bce9-68b8-4fbf-9c6a-5c80e49e5d17,FirstNumber=707,secondNumber=194}  added by thread pool-3-thread-6
 message  {Id=d7d5bce9-68b8-4fbf-9c6a-5c80e49e5d17,FirstNumber=707,secondNumber=194}  written to file by thread pool-3-thread-5
 message  {Id=0b5e0de4-f278-4069-9a3b-8fdb9a4f8f1f,FirstNumber=491,secondNumber=1786}  added by thread pool-3-thread-6
 message  {Id=0b5e0de4-f278-4069-9a3b-8fdb9a4f8f1f,FirstNumber=491,secondNumber=1786}  written to file by thread pool-3-thread-5
 message  {Id=527e6aea-8356-4cd8-b10b-ada920a93868,FirstNumber=561,secondNumber=103}  added by thread pool-3-thread-6
 message  {Id=527e6aea-8356-4cd8-b10b-ada920a93868,FirstNumber=561,secondNumber=103}  written to file by thread pool-3-thread-2
 message  {Id=42c70ebd-1c99-4001-a85a-04f33106bee8,FirstNumber=774,secondNumber=597}  added by thread pool-3-thread-6
 message  {Id=42c70ebd-1c99-4001-a85a-04f33106bee8,FirstNumber=774,secondNumber=597}  written to file by thread pool-3-thread-1
 message  {Id=8b56fcdc-8bf4-4d5e-baa1-849524aa8d87,FirstNumber=290,secondNumber=787}  added by thread pool-3-thread-6
 message  {Id=8b56fcdc-8bf4-4d5e-baa1-849524aa8d87,FirstNumber=290,secondNumber=787}  written to file by thread pool-3-thread-4
 message  {Id=8c89173d-9271-434a-acc4-28b3dba3fe79,FirstNumber=166,secondNumber=646}  added by thread pool-3-thread-6
 message  {Id=8c89173d-9271-434a-acc4-28b3dba3fe79,FirstNumber=166,secondNumber=646}  written to file by thread pool-3-thread-4
 message  {Id=4cc33118-0655-45d5-8fc5-443292f556d2,FirstNumber=768,secondNumber=1629}  added by thread pool-3-thread-6
 message  {Id=4cc33118-0655-45d5-8fc5-443292f556d2,FirstNumber=768,secondNumber=1629}  written to file by thread pool-3-thread-5
 message  {Id=69827d26-5adf-4ca6-b7b8-7c6a34850027,FirstNumber=711,secondNumber=1547}  added by thread pool-3-thread-6
 message  {Id=69827d26-5adf-4ca6-b7b8-7c6a34850027,FirstNumber=711,secondNumber=1547}  written to file by thread pool-3-thread-2
 message  {Id=d6ec933b-2778-42b7-a115-a2e0766ef070,FirstNumber=182,secondNumber=931}  added by thread pool-3-thread-6
 message  {Id=d6ec933b-2778-42b7-a115-a2e0766ef070,FirstNumber=182,secondNumber=931}  written to file by thread pool-3-thread-1
 message  {Id=ac736754-ac4b-4981-9a91-0cddf9a13e55,FirstNumber=762,secondNumber=1163}  added by thread pool-3-thread-6
 message  {Id=ac736754-ac4b-4981-9a91-0cddf9a13e55,FirstNumber=762,secondNumber=1163}  written to file by thread pool-3-thread-3
 message  {Id=d30c69ae-2d58-4b59-9bf4-e8bab6aad17e,FirstNumber=0,secondNumber=408}  added by thread pool-3-thread-6
 message  {Id=d30c69ae-2d58-4b59-9bf4-e8bab6aad17e,FirstNumber=0,secondNumber=408}  written to file by thread pool-3-thread-4
 message  {Id=6db515a0-3088-4cc1-a28b-61ad2f4b72b0,FirstNumber=563,secondNumber=502}  added by thread pool-3-thread-6
 message  {Id=6db515a0-3088-4cc1-a28b-61ad2f4b72b0,FirstNumber=563,secondNumber=502}  written to file by thread pool-3-thread-4
 message  {Id=6a149e60-179d-430c-a951-2e8f85214368,FirstNumber=265,secondNumber=902}  added by thread pool-3-thread-6
 message  {Id=6a149e60-179d-430c-a951-2e8f85214368,FirstNumber=265,secondNumber=902}  written to file by thread pool-3-thread-2
 message  {Id=fd6b7c66-4052-429d-bcd2-3b95b4cb373d,FirstNumber=179,secondNumber=1122}  added by thread pool-3-thread-6
 message  {Id=fd6b7c66-4052-429d-bcd2-3b95b4cb373d,FirstNumber=179,secondNumber=1122}  written to file by thread pool-3-thread-2
 message  {Id=4a243bbd-533c-4ef0-8cc4-e4909af2e7ea,FirstNumber=79,secondNumber=281}  added by thread pool-3-thread-6
 message  {Id=4a243bbd-533c-4ef0-8cc4-e4909af2e7ea,FirstNumber=79,secondNumber=281}  written to file by thread pool-3-thread-3
 message  {Id=d001594c-4dfb-4e40-80f2-0108a063c6f4,FirstNumber=855,secondNumber=1398}  added by thread pool-3-thread-6
 message  {Id=d001594c-4dfb-4e40-80f2-0108a063c6f4,FirstNumber=855,secondNumber=1398}  written to file by thread pool-3-thread-5
 message  {Id=f54b76a4-6633-4d49-8561-4b09db91c82b,FirstNumber=33,secondNumber=492}  added by thread pool-3-thread-6
 message  {Id=f54b76a4-6633-4d49-8561-4b09db91c82b,FirstNumber=33,secondNumber=492}  written to file by thread pool-3-thread-4
 message  {Id=f3abeab5-72d9-4acc-a56f-575043631b0c,FirstNumber=231,secondNumber=869}  added by thread pool-3-thread-6
 message  {Id=f3abeab5-72d9-4acc-a56f-575043631b0c,FirstNumber=231,secondNumber=869}  written to file by thread pool-3-thread-4
 message  {Id=52182501-ae9f-4f80-83c1-85ba96dfc146,FirstNumber=469,secondNumber=796}  added by thread pool-3-thread-6
 message  {Id=52182501-ae9f-4f80-83c1-85ba96dfc146,FirstNumber=469,secondNumber=796}  written to file by thread pool-3-thread-2
 message  {Id=b93d3eec-4030-4b7d-b4bd-a63fcddab7aa,FirstNumber=898,secondNumber=79}  added by thread pool-3-thread-6
 message  {Id=b93d3eec-4030-4b7d-b4bd-a63fcddab7aa,FirstNumber=898,secondNumber=79}  written to file by thread pool-3-thread-3
 message  {Id=001f8a60-4c79-4d62-b965-b945f5f7aac7,FirstNumber=573,secondNumber=513}  added by thread pool-3-thread-6
 message  {Id=001f8a60-4c79-4d62-b965-b945f5f7aac7,FirstNumber=573,secondNumber=513}  written to file by thread pool-3-thread-5
 message  {Id=48d0bb05-044e-418f-9c4f-52ea718a4c09,FirstNumber=724,secondNumber=1574}  added by thread pool-3-thread-6
 message  {Id=48d0bb05-044e-418f-9c4f-52ea718a4c09,FirstNumber=724,secondNumber=1574}  written to file by thread pool-3-thread-1
 message  {Id=475e0f60-5b8e-454e-926c-798f6c00000b,FirstNumber=314,secondNumber=1124}  added by thread pool-3-thread-6
 message  {Id=475e0f60-5b8e-454e-926c-798f6c00000b,FirstNumber=314,secondNumber=1124}  written to file by thread pool-3-thread-4
 message  {Id=80d9caee-730d-410c-9260-9d6dac1cec3f,FirstNumber=968,secondNumber=707}  added by thread pool-3-thread-6
 message  {Id=80d9caee-730d-410c-9260-9d6dac1cec3f,FirstNumber=968,secondNumber=707}  written to file by thread pool-3-thread-2
 message  {Id=8eb7129b-3006-4abe-a340-cdd41fd3396d,FirstNumber=527,secondNumber=911}  added by thread pool-3-thread-6
 message  {Id=8eb7129b-3006-4abe-a340-cdd41fd3396d,FirstNumber=527,secondNumber=911}  written to file by thread pool-3-thread-3
 message  {Id=51762ac9-7c21-49ad-9aea-f32b3bd052e5,FirstNumber=541,secondNumber=56}  added by thread pool-3-thread-6
 message  {Id=51762ac9-7c21-49ad-9aea-f32b3bd052e5,FirstNumber=541,secondNumber=56}  written to file by thread pool-3-thread-5
 message  {Id=f383f261-a592-447c-a6eb-6556417da023,FirstNumber=986,secondNumber=1154}  added by thread pool-3-thread-6
 message  {Id=f383f261-a592-447c-a6eb-6556417da023,FirstNumber=986,secondNumber=1154}  written to file by thread pool-3-thread-1
 message  {Id=8f469d93-8f1b-47c0-8ae3-062e50e863cf,FirstNumber=565,secondNumber=1457}  added by thread pool-3-thread-6
 message  {Id=8f469d93-8f1b-47c0-8ae3-062e50e863cf,FirstNumber=565,secondNumber=1457}  written to file by thread pool-3-thread-4
 message  {Id=f0014f71-ff98-4b61-8147-bf089012e67a,FirstNumber=237,secondNumber=435}  added by thread pool-3-thread-6
 message  {Id=f0014f71-ff98-4b61-8147-bf089012e67a,FirstNumber=237,secondNumber=435}  written to file by thread pool-3-thread-2
 message  {Id=f4ab180d-e85c-4df8-9eb0-5942fd2344df,FirstNumber=733,secondNumber=447}  added by thread pool-3-thread-6
 message  {Id=f4ab180d-e85c-4df8-9eb0-5942fd2344df,FirstNumber=733,secondNumber=447}  written to file by thread pool-3-thread-2
 message  {Id=42877307-3c8a-4264-b2ca-f153b4ea7c30,FirstNumber=685,secondNumber=17}  added by thread pool-3-thread-6
 message  {Id=42877307-3c8a-4264-b2ca-f153b4ea7c30,FirstNumber=685,secondNumber=17}  written to file by thread pool-3-thread-5
 message  {Id=b33c7826-e2fb-484c-9201-2ec7e4155512,FirstNumber=623,secondNumber=735}  added by thread pool-3-thread-6
 message  {Id=b33c7826-e2fb-484c-9201-2ec7e4155512,FirstNumber=623,secondNumber=735}  written to file by thread pool-3-thread-5
 message  {Id=ca95985d-28da-42a8-96bd-3e664db912a4,FirstNumber=440,secondNumber=881}  added by thread pool-3-thread-6
 message  {Id=ca95985d-28da-42a8-96bd-3e664db912a4,FirstNumber=440,secondNumber=881}  written to file by thread pool-3-thread-4
 message  {Id=2737a5bf-c49e-402e-ba92-e8bec12b57dc,FirstNumber=606,secondNumber=1639}  added by thread pool-3-thread-6
 message  {Id=2737a5bf-c49e-402e-ba92-e8bec12b57dc,FirstNumber=606,secondNumber=1639}  written to file by thread pool-3-thread-3
 message  {Id=9930a60c-a76b-4968-af89-40d122ccb967,FirstNumber=265,secondNumber=1911}  added by thread pool-3-thread-6
 message  {Id=9930a60c-a76b-4968-af89-40d122ccb967,FirstNumber=265,secondNumber=1911}  written to file by thread pool-3-thread-2
 message  {Id=1271c1a1-ea58-4051-9e98-ffc33b4f23f5,FirstNumber=854,secondNumber=704}  added by thread pool-3-thread-6
 message  {Id=1271c1a1-ea58-4051-9e98-ffc33b4f23f5,FirstNumber=854,secondNumber=704}  written to file by thread pool-3-thread-1
 message  {Id=ea43d787-fd90-450d-b8ae-af5358a5c762,FirstNumber=214,secondNumber=646}  added by thread pool-3-thread-6
 message  {Id=ea43d787-fd90-450d-b8ae-af5358a5c762,FirstNumber=214,secondNumber=646}  written to file by thread pool-3-thread-5
 message  {Id=42670c16-52c1-4d0d-b926-201b97ea3660,FirstNumber=270,secondNumber=958}  added by thread pool-3-thread-6
 message  {Id=42670c16-52c1-4d0d-b926-201b97ea3660,FirstNumber=270,secondNumber=958}  written to file by thread pool-3-thread-4
 message  {Id=ecc8a191-44ed-46bc-92fd-287ccad42c51,FirstNumber=775,secondNumber=711}  added by thread pool-3-thread-6
 message  {Id=ecc8a191-44ed-46bc-92fd-287ccad42c51,FirstNumber=775,secondNumber=711}  written to file by thread pool-3-thread-3
 message  {Id=7e86601d-079f-4e77-88d8-a329f5cd8b2f,FirstNumber=939,secondNumber=684}  added by thread pool-3-thread-6
 message  {Id=7e86601d-079f-4e77-88d8-a329f5cd8b2f,FirstNumber=939,secondNumber=684}  written to file by thread pool-3-thread-2
 message  {Id=bd70d539-344a-43a2-a085-c704bdd4dd55,FirstNumber=399,secondNumber=643}  added by thread pool-3-thread-6
 message  {Id=bd70d539-344a-43a2-a085-c704bdd4dd55,FirstNumber=399,secondNumber=643}  written to file by thread pool-3-thread-1
 message  {Id=c1d1050f-ce1f-46ea-b2b5-dfa26664d011,FirstNumber=744,secondNumber=882}  added by thread pool-3-thread-6
 message  {Id=c1d1050f-ce1f-46ea-b2b5-dfa26664d011,FirstNumber=744,secondNumber=882}  written to file by thread pool-3-thread-5
 message  {Id=20d03e12-b4f3-417a-9244-932458b218a3,FirstNumber=951,secondNumber=1494}  added by thread pool-3-thread-6
 message  {Id=20d03e12-b4f3-417a-9244-932458b218a3,FirstNumber=951,secondNumber=1494}  written to file by thread pool-3-thread-4
 message  {Id=d52614d8-7a8b-482b-8f62-5d058d8d41f3,FirstNumber=349,secondNumber=1080}  added by thread pool-3-thread-6
 message  {Id=d52614d8-7a8b-482b-8f62-5d058d8d41f3,FirstNumber=349,secondNumber=1080}  written to file by thread pool-3-thread-4
 message  {Id=335f13f8-d68b-4104-bb08-71a139725b7d,FirstNumber=559,secondNumber=351}  added by thread pool-3-thread-6
 message  {Id=335f13f8-d68b-4104-bb08-71a139725b7d,FirstNumber=559,secondNumber=351}  written to file by thread pool-3-thread-2
 message  {Id=601c7d35-3927-43af-9fd2-e6ced69cd699,FirstNumber=784,secondNumber=1156}  added by thread pool-3-thread-6
 message  {Id=601c7d35-3927-43af-9fd2-e6ced69cd699,FirstNumber=784,secondNumber=1156}  written to file by thread pool-3-thread-2
 message  {Id=2a80170d-810e-4141-9a7e-831e9742024f,FirstNumber=947,secondNumber=1285}  added by thread pool-3-thread-6
 message  {Id=2a80170d-810e-4141-9a7e-831e9742024f,FirstNumber=947,secondNumber=1285}  written to file by thread pool-3-thread-5
 message  {Id=eea71451-b9ad-4253-9eac-a022d78f3915,FirstNumber=182,secondNumber=469}  added by thread pool-3-thread-6
 message  {Id=eea71451-b9ad-4253-9eac-a022d78f3915,FirstNumber=182,secondNumber=469}  written to file by thread pool-3-thread-3
 message  {Id=bf4c98e1-78ab-428d-82f5-0beb8116cf29,FirstNumber=39,secondNumber=704}  added by thread pool-3-thread-6
 message  {Id=bf4c98e1-78ab-428d-82f5-0beb8116cf29,FirstNumber=39,secondNumber=704}  written to file by thread pool-3-thread-4
 message  {Id=881f96b8-327e-48d9-91d0-0288857da0b5,FirstNumber=690,secondNumber=249}  added by thread pool-3-thread-6
 message  {Id=881f96b8-327e-48d9-91d0-0288857da0b5,FirstNumber=690,secondNumber=249}  written to file by thread pool-3-thread-4
 message  {Id=02e1e4eb-a1cc-4abd-97a8-89c47da88547,FirstNumber=95,secondNumber=1049}  added by thread pool-3-thread-6
 message  {Id=02e1e4eb-a1cc-4abd-97a8-89c47da88547,FirstNumber=95,secondNumber=1049}  written to file by thread pool-3-thread-2
 message  {Id=aa60225e-81e3-4c78-801a-8c2b92ec3dca,FirstNumber=793,secondNumber=1481}  added by thread pool-3-thread-6
 message  {Id=aa60225e-81e3-4c78-801a-8c2b92ec3dca,FirstNumber=793,secondNumber=1481}  written to file by thread pool-3-thread-5
 message  {Id=96ce4917-f382-4c37-96b7-d793fc62c449,FirstNumber=212,secondNumber=1319}  added by thread pool-3-thread-6
 message  {Id=96ce4917-f382-4c37-96b7-d793fc62c449,FirstNumber=212,secondNumber=1319}  written to file by thread pool-3-thread-3
 message  {Id=4e686fb3-4b5c-411c-8b34-a20a586f20fe,FirstNumber=888,secondNumber=826}  added by thread pool-3-thread-6
 message  {Id=4e686fb3-4b5c-411c-8b34-a20a586f20fe,FirstNumber=888,secondNumber=826}  written to file by thread pool-3-thread-3
 message  {Id=d2dc60eb-3b22-4300-ab88-e6375bc42acd,FirstNumber=78,secondNumber=1923}  added by thread pool-3-thread-6
 message  {Id=d2dc60eb-3b22-4300-ab88-e6375bc42acd,FirstNumber=78,secondNumber=1923}  written to file by thread pool-3-thread-4
 message  {Id=31d5f3c8-a913-4224-9427-8b8e1fecf232,FirstNumber=705,secondNumber=1251}  added by thread pool-3-thread-6
 message  {Id=31d5f3c8-a913-4224-9427-8b8e1fecf232,FirstNumber=705,secondNumber=1251}  written to file by thread pool-3-thread-4
 message  {Id=de14849d-401d-4e87-9f49-6e0d7a4161c8,FirstNumber=280,secondNumber=1868}  added by thread pool-3-thread-6
 message  {Id=de14849d-401d-4e87-9f49-6e0d7a4161c8,FirstNumber=280,secondNumber=1868}  written to file by thread pool-3-thread-5
 message  {Id=c9786e97-e08c-41ca-bf2b-da46c7b05c62,FirstNumber=246,secondNumber=15}  added by thread pool-3-thread-6
 message  {Id=c9786e97-e08c-41ca-bf2b-da46c7b05c62,FirstNumber=246,secondNumber=15}  written to file by thread pool-3-thread-1
 message  {Id=771d95ad-1f6e-4cd7-8474-97397786ee89,FirstNumber=987,secondNumber=316}  added by thread pool-3-thread-6
 message  {Id=771d95ad-1f6e-4cd7-8474-97397786ee89,FirstNumber=987,secondNumber=316}  written to file by thread pool-3-thread-3
 message  {Id=84fe152d-ef77-4d28-99d2-94f19d17d488,FirstNumber=61,secondNumber=1637}  added by thread pool-3-thread-6
 message  {Id=84fe152d-ef77-4d28-99d2-94f19d17d488,FirstNumber=61,secondNumber=1637}  written to file by thread pool-3-thread-2
 message  {Id=f6abe949-ea5a-4357-93ec-c3346236dca4,FirstNumber=229,secondNumber=225}  added by thread pool-3-thread-6
 message  {Id=f6abe949-ea5a-4357-93ec-c3346236dca4,FirstNumber=229,secondNumber=225}  written to file by thread pool-3-thread-4
 message  {Id=b5424162-6d59-4d4d-b0df-1a4a6c60c69c,FirstNumber=118,secondNumber=180}  added by thread pool-3-thread-6
 message  {Id=b5424162-6d59-4d4d-b0df-1a4a6c60c69c,FirstNumber=118,secondNumber=180}  written to file by thread pool-3-thread-5
 message  {Id=d05ef5c0-51ba-4932-93c0-446714cf7971,FirstNumber=581,secondNumber=1906}  added by thread pool-3-thread-6
 message  {Id=d05ef5c0-51ba-4932-93c0-446714cf7971,FirstNumber=581,secondNumber=1906}  written to file by thread pool-3-thread-1
 message  {Id=73f594bc-0500-481e-acd6-87b6352c7eaf,FirstNumber=623,secondNumber=1871}  added by thread pool-3-thread-6
 message  {Id=73f594bc-0500-481e-acd6-87b6352c7eaf,FirstNumber=623,secondNumber=1871}  written to file by thread pool-3-thread-3
 message  {Id=1c158400-6059-499f-9c71-9e5b8a4e8c36,FirstNumber=612,secondNumber=1158}  added by thread pool-3-thread-6
 message  {Id=1c158400-6059-499f-9c71-9e5b8a4e8c36,FirstNumber=612,secondNumber=1158}  written to file by thread pool-3-thread-2
 message  {Id=f87a1b90-1fc0-4e95-a273-4913927ec506,FirstNumber=354,secondNumber=947}  added by thread pool-3-thread-6
 message  {Id=f87a1b90-1fc0-4e95-a273-4913927ec506,FirstNumber=354,secondNumber=947}  written to file by thread pool-3-thread-4
 message  {Id=c01487b3-591a-43f9-9da1-624094ffce23,FirstNumber=876,secondNumber=162}  added by thread pool-3-thread-6
 message  {Id=c01487b3-591a-43f9-9da1-624094ffce23,FirstNumber=876,secondNumber=162}  written to file by thread pool-3-thread-5
 message  {Id=6711266f-33f7-4478-ac70-231dd7fbf66f,FirstNumber=931,secondNumber=684}  added by thread pool-3-thread-6
 message  {Id=6711266f-33f7-4478-ac70-231dd7fbf66f,FirstNumber=931,secondNumber=684}  written to file by thread pool-3-thread-1
 message  {Id=af76d00e-a577-4973-b683-e50f6a185790,FirstNumber=55,secondNumber=851}  added by thread pool-3-thread-6
 message  {Id=af76d00e-a577-4973-b683-e50f6a185790,FirstNumber=55,secondNumber=851}  written to file by thread pool-3-thread-1
 message  {Id=679555a3-0aec-4ce4-acd9-89f2abcbce99,FirstNumber=844,secondNumber=556}  added by thread pool-3-thread-6
 message  {Id=679555a3-0aec-4ce4-acd9-89f2abcbce99,FirstNumber=844,secondNumber=556}  written to file by thread pool-3-thread-2
 message  {Id=7ab05830-b71d-4553-8b8d-31d649b0c2f7,FirstNumber=916,secondNumber=719}  added by thread pool-3-thread-6
 message  {Id=7ab05830-b71d-4553-8b8d-31d649b0c2f7,FirstNumber=916,secondNumber=719}  written to file by thread pool-3-thread-4
 message  {Id=9287e0d2-c715-48aa-a5a3-58a016e214df,FirstNumber=551,secondNumber=578}  added by thread pool-3-thread-6
 message  {Id=9287e0d2-c715-48aa-a5a3-58a016e214df,FirstNumber=551,secondNumber=578}  written to file by thread pool-3-thread-4
 message  {Id=b7ace038-f4b1-4144-b950-d8a43f5866ca,FirstNumber=191,secondNumber=1386}  added by thread pool-3-thread-6
 message  {Id=b7ace038-f4b1-4144-b950-d8a43f5866ca,FirstNumber=191,secondNumber=1386}  written to file by thread pool-3-thread-3
 message  {Id=20f38cd4-933c-4194-8cd4-5f08fd5deca6,FirstNumber=870,secondNumber=729}  added by thread pool-3-thread-6
 message  {Id=20f38cd4-933c-4194-8cd4-5f08fd5deca6,FirstNumber=870,secondNumber=729}  written to file by thread pool-3-thread-3
 message  {Id=dc28a304-8846-4be5-bf80-c01b376b23e2,FirstNumber=463,secondNumber=687}  added by thread pool-3-thread-6
 message  {Id=dc28a304-8846-4be5-bf80-c01b376b23e2,FirstNumber=463,secondNumber=687}  written to file by thread pool-3-thread-2
 message  {Id=5f7d454b-f194-4b93-8dfe-55560a3a5eb6,FirstNumber=654,secondNumber=1206}  added by thread pool-3-thread-6
 message  {Id=5f7d454b-f194-4b93-8dfe-55560a3a5eb6,FirstNumber=654,secondNumber=1206}  written to file by thread pool-3-thread-5
 message  {Id=f5cb3b26-f628-4b54-bb24-f50c3de33d8c,FirstNumber=861,secondNumber=162}  added by thread pool-3-thread-6
 message  {Id=f5cb3b26-f628-4b54-bb24-f50c3de33d8c,FirstNumber=861,secondNumber=162}  written to file by thread pool-3-thread-4
 message  {Id=7d3d71dd-80bc-4e06-a6c8-fe2be87a6ed0,FirstNumber=29,secondNumber=781}  added by thread pool-3-thread-6
 message  {Id=7d3d71dd-80bc-4e06-a6c8-fe2be87a6ed0,FirstNumber=29,secondNumber=781}  written to file by thread pool-3-thread-1
 message  {Id=1726345d-c307-44c3-b127-ff5f30e8fc43,FirstNumber=504,secondNumber=777}  added by thread pool-3-thread-6
 message  {Id=1726345d-c307-44c3-b127-ff5f30e8fc43,FirstNumber=504,secondNumber=777}  written to file by thread pool-3-thread-3
 message  {Id=ade6bb46-f09e-4ce2-a4a0-aba69865d3f9,FirstNumber=10,secondNumber=31}  added by thread pool-3-thread-6
 message  {Id=ade6bb46-f09e-4ce2-a4a0-aba69865d3f9,FirstNumber=10,secondNumber=31}  written to file by thread pool-3-thread-2
 message  {Id=8c9ae682-68fd-4f42-a87a-d671033d781d,FirstNumber=598,secondNumber=200}  added by thread pool-3-thread-6
 message  {Id=8c9ae682-68fd-4f42-a87a-d671033d781d,FirstNumber=598,secondNumber=200}  written to file by thread pool-3-thread-2
 message  {Id=b670194b-3d96-4b95-b9ef-ea7e3bf1999d,FirstNumber=416,secondNumber=1400}  added by thread pool-3-thread-6
 message  {Id=b670194b-3d96-4b95-b9ef-ea7e3bf1999d,FirstNumber=416,secondNumber=1400}  written to file by thread pool-3-thread-4
 message  {Id=fa542082-0400-4bb3-929f-67b16afa9860,FirstNumber=948,secondNumber=1143}  added by thread pool-3-thread-6
 message  {Id=fa542082-0400-4bb3-929f-67b16afa9860,FirstNumber=948,secondNumber=1143}  written to file by thread pool-3-thread-1
 message  {Id=d482955c-2170-449b-9303-2596f3d09c5f,FirstNumber=917,secondNumber=1745}  added by thread pool-3-thread-6
 message  {Id=d482955c-2170-449b-9303-2596f3d09c5f,FirstNumber=917,secondNumber=1745}  written to file by thread pool-3-thread-1
 message  {Id=961d2771-6bdd-4b39-acc6-71ed736cc685,FirstNumber=860,secondNumber=1919}  added by thread pool-3-thread-6
 message  {Id=961d2771-6bdd-4b39-acc6-71ed736cc685,FirstNumber=860,secondNumber=1919}  written to file by thread pool-3-thread-5
 message  {Id=89044068-db2e-425f-885f-d2c1fa237ee4,FirstNumber=140,secondNumber=771}  written to file by thread pool-3-thread-5
 message  {Id=89044068-db2e-425f-885f-d2c1fa237ee4,FirstNumber=140,secondNumber=771}  added by thread pool-3-thread-6
 message  {Id=9f504d91-2437-4464-8b40-e60aa1f8b50d,FirstNumber=539,secondNumber=1629}  added by thread pool-3-thread-6
 message  {Id=9f504d91-2437-4464-8b40-e60aa1f8b50d,FirstNumber=539,secondNumber=1629}  written to file by thread pool-3-thread-4
 message  {Id=cf16bd40-d397-424c-a01a-ecd7d9b82d56,FirstNumber=736,secondNumber=1324}  added by thread pool-3-thread-6
 message  {Id=cf16bd40-d397-424c-a01a-ecd7d9b82d56,FirstNumber=736,secondNumber=1324}  written to file by thread pool-3-thread-3
 message  {Id=ec9f2bd1-5b18-44de-8bfa-88c2ce8c13f5,FirstNumber=29,secondNumber=1116}  written to file by thread pool-3-thread-3
 message  {Id=ec9f2bd1-5b18-44de-8bfa-88c2ce8c13f5,FirstNumber=29,secondNumber=1116}  added by thread pool-3-thread-6
 message  {Id=df3f1926-b8a0-4b37-878f-548af695c07b,FirstNumber=180,secondNumber=1785}  added by thread pool-3-thread-6
 message  {Id=df3f1926-b8a0-4b37-878f-548af695c07b,FirstNumber=180,secondNumber=1785}  written to file by thread pool-3-thread-2
 message  {Id=5c4e07e6-a79d-4120-b4cc-05a1c176d7f7,FirstNumber=720,secondNumber=121}  added by thread pool-3-thread-6
 message  {Id=5c4e07e6-a79d-4120-b4cc-05a1c176d7f7,FirstNumber=720,secondNumber=121}  written to file by thread pool-3-thread-5
 message  {Id=964dfd59-5761-4911-ac7c-7eeeabe5d017,FirstNumber=144,secondNumber=1905}  added by thread pool-3-thread-6
 message  {Id=964dfd59-5761-4911-ac7c-7eeeabe5d017,FirstNumber=144,secondNumber=1905}  written to file by thread pool-3-thread-5
 message  {Id=10ac820b-31e5-4aac-8e4e-d53bad0364dc,FirstNumber=595,secondNumber=1135}  added by thread pool-3-thread-6
 message  {Id=10ac820b-31e5-4aac-8e4e-d53bad0364dc,FirstNumber=595,secondNumber=1135}  written to file by thread pool-3-thread-1
 message  {Id=be4329b4-bdc1-4e89-8964-caa556f151fc,FirstNumber=369,secondNumber=1309}  added by thread pool-3-thread-6
 message  {Id=be4329b4-bdc1-4e89-8964-caa556f151fc,FirstNumber=369,secondNumber=1309}  written to file by thread pool-3-thread-1
 message  {Id=7022b868-f996-47fd-9b6c-26bffd534d2f,FirstNumber=484,secondNumber=1449}  added by thread pool-3-thread-6
 message  {Id=7022b868-f996-47fd-9b6c-26bffd534d2f,FirstNumber=484,secondNumber=1449}  written to file by thread pool-3-thread-2
 message  {Id=82b121b2-a65e-472f-8d1e-6a4d5a5b48ef,FirstNumber=986,secondNumber=197}  added by thread pool-3-thread-6
 message  {Id=82b121b2-a65e-472f-8d1e-6a4d5a5b48ef,FirstNumber=986,secondNumber=197}  written to file by thread pool-3-thread-4
 message  {Id=4b7c4fd2-87b7-4353-b430-9905340b9599,FirstNumber=196,secondNumber=575}  added by thread pool-3-thread-6
 message  {Id=4b7c4fd2-87b7-4353-b430-9905340b9599,FirstNumber=196,secondNumber=575}  written to file by thread pool-3-thread-5
 message  {Id=0f091709-9170-4115-b185-f630ffc00918,FirstNumber=438,secondNumber=697}  added by thread pool-3-thread-6
 message  {Id=0f091709-9170-4115-b185-f630ffc00918,FirstNumber=438,secondNumber=697}  written to file by thread pool-3-thread-5
 message  {Id=069dffcd-c5d8-47fd-a7d2-81ae1f05cda0,FirstNumber=247,secondNumber=1426}  added by thread pool-3-thread-6
 message  {Id=069dffcd-c5d8-47fd-a7d2-81ae1f05cda0,FirstNumber=247,secondNumber=1426}  written to file by thread pool-3-thread-1
 message  {Id=289e38f1-784f-4cba-9d97-4eb702aa1681,FirstNumber=209,secondNumber=593}  added by thread pool-3-thread-6
 message  {Id=289e38f1-784f-4cba-9d97-4eb702aa1681,FirstNumber=209,secondNumber=593}  written to file by thread pool-3-thread-2
 message  {Id=6705b94b-77b5-4f4b-adbe-dc54607bb5fd,FirstNumber=703,secondNumber=1976}  added by thread pool-3-thread-6
 message  {Id=6705b94b-77b5-4f4b-adbe-dc54607bb5fd,FirstNumber=703,secondNumber=1976}  written to file by thread pool-3-thread-4
 message  {Id=81577c74-a2c1-44f9-9877-2c2bb5501734,FirstNumber=231,secondNumber=360}  added by thread pool-3-thread-6
 message  {Id=81577c74-a2c1-44f9-9877-2c2bb5501734,FirstNumber=231,secondNumber=360}  written to file by thread pool-3-thread-3
 message  {Id=7185d88b-be7c-4b4f-884d-f167a5c628a3,FirstNumber=575,secondNumber=1513}  added by thread pool-3-thread-6
 message  {Id=7185d88b-be7c-4b4f-884d-f167a5c628a3,FirstNumber=575,secondNumber=1513}  written to file by thread pool-3-thread-5
 message  {Id=bdb9457b-493f-4103-bf30-f59a0ab65f1d,FirstNumber=230,secondNumber=76}  added by thread pool-3-thread-6
 message  {Id=bdb9457b-493f-4103-bf30-f59a0ab65f1d,FirstNumber=230,secondNumber=76}  written to file by thread pool-3-thread-5
 message  {Id=c8dd1dc0-5b8d-4d49-977d-e21309c7fbe7,FirstNumber=100,secondNumber=1993}  added by thread pool-3-thread-6
 message  {Id=c8dd1dc0-5b8d-4d49-977d-e21309c7fbe7,FirstNumber=100,secondNumber=1993}  written to file by thread pool-3-thread-2
 message  {Id=9e1af08d-291d-40f8-af8c-a63f9bffb922,FirstNumber=344,secondNumber=639}  added by thread pool-3-thread-6
 message  {Id=9e1af08d-291d-40f8-af8c-a63f9bffb922,FirstNumber=344,secondNumber=639}  written to file by thread pool-3-thread-4
 message  {Id=405d4282-36e3-469f-af4c-557f9db672c1,FirstNumber=806,secondNumber=939}  added by thread pool-3-thread-6
 message  {Id=405d4282-36e3-469f-af4c-557f9db672c1,FirstNumber=806,secondNumber=939}  written to file by thread pool-3-thread-3
 message  {Id=fb12a3a9-5bdf-423e-8738-3b7c5bb65342,FirstNumber=943,secondNumber=1323}  added by thread pool-3-thread-6
 message  {Id=fb12a3a9-5bdf-423e-8738-3b7c5bb65342,FirstNumber=943,secondNumber=1323}  written to file by thread pool-3-thread-3
 message  {Id=34ac6e34-c559-4b12-bde9-69228ac8d9d5,FirstNumber=940,secondNumber=1281}  added by thread pool-3-thread-6
 message  {Id=34ac6e34-c559-4b12-bde9-69228ac8d9d5,FirstNumber=940,secondNumber=1281}  written to file by thread pool-3-thread-5
 message  {Id=648f1d72-bb3c-4035-8c5b-61341172e090,FirstNumber=58,secondNumber=1159}  written to file by thread pool-3-thread-5
 message  {Id=648f1d72-bb3c-4035-8c5b-61341172e090,FirstNumber=58,secondNumber=1159}  added by thread pool-3-thread-6
 message  {Id=60fa40de-3a47-4938-aa29-d73972989803,FirstNumber=361,secondNumber=287}  added by thread pool-3-thread-6
 message  {Id=60fa40de-3a47-4938-aa29-d73972989803,FirstNumber=361,secondNumber=287}  written to file by thread pool-3-thread-4
 message  {Id=b578831a-f94a-415e-8d85-1300462e7545,FirstNumber=386,secondNumber=1362}  added by thread pool-3-thread-6
 message  {Id=b578831a-f94a-415e-8d85-1300462e7545,FirstNumber=386,secondNumber=1362}  written to file by thread pool-3-thread-1
 message  {Id=cd7fb89d-0d8b-4985-ad35-b4232f12ff59,FirstNumber=240,secondNumber=1599}  added by thread pool-3-thread-6
 message  {Id=cd7fb89d-0d8b-4985-ad35-b4232f12ff59,FirstNumber=240,secondNumber=1599}  written to file by thread pool-3-thread-3
 message  {Id=750d350a-8700-4410-882e-174391b67047,FirstNumber=356,secondNumber=1053}  added by thread pool-3-thread-6
 message  {Id=750d350a-8700-4410-882e-174391b67047,FirstNumber=356,secondNumber=1053}  written to file by thread pool-3-thread-2
 message  {Id=dd81b904-1e65-4ad5-a772-62801e922a73,FirstNumber=185,secondNumber=587}  added by thread pool-3-thread-6
 message  {Id=dd81b904-1e65-4ad5-a772-62801e922a73,FirstNumber=185,secondNumber=587}  written to file by thread pool-3-thread-5
 message  {Id=9fbbb17b-0c2c-4141-b134-2342dbdcacfa,FirstNumber=69,secondNumber=1922}  added by thread pool-3-thread-6
 message  {Id=9fbbb17b-0c2c-4141-b134-2342dbdcacfa,FirstNumber=69,secondNumber=1922}  written to file by thread pool-3-thread-5
 message  {Id=b5fe84d6-4e4f-45ab-bcdb-402a927df1d7,FirstNumber=739,secondNumber=508}  added by thread pool-3-thread-6
 message  {Id=b5fe84d6-4e4f-45ab-bcdb-402a927df1d7,FirstNumber=739,secondNumber=508}  written to file by thread pool-3-thread-1
 message  {Id=c960cd7a-ae03-438f-b55d-ad85fa50dbed,FirstNumber=188,secondNumber=392}  added by thread pool-3-thread-6
 message  {Id=c960cd7a-ae03-438f-b55d-ad85fa50dbed,FirstNumber=188,secondNumber=392}  written to file by thread pool-3-thread-3
 message  {Id=94dd96b7-7e18-4845-80f2-26150cda8878,FirstNumber=773,secondNumber=462}  added by thread pool-3-thread-6
 message  {Id=94dd96b7-7e18-4845-80f2-26150cda8878,FirstNumber=773,secondNumber=462}  written to file by thread pool-3-thread-2
 message  {Id=e449e04b-bc95-43ae-bbb5-92ac93540d94,FirstNumber=571,secondNumber=1873}  added by thread pool-3-thread-6
 message  {Id=e449e04b-bc95-43ae-bbb5-92ac93540d94,FirstNumber=571,secondNumber=1873}  written to file by thread pool-3-thread-4
 message  {Id=e1e7feef-e7d7-4baf-99bc-2e8d4ad591b2,FirstNumber=993,secondNumber=1606}  added by thread pool-3-thread-6
 message  {Id=e1e7feef-e7d7-4baf-99bc-2e8d4ad591b2,FirstNumber=993,secondNumber=1606}  written to file by thread pool-3-thread-5
 message  {Id=743c38ae-68f0-4616-b050-679852bee789,FirstNumber=149,secondNumber=711}  added by thread pool-3-thread-6
 message  {Id=743c38ae-68f0-4616-b050-679852bee789,FirstNumber=149,secondNumber=711}  written to file by thread pool-3-thread-1
 message  {Id=623031a5-8d0f-4035-8703-ff4bb59112fd,FirstNumber=549,secondNumber=201}  added by thread pool-3-thread-6
 message  {Id=623031a5-8d0f-4035-8703-ff4bb59112fd,FirstNumber=549,secondNumber=201}  written to file by thread pool-3-thread-3
 message  {Id=30ddf5c3-ab4d-4fb4-9b61-969e351c7ca4,FirstNumber=527,secondNumber=1423}  written to file by thread pool-3-thread-3
 message  {Id=30ddf5c3-ab4d-4fb4-9b61-969e351c7ca4,FirstNumber=527,secondNumber=1423}  added by thread pool-3-thread-6
 message  {Id=4a54c4b2-8f4a-4a5d-a592-ff58af2d8475,FirstNumber=855,secondNumber=77}  added by thread pool-3-thread-6
 message  {Id=4a54c4b2-8f4a-4a5d-a592-ff58af2d8475,FirstNumber=855,secondNumber=77}  written to file by thread pool-3-thread-4
 message  {Id=25c79f91-7188-44e5-aab3-6da61129c855,FirstNumber=424,secondNumber=765}  added by thread pool-3-thread-6
 message  {Id=25c79f91-7188-44e5-aab3-6da61129c855,FirstNumber=424,secondNumber=765}  written to file by thread pool-3-thread-5
 message  {Id=6ef45f67-62c0-4e17-be85-71143e6fd2c2,FirstNumber=419,secondNumber=1406}  added by thread pool-3-thread-6
 message  {Id=6ef45f67-62c0-4e17-be85-71143e6fd2c2,FirstNumber=419,secondNumber=1406}  written to file by thread pool-3-thread-1
 message  {Id=09a9fcb4-57ab-403b-bbf0-54649caa0d2c,FirstNumber=411,secondNumber=1371}  added by thread pool-3-thread-6
 message  {Id=09a9fcb4-57ab-403b-bbf0-54649caa0d2c,FirstNumber=411,secondNumber=1371}  written to file by thread pool-3-thread-2
 message  {Id=316ee19a-53a7-40e0-92c7-c5ccdebe2eff,FirstNumber=95,secondNumber=924}  added by thread pool-3-thread-6
 message  {Id=316ee19a-53a7-40e0-92c7-c5ccdebe2eff,FirstNumber=95,secondNumber=924}  written to file by thread pool-3-thread-3
 message  {Id=4b40ff99-34ab-4c21-8d44-470c7cb40206,FirstNumber=998,secondNumber=1590}  added by thread pool-3-thread-6
 message  {Id=4b40ff99-34ab-4c21-8d44-470c7cb40206,FirstNumber=998,secondNumber=1590}  written to file by thread pool-3-thread-4
 message  {Id=ec91800d-e9e9-4c53-bee9-5a74abcf371c,FirstNumber=142,secondNumber=1813}  added by thread pool-3-thread-6
 message  {Id=ec91800d-e9e9-4c53-bee9-5a74abcf371c,FirstNumber=142,secondNumber=1813}  written to file by thread pool-3-thread-5
 message  {Id=9e886122-f581-4a6d-815d-39959f5d79b5,FirstNumber=118,secondNumber=1738}  added by thread pool-3-thread-6
 message  {Id=9e886122-f581-4a6d-815d-39959f5d79b5,FirstNumber=118,secondNumber=1738}  written to file by thread pool-3-thread-1
 message  {Id=67785c95-eda4-48ee-ac67-147e23a19a9c,FirstNumber=420,secondNumber=976}  added by thread pool-3-thread-6
 message  {Id=67785c95-eda4-48ee-ac67-147e23a19a9c,FirstNumber=420,secondNumber=976}  written to file by thread pool-3-thread-2
 message  {Id=19ab7fd4-dc54-4b05-8194-5982e14c2c33,FirstNumber=455,secondNumber=1609}  added by thread pool-3-thread-6
 message  {Id=19ab7fd4-dc54-4b05-8194-5982e14c2c33,FirstNumber=455,secondNumber=1609}  written to file by thread pool-3-thread-2
 message  {Id=6cab39f7-9dd3-4961-970f-7827c750a156,FirstNumber=148,secondNumber=285}  added by thread pool-3-thread-6
 message  {Id=6cab39f7-9dd3-4961-970f-7827c750a156,FirstNumber=148,secondNumber=285}  written to file by thread pool-3-thread-4
 message  {Id=a23b85b2-84fd-436b-b505-fd83460167ce,FirstNumber=530,secondNumber=1938}  added by thread pool-3-thread-6
 message  {Id=a23b85b2-84fd-436b-b505-fd83460167ce,FirstNumber=530,secondNumber=1938}  written to file by thread pool-3-thread-5
 message  {Id=1aa7f359-c97e-4b45-86cb-c7995e2d8b91,FirstNumber=263,secondNumber=1543}  added by thread pool-3-thread-6
 message  {Id=1aa7f359-c97e-4b45-86cb-c7995e2d8b91,FirstNumber=263,secondNumber=1543}  written to file by thread pool-3-thread-1
 message  {Id=331f0766-c178-4689-9532-247dd9492f31,FirstNumber=613,secondNumber=803}  added by thread pool-3-thread-6
 message  {Id=331f0766-c178-4689-9532-247dd9492f31,FirstNumber=613,secondNumber=803}  written to file by thread pool-3-thread-3
 message  {Id=eb5942e6-1d8d-4697-8d4d-a3ba474c5d21,FirstNumber=195,secondNumber=71}  added by thread pool-3-thread-6
 message  {Id=eb5942e6-1d8d-4697-8d4d-a3ba474c5d21,FirstNumber=195,secondNumber=71}  written to file by thread pool-3-thread-2
 message  {Id=a489d8b4-a384-4871-9886-5f75207d3e58,FirstNumber=790,secondNumber=330}  added by thread pool-3-thread-6
 message  {Id=a489d8b4-a384-4871-9886-5f75207d3e58,FirstNumber=790,secondNumber=330}  written to file by thread pool-3-thread-4
 message  {Id=5f6e03cf-8529-47f4-9070-948c76fd0955,FirstNumber=703,secondNumber=1649}  added by thread pool-3-thread-6
 message  {Id=5f6e03cf-8529-47f4-9070-948c76fd0955,FirstNumber=703,secondNumber=1649}  written to file by thread pool-3-thread-5
 message  {Id=e89ec734-3fc6-49bf-bb21-1f23142a596d,FirstNumber=689,secondNumber=1358}  added by thread pool-3-thread-6
 message  {Id=89e8d167-0098-47f2-b8d2-f31e4bef7bc7,FirstNumber=827,secondNumber=422}  added by thread pool-3-thread-6
 message  {Id=e5fdc367-a048-45cb-8f7f-0e10bf5823b7,FirstNumber=932,secondNumber=306}  added by thread pool-3-thread-6
 message  {Id=367f3d4e-19f1-46a3-95fd-18692b38d999,FirstNumber=430,secondNumber=178}  added by thread pool-3-thread-6
 message  {Id=0758b297-6575-467a-bf11-2d8500c5ca53,FirstNumber=599,secondNumber=1506}  added by thread pool-3-thread-6
 message  {Id=e89ec734-3fc6-49bf-bb21-1f23142a596d,FirstNumber=689,secondNumber=1358}  written to file by thread pool-3-thread-4
 message  {Id=89e8d167-0098-47f2-b8d2-f31e4bef7bc7,FirstNumber=827,secondNumber=422}  written to file by thread pool-3-thread-1
 message  {Id=7622273c-3d53-4ca7-888a-a2672ebb0538,FirstNumber=980,secondNumber=7}  added by thread pool-3-thread-6
 message  {Id=e5fdc367-a048-45cb-8f7f-0e10bf5823b7,FirstNumber=932,secondNumber=306}  written to file by thread pool-3-thread-5
 message  {Id=367f3d4e-19f1-46a3-95fd-18692b38d999,FirstNumber=430,secondNumber=178}  written to file by thread pool-3-thread-4
 message  {Id=0758b297-6575-467a-bf11-2d8500c5ca53,FirstNumber=599,secondNumber=1506}  written to file by thread pool-3-thread-1
 message  {Id=7622273c-3d53-4ca7-888a-a2672ebb0538,FirstNumber=980,secondNumber=7}  written to file by thread pool-3-thread-5
 message  {Id=fd197370-6880-4943-a2b5-23b1d08e8867,FirstNumber=657,secondNumber=1120}  added by thread pool-3-thread-6
 message  {Id=6e1f6666-29c3-4b91-ab46-6e147a2cf259,FirstNumber=893,secondNumber=234}  added by thread pool-3-thread-6
 message  {Id=fd197370-6880-4943-a2b5-23b1d08e8867,FirstNumber=657,secondNumber=1120}  written to file by thread pool-3-thread-4
 message  {Id=6e1f6666-29c3-4b91-ab46-6e147a2cf259,FirstNumber=893,secondNumber=234}  written to file by thread pool-3-thread-5
 message  {Id=aca8a178-f8be-4ef4-8b77-0d0ebe6e6e2a,FirstNumber=102,secondNumber=121}  added by thread pool-3-thread-6
 message  {Id=aca8a178-f8be-4ef4-8b77-0d0ebe6e6e2a,FirstNumber=102,secondNumber=121}  written to file by thread pool-3-thread-5
 message  {Id=53dea64b-e7c2-4601-886d-855ae7c71b48,FirstNumber=569,secondNumber=227}  added by thread pool-3-thread-6
 message  {Id=53dea64b-e7c2-4601-886d-855ae7c71b48,FirstNumber=569,secondNumber=227}  written to file by thread pool-3-thread-2
 message  {Id=d06912f7-a4cd-4c81-89d4-55aed24b4aa5,FirstNumber=138,secondNumber=1927}  added by thread pool-3-thread-6
 message  {Id=d06912f7-a4cd-4c81-89d4-55aed24b4aa5,FirstNumber=138,secondNumber=1927}  written to file by thread pool-3-thread-2
 message  {Id=a56fe1e5-19d7-4227-95da-5ce5828478dc,FirstNumber=228,secondNumber=562}  added by thread pool-3-thread-6
 message  {Id=a56fe1e5-19d7-4227-95da-5ce5828478dc,FirstNumber=228,secondNumber=562}  written to file by thread pool-3-thread-4
 message  {Id=492f6841-ecca-4573-827a-994ac8237701,FirstNumber=421,secondNumber=1370}  added by thread pool-3-thread-6
 message  {Id=492f6841-ecca-4573-827a-994ac8237701,FirstNumber=421,secondNumber=1370}  written to file by thread pool-3-thread-3
 message  {Id=ad3fc6a5-5461-4267-8091-539a1d5e8f95,FirstNumber=996,secondNumber=1388}  added by thread pool-3-thread-6
 message  {Id=ad3fc6a5-5461-4267-8091-539a1d5e8f95,FirstNumber=996,secondNumber=1388}  written to file by thread pool-3-thread-5
 message  {Id=22aac8f3-e79e-47c5-bb03-be635a5dd653,FirstNumber=435,secondNumber=1226}  added by thread pool-3-thread-6
 message  {Id=22aac8f3-e79e-47c5-bb03-be635a5dd653,FirstNumber=435,secondNumber=1226}  written to file by thread pool-3-thread-1
 message  {Id=5ae5e07c-bf92-4997-adbb-429a65a5c62c,FirstNumber=123,secondNumber=581}  added by thread pool-3-thread-6
 message  {Id=5ae5e07c-bf92-4997-adbb-429a65a5c62c,FirstNumber=123,secondNumber=581}  written to file by thread pool-3-thread-2
 message  {Id=cea356c8-d55a-4d20-b313-0af04384c053,FirstNumber=10,secondNumber=892}  added by thread pool-3-thread-6
 message  {Id=cea356c8-d55a-4d20-b313-0af04384c053,FirstNumber=10,secondNumber=892}  written to file by thread pool-3-thread-2
 message  {Id=0eea98ac-9d4e-422d-8002-b75e78ae61a3,FirstNumber=478,secondNumber=1472}  added by thread pool-3-thread-6
 message  {Id=0eea98ac-9d4e-422d-8002-b75e78ae61a3,FirstNumber=478,secondNumber=1472}  written to file by thread pool-3-thread-3
 message  {Id=776b8ec5-42c2-4a7e-976a-251f0c97b6c2,FirstNumber=25,secondNumber=1426}  added by thread pool-3-thread-6
 message  {Id=776b8ec5-42c2-4a7e-976a-251f0c97b6c2,FirstNumber=25,secondNumber=1426}  written to file by thread pool-3-thread-5
 message  {Id=972f7d53-14ea-4906-88e2-c1ca8f14b74a,FirstNumber=664,secondNumber=778}  added by thread pool-3-thread-6
 message  {Id=972f7d53-14ea-4906-88e2-c1ca8f14b74a,FirstNumber=664,secondNumber=778}  written to file by thread pool-3-thread-1
 message  {Id=57bcf3c0-a0dc-4184-9552-67637ff51eab,FirstNumber=937,secondNumber=94}  added by thread pool-3-thread-6
 message  {Id=57bcf3c0-a0dc-4184-9552-67637ff51eab,FirstNumber=937,secondNumber=94}  written to file by thread pool-3-thread-4
 message  {Id=d63a6402-f16b-4035-8ae5-a8f91f37c688,FirstNumber=897,secondNumber=1360}  added by thread pool-3-thread-6
 message  {Id=d63a6402-f16b-4035-8ae5-a8f91f37c688,FirstNumber=897,secondNumber=1360}  written to file by thread pool-3-thread-2
 message  {Id=f2e55d92-f553-4fb0-8dd3-26e891dc035b,FirstNumber=598,secondNumber=1514}  added by thread pool-3-thread-6
 message  {Id=f2e55d92-f553-4fb0-8dd3-26e891dc035b,FirstNumber=598,secondNumber=1514}  written to file by thread pool-3-thread-2
 message  {Id=9fdd46b1-5ab3-4cd2-8b92-c0ec606de541,FirstNumber=24,secondNumber=1202}  added by thread pool-3-thread-6
 message  {Id=9fdd46b1-5ab3-4cd2-8b92-c0ec606de541,FirstNumber=24,secondNumber=1202}  written to file by thread pool-3-thread-5
 message  {Id=ee2dba68-efb8-4366-af39-dc246c3f71ce,FirstNumber=794,secondNumber=382}  added by thread pool-3-thread-6
 message  {Id=ee2dba68-efb8-4366-af39-dc246c3f71ce,FirstNumber=794,secondNumber=382}  written to file by thread pool-3-thread-5
 message  {Id=67461f31-3d72-4d1c-9e1a-48b564991ee2,FirstNumber=315,secondNumber=1909}  added by thread pool-3-thread-6
 message  {Id=67461f31-3d72-4d1c-9e1a-48b564991ee2,FirstNumber=315,secondNumber=1909}  written to file by thread pool-3-thread-4
 message  {Id=4ef6200a-1d3d-40ce-8800-5436e0da9a20,FirstNumber=908,secondNumber=1996}  added by thread pool-3-thread-6
 message  {Id=4ef6200a-1d3d-40ce-8800-5436e0da9a20,FirstNumber=908,secondNumber=1996}  written to file by thread pool-3-thread-3
 message  {Id=d4e6853d-50f4-4677-bd90-47e7cf277a36,FirstNumber=725,secondNumber=782}  added by thread pool-3-thread-6
 message  {Id=d4e6853d-50f4-4677-bd90-47e7cf277a36,FirstNumber=725,secondNumber=782}  written to file by thread pool-3-thread-2
 message  {Id=1a28f543-faf2-4be2-b3f1-4898d407fe29,FirstNumber=143,secondNumber=984}  added by thread pool-3-thread-6
 message  {Id=1a28f543-faf2-4be2-b3f1-4898d407fe29,FirstNumber=143,secondNumber=984}  written to file by thread pool-3-thread-2
 message  {Id=c877c0df-c79b-4834-b78d-e9937ebe3661,FirstNumber=871,secondNumber=681}  added by thread pool-3-thread-6
 message  {Id=c877c0df-c79b-4834-b78d-e9937ebe3661,FirstNumber=871,secondNumber=681}  written to file by thread pool-3-thread-5
 message  {Id=4baa445c-00ca-417f-97cf-5af07e9e1ea0,FirstNumber=483,secondNumber=1045}  added by thread pool-3-thread-6
 message  {Id=4baa445c-00ca-417f-97cf-5af07e9e1ea0,FirstNumber=483,secondNumber=1045}  written to file by thread pool-3-thread-4
 message  {Id=4fc9493e-6e6b-4044-b26e-54ffa2d3ab80,FirstNumber=700,secondNumber=1829}  added by thread pool-3-thread-6
 message  {Id=4fc9493e-6e6b-4044-b26e-54ffa2d3ab80,FirstNumber=700,secondNumber=1829}  written to file by thread pool-3-thread-3
 message  {Id=fa008a14-8cc2-4730-b137-f52a3324915f,FirstNumber=493,secondNumber=924}  added by thread pool-3-thread-6
 message  {Id=fa008a14-8cc2-4730-b137-f52a3324915f,FirstNumber=493,secondNumber=924}  written to file by thread pool-3-thread-3
 message  {Id=d34e7999-661b-4152-adb7-5a31381c5c92,FirstNumber=763,secondNumber=421}  added by thread pool-3-thread-6
 message  {Id=d34e7999-661b-4152-adb7-5a31381c5c92,FirstNumber=763,secondNumber=421}  written to file by thread pool-3-thread-2
 message  {Id=824685f6-7858-44de-9774-69ac9a004485,FirstNumber=892,secondNumber=308}  added by thread pool-3-thread-6
 message  {Id=824685f6-7858-44de-9774-69ac9a004485,FirstNumber=892,secondNumber=308}  written to file by thread pool-3-thread-5
 message  {Id=05960c0b-124a-4d1b-95c9-002daea15573,FirstNumber=323,secondNumber=201}  added by thread pool-3-thread-6
 message  {Id=05960c0b-124a-4d1b-95c9-002daea15573,FirstNumber=323,secondNumber=201}  written to file by thread pool-3-thread-4
 message  {Id=efe9ed46-60f1-4364-a8af-5efb8e2399ef,FirstNumber=270,secondNumber=1598}  added by thread pool-3-thread-6
 message  {Id=efe9ed46-60f1-4364-a8af-5efb8e2399ef,FirstNumber=270,secondNumber=1598}  written to file by thread pool-3-thread-1
 message  {Id=1b485cb3-c372-4b31-9449-678542cac3ed,FirstNumber=306,secondNumber=124}  added by thread pool-3-thread-6
 message  {Id=1b485cb3-c372-4b31-9449-678542cac3ed,FirstNumber=306,secondNumber=124}  written to file by thread pool-3-thread-3
 message  {Id=201ed338-03f1-43b3-9b40-498affa02d06,FirstNumber=118,secondNumber=513}  added by thread pool-3-thread-6
 message  {Id=201ed338-03f1-43b3-9b40-498affa02d06,FirstNumber=118,secondNumber=513}  written to file by thread pool-3-thread-2
 message  {Id=2b3a5743-7c37-4449-a019-67d8bf2a0f1c,FirstNumber=73,secondNumber=1021}  added by thread pool-3-thread-6
 message  {Id=2b3a5743-7c37-4449-a019-67d8bf2a0f1c,FirstNumber=73,secondNumber=1021}  written to file by thread pool-3-thread-5
 message  {Id=435b44c2-db3e-4b0d-b14b-f251321fbe57,FirstNumber=958,secondNumber=1121}  added by thread pool-3-thread-6
 message  {Id=435b44c2-db3e-4b0d-b14b-f251321fbe57,FirstNumber=958,secondNumber=1121}  written to file by thread pool-3-thread-5
 message  {Id=91e94710-cec3-45b1-864c-e1beb249b168,FirstNumber=795,secondNumber=493}  added by thread pool-3-thread-6
 message  {Id=9dc15a23-f9ee-4ee9-bf35-b6d58399fdfd,FirstNumber=148,secondNumber=1935}  added by thread pool-3-thread-6
 message  {Id=91e94710-cec3-45b1-864c-e1beb249b168,FirstNumber=795,secondNumber=493}  written to file by thread pool-3-thread-1
 message  {Id=9dc15a23-f9ee-4ee9-bf35-b6d58399fdfd,FirstNumber=148,secondNumber=1935}  written to file by thread pool-3-thread-3
 message  {Id=b10656e5-4700-4b9e-8462-b92924680064,FirstNumber=46,secondNumber=869}  added by thread pool-3-thread-6
 message  {Id=b10656e5-4700-4b9e-8462-b92924680064,FirstNumber=46,secondNumber=869}  written to file by thread pool-3-thread-2
 message  {Id=4cc95e7c-76a7-4570-b2fb-04bf47d623f5,FirstNumber=167,secondNumber=123}  added by thread pool-3-thread-6
 message  {Id=4cc95e7c-76a7-4570-b2fb-04bf47d623f5,FirstNumber=167,secondNumber=123}  written to file by thread pool-3-thread-2
 message  {Id=ca06400c-63f7-40c2-b436-837a3f147236,FirstNumber=850,secondNumber=1722}  added by thread pool-3-thread-6
 message  {Id=ca06400c-63f7-40c2-b436-837a3f147236,FirstNumber=850,secondNumber=1722}  written to file by thread pool-3-thread-5
 message  {Id=0674ec0c-d1fb-4772-b7e2-fd72ff2dddec,FirstNumber=767,secondNumber=1026}  added by thread pool-3-thread-6
 message  {Id=0674ec0c-d1fb-4772-b7e2-fd72ff2dddec,FirstNumber=767,secondNumber=1026}  written to file by thread pool-3-thread-5
 message  {Id=afbff43b-8c2b-44e5-966c-0b5437ecd444,FirstNumber=95,secondNumber=6}  added by thread pool-3-thread-6
 message  {Id=afbff43b-8c2b-44e5-966c-0b5437ecd444,FirstNumber=95,secondNumber=6}  written to file by thread pool-3-thread-3
 message  {Id=d4a98a40-f6a2-458a-b996-98cf7f4c129f,FirstNumber=644,secondNumber=846}  added by thread pool-3-thread-6
 message  {Id=d4a98a40-f6a2-458a-b996-98cf7f4c129f,FirstNumber=644,secondNumber=846}  written to file by thread pool-3-thread-4
 message  {Id=c0504e99-45b5-496d-a9f8-446f4ebbf63b,FirstNumber=584,secondNumber=775}  added by thread pool-3-thread-6
 message  {Id=c0504e99-45b5-496d-a9f8-446f4ebbf63b,FirstNumber=584,secondNumber=775}  written to file by thread pool-3-thread-2
 message  {Id=6791320f-b1c8-46b2-b4ff-483051b0321f,FirstNumber=664,secondNumber=40}  added by thread pool-3-thread-6
 message  {Id=6791320f-b1c8-46b2-b4ff-483051b0321f,FirstNumber=664,secondNumber=40}  written to file by thread pool-3-thread-2
 message  {Id=9f573e4c-3760-4aa6-b144-5cb5e2894c0e,FirstNumber=872,secondNumber=161}  added by thread pool-3-thread-6
 message  {Id=9f573e4c-3760-4aa6-b144-5cb5e2894c0e,FirstNumber=872,secondNumber=161}  written to file by thread pool-3-thread-5
 message  {Id=0448d347-f869-42bc-b4c6-02575e7f2af3,FirstNumber=163,secondNumber=1486}  added by thread pool-3-thread-6
 message  {Id=0448d347-f869-42bc-b4c6-02575e7f2af3,FirstNumber=163,secondNumber=1486}  written to file by thread pool-3-thread-5
 message  {Id=54d435f9-01e0-4a9b-b6e5-1c16cf16298a,FirstNumber=91,secondNumber=652}  added by thread pool-3-thread-6
 message  {Id=54d435f9-01e0-4a9b-b6e5-1c16cf16298a,FirstNumber=91,secondNumber=652}  written to file by thread pool-3-thread-4
 message  {Id=964f1586-37f8-41fc-849c-a47e73c28b58,FirstNumber=271,secondNumber=1353}  added by thread pool-3-thread-6
 message  {Id=964f1586-37f8-41fc-849c-a47e73c28b58,FirstNumber=271,secondNumber=1353}  written to file by thread pool-3-thread-1
 message  {Id=21d618b8-cc04-4059-a149-a36314d940eb,FirstNumber=928,secondNumber=1784}  added by thread pool-3-thread-6
 message  {Id=21d618b8-cc04-4059-a149-a36314d940eb,FirstNumber=928,secondNumber=1784}  written to file by thread pool-3-thread-2
 message  {Id=e50b2189-571b-40fc-9e6f-a791531c47e0,FirstNumber=76,secondNumber=1163}  added by thread pool-3-thread-6
 message  {Id=e50b2189-571b-40fc-9e6f-a791531c47e0,FirstNumber=76,secondNumber=1163}  written to file by thread pool-3-thread-2
 message  {Id=b9159573-e575-49c5-84e6-55dc5babd636,FirstNumber=910,secondNumber=790}  added by thread pool-3-thread-6
 message  {Id=b9159573-e575-49c5-84e6-55dc5babd636,FirstNumber=910,secondNumber=790}  written to file by thread pool-3-thread-5
 message  {Id=847ff449-3194-448c-a580-857a175895bc,FirstNumber=223,secondNumber=1896}  added by thread pool-3-thread-6
 message  {Id=847ff449-3194-448c-a580-857a175895bc,FirstNumber=223,secondNumber=1896}  written to file by thread pool-3-thread-4
 message  {Id=d1580e5a-f749-489f-b236-de17c56006d7,FirstNumber=493,secondNumber=605}  added by thread pool-3-thread-6
 message  {Id=d1580e5a-f749-489f-b236-de17c56006d7,FirstNumber=493,secondNumber=605}  written to file by thread pool-3-thread-1
 message  {Id=7b7110ee-5ffa-42a7-801a-d8da2c521931,FirstNumber=336,secondNumber=1954}  added by thread pool-3-thread-6
 message  {Id=7b7110ee-5ffa-42a7-801a-d8da2c521931,FirstNumber=336,secondNumber=1954}  written to file by thread pool-3-thread-3
 message  {Id=2674f71b-2a41-41dc-9d17-1dbd4ac6a704,FirstNumber=729,secondNumber=360}  added by thread pool-3-thread-6
 message  {Id=2674f71b-2a41-41dc-9d17-1dbd4ac6a704,FirstNumber=729,secondNumber=360}  written to file by thread pool-3-thread-2
 message  {Id=6f3a3dfa-9881-4cbc-b4f9-24cc7f552846,FirstNumber=744,secondNumber=1098}  added by thread pool-3-thread-6
 message  {Id=6f3a3dfa-9881-4cbc-b4f9-24cc7f552846,FirstNumber=744,secondNumber=1098}  written to file by thread pool-3-thread-2
 message  {Id=40e93f00-8267-4c85-9e78-daad2236451d,FirstNumber=388,secondNumber=918}  added by thread pool-3-thread-6
 message  {Id=40e93f00-8267-4c85-9e78-daad2236451d,FirstNumber=388,secondNumber=918}  written to file by thread pool-3-thread-4
 message  {Id=41f23109-f30e-46c0-bc1a-0e8d4a40649b,FirstNumber=774,secondNumber=1860}  added by thread pool-3-thread-6
 message  {Id=41f23109-f30e-46c0-bc1a-0e8d4a40649b,FirstNumber=774,secondNumber=1860}  written to file by thread pool-3-thread-4
 message  {Id=44175034-8d79-4ba1-8dc7-ab08068fc1fe,FirstNumber=449,secondNumber=567}  added by thread pool-3-thread-6
 message  {Id=44175034-8d79-4ba1-8dc7-ab08068fc1fe,FirstNumber=449,secondNumber=567}  written to file by thread pool-3-thread-3
 message  {Id=ee8b16ff-b6b3-41d8-84f5-f231a7d732d9,FirstNumber=597,secondNumber=1019}  added by thread pool-3-thread-6
 message  {Id=ee8b16ff-b6b3-41d8-84f5-f231a7d732d9,FirstNumber=597,secondNumber=1019}  written to file by thread pool-3-thread-5
 message  {Id=3a941e1c-ab8d-4444-97b7-039c4549ca0f,FirstNumber=800,secondNumber=1891}  added by thread pool-3-thread-6
 message  {Id=3a941e1c-ab8d-4444-97b7-039c4549ca0f,FirstNumber=800,secondNumber=1891}  written to file by thread pool-3-thread-2
 message  {Id=d448f5a4-9d7e-432c-b8c8-5ddc72d6952c,FirstNumber=947,secondNumber=535}  added by thread pool-3-thread-6
 message  {Id=d448f5a4-9d7e-432c-b8c8-5ddc72d6952c,FirstNumber=947,secondNumber=535}  written to file by thread pool-3-thread-2
 message  {Id=13f0c0d1-e7e7-4b3f-977a-0aec84e7123c,FirstNumber=101,secondNumber=671}  added by thread pool-3-thread-6
 message  {Id=13f0c0d1-e7e7-4b3f-977a-0aec84e7123c,FirstNumber=101,secondNumber=671}  written to file by thread pool-3-thread-4
 message  {Id=8f693310-5f2d-45f5-b9e3-b81f80d35dfd,FirstNumber=779,secondNumber=864}  added by thread pool-3-thread-6
 message  {Id=8f693310-5f2d-45f5-b9e3-b81f80d35dfd,FirstNumber=779,secondNumber=864}  written to file by thread pool-3-thread-4
 message  {Id=1fb155da-7d19-42a0-aa50-95b75c8f4316,FirstNumber=428,secondNumber=787}  added by thread pool-3-thread-6
 message  {Id=1fb155da-7d19-42a0-aa50-95b75c8f4316,FirstNumber=428,secondNumber=787}  written to file by thread pool-3-thread-5
 message  {Id=180d980d-3e9f-4d7f-b76a-8367054f54cd,FirstNumber=793,secondNumber=300}  added by thread pool-3-thread-6
 message  {Id=180d980d-3e9f-4d7f-b76a-8367054f54cd,FirstNumber=793,secondNumber=300}  written to file by thread pool-3-thread-5
 message  {Id=45aadeb6-c9b2-4770-bce8-21f092c926ee,FirstNumber=168,secondNumber=1061}  added by thread pool-3-thread-6
 message  {Id=5d294c56-ed03-4c90-bfa1-8f7940bc0f2b,FirstNumber=871,secondNumber=1729}  added by thread pool-3-thread-6
 message  {Id=45aadeb6-c9b2-4770-bce8-21f092c926ee,FirstNumber=168,secondNumber=1061}  written to file by thread pool-3-thread-2
 message  {Id=5d294c56-ed03-4c90-bfa1-8f7940bc0f2b,FirstNumber=871,secondNumber=1729}  written to file by thread pool-3-thread-3
 message  {Id=652d4479-4b5d-4521-8134-31a0bb565d5d,FirstNumber=676,secondNumber=1443}  added by thread pool-3-thread-6
 message  {Id=652d4479-4b5d-4521-8134-31a0bb565d5d,FirstNumber=676,secondNumber=1443}  written to file by thread pool-3-thread-4
 message  {Id=8932a0ae-6e3b-4cc8-8ac8-494ccbc5e0af,FirstNumber=412,secondNumber=1102}  added by thread pool-3-thread-6
 message  {Id=8932a0ae-6e3b-4cc8-8ac8-494ccbc5e0af,FirstNumber=412,secondNumber=1102}  written to file by thread pool-3-thread-4
 message  {Id=c1b202a0-e4d3-49ba-bc07-c78d39551eba,FirstNumber=683,secondNumber=2}  added by thread pool-3-thread-6
 message  {Id=c1b202a0-e4d3-49ba-bc07-c78d39551eba,FirstNumber=683,secondNumber=2}  written to file by thread pool-3-thread-5
 message  {Id=b84062e8-b972-47d0-a3ec-a64bbf8a8a8c,FirstNumber=174,secondNumber=1031}  added by thread pool-3-thread-6
 message  {Id=b84062e8-b972-47d0-a3ec-a64bbf8a8a8c,FirstNumber=174,secondNumber=1031}  written to file by thread pool-3-thread-2
 message  {Id=04357385-1064-43e9-a144-67aacdbbf594,FirstNumber=964,secondNumber=263}  added by thread pool-3-thread-6
 message  {Id=04357385-1064-43e9-a144-67aacdbbf594,FirstNumber=964,secondNumber=263}  written to file by thread pool-3-thread-3
 message  {Id=2e334400-6860-4b41-a8fd-f51761c1af34,FirstNumber=177,secondNumber=1381}  added by thread pool-3-thread-6
 message  {Id=2e334400-6860-4b41-a8fd-f51761c1af34,FirstNumber=177,secondNumber=1381}  written to file by thread pool-3-thread-1
 message  {Id=b43a3e86-04dd-4d08-ab80-afa5e9436992,FirstNumber=341,secondNumber=199}  added by thread pool-3-thread-6
 message  {Id=b43a3e86-04dd-4d08-ab80-afa5e9436992,FirstNumber=341,secondNumber=199}  written to file by thread pool-3-thread-4
 message  {Id=c7f41599-5882-41b4-a775-0e0635b9fbcb,FirstNumber=521,secondNumber=381}  added by thread pool-3-thread-6
 message  {Id=c7f41599-5882-41b4-a775-0e0635b9fbcb,FirstNumber=521,secondNumber=381}  written to file by thread pool-3-thread-4
 message  {Id=32b39eb2-6589-4b86-a75b-c36e8fb21980,FirstNumber=464,secondNumber=1841}  added by thread pool-3-thread-6
 message  {Id=32b39eb2-6589-4b86-a75b-c36e8fb21980,FirstNumber=464,secondNumber=1841}  written to file by thread pool-3-thread-2
 message  {Id=14f0b2e2-050b-4a92-bca1-b3e225265733,FirstNumber=199,secondNumber=1194}  added by thread pool-3-thread-6
 message  {Id=14f0b2e2-050b-4a92-bca1-b3e225265733,FirstNumber=199,secondNumber=1194}  written to file by thread pool-3-thread-3
 message  {Id=3b91b40a-8805-49e2-84fc-c755747f6a78,FirstNumber=934,secondNumber=945}  added by thread pool-3-thread-6
 message  {Id=3b91b40a-8805-49e2-84fc-c755747f6a78,FirstNumber=934,secondNumber=945}  written to file by thread pool-3-thread-1
 message  {Id=82fb4144-46bf-49e4-a423-3695ac01c92e,FirstNumber=600,secondNumber=1003}  added by thread pool-3-thread-6
 message  {Id=82fb4144-46bf-49e4-a423-3695ac01c92e,FirstNumber=600,secondNumber=1003}  written to file by thread pool-3-thread-5
 message  {Id=04e2fc47-1932-4e0a-8a00-20e79481bc1e,FirstNumber=875,secondNumber=1508}  added by thread pool-3-thread-6
 message  {Id=04e2fc47-1932-4e0a-8a00-20e79481bc1e,FirstNumber=875,secondNumber=1508}  written to file by thread pool-3-thread-4
 message  {Id=feb610bd-82a3-49b4-ad6d-9a56637a211a,FirstNumber=152,secondNumber=1331}  added by thread pool-3-thread-6
 message  {Id=feb610bd-82a3-49b4-ad6d-9a56637a211a,FirstNumber=152,secondNumber=1331}  written to file by thread pool-3-thread-2
 message  {Id=55a5fde5-4a44-431e-8ff5-699f7792f3bf,FirstNumber=250,secondNumber=707}  added by thread pool-3-thread-6
 message  {Id=55a5fde5-4a44-431e-8ff5-699f7792f3bf,FirstNumber=250,secondNumber=707}  written to file by thread pool-3-thread-3
 message  {Id=c1d998e6-9e59-4b99-91d9-a78d68a98e63,FirstNumber=807,secondNumber=1028}  added by thread pool-3-thread-6
 message  {Id=c1d998e6-9e59-4b99-91d9-a78d68a98e63,FirstNumber=807,secondNumber=1028}  written to file by thread pool-3-thread-1
 message  {Id=d2db0fdc-f7cf-400f-aeb5-16617e4ae339,FirstNumber=285,secondNumber=1031}  added by thread pool-3-thread-6
 message  {Id=d2db0fdc-f7cf-400f-aeb5-16617e4ae339,FirstNumber=285,secondNumber=1031}  written to file by thread pool-3-thread-5
 message  {Id=d7ae2764-18fe-446c-b17b-eb8b60c88fd4,FirstNumber=542,secondNumber=1506}  added by thread pool-3-thread-6
 message  {Id=d7ae2764-18fe-446c-b17b-eb8b60c88fd4,FirstNumber=542,secondNumber=1506}  written to file by thread pool-3-thread-5
 message  {Id=24b274f8-6e04-4311-af21-02ad34d6db58,FirstNumber=706,secondNumber=241}  added by thread pool-3-thread-6
 message  {Id=24b274f8-6e04-4311-af21-02ad34d6db58,FirstNumber=706,secondNumber=241}  written to file by thread pool-3-thread-2
 message  {Id=85b53b9b-e6c0-440b-8395-407edec26682,FirstNumber=471,secondNumber=1908}  added by thread pool-3-thread-6
 message  {Id=85b53b9b-e6c0-440b-8395-407edec26682,FirstNumber=471,secondNumber=1908}  written to file by thread pool-3-thread-3
 message  {Id=211a8745-9a2b-4136-bfca-caa82681702b,FirstNumber=24,secondNumber=502}  added by thread pool-3-thread-6
 message  {Id=211a8745-9a2b-4136-bfca-caa82681702b,FirstNumber=24,secondNumber=502}  written to file by thread pool-3-thread-1
 message  {Id=769cbb51-6682-4bf6-af29-0e74c427c9ea,FirstNumber=103,secondNumber=1585}  added by thread pool-3-thread-6
 message  {Id=769cbb51-6682-4bf6-af29-0e74c427c9ea,FirstNumber=103,secondNumber=1585}  written to file by thread pool-3-thread-4
 message  {Id=3798eefd-6791-477f-adc7-7595d0c658c6,FirstNumber=741,secondNumber=686}  added by thread pool-3-thread-6
 message  {Id=3798eefd-6791-477f-adc7-7595d0c658c6,FirstNumber=741,secondNumber=686}  written to file by thread pool-3-thread-5
 message  {Id=df8f9d90-6392-406a-ab2d-063c79588024,FirstNumber=55,secondNumber=1793}  added by thread pool-3-thread-6
 message  {Id=df8f9d90-6392-406a-ab2d-063c79588024,FirstNumber=55,secondNumber=1793}  written to file by thread pool-3-thread-2
 message  {Id=7f46d90f-d350-472d-b789-7a6c148f8041,FirstNumber=39,secondNumber=1373}  added by thread pool-3-thread-6
 message  {Id=7f46d90f-d350-472d-b789-7a6c148f8041,FirstNumber=39,secondNumber=1373}  written to file by thread pool-3-thread-3
 message  {Id=c510d3b8-4903-418e-a538-c944d166261c,FirstNumber=947,secondNumber=1944}  added by thread pool-3-thread-6
 message  {Id=c510d3b8-4903-418e-a538-c944d166261c,FirstNumber=947,secondNumber=1944}  written to file by thread pool-3-thread-1
 message  {Id=ba03f802-dc49-4e99-bdcd-236742480a3d,FirstNumber=486,secondNumber=1184}  added by thread pool-3-thread-6
 message  {Id=ba03f802-dc49-4e99-bdcd-236742480a3d,FirstNumber=486,secondNumber=1184}  written to file by thread pool-3-thread-4
 message  {Id=7ddd2312-4219-4480-bb8c-00bd8bac522b,FirstNumber=6,secondNumber=702}  added by thread pool-3-thread-6
 message  {Id=7ddd2312-4219-4480-bb8c-00bd8bac522b,FirstNumber=6,secondNumber=702}  written to file by thread pool-3-thread-4
 message  {Id=c3da4cad-4274-418f-890d-753975f27194,FirstNumber=725,secondNumber=208}  added by thread pool-3-thread-6
 message  {Id=c3da4cad-4274-418f-890d-753975f27194,FirstNumber=725,secondNumber=208}  written to file by thread pool-3-thread-2
 message  {Id=4a336409-262c-42ab-b11c-742841c03d0f,FirstNumber=139,secondNumber=1775}  added by thread pool-3-thread-6
 message  {Id=4a336409-262c-42ab-b11c-742841c03d0f,FirstNumber=139,secondNumber=1775}  written to file by thread pool-3-thread-3
 message  {Id=2325ed63-9a8c-43a8-aa11-8057a70b766e,FirstNumber=394,secondNumber=232}  added by thread pool-3-thread-6
 message  {Id=2325ed63-9a8c-43a8-aa11-8057a70b766e,FirstNumber=394,secondNumber=232}  written to file by thread pool-3-thread-1
 message  {Id=5aea6730-bed2-4805-9dcb-4822a4661db6,FirstNumber=301,secondNumber=1716}  added by thread pool-3-thread-6
 message  {Id=5aea6730-bed2-4805-9dcb-4822a4661db6,FirstNumber=301,secondNumber=1716}  written to file by thread pool-3-thread-5
 message  {Id=cc5cc2cc-806a-463c-a463-d9e4db7e4bfc,FirstNumber=810,secondNumber=1741}  added by thread pool-3-thread-6
 message  {Id=cc5cc2cc-806a-463c-a463-d9e4db7e4bfc,FirstNumber=810,secondNumber=1741}  written to file by thread pool-3-thread-4
 message  {Id=7ca352cc-7717-4aff-a082-5487eea11941,FirstNumber=2,secondNumber=97}  added by thread pool-3-thread-6
 message  {Id=7ca352cc-7717-4aff-a082-5487eea11941,FirstNumber=2,secondNumber=97}  written to file by thread pool-3-thread-2
 message  {Id=e8080b85-e647-44ac-aa8a-b908fd678897,FirstNumber=885,secondNumber=895}  added by thread pool-3-thread-6
 message  {Id=e8080b85-e647-44ac-aa8a-b908fd678897,FirstNumber=885,secondNumber=895}  written to file by thread pool-3-thread-3
 message  {Id=2bca3bfd-bf66-45de-8680-59cb0c327786,FirstNumber=820,secondNumber=327}  added by thread pool-3-thread-6
 message  {Id=2bca3bfd-bf66-45de-8680-59cb0c327786,FirstNumber=820,secondNumber=327}  written to file by thread pool-3-thread-1
 message  {Id=0ea895bf-74e7-407e-95bb-ae98e7bd172d,FirstNumber=710,secondNumber=1156}  added by thread pool-3-thread-6
 message  {Id=0ea895bf-74e7-407e-95bb-ae98e7bd172d,FirstNumber=710,secondNumber=1156}  written to file by thread pool-3-thread-5
 message  {Id=785f271d-9b0a-4302-993c-72c42c8fe45f,FirstNumber=660,secondNumber=1127}  added by thread pool-3-thread-6
 message  {Id=785f271d-9b0a-4302-993c-72c42c8fe45f,FirstNumber=660,secondNumber=1127}  written to file by thread pool-3-thread-5
 message  {Id=25601394-f689-4ef8-90a0-f56b209bcc0e,FirstNumber=317,secondNumber=1606}  added by thread pool-3-thread-6
 message  {Id=25601394-f689-4ef8-90a0-f56b209bcc0e,FirstNumber=317,secondNumber=1606}  written to file by thread pool-3-thread-2
 message  {Id=30f5f3f5-34bb-4cb6-8f96-2be8daab20ce,FirstNumber=335,secondNumber=292}  added by thread pool-3-thread-6
 message  {Id=30f5f3f5-34bb-4cb6-8f96-2be8daab20ce,FirstNumber=335,secondNumber=292}  written to file by thread pool-3-thread-3
 message  {Id=7d8df6d6-52c7-45e3-b9e2-d4f04de797d4,FirstNumber=620,secondNumber=1679}  added by thread pool-3-thread-6
 message  {Id=7d8df6d6-52c7-45e3-b9e2-d4f04de797d4,FirstNumber=620,secondNumber=1679}  written to file by thread pool-3-thread-1
 message  {Id=3c6f99d6-7a00-48cd-960b-4849395a6289,FirstNumber=364,secondNumber=1338}  added by thread pool-3-thread-6
 message  {Id=3c6f99d6-7a00-48cd-960b-4849395a6289,FirstNumber=364,secondNumber=1338}  written to file by thread pool-3-thread-4
 message  {Id=d2b638b2-0619-4cb5-87bf-56e4f578d300,FirstNumber=801,secondNumber=1490}  added by thread pool-3-thread-6
 message  {Id=d2b638b2-0619-4cb5-87bf-56e4f578d300,FirstNumber=801,secondNumber=1490}  written to file by thread pool-3-thread-5
 message  {Id=126edad4-b5c7-49da-ab32-ebf96fa02312,FirstNumber=279,secondNumber=1999}  added by thread pool-3-thread-6
 message  {Id=126edad4-b5c7-49da-ab32-ebf96fa02312,FirstNumber=279,secondNumber=1999}  written to file by thread pool-3-thread-2
 message  {Id=50dafdcd-ad5d-4061-975b-5c67e102b976,FirstNumber=90,secondNumber=1769}  added by thread pool-3-thread-6
 message  {Id=50dafdcd-ad5d-4061-975b-5c67e102b976,FirstNumber=90,secondNumber=1769}  written to file by thread pool-3-thread-3
 message  {Id=c3397836-1a37-49e2-ac61-88fc73af3c86,FirstNumber=192,secondNumber=1490}  added by thread pool-3-thread-6
 message  {Id=c3397836-1a37-49e2-ac61-88fc73af3c86,FirstNumber=192,secondNumber=1490}  written to file by thread pool-3-thread-1
 message  {Id=52e12814-4d0a-499b-980c-fc92b0263bad,FirstNumber=446,secondNumber=411}  added by thread pool-3-thread-6
 message  {Id=52e12814-4d0a-499b-980c-fc92b0263bad,FirstNumber=446,secondNumber=411}  written to file by thread pool-3-thread-4
 message  {Id=388966f0-2cca-4d14-93d7-7419b3c527d8,FirstNumber=989,secondNumber=411}  added by thread pool-3-thread-6
 message  {Id=388966f0-2cca-4d14-93d7-7419b3c527d8,FirstNumber=989,secondNumber=411}  written to file by thread pool-3-thread-4
 message  {Id=d50efb20-7640-4efd-8b9b-865d67c1aef7,FirstNumber=594,secondNumber=162}  added by thread pool-3-thread-6
 message  {Id=d50efb20-7640-4efd-8b9b-865d67c1aef7,FirstNumber=594,secondNumber=162}  written to file by thread pool-3-thread-2
 message  {Id=74a03eeb-b487-415e-bef5-329c73dcdf18,FirstNumber=840,secondNumber=252}  added by thread pool-3-thread-6
 message  {Id=74a03eeb-b487-415e-bef5-329c73dcdf18,FirstNumber=840,secondNumber=252}  written to file by thread pool-3-thread-3
 message  {Id=c270bdd3-58e0-4a88-a568-6a6ae8b61a4d,FirstNumber=89,secondNumber=307}  added by thread pool-3-thread-6
 message  {Id=c270bdd3-58e0-4a88-a568-6a6ae8b61a4d,FirstNumber=89,secondNumber=307}  written to file by thread pool-3-thread-1
 message  {Id=4c12bd7f-485b-4a00-ab90-6dd02dce013b,FirstNumber=986,secondNumber=217}  added by thread pool-3-thread-6
 message  {Id=4c12bd7f-485b-4a00-ab90-6dd02dce013b,FirstNumber=986,secondNumber=217}  written to file by thread pool-3-thread-5
 message  {Id=16bb40c8-855c-477a-89fd-d0ca81be26a5,FirstNumber=240,secondNumber=172}  added by thread pool-3-thread-6
 message  {Id=16bb40c8-855c-477a-89fd-d0ca81be26a5,FirstNumber=240,secondNumber=172}  written to file by thread pool-3-thread-4
 message  {Id=3ecde810-4638-45d4-a963-ef2b080b8a43,FirstNumber=429,secondNumber=1763}  added by thread pool-3-thread-6
 message  {Id=3ecde810-4638-45d4-a963-ef2b080b8a43,FirstNumber=429,secondNumber=1763}  written to file by thread pool-3-thread-2
 message  {Id=73f46e80-9369-4b11-8ed5-ea9f8ec63710,FirstNumber=133,secondNumber=558}  added by thread pool-3-thread-6
 message  {Id=73f46e80-9369-4b11-8ed5-ea9f8ec63710,FirstNumber=133,secondNumber=558}  written to file by thread pool-3-thread-3
 message  {Id=2e841590-96d9-4d88-9de8-79e414617f2d,FirstNumber=815,secondNumber=1996}  added by thread pool-3-thread-6
 message  {Id=2e841590-96d9-4d88-9de8-79e414617f2d,FirstNumber=815,secondNumber=1996}  written to file by thread pool-3-thread-1
 message  {Id=cfc008e3-142a-4a7a-8667-7f763a0c6ce7,FirstNumber=456,secondNumber=1447}  added by thread pool-3-thread-6
 message  {Id=cfc008e3-142a-4a7a-8667-7f763a0c6ce7,FirstNumber=456,secondNumber=1447}  written to file by thread pool-3-thread-5
 message  {Id=fede1222-07cd-4d0e-a493-f9e2309b7542,FirstNumber=979,secondNumber=41}  added by thread pool-3-thread-6
 message  {Id=fede1222-07cd-4d0e-a493-f9e2309b7542,FirstNumber=979,secondNumber=41}  written to file by thread pool-3-thread-5
 message  {Id=4594e2d7-0162-4140-b779-25b49f6c0138,FirstNumber=863,secondNumber=1051}  added by thread pool-3-thread-6
 message  {Id=4594e2d7-0162-4140-b779-25b49f6c0138,FirstNumber=863,secondNumber=1051}  written to file by thread pool-3-thread-2
 message  {Id=8326b832-0067-47a5-bf07-df462953674c,FirstNumber=356,secondNumber=832}  added by thread pool-3-thread-6
 message  {Id=8326b832-0067-47a5-bf07-df462953674c,FirstNumber=356,secondNumber=832}  written to file by thread pool-3-thread-3
 message  {Id=a11a02f0-e6a6-4d82-afc8-03dede7eae59,FirstNumber=706,secondNumber=1225}  added by thread pool-3-thread-6
 message  {Id=a11a02f0-e6a6-4d82-afc8-03dede7eae59,FirstNumber=706,secondNumber=1225}  written to file by thread pool-3-thread-1
 message  {Id=58d82336-0617-4075-b107-bd0642249aa2,FirstNumber=309,secondNumber=1426}  added by thread pool-3-thread-6
 message  {Id=58d82336-0617-4075-b107-bd0642249aa2,FirstNumber=309,secondNumber=1426}  written to file by thread pool-3-thread-4
 message  {Id=1baa0fb2-d1ce-445e-9a8d-dabd04a808d1,FirstNumber=793,secondNumber=1410}  added by thread pool-3-thread-6
 message  {Id=1baa0fb2-d1ce-445e-9a8d-dabd04a808d1,FirstNumber=793,secondNumber=1410}  written to file by thread pool-3-thread-5
 message  {Id=a87ed760-9ee3-4c03-af7d-d9a3e449d612,FirstNumber=816,secondNumber=603}  added by thread pool-3-thread-6
 message  {Id=a87ed760-9ee3-4c03-af7d-d9a3e449d612,FirstNumber=816,secondNumber=603}  written to file by thread pool-3-thread-2
 message  {Id=17fc2446-b24d-456b-b8b2-3f96b16bd429,FirstNumber=336,secondNumber=1027}  added by thread pool-3-thread-6
 message  {Id=17fc2446-b24d-456b-b8b2-3f96b16bd429,FirstNumber=336,secondNumber=1027}  written to file by thread pool-3-thread-3
 message  {Id=93e83e8a-91d9-4cae-aa0d-8dcd94787630,FirstNumber=516,secondNumber=76}  added by thread pool-3-thread-6
 message  {Id=93e83e8a-91d9-4cae-aa0d-8dcd94787630,FirstNumber=516,secondNumber=76}  written to file by thread pool-3-thread-1
 message  {Id=2020e954-c697-4170-ad8b-2b6e60b56371,FirstNumber=954,secondNumber=1098}  added by thread pool-3-thread-6
 message  {Id=2020e954-c697-4170-ad8b-2b6e60b56371,FirstNumber=954,secondNumber=1098}  written to file by thread pool-3-thread-4
 message  {Id=01febee2-64c5-4547-b8ab-7b74a6bd649a,FirstNumber=124,secondNumber=876}  added by thread pool-3-thread-6
 message  {Id=01febee2-64c5-4547-b8ab-7b74a6bd649a,FirstNumber=124,secondNumber=876}  written to file by thread pool-3-thread-5
 message  {Id=64823cb6-16ee-4932-8bc2-daa09a7c4127,FirstNumber=405,secondNumber=1205}  added by thread pool-3-thread-6
 message  {Id=64823cb6-16ee-4932-8bc2-daa09a7c4127,FirstNumber=405,secondNumber=1205}  written to file by thread pool-3-thread-2
 message  {Id=56fabbbb-8cdb-4d50-8f85-13c10e68d705,FirstNumber=513,secondNumber=1274}  added by thread pool-3-thread-6
 message  {Id=56fabbbb-8cdb-4d50-8f85-13c10e68d705,FirstNumber=513,secondNumber=1274}  written to file by thread pool-3-thread-3
 message  {Id=2857eb1d-a54b-4f71-891f-fa81ef4cb363,FirstNumber=920,secondNumber=1525}  added by thread pool-3-thread-6
 message  {Id=2857eb1d-a54b-4f71-891f-fa81ef4cb363,FirstNumber=920,secondNumber=1525}  written to file by thread pool-3-thread-1
 message  {Id=c25f3b77-c4ec-45ea-a431-01b1ca6ee504,FirstNumber=542,secondNumber=14}  added by thread pool-3-thread-6
 message  {Id=c25f3b77-c4ec-45ea-a431-01b1ca6ee504,FirstNumber=542,secondNumber=14}  written to file by thread pool-3-thread-4
 message  {Id=1a571027-e200-4c74-870a-a888678cd2e3,FirstNumber=764,secondNumber=773}  added by thread pool-3-thread-6
 message  {Id=1a571027-e200-4c74-870a-a888678cd2e3,FirstNumber=764,secondNumber=773}  written to file by thread pool-3-thread-5
 message  {Id=92124ef8-9893-4bef-9bc6-2c2405972638,FirstNumber=204,secondNumber=154}  added by thread pool-3-thread-6
 message  {Id=92124ef8-9893-4bef-9bc6-2c2405972638,FirstNumber=204,secondNumber=154}  written to file by thread pool-3-thread-2
 message  {Id=e31cfec9-bd6c-4c3d-a1ee-0935e2aead91,FirstNumber=374,secondNumber=1765}  added by thread pool-3-thread-6
 message  {Id=e31cfec9-bd6c-4c3d-a1ee-0935e2aead91,FirstNumber=374,secondNumber=1765}  written to file by thread pool-3-thread-3
 message  {Id=94f40927-c72a-4d24-aa35-cd968667573c,FirstNumber=328,secondNumber=406}  added by thread pool-3-thread-6
 message  {Id=94f40927-c72a-4d24-aa35-cd968667573c,FirstNumber=328,secondNumber=406}  written to file by thread pool-3-thread-1
 message  {Id=f1d5b63b-6b62-4bcc-9bb4-84ef5bac055a,FirstNumber=256,secondNumber=1887}  added by thread pool-3-thread-6
 message  {Id=f1d5b63b-6b62-4bcc-9bb4-84ef5bac055a,FirstNumber=256,secondNumber=1887}  written to file by thread pool-3-thread-4
 message  {Id=a4a88f26-b48b-48ba-975d-5c3c1f43133d,FirstNumber=603,secondNumber=308}  added by thread pool-3-thread-6
 message  {Id=a4a88f26-b48b-48ba-975d-5c3c1f43133d,FirstNumber=603,secondNumber=308}  written to file by thread pool-3-thread-5
 message  {Id=a567151e-9d90-409d-8c14-2f90a5f6e329,FirstNumber=67,secondNumber=1132}  added by thread pool-3-thread-6
 message  {Id=a567151e-9d90-409d-8c14-2f90a5f6e329,FirstNumber=67,secondNumber=1132}  written to file by thread pool-3-thread-2
 message  {Id=1c978ecc-729c-4dfc-ab61-f2a7daa33744,FirstNumber=871,secondNumber=628}  added by thread pool-3-thread-6
 message  {Id=1c978ecc-729c-4dfc-ab61-f2a7daa33744,FirstNumber=871,secondNumber=628}  written to file by thread pool-3-thread-3
 message  {Id=1313289c-eddf-4d8b-98e7-903a27081d2b,FirstNumber=793,secondNumber=211}  added by thread pool-3-thread-6
 message  {Id=1313289c-eddf-4d8b-98e7-903a27081d2b,FirstNumber=793,secondNumber=211}  written to file by thread pool-3-thread-1
 message  {Id=4065c533-497f-439d-8f3e-ea0484a97792,FirstNumber=247,secondNumber=11}  added by thread pool-3-thread-6
 message  {Id=4065c533-497f-439d-8f3e-ea0484a97792,FirstNumber=247,secondNumber=11}  written to file by thread pool-3-thread-4
 message  {Id=83c82bb1-a880-4442-a3df-a903db086515,FirstNumber=953,secondNumber=806}  added by thread pool-3-thread-6
 message  {Id=83c82bb1-a880-4442-a3df-a903db086515,FirstNumber=953,secondNumber=806}  written to file by thread pool-3-thread-5
 message  {Id=24e15bc6-f4a0-4ba9-b769-83c5b2b53770,FirstNumber=571,secondNumber=1851}  added by thread pool-3-thread-6
 message  {Id=24e15bc6-f4a0-4ba9-b769-83c5b2b53770,FirstNumber=571,secondNumber=1851}  written to file by thread pool-3-thread-2
 message  {Id=29eb058e-18b1-45a7-bf88-95c174df1a61,FirstNumber=817,secondNumber=1400}  added by thread pool-3-thread-6
 message  {Id=29eb058e-18b1-45a7-bf88-95c174df1a61,FirstNumber=817,secondNumber=1400}  written to file by thread pool-3-thread-3
 message  {Id=405c839b-a877-4ef9-9002-701bc9430da1,FirstNumber=272,secondNumber=267}  added by thread pool-3-thread-6
 message  {Id=405c839b-a877-4ef9-9002-701bc9430da1,FirstNumber=272,secondNumber=267}  written to file by thread pool-3-thread-1
 message  {Id=e1dd0472-a650-4e06-8eb2-2e53161fc222,FirstNumber=529,secondNumber=418}  added by thread pool-3-thread-6
 message  {Id=e1dd0472-a650-4e06-8eb2-2e53161fc222,FirstNumber=529,secondNumber=418}  written to file by thread pool-3-thread-4
 message  {Id=aac01b71-0362-4233-9641-e125cd3ef569,FirstNumber=242,secondNumber=1380}  added by thread pool-3-thread-6
 message  {Id=aac01b71-0362-4233-9641-e125cd3ef569,FirstNumber=242,secondNumber=1380}  written to file by thread pool-3-thread-5
 message  {Id=17b03863-3b9b-484f-bb27-8343f72e3bd7,FirstNumber=703,secondNumber=1864}  added by thread pool-3-thread-6
 message  {Id=17b03863-3b9b-484f-bb27-8343f72e3bd7,FirstNumber=703,secondNumber=1864}  written to file by thread pool-3-thread-2
 message  {Id=818d1331-d4d8-4950-9069-5666a88b78d3,FirstNumber=813,secondNumber=976}  added by thread pool-3-thread-6
 message  {Id=818d1331-d4d8-4950-9069-5666a88b78d3,FirstNumber=813,secondNumber=976}  written to file by thread pool-3-thread-3
 message  {Id=f1391208-9d6f-421e-b446-486ad80081e5,FirstNumber=705,secondNumber=99}  added by thread pool-3-thread-6
 message  {Id=f1391208-9d6f-421e-b446-486ad80081e5,FirstNumber=705,secondNumber=99}  written to file by thread pool-3-thread-1
 message  {Id=83c3658b-f87e-4518-a305-9ed827234af9,FirstNumber=927,secondNumber=1022}  added by thread pool-3-thread-6
 message  {Id=83c3658b-f87e-4518-a305-9ed827234af9,FirstNumber=927,secondNumber=1022}  written to file by thread pool-3-thread-4
 message  {Id=5309e3e7-7ec6-4777-b86e-bd9f7e01f37f,FirstNumber=946,secondNumber=924}  added by thread pool-3-thread-6
 message  {Id=5309e3e7-7ec6-4777-b86e-bd9f7e01f37f,FirstNumber=946,secondNumber=924}  written to file by thread pool-3-thread-5
 message  {Id=699429e3-8778-4a85-84a1-eae8a4a9aec1,FirstNumber=7,secondNumber=1640}  added by thread pool-3-thread-6
 message  {Id=699429e3-8778-4a85-84a1-eae8a4a9aec1,FirstNumber=7,secondNumber=1640}  written to file by thread pool-3-thread-2
 message  {Id=aa034695-b310-4f45-b247-96a8c81e314b,FirstNumber=768,secondNumber=1268}  added by thread pool-3-thread-6
 message  {Id=aa034695-b310-4f45-b247-96a8c81e314b,FirstNumber=768,secondNumber=1268}  written to file by thread pool-3-thread-3
 message  {Id=1691d390-d893-4100-bccd-20b0ae7b6089,FirstNumber=426,secondNumber=1136}  added by thread pool-3-thread-6
 message  {Id=1691d390-d893-4100-bccd-20b0ae7b6089,FirstNumber=426,secondNumber=1136}  written to file by thread pool-3-thread-1
 message  {Id=5c745204-40ec-474c-bee4-f9e2c0c4b0a4,FirstNumber=303,secondNumber=1009}  added by thread pool-3-thread-6
 message  {Id=5c745204-40ec-474c-bee4-f9e2c0c4b0a4,FirstNumber=303,secondNumber=1009}  written to file by thread pool-3-thread-4
 message  {Id=7e06a77b-fb19-41c0-b494-868c79aa17d8,FirstNumber=583,secondNumber=1185}  added by thread pool-3-thread-6
 message  {Id=7e06a77b-fb19-41c0-b494-868c79aa17d8,FirstNumber=583,secondNumber=1185}  written to file by thread pool-3-thread-5
 message  {Id=81fc4995-1e1c-4e1e-bb18-dee828abd362,FirstNumber=271,secondNumber=1062}  added by thread pool-3-thread-6
 message  {Id=81fc4995-1e1c-4e1e-bb18-dee828abd362,FirstNumber=271,secondNumber=1062}  written to file by thread pool-3-thread-2
 message  {Id=78deae29-fe22-41c1-8c2b-6db468843db5,FirstNumber=90,secondNumber=1871}  added by thread pool-3-thread-6
 message  {Id=78deae29-fe22-41c1-8c2b-6db468843db5,FirstNumber=90,secondNumber=1871}  written to file by thread pool-3-thread-3
 message  {Id=38cdfae0-c78a-44f5-b9ca-5f0d629f724b,FirstNumber=822,secondNumber=1879}  added by thread pool-3-thread-6
 message  {Id=38cdfae0-c78a-44f5-b9ca-5f0d629f724b,FirstNumber=822,secondNumber=1879}  written to file by thread pool-3-thread-1
 message  {Id=1ddfedfb-1855-492e-9ce0-1f41c2fe5ffc,FirstNumber=490,secondNumber=958}  added by thread pool-3-thread-6
 message  {Id=1ddfedfb-1855-492e-9ce0-1f41c2fe5ffc,FirstNumber=490,secondNumber=958}  written to file by thread pool-3-thread-4
 message  {Id=a9c1afac-d95b-4002-a5cc-637772e0bcdb,FirstNumber=214,secondNumber=533}  added by thread pool-3-thread-6
 message  {Id=a9c1afac-d95b-4002-a5cc-637772e0bcdb,FirstNumber=214,secondNumber=533}  written to file by thread pool-3-thread-5
 message  {Id=90ff73ff-4e0e-463e-9b57-e396bc5f93d8,FirstNumber=548,secondNumber=1321}  added by thread pool-3-thread-6
 message  {Id=90ff73ff-4e0e-463e-9b57-e396bc5f93d8,FirstNumber=548,secondNumber=1321}  written to file by thread pool-3-thread-2
 message  {Id=fdf6312d-45a9-4764-bc0e-8fe13adff5ff,FirstNumber=627,secondNumber=1212}  added by thread pool-3-thread-6
 message  {Id=fdf6312d-45a9-4764-bc0e-8fe13adff5ff,FirstNumber=627,secondNumber=1212}  written to file by thread pool-3-thread-3
 message  {Id=843dfec5-48e6-4e62-90c6-626e2af16472,FirstNumber=897,secondNumber=265}  added by thread pool-3-thread-6
 message  {Id=843dfec5-48e6-4e62-90c6-626e2af16472,FirstNumber=897,secondNumber=265}  written to file by thread pool-3-thread-1
 message  {Id=9ddd5962-8302-4539-82a5-1c439e3c7c0b,FirstNumber=379,secondNumber=281}  added by thread pool-3-thread-6
 message  {Id=9ddd5962-8302-4539-82a5-1c439e3c7c0b,FirstNumber=379,secondNumber=281}  written to file by thread pool-3-thread-4
 message  {Id=e6a9023e-2f1d-42d2-9dc6-b5ebf0c29beb,FirstNumber=663,secondNumber=1625}  added by thread pool-3-thread-6
 message  {Id=e6a9023e-2f1d-42d2-9dc6-b5ebf0c29beb,FirstNumber=663,secondNumber=1625}  written to file by thread pool-3-thread-4
 message  {Id=32a2a444-d55d-412c-9961-7ab84fe3a8b1,FirstNumber=361,secondNumber=1449}  added by thread pool-3-thread-6
 message  {Id=32a2a444-d55d-412c-9961-7ab84fe3a8b1,FirstNumber=361,secondNumber=1449}  written to file by thread pool-3-thread-2
 message  {Id=d8a3bcbd-9681-4f52-8f59-5c9375f3a72f,FirstNumber=199,secondNumber=1926}  added by thread pool-3-thread-6
 message  {Id=d8a3bcbd-9681-4f52-8f59-5c9375f3a72f,FirstNumber=199,secondNumber=1926}  written to file by thread pool-3-thread-3
 message  {Id=da119a4b-3589-47c7-9db5-b083dd1ed6a0,FirstNumber=606,secondNumber=216}  added by thread pool-3-thread-6
 message  {Id=da119a4b-3589-47c7-9db5-b083dd1ed6a0,FirstNumber=606,secondNumber=216}  written to file by thread pool-3-thread-1
 message  {Id=8af6c1aa-b7ce-424d-be10-b00a5fdabe4b,FirstNumber=207,secondNumber=1680}  added by thread pool-3-thread-6
 message  {Id=8af6c1aa-b7ce-424d-be10-b00a5fdabe4b,FirstNumber=207,secondNumber=1680}  written to file by thread pool-3-thread-5
 message  {Id=b1e16d56-5572-45b0-b8cb-9ab87829ae9b,FirstNumber=469,secondNumber=1540}  added by thread pool-3-thread-6
 message  {Id=b1e16d56-5572-45b0-b8cb-9ab87829ae9b,FirstNumber=469,secondNumber=1540}  written to file by thread pool-3-thread-5
 message  {Id=ca1fc29a-36a7-47ac-bc26-3db45f01cd87,FirstNumber=187,secondNumber=1026}  added by thread pool-3-thread-6
 message  {Id=ca1fc29a-36a7-47ac-bc26-3db45f01cd87,FirstNumber=187,secondNumber=1026}  written to file by thread pool-3-thread-2
 message  {Id=121a849d-06f2-4a22-b65a-991cd0469d05,FirstNumber=59,secondNumber=1525}  added by thread pool-3-thread-6
 message  {Id=121a849d-06f2-4a22-b65a-991cd0469d05,FirstNumber=59,secondNumber=1525}  written to file by thread pool-3-thread-3
 message  {Id=af9a5293-40c8-41f7-b851-88f4d9502d49,FirstNumber=617,secondNumber=716}  added by thread pool-3-thread-6
 message  {Id=af9a5293-40c8-41f7-b851-88f4d9502d49,FirstNumber=617,secondNumber=716}  written to file by thread pool-3-thread-1
 message  {Id=023e3e10-2537-4949-99bb-be4e6600c11c,FirstNumber=537,secondNumber=1755}  added by thread pool-3-thread-6
 message  {Id=023e3e10-2537-4949-99bb-be4e6600c11c,FirstNumber=537,secondNumber=1755}  written to file by thread pool-3-thread-4
 message  {Id=06e9fa93-bdc2-48e2-a196-acf872d574a5,FirstNumber=273,secondNumber=358}  added by thread pool-3-thread-6
 message  {Id=06e9fa93-bdc2-48e2-a196-acf872d574a5,FirstNumber=273,secondNumber=358}  written to file by thread pool-3-thread-4
 message  {Id=fa219571-fb81-4dd9-b42e-03125c3e50ad,FirstNumber=22,secondNumber=496}  added by thread pool-3-thread-6
 message  {Id=fa219571-fb81-4dd9-b42e-03125c3e50ad,FirstNumber=22,secondNumber=496}  written to file by thread pool-3-thread-2
 message  {Id=01db137b-01bd-4e9b-8a97-ee98f5755b76,FirstNumber=262,secondNumber=600}  added by thread pool-3-thread-6
 message  {Id=01db137b-01bd-4e9b-8a97-ee98f5755b76,FirstNumber=262,secondNumber=600}  written to file by thread pool-3-thread-2
 message  {Id=f8b0c67b-dbfa-406a-b2d4-a8fac65ca74b,FirstNumber=160,secondNumber=484}  added by thread pool-3-thread-6
 message  {Id=f8b0c67b-dbfa-406a-b2d4-a8fac65ca74b,FirstNumber=160,secondNumber=484}  written to file by thread pool-3-thread-1
 message  {Id=e3362d8f-b104-4aee-b8df-7627d5afd260,FirstNumber=664,secondNumber=1070}  added by thread pool-3-thread-6
 message  {Id=e3362d8f-b104-4aee-b8df-7627d5afd260,FirstNumber=664,secondNumber=1070}  written to file by thread pool-3-thread-1
 message  {Id=02bddf1c-7bbc-4d7f-9f09-12b59d12ffdd,FirstNumber=31,secondNumber=435}  added by thread pool-3-thread-6
 message  {Id=02bddf1c-7bbc-4d7f-9f09-12b59d12ffdd,FirstNumber=31,secondNumber=435}  written to file by thread pool-3-thread-4
 message  {Id=1cf85a4f-df48-4993-92a6-eb31c59a9c9a,FirstNumber=967,secondNumber=470}  added by thread pool-3-thread-6
 message  {Id=1cf85a4f-df48-4993-92a6-eb31c59a9c9a,FirstNumber=967,secondNumber=470}  written to file by thread pool-3-thread-3
 message  {Id=7e8dc674-2240-41de-84ac-3436330911bd,FirstNumber=250,secondNumber=1812}  added by thread pool-3-thread-6
 message  {Id=7e8dc674-2240-41de-84ac-3436330911bd,FirstNumber=250,secondNumber=1812}  written to file by thread pool-3-thread-2
 message  {Id=11a888be-3642-46a4-9ded-40cf8ab6e53c,FirstNumber=166,secondNumber=277}  added by thread pool-3-thread-6
 message  {Id=11a888be-3642-46a4-9ded-40cf8ab6e53c,FirstNumber=166,secondNumber=277}  written to file by thread pool-3-thread-5
 message  {Id=4d271217-3405-4456-9b74-1931e446396f,FirstNumber=274,secondNumber=1799}  added by thread pool-3-thread-6
 message  {Id=4d271217-3405-4456-9b74-1931e446396f,FirstNumber=274,secondNumber=1799}  written to file by thread pool-3-thread-1
 message  {Id=6c160476-7b39-4774-9481-f1c974460f45,FirstNumber=76,secondNumber=959}  added by thread pool-3-thread-6
 message  {Id=6c160476-7b39-4774-9481-f1c974460f45,FirstNumber=76,secondNumber=959}  written to file by thread pool-3-thread-1
 message  {Id=488a5279-3d7d-4c3c-ab62-980f06d4b2ff,FirstNumber=488,secondNumber=470}  added by thread pool-3-thread-6
 message  {Id=488a5279-3d7d-4c3c-ab62-980f06d4b2ff,FirstNumber=488,secondNumber=470}  written to file by thread pool-3-thread-3
 message  {Id=80efa9df-bc51-4097-b33a-cd37fb3b6270,FirstNumber=991,secondNumber=1147}  added by thread pool-3-thread-6
 message  {Id=80efa9df-bc51-4097-b33a-cd37fb3b6270,FirstNumber=991,secondNumber=1147}  written to file by thread pool-3-thread-2
 message  {Id=47b006b8-7359-4cca-8c51-2316d083e528,FirstNumber=166,secondNumber=1149}  added by thread pool-3-thread-6
 message  {Id=47b006b8-7359-4cca-8c51-2316d083e528,FirstNumber=166,secondNumber=1149}  written to file by thread pool-3-thread-5
 message  {Id=1cb529e5-9706-4e1c-9b4f-45feaa6f8b75,FirstNumber=297,secondNumber=1580}  added by thread pool-3-thread-6
 message  {Id=1cb529e5-9706-4e1c-9b4f-45feaa6f8b75,FirstNumber=297,secondNumber=1580}  written to file by thread pool-3-thread-4
 message  {Id=e3ad59fc-efa0-4fc1-bf89-d923662716d6,FirstNumber=257,secondNumber=1661}  added by thread pool-3-thread-6
 message  {Id=e3ad59fc-efa0-4fc1-bf89-d923662716d6,FirstNumber=257,secondNumber=1661}  written to file by thread pool-3-thread-1
 message  {Id=57a8f28d-97b9-445b-baca-d6d5e0a7963a,FirstNumber=622,secondNumber=788}  added by thread pool-3-thread-6
 message  {Id=57a8f28d-97b9-445b-baca-d6d5e0a7963a,FirstNumber=622,secondNumber=788}  written to file by thread pool-3-thread-1
 message  {Id=0a8accfb-f41b-40e0-a0b5-fe028401e5e3,FirstNumber=922,secondNumber=463}  added by thread pool-3-thread-6
 message  {Id=0a8accfb-f41b-40e0-a0b5-fe028401e5e3,FirstNumber=922,secondNumber=463}  written to file by thread pool-3-thread-2
 message  {Id=0d9dd6e7-b857-4a18-866c-0a8189faf84a,FirstNumber=91,secondNumber=876}  added by thread pool-3-thread-6
 message  {Id=0d9dd6e7-b857-4a18-866c-0a8189faf84a,FirstNumber=91,secondNumber=876}  written to file by thread pool-3-thread-5
 message  {Id=8bb7d685-6bb2-43ec-b7ba-9bcf354957ad,FirstNumber=632,secondNumber=534}  added by thread pool-3-thread-6
 message  {Id=8bb7d685-6bb2-43ec-b7ba-9bcf354957ad,FirstNumber=632,secondNumber=534}  written to file by thread pool-3-thread-4
 message  {Id=5e2d1c2c-7f16-4e25-951d-b653ca125204,FirstNumber=549,secondNumber=973}  added by thread pool-3-thread-6
 message  {Id=5e2d1c2c-7f16-4e25-951d-b653ca125204,FirstNumber=549,secondNumber=973}  written to file by thread pool-3-thread-3
 message  {Id=7f497f75-ece6-4340-88ad-a5ef4258c0d2,FirstNumber=330,secondNumber=1371}  added by thread pool-3-thread-6
 message  {Id=7f497f75-ece6-4340-88ad-a5ef4258c0d2,FirstNumber=330,secondNumber=1371}  written to file by thread pool-3-thread-1
 message  {Id=1ca0262a-4462-483a-b6c3-3efdc73c5afa,FirstNumber=69,secondNumber=214}  added by thread pool-3-thread-6
 message  {Id=1ca0262a-4462-483a-b6c3-3efdc73c5afa,FirstNumber=69,secondNumber=214}  written to file by thread pool-3-thread-2
 message  {Id=5b4fb660-7886-46bd-8118-bdaffa4f8d24,FirstNumber=168,secondNumber=312}  added by thread pool-3-thread-6
 message  {Id=5b4fb660-7886-46bd-8118-bdaffa4f8d24,FirstNumber=168,secondNumber=312}  written to file by thread pool-3-thread-5
 message  {Id=2ceb1e35-dee1-4331-b950-241e21ae3f55,FirstNumber=124,secondNumber=1367}  added by thread pool-3-thread-6
 message  {Id=2ceb1e35-dee1-4331-b950-241e21ae3f55,FirstNumber=124,secondNumber=1367}  written to file by thread pool-3-thread-5
 message  {Id=ba2406d4-89d7-4c30-84db-7d269b074e46,FirstNumber=883,secondNumber=966}  added by thread pool-3-thread-6
 message  {Id=ba2406d4-89d7-4c30-84db-7d269b074e46,FirstNumber=883,secondNumber=966}  written to file by thread pool-3-thread-3
 message  {Id=1ad04b68-2d3e-4df7-9230-5f134fe11471,FirstNumber=287,secondNumber=908}  added by thread pool-3-thread-6
 message  {Id=1ad04b68-2d3e-4df7-9230-5f134fe11471,FirstNumber=287,secondNumber=908}  written to file by thread pool-3-thread-3
 message  {Id=99db8410-b0e5-4a5f-8d63-14ed38174091,FirstNumber=414,secondNumber=1338}  added by thread pool-3-thread-6
 message  {Id=99db8410-b0e5-4a5f-8d63-14ed38174091,FirstNumber=414,secondNumber=1338}  written to file by thread pool-3-thread-2
 message  {Id=162384fa-b027-4830-b05b-6baaeb377b2a,FirstNumber=820,secondNumber=276}  added by thread pool-3-thread-6
 message  {Id=162384fa-b027-4830-b05b-6baaeb377b2a,FirstNumber=820,secondNumber=276}  written to file by thread pool-3-thread-2
 message  {Id=93584c39-a81a-4cf6-8785-207019790098,FirstNumber=648,secondNumber=1137}  added by thread pool-3-thread-6
 message  {Id=93584c39-a81a-4cf6-8785-207019790098,FirstNumber=648,secondNumber=1137}  written to file by thread pool-3-thread-5
 message  {Id=dafd064f-7655-4258-93f4-e12c51a5cf78,FirstNumber=591,secondNumber=1659}  added by thread pool-3-thread-6
 message  {Id=dafd064f-7655-4258-93f4-e12c51a5cf78,FirstNumber=591,secondNumber=1659}  written to file by thread pool-3-thread-1
 message  {Id=6e955822-8d6f-40b0-8cdb-f031a8ab0652,FirstNumber=733,secondNumber=1538}  added by thread pool-3-thread-6
 message  {Id=6e955822-8d6f-40b0-8cdb-f031a8ab0652,FirstNumber=733,secondNumber=1538}  written to file by thread pool-3-thread-3
 message  {Id=b2596b04-52f7-45dd-be96-704ebe17ae7f,FirstNumber=806,secondNumber=789}  added by thread pool-3-thread-6
 message  {Id=b2596b04-52f7-45dd-be96-704ebe17ae7f,FirstNumber=806,secondNumber=789}  written to file by thread pool-3-thread-3
 message  {Id=0ea8c73f-1650-4d69-a04b-6933db1e07f0,FirstNumber=192,secondNumber=1143}  added by thread pool-3-thread-6
 message  {Id=0ea8c73f-1650-4d69-a04b-6933db1e07f0,FirstNumber=192,secondNumber=1143}  written to file by thread pool-3-thread-2
 message  {Id=43f17612-43f6-431b-ae20-0734bea950ad,FirstNumber=424,secondNumber=903}  added by thread pool-3-thread-6
 message  {Id=43f17612-43f6-431b-ae20-0734bea950ad,FirstNumber=424,secondNumber=903}  written to file by thread pool-3-thread-2
 message  {Id=2cbed068-86f7-4f34-b38b-a693a301f512,FirstNumber=279,secondNumber=587}  added by thread pool-3-thread-6
 message  {Id=2cbed068-86f7-4f34-b38b-a693a301f512,FirstNumber=279,secondNumber=587}  written to file by thread pool-3-thread-1
 message  {Id=78ac0a0d-b374-48cd-a2b5-b5f2f5733bd8,FirstNumber=365,secondNumber=571}  added by thread pool-3-thread-6
 message  {Id=78ac0a0d-b374-48cd-a2b5-b5f2f5733bd8,FirstNumber=365,secondNumber=571}  written to file by thread pool-3-thread-1
 message  {Id=252ce852-da79-4fd9-9626-a5c053678153,FirstNumber=643,secondNumber=288}  added by thread pool-3-thread-6
 message  {Id=252ce852-da79-4fd9-9626-a5c053678153,FirstNumber=643,secondNumber=288}  written to file by thread pool-3-thread-3
 message  {Id=4602a9ab-8a02-4bce-adc6-ed88ecaff5c3,FirstNumber=93,secondNumber=69}  added by thread pool-3-thread-6
 message  {Id=4602a9ab-8a02-4bce-adc6-ed88ecaff5c3,FirstNumber=93,secondNumber=69}  written to file by thread pool-3-thread-5
 message  {Id=687f5d75-3962-4125-8b72-49ebefed3b10,FirstNumber=814,secondNumber=1686}  added by thread pool-3-thread-6
 message  {Id=687f5d75-3962-4125-8b72-49ebefed3b10,FirstNumber=814,secondNumber=1686}  written to file by thread pool-3-thread-2
 message  {Id=33867095-c573-44db-807c-fad0cab29d8b,FirstNumber=593,secondNumber=1265}  added by thread pool-3-thread-6
 message  {Id=33867095-c573-44db-807c-fad0cab29d8b,FirstNumber=593,secondNumber=1265}  written to file by thread pool-3-thread-4
 message  {Id=e6446aba-6631-45a6-9b34-ebb55825a876,FirstNumber=261,secondNumber=1324}  added by thread pool-3-thread-6
 message  {Id=e6446aba-6631-45a6-9b34-ebb55825a876,FirstNumber=261,secondNumber=1324}  written to file by thread pool-3-thread-4
 message  {Id=18cfd015-6c60-4620-9788-aca890e2aa8f,FirstNumber=389,secondNumber=90}  added by thread pool-3-thread-6
 message  {Id=18cfd015-6c60-4620-9788-aca890e2aa8f,FirstNumber=389,secondNumber=90}  written to file by thread pool-3-thread-3
 message  {Id=d9796c00-7af2-453f-8b04-218b0b291536,FirstNumber=991,secondNumber=1387}  added by thread pool-3-thread-6
 message  {Id=d9796c00-7af2-453f-8b04-218b0b291536,FirstNumber=991,secondNumber=1387}  written to file by thread pool-3-thread-5
 message  {Id=716c01bb-bcf4-4a16-af70-b9067c580b95,FirstNumber=362,secondNumber=1187}  added by thread pool-3-thread-6
 message  {Id=716c01bb-bcf4-4a16-af70-b9067c580b95,FirstNumber=362,secondNumber=1187}  written to file by thread pool-3-thread-5
 message  {Id=53005ea5-fbbd-479c-acfc-15ae24ec1772,FirstNumber=268,secondNumber=1274}  added by thread pool-3-thread-6
 message  {Id=53005ea5-fbbd-479c-acfc-15ae24ec1772,FirstNumber=268,secondNumber=1274}  written to file by thread pool-3-thread-1
 message  {Id=26c58c00-6bc8-49d4-958a-bd5f1050ed4f,FirstNumber=874,secondNumber=1554}  added by thread pool-3-thread-6
 message  {Id=26c58c00-6bc8-49d4-958a-bd5f1050ed4f,FirstNumber=874,secondNumber=1554}  written to file by thread pool-3-thread-4
 message  {Id=805771bb-00e3-4015-9a90-67ebd73f9424,FirstNumber=573,secondNumber=1105}  added by thread pool-3-thread-6
 message  {Id=805771bb-00e3-4015-9a90-67ebd73f9424,FirstNumber=573,secondNumber=1105}  written to file by thread pool-3-thread-4
 message  {Id=636ed801-f4d5-4ece-8e52-3693da9b6274,FirstNumber=291,secondNumber=1105}  added by thread pool-3-thread-6
 message  {Id=636ed801-f4d5-4ece-8e52-3693da9b6274,FirstNumber=291,secondNumber=1105}  written to file by thread pool-3-thread-2
 message  {Id=55fb03df-6324-4d9b-8de1-cbe86d6cd3ce,FirstNumber=167,secondNumber=1379}  added by thread pool-3-thread-6
 message  {Id=55fb03df-6324-4d9b-8de1-cbe86d6cd3ce,FirstNumber=167,secondNumber=1379}  written to file by thread pool-3-thread-5
 message  {Id=a22aa4e8-908c-4e14-8347-d7bc27752aba,FirstNumber=469,secondNumber=391}  added by thread pool-3-thread-6
 message  {Id=a22aa4e8-908c-4e14-8347-d7bc27752aba,FirstNumber=469,secondNumber=391}  written to file by thread pool-3-thread-1
 message  {Id=ccd24fe0-5e00-4979-a9c3-153a8ac22e67,FirstNumber=728,secondNumber=1254}  added by thread pool-3-thread-6
 message  {Id=ccd24fe0-5e00-4979-a9c3-153a8ac22e67,FirstNumber=728,secondNumber=1254}  written to file by thread pool-3-thread-1
 message  {Id=44c46391-c98e-48db-8c30-6a8171f3bf13,FirstNumber=157,secondNumber=1836}  added by thread pool-3-thread-6
 message  {Id=44c46391-c98e-48db-8c30-6a8171f3bf13,FirstNumber=157,secondNumber=1836}  written to file by thread pool-3-thread-4
 message  {Id=296e2fbd-d248-4b0e-870c-640542111b70,FirstNumber=497,secondNumber=1998}  added by thread pool-3-thread-6
 message  {Id=296e2fbd-d248-4b0e-870c-640542111b70,FirstNumber=497,secondNumber=1998}  written to file by thread pool-3-thread-2
 message  {Id=ad898af2-716a-4879-b868-8bd4a6286852,FirstNumber=52,secondNumber=1707}  added by thread pool-3-thread-6
 message  {Id=ad898af2-716a-4879-b868-8bd4a6286852,FirstNumber=52,secondNumber=1707}  written to file by thread pool-3-thread-2
 message  {Id=a51ec1d1-2f4f-4e41-b097-f0b4372eaa9e,FirstNumber=314,secondNumber=1239}  added by thread pool-3-thread-6
 message  {Id=a51ec1d1-2f4f-4e41-b097-f0b4372eaa9e,FirstNumber=314,secondNumber=1239}  written to file by thread pool-3-thread-2
 message  {Id=cd3be4e6-2695-45f6-8051-c678c952e807,FirstNumber=5,secondNumber=689}  added by thread pool-3-thread-6
 message  {Id=cd3be4e6-2695-45f6-8051-c678c952e807,FirstNumber=5,secondNumber=689}  written to file by thread pool-3-thread-1
 message  {Id=a52c4f3d-f4fa-49ae-852e-9ecb4e19bb1f,FirstNumber=606,secondNumber=278}  added by thread pool-3-thread-6
 message  {Id=a52c4f3d-f4fa-49ae-852e-9ecb4e19bb1f,FirstNumber=606,secondNumber=278}  written to file by thread pool-3-thread-4
 message  {Id=c09090e8-a1ae-4e6e-9904-c799ca0adf8c,FirstNumber=750,secondNumber=1683}  added by thread pool-3-thread-6
 message  {Id=c09090e8-a1ae-4e6e-9904-c799ca0adf8c,FirstNumber=750,secondNumber=1683}  written to file by thread pool-3-thread-5
 message  {Id=c440adf1-cbe4-4e89-b30f-6448d044c8ed,FirstNumber=930,secondNumber=1968}  added by thread pool-3-thread-6
 message  {Id=01630170-2ba7-4438-b7fe-8073cf1b0f9b,FirstNumber=242,secondNumber=1046}  added by thread pool-3-thread-6
 message  {Id=c440adf1-cbe4-4e89-b30f-6448d044c8ed,FirstNumber=930,secondNumber=1968}  written to file by thread pool-3-thread-3
 message  {Id=01630170-2ba7-4438-b7fe-8073cf1b0f9b,FirstNumber=242,secondNumber=1046}  written to file by thread pool-3-thread-2
 message  {Id=df750144-ce41-41c6-9f29-4b1602d05ffe,FirstNumber=893,secondNumber=1674}  added by thread pool-3-thread-6
 message  {Id=df750144-ce41-41c6-9f29-4b1602d05ffe,FirstNumber=893,secondNumber=1674}  written to file by thread pool-3-thread-1
 message  {Id=4f95a1ac-8698-49e5-a2a8-8f43f6ead8e1,FirstNumber=817,secondNumber=1810}  added by thread pool-3-thread-6
 message  {Id=4f95a1ac-8698-49e5-a2a8-8f43f6ead8e1,FirstNumber=817,secondNumber=1810}  written to file by thread pool-3-thread-4
 message  {Id=2d7cf111-f118-4a28-a221-084ee19f3c93,FirstNumber=292,secondNumber=1243}  added by thread pool-3-thread-6
 message  {Id=2d7cf111-f118-4a28-a221-084ee19f3c93,FirstNumber=292,secondNumber=1243}  written to file by thread pool-3-thread-5
 message  {Id=d90949a9-b383-42a2-99e2-54e9441ba4ae,FirstNumber=632,secondNumber=1798}  added by thread pool-3-thread-6
 message  {Id=5289c739-887f-46a1-8ccf-7151a4c286a2,FirstNumber=171,secondNumber=1450}  added by thread pool-3-thread-6
 message  {Id=d90949a9-b383-42a2-99e2-54e9441ba4ae,FirstNumber=632,secondNumber=1798}  written to file by thread pool-3-thread-3
 message  {Id=5289c739-887f-46a1-8ccf-7151a4c286a2,FirstNumber=171,secondNumber=1450}  written to file by thread pool-3-thread-2
 message  {Id=fee1d95b-fd9b-49f3-a7df-d69d7392132d,FirstNumber=86,secondNumber=1937}  added by thread pool-3-thread-6
 message  {Id=fee1d95b-fd9b-49f3-a7df-d69d7392132d,FirstNumber=86,secondNumber=1937}  written to file by thread pool-3-thread-2
 message  {Id=31ba353a-655a-43c2-87e5-ee4d557754fc,FirstNumber=919,secondNumber=1472}  added by thread pool-3-thread-6
 message  {Id=31ba353a-655a-43c2-87e5-ee4d557754fc,FirstNumber=919,secondNumber=1472}  written to file by thread pool-3-thread-4
 message  {Id=d3b3e094-763f-4bbe-99df-d35c2158b1e7,FirstNumber=779,secondNumber=1810}  added by thread pool-3-thread-6
 message  {Id=d3b3e094-763f-4bbe-99df-d35c2158b1e7,FirstNumber=779,secondNumber=1810}  written to file by thread pool-3-thread-5
 message  {Id=2ef8fc42-9cb2-4fa1-8ddd-9fdd24af0dbb,FirstNumber=948,secondNumber=1095}  added by thread pool-3-thread-6
 message  {Id=2ef8fc42-9cb2-4fa1-8ddd-9fdd24af0dbb,FirstNumber=948,secondNumber=1095}  written to file by thread pool-3-thread-5
 message  {Id=b8d1b2c2-6a76-4aec-bef7-b2b163ee3fb8,FirstNumber=634,secondNumber=1642}  added by thread pool-3-thread-6
 message  {Id=b8d1b2c2-6a76-4aec-bef7-b2b163ee3fb8,FirstNumber=634,secondNumber=1642}  written to file by thread pool-3-thread-5
 message  {Id=24d439bf-3dfc-4694-b7c4-974551beefb5,FirstNumber=530,secondNumber=109}  added by thread pool-3-thread-6
 message  {Id=24d439bf-3dfc-4694-b7c4-974551beefb5,FirstNumber=530,secondNumber=109}  written to file by thread pool-3-thread-2
 message  {Id=7d4c91ed-9653-48ea-a246-1ecaee221dc5,FirstNumber=83,secondNumber=1718}  added by thread pool-3-thread-6
 message  {Id=7d4c91ed-9653-48ea-a246-1ecaee221dc5,FirstNumber=83,secondNumber=1718}  written to file by thread pool-3-thread-2
 message  {Id=c8f5243b-3d5a-4898-a378-9b32eb57ce35,FirstNumber=968,secondNumber=102}  added by thread pool-3-thread-6
 message  {Id=c8f5243b-3d5a-4898-a378-9b32eb57ce35,FirstNumber=968,secondNumber=102}  written to file by thread pool-3-thread-3
 message  {Id=cf05c627-aa16-462e-ba55-c2e4b1801c19,FirstNumber=206,secondNumber=1761}  added by thread pool-3-thread-6
 message  {Id=cf05c627-aa16-462e-ba55-c2e4b1801c19,FirstNumber=206,secondNumber=1761}  written to file by thread pool-3-thread-1
 message  {Id=4f9a52ff-c1f9-4714-bfe5-8c53a1d5b478,FirstNumber=100,secondNumber=171}  added by thread pool-3-thread-6
 message  {Id=4f9a52ff-c1f9-4714-bfe5-8c53a1d5b478,FirstNumber=100,secondNumber=171}  written to file by thread pool-3-thread-5
 message  {Id=58db29c8-4725-4c53-969c-507a4b8457a6,FirstNumber=290,secondNumber=9}  added by thread pool-3-thread-6
 message  {Id=58db29c8-4725-4c53-969c-507a4b8457a6,FirstNumber=290,secondNumber=9}  written to file by thread pool-3-thread-4
 message  {Id=4c0d9a33-f4db-4dc0-8021-d5bb28d40bc2,FirstNumber=436,secondNumber=678}  added by thread pool-3-thread-6
 message  {Id=4c0d9a33-f4db-4dc0-8021-d5bb28d40bc2,FirstNumber=436,secondNumber=678}  written to file by thread pool-3-thread-2
 message  {Id=d07947d7-0551-4dc4-8308-a9c58d807764,FirstNumber=967,secondNumber=456}  added by thread pool-3-thread-6
 message  {Id=d07947d7-0551-4dc4-8308-a9c58d807764,FirstNumber=967,secondNumber=456}  written to file by thread pool-3-thread-2
 message  {Id=88a56291-ec23-4b8a-b95d-330071702a8b,FirstNumber=815,secondNumber=305}  added by thread pool-3-thread-6
 message  {Id=88a56291-ec23-4b8a-b95d-330071702a8b,FirstNumber=815,secondNumber=305}  written to file by thread pool-3-thread-1
 message  {Id=b7b94dab-8d77-468b-9323-61605a4514e5,FirstNumber=787,secondNumber=141}  added by thread pool-3-thread-6
 message  {Id=b7b94dab-8d77-468b-9323-61605a4514e5,FirstNumber=787,secondNumber=141}  written to file by thread pool-3-thread-5
 message  {Id=4b29780d-76bf-4910-95c3-ce52d5bb0738,FirstNumber=739,secondNumber=336}  added by thread pool-3-thread-6
 message  {Id=4b29780d-76bf-4910-95c3-ce52d5bb0738,FirstNumber=739,secondNumber=336}  written to file by thread pool-3-thread-5
 message  {Id=e15263eb-180e-4975-9ad8-674937539d3a,FirstNumber=446,secondNumber=656}  added by thread pool-3-thread-6
 message  {Id=e15263eb-180e-4975-9ad8-674937539d3a,FirstNumber=446,secondNumber=656}  written to file by thread pool-3-thread-3
 message  {Id=56490ec9-44d6-46bf-8da1-5816bc776979,FirstNumber=374,secondNumber=372}  added by thread pool-3-thread-6
 message  {Id=56490ec9-44d6-46bf-8da1-5816bc776979,FirstNumber=374,secondNumber=372}  written to file by thread pool-3-thread-3
 message  {Id=3addb419-ad65-4ab5-850b-5a6250e89b36,FirstNumber=50,secondNumber=1639}  added by thread pool-3-thread-6
 message  {Id=3addb419-ad65-4ab5-850b-5a6250e89b36,FirstNumber=50,secondNumber=1639}  written to file by thread pool-3-thread-1
 message  {Id=adde4eda-9313-46d4-99ca-3c9a62ff985b,FirstNumber=271,secondNumber=540}  added by thread pool-3-thread-6
 message  {Id=adde4eda-9313-46d4-99ca-3c9a62ff985b,FirstNumber=271,secondNumber=540}  written to file by thread pool-3-thread-1
 message  {Id=135a8f18-b7ab-4994-9dc9-5d3fbf06220d,FirstNumber=516,secondNumber=1483}  added by thread pool-3-thread-6
 message  {Id=135a8f18-b7ab-4994-9dc9-5d3fbf06220d,FirstNumber=516,secondNumber=1483}  written to file by thread pool-3-thread-5
 message  {Id=78bf1ca4-3d9d-432b-91d5-56b3c8dac137,FirstNumber=456,secondNumber=1901}  added by thread pool-3-thread-6
 message  {Id=78bf1ca4-3d9d-432b-91d5-56b3c8dac137,FirstNumber=456,secondNumber=1901}  written to file by thread pool-3-thread-2
 message  {Id=b470db98-07e4-4d7e-af81-b6b9398e065f,FirstNumber=62,secondNumber=1317}  added by thread pool-3-thread-6
 message  {Id=b470db98-07e4-4d7e-af81-b6b9398e065f,FirstNumber=62,secondNumber=1317}  written to file by thread pool-3-thread-3
 message  {Id=de41babc-a678-473b-84c2-867f4c36326d,FirstNumber=719,secondNumber=1943}  added by thread pool-3-thread-6
 message  {Id=de41babc-a678-473b-84c2-867f4c36326d,FirstNumber=719,secondNumber=1943}  written to file by thread pool-3-thread-4
 message  {Id=0286f36a-1650-4700-b7fb-b5a7f801a99f,FirstNumber=250,secondNumber=375}  added by thread pool-3-thread-6
 message  {Id=0286f36a-1650-4700-b7fb-b5a7f801a99f,FirstNumber=250,secondNumber=375}  written to file by thread pool-3-thread-1
 message  {Id=79dd57ce-3124-4a41-b6ee-dd8692c260d6,FirstNumber=870,secondNumber=910}  added by thread pool-3-thread-6
 message  {Id=79dd57ce-3124-4a41-b6ee-dd8692c260d6,FirstNumber=870,secondNumber=910}  written to file by thread pool-3-thread-5
 message  {Id=a63e37da-9865-4353-8b52-2ca31a333b19,FirstNumber=14,secondNumber=1170}  added by thread pool-3-thread-6
 message  {Id=a63e37da-9865-4353-8b52-2ca31a333b19,FirstNumber=14,secondNumber=1170}  written to file by thread pool-3-thread-2
 message  {Id=8b27eec0-4311-47e3-83b5-7f5424e861e1,FirstNumber=577,secondNumber=1587}  added by thread pool-3-thread-6
 message  {Id=8b27eec0-4311-47e3-83b5-7f5424e861e1,FirstNumber=577,secondNumber=1587}  written to file by thread pool-3-thread-3
 message  {Id=edc14c98-54d2-46f1-a299-3a7e1931c13d,FirstNumber=952,secondNumber=1886}  added by thread pool-3-thread-6
 message  {Id=edc14c98-54d2-46f1-a299-3a7e1931c13d,FirstNumber=952,secondNumber=1886}  written to file by thread pool-3-thread-4
 message  {Id=85c75d31-2fe6-4798-a29f-c881825036e3,FirstNumber=643,secondNumber=1399}  added by thread pool-3-thread-6
 message  {Id=85c75d31-2fe6-4798-a29f-c881825036e3,FirstNumber=643,secondNumber=1399}  written to file by thread pool-3-thread-4
 message  {Id=05e0c24f-db20-49f7-8aed-847fc4d92613,FirstNumber=515,secondNumber=1885}  added by thread pool-3-thread-6
 message  {Id=05e0c24f-db20-49f7-8aed-847fc4d92613,FirstNumber=515,secondNumber=1885}  written to file by thread pool-3-thread-5
 message  {Id=d29afb68-263a-4f7f-b1c7-7b055025e962,FirstNumber=829,secondNumber=354}  added by thread pool-3-thread-6
 message  {Id=d29afb68-263a-4f7f-b1c7-7b055025e962,FirstNumber=829,secondNumber=354}  written to file by thread pool-3-thread-2
 message  {Id=b326fb21-5e5a-41b0-ac12-be937f13fde7,FirstNumber=552,secondNumber=1818}  added by thread pool-3-thread-6
 message  {Id=b326fb21-5e5a-41b0-ac12-be937f13fde7,FirstNumber=552,secondNumber=1818}  written to file by thread pool-3-thread-2
 message  {Id=e7c61068-9418-4f41-8dc0-a6afac6ad3b2,FirstNumber=586,secondNumber=318}  added by thread pool-3-thread-6
 message  {Id=e7c61068-9418-4f41-8dc0-a6afac6ad3b2,FirstNumber=586,secondNumber=318}  written to file by thread pool-3-thread-2
 message  {Id=5c0ba545-b146-481e-8dee-0b71a8ab85ea,FirstNumber=890,secondNumber=1683}  added by thread pool-3-thread-6
 message  {Id=5c0ba545-b146-481e-8dee-0b71a8ab85ea,FirstNumber=890,secondNumber=1683}  written to file by thread pool-3-thread-4
 message  {Id=2c5aab06-2978-4660-8273-3ce40b6283e6,FirstNumber=636,secondNumber=1056}  added by thread pool-3-thread-6
 message  {Id=2c5aab06-2978-4660-8273-3ce40b6283e6,FirstNumber=636,secondNumber=1056}  written to file by thread pool-3-thread-5
 message  {Id=aafe00b8-7335-47a3-bbe3-640751db169b,FirstNumber=565,secondNumber=1955}  added by thread pool-3-thread-6
 message  {Id=aafe00b8-7335-47a3-bbe3-640751db169b,FirstNumber=565,secondNumber=1955}  written to file by thread pool-3-thread-5
 message  {Id=0c61e8c1-302f-4fe2-95b2-8d8555b0918b,FirstNumber=170,secondNumber=1446}  added by thread pool-3-thread-6
 message  {Id=0c61e8c1-302f-4fe2-95b2-8d8555b0918b,FirstNumber=170,secondNumber=1446}  written to file by thread pool-3-thread-1
 message  {Id=383a545f-2412-4410-9df6-6cb939885bd2,FirstNumber=754,secondNumber=1451}  added by thread pool-3-thread-6
 message  {Id=383a545f-2412-4410-9df6-6cb939885bd2,FirstNumber=754,secondNumber=1451}  written to file by thread pool-3-thread-1
 message  {Id=18f32c7b-b5ba-474c-8dcd-3580ae0d14bc,FirstNumber=628,secondNumber=368}  added by thread pool-3-thread-6
 message  {Id=18f32c7b-b5ba-474c-8dcd-3580ae0d14bc,FirstNumber=628,secondNumber=368}  written to file by thread pool-3-thread-1
 message  {Id=52a5fed5-dfd6-49d3-96b2-5e8f041b0ba5,FirstNumber=141,secondNumber=1921}  added by thread pool-3-thread-6
 message  {Id=52a5fed5-dfd6-49d3-96b2-5e8f041b0ba5,FirstNumber=141,secondNumber=1921}  written to file by thread pool-3-thread-3
 message  {Id=d3daec6f-dc4c-4b65-8189-4ec461e0c903,FirstNumber=531,secondNumber=844}  added by thread pool-3-thread-6
 message  {Id=d3daec6f-dc4c-4b65-8189-4ec461e0c903,FirstNumber=531,secondNumber=844}  written to file by thread pool-3-thread-5
 message  {Id=96dca6b0-4e92-4077-b739-e03267ff8eff,FirstNumber=443,secondNumber=1349}  added by thread pool-3-thread-6
 message  {Id=96dca6b0-4e92-4077-b739-e03267ff8eff,FirstNumber=443,secondNumber=1349}  written to file by thread pool-3-thread-2
 message  {Id=a5701b3d-2e69-4a94-9ce6-899b05de9a89,FirstNumber=777,secondNumber=593}  added by thread pool-3-thread-6
 message  {Id=d573ceaf-1aea-490a-b940-f87bd1966ff4,FirstNumber=914,secondNumber=486}  added by thread pool-3-thread-6
 message  {Id=a5701b3d-2e69-4a94-9ce6-899b05de9a89,FirstNumber=777,secondNumber=593}  written to file by thread pool-3-thread-4
 message  {Id=d573ceaf-1aea-490a-b940-f87bd1966ff4,FirstNumber=914,secondNumber=486}  written to file by thread pool-3-thread-1
 message  {Id=aaba9765-7e1d-475e-b97d-aadb2b74bbb9,FirstNumber=345,secondNumber=1598}  added by thread pool-3-thread-6
 message  {Id=aaba9765-7e1d-475e-b97d-aadb2b74bbb9,FirstNumber=345,secondNumber=1598}  written to file by thread pool-3-thread-3
 message  {Id=fc8a224e-2b73-48ad-bcfb-984f975ef8e9,FirstNumber=581,secondNumber=1687}  added by thread pool-3-thread-6
 message  {Id=fc8a224e-2b73-48ad-bcfb-984f975ef8e9,FirstNumber=581,secondNumber=1687}  written to file by thread pool-3-thread-5
 message  {Id=f367d7f3-b696-4d02-889b-eaefef6c7f84,FirstNumber=348,secondNumber=1797}  added by thread pool-3-thread-6
 message  {Id=f367d7f3-b696-4d02-889b-eaefef6c7f84,FirstNumber=348,secondNumber=1797}  written to file by thread pool-3-thread-2
 message  {Id=b79610f5-7da2-4096-bdb5-5e6a09da262b,FirstNumber=639,secondNumber=84}  added by thread pool-3-thread-6
 message  {Id=b79610f5-7da2-4096-bdb5-5e6a09da262b,FirstNumber=639,secondNumber=84}  written to file by thread pool-3-thread-4
 message  {Id=ffb5b8d5-d7f8-426e-af59-a34602a02677,FirstNumber=883,secondNumber=1473}  added by thread pool-3-thread-6
 message  {Id=ffb5b8d5-d7f8-426e-af59-a34602a02677,FirstNumber=883,secondNumber=1473}  written to file by thread pool-3-thread-4
 message  {Id=25931f05-59ab-4439-b80e-5a8cf23564cb,FirstNumber=789,secondNumber=341}  added by thread pool-3-thread-6
 message  {Id=25931f05-59ab-4439-b80e-5a8cf23564cb,FirstNumber=789,secondNumber=341}  written to file by thread pool-3-thread-3
 message  {Id=05d4d4e7-b39b-4ff9-8ffb-3ff5fc0a4ef1,FirstNumber=675,secondNumber=425}  added by thread pool-3-thread-6
 message  {Id=05d4d4e7-b39b-4ff9-8ffb-3ff5fc0a4ef1,FirstNumber=675,secondNumber=425}  written to file by thread pool-3-thread-5
 message  {Id=20079aef-8637-4661-a0bf-01fe9e3ec1ff,FirstNumber=654,secondNumber=1633}  added by thread pool-3-thread-6
 message  {Id=20079aef-8637-4661-a0bf-01fe9e3ec1ff,FirstNumber=654,secondNumber=1633}  written to file by thread pool-3-thread-2
 message  {Id=345b73c7-3c31-40cd-aca9-75aba2968607,FirstNumber=827,secondNumber=1727}  added by thread pool-3-thread-6
 message  {Id=345b73c7-3c31-40cd-aca9-75aba2968607,FirstNumber=827,secondNumber=1727}  written to file by thread pool-3-thread-1
 message  {Id=5603d422-d826-45de-b310-dab710e44a14,FirstNumber=81,secondNumber=1058}  written to file by thread pool-3-thread-4
 message  {Id=5603d422-d826-45de-b310-dab710e44a14,FirstNumber=81,secondNumber=1058}  added by thread pool-3-thread-6
 message  {Id=5ce5eedf-eb47-4962-8729-78c75a35af1c,FirstNumber=927,secondNumber=1487}  added by thread pool-3-thread-6
 message  {Id=5ce5eedf-eb47-4962-8729-78c75a35af1c,FirstNumber=927,secondNumber=1487}  written to file by thread pool-3-thread-3
 message  {Id=0d883add-1116-44dc-b17a-0bf2ea15b73c,FirstNumber=171,secondNumber=933}  added by thread pool-3-thread-6
 message  {Id=0d883add-1116-44dc-b17a-0bf2ea15b73c,FirstNumber=171,secondNumber=933}  written to file by thread pool-3-thread-3
 message  {Id=2ffbc096-e9bd-47e2-aeb4-ed08bd055899,FirstNumber=533,secondNumber=785}  added by thread pool-3-thread-6
 message  {Id=2ffbc096-e9bd-47e2-aeb4-ed08bd055899,FirstNumber=533,secondNumber=785}  written to file by thread pool-3-thread-2
 message  {Id=5bed94ae-6937-4291-881b-666dc284a724,FirstNumber=232,secondNumber=728}  added by thread pool-3-thread-6
 message  {Id=5bed94ae-6937-4291-881b-666dc284a724,FirstNumber=232,secondNumber=728}  written to file by thread pool-3-thread-2
 message  {Id=dca26090-a68b-456f-b40b-944ea4713df4,FirstNumber=508,secondNumber=1087}  added by thread pool-3-thread-6
 message  {Id=dca26090-a68b-456f-b40b-944ea4713df4,FirstNumber=508,secondNumber=1087}  written to file by thread pool-3-thread-2
 message  {Id=6c60464f-9abe-4e3e-a211-06f35ccab492,FirstNumber=745,secondNumber=1553}  added by thread pool-3-thread-6
 message  {Id=6c60464f-9abe-4e3e-a211-06f35ccab492,FirstNumber=745,secondNumber=1553}  written to file by thread pool-3-thread-5
 message  {Id=f549c15d-4a4a-40b8-8810-e1995807c734,FirstNumber=625,secondNumber=1578}  added by thread pool-3-thread-6
 message  {Id=f549c15d-4a4a-40b8-8810-e1995807c734,FirstNumber=625,secondNumber=1578}  written to file by thread pool-3-thread-3
 message  {Id=346d45c6-c7dd-4015-bb5b-b2133d50627c,FirstNumber=563,secondNumber=353}  added by thread pool-3-thread-6
 message  {Id=346d45c6-c7dd-4015-bb5b-b2133d50627c,FirstNumber=563,secondNumber=353}  written to file by thread pool-3-thread-3
 message  {Id=0c6476df-1fac-4817-866c-ec040f54e0ca,FirstNumber=489,secondNumber=1942}  added by thread pool-3-thread-6
 message  {Id=0c6476df-1fac-4817-866c-ec040f54e0ca,FirstNumber=489,secondNumber=1942}  written to file by thread pool-3-thread-4
 message  {Id=b1e993f5-c729-4b05-beda-f2dd547f2938,FirstNumber=41,secondNumber=249}  added by thread pool-3-thread-6
 message  {Id=b1e993f5-c729-4b05-beda-f2dd547f2938,FirstNumber=41,secondNumber=249}  written to file by thread pool-3-thread-4
 message  {Id=292d338e-6c2b-470f-a5e8-bd661aca2d48,FirstNumber=935,secondNumber=1794}  added by thread pool-3-thread-6
 message  {Id=292d338e-6c2b-470f-a5e8-bd661aca2d48,FirstNumber=935,secondNumber=1794}  written to file by thread pool-3-thread-5
 message  {Id=9fe99e18-9995-41df-b0d4-3c9231b31cd4,FirstNumber=927,secondNumber=1173}  added by thread pool-3-thread-6
 message  {Id=9fe99e18-9995-41df-b0d4-3c9231b31cd4,FirstNumber=927,secondNumber=1173}  written to file by thread pool-3-thread-5
 message  {Id=e741a1f4-1088-4099-abeb-127b553872d3,FirstNumber=384,secondNumber=1772}  added by thread pool-3-thread-6
 message  {Id=e741a1f4-1088-4099-abeb-127b553872d3,FirstNumber=384,secondNumber=1772}  written to file by thread pool-3-thread-3
 message  {Id=b86c8ed0-2ee6-4df0-8cf8-e84fcdab04fe,FirstNumber=967,secondNumber=64}  added by thread pool-3-thread-6
 message  {Id=b86c8ed0-2ee6-4df0-8cf8-e84fcdab04fe,FirstNumber=967,secondNumber=64}  written to file by thread pool-3-thread-2
 message  {Id=c55924ee-95d5-46cd-aabe-4a5da34146ac,FirstNumber=139,secondNumber=398}  added by thread pool-3-thread-6
 message  {Id=c55924ee-95d5-46cd-aabe-4a5da34146ac,FirstNumber=139,secondNumber=398}  written to file by thread pool-3-thread-4
 message  {Id=db84ba2f-9c7d-4284-bcc0-e3310c795767,FirstNumber=562,secondNumber=598}  added by thread pool-3-thread-6
 message  {Id=db84ba2f-9c7d-4284-bcc0-e3310c795767,FirstNumber=562,secondNumber=598}  written to file by thread pool-3-thread-1
 message  {Id=d335b00a-1e73-41e2-9457-a823f9fec49d,FirstNumber=357,secondNumber=327}  added by thread pool-3-thread-6
 message  {Id=d335b00a-1e73-41e2-9457-a823f9fec49d,FirstNumber=357,secondNumber=327}  written to file by thread pool-3-thread-5
 message  {Id=eccfe3a4-ee83-4bc3-acc5-f0c2c6ef981c,FirstNumber=919,secondNumber=1674}  added by thread pool-3-thread-6
 message  {Id=eccfe3a4-ee83-4bc3-acc5-f0c2c6ef981c,FirstNumber=919,secondNumber=1674}  written to file by thread pool-3-thread-5
 message  {Id=a083011c-e99e-4c53-867e-340a31c1416f,FirstNumber=245,secondNumber=1394}  added by thread pool-3-thread-6
 message  {Id=a083011c-e99e-4c53-867e-340a31c1416f,FirstNumber=245,secondNumber=1394}  written to file by thread pool-3-thread-2
 message  {Id=9760fd3b-3648-438e-96d0-10820ad02b92,FirstNumber=949,secondNumber=500}  added by thread pool-3-thread-6
 message  {Id=9760fd3b-3648-438e-96d0-10820ad02b92,FirstNumber=949,secondNumber=500}  written to file by thread pool-3-thread-4
 message  {Id=e7c24b3a-83d8-4bab-b142-0793d1886ec8,FirstNumber=628,secondNumber=77}  added by thread pool-3-thread-6
 message  {Id=e7c24b3a-83d8-4bab-b142-0793d1886ec8,FirstNumber=628,secondNumber=77}  written to file by thread pool-3-thread-1
 message  {Id=1b1aff2e-34f0-4d3d-af99-744c3cd59aaa,FirstNumber=141,secondNumber=1491}  added by thread pool-3-thread-6
 message  {Id=1b1aff2e-34f0-4d3d-af99-744c3cd59aaa,FirstNumber=141,secondNumber=1491}  written to file by thread pool-3-thread-1
 message  {Id=94467915-15cb-41f4-b12f-3cc1aff6ecd3,FirstNumber=877,secondNumber=66}  added by thread pool-3-thread-6
 message  {Id=94467915-15cb-41f4-b12f-3cc1aff6ecd3,FirstNumber=877,secondNumber=66}  written to file by thread pool-3-thread-5
 message  {Id=71d6852d-1d99-4dc3-b651-7144c83386d5,FirstNumber=270,secondNumber=1695}  added by thread pool-3-thread-6
 message  {Id=71d6852d-1d99-4dc3-b651-7144c83386d5,FirstNumber=270,secondNumber=1695}  written to file by thread pool-3-thread-2
 message  {Id=d1f62068-fdf9-4523-a5c2-39a1a4b72ae8,FirstNumber=395,secondNumber=1546}  added by thread pool-3-thread-6
 message  {Id=d1f62068-fdf9-4523-a5c2-39a1a4b72ae8,FirstNumber=395,secondNumber=1546}  written to file by thread pool-3-thread-4
 message  {Id=89b37094-8344-47d1-9091-066d2f6c0e2b,FirstNumber=868,secondNumber=516}  added by thread pool-3-thread-6
 message  {Id=89b37094-8344-47d1-9091-066d2f6c0e2b,FirstNumber=868,secondNumber=516}  written to file by thread pool-3-thread-4
 message  {Id=7b62d984-5896-45b4-98b3-9000c811481b,FirstNumber=73,secondNumber=803}  added by thread pool-3-thread-6
 message  {Id=7b62d984-5896-45b4-98b3-9000c811481b,FirstNumber=73,secondNumber=803}  written to file by thread pool-3-thread-1
 message  {Id=0192874c-392f-42df-a8a4-f8ce24ae49f3,FirstNumber=468,secondNumber=1192}  added by thread pool-3-thread-6
 message  {Id=0192874c-392f-42df-a8a4-f8ce24ae49f3,FirstNumber=468,secondNumber=1192}  written to file by thread pool-3-thread-5
 message  {Id=ff14eca2-e57d-46b2-99eb-864a9c4a65a0,FirstNumber=293,secondNumber=512}  added by thread pool-3-thread-6
 message  {Id=ff14eca2-e57d-46b2-99eb-864a9c4a65a0,FirstNumber=293,secondNumber=512}  written to file by thread pool-3-thread-5
 message  {Id=d49fe75f-36ff-4230-a896-4fbe6904e7b6,FirstNumber=73,secondNumber=1740}  added by thread pool-3-thread-6
 message  {Id=d49fe75f-36ff-4230-a896-4fbe6904e7b6,FirstNumber=73,secondNumber=1740}  written to file by thread pool-3-thread-3
 message  {Id=31f9cbd8-5357-40b1-9d70-ca4d906665b8,FirstNumber=408,secondNumber=131}  added by thread pool-3-thread-6
 message  {Id=31f9cbd8-5357-40b1-9d70-ca4d906665b8,FirstNumber=408,secondNumber=131}  written to file by thread pool-3-thread-4
 message  {Id=c85a724b-28cc-479e-8f1a-9d99b598e20b,FirstNumber=140,secondNumber=604}  added by thread pool-3-thread-6
 message  {Id=c85a724b-28cc-479e-8f1a-9d99b598e20b,FirstNumber=140,secondNumber=604}  written to file by thread pool-3-thread-1
 message  {Id=07535911-816e-4313-9db5-8fb50dd1db84,FirstNumber=128,secondNumber=991}  added by thread pool-3-thread-6
 message  {Id=07535911-816e-4313-9db5-8fb50dd1db84,FirstNumber=128,secondNumber=991}  written to file by thread pool-3-thread-2
 message  {Id=f742bfdf-4930-4989-a2b7-c8c99fe2ba1e,FirstNumber=614,secondNumber=1153}  added by thread pool-3-thread-6
 message  {Id=f742bfdf-4930-4989-a2b7-c8c99fe2ba1e,FirstNumber=614,secondNumber=1153}  written to file by thread pool-3-thread-1
 message  {Id=fa32ea91-96f5-4551-af7a-1cc34770b6c4,FirstNumber=454,secondNumber=1022}  added by thread pool-3-thread-6
 message  {Id=fa32ea91-96f5-4551-af7a-1cc34770b6c4,FirstNumber=454,secondNumber=1022}  written to file by thread pool-3-thread-3
 message  {Id=d2e79a56-ad81-455f-8d5e-e47ca2435685,FirstNumber=548,secondNumber=268}  added by thread pool-3-thread-6
 message  {Id=d2e79a56-ad81-455f-8d5e-e47ca2435685,FirstNumber=548,secondNumber=268}  written to file by thread pool-3-thread-3
 message  {Id=fc535076-d8c6-4e81-bb52-0d34508a35cd,FirstNumber=691,secondNumber=1695}  added by thread pool-3-thread-6
 message  {Id=fc535076-d8c6-4e81-bb52-0d34508a35cd,FirstNumber=691,secondNumber=1695}  written to file by thread pool-3-thread-2
 message  {Id=f52b305a-61c6-491b-aa39-62bdbc6d3e62,FirstNumber=610,secondNumber=779}  written to file by thread pool-3-thread-2
 message  {Id=f52b305a-61c6-491b-aa39-62bdbc6d3e62,FirstNumber=610,secondNumber=779}  added by thread pool-3-thread-6
 message  {Id=da2b2b99-e70e-47ae-a966-9c6fd6b44b04,FirstNumber=193,secondNumber=1910}  added by thread pool-3-thread-6
 message  {Id=da2b2b99-e70e-47ae-a966-9c6fd6b44b04,FirstNumber=193,secondNumber=1910}  written to file by thread pool-3-thread-1
 message  {Id=7a2ae10d-8a14-429c-a100-9f6bfb2e66ea,FirstNumber=322,secondNumber=804}  added by thread pool-3-thread-6
 message  {Id=7a2ae10d-8a14-429c-a100-9f6bfb2e66ea,FirstNumber=322,secondNumber=804}  written to file by thread pool-3-thread-1
 message  {Id=24f1d18c-5b5b-4a7c-add5-d7f1ae80f366,FirstNumber=548,secondNumber=1251}  added by thread pool-3-thread-6
 message  {Id=24f1d18c-5b5b-4a7c-add5-d7f1ae80f366,FirstNumber=548,secondNumber=1251}  written to file by thread pool-3-thread-3
 message  {Id=252db0e4-f860-4a3e-b1fd-361b97800386,FirstNumber=767,secondNumber=1338}  added by thread pool-3-thread-6
 message  {Id=252db0e4-f860-4a3e-b1fd-361b97800386,FirstNumber=767,secondNumber=1338}  written to file by thread pool-3-thread-3
 message  {Id=f8f37c95-932f-4ab2-a873-28840a69e87b,FirstNumber=58,secondNumber=1422}  added by thread pool-3-thread-6
 message  {Id=f8f37c95-932f-4ab2-a873-28840a69e87b,FirstNumber=58,secondNumber=1422}  written to file by thread pool-3-thread-2
 message  {Id=11add280-3c23-47ad-9c1f-10bfc2c73b8b,FirstNumber=718,secondNumber=266}  added by thread pool-3-thread-6
 message  {Id=11add280-3c23-47ad-9c1f-10bfc2c73b8b,FirstNumber=718,secondNumber=266}  written to file by thread pool-3-thread-2
 message  {Id=d0181fd4-1fb7-4c53-b672-e5ff65c9ce2c,FirstNumber=570,secondNumber=66}  added by thread pool-3-thread-6
 message  {Id=d0181fd4-1fb7-4c53-b672-e5ff65c9ce2c,FirstNumber=570,secondNumber=66}  written to file by thread pool-3-thread-1
 message  {Id=1b2fa6b5-af3c-488b-85d0-ab4b75d446ec,FirstNumber=188,secondNumber=13}  added by thread pool-3-thread-6
 message  {Id=1b2fa6b5-af3c-488b-85d0-ab4b75d446ec,FirstNumber=188,secondNumber=13}  written to file by thread pool-3-thread-5
 message  {Id=c67aa5d6-48ca-4eea-bca4-762180ebd99f,FirstNumber=487,secondNumber=1362}  added by thread pool-3-thread-6
 message  {Id=c67aa5d6-48ca-4eea-bca4-762180ebd99f,FirstNumber=487,secondNumber=1362}  written to file by thread pool-3-thread-3
 message  {Id=159f9679-a733-4e5f-aeb8-f5ce5dbf1195,FirstNumber=372,secondNumber=557}  added by thread pool-3-thread-6
 message  {Id=159f9679-a733-4e5f-aeb8-f5ce5dbf1195,FirstNumber=372,secondNumber=557}  written to file by thread pool-3-thread-3
 message  {Id=8f0316cb-c098-45d8-8ce0-4a7d99fa2b98,FirstNumber=10,secondNumber=455}  added by thread pool-3-thread-6
 message  {Id=8f0316cb-c098-45d8-8ce0-4a7d99fa2b98,FirstNumber=10,secondNumber=455}  written to file by thread pool-3-thread-2
 message  {Id=c08dc1ea-bdc8-4b76-84d8-787b37d7fab5,FirstNumber=204,secondNumber=1986}  added by thread pool-3-thread-6
 message  {Id=c08dc1ea-bdc8-4b76-84d8-787b37d7fab5,FirstNumber=204,secondNumber=1986}  written to file by thread pool-3-thread-2
 message  {Id=be0fae9d-e8ce-4c45-9f55-108d41c945a1,FirstNumber=28,secondNumber=1903}  added by thread pool-3-thread-6
 message  {Id=be0fae9d-e8ce-4c45-9f55-108d41c945a1,FirstNumber=28,secondNumber=1903}  written to file by thread pool-3-thread-5
 message  {Id=e3debdff-3c3a-4f13-9dc3-3858995e0a30,FirstNumber=504,secondNumber=1974}  added by thread pool-3-thread-6
 message  {Id=e3debdff-3c3a-4f13-9dc3-3858995e0a30,FirstNumber=504,secondNumber=1974}  written to file by thread pool-3-thread-5
 message  {Id=b0282d49-7c96-4e2d-8699-9a4012427065,FirstNumber=71,secondNumber=999}  added by thread pool-3-thread-6
 message  {Id=b0282d49-7c96-4e2d-8699-9a4012427065,FirstNumber=71,secondNumber=999}  written to file by thread pool-3-thread-3
 message  {Id=17137641-0cf2-4375-a493-2b6a146ff275,FirstNumber=517,secondNumber=1803}  written to file by thread pool-3-thread-3
 message  {Id=17137641-0cf2-4375-a493-2b6a146ff275,FirstNumber=517,secondNumber=1803}  added by thread pool-3-thread-6
 message  {Id=f5ff3eab-c2bb-40ec-8faf-2814c1bc65d3,FirstNumber=960,secondNumber=1242}  added by thread pool-3-thread-6
 message  {Id=f5ff3eab-c2bb-40ec-8faf-2814c1bc65d3,FirstNumber=960,secondNumber=1242}  written to file by thread pool-3-thread-2
 message  {Id=84b4d7eb-bdcc-427c-a611-17d30d051909,FirstNumber=526,secondNumber=799}  added by thread pool-3-thread-6
 message  {Id=84b4d7eb-bdcc-427c-a611-17d30d051909,FirstNumber=526,secondNumber=799}  written to file by thread pool-3-thread-2
 message  {Id=384b4694-73ca-4c7d-9aaa-1ac26c10d3ad,FirstNumber=792,secondNumber=1193}  added by thread pool-3-thread-6
 message  {Id=384b4694-73ca-4c7d-9aaa-1ac26c10d3ad,FirstNumber=792,secondNumber=1193}  written to file by thread pool-3-thread-5
 message  {Id=244d9b5c-8ad8-4e3f-8f91-8b86d41798f3,FirstNumber=99,secondNumber=826}  added by thread pool-3-thread-6
 message  {Id=244d9b5c-8ad8-4e3f-8f91-8b86d41798f3,FirstNumber=99,secondNumber=826}  written to file by thread pool-3-thread-1
 message  {Id=8be6f276-340d-4290-8b8e-203ed25ac302,FirstNumber=256,secondNumber=1777}  added by thread pool-3-thread-6
 message  {Id=8be6f276-340d-4290-8b8e-203ed25ac302,FirstNumber=256,secondNumber=1777}  written to file by thread pool-3-thread-3
 message  {Id=aa430cf4-c12b-47f5-bb40-f75c83255a75,FirstNumber=549,secondNumber=1285}  added by thread pool-3-thread-6
 message  {Id=aa430cf4-c12b-47f5-bb40-f75c83255a75,FirstNumber=549,secondNumber=1285}  written to file by thread pool-3-thread-3
 message  {Id=0171efc3-1143-47a6-8879-970656734971,FirstNumber=398,secondNumber=1681}  added by thread pool-3-thread-6
 message  {Id=0171efc3-1143-47a6-8879-970656734971,FirstNumber=398,secondNumber=1681}  written to file by thread pool-3-thread-2
 message  {Id=6b4f7eb9-f9be-433e-ae92-03674456edd3,FirstNumber=901,secondNumber=266}  added by thread pool-3-thread-6
 message  {Id=6b4f7eb9-f9be-433e-ae92-03674456edd3,FirstNumber=901,secondNumber=266}  written to file by thread pool-3-thread-2
 message  {Id=517b60a3-22da-49bf-ab28-fdd2892142ec,FirstNumber=470,secondNumber=1698}  added by thread pool-3-thread-6
 message  {Id=517b60a3-22da-49bf-ab28-fdd2892142ec,FirstNumber=470,secondNumber=1698}  written to file by thread pool-3-thread-1
 message  {Id=227b261b-b91e-4357-b8ed-33b6a13c4f93,FirstNumber=100,secondNumber=1332}  added by thread pool-3-thread-6
 message  {Id=227b261b-b91e-4357-b8ed-33b6a13c4f93,FirstNumber=100,secondNumber=1332}  written to file by thread pool-3-thread-4
 message  {Id=7effff86-5204-40ca-adbf-ee48b8d11336,FirstNumber=682,secondNumber=739}  added by thread pool-3-thread-6
 message  {Id=7effff86-5204-40ca-adbf-ee48b8d11336,FirstNumber=682,secondNumber=739}  written to file by thread pool-3-thread-3
 message  {Id=518cc93e-b8b9-47af-90e1-88519e66a54d,FirstNumber=353,secondNumber=1783}  added by thread pool-3-thread-6
 message  {Id=518cc93e-b8b9-47af-90e1-88519e66a54d,FirstNumber=353,secondNumber=1783}  written to file by thread pool-3-thread-3
 message  {Id=b2f11e4b-0fbf-4a3c-82d0-f7157ad29b73,FirstNumber=629,secondNumber=1904}  added by thread pool-3-thread-6
 message  {Id=b2f11e4b-0fbf-4a3c-82d0-f7157ad29b73,FirstNumber=629,secondNumber=1904}  written to file by thread pool-3-thread-2
 message  {Id=bde045a4-d522-43a3-872c-d68473d316c5,FirstNumber=717,secondNumber=1640}  added by thread pool-3-thread-6
 message  {Id=bde045a4-d522-43a3-872c-d68473d316c5,FirstNumber=717,secondNumber=1640}  written to file by thread pool-3-thread-2
 message  {Id=8906224d-2f85-4d70-b6e5-780756d66469,FirstNumber=290,secondNumber=306}  added by thread pool-3-thread-6
 message  {Id=8906224d-2f85-4d70-b6e5-780756d66469,FirstNumber=290,secondNumber=306}  written to file by thread pool-3-thread-4
 message  {Id=3b126859-ea7e-4d79-92aa-26866bda6cb9,FirstNumber=430,secondNumber=24}  added by thread pool-3-thread-6
 message  {Id=3b126859-ea7e-4d79-92aa-26866bda6cb9,FirstNumber=430,secondNumber=24}  written to file by thread pool-3-thread-4
 message  {Id=bb107df1-561c-413d-a767-5497de0446c9,FirstNumber=279,secondNumber=319}  added by thread pool-3-thread-6
 message  {Id=bb107df1-561c-413d-a767-5497de0446c9,FirstNumber=279,secondNumber=319}  written to file by thread pool-3-thread-3
 message  {Id=10befdf6-cef8-4b26-bdbd-8ed1aa367604,FirstNumber=173,secondNumber=1006}  added by thread pool-3-thread-6
 message  {Id=10befdf6-cef8-4b26-bdbd-8ed1aa367604,FirstNumber=173,secondNumber=1006}  written to file by thread pool-3-thread-3
 message  {Id=1338f773-1c63-4717-8c46-9494f41ac56a,FirstNumber=231,secondNumber=1141}  added by thread pool-3-thread-6
 message  {Id=1338f773-1c63-4717-8c46-9494f41ac56a,FirstNumber=231,secondNumber=1141}  written to file by thread pool-3-thread-2
 message  {Id=23930893-a4ce-4e15-857d-d61854120a25,FirstNumber=877,secondNumber=1800}  added by thread pool-3-thread-6
 message  {Id=23930893-a4ce-4e15-857d-d61854120a25,FirstNumber=877,secondNumber=1800}  written to file by thread pool-3-thread-2
 message  {Id=0a27f376-eae0-40df-a44c-04426681defc,FirstNumber=857,secondNumber=995}  added by thread pool-3-thread-6
 message  {Id=0a27f376-eae0-40df-a44c-04426681defc,FirstNumber=857,secondNumber=995}  written to file by thread pool-3-thread-4
 message  {Id=9c657faf-1908-4a17-98c7-3020583cc9ce,FirstNumber=118,secondNumber=379}  added by thread pool-3-thread-6
 message  {Id=9c657faf-1908-4a17-98c7-3020583cc9ce,FirstNumber=118,secondNumber=379}  written to file by thread pool-3-thread-1
 message  {Id=a8661e85-68a3-4138-b193-e6f2af3bd8a3,FirstNumber=153,secondNumber=246}  added by thread pool-3-thread-6
 message  {Id=a8661e85-68a3-4138-b193-e6f2af3bd8a3,FirstNumber=153,secondNumber=246}  written to file by thread pool-3-thread-3
 message  {Id=7a750430-7933-4f42-bc0f-3a4656d4bef4,FirstNumber=438,secondNumber=182}  added by thread pool-3-thread-6
 message  {Id=7a750430-7933-4f42-bc0f-3a4656d4bef4,FirstNumber=438,secondNumber=182}  written to file by thread pool-3-thread-3
 message  {Id=b816fbf3-dbbf-459a-a457-2cbbc97f2548,FirstNumber=118,secondNumber=995}  added by thread pool-3-thread-6
 message  {Id=b816fbf3-dbbf-459a-a457-2cbbc97f2548,FirstNumber=118,secondNumber=995}  written to file by thread pool-3-thread-2
 message  {Id=36d72b0c-3c4c-4893-ba65-ee642a950291,FirstNumber=871,secondNumber=220}  added by thread pool-3-thread-6
 message  {Id=36d72b0c-3c4c-4893-ba65-ee642a950291,FirstNumber=871,secondNumber=220}  written to file by thread pool-3-thread-2
 message  {Id=cb5b7c0a-5ce4-42e2-b07f-46b355667845,FirstNumber=216,secondNumber=528}  added by thread pool-3-thread-6
 message  {Id=cb5b7c0a-5ce4-42e2-b07f-46b355667845,FirstNumber=216,secondNumber=528}  written to file by thread pool-3-thread-1
 message  {Id=302e9551-7010-423b-ba11-19cd3e7e2bfc,FirstNumber=952,secondNumber=1383}  added by thread pool-3-thread-6
 message  {Id=302e9551-7010-423b-ba11-19cd3e7e2bfc,FirstNumber=952,secondNumber=1383}  written to file by thread pool-3-thread-5
 message  {Id=64b51767-4c42-418a-86fc-3313973c07fd,FirstNumber=943,secondNumber=391}  added by thread pool-3-thread-6
 message  {Id=64b51767-4c42-418a-86fc-3313973c07fd,FirstNumber=943,secondNumber=391}  written to file by thread pool-3-thread-5
 message  {Id=f112b2c1-9bf3-408b-9461-c982871a073b,FirstNumber=213,secondNumber=483}  added by thread pool-3-thread-6
 message  {Id=f112b2c1-9bf3-408b-9461-c982871a073b,FirstNumber=213,secondNumber=483}  written to file by thread pool-3-thread-4
 message  {Id=d91c6c25-394c-42a9-9b73-74166cc6b312,FirstNumber=930,secondNumber=1254}  added by thread pool-3-thread-6
 message  {Id=d91c6c25-394c-42a9-9b73-74166cc6b312,FirstNumber=930,secondNumber=1254}  written to file by thread pool-3-thread-2
 message  {Id=398a08f5-46af-42d2-a8be-904d11483d39,FirstNumber=296,secondNumber=1104}  added by thread pool-3-thread-6
 message  {Id=398a08f5-46af-42d2-a8be-904d11483d39,FirstNumber=296,secondNumber=1104}  written to file by thread pool-3-thread-1
 message  {Id=0dcc7749-573b-440d-a587-17aba3b1c393,FirstNumber=252,secondNumber=1198}  added by thread pool-3-thread-6
 message  {Id=0dcc7749-573b-440d-a587-17aba3b1c393,FirstNumber=252,secondNumber=1198}  written to file by thread pool-3-thread-3
 message  {Id=8384e124-522a-4f2f-9011-7f6b02619dcf,FirstNumber=841,secondNumber=344}  added by thread pool-3-thread-6
 message  {Id=8384e124-522a-4f2f-9011-7f6b02619dcf,FirstNumber=841,secondNumber=344}  written to file by thread pool-3-thread-5
 message  {Id=48aca0a6-e0d1-450f-a5a1-7192b849766f,FirstNumber=273,secondNumber=177}  added by thread pool-3-thread-6
 message  {Id=48aca0a6-e0d1-450f-a5a1-7192b849766f,FirstNumber=273,secondNumber=177}  written to file by thread pool-3-thread-4
 message  {Id=11bd3533-4266-467b-90bc-0e82b28cd750,FirstNumber=923,secondNumber=932}  added by thread pool-3-thread-6
 message  {Id=11bd3533-4266-467b-90bc-0e82b28cd750,FirstNumber=923,secondNumber=932}  written to file by thread pool-3-thread-2
 message  {Id=b5ff96cd-f2a0-4e94-b855-fcb405deb911,FirstNumber=840,secondNumber=146}  added by thread pool-3-thread-6
 message  {Id=b5ff96cd-f2a0-4e94-b855-fcb405deb911,FirstNumber=840,secondNumber=146}  written to file by thread pool-3-thread-1
 message  {Id=0ce4a442-76c7-43b5-afbf-46475c41e1b9,FirstNumber=395,secondNumber=1249}  added by thread pool-3-thread-6
 message  {Id=0ce4a442-76c7-43b5-afbf-46475c41e1b9,FirstNumber=395,secondNumber=1249}  written to file by thread pool-3-thread-1
 message  {Id=33086edc-0697-4056-904c-a37b8ccf03ac,FirstNumber=804,secondNumber=471}  added by thread pool-3-thread-6
 message  {Id=33086edc-0697-4056-904c-a37b8ccf03ac,FirstNumber=804,secondNumber=471}  written to file by thread pool-3-thread-5
 message  {Id=4d699dec-936f-4b7d-894f-37057d3d12d2,FirstNumber=338,secondNumber=355}  added by thread pool-3-thread-6
 message  {Id=4d699dec-936f-4b7d-894f-37057d3d12d2,FirstNumber=338,secondNumber=355}  written to file by thread pool-3-thread-4
 message  {Id=573deb54-17b0-4cf3-a1a9-034ff24e5cc9,FirstNumber=979,secondNumber=788}  added by thread pool-3-thread-6
 message  {Id=573deb54-17b0-4cf3-a1a9-034ff24e5cc9,FirstNumber=979,secondNumber=788}  written to file by thread pool-3-thread-2
 message  {Id=d07054c0-a21d-4d44-938c-b4f38e3a2487,FirstNumber=519,secondNumber=410}  added by thread pool-3-thread-6
 message  {Id=d07054c0-a21d-4d44-938c-b4f38e3a2487,FirstNumber=519,secondNumber=410}  written to file by thread pool-3-thread-2
 message  {Id=6afd0243-200a-4edd-898d-003fc7760ca1,FirstNumber=223,secondNumber=701}  added by thread pool-3-thread-6
 message  {Id=6afd0243-200a-4edd-898d-003fc7760ca1,FirstNumber=223,secondNumber=701}  written to file by thread pool-3-thread-1
 message  {Id=650aee38-106b-44cd-87f1-642298d92be1,FirstNumber=247,secondNumber=763}  added by thread pool-3-thread-6
 message  {Id=650aee38-106b-44cd-87f1-642298d92be1,FirstNumber=247,secondNumber=763}  written to file by thread pool-3-thread-5
 message  {Id=0cdf9d91-56a9-4132-8218-5dde579d2c82,FirstNumber=264,secondNumber=1354}  added by thread pool-3-thread-6
 message  {Id=0cdf9d91-56a9-4132-8218-5dde579d2c82,FirstNumber=264,secondNumber=1354}  written to file by thread pool-3-thread-4
 message  {Id=63fcf76d-8396-4751-8e9f-0691bcf557af,FirstNumber=151,secondNumber=838}  added by thread pool-3-thread-6
 message  {Id=63fcf76d-8396-4751-8e9f-0691bcf557af,FirstNumber=151,secondNumber=838}  written to file by thread pool-3-thread-4
 message  {Id=91770cea-e67c-48e3-b781-e26e251b758c,FirstNumber=187,secondNumber=1444}  added by thread pool-3-thread-6
 message  {Id=91770cea-e67c-48e3-b781-e26e251b758c,FirstNumber=187,secondNumber=1444}  written to file by thread pool-3-thread-2
 message  {Id=3154f2e5-5415-46fd-8dfe-56c2d06d379a,FirstNumber=150,secondNumber=771}  added by thread pool-3-thread-6
 message  {Id=3154f2e5-5415-46fd-8dfe-56c2d06d379a,FirstNumber=150,secondNumber=771}  written to file by thread pool-3-thread-2
 message  {Id=c717ba51-453b-421c-ba88-cba889014388,FirstNumber=657,secondNumber=325}  added by thread pool-3-thread-6
 message  {Id=c717ba51-453b-421c-ba88-cba889014388,FirstNumber=657,secondNumber=325}  written to file by thread pool-3-thread-5
 message  {Id=08ed0540-ee3e-496c-aa6a-a9e84f7465e2,FirstNumber=673,secondNumber=408}  added by thread pool-3-thread-6
 message  {Id=08ed0540-ee3e-496c-aa6a-a9e84f7465e2,FirstNumber=673,secondNumber=408}  written to file by thread pool-3-thread-3
 message  {Id=d9bf7212-e6ab-460f-a415-ca9ec5b56b91,FirstNumber=761,secondNumber=1481}  added by thread pool-3-thread-6
 message  {Id=d9bf7212-e6ab-460f-a415-ca9ec5b56b91,FirstNumber=761,secondNumber=1481}  written to file by thread pool-3-thread-3
 message  {Id=56f032f1-6a4d-4b7f-8bcd-030f419e5652,FirstNumber=257,secondNumber=1517}  added by thread pool-3-thread-6
 message  {Id=56f032f1-6a4d-4b7f-8bcd-030f419e5652,FirstNumber=257,secondNumber=1517}  written to file by thread pool-3-thread-1
 message  {Id=4c8746fd-0fb2-4555-bec8-980fd1e75a28,FirstNumber=326,secondNumber=472}  added by thread pool-3-thread-6
 message  {Id=4c8746fd-0fb2-4555-bec8-980fd1e75a28,FirstNumber=326,secondNumber=472}  written to file by thread pool-3-thread-2
 message  {Id=cddcba4d-3e83-4638-a46c-87b0e73f67ec,FirstNumber=907,secondNumber=267}  added by thread pool-3-thread-6
 message  {Id=cddcba4d-3e83-4638-a46c-87b0e73f67ec,FirstNumber=907,secondNumber=267}  written to file by thread pool-3-thread-2
 message  {Id=67b1ab3f-b8ce-4c39-99ad-daa209e54ced,FirstNumber=74,secondNumber=1877}  added by thread pool-3-thread-6
 message  {Id=67b1ab3f-b8ce-4c39-99ad-daa209e54ced,FirstNumber=74,secondNumber=1877}  written to file by thread pool-3-thread-4
 message  {Id=b05d0b35-42bb-434f-b14b-b6879b9046c8,FirstNumber=844,secondNumber=958}  added by thread pool-3-thread-6
 message  {Id=b05d0b35-42bb-434f-b14b-b6879b9046c8,FirstNumber=844,secondNumber=958}  written to file by thread pool-3-thread-4
 message  {Id=6e5970d9-1155-457a-9e65-b2cf6f745800,FirstNumber=305,secondNumber=1694}  added by thread pool-3-thread-6
 message  {Id=6e5970d9-1155-457a-9e65-b2cf6f745800,FirstNumber=305,secondNumber=1694}  written to file by thread pool-3-thread-1
 message  {Id=caaa03d5-6b07-4d12-8bc5-54b0fc0b3df1,FirstNumber=879,secondNumber=1076}  added by thread pool-3-thread-6
 message  {Id=caaa03d5-6b07-4d12-8bc5-54b0fc0b3df1,FirstNumber=879,secondNumber=1076}  written to file by thread pool-3-thread-1
 message  {Id=44c775c7-a3c4-4517-be7c-191fa53b34e9,FirstNumber=386,secondNumber=1177}  added by thread pool-3-thread-6
 message  {Id=44c775c7-a3c4-4517-be7c-191fa53b34e9,FirstNumber=386,secondNumber=1177}  written to file by thread pool-3-thread-2
 message  {Id=65acd3a7-9bfd-4935-b72d-0b29a1c4cd37,FirstNumber=89,secondNumber=1943}  added by thread pool-3-thread-6
 message  {Id=65acd3a7-9bfd-4935-b72d-0b29a1c4cd37,FirstNumber=89,secondNumber=1943}  written to file by thread pool-3-thread-3
 message  {Id=4a5f06a5-7401-45ce-93b2-215a2143b3b5,FirstNumber=32,secondNumber=587}  added by thread pool-3-thread-6
 message  {Id=4a5f06a5-7401-45ce-93b2-215a2143b3b5,FirstNumber=32,secondNumber=587}  written to file by thread pool-3-thread-3
 message  {Id=c4393bbd-4d2d-490d-b6be-136623bdf7f4,FirstNumber=428,secondNumber=1673}  added by thread pool-3-thread-6
 message  {Id=c4393bbd-4d2d-490d-b6be-136623bdf7f4,FirstNumber=428,secondNumber=1673}  written to file by thread pool-3-thread-3
 message  {Id=b598dc78-5ec6-46e1-bcf0-24fb4570321b,FirstNumber=933,secondNumber=396}  added by thread pool-3-thread-6
 message  {Id=b598dc78-5ec6-46e1-bcf0-24fb4570321b,FirstNumber=933,secondNumber=396}  written to file by thread pool-3-thread-1
 message  {Id=c853d8bb-00ce-490c-8817-c46f5e576733,FirstNumber=144,secondNumber=1785}  added by thread pool-3-thread-6
 message  {Id=c853d8bb-00ce-490c-8817-c46f5e576733,FirstNumber=144,secondNumber=1785}  written to file by thread pool-3-thread-2
 message  {Id=b97457b2-dfb5-47cf-a073-3ce3a73cd307,FirstNumber=51,secondNumber=1343}  added by thread pool-3-thread-6
 message  {Id=b97457b2-dfb5-47cf-a073-3ce3a73cd307,FirstNumber=51,secondNumber=1343}  written to file by thread pool-3-thread-4
 message  {Id=2dd7d94a-717e-471d-bacb-115528ede77a,FirstNumber=541,secondNumber=1495}  added by thread pool-3-thread-6
 message  {Id=2dd7d94a-717e-471d-bacb-115528ede77a,FirstNumber=541,secondNumber=1495}  written to file by thread pool-3-thread-4
 message  {Id=4700cd6d-0658-4009-b60e-7b0e76635651,FirstNumber=724,secondNumber=886}  added by thread pool-3-thread-6
 message  {Id=4700cd6d-0658-4009-b60e-7b0e76635651,FirstNumber=724,secondNumber=886}  written to file by thread pool-3-thread-3
 message  {Id=5d39d2b0-2b30-4bb1-84ee-a2e6e81651c1,FirstNumber=564,secondNumber=467}  added by thread pool-3-thread-6
 message  {Id=5d39d2b0-2b30-4bb1-84ee-a2e6e81651c1,FirstNumber=564,secondNumber=467}  written to file by thread pool-3-thread-1
 message  {Id=15a9f7a5-8b63-43d4-8d1d-3eaa05fe8feb,FirstNumber=79,secondNumber=1235}  added by thread pool-3-thread-6
 message  {Id=15a9f7a5-8b63-43d4-8d1d-3eaa05fe8feb,FirstNumber=79,secondNumber=1235}  written to file by thread pool-3-thread-1
 message  {Id=c62ab8fd-7740-46ac-8873-06e8e0c27f6e,FirstNumber=182,secondNumber=79}  added by thread pool-3-thread-6
 message  {Id=c62ab8fd-7740-46ac-8873-06e8e0c27f6e,FirstNumber=182,secondNumber=79}  written to file by thread pool-3-thread-5
 message  {Id=d084f9d2-315d-46e8-9668-06d2fdc57d93,FirstNumber=424,secondNumber=408}  added by thread pool-3-thread-6
 message  {Id=d084f9d2-315d-46e8-9668-06d2fdc57d93,FirstNumber=424,secondNumber=408}  written to file by thread pool-3-thread-5
 message  {Id=3994523f-f7df-4af4-b5af-a02deb1a46fc,FirstNumber=319,secondNumber=1626}  added by thread pool-3-thread-6
 message  {Id=3994523f-f7df-4af4-b5af-a02deb1a46fc,FirstNumber=319,secondNumber=1626}  written to file by thread pool-3-thread-3
 message  {Id=9ff0eb19-8e14-45d4-82a7-65c078156f85,FirstNumber=946,secondNumber=64}  added by thread pool-3-thread-6
 message  {Id=9ff0eb19-8e14-45d4-82a7-65c078156f85,FirstNumber=946,secondNumber=64}  written to file by thread pool-3-thread-2
 message  {Id=d6d759b3-5660-48b9-9f65-cad531c1d6d8,FirstNumber=414,secondNumber=378}  added by thread pool-3-thread-6
 message  {Id=d6d759b3-5660-48b9-9f65-cad531c1d6d8,FirstNumber=414,secondNumber=378}  written to file by thread pool-3-thread-1
 message  {Id=0abd69ad-b024-4c83-a5b6-6abb79c309ef,FirstNumber=199,secondNumber=798}  added by thread pool-3-thread-6
 message  {Id=0abd69ad-b024-4c83-a5b6-6abb79c309ef,FirstNumber=199,secondNumber=798}  written to file by thread pool-3-thread-4
 message  {Id=50910a9f-1763-44f8-b127-f0bd4ce4a464,FirstNumber=456,secondNumber=51}  added by thread pool-3-thread-6
 message  {Id=50910a9f-1763-44f8-b127-f0bd4ce4a464,FirstNumber=456,secondNumber=51}  written to file by thread pool-3-thread-4
 message  {Id=88a78341-3567-4255-84a3-54df0ba4135e,FirstNumber=983,secondNumber=1047}  added by thread pool-3-thread-6
 message  {Id=88a78341-3567-4255-84a3-54df0ba4135e,FirstNumber=983,secondNumber=1047}  written to file by thread pool-3-thread-3
 message  {Id=94288a4d-f501-43c9-8695-238258a87552,FirstNumber=191,secondNumber=975}  added by thread pool-3-thread-6
 message  {Id=94288a4d-f501-43c9-8695-238258a87552,FirstNumber=191,secondNumber=975}  written to file by thread pool-3-thread-2
 message  {Id=76ff5063-1523-4ae9-afd7-96b431649600,FirstNumber=28,secondNumber=1607}  added by thread pool-3-thread-6
 message  {Id=76ff5063-1523-4ae9-afd7-96b431649600,FirstNumber=28,secondNumber=1607}  written to file by thread pool-3-thread-1
 message  {Id=caf4bdc6-ef1f-4d27-a7bc-3304c99d46ec,FirstNumber=402,secondNumber=1529}  added by thread pool-3-thread-6
 message  {Id=caf4bdc6-ef1f-4d27-a7bc-3304c99d46ec,FirstNumber=402,secondNumber=1529}  written to file by thread pool-3-thread-5
 message  {Id=9deb72ca-8194-4090-a462-ace607079cf8,FirstNumber=964,secondNumber=970}  added by thread pool-3-thread-6
 message  {Id=9deb72ca-8194-4090-a462-ace607079cf8,FirstNumber=964,secondNumber=970}  written to file by thread pool-3-thread-5
 message  {Id=458059d6-d616-4d80-8e6e-860c490e8799,FirstNumber=840,secondNumber=674}  added by thread pool-3-thread-6
 message  {Id=458059d6-d616-4d80-8e6e-860c490e8799,FirstNumber=840,secondNumber=674}  written to file by thread pool-3-thread-3
 message  {Id=38e15ff5-8115-4d01-81db-f7c8b93411ff,FirstNumber=55,secondNumber=1358}  added by thread pool-3-thread-6
 message  {Id=38e15ff5-8115-4d01-81db-f7c8b93411ff,FirstNumber=55,secondNumber=1358}  written to file by thread pool-3-thread-2
 message  {Id=592e2947-78a7-4cca-bb67-763b868b16a1,FirstNumber=291,secondNumber=1047}  added by thread pool-3-thread-6
 message  {Id=592e2947-78a7-4cca-bb67-763b868b16a1,FirstNumber=291,secondNumber=1047}  written to file by thread pool-3-thread-1
 message  {Id=1ec12ec3-4eb9-4f12-be4d-db1dc276da1a,FirstNumber=341,secondNumber=1268}  added by thread pool-3-thread-6
 message  {Id=1ec12ec3-4eb9-4f12-be4d-db1dc276da1a,FirstNumber=341,secondNumber=1268}  written to file by thread pool-3-thread-4
 message  {Id=6beae57b-82fe-442c-8def-f074e1dddcea,FirstNumber=866,secondNumber=779}  added by thread pool-3-thread-6
 message  {Id=6beae57b-82fe-442c-8def-f074e1dddcea,FirstNumber=866,secondNumber=779}  written to file by thread pool-3-thread-4
 message  {Id=fef6657f-cd0e-4bc7-9702-7537ba2c4b00,FirstNumber=973,secondNumber=1005}  added by thread pool-3-thread-6
 message  {Id=fef6657f-cd0e-4bc7-9702-7537ba2c4b00,FirstNumber=973,secondNumber=1005}  written to file by thread pool-3-thread-4
 message  {Id=32604d7a-fb6f-4979-ab69-22de828beca1,FirstNumber=359,secondNumber=1201}  added by thread pool-3-thread-6
 message  {Id=32604d7a-fb6f-4979-ab69-22de828beca1,FirstNumber=359,secondNumber=1201}  written to file by thread pool-3-thread-2
 message  {Id=c3052864-d689-4b27-8dab-ebac8bd5c5bf,FirstNumber=768,secondNumber=843}  added by thread pool-3-thread-6
 message  {Id=c3052864-d689-4b27-8dab-ebac8bd5c5bf,FirstNumber=768,secondNumber=843}  written to file by thread pool-3-thread-1
 message  {Id=45d4a8bd-2cc2-412b-b9c6-bc61a4b87cba,FirstNumber=554,secondNumber=667}  added by thread pool-3-thread-6
 message  {Id=45d4a8bd-2cc2-412b-b9c6-bc61a4b87cba,FirstNumber=554,secondNumber=667}  written to file by thread pool-3-thread-5
 message  {Id=ad11a7b1-ee9b-4173-ab6b-fe3f5ca895c6,FirstNumber=559,secondNumber=1076}  added by thread pool-3-thread-6
 message  {Id=ad11a7b1-ee9b-4173-ab6b-fe3f5ca895c6,FirstNumber=559,secondNumber=1076}  written to file by thread pool-3-thread-5
 message  {Id=d993cb0d-cf2b-403f-a5aa-ed3ee1f7fcb8,FirstNumber=885,secondNumber=891}  added by thread pool-3-thread-6
 message  {Id=d993cb0d-cf2b-403f-a5aa-ed3ee1f7fcb8,FirstNumber=885,secondNumber=891}  written to file by thread pool-3-thread-4
 message  {Id=87433484-0315-44ec-84ad-295c8b37c5ba,FirstNumber=158,secondNumber=285}  added by thread pool-3-thread-6
 message  {Id=87433484-0315-44ec-84ad-295c8b37c5ba,FirstNumber=158,secondNumber=285}  written to file by thread pool-3-thread-2
 message  {Id=4cd0e4bf-f764-4e98-b98e-b634191ca93c,FirstNumber=727,secondNumber=1661}  added by thread pool-3-thread-6
 message  {Id=4cd0e4bf-f764-4e98-b98e-b634191ca93c,FirstNumber=727,secondNumber=1661}  written to file by thread pool-3-thread-2
 message  {Id=87f34f72-b182-446a-bb07-762750b9dcf7,FirstNumber=210,secondNumber=1125}  added by thread pool-3-thread-6
 message  {Id=87f34f72-b182-446a-bb07-762750b9dcf7,FirstNumber=210,secondNumber=1125}  written to file by thread pool-3-thread-3
 message  {Id=21ab6658-9a9c-4d32-9cb7-c92aa128357a,FirstNumber=33,secondNumber=591}  added by thread pool-3-thread-6
 message  {Id=21ab6658-9a9c-4d32-9cb7-c92aa128357a,FirstNumber=33,secondNumber=591}  written to file by thread pool-3-thread-5
 message  {Id=67a3a937-0b42-469f-898e-b5578118e319,FirstNumber=613,secondNumber=1685}  added by thread pool-3-thread-6
 message  {Id=67a3a937-0b42-469f-898e-b5578118e319,FirstNumber=613,secondNumber=1685}  written to file by thread pool-3-thread-4
 message  {Id=c4bacd11-54bb-4d7c-9592-9c0208a38ac6,FirstNumber=570,secondNumber=201}  added by thread pool-3-thread-6
 message  {Id=c4bacd11-54bb-4d7c-9592-9c0208a38ac6,FirstNumber=570,secondNumber=201}  written to file by thread pool-3-thread-1
 message  {Id=ad69da77-6756-4843-838d-b2ca2991e68e,FirstNumber=415,secondNumber=1175}  added by thread pool-3-thread-6
 message  {Id=ad69da77-6756-4843-838d-b2ca2991e68e,FirstNumber=415,secondNumber=1175}  written to file by thread pool-3-thread-2
 message  {Id=61fa3381-8cca-404b-a3ea-4b14933780ba,FirstNumber=561,secondNumber=139}  added by thread pool-3-thread-6
 message  {Id=61fa3381-8cca-404b-a3ea-4b14933780ba,FirstNumber=561,secondNumber=139}  written to file by thread pool-3-thread-3
 message  {Id=8036619d-1a3f-4625-8cb6-60d2ac06bd70,FirstNumber=866,secondNumber=744}  added by thread pool-3-thread-6
 message  {Id=8036619d-1a3f-4625-8cb6-60d2ac06bd70,FirstNumber=866,secondNumber=744}  written to file by thread pool-3-thread-5
 message  {Id=6b517afe-4021-431e-bcd2-3f33528c5629,FirstNumber=577,secondNumber=1363}  added by thread pool-3-thread-6
 message  {Id=6b517afe-4021-431e-bcd2-3f33528c5629,FirstNumber=577,secondNumber=1363}  written to file by thread pool-3-thread-5
 message  {Id=d8aefeea-a5fa-437b-b725-a3034f5108ac,FirstNumber=459,secondNumber=1452}  added by thread pool-3-thread-6
 message  {Id=d8aefeea-a5fa-437b-b725-a3034f5108ac,FirstNumber=459,secondNumber=1452}  written to file by thread pool-3-thread-1
 message  {Id=6bbaf840-aff0-4ee5-8ade-c5d7ed0e4b1c,FirstNumber=435,secondNumber=11}  added by thread pool-3-thread-6
 message  {Id=6bbaf840-aff0-4ee5-8ade-c5d7ed0e4b1c,FirstNumber=435,secondNumber=11}  written to file by thread pool-3-thread-2
 message  {Id=8842f508-1a66-4fea-bef7-9c64bcf29b3b,FirstNumber=840,secondNumber=1860}  added by thread pool-3-thread-6
 message  {Id=8842f508-1a66-4fea-bef7-9c64bcf29b3b,FirstNumber=840,secondNumber=1860}  written to file by thread pool-3-thread-3
 message  {Id=0e97a93a-98be-4ca0-b7f0-365aad5fc208,FirstNumber=21,secondNumber=524}  added by thread pool-3-thread-6
 message  {Id=0e97a93a-98be-4ca0-b7f0-365aad5fc208,FirstNumber=21,secondNumber=524}  written to file by thread pool-3-thread-4
 message  {Id=6ad9480e-d261-4381-9c50-b39dccf561a2,FirstNumber=240,secondNumber=1341}  added by thread pool-3-thread-6
 message  {Id=6ad9480e-d261-4381-9c50-b39dccf561a2,FirstNumber=240,secondNumber=1341}  written to file by thread pool-3-thread-5
 message  {Id=f53cb286-d323-468a-922d-03aab2629844,FirstNumber=478,secondNumber=742}  added by thread pool-3-thread-6
 message  {Id=f53cb286-d323-468a-922d-03aab2629844,FirstNumber=478,secondNumber=742}  written to file by thread pool-3-thread-5
 message  {Id=4af68e76-3a05-4190-9d13-3a4ae9bc065f,FirstNumber=839,secondNumber=1857}  added by thread pool-3-thread-6
 message  {Id=4af68e76-3a05-4190-9d13-3a4ae9bc065f,FirstNumber=839,secondNumber=1857}  written to file by thread pool-3-thread-2
 message  {Id=b60c9a3c-ef07-41be-874c-6d6b4381a2bc,FirstNumber=628,secondNumber=1882}  added by thread pool-3-thread-6
 message  {Id=b60c9a3c-ef07-41be-874c-6d6b4381a2bc,FirstNumber=628,secondNumber=1882}  written to file by thread pool-3-thread-2
 message  {Id=9353df09-e855-4617-90ae-020ea000eeb0,FirstNumber=841,secondNumber=1588}  added by thread pool-3-thread-6
 message  {Id=9353df09-e855-4617-90ae-020ea000eeb0,FirstNumber=841,secondNumber=1588}  written to file by thread pool-3-thread-4
 message  {Id=1ffd08bc-b0eb-4a4d-8706-8692838bb366,FirstNumber=432,secondNumber=55}  written to file by thread pool-3-thread-4
 message  {Id=1ffd08bc-b0eb-4a4d-8706-8692838bb366,FirstNumber=432,secondNumber=55}  added by thread pool-3-thread-6
 message  {Id=f965a2ee-7b8e-4460-9c4f-f6856e1e8b28,FirstNumber=434,secondNumber=1779}  added by thread pool-3-thread-6
 message  {Id=f965a2ee-7b8e-4460-9c4f-f6856e1e8b28,FirstNumber=434,secondNumber=1779}  written to file by thread pool-3-thread-5
 message  {Id=fcbb3db6-c6d0-4a9a-bdc6-b70421526d95,FirstNumber=685,secondNumber=334}  added by thread pool-3-thread-6
 message  {Id=fcbb3db6-c6d0-4a9a-bdc6-b70421526d95,FirstNumber=685,secondNumber=334}  written to file by thread pool-3-thread-5
 message  {Id=be0f0b95-b52a-44ce-9cf3-f5ba04c0712d,FirstNumber=832,secondNumber=248}  added by thread pool-3-thread-6
 message  {Id=be0f0b95-b52a-44ce-9cf3-f5ba04c0712d,FirstNumber=832,secondNumber=248}  written to file by thread pool-3-thread-2
 message  {Id=1f163564-87af-4cdc-9441-9907d4bd2b37,FirstNumber=282,secondNumber=1872}  added by thread pool-3-thread-6
 message  {Id=1f163564-87af-4cdc-9441-9907d4bd2b37,FirstNumber=282,secondNumber=1872}  written to file by thread pool-3-thread-2
 message  {Id=bb016e0e-1b05-4f9f-af2c-15ef6fb6cdf7,FirstNumber=821,secondNumber=150}  added by thread pool-3-thread-6
 message  {Id=bb016e0e-1b05-4f9f-af2c-15ef6fb6cdf7,FirstNumber=821,secondNumber=150}  written to file by thread pool-3-thread-4
 message  {Id=e09cfd49-894e-4927-9041-5e26d3d83110,FirstNumber=839,secondNumber=281}  added by thread pool-3-thread-6
 message  {Id=e09cfd49-894e-4927-9041-5e26d3d83110,FirstNumber=839,secondNumber=281}  written to file by thread pool-3-thread-3
 message  {Id=52673c4c-434a-4c68-9357-3bba161b6137,FirstNumber=872,secondNumber=1273}  added by thread pool-3-thread-6
 message  {Id=52673c4c-434a-4c68-9357-3bba161b6137,FirstNumber=872,secondNumber=1273}  written to file by thread pool-3-thread-5
 message  {Id=701b6058-7765-476c-aee5-84215513d9d6,FirstNumber=885,secondNumber=1026}  added by thread pool-3-thread-6
 message  {Id=701b6058-7765-476c-aee5-84215513d9d6,FirstNumber=885,secondNumber=1026}  written to file by thread pool-3-thread-1
 message  {Id=be9daee0-0a6d-4a47-b4df-c6d0ea502da0,FirstNumber=365,secondNumber=215}  added by thread pool-3-thread-6
 message  {Id=be9daee0-0a6d-4a47-b4df-c6d0ea502da0,FirstNumber=365,secondNumber=215}  written to file by thread pool-3-thread-2
 message  {Id=727f7191-b18c-467d-951a-57ed2ab55044,FirstNumber=322,secondNumber=1295}  added by thread pool-3-thread-6
 message  {Id=727f7191-b18c-467d-951a-57ed2ab55044,FirstNumber=322,secondNumber=1295}  written to file by thread pool-3-thread-4
 message  {Id=ace78499-2160-4618-940f-6bdbdfc5d54f,FirstNumber=928,secondNumber=1283}  added by thread pool-3-thread-6
 message  {Id=ace78499-2160-4618-940f-6bdbdfc5d54f,FirstNumber=928,secondNumber=1283}  written to file by thread pool-3-thread-3
 message  {Id=a9743b99-7887-4329-a075-7094cdd0667c,FirstNumber=104,secondNumber=1957}  added by thread pool-3-thread-6
 message  {Id=a9743b99-7887-4329-a075-7094cdd0667c,FirstNumber=104,secondNumber=1957}  written to file by thread pool-3-thread-5
 message  {Id=3ee13cf0-e9ed-4133-b5db-3f5c62b9c3c2,FirstNumber=883,secondNumber=511}  added by thread pool-3-thread-6
 message  {Id=3ee13cf0-e9ed-4133-b5db-3f5c62b9c3c2,FirstNumber=883,secondNumber=511}  written to file by thread pool-3-thread-1
 message  {Id=4015e443-5abd-4a0b-94bb-c4be61d44524,FirstNumber=358,secondNumber=1125}  added by thread pool-3-thread-6
 message  {Id=4015e443-5abd-4a0b-94bb-c4be61d44524,FirstNumber=358,secondNumber=1125}  written to file by thread pool-3-thread-2
 message  {Id=c38d5842-dccb-4327-a298-135cbb790d8a,FirstNumber=705,secondNumber=1556}  added by thread pool-3-thread-6
 message  {Id=c38d5842-dccb-4327-a298-135cbb790d8a,FirstNumber=705,secondNumber=1556}  written to file by thread pool-3-thread-4
 message  {Id=a0b56476-8015-41e7-ab59-923d22c619ca,FirstNumber=984,secondNumber=576}  added by thread pool-3-thread-6
 message  {Id=a0b56476-8015-41e7-ab59-923d22c619ca,FirstNumber=984,secondNumber=576}  written to file by thread pool-3-thread-3
 message  {Id=592a174a-51dc-486a-99a1-3215690aa008,FirstNumber=749,secondNumber=1606}  added by thread pool-3-thread-6
 message  {Id=592a174a-51dc-486a-99a1-3215690aa008,FirstNumber=749,secondNumber=1606}  written to file by thread pool-3-thread-5
 message  {Id=93f22417-d859-4235-9f36-b8e67a4a2fed,FirstNumber=809,secondNumber=811}  added by thread pool-3-thread-6
 message  {Id=93f22417-d859-4235-9f36-b8e67a4a2fed,FirstNumber=809,secondNumber=811}  written to file by thread pool-3-thread-1
 message  {Id=7b683aff-60fc-4528-8fc2-3999f6b2f8b0,FirstNumber=907,secondNumber=395}  added by thread pool-3-thread-6
 message  {Id=7b683aff-60fc-4528-8fc2-3999f6b2f8b0,FirstNumber=907,secondNumber=395}  written to file by thread pool-3-thread-2
 message  {Id=d277cd89-9f81-431a-a2c7-7f07e3d82013,FirstNumber=428,secondNumber=1714}  added by thread pool-3-thread-6
 message  {Id=d277cd89-9f81-431a-a2c7-7f07e3d82013,FirstNumber=428,secondNumber=1714}  written to file by thread pool-3-thread-4
 message  {Id=5c96acf0-fd90-4292-83c6-98f8164e523c,FirstNumber=960,secondNumber=1719}  added by thread pool-3-thread-6
 message  {Id=5c96acf0-fd90-4292-83c6-98f8164e523c,FirstNumber=960,secondNumber=1719}  written to file by thread pool-3-thread-3
 message  {Id=e0d56a6f-c41b-4dfc-b740-da40b99cee94,FirstNumber=461,secondNumber=564}  added by thread pool-3-thread-6
 message  {Id=e0d56a6f-c41b-4dfc-b740-da40b99cee94,FirstNumber=461,secondNumber=564}  written to file by thread pool-3-thread-5
 message  {Id=f1ef1c42-86a2-4e13-91fd-8658b358452f,FirstNumber=636,secondNumber=382}  added by thread pool-3-thread-6
 message  {Id=f1ef1c42-86a2-4e13-91fd-8658b358452f,FirstNumber=636,secondNumber=382}  written to file by thread pool-3-thread-1
 message  {Id=f4dbbe89-95f2-4e75-817e-ec51f6644273,FirstNumber=765,secondNumber=353}  added by thread pool-3-thread-6
 message  {Id=f4dbbe89-95f2-4e75-817e-ec51f6644273,FirstNumber=765,secondNumber=353}  written to file by thread pool-3-thread-2
 message  {Id=30b81555-60ad-466f-bd0a-3095706b434c,FirstNumber=794,secondNumber=1783}  added by thread pool-3-thread-6
 message  {Id=30b81555-60ad-466f-bd0a-3095706b434c,FirstNumber=794,secondNumber=1783}  written to file by thread pool-3-thread-4
 message  {Id=f2998061-cfee-4e5c-aca1-f5f930d05b78,FirstNumber=190,secondNumber=420}  written to file by thread pool-3-thread-4
 message  {Id=f2998061-cfee-4e5c-aca1-f5f930d05b78,FirstNumber=190,secondNumber=420}  added by thread pool-3-thread-6
 message  {Id=a81d859a-e191-4339-a989-9a7107436034,FirstNumber=214,secondNumber=1368}  added by thread pool-3-thread-6
 message  {Id=a81d859a-e191-4339-a989-9a7107436034,FirstNumber=214,secondNumber=1368}  written to file by thread pool-3-thread-5
 message  {Id=c24438fe-6c84-4662-b21c-3dd6a9697cb1,FirstNumber=440,secondNumber=449}  added by thread pool-3-thread-6
 message  {Id=c24438fe-6c84-4662-b21c-3dd6a9697cb1,FirstNumber=440,secondNumber=449}  written to file by thread pool-3-thread-1
 message  {Id=01ec3abc-4e09-45e5-acd7-a20934084321,FirstNumber=941,secondNumber=951}  added by thread pool-3-thread-6
 message  {Id=01ec3abc-4e09-45e5-acd7-a20934084321,FirstNumber=941,secondNumber=951}  written to file by thread pool-3-thread-2
 message  {Id=24ad537c-1bd3-4987-aa8e-799c808dbcc4,FirstNumber=15,secondNumber=1096}  added by thread pool-3-thread-6
 message  {Id=24ad537c-1bd3-4987-aa8e-799c808dbcc4,FirstNumber=15,secondNumber=1096}  written to file by thread pool-3-thread-3
 message  {Id=b8feb5f1-5801-4c62-982d-f2c875e5e7fd,FirstNumber=457,secondNumber=812}  added by thread pool-3-thread-6
 message  {Id=b8feb5f1-5801-4c62-982d-f2c875e5e7fd,FirstNumber=457,secondNumber=812}  written to file by thread pool-3-thread-3
 message  {Id=7a94f882-2c6b-4631-9db7-0cfda7ac6261,FirstNumber=10,secondNumber=428}  added by thread pool-3-thread-6
 message  {Id=7a94f882-2c6b-4631-9db7-0cfda7ac6261,FirstNumber=10,secondNumber=428}  written to file by thread pool-3-thread-5
 message  {Id=dd29995e-a5ee-47ae-81e5-34ddbd6889c8,FirstNumber=82,secondNumber=1823}  added by thread pool-3-thread-6
 message  {Id=685ab11a-a84b-48f8-981d-bc1f171f763b,FirstNumber=525,secondNumber=683}  added by thread pool-3-thread-6
 message  {Id=dd29995e-a5ee-47ae-81e5-34ddbd6889c8,FirstNumber=82,secondNumber=1823}  written to file by thread pool-3-thread-1
 message  {Id=685ab11a-a84b-48f8-981d-bc1f171f763b,FirstNumber=525,secondNumber=683}  written to file by thread pool-3-thread-2
 message  {Id=09880c10-6b40-4c59-92b4-bf7b4c41278e,FirstNumber=766,secondNumber=1291}  added by thread pool-3-thread-6
 message  {Id=09880c10-6b40-4c59-92b4-bf7b4c41278e,FirstNumber=766,secondNumber=1291}  written to file by thread pool-3-thread-4
 message  {Id=9492918c-835a-4c97-a7e5-9f499c9082b4,FirstNumber=622,secondNumber=890}  added by thread pool-3-thread-6
 message  {Id=9492918c-835a-4c97-a7e5-9f499c9082b4,FirstNumber=622,secondNumber=890}  written to file by thread pool-3-thread-4
 message  {Id=15f263b7-596a-4e83-8cc1-7bd6cdba40d9,FirstNumber=20,secondNumber=1843}  added by thread pool-3-thread-6
 message  {Id=15f263b7-596a-4e83-8cc1-7bd6cdba40d9,FirstNumber=20,secondNumber=1843}  written to file by thread pool-3-thread-5
 message  {Id=715ac985-6683-49b5-b66f-d0a54d6c9490,FirstNumber=155,secondNumber=1336}  added by thread pool-3-thread-6
 message  {Id=715ac985-6683-49b5-b66f-d0a54d6c9490,FirstNumber=155,secondNumber=1336}  written to file by thread pool-3-thread-1
 message  {Id=34e24ee8-385e-4283-ab8f-06a115508f86,FirstNumber=209,secondNumber=1727}  added by thread pool-3-thread-6
 message  {Id=34e24ee8-385e-4283-ab8f-06a115508f86,FirstNumber=209,secondNumber=1727}  written to file by thread pool-3-thread-2
 message  {Id=b5491db1-609d-434b-a093-0f494ea2be22,FirstNumber=46,secondNumber=220}  added by thread pool-3-thread-6
 message  {Id=b5491db1-609d-434b-a093-0f494ea2be22,FirstNumber=46,secondNumber=220}  written to file by thread pool-3-thread-3
 message  {Id=a7e7065c-16e3-4f53-8cf1-e1878ed52c67,FirstNumber=236,secondNumber=793}  added by thread pool-3-thread-6
 message  {Id=a7e7065c-16e3-4f53-8cf1-e1878ed52c67,FirstNumber=236,secondNumber=793}  written to file by thread pool-3-thread-3
 message  {Id=58855651-8c7a-4358-9ecd-40cd502857f4,FirstNumber=687,secondNumber=1483}  added by thread pool-3-thread-6
 message  {Id=58855651-8c7a-4358-9ecd-40cd502857f4,FirstNumber=687,secondNumber=1483}  written to file by thread pool-3-thread-5
 message  {Id=30e021a7-6ac5-4c11-a4f8-6912d3fc74a5,FirstNumber=56,secondNumber=205}  added by thread pool-3-thread-6
 message  {Id=30e021a7-6ac5-4c11-a4f8-6912d3fc74a5,FirstNumber=56,secondNumber=205}  written to file by thread pool-3-thread-1
 message  {Id=7e671675-d199-4838-92e6-919e256e0d0b,FirstNumber=994,secondNumber=1361}  added by thread pool-3-thread-6
 message  {Id=7e671675-d199-4838-92e6-919e256e0d0b,FirstNumber=994,secondNumber=1361}  written to file by thread pool-3-thread-2
 message  {Id=9eb07db8-32ce-4c12-9f89-89cd5ea7bad0,FirstNumber=850,secondNumber=1791}  added by thread pool-3-thread-6
 message  {Id=9eb07db8-32ce-4c12-9f89-89cd5ea7bad0,FirstNumber=850,secondNumber=1791}  written to file by thread pool-3-thread-4
 message  {Id=4ee061c2-81a5-4608-a9f9-77d8d0b73a5d,FirstNumber=977,secondNumber=1870}  added by thread pool-3-thread-6
 message  {Id=4ee061c2-81a5-4608-a9f9-77d8d0b73a5d,FirstNumber=977,secondNumber=1870}  written to file by thread pool-3-thread-4
 message  {Id=f5e12e69-e1f6-4046-bf00-23dfbba26b07,FirstNumber=996,secondNumber=1295}  added by thread pool-3-thread-6
 message  {Id=f5e12e69-e1f6-4046-bf00-23dfbba26b07,FirstNumber=996,secondNumber=1295}  written to file by thread pool-3-thread-5
 message  {Id=06cc28d6-33b8-4d2c-9e99-a0e6221049fa,FirstNumber=570,secondNumber=1060}  added by thread pool-3-thread-6
 message  {Id=06cc28d6-33b8-4d2c-9e99-a0e6221049fa,FirstNumber=570,secondNumber=1060}  written to file by thread pool-3-thread-5
 message  {Id=09af0d6b-a791-45aa-90d0-ba3c3f97f8e8,FirstNumber=643,secondNumber=1827}  added by thread pool-3-thread-6
 message  {Id=09af0d6b-a791-45aa-90d0-ba3c3f97f8e8,FirstNumber=643,secondNumber=1827}  written to file by thread pool-3-thread-5
 message  {Id=50a11544-75e9-42b7-b48d-637c7ebcd60e,FirstNumber=699,secondNumber=1859}  added by thread pool-3-thread-6
 message  {Id=50a11544-75e9-42b7-b48d-637c7ebcd60e,FirstNumber=699,secondNumber=1859}  written to file by thread pool-3-thread-3
 message  {Id=00181a3b-639e-4d88-ac75-b30c5e938a02,FirstNumber=980,secondNumber=142}  added by thread pool-3-thread-6
 message  {Id=00181a3b-639e-4d88-ac75-b30c5e938a02,FirstNumber=980,secondNumber=142}  written to file by thread pool-3-thread-4
 message  {Id=ccc1126e-1741-4574-aecf-5bba37add560,FirstNumber=900,secondNumber=1459}  added by thread pool-3-thread-6
 message  {Id=ccc1126e-1741-4574-aecf-5bba37add560,FirstNumber=900,secondNumber=1459}  written to file by thread pool-3-thread-4
 message  {Id=eac0c056-caac-41c6-919e-c7b307872512,FirstNumber=943,secondNumber=970}  added by thread pool-3-thread-6
 message  {Id=eac0c056-caac-41c6-919e-c7b307872512,FirstNumber=943,secondNumber=970}  written to file by thread pool-3-thread-2
 message  {Id=9ad1e654-9a7e-47a1-aba8-da5e185ef451,FirstNumber=708,secondNumber=1383}  added by thread pool-3-thread-6
 message  {Id=9ad1e654-9a7e-47a1-aba8-da5e185ef451,FirstNumber=708,secondNumber=1383}  written to file by thread pool-3-thread-2
 message  {Id=e0d3dac0-c6d1-4358-8c1c-2510b42eb82e,FirstNumber=24,secondNumber=1143}  added by thread pool-3-thread-6
 message  {Id=e0d3dac0-c6d1-4358-8c1c-2510b42eb82e,FirstNumber=24,secondNumber=1143}  written to file by thread pool-3-thread-3
 message  {Id=5f8a0f1a-2b17-4106-af15-a76ffaa54373,FirstNumber=40,secondNumber=1871}  added by thread pool-3-thread-6
 message  {Id=5f8a0f1a-2b17-4106-af15-a76ffaa54373,FirstNumber=40,secondNumber=1871}  written to file by thread pool-3-thread-1
 message  {Id=9a0d4f19-896c-4662-9099-c72dac6b4057,FirstNumber=849,secondNumber=263}  added by thread pool-3-thread-6
 message  {Id=9a0d4f19-896c-4662-9099-c72dac6b4057,FirstNumber=849,secondNumber=263}  written to file by thread pool-3-thread-1
 message  {Id=535d8c51-52c2-4b32-84fe-3ca1d0c9df84,FirstNumber=307,secondNumber=1416}  added by thread pool-3-thread-6
 message  {Id=535d8c51-52c2-4b32-84fe-3ca1d0c9df84,FirstNumber=307,secondNumber=1416}  written to file by thread pool-3-thread-5
 message  {Id=e3bd0518-fc4f-4ad2-bbb9-d4ffabea7865,FirstNumber=828,secondNumber=352}  added by thread pool-3-thread-6
 message  {Id=e3bd0518-fc4f-4ad2-bbb9-d4ffabea7865,FirstNumber=828,secondNumber=352}  written to file by thread pool-3-thread-2
 message  {Id=8e9b6503-4510-437c-b1eb-1bb471bb2eee,FirstNumber=287,secondNumber=1129}  added by thread pool-3-thread-6
 message  {Id=8e9b6503-4510-437c-b1eb-1bb471bb2eee,FirstNumber=287,secondNumber=1129}  written to file by thread pool-3-thread-2
 message  {Id=fc3e9fa4-96fd-4d02-95e4-a380dbc409bd,FirstNumber=862,secondNumber=1904}  added by thread pool-3-thread-6
 message  {Id=fc3e9fa4-96fd-4d02-95e4-a380dbc409bd,FirstNumber=862,secondNumber=1904}  written to file by thread pool-3-thread-4
 message  {Id=d131d7b5-34d7-455d-9dc3-8de1be07f5de,FirstNumber=361,secondNumber=1052}  added by thread pool-3-thread-6
 message  {Id=d131d7b5-34d7-455d-9dc3-8de1be07f5de,FirstNumber=361,secondNumber=1052}  written to file by thread pool-3-thread-4
 message  {Id=6aa03b6c-9dc3-4d78-bc3a-a0c5eb324d81,FirstNumber=620,secondNumber=59}  added by thread pool-3-thread-6
 message  {Id=6aa03b6c-9dc3-4d78-bc3a-a0c5eb324d81,FirstNumber=620,secondNumber=59}  written to file by thread pool-3-thread-5
 message  {Id=b5d77a2a-9202-452d-8a64-cd1aef219685,FirstNumber=931,secondNumber=1058}  added by thread pool-3-thread-6
 message  {Id=b5d77a2a-9202-452d-8a64-cd1aef219685,FirstNumber=931,secondNumber=1058}  written to file by thread pool-3-thread-3
 message  {Id=2a336cac-deb9-49b1-9ac3-38b9d13d5a83,FirstNumber=713,secondNumber=1721}  added by thread pool-3-thread-6
 message  {Id=2a336cac-deb9-49b1-9ac3-38b9d13d5a83,FirstNumber=713,secondNumber=1721}  written to file by thread pool-3-thread-2
 message  {Id=7e6a8954-0004-4aa4-9ebd-428a4f243531,FirstNumber=486,secondNumber=438}  added by thread pool-3-thread-6
 message  {Id=7e6a8954-0004-4aa4-9ebd-428a4f243531,FirstNumber=486,secondNumber=438}  written to file by thread pool-3-thread-1
 message  {Id=0aeac0eb-78e0-4f85-9f1c-e7ee8ca38c22,FirstNumber=393,secondNumber=327}  added by thread pool-3-thread-6
 message  {Id=0aeac0eb-78e0-4f85-9f1c-e7ee8ca38c22,FirstNumber=393,secondNumber=327}  written to file by thread pool-3-thread-4
 message  {Id=71a14da4-8e15-4762-9913-93ecb092f809,FirstNumber=76,secondNumber=1472}  added by thread pool-3-thread-6
 message  {Id=71a14da4-8e15-4762-9913-93ecb092f809,FirstNumber=76,secondNumber=1472}  written to file by thread pool-3-thread-5
 message  {Id=37d42e9e-0ab2-4c26-b9b1-bca6d37b26b8,FirstNumber=412,secondNumber=1076}  added by thread pool-3-thread-6
 message  {Id=37d42e9e-0ab2-4c26-b9b1-bca6d37b26b8,FirstNumber=412,secondNumber=1076}  written to file by thread pool-3-thread-3
 message  {Id=5c2439e5-f1d6-458f-a41f-f6ec83ddd109,FirstNumber=39,secondNumber=381}  added by thread pool-3-thread-6
 message  {Id=5c2439e5-f1d6-458f-a41f-f6ec83ddd109,FirstNumber=39,secondNumber=381}  written to file by thread pool-3-thread-3
 message  {Id=f2dd7f31-f6f0-4365-a6ff-9a1f809aef34,FirstNumber=252,secondNumber=1460}  added by thread pool-3-thread-6
 message  {Id=f2dd7f31-f6f0-4365-a6ff-9a1f809aef34,FirstNumber=252,secondNumber=1460}  written to file by thread pool-3-thread-1
 message  {Id=63da97f0-1151-4b65-9a9f-1cf8d3aff158,FirstNumber=93,secondNumber=1397}  added by thread pool-3-thread-6
 message  {Id=63da97f0-1151-4b65-9a9f-1cf8d3aff158,FirstNumber=93,secondNumber=1397}  written to file by thread pool-3-thread-4
 message  {Id=1efe1119-ca36-4ce3-8e5f-1f83fccaec8f,FirstNumber=813,secondNumber=897}  added by thread pool-3-thread-6
 message  {Id=1efe1119-ca36-4ce3-8e5f-1f83fccaec8f,FirstNumber=813,secondNumber=897}  written to file by thread pool-3-thread-5
 message  {Id=44979254-cdd8-4a6a-99da-9713f8bce1fd,FirstNumber=130,secondNumber=1313}  added by thread pool-3-thread-6
 message  {Id=44979254-cdd8-4a6a-99da-9713f8bce1fd,FirstNumber=130,secondNumber=1313}  written to file by thread pool-3-thread-2
 message  {Id=0e9c355a-b7fe-4759-8bcc-78b37a0ab8b3,FirstNumber=943,secondNumber=1055}  added by thread pool-3-thread-6
 message  {Id=0e9c355a-b7fe-4759-8bcc-78b37a0ab8b3,FirstNumber=943,secondNumber=1055}  written to file by thread pool-3-thread-3
 message  {Id=49e45ced-541e-4be4-8f6a-6395149aef39,FirstNumber=688,secondNumber=1675}  added by thread pool-3-thread-6
 message  {Id=49e45ced-541e-4be4-8f6a-6395149aef39,FirstNumber=688,secondNumber=1675}  written to file by thread pool-3-thread-3
 message  {Id=737a54c3-4270-43d3-a315-8b9f4e42082d,FirstNumber=782,secondNumber=363}  added by thread pool-3-thread-6
 message  {Id=737a54c3-4270-43d3-a315-8b9f4e42082d,FirstNumber=782,secondNumber=363}  written to file by thread pool-3-thread-4
 message  {Id=ccb7697d-ed04-46c8-a4b1-1724f3d25fe0,FirstNumber=143,secondNumber=1048}  added by thread pool-3-thread-6
 message  {Id=ccb7697d-ed04-46c8-a4b1-1724f3d25fe0,FirstNumber=143,secondNumber=1048}  written to file by thread pool-3-thread-5
 message  {Id=9b6ff506-ff47-406e-96ab-dbf5e6a9c67d,FirstNumber=82,secondNumber=448}  added by thread pool-3-thread-6
 message  {Id=9b6ff506-ff47-406e-96ab-dbf5e6a9c67d,FirstNumber=82,secondNumber=448}  written to file by thread pool-3-thread-5
 message  {Id=9914af92-213b-404c-9289-81cb4773a143,FirstNumber=604,secondNumber=419}  added by thread pool-3-thread-6
 message  {Id=9914af92-213b-404c-9289-81cb4773a143,FirstNumber=604,secondNumber=419}  written to file by thread pool-3-thread-1
 message  {Id=4b62777f-2ae5-4960-8c65-b73dda0c3527,FirstNumber=128,secondNumber=661}  added by thread pool-3-thread-6
 message  {Id=4b62777f-2ae5-4960-8c65-b73dda0c3527,FirstNumber=128,secondNumber=661}  written to file by thread pool-3-thread-3
 message  {Id=9a673ae5-7ceb-4cf5-a438-1e5ae875ce70,FirstNumber=163,secondNumber=761}  added by thread pool-3-thread-6
 message  {Id=9a673ae5-7ceb-4cf5-a438-1e5ae875ce70,FirstNumber=163,secondNumber=761}  written to file by thread pool-3-thread-4
 message  {Id=6e238259-6e66-4d84-aabe-38b84719b03b,FirstNumber=252,secondNumber=993}  added by thread pool-3-thread-6
 message  {Id=6e238259-6e66-4d84-aabe-38b84719b03b,FirstNumber=252,secondNumber=993}  written to file by thread pool-3-thread-4
 message  {Id=b970e094-16fd-45d2-a4ef-b566969ce121,FirstNumber=942,secondNumber=381}  added by thread pool-3-thread-6
 message  {Id=b970e094-16fd-45d2-a4ef-b566969ce121,FirstNumber=942,secondNumber=381}  written to file by thread pool-3-thread-5
 message  {Id=69f07f80-59f2-4659-98a4-593c1eddef36,FirstNumber=427,secondNumber=1560}  added by thread pool-3-thread-6
 message  {Id=69f07f80-59f2-4659-98a4-593c1eddef36,FirstNumber=427,secondNumber=1560}  written to file by thread pool-3-thread-1
 message  {Id=206f7258-36f1-4f93-89fc-96d0000b3154,FirstNumber=30,secondNumber=760}  added by thread pool-3-thread-6
 message  {Id=206f7258-36f1-4f93-89fc-96d0000b3154,FirstNumber=30,secondNumber=760}  written to file by thread pool-3-thread-1
 message  {Id=f248df40-4082-4bd1-be4d-1da33b06596e,FirstNumber=105,secondNumber=1962}  added by thread pool-3-thread-6
 message  {Id=f248df40-4082-4bd1-be4d-1da33b06596e,FirstNumber=105,secondNumber=1962}  written to file by thread pool-3-thread-2
 message  {Id=d17d152a-9b85-4be8-a047-1e94ccb77c38,FirstNumber=611,secondNumber=1864}  added by thread pool-3-thread-6
 message  {Id=d17d152a-9b85-4be8-a047-1e94ccb77c38,FirstNumber=611,secondNumber=1864}  written to file by thread pool-3-thread-4
 message  {Id=62c2fcd5-9872-4fe0-80db-08b8e12c11f7,FirstNumber=396,secondNumber=47}  written to file by thread pool-3-thread-4
 message  {Id=62c2fcd5-9872-4fe0-80db-08b8e12c11f7,FirstNumber=396,secondNumber=47}  added by thread pool-3-thread-6
 message  {Id=a52c1397-1bee-4efd-996e-3e1296f35692,FirstNumber=568,secondNumber=0}  added by thread pool-3-thread-6
 message  {Id=a52c1397-1bee-4efd-996e-3e1296f35692,FirstNumber=568,secondNumber=0}  written to file by thread pool-3-thread-3
 message  {Id=c43ed512-a2a6-4426-8413-af2fdc64ceca,FirstNumber=175,secondNumber=126}  added by thread pool-3-thread-6
 message  {Id=c43ed512-a2a6-4426-8413-af2fdc64ceca,FirstNumber=175,secondNumber=126}  written to file by thread pool-3-thread-1
 message  {Id=f1dbecb2-fdc7-429c-ab3f-72118e504ce2,FirstNumber=479,secondNumber=1238}  added by thread pool-3-thread-6
 message  {Id=f1dbecb2-fdc7-429c-ab3f-72118e504ce2,FirstNumber=479,secondNumber=1238}  written to file by thread pool-3-thread-2
 message  {Id=5fb7a29a-3cba-4216-a69f-291a83d10f6f,FirstNumber=918,secondNumber=612}  added by thread pool-3-thread-6
 message  {Id=5fb7a29a-3cba-4216-a69f-291a83d10f6f,FirstNumber=918,secondNumber=612}  written to file by thread pool-3-thread-5
 message  {Id=4116d4dc-7d82-4235-8ed1-d62951b2bb4f,FirstNumber=121,secondNumber=38}  added by thread pool-3-thread-6
 message  {Id=4116d4dc-7d82-4235-8ed1-d62951b2bb4f,FirstNumber=121,secondNumber=38}  written to file by thread pool-3-thread-5
 message  {Id=df0b0f37-c9e5-455b-9723-f98035f2585e,FirstNumber=222,secondNumber=581}  added by thread pool-3-thread-6
 message  {Id=df0b0f37-c9e5-455b-9723-f98035f2585e,FirstNumber=222,secondNumber=581}  written to file by thread pool-3-thread-3
 message  {Id=e4bb0753-3cd9-4138-9feb-8dff0233b81b,FirstNumber=369,secondNumber=1686}  added by thread pool-3-thread-6
 message  {Id=e4bb0753-3cd9-4138-9feb-8dff0233b81b,FirstNumber=369,secondNumber=1686}  written to file by thread pool-3-thread-3
 message  {Id=2619a93d-5d80-4e7b-a0eb-43faee0df191,FirstNumber=992,secondNumber=1687}  added by thread pool-3-thread-6
 message  {Id=2619a93d-5d80-4e7b-a0eb-43faee0df191,FirstNumber=992,secondNumber=1687}  written to file by thread pool-3-thread-2
 message  {Id=2f18ebb3-5ee9-4da1-b292-838860afa1aa,FirstNumber=214,secondNumber=1616}  added by thread pool-3-thread-6
 message  {Id=2f18ebb3-5ee9-4da1-b292-838860afa1aa,FirstNumber=214,secondNumber=1616}  written to file by thread pool-3-thread-2
 message  {Id=db9978b5-0cc7-4283-a705-ff5fdb576056,FirstNumber=881,secondNumber=472}  added by thread pool-3-thread-6
 message  {Id=db9978b5-0cc7-4283-a705-ff5fdb576056,FirstNumber=881,secondNumber=472}  written to file by thread pool-3-thread-5
 message  {Id=6601250f-5fdf-465b-8291-ab56e60a2265,FirstNumber=395,secondNumber=582}  added by thread pool-3-thread-6
 message  {Id=6601250f-5fdf-465b-8291-ab56e60a2265,FirstNumber=395,secondNumber=582}  written to file by thread pool-3-thread-1
 message  {Id=fe72866b-e086-4cd8-b582-22ea4add7aa4,FirstNumber=530,secondNumber=1943}  added by thread pool-3-thread-6
 message  {Id=fe72866b-e086-4cd8-b582-22ea4add7aa4,FirstNumber=530,secondNumber=1943}  written to file by thread pool-3-thread-3
 message  {Id=be744fb8-b3d0-4836-af9e-98b07998168c,FirstNumber=154,secondNumber=128}  added by thread pool-3-thread-6
 message  {Id=be744fb8-b3d0-4836-af9e-98b07998168c,FirstNumber=154,secondNumber=128}  written to file by thread pool-3-thread-3
 message  {Id=d9e7bc99-26cb-4767-8112-f73d95d4de12,FirstNumber=26,secondNumber=1568}  added by thread pool-3-thread-6
 message  {Id=d9e7bc99-26cb-4767-8112-f73d95d4de12,FirstNumber=26,secondNumber=1568}  written to file by thread pool-3-thread-2
 message  {Id=1db3bc36-7a67-4267-a0d0-cc73ac2439d3,FirstNumber=417,secondNumber=598}  added by thread pool-3-thread-6
 message  {Id=1db3bc36-7a67-4267-a0d0-cc73ac2439d3,FirstNumber=417,secondNumber=598}  written to file by thread pool-3-thread-5
 message  {Id=46bcfe8d-1282-4f35-b71e-d6931bd1478a,FirstNumber=743,secondNumber=1251}  added by thread pool-3-thread-6
 message  {Id=46bcfe8d-1282-4f35-b71e-d6931bd1478a,FirstNumber=743,secondNumber=1251}  written to file by thread pool-3-thread-1
 message  {Id=04a55e36-e908-49fa-a120-ce29f3fd5df0,FirstNumber=868,secondNumber=1725}  added by thread pool-3-thread-6
 message  {Id=04a55e36-e908-49fa-a120-ce29f3fd5df0,FirstNumber=868,secondNumber=1725}  written to file by thread pool-3-thread-4
 message  {Id=f686a206-22c1-43e5-a698-3c3eb4274a44,FirstNumber=869,secondNumber=1149}  added by thread pool-3-thread-6
 message  {Id=f686a206-22c1-43e5-a698-3c3eb4274a44,FirstNumber=869,secondNumber=1149}  written to file by thread pool-3-thread-3
 message  {Id=4687382e-b470-4a6a-bd73-dfaa044078ec,FirstNumber=977,secondNumber=113}  added by thread pool-3-thread-6
 message  {Id=4687382e-b470-4a6a-bd73-dfaa044078ec,FirstNumber=977,secondNumber=113}  written to file by thread pool-3-thread-3
 message  {Id=d247ba85-cbe2-4506-94f3-e1c403c9dac6,FirstNumber=561,secondNumber=656}  added by thread pool-3-thread-6
 message  {Id=d247ba85-cbe2-4506-94f3-e1c403c9dac6,FirstNumber=561,secondNumber=656}  written to file by thread pool-3-thread-5
 message  {Id=2f3ba282-dd0a-40f8-b464-f9043f1e792c,FirstNumber=765,secondNumber=313}  added by thread pool-3-thread-6
 message  {Id=2f3ba282-dd0a-40f8-b464-f9043f1e792c,FirstNumber=765,secondNumber=313}  written to file by thread pool-3-thread-5
 message  {Id=cfa8a670-14ea-4757-97a3-bde76ceb2d30,FirstNumber=809,secondNumber=814}  added by thread pool-3-thread-6
 message  {Id=cfa8a670-14ea-4757-97a3-bde76ceb2d30,FirstNumber=809,secondNumber=814}  written to file by thread pool-3-thread-4
 message  {Id=96dd06a0-cb71-4f45-b626-d128b0e84832,FirstNumber=62,secondNumber=623}  added by thread pool-3-thread-6
 message  {Id=96dd06a0-cb71-4f45-b626-d128b0e84832,FirstNumber=62,secondNumber=623}  written to file by thread pool-3-thread-4
 message  {Id=4ab8ba86-f0e4-4430-8223-6151abf73bd0,FirstNumber=505,secondNumber=634}  added by thread pool-3-thread-6
 message  {Id=4ab8ba86-f0e4-4430-8223-6151abf73bd0,FirstNumber=505,secondNumber=634}  written to file by thread pool-3-thread-3
 message  {Id=731f291b-506d-44b2-8c46-8e9c9e3be493,FirstNumber=174,secondNumber=1084}  added by thread pool-3-thread-6
 message  {Id=731f291b-506d-44b2-8c46-8e9c9e3be493,FirstNumber=174,secondNumber=1084}  written to file by thread pool-3-thread-1
 message  {Id=494f5d8c-d152-4ef4-8e4e-f1274a7e462e,FirstNumber=976,secondNumber=1204}  added by thread pool-3-thread-6
 message  {Id=494f5d8c-d152-4ef4-8e4e-f1274a7e462e,FirstNumber=976,secondNumber=1204}  written to file by thread pool-3-thread-5
 message  {Id=1a90deaf-dda9-4b23-9916-9643107013fe,FirstNumber=811,secondNumber=342}  added by thread pool-3-thread-6
 message  {Id=1a90deaf-dda9-4b23-9916-9643107013fe,FirstNumber=811,secondNumber=342}  written to file by thread pool-3-thread-5
 message  {Id=b74de685-e673-4feb-a471-cdbb23ce8b87,FirstNumber=82,secondNumber=1446}  added by thread pool-3-thread-6
 message  {Id=b74de685-e673-4feb-a471-cdbb23ce8b87,FirstNumber=82,secondNumber=1446}  written to file by thread pool-3-thread-4
 message  {Id=30f54de8-512b-41d7-b8e5-b96826b082ad,FirstNumber=41,secondNumber=55}  added by thread pool-3-thread-6
 message  {Id=30f54de8-512b-41d7-b8e5-b96826b082ad,FirstNumber=41,secondNumber=55}  written to file by thread pool-3-thread-3
 message  {Id=4ec50e27-f065-49ee-a4f8-cd610b8c78f9,FirstNumber=729,secondNumber=975}  added by thread pool-3-thread-6
 message  {Id=4ec50e27-f065-49ee-a4f8-cd610b8c78f9,FirstNumber=729,secondNumber=975}  written to file by thread pool-3-thread-1
 message  {Id=bd149cef-fbaf-49fa-8ba4-58261e58a9b2,FirstNumber=703,secondNumber=882}  added by thread pool-3-thread-6
 message  {Id=bd149cef-fbaf-49fa-8ba4-58261e58a9b2,FirstNumber=703,secondNumber=882}  written to file by thread pool-3-thread-1
 message  {Id=c006e9a8-2e41-49e1-beed-83683a10b2af,FirstNumber=907,secondNumber=1549}  added by thread pool-3-thread-6
 message  {Id=c006e9a8-2e41-49e1-beed-83683a10b2af,FirstNumber=907,secondNumber=1549}  written to file by thread pool-3-thread-5
 message  {Id=6266bbef-fb6b-4175-90c1-cd3de2898ba6,FirstNumber=750,secondNumber=523}  added by thread pool-3-thread-6
 message  {Id=6266bbef-fb6b-4175-90c1-cd3de2898ba6,FirstNumber=750,secondNumber=523}  written to file by thread pool-3-thread-5
 message  {Id=fb1715fc-884b-4643-822e-a9497a164681,FirstNumber=351,secondNumber=100}  added by thread pool-3-thread-6
 message  {Id=fb1715fc-884b-4643-822e-a9497a164681,FirstNumber=351,secondNumber=100}  written to file by thread pool-3-thread-3
 message  {Id=02a0307c-72e4-4cd5-b231-2d709b892dbb,FirstNumber=762,secondNumber=681}  added by thread pool-3-thread-6
 message  {Id=02a0307c-72e4-4cd5-b231-2d709b892dbb,FirstNumber=762,secondNumber=681}  written to file by thread pool-3-thread-2
 message  {Id=33090120-512c-4cd2-bda4-77ac8f653924,FirstNumber=799,secondNumber=1383}  added by thread pool-3-thread-6
 message  {Id=33090120-512c-4cd2-bda4-77ac8f653924,FirstNumber=799,secondNumber=1383}  written to file by thread pool-3-thread-1
 message  {Id=dd730246-fb6f-4110-8f9d-35e4d4a8b134,FirstNumber=775,secondNumber=199}  added by thread pool-3-thread-6
 message  {Id=dd730246-fb6f-4110-8f9d-35e4d4a8b134,FirstNumber=775,secondNumber=199}  written to file by thread pool-3-thread-1
 message  {Id=391df102-a2d4-466a-9ce0-affc2fe0ec2b,FirstNumber=163,secondNumber=1096}  added by thread pool-3-thread-6
 message  {Id=391df102-a2d4-466a-9ce0-affc2fe0ec2b,FirstNumber=163,secondNumber=1096}  written to file by thread pool-3-thread-5
 message  {Id=78974ab7-a9bb-4a18-9910-107124a0edf8,FirstNumber=47,secondNumber=1175}  added by thread pool-3-thread-6
 message  {Id=78974ab7-a9bb-4a18-9910-107124a0edf8,FirstNumber=47,secondNumber=1175}  written to file by thread pool-3-thread-3
 message  {Id=1b273762-03af-4229-a44d-934744ec06c3,FirstNumber=35,secondNumber=1145}  added by thread pool-3-thread-6
 message  {Id=1b273762-03af-4229-a44d-934744ec06c3,FirstNumber=35,secondNumber=1145}  written to file by thread pool-3-thread-3
 message  {Id=eb335ea3-a227-4888-aecd-d05f448c65e2,FirstNumber=126,secondNumber=1824}  added by thread pool-3-thread-6
 message  {Id=eb335ea3-a227-4888-aecd-d05f448c65e2,FirstNumber=126,secondNumber=1824}  written to file by thread pool-3-thread-3
 message  {Id=f9cbf03f-49a6-4cd5-82ff-1ec7f0f3c2e7,FirstNumber=51,secondNumber=540}  added by thread pool-3-thread-6
 message  {Id=f9cbf03f-49a6-4cd5-82ff-1ec7f0f3c2e7,FirstNumber=51,secondNumber=540}  written to file by thread pool-3-thread-1
 message  {Id=0c44379f-3786-4cf9-bbc1-270e2d8ad60f,FirstNumber=569,secondNumber=489}  added by thread pool-3-thread-6
 message  {Id=0c44379f-3786-4cf9-bbc1-270e2d8ad60f,FirstNumber=569,secondNumber=489}  written to file by thread pool-3-thread-5
 message  {Id=bf525919-60d1-47ef-aa53-00e09f4155e7,FirstNumber=525,secondNumber=251}  added by thread pool-3-thread-6
 message  {Id=bf525919-60d1-47ef-aa53-00e09f4155e7,FirstNumber=525,secondNumber=251}  written to file by thread pool-3-thread-5
 message  {Id=9e696821-e979-45bc-a59a-2a8bb5b89c29,FirstNumber=857,secondNumber=1227}  added by thread pool-3-thread-6
 message  {Id=9e696821-e979-45bc-a59a-2a8bb5b89c29,FirstNumber=857,secondNumber=1227}  written to file by thread pool-3-thread-4
 message  {Id=f5465926-59ee-4edd-baed-5e852568d8e8,FirstNumber=844,secondNumber=15}  added by thread pool-3-thread-6
 message  {Id=f5465926-59ee-4edd-baed-5e852568d8e8,FirstNumber=844,secondNumber=15}  written to file by thread pool-3-thread-3
 message  {Id=7a5d9f4c-7a98-46c5-80db-25aae621eccd,FirstNumber=235,secondNumber=668}  added by thread pool-3-thread-6
 message  {Id=7a5d9f4c-7a98-46c5-80db-25aae621eccd,FirstNumber=235,secondNumber=668}  written to file by thread pool-3-thread-3
 message  {Id=8041df61-879c-4596-a226-a30c968fd58c,FirstNumber=186,secondNumber=1865}  added by thread pool-3-thread-6
 message  {Id=8041df61-879c-4596-a226-a30c968fd58c,FirstNumber=186,secondNumber=1865}  written to file by thread pool-3-thread-2
 message  {Id=9575f6d5-07d1-4a09-bc1e-1a3fa4c50df1,FirstNumber=435,secondNumber=1291}  added by thread pool-3-thread-6
 message  {Id=9575f6d5-07d1-4a09-bc1e-1a3fa4c50df1,FirstNumber=435,secondNumber=1291}  written to file by thread pool-3-thread-2
 message  {Id=6bbf8537-5412-43e6-86ce-3be5ebd71792,FirstNumber=289,secondNumber=1307}  added by thread pool-3-thread-6
 message  {Id=6bbf8537-5412-43e6-86ce-3be5ebd71792,FirstNumber=289,secondNumber=1307}  written to file by thread pool-3-thread-4
 message  {Id=bfcab0ae-5c03-4bbd-bd43-067adb7363db,FirstNumber=439,secondNumber=1574}  added by thread pool-3-thread-6
 message  {Id=bfcab0ae-5c03-4bbd-bd43-067adb7363db,FirstNumber=439,secondNumber=1574}  written to file by thread pool-3-thread-4
 message  {Id=22f715ae-8132-40e4-9915-f161661d2a0e,FirstNumber=93,secondNumber=1252}  added by thread pool-3-thread-6
 message  {Id=22f715ae-8132-40e4-9915-f161661d2a0e,FirstNumber=93,secondNumber=1252}  written to file by thread pool-3-thread-3
 message  {Id=90cdcf24-a0c0-44df-9910-eed8b51f6706,FirstNumber=77,secondNumber=1854}  added by thread pool-3-thread-6
 message  {Id=90cdcf24-a0c0-44df-9910-eed8b51f6706,FirstNumber=77,secondNumber=1854}  written to file by thread pool-3-thread-5
 message  {Id=fd86a56f-96e1-468e-9dca-f7b5a4734c7c,FirstNumber=460,secondNumber=863}  added by thread pool-3-thread-6
 message  {Id=fd86a56f-96e1-468e-9dca-f7b5a4734c7c,FirstNumber=460,secondNumber=863}  written to file by thread pool-3-thread-2
 message  {Id=5f0cea4f-11c8-4592-869a-c700e2052976,FirstNumber=320,secondNumber=845}  added by thread pool-3-thread-6
 message  {Id=5f0cea4f-11c8-4592-869a-c700e2052976,FirstNumber=320,secondNumber=845}  written to file by thread pool-3-thread-1
 message  {Id=3147c42a-5925-43f7-86f3-bb434e2b55fb,FirstNumber=168,secondNumber=727}  added by thread pool-3-thread-6
 message  {Id=3147c42a-5925-43f7-86f3-bb434e2b55fb,FirstNumber=168,secondNumber=727}  written to file by thread pool-3-thread-4
 message  {Id=b914603e-c311-40bb-84ad-4a3f9a3774c7,FirstNumber=5,secondNumber=201}  added by thread pool-3-thread-6
 message  {Id=b914603e-c311-40bb-84ad-4a3f9a3774c7,FirstNumber=5,secondNumber=201}  written to file by thread pool-3-thread-4
 message  {Id=5f1a719b-d91c-4023-af36-96a135096d7f,FirstNumber=935,secondNumber=121}  added by thread pool-3-thread-6
 message  {Id=5f1a719b-d91c-4023-af36-96a135096d7f,FirstNumber=935,secondNumber=121}  written to file by thread pool-3-thread-5
 message  {Id=486618a2-3133-44ae-bae1-a42aa66dae07,FirstNumber=764,secondNumber=1875}  added by thread pool-3-thread-6
 message  {Id=486618a2-3133-44ae-bae1-a42aa66dae07,FirstNumber=764,secondNumber=1875}  written to file by thread pool-3-thread-5
 message  {Id=dae79612-1579-460a-9553-7dbb246f14b6,FirstNumber=790,secondNumber=658}  added by thread pool-3-thread-6
 message  {Id=dae79612-1579-460a-9553-7dbb246f14b6,FirstNumber=790,secondNumber=658}  written to file by thread pool-3-thread-1
 message  {Id=8eb6f3e0-27e5-486c-955c-0632071df5e7,FirstNumber=651,secondNumber=1754}  added by thread pool-3-thread-6
 message  {Id=8eb6f3e0-27e5-486c-955c-0632071df5e7,FirstNumber=651,secondNumber=1754}  written to file by thread pool-3-thread-1
 message  {Id=800970fb-0b4f-428b-ae3a-eeaffb75bae4,FirstNumber=780,secondNumber=108}  added by thread pool-3-thread-6
 message  {Id=800970fb-0b4f-428b-ae3a-eeaffb75bae4,FirstNumber=780,secondNumber=108}  written to file by thread pool-3-thread-4
 message  {Id=019a2c79-9cfc-4169-b2ac-e5e6f757fa48,FirstNumber=806,secondNumber=822}  added by thread pool-3-thread-6
 message  {Id=019a2c79-9cfc-4169-b2ac-e5e6f757fa48,FirstNumber=806,secondNumber=822}  written to file by thread pool-3-thread-2
 message  {Id=2ebbabe6-e3b6-4c95-b3e4-b1f973b35da7,FirstNumber=579,secondNumber=445}  added by thread pool-3-thread-6
 message  {Id=2ebbabe6-e3b6-4c95-b3e4-b1f973b35da7,FirstNumber=579,secondNumber=445}  written to file by thread pool-3-thread-5
 message  {Id=4b6ed34d-bacc-4c24-b4b1-b91c429bde0b,FirstNumber=174,secondNumber=1017}  added by thread pool-3-thread-6
 message  {Id=4b6ed34d-bacc-4c24-b4b1-b91c429bde0b,FirstNumber=174,secondNumber=1017}  written to file by thread pool-3-thread-3
 message  {Id=4c85b27f-5768-448d-b867-aff49b40ed27,FirstNumber=133,secondNumber=994}  added by thread pool-3-thread-6
 message  {Id=4c85b27f-5768-448d-b867-aff49b40ed27,FirstNumber=133,secondNumber=994}  written to file by thread pool-3-thread-1
 message  {Id=bec0ec83-43ac-46c9-a256-2160c778d6be,FirstNumber=94,secondNumber=1196}  added by thread pool-3-thread-6
 message  {Id=bec0ec83-43ac-46c9-a256-2160c778d6be,FirstNumber=94,secondNumber=1196}  written to file by thread pool-3-thread-4
 message  {Id=f4988a91-ad0d-43e3-86f9-c7371f67c0b5,FirstNumber=285,secondNumber=1013}  added by thread pool-3-thread-6
 message  {Id=f4988a91-ad0d-43e3-86f9-c7371f67c0b5,FirstNumber=285,secondNumber=1013}  written to file by thread pool-3-thread-2
 message  {Id=3f7de42b-0f2b-46bc-902a-421959fbfa83,FirstNumber=132,secondNumber=1077}  added by thread pool-3-thread-6
 message  {Id=3f7de42b-0f2b-46bc-902a-421959fbfa83,FirstNumber=132,secondNumber=1077}  written to file by thread pool-3-thread-5
 message  {Id=61e8aa62-967d-4523-b3c3-957e987581cf,FirstNumber=969,secondNumber=1727}  added by thread pool-3-thread-6
 message  {Id=61e8aa62-967d-4523-b3c3-957e987581cf,FirstNumber=969,secondNumber=1727}  written to file by thread pool-3-thread-3
 message  {Id=85f1d7c7-39b5-4fce-aaf5-7943e3e1cb9e,FirstNumber=778,secondNumber=1944}  added by thread pool-3-thread-6
 message  {Id=85f1d7c7-39b5-4fce-aaf5-7943e3e1cb9e,FirstNumber=778,secondNumber=1944}  written to file by thread pool-3-thread-3
 message  {Id=73c9abfa-960d-46c6-9b27-d96c1c5848aa,FirstNumber=58,secondNumber=1827}  added by thread pool-3-thread-6
 message  {Id=73c9abfa-960d-46c6-9b27-d96c1c5848aa,FirstNumber=58,secondNumber=1827}  written to file by thread pool-3-thread-4
 message  {Id=94613e07-486d-4c11-a385-d3214d8f4421,FirstNumber=176,secondNumber=1962}  added by thread pool-3-thread-6
 message  {Id=94613e07-486d-4c11-a385-d3214d8f4421,FirstNumber=176,secondNumber=1962}  written to file by thread pool-3-thread-4
 message  {Id=82456365-3ee4-4923-b335-8f2b368a06f8,FirstNumber=621,secondNumber=1830}  added by thread pool-3-thread-6
 message  {Id=82456365-3ee4-4923-b335-8f2b368a06f8,FirstNumber=621,secondNumber=1830}  written to file by thread pool-3-thread-5
 message  {Id=9a40ee3c-4b70-411e-a7b2-73e8f1b4eea5,FirstNumber=988,secondNumber=228}  added by thread pool-3-thread-6
 message  {Id=9a40ee3c-4b70-411e-a7b2-73e8f1b4eea5,FirstNumber=988,secondNumber=228}  written to file by thread pool-3-thread-1
 message  {Id=3a65972d-382c-4d89-9b98-5da3e8b7b6a0,FirstNumber=517,secondNumber=701}  added by thread pool-3-thread-6
 message  {Id=3a65972d-382c-4d89-9b98-5da3e8b7b6a0,FirstNumber=517,secondNumber=701}  written to file by thread pool-3-thread-3
 message  {Id=7b57fdb5-6ef7-4623-8e19-fbb7eb0ebb93,FirstNumber=636,secondNumber=1923}  added by thread pool-3-thread-6
 message  {Id=7b57fdb5-6ef7-4623-8e19-fbb7eb0ebb93,FirstNumber=636,secondNumber=1923}  written to file by thread pool-3-thread-3
 message  {Id=236e32b8-63d3-4737-8ed8-7f87370aba2b,FirstNumber=667,secondNumber=1240}  added by thread pool-3-thread-6
 message  {Id=236e32b8-63d3-4737-8ed8-7f87370aba2b,FirstNumber=667,secondNumber=1240}  written to file by thread pool-3-thread-4
 message  {Id=85960149-ef5b-4bc6-ad5f-f74b2eab1711,FirstNumber=463,secondNumber=1317}  added by thread pool-3-thread-6
 message  {Id=85960149-ef5b-4bc6-ad5f-f74b2eab1711,FirstNumber=463,secondNumber=1317}  written to file by thread pool-3-thread-4
 message  {Id=496fdb7e-84ab-4b59-851f-80d9643a4ad2,FirstNumber=639,secondNumber=1245}  added by thread pool-3-thread-6
 message  {Id=496fdb7e-84ab-4b59-851f-80d9643a4ad2,FirstNumber=639,secondNumber=1245}  written to file by thread pool-3-thread-1
 message  {Id=4a394f8a-5e0b-4496-9c5e-615a64ac00a8,FirstNumber=381,secondNumber=51}  added by thread pool-3-thread-6
 message  {Id=4a394f8a-5e0b-4496-9c5e-615a64ac00a8,FirstNumber=381,secondNumber=51}  written to file by thread pool-3-thread-1
 message  {Id=00684721-40e3-41e3-8c9d-0a2d2e6c3ae8,FirstNumber=140,secondNumber=1697}  added by thread pool-3-thread-6
 message  {Id=00684721-40e3-41e3-8c9d-0a2d2e6c3ae8,FirstNumber=140,secondNumber=1697}  written to file by thread pool-3-thread-3
 message  {Id=e414b610-580c-489b-9eae-7cf8ad47be7b,FirstNumber=191,secondNumber=1602}  added by thread pool-3-thread-6
 message  {Id=e414b610-580c-489b-9eae-7cf8ad47be7b,FirstNumber=191,secondNumber=1602}  written to file by thread pool-3-thread-3
 message  {Id=f7eba118-4041-4c39-b1cf-5281b703b330,FirstNumber=79,secondNumber=946}  added by thread pool-3-thread-6
 message  {Id=f7eba118-4041-4c39-b1cf-5281b703b330,FirstNumber=79,secondNumber=946}  written to file by thread pool-3-thread-4
 message  {Id=077b8db6-d6a1-40a6-9f80-d26b7c50a5c5,FirstNumber=101,secondNumber=572}  added by thread pool-3-thread-6
 message  {Id=077b8db6-d6a1-40a6-9f80-d26b7c50a5c5,FirstNumber=101,secondNumber=572}  written to file by thread pool-3-thread-2
 message  {Id=6b8f95bc-4512-4dc2-84ef-d1a85b01690c,FirstNumber=598,secondNumber=603}  added by thread pool-3-thread-6
 message  {Id=6b8f95bc-4512-4dc2-84ef-d1a85b01690c,FirstNumber=598,secondNumber=603}  written to file by thread pool-3-thread-1
 message  {Id=19eb84b7-0d5a-4b81-8784-caa1d65765cb,FirstNumber=249,secondNumber=1966}  added by thread pool-3-thread-6
 message  {Id=19eb84b7-0d5a-4b81-8784-caa1d65765cb,FirstNumber=249,secondNumber=1966}  written to file by thread pool-3-thread-1
 message  {Id=ea36dd0f-ab8d-487f-87cd-ad37e0e5fcc7,FirstNumber=474,secondNumber=1633}  added by thread pool-3-thread-6
 message  {Id=ea36dd0f-ab8d-487f-87cd-ad37e0e5fcc7,FirstNumber=474,secondNumber=1633}  written to file by thread pool-3-thread-1
 message  {Id=5e2fcb59-ffeb-40c4-80ea-3dfd9bd2fc42,FirstNumber=601,secondNumber=536}  added by thread pool-3-thread-6
 message  {Id=5e2fcb59-ffeb-40c4-80ea-3dfd9bd2fc42,FirstNumber=601,secondNumber=536}  written to file by thread pool-3-thread-4
 message  {Id=5aa915bb-33cf-4738-9afa-1d2171c65d1f,FirstNumber=552,secondNumber=859}  added by thread pool-3-thread-6
 message  {Id=5aa915bb-33cf-4738-9afa-1d2171c65d1f,FirstNumber=552,secondNumber=859}  written to file by thread pool-3-thread-4
 message  {Id=b4ecb533-d917-41d4-8001-2a78bfe5c88e,FirstNumber=734,secondNumber=445}  added by thread pool-3-thread-6
 message  {Id=b4ecb533-d917-41d4-8001-2a78bfe5c88e,FirstNumber=734,secondNumber=445}  written to file by thread pool-3-thread-5
 message  {Id=c7be3a25-8451-4739-a754-405f0af95d16,FirstNumber=700,secondNumber=910}  added by thread pool-3-thread-6
 message  {Id=c7be3a25-8451-4739-a754-405f0af95d16,FirstNumber=700,secondNumber=910}  written to file by thread pool-3-thread-3
 message  {Id=d494d60c-3570-40fa-8c82-349f06bbf5f1,FirstNumber=132,secondNumber=214}  added by thread pool-3-thread-6
 message  {Id=d494d60c-3570-40fa-8c82-349f06bbf5f1,FirstNumber=132,secondNumber=214}  written to file by thread pool-3-thread-1
 message  {Id=c223b5e0-e0ec-4946-8917-772bbf9fec8d,FirstNumber=464,secondNumber=268}  added by thread pool-3-thread-6
 message  {Id=c223b5e0-e0ec-4946-8917-772bbf9fec8d,FirstNumber=464,secondNumber=268}  written to file by thread pool-3-thread-2
 message  {Id=3f747f62-93b7-4480-8b20-0b1462b4c1c5,FirstNumber=467,secondNumber=127}  added by thread pool-3-thread-6
 message  {Id=3f747f62-93b7-4480-8b20-0b1462b4c1c5,FirstNumber=467,secondNumber=127}  written to file by thread pool-3-thread-4
 message  {Id=8b190b41-7a80-4afb-a7ef-da2a4e8b0338,FirstNumber=822,secondNumber=114}  added by thread pool-3-thread-6
 message  {Id=8b190b41-7a80-4afb-a7ef-da2a4e8b0338,FirstNumber=822,secondNumber=114}  written to file by thread pool-3-thread-5
 message  {Id=deae5b93-25df-4f7f-9acb-5c64850bd1d6,FirstNumber=43,secondNumber=1773}  added by thread pool-3-thread-6
 message  {Id=deae5b93-25df-4f7f-9acb-5c64850bd1d6,FirstNumber=43,secondNumber=1773}  written to file by thread pool-3-thread-5
 message  {Id=d0609c1f-b7bd-4532-b1f8-37648b80641b,FirstNumber=250,secondNumber=1129}  added by thread pool-3-thread-6
 message  {Id=d0609c1f-b7bd-4532-b1f8-37648b80641b,FirstNumber=250,secondNumber=1129}  written to file by thread pool-3-thread-1
 message  {Id=a6229c83-1b4d-40e4-ae88-748b44ea6cf9,FirstNumber=696,secondNumber=1561}  added by thread pool-3-thread-6
 message  {Id=a6229c83-1b4d-40e4-ae88-748b44ea6cf9,FirstNumber=696,secondNumber=1561}  written to file by thread pool-3-thread-1
 message  {Id=46a82e33-e549-4056-90b1-02b70baa585b,FirstNumber=82,secondNumber=1124}  added by thread pool-3-thread-6
 message  {Id=46a82e33-e549-4056-90b1-02b70baa585b,FirstNumber=82,secondNumber=1124}  written to file by thread pool-3-thread-4
 message  {Id=6abf43c5-2f3f-42ec-bcd8-09f72e677b6b,FirstNumber=397,secondNumber=934}  added by thread pool-3-thread-6
 message  {Id=6abf43c5-2f3f-42ec-bcd8-09f72e677b6b,FirstNumber=397,secondNumber=934}  written to file by thread pool-3-thread-3
 message  {Id=f23a36a9-5fdd-4d30-9ce5-a8ecc793c175,FirstNumber=174,secondNumber=93}  added by thread pool-3-thread-6
 message  {Id=f23a36a9-5fdd-4d30-9ce5-a8ecc793c175,FirstNumber=174,secondNumber=93}  written to file by thread pool-3-thread-5
 message  {Id=0da69e17-5c43-40fa-af07-fda4a7c7fc11,FirstNumber=116,secondNumber=1222}  added by thread pool-3-thread-6
 message  {Id=0da69e17-5c43-40fa-af07-fda4a7c7fc11,FirstNumber=116,secondNumber=1222}  written to file by thread pool-3-thread-5
 message  {Id=91d2b4af-958c-4dc8-a516-38718f09a619,FirstNumber=447,secondNumber=441}  added by thread pool-3-thread-6
 message  {Id=91d2b4af-958c-4dc8-a516-38718f09a619,FirstNumber=447,secondNumber=441}  written to file by thread pool-3-thread-1
 message  {Id=c23ea17d-4108-49b5-a597-4deba83b90aa,FirstNumber=445,secondNumber=1933}  added by thread pool-3-thread-6
 message  {Id=c23ea17d-4108-49b5-a597-4deba83b90aa,FirstNumber=445,secondNumber=1933}  written to file by thread pool-3-thread-4
 message  {Id=b6b23f70-eacd-4750-b69b-0b1de9f99ae3,FirstNumber=724,secondNumber=728}  added by thread pool-3-thread-6
 message  {Id=b6b23f70-eacd-4750-b69b-0b1de9f99ae3,FirstNumber=724,secondNumber=728}  written to file by thread pool-3-thread-3
 message  {Id=fec6691a-ccab-4450-aa9a-bda12f935969,FirstNumber=734,secondNumber=296}  added by thread pool-3-thread-6
 message  {Id=fec6691a-ccab-4450-aa9a-bda12f935969,FirstNumber=734,secondNumber=296}  written to file by thread pool-3-thread-3
 message  {Id=0fd0b9a1-c46b-45fd-91d5-85abd34fc3f7,FirstNumber=378,secondNumber=1203}  added by thread pool-3-thread-6
 message  {Id=0fd0b9a1-c46b-45fd-91d5-85abd34fc3f7,FirstNumber=378,secondNumber=1203}  written to file by thread pool-3-thread-5
 message  {Id=d639d4ee-e39b-4bd9-afa6-a9d7c4d70a19,FirstNumber=545,secondNumber=57}  added by thread pool-3-thread-6
 message  {Id=d639d4ee-e39b-4bd9-afa6-a9d7c4d70a19,FirstNumber=545,secondNumber=57}  written to file by thread pool-3-thread-5
 message  {Id=00727965-82fa-4144-8b1c-6161b793553a,FirstNumber=99,secondNumber=472}  added by thread pool-3-thread-6
 message  {Id=00727965-82fa-4144-8b1c-6161b793553a,FirstNumber=99,secondNumber=472}  written to file by thread pool-3-thread-4
 message  {Id=07a183d7-a516-42c0-945e-92676ec0fe08,FirstNumber=140,secondNumber=1923}  added by thread pool-3-thread-6
 message  {Id=07a183d7-a516-42c0-945e-92676ec0fe08,FirstNumber=140,secondNumber=1923}  written to file by thread pool-3-thread-4
 message  {Id=898eab76-c230-48fc-82fb-0251b4cf2230,FirstNumber=825,secondNumber=1459}  added by thread pool-3-thread-6
 message  {Id=898eab76-c230-48fc-82fb-0251b4cf2230,FirstNumber=825,secondNumber=1459}  written to file by thread pool-3-thread-3
 message  {Id=f212c5c5-ab61-4e92-bc57-0d2b74e215b9,FirstNumber=705,secondNumber=1143}  added by thread pool-3-thread-6
 message  {Id=f212c5c5-ab61-4e92-bc57-0d2b74e215b9,FirstNumber=705,secondNumber=1143}  written to file by thread pool-3-thread-3
 message  {Id=9bee6fd9-3f4a-4c04-925b-bd066d43b595,FirstNumber=220,secondNumber=531}  added by thread pool-3-thread-6
 message  {Id=9bee6fd9-3f4a-4c04-925b-bd066d43b595,FirstNumber=220,secondNumber=531}  written to file by thread pool-3-thread-5
 message  {Id=84c3f479-8009-417f-93a4-731010282c7d,FirstNumber=33,secondNumber=776}  added by thread pool-3-thread-6
 message  {Id=84c3f479-8009-417f-93a4-731010282c7d,FirstNumber=33,secondNumber=776}  written to file by thread pool-3-thread-2
 message  {Id=079c9eee-be0f-47cf-b28d-97de05668396,FirstNumber=5,secondNumber=606}  added by thread pool-3-thread-6
 message  {Id=079c9eee-be0f-47cf-b28d-97de05668396,FirstNumber=5,secondNumber=606}  written to file by thread pool-3-thread-2
 message  {Id=8ae6b78f-c756-4ae1-bc03-e9070a730243,FirstNumber=851,secondNumber=752}  added by thread pool-3-thread-6
 message  {Id=8ae6b78f-c756-4ae1-bc03-e9070a730243,FirstNumber=851,secondNumber=752}  written to file by thread pool-3-thread-1
 message  {Id=bada953d-7e65-4ca0-81cd-9b12e299875a,FirstNumber=428,secondNumber=940}  added by thread pool-3-thread-6
 message  {Id=bada953d-7e65-4ca0-81cd-9b12e299875a,FirstNumber=428,secondNumber=940}  written to file by thread pool-3-thread-3
 message  {Id=cca458cd-4198-4b13-ab37-abc005aa5465,FirstNumber=169,secondNumber=579}  added by thread pool-3-thread-6
 message  {Id=cca458cd-4198-4b13-ab37-abc005aa5465,FirstNumber=169,secondNumber=579}  written to file by thread pool-3-thread-3
 message  {Id=56f766ff-afed-4d16-8128-e27417afe41b,FirstNumber=443,secondNumber=1272}  added by thread pool-3-thread-6
 message  {Id=56f766ff-afed-4d16-8128-e27417afe41b,FirstNumber=443,secondNumber=1272}  written to file by thread pool-3-thread-4
 message  {Id=78a6cd01-e4a5-4cec-bf4c-9322cd02d4cc,FirstNumber=686,secondNumber=1989}  added by thread pool-3-thread-6
 message  {Id=78a6cd01-e4a5-4cec-bf4c-9322cd02d4cc,FirstNumber=686,secondNumber=1989}  written to file by thread pool-3-thread-4
 message  {Id=6367ba8e-b62a-4f9b-8040-d9c88804b2c8,FirstNumber=226,secondNumber=1355}  added by thread pool-3-thread-6
 message  {Id=6367ba8e-b62a-4f9b-8040-d9c88804b2c8,FirstNumber=226,secondNumber=1355}  written to file by thread pool-3-thread-1
 message  {Id=a361e2d7-ed4f-4c92-8a86-999eb5842692,FirstNumber=463,secondNumber=429}  added by thread pool-3-thread-6
 message  {Id=a361e2d7-ed4f-4c92-8a86-999eb5842692,FirstNumber=463,secondNumber=429}  written to file by thread pool-3-thread-1
 message  {Id=e636d665-eb07-4120-b755-8335928ac1f2,FirstNumber=288,secondNumber=1668}  added by thread pool-3-thread-6
 message  {Id=e636d665-eb07-4120-b755-8335928ac1f2,FirstNumber=288,secondNumber=1668}  written to file by thread pool-3-thread-3
 message  {Id=4709dd71-a4bc-4df4-8556-cb4f709623cd,FirstNumber=153,secondNumber=339}  added by thread pool-3-thread-6
 message  {Id=4709dd71-a4bc-4df4-8556-cb4f709623cd,FirstNumber=153,secondNumber=339}  written to file by thread pool-3-thread-2
 message  {Id=ee860e9a-720a-4a68-aa32-33e08c6b46d5,FirstNumber=493,secondNumber=1416}  added by thread pool-3-thread-6
 message  {Id=ee860e9a-720a-4a68-aa32-33e08c6b46d5,FirstNumber=493,secondNumber=1416}  written to file by thread pool-3-thread-4
 message  {Id=685037f3-6a34-42bb-a1ed-9d00880ae0bf,FirstNumber=773,secondNumber=964}  added by thread pool-3-thread-6
 message  {Id=685037f3-6a34-42bb-a1ed-9d00880ae0bf,FirstNumber=773,secondNumber=964}  written to file by thread pool-3-thread-4
 message  {Id=ed18ed0e-f35b-408f-83c0-9a93462cdc5a,FirstNumber=843,secondNumber=843}  added by thread pool-3-thread-6
 message  {Id=ed18ed0e-f35b-408f-83c0-9a93462cdc5a,FirstNumber=843,secondNumber=843}  written to file by thread pool-3-thread-1
 message  {Id=a71397fe-dd0a-44ae-bd0a-49e26a19943f,FirstNumber=781,secondNumber=1762}  added by thread pool-3-thread-6
 message  {Id=a71397fe-dd0a-44ae-bd0a-49e26a19943f,FirstNumber=781,secondNumber=1762}  written to file by thread pool-3-thread-1
 message  {Id=0fcd1fd7-cb45-47d6-a23f-af45eecb69dc,FirstNumber=671,secondNumber=30}  added by thread pool-3-thread-6
 message  {Id=0fcd1fd7-cb45-47d6-a23f-af45eecb69dc,FirstNumber=671,secondNumber=30}  written to file by thread pool-3-thread-2
 message  {Id=3eae042c-ec6b-46b4-ae24-2512e4e08b46,FirstNumber=664,secondNumber=1982}  added by thread pool-3-thread-6
 message  {Id=3eae042c-ec6b-46b4-ae24-2512e4e08b46,FirstNumber=664,secondNumber=1982}  written to file by thread pool-3-thread-2
 message  {Id=819792fd-8378-48ed-8811-7e0ae2cf046c,FirstNumber=99,secondNumber=934}  added by thread pool-3-thread-6
 message  {Id=819792fd-8378-48ed-8811-7e0ae2cf046c,FirstNumber=99,secondNumber=934}  written to file by thread pool-3-thread-4
 message  {Id=36a42658-b19b-422c-8ed6-8e6c6a4c418f,FirstNumber=173,secondNumber=1051}  added by thread pool-3-thread-6
 message  {Id=36a42658-b19b-422c-8ed6-8e6c6a4c418f,FirstNumber=173,secondNumber=1051}  written to file by thread pool-3-thread-4
 message  {Id=aa984aeb-74ed-403c-b6f0-439aa42284b3,FirstNumber=66,secondNumber=24}  added by thread pool-3-thread-6
 message  {Id=aa984aeb-74ed-403c-b6f0-439aa42284b3,FirstNumber=66,secondNumber=24}  written to file by thread pool-3-thread-1
 message  {Id=2ec7bca0-7fe2-4a37-aba0-9f63ab61eefa,FirstNumber=849,secondNumber=456}  added by thread pool-3-thread-6
 message  {Id=2ec7bca0-7fe2-4a37-aba0-9f63ab61eefa,FirstNumber=849,secondNumber=456}  written to file by thread pool-3-thread-5
 message  {Id=ab0f8cb6-c769-41a5-a93a-8ae37ce64d7f,FirstNumber=967,secondNumber=847}  added by thread pool-3-thread-6
 message  {Id=ab0f8cb6-c769-41a5-a93a-8ae37ce64d7f,FirstNumber=967,secondNumber=847}  written to file by thread pool-3-thread-5
 message  {Id=66e86cc9-bda8-4025-a189-b188874c006e,FirstNumber=483,secondNumber=713}  added by thread pool-3-thread-6
 message  {Id=66e86cc9-bda8-4025-a189-b188874c006e,FirstNumber=483,secondNumber=713}  written to file by thread pool-3-thread-5
 message  {Id=5930df82-e249-471e-8795-59fe311283b6,FirstNumber=471,secondNumber=113}  added by thread pool-3-thread-6
 message  {Id=5930df82-e249-471e-8795-59fe311283b6,FirstNumber=471,secondNumber=113}  written to file by thread pool-3-thread-4
 message  {Id=9c943871-a869-460e-8306-272b33192c1f,FirstNumber=803,secondNumber=801}  added by thread pool-3-thread-6
 message  {Id=9c943871-a869-460e-8306-272b33192c1f,FirstNumber=803,secondNumber=801}  written to file by thread pool-3-thread-4
 message  {Id=a9e71191-9e02-4fff-a5ab-ec13f97e627e,FirstNumber=876,secondNumber=1645}  added by thread pool-3-thread-6
 message  {Id=a9e71191-9e02-4fff-a5ab-ec13f97e627e,FirstNumber=876,secondNumber=1645}  written to file by thread pool-3-thread-2
 message  {Id=a70c6c71-0d2e-4529-abcb-e09eb57f7b68,FirstNumber=799,secondNumber=1478}  added by thread pool-3-thread-6
 message  {Id=a70c6c71-0d2e-4529-abcb-e09eb57f7b68,FirstNumber=799,secondNumber=1478}  written to file by thread pool-3-thread-2
 message  {Id=0ded84cd-6881-455b-a688-c08e71c5534e,FirstNumber=329,secondNumber=320}  added by thread pool-3-thread-6
 message  {Id=0ded84cd-6881-455b-a688-c08e71c5534e,FirstNumber=329,secondNumber=320}  written to file by thread pool-3-thread-5
 message  {Id=8b393c22-f816-43a6-af65-abb81efa1c9d,FirstNumber=328,secondNumber=96}  added by thread pool-3-thread-6
 message  {Id=8b393c22-f816-43a6-af65-abb81efa1c9d,FirstNumber=328,secondNumber=96}  written to file by thread pool-3-thread-5
 message  {Id=a7fde00a-d600-43b9-a35c-3eb09df8f320,FirstNumber=357,secondNumber=1523}  added by thread pool-3-thread-6
 message  {Id=a7fde00a-d600-43b9-a35c-3eb09df8f320,FirstNumber=357,secondNumber=1523}  written to file by thread pool-3-thread-4
 message  {Id=f29ccdfa-3188-442a-893b-dd5a7ce3b40e,FirstNumber=312,secondNumber=128}  added by thread pool-3-thread-6
 message  {Id=f29ccdfa-3188-442a-893b-dd5a7ce3b40e,FirstNumber=312,secondNumber=128}  written to file by thread pool-3-thread-3
 message  {Id=aee0047b-964b-4883-8b40-701d6561c584,FirstNumber=289,secondNumber=1508}  added by thread pool-3-thread-6
 message  {Id=aee0047b-964b-4883-8b40-701d6561c584,FirstNumber=289,secondNumber=1508}  written to file by thread pool-3-thread-3
 message  {Id=c7f5d68b-0b4b-4aea-a60a-81ddad4d4e97,FirstNumber=114,secondNumber=1991}  added by thread pool-3-thread-6
 message  {Id=c7f5d68b-0b4b-4aea-a60a-81ddad4d4e97,FirstNumber=114,secondNumber=1991}  written to file by thread pool-3-thread-1
 message  {Id=9148af51-b7fd-4596-97eb-7fa5a7f6ed69,FirstNumber=64,secondNumber=361}  added by thread pool-3-thread-6
 message  {Id=9148af51-b7fd-4596-97eb-7fa5a7f6ed69,FirstNumber=64,secondNumber=361}  written to file by thread pool-3-thread-5
 message  {Id=2729e0e8-7e9f-44f7-8b8c-b44ea34fb7fe,FirstNumber=588,secondNumber=1012}  added by thread pool-3-thread-6
 message  {Id=2729e0e8-7e9f-44f7-8b8c-b44ea34fb7fe,FirstNumber=588,secondNumber=1012}  written to file by thread pool-3-thread-4
 message  {Id=5e8abb8b-ff97-4fac-89c1-0a890d472df7,FirstNumber=13,secondNumber=985}  added by thread pool-3-thread-6
 message  {Id=5e8abb8b-ff97-4fac-89c1-0a890d472df7,FirstNumber=13,secondNumber=985}  written to file by thread pool-3-thread-4
 message  {Id=ff4c1c40-aef6-40ac-aa88-4c613af3aa66,FirstNumber=934,secondNumber=1589}  added by thread pool-3-thread-6
 message  {Id=ff4c1c40-aef6-40ac-aa88-4c613af3aa66,FirstNumber=934,secondNumber=1589}  written to file by thread pool-3-thread-3
 message  {Id=d9fcf910-5700-4eef-b736-1ecbf52fe404,FirstNumber=410,secondNumber=785}  added by thread pool-3-thread-6
 message  {Id=d9fcf910-5700-4eef-b736-1ecbf52fe404,FirstNumber=410,secondNumber=785}  written to file by thread pool-3-thread-1
 message  {Id=0ea3909c-c0ac-4a38-97f5-b0ec8673142b,FirstNumber=223,secondNumber=1150}  added by thread pool-3-thread-6
 message  {Id=0ea3909c-c0ac-4a38-97f5-b0ec8673142b,FirstNumber=223,secondNumber=1150}  written to file by thread pool-3-thread-1
 message  {Id=d038b6d0-1f55-4e4c-98b2-7c65f6562fc2,FirstNumber=942,secondNumber=1765}  added by thread pool-3-thread-6
 message  {Id=0bdf0429-cb41-4b52-b4ff-ca13e828aaef,FirstNumber=284,secondNumber=1417}  added by thread pool-3-thread-6
 message  {Id=d038b6d0-1f55-4e4c-98b2-7c65f6562fc2,FirstNumber=942,secondNumber=1765}  written to file by thread pool-3-thread-2
 message  {Id=0bdf0429-cb41-4b52-b4ff-ca13e828aaef,FirstNumber=284,secondNumber=1417}  written to file by thread pool-3-thread-4
 message  {Id=dc47d980-158f-4381-9854-d9b3670845d4,FirstNumber=686,secondNumber=1113}  added by thread pool-3-thread-6
 message  {Id=dc47d980-158f-4381-9854-d9b3670845d4,FirstNumber=686,secondNumber=1113}  written to file by thread pool-3-thread-3
 message  {Id=001c2355-f968-46f0-b6cf-3115ab1966e0,FirstNumber=244,secondNumber=1627}  added by thread pool-3-thread-6
 message  {Id=001c2355-f968-46f0-b6cf-3115ab1966e0,FirstNumber=244,secondNumber=1627}  written to file by thread pool-3-thread-3
 message  {Id=a0e263d5-8105-4496-baa2-ea08ac98d92b,FirstNumber=591,secondNumber=758}  added by thread pool-3-thread-6
 message  {Id=a0e263d5-8105-4496-baa2-ea08ac98d92b,FirstNumber=591,secondNumber=758}  written to file by thread pool-3-thread-1
 message  {Id=de1dd05e-bff5-4f29-adc6-ad9b0c031cba,FirstNumber=22,secondNumber=1535}  added by thread pool-3-thread-6
 message  {Id=de1dd05e-bff5-4f29-adc6-ad9b0c031cba,FirstNumber=22,secondNumber=1535}  written to file by thread pool-3-thread-1
 message  {Id=c2934da9-6bfe-43e7-966f-acf586f6c96b,FirstNumber=333,secondNumber=468}  added by thread pool-3-thread-6
 message  {Id=c2934da9-6bfe-43e7-966f-acf586f6c96b,FirstNumber=333,secondNumber=468}  written to file by thread pool-3-thread-4
 message  {Id=5bfb2799-fc0e-4d47-80c0-39e224198b6c,FirstNumber=87,secondNumber=1718}  added by thread pool-3-thread-6
 message  {Id=5bfb2799-fc0e-4d47-80c0-39e224198b6c,FirstNumber=87,secondNumber=1718}  written to file by thread pool-3-thread-4
 message  {Id=35e2d1c4-a64e-462a-bc22-e427647e3f15,FirstNumber=0,secondNumber=284}  added by thread pool-3-thread-6
 message  {Id=35e2d1c4-a64e-462a-bc22-e427647e3f15,FirstNumber=0,secondNumber=284}  written to file by thread pool-3-thread-3
 message  {Id=a26d9dd0-6ba6-4eda-9968-e3cf8cbc9422,FirstNumber=84,secondNumber=1320}  added by thread pool-3-thread-6
 message  {Id=a26d9dd0-6ba6-4eda-9968-e3cf8cbc9422,FirstNumber=84,secondNumber=1320}  written to file by thread pool-3-thread-3
 message  {Id=d470d256-4a76-4047-a3e0-a678b307e35f,FirstNumber=927,secondNumber=1363}  added by thread pool-3-thread-6
 message  {Id=d470d256-4a76-4047-a3e0-a678b307e35f,FirstNumber=927,secondNumber=1363}  written to file by thread pool-3-thread-1
 message  {Id=3b69b59a-351b-4e8a-bb59-165853f5143f,FirstNumber=696,secondNumber=341}  added by thread pool-3-thread-6
 message  {Id=3b69b59a-351b-4e8a-bb59-165853f5143f,FirstNumber=696,secondNumber=341}  written to file by thread pool-3-thread-5
 message  {Id=17f43046-1351-484c-b857-329d09ebb38b,FirstNumber=27,secondNumber=1074}  added by thread pool-3-thread-6
 message  {Id=17f43046-1351-484c-b857-329d09ebb38b,FirstNumber=27,secondNumber=1074}  written to file by thread pool-3-thread-4
 message  {Id=992d2724-eb24-478a-ad7c-dacfba4bef3f,FirstNumber=194,secondNumber=1733}  added by thread pool-3-thread-6
 message  {Id=992d2724-eb24-478a-ad7c-dacfba4bef3f,FirstNumber=194,secondNumber=1733}  written to file by thread pool-3-thread-4
 message  {Id=2045600b-561d-44f1-8e20-3142c78e3e41,FirstNumber=980,secondNumber=278}  added by thread pool-3-thread-6
 message  {Id=2045600b-561d-44f1-8e20-3142c78e3e41,FirstNumber=980,secondNumber=278}  written to file by thread pool-3-thread-3
 message  {Id=4ffddb0e-a64f-4358-bba1-1ae8b3fde76d,FirstNumber=30,secondNumber=592}  added by thread pool-3-thread-6
 message  {Id=4ffddb0e-a64f-4358-bba1-1ae8b3fde76d,FirstNumber=30,secondNumber=592}  written to file by thread pool-3-thread-3
 message  {Id=895d97d1-05d9-4df5-9871-da31772c307b,FirstNumber=843,secondNumber=1371}  added by thread pool-3-thread-6
 message  {Id=895d97d1-05d9-4df5-9871-da31772c307b,FirstNumber=843,secondNumber=1371}  written to file by thread pool-3-thread-5
 message  {Id=4bf5bef0-4928-4d4e-8df3-133d839dc618,FirstNumber=809,secondNumber=408}  added by thread pool-3-thread-6
 message  {Id=4bf5bef0-4928-4d4e-8df3-133d839dc618,FirstNumber=809,secondNumber=408}  written to file by thread pool-3-thread-5
 message  {Id=a0364c96-feff-4163-9b02-4515fff1113f,FirstNumber=900,secondNumber=1462}  added by thread pool-3-thread-6
 message  {Id=a0364c96-feff-4163-9b02-4515fff1113f,FirstNumber=900,secondNumber=1462}  written to file by thread pool-3-thread-4
 message  {Id=da78269a-9547-4092-b8c6-b38a1575f382,FirstNumber=70,secondNumber=1806}  added by thread pool-3-thread-6
 message  {Id=da78269a-9547-4092-b8c6-b38a1575f382,FirstNumber=70,secondNumber=1806}  written to file by thread pool-3-thread-4
 message  {Id=bf41dde7-e183-4fe0-aa6b-53d079951ffc,FirstNumber=781,secondNumber=1148}  added by thread pool-3-thread-6
 message  {Id=bf41dde7-e183-4fe0-aa6b-53d079951ffc,FirstNumber=781,secondNumber=1148}  written to file by thread pool-3-thread-3
 message  {Id=1b4c8043-6ca5-4734-92a6-84bc96e8290e,FirstNumber=590,secondNumber=38}  added by thread pool-3-thread-6
 message  {Id=1b4c8043-6ca5-4734-92a6-84bc96e8290e,FirstNumber=590,secondNumber=38}  written to file by thread pool-3-thread-2
 message  {Id=13cbb197-bccd-4ece-8002-8d4028e23670,FirstNumber=132,secondNumber=112}  added by thread pool-3-thread-6
 message  {Id=13cbb197-bccd-4ece-8002-8d4028e23670,FirstNumber=132,secondNumber=112}  written to file by thread pool-3-thread-2
 message  {Id=ece65062-1139-4858-a4aa-2fb76b1f2243,FirstNumber=550,secondNumber=1336}  added by thread pool-3-thread-6
 message  {Id=ece65062-1139-4858-a4aa-2fb76b1f2243,FirstNumber=550,secondNumber=1336}  written to file by thread pool-3-thread-1
 message  {Id=af91bb02-8296-43e4-a46c-412aee3d88e3,FirstNumber=449,secondNumber=111}  added by thread pool-3-thread-6
 message  {Id=af91bb02-8296-43e4-a46c-412aee3d88e3,FirstNumber=449,secondNumber=111}  written to file by thread pool-3-thread-4
 message  {Id=b1fb9779-fd2f-4c9e-a600-0642c790764f,FirstNumber=433,secondNumber=137}  added by thread pool-3-thread-6
 message  {Id=b1fb9779-fd2f-4c9e-a600-0642c790764f,FirstNumber=433,secondNumber=137}  written to file by thread pool-3-thread-4
 message  {Id=aec7e8cf-8750-4c6c-bb03-0688267eb33c,FirstNumber=155,secondNumber=971}  added by thread pool-3-thread-6
 message  {Id=aec7e8cf-8750-4c6c-bb03-0688267eb33c,FirstNumber=155,secondNumber=971}  written to file by thread pool-3-thread-5
 message  {Id=fbc7f106-9862-4efc-aa19-bfffd0af24e5,FirstNumber=705,secondNumber=1370}  added by thread pool-3-thread-6
 message  {Id=fbc7f106-9862-4efc-aa19-bfffd0af24e5,FirstNumber=705,secondNumber=1370}  written to file by thread pool-3-thread-2
 message  {Id=f2230c43-7038-4437-a8ec-86f24caabdcd,FirstNumber=513,secondNumber=1276}  added by thread pool-3-thread-6
 message  {Id=f2230c43-7038-4437-a8ec-86f24caabdcd,FirstNumber=513,secondNumber=1276}  written to file by thread pool-3-thread-1
 message  {Id=a0f7e47b-757e-4701-8faa-21bf3f1fcf0e,FirstNumber=791,secondNumber=1355}  added by thread pool-3-thread-6
 message  {Id=a0f7e47b-757e-4701-8faa-21bf3f1fcf0e,FirstNumber=791,secondNumber=1355}  written to file by thread pool-3-thread-3
 message  {Id=12aaca23-2c4f-435d-a41d-42588532b470,FirstNumber=815,secondNumber=1333}  added by thread pool-3-thread-6
 message  {Id=12aaca23-2c4f-435d-a41d-42588532b470,FirstNumber=815,secondNumber=1333}  written to file by thread pool-3-thread-4
 message  {Id=9361394d-b351-4250-af6d-5cc9b936bc2d,FirstNumber=958,secondNumber=1976}  added by thread pool-3-thread-6
 message  {Id=9361394d-b351-4250-af6d-5cc9b936bc2d,FirstNumber=958,secondNumber=1976}  written to file by thread pool-3-thread-5
 message  {Id=64f2eece-cb09-413d-a08e-4a1ddc18795b,FirstNumber=703,secondNumber=1085}  added by thread pool-3-thread-6
 message  {Id=64f2eece-cb09-413d-a08e-4a1ddc18795b,FirstNumber=703,secondNumber=1085}  written to file by thread pool-3-thread-5
 message  {Id=4701e35c-2d41-4733-a62e-59ef9e5ccd04,FirstNumber=398,secondNumber=274}  added by thread pool-3-thread-6
 message  {Id=4701e35c-2d41-4733-a62e-59ef9e5ccd04,FirstNumber=398,secondNumber=274}  written to file by thread pool-3-thread-1
 message  {Id=a6b90f0f-03ce-46de-9858-02d6f480ff91,FirstNumber=847,secondNumber=1462}  added by thread pool-3-thread-6
 message  {Id=a6b90f0f-03ce-46de-9858-02d6f480ff91,FirstNumber=847,secondNumber=1462}  written to file by thread pool-3-thread-3
 message  {Id=02ed0215-0296-44a6-8091-71149a41b070,FirstNumber=931,secondNumber=1480}  added by thread pool-3-thread-6
 message  {Id=02ed0215-0296-44a6-8091-71149a41b070,FirstNumber=931,secondNumber=1480}  written to file by thread pool-3-thread-4
 message  {Id=27dbf22d-a990-4bf5-a7ab-5d0507bc85ee,FirstNumber=830,secondNumber=936}  added by thread pool-3-thread-6
 message  {Id=27dbf22d-a990-4bf5-a7ab-5d0507bc85ee,FirstNumber=830,secondNumber=936}  written to file by thread pool-3-thread-4
 message  {Id=fc382bd6-b3e8-4c38-8abf-29b73fc4a1f0,FirstNumber=315,secondNumber=108}  written to file by thread pool-3-thread-4
 message  {Id=fc382bd6-b3e8-4c38-8abf-29b73fc4a1f0,FirstNumber=315,secondNumber=108}  added by thread pool-3-thread-6
 message  {Id=40680fa8-533a-4e40-a14a-7545721c3905,FirstNumber=678,secondNumber=152}  added by thread pool-3-thread-6
 message  {Id=40680fa8-533a-4e40-a14a-7545721c3905,FirstNumber=678,secondNumber=152}  written to file by thread pool-3-thread-1
 message  {Id=fd7ef703-48f1-4645-9f1e-8088fa92d166,FirstNumber=754,secondNumber=67}  added by thread pool-3-thread-6
 message  {Id=fd7ef703-48f1-4645-9f1e-8088fa92d166,FirstNumber=754,secondNumber=67}  written to file by thread pool-3-thread-1
 message  {Id=bfd75f20-c07b-45f8-a562-437b6baed898,FirstNumber=673,secondNumber=1323}  added by thread pool-3-thread-6
 message  {Id=bfd75f20-c07b-45f8-a562-437b6baed898,FirstNumber=673,secondNumber=1323}  written to file by thread pool-3-thread-2
 message  {Id=1e0d2558-48b0-4ec6-81d8-34cf42edf610,FirstNumber=486,secondNumber=986}  added by thread pool-3-thread-6
 message  {Id=1e0d2558-48b0-4ec6-81d8-34cf42edf610,FirstNumber=486,secondNumber=986}  written to file by thread pool-3-thread-5
 message  {Id=5e132abb-f040-40a0-911b-1ee30b0391bc,FirstNumber=249,secondNumber=538}  added by thread pool-3-thread-6
 message  {Id=5e132abb-f040-40a0-911b-1ee30b0391bc,FirstNumber=249,secondNumber=538}  written to file by thread pool-3-thread-4
 message  {Id=e82bade7-000a-484f-840e-499dc8c75975,FirstNumber=824,secondNumber=612}  added by thread pool-3-thread-6
 message  {Id=e82bade7-000a-484f-840e-499dc8c75975,FirstNumber=824,secondNumber=612}  written to file by thread pool-3-thread-4
 message  {Id=57ac63bd-a461-4328-8831-0f6a1a101dbd,FirstNumber=152,secondNumber=798}  added by thread pool-3-thread-6
 message  {Id=57ac63bd-a461-4328-8831-0f6a1a101dbd,FirstNumber=152,secondNumber=798}  written to file by thread pool-3-thread-1
 message  {Id=7604de25-7a39-4155-bbd6-150d92c9afda,FirstNumber=836,secondNumber=161}  added by thread pool-3-thread-6
 message  {Id=7604de25-7a39-4155-bbd6-150d92c9afda,FirstNumber=836,secondNumber=161}  written to file by thread pool-3-thread-1
 message  {Id=e4a34e2e-de6b-4087-acdb-0670d57656cc,FirstNumber=988,secondNumber=698}  added by thread pool-3-thread-6
 message  {Id=e4a34e2e-de6b-4087-acdb-0670d57656cc,FirstNumber=988,secondNumber=698}  written to file by thread pool-3-thread-5
 message  {Id=6a128ecd-a4a6-4907-b0df-10762942a4e6,FirstNumber=312,secondNumber=1862}  added by thread pool-3-thread-6
 message  {Id=6a128ecd-a4a6-4907-b0df-10762942a4e6,FirstNumber=312,secondNumber=1862}  written to file by thread pool-3-thread-3
 message  {Id=9cdfe6f8-9997-48aa-9491-467d7707797a,FirstNumber=855,secondNumber=1175}  added by thread pool-3-thread-6
 message  {Id=9cdfe6f8-9997-48aa-9491-467d7707797a,FirstNumber=855,secondNumber=1175}  written to file by thread pool-3-thread-4
 message  {Id=8b17874b-9804-4c30-8347-828c5af4824b,FirstNumber=315,secondNumber=458}  added by thread pool-3-thread-6
 message  {Id=8b17874b-9804-4c30-8347-828c5af4824b,FirstNumber=315,secondNumber=458}  written to file by thread pool-3-thread-4
 message  {Id=67d1ff0d-35cc-41f1-bc57-b8cdaa15dace,FirstNumber=198,secondNumber=1487}  added by thread pool-3-thread-6
 message  {Id=67d1ff0d-35cc-41f1-bc57-b8cdaa15dace,FirstNumber=198,secondNumber=1487}  written to file by thread pool-3-thread-1
 message  {Id=fa8fa3df-bc3d-484d-aaad-f16d9f785235,FirstNumber=507,secondNumber=1539}  added by thread pool-3-thread-6
 message  {Id=fa8fa3df-bc3d-484d-aaad-f16d9f785235,FirstNumber=507,secondNumber=1539}  written to file by thread pool-3-thread-5
 message  {Id=97689018-9585-4d1f-a6a4-f729cea59aba,FirstNumber=157,secondNumber=793}  added by thread pool-3-thread-6
 message  {Id=97689018-9585-4d1f-a6a4-f729cea59aba,FirstNumber=157,secondNumber=793}  written to file by thread pool-3-thread-3
 message  {Id=456e1fed-59d2-443c-99c7-63737b612ef6,FirstNumber=487,secondNumber=1996}  added by thread pool-3-thread-6
 message  {Id=456e1fed-59d2-443c-99c7-63737b612ef6,FirstNumber=487,secondNumber=1996}  written to file by thread pool-3-thread-2
 message  {Id=d3d6f637-2260-4075-b808-b8520bf39426,FirstNumber=721,secondNumber=392}  added by thread pool-3-thread-6
 message  {Id=d3d6f637-2260-4075-b808-b8520bf39426,FirstNumber=721,secondNumber=392}  written to file by thread pool-3-thread-4
 message  {Id=65b8869c-b1e8-4d93-9ee5-1005716dc8a4,FirstNumber=459,secondNumber=313}  added by thread pool-3-thread-6
 message  {Id=65b8869c-b1e8-4d93-9ee5-1005716dc8a4,FirstNumber=459,secondNumber=313}  written to file by thread pool-3-thread-4
 message  {Id=b902d0e1-e1f6-4fff-82c8-12a1fb4c6cfd,FirstNumber=672,secondNumber=740}  added by thread pool-3-thread-6
 message  {Id=b902d0e1-e1f6-4fff-82c8-12a1fb4c6cfd,FirstNumber=672,secondNumber=740}  written to file by thread pool-3-thread-5
 message  {Id=9876334e-abdd-40d2-990e-43813aee6a82,FirstNumber=241,secondNumber=435}  added by thread pool-3-thread-6
 message  {Id=9876334e-abdd-40d2-990e-43813aee6a82,FirstNumber=241,secondNumber=435}  written to file by thread pool-3-thread-3
 message  {Id=5ac85bbe-9c98-4ad7-9b83-80b1baead4d5,FirstNumber=513,secondNumber=886}  added by thread pool-3-thread-6
 message  {Id=5ac85bbe-9c98-4ad7-9b83-80b1baead4d5,FirstNumber=513,secondNumber=886}  written to file by thread pool-3-thread-2
 message  {Id=3c3db22f-89dc-45d7-bfa2-ed469803b609,FirstNumber=527,secondNumber=1427}  added by thread pool-3-thread-6
 message  {Id=3c3db22f-89dc-45d7-bfa2-ed469803b609,FirstNumber=527,secondNumber=1427}  written to file by thread pool-3-thread-1
 message  {Id=bf8fbca1-bf50-4201-9b59-cffb5893b8bf,FirstNumber=486,secondNumber=147}  added by thread pool-3-thread-6
 message  {Id=bf8fbca1-bf50-4201-9b59-cffb5893b8bf,FirstNumber=486,secondNumber=147}  written to file by thread pool-3-thread-4
 message  {Id=ccbc801d-08ef-4b0f-ac35-d489e14740e9,FirstNumber=941,secondNumber=148}  added by thread pool-3-thread-6
 message  {Id=ccbc801d-08ef-4b0f-ac35-d489e14740e9,FirstNumber=941,secondNumber=148}  written to file by thread pool-3-thread-5
 message  {Id=8d376c6e-9eb3-464a-a109-a6af1e52195e,FirstNumber=826,secondNumber=7}  added by thread pool-3-thread-6
 message  {Id=8d376c6e-9eb3-464a-a109-a6af1e52195e,FirstNumber=826,secondNumber=7}  written to file by thread pool-3-thread-3
 message  {Id=a2dfc486-e64d-452d-acaa-5d5373a3e92e,FirstNumber=730,secondNumber=1606}  added by thread pool-3-thread-6
 message  {Id=a2dfc486-e64d-452d-acaa-5d5373a3e92e,FirstNumber=730,secondNumber=1606}  written to file by thread pool-3-thread-3
 message  {Id=7921d0f9-df52-4716-9a92-d22e9488e78e,FirstNumber=206,secondNumber=990}  added by thread pool-3-thread-6
 message  {Id=7921d0f9-df52-4716-9a92-d22e9488e78e,FirstNumber=206,secondNumber=990}  written to file by thread pool-3-thread-1
 message  {Id=a582b23d-7644-4455-803c-83e88f6b1953,FirstNumber=415,secondNumber=622}  added by thread pool-3-thread-6
 message  {Id=a582b23d-7644-4455-803c-83e88f6b1953,FirstNumber=415,secondNumber=622}  written to file by thread pool-3-thread-4
 message  {Id=281d26dc-9e07-470a-a35c-af406435f79e,FirstNumber=809,secondNumber=173}  added by thread pool-3-thread-6
 message  {Id=281d26dc-9e07-470a-a35c-af406435f79e,FirstNumber=809,secondNumber=173}  written to file by thread pool-3-thread-5
 message  {Id=2a3af401-9cad-4c25-9372-5c79b7751886,FirstNumber=207,secondNumber=1632}  added by thread pool-3-thread-6
 message  {Id=2a3af401-9cad-4c25-9372-5c79b7751886,FirstNumber=207,secondNumber=1632}  written to file by thread pool-3-thread-2
 message  {Id=d5e0e906-ead2-4a41-b3b3-75023a52482e,FirstNumber=463,secondNumber=513}  added by thread pool-3-thread-6
 message  {Id=d5e0e906-ead2-4a41-b3b3-75023a52482e,FirstNumber=463,secondNumber=513}  written to file by thread pool-3-thread-3
 message  {Id=090c58e1-92d7-4747-8e96-cf3de5fe9930,FirstNumber=997,secondNumber=1015}  added by thread pool-3-thread-6
 message  {Id=090c58e1-92d7-4747-8e96-cf3de5fe9930,FirstNumber=997,secondNumber=1015}  written to file by thread pool-3-thread-1
 message  {Id=2d09267e-e978-4edc-9551-459312468364,FirstNumber=483,secondNumber=1889}  added by thread pool-3-thread-6
 message  {Id=2d09267e-e978-4edc-9551-459312468364,FirstNumber=483,secondNumber=1889}  written to file by thread pool-3-thread-4
 message  {Id=f5b162db-ca0a-4698-b42e-9bfee1be74e6,FirstNumber=1,secondNumber=335}  added by thread pool-3-thread-6
 message  {Id=f5b162db-ca0a-4698-b42e-9bfee1be74e6,FirstNumber=1,secondNumber=335}  written to file by thread pool-3-thread-4
 message  {Id=7095d5c9-01f8-416c-9207-ecf9aadaa609,FirstNumber=633,secondNumber=1523}  added by thread pool-3-thread-6
 message  {Id=7095d5c9-01f8-416c-9207-ecf9aadaa609,FirstNumber=633,secondNumber=1523}  written to file by thread pool-3-thread-2
 message  {Id=6ce0fbef-4c80-42c2-8265-96edb7b78ea3,FirstNumber=816,secondNumber=1364}  added by thread pool-3-thread-6
 message  {Id=6ce0fbef-4c80-42c2-8265-96edb7b78ea3,FirstNumber=816,secondNumber=1364}  written to file by thread pool-3-thread-2
 message  {Id=91b44e93-4e1c-4ffb-8454-bdeaf54d229f,FirstNumber=701,secondNumber=1572}  added by thread pool-3-thread-6
 message  {Id=91b44e93-4e1c-4ffb-8454-bdeaf54d229f,FirstNumber=701,secondNumber=1572}  written to file by thread pool-3-thread-1
 message  {Id=ffc47621-5994-477c-b2fb-4805a1152698,FirstNumber=726,secondNumber=671}  added by thread pool-3-thread-6
 message  {Id=ffc47621-5994-477c-b2fb-4805a1152698,FirstNumber=726,secondNumber=671}  written to file by thread pool-3-thread-5
 message  {Id=334d09d9-60ef-4f56-9667-17687db1b1a0,FirstNumber=147,secondNumber=77}  added by thread pool-3-thread-6
 message  {Id=334d09d9-60ef-4f56-9667-17687db1b1a0,FirstNumber=147,secondNumber=77}  written to file by thread pool-3-thread-5
 message  {Id=174d306f-36ff-4825-9b19-d59c0b9b6656,FirstNumber=245,secondNumber=1726}  added by thread pool-3-thread-6
 message  {Id=174d306f-36ff-4825-9b19-d59c0b9b6656,FirstNumber=245,secondNumber=1726}  written to file by thread pool-3-thread-3
 message  {Id=4f1a5f06-d147-4ebc-8c2b-794b2ce99de1,FirstNumber=296,secondNumber=451}  added by thread pool-3-thread-6
 message  {Id=4f1a5f06-d147-4ebc-8c2b-794b2ce99de1,FirstNumber=296,secondNumber=451}  written to file by thread pool-3-thread-2
 message  {Id=2f8cd343-9633-4c66-88a6-7edb575ba5d8,FirstNumber=300,secondNumber=637}  added by thread pool-3-thread-6
 message  {Id=2f8cd343-9633-4c66-88a6-7edb575ba5d8,FirstNumber=300,secondNumber=637}  written to file by thread pool-3-thread-2
 message  {Id=5dfd7137-1251-4d33-84d1-158eff6ba79a,FirstNumber=545,secondNumber=775}  added by thread pool-3-thread-6
 message  {Id=5dfd7137-1251-4d33-84d1-158eff6ba79a,FirstNumber=545,secondNumber=775}  written to file by thread pool-3-thread-4
 message  {Id=545540eb-a436-43eb-8f0e-20266c28b716,FirstNumber=692,secondNumber=1593}  added by thread pool-3-thread-6
 message  {Id=545540eb-a436-43eb-8f0e-20266c28b716,FirstNumber=692,secondNumber=1593}  written to file by thread pool-3-thread-4
 message  {Id=f11c94fc-ba92-413e-b6a3-78083de41432,FirstNumber=134,secondNumber=1869}  added by thread pool-3-thread-6
 message  {Id=f11c94fc-ba92-413e-b6a3-78083de41432,FirstNumber=134,secondNumber=1869}  written to file by thread pool-3-thread-3
 message  {Id=53149ab9-ed4f-4b69-849e-ee2675eb2779,FirstNumber=766,secondNumber=879}  added by thread pool-3-thread-6
 message  {Id=53149ab9-ed4f-4b69-849e-ee2675eb2779,FirstNumber=766,secondNumber=879}  written to file by thread pool-3-thread-3
 message  {Id=5e42ce10-a1ad-4c9d-8491-1905045fb9d5,FirstNumber=933,secondNumber=38}  added by thread pool-3-thread-6
 message  {Id=5e42ce10-a1ad-4c9d-8491-1905045fb9d5,FirstNumber=933,secondNumber=38}  written to file by thread pool-3-thread-2
 message  {Id=3167f2e7-d6cc-44bc-8e06-43cbfcc984ca,FirstNumber=68,secondNumber=31}  added by thread pool-3-thread-6
 message  {Id=3167f2e7-d6cc-44bc-8e06-43cbfcc984ca,FirstNumber=68,secondNumber=31}  written to file by thread pool-3-thread-2
 message  {Id=18cd1003-9271-423a-ab41-b17873c06021,FirstNumber=568,secondNumber=1405}  added by thread pool-3-thread-6
 message  {Id=18cd1003-9271-423a-ab41-b17873c06021,FirstNumber=568,secondNumber=1405}  written to file by thread pool-3-thread-4
 message  {Id=0aa7f87f-b0d9-4284-a846-2ab62f867c4b,FirstNumber=273,secondNumber=507}  added by thread pool-3-thread-6
 message  {Id=0aa7f87f-b0d9-4284-a846-2ab62f867c4b,FirstNumber=273,secondNumber=507}  written to file by thread pool-3-thread-4
 message  {Id=d2cf5485-ac84-4e4c-b649-4535254fd700,FirstNumber=482,secondNumber=944}  added by thread pool-3-thread-6
 message  {Id=d2cf5485-ac84-4e4c-b649-4535254fd700,FirstNumber=482,secondNumber=944}  written to file by thread pool-3-thread-3
 message  {Id=f658301d-bddb-4bcd-b47c-9ac2f3cabc7b,FirstNumber=546,secondNumber=1337}  added by thread pool-3-thread-6
 message  {Id=f658301d-bddb-4bcd-b47c-9ac2f3cabc7b,FirstNumber=546,secondNumber=1337}  written to file by thread pool-3-thread-5
 message  {Id=bb4e8218-4096-4fa9-b969-e824cdec8f72,FirstNumber=466,secondNumber=202}  added by thread pool-3-thread-6
 message  {Id=bb4e8218-4096-4fa9-b969-e824cdec8f72,FirstNumber=466,secondNumber=202}  written to file by thread pool-3-thread-2
 message  {Id=b991a99e-89fd-4621-a87e-440f9df8fc70,FirstNumber=732,secondNumber=1526}  added by thread pool-3-thread-6
 message  {Id=b991a99e-89fd-4621-a87e-440f9df8fc70,FirstNumber=732,secondNumber=1526}  written to file by thread pool-3-thread-2
 message  {Id=361599ce-aa4d-4462-8174-534c3fe734d7,FirstNumber=52,secondNumber=1467}  added by thread pool-3-thread-6
 message  {Id=361599ce-aa4d-4462-8174-534c3fe734d7,FirstNumber=52,secondNumber=1467}  written to file by thread pool-3-thread-4
 message  {Id=058730fe-6652-4e94-b1fb-04e0598c42ec,FirstNumber=223,secondNumber=1694}  added by thread pool-3-thread-6
 message  {Id=058730fe-6652-4e94-b1fb-04e0598c42ec,FirstNumber=223,secondNumber=1694}  written to file by thread pool-3-thread-4
 message  {Id=3e3991bf-f1cd-4cd2-a09a-ea8876c29d7b,FirstNumber=734,secondNumber=927}  added by thread pool-3-thread-6
 message  {Id=3e3991bf-f1cd-4cd2-a09a-ea8876c29d7b,FirstNumber=734,secondNumber=927}  written to file by thread pool-3-thread-5
 message  {Id=ee0bc7d2-7373-4fee-9dce-fad3f7f8592d,FirstNumber=518,secondNumber=1693}  added by thread pool-3-thread-6
 message  {Id=ee0bc7d2-7373-4fee-9dce-fad3f7f8592d,FirstNumber=518,secondNumber=1693}  written to file by thread pool-3-thread-5
 message  {Id=cca23b98-3ea4-42ed-bee6-068f2a86cca9,FirstNumber=585,secondNumber=111}  added by thread pool-3-thread-6
 message  {Id=cca23b98-3ea4-42ed-bee6-068f2a86cca9,FirstNumber=585,secondNumber=111}  written to file by thread pool-3-thread-5
 message  {Id=c3973ac7-9ced-4644-9eb9-8f29e513dab5,FirstNumber=283,secondNumber=1875}  added by thread pool-3-thread-6
 message  {Id=c3973ac7-9ced-4644-9eb9-8f29e513dab5,FirstNumber=283,secondNumber=1875}  written to file by thread pool-3-thread-3
 message  {Id=701cdf1e-cd96-4904-86fd-51950dad2ef9,FirstNumber=760,secondNumber=1102}  added by thread pool-3-thread-6
 message  {Id=701cdf1e-cd96-4904-86fd-51950dad2ef9,FirstNumber=760,secondNumber=1102}  written to file by thread pool-3-thread-3
 message  {Id=f50edefe-ea1f-4d81-949e-d3486329be78,FirstNumber=110,secondNumber=1073}  added by thread pool-3-thread-6
 message  {Id=f50edefe-ea1f-4d81-949e-d3486329be78,FirstNumber=110,secondNumber=1073}  written to file by thread pool-3-thread-1
 message  {Id=19ffb7e1-9dee-4509-9a3e-aa63a33d21d8,FirstNumber=937,secondNumber=1055}  added by thread pool-3-thread-6
 message  {Id=19ffb7e1-9dee-4509-9a3e-aa63a33d21d8,FirstNumber=937,secondNumber=1055}  written to file by thread pool-3-thread-2
 message  {Id=f1dcee32-6901-4c38-bf05-af898e66bc5d,FirstNumber=105,secondNumber=626}  added by thread pool-3-thread-6
 message  {Id=f1dcee32-6901-4c38-bf05-af898e66bc5d,FirstNumber=105,secondNumber=626}  written to file by thread pool-3-thread-2
 message  {Id=f987d786-edb7-4cb0-94af-9cf6609b177b,FirstNumber=300,secondNumber=136}  added by thread pool-3-thread-6
 message  {Id=f987d786-edb7-4cb0-94af-9cf6609b177b,FirstNumber=300,secondNumber=136}  written to file by thread pool-3-thread-4
 message  {Id=89152f94-eb77-4a2c-b1ff-bfc5cffdbe3e,FirstNumber=292,secondNumber=1194}  added by thread pool-3-thread-6
 message  {Id=89152f94-eb77-4a2c-b1ff-bfc5cffdbe3e,FirstNumber=292,secondNumber=1194}  written to file by thread pool-3-thread-3
 message  {Id=6caa537e-4acb-45e2-86ea-db969fa5eff7,FirstNumber=341,secondNumber=253}  added by thread pool-3-thread-6
 message  {Id=6caa537e-4acb-45e2-86ea-db969fa5eff7,FirstNumber=341,secondNumber=253}  written to file by thread pool-3-thread-1
 message  {Id=8136dac6-7a0f-44d7-b916-3022aca8e50f,FirstNumber=950,secondNumber=128}  added by thread pool-3-thread-6
 message  {Id=8136dac6-7a0f-44d7-b916-3022aca8e50f,FirstNumber=950,secondNumber=128}  written to file by thread pool-3-thread-1
 message  {Id=aa213793-ccf8-4803-abc5-bf4640170fdf,FirstNumber=741,secondNumber=1855}  added by thread pool-3-thread-6
 message  {Id=aa213793-ccf8-4803-abc5-bf4640170fdf,FirstNumber=741,secondNumber=1855}  written to file by thread pool-3-thread-2
 message  {Id=03ae0a3e-4973-4e7b-a5fc-178bc163022b,FirstNumber=699,secondNumber=26}  added by thread pool-3-thread-6
 message  {Id=03ae0a3e-4973-4e7b-a5fc-178bc163022b,FirstNumber=699,secondNumber=26}  written to file by thread pool-3-thread-2
 message  {Id=6c126229-66fd-4e31-be98-618ba49bdce1,FirstNumber=910,secondNumber=340}  added by thread pool-3-thread-6
 message  {Id=6c126229-66fd-4e31-be98-618ba49bdce1,FirstNumber=910,secondNumber=340}  written to file by thread pool-3-thread-3
 message  {Id=6931b58c-7b98-49af-86fa-62005ab57952,FirstNumber=330,secondNumber=289}  added by thread pool-3-thread-6
 message  {Id=6931b58c-7b98-49af-86fa-62005ab57952,FirstNumber=330,secondNumber=289}  written to file by thread pool-3-thread-3
 message  {Id=01d5cc02-c5f4-454e-8cc0-2a14905c0c31,FirstNumber=569,secondNumber=866}  added by thread pool-3-thread-6
 message  {Id=01d5cc02-c5f4-454e-8cc0-2a14905c0c31,FirstNumber=569,secondNumber=866}  written to file by thread pool-3-thread-1
 message  {Id=70ac1c82-57d0-40ac-9735-628ef2f1780e,FirstNumber=981,secondNumber=276}  added by thread pool-3-thread-6
 message  {Id=70ac1c82-57d0-40ac-9735-628ef2f1780e,FirstNumber=981,secondNumber=276}  written to file by thread pool-3-thread-4
 message  {Id=216f8641-91d6-48b1-87e8-93f4bd71e591,FirstNumber=525,secondNumber=290}  added by thread pool-3-thread-6
 message  {Id=216f8641-91d6-48b1-87e8-93f4bd71e591,FirstNumber=525,secondNumber=290}  written to file by thread pool-3-thread-4
 message  {Id=f2fd21d4-4762-429a-aabe-2ca7b55bec9f,FirstNumber=598,secondNumber=1292}  added by thread pool-3-thread-6
 message  {Id=f2fd21d4-4762-429a-aabe-2ca7b55bec9f,FirstNumber=598,secondNumber=1292}  written to file by thread pool-3-thread-5
 message  {Id=c916c399-cd6d-42c3-b9d3-fe4112430baa,FirstNumber=742,secondNumber=99}  added by thread pool-3-thread-6
 message  {Id=c916c399-cd6d-42c3-b9d3-fe4112430baa,FirstNumber=742,secondNumber=99}  written to file by thread pool-3-thread-3
 message  {Id=d95bc5ea-f5e4-4063-bbf2-426bcbb5844a,FirstNumber=865,secondNumber=310}  added by thread pool-3-thread-6
 message  {Id=d95bc5ea-f5e4-4063-bbf2-426bcbb5844a,FirstNumber=865,secondNumber=310}  written to file by thread pool-3-thread-1
 message  {Id=5fd7a2c9-c183-4389-aa49-6922e011cd76,FirstNumber=69,secondNumber=1881}  added by thread pool-3-thread-6
 message  {Id=5fd7a2c9-c183-4389-aa49-6922e011cd76,FirstNumber=69,secondNumber=1881}  written to file by thread pool-3-thread-1
 message  {Id=19aab12c-223a-4065-b606-11e7fefa516c,FirstNumber=9,secondNumber=488}  added by thread pool-3-thread-6
 message  {Id=19aab12c-223a-4065-b606-11e7fefa516c,FirstNumber=9,secondNumber=488}  written to file by thread pool-3-thread-4
 message  {Id=99d10219-59e2-4175-9644-7cbacac2a0a6,FirstNumber=809,secondNumber=1923}  added by thread pool-3-thread-6
 message  {Id=99d10219-59e2-4175-9644-7cbacac2a0a6,FirstNumber=809,secondNumber=1923}  written to file by thread pool-3-thread-5
 message  {Id=e0a091ad-593a-43fd-9636-b867e039c111,FirstNumber=521,secondNumber=350}  added by thread pool-3-thread-6
 message  {Id=e0a091ad-593a-43fd-9636-b867e039c111,FirstNumber=521,secondNumber=350}  written to file by thread pool-3-thread-3
 message  {Id=cbb2e599-d694-4e37-b009-5b1a216f19b1,FirstNumber=209,secondNumber=1376}  added by thread pool-3-thread-6
 message  {Id=cbb2e599-d694-4e37-b009-5b1a216f19b1,FirstNumber=209,secondNumber=1376}  written to file by thread pool-3-thread-2
 message  {Id=3a3cb3ae-3e52-400e-adb0-2525f7909baa,FirstNumber=339,secondNumber=1973}  added by thread pool-3-thread-6
 message  {Id=3a3cb3ae-3e52-400e-adb0-2525f7909baa,FirstNumber=339,secondNumber=1973}  written to file by thread pool-3-thread-1
 message  {Id=88e306d4-12f7-4ab2-bd73-9ca8e693805f,FirstNumber=609,secondNumber=957}  added by thread pool-3-thread-6
 message  {Id=88e306d4-12f7-4ab2-bd73-9ca8e693805f,FirstNumber=609,secondNumber=957}  written to file by thread pool-3-thread-4
 message  {Id=abefbc92-4686-4a4a-b15b-8c396cbf7b06,FirstNumber=187,secondNumber=467}  added by thread pool-3-thread-6
 message  {Id=abefbc92-4686-4a4a-b15b-8c396cbf7b06,FirstNumber=187,secondNumber=467}  written to file by thread pool-3-thread-4
 message  {Id=bfc1803c-a8f4-4263-b359-412e88573307,FirstNumber=373,secondNumber=60}  added by thread pool-3-thread-6
 message  {Id=bfc1803c-a8f4-4263-b359-412e88573307,FirstNumber=373,secondNumber=60}  written to file by thread pool-3-thread-3
 message  {Id=e6e22641-dfec-48c2-b2e5-2de6a0d3400d,FirstNumber=999,secondNumber=172}  added by thread pool-3-thread-6
 message  {Id=e6e22641-dfec-48c2-b2e5-2de6a0d3400d,FirstNumber=999,secondNumber=172}  written to file by thread pool-3-thread-2
 message  {Id=376e0937-7808-450e-814f-8adaddae78c9,FirstNumber=64,secondNumber=879}  added by thread pool-3-thread-6
 message  {Id=376e0937-7808-450e-814f-8adaddae78c9,FirstNumber=64,secondNumber=879}  written to file by thread pool-3-thread-1
 message  {Id=f54935d6-730a-425e-bea2-bced26ed3dec,FirstNumber=689,secondNumber=1592}  added by thread pool-3-thread-6
 message  {Id=f54935d6-730a-425e-bea2-bced26ed3dec,FirstNumber=689,secondNumber=1592}  written to file by thread pool-3-thread-1
 message  {Id=a11967d4-7f81-4985-9481-1b9b9a993f5c,FirstNumber=440,secondNumber=1358}  added by thread pool-3-thread-6
 message  {Id=a11967d4-7f81-4985-9481-1b9b9a993f5c,FirstNumber=440,secondNumber=1358}  written to file by thread pool-3-thread-4
 message  {Id=32e1d2cf-9d17-40dc-930a-ec4195afc083,FirstNumber=570,secondNumber=1169}  added by thread pool-3-thread-6
 message  {Id=32e1d2cf-9d17-40dc-930a-ec4195afc083,FirstNumber=570,secondNumber=1169}  written to file by thread pool-3-thread-4
 message  {Id=2207eb5e-0e61-48f5-9f3e-f6c0e9c04b77,FirstNumber=92,secondNumber=1302}  added by thread pool-3-thread-6
 message  {Id=2207eb5e-0e61-48f5-9f3e-f6c0e9c04b77,FirstNumber=92,secondNumber=1302}  written to file by thread pool-3-thread-2
 message  {Id=6b592882-3ea6-404c-b251-2a316b04e18f,FirstNumber=529,secondNumber=1163}  added by thread pool-3-thread-6
 message  {Id=6b592882-3ea6-404c-b251-2a316b04e18f,FirstNumber=529,secondNumber=1163}  written to file by thread pool-3-thread-2
 message  {Id=a9eb3010-49cd-476f-a7ad-2015f457c408,FirstNumber=530,secondNumber=1472}  added by thread pool-3-thread-6
 message  {Id=a9eb3010-49cd-476f-a7ad-2015f457c408,FirstNumber=530,secondNumber=1472}  written to file by thread pool-3-thread-1
 message  {Id=da9c533e-cee7-4412-ab5a-073f8fc16821,FirstNumber=159,secondNumber=781}  added by thread pool-3-thread-6
 message  {Id=da9c533e-cee7-4412-ab5a-073f8fc16821,FirstNumber=159,secondNumber=781}  written to file by thread pool-3-thread-1
 message  {Id=0b00dddc-eaba-4eab-ba04-304e24c5e054,FirstNumber=192,secondNumber=987}  added by thread pool-3-thread-6
 message  {Id=0b00dddc-eaba-4eab-ba04-304e24c5e054,FirstNumber=192,secondNumber=987}  written to file by thread pool-3-thread-4
 message  {Id=63e86179-dbb0-4827-bd6e-bd51943eb035,FirstNumber=721,secondNumber=1394}  added by thread pool-3-thread-6
 message  {Id=63e86179-dbb0-4827-bd6e-bd51943eb035,FirstNumber=721,secondNumber=1394}  written to file by thread pool-3-thread-4
 message  {Id=e5d70819-2887-4a0d-a847-bdd21f738209,FirstNumber=294,secondNumber=849}  added by thread pool-3-thread-6
 message  {Id=e5d70819-2887-4a0d-a847-bdd21f738209,FirstNumber=294,secondNumber=849}  written to file by thread pool-3-thread-2
 message  {Id=838a3e23-a86b-4101-9142-6160b3b157ec,FirstNumber=247,secondNumber=1618}  added by thread pool-3-thread-6
 message  {Id=838a3e23-a86b-4101-9142-6160b3b157ec,FirstNumber=247,secondNumber=1618}  written to file by thread pool-3-thread-3
 message  {Id=32d732da-a5c2-4cfd-87d6-e8ec08b85773,FirstNumber=967,secondNumber=1166}  added by thread pool-3-thread-6
 message  {Id=32d732da-a5c2-4cfd-87d6-e8ec08b85773,FirstNumber=967,secondNumber=1166}  written to file by thread pool-3-thread-1
 message  {Id=63a5131c-6359-44b7-8716-a655a10833dd,FirstNumber=381,secondNumber=213}  added by thread pool-3-thread-6
 message  {Id=63a5131c-6359-44b7-8716-a655a10833dd,FirstNumber=381,secondNumber=213}  written to file by thread pool-3-thread-5
 message  {Id=af2e781c-c311-4663-9466-fea62d61dc64,FirstNumber=589,secondNumber=466}  added by thread pool-3-thread-6
 message  {Id=af2e781c-c311-4663-9466-fea62d61dc64,FirstNumber=589,secondNumber=466}  written to file by thread pool-3-thread-4
 message  {Id=0cdddc73-15e2-4a7f-b373-0cfa25eb5974,FirstNumber=226,secondNumber=585}  added by thread pool-3-thread-6
 message  {Id=0cdddc73-15e2-4a7f-b373-0cfa25eb5974,FirstNumber=226,secondNumber=585}  written to file by thread pool-3-thread-2
 message  {Id=d3849710-47a1-462f-a516-3779a715e250,FirstNumber=701,secondNumber=407}  added by thread pool-3-thread-6
 message  {Id=d3849710-47a1-462f-a516-3779a715e250,FirstNumber=701,secondNumber=407}  written to file by thread pool-3-thread-3
 message  {Id=04465978-aea4-43cf-abf7-66a222b12a53,FirstNumber=992,secondNumber=1104}  added by thread pool-3-thread-6
 message  {Id=04465978-aea4-43cf-abf7-66a222b12a53,FirstNumber=992,secondNumber=1104}  written to file by thread pool-3-thread-1
 message  {Id=d8297453-7737-4e20-9140-4ef3be2fe26b,FirstNumber=482,secondNumber=593}  added by thread pool-3-thread-6
 message  {Id=d8297453-7737-4e20-9140-4ef3be2fe26b,FirstNumber=482,secondNumber=593}  written to file by thread pool-3-thread-5
 message  {Id=8217c6f8-f604-45ed-91ba-ce3c84ba2142,FirstNumber=509,secondNumber=806}  added by thread pool-3-thread-6
 message  {Id=8217c6f8-f604-45ed-91ba-ce3c84ba2142,FirstNumber=509,secondNumber=806}  written to file by thread pool-3-thread-4
 message  {Id=335c4ba0-5227-478c-8c80-3222415d87ec,FirstNumber=802,secondNumber=321}  added by thread pool-3-thread-6
 message  {Id=335c4ba0-5227-478c-8c80-3222415d87ec,FirstNumber=802,secondNumber=321}  written to file by thread pool-3-thread-4
 message  {Id=4a910659-9c69-46a6-b1ac-bf68a1acaa58,FirstNumber=536,secondNumber=1020}  added by thread pool-3-thread-6
 message  {Id=4a910659-9c69-46a6-b1ac-bf68a1acaa58,FirstNumber=536,secondNumber=1020}  written to file by thread pool-3-thread-3
 message  {Id=401be0ac-ea34-4d03-bc6a-8fbf1db087cd,FirstNumber=573,secondNumber=343}  added by thread pool-3-thread-6
 message  {Id=401be0ac-ea34-4d03-bc6a-8fbf1db087cd,FirstNumber=573,secondNumber=343}  written to file by thread pool-3-thread-1
 message  {Id=07e0feb7-2dda-4bad-b5bc-e3305f7e3f04,FirstNumber=403,secondNumber=285}  added by thread pool-3-thread-6
 message  {Id=07e0feb7-2dda-4bad-b5bc-e3305f7e3f04,FirstNumber=403,secondNumber=285}  written to file by thread pool-3-thread-1
 message  {Id=2ef9073e-8fc1-40da-9324-5102ccbf8048,FirstNumber=335,secondNumber=471}  added by thread pool-3-thread-6
 message  {Id=2ef9073e-8fc1-40da-9324-5102ccbf8048,FirstNumber=335,secondNumber=471}  written to file by thread pool-3-thread-2
 message  {Id=8853e04d-eb79-4461-bb31-5883f2b59281,FirstNumber=108,secondNumber=1495}  added by thread pool-3-thread-6
 message  {Id=8853e04d-eb79-4461-bb31-5883f2b59281,FirstNumber=108,secondNumber=1495}  written to file by thread pool-3-thread-4
 message  {Id=2dcf055f-43fa-4eb3-a536-c59a21d4fa32,FirstNumber=166,secondNumber=1750}  added by thread pool-3-thread-6
 message  {Id=2dcf055f-43fa-4eb3-a536-c59a21d4fa32,FirstNumber=166,secondNumber=1750}  written to file by thread pool-3-thread-3
 message  {Id=b1108783-28f6-46de-a686-5c9b3b518d94,FirstNumber=668,secondNumber=1426}  added by thread pool-3-thread-6
 message  {Id=b1108783-28f6-46de-a686-5c9b3b518d94,FirstNumber=668,secondNumber=1426}  written to file by thread pool-3-thread-5
 message  {Id=e34cdce1-024d-46c6-b305-8e35b554a9bc,FirstNumber=897,secondNumber=1124}  added by thread pool-3-thread-6
 message  {Id=e34cdce1-024d-46c6-b305-8e35b554a9bc,FirstNumber=897,secondNumber=1124}  written to file by thread pool-3-thread-1
 message  {Id=6dae9e68-7870-404f-8b94-773c07ad2634,FirstNumber=711,secondNumber=1998}  added by thread pool-3-thread-6
 message  {Id=6dae9e68-7870-404f-8b94-773c07ad2634,FirstNumber=711,secondNumber=1998}  written to file by thread pool-3-thread-1
 message  {Id=9f08ea3a-8700-40f5-b649-e926a8d37a1a,FirstNumber=360,secondNumber=570}  added by thread pool-3-thread-6
 message  {Id=9f08ea3a-8700-40f5-b649-e926a8d37a1a,FirstNumber=360,secondNumber=570}  written to file by thread pool-3-thread-4
 message  {Id=6a42035c-d149-4df2-aa9f-6b0af172d4a1,FirstNumber=171,secondNumber=1199}  added by thread pool-3-thread-6
 message  {Id=6a42035c-d149-4df2-aa9f-6b0af172d4a1,FirstNumber=171,secondNumber=1199}  written to file by thread pool-3-thread-4
 message  {Id=517ccbcc-f566-4beb-99af-dc0dc0f8e6d8,FirstNumber=356,secondNumber=896}  added by thread pool-3-thread-6
 message  {Id=517ccbcc-f566-4beb-99af-dc0dc0f8e6d8,FirstNumber=356,secondNumber=896}  written to file by thread pool-3-thread-5
 message  {Id=6d3bbf84-16fe-46ae-a0e7-c2014f519caf,FirstNumber=827,secondNumber=852}  added by thread pool-3-thread-6
 message  {Id=6d3bbf84-16fe-46ae-a0e7-c2014f519caf,FirstNumber=827,secondNumber=852}  written to file by thread pool-3-thread-2
 message  {Id=e1b6596b-b35e-4dab-8ea6-bc27f68abe1b,FirstNumber=18,secondNumber=254}  added by thread pool-3-thread-6
 message  {Id=e1b6596b-b35e-4dab-8ea6-bc27f68abe1b,FirstNumber=18,secondNumber=254}  written to file by thread pool-3-thread-1
 message  {Id=e8b6d213-693d-4bd2-ab1b-02f0c06ba3df,FirstNumber=782,secondNumber=934}  added by thread pool-3-thread-6
 message  {Id=e8b6d213-693d-4bd2-ab1b-02f0c06ba3df,FirstNumber=782,secondNumber=934}  written to file by thread pool-3-thread-3
 message  {Id=74946d16-268c-4df5-b6cd-53d587ac66d9,FirstNumber=898,secondNumber=1319}  added by thread pool-3-thread-6
 message  {Id=74946d16-268c-4df5-b6cd-53d587ac66d9,FirstNumber=898,secondNumber=1319}  written to file by thread pool-3-thread-4
 message  {Id=458b0ea7-187d-4be2-b944-d7f89c9b635d,FirstNumber=997,secondNumber=423}  added by thread pool-3-thread-6
 message  {Id=458b0ea7-187d-4be2-b944-d7f89c9b635d,FirstNumber=997,secondNumber=423}  written to file by thread pool-3-thread-4
 message  {Id=07083e98-6cfb-4f03-ae67-6a46d1406689,FirstNumber=742,secondNumber=317}  added by thread pool-3-thread-6
 message  {Id=07083e98-6cfb-4f03-ae67-6a46d1406689,FirstNumber=742,secondNumber=317}  written to file by thread pool-3-thread-2
 message  {Id=01d0ee02-9279-4cb7-9e53-8c393b89fa82,FirstNumber=294,secondNumber=636}  added by thread pool-3-thread-6
 message  {Id=01d0ee02-9279-4cb7-9e53-8c393b89fa82,FirstNumber=294,secondNumber=636}  written to file by thread pool-3-thread-2
 message  {Id=2874b7d7-7b22-4365-93fe-d6262bc0d3f3,FirstNumber=555,secondNumber=172}  added by thread pool-3-thread-6
 message  {Id=2874b7d7-7b22-4365-93fe-d6262bc0d3f3,FirstNumber=555,secondNumber=172}  written to file by thread pool-3-thread-3
 message  {Id=d3963671-1362-40d8-a2bc-aef2a6fe9f33,FirstNumber=946,secondNumber=839}  added by thread pool-3-thread-6
 message  {Id=d3963671-1362-40d8-a2bc-aef2a6fe9f33,FirstNumber=946,secondNumber=839}  written to file by thread pool-3-thread-5
 message  {Id=1361d82d-1701-4f6a-8e00-5aebe373ab48,FirstNumber=314,secondNumber=1069}  added by thread pool-3-thread-6
 message  {Id=1361d82d-1701-4f6a-8e00-5aebe373ab48,FirstNumber=314,secondNumber=1069}  written to file by thread pool-3-thread-4
 message  {Id=11c82d6a-3fcd-4abd-aece-46e3a02d7fc9,FirstNumber=510,secondNumber=1915}  added by thread pool-3-thread-6
 message  {Id=11c82d6a-3fcd-4abd-aece-46e3a02d7fc9,FirstNumber=510,secondNumber=1915}  written to file by thread pool-3-thread-1
 message  {Id=9d5a4a71-046a-4131-8c69-a6fb043fd2d8,FirstNumber=683,secondNumber=1451}  added by thread pool-3-thread-6
 message  {Id=9d5a4a71-046a-4131-8c69-a6fb043fd2d8,FirstNumber=683,secondNumber=1451}  written to file by thread pool-3-thread-2
 message  {Id=83e7efbf-fe3e-48a8-a69e-7d6c5fc223c7,FirstNumber=223,secondNumber=311}  added by thread pool-3-thread-6
 message  {Id=83e7efbf-fe3e-48a8-a69e-7d6c5fc223c7,FirstNumber=223,secondNumber=311}  written to file by thread pool-3-thread-2
 message  {Id=79618701-e9e3-4a7f-b18d-582d9f3f22c6,FirstNumber=966,secondNumber=810}  added by thread pool-3-thread-6
 message  {Id=79618701-e9e3-4a7f-b18d-582d9f3f22c6,FirstNumber=966,secondNumber=810}  written to file by thread pool-3-thread-5
 message  {Id=75a9e8eb-5ea9-4915-a727-1880760a675f,FirstNumber=156,secondNumber=1629}  added by thread pool-3-thread-6
 message  {Id=75a9e8eb-5ea9-4915-a727-1880760a675f,FirstNumber=156,secondNumber=1629}  written to file by thread pool-3-thread-5
 message  {Id=2254b5e5-ab13-463e-ae04-dc9db0e314fd,FirstNumber=559,secondNumber=1323}  added by thread pool-3-thread-6
 message  {Id=2254b5e5-ab13-463e-ae04-dc9db0e314fd,FirstNumber=559,secondNumber=1323}  written to file by thread pool-3-thread-1
 message  {Id=1398292f-6805-4dd5-b2f0-1e04e7f22fed,FirstNumber=465,secondNumber=1699}  added by thread pool-3-thread-6
 message  {Id=1398292f-6805-4dd5-b2f0-1e04e7f22fed,FirstNumber=465,secondNumber=1699}  written to file by thread pool-3-thread-1
 message  {Id=28d223d1-5713-454e-ab42-e1c1c1b87627,FirstNumber=164,secondNumber=656}  added by thread pool-3-thread-6
 message  {Id=28d223d1-5713-454e-ab42-e1c1c1b87627,FirstNumber=164,secondNumber=656}  written to file by thread pool-3-thread-2
 message  {Id=42a6e464-29be-46f5-8741-8e4c7160e844,FirstNumber=42,secondNumber=301}  added by thread pool-3-thread-6
 message  {Id=42a6e464-29be-46f5-8741-8e4c7160e844,FirstNumber=42,secondNumber=301}  written to file by thread pool-3-thread-2
 message  {Id=b19e3a93-91c5-4f42-af9b-b101b8a175f7,FirstNumber=678,secondNumber=725}  added by thread pool-3-thread-6
 message  {Id=b19e3a93-91c5-4f42-af9b-b101b8a175f7,FirstNumber=678,secondNumber=725}  written to file by thread pool-3-thread-5
 message  {Id=4a5b72b8-11d7-4483-837c-2296bf6cca39,FirstNumber=363,secondNumber=1301}  added by thread pool-3-thread-6
 message  {Id=4a5b72b8-11d7-4483-837c-2296bf6cca39,FirstNumber=363,secondNumber=1301}  written to file by thread pool-3-thread-5
 message  {Id=5e793b90-7a58-45b7-99b6-6ffb27a757a2,FirstNumber=930,secondNumber=958}  added by thread pool-3-thread-6
 message  {Id=5e793b90-7a58-45b7-99b6-6ffb27a757a2,FirstNumber=930,secondNumber=958}  written to file by thread pool-3-thread-1
 message  {Id=76a11320-4e1a-4c3d-9766-a427adf36d73,FirstNumber=57,secondNumber=1523}  added by thread pool-3-thread-6
 message  {Id=76a11320-4e1a-4c3d-9766-a427adf36d73,FirstNumber=57,secondNumber=1523}  written to file by thread pool-3-thread-4
 message  {Id=3f7076ba-018f-4859-9017-ea26cd890b26,FirstNumber=997,secondNumber=1707}  added by thread pool-3-thread-6
 message  {Id=3f7076ba-018f-4859-9017-ea26cd890b26,FirstNumber=997,secondNumber=1707}  written to file by thread pool-3-thread-4
 message  {Id=f7f87a8d-5d54-4708-ad7f-0b68915a953c,FirstNumber=279,secondNumber=1602}  added by thread pool-3-thread-6
 message  {Id=f7f87a8d-5d54-4708-ad7f-0b68915a953c,FirstNumber=279,secondNumber=1602}  written to file by thread pool-3-thread-3
 message  {Id=df403732-4a2b-42b9-a202-d6cf4b1ef4c3,FirstNumber=753,secondNumber=413}  added by thread pool-3-thread-6
 message  {Id=df403732-4a2b-42b9-a202-d6cf4b1ef4c3,FirstNumber=753,secondNumber=413}  written to file by thread pool-3-thread-5
 message  {Id=006c1324-28dd-4f2e-a62c-d13d3baac963,FirstNumber=970,secondNumber=46}  added by thread pool-3-thread-6
 message  {Id=006c1324-28dd-4f2e-a62c-d13d3baac963,FirstNumber=970,secondNumber=46}  written to file by thread pool-3-thread-5
 message  {Id=155e4e1b-7d65-4558-93a8-032fb657c426,FirstNumber=668,secondNumber=827}  added by thread pool-3-thread-6
 message  {Id=155e4e1b-7d65-4558-93a8-032fb657c426,FirstNumber=668,secondNumber=827}  written to file by thread pool-3-thread-5
 message  {Id=f51c7f20-8735-4e2e-8582-46a7cabe3118,FirstNumber=415,secondNumber=1233}  added by thread pool-3-thread-6
 message  {Id=f51c7f20-8735-4e2e-8582-46a7cabe3118,FirstNumber=415,secondNumber=1233}  written to file by thread pool-3-thread-4
 message  {Id=1b4ed344-e940-4183-9a6d-305cf38fcc9a,FirstNumber=51,secondNumber=334}  added by thread pool-3-thread-6
 message  {Id=1b4ed344-e940-4183-9a6d-305cf38fcc9a,FirstNumber=51,secondNumber=334}  written to file by thread pool-3-thread-3
 message  {Id=e5fecbd1-6633-4150-a99d-48d0e37e6b83,FirstNumber=701,secondNumber=1565}  added by thread pool-3-thread-6
 message  {Id=e5fecbd1-6633-4150-a99d-48d0e37e6b83,FirstNumber=701,secondNumber=1565}  written to file by thread pool-3-thread-1
 message  {Id=ea2f4849-11ed-4dd9-abd4-8ec266aa1dff,FirstNumber=597,secondNumber=541}  added by thread pool-3-thread-6
 message  {Id=ea2f4849-11ed-4dd9-abd4-8ec266aa1dff,FirstNumber=597,secondNumber=541}  written to file by thread pool-3-thread-2
 message  {Id=5abe853b-f080-4572-9e49-0d1babef2ed5,FirstNumber=11,secondNumber=732}  added by thread pool-3-thread-6
 message  {Id=5abe853b-f080-4572-9e49-0d1babef2ed5,FirstNumber=11,secondNumber=732}  written to file by thread pool-3-thread-5
 message  {Id=eac18895-7e73-49e8-8f8b-e1094b1a2b39,FirstNumber=806,secondNumber=1304}  added by thread pool-3-thread-6
 message  {Id=eac18895-7e73-49e8-8f8b-e1094b1a2b39,FirstNumber=806,secondNumber=1304}  written to file by thread pool-3-thread-4
 message  {Id=8f275e73-d054-4c60-9569-24474ad0c8e6,FirstNumber=94,secondNumber=1988}  added by thread pool-3-thread-6
 message  {Id=8f275e73-d054-4c60-9569-24474ad0c8e6,FirstNumber=94,secondNumber=1988}  written to file by thread pool-3-thread-4
 message  {Id=b2d2f912-b77c-4122-9e8d-7b3485688d41,FirstNumber=354,secondNumber=746}  added by thread pool-3-thread-6
 message  {Id=b2d2f912-b77c-4122-9e8d-7b3485688d41,FirstNumber=354,secondNumber=746}  written to file by thread pool-3-thread-1
 message  {Id=dc2da1f8-3b9f-455b-9cea-d50306b817b9,FirstNumber=781,secondNumber=683}  added by thread pool-3-thread-6
 message  {Id=dc2da1f8-3b9f-455b-9cea-d50306b817b9,FirstNumber=781,secondNumber=683}  written to file by thread pool-3-thread-1
 message  {Id=0c86d205-55a2-40b9-a82c-803b38e1215f,FirstNumber=168,secondNumber=1108}  added by thread pool-3-thread-6
 message  {Id=0c86d205-55a2-40b9-a82c-803b38e1215f,FirstNumber=168,secondNumber=1108}  written to file by thread pool-3-thread-5
 message  {Id=ad6a196e-6c37-4597-bc0e-98588bd345af,FirstNumber=350,secondNumber=1103}  added by thread pool-3-thread-6
 message  {Id=ad6a196e-6c37-4597-bc0e-98588bd345af,FirstNumber=350,secondNumber=1103}  written to file by thread pool-3-thread-5
 message  {Id=28381b0f-2632-42c6-a547-ee359db40081,FirstNumber=928,secondNumber=944}  added by thread pool-3-thread-6
 message  {Id=28381b0f-2632-42c6-a547-ee359db40081,FirstNumber=928,secondNumber=944}  written to file by thread pool-3-thread-4
 message  {Id=8b80343c-456e-45f8-b358-04d913ddef04,FirstNumber=253,secondNumber=770}  added by thread pool-3-thread-6
 message  {Id=8b80343c-456e-45f8-b358-04d913ddef04,FirstNumber=253,secondNumber=770}  written to file by thread pool-3-thread-2
 message  {Id=0e569cdd-4fdc-4f12-b355-dca56fbc336a,FirstNumber=162,secondNumber=344}  added by thread pool-3-thread-6
 message  {Id=0e569cdd-4fdc-4f12-b355-dca56fbc336a,FirstNumber=162,secondNumber=344}  written to file by thread pool-3-thread-1
 message  {Id=9846f3a0-076e-4999-b062-a179f5bac61e,FirstNumber=724,secondNumber=1487}  added by thread pool-3-thread-6
 message  {Id=9846f3a0-076e-4999-b062-a179f5bac61e,FirstNumber=724,secondNumber=1487}  written to file by thread pool-3-thread-3
 message  {Id=f0117d41-543b-4e0c-bb1d-299941c0b7ec,FirstNumber=631,secondNumber=281}  added by thread pool-3-thread-6
 message  {Id=f0117d41-543b-4e0c-bb1d-299941c0b7ec,FirstNumber=631,secondNumber=281}  written to file by thread pool-3-thread-5
 message  {Id=1633ea64-3dba-4c45-8561-775c5e727784,FirstNumber=554,secondNumber=1071}  added by thread pool-3-thread-6
 message  {Id=1633ea64-3dba-4c45-8561-775c5e727784,FirstNumber=554,secondNumber=1071}  written to file by thread pool-3-thread-5
 message  {Id=0743d7e3-3a08-4136-bb75-4c5150b51dde,FirstNumber=335,secondNumber=1186}  added by thread pool-3-thread-6
 message  {Id=0743d7e3-3a08-4136-bb75-4c5150b51dde,FirstNumber=335,secondNumber=1186}  written to file by thread pool-3-thread-2
 message  {Id=74cc934c-d1bf-48db-b1d7-13e436cf102f,FirstNumber=105,secondNumber=1448}  added by thread pool-3-thread-6
 message  {Id=74cc934c-d1bf-48db-b1d7-13e436cf102f,FirstNumber=105,secondNumber=1448}  written to file by thread pool-3-thread-2
 message  {Id=ce0de51e-1981-41ec-b5b6-7a59e72903a1,FirstNumber=973,secondNumber=792}  added by thread pool-3-thread-6
 message  {Id=ce0de51e-1981-41ec-b5b6-7a59e72903a1,FirstNumber=973,secondNumber=792}  written to file by thread pool-3-thread-3
 message  {Id=bd6cc7cd-a92a-4ce7-b4e3-a177b9e112f3,FirstNumber=382,secondNumber=1064}  added by thread pool-3-thread-6
 message  {Id=bd6cc7cd-a92a-4ce7-b4e3-a177b9e112f3,FirstNumber=382,secondNumber=1064}  written to file by thread pool-3-thread-3
 message  {Id=7450269f-1abd-497f-a9ca-9a1a04166ae9,FirstNumber=569,secondNumber=223}  added by thread pool-3-thread-6
 message  {Id=7450269f-1abd-497f-a9ca-9a1a04166ae9,FirstNumber=569,secondNumber=223}  written to file by thread pool-3-thread-5
 message  {Id=c07b83f0-a16e-4cc7-a306-b0bd1c6a68ab,FirstNumber=972,secondNumber=989}  added by thread pool-3-thread-6
 message  {Id=c07b83f0-a16e-4cc7-a306-b0bd1c6a68ab,FirstNumber=972,secondNumber=989}  written to file by thread pool-3-thread-5
 message  {Id=00ca3f90-e65f-45f3-9d74-c31b445bfddf,FirstNumber=578,secondNumber=1782}  added by thread pool-3-thread-6
 message  {Id=00ca3f90-e65f-45f3-9d74-c31b445bfddf,FirstNumber=578,secondNumber=1782}  written to file by thread pool-3-thread-2
 message  {Id=b580e5e4-cef4-4acb-a9a4-aecda63f2386,FirstNumber=685,secondNumber=64}  added by thread pool-3-thread-6
 message  {Id=b580e5e4-cef4-4acb-a9a4-aecda63f2386,FirstNumber=685,secondNumber=64}  written to file by thread pool-3-thread-2
 message  {Id=8e127194-64b9-42ec-98a0-3bd5c0f65cb8,FirstNumber=912,secondNumber=941}  added by thread pool-3-thread-6
 message  {Id=8e127194-64b9-42ec-98a0-3bd5c0f65cb8,FirstNumber=912,secondNumber=941}  written to file by thread pool-3-thread-3
 message  {Id=ad3785c8-f3cb-4369-9329-a17f2708dde4,FirstNumber=822,secondNumber=949}  added by thread pool-3-thread-6
 message  {Id=ad3785c8-f3cb-4369-9329-a17f2708dde4,FirstNumber=822,secondNumber=949}  written to file by thread pool-3-thread-1
 message  {Id=e6760420-288e-4de7-ad0c-24534e8c12dd,FirstNumber=78,secondNumber=1259}  added by thread pool-3-thread-6
 message  {Id=e6760420-288e-4de7-ad0c-24534e8c12dd,FirstNumber=78,secondNumber=1259}  written to file by thread pool-3-thread-1
 message  {Id=c529e74d-6bc2-4872-8b80-34d70e622213,FirstNumber=638,secondNumber=512}  added by thread pool-3-thread-6
 message  {Id=c529e74d-6bc2-4872-8b80-34d70e622213,FirstNumber=638,secondNumber=512}  written to file by thread pool-3-thread-4
 message  {Id=eb77b02c-4a27-449f-953e-7c1bc136977f,FirstNumber=849,secondNumber=1115}  added by thread pool-3-thread-6
 message  {Id=eb77b02c-4a27-449f-953e-7c1bc136977f,FirstNumber=849,secondNumber=1115}  written to file by thread pool-3-thread-4
 message  {Id=ac63aef1-86f1-41e8-8d39-ba184aa7d174,FirstNumber=859,secondNumber=901}  added by thread pool-3-thread-6
 message  {Id=ac63aef1-86f1-41e8-8d39-ba184aa7d174,FirstNumber=859,secondNumber=901}  written to file by thread pool-3-thread-3
 message  {Id=d298ce83-be4a-4a2d-afac-099e981e0014,FirstNumber=752,secondNumber=1430}  added by thread pool-3-thread-6
 message  {Id=d298ce83-be4a-4a2d-afac-099e981e0014,FirstNumber=752,secondNumber=1430}  written to file by thread pool-3-thread-5
 message  {Id=6e0accf0-dbdd-4f8d-8641-eebc84030488,FirstNumber=598,secondNumber=1221}  added by thread pool-3-thread-6
 message  {Id=6e0accf0-dbdd-4f8d-8641-eebc84030488,FirstNumber=598,secondNumber=1221}  written to file by thread pool-3-thread-1
 message  {Id=310c152e-a0eb-4fc2-b4a4-39e1a38c174a,FirstNumber=543,secondNumber=1038}  added by thread pool-3-thread-6
 message  {Id=71cdebf8-8293-4219-91c8-67516766658d,FirstNumber=434,secondNumber=1244}  added by thread pool-3-thread-6
 message  {Id=310c152e-a0eb-4fc2-b4a4-39e1a38c174a,FirstNumber=543,secondNumber=1038}  written to file by thread pool-3-thread-1
 message  {Id=71cdebf8-8293-4219-91c8-67516766658d,FirstNumber=434,secondNumber=1244}  written to file by thread pool-3-thread-4
 message  {Id=d1fe147a-339b-4b6b-9b8e-1cebcb2cb6e2,FirstNumber=187,secondNumber=1709}  added by thread pool-3-thread-6
 message  {Id=d1fe147a-339b-4b6b-9b8e-1cebcb2cb6e2,FirstNumber=187,secondNumber=1709}  written to file by thread pool-3-thread-3
 message  {Id=e1f04ffd-8d79-4e0e-9296-305016aad0f3,FirstNumber=760,secondNumber=1522}  added by thread pool-3-thread-6
 message  {Id=e1f04ffd-8d79-4e0e-9296-305016aad0f3,FirstNumber=760,secondNumber=1522}  written to file by thread pool-3-thread-5
 message  {Id=dd1ca2b7-4150-4c4b-9601-c9c6aba572c2,FirstNumber=943,secondNumber=993}  added by thread pool-3-thread-6
 message  {Id=dd1ca2b7-4150-4c4b-9601-c9c6aba572c2,FirstNumber=943,secondNumber=993}  written to file by thread pool-3-thread-5
 message  {Id=c9924e80-6b8a-4e0c-b37d-b83b141d5fca,FirstNumber=344,secondNumber=370}  added by thread pool-3-thread-6
 message  {Id=c9924e80-6b8a-4e0c-b37d-b83b141d5fca,FirstNumber=344,secondNumber=370}  written to file by thread pool-3-thread-1
 message  {Id=fe725cc8-3612-4243-99c4-7785d2b0fc3f,FirstNumber=840,secondNumber=293}  added by thread pool-3-thread-6
 message  {Id=fe725cc8-3612-4243-99c4-7785d2b0fc3f,FirstNumber=840,secondNumber=293}  written to file by thread pool-3-thread-1
 message  {Id=a36973dd-039d-4c7d-941b-6b7e8a02128f,FirstNumber=961,secondNumber=1293}  added by thread pool-3-thread-6
 message  {Id=a36973dd-039d-4c7d-941b-6b7e8a02128f,FirstNumber=961,secondNumber=1293}  written to file by thread pool-3-thread-3
 message  {Id=ae63c273-e9d9-4448-8bf6-7446688b8d74,FirstNumber=573,secondNumber=816}  added by thread pool-3-thread-6
 message  {Id=ae63c273-e9d9-4448-8bf6-7446688b8d74,FirstNumber=573,secondNumber=816}  written to file by thread pool-3-thread-2
 message  {Id=a601626e-69e7-45fa-8eb7-60c1d7eca3a5,FirstNumber=436,secondNumber=1309}  added by thread pool-3-thread-6
 message  {Id=a601626e-69e7-45fa-8eb7-60c1d7eca3a5,FirstNumber=436,secondNumber=1309}  written to file by thread pool-3-thread-5
 message  {Id=473d65d5-8407-4580-b8c5-c26a957297fc,FirstNumber=323,secondNumber=993}  added by thread pool-3-thread-6
 message  {Id=473d65d5-8407-4580-b8c5-c26a957297fc,FirstNumber=323,secondNumber=993}  written to file by thread pool-3-thread-4
 message  {Id=bfc8a3a7-57fd-43bd-8c94-99366af2f74a,FirstNumber=716,secondNumber=218}  added by thread pool-3-thread-6
 message  {Id=bfc8a3a7-57fd-43bd-8c94-99366af2f74a,FirstNumber=716,secondNumber=218}  written to file by thread pool-3-thread-1
 message  {Id=880b3aa9-443d-4bfd-a7bc-7b7ae4d7202b,FirstNumber=529,secondNumber=264}  added by thread pool-3-thread-6
 message  {Id=880b3aa9-443d-4bfd-a7bc-7b7ae4d7202b,FirstNumber=529,secondNumber=264}  written to file by thread pool-3-thread-3
 message  {Id=aa0a2672-2d9e-46bb-ae65-bed6ffc9e190,FirstNumber=787,secondNumber=1216}  added by thread pool-3-thread-6
 message  {Id=aa0a2672-2d9e-46bb-ae65-bed6ffc9e190,FirstNumber=787,secondNumber=1216}  written to file by thread pool-3-thread-2
 message  {Id=c4d45a17-2e8b-43c5-b0ae-ff457be4ef6a,FirstNumber=620,secondNumber=470}  added by thread pool-3-thread-6
 message  {Id=c4d45a17-2e8b-43c5-b0ae-ff457be4ef6a,FirstNumber=620,secondNumber=470}  written to file by thread pool-3-thread-5
 message  {Id=5239a50e-11e8-4239-80ed-924a64940033,FirstNumber=107,secondNumber=783}  added by thread pool-3-thread-6
 message  {Id=5239a50e-11e8-4239-80ed-924a64940033,FirstNumber=107,secondNumber=783}  written to file by thread pool-3-thread-5
 message  {Id=188e010d-4eca-4eab-99b8-6a56b908a892,FirstNumber=287,secondNumber=1383}  added by thread pool-3-thread-6
 message  {Id=188e010d-4eca-4eab-99b8-6a56b908a892,FirstNumber=287,secondNumber=1383}  written to file by thread pool-3-thread-1
 message  {Id=6ca7e093-7bd2-48a4-bc5d-47d75c662c8a,FirstNumber=788,secondNumber=512}  added by thread pool-3-thread-6
 message  {Id=6ca7e093-7bd2-48a4-bc5d-47d75c662c8a,FirstNumber=788,secondNumber=512}  written to file by thread pool-3-thread-1
 message  {Id=5a0bda05-13bd-4cd4-bf89-700cbc575db5,FirstNumber=37,secondNumber=1378}  added by thread pool-3-thread-6
 message  {Id=5a0bda05-13bd-4cd4-bf89-700cbc575db5,FirstNumber=37,secondNumber=1378}  written to file by thread pool-3-thread-2
 message  {Id=ff95600f-be0a-4f42-ac99-fca38208d0e6,FirstNumber=956,secondNumber=1535}  added by thread pool-3-thread-6
 message  {Id=ff95600f-be0a-4f42-ac99-fca38208d0e6,FirstNumber=956,secondNumber=1535}  written to file by thread pool-3-thread-2
 message  {Id=dea0cbee-9bb6-496e-b104-3a6021c40573,FirstNumber=275,secondNumber=1007}  added by thread pool-3-thread-6
 message  {Id=dea0cbee-9bb6-496e-b104-3a6021c40573,FirstNumber=275,secondNumber=1007}  written to file by thread pool-3-thread-5
 message  {Id=3b442308-369d-48b4-987f-69f4d066a064,FirstNumber=504,secondNumber=666}  added by thread pool-3-thread-6
 message  {Id=3b442308-369d-48b4-987f-69f4d066a064,FirstNumber=504,secondNumber=666}  written to file by thread pool-3-thread-3
 message  {Id=2f7a8807-e7b2-4b12-abc9-3f7eaeec70bf,FirstNumber=395,secondNumber=454}  added by thread pool-3-thread-6
 message  {Id=2f7a8807-e7b2-4b12-abc9-3f7eaeec70bf,FirstNumber=395,secondNumber=454}  written to file by thread pool-3-thread-1
 message  {Id=7bbcb659-537d-493f-9819-e8fe15aaee40,FirstNumber=493,secondNumber=1498}  added by thread pool-3-thread-6
 message  {Id=7bbcb659-537d-493f-9819-e8fe15aaee40,FirstNumber=493,secondNumber=1498}  written to file by thread pool-3-thread-1
 message  {Id=2dd7086d-b1ae-43ac-afdc-4a10519fa58f,FirstNumber=695,secondNumber=224}  added by thread pool-3-thread-6
 message  {Id=2dd7086d-b1ae-43ac-afdc-4a10519fa58f,FirstNumber=695,secondNumber=224}  written to file by thread pool-3-thread-2
 message  {Id=f3265b6e-bb42-4d68-86e4-16015a1bf926,FirstNumber=955,secondNumber=1170}  added by thread pool-3-thread-6
 message  {Id=f3265b6e-bb42-4d68-86e4-16015a1bf926,FirstNumber=955,secondNumber=1170}  written to file by thread pool-3-thread-5
 message  {Id=d32362a5-412f-459f-ae74-4e1ac49e9582,FirstNumber=881,secondNumber=800}  added by thread pool-3-thread-6
 message  {Id=d32362a5-412f-459f-ae74-4e1ac49e9582,FirstNumber=881,secondNumber=800}  written to file by thread pool-3-thread-5
 message  {Id=43df0a4d-29ef-49ab-8e1c-db3cd8d5d06b,FirstNumber=328,secondNumber=1782}  added by thread pool-3-thread-6
 message  {Id=43df0a4d-29ef-49ab-8e1c-db3cd8d5d06b,FirstNumber=328,secondNumber=1782}  written to file by thread pool-3-thread-4
 message  {Id=4b9f3d55-0c54-4e68-a51a-937d687eaaba,FirstNumber=456,secondNumber=1221}  added by thread pool-3-thread-6
 message  {Id=4b9f3d55-0c54-4e68-a51a-937d687eaaba,FirstNumber=456,secondNumber=1221}  written to file by thread pool-3-thread-1
 message  {Id=9b6edb80-1926-42cf-9572-515f69769581,FirstNumber=541,secondNumber=512}  added by thread pool-3-thread-6
 message  {Id=9b6edb80-1926-42cf-9572-515f69769581,FirstNumber=541,secondNumber=512}  written to file by thread pool-3-thread-1
 message  {Id=c7bd35d1-4845-4de6-9516-02fd5afc034c,FirstNumber=285,secondNumber=24}  added by thread pool-3-thread-6
 message  {Id=519cba91-0d50-4f86-8bd6-caf632d67c2c,FirstNumber=369,secondNumber=1356}  added by thread pool-3-thread-6
 message  {Id=c7bd35d1-4845-4de6-9516-02fd5afc034c,FirstNumber=285,secondNumber=24}  written to file by thread pool-3-thread-3
 message  {Id=519cba91-0d50-4f86-8bd6-caf632d67c2c,FirstNumber=369,secondNumber=1356}  written to file by thread pool-3-thread-5
 message  {Id=6af0e93a-2ae1-40d4-a9d0-a897b099e6a1,FirstNumber=256,secondNumber=447}  added by thread pool-3-thread-6
 message  {Id=6af0e93a-2ae1-40d4-a9d0-a897b099e6a1,FirstNumber=256,secondNumber=447}  written to file by thread pool-3-thread-5
 message  {Id=3ff414c5-d33e-4ad7-ba75-901aa654c623,FirstNumber=932,secondNumber=1019}  added by thread pool-3-thread-6
 message  {Id=3ff414c5-d33e-4ad7-ba75-901aa654c623,FirstNumber=932,secondNumber=1019}  written to file by thread pool-3-thread-2
 message  {Id=9892742d-83b7-4814-9c60-73302ec59df3,FirstNumber=593,secondNumber=1410}  added by thread pool-3-thread-6
 message  {Id=9892742d-83b7-4814-9c60-73302ec59df3,FirstNumber=593,secondNumber=1410}  written to file by thread pool-3-thread-2
 message  {Id=87e1f468-3845-433b-819f-ef08071ec873,FirstNumber=835,secondNumber=1515}  added by thread pool-3-thread-6
 message  {Id=87e1f468-3845-433b-819f-ef08071ec873,FirstNumber=835,secondNumber=1515}  written to file by thread pool-3-thread-2
 message  {Id=1ec5f4ba-c372-4065-9a34-d50ef678c55d,FirstNumber=606,secondNumber=1020}  added by thread pool-3-thread-6
 message  {Id=1ec5f4ba-c372-4065-9a34-d50ef678c55d,FirstNumber=606,secondNumber=1020}  written to file by thread pool-3-thread-2
 message  {Id=aa5b5d8d-664c-4439-bae9-e66d2b2398ac,FirstNumber=414,secondNumber=525}  added by thread pool-3-thread-6
 message  {Id=aa5b5d8d-664c-4439-bae9-e66d2b2398ac,FirstNumber=414,secondNumber=525}  written to file by thread pool-3-thread-2
 message  {Id=466857fe-9b7d-4814-bc3f-ffa6e2f9cd13,FirstNumber=880,secondNumber=244}  added by thread pool-3-thread-6
 message  {Id=466857fe-9b7d-4814-bc3f-ffa6e2f9cd13,FirstNumber=880,secondNumber=244}  written to file by thread pool-3-thread-1
 message  {Id=8ea7b336-b12c-48cf-b1b0-796d742097ef,FirstNumber=918,secondNumber=386}  added by thread pool-3-thread-6
 message  {Id=8ea7b336-b12c-48cf-b1b0-796d742097ef,FirstNumber=918,secondNumber=386}  written to file by thread pool-3-thread-1
 message  {Id=b6e79313-89d5-41ba-9048-47dbe2abd0bd,FirstNumber=252,secondNumber=203}  added by thread pool-3-thread-6
 message  {Id=b6e79313-89d5-41ba-9048-47dbe2abd0bd,FirstNumber=252,secondNumber=203}  written to file by thread pool-3-thread-4
 message  {Id=6d3200cc-1dca-4e60-9c8e-150f92db196f,FirstNumber=829,secondNumber=1034}  added by thread pool-3-thread-6
 message  {Id=6d3200cc-1dca-4e60-9c8e-150f92db196f,FirstNumber=829,secondNumber=1034}  written to file by thread pool-3-thread-5
 message  {Id=2ff4958c-4456-49a3-a8a5-78c0617901e0,FirstNumber=195,secondNumber=1467}  added by thread pool-3-thread-6
 message  {Id=2ff4958c-4456-49a3-a8a5-78c0617901e0,FirstNumber=195,secondNumber=1467}  written to file by thread pool-3-thread-5
 message  {Id=9439a910-9d8e-481e-a3f3-367042fe678d,FirstNumber=575,secondNumber=1109}  added by thread pool-3-thread-6
 message  {Id=9439a910-9d8e-481e-a3f3-367042fe678d,FirstNumber=575,secondNumber=1109}  written to file by thread pool-3-thread-3
 message  {Id=43ee3ff6-d3d0-47eb-beb9-169504fba766,FirstNumber=13,secondNumber=398}  added by thread pool-3-thread-6
 message  {Id=43ee3ff6-d3d0-47eb-beb9-169504fba766,FirstNumber=13,secondNumber=398}  written to file by thread pool-3-thread-1
 message  {Id=d8bca487-fcc0-48ed-b542-433cb4b03b59,FirstNumber=292,secondNumber=865}  added by thread pool-3-thread-6
 message  {Id=d8bca487-fcc0-48ed-b542-433cb4b03b59,FirstNumber=292,secondNumber=865}  written to file by thread pool-3-thread-1
 message  {Id=a229f534-9703-487d-824f-d1832f110366,FirstNumber=856,secondNumber=1557}  added by thread pool-3-thread-6
 message  {Id=a229f534-9703-487d-824f-d1832f110366,FirstNumber=856,secondNumber=1557}  written to file by thread pool-3-thread-1
 message  {Id=5f01b0fa-5aba-4410-b75b-2de5fc690742,FirstNumber=468,secondNumber=404}  added by thread pool-3-thread-6
 message  {Id=5f01b0fa-5aba-4410-b75b-2de5fc690742,FirstNumber=468,secondNumber=404}  written to file by thread pool-3-thread-5
 message  {Id=57dcb600-2b4a-4575-af00-c0221b68a5d3,FirstNumber=639,secondNumber=1893}  added by thread pool-3-thread-6
 message  {Id=57dcb600-2b4a-4575-af00-c0221b68a5d3,FirstNumber=639,secondNumber=1893}  written to file by thread pool-3-thread-3
 message  {Id=d4cd6d29-e797-4b48-92f1-fe2940a15224,FirstNumber=575,secondNumber=899}  added by thread pool-3-thread-6
 message  {Id=d4cd6d29-e797-4b48-92f1-fe2940a15224,FirstNumber=575,secondNumber=899}  written to file by thread pool-3-thread-3
 message  {Id=1656aa9d-80df-44ab-bd20-439763c4e9f9,FirstNumber=92,secondNumber=650}  added by thread pool-3-thread-6
 message  {Id=7faab9a4-2162-4e04-a223-0275d01b3b31,FirstNumber=916,secondNumber=838}  added by thread pool-3-thread-6
 message  {Id=1656aa9d-80df-44ab-bd20-439763c4e9f9,FirstNumber=92,secondNumber=650}  written to file by thread pool-3-thread-2
 message  {Id=7faab9a4-2162-4e04-a223-0275d01b3b31,FirstNumber=916,secondNumber=838}  written to file by thread pool-3-thread-1
 message  {Id=807f3d45-aefb-46a2-93fe-82e4dd6abbf0,FirstNumber=12,secondNumber=1942}  added by thread pool-3-thread-6
 message  {Id=807f3d45-aefb-46a2-93fe-82e4dd6abbf0,FirstNumber=12,secondNumber=1942}  written to file by thread pool-3-thread-5
 message  {Id=b6333753-e1b6-4459-beda-1d1c00bb4209,FirstNumber=983,secondNumber=1607}  added by thread pool-3-thread-6
 message  {Id=b6333753-e1b6-4459-beda-1d1c00bb4209,FirstNumber=983,secondNumber=1607}  written to file by thread pool-3-thread-5
 message  {Id=d3b50d66-aef7-4406-885d-0f1ff214b6b0,FirstNumber=892,secondNumber=760}  added by thread pool-3-thread-6
 message  {Id=d3b50d66-aef7-4406-885d-0f1ff214b6b0,FirstNumber=892,secondNumber=760}  written to file by thread pool-3-thread-3
 message  {Id=f30dbfc1-f5b9-4e7a-97a4-2eb42176bd88,FirstNumber=10,secondNumber=158}  added by thread pool-3-thread-6
 message  {Id=f30dbfc1-f5b9-4e7a-97a4-2eb42176bd88,FirstNumber=10,secondNumber=158}  written to file by thread pool-3-thread-3
 message  {Id=303dea60-0c39-4581-a0a7-80ee71b09c27,FirstNumber=323,secondNumber=799}  added by thread pool-3-thread-6
 message  {Id=303dea60-0c39-4581-a0a7-80ee71b09c27,FirstNumber=323,secondNumber=799}  written to file by thread pool-3-thread-1
 message  {Id=64d5487c-8c2e-49ee-a3bd-f8e814e07c53,FirstNumber=822,secondNumber=352}  added by thread pool-3-thread-6
 message  {Id=64d5487c-8c2e-49ee-a3bd-f8e814e07c53,FirstNumber=822,secondNumber=352}  written to file by thread pool-3-thread-1
 message  {Id=fe458eef-e8b2-40ba-a5c9-33b828318fcb,FirstNumber=266,secondNumber=1243}  added by thread pool-3-thread-6
 message  {Id=fe458eef-e8b2-40ba-a5c9-33b828318fcb,FirstNumber=266,secondNumber=1243}  written to file by thread pool-3-thread-5
 message  {Id=3c412bf1-43cc-417e-af95-6c45266ecc2b,FirstNumber=693,secondNumber=1993}  added by thread pool-3-thread-6
 message  {Id=3c412bf1-43cc-417e-af95-6c45266ecc2b,FirstNumber=693,secondNumber=1993}  written to file by thread pool-3-thread-5
 message  {Id=6602ac9f-f4aa-49f6-9c60-fa26af4f95dc,FirstNumber=330,secondNumber=1221}  added by thread pool-3-thread-6
 message  {Id=6602ac9f-f4aa-49f6-9c60-fa26af4f95dc,FirstNumber=330,secondNumber=1221}  written to file by thread pool-3-thread-3
 message  {Id=694fe7be-7945-459f-a961-8b30a3f58e7b,FirstNumber=541,secondNumber=578}  added by thread pool-3-thread-6
 message  {Id=694fe7be-7945-459f-a961-8b30a3f58e7b,FirstNumber=541,secondNumber=578}  written to file by thread pool-3-thread-4
 message  {Id=33b49708-60ed-4972-b2a3-4a6bf9409dd9,FirstNumber=976,secondNumber=618}  added by thread pool-3-thread-6
 message  {Id=33b49708-60ed-4972-b2a3-4a6bf9409dd9,FirstNumber=976,secondNumber=618}  written to file by thread pool-3-thread-1
 message  {Id=9222b3fe-af91-4803-a438-f406f2062414,FirstNumber=446,secondNumber=163}  added by thread pool-3-thread-6
 message  {Id=9222b3fe-af91-4803-a438-f406f2062414,FirstNumber=446,secondNumber=163}  written to file by thread pool-3-thread-1
 message  {Id=487b436d-416e-4a95-b8ea-af5b2874bc8c,FirstNumber=884,secondNumber=817}  added by thread pool-3-thread-6
 message  {Id=487b436d-416e-4a95-b8ea-af5b2874bc8c,FirstNumber=884,secondNumber=817}  written to file by thread pool-3-thread-5
 message  {Id=818c1909-14a4-4652-ba0d-accb83f3a394,FirstNumber=12,secondNumber=1268}  added by thread pool-3-thread-6
 message  {Id=818c1909-14a4-4652-ba0d-accb83f3a394,FirstNumber=12,secondNumber=1268}  written to file by thread pool-3-thread-5
 message  {Id=c5a570f5-22dd-40b3-92c9-1b7b5ee221da,FirstNumber=598,secondNumber=952}  added by thread pool-3-thread-6
 message  {Id=c5a570f5-22dd-40b3-92c9-1b7b5ee221da,FirstNumber=598,secondNumber=952}  written to file by thread pool-3-thread-5
 message  {Id=93b13167-9ae6-4769-8852-2f33f0ffe487,FirstNumber=450,secondNumber=302}  added by thread pool-3-thread-6
 message  {Id=93b13167-9ae6-4769-8852-2f33f0ffe487,FirstNumber=450,secondNumber=302}  written to file by thread pool-3-thread-2
 message  {Id=51b02ab6-b91b-4454-b38c-d35081e931ba,FirstNumber=155,secondNumber=1975}  added by thread pool-3-thread-6
 message  {Id=51b02ab6-b91b-4454-b38c-d35081e931ba,FirstNumber=155,secondNumber=1975}  written to file by thread pool-3-thread-1
 message  {Id=d7694473-65d5-41da-93f8-b7dc33a6adf2,FirstNumber=155,secondNumber=357}  added by thread pool-3-thread-6
 message  {Id=d7694473-65d5-41da-93f8-b7dc33a6adf2,FirstNumber=155,secondNumber=357}  written to file by thread pool-3-thread-1
 message  {Id=bd695eb4-31cc-42a9-98ac-2f295c6c38ea,FirstNumber=874,secondNumber=128}  added by thread pool-3-thread-6
 message  {Id=bd695eb4-31cc-42a9-98ac-2f295c6c38ea,FirstNumber=874,secondNumber=128}  written to file by thread pool-3-thread-4
 message  {Id=e4ef78c3-fb37-415b-a0e8-5ea0338b4e0a,FirstNumber=321,secondNumber=301}  added by thread pool-3-thread-6
 message  {Id=e4ef78c3-fb37-415b-a0e8-5ea0338b4e0a,FirstNumber=321,secondNumber=301}  written to file by thread pool-3-thread-5
 message  {Id=97dbf6fa-ff0c-4204-aebe-45c8750fcf48,FirstNumber=538,secondNumber=1981}  added by thread pool-3-thread-6
 message  {Id=97dbf6fa-ff0c-4204-aebe-45c8750fcf48,FirstNumber=538,secondNumber=1981}  written to file by thread pool-3-thread-2
 message  {Id=ae4bacfb-9e16-4511-a817-c3ae9438cf3b,FirstNumber=42,secondNumber=627}  added by thread pool-3-thread-6
 message  {Id=ae4bacfb-9e16-4511-a817-c3ae9438cf3b,FirstNumber=42,secondNumber=627}  written to file by thread pool-3-thread-3
 message  {Id=7654e9ba-a328-4a6f-b528-347737ffdea2,FirstNumber=852,secondNumber=1}  added by thread pool-3-thread-6
 message  {Id=7654e9ba-a328-4a6f-b528-347737ffdea2,FirstNumber=852,secondNumber=1}  written to file by thread pool-3-thread-1
 message  {Id=fea1c1cf-8baf-4e5a-afd6-d9ea6f2beefb,FirstNumber=630,secondNumber=1395}  added by thread pool-3-thread-6
 message  {Id=fea1c1cf-8baf-4e5a-afd6-d9ea6f2beefb,FirstNumber=630,secondNumber=1395}  written to file by thread pool-3-thread-1
 message  {Id=ac7fa65f-be05-4ae0-8b8e-0ebd91d5f5c7,FirstNumber=745,secondNumber=99}  added by thread pool-3-thread-6
 message  {Id=ac7fa65f-be05-4ae0-8b8e-0ebd91d5f5c7,FirstNumber=745,secondNumber=99}  written to file by thread pool-3-thread-5
 message  {Id=8533c6d9-8002-4453-a658-b9ad19a5e7ac,FirstNumber=93,secondNumber=184}  added by thread pool-3-thread-6
 message  {Id=8533c6d9-8002-4453-a658-b9ad19a5e7ac,FirstNumber=93,secondNumber=184}  written to file by thread pool-3-thread-5
 message  {Id=5efbc655-8650-4006-8d27-5b7b25dd1415,FirstNumber=491,secondNumber=681}  added by thread pool-3-thread-6
 message  {Id=5efbc655-8650-4006-8d27-5b7b25dd1415,FirstNumber=491,secondNumber=681}  written to file by thread pool-3-thread-3
 message  {Id=c52d9cf3-a29e-47c2-a723-db23eff9dd6d,FirstNumber=562,secondNumber=1301}  added by thread pool-3-thread-6
 message  {Id=c52d9cf3-a29e-47c2-a723-db23eff9dd6d,FirstNumber=562,secondNumber=1301}  written to file by thread pool-3-thread-3
 message  {Id=2a558f0b-55a2-46c6-911f-9b6372334266,FirstNumber=186,secondNumber=1401}  added by thread pool-3-thread-6
 message  {Id=2a558f0b-55a2-46c6-911f-9b6372334266,FirstNumber=186,secondNumber=1401}  written to file by thread pool-3-thread-1
 message  {Id=e37e49e8-9d60-46d4-953a-69fafadb16b4,FirstNumber=659,secondNumber=1528}  added by thread pool-3-thread-6
 message  {Id=e37e49e8-9d60-46d4-953a-69fafadb16b4,FirstNumber=659,secondNumber=1528}  written to file by thread pool-3-thread-2
 message  {Id=e28cf892-5ccc-4c0e-ad29-5461f4833079,FirstNumber=758,secondNumber=1539}  added by thread pool-3-thread-6
 message  {Id=e28cf892-5ccc-4c0e-ad29-5461f4833079,FirstNumber=758,secondNumber=1539}  written to file by thread pool-3-thread-5
 message  {Id=ba09337d-02c2-41d8-b335-092bcca43ba0,FirstNumber=631,secondNumber=1980}  added by thread pool-3-thread-6
 message  {Id=ba09337d-02c2-41d8-b335-092bcca43ba0,FirstNumber=631,secondNumber=1980}  written to file by thread pool-3-thread-5
 message  {Id=3735f65d-856a-4f40-8613-0adfc62d54d3,FirstNumber=234,secondNumber=847}  added by thread pool-3-thread-6
 message  {Id=3735f65d-856a-4f40-8613-0adfc62d54d3,FirstNumber=234,secondNumber=847}  written to file by thread pool-3-thread-3
 message  {Id=b15d8671-a687-480f-a10c-00bd8fa1505a,FirstNumber=489,secondNumber=1714}  added by thread pool-3-thread-6
 message  {Id=b15d8671-a687-480f-a10c-00bd8fa1505a,FirstNumber=489,secondNumber=1714}  written to file by thread pool-3-thread-1
 message  {Id=05d3d56e-e87b-4db5-bd36-8ac43e194f2a,FirstNumber=94,secondNumber=1795}  added by thread pool-3-thread-6
 message  {Id=05d3d56e-e87b-4db5-bd36-8ac43e194f2a,FirstNumber=94,secondNumber=1795}  written to file by thread pool-3-thread-1
 message  {Id=28ff8259-2aa7-4cb7-97e3-eb48cbd2e728,FirstNumber=597,secondNumber=545}  added by thread pool-3-thread-6
 message  {Id=28ff8259-2aa7-4cb7-97e3-eb48cbd2e728,FirstNumber=597,secondNumber=545}  written to file by thread pool-3-thread-4
 message  {Id=753925df-ef7e-4369-93c3-2dfcabaf4635,FirstNumber=613,secondNumber=686}  added by thread pool-3-thread-6
 message  {Id=753925df-ef7e-4369-93c3-2dfcabaf4635,FirstNumber=613,secondNumber=686}  written to file by thread pool-3-thread-5
 message  {Id=5d49439e-d770-4424-a1b3-4e6a72f6b0f6,FirstNumber=203,secondNumber=1372}  added by thread pool-3-thread-6
 message  {Id=5d49439e-d770-4424-a1b3-4e6a72f6b0f6,FirstNumber=203,secondNumber=1372}  written to file by thread pool-3-thread-5
 message  {Id=18b1eedd-5d97-4b85-bde2-e90e7faf2258,FirstNumber=295,secondNumber=42}  added by thread pool-3-thread-6
 message  {Id=18b1eedd-5d97-4b85-bde2-e90e7faf2258,FirstNumber=295,secondNumber=42}  written to file by thread pool-3-thread-2
 message  {Id=3f8ae134-0b3e-4225-9994-220b2267f816,FirstNumber=95,secondNumber=1517}  added by thread pool-3-thread-6
 message  {Id=3f8ae134-0b3e-4225-9994-220b2267f816,FirstNumber=95,secondNumber=1517}  written to file by thread pool-3-thread-1
 message  {Id=54d9e322-b32a-413b-85bd-36cb331fb2e0,FirstNumber=884,secondNumber=1631}  added by thread pool-3-thread-6
 message  {Id=54d9e322-b32a-413b-85bd-36cb331fb2e0,FirstNumber=884,secondNumber=1631}  written to file by thread pool-3-thread-4
 message  {Id=34b9d5fb-ee6a-4699-bdc4-b98caa2b7459,FirstNumber=205,secondNumber=1631}  added by thread pool-3-thread-6
 message  {Id=34b9d5fb-ee6a-4699-bdc4-b98caa2b7459,FirstNumber=205,secondNumber=1631}  written to file by thread pool-3-thread-4
 message  {Id=3e22e8c5-7c6c-481a-a2c5-9186a60c5c1b,FirstNumber=878,secondNumber=1184}  added by thread pool-3-thread-6
 message  {Id=3e22e8c5-7c6c-481a-a2c5-9186a60c5c1b,FirstNumber=878,secondNumber=1184}  written to file by thread pool-3-thread-5
 message  {Id=68e83576-19ee-4ada-b16d-9456a6afc8d8,FirstNumber=583,secondNumber=1837}  added by thread pool-3-thread-6
 message  {Id=68e83576-19ee-4ada-b16d-9456a6afc8d8,FirstNumber=583,secondNumber=1837}  written to file by thread pool-3-thread-5
 message  {Id=f119134c-3b30-4c49-8f59-aedfed6a5408,FirstNumber=367,secondNumber=1979}  added by thread pool-3-thread-6
 message  {Id=f119134c-3b30-4c49-8f59-aedfed6a5408,FirstNumber=367,secondNumber=1979}  written to file by thread pool-3-thread-1
 message  {Id=591fc09d-30b0-4972-9d8d-999b4562e7f8,FirstNumber=997,secondNumber=1812}  added by thread pool-3-thread-6
 message  {Id=591fc09d-30b0-4972-9d8d-999b4562e7f8,FirstNumber=997,secondNumber=1812}  written to file by thread pool-3-thread-1
 message  {Id=33e6a67a-2640-4023-bd0d-f4d2ee99fe1a,FirstNumber=772,secondNumber=116}  added by thread pool-3-thread-6
 message  {Id=33e6a67a-2640-4023-bd0d-f4d2ee99fe1a,FirstNumber=772,secondNumber=116}  written to file by thread pool-3-thread-4
 message  {Id=48602190-9c4b-4b8f-8f15-e7805d826f79,FirstNumber=966,secondNumber=1428}  added by thread pool-3-thread-6
 message  {Id=48602190-9c4b-4b8f-8f15-e7805d826f79,FirstNumber=966,secondNumber=1428}  written to file by thread pool-3-thread-4
 message  {Id=15f3ae97-e6d6-4946-9e4a-09496bac1631,FirstNumber=730,secondNumber=397}  added by thread pool-3-thread-6
 message  {Id=15f3ae97-e6d6-4946-9e4a-09496bac1631,FirstNumber=730,secondNumber=397}  written to file by thread pool-3-thread-5
 message  {Id=93484ae5-31c8-4a53-89ae-ff86818450f9,FirstNumber=652,secondNumber=1426}  added by thread pool-3-thread-6
 message  {Id=93484ae5-31c8-4a53-89ae-ff86818450f9,FirstNumber=652,secondNumber=1426}  written to file by thread pool-3-thread-3
 message  {Id=0610fd99-ef5b-4e56-abdf-ff1c61db7789,FirstNumber=988,secondNumber=1537}  added by thread pool-3-thread-6
 message  {Id=0610fd99-ef5b-4e56-abdf-ff1c61db7789,FirstNumber=988,secondNumber=1537}  written to file by thread pool-3-thread-1
 message  {Id=5e5e33b3-8e9c-4705-bffb-a3b359c2e793,FirstNumber=77,secondNumber=499}  added by thread pool-3-thread-6
 message  {Id=5e5e33b3-8e9c-4705-bffb-a3b359c2e793,FirstNumber=77,secondNumber=499}  written to file by thread pool-3-thread-1
 message  {Id=a10638d7-8315-464b-9397-91dec93adac2,FirstNumber=572,secondNumber=1176}  added by thread pool-3-thread-6
 message  {Id=a10638d7-8315-464b-9397-91dec93adac2,FirstNumber=572,secondNumber=1176}  written to file by thread pool-3-thread-4
 message  {Id=a27d8332-b8e1-42c9-8fbc-d6b74f3e3b6b,FirstNumber=295,secondNumber=1449}  added by thread pool-3-thread-6
 message  {Id=a27d8332-b8e1-42c9-8fbc-d6b74f3e3b6b,FirstNumber=295,secondNumber=1449}  written to file by thread pool-3-thread-4
 message  {Id=1e7d05b5-ae98-4d84-84ec-654ea3466007,FirstNumber=334,secondNumber=588}  added by thread pool-3-thread-6
 message  {Id=1e7d05b5-ae98-4d84-84ec-654ea3466007,FirstNumber=334,secondNumber=588}  written to file by thread pool-3-thread-3
 message  {Id=ffe3181a-fb58-4326-9a46-a4326a9c2559,FirstNumber=553,secondNumber=1881}  added by thread pool-3-thread-6
 message  {Id=ffe3181a-fb58-4326-9a46-a4326a9c2559,FirstNumber=553,secondNumber=1881}  written to file by thread pool-3-thread-2
 message  {Id=909b7454-fdb5-45c7-a14a-034b6d63261c,FirstNumber=999,secondNumber=461}  added by thread pool-3-thread-6
 message  {Id=909b7454-fdb5-45c7-a14a-034b6d63261c,FirstNumber=999,secondNumber=461}  written to file by thread pool-3-thread-1
 message  {Id=74b090da-0e58-4b67-b6d1-b8eff87c0c95,FirstNumber=923,secondNumber=8}  added by thread pool-3-thread-6
 message  {Id=74b090da-0e58-4b67-b6d1-b8eff87c0c95,FirstNumber=923,secondNumber=8}  written to file by thread pool-3-thread-1
 message  {Id=a762528d-9984-49d4-ad0f-44d6df8d4113,FirstNumber=820,secondNumber=1329}  added by thread pool-3-thread-6
 message  {Id=a762528d-9984-49d4-ad0f-44d6df8d4113,FirstNumber=820,secondNumber=1329}  written to file by thread pool-3-thread-4
 message  {Id=ee6e206e-72d7-4ac1-9bab-a6a02f4139cd,FirstNumber=472,secondNumber=920}  added by thread pool-3-thread-6
 message  {Id=ee6e206e-72d7-4ac1-9bab-a6a02f4139cd,FirstNumber=472,secondNumber=920}  written to file by thread pool-3-thread-3
 message  {Id=4c3e05b9-9c1f-4424-912d-a25be27378bc,FirstNumber=603,secondNumber=886}  added by thread pool-3-thread-6
 message  {Id=4c3e05b9-9c1f-4424-912d-a25be27378bc,FirstNumber=603,secondNumber=886}  written to file by thread pool-3-thread-2
 message  {Id=1358169d-7cfe-47f0-b8ca-ee452df4ca54,FirstNumber=935,secondNumber=325}  added by thread pool-3-thread-6
 message  {Id=1358169d-7cfe-47f0-b8ca-ee452df4ca54,FirstNumber=935,secondNumber=325}  written to file by thread pool-3-thread-5
 message  {Id=3d088739-f03d-4981-aa03-36519d409427,FirstNumber=721,secondNumber=1844}  added by thread pool-3-thread-6
 message  {Id=3d088739-f03d-4981-aa03-36519d409427,FirstNumber=721,secondNumber=1844}  written to file by thread pool-3-thread-1
 message  {Id=1154dfd1-2870-4014-96ac-87511d992a92,FirstNumber=904,secondNumber=1211}  added by thread pool-3-thread-6
 message  {Id=1154dfd1-2870-4014-96ac-87511d992a92,FirstNumber=904,secondNumber=1211}  written to file by thread pool-3-thread-1
 message  {Id=fe4455dd-f967-452a-b052-bd6767d547e3,FirstNumber=325,secondNumber=93}  added by thread pool-3-thread-6
 message  {Id=fe4455dd-f967-452a-b052-bd6767d547e3,FirstNumber=325,secondNumber=93}  written to file by thread pool-3-thread-3
 message  {Id=ec0d3702-dfa6-4aba-a586-78d36da9a0f7,FirstNumber=57,secondNumber=1101}  added by thread pool-3-thread-6
 message  {Id=ec0d3702-dfa6-4aba-a586-78d36da9a0f7,FirstNumber=57,secondNumber=1101}  written to file by thread pool-3-thread-3
 message  {Id=807a71bc-bcf0-4b04-b61e-78e471a30399,FirstNumber=984,secondNumber=1433}  added by thread pool-3-thread-6
 message  {Id=807a71bc-bcf0-4b04-b61e-78e471a30399,FirstNumber=984,secondNumber=1433}  written to file by thread pool-3-thread-5
 message  {Id=218fb6fd-794d-4f84-b9d4-8fea182db33d,FirstNumber=605,secondNumber=1248}  added by thread pool-3-thread-6
 message  {Id=218fb6fd-794d-4f84-b9d4-8fea182db33d,FirstNumber=605,secondNumber=1248}  written to file by thread pool-3-thread-4
 message  {Id=a459803f-8fc3-4d66-a1b4-05ad18638e80,FirstNumber=676,secondNumber=1957}  added by thread pool-3-thread-6
 message  {Id=866ebd67-00c7-40d4-89e2-c205a98c94a7,FirstNumber=426,secondNumber=373}  added by thread pool-3-thread-6
 message  {Id=a459803f-8fc3-4d66-a1b4-05ad18638e80,FirstNumber=676,secondNumber=1957}  written to file by thread pool-3-thread-1
 message  {Id=866ebd67-00c7-40d4-89e2-c205a98c94a7,FirstNumber=426,secondNumber=373}  written to file by thread pool-3-thread-2
 message  {Id=696356f0-1bbf-483d-9d6b-a005e4970c67,FirstNumber=877,secondNumber=202}  added by thread pool-3-thread-6
 message  {Id=696356f0-1bbf-483d-9d6b-a005e4970c67,FirstNumber=877,secondNumber=202}  written to file by thread pool-3-thread-3
 message  {Id=5fb29d66-f861-4a5e-aafa-5b5af702f9b3,FirstNumber=296,secondNumber=206}  added by thread pool-3-thread-6
 message  {Id=5fb29d66-f861-4a5e-aafa-5b5af702f9b3,FirstNumber=296,secondNumber=206}  written to file by thread pool-3-thread-3
 message  {Id=e27092d0-4b13-4ff0-abbf-a65493cf9a71,FirstNumber=669,secondNumber=1156}  added by thread pool-3-thread-6
 message  {Id=e27092d0-4b13-4ff0-abbf-a65493cf9a71,FirstNumber=669,secondNumber=1156}  written to file by thread pool-3-thread-4
 message  {Id=a8a1284e-4ed4-4013-8e31-8e57ef8e5164,FirstNumber=365,secondNumber=455}  added by thread pool-3-thread-6
 message  {Id=a8a1284e-4ed4-4013-8e31-8e57ef8e5164,FirstNumber=365,secondNumber=455}  written to file by thread pool-3-thread-4
 message  {Id=97642d57-d2e8-4a5d-9a7f-3b4ccb8b9a8c,FirstNumber=796,secondNumber=1556}  added by thread pool-3-thread-6
 message  {Id=97642d57-d2e8-4a5d-9a7f-3b4ccb8b9a8c,FirstNumber=796,secondNumber=1556}  written to file by thread pool-3-thread-2
 message  {Id=b8866d0d-ec55-4d49-9dd5-d68fbe0d8fd8,FirstNumber=91,secondNumber=1161}  added by thread pool-3-thread-6
 message  {Id=b8866d0d-ec55-4d49-9dd5-d68fbe0d8fd8,FirstNumber=91,secondNumber=1161}  written to file by thread pool-3-thread-2
 message  {Id=d85ebbde-e190-49cb-b7a2-69629cdc3347,FirstNumber=443,secondNumber=254}  added by thread pool-3-thread-6
 message  {Id=d85ebbde-e190-49cb-b7a2-69629cdc3347,FirstNumber=443,secondNumber=254}  written to file by thread pool-3-thread-3
 message  {Id=264affcf-6691-4ab2-92c5-f7a7d70289f5,FirstNumber=952,secondNumber=787}  added by thread pool-3-thread-6
 message  {Id=264affcf-6691-4ab2-92c5-f7a7d70289f5,FirstNumber=952,secondNumber=787}  written to file by thread pool-3-thread-3
 message  {Id=494d5b2e-8082-413f-ac82-e557b40b6d12,FirstNumber=4,secondNumber=389}  added by thread pool-3-thread-6
 message  {Id=494d5b2e-8082-413f-ac82-e557b40b6d12,FirstNumber=4,secondNumber=389}  written to file by thread pool-3-thread-4
 message  {Id=857c2a0d-762b-4179-8908-6cc500579c9c,FirstNumber=51,secondNumber=667}  added by thread pool-3-thread-6
 message  {Id=857c2a0d-762b-4179-8908-6cc500579c9c,FirstNumber=51,secondNumber=667}  written to file by thread pool-3-thread-5
 message  {Id=0e0401ec-b6d1-45e4-8dab-db28bcd7ef37,FirstNumber=910,secondNumber=1946}  added by thread pool-3-thread-6
 message  {Id=0e0401ec-b6d1-45e4-8dab-db28bcd7ef37,FirstNumber=910,secondNumber=1946}  written to file by thread pool-3-thread-2
 message  {Id=ea14d48b-d6d6-4c10-b944-25a486caec82,FirstNumber=443,secondNumber=1197}  added by thread pool-3-thread-6
 message  {Id=ea14d48b-d6d6-4c10-b944-25a486caec82,FirstNumber=443,secondNumber=1197}  written to file by thread pool-3-thread-2
 message  {Id=24ceed48-0335-412b-9199-960bf8e522af,FirstNumber=616,secondNumber=558}  added by thread pool-3-thread-6
 message  {Id=24ceed48-0335-412b-9199-960bf8e522af,FirstNumber=616,secondNumber=558}  written to file by thread pool-3-thread-3
 message  {Id=f9db5b64-4836-4a03-a343-e08bbac22c3b,FirstNumber=627,secondNumber=1983}  added by thread pool-3-thread-6
 message  {Id=f9db5b64-4836-4a03-a343-e08bbac22c3b,FirstNumber=627,secondNumber=1983}  written to file by thread pool-3-thread-3
 message  {Id=f15c1b90-015e-4d65-b0a8-7f355dadd42e,FirstNumber=525,secondNumber=1358}  added by thread pool-3-thread-6
 message  {Id=f15c1b90-015e-4d65-b0a8-7f355dadd42e,FirstNumber=525,secondNumber=1358}  written to file by thread pool-3-thread-5
 message  {Id=00ec749d-e2d0-4a04-b429-30c615ce5f7d,FirstNumber=269,secondNumber=1740}  added by thread pool-3-thread-6
 message  {Id=00ec749d-e2d0-4a04-b429-30c615ce5f7d,FirstNumber=269,secondNumber=1740}  written to file by thread pool-3-thread-5
 message  {Id=08811d22-febd-47aa-9e72-130c1db2dab9,FirstNumber=9,secondNumber=1888}  added by thread pool-3-thread-6
 message  {Id=08811d22-febd-47aa-9e72-130c1db2dab9,FirstNumber=9,secondNumber=1888}  written to file by thread pool-3-thread-2
 message  {Id=54100634-d1b8-418f-bff1-338f210bfb2c,FirstNumber=872,secondNumber=1633}  added by thread pool-3-thread-6
 message  {Id=54100634-d1b8-418f-bff1-338f210bfb2c,FirstNumber=872,secondNumber=1633}  written to file by thread pool-3-thread-2
 message  {Id=afcb836a-e3ac-4607-8188-acb88143b5de,FirstNumber=578,secondNumber=1784}  added by thread pool-3-thread-6
 message  {Id=afcb836a-e3ac-4607-8188-acb88143b5de,FirstNumber=578,secondNumber=1784}  written to file by thread pool-3-thread-3
 message  {Id=77e76c9f-7e67-4e6d-b238-12fb5b3921d7,FirstNumber=332,secondNumber=1133}  added by thread pool-3-thread-6
 message  {Id=77e76c9f-7e67-4e6d-b238-12fb5b3921d7,FirstNumber=332,secondNumber=1133}  written to file by thread pool-3-thread-1
 message  {Id=ca660b83-b0de-4815-9330-fdedfeb75a4c,FirstNumber=398,secondNumber=116}  added by thread pool-3-thread-6
 message  {Id=ca660b83-b0de-4815-9330-fdedfeb75a4c,FirstNumber=398,secondNumber=116}  written to file by thread pool-3-thread-1
 message  {Id=4580c78f-bca5-4a3e-acb5-c2f40c68acff,FirstNumber=779,secondNumber=1776}  added by thread pool-3-thread-6
 message  {Id=4580c78f-bca5-4a3e-acb5-c2f40c68acff,FirstNumber=779,secondNumber=1776}  written to file by thread pool-3-thread-1
 message  {Id=f0539f2d-2421-4cab-bb8c-703f6d2a6351,FirstNumber=957,secondNumber=627}  added by thread pool-3-thread-6
 message  {Id=f0539f2d-2421-4cab-bb8c-703f6d2a6351,FirstNumber=957,secondNumber=627}  written to file by thread pool-3-thread-2
 message  {Id=83b7e3fd-b732-45ed-9415-f6980c86d487,FirstNumber=828,secondNumber=562}  added by thread pool-3-thread-6
 message  {Id=83b7e3fd-b732-45ed-9415-f6980c86d487,FirstNumber=828,secondNumber=562}  written to file by thread pool-3-thread-3
 message  {Id=0235ddd9-72e8-4f39-8b4a-2e623cc54b36,FirstNumber=511,secondNumber=153}  added by thread pool-3-thread-6
 message  {Id=0235ddd9-72e8-4f39-8b4a-2e623cc54b36,FirstNumber=511,secondNumber=153}  written to file by thread pool-3-thread-3
 message  {Id=473077cd-8dac-4fec-9cd8-8c7989428e08,FirstNumber=125,secondNumber=1827}  added by thread pool-3-thread-6
 message  {Id=473077cd-8dac-4fec-9cd8-8c7989428e08,FirstNumber=125,secondNumber=1827}  written to file by thread pool-3-thread-4
 message  {Id=440a4bf1-201d-421c-ac7f-e99f6a3b261f,FirstNumber=937,secondNumber=1078}  added by thread pool-3-thread-6
 message  {Id=440a4bf1-201d-421c-ac7f-e99f6a3b261f,FirstNumber=937,secondNumber=1078}  written to file by thread pool-3-thread-1
 message  {Id=02785b05-a2f3-4304-b5dd-692948382253,FirstNumber=740,secondNumber=873}  added by thread pool-3-thread-6
 message  {Id=02785b05-a2f3-4304-b5dd-692948382253,FirstNumber=740,secondNumber=873}  written to file by thread pool-3-thread-1
 message  {Id=42f4e592-5260-473c-9b35-cdba679cb5f5,FirstNumber=210,secondNumber=1779}  added by thread pool-3-thread-6
 message  {Id=42f4e592-5260-473c-9b35-cdba679cb5f5,FirstNumber=210,secondNumber=1779}  written to file by thread pool-3-thread-5
 message  {Id=fffebd0a-7794-4b14-a4ca-2c7e7ac01ff3,FirstNumber=193,secondNumber=797}  added by thread pool-3-thread-6
 message  {Id=fffebd0a-7794-4b14-a4ca-2c7e7ac01ff3,FirstNumber=193,secondNumber=797}  written to file by thread pool-3-thread-3
 message  {Id=3a7e6c4a-6342-4adc-b2b2-ac52acb66622,FirstNumber=604,secondNumber=1092}  added by thread pool-3-thread-6
 message  {Id=3a7e6c4a-6342-4adc-b2b2-ac52acb66622,FirstNumber=604,secondNumber=1092}  written to file by thread pool-3-thread-4
 message  {Id=59f375f8-af02-4aa6-b3cd-9cc58d89e6c1,FirstNumber=669,secondNumber=867}  added by thread pool-3-thread-6
 message  {Id=59f375f8-af02-4aa6-b3cd-9cc58d89e6c1,FirstNumber=669,secondNumber=867}  written to file by thread pool-3-thread-4
 message  {Id=7c1a747f-3fa3-4899-aab9-cb1bb718aded,FirstNumber=696,secondNumber=770}  added by thread pool-3-thread-6
 message  {Id=7c1a747f-3fa3-4899-aab9-cb1bb718aded,FirstNumber=696,secondNumber=770}  written to file by thread pool-3-thread-1
 message  {Id=7aa85312-d0f9-49aa-a5c0-22bfe9e14226,FirstNumber=171,secondNumber=1287}  added by thread pool-3-thread-6
 message  {Id=7aa85312-d0f9-49aa-a5c0-22bfe9e14226,FirstNumber=171,secondNumber=1287}  written to file by thread pool-3-thread-1
 message  {Id=e672a035-5587-4394-a284-2a9dfeed636c,FirstNumber=404,secondNumber=379}  added by thread pool-3-thread-6
 message  {Id=e672a035-5587-4394-a284-2a9dfeed636c,FirstNumber=404,secondNumber=379}  written to file by thread pool-3-thread-3
 message  {Id=8432a37e-add9-4b8a-ad11-6c964551885a,FirstNumber=514,secondNumber=1081}  added by thread pool-3-thread-6
 message  {Id=8432a37e-add9-4b8a-ad11-6c964551885a,FirstNumber=514,secondNumber=1081}  written to file by thread pool-3-thread-3
 message  {Id=ce1a1fcb-c21b-43af-849b-1f71907d559a,FirstNumber=541,secondNumber=886}  added by thread pool-3-thread-6
 message  {Id=ce1a1fcb-c21b-43af-849b-1f71907d559a,FirstNumber=541,secondNumber=886}  written to file by thread pool-3-thread-4
 message  {Id=13614603-7595-4549-b1c5-a727b4293791,FirstNumber=652,secondNumber=344}  added by thread pool-3-thread-6
 message  {Id=13614603-7595-4549-b1c5-a727b4293791,FirstNumber=652,secondNumber=344}  written to file by thread pool-3-thread-4
 message  {Id=8cc9c4c3-40b5-4a3f-9ec4-af86823dbb4d,FirstNumber=717,secondNumber=288}  added by thread pool-3-thread-6
 message  {Id=8cc9c4c3-40b5-4a3f-9ec4-af86823dbb4d,FirstNumber=717,secondNumber=288}  written to file by thread pool-3-thread-1
 message  {Id=8aad06ce-7226-4203-adbc-5a19939c1da9,FirstNumber=435,secondNumber=1490}  added by thread pool-3-thread-6
 message  {Id=8aad06ce-7226-4203-adbc-5a19939c1da9,FirstNumber=435,secondNumber=1490}  written to file by thread pool-3-thread-2
 message  {Id=5653ba35-4f06-4c75-ba8a-3e13719a573c,FirstNumber=281,secondNumber=1562}  added by thread pool-3-thread-6
 message  {Id=5653ba35-4f06-4c75-ba8a-3e13719a573c,FirstNumber=281,secondNumber=1562}  written to file by thread pool-3-thread-3
 message  {Id=eae3ce75-af6c-4a4f-8c03-1cd003e2fba2,FirstNumber=62,secondNumber=813}  added by thread pool-3-thread-6
 message  {Id=eae3ce75-af6c-4a4f-8c03-1cd003e2fba2,FirstNumber=62,secondNumber=813}  written to file by thread pool-3-thread-3
 message  {Id=184fd289-221c-4c49-a553-519b4e60af4b,FirstNumber=256,secondNumber=1373}  added by thread pool-3-thread-6
 message  {Id=184fd289-221c-4c49-a553-519b4e60af4b,FirstNumber=256,secondNumber=1373}  written to file by thread pool-3-thread-4
 message  {Id=96717bbd-88fa-4e47-a453-39b8bff7cb09,FirstNumber=229,secondNumber=1197}  added by thread pool-3-thread-6
 message  {Id=96717bbd-88fa-4e47-a453-39b8bff7cb09,FirstNumber=229,secondNumber=1197}  written to file by thread pool-3-thread-4
 message  {Id=79da6dc9-ffca-4232-8bbe-c054f9febeae,FirstNumber=105,secondNumber=1570}  added by thread pool-3-thread-6
 message  {Id=79da6dc9-ffca-4232-8bbe-c054f9febeae,FirstNumber=105,secondNumber=1570}  written to file by thread pool-3-thread-2
 message  {Id=1337031e-99a3-46af-af91-4019d781c45e,FirstNumber=780,secondNumber=1837}  added by thread pool-3-thread-6
 message  {Id=1337031e-99a3-46af-af91-4019d781c45e,FirstNumber=780,secondNumber=1837}  written to file by thread pool-3-thread-5
 message  {Id=1cadc3dc-3495-4211-b720-1fb90d7ffe53,FirstNumber=601,secondNumber=564}  added by thread pool-3-thread-6
 message  {Id=1cadc3dc-3495-4211-b720-1fb90d7ffe53,FirstNumber=601,secondNumber=564}  written to file by thread pool-3-thread-3
 message  {Id=b39dea3d-cc33-4717-a198-04b31b4fb42c,FirstNumber=629,secondNumber=74}  added by thread pool-3-thread-6
 message  {Id=b39dea3d-cc33-4717-a198-04b31b4fb42c,FirstNumber=629,secondNumber=74}  written to file by thread pool-3-thread-3
 message  {Id=76f55d42-cbf0-411d-8cf1-ee5038efd15a,FirstNumber=177,secondNumber=841}  added by thread pool-3-thread-6
 message  {Id=76f55d42-cbf0-411d-8cf1-ee5038efd15a,FirstNumber=177,secondNumber=841}  written to file by thread pool-3-thread-4
 message  {Id=5d571ff3-4ccd-4e8b-b390-ba00bd18a3c7,FirstNumber=326,secondNumber=817}  added by thread pool-3-thread-6
 message  {Id=5d571ff3-4ccd-4e8b-b390-ba00bd18a3c7,FirstNumber=326,secondNumber=817}  written to file by thread pool-3-thread-2
 message  {Id=e3ca6268-9c51-40cf-9164-01d50d05e284,FirstNumber=524,secondNumber=787}  added by thread pool-3-thread-6
 message  {Id=e3ca6268-9c51-40cf-9164-01d50d05e284,FirstNumber=524,secondNumber=787}  written to file by thread pool-3-thread-5
 message  {Id=110f9fd0-2fe8-49ac-a5ac-892a35f8b5c9,FirstNumber=521,secondNumber=992}  added by thread pool-3-thread-6
 message  {Id=110f9fd0-2fe8-49ac-a5ac-892a35f8b5c9,FirstNumber=521,secondNumber=992}  written to file by thread pool-3-thread-1
 message  {Id=b8d69b63-6011-4171-baee-4601b7ec2328,FirstNumber=960,secondNumber=932}  added by thread pool-3-thread-6
 message  {Id=b8d69b63-6011-4171-baee-4601b7ec2328,FirstNumber=960,secondNumber=932}  written to file by thread pool-3-thread-3
 message  {Id=fe57d249-cccb-4cfc-b17b-a0ec05326f43,FirstNumber=983,secondNumber=1307}  added by thread pool-3-thread-6
 message  {Id=fe57d249-cccb-4cfc-b17b-a0ec05326f43,FirstNumber=983,secondNumber=1307}  written to file by thread pool-3-thread-3
 message  {Id=1b1cce7a-3fb1-4eb0-872b-59169cf089a0,FirstNumber=292,secondNumber=1307}  added by thread pool-3-thread-6
 message  {Id=1b1cce7a-3fb1-4eb0-872b-59169cf089a0,FirstNumber=292,secondNumber=1307}  written to file by thread pool-3-thread-2
 message  {Id=f28c50aa-3792-4d70-9700-6a687f991a5a,FirstNumber=799,secondNumber=140}  added by thread pool-3-thread-6
 message  {Id=f28c50aa-3792-4d70-9700-6a687f991a5a,FirstNumber=799,secondNumber=140}  written to file by thread pool-3-thread-2
 message  {Id=dd2e8f6e-8fb2-468b-aec4-c70ecf72e3ba,FirstNumber=407,secondNumber=1600}  added by thread pool-3-thread-6
 message  {Id=dd2e8f6e-8fb2-468b-aec4-c70ecf72e3ba,FirstNumber=407,secondNumber=1600}  written to file by thread pool-3-thread-1
 message  {Id=833c72c0-a504-4c24-a98e-2c9bfe470969,FirstNumber=53,secondNumber=1435}  added by thread pool-3-thread-6
 message  {Id=833c72c0-a504-4c24-a98e-2c9bfe470969,FirstNumber=53,secondNumber=1435}  written to file by thread pool-3-thread-1
 message  {Id=0444cb0e-eee6-4687-bb03-61dfd8cb3c5f,FirstNumber=253,secondNumber=612}  added by thread pool-3-thread-6
 message  {Id=0444cb0e-eee6-4687-bb03-61dfd8cb3c5f,FirstNumber=253,secondNumber=612}  written to file by thread pool-3-thread-3
 message  {Id=8decb812-3052-4a5d-9663-955febc098e3,FirstNumber=36,secondNumber=1593}  added by thread pool-3-thread-6
 message  {Id=8decb812-3052-4a5d-9663-955febc098e3,FirstNumber=36,secondNumber=1593}  written to file by thread pool-3-thread-5
 message  {Id=871674d7-9ef5-4173-8f14-0eea61d05bb9,FirstNumber=292,secondNumber=637}  added by thread pool-3-thread-6
 message  {Id=871674d7-9ef5-4173-8f14-0eea61d05bb9,FirstNumber=292,secondNumber=637}  written to file by thread pool-3-thread-2
 message  {Id=8d7e3963-a889-485d-a9fa-36328d20d524,FirstNumber=40,secondNumber=1044}  added by thread pool-3-thread-6
 message  {Id=8d7e3963-a889-485d-a9fa-36328d20d524,FirstNumber=40,secondNumber=1044}  written to file by thread pool-3-thread-2
 message  {Id=d320a515-2eb1-4ff6-ada5-080c1d7e5ada,FirstNumber=865,secondNumber=330}  added by thread pool-3-thread-6
 message  {Id=d320a515-2eb1-4ff6-ada5-080c1d7e5ada,FirstNumber=865,secondNumber=330}  written to file by thread pool-3-thread-1
 message  {Id=419ec85a-518b-4da6-933d-89c41cbc5fa4,FirstNumber=641,secondNumber=1150}  added by thread pool-3-thread-6
 message  {Id=419ec85a-518b-4da6-933d-89c41cbc5fa4,FirstNumber=641,secondNumber=1150}  written to file by thread pool-3-thread-1
 message  {Id=9d0a7d23-f86d-4b81-9d2b-e02cf6fd0d2c,FirstNumber=28,secondNumber=1421}  added by thread pool-3-thread-6
 message  {Id=9d0a7d23-f86d-4b81-9d2b-e02cf6fd0d2c,FirstNumber=28,secondNumber=1421}  written to file by thread pool-3-thread-5
 message  {Id=6a9575ec-25b6-4c4d-8b5a-1c50ffead370,FirstNumber=196,secondNumber=900}  added by thread pool-3-thread-6
 message  {Id=6a9575ec-25b6-4c4d-8b5a-1c50ffead370,FirstNumber=196,secondNumber=900}  written to file by thread pool-3-thread-5
 message  {Id=999eee59-8d6f-458f-8313-529b8f4268ed,FirstNumber=680,secondNumber=112}  added by thread pool-3-thread-6
 message  {Id=999eee59-8d6f-458f-8313-529b8f4268ed,FirstNumber=680,secondNumber=112}  written to file by thread pool-3-thread-2
 message  {Id=4ed50bba-5c2f-4ed5-80be-080984e58ecc,FirstNumber=854,secondNumber=1649}  added by thread pool-3-thread-6
 message  {Id=4ed50bba-5c2f-4ed5-80be-080984e58ecc,FirstNumber=854,secondNumber=1649}  written to file by thread pool-3-thread-3
 message  {Id=e4869412-4834-4df7-a4ee-0d9b59391394,FirstNumber=954,secondNumber=757}  added by thread pool-3-thread-6
 message  {Id=08a54cf8-3276-437b-b186-27bc4fe12ac4,FirstNumber=661,secondNumber=626}  added by thread pool-3-thread-6
 message  {Id=e4869412-4834-4df7-a4ee-0d9b59391394,FirstNumber=954,secondNumber=757}  written to file by thread pool-3-thread-1
 message  {Id=08a54cf8-3276-437b-b186-27bc4fe12ac4,FirstNumber=661,secondNumber=626}  written to file by thread pool-3-thread-4
 message  {Id=8b39da9d-ec36-4a79-8357-b2379311be41,FirstNumber=629,secondNumber=144}  added by thread pool-3-thread-6
 message  {Id=8b39da9d-ec36-4a79-8357-b2379311be41,FirstNumber=629,secondNumber=144}  written to file by thread pool-3-thread-5
 message  {Id=f0c3c3fb-ade2-47ed-888a-9584bed2b6e1,FirstNumber=848,secondNumber=1806}  added by thread pool-3-thread-6
 message  {Id=f0c3c3fb-ade2-47ed-888a-9584bed2b6e1,FirstNumber=848,secondNumber=1806}  written to file by thread pool-3-thread-5
 message  {Id=a258430e-3aa9-4d60-b8d6-8b03c31c870e,FirstNumber=524,secondNumber=821}  added by thread pool-3-thread-6
 message  {Id=a258430e-3aa9-4d60-b8d6-8b03c31c870e,FirstNumber=524,secondNumber=821}  written to file by thread pool-3-thread-3
 message  {Id=c6564c63-7e30-40d6-a595-8e0e49a0e550,FirstNumber=916,secondNumber=1003}  added by thread pool-3-thread-6
 message  {Id=c6564c63-7e30-40d6-a595-8e0e49a0e550,FirstNumber=916,secondNumber=1003}  written to file by thread pool-3-thread-1
 message  {Id=0ddff552-a209-4e88-b580-dc1a0b4556f8,FirstNumber=649,secondNumber=615}  added by thread pool-3-thread-6
 message  {Id=0ddff552-a209-4e88-b580-dc1a0b4556f8,FirstNumber=649,secondNumber=615}  written to file by thread pool-3-thread-1
 message  {Id=5f8bd25e-0efc-4165-8394-7bd7929f18ad,FirstNumber=811,secondNumber=450}  added by thread pool-3-thread-6
 message  {Id=5f8bd25e-0efc-4165-8394-7bd7929f18ad,FirstNumber=811,secondNumber=450}  written to file by thread pool-3-thread-2
 message  {Id=9d61dee6-523e-49e6-b717-1c5c7956ed0e,FirstNumber=579,secondNumber=1915}  added by thread pool-3-thread-6
 message  {Id=9d61dee6-523e-49e6-b717-1c5c7956ed0e,FirstNumber=579,secondNumber=1915}  written to file by thread pool-3-thread-5
 message  {Id=abd82f92-6733-4a5f-95ef-c7243f088388,FirstNumber=903,secondNumber=1237}  added by thread pool-3-thread-6
 message  {Id=abd82f92-6733-4a5f-95ef-c7243f088388,FirstNumber=903,secondNumber=1237}  written to file by thread pool-3-thread-5
 message  {Id=7a4811c9-ca04-4972-96e9-e62715cdddc8,FirstNumber=696,secondNumber=1140}  added by thread pool-3-thread-6
 message  {Id=7a4811c9-ca04-4972-96e9-e62715cdddc8,FirstNumber=696,secondNumber=1140}  written to file by thread pool-3-thread-4
 message  {Id=485732f5-aec6-4ef7-90d5-0deba49fc66d,FirstNumber=251,secondNumber=523}  added by thread pool-3-thread-6
 message  {Id=485732f5-aec6-4ef7-90d5-0deba49fc66d,FirstNumber=251,secondNumber=523}  written to file by thread pool-3-thread-1
 message  {Id=c2f58dfd-ba6f-4691-94c1-c87428e63d7e,FirstNumber=813,secondNumber=268}  added by thread pool-3-thread-6
 message  {Id=c2f58dfd-ba6f-4691-94c1-c87428e63d7e,FirstNumber=813,secondNumber=268}  written to file by thread pool-3-thread-2
 message  {Id=e1a9cc1d-566d-4d00-86b1-79f64d3283c0,FirstNumber=544,secondNumber=1680}  added by thread pool-3-thread-6
 message  {Id=e1a9cc1d-566d-4d00-86b1-79f64d3283c0,FirstNumber=544,secondNumber=1680}  written to file by thread pool-3-thread-3
 message  {Id=24022b43-b360-44ba-811e-0569a7a4d0a7,FirstNumber=917,secondNumber=1794}  added by thread pool-3-thread-6
 message  {Id=24022b43-b360-44ba-811e-0569a7a4d0a7,FirstNumber=917,secondNumber=1794}  written to file by thread pool-3-thread-3
 message  {Id=d77689f5-4813-47e0-8747-e8f782e73f75,FirstNumber=329,secondNumber=272}  added by thread pool-3-thread-6
 message  {Id=d77689f5-4813-47e0-8747-e8f782e73f75,FirstNumber=329,secondNumber=272}  written to file by thread pool-3-thread-4
 message  {Id=4f37bef4-b2ae-4c6c-9e2f-ba44fc866076,FirstNumber=163,secondNumber=323}  added by thread pool-3-thread-6
 message  {Id=4f37bef4-b2ae-4c6c-9e2f-ba44fc866076,FirstNumber=163,secondNumber=323}  written to file by thread pool-3-thread-4
 message  {Id=804aaa15-4f73-4183-a3d3-134e13a6900e,FirstNumber=717,secondNumber=1372}  added by thread pool-3-thread-6
 message  {Id=804aaa15-4f73-4183-a3d3-134e13a6900e,FirstNumber=717,secondNumber=1372}  written to file by thread pool-3-thread-2
 message  {Id=0ae407db-fd9b-4c59-b630-415bf144fa94,FirstNumber=515,secondNumber=234}  added by thread pool-3-thread-6
 message  {Id=0ae407db-fd9b-4c59-b630-415bf144fa94,FirstNumber=515,secondNumber=234}  written to file by thread pool-3-thread-5
 message  {Id=7a65f369-1b88-4464-8c32-52bd9aa56145,FirstNumber=343,secondNumber=1827}  added by thread pool-3-thread-6
 message  {Id=7a65f369-1b88-4464-8c32-52bd9aa56145,FirstNumber=343,secondNumber=1827}  written to file by thread pool-3-thread-5
 message  {Id=c2bdbefa-495f-4817-a313-7afdce3b33c0,FirstNumber=907,secondNumber=1997}  added by thread pool-3-thread-6
 message  {Id=36be0855-2ff2-4585-aa2b-85782cfbfe9e,FirstNumber=724,secondNumber=1562}  added by thread pool-3-thread-6
 message  {Id=c2bdbefa-495f-4817-a313-7afdce3b33c0,FirstNumber=907,secondNumber=1997}  written to file by thread pool-3-thread-1
 message  {Id=36be0855-2ff2-4585-aa2b-85782cfbfe9e,FirstNumber=724,secondNumber=1562}  written to file by thread pool-3-thread-4
 message  {Id=b1849074-69e4-43ac-9a66-9912fe85fa76,FirstNumber=599,secondNumber=70}  added by thread pool-3-thread-6
 message  {Id=b1849074-69e4-43ac-9a66-9912fe85fa76,FirstNumber=599,secondNumber=70}  written to file by thread pool-3-thread-2
 message  {Id=63389e30-7310-4215-b213-3fdd49037251,FirstNumber=402,secondNumber=1359}  added by thread pool-3-thread-6
 message  {Id=63389e30-7310-4215-b213-3fdd49037251,FirstNumber=402,secondNumber=1359}  written to file by thread pool-3-thread-2
 message  {Id=5aed41aa-b4a3-4acb-9cd5-dd2b55cc78aa,FirstNumber=309,secondNumber=1851}  added by thread pool-3-thread-6
 message  {Id=5aed41aa-b4a3-4acb-9cd5-dd2b55cc78aa,FirstNumber=309,secondNumber=1851}  written to file by thread pool-3-thread-5
 message  {Id=792608db-acc6-486c-a05a-82e4b8141352,FirstNumber=636,secondNumber=1062}  added by thread pool-3-thread-6
 message  {Id=792608db-acc6-486c-a05a-82e4b8141352,FirstNumber=636,secondNumber=1062}  written to file by thread pool-3-thread-1
 message  {Id=eda8c1de-8300-4de6-beee-4f685863008a,FirstNumber=255,secondNumber=359}  added by thread pool-3-thread-6
 message  {Id=eda8c1de-8300-4de6-beee-4f685863008a,FirstNumber=255,secondNumber=359}  written to file by thread pool-3-thread-1
 message  {Id=dc883060-e803-4c39-b84f-55b3735e1993,FirstNumber=998,secondNumber=1099}  added by thread pool-3-thread-6
 message  {Id=dc883060-e803-4c39-b84f-55b3735e1993,FirstNumber=998,secondNumber=1099}  written to file by thread pool-3-thread-3
 message  {Id=19a74d19-ece8-4595-97c7-1e46dce9f73e,FirstNumber=830,secondNumber=515}  added by thread pool-3-thread-6
 message  {Id=19a74d19-ece8-4595-97c7-1e46dce9f73e,FirstNumber=830,secondNumber=515}  written to file by thread pool-3-thread-2
 message  {Id=b4cf299f-0e53-4d58-a994-6f00bea254f5,FirstNumber=402,secondNumber=656}  added by thread pool-3-thread-6
 message  {Id=b4cf299f-0e53-4d58-a994-6f00bea254f5,FirstNumber=402,secondNumber=656}  written to file by thread pool-3-thread-5
 message  {Id=a928046c-ceae-4a71-9e3b-67b21300cdf6,FirstNumber=906,secondNumber=1142}  added by thread pool-3-thread-6
 message  {Id=a928046c-ceae-4a71-9e3b-67b21300cdf6,FirstNumber=906,secondNumber=1142}  written to file by thread pool-3-thread-4
 message  {Id=7d3788af-7add-4057-aa86-b821c0bc647c,FirstNumber=382,secondNumber=192}  added by thread pool-3-thread-6
 message  {Id=7d3788af-7add-4057-aa86-b821c0bc647c,FirstNumber=382,secondNumber=192}  written to file by thread pool-3-thread-4
 message  {Id=4d315019-fac2-4e6b-a7a4-3d331867addd,FirstNumber=160,secondNumber=109}  added by thread pool-3-thread-6
 message  {Id=4d315019-fac2-4e6b-a7a4-3d331867addd,FirstNumber=160,secondNumber=109}  written to file by thread pool-3-thread-3
 message  {Id=4a115c6d-e1de-479c-858e-4f8c2d19ed64,FirstNumber=269,secondNumber=430}  added by thread pool-3-thread-6
 message  {Id=4a115c6d-e1de-479c-858e-4f8c2d19ed64,FirstNumber=269,secondNumber=430}  written to file by thread pool-3-thread-3
 message  {Id=2012ef5e-de74-4799-9398-ce6bc74ff275,FirstNumber=421,secondNumber=1119}  added by thread pool-3-thread-6
 message  {Id=2012ef5e-de74-4799-9398-ce6bc74ff275,FirstNumber=421,secondNumber=1119}  written to file by thread pool-3-thread-5
 message  {Id=45af4eba-a9de-468f-8da6-a1e36a08aa63,FirstNumber=649,secondNumber=579}  added by thread pool-3-thread-6
 message  {Id=45af4eba-a9de-468f-8da6-a1e36a08aa63,FirstNumber=649,secondNumber=579}  written to file by thread pool-3-thread-1
 message  {Id=8bc3eeef-ec94-451c-ba25-2e025896873f,FirstNumber=240,secondNumber=1791}  added by thread pool-3-thread-6
 message  {Id=8bc3eeef-ec94-451c-ba25-2e025896873f,FirstNumber=240,secondNumber=1791}  written to file by thread pool-3-thread-1
 message  {Id=e3ce7c18-fa9c-4240-a8fd-36b78661084c,FirstNumber=318,secondNumber=701}  added by thread pool-3-thread-6
 message  {Id=e3ce7c18-fa9c-4240-a8fd-36b78661084c,FirstNumber=318,secondNumber=701}  written to file by thread pool-3-thread-2
 message  {Id=79d979fc-6781-46cc-88cc-5c295d3aa2f1,FirstNumber=568,secondNumber=1826}  added by thread pool-3-thread-6
 message  {Id=79d979fc-6781-46cc-88cc-5c295d3aa2f1,FirstNumber=568,secondNumber=1826}  written to file by thread pool-3-thread-3
 message  {Id=97ece4bc-af65-4c6d-ad92-b11a38fa9c97,FirstNumber=315,secondNumber=1909}  added by thread pool-3-thread-6
 message  {Id=97ece4bc-af65-4c6d-ad92-b11a38fa9c97,FirstNumber=315,secondNumber=1909}  written to file by thread pool-3-thread-3
 message  {Id=521ec8bf-c562-4c65-a36e-594ac8038a19,FirstNumber=93,secondNumber=1687}  added by thread pool-3-thread-6
 message  {Id=521ec8bf-c562-4c65-a36e-594ac8038a19,FirstNumber=93,secondNumber=1687}  written to file by thread pool-3-thread-4
 message  {Id=caa39340-bf7e-404b-a92f-002f4287a026,FirstNumber=952,secondNumber=436}  added by thread pool-3-thread-6
 message  {Id=caa39340-bf7e-404b-a92f-002f4287a026,FirstNumber=952,secondNumber=436}  written to file by thread pool-3-thread-1
 message  {Id=73c3a754-be28-4a99-bedc-8a3cdb086cb2,FirstNumber=125,secondNumber=643}  added by thread pool-3-thread-6
 message  {Id=73c3a754-be28-4a99-bedc-8a3cdb086cb2,FirstNumber=125,secondNumber=643}  written to file by thread pool-3-thread-2
 message  {Id=e2d815e8-37b0-497e-a985-e87dc8bd0839,FirstNumber=461,secondNumber=1739}  added by thread pool-3-thread-6
 message  {Id=e2d815e8-37b0-497e-a985-e87dc8bd0839,FirstNumber=461,secondNumber=1739}  written to file by thread pool-3-thread-2
 message  {Id=5b954587-0d63-4683-9799-63d973621e3d,FirstNumber=123,secondNumber=220}  added by thread pool-3-thread-6
 message  {Id=5b954587-0d63-4683-9799-63d973621e3d,FirstNumber=123,secondNumber=220}  written to file by thread pool-3-thread-3
 message  {Id=1ea9451e-28fe-4363-aed6-d5ba4b478819,FirstNumber=222,secondNumber=626}  added by thread pool-3-thread-6
 message  {Id=1ea9451e-28fe-4363-aed6-d5ba4b478819,FirstNumber=222,secondNumber=626}  written to file by thread pool-3-thread-3
 message  {Id=8ec32501-65c4-414f-a556-266f34eb5828,FirstNumber=414,secondNumber=1725}  added by thread pool-3-thread-6
 message  {Id=8ec32501-65c4-414f-a556-266f34eb5828,FirstNumber=414,secondNumber=1725}  written to file by thread pool-3-thread-1
 message  {Id=0de1b809-3758-48a9-ad67-24aa7b21f007,FirstNumber=49,secondNumber=1208}  added by thread pool-3-thread-6
 message  {Id=0de1b809-3758-48a9-ad67-24aa7b21f007,FirstNumber=49,secondNumber=1208}  written to file by thread pool-3-thread-1
 message  {Id=d421ec50-8ad1-4b31-af39-29dbeee6afcd,FirstNumber=114,secondNumber=807}  added by thread pool-3-thread-6
 message  {Id=d421ec50-8ad1-4b31-af39-29dbeee6afcd,FirstNumber=114,secondNumber=807}  written to file by thread pool-3-thread-2
 message  {Id=93ad894f-4548-442b-b12b-4525c423e224,FirstNumber=16,secondNumber=854}  added by thread pool-3-thread-6
 message  {Id=93ad894f-4548-442b-b12b-4525c423e224,FirstNumber=16,secondNumber=854}  written to file by thread pool-3-thread-4
 message  {Id=2cd45f3c-9a3b-49f0-9cac-9d1b786e0d2c,FirstNumber=815,secondNumber=411}  added by thread pool-3-thread-6
 message  {Id=2cd45f3c-9a3b-49f0-9cac-9d1b786e0d2c,FirstNumber=815,secondNumber=411}  written to file by thread pool-3-thread-3
 message  {Id=63363500-5155-4381-a6e4-a6c55784d5a4,FirstNumber=924,secondNumber=866}  added by thread pool-3-thread-6
 message  {Id=63363500-5155-4381-a6e4-a6c55784d5a4,FirstNumber=924,secondNumber=866}  written to file by thread pool-3-thread-5
 message  {Id=2f9e6f09-3956-4ed8-889c-7ae02d8d002e,FirstNumber=620,secondNumber=918}  added by thread pool-3-thread-6
 message  {Id=2f9e6f09-3956-4ed8-889c-7ae02d8d002e,FirstNumber=620,secondNumber=918}  written to file by thread pool-3-thread-1
 message  {Id=fa6fc299-5700-460f-bd8a-c1fa4296a816,FirstNumber=256,secondNumber=565}  added by thread pool-3-thread-6
 message  {Id=fa6fc299-5700-460f-bd8a-c1fa4296a816,FirstNumber=256,secondNumber=565}  written to file by thread pool-3-thread-1
 message  {Id=2aacb61b-1655-48f7-a41c-10008307c71f,FirstNumber=991,secondNumber=262}  added by thread pool-3-thread-6
 message  {Id=2aacb61b-1655-48f7-a41c-10008307c71f,FirstNumber=991,secondNumber=262}  written to file by thread pool-3-thread-4
 message  {Id=b618a8df-b69a-4b5c-8769-99b898e40614,FirstNumber=180,secondNumber=1886}  added by thread pool-3-thread-6
 message  {Id=b618a8df-b69a-4b5c-8769-99b898e40614,FirstNumber=180,secondNumber=1886}  written to file by thread pool-3-thread-4
 message  {Id=c0ae4aca-0d07-4dc9-a74f-866f43164ca2,FirstNumber=841,secondNumber=1017}  added by thread pool-3-thread-6
 message  {Id=c0ae4aca-0d07-4dc9-a74f-866f43164ca2,FirstNumber=841,secondNumber=1017}  written to file by thread pool-3-thread-5
 message  {Id=143df041-e30a-4e55-9ed1-568ddd9dd569,FirstNumber=66,secondNumber=432}  added by thread pool-3-thread-6
 message  {Id=143df041-e30a-4e55-9ed1-568ddd9dd569,FirstNumber=66,secondNumber=432}  written to file by thread pool-3-thread-2
 message  {Id=0978b53f-7b1b-42b3-874d-5bf0295960af,FirstNumber=922,secondNumber=441}  added by thread pool-3-thread-6
 message  {Id=0978b53f-7b1b-42b3-874d-5bf0295960af,FirstNumber=922,secondNumber=441}  written to file by thread pool-3-thread-1
 message  {Id=f8618400-0e7a-438a-b926-a1478c4d909d,FirstNumber=812,secondNumber=635}  added by thread pool-3-thread-6
 message  {Id=f8618400-0e7a-438a-b926-a1478c4d909d,FirstNumber=812,secondNumber=635}  written to file by thread pool-3-thread-1
 message  {Id=6196ce26-f144-4b76-84b7-86f0b4907ed8,FirstNumber=368,secondNumber=1486}  added by thread pool-3-thread-6
 message  {Id=6196ce26-f144-4b76-84b7-86f0b4907ed8,FirstNumber=368,secondNumber=1486}  written to file by thread pool-3-thread-4
 message  {Id=c16f6bd9-e85a-4737-8b73-52ea0b27a8f0,FirstNumber=850,secondNumber=223}  added by thread pool-3-thread-6
 message  {Id=c16f6bd9-e85a-4737-8b73-52ea0b27a8f0,FirstNumber=850,secondNumber=223}  written to file by thread pool-3-thread-5
 message  {Id=eb380d2f-911a-42c9-82bd-6acaafc471c9,FirstNumber=574,secondNumber=519}  added by thread pool-3-thread-6
 message  {Id=eb380d2f-911a-42c9-82bd-6acaafc471c9,FirstNumber=574,secondNumber=519}  written to file by thread pool-3-thread-2
 message  {Id=a694419e-9961-4df7-bba0-10b223f622e2,FirstNumber=226,secondNumber=424}  added by thread pool-3-thread-6
 message  {Id=a694419e-9961-4df7-bba0-10b223f622e2,FirstNumber=226,secondNumber=424}  written to file by thread pool-3-thread-2
 message  {Id=083af89d-1fe1-41b7-856a-007f44a4dff3,FirstNumber=370,secondNumber=551}  added by thread pool-3-thread-6
 message  {Id=083af89d-1fe1-41b7-856a-007f44a4dff3,FirstNumber=370,secondNumber=551}  written to file by thread pool-3-thread-1
 message  {Id=f9e331e9-50f9-4395-82cf-44809813e91c,FirstNumber=570,secondNumber=828}  added by thread pool-3-thread-6
 message  {Id=f9e331e9-50f9-4395-82cf-44809813e91c,FirstNumber=570,secondNumber=828}  written to file by thread pool-3-thread-1
 message  {Id=ca6aadd0-5347-4289-a231-902aca2a960b,FirstNumber=183,secondNumber=527}  added by thread pool-3-thread-6
 message  {Id=ca6aadd0-5347-4289-a231-902aca2a960b,FirstNumber=183,secondNumber=527}  written to file by thread pool-3-thread-1
 message  {Id=ce38c1f6-6777-45e4-9b52-df2af861f664,FirstNumber=700,secondNumber=49}  added by thread pool-3-thread-6
 message  {Id=ce38c1f6-6777-45e4-9b52-df2af861f664,FirstNumber=700,secondNumber=49}  written to file by thread pool-3-thread-3
 message  {Id=b2586a3c-5f1b-4a1a-8fa7-ca7e0283d568,FirstNumber=593,secondNumber=960}  added by thread pool-3-thread-6
 message  {Id=b2586a3c-5f1b-4a1a-8fa7-ca7e0283d568,FirstNumber=593,secondNumber=960}  written to file by thread pool-3-thread-2
 message  {Id=0362695b-707c-4561-b6ea-b65a10afedb3,FirstNumber=183,secondNumber=258}  added by thread pool-3-thread-6
 message  {Id=0362695b-707c-4561-b6ea-b65a10afedb3,FirstNumber=183,secondNumber=258}  written to file by thread pool-3-thread-2
 message  {Id=4ab65e10-40c9-401e-ab02-c31ab7ab7296,FirstNumber=367,secondNumber=278}  added by thread pool-3-thread-6
 message  {Id=10b3b210-60ac-461f-aa62-5381139f1b26,FirstNumber=60,secondNumber=323}  added by thread pool-3-thread-6
 message  {Id=4ab65e10-40c9-401e-ab02-c31ab7ab7296,FirstNumber=367,secondNumber=278}  written to file by thread pool-3-thread-5
 message  {Id=10b3b210-60ac-461f-aa62-5381139f1b26,FirstNumber=60,secondNumber=323}  written to file by thread pool-3-thread-1
 message  {Id=48ae4c2b-ca5a-4e9c-bb18-305a7731f2f6,FirstNumber=913,secondNumber=1285}  added by thread pool-3-thread-6
 message  {Id=48ae4c2b-ca5a-4e9c-bb18-305a7731f2f6,FirstNumber=913,secondNumber=1285}  written to file by thread pool-3-thread-3
 message  {Id=bd719de4-6065-405d-b71d-12bbac143f44,FirstNumber=952,secondNumber=525}  added by thread pool-3-thread-6
 message  {Id=bd719de4-6065-405d-b71d-12bbac143f44,FirstNumber=952,secondNumber=525}  written to file by thread pool-3-thread-3
 message  {Id=c968f601-49ee-4be3-868e-f70ee34f1d91,FirstNumber=993,secondNumber=221}  added by thread pool-3-thread-6
 message  {Id=c968f601-49ee-4be3-868e-f70ee34f1d91,FirstNumber=993,secondNumber=221}  written to file by thread pool-3-thread-2
 message  {Id=d7a6e436-11d1-46f2-9967-c38e868f3a14,FirstNumber=273,secondNumber=488}  added by thread pool-3-thread-6
 message  {Id=d7a6e436-11d1-46f2-9967-c38e868f3a14,FirstNumber=273,secondNumber=488}  written to file by thread pool-3-thread-2
 message  {Id=b5aca763-a584-46b8-a71e-9152365b5253,FirstNumber=786,secondNumber=1428}  added by thread pool-3-thread-6
 message  {Id=b5aca763-a584-46b8-a71e-9152365b5253,FirstNumber=786,secondNumber=1428}  written to file by thread pool-3-thread-1
 message  {Id=6fc00560-dcb0-4eeb-8d26-9fc76779b5ff,FirstNumber=750,secondNumber=1153}  added by thread pool-3-thread-6
 message  {Id=6fc00560-dcb0-4eeb-8d26-9fc76779b5ff,FirstNumber=750,secondNumber=1153}  written to file by thread pool-3-thread-1
 message  {Id=79ed72a9-ab31-47d6-a83b-121b30215895,FirstNumber=246,secondNumber=610}  added by thread pool-3-thread-6
 message  {Id=79ed72a9-ab31-47d6-a83b-121b30215895,FirstNumber=246,secondNumber=610}  written to file by thread pool-3-thread-3
 message  {Id=23495559-67c7-4067-ad89-1000017602ca,FirstNumber=713,secondNumber=821}  added by thread pool-3-thread-6
 message  {Id=23495559-67c7-4067-ad89-1000017602ca,FirstNumber=713,secondNumber=821}  written to file by thread pool-3-thread-3
 message  {Id=9fd9ad52-634b-4d46-aded-64f67039f65a,FirstNumber=991,secondNumber=1175}  added by thread pool-3-thread-6
 message  {Id=9fd9ad52-634b-4d46-aded-64f67039f65a,FirstNumber=991,secondNumber=1175}  written to file by thread pool-3-thread-2
 message  {Id=e497dfcd-b542-49f3-8735-239c15d39806,FirstNumber=359,secondNumber=263}  added by thread pool-3-thread-6
 message  {Id=e497dfcd-b542-49f3-8735-239c15d39806,FirstNumber=359,secondNumber=263}  written to file by thread pool-3-thread-4
 message  {Id=4ea977fa-7a00-4b11-bf54-082ce0dd7fda,FirstNumber=884,secondNumber=850}  added by thread pool-3-thread-6
 message  {Id=4ea977fa-7a00-4b11-bf54-082ce0dd7fda,FirstNumber=884,secondNumber=850}  written to file by thread pool-3-thread-1
 message  {Id=e355e76c-d55a-47c7-8867-8c1916568141,FirstNumber=626,secondNumber=1807}  added by thread pool-3-thread-6
 message  {Id=e355e76c-d55a-47c7-8867-8c1916568141,FirstNumber=626,secondNumber=1807}  written to file by thread pool-3-thread-1
 message  {Id=12dc9741-2c3a-4d6f-964b-578aab2728c4,FirstNumber=445,secondNumber=1463}  added by thread pool-3-thread-6
 message  {Id=12dc9741-2c3a-4d6f-964b-578aab2728c4,FirstNumber=445,secondNumber=1463}  written to file by thread pool-3-thread-3
 message  {Id=a1d50f25-be59-4e9d-a420-0c1b364d8273,FirstNumber=100,secondNumber=610}  added by thread pool-3-thread-6
 message  {Id=a1d50f25-be59-4e9d-a420-0c1b364d8273,FirstNumber=100,secondNumber=610}  written to file by thread pool-3-thread-3
 message  {Id=3787f9bc-a0c1-4395-a23c-a08997cc8c03,FirstNumber=584,secondNumber=574}  added by thread pool-3-thread-6
 message  {Id=3787f9bc-a0c1-4395-a23c-a08997cc8c03,FirstNumber=584,secondNumber=574}  written to file by thread pool-3-thread-4
 message  {Id=3754b0ce-802d-4cc8-b86e-9de4e593d376,FirstNumber=660,secondNumber=24}  added by thread pool-3-thread-6
 message  {Id=3754b0ce-802d-4cc8-b86e-9de4e593d376,FirstNumber=660,secondNumber=24}  written to file by thread pool-3-thread-4
 message  {Id=d7941ed9-b960-4deb-9710-64244e9d934b,FirstNumber=18,secondNumber=1062}  added by thread pool-3-thread-6
 message  {Id=d7941ed9-b960-4deb-9710-64244e9d934b,FirstNumber=18,secondNumber=1062}  written to file by thread pool-3-thread-1
 message  {Id=8a22d9e6-2069-4236-a058-5aaa2050bdc1,FirstNumber=101,secondNumber=340}  added by thread pool-3-thread-6
 message  {Id=8a22d9e6-2069-4236-a058-5aaa2050bdc1,FirstNumber=101,secondNumber=340}  written to file by thread pool-3-thread-1
 message  {Id=29898599-04d7-4902-bf64-4a94d346059e,FirstNumber=500,secondNumber=1364}  added by thread pool-3-thread-6
 message  {Id=29898599-04d7-4902-bf64-4a94d346059e,FirstNumber=500,secondNumber=1364}  written to file by thread pool-3-thread-3
 message  {Id=a454e10a-225a-40a1-9584-0baf27ea565c,FirstNumber=598,secondNumber=1400}  added by thread pool-3-thread-6
 message  {Id=a454e10a-225a-40a1-9584-0baf27ea565c,FirstNumber=598,secondNumber=1400}  written to file by thread pool-3-thread-5
 message  {Id=58de28bc-626d-42df-a3ef-aab90369dc95,FirstNumber=522,secondNumber=1324}  added by thread pool-3-thread-6
 message  {Id=58de28bc-626d-42df-a3ef-aab90369dc95,FirstNumber=522,secondNumber=1324}  written to file by thread pool-3-thread-5
 message  {Id=5a2dd3a1-4972-43ff-b028-1f61e0be7e98,FirstNumber=996,secondNumber=1823}  added by thread pool-3-thread-6
 message  {Id=5a2dd3a1-4972-43ff-b028-1f61e0be7e98,FirstNumber=996,secondNumber=1823}  written to file by thread pool-3-thread-2
 message  {Id=a8564f9f-bbfe-4019-aaa7-08d9186aaf38,FirstNumber=652,secondNumber=1648}  added by thread pool-3-thread-6
 message  {Id=a8564f9f-bbfe-4019-aaa7-08d9186aaf38,FirstNumber=652,secondNumber=1648}  written to file by thread pool-3-thread-1
 message  {Id=05382366-85e1-4bc5-aaf1-7752d5747490,FirstNumber=67,secondNumber=280}  added by thread pool-3-thread-6
 message  {Id=05382366-85e1-4bc5-aaf1-7752d5747490,FirstNumber=67,secondNumber=280}  written to file by thread pool-3-thread-1
 message  {Id=06690e1d-b653-4704-98f5-c555018c6a7b,FirstNumber=393,secondNumber=150}  added by thread pool-3-thread-6
 message  {Id=06690e1d-b653-4704-98f5-c555018c6a7b,FirstNumber=393,secondNumber=150}  written to file by thread pool-3-thread-4
 message  {Id=e671bb6f-5448-48a0-9196-fbd0ab610cf5,FirstNumber=707,secondNumber=1647}  added by thread pool-3-thread-6
 message  {Id=e671bb6f-5448-48a0-9196-fbd0ab610cf5,FirstNumber=707,secondNumber=1647}  written to file by thread pool-3-thread-4
 message  {Id=f70af9b6-cc76-403e-87f8-aaa06ff8909b,FirstNumber=300,secondNumber=1534}  added by thread pool-3-thread-6
 message  {Id=f70af9b6-cc76-403e-87f8-aaa06ff8909b,FirstNumber=300,secondNumber=1534}  written to file by thread pool-3-thread-2
 message  {Id=dcbfe21a-b35a-4367-8860-14396ea22d94,FirstNumber=84,secondNumber=821}  added by thread pool-3-thread-6
 message  {Id=dcbfe21a-b35a-4367-8860-14396ea22d94,FirstNumber=84,secondNumber=821}  written to file by thread pool-3-thread-3
 message  {Id=e1213550-5b08-4337-8350-431dc25ce3b9,FirstNumber=142,secondNumber=521}  added by thread pool-3-thread-6
 message  {Id=49fed5cc-4ebb-4d56-98d0-f4976ba9bdc0,FirstNumber=692,secondNumber=1916}  added by thread pool-3-thread-6
 message  {Id=e1213550-5b08-4337-8350-431dc25ce3b9,FirstNumber=142,secondNumber=521}  written to file by thread pool-3-thread-1
 message  {Id=49fed5cc-4ebb-4d56-98d0-f4976ba9bdc0,FirstNumber=692,secondNumber=1916}  written to file by thread pool-3-thread-5
 message  {Id=82b50ceb-bcaa-4a36-85f5-7556dad3a9cf,FirstNumber=156,secondNumber=93}  added by thread pool-3-thread-6
 message  {Id=82b50ceb-bcaa-4a36-85f5-7556dad3a9cf,FirstNumber=156,secondNumber=93}  written to file by thread pool-3-thread-5
 message  {Id=ba62c2fa-6ba2-4689-ba30-aa94829569aa,FirstNumber=424,secondNumber=132}  added by thread pool-3-thread-6
 message  {Id=ba62c2fa-6ba2-4689-ba30-aa94829569aa,FirstNumber=424,secondNumber=132}  written to file by thread pool-3-thread-2
 message  {Id=b2ca0ebc-585a-44d2-bdd6-45a93941e336,FirstNumber=911,secondNumber=161}  added by thread pool-3-thread-6
 message  {Id=b2ca0ebc-585a-44d2-bdd6-45a93941e336,FirstNumber=911,secondNumber=161}  written to file by thread pool-3-thread-3
 message  {Id=b44789df-b6f3-4d78-9cc6-98303058e11d,FirstNumber=703,secondNumber=1252}  added by thread pool-3-thread-6
 message  {Id=b44789df-b6f3-4d78-9cc6-98303058e11d,FirstNumber=703,secondNumber=1252}  written to file by thread pool-3-thread-3
 message  {Id=1984aaa6-3ff5-4727-a741-b4f371f976d7,FirstNumber=986,secondNumber=1782}  added by thread pool-3-thread-6
 message  {Id=1984aaa6-3ff5-4727-a741-b4f371f976d7,FirstNumber=986,secondNumber=1782}  written to file by thread pool-3-thread-4
 message  {Id=90888ee2-17e6-4292-aaf1-f5a95a26579e,FirstNumber=735,secondNumber=1600}  added by thread pool-3-thread-6
 message  {Id=90888ee2-17e6-4292-aaf1-f5a95a26579e,FirstNumber=735,secondNumber=1600}  written to file by thread pool-3-thread-4
 message  {Id=eadc2612-cf49-4ff9-ba52-037c68f24cbe,FirstNumber=240,secondNumber=147}  added by thread pool-3-thread-6
 message  {Id=eadc2612-cf49-4ff9-ba52-037c68f24cbe,FirstNumber=240,secondNumber=147}  written to file by thread pool-3-thread-2
 message  {Id=07bfd72b-1498-4718-999a-373b9a0a9d2a,FirstNumber=824,secondNumber=1292}  added by thread pool-3-thread-6
 message  {Id=07bfd72b-1498-4718-999a-373b9a0a9d2a,FirstNumber=824,secondNumber=1292}  written to file by thread pool-3-thread-2
 message  {Id=7598cbf3-f061-4d85-ac24-962ca51eda78,FirstNumber=220,secondNumber=605}  added by thread pool-3-thread-6
 message  {Id=0829403f-cdfd-43b7-ad5f-8cacd7aad660,FirstNumber=522,secondNumber=1265}  added by thread pool-3-thread-6
 message  {Id=7598cbf3-f061-4d85-ac24-962ca51eda78,FirstNumber=220,secondNumber=605}  written to file by thread pool-3-thread-3
 message  {Id=0829403f-cdfd-43b7-ad5f-8cacd7aad660,FirstNumber=522,secondNumber=1265}  written to file by thread pool-3-thread-5
 message  {Id=4c6f1a78-d549-420e-879e-a6818518a57b,FirstNumber=247,secondNumber=1080}  added by thread pool-3-thread-6
 message  {Id=4c6f1a78-d549-420e-879e-a6818518a57b,FirstNumber=247,secondNumber=1080}  written to file by thread pool-3-thread-4
 message  {Id=8f10e124-e072-4d0e-9c96-25a590d877ca,FirstNumber=943,secondNumber=1441}  added by thread pool-3-thread-6
 message  {Id=8f10e124-e072-4d0e-9c96-25a590d877ca,FirstNumber=943,secondNumber=1441}  written to file by thread pool-3-thread-4
 message  {Id=8880bd78-075d-4c69-9852-70d2524c5956,FirstNumber=633,secondNumber=1503}  added by thread pool-3-thread-6
 message  {Id=8880bd78-075d-4c69-9852-70d2524c5956,FirstNumber=633,secondNumber=1503}  written to file by thread pool-3-thread-2
 message  {Id=e189f8b0-b32e-4aab-a132-b8ecda239812,FirstNumber=284,secondNumber=70}  added by thread pool-3-thread-6
 message  {Id=e189f8b0-b32e-4aab-a132-b8ecda239812,FirstNumber=284,secondNumber=70}  written to file by thread pool-3-thread-2
 message  {Id=f0f1824f-f8dc-4819-8324-df65b8f7f9bc,FirstNumber=979,secondNumber=440}  added by thread pool-3-thread-6
 message  {Id=f0f1824f-f8dc-4819-8324-df65b8f7f9bc,FirstNumber=979,secondNumber=440}  written to file by thread pool-3-thread-5
 message  {Id=a54a0115-cfeb-4ca7-bef9-b4c8c436ab3d,FirstNumber=353,secondNumber=750}  added by thread pool-3-thread-6
 message  {Id=a54a0115-cfeb-4ca7-bef9-b4c8c436ab3d,FirstNumber=353,secondNumber=750}  written to file by thread pool-3-thread-5
 message  {Id=6ab5dad0-2b7c-4e64-8909-e805d8a8324c,FirstNumber=209,secondNumber=1722}  added by thread pool-3-thread-6
 message  {Id=6ab5dad0-2b7c-4e64-8909-e805d8a8324c,FirstNumber=209,secondNumber=1722}  written to file by thread pool-3-thread-4
 message  {Id=9d07b53a-5e4b-47e2-86bf-eb02eb3889fa,FirstNumber=132,secondNumber=550}  added by thread pool-3-thread-6
 message  {Id=9d07b53a-5e4b-47e2-86bf-eb02eb3889fa,FirstNumber=132,secondNumber=550}  written to file by thread pool-3-thread-4
 message  {Id=abe6a9e3-917b-44eb-9e8f-885836b809ed,FirstNumber=562,secondNumber=160}  added by thread pool-3-thread-6
 message  {Id=abe6a9e3-917b-44eb-9e8f-885836b809ed,FirstNumber=562,secondNumber=160}  written to file by thread pool-3-thread-2
 message  {Id=2f6d2776-5bb2-4230-8459-d1c03e59d679,FirstNumber=932,secondNumber=155}  added by thread pool-3-thread-6
 message  {Id=2f6d2776-5bb2-4230-8459-d1c03e59d679,FirstNumber=932,secondNumber=155}  written to file by thread pool-3-thread-1
 message  {Id=a0fe9fc7-0e16-4f3a-a9fd-d63b3170c4cc,FirstNumber=428,secondNumber=875}  added by thread pool-3-thread-6
 message  {Id=a0fe9fc7-0e16-4f3a-a9fd-d63b3170c4cc,FirstNumber=428,secondNumber=875}  written to file by thread pool-3-thread-1
 message  {Id=e040c855-824a-43a1-9b3e-65a296775f5e,FirstNumber=395,secondNumber=1254}  added by thread pool-3-thread-6
 message  {Id=e040c855-824a-43a1-9b3e-65a296775f5e,FirstNumber=395,secondNumber=1254}  written to file by thread pool-3-thread-1
 message  {Id=573834e5-2598-4cea-a062-26ab6a58a6f5,FirstNumber=201,secondNumber=1384}  added by thread pool-3-thread-6
 message  {Id=573834e5-2598-4cea-a062-26ab6a58a6f5,FirstNumber=201,secondNumber=1384}  written to file by thread pool-3-thread-4
 message  {Id=c5510dec-ed54-456e-95c7-ac05c4f15449,FirstNumber=487,secondNumber=1121}  added by thread pool-3-thread-6
 message  {Id=c5510dec-ed54-456e-95c7-ac05c4f15449,FirstNumber=487,secondNumber=1121}  written to file by thread pool-3-thread-4
 message  {Id=70a9719b-131d-4d25-9409-d9b5265a81ff,FirstNumber=832,secondNumber=1265}  added by thread pool-3-thread-6
 message  {Id=70a9719b-131d-4d25-9409-d9b5265a81ff,FirstNumber=832,secondNumber=1265}  written to file by thread pool-3-thread-5
 message  {Id=dea14856-ef3a-4f2e-bb55-212d24e72d0b,FirstNumber=123,secondNumber=460}  added by thread pool-3-thread-6
 message  {Id=dea14856-ef3a-4f2e-bb55-212d24e72d0b,FirstNumber=123,secondNumber=460}  written to file by thread pool-3-thread-3
 message  {Id=61dcfa2e-4fe3-4a49-af16-f0a3900719b0,FirstNumber=834,secondNumber=1333}  added by thread pool-3-thread-6
 message  {Id=61dcfa2e-4fe3-4a49-af16-f0a3900719b0,FirstNumber=834,secondNumber=1333}  written to file by thread pool-3-thread-1
 message  {Id=36498351-1240-4fa4-8ac3-6c922d6a631f,FirstNumber=527,secondNumber=88}  added by thread pool-3-thread-6
 message  {Id=36498351-1240-4fa4-8ac3-6c922d6a631f,FirstNumber=527,secondNumber=88}  written to file by thread pool-3-thread-1
 message  {Id=8f834a6c-ebb5-45ee-9049-86bc6729219d,FirstNumber=904,secondNumber=1655}  added by thread pool-3-thread-6
 message  {Id=8f834a6c-ebb5-45ee-9049-86bc6729219d,FirstNumber=904,secondNumber=1655}  written to file by thread pool-3-thread-4
 message  {Id=f968f1c3-71f6-48d4-9794-9faafabf93c8,FirstNumber=27,secondNumber=39}  added by thread pool-3-thread-6
 message  {Id=f968f1c3-71f6-48d4-9794-9faafabf93c8,FirstNumber=27,secondNumber=39}  written to file by thread pool-3-thread-5
 message  {Id=d48d84c5-88c4-4852-98c7-0b88181e6752,FirstNumber=248,secondNumber=303}  added by thread pool-3-thread-6
 message  {Id=d48d84c5-88c4-4852-98c7-0b88181e6752,FirstNumber=248,secondNumber=303}  written to file by thread pool-3-thread-3
 message  {Id=922816b7-7ac3-4be4-9952-92b7b966fc1d,FirstNumber=80,secondNumber=1787}  added by thread pool-3-thread-6
 message  {Id=922816b7-7ac3-4be4-9952-92b7b966fc1d,FirstNumber=80,secondNumber=1787}  written to file by thread pool-3-thread-3
 message  {Id=ef59fe87-9d0c-4b7d-ae5d-2667d91c4375,FirstNumber=754,secondNumber=38}  added by thread pool-3-thread-6
 message  {Id=ef59fe87-9d0c-4b7d-ae5d-2667d91c4375,FirstNumber=754,secondNumber=38}  written to file by thread pool-3-thread-1
 message  {Id=0c65f56a-de6e-475e-aef0-5a16d842b2e2,FirstNumber=246,secondNumber=1385}  added by thread pool-3-thread-6
 message  {Id=0c65f56a-de6e-475e-aef0-5a16d842b2e2,FirstNumber=246,secondNumber=1385}  written to file by thread pool-3-thread-1
 message  {Id=b16b4c1d-64b0-4964-ba09-9fe7f5f6c42a,FirstNumber=814,secondNumber=1011}  added by thread pool-3-thread-6
 message  {Id=b16b4c1d-64b0-4964-ba09-9fe7f5f6c42a,FirstNumber=814,secondNumber=1011}  written to file by thread pool-3-thread-5
 message  {Id=c3448b11-1df4-46ac-8721-c9d8e9a21791,FirstNumber=718,secondNumber=248}  added by thread pool-3-thread-6
 message  {Id=c3448b11-1df4-46ac-8721-c9d8e9a21791,FirstNumber=718,secondNumber=248}  written to file by thread pool-3-thread-5
 message  {Id=c4f5992c-e925-43aa-854c-edd716149a10,FirstNumber=840,secondNumber=604}  added by thread pool-3-thread-6
 message  {Id=c4f5992c-e925-43aa-854c-edd716149a10,FirstNumber=840,secondNumber=604}  written to file by thread pool-3-thread-3
 message  {Id=12111434-3461-406f-b847-e6f532fd262c,FirstNumber=460,secondNumber=1414}  added by thread pool-3-thread-6
 message  {Id=12111434-3461-406f-b847-e6f532fd262c,FirstNumber=460,secondNumber=1414}  written to file by thread pool-3-thread-3
 message  {Id=b060785d-e738-47dc-9f04-305b733112b3,FirstNumber=511,secondNumber=325}  added by thread pool-3-thread-6
 message  {Id=b060785d-e738-47dc-9f04-305b733112b3,FirstNumber=511,secondNumber=325}  written to file by thread pool-3-thread-1
 message  {Id=9a8650b8-9a9e-4fb5-895f-8a153625b64e,FirstNumber=408,secondNumber=1658}  added by thread pool-3-thread-6
 message  {Id=9a8650b8-9a9e-4fb5-895f-8a153625b64e,FirstNumber=408,secondNumber=1658}  written to file by thread pool-3-thread-2
 message  {Id=eccea42d-8549-4315-8027-b52c33b0f0bb,FirstNumber=444,secondNumber=1584}  added by thread pool-3-thread-6
 message  {Id=eccea42d-8549-4315-8027-b52c33b0f0bb,FirstNumber=444,secondNumber=1584}  written to file by thread pool-3-thread-5
 message  {Id=88b8dc4b-84d3-4f20-afc2-7a8fd31979a7,FirstNumber=664,secondNumber=323}  added by thread pool-3-thread-6
 message  {Id=88b8dc4b-84d3-4f20-afc2-7a8fd31979a7,FirstNumber=664,secondNumber=323}  written to file by thread pool-3-thread-5
 message  {Id=16ecc437-7cb5-4691-864e-e98662a843c7,FirstNumber=568,secondNumber=1905}  added by thread pool-3-thread-6
 message  {Id=16ecc437-7cb5-4691-864e-e98662a843c7,FirstNumber=568,secondNumber=1905}  written to file by thread pool-3-thread-3
 message  {Id=b8263580-6fd0-424f-a3bf-f3144e5eed99,FirstNumber=459,secondNumber=1768}  added by thread pool-3-thread-6
 message  {Id=b8263580-6fd0-424f-a3bf-f3144e5eed99,FirstNumber=459,secondNumber=1768}  written to file by thread pool-3-thread-3
 message  {Id=a7bc907e-e4ef-4e6c-8bb9-534a000d3b9d,FirstNumber=509,secondNumber=1279}  added by thread pool-3-thread-6
 message  {Id=a7bc907e-e4ef-4e6c-8bb9-534a000d3b9d,FirstNumber=509,secondNumber=1279}  written to file by thread pool-3-thread-2
 message  {Id=acf860ba-18a6-41fb-9ea8-c73ff04c9d64,FirstNumber=643,secondNumber=92}  added by thread pool-3-thread-6
 message  {Id=acf860ba-18a6-41fb-9ea8-c73ff04c9d64,FirstNumber=643,secondNumber=92}  written to file by thread pool-3-thread-2
 message  {Id=91da8771-d9cf-4ca2-bf96-54335bfb11a5,FirstNumber=146,secondNumber=1552}  added by thread pool-3-thread-6
 message  {Id=91da8771-d9cf-4ca2-bf96-54335bfb11a5,FirstNumber=146,secondNumber=1552}  written to file by thread pool-3-thread-5
 message  {Id=04f9b1ae-2551-4ffc-9429-18432f14b000,FirstNumber=69,secondNumber=166}  added by thread pool-3-thread-6
 message  {Id=04f9b1ae-2551-4ffc-9429-18432f14b000,FirstNumber=69,secondNumber=166}  written to file by thread pool-3-thread-5
 message  {Id=0f32f9f1-9ab6-4228-a2e3-19fe65ea3df7,FirstNumber=969,secondNumber=237}  added by thread pool-3-thread-6
 message  {Id=0f32f9f1-9ab6-4228-a2e3-19fe65ea3df7,FirstNumber=969,secondNumber=237}  written to file by thread pool-3-thread-3
 message  {Id=dcfae5f4-4e69-41ea-9e37-533c28a9c118,FirstNumber=733,secondNumber=798}  added by thread pool-3-thread-6
 message  {Id=dcfae5f4-4e69-41ea-9e37-533c28a9c118,FirstNumber=733,secondNumber=798}  written to file by thread pool-3-thread-4
 message  {Id=14d464ac-e360-4a7c-bc73-56812e831efb,FirstNumber=384,secondNumber=1240}  added by thread pool-3-thread-6
 message  {Id=14d464ac-e360-4a7c-bc73-56812e831efb,FirstNumber=384,secondNumber=1240}  written to file by thread pool-3-thread-2
 message  {Id=1255aece-6b7d-45a1-b7c9-779acd1a3285,FirstNumber=186,secondNumber=1489}  added by thread pool-3-thread-6
 message  {Id=1255aece-6b7d-45a1-b7c9-779acd1a3285,FirstNumber=186,secondNumber=1489}  written to file by thread pool-3-thread-2
 message  {Id=1c01e60a-7016-4395-a0d1-3e0bafcb8989,FirstNumber=891,secondNumber=758}  added by thread pool-3-thread-6
 message  {Id=1c01e60a-7016-4395-a0d1-3e0bafcb8989,FirstNumber=891,secondNumber=758}  written to file by thread pool-3-thread-5
 message  {Id=b8ef98c5-f0e3-47a7-bf2a-ebeccb16db5f,FirstNumber=572,secondNumber=1203}  added by thread pool-3-thread-6
 message  {Id=b8ef98c5-f0e3-47a7-bf2a-ebeccb16db5f,FirstNumber=572,secondNumber=1203}  written to file by thread pool-3-thread-5
 message  {Id=393ac248-6248-43fb-aa43-f3ceec65e3ed,FirstNumber=901,secondNumber=1863}  added by thread pool-3-thread-6
 message  {Id=393ac248-6248-43fb-aa43-f3ceec65e3ed,FirstNumber=901,secondNumber=1863}  written to file by thread pool-3-thread-4
 message  {Id=e373c077-524f-4d5d-9db2-25b22a24c0e3,FirstNumber=743,secondNumber=1163}  added by thread pool-3-thread-6
 message  {Id=e373c077-524f-4d5d-9db2-25b22a24c0e3,FirstNumber=743,secondNumber=1163}  written to file by thread pool-3-thread-4
 message  {Id=06051ed4-fd3b-4fc7-a9a8-6198cb6a2f9a,FirstNumber=22,secondNumber=1288}  added by thread pool-3-thread-6
 message  {Id=06051ed4-fd3b-4fc7-a9a8-6198cb6a2f9a,FirstNumber=22,secondNumber=1288}  written to file by thread pool-3-thread-2
 message  {Id=441bcd77-fee4-41ef-8b72-1cd06583d77a,FirstNumber=639,secondNumber=697}  added by thread pool-3-thread-6
 message  {Id=441bcd77-fee4-41ef-8b72-1cd06583d77a,FirstNumber=639,secondNumber=697}  written to file by thread pool-3-thread-2
 message  {Id=156ba633-559a-4b2f-a9eb-e78702464978,FirstNumber=132,secondNumber=640}  added by thread pool-3-thread-6
 message  {Id=156ba633-559a-4b2f-a9eb-e78702464978,FirstNumber=132,secondNumber=640}  written to file by thread pool-3-thread-5
 message  {Id=25a8f6ba-4619-4a50-8aea-dda1bc264a67,FirstNumber=630,secondNumber=1703}  added by thread pool-3-thread-6
 message  {Id=25a8f6ba-4619-4a50-8aea-dda1bc264a67,FirstNumber=630,secondNumber=1703}  written to file by thread pool-3-thread-1
 message  {Id=e82a5703-38f0-4b38-9121-cc5af6eca42d,FirstNumber=929,secondNumber=649}  added by thread pool-3-thread-6
 message  {Id=e82a5703-38f0-4b38-9121-cc5af6eca42d,FirstNumber=929,secondNumber=649}  written to file by thread pool-3-thread-1
 message  {Id=10bd013a-9504-44c0-b45c-c4b070063b6f,FirstNumber=95,secondNumber=1257}  added by thread pool-3-thread-6
 message  {Id=10bd013a-9504-44c0-b45c-c4b070063b6f,FirstNumber=95,secondNumber=1257}  written to file by thread pool-3-thread-1
 message  {Id=bb900bdc-f8d5-4116-a1a4-0354a0c893cf,FirstNumber=496,secondNumber=1817}  added by thread pool-3-thread-6
 message  {Id=bb900bdc-f8d5-4116-a1a4-0354a0c893cf,FirstNumber=496,secondNumber=1817}  written to file by thread pool-3-thread-2
 message  {Id=2273c721-8d2f-4892-9441-5249c02b5a14,FirstNumber=242,secondNumber=1951}  added by thread pool-3-thread-6
 message  {Id=2273c721-8d2f-4892-9441-5249c02b5a14,FirstNumber=242,secondNumber=1951}  written to file by thread pool-3-thread-2
 message  {Id=15892e1c-52fc-401e-b7e3-a73e9ab0de41,FirstNumber=434,secondNumber=717}  added by thread pool-3-thread-6
 message  {Id=15892e1c-52fc-401e-b7e3-a73e9ab0de41,FirstNumber=434,secondNumber=717}  written to file by thread pool-3-thread-4
 message  {Id=c5f974d4-b83a-4a43-b3a5-846fe745675d,FirstNumber=472,secondNumber=838}  added by thread pool-3-thread-6
 message  {Id=c5f974d4-b83a-4a43-b3a5-846fe745675d,FirstNumber=472,secondNumber=838}  written to file by thread pool-3-thread-4
 message  {Id=01f3d71c-dbe0-4a68-9218-ca452d8fd578,FirstNumber=527,secondNumber=725}  added by thread pool-3-thread-6
 message  {Id=01f3d71c-dbe0-4a68-9218-ca452d8fd578,FirstNumber=527,secondNumber=725}  written to file by thread pool-3-thread-1
 message  {Id=e5ffe44a-5868-40ee-8763-973dbd643675,FirstNumber=224,secondNumber=1906}  added by thread pool-3-thread-6
 message  {Id=e5ffe44a-5868-40ee-8763-973dbd643675,FirstNumber=224,secondNumber=1906}  written to file by thread pool-3-thread-1
 message  {Id=801bf872-3193-4841-8a29-f2961cc5191a,FirstNumber=369,secondNumber=913}  added by thread pool-3-thread-6
 message  {Id=801bf872-3193-4841-8a29-f2961cc5191a,FirstNumber=369,secondNumber=913}  written to file by thread pool-3-thread-2
 message  {Id=9f5751d0-a426-4de7-bab8-140cddde410e,FirstNumber=44,secondNumber=909}  added by thread pool-3-thread-6
 message  {Id=9f5751d0-a426-4de7-bab8-140cddde410e,FirstNumber=44,secondNumber=909}  written to file by thread pool-3-thread-3
 message  {Id=f4c77a60-258f-4249-b279-2bb62abaa5fa,FirstNumber=165,secondNumber=137}  added by thread pool-3-thread-6
 message  {Id=f4c77a60-258f-4249-b279-2bb62abaa5fa,FirstNumber=165,secondNumber=137}  written to file by thread pool-3-thread-3
 message  {Id=299ddb07-32e7-4c5d-8aef-1072f738f58b,FirstNumber=733,secondNumber=951}  added by thread pool-3-thread-6
 message  {Id=299ddb07-32e7-4c5d-8aef-1072f738f58b,FirstNumber=733,secondNumber=951}  written to file by thread pool-3-thread-5
 message  {Id=590eed25-5538-4e7b-833f-08eed7d0b1e1,FirstNumber=297,secondNumber=225}  added by thread pool-3-thread-6
 message  {Id=590eed25-5538-4e7b-833f-08eed7d0b1e1,FirstNumber=297,secondNumber=225}  written to file by thread pool-3-thread-1
 message  {Id=29467d62-e493-451d-bff9-c7fefee1dfae,FirstNumber=775,secondNumber=1628}  added by thread pool-3-thread-6
 message  {Id=29467d62-e493-451d-bff9-c7fefee1dfae,FirstNumber=775,secondNumber=1628}  written to file by thread pool-3-thread-1
 message  {Id=4d265e85-abce-4061-abb5-4af4e877869a,FirstNumber=527,secondNumber=1804}  added by thread pool-3-thread-6
 message  {Id=4d265e85-abce-4061-abb5-4af4e877869a,FirstNumber=527,secondNumber=1804}  written to file by thread pool-3-thread-4
 message  {Id=ef6bef55-8e70-466a-8a72-36f57aa28eab,FirstNumber=592,secondNumber=864}  added by thread pool-3-thread-6
 message  {Id=ef6bef55-8e70-466a-8a72-36f57aa28eab,FirstNumber=592,secondNumber=864}  written to file by thread pool-3-thread-4
 message  {Id=e0962034-622f-4c42-a2d7-c7106c0e5332,FirstNumber=205,secondNumber=1612}  added by thread pool-3-thread-6
 message  {Id=e0962034-622f-4c42-a2d7-c7106c0e5332,FirstNumber=205,secondNumber=1612}  written to file by thread pool-3-thread-5
 message  {Id=1e4e6dcd-87a5-49e4-bf08-ccf378de5959,FirstNumber=895,secondNumber=524}  added by thread pool-3-thread-6
 message  {Id=1e4e6dcd-87a5-49e4-bf08-ccf378de5959,FirstNumber=895,secondNumber=524}  written to file by thread pool-3-thread-5
 message  {Id=2bc89f24-dd77-42cb-98ca-16c15e42d353,FirstNumber=76,secondNumber=1680}  added by thread pool-3-thread-6
 message  {Id=2bc89f24-dd77-42cb-98ca-16c15e42d353,FirstNumber=76,secondNumber=1680}  written to file by thread pool-3-thread-1
 message  {Id=22e3e8cf-2ea3-4b37-81a5-ab8891837b50,FirstNumber=675,secondNumber=122}  added by thread pool-3-thread-6
 message  {Id=22e3e8cf-2ea3-4b37-81a5-ab8891837b50,FirstNumber=675,secondNumber=122}  written to file by thread pool-3-thread-3
 message  {Id=742b457a-7f97-4a49-aa5b-003b5fc4b7b9,FirstNumber=518,secondNumber=377}  added by thread pool-3-thread-6
 message  {Id=742b457a-7f97-4a49-aa5b-003b5fc4b7b9,FirstNumber=518,secondNumber=377}  written to file by thread pool-3-thread-4
 message  {Id=c8f3c657-1eb3-4c27-afb4-0325959c033f,FirstNumber=890,secondNumber=1936}  added by thread pool-3-thread-6
 message  {Id=c8f3c657-1eb3-4c27-afb4-0325959c033f,FirstNumber=890,secondNumber=1936}  written to file by thread pool-3-thread-4
 message  {Id=87886708-d7ed-4744-b866-fe5f1182ad41,FirstNumber=191,secondNumber=1657}  added by thread pool-3-thread-6
 message  {Id=87886708-d7ed-4744-b866-fe5f1182ad41,FirstNumber=191,secondNumber=1657}  written to file by thread pool-3-thread-5
 message  {Id=635f04d9-52c0-484f-badc-40847fb73d72,FirstNumber=276,secondNumber=513}  added by thread pool-3-thread-6
 message  {Id=635f04d9-52c0-484f-badc-40847fb73d72,FirstNumber=276,secondNumber=513}  written to file by thread pool-3-thread-5
 message  {Id=fec23baa-3d70-4585-a491-ad2f5b9b2bdd,FirstNumber=476,secondNumber=1303}  added by thread pool-3-thread-6
 message  {Id=fec23baa-3d70-4585-a491-ad2f5b9b2bdd,FirstNumber=476,secondNumber=1303}  written to file by thread pool-3-thread-3
 message  {Id=c97dea66-a2ae-407b-9eb2-22b4d38fce89,FirstNumber=71,secondNumber=266}  added by thread pool-3-thread-6
 message  {Id=c97dea66-a2ae-407b-9eb2-22b4d38fce89,FirstNumber=71,secondNumber=266}  written to file by thread pool-3-thread-3
 message  {Id=81848a25-3929-4ac3-8262-198e1e6f3ae5,FirstNumber=23,secondNumber=1340}  added by thread pool-3-thread-6
 message  {Id=81848a25-3929-4ac3-8262-198e1e6f3ae5,FirstNumber=23,secondNumber=1340}  written to file by thread pool-3-thread-4
 message  {Id=be4befcb-f264-4885-b8fc-794d6f6adb7d,FirstNumber=216,secondNumber=297}  added by thread pool-3-thread-6
 message  {Id=be4befcb-f264-4885-b8fc-794d6f6adb7d,FirstNumber=216,secondNumber=297}  written to file by thread pool-3-thread-4
 message  {Id=edb81072-92b7-40c5-a4ba-2eb8a97e24f3,FirstNumber=573,secondNumber=1579}  added by thread pool-3-thread-6
 message  {Id=edb81072-92b7-40c5-a4ba-2eb8a97e24f3,FirstNumber=573,secondNumber=1579}  written to file by thread pool-3-thread-5
 message  {Id=6efc409d-1606-407f-8c00-0682abd6889e,FirstNumber=550,secondNumber=1408}  added by thread pool-3-thread-6
 message  {Id=6efc409d-1606-407f-8c00-0682abd6889e,FirstNumber=550,secondNumber=1408}  written to file by thread pool-3-thread-2
 message  {Id=2c088205-b374-4580-8b86-d927f607762d,FirstNumber=249,secondNumber=258}  added by thread pool-3-thread-6
 message  {Id=2c088205-b374-4580-8b86-d927f607762d,FirstNumber=249,secondNumber=258}  written to file by thread pool-3-thread-3
 message  {Id=4eb92546-7cc0-4aaf-b3ce-e52ac2ef82ba,FirstNumber=15,secondNumber=1923}  added by thread pool-3-thread-6
 message  {Id=4eb92546-7cc0-4aaf-b3ce-e52ac2ef82ba,FirstNumber=15,secondNumber=1923}  written to file by thread pool-3-thread-3
 message  {Id=59061309-554b-404d-9d10-45c2b637fadd,FirstNumber=771,secondNumber=603}  added by thread pool-3-thread-6
 message  {Id=59061309-554b-404d-9d10-45c2b637fadd,FirstNumber=771,secondNumber=603}  written to file by thread pool-3-thread-4
 message  {Id=ce9689da-6e61-4533-90cd-b9e4706e7c4c,FirstNumber=115,secondNumber=1665}  added by thread pool-3-thread-6
 message  {Id=ce9689da-6e61-4533-90cd-b9e4706e7c4c,FirstNumber=115,secondNumber=1665}  written to file by thread pool-3-thread-4
 message  {Id=a96bb106-c231-4c8a-bea6-83762246baaa,FirstNumber=607,secondNumber=159}  added by thread pool-3-thread-6
 message  {Id=a96bb106-c231-4c8a-bea6-83762246baaa,FirstNumber=607,secondNumber=159}  written to file by thread pool-3-thread-2
 message  {Id=0f28a69f-90c6-4d2c-9c19-ac94efb27541,FirstNumber=240,secondNumber=306}  added by thread pool-3-thread-6
 message  {Id=0f28a69f-90c6-4d2c-9c19-ac94efb27541,FirstNumber=240,secondNumber=306}  written to file by thread pool-3-thread-2
 message  {Id=1d037beb-6443-4cc5-8ef7-2f978b7dc948,FirstNumber=59,secondNumber=1204}  added by thread pool-3-thread-6
 message  {Id=1d037beb-6443-4cc5-8ef7-2f978b7dc948,FirstNumber=59,secondNumber=1204}  written to file by thread pool-3-thread-3
 message  {Id=822d0a39-f30b-460b-95ad-5c00f696d1c0,FirstNumber=94,secondNumber=9}  added by thread pool-3-thread-6
 message  {Id=822d0a39-f30b-460b-95ad-5c00f696d1c0,FirstNumber=94,secondNumber=9}  written to file by thread pool-3-thread-3
 message  {Id=c70c7c9b-83df-4c73-9cac-2c18b002f1e6,FirstNumber=475,secondNumber=1494}  added by thread pool-3-thread-6
 message  {Id=c70c7c9b-83df-4c73-9cac-2c18b002f1e6,FirstNumber=475,secondNumber=1494}  written to file by thread pool-3-thread-4
 message  {Id=f592ac81-e0fb-4218-a466-cdcc6215ebc5,FirstNumber=404,secondNumber=150}  added by thread pool-3-thread-6
 message  {Id=f592ac81-e0fb-4218-a466-cdcc6215ebc5,FirstNumber=404,secondNumber=150}  written to file by thread pool-3-thread-1
 message  {Id=ddb9e47f-2c5b-49b3-b9b7-be9a25d68eab,FirstNumber=110,secondNumber=190}  added by thread pool-3-thread-6
 message  {Id=ddb9e47f-2c5b-49b3-b9b7-be9a25d68eab,FirstNumber=110,secondNumber=190}  written to file by thread pool-3-thread-1
 message  {Id=0b10ca52-9ca4-4174-941e-a68ab359262e,FirstNumber=85,secondNumber=1779}  added by thread pool-3-thread-6
 message  {Id=0b10ca52-9ca4-4174-941e-a68ab359262e,FirstNumber=85,secondNumber=1779}  written to file by thread pool-3-thread-5
 message  {Id=ec8199dd-e684-4989-a20e-0969b67a1916,FirstNumber=341,secondNumber=61}  added by thread pool-3-thread-6
 message  {Id=ec8199dd-e684-4989-a20e-0969b67a1916,FirstNumber=341,secondNumber=61}  written to file by thread pool-3-thread-3
 message  {Id=209c35f2-1efc-47bd-b651-243b6d27edfd,FirstNumber=948,secondNumber=525}  added by thread pool-3-thread-6
 message  {Id=209c35f2-1efc-47bd-b651-243b6d27edfd,FirstNumber=948,secondNumber=525}  written to file by thread pool-3-thread-3
 message  {Id=27898f80-432b-4213-bd46-e4434ab6cdb0,FirstNumber=277,secondNumber=466}  added by thread pool-3-thread-6
 message  {Id=27898f80-432b-4213-bd46-e4434ab6cdb0,FirstNumber=277,secondNumber=466}  written to file by thread pool-3-thread-2
 message  {Id=e61f1822-86ef-4cf4-ae70-757e2ca8f1f6,FirstNumber=377,secondNumber=1306}  added by thread pool-3-thread-6
 message  {Id=e61f1822-86ef-4cf4-ae70-757e2ca8f1f6,FirstNumber=377,secondNumber=1306}  written to file by thread pool-3-thread-2
 message  {Id=4d94d813-bf22-4d11-ae83-b6dcecb6f052,FirstNumber=839,secondNumber=838}  added by thread pool-3-thread-6
 message  {Id=4d94d813-bf22-4d11-ae83-b6dcecb6f052,FirstNumber=839,secondNumber=838}  written to file by thread pool-3-thread-5
 message  {Id=3ace7052-591b-4c8a-b054-b9b4640284b3,FirstNumber=532,secondNumber=638}  added by thread pool-3-thread-6
 message  {Id=3ace7052-591b-4c8a-b054-b9b4640284b3,FirstNumber=532,secondNumber=638}  written to file by thread pool-3-thread-4
 message  {Id=e147f943-cdcd-4cc6-8019-ece4e4c48739,FirstNumber=800,secondNumber=363}  added by thread pool-3-thread-6
 message  {Id=e147f943-cdcd-4cc6-8019-ece4e4c48739,FirstNumber=800,secondNumber=363}  written to file by thread pool-3-thread-3
 message  {Id=930958c7-a82a-4505-8cb0-c84316524f7a,FirstNumber=271,secondNumber=617}  added by thread pool-3-thread-6
 message  {Id=930958c7-a82a-4505-8cb0-c84316524f7a,FirstNumber=271,secondNumber=617}  written to file by thread pool-3-thread-1
 message  {Id=06c5682e-63a3-4479-84db-2a0a9a51c706,FirstNumber=612,secondNumber=1775}  added by thread pool-3-thread-6
 message  {Id=06c5682e-63a3-4479-84db-2a0a9a51c706,FirstNumber=612,secondNumber=1775}  written to file by thread pool-3-thread-2
 message  {Id=e88c2c37-70bf-413b-aa05-6c7938787702,FirstNumber=594,secondNumber=76}  added by thread pool-3-thread-6
 message  {Id=e88c2c37-70bf-413b-aa05-6c7938787702,FirstNumber=594,secondNumber=76}  written to file by thread pool-3-thread-2
 message  {Id=248ee56e-22b2-4853-8b38-170516ae25b8,FirstNumber=412,secondNumber=1853}  added by thread pool-3-thread-6
 message  {Id=248ee56e-22b2-4853-8b38-170516ae25b8,FirstNumber=412,secondNumber=1853}  written to file by thread pool-3-thread-4
 message  {Id=1f8be95f-a5cb-4c88-921a-3298b86ddb4a,FirstNumber=512,secondNumber=1959}  added by thread pool-3-thread-6
 message  {Id=1f8be95f-a5cb-4c88-921a-3298b86ddb4a,FirstNumber=512,secondNumber=1959}  written to file by thread pool-3-thread-4
 message  {Id=8ee088c9-a080-4a1f-987a-a8627234f792,FirstNumber=548,secondNumber=591}  added by thread pool-3-thread-6
 message  {Id=8ee088c9-a080-4a1f-987a-a8627234f792,FirstNumber=548,secondNumber=591}  written to file by thread pool-3-thread-1
 message  {Id=b9423da3-67fc-4baa-aa5e-e8d7f9e3a533,FirstNumber=871,secondNumber=1762}  added by thread pool-3-thread-6
 message  {Id=b9423da3-67fc-4baa-aa5e-e8d7f9e3a533,FirstNumber=871,secondNumber=1762}  written to file by thread pool-3-thread-1
 message  {Id=faa1bc43-cbbf-4a67-a390-2c835c70d509,FirstNumber=620,secondNumber=646}  added by thread pool-3-thread-6
 message  {Id=faa1bc43-cbbf-4a67-a390-2c835c70d509,FirstNumber=620,secondNumber=646}  written to file by thread pool-3-thread-2
 message  {Id=8f6c7c6a-64d6-489a-805a-c6177dd6daeb,FirstNumber=418,secondNumber=991}  added by thread pool-3-thread-6
 message  {Id=8f6c7c6a-64d6-489a-805a-c6177dd6daeb,FirstNumber=418,secondNumber=991}  written to file by thread pool-3-thread-2
 message  {Id=63938568-f4a5-4db1-b61a-c544b04eb45c,FirstNumber=373,secondNumber=1114}  added by thread pool-3-thread-6
 message  {Id=63938568-f4a5-4db1-b61a-c544b04eb45c,FirstNumber=373,secondNumber=1114}  written to file by thread pool-3-thread-4
 message  {Id=57c1dafe-effc-44a1-a249-9e8e48e06770,FirstNumber=686,secondNumber=1666}  added by thread pool-3-thread-6
 message  {Id=57c1dafe-effc-44a1-a249-9e8e48e06770,FirstNumber=686,secondNumber=1666}  written to file by thread pool-3-thread-5
 message  {Id=dadc7a23-66d7-4f23-a826-f2fd6742f4f2,FirstNumber=271,secondNumber=518}  added by thread pool-3-thread-6
 message  {Id=dadc7a23-66d7-4f23-a826-f2fd6742f4f2,FirstNumber=271,secondNumber=518}  written to file by thread pool-3-thread-1
 message  {Id=b46ee821-6be9-4e3e-a8d8-604cb87d0f7e,FirstNumber=505,secondNumber=1431}  added by thread pool-3-thread-6
 message  {Id=b46ee821-6be9-4e3e-a8d8-604cb87d0f7e,FirstNumber=505,secondNumber=1431}  written to file by thread pool-3-thread-1
 message  {Id=129aad46-375e-4cc3-a4de-1778a2cd6104,FirstNumber=245,secondNumber=1486}  added by thread pool-3-thread-6
 message  {Id=129aad46-375e-4cc3-a4de-1778a2cd6104,FirstNumber=245,secondNumber=1486}  written to file by thread pool-3-thread-2
 message  {Id=2acc0eaa-9028-4c0c-9c96-3db9f482f685,FirstNumber=747,secondNumber=1988}  added by thread pool-3-thread-6
 message  {Id=2acc0eaa-9028-4c0c-9c96-3db9f482f685,FirstNumber=747,secondNumber=1988}  written to file by thread pool-3-thread-2
 message  {Id=2e59676b-d545-44a2-b949-10e0a2f75c70,FirstNumber=466,secondNumber=591}  added by thread pool-3-thread-6
 message  {Id=2e59676b-d545-44a2-b949-10e0a2f75c70,FirstNumber=466,secondNumber=591}  written to file by thread pool-3-thread-5
 message  {Id=ebb6a181-0eb0-4c0f-ac3f-e55fa8bcb07a,FirstNumber=805,secondNumber=983}  added by thread pool-3-thread-6
 message  {Id=ebb6a181-0eb0-4c0f-ac3f-e55fa8bcb07a,FirstNumber=805,secondNumber=983}  written to file by thread pool-3-thread-5
 message  {Id=5c9d448f-5c7a-446d-9d90-d701b64f5b3d,FirstNumber=485,secondNumber=1125}  added by thread pool-3-thread-6
 message  {Id=5c9d448f-5c7a-446d-9d90-d701b64f5b3d,FirstNumber=485,secondNumber=1125}  written to file by thread pool-3-thread-1
 message  {Id=08b45c54-21b3-43eb-b82b-a3010a629cbd,FirstNumber=691,secondNumber=1465}  added by thread pool-3-thread-6
 message  {Id=08b45c54-21b3-43eb-b82b-a3010a629cbd,FirstNumber=691,secondNumber=1465}  written to file by thread pool-3-thread-1
 message  {Id=36f064b5-25f2-44f9-9d31-072bf943c1cb,FirstNumber=956,secondNumber=218}  added by thread pool-3-thread-6
 message  {Id=bca9fc6d-479d-4e47-8925-769dd4f63ff0,FirstNumber=379,secondNumber=1467}  added by thread pool-3-thread-6
 message  {Id=36f064b5-25f2-44f9-9d31-072bf943c1cb,FirstNumber=956,secondNumber=218}  written to file by thread pool-3-thread-2
 message  {Id=e1ab0357-a099-4dc8-953e-781c736900f1,FirstNumber=164,secondNumber=1932}  added by thread pool-3-thread-6
 message  {Id=bca9fc6d-479d-4e47-8925-769dd4f63ff0,FirstNumber=379,secondNumber=1467}  written to file by thread pool-3-thread-3
 message  {Id=e1ab0357-a099-4dc8-953e-781c736900f1,FirstNumber=164,secondNumber=1932}  written to file by thread pool-3-thread-5
 message  {Id=71e5515f-ab41-4d6a-9b75-ad22cad4141f,FirstNumber=982,secondNumber=1446}  added by thread pool-3-thread-6
 message  {Id=71e5515f-ab41-4d6a-9b75-ad22cad4141f,FirstNumber=982,secondNumber=1446}  written to file by thread pool-3-thread-4
 message  {Id=6c95930f-1707-49c0-9520-ff5f0645c8ec,FirstNumber=759,secondNumber=1629}  added by thread pool-3-thread-6
 message  {Id=6c95930f-1707-49c0-9520-ff5f0645c8ec,FirstNumber=759,secondNumber=1629}  written to file by thread pool-3-thread-1
 message  {Id=c35a829c-199a-4db5-94b5-5188a6cb4cf3,FirstNumber=363,secondNumber=699}  added by thread pool-3-thread-6
 message  {Id=c35a829c-199a-4db5-94b5-5188a6cb4cf3,FirstNumber=363,secondNumber=699}  written to file by thread pool-3-thread-1
 message  {Id=669fe175-1449-4ca0-8a2d-dadcdcbbbb37,FirstNumber=352,secondNumber=788}  added by thread pool-3-thread-6
 message  {Id=669fe175-1449-4ca0-8a2d-dadcdcbbbb37,FirstNumber=352,secondNumber=788}  written to file by thread pool-3-thread-3
 message  {Id=df82b0cb-b7ac-480e-9540-af0a96ac7ed5,FirstNumber=814,secondNumber=1003}  added by thread pool-3-thread-6
 message  {Id=df82b0cb-b7ac-480e-9540-af0a96ac7ed5,FirstNumber=814,secondNumber=1003}  written to file by thread pool-3-thread-3
 message  {Id=739cedd7-4338-4c17-acc0-b33d537c695b,FirstNumber=201,secondNumber=553}  added by thread pool-3-thread-6
 message  {Id=739cedd7-4338-4c17-acc0-b33d537c695b,FirstNumber=201,secondNumber=553}  written to file by thread pool-3-thread-4
 message  {Id=c90234d9-1cd3-4d4b-a370-6a4dde175aee,FirstNumber=392,secondNumber=1866}  added by thread pool-3-thread-6
 message  {Id=c90234d9-1cd3-4d4b-a370-6a4dde175aee,FirstNumber=392,secondNumber=1866}  written to file by thread pool-3-thread-4
 message  {Id=457261d1-4d66-4d2d-908e-c66984205394,FirstNumber=443,secondNumber=728}  added by thread pool-3-thread-6
 message  {Id=457261d1-4d66-4d2d-908e-c66984205394,FirstNumber=443,secondNumber=728}  written to file by thread pool-3-thread-1
 message  {Id=0ae1de3f-0fb4-44ac-8fe3-e57624c26e41,FirstNumber=861,secondNumber=957}  added by thread pool-3-thread-6
 message  {Id=0ae1de3f-0fb4-44ac-8fe3-e57624c26e41,FirstNumber=861,secondNumber=957}  written to file by thread pool-3-thread-5
 message  {Id=92ef3d93-98c1-4545-b791-a984beb2509d,FirstNumber=414,secondNumber=943}  added by thread pool-3-thread-6
 message  {Id=92ef3d93-98c1-4545-b791-a984beb2509d,FirstNumber=414,secondNumber=943}  written to file by thread pool-3-thread-3
 message  {Id=8b83e792-e46c-407f-a592-d797268e2ce4,FirstNumber=487,secondNumber=1739}  added by thread pool-3-thread-6
 message  {Id=8b83e792-e46c-407f-a592-d797268e2ce4,FirstNumber=487,secondNumber=1739}  written to file by thread pool-3-thread-3
 message  {Id=75ede73c-a842-4dd4-b9a7-f5225d6aa9c1,FirstNumber=291,secondNumber=481}  added by thread pool-3-thread-6
 message  {Id=75ede73c-a842-4dd4-b9a7-f5225d6aa9c1,FirstNumber=291,secondNumber=481}  written to file by thread pool-3-thread-4
 message  {Id=65c03056-10d2-47c4-8a01-a66c61a7373c,FirstNumber=473,secondNumber=1954}  added by thread pool-3-thread-6
 message  {Id=65c03056-10d2-47c4-8a01-a66c61a7373c,FirstNumber=473,secondNumber=1954}  written to file by thread pool-3-thread-4
 message  {Id=3edd6ec5-ede9-437b-8c4c-7e6bf2f38f0d,FirstNumber=368,secondNumber=743}  added by thread pool-3-thread-6
 message  {Id=3edd6ec5-ede9-437b-8c4c-7e6bf2f38f0d,FirstNumber=368,secondNumber=743}  written to file by thread pool-3-thread-4
 message  {Id=25c4a2ad-c40a-4a0a-b3cd-0dd63dc49382,FirstNumber=690,secondNumber=519}  added by thread pool-3-thread-6
 message  {Id=25c4a2ad-c40a-4a0a-b3cd-0dd63dc49382,FirstNumber=690,secondNumber=519}  written to file by thread pool-3-thread-2
 message  {Id=ce4f1e3d-a8f0-41bf-853a-2f07331051dd,FirstNumber=370,secondNumber=541}  added by thread pool-3-thread-6
 message  {Id=ce4f1e3d-a8f0-41bf-853a-2f07331051dd,FirstNumber=370,secondNumber=541}  written to file by thread pool-3-thread-3
 message  {Id=94c425e4-ccdc-4142-b99c-9da6770ea67a,FirstNumber=790,secondNumber=1555}  added by thread pool-3-thread-6
 message  {Id=94c425e4-ccdc-4142-b99c-9da6770ea67a,FirstNumber=790,secondNumber=1555}  written to file by thread pool-3-thread-3
 message  {Id=e14ce178-442e-4dae-a5fc-accb2ddbeee0,FirstNumber=759,secondNumber=346}  added by thread pool-3-thread-6
 message  {Id=e14ce178-442e-4dae-a5fc-accb2ddbeee0,FirstNumber=759,secondNumber=346}  written to file by thread pool-3-thread-5
 message  {Id=1c31e5ca-20cd-4e59-9d62-acd9d68e0659,FirstNumber=882,secondNumber=406}  added by thread pool-3-thread-6
 message  {Id=1c31e5ca-20cd-4e59-9d62-acd9d68e0659,FirstNumber=882,secondNumber=406}  written to file by thread pool-3-thread-4
 message  {Id=9e9c2223-f8f8-4a14-972c-cf3977044acb,FirstNumber=878,secondNumber=1038}  added by thread pool-3-thread-6
 message  {Id=9e9c2223-f8f8-4a14-972c-cf3977044acb,FirstNumber=878,secondNumber=1038}  written to file by thread pool-3-thread-2
 message  {Id=b5cf67f6-35cd-49b1-97bb-df298f2ce3bc,FirstNumber=622,secondNumber=1251}  added by thread pool-3-thread-6
 message  {Id=b5cf67f6-35cd-49b1-97bb-df298f2ce3bc,FirstNumber=622,secondNumber=1251}  written to file by thread pool-3-thread-2
 message  {Id=2e49ba93-da51-4238-a6d4-05bf8e95f823,FirstNumber=132,secondNumber=1854}  added by thread pool-3-thread-6
 message  {Id=2e49ba93-da51-4238-a6d4-05bf8e95f823,FirstNumber=132,secondNumber=1854}  written to file by thread pool-3-thread-3
 message  {Id=05d2e3cf-b00b-4bff-818f-5f2d25267d98,FirstNumber=789,secondNumber=1893}  added by thread pool-3-thread-6
 message  {Id=05d2e3cf-b00b-4bff-818f-5f2d25267d98,FirstNumber=789,secondNumber=1893}  written to file by thread pool-3-thread-3
 message  {Id=6e3ea0e3-32c6-4e96-879b-65f2945f9f0a,FirstNumber=958,secondNumber=5}  added by thread pool-3-thread-6
 message  {Id=6e3ea0e3-32c6-4e96-879b-65f2945f9f0a,FirstNumber=958,secondNumber=5}  written to file by thread pool-3-thread-3
 message  {Id=8ec9c357-197e-42a2-8cda-a9ea772ea50f,FirstNumber=363,secondNumber=1125}  added by thread pool-3-thread-6
 message  {Id=8ec9c357-197e-42a2-8cda-a9ea772ea50f,FirstNumber=363,secondNumber=1125}  written to file by thread pool-3-thread-1
 message  {Id=e4c37fd1-9ce1-444e-b2e6-64016d6abd2b,FirstNumber=268,secondNumber=1627}  added by thread pool-3-thread-6
 message  {Id=e4c37fd1-9ce1-444e-b2e6-64016d6abd2b,FirstNumber=268,secondNumber=1627}  written to file by thread pool-3-thread-2
 message  {Id=94812288-9f0b-49cb-9af6-948ba7f7af86,FirstNumber=290,secondNumber=195}  added by thread pool-3-thread-6
 message  {Id=94812288-9f0b-49cb-9af6-948ba7f7af86,FirstNumber=290,secondNumber=195}  written to file by thread pool-3-thread-5
 message  {Id=ccd106b8-d0f3-484c-91ec-5535810a2d12,FirstNumber=239,secondNumber=381}  added by thread pool-3-thread-6
 message  {Id=678141c1-adca-4a11-a2bb-49cd549acc4a,FirstNumber=606,secondNumber=1206}  added by thread pool-3-thread-6
 message  {Id=ccd106b8-d0f3-484c-91ec-5535810a2d12,FirstNumber=239,secondNumber=381}  written to file by thread pool-3-thread-4
 message  {Id=678141c1-adca-4a11-a2bb-49cd549acc4a,FirstNumber=606,secondNumber=1206}  written to file by thread pool-3-thread-3
 message  {Id=88223f94-4a11-4547-a2f6-22ad6aa0a0e0,FirstNumber=677,secondNumber=368}  added by thread pool-3-thread-6
 message  {Id=88223f94-4a11-4547-a2f6-22ad6aa0a0e0,FirstNumber=677,secondNumber=368}  written to file by thread pool-3-thread-1
 message  {Id=8761cbe2-93d3-4e2c-9c7b-383dbe5d8b22,FirstNumber=408,secondNumber=1179}  added by thread pool-3-thread-6
 message  {Id=8761cbe2-93d3-4e2c-9c7b-383dbe5d8b22,FirstNumber=408,secondNumber=1179}  written to file by thread pool-3-thread-1
 message  {Id=a190f489-4baa-431a-a606-e8dd3b7cfe94,FirstNumber=451,secondNumber=1977}  added by thread pool-3-thread-6
 message  {Id=a190f489-4baa-431a-a606-e8dd3b7cfe94,FirstNumber=451,secondNumber=1977}  written to file by thread pool-3-thread-5
 message  {Id=037a111f-98d6-4bb6-8348-02b2c8e59c3f,FirstNumber=214,secondNumber=887}  added by thread pool-3-thread-6
 message  {Id=037a111f-98d6-4bb6-8348-02b2c8e59c3f,FirstNumber=214,secondNumber=887}  written to file by thread pool-3-thread-5
 message  {Id=e258f266-dad5-4d30-8559-5e9ba5d38224,FirstNumber=31,secondNumber=1061}  added by thread pool-3-thread-6
 message  {Id=e258f266-dad5-4d30-8559-5e9ba5d38224,FirstNumber=31,secondNumber=1061}  written to file by thread pool-3-thread-3
 message  {Id=2d888a70-5612-412d-85ed-9a416f3abe8d,FirstNumber=802,secondNumber=1532}  added by thread pool-3-thread-6
 message  {Id=2d888a70-5612-412d-85ed-9a416f3abe8d,FirstNumber=802,secondNumber=1532}  written to file by thread pool-3-thread-3
 message  {Id=13c9fe49-b20d-484c-ab19-2892888a6174,FirstNumber=302,secondNumber=511}  added by thread pool-3-thread-6
 message  {Id=13c9fe49-b20d-484c-ab19-2892888a6174,FirstNumber=302,secondNumber=511}  written to file by thread pool-3-thread-1
 message  {Id=bb2d9b05-2f4b-4d05-bd53-21ebe58fc3c2,FirstNumber=500,secondNumber=845}  added by thread pool-3-thread-6
 message  {Id=bb2d9b05-2f4b-4d05-bd53-21ebe58fc3c2,FirstNumber=500,secondNumber=845}  written to file by thread pool-3-thread-1
 message  {Id=74d5a6b6-715c-45df-9def-65866f7fc4c7,FirstNumber=725,secondNumber=810}  added by thread pool-3-thread-6
 message  {Id=74d5a6b6-715c-45df-9def-65866f7fc4c7,FirstNumber=725,secondNumber=810}  written to file by thread pool-3-thread-5
 message  {Id=11738955-a9c2-4e73-9ba2-f77fa5d8fee8,FirstNumber=815,secondNumber=438}  added by thread pool-3-thread-6
 message  {Id=11738955-a9c2-4e73-9ba2-f77fa5d8fee8,FirstNumber=815,secondNumber=438}  written to file by thread pool-3-thread-2
 message  {Id=423f828a-9c82-4eda-b840-4e651c9b25fe,FirstNumber=168,secondNumber=386}  added by thread pool-3-thread-6
 message  {Id=423f828a-9c82-4eda-b840-4e651c9b25fe,FirstNumber=168,secondNumber=386}  written to file by thread pool-3-thread-2
 message  {Id=7ab74320-e107-4df3-8d36-5dca1637e584,FirstNumber=868,secondNumber=1651}  added by thread pool-3-thread-6
 message  {Id=7ab74320-e107-4df3-8d36-5dca1637e584,FirstNumber=868,secondNumber=1651}  written to file by thread pool-3-thread-2
 message  {Id=b29c3209-d175-46e6-8361-eb6f915f8e97,FirstNumber=272,secondNumber=269}  added by thread pool-3-thread-6
 message  {Id=b29c3209-d175-46e6-8361-eb6f915f8e97,FirstNumber=272,secondNumber=269}  written to file by thread pool-3-thread-1
 message  {Id=305be5d7-835e-4115-95f5-5dda0a663587,FirstNumber=101,secondNumber=1838}  added by thread pool-3-thread-6
 message  {Id=305be5d7-835e-4115-95f5-5dda0a663587,FirstNumber=101,secondNumber=1838}  written to file by thread pool-3-thread-1
 message  {Id=24afa771-7de1-4326-b483-be3597801feb,FirstNumber=470,secondNumber=831}  added by thread pool-3-thread-6
 message  {Id=24afa771-7de1-4326-b483-be3597801feb,FirstNumber=470,secondNumber=831}  written to file by thread pool-3-thread-3
 message  {Id=0518b5bd-3775-447a-b616-f3a178e6149b,FirstNumber=624,secondNumber=1235}  added by thread pool-3-thread-6
 message  {Id=0518b5bd-3775-447a-b616-f3a178e6149b,FirstNumber=624,secondNumber=1235}  written to file by thread pool-3-thread-3
 message  {Id=467942e2-a2b6-4764-8d53-b55830b05fa7,FirstNumber=8,secondNumber=385}  added by thread pool-3-thread-6
 message  {Id=467942e2-a2b6-4764-8d53-b55830b05fa7,FirstNumber=8,secondNumber=385}  written to file by thread pool-3-thread-2
 message  {Id=d812c637-bf17-4ce5-830c-c7e23324bcb9,FirstNumber=152,secondNumber=1460}  added by thread pool-3-thread-6
 message  {Id=d812c637-bf17-4ce5-830c-c7e23324bcb9,FirstNumber=152,secondNumber=1460}  written to file by thread pool-3-thread-2
 message  {Id=22f3e5de-cdad-4f5c-ade3-84da6a9588e8,FirstNumber=788,secondNumber=1489}  added by thread pool-3-thread-6
 message  {Id=0eb5b3c7-d4a1-45cb-83ec-a123134fe4a7,FirstNumber=169,secondNumber=416}  added by thread pool-3-thread-6
 message  {Id=22f3e5de-cdad-4f5c-ade3-84da6a9588e8,FirstNumber=788,secondNumber=1489}  written to file by thread pool-3-thread-1
 message  {Id=0eb5b3c7-d4a1-45cb-83ec-a123134fe4a7,FirstNumber=169,secondNumber=416}  written to file by thread pool-3-thread-4
 message  {Id=25cc5c9d-8872-43d0-95c4-e455794ed4ac,FirstNumber=996,secondNumber=381}  added by thread pool-3-thread-6
 message  {Id=25cc5c9d-8872-43d0-95c4-e455794ed4ac,FirstNumber=996,secondNumber=381}  written to file by thread pool-3-thread-4
 message  {Id=385fd08b-7a5b-45bc-902c-4e7be0cac5cc,FirstNumber=115,secondNumber=1970}  added by thread pool-3-thread-6
 message  {Id=385fd08b-7a5b-45bc-902c-4e7be0cac5cc,FirstNumber=115,secondNumber=1970}  written to file by thread pool-3-thread-5
 message  {Id=3bc5006d-1d0d-4609-b20c-8bfb6d119ea1,FirstNumber=873,secondNumber=1172}  added by thread pool-3-thread-6
 message  {Id=3bc5006d-1d0d-4609-b20c-8bfb6d119ea1,FirstNumber=873,secondNumber=1172}  written to file by thread pool-3-thread-2
 message  {Id=d2dce9a7-b7a0-4696-b926-8139bde37ff0,FirstNumber=160,secondNumber=887}  added by thread pool-3-thread-6
 message  {Id=d2dce9a7-b7a0-4696-b926-8139bde37ff0,FirstNumber=160,secondNumber=887}  written to file by thread pool-3-thread-2
 message  {Id=662ebd49-b950-41be-a4c5-aec922bc1bf1,FirstNumber=524,secondNumber=545}  added by thread pool-3-thread-6
 message  {Id=662ebd49-b950-41be-a4c5-aec922bc1bf1,FirstNumber=524,secondNumber=545}  written to file by thread pool-3-thread-3
 message  {Id=dbb4c86c-7dc2-478f-b62b-27c114d14859,FirstNumber=44,secondNumber=1397}  added by thread pool-3-thread-6
 message  {Id=dbb4c86c-7dc2-478f-b62b-27c114d14859,FirstNumber=44,secondNumber=1397}  written to file by thread pool-3-thread-4
 message  {Id=46e555d7-4d9b-4365-9d6a-98c3f832fac0,FirstNumber=307,secondNumber=1505}  added by thread pool-3-thread-6
 message  {Id=46e555d7-4d9b-4365-9d6a-98c3f832fac0,FirstNumber=307,secondNumber=1505}  written to file by thread pool-3-thread-5
 message  {Id=208a155a-d437-4498-8b24-d113983f09ff,FirstNumber=236,secondNumber=1231}  added by thread pool-3-thread-6
 message  {Id=208a155a-d437-4498-8b24-d113983f09ff,FirstNumber=236,secondNumber=1231}  written to file by thread pool-3-thread-5
 message  {Id=682413bc-c27d-4ab3-b802-51d3bab3b35f,FirstNumber=753,secondNumber=890}  added by thread pool-3-thread-6
 message  {Id=a5eca107-fcd6-4186-9dce-4b9c482a2580,FirstNumber=699,secondNumber=1516}  added by thread pool-3-thread-6
 message  {Id=682413bc-c27d-4ab3-b802-51d3bab3b35f,FirstNumber=753,secondNumber=890}  written to file by thread pool-3-thread-2
 message  {Id=a5eca107-fcd6-4186-9dce-4b9c482a2580,FirstNumber=699,secondNumber=1516}  written to file by thread pool-3-thread-3
 message  {Id=b3207e3b-7ca1-434c-9523-feaa46608243,FirstNumber=450,secondNumber=1258}  added by thread pool-3-thread-6
 message  {Id=b3207e3b-7ca1-434c-9523-feaa46608243,FirstNumber=450,secondNumber=1258}  written to file by thread pool-3-thread-3
 message  {Id=51e145b0-1ed4-4c96-95d1-87fa2440effb,FirstNumber=986,secondNumber=861}  added by thread pool-3-thread-6
 message  {Id=51e145b0-1ed4-4c96-95d1-87fa2440effb,FirstNumber=986,secondNumber=861}  written to file by thread pool-3-thread-1
 message  {Id=d3f1b8f5-2ac7-4639-bef6-7b9b0d22d328,FirstNumber=64,secondNumber=604}  added by thread pool-3-thread-6
 message  {Id=d3f1b8f5-2ac7-4639-bef6-7b9b0d22d328,FirstNumber=64,secondNumber=604}  written to file by thread pool-3-thread-5
 message  {Id=e148789a-73bd-49b4-9a03-dc11c2e9fc16,FirstNumber=874,secondNumber=753}  added by thread pool-3-thread-6
 message  {Id=e148789a-73bd-49b4-9a03-dc11c2e9fc16,FirstNumber=874,secondNumber=753}  written to file by thread pool-3-thread-5
 message  {Id=2e5748da-b334-4d91-86b7-89230cee181d,FirstNumber=980,secondNumber=1077}  added by thread pool-3-thread-6
 message  {Id=2e5748da-b334-4d91-86b7-89230cee181d,FirstNumber=980,secondNumber=1077}  written to file by thread pool-3-thread-5
 message  {Id=cc3685da-cb99-4beb-8920-8b931f90da32,FirstNumber=131,secondNumber=315}  added by thread pool-3-thread-6
 message  {Id=cc3685da-cb99-4beb-8920-8b931f90da32,FirstNumber=131,secondNumber=315}  written to file by thread pool-3-thread-3
 message  {Id=d8155a2c-c6cb-4ae8-a21d-e4b9340a27fa,FirstNumber=873,secondNumber=1626}  added by thread pool-3-thread-6
 message  {Id=d8155a2c-c6cb-4ae8-a21d-e4b9340a27fa,FirstNumber=873,secondNumber=1626}  written to file by thread pool-3-thread-1
 message  {Id=8b4651bf-33ca-4867-aea3-0dbe69413ccd,FirstNumber=259,secondNumber=1234}  added by thread pool-3-thread-6
 message  {Id=8b4651bf-33ca-4867-aea3-0dbe69413ccd,FirstNumber=259,secondNumber=1234}  written to file by thread pool-3-thread-1
 message  {Id=44b33dae-37fb-4c31-9afc-26b57494edcb,FirstNumber=613,secondNumber=1541}  added by thread pool-3-thread-6
 message  {Id=b469485a-5b46-40d1-b593-516d18cbf6e7,FirstNumber=445,secondNumber=791}  added by thread pool-3-thread-6
 message  {Id=44b33dae-37fb-4c31-9afc-26b57494edcb,FirstNumber=613,secondNumber=1541}  written to file by thread pool-3-thread-4
 message  {Id=b469485a-5b46-40d1-b593-516d18cbf6e7,FirstNumber=445,secondNumber=791}  written to file by thread pool-3-thread-5
 message  {Id=e40eaab3-2368-46ff-a72a-beccdb0d9086,FirstNumber=959,secondNumber=783}  added by thread pool-3-thread-6
 message  {Id=e40eaab3-2368-46ff-a72a-beccdb0d9086,FirstNumber=959,secondNumber=783}  written to file by thread pool-3-thread-3
 message  {Id=bfbdb51c-79aa-4bb9-85d5-61106b5c324a,FirstNumber=124,secondNumber=113}  added by thread pool-3-thread-6
 message  {Id=bfbdb51c-79aa-4bb9-85d5-61106b5c324a,FirstNumber=124,secondNumber=113}  written to file by thread pool-3-thread-2
 message  {Id=fcb94bb7-8324-4020-9c7c-792fcf62383a,FirstNumber=591,secondNumber=1211}  added by thread pool-3-thread-6
 message  {Id=fcb94bb7-8324-4020-9c7c-792fcf62383a,FirstNumber=591,secondNumber=1211}  written to file by thread pool-3-thread-1
 message  {Id=71096bff-955d-4992-8e1d-b7ad3e41fe30,FirstNumber=549,secondNumber=6}  added by thread pool-3-thread-6
 message  {Id=71096bff-955d-4992-8e1d-b7ad3e41fe30,FirstNumber=549,secondNumber=6}  written to file by thread pool-3-thread-4
 message  {Id=b89cd845-9cfb-4662-a395-4577ba70b0bd,FirstNumber=191,secondNumber=415}  added by thread pool-3-thread-6
 message  {Id=b89cd845-9cfb-4662-a395-4577ba70b0bd,FirstNumber=191,secondNumber=415}  written to file by thread pool-3-thread-5
 message  {Id=dda8294d-ad33-4b28-b0b7-250f65e15531,FirstNumber=52,secondNumber=105}  added by thread pool-3-thread-6
 message  {Id=dda8294d-ad33-4b28-b0b7-250f65e15531,FirstNumber=52,secondNumber=105}  written to file by thread pool-3-thread-5
 message  {Id=d09b0fb5-c034-42e0-a2ed-acf70d57fd3d,FirstNumber=901,secondNumber=1442}  added by thread pool-3-thread-6
 message  {Id=d09b0fb5-c034-42e0-a2ed-acf70d57fd3d,FirstNumber=901,secondNumber=1442}  written to file by thread pool-3-thread-2
 message  {Id=6a64f6ef-faf3-4e2c-9eba-50fedd34dc75,FirstNumber=398,secondNumber=1514}  added by thread pool-3-thread-6
 message  {Id=6a64f6ef-faf3-4e2c-9eba-50fedd34dc75,FirstNumber=398,secondNumber=1514}  written to file by thread pool-3-thread-2
 message  {Id=a4672ea0-ea24-451c-ba83-895d65d4b9ee,FirstNumber=778,secondNumber=329}  added by thread pool-3-thread-6
 message  {Id=a4672ea0-ea24-451c-ba83-895d65d4b9ee,FirstNumber=778,secondNumber=329}  written to file by thread pool-3-thread-4
 message  {Id=a5e61327-29d7-48d8-8d91-d3e04db8f322,FirstNumber=972,secondNumber=1279}  added by thread pool-3-thread-6
 message  {Id=a5e61327-29d7-48d8-8d91-d3e04db8f322,FirstNumber=972,secondNumber=1279}  written to file by thread pool-3-thread-3
 message  {Id=1abad968-03e6-475e-837c-35c7d28d0a94,FirstNumber=157,secondNumber=1119}  added by thread pool-3-thread-6
 message  {Id=1abad968-03e6-475e-837c-35c7d28d0a94,FirstNumber=157,secondNumber=1119}  written to file by thread pool-3-thread-5
 message  {Id=f70d95a0-98fb-4d80-b580-cada9c294736,FirstNumber=102,secondNumber=390}  added by thread pool-3-thread-6
 message  {Id=f70d95a0-98fb-4d80-b580-cada9c294736,FirstNumber=102,secondNumber=390}  written to file by thread pool-3-thread-5
 message  {Id=5c5c0aaf-2638-4a22-ab94-08ad17d51edb,FirstNumber=707,secondNumber=210}  added by thread pool-3-thread-6
 message  {Id=5c5c0aaf-2638-4a22-ab94-08ad17d51edb,FirstNumber=707,secondNumber=210}  written to file by thread pool-3-thread-2
 message  {Id=72df3814-2429-42b8-9152-215be4714240,FirstNumber=613,secondNumber=133}  added by thread pool-3-thread-6
 message  {Id=72df3814-2429-42b8-9152-215be4714240,FirstNumber=613,secondNumber=133}  written to file by thread pool-3-thread-2
 message  {Id=4f5fd55d-6f0c-45bc-b0b4-67050891f265,FirstNumber=425,secondNumber=935}  added by thread pool-3-thread-6
 message  {Id=4f5fd55d-6f0c-45bc-b0b4-67050891f265,FirstNumber=425,secondNumber=935}  written to file by thread pool-3-thread-3
 message  {Id=40b585e7-ca5f-4367-ad6c-25a031bdf37a,FirstNumber=589,secondNumber=66}  added by thread pool-3-thread-6
 message  {Id=40b585e7-ca5f-4367-ad6c-25a031bdf37a,FirstNumber=589,secondNumber=66}  written to file by thread pool-3-thread-3
 message  {Id=f5445e71-a153-468d-abca-2e8da80e91d7,FirstNumber=193,secondNumber=221}  added by thread pool-3-thread-6
 message  {Id=f5445e71-a153-468d-abca-2e8da80e91d7,FirstNumber=193,secondNumber=221}  written to file by thread pool-3-thread-5
 message  {Id=e98250db-5ae8-4ebb-a55a-6b9eb1601884,FirstNumber=338,secondNumber=574}  added by thread pool-3-thread-6
 message  {Id=e98250db-5ae8-4ebb-a55a-6b9eb1601884,FirstNumber=338,secondNumber=574}  written to file by thread pool-3-thread-5
 message  {Id=4058a07d-c4ef-458b-8a1e-ed94179a7297,FirstNumber=573,secondNumber=1468}  added by thread pool-3-thread-6
 message  {Id=8bd3bd0f-c2fd-4575-95fc-6e69154421fd,FirstNumber=818,secondNumber=1816}  added by thread pool-3-thread-6
 message  {Id=4058a07d-c4ef-458b-8a1e-ed94179a7297,FirstNumber=573,secondNumber=1468}  written to file by thread pool-3-thread-2
 message  {Id=8bd3bd0f-c2fd-4575-95fc-6e69154421fd,FirstNumber=818,secondNumber=1816}  written to file by thread pool-3-thread-1
 message  {Id=fa8a8f40-2835-48fb-91aa-2df7ab3b1049,FirstNumber=318,secondNumber=1379}  added by thread pool-3-thread-6
 message  {Id=fa8a8f40-2835-48fb-91aa-2df7ab3b1049,FirstNumber=318,secondNumber=1379}  written to file by thread pool-3-thread-3
 message  {Id=7294f837-5d36-4037-b517-7032450da99c,FirstNumber=831,secondNumber=1059}  added by thread pool-3-thread-6
 message  {Id=7294f837-5d36-4037-b517-7032450da99c,FirstNumber=831,secondNumber=1059}  written to file by thread pool-3-thread-3
 message  {Id=b06828a5-ddd2-4009-b8f9-837741fbb144,FirstNumber=280,secondNumber=1923}  added by thread pool-3-thread-6
 message  {Id=b06828a5-ddd2-4009-b8f9-837741fbb144,FirstNumber=280,secondNumber=1923}  written to file by thread pool-3-thread-5
 message  {Id=03d0e7e4-47e4-41a8-92fb-d32385d2bcc0,FirstNumber=877,secondNumber=1463}  added by thread pool-3-thread-6
 message  {Id=03d0e7e4-47e4-41a8-92fb-d32385d2bcc0,FirstNumber=877,secondNumber=1463}  written to file by thread pool-3-thread-5
 message  {Id=b079dc72-1115-49ba-8d21-1ac8eddece8c,FirstNumber=146,secondNumber=139}  added by thread pool-3-thread-6
 message  {Id=b079dc72-1115-49ba-8d21-1ac8eddece8c,FirstNumber=146,secondNumber=139}  written to file by thread pool-3-thread-5
 message  {Id=a46283ee-bdbb-45b3-8c4c-e70433541f61,FirstNumber=890,secondNumber=1219}  added by thread pool-3-thread-6
 message  {Id=a46283ee-bdbb-45b3-8c4c-e70433541f61,FirstNumber=890,secondNumber=1219}  written to file by thread pool-3-thread-4
 message  {Id=9dc6b4b1-10f1-4a24-b1cd-8dbf98992576,FirstNumber=112,secondNumber=1165}  added by thread pool-3-thread-6
 message  {Id=9dc6b4b1-10f1-4a24-b1cd-8dbf98992576,FirstNumber=112,secondNumber=1165}  written to file by thread pool-3-thread-3
 message  {Id=f46dce1c-b8e0-4f98-a87f-1626b49c02ab,FirstNumber=332,secondNumber=1662}  added by thread pool-3-thread-6
 message  {Id=f46dce1c-b8e0-4f98-a87f-1626b49c02ab,FirstNumber=332,secondNumber=1662}  written to file by thread pool-3-thread-3
 message  {Id=2b320967-6b93-486a-992e-c7d3c5daded7,FirstNumber=798,secondNumber=1988}  added by thread pool-3-thread-6
 message  {Id=2b320967-6b93-486a-992e-c7d3c5daded7,FirstNumber=798,secondNumber=1988}  written to file by thread pool-3-thread-1
 message  {Id=e5997a5e-5983-4487-b13a-cf692c74b03d,FirstNumber=447,secondNumber=246}  added by thread pool-3-thread-6
 message  {Id=e5997a5e-5983-4487-b13a-cf692c74b03d,FirstNumber=447,secondNumber=246}  written to file by thread pool-3-thread-5
 message  {Id=9d834e41-4257-4a02-bf89-10aeb3201323,FirstNumber=769,secondNumber=664}  added by thread pool-3-thread-6
 message  {Id=9d834e41-4257-4a02-bf89-10aeb3201323,FirstNumber=769,secondNumber=664}  written to file by thread pool-3-thread-4
 message  {Id=29799154-98d3-4fdc-81d0-2c1271b40a25,FirstNumber=420,secondNumber=1257}  added by thread pool-3-thread-6
 message  {Id=29799154-98d3-4fdc-81d0-2c1271b40a25,FirstNumber=420,secondNumber=1257}  written to file by thread pool-3-thread-4
 message  {Id=7c75ea30-582e-43d1-aed7-4f0ed7d3f1a0,FirstNumber=420,secondNumber=866}  added by thread pool-3-thread-6
 message  {Id=7c75ea30-582e-43d1-aed7-4f0ed7d3f1a0,FirstNumber=420,secondNumber=866}  written to file by thread pool-3-thread-3
 message  {Id=2e8dfdf5-a143-4617-aa0b-d56f67c1f473,FirstNumber=731,secondNumber=740}  added by thread pool-3-thread-6
 message  {Id=2e8dfdf5-a143-4617-aa0b-d56f67c1f473,FirstNumber=731,secondNumber=740}  written to file by thread pool-3-thread-3
 message  {Id=49f7e3fe-c047-418f-b53d-dd1082c021ae,FirstNumber=603,secondNumber=1366}  added by thread pool-3-thread-6
 message  {Id=49f7e3fe-c047-418f-b53d-dd1082c021ae,FirstNumber=603,secondNumber=1366}  written to file by thread pool-3-thread-5
 message  {Id=ca3181d4-0e6c-4320-809f-0880bd42cfa8,FirstNumber=704,secondNumber=1646}  added by thread pool-3-thread-6
 message  {Id=ca3181d4-0e6c-4320-809f-0880bd42cfa8,FirstNumber=704,secondNumber=1646}  written to file by thread pool-3-thread-2
 message  {Id=953cbf34-6fa8-462f-89dc-741764f9593b,FirstNumber=864,secondNumber=1906}  added by thread pool-3-thread-6
 message  {Id=953cbf34-6fa8-462f-89dc-741764f9593b,FirstNumber=864,secondNumber=1906}  written to file by thread pool-3-thread-4
 message  {Id=54eb5832-477f-4655-bbcc-a3f41e5508f5,FirstNumber=486,secondNumber=336}  added by thread pool-3-thread-6
 message  {Id=54eb5832-477f-4655-bbcc-a3f41e5508f5,FirstNumber=486,secondNumber=336}  written to file by thread pool-3-thread-4
 message  {Id=94d1a077-b045-4ecb-b2e8-7a208d6faec2,FirstNumber=450,secondNumber=1264}  added by thread pool-3-thread-6
 message  {Id=94d1a077-b045-4ecb-b2e8-7a208d6faec2,FirstNumber=450,secondNumber=1264}  written to file by thread pool-3-thread-3
 message  {Id=c11a0bd1-dbc4-4b52-b86c-158c16a790c5,FirstNumber=886,secondNumber=1845}  added by thread pool-3-thread-6
 message  {Id=c11a0bd1-dbc4-4b52-b86c-158c16a790c5,FirstNumber=886,secondNumber=1845}  written to file by thread pool-3-thread-5
 message  {Id=b162323c-5927-428e-a86e-652510b61483,FirstNumber=101,secondNumber=1373}  added by thread pool-3-thread-6
 message  {Id=b162323c-5927-428e-a86e-652510b61483,FirstNumber=101,secondNumber=1373}  written to file by thread pool-3-thread-2
 message  {Id=7f4d1444-6cd7-4c63-a147-68ec645dabfe,FirstNumber=300,secondNumber=1611}  added by thread pool-3-thread-6
 message  {Id=7f4d1444-6cd7-4c63-a147-68ec645dabfe,FirstNumber=300,secondNumber=1611}  written to file by thread pool-3-thread-2
 message  {Id=c785ba99-507f-4c5c-8d1f-79861f6c35b8,FirstNumber=495,secondNumber=1286}  added by thread pool-3-thread-6
 message  {Id=c785ba99-507f-4c5c-8d1f-79861f6c35b8,FirstNumber=495,secondNumber=1286}  written to file by thread pool-3-thread-4
 message  {Id=415cfe2e-7586-4868-963c-5c07bab7dc48,FirstNumber=293,secondNumber=1471}  added by thread pool-3-thread-6
 message  {Id=415cfe2e-7586-4868-963c-5c07bab7dc48,FirstNumber=293,secondNumber=1471}  written to file by thread pool-3-thread-4
 message  {Id=e1a630d6-3e98-451e-a168-374f803f316e,FirstNumber=613,secondNumber=338}  added by thread pool-3-thread-6
 message  {Id=e1a630d6-3e98-451e-a168-374f803f316e,FirstNumber=613,secondNumber=338}  written to file by thread pool-3-thread-5
 message  {Id=1cbbc397-fe52-4a90-8920-e37d52e73887,FirstNumber=660,secondNumber=1786}  added by thread pool-3-thread-6
 message  {Id=1cbbc397-fe52-4a90-8920-e37d52e73887,FirstNumber=660,secondNumber=1786}  written to file by thread pool-3-thread-5
 message  {Id=7b4af47c-c046-4846-b67f-f667f6a90fe1,FirstNumber=612,secondNumber=672}  added by thread pool-3-thread-6
 message  {Id=7b4af47c-c046-4846-b67f-f667f6a90fe1,FirstNumber=612,secondNumber=672}  written to file by thread pool-3-thread-2
 message  {Id=8b39902f-c1f4-4701-927f-6710f4e7b7ea,FirstNumber=908,secondNumber=1465}  added by thread pool-3-thread-6
 message  {Id=8b39902f-c1f4-4701-927f-6710f4e7b7ea,FirstNumber=908,secondNumber=1465}  written to file by thread pool-3-thread-2
 message  {Id=3d99fd9b-6a49-4249-8701-5368716e2ca7,FirstNumber=573,secondNumber=1265}  added by thread pool-3-thread-6
 message  {Id=3d99fd9b-6a49-4249-8701-5368716e2ca7,FirstNumber=573,secondNumber=1265}  written to file by thread pool-3-thread-4
 message  {Id=fd676a30-b2cb-42b1-a6e6-0ad10cc062fe,FirstNumber=455,secondNumber=110}  added by thread pool-3-thread-6
 message  {Id=fd676a30-b2cb-42b1-a6e6-0ad10cc062fe,FirstNumber=455,secondNumber=110}  written to file by thread pool-3-thread-1
 message  {Id=15b460d7-c0ed-4b52-b39a-908e81482d62,FirstNumber=896,secondNumber=1004}  added by thread pool-3-thread-6
 message  {Id=15b460d7-c0ed-4b52-b39a-908e81482d62,FirstNumber=896,secondNumber=1004}  written to file by thread pool-3-thread-5
 message  {Id=1a6171ce-bc5f-4bd6-955c-a238a07c66e8,FirstNumber=827,secondNumber=1201}  added by thread pool-3-thread-6
 message  {Id=1a6171ce-bc5f-4bd6-955c-a238a07c66e8,FirstNumber=827,secondNumber=1201}  written to file by thread pool-3-thread-5
 message  {Id=ed3108b8-8852-4368-9d54-c60557be4ada,FirstNumber=846,secondNumber=721}  added by thread pool-3-thread-6
 message  {Id=ed3108b8-8852-4368-9d54-c60557be4ada,FirstNumber=846,secondNumber=721}  written to file by thread pool-3-thread-2
 message  {Id=467d2097-84e2-41c8-b835-75277d9028e1,FirstNumber=451,secondNumber=1384}  added by thread pool-3-thread-6
 message  {Id=467d2097-84e2-41c8-b835-75277d9028e1,FirstNumber=451,secondNumber=1384}  written to file by thread pool-3-thread-2
 message  {Id=9242fdb4-b8d3-4e39-957a-4390fea95145,FirstNumber=656,secondNumber=1456}  added by thread pool-3-thread-6
 message  {Id=9242fdb4-b8d3-4e39-957a-4390fea95145,FirstNumber=656,secondNumber=1456}  written to file by thread pool-3-thread-1
 message  {Id=3f32638a-0fd1-4f92-97f7-634f53cf15f4,FirstNumber=977,secondNumber=1799}  added by thread pool-3-thread-6
 message  {Id=3f32638a-0fd1-4f92-97f7-634f53cf15f4,FirstNumber=977,secondNumber=1799}  written to file by thread pool-3-thread-1
 message  {Id=2c9e2e73-c64c-4daf-91a1-38ae220903f8,FirstNumber=466,secondNumber=1661}  added by thread pool-3-thread-6
 message  {Id=2c9e2e73-c64c-4daf-91a1-38ae220903f8,FirstNumber=466,secondNumber=1661}  written to file by thread pool-3-thread-5
 message  {Id=546baba1-0ce9-4205-acdb-6c952f67edb3,FirstNumber=775,secondNumber=1924}  added by thread pool-3-thread-6
 message  {Id=546baba1-0ce9-4205-acdb-6c952f67edb3,FirstNumber=775,secondNumber=1924}  written to file by thread pool-3-thread-4
 message  {Id=9657f02a-bc17-44c4-a6c1-bc8bfac3e540,FirstNumber=71,secondNumber=461}  added by thread pool-3-thread-6
 message  {Id=9657f02a-bc17-44c4-a6c1-bc8bfac3e540,FirstNumber=71,secondNumber=461}  written to file by thread pool-3-thread-4
 message  {Id=d759672c-0fcb-49ce-8911-21b5afe87656,FirstNumber=767,secondNumber=407}  added by thread pool-3-thread-6
 message  {Id=d759672c-0fcb-49ce-8911-21b5afe87656,FirstNumber=767,secondNumber=407}  written to file by thread pool-3-thread-4
 message  {Id=541717e9-f928-4b32-a07f-a53d95d93fb3,FirstNumber=591,secondNumber=1490}  added by thread pool-3-thread-6
 message  {Id=541717e9-f928-4b32-a07f-a53d95d93fb3,FirstNumber=591,secondNumber=1490}  written to file by thread pool-3-thread-1
 message  {Id=8fe9a11a-5082-45b4-bcff-8d08524fc2fd,FirstNumber=679,secondNumber=1760}  added by thread pool-3-thread-6
 message  {Id=8fe9a11a-5082-45b4-bcff-8d08524fc2fd,FirstNumber=679,secondNumber=1760}  written to file by thread pool-3-thread-1
 message  {Id=054b2c09-1179-4a0f-83b0-2a90a13ab4c0,FirstNumber=486,secondNumber=900}  added by thread pool-3-thread-6
 message  {Id=054b2c09-1179-4a0f-83b0-2a90a13ab4c0,FirstNumber=486,secondNumber=900}  written to file by thread pool-3-thread-1
 message  {Id=2d7746a1-1528-4e04-acc7-4e78066e99c6,FirstNumber=131,secondNumber=551}  added by thread pool-3-thread-6
 message  {Id=2d7746a1-1528-4e04-acc7-4e78066e99c6,FirstNumber=131,secondNumber=551}  written to file by thread pool-3-thread-3
 message  {Id=f4d13675-b39c-4fb2-ab88-a9a322ff7f64,FirstNumber=493,secondNumber=780}  added by thread pool-3-thread-6
 message  {Id=f4d13675-b39c-4fb2-ab88-a9a322ff7f64,FirstNumber=493,secondNumber=780}  written to file by thread pool-3-thread-3
 message  {Id=f196e2fb-57fb-4606-8fad-2a906f7d03f5,FirstNumber=515,secondNumber=1254}  added by thread pool-3-thread-6
 message  {Id=f196e2fb-57fb-4606-8fad-2a906f7d03f5,FirstNumber=515,secondNumber=1254}  written to file by thread pool-3-thread-5
 message  {Id=86831cff-e4ac-4e92-98fc-61b4e2e8f5e2,FirstNumber=551,secondNumber=539}  added by thread pool-3-thread-6
 message  {Id=86831cff-e4ac-4e92-98fc-61b4e2e8f5e2,FirstNumber=551,secondNumber=539}  written to file by thread pool-3-thread-2
 message  {Id=70c85791-d73d-44b1-87b3-3c99272aa7cf,FirstNumber=893,secondNumber=1437}  added by thread pool-3-thread-6
 message  {Id=70c85791-d73d-44b1-87b3-3c99272aa7cf,FirstNumber=893,secondNumber=1437}  written to file by thread pool-3-thread-2
 message  {Id=8e679909-d58c-4db1-b45d-a62507190a64,FirstNumber=544,secondNumber=1985}  added by thread pool-3-thread-6
 message  {Id=8e679909-d58c-4db1-b45d-a62507190a64,FirstNumber=544,secondNumber=1985}  written to file by thread pool-3-thread-4
 message  {Id=ce084d7f-6c58-4130-ba90-1a1c7554145f,FirstNumber=582,secondNumber=1194}  added by thread pool-3-thread-6
 message  {Id=ce084d7f-6c58-4130-ba90-1a1c7554145f,FirstNumber=582,secondNumber=1194}  written to file by thread pool-3-thread-3
 message  {Id=238cff34-40d7-4cfe-a913-c8718cb2cc73,FirstNumber=869,secondNumber=41}  added by thread pool-3-thread-6
 message  {Id=238cff34-40d7-4cfe-a913-c8718cb2cc73,FirstNumber=869,secondNumber=41}  written to file by thread pool-3-thread-5
 message  {Id=724e378f-52b5-4d93-85da-1ade9fd8846f,FirstNumber=257,secondNumber=534}  added by thread pool-3-thread-6
 message  {Id=724e378f-52b5-4d93-85da-1ade9fd8846f,FirstNumber=257,secondNumber=534}  written to file by thread pool-3-thread-5
 message  {Id=53c96755-be56-4f71-8edc-8d3e286d2bcb,FirstNumber=313,secondNumber=218}  added by thread pool-3-thread-6
 message  {Id=53c96755-be56-4f71-8edc-8d3e286d2bcb,FirstNumber=313,secondNumber=218}  written to file by thread pool-3-thread-2
 message  {Id=294d2aff-a310-4c38-8847-f6e70536104f,FirstNumber=958,secondNumber=1880}  added by thread pool-3-thread-6
 message  {Id=294d2aff-a310-4c38-8847-f6e70536104f,FirstNumber=958,secondNumber=1880}  written to file by thread pool-3-thread-2
 message  {Id=036fc892-bd53-4821-8d80-89fb10cfffd0,FirstNumber=718,secondNumber=1688}  added by thread pool-3-thread-6
 message  {Id=036fc892-bd53-4821-8d80-89fb10cfffd0,FirstNumber=718,secondNumber=1688}  written to file by thread pool-3-thread-3
 message  {Id=d1b02c28-7dfa-4e42-acb9-e211c715b38f,FirstNumber=954,secondNumber=1340}  added by thread pool-3-thread-6
 message  {Id=d1b02c28-7dfa-4e42-acb9-e211c715b38f,FirstNumber=954,secondNumber=1340}  written to file by thread pool-3-thread-1
 message  {Id=61020a45-84a5-4298-9dc1-e728cbec4b55,FirstNumber=940,secondNumber=93}  added by thread pool-3-thread-6
 message  {Id=61020a45-84a5-4298-9dc1-e728cbec4b55,FirstNumber=940,secondNumber=93}  written to file by thread pool-3-thread-5
 message  {Id=2b5c9c14-2752-4dc5-8d16-44c9b144d1d0,FirstNumber=4,secondNumber=1955}  added by thread pool-3-thread-6
 message  {Id=2b5c9c14-2752-4dc5-8d16-44c9b144d1d0,FirstNumber=4,secondNumber=1955}  written to file by thread pool-3-thread-4
 message  {Id=daa01f55-fe49-42eb-bd07-c546f809e23d,FirstNumber=172,secondNumber=1533}  added by thread pool-3-thread-6
 message  {Id=daa01f55-fe49-42eb-bd07-c546f809e23d,FirstNumber=172,secondNumber=1533}  written to file by thread pool-3-thread-2
 message  {Id=0ad98cc0-3bcb-4a95-8da0-af2a708c7537,FirstNumber=158,secondNumber=734}  added by thread pool-3-thread-6
 message  {Id=0ad98cc0-3bcb-4a95-8da0-af2a708c7537,FirstNumber=158,secondNumber=734}  written to file by thread pool-3-thread-3
 message  {Id=22ab152b-81bc-475e-a766-b26fe5c61962,FirstNumber=194,secondNumber=1678}  added by thread pool-3-thread-6
 message  {Id=22ab152b-81bc-475e-a766-b26fe5c61962,FirstNumber=194,secondNumber=1678}  written to file by thread pool-3-thread-1
 message  {Id=f07c3a56-6f65-4ac4-abbc-69170415406e,FirstNumber=28,secondNumber=116}  added by thread pool-3-thread-6
 message  {Id=f07c3a56-6f65-4ac4-abbc-69170415406e,FirstNumber=28,secondNumber=116}  written to file by thread pool-3-thread-1
 message  {Id=6c0d6f77-7ed2-482b-993d-16f77ea98894,FirstNumber=501,secondNumber=1024}  added by thread pool-3-thread-6
 message  {Id=6c0d6f77-7ed2-482b-993d-16f77ea98894,FirstNumber=501,secondNumber=1024}  written to file by thread pool-3-thread-4
 message  {Id=203d89b9-75eb-4df8-bb1f-a13618a1cc59,FirstNumber=901,secondNumber=1599}  added by thread pool-3-thread-6
 message  {Id=203d89b9-75eb-4df8-bb1f-a13618a1cc59,FirstNumber=901,secondNumber=1599}  written to file by thread pool-3-thread-2
 message  {Id=367a6067-8378-4894-94d2-055a25b58294,FirstNumber=990,secondNumber=801}  added by thread pool-3-thread-6
 message  {Id=367a6067-8378-4894-94d2-055a25b58294,FirstNumber=990,secondNumber=801}  written to file by thread pool-3-thread-3
 message  {Id=b6744ab3-3628-4733-8973-181934cd6a82,FirstNumber=389,secondNumber=524}  added by thread pool-3-thread-6
 message  {Id=b6744ab3-3628-4733-8973-181934cd6a82,FirstNumber=389,secondNumber=524}  written to file by thread pool-3-thread-5
 message  {Id=cbc33d99-013c-4ff3-b96a-15107387ed47,FirstNumber=49,secondNumber=167}  added by thread pool-3-thread-6
 message  {Id=cbc33d99-013c-4ff3-b96a-15107387ed47,FirstNumber=49,secondNumber=167}  written to file by thread pool-3-thread-5
 message  {Id=eda773aa-fc4e-4736-b8a0-93dbfc4bf2b5,FirstNumber=225,secondNumber=696}  added by thread pool-3-thread-6
 message  {Id=eda773aa-fc4e-4736-b8a0-93dbfc4bf2b5,FirstNumber=225,secondNumber=696}  written to file by thread pool-3-thread-4
 message  {Id=97c857c2-e9d8-4bbe-9444-1771beaee995,FirstNumber=792,secondNumber=108}  added by thread pool-3-thread-6
 message  {Id=97c857c2-e9d8-4bbe-9444-1771beaee995,FirstNumber=792,secondNumber=108}  written to file by thread pool-3-thread-2
 message  {Id=95e35953-2d32-4403-955c-5ebf6a5194c0,FirstNumber=924,secondNumber=1137}  added by thread pool-3-thread-6
 message  {Id=95e35953-2d32-4403-955c-5ebf6a5194c0,FirstNumber=924,secondNumber=1137}  written to file by thread pool-3-thread-3
 message  {Id=935988b8-e314-4dc6-a1a9-4968bd1425b3,FirstNumber=643,secondNumber=691}  added by thread pool-3-thread-6
 message  {Id=935988b8-e314-4dc6-a1a9-4968bd1425b3,FirstNumber=643,secondNumber=691}  written to file by thread pool-3-thread-1
 message  {Id=bad1ed50-117a-4ba8-a3db-611dd4b8a3b2,FirstNumber=90,secondNumber=616}  added by thread pool-3-thread-6
 message  {Id=bad1ed50-117a-4ba8-a3db-611dd4b8a3b2,FirstNumber=90,secondNumber=616}  written to file by thread pool-3-thread-5
 message  {Id=1b467c77-5b87-43d5-821c-14be84de34c3,FirstNumber=934,secondNumber=1406}  added by thread pool-3-thread-6
 message  {Id=1b467c77-5b87-43d5-821c-14be84de34c3,FirstNumber=934,secondNumber=1406}  written to file by thread pool-3-thread-4
 message  {Id=be0cf4dd-3252-45fe-98ce-107a7cb10ac0,FirstNumber=215,secondNumber=668}  added by thread pool-3-thread-6
 message  {Id=be0cf4dd-3252-45fe-98ce-107a7cb10ac0,FirstNumber=215,secondNumber=668}  written to file by thread pool-3-thread-4
 message  {Id=066966aa-762e-45ce-aa03-b7776af6e86b,FirstNumber=733,secondNumber=1271}  added by thread pool-3-thread-6
 message  {Id=066966aa-762e-45ce-aa03-b7776af6e86b,FirstNumber=733,secondNumber=1271}  written to file by thread pool-3-thread-3
 message  {Id=cfe34c32-ab67-49a6-8657-385014f51057,FirstNumber=506,secondNumber=130}  added by thread pool-3-thread-6
 message  {Id=cfe34c32-ab67-49a6-8657-385014f51057,FirstNumber=506,secondNumber=130}  written to file by thread pool-3-thread-3
 message  {Id=c943c4e5-23cb-44f6-87b2-170056a5d8d3,FirstNumber=25,secondNumber=1800}  added by thread pool-3-thread-6
 message  {Id=c943c4e5-23cb-44f6-87b2-170056a5d8d3,FirstNumber=25,secondNumber=1800}  written to file by thread pool-3-thread-5
 message  {Id=3512f493-9a2b-41bc-825d-1e76629928d8,FirstNumber=236,secondNumber=728}  added by thread pool-3-thread-6
 message  {Id=3512f493-9a2b-41bc-825d-1e76629928d8,FirstNumber=236,secondNumber=728}  written to file by thread pool-3-thread-5
 message  {Id=bc60be4a-34fd-4c6f-bb6c-996eec267818,FirstNumber=896,secondNumber=1505}  added by thread pool-3-thread-6
 message  {Id=bc60be4a-34fd-4c6f-bb6c-996eec267818,FirstNumber=896,secondNumber=1505}  written to file by thread pool-3-thread-4
 message  {Id=1c07c8d7-569c-4af0-91f7-5f6dde99a3fa,FirstNumber=739,secondNumber=1929}  added by thread pool-3-thread-6
 message  {Id=1c07c8d7-569c-4af0-91f7-5f6dde99a3fa,FirstNumber=739,secondNumber=1929}  written to file by thread pool-3-thread-1
 message  {Id=9df074b5-64bf-40eb-8659-142511fee334,FirstNumber=661,secondNumber=870}  added by thread pool-3-thread-6
 message  {Id=9df074b5-64bf-40eb-8659-142511fee334,FirstNumber=661,secondNumber=870}  written to file by thread pool-3-thread-3
 message  {Id=d6eff2db-8a6b-4f4d-bfb0-daadbf36330a,FirstNumber=760,secondNumber=1359}  added by thread pool-3-thread-6
 message  {Id=d6eff2db-8a6b-4f4d-bfb0-daadbf36330a,FirstNumber=760,secondNumber=1359}  written to file by thread pool-3-thread-2
 message  {Id=d93066b0-a316-41ea-82c1-91d044d7975e,FirstNumber=118,secondNumber=1081}  added by thread pool-3-thread-6
 message  {Id=d93066b0-a316-41ea-82c1-91d044d7975e,FirstNumber=118,secondNumber=1081}  written to file by thread pool-3-thread-5
 message  {Id=0852049e-1519-4ac7-adf4-e8c103da71c5,FirstNumber=811,secondNumber=857}  added by thread pool-3-thread-6
 message  {Id=0852049e-1519-4ac7-adf4-e8c103da71c5,FirstNumber=811,secondNumber=857}  written to file by thread pool-3-thread-5
 message  {Id=ca8e889e-fbc3-409d-95b5-f22c6db2e8e8,FirstNumber=926,secondNumber=83}  added by thread pool-3-thread-6
 message  {Id=ca8e889e-fbc3-409d-95b5-f22c6db2e8e8,FirstNumber=926,secondNumber=83}  written to file by thread pool-3-thread-1
 message  {Id=0911ea43-9659-4646-8e83-a310ee1527b6,FirstNumber=733,secondNumber=70}  added by thread pool-3-thread-6
 message  {Id=0911ea43-9659-4646-8e83-a310ee1527b6,FirstNumber=733,secondNumber=70}  written to file by thread pool-3-thread-1
 message  {Id=ebac47ca-f16c-4eb8-8575-93ac870cc18b,FirstNumber=682,secondNumber=1013}  added by thread pool-3-thread-6
 message  {Id=ebac47ca-f16c-4eb8-8575-93ac870cc18b,FirstNumber=682,secondNumber=1013}  written to file by thread pool-3-thread-2
 message  {Id=68767592-2fed-4f78-9688-23eb135e0636,FirstNumber=239,secondNumber=1315}  added by thread pool-3-thread-6
 message  {Id=68767592-2fed-4f78-9688-23eb135e0636,FirstNumber=239,secondNumber=1315}  written to file by thread pool-3-thread-2
 message  {Id=461dbd59-bfa4-475d-9465-a6b3173abdc7,FirstNumber=952,secondNumber=1276}  added by thread pool-3-thread-6
 message  {Id=461dbd59-bfa4-475d-9465-a6b3173abdc7,FirstNumber=952,secondNumber=1276}  written to file by thread pool-3-thread-5
 message  {Id=5a6008a7-5be2-4f78-a0a0-f438842d69f3,FirstNumber=624,secondNumber=1476}  added by thread pool-3-thread-6
 message  {Id=5a6008a7-5be2-4f78-a0a0-f438842d69f3,FirstNumber=624,secondNumber=1476}  written to file by thread pool-3-thread-3
 message  {Id=587b6705-fe3e-49c2-a0b7-e6dd553f748c,FirstNumber=295,secondNumber=1459}  added by thread pool-3-thread-6
 message  {Id=587b6705-fe3e-49c2-a0b7-e6dd553f748c,FirstNumber=295,secondNumber=1459}  written to file by thread pool-3-thread-1
 message  {Id=c922a629-48ec-4a6e-9f93-b5f9477f5cc7,FirstNumber=368,secondNumber=966}  added by thread pool-3-thread-6
 message  {Id=c922a629-48ec-4a6e-9f93-b5f9477f5cc7,FirstNumber=368,secondNumber=966}  written to file by thread pool-3-thread-1
 message  {Id=2e75741e-be53-44b7-8459-e75c106554b8,FirstNumber=793,secondNumber=1024}  added by thread pool-3-thread-6
 message  {Id=2e75741e-be53-44b7-8459-e75c106554b8,FirstNumber=793,secondNumber=1024}  written to file by thread pool-3-thread-2
 message  {Id=f9f0117b-2650-4cc1-9350-c97b8476dcbd,FirstNumber=842,secondNumber=1052}  added by thread pool-3-thread-6
 message  {Id=f9f0117b-2650-4cc1-9350-c97b8476dcbd,FirstNumber=842,secondNumber=1052}  written to file by thread pool-3-thread-2
 message  {Id=d7b6bf38-1902-4d2c-93ba-7aa88e9e2443,FirstNumber=727,secondNumber=75}  added by thread pool-3-thread-6
 message  {Id=d7b6bf38-1902-4d2c-93ba-7aa88e9e2443,FirstNumber=727,secondNumber=75}  written to file by thread pool-3-thread-3
 message  {Id=e52e7480-e258-48b1-bcc7-f8d04f3342e1,FirstNumber=880,secondNumber=591}  added by thread pool-3-thread-6
 message  {Id=e52e7480-e258-48b1-bcc7-f8d04f3342e1,FirstNumber=880,secondNumber=591}  written to file by thread pool-3-thread-4
 message  {Id=176fdfd6-c5ed-4a04-b51b-5257618576f2,FirstNumber=710,secondNumber=295}  added by thread pool-3-thread-6
 message  {Id=176fdfd6-c5ed-4a04-b51b-5257618576f2,FirstNumber=710,secondNumber=295}  written to file by thread pool-3-thread-1
 message  {Id=188fa45c-b39b-41c1-a250-f241685ca858,FirstNumber=847,secondNumber=1318}  added by thread pool-3-thread-6
 message  {Id=188fa45c-b39b-41c1-a250-f241685ca858,FirstNumber=847,secondNumber=1318}  written to file by thread pool-3-thread-1
 message  {Id=58bf10da-ff0d-49f2-9ad9-b7dea9628738,FirstNumber=376,secondNumber=1672}  added by thread pool-3-thread-6
 message  {Id=58bf10da-ff0d-49f2-9ad9-b7dea9628738,FirstNumber=376,secondNumber=1672}  written to file by thread pool-3-thread-2
 message  {Id=67c3c7de-2d6c-4914-8db7-9e56e3883fa6,FirstNumber=348,secondNumber=1015}  added by thread pool-3-thread-6
 message  {Id=67c3c7de-2d6c-4914-8db7-9e56e3883fa6,FirstNumber=348,secondNumber=1015}  written to file by thread pool-3-thread-3
 message  {Id=68f557eb-c8c8-4e0d-bd99-eb3d7a4f1ed2,FirstNumber=65,secondNumber=609}  added by thread pool-3-thread-6
 message  {Id=68f557eb-c8c8-4e0d-bd99-eb3d7a4f1ed2,FirstNumber=65,secondNumber=609}  written to file by thread pool-3-thread-4
 message  {Id=44580ead-d41a-40d6-bfa1-ff200edd0fdf,FirstNumber=228,secondNumber=768}  added by thread pool-3-thread-6
 message  {Id=44580ead-d41a-40d6-bfa1-ff200edd0fdf,FirstNumber=228,secondNumber=768}  written to file by thread pool-3-thread-5
 message  {Id=e93aff19-cef1-4370-815f-168af9fa1646,FirstNumber=232,secondNumber=1314}  added by thread pool-3-thread-6
 message  {Id=e93aff19-cef1-4370-815f-168af9fa1646,FirstNumber=232,secondNumber=1314}  written to file by thread pool-3-thread-1
 message  {Id=f34c8a7b-ed09-401e-936b-f67e7b19c97e,FirstNumber=149,secondNumber=1634}  added by thread pool-3-thread-6
 message  {Id=f34c8a7b-ed09-401e-936b-f67e7b19c97e,FirstNumber=149,secondNumber=1634}  written to file by thread pool-3-thread-1
 message  {Id=e7932ff1-4249-4062-afa3-7321c177e861,FirstNumber=466,secondNumber=548}  added by thread pool-3-thread-6
 message  {Id=e7932ff1-4249-4062-afa3-7321c177e861,FirstNumber=466,secondNumber=548}  written to file by thread pool-3-thread-3
 message  {Id=28530d0b-ce51-4116-ad98-c636a67b716b,FirstNumber=164,secondNumber=901}  added by thread pool-3-thread-6
 message  {Id=28530d0b-ce51-4116-ad98-c636a67b716b,FirstNumber=164,secondNumber=901}  written to file by thread pool-3-thread-3
 message  {Id=dbd65fca-eb77-4713-b853-78157a918bfe,FirstNumber=996,secondNumber=811}  added by thread pool-3-thread-6
 message  {Id=dbd65fca-eb77-4713-b853-78157a918bfe,FirstNumber=996,secondNumber=811}  written to file by thread pool-3-thread-5
 message  {Id=cc701100-c10d-4945-a758-771a856d40c8,FirstNumber=465,secondNumber=6}  added by thread pool-3-thread-6
 message  {Id=cc701100-c10d-4945-a758-771a856d40c8,FirstNumber=465,secondNumber=6}  written to file by thread pool-3-thread-5
 message  {Id=29223fc7-bbc7-41cf-998a-17012c73cb7f,FirstNumber=320,secondNumber=77}  added by thread pool-3-thread-6
 message  {Id=29223fc7-bbc7-41cf-998a-17012c73cb7f,FirstNumber=320,secondNumber=77}  written to file by thread pool-3-thread-1
 message  {Id=938ff3ba-b02b-42a2-962b-158929144a53,FirstNumber=801,secondNumber=1299}  added by thread pool-3-thread-6
 message  {Id=938ff3ba-b02b-42a2-962b-158929144a53,FirstNumber=801,secondNumber=1299}  written to file by thread pool-3-thread-4
 message  {Id=b97a7da3-1aa9-4d9a-9859-76e92b25e2f1,FirstNumber=2,secondNumber=1555}  added by thread pool-3-thread-6
 message  {Id=b97a7da3-1aa9-4d9a-9859-76e92b25e2f1,FirstNumber=2,secondNumber=1555}  written to file by thread pool-3-thread-4
 message  {Id=f8e25f50-3505-4bc6-819d-81ff13a704cd,FirstNumber=389,secondNumber=1075}  added by thread pool-3-thread-6
 message  {Id=f8e25f50-3505-4bc6-819d-81ff13a704cd,FirstNumber=389,secondNumber=1075}  written to file by thread pool-3-thread-2
 message  {Id=0787e48f-7089-404f-8b51-fc27230416e1,FirstNumber=964,secondNumber=1415}  added by thread pool-3-thread-6
 message  {Id=0787e48f-7089-404f-8b51-fc27230416e1,FirstNumber=964,secondNumber=1415}  written to file by thread pool-3-thread-5
 message  {Id=a5d165c8-7d17-48c7-be65-11ff3ab64bb2,FirstNumber=608,secondNumber=1309}  added by thread pool-3-thread-6
 message  {Id=a5d165c8-7d17-48c7-be65-11ff3ab64bb2,FirstNumber=608,secondNumber=1309}  written to file by thread pool-3-thread-5
 message  {Id=8afafcd5-9f83-47e1-9ff6-466521a3e3b7,FirstNumber=390,secondNumber=421}  added by thread pool-3-thread-6
 message  {Id=8afafcd5-9f83-47e1-9ff6-466521a3e3b7,FirstNumber=390,secondNumber=421}  written to file by thread pool-3-thread-3
 message  {Id=6a4be3d6-f5ea-4f3c-9473-62343f421b18,FirstNumber=239,secondNumber=1262}  added by thread pool-3-thread-6
 message  {Id=6a4be3d6-f5ea-4f3c-9473-62343f421b18,FirstNumber=239,secondNumber=1262}  written to file by thread pool-3-thread-3
 message  {Id=2d56ee84-c35a-43b1-abe1-ed7eaa1caa26,FirstNumber=158,secondNumber=604}  added by thread pool-3-thread-6
 message  {Id=2d56ee84-c35a-43b1-abe1-ed7eaa1caa26,FirstNumber=158,secondNumber=604}  written to file by thread pool-3-thread-2
 message  {Id=4476fcff-ab3e-4af6-8acc-310c9701de64,FirstNumber=432,secondNumber=1248}  added by thread pool-3-thread-6
 message  {Id=4476fcff-ab3e-4af6-8acc-310c9701de64,FirstNumber=432,secondNumber=1248}  written to file by thread pool-3-thread-1
 message  {Id=6f45f9af-569b-49d3-80c9-934fae6d9f44,FirstNumber=918,secondNumber=1647}  added by thread pool-3-thread-6
 message  {Id=6f45f9af-569b-49d3-80c9-934fae6d9f44,FirstNumber=918,secondNumber=1647}  written to file by thread pool-3-thread-5
 message  {Id=c72e0098-fe83-4ba0-a6af-6f58faa111e3,FirstNumber=23,secondNumber=1905}  added by thread pool-3-thread-6
 message  {Id=c72e0098-fe83-4ba0-a6af-6f58faa111e3,FirstNumber=23,secondNumber=1905}  written to file by thread pool-3-thread-4
 message  {Id=b30a87cc-7548-43e7-a80f-f3d3c124e981,FirstNumber=962,secondNumber=1608}  added by thread pool-3-thread-6
 message  {Id=b30a87cc-7548-43e7-a80f-f3d3c124e981,FirstNumber=962,secondNumber=1608}  written to file by thread pool-3-thread-3
 message  {Id=75376bf0-258f-4978-a03a-857f2c6433c4,FirstNumber=662,secondNumber=462}  added by thread pool-3-thread-6
 message  {Id=75376bf0-258f-4978-a03a-857f2c6433c4,FirstNumber=662,secondNumber=462}  written to file by thread pool-3-thread-3
 message  {Id=57c2d067-8598-4873-bc78-a54e345c3229,FirstNumber=219,secondNumber=1824}  added by thread pool-3-thread-6
 message  {Id=57c2d067-8598-4873-bc78-a54e345c3229,FirstNumber=219,secondNumber=1824}  written to file by thread pool-3-thread-1
 message  {Id=8c7cfa08-9a2f-4195-b8ce-cdc0e6d40726,FirstNumber=778,secondNumber=20}  added by thread pool-3-thread-6
 message  {Id=8c7cfa08-9a2f-4195-b8ce-cdc0e6d40726,FirstNumber=778,secondNumber=20}  written to file by thread pool-3-thread-1
 message  {Id=8040f2e0-d447-4c67-a324-064eade97024,FirstNumber=802,secondNumber=1977}  added by thread pool-3-thread-6
 message  {Id=8040f2e0-d447-4c67-a324-064eade97024,FirstNumber=802,secondNumber=1977}  written to file by thread pool-3-thread-4
 message  {Id=8782b235-9bac-4cd9-ac7b-09e906dcf448,FirstNumber=238,secondNumber=1160}  added by thread pool-3-thread-6
 message  {Id=8782b235-9bac-4cd9-ac7b-09e906dcf448,FirstNumber=238,secondNumber=1160}  written to file by thread pool-3-thread-4
 message  {Id=2e136e56-099e-48cd-8291-3ae6f91d493c,FirstNumber=752,secondNumber=668}  added by thread pool-3-thread-6
 message  {Id=2e136e56-099e-48cd-8291-3ae6f91d493c,FirstNumber=752,secondNumber=668}  written to file by thread pool-3-thread-3
 message  {Id=7d1ed920-4437-4a1e-ae26-3f28c0f0575a,FirstNumber=14,secondNumber=1303}  added by thread pool-3-thread-6
 message  {Id=7d1ed920-4437-4a1e-ae26-3f28c0f0575a,FirstNumber=14,secondNumber=1303}  written to file by thread pool-3-thread-3
 message  {Id=235e2f21-eca1-4a86-bcf8-0223f194c92f,FirstNumber=203,secondNumber=1608}  added by thread pool-3-thread-6
 message  {Id=235e2f21-eca1-4a86-bcf8-0223f194c92f,FirstNumber=203,secondNumber=1608}  written to file by thread pool-3-thread-1
 message  {Id=dd70649c-651f-47ce-81f3-23693be8e2b0,FirstNumber=553,secondNumber=1124}  added by thread pool-3-thread-6
 message  {Id=dd70649c-651f-47ce-81f3-23693be8e2b0,FirstNumber=553,secondNumber=1124}  written to file by thread pool-3-thread-2
 message  {Id=175afb26-9ed3-4744-a716-854ad338a524,FirstNumber=330,secondNumber=634}  added by thread pool-3-thread-6
 message  {Id=175afb26-9ed3-4744-a716-854ad338a524,FirstNumber=330,secondNumber=634}  written to file by thread pool-3-thread-4
 message  {Id=8949f03a-1a0f-4b35-82a2-b9988368e63e,FirstNumber=67,secondNumber=1052}  added by thread pool-3-thread-6
 message  {Id=8949f03a-1a0f-4b35-82a2-b9988368e63e,FirstNumber=67,secondNumber=1052}  written to file by thread pool-3-thread-4
 message  {Id=33eea318-0133-47ff-a3ca-6007afda3353,FirstNumber=66,secondNumber=1882}  added by thread pool-3-thread-6
 message  {Id=33eea318-0133-47ff-a3ca-6007afda3353,FirstNumber=66,secondNumber=1882}  written to file by thread pool-3-thread-3
 message  {Id=c9940225-3be4-4d13-8063-4e7fea614fdc,FirstNumber=295,secondNumber=902}  added by thread pool-3-thread-6
 message  {Id=c9940225-3be4-4d13-8063-4e7fea614fdc,FirstNumber=295,secondNumber=902}  written to file by thread pool-3-thread-1
 message  {Id=8525ce51-0994-45bc-9c8e-b62465a556eb,FirstNumber=585,secondNumber=1035}  added by thread pool-3-thread-6
 message  {Id=8525ce51-0994-45bc-9c8e-b62465a556eb,FirstNumber=585,secondNumber=1035}  written to file by thread pool-3-thread-1
 message  {Id=e100d154-5319-445f-be4d-05a865a7260b,FirstNumber=615,secondNumber=166}  added by thread pool-3-thread-6
 message  {Id=e100d154-5319-445f-be4d-05a865a7260b,FirstNumber=615,secondNumber=166}  written to file by thread pool-3-thread-5
 message  {Id=39d0e7bd-0f48-40b1-b2f3-86789c91ec1b,FirstNumber=931,secondNumber=1391}  added by thread pool-3-thread-6
 message  {Id=39d0e7bd-0f48-40b1-b2f3-86789c91ec1b,FirstNumber=931,secondNumber=1391}  written to file by thread pool-3-thread-4
 message  {Id=6dbefa25-21ea-4212-8781-a1eed4954b0e,FirstNumber=255,secondNumber=1555}  added by thread pool-3-thread-6
 message  {Id=6dbefa25-21ea-4212-8781-a1eed4954b0e,FirstNumber=255,secondNumber=1555}  written to file by thread pool-3-thread-4
 message  {Id=a1bf146a-490d-4522-9084-4856d17d5b2b,FirstNumber=141,secondNumber=159}  added by thread pool-3-thread-6
 message  {Id=a1bf146a-490d-4522-9084-4856d17d5b2b,FirstNumber=141,secondNumber=159}  written to file by thread pool-3-thread-2
 message  {Id=d41a8bfb-d8ae-4e23-aa39-75180a9068ab,FirstNumber=191,secondNumber=1368}  added by thread pool-3-thread-6
 message  {Id=d41a8bfb-d8ae-4e23-aa39-75180a9068ab,FirstNumber=191,secondNumber=1368}  written to file by thread pool-3-thread-1
 message  {Id=57765d25-5273-4652-b70c-08655afc5501,FirstNumber=553,secondNumber=1407}  added by thread pool-3-thread-6
 message  {Id=57765d25-5273-4652-b70c-08655afc5501,FirstNumber=553,secondNumber=1407}  written to file by thread pool-3-thread-5
 message  {Id=4e0a1386-5f02-4fd1-8361-f0bbb120c84f,FirstNumber=753,secondNumber=1665}  added by thread pool-3-thread-6
 message  {Id=4e0a1386-5f02-4fd1-8361-f0bbb120c84f,FirstNumber=753,secondNumber=1665}  written to file by thread pool-3-thread-5
 message  {Id=2a713327-5eb2-4ec5-b7f3-1528ecad5159,FirstNumber=123,secondNumber=1533}  added by thread pool-3-thread-6
 message  {Id=2a713327-5eb2-4ec5-b7f3-1528ecad5159,FirstNumber=123,secondNumber=1533}  written to file by thread pool-3-thread-4
 message  {Id=82866a19-3292-4320-a590-df64323657f4,FirstNumber=50,secondNumber=708}  added by thread pool-3-thread-6
 message  {Id=82866a19-3292-4320-a590-df64323657f4,FirstNumber=50,secondNumber=708}  written to file by thread pool-3-thread-4
 message  {Id=58429d09-a833-412a-b7c1-64cb4610a576,FirstNumber=424,secondNumber=776}  added by thread pool-3-thread-6
 message  {Id=58429d09-a833-412a-b7c1-64cb4610a576,FirstNumber=424,secondNumber=776}  written to file by thread pool-3-thread-1
 message  {Id=dbf9fc37-34c3-4610-8013-0a0a5faf9f7f,FirstNumber=592,secondNumber=815}  added by thread pool-3-thread-6
 message  {Id=dbf9fc37-34c3-4610-8013-0a0a5faf9f7f,FirstNumber=592,secondNumber=815}  written to file by thread pool-3-thread-1
 message  {Id=eaadc913-de87-4508-aa23-7de417078afe,FirstNumber=319,secondNumber=1461}  added by thread pool-3-thread-6
 message  {Id=eaadc913-de87-4508-aa23-7de417078afe,FirstNumber=319,secondNumber=1461}  written to file by thread pool-3-thread-5
 message  {Id=0345e404-784e-4aca-bf85-0c016b8dd7d1,FirstNumber=534,secondNumber=1756}  added by thread pool-3-thread-6
 message  {Id=0345e404-784e-4aca-bf85-0c016b8dd7d1,FirstNumber=534,secondNumber=1756}  written to file by thread pool-3-thread-2
 message  {Id=1ad2b36b-b42b-409e-ad34-4ef56b9bbae4,FirstNumber=426,secondNumber=396}  added by thread pool-3-thread-6
 message  {Id=1ad2b36b-b42b-409e-ad34-4ef56b9bbae4,FirstNumber=426,secondNumber=396}  written to file by thread pool-3-thread-4
 message  {Id=6eb39f5e-1e1b-4d90-8148-a32af0766592,FirstNumber=551,secondNumber=1535}  added by thread pool-3-thread-6
 message  {Id=6eb39f5e-1e1b-4d90-8148-a32af0766592,FirstNumber=551,secondNumber=1535}  written to file by thread pool-3-thread-3
 message  {Id=d0c76d0d-2282-470a-b27d-a6ae7732e87c,FirstNumber=368,secondNumber=1170}  added by thread pool-3-thread-6
 message  {Id=d0c76d0d-2282-470a-b27d-a6ae7732e87c,FirstNumber=368,secondNumber=1170}  written to file by thread pool-3-thread-1
 message  {Id=67ee4618-d05d-4f9e-a8e3-bb679ac3ce4e,FirstNumber=426,secondNumber=1241}  added by thread pool-3-thread-6
 message  {Id=67ee4618-d05d-4f9e-a8e3-bb679ac3ce4e,FirstNumber=426,secondNumber=1241}  written to file by thread pool-3-thread-1
 message  {Id=4792553d-b684-4f75-a519-763134d286ac,FirstNumber=131,secondNumber=234}  added by thread pool-3-thread-6
 message  {Id=4792553d-b684-4f75-a519-763134d286ac,FirstNumber=131,secondNumber=234}  written to file by thread pool-3-thread-2
 message  {Id=9a655699-9afe-44c9-8355-bf302e1b4caf,FirstNumber=588,secondNumber=901}  added by thread pool-3-thread-6
 message  {Id=9a655699-9afe-44c9-8355-bf302e1b4caf,FirstNumber=588,secondNumber=901}  written to file by thread pool-3-thread-4
 message  {Id=0d580e54-6654-435f-a42a-bec1d80c9be3,FirstNumber=275,secondNumber=1060}  added by thread pool-3-thread-6
 message  {Id=0d580e54-6654-435f-a42a-bec1d80c9be3,FirstNumber=275,secondNumber=1060}  written to file by thread pool-3-thread-4
 message  {Id=33a37534-9e39-4f1e-a705-b1cec5beb494,FirstNumber=223,secondNumber=1346}  added by thread pool-3-thread-6
 message  {Id=33a37534-9e39-4f1e-a705-b1cec5beb494,FirstNumber=223,secondNumber=1346}  written to file by thread pool-3-thread-5
 message  {Id=b51d9929-058f-45e7-bb29-53af3605150d,FirstNumber=580,secondNumber=950}  added by thread pool-3-thread-6
 message  {Id=b51d9929-058f-45e7-bb29-53af3605150d,FirstNumber=580,secondNumber=950}  written to file by thread pool-3-thread-1
 message  {Id=e32b62f2-3486-4c7a-a229-452b2edac438,FirstNumber=472,secondNumber=1297}  added by thread pool-3-thread-6
 message  {Id=e32b62f2-3486-4c7a-a229-452b2edac438,FirstNumber=472,secondNumber=1297}  written to file by thread pool-3-thread-2
 message  {Id=8e96ff14-6522-46c2-8fc1-b7a5ec1a216e,FirstNumber=413,secondNumber=921}  added by thread pool-3-thread-6
 message  {Id=8e96ff14-6522-46c2-8fc1-b7a5ec1a216e,FirstNumber=413,secondNumber=921}  written to file by thread pool-3-thread-2
 message  {Id=7a21a424-0e34-46cd-a34b-1f05ac9f8a65,FirstNumber=74,secondNumber=741}  added by thread pool-3-thread-6
 message  {Id=7a21a424-0e34-46cd-a34b-1f05ac9f8a65,FirstNumber=74,secondNumber=741}  written to file by thread pool-3-thread-4
 message  {Id=b27de741-b52d-4594-aaf4-a31c98d757ed,FirstNumber=603,secondNumber=1611}  added by thread pool-3-thread-6
 message  {Id=b27de741-b52d-4594-aaf4-a31c98d757ed,FirstNumber=603,secondNumber=1611}  written to file by thread pool-3-thread-5
 message  {Id=63c49dec-e093-448e-9cff-6e296bcde93f,FirstNumber=108,secondNumber=965}  added by thread pool-3-thread-6
 message  {Id=63c49dec-e093-448e-9cff-6e296bcde93f,FirstNumber=108,secondNumber=965}  written to file by thread pool-3-thread-1
 message  {Id=58f21ad9-3d1e-498c-b415-3fc8107bd7f3,FirstNumber=207,secondNumber=1633}  added by thread pool-3-thread-6
 message  {Id=58f21ad9-3d1e-498c-b415-3fc8107bd7f3,FirstNumber=207,secondNumber=1633}  written to file by thread pool-3-thread-3
 message  {Id=7bcad4ee-f287-43d3-abc3-238f4d281c42,FirstNumber=687,secondNumber=1013}  added by thread pool-3-thread-6
 message  {Id=7bcad4ee-f287-43d3-abc3-238f4d281c42,FirstNumber=687,secondNumber=1013}  written to file by thread pool-3-thread-3
 message  {Id=3ed23717-86ef-47b7-82c3-2d750be71a7a,FirstNumber=341,secondNumber=1987}  added by thread pool-3-thread-6
 message  {Id=3ed23717-86ef-47b7-82c3-2d750be71a7a,FirstNumber=341,secondNumber=1987}  written to file by thread pool-3-thread-4
 message  {Id=371b6f14-fa83-44c1-96d4-addaaa6c595a,FirstNumber=793,secondNumber=441}  added by thread pool-3-thread-6
 message  {Id=371b6f14-fa83-44c1-96d4-addaaa6c595a,FirstNumber=793,secondNumber=441}  written to file by thread pool-3-thread-5
 message  {Id=f40ddf13-507c-4c93-a0ea-ad5fa3fb663a,FirstNumber=28,secondNumber=239}  added by thread pool-3-thread-6
 message  {Id=f40ddf13-507c-4c93-a0ea-ad5fa3fb663a,FirstNumber=28,secondNumber=239}  written to file by thread pool-3-thread-1
 message  {Id=b784328e-9310-45d4-b9fe-4190a82f3464,FirstNumber=337,secondNumber=615}  added by thread pool-3-thread-6
 message  {Id=b784328e-9310-45d4-b9fe-4190a82f3464,FirstNumber=337,secondNumber=615}  written to file by thread pool-3-thread-1
 message  {Id=a35ffac4-8eb0-4a5e-8b85-95a4b3cb1aa8,FirstNumber=862,secondNumber=1313}  added by thread pool-3-thread-6
 message  {Id=a35ffac4-8eb0-4a5e-8b85-95a4b3cb1aa8,FirstNumber=862,secondNumber=1313}  written to file by thread pool-3-thread-3
 message  {Id=908dca87-3825-4e10-b896-19592338843f,FirstNumber=627,secondNumber=1520}  added by thread pool-3-thread-6
 message  {Id=908dca87-3825-4e10-b896-19592338843f,FirstNumber=627,secondNumber=1520}  written to file by thread pool-3-thread-4
 message  {Id=6a493ddc-3f3e-425c-b4fc-6fa8df060138,FirstNumber=690,secondNumber=1889}  added by thread pool-3-thread-6
 message  {Id=6a493ddc-3f3e-425c-b4fc-6fa8df060138,FirstNumber=690,secondNumber=1889}  written to file by thread pool-3-thread-5
 message  {Id=0f92de61-89fa-4e88-8cad-751ee0430fbe,FirstNumber=384,secondNumber=1787}  added by thread pool-3-thread-6
 message  {Id=0f92de61-89fa-4e88-8cad-751ee0430fbe,FirstNumber=384,secondNumber=1787}  written to file by thread pool-3-thread-5
 message  {Id=51c58c5e-bd95-4cc8-b152-91ac6ea5450c,FirstNumber=583,secondNumber=840}  added by thread pool-3-thread-6
 message  {Id=51c58c5e-bd95-4cc8-b152-91ac6ea5450c,FirstNumber=583,secondNumber=840}  written to file by thread pool-3-thread-1
 message  {Id=73a2cc4f-9992-4e46-a6f5-b84a8f6e8d9d,FirstNumber=71,secondNumber=1911}  added by thread pool-3-thread-6
 message  {Id=73a2cc4f-9992-4e46-a6f5-b84a8f6e8d9d,FirstNumber=71,secondNumber=1911}  written to file by thread pool-3-thread-1
 message  {Id=6dd983cc-28a5-44e2-bc16-7fd7b435b017,FirstNumber=580,secondNumber=1650}  added by thread pool-3-thread-6
 message  {Id=6dd983cc-28a5-44e2-bc16-7fd7b435b017,FirstNumber=580,secondNumber=1650}  written to file by thread pool-3-thread-4
 message  {Id=a25b782d-5635-4073-86eb-d0a96f9a0760,FirstNumber=924,secondNumber=586}  added by thread pool-3-thread-6
 message  {Id=a25b782d-5635-4073-86eb-d0a96f9a0760,FirstNumber=924,secondNumber=586}  written to file by thread pool-3-thread-4
 message  {Id=d9fee4d9-3bdf-4008-aafe-33e39047087c,FirstNumber=671,secondNumber=1047}  added by thread pool-3-thread-6
 message  {Id=d9fee4d9-3bdf-4008-aafe-33e39047087c,FirstNumber=671,secondNumber=1047}  written to file by thread pool-3-thread-5
 message  {Id=b55326ff-e644-4c94-b719-d05c04003096,FirstNumber=764,secondNumber=772}  added by thread pool-3-thread-6
 message  {Id=b55326ff-e644-4c94-b719-d05c04003096,FirstNumber=764,secondNumber=772}  written to file by thread pool-3-thread-5
 message  {Id=63bd7ca5-3259-49e7-b56c-0fb9c4677c93,FirstNumber=788,secondNumber=1600}  added by thread pool-3-thread-6
 message  {Id=63bd7ca5-3259-49e7-b56c-0fb9c4677c93,FirstNumber=788,secondNumber=1600}  written to file by thread pool-3-thread-1
 message  {Id=6f5843aa-204f-425e-b0e9-24db09de8abb,FirstNumber=555,secondNumber=1592}  added by thread pool-3-thread-6
 message  {Id=6f5843aa-204f-425e-b0e9-24db09de8abb,FirstNumber=555,secondNumber=1592}  written to file by thread pool-3-thread-2
 message  {Id=d29d791e-2808-4a50-ad1d-b5b14482b023,FirstNumber=477,secondNumber=1651}  added by thread pool-3-thread-6
 message  {Id=d29d791e-2808-4a50-ad1d-b5b14482b023,FirstNumber=477,secondNumber=1651}  written to file by thread pool-3-thread-2
 message  {Id=35fbba6a-53ae-448f-b073-c4346bddf1a2,FirstNumber=649,secondNumber=914}  added by thread pool-3-thread-6
 message  {Id=35fbba6a-53ae-448f-b073-c4346bddf1a2,FirstNumber=649,secondNumber=914}  written to file by thread pool-3-thread-3
 message  {Id=e3b4327b-664e-4f88-aab3-1849c76d5a1a,FirstNumber=313,secondNumber=929}  added by thread pool-3-thread-6
 message  {Id=e3b4327b-664e-4f88-aab3-1849c76d5a1a,FirstNumber=313,secondNumber=929}  written to file by thread pool-3-thread-5
 message  {Id=e4103d13-f83a-4a55-8208-dfe755d20c92,FirstNumber=975,secondNumber=983}  added by thread pool-3-thread-6
 message  {Id=e4103d13-f83a-4a55-8208-dfe755d20c92,FirstNumber=975,secondNumber=983}  written to file by thread pool-3-thread-1
 message  {Id=36500e9b-a565-482b-927d-a656c156cb3c,FirstNumber=365,secondNumber=176}  added by thread pool-3-thread-6
 message  {Id=36500e9b-a565-482b-927d-a656c156cb3c,FirstNumber=365,secondNumber=176}  written to file by thread pool-3-thread-1
 message  {Id=6349e4b7-62d8-4e32-81a5-d03dc74fb38d,FirstNumber=90,secondNumber=726}  added by thread pool-3-thread-6
 message  {Id=6349e4b7-62d8-4e32-81a5-d03dc74fb38d,FirstNumber=90,secondNumber=726}  written to file by thread pool-3-thread-2
 message  {Id=adb81b2c-9e5b-4bf2-ab97-9db0cba7746a,FirstNumber=83,secondNumber=282}  added by thread pool-3-thread-6
 message  {Id=adb81b2c-9e5b-4bf2-ab97-9db0cba7746a,FirstNumber=83,secondNumber=282}  written to file by thread pool-3-thread-3
 message  {Id=056bd6be-e422-48f8-b1bd-daf3d5551c0b,FirstNumber=813,secondNumber=103}  added by thread pool-3-thread-6
 message  {Id=056bd6be-e422-48f8-b1bd-daf3d5551c0b,FirstNumber=813,secondNumber=103}  written to file by thread pool-3-thread-3
 message  {Id=1773d5bd-4686-4f51-81cd-54789d3cdfd4,FirstNumber=255,secondNumber=972}  added by thread pool-3-thread-6
 message  {Id=1773d5bd-4686-4f51-81cd-54789d3cdfd4,FirstNumber=255,secondNumber=972}  written to file by thread pool-3-thread-4
 message  {Id=cadde613-5349-407e-9e71-0de76b75e3a8,FirstNumber=719,secondNumber=1961}  added by thread pool-3-thread-6
 message  {Id=cadde613-5349-407e-9e71-0de76b75e3a8,FirstNumber=719,secondNumber=1961}  written to file by thread pool-3-thread-1
 message  {Id=270108c9-61a5-403b-93bb-906b7751c1f9,FirstNumber=804,secondNumber=1232}  added by thread pool-3-thread-6
 message  {Id=270108c9-61a5-403b-93bb-906b7751c1f9,FirstNumber=804,secondNumber=1232}  written to file by thread pool-3-thread-2
 message  {Id=6f17afc9-b998-41cd-94c6-7fc4be862032,FirstNumber=224,secondNumber=1511}  added by thread pool-3-thread-6
 message  {Id=6f17afc9-b998-41cd-94c6-7fc4be862032,FirstNumber=224,secondNumber=1511}  written to file by thread pool-3-thread-5
 message  {Id=8bb5e633-824d-47d5-91a4-a6cad53a8b9a,FirstNumber=398,secondNumber=460}  added by thread pool-3-thread-6
 message  {Id=8bb5e633-824d-47d5-91a4-a6cad53a8b9a,FirstNumber=398,secondNumber=460}  written to file by thread pool-3-thread-5
 message  {Id=2399f662-4b4a-4a5c-b41b-4c344e7f93e5,FirstNumber=286,secondNumber=531}  added by thread pool-3-thread-6
 message  {Id=a3ad9dfb-b515-488a-8dee-845354cca246,FirstNumber=744,secondNumber=1002}  added by thread pool-3-thread-6
 message  {Id=2399f662-4b4a-4a5c-b41b-4c344e7f93e5,FirstNumber=286,secondNumber=531}  written to file by thread pool-3-thread-4
 message  {Id=a3ad9dfb-b515-488a-8dee-845354cca246,FirstNumber=744,secondNumber=1002}  written to file by thread pool-3-thread-1
 message  {Id=21196e8d-76e8-47d5-98bf-3e0210344672,FirstNumber=958,secondNumber=1925}  added by thread pool-3-thread-6
 message  {Id=21196e8d-76e8-47d5-98bf-3e0210344672,FirstNumber=958,secondNumber=1925}  written to file by thread pool-3-thread-1
 message  {Id=8b15a675-9a5d-495f-9b8b-7ff6830eb119,FirstNumber=508,secondNumber=1044}  added by thread pool-3-thread-6
 message  {Id=8b15a675-9a5d-495f-9b8b-7ff6830eb119,FirstNumber=508,secondNumber=1044}  written to file by thread pool-3-thread-3
 message  {Id=0631f5c8-71f8-4a98-8d0d-3b92dfb491ee,FirstNumber=676,secondNumber=440}  added by thread pool-3-thread-6
 message  {Id=0631f5c8-71f8-4a98-8d0d-3b92dfb491ee,FirstNumber=676,secondNumber=440}  written to file by thread pool-3-thread-3
 message  {Id=b6e9c40f-de1b-4723-afa5-05d2b976e95e,FirstNumber=592,secondNumber=1618}  added by thread pool-3-thread-6
 message  {Id=b6e9c40f-de1b-4723-afa5-05d2b976e95e,FirstNumber=592,secondNumber=1618}  written to file by thread pool-3-thread-2
 message  {Id=da3c5034-24cb-46b4-9ba5-5e269c6d5bb1,FirstNumber=640,secondNumber=1004}  added by thread pool-3-thread-6
 message  {Id=da3c5034-24cb-46b4-9ba5-5e269c6d5bb1,FirstNumber=640,secondNumber=1004}  written to file by thread pool-3-thread-2
 message  {Id=100cebb1-dafa-45f3-9f5b-0ccad87fab18,FirstNumber=510,secondNumber=1850}  added by thread pool-3-thread-6
 message  {Id=100cebb1-dafa-45f3-9f5b-0ccad87fab18,FirstNumber=510,secondNumber=1850}  written to file by thread pool-3-thread-1
 message  {Id=8ddfb920-71b7-4746-8f99-c75adb266448,FirstNumber=430,secondNumber=1892}  added by thread pool-3-thread-6
 message  {Id=8ddfb920-71b7-4746-8f99-c75adb266448,FirstNumber=430,secondNumber=1892}  written to file by thread pool-3-thread-1
 message  {Id=8edecc72-94c1-49be-8b0d-5caacfcf20bd,FirstNumber=421,secondNumber=677}  added by thread pool-3-thread-6
 message  {Id=8edecc72-94c1-49be-8b0d-5caacfcf20bd,FirstNumber=421,secondNumber=677}  written to file by thread pool-3-thread-3
 message  {Id=75c0edb3-68d2-4af4-9a2d-0363dd5cdbd6,FirstNumber=36,secondNumber=1092}  added by thread pool-3-thread-6
 message  {Id=75c0edb3-68d2-4af4-9a2d-0363dd5cdbd6,FirstNumber=36,secondNumber=1092}  written to file by thread pool-3-thread-3
 message  {Id=23e5c95b-9569-43a6-977c-c76d1aa22b0f,FirstNumber=274,secondNumber=382}  added by thread pool-3-thread-6
 message  {Id=23e5c95b-9569-43a6-977c-c76d1aa22b0f,FirstNumber=274,secondNumber=382}  written to file by thread pool-3-thread-2
 message  {Id=628400f6-027c-4202-8d66-7d0fd02f9d51,FirstNumber=862,secondNumber=1141}  added by thread pool-3-thread-6
 message  {Id=628400f6-027c-4202-8d66-7d0fd02f9d51,FirstNumber=862,secondNumber=1141}  written to file by thread pool-3-thread-2
 message  {Id=1d3fe1b9-d342-44b4-8911-b64d74656b25,FirstNumber=417,secondNumber=35}  added by thread pool-3-thread-6
 message  {Id=1d3fe1b9-d342-44b4-8911-b64d74656b25,FirstNumber=417,secondNumber=35}  written to file by thread pool-3-thread-1
 message  {Id=4182dc58-ec54-40b7-a3e0-4cdb15558d13,FirstNumber=483,secondNumber=1574}  added by thread pool-3-thread-6
 message  {Id=4182dc58-ec54-40b7-a3e0-4cdb15558d13,FirstNumber=483,secondNumber=1574}  written to file by thread pool-3-thread-1
 message  {Id=930dd764-90ff-454b-be46-1699ad1493ad,FirstNumber=890,secondNumber=759}  added by thread pool-3-thread-6
 message  {Id=930dd764-90ff-454b-be46-1699ad1493ad,FirstNumber=890,secondNumber=759}  written to file by thread pool-3-thread-3
 message  {Id=226dac5d-8c9f-4cf3-9d72-be3d94596a0d,FirstNumber=139,secondNumber=1909}  added by thread pool-3-thread-6
 message  {Id=226dac5d-8c9f-4cf3-9d72-be3d94596a0d,FirstNumber=139,secondNumber=1909}  written to file by thread pool-3-thread-5
 message  {Id=32f5d355-4366-487e-914f-3c0f51ac23eb,FirstNumber=997,secondNumber=1993}  added by thread pool-3-thread-6
 message  {Id=32f5d355-4366-487e-914f-3c0f51ac23eb,FirstNumber=997,secondNumber=1993}  written to file by thread pool-3-thread-2
 message  {Id=781ed05d-0e2b-44a5-959c-a417b0d85ed2,FirstNumber=772,secondNumber=271}  added by thread pool-3-thread-6
 message  {Id=781ed05d-0e2b-44a5-959c-a417b0d85ed2,FirstNumber=772,secondNumber=271}  written to file by thread pool-3-thread-4
 message  {Id=16503cd5-7cf1-45f4-a4a0-bc0f6ff55523,FirstNumber=853,secondNumber=476}  added by thread pool-3-thread-6
 message  {Id=16503cd5-7cf1-45f4-a4a0-bc0f6ff55523,FirstNumber=853,secondNumber=476}  written to file by thread pool-3-thread-1
 message  {Id=5b02f0bd-bdd0-4184-be4e-97a23b219823,FirstNumber=848,secondNumber=1585}  added by thread pool-3-thread-6
 message  {Id=5b02f0bd-bdd0-4184-be4e-97a23b219823,FirstNumber=848,secondNumber=1585}  written to file by thread pool-3-thread-1
 message  {Id=fecdc504-fdf5-4817-803f-0aca6475198c,FirstNumber=495,secondNumber=237}  added by thread pool-3-thread-6
 message  {Id=fecdc504-fdf5-4817-803f-0aca6475198c,FirstNumber=495,secondNumber=237}  written to file by thread pool-3-thread-5
 message  {Id=f16bc7c9-9308-4783-9b02-5e1ea0822eaf,FirstNumber=796,secondNumber=246}  added by thread pool-3-thread-6
 message  {Id=f16bc7c9-9308-4783-9b02-5e1ea0822eaf,FirstNumber=796,secondNumber=246}  written to file by thread pool-3-thread-5
 message  {Id=fa99345a-f9c7-4d95-a98a-fa4bd9a164f3,FirstNumber=26,secondNumber=872}  added by thread pool-3-thread-6
 message  {Id=fa99345a-f9c7-4d95-a98a-fa4bd9a164f3,FirstNumber=26,secondNumber=872}  written to file by thread pool-3-thread-4
 message  {Id=ac746513-0455-4579-b5f0-1932d528f74b,FirstNumber=370,secondNumber=1949}  added by thread pool-3-thread-6
 message  {Id=ac746513-0455-4579-b5f0-1932d528f74b,FirstNumber=370,secondNumber=1949}  written to file by thread pool-3-thread-3
 message  {Id=218b50d9-56fb-4e16-b138-fa1c4bd06089,FirstNumber=978,secondNumber=1988}  added by thread pool-3-thread-6
 message  {Id=218b50d9-56fb-4e16-b138-fa1c4bd06089,FirstNumber=978,secondNumber=1988}  written to file by thread pool-3-thread-1
 message  {Id=c14f425d-e4d0-4eaa-8faa-0ddf4a28bac3,FirstNumber=267,secondNumber=1320}  added by thread pool-3-thread-6
 message  {Id=c14f425d-e4d0-4eaa-8faa-0ddf4a28bac3,FirstNumber=267,secondNumber=1320}  written to file by thread pool-3-thread-2
 message  {Id=34937b64-8304-4cdd-92b9-70ec7986e49e,FirstNumber=737,secondNumber=1899}  added by thread pool-3-thread-6
 message  {Id=34937b64-8304-4cdd-92b9-70ec7986e49e,FirstNumber=737,secondNumber=1899}  written to file by thread pool-3-thread-2
 message  {Id=bf1352db-7a23-4c0e-b22e-d7fe9da3d1d4,FirstNumber=398,secondNumber=646}  added by thread pool-3-thread-6
 message  {Id=bf1352db-7a23-4c0e-b22e-d7fe9da3d1d4,FirstNumber=398,secondNumber=646}  written to file by thread pool-3-thread-4
 message  {Id=6aad768e-df04-4078-9f7e-d5dad7c9b264,FirstNumber=747,secondNumber=1800}  added by thread pool-3-thread-6
 message  {Id=6aad768e-df04-4078-9f7e-d5dad7c9b264,FirstNumber=747,secondNumber=1800}  written to file by thread pool-3-thread-3
 message  {Id=47cb7e4f-3e76-4d64-8f48-06b3ffc27011,FirstNumber=240,secondNumber=931}  added by thread pool-3-thread-6
 message  {Id=47cb7e4f-3e76-4d64-8f48-06b3ffc27011,FirstNumber=240,secondNumber=931}  written to file by thread pool-3-thread-1
 message  {Id=42c358f8-8185-420b-a2f7-fab17728aa67,FirstNumber=523,secondNumber=1055}  added by thread pool-3-thread-6
 message  {Id=42c358f8-8185-420b-a2f7-fab17728aa67,FirstNumber=523,secondNumber=1055}  written to file by thread pool-3-thread-1
 message  {Id=862bfaf3-b724-447a-be05-a0916d723e27,FirstNumber=366,secondNumber=407}  added by thread pool-3-thread-6
 message  {Id=862bfaf3-b724-447a-be05-a0916d723e27,FirstNumber=366,secondNumber=407}  written to file by thread pool-3-thread-2
 message  {Id=3bc2ef58-22d4-4ed0-8400-857ca8d7b4a5,FirstNumber=193,secondNumber=992}  added by thread pool-3-thread-6
 message  {Id=3bc2ef58-22d4-4ed0-8400-857ca8d7b4a5,FirstNumber=193,secondNumber=992}  written to file by thread pool-3-thread-4
 message  {Id=3b8a4d48-e7ac-4335-b41f-71496f8acddf,FirstNumber=363,secondNumber=1952}  added by thread pool-3-thread-6
 message  {Id=3b8a4d48-e7ac-4335-b41f-71496f8acddf,FirstNumber=363,secondNumber=1952}  written to file by thread pool-3-thread-3
 message  {Id=0d28944e-2697-49cf-a0ac-2ac1f365f128,FirstNumber=999,secondNumber=1430}  added by thread pool-3-thread-6
 message  {Id=0d28944e-2697-49cf-a0ac-2ac1f365f128,FirstNumber=999,secondNumber=1430}  written to file by thread pool-3-thread-5
 message  {Id=bbc94fd7-22d1-4d70-9409-7f4bc0caa991,FirstNumber=584,secondNumber=602}  added by thread pool-3-thread-6
 message  {Id=bbc94fd7-22d1-4d70-9409-7f4bc0caa991,FirstNumber=584,secondNumber=602}  written to file by thread pool-3-thread-1
 message  {Id=705edbef-c07d-424d-bcd2-95896432f45b,FirstNumber=416,secondNumber=1055}  added by thread pool-3-thread-6
 message  {Id=705edbef-c07d-424d-bcd2-95896432f45b,FirstNumber=416,secondNumber=1055}  written to file by thread pool-3-thread-2
 message  {Id=61ab7cea-4479-44d7-8cdc-77537c7b3503,FirstNumber=278,secondNumber=925}  added by thread pool-3-thread-6
 message  {Id=61ab7cea-4479-44d7-8cdc-77537c7b3503,FirstNumber=278,secondNumber=925}  written to file by thread pool-3-thread-2
 message  {Id=01c08daa-8d56-4e70-86b0-e41fd77ab9ad,FirstNumber=365,secondNumber=51}  added by thread pool-3-thread-6
 message  {Id=01c08daa-8d56-4e70-86b0-e41fd77ab9ad,FirstNumber=365,secondNumber=51}  written to file by thread pool-3-thread-3
 message  {Id=e90bdfa6-9476-4ea2-bd88-15c5fb599096,FirstNumber=843,secondNumber=178}  added by thread pool-3-thread-6
 message  {Id=e90bdfa6-9476-4ea2-bd88-15c5fb599096,FirstNumber=843,secondNumber=178}  written to file by thread pool-3-thread-5
 message  {Id=dc87ae8f-5765-4e53-a153-006e03f22052,FirstNumber=55,secondNumber=766}  added by thread pool-3-thread-6
 message  {Id=dc87ae8f-5765-4e53-a153-006e03f22052,FirstNumber=55,secondNumber=766}  written to file by thread pool-3-thread-1
 message  {Id=e3602b93-6fbc-431a-a143-1361f29d870a,FirstNumber=325,secondNumber=1601}  added by thread pool-3-thread-6
 message  {Id=e3602b93-6fbc-431a-a143-1361f29d870a,FirstNumber=325,secondNumber=1601}  written to file by thread pool-3-thread-1
 message  {Id=c5dd051f-f7e8-4844-82e8-b840c6541ea3,FirstNumber=254,secondNumber=994}  added by thread pool-3-thread-6
 message  {Id=c5dd051f-f7e8-4844-82e8-b840c6541ea3,FirstNumber=254,secondNumber=994}  written to file by thread pool-3-thread-2
 message  {Id=ea9b15da-e191-44da-af85-4ca3a13c802c,FirstNumber=35,secondNumber=1619}  added by thread pool-3-thread-6
 message  {Id=ea9b15da-e191-44da-af85-4ca3a13c802c,FirstNumber=35,secondNumber=1619}  written to file by thread pool-3-thread-2
 message  {Id=e665beae-a1b4-41da-99fd-450de0ccea44,FirstNumber=151,secondNumber=1561}  added by thread pool-3-thread-6
 message  {Id=e665beae-a1b4-41da-99fd-450de0ccea44,FirstNumber=151,secondNumber=1561}  written to file by thread pool-3-thread-5
 message  {Id=4d01c13f-e16f-4d71-9b81-d497aaa99f8d,FirstNumber=747,secondNumber=1081}  added by thread pool-3-thread-6
 message  {Id=4d01c13f-e16f-4d71-9b81-d497aaa99f8d,FirstNumber=747,secondNumber=1081}  written to file by thread pool-3-thread-4
 message  {Id=da47a911-958b-46c5-9116-9ee47652b4f9,FirstNumber=903,secondNumber=1056}  added by thread pool-3-thread-6
 message  {Id=da47a911-958b-46c5-9116-9ee47652b4f9,FirstNumber=903,secondNumber=1056}  written to file by thread pool-3-thread-1
 message  {Id=30bcad7b-0cb2-400e-8568-f9ee669c6940,FirstNumber=912,secondNumber=1737}  added by thread pool-3-thread-6
 message  {Id=30bcad7b-0cb2-400e-8568-f9ee669c6940,FirstNumber=912,secondNumber=1737}  written to file by thread pool-3-thread-3
 message  {Id=e6514f69-b354-4482-978e-dab7af78bdbe,FirstNumber=568,secondNumber=1849}  added by thread pool-3-thread-6
 message  {Id=e6514f69-b354-4482-978e-dab7af78bdbe,FirstNumber=568,secondNumber=1849}  written to file by thread pool-3-thread-3
 message  {Id=29745349-0817-4eab-8e24-1700a67fee8d,FirstNumber=806,secondNumber=25}  added by thread pool-3-thread-6
 message  {Id=29745349-0817-4eab-8e24-1700a67fee8d,FirstNumber=806,secondNumber=25}  written to file by thread pool-3-thread-5
 message  {Id=47120d9c-c359-43c8-91c8-9e1ef8496ea2,FirstNumber=190,secondNumber=780}  added by thread pool-3-thread-6
 message  {Id=47120d9c-c359-43c8-91c8-9e1ef8496ea2,FirstNumber=190,secondNumber=780}  written to file by thread pool-3-thread-4
 message  {Id=ffc7b34a-7e09-4355-910e-11099892a7fc,FirstNumber=345,secondNumber=1527}  added by thread pool-3-thread-6
 message  {Id=ffc7b34a-7e09-4355-910e-11099892a7fc,FirstNumber=345,secondNumber=1527}  written to file by thread pool-3-thread-4
 message  {Id=2a4348bf-1725-4462-852d-f3f3a4bda910,FirstNumber=107,secondNumber=494}  added by thread pool-3-thread-6
 message  {Id=2a4348bf-1725-4462-852d-f3f3a4bda910,FirstNumber=107,secondNumber=494}  written to file by thread pool-3-thread-2
 message  {Id=c6493bec-66f1-4e24-b438-f598a4897c50,FirstNumber=603,secondNumber=727}  added by thread pool-3-thread-6
 message  {Id=c6493bec-66f1-4e24-b438-f598a4897c50,FirstNumber=603,secondNumber=727}  written to file by thread pool-3-thread-2
 message  {Id=81aa6b65-1ed2-44c5-b742-788545f3e8ef,FirstNumber=698,secondNumber=1775}  added by thread pool-3-thread-6
 message  {Id=81aa6b65-1ed2-44c5-b742-788545f3e8ef,FirstNumber=698,secondNumber=1775}  written to file by thread pool-3-thread-5
 message  {Id=891488c3-ee1a-470a-9c11-4310e1a4159b,FirstNumber=600,secondNumber=1618}  added by thread pool-3-thread-6
 message  {Id=891488c3-ee1a-470a-9c11-4310e1a4159b,FirstNumber=600,secondNumber=1618}  written to file by thread pool-3-thread-1
 message  {Id=6d97d86c-4894-462c-950d-d5623e9beab9,FirstNumber=626,secondNumber=1355}  added by thread pool-3-thread-6
 message  {Id=6d97d86c-4894-462c-950d-d5623e9beab9,FirstNumber=626,secondNumber=1355}  written to file by thread pool-3-thread-4
 message  {Id=0ac4b3b0-b651-4387-9e30-f74f705ea8ed,FirstNumber=402,secondNumber=965}  added by thread pool-3-thread-6
 message  {Id=0ac4b3b0-b651-4387-9e30-f74f705ea8ed,FirstNumber=402,secondNumber=965}  written to file by thread pool-3-thread-4
 message  {Id=d6e67a24-0327-4d06-a026-48fcd14abe58,FirstNumber=32,secondNumber=571}  added by thread pool-3-thread-6
 message  {Id=d6e67a24-0327-4d06-a026-48fcd14abe58,FirstNumber=32,secondNumber=571}  written to file by thread pool-3-thread-2
 message  {Id=419dc852-2f66-42ca-9c5e-95fb28ad6719,FirstNumber=793,secondNumber=125}  added by thread pool-3-thread-6
 message  {Id=419dc852-2f66-42ca-9c5e-95fb28ad6719,FirstNumber=793,secondNumber=125}  written to file by thread pool-3-thread-2
 message  {Id=0f4a4dee-d2e9-49af-97af-0232020c7e62,FirstNumber=911,secondNumber=1744}  added by thread pool-3-thread-6
 message  {Id=0f4a4dee-d2e9-49af-97af-0232020c7e62,FirstNumber=911,secondNumber=1744}  written to file by thread pool-3-thread-1
 message  {Id=d3e74a8f-1147-4464-b04c-f55f13a00b1f,FirstNumber=688,secondNumber=1013}  added by thread pool-3-thread-6
 message  {Id=d3e74a8f-1147-4464-b04c-f55f13a00b1f,FirstNumber=688,secondNumber=1013}  written to file by thread pool-3-thread-1
 message  {Id=a166c3d2-99b7-4259-ab74-597e9137f25e,FirstNumber=921,secondNumber=1097}  added by thread pool-3-thread-6
 message  {Id=a166c3d2-99b7-4259-ab74-597e9137f25e,FirstNumber=921,secondNumber=1097}  written to file by thread pool-3-thread-4
 message  {Id=59575b70-0e84-4b75-9c0f-6e914001984a,FirstNumber=583,secondNumber=788}  added by thread pool-3-thread-6
 message  {Id=59575b70-0e84-4b75-9c0f-6e914001984a,FirstNumber=583,secondNumber=788}  written to file by thread pool-3-thread-4
 message  {Id=77bf07c1-00a7-493a-b6c5-c333afd642d5,FirstNumber=238,secondNumber=472}  added by thread pool-3-thread-6
 message  {Id=77bf07c1-00a7-493a-b6c5-c333afd642d5,FirstNumber=238,secondNumber=472}  written to file by thread pool-3-thread-2
 message  {Id=85ab6669-6542-4adc-9dec-746297e391ff,FirstNumber=166,secondNumber=898}  added by thread pool-3-thread-6
 message  {Id=85ab6669-6542-4adc-9dec-746297e391ff,FirstNumber=166,secondNumber=898}  written to file by thread pool-3-thread-3
 message  {Id=f7cfebfe-b191-4bf9-ac20-45ceb13dfa35,FirstNumber=79,secondNumber=439}  added by thread pool-3-thread-6
 message  {Id=f7cfebfe-b191-4bf9-ac20-45ceb13dfa35,FirstNumber=79,secondNumber=439}  written to file by thread pool-3-thread-1
 message  {Id=92c9706e-d3a6-415d-a672-a32091515b96,FirstNumber=34,secondNumber=1202}  added by thread pool-3-thread-6
 message  {Id=92c9706e-d3a6-415d-a672-a32091515b96,FirstNumber=34,secondNumber=1202}  written to file by thread pool-3-thread-5
 message  {Id=e2999cf8-fd29-43c0-859f-8313ae645694,FirstNumber=769,secondNumber=531}  added by thread pool-3-thread-6
 message  {Id=e2999cf8-fd29-43c0-859f-8313ae645694,FirstNumber=769,secondNumber=531}  written to file by thread pool-3-thread-5
 message  {Id=61e7c42c-e502-4b4a-8f7a-a74aa5f2e1e2,FirstNumber=904,secondNumber=1732}  added by thread pool-3-thread-6
 message  {Id=61e7c42c-e502-4b4a-8f7a-a74aa5f2e1e2,FirstNumber=904,secondNumber=1732}  written to file by thread pool-3-thread-5
 message  {Id=2dfa2f22-6feb-42e2-a8db-3473660c245b,FirstNumber=212,secondNumber=328}  added by thread pool-3-thread-6
 message  {Id=2dfa2f22-6feb-42e2-a8db-3473660c245b,FirstNumber=212,secondNumber=328}  written to file by thread pool-3-thread-5
 message  {Id=f3a85760-71c4-4b56-92c9-74e2e44094db,FirstNumber=252,secondNumber=1592}  added by thread pool-3-thread-6
 message  {Id=f3a85760-71c4-4b56-92c9-74e2e44094db,FirstNumber=252,secondNumber=1592}  written to file by thread pool-3-thread-5
 message  {Id=3ee7b6ba-b03a-46a5-8ebe-490f9ff65441,FirstNumber=575,secondNumber=908}  added by thread pool-3-thread-6
 message  {Id=dbb74bda-11b1-417c-8a6e-e0fac646d364,FirstNumber=543,secondNumber=1897}  added by thread pool-3-thread-6
 message  {Id=3ee7b6ba-b03a-46a5-8ebe-490f9ff65441,FirstNumber=575,secondNumber=908}  written to file by thread pool-3-thread-4
 message  {Id=dbb74bda-11b1-417c-8a6e-e0fac646d364,FirstNumber=543,secondNumber=1897}  written to file by thread pool-3-thread-2
 message  {Id=f58aec76-96b1-43eb-9b4b-24b1d0543aeb,FirstNumber=956,secondNumber=1881}  added by thread pool-3-thread-6
 message  {Id=46ef3ff5-e037-4ded-b314-745fb4493bbe,FirstNumber=31,secondNumber=1196}  added by thread pool-3-thread-6
 message  {Id=f58aec76-96b1-43eb-9b4b-24b1d0543aeb,FirstNumber=956,secondNumber=1881}  written to file by thread pool-3-thread-3
 message  {Id=998ba717-579e-4afa-b8cc-0867c3e31a38,FirstNumber=870,secondNumber=1682}  added by thread pool-3-thread-6
 message  {Id=46ef3ff5-e037-4ded-b314-745fb4493bbe,FirstNumber=31,secondNumber=1196}  written to file by thread pool-3-thread-1
 message  {Id=07472ed2-6341-4fc1-a3ff-e790d4031a46,FirstNumber=719,secondNumber=300}  added by thread pool-3-thread-6
 message  {Id=998ba717-579e-4afa-b8cc-0867c3e31a38,FirstNumber=870,secondNumber=1682}  written to file by thread pool-3-thread-5
 message  {Id=07472ed2-6341-4fc1-a3ff-e790d4031a46,FirstNumber=719,secondNumber=300}  written to file by thread pool-3-thread-1
 message  {Id=7b1591e1-860b-4209-a024-199eb9d3856d,FirstNumber=6,secondNumber=586}  added by thread pool-3-thread-6
 message  {Id=7b1591e1-860b-4209-a024-199eb9d3856d,FirstNumber=6,secondNumber=586}  written to file by thread pool-3-thread-2
 message  {Id=0414b2e5-9c53-4dc4-abdd-7c59ed9dc2e0,FirstNumber=422,secondNumber=86}  added by thread pool-3-thread-6
 message  {Id=0414b2e5-9c53-4dc4-abdd-7c59ed9dc2e0,FirstNumber=422,secondNumber=86}  written to file by thread pool-3-thread-3
 message  {Id=302d8f30-2745-468c-a38e-dd14e13fa23e,FirstNumber=315,secondNumber=1921}  added by thread pool-3-thread-6
 message  {Id=302d8f30-2745-468c-a38e-dd14e13fa23e,FirstNumber=315,secondNumber=1921}  written to file by thread pool-3-thread-4
 message  {Id=bd5c913d-d083-4eff-8150-a0650ef2f4cc,FirstNumber=709,secondNumber=1906}  added by thread pool-3-thread-6
 message  {Id=bd5c913d-d083-4eff-8150-a0650ef2f4cc,FirstNumber=709,secondNumber=1906}  written to file by thread pool-3-thread-5
 message  {Id=47cac5c7-b47e-49ca-bf3f-54adb773adba,FirstNumber=153,secondNumber=819}  added by thread pool-3-thread-6
 message  {Id=9e58c1a9-185a-4072-9589-28ffa3f98cce,FirstNumber=108,secondNumber=1533}  added by thread pool-3-thread-6
 message  {Id=47cac5c7-b47e-49ca-bf3f-54adb773adba,FirstNumber=153,secondNumber=819}  written to file by thread pool-3-thread-1
 message  {Id=9e58c1a9-185a-4072-9589-28ffa3f98cce,FirstNumber=108,secondNumber=1533}  written to file by thread pool-3-thread-2
 message  {Id=2c5ef230-635d-46c6-aa4f-638454c08fd4,FirstNumber=452,secondNumber=1558}  added by thread pool-3-thread-6
 message  {Id=04f52d08-2762-4a57-aafe-80803c4d353a,FirstNumber=382,secondNumber=960}  added by thread pool-3-thread-6
 message  {Id=2c5ef230-635d-46c6-aa4f-638454c08fd4,FirstNumber=452,secondNumber=1558}  written to file by thread pool-3-thread-2
 message  {Id=04f52d08-2762-4a57-aafe-80803c4d353a,FirstNumber=382,secondNumber=960}  written to file by thread pool-3-thread-4
 message  {Id=669f94a5-2b15-4795-91c6-ab42bf730305,FirstNumber=452,secondNumber=1014}  added by thread pool-3-thread-6
 message  {Id=669f94a5-2b15-4795-91c6-ab42bf730305,FirstNumber=452,secondNumber=1014}  written to file by thread pool-3-thread-5
 message  {Id=ddd8374e-3186-45fa-a30c-58f17ea1da61,FirstNumber=729,secondNumber=844}  added by thread pool-3-thread-6
 message  {Id=ddd8374e-3186-45fa-a30c-58f17ea1da61,FirstNumber=729,secondNumber=844}  written to file by thread pool-3-thread-1
 message  {Id=6b5d2ceb-dcba-4063-bba7-8a118fa3f776,FirstNumber=775,secondNumber=561}  added by thread pool-3-thread-6
 message  {Id=8728d346-f612-476b-bffd-24593ab6236f,FirstNumber=752,secondNumber=1384}  added by thread pool-3-thread-6
 message  {Id=6b5d2ceb-dcba-4063-bba7-8a118fa3f776,FirstNumber=775,secondNumber=561}  written to file by thread pool-3-thread-3
 message  {Id=8728d346-f612-476b-bffd-24593ab6236f,FirstNumber=752,secondNumber=1384}  written to file by thread pool-3-thread-2
 message  {Id=9a95a9f2-0eed-46fa-9f24-c19729fc3442,FirstNumber=435,secondNumber=1170}  added by thread pool-3-thread-6
 message  {Id=9a95a9f2-0eed-46fa-9f24-c19729fc3442,FirstNumber=435,secondNumber=1170}  written to file by thread pool-3-thread-3
 message  {Id=f027bae5-1f54-4b0d-8ca2-2c84b7e2fd8a,FirstNumber=265,secondNumber=1292}  added by thread pool-3-thread-6
 message  {Id=f027bae5-1f54-4b0d-8ca2-2c84b7e2fd8a,FirstNumber=265,secondNumber=1292}  written to file by thread pool-3-thread-5
 message  {Id=d1ec6f86-8fa2-4781-b98c-b51d4e24c462,FirstNumber=983,secondNumber=1250}  added by thread pool-3-thread-6
 message  {Id=d1ec6f86-8fa2-4781-b98c-b51d4e24c462,FirstNumber=983,secondNumber=1250}  written to file by thread pool-3-thread-5
 message  {Id=5bed602e-6470-445f-824d-af07da664f74,FirstNumber=923,secondNumber=629}  added by thread pool-3-thread-6
 message  {Id=5bed602e-6470-445f-824d-af07da664f74,FirstNumber=923,secondNumber=629}  written to file by thread pool-3-thread-4
 message  {Id=34ff0c44-4b8c-4043-b6bd-2bf416097b7a,FirstNumber=72,secondNumber=1386}  added by thread pool-3-thread-6
 message  {Id=dfe8a96d-3707-4bee-b4e3-9ba0659ca0d7,FirstNumber=518,secondNumber=412}  added by thread pool-3-thread-6
 message  {Id=34ff0c44-4b8c-4043-b6bd-2bf416097b7a,FirstNumber=72,secondNumber=1386}  written to file by thread pool-3-thread-2
 message  {Id=dfe8a96d-3707-4bee-b4e3-9ba0659ca0d7,FirstNumber=518,secondNumber=412}  written to file by thread pool-3-thread-3
 message  {Id=e0ded202-064a-403d-9c76-aeb02907b0ba,FirstNumber=936,secondNumber=1949}  added by thread pool-3-thread-6
 message  {Id=6b4ef617-8d63-40fb-a230-b1ef4585f12f,FirstNumber=570,secondNumber=531}  added by thread pool-3-thread-6
 message  {Id=e0ded202-064a-403d-9c76-aeb02907b0ba,FirstNumber=936,secondNumber=1949}  written to file by thread pool-3-thread-1
 message  {Id=6b4ef617-8d63-40fb-a230-b1ef4585f12f,FirstNumber=570,secondNumber=531}  written to file by thread pool-3-thread-5
 message  {Id=39c7bfd5-2cca-44d2-a0b8-9fb839f33329,FirstNumber=548,secondNumber=279}  added by thread pool-3-thread-6
 message  {Id=39c7bfd5-2cca-44d2-a0b8-9fb839f33329,FirstNumber=548,secondNumber=279}  written to file by thread pool-3-thread-5
 message  {Id=0c6f3b77-a8b2-480c-ba5a-77cd6a94e87b,FirstNumber=877,secondNumber=51}  added by thread pool-3-thread-6
 message  {Id=67f45686-fbb8-4558-b523-72ff72837503,FirstNumber=472,secondNumber=1877}  added by thread pool-3-thread-6
 message  {Id=0c6f3b77-a8b2-480c-ba5a-77cd6a94e87b,FirstNumber=877,secondNumber=51}  written to file by thread pool-3-thread-2
 message  {Id=67f45686-fbb8-4558-b523-72ff72837503,FirstNumber=472,secondNumber=1877}  written to file by thread pool-3-thread-3
 message  {Id=fe56c548-1025-4afa-b5c4-2e593c97dc87,FirstNumber=565,secondNumber=1722}  added by thread pool-3-thread-6
 message  {Id=83be8248-1054-4049-a138-b8889f369a78,FirstNumber=662,secondNumber=1761}  added by thread pool-3-thread-6
 message  {Id=fe56c548-1025-4afa-b5c4-2e593c97dc87,FirstNumber=565,secondNumber=1722}  written to file by thread pool-3-thread-1
 message  {Id=83be8248-1054-4049-a138-b8889f369a78,FirstNumber=662,secondNumber=1761}  written to file by thread pool-3-thread-4
 message  {Id=d51f805d-266a-4612-95d5-0d6576c254eb,FirstNumber=339,secondNumber=1070}  added by thread pool-3-thread-6
 message  {Id=d51f805d-266a-4612-95d5-0d6576c254eb,FirstNumber=339,secondNumber=1070}  written to file by thread pool-3-thread-5
 message  {Id=7a4fc091-1684-43f6-b969-e789d5ff8b5c,FirstNumber=241,secondNumber=1841}  added by thread pool-3-thread-6
 message  {Id=c5313862-a059-497a-b2d5-5a90cd64e366,FirstNumber=410,secondNumber=274}  added by thread pool-3-thread-6
 message  {Id=7a4fc091-1684-43f6-b969-e789d5ff8b5c,FirstNumber=241,secondNumber=1841}  written to file by thread pool-3-thread-2
 message  {Id=c5313862-a059-497a-b2d5-5a90cd64e366,FirstNumber=410,secondNumber=274}  written to file by thread pool-3-thread-3
 message  {Id=0614e329-db44-4071-acf8-1248373a7255,FirstNumber=416,secondNumber=1279}  added by thread pool-3-thread-6
 message  {Id=88bcd2c0-70fe-42b9-9081-e480dfb8762c,FirstNumber=587,secondNumber=1084}  added by thread pool-3-thread-6
 message  {Id=0614e329-db44-4071-acf8-1248373a7255,FirstNumber=416,secondNumber=1279}  written to file by thread pool-3-thread-1
 message  {Id=88bcd2c0-70fe-42b9-9081-e480dfb8762c,FirstNumber=587,secondNumber=1084}  written to file by thread pool-3-thread-4
 message  {Id=c8536ba4-4ad9-4ecd-abc7-3bf82dbdfa96,FirstNumber=618,secondNumber=1049}  added by thread pool-3-thread-6
 message  {Id=c8536ba4-4ad9-4ecd-abc7-3bf82dbdfa96,FirstNumber=618,secondNumber=1049}  written to file by thread pool-3-thread-4
 message  {Id=b3fd34b1-df86-4154-b0cc-9108336bbd65,FirstNumber=708,secondNumber=259}  added by thread pool-3-thread-6
 message  {Id=b3fd34b1-df86-4154-b0cc-9108336bbd65,FirstNumber=708,secondNumber=259}  written to file by thread pool-3-thread-4
 message  {Id=6f82deec-1b18-485c-ac0b-128416524b5c,FirstNumber=61,secondNumber=1296}  added by thread pool-3-thread-6
 message  {Id=34f39717-0f43-4d7d-9d0c-28e432fead4b,FirstNumber=452,secondNumber=1497}  added by thread pool-3-thread-6
 message  {Id=6f82deec-1b18-485c-ac0b-128416524b5c,FirstNumber=61,secondNumber=1296}  written to file by thread pool-3-thread-3
 message  {Id=a96d955a-51e0-47bf-ba18-331600d7106f,FirstNumber=955,secondNumber=792}  added by thread pool-3-thread-6
 message  {Id=34f39717-0f43-4d7d-9d0c-28e432fead4b,FirstNumber=452,secondNumber=1497}  written to file by thread pool-3-thread-1
 message  {Id=60ed9342-c83d-4029-851c-dbdcab863d5f,FirstNumber=180,secondNumber=923}  added by thread pool-3-thread-6
 message  {Id=a96d955a-51e0-47bf-ba18-331600d7106f,FirstNumber=955,secondNumber=792}  written to file by thread pool-3-thread-5
 message  {Id=60ed9342-c83d-4029-851c-dbdcab863d5f,FirstNumber=180,secondNumber=923}  written to file by thread pool-3-thread-1
 message  {Id=a72caa46-2048-4058-a345-e9f24b7a74b6,FirstNumber=999,secondNumber=568}  added by thread pool-3-thread-6
 message  {Id=cdcaab71-9c9c-4634-a57b-a090b8a85c34,FirstNumber=199,secondNumber=215}  added by thread pool-3-thread-6
 message  {Id=a72caa46-2048-4058-a345-e9f24b7a74b6,FirstNumber=999,secondNumber=568}  written to file by thread pool-3-thread-4
 message  {Id=cdcaab71-9c9c-4634-a57b-a090b8a85c34,FirstNumber=199,secondNumber=215}  written to file by thread pool-3-thread-3
 message  {Id=f0b06e72-dc33-4695-8fa2-4c1944289f53,FirstNumber=733,secondNumber=2}  added by thread pool-3-thread-6
 message  {Id=f0b06e72-dc33-4695-8fa2-4c1944289f53,FirstNumber=733,secondNumber=2}  written to file by thread pool-3-thread-2
 message  {Id=a6bae7c6-d1ea-4bef-a97d-4ccb33e68ffe,FirstNumber=388,secondNumber=166}  added by thread pool-3-thread-6
 message  {Id=a6bae7c6-d1ea-4bef-a97d-4ccb33e68ffe,FirstNumber=388,secondNumber=166}  written to file by thread pool-3-thread-5
 message  {Id=9e01ceb8-c619-4e88-ab22-642e69da28ea,FirstNumber=162,secondNumber=1909}  added by thread pool-3-thread-6
 message  {Id=eefadc24-d6a6-426c-a663-0cd45092564e,FirstNumber=351,secondNumber=1228}  added by thread pool-3-thread-6
 message  {Id=9e01ceb8-c619-4e88-ab22-642e69da28ea,FirstNumber=162,secondNumber=1909}  written to file by thread pool-3-thread-5
 message  {Id=eefadc24-d6a6-426c-a663-0cd45092564e,FirstNumber=351,secondNumber=1228}  written to file by thread pool-3-thread-4
 message  {Id=f1566ff6-80b3-4855-9988-d437abca8c78,FirstNumber=879,secondNumber=1290}  added by thread pool-3-thread-6
 message  {Id=f1566ff6-80b3-4855-9988-d437abca8c78,FirstNumber=879,secondNumber=1290}  written to file by thread pool-3-thread-5
 message  {Id=c8fc58c1-f0c6-439e-8bb0-c8709af6d8c9,FirstNumber=269,secondNumber=1581}  added by thread pool-3-thread-6
 message  {Id=c8fc58c1-f0c6-439e-8bb0-c8709af6d8c9,FirstNumber=269,secondNumber=1581}  written to file by thread pool-3-thread-2
 message  {Id=f5c3a8fe-243e-4ab5-82d1-6b9a961d2d7d,FirstNumber=873,secondNumber=1002}  added by thread pool-3-thread-6
 message  {Id=f5c3a8fe-243e-4ab5-82d1-6b9a961d2d7d,FirstNumber=873,secondNumber=1002}  written to file by thread pool-3-thread-2
 message  {Id=ad76c008-91ad-4f3b-9772-72e64fd7e171,FirstNumber=265,secondNumber=763}  added by thread pool-3-thread-6
 message  {Id=ad76c008-91ad-4f3b-9772-72e64fd7e171,FirstNumber=265,secondNumber=763}  written to file by thread pool-3-thread-2
 message  {Id=8e525986-9f9d-4d19-aa8c-8d42f2b40e56,FirstNumber=456,secondNumber=1472}  added by thread pool-3-thread-6
 message  {Id=8e525986-9f9d-4d19-aa8c-8d42f2b40e56,FirstNumber=456,secondNumber=1472}  written to file by thread pool-3-thread-2
 message  {Id=2a0d245e-1771-42ae-8b89-07da47d6e89b,FirstNumber=720,secondNumber=954}  added by thread pool-3-thread-6
 message  {Id=2a0d245e-1771-42ae-8b89-07da47d6e89b,FirstNumber=720,secondNumber=954}  written to file by thread pool-3-thread-5
 message  {Id=f7efa2a8-76c8-476b-8c99-d2c301b7a336,FirstNumber=781,secondNumber=227}  added by thread pool-3-thread-6
 message  {Id=abaca0c0-9bd8-40dd-b0cc-c8abdb18e59e,FirstNumber=718,secondNumber=61}  added by thread pool-3-thread-6
 message  {Id=f7efa2a8-76c8-476b-8c99-d2c301b7a336,FirstNumber=781,secondNumber=227}  written to file by thread pool-3-thread-1
 message  {Id=abaca0c0-9bd8-40dd-b0cc-c8abdb18e59e,FirstNumber=718,secondNumber=61}  written to file by thread pool-3-thread-3
 message  {Id=35eab444-90a2-4743-92b6-35949aed3e9b,FirstNumber=293,secondNumber=1659}  added by thread pool-3-thread-6
 message  {Id=35eab444-90a2-4743-92b6-35949aed3e9b,FirstNumber=293,secondNumber=1659}  written to file by thread pool-3-thread-3
 message  {Id=232b5b40-a4de-483d-8532-ab8b3f42bb8c,FirstNumber=247,secondNumber=938}  added by thread pool-3-thread-6
 message  {Id=232b5b40-a4de-483d-8532-ab8b3f42bb8c,FirstNumber=247,secondNumber=938}  written to file by thread pool-3-thread-2
 message  {Id=1df9c595-6da7-4e15-af45-5678d3973600,FirstNumber=154,secondNumber=768}  added by thread pool-3-thread-6
 message  {Id=f15d3991-1a61-4b77-a783-75fa0396e186,FirstNumber=776,secondNumber=1850}  added by thread pool-3-thread-6
 message  {Id=1df9c595-6da7-4e15-af45-5678d3973600,FirstNumber=154,secondNumber=768}  written to file by thread pool-3-thread-5
 message  {Id=4a3342e5-9021-4223-a4c7-ed4cf7431041,FirstNumber=598,secondNumber=1734}  added by thread pool-3-thread-6
 message  {Id=f15d3991-1a61-4b77-a783-75fa0396e186,FirstNumber=776,secondNumber=1850}  written to file by thread pool-3-thread-1
 message  {Id=c9906299-9463-4341-bf49-44a66f3b46f7,FirstNumber=646,secondNumber=1235}  added by thread pool-3-thread-6
 message  {Id=4a3342e5-9021-4223-a4c7-ed4cf7431041,FirstNumber=598,secondNumber=1734}  written to file by thread pool-3-thread-4
 message  {Id=c9906299-9463-4341-bf49-44a66f3b46f7,FirstNumber=646,secondNumber=1235}  written to file by thread pool-3-thread-3
 message  {Id=02a471f7-6330-4e67-b5cc-805c4d8441ea,FirstNumber=113,secondNumber=1001}  added by thread pool-3-thread-6
 message  {Id=02a471f7-6330-4e67-b5cc-805c4d8441ea,FirstNumber=113,secondNumber=1001}  written to file by thread pool-3-thread-3
 message  {Id=06f92c54-1062-4a6f-b888-a58a8d459073,FirstNumber=574,secondNumber=303}  added by thread pool-3-thread-6
 message  {Id=06f92c54-1062-4a6f-b888-a58a8d459073,FirstNumber=574,secondNumber=303}  written to file by thread pool-3-thread-3
 message  {Id=c529b216-efd4-4f79-bfe9-0166586fbba1,FirstNumber=144,secondNumber=1323}  added by thread pool-3-thread-6
 message  {Id=6352683b-9ad4-4a27-a18a-bdaf7db6bb82,FirstNumber=205,secondNumber=165}  added by thread pool-3-thread-6
 message  {Id=c529b216-efd4-4f79-bfe9-0166586fbba1,FirstNumber=144,secondNumber=1323}  written to file by thread pool-3-thread-1
 message  {Id=6352683b-9ad4-4a27-a18a-bdaf7db6bb82,FirstNumber=205,secondNumber=165}  written to file by thread pool-3-thread-4
 message  {Id=ae687d56-f99d-41b3-bf91-b931acc86981,FirstNumber=237,secondNumber=1499}  added by thread pool-3-thread-6
 message  {Id=ae687d56-f99d-41b3-bf91-b931acc86981,FirstNumber=237,secondNumber=1499}  written to file by thread pool-3-thread-4
 message  {Id=2ca86ff0-3751-4d31-878c-34d4c085ef43,FirstNumber=893,secondNumber=7}  added by thread pool-3-thread-6
 message  {Id=2ca86ff0-3751-4d31-878c-34d4c085ef43,FirstNumber=893,secondNumber=7}  written to file by thread pool-3-thread-4
 message  {Id=4c75a5c0-ec53-4f21-a946-6a6c9a89afaa,FirstNumber=216,secondNumber=1448}  added by thread pool-3-thread-6
 message  {Id=4c75a5c0-ec53-4f21-a946-6a6c9a89afaa,FirstNumber=216,secondNumber=1448}  written to file by thread pool-3-thread-3
 message  {Id=381766c1-f506-4199-853d-e130da700cad,FirstNumber=194,secondNumber=981}  added by thread pool-3-thread-6
 message  {Id=381766c1-f506-4199-853d-e130da700cad,FirstNumber=194,secondNumber=981}  written to file by thread pool-3-thread-3
 message  {Id=6ee7a7ef-82b6-4dbb-8373-bf9176f1fccc,FirstNumber=708,secondNumber=1994}  added by thread pool-3-thread-6
 message  {Id=377622ce-a888-45a2-96d2-60bb993ea2e4,FirstNumber=275,secondNumber=16}  added by thread pool-3-thread-6
 message  {Id=6ee7a7ef-82b6-4dbb-8373-bf9176f1fccc,FirstNumber=708,secondNumber=1994}  written to file by thread pool-3-thread-5
 message  {Id=377622ce-a888-45a2-96d2-60bb993ea2e4,FirstNumber=275,secondNumber=16}  written to file by thread pool-3-thread-2
 message  {Id=eb24d87e-f507-444f-a8cd-e627d69e9d98,FirstNumber=916,secondNumber=1542}  added by thread pool-3-thread-6
 message  {Id=eb24d87e-f507-444f-a8cd-e627d69e9d98,FirstNumber=916,secondNumber=1542}  written to file by thread pool-3-thread-5
 message  {Id=363069e0-c35b-4b78-978a-c82cf058af64,FirstNumber=395,secondNumber=1216}  added by thread pool-3-thread-6
 message  {Id=363069e0-c35b-4b78-978a-c82cf058af64,FirstNumber=395,secondNumber=1216}  written to file by thread pool-3-thread-5
 message  {Id=1f66e6a2-9de7-4860-90f8-f2473a732f34,FirstNumber=215,secondNumber=932}  added by thread pool-3-thread-6
 message  {Id=1f66e6a2-9de7-4860-90f8-f2473a732f34,FirstNumber=215,secondNumber=932}  written to file by thread pool-3-thread-3
 message  {Id=85da805f-854a-4307-995c-44e7fd581110,FirstNumber=791,secondNumber=1686}  added by thread pool-3-thread-6
 message  {Id=85da805f-854a-4307-995c-44e7fd581110,FirstNumber=791,secondNumber=1686}  written to file by thread pool-3-thread-3
 message  {Id=886d9741-8c44-4d09-af55-a797d0e4832c,FirstNumber=333,secondNumber=996}  added by thread pool-3-thread-6
 message  {Id=886d9741-8c44-4d09-af55-a797d0e4832c,FirstNumber=333,secondNumber=996}  written to file by thread pool-3-thread-4
 message  {Id=ac8a6520-ffe4-40e0-8dfa-1216be6820d6,FirstNumber=192,secondNumber=691}  added by thread pool-3-thread-6
 message  {Id=ac8a6520-ffe4-40e0-8dfa-1216be6820d6,FirstNumber=192,secondNumber=691}  written to file by thread pool-3-thread-4
 message  {Id=778ff2d4-4be3-4fb3-8c3f-c551cb785129,FirstNumber=927,secondNumber=50}  added by thread pool-3-thread-6
 message  {Id=778ff2d4-4be3-4fb3-8c3f-c551cb785129,FirstNumber=927,secondNumber=50}  written to file by thread pool-3-thread-5
 message  {Id=b3855158-2de6-4086-9e03-9a910e3fcfbc,FirstNumber=731,secondNumber=963}  added by thread pool-3-thread-6
 message  {Id=b3855158-2de6-4086-9e03-9a910e3fcfbc,FirstNumber=731,secondNumber=963}  written to file by thread pool-3-thread-5
 message  {Id=db586319-364c-4337-95a8-382e5e24dbb4,FirstNumber=79,secondNumber=672}  added by thread pool-3-thread-6
 message  {Id=db586319-364c-4337-95a8-382e5e24dbb4,FirstNumber=79,secondNumber=672}  written to file by thread pool-3-thread-3
 message  {Id=432d6ed8-542b-4e73-b63e-d5624526c63e,FirstNumber=626,secondNumber=1413}  added by thread pool-3-thread-6
 message  {Id=432d6ed8-542b-4e73-b63e-d5624526c63e,FirstNumber=626,secondNumber=1413}  written to file by thread pool-3-thread-3
 message  {Id=8a52675e-7e95-4f3b-9822-61ff4eda5a31,FirstNumber=499,secondNumber=1939}  added by thread pool-3-thread-6
 message  {Id=3ca69238-6882-46f0-9586-702c78ab94ed,FirstNumber=112,secondNumber=1761}  added by thread pool-3-thread-6
 message  {Id=8a52675e-7e95-4f3b-9822-61ff4eda5a31,FirstNumber=499,secondNumber=1939}  written to file by thread pool-3-thread-2
 message  {Id=3ca69238-6882-46f0-9586-702c78ab94ed,FirstNumber=112,secondNumber=1761}  written to file by thread pool-3-thread-4
 message  {Id=5868fd5c-b2ff-4c84-865f-7336141b8b19,FirstNumber=775,secondNumber=1428}  added by thread pool-3-thread-6
 message  {Id=5868fd5c-b2ff-4c84-865f-7336141b8b19,FirstNumber=775,secondNumber=1428}  written to file by thread pool-3-thread-4
 message  {Id=a29d5ae1-2396-4a89-b611-836b51f7880b,FirstNumber=174,secondNumber=1850}  added by thread pool-3-thread-6
 message  {Id=a29d5ae1-2396-4a89-b611-836b51f7880b,FirstNumber=174,secondNumber=1850}  written to file by thread pool-3-thread-1
 message  {Id=706e5783-2bfb-43d1-a5da-f09355044d12,FirstNumber=13,secondNumber=1771}  added by thread pool-3-thread-6
 message  {Id=706e5783-2bfb-43d1-a5da-f09355044d12,FirstNumber=13,secondNumber=1771}  written to file by thread pool-3-thread-1
 message  {Id=fc2b4019-d441-478a-9966-1cb889855b3f,FirstNumber=186,secondNumber=1181}  added by thread pool-3-thread-6
 message  {Id=fc2b4019-d441-478a-9966-1cb889855b3f,FirstNumber=186,secondNumber=1181}  written to file by thread pool-3-thread-2
 message  {Id=75fc5051-594e-4bc7-a75b-8eaf3137c692,FirstNumber=330,secondNumber=1982}  added by thread pool-3-thread-6
 message  {Id=75fc5051-594e-4bc7-a75b-8eaf3137c692,FirstNumber=330,secondNumber=1982}  written to file by thread pool-3-thread-2
 message  {Id=66730d76-d0df-40f5-8315-78019e5487fa,FirstNumber=808,secondNumber=921}  added by thread pool-3-thread-6
 message  {Id=66730d76-d0df-40f5-8315-78019e5487fa,FirstNumber=808,secondNumber=921}  written to file by thread pool-3-thread-4
 message  {Id=7ade3673-85f8-499f-876c-e7ebec8cd9ad,FirstNumber=61,secondNumber=1261}  added by thread pool-3-thread-6
 message  {Id=7ade3673-85f8-499f-876c-e7ebec8cd9ad,FirstNumber=61,secondNumber=1261}  written to file by thread pool-3-thread-4
 message  {Id=83ea84c8-13cc-4e55-a827-c6c668f5deae,FirstNumber=920,secondNumber=1541}  added by thread pool-3-thread-6
 message  {Id=83ea84c8-13cc-4e55-a827-c6c668f5deae,FirstNumber=920,secondNumber=1541}  written to file by thread pool-3-thread-1
 message  {Id=a136fd93-4aca-49b6-bb0d-a4a374106dc8,FirstNumber=284,secondNumber=198}  added by thread pool-3-thread-6
 message  {Id=ebf32e32-d689-4f24-9fa7-fb2f10aa396d,FirstNumber=0,secondNumber=476}  added by thread pool-3-thread-6
 message  {Id=a136fd93-4aca-49b6-bb0d-a4a374106dc8,FirstNumber=284,secondNumber=198}  written to file by thread pool-3-thread-5
 message  {Id=8d381b73-5367-48a6-8d12-2383a8af7a3d,FirstNumber=768,secondNumber=609}  added by thread pool-3-thread-6
 message  {Id=ebf32e32-d689-4f24-9fa7-fb2f10aa396d,FirstNumber=0,secondNumber=476}  written to file by thread pool-3-thread-1
 message  {Id=8d381b73-5367-48a6-8d12-2383a8af7a3d,FirstNumber=768,secondNumber=609}  written to file by thread pool-3-thread-5
 message  {Id=9afae5a2-f5b4-4c89-95c4-e578413ecf00,FirstNumber=721,secondNumber=992}  added by thread pool-3-thread-6
 message  {Id=9afae5a2-f5b4-4c89-95c4-e578413ecf00,FirstNumber=721,secondNumber=992}  written to file by thread pool-3-thread-5
 message  {Id=c68c9181-bc41-4cad-bd25-9ccd0487e75a,FirstNumber=280,secondNumber=152}  added by thread pool-3-thread-6
 message  {Id=c68c9181-bc41-4cad-bd25-9ccd0487e75a,FirstNumber=280,secondNumber=152}  written to file by thread pool-3-thread-2
 message  {Id=cfab6e05-a57a-48cc-ae47-272044bf582c,FirstNumber=838,secondNumber=163}  added by thread pool-3-thread-6
 message  {Id=cfab6e05-a57a-48cc-ae47-272044bf582c,FirstNumber=838,secondNumber=163}  written to file by thread pool-3-thread-2
 message  {Id=6637076e-5fbd-4c56-99fc-07b6fdfc730b,FirstNumber=534,secondNumber=715}  added by thread pool-3-thread-6
 message  {Id=6637076e-5fbd-4c56-99fc-07b6fdfc730b,FirstNumber=534,secondNumber=715}  written to file by thread pool-3-thread-1
 message  {Id=d9ca7f44-7edc-41b2-b3f6-ab43b6dd62fb,FirstNumber=301,secondNumber=586}  added by thread pool-3-thread-6
 message  {Id=d9ca7f44-7edc-41b2-b3f6-ab43b6dd62fb,FirstNumber=301,secondNumber=586}  written to file by thread pool-3-thread-4
 message  {Id=fbaf3e13-7f94-420a-ad68-b52c115cddad,FirstNumber=736,secondNumber=1209}  added by thread pool-3-thread-6
 message  {Id=fbaf3e13-7f94-420a-ad68-b52c115cddad,FirstNumber=736,secondNumber=1209}  written to file by thread pool-3-thread-4
 message  {Id=639b6488-fac2-4b21-921a-8cf3e17da608,FirstNumber=773,secondNumber=1428}  added by thread pool-3-thread-6
 message  {Id=639b6488-fac2-4b21-921a-8cf3e17da608,FirstNumber=773,secondNumber=1428}  written to file by thread pool-3-thread-4
 message  {Id=bc56f903-c6dc-4200-b41d-1e9e3e10ec2d,FirstNumber=119,secondNumber=1606}  added by thread pool-3-thread-6
 message  {Id=bc56f903-c6dc-4200-b41d-1e9e3e10ec2d,FirstNumber=119,secondNumber=1606}  written to file by thread pool-3-thread-2
 message  {Id=9d88c9f1-e9d4-4d00-b324-ea05532038ad,FirstNumber=713,secondNumber=158}  added by thread pool-3-thread-6
 message  {Id=9d88c9f1-e9d4-4d00-b324-ea05532038ad,FirstNumber=713,secondNumber=158}  written to file by thread pool-3-thread-1
 message  {Id=f6b07ac0-300e-40e0-9002-30b6b03ae600,FirstNumber=777,secondNumber=121}  added by thread pool-3-thread-6
 message  {Id=f6b07ac0-300e-40e0-9002-30b6b03ae600,FirstNumber=777,secondNumber=121}  written to file by thread pool-3-thread-1
 message  {Id=90e64398-6948-4958-8e01-709fdae9b9e2,FirstNumber=125,secondNumber=1202}  added by thread pool-3-thread-6
 message  {Id=92a2f110-19a5-4f06-be4c-cd7813646e68,FirstNumber=257,secondNumber=196}  added by thread pool-3-thread-6
 message  {Id=92a2f110-19a5-4f06-be4c-cd7813646e68,FirstNumber=257,secondNumber=196}  written to file by thread pool-3-thread-4
 message  {Id=0082e0a9-acda-483c-98ab-335b0dcf658d,FirstNumber=337,secondNumber=970}  added by thread pool-3-thread-6
 message  {Id=90e64398-6948-4958-8e01-709fdae9b9e2,FirstNumber=125,secondNumber=1202}  written to file by thread pool-3-thread-5
 message  {Id=0082e0a9-acda-483c-98ab-335b0dcf658d,FirstNumber=337,secondNumber=970}  written to file by thread pool-3-thread-2
 message  {Id=2aed97b2-fb32-4950-8aea-fab439e99dd1,FirstNumber=732,secondNumber=1683}  added by thread pool-3-thread-6
 message  {Id=2aed97b2-fb32-4950-8aea-fab439e99dd1,FirstNumber=732,secondNumber=1683}  written to file by thread pool-3-thread-2
 message  {Id=9e0ce2d8-f3e1-4036-8201-857ab8dea690,FirstNumber=404,secondNumber=1955}  added by thread pool-3-thread-6
 message  {Id=9e0ce2d8-f3e1-4036-8201-857ab8dea690,FirstNumber=404,secondNumber=1955}  written to file by thread pool-3-thread-3
 message  {Id=81b49b07-dac2-4cac-8419-d5e98c4a3b1d,FirstNumber=2,secondNumber=1100}  added by thread pool-3-thread-6
 message  {Id=81b49b07-dac2-4cac-8419-d5e98c4a3b1d,FirstNumber=2,secondNumber=1100}  written to file by thread pool-3-thread-4
 message  {Id=64336909-f45e-4685-ae0a-4d913e688b47,FirstNumber=656,secondNumber=1202}  added by thread pool-3-thread-6
 message  {Id=64336909-f45e-4685-ae0a-4d913e688b47,FirstNumber=656,secondNumber=1202}  written to file by thread pool-3-thread-4
 message  {Id=ce3c028f-1932-43c3-98b9-b7240a63309d,FirstNumber=162,secondNumber=1038}  added by thread pool-3-thread-6
 message  {Id=dfd2508f-ddc4-437e-8c42-15c092f4617c,FirstNumber=821,secondNumber=1692}  added by thread pool-3-thread-6
 message  {Id=ce3c028f-1932-43c3-98b9-b7240a63309d,FirstNumber=162,secondNumber=1038}  written to file by thread pool-3-thread-1
 message  {Id=dfd2508f-ddc4-437e-8c42-15c092f4617c,FirstNumber=821,secondNumber=1692}  written to file by thread pool-3-thread-2
 message  {Id=bfa0bdf6-d363-4617-aece-41207002d2ba,FirstNumber=739,secondNumber=543}  added by thread pool-3-thread-6
 message  {Id=bfa0bdf6-d363-4617-aece-41207002d2ba,FirstNumber=739,secondNumber=543}  written to file by thread pool-3-thread-3
 message  {Id=d969bb7f-4f03-4e98-956d-fd1481a6f8c8,FirstNumber=293,secondNumber=830}  added by thread pool-3-thread-6
 message  {Id=d969bb7f-4f03-4e98-956d-fd1481a6f8c8,FirstNumber=293,secondNumber=830}  written to file by thread pool-3-thread-3
 message  {Id=71cff368-b713-4ca4-ac2f-422e92a607f5,FirstNumber=93,secondNumber=1151}  added by thread pool-3-thread-6
 message  {Id=71cff368-b713-4ca4-ac2f-422e92a607f5,FirstNumber=93,secondNumber=1151}  written to file by thread pool-3-thread-4
 message  {Id=4e8cdaaf-84db-47ee-be6d-13a0244a7f6e,FirstNumber=62,secondNumber=196}  added by thread pool-3-thread-6
 message  {Id=4e8cdaaf-84db-47ee-be6d-13a0244a7f6e,FirstNumber=62,secondNumber=196}  written to file by thread pool-3-thread-1
 message  {Id=4c0c8c0c-a752-4454-ad00-5198ffd4c587,FirstNumber=399,secondNumber=1184}  added by thread pool-3-thread-6
 message  {Id=4c0c8c0c-a752-4454-ad00-5198ffd4c587,FirstNumber=399,secondNumber=1184}  written to file by thread pool-3-thread-2
 message  {Id=bbcc8f41-eee2-4cc0-9cd9-4b4456a77b58,FirstNumber=924,secondNumber=160}  added by thread pool-3-thread-6
 message  {Id=bbcc8f41-eee2-4cc0-9cd9-4b4456a77b58,FirstNumber=924,secondNumber=160}  written to file by thread pool-3-thread-2
 message  {Id=12e1dae8-c240-4f80-8cf1-3700163aae36,FirstNumber=616,secondNumber=373}  added by thread pool-3-thread-6
 message  {Id=12e1dae8-c240-4f80-8cf1-3700163aae36,FirstNumber=616,secondNumber=373}  written to file by thread pool-3-thread-3
 message  {Id=c0028a25-8647-4c3c-ac4f-ecc0f6e6700a,FirstNumber=583,secondNumber=1018}  added by thread pool-3-thread-6
 message  {Id=c0028a25-8647-4c3c-ac4f-ecc0f6e6700a,FirstNumber=583,secondNumber=1018}  written to file by thread pool-3-thread-3
 message  {Id=055ac952-b854-4cb4-a98a-59b74f1ca2ea,FirstNumber=609,secondNumber=609}  added by thread pool-3-thread-6
 message  {Id=ac22a904-b38f-484b-8bc4-65bcc4d218cc,FirstNumber=239,secondNumber=767}  added by thread pool-3-thread-6
 message  {Id=055ac952-b854-4cb4-a98a-59b74f1ca2ea,FirstNumber=609,secondNumber=609}  written to file by thread pool-3-thread-1
 message  {Id=ac22a904-b38f-484b-8bc4-65bcc4d218cc,FirstNumber=239,secondNumber=767}  written to file by thread pool-3-thread-5
 message  {Id=52f231e4-7c43-4b70-8b8d-da7f2eea6237,FirstNumber=156,secondNumber=1247}  added by thread pool-3-thread-6
 message  {Id=52f231e4-7c43-4b70-8b8d-da7f2eea6237,FirstNumber=156,secondNumber=1247}  written to file by thread pool-3-thread-5
 message  {Id=2dffab41-1a28-4d76-b684-40d2e21b255e,FirstNumber=111,secondNumber=517}  added by thread pool-3-thread-6
 message  {Id=b594fd1e-090c-4e46-8683-afa34f2a28b9,FirstNumber=642,secondNumber=1066}  added by thread pool-3-thread-6
 message  {Id=2dffab41-1a28-4d76-b684-40d2e21b255e,FirstNumber=111,secondNumber=517}  written to file by thread pool-3-thread-4
 message  {Id=b594fd1e-090c-4e46-8683-afa34f2a28b9,FirstNumber=642,secondNumber=1066}  written to file by thread pool-3-thread-3
 message  {Id=8df49d53-746e-447d-b1eb-72a4710bf697,FirstNumber=530,secondNumber=318}  added by thread pool-3-thread-6
 message  {Id=8df49d53-746e-447d-b1eb-72a4710bf697,FirstNumber=530,secondNumber=318}  written to file by thread pool-3-thread-3
 message  {Id=993806c0-46c8-41dc-9d8e-7bc8b2eddc28,FirstNumber=916,secondNumber=253}  added by thread pool-3-thread-6
 message  {Id=993806c0-46c8-41dc-9d8e-7bc8b2eddc28,FirstNumber=916,secondNumber=253}  written to file by thread pool-3-thread-2
 message  {Id=9bf26e17-49c0-42ea-b5c6-4bba85065bcf,FirstNumber=591,secondNumber=1449}  added by thread pool-3-thread-6
 message  {Id=9bf26e17-49c0-42ea-b5c6-4bba85065bcf,FirstNumber=591,secondNumber=1449}  written to file by thread pool-3-thread-2
 message  {Id=7a1d1c70-b27d-4992-92ce-d267f141273a,FirstNumber=597,secondNumber=1418}  added by thread pool-3-thread-6
 message  {Id=7a1d1c70-b27d-4992-92ce-d267f141273a,FirstNumber=597,secondNumber=1418}  written to file by thread pool-3-thread-4
 message  {Id=6c592b00-ccea-4b65-b6d2-0d83c1909114,FirstNumber=919,secondNumber=1327}  added by thread pool-3-thread-6
 message  {Id=6c592b00-ccea-4b65-b6d2-0d83c1909114,FirstNumber=919,secondNumber=1327}  written to file by thread pool-3-thread-1
 message  {Id=142944eb-6faf-4545-8afc-30d58591e4da,FirstNumber=726,secondNumber=1675}  added by thread pool-3-thread-6
 message  {Id=142944eb-6faf-4545-8afc-30d58591e4da,FirstNumber=726,secondNumber=1675}  written to file by thread pool-3-thread-1
 message  {Id=d377764a-069a-4061-a5fd-104a809f9a4a,FirstNumber=362,secondNumber=77}  added by thread pool-3-thread-6
 message  {Id=d377764a-069a-4061-a5fd-104a809f9a4a,FirstNumber=362,secondNumber=77}  written to file by thread pool-3-thread-1
 message  {Id=87b50c39-e5b3-42fe-bc9c-f6cf66a33b32,FirstNumber=230,secondNumber=452}  added by thread pool-3-thread-6
 message  {Id=87b50c39-e5b3-42fe-bc9c-f6cf66a33b32,FirstNumber=230,secondNumber=452}  written to file by thread pool-3-thread-2
 message  {Id=65cec13c-4eb0-4ae7-ac18-72b79fae5a79,FirstNumber=976,secondNumber=667}  added by thread pool-3-thread-6
 message  {Id=65cec13c-4eb0-4ae7-ac18-72b79fae5a79,FirstNumber=976,secondNumber=667}  written to file by thread pool-3-thread-2
 message  {Id=f921c1d8-0063-470b-8f81-37899ff1bd95,FirstNumber=167,secondNumber=1714}  added by thread pool-3-thread-6
 message  {Id=f921c1d8-0063-470b-8f81-37899ff1bd95,FirstNumber=167,secondNumber=1714}  written to file by thread pool-3-thread-3
 message  {Id=07a58a32-22b2-4f64-a668-4f09903b8490,FirstNumber=813,secondNumber=910}  added by thread pool-3-thread-6
 message  {Id=07a58a32-22b2-4f64-a668-4f09903b8490,FirstNumber=813,secondNumber=910}  written to file by thread pool-3-thread-3
 message  {Id=791739b2-8998-4dbb-a21f-7ebe3877d579,FirstNumber=751,secondNumber=719}  added by thread pool-3-thread-6
 message  {Id=791739b2-8998-4dbb-a21f-7ebe3877d579,FirstNumber=751,secondNumber=719}  written to file by thread pool-3-thread-1
 message  {Id=9f8cf039-47af-4019-8a08-205ffff95e53,FirstNumber=315,secondNumber=1405}  added by thread pool-3-thread-6
 message  {Id=9f8cf039-47af-4019-8a08-205ffff95e53,FirstNumber=315,secondNumber=1405}  written to file by thread pool-3-thread-1
 message  {Id=5358051e-9c78-4b96-8295-7b056c5fcccc,FirstNumber=506,secondNumber=79}  added by thread pool-3-thread-6
 message  {Id=5358051e-9c78-4b96-8295-7b056c5fcccc,FirstNumber=506,secondNumber=79}  written to file by thread pool-3-thread-1
 message  {Id=53915284-d8bd-4e9c-829a-33cbf5cf79e1,FirstNumber=243,secondNumber=1465}  added by thread pool-3-thread-6
 message  {Id=53915284-d8bd-4e9c-829a-33cbf5cf79e1,FirstNumber=243,secondNumber=1465}  written to file by thread pool-3-thread-5
 message  {Id=b3be73f6-f827-4e02-8095-b47671c33b21,FirstNumber=370,secondNumber=729}  added by thread pool-3-thread-6
 message  {Id=b3be73f6-f827-4e02-8095-b47671c33b21,FirstNumber=370,secondNumber=729}  written to file by thread pool-3-thread-3
 message  {Id=4ba37782-d235-4880-afa4-bc3ae5283fa7,FirstNumber=762,secondNumber=584}  added by thread pool-3-thread-6
 message  {Id=4ba37782-d235-4880-afa4-bc3ae5283fa7,FirstNumber=762,secondNumber=584}  written to file by thread pool-3-thread-4
 message  {Id=ae71a614-198f-4118-a399-8e58742e8c36,FirstNumber=873,secondNumber=1558}  added by thread pool-3-thread-6
 message  {Id=ae71a614-198f-4118-a399-8e58742e8c36,FirstNumber=873,secondNumber=1558}  written to file by thread pool-3-thread-4
 message  {Id=3e3c08ef-bca1-4dc3-812a-5ea0679a07d6,FirstNumber=429,secondNumber=390}  added by thread pool-3-thread-6
 message  {Id=3e3c08ef-bca1-4dc3-812a-5ea0679a07d6,FirstNumber=429,secondNumber=390}  written to file by thread pool-3-thread-1
 message  {Id=c3941c37-a6e8-418e-bc26-cdcd396132d3,FirstNumber=966,secondNumber=831}  added by thread pool-3-thread-6
 message  {Id=c3941c37-a6e8-418e-bc26-cdcd396132d3,FirstNumber=966,secondNumber=831}  written to file by thread pool-3-thread-1
 message  {Id=50195c85-0f1d-4442-8dcf-d85a0e25e262,FirstNumber=541,secondNumber=1755}  added by thread pool-3-thread-6
 message  {Id=50195c85-0f1d-4442-8dcf-d85a0e25e262,FirstNumber=541,secondNumber=1755}  written to file by thread pool-3-thread-3
 message  {Id=16de6ba3-b59b-46e0-9f2d-a20a24998ba7,FirstNumber=124,secondNumber=585}  added by thread pool-3-thread-6
 message  {Id=16de6ba3-b59b-46e0-9f2d-a20a24998ba7,FirstNumber=124,secondNumber=585}  written to file by thread pool-3-thread-3
 message  {Id=ab77b3c0-15b9-42c0-9794-d3f604c66604,FirstNumber=639,secondNumber=1227}  added by thread pool-3-thread-6
 message  {Id=ab77b3c0-15b9-42c0-9794-d3f604c66604,FirstNumber=639,secondNumber=1227}  written to file by thread pool-3-thread-4
 message  {Id=98251dce-8926-4376-b8d6-c9d74e4feada,FirstNumber=555,secondNumber=289}  added by thread pool-3-thread-6
 message  {Id=98251dce-8926-4376-b8d6-c9d74e4feada,FirstNumber=555,secondNumber=289}  written to file by thread pool-3-thread-5
 message  {Id=aefe4ceb-239b-4131-b100-fbeff98776e3,FirstNumber=874,secondNumber=855}  added by thread pool-3-thread-6
 message  {Id=aefe4ceb-239b-4131-b100-fbeff98776e3,FirstNumber=874,secondNumber=855}  written to file by thread pool-3-thread-1
 message  {Id=df6e17d7-f5a0-48c1-bb5a-b5b384f74c90,FirstNumber=639,secondNumber=955}  added by thread pool-3-thread-6
 message  {Id=df6e17d7-f5a0-48c1-bb5a-b5b384f74c90,FirstNumber=639,secondNumber=955}  written to file by thread pool-3-thread-1
 message  {Id=907c47c3-f0b4-494f-a73d-a5b662bc31c9,FirstNumber=995,secondNumber=614}  added by thread pool-3-thread-6
 message  {Id=907c47c3-f0b4-494f-a73d-a5b662bc31c9,FirstNumber=995,secondNumber=614}  written to file by thread pool-3-thread-3
 message  {Id=52f34ff5-a767-4c78-b986-cf3858a561de,FirstNumber=85,secondNumber=854}  added by thread pool-3-thread-6
 message  {Id=09cb1317-366c-4fcf-8267-f4c8a0d152ef,FirstNumber=960,secondNumber=1044}  added by thread pool-3-thread-6
 message  {Id=52f34ff5-a767-4c78-b986-cf3858a561de,FirstNumber=85,secondNumber=854}  written to file by thread pool-3-thread-4
 message  {Id=09cb1317-366c-4fcf-8267-f4c8a0d152ef,FirstNumber=960,secondNumber=1044}  written to file by thread pool-3-thread-5
 message  {Id=067fdb12-8dee-4396-b898-0f5257190e9b,FirstNumber=860,secondNumber=630}  added by thread pool-3-thread-6
 message  {Id=067fdb12-8dee-4396-b898-0f5257190e9b,FirstNumber=860,secondNumber=630}  written to file by thread pool-3-thread-2
 message  {Id=f615ada2-83f6-4e0c-a472-7f19f1624305,FirstNumber=77,secondNumber=273}  added by thread pool-3-thread-6
 message  {Id=f615ada2-83f6-4e0c-a472-7f19f1624305,FirstNumber=77,secondNumber=273}  written to file by thread pool-3-thread-2
 message  {Id=466b5922-d013-42ad-9e7e-9f446219df2e,FirstNumber=501,secondNumber=1265}  added by thread pool-3-thread-6
 message  {Id=466b5922-d013-42ad-9e7e-9f446219df2e,FirstNumber=501,secondNumber=1265}  written to file by thread pool-3-thread-3
 message  {Id=f13d55c5-f8dc-40ab-b12b-0d9c9d047722,FirstNumber=439,secondNumber=35}  added by thread pool-3-thread-6
 message  {Id=f13d55c5-f8dc-40ab-b12b-0d9c9d047722,FirstNumber=439,secondNumber=35}  written to file by thread pool-3-thread-3
 message  {Id=51f8e61a-e968-459a-9fcd-8ea2701f93dd,FirstNumber=436,secondNumber=765}  added by thread pool-3-thread-6
 message  {Id=51f8e61a-e968-459a-9fcd-8ea2701f93dd,FirstNumber=436,secondNumber=765}  written to file by thread pool-3-thread-5
 message  {Id=90192613-1f73-4026-9041-9fc9671a264c,FirstNumber=81,secondNumber=365}  added by thread pool-3-thread-6
 message  {Id=90192613-1f73-4026-9041-9fc9671a264c,FirstNumber=81,secondNumber=365}  written to file by thread pool-3-thread-5
 message  {Id=191b4b7c-af32-46f9-ad65-7be9f4b56f77,FirstNumber=136,secondNumber=1071}  added by thread pool-3-thread-6
 message  {Id=9c83292f-4309-44b4-866d-44c0e75a9737,FirstNumber=960,secondNumber=176}  added by thread pool-3-thread-6
 message  {Id=191b4b7c-af32-46f9-ad65-7be9f4b56f77,FirstNumber=136,secondNumber=1071}  written to file by thread pool-3-thread-2
 message  {Id=9c83292f-4309-44b4-866d-44c0e75a9737,FirstNumber=960,secondNumber=176}  written to file by thread pool-3-thread-4
 message  {Id=7876cec1-eb83-4196-a17e-6d53c8ded3b9,FirstNumber=983,secondNumber=1510}  added by thread pool-3-thread-6
 message  {Id=7876cec1-eb83-4196-a17e-6d53c8ded3b9,FirstNumber=983,secondNumber=1510}  written to file by thread pool-3-thread-4
 message  {Id=e0506545-e232-497b-9cbc-5b21ea8d8e04,FirstNumber=961,secondNumber=1343}  added by thread pool-3-thread-6
 message  {Id=e0506545-e232-497b-9cbc-5b21ea8d8e04,FirstNumber=961,secondNumber=1343}  written to file by thread pool-3-thread-1
 message  {Id=ec9855a7-7be6-454d-9a78-9675fe5e6641,FirstNumber=837,secondNumber=1652}  added by thread pool-3-thread-6
 message  {Id=ec9855a7-7be6-454d-9a78-9675fe5e6641,FirstNumber=837,secondNumber=1652}  written to file by thread pool-3-thread-1
 message  {Id=dd5d1ddf-7671-496d-a4ab-17c8425eab10,FirstNumber=718,secondNumber=1456}  added by thread pool-3-thread-6
 message  {Id=dd5d1ddf-7671-496d-a4ab-17c8425eab10,FirstNumber=718,secondNumber=1456}  written to file by thread pool-3-thread-2
 message  {Id=f00f5bc5-399d-4a59-839f-b65c91465649,FirstNumber=836,secondNumber=826}  added by thread pool-3-thread-6
 message  {Id=f00f5bc5-399d-4a59-839f-b65c91465649,FirstNumber=836,secondNumber=826}  written to file by thread pool-3-thread-3
 message  {Id=d2549738-1d94-472c-b232-d395c3d5c474,FirstNumber=242,secondNumber=719}  added by thread pool-3-thread-6
 message  {Id=d2549738-1d94-472c-b232-d395c3d5c474,FirstNumber=242,secondNumber=719}  written to file by thread pool-3-thread-3
 message  {Id=be15e528-5210-41b8-bf70-3dce9708d658,FirstNumber=591,secondNumber=235}  added by thread pool-3-thread-6
 message  {Id=be15e528-5210-41b8-bf70-3dce9708d658,FirstNumber=591,secondNumber=235}  written to file by thread pool-3-thread-5
 message  {Id=3ddeadd9-daa6-4a2d-850b-a36e9d4a4769,FirstNumber=475,secondNumber=167}  added by thread pool-3-thread-6
 message  {Id=3ddeadd9-daa6-4a2d-850b-a36e9d4a4769,FirstNumber=475,secondNumber=167}  written to file by thread pool-3-thread-5
 message  {Id=0aa21a16-9586-4f04-a934-adbcc36c46ca,FirstNumber=306,secondNumber=734}  added by thread pool-3-thread-6
 message  {Id=1ee335bf-7f84-4d6e-b3cd-0c9f7758062d,FirstNumber=277,secondNumber=1932}  added by thread pool-3-thread-6
 message  {Id=0aa21a16-9586-4f04-a934-adbcc36c46ca,FirstNumber=306,secondNumber=734}  written to file by thread pool-3-thread-2
 message  {Id=1ee335bf-7f84-4d6e-b3cd-0c9f7758062d,FirstNumber=277,secondNumber=1932}  written to file by thread pool-3-thread-4
 message  {Id=ffca6030-09da-4acf-a8ba-b70188742752,FirstNumber=908,secondNumber=78}  added by thread pool-3-thread-6
 message  {Id=ffca6030-09da-4acf-a8ba-b70188742752,FirstNumber=908,secondNumber=78}  written to file by thread pool-3-thread-3
 message  {Id=53728700-bedf-4075-bfce-c5a92977ca31,FirstNumber=548,secondNumber=590}  added by thread pool-3-thread-6
 message  {Id=53728700-bedf-4075-bfce-c5a92977ca31,FirstNumber=548,secondNumber=590}  written to file by thread pool-3-thread-3
 message  {Id=25c2a4f9-5ba6-4891-9e12-c70ef10621d8,FirstNumber=316,secondNumber=102}  added by thread pool-3-thread-6
 message  {Id=25c2a4f9-5ba6-4891-9e12-c70ef10621d8,FirstNumber=316,secondNumber=102}  written to file by thread pool-3-thread-5
 message  {Id=adafcf2c-6625-40e0-8c54-4f8a64be72f7,FirstNumber=989,secondNumber=1795}  added by thread pool-3-thread-6
 message  {Id=adafcf2c-6625-40e0-8c54-4f8a64be72f7,FirstNumber=989,secondNumber=1795}  written to file by thread pool-3-thread-5
 message  {Id=66857f53-18d1-4306-957a-df305d74ff67,FirstNumber=547,secondNumber=455}  added by thread pool-3-thread-6
 message  {Id=66857f53-18d1-4306-957a-df305d74ff67,FirstNumber=547,secondNumber=455}  written to file by thread pool-3-thread-4
 message  {Id=ad1ff4b3-3f0e-431f-937b-33709e3a6ae2,FirstNumber=865,secondNumber=1422}  added by thread pool-3-thread-6
 message  {Id=ad1ff4b3-3f0e-431f-937b-33709e3a6ae2,FirstNumber=865,secondNumber=1422}  written to file by thread pool-3-thread-4
 message  {Id=d71f6f8d-e270-4a61-be98-9f9247d668f4,FirstNumber=908,secondNumber=121}  added by thread pool-3-thread-6
 message  {Id=d71f6f8d-e270-4a61-be98-9f9247d668f4,FirstNumber=908,secondNumber=121}  written to file by thread pool-3-thread-3
 message  {Id=9bf9c90d-8806-40c2-9e80-da5312871955,FirstNumber=521,secondNumber=176}  added by thread pool-3-thread-6
 message  {Id=9bf9c90d-8806-40c2-9e80-da5312871955,FirstNumber=521,secondNumber=176}  written to file by thread pool-3-thread-3
 message  {Id=00333d43-84dd-40fb-aa87-886b0a3cd196,FirstNumber=273,secondNumber=164}  added by thread pool-3-thread-6
 message  {Id=66ce0b29-bd5b-4630-a148-d2004b34b730,FirstNumber=328,secondNumber=511}  added by thread pool-3-thread-6
 message  {Id=00333d43-84dd-40fb-aa87-886b0a3cd196,FirstNumber=273,secondNumber=164}  written to file by thread pool-3-thread-5
 message  {Id=66ce0b29-bd5b-4630-a148-d2004b34b730,FirstNumber=328,secondNumber=511}  written to file by thread pool-3-thread-1
 message  {Id=7c9cdccb-36df-4448-bae5-d5c2375cdf1a,FirstNumber=494,secondNumber=1526}  added by thread pool-3-thread-6
 message  {Id=7c9cdccb-36df-4448-bae5-d5c2375cdf1a,FirstNumber=494,secondNumber=1526}  written to file by thread pool-3-thread-1
 message  {Id=844baf78-19a7-4a97-8a8a-4cf15c779dfb,FirstNumber=953,secondNumber=323}  added by thread pool-3-thread-6
 message  {Id=844baf78-19a7-4a97-8a8a-4cf15c779dfb,FirstNumber=953,secondNumber=323}  written to file by thread pool-3-thread-2
 message  {Id=01122ce6-b59b-40f0-8640-a39af70b6133,FirstNumber=475,secondNumber=1266}  added by thread pool-3-thread-6
 message  {Id=01122ce6-b59b-40f0-8640-a39af70b6133,FirstNumber=475,secondNumber=1266}  written to file by thread pool-3-thread-3
 message  {Id=3bbe2342-ffd9-4fdc-8369-3298b175c90b,FirstNumber=612,secondNumber=29}  added by thread pool-3-thread-6
 message  {Id=3bbe2342-ffd9-4fdc-8369-3298b175c90b,FirstNumber=612,secondNumber=29}  written to file by thread pool-3-thread-5
 message  {Id=6952ff09-78bd-4b41-a451-e69beb3ae6a4,FirstNumber=482,secondNumber=242}  added by thread pool-3-thread-6
 message  {Id=6952ff09-78bd-4b41-a451-e69beb3ae6a4,FirstNumber=482,secondNumber=242}  written to file by thread pool-3-thread-5
 message  {Id=44d13709-4f3c-42d0-8548-c5fd061c4430,FirstNumber=334,secondNumber=213}  added by thread pool-3-thread-6
 message  {Id=44d13709-4f3c-42d0-8548-c5fd061c4430,FirstNumber=334,secondNumber=213}  written to file by thread pool-3-thread-1
 message  {Id=0a0c9c01-e981-42ad-99b0-08f4574129a0,FirstNumber=178,secondNumber=155}  added by thread pool-3-thread-6
 message  {Id=0a0c9c01-e981-42ad-99b0-08f4574129a0,FirstNumber=178,secondNumber=155}  written to file by thread pool-3-thread-1
 message  {Id=3c5c0738-aa59-453d-928e-6e3b478db536,FirstNumber=784,secondNumber=602}  added by thread pool-3-thread-6
 message  {Id=3c5c0738-aa59-453d-928e-6e3b478db536,FirstNumber=784,secondNumber=602}  written to file by thread pool-3-thread-1
 message  {Id=87651074-2ac7-4df3-bf5c-bb3a54cf8728,FirstNumber=494,secondNumber=32}  added by thread pool-3-thread-6
 message  {Id=5aaa1e1c-0e8b-4c5a-a885-20b4df34240a,FirstNumber=109,secondNumber=1537}  added by thread pool-3-thread-6
 message  {Id=87651074-2ac7-4df3-bf5c-bb3a54cf8728,FirstNumber=494,secondNumber=32}  written to file by thread pool-3-thread-4
 message  {Id=5aaa1e1c-0e8b-4c5a-a885-20b4df34240a,FirstNumber=109,secondNumber=1537}  written to file by thread pool-3-thread-5
 message  {Id=f6724367-cb23-4887-80fd-0d38250d8136,FirstNumber=75,secondNumber=912}  added by thread pool-3-thread-6
 message  {Id=f6724367-cb23-4887-80fd-0d38250d8136,FirstNumber=75,secondNumber=912}  written to file by thread pool-3-thread-2
 message  {Id=b8254ed9-ef05-4d72-b04a-9c20854fdc46,FirstNumber=202,secondNumber=591}  added by thread pool-3-thread-6
 message  {Id=b8254ed9-ef05-4d72-b04a-9c20854fdc46,FirstNumber=202,secondNumber=591}  written to file by thread pool-3-thread-3
 message  {Id=9eedbabc-0241-4abe-8f57-f41421353700,FirstNumber=302,secondNumber=882}  added by thread pool-3-thread-6
 message  {Id=9eedbabc-0241-4abe-8f57-f41421353700,FirstNumber=302,secondNumber=882}  written to file by thread pool-3-thread-1
 message  {Id=e639f798-2ad2-4941-a497-8fd29701da48,FirstNumber=700,secondNumber=852}  added by thread pool-3-thread-6
 message  {Id=e639f798-2ad2-4941-a497-8fd29701da48,FirstNumber=700,secondNumber=852}  written to file by thread pool-3-thread-4
 message  {Id=7e776272-675b-445e-875f-bd447e8415ad,FirstNumber=12,secondNumber=1872}  added by thread pool-3-thread-6
 message  {Id=7e776272-675b-445e-875f-bd447e8415ad,FirstNumber=12,secondNumber=1872}  written to file by thread pool-3-thread-4
 message  {Id=aab8d2c5-1a91-4c0a-b577-562b85eacbe8,FirstNumber=311,secondNumber=240}  added by thread pool-3-thread-6
 message  {Id=aab8d2c5-1a91-4c0a-b577-562b85eacbe8,FirstNumber=311,secondNumber=240}  written to file by thread pool-3-thread-2
 message  {Id=cd9d9c84-9846-418f-ae90-e9ef1533f9c2,FirstNumber=677,secondNumber=445}  added by thread pool-3-thread-6
 message  {Id=cd9d9c84-9846-418f-ae90-e9ef1533f9c2,FirstNumber=677,secondNumber=445}  written to file by thread pool-3-thread-2
 message  {Id=6bba6428-57fc-4d35-b7ac-f14fa5d53910,FirstNumber=578,secondNumber=859}  added by thread pool-3-thread-6
 message  {Id=6bba6428-57fc-4d35-b7ac-f14fa5d53910,FirstNumber=578,secondNumber=859}  written to file by thread pool-3-thread-1
 message  {Id=ef774f36-353b-4a5b-8989-2b722e95f03f,FirstNumber=285,secondNumber=1186}  added by thread pool-3-thread-6
 message  {Id=807b3802-bfb0-42ac-ae51-b95acee8a875,FirstNumber=729,secondNumber=1517}  added by thread pool-3-thread-6
 message  {Id=ef774f36-353b-4a5b-8989-2b722e95f03f,FirstNumber=285,secondNumber=1186}  written to file by thread pool-3-thread-5
 message  {Id=807b3802-bfb0-42ac-ae51-b95acee8a875,FirstNumber=729,secondNumber=1517}  written to file by thread pool-3-thread-4
 message  {Id=9c1e6ede-5efe-4edb-adbf-92e9f3e75f97,FirstNumber=853,secondNumber=1043}  added by thread pool-3-thread-6
 message  {Id=9c1e6ede-5efe-4edb-adbf-92e9f3e75f97,FirstNumber=853,secondNumber=1043}  written to file by thread pool-3-thread-3
 message  {Id=efcd801f-cee2-4286-abb0-be0f88d1fe16,FirstNumber=730,secondNumber=55}  added by thread pool-3-thread-6
 message  {Id=efcd801f-cee2-4286-abb0-be0f88d1fe16,FirstNumber=730,secondNumber=55}  written to file by thread pool-3-thread-3
 message  {Id=e22d8b2f-0b48-4fe3-8f54-f5441d85f9b5,FirstNumber=17,secondNumber=922}  added by thread pool-3-thread-6
 message  {Id=e22d8b2f-0b48-4fe3-8f54-f5441d85f9b5,FirstNumber=17,secondNumber=922}  written to file by thread pool-3-thread-1
 message  {Id=060754a1-e0c8-4a47-84bb-a275370984fc,FirstNumber=95,secondNumber=1706}  added by thread pool-3-thread-6
 message  {Id=060754a1-e0c8-4a47-84bb-a275370984fc,FirstNumber=95,secondNumber=1706}  written to file by thread pool-3-thread-5
 message  {Id=eed9260c-fca4-4644-a2c5-035ff0e3cdc1,FirstNumber=1,secondNumber=1794}  added by thread pool-3-thread-6
 message  {Id=eed9260c-fca4-4644-a2c5-035ff0e3cdc1,FirstNumber=1,secondNumber=1794}  written to file by thread pool-3-thread-5
 message  {Id=a5533e8c-850e-4c18-9a0f-5ac7496b96f2,FirstNumber=157,secondNumber=1209}  added by thread pool-3-thread-6
 message  {Id=a5533e8c-850e-4c18-9a0f-5ac7496b96f2,FirstNumber=157,secondNumber=1209}  written to file by thread pool-3-thread-2
 message  {Id=6a88b57a-a05f-438b-8ef1-1c6d02413cca,FirstNumber=11,secondNumber=737}  added by thread pool-3-thread-6
 message  {Id=6a88b57a-a05f-438b-8ef1-1c6d02413cca,FirstNumber=11,secondNumber=737}  written to file by thread pool-3-thread-2
 message  {Id=33af1d0d-5963-42b5-b65d-fd6e42b7d992,FirstNumber=699,secondNumber=1510}  added by thread pool-3-thread-6
 message  {Id=33af1d0d-5963-42b5-b65d-fd6e42b7d992,FirstNumber=699,secondNumber=1510}  written to file by thread pool-3-thread-1
 message  {Id=205e5fe1-3056-4613-8324-5cfb7471c0b3,FirstNumber=708,secondNumber=1397}  added by thread pool-3-thread-6
 message  {Id=205e5fe1-3056-4613-8324-5cfb7471c0b3,FirstNumber=708,secondNumber=1397}  written to file by thread pool-3-thread-1
 message  {Id=d9bd48ae-7152-477e-9933-b8900842ef38,FirstNumber=178,secondNumber=955}  added by thread pool-3-thread-6
 message  {Id=d9bd48ae-7152-477e-9933-b8900842ef38,FirstNumber=178,secondNumber=955}  written to file by thread pool-3-thread-1
 message  {Id=3e4c2f93-1c49-4a5f-bf05-a0f434174f69,FirstNumber=50,secondNumber=1413}  added by thread pool-3-thread-6
 message  {Id=3e4c2f93-1c49-4a5f-bf05-a0f434174f69,FirstNumber=50,secondNumber=1413}  written to file by thread pool-3-thread-3
 message  {Id=0cba16e2-000e-4678-b5f1-cd9a7649f8d7,FirstNumber=679,secondNumber=1167}  added by thread pool-3-thread-6
 message  {Id=0cba16e2-000e-4678-b5f1-cd9a7649f8d7,FirstNumber=679,secondNumber=1167}  written to file by thread pool-3-thread-3
 message  {Id=277f1d4b-a7a5-407c-bf15-410b9f9a2eb4,FirstNumber=62,secondNumber=1932}  added by thread pool-3-thread-6
 message  {Id=277f1d4b-a7a5-407c-bf15-410b9f9a2eb4,FirstNumber=62,secondNumber=1932}  written to file by thread pool-3-thread-4
 message  {Id=4b7b6c6d-2ef7-41a1-8bef-545ddf07d9c2,FirstNumber=563,secondNumber=1962}  added by thread pool-3-thread-6
 message  {Id=4b7b6c6d-2ef7-41a1-8bef-545ddf07d9c2,FirstNumber=563,secondNumber=1962}  written to file by thread pool-3-thread-4
 message  {Id=b04bcd01-bd8f-4a02-b9ec-cdc4dc1f18ed,FirstNumber=482,secondNumber=1415}  added by thread pool-3-thread-6
 message  {Id=b04bcd01-bd8f-4a02-b9ec-cdc4dc1f18ed,FirstNumber=482,secondNumber=1415}  written to file by thread pool-3-thread-1
 message  {Id=b408f003-f2ae-4014-a3ff-ec2dd6898e2a,FirstNumber=966,secondNumber=1748}  added by thread pool-3-thread-6
 message  {Id=b408f003-f2ae-4014-a3ff-ec2dd6898e2a,FirstNumber=966,secondNumber=1748}  written to file by thread pool-3-thread-1
 message  {Id=a5d00e6f-7b08-4028-b03c-f016e720acef,FirstNumber=14,secondNumber=1058}  added by thread pool-3-thread-6
 message  {Id=a5d00e6f-7b08-4028-b03c-f016e720acef,FirstNumber=14,secondNumber=1058}  written to file by thread pool-3-thread-1
 message  {Id=88c1a3a7-50a9-43ab-ad85-0e6c134fc52d,FirstNumber=307,secondNumber=1714}  added by thread pool-3-thread-6
 message  {Id=88c1a3a7-50a9-43ab-ad85-0e6c134fc52d,FirstNumber=307,secondNumber=1714}  written to file by thread pool-3-thread-5
 message  {Id=7d0b4470-79a6-41a5-9b66-d7c17a55d459,FirstNumber=622,secondNumber=263}  added by thread pool-3-thread-6
 message  {Id=e15239fe-aaaa-4b30-95bd-38139adc234f,FirstNumber=679,secondNumber=1828}  added by thread pool-3-thread-6
 message  {Id=7d0b4470-79a6-41a5-9b66-d7c17a55d459,FirstNumber=622,secondNumber=263}  written to file by thread pool-3-thread-4
 message  {Id=e15239fe-aaaa-4b30-95bd-38139adc234f,FirstNumber=679,secondNumber=1828}  written to file by thread pool-3-thread-2
 message  {Id=5ff04bbb-ebc7-423b-a8f2-5d8a155ebeed,FirstNumber=354,secondNumber=175}  added by thread pool-3-thread-6
 message  {Id=5ff04bbb-ebc7-423b-a8f2-5d8a155ebeed,FirstNumber=354,secondNumber=175}  written to file by thread pool-3-thread-2
 message  {Id=1ce30cb6-8752-4f90-929e-c1938d7747ea,FirstNumber=926,secondNumber=1801}  added by thread pool-3-thread-6
 message  {Id=1ce30cb6-8752-4f90-929e-c1938d7747ea,FirstNumber=926,secondNumber=1801}  written to file by thread pool-3-thread-1
 message  {Id=f09d35c3-3874-4064-a20c-df60badeac38,FirstNumber=362,secondNumber=1360}  added by thread pool-3-thread-6
 message  {Id=f09d35c3-3874-4064-a20c-df60badeac38,FirstNumber=362,secondNumber=1360}  written to file by thread pool-3-thread-1
 message  {Id=859a9664-8656-48c5-8e8c-c296099bcfd2,FirstNumber=663,secondNumber=1665}  added by thread pool-3-thread-6
 message  {Id=859a9664-8656-48c5-8e8c-c296099bcfd2,FirstNumber=663,secondNumber=1665}  written to file by thread pool-3-thread-4
 message  {Id=25300142-bdd7-4efc-a50a-5bba78baf07e,FirstNumber=260,secondNumber=1042}  added by thread pool-3-thread-6
 message  {Id=25300142-bdd7-4efc-a50a-5bba78baf07e,FirstNumber=260,secondNumber=1042}  written to file by thread pool-3-thread-4
 message  {Id=de034244-cce0-466b-a6e1-298acafb9509,FirstNumber=896,secondNumber=567}  added by thread pool-3-thread-6
 message  {Id=de034244-cce0-466b-a6e1-298acafb9509,FirstNumber=896,secondNumber=567}  written to file by thread pool-3-thread-2
 message  {Id=41a644f5-abad-46c0-889c-4203dee62b08,FirstNumber=518,secondNumber=1416}  added by thread pool-3-thread-6
 message  {Id=41a644f5-abad-46c0-889c-4203dee62b08,FirstNumber=518,secondNumber=1416}  written to file by thread pool-3-thread-2
 message  {Id=c7240783-37a2-43cc-aff1-641332722919,FirstNumber=833,secondNumber=796}  added by thread pool-3-thread-6
 message  {Id=c7240783-37a2-43cc-aff1-641332722919,FirstNumber=833,secondNumber=796}  written to file by thread pool-3-thread-1
 message  {Id=c7dc4630-35ee-4088-9282-d9ad0531456f,FirstNumber=23,secondNumber=738}  added by thread pool-3-thread-6
 message  {Id=557242ce-3441-43a8-ae2a-7a2425252dcd,FirstNumber=857,secondNumber=1069}  added by thread pool-3-thread-6
 message  {Id=c7dc4630-35ee-4088-9282-d9ad0531456f,FirstNumber=23,secondNumber=738}  written to file by thread pool-3-thread-3
 message  {Id=557242ce-3441-43a8-ae2a-7a2425252dcd,FirstNumber=857,secondNumber=1069}  written to file by thread pool-3-thread-4
 message  {Id=f8561c15-e960-4e78-a584-2c78c11dff37,FirstNumber=534,secondNumber=1445}  added by thread pool-3-thread-6
 message  {Id=f8561c15-e960-4e78-a584-2c78c11dff37,FirstNumber=534,secondNumber=1445}  written to file by thread pool-3-thread-5
 message  {Id=2825a3a4-ae3e-4462-831c-60671f859de6,FirstNumber=357,secondNumber=1377}  added by thread pool-3-thread-6
 message  {Id=2825a3a4-ae3e-4462-831c-60671f859de6,FirstNumber=357,secondNumber=1377}  written to file by thread pool-3-thread-5
 message  {Id=95faeb82-9ded-4aca-baaa-1911949c628f,FirstNumber=651,secondNumber=934}  added by thread pool-3-thread-6
 message  {Id=b8d22284-e614-4d7c-ba0b-d96772d81dea,FirstNumber=694,secondNumber=1300}  added by thread pool-3-thread-6
 message  {Id=95faeb82-9ded-4aca-baaa-1911949c628f,FirstNumber=651,secondNumber=934}  written to file by thread pool-3-thread-1
 message  {Id=9a1a454e-24df-4a2c-a60d-81d9adbc47cd,FirstNumber=325,secondNumber=78}  added by thread pool-3-thread-6
 message  {Id=b8d22284-e614-4d7c-ba0b-d96772d81dea,FirstNumber=694,secondNumber=1300}  written to file by thread pool-3-thread-3
 message  {Id=9a1a454e-24df-4a2c-a60d-81d9adbc47cd,FirstNumber=325,secondNumber=78}  written to file by thread pool-3-thread-4
 message  {Id=1915307c-ec20-43dc-921c-9df0244d5b98,FirstNumber=345,secondNumber=778}  added by thread pool-3-thread-6
 message  {Id=1915307c-ec20-43dc-921c-9df0244d5b98,FirstNumber=345,secondNumber=778}  written to file by thread pool-3-thread-4
 message  {Id=da4f80df-3bab-43cf-9d91-d08ceaae5144,FirstNumber=158,secondNumber=585}  added by thread pool-3-thread-6
 message  {Id=da4f80df-3bab-43cf-9d91-d08ceaae5144,FirstNumber=158,secondNumber=585}  written to file by thread pool-3-thread-5
 message  {Id=184a0717-7742-4c37-9f20-651c74466a8a,FirstNumber=604,secondNumber=1561}  added by thread pool-3-thread-6
 message  {Id=184a0717-7742-4c37-9f20-651c74466a8a,FirstNumber=604,secondNumber=1561}  written to file by thread pool-3-thread-5
 message  {Id=ddb97842-4a74-4ab3-b219-ee82480f617e,FirstNumber=902,secondNumber=63}  added by thread pool-3-thread-6
 message  {Id=86e96879-175d-46cb-92a3-3568c6f737d3,FirstNumber=5,secondNumber=353}  added by thread pool-3-thread-6
 message  {Id=ddb97842-4a74-4ab3-b219-ee82480f617e,FirstNumber=902,secondNumber=63}  written to file by thread pool-3-thread-3
 message  {Id=86e96879-175d-46cb-92a3-3568c6f737d3,FirstNumber=5,secondNumber=353}  written to file by thread pool-3-thread-2
 message  {Id=aa1bc3f7-6702-49fa-b4b4-824adfc8ad60,FirstNumber=758,secondNumber=1740}  added by thread pool-3-thread-6
 message  {Id=aa1bc3f7-6702-49fa-b4b4-824adfc8ad60,FirstNumber=758,secondNumber=1740}  written to file by thread pool-3-thread-4
 message  {Id=a6df1481-eab5-46b4-848e-f700e5417812,FirstNumber=997,secondNumber=904}  added by thread pool-3-thread-6
 message  {Id=a6df1481-eab5-46b4-848e-f700e5417812,FirstNumber=997,secondNumber=904}  written to file by thread pool-3-thread-4
 message  {Id=dc5a68c5-1b5d-45f9-931e-246243ee54c9,FirstNumber=499,secondNumber=1367}  added by thread pool-3-thread-6
 message  {Id=dc5a68c5-1b5d-45f9-931e-246243ee54c9,FirstNumber=499,secondNumber=1367}  written to file by thread pool-3-thread-5
 message  {Id=e0daa3cd-b4fc-4582-ad05-3eeaef64e45c,FirstNumber=510,secondNumber=1056}  added by thread pool-3-thread-6
 message  {Id=e0daa3cd-b4fc-4582-ad05-3eeaef64e45c,FirstNumber=510,secondNumber=1056}  written to file by thread pool-3-thread-5
 message  {Id=1d43a90a-486e-40e0-83f6-c710feb491bb,FirstNumber=411,secondNumber=965}  added by thread pool-3-thread-6
 message  {Id=1d43a90a-486e-40e0-83f6-c710feb491bb,FirstNumber=411,secondNumber=965}  written to file by thread pool-3-thread-2
 message  {Id=144f0638-f1f8-4174-82cc-25e48ceb8d39,FirstNumber=610,secondNumber=285}  added by thread pool-3-thread-6
 message  {Id=144f0638-f1f8-4174-82cc-25e48ceb8d39,FirstNumber=610,secondNumber=285}  written to file by thread pool-3-thread-1
 message  {Id=8a3f394c-fe31-4ad2-ba45-f8b60da42115,FirstNumber=933,secondNumber=1607}  added by thread pool-3-thread-6
 message  {Id=5d49ae62-78dd-4167-a2a6-c6afd55720c8,FirstNumber=665,secondNumber=537}  added by thread pool-3-thread-6
 message  {Id=8a3f394c-fe31-4ad2-ba45-f8b60da42115,FirstNumber=933,secondNumber=1607}  written to file by thread pool-3-thread-4
 message  {Id=5d49ae62-78dd-4167-a2a6-c6afd55720c8,FirstNumber=665,secondNumber=537}  written to file by thread pool-3-thread-3
 message  {Id=c61cb98b-7ec9-48d2-9514-d21af5308c93,FirstNumber=957,secondNumber=1645}  added by thread pool-3-thread-6
 message  {Id=dc83f9df-aa9e-488b-b088-7b20d5d383d4,FirstNumber=716,secondNumber=1187}  added by thread pool-3-thread-6
 message  {Id=c61cb98b-7ec9-48d2-9514-d21af5308c93,FirstNumber=957,secondNumber=1645}  written to file by thread pool-3-thread-5
 message  {Id=dc83f9df-aa9e-488b-b088-7b20d5d383d4,FirstNumber=716,secondNumber=1187}  written to file by thread pool-3-thread-2
 message  {Id=ae79d248-8347-4d24-a78e-de0ba2f2f7ed,FirstNumber=956,secondNumber=1261}  added by thread pool-3-thread-6
 message  {Id=ae79d248-8347-4d24-a78e-de0ba2f2f7ed,FirstNumber=956,secondNumber=1261}  written to file by thread pool-3-thread-2
 message  {Id=767ea16a-728a-4215-bf4d-562dcc7a9ce6,FirstNumber=175,secondNumber=433}  added by thread pool-3-thread-6
 message  {Id=767ea16a-728a-4215-bf4d-562dcc7a9ce6,FirstNumber=175,secondNumber=433}  written to file by thread pool-3-thread-4
 message  {Id=f490f143-bb67-4747-a7b7-1ab467ee55fd,FirstNumber=19,secondNumber=1735}  added by thread pool-3-thread-6
 message  {Id=f490f143-bb67-4747-a7b7-1ab467ee55fd,FirstNumber=19,secondNumber=1735}  written to file by thread pool-3-thread-3
 message  {Id=374f8e53-17c4-4086-a118-ef66e0c4e063,FirstNumber=899,secondNumber=982}  added by thread pool-3-thread-6
 message  {Id=374f8e53-17c4-4086-a118-ef66e0c4e063,FirstNumber=899,secondNumber=982}  written to file by thread pool-3-thread-3
 message  {Id=cd62c1c2-278e-43f4-a2c6-8f9b79d30f29,FirstNumber=349,secondNumber=1624}  added by thread pool-3-thread-6
 message  {Id=cd62c1c2-278e-43f4-a2c6-8f9b79d30f29,FirstNumber=349,secondNumber=1624}  written to file by thread pool-3-thread-1
 message  {Id=ac0c48f2-6ab6-4a6f-8f23-cb5aca924c04,FirstNumber=348,secondNumber=1370}  added by thread pool-3-thread-6
 message  {Id=ac0c48f2-6ab6-4a6f-8f23-cb5aca924c04,FirstNumber=348,secondNumber=1370}  written to file by thread pool-3-thread-2
 message  {Id=943c443c-88da-4f17-b4c0-165b41a39ec5,FirstNumber=407,secondNumber=975}  added by thread pool-3-thread-6
 message  {Id=943c443c-88da-4f17-b4c0-165b41a39ec5,FirstNumber=407,secondNumber=975}  written to file by thread pool-3-thread-4
 message  {Id=6935dfbd-9177-42c4-9ddb-2b2944eceba5,FirstNumber=769,secondNumber=835}  added by thread pool-3-thread-6
 message  {Id=6935dfbd-9177-42c4-9ddb-2b2944eceba5,FirstNumber=769,secondNumber=835}  written to file by thread pool-3-thread-4
 message  {Id=eb32c767-0de6-4921-9caf-2a80d10348af,FirstNumber=590,secondNumber=426}  added by thread pool-3-thread-6
 message  {Id=01e9cc50-8472-4d37-902e-5568f0c41c1f,FirstNumber=625,secondNumber=1015}  added by thread pool-3-thread-6
 message  {Id=eb32c767-0de6-4921-9caf-2a80d10348af,FirstNumber=590,secondNumber=426}  written to file by thread pool-3-thread-3
 message  {Id=01e9cc50-8472-4d37-902e-5568f0c41c1f,FirstNumber=625,secondNumber=1015}  written to file by thread pool-3-thread-1
 message  {Id=f9224894-9d11-4f4b-846e-a249de23dd99,FirstNumber=878,secondNumber=1128}  added by thread pool-3-thread-6
 message  {Id=f9224894-9d11-4f4b-846e-a249de23dd99,FirstNumber=878,secondNumber=1128}  written to file by thread pool-3-thread-2
 message  {Id=5e44afa6-eb70-4036-a633-7a8988c73092,FirstNumber=729,secondNumber=1096}  added by thread pool-3-thread-6
 message  {Id=5e44afa6-eb70-4036-a633-7a8988c73092,FirstNumber=729,secondNumber=1096}  written to file by thread pool-3-thread-2
 message  {Id=3c0e9d26-750e-4a51-9430-fcf495d4a29a,FirstNumber=627,secondNumber=1600}  added by thread pool-3-thread-6
 message  {Id=3c0e9d26-750e-4a51-9430-fcf495d4a29a,FirstNumber=627,secondNumber=1600}  written to file by thread pool-3-thread-4
 message  {Id=74ad0dae-36e6-45dc-a774-541a5b1efb85,FirstNumber=856,secondNumber=686}  added by thread pool-3-thread-6
 message  {Id=74ad0dae-36e6-45dc-a774-541a5b1efb85,FirstNumber=856,secondNumber=686}  written to file by thread pool-3-thread-4
 message  {Id=81e462d7-3881-411c-bede-7c5f6d02ce58,FirstNumber=214,secondNumber=649}  added by thread pool-3-thread-6
 message  {Id=81e462d7-3881-411c-bede-7c5f6d02ce58,FirstNumber=214,secondNumber=649}  written to file by thread pool-3-thread-1
 message  {Id=04e5b56c-1aed-4283-8ad1-ed0ac3d5fbf9,FirstNumber=900,secondNumber=855}  added by thread pool-3-thread-6
 message  {Id=04e5b56c-1aed-4283-8ad1-ed0ac3d5fbf9,FirstNumber=900,secondNumber=855}  written to file by thread pool-3-thread-5
 message  {Id=e9dd6c2f-432a-4c6e-8bf7-ac0a68dbaba5,FirstNumber=702,secondNumber=820}  added by thread pool-3-thread-6
 message  {Id=e9dd6c2f-432a-4c6e-8bf7-ac0a68dbaba5,FirstNumber=702,secondNumber=820}  written to file by thread pool-3-thread-2
 message  {Id=a68b05eb-d847-4094-a378-9a14f0855aca,FirstNumber=838,secondNumber=1241}  added by thread pool-3-thread-6
 message  {Id=a68b05eb-d847-4094-a378-9a14f0855aca,FirstNumber=838,secondNumber=1241}  written to file by thread pool-3-thread-2
 message  {Id=7af8c489-60c0-480c-b888-5061c8b6f956,FirstNumber=283,secondNumber=1780}  added by thread pool-3-thread-6
 message  {Id=7af8c489-60c0-480c-b888-5061c8b6f956,FirstNumber=283,secondNumber=1780}  written to file by thread pool-3-thread-4
 message  {Id=7e916cad-b7da-415e-b20b-682b500a77ef,FirstNumber=699,secondNumber=603}  added by thread pool-3-thread-6
 message  {Id=7e916cad-b7da-415e-b20b-682b500a77ef,FirstNumber=699,secondNumber=603}  written to file by thread pool-3-thread-1
 message  {Id=40e04ddf-b3e8-4bc2-a303-dbe0087f7b72,FirstNumber=910,secondNumber=405}  added by thread pool-3-thread-6
 message  {Id=40e04ddf-b3e8-4bc2-a303-dbe0087f7b72,FirstNumber=910,secondNumber=405}  written to file by thread pool-3-thread-5
 message  {Id=2e6eeb83-40d9-46b4-979e-2e90d244f9d0,FirstNumber=115,secondNumber=1627}  added by thread pool-3-thread-6
 message  {Id=2e6eeb83-40d9-46b4-979e-2e90d244f9d0,FirstNumber=115,secondNumber=1627}  written to file by thread pool-3-thread-5
 message  {Id=f8fe5795-3abd-4c60-aa26-377530c66dab,FirstNumber=543,secondNumber=845}  added by thread pool-3-thread-6
 message  {Id=f8fe5795-3abd-4c60-aa26-377530c66dab,FirstNumber=543,secondNumber=845}  written to file by thread pool-3-thread-2
 message  {Id=62ed1e36-4d8b-42cf-bb69-64c7c1de3537,FirstNumber=675,secondNumber=993}  added by thread pool-3-thread-6
 message  {Id=62ed1e36-4d8b-42cf-bb69-64c7c1de3537,FirstNumber=675,secondNumber=993}  written to file by thread pool-3-thread-2
 message  {Id=9824a52e-1a25-4f61-951a-b0cc366dda8a,FirstNumber=184,secondNumber=1839}  added by thread pool-3-thread-6
 message  {Id=9824a52e-1a25-4f61-951a-b0cc366dda8a,FirstNumber=184,secondNumber=1839}  written to file by thread pool-3-thread-1
 message  {Id=f68da62d-d5ed-4bab-8caf-743f1fe86c6b,FirstNumber=286,secondNumber=950}  added by thread pool-3-thread-6
 message  {Id=f68da62d-d5ed-4bab-8caf-743f1fe86c6b,FirstNumber=286,secondNumber=950}  written to file by thread pool-3-thread-3
 message  {Id=4e463143-8be2-47dd-82f4-51aedcc00f75,FirstNumber=654,secondNumber=379}  added by thread pool-3-thread-6
 message  {Id=4e463143-8be2-47dd-82f4-51aedcc00f75,FirstNumber=654,secondNumber=379}  written to file by thread pool-3-thread-3
 message  {Id=6ed0013b-2a27-45ba-baae-33d2182279da,FirstNumber=550,secondNumber=1139}  added by thread pool-3-thread-6
 message  {Id=6ed0013b-2a27-45ba-baae-33d2182279da,FirstNumber=550,secondNumber=1139}  written to file by thread pool-3-thread-4
 message  {Id=040f33ad-e2f3-4063-a945-d5c36492d86d,FirstNumber=892,secondNumber=1753}  added by thread pool-3-thread-6
 message  {Id=040f33ad-e2f3-4063-a945-d5c36492d86d,FirstNumber=892,secondNumber=1753}  written to file by thread pool-3-thread-4
 message  {Id=d99b774c-916b-4c21-823c-aca9fc840cdb,FirstNumber=755,secondNumber=1776}  added by thread pool-3-thread-6
 message  {Id=d99b774c-916b-4c21-823c-aca9fc840cdb,FirstNumber=755,secondNumber=1776}  written to file by thread pool-3-thread-4
 message  {Id=4452ab1b-9eeb-4241-82ca-6677a9344e40,FirstNumber=606,secondNumber=772}  added by thread pool-3-thread-6
 message  {Id=4452ab1b-9eeb-4241-82ca-6677a9344e40,FirstNumber=606,secondNumber=772}  written to file by thread pool-3-thread-5
 message  {Id=88d6cbf4-b913-47c4-8a5e-ec53c04fe5af,FirstNumber=175,secondNumber=1361}  added by thread pool-3-thread-6
 message  {Id=88d6cbf4-b913-47c4-8a5e-ec53c04fe5af,FirstNumber=175,secondNumber=1361}  written to file by thread pool-3-thread-5
 message  {Id=cb35b02e-7951-4ae6-b1b0-eec8d0e0e017,FirstNumber=945,secondNumber=566}  added by thread pool-3-thread-6
 message  {Id=cb35b02e-7951-4ae6-b1b0-eec8d0e0e017,FirstNumber=945,secondNumber=566}  written to file by thread pool-3-thread-5
 message  {Id=0cc87dfa-742a-4bfa-9acf-1a28485721e6,FirstNumber=789,secondNumber=112}  added by thread pool-3-thread-6
 message  {Id=0cc87dfa-742a-4bfa-9acf-1a28485721e6,FirstNumber=789,secondNumber=112}  written to file by thread pool-3-thread-1
 message  {Id=926bd47b-fdf3-4df7-be87-420b1e8c4263,FirstNumber=62,secondNumber=1686}  added by thread pool-3-thread-6
 message  {Id=926bd47b-fdf3-4df7-be87-420b1e8c4263,FirstNumber=62,secondNumber=1686}  written to file by thread pool-3-thread-1
 message  {Id=111ed6a0-511c-4549-ad5b-a93ad05c244b,FirstNumber=537,secondNumber=782}  added by thread pool-3-thread-6
 message  {Id=111ed6a0-511c-4549-ad5b-a93ad05c244b,FirstNumber=537,secondNumber=782}  written to file by thread pool-3-thread-1
 message  {Id=ec65ae28-eca3-48c9-8a2a-b1fb222cbac7,FirstNumber=198,secondNumber=25}  added by thread pool-3-thread-6
 message  {Id=ec65ae28-eca3-48c9-8a2a-b1fb222cbac7,FirstNumber=198,secondNumber=25}  written to file by thread pool-3-thread-2
 message  {Id=96159615-c437-4625-a85e-7468ac20c0e4,FirstNumber=445,secondNumber=188}  added by thread pool-3-thread-6
 message  {Id=96159615-c437-4625-a85e-7468ac20c0e4,FirstNumber=445,secondNumber=188}  written to file by thread pool-3-thread-2
 message  {Id=5cefa26b-7306-4608-a7ce-63ffd003ff51,FirstNumber=391,secondNumber=1325}  added by thread pool-3-thread-6
 message  {Id=0ea06411-b867-4a17-8c0c-b03f4a1d520b,FirstNumber=406,secondNumber=450}  added by thread pool-3-thread-6
 message  {Id=5cefa26b-7306-4608-a7ce-63ffd003ff51,FirstNumber=391,secondNumber=1325}  written to file by thread pool-3-thread-4
 message  {Id=0ea06411-b867-4a17-8c0c-b03f4a1d520b,FirstNumber=406,secondNumber=450}  written to file by thread pool-3-thread-3
 message  {Id=15b5b5af-c1e9-4d66-98fa-0ec65d3b8b9b,FirstNumber=371,secondNumber=660}  added by thread pool-3-thread-6
 message  {Id=15b5b5af-c1e9-4d66-98fa-0ec65d3b8b9b,FirstNumber=371,secondNumber=660}  written to file by thread pool-3-thread-3
 message  {Id=7346ef8a-ad0a-4007-9280-f8fe89bb5b6b,FirstNumber=446,secondNumber=1049}  added by thread pool-3-thread-6
 message  {Id=7346ef8a-ad0a-4007-9280-f8fe89bb5b6b,FirstNumber=446,secondNumber=1049}  written to file by thread pool-3-thread-3
 message  {Id=8fa5b5ab-cb65-412b-addc-2e717569fec7,FirstNumber=431,secondNumber=490}  added by thread pool-3-thread-6
 message  {Id=8fa5b5ab-cb65-412b-addc-2e717569fec7,FirstNumber=431,secondNumber=490}  written to file by thread pool-3-thread-2
 message  {Id=7771fd7c-c986-4009-b701-03d8dfd4c302,FirstNumber=424,secondNumber=900}  added by thread pool-3-thread-6
 message  {Id=7771fd7c-c986-4009-b701-03d8dfd4c302,FirstNumber=424,secondNumber=900}  written to file by thread pool-3-thread-2
 message  {Id=3b7adccb-5b87-4408-adaf-281c1d6c7ec1,FirstNumber=948,secondNumber=1652}  added by thread pool-3-thread-6
 message  {Id=3b7adccb-5b87-4408-adaf-281c1d6c7ec1,FirstNumber=948,secondNumber=1652}  written to file by thread pool-3-thread-1
 message  {Id=39a7ca53-2706-449c-9d73-8fe59b4cafdc,FirstNumber=71,secondNumber=256}  added by thread pool-3-thread-6
 message  {Id=39a7ca53-2706-449c-9d73-8fe59b4cafdc,FirstNumber=71,secondNumber=256}  written to file by thread pool-3-thread-5
 message  {Id=3c5e58d5-0178-4b90-b5b7-6179fd465691,FirstNumber=107,secondNumber=782}  added by thread pool-3-thread-6
 message  {Id=3c5e58d5-0178-4b90-b5b7-6179fd465691,FirstNumber=107,secondNumber=782}  written to file by thread pool-3-thread-3
 message  {Id=696fd73a-8916-4f00-9f5d-2c2cbcb709fc,FirstNumber=913,secondNumber=399}  added by thread pool-3-thread-6
 message  {Id=696fd73a-8916-4f00-9f5d-2c2cbcb709fc,FirstNumber=913,secondNumber=399}  written to file by thread pool-3-thread-4
 message  {Id=90ae6073-1bb1-4303-bd0f-7e8a5dbe8f2c,FirstNumber=44,secondNumber=1714}  added by thread pool-3-thread-6
 message  {Id=6a0c7b69-142f-4442-885e-e826fb12e349,FirstNumber=204,secondNumber=636}  added by thread pool-3-thread-6
 message  {Id=90ae6073-1bb1-4303-bd0f-7e8a5dbe8f2c,FirstNumber=44,secondNumber=1714}  written to file by thread pool-3-thread-2
 message  {Id=6a0c7b69-142f-4442-885e-e826fb12e349,FirstNumber=204,secondNumber=636}  written to file by thread pool-3-thread-1
 message  {Id=d6caf8a5-469d-46b5-bd5c-cff50899931a,FirstNumber=91,secondNumber=1254}  added by thread pool-3-thread-6
 message  {Id=d6caf8a5-469d-46b5-bd5c-cff50899931a,FirstNumber=91,secondNumber=1254}  written to file by thread pool-3-thread-1
 message  {Id=abc96aae-a242-461f-a24b-619977108a21,FirstNumber=883,secondNumber=1744}  added by thread pool-3-thread-6
 message  {Id=abc96aae-a242-461f-a24b-619977108a21,FirstNumber=883,secondNumber=1744}  written to file by thread pool-3-thread-3
 message  {Id=4a9da085-7886-4078-8232-b453807a402c,FirstNumber=968,secondNumber=1621}  added by thread pool-3-thread-6
 message  {Id=4a9da085-7886-4078-8232-b453807a402c,FirstNumber=968,secondNumber=1621}  written to file by thread pool-3-thread-3
 message  {Id=55553746-2a93-4492-a38e-70af688f460f,FirstNumber=518,secondNumber=155}  added by thread pool-3-thread-6
 message  {Id=55553746-2a93-4492-a38e-70af688f460f,FirstNumber=518,secondNumber=155}  written to file by thread pool-3-thread-2
 message  {Id=040da424-9094-4823-a35b-dd6cb4a531ad,FirstNumber=645,secondNumber=1392}  added by thread pool-3-thread-6
 message  {Id=040da424-9094-4823-a35b-dd6cb4a531ad,FirstNumber=645,secondNumber=1392}  written to file by thread pool-3-thread-2
 message  {Id=77949859-31ee-4f6f-a018-7746a9f0e098,FirstNumber=563,secondNumber=913}  added by thread pool-3-thread-6
 message  {Id=77949859-31ee-4f6f-a018-7746a9f0e098,FirstNumber=563,secondNumber=913}  written to file by thread pool-3-thread-1
 message  {Id=925df1bf-862f-45e1-b4e2-5cf74952fd44,FirstNumber=768,secondNumber=1816}  added by thread pool-3-thread-6
 message  {Id=925df1bf-862f-45e1-b4e2-5cf74952fd44,FirstNumber=768,secondNumber=1816}  written to file by thread pool-3-thread-4
 message  {Id=fe00eb80-3ddc-4198-a26b-a3171475af20,FirstNumber=744,secondNumber=539}  added by thread pool-3-thread-6
 message  {Id=fe00eb80-3ddc-4198-a26b-a3171475af20,FirstNumber=744,secondNumber=539}  written to file by thread pool-3-thread-3
 message  {Id=a530744a-2151-4e3d-8ea6-e8d77a3caecb,FirstNumber=945,secondNumber=112}  added by thread pool-3-thread-6
 message  {Id=bf66767e-a1cf-41ea-bdb8-cfc9f88711b7,FirstNumber=420,secondNumber=1785}  added by thread pool-3-thread-6
 message  {Id=a530744a-2151-4e3d-8ea6-e8d77a3caecb,FirstNumber=945,secondNumber=112}  written to file by thread pool-3-thread-5
 message  {Id=bf66767e-a1cf-41ea-bdb8-cfc9f88711b7,FirstNumber=420,secondNumber=1785}  written to file by thread pool-3-thread-2
 message  {Id=96361d53-10b0-42a1-8ac5-f51d7d3442c7,FirstNumber=682,secondNumber=1539}  added by thread pool-3-thread-6
 message  {Id=96361d53-10b0-42a1-8ac5-f51d7d3442c7,FirstNumber=682,secondNumber=1539}  written to file by thread pool-3-thread-1
 message  {Id=b114ac14-e465-419c-b577-42a557b07060,FirstNumber=536,secondNumber=1158}  added by thread pool-3-thread-6
 message  {Id=b114ac14-e465-419c-b577-42a557b07060,FirstNumber=536,secondNumber=1158}  written to file by thread pool-3-thread-4
 message  {Id=b0d93cf7-d3b3-4566-b041-b50cc444582b,FirstNumber=297,secondNumber=1433}  added by thread pool-3-thread-6
 message  {Id=b0d93cf7-d3b3-4566-b041-b50cc444582b,FirstNumber=297,secondNumber=1433}  written to file by thread pool-3-thread-3
 message  {Id=9c8b53f3-dbb9-4df7-82f3-df70d872c7d3,FirstNumber=143,secondNumber=80}  added by thread pool-3-thread-6
 message  {Id=9c8b53f3-dbb9-4df7-82f3-df70d872c7d3,FirstNumber=143,secondNumber=80}  written to file by thread pool-3-thread-5
 message  {Id=a725c95b-614a-4446-a103-443d5ab98a50,FirstNumber=32,secondNumber=767}  added by thread pool-3-thread-6
 message  {Id=a725c95b-614a-4446-a103-443d5ab98a50,FirstNumber=32,secondNumber=767}  written to file by thread pool-3-thread-5
 message  {Id=085e4db8-1bd9-47f7-8e72-fb3aa835977e,FirstNumber=485,secondNumber=118}  added by thread pool-3-thread-6
 message  {Id=085e4db8-1bd9-47f7-8e72-fb3aa835977e,FirstNumber=485,secondNumber=118}  written to file by thread pool-3-thread-1
 message  {Id=2b1b0c6b-fd5e-422f-a258-3e59ef0cbbee,FirstNumber=615,secondNumber=1750}  added by thread pool-3-thread-6
 message  {Id=2b1b0c6b-fd5e-422f-a258-3e59ef0cbbee,FirstNumber=615,secondNumber=1750}  written to file by thread pool-3-thread-4
 message  {Id=5f46eb38-c5bd-4077-b790-850bfcad1384,FirstNumber=424,secondNumber=971}  added by thread pool-3-thread-6
 message  {Id=5f46eb38-c5bd-4077-b790-850bfcad1384,FirstNumber=424,secondNumber=971}  written to file by thread pool-3-thread-3
 message  {Id=8312be5b-1a68-4b38-a2a9-d4fb91c2de0c,FirstNumber=714,secondNumber=1994}  added by thread pool-3-thread-6
 message  {Id=4d9223bf-c9cd-48d5-bd10-480160c07f6a,FirstNumber=439,secondNumber=301}  added by thread pool-3-thread-6
 message  {Id=8312be5b-1a68-4b38-a2a9-d4fb91c2de0c,FirstNumber=714,secondNumber=1994}  written to file by thread pool-3-thread-2
 message  {Id=4d9223bf-c9cd-48d5-bd10-480160c07f6a,FirstNumber=439,secondNumber=301}  written to file by thread pool-3-thread-5
 message  {Id=443dc069-947c-473d-a87e-c189dcaa658c,FirstNumber=481,secondNumber=1173}  added by thread pool-3-thread-6
 message  {Id=443dc069-947c-473d-a87e-c189dcaa658c,FirstNumber=481,secondNumber=1173}  written to file by thread pool-3-thread-1
 message  {Id=ca98c943-a56c-4e9f-91ba-3e5c4f79bc67,FirstNumber=91,secondNumber=1694}  added by thread pool-3-thread-6
 message  {Id=ca98c943-a56c-4e9f-91ba-3e5c4f79bc67,FirstNumber=91,secondNumber=1694}  written to file by thread pool-3-thread-4
 message  {Id=7301539f-eb26-4622-b663-eeb33b59412f,FirstNumber=772,secondNumber=1587}  added by thread pool-3-thread-6
 message  {Id=ad7aefa9-36bc-49bc-9f4d-3cb695ea66bb,FirstNumber=806,secondNumber=1131}  added by thread pool-3-thread-6
 message  {Id=7301539f-eb26-4622-b663-eeb33b59412f,FirstNumber=772,secondNumber=1587}  written to file by thread pool-3-thread-3
 message  {Id=ad7aefa9-36bc-49bc-9f4d-3cb695ea66bb,FirstNumber=806,secondNumber=1131}  written to file by thread pool-3-thread-2
 message  {Id=a7f1532d-8bd2-47e5-97c5-0b15d746e271,FirstNumber=522,secondNumber=1248}  added by thread pool-3-thread-6
 message  {Id=a7f1532d-8bd2-47e5-97c5-0b15d746e271,FirstNumber=522,secondNumber=1248}  written to file by thread pool-3-thread-2
 message  {Id=1c8872fe-9a13-4a1b-b89f-5e6614b240ff,FirstNumber=307,secondNumber=1910}  added by thread pool-3-thread-6
 message  {Id=1c8872fe-9a13-4a1b-b89f-5e6614b240ff,FirstNumber=307,secondNumber=1910}  written to file by thread pool-3-thread-1
 message  {Id=bc70dd6c-ce19-4057-8055-b8c37353c560,FirstNumber=981,secondNumber=1252}  added by thread pool-3-thread-6
 message  {Id=bc70dd6c-ce19-4057-8055-b8c37353c560,FirstNumber=981,secondNumber=1252}  written to file by thread pool-3-thread-1
 message  {Id=ead544d5-4c49-4a14-a319-a125f765dbe8,FirstNumber=59,secondNumber=1919}  added by thread pool-3-thread-6
 message  {Id=ead544d5-4c49-4a14-a319-a125f765dbe8,FirstNumber=59,secondNumber=1919}  written to file by thread pool-3-thread-3
 message  {Id=ed22b418-a066-4f7a-8c01-1304c92c132b,FirstNumber=432,secondNumber=446}  added by thread pool-3-thread-6
 message  {Id=fee0d61b-7000-4275-b9a1-82c630c8de0d,FirstNumber=261,secondNumber=1268}  added by thread pool-3-thread-6
 message  {Id=ed22b418-a066-4f7a-8c01-1304c92c132b,FirstNumber=432,secondNumber=446}  written to file by thread pool-3-thread-5
 message  {Id=b79a8ded-99be-4fbf-a828-5b038e0d508c,FirstNumber=751,secondNumber=1742}  added by thread pool-3-thread-6
 message  {Id=fee0d61b-7000-4275-b9a1-82c630c8de0d,FirstNumber=261,secondNumber=1268}  written to file by thread pool-3-thread-2
 message  {Id=b79a8ded-99be-4fbf-a828-5b038e0d508c,FirstNumber=751,secondNumber=1742}  written to file by thread pool-3-thread-4
 message  {Id=37a41c09-7adf-46d1-a5c3-cf968b22f64d,FirstNumber=361,secondNumber=223}  added by thread pool-3-thread-6
 message  {Id=37a41c09-7adf-46d1-a5c3-cf968b22f64d,FirstNumber=361,secondNumber=223}  written to file by thread pool-3-thread-4
 message  {Id=419a5fb5-a49a-485a-833b-4f0de189bb57,FirstNumber=558,secondNumber=1918}  added by thread pool-3-thread-6
 message  {Id=419a5fb5-a49a-485a-833b-4f0de189bb57,FirstNumber=558,secondNumber=1918}  written to file by thread pool-3-thread-3
 message  {Id=ed0b7d60-01e1-4c91-8be2-0ed66ee38df3,FirstNumber=144,secondNumber=1486}  added by thread pool-3-thread-6
 message  {Id=ed0b7d60-01e1-4c91-8be2-0ed66ee38df3,FirstNumber=144,secondNumber=1486}  written to file by thread pool-3-thread-5
 message  {Id=4540ccaa-1fdb-4037-9011-faac08a1fa51,FirstNumber=995,secondNumber=1657}  added by thread pool-3-thread-6
 message  {Id=4540ccaa-1fdb-4037-9011-faac08a1fa51,FirstNumber=995,secondNumber=1657}  written to file by thread pool-3-thread-5
 message  {Id=f5ce7e49-ede1-455f-9611-02409243ace2,FirstNumber=713,secondNumber=1844}  added by thread pool-3-thread-6
 message  {Id=f5ce7e49-ede1-455f-9611-02409243ace2,FirstNumber=713,secondNumber=1844}  written to file by thread pool-3-thread-1
 message  {Id=6cca1719-32a1-42fd-a0ca-be6be13c2d08,FirstNumber=861,secondNumber=33}  added by thread pool-3-thread-6
 message  {Id=6cca1719-32a1-42fd-a0ca-be6be13c2d08,FirstNumber=861,secondNumber=33}  written to file by thread pool-3-thread-1
 message  {Id=90bb1d6d-7484-4b3b-80d1-22c87d95ec67,FirstNumber=569,secondNumber=1416}  added by thread pool-3-thread-6
 message  {Id=90bb1d6d-7484-4b3b-80d1-22c87d95ec67,FirstNumber=569,secondNumber=1416}  written to file by thread pool-3-thread-3
 message  {Id=6857a599-be58-4405-923b-a088f964892c,FirstNumber=121,secondNumber=892}  added by thread pool-3-thread-6
 message  {Id=e174f3b3-6061-45e3-996e-d1c494990a77,FirstNumber=404,secondNumber=1898}  added by thread pool-3-thread-6
 message  {Id=6857a599-be58-4405-923b-a088f964892c,FirstNumber=121,secondNumber=892}  written to file by thread pool-3-thread-2
 message  {Id=e174f3b3-6061-45e3-996e-d1c494990a77,FirstNumber=404,secondNumber=1898}  written to file by thread pool-3-thread-5
 message  {Id=5e607b6c-8d5e-4b33-a9b9-8c2d19044832,FirstNumber=540,secondNumber=373}  added by thread pool-3-thread-6
 message  {Id=5e607b6c-8d5e-4b33-a9b9-8c2d19044832,FirstNumber=540,secondNumber=373}  written to file by thread pool-3-thread-4
 message  {Id=7ed3f05c-e135-44f9-a04e-89f00c1837b8,FirstNumber=502,secondNumber=1947}  added by thread pool-3-thread-6
 message  {Id=7ed3f05c-e135-44f9-a04e-89f00c1837b8,FirstNumber=502,secondNumber=1947}  written to file by thread pool-3-thread-4
 message  {Id=a39ebdf9-cebd-4349-8418-b890820661f3,FirstNumber=137,secondNumber=992}  added by thread pool-3-thread-6
 message  {Id=a39ebdf9-cebd-4349-8418-b890820661f3,FirstNumber=137,secondNumber=992}  written to file by thread pool-3-thread-3
 message  {Id=d9937e08-5aaf-4188-8223-ff59244e53d0,FirstNumber=152,secondNumber=1897}  added by thread pool-3-thread-6
 message  {Id=d9937e08-5aaf-4188-8223-ff59244e53d0,FirstNumber=152,secondNumber=1897}  written to file by thread pool-3-thread-3
 message  {Id=71bfcb8f-405d-4e6e-a9ee-b18bcaf21ac4,FirstNumber=684,secondNumber=1088}  added by thread pool-3-thread-6
 message  {Id=71bfcb8f-405d-4e6e-a9ee-b18bcaf21ac4,FirstNumber=684,secondNumber=1088}  written to file by thread pool-3-thread-5
 message  {Id=3977aa22-d45a-4f56-9380-ab7b3c4ff4cb,FirstNumber=360,secondNumber=785}  added by thread pool-3-thread-6
 message  {Id=3977aa22-d45a-4f56-9380-ab7b3c4ff4cb,FirstNumber=360,secondNumber=785}  written to file by thread pool-3-thread-5
 message  {Id=9a51d529-fc64-4e2b-9699-e2eea310b138,FirstNumber=947,secondNumber=416}  added by thread pool-3-thread-6
 message  {Id=9a51d529-fc64-4e2b-9699-e2eea310b138,FirstNumber=947,secondNumber=416}  written to file by thread pool-3-thread-4
 message  {Id=e3493221-3328-4871-8119-7a55822967b1,FirstNumber=199,secondNumber=166}  added by thread pool-3-thread-6
 message  {Id=e3493221-3328-4871-8119-7a55822967b1,FirstNumber=199,secondNumber=166}  written to file by thread pool-3-thread-4
 message  {Id=9515efd2-a139-4775-afbb-68f6b7a7e4d7,FirstNumber=241,secondNumber=1667}  added by thread pool-3-thread-6
 message  {Id=c7af21da-8389-424b-b968-c1b4637ab729,FirstNumber=112,secondNumber=1274}  added by thread pool-3-thread-6
 message  {Id=9515efd2-a139-4775-afbb-68f6b7a7e4d7,FirstNumber=241,secondNumber=1667}  written to file by thread pool-3-thread-3
 message  {Id=56a1fbde-302f-469a-8d9f-b2f31568e8f7,FirstNumber=168,secondNumber=1255}  added by thread pool-3-thread-6
 message  {Id=c7af21da-8389-424b-b968-c1b4637ab729,FirstNumber=112,secondNumber=1274}  written to file by thread pool-3-thread-1
 message  {Id=56a1fbde-302f-469a-8d9f-b2f31568e8f7,FirstNumber=168,secondNumber=1255}  written to file by thread pool-3-thread-5
 message  {Id=2cbe6322-94b7-43d5-8f72-da75d10ef52e,FirstNumber=567,secondNumber=1174}  added by thread pool-3-thread-6
 message  {Id=2cbe6322-94b7-43d5-8f72-da75d10ef52e,FirstNumber=567,secondNumber=1174}  written to file by thread pool-3-thread-5
 message  {Id=5fe073bb-e3a6-4c10-9682-690c5b85f5f9,FirstNumber=54,secondNumber=644}  added by thread pool-3-thread-6
 message  {Id=5fe073bb-e3a6-4c10-9682-690c5b85f5f9,FirstNumber=54,secondNumber=644}  written to file by thread pool-3-thread-4
 message  {Id=4ac8de7c-abe9-461c-8b95-0b91d847adb8,FirstNumber=903,secondNumber=1128}  added by thread pool-3-thread-6
 message  {Id=4ac8de7c-abe9-461c-8b95-0b91d847adb8,FirstNumber=903,secondNumber=1128}  written to file by thread pool-3-thread-4
 message  {Id=b047607f-2e01-4dd1-9850-cb132c682b86,FirstNumber=92,secondNumber=1278}  added by thread pool-3-thread-6
 message  {Id=b047607f-2e01-4dd1-9850-cb132c682b86,FirstNumber=92,secondNumber=1278}  written to file by thread pool-3-thread-1
 message  {Id=3df6f0ea-fc05-4463-a972-28e3e018d20d,FirstNumber=541,secondNumber=453}  added by thread pool-3-thread-6
 message  {Id=3df6f0ea-fc05-4463-a972-28e3e018d20d,FirstNumber=541,secondNumber=453}  written to file by thread pool-3-thread-2
 message  {Id=1f483979-141c-4676-9fe5-5c7cc641ab69,FirstNumber=887,secondNumber=739}  added by thread pool-3-thread-6
 message  {Id=1f483979-141c-4676-9fe5-5c7cc641ab69,FirstNumber=887,secondNumber=739}  written to file by thread pool-3-thread-5
 message  {Id=20fc0070-29fd-435d-820b-a4d74d10906f,FirstNumber=930,secondNumber=595}  added by thread pool-3-thread-6
 message  {Id=20fc0070-29fd-435d-820b-a4d74d10906f,FirstNumber=930,secondNumber=595}  written to file by thread pool-3-thread-5
 message  {Id=570093f6-5f72-44d9-87d5-f677498e983b,FirstNumber=983,secondNumber=1901}  added by thread pool-3-thread-6
 message  {Id=c19ea523-374c-4eb4-b71d-96e7dda086b0,FirstNumber=218,secondNumber=1378}  added by thread pool-3-thread-6
 message  {Id=570093f6-5f72-44d9-87d5-f677498e983b,FirstNumber=983,secondNumber=1901}  written to file by thread pool-3-thread-4
 message  {Id=c19ea523-374c-4eb4-b71d-96e7dda086b0,FirstNumber=218,secondNumber=1378}  written to file by thread pool-3-thread-1
 message  {Id=a26076e0-9be7-4a5c-a11b-635e246af933,FirstNumber=410,secondNumber=1393}  added by thread pool-3-thread-6
 message  {Id=a26076e0-9be7-4a5c-a11b-635e246af933,FirstNumber=410,secondNumber=1393}  written to file by thread pool-3-thread-1
 message  {Id=c762f26c-8d60-4cee-9b21-ea56196ceadb,FirstNumber=922,secondNumber=814}  added by thread pool-3-thread-6
 message  {Id=c762f26c-8d60-4cee-9b21-ea56196ceadb,FirstNumber=922,secondNumber=814}  written to file by thread pool-3-thread-3
 message  {Id=74a0869b-668f-4ebf-95d4-4edfed1b6e24,FirstNumber=67,secondNumber=1924}  added by thread pool-3-thread-6
 message  {Id=74a0869b-668f-4ebf-95d4-4edfed1b6e24,FirstNumber=67,secondNumber=1924}  written to file by thread pool-3-thread-3
 message  {Id=75fa0441-3686-4833-816c-f68d9a60b1c6,FirstNumber=179,secondNumber=741}  added by thread pool-3-thread-6
 message  {Id=75fa0441-3686-4833-816c-f68d9a60b1c6,FirstNumber=179,secondNumber=741}  written to file by thread pool-3-thread-4
 message  {Id=c3c24b61-1075-4e55-815a-6051b700b552,FirstNumber=728,secondNumber=1995}  added by thread pool-3-thread-6
 message  {Id=c3c24b61-1075-4e55-815a-6051b700b552,FirstNumber=728,secondNumber=1995}  written to file by thread pool-3-thread-4
 message  {Id=13876fbd-ce84-43f5-b1a4-0e75f23ce0c8,FirstNumber=894,secondNumber=1349}  added by thread pool-3-thread-6
 message  {Id=13876fbd-ce84-43f5-b1a4-0e75f23ce0c8,FirstNumber=894,secondNumber=1349}  written to file by thread pool-3-thread-1
 message  {Id=1aad2d3e-a1c9-4a0e-9c01-5ed93bd590ec,FirstNumber=124,secondNumber=604}  added by thread pool-3-thread-6
 message  {Id=1aad2d3e-a1c9-4a0e-9c01-5ed93bd590ec,FirstNumber=124,secondNumber=604}  written to file by thread pool-3-thread-5
 message  {Id=b5a4004f-ba1d-449b-aa73-7e1eb12ff3d5,FirstNumber=891,secondNumber=888}  added by thread pool-3-thread-6
 message  {Id=b5a4004f-ba1d-449b-aa73-7e1eb12ff3d5,FirstNumber=891,secondNumber=888}  written to file by thread pool-3-thread-3
 message  {Id=c11ea8ff-5994-451a-96b7-caf97ec882e0,FirstNumber=903,secondNumber=40}  added by thread pool-3-thread-6
 message  {Id=c11ea8ff-5994-451a-96b7-caf97ec882e0,FirstNumber=903,secondNumber=40}  written to file by thread pool-3-thread-3
 message  {Id=ada04a75-3901-450b-86d5-322a914f4b83,FirstNumber=426,secondNumber=1281}  added by thread pool-3-thread-6
 message  {Id=ada04a75-3901-450b-86d5-322a914f4b83,FirstNumber=426,secondNumber=1281}  written to file by thread pool-3-thread-3
 message  {Id=f6847564-d390-473b-aaed-8a6e478a2ccb,FirstNumber=55,secondNumber=533}  added by thread pool-3-thread-6
 message  {Id=f6847564-d390-473b-aaed-8a6e478a2ccb,FirstNumber=55,secondNumber=533}  written to file by thread pool-3-thread-1
 message  {Id=fd2ff722-1288-4342-92e0-6b502b165df9,FirstNumber=841,secondNumber=1121}  added by thread pool-3-thread-6
 message  {Id=fd2ff722-1288-4342-92e0-6b502b165df9,FirstNumber=841,secondNumber=1121}  written to file by thread pool-3-thread-5
 message  {Id=94df0f4a-ce9c-45bd-81b6-6b6ef1db44da,FirstNumber=328,secondNumber=1669}  added by thread pool-3-thread-6
 message  {Id=94df0f4a-ce9c-45bd-81b6-6b6ef1db44da,FirstNumber=328,secondNumber=1669}  written to file by thread pool-3-thread-2
 message  {Id=00f067a9-135a-43e6-a74e-b348d9ba8c22,FirstNumber=721,secondNumber=1364}  added by thread pool-3-thread-6
 message  {Id=00f067a9-135a-43e6-a74e-b348d9ba8c22,FirstNumber=721,secondNumber=1364}  written to file by thread pool-3-thread-2
 message  {Id=011b3da8-d06a-4768-af87-45097296f0fe,FirstNumber=533,secondNumber=1163}  added by thread pool-3-thread-6
 message  {Id=011b3da8-d06a-4768-af87-45097296f0fe,FirstNumber=533,secondNumber=1163}  written to file by thread pool-3-thread-3
 message  {Id=fe6e6bdb-2cd5-408a-afdc-7fdae8e3681b,FirstNumber=182,secondNumber=1784}  added by thread pool-3-thread-6
 message  {Id=fe6e6bdb-2cd5-408a-afdc-7fdae8e3681b,FirstNumber=182,secondNumber=1784}  written to file by thread pool-3-thread-1
 message  {Id=f75418ec-b970-4a3f-9fc1-2c5a2d613d18,FirstNumber=72,secondNumber=1838}  added by thread pool-3-thread-6
 message  {Id=f75418ec-b970-4a3f-9fc1-2c5a2d613d18,FirstNumber=72,secondNumber=1838}  written to file by thread pool-3-thread-1
 message  {Id=e705dda8-b8e1-4fc5-ae96-9f7537600df2,FirstNumber=709,secondNumber=707}  added by thread pool-3-thread-6
 message  {Id=e705dda8-b8e1-4fc5-ae96-9f7537600df2,FirstNumber=709,secondNumber=707}  written to file by thread pool-3-thread-4
 message  {Id=05787326-62b9-4621-88d3-74df59ba37ff,FirstNumber=112,secondNumber=688}  added by thread pool-3-thread-6
 message  {Id=276b8260-5105-4ecf-bb74-b4cecb6b6ec2,FirstNumber=799,secondNumber=1564}  added by thread pool-3-thread-6
 message  {Id=05787326-62b9-4621-88d3-74df59ba37ff,FirstNumber=112,secondNumber=688}  written to file by thread pool-3-thread-2
 message  {Id=276b8260-5105-4ecf-bb74-b4cecb6b6ec2,FirstNumber=799,secondNumber=1564}  written to file by thread pool-3-thread-3
 message  {Id=0bbeb14e-6d67-415c-b3a9-def40eaa861a,FirstNumber=39,secondNumber=144}  added by thread pool-3-thread-6
 message  {Id=0bbeb14e-6d67-415c-b3a9-def40eaa861a,FirstNumber=39,secondNumber=144}  written to file by thread pool-3-thread-3
 message  {Id=d19449ea-eaa3-4127-b2ee-aaa265f32b0a,FirstNumber=692,secondNumber=1491}  added by thread pool-3-thread-6
 message  {Id=d19449ea-eaa3-4127-b2ee-aaa265f32b0a,FirstNumber=692,secondNumber=1491}  written to file by thread pool-3-thread-1
 message  {Id=9aa0ea48-55fe-421b-8a30-0235b85d69fe,FirstNumber=977,secondNumber=1738}  added by thread pool-3-thread-6
 message  {Id=9aa0ea48-55fe-421b-8a30-0235b85d69fe,FirstNumber=977,secondNumber=1738}  written to file by thread pool-3-thread-1
 message  {Id=6410c6c4-b2b2-4422-9ea9-119093c5ba2e,FirstNumber=14,secondNumber=947}  added by thread pool-3-thread-6
 message  {Id=6410c6c4-b2b2-4422-9ea9-119093c5ba2e,FirstNumber=14,secondNumber=947}  written to file by thread pool-3-thread-2
 message  {Id=79f6c593-8201-4050-8f7c-82d2dda39269,FirstNumber=970,secondNumber=779}  added by thread pool-3-thread-6
 message  {Id=79f6c593-8201-4050-8f7c-82d2dda39269,FirstNumber=970,secondNumber=779}  written to file by thread pool-3-thread-2
 message  {Id=a929722b-1323-49c0-ab7c-4ce837b988e5,FirstNumber=687,secondNumber=862}  added by thread pool-3-thread-6
 message  {Id=a929722b-1323-49c0-ab7c-4ce837b988e5,FirstNumber=687,secondNumber=862}  written to file by thread pool-3-thread-3
 message  {Id=c88f6d05-940b-4bdc-87dc-44cb28e78265,FirstNumber=848,secondNumber=234}  added by thread pool-3-thread-6
 message  {Id=c88f6d05-940b-4bdc-87dc-44cb28e78265,FirstNumber=848,secondNumber=234}  written to file by thread pool-3-thread-4
 message  {Id=68d31188-8d00-40f0-97ac-7d6004640fb6,FirstNumber=221,secondNumber=1643}  added by thread pool-3-thread-6
 message  {Id=68d31188-8d00-40f0-97ac-7d6004640fb6,FirstNumber=221,secondNumber=1643}  written to file by thread pool-3-thread-1
 message  {Id=096480a2-f31c-487d-af50-254455cf516d,FirstNumber=849,secondNumber=1196}  added by thread pool-3-thread-6
 message  {Id=096480a2-f31c-487d-af50-254455cf516d,FirstNumber=849,secondNumber=1196}  written to file by thread pool-3-thread-1
 message  {Id=af3e3315-6394-4fca-a505-14b95583b9b8,FirstNumber=160,secondNumber=474}  added by thread pool-3-thread-6
 message  {Id=af3e3315-6394-4fca-a505-14b95583b9b8,FirstNumber=160,secondNumber=474}  written to file by thread pool-3-thread-1
 message  {Id=6154c60f-a8a2-49c0-8304-1c630613d63a,FirstNumber=996,secondNumber=169}  added by thread pool-3-thread-6
 message  {Id=6154c60f-a8a2-49c0-8304-1c630613d63a,FirstNumber=996,secondNumber=169}  written to file by thread pool-3-thread-3
 message  {Id=7f287343-37c3-4047-a151-e888537f02dd,FirstNumber=69,secondNumber=1667}  added by thread pool-3-thread-6
 message  {Id=7f287343-37c3-4047-a151-e888537f02dd,FirstNumber=69,secondNumber=1667}  written to file by thread pool-3-thread-4
 message  {Id=f036e011-3501-41b4-b776-fe05f2dc49bd,FirstNumber=820,secondNumber=1480}  added by thread pool-3-thread-6
 message  {Id=f036e011-3501-41b4-b776-fe05f2dc49bd,FirstNumber=820,secondNumber=1480}  written to file by thread pool-3-thread-5
 message  {Id=fbb3b91c-9517-47a3-ab0b-b5cf712ac973,FirstNumber=650,secondNumber=880}  added by thread pool-3-thread-6
 message  {Id=fbb3b91c-9517-47a3-ab0b-b5cf712ac973,FirstNumber=650,secondNumber=880}  written to file by thread pool-3-thread-5
 message  {Id=ef1159e3-4a02-4dcb-8cab-9f88924b34e5,FirstNumber=569,secondNumber=1466}  added by thread pool-3-thread-6
 message  {Id=ef1159e3-4a02-4dcb-8cab-9f88924b34e5,FirstNumber=569,secondNumber=1466}  written to file by thread pool-3-thread-1
 message  {Id=193eea14-f6af-4a49-abfa-3aece1ed1c17,FirstNumber=707,secondNumber=711}  added by thread pool-3-thread-6
 message  {Id=193eea14-f6af-4a49-abfa-3aece1ed1c17,FirstNumber=707,secondNumber=711}  written to file by thread pool-3-thread-3
 message  {Id=4552aef4-e0aa-45ee-9d4b-4b5177bdafc3,FirstNumber=505,secondNumber=92}  added by thread pool-3-thread-6
 message  {Id=4552aef4-e0aa-45ee-9d4b-4b5177bdafc3,FirstNumber=505,secondNumber=92}  written to file by thread pool-3-thread-3
 message  {Id=ce745f79-5414-403a-8288-8a1187c44065,FirstNumber=404,secondNumber=1725}  added by thread pool-3-thread-6
 message  {Id=ce745f79-5414-403a-8288-8a1187c44065,FirstNumber=404,secondNumber=1725}  written to file by thread pool-3-thread-2
 message  {Id=21885464-e119-4960-a4d6-2dd48dd353cd,FirstNumber=376,secondNumber=1384}  added by thread pool-3-thread-6
 message  {Id=3e86de74-a283-4fa5-aa60-a781c69395ee,FirstNumber=521,secondNumber=1946}  added by thread pool-3-thread-6
 message  {Id=21885464-e119-4960-a4d6-2dd48dd353cd,FirstNumber=376,secondNumber=1384}  written to file by thread pool-3-thread-5
 message  {Id=3e86de74-a283-4fa5-aa60-a781c69395ee,FirstNumber=521,secondNumber=1946}  written to file by thread pool-3-thread-1
 message  {Id=acf746c7-bf1a-4dfd-b611-f6618bf33aa8,FirstNumber=153,secondNumber=558}  added by thread pool-3-thread-6
 message  {Id=acf746c7-bf1a-4dfd-b611-f6618bf33aa8,FirstNumber=153,secondNumber=558}  written to file by thread pool-3-thread-1
 message  {Id=c65a6c26-7964-45ba-9331-bea544fecc85,FirstNumber=326,secondNumber=1426}  added by thread pool-3-thread-6
 message  {Id=c65a6c26-7964-45ba-9331-bea544fecc85,FirstNumber=326,secondNumber=1426}  written to file by thread pool-3-thread-3
 message  {Id=024f57cf-b401-417d-9ebe-d97162addec1,FirstNumber=856,secondNumber=1146}  added by thread pool-3-thread-6
 message  {Id=240ad428-8454-43e6-8bfa-312d7d626494,FirstNumber=268,secondNumber=405}  added by thread pool-3-thread-6
 message  {Id=024f57cf-b401-417d-9ebe-d97162addec1,FirstNumber=856,secondNumber=1146}  written to file by thread pool-3-thread-2
 message  {Id=240ad428-8454-43e6-8bfa-312d7d626494,FirstNumber=268,secondNumber=405}  written to file by thread pool-3-thread-5
 message  {Id=736cb259-bdad-4040-a53b-ef1b5dc30762,FirstNumber=570,secondNumber=1899}  added by thread pool-3-thread-6
 message  {Id=736cb259-bdad-4040-a53b-ef1b5dc30762,FirstNumber=570,secondNumber=1899}  written to file by thread pool-3-thread-5
 message  {Id=88b31f59-1036-4073-b0cf-2eb86a2c7db3,FirstNumber=717,secondNumber=117}  added by thread pool-3-thread-6
 message  {Id=88b31f59-1036-4073-b0cf-2eb86a2c7db3,FirstNumber=717,secondNumber=117}  written to file by thread pool-3-thread-1
 message  {Id=aff8598e-97be-4bb7-9f17-2fa75b8730ae,FirstNumber=881,secondNumber=1546}  added by thread pool-3-thread-6
 message  {Id=3f0a6412-8273-4de5-9327-d1815f6d0b56,FirstNumber=543,secondNumber=1907}  added by thread pool-3-thread-6
 message  {Id=aff8598e-97be-4bb7-9f17-2fa75b8730ae,FirstNumber=881,secondNumber=1546}  written to file by thread pool-3-thread-3
 message  {Id=3f0a6412-8273-4de5-9327-d1815f6d0b56,FirstNumber=543,secondNumber=1907}  written to file by thread pool-3-thread-2
 message  {Id=9289c904-cda3-4348-be1c-36e4d8bbdd2b,FirstNumber=13,secondNumber=1309}  added by thread pool-3-thread-6
 message  {Id=127b8751-4836-4773-9e08-7116b6ceb462,FirstNumber=816,secondNumber=1447}  added by thread pool-3-thread-6
 message  {Id=9289c904-cda3-4348-be1c-36e4d8bbdd2b,FirstNumber=13,secondNumber=1309}  written to file by thread pool-3-thread-4
 message  {Id=127b8751-4836-4773-9e08-7116b6ceb462,FirstNumber=816,secondNumber=1447}  written to file by thread pool-3-thread-5
 message  {Id=fe5e5e7a-d0a5-45df-a094-1fddeb1e00d0,FirstNumber=36,secondNumber=1509}  added by thread pool-3-thread-6
 message  {Id=fe5e5e7a-d0a5-45df-a094-1fddeb1e00d0,FirstNumber=36,secondNumber=1509}  written to file by thread pool-3-thread-1
 message  {Id=0e5fb3dd-8b74-4cab-82f8-0024da8acabe,FirstNumber=330,secondNumber=1782}  added by thread pool-3-thread-6
 message  {Id=0e5fb3dd-8b74-4cab-82f8-0024da8acabe,FirstNumber=330,secondNumber=1782}  written to file by thread pool-3-thread-3
 message  {Id=840109ff-6b6b-4db9-85dc-24d8e02dc602,FirstNumber=957,secondNumber=768}  added by thread pool-3-thread-6
 message  {Id=840109ff-6b6b-4db9-85dc-24d8e02dc602,FirstNumber=957,secondNumber=768}  written to file by thread pool-3-thread-3
 message  {Id=801e0fa2-54d0-4681-8ddb-6803d1d9d83e,FirstNumber=900,secondNumber=346}  added by thread pool-3-thread-6
 message  {Id=801e0fa2-54d0-4681-8ddb-6803d1d9d83e,FirstNumber=900,secondNumber=346}  written to file by thread pool-3-thread-4
 message  {Id=7aad351a-3a98-49d4-aa9c-e989dc597124,FirstNumber=993,secondNumber=926}  added by thread pool-3-thread-6
 message  {Id=7aad351a-3a98-49d4-aa9c-e989dc597124,FirstNumber=993,secondNumber=926}  written to file by thread pool-3-thread-4
 message  {Id=423c9f52-0dc9-4f13-b320-f2dafa0ddc44,FirstNumber=706,secondNumber=205}  added by thread pool-3-thread-6
 message  {Id=423c9f52-0dc9-4f13-b320-f2dafa0ddc44,FirstNumber=706,secondNumber=205}  written to file by thread pool-3-thread-1
 message  {Id=4913171a-af2c-48e8-8853-e19540b28c3f,FirstNumber=320,secondNumber=948}  added by thread pool-3-thread-6
 message  {Id=4913171a-af2c-48e8-8853-e19540b28c3f,FirstNumber=320,secondNumber=948}  written to file by thread pool-3-thread-1
 message  {Id=0c41cdd4-0fe0-4869-a58c-2dac02c08551,FirstNumber=236,secondNumber=1407}  added by thread pool-3-thread-6
 message  {Id=0c41cdd4-0fe0-4869-a58c-2dac02c08551,FirstNumber=236,secondNumber=1407}  written to file by thread pool-3-thread-3
 message  {Id=533c4925-a220-4bd7-9fe3-f98a9171c383,FirstNumber=49,secondNumber=990}  added by thread pool-3-thread-6
 message  {Id=533c4925-a220-4bd7-9fe3-f98a9171c383,FirstNumber=49,secondNumber=990}  written to file by thread pool-3-thread-3
 message  {Id=18a40a46-7e5b-4edb-b015-d9007cb5fe77,FirstNumber=60,secondNumber=1748}  added by thread pool-3-thread-6
 message  {Id=18a40a46-7e5b-4edb-b015-d9007cb5fe77,FirstNumber=60,secondNumber=1748}  written to file by thread pool-3-thread-4
 message  {Id=1c01d6d4-4618-4702-9d65-073aeead9966,FirstNumber=243,secondNumber=270}  added by thread pool-3-thread-6
 message  {Id=1c01d6d4-4618-4702-9d65-073aeead9966,FirstNumber=243,secondNumber=270}  written to file by thread pool-3-thread-2
 message  {Id=2dfb000d-0196-45a1-82d0-b1b9d989e171,FirstNumber=742,secondNumber=1672}  added by thread pool-3-thread-6
 message  {Id=2dfb000d-0196-45a1-82d0-b1b9d989e171,FirstNumber=742,secondNumber=1672}  written to file by thread pool-3-thread-2
 message  {Id=9b062c14-0ed9-468e-a6c9-459963702dbd,FirstNumber=872,secondNumber=886}  added by thread pool-3-thread-6
 message  {Id=9b062c14-0ed9-468e-a6c9-459963702dbd,FirstNumber=872,secondNumber=886}  written to file by thread pool-3-thread-5
 message  {Id=78e5329c-9c10-4fea-9411-df6388771fb9,FirstNumber=321,secondNumber=751}  added by thread pool-3-thread-6
 message  {Id=78e5329c-9c10-4fea-9411-df6388771fb9,FirstNumber=321,secondNumber=751}  written to file by thread pool-3-thread-5
 message  {Id=47d4faf4-f012-43a7-b256-93200eb6d192,FirstNumber=328,secondNumber=1708}  added by thread pool-3-thread-6
 message  {Id=47d4faf4-f012-43a7-b256-93200eb6d192,FirstNumber=328,secondNumber=1708}  written to file by thread pool-3-thread-4
 message  {Id=05755dcb-1a43-445e-ac02-51bb471bac77,FirstNumber=664,secondNumber=1041}  added by thread pool-3-thread-6
 message  {Id=05755dcb-1a43-445e-ac02-51bb471bac77,FirstNumber=664,secondNumber=1041}  written to file by thread pool-3-thread-4
 message  {Id=62beac79-20db-48a4-a534-6ed1611b932b,FirstNumber=729,secondNumber=878}  added by thread pool-3-thread-6
 message  {Id=62beac79-20db-48a4-a534-6ed1611b932b,FirstNumber=729,secondNumber=878}  written to file by thread pool-3-thread-2
 message  {Id=6dc9b8b0-90e6-4b90-ae99-dddf3a43e446,FirstNumber=188,secondNumber=1353}  added by thread pool-3-thread-6
 message  {Id=6dc9b8b0-90e6-4b90-ae99-dddf3a43e446,FirstNumber=188,secondNumber=1353}  written to file by thread pool-3-thread-2
 message  {Id=a337ffda-9a4d-4d5f-a71d-e1932f8390ad,FirstNumber=777,secondNumber=90}  added by thread pool-3-thread-6
 message  {Id=4841df88-f4ca-4e8b-87cf-d6b5b37e5889,FirstNumber=997,secondNumber=1682}  added by thread pool-3-thread-6
 message  {Id=a337ffda-9a4d-4d5f-a71d-e1932f8390ad,FirstNumber=777,secondNumber=90}  written to file by thread pool-3-thread-5
 message  {Id=4841df88-f4ca-4e8b-87cf-d6b5b37e5889,FirstNumber=997,secondNumber=1682}  written to file by thread pool-3-thread-1
 message  {Id=f390f9c6-7022-45c8-bc58-ecb2c53d1cf2,FirstNumber=304,secondNumber=536}  added by thread pool-3-thread-6
 message  {Id=f390f9c6-7022-45c8-bc58-ecb2c53d1cf2,FirstNumber=304,secondNumber=536}  written to file by thread pool-3-thread-4
 message  {Id=83fc8be2-4fdf-48aa-aa2a-483846571cf3,FirstNumber=110,secondNumber=1939}  added by thread pool-3-thread-6
 message  {Id=83fc8be2-4fdf-48aa-aa2a-483846571cf3,FirstNumber=110,secondNumber=1939}  written to file by thread pool-3-thread-3
 message  {Id=84c7665e-3c27-4a90-bc18-916558936ad8,FirstNumber=15,secondNumber=1928}  added by thread pool-3-thread-6
 message  {Id=84c7665e-3c27-4a90-bc18-916558936ad8,FirstNumber=15,secondNumber=1928}  written to file by thread pool-3-thread-2
 message  {Id=aacf6294-c38d-4999-bce1-34215483c30e,FirstNumber=328,secondNumber=330}  added by thread pool-3-thread-6
 message  {Id=aacf6294-c38d-4999-bce1-34215483c30e,FirstNumber=328,secondNumber=330}  written to file by thread pool-3-thread-5
 message  {Id=a3e2d3ef-92e0-438c-b2b6-7a1e7a404cc2,FirstNumber=948,secondNumber=149}  added by thread pool-3-thread-6
 message  {Id=a3e2d3ef-92e0-438c-b2b6-7a1e7a404cc2,FirstNumber=948,secondNumber=149}  written to file by thread pool-3-thread-5
 message  {Id=7ba29f9e-a5c9-468c-9edb-b8959ea86eba,FirstNumber=624,secondNumber=140}  added by thread pool-3-thread-6
 message  {Id=7ba29f9e-a5c9-468c-9edb-b8959ea86eba,FirstNumber=624,secondNumber=140}  written to file by thread pool-3-thread-4
 message  {Id=9582fbea-43c4-4cec-861b-d0c82ec74036,FirstNumber=61,secondNumber=856}  added by thread pool-3-thread-6
 message  {Id=9582fbea-43c4-4cec-861b-d0c82ec74036,FirstNumber=61,secondNumber=856}  written to file by thread pool-3-thread-3
 message  {Id=f9cafab9-f4f9-46de-bc5d-af33bd04e1c1,FirstNumber=147,secondNumber=1843}  added by thread pool-3-thread-6
 message  {Id=f9cafab9-f4f9-46de-bc5d-af33bd04e1c1,FirstNumber=147,secondNumber=1843}  written to file by thread pool-3-thread-2
 message  {Id=5338542d-ba25-4562-bc92-5e5d521c10fd,FirstNumber=890,secondNumber=1011}  added by thread pool-3-thread-6
 message  {Id=576aee7e-0eb0-499b-8585-655ceb6b97f8,FirstNumber=203,secondNumber=1467}  added by thread pool-3-thread-6
 message  {Id=5338542d-ba25-4562-bc92-5e5d521c10fd,FirstNumber=890,secondNumber=1011}  written to file by thread pool-3-thread-1
 message  {Id=576aee7e-0eb0-499b-8585-655ceb6b97f8,FirstNumber=203,secondNumber=1467}  written to file by thread pool-3-thread-5
 message  {Id=15a3aa80-b79c-4322-be2b-219b44448de9,FirstNumber=999,secondNumber=1780}  added by thread pool-3-thread-6
 message  {Id=15a3aa80-b79c-4322-be2b-219b44448de9,FirstNumber=999,secondNumber=1780}  written to file by thread pool-3-thread-4
 message  {Id=5bbe3597-bcfb-444e-a256-0121f09f3f35,FirstNumber=288,secondNumber=1526}  added by thread pool-3-thread-6
 message  {Id=5bbe3597-bcfb-444e-a256-0121f09f3f35,FirstNumber=288,secondNumber=1526}  written to file by thread pool-3-thread-4
 message  {Id=f94b1f12-25d1-43bd-80c9-0bdbdb9c2fcf,FirstNumber=549,secondNumber=219}  added by thread pool-3-thread-6
 message  {Id=f94b1f12-25d1-43bd-80c9-0bdbdb9c2fcf,FirstNumber=549,secondNumber=219}  written to file by thread pool-3-thread-2
 message  {Id=e0195b6a-2e26-464a-9815-a3caa0d513ac,FirstNumber=88,secondNumber=708}  added by thread pool-3-thread-6
 message  {Id=e0195b6a-2e26-464a-9815-a3caa0d513ac,FirstNumber=88,secondNumber=708}  written to file by thread pool-3-thread-2
 message  {Id=0ed6bf34-10c4-4615-8ad4-140d65dce6d3,FirstNumber=454,secondNumber=1119}  added by thread pool-3-thread-6
 message  {Id=0ed6bf34-10c4-4615-8ad4-140d65dce6d3,FirstNumber=454,secondNumber=1119}  written to file by thread pool-3-thread-5
 message  {Id=8538d4cf-29c5-4f7c-b9cf-92c766a6fdfe,FirstNumber=291,secondNumber=574}  added by thread pool-3-thread-6
 message  {Id=8538d4cf-29c5-4f7c-b9cf-92c766a6fdfe,FirstNumber=291,secondNumber=574}  written to file by thread pool-3-thread-5
 message  {Id=9c467de7-cfcf-4a55-8fae-491dde8ee31c,FirstNumber=344,secondNumber=1395}  added by thread pool-3-thread-6
 message  {Id=9c467de7-cfcf-4a55-8fae-491dde8ee31c,FirstNumber=344,secondNumber=1395}  written to file by thread pool-3-thread-4
 message  {Id=74f1056d-4d3a-41ae-b249-73f10d0c887c,FirstNumber=976,secondNumber=627}  added by thread pool-3-thread-6
 message  {Id=74f1056d-4d3a-41ae-b249-73f10d0c887c,FirstNumber=976,secondNumber=627}  written to file by thread pool-3-thread-4
 message  {Id=2b000032-ac27-41a9-84e0-802890024ceb,FirstNumber=233,secondNumber=1803}  added by thread pool-3-thread-6
 message  {Id=2b000032-ac27-41a9-84e0-802890024ceb,FirstNumber=233,secondNumber=1803}  written to file by thread pool-3-thread-2
 message  {Id=08c7543f-03b3-4d14-8e9a-c90d0ff05b77,FirstNumber=507,secondNumber=237}  added by thread pool-3-thread-6
 message  {Id=08c7543f-03b3-4d14-8e9a-c90d0ff05b77,FirstNumber=507,secondNumber=237}  written to file by thread pool-3-thread-3
 message  {Id=ad68bd45-7ed7-443f-a6b0-06bdd29b4cfe,FirstNumber=610,secondNumber=1670}  added by thread pool-3-thread-6
 message  {Id=ad68bd45-7ed7-443f-a6b0-06bdd29b4cfe,FirstNumber=610,secondNumber=1670}  written to file by thread pool-3-thread-3
 message  {Id=312f1f11-f07f-491a-b9ab-04b7c14ed4b8,FirstNumber=379,secondNumber=1540}  added by thread pool-3-thread-6
 message  {Id=312f1f11-f07f-491a-b9ab-04b7c14ed4b8,FirstNumber=379,secondNumber=1540}  written to file by thread pool-3-thread-1
 message  {Id=6fc104c9-05a1-4aae-9718-858138655cc9,FirstNumber=867,secondNumber=1682}  added by thread pool-3-thread-6
 message  {Id=6fc104c9-05a1-4aae-9718-858138655cc9,FirstNumber=867,secondNumber=1682}  written to file by thread pool-3-thread-4
 message  {Id=ce1434f9-6ee8-4850-8db6-9f7eabe95b8f,FirstNumber=806,secondNumber=215}  added by thread pool-3-thread-6
 message  {Id=ce1434f9-6ee8-4850-8db6-9f7eabe95b8f,FirstNumber=806,secondNumber=215}  written to file by thread pool-3-thread-4
 message  {Id=56d6b02c-f62b-402e-a66f-41b997f7f9f1,FirstNumber=179,secondNumber=1777}  added by thread pool-3-thread-6
 message  {Id=56d6b02c-f62b-402e-a66f-41b997f7f9f1,FirstNumber=179,secondNumber=1777}  written to file by thread pool-3-thread-4
 message  {Id=bb90ae9d-de07-4327-b29f-0f7c98d78409,FirstNumber=922,secondNumber=1431}  added by thread pool-3-thread-6
 message  {Id=bb90ae9d-de07-4327-b29f-0f7c98d78409,FirstNumber=922,secondNumber=1431}  written to file by thread pool-3-thread-3
 message  {Id=1620c491-f383-4f93-9d90-aa447b3a2946,FirstNumber=671,secondNumber=144}  added by thread pool-3-thread-6
 message  {Id=11098483-3a72-4106-b549-7778522b2fab,FirstNumber=580,secondNumber=160}  added by thread pool-3-thread-6
 message  {Id=1620c491-f383-4f93-9d90-aa447b3a2946,FirstNumber=671,secondNumber=144}  written to file by thread pool-3-thread-1
 message  {Id=11098483-3a72-4106-b549-7778522b2fab,FirstNumber=580,secondNumber=160}  written to file by thread pool-3-thread-2
 message  {Id=d06c97e3-c0bb-4995-987e-6cbc8be86cbf,FirstNumber=96,secondNumber=1588}  added by thread pool-3-thread-6
 message  {Id=d06c97e3-c0bb-4995-987e-6cbc8be86cbf,FirstNumber=96,secondNumber=1588}  written to file by thread pool-3-thread-5
 message  {Id=ef72dfbf-7eee-451e-990b-c2304d95fe7e,FirstNumber=892,secondNumber=312}  added by thread pool-3-thread-6
 message  {Id=ef72dfbf-7eee-451e-990b-c2304d95fe7e,FirstNumber=892,secondNumber=312}  written to file by thread pool-3-thread-4
 message  {Id=cd17b196-6857-418a-8260-dd74994fad6d,FirstNumber=415,secondNumber=1827}  added by thread pool-3-thread-6
 message  {Id=cd17b196-6857-418a-8260-dd74994fad6d,FirstNumber=415,secondNumber=1827}  written to file by thread pool-3-thread-3
 message  {Id=040476f0-16d1-4a7a-baf7-83cb834fbc38,FirstNumber=485,secondNumber=1794}  added by thread pool-3-thread-6
 message  {Id=040476f0-16d1-4a7a-baf7-83cb834fbc38,FirstNumber=485,secondNumber=1794}  written to file by thread pool-3-thread-3
 message  {Id=9b3a0a40-84de-4460-9275-a2797f89fda1,FirstNumber=527,secondNumber=1464}  added by thread pool-3-thread-6
 message  {Id=9b3a0a40-84de-4460-9275-a2797f89fda1,FirstNumber=527,secondNumber=1464}  written to file by thread pool-3-thread-3
 message  {Id=86540af8-c6ec-4d33-a773-8199dafd0f94,FirstNumber=803,secondNumber=123}  added by thread pool-3-thread-6
 message  {Id=86540af8-c6ec-4d33-a773-8199dafd0f94,FirstNumber=803,secondNumber=123}  written to file by thread pool-3-thread-5
 message  {Id=ce966e0c-77e3-4922-b1de-0c417ff23355,FirstNumber=928,secondNumber=1105}  added by thread pool-3-thread-6
 message  {Id=ce966e0c-77e3-4922-b1de-0c417ff23355,FirstNumber=928,secondNumber=1105}  written to file by thread pool-3-thread-5
 message  {Id=083e5b67-ce87-4bff-910f-c50884913f43,FirstNumber=488,secondNumber=1070}  added by thread pool-3-thread-6
 message  {Id=083e5b67-ce87-4bff-910f-c50884913f43,FirstNumber=488,secondNumber=1070}  written to file by thread pool-3-thread-1
 message  {Id=70f8e5aa-8fcb-4daf-9bce-9a9363026d39,FirstNumber=364,secondNumber=1089}  added by thread pool-3-thread-6
 message  {Id=70f8e5aa-8fcb-4daf-9bce-9a9363026d39,FirstNumber=364,secondNumber=1089}  written to file by thread pool-3-thread-2
 message  {Id=abdfe855-1eb5-4f32-9318-4325cd63096b,FirstNumber=82,secondNumber=986}  added by thread pool-3-thread-6
 message  {Id=abdfe855-1eb5-4f32-9318-4325cd63096b,FirstNumber=82,secondNumber=986}  written to file by thread pool-3-thread-2
 message  {Id=5e36cd45-1574-41c0-9dde-0f4eef1b1bf5,FirstNumber=257,secondNumber=1845}  added by thread pool-3-thread-6
 message  {Id=5e36cd45-1574-41c0-9dde-0f4eef1b1bf5,FirstNumber=257,secondNumber=1845}  written to file by thread pool-3-thread-4
 message  {Id=3b85f846-c2c4-4f57-ac76-ff2ed6383f5c,FirstNumber=145,secondNumber=1092}  added by thread pool-3-thread-6
 message  {Id=3b85f846-c2c4-4f57-ac76-ff2ed6383f5c,FirstNumber=145,secondNumber=1092}  written to file by thread pool-3-thread-5
 message  {Id=c79022c7-fa13-48a3-aead-566679ee61aa,FirstNumber=762,secondNumber=1629}  added by thread pool-3-thread-6
 message  {Id=c79022c7-fa13-48a3-aead-566679ee61aa,FirstNumber=762,secondNumber=1629}  written to file by thread pool-3-thread-1
 message  {Id=d0cd893c-c0c2-4dba-a34e-2ba3223d9699,FirstNumber=30,secondNumber=1084}  added by thread pool-3-thread-6
 message  {Id=d0cd893c-c0c2-4dba-a34e-2ba3223d9699,FirstNumber=30,secondNumber=1084}  written to file by thread pool-3-thread-1
 message  {Id=75de7cf3-b2d2-4ecb-828c-cab984f9f9ce,FirstNumber=944,secondNumber=1106}  added by thread pool-3-thread-6
 message  {Id=75de7cf3-b2d2-4ecb-828c-cab984f9f9ce,FirstNumber=944,secondNumber=1106}  written to file by thread pool-3-thread-1
 message  {Id=3ae98034-eb99-46dc-91af-d7b4db8b73d7,FirstNumber=10,secondNumber=656}  added by thread pool-3-thread-6
 message  {Id=3ae98034-eb99-46dc-91af-d7b4db8b73d7,FirstNumber=10,secondNumber=656}  written to file by thread pool-3-thread-4
 message  {Id=c67522d6-3c71-44dc-9ca7-51f781d1be69,FirstNumber=60,secondNumber=844}  added by thread pool-3-thread-6
 message  {Id=c67522d6-3c71-44dc-9ca7-51f781d1be69,FirstNumber=60,secondNumber=844}  written to file by thread pool-3-thread-5
 message  {Id=52c5cdab-7257-45b5-90be-1d726fd4000a,FirstNumber=255,secondNumber=957}  added by thread pool-3-thread-6
 message  {Id=52c5cdab-7257-45b5-90be-1d726fd4000a,FirstNumber=255,secondNumber=957}  written to file by thread pool-3-thread-5
 message  {Id=7a95d211-a973-4dec-ba43-a14b077f8757,FirstNumber=233,secondNumber=1546}  added by thread pool-3-thread-6
 message  {Id=7a95d211-a973-4dec-ba43-a14b077f8757,FirstNumber=233,secondNumber=1546}  written to file by thread pool-3-thread-2
 message  {Id=e4f1dcaa-578f-43fc-9132-6964ae53656a,FirstNumber=701,secondNumber=529}  added by thread pool-3-thread-6
 message  {Id=e4f1dcaa-578f-43fc-9132-6964ae53656a,FirstNumber=701,secondNumber=529}  written to file by thread pool-3-thread-2
 message  {Id=f8671d40-3c8c-4b26-b1cb-df2ea0afbdc2,FirstNumber=825,secondNumber=1591}  added by thread pool-3-thread-6
 message  {Id=788a850a-8fc8-43bb-b236-9ba2e9ed3cc0,FirstNumber=922,secondNumber=789}  added by thread pool-3-thread-6
 message  {Id=f8671d40-3c8c-4b26-b1cb-df2ea0afbdc2,FirstNumber=825,secondNumber=1591}  written to file by thread pool-3-thread-4
 message  {Id=788a850a-8fc8-43bb-b236-9ba2e9ed3cc0,FirstNumber=922,secondNumber=789}  written to file by thread pool-3-thread-3
 message  {Id=063c3741-ff11-48af-a47e-8273a88bc8d2,FirstNumber=326,secondNumber=1851}  added by thread pool-3-thread-6
 message  {Id=063c3741-ff11-48af-a47e-8273a88bc8d2,FirstNumber=326,secondNumber=1851}  written to file by thread pool-3-thread-3
 message  {Id=bd3411b1-acb6-47f3-8c94-3c4f228a74e0,FirstNumber=593,secondNumber=532}  added by thread pool-3-thread-6
 message  {Id=bd3411b1-acb6-47f3-8c94-3c4f228a74e0,FirstNumber=593,secondNumber=532}  written to file by thread pool-3-thread-1
 message  {Id=57591704-b465-4b70-a73d-5e9fefc24cbf,FirstNumber=578,secondNumber=723}  added by thread pool-3-thread-6
 message  {Id=57591704-b465-4b70-a73d-5e9fefc24cbf,FirstNumber=578,secondNumber=723}  written to file by thread pool-3-thread-1
 message  {Id=43b95619-de02-4a08-8384-0037c3777a2a,FirstNumber=924,secondNumber=1360}  added by thread pool-3-thread-6
 message  {Id=43b95619-de02-4a08-8384-0037c3777a2a,FirstNumber=924,secondNumber=1360}  written to file by thread pool-3-thread-4
 message  {Id=dbfc504b-4c05-4314-bab8-4dd50e615d3a,FirstNumber=861,secondNumber=1689}  added by thread pool-3-thread-6
 message  {Id=dbfc504b-4c05-4314-bab8-4dd50e615d3a,FirstNumber=861,secondNumber=1689}  written to file by thread pool-3-thread-4
 message  {Id=d30324f7-fd68-48ad-8dc8-20e6dacc617d,FirstNumber=680,secondNumber=1944}  added by thread pool-3-thread-6
 message  {Id=d30324f7-fd68-48ad-8dc8-20e6dacc617d,FirstNumber=680,secondNumber=1944}  written to file by thread pool-3-thread-3
 message  {Id=7b046c31-b416-4b4b-8f87-adec6ef63f55,FirstNumber=46,secondNumber=666}  added by thread pool-3-thread-6
 message  {Id=7b046c31-b416-4b4b-8f87-adec6ef63f55,FirstNumber=46,secondNumber=666}  written to file by thread pool-3-thread-2
 message  {Id=7469fadd-c3fd-4955-a35b-1fd0c8004be1,FirstNumber=267,secondNumber=489}  added by thread pool-3-thread-6
 message  {Id=7469fadd-c3fd-4955-a35b-1fd0c8004be1,FirstNumber=267,secondNumber=489}  written to file by thread pool-3-thread-1
 message  {Id=eaff23d3-02b6-454f-b712-da86f9c6bdba,FirstNumber=943,secondNumber=1746}  added by thread pool-3-thread-6
 message  {Id=cb7929e7-c07b-46e1-a67f-6bfd83b09cbf,FirstNumber=209,secondNumber=1693}  added by thread pool-3-thread-6
 message  {Id=eaff23d3-02b6-454f-b712-da86f9c6bdba,FirstNumber=943,secondNumber=1746}  written to file by thread pool-3-thread-5
 message  {Id=cb7929e7-c07b-46e1-a67f-6bfd83b09cbf,FirstNumber=209,secondNumber=1693}  written to file by thread pool-3-thread-4
 message  {Id=ea8b92d6-598f-487e-b27f-211e1023d8f7,FirstNumber=922,secondNumber=579}  added by thread pool-3-thread-6
 message  {Id=ea8b92d6-598f-487e-b27f-211e1023d8f7,FirstNumber=922,secondNumber=579}  written to file by thread pool-3-thread-3
 message  {Id=6394748f-0a9e-47a4-be78-2ff6b753d275,FirstNumber=7,secondNumber=747}  added by thread pool-3-thread-6
 message  {Id=6394748f-0a9e-47a4-be78-2ff6b753d275,FirstNumber=7,secondNumber=747}  written to file by thread pool-3-thread-2
 message  {Id=89b87e32-46c5-4df6-bbef-86692a7bd38a,FirstNumber=624,secondNumber=1093}  added by thread pool-3-thread-6
 message  {Id=89b87e32-46c5-4df6-bbef-86692a7bd38a,FirstNumber=624,secondNumber=1093}  written to file by thread pool-3-thread-1
 message  {Id=919baab0-d9e5-42e7-822f-0b67d98afb39,FirstNumber=89,secondNumber=151}  added by thread pool-3-thread-6
 message  {Id=919baab0-d9e5-42e7-822f-0b67d98afb39,FirstNumber=89,secondNumber=151}  written to file by thread pool-3-thread-5
 message  {Id=99383289-b373-4946-a400-1a02485ab3d6,FirstNumber=728,secondNumber=909}  added by thread pool-3-thread-6
 message  {Id=99383289-b373-4946-a400-1a02485ab3d6,FirstNumber=728,secondNumber=909}  written to file by thread pool-3-thread-5
 message  {Id=50e87536-d2f9-423c-b6c6-348a86a8998d,FirstNumber=308,secondNumber=1732}  added by thread pool-3-thread-6
 message  {Id=50e87536-d2f9-423c-b6c6-348a86a8998d,FirstNumber=308,secondNumber=1732}  written to file by thread pool-3-thread-3
 message  {Id=7185f326-78b2-463e-bf0a-5e03ad539948,FirstNumber=951,secondNumber=1938}  added by thread pool-3-thread-6
 message  {Id=7185f326-78b2-463e-bf0a-5e03ad539948,FirstNumber=951,secondNumber=1938}  written to file by thread pool-3-thread-2
 message  {Id=f40da7b5-fdc8-4b20-9a5f-e25771c25eca,FirstNumber=812,secondNumber=246}  added by thread pool-3-thread-6
 message  {Id=f40da7b5-fdc8-4b20-9a5f-e25771c25eca,FirstNumber=812,secondNumber=246}  written to file by thread pool-3-thread-1
 message  {Id=f22dd19a-5d3c-420c-a645-6eb0d041c452,FirstNumber=649,secondNumber=1249}  added by thread pool-3-thread-6
 message  {Id=be40bac8-78ab-409a-8691-b3934e19b58c,FirstNumber=355,secondNumber=142}  added by thread pool-3-thread-6
 message  {Id=f22dd19a-5d3c-420c-a645-6eb0d041c452,FirstNumber=649,secondNumber=1249}  written to file by thread pool-3-thread-4
 message  {Id=be40bac8-78ab-409a-8691-b3934e19b58c,FirstNumber=355,secondNumber=142}  written to file by thread pool-3-thread-5
 message  {Id=d29c19f4-2576-4de9-a5d5-1371642be34b,FirstNumber=606,secondNumber=1236}  added by thread pool-3-thread-6
 message  {Id=d29c19f4-2576-4de9-a5d5-1371642be34b,FirstNumber=606,secondNumber=1236}  written to file by thread pool-3-thread-3
 message  {Id=020c1048-fdce-4a34-9d1a-74db5d8b2f88,FirstNumber=201,secondNumber=626}  added by thread pool-3-thread-6
 message  {Id=020c1048-fdce-4a34-9d1a-74db5d8b2f88,FirstNumber=201,secondNumber=626}  written to file by thread pool-3-thread-2
 message  {Id=82576fa7-7a24-457f-9a9f-d765ba73158d,FirstNumber=889,secondNumber=997}  added by thread pool-3-thread-6
 message  {Id=82576fa7-7a24-457f-9a9f-d765ba73158d,FirstNumber=889,secondNumber=997}  written to file by thread pool-3-thread-1
 message  {Id=2ba869c7-dc90-4207-8f71-14b59da0330a,FirstNumber=95,secondNumber=259}  added by thread pool-3-thread-6
 message  {Id=2ba869c7-dc90-4207-8f71-14b59da0330a,FirstNumber=95,secondNumber=259}  written to file by thread pool-3-thread-4
 message  {Id=cd163903-539f-48d0-9af5-d6988ea59e79,FirstNumber=288,secondNumber=140}  added by thread pool-3-thread-6
 message  {Id=cd163903-539f-48d0-9af5-d6988ea59e79,FirstNumber=288,secondNumber=140}  written to file by thread pool-3-thread-4
 message  {Id=77447e7e-4bab-40f2-a864-70ec4babd858,FirstNumber=410,secondNumber=878}  added by thread pool-3-thread-6
 message  {Id=77447e7e-4bab-40f2-a864-70ec4babd858,FirstNumber=410,secondNumber=878}  written to file by thread pool-3-thread-3
 message  {Id=6fe4e795-3aae-4283-9879-3d22f4982fa4,FirstNumber=789,secondNumber=218}  added by thread pool-3-thread-6
 message  {Id=6fe4e795-3aae-4283-9879-3d22f4982fa4,FirstNumber=789,secondNumber=218}  written to file by thread pool-3-thread-2
 message  {Id=82729305-0184-42d6-a8fd-10454a3b64f3,FirstNumber=268,secondNumber=1753}  added by thread pool-3-thread-6
 message  {Id=82729305-0184-42d6-a8fd-10454a3b64f3,FirstNumber=268,secondNumber=1753}  written to file by thread pool-3-thread-1
 message  {Id=9d04b44a-cb3d-497e-84e7-3f4074b3680f,FirstNumber=458,secondNumber=1870}  added by thread pool-3-thread-6
 message  {Id=9d04b44a-cb3d-497e-84e7-3f4074b3680f,FirstNumber=458,secondNumber=1870}  written to file by thread pool-3-thread-1
 message  {Id=71f1f851-8f5a-4dc6-85f2-4a68922f8bba,FirstNumber=186,secondNumber=1332}  added by thread pool-3-thread-6
 message  {Id=71f1f851-8f5a-4dc6-85f2-4a68922f8bba,FirstNumber=186,secondNumber=1332}  written to file by thread pool-3-thread-1
 message  {Id=991352a1-d019-48ed-a535-ac25f3e6f609,FirstNumber=903,secondNumber=977}  added by thread pool-3-thread-6
 message  {Id=991352a1-d019-48ed-a535-ac25f3e6f609,FirstNumber=903,secondNumber=977}  written to file by thread pool-3-thread-3
 message  {Id=90e72b71-c736-4f93-9530-9b04724f44b1,FirstNumber=106,secondNumber=1063}  added by thread pool-3-thread-6
 message  {Id=90e72b71-c736-4f93-9530-9b04724f44b1,FirstNumber=106,secondNumber=1063}  written to file by thread pool-3-thread-2
 message  {Id=f4782789-cc54-487e-8ef2-2abe07c5533c,FirstNumber=561,secondNumber=287}  added by thread pool-3-thread-6
 message  {Id=f4782789-cc54-487e-8ef2-2abe07c5533c,FirstNumber=561,secondNumber=287}  written to file by thread pool-3-thread-5
 message  {Id=56b65ed3-9359-4142-8df5-3a5558df6dad,FirstNumber=669,secondNumber=1278}  added by thread pool-3-thread-6
 message  {Id=56b65ed3-9359-4142-8df5-3a5558df6dad,FirstNumber=669,secondNumber=1278}  written to file by thread pool-3-thread-5
 message  {Id=7b7434b5-1a5a-4930-8374-1b87c1df5d1b,FirstNumber=634,secondNumber=1618}  added by thread pool-3-thread-6
 message  {Id=7b7434b5-1a5a-4930-8374-1b87c1df5d1b,FirstNumber=634,secondNumber=1618}  written to file by thread pool-3-thread-1
 message  {Id=48394936-296c-4ffd-9205-490f1d0e2c74,FirstNumber=224,secondNumber=1131}  added by thread pool-3-thread-6
 message  {Id=48394936-296c-4ffd-9205-490f1d0e2c74,FirstNumber=224,secondNumber=1131}  written to file by thread pool-3-thread-3
 message  {Id=6a4d10a0-a2bd-4ef5-96fe-a4fdd89d2f45,FirstNumber=792,secondNumber=345}  added by thread pool-3-thread-6
 message  {Id=6a4d10a0-a2bd-4ef5-96fe-a4fdd89d2f45,FirstNumber=792,secondNumber=345}  written to file by thread pool-3-thread-3
 message  {Id=2e675e5b-5a04-4deb-95b2-8c313ca6c450,FirstNumber=785,secondNumber=829}  added by thread pool-3-thread-6
 message  {Id=2e675e5b-5a04-4deb-95b2-8c313ca6c450,FirstNumber=785,secondNumber=829}  written to file by thread pool-3-thread-4
 message  {Id=165a27c2-57a9-45f9-bda5-fe18399c2892,FirstNumber=598,secondNumber=1358}  added by thread pool-3-thread-6
 message  {Id=a13f3ab0-2955-43f9-8782-98a6348818b2,FirstNumber=863,secondNumber=1542}  added by thread pool-3-thread-6
 message  {Id=165a27c2-57a9-45f9-bda5-fe18399c2892,FirstNumber=598,secondNumber=1358}  written to file by thread pool-3-thread-5
 message  {Id=a13f3ab0-2955-43f9-8782-98a6348818b2,FirstNumber=863,secondNumber=1542}  written to file by thread pool-3-thread-1
 message  {Id=631dce38-4f8b-4277-b394-00e6dcfe5fb3,FirstNumber=993,secondNumber=1384}  added by thread pool-3-thread-6
 message  {Id=631dce38-4f8b-4277-b394-00e6dcfe5fb3,FirstNumber=993,secondNumber=1384}  written to file by thread pool-3-thread-1
 message  {Id=56d31b06-5fe7-47ea-8d1f-40a100be92d6,FirstNumber=475,secondNumber=605}  added by thread pool-3-thread-6
 message  {Id=56d31b06-5fe7-47ea-8d1f-40a100be92d6,FirstNumber=475,secondNumber=605}  written to file by thread pool-3-thread-3
 message  {Id=2bcecb6f-7f62-47cb-aac8-93b6293d6888,FirstNumber=614,secondNumber=529}  added by thread pool-3-thread-6
 message  {Id=2bcecb6f-7f62-47cb-aac8-93b6293d6888,FirstNumber=614,secondNumber=529}  written to file by thread pool-3-thread-3
 message  {Id=9aeb7061-dd3e-4c02-9023-da16948f2ab7,FirstNumber=560,secondNumber=1422}  added by thread pool-3-thread-6
 message  {Id=9aeb7061-dd3e-4c02-9023-da16948f2ab7,FirstNumber=560,secondNumber=1422}  written to file by thread pool-3-thread-5
 message  {Id=c3c2b87b-8023-470d-ac71-c96f041fb948,FirstNumber=401,secondNumber=440}  added by thread pool-3-thread-6
 message  {Id=c3c2b87b-8023-470d-ac71-c96f041fb948,FirstNumber=401,secondNumber=440}  written to file by thread pool-3-thread-5
 message  {Id=d87db7a5-47b8-4360-b9f1-d8d9aee616f9,FirstNumber=499,secondNumber=808}  added by thread pool-3-thread-6
 message  {Id=d87db7a5-47b8-4360-b9f1-d8d9aee616f9,FirstNumber=499,secondNumber=808}  written to file by thread pool-3-thread-1
 message  {Id=284ee365-a74c-4c85-bddf-7c364b40aef7,FirstNumber=332,secondNumber=1261}  added by thread pool-3-thread-6
 message  {Id=284ee365-a74c-4c85-bddf-7c364b40aef7,FirstNumber=332,secondNumber=1261}  written to file by thread pool-3-thread-4
 message  {Id=9dcd1b78-eb85-499b-a955-8edbd2ea2dfb,FirstNumber=965,secondNumber=1838}  added by thread pool-3-thread-6
 message  {Id=9dcd1b78-eb85-499b-a955-8edbd2ea2dfb,FirstNumber=965,secondNumber=1838}  written to file by thread pool-3-thread-3
 message  {Id=603f0cf8-56d1-4adc-a6b8-5f20a697c4d1,FirstNumber=825,secondNumber=1993}  added by thread pool-3-thread-6
 message  {Id=88f4ed83-0691-48fa-b163-2498a05b7caa,FirstNumber=984,secondNumber=1302}  added by thread pool-3-thread-6
 message  {Id=603f0cf8-56d1-4adc-a6b8-5f20a697c4d1,FirstNumber=825,secondNumber=1993}  written to file by thread pool-3-thread-2
 message  {Id=88f4ed83-0691-48fa-b163-2498a05b7caa,FirstNumber=984,secondNumber=1302}  written to file by thread pool-3-thread-5
 message  {Id=482c5861-6821-4de1-831f-fdc2c63286c7,FirstNumber=810,secondNumber=914}  added by thread pool-3-thread-6
 message  {Id=482c5861-6821-4de1-831f-fdc2c63286c7,FirstNumber=810,secondNumber=914}  written to file by thread pool-3-thread-5
 message  {Id=98b61d8d-0145-48d0-ab40-c1f334a90878,FirstNumber=510,secondNumber=283}  added by thread pool-3-thread-6
 message  {Id=98b61d8d-0145-48d0-ab40-c1f334a90878,FirstNumber=510,secondNumber=283}  written to file by thread pool-3-thread-5
 message  {Id=03cdda07-9f79-4a4c-bb5c-4ed4d01cdad3,FirstNumber=195,secondNumber=804}  added by thread pool-3-thread-6
 message  {Id=03cdda07-9f79-4a4c-bb5c-4ed4d01cdad3,FirstNumber=195,secondNumber=804}  written to file by thread pool-3-thread-3
 message  {Id=f1464a5a-0fca-4af5-aa82-8243db16e86e,FirstNumber=504,secondNumber=1261}  added by thread pool-3-thread-6
 message  {Id=f1464a5a-0fca-4af5-aa82-8243db16e86e,FirstNumber=504,secondNumber=1261}  written to file by thread pool-3-thread-2
 message  {Id=7a33f2bb-c652-4620-84af-ef6aa78e6ae7,FirstNumber=633,secondNumber=1920}  added by thread pool-3-thread-6
 message  {Id=7a33f2bb-c652-4620-84af-ef6aa78e6ae7,FirstNumber=633,secondNumber=1920}  written to file by thread pool-3-thread-2
 message  {Id=a1ec9c19-b1c1-4e90-b617-db98d8e8d1dc,FirstNumber=835,secondNumber=60}  added by thread pool-3-thread-6
 message  {Id=a1ec9c19-b1c1-4e90-b617-db98d8e8d1dc,FirstNumber=835,secondNumber=60}  written to file by thread pool-3-thread-4
 message  {Id=f3a623ed-479e-4a56-a632-0c7e3679746f,FirstNumber=240,secondNumber=1956}  added by thread pool-3-thread-6
 message  {Id=f3a623ed-479e-4a56-a632-0c7e3679746f,FirstNumber=240,secondNumber=1956}  written to file by thread pool-3-thread-5
 message  {Id=296e9e20-4d58-43c0-9975-c44942f7db88,FirstNumber=560,secondNumber=931}  added by thread pool-3-thread-6
 message  {Id=296e9e20-4d58-43c0-9975-c44942f7db88,FirstNumber=560,secondNumber=931}  written to file by thread pool-3-thread-5
 message  {Id=421cff72-7658-4e8c-a280-2acbe0d6f0d7,FirstNumber=906,secondNumber=1671}  added by thread pool-3-thread-6
 message  {Id=b6ac3416-0fce-40b0-b545-60741f24921b,FirstNumber=260,secondNumber=1516}  added by thread pool-3-thread-6
 message  {Id=421cff72-7658-4e8c-a280-2acbe0d6f0d7,FirstNumber=906,secondNumber=1671}  written to file by thread pool-3-thread-1
 message  {Id=b6ac3416-0fce-40b0-b545-60741f24921b,FirstNumber=260,secondNumber=1516}  written to file by thread pool-3-thread-2
 message  {Id=f54c85ec-2153-4eed-96c7-87139604b04d,FirstNumber=685,secondNumber=1900}  added by thread pool-3-thread-6
 message  {Id=f54c85ec-2153-4eed-96c7-87139604b04d,FirstNumber=685,secondNumber=1900}  written to file by thread pool-3-thread-4
 message  {Id=02571f3e-bfd8-4589-90aa-fc7e3882248b,FirstNumber=110,secondNumber=1052}  added by thread pool-3-thread-6
 message  {Id=02571f3e-bfd8-4589-90aa-fc7e3882248b,FirstNumber=110,secondNumber=1052}  written to file by thread pool-3-thread-4
 message  {Id=b46caf9b-f967-4070-955c-a6ac27df9eae,FirstNumber=450,secondNumber=1249}  added by thread pool-3-thread-6
 message  {Id=b46caf9b-f967-4070-955c-a6ac27df9eae,FirstNumber=450,secondNumber=1249}  written to file by thread pool-3-thread-5
 message  {Id=5d7448f1-a296-4a41-a2c0-289c1b76702e,FirstNumber=671,secondNumber=1646}  added by thread pool-3-thread-6
 message  {Id=5d7448f1-a296-4a41-a2c0-289c1b76702e,FirstNumber=671,secondNumber=1646}  written to file by thread pool-3-thread-5
 message  {Id=30b2ca73-2ff8-4bc7-bc49-f9763b6d79c8,FirstNumber=563,secondNumber=1880}  added by thread pool-3-thread-6
 message  {Id=30b2ca73-2ff8-4bc7-bc49-f9763b6d79c8,FirstNumber=563,secondNumber=1880}  written to file by thread pool-3-thread-2
 message  {Id=997f1380-9be9-4c9d-8143-9ede46b2d46c,FirstNumber=795,secondNumber=1214}  added by thread pool-3-thread-6
 message  {Id=997f1380-9be9-4c9d-8143-9ede46b2d46c,FirstNumber=795,secondNumber=1214}  written to file by thread pool-3-thread-2
 message  {Id=1c66b4d8-7ee5-41ad-a84b-56e5a2b816c3,FirstNumber=11,secondNumber=375}  added by thread pool-3-thread-6
 message  {Id=1c66b4d8-7ee5-41ad-a84b-56e5a2b816c3,FirstNumber=11,secondNumber=375}  written to file by thread pool-3-thread-4
 message  {Id=7cc47825-36cd-4f42-98d9-f81ae1974763,FirstNumber=243,secondNumber=579}  added by thread pool-3-thread-6
 message  {Id=7cc47825-36cd-4f42-98d9-f81ae1974763,FirstNumber=243,secondNumber=579}  written to file by thread pool-3-thread-4
 message  {Id=8252aea1-f099-4cb3-ac14-c9366fbb8eb4,FirstNumber=690,secondNumber=368}  added by thread pool-3-thread-6
 message  {Id=8252aea1-f099-4cb3-ac14-c9366fbb8eb4,FirstNumber=690,secondNumber=368}  written to file by thread pool-3-thread-5
 message  {Id=d8a9f33d-66fb-4112-8531-3292a79f9b53,FirstNumber=2,secondNumber=711}  added by thread pool-3-thread-6
 message  {Id=d8a9f33d-66fb-4112-8531-3292a79f9b53,FirstNumber=2,secondNumber=711}  written to file by thread pool-3-thread-3
 message  {Id=92870c6e-357f-4777-a17b-3eb9deaee6bc,FirstNumber=621,secondNumber=241}  added by thread pool-3-thread-6
 message  {Id=92870c6e-357f-4777-a17b-3eb9deaee6bc,FirstNumber=621,secondNumber=241}  written to file by thread pool-3-thread-3
 message  {Id=8913d990-78cc-473b-85df-8f278df5cfcd,FirstNumber=502,secondNumber=682}  added by thread pool-3-thread-6
 message  {Id=8913d990-78cc-473b-85df-8f278df5cfcd,FirstNumber=502,secondNumber=682}  written to file by thread pool-3-thread-1
 message  {Id=3c6d9f21-ff69-4d93-b3f3-a248508890d4,FirstNumber=21,secondNumber=942}  added by thread pool-3-thread-6
 message  {Id=3584e642-2fc1-4afd-b0a7-ef68572f63fc,FirstNumber=282,secondNumber=930}  added by thread pool-3-thread-6
 message  {Id=3c6d9f21-ff69-4d93-b3f3-a248508890d4,FirstNumber=21,secondNumber=942}  written to file by thread pool-3-thread-1
 message  {Id=3584e642-2fc1-4afd-b0a7-ef68572f63fc,FirstNumber=282,secondNumber=930}  written to file by thread pool-3-thread-5
 message  {Id=040e3abd-0041-43fb-aa47-982a7c259fd8,FirstNumber=52,secondNumber=1431}  added by thread pool-3-thread-6
 message  {Id=040e3abd-0041-43fb-aa47-982a7c259fd8,FirstNumber=52,secondNumber=1431}  written to file by thread pool-3-thread-2
 message  {Id=60c5ae0d-3655-4af5-bf58-18f6df15ab93,FirstNumber=833,secondNumber=781}  added by thread pool-3-thread-6
 message  {Id=60c5ae0d-3655-4af5-bf58-18f6df15ab93,FirstNumber=833,secondNumber=781}  written to file by thread pool-3-thread-3
 message  {Id=a4864fff-ce5b-47fe-90ac-90dd5c3d7332,FirstNumber=1,secondNumber=742}  added by thread pool-3-thread-6
 message  {Id=a4864fff-ce5b-47fe-90ac-90dd5c3d7332,FirstNumber=1,secondNumber=742}  written to file by thread pool-3-thread-3
 message  {Id=82f1ac49-4c2d-44cb-8df3-7d99b0b1e32a,FirstNumber=248,secondNumber=195}  added by thread pool-3-thread-6
 message  {Id=82f1ac49-4c2d-44cb-8df3-7d99b0b1e32a,FirstNumber=248,secondNumber=195}  written to file by thread pool-3-thread-1
 message  {Id=9073a055-030d-4735-a2c2-a95883d92c38,FirstNumber=735,secondNumber=1762}  added by thread pool-3-thread-6
 message  {Id=9073a055-030d-4735-a2c2-a95883d92c38,FirstNumber=735,secondNumber=1762}  written to file by thread pool-3-thread-1
 message  {Id=29cc6816-ee66-43ab-8766-56ba43fa30f7,FirstNumber=650,secondNumber=1945}  added by thread pool-3-thread-6
 message  {Id=29cc6816-ee66-43ab-8766-56ba43fa30f7,FirstNumber=650,secondNumber=1945}  written to file by thread pool-3-thread-1
 message  {Id=f3f8e356-5551-4286-87de-cbe4cbf5ce08,FirstNumber=377,secondNumber=1292}  added by thread pool-3-thread-6
 message  {Id=f3f8e356-5551-4286-87de-cbe4cbf5ce08,FirstNumber=377,secondNumber=1292}  written to file by thread pool-3-thread-4
 message  {Id=68852418-b092-475e-b9a8-74a34f7deed0,FirstNumber=972,secondNumber=1979}  added by thread pool-3-thread-6
 message  {Id=68852418-b092-475e-b9a8-74a34f7deed0,FirstNumber=972,secondNumber=1979}  written to file by thread pool-3-thread-4
 message  {Id=aa012816-0282-453d-a0f7-b3b1f6832951,FirstNumber=367,secondNumber=430}  added by thread pool-3-thread-6
 message  {Id=aa012816-0282-453d-a0f7-b3b1f6832951,FirstNumber=367,secondNumber=430}  written to file by thread pool-3-thread-5
 message  {Id=8b222c5b-9d51-4955-9707-51d373093953,FirstNumber=839,secondNumber=1251}  added by thread pool-3-thread-6
 message  {Id=5ff27a6c-d294-4f8b-aefb-f823f221065f,FirstNumber=21,secondNumber=1868}  added by thread pool-3-thread-6
 message  {Id=8b222c5b-9d51-4955-9707-51d373093953,FirstNumber=839,secondNumber=1251}  written to file by thread pool-3-thread-2
 message  {Id=2228ea6b-ad10-4a7e-a6ee-001ede3387ef,FirstNumber=194,secondNumber=912}  added by thread pool-3-thread-6
 message  {Id=5ff27a6c-d294-4f8b-aefb-f823f221065f,FirstNumber=21,secondNumber=1868}  written to file by thread pool-3-thread-1
 message  {Id=2228ea6b-ad10-4a7e-a6ee-001ede3387ef,FirstNumber=194,secondNumber=912}  written to file by thread pool-3-thread-3
 message  {Id=5c7ce5c6-ca69-48e6-93e3-9179e76ad9fc,FirstNumber=844,secondNumber=892}  added by thread pool-3-thread-6
 message  {Id=5c7ce5c6-ca69-48e6-93e3-9179e76ad9fc,FirstNumber=844,secondNumber=892}  written to file by thread pool-3-thread-3
 message  {Id=7f753231-7fee-4b9c-aceb-4903d6365c62,FirstNumber=440,secondNumber=1218}  added by thread pool-3-thread-6
 message  {Id=7f753231-7fee-4b9c-aceb-4903d6365c62,FirstNumber=440,secondNumber=1218}  written to file by thread pool-3-thread-3
 message  {Id=6bfeeec4-b7fc-4263-9743-fb6ab5ec827e,FirstNumber=472,secondNumber=754}  added by thread pool-3-thread-6
 message  {Id=944874f5-db1c-49ee-b906-f2ec67bcfbfb,FirstNumber=543,secondNumber=1033}  added by thread pool-3-thread-6
 message  {Id=6bfeeec4-b7fc-4263-9743-fb6ab5ec827e,FirstNumber=472,secondNumber=754}  written to file by thread pool-3-thread-2
 message  {Id=944874f5-db1c-49ee-b906-f2ec67bcfbfb,FirstNumber=543,secondNumber=1033}  written to file by thread pool-3-thread-1
 message  {Id=8e6e01a0-85b6-4793-b69a-d41896f5afa2,FirstNumber=735,secondNumber=356}  added by thread pool-3-thread-6
 message  {Id=8e6e01a0-85b6-4793-b69a-d41896f5afa2,FirstNumber=735,secondNumber=356}  written to file by thread pool-3-thread-1
 message  {Id=475dabcf-3635-4655-923b-9e1f049ee612,FirstNumber=137,secondNumber=292}  added by thread pool-3-thread-6
 message  {Id=475dabcf-3635-4655-923b-9e1f049ee612,FirstNumber=137,secondNumber=292}  written to file by thread pool-3-thread-5
 message  {Id=51506ec8-ed08-4bfa-88d3-f617094c0ed2,FirstNumber=47,secondNumber=278}  added by thread pool-3-thread-6
 message  {Id=51506ec8-ed08-4bfa-88d3-f617094c0ed2,FirstNumber=47,secondNumber=278}  written to file by thread pool-3-thread-5
 message  {Id=6880ee43-fb7b-4168-8fa7-109c80cc0a43,FirstNumber=736,secondNumber=568}  added by thread pool-3-thread-6
 message  {Id=6880ee43-fb7b-4168-8fa7-109c80cc0a43,FirstNumber=736,secondNumber=568}  written to file by thread pool-3-thread-2
 message  {Id=24630705-72f3-4b4e-932f-bc015820ca15,FirstNumber=217,secondNumber=605}  added by thread pool-3-thread-6
 message  {Id=24630705-72f3-4b4e-932f-bc015820ca15,FirstNumber=217,secondNumber=605}  written to file by thread pool-3-thread-2
 message  {Id=53291dd2-adb2-4b34-b431-0954b8d57d25,FirstNumber=617,secondNumber=997}  added by thread pool-3-thread-6
 message  {Id=53291dd2-adb2-4b34-b431-0954b8d57d25,FirstNumber=617,secondNumber=997}  written to file by thread pool-3-thread-1
 message  {Id=f576e289-065b-40ae-afb2-3b76d4211f61,FirstNumber=57,secondNumber=458}  added by thread pool-3-thread-6
 message  {Id=f576e289-065b-40ae-afb2-3b76d4211f61,FirstNumber=57,secondNumber=458}  written to file by thread pool-3-thread-3
 message  {Id=98eeffd6-c555-43f1-90de-5de6f4d53d22,FirstNumber=221,secondNumber=543}  added by thread pool-3-thread-6
 message  {Id=98eeffd6-c555-43f1-90de-5de6f4d53d22,FirstNumber=221,secondNumber=543}  written to file by thread pool-3-thread-5
 message  {Id=8028d1fc-62e0-4ce0-b53e-2c8e39955976,FirstNumber=295,secondNumber=1557}  added by thread pool-3-thread-6
 message  {Id=59bc67b2-6cf3-4450-a172-58199089199b,FirstNumber=522,secondNumber=692}  added by thread pool-3-thread-6
 message  {Id=8028d1fc-62e0-4ce0-b53e-2c8e39955976,FirstNumber=295,secondNumber=1557}  written to file by thread pool-3-thread-4
 message  {Id=59bc67b2-6cf3-4450-a172-58199089199b,FirstNumber=522,secondNumber=692}  written to file by thread pool-3-thread-2
 message  {Id=ecaea518-ffb8-4c1a-80d1-3da4fcc5d1e0,FirstNumber=749,secondNumber=1565}  added by thread pool-3-thread-6
 message  {Id=ecaea518-ffb8-4c1a-80d1-3da4fcc5d1e0,FirstNumber=749,secondNumber=1565}  written to file by thread pool-3-thread-1
 message  {Id=80191697-4753-4c16-956f-46dcb3172b0f,FirstNumber=679,secondNumber=1360}  added by thread pool-3-thread-6
 message  {Id=80191697-4753-4c16-956f-46dcb3172b0f,FirstNumber=679,secondNumber=1360}  written to file by thread pool-3-thread-3
 message  {Id=617641cf-fe29-4a06-bc52-110ebbe525d3,FirstNumber=775,secondNumber=257}  added by thread pool-3-thread-6
 message  {Id=617641cf-fe29-4a06-bc52-110ebbe525d3,FirstNumber=775,secondNumber=257}  written to file by thread pool-3-thread-3
 message  {Id=8863f66b-fa6b-49df-961d-4b34d3281c7d,FirstNumber=213,secondNumber=766}  added by thread pool-3-thread-6
 message  {Id=8863f66b-fa6b-49df-961d-4b34d3281c7d,FirstNumber=213,secondNumber=766}  written to file by thread pool-3-thread-4
 message  {Id=344e512b-b700-470b-a96f-b6b9693708b6,FirstNumber=373,secondNumber=1912}  added by thread pool-3-thread-6
 message  {Id=344e512b-b700-470b-a96f-b6b9693708b6,FirstNumber=373,secondNumber=1912}  written to file by thread pool-3-thread-4
 message  {Id=08678a74-5ceb-4c1f-b62a-c729ab2472be,FirstNumber=27,secondNumber=1280}  added by thread pool-3-thread-6
 message  {Id=08678a74-5ceb-4c1f-b62a-c729ab2472be,FirstNumber=27,secondNumber=1280}  written to file by thread pool-3-thread-1
 message  {Id=b215ecfd-5e0d-43af-a7c9-4d0aa35da838,FirstNumber=78,secondNumber=1173}  added by thread pool-3-thread-6
 message  {Id=b215ecfd-5e0d-43af-a7c9-4d0aa35da838,FirstNumber=78,secondNumber=1173}  written to file by thread pool-3-thread-5
 message  {Id=a6f6ad5b-1fec-4244-a1a8-0a8876bb7d7f,FirstNumber=142,secondNumber=1895}  added by thread pool-3-thread-6
 message  {Id=a6f6ad5b-1fec-4244-a1a8-0a8876bb7d7f,FirstNumber=142,secondNumber=1895}  written to file by thread pool-3-thread-3
 message  {Id=6b3b7bdb-ddfc-4931-bd92-efee034e0b2e,FirstNumber=398,secondNumber=1185}  added by thread pool-3-thread-6
 message  {Id=6b3b7bdb-ddfc-4931-bd92-efee034e0b2e,FirstNumber=398,secondNumber=1185}  written to file by thread pool-3-thread-3
 message  {Id=714c220f-c516-4c59-8691-3d47ec437452,FirstNumber=653,secondNumber=513}  added by thread pool-3-thread-6
 message  {Id=714c220f-c516-4c59-8691-3d47ec437452,FirstNumber=653,secondNumber=513}  written to file by thread pool-3-thread-3
 message  {Id=fb60966b-3556-4f79-9715-5a37656aa8e8,FirstNumber=120,secondNumber=1063}  added by thread pool-3-thread-6
 message  {Id=fb60966b-3556-4f79-9715-5a37656aa8e8,FirstNumber=120,secondNumber=1063}  written to file by thread pool-3-thread-1
 message  {Id=de026941-34f6-4528-af29-8f6509e96b0b,FirstNumber=701,secondNumber=653}  added by thread pool-3-thread-6
 message  {Id=de026941-34f6-4528-af29-8f6509e96b0b,FirstNumber=701,secondNumber=653}  written to file by thread pool-3-thread-5
 message  {Id=03230f2a-abaf-451f-af62-068fbd6c5bad,FirstNumber=336,secondNumber=1100}  added by thread pool-3-thread-6
 message  {Id=03230f2a-abaf-451f-af62-068fbd6c5bad,FirstNumber=336,secondNumber=1100}  written to file by thread pool-3-thread-2
 message  {Id=921f2fa3-f6e8-4d56-86d0-eb458a543128,FirstNumber=707,secondNumber=356}  added by thread pool-3-thread-6
 message  {Id=921f2fa3-f6e8-4d56-86d0-eb458a543128,FirstNumber=707,secondNumber=356}  written to file by thread pool-3-thread-2
 message  {Id=ff14669d-9138-4491-af99-d4243ccde6a7,FirstNumber=421,secondNumber=153}  added by thread pool-3-thread-6
 message  {Id=ff14669d-9138-4491-af99-d4243ccde6a7,FirstNumber=421,secondNumber=153}  written to file by thread pool-3-thread-3
 message  {Id=2474e927-1194-46c7-ac87-bd3b70da1767,FirstNumber=402,secondNumber=1315}  added by thread pool-3-thread-6
 message  {Id=2474e927-1194-46c7-ac87-bd3b70da1767,FirstNumber=402,secondNumber=1315}  written to file by thread pool-3-thread-1
 message  {Id=7e2c30dd-0e49-4adc-9fca-b46deff3f99f,FirstNumber=107,secondNumber=297}  added by thread pool-3-thread-6
 message  {Id=7e2c30dd-0e49-4adc-9fca-b46deff3f99f,FirstNumber=107,secondNumber=297}  written to file by thread pool-3-thread-1
 message  {Id=9f48c81f-963b-434d-b429-06a1b83032a8,FirstNumber=706,secondNumber=602}  added by thread pool-3-thread-6
 message  {Id=9f48c81f-963b-434d-b429-06a1b83032a8,FirstNumber=706,secondNumber=602}  written to file by thread pool-3-thread-4
 message  {Id=695fbd1f-da8c-474e-b420-25e2ac4473e0,FirstNumber=547,secondNumber=1594}  added by thread pool-3-thread-6
 message  {Id=e5faaebb-5e36-400e-a270-c24dc41c5115,FirstNumber=909,secondNumber=1203}  added by thread pool-3-thread-6
 message  {Id=695fbd1f-da8c-474e-b420-25e2ac4473e0,FirstNumber=547,secondNumber=1594}  written to file by thread pool-3-thread-2
 message  {Id=e5faaebb-5e36-400e-a270-c24dc41c5115,FirstNumber=909,secondNumber=1203}  written to file by thread pool-3-thread-3
 message  {Id=5b71c4ce-cfd1-4ba0-b9bb-26217668566e,FirstNumber=458,secondNumber=884}  added by thread pool-3-thread-6
 message  {Id=5b71c4ce-cfd1-4ba0-b9bb-26217668566e,FirstNumber=458,secondNumber=884}  written to file by thread pool-3-thread-3
 message  {Id=9909a5d5-190a-41da-939f-3d246c68638d,FirstNumber=333,secondNumber=323}  added by thread pool-3-thread-6
 message  {Id=9909a5d5-190a-41da-939f-3d246c68638d,FirstNumber=333,secondNumber=323}  written to file by thread pool-3-thread-1
 message  {Id=410f50d1-390f-441d-80a6-ad741c32a407,FirstNumber=251,secondNumber=204}  added by thread pool-3-thread-6
 message  {Id=410f50d1-390f-441d-80a6-ad741c32a407,FirstNumber=251,secondNumber=204}  written to file by thread pool-3-thread-4
 message  {Id=94933f13-7c87-4027-8082-1100e1383102,FirstNumber=305,secondNumber=1845}  added by thread pool-3-thread-6
 message  {Id=94933f13-7c87-4027-8082-1100e1383102,FirstNumber=305,secondNumber=1845}  written to file by thread pool-3-thread-2
 message  {Id=5b52416f-7903-4361-843d-fb0c288b75d4,FirstNumber=908,secondNumber=238}  added by thread pool-3-thread-6
 message  {Id=5b52416f-7903-4361-843d-fb0c288b75d4,FirstNumber=908,secondNumber=238}  written to file by thread pool-3-thread-2
 message  {Id=62e4b96c-ae4d-41e8-8564-fcf83281a36a,FirstNumber=160,secondNumber=1317}  added by thread pool-3-thread-6
 message  {Id=62e4b96c-ae4d-41e8-8564-fcf83281a36a,FirstNumber=160,secondNumber=1317}  written to file by thread pool-3-thread-3
 message  {Id=b09160eb-4d19-4e63-b0a7-35696b57a9e3,FirstNumber=424,secondNumber=832}  added by thread pool-3-thread-6
 message  {Id=b09160eb-4d19-4e63-b0a7-35696b57a9e3,FirstNumber=424,secondNumber=832}  written to file by thread pool-3-thread-3
 message  {Id=4a8425af-0aee-46df-90ce-37018a6cc89e,FirstNumber=845,secondNumber=1261}  added by thread pool-3-thread-6
 message  {Id=4a8425af-0aee-46df-90ce-37018a6cc89e,FirstNumber=845,secondNumber=1261}  written to file by thread pool-3-thread-3
 message  {Id=9365f3d5-6a32-4546-b95e-2a7ec3bd4613,FirstNumber=858,secondNumber=1426}  added by thread pool-3-thread-6
 message  {Id=666e41ad-1f62-44f5-828e-dc852f521ab1,FirstNumber=447,secondNumber=553}  added by thread pool-3-thread-6
 message  {Id=9365f3d5-6a32-4546-b95e-2a7ec3bd4613,FirstNumber=858,secondNumber=1426}  written to file by thread pool-3-thread-5
 message  {Id=666e41ad-1f62-44f5-828e-dc852f521ab1,FirstNumber=447,secondNumber=553}  written to file by thread pool-3-thread-2
 message  {Id=cb1a1acc-5cb7-4589-a925-e1143f41c0b7,FirstNumber=964,secondNumber=561}  added by thread pool-3-thread-6
 message  {Id=cb1a1acc-5cb7-4589-a925-e1143f41c0b7,FirstNumber=964,secondNumber=561}  written to file by thread pool-3-thread-1
 message  {Id=4046cbc7-610f-4667-a57e-882197b9fd6c,FirstNumber=543,secondNumber=603}  added by thread pool-3-thread-6
 message  {Id=4046cbc7-610f-4667-a57e-882197b9fd6c,FirstNumber=543,secondNumber=603}  written to file by thread pool-3-thread-4
 message  {Id=fb81e7cb-7096-4708-b749-3ef9508ee5a1,FirstNumber=450,secondNumber=860}  added by thread pool-3-thread-6
 message  {Id=fb81e7cb-7096-4708-b749-3ef9508ee5a1,FirstNumber=450,secondNumber=860}  written to file by thread pool-3-thread-3
 message  {Id=8a61352e-5c98-49e2-8704-d05d583b3579,FirstNumber=947,secondNumber=1639}  added by thread pool-3-thread-6
 message  {Id=8a61352e-5c98-49e2-8704-d05d583b3579,FirstNumber=947,secondNumber=1639}  written to file by thread pool-3-thread-5
 message  {Id=26510abe-28bc-4672-bb3c-ded1c755c61a,FirstNumber=162,secondNumber=477}  added by thread pool-3-thread-6
 message  {Id=26510abe-28bc-4672-bb3c-ded1c755c61a,FirstNumber=162,secondNumber=477}  written to file by thread pool-3-thread-5
 message  {Id=2cdf6faf-c9b4-4630-a472-805a39d33574,FirstNumber=95,secondNumber=1741}  added by thread pool-3-thread-6
 message  {Id=2cdf6faf-c9b4-4630-a472-805a39d33574,FirstNumber=95,secondNumber=1741}  written to file by thread pool-3-thread-1
 message  {Id=019232db-2480-4dc8-8391-7fd3cfc57908,FirstNumber=321,secondNumber=452}  added by thread pool-3-thread-6
 message  {Id=019232db-2480-4dc8-8391-7fd3cfc57908,FirstNumber=321,secondNumber=452}  written to file by thread pool-3-thread-4
 message  {Id=49a6714e-1dfe-4368-b4f9-f6305a188d71,FirstNumber=145,secondNumber=1284}  added by thread pool-3-thread-6
 message  {Id=49a6714e-1dfe-4368-b4f9-f6305a188d71,FirstNumber=145,secondNumber=1284}  written to file by thread pool-3-thread-3
 message  {Id=7a01f6d5-75a8-4598-84d6-41178b84efd7,FirstNumber=289,secondNumber=187}  added by thread pool-3-thread-6
 message  {Id=2dcfa2ed-4423-485a-92af-d66f54cd041a,FirstNumber=452,secondNumber=1163}  added by thread pool-3-thread-6
 message  {Id=7a01f6d5-75a8-4598-84d6-41178b84efd7,FirstNumber=289,secondNumber=187}  written to file by thread pool-3-thread-2
 message  {Id=2dcfa2ed-4423-485a-92af-d66f54cd041a,FirstNumber=452,secondNumber=1163}  written to file by thread pool-3-thread-5
 message  {Id=67da9be8-2708-408a-b447-c05e252b5cfb,FirstNumber=811,secondNumber=92}  added by thread pool-3-thread-6
 message  {Id=67da9be8-2708-408a-b447-c05e252b5cfb,FirstNumber=811,secondNumber=92}  written to file by thread pool-3-thread-1
 message  {Id=0de35a9d-43d6-44cc-8028-9f222913cd84,FirstNumber=254,secondNumber=1652}  added by thread pool-3-thread-6
 message  {Id=0de35a9d-43d6-44cc-8028-9f222913cd84,FirstNumber=254,secondNumber=1652}  written to file by thread pool-3-thread-4
 message  {Id=bdad1230-467a-4910-a087-8cd71f3600d6,FirstNumber=83,secondNumber=1217}  added by thread pool-3-thread-6
 message  {Id=f6270637-b812-48f3-a467-09a92234b908,FirstNumber=827,secondNumber=495}  added by thread pool-3-thread-6
 message  {Id=bdad1230-467a-4910-a087-8cd71f3600d6,FirstNumber=83,secondNumber=1217}  written to file by thread pool-3-thread-3
 message  {Id=f6270637-b812-48f3-a467-09a92234b908,FirstNumber=827,secondNumber=495}  written to file by thread pool-3-thread-2
 message  {Id=785c3afc-26f1-4d4a-98ed-54d92358890d,FirstNumber=182,secondNumber=204}  added by thread pool-3-thread-6
 message  {Id=785c3afc-26f1-4d4a-98ed-54d92358890d,FirstNumber=182,secondNumber=204}  written to file by thread pool-3-thread-2
 message  {Id=a0af80ef-1470-48a6-88e9-bded617c6fcf,FirstNumber=808,secondNumber=1620}  added by thread pool-3-thread-6
 message  {Id=a0af80ef-1470-48a6-88e9-bded617c6fcf,FirstNumber=808,secondNumber=1620}  written to file by thread pool-3-thread-1
 message  {Id=211367c8-5292-4ea4-9df4-50d9cc47ceb9,FirstNumber=717,secondNumber=1812}  added by thread pool-3-thread-6
 message  {Id=211367c8-5292-4ea4-9df4-50d9cc47ceb9,FirstNumber=717,secondNumber=1812}  written to file by thread pool-3-thread-1
 message  {Id=29803e9c-4896-40bf-a460-1de53a283a2c,FirstNumber=740,secondNumber=730}  added by thread pool-3-thread-6
 message  {Id=29803e9c-4896-40bf-a460-1de53a283a2c,FirstNumber=740,secondNumber=730}  written to file by thread pool-3-thread-3
 message  {Id=b2456473-66b7-4d95-881e-28c19e4fbbc9,FirstNumber=49,secondNumber=933}  added by thread pool-3-thread-6
 message  {Id=db268468-c440-4de9-b9da-c615d78c2392,FirstNumber=487,secondNumber=814}  added by thread pool-3-thread-6
 message  {Id=b2456473-66b7-4d95-881e-28c19e4fbbc9,FirstNumber=49,secondNumber=933}  written to file by thread pool-3-thread-5
 message  {Id=db268468-c440-4de9-b9da-c615d78c2392,FirstNumber=487,secondNumber=814}  written to file by thread pool-3-thread-2
 message  {Id=12092c67-d9c5-4c8e-8007-e26ca1a8c204,FirstNumber=394,secondNumber=1592}  added by thread pool-3-thread-6
 message  {Id=12092c67-d9c5-4c8e-8007-e26ca1a8c204,FirstNumber=394,secondNumber=1592}  written to file by thread pool-3-thread-4
 message  {Id=3d55e682-2d4a-4e5a-a84a-b53d03b5bb4f,FirstNumber=800,secondNumber=1272}  added by thread pool-3-thread-6
 message  {Id=3d55e682-2d4a-4e5a-a84a-b53d03b5bb4f,FirstNumber=800,secondNumber=1272}  written to file by thread pool-3-thread-4
 message  {Id=5833860c-899a-4002-b0f2-2a87980172c3,FirstNumber=22,secondNumber=1641}  added by thread pool-3-thread-6
 message  {Id=5833860c-899a-4002-b0f2-2a87980172c3,FirstNumber=22,secondNumber=1641}  written to file by thread pool-3-thread-3
 message  {Id=3370d7d2-26db-4090-98ba-44f4c0e5f1f0,FirstNumber=601,secondNumber=1453}  added by thread pool-3-thread-6
 message  {Id=3370d7d2-26db-4090-98ba-44f4c0e5f1f0,FirstNumber=601,secondNumber=1453}  written to file by thread pool-3-thread-5
 message  {Id=98d4cf2b-c4ea-4402-a3a1-569ae5d65d9c,FirstNumber=452,secondNumber=1675}  added by thread pool-3-thread-6
 message  {Id=98d4cf2b-c4ea-4402-a3a1-569ae5d65d9c,FirstNumber=452,secondNumber=1675}  written to file by thread pool-3-thread-2
 message  {Id=5a9712a2-fa58-40bb-8b5c-3c6cad19463c,FirstNumber=800,secondNumber=482}  added by thread pool-3-thread-6
 message  {Id=5a9712a2-fa58-40bb-8b5c-3c6cad19463c,FirstNumber=800,secondNumber=482}  written to file by thread pool-3-thread-2
 message  {Id=67d590f2-af3a-4598-a43b-684f582048f8,FirstNumber=471,secondNumber=529}  added by thread pool-3-thread-6
 message  {Id=67d590f2-af3a-4598-a43b-684f582048f8,FirstNumber=471,secondNumber=529}  written to file by thread pool-3-thread-4
 message  {Id=a466ec81-3459-45c8-9508-823b107090ac,FirstNumber=772,secondNumber=1212}  added by thread pool-3-thread-6
 message  {Id=a466ec81-3459-45c8-9508-823b107090ac,FirstNumber=772,secondNumber=1212}  written to file by thread pool-3-thread-4
 message  {Id=8c58888f-4cbb-4f2e-b7cd-6ad22382a99e,FirstNumber=440,secondNumber=1329}  added by thread pool-3-thread-6
 message  {Id=c83a4431-db62-4059-ab7b-9555b8734c5c,FirstNumber=326,secondNumber=534}  added by thread pool-3-thread-6
 message  {Id=8c58888f-4cbb-4f2e-b7cd-6ad22382a99e,FirstNumber=440,secondNumber=1329}  written to file by thread pool-3-thread-5
 message  {Id=c83a4431-db62-4059-ab7b-9555b8734c5c,FirstNumber=326,secondNumber=534}  written to file by thread pool-3-thread-1
 message  {Id=0c16b494-169d-4a6a-9f5f-5006dc3a1c40,FirstNumber=45,secondNumber=1846}  added by thread pool-3-thread-6
 message  {Id=0c16b494-169d-4a6a-9f5f-5006dc3a1c40,FirstNumber=45,secondNumber=1846}  written to file by thread pool-3-thread-1
 message  {Id=2a7c3750-8ac3-4150-b378-bb61620dbb9c,FirstNumber=970,secondNumber=1619}  added by thread pool-3-thread-6
 message  {Id=2a7c3750-8ac3-4150-b378-bb61620dbb9c,FirstNumber=970,secondNumber=1619}  written to file by thread pool-3-thread-3
 message  {Id=a12a701f-f322-4bdf-974a-f5fde2637917,FirstNumber=916,secondNumber=1951}  added by thread pool-3-thread-6
 message  {Id=a12a701f-f322-4bdf-974a-f5fde2637917,FirstNumber=916,secondNumber=1951}  written to file by thread pool-3-thread-4
 message  {Id=780b6759-bb44-4995-98b9-7ae370dded8c,FirstNumber=812,secondNumber=542}  added by thread pool-3-thread-6
 message  {Id=780b6759-bb44-4995-98b9-7ae370dded8c,FirstNumber=812,secondNumber=542}  written to file by thread pool-3-thread-5
 message  {Id=46149fd5-2618-452b-8417-f3a2db889878,FirstNumber=708,secondNumber=489}  added by thread pool-3-thread-6
 message  {Id=46149fd5-2618-452b-8417-f3a2db889878,FirstNumber=708,secondNumber=489}  written to file by thread pool-3-thread-5
 message  {Id=25d89716-4183-469a-9fdd-d8567bbcb440,FirstNumber=715,secondNumber=210}  added by thread pool-3-thread-6
 message  {Id=25d89716-4183-469a-9fdd-d8567bbcb440,FirstNumber=715,secondNumber=210}  written to file by thread pool-3-thread-1
 message  {Id=9c88ae40-a080-4b7d-ae0f-eb06b8264e70,FirstNumber=85,secondNumber=1246}  added by thread pool-3-thread-6
 message  {Id=9c88ae40-a080-4b7d-ae0f-eb06b8264e70,FirstNumber=85,secondNumber=1246}  written to file by thread pool-3-thread-1
 message  {Id=ffb23a73-2af2-43f2-b86e-15114f3eb457,FirstNumber=147,secondNumber=660}  added by thread pool-3-thread-6
 message  {Id=ffb23a73-2af2-43f2-b86e-15114f3eb457,FirstNumber=147,secondNumber=660}  written to file by thread pool-3-thread-1
 message  {Id=ff1ff4a4-c44a-41d0-8f5b-39d57ce97869,FirstNumber=664,secondNumber=637}  added by thread pool-3-thread-6
 message  {Id=ff1ff4a4-c44a-41d0-8f5b-39d57ce97869,FirstNumber=664,secondNumber=637}  written to file by thread pool-3-thread-2
 message  {Id=54223d11-76b2-4a51-ad23-ad5e4786a187,FirstNumber=197,secondNumber=687}  added by thread pool-3-thread-6
 message  {Id=54223d11-76b2-4a51-ad23-ad5e4786a187,FirstNumber=197,secondNumber=687}  written to file by thread pool-3-thread-5
 message  {Id=b9b937b0-5653-4e8a-8523-164f728c3350,FirstNumber=144,secondNumber=877}  added by thread pool-3-thread-6
 message  {Id=b9b937b0-5653-4e8a-8523-164f728c3350,FirstNumber=144,secondNumber=877}  written to file by thread pool-3-thread-5
 message  {Id=a03dc1ee-070b-42f4-9348-6a2322a4da89,FirstNumber=461,secondNumber=416}  added by thread pool-3-thread-6
 message  {Id=a03dc1ee-070b-42f4-9348-6a2322a4da89,FirstNumber=461,secondNumber=416}  written to file by thread pool-3-thread-4
 message  {Id=4c2c1a2c-ebf7-4917-b977-a1ce304b433b,FirstNumber=626,secondNumber=236}  added by thread pool-3-thread-6
 message  {Id=4c2c1a2c-ebf7-4917-b977-a1ce304b433b,FirstNumber=626,secondNumber=236}  written to file by thread pool-3-thread-1
 message  {Id=a10882bf-e970-4aca-96ee-3701d4d7c56f,FirstNumber=27,secondNumber=374}  added by thread pool-3-thread-6
 message  {Id=a10882bf-e970-4aca-96ee-3701d4d7c56f,FirstNumber=27,secondNumber=374}  written to file by thread pool-3-thread-2
 message  {Id=eba7bfac-ea37-49ba-a774-1e5676e3c084,FirstNumber=721,secondNumber=408}  added by thread pool-3-thread-6
 message  {Id=eba7bfac-ea37-49ba-a774-1e5676e3c084,FirstNumber=721,secondNumber=408}  written to file by thread pool-3-thread-2
 message  {Id=1a7eabe8-ce00-4314-bc5d-b510c3cc9f26,FirstNumber=433,secondNumber=1141}  added by thread pool-3-thread-6
 message  {Id=1a7eabe8-ce00-4314-bc5d-b510c3cc9f26,FirstNumber=433,secondNumber=1141}  written to file by thread pool-3-thread-5
 message  {Id=428035b2-0b6e-42b2-8a3b-ecc4999746c5,FirstNumber=680,secondNumber=853}  added by thread pool-3-thread-6
 message  {Id=428035b2-0b6e-42b2-8a3b-ecc4999746c5,FirstNumber=680,secondNumber=853}  written to file by thread pool-3-thread-4
 message  {Id=721b869e-3c54-410c-a87b-ad9bb4582723,FirstNumber=991,secondNumber=1010}  added by thread pool-3-thread-6
 message  {Id=721b869e-3c54-410c-a87b-ad9bb4582723,FirstNumber=991,secondNumber=1010}  written to file by thread pool-3-thread-1
 message  {Id=9b1bbb20-f317-4185-95f8-ea8f45f1618c,FirstNumber=514,secondNumber=361}  added by thread pool-3-thread-6
 message  {Id=9131156b-f43c-40dd-a2e8-0da4c933f766,FirstNumber=606,secondNumber=895}  added by thread pool-3-thread-6
 message  {Id=9b1bbb20-f317-4185-95f8-ea8f45f1618c,FirstNumber=514,secondNumber=361}  written to file by thread pool-3-thread-3
 message  {Id=9131156b-f43c-40dd-a2e8-0da4c933f766,FirstNumber=606,secondNumber=895}  written to file by thread pool-3-thread-2
 message  {Id=5d17924a-b410-4f0a-9b6c-6dbbbd34e00d,FirstNumber=886,secondNumber=1844}  added by thread pool-3-thread-6
 message  {Id=5d17924a-b410-4f0a-9b6c-6dbbbd34e00d,FirstNumber=886,secondNumber=1844}  written to file by thread pool-3-thread-5
 message  {Id=2c0ad6f8-8b65-46af-bbbc-374b6106f703,FirstNumber=773,secondNumber=439}  added by thread pool-3-thread-6
 message  {Id=2c0ad6f8-8b65-46af-bbbc-374b6106f703,FirstNumber=773,secondNumber=439}  written to file by thread pool-3-thread-4
 message  {Id=1a6bc60a-cb2d-45f3-a03e-02399f5b45ba,FirstNumber=559,secondNumber=1280}  added by thread pool-3-thread-6
 message  {Id=1a6bc60a-cb2d-45f3-a03e-02399f5b45ba,FirstNumber=559,secondNumber=1280}  written to file by thread pool-3-thread-1
 message  {Id=a4bb95e2-23d3-4d35-ac4f-8eabeb414514,FirstNumber=205,secondNumber=740}  added by thread pool-3-thread-6
 message  {Id=a4bb95e2-23d3-4d35-ac4f-8eabeb414514,FirstNumber=205,secondNumber=740}  written to file by thread pool-3-thread-3
 message  {Id=38eaf177-2a11-407d-a5e7-23c0c54b4283,FirstNumber=441,secondNumber=1241}  added by thread pool-3-thread-6
 message  {Id=38eaf177-2a11-407d-a5e7-23c0c54b4283,FirstNumber=441,secondNumber=1241}  written to file by thread pool-3-thread-3
 message  {Id=2d0ef8cd-5bf0-439f-9177-ca9740f65085,FirstNumber=963,secondNumber=1440}  added by thread pool-3-thread-6
 message  {Id=2d0ef8cd-5bf0-439f-9177-ca9740f65085,FirstNumber=963,secondNumber=1440}  written to file by thread pool-3-thread-5
 message  {Id=5692f995-dc31-49cc-98c2-738721ab1c6e,FirstNumber=815,secondNumber=849}  added by thread pool-3-thread-6
 message  {Id=5692f995-dc31-49cc-98c2-738721ab1c6e,FirstNumber=815,secondNumber=849}  written to file by thread pool-3-thread-4
 message  {Id=ac0870a3-10c9-44da-9d26-7f99042ba9ac,FirstNumber=970,secondNumber=1326}  added by thread pool-3-thread-6
 message  {Id=ac0870a3-10c9-44da-9d26-7f99042ba9ac,FirstNumber=970,secondNumber=1326}  written to file by thread pool-3-thread-1
 message  {Id=07fb25ae-668a-4aca-9d0d-2a5380e281cf,FirstNumber=82,secondNumber=357}  added by thread pool-3-thread-6
 message  {Id=07fb25ae-668a-4aca-9d0d-2a5380e281cf,FirstNumber=82,secondNumber=357}  written to file by thread pool-3-thread-1
 message  {Id=d5fc39c2-bef2-490c-8da2-7019b17df8b0,FirstNumber=478,secondNumber=1974}  added by thread pool-3-thread-6
 message  {Id=d5fc39c2-bef2-490c-8da2-7019b17df8b0,FirstNumber=478,secondNumber=1974}  written to file by thread pool-3-thread-1
 message  {Id=fb277a4e-d697-4633-84b6-648d3188d672,FirstNumber=4,secondNumber=277}  added by thread pool-3-thread-6
 message  {Id=fb277a4e-d697-4633-84b6-648d3188d672,FirstNumber=4,secondNumber=277}  written to file by thread pool-3-thread-5
 message  {Id=e615e65b-2ee4-4940-ac3b-79b4d59f09b4,FirstNumber=875,secondNumber=1211}  added by thread pool-3-thread-6
 message  {Id=e615e65b-2ee4-4940-ac3b-79b4d59f09b4,FirstNumber=875,secondNumber=1211}  written to file by thread pool-3-thread-4
 message  {Id=d06c0eb9-c6ab-4acc-ba13-af7e34bf87ef,FirstNumber=377,secondNumber=1214}  added by thread pool-3-thread-6
 message  {Id=d06c0eb9-c6ab-4acc-ba13-af7e34bf87ef,FirstNumber=377,secondNumber=1214}  written to file by thread pool-3-thread-2
 message  {Id=e2b5c81b-8c00-4e09-8f01-6886729e35f7,FirstNumber=555,secondNumber=292}  added by thread pool-3-thread-6
 message  {Id=e2b5c81b-8c00-4e09-8f01-6886729e35f7,FirstNumber=555,secondNumber=292}  written to file by thread pool-3-thread-2
 message  {Id=d9726030-a4e1-4a4f-b2b1-ee29fb4a455d,FirstNumber=733,secondNumber=369}  added by thread pool-3-thread-6
 message  {Id=d9726030-a4e1-4a4f-b2b1-ee29fb4a455d,FirstNumber=733,secondNumber=369}  written to file by thread pool-3-thread-1
 message  {Id=493910b2-b046-4ac9-a10e-f34fe17cd885,FirstNumber=789,secondNumber=126}  added by thread pool-3-thread-6
 message  {Id=493910b2-b046-4ac9-a10e-f34fe17cd885,FirstNumber=789,secondNumber=126}  written to file by thread pool-3-thread-5
 message  {Id=2588cbad-3388-4d00-9111-1e11e5ce7ba2,FirstNumber=247,secondNumber=1612}  added by thread pool-3-thread-6
 message  {Id=2588cbad-3388-4d00-9111-1e11e5ce7ba2,FirstNumber=247,secondNumber=1612}  written to file by thread pool-3-thread-5
 message  {Id=fefe8074-e502-4893-be6b-ae5d4be8c44c,FirstNumber=434,secondNumber=647}  added by thread pool-3-thread-6
 message  {Id=fefe8074-e502-4893-be6b-ae5d4be8c44c,FirstNumber=434,secondNumber=647}  written to file by thread pool-3-thread-3
 message  {Id=2d81ed7d-af56-4205-a2b0-aecca5fb87cf,FirstNumber=926,secondNumber=1044}  added by thread pool-3-thread-6
 message  {Id=12ddb82f-d862-464a-b1b2-0214cf173054,FirstNumber=275,secondNumber=1648}  added by thread pool-3-thread-6
 message  {Id=2d81ed7d-af56-4205-a2b0-aecca5fb87cf,FirstNumber=926,secondNumber=1044}  written to file by thread pool-3-thread-2
 message  {Id=12ddb82f-d862-464a-b1b2-0214cf173054,FirstNumber=275,secondNumber=1648}  written to file by thread pool-3-thread-1
 message  {Id=d65acf96-18b0-4982-82fc-5a0aeba2cee7,FirstNumber=218,secondNumber=1426}  added by thread pool-3-thread-6
 message  {Id=d65acf96-18b0-4982-82fc-5a0aeba2cee7,FirstNumber=218,secondNumber=1426}  written to file by thread pool-3-thread-1
 message  {Id=f5b72390-9a3a-4def-964f-4afba3a6a5d0,FirstNumber=854,secondNumber=1287}  added by thread pool-3-thread-6
 message  {Id=f5b72390-9a3a-4def-964f-4afba3a6a5d0,FirstNumber=854,secondNumber=1287}  written to file by thread pool-3-thread-5
 message  {Id=080035e5-f522-44e5-b995-a7b070f55181,FirstNumber=310,secondNumber=636}  added by thread pool-3-thread-6
 message  {Id=080035e5-f522-44e5-b995-a7b070f55181,FirstNumber=310,secondNumber=636}  written to file by thread pool-3-thread-3
 message  {Id=34a3501b-565b-4454-9aac-84b67419d7da,FirstNumber=953,secondNumber=1183}  added by thread pool-3-thread-6
 message  {Id=34a3501b-565b-4454-9aac-84b67419d7da,FirstNumber=953,secondNumber=1183}  written to file by thread pool-3-thread-2
 message  {Id=08d02db3-1b45-4c35-aa88-d55014b94c33,FirstNumber=592,secondNumber=1186}  added by thread pool-3-thread-6
 message  {Id=08d02db3-1b45-4c35-aa88-d55014b94c33,FirstNumber=592,secondNumber=1186}  written to file by thread pool-3-thread-2
 message  {Id=8a7e7eda-554d-43a0-8d44-9db6362239d2,FirstNumber=182,secondNumber=1142}  added by thread pool-3-thread-6
 message  {Id=8a7e7eda-554d-43a0-8d44-9db6362239d2,FirstNumber=182,secondNumber=1142}  written to file by thread pool-3-thread-1
 message  {Id=3ce32135-2bfe-40a0-82b4-d5a5833c9dac,FirstNumber=240,secondNumber=1519}  added by thread pool-3-thread-6
 message  {Id=3ce32135-2bfe-40a0-82b4-d5a5833c9dac,FirstNumber=240,secondNumber=1519}  written to file by thread pool-3-thread-1
 message  {Id=afbae821-283a-40c7-bc72-af59ca282ecf,FirstNumber=401,secondNumber=222}  added by thread pool-3-thread-6
 message  {Id=afbae821-283a-40c7-bc72-af59ca282ecf,FirstNumber=401,secondNumber=222}  written to file by thread pool-3-thread-1
 message  {Id=4dc3c13f-eb99-4c91-a33f-d729ecae134b,FirstNumber=247,secondNumber=382}  added by thread pool-3-thread-6
 message  {Id=ad7ae60e-68f5-457c-9674-bc02e863cabe,FirstNumber=333,secondNumber=1122}  added by thread pool-3-thread-6
 message  {Id=4dc3c13f-eb99-4c91-a33f-d729ecae134b,FirstNumber=247,secondNumber=382}  written to file by thread pool-3-thread-4
 message  {Id=ad7ae60e-68f5-457c-9674-bc02e863cabe,FirstNumber=333,secondNumber=1122}  written to file by thread pool-3-thread-2
 message  {Id=16515850-73f4-4a11-bab5-57b7733eb053,FirstNumber=996,secondNumber=1217}  added by thread pool-3-thread-6
 message  {Id=16515850-73f4-4a11-bab5-57b7733eb053,FirstNumber=996,secondNumber=1217}  written to file by thread pool-3-thread-5
 message  {Id=ac51b492-3d8d-48c2-87f3-c3b38ad4f142,FirstNumber=754,secondNumber=235}  added by thread pool-3-thread-6
 message  {Id=ac51b492-3d8d-48c2-87f3-c3b38ad4f142,FirstNumber=754,secondNumber=235}  written to file by thread pool-3-thread-3
 message  {Id=162e4d1c-3be8-41c3-acde-7e785718baad,FirstNumber=466,secondNumber=1743}  added by thread pool-3-thread-6
 message  {Id=162e4d1c-3be8-41c3-acde-7e785718baad,FirstNumber=466,secondNumber=1743}  written to file by thread pool-3-thread-3
 message  {Id=fc4cdcd4-c4d3-4be8-8b7f-58c58d97486d,FirstNumber=385,secondNumber=1052}  added by thread pool-3-thread-6
 message  {Id=fc4cdcd4-c4d3-4be8-8b7f-58c58d97486d,FirstNumber=385,secondNumber=1052}  written to file by thread pool-3-thread-4
 message  {Id=0d5ae448-fdd7-47f0-b331-bd17ab36e36b,FirstNumber=202,secondNumber=88}  added by thread pool-3-thread-6
 message  {Id=0d5ae448-fdd7-47f0-b331-bd17ab36e36b,FirstNumber=202,secondNumber=88}  written to file by thread pool-3-thread-4
 message  {Id=10a605c7-8ca2-4ced-9175-6ed205e70a65,FirstNumber=247,secondNumber=1183}  added by thread pool-3-thread-6
 message  {Id=10a605c7-8ca2-4ced-9175-6ed205e70a65,FirstNumber=247,secondNumber=1183}  written to file by thread pool-3-thread-5
 message  {Id=8642cf8a-0a83-4cd8-947b-28486d7921c1,FirstNumber=385,secondNumber=1632}  added by thread pool-3-thread-6
 message  {Id=48cf1ff7-67da-49a7-8a94-4e9cac20f98a,FirstNumber=948,secondNumber=1681}  added by thread pool-3-thread-6
 message  {Id=8642cf8a-0a83-4cd8-947b-28486d7921c1,FirstNumber=385,secondNumber=1632}  written to file by thread pool-3-thread-1
 message  {Id=48cf1ff7-67da-49a7-8a94-4e9cac20f98a,FirstNumber=948,secondNumber=1681}  written to file by thread pool-3-thread-3
 message  {Id=da7c0d80-b4ef-49d5-a67e-5fc9a9e77058,FirstNumber=168,secondNumber=879}  added by thread pool-3-thread-6
 message  {Id=03d706c8-f9d0-4a71-947d-5a19087bbc2b,FirstNumber=560,secondNumber=1738}  added by thread pool-3-thread-6
 message  {Id=da7c0d80-b4ef-49d5-a67e-5fc9a9e77058,FirstNumber=168,secondNumber=879}  written to file by thread pool-3-thread-2
 message  {Id=03d706c8-f9d0-4a71-947d-5a19087bbc2b,FirstNumber=560,secondNumber=1738}  written to file by thread pool-3-thread-4
 message  {Id=0c44f668-4f85-49c2-8c2a-2d7144c8267a,FirstNumber=595,secondNumber=408}  added by thread pool-3-thread-6
 message  {Id=3ffa927c-af96-422e-9b27-d51321ffd289,FirstNumber=901,secondNumber=1559}  added by thread pool-3-thread-6
 message  {Id=0c44f668-4f85-49c2-8c2a-2d7144c8267a,FirstNumber=595,secondNumber=408}  written to file by thread pool-3-thread-5
 message  {Id=3ffa927c-af96-422e-9b27-d51321ffd289,FirstNumber=901,secondNumber=1559}  written to file by thread pool-3-thread-1
 message  {Id=f8c4a4e8-cc65-447b-b520-bef913a71c10,FirstNumber=825,secondNumber=1632}  added by thread pool-3-thread-6
 message  {Id=f8c4a4e8-cc65-447b-b520-bef913a71c10,FirstNumber=825,secondNumber=1632}  written to file by thread pool-3-thread-3
 message  {Id=abeb45c7-9b6c-46ac-ba2f-a1507754dce3,FirstNumber=852,secondNumber=1111}  added by thread pool-3-thread-6
 message  {Id=abeb45c7-9b6c-46ac-ba2f-a1507754dce3,FirstNumber=852,secondNumber=1111}  written to file by thread pool-3-thread-3
 message  {Id=982a4c2a-3b9a-4d8b-826a-3c02a7f09a02,FirstNumber=900,secondNumber=1834}  added by thread pool-3-thread-6
 message  {Id=982a4c2a-3b9a-4d8b-826a-3c02a7f09a02,FirstNumber=900,secondNumber=1834}  written to file by thread pool-3-thread-4
 message  {Id=cdd746da-e131-4134-9b9a-b267dc652966,FirstNumber=87,secondNumber=1898}  added by thread pool-3-thread-6
 message  {Id=cdd746da-e131-4134-9b9a-b267dc652966,FirstNumber=87,secondNumber=1898}  written to file by thread pool-3-thread-4
 message  {Id=cc554677-19fa-42fe-88a1-92bbda98ec08,FirstNumber=728,secondNumber=199}  added by thread pool-3-thread-6
 message  {Id=cc554677-19fa-42fe-88a1-92bbda98ec08,FirstNumber=728,secondNumber=199}  written to file by thread pool-3-thread-1
 message  {Id=e8bc2204-66f5-484f-98eb-a87d43982857,FirstNumber=731,secondNumber=30}  added by thread pool-3-thread-6
 message  {Id=e8bc2204-66f5-484f-98eb-a87d43982857,FirstNumber=731,secondNumber=30}  written to file by thread pool-3-thread-2
 message  {Id=28aeb099-29eb-4e19-ba76-41ce26d4109a,FirstNumber=582,secondNumber=559}  added by thread pool-3-thread-6
 message  {Id=e08769a0-e548-440e-bca9-f686e409ebc5,FirstNumber=783,secondNumber=1776}  added by thread pool-3-thread-6
 message  {Id=28aeb099-29eb-4e19-ba76-41ce26d4109a,FirstNumber=582,secondNumber=559}  written to file by thread pool-3-thread-3
 message  {Id=e08769a0-e548-440e-bca9-f686e409ebc5,FirstNumber=783,secondNumber=1776}  written to file by thread pool-3-thread-5
 message  {Id=38aef203-0bba-4e27-993d-41057cc3f796,FirstNumber=919,secondNumber=328}  added by thread pool-3-thread-6
 message  {Id=38aef203-0bba-4e27-993d-41057cc3f796,FirstNumber=919,secondNumber=328}  written to file by thread pool-3-thread-5
 message  {Id=6719d643-2b38-4151-a1a9-9b3e3d9c8403,FirstNumber=502,secondNumber=671}  added by thread pool-3-thread-6
 message  {Id=6719d643-2b38-4151-a1a9-9b3e3d9c8403,FirstNumber=502,secondNumber=671}  written to file by thread pool-3-thread-1
 message  {Id=2b4e2cf0-986d-47f9-8ad2-a8127f00576e,FirstNumber=673,secondNumber=1123}  added by thread pool-3-thread-6
 message  {Id=2b4e2cf0-986d-47f9-8ad2-a8127f00576e,FirstNumber=673,secondNumber=1123}  written to file by thread pool-3-thread-1
 message  {Id=77dae21c-6034-4b49-b441-403c46d30e15,FirstNumber=393,secondNumber=808}  added by thread pool-3-thread-6
 message  {Id=77dae21c-6034-4b49-b441-403c46d30e15,FirstNumber=393,secondNumber=808}  written to file by thread pool-3-thread-3
 message  {Id=b3298a4f-d9df-48a9-a169-7319cbaf4fa8,FirstNumber=300,secondNumber=664}  added by thread pool-3-thread-6
 message  {Id=b3298a4f-d9df-48a9-a169-7319cbaf4fa8,FirstNumber=300,secondNumber=664}  written to file by thread pool-3-thread-3
 message  {Id=a0cb6501-b3ef-4364-8376-f3ace4ac9acf,FirstNumber=628,secondNumber=665}  added by thread pool-3-thread-6
 message  {Id=a0cb6501-b3ef-4364-8376-f3ace4ac9acf,FirstNumber=628,secondNumber=665}  written to file by thread pool-3-thread-5
 message  {Id=45318077-ecb7-4536-bf81-58e7fbed2fc5,FirstNumber=663,secondNumber=1809}  added by thread pool-3-thread-6
 message  {Id=45318077-ecb7-4536-bf81-58e7fbed2fc5,FirstNumber=663,secondNumber=1809}  written to file by thread pool-3-thread-2
 message  {Id=0bb83421-9dce-4f4c-ae0c-a01b4b3d2ae5,FirstNumber=105,secondNumber=409}  added by thread pool-3-thread-6
 message  {Id=0bb83421-9dce-4f4c-ae0c-a01b4b3d2ae5,FirstNumber=105,secondNumber=409}  written to file by thread pool-3-thread-1
 message  {Id=53ba30c3-9fa5-4a16-9229-450d4b7f8602,FirstNumber=406,secondNumber=1097}  added by thread pool-3-thread-6
 message  {Id=61ddd721-69ac-4544-856b-94941efcf03b,FirstNumber=231,secondNumber=295}  added by thread pool-3-thread-6
 message  {Id=53ba30c3-9fa5-4a16-9229-450d4b7f8602,FirstNumber=406,secondNumber=1097}  written to file by thread pool-3-thread-1
 message  {Id=61ddd721-69ac-4544-856b-94941efcf03b,FirstNumber=231,secondNumber=295}  written to file by thread pool-3-thread-3
 message  {Id=53f186bd-e45b-4405-a3ff-a16ea348454d,FirstNumber=576,secondNumber=1787}  added by thread pool-3-thread-6
 message  {Id=53f186bd-e45b-4405-a3ff-a16ea348454d,FirstNumber=576,secondNumber=1787}  written to file by thread pool-3-thread-5
 message  {Id=8332c18b-50f2-4b83-a8b3-08d9164fa64c,FirstNumber=769,secondNumber=1576}  added by thread pool-3-thread-6
 message  {Id=8332c18b-50f2-4b83-a8b3-08d9164fa64c,FirstNumber=769,secondNumber=1576}  written to file by thread pool-3-thread-2
 message  {Id=c5710b13-e9b7-49c7-8948-9348dc513bdf,FirstNumber=249,secondNumber=766}  added by thread pool-3-thread-6
 message  {Id=c5710b13-e9b7-49c7-8948-9348dc513bdf,FirstNumber=249,secondNumber=766}  written to file by thread pool-3-thread-2
 message  {Id=03305e11-121d-4b33-8207-47e804cd3209,FirstNumber=888,secondNumber=1857}  added by thread pool-3-thread-6
 message  {Id=03305e11-121d-4b33-8207-47e804cd3209,FirstNumber=888,secondNumber=1857}  written to file by thread pool-3-thread-2
 message  {Id=92454988-4466-4ff6-9b79-c00ce67d7b2d,FirstNumber=388,secondNumber=417}  added by thread pool-3-thread-6
 message  {Id=92454988-4466-4ff6-9b79-c00ce67d7b2d,FirstNumber=388,secondNumber=417}  written to file by thread pool-3-thread-3
 message  {Id=eff6958b-1fa3-4574-a2ca-a63fa8d4e790,FirstNumber=952,secondNumber=1521}  added by thread pool-3-thread-6
 message  {Id=eff6958b-1fa3-4574-a2ca-a63fa8d4e790,FirstNumber=952,secondNumber=1521}  written to file by thread pool-3-thread-3
 message  {Id=0d3ed6bd-e6c0-42c8-9192-6936b545bf14,FirstNumber=809,secondNumber=533}  added by thread pool-3-thread-6
 message  {Id=0d3ed6bd-e6c0-42c8-9192-6936b545bf14,FirstNumber=809,secondNumber=533}  written to file by thread pool-3-thread-4
 message  {Id=bf7b49f8-c8f6-4c78-83a6-6ed40a944de4,FirstNumber=217,secondNumber=515}  added by thread pool-3-thread-6
 message  {Id=bf7b49f8-c8f6-4c78-83a6-6ed40a944de4,FirstNumber=217,secondNumber=515}  written to file by thread pool-3-thread-4
 message  {Id=3df380d9-de14-4a94-aaab-7efff1e8a23e,FirstNumber=32,secondNumber=587}  added by thread pool-3-thread-6
 message  {Id=3df380d9-de14-4a94-aaab-7efff1e8a23e,FirstNumber=32,secondNumber=587}  written to file by thread pool-3-thread-4
 message  {Id=ceb2fc37-2247-4c66-b3cf-1a3113e442b1,FirstNumber=506,secondNumber=1221}  added by thread pool-3-thread-6
 message  {Id=ceb2fc37-2247-4c66-b3cf-1a3113e442b1,FirstNumber=506,secondNumber=1221}  written to file by thread pool-3-thread-4
 message  {Id=621c4f5f-5d55-41df-bf75-efee1f7fc839,FirstNumber=70,secondNumber=429}  added by thread pool-3-thread-6
 message  {Id=621c4f5f-5d55-41df-bf75-efee1f7fc839,FirstNumber=70,secondNumber=429}  written to file by thread pool-3-thread-3
 message  {Id=4d0fc6c7-fb8f-4bfd-a1ad-56a9b0a9a92e,FirstNumber=347,secondNumber=467}  added by thread pool-3-thread-6
 message  {Id=4d0fc6c7-fb8f-4bfd-a1ad-56a9b0a9a92e,FirstNumber=347,secondNumber=467}  written to file by thread pool-3-thread-3
 message  {Id=ddcec106-ab9d-41fd-8349-3bf50ed9bda9,FirstNumber=809,secondNumber=1221}  added by thread pool-3-thread-6
 message  {Id=ddcec106-ab9d-41fd-8349-3bf50ed9bda9,FirstNumber=809,secondNumber=1221}  written to file by thread pool-3-thread-2
 message  {Id=7e9ee77d-84b0-4365-a85c-402ae696c47c,FirstNumber=614,secondNumber=134}  added by thread pool-3-thread-6
 message  {Id=7e9ee77d-84b0-4365-a85c-402ae696c47c,FirstNumber=614,secondNumber=134}  written to file by thread pool-3-thread-2
 message  {Id=53f2d345-43de-4ba6-bf05-c3c70c558222,FirstNumber=672,secondNumber=847}  added by thread pool-3-thread-6
 message  {Id=53f2d345-43de-4ba6-bf05-c3c70c558222,FirstNumber=672,secondNumber=847}  written to file by thread pool-3-thread-4
 message  {Id=46b84820-6844-4150-8c76-a1bf0efc013a,FirstNumber=612,secondNumber=577}  added by thread pool-3-thread-6
 message  {Id=46b84820-6844-4150-8c76-a1bf0efc013a,FirstNumber=612,secondNumber=577}  written to file by thread pool-3-thread-4
 message  {Id=eddd8daf-57bc-486a-a72d-8f1110089705,FirstNumber=294,secondNumber=905}  added by thread pool-3-thread-6
 message  {Id=eddd8daf-57bc-486a-a72d-8f1110089705,FirstNumber=294,secondNumber=905}  written to file by thread pool-3-thread-4
 message  {Id=25551604-81f8-4ce3-8769-90aad42a1c32,FirstNumber=544,secondNumber=917}  added by thread pool-3-thread-6
 message  {Id=25551604-81f8-4ce3-8769-90aad42a1c32,FirstNumber=544,secondNumber=917}  written to file by thread pool-3-thread-5
 message  {Id=487b6bf7-1053-485f-b2df-2242bb7d2a22,FirstNumber=850,secondNumber=680}  added by thread pool-3-thread-6
 message  {Id=08ce53a1-4545-4811-b57a-a60f555bb342,FirstNumber=808,secondNumber=1432}  added by thread pool-3-thread-6
 message  {Id=487b6bf7-1053-485f-b2df-2242bb7d2a22,FirstNumber=850,secondNumber=680}  written to file by thread pool-3-thread-2
 message  {Id=08ce53a1-4545-4811-b57a-a60f555bb342,FirstNumber=808,secondNumber=1432}  written to file by thread pool-3-thread-1
 message  {Id=d0aa7e70-2ddc-4674-8468-4aaa6880f923,FirstNumber=53,secondNumber=1460}  added by thread pool-3-thread-6
 message  {Id=d0aa7e70-2ddc-4674-8468-4aaa6880f923,FirstNumber=53,secondNumber=1460}  written to file by thread pool-3-thread-1
 message  {Id=036ea43e-9bbb-4190-8766-a458b5acb509,FirstNumber=300,secondNumber=1506}  added by thread pool-3-thread-6
 message  {Id=036ea43e-9bbb-4190-8766-a458b5acb509,FirstNumber=300,secondNumber=1506}  written to file by thread pool-3-thread-4
 message  {Id=84c872f8-3e2e-4e99-91a4-23808055cb42,FirstNumber=402,secondNumber=922}  added by thread pool-3-thread-6
 message  {Id=84c872f8-3e2e-4e99-91a4-23808055cb42,FirstNumber=402,secondNumber=922}  written to file by thread pool-3-thread-5
 message  {Id=d5f3605f-24ac-4945-bdcf-5eeec50d0f5f,FirstNumber=368,secondNumber=1803}  added by thread pool-3-thread-6
 message  {Id=d5f3605f-24ac-4945-bdcf-5eeec50d0f5f,FirstNumber=368,secondNumber=1803}  written to file by thread pool-3-thread-2
 message  {Id=1ee2e874-dd41-4657-bc0a-3391a6f0f791,FirstNumber=459,secondNumber=1196}  added by thread pool-3-thread-6
 message  {Id=1ee2e874-dd41-4657-bc0a-3391a6f0f791,FirstNumber=459,secondNumber=1196}  written to file by thread pool-3-thread-2
 message  {Id=7a7ded53-c57d-4ebb-9e95-4b2b9dadbba4,FirstNumber=917,secondNumber=572}  added by thread pool-3-thread-6
 message  {Id=7a7ded53-c57d-4ebb-9e95-4b2b9dadbba4,FirstNumber=917,secondNumber=572}  written to file by thread pool-3-thread-1
 message  {Id=eca45f36-2c03-466e-af64-7b195e7145fd,FirstNumber=923,secondNumber=480}  added by thread pool-3-thread-6
 message  {Id=eca45f36-2c03-466e-af64-7b195e7145fd,FirstNumber=923,secondNumber=480}  written to file by thread pool-3-thread-1
 message  {Id=9df92cf2-33f7-4f52-8d12-da56ba6a4df9,FirstNumber=248,secondNumber=1357}  added by thread pool-3-thread-6
 message  {Id=9df92cf2-33f7-4f52-8d12-da56ba6a4df9,FirstNumber=248,secondNumber=1357}  written to file by thread pool-3-thread-1
 message  {Id=cd7092e7-a2d8-4f65-aadf-9222c90ab44d,FirstNumber=88,secondNumber=1565}  added by thread pool-3-thread-6
 message  {Id=f8c9b660-c3d9-415e-a101-77e56e9d1b24,FirstNumber=411,secondNumber=1173}  added by thread pool-3-thread-6
 message  {Id=cd7092e7-a2d8-4f65-aadf-9222c90ab44d,FirstNumber=88,secondNumber=1565}  written to file by thread pool-3-thread-3
 message  {Id=f8c9b660-c3d9-415e-a101-77e56e9d1b24,FirstNumber=411,secondNumber=1173}  written to file by thread pool-3-thread-2
 message  {Id=a6f0c252-e85d-43f9-bf7e-f5f03e0c7c9e,FirstNumber=128,secondNumber=888}  added by thread pool-3-thread-6
 message  {Id=a6f0c252-e85d-43f9-bf7e-f5f03e0c7c9e,FirstNumber=128,secondNumber=888}  written to file by thread pool-3-thread-4
 message  {Id=fcbaee8e-7bc3-46ec-bab8-f0b42b5ee3d5,FirstNumber=258,secondNumber=1587}  added by thread pool-3-thread-6
 message  {Id=fcbaee8e-7bc3-46ec-bab8-f0b42b5ee3d5,FirstNumber=258,secondNumber=1587}  written to file by thread pool-3-thread-5
 message  {Id=d27b49d8-b53a-4b3d-8de4-a23cbcdbd823,FirstNumber=60,secondNumber=20}  added by thread pool-3-thread-6
 message  {Id=d27b49d8-b53a-4b3d-8de4-a23cbcdbd823,FirstNumber=60,secondNumber=20}  written to file by thread pool-3-thread-1
 message  {Id=9024a276-b888-44ab-923e-13be34781326,FirstNumber=931,secondNumber=537}  added by thread pool-3-thread-6
 message  {Id=9024a276-b888-44ab-923e-13be34781326,FirstNumber=931,secondNumber=537}  written to file by thread pool-3-thread-3
 message  {Id=9234bf37-0f94-4ad0-9e1a-d552af9402b8,FirstNumber=945,secondNumber=561}  added by thread pool-3-thread-6
 message  {Id=9234bf37-0f94-4ad0-9e1a-d552af9402b8,FirstNumber=945,secondNumber=561}  written to file by thread pool-3-thread-3
 message  {Id=1b41ab3d-3f09-439b-bf16-f4ffc11131be,FirstNumber=693,secondNumber=1719}  added by thread pool-3-thread-6
 message  {Id=1b41ab3d-3f09-439b-bf16-f4ffc11131be,FirstNumber=693,secondNumber=1719}  written to file by thread pool-3-thread-4
 message  {Id=ebb1889c-38e5-417e-bb78-1e91e83becfb,FirstNumber=365,secondNumber=1451}  added by thread pool-3-thread-6
 message  {Id=ebb1889c-38e5-417e-bb78-1e91e83becfb,FirstNumber=365,secondNumber=1451}  written to file by thread pool-3-thread-5
 message  {Id=75c7751d-6691-4164-83c7-73e44a265ba0,FirstNumber=98,secondNumber=129}  added by thread pool-3-thread-6
 message  {Id=75c7751d-6691-4164-83c7-73e44a265ba0,FirstNumber=98,secondNumber=129}  written to file by thread pool-3-thread-1
 message  {Id=5812b9dc-eabd-4043-a9cd-12b55ee8733b,FirstNumber=596,secondNumber=1011}  added by thread pool-3-thread-6
 message  {Id=8f6d20b4-c93d-44c5-bd40-fa926a6eae96,FirstNumber=177,secondNumber=779}  added by thread pool-3-thread-6
 message  {Id=5812b9dc-eabd-4043-a9cd-12b55ee8733b,FirstNumber=596,secondNumber=1011}  written to file by thread pool-3-thread-2
 message  {Id=8f6d20b4-c93d-44c5-bd40-fa926a6eae96,FirstNumber=177,secondNumber=779}  written to file by thread pool-3-thread-3
 message  {Id=25890e09-3831-4d1a-b5b9-1a7b53d5aece,FirstNumber=985,secondNumber=513}  added by thread pool-3-thread-6
 message  {Id=25890e09-3831-4d1a-b5b9-1a7b53d5aece,FirstNumber=985,secondNumber=513}  written to file by thread pool-3-thread-4
 message  {Id=9263105a-5ccc-41d2-8b44-8ea933b4b364,FirstNumber=756,secondNumber=1570}  added by thread pool-3-thread-6
 message  {Id=9263105a-5ccc-41d2-8b44-8ea933b4b364,FirstNumber=756,secondNumber=1570}  written to file by thread pool-3-thread-5
 message  {Id=b0f13490-5dfd-4b83-82a9-bb9199c09af6,FirstNumber=379,secondNumber=1797}  added by thread pool-3-thread-6
 message  {Id=b0f13490-5dfd-4b83-82a9-bb9199c09af6,FirstNumber=379,secondNumber=1797}  written to file by thread pool-3-thread-1
 message  {Id=b55227e6-452f-4004-bc96-d68337443012,FirstNumber=757,secondNumber=1020}  added by thread pool-3-thread-6
 message  {Id=b55227e6-452f-4004-bc96-d68337443012,FirstNumber=757,secondNumber=1020}  written to file by thread pool-3-thread-2
 message  {Id=e307ed75-fce6-4a65-ae31-f6f3864c08a3,FirstNumber=304,secondNumber=463}  added by thread pool-3-thread-6
 message  {Id=e307ed75-fce6-4a65-ae31-f6f3864c08a3,FirstNumber=304,secondNumber=463}  written to file by thread pool-3-thread-2
 message  {Id=09450d4d-4713-4d6c-89e7-e1168a456656,FirstNumber=237,secondNumber=1176}  added by thread pool-3-thread-6
 message  {Id=09450d4d-4713-4d6c-89e7-e1168a456656,FirstNumber=237,secondNumber=1176}  written to file by thread pool-3-thread-4
 message  {Id=e28c5f28-9741-482c-bfb4-4becf91a88f9,FirstNumber=154,secondNumber=1874}  added by thread pool-3-thread-6
 message  {Id=e28c5f28-9741-482c-bfb4-4becf91a88f9,FirstNumber=154,secondNumber=1874}  written to file by thread pool-3-thread-4
 message  {Id=b906bc67-88ce-4503-8a70-57a34a51c8b9,FirstNumber=20,secondNumber=522}  added by thread pool-3-thread-6
 message  {Id=b906bc67-88ce-4503-8a70-57a34a51c8b9,FirstNumber=20,secondNumber=522}  written to file by thread pool-3-thread-1
 message  {Id=1cabb902-14b3-47d6-836d-96c4530ae915,FirstNumber=519,secondNumber=1201}  added by thread pool-3-thread-6
 message  {Id=aa0f5f7a-f74c-4f0b-aeb7-43bf2bb21f52,FirstNumber=5,secondNumber=948}  added by thread pool-3-thread-6
 message  {Id=1cabb902-14b3-47d6-836d-96c4530ae915,FirstNumber=519,secondNumber=1201}  written to file by thread pool-3-thread-3
 message  {Id=aa0f5f7a-f74c-4f0b-aeb7-43bf2bb21f52,FirstNumber=5,secondNumber=948}  written to file by thread pool-3-thread-2
 message  {Id=1efc9603-ae92-4188-98bb-8a50b8156fda,FirstNumber=533,secondNumber=661}  added by thread pool-3-thread-6
 message  {Id=1efc9603-ae92-4188-98bb-8a50b8156fda,FirstNumber=533,secondNumber=661}  written to file by thread pool-3-thread-5
 message  {Id=6d0723ec-3a4c-49f5-a908-438dc18fb893,FirstNumber=602,secondNumber=733}  added by thread pool-3-thread-6
 message  {Id=6d0723ec-3a4c-49f5-a908-438dc18fb893,FirstNumber=602,secondNumber=733}  written to file by thread pool-3-thread-5
 message  {Id=bf9f2f15-e94b-4ce8-8aa5-6075244bac3a,FirstNumber=739,secondNumber=1156}  added by thread pool-3-thread-6
 message  {Id=bf9f2f15-e94b-4ce8-8aa5-6075244bac3a,FirstNumber=739,secondNumber=1156}  written to file by thread pool-3-thread-1
 message  {Id=1b5ec3c4-0686-4b8c-acab-ccaf9822493f,FirstNumber=171,secondNumber=447}  added by thread pool-3-thread-6
 message  {Id=1b5ec3c4-0686-4b8c-acab-ccaf9822493f,FirstNumber=171,secondNumber=447}  written to file by thread pool-3-thread-3
 message  {Id=9d292581-c6c3-4303-a941-d841bb21d4f5,FirstNumber=306,secondNumber=78}  added by thread pool-3-thread-6
 message  {Id=9d292581-c6c3-4303-a941-d841bb21d4f5,FirstNumber=306,secondNumber=78}  written to file by thread pool-3-thread-3
 message  {Id=69c17681-543c-49b0-9d42-108256b2a40e,FirstNumber=213,secondNumber=470}  added by thread pool-3-thread-6
 message  {Id=69c17681-543c-49b0-9d42-108256b2a40e,FirstNumber=213,secondNumber=470}  written to file by thread pool-3-thread-4
 message  {Id=f4d5ba46-73b6-4659-9942-d415af12ed6d,FirstNumber=122,secondNumber=1595}  added by thread pool-3-thread-6
 message  {Id=f4d5ba46-73b6-4659-9942-d415af12ed6d,FirstNumber=122,secondNumber=1595}  written to file by thread pool-3-thread-4
 message  {Id=88e0ddd6-d9a2-4bc0-ba01-a51e94dc6a64,FirstNumber=916,secondNumber=1751}  added by thread pool-3-thread-6
 message  {Id=88e0ddd6-d9a2-4bc0-ba01-a51e94dc6a64,FirstNumber=916,secondNumber=1751}  written to file by thread pool-3-thread-1
 message  {Id=c7ea17fd-30bc-4f80-8d40-6febbce97cfc,FirstNumber=251,secondNumber=1730}  added by thread pool-3-thread-6
 message  {Id=e7fdbee8-abe1-4e1b-85e5-fcad188eae84,FirstNumber=888,secondNumber=709}  added by thread pool-3-thread-6
 message  {Id=c7ea17fd-30bc-4f80-8d40-6febbce97cfc,FirstNumber=251,secondNumber=1730}  written to file by thread pool-3-thread-2
 message  {Id=e7fdbee8-abe1-4e1b-85e5-fcad188eae84,FirstNumber=888,secondNumber=709}  written to file by thread pool-3-thread-3
 message  {Id=7c48cc65-5c7a-430c-8b0f-7e5f160a3725,FirstNumber=793,secondNumber=1390}  added by thread pool-3-thread-6
 message  {Id=7c48cc65-5c7a-430c-8b0f-7e5f160a3725,FirstNumber=793,secondNumber=1390}  written to file by thread pool-3-thread-5
 message  {Id=ddd5888e-367c-4c51-8734-03d1717ab786,FirstNumber=974,secondNumber=552}  added by thread pool-3-thread-6
 message  {Id=ddd5888e-367c-4c51-8734-03d1717ab786,FirstNumber=974,secondNumber=552}  written to file by thread pool-3-thread-5
 message  {Id=ff5ab7f4-dfe9-4542-933f-2ea53cda480a,FirstNumber=352,secondNumber=235}  added by thread pool-3-thread-6
 message  {Id=ff5ab7f4-dfe9-4542-933f-2ea53cda480a,FirstNumber=352,secondNumber=235}  written to file by thread pool-3-thread-1
 message  {Id=018f592e-7b6b-474a-a048-c6563bc5b990,FirstNumber=511,secondNumber=443}  added by thread pool-3-thread-6
 message  {Id=018f592e-7b6b-474a-a048-c6563bc5b990,FirstNumber=511,secondNumber=443}  written to file by thread pool-3-thread-2
 message  {Id=308bd0ca-a58c-4110-96ca-fc44cf32a8a2,FirstNumber=277,secondNumber=983}  added by thread pool-3-thread-6
 message  {Id=308bd0ca-a58c-4110-96ca-fc44cf32a8a2,FirstNumber=277,secondNumber=983}  written to file by thread pool-3-thread-2
 message  {Id=fed6bc88-1f3c-45b4-a762-930d4c6735e8,FirstNumber=295,secondNumber=121}  added by thread pool-3-thread-6
 message  {Id=fed6bc88-1f3c-45b4-a762-930d4c6735e8,FirstNumber=295,secondNumber=121}  written to file by thread pool-3-thread-4
 message  {Id=721c2bc9-f6cb-4bbc-8437-f068c6db9617,FirstNumber=285,secondNumber=1996}  added by thread pool-3-thread-6
 message  {Id=721c2bc9-f6cb-4bbc-8437-f068c6db9617,FirstNumber=285,secondNumber=1996}  written to file by thread pool-3-thread-4
 message  {Id=16c1b1df-4aeb-4c10-b943-c15b9ceb76e6,FirstNumber=192,secondNumber=1431}  added by thread pool-3-thread-6
 message  {Id=16c1b1df-4aeb-4c10-b943-c15b9ceb76e6,FirstNumber=192,secondNumber=1431}  written to file by thread pool-3-thread-1
 message  {Id=ac42af0f-4c20-4213-b276-1710724a709d,FirstNumber=836,secondNumber=1839}  added by thread pool-3-thread-6
 message  {Id=cdc03904-d916-40ca-9a27-a56a2e78d8d2,FirstNumber=684,secondNumber=1722}  added by thread pool-3-thread-6
 message  {Id=ac42af0f-4c20-4213-b276-1710724a709d,FirstNumber=836,secondNumber=1839}  written to file by thread pool-3-thread-3
 message  {Id=cdc03904-d916-40ca-9a27-a56a2e78d8d2,FirstNumber=684,secondNumber=1722}  written to file by thread pool-3-thread-2
 message  {Id=e9a115f3-08c3-4da5-9074-9e4615bd3ef5,FirstNumber=139,secondNumber=1583}  added by thread pool-3-thread-6
 message  {Id=e9a115f3-08c3-4da5-9074-9e4615bd3ef5,FirstNumber=139,secondNumber=1583}  written to file by thread pool-3-thread-5
 message  {Id=2f2d163a-1f4d-4833-b6d8-c7a8bfe9f6b0,FirstNumber=9,secondNumber=607}  added by thread pool-3-thread-6
 message  {Id=2f2d163a-1f4d-4833-b6d8-c7a8bfe9f6b0,FirstNumber=9,secondNumber=607}  written to file by thread pool-3-thread-5
 message  {Id=728418c5-e18a-43fc-acba-4ada67fdb59b,FirstNumber=647,secondNumber=719}  added by thread pool-3-thread-6
 message  {Id=728418c5-e18a-43fc-acba-4ada67fdb59b,FirstNumber=647,secondNumber=719}  written to file by thread pool-3-thread-1
 message  {Id=b991c10d-3112-418b-9435-facba04adbbe,FirstNumber=201,secondNumber=95}  added by thread pool-3-thread-6
 message  {Id=b991c10d-3112-418b-9435-facba04adbbe,FirstNumber=201,secondNumber=95}  written to file by thread pool-3-thread-3
 message  {Id=fbb16e43-ca34-4cde-8541-7d9f56e3129b,FirstNumber=817,secondNumber=738}  added by thread pool-3-thread-6
 message  {Id=fbb16e43-ca34-4cde-8541-7d9f56e3129b,FirstNumber=817,secondNumber=738}  written to file by thread pool-3-thread-3
 message  {Id=4bd6008b-d51b-4cb0-beea-ece09a002b6f,FirstNumber=229,secondNumber=159}  added by thread pool-3-thread-6
 message  {Id=4bd6008b-d51b-4cb0-beea-ece09a002b6f,FirstNumber=229,secondNumber=159}  written to file by thread pool-3-thread-4
 message  {Id=f1271953-fc93-4dcb-b66f-80b3c74e44b1,FirstNumber=257,secondNumber=1939}  added by thread pool-3-thread-6
 message  {Id=f1271953-fc93-4dcb-b66f-80b3c74e44b1,FirstNumber=257,secondNumber=1939}  written to file by thread pool-3-thread-4
 message  {Id=b4715a8f-b6b5-43a1-b309-4a27c6a764d9,FirstNumber=126,secondNumber=1794}  added by thread pool-3-thread-6
 message  {Id=b4715a8f-b6b5-43a1-b309-4a27c6a764d9,FirstNumber=126,secondNumber=1794}  written to file by thread pool-3-thread-1
 message  {Id=c6aabc1e-91a0-4f67-929d-6633b0d99e44,FirstNumber=390,secondNumber=956}  added by thread pool-3-thread-6
 message  {Id=403de0f8-1d28-432d-a322-86441ea5a3fe,FirstNumber=778,secondNumber=344}  added by thread pool-3-thread-6
 message  {Id=c6aabc1e-91a0-4f67-929d-6633b0d99e44,FirstNumber=390,secondNumber=956}  written to file by thread pool-3-thread-2
 message  {Id=403de0f8-1d28-432d-a322-86441ea5a3fe,FirstNumber=778,secondNumber=344}  written to file by thread pool-3-thread-3
 message  {Id=5e81dab5-de07-4696-8bcb-29a5b45c1e59,FirstNumber=921,secondNumber=850}  added by thread pool-3-thread-6
 message  {Id=5e81dab5-de07-4696-8bcb-29a5b45c1e59,FirstNumber=921,secondNumber=850}  written to file by thread pool-3-thread-5
 message  {Id=73112e48-213c-4d0a-adea-0646b1a01a76,FirstNumber=709,secondNumber=1399}  added by thread pool-3-thread-6
 message  {Id=73112e48-213c-4d0a-adea-0646b1a01a76,FirstNumber=709,secondNumber=1399}  written to file by thread pool-3-thread-5
 message  {Id=e5d673c5-8a98-4491-bbc7-c5304cc0db0d,FirstNumber=753,secondNumber=598}  added by thread pool-3-thread-6
 message  {Id=e5d673c5-8a98-4491-bbc7-c5304cc0db0d,FirstNumber=753,secondNumber=598}  written to file by thread pool-3-thread-1
 message  {Id=9d17edc5-6513-43ef-b83d-a09f4bd69a6f,FirstNumber=298,secondNumber=1451}  added by thread pool-3-thread-6
 message  {Id=9d17edc5-6513-43ef-b83d-a09f4bd69a6f,FirstNumber=298,secondNumber=1451}  written to file by thread pool-3-thread-2
 message  {Id=498d6248-231a-43e4-bed6-72d5d7131064,FirstNumber=503,secondNumber=1716}  added by thread pool-3-thread-6
 message  {Id=498d6248-231a-43e4-bed6-72d5d7131064,FirstNumber=503,secondNumber=1716}  written to file by thread pool-3-thread-2
 message  {Id=9e5423fb-d21e-47a4-b746-3ed285554635,FirstNumber=767,secondNumber=1384}  added by thread pool-3-thread-6
 message  {Id=9e5423fb-d21e-47a4-b746-3ed285554635,FirstNumber=767,secondNumber=1384}  written to file by thread pool-3-thread-4
 message  {Id=f46efe87-f4e6-4339-b4b6-43b94f3d6298,FirstNumber=573,secondNumber=1141}  added by thread pool-3-thread-6
 message  {Id=f46efe87-f4e6-4339-b4b6-43b94f3d6298,FirstNumber=573,secondNumber=1141}  written to file by thread pool-3-thread-5
 message  {Id=c2f56bbe-9783-40aa-b7c6-6112581fa6b2,FirstNumber=437,secondNumber=298}  added by thread pool-3-thread-6
 message  {Id=c2f56bbe-9783-40aa-b7c6-6112581fa6b2,FirstNumber=437,secondNumber=298}  written to file by thread pool-3-thread-1
 message  {Id=b5aa14f3-6be5-42bc-b58f-b60d4dad4659,FirstNumber=89,secondNumber=1229}  added by thread pool-3-thread-6
 message  {Id=b5aa14f3-6be5-42bc-b58f-b60d4dad4659,FirstNumber=89,secondNumber=1229}  written to file by thread pool-3-thread-1
 message  {Id=25ead4c9-eff8-4c1f-9867-327263154c32,FirstNumber=679,secondNumber=1214}  added by thread pool-3-thread-6
 message  {Id=25ead4c9-eff8-4c1f-9867-327263154c32,FirstNumber=679,secondNumber=1214}  written to file by thread pool-3-thread-1
 message  {Id=50fcf25c-dc3a-4579-9fa6-edca586c4808,FirstNumber=696,secondNumber=1516}  added by thread pool-3-thread-6
 message  {Id=50fcf25c-dc3a-4579-9fa6-edca586c4808,FirstNumber=696,secondNumber=1516}  written to file by thread pool-3-thread-4
 message  {Id=145dda9b-a933-4a44-bbb3-661f8b5f77e2,FirstNumber=995,secondNumber=1987}  added by thread pool-3-thread-6
 message  {Id=145dda9b-a933-4a44-bbb3-661f8b5f77e2,FirstNumber=995,secondNumber=1987}  written to file by thread pool-3-thread-5
 message  {Id=0e75c508-d43a-4a64-ad26-af5b827b2d98,FirstNumber=458,secondNumber=547}  added by thread pool-3-thread-6
 message  {Id=0e75c508-d43a-4a64-ad26-af5b827b2d98,FirstNumber=458,secondNumber=547}  written to file by thread pool-3-thread-3
 message  {Id=376e184a-e279-4ad1-89be-4417955be154,FirstNumber=320,secondNumber=598}  added by thread pool-3-thread-6
 message  {Id=376e184a-e279-4ad1-89be-4417955be154,FirstNumber=320,secondNumber=598}  written to file by thread pool-3-thread-3
 message  {Id=445e3a4e-2018-4877-b882-8c4b44f4ae96,FirstNumber=867,secondNumber=1165}  added by thread pool-3-thread-6
 message  {Id=445e3a4e-2018-4877-b882-8c4b44f4ae96,FirstNumber=867,secondNumber=1165}  written to file by thread pool-3-thread-1
 message  {Id=66861bfa-5d53-4b6a-bd7c-b31e08ee1327,FirstNumber=85,secondNumber=552}  added by thread pool-3-thread-6
 message  {Id=66861bfa-5d53-4b6a-bd7c-b31e08ee1327,FirstNumber=85,secondNumber=552}  written to file by thread pool-3-thread-4
 message  {Id=65b343c1-69dd-4b13-a42f-5be1a3216807,FirstNumber=372,secondNumber=1176}  added by thread pool-3-thread-6
 message  {Id=65b343c1-69dd-4b13-a42f-5be1a3216807,FirstNumber=372,secondNumber=1176}  written to file by thread pool-3-thread-4
 message  {Id=f16779ee-2898-42af-8244-710ae803eab4,FirstNumber=993,secondNumber=158}  added by thread pool-3-thread-6
 message  {Id=f16779ee-2898-42af-8244-710ae803eab4,FirstNumber=993,secondNumber=158}  written to file by thread pool-3-thread-2
 message  {Id=7490c571-c5f5-4af7-a44b-c3803f5d7ebf,FirstNumber=266,secondNumber=470}  added by thread pool-3-thread-6
 message  {Id=1797e227-32c0-4d82-bace-e99c5560b1db,FirstNumber=216,secondNumber=620}  added by thread pool-3-thread-6
 message  {Id=7490c571-c5f5-4af7-a44b-c3803f5d7ebf,FirstNumber=266,secondNumber=470}  written to file by thread pool-3-thread-3
 message  {Id=1797e227-32c0-4d82-bace-e99c5560b1db,FirstNumber=216,secondNumber=620}  written to file by thread pool-3-thread-1
 message  {Id=ac1c4feb-d1be-4b09-9369-67927f61e566,FirstNumber=81,secondNumber=1672}  added by thread pool-3-thread-6
 message  {Id=ac1c4feb-d1be-4b09-9369-67927f61e566,FirstNumber=81,secondNumber=1672}  written to file by thread pool-3-thread-1
 message  {Id=68347e3e-e577-4387-bd9f-5ca0f5af84ae,FirstNumber=695,secondNumber=427}  added by thread pool-3-thread-6
 message  {Id=68347e3e-e577-4387-bd9f-5ca0f5af84ae,FirstNumber=695,secondNumber=427}  written to file by thread pool-3-thread-4
 message  {Id=ab345fcb-477c-4366-aaf9-9e4f538ad561,FirstNumber=450,secondNumber=1342}  added by thread pool-3-thread-6
 message  {Id=ab345fcb-477c-4366-aaf9-9e4f538ad561,FirstNumber=450,secondNumber=1342}  written to file by thread pool-3-thread-2
 message  {Id=325b652d-fd28-41cf-9074-c3098072f6fc,FirstNumber=100,secondNumber=32}  added by thread pool-3-thread-6
 message  {Id=325b652d-fd28-41cf-9074-c3098072f6fc,FirstNumber=100,secondNumber=32}  written to file by thread pool-3-thread-3
 message  {Id=7812c72f-45fe-4d12-9f16-62c6dd24d2be,FirstNumber=32,secondNumber=147}  added by thread pool-3-thread-6
 message  {Id=7812c72f-45fe-4d12-9f16-62c6dd24d2be,FirstNumber=32,secondNumber=147}  written to file by thread pool-3-thread-3
 message  {Id=f7ab2315-13c6-41d0-8d11-2b26ff736002,FirstNumber=617,secondNumber=1442}  added by thread pool-3-thread-6
 message  {Id=f7ab2315-13c6-41d0-8d11-2b26ff736002,FirstNumber=617,secondNumber=1442}  written to file by thread pool-3-thread-1
 message  {Id=d1333d1c-6b26-4c22-8b4e-89a21c4dacce,FirstNumber=45,secondNumber=1839}  added by thread pool-3-thread-6
 message  {Id=d1333d1c-6b26-4c22-8b4e-89a21c4dacce,FirstNumber=45,secondNumber=1839}  written to file by thread pool-3-thread-1
 message  {Id=c455964a-5d50-4c7a-a7f8-6762e61f13eb,FirstNumber=241,secondNumber=825}  added by thread pool-3-thread-6
 message  {Id=c455964a-5d50-4c7a-a7f8-6762e61f13eb,FirstNumber=241,secondNumber=825}  written to file by thread pool-3-thread-1
 message  {Id=d435b841-0c1b-478a-959d-e29698a29e7e,FirstNumber=25,secondNumber=1332}  added by thread pool-3-thread-6
 message  {Id=5fa4f9c8-3c50-49ad-9e65-d563d713349f,FirstNumber=442,secondNumber=1915}  added by thread pool-3-thread-6
 message  {Id=d435b841-0c1b-478a-959d-e29698a29e7e,FirstNumber=25,secondNumber=1332}  written to file by thread pool-3-thread-5
 message  {Id=5fa4f9c8-3c50-49ad-9e65-d563d713349f,FirstNumber=442,secondNumber=1915}  written to file by thread pool-3-thread-3
 message  {Id=277c5419-324c-4022-b6ba-32022e4a852a,FirstNumber=258,secondNumber=1968}  added by thread pool-3-thread-6
 message  {Id=277c5419-324c-4022-b6ba-32022e4a852a,FirstNumber=258,secondNumber=1968}  written to file by thread pool-3-thread-4
 message  {Id=44e4370c-f0ce-416a-9bb5-db677af84bb6,FirstNumber=805,secondNumber=1805}  added by thread pool-3-thread-6
 message  {Id=44e4370c-f0ce-416a-9bb5-db677af84bb6,FirstNumber=805,secondNumber=1805}  written to file by thread pool-3-thread-4
 message  {Id=abe3189d-5eb7-40e5-bcb4-e4ff77141741,FirstNumber=307,secondNumber=621}  added by thread pool-3-thread-6
 message  {Id=abe3189d-5eb7-40e5-bcb4-e4ff77141741,FirstNumber=307,secondNumber=621}  written to file by thread pool-3-thread-1
 message  {Id=260827b3-4702-49bf-8898-d76cf752494d,FirstNumber=162,secondNumber=553}  added by thread pool-3-thread-6
 message  {Id=260827b3-4702-49bf-8898-d76cf752494d,FirstNumber=162,secondNumber=553}  written to file by thread pool-3-thread-5
 message  {Id=4315e63b-1f0a-454c-bd09-b21f6f80dc84,FirstNumber=844,secondNumber=452}  added by thread pool-3-thread-6
 message  {Id=4315e63b-1f0a-454c-bd09-b21f6f80dc84,FirstNumber=844,secondNumber=452}  written to file by thread pool-3-thread-3
 message  {Id=e03832b0-5bff-4de4-bafe-1e01a155ad63,FirstNumber=505,secondNumber=1426}  added by thread pool-3-thread-6
 message  {Id=e03832b0-5bff-4de4-bafe-1e01a155ad63,FirstNumber=505,secondNumber=1426}  written to file by thread pool-3-thread-3
 message  {Id=e1a6fdb4-bcb0-4a93-be24-91bc6d0fece2,FirstNumber=527,secondNumber=1455}  added by thread pool-3-thread-6
 message  {Id=7888f05a-8d93-46af-82a9-dd759b85723f,FirstNumber=959,secondNumber=1157}  added by thread pool-3-thread-6
 message  {Id=e1a6fdb4-bcb0-4a93-be24-91bc6d0fece2,FirstNumber=527,secondNumber=1455}  written to file by thread pool-3-thread-4
 message  {Id=d3a0fbaa-4f03-4a5f-ac07-cd49c3f1e376,FirstNumber=289,secondNumber=690}  added by thread pool-3-thread-6
 message  {Id=7888f05a-8d93-46af-82a9-dd759b85723f,FirstNumber=959,secondNumber=1157}  written to file by thread pool-3-thread-1
 message  {Id=6e24b3bf-4424-4f8c-adf2-df554582dae3,FirstNumber=452,secondNumber=171}  added by thread pool-3-thread-6
 message  {Id=d3a0fbaa-4f03-4a5f-ac07-cd49c3f1e376,FirstNumber=289,secondNumber=690}  written to file by thread pool-3-thread-5
 message  {Id=6e24b3bf-4424-4f8c-adf2-df554582dae3,FirstNumber=452,secondNumber=171}  written to file by thread pool-3-thread-2
 message  {Id=4b802f63-e878-4f4f-8eea-b098ceb04fff,FirstNumber=787,secondNumber=718}  added by thread pool-3-thread-6
 message  {Id=4b802f63-e878-4f4f-8eea-b098ceb04fff,FirstNumber=787,secondNumber=718}  written to file by thread pool-3-thread-3
 message  {Id=c8532bdb-2326-47bc-90cf-1c83a40cf928,FirstNumber=890,secondNumber=529}  added by thread pool-3-thread-6
 message  {Id=c8532bdb-2326-47bc-90cf-1c83a40cf928,FirstNumber=890,secondNumber=529}  written to file by thread pool-3-thread-3
 message  {Id=c2156779-baec-41f9-9479-8b60802f70f7,FirstNumber=990,secondNumber=940}  added by thread pool-3-thread-6
 message  {Id=c2156779-baec-41f9-9479-8b60802f70f7,FirstNumber=990,secondNumber=940}  written to file by thread pool-3-thread-1
 message  {Id=873599c5-4c0f-4ae4-8afb-d37d7e0c02f5,FirstNumber=900,secondNumber=383}  added by thread pool-3-thread-6
 message  {Id=873599c5-4c0f-4ae4-8afb-d37d7e0c02f5,FirstNumber=900,secondNumber=383}  written to file by thread pool-3-thread-5
 message  {Id=30fb061e-de19-47e8-8e5c-ff8c3144767e,FirstNumber=653,secondNumber=788}  added by thread pool-3-thread-6
 message  {Id=30fb061e-de19-47e8-8e5c-ff8c3144767e,FirstNumber=653,secondNumber=788}  written to file by thread pool-3-thread-2
 message  {Id=e60eb5d3-92aa-4a3b-85ea-6dfa00f6a8e7,FirstNumber=62,secondNumber=1849}  added by thread pool-3-thread-6
 message  {Id=e60eb5d3-92aa-4a3b-85ea-6dfa00f6a8e7,FirstNumber=62,secondNumber=1849}  written to file by thread pool-3-thread-2
 message  {Id=d81a3b79-30e0-4969-b859-110645822b8c,FirstNumber=871,secondNumber=427}  added by thread pool-3-thread-6
 message  {Id=d81a3b79-30e0-4969-b859-110645822b8c,FirstNumber=871,secondNumber=427}  written to file by thread pool-3-thread-3
 message  {Id=dd184e74-9a5b-46b6-b4f0-98e0fe6d8ce1,FirstNumber=988,secondNumber=1777}  added by thread pool-3-thread-6
 message  {Id=dd184e74-9a5b-46b6-b4f0-98e0fe6d8ce1,FirstNumber=988,secondNumber=1777}  written to file by thread pool-3-thread-3
 message  {Id=61e67b00-7c5d-436f-9b8f-ef2198dc7554,FirstNumber=685,secondNumber=561}  added by thread pool-3-thread-6
 message  {Id=e9b217c3-64ba-4e0f-af3d-aed82ac99fd6,FirstNumber=162,secondNumber=1296}  added by thread pool-3-thread-6
 message  {Id=61e67b00-7c5d-436f-9b8f-ef2198dc7554,FirstNumber=685,secondNumber=561}  written to file by thread pool-3-thread-5
 message  {Id=e9b217c3-64ba-4e0f-af3d-aed82ac99fd6,FirstNumber=162,secondNumber=1296}  written to file by thread pool-3-thread-4
 message  {Id=d7a56741-96be-4d72-afc4-0b6065eaa3e2,FirstNumber=561,secondNumber=121}  added by thread pool-3-thread-6
 message  {Id=d7a56741-96be-4d72-afc4-0b6065eaa3e2,FirstNumber=561,secondNumber=121}  written to file by thread pool-3-thread-4
 message  {Id=63fa4c43-ffec-4bfa-89bc-b4d504be2edf,FirstNumber=331,secondNumber=1266}  added by thread pool-3-thread-6
 message  {Id=63fa4c43-ffec-4bfa-89bc-b4d504be2edf,FirstNumber=331,secondNumber=1266}  written to file by thread pool-3-thread-1
 message  {Id=c47d20c2-b9cd-4690-8e90-a156fed71192,FirstNumber=444,secondNumber=37}  added by thread pool-3-thread-6
 message  {Id=c47d20c2-b9cd-4690-8e90-a156fed71192,FirstNumber=444,secondNumber=37}  written to file by thread pool-3-thread-1
 message  {Id=a67ce87b-f9fa-4de8-9bab-13b3c8a69cbf,FirstNumber=455,secondNumber=1994}  added by thread pool-3-thread-6
 message  {Id=a67ce87b-f9fa-4de8-9bab-13b3c8a69cbf,FirstNumber=455,secondNumber=1994}  written to file by thread pool-3-thread-5
 message  {Id=3f654b95-634b-4a1d-9ffe-25c604731751,FirstNumber=874,secondNumber=585}  added by thread pool-3-thread-6
 message  {Id=3f654b95-634b-4a1d-9ffe-25c604731751,FirstNumber=874,secondNumber=585}  written to file by thread pool-3-thread-2
 message  {Id=dabf512f-d333-4e3c-bcb7-601138a3ebf5,FirstNumber=559,secondNumber=598}  added by thread pool-3-thread-6
 message  {Id=dabf512f-d333-4e3c-bcb7-601138a3ebf5,FirstNumber=559,secondNumber=598}  written to file by thread pool-3-thread-2
 message  {Id=1d2f57d1-ca42-46d2-be16-e17f968796af,FirstNumber=132,secondNumber=692}  added by thread pool-3-thread-6
 message  {Id=1d2f57d1-ca42-46d2-be16-e17f968796af,FirstNumber=132,secondNumber=692}  written to file by thread pool-3-thread-3
 message  {Id=00150a0a-b930-43db-80a1-f5f42737075c,FirstNumber=585,secondNumber=1033}  added by thread pool-3-thread-6
 message  {Id=00150a0a-b930-43db-80a1-f5f42737075c,FirstNumber=585,secondNumber=1033}  written to file by thread pool-3-thread-3
 message  {Id=3c629719-efd0-46ec-8346-dd2b1e605a35,FirstNumber=683,secondNumber=1826}  added by thread pool-3-thread-6
 message  {Id=7e3e34d2-15c6-487b-9ef9-5d8b1edbd5f8,FirstNumber=902,secondNumber=1574}  added by thread pool-3-thread-6
 message  {Id=3c629719-efd0-46ec-8346-dd2b1e605a35,FirstNumber=683,secondNumber=1826}  written to file by thread pool-3-thread-5
 message  {Id=7e3e34d2-15c6-487b-9ef9-5d8b1edbd5f8,FirstNumber=902,secondNumber=1574}  written to file by thread pool-3-thread-4
 message  {Id=cccd15fc-08ba-47a8-aee0-60900cc5a911,FirstNumber=941,secondNumber=1875}  added by thread pool-3-thread-6
 message  {Id=cccd15fc-08ba-47a8-aee0-60900cc5a911,FirstNumber=941,secondNumber=1875}  written to file by thread pool-3-thread-2
 message  {Id=e4628119-f8cd-4811-a497-edd110922561,FirstNumber=448,secondNumber=1006}  added by thread pool-3-thread-6
 message  {Id=e4628119-f8cd-4811-a497-edd110922561,FirstNumber=448,secondNumber=1006}  written to file by thread pool-3-thread-2
 message  {Id=ebd8b8e5-cf97-443b-9f8b-94366d76c67e,FirstNumber=305,secondNumber=204}  added by thread pool-3-thread-6
 message  {Id=ebd8b8e5-cf97-443b-9f8b-94366d76c67e,FirstNumber=305,secondNumber=204}  written to file by thread pool-3-thread-3
 message  {Id=280a82e1-2d8a-4f5b-9876-3870405202f3,FirstNumber=456,secondNumber=1637}  added by thread pool-3-thread-6
 message  {Id=280a82e1-2d8a-4f5b-9876-3870405202f3,FirstNumber=456,secondNumber=1637}  written to file by thread pool-3-thread-3
 message  {Id=0c99f47b-128a-444f-88e3-aa3f98bb299f,FirstNumber=237,secondNumber=356}  added by thread pool-3-thread-6
 message  {Id=0c99f47b-128a-444f-88e3-aa3f98bb299f,FirstNumber=237,secondNumber=356}  written to file by thread pool-3-thread-4
 message  {Id=1b58ad00-6fc0-4cdb-99e2-8acbcc140815,FirstNumber=502,secondNumber=1553}  added by thread pool-3-thread-6
 message  {Id=1b58ad00-6fc0-4cdb-99e2-8acbcc140815,FirstNumber=502,secondNumber=1553}  written to file by thread pool-3-thread-4
 message  {Id=0033ac63-1cca-421b-a610-9b839d8fcb3d,FirstNumber=963,secondNumber=1534}  added by thread pool-3-thread-6
 message  {Id=0033ac63-1cca-421b-a610-9b839d8fcb3d,FirstNumber=963,secondNumber=1534}  written to file by thread pool-3-thread-2
 message  {Id=eccd92ef-9825-4f1f-9031-9e06b8341cd3,FirstNumber=883,secondNumber=1421}  added by thread pool-3-thread-6
 message  {Id=eccd92ef-9825-4f1f-9031-9e06b8341cd3,FirstNumber=883,secondNumber=1421}  written to file by thread pool-3-thread-2
 message  {Id=1ca2db0e-2aba-4d48-b391-4072ad5c0804,FirstNumber=294,secondNumber=330}  added by thread pool-3-thread-6
 message  {Id=cb915b51-eb8a-49bf-9006-83522b094893,FirstNumber=982,secondNumber=727}  added by thread pool-3-thread-6
 message  {Id=1ca2db0e-2aba-4d48-b391-4072ad5c0804,FirstNumber=294,secondNumber=330}  written to file by thread pool-3-thread-3
 message  {Id=cb915b51-eb8a-49bf-9006-83522b094893,FirstNumber=982,secondNumber=727}  written to file by thread pool-3-thread-1
 message  {Id=b367090a-3a7a-4b70-b7dc-4f173c7e3531,FirstNumber=519,secondNumber=807}  added by thread pool-3-thread-6
 message  {Id=b367090a-3a7a-4b70-b7dc-4f173c7e3531,FirstNumber=519,secondNumber=807}  written to file by thread pool-3-thread-1
 message  {Id=40078c30-9eee-42e8-adc7-7de0948e664b,FirstNumber=689,secondNumber=1133}  added by thread pool-3-thread-6
 message  {Id=40078c30-9eee-42e8-adc7-7de0948e664b,FirstNumber=689,secondNumber=1133}  written to file by thread pool-3-thread-5
 message  {Id=8ee06765-ce49-4017-9d94-e5620ba01d92,FirstNumber=356,secondNumber=1479}  added by thread pool-3-thread-6
 message  {Id=8ee06765-ce49-4017-9d94-e5620ba01d92,FirstNumber=356,secondNumber=1479}  written to file by thread pool-3-thread-2
 message  {Id=736a2166-c815-44a8-ac03-21ed4276a822,FirstNumber=835,secondNumber=573}  added by thread pool-3-thread-6
 message  {Id=736a2166-c815-44a8-ac03-21ed4276a822,FirstNumber=835,secondNumber=573}  written to file by thread pool-3-thread-3
 message  {Id=4fdf3f6a-21fd-45d0-a5ba-61d5b5cabf7a,FirstNumber=869,secondNumber=71}  added by thread pool-3-thread-6
 message  {Id=4fdf3f6a-21fd-45d0-a5ba-61d5b5cabf7a,FirstNumber=869,secondNumber=71}  written to file by thread pool-3-thread-3
 message  {Id=bed3ceaa-9983-4749-9257-6700953e4444,FirstNumber=544,secondNumber=1067}  added by thread pool-3-thread-6
 message  {Id=bed3ceaa-9983-4749-9257-6700953e4444,FirstNumber=544,secondNumber=1067}  written to file by thread pool-3-thread-3
 message  {Id=7092af08-709c-4653-81bc-9220501f0d09,FirstNumber=755,secondNumber=1222}  added by thread pool-3-thread-6
 message  {Id=7092af08-709c-4653-81bc-9220501f0d09,FirstNumber=755,secondNumber=1222}  written to file by thread pool-3-thread-5
 message  {Id=be4d4621-0734-454a-b473-86fe07becbb1,FirstNumber=285,secondNumber=239}  added by thread pool-3-thread-6
 message  {Id=be4d4621-0734-454a-b473-86fe07becbb1,FirstNumber=285,secondNumber=239}  written to file by thread pool-3-thread-5
 message  {Id=f8756638-d43b-4708-9088-a47a18956f60,FirstNumber=832,secondNumber=932}  added by thread pool-3-thread-6
 message  {Id=449a8393-d1cd-4337-8e38-bc4461342827,FirstNumber=465,secondNumber=1826}  added by thread pool-3-thread-6
 message  {Id=f8756638-d43b-4708-9088-a47a18956f60,FirstNumber=832,secondNumber=932}  written to file by thread pool-3-thread-4
 message  {Id=449a8393-d1cd-4337-8e38-bc4461342827,FirstNumber=465,secondNumber=1826}  written to file by thread pool-3-thread-1
 message  {Id=131a2cc5-d79f-468c-84fd-db551f282a0b,FirstNumber=54,secondNumber=210}  added by thread pool-3-thread-6
 message  {Id=131a2cc5-d79f-468c-84fd-db551f282a0b,FirstNumber=54,secondNumber=210}  written to file by thread pool-3-thread-1
 message  {Id=5a63b64e-344b-449d-942c-65cda549d3bd,FirstNumber=841,secondNumber=1400}  added by thread pool-3-thread-6
 message  {Id=5a63b64e-344b-449d-942c-65cda549d3bd,FirstNumber=841,secondNumber=1400}  written to file by thread pool-3-thread-1
 message  {Id=58626ae7-c14a-4d8f-b12e-a5833795fce2,FirstNumber=308,secondNumber=921}  added by thread pool-3-thread-6
 message  {Id=58626ae7-c14a-4d8f-b12e-a5833795fce2,FirstNumber=308,secondNumber=921}  written to file by thread pool-3-thread-5
 message  {Id=7d50f2d0-7ff7-4f78-af7c-1c5a063dc247,FirstNumber=670,secondNumber=178}  added by thread pool-3-thread-6
 message  {Id=7d50f2d0-7ff7-4f78-af7c-1c5a063dc247,FirstNumber=670,secondNumber=178}  written to file by thread pool-3-thread-4
 message  {Id=6cfd6ba6-a874-40e9-a65c-4e8e2a1c21ba,FirstNumber=51,secondNumber=336}  added by thread pool-3-thread-6
 message  {Id=6cfd6ba6-a874-40e9-a65c-4e8e2a1c21ba,FirstNumber=51,secondNumber=336}  written to file by thread pool-3-thread-4
 message  {Id=f663d4c4-bb00-4c64-a81f-33ae88afd1d1,FirstNumber=814,secondNumber=800}  added by thread pool-3-thread-6
 message  {Id=f663d4c4-bb00-4c64-a81f-33ae88afd1d1,FirstNumber=814,secondNumber=800}  written to file by thread pool-3-thread-2
 message  {Id=31e3080c-31cb-41d5-82c4-546e6e02c49b,FirstNumber=270,secondNumber=988}  added by thread pool-3-thread-6
 message  {Id=31e3080c-31cb-41d5-82c4-546e6e02c49b,FirstNumber=270,secondNumber=988}  written to file by thread pool-3-thread-1
 message  {Id=8fd40e96-e3ae-48ed-ab93-0b3660a61679,FirstNumber=91,secondNumber=1305}  added by thread pool-3-thread-6
 message  {Id=8fd40e96-e3ae-48ed-ab93-0b3660a61679,FirstNumber=91,secondNumber=1305}  written to file by thread pool-3-thread-5
 message  {Id=9e07f62d-7dfd-4329-b2d5-74d196e31df4,FirstNumber=749,secondNumber=1050}  added by thread pool-3-thread-6
 message  {Id=9e07f62d-7dfd-4329-b2d5-74d196e31df4,FirstNumber=749,secondNumber=1050}  written to file by thread pool-3-thread-5
 message  {Id=7e918915-1fb4-4fe3-9a0b-a861ecfbb85a,FirstNumber=456,secondNumber=252}  added by thread pool-3-thread-6
 message  {Id=7e918915-1fb4-4fe3-9a0b-a861ecfbb85a,FirstNumber=456,secondNumber=252}  written to file by thread pool-3-thread-5
 message  {Id=f596eb82-0c92-4ba9-92ae-519959b70dce,FirstNumber=706,secondNumber=1908}  added by thread pool-3-thread-6
 message  {Id=f596eb82-0c92-4ba9-92ae-519959b70dce,FirstNumber=706,secondNumber=1908}  written to file by thread pool-3-thread-2
 message  {Id=899a04cb-32fa-4fad-ae76-41478389d091,FirstNumber=104,secondNumber=670}  added by thread pool-3-thread-6
 message  {Id=899a04cb-32fa-4fad-ae76-41478389d091,FirstNumber=104,secondNumber=670}  written to file by thread pool-3-thread-2
 message  {Id=3737e99e-a693-43d8-a0a1-d8aeb2206658,FirstNumber=956,secondNumber=1082}  added by thread pool-3-thread-6
 message  {Id=3737e99e-a693-43d8-a0a1-d8aeb2206658,FirstNumber=956,secondNumber=1082}  written to file by thread pool-3-thread-3
 message  {Id=ddbb2427-8158-4475-8b66-146f0dfd74a3,FirstNumber=62,secondNumber=175}  added by thread pool-3-thread-6
 message  {Id=ddbb2427-8158-4475-8b66-146f0dfd74a3,FirstNumber=62,secondNumber=175}  written to file by thread pool-3-thread-3
 message  {Id=4dc5ae1d-f326-4647-9f46-863b8571b9ef,FirstNumber=430,secondNumber=386}  added by thread pool-3-thread-6
 message  {Id=4dc5ae1d-f326-4647-9f46-863b8571b9ef,FirstNumber=430,secondNumber=386}  written to file by thread pool-3-thread-5
 message  {Id=9d1015c8-5dd7-44da-a177-4b24771245a4,FirstNumber=332,secondNumber=1961}  added by thread pool-3-thread-6
 message  {Id=9d1015c8-5dd7-44da-a177-4b24771245a4,FirstNumber=332,secondNumber=1961}  written to file by thread pool-3-thread-5
 message  {Id=d55103b7-c21f-46ad-aa2a-79fdfb86c6da,FirstNumber=568,secondNumber=667}  added by thread pool-3-thread-6
 message  {Id=d55103b7-c21f-46ad-aa2a-79fdfb86c6da,FirstNumber=568,secondNumber=667}  written to file by thread pool-3-thread-5
 message  {Id=65c803f8-ef5a-4f7a-a5f0-c90b10d6d850,FirstNumber=40,secondNumber=1461}  added by thread pool-3-thread-6
 message  {Id=65c803f8-ef5a-4f7a-a5f0-c90b10d6d850,FirstNumber=40,secondNumber=1461}  written to file by thread pool-3-thread-4
 message  {Id=436dda81-5156-48a1-8837-680fd4b5706c,FirstNumber=823,secondNumber=1394}  added by thread pool-3-thread-6
 message  {Id=436dda81-5156-48a1-8837-680fd4b5706c,FirstNumber=823,secondNumber=1394}  written to file by thread pool-3-thread-4
 message  {Id=bce495bf-c70b-4454-98c7-9fcd562baf2c,FirstNumber=26,secondNumber=1107}  added by thread pool-3-thread-6
 message  {Id=bce495bf-c70b-4454-98c7-9fcd562baf2c,FirstNumber=26,secondNumber=1107}  written to file by thread pool-3-thread-1
 message  {Id=12cc41c7-2146-458d-8c96-27791827b8f9,FirstNumber=646,secondNumber=710}  added by thread pool-3-thread-6
 message  {Id=12cc41c7-2146-458d-8c96-27791827b8f9,FirstNumber=646,secondNumber=710}  written to file by thread pool-3-thread-1
 message  {Id=e5f3d237-58fa-4542-93b8-2bdf2e03943d,FirstNumber=866,secondNumber=1830}  added by thread pool-3-thread-6
 message  {Id=e5f3d237-58fa-4542-93b8-2bdf2e03943d,FirstNumber=866,secondNumber=1830}  written to file by thread pool-3-thread-5
 message  {Id=eb82c448-204d-4498-8c45-c0fdcacfa029,FirstNumber=215,secondNumber=620}  added by thread pool-3-thread-6
 message  {Id=eb82c448-204d-4498-8c45-c0fdcacfa029,FirstNumber=215,secondNumber=620}  written to file by thread pool-3-thread-3
 message  {Id=1f86c1c4-85e6-4bc3-9b09-3754813e6f16,FirstNumber=206,secondNumber=658}  added by thread pool-3-thread-6
 message  {Id=1f86c1c4-85e6-4bc3-9b09-3754813e6f16,FirstNumber=206,secondNumber=658}  written to file by thread pool-3-thread-4
 message  {Id=c8b56342-c5e1-48d9-8c04-d105b90ed88b,FirstNumber=912,secondNumber=1514}  added by thread pool-3-thread-6
 message  {Id=c8b56342-c5e1-48d9-8c04-d105b90ed88b,FirstNumber=912,secondNumber=1514}  written to file by thread pool-3-thread-4
 message  {Id=de89a1a5-6c4b-448b-9414-12be4616a09e,FirstNumber=835,secondNumber=1815}  added by thread pool-3-thread-6
 message  {Id=de89a1a5-6c4b-448b-9414-12be4616a09e,FirstNumber=835,secondNumber=1815}  written to file by thread pool-3-thread-1
 message  {Id=93501e27-908a-4016-b151-c13cb97ded8e,FirstNumber=691,secondNumber=1973}  added by thread pool-3-thread-6
 message  {Id=93501e27-908a-4016-b151-c13cb97ded8e,FirstNumber=691,secondNumber=1973}  written to file by thread pool-3-thread-1
 message  {Id=afbc79e4-5940-46db-8939-836f1c3b8567,FirstNumber=859,secondNumber=1393}  added by thread pool-3-thread-6
 message  {Id=afbc79e4-5940-46db-8939-836f1c3b8567,FirstNumber=859,secondNumber=1393}  written to file by thread pool-3-thread-1
 message  {Id=1f1799d7-c808-4252-8f1f-1fc2e6dc951b,FirstNumber=776,secondNumber=1608}  added by thread pool-3-thread-6
 message  {Id=ea536e7d-5996-443f-a6f8-533c61c49b21,FirstNumber=995,secondNumber=18}  added by thread pool-3-thread-6
 message  {Id=1f1799d7-c808-4252-8f1f-1fc2e6dc951b,FirstNumber=776,secondNumber=1608}  written to file by thread pool-3-thread-2
 message  {Id=ea536e7d-5996-443f-a6f8-533c61c49b21,FirstNumber=995,secondNumber=18}  written to file by thread pool-3-thread-4
 message  {Id=0d7133ad-4944-4ddc-bf95-a0f8ce4e9f80,FirstNumber=368,secondNumber=471}  added by thread pool-3-thread-6
 message  {Id=0d7133ad-4944-4ddc-bf95-a0f8ce4e9f80,FirstNumber=368,secondNumber=471}  written to file by thread pool-3-thread-5
 message  {Id=4967576c-344b-42e7-ad79-b859bd442ac2,FirstNumber=795,secondNumber=1340}  added by thread pool-3-thread-6
 message  {Id=4967576c-344b-42e7-ad79-b859bd442ac2,FirstNumber=795,secondNumber=1340}  written to file by thread pool-3-thread-5
 message  {Id=6d1cf638-6933-4453-b041-501f0fa3382c,FirstNumber=904,secondNumber=1541}  added by thread pool-3-thread-6
 message  {Id=6d1cf638-6933-4453-b041-501f0fa3382c,FirstNumber=904,secondNumber=1541}  written to file by thread pool-3-thread-1
 message  {Id=8173d5e8-b9ea-4d74-93c1-d088843559b8,FirstNumber=990,secondNumber=813}  added by thread pool-3-thread-6
 message  {Id=8173d5e8-b9ea-4d74-93c1-d088843559b8,FirstNumber=990,secondNumber=813}  written to file by thread pool-3-thread-2
 message  {Id=b0433627-1f41-451b-bc96-171847578676,FirstNumber=641,secondNumber=816}  added by thread pool-3-thread-6
 message  {Id=b0433627-1f41-451b-bc96-171847578676,FirstNumber=641,secondNumber=816}  written to file by thread pool-3-thread-4
 message  {Id=cbe7daf4-fab1-4187-89c9-da3f2a5181d3,FirstNumber=212,secondNumber=1006}  added by thread pool-3-thread-6
 message  {Id=cbe7daf4-fab1-4187-89c9-da3f2a5181d3,FirstNumber=212,secondNumber=1006}  written to file by thread pool-3-thread-4
 message  {Id=45acfaa1-1877-4dfa-ae7e-1ce87094c1b0,FirstNumber=33,secondNumber=1182}  added by thread pool-3-thread-6
 message  {Id=45acfaa1-1877-4dfa-ae7e-1ce87094c1b0,FirstNumber=33,secondNumber=1182}  written to file by thread pool-3-thread-5
 message  {Id=295b64d2-c8e9-4de7-be15-8205c75c5fbb,FirstNumber=409,secondNumber=813}  added by thread pool-3-thread-6
 message  {Id=295b64d2-c8e9-4de7-be15-8205c75c5fbb,FirstNumber=409,secondNumber=813}  written to file by thread pool-3-thread-5
 message  {Id=852c80cc-218e-433e-8fc4-127eb885cdea,FirstNumber=990,secondNumber=1669}  added by thread pool-3-thread-6
 message  {Id=af67e29f-f78d-4e87-94cd-a5c2fe6ba256,FirstNumber=406,secondNumber=386}  added by thread pool-3-thread-6
 message  {Id=852c80cc-218e-433e-8fc4-127eb885cdea,FirstNumber=990,secondNumber=1669}  written to file by thread pool-3-thread-2
 message  {Id=af67e29f-f78d-4e87-94cd-a5c2fe6ba256,FirstNumber=406,secondNumber=386}  written to file by thread pool-3-thread-3
 message  {Id=e19c995c-1a39-45b2-80f4-6d3b1dec0bf1,FirstNumber=257,secondNumber=231}  added by thread pool-3-thread-6
 message  {Id=e19c995c-1a39-45b2-80f4-6d3b1dec0bf1,FirstNumber=257,secondNumber=231}  written to file by thread pool-3-thread-4
 message  {Id=6002f970-8d35-4bd0-9f0c-8d8f3c5d4b39,FirstNumber=579,secondNumber=1828}  added by thread pool-3-thread-6
 message  {Id=6002f970-8d35-4bd0-9f0c-8d8f3c5d4b39,FirstNumber=579,secondNumber=1828}  written to file by thread pool-3-thread-1
 message  {Id=da3e9821-0e9a-4076-8629-e0c8c1371c74,FirstNumber=878,secondNumber=1553}  added by thread pool-3-thread-6
 message  {Id=da3e9821-0e9a-4076-8629-e0c8c1371c74,FirstNumber=878,secondNumber=1553}  written to file by thread pool-3-thread-1
 message  {Id=7d15c604-c04a-4e19-ad5b-aa7c7f282b60,FirstNumber=112,secondNumber=214}  added by thread pool-3-thread-6
 message  {Id=7d15c604-c04a-4e19-ad5b-aa7c7f282b60,FirstNumber=112,secondNumber=214}  written to file by thread pool-3-thread-2
 message  {Id=8ac81acd-4902-47ae-acd9-9a92e02a619a,FirstNumber=401,secondNumber=215}  added by thread pool-3-thread-6
 message  {Id=8ac81acd-4902-47ae-acd9-9a92e02a619a,FirstNumber=401,secondNumber=215}  written to file by thread pool-3-thread-2
 message  {Id=e027896f-5a69-4dbf-99b6-58ee7de51aeb,FirstNumber=39,secondNumber=1587}  added by thread pool-3-thread-6
 message  {Id=e027896f-5a69-4dbf-99b6-58ee7de51aeb,FirstNumber=39,secondNumber=1587}  written to file by thread pool-3-thread-4
 message  {Id=4d95da7b-6e59-4ffc-bd71-9dc0617bbb6d,FirstNumber=64,secondNumber=1175}  added by thread pool-3-thread-6
 message  {Id=4d95da7b-6e59-4ffc-bd71-9dc0617bbb6d,FirstNumber=64,secondNumber=1175}  written to file by thread pool-3-thread-5
 message  {Id=00160834-53e0-42a4-92cd-7cb1bbdf6ded,FirstNumber=662,secondNumber=285}  added by thread pool-3-thread-6
 message  {Id=00160834-53e0-42a4-92cd-7cb1bbdf6ded,FirstNumber=662,secondNumber=285}  written to file by thread pool-3-thread-1
 message  {Id=2961941e-4846-4434-a88e-41fcece97985,FirstNumber=440,secondNumber=1618}  added by thread pool-3-thread-6
 message  {Id=2961941e-4846-4434-a88e-41fcece97985,FirstNumber=440,secondNumber=1618}  written to file by thread pool-3-thread-1
 message  {Id=dd250af2-ce23-4df6-97dd-a64e4c660dd6,FirstNumber=762,secondNumber=1828}  added by thread pool-3-thread-6
 message  {Id=dd250af2-ce23-4df6-97dd-a64e4c660dd6,FirstNumber=762,secondNumber=1828}  written to file by thread pool-3-thread-1
 message  {Id=15257965-e8e1-4114-85d8-8f826c98626c,FirstNumber=122,secondNumber=1678}  added by thread pool-3-thread-6
 message  {Id=15257965-e8e1-4114-85d8-8f826c98626c,FirstNumber=122,secondNumber=1678}  written to file by thread pool-3-thread-4
 message  {Id=533e7af0-e60c-4e79-a55f-7ddc9fb319ce,FirstNumber=503,secondNumber=148}  added by thread pool-3-thread-6
 message  {Id=533e7af0-e60c-4e79-a55f-7ddc9fb319ce,FirstNumber=503,secondNumber=148}  written to file by thread pool-3-thread-4
 message  {Id=5809cf87-45ba-4720-8e8e-a50cfdc3a37b,FirstNumber=556,secondNumber=1871}  added by thread pool-3-thread-6
 message  {Id=5809cf87-45ba-4720-8e8e-a50cfdc3a37b,FirstNumber=556,secondNumber=1871}  written to file by thread pool-3-thread-3
 message  {Id=f6778be2-0fe0-4dbc-a575-b654e6332866,FirstNumber=770,secondNumber=1976}  added by thread pool-3-thread-6
 message  {Id=f6778be2-0fe0-4dbc-a575-b654e6332866,FirstNumber=770,secondNumber=1976}  written to file by thread pool-3-thread-3
 message  {Id=eac77eca-c8a5-48e9-b699-328fb7e79a7f,FirstNumber=743,secondNumber=1273}  added by thread pool-3-thread-6
 message  {Id=eac77eca-c8a5-48e9-b699-328fb7e79a7f,FirstNumber=743,secondNumber=1273}  written to file by thread pool-3-thread-1
 message  {Id=1f44c6bd-07b5-46d1-852d-b634b8901302,FirstNumber=6,secondNumber=879}  added by thread pool-3-thread-6
 message  {Id=1f44c6bd-07b5-46d1-852d-b634b8901302,FirstNumber=6,secondNumber=879}  written to file by thread pool-3-thread-1
 message  {Id=b699dc5e-d8f3-4aa4-8220-4011ed074ba0,FirstNumber=659,secondNumber=897}  added by thread pool-3-thread-6
 message  {Id=b699dc5e-d8f3-4aa4-8220-4011ed074ba0,FirstNumber=659,secondNumber=897}  written to file by thread pool-3-thread-1
 message  {Id=576b2ac2-6765-48a4-9dbd-008d5240b0c2,FirstNumber=424,secondNumber=1841}  added by thread pool-3-thread-6
 message  {Id=576b2ac2-6765-48a4-9dbd-008d5240b0c2,FirstNumber=424,secondNumber=1841}  written to file by thread pool-3-thread-2
 message  {Id=92e6abdc-df99-473a-8737-0bc4199227c1,FirstNumber=409,secondNumber=32}  added by thread pool-3-thread-6
 message  {Id=fa00d96b-d564-4ed6-bc8a-1ae18ec04fa8,FirstNumber=320,secondNumber=1903}  added by thread pool-3-thread-6
 message  {Id=92e6abdc-df99-473a-8737-0bc4199227c1,FirstNumber=409,secondNumber=32}  written to file by thread pool-3-thread-3
 message  {Id=fa00d96b-d564-4ed6-bc8a-1ae18ec04fa8,FirstNumber=320,secondNumber=1903}  written to file by thread pool-3-thread-5
 message  {Id=db758e06-50bb-4f32-8592-85612e9b4aa1,FirstNumber=224,secondNumber=1108}  added by thread pool-3-thread-6
 message  {Id=db758e06-50bb-4f32-8592-85612e9b4aa1,FirstNumber=224,secondNumber=1108}  written to file by thread pool-3-thread-5
 message  {Id=b3fc28a5-1e6c-45b5-89ed-0ea69bee17b4,FirstNumber=17,secondNumber=1702}  added by thread pool-3-thread-6
 message  {Id=b3fc28a5-1e6c-45b5-89ed-0ea69bee17b4,FirstNumber=17,secondNumber=1702}  written to file by thread pool-3-thread-1
 message  {Id=a3384095-0663-41b7-880b-00b80aa4caa5,FirstNumber=721,secondNumber=1426}  added by thread pool-3-thread-6
 message  {Id=a3384095-0663-41b7-880b-00b80aa4caa5,FirstNumber=721,secondNumber=1426}  written to file by thread pool-3-thread-2
 message  {Id=405eefbf-820d-4c98-b610-6c5b92c3a2c3,FirstNumber=173,secondNumber=421}  added by thread pool-3-thread-6
 message  {Id=405eefbf-820d-4c98-b610-6c5b92c3a2c3,FirstNumber=173,secondNumber=421}  written to file by thread pool-3-thread-2
 message  {Id=0c11d548-aca9-4dad-b99e-922db8789646,FirstNumber=498,secondNumber=1}  added by thread pool-3-thread-6
 message  {Id=0c11d548-aca9-4dad-b99e-922db8789646,FirstNumber=498,secondNumber=1}  written to file by thread pool-3-thread-4
 message  {Id=73a15ef3-c654-4c6a-848d-1274016dfc82,FirstNumber=375,secondNumber=1976}  added by thread pool-3-thread-6
 message  {Id=73a15ef3-c654-4c6a-848d-1274016dfc82,FirstNumber=375,secondNumber=1976}  written to file by thread pool-3-thread-4
 message  {Id=50dd94e0-b69c-4003-a00e-a4cdfca7cdf6,FirstNumber=148,secondNumber=728}  added by thread pool-3-thread-6
 message  {Id=50dd94e0-b69c-4003-a00e-a4cdfca7cdf6,FirstNumber=148,secondNumber=728}  written to file by thread pool-3-thread-1
 message  {Id=4d0e9ed7-b1f8-4b8d-8011-320c8b4a5b98,FirstNumber=796,secondNumber=396}  added by thread pool-3-thread-6
 message  {Id=4d0e9ed7-b1f8-4b8d-8011-320c8b4a5b98,FirstNumber=796,secondNumber=396}  written to file by thread pool-3-thread-3
 message  {Id=4219b4a5-9fbc-426d-85c9-212ef9a089ec,FirstNumber=799,secondNumber=1297}  added by thread pool-3-thread-6
 message  {Id=6bf60b2f-269f-4d99-b84d-b89499efd2eb,FirstNumber=681,secondNumber=1232}  added by thread pool-3-thread-6
 message  {Id=4219b4a5-9fbc-426d-85c9-212ef9a089ec,FirstNumber=799,secondNumber=1297}  written to file by thread pool-3-thread-2
 message  {Id=6bf60b2f-269f-4d99-b84d-b89499efd2eb,FirstNumber=681,secondNumber=1232}  written to file by thread pool-3-thread-5
 message  {Id=a506a510-1e2e-45d0-b57d-792227cd3de2,FirstNumber=403,secondNumber=869}  added by thread pool-3-thread-6
 message  {Id=a506a510-1e2e-45d0-b57d-792227cd3de2,FirstNumber=403,secondNumber=869}  written to file by thread pool-3-thread-5
 message  {Id=8a1ef82a-772d-4da2-a27f-def10b6466de,FirstNumber=872,secondNumber=1461}  added by thread pool-3-thread-6
 message  {Id=8a1ef82a-772d-4da2-a27f-def10b6466de,FirstNumber=872,secondNumber=1461}  written to file by thread pool-3-thread-1
 message  {Id=097b0916-348e-4b6a-8377-66650876a6b1,FirstNumber=184,secondNumber=1366}  added by thread pool-3-thread-6
 message  {Id=097b0916-348e-4b6a-8377-66650876a6b1,FirstNumber=184,secondNumber=1366}  written to file by thread pool-3-thread-1
 message  {Id=4e8e79fd-3730-4d01-a122-780bd8731008,FirstNumber=393,secondNumber=1668}  added by thread pool-3-thread-6
 message  {Id=4e8e79fd-3730-4d01-a122-780bd8731008,FirstNumber=393,secondNumber=1668}  written to file by thread pool-3-thread-2
 message  {Id=aa37b1ac-b4df-4e68-8953-adf5f4d53a2a,FirstNumber=824,secondNumber=913}  added by thread pool-3-thread-6
 message  {Id=aa37b1ac-b4df-4e68-8953-adf5f4d53a2a,FirstNumber=824,secondNumber=913}  written to file by thread pool-3-thread-2
 message  {Id=57ab5c32-2ada-4787-b9a7-a21f3dcc0054,FirstNumber=165,secondNumber=1891}  added by thread pool-3-thread-6
 message  {Id=57ab5c32-2ada-4787-b9a7-a21f3dcc0054,FirstNumber=165,secondNumber=1891}  written to file by thread pool-3-thread-5
 message  {Id=7a41fe17-07c6-4976-802b-055880cd2cc8,FirstNumber=974,secondNumber=665}  added by thread pool-3-thread-6
 message  {Id=7a41fe17-07c6-4976-802b-055880cd2cc8,FirstNumber=974,secondNumber=665}  written to file by thread pool-3-thread-3
 message  {Id=1c9e25b4-2793-4e22-9159-0709fb286daa,FirstNumber=485,secondNumber=1430}  added by thread pool-3-thread-6
 message  {Id=1c9e25b4-2793-4e22-9159-0709fb286daa,FirstNumber=485,secondNumber=1430}  written to file by thread pool-3-thread-1
 message  {Id=0e09e609-10f3-463a-9a7d-3017931cbd70,FirstNumber=657,secondNumber=1160}  added by thread pool-3-thread-6
 message  {Id=0e09e609-10f3-463a-9a7d-3017931cbd70,FirstNumber=657,secondNumber=1160}  written to file by thread pool-3-thread-1
 message  {Id=4b7548af-ea23-4a80-8559-cd62d6b3a9e8,FirstNumber=456,secondNumber=1292}  added by thread pool-3-thread-6
 message  {Id=4b7548af-ea23-4a80-8559-cd62d6b3a9e8,FirstNumber=456,secondNumber=1292}  written to file by thread pool-3-thread-1
 message  {Id=97c70cbc-d6e8-4bfd-bbf9-a0194a28f0ba,FirstNumber=322,secondNumber=749}  added by thread pool-3-thread-6
 message  {Id=97c70cbc-d6e8-4bfd-bbf9-a0194a28f0ba,FirstNumber=322,secondNumber=749}  written to file by thread pool-3-thread-5
 message  {Id=93cbd908-b7f5-4d4d-9ad1-a3c6fe1c6f28,FirstNumber=694,secondNumber=1270}  added by thread pool-3-thread-6
 message  {Id=93cbd908-b7f5-4d4d-9ad1-a3c6fe1c6f28,FirstNumber=694,secondNumber=1270}  written to file by thread pool-3-thread-3
 message  {Id=b5cd448b-72e0-4a2a-b20b-246037bd1280,FirstNumber=140,secondNumber=1697}  added by thread pool-3-thread-6
 message  {Id=b5cd448b-72e0-4a2a-b20b-246037bd1280,FirstNumber=140,secondNumber=1697}  written to file by thread pool-3-thread-4
 message  {Id=f7aeea55-89db-4353-ac94-9b0b2e5ce9a4,FirstNumber=594,secondNumber=1861}  added by thread pool-3-thread-6
 message  {Id=f7aeea55-89db-4353-ac94-9b0b2e5ce9a4,FirstNumber=594,secondNumber=1861}  written to file by thread pool-3-thread-4
 message  {Id=707b8dc1-68e1-41ca-a8ac-6a141d86acb4,FirstNumber=3,secondNumber=1756}  added by thread pool-3-thread-6
 message  {Id=707b8dc1-68e1-41ca-a8ac-6a141d86acb4,FirstNumber=3,secondNumber=1756}  written to file by thread pool-3-thread-1
 message  {Id=196f2c31-be29-49e9-8085-c1042e062abe,FirstNumber=582,secondNumber=640}  added by thread pool-3-thread-6
 message  {Id=196f2c31-be29-49e9-8085-c1042e062abe,FirstNumber=582,secondNumber=640}  written to file by thread pool-3-thread-5
 message  {Id=70caf952-4524-4362-9622-4dc343c27b4f,FirstNumber=265,secondNumber=1495}  added by thread pool-3-thread-6
 message  {Id=70caf952-4524-4362-9622-4dc343c27b4f,FirstNumber=265,secondNumber=1495}  written to file by thread pool-3-thread-5
 message  {Id=95b416c9-656b-4d5c-9011-5c701e71b433,FirstNumber=937,secondNumber=1851}  added by thread pool-3-thread-6
 message  {Id=95b416c9-656b-4d5c-9011-5c701e71b433,FirstNumber=937,secondNumber=1851}  written to file by thread pool-3-thread-2
 message  {Id=aa67b953-5c9b-490b-8b7d-53b4e7fed5c7,FirstNumber=629,secondNumber=1914}  added by thread pool-3-thread-6
 message  {Id=9b70ed30-787c-4942-94b4-5799ad5a6af5,FirstNumber=143,secondNumber=1633}  added by thread pool-3-thread-6
 message  {Id=aa67b953-5c9b-490b-8b7d-53b4e7fed5c7,FirstNumber=629,secondNumber=1914}  written to file by thread pool-3-thread-4
 message  {Id=9b70ed30-787c-4942-94b4-5799ad5a6af5,FirstNumber=143,secondNumber=1633}  written to file by thread pool-3-thread-1
 message  {Id=e92f3172-322e-4117-916c-38f7ac369ea0,FirstNumber=432,secondNumber=1478}  added by thread pool-3-thread-6
 message  {Id=e92f3172-322e-4117-916c-38f7ac369ea0,FirstNumber=432,secondNumber=1478}  written to file by thread pool-3-thread-1
 message  {Id=b3947fa1-5915-47cf-9146-516989577210,FirstNumber=838,secondNumber=623}  added by thread pool-3-thread-6
 message  {Id=b3947fa1-5915-47cf-9146-516989577210,FirstNumber=838,secondNumber=623}  written to file by thread pool-3-thread-5
 message  {Id=3d1cf758-eaaa-47af-8464-b85a377a0659,FirstNumber=578,secondNumber=1658}  added by thread pool-3-thread-6
 message  {Id=3d1cf758-eaaa-47af-8464-b85a377a0659,FirstNumber=578,secondNumber=1658}  written to file by thread pool-3-thread-2
 message  {Id=22f49fe0-0f26-4678-aeb0-194416c1391a,FirstNumber=716,secondNumber=1382}  added by thread pool-3-thread-6
 message  {Id=22f49fe0-0f26-4678-aeb0-194416c1391a,FirstNumber=716,secondNumber=1382}  written to file by thread pool-3-thread-4
 message  {Id=2c21dff9-3163-48ff-8286-6c07bf7281ab,FirstNumber=135,secondNumber=1452}  added by thread pool-3-thread-6
 message  {Id=2c21dff9-3163-48ff-8286-6c07bf7281ab,FirstNumber=135,secondNumber=1452}  written to file by thread pool-3-thread-4
 message  {Id=85dab814-a7cd-4dcc-a89b-6ee1d257250e,FirstNumber=547,secondNumber=1227}  added by thread pool-3-thread-6
 message  {Id=85dab814-a7cd-4dcc-a89b-6ee1d257250e,FirstNumber=547,secondNumber=1227}  written to file by thread pool-3-thread-1
 message  {Id=a59c09bc-c8db-478c-a3f1-261e62dad4e1,FirstNumber=437,secondNumber=1619}  added by thread pool-3-thread-6
 message  {Id=a59c09bc-c8db-478c-a3f1-261e62dad4e1,FirstNumber=437,secondNumber=1619}  written to file by thread pool-3-thread-1
 message  {Id=0a58a622-f4bf-45c7-a385-2d3e6bd487b5,FirstNumber=255,secondNumber=455}  added by thread pool-3-thread-6
 message  {Id=0a58a622-f4bf-45c7-a385-2d3e6bd487b5,FirstNumber=255,secondNumber=455}  written to file by thread pool-3-thread-1
 message  {Id=3a67ed73-3035-44c3-9045-ab5f3509fb99,FirstNumber=2,secondNumber=828}  added by thread pool-3-thread-6
 message  {Id=68d910aa-eb8e-462c-b9f8-f6e6ef8fb2fa,FirstNumber=667,secondNumber=807}  added by thread pool-3-thread-6
 message  {Id=3a67ed73-3035-44c3-9045-ab5f3509fb99,FirstNumber=2,secondNumber=828}  written to file by thread pool-3-thread-3
 message  {Id=68d910aa-eb8e-462c-b9f8-f6e6ef8fb2fa,FirstNumber=667,secondNumber=807}  written to file by thread pool-3-thread-4
 message  {Id=53a4bf4b-0330-447b-8ebd-59e5788517a9,FirstNumber=363,secondNumber=970}  added by thread pool-3-thread-6
 message  {Id=13da1541-ca71-42ec-a051-c915f6411a4b,FirstNumber=110,secondNumber=110}  added by thread pool-3-thread-6
 message  {Id=53a4bf4b-0330-447b-8ebd-59e5788517a9,FirstNumber=363,secondNumber=970}  written to file by thread pool-3-thread-5
 message  {Id=13da1541-ca71-42ec-a051-c915f6411a4b,FirstNumber=110,secondNumber=110}  written to file by thread pool-3-thread-2
 message  {Id=01714c68-3530-40f7-a50c-3f687ca788ec,FirstNumber=229,secondNumber=207}  added by thread pool-3-thread-6
 message  {Id=3e62364b-e27c-4800-b34c-12a6ddf55672,FirstNumber=141,secondNumber=1559}  added by thread pool-3-thread-6
 message  {Id=01714c68-3530-40f7-a50c-3f687ca788ec,FirstNumber=229,secondNumber=207}  written to file by thread pool-3-thread-1
 message  {Id=fd08b4e0-a68e-4e00-89d9-0e567b02ccf8,FirstNumber=497,secondNumber=1670}  added by thread pool-3-thread-6
 message  {Id=3e62364b-e27c-4800-b34c-12a6ddf55672,FirstNumber=141,secondNumber=1559}  written to file by thread pool-3-thread-3
 message  {Id=fd08b4e0-a68e-4e00-89d9-0e567b02ccf8,FirstNumber=497,secondNumber=1670}  written to file by thread pool-3-thread-4
 message  {Id=8c608cd0-fab5-4e28-9547-2d46ed97fbb4,FirstNumber=317,secondNumber=1901}  added by thread pool-3-thread-6
 message  {Id=8c608cd0-fab5-4e28-9547-2d46ed97fbb4,FirstNumber=317,secondNumber=1901}  written to file by thread pool-3-thread-4
 message  {Id=9773c07a-734f-45b7-ba8d-3029813f049f,FirstNumber=824,secondNumber=1284}  added by thread pool-3-thread-6
 message  {Id=9773c07a-734f-45b7-ba8d-3029813f049f,FirstNumber=824,secondNumber=1284}  written to file by thread pool-3-thread-2
 message  {Id=af15d8f9-76f6-4461-912a-c34ca665854e,FirstNumber=723,secondNumber=235}  added by thread pool-3-thread-6
 message  {Id=af15d8f9-76f6-4461-912a-c34ca665854e,FirstNumber=723,secondNumber=235}  written to file by thread pool-3-thread-2
 message  {Id=3543bc0b-fdfb-4fa3-befd-fea7a5d96642,FirstNumber=603,secondNumber=1254}  added by thread pool-3-thread-6
 message  {Id=ac472e42-1af6-4a6c-94fd-604bcd1b53c9,FirstNumber=16,secondNumber=1409}  added by thread pool-3-thread-6
 message  {Id=3543bc0b-fdfb-4fa3-befd-fea7a5d96642,FirstNumber=603,secondNumber=1254}  written to file by thread pool-3-thread-3
 message  {Id=ac472e42-1af6-4a6c-94fd-604bcd1b53c9,FirstNumber=16,secondNumber=1409}  written to file by thread pool-3-thread-5
 message  {Id=026dc37b-7431-46e6-803e-53c5c64a5c75,FirstNumber=82,secondNumber=170}  added by thread pool-3-thread-6
 message  {Id=026dc37b-7431-46e6-803e-53c5c64a5c75,FirstNumber=82,secondNumber=170}  written to file by thread pool-3-thread-4
 message  {Id=07a24383-7a66-4ca1-a029-7bfca82088a3,FirstNumber=599,secondNumber=1634}  added by thread pool-3-thread-6
 message  {Id=07a24383-7a66-4ca1-a029-7bfca82088a3,FirstNumber=599,secondNumber=1634}  written to file by thread pool-3-thread-4
 message  {Id=17a2bdce-5cf9-44f3-a3c9-7b1e841c47dc,FirstNumber=499,secondNumber=1553}  added by thread pool-3-thread-6
 message  {Id=17a2bdce-5cf9-44f3-a3c9-7b1e841c47dc,FirstNumber=499,secondNumber=1553}  written to file by thread pool-3-thread-2
 message  {Id=920f957c-e0b7-472e-b9ff-678a5da4e721,FirstNumber=515,secondNumber=907}  added by thread pool-3-thread-6
 message  {Id=920f957c-e0b7-472e-b9ff-678a5da4e721,FirstNumber=515,secondNumber=907}  written to file by thread pool-3-thread-2
 message  {Id=839bb799-6755-48b7-9858-06e5b0d46b27,FirstNumber=624,secondNumber=1262}  added by thread pool-3-thread-6
 message  {Id=839bb799-6755-48b7-9858-06e5b0d46b27,FirstNumber=624,secondNumber=1262}  written to file by thread pool-3-thread-5
 message  {Id=1ff3a21d-8ab4-4afd-b6e6-0dc897547d28,FirstNumber=590,secondNumber=1642}  added by thread pool-3-thread-6
 message  {Id=1ff3a21d-8ab4-4afd-b6e6-0dc897547d28,FirstNumber=590,secondNumber=1642}  written to file by thread pool-3-thread-5
 message  {Id=696d6871-713f-4592-9b31-95fe33ee660a,FirstNumber=904,secondNumber=1399}  added by thread pool-3-thread-6
 message  {Id=696d6871-713f-4592-9b31-95fe33ee660a,FirstNumber=904,secondNumber=1399}  written to file by thread pool-3-thread-4
 message  {Id=4c53a666-e0c6-4b19-a1f3-3577fc063783,FirstNumber=99,secondNumber=653}  added by thread pool-3-thread-6
 message  {Id=4c53a666-e0c6-4b19-a1f3-3577fc063783,FirstNumber=99,secondNumber=653}  written to file by thread pool-3-thread-4
 message  {Id=9fd63d2a-60dc-4c25-861e-f7a30b03a304,FirstNumber=260,secondNumber=1420}  added by thread pool-3-thread-6
 message  {Id=e313a779-f99a-41ac-9212-9b2027bce50c,FirstNumber=631,secondNumber=1903}  added by thread pool-3-thread-6
 message  {Id=9fd63d2a-60dc-4c25-861e-f7a30b03a304,FirstNumber=260,secondNumber=1420}  written to file by thread pool-3-thread-2
 message  {Id=e313a779-f99a-41ac-9212-9b2027bce50c,FirstNumber=631,secondNumber=1903}  written to file by thread pool-3-thread-1
 message  {Id=df9990e4-0778-4b37-93cf-1746f388acbf,FirstNumber=668,secondNumber=478}  added by thread pool-3-thread-6
 message  {Id=df9990e4-0778-4b37-93cf-1746f388acbf,FirstNumber=668,secondNumber=478}  written to file by thread pool-3-thread-1
 message  {Id=02547334-3c44-44c7-9ca8-0b6b6564e469,FirstNumber=848,secondNumber=1705}  added by thread pool-3-thread-6
 message  {Id=02547334-3c44-44c7-9ca8-0b6b6564e469,FirstNumber=848,secondNumber=1705}  written to file by thread pool-3-thread-3
 message  {Id=46b9a1e1-5e0f-442c-b39e-f4cde9fca472,FirstNumber=229,secondNumber=570}  added by thread pool-3-thread-6
 message  {Id=46b9a1e1-5e0f-442c-b39e-f4cde9fca472,FirstNumber=229,secondNumber=570}  written to file by thread pool-3-thread-3
 message  {Id=8001276b-8a34-4e50-b40d-4a6e072fe1d9,FirstNumber=728,secondNumber=576}  added by thread pool-3-thread-6
 message  {Id=8001276b-8a34-4e50-b40d-4a6e072fe1d9,FirstNumber=728,secondNumber=576}  written to file by thread pool-3-thread-3
 message  {Id=79afbdf6-8f6a-4ac7-b389-c74d8b2ab0ed,FirstNumber=764,secondNumber=1654}  added by thread pool-3-thread-6
 message  {Id=79afbdf6-8f6a-4ac7-b389-c74d8b2ab0ed,FirstNumber=764,secondNumber=1654}  written to file by thread pool-3-thread-5
 message  {Id=52713efa-a906-44a5-a66f-c06292f46d45,FirstNumber=913,secondNumber=1152}  added by thread pool-3-thread-6
 message  {Id=52713efa-a906-44a5-a66f-c06292f46d45,FirstNumber=913,secondNumber=1152}  written to file by thread pool-3-thread-1
 message  {Id=e6e3a692-1f7c-486e-886f-40c6680eb128,FirstNumber=810,secondNumber=1236}  added by thread pool-3-thread-6
 message  {Id=e6e3a692-1f7c-486e-886f-40c6680eb128,FirstNumber=810,secondNumber=1236}  written to file by thread pool-3-thread-4
 message  {Id=c444d974-5eeb-4ea5-a07f-5c04c1553ce1,FirstNumber=978,secondNumber=757}  added by thread pool-3-thread-6
 message  {Id=c444d974-5eeb-4ea5-a07f-5c04c1553ce1,FirstNumber=978,secondNumber=757}  written to file by thread pool-3-thread-2
 message  {Id=9e7fc692-f7c0-4fd3-838a-ab4f37f1f56e,FirstNumber=905,secondNumber=213}  added by thread pool-3-thread-6
 message  {Id=7843377a-5b20-4ccf-9fe7-a2f660afacf9,FirstNumber=930,secondNumber=799}  added by thread pool-3-thread-6
 message  {Id=9e7fc692-f7c0-4fd3-838a-ab4f37f1f56e,FirstNumber=905,secondNumber=213}  written to file by thread pool-3-thread-3
 message  {Id=7843377a-5b20-4ccf-9fe7-a2f660afacf9,FirstNumber=930,secondNumber=799}  written to file by thread pool-3-thread-5
 message  {Id=bce87be8-300e-4dc5-8818-d6a84da2a250,FirstNumber=558,secondNumber=1048}  added by thread pool-3-thread-6
 message  {Id=bce87be8-300e-4dc5-8818-d6a84da2a250,FirstNumber=558,secondNumber=1048}  written to file by thread pool-3-thread-1
 message  {Id=73561817-7b63-4e0e-8d98-1dcbbd124825,FirstNumber=314,secondNumber=934}  added by thread pool-3-thread-6
 message  {Id=73561817-7b63-4e0e-8d98-1dcbbd124825,FirstNumber=314,secondNumber=934}  written to file by thread pool-3-thread-4
 message  {Id=60ab8970-28f1-4818-b10d-73bec09bd410,FirstNumber=187,secondNumber=316}  added by thread pool-3-thread-6
 message  {Id=60ab8970-28f1-4818-b10d-73bec09bd410,FirstNumber=187,secondNumber=316}  written to file by thread pool-3-thread-2
 message  {Id=7451fd23-112a-4ac8-a580-c5a1c3791741,FirstNumber=287,secondNumber=1943}  added by thread pool-3-thread-6
 message  {Id=7451fd23-112a-4ac8-a580-c5a1c3791741,FirstNumber=287,secondNumber=1943}  written to file by thread pool-3-thread-2
 message  {Id=09b1be89-c504-497c-b2be-ba7e59717d7b,FirstNumber=745,secondNumber=101}  added by thread pool-3-thread-6
 message  {Id=09b1be89-c504-497c-b2be-ba7e59717d7b,FirstNumber=745,secondNumber=101}  written to file by thread pool-3-thread-5
 message  {Id=ed7b4a0b-5b9b-4c74-97dd-84a8353325bc,FirstNumber=335,secondNumber=1757}  added by thread pool-3-thread-6
 message  {Id=ed7b4a0b-5b9b-4c74-97dd-84a8353325bc,FirstNumber=335,secondNumber=1757}  written to file by thread pool-3-thread-5
 message  {Id=139304db-56cc-42df-99b7-6b045d96a467,FirstNumber=28,secondNumber=82}  added by thread pool-3-thread-6
 message  {Id=139304db-56cc-42df-99b7-6b045d96a467,FirstNumber=28,secondNumber=82}  written to file by thread pool-3-thread-4
 message  {Id=5e496d12-175f-4a17-b5aa-e39443468e96,FirstNumber=400,secondNumber=1123}  added by thread pool-3-thread-6
 message  {Id=5e496d12-175f-4a17-b5aa-e39443468e96,FirstNumber=400,secondNumber=1123}  written to file by thread pool-3-thread-4
 message  {Id=27b67329-5a28-413e-92eb-38bda80dece0,FirstNumber=42,secondNumber=1744}  added by thread pool-3-thread-6
 message  {Id=f1872621-3b50-4761-b2dc-dd0a20f6f851,FirstNumber=58,secondNumber=884}  added by thread pool-3-thread-6
 message  {Id=27b67329-5a28-413e-92eb-38bda80dece0,FirstNumber=42,secondNumber=1744}  written to file by thread pool-3-thread-2
 message  {Id=f1872621-3b50-4761-b2dc-dd0a20f6f851,FirstNumber=58,secondNumber=884}  written to file by thread pool-3-thread-1
 message  {Id=bb5aae21-99f7-4b89-9bbc-be2a6dbff861,FirstNumber=342,secondNumber=1921}  added by thread pool-3-thread-6
 message  {Id=bb5aae21-99f7-4b89-9bbc-be2a6dbff861,FirstNumber=342,secondNumber=1921}  written to file by thread pool-3-thread-1
 message  {Id=993f65fc-d17f-43a8-9230-a6716b3d8832,FirstNumber=129,secondNumber=1184}  added by thread pool-3-thread-6
 message  {Id=993f65fc-d17f-43a8-9230-a6716b3d8832,FirstNumber=129,secondNumber=1184}  written to file by thread pool-3-thread-3
 message  {Id=27b4f5f9-e31f-4742-820f-3120eb89a49e,FirstNumber=241,secondNumber=1092}  added by thread pool-3-thread-6
 message  {Id=27b4f5f9-e31f-4742-820f-3120eb89a49e,FirstNumber=241,secondNumber=1092}  written to file by thread pool-3-thread-4
 message  {Id=5e7901ae-ad99-4fbb-acf2-14db45c73671,FirstNumber=104,secondNumber=1591}  added by thread pool-3-thread-6
 message  {Id=5e7901ae-ad99-4fbb-acf2-14db45c73671,FirstNumber=104,secondNumber=1591}  written to file by thread pool-3-thread-2
 message  {Id=02dc9090-8dbf-43a4-ab8c-5aaff27f2e83,FirstNumber=205,secondNumber=602}  added by thread pool-3-thread-6
 message  {Id=02dc9090-8dbf-43a4-ab8c-5aaff27f2e83,FirstNumber=205,secondNumber=602}  written to file by thread pool-3-thread-2
 message  {Id=1aae1de6-107d-495f-920b-ea3b26bae1df,FirstNumber=968,secondNumber=814}  added by thread pool-3-thread-6
 message  {Id=1aae1de6-107d-495f-920b-ea3b26bae1df,FirstNumber=968,secondNumber=814}  written to file by thread pool-3-thread-1
 message  {Id=4bb9b7a7-9e4a-49b1-ac6b-5670775e370a,FirstNumber=200,secondNumber=1413}  added by thread pool-3-thread-6
 message  {Id=4bb9b7a7-9e4a-49b1-ac6b-5670775e370a,FirstNumber=200,secondNumber=1413}  written to file by thread pool-3-thread-1
 message  {Id=b5c54f67-b4a7-4f8f-94c2-b595c345a4dc,FirstNumber=569,secondNumber=540}  added by thread pool-3-thread-6
 message  {Id=b5c54f67-b4a7-4f8f-94c2-b595c345a4dc,FirstNumber=569,secondNumber=540}  written to file by thread pool-3-thread-1
 message  {Id=ce168bcb-e7fc-4044-930e-c9325a4ed7fe,FirstNumber=388,secondNumber=1534}  added by thread pool-3-thread-6
 message  {Id=40398cc6-6cbe-4a40-8f17-64790a935b10,FirstNumber=18,secondNumber=412}  added by thread pool-3-thread-6
 message  {Id=ce168bcb-e7fc-4044-930e-c9325a4ed7fe,FirstNumber=388,secondNumber=1534}  written to file by thread pool-3-thread-5
 message  {Id=40398cc6-6cbe-4a40-8f17-64790a935b10,FirstNumber=18,secondNumber=412}  written to file by thread pool-3-thread-2
 message  {Id=3a02e1c9-7b98-49e6-b274-9a1032b13cbe,FirstNumber=594,secondNumber=1488}  added by thread pool-3-thread-6
 message  {Id=3a02e1c9-7b98-49e6-b274-9a1032b13cbe,FirstNumber=594,secondNumber=1488}  written to file by thread pool-3-thread-3
 message  {Id=952d51bf-bc14-4e74-a1bb-bf1451488903,FirstNumber=879,secondNumber=545}  added by thread pool-3-thread-6
 message  {Id=952d51bf-bc14-4e74-a1bb-bf1451488903,FirstNumber=879,secondNumber=545}  written to file by thread pool-3-thread-4
 message  {Id=06c2b84e-e0ba-497a-883e-94ab11422da1,FirstNumber=987,secondNumber=1009}  added by thread pool-3-thread-6
 message  {Id=06c2b84e-e0ba-497a-883e-94ab11422da1,FirstNumber=987,secondNumber=1009}  written to file by thread pool-3-thread-1
 message  {Id=0235fc9a-e75d-43df-af2f-3ab78753b293,FirstNumber=79,secondNumber=1265}  added by thread pool-3-thread-6
 message  {Id=0235fc9a-e75d-43df-af2f-3ab78753b293,FirstNumber=79,secondNumber=1265}  written to file by thread pool-3-thread-5
 message  {Id=e0c86cf3-2ac4-441d-9ef9-69c479749ddc,FirstNumber=624,secondNumber=1628}  added by thread pool-3-thread-6
 message  {Id=e0c86cf3-2ac4-441d-9ef9-69c479749ddc,FirstNumber=624,secondNumber=1628}  written to file by thread pool-3-thread-5
 message  {Id=8aebc7c3-bce9-4aa4-a2d8-bff1912526ed,FirstNumber=584,secondNumber=1931}  added by thread pool-3-thread-6
 message  {Id=8aebc7c3-bce9-4aa4-a2d8-bff1912526ed,FirstNumber=584,secondNumber=1931}  written to file by thread pool-3-thread-3
 message  {Id=49b04ba8-5877-4a3e-97ee-85151fe6116b,FirstNumber=284,secondNumber=935}  added by thread pool-3-thread-6
 message  {Id=49b04ba8-5877-4a3e-97ee-85151fe6116b,FirstNumber=284,secondNumber=935}  written to file by thread pool-3-thread-4
 message  {Id=477c1488-2f49-4ec6-bb8d-f44369b4d118,FirstNumber=341,secondNumber=220}  added by thread pool-3-thread-6
 message  {Id=477c1488-2f49-4ec6-bb8d-f44369b4d118,FirstNumber=341,secondNumber=220}  written to file by thread pool-3-thread-1
 message  {Id=aef3ba43-9c79-417d-8302-0640c5e7425f,FirstNumber=14,secondNumber=1873}  added by thread pool-3-thread-6
 message  {Id=3125a4df-ddcb-441e-96f8-80a890a51706,FirstNumber=79,secondNumber=1805}  added by thread pool-3-thread-6
 message  {Id=aef3ba43-9c79-417d-8302-0640c5e7425f,FirstNumber=14,secondNumber=1873}  written to file by thread pool-3-thread-2
 message  {Id=3125a4df-ddcb-441e-96f8-80a890a51706,FirstNumber=79,secondNumber=1805}  written to file by thread pool-3-thread-5
 message  {Id=29a39032-2f3d-4de3-bb0e-8bdfb341e7a5,FirstNumber=503,secondNumber=656}  added by thread pool-3-thread-6
 message  {Id=29a39032-2f3d-4de3-bb0e-8bdfb341e7a5,FirstNumber=503,secondNumber=656}  written to file by thread pool-3-thread-3
 message  {Id=4a9d5a70-0f7c-4681-af72-36fd0548e28e,FirstNumber=140,secondNumber=703}  added by thread pool-3-thread-6
 message  {Id=4a9d5a70-0f7c-4681-af72-36fd0548e28e,FirstNumber=140,secondNumber=703}  written to file by thread pool-3-thread-4
 message  {Id=2217076e-5a2e-4093-bfe2-29ee56f7af55,FirstNumber=244,secondNumber=1236}  added by thread pool-3-thread-6
 message  {Id=2217076e-5a2e-4093-bfe2-29ee56f7af55,FirstNumber=244,secondNumber=1236}  written to file by thread pool-3-thread-1
 message  {Id=2b41fcdc-8eb5-4cdb-93a0-a7bc72352d55,FirstNumber=880,secondNumber=1940}  added by thread pool-3-thread-6
 message  {Id=2b41fcdc-8eb5-4cdb-93a0-a7bc72352d55,FirstNumber=880,secondNumber=1940}  written to file by thread pool-3-thread-2
 message  {Id=91ce1a05-dbe3-4a0e-9d8c-95c8c37d8105,FirstNumber=183,secondNumber=965}  added by thread pool-3-thread-6
 message  {Id=91ce1a05-dbe3-4a0e-9d8c-95c8c37d8105,FirstNumber=183,secondNumber=965}  written to file by thread pool-3-thread-2
 message  {Id=32d677e2-87b9-42a3-8ea0-a8b2a3bcb477,FirstNumber=473,secondNumber=158}  added by thread pool-3-thread-6
 message  {Id=32d677e2-87b9-42a3-8ea0-a8b2a3bcb477,FirstNumber=473,secondNumber=158}  written to file by thread pool-3-thread-3
 message  {Id=8e6ad4dd-07a9-40b8-b697-0769335efc16,FirstNumber=909,secondNumber=1441}  added by thread pool-3-thread-6
 message  {Id=8e6ad4dd-07a9-40b8-b697-0769335efc16,FirstNumber=909,secondNumber=1441}  written to file by thread pool-3-thread-4
 message  {Id=8b548a56-49ce-4497-89ef-ceb9cf96c250,FirstNumber=984,secondNumber=34}  added by thread pool-3-thread-6
 message  {Id=8b548a56-49ce-4497-89ef-ceb9cf96c250,FirstNumber=984,secondNumber=34}  written to file by thread pool-3-thread-1
 message  {Id=f9b62542-8007-4db4-afff-fb7911ebb6e9,FirstNumber=907,secondNumber=1067}  added by thread pool-3-thread-6
 message  {Id=f9b62542-8007-4db4-afff-fb7911ebb6e9,FirstNumber=907,secondNumber=1067}  written to file by thread pool-3-thread-1
 message  {Id=9e5b8ffa-3ce4-4904-926a-23649f4c0ed5,FirstNumber=901,secondNumber=1724}  added by thread pool-3-thread-6
 message  {Id=9e5b8ffa-3ce4-4904-926a-23649f4c0ed5,FirstNumber=901,secondNumber=1724}  written to file by thread pool-3-thread-1
 message  {Id=53b419dd-084e-4eaf-9a5e-abf3cbdb9a03,FirstNumber=287,secondNumber=1002}  added by thread pool-3-thread-6
 message  {Id=53b419dd-084e-4eaf-9a5e-abf3cbdb9a03,FirstNumber=287,secondNumber=1002}  written to file by thread pool-3-thread-3
 message  {Id=17b71e28-4e80-4a4a-a615-b643b164d188,FirstNumber=229,secondNumber=1854}  added by thread pool-3-thread-6
 message  {Id=17b71e28-4e80-4a4a-a615-b643b164d188,FirstNumber=229,secondNumber=1854}  written to file by thread pool-3-thread-4
 message  {Id=bd125b78-0cd3-41bd-9c66-cf6db6d517d2,FirstNumber=986,secondNumber=264}  added by thread pool-3-thread-6
 message  {Id=bd125b78-0cd3-41bd-9c66-cf6db6d517d2,FirstNumber=986,secondNumber=264}  written to file by thread pool-3-thread-5
 message  {Id=927ba55d-a7cc-44d9-9a6e-54c0c18e3b8d,FirstNumber=399,secondNumber=1192}  added by thread pool-3-thread-6
 message  {Id=927ba55d-a7cc-44d9-9a6e-54c0c18e3b8d,FirstNumber=399,secondNumber=1192}  written to file by thread pool-3-thread-5
 message  {Id=bf25f87a-8556-49a7-9a88-28c8ef823597,FirstNumber=363,secondNumber=1783}  added by thread pool-3-thread-6
 message  {Id=bf25f87a-8556-49a7-9a88-28c8ef823597,FirstNumber=363,secondNumber=1783}  written to file by thread pool-3-thread-1
 message  {Id=71ce3d82-54a8-4b67-959c-97e6cca11df0,FirstNumber=269,secondNumber=105}  added by thread pool-3-thread-6
 message  {Id=71ce3d82-54a8-4b67-959c-97e6cca11df0,FirstNumber=269,secondNumber=105}  written to file by thread pool-3-thread-3
 message  {Id=41d85207-cf00-444d-8cb5-46c372707b73,FirstNumber=852,secondNumber=211}  added by thread pool-3-thread-6
 message  {Id=41d85207-cf00-444d-8cb5-46c372707b73,FirstNumber=852,secondNumber=211}  written to file by thread pool-3-thread-3
 message  {Id=154943eb-7e48-41fe-9094-90a4aa59de9c,FirstNumber=714,secondNumber=852}  added by thread pool-3-thread-6
 message  {Id=154943eb-7e48-41fe-9094-90a4aa59de9c,FirstNumber=714,secondNumber=852}  written to file by thread pool-3-thread-2
 message  {Id=97ab10b4-40ba-45d3-a621-19f90ec38d3d,FirstNumber=495,secondNumber=480}  added by thread pool-3-thread-6
 message  {Id=060525a4-3963-4d9f-a7d1-e4f373656426,FirstNumber=952,secondNumber=1539}  added by thread pool-3-thread-6
 message  {Id=97ab10b4-40ba-45d3-a621-19f90ec38d3d,FirstNumber=495,secondNumber=480}  written to file by thread pool-3-thread-5
 message  {Id=060525a4-3963-4d9f-a7d1-e4f373656426,FirstNumber=952,secondNumber=1539}  written to file by thread pool-3-thread-1
 message  {Id=a31cb54f-236d-43d4-a21e-ea314a4bd004,FirstNumber=96,secondNumber=635}  added by thread pool-3-thread-6
 message  {Id=a31cb54f-236d-43d4-a21e-ea314a4bd004,FirstNumber=96,secondNumber=635}  written to file by thread pool-3-thread-1
 message  {Id=5caca992-bf15-4931-b147-22085bcd7be0,FirstNumber=98,secondNumber=901}  added by thread pool-3-thread-6
 message  {Id=5caca992-bf15-4931-b147-22085bcd7be0,FirstNumber=98,secondNumber=901}  written to file by thread pool-3-thread-3
 message  {Id=7e221c3b-e122-4bf1-839d-8ddf5bdde78d,FirstNumber=821,secondNumber=1525}  added by thread pool-3-thread-6
 message  {Id=7e221c3b-e122-4bf1-839d-8ddf5bdde78d,FirstNumber=821,secondNumber=1525}  written to file by thread pool-3-thread-2
 message  {Id=fcd5bfab-1ae0-4859-b9d8-c0a39b80a62d,FirstNumber=795,secondNumber=935}  added by thread pool-3-thread-6
 message  {Id=fcd5bfab-1ae0-4859-b9d8-c0a39b80a62d,FirstNumber=795,secondNumber=935}  written to file by thread pool-3-thread-5
 message  {Id=2882ce99-2d63-4c59-b98b-8baf3d5e3bbb,FirstNumber=15,secondNumber=1546}  added by thread pool-3-thread-6
 message  {Id=2882ce99-2d63-4c59-b98b-8baf3d5e3bbb,FirstNumber=15,secondNumber=1546}  written to file by thread pool-3-thread-5
 message  {Id=c54d83f1-ee41-4625-9bf8-f0e86469401e,FirstNumber=132,secondNumber=1288}  added by thread pool-3-thread-6
 message  {Id=c54d83f1-ee41-4625-9bf8-f0e86469401e,FirstNumber=132,secondNumber=1288}  written to file by thread pool-3-thread-1
 message  {Id=a248d93e-27d5-4d2e-9a88-5058ba7c8cca,FirstNumber=172,secondNumber=1804}  added by thread pool-3-thread-6
 message  {Id=a248d93e-27d5-4d2e-9a88-5058ba7c8cca,FirstNumber=172,secondNumber=1804}  written to file by thread pool-3-thread-1
 message  {Id=10b75223-2d66-49f5-a6db-a3c2a8f0a891,FirstNumber=159,secondNumber=1172}  added by thread pool-3-thread-6
 message  {Id=10b75223-2d66-49f5-a6db-a3c2a8f0a891,FirstNumber=159,secondNumber=1172}  written to file by thread pool-3-thread-1
 message  {Id=c61fcffd-1e74-4594-9342-99debbc4a273,FirstNumber=508,secondNumber=682}  added by thread pool-3-thread-6
 message  {Id=b75b23c3-39fc-491c-a8cd-143e71d5caea,FirstNumber=100,secondNumber=1093}  added by thread pool-3-thread-6
 message  {Id=c61fcffd-1e74-4594-9342-99debbc4a273,FirstNumber=508,secondNumber=682}  written to file by thread pool-3-thread-4
 message  {Id=b75b23c3-39fc-491c-a8cd-143e71d5caea,FirstNumber=100,secondNumber=1093}  written to file by thread pool-3-thread-5
 message  {Id=289948d4-6230-4049-a8bc-b930c1ea2289,FirstNumber=122,secondNumber=1743}  added by thread pool-3-thread-6
 message  {Id=289948d4-6230-4049-a8bc-b930c1ea2289,FirstNumber=122,secondNumber=1743}  written to file by thread pool-3-thread-3
 message  {Id=5ee6a3c6-22ae-43bc-be54-8582c2dd5cf6,FirstNumber=17,secondNumber=488}  added by thread pool-3-thread-6
 message  {Id=5ee6a3c6-22ae-43bc-be54-8582c2dd5cf6,FirstNumber=17,secondNumber=488}  written to file by thread pool-3-thread-3
 message  {Id=f145fd57-7a88-4089-89fb-3fb40677db55,FirstNumber=574,secondNumber=390}  added by thread pool-3-thread-6
 message  {Id=f145fd57-7a88-4089-89fb-3fb40677db55,FirstNumber=574,secondNumber=390}  written to file by thread pool-3-thread-1
 message  {Id=5f9d9984-a24a-460a-a774-badc75018c08,FirstNumber=765,secondNumber=1597}  added by thread pool-3-thread-6
 message  {Id=5f9d9984-a24a-460a-a774-badc75018c08,FirstNumber=765,secondNumber=1597}  written to file by thread pool-3-thread-4
 message  {Id=77f65d25-0fae-4fe7-8fff-654fb5ea94e8,FirstNumber=191,secondNumber=703}  added by thread pool-3-thread-6
 message  {Id=77f65d25-0fae-4fe7-8fff-654fb5ea94e8,FirstNumber=191,secondNumber=703}  written to file by thread pool-3-thread-5
 message  {Id=5d626bec-318a-480c-ae16-2f4bc9888191,FirstNumber=154,secondNumber=27}  added by thread pool-3-thread-6
 message  {Id=5d626bec-318a-480c-ae16-2f4bc9888191,FirstNumber=154,secondNumber=27}  written to file by thread pool-3-thread-5
 message  {Id=01a296f3-42bc-4043-acb3-a0203dd06b1b,FirstNumber=581,secondNumber=1604}  added by thread pool-3-thread-6
 message  {Id=01a296f3-42bc-4043-acb3-a0203dd06b1b,FirstNumber=581,secondNumber=1604}  written to file by thread pool-3-thread-3
 message  {Id=cad8b9ff-8a05-41cb-97e6-0d1f20f73771,FirstNumber=135,secondNumber=1801}  added by thread pool-3-thread-6
 message  {Id=cad8b9ff-8a05-41cb-97e6-0d1f20f73771,FirstNumber=135,secondNumber=1801}  written to file by thread pool-3-thread-3
 message  {Id=92669f98-c31f-4f0b-9d21-3fb13db8e4e1,FirstNumber=975,secondNumber=1620}  added by thread pool-3-thread-6
 message  {Id=92669f98-c31f-4f0b-9d21-3fb13db8e4e1,FirstNumber=975,secondNumber=1620}  written to file by thread pool-3-thread-3
 message  {Id=518a6279-659b-43c5-a7b9-ba18f29bc7b3,FirstNumber=544,secondNumber=1884}  added by thread pool-3-thread-6
 message  {Id=518a6279-659b-43c5-a7b9-ba18f29bc7b3,FirstNumber=544,secondNumber=1884}  written to file by thread pool-3-thread-3
 message  {Id=2b44f250-de73-4264-bc41-6762565aec6e,FirstNumber=537,secondNumber=1046}  added by thread pool-3-thread-6
 message  {Id=2b44f250-de73-4264-bc41-6762565aec6e,FirstNumber=537,secondNumber=1046}  written to file by thread pool-3-thread-5
 message  {Id=63db93df-c907-4142-be30-179e6d8e6ade,FirstNumber=903,secondNumber=1776}  added by thread pool-3-thread-6
 message  {Id=63db93df-c907-4142-be30-179e6d8e6ade,FirstNumber=903,secondNumber=1776}  written to file by thread pool-3-thread-5
 message  {Id=637bd1ba-21f1-4a6e-ab47-1aa8ca248d8a,FirstNumber=201,secondNumber=811}  added by thread pool-3-thread-6
 message  {Id=637bd1ba-21f1-4a6e-ab47-1aa8ca248d8a,FirstNumber=201,secondNumber=811}  written to file by thread pool-3-thread-4
 message  {Id=920055dd-b850-4c09-a2ac-c4de732e1363,FirstNumber=486,secondNumber=978}  added by thread pool-3-thread-6
 message  {Id=920055dd-b850-4c09-a2ac-c4de732e1363,FirstNumber=486,secondNumber=978}  written to file by thread pool-3-thread-4
 message  {Id=a64d9a58-0214-44bd-a0af-30fff1c5b137,FirstNumber=372,secondNumber=69}  added by thread pool-3-thread-6
 message  {Id=a64d9a58-0214-44bd-a0af-30fff1c5b137,FirstNumber=372,secondNumber=69}  written to file by thread pool-3-thread-3
 message  {Id=f1a81816-c515-4492-9bee-71e2d0076f72,FirstNumber=534,secondNumber=1017}  added by thread pool-3-thread-6
 message  {Id=f1a81816-c515-4492-9bee-71e2d0076f72,FirstNumber=534,secondNumber=1017}  written to file by thread pool-3-thread-3
 message  {Id=fb0f23a8-16e4-432a-963e-07fcc89c224c,FirstNumber=489,secondNumber=1432}  added by thread pool-3-thread-6
 message  {Id=fb0f23a8-16e4-432a-963e-07fcc89c224c,FirstNumber=489,secondNumber=1432}  written to file by thread pool-3-thread-5
 message  {Id=01e0fdef-960f-423a-8f4d-14b3fc850ebb,FirstNumber=919,secondNumber=757}  added by thread pool-3-thread-6
 message  {Id=01e0fdef-960f-423a-8f4d-14b3fc850ebb,FirstNumber=919,secondNumber=757}  written to file by thread pool-3-thread-2
 message  {Id=1c1c3aab-3928-430b-9747-252e4a90de7c,FirstNumber=318,secondNumber=1503}  added by thread pool-3-thread-6
 message  {Id=bb4c1ab6-0aaf-4319-9c08-ffa1e2633ca1,FirstNumber=961,secondNumber=1174}  added by thread pool-3-thread-6
 message  {Id=1c1c3aab-3928-430b-9747-252e4a90de7c,FirstNumber=318,secondNumber=1503}  written to file by thread pool-3-thread-4
 message  {Id=bb4c1ab6-0aaf-4319-9c08-ffa1e2633ca1,FirstNumber=961,secondNumber=1174}  written to file by thread pool-3-thread-1
 message  {Id=60a2714d-6444-4489-bd21-d4e173bba8d2,FirstNumber=993,secondNumber=1246}  added by thread pool-3-thread-6
 message  {Id=60a2714d-6444-4489-bd21-d4e173bba8d2,FirstNumber=993,secondNumber=1246}  written to file by thread pool-3-thread-1
 message  {Id=68658011-1328-4fdf-a6a3-e093612c62b4,FirstNumber=586,secondNumber=170}  added by thread pool-3-thread-6
 message  {Id=68658011-1328-4fdf-a6a3-e093612c62b4,FirstNumber=586,secondNumber=170}  written to file by thread pool-3-thread-1
 message  {Id=f8fce16d-0b09-42ed-93b0-f2304a44ed7d,FirstNumber=134,secondNumber=1451}  added by thread pool-3-thread-6
 message  {Id=f8fce16d-0b09-42ed-93b0-f2304a44ed7d,FirstNumber=134,secondNumber=1451}  written to file by thread pool-3-thread-2
 message  {Id=10bd1512-7cae-4cc4-bfd7-15a1c925a6f7,FirstNumber=899,secondNumber=1912}  added by thread pool-3-thread-6
 message  {Id=10bd1512-7cae-4cc4-bfd7-15a1c925a6f7,FirstNumber=899,secondNumber=1912}  written to file by thread pool-3-thread-4
 message  {Id=e051bd2b-3ac8-4999-bef5-25588d78377d,FirstNumber=281,secondNumber=1706}  added by thread pool-3-thread-6
 message  {Id=e051bd2b-3ac8-4999-bef5-25588d78377d,FirstNumber=281,secondNumber=1706}  written to file by thread pool-3-thread-4
 message  {Id=8e58512c-9084-453c-9f10-c256a5b5e47a,FirstNumber=231,secondNumber=884}  added by thread pool-3-thread-6
 message  {Id=8e58512c-9084-453c-9f10-c256a5b5e47a,FirstNumber=231,secondNumber=884}  written to file by thread pool-3-thread-5
 message  {Id=4d982e9f-b1e8-4fa5-b039-2e640ef5cd3d,FirstNumber=92,secondNumber=1164}  added by thread pool-3-thread-6
 message  {Id=4d982e9f-b1e8-4fa5-b039-2e640ef5cd3d,FirstNumber=92,secondNumber=1164}  written to file by thread pool-3-thread-1
 message  {Id=e323a250-6eff-4dd6-9918-aadfbdfa033e,FirstNumber=505,secondNumber=175}  added by thread pool-3-thread-6
 message  {Id=e323a250-6eff-4dd6-9918-aadfbdfa033e,FirstNumber=505,secondNumber=175}  written to file by thread pool-3-thread-2
 message  {Id=a26f9be3-0d65-4c90-afcc-db0d7a059566,FirstNumber=177,secondNumber=1732}  added by thread pool-3-thread-6
 message  {Id=a26f9be3-0d65-4c90-afcc-db0d7a059566,FirstNumber=177,secondNumber=1732}  written to file by thread pool-3-thread-3
 message  {Id=66f3dd0c-ea09-4a66-815c-b9b5ab79da64,FirstNumber=538,secondNumber=784}  added by thread pool-3-thread-6
 message  {Id=66f3dd0c-ea09-4a66-815c-b9b5ab79da64,FirstNumber=538,secondNumber=784}  written to file by thread pool-3-thread-4
 message  {Id=d995327e-4958-43db-991d-134e36650058,FirstNumber=700,secondNumber=1557}  added by thread pool-3-thread-6
 message  {Id=d995327e-4958-43db-991d-134e36650058,FirstNumber=700,secondNumber=1557}  written to file by thread pool-3-thread-5
 message  {Id=76fc0f57-4c05-40e4-8274-e9a1e134133f,FirstNumber=677,secondNumber=1089}  added by thread pool-3-thread-6
 message  {Id=76fc0f57-4c05-40e4-8274-e9a1e134133f,FirstNumber=677,secondNumber=1089}  written to file by thread pool-3-thread-5
 message  {Id=fe0edc5f-d294-4719-93d8-76f3c468fa1c,FirstNumber=600,secondNumber=1724}  added by thread pool-3-thread-6
 message  {Id=fe0edc5f-d294-4719-93d8-76f3c468fa1c,FirstNumber=600,secondNumber=1724}  written to file by thread pool-3-thread-2
 message  {Id=034d394d-aa66-43ae-b2ed-e555ea4b2371,FirstNumber=388,secondNumber=1919}  added by thread pool-3-thread-6
 message  {Id=034d394d-aa66-43ae-b2ed-e555ea4b2371,FirstNumber=388,secondNumber=1919}  written to file by thread pool-3-thread-2
 message  {Id=9f973ebb-acf1-4507-9423-c379f23cd429,FirstNumber=740,secondNumber=1566}  added by thread pool-3-thread-6
 message  {Id=9f973ebb-acf1-4507-9423-c379f23cd429,FirstNumber=740,secondNumber=1566}  written to file by thread pool-3-thread-4
 message  {Id=039599eb-55fb-4304-8673-9b385289947f,FirstNumber=599,secondNumber=1158}  added by thread pool-3-thread-6
 message  {Id=039599eb-55fb-4304-8673-9b385289947f,FirstNumber=599,secondNumber=1158}  written to file by thread pool-3-thread-1
 message  {Id=72f538a6-9a26-4ff9-aa5b-b53a7e96819e,FirstNumber=235,secondNumber=654}  added by thread pool-3-thread-6
 message  {Id=72f538a6-9a26-4ff9-aa5b-b53a7e96819e,FirstNumber=235,secondNumber=654}  written to file by thread pool-3-thread-1
 message  {Id=93a1b8d1-30e3-41a3-b396-a1a486f2ad2b,FirstNumber=817,secondNumber=1255}  added by thread pool-3-thread-6
 message  {Id=93a1b8d1-30e3-41a3-b396-a1a486f2ad2b,FirstNumber=817,secondNumber=1255}  written to file by thread pool-3-thread-3
 message  {Id=c3a5b253-167f-4d6a-956e-33ff974bc46f,FirstNumber=606,secondNumber=1189}  added by thread pool-3-thread-6
 message  {Id=c3a5b253-167f-4d6a-956e-33ff974bc46f,FirstNumber=606,secondNumber=1189}  written to file by thread pool-3-thread-3
 message  {Id=7a5b61ee-0a05-400a-83ab-9d7a039ef0aa,FirstNumber=795,secondNumber=667}  added by thread pool-3-thread-6
 message  {Id=7a5b61ee-0a05-400a-83ab-9d7a039ef0aa,FirstNumber=795,secondNumber=667}  written to file by thread pool-3-thread-4
 message  {Id=21faa469-694b-4d0e-abe1-d6b161413303,FirstNumber=461,secondNumber=1484}  added by thread pool-3-thread-6
 message  {Id=21faa469-694b-4d0e-abe1-d6b161413303,FirstNumber=461,secondNumber=1484}  written to file by thread pool-3-thread-4
 message  {Id=735ef892-ba93-4d0e-9a49-9829e4d2118d,FirstNumber=82,secondNumber=662}  added by thread pool-3-thread-6
 message  {Id=735ef892-ba93-4d0e-9a49-9829e4d2118d,FirstNumber=82,secondNumber=662}  written to file by thread pool-3-thread-1
 message  {Id=f5e8d11f-8703-4b85-a24e-ef920f680458,FirstNumber=662,secondNumber=1914}  added by thread pool-3-thread-6
 message  {Id=f5e8d11f-8703-4b85-a24e-ef920f680458,FirstNumber=662,secondNumber=1914}  written to file by thread pool-3-thread-1
 message  {Id=3c056e1a-eec9-4c05-99e7-41ec0bf3ab10,FirstNumber=475,secondNumber=1751}  added by thread pool-3-thread-6
 message  {Id=3c056e1a-eec9-4c05-99e7-41ec0bf3ab10,FirstNumber=475,secondNumber=1751}  written to file by thread pool-3-thread-3
 message  {Id=83af0a48-f4ed-4c65-ac60-1b17f0446ff3,FirstNumber=384,secondNumber=1095}  added by thread pool-3-thread-6
 message  {Id=83af0a48-f4ed-4c65-ac60-1b17f0446ff3,FirstNumber=384,secondNumber=1095}  written to file by thread pool-3-thread-5
 message  {Id=93d7b0ef-9453-4746-b0f0-59ab9c3bb265,FirstNumber=113,secondNumber=1225}  added by thread pool-3-thread-6
 message  {Id=93d7b0ef-9453-4746-b0f0-59ab9c3bb265,FirstNumber=113,secondNumber=1225}  written to file by thread pool-3-thread-4
 message  {Id=73e2602a-0e6a-4c53-ad1d-b474a554feea,FirstNumber=996,secondNumber=1426}  added by thread pool-3-thread-6
 message  {Id=73e2602a-0e6a-4c53-ad1d-b474a554feea,FirstNumber=996,secondNumber=1426}  written to file by thread pool-3-thread-2
 message  {Id=f66cf918-4344-49e1-b061-47a73d5fba07,FirstNumber=823,secondNumber=1824}  added by thread pool-3-thread-6
 message  {Id=f66cf918-4344-49e1-b061-47a73d5fba07,FirstNumber=823,secondNumber=1824}  written to file by thread pool-3-thread-2
 message  {Id=75446ef2-5241-43fe-9af0-b29bf16e4c3c,FirstNumber=606,secondNumber=1638}  added by thread pool-3-thread-6
 message  {Id=75446ef2-5241-43fe-9af0-b29bf16e4c3c,FirstNumber=606,secondNumber=1638}  written to file by thread pool-3-thread-2
 message  {Id=629c025f-21fa-4249-b34e-b217703b1f8f,FirstNumber=132,secondNumber=404}  added by thread pool-3-thread-6
 message  {Id=629c025f-21fa-4249-b34e-b217703b1f8f,FirstNumber=132,secondNumber=404}  written to file by thread pool-3-thread-2
 message  {Id=da668aff-06cc-4ec0-9be4-873ffbf132dd,FirstNumber=773,secondNumber=1971}  added by thread pool-3-thread-6
 message  {Id=da668aff-06cc-4ec0-9be4-873ffbf132dd,FirstNumber=773,secondNumber=1971}  written to file by thread pool-3-thread-4
 message  {Id=440f498a-87f3-4d75-9a60-cb01b8e2870c,FirstNumber=348,secondNumber=87}  added by thread pool-3-thread-6
 message  {Id=440f498a-87f3-4d75-9a60-cb01b8e2870c,FirstNumber=348,secondNumber=87}  written to file by thread pool-3-thread-4
 message  {Id=84216b10-1f7f-4087-80c1-31eaa8690f4b,FirstNumber=100,secondNumber=1108}  added by thread pool-3-thread-6
 message  {Id=84216b10-1f7f-4087-80c1-31eaa8690f4b,FirstNumber=100,secondNumber=1108}  written to file by thread pool-3-thread-3
 message  {Id=33383d12-f7fa-4c87-a16d-cfb6a04c8c4c,FirstNumber=620,secondNumber=856}  added by thread pool-3-thread-6
 message  {Id=33383d12-f7fa-4c87-a16d-cfb6a04c8c4c,FirstNumber=620,secondNumber=856}  written to file by thread pool-3-thread-3
 message  {Id=06692fab-9add-4a18-842b-58a3f158f130,FirstNumber=662,secondNumber=1535}  added by thread pool-3-thread-6
 message  {Id=06692fab-9add-4a18-842b-58a3f158f130,FirstNumber=662,secondNumber=1535}  written to file by thread pool-3-thread-2
 message  {Id=8adafb16-f836-48b0-91fe-6c24c96ab909,FirstNumber=783,secondNumber=215}  added by thread pool-3-thread-6
 message  {Id=8adafb16-f836-48b0-91fe-6c24c96ab909,FirstNumber=783,secondNumber=215}  written to file by thread pool-3-thread-2
 message  {Id=5190a07f-8920-4845-8fa7-e7a7a7bb43c1,FirstNumber=370,secondNumber=1994}  added by thread pool-3-thread-6
 message  {Id=5190a07f-8920-4845-8fa7-e7a7a7bb43c1,FirstNumber=370,secondNumber=1994}  written to file by thread pool-3-thread-4
 message  {Id=7c4eb920-aadd-44a8-bfc4-b5481c3835bc,FirstNumber=70,secondNumber=1617}  added by thread pool-3-thread-6
 message  {Id=7c4eb920-aadd-44a8-bfc4-b5481c3835bc,FirstNumber=70,secondNumber=1617}  written to file by thread pool-3-thread-5
 message  {Id=a8d3aa74-d779-474b-91ea-a905d7ee09f2,FirstNumber=748,secondNumber=1258}  added by thread pool-3-thread-6
 message  {Id=a8d3aa74-d779-474b-91ea-a905d7ee09f2,FirstNumber=748,secondNumber=1258}  written to file by thread pool-3-thread-5
 message  {Id=15cd00df-2815-49f8-a0f8-3b89ee102308,FirstNumber=932,secondNumber=1779}  added by thread pool-3-thread-6
 message  {Id=15cd00df-2815-49f8-a0f8-3b89ee102308,FirstNumber=932,secondNumber=1779}  written to file by thread pool-3-thread-5
 message  {Id=9a64e30d-3f1f-4ec8-b1bf-fc4f94e681d6,FirstNumber=22,secondNumber=1651}  added by thread pool-3-thread-6
 message  {Id=9a64e30d-3f1f-4ec8-b1bf-fc4f94e681d6,FirstNumber=22,secondNumber=1651}  written to file by thread pool-3-thread-2
 message  {Id=80dadc67-4957-4f42-82cd-8b980520555e,FirstNumber=162,secondNumber=563}  added by thread pool-3-thread-6
 message  {Id=80dadc67-4957-4f42-82cd-8b980520555e,FirstNumber=162,secondNumber=563}  written to file by thread pool-3-thread-2
 message  {Id=f691202a-5e24-454f-bbaf-ed93b5803c3c,FirstNumber=103,secondNumber=1866}  added by thread pool-3-thread-6
 message  {Id=f691202a-5e24-454f-bbaf-ed93b5803c3c,FirstNumber=103,secondNumber=1866}  written to file by thread pool-3-thread-3
 message  {Id=c30576e9-350a-4a47-ad42-b1be2ca0b3ff,FirstNumber=372,secondNumber=63}  added by thread pool-3-thread-6
 message  {Id=c30576e9-350a-4a47-ad42-b1be2ca0b3ff,FirstNumber=372,secondNumber=63}  written to file by thread pool-3-thread-3
 message  {Id=853861b4-510c-454d-82a4-7372557f4d8e,FirstNumber=725,secondNumber=57}  added by thread pool-3-thread-6
 message  {Id=853861b4-510c-454d-82a4-7372557f4d8e,FirstNumber=725,secondNumber=57}  written to file by thread pool-3-thread-5
 message  {Id=ecbbba09-061a-4852-896e-4ed0a9b6d35c,FirstNumber=671,secondNumber=1451}  added by thread pool-3-thread-6
 message  {Id=ecbbba09-061a-4852-896e-4ed0a9b6d35c,FirstNumber=671,secondNumber=1451}  written to file by thread pool-3-thread-4
 message  {Id=a309e636-7229-401d-890d-a9423b9a0038,FirstNumber=346,secondNumber=623}  added by thread pool-3-thread-6
 message  {Id=a309e636-7229-401d-890d-a9423b9a0038,FirstNumber=346,secondNumber=623}  written to file by thread pool-3-thread-2
 message  {Id=e3dc9d3d-ae0e-49fc-9a87-6a129a13f53f,FirstNumber=311,secondNumber=716}  added by thread pool-3-thread-6
 message  {Id=e3dc9d3d-ae0e-49fc-9a87-6a129a13f53f,FirstNumber=311,secondNumber=716}  written to file by thread pool-3-thread-2
 message  {Id=4006a734-fb43-4cb7-8cb7-68a892005dc8,FirstNumber=789,secondNumber=499}  added by thread pool-3-thread-6
 message  {Id=4006a734-fb43-4cb7-8cb7-68a892005dc8,FirstNumber=789,secondNumber=499}  written to file by thread pool-3-thread-2
 message  {Id=b60a17e3-3876-4250-807c-c5dfba72eac3,FirstNumber=165,secondNumber=1793}  added by thread pool-3-thread-6
 message  {Id=b60a17e3-3876-4250-807c-c5dfba72eac3,FirstNumber=165,secondNumber=1793}  written to file by thread pool-3-thread-5
 message  {Id=fffb0af8-78ff-447c-9c45-d01902e86bb9,FirstNumber=399,secondNumber=1999}  added by thread pool-3-thread-6
 message  {Id=fffb0af8-78ff-447c-9c45-d01902e86bb9,FirstNumber=399,secondNumber=1999}  written to file by thread pool-3-thread-5
 message  {Id=9a767312-8f9a-4c00-b98f-24f2088a010f,FirstNumber=187,secondNumber=1453}  added by thread pool-3-thread-6
 message  {Id=9a767312-8f9a-4c00-b98f-24f2088a010f,FirstNumber=187,secondNumber=1453}  written to file by thread pool-3-thread-1
 message  {Id=1864f77b-2ed7-465d-a156-2e1e38834d7c,FirstNumber=413,secondNumber=1186}  added by thread pool-3-thread-6
 message  {Id=1864f77b-2ed7-465d-a156-2e1e38834d7c,FirstNumber=413,secondNumber=1186}  written to file by thread pool-3-thread-1
 message  {Id=6a41f263-7206-41e0-8ce8-5e762866dbaf,FirstNumber=380,secondNumber=450}  added by thread pool-3-thread-6
 message  {Id=6a41f263-7206-41e0-8ce8-5e762866dbaf,FirstNumber=380,secondNumber=450}  written to file by thread pool-3-thread-2
 message  {Id=ce232092-2a55-4130-b4c4-fb3f9762f202,FirstNumber=141,secondNumber=1196}  added by thread pool-3-thread-6
 message  {Id=ce232092-2a55-4130-b4c4-fb3f9762f202,FirstNumber=141,secondNumber=1196}  written to file by thread pool-3-thread-4
 message  {Id=4b0d61a9-be56-46ce-ae8c-f3d57e47bb7f,FirstNumber=141,secondNumber=1520}  added by thread pool-3-thread-6
 message  {Id=4b0d61a9-be56-46ce-ae8c-f3d57e47bb7f,FirstNumber=141,secondNumber=1520}  written to file by thread pool-3-thread-4
 message  {Id=5427deae-16c9-4cd7-96e0-f94f0a641941,FirstNumber=806,secondNumber=40}  added by thread pool-3-thread-6
 message  {Id=5427deae-16c9-4cd7-96e0-f94f0a641941,FirstNumber=806,secondNumber=40}  written to file by thread pool-3-thread-3
 message  {Id=962d2d11-bc72-4328-80cb-ae4dead045e5,FirstNumber=321,secondNumber=1106}  added by thread pool-3-thread-6
 message  {Id=962d2d11-bc72-4328-80cb-ae4dead045e5,FirstNumber=321,secondNumber=1106}  written to file by thread pool-3-thread-3
 message  {Id=14cb26a0-942e-4045-a98d-f390fd15d0a9,FirstNumber=620,secondNumber=533}  added by thread pool-3-thread-6
 message  {Id=114fdd43-39c5-4b01-befd-0977f800705a,FirstNumber=875,secondNumber=69}  added by thread pool-3-thread-6
 message  {Id=14cb26a0-942e-4045-a98d-f390fd15d0a9,FirstNumber=620,secondNumber=533}  written to file by thread pool-3-thread-2
 message  {Id=114fdd43-39c5-4b01-befd-0977f800705a,FirstNumber=875,secondNumber=69}  written to file by thread pool-3-thread-5
 message  {Id=28d2d585-99c9-4b7b-be13-2fe1d5f95a70,FirstNumber=967,secondNumber=1256}  added by thread pool-3-thread-6
 message  {Id=28d2d585-99c9-4b7b-be13-2fe1d5f95a70,FirstNumber=967,secondNumber=1256}  written to file by thread pool-3-thread-4
 message  {Id=81e98b86-8dca-47bd-9fdb-8472bd45dc8f,FirstNumber=956,secondNumber=1737}  added by thread pool-3-thread-6
 message  {Id=81e98b86-8dca-47bd-9fdb-8472bd45dc8f,FirstNumber=956,secondNumber=1737}  written to file by thread pool-3-thread-4
 message  {Id=96ea0fcc-0dc9-4d9e-a543-3b467f907c9d,FirstNumber=433,secondNumber=740}  added by thread pool-3-thread-6
 message  {Id=96ea0fcc-0dc9-4d9e-a543-3b467f907c9d,FirstNumber=433,secondNumber=740}  written to file by thread pool-3-thread-3
 message  {Id=650096c4-4515-4b24-ad6d-702a6e0b2cb4,FirstNumber=18,secondNumber=1138}  added by thread pool-3-thread-6
 message  {Id=650096c4-4515-4b24-ad6d-702a6e0b2cb4,FirstNumber=18,secondNumber=1138}  written to file by thread pool-3-thread-3
 message  {Id=b4ed87e5-dd21-4202-a414-d8968d39e8ea,FirstNumber=39,secondNumber=293}  added by thread pool-3-thread-6
 message  {Id=b4ed87e5-dd21-4202-a414-d8968d39e8ea,FirstNumber=39,secondNumber=293}  written to file by thread pool-3-thread-5
 message  {Id=de82e32d-799d-434d-be52-3b194d0dfc42,FirstNumber=694,secondNumber=15}  added by thread pool-3-thread-6
 message  {Id=de82e32d-799d-434d-be52-3b194d0dfc42,FirstNumber=694,secondNumber=15}  written to file by thread pool-3-thread-5
 message  {Id=0f45b42d-8a38-489a-b8eb-deca0c2339f0,FirstNumber=73,secondNumber=874}  added by thread pool-3-thread-6
 message  {Id=0f45b42d-8a38-489a-b8eb-deca0c2339f0,FirstNumber=73,secondNumber=874}  written to file by thread pool-3-thread-4
 message  {Id=bf1309a7-c9b0-4062-83c4-19359e5cf8ce,FirstNumber=534,secondNumber=42}  added by thread pool-3-thread-6
 message  {Id=bf1309a7-c9b0-4062-83c4-19359e5cf8ce,FirstNumber=534,secondNumber=42}  written to file by thread pool-3-thread-4
 message  {Id=2d5480ff-628e-462b-b377-74bf41c2b4a0,FirstNumber=897,secondNumber=1409}  added by thread pool-3-thread-6
 message  {Id=f17dba04-4aca-4d07-88e6-23de8af9bf88,FirstNumber=367,secondNumber=1438}  added by thread pool-3-thread-6
 message  {Id=2d5480ff-628e-462b-b377-74bf41c2b4a0,FirstNumber=897,secondNumber=1409}  written to file by thread pool-3-thread-3
 message  {Id=f17dba04-4aca-4d07-88e6-23de8af9bf88,FirstNumber=367,secondNumber=1438}  written to file by thread pool-3-thread-1
 message  {Id=b15d877b-bc05-472b-aa13-f0f9282dc6d7,FirstNumber=511,secondNumber=657}  added by thread pool-3-thread-6
 message  {Id=b15d877b-bc05-472b-aa13-f0f9282dc6d7,FirstNumber=511,secondNumber=657}  written to file by thread pool-3-thread-1
 message  {Id=f58e84aa-df7c-4880-80e8-78d688ada07f,FirstNumber=511,secondNumber=1306}  added by thread pool-3-thread-6
 message  {Id=f58e84aa-df7c-4880-80e8-78d688ada07f,FirstNumber=511,secondNumber=1306}  written to file by thread pool-3-thread-2
 message  {Id=7a90d106-25c8-44e8-8e06-e139b2c9b3be,FirstNumber=3,secondNumber=1551}  added by thread pool-3-thread-6
 message  {Id=7a90d106-25c8-44e8-8e06-e139b2c9b3be,FirstNumber=3,secondNumber=1551}  written to file by thread pool-3-thread-4
 message  {Id=f28659b8-0aea-4db1-a87c-ca1fe7438dbf,FirstNumber=952,secondNumber=1842}  added by thread pool-3-thread-6
 message  {Id=f28659b8-0aea-4db1-a87c-ca1fe7438dbf,FirstNumber=952,secondNumber=1842}  written to file by thread pool-3-thread-3
 message  {Id=88936bcf-df08-4a01-b2de-c89a886fe625,FirstNumber=906,secondNumber=370}  added by thread pool-3-thread-6
 message  {Id=88936bcf-df08-4a01-b2de-c89a886fe625,FirstNumber=906,secondNumber=370}  written to file by thread pool-3-thread-3
 message  {Id=26a2a8a6-91b3-4a8f-a68e-e904e6353550,FirstNumber=373,secondNumber=997}  added by thread pool-3-thread-6
 message  {Id=26a2a8a6-91b3-4a8f-a68e-e904e6353550,FirstNumber=373,secondNumber=997}  written to file by thread pool-3-thread-1
 message  {Id=b858b786-0931-41ec-9cae-65a47de624c0,FirstNumber=315,secondNumber=1076}  added by thread pool-3-thread-6
 message  {Id=9156cfb0-f923-4892-b38c-e7720fd7c602,FirstNumber=907,secondNumber=480}  added by thread pool-3-thread-6
 message  {Id=b858b786-0931-41ec-9cae-65a47de624c0,FirstNumber=315,secondNumber=1076}  written to file by thread pool-3-thread-2
 message  {Id=9156cfb0-f923-4892-b38c-e7720fd7c602,FirstNumber=907,secondNumber=480}  written to file by thread pool-3-thread-4
 message  {Id=8431b3fd-7440-4b9b-b52f-f46aae9f0c14,FirstNumber=859,secondNumber=522}  added by thread pool-3-thread-6
 message  {Id=a991e0a0-1771-4fff-b6d5-146cd168b3d2,FirstNumber=342,secondNumber=742}  added by thread pool-3-thread-6
 message  {Id=8431b3fd-7440-4b9b-b52f-f46aae9f0c14,FirstNumber=859,secondNumber=522}  written to file by thread pool-3-thread-5
 message  {Id=a991e0a0-1771-4fff-b6d5-146cd168b3d2,FirstNumber=342,secondNumber=742}  written to file by thread pool-3-thread-3
 message  {Id=34e082e6-2a8a-4384-af7e-757d4069181d,FirstNumber=82,secondNumber=1263}  added by thread pool-3-thread-6
 message  {Id=34e082e6-2a8a-4384-af7e-757d4069181d,FirstNumber=82,secondNumber=1263}  written to file by thread pool-3-thread-1
 message  {Id=d213b90f-1a6c-411e-b75e-6826eabb5e09,FirstNumber=104,secondNumber=216}  added by thread pool-3-thread-6
 message  {Id=d213b90f-1a6c-411e-b75e-6826eabb5e09,FirstNumber=104,secondNumber=216}  written to file by thread pool-3-thread-2
 message  {Id=92d8c295-39d8-4ef4-ac27-0f707f6ca68f,FirstNumber=773,secondNumber=605}  added by thread pool-3-thread-6
 message  {Id=92d8c295-39d8-4ef4-ac27-0f707f6ca68f,FirstNumber=773,secondNumber=605}  written to file by thread pool-3-thread-2
 message  {Id=52e52be4-0bdb-480b-a88d-256e1008236e,FirstNumber=632,secondNumber=1563}  added by thread pool-3-thread-6
 message  {Id=52e52be4-0bdb-480b-a88d-256e1008236e,FirstNumber=632,secondNumber=1563}  written to file by thread pool-3-thread-5
 message  {Id=87ee037a-246d-4da2-9838-a2dfefb106eb,FirstNumber=346,secondNumber=227}  added by thread pool-3-thread-6
 message  {Id=87ee037a-246d-4da2-9838-a2dfefb106eb,FirstNumber=346,secondNumber=227}  written to file by thread pool-3-thread-5
 message  {Id=ba3f2a36-7bc1-49a2-a5e1-5cc295bac45b,FirstNumber=745,secondNumber=1954}  added by thread pool-3-thread-6
 message  {Id=ba3f2a36-7bc1-49a2-a5e1-5cc295bac45b,FirstNumber=745,secondNumber=1954}  written to file by thread pool-3-thread-1
 message  {Id=0e62e496-4c23-4a54-aabb-a404674f4517,FirstNumber=938,secondNumber=1651}  added by thread pool-3-thread-6
 message  {Id=0e62e496-4c23-4a54-aabb-a404674f4517,FirstNumber=938,secondNumber=1651}  written to file by thread pool-3-thread-4
 message  {Id=8996e0bd-a438-481e-9152-01f88a433d50,FirstNumber=955,secondNumber=186}  added by thread pool-3-thread-6
 message  {Id=8996e0bd-a438-481e-9152-01f88a433d50,FirstNumber=955,secondNumber=186}  written to file by thread pool-3-thread-2
 message  {Id=ef5d7eff-b020-41d0-b581-47c564b30016,FirstNumber=789,secondNumber=228}  added by thread pool-3-thread-6
 message  {Id=ef5d7eff-b020-41d0-b581-47c564b30016,FirstNumber=789,secondNumber=228}  written to file by thread pool-3-thread-2
 message  {Id=1815c423-f3f2-4d14-80c8-7f8fe05d2f58,FirstNumber=901,secondNumber=1684}  added by thread pool-3-thread-6
 message  {Id=1815c423-f3f2-4d14-80c8-7f8fe05d2f58,FirstNumber=901,secondNumber=1684}  written to file by thread pool-3-thread-2
 message  {Id=96114846-4e01-41a6-9b0e-4ffc6052b0e8,FirstNumber=282,secondNumber=760}  added by thread pool-3-thread-6
 message  {Id=96114846-4e01-41a6-9b0e-4ffc6052b0e8,FirstNumber=282,secondNumber=760}  written to file by thread pool-3-thread-1
 message  {Id=6f19bf53-217c-4d0f-917b-a8fd9f1cce5d,FirstNumber=626,secondNumber=1952}  added by thread pool-3-thread-6
 message  {Id=6f19bf53-217c-4d0f-917b-a8fd9f1cce5d,FirstNumber=626,secondNumber=1952}  written to file by thread pool-3-thread-4
 message  {Id=be13d877-78d3-4cac-9d36-513aa4cf7acd,FirstNumber=769,secondNumber=1602}  added by thread pool-3-thread-6
 message  {Id=be13d877-78d3-4cac-9d36-513aa4cf7acd,FirstNumber=769,secondNumber=1602}  written to file by thread pool-3-thread-4
 message  {Id=9c577661-285a-4d56-a7a0-88579220e290,FirstNumber=506,secondNumber=255}  added by thread pool-3-thread-6
 message  {Id=9c577661-285a-4d56-a7a0-88579220e290,FirstNumber=506,secondNumber=255}  written to file by thread pool-3-thread-5
 message  {Id=736e8486-b4ad-4573-81fb-340823e11a48,FirstNumber=774,secondNumber=1053}  added by thread pool-3-thread-6
 message  {Id=736e8486-b4ad-4573-81fb-340823e11a48,FirstNumber=774,secondNumber=1053}  written to file by thread pool-3-thread-5
 message  {Id=c5747e0c-8494-4f0c-907c-927a266f3713,FirstNumber=428,secondNumber=1442}  added by thread pool-3-thread-6
 message  {Id=c5747e0c-8494-4f0c-907c-927a266f3713,FirstNumber=428,secondNumber=1442}  written to file by thread pool-3-thread-1
 message  {Id=df315e85-3e66-478f-89b9-7c240afe754b,FirstNumber=606,secondNumber=1318}  added by thread pool-3-thread-6
 message  {Id=df315e85-3e66-478f-89b9-7c240afe754b,FirstNumber=606,secondNumber=1318}  written to file by thread pool-3-thread-3
 message  {Id=827b0c5a-fa6c-4129-9de3-3fecf5bc566c,FirstNumber=824,secondNumber=169}  added by thread pool-3-thread-6
 message  {Id=827b0c5a-fa6c-4129-9de3-3fecf5bc566c,FirstNumber=824,secondNumber=169}  written to file by thread pool-3-thread-3
 message  {Id=543534ce-6ce1-43c0-bbde-c5a2895c1b23,FirstNumber=177,secondNumber=770}  added by thread pool-3-thread-6
 message  {Id=80de582a-6e7f-42a7-a00a-dfbc5c4ad8dd,FirstNumber=137,secondNumber=444}  added by thread pool-3-thread-6
 message  {Id=543534ce-6ce1-43c0-bbde-c5a2895c1b23,FirstNumber=177,secondNumber=770}  written to file by thread pool-3-thread-2
 message  {Id=80de582a-6e7f-42a7-a00a-dfbc5c4ad8dd,FirstNumber=137,secondNumber=444}  written to file by thread pool-3-thread-5
 message  {Id=2332f6de-1738-4c32-a7cc-acc495839a54,FirstNumber=532,secondNumber=278}  added by thread pool-3-thread-6
 message  {Id=2332f6de-1738-4c32-a7cc-acc495839a54,FirstNumber=532,secondNumber=278}  written to file by thread pool-3-thread-1
 message  {Id=6636f600-9c7d-4122-bcd5-4310e48bf815,FirstNumber=809,secondNumber=470}  added by thread pool-3-thread-6
 message  {Id=6636f600-9c7d-4122-bcd5-4310e48bf815,FirstNumber=809,secondNumber=470}  written to file by thread pool-3-thread-4
 message  {Id=64da391e-bc95-4da6-9d6e-c438dfb9661d,FirstNumber=305,secondNumber=341}  added by thread pool-3-thread-6
 message  {Id=64da391e-bc95-4da6-9d6e-c438dfb9661d,FirstNumber=305,secondNumber=341}  written to file by thread pool-3-thread-3
 message  {Id=9700a151-8a51-4839-af33-2008e263f331,FirstNumber=252,secondNumber=111}  added by thread pool-3-thread-6
 message  {Id=9700a151-8a51-4839-af33-2008e263f331,FirstNumber=252,secondNumber=111}  written to file by thread pool-3-thread-2
 message  {Id=84b850cd-3b46-4a3d-a208-23a192292143,FirstNumber=675,secondNumber=560}  added by thread pool-3-thread-6
 message  {Id=84b850cd-3b46-4a3d-a208-23a192292143,FirstNumber=675,secondNumber=560}  written to file by thread pool-3-thread-2
 message  {Id=5147a036-d730-42a6-bb8c-0125548da967,FirstNumber=919,secondNumber=1957}  added by thread pool-3-thread-6
 message  {Id=cfa36dfb-0800-428f-8a65-803fe2ca642b,FirstNumber=368,secondNumber=587}  added by thread pool-3-thread-6
 message  {Id=5147a036-d730-42a6-bb8c-0125548da967,FirstNumber=919,secondNumber=1957}  written to file by thread pool-3-thread-1
 message  {Id=cfa36dfb-0800-428f-8a65-803fe2ca642b,FirstNumber=368,secondNumber=587}  written to file by thread pool-3-thread-4
 message  {Id=84ef9998-f3e0-4374-8170-bd992443b4ab,FirstNumber=602,secondNumber=349}  added by thread pool-3-thread-6
 message  {Id=84ef9998-f3e0-4374-8170-bd992443b4ab,FirstNumber=602,secondNumber=349}  written to file by thread pool-3-thread-4
 message  {Id=76d4337d-7a8e-4e45-a62a-5c384d5877e0,FirstNumber=805,secondNumber=1011}  added by thread pool-3-thread-6
 message  {Id=cbf7882c-a322-49d3-899e-8c2e036c529e,FirstNumber=383,secondNumber=1724}  added by thread pool-3-thread-6
 message  {Id=76d4337d-7a8e-4e45-a62a-5c384d5877e0,FirstNumber=805,secondNumber=1011}  written to file by thread pool-3-thread-5
 message  {Id=cbf7882c-a322-49d3-899e-8c2e036c529e,FirstNumber=383,secondNumber=1724}  written to file by thread pool-3-thread-2
 message  {Id=3eb463fc-7433-4265-b886-69331d8053f1,FirstNumber=921,secondNumber=192}  added by thread pool-3-thread-6
 message  {Id=3eb463fc-7433-4265-b886-69331d8053f1,FirstNumber=921,secondNumber=192}  written to file by thread pool-3-thread-2
 message  {Id=242f715c-0fdf-46af-bcde-5f1bc73b3f99,FirstNumber=258,secondNumber=1452}  added by thread pool-3-thread-6
 message  {Id=242f715c-0fdf-46af-bcde-5f1bc73b3f99,FirstNumber=258,secondNumber=1452}  written to file by thread pool-3-thread-2
 message  {Id=026082f9-9aa4-4cb3-8e97-1206c33a331d,FirstNumber=49,secondNumber=1743}  added by thread pool-3-thread-6
 message  {Id=026082f9-9aa4-4cb3-8e97-1206c33a331d,FirstNumber=49,secondNumber=1743}  written to file by thread pool-3-thread-4
 message  {Id=4a7426ba-b08b-486f-9919-c3e3eae8296f,FirstNumber=716,secondNumber=1836}  added by thread pool-3-thread-6
 message  {Id=4a7426ba-b08b-486f-9919-c3e3eae8296f,FirstNumber=716,secondNumber=1836}  written to file by thread pool-3-thread-4
 message  {Id=79499974-d2f4-4920-9856-063cf129a83c,FirstNumber=995,secondNumber=1689}  added by thread pool-3-thread-6
 message  {Id=79499974-d2f4-4920-9856-063cf129a83c,FirstNumber=995,secondNumber=1689}  written to file by thread pool-3-thread-1
 message  {Id=9621563a-1358-4aee-b8f4-a1552475be61,FirstNumber=346,secondNumber=1943}  added by thread pool-3-thread-6
 message  {Id=9621563a-1358-4aee-b8f4-a1552475be61,FirstNumber=346,secondNumber=1943}  written to file by thread pool-3-thread-3
 message  {Id=70ff2583-a1f3-4e83-91c3-a75b4606e8fb,FirstNumber=755,secondNumber=1712}  added by thread pool-3-thread-6
 message  {Id=70ff2583-a1f3-4e83-91c3-a75b4606e8fb,FirstNumber=755,secondNumber=1712}  written to file by thread pool-3-thread-2
 message  {Id=c571956f-e7bf-4638-b1f8-c360c99aa01a,FirstNumber=664,secondNumber=1337}  added by thread pool-3-thread-6
 message  {Id=c571956f-e7bf-4638-b1f8-c360c99aa01a,FirstNumber=664,secondNumber=1337}  written to file by thread pool-3-thread-5
 message  {Id=06d8a303-fb0e-414a-8b35-64c78a95fda0,FirstNumber=696,secondNumber=1843}  added by thread pool-3-thread-6
 message  {Id=942d3a16-5c8c-4024-ad3f-01ac7d44a6f8,FirstNumber=693,secondNumber=1958}  added by thread pool-3-thread-6
 message  {Id=06d8a303-fb0e-414a-8b35-64c78a95fda0,FirstNumber=696,secondNumber=1843}  written to file by thread pool-3-thread-4
 message  {Id=942d3a16-5c8c-4024-ad3f-01ac7d44a6f8,FirstNumber=693,secondNumber=1958}  written to file by thread pool-3-thread-1
 message  {Id=26dc5f02-766c-4936-b296-c905fea23929,FirstNumber=28,secondNumber=1806}  added by thread pool-3-thread-6
 message  {Id=26dc5f02-766c-4936-b296-c905fea23929,FirstNumber=28,secondNumber=1806}  written to file by thread pool-3-thread-1
 message  {Id=fc795f9c-9b2e-4d55-a9ed-1dd16480ffbb,FirstNumber=712,secondNumber=1653}  added by thread pool-3-thread-6
 message  {Id=fc795f9c-9b2e-4d55-a9ed-1dd16480ffbb,FirstNumber=712,secondNumber=1653}  written to file by thread pool-3-thread-2
 message  {Id=83a704dd-02c4-4e95-b38e-4d1fb1992a4e,FirstNumber=819,secondNumber=845}  added by thread pool-3-thread-6
 message  {Id=83a704dd-02c4-4e95-b38e-4d1fb1992a4e,FirstNumber=819,secondNumber=845}  written to file by thread pool-3-thread-5
 message  {Id=dde3228b-6dc4-47e8-ac4c-022997cd18fc,FirstNumber=46,secondNumber=1337}  added by thread pool-3-thread-6
 message  {Id=dde3228b-6dc4-47e8-ac4c-022997cd18fc,FirstNumber=46,secondNumber=1337}  written to file by thread pool-3-thread-4
 message  {Id=e6187d0b-982a-40c3-8caf-d6a3a373ea41,FirstNumber=798,secondNumber=673}  added by thread pool-3-thread-6
 message  {Id=e6187d0b-982a-40c3-8caf-d6a3a373ea41,FirstNumber=798,secondNumber=673}  written to file by thread pool-3-thread-4
 message  {Id=9b3e2810-27d5-4ea0-bac2-ee4372e3bf12,FirstNumber=621,secondNumber=939}  added by thread pool-3-thread-6
 message  {Id=9b3e2810-27d5-4ea0-bac2-ee4372e3bf12,FirstNumber=621,secondNumber=939}  written to file by thread pool-3-thread-1
 message  {Id=fe7e23b6-e48e-4ec2-87b2-55037a93da4f,FirstNumber=506,secondNumber=1687}  added by thread pool-3-thread-6
 message  {Id=fe7e23b6-e48e-4ec2-87b2-55037a93da4f,FirstNumber=506,secondNumber=1687}  written to file by thread pool-3-thread-1
 message  {Id=544ce3a8-0dc5-4ba0-b689-971f986b64a8,FirstNumber=847,secondNumber=1580}  added by thread pool-3-thread-6
 message  {Id=544ce3a8-0dc5-4ba0-b689-971f986b64a8,FirstNumber=847,secondNumber=1580}  written to file by thread pool-3-thread-1
 message  {Id=f66fa246-b165-429f-9bcc-3397c7c4e2c0,FirstNumber=919,secondNumber=854}  added by thread pool-3-thread-6
 message  {Id=67f12d1f-633f-41c4-bcc9-42275131cfb3,FirstNumber=804,secondNumber=539}  added by thread pool-3-thread-6
 message  {Id=f66fa246-b165-429f-9bcc-3397c7c4e2c0,FirstNumber=919,secondNumber=854}  written to file by thread pool-3-thread-3
 message  {Id=67f12d1f-633f-41c4-bcc9-42275131cfb3,FirstNumber=804,secondNumber=539}  written to file by thread pool-3-thread-4
 message  {Id=d2cfbbf8-860e-424f-89b6-c9234711b1ef,FirstNumber=662,secondNumber=165}  added by thread pool-3-thread-6
 message  {Id=d2cfbbf8-860e-424f-89b6-c9234711b1ef,FirstNumber=662,secondNumber=165}  written to file by thread pool-3-thread-2
 message  {Id=5ee087a3-fd43-436b-a9ef-9a8c04bfe39b,FirstNumber=619,secondNumber=757}  added by thread pool-3-thread-6
 message  {Id=5ee087a3-fd43-436b-a9ef-9a8c04bfe39b,FirstNumber=619,secondNumber=757}  written to file by thread pool-3-thread-5
 message  {Id=110f22f4-2673-4ebd-a6f0-70d83abe727c,FirstNumber=606,secondNumber=1827}  added by thread pool-3-thread-6
 message  {Id=110f22f4-2673-4ebd-a6f0-70d83abe727c,FirstNumber=606,secondNumber=1827}  written to file by thread pool-3-thread-1
 message  {Id=355da4bb-fe32-4fd1-9fcb-dbd2a1a10e4d,FirstNumber=921,secondNumber=399}  added by thread pool-3-thread-6
 message  {Id=355da4bb-fe32-4fd1-9fcb-dbd2a1a10e4d,FirstNumber=921,secondNumber=399}  written to file by thread pool-3-thread-3
 message  {Id=8bdb1288-7a6a-4013-a4d6-d91512142b98,FirstNumber=801,secondNumber=619}  added by thread pool-3-thread-6
 message  {Id=8bdb1288-7a6a-4013-a4d6-d91512142b98,FirstNumber=801,secondNumber=619}  written to file by thread pool-3-thread-3
 message  {Id=8e319217-8b9a-477c-8808-0bd205c6e4e4,FirstNumber=232,secondNumber=1346}  added by thread pool-3-thread-6
 message  {Id=8e319217-8b9a-477c-8808-0bd205c6e4e4,FirstNumber=232,secondNumber=1346}  written to file by thread pool-3-thread-2
 message  {Id=d97a3b60-d91d-4864-a592-35546a73d2ae,FirstNumber=872,secondNumber=552}  added by thread pool-3-thread-6
 message  {Id=d97a3b60-d91d-4864-a592-35546a73d2ae,FirstNumber=872,secondNumber=552}  written to file by thread pool-3-thread-5
 message  {Id=0d660921-165c-4192-bded-61e59b3fd5cb,FirstNumber=682,secondNumber=1020}  added by thread pool-3-thread-6
 message  {Id=0d660921-165c-4192-bded-61e59b3fd5cb,FirstNumber=682,secondNumber=1020}  written to file by thread pool-3-thread-1
 message  {Id=8503cc90-1746-4f5a-8cb5-c579a074b3f7,FirstNumber=985,secondNumber=1553}  added by thread pool-3-thread-6
 message  {Id=4d365fc1-1337-4ed2-8097-23a38710b539,FirstNumber=780,secondNumber=50}  added by thread pool-3-thread-6
 message  {Id=8503cc90-1746-4f5a-8cb5-c579a074b3f7,FirstNumber=985,secondNumber=1553}  written to file by thread pool-3-thread-4
 message  {Id=4d365fc1-1337-4ed2-8097-23a38710b539,FirstNumber=780,secondNumber=50}  written to file by thread pool-3-thread-3
 message  {Id=b2f8a176-1a23-4561-8637-cd6313772282,FirstNumber=179,secondNumber=1188}  added by thread pool-3-thread-6
 message  {Id=b2f8a176-1a23-4561-8637-cd6313772282,FirstNumber=179,secondNumber=1188}  written to file by thread pool-3-thread-2
 message  {Id=d0d2cfe2-41e6-49ec-8f92-4c73a982fd3a,FirstNumber=729,secondNumber=25}  added by thread pool-3-thread-6
 message  {Id=d0d2cfe2-41e6-49ec-8f92-4c73a982fd3a,FirstNumber=729,secondNumber=25}  written to file by thread pool-3-thread-5
 message  {Id=cc219b11-dd4f-4571-be6b-582054d4c565,FirstNumber=378,secondNumber=368}  added by thread pool-3-thread-6
 message  {Id=cc219b11-dd4f-4571-be6b-582054d4c565,FirstNumber=378,secondNumber=368}  written to file by thread pool-3-thread-1
 message  {Id=9a05377d-ffbf-41e2-afeb-45c9d63efd2e,FirstNumber=859,secondNumber=1763}  added by thread pool-3-thread-6
 message  {Id=9a05377d-ffbf-41e2-afeb-45c9d63efd2e,FirstNumber=859,secondNumber=1763}  written to file by thread pool-3-thread-4
 message  {Id=24061c41-8e41-45b9-8c0a-b993eb11cf8b,FirstNumber=306,secondNumber=415}  added by thread pool-3-thread-6
 message  {Id=24061c41-8e41-45b9-8c0a-b993eb11cf8b,FirstNumber=306,secondNumber=415}  written to file by thread pool-3-thread-4
 message  {Id=870b37df-bec9-4270-949b-280bfac0ebda,FirstNumber=412,secondNumber=1732}  added by thread pool-3-thread-6
 message  {Id=870b37df-bec9-4270-949b-280bfac0ebda,FirstNumber=412,secondNumber=1732}  written to file by thread pool-3-thread-2
 message  {Id=14d1a2f3-0707-49a7-a1d7-a78743501d5f,FirstNumber=356,secondNumber=372}  added by thread pool-3-thread-6
 message  {Id=14d1a2f3-0707-49a7-a1d7-a78743501d5f,FirstNumber=356,secondNumber=372}  written to file by thread pool-3-thread-2
 message  {Id=7c6eff22-1475-49c5-b60e-99fa9dd01fe9,FirstNumber=979,secondNumber=1395}  added by thread pool-3-thread-6
 message  {Id=7c6eff22-1475-49c5-b60e-99fa9dd01fe9,FirstNumber=979,secondNumber=1395}  written to file by thread pool-3-thread-1
 message  {Id=d2353f5e-1e95-47ca-a2ae-b576d94dada0,FirstNumber=266,secondNumber=806}  added by thread pool-3-thread-6
 message  {Id=f45327cd-aca7-4fe5-8cd2-0dfff629648e,FirstNumber=82,secondNumber=1745}  added by thread pool-3-thread-6
 message  {Id=d2353f5e-1e95-47ca-a2ae-b576d94dada0,FirstNumber=266,secondNumber=806}  written to file by thread pool-3-thread-1
 message  {Id=f45327cd-aca7-4fe5-8cd2-0dfff629648e,FirstNumber=82,secondNumber=1745}  written to file by thread pool-3-thread-4
 message  {Id=a20e5a42-a75b-49e9-b707-8066025c904b,FirstNumber=965,secondNumber=870}  added by thread pool-3-thread-6
 message  {Id=a20e5a42-a75b-49e9-b707-8066025c904b,FirstNumber=965,secondNumber=870}  written to file by thread pool-3-thread-5
 message  {Id=d21c6bf4-44f2-44e7-b1ff-521945245121,FirstNumber=687,secondNumber=944}  added by thread pool-3-thread-6
 message  {Id=d21c6bf4-44f2-44e7-b1ff-521945245121,FirstNumber=687,secondNumber=944}  written to file by thread pool-3-thread-5
 message  {Id=b1218c0c-4297-4b8e-a97c-ed9f40cfe5d2,FirstNumber=995,secondNumber=585}  added by thread pool-3-thread-6
 message  {Id=b1218c0c-4297-4b8e-a97c-ed9f40cfe5d2,FirstNumber=995,secondNumber=585}  written to file by thread pool-3-thread-3
 message  {Id=033343f9-12ae-4983-af61-19200d6e9a0a,FirstNumber=475,secondNumber=187}  added by thread pool-3-thread-6
 message  {Id=033343f9-12ae-4983-af61-19200d6e9a0a,FirstNumber=475,secondNumber=187}  written to file by thread pool-3-thread-1
 message  {Id=e349dd7f-6303-4d15-afbe-59012eae4299,FirstNumber=178,secondNumber=1386}  added by thread pool-3-thread-6
 message  {Id=e349dd7f-6303-4d15-afbe-59012eae4299,FirstNumber=178,secondNumber=1386}  written to file by thread pool-3-thread-4
 message  {Id=e489da7d-6c8a-4aaf-88cd-bcbd6080f358,FirstNumber=274,secondNumber=659}  added by thread pool-3-thread-6
 message  {Id=e489da7d-6c8a-4aaf-88cd-bcbd6080f358,FirstNumber=274,secondNumber=659}  written to file by thread pool-3-thread-4
 message  {Id=cc667446-8b66-4ae8-b297-bd2bbf3a4106,FirstNumber=707,secondNumber=580}  added by thread pool-3-thread-6
 message  {Id=cc667446-8b66-4ae8-b297-bd2bbf3a4106,FirstNumber=707,secondNumber=580}  written to file by thread pool-3-thread-5
 message  {Id=a5a7e2af-bc68-45c4-b7e8-dceb7f9fbfb5,FirstNumber=757,secondNumber=21}  added by thread pool-3-thread-6
 message  {Id=a5a7e2af-bc68-45c4-b7e8-dceb7f9fbfb5,FirstNumber=757,secondNumber=21}  written to file by thread pool-3-thread-5
 message  {Id=f83361b6-13a4-45b7-bab3-5a1432684c09,FirstNumber=539,secondNumber=259}  added by thread pool-3-thread-6
 message  {Id=1b72b312-0e5f-427d-82ba-bf4ec71f8cac,FirstNumber=481,secondNumber=581}  added by thread pool-3-thread-6
 message  {Id=f83361b6-13a4-45b7-bab3-5a1432684c09,FirstNumber=539,secondNumber=259}  written to file by thread pool-3-thread-1
 message  {Id=00254c6b-405b-4fec-980b-d77d2064c128,FirstNumber=866,secondNumber=1879}  added by thread pool-3-thread-6
 message  {Id=1b72b312-0e5f-427d-82ba-bf4ec71f8cac,FirstNumber=481,secondNumber=581}  written to file by thread pool-3-thread-2
 message  {Id=00254c6b-405b-4fec-980b-d77d2064c128,FirstNumber=866,secondNumber=1879}  written to file by thread pool-3-thread-1
 message  {Id=ddfb7b98-e9c9-490c-a7fd-c6751deb3045,FirstNumber=626,secondNumber=469}  added by thread pool-3-thread-6
 message  {Id=ddfb7b98-e9c9-490c-a7fd-c6751deb3045,FirstNumber=626,secondNumber=469}  written to file by thread pool-3-thread-3
 message  {Id=c1839693-4eae-4d4e-8766-daa3a30e9a7e,FirstNumber=381,secondNumber=243}  added by thread pool-3-thread-6
 message  {Id=c1839693-4eae-4d4e-8766-daa3a30e9a7e,FirstNumber=381,secondNumber=243}  written to file by thread pool-3-thread-3
 message  {Id=edba64fc-a89f-4e57-bf18-8b2d9ac61d10,FirstNumber=769,secondNumber=864}  added by thread pool-3-thread-6
 message  {Id=edba64fc-a89f-4e57-bf18-8b2d9ac61d10,FirstNumber=769,secondNumber=864}  written to file by thread pool-3-thread-4
 message  {Id=000a1bea-5144-486a-aaf8-2f345f74cafe,FirstNumber=492,secondNumber=1141}  added by thread pool-3-thread-6
 message  {Id=000a1bea-5144-486a-aaf8-2f345f74cafe,FirstNumber=492,secondNumber=1141}  written to file by thread pool-3-thread-4
 message  {Id=72a76d34-a726-4744-b170-78979669b0c1,FirstNumber=817,secondNumber=168}  added by thread pool-3-thread-6
 message  {Id=72a76d34-a726-4744-b170-78979669b0c1,FirstNumber=817,secondNumber=168}  written to file by thread pool-3-thread-1
 message  {Id=770e720a-e2d3-474a-a351-74800f5b7b98,FirstNumber=158,secondNumber=1707}  added by thread pool-3-thread-6
 message  {Id=770e720a-e2d3-474a-a351-74800f5b7b98,FirstNumber=158,secondNumber=1707}  written to file by thread pool-3-thread-1
 message  {Id=de927551-df24-4a19-baa6-ca8a12759377,FirstNumber=59,secondNumber=629}  added by thread pool-3-thread-6
 message  {Id=de927551-df24-4a19-baa6-ca8a12759377,FirstNumber=59,secondNumber=629}  written to file by thread pool-3-thread-3
 message  {Id=9d380ab8-77d6-4407-9de5-d3c552027a08,FirstNumber=602,secondNumber=44}  added by thread pool-3-thread-6
 message  {Id=9d380ab8-77d6-4407-9de5-d3c552027a08,FirstNumber=602,secondNumber=44}  written to file by thread pool-3-thread-3
 message  {Id=c74d8f69-9cbb-4306-9e50-a54658b7cda1,FirstNumber=261,secondNumber=584}  added by thread pool-3-thread-6
 message  {Id=c74d8f69-9cbb-4306-9e50-a54658b7cda1,FirstNumber=261,secondNumber=584}  written to file by thread pool-3-thread-3
 message  {Id=63e1c761-6edc-4e80-8e6c-cfebe8ffea17,FirstNumber=754,secondNumber=1071}  added by thread pool-3-thread-6
 message  {Id=63e1c761-6edc-4e80-8e6c-cfebe8ffea17,FirstNumber=754,secondNumber=1071}  written to file by thread pool-3-thread-5
 message  {Id=4c04d24e-a2b2-4836-9bd6-48ad5a6f15df,FirstNumber=622,secondNumber=669}  added by thread pool-3-thread-6
 message  {Id=4c04d24e-a2b2-4836-9bd6-48ad5a6f15df,FirstNumber=622,secondNumber=669}  written to file by thread pool-3-thread-5
 message  {Id=6de5c3fb-0896-4b57-b509-5cc89c9b77a7,FirstNumber=202,secondNumber=1920}  added by thread pool-3-thread-6
 message  {Id=6de5c3fb-0896-4b57-b509-5cc89c9b77a7,FirstNumber=202,secondNumber=1920}  written to file by thread pool-3-thread-2
 message  {Id=b0609a82-7827-4698-9450-42685d5f9bfa,FirstNumber=667,secondNumber=869}  added by thread pool-3-thread-6
 message  {Id=b0609a82-7827-4698-9450-42685d5f9bfa,FirstNumber=667,secondNumber=869}  written to file by thread pool-3-thread-2
 message  {Id=d2d1b33d-f20a-4068-8829-e54ff6d267d5,FirstNumber=79,secondNumber=1318}  added by thread pool-3-thread-6
 message  {Id=d2d1b33d-f20a-4068-8829-e54ff6d267d5,FirstNumber=79,secondNumber=1318}  written to file by thread pool-3-thread-3
 message  {Id=99dbe4a9-b11e-41ef-a827-54f0fc581476,FirstNumber=695,secondNumber=1017}  added by thread pool-3-thread-6
 message  {Id=99dbe4a9-b11e-41ef-a827-54f0fc581476,FirstNumber=695,secondNumber=1017}  written to file by thread pool-3-thread-3
 message  {Id=728c3da9-23e3-4981-b32a-391e375bc414,FirstNumber=318,secondNumber=765}  added by thread pool-3-thread-6
 message  {Id=728c3da9-23e3-4981-b32a-391e375bc414,FirstNumber=318,secondNumber=765}  written to file by thread pool-3-thread-3
 message  {Id=8a272a95-6089-4266-96ea-cb934eeb42a3,FirstNumber=804,secondNumber=465}  added by thread pool-3-thread-6
 message  {Id=8a272a95-6089-4266-96ea-cb934eeb42a3,FirstNumber=804,secondNumber=465}  written to file by thread pool-3-thread-4
 message  {Id=3c26204c-d5bc-4bc4-b2d4-a495b21a375c,FirstNumber=641,secondNumber=293}  added by thread pool-3-thread-6
 message  {Id=3c26204c-d5bc-4bc4-b2d4-a495b21a375c,FirstNumber=641,secondNumber=293}  written to file by thread pool-3-thread-4
 message  {Id=db2420bc-b765-4780-8359-b31d725612e8,FirstNumber=717,secondNumber=1428}  added by thread pool-3-thread-6
 message  {Id=db2420bc-b765-4780-8359-b31d725612e8,FirstNumber=717,secondNumber=1428}  written to file by thread pool-3-thread-4
 message  {Id=869c5f6e-62c5-4f35-b48d-dc06a5c1bbee,FirstNumber=547,secondNumber=316}  added by thread pool-3-thread-6
 message  {Id=869c5f6e-62c5-4f35-b48d-dc06a5c1bbee,FirstNumber=547,secondNumber=316}  written to file by thread pool-3-thread-5
 message  {Id=790f8246-20f9-4024-9181-bbffb1340801,FirstNumber=741,secondNumber=1377}  added by thread pool-3-thread-6
 message  {Id=790f8246-20f9-4024-9181-bbffb1340801,FirstNumber=741,secondNumber=1377}  written to file by thread pool-3-thread-5
 message  {Id=7803618e-e7f4-4b72-94c9-146250930b79,FirstNumber=954,secondNumber=217}  added by thread pool-3-thread-6
 message  {Id=7803618e-e7f4-4b72-94c9-146250930b79,FirstNumber=954,secondNumber=217}  written to file by thread pool-3-thread-2
 message  {Id=be38be91-3dd9-42d4-9931-1c372b5bc09f,FirstNumber=40,secondNumber=1961}  added by thread pool-3-thread-6
 message  {Id=be38be91-3dd9-42d4-9931-1c372b5bc09f,FirstNumber=40,secondNumber=1961}  written to file by thread pool-3-thread-2
 message  {Id=b754f479-3828-4ad5-97cc-f6b9035b1278,FirstNumber=493,secondNumber=1043}  added by thread pool-3-thread-6
 message  {Id=b754f479-3828-4ad5-97cc-f6b9035b1278,FirstNumber=493,secondNumber=1043}  written to file by thread pool-3-thread-4
 message  {Id=4ef1df94-081d-494c-831a-16ca8facf103,FirstNumber=964,secondNumber=1690}  added by thread pool-3-thread-6
 message  {Id=4ef1df94-081d-494c-831a-16ca8facf103,FirstNumber=964,secondNumber=1690}  written to file by thread pool-3-thread-4
 message  {Id=b05662c6-c529-4e58-ba87-bb86a88f9b5d,FirstNumber=388,secondNumber=630}  added by thread pool-3-thread-6
 message  {Id=b05662c6-c529-4e58-ba87-bb86a88f9b5d,FirstNumber=388,secondNumber=630}  written to file by thread pool-3-thread-5
 message  {Id=35bf5be9-d570-46d1-9f27-100fd61b5084,FirstNumber=112,secondNumber=1337}  added by thread pool-3-thread-6
 message  {Id=35bf5be9-d570-46d1-9f27-100fd61b5084,FirstNumber=112,secondNumber=1337}  written to file by thread pool-3-thread-5
 message  {Id=9f96d81e-98f1-4330-a2ac-f01980f556ae,FirstNumber=208,secondNumber=754}  added by thread pool-3-thread-6
 message  {Id=06ceb915-2d50-4dee-a816-172ea6b09d31,FirstNumber=708,secondNumber=4}  added by thread pool-3-thread-6
 message  {Id=9f96d81e-98f1-4330-a2ac-f01980f556ae,FirstNumber=208,secondNumber=754}  written to file by thread pool-3-thread-2
 message  {Id=06ceb915-2d50-4dee-a816-172ea6b09d31,FirstNumber=708,secondNumber=4}  written to file by thread pool-3-thread-3
 message  {Id=e2c6f23b-4881-4672-83f1-79be8465a924,FirstNumber=407,secondNumber=1447}  added by thread pool-3-thread-6
 message  {Id=e2c6f23b-4881-4672-83f1-79be8465a924,FirstNumber=407,secondNumber=1447}  written to file by thread pool-3-thread-4
 message  {Id=534a0415-05e5-4bfd-b004-67b5f10ba1de,FirstNumber=819,secondNumber=570}  added by thread pool-3-thread-6
 message  {Id=534a0415-05e5-4bfd-b004-67b5f10ba1de,FirstNumber=819,secondNumber=570}  written to file by thread pool-3-thread-4
 message  {Id=75245131-f6ad-4b09-a3af-83b9bc426be0,FirstNumber=674,secondNumber=1853}  added by thread pool-3-thread-6
 message  {Id=75245131-f6ad-4b09-a3af-83b9bc426be0,FirstNumber=674,secondNumber=1853}  written to file by thread pool-3-thread-5
 message  {Id=cfc84187-cc14-44b8-9c00-ed6a972c745b,FirstNumber=327,secondNumber=1515}  added by thread pool-3-thread-6
 message  {Id=cfc84187-cc14-44b8-9c00-ed6a972c745b,FirstNumber=327,secondNumber=1515}  written to file by thread pool-3-thread-5
 message  {Id=95bc63af-72ec-42c1-8c09-5032788e98e7,FirstNumber=414,secondNumber=1325}  added by thread pool-3-thread-6
 message  {Id=95bc63af-72ec-42c1-8c09-5032788e98e7,FirstNumber=414,secondNumber=1325}  written to file by thread pool-3-thread-3
 message  {Id=04f359c2-3800-492f-a172-2d5023e3545c,FirstNumber=621,secondNumber=1416}  added by thread pool-3-thread-6
 message  {Id=04f359c2-3800-492f-a172-2d5023e3545c,FirstNumber=621,secondNumber=1416}  written to file by thread pool-3-thread-3
 message  {Id=e5035609-5d45-46d7-a34c-540dc069c4e0,FirstNumber=264,secondNumber=707}  added by thread pool-3-thread-6
 message  {Id=e5035609-5d45-46d7-a34c-540dc069c4e0,FirstNumber=264,secondNumber=707}  written to file by thread pool-3-thread-4
 message  {Id=5f02c041-0c63-4192-bd8b-543406ce0492,FirstNumber=973,secondNumber=1575}  added by thread pool-3-thread-6
 message  {Id=5f02c041-0c63-4192-bd8b-543406ce0492,FirstNumber=973,secondNumber=1575}  written to file by thread pool-3-thread-2
 message  {Id=3eb0347b-9afb-4d41-810c-801ff1700771,FirstNumber=441,secondNumber=602}  added by thread pool-3-thread-6
 message  {Id=3eb0347b-9afb-4d41-810c-801ff1700771,FirstNumber=441,secondNumber=602}  written to file by thread pool-3-thread-2
 message  {Id=6bb9c39c-d8d7-4c15-a6f2-65826229c541,FirstNumber=963,secondNumber=1124}  added by thread pool-3-thread-6
 message  {Id=6bb9c39c-d8d7-4c15-a6f2-65826229c541,FirstNumber=963,secondNumber=1124}  written to file by thread pool-3-thread-2
 message  {Id=dadb8c89-a4d8-4e15-bbc2-31257e4dc666,FirstNumber=731,secondNumber=1675}  added by thread pool-3-thread-6
 message  {Id=dadb8c89-a4d8-4e15-bbc2-31257e4dc666,FirstNumber=731,secondNumber=1675}  written to file by thread pool-3-thread-3
 message  {Id=fdd3b45e-7994-4f41-b7ae-93682fc2d639,FirstNumber=51,secondNumber=534}  added by thread pool-3-thread-6
 message  {Id=fdd3b45e-7994-4f41-b7ae-93682fc2d639,FirstNumber=51,secondNumber=534}  written to file by thread pool-3-thread-3
 message  {Id=bd1da15c-ff9e-43db-b935-927607e2602f,FirstNumber=146,secondNumber=634}  added by thread pool-3-thread-6
 message  {Id=bd1da15c-ff9e-43db-b935-927607e2602f,FirstNumber=146,secondNumber=634}  written to file by thread pool-3-thread-5
 message  {Id=f06362b6-5e46-488c-8782-e7314dc41d0c,FirstNumber=846,secondNumber=776}  added by thread pool-3-thread-6
 message  {Id=f06362b6-5e46-488c-8782-e7314dc41d0c,FirstNumber=846,secondNumber=776}  written to file by thread pool-3-thread-5
 message  {Id=8f775e92-3ee6-4fc4-b822-12cb340aba18,FirstNumber=179,secondNumber=9}  added by thread pool-3-thread-6
 message  {Id=8f775e92-3ee6-4fc4-b822-12cb340aba18,FirstNumber=179,secondNumber=9}  written to file by thread pool-3-thread-2
 message  {Id=dca0933b-18c1-4208-b25a-390c49d2512c,FirstNumber=937,secondNumber=957}  added by thread pool-3-thread-6
 message  {Id=dca0933b-18c1-4208-b25a-390c49d2512c,FirstNumber=937,secondNumber=957}  written to file by thread pool-3-thread-4
 message  {Id=577ee724-c7b3-46f7-ab37-853c09f3e004,FirstNumber=880,secondNumber=829}  added by thread pool-3-thread-6
 message  {Id=577ee724-c7b3-46f7-ab37-853c09f3e004,FirstNumber=880,secondNumber=829}  written to file by thread pool-3-thread-3
 message  {Id=d09f306c-d28d-4fa9-a27d-bf84d37c8b08,FirstNumber=763,secondNumber=1703}  added by thread pool-3-thread-6
 message  {Id=d09f306c-d28d-4fa9-a27d-bf84d37c8b08,FirstNumber=763,secondNumber=1703}  written to file by thread pool-3-thread-3
 message  {Id=1071c370-83e4-418a-b5b3-d4d7f595f210,FirstNumber=612,secondNumber=116}  added by thread pool-3-thread-6
 message  {Id=1112a463-a979-4669-94f8-c0d03c25448e,FirstNumber=48,secondNumber=1687}  added by thread pool-3-thread-6
 message  {Id=1071c370-83e4-418a-b5b3-d4d7f595f210,FirstNumber=612,secondNumber=116}  written to file by thread pool-3-thread-5
 message  {Id=1112a463-a979-4669-94f8-c0d03c25448e,FirstNumber=48,secondNumber=1687}  written to file by thread pool-3-thread-2
 message  {Id=b647d83d-f51f-4246-8e5c-748447220b47,FirstNumber=866,secondNumber=271}  added by thread pool-3-thread-6
 message  {Id=b647d83d-f51f-4246-8e5c-748447220b47,FirstNumber=866,secondNumber=271}  written to file by thread pool-3-thread-4
 message  {Id=fc2416dc-a2c2-4087-abe6-910b36a49f9f,FirstNumber=291,secondNumber=98}  added by thread pool-3-thread-6
 message  {Id=fc2416dc-a2c2-4087-abe6-910b36a49f9f,FirstNumber=291,secondNumber=98}  written to file by thread pool-3-thread-4
 message  {Id=4dc9bbf7-b396-469b-8718-04026542259f,FirstNumber=663,secondNumber=693}  added by thread pool-3-thread-6
 message  {Id=4dc9bbf7-b396-469b-8718-04026542259f,FirstNumber=663,secondNumber=693}  written to file by thread pool-3-thread-3
 message  {Id=816e225d-3550-4388-83ae-2c9e5f778903,FirstNumber=643,secondNumber=44}  added by thread pool-3-thread-6
 message  {Id=816e225d-3550-4388-83ae-2c9e5f778903,FirstNumber=643,secondNumber=44}  written to file by thread pool-3-thread-3
 message  {Id=fd71b586-0d2d-4976-9132-79ba887e726d,FirstNumber=943,secondNumber=216}  added by thread pool-3-thread-6
 message  {Id=fd71b586-0d2d-4976-9132-79ba887e726d,FirstNumber=943,secondNumber=216}  written to file by thread pool-3-thread-2
 message  {Id=a4677f5d-7f60-4620-9f63-3ed36c58d5dd,FirstNumber=484,secondNumber=1986}  added by thread pool-3-thread-6
 message  {Id=a4677f5d-7f60-4620-9f63-3ed36c58d5dd,FirstNumber=484,secondNumber=1986}  written to file by thread pool-3-thread-2
 message  {Id=16d3f120-bca6-4baa-844f-d5563525b2dc,FirstNumber=250,secondNumber=1139}  added by thread pool-3-thread-6
 message  {Id=16d3f120-bca6-4baa-844f-d5563525b2dc,FirstNumber=250,secondNumber=1139}  written to file by thread pool-3-thread-4
 message  {Id=c56aeb15-6425-476f-b05a-80b2d92595b8,FirstNumber=789,secondNumber=738}  added by thread pool-3-thread-6
 message  {Id=c56aeb15-6425-476f-b05a-80b2d92595b8,FirstNumber=789,secondNumber=738}  written to file by thread pool-3-thread-4
 message  {Id=b5e45aaf-5938-44ae-bedd-644c56a1107e,FirstNumber=337,secondNumber=1881}  added by thread pool-3-thread-6
 message  {Id=68388220-1243-4db5-91c2-501661c373c5,FirstNumber=473,secondNumber=318}  added by thread pool-3-thread-6
 message  {Id=b5e45aaf-5938-44ae-bedd-644c56a1107e,FirstNumber=337,secondNumber=1881}  written to file by thread pool-3-thread-3
 message  {Id=68388220-1243-4db5-91c2-501661c373c5,FirstNumber=473,secondNumber=318}  written to file by thread pool-3-thread-1
 message  {Id=b22bef3a-b10f-45cb-abf2-5f9e7a73247f,FirstNumber=379,secondNumber=543}  added by thread pool-3-thread-6
 message  {Id=b22bef3a-b10f-45cb-abf2-5f9e7a73247f,FirstNumber=379,secondNumber=543}  written to file by thread pool-3-thread-2
 message  {Id=9d70e488-bf2f-4924-98cd-9dafec4daa7b,FirstNumber=205,secondNumber=1061}  added by thread pool-3-thread-6
 message  {Id=9d70e488-bf2f-4924-98cd-9dafec4daa7b,FirstNumber=205,secondNumber=1061}  written to file by thread pool-3-thread-2
 message  {Id=1aaddddc-3887-487e-8524-4768fc98ac72,FirstNumber=515,secondNumber=671}  added by thread pool-3-thread-6
 message  {Id=1aaddddc-3887-487e-8524-4768fc98ac72,FirstNumber=515,secondNumber=671}  written to file by thread pool-3-thread-4
 message  {Id=e938d93c-a553-4128-9808-af8e815a43aa,FirstNumber=817,secondNumber=288}  added by thread pool-3-thread-6
 message  {Id=e938d93c-a553-4128-9808-af8e815a43aa,FirstNumber=817,secondNumber=288}  written to file by thread pool-3-thread-4
 message  {Id=1034d8b3-84fb-4219-8633-c3a1feee86e3,FirstNumber=33,secondNumber=75}  added by thread pool-3-thread-6
 message  {Id=1034d8b3-84fb-4219-8633-c3a1feee86e3,FirstNumber=33,secondNumber=75}  written to file by thread pool-3-thread-1
 message  {Id=461df11e-2590-4cb1-9ca7-11c2107537d1,FirstNumber=447,secondNumber=721}  added by thread pool-3-thread-6
 message  {Id=461df11e-2590-4cb1-9ca7-11c2107537d1,FirstNumber=447,secondNumber=721}  written to file by thread pool-3-thread-5
 message  {Id=bc4fad86-f455-46a0-92ab-398e06ebf1a0,FirstNumber=844,secondNumber=1167}  added by thread pool-3-thread-6
 message  {Id=bc4fad86-f455-46a0-92ab-398e06ebf1a0,FirstNumber=844,secondNumber=1167}  written to file by thread pool-3-thread-2
 message  {Id=cf15088e-de53-41c7-83cc-551b809945b0,FirstNumber=900,secondNumber=352}  added by thread pool-3-thread-6
 message  {Id=cf15088e-de53-41c7-83cc-551b809945b0,FirstNumber=900,secondNumber=352}  written to file by thread pool-3-thread-2
 message  {Id=8c3d5ee6-9ae5-4ec8-af92-88a110b379fc,FirstNumber=845,secondNumber=956}  added by thread pool-3-thread-6
 message  {Id=9b207101-cc18-4b90-9a96-d33f8c6e1a81,FirstNumber=413,secondNumber=205}  added by thread pool-3-thread-6
 message  {Id=8c3d5ee6-9ae5-4ec8-af92-88a110b379fc,FirstNumber=845,secondNumber=956}  written to file by thread pool-3-thread-4
 message  {Id=9b207101-cc18-4b90-9a96-d33f8c6e1a81,FirstNumber=413,secondNumber=205}  written to file by thread pool-3-thread-1
 message  {Id=639d42d2-e1bd-414c-8151-e5584dd4e1e7,FirstNumber=227,secondNumber=421}  added by thread pool-3-thread-6
 message  {Id=639d42d2-e1bd-414c-8151-e5584dd4e1e7,FirstNumber=227,secondNumber=421}  written to file by thread pool-3-thread-1
 message  {Id=b5ad8b08-dd28-4ecd-b3a6-cbe3b9f81873,FirstNumber=494,secondNumber=621}  added by thread pool-3-thread-6
 message  {Id=b5ad8b08-dd28-4ecd-b3a6-cbe3b9f81873,FirstNumber=494,secondNumber=621}  written to file by thread pool-3-thread-3
 message  {Id=b31b4013-a449-445e-bfea-49d8512657f4,FirstNumber=420,secondNumber=1315}  added by thread pool-3-thread-6
 message  {Id=b31b4013-a449-445e-bfea-49d8512657f4,FirstNumber=420,secondNumber=1315}  written to file by thread pool-3-thread-2
 message  {Id=4d7456f0-eb2c-4356-b441-d9b5c4bce8c1,FirstNumber=136,secondNumber=588}  added by thread pool-3-thread-6
 message  {Id=4d7456f0-eb2c-4356-b441-d9b5c4bce8c1,FirstNumber=136,secondNumber=588}  written to file by thread pool-3-thread-4
 message  {Id=4ac66cde-86ea-4d94-9d1a-8807c0a7c673,FirstNumber=8,secondNumber=525}  added by thread pool-3-thread-6
 message  {Id=4ac66cde-86ea-4d94-9d1a-8807c0a7c673,FirstNumber=8,secondNumber=525}  written to file by thread pool-3-thread-4
 message  {Id=e6807b51-2f2f-45cf-ae3b-d2b4c3dbd388,FirstNumber=145,secondNumber=411}  added by thread pool-3-thread-6
 message  {Id=e6807b51-2f2f-45cf-ae3b-d2b4c3dbd388,FirstNumber=145,secondNumber=411}  written to file by thread pool-3-thread-1
 message  {Id=e70c7712-5094-471b-a58d-c1a15c8ae328,FirstNumber=546,secondNumber=972}  added by thread pool-3-thread-6
 message  {Id=9452f514-a859-4a58-8ca1-030f6eea7e6f,FirstNumber=869,secondNumber=1267}  added by thread pool-3-thread-6
 message  {Id=e70c7712-5094-471b-a58d-c1a15c8ae328,FirstNumber=546,secondNumber=972}  written to file by thread pool-3-thread-3
 message  {Id=9452f514-a859-4a58-8ca1-030f6eea7e6f,FirstNumber=869,secondNumber=1267}  written to file by thread pool-3-thread-2
 message  {Id=034c70ce-a420-4ce3-8c77-d38a656aea5e,FirstNumber=737,secondNumber=68}  added by thread pool-3-thread-6
 message  {Id=a08da15d-730b-4b60-aaad-49a373038ecc,FirstNumber=771,secondNumber=1065}  added by thread pool-3-thread-6
 message  {Id=034c70ce-a420-4ce3-8c77-d38a656aea5e,FirstNumber=737,secondNumber=68}  written to file by thread pool-3-thread-5
 message  {Id=a08da15d-730b-4b60-aaad-49a373038ecc,FirstNumber=771,secondNumber=1065}  written to file by thread pool-3-thread-4
 message  {Id=1f63e6e3-a9a8-4d45-9392-aa94c6a83b7b,FirstNumber=568,secondNumber=232}  added by thread pool-3-thread-6
 message  {Id=feb48740-b1a8-4f6b-9874-0cef3925237c,FirstNumber=675,secondNumber=970}  added by thread pool-3-thread-6
 message  {Id=1f63e6e3-a9a8-4d45-9392-aa94c6a83b7b,FirstNumber=568,secondNumber=232}  written to file by thread pool-3-thread-1
 message  {Id=feb48740-b1a8-4f6b-9874-0cef3925237c,FirstNumber=675,secondNumber=970}  written to file by thread pool-3-thread-3
 message  {Id=deac69a1-c85f-4d74-9cf6-e127ee9c7dec,FirstNumber=577,secondNumber=1950}  added by thread pool-3-thread-6
 message  {Id=deac69a1-c85f-4d74-9cf6-e127ee9c7dec,FirstNumber=577,secondNumber=1950}  written to file by thread pool-3-thread-2
 message  {Id=da191b71-b31d-4811-bad7-7844a1a07855,FirstNumber=41,secondNumber=1255}  added by thread pool-3-thread-6
 message  {Id=da191b71-b31d-4811-bad7-7844a1a07855,FirstNumber=41,secondNumber=1255}  written to file by thread pool-3-thread-2
 message  {Id=d1d3330e-f8ce-47c6-b802-65467519a71e,FirstNumber=8,secondNumber=1096}  added by thread pool-3-thread-6
 message  {Id=d1d3330e-f8ce-47c6-b802-65467519a71e,FirstNumber=8,secondNumber=1096}  written to file by thread pool-3-thread-4
 message  {Id=65d51191-d6db-4f8a-bf77-d06b89c363e8,FirstNumber=882,secondNumber=1749}  added by thread pool-3-thread-6
 message  {Id=65d51191-d6db-4f8a-bf77-d06b89c363e8,FirstNumber=882,secondNumber=1749}  written to file by thread pool-3-thread-4
 message  {Id=63ecd6c9-247a-4b18-a81d-f3490aff525a,FirstNumber=752,secondNumber=653}  added by thread pool-3-thread-6
 message  {Id=63ecd6c9-247a-4b18-a81d-f3490aff525a,FirstNumber=752,secondNumber=653}  written to file by thread pool-3-thread-3
 message  {Id=f7b9e7a0-0cc5-4e97-af01-9ba4acca144a,FirstNumber=45,secondNumber=1171}  added by thread pool-3-thread-6
 message  {Id=f7b9e7a0-0cc5-4e97-af01-9ba4acca144a,FirstNumber=45,secondNumber=1171}  written to file by thread pool-3-thread-3
 message  {Id=1e915f40-9d8e-40f7-ac7e-76dca5e54fc0,FirstNumber=125,secondNumber=1512}  added by thread pool-3-thread-6
 message  {Id=97ad9282-b19f-47b9-a036-d7a677dadf22,FirstNumber=73,secondNumber=114}  added by thread pool-3-thread-6
 message  {Id=1e915f40-9d8e-40f7-ac7e-76dca5e54fc0,FirstNumber=125,secondNumber=1512}  written to file by thread pool-3-thread-2
 message  {Id=97ad9282-b19f-47b9-a036-d7a677dadf22,FirstNumber=73,secondNumber=114}  written to file by thread pool-3-thread-1
 message  {Id=f77cfdd0-8527-4f19-bb9e-18e80a5d54ae,FirstNumber=898,secondNumber=1966}  added by thread pool-3-thread-6
 message  {Id=f77cfdd0-8527-4f19-bb9e-18e80a5d54ae,FirstNumber=898,secondNumber=1966}  written to file by thread pool-3-thread-1
 message  {Id=18b6f961-44df-44cf-8f56-c33b5f42db58,FirstNumber=148,secondNumber=999}  added by thread pool-3-thread-6
 message  {Id=18b6f961-44df-44cf-8f56-c33b5f42db58,FirstNumber=148,secondNumber=999}  written to file by thread pool-3-thread-5
 message  {Id=1516399d-5015-46bc-9fd6-61d24ce31ab4,FirstNumber=87,secondNumber=1075}  added by thread pool-3-thread-6
 message  {Id=4ee3077e-2b3a-4832-b2c0-859dad2979e5,FirstNumber=865,secondNumber=148}  added by thread pool-3-thread-6
 message  {Id=1516399d-5015-46bc-9fd6-61d24ce31ab4,FirstNumber=87,secondNumber=1075}  written to file by thread pool-3-thread-3
 message  {Id=4ee3077e-2b3a-4832-b2c0-859dad2979e5,FirstNumber=865,secondNumber=148}  written to file by thread pool-3-thread-2
 message  {Id=d9c50f27-063e-48ba-8a9e-8f5d12586146,FirstNumber=163,secondNumber=38}  added by thread pool-3-thread-6
 message  {Id=d9c50f27-063e-48ba-8a9e-8f5d12586146,FirstNumber=163,secondNumber=38}  written to file by thread pool-3-thread-2
 message  {Id=d9c07a63-42f1-4664-8aa7-b3458f93e5ae,FirstNumber=604,secondNumber=1612}  added by thread pool-3-thread-6
 message  {Id=d9c07a63-42f1-4664-8aa7-b3458f93e5ae,FirstNumber=604,secondNumber=1612}  written to file by thread pool-3-thread-1
 message  {Id=cc946eca-34fa-466e-a855-e95a508bc5be,FirstNumber=106,secondNumber=1409}  added by thread pool-3-thread-6
 message  {Id=cc946eca-34fa-466e-a855-e95a508bc5be,FirstNumber=106,secondNumber=1409}  written to file by thread pool-3-thread-1
 message  {Id=31edd224-60a1-4520-b4e6-7bc4966186f7,FirstNumber=623,secondNumber=119}  added by thread pool-3-thread-6
 message  {Id=31edd224-60a1-4520-b4e6-7bc4966186f7,FirstNumber=623,secondNumber=119}  written to file by thread pool-3-thread-3
 message  {Id=9843b068-0bb8-45f0-9468-61d86b305766,FirstNumber=819,secondNumber=1805}  added by thread pool-3-thread-6
 message  {Id=6418d442-a52d-4f93-b4da-b2cab3ba3af6,FirstNumber=886,secondNumber=790}  added by thread pool-3-thread-6
 message  {Id=9843b068-0bb8-45f0-9468-61d86b305766,FirstNumber=819,secondNumber=1805}  written to file by thread pool-3-thread-4
 message  {Id=6418d442-a52d-4f93-b4da-b2cab3ba3af6,FirstNumber=886,secondNumber=790}  written to file by thread pool-3-thread-2
 message  {Id=6aa20557-dbf5-4c97-b03f-4fc859b5f45e,FirstNumber=741,secondNumber=200}  added by thread pool-3-thread-6
 message  {Id=6aa20557-dbf5-4c97-b03f-4fc859b5f45e,FirstNumber=741,secondNumber=200}  written to file by thread pool-3-thread-5
 message  {Id=f75ccf20-06df-4363-9379-5aa0e594b1e0,FirstNumber=96,secondNumber=561}  added by thread pool-3-thread-6
 message  {Id=f75ccf20-06df-4363-9379-5aa0e594b1e0,FirstNumber=96,secondNumber=561}  written to file by thread pool-3-thread-5
 message  {Id=e1e30441-5fe9-4d4a-8bc6-1070fe57d920,FirstNumber=237,secondNumber=1129}  added by thread pool-3-thread-6
 message  {Id=e1e30441-5fe9-4d4a-8bc6-1070fe57d920,FirstNumber=237,secondNumber=1129}  written to file by thread pool-3-thread-3
 message  {Id=9965fdb5-5aab-4f3e-bdfa-789aca347d11,FirstNumber=838,secondNumber=1550}  added by thread pool-3-thread-6
 message  {Id=9965fdb5-5aab-4f3e-bdfa-789aca347d11,FirstNumber=838,secondNumber=1550}  written to file by thread pool-3-thread-4
 message  {Id=73dd43e6-de9e-462a-b87e-fe981100e167,FirstNumber=466,secondNumber=30}  added by thread pool-3-thread-6
 message  {Id=73dd43e6-de9e-462a-b87e-fe981100e167,FirstNumber=466,secondNumber=30}  written to file by thread pool-3-thread-4
 message  {Id=410b0b83-c503-4f53-b7e4-b053f61ac4ec,FirstNumber=898,secondNumber=685}  added by thread pool-3-thread-6
 message  {Id=410b0b83-c503-4f53-b7e4-b053f61ac4ec,FirstNumber=898,secondNumber=685}  written to file by thread pool-3-thread-1
 message  {Id=6b7ab6aa-465b-4939-8917-bfe1321a04d7,FirstNumber=938,secondNumber=31}  added by thread pool-3-thread-6
 message  {Id=6b7ab6aa-465b-4939-8917-bfe1321a04d7,FirstNumber=938,secondNumber=31}  written to file by thread pool-3-thread-1
 message  {Id=76643b98-d5be-4aaa-8c9e-e72998cd8f03,FirstNumber=281,secondNumber=1677}  added by thread pool-3-thread-6
 message  {Id=76643b98-d5be-4aaa-8c9e-e72998cd8f03,FirstNumber=281,secondNumber=1677}  written to file by thread pool-3-thread-3
 message  {Id=37903e1e-46b9-4f6e-9871-a22ca33d170a,FirstNumber=425,secondNumber=836}  added by thread pool-3-thread-6
 message  {Id=0d504429-ac83-48f0-a3bc-f852f7d1b56f,FirstNumber=49,secondNumber=1470}  added by thread pool-3-thread-6
 message  {Id=37903e1e-46b9-4f6e-9871-a22ca33d170a,FirstNumber=425,secondNumber=836}  written to file by thread pool-3-thread-2
 message  {Id=0d504429-ac83-48f0-a3bc-f852f7d1b56f,FirstNumber=49,secondNumber=1470}  written to file by thread pool-3-thread-4
 message  {Id=760f7b52-5213-4c2a-a726-ce075fe02a93,FirstNumber=230,secondNumber=513}  added by thread pool-3-thread-6
 message  {Id=5b5405a5-56e3-488d-a480-7c6161618e8d,FirstNumber=208,secondNumber=1707}  added by thread pool-3-thread-6
 message  {Id=760f7b52-5213-4c2a-a726-ce075fe02a93,FirstNumber=230,secondNumber=513}  written to file by thread pool-3-thread-5
 message  {Id=5b5405a5-56e3-488d-a480-7c6161618e8d,FirstNumber=208,secondNumber=1707}  written to file by thread pool-3-thread-1
 message  {Id=ec962b4e-8e8c-4b9d-836b-fe1f264f1d9b,FirstNumber=228,secondNumber=442}  added by thread pool-3-thread-6
 message  {Id=e79b7472-7957-46a7-afb8-74c67d4e0765,FirstNumber=822,secondNumber=868}  added by thread pool-3-thread-6
 message  {Id=ec962b4e-8e8c-4b9d-836b-fe1f264f1d9b,FirstNumber=228,secondNumber=442}  written to file by thread pool-3-thread-3
 message  {Id=e79b7472-7957-46a7-afb8-74c67d4e0765,FirstNumber=822,secondNumber=868}  written to file by thread pool-3-thread-2
 message  {Id=158002f2-afcb-43c0-9310-ac959698f83b,FirstNumber=680,secondNumber=393}  added by thread pool-3-thread-6
 message  {Id=158002f2-afcb-43c0-9310-ac959698f83b,FirstNumber=680,secondNumber=393}  written to file by thread pool-3-thread-2
 message  {Id=926f5cde-d8b9-449b-8139-dc5525ed5bec,FirstNumber=441,secondNumber=871}  added by thread pool-3-thread-6
 message  {Id=926f5cde-d8b9-449b-8139-dc5525ed5bec,FirstNumber=441,secondNumber=871}  written to file by thread pool-3-thread-5
 message  {Id=684b89e3-11a7-4815-b1bf-a6649c07f9bc,FirstNumber=252,secondNumber=814}  added by thread pool-3-thread-6
 message  {Id=684b89e3-11a7-4815-b1bf-a6649c07f9bc,FirstNumber=252,secondNumber=814}  written to file by thread pool-3-thread-1
 message  {Id=8b35ed4f-17c8-49fb-bb6e-d1a15bb69d6c,FirstNumber=739,secondNumber=1943}  added by thread pool-3-thread-6
 message  {Id=8b35ed4f-17c8-49fb-bb6e-d1a15bb69d6c,FirstNumber=739,secondNumber=1943}  written to file by thread pool-3-thread-3
 message  {Id=9b91fa6b-e6a6-4921-baa6-e7faadee0651,FirstNumber=372,secondNumber=1376}  added by thread pool-3-thread-6
 message  {Id=9b91fa6b-e6a6-4921-baa6-e7faadee0651,FirstNumber=372,secondNumber=1376}  written to file by thread pool-3-thread-3
 message  {Id=1bb72c3b-d09f-48b1-8fd7-08cc48d5d727,FirstNumber=908,secondNumber=509}  added by thread pool-3-thread-6
 message  {Id=1bb72c3b-d09f-48b1-8fd7-08cc48d5d727,FirstNumber=908,secondNumber=509}  written to file by thread pool-3-thread-3
 message  {Id=7941a442-bfbb-4643-a09a-99bcd41d116a,FirstNumber=105,secondNumber=1857}  added by thread pool-3-thread-6
 message  {Id=7941a442-bfbb-4643-a09a-99bcd41d116a,FirstNumber=105,secondNumber=1857}  written to file by thread pool-3-thread-5
 message  {Id=b229fa58-263c-45a7-bbfa-811bf8b1e85e,FirstNumber=453,secondNumber=323}  added by thread pool-3-thread-6
 message  {Id=b229fa58-263c-45a7-bbfa-811bf8b1e85e,FirstNumber=453,secondNumber=323}  written to file by thread pool-3-thread-5
 message  {Id=4300432d-3303-465a-868e-6c6f74c7480f,FirstNumber=231,secondNumber=1581}  added by thread pool-3-thread-6
 message  {Id=4300432d-3303-465a-868e-6c6f74c7480f,FirstNumber=231,secondNumber=1581}  written to file by thread pool-3-thread-4
 message  {Id=626d0cb6-ad07-4bb9-ae9f-8e3104d528bf,FirstNumber=837,secondNumber=860}  added by thread pool-3-thread-6
 message  {Id=626d0cb6-ad07-4bb9-ae9f-8e3104d528bf,FirstNumber=837,secondNumber=860}  written to file by thread pool-3-thread-4
 message  {Id=7db27601-90db-45ca-8cc6-332b63779506,FirstNumber=903,secondNumber=963}  added by thread pool-3-thread-6
 message  {Id=7db27601-90db-45ca-8cc6-332b63779506,FirstNumber=903,secondNumber=963}  written to file by thread pool-3-thread-3
 message  {Id=be2aaebe-18a7-4c31-8184-f40dbd9a1df2,FirstNumber=771,secondNumber=1275}  added by thread pool-3-thread-6
 message  {Id=be2aaebe-18a7-4c31-8184-f40dbd9a1df2,FirstNumber=771,secondNumber=1275}  written to file by thread pool-3-thread-3
 message  {Id=9d24606f-1887-424a-989a-8cc97e67eded,FirstNumber=700,secondNumber=4}  added by thread pool-3-thread-6
 message  {Id=9d24606f-1887-424a-989a-8cc97e67eded,FirstNumber=700,secondNumber=4}  written to file by thread pool-3-thread-3
 message  {Id=9c1a288d-bb89-48b4-97c0-4ef88641cb1b,FirstNumber=99,secondNumber=1507}  added by thread pool-3-thread-6
 message  {Id=9c1a288d-bb89-48b4-97c0-4ef88641cb1b,FirstNumber=99,secondNumber=1507}  written to file by thread pool-3-thread-2
 message  {Id=ae17c4f7-1e79-4335-97fd-a2cafb65a1e3,FirstNumber=298,secondNumber=1600}  added by thread pool-3-thread-6
 message  {Id=4d8f3a7a-bd18-4d1e-9373-3126694cb9f1,FirstNumber=902,secondNumber=1875}  added by thread pool-3-thread-6
 message  {Id=ae17c4f7-1e79-4335-97fd-a2cafb65a1e3,FirstNumber=298,secondNumber=1600}  written to file by thread pool-3-thread-4
 message  {Id=4d8f3a7a-bd18-4d1e-9373-3126694cb9f1,FirstNumber=902,secondNumber=1875}  written to file by thread pool-3-thread-1
 message  {Id=cadd0d0b-f903-4e6e-8799-a6b9d78516ee,FirstNumber=976,secondNumber=1987}  added by thread pool-3-thread-6
 message  {Id=cadd0d0b-f903-4e6e-8799-a6b9d78516ee,FirstNumber=976,secondNumber=1987}  written to file by thread pool-3-thread-1
 message  {Id=e96f326c-92cd-40f3-9fcd-894df469af59,FirstNumber=276,secondNumber=1657}  added by thread pool-3-thread-6
 message  {Id=e96f326c-92cd-40f3-9fcd-894df469af59,FirstNumber=276,secondNumber=1657}  written to file by thread pool-3-thread-3
 message  {Id=413e0ac0-c955-4668-b77f-fa97fac901b6,FirstNumber=816,secondNumber=1449}  added by thread pool-3-thread-6
 message  {Id=413e0ac0-c955-4668-b77f-fa97fac901b6,FirstNumber=816,secondNumber=1449}  written to file by thread pool-3-thread-2
 message  {Id=4d890c84-2dfe-46d4-8727-d3939857b0b8,FirstNumber=805,secondNumber=1074}  added by thread pool-3-thread-6
 message  {Id=4d890c84-2dfe-46d4-8727-d3939857b0b8,FirstNumber=805,secondNumber=1074}  written to file by thread pool-3-thread-4
 message  {Id=c48a2108-022b-478e-b6d2-a276c09f55fc,FirstNumber=890,secondNumber=621}  added by thread pool-3-thread-6
 message  {Id=c48a2108-022b-478e-b6d2-a276c09f55fc,FirstNumber=890,secondNumber=621}  written to file by thread pool-3-thread-4
 message  {Id=63810e88-b86d-4c23-8c4b-99b3b2966c43,FirstNumber=253,secondNumber=1523}  added by thread pool-3-thread-6
 message  {Id=63810e88-b86d-4c23-8c4b-99b3b2966c43,FirstNumber=253,secondNumber=1523}  written to file by thread pool-3-thread-1
 message  {Id=39dfe669-8ed0-4c63-b7fe-07ccbdff76ab,FirstNumber=966,secondNumber=402}  added by thread pool-3-thread-6
 message  {Id=39dfe669-8ed0-4c63-b7fe-07ccbdff76ab,FirstNumber=966,secondNumber=402}  written to file by thread pool-3-thread-1
 message  {Id=e5122e77-9532-4f60-8356-a3547a13f4c1,FirstNumber=962,secondNumber=1227}  added by thread pool-3-thread-6
 message  {Id=e5122e77-9532-4f60-8356-a3547a13f4c1,FirstNumber=962,secondNumber=1227}  written to file by thread pool-3-thread-1
 message  {Id=f3833910-58d6-499f-88f1-0c52201da19e,FirstNumber=984,secondNumber=508}  added by thread pool-3-thread-6
 message  {Id=f957a01c-188a-4c13-9986-31a99a6d6bcc,FirstNumber=951,secondNumber=305}  added by thread pool-3-thread-6
 message  {Id=f3833910-58d6-499f-88f1-0c52201da19e,FirstNumber=984,secondNumber=508}  written to file by thread pool-3-thread-5
 message  {Id=f957a01c-188a-4c13-9986-31a99a6d6bcc,FirstNumber=951,secondNumber=305}  written to file by thread pool-3-thread-4
 message  {Id=860a9d71-9e33-4be8-9531-cedff94a15c3,FirstNumber=838,secondNumber=1431}  added by thread pool-3-thread-6
 message  {Id=860a9d71-9e33-4be8-9531-cedff94a15c3,FirstNumber=838,secondNumber=1431}  written to file by thread pool-3-thread-3
 message  {Id=c5ba3d56-0abe-4a7e-a8a1-61cb5a983c77,FirstNumber=300,secondNumber=1883}  added by thread pool-3-thread-6
 message  {Id=c5ba3d56-0abe-4a7e-a8a1-61cb5a983c77,FirstNumber=300,secondNumber=1883}  written to file by thread pool-3-thread-2
 message  {Id=346f751b-dd22-4431-99c5-2613f0306a37,FirstNumber=759,secondNumber=1262}  added by thread pool-3-thread-6
 message  {Id=346f751b-dd22-4431-99c5-2613f0306a37,FirstNumber=759,secondNumber=1262}  written to file by thread pool-3-thread-1
 message  {Id=81070d3d-3d9a-4099-a59c-2ddc4a022d12,FirstNumber=372,secondNumber=913}  added by thread pool-3-thread-6
 message  {Id=81070d3d-3d9a-4099-a59c-2ddc4a022d12,FirstNumber=372,secondNumber=913}  written to file by thread pool-3-thread-5
 message  {Id=1bf0e942-e84c-448f-8a6a-8321b09a3d08,FirstNumber=893,secondNumber=1534}  added by thread pool-3-thread-6
 message  {Id=1bf0e942-e84c-448f-8a6a-8321b09a3d08,FirstNumber=893,secondNumber=1534}  written to file by thread pool-3-thread-5
 message  {Id=535ba351-b7b9-4f0f-b359-908e8fdbbc52,FirstNumber=570,secondNumber=659}  added by thread pool-3-thread-6
 message  {Id=535ba351-b7b9-4f0f-b359-908e8fdbbc52,FirstNumber=570,secondNumber=659}  written to file by thread pool-3-thread-3
 message  {Id=9f9dcad1-de94-4360-b2a2-2009049b0eaf,FirstNumber=797,secondNumber=787}  added by thread pool-3-thread-6
 message  {Id=49f3aac2-223c-4fd3-935c-fe1e714347ee,FirstNumber=616,secondNumber=350}  added by thread pool-3-thread-6
 message  {Id=9f9dcad1-de94-4360-b2a2-2009049b0eaf,FirstNumber=797,secondNumber=787}  written to file by thread pool-3-thread-2
 message  {Id=49f3aac2-223c-4fd3-935c-fe1e714347ee,FirstNumber=616,secondNumber=350}  written to file by thread pool-3-thread-1
 message  {Id=9b8f6d64-03bf-43d1-a58b-d09e552691b6,FirstNumber=275,secondNumber=518}  added by thread pool-3-thread-6
 message  {Id=9b8f6d64-03bf-43d1-a58b-d09e552691b6,FirstNumber=275,secondNumber=518}  written to file by thread pool-3-thread-4
 message  {Id=496b001b-bcb4-41ae-a226-1312e415fb9d,FirstNumber=814,secondNumber=72}  added by thread pool-3-thread-6
 message  {Id=496b001b-bcb4-41ae-a226-1312e415fb9d,FirstNumber=814,secondNumber=72}  written to file by thread pool-3-thread-5
 message  {Id=4e9e15a4-0351-4928-9b1a-04c866947f04,FirstNumber=878,secondNumber=844}  added by thread pool-3-thread-6
 message  {Id=4e9e15a4-0351-4928-9b1a-04c866947f04,FirstNumber=878,secondNumber=844}  written to file by thread pool-3-thread-5
 message  {Id=0fb51ae3-c39b-4520-90ce-d861caf9cba0,FirstNumber=11,secondNumber=1505}  added by thread pool-3-thread-6
 message  {Id=0fb51ae3-c39b-4520-90ce-d861caf9cba0,FirstNumber=11,secondNumber=1505}  written to file by thread pool-3-thread-2
 message  {Id=2a1a3e02-0523-4e7a-9efa-15e499a490c5,FirstNumber=390,secondNumber=491}  added by thread pool-3-thread-6
 message  {Id=2a1a3e02-0523-4e7a-9efa-15e499a490c5,FirstNumber=390,secondNumber=491}  written to file by thread pool-3-thread-1
 message  {Id=6ac6cd4e-152c-4ec2-b328-6f3bd6d59c30,FirstNumber=956,secondNumber=559}  added by thread pool-3-thread-6
 message  {Id=6ac6cd4e-152c-4ec2-b328-6f3bd6d59c30,FirstNumber=956,secondNumber=559}  written to file by thread pool-3-thread-4
 message  {Id=26c616b6-950e-4e07-9b5a-16140542dd79,FirstNumber=837,secondNumber=906}  added by thread pool-3-thread-6
 message  {Id=26c616b6-950e-4e07-9b5a-16140542dd79,FirstNumber=837,secondNumber=906}  written to file by thread pool-3-thread-4
 message  {Id=e323a86a-4162-43e4-8293-93898176a16f,FirstNumber=500,secondNumber=829}  added by thread pool-3-thread-6
 message  {Id=e323a86a-4162-43e4-8293-93898176a16f,FirstNumber=500,secondNumber=829}  written to file by thread pool-3-thread-5
 message  {Id=e4ba8189-a712-4b36-ae27-9cfc4a09954f,FirstNumber=896,secondNumber=337}  added by thread pool-3-thread-6
 message  {Id=e4ba8189-a712-4b36-ae27-9cfc4a09954f,FirstNumber=896,secondNumber=337}  written to file by thread pool-3-thread-2
 message  {Id=feb8d1d8-f3c1-407f-8503-2ae802637238,FirstNumber=681,secondNumber=1075}  added by thread pool-3-thread-6
 message  {Id=feb8d1d8-f3c1-407f-8503-2ae802637238,FirstNumber=681,secondNumber=1075}  written to file by thread pool-3-thread-2
 message  {Id=8fd014eb-8abb-4c30-8154-879dc420e5a0,FirstNumber=801,secondNumber=87}  added by thread pool-3-thread-6
 message  {Id=5cae0644-f3fd-4319-b09c-af7335c322aa,FirstNumber=372,secondNumber=1914}  added by thread pool-3-thread-6
 message  {Id=8fd014eb-8abb-4c30-8154-879dc420e5a0,FirstNumber=801,secondNumber=87}  written to file by thread pool-3-thread-3
 message  {Id=5cae0644-f3fd-4319-b09c-af7335c322aa,FirstNumber=372,secondNumber=1914}  written to file by thread pool-3-thread-4
 message  {Id=e5f8fe72-3249-494e-98c3-1b6a94752627,FirstNumber=979,secondNumber=466}  added by thread pool-3-thread-6
 message  {Id=e5f8fe72-3249-494e-98c3-1b6a94752627,FirstNumber=979,secondNumber=466}  written to file by thread pool-3-thread-5
 message  {Id=9af781fc-ba8a-4939-88b0-30f7b23834f4,FirstNumber=692,secondNumber=607}  added by thread pool-3-thread-6
 message  {Id=9af781fc-ba8a-4939-88b0-30f7b23834f4,FirstNumber=692,secondNumber=607}  written to file by thread pool-3-thread-5
 message  {Id=9cf4a2d7-af03-4f14-83db-005d88430104,FirstNumber=695,secondNumber=1580}  added by thread pool-3-thread-6
 message  {Id=9cf4a2d7-af03-4f14-83db-005d88430104,FirstNumber=695,secondNumber=1580}  written to file by thread pool-3-thread-2
 message  {Id=087409a4-0a8a-41bd-a056-1276ebb4882b,FirstNumber=285,secondNumber=1280}  added by thread pool-3-thread-6
 message  {Id=087409a4-0a8a-41bd-a056-1276ebb4882b,FirstNumber=285,secondNumber=1280}  written to file by thread pool-3-thread-2
 message  {Id=df62d07d-2eeb-44ae-8993-57f2559f1490,FirstNumber=941,secondNumber=54}  added by thread pool-3-thread-6
 message  {Id=df62d07d-2eeb-44ae-8993-57f2559f1490,FirstNumber=941,secondNumber=54}  written to file by thread pool-3-thread-4
 message  {Id=768c39d4-2f8b-4185-b845-2c7c9c858120,FirstNumber=973,secondNumber=618}  added by thread pool-3-thread-6
 message  {Id=768c39d4-2f8b-4185-b845-2c7c9c858120,FirstNumber=973,secondNumber=618}  written to file by thread pool-3-thread-4
 message  {Id=3c7e539f-dc5a-464d-8d47-e2685ec646dc,FirstNumber=843,secondNumber=1960}  added by thread pool-3-thread-6
 message  {Id=3c7e539f-dc5a-464d-8d47-e2685ec646dc,FirstNumber=843,secondNumber=1960}  written to file by thread pool-3-thread-5
 message  {Id=38f199c7-b06b-4407-a121-f5533daf4f46,FirstNumber=91,secondNumber=1688}  added by thread pool-3-thread-6
 message  {Id=38f199c7-b06b-4407-a121-f5533daf4f46,FirstNumber=91,secondNumber=1688}  written to file by thread pool-3-thread-5
 message  {Id=240203cf-1226-4b88-a30e-8b1e38fbaf41,FirstNumber=304,secondNumber=972}  added by thread pool-3-thread-6
 message  {Id=002cea55-1249-4a10-8f8b-a6b59882e76f,FirstNumber=337,secondNumber=552}  added by thread pool-3-thread-6
 message  {Id=240203cf-1226-4b88-a30e-8b1e38fbaf41,FirstNumber=304,secondNumber=972}  written to file by thread pool-3-thread-2
 message  {Id=002cea55-1249-4a10-8f8b-a6b59882e76f,FirstNumber=337,secondNumber=552}  written to file by thread pool-3-thread-1
 message  {Id=486d7d9e-8f20-4419-acc8-f34aea332537,FirstNumber=202,secondNumber=1064}  added by thread pool-3-thread-6
 message  {Id=486d7d9e-8f20-4419-acc8-f34aea332537,FirstNumber=202,secondNumber=1064}  written to file by thread pool-3-thread-1
 message  {Id=52d58d07-95a9-4e40-8a2f-9eb343da0e45,FirstNumber=941,secondNumber=1998}  added by thread pool-3-thread-6
 message  {Id=52d58d07-95a9-4e40-8a2f-9eb343da0e45,FirstNumber=941,secondNumber=1998}  written to file by thread pool-3-thread-3
 message  {Id=02e1d736-da26-44d5-bdad-02b7eba974f7,FirstNumber=631,secondNumber=1679}  added by thread pool-3-thread-6
 message  {Id=02e1d736-da26-44d5-bdad-02b7eba974f7,FirstNumber=631,secondNumber=1679}  written to file by thread pool-3-thread-3
 message  {Id=fe91671a-a7f2-4fe7-be5d-6b3488bd33fd,FirstNumber=760,secondNumber=1310}  added by thread pool-3-thread-6
 message  {Id=fe91671a-a7f2-4fe7-be5d-6b3488bd33fd,FirstNumber=760,secondNumber=1310}  written to file by thread pool-3-thread-2
 message  {Id=5bd2ee8e-ff4a-4c14-a57f-8aa71ccb1ef2,FirstNumber=86,secondNumber=1805}  added by thread pool-3-thread-6
 message  {Id=5bd2ee8e-ff4a-4c14-a57f-8aa71ccb1ef2,FirstNumber=86,secondNumber=1805}  written to file by thread pool-3-thread-2
 message  {Id=60c97c3e-6b45-44a8-b60a-3d42f7f7519d,FirstNumber=82,secondNumber=52}  added by thread pool-3-thread-6
 message  {Id=60c97c3e-6b45-44a8-b60a-3d42f7f7519d,FirstNumber=82,secondNumber=52}  written to file by thread pool-3-thread-1
 message  {Id=fd72558b-4ea7-4f2f-9cd0-b5848e01ee7b,FirstNumber=808,secondNumber=1066}  added by thread pool-3-thread-6
 message  {Id=fd72558b-4ea7-4f2f-9cd0-b5848e01ee7b,FirstNumber=808,secondNumber=1066}  written to file by thread pool-3-thread-1
 message  {Id=70dac1e1-0e91-422d-8c3c-5ade490b4a76,FirstNumber=876,secondNumber=559}  added by thread pool-3-thread-6
 message  {Id=70dac1e1-0e91-422d-8c3c-5ade490b4a76,FirstNumber=876,secondNumber=559}  written to file by thread pool-3-thread-3
 message  {Id=b00fba6d-eb0e-4da3-9611-2939763f9207,FirstNumber=90,secondNumber=1516}  added by thread pool-3-thread-6
 message  {Id=b00fba6d-eb0e-4da3-9611-2939763f9207,FirstNumber=90,secondNumber=1516}  written to file by thread pool-3-thread-3
 message  {Id=0b06550c-dfc4-4650-a1ed-a9dbb5eb79e3,FirstNumber=319,secondNumber=1538}  added by thread pool-3-thread-6
 message  {Id=093dd3c5-de2f-4915-933d-5d74ce66cdc7,FirstNumber=775,secondNumber=1990}  added by thread pool-3-thread-6
 message  {Id=0b06550c-dfc4-4650-a1ed-a9dbb5eb79e3,FirstNumber=319,secondNumber=1538}  written to file by thread pool-3-thread-2
 message  {Id=093dd3c5-de2f-4915-933d-5d74ce66cdc7,FirstNumber=775,secondNumber=1990}  written to file by thread pool-3-thread-5
 message  {Id=1ed03eb7-2cc0-427f-9ba1-c43b4e2be2e5,FirstNumber=431,secondNumber=556}  added by thread pool-3-thread-6
 message  {Id=1ed03eb7-2cc0-427f-9ba1-c43b4e2be2e5,FirstNumber=431,secondNumber=556}  written to file by thread pool-3-thread-5
 message  {Id=62dd866d-7989-42a5-836b-9315e47240bf,FirstNumber=849,secondNumber=1554}  added by thread pool-3-thread-6
 message  {Id=62dd866d-7989-42a5-836b-9315e47240bf,FirstNumber=849,secondNumber=1554}  written to file by thread pool-3-thread-4
 message  {Id=76761f86-f379-4b87-ab07-e9b07b136ff9,FirstNumber=921,secondNumber=639}  added by thread pool-3-thread-6
 message  {Id=76761f86-f379-4b87-ab07-e9b07b136ff9,FirstNumber=921,secondNumber=639}  written to file by thread pool-3-thread-4
 message  {Id=b7d1fdd3-55f8-477f-8543-823934cb2ef5,FirstNumber=832,secondNumber=1319}  added by thread pool-3-thread-6
 message  {Id=b7d1fdd3-55f8-477f-8543-823934cb2ef5,FirstNumber=832,secondNumber=1319}  written to file by thread pool-3-thread-2
 message  {Id=8b7c6e85-9fb6-4b99-a013-ba5cd212260c,FirstNumber=616,secondNumber=1742}  added by thread pool-3-thread-6
 message  {Id=8b7c6e85-9fb6-4b99-a013-ba5cd212260c,FirstNumber=616,secondNumber=1742}  written to file by thread pool-3-thread-2
 message  {Id=0b084a73-7868-47b7-b0e2-7235eabd6db0,FirstNumber=959,secondNumber=1019}  added by thread pool-3-thread-6
 message  {Id=0b084a73-7868-47b7-b0e2-7235eabd6db0,FirstNumber=959,secondNumber=1019}  written to file by thread pool-3-thread-5
 message  {Id=a21c28a3-b759-4cad-83dd-8ef411407b72,FirstNumber=544,secondNumber=1137}  added by thread pool-3-thread-6
 message  {Id=a21c28a3-b759-4cad-83dd-8ef411407b72,FirstNumber=544,secondNumber=1137}  written to file by thread pool-3-thread-5
 message  {Id=27afd0e6-a3eb-4c77-a9c8-ad06ab5801a1,FirstNumber=441,secondNumber=1912}  added by thread pool-3-thread-6
 message  {Id=4d263720-117a-4d23-bb83-86453df845cd,FirstNumber=940,secondNumber=708}  added by thread pool-3-thread-6
 message  {Id=27afd0e6-a3eb-4c77-a9c8-ad06ab5801a1,FirstNumber=441,secondNumber=1912}  written to file by thread pool-3-thread-4
 message  {Id=4d263720-117a-4d23-bb83-86453df845cd,FirstNumber=940,secondNumber=708}  written to file by thread pool-3-thread-1
 message  {Id=41c071f1-b640-4551-beeb-b00bd9a3c982,FirstNumber=216,secondNumber=718}  added by thread pool-3-thread-6
 message  {Id=41c071f1-b640-4551-beeb-b00bd9a3c982,FirstNumber=216,secondNumber=718}  written to file by thread pool-3-thread-1
 message  {Id=8ebdc662-ccd9-488e-9643-06f6eebe0231,FirstNumber=42,secondNumber=1716}  added by thread pool-3-thread-6
 message  {Id=8ebdc662-ccd9-488e-9643-06f6eebe0231,FirstNumber=42,secondNumber=1716}  written to file by thread pool-3-thread-3
 message  {Id=f0090fad-6e7e-4394-9369-f976d4feea03,FirstNumber=133,secondNumber=1375}  added by thread pool-3-thread-6
 message  {Id=f0090fad-6e7e-4394-9369-f976d4feea03,FirstNumber=133,secondNumber=1375}  written to file by thread pool-3-thread-5
 message  {Id=e9ed5204-8f80-47da-a8c2-db9ef83b0856,FirstNumber=706,secondNumber=1880}  added by thread pool-3-thread-6
 message  {Id=e9ed5204-8f80-47da-a8c2-db9ef83b0856,FirstNumber=706,secondNumber=1880}  written to file by thread pool-3-thread-4
 message  {Id=51f9fa12-d705-4cc6-9958-67ac1e4d9065,FirstNumber=72,secondNumber=1623}  added by thread pool-3-thread-6
 message  {Id=51f9fa12-d705-4cc6-9958-67ac1e4d9065,FirstNumber=72,secondNumber=1623}  written to file by thread pool-3-thread-4
 message  {Id=9e7d08a3-b436-4796-b648-7d838bf8a92f,FirstNumber=231,secondNumber=1463}  added by thread pool-3-thread-6
 message  {Id=9e7d08a3-b436-4796-b648-7d838bf8a92f,FirstNumber=231,secondNumber=1463}  written to file by thread pool-3-thread-4
 message  {Id=55ef68cb-abd1-47a4-8e8c-398a0342cbdd,FirstNumber=898,secondNumber=603}  added by thread pool-3-thread-6
 message  {Id=55ef68cb-abd1-47a4-8e8c-398a0342cbdd,FirstNumber=898,secondNumber=603}  written to file by thread pool-3-thread-3
 message  {Id=b12f52d9-6899-4b03-a6be-8250b557e00c,FirstNumber=488,secondNumber=789}  added by thread pool-3-thread-6
 message  {Id=b12f52d9-6899-4b03-a6be-8250b557e00c,FirstNumber=488,secondNumber=789}  written to file by thread pool-3-thread-3
 message  {Id=7aa8f287-e5fd-4e84-830a-3cc51c7002c1,FirstNumber=112,secondNumber=102}  added by thread pool-3-thread-6
 message  {Id=edf6ce8b-da5f-4637-9f5b-0af44a1f792a,FirstNumber=750,secondNumber=395}  added by thread pool-3-thread-6
 message  {Id=7aa8f287-e5fd-4e84-830a-3cc51c7002c1,FirstNumber=112,secondNumber=102}  written to file by thread pool-3-thread-2
 message  {Id=edf6ce8b-da5f-4637-9f5b-0af44a1f792a,FirstNumber=750,secondNumber=395}  written to file by thread pool-3-thread-1
 message  {Id=bfdbb936-af55-4d98-905e-01d9ad5610e0,FirstNumber=107,secondNumber=1818}  added by thread pool-3-thread-6
 message  {Id=bfdbb936-af55-4d98-905e-01d9ad5610e0,FirstNumber=107,secondNumber=1818}  written to file by thread pool-3-thread-1
 message  {Id=e01f6341-32ea-482d-8a7f-74968f1a5343,FirstNumber=100,secondNumber=1011}  added by thread pool-3-thread-6
 message  {Id=e01f6341-32ea-482d-8a7f-74968f1a5343,FirstNumber=100,secondNumber=1011}  written to file by thread pool-3-thread-1
 message  {Id=14b54245-64c8-47f3-90e6-4d7abb3d873e,FirstNumber=685,secondNumber=986}  added by thread pool-3-thread-6
 message  {Id=14b54245-64c8-47f3-90e6-4d7abb3d873e,FirstNumber=685,secondNumber=986}  written to file by thread pool-3-thread-3
 message  {Id=3ae51949-60dc-456d-b776-7230eebaf09e,FirstNumber=526,secondNumber=964}  added by thread pool-3-thread-6
 message  {Id=3ae51949-60dc-456d-b776-7230eebaf09e,FirstNumber=526,secondNumber=964}  written to file by thread pool-3-thread-2
 message  {Id=22cb7dc1-79c4-4894-a20d-5d1192306c53,FirstNumber=590,secondNumber=1595}  added by thread pool-3-thread-6
 message  {Id=22cb7dc1-79c4-4894-a20d-5d1192306c53,FirstNumber=590,secondNumber=1595}  written to file by thread pool-3-thread-4
 message  {Id=4e16fa17-fcc8-4b81-af3b-8bb2558fcb3c,FirstNumber=691,secondNumber=655}  added by thread pool-3-thread-6
 message  {Id=4e16fa17-fcc8-4b81-af3b-8bb2558fcb3c,FirstNumber=691,secondNumber=655}  written to file by thread pool-3-thread-5
 message  {Id=6648fa0a-51b6-46bd-81e6-3bdade66e37f,FirstNumber=816,secondNumber=509}  added by thread pool-3-thread-6
 message  {Id=5342402d-7f79-4f4f-b20b-71ceb51d7f69,FirstNumber=179,secondNumber=1434}  added by thread pool-3-thread-6
 message  {Id=6648fa0a-51b6-46bd-81e6-3bdade66e37f,FirstNumber=816,secondNumber=509}  written to file by thread pool-3-thread-1
 message  {Id=5342402d-7f79-4f4f-b20b-71ceb51d7f69,FirstNumber=179,secondNumber=1434}  written to file by thread pool-3-thread-3
 message  {Id=8b216c84-8f70-44c6-9945-c5cdc90de546,FirstNumber=727,secondNumber=477}  added by thread pool-3-thread-6
 message  {Id=322fe6af-d1fa-4a14-be72-d1eea7b990ed,FirstNumber=360,secondNumber=159}  added by thread pool-3-thread-6
 message  {Id=8b216c84-8f70-44c6-9945-c5cdc90de546,FirstNumber=727,secondNumber=477}  written to file by thread pool-3-thread-2
 message  {Id=322fe6af-d1fa-4a14-be72-d1eea7b990ed,FirstNumber=360,secondNumber=159}  written to file by thread pool-3-thread-4
 message  {Id=c9fb34a3-7f28-48f9-afa5-4a7dcb5c15f7,FirstNumber=193,secondNumber=1469}  added by thread pool-3-thread-6
 message  {Id=c9fb34a3-7f28-48f9-afa5-4a7dcb5c15f7,FirstNumber=193,secondNumber=1469}  written to file by thread pool-3-thread-5
 message  {Id=5d283c2a-8e6b-4ba1-9bec-72f516bdfbec,FirstNumber=522,secondNumber=968}  added by thread pool-3-thread-6
 message  {Id=5d283c2a-8e6b-4ba1-9bec-72f516bdfbec,FirstNumber=522,secondNumber=968}  written to file by thread pool-3-thread-5
 message  {Id=f2074fb7-add6-4c79-8946-18d8534206b8,FirstNumber=928,secondNumber=1710}  added by thread pool-3-thread-6
 message  {Id=f2074fb7-add6-4c79-8946-18d8534206b8,FirstNumber=928,secondNumber=1710}  written to file by thread pool-3-thread-3
 message  {Id=b9e48d9e-d2da-421d-90bc-832946a9859b,FirstNumber=657,secondNumber=1005}  added by thread pool-3-thread-6
 message  {Id=b9e48d9e-d2da-421d-90bc-832946a9859b,FirstNumber=657,secondNumber=1005}  written to file by thread pool-3-thread-3
 message  {Id=71abe591-0472-4734-b678-deb22b3a8dd7,FirstNumber=62,secondNumber=949}  added by thread pool-3-thread-6
 message  {Id=71abe591-0472-4734-b678-deb22b3a8dd7,FirstNumber=62,secondNumber=949}  written to file by thread pool-3-thread-4
 message  {Id=c1eec66b-df08-49e9-b7b0-6a694cd5018b,FirstNumber=459,secondNumber=1708}  added by thread pool-3-thread-6
 message  {Id=c1eec66b-df08-49e9-b7b0-6a694cd5018b,FirstNumber=459,secondNumber=1708}  written to file by thread pool-3-thread-4
 message  {Id=62f7dc62-56f4-47f7-ad77-b53ed7fa51e3,FirstNumber=334,secondNumber=1329}  added by thread pool-3-thread-6
 message  {Id=62f7dc62-56f4-47f7-ad77-b53ed7fa51e3,FirstNumber=334,secondNumber=1329}  written to file by thread pool-3-thread-5
 message  {Id=64943b41-c55f-49ad-818f-eb75c27c5cbc,FirstNumber=580,secondNumber=1773}  added by thread pool-3-thread-6
 message  {Id=64943b41-c55f-49ad-818f-eb75c27c5cbc,FirstNumber=580,secondNumber=1773}  written to file by thread pool-3-thread-5
 message  {Id=42e7bbda-463b-4c80-a1ea-c54f569061ee,FirstNumber=280,secondNumber=723}  added by thread pool-3-thread-6
 message  {Id=e5015152-09b5-4cbf-beda-ca3161ad0491,FirstNumber=879,secondNumber=1150}  added by thread pool-3-thread-6
 message  {Id=42e7bbda-463b-4c80-a1ea-c54f569061ee,FirstNumber=280,secondNumber=723}  written to file by thread pool-3-thread-3
 message  {Id=e5015152-09b5-4cbf-beda-ca3161ad0491,FirstNumber=879,secondNumber=1150}  written to file by thread pool-3-thread-1
 message  {Id=39ecfa53-c5c8-4de8-a25c-47308a8bcd5a,FirstNumber=93,secondNumber=1522}  added by thread pool-3-thread-6
 message  {Id=39ecfa53-c5c8-4de8-a25c-47308a8bcd5a,FirstNumber=93,secondNumber=1522}  written to file by thread pool-3-thread-4
 message  {Id=8514b3f2-dddf-472b-90b5-fad6e7c87f69,FirstNumber=999,secondNumber=1565}  added by thread pool-3-thread-6
 message  {Id=8514b3f2-dddf-472b-90b5-fad6e7c87f69,FirstNumber=999,secondNumber=1565}  written to file by thread pool-3-thread-4
 message  {Id=e8196ab1-9694-48fe-8b76-cd7395368e02,FirstNumber=270,secondNumber=1647}  added by thread pool-3-thread-6
 message  {Id=e8196ab1-9694-48fe-8b76-cd7395368e02,FirstNumber=270,secondNumber=1647}  written to file by thread pool-3-thread-5
 message  {Id=f34b7e3f-6b87-41c4-8873-6af751806c0c,FirstNumber=461,secondNumber=600}  added by thread pool-3-thread-6
 message  {Id=f34b7e3f-6b87-41c4-8873-6af751806c0c,FirstNumber=461,secondNumber=600}  written to file by thread pool-3-thread-5
 message  {Id=b92f373d-7ca5-4ba8-9109-be9ae720622b,FirstNumber=461,secondNumber=170}  added by thread pool-3-thread-6
 message  {Id=b92f373d-7ca5-4ba8-9109-be9ae720622b,FirstNumber=461,secondNumber=170}  written to file by thread pool-3-thread-1
 message  {Id=649f37fe-59c2-4cc1-b3f5-0f6707a6df17,FirstNumber=283,secondNumber=966}  added by thread pool-3-thread-6
 message  {Id=649f37fe-59c2-4cc1-b3f5-0f6707a6df17,FirstNumber=283,secondNumber=966}  written to file by thread pool-3-thread-2
 message  {Id=b416c5f3-d607-46ce-8603-6e4d62c3c72d,FirstNumber=649,secondNumber=1434}  added by thread pool-3-thread-6
 message  {Id=8621f4a8-b7b9-44d4-aebc-d1d72432f3eb,FirstNumber=440,secondNumber=1006}  added by thread pool-3-thread-6
 message  {Id=b416c5f3-d607-46ce-8603-6e4d62c3c72d,FirstNumber=649,secondNumber=1434}  written to file by thread pool-3-thread-4
 message  {Id=8621f4a8-b7b9-44d4-aebc-d1d72432f3eb,FirstNumber=440,secondNumber=1006}  written to file by thread pool-3-thread-3
 message  {Id=3901bbcc-4229-48d2-b1cb-29270ae88dd1,FirstNumber=484,secondNumber=1979}  added by thread pool-3-thread-6
 message  {Id=3901bbcc-4229-48d2-b1cb-29270ae88dd1,FirstNumber=484,secondNumber=1979}  written to file by thread pool-3-thread-3
 message  {Id=f3336e5e-b9fb-4729-92a3-15edd4d99e1d,FirstNumber=202,secondNumber=1078}  added by thread pool-3-thread-6
 message  {Id=f3336e5e-b9fb-4729-92a3-15edd4d99e1d,FirstNumber=202,secondNumber=1078}  written to file by thread pool-3-thread-3
 message  {Id=9d9eeba7-7a71-47c2-81ef-6782f732bbae,FirstNumber=473,secondNumber=1837}  added by thread pool-3-thread-6
 message  {Id=9d9eeba7-7a71-47c2-81ef-6782f732bbae,FirstNumber=473,secondNumber=1837}  written to file by thread pool-3-thread-2
 message  {Id=520ce8a4-7734-4ecd-872a-96f39d8fa365,FirstNumber=788,secondNumber=186}  added by thread pool-3-thread-6
 message  {Id=520ce8a4-7734-4ecd-872a-96f39d8fa365,FirstNumber=788,secondNumber=186}  written to file by thread pool-3-thread-2
 message  {Id=7027daf2-fc20-4979-80eb-a8e480e07250,FirstNumber=253,secondNumber=74}  added by thread pool-3-thread-6
 message  {Id=7027daf2-fc20-4979-80eb-a8e480e07250,FirstNumber=253,secondNumber=74}  written to file by thread pool-3-thread-5
 message  {Id=8a01d1d7-5409-4ca0-ab88-1670a4101a03,FirstNumber=141,secondNumber=450}  added by thread pool-3-thread-6
 message  {Id=8a01d1d7-5409-4ca0-ab88-1670a4101a03,FirstNumber=141,secondNumber=450}  written to file by thread pool-3-thread-5
 message  {Id=0f96c932-9cad-411c-a317-0926bb52bc76,FirstNumber=970,secondNumber=697}  added by thread pool-3-thread-6
 message  {Id=0f96c932-9cad-411c-a317-0926bb52bc76,FirstNumber=970,secondNumber=697}  written to file by thread pool-3-thread-3
 message  {Id=400ca914-9fd6-4062-a5b8-383943464f9c,FirstNumber=954,secondNumber=1927}  added by thread pool-3-thread-6
 message  {Id=400ca914-9fd6-4062-a5b8-383943464f9c,FirstNumber=954,secondNumber=1927}  written to file by thread pool-3-thread-4
 message  {Id=4cd7e42f-b1c9-4a1e-8403-9907d81a6608,FirstNumber=560,secondNumber=1177}  added by thread pool-3-thread-6
 message  {Id=4cd7e42f-b1c9-4a1e-8403-9907d81a6608,FirstNumber=560,secondNumber=1177}  written to file by thread pool-3-thread-2
 message  {Id=550b8513-41dd-44b5-8c3e-b8c7f925aa62,FirstNumber=211,secondNumber=880}  added by thread pool-3-thread-6
 message  {Id=550b8513-41dd-44b5-8c3e-b8c7f925aa62,FirstNumber=211,secondNumber=880}  written to file by thread pool-3-thread-2
 message  {Id=251dc05c-d342-41a9-b6fa-964ad9ccff7e,FirstNumber=57,secondNumber=1215}  added by thread pool-3-thread-6
 message  {Id=249bb338-8414-479f-8f8b-e7b6efa013d8,FirstNumber=64,secondNumber=1481}  added by thread pool-3-thread-6
 message  {Id=251dc05c-d342-41a9-b6fa-964ad9ccff7e,FirstNumber=57,secondNumber=1215}  written to file by thread pool-3-thread-5
 message  {Id=249bb338-8414-479f-8f8b-e7b6efa013d8,FirstNumber=64,secondNumber=1481}  written to file by thread pool-3-thread-3
 message  {Id=e34ee950-d3f0-4781-8729-a4ee5966bc43,FirstNumber=936,secondNumber=474}  added by thread pool-3-thread-6
 message  {Id=e34ee950-d3f0-4781-8729-a4ee5966bc43,FirstNumber=936,secondNumber=474}  written to file by thread pool-3-thread-3
 message  {Id=0f8167c2-e3f7-4d35-bf26-3a9c24fcd939,FirstNumber=177,secondNumber=127}  added by thread pool-3-thread-6
 message  {Id=0f8167c2-e3f7-4d35-bf26-3a9c24fcd939,FirstNumber=177,secondNumber=127}  written to file by thread pool-3-thread-1
 message  {Id=af375a00-3f13-4bab-b3f5-4dbf80adb2dd,FirstNumber=155,secondNumber=1623}  added by thread pool-3-thread-6
 message  {Id=af375a00-3f13-4bab-b3f5-4dbf80adb2dd,FirstNumber=155,secondNumber=1623}  written to file by thread pool-3-thread-2
 message  {Id=abe43fe8-9a14-43f8-bb6b-d860f01a5439,FirstNumber=518,secondNumber=1793}  added by thread pool-3-thread-6
 message  {Id=abe43fe8-9a14-43f8-bb6b-d860f01a5439,FirstNumber=518,secondNumber=1793}  written to file by thread pool-3-thread-5
 message  {Id=903662dd-8323-47eb-a4e7-60fced1a7f65,FirstNumber=345,secondNumber=605}  added by thread pool-3-thread-6
 message  {Id=903662dd-8323-47eb-a4e7-60fced1a7f65,FirstNumber=345,secondNumber=605}  written to file by thread pool-3-thread-4
 message  {Id=ba33f5ac-7d1d-4230-9a84-fcc11c42db8b,FirstNumber=752,secondNumber=1050}  added by thread pool-3-thread-6
 message  {Id=ba33f5ac-7d1d-4230-9a84-fcc11c42db8b,FirstNumber=752,secondNumber=1050}  written to file by thread pool-3-thread-4
 message  {Id=ad4d3569-d5fc-4919-b491-d563096873f7,FirstNumber=349,secondNumber=250}  added by thread pool-3-thread-6
 message  {Id=ad4d3569-d5fc-4919-b491-d563096873f7,FirstNumber=349,secondNumber=250}  written to file by thread pool-3-thread-1
 message  {Id=5ec7dafc-0e82-408f-896d-a69c9ed1cab8,FirstNumber=460,secondNumber=510}  added by thread pool-3-thread-6
 message  {Id=5ec7dafc-0e82-408f-896d-a69c9ed1cab8,FirstNumber=460,secondNumber=510}  written to file by thread pool-3-thread-2
 message  {Id=72e4635d-9f10-4c57-8a37-2136e774fd42,FirstNumber=900,secondNumber=908}  added by thread pool-3-thread-6
 message  {Id=725fecb9-a752-44ce-ada5-446d3e7f4b59,FirstNumber=531,secondNumber=920}  added by thread pool-3-thread-6
 message  {Id=72e4635d-9f10-4c57-8a37-2136e774fd42,FirstNumber=900,secondNumber=908}  written to file by thread pool-3-thread-5
 message  {Id=725fecb9-a752-44ce-ada5-446d3e7f4b59,FirstNumber=531,secondNumber=920}  written to file by thread pool-3-thread-3
 message  {Id=6e01ae12-ea97-469d-81f5-786b04f290ba,FirstNumber=927,secondNumber=61}  added by thread pool-3-thread-6
 message  {Id=6e01ae12-ea97-469d-81f5-786b04f290ba,FirstNumber=927,secondNumber=61}  written to file by thread pool-3-thread-4
 message  {Id=7fe57f6a-83f5-4a28-9b69-220bed18b1f1,FirstNumber=148,secondNumber=801}  added by thread pool-3-thread-6
 message  {Id=7fe57f6a-83f5-4a28-9b69-220bed18b1f1,FirstNumber=148,secondNumber=801}  written to file by thread pool-3-thread-4
 message  {Id=0ca00916-0d71-4957-b161-4cc06cf86406,FirstNumber=240,secondNumber=935}  added by thread pool-3-thread-6
 message  {Id=0ca00916-0d71-4957-b161-4cc06cf86406,FirstNumber=240,secondNumber=935}  written to file by thread pool-3-thread-2
 message  {Id=a1e0776e-ecce-40d9-917c-af77c6b1d870,FirstNumber=858,secondNumber=1349}  added by thread pool-3-thread-6
 message  {Id=a1e0776e-ecce-40d9-917c-af77c6b1d870,FirstNumber=858,secondNumber=1349}  written to file by thread pool-3-thread-2
 message  {Id=18345353-c78d-46d5-9430-9f75ab4407b4,FirstNumber=883,secondNumber=706}  added by thread pool-3-thread-6
 message  {Id=18345353-c78d-46d5-9430-9f75ab4407b4,FirstNumber=883,secondNumber=706}  written to file by thread pool-3-thread-3
 message  {Id=f5b725c7-fa3a-4f6a-ae43-87ab93590c9f,FirstNumber=86,secondNumber=133}  added by thread pool-3-thread-6
 message  {Id=f5b725c7-fa3a-4f6a-ae43-87ab93590c9f,FirstNumber=86,secondNumber=133}  written to file by thread pool-3-thread-3
 message  {Id=6e3e8d21-d41d-42f1-9905-b05c2fc2e895,FirstNumber=402,secondNumber=1357}  added by thread pool-3-thread-6
 message  {Id=6e3e8d21-d41d-42f1-9905-b05c2fc2e895,FirstNumber=402,secondNumber=1357}  written to file by thread pool-3-thread-4
 message  {Id=34fa7663-07eb-49f3-bb40-13acc9dd9189,FirstNumber=352,secondNumber=1303}  added by thread pool-3-thread-6
 message  {Id=34fa7663-07eb-49f3-bb40-13acc9dd9189,FirstNumber=352,secondNumber=1303}  written to file by thread pool-3-thread-4
 message  {Id=8dd4173b-1098-4fc8-97f2-70c1fa9d744e,FirstNumber=425,secondNumber=1519}  added by thread pool-3-thread-6
 message  {Id=4f925682-6830-4b1c-abb6-c741cb19ac17,FirstNumber=642,secondNumber=1044}  added by thread pool-3-thread-6
 message  {Id=8dd4173b-1098-4fc8-97f2-70c1fa9d744e,FirstNumber=425,secondNumber=1519}  written to file by thread pool-3-thread-2
 message  {Id=4f925682-6830-4b1c-abb6-c741cb19ac17,FirstNumber=642,secondNumber=1044}  written to file by thread pool-3-thread-1
 message  {Id=5a474002-032f-4160-b73e-754a7db6205c,FirstNumber=945,secondNumber=1396}  added by thread pool-3-thread-6
 message  {Id=5a474002-032f-4160-b73e-754a7db6205c,FirstNumber=945,secondNumber=1396}  written to file by thread pool-3-thread-1
 message  {Id=ae261282-b1dc-427d-a280-2a1bc23f7310,FirstNumber=574,secondNumber=795}  added by thread pool-3-thread-6
 message  {Id=ae261282-b1dc-427d-a280-2a1bc23f7310,FirstNumber=574,secondNumber=795}  written to file by thread pool-3-thread-5
 message  {Id=3ba9c1f6-0533-44e4-8bd0-c45ffbb3fedc,FirstNumber=249,secondNumber=1352}  added by thread pool-3-thread-6
 message  {Id=3ba9c1f6-0533-44e4-8bd0-c45ffbb3fedc,FirstNumber=249,secondNumber=1352}  written to file by thread pool-3-thread-4
 message  {Id=78853554-6b1e-4326-a54b-29aab7eb99ba,FirstNumber=969,secondNumber=1192}  added by thread pool-3-thread-6
 message  {Id=78853554-6b1e-4326-a54b-29aab7eb99ba,FirstNumber=969,secondNumber=1192}  written to file by thread pool-3-thread-2
 message  {Id=0de2d11d-6b00-48c7-8106-54fbdc961b9a,FirstNumber=427,secondNumber=926}  added by thread pool-3-thread-6
 message  {Id=0de2d11d-6b00-48c7-8106-54fbdc961b9a,FirstNumber=427,secondNumber=926}  written to file by thread pool-3-thread-2
 message  {Id=ff6c82fc-13b1-4906-9133-ca614332d6ca,FirstNumber=233,secondNumber=646}  added by thread pool-3-thread-6
 message  {Id=ff6c82fc-13b1-4906-9133-ca614332d6ca,FirstNumber=233,secondNumber=646}  written to file by thread pool-3-thread-1
 message  {Id=c539926d-bcc0-4dff-9955-352e10f22a6f,FirstNumber=979,secondNumber=468}  added by thread pool-3-thread-6
 message  {Id=29d732f1-42af-4dbf-bfb0-3d0a84d90d81,FirstNumber=8,secondNumber=312}  added by thread pool-3-thread-6
 message  {Id=c539926d-bcc0-4dff-9955-352e10f22a6f,FirstNumber=979,secondNumber=468}  written to file by thread pool-3-thread-5
 message  {Id=29d732f1-42af-4dbf-bfb0-3d0a84d90d81,FirstNumber=8,secondNumber=312}  written to file by thread pool-3-thread-4
 message  {Id=72868261-1710-4e90-a70f-095dc478c3f2,FirstNumber=922,secondNumber=1014}  added by thread pool-3-thread-6
 message  {Id=ef1bfa8e-002a-4a0a-880b-84305355b41a,FirstNumber=353,secondNumber=955}  added by thread pool-3-thread-6
 message  {Id=72868261-1710-4e90-a70f-095dc478c3f2,FirstNumber=922,secondNumber=1014}  written to file by thread pool-3-thread-3
 message  {Id=ef1bfa8e-002a-4a0a-880b-84305355b41a,FirstNumber=353,secondNumber=955}  written to file by thread pool-3-thread-2
 message  {Id=9465d4bd-e6b8-4ab0-aaa6-bf8aeb019ad3,FirstNumber=915,secondNumber=1980}  added by thread pool-3-thread-6
 message  {Id=9465d4bd-e6b8-4ab0-aaa6-bf8aeb019ad3,FirstNumber=915,secondNumber=1980}  written to file by thread pool-3-thread-1
 message  {Id=56b549a3-77ba-48b3-99a9-7d6f74d657eb,FirstNumber=907,secondNumber=734}  added by thread pool-3-thread-6
 message  {Id=56b549a3-77ba-48b3-99a9-7d6f74d657eb,FirstNumber=907,secondNumber=734}  written to file by thread pool-3-thread-5
 message  {Id=804ba25d-89b9-410e-bfc0-2caabdb64a87,FirstNumber=445,secondNumber=319}  added by thread pool-3-thread-6
 message  {Id=804ba25d-89b9-410e-bfc0-2caabdb64a87,FirstNumber=445,secondNumber=319}  written to file by thread pool-3-thread-5
 message  {Id=a551faac-9ba5-482f-a5ba-329bb1840322,FirstNumber=231,secondNumber=1088}  added by thread pool-3-thread-6
 message  {Id=a551faac-9ba5-482f-a5ba-329bb1840322,FirstNumber=231,secondNumber=1088}  written to file by thread pool-3-thread-3
 message  {Id=c1d75f7e-50d5-4b2f-8014-e344c12915c0,FirstNumber=495,secondNumber=834}  added by thread pool-3-thread-6
 message  {Id=c1d75f7e-50d5-4b2f-8014-e344c12915c0,FirstNumber=495,secondNumber=834}  written to file by thread pool-3-thread-3
 message  {Id=f658fd19-3870-4949-aa3a-fb9afb35a87b,FirstNumber=321,secondNumber=1130}  added by thread pool-3-thread-6
 message  {Id=f658fd19-3870-4949-aa3a-fb9afb35a87b,FirstNumber=321,secondNumber=1130}  written to file by thread pool-3-thread-1
 message  {Id=da4661c0-8a3f-419f-9d5d-26ef5fe6c2bb,FirstNumber=90,secondNumber=949}  added by thread pool-3-thread-6
 message  {Id=da4661c0-8a3f-419f-9d5d-26ef5fe6c2bb,FirstNumber=90,secondNumber=949}  written to file by thread pool-3-thread-1
 message  {Id=0b6ddae2-09e5-4206-97fe-da274f307d8b,FirstNumber=927,secondNumber=1227}  added by thread pool-3-thread-6
 message  {Id=0b6ddae2-09e5-4206-97fe-da274f307d8b,FirstNumber=927,secondNumber=1227}  written to file by thread pool-3-thread-5
 message  {Id=accbda40-9a91-4e89-86e4-991fa67b05f3,FirstNumber=962,secondNumber=941}  added by thread pool-3-thread-6
 message  {Id=21bb594e-901a-4f44-ae2d-13eb61d45b2b,FirstNumber=13,secondNumber=815}  added by thread pool-3-thread-6
 message  {Id=accbda40-9a91-4e89-86e4-991fa67b05f3,FirstNumber=962,secondNumber=941}  written to file by thread pool-3-thread-2
 message  {Id=21bb594e-901a-4f44-ae2d-13eb61d45b2b,FirstNumber=13,secondNumber=815}  written to file by thread pool-3-thread-3
 message  {Id=eacc6fcd-db89-4f4f-a5d3-bd24412b3240,FirstNumber=132,secondNumber=1586}  added by thread pool-3-thread-6
 message  {Id=eacc6fcd-db89-4f4f-a5d3-bd24412b3240,FirstNumber=132,secondNumber=1586}  written to file by thread pool-3-thread-4
 message  {Id=4d958f6e-1d1f-407a-affb-b58a09c54139,FirstNumber=170,secondNumber=138}  added by thread pool-3-thread-6
 message  {Id=4d958f6e-1d1f-407a-affb-b58a09c54139,FirstNumber=170,secondNumber=138}  written to file by thread pool-3-thread-4
 message  {Id=a2715ad0-f139-4126-add7-99dfa23d2fc0,FirstNumber=758,secondNumber=1808}  added by thread pool-3-thread-6
 message  {Id=a2715ad0-f139-4126-add7-99dfa23d2fc0,FirstNumber=758,secondNumber=1808}  written to file by thread pool-3-thread-5
 message  {Id=2c0405ee-9887-4319-9f86-1b55c8d741fd,FirstNumber=369,secondNumber=1618}  added by thread pool-3-thread-6
 message  {Id=2c0405ee-9887-4319-9f86-1b55c8d741fd,FirstNumber=369,secondNumber=1618}  written to file by thread pool-3-thread-5
 message  {Id=19cc6195-80c5-45b7-9cfa-72aa3b6b7799,FirstNumber=335,secondNumber=1057}  added by thread pool-3-thread-6
 message  {Id=19cc6195-80c5-45b7-9cfa-72aa3b6b7799,FirstNumber=335,secondNumber=1057}  written to file by thread pool-3-thread-5
 message  {Id=fca411fd-8842-44cb-b79d-7fe2e199bdaf,FirstNumber=990,secondNumber=1284}  added by thread pool-3-thread-6
 message  {Id=fca411fd-8842-44cb-b79d-7fe2e199bdaf,FirstNumber=990,secondNumber=1284}  written to file by thread pool-3-thread-1
 message  {Id=0812a053-e190-4149-a8af-831a929cc9a4,FirstNumber=525,secondNumber=318}  added by thread pool-3-thread-6
 message  {Id=0812a053-e190-4149-a8af-831a929cc9a4,FirstNumber=525,secondNumber=318}  written to file by thread pool-3-thread-1
 message  {Id=20948375-cdfe-49ea-b191-4cfd96522ad6,FirstNumber=322,secondNumber=1733}  added by thread pool-3-thread-6
 message  {Id=20948375-cdfe-49ea-b191-4cfd96522ad6,FirstNumber=322,secondNumber=1733}  written to file by thread pool-3-thread-2
 message  {Id=cb9eff82-202d-49c9-8166-212f838d9760,FirstNumber=230,secondNumber=710}  added by thread pool-3-thread-6
 message  {Id=d429f196-f775-4f42-9193-dddce9024c37,FirstNumber=161,secondNumber=670}  added by thread pool-3-thread-6
 message  {Id=cb9eff82-202d-49c9-8166-212f838d9760,FirstNumber=230,secondNumber=710}  written to file by thread pool-3-thread-3
 message  {Id=d429f196-f775-4f42-9193-dddce9024c37,FirstNumber=161,secondNumber=670}  written to file by thread pool-3-thread-5
 message  {Id=8636fb6f-976b-4dff-9199-6c2389fce665,FirstNumber=764,secondNumber=1591}  added by thread pool-3-thread-6
 message  {Id=8636fb6f-976b-4dff-9199-6c2389fce665,FirstNumber=764,secondNumber=1591}  written to file by thread pool-3-thread-5
 message  {Id=a6929097-8c3b-4622-9ce7-ee8d2ad0b3e0,FirstNumber=788,secondNumber=1639}  added by thread pool-3-thread-6
 message  {Id=a6929097-8c3b-4622-9ce7-ee8d2ad0b3e0,FirstNumber=788,secondNumber=1639}  written to file by thread pool-3-thread-1
 message  {Id=51ba1f48-8fa4-491d-88c8-31e9600a4289,FirstNumber=513,secondNumber=392}  added by thread pool-3-thread-6
 message  {Id=51ba1f48-8fa4-491d-88c8-31e9600a4289,FirstNumber=513,secondNumber=392}  written to file by thread pool-3-thread-2
 message  {Id=c39bd202-b9c8-40fa-bcda-f0fb2ceda468,FirstNumber=804,secondNumber=847}  added by thread pool-3-thread-6
 message  {Id=c39bd202-b9c8-40fa-bcda-f0fb2ceda468,FirstNumber=804,secondNumber=847}  written to file by thread pool-3-thread-3
 message  {Id=4b2a4c49-0f54-4872-a60b-9539237f05fe,FirstNumber=74,secondNumber=680}  added by thread pool-3-thread-6
 message  {Id=4b2a4c49-0f54-4872-a60b-9539237f05fe,FirstNumber=74,secondNumber=680}  written to file by thread pool-3-thread-3
 message  {Id=2fa9b8b4-9c56-41a7-adc1-3bcfe3e842d3,FirstNumber=566,secondNumber=1203}  added by thread pool-3-thread-6
 message  {Id=2fa9b8b4-9c56-41a7-adc1-3bcfe3e842d3,FirstNumber=566,secondNumber=1203}  written to file by thread pool-3-thread-5
 message  {Id=60e4bb6f-481a-44b5-9646-b15a77df7bae,FirstNumber=255,secondNumber=1584}  added by thread pool-3-thread-6
 message  {Id=5cfe5c31-e6b6-462f-bc92-30c0b8785191,FirstNumber=550,secondNumber=1393}  added by thread pool-3-thread-6
 message  {Id=60e4bb6f-481a-44b5-9646-b15a77df7bae,FirstNumber=255,secondNumber=1584}  written to file by thread pool-3-thread-1
 message  {Id=5cfe5c31-e6b6-462f-bc92-30c0b8785191,FirstNumber=550,secondNumber=1393}  written to file by thread pool-3-thread-2
 message  {Id=6e29a5ab-3522-4c4a-a47c-32eb11590c3d,FirstNumber=784,secondNumber=831}  added by thread pool-3-thread-6
 message  {Id=856f2d79-6a27-4ecd-aeaf-c20ff1dfb87b,FirstNumber=148,secondNumber=687}  added by thread pool-3-thread-6
 message  {Id=6e29a5ab-3522-4c4a-a47c-32eb11590c3d,FirstNumber=784,secondNumber=831}  written to file by thread pool-3-thread-4
 message  {Id=856f2d79-6a27-4ecd-aeaf-c20ff1dfb87b,FirstNumber=148,secondNumber=687}  written to file by thread pool-3-thread-3
 message  {Id=5b83e2f9-e365-4aa8-849d-3c5ef47bc939,FirstNumber=938,secondNumber=1389}  added by thread pool-3-thread-6
 message  {Id=5b83e2f9-e365-4aa8-849d-3c5ef47bc939,FirstNumber=938,secondNumber=1389}  written to file by thread pool-3-thread-5
 message  {Id=85544e3b-303d-4b41-99d4-53aabdfc898a,FirstNumber=124,secondNumber=1012}  added by thread pool-3-thread-6
 message  {Id=85544e3b-303d-4b41-99d4-53aabdfc898a,FirstNumber=124,secondNumber=1012}  written to file by thread pool-3-thread-1
 message  {Id=6c006d28-cc26-45a1-8b55-2a0822d7fdf5,FirstNumber=71,secondNumber=1422}  added by thread pool-3-thread-6
 message  {Id=6c006d28-cc26-45a1-8b55-2a0822d7fdf5,FirstNumber=71,secondNumber=1422}  written to file by thread pool-3-thread-1
 message  {Id=830ac764-5e16-4ec2-9190-ae428fa41474,FirstNumber=528,secondNumber=1699}  added by thread pool-3-thread-6
 message  {Id=830ac764-5e16-4ec2-9190-ae428fa41474,FirstNumber=528,secondNumber=1699}  written to file by thread pool-3-thread-4
 message  {Id=58742183-0b77-46a9-9fef-4148b5b78c65,FirstNumber=352,secondNumber=813}  added by thread pool-3-thread-6
 message  {Id=58742183-0b77-46a9-9fef-4148b5b78c65,FirstNumber=352,secondNumber=813}  written to file by thread pool-3-thread-4
 message  {Id=c3cf44d0-9b18-42be-9eba-8fcf9c4bb407,FirstNumber=908,secondNumber=1528}  added by thread pool-3-thread-6
 message  {Id=c3cf44d0-9b18-42be-9eba-8fcf9c4bb407,FirstNumber=908,secondNumber=1528}  written to file by thread pool-3-thread-5
 message  {Id=89cced5b-30c9-452d-8251-d07bd88bfa12,FirstNumber=237,secondNumber=700}  added by thread pool-3-thread-6
 message  {Id=89cced5b-30c9-452d-8251-d07bd88bfa12,FirstNumber=237,secondNumber=700}  written to file by thread pool-3-thread-2
 message  {Id=325d4628-8fb2-4a2c-bd28-bff120e65c9d,FirstNumber=621,secondNumber=925}  added by thread pool-3-thread-6
 message  {Id=325d4628-8fb2-4a2c-bd28-bff120e65c9d,FirstNumber=621,secondNumber=925}  written to file by thread pool-3-thread-1
 message  {Id=44fd26c4-3fe8-4eb9-a423-8696a59f4f91,FirstNumber=751,secondNumber=244}  added by thread pool-3-thread-6
 message  {Id=9debc961-74c6-4036-a79e-7231e87d19e5,FirstNumber=971,secondNumber=149}  added by thread pool-3-thread-6
 message  {Id=44fd26c4-3fe8-4eb9-a423-8696a59f4f91,FirstNumber=751,secondNumber=244}  written to file by thread pool-3-thread-3
 message  {Id=9debc961-74c6-4036-a79e-7231e87d19e5,FirstNumber=971,secondNumber=149}  written to file by thread pool-3-thread-4
 message  {Id=5d676a48-3b8d-41d2-a323-262f1bf94d3b,FirstNumber=679,secondNumber=1611}  added by thread pool-3-thread-6
 message  {Id=5d676a48-3b8d-41d2-a323-262f1bf94d3b,FirstNumber=679,secondNumber=1611}  written to file by thread pool-3-thread-5
 message  {Id=9cb95e7a-a6ac-4934-b476-37922b48d207,FirstNumber=837,secondNumber=736}  added by thread pool-3-thread-6
 message  {Id=9cb95e7a-a6ac-4934-b476-37922b48d207,FirstNumber=837,secondNumber=736}  written to file by thread pool-3-thread-2
 message  {Id=0f35f57d-22f3-4ae2-9b77-47b9b880721a,FirstNumber=165,secondNumber=572}  added by thread pool-3-thread-6
 message  {Id=0f35f57d-22f3-4ae2-9b77-47b9b880721a,FirstNumber=165,secondNumber=572}  written to file by thread pool-3-thread-1
 message  {Id=bc028a32-cef5-42b2-a179-7ef6e2c511af,FirstNumber=154,secondNumber=1396}  added by thread pool-3-thread-6
 message  {Id=bc028a32-cef5-42b2-a179-7ef6e2c511af,FirstNumber=154,secondNumber=1396}  written to file by thread pool-3-thread-3
 message  {Id=2b7d848f-822c-452e-9ed1-b7c7ed764a1f,FirstNumber=24,secondNumber=443}  added by thread pool-3-thread-6
 message  {Id=2b7d848f-822c-452e-9ed1-b7c7ed764a1f,FirstNumber=24,secondNumber=443}  written to file by thread pool-3-thread-3
 message  {Id=57aadd38-bc05-4f09-ad73-e852f370c3ec,FirstNumber=214,secondNumber=1340}  added by thread pool-3-thread-6
 message  {Id=57aadd38-bc05-4f09-ad73-e852f370c3ec,FirstNumber=214,secondNumber=1340}  written to file by thread pool-3-thread-5
 message  {Id=516314bd-33c4-4a04-85d2-54e30a2764a9,FirstNumber=999,secondNumber=275}  added by thread pool-3-thread-6
 message  {Id=516314bd-33c4-4a04-85d2-54e30a2764a9,FirstNumber=999,secondNumber=275}  written to file by thread pool-3-thread-2
 message  {Id=7c1670e0-b561-4882-8e13-0560b5b4adf5,FirstNumber=664,secondNumber=1749}  added by thread pool-3-thread-6
 message  {Id=7c1670e0-b561-4882-8e13-0560b5b4adf5,FirstNumber=664,secondNumber=1749}  written to file by thread pool-3-thread-1
 message  {Id=b0f7014d-9bb2-4cc2-b299-70164b5c6822,FirstNumber=80,secondNumber=519}  added by thread pool-3-thread-6
 message  {Id=b0f7014d-9bb2-4cc2-b299-70164b5c6822,FirstNumber=80,secondNumber=519}  written to file by thread pool-3-thread-1
 message  {Id=b66c9973-e914-4f8e-b37d-836743299347,FirstNumber=559,secondNumber=125}  added by thread pool-3-thread-6
 message  {Id=b66c9973-e914-4f8e-b37d-836743299347,FirstNumber=559,secondNumber=125}  written to file by thread pool-3-thread-1
 message  {Id=f5a64d88-78d6-423d-a319-d782ddb5f166,FirstNumber=907,secondNumber=1339}  added by thread pool-3-thread-6
 message  {Id=f5a64d88-78d6-423d-a319-d782ddb5f166,FirstNumber=907,secondNumber=1339}  written to file by thread pool-3-thread-5
 message  {Id=e63a5c11-6f48-457b-a9db-ce36a718fca8,FirstNumber=143,secondNumber=912}  added by thread pool-3-thread-6
 message  {Id=e63a5c11-6f48-457b-a9db-ce36a718fca8,FirstNumber=143,secondNumber=912}  written to file by thread pool-3-thread-2
 message  {Id=de5c06f8-252c-432a-a8b3-c8e28f8fecca,FirstNumber=179,secondNumber=543}  added by thread pool-3-thread-6
 message  {Id=de5c06f8-252c-432a-a8b3-c8e28f8fecca,FirstNumber=179,secondNumber=543}  written to file by thread pool-3-thread-4
 message  {Id=aae2ac17-eb5a-45ae-a1eb-9e5f121b1164,FirstNumber=575,secondNumber=203}  added by thread pool-3-thread-6
 message  {Id=aae2ac17-eb5a-45ae-a1eb-9e5f121b1164,FirstNumber=575,secondNumber=203}  written to file by thread pool-3-thread-4
 message  {Id=e23a3146-1f8a-4cb2-aeda-e6e27c574d88,FirstNumber=663,secondNumber=1391}  added by thread pool-3-thread-6
 message  {Id=e23a3146-1f8a-4cb2-aeda-e6e27c574d88,FirstNumber=663,secondNumber=1391}  written to file by thread pool-3-thread-1
 message  {Id=5352f628-c501-4387-a349-5c231d50762e,FirstNumber=63,secondNumber=897}  added by thread pool-3-thread-6
 message  {Id=5352f628-c501-4387-a349-5c231d50762e,FirstNumber=63,secondNumber=897}  written to file by thread pool-3-thread-5
 message  {Id=bc6c7a49-3aa1-4573-ae21-583fb8608b6d,FirstNumber=494,secondNumber=1576}  added by thread pool-3-thread-6
 message  {Id=bc6c7a49-3aa1-4573-ae21-583fb8608b6d,FirstNumber=494,secondNumber=1576}  written to file by thread pool-3-thread-5
 message  {Id=58833e3d-ce62-44ea-aa4b-10045d101696,FirstNumber=710,secondNumber=679}  added by thread pool-3-thread-6
 message  {Id=58833e3d-ce62-44ea-aa4b-10045d101696,FirstNumber=710,secondNumber=679}  written to file by thread pool-3-thread-3
 message  {Id=f9fef15c-b58b-4142-affe-2f3e1ad8d1e7,FirstNumber=895,secondNumber=1553}  added by thread pool-3-thread-6
 message  {Id=01d261c2-4ce4-4884-a854-b60ba97aeed2,FirstNumber=444,secondNumber=459}  added by thread pool-3-thread-6
 message  {Id=f9fef15c-b58b-4142-affe-2f3e1ad8d1e7,FirstNumber=895,secondNumber=1553}  written to file by thread pool-3-thread-4
 message  {Id=01d261c2-4ce4-4884-a854-b60ba97aeed2,FirstNumber=444,secondNumber=459}  written to file by thread pool-3-thread-1
 message  {Id=03f6c363-213c-4789-ba93-07ca5b7fe777,FirstNumber=940,secondNumber=614}  added by thread pool-3-thread-6
 message  {Id=03f6c363-213c-4789-ba93-07ca5b7fe777,FirstNumber=940,secondNumber=614}  written to file by thread pool-3-thread-1
 message  {Id=1f08c87b-4625-4afb-892e-f5dccd40a796,FirstNumber=106,secondNumber=1329}  added by thread pool-3-thread-6
 message  {Id=1f08c87b-4625-4afb-892e-f5dccd40a796,FirstNumber=106,secondNumber=1329}  written to file by thread pool-3-thread-5
 message  {Id=a6fed482-43f3-49b6-ae8f-2e684f213999,FirstNumber=468,secondNumber=1474}  added by thread pool-3-thread-6
 message  {Id=a6fed482-43f3-49b6-ae8f-2e684f213999,FirstNumber=468,secondNumber=1474}  written to file by thread pool-3-thread-5
 message  {Id=fc9c7e79-d0fd-453c-985d-5965cdabc6bf,FirstNumber=823,secondNumber=97}  added by thread pool-3-thread-6
 message  {Id=fc9c7e79-d0fd-453c-985d-5965cdabc6bf,FirstNumber=823,secondNumber=97}  written to file by thread pool-3-thread-4
 message  {Id=0952332e-bb42-4e59-b73d-795dbd8f5f84,FirstNumber=375,secondNumber=1705}  added by thread pool-3-thread-6
 message  {Id=0952332e-bb42-4e59-b73d-795dbd8f5f84,FirstNumber=375,secondNumber=1705}  written to file by thread pool-3-thread-4
 message  {Id=8be727b7-9312-42e4-a2f4-13c4bd9b8126,FirstNumber=454,secondNumber=112}  added by thread pool-3-thread-6
 message  {Id=8be727b7-9312-42e4-a2f4-13c4bd9b8126,FirstNumber=454,secondNumber=112}  written to file by thread pool-3-thread-1
 message  {Id=d7c7daa4-dede-4882-bc53-fa498c128c10,FirstNumber=679,secondNumber=6}  added by thread pool-3-thread-6
 message  {Id=d7c7daa4-dede-4882-bc53-fa498c128c10,FirstNumber=679,secondNumber=6}  written to file by thread pool-3-thread-1
 message  {Id=683bcd1c-695c-4d72-825c-36678ad53208,FirstNumber=52,secondNumber=66}  added by thread pool-3-thread-6
 message  {Id=683bcd1c-695c-4d72-825c-36678ad53208,FirstNumber=52,secondNumber=66}  written to file by thread pool-3-thread-5
 message  {Id=686f785b-dbad-4543-8544-aa94ca8b5ab0,FirstNumber=803,secondNumber=1577}  added by thread pool-3-thread-6
 message  {Id=686f785b-dbad-4543-8544-aa94ca8b5ab0,FirstNumber=803,secondNumber=1577}  written to file by thread pool-3-thread-5
 message  {Id=bd240260-ed3a-4dde-8321-ae69884f4887,FirstNumber=257,secondNumber=1179}  added by thread pool-3-thread-6
 message  {Id=bd240260-ed3a-4dde-8321-ae69884f4887,FirstNumber=257,secondNumber=1179}  written to file by thread pool-3-thread-4
 message  {Id=c42534f7-77f1-4933-abbc-98de08fe257f,FirstNumber=377,secondNumber=939}  added by thread pool-3-thread-6
 message  {Id=c42534f7-77f1-4933-abbc-98de08fe257f,FirstNumber=377,secondNumber=939}  written to file by thread pool-3-thread-3
 message  {Id=b4145908-a8f2-4374-b597-acc1b4b97ffb,FirstNumber=365,secondNumber=475}  added by thread pool-3-thread-6
 message  {Id=b4145908-a8f2-4374-b597-acc1b4b97ffb,FirstNumber=365,secondNumber=475}  written to file by thread pool-3-thread-3
 message  {Id=f04e4538-d9d0-4d86-9b7a-6b7193382c01,FirstNumber=749,secondNumber=62}  added by thread pool-3-thread-6
 message  {Id=f04e4538-d9d0-4d86-9b7a-6b7193382c01,FirstNumber=749,secondNumber=62}  written to file by thread pool-3-thread-2
 message  {Id=97189d98-cc87-46fb-8fe4-819d2be413ab,FirstNumber=414,secondNumber=205}  added by thread pool-3-thread-6
 message  {Id=97189d98-cc87-46fb-8fe4-819d2be413ab,FirstNumber=414,secondNumber=205}  written to file by thread pool-3-thread-2
 message  {Id=21f14202-4e84-4262-9b73-201364a18094,FirstNumber=710,secondNumber=5}  added by thread pool-3-thread-6
 message  {Id=21f14202-4e84-4262-9b73-201364a18094,FirstNumber=710,secondNumber=5}  written to file by thread pool-3-thread-4
 message  {Id=366802a0-d9f3-4985-a166-eac5963c2857,FirstNumber=155,secondNumber=663}  added by thread pool-3-thread-6
 message  {Id=366802a0-d9f3-4985-a166-eac5963c2857,FirstNumber=155,secondNumber=663}  written to file by thread pool-3-thread-4
 message  {Id=372c9d58-c7f1-4c6c-8f96-6fe93eca6fd1,FirstNumber=182,secondNumber=1188}  added by thread pool-3-thread-6
 message  {Id=372c9d58-c7f1-4c6c-8f96-6fe93eca6fd1,FirstNumber=182,secondNumber=1188}  written to file by thread pool-3-thread-3
 message  {Id=8726ecc5-e8f5-4893-9802-4143784be080,FirstNumber=893,secondNumber=357}  added by thread pool-3-thread-6
 message  {Id=8726ecc5-e8f5-4893-9802-4143784be080,FirstNumber=893,secondNumber=357}  written to file by thread pool-3-thread-3
 message  {Id=488d0a0b-8c0f-4935-9abb-cf8e72270fc7,FirstNumber=501,secondNumber=734}  added by thread pool-3-thread-6
 message  {Id=0f07eb2a-bc1f-4e1f-88f1-70c71320d148,FirstNumber=793,secondNumber=626}  added by thread pool-3-thread-6
 message  {Id=488d0a0b-8c0f-4935-9abb-cf8e72270fc7,FirstNumber=501,secondNumber=734}  written to file by thread pool-3-thread-2
 message  {Id=0f07eb2a-bc1f-4e1f-88f1-70c71320d148,FirstNumber=793,secondNumber=626}  written to file by thread pool-3-thread-1
 message  {Id=171c2036-72bf-422c-a4b2-a5bfb80e7ee7,FirstNumber=35,secondNumber=1660}  added by thread pool-3-thread-6
 message  {Id=171c2036-72bf-422c-a4b2-a5bfb80e7ee7,FirstNumber=35,secondNumber=1660}  written to file by thread pool-3-thread-4
 message  {Id=ee8a04f6-23bd-47af-95aa-68268ec16da0,FirstNumber=807,secondNumber=1753}  added by thread pool-3-thread-6
 message  {Id=ee8a04f6-23bd-47af-95aa-68268ec16da0,FirstNumber=807,secondNumber=1753}  written to file by thread pool-3-thread-5
 message  {Id=345bfb8f-f2a8-4280-b070-2ff5a2f7ccf5,FirstNumber=966,secondNumber=1918}  added by thread pool-3-thread-6
 message  {Id=345bfb8f-f2a8-4280-b070-2ff5a2f7ccf5,FirstNumber=966,secondNumber=1918}  written to file by thread pool-3-thread-3
 message  {Id=b10e1d8f-69af-4863-9b67-0f3e3e356a3d,FirstNumber=655,secondNumber=319}  added by thread pool-3-thread-6
 message  {Id=b10e1d8f-69af-4863-9b67-0f3e3e356a3d,FirstNumber=655,secondNumber=319}  written to file by thread pool-3-thread-2
 message  {Id=f3f9b76d-2a6f-4917-b39e-1282c60aa0c2,FirstNumber=472,secondNumber=1644}  added by thread pool-3-thread-6
 message  {Id=f3f9b76d-2a6f-4917-b39e-1282c60aa0c2,FirstNumber=472,secondNumber=1644}  written to file by thread pool-3-thread-2
 message  {Id=63d8a068-1062-46dd-97ea-deb91e464bd2,FirstNumber=994,secondNumber=1794}  added by thread pool-3-thread-6
 message  {Id=63d8a068-1062-46dd-97ea-deb91e464bd2,FirstNumber=994,secondNumber=1794}  written to file by thread pool-3-thread-4
 message  {Id=03cd1e06-4e03-4ca1-8dc1-d83cdef20e1d,FirstNumber=58,secondNumber=915}  added by thread pool-3-thread-6
 message  {Id=03cd1e06-4e03-4ca1-8dc1-d83cdef20e1d,FirstNumber=58,secondNumber=915}  written to file by thread pool-3-thread-5
 message  {Id=157b5adb-1194-45ce-a0bf-135f44ef68e9,FirstNumber=974,secondNumber=1401}  added by thread pool-3-thread-6
 message  {Id=157b5adb-1194-45ce-a0bf-135f44ef68e9,FirstNumber=974,secondNumber=1401}  written to file by thread pool-3-thread-3
 message  {Id=231433b1-9c22-4650-863b-510e4d3f0919,FirstNumber=140,secondNumber=519}  added by thread pool-3-thread-6
 message  {Id=a34c48f7-49f4-44c4-9596-9ff3080914a3,FirstNumber=940,secondNumber=1070}  added by thread pool-3-thread-6
 message  {Id=231433b1-9c22-4650-863b-510e4d3f0919,FirstNumber=140,secondNumber=519}  written to file by thread pool-3-thread-1
 message  {Id=a34c48f7-49f4-44c4-9596-9ff3080914a3,FirstNumber=940,secondNumber=1070}  written to file by thread pool-3-thread-2
 message  {Id=51e02762-ed09-499c-aa43-b9da572f1cfa,FirstNumber=508,secondNumber=1371}  added by thread pool-3-thread-6
 message  {Id=51e02762-ed09-499c-aa43-b9da572f1cfa,FirstNumber=508,secondNumber=1371}  written to file by thread pool-3-thread-4
 message  {Id=a70dafe6-4701-4047-9a81-b8fa1b7eb466,FirstNumber=268,secondNumber=1395}  added by thread pool-3-thread-6
 message  {Id=a70dafe6-4701-4047-9a81-b8fa1b7eb466,FirstNumber=268,secondNumber=1395}  written to file by thread pool-3-thread-5
 message  {Id=44152afd-2ea5-4e90-b9b1-e82848c10bcf,FirstNumber=121,secondNumber=1886}  added by thread pool-3-thread-6
 message  {Id=44152afd-2ea5-4e90-b9b1-e82848c10bcf,FirstNumber=121,secondNumber=1886}  written to file by thread pool-3-thread-3
 message  {Id=cc873d48-5726-4a49-a549-51aa3e7ce468,FirstNumber=875,secondNumber=111}  added by thread pool-3-thread-6
 message  {Id=cc873d48-5726-4a49-a549-51aa3e7ce468,FirstNumber=875,secondNumber=111}  written to file by thread pool-3-thread-3
 message  {Id=be5916f4-65c9-4ec6-a7cd-a5d1e810ade3,FirstNumber=79,secondNumber=1656}  added by thread pool-3-thread-6
 message  {Id=be5916f4-65c9-4ec6-a7cd-a5d1e810ade3,FirstNumber=79,secondNumber=1656}  written to file by thread pool-3-thread-2
 message  {Id=aa1459e8-46dc-42ef-935a-c466412c771e,FirstNumber=123,secondNumber=950}  added by thread pool-3-thread-6
 message  {Id=aa1459e8-46dc-42ef-935a-c466412c771e,FirstNumber=123,secondNumber=950}  written to file by thread pool-3-thread-2
 message  {Id=f97a7a01-fef8-42cf-a89f-d738e2f38ce8,FirstNumber=553,secondNumber=1047}  added by thread pool-3-thread-6
 message  {Id=f97a7a01-fef8-42cf-a89f-d738e2f38ce8,FirstNumber=553,secondNumber=1047}  written to file by thread pool-3-thread-5
 message  {Id=25306c23-3c89-4707-8de4-c67a523ac4ce,FirstNumber=785,secondNumber=1679}  added by thread pool-3-thread-6
 message  {Id=25306c23-3c89-4707-8de4-c67a523ac4ce,FirstNumber=785,secondNumber=1679}  written to file by thread pool-3-thread-5
 message  {Id=72139ce2-eb03-42f9-9fab-52872502342c,FirstNumber=203,secondNumber=940}  added by thread pool-3-thread-6
 message  {Id=10c3102a-2afb-4bfb-8418-443fa323e2c3,FirstNumber=514,secondNumber=1725}  added by thread pool-3-thread-6
 message  {Id=72139ce2-eb03-42f9-9fab-52872502342c,FirstNumber=203,secondNumber=940}  written to file by thread pool-3-thread-3
 message  {Id=10c3102a-2afb-4bfb-8418-443fa323e2c3,FirstNumber=514,secondNumber=1725}  written to file by thread pool-3-thread-4
 message  {Id=27f38aa4-a462-4f52-a528-eda8ec638fdd,FirstNumber=541,secondNumber=777}  added by thread pool-3-thread-6
 message  {Id=27f38aa4-a462-4f52-a528-eda8ec638fdd,FirstNumber=541,secondNumber=777}  written to file by thread pool-3-thread-4
 message  {Id=b279a71c-3b93-450a-874f-a87c7655ef44,FirstNumber=476,secondNumber=59}  added by thread pool-3-thread-6
 message  {Id=b279a71c-3b93-450a-874f-a87c7655ef44,FirstNumber=476,secondNumber=59}  written to file by thread pool-3-thread-1
 message  {Id=2e1c04e5-bea4-4678-a2a9-9e9e0d1bbe23,FirstNumber=48,secondNumber=1760}  added by thread pool-3-thread-6
 message  {Id=2e1c04e5-bea4-4678-a2a9-9e9e0d1bbe23,FirstNumber=48,secondNumber=1760}  written to file by thread pool-3-thread-5
 message  {Id=6b680081-5809-43bd-8abf-b4bf3708ba05,FirstNumber=637,secondNumber=1271}  added by thread pool-3-thread-6
 message  {Id=6b680081-5809-43bd-8abf-b4bf3708ba05,FirstNumber=637,secondNumber=1271}  written to file by thread pool-3-thread-3
 message  {Id=921cb3a9-6301-494b-bed2-bcdec106a1cb,FirstNumber=241,secondNumber=374}  added by thread pool-3-thread-6
 message  {Id=921cb3a9-6301-494b-bed2-bcdec106a1cb,FirstNumber=241,secondNumber=374}  written to file by thread pool-3-thread-3
 message  {Id=1e4c88ce-0f3e-4724-a581-a5ee44483208,FirstNumber=278,secondNumber=1460}  added by thread pool-3-thread-6
 message  {Id=1e4c88ce-0f3e-4724-a581-a5ee44483208,FirstNumber=278,secondNumber=1460}  written to file by thread pool-3-thread-4
 message  {Id=35b01614-f0cb-4c0f-966f-b8cf6f737358,FirstNumber=68,secondNumber=895}  added by thread pool-3-thread-6
 message  {Id=35b01614-f0cb-4c0f-966f-b8cf6f737358,FirstNumber=68,secondNumber=895}  written to file by thread pool-3-thread-4
 message  {Id=c3a311c3-3530-449d-b079-09b13c7c0ab8,FirstNumber=479,secondNumber=705}  added by thread pool-3-thread-6
 message  {Id=c3a311c3-3530-449d-b079-09b13c7c0ab8,FirstNumber=479,secondNumber=705}  written to file by thread pool-3-thread-4
 message  {Id=3f6418a7-e938-44a5-9d7e-26b198bdcadb,FirstNumber=88,secondNumber=1060}  added by thread pool-3-thread-6
 message  {Id=b7c7627b-93a3-4c0f-9b3a-02dac7ac8d56,FirstNumber=347,secondNumber=1368}  added by thread pool-3-thread-6
 message  {Id=3f6418a7-e938-44a5-9d7e-26b198bdcadb,FirstNumber=88,secondNumber=1060}  written to file by thread pool-3-thread-2
 message  {Id=b7c7627b-93a3-4c0f-9b3a-02dac7ac8d56,FirstNumber=347,secondNumber=1368}  written to file by thread pool-3-thread-3
 message  {Id=683fc6be-c541-405c-bf7d-bb340603d82d,FirstNumber=144,secondNumber=703}  added by thread pool-3-thread-6
 message  {Id=683fc6be-c541-405c-bf7d-bb340603d82d,FirstNumber=144,secondNumber=703}  written to file by thread pool-3-thread-1
 message  {Id=e6cf208d-073a-4915-a65e-9dbd7f981b6e,FirstNumber=81,secondNumber=1853}  added by thread pool-3-thread-6
 message  {Id=e6cf208d-073a-4915-a65e-9dbd7f981b6e,FirstNumber=81,secondNumber=1853}  written to file by thread pool-3-thread-5
 message  {Id=e0498afc-4cfa-4a69-859a-06afd0d63ec7,FirstNumber=704,secondNumber=1162}  added by thread pool-3-thread-6
 message  {Id=e0498afc-4cfa-4a69-859a-06afd0d63ec7,FirstNumber=704,secondNumber=1162}  written to file by thread pool-3-thread-4
 message  {Id=1464960d-5410-422a-b85d-5befd26341a0,FirstNumber=264,secondNumber=1754}  added by thread pool-3-thread-6
 message  {Id=1464960d-5410-422a-b85d-5befd26341a0,FirstNumber=264,secondNumber=1754}  written to file by thread pool-3-thread-2
 message  {Id=74d8b346-c914-4e06-8a02-a988d8836d73,FirstNumber=493,secondNumber=1842}  added by thread pool-3-thread-6
 message  {Id=74d8b346-c914-4e06-8a02-a988d8836d73,FirstNumber=493,secondNumber=1842}  written to file by thread pool-3-thread-2
 message  {Id=010f8dd2-6ae6-492b-acd3-7c09cda042d8,FirstNumber=142,secondNumber=1429}  added by thread pool-3-thread-6
 message  {Id=010f8dd2-6ae6-492b-acd3-7c09cda042d8,FirstNumber=142,secondNumber=1429}  written to file by thread pool-3-thread-1
 message  {Id=0284d757-14d2-4c50-9527-9664429cd1c6,FirstNumber=384,secondNumber=1846}  added by thread pool-3-thread-6
 message  {Id=0284d757-14d2-4c50-9527-9664429cd1c6,FirstNumber=384,secondNumber=1846}  written to file by thread pool-3-thread-5
 message  {Id=448c479f-5896-41ab-8abc-1a5129e6c6f5,FirstNumber=31,secondNumber=1675}  added by thread pool-3-thread-6
 message  {Id=448c479f-5896-41ab-8abc-1a5129e6c6f5,FirstNumber=31,secondNumber=1675}  written to file by thread pool-3-thread-4
 message  {Id=6cbf608c-dcab-43b9-b0c9-c3e3fe83bd6b,FirstNumber=925,secondNumber=1326}  added by thread pool-3-thread-6
 message  {Id=2408760f-edfc-4d05-8efe-63d0001916d7,FirstNumber=130,secondNumber=1439}  added by thread pool-3-thread-6
 message  {Id=6cbf608c-dcab-43b9-b0c9-c3e3fe83bd6b,FirstNumber=925,secondNumber=1326}  written to file by thread pool-3-thread-3
 message  {Id=2408760f-edfc-4d05-8efe-63d0001916d7,FirstNumber=130,secondNumber=1439}  written to file by thread pool-3-thread-2
 message  {Id=fb25b079-a1c9-4017-a73b-94f3f8fc4a41,FirstNumber=57,secondNumber=551}  added by thread pool-3-thread-6
 message  {Id=fb25b079-a1c9-4017-a73b-94f3f8fc4a41,FirstNumber=57,secondNumber=551}  written to file by thread pool-3-thread-1
 message  {Id=392f6a87-3efa-497f-a04d-a882c010afee,FirstNumber=910,secondNumber=693}  added by thread pool-3-thread-6
 message  {Id=392f6a87-3efa-497f-a04d-a882c010afee,FirstNumber=910,secondNumber=693}  written to file by thread pool-3-thread-5
 message  {Id=9829d469-7cca-446f-a823-b0b239d27d82,FirstNumber=93,secondNumber=1323}  added by thread pool-3-thread-6
 message  {Id=9829d469-7cca-446f-a823-b0b239d27d82,FirstNumber=93,secondNumber=1323}  written to file by thread pool-3-thread-4
 message  {Id=9fa00d6c-5ad7-460b-ae8a-18a67a383d58,FirstNumber=61,secondNumber=1964}  added by thread pool-3-thread-6
 message  {Id=9fa00d6c-5ad7-460b-ae8a-18a67a383d58,FirstNumber=61,secondNumber=1964}  written to file by thread pool-3-thread-3
 message  {Id=6be65b7f-8e11-45e2-8446-87d54a7a0fe4,FirstNumber=883,secondNumber=572}  added by thread pool-3-thread-6
 message  {Id=6be65b7f-8e11-45e2-8446-87d54a7a0fe4,FirstNumber=883,secondNumber=572}  written to file by thread pool-3-thread-3
 message  {Id=6dfaf10b-e8f7-4666-9e17-9bce4847995c,FirstNumber=400,secondNumber=1797}  added by thread pool-3-thread-6
 message  {Id=6dfaf10b-e8f7-4666-9e17-9bce4847995c,FirstNumber=400,secondNumber=1797}  written to file by thread pool-3-thread-1
 message  {Id=1ad0cba8-741b-4ba3-bb05-6c5424d5d957,FirstNumber=817,secondNumber=1598}  added by thread pool-3-thread-6
 message  {Id=1ad0cba8-741b-4ba3-bb05-6c5424d5d957,FirstNumber=817,secondNumber=1598}  written to file by thread pool-3-thread-5
 message  {Id=a94e1b4f-0254-4832-aa7b-164087187bb5,FirstNumber=948,secondNumber=892}  added by thread pool-3-thread-6
 message  {Id=a94e1b4f-0254-4832-aa7b-164087187bb5,FirstNumber=948,secondNumber=892}  written to file by thread pool-3-thread-5
 message  {Id=5e1c4947-804c-48de-ae07-16c969148e09,FirstNumber=535,secondNumber=1171}  added by thread pool-3-thread-6
 message  {Id=6ee908ed-f262-4630-8e79-a149323f3856,FirstNumber=876,secondNumber=651}  added by thread pool-3-thread-6
 message  {Id=5e1c4947-804c-48de-ae07-16c969148e09,FirstNumber=535,secondNumber=1171}  written to file by thread pool-3-thread-2
 message  {Id=6ee908ed-f262-4630-8e79-a149323f3856,FirstNumber=876,secondNumber=651}  written to file by thread pool-3-thread-3
 message  {Id=50cfed0e-6f28-470b-9570-4c64bd2da4b2,FirstNumber=468,secondNumber=1166}  added by thread pool-3-thread-6
 message  {Id=50cfed0e-6f28-470b-9570-4c64bd2da4b2,FirstNumber=468,secondNumber=1166}  written to file by thread pool-3-thread-1
 message  {Id=defdf81f-d3b8-4e72-8276-b3c30f549a7b,FirstNumber=792,secondNumber=1027}  added by thread pool-3-thread-6
 message  {Id=defdf81f-d3b8-4e72-8276-b3c30f549a7b,FirstNumber=792,secondNumber=1027}  written to file by thread pool-3-thread-1
 message  {Id=019c2625-86ec-49c8-8fe1-38c10832b20b,FirstNumber=444,secondNumber=1567}  added by thread pool-3-thread-6
 message  {Id=019c2625-86ec-49c8-8fe1-38c10832b20b,FirstNumber=444,secondNumber=1567}  written to file by thread pool-3-thread-1
 message  {Id=5da3f2e7-36d4-4d75-8935-232c1a68473c,FirstNumber=266,secondNumber=1077}  added by thread pool-3-thread-6
 message  {Id=5da3f2e7-36d4-4d75-8935-232c1a68473c,FirstNumber=266,secondNumber=1077}  written to file by thread pool-3-thread-2
 message  {Id=94aa6298-d236-4f8a-be90-8946d9574e60,FirstNumber=994,secondNumber=1681}  added by thread pool-3-thread-6
 message  {Id=94aa6298-d236-4f8a-be90-8946d9574e60,FirstNumber=994,secondNumber=1681}  written to file by thread pool-3-thread-2
 message  {Id=8d5351f7-6a9b-49d0-8d06-2c9073464547,FirstNumber=734,secondNumber=1486}  added by thread pool-3-thread-6
 message  {Id=8d5351f7-6a9b-49d0-8d06-2c9073464547,FirstNumber=734,secondNumber=1486}  written to file by thread pool-3-thread-4
 message  {Id=2cbb3cad-d06f-4e14-8eb0-be3694af948f,FirstNumber=663,secondNumber=815}  added by thread pool-3-thread-6
 message  {Id=2cbb3cad-d06f-4e14-8eb0-be3694af948f,FirstNumber=663,secondNumber=815}  written to file by thread pool-3-thread-4
 message  {Id=6172f4e0-378a-49e8-bc55-cae0b54dd30d,FirstNumber=691,secondNumber=577}  added by thread pool-3-thread-6
 message  {Id=6172f4e0-378a-49e8-bc55-cae0b54dd30d,FirstNumber=691,secondNumber=577}  written to file by thread pool-3-thread-1
 message  {Id=bc007223-de6a-43e0-9a71-494bb2d72dd8,FirstNumber=667,secondNumber=1656}  added by thread pool-3-thread-6
 message  {Id=9eb6abeb-a323-4157-ba79-6caf0301b39a,FirstNumber=114,secondNumber=195}  added by thread pool-3-thread-6
 message  {Id=bc007223-de6a-43e0-9a71-494bb2d72dd8,FirstNumber=667,secondNumber=1656}  written to file by thread pool-3-thread-3
 message  {Id=9eb6abeb-a323-4157-ba79-6caf0301b39a,FirstNumber=114,secondNumber=195}  written to file by thread pool-3-thread-2
 message  {Id=860cebf4-cb0b-4284-acce-305e2f691fde,FirstNumber=784,secondNumber=824}  added by thread pool-3-thread-6
 message  {Id=860cebf4-cb0b-4284-acce-305e2f691fde,FirstNumber=784,secondNumber=824}  written to file by thread pool-3-thread-5
 message  {Id=84f3257e-1b7b-43e9-ae92-f875096c08f0,FirstNumber=590,secondNumber=743}  added by thread pool-3-thread-6
 message  {Id=84f3257e-1b7b-43e9-ae92-f875096c08f0,FirstNumber=590,secondNumber=743}  written to file by thread pool-3-thread-5
 message  {Id=3966035d-221b-40d1-b518-a074f1d841fe,FirstNumber=561,secondNumber=691}  added by thread pool-3-thread-6
 message  {Id=3966035d-221b-40d1-b518-a074f1d841fe,FirstNumber=561,secondNumber=691}  written to file by thread pool-3-thread-1
 message  {Id=f418cfde-da42-461b-bfaf-e91445543ae2,FirstNumber=174,secondNumber=1833}  added by thread pool-3-thread-6
 message  {Id=f418cfde-da42-461b-bfaf-e91445543ae2,FirstNumber=174,secondNumber=1833}  written to file by thread pool-3-thread-3
 message  {Id=371f3c00-7803-493e-a533-0995b63dcd71,FirstNumber=45,secondNumber=1343}  added by thread pool-3-thread-6
 message  {Id=371f3c00-7803-493e-a533-0995b63dcd71,FirstNumber=45,secondNumber=1343}  written to file by thread pool-3-thread-3
 message  {Id=d334aee6-6236-4192-a2d1-a8028145b524,FirstNumber=951,secondNumber=1141}  added by thread pool-3-thread-6
 message  {Id=d334aee6-6236-4192-a2d1-a8028145b524,FirstNumber=951,secondNumber=1141}  written to file by thread pool-3-thread-4
 message  {Id=da3e1b2f-4861-404c-b73a-63651c906e30,FirstNumber=8,secondNumber=998}  added by thread pool-3-thread-6
 message  {Id=da3e1b2f-4861-404c-b73a-63651c906e30,FirstNumber=8,secondNumber=998}  written to file by thread pool-3-thread-4
 message  {Id=5681a9ba-0512-41ec-985c-2062ec01da07,FirstNumber=358,secondNumber=169}  added by thread pool-3-thread-6
 message  {Id=5681a9ba-0512-41ec-985c-2062ec01da07,FirstNumber=358,secondNumber=169}  written to file by thread pool-3-thread-1
 message  {Id=c0b4cc5e-c00e-4987-999c-e2ac5a6a3eed,FirstNumber=833,secondNumber=1238}  added by thread pool-3-thread-6
 message  {Id=c4f05297-35c7-45ed-b827-7d0a72e54b52,FirstNumber=824,secondNumber=1039}  added by thread pool-3-thread-6
 message  {Id=c0b4cc5e-c00e-4987-999c-e2ac5a6a3eed,FirstNumber=833,secondNumber=1238}  written to file by thread pool-3-thread-2
 message  {Id=c4f05297-35c7-45ed-b827-7d0a72e54b52,FirstNumber=824,secondNumber=1039}  written to file by thread pool-3-thread-3
 message  {Id=3b31542e-5527-4708-a414-fe4ef3e7900d,FirstNumber=997,secondNumber=1983}  added by thread pool-3-thread-6
 message  {Id=3b31542e-5527-4708-a414-fe4ef3e7900d,FirstNumber=997,secondNumber=1983}  written to file by thread pool-3-thread-5
 message  {Id=c4788d12-fec2-47f8-9e13-026276d6e2e9,FirstNumber=586,secondNumber=398}  added by thread pool-3-thread-6
 message  {Id=c4788d12-fec2-47f8-9e13-026276d6e2e9,FirstNumber=586,secondNumber=398}  written to file by thread pool-3-thread-5
 message  {Id=f4141136-665c-4335-90a8-c59ca29b72a1,FirstNumber=569,secondNumber=840}  added by thread pool-3-thread-6
 message  {Id=f4141136-665c-4335-90a8-c59ca29b72a1,FirstNumber=569,secondNumber=840}  written to file by thread pool-3-thread-1
 message  {Id=b098b492-4020-4d9c-853d-7dbbb00d0032,FirstNumber=232,secondNumber=1397}  added by thread pool-3-thread-6
 message  {Id=b098b492-4020-4d9c-853d-7dbbb00d0032,FirstNumber=232,secondNumber=1397}  written to file by thread pool-3-thread-1
 message  {Id=58de8e58-56ac-4c67-8bd6-44cdaa722877,FirstNumber=155,secondNumber=1966}  added by thread pool-3-thread-6
 message  {Id=58de8e58-56ac-4c67-8bd6-44cdaa722877,FirstNumber=155,secondNumber=1966}  written to file by thread pool-3-thread-1
 message  {Id=a2f3f1d4-a955-442f-8919-c40e8b74ffcb,FirstNumber=232,secondNumber=1143}  added by thread pool-3-thread-6
 message  {Id=a2f3f1d4-a955-442f-8919-c40e8b74ffcb,FirstNumber=232,secondNumber=1143}  written to file by thread pool-3-thread-4
 message  {Id=2dc5e433-924d-4e74-9828-efba42545313,FirstNumber=216,secondNumber=1425}  added by thread pool-3-thread-6
 message  {Id=686dbf5c-17e0-4934-911c-297621539399,FirstNumber=768,secondNumber=699}  added by thread pool-3-thread-6
 message  {Id=2dc5e433-924d-4e74-9828-efba42545313,FirstNumber=216,secondNumber=1425}  written to file by thread pool-3-thread-5
 message  {Id=686dbf5c-17e0-4934-911c-297621539399,FirstNumber=768,secondNumber=699}  written to file by thread pool-3-thread-2
 message  {Id=bd15cd5a-51ee-4f7c-bbab-cfe6d4978940,FirstNumber=668,secondNumber=1582}  added by thread pool-3-thread-6
 message  {Id=54880f3e-0b53-4f4c-b3fc-74a3dba5a6c6,FirstNumber=243,secondNumber=435}  added by thread pool-3-thread-6
 message  {Id=bd15cd5a-51ee-4f7c-bbab-cfe6d4978940,FirstNumber=668,secondNumber=1582}  written to file by thread pool-3-thread-3
 message  {Id=54880f3e-0b53-4f4c-b3fc-74a3dba5a6c6,FirstNumber=243,secondNumber=435}  written to file by thread pool-3-thread-1
 message  {Id=d9658682-d553-42e6-8b94-112faa66136c,FirstNumber=653,secondNumber=1780}  added by thread pool-3-thread-6
 message  {Id=d9658682-d553-42e6-8b94-112faa66136c,FirstNumber=653,secondNumber=1780}  written to file by thread pool-3-thread-1
 message  {Id=78f13552-0ec6-4ae9-8dd9-36f6ffed9799,FirstNumber=606,secondNumber=1464}  added by thread pool-3-thread-6
 message  {Id=78f13552-0ec6-4ae9-8dd9-36f6ffed9799,FirstNumber=606,secondNumber=1464}  written to file by thread pool-3-thread-1
 message  {Id=9de89a3b-e217-4532-bb40-f65cdd1169eb,FirstNumber=827,secondNumber=1618}  added by thread pool-3-thread-6
 message  {Id=9de89a3b-e217-4532-bb40-f65cdd1169eb,FirstNumber=827,secondNumber=1618}  written to file by thread pool-3-thread-2
 message  {Id=25605480-aa3b-4236-99ec-9c1f1d1eaa10,FirstNumber=802,secondNumber=83}  added by thread pool-3-thread-6
 message  {Id=25605480-aa3b-4236-99ec-9c1f1d1eaa10,FirstNumber=802,secondNumber=83}  written to file by thread pool-3-thread-2
 message  {Id=40e9707b-e7f1-4fe5-9819-727e04db95d9,FirstNumber=501,secondNumber=1522}  added by thread pool-3-thread-6
 message  {Id=40e9707b-e7f1-4fe5-9819-727e04db95d9,FirstNumber=501,secondNumber=1522}  written to file by thread pool-3-thread-4
 message  {Id=26c9eb4f-f5f5-47ce-af06-52a5ea017be6,FirstNumber=980,secondNumber=355}  added by thread pool-3-thread-6
 message  {Id=26c9eb4f-f5f5-47ce-af06-52a5ea017be6,FirstNumber=980,secondNumber=355}  written to file by thread pool-3-thread-5
 message  {Id=1a2f3061-bbf0-41f3-860a-55df94dfb48e,FirstNumber=512,secondNumber=1741}  added by thread pool-3-thread-6
 message  {Id=1a2f3061-bbf0-41f3-860a-55df94dfb48e,FirstNumber=512,secondNumber=1741}  written to file by thread pool-3-thread-1
 message  {Id=0aab1d16-e314-4149-bb28-9a78c64a30d6,FirstNumber=474,secondNumber=1934}  added by thread pool-3-thread-6
 message  {Id=0aab1d16-e314-4149-bb28-9a78c64a30d6,FirstNumber=474,secondNumber=1934}  written to file by thread pool-3-thread-3
 message  {Id=f6359fd2-da81-434e-8373-f4cf1def1f4a,FirstNumber=845,secondNumber=277}  added by thread pool-3-thread-6
 message  {Id=f6359fd2-da81-434e-8373-f4cf1def1f4a,FirstNumber=845,secondNumber=277}  written to file by thread pool-3-thread-3
 message  {Id=fc455faf-5d65-402e-a2cf-74a41a60ae16,FirstNumber=977,secondNumber=1571}  added by thread pool-3-thread-6
 message  {Id=fc455faf-5d65-402e-a2cf-74a41a60ae16,FirstNumber=977,secondNumber=1571}  written to file by thread pool-3-thread-3
 message  {Id=3946fa29-e3f0-47d2-8cb5-4059118daf3a,FirstNumber=370,secondNumber=1656}  added by thread pool-3-thread-6
 message  {Id=3946fa29-e3f0-47d2-8cb5-4059118daf3a,FirstNumber=370,secondNumber=1656}  written to file by thread pool-3-thread-5
 message  {Id=57d37e20-84b7-4431-ab85-90d30d5e2596,FirstNumber=316,secondNumber=487}  added by thread pool-3-thread-6
 message  {Id=57d37e20-84b7-4431-ab85-90d30d5e2596,FirstNumber=316,secondNumber=487}  written to file by thread pool-3-thread-5
 message  {Id=68448bc1-b2ab-40d3-93b6-8694b3fcc968,FirstNumber=213,secondNumber=1948}  added by thread pool-3-thread-6
 message  {Id=68448bc1-b2ab-40d3-93b6-8694b3fcc968,FirstNumber=213,secondNumber=1948}  written to file by thread pool-3-thread-2
 message  {Id=e69ed5ee-ac61-4998-8f27-74e5ed34112b,FirstNumber=850,secondNumber=323}  added by thread pool-3-thread-6
 message  {Id=e69ed5ee-ac61-4998-8f27-74e5ed34112b,FirstNumber=850,secondNumber=323}  written to file by thread pool-3-thread-2
 message  {Id=28d5cc56-c72a-4c1f-9fb1-48adaa1ab920,FirstNumber=550,secondNumber=1824}  added by thread pool-3-thread-6
 message  {Id=28d5cc56-c72a-4c1f-9fb1-48adaa1ab920,FirstNumber=550,secondNumber=1824}  written to file by thread pool-3-thread-3
 message  {Id=1560876c-d9b9-4fd1-b2cc-d46159757918,FirstNumber=830,secondNumber=1005}  added by thread pool-3-thread-6
 message  {Id=1560876c-d9b9-4fd1-b2cc-d46159757918,FirstNumber=830,secondNumber=1005}  written to file by thread pool-3-thread-3
 message  {Id=8ac101dd-6b16-4332-ad6e-8614ec114df1,FirstNumber=807,secondNumber=1595}  added by thread pool-3-thread-6
 message  {Id=8ac101dd-6b16-4332-ad6e-8614ec114df1,FirstNumber=807,secondNumber=1595}  written to file by thread pool-3-thread-3
 message  {Id=e605684a-0a20-4861-9a99-fa70c4ba2052,FirstNumber=408,secondNumber=1765}  added by thread pool-3-thread-6
 message  {Id=e605684a-0a20-4861-9a99-fa70c4ba2052,FirstNumber=408,secondNumber=1765}  written to file by thread pool-3-thread-4
 message  {Id=f6862beb-996e-45b3-879f-edf43cb11996,FirstNumber=854,secondNumber=1238}  added by thread pool-3-thread-6
 message  {Id=6ebc4820-b7da-41c1-bcdc-0ce195038a76,FirstNumber=433,secondNumber=227}  added by thread pool-3-thread-6
 message  {Id=f6862beb-996e-45b3-879f-edf43cb11996,FirstNumber=854,secondNumber=1238}  written to file by thread pool-3-thread-2
 message  {Id=6ebc4820-b7da-41c1-bcdc-0ce195038a76,FirstNumber=433,secondNumber=227}  written to file by thread pool-3-thread-1
 message  {Id=e814da9b-4837-43b2-ac5f-e29633acaaac,FirstNumber=438,secondNumber=1281}  added by thread pool-3-thread-6
 message  {Id=e814da9b-4837-43b2-ac5f-e29633acaaac,FirstNumber=438,secondNumber=1281}  written to file by thread pool-3-thread-1
 message  {Id=77139061-64f5-4881-8485-ea0a77c8d35d,FirstNumber=488,secondNumber=1085}  added by thread pool-3-thread-6
 message  {Id=77139061-64f5-4881-8485-ea0a77c8d35d,FirstNumber=488,secondNumber=1085}  written to file by thread pool-3-thread-3
 message  {Id=094cd001-ef3d-49e7-ae67-3d86c385bd4a,FirstNumber=669,secondNumber=1961}  added by thread pool-3-thread-6
 message  {Id=094cd001-ef3d-49e7-ae67-3d86c385bd4a,FirstNumber=669,secondNumber=1961}  written to file by thread pool-3-thread-4
 message  {Id=20eac41c-31be-460f-8ca8-ae6dc99596d0,FirstNumber=207,secondNumber=195}  added by thread pool-3-thread-6
 message  {Id=20eac41c-31be-460f-8ca8-ae6dc99596d0,FirstNumber=207,secondNumber=195}  written to file by thread pool-3-thread-4
 message  {Id=ec75aa98-cf8c-4f45-bec2-7936d4966ef7,FirstNumber=202,secondNumber=1860}  added by thread pool-3-thread-6
 message  {Id=ec75aa98-cf8c-4f45-bec2-7936d4966ef7,FirstNumber=202,secondNumber=1860}  written to file by thread pool-3-thread-5
 message  {Id=32bbdfd3-1636-45c3-b090-6a084dbde8dd,FirstNumber=484,secondNumber=1768}  added by thread pool-3-thread-6
 message  {Id=32bbdfd3-1636-45c3-b090-6a084dbde8dd,FirstNumber=484,secondNumber=1768}  written to file by thread pool-3-thread-5
 message  {Id=080c4a63-1523-4154-9eb9-7cd4036f0683,FirstNumber=897,secondNumber=65}  added by thread pool-3-thread-6
 message  {Id=080c4a63-1523-4154-9eb9-7cd4036f0683,FirstNumber=897,secondNumber=65}  written to file by thread pool-3-thread-3
 message  {Id=5bd31f2e-9643-486e-a954-711eb091ebfd,FirstNumber=542,secondNumber=886}  added by thread pool-3-thread-6
 message  {Id=5bd31f2e-9643-486e-a954-711eb091ebfd,FirstNumber=542,secondNumber=886}  written to file by thread pool-3-thread-3
 message  {Id=0b8516ae-975a-498b-8188-344ae8e98ecf,FirstNumber=470,secondNumber=1994}  added by thread pool-3-thread-6
 message  {Id=0dc858c0-d6b6-49dc-954f-3a11cc1b4282,FirstNumber=590,secondNumber=1397}  added by thread pool-3-thread-6
 message  {Id=0b8516ae-975a-498b-8188-344ae8e98ecf,FirstNumber=470,secondNumber=1994}  written to file by thread pool-3-thread-4
 message  {Id=0dc858c0-d6b6-49dc-954f-3a11cc1b4282,FirstNumber=590,secondNumber=1397}  written to file by thread pool-3-thread-1
 message  {Id=cef165a3-21d2-4894-a3a1-0f251207ee7c,FirstNumber=382,secondNumber=86}  added by thread pool-3-thread-6
 message  {Id=cef165a3-21d2-4894-a3a1-0f251207ee7c,FirstNumber=382,secondNumber=86}  written to file by thread pool-3-thread-1
 message  {Id=78f5de1f-879a-4206-9258-102701abc35a,FirstNumber=720,secondNumber=1520}  added by thread pool-3-thread-6
 message  {Id=78f5de1f-879a-4206-9258-102701abc35a,FirstNumber=720,secondNumber=1520}  written to file by thread pool-3-thread-2
 message  {Id=6d67eaa5-4428-4133-a5e1-8dab01ce4be3,FirstNumber=632,secondNumber=1326}  added by thread pool-3-thread-6
 message  {Id=6d67eaa5-4428-4133-a5e1-8dab01ce4be3,FirstNumber=632,secondNumber=1326}  written to file by thread pool-3-thread-3
 message  {Id=e3edb4bc-028e-4ec8-81ae-342e59efe26a,FirstNumber=616,secondNumber=952}  added by thread pool-3-thread-6
 message  {Id=e3edb4bc-028e-4ec8-81ae-342e59efe26a,FirstNumber=616,secondNumber=952}  written to file by thread pool-3-thread-4
 message  {Id=7d10453c-bcae-4738-a79e-b95818396d5a,FirstNumber=829,secondNumber=1262}  added by thread pool-3-thread-6
 message  {Id=7d10453c-bcae-4738-a79e-b95818396d5a,FirstNumber=829,secondNumber=1262}  written to file by thread pool-3-thread-4
 message  {Id=94390ebc-388b-41f9-9963-192c4d6ecad6,FirstNumber=131,secondNumber=677}  added by thread pool-3-thread-6
 message  {Id=94390ebc-388b-41f9-9963-192c4d6ecad6,FirstNumber=131,secondNumber=677}  written to file by thread pool-3-thread-1
 message  {Id=b8ad38fa-0444-4433-93f6-15697b5f869c,FirstNumber=947,secondNumber=330}  added by thread pool-3-thread-6
 message  {Id=b8ad38fa-0444-4433-93f6-15697b5f869c,FirstNumber=947,secondNumber=330}  written to file by thread pool-3-thread-1
 message  {Id=7dd59e0f-dd93-4598-af33-7dac50a44e0f,FirstNumber=380,secondNumber=1859}  added by thread pool-3-thread-6
 message  {Id=7dd59e0f-dd93-4598-af33-7dac50a44e0f,FirstNumber=380,secondNumber=1859}  written to file by thread pool-3-thread-3
 message  {Id=01a337f2-4ef2-44c6-a0ab-35e25d4f7d6e,FirstNumber=684,secondNumber=1211}  added by thread pool-3-thread-6
 message  {Id=86465a64-d1d9-4d83-9121-6c598016e2e3,FirstNumber=867,secondNumber=816}  added by thread pool-3-thread-6
 message  {Id=01a337f2-4ef2-44c6-a0ab-35e25d4f7d6e,FirstNumber=684,secondNumber=1211}  written to file by thread pool-3-thread-5
 message  {Id=86465a64-d1d9-4d83-9121-6c598016e2e3,FirstNumber=867,secondNumber=816}  written to file by thread pool-3-thread-4
 message  {Id=f976b878-2ab9-4c78-94b2-3f23e437ff78,FirstNumber=495,secondNumber=65}  added by thread pool-3-thread-6
 message  {Id=f976b878-2ab9-4c78-94b2-3f23e437ff78,FirstNumber=495,secondNumber=65}  written to file by thread pool-3-thread-2
 message  {Id=d4140010-091e-4803-805c-81b5d3088f80,FirstNumber=123,secondNumber=1569}  added by thread pool-3-thread-6
 message  {Id=d4140010-091e-4803-805c-81b5d3088f80,FirstNumber=123,secondNumber=1569}  written to file by thread pool-3-thread-2
 message  {Id=d6d90bdf-46b8-420a-874b-c93bdae2506c,FirstNumber=441,secondNumber=1805}  added by thread pool-3-thread-6
 message  {Id=d6d90bdf-46b8-420a-874b-c93bdae2506c,FirstNumber=441,secondNumber=1805}  written to file by thread pool-3-thread-3
 message  {Id=21ec6d68-a926-4320-8b93-dfa69f70e14e,FirstNumber=181,secondNumber=365}  added by thread pool-3-thread-6
 message  {Id=21ec6d68-a926-4320-8b93-dfa69f70e14e,FirstNumber=181,secondNumber=365}  written to file by thread pool-3-thread-3
 message  {Id=40d54643-59d0-484f-955a-5d62d4b0e5b3,FirstNumber=329,secondNumber=349}  added by thread pool-3-thread-6
 message  {Id=40d54643-59d0-484f-955a-5d62d4b0e5b3,FirstNumber=329,secondNumber=349}  written to file by thread pool-3-thread-3
 message  {Id=3a058ad4-3d6a-41d7-920a-130304b8596e,FirstNumber=919,secondNumber=529}  added by thread pool-3-thread-6
 message  {Id=3a058ad4-3d6a-41d7-920a-130304b8596e,FirstNumber=919,secondNumber=529}  written to file by thread pool-3-thread-1
 message  {Id=0ec5110f-3a67-4f75-9229-f7fc5e0d98fd,FirstNumber=355,secondNumber=1564}  added by thread pool-3-thread-6
 message  {Id=0ec5110f-3a67-4f75-9229-f7fc5e0d98fd,FirstNumber=355,secondNumber=1564}  written to file by thread pool-3-thread-1
 message  {Id=e08954fb-8409-41d6-9a4c-9dec1eb141cf,FirstNumber=226,secondNumber=526}  added by thread pool-3-thread-6
 message  {Id=e08954fb-8409-41d6-9a4c-9dec1eb141cf,FirstNumber=226,secondNumber=526}  written to file by thread pool-3-thread-5
 message  {Id=db63a7e1-ce73-48c4-8c24-bcf9b65cb580,FirstNumber=125,secondNumber=1114}  added by thread pool-3-thread-6
 message  {Id=b87044f9-5ac8-4fc5-a9cd-b8a2b8b5f0a2,FirstNumber=200,secondNumber=1534}  added by thread pool-3-thread-6
 message  {Id=db63a7e1-ce73-48c4-8c24-bcf9b65cb580,FirstNumber=125,secondNumber=1114}  written to file by thread pool-3-thread-4
 message  {Id=b87044f9-5ac8-4fc5-a9cd-b8a2b8b5f0a2,FirstNumber=200,secondNumber=1534}  written to file by thread pool-3-thread-3
 message  {Id=7d47b9e4-0799-4c8e-9f72-9ce52cb94a29,FirstNumber=381,secondNumber=282}  added by thread pool-3-thread-6
 message  {Id=7d47b9e4-0799-4c8e-9f72-9ce52cb94a29,FirstNumber=381,secondNumber=282}  written to file by thread pool-3-thread-3
 message  {Id=50d97aaf-6e9c-4ae9-ae12-67784334c5d7,FirstNumber=192,secondNumber=938}  added by thread pool-3-thread-6
 message  {Id=50d97aaf-6e9c-4ae9-ae12-67784334c5d7,FirstNumber=192,secondNumber=938}  written to file by thread pool-3-thread-1
 message  {Id=3daebece-0778-478f-b00c-8754d724e10e,FirstNumber=517,secondNumber=1919}  added by thread pool-3-thread-6
 message  {Id=3daebece-0778-478f-b00c-8754d724e10e,FirstNumber=517,secondNumber=1919}  written to file by thread pool-3-thread-5
 message  {Id=7f6b6729-65c0-40b0-97c9-6d43b74c5ad4,FirstNumber=290,secondNumber=692}  added by thread pool-3-thread-6
 message  {Id=7f6b6729-65c0-40b0-97c9-6d43b74c5ad4,FirstNumber=290,secondNumber=692}  written to file by thread pool-3-thread-4
 message  {Id=662a9275-17d7-47bf-9216-c9d604be4d02,FirstNumber=503,secondNumber=547}  added by thread pool-3-thread-6
 message  {Id=662a9275-17d7-47bf-9216-c9d604be4d02,FirstNumber=503,secondNumber=547}  written to file by thread pool-3-thread-4
 message  {Id=540680ed-d5e9-4d86-91b7-1454ecde8915,FirstNumber=81,secondNumber=1222}  added by thread pool-3-thread-6
 message  {Id=540680ed-d5e9-4d86-91b7-1454ecde8915,FirstNumber=81,secondNumber=1222}  written to file by thread pool-3-thread-3
 message  {Id=1fd9dee9-ed25-49f1-a9bf-9a7ad7f79f5a,FirstNumber=322,secondNumber=1000}  added by thread pool-3-thread-6
 message  {Id=1fd9dee9-ed25-49f1-a9bf-9a7ad7f79f5a,FirstNumber=322,secondNumber=1000}  written to file by thread pool-3-thread-3
 message  {Id=53241c24-2b8a-4976-b57e-c8463e500146,FirstNumber=373,secondNumber=1162}  added by thread pool-3-thread-6
 message  {Id=53241c24-2b8a-4976-b57e-c8463e500146,FirstNumber=373,secondNumber=1162}  written to file by thread pool-3-thread-3
 message  {Id=fe2f365e-19ad-45f1-bc62-e8b6c48db351,FirstNumber=214,secondNumber=1379}  added by thread pool-3-thread-6
 message  {Id=205074aa-0128-4643-a285-f94238f75220,FirstNumber=92,secondNumber=12}  added by thread pool-3-thread-6
 message  {Id=fe2f365e-19ad-45f1-bc62-e8b6c48db351,FirstNumber=214,secondNumber=1379}  written to file by thread pool-3-thread-2
 message  {Id=205074aa-0128-4643-a285-f94238f75220,FirstNumber=92,secondNumber=12}  written to file by thread pool-3-thread-4
 message  {Id=d10a07e5-822a-43a8-8de8-2b2706540454,FirstNumber=491,secondNumber=1634}  added by thread pool-3-thread-6
 message  {Id=d10a07e5-822a-43a8-8de8-2b2706540454,FirstNumber=491,secondNumber=1634}  written to file by thread pool-3-thread-1
 message  {Id=67b3f928-f811-4d9b-acbc-1bfa0f3aaf71,FirstNumber=335,secondNumber=624}  added by thread pool-3-thread-6
 message  {Id=67b3f928-f811-4d9b-acbc-1bfa0f3aaf71,FirstNumber=335,secondNumber=624}  written to file by thread pool-3-thread-5
 message  {Id=4ad06a0d-13b3-42ed-a0de-fce4eff1f96a,FirstNumber=976,secondNumber=371}  added by thread pool-3-thread-6
 message  {Id=4ad06a0d-13b3-42ed-a0de-fce4eff1f96a,FirstNumber=976,secondNumber=371}  written to file by thread pool-3-thread-3
 message  {Id=902e074e-5203-4b74-8d83-6a93534604af,FirstNumber=47,secondNumber=1520}  added by thread pool-3-thread-6
 message  {Id=902e074e-5203-4b74-8d83-6a93534604af,FirstNumber=47,secondNumber=1520}  written to file by thread pool-3-thread-2
 message  {Id=e151a749-87f5-4223-ab59-122c298a8915,FirstNumber=587,secondNumber=990}  added by thread pool-3-thread-6
 message  {Id=e151a749-87f5-4223-ab59-122c298a8915,FirstNumber=587,secondNumber=990}  written to file by thread pool-3-thread-2
 message  {Id=e0eeb742-1122-472a-a224-8c8900aae340,FirstNumber=589,secondNumber=1371}  added by thread pool-3-thread-6
 message  {Id=e0eeb742-1122-472a-a224-8c8900aae340,FirstNumber=589,secondNumber=1371}  written to file by thread pool-3-thread-1
 message  {Id=48ff752e-df27-462c-8cb8-ad35b4458083,FirstNumber=755,secondNumber=1936}  added by thread pool-3-thread-6
 message  {Id=48ff752e-df27-462c-8cb8-ad35b4458083,FirstNumber=755,secondNumber=1936}  written to file by thread pool-3-thread-5
 message  {Id=f4844a08-a84f-483c-8a0f-8627bb9a392a,FirstNumber=964,secondNumber=1679}  added by thread pool-3-thread-6
 message  {Id=f4844a08-a84f-483c-8a0f-8627bb9a392a,FirstNumber=964,secondNumber=1679}  written to file by thread pool-3-thread-3
 message  {Id=686b06e2-66f4-4294-b3d9-6ddee498d147,FirstNumber=275,secondNumber=442}  added by thread pool-3-thread-6
 message  {Id=00d365be-3dea-4812-a225-40d9770e3fdd,FirstNumber=463,secondNumber=97}  added by thread pool-3-thread-6
 message  {Id=686b06e2-66f4-4294-b3d9-6ddee498d147,FirstNumber=275,secondNumber=442}  written to file by thread pool-3-thread-4
 message  {Id=00d365be-3dea-4812-a225-40d9770e3fdd,FirstNumber=463,secondNumber=97}  written to file by thread pool-3-thread-2
 message  {Id=fa127aa6-6ae1-4b9c-9db5-973ae3d85447,FirstNumber=647,secondNumber=92}  added by thread pool-3-thread-6
 message  {Id=fa127aa6-6ae1-4b9c-9db5-973ae3d85447,FirstNumber=647,secondNumber=92}  written to file by thread pool-3-thread-1
 message  {Id=58d22280-2fee-4ded-af00-f1e2deb3ffcf,FirstNumber=511,secondNumber=399}  added by thread pool-3-thread-6
 message  {Id=58d22280-2fee-4ded-af00-f1e2deb3ffcf,FirstNumber=511,secondNumber=399}  written to file by thread pool-3-thread-5
 message  {Id=e2a04345-ebb6-4297-acbd-feacfd029cf3,FirstNumber=319,secondNumber=330}  added by thread pool-3-thread-6
 message  {Id=e2a04345-ebb6-4297-acbd-feacfd029cf3,FirstNumber=319,secondNumber=330}  written to file by thread pool-3-thread-3
 message  {Id=c5ce9567-b100-4b81-82c6-86eaf6d9eb5d,FirstNumber=581,secondNumber=1243}  added by thread pool-3-thread-6
 message  {Id=e8faee15-ab8e-46cd-a25e-4a94a6984210,FirstNumber=436,secondNumber=652}  added by thread pool-3-thread-6
 message  {Id=c5ce9567-b100-4b81-82c6-86eaf6d9eb5d,FirstNumber=581,secondNumber=1243}  written to file by thread pool-3-thread-4
 message  {Id=f429c739-2c6c-4c48-a205-2e0597a7489e,FirstNumber=526,secondNumber=55}  added by thread pool-3-thread-6
 message  {Id=e8faee15-ab8e-46cd-a25e-4a94a6984210,FirstNumber=436,secondNumber=652}  written to file by thread pool-3-thread-2
 message  {Id=f429c739-2c6c-4c48-a205-2e0597a7489e,FirstNumber=526,secondNumber=55}  written to file by thread pool-3-thread-4
 message  {Id=b750f4be-cc59-4dc8-aef0-d85ffd67aac0,FirstNumber=460,secondNumber=1550}  added by thread pool-3-thread-6
 message  {Id=b2db667f-938a-4956-9af2-ab522b3f5ce1,FirstNumber=494,secondNumber=979}  added by thread pool-3-thread-6
 message  {Id=b750f4be-cc59-4dc8-aef0-d85ffd67aac0,FirstNumber=460,secondNumber=1550}  written to file by thread pool-3-thread-5
 message  {Id=b2db667f-938a-4956-9af2-ab522b3f5ce1,FirstNumber=494,secondNumber=979}  written to file by thread pool-3-thread-3
 message  {Id=09edeac8-d51a-41b6-bd30-3b69874d3759,FirstNumber=557,secondNumber=516}  added by thread pool-3-thread-6
 message  {Id=09edeac8-d51a-41b6-bd30-3b69874d3759,FirstNumber=557,secondNumber=516}  written to file by thread pool-3-thread-3
 message  {Id=f966a8af-ed01-4acd-8263-ed0effa991c3,FirstNumber=258,secondNumber=1484}  added by thread pool-3-thread-6
 message  {Id=f966a8af-ed01-4acd-8263-ed0effa991c3,FirstNumber=258,secondNumber=1484}  written to file by thread pool-3-thread-3
 message  {Id=b034d09a-7fed-437f-b734-9b993088d9b0,FirstNumber=336,secondNumber=965}  added by thread pool-3-thread-6
 message  {Id=807f3449-4240-4507-ae56-34b9fdbf2944,FirstNumber=113,secondNumber=728}  added by thread pool-3-thread-6
 message  {Id=b034d09a-7fed-437f-b734-9b993088d9b0,FirstNumber=336,secondNumber=965}  written to file by thread pool-3-thread-4
 message  {Id=807f3449-4240-4507-ae56-34b9fdbf2944,FirstNumber=113,secondNumber=728}  written to file by thread pool-3-thread-5
 message  {Id=1ff81a09-d8ff-40a4-9190-745af150ab64,FirstNumber=752,secondNumber=1093}  added by thread pool-3-thread-6
 message  {Id=1ff81a09-d8ff-40a4-9190-745af150ab64,FirstNumber=752,secondNumber=1093}  written to file by thread pool-3-thread-5
 message  {Id=0fd87acf-46d8-4b5b-b075-23b78d6a4bd1,FirstNumber=880,secondNumber=242}  added by thread pool-3-thread-6
 message  {Id=0fd87acf-46d8-4b5b-b075-23b78d6a4bd1,FirstNumber=880,secondNumber=242}  written to file by thread pool-3-thread-2
 message  {Id=adea528b-9d2a-44bc-bfb2-ffee06f306a1,FirstNumber=384,secondNumber=1811}  added by thread pool-3-thread-6
 message  {Id=adea528b-9d2a-44bc-bfb2-ffee06f306a1,FirstNumber=384,secondNumber=1811}  written to file by thread pool-3-thread-2
 message  {Id=6156add3-18fa-49c5-9156-7c1fd6e1748f,FirstNumber=488,secondNumber=233}  added by thread pool-3-thread-6
 message  {Id=69987e27-66be-4d25-92ab-3f52bc84d644,FirstNumber=478,secondNumber=1208}  added by thread pool-3-thread-6
 message  {Id=6156add3-18fa-49c5-9156-7c1fd6e1748f,FirstNumber=488,secondNumber=233}  written to file by thread pool-3-thread-4
 message  {Id=a0480e5a-507b-4ae9-9268-dc7ca3aad2e7,FirstNumber=593,secondNumber=435}  added by thread pool-3-thread-6
 message  {Id=69987e27-66be-4d25-92ab-3f52bc84d644,FirstNumber=478,secondNumber=1208}  written to file by thread pool-3-thread-1
 message  {Id=a0480e5a-507b-4ae9-9268-dc7ca3aad2e7,FirstNumber=593,secondNumber=435}  written to file by thread pool-3-thread-5
 message  {Id=a7a22b15-8046-464f-9856-25b34ba20de5,FirstNumber=712,secondNumber=1651}  added by thread pool-3-thread-6
 message  {Id=03b3a269-6edd-4a4e-9272-40ec226a488a,FirstNumber=567,secondNumber=1058}  added by thread pool-3-thread-6
 message  {Id=a7a22b15-8046-464f-9856-25b34ba20de5,FirstNumber=712,secondNumber=1651}  written to file by thread pool-3-thread-3
 message  {Id=03b3a269-6edd-4a4e-9272-40ec226a488a,FirstNumber=567,secondNumber=1058}  written to file by thread pool-3-thread-2
 message  {Id=4ae58929-c135-44e7-a854-a3a7697f34b5,FirstNumber=882,secondNumber=1224}  added by thread pool-3-thread-6
 message  {Id=bfbf9139-a11c-4c08-858f-b5c472b7a078,FirstNumber=520,secondNumber=1766}  added by thread pool-3-thread-6
 message  {Id=4ae58929-c135-44e7-a854-a3a7697f34b5,FirstNumber=882,secondNumber=1224}  written to file by thread pool-3-thread-4
 message  {Id=bfbf9139-a11c-4c08-858f-b5c472b7a078,FirstNumber=520,secondNumber=1766}  written to file by thread pool-3-thread-1
 message  {Id=a0e69909-66d9-44b7-a34a-0a0c9568e8fb,FirstNumber=553,secondNumber=1419}  added by thread pool-3-thread-6
 message  {Id=a0e69909-66d9-44b7-a34a-0a0c9568e8fb,FirstNumber=553,secondNumber=1419}  written to file by thread pool-3-thread-1
 message  {Id=c4a04b1b-67e1-421a-b2bd-071154c6d019,FirstNumber=102,secondNumber=1245}  added by thread pool-3-thread-6
 message  {Id=c4a04b1b-67e1-421a-b2bd-071154c6d019,FirstNumber=102,secondNumber=1245}  written to file by thread pool-3-thread-3
 message  {Id=b21001db-13ac-4dcb-a494-a33835d7b5d1,FirstNumber=166,secondNumber=1487}  added by thread pool-3-thread-6
 message  {Id=b21001db-13ac-4dcb-a494-a33835d7b5d1,FirstNumber=166,secondNumber=1487}  written to file by thread pool-3-thread-2
 message  {Id=edbafac0-4e06-4318-9ce2-1c50987ab2c4,FirstNumber=6,secondNumber=1254}  added by thread pool-3-thread-6
 message  {Id=edbafac0-4e06-4318-9ce2-1c50987ab2c4,FirstNumber=6,secondNumber=1254}  written to file by thread pool-3-thread-2
 message  {Id=7ce7cd8b-48fd-4c16-9085-40c6bc448b17,FirstNumber=620,secondNumber=58}  added by thread pool-3-thread-6
 message  {Id=7ce7cd8b-48fd-4c16-9085-40c6bc448b17,FirstNumber=620,secondNumber=58}  written to file by thread pool-3-thread-5
 message  {Id=c3ba5a23-0870-41a1-880c-8f0f3e428095,FirstNumber=964,secondNumber=1752}  added by thread pool-3-thread-6
 message  {Id=c3ba5a23-0870-41a1-880c-8f0f3e428095,FirstNumber=964,secondNumber=1752}  written to file by thread pool-3-thread-5
 message  {Id=0faa5b55-32a1-4d18-b9da-f5528af698b6,FirstNumber=803,secondNumber=204}  added by thread pool-3-thread-6
 message  {Id=785714eb-8f2e-492f-8d8a-ad5b00345123,FirstNumber=515,secondNumber=1301}  added by thread pool-3-thread-6
 message  {Id=0faa5b55-32a1-4d18-b9da-f5528af698b6,FirstNumber=803,secondNumber=204}  written to file by thread pool-3-thread-3
 message  {Id=de415283-894a-48c0-87c5-b7ba4d8b937b,FirstNumber=477,secondNumber=1079}  added by thread pool-3-thread-6
 message  {Id=785714eb-8f2e-492f-8d8a-ad5b00345123,FirstNumber=515,secondNumber=1301}  written to file by thread pool-3-thread-4
 message  {Id=de415283-894a-48c0-87c5-b7ba4d8b937b,FirstNumber=477,secondNumber=1079}  written to file by thread pool-3-thread-2
 message  {Id=2169c7c5-956a-4194-a6be-aea4d49f5632,FirstNumber=248,secondNumber=1698}  added by thread pool-3-thread-6
 message  {Id=2169c7c5-956a-4194-a6be-aea4d49f5632,FirstNumber=248,secondNumber=1698}  written to file by thread pool-3-thread-2
 message  {Id=f19f5305-0f8a-4cda-9ab1-607d219477d2,FirstNumber=696,secondNumber=671}  added by thread pool-3-thread-6
 message  {Id=f19f5305-0f8a-4cda-9ab1-607d219477d2,FirstNumber=696,secondNumber=671}  written to file by thread pool-3-thread-5
 message  {Id=7deedeb4-5621-4a6c-818c-3dc011ae0eac,FirstNumber=786,secondNumber=1030}  added by thread pool-3-thread-6
 message  {Id=7deedeb4-5621-4a6c-818c-3dc011ae0eac,FirstNumber=786,secondNumber=1030}  written to file by thread pool-3-thread-5
 message  {Id=0796023c-c8c3-4b14-a700-f52942a8bb02,FirstNumber=899,secondNumber=207}  added by thread pool-3-thread-6
 message  {Id=7aa054cc-2819-4351-86cd-e8ece983457f,FirstNumber=348,secondNumber=1996}  added by thread pool-3-thread-6
 message  {Id=0796023c-c8c3-4b14-a700-f52942a8bb02,FirstNumber=899,secondNumber=207}  written to file by thread pool-3-thread-4
 message  {Id=7aa054cc-2819-4351-86cd-e8ece983457f,FirstNumber=348,secondNumber=1996}  written to file by thread pool-3-thread-1
 message  {Id=f450b662-b439-4c43-ae02-47e3d3d61823,FirstNumber=93,secondNumber=540}  added by thread pool-3-thread-6
 message  {Id=f450b662-b439-4c43-ae02-47e3d3d61823,FirstNumber=93,secondNumber=540}  written to file by thread pool-3-thread-1
 message  {Id=e5138230-6932-49de-b89c-0dada43fe462,FirstNumber=784,secondNumber=123}  added by thread pool-3-thread-6
 message  {Id=e5138230-6932-49de-b89c-0dada43fe462,FirstNumber=784,secondNumber=123}  written to file by thread pool-3-thread-3
 message  {Id=a3e908b1-3e46-4b2e-9c8e-f06ce605dbf5,FirstNumber=423,secondNumber=1527}  added by thread pool-3-thread-6
 message  {Id=a3e908b1-3e46-4b2e-9c8e-f06ce605dbf5,FirstNumber=423,secondNumber=1527}  written to file by thread pool-3-thread-3
 message  {Id=908cb27b-60ee-4b51-90a1-9912002306f8,FirstNumber=181,secondNumber=234}  added by thread pool-3-thread-6
 message  {Id=908cb27b-60ee-4b51-90a1-9912002306f8,FirstNumber=181,secondNumber=234}  written to file by thread pool-3-thread-3
 message  {Id=d342a961-d1ec-4a89-b561-479b3d8124c9,FirstNumber=186,secondNumber=137}  added by thread pool-3-thread-6
 message  {Id=7e88bc12-bd31-412d-b3e1-e2e9a3fd00c4,FirstNumber=364,secondNumber=1378}  added by thread pool-3-thread-6
 message  {Id=d342a961-d1ec-4a89-b561-479b3d8124c9,FirstNumber=186,secondNumber=137}  written to file by thread pool-3-thread-2
 message  {Id=7e88bc12-bd31-412d-b3e1-e2e9a3fd00c4,FirstNumber=364,secondNumber=1378}  written to file by thread pool-3-thread-1
 message  {Id=5281fbff-fa57-4060-a424-fd6f34a6b9d0,FirstNumber=605,secondNumber=989}  added by thread pool-3-thread-6
 message  {Id=0f6e8cab-ee4b-41a0-8815-b9e5c72287df,FirstNumber=848,secondNumber=1115}  added by thread pool-3-thread-6
 message  {Id=5281fbff-fa57-4060-a424-fd6f34a6b9d0,FirstNumber=605,secondNumber=989}  written to file by thread pool-3-thread-5
 message  {Id=c358acdf-009c-4b37-8ad1-78abbe7ab55c,FirstNumber=409,secondNumber=100}  added by thread pool-3-thread-6
 message  {Id=0f6e8cab-ee4b-41a0-8815-b9e5c72287df,FirstNumber=848,secondNumber=1115}  written to file by thread pool-3-thread-4
 message  {Id=c358acdf-009c-4b37-8ad1-78abbe7ab55c,FirstNumber=409,secondNumber=100}  written to file by thread pool-3-thread-5
 message  {Id=9c5cebdb-3064-4668-85c1-de7e5f0b919b,FirstNumber=975,secondNumber=1853}  added by thread pool-3-thread-6
 message  {Id=9c5cebdb-3064-4668-85c1-de7e5f0b919b,FirstNumber=975,secondNumber=1853}  written to file by thread pool-3-thread-5
 message  {Id=9d6c7103-032e-4aaf-a181-b183b1f3e4ad,FirstNumber=59,secondNumber=614}  added by thread pool-3-thread-6
 message  {Id=9d6c7103-032e-4aaf-a181-b183b1f3e4ad,FirstNumber=59,secondNumber=614}  written to file by thread pool-3-thread-5
 message  {Id=faf19ba9-e570-4648-bc3c-3e5093d1520f,FirstNumber=358,secondNumber=1585}  added by thread pool-3-thread-6
 message  {Id=faf19ba9-e570-4648-bc3c-3e5093d1520f,FirstNumber=358,secondNumber=1585}  written to file by thread pool-3-thread-5
 message  {Id=c665c25a-d309-41bf-a16f-23e7796e6a65,FirstNumber=298,secondNumber=1047}  added by thread pool-3-thread-6
 message  {Id=5b5fe17e-ae3a-4ff5-b72d-9edb34028bdf,FirstNumber=254,secondNumber=1846}  added by thread pool-3-thread-6
 message  {Id=c665c25a-d309-41bf-a16f-23e7796e6a65,FirstNumber=298,secondNumber=1047}  written to file by thread pool-3-thread-5
 message  {Id=5b5fe17e-ae3a-4ff5-b72d-9edb34028bdf,FirstNumber=254,secondNumber=1846}  written to file by thread pool-3-thread-2
 message  {Id=59ffc906-9f32-4f47-a4f3-8aa34f4d83b6,FirstNumber=217,secondNumber=1848}  added by thread pool-3-thread-6
 message  {Id=59ffc906-9f32-4f47-a4f3-8aa34f4d83b6,FirstNumber=217,secondNumber=1848}  written to file by thread pool-3-thread-2
 message  {Id=714a718e-cc67-48ff-b25e-a939544eaa24,FirstNumber=527,secondNumber=1156}  added by thread pool-3-thread-6
 message  {Id=714a718e-cc67-48ff-b25e-a939544eaa24,FirstNumber=527,secondNumber=1156}  written to file by thread pool-3-thread-2
 message  {Id=00edc1e0-2075-481a-a1bb-24efbf223faa,FirstNumber=842,secondNumber=1638}  added by thread pool-3-thread-6
 message  {Id=00edc1e0-2075-481a-a1bb-24efbf223faa,FirstNumber=842,secondNumber=1638}  written to file by thread pool-3-thread-4
 message  {Id=b009e295-effa-4b1c-ae46-c5b4365066be,FirstNumber=573,secondNumber=1779}  added by thread pool-3-thread-6
 message  {Id=b009e295-effa-4b1c-ae46-c5b4365066be,FirstNumber=573,secondNumber=1779}  written to file by thread pool-3-thread-4
 message  {Id=e8b25850-c371-42f4-9781-ccf944db6f39,FirstNumber=877,secondNumber=640}  added by thread pool-3-thread-6
 message  {Id=e8b25850-c371-42f4-9781-ccf944db6f39,FirstNumber=877,secondNumber=640}  written to file by thread pool-3-thread-1
 message  {Id=faa2c247-ff94-461c-8fb2-02b5fe20fdf3,FirstNumber=499,secondNumber=1036}  added by thread pool-3-thread-6
 message  {Id=faa2c247-ff94-461c-8fb2-02b5fe20fdf3,FirstNumber=499,secondNumber=1036}  written to file by thread pool-3-thread-3
 message  {Id=363fad23-497b-43e5-a395-2224c087d45c,FirstNumber=913,secondNumber=791}  added by thread pool-3-thread-6
 message  {Id=363fad23-497b-43e5-a395-2224c087d45c,FirstNumber=913,secondNumber=791}  written to file by thread pool-3-thread-2
 message  {Id=49d6d7d7-86fa-448e-a62f-d3b60c5f59eb,FirstNumber=756,secondNumber=437}  added by thread pool-3-thread-6
 message  {Id=49d6d7d7-86fa-448e-a62f-d3b60c5f59eb,FirstNumber=756,secondNumber=437}  written to file by thread pool-3-thread-5
 message  {Id=09d2c0a0-b75b-47a4-bedc-7c5911462697,FirstNumber=97,secondNumber=1643}  added by thread pool-3-thread-6
 message  {Id=09d2c0a0-b75b-47a4-bedc-7c5911462697,FirstNumber=97,secondNumber=1643}  written to file by thread pool-3-thread-4
 message  {Id=cfdc278e-52ed-43f5-afed-549402d06c54,FirstNumber=609,secondNumber=1295}  added by thread pool-3-thread-6
 message  {Id=cfdc278e-52ed-43f5-afed-549402d06c54,FirstNumber=609,secondNumber=1295}  written to file by thread pool-3-thread-1
 message  {Id=f6e1db62-e243-44d7-8df1-149c76334de1,FirstNumber=717,secondNumber=67}  added by thread pool-3-thread-6
 message  {Id=f6e1db62-e243-44d7-8df1-149c76334de1,FirstNumber=717,secondNumber=67}  written to file by thread pool-3-thread-1
 message  {Id=fb255ee0-3e08-4661-91c7-089c531bebaf,FirstNumber=868,secondNumber=1512}  added by thread pool-3-thread-6
 message  {Id=fb255ee0-3e08-4661-91c7-089c531bebaf,FirstNumber=868,secondNumber=1512}  written to file by thread pool-3-thread-2
 message  {Id=c6c3a8b8-af7f-4c7b-a957-01de9c26c843,FirstNumber=744,secondNumber=58}  added by thread pool-3-thread-6
 message  {Id=c6c3a8b8-af7f-4c7b-a957-01de9c26c843,FirstNumber=744,secondNumber=58}  written to file by thread pool-3-thread-5
 message  {Id=c212bd4f-c405-42d0-a07d-c9a93ee9740f,FirstNumber=673,secondNumber=1653}  added by thread pool-3-thread-6
 message  {Id=c212bd4f-c405-42d0-a07d-c9a93ee9740f,FirstNumber=673,secondNumber=1653}  written to file by thread pool-3-thread-5
 message  {Id=8a69cca6-2ade-489b-bb5e-cf4f18ccadc0,FirstNumber=445,secondNumber=33}  added by thread pool-3-thread-6
 message  {Id=51cd01e8-3efe-47fa-b777-602e9d910182,FirstNumber=253,secondNumber=373}  added by thread pool-3-thread-6
 message  {Id=8a69cca6-2ade-489b-bb5e-cf4f18ccadc0,FirstNumber=445,secondNumber=33}  written to file by thread pool-3-thread-3
 message  {Id=51cd01e8-3efe-47fa-b777-602e9d910182,FirstNumber=253,secondNumber=373}  written to file by thread pool-3-thread-1
 message  {Id=51708e69-7b3f-44e7-ad47-a6e7458a8e7a,FirstNumber=805,secondNumber=533}  added by thread pool-3-thread-6
 message  {Id=51708e69-7b3f-44e7-ad47-a6e7458a8e7a,FirstNumber=805,secondNumber=533}  written to file by thread pool-3-thread-1
 message  {Id=c1f9e571-7755-45e3-ade8-28a786e1d4e5,FirstNumber=923,secondNumber=1474}  added by thread pool-3-thread-6
 message  {Id=c1f9e571-7755-45e3-ade8-28a786e1d4e5,FirstNumber=923,secondNumber=1474}  written to file by thread pool-3-thread-1
 message  {Id=d5f7167b-90f5-41d7-a08c-f43f23dfd697,FirstNumber=7,secondNumber=1268}  added by thread pool-3-thread-6
 message  {Id=b94de6fe-6618-4cc4-8a3b-03eeda11ead0,FirstNumber=217,secondNumber=1358}  added by thread pool-3-thread-6
 message  {Id=d5f7167b-90f5-41d7-a08c-f43f23dfd697,FirstNumber=7,secondNumber=1268}  written to file by thread pool-3-thread-5
 message  {Id=b94de6fe-6618-4cc4-8a3b-03eeda11ead0,FirstNumber=217,secondNumber=1358}  written to file by thread pool-3-thread-3
 message  {Id=f662430a-3f4f-47e2-975b-6b1857a29c0e,FirstNumber=185,secondNumber=1995}  added by thread pool-3-thread-6
 message  {Id=f662430a-3f4f-47e2-975b-6b1857a29c0e,FirstNumber=185,secondNumber=1995}  written to file by thread pool-3-thread-2
 message  {Id=ed4c19b2-5c4b-4a00-8889-56b7b946f000,FirstNumber=987,secondNumber=891}  added by thread pool-3-thread-6
 message  {Id=ed4c19b2-5c4b-4a00-8889-56b7b946f000,FirstNumber=987,secondNumber=891}  written to file by thread pool-3-thread-4
 message  {Id=2e9fd616-3067-468d-9ee5-372e38fce213,FirstNumber=11,secondNumber=632}  added by thread pool-3-thread-6
 message  {Id=2e9fd616-3067-468d-9ee5-372e38fce213,FirstNumber=11,secondNumber=632}  written to file by thread pool-3-thread-1
 message  {Id=613d62db-5d91-46ab-8087-8f685d30225f,FirstNumber=777,secondNumber=1243}  added by thread pool-3-thread-6
 message  {Id=613d62db-5d91-46ab-8087-8f685d30225f,FirstNumber=777,secondNumber=1243}  written to file by thread pool-3-thread-5
 message  {Id=5a255244-b494-45de-93ed-7e6e4a33485d,FirstNumber=969,secondNumber=957}  added by thread pool-3-thread-6
 message  {Id=5a255244-b494-45de-93ed-7e6e4a33485d,FirstNumber=969,secondNumber=957}  written to file by thread pool-3-thread-5
 message  {Id=efd7582c-9850-4939-ae9f-0581f8ae709f,FirstNumber=11,secondNumber=606}  added by thread pool-3-thread-6
 message  {Id=efd7582c-9850-4939-ae9f-0581f8ae709f,FirstNumber=11,secondNumber=606}  written to file by thread pool-3-thread-2
 message  {Id=b41ed23c-0289-4e99-aea3-c78dd6955c58,FirstNumber=33,secondNumber=258}  added by thread pool-3-thread-6
 message  {Id=b41ed23c-0289-4e99-aea3-c78dd6955c58,FirstNumber=33,secondNumber=258}  written to file by thread pool-3-thread-4
 message  {Id=f23825d1-0d25-49ae-8482-617edff171e3,FirstNumber=838,secondNumber=1645}  added by thread pool-3-thread-6
 message  {Id=f23825d1-0d25-49ae-8482-617edff171e3,FirstNumber=838,secondNumber=1645}  written to file by thread pool-3-thread-1
 message  {Id=2be4a84d-fcde-4a74-a373-ad88b9f3691d,FirstNumber=676,secondNumber=50}  added by thread pool-3-thread-6
 message  {Id=60e589cb-e32c-4992-9362-bcd9b2e6d740,FirstNumber=637,secondNumber=1363}  added by thread pool-3-thread-6
 message  {Id=2be4a84d-fcde-4a74-a373-ad88b9f3691d,FirstNumber=676,secondNumber=50}  written to file by thread pool-3-thread-3
 message  {Id=60e589cb-e32c-4992-9362-bcd9b2e6d740,FirstNumber=637,secondNumber=1363}  written to file by thread pool-3-thread-5
 message  {Id=b0d5c89e-809d-40b8-883b-4a7979bb48cf,FirstNumber=717,secondNumber=1463}  added by thread pool-3-thread-6
 message  {Id=b0d5c89e-809d-40b8-883b-4a7979bb48cf,FirstNumber=717,secondNumber=1463}  written to file by thread pool-3-thread-2
 message  {Id=1fa8144d-c2ef-4f7b-9990-effc3782ac14,FirstNumber=579,secondNumber=1981}  added by thread pool-3-thread-6
 message  {Id=1fa8144d-c2ef-4f7b-9990-effc3782ac14,FirstNumber=579,secondNumber=1981}  written to file by thread pool-3-thread-4
 message  {Id=b811b177-b956-42e1-80cd-31310bc0696f,FirstNumber=930,secondNumber=483}  added by thread pool-3-thread-6
 message  {Id=b811b177-b956-42e1-80cd-31310bc0696f,FirstNumber=930,secondNumber=483}  written to file by thread pool-3-thread-1
 message  {Id=7345a7cd-15a5-495b-b0df-f0eb64ab768e,FirstNumber=236,secondNumber=1129}  added by thread pool-3-thread-6
 message  {Id=7345a7cd-15a5-495b-b0df-f0eb64ab768e,FirstNumber=236,secondNumber=1129}  written to file by thread pool-3-thread-3
 message  {Id=d5b12767-af18-45ee-9196-65235cdacfde,FirstNumber=149,secondNumber=1270}  added by thread pool-3-thread-6
 message  {Id=d5b12767-af18-45ee-9196-65235cdacfde,FirstNumber=149,secondNumber=1270}  written to file by thread pool-3-thread-3
 message  {Id=d9903b7c-a79c-4e1a-8208-cbcc0fffd56d,FirstNumber=986,secondNumber=1346}  added by thread pool-3-thread-6
 message  {Id=d9903b7c-a79c-4e1a-8208-cbcc0fffd56d,FirstNumber=986,secondNumber=1346}  written to file by thread pool-3-thread-2
 message  {Id=8f542596-0f11-409c-bba7-aba9159e47a1,FirstNumber=384,secondNumber=1108}  added by thread pool-3-thread-6
 message  {Id=8f542596-0f11-409c-bba7-aba9159e47a1,FirstNumber=384,secondNumber=1108}  written to file by thread pool-3-thread-4
 message  {Id=0bda3f2b-e4d5-4b60-b10b-2f147c5953ac,FirstNumber=449,secondNumber=1172}  added by thread pool-3-thread-6
 message  {Id=0bda3f2b-e4d5-4b60-b10b-2f147c5953ac,FirstNumber=449,secondNumber=1172}  written to file by thread pool-3-thread-1
 message  {Id=a0819214-be3d-4ac8-8258-887994753c5c,FirstNumber=688,secondNumber=1619}  added by thread pool-3-thread-6
 message  {Id=a0819214-be3d-4ac8-8258-887994753c5c,FirstNumber=688,secondNumber=1619}  written to file by thread pool-3-thread-1
 message  {Id=a0dd1b76-f90f-4411-b079-6d555064b825,FirstNumber=971,secondNumber=1303}  added by thread pool-3-thread-6
 message  {Id=a0dd1b76-f90f-4411-b079-6d555064b825,FirstNumber=971,secondNumber=1303}  written to file by thread pool-3-thread-1
 message  {Id=52dc2621-367c-4b55-8d32-b10d9343a208,FirstNumber=747,secondNumber=1599}  added by thread pool-3-thread-6
 message  {Id=52dc2621-367c-4b55-8d32-b10d9343a208,FirstNumber=747,secondNumber=1599}  written to file by thread pool-3-thread-2
 message  {Id=3e824589-1a62-4dfe-be70-3d1b2089b63d,FirstNumber=634,secondNumber=993}  added by thread pool-3-thread-6
 message  {Id=3e824589-1a62-4dfe-be70-3d1b2089b63d,FirstNumber=634,secondNumber=993}  written to file by thread pool-3-thread-4
 message  {Id=f82079fd-77ae-46e3-b40f-0eed790d53d5,FirstNumber=578,secondNumber=1754}  added by thread pool-3-thread-6
 message  {Id=f82079fd-77ae-46e3-b40f-0eed790d53d5,FirstNumber=578,secondNumber=1754}  written to file by thread pool-3-thread-4
 message  {Id=6e49bd30-5bbe-4161-8324-9d57e5138ce8,FirstNumber=175,secondNumber=1196}  added by thread pool-3-thread-6
 message  {Id=6e49bd30-5bbe-4161-8324-9d57e5138ce8,FirstNumber=175,secondNumber=1196}  written to file by thread pool-3-thread-4
 message  {Id=e4dfde68-8dec-47c4-80ce-b7803ae4d845,FirstNumber=536,secondNumber=778}  added by thread pool-3-thread-6
 message  {Id=e4dfde68-8dec-47c4-80ce-b7803ae4d845,FirstNumber=536,secondNumber=778}  written to file by thread pool-3-thread-1
 message  {Id=0e90ee05-3cda-4776-a655-c87ba5065770,FirstNumber=816,secondNumber=1756}  added by thread pool-3-thread-6
 message  {Id=0e90ee05-3cda-4776-a655-c87ba5065770,FirstNumber=816,secondNumber=1756}  written to file by thread pool-3-thread-2
 message  {Id=534a2857-cf5a-4d21-a14c-b3dab149d51e,FirstNumber=106,secondNumber=952}  added by thread pool-3-thread-6
 message  {Id=534a2857-cf5a-4d21-a14c-b3dab149d51e,FirstNumber=106,secondNumber=952}  written to file by thread pool-3-thread-2
 message  {Id=555444ef-e1d8-4167-a8fc-04fb73e8247c,FirstNumber=637,secondNumber=1750}  added by thread pool-3-thread-6
 message  {Id=555444ef-e1d8-4167-a8fc-04fb73e8247c,FirstNumber=637,secondNumber=1750}  written to file by thread pool-3-thread-3
 message  {Id=e26091b1-84e8-49cd-9f98-89e3f0b87142,FirstNumber=399,secondNumber=222}  added by thread pool-3-thread-6
 message  {Id=b4521bf4-396f-474f-9c31-cbb7261f9b58,FirstNumber=463,secondNumber=423}  added by thread pool-3-thread-6
 message  {Id=e26091b1-84e8-49cd-9f98-89e3f0b87142,FirstNumber=399,secondNumber=222}  written to file by thread pool-3-thread-4
 message  {Id=b4521bf4-396f-474f-9c31-cbb7261f9b58,FirstNumber=463,secondNumber=423}  written to file by thread pool-3-thread-1
 message  {Id=4f701c2a-8edf-4529-b6ed-d19a1fcf7350,FirstNumber=557,secondNumber=1583}  added by thread pool-3-thread-6
 message  {Id=4f701c2a-8edf-4529-b6ed-d19a1fcf7350,FirstNumber=557,secondNumber=1583}  written to file by thread pool-3-thread-1
 message  {Id=dc517d43-48be-4213-9de9-bdaf0c6701f2,FirstNumber=991,secondNumber=901}  added by thread pool-3-thread-6
 message  {Id=dc517d43-48be-4213-9de9-bdaf0c6701f2,FirstNumber=991,secondNumber=901}  written to file by thread pool-3-thread-2
 message  {Id=c06aca33-17a7-41c6-85a8-757c708af164,FirstNumber=484,secondNumber=1899}  added by thread pool-3-thread-6
 message  {Id=c06aca33-17a7-41c6-85a8-757c708af164,FirstNumber=484,secondNumber=1899}  written to file by thread pool-3-thread-2
 message  {Id=65558646-c79f-4a29-a6fa-69cd6db305cb,FirstNumber=663,secondNumber=1378}  added by thread pool-3-thread-6
 message  {Id=65558646-c79f-4a29-a6fa-69cd6db305cb,FirstNumber=663,secondNumber=1378}  written to file by thread pool-3-thread-4
 message  {Id=4d3ce1aa-3d78-400a-8623-65c15ee79281,FirstNumber=645,secondNumber=1676}  added by thread pool-3-thread-6
 message  {Id=4d3ce1aa-3d78-400a-8623-65c15ee79281,FirstNumber=645,secondNumber=1676}  written to file by thread pool-3-thread-4
 message  {Id=929aacdd-ad6d-45c9-a60c-d7be4a06bfaa,FirstNumber=532,secondNumber=1860}  added by thread pool-3-thread-6
 message  {Id=929aacdd-ad6d-45c9-a60c-d7be4a06bfaa,FirstNumber=532,secondNumber=1860}  written to file by thread pool-3-thread-1
 message  {Id=9b10b3df-97c0-4196-bf2f-f5ca72478256,FirstNumber=815,secondNumber=1722}  added by thread pool-3-thread-6
 message  {Id=9b10b3df-97c0-4196-bf2f-f5ca72478256,FirstNumber=815,secondNumber=1722}  written to file by thread pool-3-thread-1
 message  {Id=2d5f9a7e-2dba-4fae-b12a-c263bf363c65,FirstNumber=895,secondNumber=1595}  added by thread pool-3-thread-6
 message  {Id=2d5f9a7e-2dba-4fae-b12a-c263bf363c65,FirstNumber=895,secondNumber=1595}  written to file by thread pool-3-thread-2
 message  {Id=7ab01b2a-08ce-4c92-83c5-e2bf0616bf52,FirstNumber=397,secondNumber=773}  added by thread pool-3-thread-6
 message  {Id=afc1b491-93ae-4143-b92b-826c1d96e53f,FirstNumber=651,secondNumber=1139}  added by thread pool-3-thread-6
 message  {Id=7ab01b2a-08ce-4c92-83c5-e2bf0616bf52,FirstNumber=397,secondNumber=773}  written to file by thread pool-3-thread-5
 message  {Id=afc1b491-93ae-4143-b92b-826c1d96e53f,FirstNumber=651,secondNumber=1139}  written to file by thread pool-3-thread-4
 message  {Id=74474e59-5f64-4500-b21b-3ab427451ca1,FirstNumber=5,secondNumber=522}  added by thread pool-3-thread-6
 message  {Id=74474e59-5f64-4500-b21b-3ab427451ca1,FirstNumber=5,secondNumber=522}  written to file by thread pool-3-thread-3
 message  {Id=034dc010-8e1a-4fc4-b81d-4cb076844f13,FirstNumber=684,secondNumber=1605}  added by thread pool-3-thread-6
 message  {Id=034dc010-8e1a-4fc4-b81d-4cb076844f13,FirstNumber=684,secondNumber=1605}  written to file by thread pool-3-thread-3
 message  {Id=932789d1-9d4c-4dfb-875b-5272b1e77cfd,FirstNumber=258,secondNumber=479}  added by thread pool-3-thread-6
 message  {Id=932789d1-9d4c-4dfb-875b-5272b1e77cfd,FirstNumber=258,secondNumber=479}  written to file by thread pool-3-thread-2
 message  {Id=a570b544-a877-4454-a725-159217201b42,FirstNumber=227,secondNumber=556}  added by thread pool-3-thread-6
 message  {Id=a570b544-a877-4454-a725-159217201b42,FirstNumber=227,secondNumber=556}  written to file by thread pool-3-thread-2
 message  {Id=87ba3790-c0fa-4095-b872-e65f1123a824,FirstNumber=782,secondNumber=1539}  added by thread pool-3-thread-6
 message  {Id=87ba3790-c0fa-4095-b872-e65f1123a824,FirstNumber=782,secondNumber=1539}  written to file by thread pool-3-thread-2
 message  {Id=816412fd-6ca8-4ac2-be73-723542196c19,FirstNumber=897,secondNumber=314}  added by thread pool-3-thread-6
 message  {Id=816412fd-6ca8-4ac2-be73-723542196c19,FirstNumber=897,secondNumber=314}  written to file by thread pool-3-thread-1
 message  {Id=c1eafd80-1645-4743-80e1-01a8704e218b,FirstNumber=992,secondNumber=1144}  added by thread pool-3-thread-6
 message  {Id=c1eafd80-1645-4743-80e1-01a8704e218b,FirstNumber=992,secondNumber=1144}  written to file by thread pool-3-thread-3
 message  {Id=32f7ea58-c121-4d73-8f5a-2d44ff4cfcd3,FirstNumber=788,secondNumber=1673}  added by thread pool-3-thread-6
 message  {Id=32f7ea58-c121-4d73-8f5a-2d44ff4cfcd3,FirstNumber=788,secondNumber=1673}  written to file by thread pool-3-thread-5
 message  {Id=b7dad5c9-60ae-4b47-8199-eef986d254c6,FirstNumber=832,secondNumber=453}  added by thread pool-3-thread-6
 message  {Id=b7dad5c9-60ae-4b47-8199-eef986d254c6,FirstNumber=832,secondNumber=453}  written to file by thread pool-3-thread-4
 message  {Id=f17a30be-7ad0-4795-99ae-dabae139391a,FirstNumber=697,secondNumber=1591}  added by thread pool-3-thread-6
 message  {Id=f17a30be-7ad0-4795-99ae-dabae139391a,FirstNumber=697,secondNumber=1591}  written to file by thread pool-3-thread-2
 message  {Id=7c45f31a-efbd-4ddf-b848-e2ea06cf1e0c,FirstNumber=932,secondNumber=944}  added by thread pool-3-thread-6
 message  {Id=0625f9a8-c2fc-4874-b3b0-aa32283641cd,FirstNumber=870,secondNumber=1861}  added by thread pool-3-thread-6
 message  {Id=7c45f31a-efbd-4ddf-b848-e2ea06cf1e0c,FirstNumber=932,secondNumber=944}  written to file by thread pool-3-thread-1
 message  {Id=0625f9a8-c2fc-4874-b3b0-aa32283641cd,FirstNumber=870,secondNumber=1861}  written to file by thread pool-3-thread-3
 message  {Id=893a9923-cc27-4163-9a15-0dee11ab335c,FirstNumber=751,secondNumber=1949}  added by thread pool-3-thread-6
 message  {Id=893a9923-cc27-4163-9a15-0dee11ab335c,FirstNumber=751,secondNumber=1949}  written to file by thread pool-3-thread-5
 message  {Id=9c630959-5bed-490a-908e-954e1ebde6e0,FirstNumber=277,secondNumber=126}  added by thread pool-3-thread-6
 message  {Id=9c630959-5bed-490a-908e-954e1ebde6e0,FirstNumber=277,secondNumber=126}  written to file by thread pool-3-thread-5
 message  {Id=c29a366b-5831-4d78-aa58-980f150f367e,FirstNumber=744,secondNumber=117}  added by thread pool-3-thread-6
 message  {Id=e504d9a2-eecd-4a69-b09a-bea97d1022d0,FirstNumber=370,secondNumber=76}  added by thread pool-3-thread-6
 message  {Id=c29a366b-5831-4d78-aa58-980f150f367e,FirstNumber=744,secondNumber=117}  written to file by thread pool-3-thread-2
 message  {Id=e504d9a2-eecd-4a69-b09a-bea97d1022d0,FirstNumber=370,secondNumber=76}  written to file by thread pool-3-thread-1
 message  {Id=107506ad-7f1e-45bf-8702-2849ee7001de,FirstNumber=381,secondNumber=1898}  added by thread pool-3-thread-6
 message  {Id=107506ad-7f1e-45bf-8702-2849ee7001de,FirstNumber=381,secondNumber=1898}  written to file by thread pool-3-thread-3
 message  {Id=9843c054-f047-4840-9bfa-370887d97e3e,FirstNumber=784,secondNumber=1345}  added by thread pool-3-thread-6
 message  {Id=9843c054-f047-4840-9bfa-370887d97e3e,FirstNumber=784,secondNumber=1345}  written to file by thread pool-3-thread-3
 message  {Id=9d6466f6-8582-4810-8837-1b8eb5876210,FirstNumber=139,secondNumber=191}  added by thread pool-3-thread-6
 message  {Id=2b5adf85-9e53-4009-99ba-b130143264f9,FirstNumber=565,secondNumber=1259}  added by thread pool-3-thread-6
 message  {Id=9d6466f6-8582-4810-8837-1b8eb5876210,FirstNumber=139,secondNumber=191}  written to file by thread pool-3-thread-5
 message  {Id=2b5adf85-9e53-4009-99ba-b130143264f9,FirstNumber=565,secondNumber=1259}  written to file by thread pool-3-thread-2
 message  {Id=2148004d-16be-4f14-9040-2d5e094a1192,FirstNumber=429,secondNumber=1166}  added by thread pool-3-thread-6
 message  {Id=2148004d-16be-4f14-9040-2d5e094a1192,FirstNumber=429,secondNumber=1166}  written to file by thread pool-3-thread-2
 message  {Id=b6c3a80a-941c-4a44-ac7d-51617bbb673c,FirstNumber=329,secondNumber=1667}  added by thread pool-3-thread-6
 message  {Id=b6c3a80a-941c-4a44-ac7d-51617bbb673c,FirstNumber=329,secondNumber=1667}  written to file by thread pool-3-thread-2
 message  {Id=1684afc7-87ce-484f-b5b1-700461c4711f,FirstNumber=543,secondNumber=1766}  added by thread pool-3-thread-6
 message  {Id=1684afc7-87ce-484f-b5b1-700461c4711f,FirstNumber=543,secondNumber=1766}  written to file by thread pool-3-thread-3
 message  {Id=4626c42e-e375-4fb8-937b-f6ef647bd3f6,FirstNumber=541,secondNumber=964}  added by thread pool-3-thread-6
 message  {Id=4626c42e-e375-4fb8-937b-f6ef647bd3f6,FirstNumber=541,secondNumber=964}  written to file by thread pool-3-thread-3
 message  {Id=b8aeaa60-44d1-49a0-b6d0-7e7d43f1030b,FirstNumber=753,secondNumber=489}  added by thread pool-3-thread-6
 message  {Id=b8aeaa60-44d1-49a0-b6d0-7e7d43f1030b,FirstNumber=753,secondNumber=489}  written to file by thread pool-3-thread-1
 message  {Id=a8fc7643-0b90-4204-b975-3e85ec95ea16,FirstNumber=382,secondNumber=1470}  added by thread pool-3-thread-6
 message  {Id=a8fc7643-0b90-4204-b975-3e85ec95ea16,FirstNumber=382,secondNumber=1470}  written to file by thread pool-3-thread-4
 message  {Id=da1f6269-32cd-48a8-8a68-a22062b804da,FirstNumber=955,secondNumber=1688}  added by thread pool-3-thread-6
 message  {Id=da1f6269-32cd-48a8-8a68-a22062b804da,FirstNumber=955,secondNumber=1688}  written to file by thread pool-3-thread-2
 message  {Id=44d4b2a5-b5e3-4967-84b5-f534b60c16b7,FirstNumber=562,secondNumber=842}  added by thread pool-3-thread-6
 message  {Id=44d4b2a5-b5e3-4967-84b5-f534b60c16b7,FirstNumber=562,secondNumber=842}  written to file by thread pool-3-thread-2
 message  {Id=7a683fb9-f672-4494-8fcc-7412f1a066fc,FirstNumber=782,secondNumber=1343}  added by thread pool-3-thread-6
 message  {Id=f0701c43-ea9f-48b3-9eac-39414f567f6c,FirstNumber=808,secondNumber=747}  added by thread pool-3-thread-6
 message  {Id=7a683fb9-f672-4494-8fcc-7412f1a066fc,FirstNumber=782,secondNumber=1343}  written to file by thread pool-3-thread-3
 message  {Id=f0701c43-ea9f-48b3-9eac-39414f567f6c,FirstNumber=808,secondNumber=747}  written to file by thread pool-3-thread-1
 message  {Id=51e1ffb3-f7df-4131-aa0b-e84558caf961,FirstNumber=706,secondNumber=333}  added by thread pool-3-thread-6
 message  {Id=51e1ffb3-f7df-4131-aa0b-e84558caf961,FirstNumber=706,secondNumber=333}  written to file by thread pool-3-thread-1
 message  {Id=fc225d52-06e4-4eb5-af99-61f2b74317e3,FirstNumber=311,secondNumber=157}  added by thread pool-3-thread-6
 message  {Id=bf0e014a-e472-4dca-bc85-217be7f57502,FirstNumber=271,secondNumber=75}  added by thread pool-3-thread-6
 message  {Id=fc225d52-06e4-4eb5-af99-61f2b74317e3,FirstNumber=311,secondNumber=157}  written to file by thread pool-3-thread-5
 message  {Id=bf0e014a-e472-4dca-bc85-217be7f57502,FirstNumber=271,secondNumber=75}  written to file by thread pool-3-thread-2
 message  {Id=cd230f00-c62d-4ad5-be24-6116498ad266,FirstNumber=285,secondNumber=1793}  added by thread pool-3-thread-6
 message  {Id=cd230f00-c62d-4ad5-be24-6116498ad266,FirstNumber=285,secondNumber=1793}  written to file by thread pool-3-thread-3
 message  {Id=8c10a73a-b517-4b68-befa-f6646c2d0c3b,FirstNumber=95,secondNumber=1158}  added by thread pool-3-thread-6
 message  {Id=8c10a73a-b517-4b68-befa-f6646c2d0c3b,FirstNumber=95,secondNumber=1158}  written to file by thread pool-3-thread-3
 message  {Id=3e6434fd-c6ab-41d1-ab73-e43b1f62f04f,FirstNumber=303,secondNumber=833}  added by thread pool-3-thread-6
 message  {Id=3e6434fd-c6ab-41d1-ab73-e43b1f62f04f,FirstNumber=303,secondNumber=833}  written to file by thread pool-3-thread-1
 message  {Id=4fd5b51e-73f5-4dc7-92dd-9bf316319f28,FirstNumber=559,secondNumber=1815}  added by thread pool-3-thread-6
 message  {Id=4fd5b51e-73f5-4dc7-92dd-9bf316319f28,FirstNumber=559,secondNumber=1815}  written to file by thread pool-3-thread-1
 message  {Id=8e2382db-125f-4ef6-aff7-237c149121dd,FirstNumber=861,secondNumber=308}  added by thread pool-3-thread-6
 message  {Id=8e2382db-125f-4ef6-aff7-237c149121dd,FirstNumber=861,secondNumber=308}  written to file by thread pool-3-thread-2
 message  {Id=50ba88b5-bd25-418b-8905-d8f947fb82f7,FirstNumber=262,secondNumber=775}  added by thread pool-3-thread-6
 message  {Id=6f4b1f2b-1158-46c7-8aa1-3b68b9ee45a7,FirstNumber=786,secondNumber=1380}  added by thread pool-3-thread-6
 message  {Id=50ba88b5-bd25-418b-8905-d8f947fb82f7,FirstNumber=262,secondNumber=775}  written to file by thread pool-3-thread-4
 message  {Id=15461879-b979-4e65-8641-f74061e8a9ac,FirstNumber=173,secondNumber=30}  added by thread pool-3-thread-6
 message  {Id=6f4b1f2b-1158-46c7-8aa1-3b68b9ee45a7,FirstNumber=786,secondNumber=1380}  written to file by thread pool-3-thread-3
 message  {Id=30cd0439-22d5-45df-b9bb-53374eca9879,FirstNumber=67,secondNumber=61}  added by thread pool-3-thread-6
 message  {Id=15461879-b979-4e65-8641-f74061e8a9ac,FirstNumber=173,secondNumber=30}  written to file by thread pool-3-thread-5
 message  {Id=30cd0439-22d5-45df-b9bb-53374eca9879,FirstNumber=67,secondNumber=61}  written to file by thread pool-3-thread-3
 message  {Id=2ccdc4ab-4477-4dc8-b127-533c2896d4fe,FirstNumber=363,secondNumber=1575}  added by thread pool-3-thread-6
 message  {Id=cd601acf-f8b4-4963-b64b-711cd7d3d2dd,FirstNumber=74,secondNumber=1171}  added by thread pool-3-thread-6
 message  {Id=2ccdc4ab-4477-4dc8-b127-533c2896d4fe,FirstNumber=363,secondNumber=1575}  written to file by thread pool-3-thread-2
 message  {Id=ea1342f2-6256-42d2-a65e-d7e852a06154,FirstNumber=397,secondNumber=1209}  added by thread pool-3-thread-6
 message  {Id=cd601acf-f8b4-4963-b64b-711cd7d3d2dd,FirstNumber=74,secondNumber=1171}  written to file by thread pool-3-thread-4
 message  {Id=ea1342f2-6256-42d2-a65e-d7e852a06154,FirstNumber=397,secondNumber=1209}  written to file by thread pool-3-thread-1
 message  {Id=3f7ef684-8dd9-433e-8146-341063fac102,FirstNumber=33,secondNumber=1250}  added by thread pool-3-thread-6
 message  {Id=3f7ef684-8dd9-433e-8146-341063fac102,FirstNumber=33,secondNumber=1250}  written to file by thread pool-3-thread-1
 message  {Id=f6f5364d-f4e3-48c6-a4c6-f4f5526799f2,FirstNumber=614,secondNumber=898}  added by thread pool-3-thread-6
 message  {Id=74374e68-c3cb-4303-ab0e-e6465e943cd4,FirstNumber=232,secondNumber=1865}  added by thread pool-3-thread-6
 message  {Id=f6f5364d-f4e3-48c6-a4c6-f4f5526799f2,FirstNumber=614,secondNumber=898}  written to file by thread pool-3-thread-3
 message  {Id=74374e68-c3cb-4303-ab0e-e6465e943cd4,FirstNumber=232,secondNumber=1865}  written to file by thread pool-3-thread-2
 message  {Id=55e9a0d0-ed1d-411f-b0ea-852b3b85e87b,FirstNumber=668,secondNumber=250}  added by thread pool-3-thread-6
 message  {Id=f9d2c42f-4e6a-403d-b380-6839b742fe93,FirstNumber=789,secondNumber=920}  added by thread pool-3-thread-6
 message  {Id=55e9a0d0-ed1d-411f-b0ea-852b3b85e87b,FirstNumber=668,secondNumber=250}  written to file by thread pool-3-thread-4
 message  {Id=f9d2c42f-4e6a-403d-b380-6839b742fe93,FirstNumber=789,secondNumber=920}  written to file by thread pool-3-thread-5
 message  {Id=12a032c5-c1e3-48ca-b1e0-a338e61a3f92,FirstNumber=640,secondNumber=1703}  added by thread pool-3-thread-6
 message  {Id=12a032c5-c1e3-48ca-b1e0-a338e61a3f92,FirstNumber=640,secondNumber=1703}  written to file by thread pool-3-thread-1
 message  {Id=1284a6de-1eb6-41e2-8d70-b4aca55729ae,FirstNumber=542,secondNumber=1543}  added by thread pool-3-thread-6
 message  {Id=1284a6de-1eb6-41e2-8d70-b4aca55729ae,FirstNumber=542,secondNumber=1543}  written to file by thread pool-3-thread-1
 message  {Id=43f78986-e3bd-4c83-aa4f-a3466d8062d5,FirstNumber=39,secondNumber=507}  added by thread pool-3-thread-6
 message  {Id=43f78986-e3bd-4c83-aa4f-a3466d8062d5,FirstNumber=39,secondNumber=507}  written to file by thread pool-3-thread-2
 message  {Id=ee740b6b-2cbd-4269-84c1-5ddf5aaf5b57,FirstNumber=972,secondNumber=304}  added by thread pool-3-thread-6
 message  {Id=9389f34f-b33e-4736-a2bb-290ae3721ee0,FirstNumber=208,secondNumber=218}  added by thread pool-3-thread-6
 message  {Id=ee740b6b-2cbd-4269-84c1-5ddf5aaf5b57,FirstNumber=972,secondNumber=304}  written to file by thread pool-3-thread-4
 message  {Id=9c704095-3052-414d-a2a2-16f1346617da,FirstNumber=627,secondNumber=859}  added by thread pool-3-thread-6
 message  {Id=9389f34f-b33e-4736-a2bb-290ae3721ee0,FirstNumber=208,secondNumber=218}  written to file by thread pool-3-thread-5
 message  {Id=ef4627a8-bfc0-4b5c-a14b-8dde8bc98032,FirstNumber=430,secondNumber=512}  added by thread pool-3-thread-6
 message  {Id=9c704095-3052-414d-a2a2-16f1346617da,FirstNumber=627,secondNumber=859}  written to file by thread pool-3-thread-3
 message  {Id=ef4627a8-bfc0-4b5c-a14b-8dde8bc98032,FirstNumber=430,secondNumber=512}  written to file by thread pool-3-thread-1
 message  {Id=1b2e6f3a-7a5a-4284-be58-2a9d72b9f8d9,FirstNumber=679,secondNumber=457}  added by thread pool-3-thread-6
 message  {Id=1b2e6f3a-7a5a-4284-be58-2a9d72b9f8d9,FirstNumber=679,secondNumber=457}  written to file by thread pool-3-thread-1
 message  {Id=85171f44-f355-43df-964d-464ceacb2ce5,FirstNumber=410,secondNumber=1843}  added by thread pool-3-thread-6
 message  {Id=6b49559b-ef68-42e4-939d-223f82c57629,FirstNumber=753,secondNumber=1756}  added by thread pool-3-thread-6
 message  {Id=85171f44-f355-43df-964d-464ceacb2ce5,FirstNumber=410,secondNumber=1843}  written to file by thread pool-3-thread-4
 message  {Id=6b49559b-ef68-42e4-939d-223f82c57629,FirstNumber=753,secondNumber=1756}  written to file by thread pool-3-thread-5
 message  {Id=aba044a3-0dd5-4ea6-9439-74197190a7f3,FirstNumber=217,secondNumber=546}  added by thread pool-3-thread-6
 message  {Id=aba044a3-0dd5-4ea6-9439-74197190a7f3,FirstNumber=217,secondNumber=546}  written to file by thread pool-3-thread-5
 message  {Id=6449246b-be1a-45e3-8fab-b307e6d04e64,FirstNumber=186,secondNumber=129}  added by thread pool-3-thread-6
 message  {Id=6449246b-be1a-45e3-8fab-b307e6d04e64,FirstNumber=186,secondNumber=129}  written to file by thread pool-3-thread-5
 message  {Id=db6d7325-bc8b-4629-b8c1-7c7fa1d57fc1,FirstNumber=572,secondNumber=1240}  added by thread pool-3-thread-6
 message  {Id=db6d7325-bc8b-4629-b8c1-7c7fa1d57fc1,FirstNumber=572,secondNumber=1240}  written to file by thread pool-3-thread-1
 message  {Id=e3ab8e18-d044-4baa-aba4-25f15a4f5373,FirstNumber=72,secondNumber=1436}  added by thread pool-3-thread-6
 message  {Id=e3ab8e18-d044-4baa-aba4-25f15a4f5373,FirstNumber=72,secondNumber=1436}  written to file by thread pool-3-thread-4
 message  {Id=d3bdc398-f6f7-4a3c-93c8-c321de79e3b0,FirstNumber=503,secondNumber=612}  added by thread pool-3-thread-6
 message  {Id=d3bdc398-f6f7-4a3c-93c8-c321de79e3b0,FirstNumber=503,secondNumber=612}  written to file by thread pool-3-thread-4
 message  {Id=2fac31c7-751a-406f-8e5f-7f58172f3a6a,FirstNumber=626,secondNumber=1809}  added by thread pool-3-thread-6
 message  {Id=2fac31c7-751a-406f-8e5f-7f58172f3a6a,FirstNumber=626,secondNumber=1809}  written to file by thread pool-3-thread-2
 message  {Id=c5995445-04e9-415d-88f5-38fdcd0663be,FirstNumber=15,secondNumber=1707}  added by thread pool-3-thread-6
 message  {Id=c5995445-04e9-415d-88f5-38fdcd0663be,FirstNumber=15,secondNumber=1707}  written to file by thread pool-3-thread-2
 message  {Id=1bbfebe2-8687-4182-8ec6-8352b2e9acfa,FirstNumber=358,secondNumber=1951}  added by thread pool-3-thread-6
 message  {Id=1bbfebe2-8687-4182-8ec6-8352b2e9acfa,FirstNumber=358,secondNumber=1951}  written to file by thread pool-3-thread-1
 message  {Id=2e2f49a5-602b-4682-b4f3-5df0d84e4fc0,FirstNumber=802,secondNumber=159}  added by thread pool-3-thread-6
 message  {Id=eefde1b2-6159-4ef4-8d8d-b0b56e05d106,FirstNumber=711,secondNumber=700}  added by thread pool-3-thread-6
 message  {Id=eefde1b2-6159-4ef4-8d8d-b0b56e05d106,FirstNumber=711,secondNumber=700}  written to file by thread pool-3-thread-4
 message  {Id=2e2f49a5-602b-4682-b4f3-5df0d84e4fc0,FirstNumber=802,secondNumber=159}  written to file by thread pool-3-thread-3
 message  {Id=960422cd-e3a3-4e7c-a066-815c93b4297b,FirstNumber=135,secondNumber=678}  added by thread pool-3-thread-6
 message  {Id=960422cd-e3a3-4e7c-a066-815c93b4297b,FirstNumber=135,secondNumber=678}  written to file by thread pool-3-thread-4
 message  {Id=bfc92c68-7e87-46a7-a5a1-ba0d83ca73e3,FirstNumber=861,secondNumber=685}  added by thread pool-3-thread-6
 message  {Id=bfc92c68-7e87-46a7-a5a1-ba0d83ca73e3,FirstNumber=861,secondNumber=685}  written to file by thread pool-3-thread-4
 message  {Id=674a377e-c34e-444e-9c6d-56a76e721ad1,FirstNumber=18,secondNumber=474}  added by thread pool-3-thread-6
 message  {Id=674a377e-c34e-444e-9c6d-56a76e721ad1,FirstNumber=18,secondNumber=474}  written to file by thread pool-3-thread-1
 message  {Id=5b8d8eae-98f7-40f0-9097-f379026ae7ef,FirstNumber=806,secondNumber=97}  added by thread pool-3-thread-6
 message  {Id=5b8d8eae-98f7-40f0-9097-f379026ae7ef,FirstNumber=806,secondNumber=97}  written to file by thread pool-3-thread-1
 message  {Id=bb172db7-67b0-4b45-a22f-67d4132d3dc9,FirstNumber=43,secondNumber=864}  added by thread pool-3-thread-6
 message  {Id=bb172db7-67b0-4b45-a22f-67d4132d3dc9,FirstNumber=43,secondNumber=864}  written to file by thread pool-3-thread-5
 message  {Id=22b2f34d-efbf-427d-a96c-97f114692cf6,FirstNumber=49,secondNumber=1233}  added by thread pool-3-thread-6
 message  {Id=22b2f34d-efbf-427d-a96c-97f114692cf6,FirstNumber=49,secondNumber=1233}  written to file by thread pool-3-thread-2
 message  {Id=de004b3d-13e3-41ca-900e-b4c76107a472,FirstNumber=540,secondNumber=1362}  added by thread pool-3-thread-6
 message  {Id=de004b3d-13e3-41ca-900e-b4c76107a472,FirstNumber=540,secondNumber=1362}  written to file by thread pool-3-thread-4
 message  {Id=9f245e9b-2855-47c4-b686-78e32d12c92d,FirstNumber=426,secondNumber=271}  added by thread pool-3-thread-6
 message  {Id=9f245e9b-2855-47c4-b686-78e32d12c92d,FirstNumber=426,secondNumber=271}  written to file by thread pool-3-thread-4
 message  {Id=500c3192-0c2e-4037-9209-1bb0ebf935e7,FirstNumber=969,secondNumber=1821}  added by thread pool-3-thread-6
 message  {Id=fa216788-e7d7-495a-bab4-cc669d86db64,FirstNumber=932,secondNumber=63}  added by thread pool-3-thread-6
 message  {Id=500c3192-0c2e-4037-9209-1bb0ebf935e7,FirstNumber=969,secondNumber=1821}  written to file by thread pool-3-thread-1
 message  {Id=fa216788-e7d7-495a-bab4-cc669d86db64,FirstNumber=932,secondNumber=63}  written to file by thread pool-3-thread-5
 message  {Id=64d0a796-cbd2-4c20-81e7-1854cd6320c6,FirstNumber=212,secondNumber=506}  added by thread pool-3-thread-6
 message  {Id=64d0a796-cbd2-4c20-81e7-1854cd6320c6,FirstNumber=212,secondNumber=506}  written to file by thread pool-3-thread-5
 message  {Id=14161ef6-c492-4156-8cac-d805c3083fbc,FirstNumber=501,secondNumber=1940}  added by thread pool-3-thread-6
 message  {Id=decab2f4-6d70-4e82-ac2d-11315005f77e,FirstNumber=315,secondNumber=104}  added by thread pool-3-thread-6
 message  {Id=14161ef6-c492-4156-8cac-d805c3083fbc,FirstNumber=501,secondNumber=1940}  written to file by thread pool-3-thread-3
 message  {Id=decab2f4-6d70-4e82-ac2d-11315005f77e,FirstNumber=315,secondNumber=104}  written to file by thread pool-3-thread-4
 message  {Id=c4a9360d-6edc-4caf-8b7e-f4710a8ecbb0,FirstNumber=608,secondNumber=530}  added by thread pool-3-thread-6
 message  {Id=00436a50-1972-41c6-a1e9-b5922dba3cf8,FirstNumber=830,secondNumber=966}  added by thread pool-3-thread-6
 message  {Id=c4a9360d-6edc-4caf-8b7e-f4710a8ecbb0,FirstNumber=608,secondNumber=530}  written to file by thread pool-3-thread-1
 message  {Id=15a9c0ec-78fe-46d2-b2ae-00103f532c80,FirstNumber=241,secondNumber=937}  added by thread pool-3-thread-6
 message  {Id=00436a50-1972-41c6-a1e9-b5922dba3cf8,FirstNumber=830,secondNumber=966}  written to file by thread pool-3-thread-2
 message  {Id=83e0ee9b-1fb5-409d-8c30-d27ab3514190,FirstNumber=966,secondNumber=1256}  added by thread pool-3-thread-6
 message  {Id=15a9c0ec-78fe-46d2-b2ae-00103f532c80,FirstNumber=241,secondNumber=937}  written to file by thread pool-3-thread-5
 message  {Id=951242bc-00db-4cd6-9194-ea77d5cc4e2a,FirstNumber=628,secondNumber=430}  added by thread pool-3-thread-6
 message  {Id=83e0ee9b-1fb5-409d-8c30-d27ab3514190,FirstNumber=966,secondNumber=1256}  written to file by thread pool-3-thread-3
 message  {Id=46cb8ba7-13ef-4637-81c6-62fb8d179a24,FirstNumber=103,secondNumber=1402}  added by thread pool-3-thread-6
 message  {Id=951242bc-00db-4cd6-9194-ea77d5cc4e2a,FirstNumber=628,secondNumber=430}  written to file by thread pool-3-thread-4
 message  {Id=89a1c980-67e8-495a-873f-1d2f7c1ad8b7,FirstNumber=416,secondNumber=1302}  added by thread pool-3-thread-6
 message  {Id=46cb8ba7-13ef-4637-81c6-62fb8d179a24,FirstNumber=103,secondNumber=1402}  written to file by thread pool-3-thread-1
 message  {Id=43d100fa-6e9c-4aca-a6ef-a38d5feffb75,FirstNumber=293,secondNumber=690}  added by thread pool-3-thread-6
 message  {Id=89a1c980-67e8-495a-873f-1d2f7c1ad8b7,FirstNumber=416,secondNumber=1302}  written to file by thread pool-3-thread-2
 message  {Id=0bbcca33-4e2b-470c-ae4a-52f82301f136,FirstNumber=18,secondNumber=1209}  added by thread pool-3-thread-6
 message  {Id=43d100fa-6e9c-4aca-a6ef-a38d5feffb75,FirstNumber=293,secondNumber=690}  written to file by thread pool-3-thread-5
 message  {Id=0bbcca33-4e2b-470c-ae4a-52f82301f136,FirstNumber=18,secondNumber=1209}  written to file by thread pool-3-thread-3
 message  {Id=9f9b815e-6e11-4cea-9d66-28d345e5eff7,FirstNumber=536,secondNumber=955}  added by thread pool-3-thread-6
 message  {Id=9f9b815e-6e11-4cea-9d66-28d345e5eff7,FirstNumber=536,secondNumber=955}  written to file by thread pool-3-thread-3
 message  {Id=19780b9b-39b2-45ca-ad60-0ed12b9b2c2d,FirstNumber=407,secondNumber=329}  added by thread pool-3-thread-6
 message  {Id=19780b9b-39b2-45ca-ad60-0ed12b9b2c2d,FirstNumber=407,secondNumber=329}  written to file by thread pool-3-thread-3
 message  {Id=cdc10198-ca54-4174-8ce7-1272221d4de0,FirstNumber=199,secondNumber=745}  added by thread pool-3-thread-6
 message  {Id=cdc10198-ca54-4174-8ce7-1272221d4de0,FirstNumber=199,secondNumber=745}  written to file by thread pool-3-thread-2
 message  {Id=565b49d3-e33d-4548-83b9-24dcf93e7c80,FirstNumber=588,secondNumber=1072}  added by thread pool-3-thread-6
 message  {Id=565b49d3-e33d-4548-83b9-24dcf93e7c80,FirstNumber=588,secondNumber=1072}  written to file by thread pool-3-thread-5
 message  {Id=0c896643-0951-404a-9ddf-5ee6e3157eda,FirstNumber=251,secondNumber=646}  added by thread pool-3-thread-6
 message  {Id=0c896643-0951-404a-9ddf-5ee6e3157eda,FirstNumber=251,secondNumber=646}  written to file by thread pool-3-thread-5
 message  {Id=dd251a69-ecb3-4200-addc-dc51aa460967,FirstNumber=238,secondNumber=955}  added by thread pool-3-thread-6
 message  {Id=dd251a69-ecb3-4200-addc-dc51aa460967,FirstNumber=238,secondNumber=955}  written to file by thread pool-3-thread-1
 message  {Id=d453ecec-bc26-426f-871d-ebb67c732f4e,FirstNumber=62,secondNumber=811}  added by thread pool-3-thread-6
 message  {Id=d453ecec-bc26-426f-871d-ebb67c732f4e,FirstNumber=62,secondNumber=811}  written to file by thread pool-3-thread-1
 message  {Id=f03b14c3-202c-42cc-b9f9-ecb5c18285d9,FirstNumber=783,secondNumber=140}  added by thread pool-3-thread-6
 message  {Id=f03b14c3-202c-42cc-b9f9-ecb5c18285d9,FirstNumber=783,secondNumber=140}  written to file by thread pool-3-thread-1
 message  {Id=c8484347-88a6-438a-b698-a5f0c5c3d67f,FirstNumber=234,secondNumber=734}  added by thread pool-3-thread-6
 message  {Id=c8484347-88a6-438a-b698-a5f0c5c3d67f,FirstNumber=234,secondNumber=734}  written to file by thread pool-3-thread-4
 message  {Id=3ee0ab2c-f730-4bef-a458-33ef1e365784,FirstNumber=220,secondNumber=1444}  added by thread pool-3-thread-6
 message  {Id=3ee0ab2c-f730-4bef-a458-33ef1e365784,FirstNumber=220,secondNumber=1444}  written to file by thread pool-3-thread-4
 message  {Id=b4bb504b-7dbd-4efb-8d6c-68705d3904db,FirstNumber=200,secondNumber=588}  added by thread pool-3-thread-6
 message  {Id=b4bb504b-7dbd-4efb-8d6c-68705d3904db,FirstNumber=200,secondNumber=588}  written to file by thread pool-3-thread-3
 message  {Id=ff9599b3-64a3-4b85-adec-fb4c1986ee34,FirstNumber=271,secondNumber=659}  added by thread pool-3-thread-6
 message  {Id=ff9599b3-64a3-4b85-adec-fb4c1986ee34,FirstNumber=271,secondNumber=659}  written to file by thread pool-3-thread-2
 message  {Id=0e3fa902-e2dd-4017-82ad-6ec9695426c2,FirstNumber=539,secondNumber=1962}  added by thread pool-3-thread-6
 message  {Id=c8a2e7ab-1d38-42d4-9ca5-1efb595dc720,FirstNumber=152,secondNumber=66}  added by thread pool-3-thread-6
 message  {Id=0e3fa902-e2dd-4017-82ad-6ec9695426c2,FirstNumber=539,secondNumber=1962}  written to file by thread pool-3-thread-1
 message  {Id=c8a2e7ab-1d38-42d4-9ca5-1efb595dc720,FirstNumber=152,secondNumber=66}  written to file by thread pool-3-thread-5
 message  {Id=f5810fb6-f462-44b9-9743-4b71130fe2c5,FirstNumber=481,secondNumber=1032}  added by thread pool-3-thread-6
 message  {Id=4205d8de-c042-4348-b1d7-6f342511f1c4,FirstNumber=108,secondNumber=846}  added by thread pool-3-thread-6
 message  {Id=f5810fb6-f462-44b9-9743-4b71130fe2c5,FirstNumber=481,secondNumber=1032}  written to file by thread pool-3-thread-4
 message  {Id=4205d8de-c042-4348-b1d7-6f342511f1c4,FirstNumber=108,secondNumber=846}  written to file by thread pool-3-thread-3
 message  {Id=967612ef-06c9-4598-80d6-d5165928eef6,FirstNumber=300,secondNumber=617}  added by thread pool-3-thread-6
 message  {Id=967612ef-06c9-4598-80d6-d5165928eef6,FirstNumber=300,secondNumber=617}  written to file by thread pool-3-thread-3
 message  {Id=db3ba44c-dd51-4878-82b8-7335f1648742,FirstNumber=473,secondNumber=634}  added by thread pool-3-thread-6
 message  {Id=db3ba44c-dd51-4878-82b8-7335f1648742,FirstNumber=473,secondNumber=634}  written to file by thread pool-3-thread-3
 message  {Id=261bdd14-a1f6-4602-829e-62c08663a24f,FirstNumber=933,secondNumber=325}  added by thread pool-3-thread-6
 message  {Id=261bdd14-a1f6-4602-829e-62c08663a24f,FirstNumber=933,secondNumber=325}  written to file by thread pool-3-thread-5
 message  {Id=345045f1-7f66-4b84-9450-fc4936c27f62,FirstNumber=228,secondNumber=528}  added by thread pool-3-thread-6
 message  {Id=345045f1-7f66-4b84-9450-fc4936c27f62,FirstNumber=228,secondNumber=528}  written to file by thread pool-3-thread-4
 message  {Id=0f1c4ca4-d2f2-4129-961c-5d6f66e32cdf,FirstNumber=218,secondNumber=181}  added by thread pool-3-thread-6
 message  {Id=61d0d5bb-0c01-4826-a58b-62b711197991,FirstNumber=112,secondNumber=1075}  added by thread pool-3-thread-6
 message  {Id=0f1c4ca4-d2f2-4129-961c-5d6f66e32cdf,FirstNumber=218,secondNumber=181}  written to file by thread pool-3-thread-2
 message  {Id=8d41a25f-70d0-443d-a9e1-668aa8aff902,FirstNumber=547,secondNumber=918}  added by thread pool-3-thread-6
 message  {Id=61d0d5bb-0c01-4826-a58b-62b711197991,FirstNumber=112,secondNumber=1075}  written to file by thread pool-3-thread-1
 message  {Id=8d41a25f-70d0-443d-a9e1-668aa8aff902,FirstNumber=547,secondNumber=918}  written to file by thread pool-3-thread-3
 message  {Id=a9701ec5-d8c8-413f-bc2d-d54ac7da0308,FirstNumber=392,secondNumber=1892}  added by thread pool-3-thread-6
 message  {Id=a9701ec5-d8c8-413f-bc2d-d54ac7da0308,FirstNumber=392,secondNumber=1892}  written to file by thread pool-3-thread-5
 message  {Id=ba484d45-91eb-4f9f-a8fc-593620b667b9,FirstNumber=457,secondNumber=782}  added by thread pool-3-thread-6
 message  {Id=ba484d45-91eb-4f9f-a8fc-593620b667b9,FirstNumber=457,secondNumber=782}  written to file by thread pool-3-thread-5
 message  {Id=fa0f27d7-85be-4ca1-894d-e250fe7e693f,FirstNumber=329,secondNumber=1663}  added by thread pool-3-thread-6
 message  {Id=fa0f27d7-85be-4ca1-894d-e250fe7e693f,FirstNumber=329,secondNumber=1663}  written to file by thread pool-3-thread-2
 message  {Id=15e0ea13-6deb-4e50-af43-43970329525e,FirstNumber=990,secondNumber=1472}  added by thread pool-3-thread-6
 message  {Id=2cdace14-2b23-4898-98e3-b3ddf9305e8c,FirstNumber=37,secondNumber=302}  added by thread pool-3-thread-6
 message  {Id=15e0ea13-6deb-4e50-af43-43970329525e,FirstNumber=990,secondNumber=1472}  written to file by thread pool-3-thread-2
 message  {Id=2cdace14-2b23-4898-98e3-b3ddf9305e8c,FirstNumber=37,secondNumber=302}  written to file by thread pool-3-thread-3
 message  {Id=057bf455-54eb-429d-9569-4bfd695177a8,FirstNumber=576,secondNumber=1560}  added by thread pool-3-thread-6
 message  {Id=057bf455-54eb-429d-9569-4bfd695177a8,FirstNumber=576,secondNumber=1560}  written to file by thread pool-3-thread-3
 message  {Id=cb4f5c64-b06f-4cd1-888c-68896836707c,FirstNumber=6,secondNumber=1520}  added by thread pool-3-thread-6
 message  {Id=cb4f5c64-b06f-4cd1-888c-68896836707c,FirstNumber=6,secondNumber=1520}  written to file by thread pool-3-thread-5
 message  {Id=2e05dfb4-eee4-4571-a501-dbf35699518b,FirstNumber=422,secondNumber=1115}  added by thread pool-3-thread-6
 message  {Id=e9a79601-6d17-4ee4-b434-95346551b246,FirstNumber=524,secondNumber=519}  added by thread pool-3-thread-6
 message  {Id=2e05dfb4-eee4-4571-a501-dbf35699518b,FirstNumber=422,secondNumber=1115}  written to file by thread pool-3-thread-1
 message  {Id=1373f030-a0b7-4dff-9002-725a5b213ec4,FirstNumber=828,secondNumber=1152}  added by thread pool-3-thread-6
 message  {Id=e9a79601-6d17-4ee4-b434-95346551b246,FirstNumber=524,secondNumber=519}  written to file by thread pool-3-thread-2
 message  {Id=c63c2a74-ac29-40a5-83be-093b6aa91b81,FirstNumber=459,secondNumber=692}  added by thread pool-3-thread-6
 message  {Id=1373f030-a0b7-4dff-9002-725a5b213ec4,FirstNumber=828,secondNumber=1152}  written to file by thread pool-3-thread-4
 message  {Id=e5c37114-a04a-422b-8c6e-4b5a6e79579a,FirstNumber=294,secondNumber=273}  added by thread pool-3-thread-6
 message  {Id=c63c2a74-ac29-40a5-83be-093b6aa91b81,FirstNumber=459,secondNumber=692}  written to file by thread pool-3-thread-3
 message  {Id=af2e4a33-c3b5-4225-b5c0-b54fa8726fa5,FirstNumber=911,secondNumber=598}  added by thread pool-3-thread-6
 message  {Id=e5c37114-a04a-422b-8c6e-4b5a6e79579a,FirstNumber=294,secondNumber=273}  written to file by thread pool-3-thread-5
 message  {Id=af2e4a33-c3b5-4225-b5c0-b54fa8726fa5,FirstNumber=911,secondNumber=598}  written to file by thread pool-3-thread-1
 message  {Id=5f098b05-4bb1-43e3-8e56-a78010114a6b,FirstNumber=960,secondNumber=1193}  added by thread pool-3-thread-6
 message  {Id=8d26fc1a-c537-46aa-bffd-f75bf66ebe5e,FirstNumber=852,secondNumber=959}  added by thread pool-3-thread-6
 message  {Id=5f098b05-4bb1-43e3-8e56-a78010114a6b,FirstNumber=960,secondNumber=1193}  written to file by thread pool-3-thread-2
 message  {Id=8d26fc1a-c537-46aa-bffd-f75bf66ebe5e,FirstNumber=852,secondNumber=959}  written to file by thread pool-3-thread-4
 message  {Id=76d7cfe1-9d95-4a0e-aecf-32b6e1bd3761,FirstNumber=960,secondNumber=1643}  added by thread pool-3-thread-6
 message  {Id=76d7cfe1-9d95-4a0e-aecf-32b6e1bd3761,FirstNumber=960,secondNumber=1643}  written to file by thread pool-3-thread-3
 message  {Id=d4635422-92b6-4660-924b-336e6d35e09a,FirstNumber=505,secondNumber=56}  added by thread pool-3-thread-6
 message  {Id=d4635422-92b6-4660-924b-336e6d35e09a,FirstNumber=505,secondNumber=56}  written to file by thread pool-3-thread-5
 message  {Id=e186a398-3389-4ad6-b678-acbb26123636,FirstNumber=821,secondNumber=1148}  added by thread pool-3-thread-6
 message  {Id=e186a398-3389-4ad6-b678-acbb26123636,FirstNumber=821,secondNumber=1148}  written to file by thread pool-3-thread-5
 message  {Id=f05c3e4e-b2be-420a-a81f-445da98c6fd1,FirstNumber=361,secondNumber=508}  added by thread pool-3-thread-6
 message  {Id=f05c3e4e-b2be-420a-a81f-445da98c6fd1,FirstNumber=361,secondNumber=508}  written to file by thread pool-3-thread-2
 message  {Id=a1f7e98d-d208-4a67-bc97-d77bf7ffe6d0,FirstNumber=301,secondNumber=1095}  added by thread pool-3-thread-6
 message  {Id=abe0c99d-2ea9-4327-9c01-05356e51933a,FirstNumber=104,secondNumber=428}  added by thread pool-3-thread-6
 message  {Id=a1f7e98d-d208-4a67-bc97-d77bf7ffe6d0,FirstNumber=301,secondNumber=1095}  written to file by thread pool-3-thread-4
 message  {Id=abe0c99d-2ea9-4327-9c01-05356e51933a,FirstNumber=104,secondNumber=428}  written to file by thread pool-3-thread-3
 message  {Id=eb2fdb31-a1ba-408d-a47f-afa4b861695e,FirstNumber=397,secondNumber=1029}  added by thread pool-3-thread-6
 message  {Id=eb2fdb31-a1ba-408d-a47f-afa4b861695e,FirstNumber=397,secondNumber=1029}  written to file by thread pool-3-thread-3
 message  {Id=1d42b73d-57be-4b5d-ba26-10cda4484894,FirstNumber=800,secondNumber=101}  added by thread pool-3-thread-6
 message  {Id=1d42b73d-57be-4b5d-ba26-10cda4484894,FirstNumber=800,secondNumber=101}  written to file by thread pool-3-thread-5
 message  {Id=2eb44a24-fc9a-4d88-8748-6151ddc6d028,FirstNumber=364,secondNumber=269}  added by thread pool-3-thread-6
 message  {Id=2eb44a24-fc9a-4d88-8748-6151ddc6d028,FirstNumber=364,secondNumber=269}  written to file by thread pool-3-thread-5
 message  {Id=ab3e4c6d-77d4-4491-aa7f-331f7f965886,FirstNumber=819,secondNumber=587}  added by thread pool-3-thread-6
 message  {Id=ab3e4c6d-77d4-4491-aa7f-331f7f965886,FirstNumber=819,secondNumber=587}  written to file by thread pool-3-thread-5
 message  {Id=4015bbfd-b2a6-4897-b859-6657e2fece56,FirstNumber=855,secondNumber=162}  added by thread pool-3-thread-6
 message  {Id=4015bbfd-b2a6-4897-b859-6657e2fece56,FirstNumber=855,secondNumber=162}  written to file by thread pool-3-thread-1
 message  {Id=f522be56-6460-4b56-a6e1-6842552f41b5,FirstNumber=519,secondNumber=1118}  added by thread pool-3-thread-6
 message  {Id=f522be56-6460-4b56-a6e1-6842552f41b5,FirstNumber=519,secondNumber=1118}  written to file by thread pool-3-thread-1
 message  {Id=c11fa0a3-465b-41b6-a31e-a871864c285b,FirstNumber=202,secondNumber=1531}  added by thread pool-3-thread-6
 message  {Id=2afd3b4d-cbee-445e-96ad-416daaa69d2e,FirstNumber=652,secondNumber=1190}  added by thread pool-3-thread-6
 message  {Id=c11fa0a3-465b-41b6-a31e-a871864c285b,FirstNumber=202,secondNumber=1531}  written to file by thread pool-3-thread-2
 message  {Id=98e8c45d-1a1f-4d16-a638-40c9281a4936,FirstNumber=564,secondNumber=11}  added by thread pool-3-thread-6
 message  {Id=2afd3b4d-cbee-445e-96ad-416daaa69d2e,FirstNumber=652,secondNumber=1190}  written to file by thread pool-3-thread-4
 message  {Id=98e8c45d-1a1f-4d16-a638-40c9281a4936,FirstNumber=564,secondNumber=11}  written to file by thread pool-3-thread-5
 message  {Id=69c8db4e-955b-4290-80b6-9e36035a7bdf,FirstNumber=98,secondNumber=964}  added by thread pool-3-thread-6
 message  {Id=69c8db4e-955b-4290-80b6-9e36035a7bdf,FirstNumber=98,secondNumber=964}  written to file by thread pool-3-thread-5
 message  {Id=90ce5a63-6715-4b5c-8a77-3e06429c9540,FirstNumber=669,secondNumber=814}  added by thread pool-3-thread-6
 message  {Id=90ce5a63-6715-4b5c-8a77-3e06429c9540,FirstNumber=669,secondNumber=814}  written to file by thread pool-3-thread-5
 message  {Id=edc7b4ae-2436-46e1-a5b8-85085e89d492,FirstNumber=693,secondNumber=171}  added by thread pool-3-thread-6
 message  {Id=edc7b4ae-2436-46e1-a5b8-85085e89d492,FirstNumber=693,secondNumber=171}  written to file by thread pool-3-thread-2
 message  {Id=f2f92935-d1a2-4a53-97e0-388c5519576b,FirstNumber=416,secondNumber=1852}  added by thread pool-3-thread-6
 message  {Id=f2f92935-d1a2-4a53-97e0-388c5519576b,FirstNumber=416,secondNumber=1852}  written to file by thread pool-3-thread-2
 message  {Id=488c853f-bef6-4639-b709-15699703ecaf,FirstNumber=342,secondNumber=166}  added by thread pool-3-thread-6
 message  {Id=488c853f-bef6-4639-b709-15699703ecaf,FirstNumber=342,secondNumber=166}  written to file by thread pool-3-thread-3
 message  {Id=ce0fda56-b028-4ad8-bda8-b82615853d0d,FirstNumber=893,secondNumber=461}  added by thread pool-3-thread-6
 message  {Id=ce0fda56-b028-4ad8-bda8-b82615853d0d,FirstNumber=893,secondNumber=461}  written to file by thread pool-3-thread-3
 message  {Id=38bd5249-3a52-4ba0-a05e-a6c6a9715eb3,FirstNumber=96,secondNumber=1001}  added by thread pool-3-thread-6
 message  {Id=38bd5249-3a52-4ba0-a05e-a6c6a9715eb3,FirstNumber=96,secondNumber=1001}  written to file by thread pool-3-thread-5
 message  {Id=b704a52b-5f75-424b-bcd0-094f6532c727,FirstNumber=809,secondNumber=760}  added by thread pool-3-thread-6
 message  {Id=b9173bda-6d5c-49e7-bcd0-92d72f9c3e91,FirstNumber=458,secondNumber=234}  added by thread pool-3-thread-6
 message  {Id=b704a52b-5f75-424b-bcd0-094f6532c727,FirstNumber=809,secondNumber=760}  written to file by thread pool-3-thread-4
 message  {Id=b88d7b53-ba2f-4534-9557-5c53b1850d5d,FirstNumber=287,secondNumber=786}  added by thread pool-3-thread-6
 message  {Id=b9173bda-6d5c-49e7-bcd0-92d72f9c3e91,FirstNumber=458,secondNumber=234}  written to file by thread pool-3-thread-2
 message  {Id=d524e936-1949-4a6d-8ea0-cd0c54b185c9,FirstNumber=355,secondNumber=250}  added by thread pool-3-thread-6
 message  {Id=b88d7b53-ba2f-4534-9557-5c53b1850d5d,FirstNumber=287,secondNumber=786}  written to file by thread pool-3-thread-1
 message  {Id=d524e936-1949-4a6d-8ea0-cd0c54b185c9,FirstNumber=355,secondNumber=250}  written to file by thread pool-3-thread-3
 message  {Id=23879ff8-32cc-4b29-a1c5-8731161cfbf4,FirstNumber=395,secondNumber=1399}  added by thread pool-3-thread-6
 message  {Id=f92406c9-b9c4-4133-afa7-8f6a7eeeb900,FirstNumber=774,secondNumber=1465}  added by thread pool-3-thread-6
 message  {Id=23879ff8-32cc-4b29-a1c5-8731161cfbf4,FirstNumber=395,secondNumber=1399}  written to file by thread pool-3-thread-5
 message  {Id=f92406c9-b9c4-4133-afa7-8f6a7eeeb900,FirstNumber=774,secondNumber=1465}  written to file by thread pool-3-thread-4
 message  {Id=804ee850-e313-4f35-a731-4686a2236c47,FirstNumber=608,secondNumber=62}  added by thread pool-3-thread-6
 message  {Id=fca6e0aa-e1bb-47eb-9c23-f4c4f0d5315e,FirstNumber=459,secondNumber=307}  added by thread pool-3-thread-6
 message  {Id=804ee850-e313-4f35-a731-4686a2236c47,FirstNumber=608,secondNumber=62}  written to file by thread pool-3-thread-2
 message  {Id=fca6e0aa-e1bb-47eb-9c23-f4c4f0d5315e,FirstNumber=459,secondNumber=307}  written to file by thread pool-3-thread-1
 message  {Id=03fafbbe-5fff-4bd3-aad7-8cc1c1e6c5da,FirstNumber=605,secondNumber=488}  added by thread pool-3-thread-6
 message  {Id=03fafbbe-5fff-4bd3-aad7-8cc1c1e6c5da,FirstNumber=605,secondNumber=488}  written to file by thread pool-3-thread-3
 message  {Id=619a918d-05e5-43e5-95f5-85ff62ca2f08,FirstNumber=472,secondNumber=1923}  added by thread pool-3-thread-6
 message  {Id=a53d1ef2-9a6e-4db6-8666-d230596c93ab,FirstNumber=842,secondNumber=76}  added by thread pool-3-thread-6
 message  {Id=619a918d-05e5-43e5-95f5-85ff62ca2f08,FirstNumber=472,secondNumber=1923}  written to file by thread pool-3-thread-5
 message  {Id=a53d1ef2-9a6e-4db6-8666-d230596c93ab,FirstNumber=842,secondNumber=76}  written to file by thread pool-3-thread-4
 message  {Id=e25b1cca-5e95-4e7b-bb79-530cdfcdf757,FirstNumber=862,secondNumber=992}  added by thread pool-3-thread-6
 message  {Id=e25b1cca-5e95-4e7b-bb79-530cdfcdf757,FirstNumber=862,secondNumber=992}  written to file by thread pool-3-thread-4
 message  {Id=7b163abd-2148-4b4f-ae6f-57f6196078c1,FirstNumber=274,secondNumber=26}  added by thread pool-3-thread-6
 message  {Id=7b163abd-2148-4b4f-ae6f-57f6196078c1,FirstNumber=274,secondNumber=26}  written to file by thread pool-3-thread-4
 message  {Id=cf1998bf-b887-4bfa-b3bc-0c7abcf3316a,FirstNumber=478,secondNumber=1522}  added by thread pool-3-thread-6
 message  {Id=cf1998bf-b887-4bfa-b3bc-0c7abcf3316a,FirstNumber=478,secondNumber=1522}  written to file by thread pool-3-thread-4
 message  {Id=599d8f33-4ced-47f8-af83-915831afdde8,FirstNumber=727,secondNumber=1735}  added by thread pool-3-thread-6
 message  {Id=599d8f33-4ced-47f8-af83-915831afdde8,FirstNumber=727,secondNumber=1735}  written to file by thread pool-3-thread-5
 message  {Id=3670a2f6-0d65-4d23-895a-42a137b598c4,FirstNumber=436,secondNumber=325}  added by thread pool-3-thread-6
 message  {Id=3670a2f6-0d65-4d23-895a-42a137b598c4,FirstNumber=436,secondNumber=325}  written to file by thread pool-3-thread-5
 message  {Id=78169273-e674-41ec-9554-1aa1486537fc,FirstNumber=163,secondNumber=304}  added by thread pool-3-thread-6
 message  {Id=08a8a148-301f-41b5-be21-553e37d203d9,FirstNumber=258,secondNumber=1717}  added by thread pool-3-thread-6
 message  {Id=78169273-e674-41ec-9554-1aa1486537fc,FirstNumber=163,secondNumber=304}  written to file by thread pool-3-thread-1
 message  {Id=08a8a148-301f-41b5-be21-553e37d203d9,FirstNumber=258,secondNumber=1717}  written to file by thread pool-3-thread-3
 message  {Id=baee6723-afbb-4b76-bc8e-b498160ae457,FirstNumber=81,secondNumber=704}  added by thread pool-3-thread-6
 message  {Id=baee6723-afbb-4b76-bc8e-b498160ae457,FirstNumber=81,secondNumber=704}  written to file by thread pool-3-thread-3
 message  {Id=438f0d48-0cd9-42d1-83e3-3ab15654ce01,FirstNumber=341,secondNumber=1032}  added by thread pool-3-thread-6
 message  {Id=438f0d48-0cd9-42d1-83e3-3ab15654ce01,FirstNumber=341,secondNumber=1032}  written to file by thread pool-3-thread-2
 message  {Id=9bc31799-7fab-4b61-93c7-bc04602e6fe4,FirstNumber=137,secondNumber=154}  added by thread pool-3-thread-6
 message  {Id=b282f1fb-0be1-4730-ae01-f15715ab5c30,FirstNumber=285,secondNumber=506}  added by thread pool-3-thread-6
 message  {Id=9bc31799-7fab-4b61-93c7-bc04602e6fe4,FirstNumber=137,secondNumber=154}  written to file by thread pool-3-thread-5
 message  {Id=b282f1fb-0be1-4730-ae01-f15715ab5c30,FirstNumber=285,secondNumber=506}  written to file by thread pool-3-thread-1
 message  {Id=795fe263-b249-4e11-aa51-0c34734068f2,FirstNumber=754,secondNumber=793}  added by thread pool-3-thread-6
 message  {Id=795fe263-b249-4e11-aa51-0c34734068f2,FirstNumber=754,secondNumber=793}  written to file by thread pool-3-thread-1
 message  {Id=2165b3a7-b1a7-4cee-9945-cb36c962ee3d,FirstNumber=534,secondNumber=1781}  added by thread pool-3-thread-6
 message  {Id=2165b3a7-b1a7-4cee-9945-cb36c962ee3d,FirstNumber=534,secondNumber=1781}  written to file by thread pool-3-thread-3
 message  {Id=4ef0a3e9-aba2-4de4-9813-456c8c653ded,FirstNumber=195,secondNumber=1812}  added by thread pool-3-thread-6
 message  {Id=4ef0a3e9-aba2-4de4-9813-456c8c653ded,FirstNumber=195,secondNumber=1812}  written to file by thread pool-3-thread-3
 message  {Id=5d738d93-7a96-47df-9742-89df6883c3b9,FirstNumber=994,secondNumber=1119}  added by thread pool-3-thread-6
 message  {Id=5d738d93-7a96-47df-9742-89df6883c3b9,FirstNumber=994,secondNumber=1119}  written to file by thread pool-3-thread-5
 message  {Id=60fc3dd4-974f-4e67-8f5f-18bb42e91d34,FirstNumber=214,secondNumber=1765}  added by thread pool-3-thread-6
 message  {Id=39da9ee1-ec09-4448-8a29-3c2077c22a1e,FirstNumber=580,secondNumber=1752}  added by thread pool-3-thread-6
 message  {Id=60fc3dd4-974f-4e67-8f5f-18bb42e91d34,FirstNumber=214,secondNumber=1765}  written to file by thread pool-3-thread-4
 message  {Id=39da9ee1-ec09-4448-8a29-3c2077c22a1e,FirstNumber=580,secondNumber=1752}  written to file by thread pool-3-thread-1
 message  {Id=8c23948b-0055-4aec-847f-34d586daaed4,FirstNumber=310,secondNumber=1885}  added by thread pool-3-thread-6
 message  {Id=8c23948b-0055-4aec-847f-34d586daaed4,FirstNumber=310,secondNumber=1885}  written to file by thread pool-3-thread-2
 message  {Id=68ef0faa-9f55-41ee-94fb-8c0aa77f982a,FirstNumber=790,secondNumber=1374}  added by thread pool-3-thread-6
 message  {Id=68ef0faa-9f55-41ee-94fb-8c0aa77f982a,FirstNumber=790,secondNumber=1374}  written to file by thread pool-3-thread-3
 message  {Id=1f09495c-0fac-4c3a-8127-a04f3b88fa2a,FirstNumber=395,secondNumber=566}  added by thread pool-3-thread-6
 message  {Id=64a2e973-ce97-4609-a3c7-cc49328aafa9,FirstNumber=860,secondNumber=541}  added by thread pool-3-thread-6
 message  {Id=1f09495c-0fac-4c3a-8127-a04f3b88fa2a,FirstNumber=395,secondNumber=566}  written to file by thread pool-3-thread-5
 message  {Id=64a2e973-ce97-4609-a3c7-cc49328aafa9,FirstNumber=860,secondNumber=541}  written to file by thread pool-3-thread-4
 message  {Id=80ba1039-d8bd-44c6-bc79-814a01460072,FirstNumber=145,secondNumber=1838}  added by thread pool-3-thread-6
 message  {Id=80ba1039-d8bd-44c6-bc79-814a01460072,FirstNumber=145,secondNumber=1838}  written to file by thread pool-3-thread-1
 message  {Id=b5834a5b-69f1-493b-844e-5dc0b6e5ec76,FirstNumber=513,secondNumber=514}  added by thread pool-3-thread-6
 message  {Id=b5834a5b-69f1-493b-844e-5dc0b6e5ec76,FirstNumber=513,secondNumber=514}  written to file by thread pool-3-thread-1
 message  {Id=200beeb7-c237-43e3-9051-5e0c19cee12a,FirstNumber=365,secondNumber=602}  added by thread pool-3-thread-6
 message  {Id=200beeb7-c237-43e3-9051-5e0c19cee12a,FirstNumber=365,secondNumber=602}  written to file by thread pool-3-thread-3
 message  {Id=0a68726f-21f1-4119-b551-9145f1e082fe,FirstNumber=621,secondNumber=273}  added by thread pool-3-thread-6
 message  {Id=0a68726f-21f1-4119-b551-9145f1e082fe,FirstNumber=621,secondNumber=273}  written to file by thread pool-3-thread-5
 message  {Id=e7eed413-52cb-4f8d-8b7d-d41dea2d15d9,FirstNumber=912,secondNumber=1854}  added by thread pool-3-thread-6
 message  {Id=e7eed413-52cb-4f8d-8b7d-d41dea2d15d9,FirstNumber=912,secondNumber=1854}  written to file by thread pool-3-thread-5
 message  {Id=7bca9bad-5360-4344-a5ab-0d067c0a88af,FirstNumber=375,secondNumber=741}  added by thread pool-3-thread-6
 message  {Id=7bca9bad-5360-4344-a5ab-0d067c0a88af,FirstNumber=375,secondNumber=741}  written to file by thread pool-3-thread-5
 message  {Id=67d8e044-222c-4fe7-84f2-495b592cede9,FirstNumber=702,secondNumber=1693}  added by thread pool-3-thread-6
 message  {Id=67d8e044-222c-4fe7-84f2-495b592cede9,FirstNumber=702,secondNumber=1693}  written to file by thread pool-3-thread-1
 message  {Id=d0544f75-84a2-4716-aa2e-2f4708dd4e12,FirstNumber=729,secondNumber=1448}  added by thread pool-3-thread-6
 message  {Id=d0544f75-84a2-4716-aa2e-2f4708dd4e12,FirstNumber=729,secondNumber=1448}  written to file by thread pool-3-thread-1
 message  {Id=4bf68133-7ccb-4c99-8c57-86fad7b90c57,FirstNumber=509,secondNumber=335}  added by thread pool-3-thread-6
 message  {Id=4bf68133-7ccb-4c99-8c57-86fad7b90c57,FirstNumber=509,secondNumber=335}  written to file by thread pool-3-thread-4
 message  {Id=b3e20f70-5339-4bc5-9750-bc0f2b0e7b42,FirstNumber=802,secondNumber=496}  added by thread pool-3-thread-6
 message  {Id=b3e20f70-5339-4bc5-9750-bc0f2b0e7b42,FirstNumber=802,secondNumber=496}  written to file by thread pool-3-thread-4
 message  {Id=74107b6a-d19a-4ecb-a49d-23e17fcc888b,FirstNumber=687,secondNumber=1995}  added by thread pool-3-thread-6
 message  {Id=74107b6a-d19a-4ecb-a49d-23e17fcc888b,FirstNumber=687,secondNumber=1995}  written to file by thread pool-3-thread-4
 message  {Id=5d67976d-fd68-4d6a-8566-2ec5d15e4e0b,FirstNumber=551,secondNumber=703}  added by thread pool-3-thread-6
 message  {Id=5d67976d-fd68-4d6a-8566-2ec5d15e4e0b,FirstNumber=551,secondNumber=703}  written to file by thread pool-3-thread-4
 message  {Id=32e83b59-f8d6-4bc7-a2fd-6c308fe86e1b,FirstNumber=10,secondNumber=804}  added by thread pool-3-thread-6
 message  {Id=32e83b59-f8d6-4bc7-a2fd-6c308fe86e1b,FirstNumber=10,secondNumber=804}  written to file by thread pool-3-thread-1
 message  {Id=c5b19f1b-b63f-4396-8887-0a807e898e5c,FirstNumber=107,secondNumber=1810}  added by thread pool-3-thread-6
 message  {Id=c5b19f1b-b63f-4396-8887-0a807e898e5c,FirstNumber=107,secondNumber=1810}  written to file by thread pool-3-thread-1
 message  {Id=6a870240-0591-4ed0-9bf5-4bbc9a7d1697,FirstNumber=217,secondNumber=1646}  added by thread pool-3-thread-6
 message  {Id=aae8c211-991e-47d8-8127-363fc5de6bcb,FirstNumber=794,secondNumber=312}  added by thread pool-3-thread-6
 message  {Id=6a870240-0591-4ed0-9bf5-4bbc9a7d1697,FirstNumber=217,secondNumber=1646}  written to file by thread pool-3-thread-5
 message  {Id=aae8c211-991e-47d8-8127-363fc5de6bcb,FirstNumber=794,secondNumber=312}  written to file by thread pool-3-thread-3
 message  {Id=4c1818af-f00f-46ef-b5a1-22d7d566f78e,FirstNumber=335,secondNumber=622}  added by thread pool-3-thread-6
 message  {Id=4c1818af-f00f-46ef-b5a1-22d7d566f78e,FirstNumber=335,secondNumber=622}  written to file by thread pool-3-thread-4
 message  {Id=c8be5096-6686-4410-9999-a9063ef94378,FirstNumber=286,secondNumber=1365}  added by thread pool-3-thread-6
 message  {Id=c8be5096-6686-4410-9999-a9063ef94378,FirstNumber=286,secondNumber=1365}  written to file by thread pool-3-thread-4
 message  {Id=31eef852-f2ac-4a58-a081-13611abcbe80,FirstNumber=410,secondNumber=944}  added by thread pool-3-thread-6
 message  {Id=31eef852-f2ac-4a58-a081-13611abcbe80,FirstNumber=410,secondNumber=944}  written to file by thread pool-3-thread-1
 message  {Id=ed566609-dd69-4d95-98d9-b4aea5dd05f9,FirstNumber=940,secondNumber=1149}  added by thread pool-3-thread-6
 message  {Id=ed566609-dd69-4d95-98d9-b4aea5dd05f9,FirstNumber=940,secondNumber=1149}  written to file by thread pool-3-thread-5
 message  {Id=66ed4e7b-37f7-4794-ac4a-0f4719e3841f,FirstNumber=389,secondNumber=88}  added by thread pool-3-thread-6
 message  {Id=66ed4e7b-37f7-4794-ac4a-0f4719e3841f,FirstNumber=389,secondNumber=88}  written to file by thread pool-3-thread-5
 message  {Id=b6be2053-8226-4824-a6ae-5e51fcd64452,FirstNumber=399,secondNumber=283}  added by thread pool-3-thread-6
 message  {Id=b6be2053-8226-4824-a6ae-5e51fcd64452,FirstNumber=399,secondNumber=283}  written to file by thread pool-3-thread-2
 message  {Id=54883efd-8c9b-473e-9e34-6ea319c25c4e,FirstNumber=629,secondNumber=395}  added by thread pool-3-thread-6
 message  {Id=54883efd-8c9b-473e-9e34-6ea319c25c4e,FirstNumber=629,secondNumber=395}  written to file by thread pool-3-thread-2
 message  {Id=4b42f2c6-c943-4b38-9649-6cd9dfe5f6ee,FirstNumber=417,secondNumber=1436}  added by thread pool-3-thread-6
 message  {Id=4b42f2c6-c943-4b38-9649-6cd9dfe5f6ee,FirstNumber=417,secondNumber=1436}  written to file by thread pool-3-thread-2
 message  {Id=67938d8d-5ffb-4371-b4ba-d85855c1aa4f,FirstNumber=293,secondNumber=818}  added by thread pool-3-thread-6
 message  {Id=29ba6923-c8bb-4dc0-8e80-9a32f394c1ed,FirstNumber=198,secondNumber=1900}  added by thread pool-3-thread-6
 message  {Id=67938d8d-5ffb-4371-b4ba-d85855c1aa4f,FirstNumber=293,secondNumber=818}  written to file by thread pool-3-thread-3
 message  {Id=29ba6923-c8bb-4dc0-8e80-9a32f394c1ed,FirstNumber=198,secondNumber=1900}  written to file by thread pool-3-thread-5
 message  {Id=273a91a8-7736-41f1-b623-eb25535ab969,FirstNumber=241,secondNumber=242}  added by thread pool-3-thread-6
 message  {Id=273a91a8-7736-41f1-b623-eb25535ab969,FirstNumber=241,secondNumber=242}  written to file by thread pool-3-thread-4
 message  {Id=381ec98a-5ba3-4d7e-80d8-5940563e2d5d,FirstNumber=791,secondNumber=1787}  added by thread pool-3-thread-6
 message  {Id=381ec98a-5ba3-4d7e-80d8-5940563e2d5d,FirstNumber=791,secondNumber=1787}  written to file by thread pool-3-thread-1
 message  {Id=12bc4f12-c7e5-4f82-8f8a-39abd8876930,FirstNumber=6,secondNumber=1515}  added by thread pool-3-thread-6
 message  {Id=12bc4f12-c7e5-4f82-8f8a-39abd8876930,FirstNumber=6,secondNumber=1515}  written to file by thread pool-3-thread-2
 message  {Id=6251f5df-6492-4841-aeda-96d835b5e25e,FirstNumber=323,secondNumber=787}  added by thread pool-3-thread-6
 message  {Id=6251f5df-6492-4841-aeda-96d835b5e25e,FirstNumber=323,secondNumber=787}  written to file by thread pool-3-thread-3
 message  {Id=26896b1d-371e-4e84-9bfa-f7c237555659,FirstNumber=904,secondNumber=756}  added by thread pool-3-thread-6
 message  {Id=26896b1d-371e-4e84-9bfa-f7c237555659,FirstNumber=904,secondNumber=756}  written to file by thread pool-3-thread-3
 message  {Id=3fdd55a1-01bc-45f4-99ac-12dc32c9b459,FirstNumber=912,secondNumber=1786}  added by thread pool-3-thread-6
 message  {Id=3fdd55a1-01bc-45f4-99ac-12dc32c9b459,FirstNumber=912,secondNumber=1786}  written to file by thread pool-3-thread-4
 message  {Id=6934e68f-031b-40b7-b6e7-cf8d4fd53a2c,FirstNumber=446,secondNumber=1765}  added by thread pool-3-thread-6
 message  {Id=6934e68f-031b-40b7-b6e7-cf8d4fd53a2c,FirstNumber=446,secondNumber=1765}  written to file by thread pool-3-thread-4
 message  {Id=ed6f3527-09c3-41d4-8ff6-f84874fdc70a,FirstNumber=575,secondNumber=1353}  added by thread pool-3-thread-6
 message  {Id=ed6f3527-09c3-41d4-8ff6-f84874fdc70a,FirstNumber=575,secondNumber=1353}  written to file by thread pool-3-thread-2
 message  {Id=201beede-1e6b-4495-949f-a0f66ed81ba3,FirstNumber=237,secondNumber=95}  added by thread pool-3-thread-6
 message  {Id=e0be7f08-afd4-46ca-8c84-70e77fc66cf4,FirstNumber=471,secondNumber=934}  added by thread pool-3-thread-6
 message  {Id=201beede-1e6b-4495-949f-a0f66ed81ba3,FirstNumber=237,secondNumber=95}  written to file by thread pool-3-thread-5
 message  {Id=e0be7f08-afd4-46ca-8c84-70e77fc66cf4,FirstNumber=471,secondNumber=934}  written to file by thread pool-3-thread-3
 message  {Id=356e0a6d-0186-414a-9f61-685e7c1ddbeb,FirstNumber=821,secondNumber=1457}  added by thread pool-3-thread-6
 message  {Id=356e0a6d-0186-414a-9f61-685e7c1ddbeb,FirstNumber=821,secondNumber=1457}  written to file by thread pool-3-thread-1
 message  {Id=5ec3bafd-801f-4a18-9147-c8c67c5d458d,FirstNumber=966,secondNumber=1319}  added by thread pool-3-thread-6
 message  {Id=5ec3bafd-801f-4a18-9147-c8c67c5d458d,FirstNumber=966,secondNumber=1319}  written to file by thread pool-3-thread-1
 message  {Id=f034031a-d543-479b-893f-c1222793bf70,FirstNumber=435,secondNumber=456}  added by thread pool-3-thread-6
 message  {Id=f034031a-d543-479b-893f-c1222793bf70,FirstNumber=435,secondNumber=456}  written to file by thread pool-3-thread-2
 message  {Id=769a2c18-8eff-43e5-b8b1-4a65f26ac151,FirstNumber=856,secondNumber=706}  added by thread pool-3-thread-6
 message  {Id=769a2c18-8eff-43e5-b8b1-4a65f26ac151,FirstNumber=856,secondNumber=706}  written to file by thread pool-3-thread-2
 message  {Id=2d72bd8b-1cef-4899-924e-4c23b34a9663,FirstNumber=902,secondNumber=188}  added by thread pool-3-thread-6
 message  {Id=2d72bd8b-1cef-4899-924e-4c23b34a9663,FirstNumber=902,secondNumber=188}  written to file by thread pool-3-thread-2
 message  {Id=9f1163a1-48c1-4021-91af-bf47426fa89c,FirstNumber=820,secondNumber=1644}  added by thread pool-3-thread-6
 message  {Id=9f1163a1-48c1-4021-91af-bf47426fa89c,FirstNumber=820,secondNumber=1644}  written to file by thread pool-3-thread-4
 message  {Id=55673ea1-ef21-44a4-9ef1-194d4f614422,FirstNumber=775,secondNumber=1576}  added by thread pool-3-thread-6
 message  {Id=55673ea1-ef21-44a4-9ef1-194d4f614422,FirstNumber=775,secondNumber=1576}  written to file by thread pool-3-thread-4
 message  {Id=5839be36-e354-446e-b9ca-52a715872fc3,FirstNumber=559,secondNumber=51}  added by thread pool-3-thread-6
 message  {Id=5839be36-e354-446e-b9ca-52a715872fc3,FirstNumber=559,secondNumber=51}  written to file by thread pool-3-thread-5
 message  {Id=6cce5f3c-0c0f-4e0e-85ed-2292fb932963,FirstNumber=576,secondNumber=1134}  added by thread pool-3-thread-6
 message  {Id=2a0c4b13-da2d-430b-b263-c0f6b7fd0779,FirstNumber=591,secondNumber=358}  added by thread pool-3-thread-6
 message  {Id=2a0c4b13-da2d-430b-b263-c0f6b7fd0779,FirstNumber=591,secondNumber=358}  written to file by thread pool-3-thread-5
 message  {Id=6cce5f3c-0c0f-4e0e-85ed-2292fb932963,FirstNumber=576,secondNumber=1134}  written to file by thread pool-3-thread-3
 message  {Id=b257a9ba-579f-4b41-9de2-dd7d57f8f50e,FirstNumber=635,secondNumber=442}  added by thread pool-3-thread-6
 message  {Id=b257a9ba-579f-4b41-9de2-dd7d57f8f50e,FirstNumber=635,secondNumber=442}  written to file by thread pool-3-thread-5
 message  {Id=e069950a-2934-4873-ad8f-c599e81393e1,FirstNumber=690,secondNumber=224}  added by thread pool-3-thread-6
 message  {Id=e069950a-2934-4873-ad8f-c599e81393e1,FirstNumber=690,secondNumber=224}  written to file by thread pool-3-thread-5
 message  {Id=c37a249c-ac34-4c90-bdd7-585f59419f12,FirstNumber=977,secondNumber=430}  added by thread pool-3-thread-6
 message  {Id=c37a249c-ac34-4c90-bdd7-585f59419f12,FirstNumber=977,secondNumber=430}  written to file by thread pool-3-thread-2
 message  {Id=7347033d-e698-425c-b70d-b6efb462da73,FirstNumber=899,secondNumber=1643}  added by thread pool-3-thread-6
 message  {Id=7347033d-e698-425c-b70d-b6efb462da73,FirstNumber=899,secondNumber=1643}  written to file by thread pool-3-thread-3
 message  {Id=e9d29584-5b4f-4ae3-b4c0-4c93e3b179eb,FirstNumber=494,secondNumber=788}  added by thread pool-3-thread-6
 message  {Id=e9d29584-5b4f-4ae3-b4c0-4c93e3b179eb,FirstNumber=494,secondNumber=788}  written to file by thread pool-3-thread-1
 message  {Id=e690f525-cd96-40b5-b2f7-982e7f35afcd,FirstNumber=299,secondNumber=345}  added by thread pool-3-thread-6
 message  {Id=e690f525-cd96-40b5-b2f7-982e7f35afcd,FirstNumber=299,secondNumber=345}  written to file by thread pool-3-thread-1
 message  {Id=88b41266-a6d3-4593-a93d-bd55baacd7f4,FirstNumber=211,secondNumber=85}  added by thread pool-3-thread-6
 message  {Id=88b41266-a6d3-4593-a93d-bd55baacd7f4,FirstNumber=211,secondNumber=85}  written to file by thread pool-3-thread-5
 message  {Id=ba2af9e1-b618-464f-a388-02f165efa91e,FirstNumber=286,secondNumber=1906}  added by thread pool-3-thread-6
 message  {Id=ba2af9e1-b618-464f-a388-02f165efa91e,FirstNumber=286,secondNumber=1906}  written to file by thread pool-3-thread-2
 message  {Id=680cd2c2-6f23-4acb-be56-08011dfcb324,FirstNumber=754,secondNumber=366}  added by thread pool-3-thread-6
 message  {Id=b050df24-ea01-4b22-ba0a-80b7a4528e3a,FirstNumber=522,secondNumber=1351}  added by thread pool-3-thread-6
 message  {Id=680cd2c2-6f23-4acb-be56-08011dfcb324,FirstNumber=754,secondNumber=366}  written to file by thread pool-3-thread-3
 message  {Id=b050df24-ea01-4b22-ba0a-80b7a4528e3a,FirstNumber=522,secondNumber=1351}  written to file by thread pool-3-thread-4
 message  {Id=5715a5be-1343-4eb3-bf0e-e371d100d77f,FirstNumber=455,secondNumber=1323}  added by thread pool-3-thread-6
 message  {Id=5715a5be-1343-4eb3-bf0e-e371d100d77f,FirstNumber=455,secondNumber=1323}  written to file by thread pool-3-thread-4
 message  {Id=88b74644-c03b-4290-8511-090498cd581d,FirstNumber=834,secondNumber=662}  added by thread pool-3-thread-6
 message  {Id=88b74644-c03b-4290-8511-090498cd581d,FirstNumber=834,secondNumber=662}  written to file by thread pool-3-thread-5
 message  {Id=2c48fbfb-2abd-426b-81ee-ed9d9a92be69,FirstNumber=937,secondNumber=1407}  added by thread pool-3-thread-6
 message  {Id=f8681862-6fff-4082-aa20-4f22a5a9cb30,FirstNumber=984,secondNumber=1300}  added by thread pool-3-thread-6
 message  {Id=2c48fbfb-2abd-426b-81ee-ed9d9a92be69,FirstNumber=937,secondNumber=1407}  written to file by thread pool-3-thread-2
 message  {Id=f8681862-6fff-4082-aa20-4f22a5a9cb30,FirstNumber=984,secondNumber=1300}  written to file by thread pool-3-thread-3
 message  {Id=8e19af4b-427e-44a9-9fba-d104b4379379,FirstNumber=322,secondNumber=774}  added by thread pool-3-thread-6
 message  {Id=8e19af4b-427e-44a9-9fba-d104b4379379,FirstNumber=322,secondNumber=774}  written to file by thread pool-3-thread-1
 message  {Id=a9e62203-eaa2-4d40-b96b-c17c7decfbc0,FirstNumber=668,secondNumber=1738}  added by thread pool-3-thread-6
 message  {Id=a9e62203-eaa2-4d40-b96b-c17c7decfbc0,FirstNumber=668,secondNumber=1738}  written to file by thread pool-3-thread-1
 message  {Id=d3aa7647-6dc3-4f23-8c42-f36cb05fb4b8,FirstNumber=30,secondNumber=173}  added by thread pool-3-thread-6
 message  {Id=d3aa7647-6dc3-4f23-8c42-f36cb05fb4b8,FirstNumber=30,secondNumber=173}  written to file by thread pool-3-thread-5
 message  {Id=ad6f41aa-9042-4fe1-b66f-eb4ccafdfdb0,FirstNumber=643,secondNumber=1170}  added by thread pool-3-thread-6
 message  {Id=ad6f41aa-9042-4fe1-b66f-eb4ccafdfdb0,FirstNumber=643,secondNumber=1170}  written to file by thread pool-3-thread-2
 message  {Id=c0815f8d-7eef-4378-b671-4a802dc97933,FirstNumber=995,secondNumber=365}  added by thread pool-3-thread-6
 message  {Id=66d36c2b-512a-45a6-ada3-1c878f50a23a,FirstNumber=312,secondNumber=742}  added by thread pool-3-thread-6
 message  {Id=c0815f8d-7eef-4378-b671-4a802dc97933,FirstNumber=995,secondNumber=365}  written to file by thread pool-3-thread-3
 message  {Id=66d36c2b-512a-45a6-ada3-1c878f50a23a,FirstNumber=312,secondNumber=742}  written to file by thread pool-3-thread-4
 message  {Id=7cb59cdf-1342-4688-939d-3236a7822b6a,FirstNumber=709,secondNumber=816}  added by thread pool-3-thread-6
 message  {Id=7cb59cdf-1342-4688-939d-3236a7822b6a,FirstNumber=709,secondNumber=816}  written to file by thread pool-3-thread-4
 message  {Id=c2927ed0-fb4c-4da4-a0e5-3ee2026de9ed,FirstNumber=625,secondNumber=1696}  added by thread pool-3-thread-6
 message  {Id=c2927ed0-fb4c-4da4-a0e5-3ee2026de9ed,FirstNumber=625,secondNumber=1696}  written to file by thread pool-3-thread-5
 message  {Id=c206bdc7-6d99-430d-8c82-d0798f4e37d7,FirstNumber=28,secondNumber=188}  added by thread pool-3-thread-6
 message  {Id=cbf711b1-4cd7-4a0b-9b14-edfc9a1518ef,FirstNumber=421,secondNumber=910}  added by thread pool-3-thread-6
 message  {Id=c206bdc7-6d99-430d-8c82-d0798f4e37d7,FirstNumber=28,secondNumber=188}  written to file by thread pool-3-thread-2
 message  {Id=cbf711b1-4cd7-4a0b-9b14-edfc9a1518ef,FirstNumber=421,secondNumber=910}  written to file by thread pool-3-thread-3
 message  {Id=d5806637-6497-4593-9912-917f72b39d94,FirstNumber=834,secondNumber=1609}  added by thread pool-3-thread-6
 message  {Id=d5806637-6497-4593-9912-917f72b39d94,FirstNumber=834,secondNumber=1609}  written to file by thread pool-3-thread-3
 message  {Id=fb1d566b-a10b-4f4f-b429-ce76050031f0,FirstNumber=182,secondNumber=1740}  added by thread pool-3-thread-6
 message  {Id=fb1d566b-a10b-4f4f-b429-ce76050031f0,FirstNumber=182,secondNumber=1740}  written to file by thread pool-3-thread-4
 message  {Id=373d5d99-f1c0-43a4-8987-b84b65cc501e,FirstNumber=71,secondNumber=1373}  added by thread pool-3-thread-6
 message  {Id=373d5d99-f1c0-43a4-8987-b84b65cc501e,FirstNumber=71,secondNumber=1373}  written to file by thread pool-3-thread-4
 message  {Id=7fb3c6c2-9ec4-49bc-83e6-b2b23494cd7b,FirstNumber=495,secondNumber=1880}  added by thread pool-3-thread-6
 message  {Id=7fb3c6c2-9ec4-49bc-83e6-b2b23494cd7b,FirstNumber=495,secondNumber=1880}  written to file by thread pool-3-thread-4
 message  {Id=fc4364c7-71f3-423d-b8e0-a231880f2fa0,FirstNumber=729,secondNumber=1505}  added by thread pool-3-thread-6
 message  {Id=985773b3-a457-4ca1-8333-fdcfdca84ec7,FirstNumber=678,secondNumber=588}  added by thread pool-3-thread-6
 message  {Id=fc4364c7-71f3-423d-b8e0-a231880f2fa0,FirstNumber=729,secondNumber=1505}  written to file by thread pool-3-thread-1
 message  {Id=985773b3-a457-4ca1-8333-fdcfdca84ec7,FirstNumber=678,secondNumber=588}  written to file by thread pool-3-thread-3
 message  {Id=0694c4fe-697d-4d65-b556-e139f653b4bf,FirstNumber=610,secondNumber=1286}  added by thread pool-3-thread-6
 message  {Id=0694c4fe-697d-4d65-b556-e139f653b4bf,FirstNumber=610,secondNumber=1286}  written to file by thread pool-3-thread-3
 message  {Id=64ffa7d1-fdf4-4988-bb77-3b2d44af8252,FirstNumber=589,secondNumber=982}  added by thread pool-3-thread-6
 message  {Id=64ffa7d1-fdf4-4988-bb77-3b2d44af8252,FirstNumber=589,secondNumber=982}  written to file by thread pool-3-thread-3
 message  {Id=63cd0deb-47f4-47f1-a3c4-af32ac05564b,FirstNumber=275,secondNumber=388}  added by thread pool-3-thread-6
 message  {Id=63cd0deb-47f4-47f1-a3c4-af32ac05564b,FirstNumber=275,secondNumber=388}  written to file by thread pool-3-thread-4
 message  {Id=d17ffc58-65e6-4a90-9ceb-d01c864de631,FirstNumber=806,secondNumber=188}  added by thread pool-3-thread-6
 message  {Id=d17ffc58-65e6-4a90-9ceb-d01c864de631,FirstNumber=806,secondNumber=188}  written to file by thread pool-3-thread-4
 message  {Id=574a08e4-9b08-44a6-ba54-80431d6291a3,FirstNumber=637,secondNumber=1184}  added by thread pool-3-thread-6
 message  {Id=574a08e4-9b08-44a6-ba54-80431d6291a3,FirstNumber=637,secondNumber=1184}  written to file by thread pool-3-thread-5
 message  {Id=3d2263d3-7964-4017-820a-da4842f2f44c,FirstNumber=243,secondNumber=1973}  added by thread pool-3-thread-6
 message  {Id=3d2263d3-7964-4017-820a-da4842f2f44c,FirstNumber=243,secondNumber=1973}  written to file by thread pool-3-thread-2
 message  {Id=f0313dbe-d28d-4f52-91a7-a797897c2250,FirstNumber=437,secondNumber=1498}  added by thread pool-3-thread-6
 message  {Id=c763ec80-bcfd-4a9d-9ac9-4b70828fb23f,FirstNumber=695,secondNumber=1148}  added by thread pool-3-thread-6
 message  {Id=f0313dbe-d28d-4f52-91a7-a797897c2250,FirstNumber=437,secondNumber=1498}  written to file by thread pool-3-thread-3
 message  {Id=c763ec80-bcfd-4a9d-9ac9-4b70828fb23f,FirstNumber=695,secondNumber=1148}  written to file by thread pool-3-thread-1
 message  {Id=7d3bc31b-f325-43d8-896a-1be1d61f3e71,FirstNumber=748,secondNumber=1985}  added by thread pool-3-thread-6
 message  {Id=64311919-58a5-4042-82ee-53eea7f98660,FirstNumber=741,secondNumber=1293}  added by thread pool-3-thread-6
 message  {Id=7d3bc31b-f325-43d8-896a-1be1d61f3e71,FirstNumber=748,secondNumber=1985}  written to file by thread pool-3-thread-4
 message  {Id=64311919-58a5-4042-82ee-53eea7f98660,FirstNumber=741,secondNumber=1293}  written to file by thread pool-3-thread-5
 message  {Id=2bdf72f3-49ce-451a-9cbd-d10259bc58d2,FirstNumber=31,secondNumber=85}  added by thread pool-3-thread-6
 message  {Id=2bdf72f3-49ce-451a-9cbd-d10259bc58d2,FirstNumber=31,secondNumber=85}  written to file by thread pool-3-thread-5
 message  {Id=fe3aaa1b-b0c4-4e25-9062-63d2712893ac,FirstNumber=692,secondNumber=699}  added by thread pool-3-thread-6
 message  {Id=fe3aaa1b-b0c4-4e25-9062-63d2712893ac,FirstNumber=692,secondNumber=699}  written to file by thread pool-3-thread-3
 message  {Id=877f865c-aaaf-49fd-b07c-61f47296d4ff,FirstNumber=762,secondNumber=1188}  added by thread pool-3-thread-6
 message  {Id=877f865c-aaaf-49fd-b07c-61f47296d4ff,FirstNumber=762,secondNumber=1188}  written to file by thread pool-3-thread-1
 message  {Id=12b19fc5-da8f-49a5-b29b-9b72a1fe2648,FirstNumber=822,secondNumber=1909}  added by thread pool-3-thread-6
 message  {Id=12b19fc5-da8f-49a5-b29b-9b72a1fe2648,FirstNumber=822,secondNumber=1909}  written to file by thread pool-3-thread-4
 message  {Id=acca6950-1910-4f2d-bdd3-7dfd5906f055,FirstNumber=696,secondNumber=353}  added by thread pool-3-thread-6
 message  {Id=acca6950-1910-4f2d-bdd3-7dfd5906f055,FirstNumber=696,secondNumber=353}  written to file by thread pool-3-thread-4
 message  {Id=844a770e-b70c-4eef-a1c4-0c113afdbf98,FirstNumber=757,secondNumber=706}  added by thread pool-3-thread-6
 message  {Id=844a770e-b70c-4eef-a1c4-0c113afdbf98,FirstNumber=757,secondNumber=706}  written to file by thread pool-3-thread-4
 message  {Id=078ef82b-e110-4d56-b4a2-ef48515e0c0b,FirstNumber=981,secondNumber=1495}  added by thread pool-3-thread-6
 message  {Id=078ef82b-e110-4d56-b4a2-ef48515e0c0b,FirstNumber=981,secondNumber=1495}  written to file by thread pool-3-thread-3
 message  {Id=765b96e1-4628-49b6-a560-c4260ec63621,FirstNumber=207,secondNumber=1168}  added by thread pool-3-thread-6
 message  {Id=765b96e1-4628-49b6-a560-c4260ec63621,FirstNumber=207,secondNumber=1168}  written to file by thread pool-3-thread-1
 message  {Id=69066968-bcd9-4a46-b5be-5febaee6d95c,FirstNumber=425,secondNumber=1617}  added by thread pool-3-thread-6
 message  {Id=9050c266-494b-42ce-a5ec-7f5e94255f3a,FirstNumber=381,secondNumber=645}  added by thread pool-3-thread-6
 message  {Id=69066968-bcd9-4a46-b5be-5febaee6d95c,FirstNumber=425,secondNumber=1617}  written to file by thread pool-3-thread-2
 message  {Id=9050c266-494b-42ce-a5ec-7f5e94255f3a,FirstNumber=381,secondNumber=645}  written to file by thread pool-3-thread-5
 message  {Id=925fbc8c-36ab-4633-aedc-ffbcb05eb7c8,FirstNumber=307,secondNumber=302}  added by thread pool-3-thread-6
 message  {Id=925fbc8c-36ab-4633-aedc-ffbcb05eb7c8,FirstNumber=307,secondNumber=302}  written to file by thread pool-3-thread-5
 message  {Id=cc074c01-9acc-4433-b741-3c5dfd6aa221,FirstNumber=663,secondNumber=1858}  added by thread pool-3-thread-6
 message  {Id=cc074c01-9acc-4433-b741-3c5dfd6aa221,FirstNumber=663,secondNumber=1858}  written to file by thread pool-3-thread-3
 message  {Id=df6512ec-11cc-4b94-b003-a1efda6165f1,FirstNumber=817,secondNumber=1176}  added by thread pool-3-thread-6
 message  {Id=df6512ec-11cc-4b94-b003-a1efda6165f1,FirstNumber=817,secondNumber=1176}  written to file by thread pool-3-thread-3
 message  {Id=9dccfc43-fe5d-431f-a581-d35176fd89a6,FirstNumber=710,secondNumber=424}  added by thread pool-3-thread-6
 message  {Id=9dccfc43-fe5d-431f-a581-d35176fd89a6,FirstNumber=710,secondNumber=424}  written to file by thread pool-3-thread-2
 message  {Id=d9eca009-c935-47f5-9882-563d575c1df6,FirstNumber=165,secondNumber=721}  added by thread pool-3-thread-6
 message  {Id=d9eca009-c935-47f5-9882-563d575c1df6,FirstNumber=165,secondNumber=721}  written to file by thread pool-3-thread-2
 message  {Id=7915896e-46b6-4196-903a-b96949f71cb9,FirstNumber=668,secondNumber=641}  added by thread pool-3-thread-6
 message  {Id=7915896e-46b6-4196-903a-b96949f71cb9,FirstNumber=668,secondNumber=641}  written to file by thread pool-3-thread-5
 message  {Id=dffa8fe7-c3f4-4c9e-9c92-159c86d74802,FirstNumber=444,secondNumber=1253}  added by thread pool-3-thread-6
 message  {Id=dffa8fe7-c3f4-4c9e-9c92-159c86d74802,FirstNumber=444,secondNumber=1253}  written to file by thread pool-3-thread-1
 message  {Id=e36577a7-9a64-4168-b275-7d48307bed7a,FirstNumber=110,secondNumber=1424}  added by thread pool-3-thread-6
 message  {Id=e36577a7-9a64-4168-b275-7d48307bed7a,FirstNumber=110,secondNumber=1424}  written to file by thread pool-3-thread-3
 message  {Id=bf1d261f-5a05-4d5b-9a7f-963c93461799,FirstNumber=668,secondNumber=392}  added by thread pool-3-thread-6
 message  {Id=fa0da599-483a-42de-a6c8-cac29678501f,FirstNumber=274,secondNumber=463}  added by thread pool-3-thread-6
 message  {Id=bf1d261f-5a05-4d5b-9a7f-963c93461799,FirstNumber=668,secondNumber=392}  written to file by thread pool-3-thread-4
 message  {Id=fa0da599-483a-42de-a6c8-cac29678501f,FirstNumber=274,secondNumber=463}  written to file by thread pool-3-thread-3
 message  {Id=bacd0bb3-85fc-4e10-8594-64db87279946,FirstNumber=637,secondNumber=888}  added by thread pool-3-thread-6
 message  {Id=bacd0bb3-85fc-4e10-8594-64db87279946,FirstNumber=637,secondNumber=888}  written to file by thread pool-3-thread-5
 message  {Id=cd88d84b-6ad4-46d9-90a0-62f0dc8e77e3,FirstNumber=398,secondNumber=1999}  added by thread pool-3-thread-6
 message  {Id=cd88d84b-6ad4-46d9-90a0-62f0dc8e77e3,FirstNumber=398,secondNumber=1999}  written to file by thread pool-3-thread-1
 message  {Id=7ecfc770-a086-4241-8d29-c3b8c36fc43a,FirstNumber=337,secondNumber=1327}  added by thread pool-3-thread-6
 message  {Id=7ecfc770-a086-4241-8d29-c3b8c36fc43a,FirstNumber=337,secondNumber=1327}  written to file by thread pool-3-thread-2
 message  {Id=85491753-046c-4440-9938-46a7efbcdcc9,FirstNumber=471,secondNumber=1332}  added by thread pool-3-thread-6
 message  {Id=85491753-046c-4440-9938-46a7efbcdcc9,FirstNumber=471,secondNumber=1332}  written to file by thread pool-3-thread-4
 message  {Id=a475d61f-2e28-451b-8104-4e7ae773d9c7,FirstNumber=727,secondNumber=1296}  added by thread pool-3-thread-6
 message  {Id=a475d61f-2e28-451b-8104-4e7ae773d9c7,FirstNumber=727,secondNumber=1296}  written to file by thread pool-3-thread-3
 message  {Id=ba2d3bf5-db58-4f9c-bb3d-af1da2b49382,FirstNumber=630,secondNumber=848}  added by thread pool-3-thread-6
 message  {Id=ba2d3bf5-db58-4f9c-bb3d-af1da2b49382,FirstNumber=630,secondNumber=848}  written to file by thread pool-3-thread-5
 message  {Id=f9a9f025-f2a5-41f3-ad20-846ab3779b7e,FirstNumber=841,secondNumber=1880}  added by thread pool-3-thread-6
 message  {Id=f9a9f025-f2a5-41f3-ad20-846ab3779b7e,FirstNumber=841,secondNumber=1880}  written to file by thread pool-3-thread-5
 message  {Id=064d1742-d42e-407b-bc4f-89666ac73615,FirstNumber=571,secondNumber=668}  added by thread pool-3-thread-6
 message  {Id=064d1742-d42e-407b-bc4f-89666ac73615,FirstNumber=571,secondNumber=668}  written to file by thread pool-3-thread-2
 message  {Id=952e65b2-a409-4c7c-9610-02035a7ff801,FirstNumber=780,secondNumber=494}  added by thread pool-3-thread-6
 message  {Id=e64e7ad8-f933-4c5e-9523-2bdafb1eedbe,FirstNumber=915,secondNumber=73}  added by thread pool-3-thread-6
 message  {Id=952e65b2-a409-4c7c-9610-02035a7ff801,FirstNumber=780,secondNumber=494}  written to file by thread pool-3-thread-4
 message  {Id=e64e7ad8-f933-4c5e-9523-2bdafb1eedbe,FirstNumber=915,secondNumber=73}  written to file by thread pool-3-thread-3
 message  {Id=0125db66-2811-4be5-b9e9-3de89530e67c,FirstNumber=233,secondNumber=431}  added by thread pool-3-thread-6
 message  {Id=0125db66-2811-4be5-b9e9-3de89530e67c,FirstNumber=233,secondNumber=431}  written to file by thread pool-3-thread-3
 message  {Id=9218f229-e8d4-48fd-9c20-cd0928670249,FirstNumber=61,secondNumber=1332}  added by thread pool-3-thread-6
 message  {Id=9218f229-e8d4-48fd-9c20-cd0928670249,FirstNumber=61,secondNumber=1332}  written to file by thread pool-3-thread-5
 message  {Id=d826ac2a-5dd8-4cd7-9db7-f3b37d45c6ae,FirstNumber=504,secondNumber=550}  added by thread pool-3-thread-6
 message  {Id=d826ac2a-5dd8-4cd7-9db7-f3b37d45c6ae,FirstNumber=504,secondNumber=550}  written to file by thread pool-3-thread-5
 message  {Id=29f8d7fb-5013-4749-89f4-d15535322a35,FirstNumber=989,secondNumber=1520}  added by thread pool-3-thread-6
 message  {Id=29f8d7fb-5013-4749-89f4-d15535322a35,FirstNumber=989,secondNumber=1520}  written to file by thread pool-3-thread-4
 message  {Id=71da34d5-e81d-4546-9585-1ab02a33b234,FirstNumber=536,secondNumber=523}  added by thread pool-3-thread-6
 message  {Id=71da34d5-e81d-4546-9585-1ab02a33b234,FirstNumber=536,secondNumber=523}  written to file by thread pool-3-thread-4
 message  {Id=538c22ec-5483-4520-a8e9-edb45f5dd66b,FirstNumber=564,secondNumber=829}  added by thread pool-3-thread-6
 message  {Id=538c22ec-5483-4520-a8e9-edb45f5dd66b,FirstNumber=564,secondNumber=829}  written to file by thread pool-3-thread-3
 message  {Id=a203e47e-dc16-48ec-9a1e-7b329042ac11,FirstNumber=494,secondNumber=205}  added by thread pool-3-thread-6
 message  {Id=caeffb4c-58f4-43a3-bbdb-cc48f504d095,FirstNumber=758,secondNumber=360}  added by thread pool-3-thread-6
 message  {Id=b9826ff9-b248-4557-b765-c13356517b0a,FirstNumber=36,secondNumber=1481}  added by thread pool-3-thread-6
 message  {Id=56088d48-6fca-42f2-9575-feed74b72f85,FirstNumber=750,secondNumber=1807}  added by thread pool-3-thread-6
 message  {Id=1a63f6e8-7a41-417c-bcf3-f0562a52bd1a,FirstNumber=272,secondNumber=725}  added by thread pool-3-thread-6
 message  {Id=a203e47e-dc16-48ec-9a1e-7b329042ac11,FirstNumber=494,secondNumber=205}  written to file by thread pool-3-thread-2
 message  {Id=caeffb4c-58f4-43a3-bbdb-cc48f504d095,FirstNumber=758,secondNumber=360}  written to file by thread pool-3-thread-3
 message  {Id=b9826ff9-b248-4557-b765-c13356517b0a,FirstNumber=36,secondNumber=1481}  written to file by thread pool-3-thread-5
 message  {Id=cfd6994f-216a-4b00-9991-848b00f034d8,FirstNumber=550,secondNumber=1101}  added by thread pool-3-thread-6
 message  {Id=56088d48-6fca-42f2-9575-feed74b72f85,FirstNumber=750,secondNumber=1807}  written to file by thread pool-3-thread-1
 message  {Id=1a63f6e8-7a41-417c-bcf3-f0562a52bd1a,FirstNumber=272,secondNumber=725}  written to file by thread pool-3-thread-4
 message  {Id=cfd6994f-216a-4b00-9991-848b00f034d8,FirstNumber=550,secondNumber=1101}  written to file by thread pool-3-thread-3
 message  {Id=f0bbbd29-b9b3-46bf-93b2-84011409022a,FirstNumber=291,secondNumber=86}  added by thread pool-3-thread-6
 message  {Id=f0bbbd29-b9b3-46bf-93b2-84011409022a,FirstNumber=291,secondNumber=86}  written to file by thread pool-3-thread-3
 message  {Id=33be740e-da91-40b0-8307-15c783926a15,FirstNumber=897,secondNumber=752}  added by thread pool-3-thread-6
 message  {Id=33be740e-da91-40b0-8307-15c783926a15,FirstNumber=897,secondNumber=752}  written to file by thread pool-3-thread-5
 message  {Id=33bbded3-44e5-4000-b28d-3c7a3bd106a4,FirstNumber=97,secondNumber=1749}  added by thread pool-3-thread-6
 message  {Id=33bbded3-44e5-4000-b28d-3c7a3bd106a4,FirstNumber=97,secondNumber=1749}  written to file by thread pool-3-thread-1
 message  {Id=420d065e-4cc1-4340-b05c-ad000f54913a,FirstNumber=610,secondNumber=190}  added by thread pool-3-thread-6
 message  {Id=420d065e-4cc1-4340-b05c-ad000f54913a,FirstNumber=610,secondNumber=190}  written to file by thread pool-3-thread-1
 message  {Id=d08bc476-7891-4d78-8a86-0390b90848cf,FirstNumber=734,secondNumber=211}  added by thread pool-3-thread-6
 message  {Id=d08bc476-7891-4d78-8a86-0390b90848cf,FirstNumber=734,secondNumber=211}  written to file by thread pool-3-thread-2
 message  {Id=68e30db6-0550-4f72-9c96-2cd7d43eccb1,FirstNumber=844,secondNumber=1580}  added by thread pool-3-thread-6
 message  {Id=68e30db6-0550-4f72-9c96-2cd7d43eccb1,FirstNumber=844,secondNumber=1580}  written to file by thread pool-3-thread-3
 message  {Id=61c767bc-a079-427f-bf10-0bf22277ad1d,FirstNumber=431,secondNumber=29}  added by thread pool-3-thread-6
 message  {Id=61c767bc-a079-427f-bf10-0bf22277ad1d,FirstNumber=431,secondNumber=29}  written to file by thread pool-3-thread-3
 message  {Id=6ebf35f3-8e5a-411b-beff-1c48a18027c9,FirstNumber=573,secondNumber=1731}  added by thread pool-3-thread-6
 message  {Id=6ebf35f3-8e5a-411b-beff-1c48a18027c9,FirstNumber=573,secondNumber=1731}  written to file by thread pool-3-thread-4
 message  {Id=7a9edb81-fd1d-49ff-9d97-b9efb8a3d261,FirstNumber=247,secondNumber=1514}  added by thread pool-3-thread-6
 message  {Id=7a9edb81-fd1d-49ff-9d97-b9efb8a3d261,FirstNumber=247,secondNumber=1514}  written to file by thread pool-3-thread-1
 message  {Id=4917290d-2c0c-47ad-a563-205bcb16e6fb,FirstNumber=160,secondNumber=828}  added by thread pool-3-thread-6
 message  {Id=4917290d-2c0c-47ad-a563-205bcb16e6fb,FirstNumber=160,secondNumber=828}  written to file by thread pool-3-thread-2
 message  {Id=892b97aa-6123-4859-b56b-0a5484f24ab9,FirstNumber=693,secondNumber=1593}  added by thread pool-3-thread-6
 message  {Id=892b97aa-6123-4859-b56b-0a5484f24ab9,FirstNumber=693,secondNumber=1593}  written to file by thread pool-3-thread-2
 message  {Id=dddfe01c-8c36-4a7d-9413-b6b9370d6ff3,FirstNumber=453,secondNumber=379}  added by thread pool-3-thread-6
 message  {Id=dddfe01c-8c36-4a7d-9413-b6b9370d6ff3,FirstNumber=453,secondNumber=379}  written to file by thread pool-3-thread-3
 message  {Id=8c77a51b-c650-470f-99ca-6a471939291c,FirstNumber=756,secondNumber=1118}  added by thread pool-3-thread-6
 message  {Id=8c77a51b-c650-470f-99ca-6a471939291c,FirstNumber=756,secondNumber=1118}  written to file by thread pool-3-thread-3
 message  {Id=a80f3f93-2f52-47a5-bac4-b0b7e6178637,FirstNumber=526,secondNumber=237}  added by thread pool-3-thread-6
 message  {Id=a80f3f93-2f52-47a5-bac4-b0b7e6178637,FirstNumber=526,secondNumber=237}  written to file by thread pool-3-thread-1
 message  {Id=46ceea15-d93f-4cbd-a162-27aee00e3d2c,FirstNumber=61,secondNumber=885}  added by thread pool-3-thread-6
 message  {Id=46ceea15-d93f-4cbd-a162-27aee00e3d2c,FirstNumber=61,secondNumber=885}  written to file by thread pool-3-thread-5
 message  {Id=d8c5de39-6b2d-429c-91e5-d3cca334601b,FirstNumber=485,secondNumber=771}  added by thread pool-3-thread-6
 message  {Id=d8c5de39-6b2d-429c-91e5-d3cca334601b,FirstNumber=485,secondNumber=771}  written to file by thread pool-3-thread-2
 message  {Id=a12a6653-7403-4703-b444-0f2e87c49ed8,FirstNumber=662,secondNumber=1059}  added by thread pool-3-thread-6
 message  {Id=c85bb247-bf9e-49ed-bd1a-ffb83fdc9914,FirstNumber=246,secondNumber=1342}  added by thread pool-3-thread-6
 message  {Id=a12a6653-7403-4703-b444-0f2e87c49ed8,FirstNumber=662,secondNumber=1059}  written to file by thread pool-3-thread-4
 message  {Id=c85bb247-bf9e-49ed-bd1a-ffb83fdc9914,FirstNumber=246,secondNumber=1342}  written to file by thread pool-3-thread-3
 message  {Id=c8532042-4277-4470-9722-19b98b974023,FirstNumber=747,secondNumber=1921}  added by thread pool-3-thread-6
 message  {Id=c8532042-4277-4470-9722-19b98b974023,FirstNumber=747,secondNumber=1921}  written to file by thread pool-3-thread-3
 message  {Id=574c3c26-0260-4273-94e3-75dd79e5ae11,FirstNumber=865,secondNumber=1343}  added by thread pool-3-thread-6
 message  {Id=574c3c26-0260-4273-94e3-75dd79e5ae11,FirstNumber=865,secondNumber=1343}  written to file by thread pool-3-thread-5
 message  {Id=e296683d-5a02-437b-b5b0-b98bc1e4d822,FirstNumber=458,secondNumber=1507}  added by thread pool-3-thread-6
 message  {Id=e296683d-5a02-437b-b5b0-b98bc1e4d822,FirstNumber=458,secondNumber=1507}  written to file by thread pool-3-thread-5
 message  {Id=b91b9adf-bed2-4103-8ec9-d1f0c19ddbf1,FirstNumber=695,secondNumber=532}  added by thread pool-3-thread-6
 message  {Id=b91b9adf-bed2-4103-8ec9-d1f0c19ddbf1,FirstNumber=695,secondNumber=532}  written to file by thread pool-3-thread-5
 message  {Id=b2ef1ee7-888a-4cc8-a260-98259a589ec9,FirstNumber=36,secondNumber=245}  added by thread pool-3-thread-6
 message  {Id=b2ef1ee7-888a-4cc8-a260-98259a589ec9,FirstNumber=36,secondNumber=245}  written to file by thread pool-3-thread-1
 message  {Id=750dff4b-0332-48d9-a769-b89cb62e3fd2,FirstNumber=136,secondNumber=694}  added by thread pool-3-thread-6
 message  {Id=750dff4b-0332-48d9-a769-b89cb62e3fd2,FirstNumber=136,secondNumber=694}  written to file by thread pool-3-thread-1
 message  {Id=dc11206b-fb2f-4e64-9feb-ecbf0c437404,FirstNumber=897,secondNumber=1783}  added by thread pool-3-thread-6
 message  {Id=c97b75a4-97b8-40d1-aa60-5174a2ac98c5,FirstNumber=878,secondNumber=1958}  added by thread pool-3-thread-6
 message  {Id=dc11206b-fb2f-4e64-9feb-ecbf0c437404,FirstNumber=897,secondNumber=1783}  written to file by thread pool-3-thread-2
 message  {Id=c97b75a4-97b8-40d1-aa60-5174a2ac98c5,FirstNumber=878,secondNumber=1958}  written to file by thread pool-3-thread-4
 message  {Id=16668180-47c4-46bd-ac7b-f431dd843ec4,FirstNumber=553,secondNumber=332}  added by thread pool-3-thread-6
 message  {Id=99d5f59c-fb74-4448-bd62-70180d71a32e,FirstNumber=464,secondNumber=473}  added by thread pool-3-thread-6
 message  {Id=16668180-47c4-46bd-ac7b-f431dd843ec4,FirstNumber=553,secondNumber=332}  written to file by thread pool-3-thread-5
 message  {Id=99d5f59c-fb74-4448-bd62-70180d71a32e,FirstNumber=464,secondNumber=473}  written to file by thread pool-3-thread-3
 message  {Id=2bbae020-95ac-4166-be78-562da4d964fa,FirstNumber=830,secondNumber=351}  added by thread pool-3-thread-6
 message  {Id=2bbae020-95ac-4166-be78-562da4d964fa,FirstNumber=830,secondNumber=351}  written to file by thread pool-3-thread-1
 message  {Id=6d8e4410-aa00-4eb0-9ced-b661723e3939,FirstNumber=806,secondNumber=1101}  added by thread pool-3-thread-6
 message  {Id=6d8e4410-aa00-4eb0-9ced-b661723e3939,FirstNumber=806,secondNumber=1101}  written to file by thread pool-3-thread-1
 message  {Id=f2111def-fe1b-432a-83b8-e8a171932ca3,FirstNumber=411,secondNumber=342}  added by thread pool-3-thread-6
 message  {Id=f2111def-fe1b-432a-83b8-e8a171932ca3,FirstNumber=411,secondNumber=342}  written to file by thread pool-3-thread-4
 message  {Id=c01a0f8e-1dd1-4dd5-af44-f33dcdc7d330,FirstNumber=192,secondNumber=1099}  added by thread pool-3-thread-6
 message  {Id=c01a0f8e-1dd1-4dd5-af44-f33dcdc7d330,FirstNumber=192,secondNumber=1099}  written to file by thread pool-3-thread-4
 message  {Id=6f709ab6-ce8c-4536-882f-e76255f9872a,FirstNumber=990,secondNumber=1841}  added by thread pool-3-thread-6
 message  {Id=6f709ab6-ce8c-4536-882f-e76255f9872a,FirstNumber=990,secondNumber=1841}  written to file by thread pool-3-thread-3
 message  {Id=326a1a50-d8d3-48de-85e8-2bcb6a7e82ea,FirstNumber=273,secondNumber=741}  added by thread pool-3-thread-6
 message  {Id=326a1a50-d8d3-48de-85e8-2bcb6a7e82ea,FirstNumber=273,secondNumber=741}  written to file by thread pool-3-thread-3
 message  {Id=9fc9ad88-e26f-4806-adc8-000a29f8cfb9,FirstNumber=302,secondNumber=1383}  added by thread pool-3-thread-6
 message  {Id=9fc9ad88-e26f-4806-adc8-000a29f8cfb9,FirstNumber=302,secondNumber=1383}  written to file by thread pool-3-thread-1
 message  {Id=0c49b109-ebe4-454b-89e5-1e5d3ea6baa5,FirstNumber=738,secondNumber=1875}  added by thread pool-3-thread-6
 message  {Id=0c49b109-ebe4-454b-89e5-1e5d3ea6baa5,FirstNumber=738,secondNumber=1875}  written to file by thread pool-3-thread-1
 message  {Id=fd7a59a3-da80-4207-b589-3f5221e5663d,FirstNumber=283,secondNumber=383}  added by thread pool-3-thread-6
 message  {Id=831b6a78-59ba-40e5-9c36-5ecd7565c06e,FirstNumber=152,secondNumber=552}  added by thread pool-3-thread-6
 message  {Id=fd7a59a3-da80-4207-b589-3f5221e5663d,FirstNumber=283,secondNumber=383}  written to file by thread pool-3-thread-4
 message  {Id=831b6a78-59ba-40e5-9c36-5ecd7565c06e,FirstNumber=152,secondNumber=552}  written to file by thread pool-3-thread-2
 message  {Id=138a6468-891b-4edc-934c-ccfcb8c7c92b,FirstNumber=933,secondNumber=1444}  added by thread pool-3-thread-6
 message  {Id=138a6468-891b-4edc-934c-ccfcb8c7c92b,FirstNumber=933,secondNumber=1444}  written to file by thread pool-3-thread-3
 message  {Id=2ef6c2e0-a2bb-4268-aedf-e9bcb3eb102b,FirstNumber=597,secondNumber=900}  added by thread pool-3-thread-6
 message  {Id=2ef6c2e0-a2bb-4268-aedf-e9bcb3eb102b,FirstNumber=597,secondNumber=900}  written to file by thread pool-3-thread-3
 message  {Id=d4f881d0-501f-4874-9de3-27f41ef248bc,FirstNumber=802,secondNumber=732}  added by thread pool-3-thread-6
 message  {Id=d4f881d0-501f-4874-9de3-27f41ef248bc,FirstNumber=802,secondNumber=732}  written to file by thread pool-3-thread-3
 message  {Id=75b3b036-e423-4ba8-82d4-c5e5009afdef,FirstNumber=575,secondNumber=797}  added by thread pool-3-thread-6
 message  {Id=75b3b036-e423-4ba8-82d4-c5e5009afdef,FirstNumber=575,secondNumber=797}  written to file by thread pool-3-thread-4
 message  {Id=01c4bc9d-5691-4219-989e-bded5a610708,FirstNumber=598,secondNumber=152}  added by thread pool-3-thread-6
 message  {Id=01c4bc9d-5691-4219-989e-bded5a610708,FirstNumber=598,secondNumber=152}  written to file by thread pool-3-thread-4
 message  {Id=10b15794-dd1c-41e4-86ff-86d18533bb86,FirstNumber=72,secondNumber=1823}  added by thread pool-3-thread-6
 message  {Id=10b15794-dd1c-41e4-86ff-86d18533bb86,FirstNumber=72,secondNumber=1823}  written to file by thread pool-3-thread-5
 message  {Id=8d17a6e3-aa84-4e69-91fe-379152e0974c,FirstNumber=505,secondNumber=1115}  added by thread pool-3-thread-6
 message  {Id=8d17a6e3-aa84-4e69-91fe-379152e0974c,FirstNumber=505,secondNumber=1115}  written to file by thread pool-3-thread-5
 message  {Id=7aabf05f-6417-43e2-9c2f-dfb300c6278c,FirstNumber=459,secondNumber=1634}  added by thread pool-3-thread-6
 message  {Id=7aabf05f-6417-43e2-9c2f-dfb300c6278c,FirstNumber=459,secondNumber=1634}  written to file by thread pool-3-thread-3
 message  {Id=bacb8d35-feed-41d0-9325-babee926d35d,FirstNumber=54,secondNumber=967}  added by thread pool-3-thread-6
 message  {Id=bacb8d35-feed-41d0-9325-babee926d35d,FirstNumber=54,secondNumber=967}  written to file by thread pool-3-thread-3
 message  {Id=52eaf18e-0734-4514-8860-d9e91cc8c5b8,FirstNumber=9,secondNumber=577}  added by thread pool-3-thread-6
 message  {Id=52eaf18e-0734-4514-8860-d9e91cc8c5b8,FirstNumber=9,secondNumber=577}  written to file by thread pool-3-thread-3
 message  {Id=1bbbcd1e-c118-495d-9fce-a2d6775f026e,FirstNumber=497,secondNumber=1887}  added by thread pool-3-thread-6
 message  {Id=1bbbcd1e-c118-495d-9fce-a2d6775f026e,FirstNumber=497,secondNumber=1887}  written to file by thread pool-3-thread-1
 message  {Id=dc741594-e412-4bc4-bd2d-2cbf46e7108c,FirstNumber=169,secondNumber=983}  added by thread pool-3-thread-6
 message  {Id=dc741594-e412-4bc4-bd2d-2cbf46e7108c,FirstNumber=169,secondNumber=983}  written to file by thread pool-3-thread-1
 message  {Id=00f8d2f9-3829-4635-bc61-1531c4cfdaf8,FirstNumber=27,secondNumber=1476}  added by thread pool-3-thread-6
 message  {Id=00f8d2f9-3829-4635-bc61-1531c4cfdaf8,FirstNumber=27,secondNumber=1476}  written to file by thread pool-3-thread-2
 message  {Id=c0c89690-6b05-4285-a40c-ccb60a32cc82,FirstNumber=813,secondNumber=820}  added by thread pool-3-thread-6
 message  {Id=5e466b74-3df2-4453-b879-ef27a8f2448f,FirstNumber=616,secondNumber=1139}  added by thread pool-3-thread-6
 message  {Id=c0c89690-6b05-4285-a40c-ccb60a32cc82,FirstNumber=813,secondNumber=820}  written to file by thread pool-3-thread-4
 message  {Id=5e466b74-3df2-4453-b879-ef27a8f2448f,FirstNumber=616,secondNumber=1139}  written to file by thread pool-3-thread-3
 message  {Id=5be11685-62c9-4d8b-83d9-fb964864d928,FirstNumber=539,secondNumber=490}  added by thread pool-3-thread-6
 message  {Id=5be11685-62c9-4d8b-83d9-fb964864d928,FirstNumber=539,secondNumber=490}  written to file by thread pool-3-thread-3
 message  {Id=557d694c-2ef9-4267-8d39-ea6c6ac80d32,FirstNumber=111,secondNumber=925}  added by thread pool-3-thread-6
 message  {Id=557d694c-2ef9-4267-8d39-ea6c6ac80d32,FirstNumber=111,secondNumber=925}  written to file by thread pool-3-thread-3
 message  {Id=d54a7a21-6614-4fc1-8e87-82017a077209,FirstNumber=302,secondNumber=1496}  added by thread pool-3-thread-6
 message  {Id=d54a7a21-6614-4fc1-8e87-82017a077209,FirstNumber=302,secondNumber=1496}  written to file by thread pool-3-thread-2
 message  {Id=3a1ad8e2-235b-44c7-b275-0445bea4b479,FirstNumber=764,secondNumber=396}  added by thread pool-3-thread-6
 message  {Id=3a1ad8e2-235b-44c7-b275-0445bea4b479,FirstNumber=764,secondNumber=396}  written to file by thread pool-3-thread-2
 message  {Id=b32e8559-18c6-446c-ad68-53a5800efca0,FirstNumber=842,secondNumber=1438}  added by thread pool-3-thread-6
 message  {Id=b32e8559-18c6-446c-ad68-53a5800efca0,FirstNumber=842,secondNumber=1438}  written to file by thread pool-3-thread-5
 message  {Id=faf87591-b7e0-4363-83b5-d57a0a6f1080,FirstNumber=160,secondNumber=537}  added by thread pool-3-thread-6
 message  {Id=faf87591-b7e0-4363-83b5-d57a0a6f1080,FirstNumber=160,secondNumber=537}  written to file by thread pool-3-thread-5
 message  {Id=89e583b4-bcd9-4381-88ed-ad0f619aae34,FirstNumber=783,secondNumber=1217}  added by thread pool-3-thread-6
 message  {Id=89e583b4-bcd9-4381-88ed-ad0f619aae34,FirstNumber=783,secondNumber=1217}  written to file by thread pool-3-thread-3
 message  {Id=ca62942b-50b1-49a1-918e-c5fc62df37ae,FirstNumber=106,secondNumber=502}  added by thread pool-3-thread-6
 message  {Id=4108f005-6e30-4850-aa1b-85f208cc3a79,FirstNumber=336,secondNumber=222}  added by thread pool-3-thread-6
 message  {Id=ca62942b-50b1-49a1-918e-c5fc62df37ae,FirstNumber=106,secondNumber=502}  written to file by thread pool-3-thread-4
 message  {Id=e14cd672-5c63-4340-a03b-047b50b26a3e,FirstNumber=152,secondNumber=852}  added by thread pool-3-thread-6
 message  {Id=4108f005-6e30-4850-aa1b-85f208cc3a79,FirstNumber=336,secondNumber=222}  written to file by thread pool-3-thread-2
 message  {Id=e14cd672-5c63-4340-a03b-047b50b26a3e,FirstNumber=152,secondNumber=852}  written to file by thread pool-3-thread-1
 message  {Id=bf989bfc-bc8f-4837-be15-4c14a4f6be19,FirstNumber=898,secondNumber=1865}  added by thread pool-3-thread-6
 message  {Id=bf989bfc-bc8f-4837-be15-4c14a4f6be19,FirstNumber=898,secondNumber=1865}  written to file by thread pool-3-thread-1
 message  {Id=a24581fe-c63f-4f42-b066-4e7036a636a9,FirstNumber=620,secondNumber=1060}  added by thread pool-3-thread-6
 message  {Id=a24581fe-c63f-4f42-b066-4e7036a636a9,FirstNumber=620,secondNumber=1060}  written to file by thread pool-3-thread-3
 message  {Id=49792899-93e3-4754-a24f-4a0ca48cf057,FirstNumber=323,secondNumber=110}  added by thread pool-3-thread-6
 message  {Id=49792899-93e3-4754-a24f-4a0ca48cf057,FirstNumber=323,secondNumber=110}  written to file by thread pool-3-thread-3
 message  {Id=581d03ae-e6d9-42ce-835c-2f71af060a39,FirstNumber=981,secondNumber=524}  added by thread pool-3-thread-6
 message  {Id=0e42d6d1-c665-4d5d-bc6d-11212bd85473,FirstNumber=216,secondNumber=1040}  added by thread pool-3-thread-6
 message  {Id=581d03ae-e6d9-42ce-835c-2f71af060a39,FirstNumber=981,secondNumber=524}  written to file by thread pool-3-thread-2
 message  {Id=0e42d6d1-c665-4d5d-bc6d-11212bd85473,FirstNumber=216,secondNumber=1040}  written to file by thread pool-3-thread-5
 message  {Id=144fe4a2-2cf0-4805-a5ce-70f9e640a4e7,FirstNumber=155,secondNumber=1204}  added by thread pool-3-thread-6
 message  {Id=144fe4a2-2cf0-4805-a5ce-70f9e640a4e7,FirstNumber=155,secondNumber=1204}  written to file by thread pool-3-thread-5
 message  {Id=470651ea-e577-4c9f-9cb0-f0145e794fe1,FirstNumber=8,secondNumber=1934}  added by thread pool-3-thread-6
 message  {Id=470651ea-e577-4c9f-9cb0-f0145e794fe1,FirstNumber=8,secondNumber=1934}  written to file by thread pool-3-thread-4
 message  {Id=1fb0cc0a-2af8-49de-a6d1-45083e200223,FirstNumber=57,secondNumber=732}  added by thread pool-3-thread-6
 message  {Id=c19682c5-73fa-4130-af67-c1d077596af9,FirstNumber=567,secondNumber=1158}  added by thread pool-3-thread-6
 message  {Id=1fb0cc0a-2af8-49de-a6d1-45083e200223,FirstNumber=57,secondNumber=732}  written to file by thread pool-3-thread-3
 message  {Id=c19682c5-73fa-4130-af67-c1d077596af9,FirstNumber=567,secondNumber=1158}  written to file by thread pool-3-thread-2
 message  {Id=0de034b7-0cdd-4d3d-a74c-6a562f20b6ee,FirstNumber=972,secondNumber=826}  added by thread pool-3-thread-6
 message  {Id=0de034b7-0cdd-4d3d-a74c-6a562f20b6ee,FirstNumber=972,secondNumber=826}  written to file by thread pool-3-thread-1
 message  {Id=8716fa4e-1a9e-4c15-b828-c73313dc78d5,FirstNumber=875,secondNumber=1888}  added by thread pool-3-thread-6
 message  {Id=8716fa4e-1a9e-4c15-b828-c73313dc78d5,FirstNumber=875,secondNumber=1888}  written to file by thread pool-3-thread-1
 message  {Id=c3e3acf0-a37e-4b43-9a2a-11dcf3c5727a,FirstNumber=27,secondNumber=25}  added by thread pool-3-thread-6
 message  {Id=c3e3acf0-a37e-4b43-9a2a-11dcf3c5727a,FirstNumber=27,secondNumber=25}  written to file by thread pool-3-thread-4
 message  {Id=43917334-6e7b-4d15-9142-2e2436824c7c,FirstNumber=140,secondNumber=1018}  added by thread pool-3-thread-6
 message  {Id=43917334-6e7b-4d15-9142-2e2436824c7c,FirstNumber=140,secondNumber=1018}  written to file by thread pool-3-thread-3
 message  {Id=2cebb8cf-85b7-4a0e-acf8-ddb6dc64aacb,FirstNumber=171,secondNumber=364}  added by thread pool-3-thread-6
 message  {Id=76ede59f-5cd6-46b6-9684-77006d483575,FirstNumber=656,secondNumber=223}  added by thread pool-3-thread-6
 message  {Id=2cebb8cf-85b7-4a0e-acf8-ddb6dc64aacb,FirstNumber=171,secondNumber=364}  written to file by thread pool-3-thread-2
 message  {Id=76ede59f-5cd6-46b6-9684-77006d483575,FirstNumber=656,secondNumber=223}  written to file by thread pool-3-thread-5
 message  {Id=295712b0-be2b-4deb-bed6-1779c6fc420d,FirstNumber=468,secondNumber=1990}  added by thread pool-3-thread-6
 message  {Id=295712b0-be2b-4deb-bed6-1779c6fc420d,FirstNumber=468,secondNumber=1990}  written to file by thread pool-3-thread-5
 message  {Id=e3748619-2fa8-4f74-81d6-ad27618ecfe7,FirstNumber=388,secondNumber=831}  added by thread pool-3-thread-6
 message  {Id=e3748619-2fa8-4f74-81d6-ad27618ecfe7,FirstNumber=388,secondNumber=831}  written to file by thread pool-3-thread-4
 message  {Id=60957724-9c28-49b6-8a3e-ea915be52152,FirstNumber=371,secondNumber=1338}  added by thread pool-3-thread-6
 message  {Id=a12100c4-09f0-4c1e-82f3-2088587cfe34,FirstNumber=31,secondNumber=1370}  added by thread pool-3-thread-6
 message  {Id=60957724-9c28-49b6-8a3e-ea915be52152,FirstNumber=371,secondNumber=1338}  written to file by thread pool-3-thread-3
 message  {Id=a12100c4-09f0-4c1e-82f3-2088587cfe34,FirstNumber=31,secondNumber=1370}  written to file by thread pool-3-thread-2
 message  {Id=fe5e3383-fd00-4a16-9322-0ea7584e7ebc,FirstNumber=608,secondNumber=566}  added by thread pool-3-thread-6
 message  {Id=fe5e3383-fd00-4a16-9322-0ea7584e7ebc,FirstNumber=608,secondNumber=566}  written to file by thread pool-3-thread-1
 message  {Id=020f73ac-2a1b-472a-a883-d19f12f2ce84,FirstNumber=20,secondNumber=648}  added by thread pool-3-thread-6
 message  {Id=020f73ac-2a1b-472a-a883-d19f12f2ce84,FirstNumber=20,secondNumber=648}  written to file by thread pool-3-thread-1
 message  {Id=2a290983-5abf-4f68-b61e-2f9583b1d47b,FirstNumber=360,secondNumber=553}  added by thread pool-3-thread-6
 message  {Id=2a290983-5abf-4f68-b61e-2f9583b1d47b,FirstNumber=360,secondNumber=553}  written to file by thread pool-3-thread-4
 message  {Id=35f51390-cab3-4c16-b20c-e3f8198243bb,FirstNumber=142,secondNumber=168}  added by thread pool-3-thread-6
 message  {Id=35f51390-cab3-4c16-b20c-e3f8198243bb,FirstNumber=142,secondNumber=168}  written to file by thread pool-3-thread-3
 message  {Id=47b3f9b0-5a8a-4ee1-9443-86907cc983b0,FirstNumber=549,secondNumber=1972}  added by thread pool-3-thread-6
 message  {Id=0e346058-5635-47ce-b715-4a20640f62c1,FirstNumber=368,secondNumber=447}  added by thread pool-3-thread-6
 message  {Id=47b3f9b0-5a8a-4ee1-9443-86907cc983b0,FirstNumber=549,secondNumber=1972}  written to file by thread pool-3-thread-2
 message  {Id=0e346058-5635-47ce-b715-4a20640f62c1,FirstNumber=368,secondNumber=447}  written to file by thread pool-3-thread-5
 message  {Id=35c69c0f-2e21-40d8-b431-17afd265c9e4,FirstNumber=850,secondNumber=589}  added by thread pool-3-thread-6
 message  {Id=35c69c0f-2e21-40d8-b431-17afd265c9e4,FirstNumber=850,secondNumber=589}  written to file by thread pool-3-thread-5
 message  {Id=37775829-5441-4f3d-b313-684d9fb57876,FirstNumber=962,secondNumber=227}  added by thread pool-3-thread-6
 message  {Id=37775829-5441-4f3d-b313-684d9fb57876,FirstNumber=962,secondNumber=227}  written to file by thread pool-3-thread-4
 message  {Id=daae82a4-4cc9-4673-8bee-75b967a4cc1b,FirstNumber=513,secondNumber=203}  added by thread pool-3-thread-6
 message  {Id=7db420ee-a356-4c3d-9192-010db1855dd4,FirstNumber=411,secondNumber=586}  added by thread pool-3-thread-6
 message  {Id=daae82a4-4cc9-4673-8bee-75b967a4cc1b,FirstNumber=513,secondNumber=203}  written to file by thread pool-3-thread-3
 message  {Id=7db420ee-a356-4c3d-9192-010db1855dd4,FirstNumber=411,secondNumber=586}  written to file by thread pool-3-thread-2
 message  {Id=b57d0f57-91d9-4d2d-bd8e-15e43c87a787,FirstNumber=63,secondNumber=1273}  added by thread pool-3-thread-6
 message  {Id=b57d0f57-91d9-4d2d-bd8e-15e43c87a787,FirstNumber=63,secondNumber=1273}  written to file by thread pool-3-thread-1
 message  {Id=cc0e8f41-b1fd-425a-b4ed-467889ff5e4f,FirstNumber=37,secondNumber=234}  added by thread pool-3-thread-6
 message  {Id=cc0e8f41-b1fd-425a-b4ed-467889ff5e4f,FirstNumber=37,secondNumber=234}  written to file by thread pool-3-thread-1
 message  {Id=da4807ed-88a6-457b-8426-b8adfa75f3a8,FirstNumber=868,secondNumber=647}  added by thread pool-3-thread-6
 message  {Id=da4807ed-88a6-457b-8426-b8adfa75f3a8,FirstNumber=868,secondNumber=647}  written to file by thread pool-3-thread-4
 message  {Id=1fe1984e-0614-4b6b-9893-fd976db0a92a,FirstNumber=360,secondNumber=1378}  added by thread pool-3-thread-6
 message  {Id=1fe1984e-0614-4b6b-9893-fd976db0a92a,FirstNumber=360,secondNumber=1378}  written to file by thread pool-3-thread-3
 message  {Id=88b51c15-4bb3-4b7f-9b27-8ca0d714fcf4,FirstNumber=125,secondNumber=586}  added by thread pool-3-thread-6
 message  {Id=88b51c15-4bb3-4b7f-9b27-8ca0d714fcf4,FirstNumber=125,secondNumber=586}  written to file by thread pool-3-thread-3
 message  {Id=f6d33b1e-85be-40c4-baae-ca290efd475d,FirstNumber=943,secondNumber=1806}  added by thread pool-3-thread-6
 message  {Id=fbcb35c9-eaa5-4b40-bfe7-0b3512ed3d23,FirstNumber=942,secondNumber=606}  added by thread pool-3-thread-6
 message  {Id=f6d33b1e-85be-40c4-baae-ca290efd475d,FirstNumber=943,secondNumber=1806}  written to file by thread pool-3-thread-5
 message  {Id=fbcb35c9-eaa5-4b40-bfe7-0b3512ed3d23,FirstNumber=942,secondNumber=606}  written to file by thread pool-3-thread-1
 message  {Id=753535ca-cfac-4f47-a170-cba3fc07bbf0,FirstNumber=562,secondNumber=1268}  added by thread pool-3-thread-6
 message  {Id=753535ca-cfac-4f47-a170-cba3fc07bbf0,FirstNumber=562,secondNumber=1268}  written to file by thread pool-3-thread-1
 message  {Id=d004c878-415b-4939-8244-73f1f8457a2a,FirstNumber=756,secondNumber=1801}  added by thread pool-3-thread-6
 message  {Id=d004c878-415b-4939-8244-73f1f8457a2a,FirstNumber=756,secondNumber=1801}  written to file by thread pool-3-thread-2
 message  {Id=09e7efe3-d02a-41ac-9ade-117070d740be,FirstNumber=948,secondNumber=1615}  added by thread pool-3-thread-6
 message  {Id=09e7efe3-d02a-41ac-9ade-117070d740be,FirstNumber=948,secondNumber=1615}  written to file by thread pool-3-thread-3
 message  {Id=24121316-f09a-4b9d-8d3d-02b9ecf20c8f,FirstNumber=189,secondNumber=18}  added by thread pool-3-thread-6
 message  {Id=24121316-f09a-4b9d-8d3d-02b9ecf20c8f,FirstNumber=189,secondNumber=18}  written to file by thread pool-3-thread-3
 message  {Id=1474284a-5fe6-4137-b17f-af5b123de954,FirstNumber=884,secondNumber=1890}  added by thread pool-3-thread-6
 message  {Id=1474284a-5fe6-4137-b17f-af5b123de954,FirstNumber=884,secondNumber=1890}  written to file by thread pool-3-thread-4
 message  {Id=a5bb627f-0608-43e6-a249-09d945568710,FirstNumber=843,secondNumber=1544}  added by thread pool-3-thread-6
 message  {Id=a5bb627f-0608-43e6-a249-09d945568710,FirstNumber=843,secondNumber=1544}  written to file by thread pool-3-thread-1
 message  {Id=84140269-181c-4828-8e0a-df937676fe63,FirstNumber=245,secondNumber=1698}  added by thread pool-3-thread-6
 message  {Id=84140269-181c-4828-8e0a-df937676fe63,FirstNumber=245,secondNumber=1698}  written to file by thread pool-3-thread-1
 message  {Id=33e8abe6-e9f9-4cc6-8cc3-82a570dd6a50,FirstNumber=881,secondNumber=1888}  added by thread pool-3-thread-6
 message  {Id=01259cd6-50b0-4eda-a1de-49c2861e05e8,FirstNumber=325,secondNumber=1612}  added by thread pool-3-thread-6
 message  {Id=33e8abe6-e9f9-4cc6-8cc3-82a570dd6a50,FirstNumber=881,secondNumber=1888}  written to file by thread pool-3-thread-5
 message  {Id=01259cd6-50b0-4eda-a1de-49c2861e05e8,FirstNumber=325,secondNumber=1612}  written to file by thread pool-3-thread-3
 message  {Id=892e97d0-a79d-4016-ade3-ee78edf8946e,FirstNumber=145,secondNumber=335}  added by thread pool-3-thread-6
 message  {Id=892e97d0-a79d-4016-ade3-ee78edf8946e,FirstNumber=145,secondNumber=335}  written to file by thread pool-3-thread-4
 message  {Id=268dc73c-1370-4284-bb92-9bb7d4c9b8a8,FirstNumber=126,secondNumber=1757}  added by thread pool-3-thread-6
 message  {Id=268dc73c-1370-4284-bb92-9bb7d4c9b8a8,FirstNumber=126,secondNumber=1757}  written to file by thread pool-3-thread-4
 message  {Id=bedd2a9d-bc0d-40fc-bfd6-0d2b66e67f59,FirstNumber=556,secondNumber=1492}  added by thread pool-3-thread-6
 message  {Id=bedd2a9d-bc0d-40fc-bfd6-0d2b66e67f59,FirstNumber=556,secondNumber=1492}  written to file by thread pool-3-thread-1
 message  {Id=26ed1931-892d-4346-9fc5-168912204798,FirstNumber=575,secondNumber=1315}  added by thread pool-3-thread-6
 message  {Id=26ed1931-892d-4346-9fc5-168912204798,FirstNumber=575,secondNumber=1315}  written to file by thread pool-3-thread-5
 message  {Id=a285709c-c28d-42f3-907b-b4ab51b29433,FirstNumber=35,secondNumber=1487}  added by thread pool-3-thread-6
 message  {Id=a285709c-c28d-42f3-907b-b4ab51b29433,FirstNumber=35,secondNumber=1487}  written to file by thread pool-3-thread-5
 message  {Id=5dab0193-d9e5-4b41-866b-7fb861fccd66,FirstNumber=518,secondNumber=358}  added by thread pool-3-thread-6
 message  {Id=5dab0193-d9e5-4b41-866b-7fb861fccd66,FirstNumber=518,secondNumber=358}  written to file by thread pool-3-thread-2
 message  {Id=f82b22cf-271c-4243-a4c9-8d9b9fa12ad8,FirstNumber=638,secondNumber=579}  added by thread pool-3-thread-6
 message  {Id=f82b22cf-271c-4243-a4c9-8d9b9fa12ad8,FirstNumber=638,secondNumber=579}  written to file by thread pool-3-thread-2
 message  {Id=4c6ff685-1bf7-4c4f-9908-63ba54e270cc,FirstNumber=949,secondNumber=1831}  added by thread pool-3-thread-6
 message  {Id=4c6ff685-1bf7-4c4f-9908-63ba54e270cc,FirstNumber=949,secondNumber=1831}  written to file by thread pool-3-thread-2
 message  {Id=e72ed926-1792-41cb-a03e-5574f7a49637,FirstNumber=619,secondNumber=583}  added by thread pool-3-thread-6
 message  {Id=c0e11aee-5749-40e3-9112-643470502ce5,FirstNumber=755,secondNumber=877}  added by thread pool-3-thread-6
 message  {Id=e72ed926-1792-41cb-a03e-5574f7a49637,FirstNumber=619,secondNumber=583}  written to file by thread pool-3-thread-3
 message  {Id=c0e11aee-5749-40e3-9112-643470502ce5,FirstNumber=755,secondNumber=877}  written to file by thread pool-3-thread-5
 message  {Id=2e94079f-7783-4776-b648-84272b74188b,FirstNumber=163,secondNumber=585}  added by thread pool-3-thread-6
 message  {Id=2e94079f-7783-4776-b648-84272b74188b,FirstNumber=163,secondNumber=585}  written to file by thread pool-3-thread-4
 message  {Id=aaf8f475-de5d-4809-9731-0c5ce011109e,FirstNumber=74,secondNumber=185}  added by thread pool-3-thread-6
 message  {Id=aaf8f475-de5d-4809-9731-0c5ce011109e,FirstNumber=74,secondNumber=185}  written to file by thread pool-3-thread-1
 message  {Id=e079c697-80c4-420f-80c1-bfacc9850d1c,FirstNumber=433,secondNumber=185}  added by thread pool-3-thread-6
 message  {Id=e079c697-80c4-420f-80c1-bfacc9850d1c,FirstNumber=433,secondNumber=185}  written to file by thread pool-3-thread-2
 message  {Id=f2341849-a319-4e3d-b6ed-dcf0b12b0e02,FirstNumber=213,secondNumber=1608}  added by thread pool-3-thread-6
 message  {Id=f2341849-a319-4e3d-b6ed-dcf0b12b0e02,FirstNumber=213,secondNumber=1608}  written to file by thread pool-3-thread-3
 message  {Id=3b91b430-46e2-4f74-bd4a-9363f7da67de,FirstNumber=341,secondNumber=1421}  added by thread pool-3-thread-6
 message  {Id=3b91b430-46e2-4f74-bd4a-9363f7da67de,FirstNumber=341,secondNumber=1421}  written to file by thread pool-3-thread-3
 message  {Id=ad179fc0-299a-4dab-ae1f-834fc2782b10,FirstNumber=611,secondNumber=1680}  added by thread pool-3-thread-6
 message  {Id=ad179fc0-299a-4dab-ae1f-834fc2782b10,FirstNumber=611,secondNumber=1680}  written to file by thread pool-3-thread-4
 message  {Id=d47d1266-e474-426c-a715-12779d0dbd64,FirstNumber=734,secondNumber=1784}  added by thread pool-3-thread-6
 message  {Id=d47d1266-e474-426c-a715-12779d0dbd64,FirstNumber=734,secondNumber=1784}  written to file by thread pool-3-thread-1
 message  {Id=58e1ef27-5ab8-4ac5-aa49-9f8718505fe8,FirstNumber=103,secondNumber=1078}  added by thread pool-3-thread-6
 message  {Id=58e1ef27-5ab8-4ac5-aa49-9f8718505fe8,FirstNumber=103,secondNumber=1078}  written to file by thread pool-3-thread-1
 message  {Id=83b438f2-8209-4b0f-81b0-782a5f0fe334,FirstNumber=259,secondNumber=1256}  added by thread pool-3-thread-6
 message  {Id=72b52b92-9d6b-4d06-b2cd-87cc78d2b0f8,FirstNumber=61,secondNumber=372}  added by thread pool-3-thread-6
 message  {Id=83b438f2-8209-4b0f-81b0-782a5f0fe334,FirstNumber=259,secondNumber=1256}  written to file by thread pool-3-thread-5
 message  {Id=72b52b92-9d6b-4d06-b2cd-87cc78d2b0f8,FirstNumber=61,secondNumber=372}  written to file by thread pool-3-thread-3
 message  {Id=b59eb5a3-332c-4ad1-9f31-a7f200c82208,FirstNumber=861,secondNumber=126}  added by thread pool-3-thread-6
 message  {Id=b59eb5a3-332c-4ad1-9f31-a7f200c82208,FirstNumber=861,secondNumber=126}  written to file by thread pool-3-thread-4
 message  {Id=3d50630b-af74-4ba6-843a-427ea133965f,FirstNumber=928,secondNumber=643}  added by thread pool-3-thread-6
 message  {Id=3d50630b-af74-4ba6-843a-427ea133965f,FirstNumber=928,secondNumber=643}  written to file by thread pool-3-thread-4
 message  {Id=b4cd1100-dfdb-4a67-857f-6d37b2143ed7,FirstNumber=95,secondNumber=479}  added by thread pool-3-thread-6
 message  {Id=b4cd1100-dfdb-4a67-857f-6d37b2143ed7,FirstNumber=95,secondNumber=479}  written to file by thread pool-3-thread-4
 message  {Id=a6e9e718-7a14-418b-862a-37d0e5902b24,FirstNumber=854,secondNumber=102}  added by thread pool-3-thread-6
 message  {Id=a6e9e718-7a14-418b-862a-37d0e5902b24,FirstNumber=854,secondNumber=102}  written to file by thread pool-3-thread-5
 message  {Id=27b3c525-f656-47ed-a990-d37448ff53f6,FirstNumber=524,secondNumber=401}  added by thread pool-3-thread-6
 message  {Id=8f2186a7-9e5e-404e-96ba-62cbd8b72899,FirstNumber=431,secondNumber=839}  added by thread pool-3-thread-6
 message  {Id=27b3c525-f656-47ed-a990-d37448ff53f6,FirstNumber=524,secondNumber=401}  written to file by thread pool-3-thread-3
 message  {Id=8f2186a7-9e5e-404e-96ba-62cbd8b72899,FirstNumber=431,secondNumber=839}  written to file by thread pool-3-thread-2
 message  {Id=8c02d31b-1e36-4ab3-929c-5b34e89ecf33,FirstNumber=60,secondNumber=1696}  added by thread pool-3-thread-6
 message  {Id=8c02d31b-1e36-4ab3-929c-5b34e89ecf33,FirstNumber=60,secondNumber=1696}  written to file by thread pool-3-thread-2
 message  {Id=e0a16d27-a40f-4be5-9685-deca9d598572,FirstNumber=248,secondNumber=466}  added by thread pool-3-thread-6
 message  {Id=e0a16d27-a40f-4be5-9685-deca9d598572,FirstNumber=248,secondNumber=466}  written to file by thread pool-3-thread-4
 message  {Id=346fbb17-5864-498f-92ab-39b1385f74d4,FirstNumber=198,secondNumber=367}  added by thread pool-3-thread-6
 message  {Id=f38eb649-d861-43d4-b78b-a1d34ae4c17c,FirstNumber=972,secondNumber=1767}  added by thread pool-3-thread-6
 message  {Id=346fbb17-5864-498f-92ab-39b1385f74d4,FirstNumber=198,secondNumber=367}  written to file by thread pool-3-thread-5
 message  {Id=f38eb649-d861-43d4-b78b-a1d34ae4c17c,FirstNumber=972,secondNumber=1767}  written to file by thread pool-3-thread-3
 message  {Id=e2477351-4164-486d-84dc-68135e709e8f,FirstNumber=758,secondNumber=1322}  added by thread pool-3-thread-6
 message  {Id=e2477351-4164-486d-84dc-68135e709e8f,FirstNumber=758,secondNumber=1322}  written to file by thread pool-3-thread-1
 message  {Id=833e8e92-b9e9-405f-afec-82429be32c4d,FirstNumber=925,secondNumber=393}  added by thread pool-3-thread-6
 message  {Id=833e8e92-b9e9-405f-afec-82429be32c4d,FirstNumber=925,secondNumber=393}  written to file by thread pool-3-thread-1
 message  {Id=a9c3bbdf-51cd-4295-b8f6-073d9faf0f80,FirstNumber=288,secondNumber=1766}  added by thread pool-3-thread-6
 message  {Id=a9c3bbdf-51cd-4295-b8f6-073d9faf0f80,FirstNumber=288,secondNumber=1766}  written to file by thread pool-3-thread-4
 message  {Id=63ca0b5e-b7e3-41b6-9237-0f27b9ab09da,FirstNumber=756,secondNumber=658}  added by thread pool-3-thread-6
 message  {Id=63ca0b5e-b7e3-41b6-9237-0f27b9ab09da,FirstNumber=756,secondNumber=658}  written to file by thread pool-3-thread-4
 message  {Id=206028cc-0b59-4279-86a0-b34e47701323,FirstNumber=520,secondNumber=330}  added by thread pool-3-thread-6
 message  {Id=206028cc-0b59-4279-86a0-b34e47701323,FirstNumber=520,secondNumber=330}  written to file by thread pool-3-thread-3
 message  {Id=145e0a45-c28d-4bfa-b6eb-d2b0a37f5aad,FirstNumber=896,secondNumber=838}  added by thread pool-3-thread-6
 message  {Id=145e0a45-c28d-4bfa-b6eb-d2b0a37f5aad,FirstNumber=896,secondNumber=838}  written to file by thread pool-3-thread-3
 message  {Id=6c720a87-39ff-400e-a136-e18bbbe3dc74,FirstNumber=141,secondNumber=1543}  added by thread pool-3-thread-6
 message  {Id=e219d6c5-2c9c-4631-ad2b-c4343b1fbf2a,FirstNumber=466,secondNumber=1263}  added by thread pool-3-thread-6
 message  {Id=6c720a87-39ff-400e-a136-e18bbbe3dc74,FirstNumber=141,secondNumber=1543}  written to file by thread pool-3-thread-1
 message  {Id=e219d6c5-2c9c-4631-ad2b-c4343b1fbf2a,FirstNumber=466,secondNumber=1263}  written to file by thread pool-3-thread-5
 message  {Id=c12a4899-7bb3-4dcd-a024-1fc5c5008253,FirstNumber=135,secondNumber=197}  added by thread pool-3-thread-6
 message  {Id=c12a4899-7bb3-4dcd-a024-1fc5c5008253,FirstNumber=135,secondNumber=197}  written to file by thread pool-3-thread-5
 message  {Id=0daa734d-c7ec-48cf-9c1d-208e8824c47d,FirstNumber=785,secondNumber=249}  added by thread pool-3-thread-6
 message  {Id=0daa734d-c7ec-48cf-9c1d-208e8824c47d,FirstNumber=785,secondNumber=249}  written to file by thread pool-3-thread-5
 message  {Id=4319309b-11e4-4a07-aa1b-58cb5cfdb2c3,FirstNumber=474,secondNumber=1988}  added by thread pool-3-thread-6
 message  {Id=4319309b-11e4-4a07-aa1b-58cb5cfdb2c3,FirstNumber=474,secondNumber=1988}  written to file by thread pool-3-thread-3
 message  {Id=1e297785-23b9-4a33-b163-d1b689597214,FirstNumber=216,secondNumber=1563}  added by thread pool-3-thread-6
 message  {Id=1e297785-23b9-4a33-b163-d1b689597214,FirstNumber=216,secondNumber=1563}  written to file by thread pool-3-thread-1
 message  {Id=2fd9eb52-5012-44e9-8c9c-e9882354b57c,FirstNumber=723,secondNumber=1292}  added by thread pool-3-thread-6
 message  {Id=2fd9eb52-5012-44e9-8c9c-e9882354b57c,FirstNumber=723,secondNumber=1292}  written to file by thread pool-3-thread-4
 message  {Id=3d8647a9-7177-4807-8b8a-e04b95ac1b70,FirstNumber=425,secondNumber=456}  added by thread pool-3-thread-6
 message  {Id=3d8647a9-7177-4807-8b8a-e04b95ac1b70,FirstNumber=425,secondNumber=456}  written to file by thread pool-3-thread-4
 message  {Id=52516057-1937-402c-a867-44636a14032e,FirstNumber=878,secondNumber=1161}  added by thread pool-3-thread-6
 message  {Id=52516057-1937-402c-a867-44636a14032e,FirstNumber=878,secondNumber=1161}  written to file by thread pool-3-thread-4
 message  {Id=1bc9bcfd-a849-4fc5-8866-23caaf54f5c7,FirstNumber=25,secondNumber=1342}  added by thread pool-3-thread-6
 message  {Id=1bc9bcfd-a849-4fc5-8866-23caaf54f5c7,FirstNumber=25,secondNumber=1342}  written to file by thread pool-3-thread-4
 message  {Id=d3e2dcff-dd8b-44d3-a234-c3e528e89f9e,FirstNumber=95,secondNumber=1879}  added by thread pool-3-thread-6
 message  {Id=d3e2dcff-dd8b-44d3-a234-c3e528e89f9e,FirstNumber=95,secondNumber=1879}  written to file by thread pool-3-thread-1
 message  {Id=89fd29ca-ed76-4667-8cf7-7bc8f7070681,FirstNumber=697,secondNumber=1632}  added by thread pool-3-thread-6
 message  {Id=89fd29ca-ed76-4667-8cf7-7bc8f7070681,FirstNumber=697,secondNumber=1632}  written to file by thread pool-3-thread-1
 message  {Id=7bed0982-52fa-4a49-a6d1-31832316888d,FirstNumber=809,secondNumber=1793}  added by thread pool-3-thread-6
 message  {Id=6f23e6a8-f1ac-425d-92fd-279cb2d76a5e,FirstNumber=120,secondNumber=60}  added by thread pool-3-thread-6
 message  {Id=7bed0982-52fa-4a49-a6d1-31832316888d,FirstNumber=809,secondNumber=1793}  written to file by thread pool-3-thread-5
 message  {Id=6f23e6a8-f1ac-425d-92fd-279cb2d76a5e,FirstNumber=120,secondNumber=60}  written to file by thread pool-3-thread-3
 message  {Id=22857d77-6acf-48b1-a02a-89f0f7a301eb,FirstNumber=989,secondNumber=1202}  added by thread pool-3-thread-6
 message  {Id=22857d77-6acf-48b1-a02a-89f0f7a301eb,FirstNumber=989,secondNumber=1202}  written to file by thread pool-3-thread-4
 message  {Id=d32f3892-eb4f-4e7b-9cdc-00392784cfd7,FirstNumber=540,secondNumber=696}  added by thread pool-3-thread-6
 message  {Id=d32f3892-eb4f-4e7b-9cdc-00392784cfd7,FirstNumber=540,secondNumber=696}  written to file by thread pool-3-thread-4
 message  {Id=eaa9e27e-e535-4a23-8788-d92e8195de1a,FirstNumber=68,secondNumber=1987}  added by thread pool-3-thread-6
 message  {Id=eaa9e27e-e535-4a23-8788-d92e8195de1a,FirstNumber=68,secondNumber=1987}  written to file by thread pool-3-thread-1
 message  {Id=f136af54-007e-46a2-8add-01f0e3b92af7,FirstNumber=852,secondNumber=1164}  added by thread pool-3-thread-6
 message  {Id=f136af54-007e-46a2-8add-01f0e3b92af7,FirstNumber=852,secondNumber=1164}  written to file by thread pool-3-thread-5
 message  {Id=26be5686-1ff2-44d1-beb8-bd974a03bcae,FirstNumber=58,secondNumber=1546}  added by thread pool-3-thread-6
 message  {Id=753097dc-2a11-462a-9dea-3e9056ff83f7,FirstNumber=653,secondNumber=1225}  added by thread pool-3-thread-6
 message  {Id=26be5686-1ff2-44d1-beb8-bd974a03bcae,FirstNumber=58,secondNumber=1546}  written to file by thread pool-3-thread-5
 message  {Id=753097dc-2a11-462a-9dea-3e9056ff83f7,FirstNumber=653,secondNumber=1225}  written to file by thread pool-3-thread-2
 message  {Id=eff9fdc8-fac6-42fd-a1b8-9a35d22963f4,FirstNumber=522,secondNumber=1681}  added by thread pool-3-thread-6
 message  {Id=eff9fdc8-fac6-42fd-a1b8-9a35d22963f4,FirstNumber=522,secondNumber=1681}  written to file by thread pool-3-thread-2
 message  {Id=ef86d4b6-ac27-42b7-b70b-c2692e9d342f,FirstNumber=816,secondNumber=1284}  added by thread pool-3-thread-6
 message  {Id=ef86d4b6-ac27-42b7-b70b-c2692e9d342f,FirstNumber=816,secondNumber=1284}  written to file by thread pool-3-thread-2
 message  {Id=f1387f33-fe41-48ef-99a1-af5cb63bbf3f,FirstNumber=389,secondNumber=636}  added by thread pool-3-thread-6
 message  {Id=9852a350-27c2-4d8e-b3ce-09374d7fa934,FirstNumber=252,secondNumber=1371}  added by thread pool-3-thread-6
 message  {Id=f1387f33-fe41-48ef-99a1-af5cb63bbf3f,FirstNumber=389,secondNumber=636}  written to file by thread pool-3-thread-3
 message  {Id=9852a350-27c2-4d8e-b3ce-09374d7fa934,FirstNumber=252,secondNumber=1371}  written to file by thread pool-3-thread-5
 message  {Id=5240bd53-fdb1-4577-bace-4e8e67494137,FirstNumber=609,secondNumber=824}  added by thread pool-3-thread-6
 message  {Id=5240bd53-fdb1-4577-bace-4e8e67494137,FirstNumber=609,secondNumber=824}  written to file by thread pool-3-thread-4
 message  {Id=4953a33a-2081-412a-beed-d1e5dd3f5392,FirstNumber=779,secondNumber=1704}  added by thread pool-3-thread-6
 message  {Id=4953a33a-2081-412a-beed-d1e5dd3f5392,FirstNumber=779,secondNumber=1704}  written to file by thread pool-3-thread-1
 message  {Id=dc2c4f7c-9396-479a-a88b-cd076fd171fd,FirstNumber=924,secondNumber=1789}  added by thread pool-3-thread-6
 message  {Id=dc2c4f7c-9396-479a-a88b-cd076fd171fd,FirstNumber=924,secondNumber=1789}  written to file by thread pool-3-thread-2
 message  {Id=1954d802-d88d-4ca7-8d21-262cd749e9f3,FirstNumber=412,secondNumber=1450}  added by thread pool-3-thread-6
 message  {Id=1954d802-d88d-4ca7-8d21-262cd749e9f3,FirstNumber=412,secondNumber=1450}  written to file by thread pool-3-thread-3
 message  {Id=ec4856f1-bafd-43a7-b1e4-19fd79e7bdb1,FirstNumber=957,secondNumber=506}  added by thread pool-3-thread-6
 message  {Id=ec4856f1-bafd-43a7-b1e4-19fd79e7bdb1,FirstNumber=957,secondNumber=506}  written to file by thread pool-3-thread-3
 message  {Id=a8004a44-1d14-4ab5-8b65-d695dbe42a08,FirstNumber=220,secondNumber=852}  added by thread pool-3-thread-6
 message  {Id=a8004a44-1d14-4ab5-8b65-d695dbe42a08,FirstNumber=220,secondNumber=852}  written to file by thread pool-3-thread-4
 message  {Id=dc3b960d-7fbd-4727-9402-fccb8bd5e068,FirstNumber=970,secondNumber=177}  added by thread pool-3-thread-6
 message  {Id=dc3b960d-7fbd-4727-9402-fccb8bd5e068,FirstNumber=970,secondNumber=177}  written to file by thread pool-3-thread-4
 message  {Id=18e60ff8-f4df-417c-9819-c3e025c78320,FirstNumber=441,secondNumber=897}  added by thread pool-3-thread-6
 message  {Id=18e60ff8-f4df-417c-9819-c3e025c78320,FirstNumber=441,secondNumber=897}  written to file by thread pool-3-thread-2
 message  {Id=ce239366-29fd-4016-83dd-0823a7a00cd5,FirstNumber=821,secondNumber=1061}  added by thread pool-3-thread-6
 message  {Id=ce239366-29fd-4016-83dd-0823a7a00cd5,FirstNumber=821,secondNumber=1061}  written to file by thread pool-3-thread-2
 message  {Id=726527ab-4944-4545-9cfa-a9cfe3aec668,FirstNumber=492,secondNumber=871}  added by thread pool-3-thread-6
 message  {Id=726527ab-4944-4545-9cfa-a9cfe3aec668,FirstNumber=492,secondNumber=871}  written to file by thread pool-3-thread-2
 message  {Id=a3a60c3b-fa08-4542-b59a-b38bbb188cef,FirstNumber=975,secondNumber=1482}  added by thread pool-3-thread-6
 message  {Id=a3a60c3b-fa08-4542-b59a-b38bbb188cef,FirstNumber=975,secondNumber=1482}  written to file by thread pool-3-thread-1
 message  {Id=53b8172c-3a57-45f9-a152-c918ddfb991b,FirstNumber=306,secondNumber=1822}  added by thread pool-3-thread-6
 message  {Id=53b8172c-3a57-45f9-a152-c918ddfb991b,FirstNumber=306,secondNumber=1822}  written to file by thread pool-3-thread-1
 message  {Id=380bed47-3166-42a0-b31f-037735ecd0dc,FirstNumber=185,secondNumber=1182}  added by thread pool-3-thread-6
 message  {Id=380bed47-3166-42a0-b31f-037735ecd0dc,FirstNumber=185,secondNumber=1182}  written to file by thread pool-3-thread-5
 message  {Id=c89d37cb-a67f-4dd1-916e-56072dbff488,FirstNumber=322,secondNumber=1872}  added by thread pool-3-thread-6
 message  {Id=c89d37cb-a67f-4dd1-916e-56072dbff488,FirstNumber=322,secondNumber=1872}  written to file by thread pool-3-thread-3
 message  {Id=628116d6-2692-4154-a30e-70f6e23244d5,FirstNumber=738,secondNumber=1213}  added by thread pool-3-thread-6
 message  {Id=628116d6-2692-4154-a30e-70f6e23244d5,FirstNumber=738,secondNumber=1213}  written to file by thread pool-3-thread-2
 message  {Id=f4eaf368-a947-4192-a598-15b1ada7ca99,FirstNumber=786,secondNumber=1041}  added by thread pool-3-thread-6
 message  {Id=f4eaf368-a947-4192-a598-15b1ada7ca99,FirstNumber=786,secondNumber=1041}  written to file by thread pool-3-thread-2
 message  {Id=b26ccafe-18fd-49c6-afeb-66930e3d1bee,FirstNumber=584,secondNumber=1740}  added by thread pool-3-thread-6
 message  {Id=b26ccafe-18fd-49c6-afeb-66930e3d1bee,FirstNumber=584,secondNumber=1740}  written to file by thread pool-3-thread-1
 message  {Id=0eee29c0-d089-4aa1-a3b7-cd972f024f69,FirstNumber=488,secondNumber=710}  added by thread pool-3-thread-6
 message  {Id=0eee29c0-d089-4aa1-a3b7-cd972f024f69,FirstNumber=488,secondNumber=710}  written to file by thread pool-3-thread-5
 message  {Id=704e8aa0-af2b-44b2-86cd-7cb00500d2c2,FirstNumber=563,secondNumber=1329}  added by thread pool-3-thread-6
 message  {Id=a84b9583-e2e6-4562-a2e3-c47f29dabb0f,FirstNumber=163,secondNumber=882}  added by thread pool-3-thread-6
 message  {Id=704e8aa0-af2b-44b2-86cd-7cb00500d2c2,FirstNumber=563,secondNumber=1329}  written to file by thread pool-3-thread-3
 message  {Id=a84b9583-e2e6-4562-a2e3-c47f29dabb0f,FirstNumber=163,secondNumber=882}  written to file by thread pool-3-thread-4
 message  {Id=74024169-437f-4b75-89f7-f1b87e841b76,FirstNumber=361,secondNumber=1279}  added by thread pool-3-thread-6
 message  {Id=74024169-437f-4b75-89f7-f1b87e841b76,FirstNumber=361,secondNumber=1279}  written to file by thread pool-3-thread-4
 message  {Id=2ebeae75-8115-4dad-ae29-11bf8f6b2ed5,FirstNumber=221,secondNumber=830}  added by thread pool-3-thread-6
 message  {Id=2ebeae75-8115-4dad-ae29-11bf8f6b2ed5,FirstNumber=221,secondNumber=830}  written to file by thread pool-3-thread-4
 message  {Id=684d27a5-2091-49d6-88c2-8dbbdd4e8626,FirstNumber=634,secondNumber=524}  added by thread pool-3-thread-6
 message  {Id=684d27a5-2091-49d6-88c2-8dbbdd4e8626,FirstNumber=634,secondNumber=524}  written to file by thread pool-3-thread-5
 message  {Id=37cf20b8-5227-43d9-82b1-cb617ff9476a,FirstNumber=473,secondNumber=1637}  added by thread pool-3-thread-6
 message  {Id=37cf20b8-5227-43d9-82b1-cb617ff9476a,FirstNumber=473,secondNumber=1637}  written to file by thread pool-3-thread-3
 message  {Id=dafaf371-4196-49ef-a9b7-19d5d30f2467,FirstNumber=997,secondNumber=661}  added by thread pool-3-thread-6
 message  {Id=dafaf371-4196-49ef-a9b7-19d5d30f2467,FirstNumber=997,secondNumber=661}  written to file by thread pool-3-thread-2
 message  {Id=1b1c0b30-d49a-4bed-95c8-f450d731d437,FirstNumber=800,secondNumber=160}  added by thread pool-3-thread-6
 message  {Id=1b1c0b30-d49a-4bed-95c8-f450d731d437,FirstNumber=800,secondNumber=160}  written to file by thread pool-3-thread-1
 message  {Id=f9d1dd35-5180-49e0-a01b-4c7c041ae1ee,FirstNumber=745,secondNumber=709}  added by thread pool-3-thread-6
 message  {Id=f9d1dd35-5180-49e0-a01b-4c7c041ae1ee,FirstNumber=745,secondNumber=709}  written to file by thread pool-3-thread-4
 message  {Id=00185fbc-f3b4-41f0-b9d9-e398c7691aa4,FirstNumber=597,secondNumber=1862}  added by thread pool-3-thread-6
 message  {Id=00185fbc-f3b4-41f0-b9d9-e398c7691aa4,FirstNumber=597,secondNumber=1862}  written to file by thread pool-3-thread-5
 message  {Id=7b5e1fb1-fcb8-43fd-a4a9-d119d9db1695,FirstNumber=285,secondNumber=1215}  added by thread pool-3-thread-6
 message  {Id=c78e9c41-a4e8-44aa-bd66-ca3efdbe66c3,FirstNumber=485,secondNumber=220}  added by thread pool-3-thread-6
 message  {Id=7b5e1fb1-fcb8-43fd-a4a9-d119d9db1695,FirstNumber=285,secondNumber=1215}  written to file by thread pool-3-thread-3
 message  {Id=c78e9c41-a4e8-44aa-bd66-ca3efdbe66c3,FirstNumber=485,secondNumber=220}  written to file by thread pool-3-thread-2
 message  {Id=e0d69772-9025-4a53-b4a7-8db2ef8f9f31,FirstNumber=837,secondNumber=996}  added by thread pool-3-thread-6
 message  {Id=e0d69772-9025-4a53-b4a7-8db2ef8f9f31,FirstNumber=837,secondNumber=996}  written to file by thread pool-3-thread-2
 message  {Id=719912d3-48a5-4582-95d9-3c7063cd0496,FirstNumber=923,secondNumber=705}  added by thread pool-3-thread-6
 message  {Id=719912d3-48a5-4582-95d9-3c7063cd0496,FirstNumber=923,secondNumber=705}  written to file by thread pool-3-thread-4
 message  {Id=a101735c-a990-4160-a3ab-fcf5ac3b6d9d,FirstNumber=412,secondNumber=1613}  added by thread pool-3-thread-6
 message  {Id=a101735c-a990-4160-a3ab-fcf5ac3b6d9d,FirstNumber=412,secondNumber=1613}  written to file by thread pool-3-thread-4
 message  {Id=b1258074-a63f-485b-9b88-2ee63d3c518b,FirstNumber=363,secondNumber=1611}  added by thread pool-3-thread-6
 message  {Id=b1258074-a63f-485b-9b88-2ee63d3c518b,FirstNumber=363,secondNumber=1611}  written to file by thread pool-3-thread-3
 message  {Id=c9a4dbac-dd92-41cc-bfcc-8ed93c8191a7,FirstNumber=296,secondNumber=1645}  added by thread pool-3-thread-6
 message  {Id=c9a4dbac-dd92-41cc-bfcc-8ed93c8191a7,FirstNumber=296,secondNumber=1645}  written to file by thread pool-3-thread-3
 message  {Id=795ced17-d959-4126-994d-57d93af97ed7,FirstNumber=722,secondNumber=429}  added by thread pool-3-thread-6
 message  {Id=795ced17-d959-4126-994d-57d93af97ed7,FirstNumber=722,secondNumber=429}  written to file by thread pool-3-thread-2
 message  {Id=a4a51be4-5730-496a-834d-c9ba6145a89e,FirstNumber=719,secondNumber=276}  added by thread pool-3-thread-6
 message  {Id=73aace72-e3a2-4476-8fbb-5e42efaf7cec,FirstNumber=911,secondNumber=1185}  added by thread pool-3-thread-6
 message  {Id=a4a51be4-5730-496a-834d-c9ba6145a89e,FirstNumber=719,secondNumber=276}  written to file by thread pool-3-thread-5
 message  {Id=73aace72-e3a2-4476-8fbb-5e42efaf7cec,FirstNumber=911,secondNumber=1185}  written to file by thread pool-3-thread-4
 message  {Id=650bf8c7-c830-4703-93a3-28f135473824,FirstNumber=793,secondNumber=1217}  added by thread pool-3-thread-6
 message  {Id=cee9cdc8-db2b-43fb-a84a-69ceb8ada688,FirstNumber=286,secondNumber=813}  added by thread pool-3-thread-6
 message  {Id=650bf8c7-c830-4703-93a3-28f135473824,FirstNumber=793,secondNumber=1217}  written to file by thread pool-3-thread-1
 message  {Id=cee9cdc8-db2b-43fb-a84a-69ceb8ada688,FirstNumber=286,secondNumber=813}  written to file by thread pool-3-thread-3
 message  {Id=bca7a96b-0374-475d-ba86-f317616232c3,FirstNumber=639,secondNumber=560}  added by thread pool-3-thread-6
 message  {Id=bca7a96b-0374-475d-ba86-f317616232c3,FirstNumber=639,secondNumber=560}  written to file by thread pool-3-thread-3
 message  {Id=046ffd1a-dcea-4618-a924-a8883464d98d,FirstNumber=578,secondNumber=1773}  added by thread pool-3-thread-6
 message  {Id=046ffd1a-dcea-4618-a924-a8883464d98d,FirstNumber=578,secondNumber=1773}  written to file by thread pool-3-thread-5
 message  {Id=d022eece-1afb-42eb-a773-df1977e215dd,FirstNumber=867,secondNumber=1435}  added by thread pool-3-thread-6
 message  {Id=b8b128b0-cbf6-4030-b2c8-e7e04890d278,FirstNumber=712,secondNumber=1064}  added by thread pool-3-thread-6
 message  {Id=d022eece-1afb-42eb-a773-df1977e215dd,FirstNumber=867,secondNumber=1435}  written to file by thread pool-3-thread-4
 message  {Id=b8b128b0-cbf6-4030-b2c8-e7e04890d278,FirstNumber=712,secondNumber=1064}  written to file by thread pool-3-thread-1
 message  {Id=b077ce7e-df4a-4a9f-b5c7-63cc2c8c2e45,FirstNumber=735,secondNumber=1564}  added by thread pool-3-thread-6
 message  {Id=b077ce7e-df4a-4a9f-b5c7-63cc2c8c2e45,FirstNumber=735,secondNumber=1564}  written to file by thread pool-3-thread-1
 message  {Id=c78b936f-5a0b-440b-b546-464c65c2e05c,FirstNumber=776,secondNumber=1718}  added by thread pool-3-thread-6
 message  {Id=c78b936f-5a0b-440b-b546-464c65c2e05c,FirstNumber=776,secondNumber=1718}  written to file by thread pool-3-thread-3
 message  {Id=8f0de489-bcf8-4b24-bad8-901048619cd1,FirstNumber=0,secondNumber=1646}  added by thread pool-3-thread-6
 message  {Id=8f0de489-bcf8-4b24-bad8-901048619cd1,FirstNumber=0,secondNumber=1646}  written to file by thread pool-3-thread-3
 message  {Id=aa048777-92d4-4e07-b4d2-73941334eff2,FirstNumber=957,secondNumber=1643}  added by thread pool-3-thread-6
 message  {Id=aa048777-92d4-4e07-b4d2-73941334eff2,FirstNumber=957,secondNumber=1643}  written to file by thread pool-3-thread-3
 message  {Id=467d5a76-ede3-425e-a671-8c0c7e641368,FirstNumber=755,secondNumber=1431}  added by thread pool-3-thread-6
 message  {Id=ee2dc716-d32a-4edc-8996-b9269cc713c9,FirstNumber=238,secondNumber=1017}  added by thread pool-3-thread-6
 message  {Id=467d5a76-ede3-425e-a671-8c0c7e641368,FirstNumber=755,secondNumber=1431}  written to file by thread pool-3-thread-2
 message  {Id=ee2dc716-d32a-4edc-8996-b9269cc713c9,FirstNumber=238,secondNumber=1017}  written to file by thread pool-3-thread-1
 message  {Id=eca510f6-364a-4727-8995-d15c3f22fb9f,FirstNumber=97,secondNumber=1504}  added by thread pool-3-thread-6
 message  {Id=eca510f6-364a-4727-8995-d15c3f22fb9f,FirstNumber=97,secondNumber=1504}  written to file by thread pool-3-thread-5
 message  {Id=93f377d0-cf10-40b6-be1e-c7d8d30ff476,FirstNumber=439,secondNumber=1585}  added by thread pool-3-thread-6
 message  {Id=93f377d0-cf10-40b6-be1e-c7d8d30ff476,FirstNumber=439,secondNumber=1585}  written to file by thread pool-3-thread-4
 message  {Id=2fab746c-b6b8-4f2f-a8be-f2787eef860a,FirstNumber=170,secondNumber=805}  added by thread pool-3-thread-6
 message  {Id=2fab746c-b6b8-4f2f-a8be-f2787eef860a,FirstNumber=170,secondNumber=805}  written to file by thread pool-3-thread-4
 message  {Id=7c211590-c3bf-4bc6-ba37-9f9a060e8dc7,FirstNumber=441,secondNumber=715}  added by thread pool-3-thread-6
 message  {Id=7c211590-c3bf-4bc6-ba37-9f9a060e8dc7,FirstNumber=441,secondNumber=715}  written to file by thread pool-3-thread-2
 message  {Id=d49a764c-2e28-4e52-9ef8-f4f4c9a05531,FirstNumber=991,secondNumber=1926}  added by thread pool-3-thread-6
 message  {Id=d49a764c-2e28-4e52-9ef8-f4f4c9a05531,FirstNumber=991,secondNumber=1926}  written to file by thread pool-3-thread-2
 message  {Id=b097c898-ac52-4ca8-99ba-9011e774c861,FirstNumber=633,secondNumber=1564}  added by thread pool-3-thread-6
 message  {Id=b097c898-ac52-4ca8-99ba-9011e774c861,FirstNumber=633,secondNumber=1564}  written to file by thread pool-3-thread-2
 message  {Id=69c1251a-315c-4f87-9117-fa88d9c46032,FirstNumber=906,secondNumber=543}  added by thread pool-3-thread-6
 message  {Id=69c1251a-315c-4f87-9117-fa88d9c46032,FirstNumber=906,secondNumber=543}  written to file by thread pool-3-thread-3
 message  {Id=14ecdcb6-3cc2-4d2c-8006-2653ef7ad74b,FirstNumber=705,secondNumber=1468}  added by thread pool-3-thread-6
 message  {Id=14ecdcb6-3cc2-4d2c-8006-2653ef7ad74b,FirstNumber=705,secondNumber=1468}  written to file by thread pool-3-thread-4
 message  {Id=a202dbad-1bda-4053-a9fe-868a0a23a0b9,FirstNumber=758,secondNumber=1611}  added by thread pool-3-thread-6
 message  {Id=a202dbad-1bda-4053-a9fe-868a0a23a0b9,FirstNumber=758,secondNumber=1611}  written to file by thread pool-3-thread-4
 message  {Id=bb8b8d83-7715-4601-8a79-c77cef08725c,FirstNumber=442,secondNumber=1410}  added by thread pool-3-thread-6
 message  {Id=bb8b8d83-7715-4601-8a79-c77cef08725c,FirstNumber=442,secondNumber=1410}  written to file by thread pool-3-thread-4
 message  {Id=2a532fd9-0f80-4cca-98eb-745993a4dfc1,FirstNumber=168,secondNumber=1217}  added by thread pool-3-thread-6
 message  {Id=2a532fd9-0f80-4cca-98eb-745993a4dfc1,FirstNumber=168,secondNumber=1217}  written to file by thread pool-3-thread-2
 message  {Id=622fdff2-605f-4f8d-9eeb-2e3e584868ef,FirstNumber=905,secondNumber=1633}  added by thread pool-3-thread-6
 message  {Id=622fdff2-605f-4f8d-9eeb-2e3e584868ef,FirstNumber=905,secondNumber=1633}  written to file by thread pool-3-thread-3
 message  {Id=32fc08b2-04d2-4a7b-8115-fd8b72a0ff39,FirstNumber=733,secondNumber=1216}  added by thread pool-3-thread-6
 message  {Id=32fc08b2-04d2-4a7b-8115-fd8b72a0ff39,FirstNumber=733,secondNumber=1216}  written to file by thread pool-3-thread-3
 message  {Id=15ce70b3-2520-4663-90ff-d45be44dfe01,FirstNumber=231,secondNumber=1356}  added by thread pool-3-thread-6
 message  {Id=15ce70b3-2520-4663-90ff-d45be44dfe01,FirstNumber=231,secondNumber=1356}  written to file by thread pool-3-thread-5
 message  {Id=7cc5d173-0e57-433b-b589-4e9408246c0a,FirstNumber=225,secondNumber=1608}  added by thread pool-3-thread-6
 message  {Id=7cc5d173-0e57-433b-b589-4e9408246c0a,FirstNumber=225,secondNumber=1608}  written to file by thread pool-3-thread-5
 message  {Id=aa74284d-47f5-4fdf-b001-847ce6b8e6bb,FirstNumber=998,secondNumber=836}  added by thread pool-3-thread-6
 message  {Id=aa74284d-47f5-4fdf-b001-847ce6b8e6bb,FirstNumber=998,secondNumber=836}  written to file by thread pool-3-thread-5
 message  {Id=e585d16c-91aa-4c8b-8ebe-c90a4f2d2408,FirstNumber=212,secondNumber=800}  added by thread pool-3-thread-6
 message  {Id=e585d16c-91aa-4c8b-8ebe-c90a4f2d2408,FirstNumber=212,secondNumber=800}  written to file by thread pool-3-thread-1
 message  {Id=8bdf65bb-5294-487b-aa14-5e75886b6470,FirstNumber=335,secondNumber=1001}  added by thread pool-3-thread-6
 message  {Id=8bdf65bb-5294-487b-aa14-5e75886b6470,FirstNumber=335,secondNumber=1001}  written to file by thread pool-3-thread-1
 message  {Id=05a4f4e7-c782-4c21-8552-dab9d1a6c057,FirstNumber=130,secondNumber=168}  added by thread pool-3-thread-6
 message  {Id=d3b077af-3bbf-40fd-86a6-6fa5afddbc12,FirstNumber=129,secondNumber=35}  added by thread pool-3-thread-6
 message  {Id=05a4f4e7-c782-4c21-8552-dab9d1a6c057,FirstNumber=130,secondNumber=168}  written to file by thread pool-3-thread-4
 message  {Id=d3b077af-3bbf-40fd-86a6-6fa5afddbc12,FirstNumber=129,secondNumber=35}  written to file by thread pool-3-thread-2
 message  {Id=c3c7ca7b-2b91-4c30-8d8b-7eb60d312530,FirstNumber=220,secondNumber=306}  added by thread pool-3-thread-6
 message  {Id=c3c7ca7b-2b91-4c30-8d8b-7eb60d312530,FirstNumber=220,secondNumber=306}  written to file by thread pool-3-thread-5
 message  {Id=8719c922-adb4-4f7f-b199-4cf45302fcf5,FirstNumber=816,secondNumber=420}  added by thread pool-3-thread-6
 message  {Id=8719c922-adb4-4f7f-b199-4cf45302fcf5,FirstNumber=816,secondNumber=420}  written to file by thread pool-3-thread-5
 message  {Id=9e2f8f7e-61d6-499a-9898-8bdf544be483,FirstNumber=674,secondNumber=1697}  added by thread pool-3-thread-6
 message  {Id=9e2f8f7e-61d6-499a-9898-8bdf544be483,FirstNumber=674,secondNumber=1697}  written to file by thread pool-3-thread-1
 message  {Id=442941cd-ba0d-4747-b04d-83b5bbc849f1,FirstNumber=785,secondNumber=332}  added by thread pool-3-thread-6
 message  {Id=442941cd-ba0d-4747-b04d-83b5bbc849f1,FirstNumber=785,secondNumber=332}  written to file by thread pool-3-thread-4
 message  {Id=83033f92-0250-40c5-ae56-bca7745455f6,FirstNumber=380,secondNumber=1964}  added by thread pool-3-thread-6
 message  {Id=5b4f6703-7fd2-4b68-874f-b893212f30bc,FirstNumber=267,secondNumber=139}  added by thread pool-3-thread-6
 message  {Id=83033f92-0250-40c5-ae56-bca7745455f6,FirstNumber=380,secondNumber=1964}  written to file by thread pool-3-thread-4
 message  {Id=5b4f6703-7fd2-4b68-874f-b893212f30bc,FirstNumber=267,secondNumber=139}  written to file by thread pool-3-thread-3
 message  {Id=b6733651-8507-487d-941a-30061aeb152c,FirstNumber=420,secondNumber=823}  added by thread pool-3-thread-6
 message  {Id=b6733651-8507-487d-941a-30061aeb152c,FirstNumber=420,secondNumber=823}  written to file by thread pool-3-thread-3
 message  {Id=e5a267c5-967c-4985-816e-00c040d67f0a,FirstNumber=952,secondNumber=822}  added by thread pool-3-thread-6
 message  {Id=e5a267c5-967c-4985-816e-00c040d67f0a,FirstNumber=952,secondNumber=822}  written to file by thread pool-3-thread-3
 message  {Id=5e93e7d0-4833-4184-885f-ad17c03b7276,FirstNumber=925,secondNumber=1329}  added by thread pool-3-thread-6
 message  {Id=47345477-fa4a-4b5a-928e-a026d7fe4d84,FirstNumber=658,secondNumber=1011}  added by thread pool-3-thread-6
 message  {Id=5e93e7d0-4833-4184-885f-ad17c03b7276,FirstNumber=925,secondNumber=1329}  written to file by thread pool-3-thread-2
 message  {Id=47345477-fa4a-4b5a-928e-a026d7fe4d84,FirstNumber=658,secondNumber=1011}  written to file by thread pool-3-thread-4
 message  {Id=d5509902-036b-41ba-aebd-5b0afffdd2b3,FirstNumber=414,secondNumber=1765}  added by thread pool-3-thread-6
 message  {Id=d5509902-036b-41ba-aebd-5b0afffdd2b3,FirstNumber=414,secondNumber=1765}  written to file by thread pool-3-thread-5
 message  {Id=66d3a666-abe8-4780-9cb7-f1497a7c4614,FirstNumber=542,secondNumber=76}  added by thread pool-3-thread-6
 message  {Id=66d3a666-abe8-4780-9cb7-f1497a7c4614,FirstNumber=542,secondNumber=76}  written to file by thread pool-3-thread-1
 message  {Id=47d19038-1b1d-4365-a74c-38da9d9ea266,FirstNumber=741,secondNumber=1335}  added by thread pool-3-thread-6
 message  {Id=47d19038-1b1d-4365-a74c-38da9d9ea266,FirstNumber=741,secondNumber=1335}  written to file by thread pool-3-thread-3
 message  {Id=b537b559-de79-44d7-abbd-a73f8d073b9e,FirstNumber=488,secondNumber=969}  added by thread pool-3-thread-6
 message  {Id=b537b559-de79-44d7-abbd-a73f8d073b9e,FirstNumber=488,secondNumber=969}  written to file by thread pool-3-thread-2
 message  {Id=8322a73a-5771-4094-b19f-a1631c654024,FirstNumber=461,secondNumber=865}  added by thread pool-3-thread-6
 message  {Id=8322a73a-5771-4094-b19f-a1631c654024,FirstNumber=461,secondNumber=865}  written to file by thread pool-3-thread-2
 message  {Id=c4b50e9e-865f-4e27-92a7-5bd6186fc18a,FirstNumber=193,secondNumber=223}  added by thread pool-3-thread-6
 message  {Id=c4b50e9e-865f-4e27-92a7-5bd6186fc18a,FirstNumber=193,secondNumber=223}  written to file by thread pool-3-thread-5
 message  {Id=8ccc8848-0b30-43df-b2f7-3f91eaf53154,FirstNumber=782,secondNumber=61}  added by thread pool-3-thread-6
 message  {Id=8ccc8848-0b30-43df-b2f7-3f91eaf53154,FirstNumber=782,secondNumber=61}  written to file by thread pool-3-thread-1
 message  {Id=248fb6ef-9dc7-4055-8e0c-313d8e51601d,FirstNumber=424,secondNumber=141}  added by thread pool-3-thread-6
 message  {Id=248fb6ef-9dc7-4055-8e0c-313d8e51601d,FirstNumber=424,secondNumber=141}  written to file by thread pool-3-thread-1
 message  {Id=1c6c4548-e87d-4877-9f2e-f5532acbd3bb,FirstNumber=275,secondNumber=937}  added by thread pool-3-thread-6
 message  {Id=54ac33b3-eea3-4db1-b557-2a9d0adce542,FirstNumber=306,secondNumber=675}  added by thread pool-3-thread-6
 message  {Id=1c6c4548-e87d-4877-9f2e-f5532acbd3bb,FirstNumber=275,secondNumber=937}  written to file by thread pool-3-thread-4
 message  {Id=c25b6c07-6d49-4de5-91e2-fc88b82da37f,FirstNumber=10,secondNumber=1249}  added by thread pool-3-thread-6
 message  {Id=54ac33b3-eea3-4db1-b557-2a9d0adce542,FirstNumber=306,secondNumber=675}  written to file by thread pool-3-thread-2
 message  {Id=c25b6c07-6d49-4de5-91e2-fc88b82da37f,FirstNumber=10,secondNumber=1249}  written to file by thread pool-3-thread-5
 message  {Id=05f5115f-3947-47d8-974b-11a5c8b53282,FirstNumber=268,secondNumber=1655}  added by thread pool-3-thread-6
 message  {Id=05f5115f-3947-47d8-974b-11a5c8b53282,FirstNumber=268,secondNumber=1655}  written to file by thread pool-3-thread-5
 message  {Id=75817b77-a743-4cb5-9bb0-8528c95de294,FirstNumber=774,secondNumber=1002}  added by thread pool-3-thread-6
 message  {Id=75817b77-a743-4cb5-9bb0-8528c95de294,FirstNumber=774,secondNumber=1002}  written to file by thread pool-3-thread-1
 message  {Id=1c9abd70-82d8-43e0-9f02-e2ff27c3b592,FirstNumber=365,secondNumber=281}  added by thread pool-3-thread-6
 message  {Id=1c9abd70-82d8-43e0-9f02-e2ff27c3b592,FirstNumber=365,secondNumber=281}  written to file by thread pool-3-thread-4
 message  {Id=13ce0da9-15e3-4a22-b5af-3378ea55ebd5,FirstNumber=434,secondNumber=924}  added by thread pool-3-thread-6
 message  {Id=2ba58571-1446-4d40-a601-24bda846afb2,FirstNumber=652,secondNumber=1213}  added by thread pool-3-thread-6
 message  {Id=13ce0da9-15e3-4a22-b5af-3378ea55ebd5,FirstNumber=434,secondNumber=924}  written to file by thread pool-3-thread-4
 message  {Id=2ba58571-1446-4d40-a601-24bda846afb2,FirstNumber=652,secondNumber=1213}  written to file by thread pool-3-thread-3
 message  {Id=3901a443-5dfd-44d4-a807-e5456b251a49,FirstNumber=738,secondNumber=1583}  added by thread pool-3-thread-6
 message  {Id=3901a443-5dfd-44d4-a807-e5456b251a49,FirstNumber=738,secondNumber=1583}  written to file by thread pool-3-thread-3
 message  {Id=76e09af7-2b01-46a9-adf6-c9e62a74364c,FirstNumber=32,secondNumber=241}  added by thread pool-3-thread-6
 message  {Id=76e09af7-2b01-46a9-adf6-c9e62a74364c,FirstNumber=32,secondNumber=241}  written to file by thread pool-3-thread-3
 message  {Id=3843d78b-d193-4751-9043-3f9007601722,FirstNumber=207,secondNumber=341}  added by thread pool-3-thread-6
 message  {Id=0687228e-1e66-4e7c-8113-ddfca885b60c,FirstNumber=362,secondNumber=926}  added by thread pool-3-thread-6
 message  {Id=3843d78b-d193-4751-9043-3f9007601722,FirstNumber=207,secondNumber=341}  written to file by thread pool-3-thread-2
 message  {Id=0687228e-1e66-4e7c-8113-ddfca885b60c,FirstNumber=362,secondNumber=926}  written to file by thread pool-3-thread-4
 message  {Id=714c3aa1-c0a3-4e7d-897a-6d6b9dc9c86a,FirstNumber=555,secondNumber=852}  added by thread pool-3-thread-6
 message  {Id=714c3aa1-c0a3-4e7d-897a-6d6b9dc9c86a,FirstNumber=555,secondNumber=852}  written to file by thread pool-3-thread-5
 message  {Id=a47ddb8a-5246-47dc-960f-9a577bbda33f,FirstNumber=81,secondNumber=747}  added by thread pool-3-thread-6
 message  {Id=a47ddb8a-5246-47dc-960f-9a577bbda33f,FirstNumber=81,secondNumber=747}  written to file by thread pool-3-thread-1
 message  {Id=b3d1e945-9691-40bb-be84-3123375529f4,FirstNumber=507,secondNumber=972}  added by thread pool-3-thread-6
 message  {Id=b3d1e945-9691-40bb-be84-3123375529f4,FirstNumber=507,secondNumber=972}  written to file by thread pool-3-thread-3
 message  {Id=86d48943-80f3-4904-9694-4504d2656129,FirstNumber=592,secondNumber=576}  added by thread pool-3-thread-6
 message  {Id=86d48943-80f3-4904-9694-4504d2656129,FirstNumber=592,secondNumber=576}  written to file by thread pool-3-thread-2
 message  {Id=f233455c-c4c1-4414-8d69-0bb772fc62cb,FirstNumber=908,secondNumber=961}  added by thread pool-3-thread-6
 message  {Id=23daa5a6-dd39-4d50-83a5-1e574024c9d0,FirstNumber=588,secondNumber=1082}  added by thread pool-3-thread-6
 message  {Id=f233455c-c4c1-4414-8d69-0bb772fc62cb,FirstNumber=908,secondNumber=961}  written to file by thread pool-3-thread-2
 message  {Id=23daa5a6-dd39-4d50-83a5-1e574024c9d0,FirstNumber=588,secondNumber=1082}  written to file by thread pool-3-thread-5
 message  {Id=613f2c21-dbf2-498e-a708-cd17ef010524,FirstNumber=101,secondNumber=1506}  added by thread pool-3-thread-6
 message  {Id=613f2c21-dbf2-498e-a708-cd17ef010524,FirstNumber=101,secondNumber=1506}  written to file by thread pool-3-thread-5
 message  {Id=42b43fac-c28e-48e2-87df-3fe5454ee646,FirstNumber=98,secondNumber=1771}  added by thread pool-3-thread-6
 message  {Id=42b43fac-c28e-48e2-87df-3fe5454ee646,FirstNumber=98,secondNumber=1771}  written to file by thread pool-3-thread-3
 message  {Id=c6bad266-b3b3-4f4d-b8df-10df19bda38c,FirstNumber=705,secondNumber=840}  added by thread pool-3-thread-6
 message  {Id=c8f74187-da6a-4a91-bf29-7a491e2b8ad8,FirstNumber=191,secondNumber=1783}  added by thread pool-3-thread-6
 message  {Id=c6bad266-b3b3-4f4d-b8df-10df19bda38c,FirstNumber=705,secondNumber=840}  written to file by thread pool-3-thread-4
 message  {Id=c8f74187-da6a-4a91-bf29-7a491e2b8ad8,FirstNumber=191,secondNumber=1783}  written to file by thread pool-3-thread-2
 message  {Id=44459596-50d9-4336-a2bf-45a520ca80e4,FirstNumber=807,secondNumber=735}  added by thread pool-3-thread-6
 message  {Id=44459596-50d9-4336-a2bf-45a520ca80e4,FirstNumber=807,secondNumber=735}  written to file by thread pool-3-thread-1
 message  {Id=71eaae69-df86-4ebd-b175-ed6e79625be8,FirstNumber=902,secondNumber=625}  added by thread pool-3-thread-6
 message  {Id=71eaae69-df86-4ebd-b175-ed6e79625be8,FirstNumber=902,secondNumber=625}  written to file by thread pool-3-thread-1
 message  {Id=3baaf584-f8dc-42fb-b67a-e97836a84314,FirstNumber=411,secondNumber=656}  added by thread pool-3-thread-6
 message  {Id=3baaf584-f8dc-42fb-b67a-e97836a84314,FirstNumber=411,secondNumber=656}  written to file by thread pool-3-thread-3
 message  {Id=08da5808-53c6-4490-9d94-08229677b522,FirstNumber=403,secondNumber=142}  added by thread pool-3-thread-6
 message  {Id=08da5808-53c6-4490-9d94-08229677b522,FirstNumber=403,secondNumber=142}  written to file by thread pool-3-thread-3
 message  {Id=aca2e921-0406-4445-9e96-a07ec9fd602a,FirstNumber=294,secondNumber=1042}  added by thread pool-3-thread-6
 message  {Id=aca2e921-0406-4445-9e96-a07ec9fd602a,FirstNumber=294,secondNumber=1042}  written to file by thread pool-3-thread-3
 message  {Id=6f471096-4164-4406-88e5-6d40b8da4fc3,FirstNumber=748,secondNumber=1250}  added by thread pool-3-thread-6
 message  {Id=6f471096-4164-4406-88e5-6d40b8da4fc3,FirstNumber=748,secondNumber=1250}  written to file by thread pool-3-thread-5
 message  {Id=1beff3e0-b1b6-4b7f-bf98-cdd9c5ffd7ea,FirstNumber=488,secondNumber=448}  added by thread pool-3-thread-6
 message  {Id=1beff3e0-b1b6-4b7f-bf98-cdd9c5ffd7ea,FirstNumber=488,secondNumber=448}  written to file by thread pool-3-thread-1
 message  {Id=e148d6af-643a-49d4-bfe2-f83e040fcef8,FirstNumber=47,secondNumber=1230}  added by thread pool-3-thread-6
 message  {Id=e148d6af-643a-49d4-bfe2-f83e040fcef8,FirstNumber=47,secondNumber=1230}  written to file by thread pool-3-thread-4
 message  {Id=4221708e-f76a-4047-8d2c-625dca05ebca,FirstNumber=940,secondNumber=1848}  added by thread pool-3-thread-6
 message  {Id=d7dfe288-76f5-48bc-8bd1-5a6482bf0a78,FirstNumber=439,secondNumber=693}  added by thread pool-3-thread-6
 message  {Id=4221708e-f76a-4047-8d2c-625dca05ebca,FirstNumber=940,secondNumber=1848}  written to file by thread pool-3-thread-2
 message  {Id=d7dfe288-76f5-48bc-8bd1-5a6482bf0a78,FirstNumber=439,secondNumber=693}  written to file by thread pool-3-thread-3
 message  {Id=bff0be96-92bb-400a-a2e1-3a00e0300591,FirstNumber=908,secondNumber=1290}  added by thread pool-3-thread-6
 message  {Id=bff0be96-92bb-400a-a2e1-3a00e0300591,FirstNumber=908,secondNumber=1290}  written to file by thread pool-3-thread-3
 message  {Id=922a4e01-a7db-41b7-86fc-677e0cbd8db8,FirstNumber=870,secondNumber=272}  added by thread pool-3-thread-6
 message  {Id=922a4e01-a7db-41b7-86fc-677e0cbd8db8,FirstNumber=870,secondNumber=272}  written to file by thread pool-3-thread-3
 message  {Id=68961219-1707-4d21-b708-11de204577ba,FirstNumber=955,secondNumber=1385}  added by thread pool-3-thread-6
 message  {Id=6d081e49-5c68-4492-9fc2-e6a32abcd29d,FirstNumber=625,secondNumber=1773}  added by thread pool-3-thread-6
 message  {Id=68961219-1707-4d21-b708-11de204577ba,FirstNumber=955,secondNumber=1385}  written to file by thread pool-3-thread-4
 message  {Id=582a3ae7-f3e1-4ef7-ac26-cf14fe437bf0,FirstNumber=192,secondNumber=1251}  added by thread pool-3-thread-6
 message  {Id=6d081e49-5c68-4492-9fc2-e6a32abcd29d,FirstNumber=625,secondNumber=1773}  written to file by thread pool-3-thread-2
 message  {Id=582a3ae7-f3e1-4ef7-ac26-cf14fe437bf0,FirstNumber=192,secondNumber=1251}  written to file by thread pool-3-thread-5
 message  {Id=987699f2-e92c-493e-a4ea-8a21ee15c973,FirstNumber=970,secondNumber=1055}  added by thread pool-3-thread-6
 message  {Id=987699f2-e92c-493e-a4ea-8a21ee15c973,FirstNumber=970,secondNumber=1055}  written to file by thread pool-3-thread-1
 message  {Id=bee4852b-aa1f-4467-b70a-cdd132d5c514,FirstNumber=413,secondNumber=666}  added by thread pool-3-thread-6
 message  {Id=bee4852b-aa1f-4467-b70a-cdd132d5c514,FirstNumber=413,secondNumber=666}  written to file by thread pool-3-thread-3
 message  {Id=9749828e-ce9a-47c3-ac9a-eb33dc3f8b5e,FirstNumber=460,secondNumber=432}  added by thread pool-3-thread-6
 message  {Id=9749828e-ce9a-47c3-ac9a-eb33dc3f8b5e,FirstNumber=460,secondNumber=432}  written to file by thread pool-3-thread-4
 message  {Id=99430965-f8e1-4446-b4ee-f926fa7d6524,FirstNumber=520,secondNumber=1056}  added by thread pool-3-thread-6
 message  {Id=a7e7af11-d78d-4a75-818a-6370acf44d3d,FirstNumber=973,secondNumber=504}  added by thread pool-3-thread-6
 message  {Id=99430965-f8e1-4446-b4ee-f926fa7d6524,FirstNumber=520,secondNumber=1056}  written to file by thread pool-3-thread-2
 message  {Id=a7e7af11-d78d-4a75-818a-6370acf44d3d,FirstNumber=973,secondNumber=504}  written to file by thread pool-3-thread-5
 message  {Id=3f6491af-747e-4105-be7b-ce80fa533603,FirstNumber=255,secondNumber=1349}  added by thread pool-3-thread-6
 message  {Id=3f6491af-747e-4105-be7b-ce80fa533603,FirstNumber=255,secondNumber=1349}  written to file by thread pool-3-thread-5
 message  {Id=88cd4d4c-b3f3-4953-aeaf-9bb105a55889,FirstNumber=165,secondNumber=155}  added by thread pool-3-thread-6
 message  {Id=88cd4d4c-b3f3-4953-aeaf-9bb105a55889,FirstNumber=165,secondNumber=155}  written to file by thread pool-3-thread-3
 message  {Id=6aa35aeb-aa5b-4003-b4ff-c4e4cb5f3b8b,FirstNumber=482,secondNumber=422}  added by thread pool-3-thread-6
 message  {Id=6aa35aeb-aa5b-4003-b4ff-c4e4cb5f3b8b,FirstNumber=482,secondNumber=422}  written to file by thread pool-3-thread-3
 message  {Id=5185bf8d-636f-4b34-9e23-a67c028883a5,FirstNumber=72,secondNumber=11}  added by thread pool-3-thread-6
 message  {Id=94303eaf-3daf-4a8e-a3e8-dfadedc64c35,FirstNumber=958,secondNumber=760}  added by thread pool-3-thread-6
 message  {Id=5185bf8d-636f-4b34-9e23-a67c028883a5,FirstNumber=72,secondNumber=11}  written to file by thread pool-3-thread-2
 message  {Id=94303eaf-3daf-4a8e-a3e8-dfadedc64c35,FirstNumber=958,secondNumber=760}  written to file by thread pool-3-thread-1
 message  {Id=bc363eb5-4c96-4836-b77a-33fb159f5575,FirstNumber=564,secondNumber=237}  added by thread pool-3-thread-6
 message  {Id=bc363eb5-4c96-4836-b77a-33fb159f5575,FirstNumber=564,secondNumber=237}  written to file by thread pool-3-thread-1
 message  {Id=6e11f8d9-88e8-42a5-9444-0813cb2826f1,FirstNumber=383,secondNumber=824}  added by thread pool-3-thread-6
 message  {Id=3d7cc015-534a-4319-993d-a17fb56420ba,FirstNumber=266,secondNumber=935}  added by thread pool-3-thread-6
 message  {Id=6e11f8d9-88e8-42a5-9444-0813cb2826f1,FirstNumber=383,secondNumber=824}  written to file by thread pool-3-thread-4
 message  {Id=3d7cc015-534a-4319-993d-a17fb56420ba,FirstNumber=266,secondNumber=935}  written to file by thread pool-3-thread-3
 message  {Id=d1cbfbe0-6e20-4306-a5a4-7451a844c308,FirstNumber=496,secondNumber=84}  added by thread pool-3-thread-6
 message  {Id=d1cbfbe0-6e20-4306-a5a4-7451a844c308,FirstNumber=496,secondNumber=84}  written to file by thread pool-3-thread-3
 message  {Id=141bcf71-73fe-4d2f-b5b4-e5ba2a4fa791,FirstNumber=405,secondNumber=938}  added by thread pool-3-thread-6
 message  {Id=141bcf71-73fe-4d2f-b5b4-e5ba2a4fa791,FirstNumber=405,secondNumber=938}  written to file by thread pool-3-thread-5
 message  {Id=087227a9-df2e-4776-9a69-2687f64a3f0a,FirstNumber=18,secondNumber=836}  added by thread pool-3-thread-6
 message  {Id=087227a9-df2e-4776-9a69-2687f64a3f0a,FirstNumber=18,secondNumber=836}  written to file by thread pool-3-thread-5
 message  {Id=70a30362-14e3-466c-bec8-99a1b016f45a,FirstNumber=147,secondNumber=418}  added by thread pool-3-thread-6
 message  {Id=70a30362-14e3-466c-bec8-99a1b016f45a,FirstNumber=147,secondNumber=418}  written to file by thread pool-3-thread-4
 message  {Id=512eeb80-a4df-4801-895b-f7e18732fe2b,FirstNumber=232,secondNumber=581}  added by thread pool-3-thread-6
 message  {Id=512eeb80-a4df-4801-895b-f7e18732fe2b,FirstNumber=232,secondNumber=581}  written to file by thread pool-3-thread-2
 message  {Id=cc1bf8eb-0090-4b92-88a6-3cfcd6f90b13,FirstNumber=0,secondNumber=1298}  added by thread pool-3-thread-6
 message  {Id=cc1bf8eb-0090-4b92-88a6-3cfcd6f90b13,FirstNumber=0,secondNumber=1298}  written to file by thread pool-3-thread-3
 message  {Id=e4f9d572-9d2e-492e-a4b1-3237b39e689a,FirstNumber=351,secondNumber=867}  added by thread pool-3-thread-6
 message  {Id=e4f9d572-9d2e-492e-a4b1-3237b39e689a,FirstNumber=351,secondNumber=867}  written to file by thread pool-3-thread-1
 message  {Id=8ba6532c-097b-48fb-87a2-4d893b348ec3,FirstNumber=332,secondNumber=1628}  added by thread pool-3-thread-6
 message  {Id=8ba6532c-097b-48fb-87a2-4d893b348ec3,FirstNumber=332,secondNumber=1628}  written to file by thread pool-3-thread-1
 message  {Id=8199e198-f273-48a9-928b-966c22d3523e,FirstNumber=738,secondNumber=1570}  added by thread pool-3-thread-6
 message  {Id=8199e198-f273-48a9-928b-966c22d3523e,FirstNumber=738,secondNumber=1570}  written to file by thread pool-3-thread-4
 message  {Id=d46f594e-8fb3-4d33-a789-9dd9e82487b0,FirstNumber=925,secondNumber=1667}  added by thread pool-3-thread-6
 message  {Id=d46f594e-8fb3-4d33-a789-9dd9e82487b0,FirstNumber=925,secondNumber=1667}  written to file by thread pool-3-thread-2
 message  {Id=3226f821-4776-48ce-8205-37cd516feae4,FirstNumber=501,secondNumber=1737}  added by thread pool-3-thread-6
 message  {Id=3226f821-4776-48ce-8205-37cd516feae4,FirstNumber=501,secondNumber=1737}  written to file by thread pool-3-thread-2
 message  {Id=3062d68b-cf00-4ae2-9cdc-f4df8c88b0e0,FirstNumber=556,secondNumber=1588}  added by thread pool-3-thread-6
 message  {Id=3062d68b-cf00-4ae2-9cdc-f4df8c88b0e0,FirstNumber=556,secondNumber=1588}  written to file by thread pool-3-thread-2
 message  {Id=86ee6265-f429-4cda-ab0f-869049f56f2d,FirstNumber=806,secondNumber=1300}  added by thread pool-3-thread-6
 message  {Id=86ee6265-f429-4cda-ab0f-869049f56f2d,FirstNumber=806,secondNumber=1300}  written to file by thread pool-3-thread-1
 message  {Id=a82e1da0-0ce3-4eee-b0e7-99655d0a436d,FirstNumber=998,secondNumber=1705}  added by thread pool-3-thread-6
 message  {Id=a82e1da0-0ce3-4eee-b0e7-99655d0a436d,FirstNumber=998,secondNumber=1705}  written to file by thread pool-3-thread-1
 message  {Id=31136fd7-0b01-4b3c-b5a8-c10aefb21bb3,FirstNumber=317,secondNumber=1585}  added by thread pool-3-thread-6
 message  {Id=31136fd7-0b01-4b3c-b5a8-c10aefb21bb3,FirstNumber=317,secondNumber=1585}  written to file by thread pool-3-thread-3
 message  {Id=6fb8f129-b75d-44bf-aa0a-750b247bf998,FirstNumber=395,secondNumber=193}  added by thread pool-3-thread-6
 message  {Id=a02ceb5b-31d7-4da7-8bf2-76afa06fd5f8,FirstNumber=169,secondNumber=374}  added by thread pool-3-thread-6
 message  {Id=6fb8f129-b75d-44bf-aa0a-750b247bf998,FirstNumber=395,secondNumber=193}  written to file by thread pool-3-thread-5
 message  {Id=a02ceb5b-31d7-4da7-8bf2-76afa06fd5f8,FirstNumber=169,secondNumber=374}  written to file by thread pool-3-thread-2
 message  {Id=1c527ffa-2d37-48e0-aa90-4806763d6b43,FirstNumber=571,secondNumber=883}  added by thread pool-3-thread-6
 message  {Id=1c527ffa-2d37-48e0-aa90-4806763d6b43,FirstNumber=571,secondNumber=883}  written to file by thread pool-3-thread-2
 message  {Id=dd880c7b-51ae-4980-abee-6cc2bf2fd096,FirstNumber=294,secondNumber=218}  added by thread pool-3-thread-6
 message  {Id=dd880c7b-51ae-4980-abee-6cc2bf2fd096,FirstNumber=294,secondNumber=218}  written to file by thread pool-3-thread-1
 message  {Id=02d702bb-6c77-4606-acde-dbdd62a1dfe5,FirstNumber=32,secondNumber=325}  added by thread pool-3-thread-6
 message  {Id=02d702bb-6c77-4606-acde-dbdd62a1dfe5,FirstNumber=32,secondNumber=325}  written to file by thread pool-3-thread-1
 message  {Id=8febd9ff-a23e-4825-bb20-0e8d60c0eee3,FirstNumber=172,secondNumber=173}  added by thread pool-3-thread-6
 message  {Id=eaf2a19e-1c95-4b65-9cf3-0415b33f8d2f,FirstNumber=144,secondNumber=1777}  added by thread pool-3-thread-6
 message  {Id=8febd9ff-a23e-4825-bb20-0e8d60c0eee3,FirstNumber=172,secondNumber=173}  written to file by thread pool-3-thread-5
 message  {Id=d2b5c3ce-c3b9-4c2b-98f3-2ecda6faee4e,FirstNumber=341,secondNumber=1291}  added by thread pool-3-thread-6
 message  {Id=eaf2a19e-1c95-4b65-9cf3-0415b33f8d2f,FirstNumber=144,secondNumber=1777}  written to file by thread pool-3-thread-4
 message  {Id=aceccaad-508d-4945-bc3e-1358d2ccf761,FirstNumber=277,secondNumber=1481}  added by thread pool-3-thread-6
 message  {Id=d2b5c3ce-c3b9-4c2b-98f3-2ecda6faee4e,FirstNumber=341,secondNumber=1291}  written to file by thread pool-3-thread-2
 message  {Id=aceccaad-508d-4945-bc3e-1358d2ccf761,FirstNumber=277,secondNumber=1481}  written to file by thread pool-3-thread-3
 message  {Id=ab5d16a1-2cc5-4135-879f-8d5a899f9808,FirstNumber=689,secondNumber=1091}  added by thread pool-3-thread-6
 message  {Id=ab5d16a1-2cc5-4135-879f-8d5a899f9808,FirstNumber=689,secondNumber=1091}  written to file by thread pool-3-thread-1
 message  {Id=e3051035-2fc3-4928-9175-11b147d63c24,FirstNumber=234,secondNumber=581}  added by thread pool-3-thread-6
 message  {Id=e3051035-2fc3-4928-9175-11b147d63c24,FirstNumber=234,secondNumber=581}  written to file by thread pool-3-thread-5
 message  {Id=5abc6b01-242f-4883-858d-9fef7c0206d3,FirstNumber=484,secondNumber=1013}  added by thread pool-3-thread-6
 message  {Id=5abc6b01-242f-4883-858d-9fef7c0206d3,FirstNumber=484,secondNumber=1013}  written to file by thread pool-3-thread-5
 message  {Id=c7a371fa-e153-4a29-aad5-51ab25229436,FirstNumber=920,secondNumber=392}  added by thread pool-3-thread-6
 message  {Id=c7a371fa-e153-4a29-aad5-51ab25229436,FirstNumber=920,secondNumber=392}  written to file by thread pool-3-thread-5
 message  {Id=f73fa2dd-46bd-440f-8fd6-071f288b0a0c,FirstNumber=745,secondNumber=711}  added by thread pool-3-thread-6
 message  {Id=f73fa2dd-46bd-440f-8fd6-071f288b0a0c,FirstNumber=745,secondNumber=711}  written to file by thread pool-3-thread-3
 message  {Id=64f0d5e4-7478-49ac-9bfc-2c4fcd229c38,FirstNumber=454,secondNumber=1126}  added by thread pool-3-thread-6
 message  {Id=64f0d5e4-7478-49ac-9bfc-2c4fcd229c38,FirstNumber=454,secondNumber=1126}  written to file by thread pool-3-thread-1
 message  {Id=2f281dca-47eb-4012-bfc1-5d7a13b5b7cc,FirstNumber=593,secondNumber=1262}  added by thread pool-3-thread-6
 message  {Id=dcfb911a-55c0-47d7-98cb-801b9984bdc0,FirstNumber=736,secondNumber=245}  added by thread pool-3-thread-6
 message  {Id=2f281dca-47eb-4012-bfc1-5d7a13b5b7cc,FirstNumber=593,secondNumber=1262}  written to file by thread pool-3-thread-4
 message  {Id=dcfb911a-55c0-47d7-98cb-801b9984bdc0,FirstNumber=736,secondNumber=245}  written to file by thread pool-3-thread-2
 message  {Id=0be82e52-edbb-4364-b157-efcdf6e4d470,FirstNumber=875,secondNumber=1394}  added by thread pool-3-thread-6
 message  {Id=0be82e52-edbb-4364-b157-efcdf6e4d470,FirstNumber=875,secondNumber=1394}  written to file by thread pool-3-thread-5
 message  {Id=524208cd-dc7e-4514-b642-e2574a4d818e,FirstNumber=591,secondNumber=672}  added by thread pool-3-thread-6
 message  {Id=524208cd-dc7e-4514-b642-e2574a4d818e,FirstNumber=591,secondNumber=672}  written to file by thread pool-3-thread-5
 message  {Id=04d015c8-b208-4ac8-b364-6426276dd6a7,FirstNumber=963,secondNumber=1691}  added by thread pool-3-thread-6
 message  {Id=04d015c8-b208-4ac8-b364-6426276dd6a7,FirstNumber=963,secondNumber=1691}  written to file by thread pool-3-thread-5
 message  {Id=658a30e4-25c3-4b1b-8e65-6114bb8cd938,FirstNumber=308,secondNumber=382}  added by thread pool-3-thread-6
 message  {Id=3dc1c32e-45ef-4dfe-885a-90e40fd856c2,FirstNumber=151,secondNumber=1592}  added by thread pool-3-thread-6
 message  {Id=658a30e4-25c3-4b1b-8e65-6114bb8cd938,FirstNumber=308,secondNumber=382}  written to file by thread pool-3-thread-4
 message  {Id=d3e45789-fb57-4acd-9b54-fdde8482ed7a,FirstNumber=231,secondNumber=199}  added by thread pool-3-thread-6
 message  {Id=3dc1c32e-45ef-4dfe-885a-90e40fd856c2,FirstNumber=151,secondNumber=1592}  written to file by thread pool-3-thread-2
 message  {Id=d3e45789-fb57-4acd-9b54-fdde8482ed7a,FirstNumber=231,secondNumber=199}  written to file by thread pool-3-thread-3
 message  {Id=f1c897d4-4e8f-40d5-82f6-16203045f9d4,FirstNumber=640,secondNumber=201}  added by thread pool-3-thread-6
 message  {Id=f1c897d4-4e8f-40d5-82f6-16203045f9d4,FirstNumber=640,secondNumber=201}  written to file by thread pool-3-thread-3
 message  {Id=8cd0a765-732f-4671-9143-cc6cbd331cc3,FirstNumber=220,secondNumber=1967}  added by thread pool-3-thread-6
 message  {Id=8cd0a765-732f-4671-9143-cc6cbd331cc3,FirstNumber=220,secondNumber=1967}  written to file by thread pool-3-thread-5
 message  {Id=35b29ced-93b2-4d73-beb1-4b5e0578218c,FirstNumber=813,secondNumber=1994}  added by thread pool-3-thread-6
 message  {Id=35b29ced-93b2-4d73-beb1-4b5e0578218c,FirstNumber=813,secondNumber=1994}  written to file by thread pool-3-thread-5
 message  {Id=af677c57-6122-4b9b-9c60-224fdb66e284,FirstNumber=805,secondNumber=935}  added by thread pool-3-thread-6
 message  {Id=af677c57-6122-4b9b-9c60-224fdb66e284,FirstNumber=805,secondNumber=935}  written to file by thread pool-3-thread-5
 message  {Id=7125ba2e-8136-4af3-a5ee-32a334599c50,FirstNumber=223,secondNumber=648}  added by thread pool-3-thread-6
 message  {Id=7125ba2e-8136-4af3-a5ee-32a334599c50,FirstNumber=223,secondNumber=648}  written to file by thread pool-3-thread-1
 message  {Id=23c9122a-815b-4bf6-9ca3-84b1ced774eb,FirstNumber=524,secondNumber=1942}  added by thread pool-3-thread-6
 message  {Id=23c9122a-815b-4bf6-9ca3-84b1ced774eb,FirstNumber=524,secondNumber=1942}  written to file by thread pool-3-thread-3
 message  {Id=52b11943-dfc5-4d1c-a650-12783e1a3674,FirstNumber=832,secondNumber=1718}  added by thread pool-3-thread-6
 message  {Id=52b11943-dfc5-4d1c-a650-12783e1a3674,FirstNumber=832,secondNumber=1718}  written to file by thread pool-3-thread-4
 message  {Id=04e1d1e1-0bb7-428d-813a-f650ad5a57fd,FirstNumber=396,secondNumber=1478}  added by thread pool-3-thread-6
 message  {Id=04e1d1e1-0bb7-428d-813a-f650ad5a57fd,FirstNumber=396,secondNumber=1478}  written to file by thread pool-3-thread-2
 message  {Id=e42177f8-4008-4911-b535-29dfeb637f3f,FirstNumber=186,secondNumber=1114}  added by thread pool-3-thread-6
 message  {Id=e42177f8-4008-4911-b535-29dfeb637f3f,FirstNumber=186,secondNumber=1114}  written to file by thread pool-3-thread-5
 message  {Id=840c3813-0931-4458-bb24-98d3bea301cf,FirstNumber=191,secondNumber=1644}  added by thread pool-3-thread-6
 message  {Id=840c3813-0931-4458-bb24-98d3bea301cf,FirstNumber=191,secondNumber=1644}  written to file by thread pool-3-thread-5
 message  {Id=3e1a5e4c-5081-484d-b308-1bd14793e697,FirstNumber=660,secondNumber=304}  added by thread pool-3-thread-6
 message  {Id=3e1a5e4c-5081-484d-b308-1bd14793e697,FirstNumber=660,secondNumber=304}  written to file by thread pool-3-thread-3
 message  {Id=ca23df71-9425-42cf-9968-8cfa6595a16e,FirstNumber=615,secondNumber=239}  added by thread pool-3-thread-6
 message  {Id=ca23df71-9425-42cf-9968-8cfa6595a16e,FirstNumber=615,secondNumber=239}  written to file by thread pool-3-thread-4
 message  {Id=7c675b55-4a64-47f9-a11f-f40278d205a8,FirstNumber=434,secondNumber=1082}  added by thread pool-3-thread-6
 message  {Id=a52480f2-5e43-4dc4-baba-7ccc6be224c4,FirstNumber=439,secondNumber=1455}  added by thread pool-3-thread-6
 message  {Id=7c675b55-4a64-47f9-a11f-f40278d205a8,FirstNumber=434,secondNumber=1082}  written to file by thread pool-3-thread-2
 message  {Id=a52480f2-5e43-4dc4-baba-7ccc6be224c4,FirstNumber=439,secondNumber=1455}  written to file by thread pool-3-thread-4
 message  {Id=5569c05d-2676-4c95-aa88-0f70a26cce21,FirstNumber=258,secondNumber=971}  added by thread pool-3-thread-6
 message  {Id=5569c05d-2676-4c95-aa88-0f70a26cce21,FirstNumber=258,secondNumber=971}  written to file by thread pool-3-thread-5
 message  {Id=331f4b48-640c-4186-b343-85808c14e533,FirstNumber=686,secondNumber=433}  added by thread pool-3-thread-6
 message  {Id=331f4b48-640c-4186-b343-85808c14e533,FirstNumber=686,secondNumber=433}  written to file by thread pool-3-thread-5
 message  {Id=5a5273e2-c383-4991-bad3-15e2af1f426f,FirstNumber=771,secondNumber=329}  added by thread pool-3-thread-6
 message  {Id=5a5273e2-c383-4991-bad3-15e2af1f426f,FirstNumber=771,secondNumber=329}  written to file by thread pool-3-thread-5
 message  {Id=feed4eba-65e0-4b65-8321-f0a6e3b2662d,FirstNumber=476,secondNumber=165}  added by thread pool-3-thread-6
 message  {Id=feed4eba-65e0-4b65-8321-f0a6e3b2662d,FirstNumber=476,secondNumber=165}  written to file by thread pool-3-thread-2
 message  {Id=2ed9dc9b-cc82-455f-88d2-e40277d8899e,FirstNumber=911,secondNumber=1010}  added by thread pool-3-thread-6
 message  {Id=055a3720-2c6f-494d-85fa-867584dd2da3,FirstNumber=847,secondNumber=749}  added by thread pool-3-thread-6
 message  {Id=2ed9dc9b-cc82-455f-88d2-e40277d8899e,FirstNumber=911,secondNumber=1010}  written to file by thread pool-3-thread-2
 message  {Id=055a3720-2c6f-494d-85fa-867584dd2da3,FirstNumber=847,secondNumber=749}  written to file by thread pool-3-thread-3
 message  {Id=8f498033-a4e7-428a-a0e8-41f5d547257c,FirstNumber=981,secondNumber=1659}  added by thread pool-3-thread-6
 message  {Id=8f498033-a4e7-428a-a0e8-41f5d547257c,FirstNumber=981,secondNumber=1659}  written to file by thread pool-3-thread-1
 message  {Id=fa32c1c2-3506-481e-a0c1-ebd480d90574,FirstNumber=775,secondNumber=243}  added by thread pool-3-thread-6
 message  {Id=fa32c1c2-3506-481e-a0c1-ebd480d90574,FirstNumber=775,secondNumber=243}  written to file by thread pool-3-thread-5
 message  {Id=d9e9b962-4e0d-4b1d-bd04-63d52ac45df3,FirstNumber=21,secondNumber=380}  added by thread pool-3-thread-6
 message  {Id=d9e9b962-4e0d-4b1d-bd04-63d52ac45df3,FirstNumber=21,secondNumber=380}  written to file by thread pool-3-thread-5
 message  {Id=576f6cfa-0bf8-435d-bb26-e3549d70f616,FirstNumber=614,secondNumber=699}  added by thread pool-3-thread-6
 message  {Id=576f6cfa-0bf8-435d-bb26-e3549d70f616,FirstNumber=614,secondNumber=699}  written to file by thread pool-3-thread-5
 message  {Id=5bd91bb0-60e4-4f1d-ad84-e879aee867f4,FirstNumber=843,secondNumber=298}  added by thread pool-3-thread-6
 message  {Id=5bd91bb0-60e4-4f1d-ad84-e879aee867f4,FirstNumber=843,secondNumber=298}  written to file by thread pool-3-thread-3
 message  {Id=f1bbf276-0c17-4f73-88e6-031ff60959e9,FirstNumber=258,secondNumber=356}  added by thread pool-3-thread-6
 message  {Id=f1bbf276-0c17-4f73-88e6-031ff60959e9,FirstNumber=258,secondNumber=356}  written to file by thread pool-3-thread-1
 message  {Id=31a871bd-6b68-490b-b170-c52bd9a5757a,FirstNumber=332,secondNumber=99}  added by thread pool-3-thread-6
 message  {Id=31a871bd-6b68-490b-b170-c52bd9a5757a,FirstNumber=332,secondNumber=99}  written to file by thread pool-3-thread-1
 message  {Id=33d19dd8-028a-4693-9a8b-46c587f9cc1e,FirstNumber=918,secondNumber=1600}  added by thread pool-3-thread-6
 message  {Id=33d19dd8-028a-4693-9a8b-46c587f9cc1e,FirstNumber=918,secondNumber=1600}  written to file by thread pool-3-thread-2
 message  {Id=67f4f899-ead2-41da-ba70-b767a7e8bc0a,FirstNumber=643,secondNumber=1762}  added by thread pool-3-thread-6
 message  {Id=67f4f899-ead2-41da-ba70-b767a7e8bc0a,FirstNumber=643,secondNumber=1762}  written to file by thread pool-3-thread-2
 message  {Id=9124162e-0b45-418d-a4ae-2e02b162e8a4,FirstNumber=567,secondNumber=53}  added by thread pool-3-thread-6
 message  {Id=9124162e-0b45-418d-a4ae-2e02b162e8a4,FirstNumber=567,secondNumber=53}  written to file by thread pool-3-thread-3
 message  {Id=386f141b-df7e-4908-a033-126d15659185,FirstNumber=364,secondNumber=1149}  added by thread pool-3-thread-6
 message  {Id=627ce153-99aa-49f1-aa25-cecd706084da,FirstNumber=184,secondNumber=1360}  added by thread pool-3-thread-6
 message  {Id=386f141b-df7e-4908-a033-126d15659185,FirstNumber=364,secondNumber=1149}  written to file by thread pool-3-thread-4
 message  {Id=627ce153-99aa-49f1-aa25-cecd706084da,FirstNumber=184,secondNumber=1360}  written to file by thread pool-3-thread-1
 message  {Id=6fd68964-c44a-4b83-92cd-d4369e77df67,FirstNumber=935,secondNumber=1093}  added by thread pool-3-thread-6
 message  {Id=6a673503-81a7-4470-996c-1e101f80bef1,FirstNumber=809,secondNumber=1873}  added by thread pool-3-thread-6
 message  {Id=6fd68964-c44a-4b83-92cd-d4369e77df67,FirstNumber=935,secondNumber=1093}  written to file by thread pool-3-thread-5
 message  {Id=6a673503-81a7-4470-996c-1e101f80bef1,FirstNumber=809,secondNumber=1873}  written to file by thread pool-3-thread-2
 message  {Id=06d5059d-0c48-4618-922c-17d47d31e529,FirstNumber=520,secondNumber=628}  added by thread pool-3-thread-6
 message  {Id=06d5059d-0c48-4618-922c-17d47d31e529,FirstNumber=520,secondNumber=628}  written to file by thread pool-3-thread-2
 message  {Id=a2156e42-adab-49a6-9b8d-390b6f575f5e,FirstNumber=239,secondNumber=1413}  added by thread pool-3-thread-6
 message  {Id=a2156e42-adab-49a6-9b8d-390b6f575f5e,FirstNumber=239,secondNumber=1413}  written to file by thread pool-3-thread-4
 message  {Id=357f9168-04d1-4c17-a668-3395eb0e3c4b,FirstNumber=431,secondNumber=12}  added by thread pool-3-thread-6
 message  {Id=357f9168-04d1-4c17-a668-3395eb0e3c4b,FirstNumber=431,secondNumber=12}  written to file by thread pool-3-thread-1
 message  {Id=b4227bb9-11d0-4dfa-8bfd-ede9b98e9202,FirstNumber=565,secondNumber=293}  added by thread pool-3-thread-6
 message  {Id=b4227bb9-11d0-4dfa-8bfd-ede9b98e9202,FirstNumber=565,secondNumber=293}  written to file by thread pool-3-thread-5
 message  {Id=e5893615-8680-47d6-b9d2-6e5887b69b9b,FirstNumber=638,secondNumber=1399}  added by thread pool-3-thread-6
 message  {Id=e5893615-8680-47d6-b9d2-6e5887b69b9b,FirstNumber=638,secondNumber=1399}  written to file by thread pool-3-thread-5
 message  {Id=2c0422b2-aed7-41fb-8ed2-79ac2924054b,FirstNumber=191,secondNumber=98}  added by thread pool-3-thread-6
 message  {Id=2c0422b2-aed7-41fb-8ed2-79ac2924054b,FirstNumber=191,secondNumber=98}  written to file by thread pool-3-thread-2
 message  {Id=804e911d-4724-4334-bd14-2b3254bb43f5,FirstNumber=537,secondNumber=367}  added by thread pool-3-thread-6
 message  {Id=4d0339de-8397-4d60-a0ec-bfe52f5d82e9,FirstNumber=129,secondNumber=170}  added by thread pool-3-thread-6
 message  {Id=804e911d-4724-4334-bd14-2b3254bb43f5,FirstNumber=537,secondNumber=367}  written to file by thread pool-3-thread-4
 message  {Id=4d0339de-8397-4d60-a0ec-bfe52f5d82e9,FirstNumber=129,secondNumber=170}  written to file by thread pool-3-thread-1
 message  {Id=6baf59c3-b3c1-4e5d-aa87-fb73f38950c4,FirstNumber=582,secondNumber=1353}  added by thread pool-3-thread-6
 message  {Id=7ff30b4c-9041-4d6f-9b5a-03ab5326e37b,FirstNumber=916,secondNumber=1763}  added by thread pool-3-thread-6
 message  {Id=6baf59c3-b3c1-4e5d-aa87-fb73f38950c4,FirstNumber=582,secondNumber=1353}  written to file by thread pool-3-thread-3
 message  {Id=7ff30b4c-9041-4d6f-9b5a-03ab5326e37b,FirstNumber=916,secondNumber=1763}  written to file by thread pool-3-thread-5
 message  {Id=45101f2c-4932-42bd-b27d-deded2ccdd39,FirstNumber=70,secondNumber=1210}  added by thread pool-3-thread-6
 message  {Id=45101f2c-4932-42bd-b27d-deded2ccdd39,FirstNumber=70,secondNumber=1210}  written to file by thread pool-3-thread-2
 message  {Id=a7978e07-cba1-4ad1-a967-be40fdb1addd,FirstNumber=584,secondNumber=1336}  added by thread pool-3-thread-6
 message  {Id=a7978e07-cba1-4ad1-a967-be40fdb1addd,FirstNumber=584,secondNumber=1336}  written to file by thread pool-3-thread-4
 message  {Id=289f1cf9-a2b4-4a7d-891d-92dcbf6409f9,FirstNumber=147,secondNumber=796}  added by thread pool-3-thread-6
 message  {Id=289f1cf9-a2b4-4a7d-891d-92dcbf6409f9,FirstNumber=147,secondNumber=796}  written to file by thread pool-3-thread-4
 message  {Id=ade182ee-81c2-43f3-aeaa-48bc766e8fb9,FirstNumber=500,secondNumber=49}  added by thread pool-3-thread-6
 message  {Id=ade182ee-81c2-43f3-aeaa-48bc766e8fb9,FirstNumber=500,secondNumber=49}  written to file by thread pool-3-thread-3
 message  {Id=22217ea1-d6fc-4820-b0c1-7760ee76b325,FirstNumber=899,secondNumber=496}  added by thread pool-3-thread-6
 message  {Id=22217ea1-d6fc-4820-b0c1-7760ee76b325,FirstNumber=899,secondNumber=496}  written to file by thread pool-3-thread-3
 message  {Id=24a97e10-6805-4e76-bc55-45a48a4fc3e4,FirstNumber=722,secondNumber=1470}  added by thread pool-3-thread-6
 message  {Id=24a97e10-6805-4e76-bc55-45a48a4fc3e4,FirstNumber=722,secondNumber=1470}  written to file by thread pool-3-thread-2
 message  {Id=5ebe5595-e34d-4dee-865f-682beaf2cce0,FirstNumber=295,secondNumber=858}  added by thread pool-3-thread-6
 message  {Id=5ebe5595-e34d-4dee-865f-682beaf2cce0,FirstNumber=295,secondNumber=858}  written to file by thread pool-3-thread-1
 message  {Id=013aa352-d8a1-428f-b421-e32942e847cb,FirstNumber=852,secondNumber=515}  added by thread pool-3-thread-6
 message  {Id=013aa352-d8a1-428f-b421-e32942e847cb,FirstNumber=852,secondNumber=515}  written to file by thread pool-3-thread-1
 message  {Id=77c91449-60ed-4811-b639-f38e3801b596,FirstNumber=122,secondNumber=1659}  added by thread pool-3-thread-6
 message  {Id=0f422ad4-2227-4bfd-a508-447ae37c3ae1,FirstNumber=720,secondNumber=898}  added by thread pool-3-thread-6
 message  {Id=77c91449-60ed-4811-b639-f38e3801b596,FirstNumber=122,secondNumber=1659}  written to file by thread pool-3-thread-5
 message  {Id=0f422ad4-2227-4bfd-a508-447ae37c3ae1,FirstNumber=720,secondNumber=898}  written to file by thread pool-3-thread-3
 message  {Id=23797a14-1984-4e3d-a798-8ef6ed0e98a5,FirstNumber=343,secondNumber=406}  added by thread pool-3-thread-6
 message  {Id=23797a14-1984-4e3d-a798-8ef6ed0e98a5,FirstNumber=343,secondNumber=406}  written to file by thread pool-3-thread-2
 message  {Id=7b36a4e4-a52a-4e73-8157-c9bec047f822,FirstNumber=822,secondNumber=448}  added by thread pool-3-thread-6
 message  {Id=7b36a4e4-a52a-4e73-8157-c9bec047f822,FirstNumber=822,secondNumber=448}  written to file by thread pool-3-thread-2
 message  {Id=5672a820-ad5a-4af5-a5b7-4d40cdc42b33,FirstNumber=608,secondNumber=358}  added by thread pool-3-thread-6
 message  {Id=5672a820-ad5a-4af5-a5b7-4d40cdc42b33,FirstNumber=608,secondNumber=358}  written to file by thread pool-3-thread-2
 message  {Id=05005f76-8957-44ff-b0fc-ecc8ef1181e1,FirstNumber=826,secondNumber=1955}  added by thread pool-3-thread-6
 message  {Id=05005f76-8957-44ff-b0fc-ecc8ef1181e1,FirstNumber=826,secondNumber=1955}  written to file by thread pool-3-thread-5
 message  {Id=1333377f-d58b-4775-a152-9df39af48228,FirstNumber=515,secondNumber=383}  added by thread pool-3-thread-6
 message  {Id=1333377f-d58b-4775-a152-9df39af48228,FirstNumber=515,secondNumber=383}  written to file by thread pool-3-thread-5
 message  {Id=4fb83f42-952d-4512-89b4-66a83bb56ede,FirstNumber=782,secondNumber=821}  added by thread pool-3-thread-6
 message  {Id=4fb83f42-952d-4512-89b4-66a83bb56ede,FirstNumber=782,secondNumber=821}  written to file by thread pool-3-thread-4
 message  {Id=fb6f2109-f986-460e-835d-e6a8d08fcf3e,FirstNumber=554,secondNumber=1101}  added by thread pool-3-thread-6
 message  {Id=fb6f2109-f986-460e-835d-e6a8d08fcf3e,FirstNumber=554,secondNumber=1101}  written to file by thread pool-3-thread-4
 message  {Id=a7e87bbe-f567-4f4d-8e06-1e6c49f765de,FirstNumber=609,secondNumber=1234}  added by thread pool-3-thread-6
 message  {Id=a7e87bbe-f567-4f4d-8e06-1e6c49f765de,FirstNumber=609,secondNumber=1234}  written to file by thread pool-3-thread-2
 message  {Id=30ff725e-1c19-493b-a790-f3a27dae4c91,FirstNumber=711,secondNumber=1856}  added by thread pool-3-thread-6
 message  {Id=dd6a6de3-a691-42f3-a48f-2101fbc711fe,FirstNumber=442,secondNumber=1158}  added by thread pool-3-thread-6
 message  {Id=30ff725e-1c19-493b-a790-f3a27dae4c91,FirstNumber=711,secondNumber=1856}  written to file by thread pool-3-thread-3
 message  {Id=dd6a6de3-a691-42f3-a48f-2101fbc711fe,FirstNumber=442,secondNumber=1158}  written to file by thread pool-3-thread-5
 message  {Id=ff8c5781-0003-4b52-adc3-4fce4542688e,FirstNumber=20,secondNumber=47}  added by thread pool-3-thread-6
 message  {Id=ff8c5781-0003-4b52-adc3-4fce4542688e,FirstNumber=20,secondNumber=47}  written to file by thread pool-3-thread-3
 message  {Id=68bfbd85-55be-4efd-9b8f-efe1590c643d,FirstNumber=359,secondNumber=564}  added by thread pool-3-thread-6
 message  {Id=68bfbd85-55be-4efd-9b8f-efe1590c643d,FirstNumber=359,secondNumber=564}  written to file by thread pool-3-thread-3
 message  {Id=943e340c-b85d-4713-bead-1fb41985001f,FirstNumber=637,secondNumber=287}  added by thread pool-3-thread-6
 message  {Id=943e340c-b85d-4713-bead-1fb41985001f,FirstNumber=637,secondNumber=287}  written to file by thread pool-3-thread-2
 message  {Id=ac79fec3-213c-41c8-a2f7-5a3ad85fba7f,FirstNumber=239,secondNumber=265}  added by thread pool-3-thread-6
 message  {Id=ac79fec3-213c-41c8-a2f7-5a3ad85fba7f,FirstNumber=239,secondNumber=265}  written to file by thread pool-3-thread-1
 message  {Id=3ccc8e48-29a5-4ab1-9925-81a384206300,FirstNumber=689,secondNumber=1350}  added by thread pool-3-thread-6
 message  {Id=3ccc8e48-29a5-4ab1-9925-81a384206300,FirstNumber=689,secondNumber=1350}  written to file by thread pool-3-thread-1
 message  {Id=25e7c623-b8a5-460c-8ddd-cb3a4a72c15c,FirstNumber=414,secondNumber=1568}  added by thread pool-3-thread-6
 message  {Id=25e7c623-b8a5-460c-8ddd-cb3a4a72c15c,FirstNumber=414,secondNumber=1568}  written to file by thread pool-3-thread-4
 message  {Id=c88effdb-54ca-4089-9e7a-855d9cbf44d8,FirstNumber=240,secondNumber=298}  added by thread pool-3-thread-6
 message  {Id=c88effdb-54ca-4089-9e7a-855d9cbf44d8,FirstNumber=240,secondNumber=298}  written to file by thread pool-3-thread-3
 message  {Id=a52273f8-72fe-46d9-81de-a548588a7074,FirstNumber=917,secondNumber=926}  added by thread pool-3-thread-6
 message  {Id=a52273f8-72fe-46d9-81de-a548588a7074,FirstNumber=917,secondNumber=926}  written to file by thread pool-3-thread-2
 message  {Id=243035be-eb97-4c08-ab96-c297af277e75,FirstNumber=493,secondNumber=962}  added by thread pool-3-thread-6
 message  {Id=b93c4c59-748e-440a-8196-b10171cbbb8e,FirstNumber=663,secondNumber=859}  added by thread pool-3-thread-6
 message  {Id=243035be-eb97-4c08-ab96-c297af277e75,FirstNumber=493,secondNumber=962}  written to file by thread pool-3-thread-5
 message  {Id=b93c4c59-748e-440a-8196-b10171cbbb8e,FirstNumber=663,secondNumber=859}  written to file by thread pool-3-thread-1
 message  {Id=1ef07cc5-2452-4376-97c6-7ca79f7e88f5,FirstNumber=421,secondNumber=808}  added by thread pool-3-thread-6
 message  {Id=1ef07cc5-2452-4376-97c6-7ca79f7e88f5,FirstNumber=421,secondNumber=808}  written to file by thread pool-3-thread-4
 message  {Id=40ddf91a-1b44-4d37-a8a7-6c96c3da4789,FirstNumber=793,secondNumber=29}  added by thread pool-3-thread-6
 message  {Id=40ddf91a-1b44-4d37-a8a7-6c96c3da4789,FirstNumber=793,secondNumber=29}  written to file by thread pool-3-thread-3
 message  {Id=d46015ab-0279-4ab2-8af9-fbd80530464c,FirstNumber=998,secondNumber=326}  added by thread pool-3-thread-6
 message  {Id=27d4878d-cc52-4b09-b830-a72f882d39ce,FirstNumber=412,secondNumber=884}  added by thread pool-3-thread-6
 message  {Id=d46015ab-0279-4ab2-8af9-fbd80530464c,FirstNumber=998,secondNumber=326}  written to file by thread pool-3-thread-2
 message  {Id=27d4878d-cc52-4b09-b830-a72f882d39ce,FirstNumber=412,secondNumber=884}  written to file by thread pool-3-thread-5
 message  {Id=bbd1fd0e-b46c-4a9b-b467-47fb3d3c642f,FirstNumber=703,secondNumber=1906}  added by thread pool-3-thread-6
 message  {Id=bbd1fd0e-b46c-4a9b-b467-47fb3d3c642f,FirstNumber=703,secondNumber=1906}  written to file by thread pool-3-thread-5
 message  {Id=84561950-3f55-4e61-96f9-e778cd30882d,FirstNumber=851,secondNumber=1416}  added by thread pool-3-thread-6
 message  {Id=84561950-3f55-4e61-96f9-e778cd30882d,FirstNumber=851,secondNumber=1416}  written to file by thread pool-3-thread-4
 message  {Id=c9cc7eec-ed2d-4c58-b3ac-93d9cae5e028,FirstNumber=332,secondNumber=1601}  added by thread pool-3-thread-6
 message  {Id=c9cc7eec-ed2d-4c58-b3ac-93d9cae5e028,FirstNumber=332,secondNumber=1601}  written to file by thread pool-3-thread-4
 message  {Id=20cb08ae-ad68-4873-8080-5b6b9a2c5946,FirstNumber=164,secondNumber=1362}  added by thread pool-3-thread-6
 message  {Id=20cb08ae-ad68-4873-8080-5b6b9a2c5946,FirstNumber=164,secondNumber=1362}  written to file by thread pool-3-thread-4
 message  {Id=191936a0-7ab7-4e29-a5e5-45a43572a76b,FirstNumber=969,secondNumber=202}  added by thread pool-3-thread-6
 message  {Id=ecac99ea-9370-43ca-96b5-95dbda987e92,FirstNumber=194,secondNumber=291}  added by thread pool-3-thread-6
 message  {Id=191936a0-7ab7-4e29-a5e5-45a43572a76b,FirstNumber=969,secondNumber=202}  written to file by thread pool-3-thread-1
 message  {Id=ecac99ea-9370-43ca-96b5-95dbda987e92,FirstNumber=194,secondNumber=291}  written to file by thread pool-3-thread-5
 message  {Id=314d7e88-7fff-4a1c-89aa-504647350acc,FirstNumber=215,secondNumber=952}  added by thread pool-3-thread-6
 message  {Id=314d7e88-7fff-4a1c-89aa-504647350acc,FirstNumber=215,secondNumber=952}  written to file by thread pool-3-thread-3
 message  {Id=f08f8b1e-871d-4c65-ba80-4098ddf82fe7,FirstNumber=718,secondNumber=1306}  added by thread pool-3-thread-6
 message  {Id=f08f8b1e-871d-4c65-ba80-4098ddf82fe7,FirstNumber=718,secondNumber=1306}  written to file by thread pool-3-thread-2
 message  {Id=9ff4db79-7a89-4489-a962-a1e3525f5700,FirstNumber=665,secondNumber=1278}  added by thread pool-3-thread-6
 message  {Id=b756cbaa-36eb-40ee-859b-742132728faa,FirstNumber=541,secondNumber=91}  added by thread pool-3-thread-6
 message  {Id=9ff4db79-7a89-4489-a962-a1e3525f5700,FirstNumber=665,secondNumber=1278}  written to file by thread pool-3-thread-4
 message  {Id=b756cbaa-36eb-40ee-859b-742132728faa,FirstNumber=541,secondNumber=91}  written to file by thread pool-3-thread-1
 message  {Id=c26177e3-542f-46ab-a981-f408cf2be385,FirstNumber=585,secondNumber=426}  added by thread pool-3-thread-6
 message  {Id=c26177e3-542f-46ab-a981-f408cf2be385,FirstNumber=585,secondNumber=426}  written to file by thread pool-3-thread-1
 message  {Id=6b259b1c-f0f3-4729-9e98-225cee43e503,FirstNumber=253,secondNumber=743}  added by thread pool-3-thread-6
 message  {Id=6b259b1c-f0f3-4729-9e98-225cee43e503,FirstNumber=253,secondNumber=743}  written to file by thread pool-3-thread-3
 message  {Id=124453c0-a0eb-4b98-911f-65c242122f6a,FirstNumber=350,secondNumber=1534}  added by thread pool-3-thread-6
 message  {Id=cd65f762-fc17-424c-80ab-a4a0466e1652,FirstNumber=412,secondNumber=999}  added by thread pool-3-thread-6
 message  {Id=124453c0-a0eb-4b98-911f-65c242122f6a,FirstNumber=350,secondNumber=1534}  written to file by thread pool-3-thread-2
 message  {Id=cd65f762-fc17-424c-80ab-a4a0466e1652,FirstNumber=412,secondNumber=999}  written to file by thread pool-3-thread-4
 message  {Id=798d1000-ce8d-45f7-ae6f-253736b7d10e,FirstNumber=984,secondNumber=956}  added by thread pool-3-thread-6
 message  {Id=2635e280-eaca-4d64-a2ac-e74dc2c17a07,FirstNumber=467,secondNumber=1723}  added by thread pool-3-thread-6
 message  {Id=798d1000-ce8d-45f7-ae6f-253736b7d10e,FirstNumber=984,secondNumber=956}  written to file by thread pool-3-thread-5
 message  {Id=2635e280-eaca-4d64-a2ac-e74dc2c17a07,FirstNumber=467,secondNumber=1723}  written to file by thread pool-3-thread-1
 message  {Id=e02a76fe-05e3-4605-b908-27838ddce47f,FirstNumber=875,secondNumber=1838}  added by thread pool-3-thread-6
 message  {Id=4309a109-5663-48a7-a5ec-684d736a8f6d,FirstNumber=531,secondNumber=512}  added by thread pool-3-thread-6
 message  {Id=e02a76fe-05e3-4605-b908-27838ddce47f,FirstNumber=875,secondNumber=1838}  written to file by thread pool-3-thread-3
 message  {Id=4309a109-5663-48a7-a5ec-684d736a8f6d,FirstNumber=531,secondNumber=512}  written to file by thread pool-3-thread-2
 message  {Id=fe3a1162-7583-4c36-a6b6-9e8fd2e624f2,FirstNumber=522,secondNumber=1239}  added by thread pool-3-thread-6
 message  {Id=fe3a1162-7583-4c36-a6b6-9e8fd2e624f2,FirstNumber=522,secondNumber=1239}  written to file by thread pool-3-thread-2
 message  {Id=e4f998fc-76bb-412f-8f97-c0730485e425,FirstNumber=384,secondNumber=275}  added by thread pool-3-thread-6
 message  {Id=e4f998fc-76bb-412f-8f97-c0730485e425,FirstNumber=384,secondNumber=275}  written to file by thread pool-3-thread-2
 message  {Id=33df3c28-c6ce-4d69-a97c-da1cafea8a9a,FirstNumber=401,secondNumber=1406}  added by thread pool-3-thread-6
 message  {Id=33df3c28-c6ce-4d69-a97c-da1cafea8a9a,FirstNumber=401,secondNumber=1406}  written to file by thread pool-3-thread-1
 message  {Id=085fc2f4-30d0-4f08-a001-890e5f4a5526,FirstNumber=310,secondNumber=765}  added by thread pool-3-thread-6
 message  {Id=085fc2f4-30d0-4f08-a001-890e5f4a5526,FirstNumber=310,secondNumber=765}  written to file by thread pool-3-thread-3
 message  {Id=c4a104d6-54a2-46ca-8b34-9fa55ae09389,FirstNumber=252,secondNumber=307}  added by thread pool-3-thread-6
 message  {Id=c4a104d6-54a2-46ca-8b34-9fa55ae09389,FirstNumber=252,secondNumber=307}  written to file by thread pool-3-thread-4
 message  {Id=f3f05027-e4f3-43d3-bf46-de3ac90fff84,FirstNumber=554,secondNumber=1715}  added by thread pool-3-thread-6
 message  {Id=f3f05027-e4f3-43d3-bf46-de3ac90fff84,FirstNumber=554,secondNumber=1715}  written to file by thread pool-3-thread-4
 message  {Id=1e69e540-275e-484a-be5a-3dedebf727fa,FirstNumber=573,secondNumber=775}  added by thread pool-3-thread-6
 message  {Id=d270441c-df39-452a-ba52-784d2e062f94,FirstNumber=780,secondNumber=1590}  added by thread pool-3-thread-6
 message  {Id=1e69e540-275e-484a-be5a-3dedebf727fa,FirstNumber=573,secondNumber=775}  written to file by thread pool-3-thread-2
 message  {Id=d270441c-df39-452a-ba52-784d2e062f94,FirstNumber=780,secondNumber=1590}  written to file by thread pool-3-thread-1
 message  {Id=5b03dec1-7540-4898-9a5f-cd847f933b70,FirstNumber=397,secondNumber=1841}  added by thread pool-3-thread-6
 message  {Id=5b03dec1-7540-4898-9a5f-cd847f933b70,FirstNumber=397,secondNumber=1841}  written to file by thread pool-3-thread-3
 message  {Id=e566cc86-d474-4dc4-8c20-d287b608a3f6,FirstNumber=62,secondNumber=765}  added by thread pool-3-thread-6
 message  {Id=e566cc86-d474-4dc4-8c20-d287b608a3f6,FirstNumber=62,secondNumber=765}  written to file by thread pool-3-thread-3
 message  {Id=1eb26d03-a6ee-4e89-b25c-5e0829d1a032,FirstNumber=120,secondNumber=1886}  added by thread pool-3-thread-6
 message  {Id=1eb26d03-a6ee-4e89-b25c-5e0829d1a032,FirstNumber=120,secondNumber=1886}  written to file by thread pool-3-thread-3
 message  {Id=48fc489c-46e2-4130-a335-f7fa974a1a5d,FirstNumber=865,secondNumber=483}  added by thread pool-3-thread-6
 message  {Id=48fc489c-46e2-4130-a335-f7fa974a1a5d,FirstNumber=865,secondNumber=483}  written to file by thread pool-3-thread-2
 message  {Id=8b0b1793-906f-47d2-a599-b980030d2562,FirstNumber=436,secondNumber=532}  added by thread pool-3-thread-6
 message  {Id=8b0b1793-906f-47d2-a599-b980030d2562,FirstNumber=436,secondNumber=532}  written to file by thread pool-3-thread-2
 message  {Id=6f5c6e5f-96d1-4592-a430-c16e5a190198,FirstNumber=975,secondNumber=1912}  added by thread pool-3-thread-6
 message  {Id=6f5c6e5f-96d1-4592-a430-c16e5a190198,FirstNumber=975,secondNumber=1912}  written to file by thread pool-3-thread-5
 message  {Id=e65e60da-6e7c-4919-b557-b2ba1aa6212b,FirstNumber=919,secondNumber=1321}  added by thread pool-3-thread-6
 message  {Id=e65e60da-6e7c-4919-b557-b2ba1aa6212b,FirstNumber=919,secondNumber=1321}  written to file by thread pool-3-thread-4
 message  {Id=5ac71d73-2b74-416c-ba59-d6c458ba1520,FirstNumber=72,secondNumber=1870}  added by thread pool-3-thread-6
 message  {Id=5ac71d73-2b74-416c-ba59-d6c458ba1520,FirstNumber=72,secondNumber=1870}  written to file by thread pool-3-thread-3
 message  {Id=7254efc1-5cc8-4a4a-b183-d23245c2909b,FirstNumber=316,secondNumber=507}  added by thread pool-3-thread-6
 message  {Id=67b98a17-dc42-4e92-b551-9e11c30c6691,FirstNumber=43,secondNumber=1652}  added by thread pool-3-thread-6
 message  {Id=7254efc1-5cc8-4a4a-b183-d23245c2909b,FirstNumber=316,secondNumber=507}  written to file by thread pool-3-thread-1
 message  {Id=67b98a17-dc42-4e92-b551-9e11c30c6691,FirstNumber=43,secondNumber=1652}  written to file by thread pool-3-thread-2
 message  {Id=87d8f361-7ee9-4ea8-9916-5c0b3dae091a,FirstNumber=498,secondNumber=1699}  added by thread pool-3-thread-6
 message  {Id=87d8f361-7ee9-4ea8-9916-5c0b3dae091a,FirstNumber=498,secondNumber=1699}  written to file by thread pool-3-thread-5
 message  {Id=3d8b0c83-9c43-42cc-9d52-595452a4e1be,FirstNumber=540,secondNumber=1831}  added by thread pool-3-thread-6
 message  {Id=3d8b0c83-9c43-42cc-9d52-595452a4e1be,FirstNumber=540,secondNumber=1831}  written to file by thread pool-3-thread-5
 message  {Id=4d643080-c0a5-4d5c-9ad7-25e2f4fc86a9,FirstNumber=736,secondNumber=1831}  added by thread pool-3-thread-6
 message  {Id=4d643080-c0a5-4d5c-9ad7-25e2f4fc86a9,FirstNumber=736,secondNumber=1831}  written to file by thread pool-3-thread-3
 message  {Id=de046bb0-cdd9-48ac-b3ab-abd17b39e158,FirstNumber=572,secondNumber=840}  added by thread pool-3-thread-6
 message  {Id=de046bb0-cdd9-48ac-b3ab-abd17b39e158,FirstNumber=572,secondNumber=840}  written to file by thread pool-3-thread-1
 message  {Id=0d3871a7-1f95-427b-8a7b-5dc36e5f0b7d,FirstNumber=492,secondNumber=1787}  added by thread pool-3-thread-6
 message  {Id=0d3871a7-1f95-427b-8a7b-5dc36e5f0b7d,FirstNumber=492,secondNumber=1787}  written to file by thread pool-3-thread-1
 message  {Id=68b42a6f-d316-4b74-abda-f97b74f8c8d7,FirstNumber=698,secondNumber=1491}  added by thread pool-3-thread-6
 message  {Id=68b42a6f-d316-4b74-abda-f97b74f8c8d7,FirstNumber=698,secondNumber=1491}  written to file by thread pool-3-thread-4
 message  {Id=3dee3d0b-0641-48d1-8874-669b1057b2b1,FirstNumber=742,secondNumber=33}  added by thread pool-3-thread-6
 message  {Id=3dee3d0b-0641-48d1-8874-669b1057b2b1,FirstNumber=742,secondNumber=33}  written to file by thread pool-3-thread-4
 message  {Id=02d92ffa-59ba-4985-ab49-a9aaae44a331,FirstNumber=919,secondNumber=1705}  added by thread pool-3-thread-6
 message  {Id=02d92ffa-59ba-4985-ab49-a9aaae44a331,FirstNumber=919,secondNumber=1705}  written to file by thread pool-3-thread-3
 message  {Id=cae03e87-20bb-4e57-a132-b1403a28935e,FirstNumber=982,secondNumber=1893}  added by thread pool-3-thread-6
 message  {Id=fbefcd4f-ba40-4fd4-8356-b3df7cc1d79f,FirstNumber=13,secondNumber=1056}  added by thread pool-3-thread-6
 message  {Id=cae03e87-20bb-4e57-a132-b1403a28935e,FirstNumber=982,secondNumber=1893}  written to file by thread pool-3-thread-2
 message  {Id=fbefcd4f-ba40-4fd4-8356-b3df7cc1d79f,FirstNumber=13,secondNumber=1056}  written to file by thread pool-3-thread-1
 message  {Id=b20303cf-bde4-4fef-bbba-01a85b397a0c,FirstNumber=114,secondNumber=721}  added by thread pool-3-thread-6
 message  {Id=b20303cf-bde4-4fef-bbba-01a85b397a0c,FirstNumber=114,secondNumber=721}  written to file by thread pool-3-thread-5
 message  {Id=02391077-57ba-49fd-9d17-f4185210a4b3,FirstNumber=336,secondNumber=1864}  added by thread pool-3-thread-6
 message  {Id=02391077-57ba-49fd-9d17-f4185210a4b3,FirstNumber=336,secondNumber=1864}  written to file by thread pool-3-thread-4
 message  {Id=b2627d5d-0ca2-45b0-a62c-54a864244073,FirstNumber=145,secondNumber=278}  added by thread pool-3-thread-6
 message  {Id=b2627d5d-0ca2-45b0-a62c-54a864244073,FirstNumber=145,secondNumber=278}  written to file by thread pool-3-thread-3
 message  {Id=0c72ec2d-e285-4633-8b32-61d5affce435,FirstNumber=139,secondNumber=472}  added by thread pool-3-thread-6
 message  {Id=0c72ec2d-e285-4633-8b32-61d5affce435,FirstNumber=139,secondNumber=472}  written to file by thread pool-3-thread-3
 message  {Id=be50fd90-68a1-4d3f-aacc-fc8ac8661e57,FirstNumber=663,secondNumber=1540}  added by thread pool-3-thread-6
 message  {Id=be50fd90-68a1-4d3f-aacc-fc8ac8661e57,FirstNumber=663,secondNumber=1540}  written to file by thread pool-3-thread-3
 message  {Id=97684a79-4d35-41e2-a1fa-6effe8093d0c,FirstNumber=918,secondNumber=203}  added by thread pool-3-thread-6
 message  {Id=97684a79-4d35-41e2-a1fa-6effe8093d0c,FirstNumber=918,secondNumber=203}  written to file by thread pool-3-thread-5
 message  {Id=2d506b61-acac-43ac-9a39-bf65b62d5de8,FirstNumber=967,secondNumber=913}  added by thread pool-3-thread-6
 message  {Id=2d506b61-acac-43ac-9a39-bf65b62d5de8,FirstNumber=967,secondNumber=913}  written to file by thread pool-3-thread-5
 message  {Id=c363545e-2112-4c76-809f-f0fd5a0273bf,FirstNumber=441,secondNumber=1077}  added by thread pool-3-thread-6
 message  {Id=c363545e-2112-4c76-809f-f0fd5a0273bf,FirstNumber=441,secondNumber=1077}  written to file by thread pool-3-thread-2
 message  {Id=b29957d8-7536-4da8-a06b-3fdb533a3c53,FirstNumber=647,secondNumber=1469}  added by thread pool-3-thread-6
 message  {Id=8930a831-eb4a-4cad-942f-aedcd2ef0bca,FirstNumber=300,secondNumber=89}  added by thread pool-3-thread-6
 message  {Id=b29957d8-7536-4da8-a06b-3fdb533a3c53,FirstNumber=647,secondNumber=1469}  written to file by thread pool-3-thread-1
 message  {Id=8930a831-eb4a-4cad-942f-aedcd2ef0bca,FirstNumber=300,secondNumber=89}  written to file by thread pool-3-thread-3
 message  {Id=e3608cc6-345e-4a95-8665-2ab6719571db,FirstNumber=243,secondNumber=805}  added by thread pool-3-thread-6
 message  {Id=e3608cc6-345e-4a95-8665-2ab6719571db,FirstNumber=243,secondNumber=805}  written to file by thread pool-3-thread-4
 message  {Id=ab9aa2ce-8fd4-4599-aa4e-11f2841ffadf,FirstNumber=477,secondNumber=1884}  added by thread pool-3-thread-6
 message  {Id=ab9aa2ce-8fd4-4599-aa4e-11f2841ffadf,FirstNumber=477,secondNumber=1884}  written to file by thread pool-3-thread-5
 message  {Id=fc769cae-30c9-47ca-8583-08d7d48df818,FirstNumber=927,secondNumber=1311}  added by thread pool-3-thread-6
 message  {Id=fc769cae-30c9-47ca-8583-08d7d48df818,FirstNumber=927,secondNumber=1311}  written to file by thread pool-3-thread-5
 message  {Id=15e051fa-9cbc-48eb-8046-8411be69b591,FirstNumber=948,secondNumber=526}  added by thread pool-3-thread-6
 message  {Id=15e051fa-9cbc-48eb-8046-8411be69b591,FirstNumber=948,secondNumber=526}  written to file by thread pool-3-thread-1
 message  {Id=da1fc1c1-7cb2-44ad-aad6-5230d76b18c9,FirstNumber=105,secondNumber=977}  added by thread pool-3-thread-6
 message  {Id=da1fc1c1-7cb2-44ad-aad6-5230d76b18c9,FirstNumber=105,secondNumber=977}  written to file by thread pool-3-thread-1
 message  {Id=bd8acf71-6cf3-4642-af72-751de3f1b6b3,FirstNumber=707,secondNumber=606}  added by thread pool-3-thread-6
 message  {Id=bd8acf71-6cf3-4642-af72-751de3f1b6b3,FirstNumber=707,secondNumber=606}  written to file by thread pool-3-thread-1
 message  {Id=2b209a93-6fac-4416-9313-8672ee2fe110,FirstNumber=667,secondNumber=170}  added by thread pool-3-thread-6
 message  {Id=2b209a93-6fac-4416-9313-8672ee2fe110,FirstNumber=667,secondNumber=170}  written to file by thread pool-3-thread-2
 message  {Id=649c981a-11d7-4246-a801-4830acdc6717,FirstNumber=776,secondNumber=405}  added by thread pool-3-thread-6
 message  {Id=649c981a-11d7-4246-a801-4830acdc6717,FirstNumber=776,secondNumber=405}  written to file by thread pool-3-thread-5
 message  {Id=7a52ec6e-6e17-46d4-b99e-0f32ea24edc9,FirstNumber=246,secondNumber=1476}  added by thread pool-3-thread-6
 message  {Id=25d67976-54d1-4852-8898-8735eb16a329,FirstNumber=531,secondNumber=1659}  added by thread pool-3-thread-6
 message  {Id=7a52ec6e-6e17-46d4-b99e-0f32ea24edc9,FirstNumber=246,secondNumber=1476}  written to file by thread pool-3-thread-3
 message  {Id=25d67976-54d1-4852-8898-8735eb16a329,FirstNumber=531,secondNumber=1659}  written to file by thread pool-3-thread-4
 message  {Id=4d78750a-c05a-46f7-8910-23b7559a98ba,FirstNumber=573,secondNumber=1727}  added by thread pool-3-thread-6
 message  {Id=4d78750a-c05a-46f7-8910-23b7559a98ba,FirstNumber=573,secondNumber=1727}  written to file by thread pool-3-thread-1
 message  {Id=adc9a2b6-494c-47ea-8066-07ba98379fde,FirstNumber=321,secondNumber=125}  added by thread pool-3-thread-6
 message  {Id=adc9a2b6-494c-47ea-8066-07ba98379fde,FirstNumber=321,secondNumber=125}  written to file by thread pool-3-thread-2
 message  {Id=804a07e0-a8d1-4465-9aa6-11ce4877ff28,FirstNumber=961,secondNumber=1792}  added by thread pool-3-thread-6
 message  {Id=804a07e0-a8d1-4465-9aa6-11ce4877ff28,FirstNumber=961,secondNumber=1792}  written to file by thread pool-3-thread-2
 message  {Id=902c1726-3a3c-4dca-9968-252daa94972a,FirstNumber=76,secondNumber=1404}  added by thread pool-3-thread-6
 message  {Id=902c1726-3a3c-4dca-9968-252daa94972a,FirstNumber=76,secondNumber=1404}  written to file by thread pool-3-thread-3
 message  {Id=f582d164-44f4-47fb-87fc-7b198520d009,FirstNumber=969,secondNumber=321}  added by thread pool-3-thread-6
 message  {Id=f582d164-44f4-47fb-87fc-7b198520d009,FirstNumber=969,secondNumber=321}  written to file by thread pool-3-thread-3
 message  {Id=579dedbf-2bbc-4718-8e35-dfadb8fb3411,FirstNumber=463,secondNumber=1367}  added by thread pool-3-thread-6
 message  {Id=579dedbf-2bbc-4718-8e35-dfadb8fb3411,FirstNumber=463,secondNumber=1367}  written to file by thread pool-3-thread-1
 message  {Id=f53cab3f-406c-425b-ad9f-bbdfbe808523,FirstNumber=172,secondNumber=183}  added by thread pool-3-thread-6
 message  {Id=f53cab3f-406c-425b-ad9f-bbdfbe808523,FirstNumber=172,secondNumber=183}  written to file by thread pool-3-thread-1
 message  {Id=61a0a9a3-0629-47c5-af37-a6f21f41341e,FirstNumber=289,secondNumber=55}  added by thread pool-3-thread-6
 message  {Id=61a0a9a3-0629-47c5-af37-a6f21f41341e,FirstNumber=289,secondNumber=55}  written to file by thread pool-3-thread-2
 message  {Id=c4d71a58-b03b-43a4-940c-950b4ba337b4,FirstNumber=769,secondNumber=748}  added by thread pool-3-thread-6
 message  {Id=c4d71a58-b03b-43a4-940c-950b4ba337b4,FirstNumber=769,secondNumber=748}  written to file by thread pool-3-thread-2
 message  {Id=250f22f0-ee46-4755-bb02-08da78026279,FirstNumber=314,secondNumber=1177}  added by thread pool-3-thread-6
 message  {Id=250f22f0-ee46-4755-bb02-08da78026279,FirstNumber=314,secondNumber=1177}  written to file by thread pool-3-thread-2
 message  {Id=08a603e7-24ed-49cc-be68-bdef01a515c0,FirstNumber=507,secondNumber=1951}  added by thread pool-3-thread-6
 message  {Id=08a603e7-24ed-49cc-be68-bdef01a515c0,FirstNumber=507,secondNumber=1951}  written to file by thread pool-3-thread-5
 message  {Id=8e9ac9a7-8428-4018-b66d-5938486693eb,FirstNumber=647,secondNumber=696}  added by thread pool-3-thread-6
 message  {Id=8e9ac9a7-8428-4018-b66d-5938486693eb,FirstNumber=647,secondNumber=696}  written to file by thread pool-3-thread-5
 message  {Id=9b354307-42c2-4bb6-b9b4-702f38397921,FirstNumber=526,secondNumber=1534}  added by thread pool-3-thread-6
 message  {Id=9b354307-42c2-4bb6-b9b4-702f38397921,FirstNumber=526,secondNumber=1534}  written to file by thread pool-3-thread-4
 message  {Id=9f673a05-9867-43b7-a64d-d56d464720b4,FirstNumber=868,secondNumber=451}  added by thread pool-3-thread-6
 message  {Id=9f673a05-9867-43b7-a64d-d56d464720b4,FirstNumber=868,secondNumber=451}  written to file by thread pool-3-thread-4
 message  {Id=90732fcc-ef60-4f0c-a781-69db47a7783f,FirstNumber=920,secondNumber=1482}  added by thread pool-3-thread-6
 message  {Id=90732fcc-ef60-4f0c-a781-69db47a7783f,FirstNumber=920,secondNumber=1482}  written to file by thread pool-3-thread-2
 message  {Id=f659902a-d1c7-464d-acf0-48f2beb96f14,FirstNumber=682,secondNumber=966}  added by thread pool-3-thread-6
 message  {Id=f659902a-d1c7-464d-acf0-48f2beb96f14,FirstNumber=682,secondNumber=966}  written to file by thread pool-3-thread-2
 message  {Id=66a2c6be-1431-4afb-a1a8-cef591f318ba,FirstNumber=674,secondNumber=1023}  added by thread pool-3-thread-6
 message  {Id=8be81b40-a11a-4083-9126-6d22e9f9b63e,FirstNumber=136,secondNumber=807}  added by thread pool-3-thread-6
 message  {Id=66a2c6be-1431-4afb-a1a8-cef591f318ba,FirstNumber=674,secondNumber=1023}  written to file by thread pool-3-thread-5
 message  {Id=8be81b40-a11a-4083-9126-6d22e9f9b63e,FirstNumber=136,secondNumber=807}  written to file by thread pool-3-thread-3
 message  {Id=67950665-9733-462f-a14f-044ed8ec1f34,FirstNumber=69,secondNumber=1322}  added by thread pool-3-thread-6
 message  {Id=bacb7372-9108-4ca0-baf7-e98a395ecea7,FirstNumber=181,secondNumber=91}  added by thread pool-3-thread-6
 message  {Id=67950665-9733-462f-a14f-044ed8ec1f34,FirstNumber=69,secondNumber=1322}  written to file by thread pool-3-thread-4
 message  {Id=bacb7372-9108-4ca0-baf7-e98a395ecea7,FirstNumber=181,secondNumber=91}  written to file by thread pool-3-thread-1
 message  {Id=4f177069-3275-4a88-90f6-0b50bf1d7b7a,FirstNumber=992,secondNumber=1643}  added by thread pool-3-thread-6
 message  {Id=4f177069-3275-4a88-90f6-0b50bf1d7b7a,FirstNumber=992,secondNumber=1643}  written to file by thread pool-3-thread-1
 message  {Id=2d9c06ae-ab3d-495c-ae08-909ff6873c42,FirstNumber=432,secondNumber=1763}  added by thread pool-3-thread-6
 message  {Id=2d9c06ae-ab3d-495c-ae08-909ff6873c42,FirstNumber=432,secondNumber=1763}  written to file by thread pool-3-thread-1
 message  {Id=f4cda1a5-236f-415c-ae7a-2d789a0f198e,FirstNumber=930,secondNumber=1619}  added by thread pool-3-thread-6
 message  {Id=f4cda1a5-236f-415c-ae7a-2d789a0f198e,FirstNumber=930,secondNumber=1619}  written to file by thread pool-3-thread-3
 message  {Id=62fc8dde-f300-4db6-b0c9-51e0f91805ac,FirstNumber=908,secondNumber=1389}  added by thread pool-3-thread-6
 message  {Id=62fc8dde-f300-4db6-b0c9-51e0f91805ac,FirstNumber=908,secondNumber=1389}  written to file by thread pool-3-thread-3
 message  {Id=e262b1c8-c3a2-403c-8e86-96f253a04dcb,FirstNumber=476,secondNumber=364}  added by thread pool-3-thread-6
 message  {Id=e262b1c8-c3a2-403c-8e86-96f253a04dcb,FirstNumber=476,secondNumber=364}  written to file by thread pool-3-thread-2
 message  {Id=4331baaf-2377-427b-be15-7dde87f433a9,FirstNumber=108,secondNumber=1155}  added by thread pool-3-thread-6
 message  {Id=4331baaf-2377-427b-be15-7dde87f433a9,FirstNumber=108,secondNumber=1155}  written to file by thread pool-3-thread-5
 message  {Id=f908e74d-6e48-49c5-821e-cb082d3845cc,FirstNumber=22,secondNumber=1173}  added by thread pool-3-thread-6
 message  {Id=97e60fe8-2345-414a-81f2-68693099b388,FirstNumber=512,secondNumber=1337}  added by thread pool-3-thread-6
 message  {Id=f908e74d-6e48-49c5-821e-cb082d3845cc,FirstNumber=22,secondNumber=1173}  written to file by thread pool-3-thread-1
 message  {Id=97e60fe8-2345-414a-81f2-68693099b388,FirstNumber=512,secondNumber=1337}  written to file by thread pool-3-thread-4
 message  {Id=aa4a208d-70ed-4ab0-aac0-eb2a55665054,FirstNumber=233,secondNumber=520}  added by thread pool-3-thread-6
 message  {Id=64d0503c-8c5a-4e22-8102-2ae118acc10c,FirstNumber=791,secondNumber=1093}  added by thread pool-3-thread-6
 message  {Id=aa4a208d-70ed-4ab0-aac0-eb2a55665054,FirstNumber=233,secondNumber=520}  written to file by thread pool-3-thread-3
 message  {Id=64d0503c-8c5a-4e22-8102-2ae118acc10c,FirstNumber=791,secondNumber=1093}  written to file by thread pool-3-thread-2
 message  {Id=8b759e17-acee-4921-a8d2-cd01d748a797,FirstNumber=847,secondNumber=395}  added by thread pool-3-thread-6
 message  {Id=8b759e17-acee-4921-a8d2-cd01d748a797,FirstNumber=847,secondNumber=395}  written to file by thread pool-3-thread-2
 message  {Id=a9615ec4-0269-4af7-ade4-c3a4d0336d34,FirstNumber=204,secondNumber=1504}  added by thread pool-3-thread-6
 message  {Id=a9615ec4-0269-4af7-ade4-c3a4d0336d34,FirstNumber=204,secondNumber=1504}  written to file by thread pool-3-thread-1
 message  {Id=691265a8-2ace-470c-90fe-1b59db85bd2d,FirstNumber=730,secondNumber=157}  added by thread pool-3-thread-6
 message  {Id=691265a8-2ace-470c-90fe-1b59db85bd2d,FirstNumber=730,secondNumber=157}  written to file by thread pool-3-thread-4
 message  {Id=fe543fab-4340-46ae-844c-174cc1024f4c,FirstNumber=268,secondNumber=1856}  added by thread pool-3-thread-6
 message  {Id=fe543fab-4340-46ae-844c-174cc1024f4c,FirstNumber=268,secondNumber=1856}  written to file by thread pool-3-thread-3
 message  {Id=eb777887-fb92-459b-b27e-1134054967d2,FirstNumber=405,secondNumber=1883}  added by thread pool-3-thread-6
 message  {Id=eb777887-fb92-459b-b27e-1134054967d2,FirstNumber=405,secondNumber=1883}  written to file by thread pool-3-thread-3
 message  {Id=e62c55fd-8ae3-4434-b573-7a397e762574,FirstNumber=448,secondNumber=867}  added by thread pool-3-thread-6
 message  {Id=e62c55fd-8ae3-4434-b573-7a397e762574,FirstNumber=448,secondNumber=867}  written to file by thread pool-3-thread-3
 message  {Id=422264f3-36a1-4f6f-a959-6ffd1c19c4ef,FirstNumber=393,secondNumber=1222}  added by thread pool-3-thread-6
 message  {Id=422264f3-36a1-4f6f-a959-6ffd1c19c4ef,FirstNumber=393,secondNumber=1222}  written to file by thread pool-3-thread-1
 message  {Id=2591ea52-7563-48d8-80ef-6a2e00451839,FirstNumber=614,secondNumber=1565}  added by thread pool-3-thread-6
 message  {Id=2591ea52-7563-48d8-80ef-6a2e00451839,FirstNumber=614,secondNumber=1565}  written to file by thread pool-3-thread-4
 message  {Id=3e059ef3-e3e0-40c0-8068-049973d46cae,FirstNumber=736,secondNumber=1411}  added by thread pool-3-thread-6
 message  {Id=bde19f92-5d8c-400e-96fa-347c393b2f5e,FirstNumber=521,secondNumber=1544}  added by thread pool-3-thread-6
 message  {Id=3e059ef3-e3e0-40c0-8068-049973d46cae,FirstNumber=736,secondNumber=1411}  written to file by thread pool-3-thread-5
 message  {Id=bde19f92-5d8c-400e-96fa-347c393b2f5e,FirstNumber=521,secondNumber=1544}  written to file by thread pool-3-thread-2
 message  {Id=b8164ee2-4682-4482-a08e-c9af9fb4f1a4,FirstNumber=842,secondNumber=1327}  added by thread pool-3-thread-6
 message  {Id=b8164ee2-4682-4482-a08e-c9af9fb4f1a4,FirstNumber=842,secondNumber=1327}  written to file by thread pool-3-thread-2
 message  {Id=6cae37f2-b4b8-4399-9b91-7472e1442047,FirstNumber=44,secondNumber=369}  added by thread pool-3-thread-6
 message  {Id=6cae37f2-b4b8-4399-9b91-7472e1442047,FirstNumber=44,secondNumber=369}  written to file by thread pool-3-thread-1
 message  {Id=64bb7b21-ae95-4ee2-9750-88e7222142f4,FirstNumber=89,secondNumber=1208}  added by thread pool-3-thread-6
 message  {Id=64bb7b21-ae95-4ee2-9750-88e7222142f4,FirstNumber=89,secondNumber=1208}  written to file by thread pool-3-thread-4
 message  {Id=c75631c7-2901-4c6e-a74e-c0d5b3872d17,FirstNumber=542,secondNumber=1838}  added by thread pool-3-thread-6
 message  {Id=34d7b6b9-ecb1-4b2d-b91d-591f9ab25f8b,FirstNumber=751,secondNumber=1543}  added by thread pool-3-thread-6
 message  {Id=c75631c7-2901-4c6e-a74e-c0d5b3872d17,FirstNumber=542,secondNumber=1838}  written to file by thread pool-3-thread-5
 message  {Id=fa37fe26-b6fa-4347-b772-c87143e4322e,FirstNumber=737,secondNumber=1284}  added by thread pool-3-thread-6
 message  {Id=34d7b6b9-ecb1-4b2d-b91d-591f9ab25f8b,FirstNumber=751,secondNumber=1543}  written to file by thread pool-3-thread-3
 message  {Id=fa37fe26-b6fa-4347-b772-c87143e4322e,FirstNumber=737,secondNumber=1284}  written to file by thread pool-3-thread-2
 message  {Id=ec13bd03-0060-4221-ae50-565a4852a01d,FirstNumber=316,secondNumber=1096}  added by thread pool-3-thread-6
 message  {Id=ec13bd03-0060-4221-ae50-565a4852a01d,FirstNumber=316,secondNumber=1096}  written to file by thread pool-3-thread-2
 message  {Id=2a720dc5-d430-4b39-8762-836ef419f47d,FirstNumber=193,secondNumber=264}  added by thread pool-3-thread-6
 message  {Id=2a720dc5-d430-4b39-8762-836ef419f47d,FirstNumber=193,secondNumber=264}  written to file by thread pool-3-thread-2
 message  {Id=6ad29b0d-bc49-4e66-b364-a6ac6b55e954,FirstNumber=287,secondNumber=1152}  added by thread pool-3-thread-6
 message  {Id=f8ed89e3-1d16-492e-9955-83172808efe8,FirstNumber=173,secondNumber=1444}  added by thread pool-3-thread-6
 message  {Id=6ad29b0d-bc49-4e66-b364-a6ac6b55e954,FirstNumber=287,secondNumber=1152}  written to file by thread pool-3-thread-5
 message  {Id=f8ed89e3-1d16-492e-9955-83172808efe8,FirstNumber=173,secondNumber=1444}  written to file by thread pool-3-thread-3
 message  {Id=2ce7394c-ac4f-4318-8c46-21941880b4da,FirstNumber=645,secondNumber=777}  added by thread pool-3-thread-6
 message  {Id=2ce7394c-ac4f-4318-8c46-21941880b4da,FirstNumber=645,secondNumber=777}  written to file by thread pool-3-thread-1
 message  {Id=14745b73-ac5c-4b4c-a056-0a3ccdb642c8,FirstNumber=866,secondNumber=506}  added by thread pool-3-thread-6
 message  {Id=14745b73-ac5c-4b4c-a056-0a3ccdb642c8,FirstNumber=866,secondNumber=506}  written to file by thread pool-3-thread-4
 message  {Id=0d86ea08-1fdf-4700-9dde-226c7434e0d8,FirstNumber=806,secondNumber=796}  added by thread pool-3-thread-6
 message  {Id=0d86ea08-1fdf-4700-9dde-226c7434e0d8,FirstNumber=806,secondNumber=796}  written to file by thread pool-3-thread-2
 message  {Id=a60fc5c4-6118-402a-91f8-b58cfdb3567e,FirstNumber=360,secondNumber=1766}  added by thread pool-3-thread-6
 message  {Id=a60fc5c4-6118-402a-91f8-b58cfdb3567e,FirstNumber=360,secondNumber=1766}  written to file by thread pool-3-thread-5
 message  {Id=caae486b-a025-456f-95b7-67dde67f45be,FirstNumber=34,secondNumber=1782}  added by thread pool-3-thread-6
 message  {Id=caae486b-a025-456f-95b7-67dde67f45be,FirstNumber=34,secondNumber=1782}  written to file by thread pool-3-thread-5
 message  {Id=ce5f775b-00f3-4211-b0fb-f7139271b38d,FirstNumber=111,secondNumber=42}  added by thread pool-3-thread-6
 message  {Id=ce5f775b-00f3-4211-b0fb-f7139271b38d,FirstNumber=111,secondNumber=42}  written to file by thread pool-3-thread-1
 message  {Id=9fc19841-8aa8-4421-8d3b-d78251512582,FirstNumber=520,secondNumber=510}  added by thread pool-3-thread-6
 message  {Id=9fc19841-8aa8-4421-8d3b-d78251512582,FirstNumber=520,secondNumber=510}  written to file by thread pool-3-thread-4
 message  {Id=7616596e-9948-48df-abdd-a52284c9d32c,FirstNumber=440,secondNumber=1349}  added by thread pool-3-thread-6
 message  {Id=7616596e-9948-48df-abdd-a52284c9d32c,FirstNumber=440,secondNumber=1349}  written to file by thread pool-3-thread-4
 message  {Id=159ac72d-553a-40ec-bfc3-32c4cd38a872,FirstNumber=222,secondNumber=478}  added by thread pool-3-thread-6
 message  {Id=a590a59a-0f7e-4499-90c0-797bed1b38a5,FirstNumber=474,secondNumber=802}  added by thread pool-3-thread-6
 message  {Id=159ac72d-553a-40ec-bfc3-32c4cd38a872,FirstNumber=222,secondNumber=478}  written to file by thread pool-3-thread-3
 message  {Id=a590a59a-0f7e-4499-90c0-797bed1b38a5,FirstNumber=474,secondNumber=802}  written to file by thread pool-3-thread-5
 message  {Id=2ac3bc8b-067c-4345-ba12-a3d79e8b86c9,FirstNumber=63,secondNumber=434}  added by thread pool-3-thread-6
 message  {Id=2ac3bc8b-067c-4345-ba12-a3d79e8b86c9,FirstNumber=63,secondNumber=434}  written to file by thread pool-3-thread-1
 message  {Id=7fbfc89e-18f3-4bfe-a3e9-055745d844e9,FirstNumber=15,secondNumber=415}  added by thread pool-3-thread-6
 message  {Id=7fbfc89e-18f3-4bfe-a3e9-055745d844e9,FirstNumber=15,secondNumber=415}  written to file by thread pool-3-thread-1
 message  {Id=9d907fd0-c327-4a56-b7de-ea569e9df7b9,FirstNumber=788,secondNumber=1885}  added by thread pool-3-thread-6
 message  {Id=9d907fd0-c327-4a56-b7de-ea569e9df7b9,FirstNumber=788,secondNumber=1885}  written to file by thread pool-3-thread-4
 message  {Id=c1551386-56ce-4091-9d48-3b903badbba3,FirstNumber=282,secondNumber=261}  added by thread pool-3-thread-6
 message  {Id=c1551386-56ce-4091-9d48-3b903badbba3,FirstNumber=282,secondNumber=261}  written to file by thread pool-3-thread-3
 message  {Id=054f8054-0295-4d19-90ef-a72caea2e0bf,FirstNumber=482,secondNumber=1676}  added by thread pool-3-thread-6
 message  {Id=054f8054-0295-4d19-90ef-a72caea2e0bf,FirstNumber=482,secondNumber=1676}  written to file by thread pool-3-thread-3
 message  {Id=b1160e0e-342f-4a3b-94be-51e0b3f3387d,FirstNumber=645,secondNumber=1197}  added by thread pool-3-thread-6
 message  {Id=b1160e0e-342f-4a3b-94be-51e0b3f3387d,FirstNumber=645,secondNumber=1197}  written to file by thread pool-3-thread-2
 message  {Id=2a096e91-9d7e-4b4c-971a-ba03345405dd,FirstNumber=574,secondNumber=1711}  added by thread pool-3-thread-6
 message  {Id=2a096e91-9d7e-4b4c-971a-ba03345405dd,FirstNumber=574,secondNumber=1711}  written to file by thread pool-3-thread-2
 message  {Id=e8ba6539-decb-40cb-909d-3c203f179827,FirstNumber=858,secondNumber=160}  added by thread pool-3-thread-6
 message  {Id=e8ba6539-decb-40cb-909d-3c203f179827,FirstNumber=858,secondNumber=160}  written to file by thread pool-3-thread-2
 message  {Id=b77b908b-3ae5-47d5-88c7-d0fdffd79390,FirstNumber=83,secondNumber=1084}  added by thread pool-3-thread-6
 message  {Id=c34367d7-b17d-4f75-9471-a80238f91997,FirstNumber=509,secondNumber=927}  added by thread pool-3-thread-6
 message  {Id=b77b908b-3ae5-47d5-88c7-d0fdffd79390,FirstNumber=83,secondNumber=1084}  written to file by thread pool-3-thread-5
 message  {Id=c34367d7-b17d-4f75-9471-a80238f91997,FirstNumber=509,secondNumber=927}  written to file by thread pool-3-thread-3
 message  {Id=56767156-762a-4b10-bc57-97c17deb4044,FirstNumber=65,secondNumber=318}  added by thread pool-3-thread-6
 message  {Id=56767156-762a-4b10-bc57-97c17deb4044,FirstNumber=65,secondNumber=318}  written to file by thread pool-3-thread-1
 message  {Id=e329dec0-4ade-4938-9fe6-79a6f4233da7,FirstNumber=605,secondNumber=296}  added by thread pool-3-thread-6
 message  {Id=e329dec0-4ade-4938-9fe6-79a6f4233da7,FirstNumber=605,secondNumber=296}  written to file by thread pool-3-thread-4
 message  {Id=00d7c541-d0da-4e70-905f-39394d731898,FirstNumber=90,secondNumber=50}  added by thread pool-3-thread-6
 message  {Id=00d7c541-d0da-4e70-905f-39394d731898,FirstNumber=90,secondNumber=50}  written to file by thread pool-3-thread-2
 message  {Id=77df4810-c43f-4e65-b0de-e9e21cb659e6,FirstNumber=154,secondNumber=1314}  added by thread pool-3-thread-6
 message  {Id=77df4810-c43f-4e65-b0de-e9e21cb659e6,FirstNumber=154,secondNumber=1314}  written to file by thread pool-3-thread-5
 message  {Id=244c1002-7ddb-4e2b-b9da-fc3e1bad47cd,FirstNumber=455,secondNumber=610}  added by thread pool-3-thread-6
 message  {Id=244c1002-7ddb-4e2b-b9da-fc3e1bad47cd,FirstNumber=455,secondNumber=610}  written to file by thread pool-3-thread-5
 message  {Id=0631c78c-8975-400a-ab02-e01fbc2c492a,FirstNumber=547,secondNumber=1936}  added by thread pool-3-thread-6
 message  {Id=0631c78c-8975-400a-ab02-e01fbc2c492a,FirstNumber=547,secondNumber=1936}  written to file by thread pool-3-thread-5
 message  {Id=65449513-647e-435f-9a0e-dfef8c0026b4,FirstNumber=448,secondNumber=1446}  added by thread pool-3-thread-6
 message  {Id=65449513-647e-435f-9a0e-dfef8c0026b4,FirstNumber=448,secondNumber=1446}  written to file by thread pool-3-thread-4
 message  {Id=02d76fb5-7e7d-4941-820a-10d49cda6e02,FirstNumber=956,secondNumber=59}  added by thread pool-3-thread-6
 message  {Id=02d76fb5-7e7d-4941-820a-10d49cda6e02,FirstNumber=956,secondNumber=59}  written to file by thread pool-3-thread-4
 message  {Id=82c1620a-5c21-48de-9446-7ea82f021d8d,FirstNumber=154,secondNumber=564}  added by thread pool-3-thread-6
 message  {Id=b5824036-1917-44f0-8741-528a79e543ee,FirstNumber=500,secondNumber=1279}  added by thread pool-3-thread-6
 message  {Id=82c1620a-5c21-48de-9446-7ea82f021d8d,FirstNumber=154,secondNumber=564}  written to file by thread pool-3-thread-3
 message  {Id=b5824036-1917-44f0-8741-528a79e543ee,FirstNumber=500,secondNumber=1279}  written to file by thread pool-3-thread-1
 message  {Id=d90000e2-11d7-4919-8573-e861130bff58,FirstNumber=542,secondNumber=1477}  added by thread pool-3-thread-6
 message  {Id=d90000e2-11d7-4919-8573-e861130bff58,FirstNumber=542,secondNumber=1477}  written to file by thread pool-3-thread-1
 message  {Id=7dcfd6f6-2862-4da6-b5a1-29e23b946e20,FirstNumber=876,secondNumber=219}  added by thread pool-3-thread-6
 message  {Id=7dcfd6f6-2862-4da6-b5a1-29e23b946e20,FirstNumber=876,secondNumber=219}  written to file by thread pool-3-thread-2
 message  {Id=30aa0404-9eec-453b-b98f-39bfdf87ddcc,FirstNumber=819,secondNumber=1652}  added by thread pool-3-thread-6
 message  {Id=30aa0404-9eec-453b-b98f-39bfdf87ddcc,FirstNumber=819,secondNumber=1652}  written to file by thread pool-3-thread-2
 message  {Id=a40973bc-c8d1-4d37-8d41-70cc14cb33b7,FirstNumber=552,secondNumber=1996}  added by thread pool-3-thread-6
 message  {Id=a40973bc-c8d1-4d37-8d41-70cc14cb33b7,FirstNumber=552,secondNumber=1996}  written to file by thread pool-3-thread-3
 message  {Id=c0e3519d-32eb-4576-ad16-54f06d3f514d,FirstNumber=494,secondNumber=97}  added by thread pool-3-thread-6
 message  {Id=c0e3519d-32eb-4576-ad16-54f06d3f514d,FirstNumber=494,secondNumber=97}  written to file by thread pool-3-thread-3
 message  {Id=27c3101a-89c7-472a-bca3-c53c9b2362e0,FirstNumber=481,secondNumber=1176}  added by thread pool-3-thread-6
 message  {Id=27c3101a-89c7-472a-bca3-c53c9b2362e0,FirstNumber=481,secondNumber=1176}  written to file by thread pool-3-thread-1
 message  {Id=e838efd3-a3eb-4a07-b058-339f6353f472,FirstNumber=45,secondNumber=319}  added by thread pool-3-thread-6
 message  {Id=e838efd3-a3eb-4a07-b058-339f6353f472,FirstNumber=45,secondNumber=319}  written to file by thread pool-3-thread-4
 message  {Id=110a682a-b789-44e0-b4a8-45cd32ea339e,FirstNumber=779,secondNumber=103}  added by thread pool-3-thread-6
 message  {Id=110a682a-b789-44e0-b4a8-45cd32ea339e,FirstNumber=779,secondNumber=103}  written to file by thread pool-3-thread-2
 message  {Id=c52157d2-dcb0-4026-aefb-0b366e9a0105,FirstNumber=550,secondNumber=427}  added by thread pool-3-thread-6
 message  {Id=39a91398-0bfc-408f-b763-ab8764c86ae0,FirstNumber=241,secondNumber=1326}  added by thread pool-3-thread-6
 message  {Id=c52157d2-dcb0-4026-aefb-0b366e9a0105,FirstNumber=550,secondNumber=427}  written to file by thread pool-3-thread-5
 message  {Id=39a91398-0bfc-408f-b763-ab8764c86ae0,FirstNumber=241,secondNumber=1326}  written to file by thread pool-3-thread-3
 message  {Id=6cd7a4d4-41fd-4f43-b6b0-dbe446853910,FirstNumber=849,secondNumber=1273}  added by thread pool-3-thread-6
 message  {Id=6cd7a4d4-41fd-4f43-b6b0-dbe446853910,FirstNumber=849,secondNumber=1273}  written to file by thread pool-3-thread-1
 message  {Id=bae228a7-944e-4aaf-a0c7-a5e8aaf3fbae,FirstNumber=223,secondNumber=1427}  added by thread pool-3-thread-6
 message  {Id=bae228a7-944e-4aaf-a0c7-a5e8aaf3fbae,FirstNumber=223,secondNumber=1427}  written to file by thread pool-3-thread-4
 message  {Id=94c6667e-1e6d-4b0a-8e59-b07c95ddf811,FirstNumber=388,secondNumber=459}  added by thread pool-3-thread-6
 message  {Id=94c6667e-1e6d-4b0a-8e59-b07c95ddf811,FirstNumber=388,secondNumber=459}  written to file by thread pool-3-thread-2
 message  {Id=dcbedd16-587b-41b4-910f-1f1dcb8f87e2,FirstNumber=181,secondNumber=1456}  added by thread pool-3-thread-6
 message  {Id=dcbedd16-587b-41b4-910f-1f1dcb8f87e2,FirstNumber=181,secondNumber=1456}  written to file by thread pool-3-thread-5
 message  {Id=dcaa19cb-1970-4491-9566-905c96a0b346,FirstNumber=533,secondNumber=273}  added by thread pool-3-thread-6
 message  {Id=73074713-88bc-4e94-a04e-1dce39388163,FirstNumber=572,secondNumber=484}  added by thread pool-3-thread-6
 message  {Id=dcaa19cb-1970-4491-9566-905c96a0b346,FirstNumber=533,secondNumber=273}  written to file by thread pool-3-thread-3
 message  {Id=73074713-88bc-4e94-a04e-1dce39388163,FirstNumber=572,secondNumber=484}  written to file by thread pool-3-thread-1
 message  {Id=4408fe13-e75b-46e5-828f-d0aad19bc33f,FirstNumber=829,secondNumber=1291}  added by thread pool-3-thread-6
 message  {Id=4408fe13-e75b-46e5-828f-d0aad19bc33f,FirstNumber=829,secondNumber=1291}  written to file by thread pool-3-thread-4
 message  {Id=42a1268b-cb3e-4f69-8250-b17c5b9ccea8,FirstNumber=898,secondNumber=1968}  added by thread pool-3-thread-6
 message  {Id=42a1268b-cb3e-4f69-8250-b17c5b9ccea8,FirstNumber=898,secondNumber=1968}  written to file by thread pool-3-thread-2
 message  {Id=7f06cb6a-d7f6-4d46-9b84-7648fd648811,FirstNumber=496,secondNumber=1603}  added by thread pool-3-thread-6
 message  {Id=7f06cb6a-d7f6-4d46-9b84-7648fd648811,FirstNumber=496,secondNumber=1603}  written to file by thread pool-3-thread-2
 message  {Id=f915611b-d6f1-49d8-82f9-0fd09c829401,FirstNumber=961,secondNumber=1725}  added by thread pool-3-thread-6
 message  {Id=f915611b-d6f1-49d8-82f9-0fd09c829401,FirstNumber=961,secondNumber=1725}  written to file by thread pool-3-thread-2
 message  {Id=1b5b174a-092b-430e-8885-1eb5be909a04,FirstNumber=645,secondNumber=1301}  added by thread pool-3-thread-6
 message  {Id=1b5b174a-092b-430e-8885-1eb5be909a04,FirstNumber=645,secondNumber=1301}  written to file by thread pool-3-thread-1
 message  {Id=6cf2a03e-bb3b-42dc-8517-0da1cefd6c61,FirstNumber=730,secondNumber=119}  added by thread pool-3-thread-6
 message  {Id=6cf2a03e-bb3b-42dc-8517-0da1cefd6c61,FirstNumber=730,secondNumber=119}  written to file by thread pool-3-thread-4
 message  {Id=c3fb2a4a-c924-4501-951a-af1acf61c749,FirstNumber=930,secondNumber=1036}  added by thread pool-3-thread-6
 message  {Id=059c1376-66a3-4a1e-958f-8085b9c89541,FirstNumber=469,secondNumber=1304}  added by thread pool-3-thread-6
 message  {Id=c3fb2a4a-c924-4501-951a-af1acf61c749,FirstNumber=930,secondNumber=1036}  written to file by thread pool-3-thread-5
 message  {Id=3bba4796-49c9-45d0-acf3-7e828f52321e,FirstNumber=858,secondNumber=1217}  added by thread pool-3-thread-6
 message  {Id=059c1376-66a3-4a1e-958f-8085b9c89541,FirstNumber=469,secondNumber=1304}  written to file by thread pool-3-thread-3
 message  {Id=3bba4796-49c9-45d0-acf3-7e828f52321e,FirstNumber=858,secondNumber=1217}  written to file by thread pool-3-thread-2
 message  {Id=9c138fbe-72e6-4658-a379-8865a9f25069,FirstNumber=860,secondNumber=55}  added by thread pool-3-thread-6
 message  {Id=9c138fbe-72e6-4658-a379-8865a9f25069,FirstNumber=860,secondNumber=55}  written to file by thread pool-3-thread-1
 message  {Id=5bd971c0-cad5-4fea-8473-d0bba8dd35d6,FirstNumber=52,secondNumber=1982}  added by thread pool-3-thread-6
 message  {Id=5bd971c0-cad5-4fea-8473-d0bba8dd35d6,FirstNumber=52,secondNumber=1982}  written to file by thread pool-3-thread-1
 message  {Id=9883af39-3343-42cf-83a3-34011fcfff8d,FirstNumber=388,secondNumber=1732}  added by thread pool-3-thread-6
 message  {Id=9883af39-3343-42cf-83a3-34011fcfff8d,FirstNumber=388,secondNumber=1732}  written to file by thread pool-3-thread-5
 message  {Id=0a135e67-5756-4fca-b461-6f619ba49ff8,FirstNumber=453,secondNumber=1200}  added by thread pool-3-thread-6
 message  {Id=af999e00-005b-480d-bcf8-b895827849e2,FirstNumber=699,secondNumber=594}  added by thread pool-3-thread-6
 message  {Id=0a135e67-5756-4fca-b461-6f619ba49ff8,FirstNumber=453,secondNumber=1200}  written to file by thread pool-3-thread-5
 message  {Id=af999e00-005b-480d-bcf8-b895827849e2,FirstNumber=699,secondNumber=594}  written to file by thread pool-3-thread-2
 message  {Id=ef7090c6-cd30-40ec-a14c-45bbb1e17abd,FirstNumber=571,secondNumber=1321}  added by thread pool-3-thread-6
 message  {Id=ef7090c6-cd30-40ec-a14c-45bbb1e17abd,FirstNumber=571,secondNumber=1321}  written to file by thread pool-3-thread-2
 message  {Id=4a61f308-602c-4491-ad08-f5dd80cb2f0d,FirstNumber=253,secondNumber=21}  added by thread pool-3-thread-6
 message  {Id=4a61f308-602c-4491-ad08-f5dd80cb2f0d,FirstNumber=253,secondNumber=21}  written to file by thread pool-3-thread-1
 message  {Id=26c9e937-065c-4a6a-a9fb-eba151074515,FirstNumber=158,secondNumber=685}  added by thread pool-3-thread-6
 message  {Id=e5c37a5c-3167-4b18-b6a0-f17654d1667b,FirstNumber=631,secondNumber=1939}  added by thread pool-3-thread-6
 message  {Id=26c9e937-065c-4a6a-a9fb-eba151074515,FirstNumber=158,secondNumber=685}  written to file by thread pool-3-thread-3
 message  {Id=ac7daf18-9e40-4aec-a366-cc9779766397,FirstNumber=296,secondNumber=1796}  added by thread pool-3-thread-6
 message  {Id=e5c37a5c-3167-4b18-b6a0-f17654d1667b,FirstNumber=631,secondNumber=1939}  written to file by thread pool-3-thread-5
 message  {Id=ac7daf18-9e40-4aec-a366-cc9779766397,FirstNumber=296,secondNumber=1796}  written to file by thread pool-3-thread-4
 message  {Id=6282eaef-b338-4e86-9464-0ede7b7d8f60,FirstNumber=409,secondNumber=1962}  added by thread pool-3-thread-6
 message  {Id=6282eaef-b338-4e86-9464-0ede7b7d8f60,FirstNumber=409,secondNumber=1962}  written to file by thread pool-3-thread-4
 message  {Id=7711e64f-a409-494d-92c5-9742259078bb,FirstNumber=802,secondNumber=75}  added by thread pool-3-thread-6
 message  {Id=7711e64f-a409-494d-92c5-9742259078bb,FirstNumber=802,secondNumber=75}  written to file by thread pool-3-thread-1
 message  {Id=f00e9436-772f-4e91-be28-b9f7045ab287,FirstNumber=28,secondNumber=1471}  added by thread pool-3-thread-6
 message  {Id=f00e9436-772f-4e91-be28-b9f7045ab287,FirstNumber=28,secondNumber=1471}  written to file by thread pool-3-thread-1
 message  {Id=b58e0ec6-e30e-44c6-b3db-fe2d44d2a2bb,FirstNumber=569,secondNumber=1860}  added by thread pool-3-thread-6
 message  {Id=737e22f7-62e6-4b99-a7c9-08dc35baf27d,FirstNumber=102,secondNumber=1138}  added by thread pool-3-thread-6
 message  {Id=b58e0ec6-e30e-44c6-b3db-fe2d44d2a2bb,FirstNumber=569,secondNumber=1860}  written to file by thread pool-3-thread-5
 message  {Id=737e22f7-62e6-4b99-a7c9-08dc35baf27d,FirstNumber=102,secondNumber=1138}  written to file by thread pool-3-thread-2
 message  {Id=e2115dca-46a3-420f-9809-c46124fb899b,FirstNumber=73,secondNumber=1788}  added by thread pool-3-thread-6
 message  {Id=e2115dca-46a3-420f-9809-c46124fb899b,FirstNumber=73,secondNumber=1788}  written to file by thread pool-3-thread-2
 message  {Id=ad478462-00a2-4401-8156-5d862e0f1b38,FirstNumber=825,secondNumber=1047}  added by thread pool-3-thread-6
 message  {Id=ad478462-00a2-4401-8156-5d862e0f1b38,FirstNumber=825,secondNumber=1047}  written to file by thread pool-3-thread-3
 message  {Id=1289ebd7-92cb-42ba-aabd-3654fa5dccba,FirstNumber=826,secondNumber=145}  added by thread pool-3-thread-6
 message  {Id=1289ebd7-92cb-42ba-aabd-3654fa5dccba,FirstNumber=826,secondNumber=145}  written to file by thread pool-3-thread-3
 message  {Id=a8bff364-b757-4a8e-8d5c-edde3b02e8e1,FirstNumber=433,secondNumber=1365}  added by thread pool-3-thread-6
 message  {Id=a8bff364-b757-4a8e-8d5c-edde3b02e8e1,FirstNumber=433,secondNumber=1365}  written to file by thread pool-3-thread-5
 message  {Id=17f56cc3-abfd-4a8b-bba7-94620b6f649f,FirstNumber=966,secondNumber=229}  added by thread pool-3-thread-6
 message  {Id=17f56cc3-abfd-4a8b-bba7-94620b6f649f,FirstNumber=966,secondNumber=229}  written to file by thread pool-3-thread-4
 message  {Id=870e9ca1-da46-49b7-ab3e-ccff91d724ab,FirstNumber=983,secondNumber=1115}  added by thread pool-3-thread-6
 message  {Id=870e9ca1-da46-49b7-ab3e-ccff91d724ab,FirstNumber=983,secondNumber=1115}  written to file by thread pool-3-thread-4
 message  {Id=6c94611e-8c82-4e2d-a0ce-42476b03a3ee,FirstNumber=742,secondNumber=1242}  added by thread pool-3-thread-6
 message  {Id=6c94611e-8c82-4e2d-a0ce-42476b03a3ee,FirstNumber=742,secondNumber=1242}  written to file by thread pool-3-thread-1
 message  {Id=0394a2a1-7e36-417c-a178-42279263c1ed,FirstNumber=983,secondNumber=1054}  added by thread pool-3-thread-6
 message  {Id=0394a2a1-7e36-417c-a178-42279263c1ed,FirstNumber=983,secondNumber=1054}  written to file by thread pool-3-thread-3
 message  {Id=fcb09382-bfa5-4855-84ca-9eb72bda164a,FirstNumber=859,secondNumber=291}  added by thread pool-3-thread-6
 message  {Id=521ff9be-5fa7-46b9-8e4a-93bd4b1f9e12,FirstNumber=520,secondNumber=398}  added by thread pool-3-thread-6
 message  {Id=fcb09382-bfa5-4855-84ca-9eb72bda164a,FirstNumber=859,secondNumber=291}  written to file by thread pool-3-thread-5
 message  {Id=521ff9be-5fa7-46b9-8e4a-93bd4b1f9e12,FirstNumber=520,secondNumber=398}  written to file by thread pool-3-thread-2
 message  {Id=d2be9461-8a4b-449a-a62a-3ef04ff08567,FirstNumber=797,secondNumber=613}  added by thread pool-3-thread-6
 message  {Id=d2be9461-8a4b-449a-a62a-3ef04ff08567,FirstNumber=797,secondNumber=613}  written to file by thread pool-3-thread-2
 message  {Id=97b268cd-a227-4ccc-a155-1747ad2d3954,FirstNumber=67,secondNumber=470}  added by thread pool-3-thread-6
 message  {Id=97b268cd-a227-4ccc-a155-1747ad2d3954,FirstNumber=67,secondNumber=470}  written to file by thread pool-3-thread-2
 message  {Id=dbc96ccc-59bd-4182-8a16-146aacb10888,FirstNumber=839,secondNumber=1620}  added by thread pool-3-thread-6
 message  {Id=dbc96ccc-59bd-4182-8a16-146aacb10888,FirstNumber=839,secondNumber=1620}  written to file by thread pool-3-thread-3
 message  {Id=4fcf50de-54fc-4009-8dd3-82e7cf9174a6,FirstNumber=104,secondNumber=552}  added by thread pool-3-thread-6
 message  {Id=4fcf50de-54fc-4009-8dd3-82e7cf9174a6,FirstNumber=104,secondNumber=552}  written to file by thread pool-3-thread-5
 message  {Id=9ccb2699-f1bd-4bed-bb94-fdf73737bbc5,FirstNumber=133,secondNumber=1386}  added by thread pool-3-thread-6
 message  {Id=9ccb2699-f1bd-4bed-bb94-fdf73737bbc5,FirstNumber=133,secondNumber=1386}  written to file by thread pool-3-thread-4
 message  {Id=13a10fb0-74c1-4e8d-b175-2dab5864862a,FirstNumber=334,secondNumber=87}  added by thread pool-3-thread-6
 message  {Id=13a10fb0-74c1-4e8d-b175-2dab5864862a,FirstNumber=334,secondNumber=87}  written to file by thread pool-3-thread-4
 message  {Id=1c04391c-a77a-4a01-9488-1250b37df5a0,FirstNumber=783,secondNumber=1938}  added by thread pool-3-thread-6
 message  {Id=1c04391c-a77a-4a01-9488-1250b37df5a0,FirstNumber=783,secondNumber=1938}  written to file by thread pool-3-thread-2
 message  {Id=f415624a-0885-4bf2-a05f-bd615cd762b9,FirstNumber=104,secondNumber=261}  added by thread pool-3-thread-6
 message  {Id=f415624a-0885-4bf2-a05f-bd615cd762b9,FirstNumber=104,secondNumber=261}  written to file by thread pool-3-thread-2
 message  {Id=c23425f9-bd0a-4ccc-b0a9-fb7d8d766f2b,FirstNumber=78,secondNumber=180}  added by thread pool-3-thread-6
 message  {Id=86549f9f-7b0e-40c7-a69d-16e5756e1b5a,FirstNumber=339,secondNumber=985}  added by thread pool-3-thread-6
 message  {Id=c23425f9-bd0a-4ccc-b0a9-fb7d8d766f2b,FirstNumber=78,secondNumber=180}  written to file by thread pool-3-thread-5
 message  {Id=86549f9f-7b0e-40c7-a69d-16e5756e1b5a,FirstNumber=339,secondNumber=985}  written to file by thread pool-3-thread-1
 message  {Id=bfb8f5b7-2857-4f21-b60d-0cdfe4dcae3a,FirstNumber=876,secondNumber=1384}  added by thread pool-3-thread-6
 message  {Id=bfb8f5b7-2857-4f21-b60d-0cdfe4dcae3a,FirstNumber=876,secondNumber=1384}  written to file by thread pool-3-thread-1
 message  {Id=2d41073f-003c-4074-831a-c032cb0a01cd,FirstNumber=738,secondNumber=1233}  added by thread pool-3-thread-6
 message  {Id=2d41073f-003c-4074-831a-c032cb0a01cd,FirstNumber=738,secondNumber=1233}  written to file by thread pool-3-thread-3
 message  {Id=f745fb9d-44ac-4695-92ca-703bd21c64ed,FirstNumber=709,secondNumber=996}  added by thread pool-3-thread-6
 message  {Id=b6d5a814-5e61-4da2-8b76-d7b4e2ac1508,FirstNumber=551,secondNumber=194}  added by thread pool-3-thread-6
 message  {Id=f745fb9d-44ac-4695-92ca-703bd21c64ed,FirstNumber=709,secondNumber=996}  written to file by thread pool-3-thread-2
 message  {Id=b6d5a814-5e61-4da2-8b76-d7b4e2ac1508,FirstNumber=551,secondNumber=194}  written to file by thread pool-3-thread-5
 message  {Id=909ef58d-4c3e-4d6f-b3be-1858f61ca902,FirstNumber=114,secondNumber=1907}  added by thread pool-3-thread-6
 message  {Id=909ef58d-4c3e-4d6f-b3be-1858f61ca902,FirstNumber=114,secondNumber=1907}  written to file by thread pool-3-thread-4
 message  {Id=de38ac07-8815-45f6-a620-dd95c1b8c298,FirstNumber=779,secondNumber=545}  added by thread pool-3-thread-6
 message  {Id=de38ac07-8815-45f6-a620-dd95c1b8c298,FirstNumber=779,secondNumber=545}  written to file by thread pool-3-thread-4
 message  {Id=91cb84bc-f70e-497b-90ba-0c9251200f24,FirstNumber=776,secondNumber=57}  added by thread pool-3-thread-6
 message  {Id=91cb84bc-f70e-497b-90ba-0c9251200f24,FirstNumber=776,secondNumber=57}  written to file by thread pool-3-thread-3
 message  {Id=c98fd388-88c6-461f-96b2-85a9e1ad41c4,FirstNumber=335,secondNumber=1219}  added by thread pool-3-thread-6
 message  {Id=c98fd388-88c6-461f-96b2-85a9e1ad41c4,FirstNumber=335,secondNumber=1219}  written to file by thread pool-3-thread-2
 message  {Id=1f1ae26a-aecb-4eb7-8a13-37227bbf8d0c,FirstNumber=113,secondNumber=1770}  added by thread pool-3-thread-6
 message  {Id=738ac649-5e7f-4918-b790-72435a76c535,FirstNumber=712,secondNumber=565}  added by thread pool-3-thread-6
 message  {Id=1f1ae26a-aecb-4eb7-8a13-37227bbf8d0c,FirstNumber=113,secondNumber=1770}  written to file by thread pool-3-thread-5
 message  {Id=738ac649-5e7f-4918-b790-72435a76c535,FirstNumber=712,secondNumber=565}  written to file by thread pool-3-thread-1
 message  {Id=985ab6e6-76d0-44e0-94f0-53b2d5e5abcb,FirstNumber=181,secondNumber=1528}  added by thread pool-3-thread-6
 message  {Id=985ab6e6-76d0-44e0-94f0-53b2d5e5abcb,FirstNumber=181,secondNumber=1528}  written to file by thread pool-3-thread-1
 message  {Id=0eebc56e-4ad3-45b2-8ef9-4b4557f083ba,FirstNumber=24,secondNumber=89}  added by thread pool-3-thread-6
 message  {Id=0eebc56e-4ad3-45b2-8ef9-4b4557f083ba,FirstNumber=24,secondNumber=89}  written to file by thread pool-3-thread-3
 message  {Id=6a3f623f-9640-4906-9b7a-e37710d5f0e0,FirstNumber=590,secondNumber=1599}  added by thread pool-3-thread-6
 message  {Id=f9f454cc-508d-412a-bc3e-d1ae3c70af9a,FirstNumber=284,secondNumber=762}  added by thread pool-3-thread-6
 message  {Id=6a3f623f-9640-4906-9b7a-e37710d5f0e0,FirstNumber=590,secondNumber=1599}  written to file by thread pool-3-thread-2
 message  {Id=f9f454cc-508d-412a-bc3e-d1ae3c70af9a,FirstNumber=284,secondNumber=762}  written to file by thread pool-3-thread-5
 message  {Id=97f27562-bad3-46c8-aa73-853fb0ffaa4d,FirstNumber=217,secondNumber=1683}  added by thread pool-3-thread-6
 message  {Id=97f27562-bad3-46c8-aa73-853fb0ffaa4d,FirstNumber=217,secondNumber=1683}  written to file by thread pool-3-thread-4
 message  {Id=6a5f6932-56ba-475e-8a82-ec38df890a13,FirstNumber=195,secondNumber=1514}  added by thread pool-3-thread-6
 message  {Id=6a5f6932-56ba-475e-8a82-ec38df890a13,FirstNumber=195,secondNumber=1514}  written to file by thread pool-3-thread-4
 message  {Id=22f51561-8d11-4961-b3d3-9f1ec08a3262,FirstNumber=905,secondNumber=570}  added by thread pool-3-thread-6
 message  {Id=22f51561-8d11-4961-b3d3-9f1ec08a3262,FirstNumber=905,secondNumber=570}  written to file by thread pool-3-thread-3
 message  {Id=896208ec-9479-4369-87a5-49f698491a93,FirstNumber=686,secondNumber=301}  added by thread pool-3-thread-6
 message  {Id=896208ec-9479-4369-87a5-49f698491a93,FirstNumber=686,secondNumber=301}  written to file by thread pool-3-thread-2
 message  {Id=dd1d7e07-beb1-425e-a2f5-1412878e0124,FirstNumber=992,secondNumber=837}  added by thread pool-3-thread-6
 message  {Id=6441f5da-fafd-4bad-b4e9-4feaa3208e00,FirstNumber=573,secondNumber=1723}  added by thread pool-3-thread-6
 message  {Id=dd1d7e07-beb1-425e-a2f5-1412878e0124,FirstNumber=992,secondNumber=837}  written to file by thread pool-3-thread-5
 message  {Id=6441f5da-fafd-4bad-b4e9-4feaa3208e00,FirstNumber=573,secondNumber=1723}  written to file by thread pool-3-thread-1
 message  {Id=0fae1042-56bf-491a-9dea-fe4ba3074523,FirstNumber=166,secondNumber=799}  added by thread pool-3-thread-6
 message  {Id=0fae1042-56bf-491a-9dea-fe4ba3074523,FirstNumber=166,secondNumber=799}  written to file by thread pool-3-thread-1
 message  {Id=e4b60a72-b8d7-47a1-b884-cf386eb04847,FirstNumber=392,secondNumber=1723}  added by thread pool-3-thread-6
 message  {Id=e4b60a72-b8d7-47a1-b884-cf386eb04847,FirstNumber=392,secondNumber=1723}  written to file by thread pool-3-thread-3
 message  {Id=e17b81a2-28aa-4ad5-9bae-c70055db60f0,FirstNumber=691,secondNumber=689}  added by thread pool-3-thread-6
 message  {Id=2ad0eb67-158f-4693-a888-f0c1605f644e,FirstNumber=574,secondNumber=1645}  added by thread pool-3-thread-6
 message  {Id=e17b81a2-28aa-4ad5-9bae-c70055db60f0,FirstNumber=691,secondNumber=689}  written to file by thread pool-3-thread-2
 message  {Id=2ad0eb67-158f-4693-a888-f0c1605f644e,FirstNumber=574,secondNumber=1645}  written to file by thread pool-3-thread-5
 message  {Id=0f5b9f88-2e7c-4cc3-be7f-5e74e30cb49b,FirstNumber=702,secondNumber=929}  added by thread pool-3-thread-6
 message  {Id=0f5b9f88-2e7c-4cc3-be7f-5e74e30cb49b,FirstNumber=702,secondNumber=929}  written to file by thread pool-3-thread-4
 message  {Id=dc5729bf-1b9a-408e-927c-20fdf9a38225,FirstNumber=207,secondNumber=1608}  added by thread pool-3-thread-6
 message  {Id=dc5729bf-1b9a-408e-927c-20fdf9a38225,FirstNumber=207,secondNumber=1608}  written to file by thread pool-3-thread-4
 message  {Id=a90a54e6-462e-47b9-9dff-6c9f82828165,FirstNumber=498,secondNumber=1315}  added by thread pool-3-thread-6
 message  {Id=a90a54e6-462e-47b9-9dff-6c9f82828165,FirstNumber=498,secondNumber=1315}  written to file by thread pool-3-thread-3
 message  {Id=746a81a8-0ae4-4d00-b9c7-e72026cfd217,FirstNumber=439,secondNumber=1845}  added by thread pool-3-thread-6
 message  {Id=746a81a8-0ae4-4d00-b9c7-e72026cfd217,FirstNumber=439,secondNumber=1845}  written to file by thread pool-3-thread-2
 message  {Id=559eddf5-9b7e-417d-b3f9-0e18431dc910,FirstNumber=179,secondNumber=1008}  added by thread pool-3-thread-6
 message  {Id=b5aa68ab-a1b3-48f0-a737-c7776e9d3dd1,FirstNumber=802,secondNumber=1466}  added by thread pool-3-thread-6
 message  {Id=559eddf5-9b7e-417d-b3f9-0e18431dc910,FirstNumber=179,secondNumber=1008}  written to file by thread pool-3-thread-5
 message  {Id=b5aa68ab-a1b3-48f0-a737-c7776e9d3dd1,FirstNumber=802,secondNumber=1466}  written to file by thread pool-3-thread-1
 message  {Id=ffe0fa3c-63ac-44a3-aaba-1dd74279fd79,FirstNumber=684,secondNumber=1446}  added by thread pool-3-thread-6
 message  {Id=ffe0fa3c-63ac-44a3-aaba-1dd74279fd79,FirstNumber=684,secondNumber=1446}  written to file by thread pool-3-thread-1
 message  {Id=68079f1f-3952-46d0-8934-165e0977f936,FirstNumber=205,secondNumber=1322}  added by thread pool-3-thread-6
 message  {Id=68079f1f-3952-46d0-8934-165e0977f936,FirstNumber=205,secondNumber=1322}  written to file by thread pool-3-thread-3
 message  {Id=9c717962-3a2a-4b78-b193-8d20a183a141,FirstNumber=511,secondNumber=1910}  added by thread pool-3-thread-6
 message  {Id=9c717962-3a2a-4b78-b193-8d20a183a141,FirstNumber=511,secondNumber=1910}  written to file by thread pool-3-thread-3
 message  {Id=1d1e962a-4a38-4117-8d86-32096d6013b2,FirstNumber=373,secondNumber=1104}  added by thread pool-3-thread-6
 message  {Id=1d1e962a-4a38-4117-8d86-32096d6013b2,FirstNumber=373,secondNumber=1104}  written to file by thread pool-3-thread-5
 message  {Id=13133162-1dc5-42fc-b0a0-7d8f28f12f81,FirstNumber=230,secondNumber=787}  added by thread pool-3-thread-6
 message  {Id=13133162-1dc5-42fc-b0a0-7d8f28f12f81,FirstNumber=230,secondNumber=787}  written to file by thread pool-3-thread-4
 message  {Id=ea2eea0f-64ac-4964-b1b4-359ff8892146,FirstNumber=817,secondNumber=1883}  added by thread pool-3-thread-6
 message  {Id=ea2eea0f-64ac-4964-b1b4-359ff8892146,FirstNumber=817,secondNumber=1883}  written to file by thread pool-3-thread-4
 message  {Id=8c1d8df8-29a3-452c-adf7-2758fa5744e1,FirstNumber=674,secondNumber=476}  added by thread pool-3-thread-6
 message  {Id=8c1d8df8-29a3-452c-adf7-2758fa5744e1,FirstNumber=674,secondNumber=476}  written to file by thread pool-3-thread-2
 message  {Id=ec3deb21-ea99-45f2-babb-3a2ff1d04b79,FirstNumber=204,secondNumber=553}  added by thread pool-3-thread-6
 message  {Id=ec3deb21-ea99-45f2-babb-3a2ff1d04b79,FirstNumber=204,secondNumber=553}  written to file by thread pool-3-thread-3
 message  {Id=c8d7c7b1-cedd-4a98-a003-a146881919eb,FirstNumber=733,secondNumber=502}  added by thread pool-3-thread-6
 message  {Id=c8d7c7b1-cedd-4a98-a003-a146881919eb,FirstNumber=733,secondNumber=502}  written to file by thread pool-3-thread-3
 message  {Id=329926c4-d88a-4990-857d-4baa70c957f8,FirstNumber=3,secondNumber=1650}  added by thread pool-3-thread-6
 message  {Id=329926c4-d88a-4990-857d-4baa70c957f8,FirstNumber=3,secondNumber=1650}  written to file by thread pool-3-thread-3
 message  {Id=8091ee6e-ee95-4a65-8911-52bc5cee08f4,FirstNumber=441,secondNumber=1653}  added by thread pool-3-thread-6
 message  {Id=8091ee6e-ee95-4a65-8911-52bc5cee08f4,FirstNumber=441,secondNumber=1653}  written to file by thread pool-3-thread-4
 message  {Id=2aeb14da-a880-4e20-8739-3c6c30c6a47e,FirstNumber=969,secondNumber=39}  added by thread pool-3-thread-6
 message  {Id=2aeb14da-a880-4e20-8739-3c6c30c6a47e,FirstNumber=969,secondNumber=39}  written to file by thread pool-3-thread-4
 message  {Id=f7dfa929-ee6b-4f56-832a-0947a1a3c298,FirstNumber=275,secondNumber=125}  added by thread pool-3-thread-6
 message  {Id=f7dfa929-ee6b-4f56-832a-0947a1a3c298,FirstNumber=275,secondNumber=125}  written to file by thread pool-3-thread-5
 message  {Id=cfe560c6-d9f1-483b-9bd5-20a7cfb9abbd,FirstNumber=913,secondNumber=1779}  added by thread pool-3-thread-6
 message  {Id=cfe560c6-d9f1-483b-9bd5-20a7cfb9abbd,FirstNumber=913,secondNumber=1779}  written to file by thread pool-3-thread-1
 message  {Id=2f2379ef-29a2-407a-8b93-7321c6b54e4d,FirstNumber=954,secondNumber=435}  added by thread pool-3-thread-6
 message  {Id=2f2379ef-29a2-407a-8b93-7321c6b54e4d,FirstNumber=954,secondNumber=435}  written to file by thread pool-3-thread-1
 message  {Id=c9379dbd-c7bf-4f0a-bedd-0d317c2ba598,FirstNumber=612,secondNumber=919}  added by thread pool-3-thread-6
 message  {Id=c9379dbd-c7bf-4f0a-bedd-0d317c2ba598,FirstNumber=612,secondNumber=919}  written to file by thread pool-3-thread-1
 message  {Id=c72e7e69-0c83-40b0-b85e-e2f886c4fcd5,FirstNumber=763,secondNumber=363}  added by thread pool-3-thread-6
 message  {Id=c72e7e69-0c83-40b0-b85e-e2f886c4fcd5,FirstNumber=763,secondNumber=363}  written to file by thread pool-3-thread-4
 message  {Id=bdeb544c-d01e-4ec0-bd8f-4fe73ee7055e,FirstNumber=401,secondNumber=379}  added by thread pool-3-thread-6
 message  {Id=bdeb544c-d01e-4ec0-bd8f-4fe73ee7055e,FirstNumber=401,secondNumber=379}  written to file by thread pool-3-thread-4
 message  {Id=d1151776-4c58-4637-8cda-3e198af23b04,FirstNumber=43,secondNumber=579}  added by thread pool-3-thread-6
 message  {Id=b5fcdb74-b70a-4335-a38d-b3db9d94af46,FirstNumber=948,secondNumber=544}  added by thread pool-3-thread-6
 message  {Id=d1151776-4c58-4637-8cda-3e198af23b04,FirstNumber=43,secondNumber=579}  written to file by thread pool-3-thread-3
 message  {Id=55fb7999-3e52-49cc-b8c8-a65d2ebd1bca,FirstNumber=416,secondNumber=946}  added by thread pool-3-thread-6
 message  {Id=b5fcdb74-b70a-4335-a38d-b3db9d94af46,FirstNumber=948,secondNumber=544}  written to file by thread pool-3-thread-2
 message  {Id=2d46d483-6b7b-483d-9c4c-4d239233ec91,FirstNumber=920,secondNumber=1109}  added by thread pool-3-thread-6
 message  {Id=55fb7999-3e52-49cc-b8c8-a65d2ebd1bca,FirstNumber=416,secondNumber=946}  written to file by thread pool-3-thread-1
 message  {Id=2d46d483-6b7b-483d-9c4c-4d239233ec91,FirstNumber=920,secondNumber=1109}  written to file by thread pool-3-thread-5
 message  {Id=a2d8d5db-c221-4306-969f-0ca25e656c60,FirstNumber=284,secondNumber=1654}  added by thread pool-3-thread-6
 message  {Id=a2d8d5db-c221-4306-969f-0ca25e656c60,FirstNumber=284,secondNumber=1654}  written to file by thread pool-3-thread-5
 message  {Id=a9cf5d24-f2e1-47b0-beb5-f9441193639a,FirstNumber=702,secondNumber=1751}  added by thread pool-3-thread-6
 message  {Id=02e5be66-7750-4098-b235-0cda3f0c8a79,FirstNumber=401,secondNumber=45}  added by thread pool-3-thread-6
 message  {Id=a9cf5d24-f2e1-47b0-beb5-f9441193639a,FirstNumber=702,secondNumber=1751}  written to file by thread pool-3-thread-3
 message  {Id=ad2ce3b1-8b71-4e74-9931-d1405d81885f,FirstNumber=0,secondNumber=8}  added by thread pool-3-thread-6
 message  {Id=02e5be66-7750-4098-b235-0cda3f0c8a79,FirstNumber=401,secondNumber=45}  written to file by thread pool-3-thread-2
 message  {Id=ad2ce3b1-8b71-4e74-9931-d1405d81885f,FirstNumber=0,secondNumber=8}  written to file by thread pool-3-thread-1
 message  {Id=ffdbdfae-10e3-4ea7-98d7-03d0e045c9b7,FirstNumber=33,secondNumber=1294}  added by thread pool-3-thread-6
 message  {Id=ffdbdfae-10e3-4ea7-98d7-03d0e045c9b7,FirstNumber=33,secondNumber=1294}  written to file by thread pool-3-thread-4
 message  {Id=224a47a7-a9c1-4a1a-9c91-07e95a4ed5b5,FirstNumber=708,secondNumber=492}  added by thread pool-3-thread-6
 message  {Id=224a47a7-a9c1-4a1a-9c91-07e95a4ed5b5,FirstNumber=708,secondNumber=492}  written to file by thread pool-3-thread-5
 message  {Id=e9d9464e-1453-4b22-b87a-642691d48eb4,FirstNumber=1,secondNumber=8}  added by thread pool-3-thread-6
 message  {Id=ab1ccb15-7686-4d7c-b008-cb66d96b9cca,FirstNumber=568,secondNumber=1935}  added by thread pool-3-thread-6
 message  {Id=e9d9464e-1453-4b22-b87a-642691d48eb4,FirstNumber=1,secondNumber=8}  written to file by thread pool-3-thread-3
 message  {Id=ac71693a-c66d-4ad5-babe-74b0190a2f5c,FirstNumber=866,secondNumber=1601}  added by thread pool-3-thread-6
 message  {Id=ab1ccb15-7686-4d7c-b008-cb66d96b9cca,FirstNumber=568,secondNumber=1935}  written to file by thread pool-3-thread-2
 message  {Id=8f96acb3-0d6d-4359-b7f9-e25eec91f687,FirstNumber=153,secondNumber=1183}  added by thread pool-3-thread-6
 message  {Id=ac71693a-c66d-4ad5-babe-74b0190a2f5c,FirstNumber=866,secondNumber=1601}  written to file by thread pool-3-thread-1
 message  {Id=8f96acb3-0d6d-4359-b7f9-e25eec91f687,FirstNumber=153,secondNumber=1183}  written to file by thread pool-3-thread-4
 message  {Id=97cb39ef-a5bc-460c-97d2-ab60d10ebcdd,FirstNumber=882,secondNumber=314}  added by thread pool-3-thread-6
 message  {Id=97cb39ef-a5bc-460c-97d2-ab60d10ebcdd,FirstNumber=882,secondNumber=314}  written to file by thread pool-3-thread-5
 message  {Id=57a6d69d-1bd2-499f-87d5-913c61690d3a,FirstNumber=909,secondNumber=1950}  added by thread pool-3-thread-6
 message  {Id=57a6d69d-1bd2-499f-87d5-913c61690d3a,FirstNumber=909,secondNumber=1950}  written to file by thread pool-3-thread-5
 message  {Id=b36796ec-f551-458b-91c4-8f2eefb8ce0e,FirstNumber=920,secondNumber=1747}  added by thread pool-3-thread-6
 message  {Id=d8a5035c-6af0-4b7a-837c-0a4fc5428c82,FirstNumber=678,secondNumber=1991}  added by thread pool-3-thread-6
 message  {Id=b36796ec-f551-458b-91c4-8f2eefb8ce0e,FirstNumber=920,secondNumber=1747}  written to file by thread pool-3-thread-2
 message  {Id=d8a5035c-6af0-4b7a-837c-0a4fc5428c82,FirstNumber=678,secondNumber=1991}  written to file by thread pool-3-thread-1
 message  {Id=08c56137-3d2b-4350-b467-bd4bd71c181c,FirstNumber=54,secondNumber=1546}  added by thread pool-3-thread-6
 message  {Id=08c56137-3d2b-4350-b467-bd4bd71c181c,FirstNumber=54,secondNumber=1546}  written to file by thread pool-3-thread-4
 message  {Id=7818efed-ddd5-4c8b-936b-263e61c9bf49,FirstNumber=433,secondNumber=1682}  added by thread pool-3-thread-6
 message  {Id=7818efed-ddd5-4c8b-936b-263e61c9bf49,FirstNumber=433,secondNumber=1682}  written to file by thread pool-3-thread-4
 message  {Id=0e05bbe6-f0d3-4fad-9223-2eecbf891ae7,FirstNumber=601,secondNumber=906}  added by thread pool-3-thread-6
 message  {Id=fff69b74-4e6a-4f28-9bf9-038b52ecaf53,FirstNumber=675,secondNumber=1147}  added by thread pool-3-thread-6
 message  {Id=0e05bbe6-f0d3-4fad-9223-2eecbf891ae7,FirstNumber=601,secondNumber=906}  written to file by thread pool-3-thread-5
 message  {Id=fff69b74-4e6a-4f28-9bf9-038b52ecaf53,FirstNumber=675,secondNumber=1147}  written to file by thread pool-3-thread-2
 message  {Id=3c75901f-1c69-45d6-b3a3-7bb8e8aeac16,FirstNumber=647,secondNumber=1261}  added by thread pool-3-thread-6
 message  {Id=3c75901f-1c69-45d6-b3a3-7bb8e8aeac16,FirstNumber=647,secondNumber=1261}  written to file by thread pool-3-thread-2
 message  {Id=de1766a1-b1fd-4dad-999b-cf77afb3711b,FirstNumber=21,secondNumber=1739}  added by thread pool-3-thread-6
 message  {Id=de1766a1-b1fd-4dad-999b-cf77afb3711b,FirstNumber=21,secondNumber=1739}  written to file by thread pool-3-thread-2
 message  {Id=e3542f5d-59c4-4dac-bd4a-b781d709395b,FirstNumber=458,secondNumber=1234}  added by thread pool-3-thread-6
 message  {Id=e3542f5d-59c4-4dac-bd4a-b781d709395b,FirstNumber=458,secondNumber=1234}  written to file by thread pool-3-thread-4
 message  {Id=fb6d20c2-1b07-437b-bbef-7fd12d9ac6ce,FirstNumber=754,secondNumber=727}  added by thread pool-3-thread-6
 message  {Id=fb6d20c2-1b07-437b-bbef-7fd12d9ac6ce,FirstNumber=754,secondNumber=727}  written to file by thread pool-3-thread-4
 message  {Id=4bc5c343-c8de-424c-b71f-56328b52c851,FirstNumber=494,secondNumber=1556}  added by thread pool-3-thread-6
 message  {Id=4bc5c343-c8de-424c-b71f-56328b52c851,FirstNumber=494,secondNumber=1556}  written to file by thread pool-3-thread-1
 message  {Id=c0e81ea3-0190-43e4-af8e-9851e8db5a38,FirstNumber=990,secondNumber=1145}  added by thread pool-3-thread-6
 message  {Id=c0e81ea3-0190-43e4-af8e-9851e8db5a38,FirstNumber=990,secondNumber=1145}  written to file by thread pool-3-thread-3
 message  {Id=560b393f-ab6a-4fb3-b130-952601779918,FirstNumber=612,secondNumber=543}  added by thread pool-3-thread-6
 message  {Id=560b393f-ab6a-4fb3-b130-952601779918,FirstNumber=612,secondNumber=543}  written to file by thread pool-3-thread-2
 message  {Id=5da178d6-d01d-4db0-b4c6-63c46a685b8b,FirstNumber=128,secondNumber=1549}  added by thread pool-3-thread-6
 message  {Id=5da178d6-d01d-4db0-b4c6-63c46a685b8b,FirstNumber=128,secondNumber=1549}  written to file by thread pool-3-thread-5
 message  {Id=fc195156-4662-45b2-8db1-d7b032d112ed,FirstNumber=80,secondNumber=1054}  added by thread pool-3-thread-6
 message  {Id=52b376ca-2e2e-42c9-84fa-49e0a2cef470,FirstNumber=878,secondNumber=333}  added by thread pool-3-thread-6
 message  {Id=fc195156-4662-45b2-8db1-d7b032d112ed,FirstNumber=80,secondNumber=1054}  written to file by thread pool-3-thread-4
 message  {Id=52b376ca-2e2e-42c9-84fa-49e0a2cef470,FirstNumber=878,secondNumber=333}  written to file by thread pool-3-thread-1
 message  {Id=6ed07f4f-9f92-4c02-a2d5-5ae617b3f6d2,FirstNumber=142,secondNumber=338}  added by thread pool-3-thread-6
 message  {Id=6ed07f4f-9f92-4c02-a2d5-5ae617b3f6d2,FirstNumber=142,secondNumber=338}  written to file by thread pool-3-thread-1
 message  {Id=946d38fa-4e68-4852-80ba-809742877d4c,FirstNumber=683,secondNumber=1109}  added by thread pool-3-thread-6
 message  {Id=946d38fa-4e68-4852-80ba-809742877d4c,FirstNumber=683,secondNumber=1109}  written to file by thread pool-3-thread-2
 message  {Id=fa13cd98-dfd4-4711-8a09-93840a0f6047,FirstNumber=968,secondNumber=1522}  added by thread pool-3-thread-6
 message  {Id=fa13cd98-dfd4-4711-8a09-93840a0f6047,FirstNumber=968,secondNumber=1522}  written to file by thread pool-3-thread-5
 message  {Id=6fd1633e-1c4e-4373-a5c3-2f57e035c07d,FirstNumber=956,secondNumber=384}  added by thread pool-3-thread-6
 message  {Id=6fd1633e-1c4e-4373-a5c3-2f57e035c07d,FirstNumber=956,secondNumber=384}  written to file by thread pool-3-thread-4
 message  {Id=494fb946-689b-4d7f-bdac-797e62725126,FirstNumber=535,secondNumber=1124}  added by thread pool-3-thread-6
 message  {Id=494fb946-689b-4d7f-bdac-797e62725126,FirstNumber=535,secondNumber=1124}  written to file by thread pool-3-thread-4
 message  {Id=c1797e04-16a6-48ed-87b1-e382d8d0b509,FirstNumber=884,secondNumber=1971}  added by thread pool-3-thread-6
 message  {Id=c1797e04-16a6-48ed-87b1-e382d8d0b509,FirstNumber=884,secondNumber=1971}  written to file by thread pool-3-thread-1
 message  {Id=6c99d846-230d-4c42-9b7e-0a5232264572,FirstNumber=889,secondNumber=1099}  added by thread pool-3-thread-6
 message  {Id=6c99d846-230d-4c42-9b7e-0a5232264572,FirstNumber=889,secondNumber=1099}  written to file by thread pool-3-thread-1
 message  {Id=ce7162c5-dbca-4795-b6d3-03fc997dae48,FirstNumber=723,secondNumber=1404}  added by thread pool-3-thread-6
 message  {Id=ce7162c5-dbca-4795-b6d3-03fc997dae48,FirstNumber=723,secondNumber=1404}  written to file by thread pool-3-thread-1
 message  {Id=87b77f2b-48f6-4e63-ae97-d5e7f6d76e21,FirstNumber=4,secondNumber=1678}  added by thread pool-3-thread-6
 message  {Id=69460c45-e621-4539-a8a7-3f923b5768ba,FirstNumber=279,secondNumber=949}  added by thread pool-3-thread-6
 message  {Id=87b77f2b-48f6-4e63-ae97-d5e7f6d76e21,FirstNumber=4,secondNumber=1678}  written to file by thread pool-3-thread-3
 message  {Id=69460c45-e621-4539-a8a7-3f923b5768ba,FirstNumber=279,secondNumber=949}  written to file by thread pool-3-thread-4
 message  {Id=6eae51fe-b4e2-4cf4-a1ae-75d042dc977c,FirstNumber=175,secondNumber=1167}  added by thread pool-3-thread-6
 message  {Id=6eae51fe-b4e2-4cf4-a1ae-75d042dc977c,FirstNumber=175,secondNumber=1167}  written to file by thread pool-3-thread-2
 message  {Id=d5869136-b3cc-49c2-93e7-fcd93e8a1371,FirstNumber=863,secondNumber=248}  added by thread pool-3-thread-6
 message  {Id=d5869136-b3cc-49c2-93e7-fcd93e8a1371,FirstNumber=863,secondNumber=248}  written to file by thread pool-3-thread-5
 message  {Id=01d470c2-a6d0-4b43-9911-f915ba06f95a,FirstNumber=154,secondNumber=1378}  added by thread pool-3-thread-6
 message  {Id=01d470c2-a6d0-4b43-9911-f915ba06f95a,FirstNumber=154,secondNumber=1378}  written to file by thread pool-3-thread-1
 message  {Id=59e170cf-b5d5-4672-a82b-39dc83183d63,FirstNumber=341,secondNumber=1025}  added by thread pool-3-thread-6
 message  {Id=59e170cf-b5d5-4672-a82b-39dc83183d63,FirstNumber=341,secondNumber=1025}  written to file by thread pool-3-thread-3
 message  {Id=aaa49e42-ea1d-4147-944f-15af6834f593,FirstNumber=186,secondNumber=226}  added by thread pool-3-thread-6
 message  {Id=aaa49e42-ea1d-4147-944f-15af6834f593,FirstNumber=186,secondNumber=226}  written to file by thread pool-3-thread-3
 message  {Id=6e03edef-9603-4e1f-9b34-6bff6eea775d,FirstNumber=45,secondNumber=1399}  added by thread pool-3-thread-6
 message  {Id=6e03edef-9603-4e1f-9b34-6bff6eea775d,FirstNumber=45,secondNumber=1399}  written to file by thread pool-3-thread-2
 message  {Id=ccce45a2-3d1e-4d5e-b7a5-d5962a3d57af,FirstNumber=603,secondNumber=599}  added by thread pool-3-thread-6
 message  {Id=ccce45a2-3d1e-4d5e-b7a5-d5962a3d57af,FirstNumber=603,secondNumber=599}  written to file by thread pool-3-thread-5
 message  {Id=7f0a405b-5e5e-43a4-b58e-cfb111a4070a,FirstNumber=852,secondNumber=1543}  added by thread pool-3-thread-6
 message  {Id=7f0a405b-5e5e-43a4-b58e-cfb111a4070a,FirstNumber=852,secondNumber=1543}  written to file by thread pool-3-thread-1
 message  {Id=2275735a-c463-4435-85ad-576434e89ff1,FirstNumber=601,secondNumber=1204}  added by thread pool-3-thread-6
 message  {Id=2275735a-c463-4435-85ad-576434e89ff1,FirstNumber=601,secondNumber=1204}  written to file by thread pool-3-thread-1
 message  {Id=7f927e7e-76ef-4c7a-b65d-faae57f56b74,FirstNumber=839,secondNumber=1426}  added by thread pool-3-thread-6
 message  {Id=7f927e7e-76ef-4c7a-b65d-faae57f56b74,FirstNumber=839,secondNumber=1426}  written to file by thread pool-3-thread-1
 message  {Id=5660b5dd-81c3-45e2-9944-653b4ec6883b,FirstNumber=311,secondNumber=1120}  added by thread pool-3-thread-6
 message  {Id=5660b5dd-81c3-45e2-9944-653b4ec6883b,FirstNumber=311,secondNumber=1120}  written to file by thread pool-3-thread-2
 message  {Id=ee8117f1-3fad-411c-9227-cc08e922bcb1,FirstNumber=417,secondNumber=1065}  added by thread pool-3-thread-6
 message  {Id=ee8117f1-3fad-411c-9227-cc08e922bcb1,FirstNumber=417,secondNumber=1065}  written to file by thread pool-3-thread-5
 message  {Id=cfd155f9-259f-4cb2-ae23-cd240fa76f61,FirstNumber=921,secondNumber=183}  added by thread pool-3-thread-6
 message  {Id=cfd155f9-259f-4cb2-ae23-cd240fa76f61,FirstNumber=921,secondNumber=183}  written to file by thread pool-3-thread-4
 message  {Id=6ec46ead-71ee-4cd6-8bee-58bdbaa11b47,FirstNumber=171,secondNumber=714}  added by thread pool-3-thread-6
 message  {Id=6ec46ead-71ee-4cd6-8bee-58bdbaa11b47,FirstNumber=171,secondNumber=714}  written to file by thread pool-3-thread-4
 message  {Id=8ff3dd0e-75cf-46d5-b552-bbf7217ee6a2,FirstNumber=731,secondNumber=858}  added by thread pool-3-thread-6
 message  {Id=324b335b-8824-45e4-b7bc-95e4fc7d3873,FirstNumber=712,secondNumber=740}  added by thread pool-3-thread-6
 message  {Id=8ff3dd0e-75cf-46d5-b552-bbf7217ee6a2,FirstNumber=731,secondNumber=858}  written to file by thread pool-3-thread-1
 message  {Id=324b335b-8824-45e4-b7bc-95e4fc7d3873,FirstNumber=712,secondNumber=740}  written to file by thread pool-3-thread-2
 message  {Id=fabea693-4e6e-4ed8-b0a1-ec030377ac28,FirstNumber=397,secondNumber=468}  added by thread pool-3-thread-6
 message  {Id=fabea693-4e6e-4ed8-b0a1-ec030377ac28,FirstNumber=397,secondNumber=468}  written to file by thread pool-3-thread-5
 message  {Id=e6d91b25-2b2e-4fb1-9838-da6a4f823f5f,FirstNumber=208,secondNumber=1145}  added by thread pool-3-thread-6
 message  {Id=e6d91b25-2b2e-4fb1-9838-da6a4f823f5f,FirstNumber=208,secondNumber=1145}  written to file by thread pool-3-thread-5
 message  {Id=37c87ed8-f5b0-4a56-86f2-e31e111f794f,FirstNumber=752,secondNumber=109}  added by thread pool-3-thread-6
 message  {Id=8842950f-2005-4461-8d42-e7d044015950,FirstNumber=67,secondNumber=864}  added by thread pool-3-thread-6
 message  {Id=37c87ed8-f5b0-4a56-86f2-e31e111f794f,FirstNumber=752,secondNumber=109}  written to file by thread pool-3-thread-4
 message  {Id=8842950f-2005-4461-8d42-e7d044015950,FirstNumber=67,secondNumber=864}  written to file by thread pool-3-thread-1
 message  {Id=434d7155-4e69-4bb2-8938-91f7777d4590,FirstNumber=355,secondNumber=1997}  added by thread pool-3-thread-6
 message  {Id=434d7155-4e69-4bb2-8938-91f7777d4590,FirstNumber=355,secondNumber=1997}  written to file by thread pool-3-thread-1
 message  {Id=8a5ac395-1bb0-4415-8c23-59e71eece79c,FirstNumber=315,secondNumber=1092}  added by thread pool-3-thread-6
 message  {Id=8a5ac395-1bb0-4415-8c23-59e71eece79c,FirstNumber=315,secondNumber=1092}  written to file by thread pool-3-thread-1
 message  {Id=13ef8e88-4629-4df0-9715-71ee8d0a929a,FirstNumber=284,secondNumber=241}  added by thread pool-3-thread-6
 message  {Id=13ef8e88-4629-4df0-9715-71ee8d0a929a,FirstNumber=284,secondNumber=241}  written to file by thread pool-3-thread-5
 message  {Id=b71633be-89eb-4422-abec-1790382ef41d,FirstNumber=414,secondNumber=1199}  added by thread pool-3-thread-6
 message  {Id=b71633be-89eb-4422-abec-1790382ef41d,FirstNumber=414,secondNumber=1199}  written to file by thread pool-3-thread-5
 message  {Id=81bb54cd-f3e3-4b10-a0f1-1bff1dd37d90,FirstNumber=952,secondNumber=708}  added by thread pool-3-thread-6
 message  {Id=81bb54cd-f3e3-4b10-a0f1-1bff1dd37d90,FirstNumber=952,secondNumber=708}  written to file by thread pool-3-thread-2
 message  {Id=88a9e373-b918-4bea-aa01-3949350f8cf1,FirstNumber=999,secondNumber=1802}  added by thread pool-3-thread-6
 message  {Id=88a9e373-b918-4bea-aa01-3949350f8cf1,FirstNumber=999,secondNumber=1802}  written to file by thread pool-3-thread-3
 message  {Id=14e71d1d-dbb3-414f-b5c3-bb7e27bce9de,FirstNumber=8,secondNumber=534}  added by thread pool-3-thread-6
 message  {Id=14e71d1d-dbb3-414f-b5c3-bb7e27bce9de,FirstNumber=8,secondNumber=534}  written to file by thread pool-3-thread-1
 message  {Id=8e29f923-dd71-452e-be02-2dd154d13727,FirstNumber=258,secondNumber=402}  added by thread pool-3-thread-6
 message  {Id=8e29f923-dd71-452e-be02-2dd154d13727,FirstNumber=258,secondNumber=402}  written to file by thread pool-3-thread-4
 message  {Id=7b2c20e7-7149-4050-89cc-0d71dd741ce0,FirstNumber=870,secondNumber=1102}  added by thread pool-3-thread-6
 message  {Id=f3085d94-80c7-4c8c-bea7-c6126ac7d988,FirstNumber=920,secondNumber=1242}  added by thread pool-3-thread-6
 message  {Id=7b2c20e7-7149-4050-89cc-0d71dd741ce0,FirstNumber=870,secondNumber=1102}  written to file by thread pool-3-thread-5
 message  {Id=f3085d94-80c7-4c8c-bea7-c6126ac7d988,FirstNumber=920,secondNumber=1242}  written to file by thread pool-3-thread-2
 message  {Id=0189fc6f-4e25-4350-9779-0e1dc65bed7f,FirstNumber=298,secondNumber=1451}  added by thread pool-3-thread-6
 message  {Id=0189fc6f-4e25-4350-9779-0e1dc65bed7f,FirstNumber=298,secondNumber=1451}  written to file by thread pool-3-thread-2
 message  {Id=76b72e52-1d19-4f35-b64c-8cc3fde120f5,FirstNumber=763,secondNumber=611}  added by thread pool-3-thread-6
 message  {Id=76b72e52-1d19-4f35-b64c-8cc3fde120f5,FirstNumber=763,secondNumber=611}  written to file by thread pool-3-thread-1
 message  {Id=73a95059-98e6-4286-8eb1-65ab339f34c8,FirstNumber=583,secondNumber=827}  added by thread pool-3-thread-6
 message  {Id=73a95059-98e6-4286-8eb1-65ab339f34c8,FirstNumber=583,secondNumber=827}  written to file by thread pool-3-thread-4
 message  {Id=b20e584c-768c-41ae-a8ee-7b064fae0db8,FirstNumber=425,secondNumber=1823}  added by thread pool-3-thread-6
 message  {Id=b20e584c-768c-41ae-a8ee-7b064fae0db8,FirstNumber=425,secondNumber=1823}  written to file by thread pool-3-thread-5
 message  {Id=2c6cfc13-253e-4e70-bc80-833512cd6d38,FirstNumber=506,secondNumber=1984}  added by thread pool-3-thread-6
 message  {Id=2c6cfc13-253e-4e70-bc80-833512cd6d38,FirstNumber=506,secondNumber=1984}  written to file by thread pool-3-thread-5
 message  {Id=e92c810d-f2d2-4c8d-bc93-74ce8d55eca4,FirstNumber=99,secondNumber=777}  added by thread pool-3-thread-6
 message  {Id=e92c810d-f2d2-4c8d-bc93-74ce8d55eca4,FirstNumber=99,secondNumber=777}  written to file by thread pool-3-thread-2
 message  {Id=efc1ef20-ffc1-48b1-a2b8-a0f0aa27035f,FirstNumber=520,secondNumber=1809}  added by thread pool-3-thread-6
 message  {Id=efc1ef20-ffc1-48b1-a2b8-a0f0aa27035f,FirstNumber=520,secondNumber=1809}  written to file by thread pool-3-thread-2
 message  {Id=37f08fb3-48ea-45b9-8ec3-449b0443c8bf,FirstNumber=822,secondNumber=601}  added by thread pool-3-thread-6
 message  {Id=37f08fb3-48ea-45b9-8ec3-449b0443c8bf,FirstNumber=822,secondNumber=601}  written to file by thread pool-3-thread-2
 message  {Id=66859ca9-e9af-4a96-81d2-5a2ac5595402,FirstNumber=94,secondNumber=382}  added by thread pool-3-thread-6
 message  {Id=4d77ff2c-7783-42b5-8519-83500b7e8bb4,FirstNumber=956,secondNumber=1921}  added by thread pool-3-thread-6
 message  {Id=66859ca9-e9af-4a96-81d2-5a2ac5595402,FirstNumber=94,secondNumber=382}  written to file by thread pool-3-thread-3
 message  {Id=4d77ff2c-7783-42b5-8519-83500b7e8bb4,FirstNumber=956,secondNumber=1921}  written to file by thread pool-3-thread-5
 message  {Id=401788fc-2b7f-44c2-90cf-f9997077f62e,FirstNumber=459,secondNumber=851}  added by thread pool-3-thread-6
 message  {Id=401788fc-2b7f-44c2-90cf-f9997077f62e,FirstNumber=459,secondNumber=851}  written to file by thread pool-3-thread-1
 message  {Id=22b9609e-94f9-46b6-96f5-ddf07c5ec5bb,FirstNumber=281,secondNumber=1930}  added by thread pool-3-thread-6
 message  {Id=22b9609e-94f9-46b6-96f5-ddf07c5ec5bb,FirstNumber=281,secondNumber=1930}  written to file by thread pool-3-thread-4
 message  {Id=512e005f-3e57-4235-b1af-bbff84651795,FirstNumber=631,secondNumber=1979}  added by thread pool-3-thread-6
 message  {Id=512e005f-3e57-4235-b1af-bbff84651795,FirstNumber=631,secondNumber=1979}  written to file by thread pool-3-thread-2
 message  {Id=4f909282-60c2-4b57-bb53-fa564bb3680d,FirstNumber=569,secondNumber=1340}  added by thread pool-3-thread-6
 message  {Id=4f909282-60c2-4b57-bb53-fa564bb3680d,FirstNumber=569,secondNumber=1340}  written to file by thread pool-3-thread-3
 message  {Id=335c74b4-2750-4826-b7c8-78607ef663bd,FirstNumber=5,secondNumber=821}  added by thread pool-3-thread-6
 message  {Id=335c74b4-2750-4826-b7c8-78607ef663bd,FirstNumber=5,secondNumber=821}  written to file by thread pool-3-thread-3
 message  {Id=94084f8a-0986-4ecf-9f4d-c3fd3c0dddb7,FirstNumber=302,secondNumber=1}  added by thread pool-3-thread-6
 message  {Id=94084f8a-0986-4ecf-9f4d-c3fd3c0dddb7,FirstNumber=302,secondNumber=1}  written to file by thread pool-3-thread-1
 message  {Id=83dc5694-b85e-4ac4-8167-33b0c5671cf3,FirstNumber=969,secondNumber=160}  added by thread pool-3-thread-6
 message  {Id=83dc5694-b85e-4ac4-8167-33b0c5671cf3,FirstNumber=969,secondNumber=160}  written to file by thread pool-3-thread-1
 message  {Id=9e1d2092-adf9-483a-8a5e-9f28677c29b5,FirstNumber=379,secondNumber=1745}  added by thread pool-3-thread-6
 message  {Id=9e1d2092-adf9-483a-8a5e-9f28677c29b5,FirstNumber=379,secondNumber=1745}  written to file by thread pool-3-thread-2
 message  {Id=aab49ad8-b94b-4cd6-bf68-8f225ace239f,FirstNumber=478,secondNumber=1734}  added by thread pool-3-thread-6
 message  {Id=a1e4340c-1816-4a2d-8347-9a8b0c47670f,FirstNumber=498,secondNumber=1080}  added by thread pool-3-thread-6
 message  {Id=aab49ad8-b94b-4cd6-bf68-8f225ace239f,FirstNumber=478,secondNumber=1734}  written to file by thread pool-3-thread-5
 message  {Id=a1e4340c-1816-4a2d-8347-9a8b0c47670f,FirstNumber=498,secondNumber=1080}  written to file by thread pool-3-thread-3
 message  {Id=2f163913-7d63-4e6c-a77f-10721a58f81d,FirstNumber=615,secondNumber=1278}  added by thread pool-3-thread-6
 message  {Id=2f163913-7d63-4e6c-a77f-10721a58f81d,FirstNumber=615,secondNumber=1278}  written to file by thread pool-3-thread-3
 message  {Id=4e4e20a7-419e-47cc-9c7f-bbc70785bab8,FirstNumber=952,secondNumber=1592}  added by thread pool-3-thread-6
 message  {Id=4e4e20a7-419e-47cc-9c7f-bbc70785bab8,FirstNumber=952,secondNumber=1592}  written to file by thread pool-3-thread-1
 message  {Id=3c535d4d-0196-451c-8288-ad18162f8112,FirstNumber=920,secondNumber=365}  added by thread pool-3-thread-6
 message  {Id=3c535d4d-0196-451c-8288-ad18162f8112,FirstNumber=920,secondNumber=365}  written to file by thread pool-3-thread-1
 message  {Id=4bb30c27-6550-4928-9375-01466b51867e,FirstNumber=427,secondNumber=1922}  added by thread pool-3-thread-6
 message  {Id=4bb30c27-6550-4928-9375-01466b51867e,FirstNumber=427,secondNumber=1922}  written to file by thread pool-3-thread-5
 message  {Id=81794e51-2f8d-46b1-847e-300b1dbf99ae,FirstNumber=117,secondNumber=1221}  added by thread pool-3-thread-6
 message  {Id=81794e51-2f8d-46b1-847e-300b1dbf99ae,FirstNumber=117,secondNumber=1221}  written to file by thread pool-3-thread-5
 message  {Id=911f9b33-4d20-4341-80a9-f04c1e88aae7,FirstNumber=988,secondNumber=459}  added by thread pool-3-thread-6
 message  {Id=911f9b33-4d20-4341-80a9-f04c1e88aae7,FirstNumber=988,secondNumber=459}  written to file by thread pool-3-thread-5
 message  {Id=2d4fe222-acef-4086-892f-53286a48c250,FirstNumber=106,secondNumber=1957}  added by thread pool-3-thread-6
 message  {Id=f477c2b5-6ddd-4ddd-84a8-1c7bbded9d92,FirstNumber=263,secondNumber=1383}  added by thread pool-3-thread-6
 message  {Id=2d4fe222-acef-4086-892f-53286a48c250,FirstNumber=106,secondNumber=1957}  written to file by thread pool-3-thread-2
 message  {Id=f477c2b5-6ddd-4ddd-84a8-1c7bbded9d92,FirstNumber=263,secondNumber=1383}  written to file by thread pool-3-thread-1
 message  {Id=7a65bd1e-1f1f-442c-abd7-9ee772cc96b2,FirstNumber=896,secondNumber=812}  added by thread pool-3-thread-6
 message  {Id=fc0e4afa-3634-44f2-8cd8-5ca1d2ab708a,FirstNumber=196,secondNumber=1158}  added by thread pool-3-thread-6
 message  {Id=7a65bd1e-1f1f-442c-abd7-9ee772cc96b2,FirstNumber=896,secondNumber=812}  written to file by thread pool-3-thread-4
 message  {Id=fc0e4afa-3634-44f2-8cd8-5ca1d2ab708a,FirstNumber=196,secondNumber=1158}  written to file by thread pool-3-thread-3
 message  {Id=a4e01717-0c08-4005-8550-dd870ef0c938,FirstNumber=583,secondNumber=1897}  added by thread pool-3-thread-6
 message  {Id=a4e01717-0c08-4005-8550-dd870ef0c938,FirstNumber=583,secondNumber=1897}  written to file by thread pool-3-thread-5
 message  {Id=a1ca508a-f14d-44f1-9cc5-a57d5ad1c651,FirstNumber=230,secondNumber=1994}  added by thread pool-3-thread-6
 message  {Id=a1ca508a-f14d-44f1-9cc5-a57d5ad1c651,FirstNumber=230,secondNumber=1994}  written to file by thread pool-3-thread-5
 message  {Id=5f9e70b2-1693-4095-a632-981522e83a4f,FirstNumber=104,secondNumber=1051}  added by thread pool-3-thread-6
 message  {Id=5f9e70b2-1693-4095-a632-981522e83a4f,FirstNumber=104,secondNumber=1051}  written to file by thread pool-3-thread-1
 message  {Id=370f00f9-8238-44b9-ad6f-461809415b18,FirstNumber=883,secondNumber=688}  added by thread pool-3-thread-6
 message  {Id=370f00f9-8238-44b9-ad6f-461809415b18,FirstNumber=883,secondNumber=688}  written to file by thread pool-3-thread-4
 message  {Id=f2a1e192-9dfa-45d7-81d4-889908b794f4,FirstNumber=138,secondNumber=1771}  added by thread pool-3-thread-6
 message  {Id=f2a1e192-9dfa-45d7-81d4-889908b794f4,FirstNumber=138,secondNumber=1771}  written to file by thread pool-3-thread-4
 message  {Id=71487ab9-3189-4cb7-a10b-0857bcebcb19,FirstNumber=678,secondNumber=1955}  added by thread pool-3-thread-6
 message  {Id=71487ab9-3189-4cb7-a10b-0857bcebcb19,FirstNumber=678,secondNumber=1955}  written to file by thread pool-3-thread-2
 message  {Id=854a1505-261a-4177-a4cb-d3f4e2071823,FirstNumber=855,secondNumber=1138}  added by thread pool-3-thread-6
 message  {Id=854a1505-261a-4177-a4cb-d3f4e2071823,FirstNumber=855,secondNumber=1138}  written to file by thread pool-3-thread-2
 message  {Id=8f826232-54a9-4873-8cad-28726e8bd21b,FirstNumber=982,secondNumber=1641}  added by thread pool-3-thread-6
 message  {Id=8f826232-54a9-4873-8cad-28726e8bd21b,FirstNumber=982,secondNumber=1641}  written to file by thread pool-3-thread-1
 message  {Id=9e1ec356-ace1-4300-9adf-1461e987c4f2,FirstNumber=374,secondNumber=1559}  added by thread pool-3-thread-6
 message  {Id=418626d7-9d7c-40b6-a10a-57b3fb3259ae,FirstNumber=810,secondNumber=344}  added by thread pool-3-thread-6
 message  {Id=9e1ec356-ace1-4300-9adf-1461e987c4f2,FirstNumber=374,secondNumber=1559}  written to file by thread pool-3-thread-3
 message  {Id=418626d7-9d7c-40b6-a10a-57b3fb3259ae,FirstNumber=810,secondNumber=344}  written to file by thread pool-3-thread-4
 message  {Id=3a07698b-5e0d-40d1-8e1f-1cd58a5c9bcf,FirstNumber=547,secondNumber=1020}  added by thread pool-3-thread-6
 message  {Id=3a07698b-5e0d-40d1-8e1f-1cd58a5c9bcf,FirstNumber=547,secondNumber=1020}  written to file by thread pool-3-thread-5
 message  {Id=80a896b0-b4c4-4276-9303-dd203a8468bc,FirstNumber=787,secondNumber=1280}  added by thread pool-3-thread-6
 message  {Id=80a896b0-b4c4-4276-9303-dd203a8468bc,FirstNumber=787,secondNumber=1280}  written to file by thread pool-3-thread-5
 message  {Id=f1bc8285-1fd6-4372-a166-d530cbe61866,FirstNumber=100,secondNumber=466}  added by thread pool-3-thread-6
 message  {Id=f1bc8285-1fd6-4372-a166-d530cbe61866,FirstNumber=100,secondNumber=466}  written to file by thread pool-3-thread-1
 message  {Id=eb8246be-1e14-47ac-a527-6450e0f50531,FirstNumber=533,secondNumber=704}  added by thread pool-3-thread-6
 message  {Id=eb8246be-1e14-47ac-a527-6450e0f50531,FirstNumber=533,secondNumber=704}  written to file by thread pool-3-thread-3
 message  {Id=4d019f71-b1cf-48e7-921e-b91fbb048f97,FirstNumber=276,secondNumber=91}  added by thread pool-3-thread-6
 message  {Id=4d019f71-b1cf-48e7-921e-b91fbb048f97,FirstNumber=276,secondNumber=91}  written to file by thread pool-3-thread-3
 message  {Id=678fd981-ae8c-4c46-8f7b-74479d44dba3,FirstNumber=788,secondNumber=414}  added by thread pool-3-thread-6
 message  {Id=678fd981-ae8c-4c46-8f7b-74479d44dba3,FirstNumber=788,secondNumber=414}  written to file by thread pool-3-thread-2
 message  {Id=16bc4c72-7aad-4da7-8381-7f83d1ee427b,FirstNumber=139,secondNumber=1414}  added by thread pool-3-thread-6
 message  {Id=16bc4c72-7aad-4da7-8381-7f83d1ee427b,FirstNumber=139,secondNumber=1414}  written to file by thread pool-3-thread-5
 message  {Id=88bd59bc-20c7-4029-8ae0-9e1a3df27e88,FirstNumber=685,secondNumber=659}  added by thread pool-3-thread-6
 message  {Id=88bd59bc-20c7-4029-8ae0-9e1a3df27e88,FirstNumber=685,secondNumber=659}  written to file by thread pool-3-thread-1
 message  {Id=49cc7a50-9db2-4b9b-b4a4-2f08b8400a1d,FirstNumber=560,secondNumber=80}  added by thread pool-3-thread-6
 message  {Id=c9e3e14b-8264-4d4b-a05f-8ad16c61ad5a,FirstNumber=790,secondNumber=1169}  added by thread pool-3-thread-6
 message  {Id=49cc7a50-9db2-4b9b-b4a4-2f08b8400a1d,FirstNumber=560,secondNumber=80}  written to file by thread pool-3-thread-4
 message  {Id=c9e3e14b-8264-4d4b-a05f-8ad16c61ad5a,FirstNumber=790,secondNumber=1169}  written to file by thread pool-3-thread-3
 message  {Id=eb83c48e-a6d5-494c-ab6d-c089743de500,FirstNumber=25,secondNumber=673}  added by thread pool-3-thread-6
 message  {Id=eb83c48e-a6d5-494c-ab6d-c089743de500,FirstNumber=25,secondNumber=673}  written to file by thread pool-3-thread-2
 message  {Id=615e4cf2-18df-4b7e-9550-9ca693b557ee,FirstNumber=11,secondNumber=564}  added by thread pool-3-thread-6
 message  {Id=615e4cf2-18df-4b7e-9550-9ca693b557ee,FirstNumber=11,secondNumber=564}  written to file by thread pool-3-thread-5
 message  {Id=bbc9ea5b-449a-4a60-a97e-8629023bed79,FirstNumber=935,secondNumber=1077}  added by thread pool-3-thread-6
 message  {Id=bbc9ea5b-449a-4a60-a97e-8629023bed79,FirstNumber=935,secondNumber=1077}  written to file by thread pool-3-thread-1
 message  {Id=73b708a0-9f32-4a12-9e7f-f7dd8dc2bb94,FirstNumber=11,secondNumber=653}  added by thread pool-3-thread-6
 message  {Id=73b708a0-9f32-4a12-9e7f-f7dd8dc2bb94,FirstNumber=11,secondNumber=653}  written to file by thread pool-3-thread-4
 message  {Id=8b0ca8bc-b26b-4699-90c0-423948c43eeb,FirstNumber=296,secondNumber=1713}  added by thread pool-3-thread-6
 message  {Id=8b0ca8bc-b26b-4699-90c0-423948c43eeb,FirstNumber=296,secondNumber=1713}  written to file by thread pool-3-thread-4
 message  {Id=13e45655-9afd-4ece-83f0-654e59d59a77,FirstNumber=957,secondNumber=1838}  added by thread pool-3-thread-6
 message  {Id=13e45655-9afd-4ece-83f0-654e59d59a77,FirstNumber=957,secondNumber=1838}  written to file by thread pool-3-thread-2
 message  {Id=0cdeecb4-0535-4ea1-a2fe-165e9f88255e,FirstNumber=933,secondNumber=225}  added by thread pool-3-thread-6
 message  {Id=0cdeecb4-0535-4ea1-a2fe-165e9f88255e,FirstNumber=933,secondNumber=225}  written to file by thread pool-3-thread-5
 message  {Id=7b8eb179-c40a-4b8a-a081-500efddf033a,FirstNumber=574,secondNumber=1073}  added by thread pool-3-thread-6
 message  {Id=7b8eb179-c40a-4b8a-a081-500efddf033a,FirstNumber=574,secondNumber=1073}  written to file by thread pool-3-thread-1
 message  {Id=94cf8d72-d5c8-489b-a2e1-39c51d97ad04,FirstNumber=902,secondNumber=78}  added by thread pool-3-thread-6
 message  {Id=94cf8d72-d5c8-489b-a2e1-39c51d97ad04,FirstNumber=902,secondNumber=78}  written to file by thread pool-3-thread-1
 message  {Id=8076fe5c-edce-46cf-85fb-fcddcc0c382e,FirstNumber=340,secondNumber=789}  added by thread pool-3-thread-6
 message  {Id=8076fe5c-edce-46cf-85fb-fcddcc0c382e,FirstNumber=340,secondNumber=789}  written to file by thread pool-3-thread-1
 message  {Id=904c4bbe-5757-45cf-afa5-3f41e72ca967,FirstNumber=909,secondNumber=1568}  added by thread pool-3-thread-6
 message  {Id=904c4bbe-5757-45cf-afa5-3f41e72ca967,FirstNumber=909,secondNumber=1568}  written to file by thread pool-3-thread-2
 message  {Id=756d9df2-234f-461f-a7ee-8a4f20cc0f36,FirstNumber=492,secondNumber=839}  added by thread pool-3-thread-6
 message  {Id=756d9df2-234f-461f-a7ee-8a4f20cc0f36,FirstNumber=492,secondNumber=839}  written to file by thread pool-3-thread-5
 message  {Id=12326730-db4d-49cf-a703-099afe1e2eac,FirstNumber=30,secondNumber=927}  added by thread pool-3-thread-6
 message  {Id=12326730-db4d-49cf-a703-099afe1e2eac,FirstNumber=30,secondNumber=927}  written to file by thread pool-3-thread-3
 message  {Id=29aec8ee-1307-4bfb-8758-5f545d67b6d9,FirstNumber=176,secondNumber=708}  added by thread pool-3-thread-6
 message  {Id=29aec8ee-1307-4bfb-8758-5f545d67b6d9,FirstNumber=176,secondNumber=708}  written to file by thread pool-3-thread-3
 message  {Id=344ce1bc-e9d0-4cd5-9581-144114400fdf,FirstNumber=400,secondNumber=1104}  added by thread pool-3-thread-6
 message  {Id=344ce1bc-e9d0-4cd5-9581-144114400fdf,FirstNumber=400,secondNumber=1104}  written to file by thread pool-3-thread-1
 message  {Id=7b6935fb-d729-4cdb-a946-d21dac9f6f5d,FirstNumber=591,secondNumber=1369}  added by thread pool-3-thread-6
 message  {Id=7b6935fb-d729-4cdb-a946-d21dac9f6f5d,FirstNumber=591,secondNumber=1369}  written to file by thread pool-3-thread-2
 message  {Id=19563459-e68e-4000-8d49-767258f399bc,FirstNumber=751,secondNumber=346}  added by thread pool-3-thread-6
 message  {Id=19563459-e68e-4000-8d49-767258f399bc,FirstNumber=751,secondNumber=346}  written to file by thread pool-3-thread-2
 message  {Id=8cca6794-3af8-44d0-b3ee-a2a65f58c5dd,FirstNumber=194,secondNumber=1466}  added by thread pool-3-thread-6
 message  {Id=8cca6794-3af8-44d0-b3ee-a2a65f58c5dd,FirstNumber=194,secondNumber=1466}  written to file by thread pool-3-thread-4
 message  {Id=5c37aa7d-0f1a-42dd-9930-1166f7329b18,FirstNumber=475,secondNumber=1339}  added by thread pool-3-thread-6
 message  {Id=67a183eb-0cba-4a69-8804-a6a16f2fbf3e,FirstNumber=605,secondNumber=1559}  added by thread pool-3-thread-6
 message  {Id=5c37aa7d-0f1a-42dd-9930-1166f7329b18,FirstNumber=475,secondNumber=1339}  written to file by thread pool-3-thread-3
 message  {Id=67a183eb-0cba-4a69-8804-a6a16f2fbf3e,FirstNumber=605,secondNumber=1559}  written to file by thread pool-3-thread-1
 message  {Id=2fccc397-335a-4141-bbb9-006ea1c01275,FirstNumber=338,secondNumber=283}  added by thread pool-3-thread-6
 message  {Id=2fccc397-335a-4141-bbb9-006ea1c01275,FirstNumber=338,secondNumber=283}  written to file by thread pool-3-thread-1
 message  {Id=5fe60f76-cfe5-48e0-8864-0d8e0bc4ad19,FirstNumber=7,secondNumber=587}  added by thread pool-3-thread-6
 message  {Id=5fe60f76-cfe5-48e0-8864-0d8e0bc4ad19,FirstNumber=7,secondNumber=587}  written to file by thread pool-3-thread-1
 message  {Id=81e422e7-dcfc-4694-b830-0ec741f00927,FirstNumber=618,secondNumber=1418}  added by thread pool-3-thread-6
 message  {Id=81e422e7-dcfc-4694-b830-0ec741f00927,FirstNumber=618,secondNumber=1418}  written to file by thread pool-3-thread-4
 message  {Id=9cf6a11b-e082-4167-a715-60a98f02a658,FirstNumber=121,secondNumber=958}  added by thread pool-3-thread-6
 message  {Id=9cf6a11b-e082-4167-a715-60a98f02a658,FirstNumber=121,secondNumber=958}  written to file by thread pool-3-thread-4
 message  {Id=742c1f5e-5397-4d0d-aa89-f0e9c53b9157,FirstNumber=527,secondNumber=1343}  added by thread pool-3-thread-6
 message  {Id=742c1f5e-5397-4d0d-aa89-f0e9c53b9157,FirstNumber=527,secondNumber=1343}  written to file by thread pool-3-thread-5
 message  {Id=9aecc44e-a0c2-448c-8438-6052636a3ccb,FirstNumber=13,secondNumber=558}  added by thread pool-3-thread-6
 message  {Id=9aecc44e-a0c2-448c-8438-6052636a3ccb,FirstNumber=13,secondNumber=558}  written to file by thread pool-3-thread-5
 message  {Id=12f07792-c0d4-455a-b531-31756dfa3b1f,FirstNumber=714,secondNumber=212}  added by thread pool-3-thread-6
 message  {Id=12f07792-c0d4-455a-b531-31756dfa3b1f,FirstNumber=714,secondNumber=212}  written to file by thread pool-3-thread-1
 message  {Id=2f2665a7-fa17-49a4-91d2-91665768558e,FirstNumber=282,secondNumber=1177}  added by thread pool-3-thread-6
 message  {Id=2f2665a7-fa17-49a4-91d2-91665768558e,FirstNumber=282,secondNumber=1177}  written to file by thread pool-3-thread-1
 message  {Id=59051589-2212-42ea-b1ed-b72754428ccd,FirstNumber=12,secondNumber=42}  added by thread pool-3-thread-6
 message  {Id=aafc4455-244f-4e19-9f85-603133e90e67,FirstNumber=277,secondNumber=1205}  added by thread pool-3-thread-6
 message  {Id=59051589-2212-42ea-b1ed-b72754428ccd,FirstNumber=12,secondNumber=42}  written to file by thread pool-3-thread-4
 message  {Id=aafc4455-244f-4e19-9f85-603133e90e67,FirstNumber=277,secondNumber=1205}  written to file by thread pool-3-thread-2
 message  {Id=1d9d6749-f75f-459b-90f4-df863f6ac465,FirstNumber=663,secondNumber=161}  added by thread pool-3-thread-6
 message  {Id=1d9d6749-f75f-459b-90f4-df863f6ac465,FirstNumber=663,secondNumber=161}  written to file by thread pool-3-thread-2
 message  {Id=937ffc26-b345-457b-a021-eb58d109bbcf,FirstNumber=92,secondNumber=1820}  added by thread pool-3-thread-6
 message  {Id=937ffc26-b345-457b-a021-eb58d109bbcf,FirstNumber=92,secondNumber=1820}  written to file by thread pool-3-thread-3
 message  {Id=2f5c3110-89b3-4ebe-a698-22aa90b6d27f,FirstNumber=638,secondNumber=211}  added by thread pool-3-thread-6
 message  {Id=2f5c3110-89b3-4ebe-a698-22aa90b6d27f,FirstNumber=638,secondNumber=211}  written to file by thread pool-3-thread-1
 message  {Id=e60427c6-9d79-453b-8396-bb3ada69ddd2,FirstNumber=272,secondNumber=984}  added by thread pool-3-thread-6
 message  {Id=e60427c6-9d79-453b-8396-bb3ada69ddd2,FirstNumber=272,secondNumber=984}  written to file by thread pool-3-thread-4
 message  {Id=47aacc89-fc6b-40ad-a928-8b03a7585c73,FirstNumber=449,secondNumber=330}  added by thread pool-3-thread-6
 message  {Id=47aacc89-fc6b-40ad-a928-8b03a7585c73,FirstNumber=449,secondNumber=330}  written to file by thread pool-3-thread-4
 message  {Id=85483a8c-8810-4aff-af6b-73edabba4257,FirstNumber=347,secondNumber=181}  added by thread pool-3-thread-6
 message  {Id=85483a8c-8810-4aff-af6b-73edabba4257,FirstNumber=347,secondNumber=181}  written to file by thread pool-3-thread-2
 message  {Id=63483d68-29c7-4767-9b13-dbd8efd9c55d,FirstNumber=526,secondNumber=1150}  added by thread pool-3-thread-6
 message  {Id=63483d68-29c7-4767-9b13-dbd8efd9c55d,FirstNumber=526,secondNumber=1150}  written to file by thread pool-3-thread-3
 message  {Id=e2cdae67-e063-471d-bae3-8df2e36ba081,FirstNumber=279,secondNumber=662}  added by thread pool-3-thread-6
 message  {Id=e2cdae67-e063-471d-bae3-8df2e36ba081,FirstNumber=279,secondNumber=662}  written to file by thread pool-3-thread-1
 message  {Id=89ca74cb-80a3-4186-90b4-8579c83382ae,FirstNumber=183,secondNumber=1290}  added by thread pool-3-thread-6
 message  {Id=89ca74cb-80a3-4186-90b4-8579c83382ae,FirstNumber=183,secondNumber=1290}  written to file by thread pool-3-thread-1
 message  {Id=7aa8193c-e7f8-4901-b137-0d28eb263cb2,FirstNumber=625,secondNumber=293}  added by thread pool-3-thread-6
 message  {Id=7aa8193c-e7f8-4901-b137-0d28eb263cb2,FirstNumber=625,secondNumber=293}  written to file by thread pool-3-thread-1
 message  {Id=c9be4af5-fc84-4036-bf3b-a92deacfa9f1,FirstNumber=438,secondNumber=1691}  added by thread pool-3-thread-6
 message  {Id=c9be4af5-fc84-4036-bf3b-a92deacfa9f1,FirstNumber=438,secondNumber=1691}  written to file by thread pool-3-thread-2
 message  {Id=334e9d25-dbff-497a-a0da-e7481d1873fe,FirstNumber=346,secondNumber=1007}  added by thread pool-3-thread-6
 message  {Id=334e9d25-dbff-497a-a0da-e7481d1873fe,FirstNumber=346,secondNumber=1007}  written to file by thread pool-3-thread-3
 message  {Id=05f09b45-21e1-4929-b7e9-bbe93a61cbf1,FirstNumber=408,secondNumber=1727}  added by thread pool-3-thread-6
 message  {Id=05f09b45-21e1-4929-b7e9-bbe93a61cbf1,FirstNumber=408,secondNumber=1727}  written to file by thread pool-3-thread-5
 message  {Id=8d317df5-01f2-440d-a41d-f00f72c26a98,FirstNumber=901,secondNumber=517}  added by thread pool-3-thread-6
 message  {Id=8d317df5-01f2-440d-a41d-f00f72c26a98,FirstNumber=901,secondNumber=517}  written to file by thread pool-3-thread-5
 message  {Id=a3a1058c-4c56-4dcd-9cfc-c55a4abb3388,FirstNumber=960,secondNumber=1352}  added by thread pool-3-thread-6
 message  {Id=52fbad35-499e-468c-8ac1-d76902b4696e,FirstNumber=684,secondNumber=1560}  added by thread pool-3-thread-6
 message  {Id=a3a1058c-4c56-4dcd-9cfc-c55a4abb3388,FirstNumber=960,secondNumber=1352}  written to file by thread pool-3-thread-1
 message  {Id=52fbad35-499e-468c-8ac1-d76902b4696e,FirstNumber=684,secondNumber=1560}  written to file by thread pool-3-thread-2
 message  {Id=09d9d826-ebaf-40d5-b2c9-426b9a632394,FirstNumber=357,secondNumber=733}  added by thread pool-3-thread-6
 message  {Id=09d9d826-ebaf-40d5-b2c9-426b9a632394,FirstNumber=357,secondNumber=733}  written to file by thread pool-3-thread-3
 message  {Id=d598721a-fa16-4f75-b50d-a2b6a346aad8,FirstNumber=425,secondNumber=951}  added by thread pool-3-thread-6
 message  {Id=d598721a-fa16-4f75-b50d-a2b6a346aad8,FirstNumber=425,secondNumber=951}  written to file by thread pool-3-thread-3
 message  {Id=afc8bfd3-8114-441e-b249-7b286edc261b,FirstNumber=860,secondNumber=533}  added by thread pool-3-thread-6
 message  {Id=4ae27eff-a8f2-44fb-b6e2-bce1cd8dd495,FirstNumber=578,secondNumber=1174}  added by thread pool-3-thread-6
 message  {Id=afc8bfd3-8114-441e-b249-7b286edc261b,FirstNumber=860,secondNumber=533}  written to file by thread pool-3-thread-5
 message  {Id=4ae27eff-a8f2-44fb-b6e2-bce1cd8dd495,FirstNumber=578,secondNumber=1174}  written to file by thread pool-3-thread-1
 message  {Id=3be310dc-0e8c-43c6-91f6-421ace66779d,FirstNumber=608,secondNumber=55}  added by thread pool-3-thread-6
 message  {Id=3be310dc-0e8c-43c6-91f6-421ace66779d,FirstNumber=608,secondNumber=55}  written to file by thread pool-3-thread-1
 message  {Id=be9defd7-4449-4154-9b06-46df9f213805,FirstNumber=379,secondNumber=866}  added by thread pool-3-thread-6
 message  {Id=be9defd7-4449-4154-9b06-46df9f213805,FirstNumber=379,secondNumber=866}  written to file by thread pool-3-thread-1
 message  {Id=1c35e0f5-54c5-497f-9d20-2723df4e497c,FirstNumber=522,secondNumber=455}  added by thread pool-3-thread-6
 message  {Id=1c35e0f5-54c5-497f-9d20-2723df4e497c,FirstNumber=522,secondNumber=455}  written to file by thread pool-3-thread-3
 message  {Id=3c2beb7c-c620-4e1c-ba6c-5bc253841136,FirstNumber=893,secondNumber=1652}  added by thread pool-3-thread-6
 message  {Id=3c2beb7c-c620-4e1c-ba6c-5bc253841136,FirstNumber=893,secondNumber=1652}  written to file by thread pool-3-thread-3
 message  {Id=7ba38589-3e53-485d-950d-b819b7766a4f,FirstNumber=837,secondNumber=1883}  added by thread pool-3-thread-6
 message  {Id=7ba38589-3e53-485d-950d-b819b7766a4f,FirstNumber=837,secondNumber=1883}  written to file by thread pool-3-thread-2
 message  {Id=a714cde2-4cae-489a-870d-f1a486b58c2f,FirstNumber=889,secondNumber=217}  added by thread pool-3-thread-6
 message  {Id=a714cde2-4cae-489a-870d-f1a486b58c2f,FirstNumber=889,secondNumber=217}  written to file by thread pool-3-thread-4
 message  {Id=ab0df9eb-b945-4a9a-8f08-5a152806afb2,FirstNumber=6,secondNumber=1043}  added by thread pool-3-thread-6
 message  {Id=ab0df9eb-b945-4a9a-8f08-5a152806afb2,FirstNumber=6,secondNumber=1043}  written to file by thread pool-3-thread-1
 message  {Id=05166bc4-c711-4021-80f0-d603ac319859,FirstNumber=99,secondNumber=1783}  added by thread pool-3-thread-6
 message  {Id=05166bc4-c711-4021-80f0-d603ac319859,FirstNumber=99,secondNumber=1783}  written to file by thread pool-3-thread-5
 message  {Id=72e08d5a-59f1-4db7-a041-a14f6ae21c94,FirstNumber=412,secondNumber=1654}  added by thread pool-3-thread-6
 message  {Id=f141ec9c-45bb-4107-88c7-d2b6d700aea5,FirstNumber=209,secondNumber=1885}  added by thread pool-3-thread-6
 message  {Id=72e08d5a-59f1-4db7-a041-a14f6ae21c94,FirstNumber=412,secondNumber=1654}  written to file by thread pool-3-thread-3
 message  {Id=f141ec9c-45bb-4107-88c7-d2b6d700aea5,FirstNumber=209,secondNumber=1885}  written to file by thread pool-3-thread-2
 message  {Id=ab23135d-0d6c-4e69-83e6-33af843518bb,FirstNumber=791,secondNumber=1969}  added by thread pool-3-thread-6
 message  {Id=ab23135d-0d6c-4e69-83e6-33af843518bb,FirstNumber=791,secondNumber=1969}  written to file by thread pool-3-thread-2
 message  {Id=51b95819-b959-40a3-8a16-2e73e86d87a1,FirstNumber=887,secondNumber=454}  added by thread pool-3-thread-6
 message  {Id=51b95819-b959-40a3-8a16-2e73e86d87a1,FirstNumber=887,secondNumber=454}  written to file by thread pool-3-thread-1
 message  {Id=509e7830-dcd2-4096-a185-ce4875ee7196,FirstNumber=839,secondNumber=1729}  added by thread pool-3-thread-6
 message  {Id=509e7830-dcd2-4096-a185-ce4875ee7196,FirstNumber=839,secondNumber=1729}  written to file by thread pool-3-thread-1
 message  {Id=7da1c074-a576-4ee9-83d8-180e9258c7ea,FirstNumber=121,secondNumber=228}  added by thread pool-3-thread-6
 message  {Id=7da1c074-a576-4ee9-83d8-180e9258c7ea,FirstNumber=121,secondNumber=228}  written to file by thread pool-3-thread-3
 message  {Id=215f1633-1bae-4f20-9458-082bb50b54fb,FirstNumber=625,secondNumber=311}  added by thread pool-3-thread-6
 message  {Id=215f1633-1bae-4f20-9458-082bb50b54fb,FirstNumber=625,secondNumber=311}  written to file by thread pool-3-thread-3
 message  {Id=7099e62a-6ce5-490f-a774-b9b220200101,FirstNumber=978,secondNumber=193}  added by thread pool-3-thread-6
 message  {Id=7099e62a-6ce5-490f-a774-b9b220200101,FirstNumber=978,secondNumber=193}  written to file by thread pool-3-thread-2
 message  {Id=6af2430d-daeb-429e-98af-7baa2869bd0f,FirstNumber=276,secondNumber=1742}  added by thread pool-3-thread-6
 message  {Id=6af2430d-daeb-429e-98af-7baa2869bd0f,FirstNumber=276,secondNumber=1742}  written to file by thread pool-3-thread-5
 message  {Id=092b1848-352d-44c7-93c9-39c2d11bfdfa,FirstNumber=115,secondNumber=1912}  added by thread pool-3-thread-6
 message  {Id=092b1848-352d-44c7-93c9-39c2d11bfdfa,FirstNumber=115,secondNumber=1912}  written to file by thread pool-3-thread-1
 message  {Id=5e9ff44a-77b9-4cec-9e1a-928c3a9418bc,FirstNumber=257,secondNumber=1859}  added by thread pool-3-thread-6
 message  {Id=92e1bca5-71a3-4a21-b71f-5d99f5d074c5,FirstNumber=818,secondNumber=1049}  added by thread pool-3-thread-6
 message  {Id=5e9ff44a-77b9-4cec-9e1a-928c3a9418bc,FirstNumber=257,secondNumber=1859}  written to file by thread pool-3-thread-1
 message  {Id=92e1bca5-71a3-4a21-b71f-5d99f5d074c5,FirstNumber=818,secondNumber=1049}  written to file by thread pool-3-thread-3
 message  {Id=c40b4be3-ee1f-48fc-b85b-a4cf6fd7884c,FirstNumber=84,secondNumber=1573}  added by thread pool-3-thread-6
 message  {Id=b47fca12-fa18-4091-8dec-2ca79302e175,FirstNumber=469,secondNumber=218}  added by thread pool-3-thread-6
 message  {Id=c40b4be3-ee1f-48fc-b85b-a4cf6fd7884c,FirstNumber=84,secondNumber=1573}  written to file by thread pool-3-thread-2
 message  {Id=b47fca12-fa18-4091-8dec-2ca79302e175,FirstNumber=469,secondNumber=218}  written to file by thread pool-3-thread-5
 message  {Id=4ff0631c-5b9b-404f-b9db-6e6ba84bf26d,FirstNumber=582,secondNumber=922}  added by thread pool-3-thread-6
 message  {Id=4ff0631c-5b9b-404f-b9db-6e6ba84bf26d,FirstNumber=582,secondNumber=922}  written to file by thread pool-3-thread-5
 message  {Id=882a9b58-6ceb-4374-a8e4-b3a0694b8cae,FirstNumber=882,secondNumber=1017}  added by thread pool-3-thread-6
 message  {Id=882a9b58-6ceb-4374-a8e4-b3a0694b8cae,FirstNumber=882,secondNumber=1017}  written to file by thread pool-3-thread-5
 message  {Id=7cbe2399-f2bb-4c69-b43d-52687b9e7385,FirstNumber=450,secondNumber=1039}  added by thread pool-3-thread-6
 message  {Id=7cbe2399-f2bb-4c69-b43d-52687b9e7385,FirstNumber=450,secondNumber=1039}  written to file by thread pool-3-thread-3
 message  {Id=87930e91-1745-4cfc-8bd5-b3bcc8044205,FirstNumber=962,secondNumber=1522}  added by thread pool-3-thread-6
 message  {Id=87930e91-1745-4cfc-8bd5-b3bcc8044205,FirstNumber=962,secondNumber=1522}  written to file by thread pool-3-thread-3
 message  {Id=fdfd69fb-422b-4bc1-8485-5a48d5963d3c,FirstNumber=320,secondNumber=563}  added by thread pool-3-thread-6
 message  {Id=fdfd69fb-422b-4bc1-8485-5a48d5963d3c,FirstNumber=320,secondNumber=563}  written to file by thread pool-3-thread-4
 message  {Id=755ec0f2-ab27-4bcd-90e5-5295cfd580d9,FirstNumber=805,secondNumber=327}  added by thread pool-3-thread-6
 message  {Id=755ec0f2-ab27-4bcd-90e5-5295cfd580d9,FirstNumber=805,secondNumber=327}  written to file by thread pool-3-thread-4
 message  {Id=380799c9-198d-4a3b-8891-4abe839a2c44,FirstNumber=618,secondNumber=1025}  added by thread pool-3-thread-6
 message  {Id=a7ccfe79-2313-4e70-83fe-14e8246178f1,FirstNumber=440,secondNumber=15}  added by thread pool-3-thread-6
 message  {Id=380799c9-198d-4a3b-8891-4abe839a2c44,FirstNumber=618,secondNumber=1025}  written to file by thread pool-3-thread-5
 message  {Id=a7ccfe79-2313-4e70-83fe-14e8246178f1,FirstNumber=440,secondNumber=15}  written to file by thread pool-3-thread-2
 message  {Id=04b3e25b-f24a-419f-9310-1069dadf950d,FirstNumber=419,secondNumber=603}  added by thread pool-3-thread-6
 message  {Id=04b3e25b-f24a-419f-9310-1069dadf950d,FirstNumber=419,secondNumber=603}  written to file by thread pool-3-thread-2
 message  {Id=3908eaec-688a-4171-a011-8224ef5c6abf,FirstNumber=247,secondNumber=336}  added by thread pool-3-thread-6
 message  {Id=3908eaec-688a-4171-a011-8224ef5c6abf,FirstNumber=247,secondNumber=336}  written to file by thread pool-3-thread-1
 message  {Id=5327be77-2afc-4552-805b-520dc1266319,FirstNumber=527,secondNumber=57}  added by thread pool-3-thread-6
 message  {Id=5327be77-2afc-4552-805b-520dc1266319,FirstNumber=527,secondNumber=57}  written to file by thread pool-3-thread-1
 message  {Id=461f5fbf-fb8a-49e7-b021-74b785404afd,FirstNumber=272,secondNumber=54}  added by thread pool-3-thread-6
 message  {Id=461f5fbf-fb8a-49e7-b021-74b785404afd,FirstNumber=272,secondNumber=54}  written to file by thread pool-3-thread-5
 message  {Id=a10f4984-4a75-4dab-abb7-49a14dbcdc17,FirstNumber=795,secondNumber=1029}  added by thread pool-3-thread-6
 message  {Id=a10f4984-4a75-4dab-abb7-49a14dbcdc17,FirstNumber=795,secondNumber=1029}  written to file by thread pool-3-thread-5
 message  {Id=29bfe3f5-de6e-4292-a57c-d0ae79098c0a,FirstNumber=310,secondNumber=890}  added by thread pool-3-thread-6
 message  {Id=29bfe3f5-de6e-4292-a57c-d0ae79098c0a,FirstNumber=310,secondNumber=890}  written to file by thread pool-3-thread-2
 message  {Id=bdb47851-cf1e-4ac7-a8e9-63b118c25763,FirstNumber=356,secondNumber=212}  added by thread pool-3-thread-6
 message  {Id=bdb47851-cf1e-4ac7-a8e9-63b118c25763,FirstNumber=356,secondNumber=212}  written to file by thread pool-3-thread-4
 message  {Id=7929f8d9-ac70-413c-b5f8-90e01b3b5668,FirstNumber=770,secondNumber=1998}  added by thread pool-3-thread-6
 message  {Id=7929f8d9-ac70-413c-b5f8-90e01b3b5668,FirstNumber=770,secondNumber=1998}  written to file by thread pool-3-thread-1
 message  {Id=4d87644c-f07b-4603-b42a-8463d627c179,FirstNumber=961,secondNumber=900}  added by thread pool-3-thread-6
 message  {Id=b036d9d0-0432-4488-b03a-b1c2b345c72e,FirstNumber=368,secondNumber=1358}  added by thread pool-3-thread-6
 message  {Id=4d87644c-f07b-4603-b42a-8463d627c179,FirstNumber=961,secondNumber=900}  written to file by thread pool-3-thread-3
 message  {Id=b036d9d0-0432-4488-b03a-b1c2b345c72e,FirstNumber=368,secondNumber=1358}  written to file by thread pool-3-thread-5
 message  {Id=9ce467be-7cbb-4a64-9db4-0f75173255c3,FirstNumber=989,secondNumber=209}  added by thread pool-3-thread-6
 message  {Id=9ce467be-7cbb-4a64-9db4-0f75173255c3,FirstNumber=989,secondNumber=209}  written to file by thread pool-3-thread-2
 message  {Id=724bbc6d-2bf1-4d17-bdbf-0b5e328875ae,FirstNumber=746,secondNumber=163}  added by thread pool-3-thread-6
 message  {Id=724bbc6d-2bf1-4d17-bdbf-0b5e328875ae,FirstNumber=746,secondNumber=163}  written to file by thread pool-3-thread-4
 message  {Id=2ae88572-e34d-4801-9bfc-efcfdee8a6b0,FirstNumber=499,secondNumber=601}  added by thread pool-3-thread-6
 message  {Id=2ae88572-e34d-4801-9bfc-efcfdee8a6b0,FirstNumber=499,secondNumber=601}  written to file by thread pool-3-thread-1
 message  {Id=4cfc1c91-48d8-4d35-8651-806e53cc32b7,FirstNumber=51,secondNumber=265}  added by thread pool-3-thread-6
 message  {Id=4cfc1c91-48d8-4d35-8651-806e53cc32b7,FirstNumber=51,secondNumber=265}  written to file by thread pool-3-thread-3
 message  {Id=9e495c1c-3b8a-4065-99df-fc5e448fd85d,FirstNumber=763,secondNumber=638}  added by thread pool-3-thread-6
 message  {Id=9e495c1c-3b8a-4065-99df-fc5e448fd85d,FirstNumber=763,secondNumber=638}  written to file by thread pool-3-thread-3
 message  {Id=cca97cc6-7d07-464b-b41b-c796a70f18c5,FirstNumber=284,secondNumber=650}  added by thread pool-3-thread-6
 message  {Id=cca97cc6-7d07-464b-b41b-c796a70f18c5,FirstNumber=284,secondNumber=650}  written to file by thread pool-3-thread-2
 message  {Id=fe281a93-132c-491d-960a-a2592be59503,FirstNumber=338,secondNumber=1133}  added by thread pool-3-thread-6
 message  {Id=fe281a93-132c-491d-960a-a2592be59503,FirstNumber=338,secondNumber=1133}  written to file by thread pool-3-thread-4
 message  {Id=0984adac-4bf4-42c4-9014-2695f663bd8f,FirstNumber=694,secondNumber=340}  added by thread pool-3-thread-6
 message  {Id=0984adac-4bf4-42c4-9014-2695f663bd8f,FirstNumber=694,secondNumber=340}  written to file by thread pool-3-thread-1
 message  {Id=b778a80d-d20b-49ff-8204-8fdc7fee1102,FirstNumber=110,secondNumber=1579}  added by thread pool-3-thread-6
 message  {Id=0a114407-96c3-4051-b443-aad0f6818cd0,FirstNumber=454,secondNumber=1455}  added by thread pool-3-thread-6
 message  {Id=b778a80d-d20b-49ff-8204-8fdc7fee1102,FirstNumber=110,secondNumber=1579}  written to file by thread pool-3-thread-5
 message  {Id=0a114407-96c3-4051-b443-aad0f6818cd0,FirstNumber=454,secondNumber=1455}  written to file by thread pool-3-thread-3
 message  {Id=aafa1fc6-c24b-450f-b46e-98dd7cc2e0d2,FirstNumber=546,secondNumber=712}  added by thread pool-3-thread-6
 message  {Id=aafa1fc6-c24b-450f-b46e-98dd7cc2e0d2,FirstNumber=546,secondNumber=712}  written to file by thread pool-3-thread-2
 message  {Id=6221f277-b733-4755-8475-b224bb23ab0b,FirstNumber=868,secondNumber=1956}  added by thread pool-3-thread-6
 message  {Id=6221f277-b733-4755-8475-b224bb23ab0b,FirstNumber=868,secondNumber=1956}  written to file by thread pool-3-thread-4
 message  {Id=38017760-e543-4e11-ab27-6281b73ae813,FirstNumber=682,secondNumber=1750}  added by thread pool-3-thread-6
 message  {Id=38017760-e543-4e11-ab27-6281b73ae813,FirstNumber=682,secondNumber=1750}  written to file by thread pool-3-thread-1
 message  {Id=b75d1b4c-622b-4234-9bd5-1bff065e240e,FirstNumber=605,secondNumber=729}  added by thread pool-3-thread-6
 message  {Id=b75d1b4c-622b-4234-9bd5-1bff065e240e,FirstNumber=605,secondNumber=729}  written to file by thread pool-3-thread-5
 message  {Id=bcc2c711-a098-40d6-be82-f35ac0afbf4d,FirstNumber=220,secondNumber=698}  added by thread pool-3-thread-6
 message  {Id=bcc2c711-a098-40d6-be82-f35ac0afbf4d,FirstNumber=220,secondNumber=698}  written to file by thread pool-3-thread-5
 message  {Id=bed79fc3-abdf-4897-8151-19e15b5806eb,FirstNumber=212,secondNumber=784}  added by thread pool-3-thread-6
 message  {Id=bed79fc3-abdf-4897-8151-19e15b5806eb,FirstNumber=212,secondNumber=784}  written to file by thread pool-3-thread-2
 message  {Id=b951f8a9-a9ff-4460-a948-6095a0abde11,FirstNumber=276,secondNumber=1755}  added by thread pool-3-thread-6
 message  {Id=b951f8a9-a9ff-4460-a948-6095a0abde11,FirstNumber=276,secondNumber=1755}  written to file by thread pool-3-thread-2
 message  {Id=e58158f1-30c9-4aba-9c81-34b5e00d1ec3,FirstNumber=506,secondNumber=1056}  added by thread pool-3-thread-6
 message  {Id=e58158f1-30c9-4aba-9c81-34b5e00d1ec3,FirstNumber=506,secondNumber=1056}  written to file by thread pool-3-thread-1
 message  {Id=229222bb-cafd-45b8-9d77-0cd602112bde,FirstNumber=45,secondNumber=778}  added by thread pool-3-thread-6
 message  {Id=229222bb-cafd-45b8-9d77-0cd602112bde,FirstNumber=45,secondNumber=778}  written to file by thread pool-3-thread-1
 message  {Id=dba9039f-40f5-4ddc-a579-3b501c946706,FirstNumber=800,secondNumber=1885}  added by thread pool-3-thread-6
 message  {Id=dba9039f-40f5-4ddc-a579-3b501c946706,FirstNumber=800,secondNumber=1885}  written to file by thread pool-3-thread-5
 message  {Id=793bbc8b-cbe9-404d-ad4d-6fe41fee4880,FirstNumber=518,secondNumber=699}  added by thread pool-3-thread-6
 message  {Id=793bbc8b-cbe9-404d-ad4d-6fe41fee4880,FirstNumber=518,secondNumber=699}  written to file by thread pool-3-thread-4
 message  {Id=67b5bb0a-a4cf-446a-b377-4e4bad3ef91f,FirstNumber=957,secondNumber=1149}  added by thread pool-3-thread-6
 message  {Id=67b5bb0a-a4cf-446a-b377-4e4bad3ef91f,FirstNumber=957,secondNumber=1149}  written to file by thread pool-3-thread-4
 message  {Id=586747eb-f273-4b8e-92f5-8f4958dea4fc,FirstNumber=333,secondNumber=1875}  added by thread pool-3-thread-6
 message  {Id=586747eb-f273-4b8e-92f5-8f4958dea4fc,FirstNumber=333,secondNumber=1875}  written to file by thread pool-3-thread-3
 message  {Id=f6cab9d8-2e94-4ef8-bd33-37abe891dfdb,FirstNumber=342,secondNumber=772}  added by thread pool-3-thread-6
 message  {Id=f6cab9d8-2e94-4ef8-bd33-37abe891dfdb,FirstNumber=342,secondNumber=772}  written to file by thread pool-3-thread-3
 message  {Id=ebf82762-faad-4df1-8420-582b80d958d9,FirstNumber=390,secondNumber=1075}  added by thread pool-3-thread-6
 message  {Id=ebf82762-faad-4df1-8420-582b80d958d9,FirstNumber=390,secondNumber=1075}  written to file by thread pool-3-thread-5
 message  {Id=b9d607b2-92c5-44cc-9ff1-10dd560a62af,FirstNumber=587,secondNumber=1568}  added by thread pool-3-thread-6
 message  {Id=b9d607b2-92c5-44cc-9ff1-10dd560a62af,FirstNumber=587,secondNumber=1568}  written to file by thread pool-3-thread-5
 message  {Id=f5b569f3-63d2-4eb7-9a6a-b2af7e7715ea,FirstNumber=421,secondNumber=1068}  added by thread pool-3-thread-6
 message  {Id=f5b569f3-63d2-4eb7-9a6a-b2af7e7715ea,FirstNumber=421,secondNumber=1068}  written to file by thread pool-3-thread-4
 message  {Id=569c330b-ac2e-497f-b2ef-938d10ad700f,FirstNumber=883,secondNumber=106}  added by thread pool-3-thread-6
 message  {Id=569c330b-ac2e-497f-b2ef-938d10ad700f,FirstNumber=883,secondNumber=106}  written to file by thread pool-3-thread-4
 message  {Id=813e54b5-2ac7-4c26-b467-7e7d5073e6ba,FirstNumber=226,secondNumber=675}  added by thread pool-3-thread-6
 message  {Id=8b77952b-d35e-4eb3-95a9-c65745446919,FirstNumber=700,secondNumber=642}  added by thread pool-3-thread-6
 message  {Id=813e54b5-2ac7-4c26-b467-7e7d5073e6ba,FirstNumber=226,secondNumber=675}  written to file by thread pool-3-thread-3
 message  {Id=8b77952b-d35e-4eb3-95a9-c65745446919,FirstNumber=700,secondNumber=642}  written to file by thread pool-3-thread-2
 message  {Id=d82fe61f-ac53-47aa-a33c-e36f58f015ec,FirstNumber=886,secondNumber=1752}  added by thread pool-3-thread-6
 message  {Id=d82fe61f-ac53-47aa-a33c-e36f58f015ec,FirstNumber=886,secondNumber=1752}  written to file by thread pool-3-thread-2
 message  {Id=90f07fbd-2be5-4a05-b3d9-385d149398ae,FirstNumber=651,secondNumber=1597}  added by thread pool-3-thread-6
 message  {Id=90f07fbd-2be5-4a05-b3d9-385d149398ae,FirstNumber=651,secondNumber=1597}  written to file by thread pool-3-thread-1
 message  {Id=d34a3e1f-2592-46ae-95f0-50ec34c11b10,FirstNumber=11,secondNumber=1756}  added by thread pool-3-thread-6
 message  {Id=d34a3e1f-2592-46ae-95f0-50ec34c11b10,FirstNumber=11,secondNumber=1756}  written to file by thread pool-3-thread-4
 message  {Id=bd48b8ab-0803-4928-8dd9-8b25f09eb054,FirstNumber=694,secondNumber=1075}  added by thread pool-3-thread-6
 message  {Id=bd48b8ab-0803-4928-8dd9-8b25f09eb054,FirstNumber=694,secondNumber=1075}  written to file by thread pool-3-thread-3
 message  {Id=5831100d-c4fb-48f8-b3e5-3a829a7a931e,FirstNumber=257,secondNumber=7}  added by thread pool-3-thread-6
 message  {Id=5831100d-c4fb-48f8-b3e5-3a829a7a931e,FirstNumber=257,secondNumber=7}  written to file by thread pool-3-thread-3
 message  {Id=d61de2aa-2b74-4a86-b4df-7543c5bed818,FirstNumber=335,secondNumber=1657}  added by thread pool-3-thread-6
 message  {Id=d61de2aa-2b74-4a86-b4df-7543c5bed818,FirstNumber=335,secondNumber=1657}  written to file by thread pool-3-thread-3
 message  {Id=4c69bb77-48eb-4500-8239-3b190f930828,FirstNumber=687,secondNumber=733}  added by thread pool-3-thread-6
 message  {Id=4c69bb77-48eb-4500-8239-3b190f930828,FirstNumber=687,secondNumber=733}  written to file by thread pool-3-thread-1
 message  {Id=63f468cc-3321-43c6-8d74-d861b1d8ce4f,FirstNumber=674,secondNumber=1044}  added by thread pool-3-thread-6
 message  {Id=63f468cc-3321-43c6-8d74-d861b1d8ce4f,FirstNumber=674,secondNumber=1044}  written to file by thread pool-3-thread-1
 message  {Id=bc947254-72dd-41a3-9dfc-418d29ae43de,FirstNumber=202,secondNumber=1654}  added by thread pool-3-thread-6
 message  {Id=c01ccc7a-7c0a-4ffd-8b72-7fc98e34bf76,FirstNumber=897,secondNumber=597}  added by thread pool-3-thread-6
 message  {Id=bc947254-72dd-41a3-9dfc-418d29ae43de,FirstNumber=202,secondNumber=1654}  written to file by thread pool-3-thread-5
 message  {Id=c01ccc7a-7c0a-4ffd-8b72-7fc98e34bf76,FirstNumber=897,secondNumber=597}  written to file by thread pool-3-thread-2
 message  {Id=a7d1f295-b06b-4a01-83fc-eceb0802f9af,FirstNumber=526,secondNumber=379}  added by thread pool-3-thread-6
 message  {Id=a7d1f295-b06b-4a01-83fc-eceb0802f9af,FirstNumber=526,secondNumber=379}  written to file by thread pool-3-thread-2
 message  {Id=3968fc16-dc9d-4973-b629-4db4882601a5,FirstNumber=381,secondNumber=878}  added by thread pool-3-thread-6
 message  {Id=3968fc16-dc9d-4973-b629-4db4882601a5,FirstNumber=381,secondNumber=878}  written to file by thread pool-3-thread-2
 message  {Id=93216fc1-3175-4244-baf2-583579109eac,FirstNumber=872,secondNumber=322}  added by thread pool-3-thread-6
 message  {Id=93216fc1-3175-4244-baf2-583579109eac,FirstNumber=872,secondNumber=322}  written to file by thread pool-3-thread-1
 message  {Id=8eba1128-80eb-4634-804e-e43076388310,FirstNumber=570,secondNumber=1088}  added by thread pool-3-thread-6
 message  {Id=8eba1128-80eb-4634-804e-e43076388310,FirstNumber=570,secondNumber=1088}  written to file by thread pool-3-thread-5
 message  {Id=df04adad-bcd6-47a6-89fb-2acaa6d69d3d,FirstNumber=246,secondNumber=336}  added by thread pool-3-thread-6
 message  {Id=df04adad-bcd6-47a6-89fb-2acaa6d69d3d,FirstNumber=246,secondNumber=336}  written to file by thread pool-3-thread-5
 message  {Id=be209d1e-4321-474b-a93c-b6dd0a4d8ed8,FirstNumber=783,secondNumber=615}  added by thread pool-3-thread-6
 message  {Id=be209d1e-4321-474b-a93c-b6dd0a4d8ed8,FirstNumber=783,secondNumber=615}  written to file by thread pool-3-thread-4
 message  {Id=30f27621-0d36-4f5f-aa9b-fe7b2c174c87,FirstNumber=168,secondNumber=1280}  added by thread pool-3-thread-6
 message  {Id=30f27621-0d36-4f5f-aa9b-fe7b2c174c87,FirstNumber=168,secondNumber=1280}  written to file by thread pool-3-thread-2
 message  {Id=23eb2d3f-022c-486f-9e86-e486a5b03a26,FirstNumber=60,secondNumber=1533}  added by thread pool-3-thread-6
 message  {Id=23eb2d3f-022c-486f-9e86-e486a5b03a26,FirstNumber=60,secondNumber=1533}  written to file by thread pool-3-thread-1
 message  {Id=1fe1b4af-fe84-45bd-a91d-8e5008e2b3d6,FirstNumber=191,secondNumber=730}  added by thread pool-3-thread-6
 message  {Id=1fe1b4af-fe84-45bd-a91d-8e5008e2b3d6,FirstNumber=191,secondNumber=730}  written to file by thread pool-3-thread-1
 message  {Id=fa274ab7-b9c1-4bba-b867-712e0420035a,FirstNumber=928,secondNumber=29}  added by thread pool-3-thread-6
 message  {Id=fa274ab7-b9c1-4bba-b867-712e0420035a,FirstNumber=928,secondNumber=29}  written to file by thread pool-3-thread-1
 message  {Id=114e9efd-45be-4be8-9927-f10941be5ab7,FirstNumber=451,secondNumber=339}  added by thread pool-3-thread-6
 message  {Id=114e9efd-45be-4be8-9927-f10941be5ab7,FirstNumber=451,secondNumber=339}  written to file by thread pool-3-thread-4
 message  {Id=100fac70-7ef4-40ad-b7a5-62153d480116,FirstNumber=576,secondNumber=333}  added by thread pool-3-thread-6
 message  {Id=100fac70-7ef4-40ad-b7a5-62153d480116,FirstNumber=576,secondNumber=333}  written to file by thread pool-3-thread-4
 message  {Id=0777e055-c305-428c-a100-a41542ac4c7d,FirstNumber=904,secondNumber=209}  added by thread pool-3-thread-6
 message  {Id=0777e055-c305-428c-a100-a41542ac4c7d,FirstNumber=904,secondNumber=209}  written to file by thread pool-3-thread-3
 message  {Id=3cc96fa4-f1d8-42ed-a6f2-f458fb09ccbe,FirstNumber=715,secondNumber=942}  added by thread pool-3-thread-6
 message  {Id=3cc96fa4-f1d8-42ed-a6f2-f458fb09ccbe,FirstNumber=715,secondNumber=942}  written to file by thread pool-3-thread-3
 message  {Id=4662a88f-eb2c-43ab-a781-04379111681c,FirstNumber=512,secondNumber=57}  added by thread pool-3-thread-6
 message  {Id=4662a88f-eb2c-43ab-a781-04379111681c,FirstNumber=512,secondNumber=57}  written to file by thread pool-3-thread-1
 message  {Id=dcb0765e-1f46-4a7f-9f66-5a3e50af559a,FirstNumber=38,secondNumber=24}  added by thread pool-3-thread-6
 message  {Id=dcb0765e-1f46-4a7f-9f66-5a3e50af559a,FirstNumber=38,secondNumber=24}  written to file by thread pool-3-thread-1
 message  {Id=8bae577c-a143-4f7b-b873-9ad40cc1eea5,FirstNumber=656,secondNumber=783}  added by thread pool-3-thread-6
 message  {Id=8bae577c-a143-4f7b-b873-9ad40cc1eea5,FirstNumber=656,secondNumber=783}  written to file by thread pool-3-thread-1
 message  {Id=98ab689b-7ebc-483b-9b16-0e887b9a8c63,FirstNumber=627,secondNumber=500}  added by thread pool-3-thread-6
 message  {Id=98ab689b-7ebc-483b-9b16-0e887b9a8c63,FirstNumber=627,secondNumber=500}  written to file by thread pool-3-thread-5
 message  {Id=d36bb655-ba13-4a5d-b8f8-f15e820d1a8c,FirstNumber=459,secondNumber=1967}  added by thread pool-3-thread-6
 message  {Id=e99d6208-65e2-49d7-b0a7-48aeaf09bb75,FirstNumber=698,secondNumber=870}  added by thread pool-3-thread-6
 message  {Id=d36bb655-ba13-4a5d-b8f8-f15e820d1a8c,FirstNumber=459,secondNumber=1967}  written to file by thread pool-3-thread-3
 message  {Id=e99d6208-65e2-49d7-b0a7-48aeaf09bb75,FirstNumber=698,secondNumber=870}  written to file by thread pool-3-thread-2
 message  {Id=bee909fb-6e30-4752-b208-c4afe9b1301a,FirstNumber=2,secondNumber=560}  added by thread pool-3-thread-6
 message  {Id=bee909fb-6e30-4752-b208-c4afe9b1301a,FirstNumber=2,secondNumber=560}  written to file by thread pool-3-thread-2
 message  {Id=7e0fa52d-2f1d-4088-a044-074269fd090f,FirstNumber=513,secondNumber=1639}  added by thread pool-3-thread-6
 message  {Id=7e0fa52d-2f1d-4088-a044-074269fd090f,FirstNumber=513,secondNumber=1639}  written to file by thread pool-3-thread-1
 message  {Id=5e50c024-6ff7-4d3d-9f56-dbe170d90e2e,FirstNumber=557,secondNumber=915}  added by thread pool-3-thread-6
 message  {Id=5e50c024-6ff7-4d3d-9f56-dbe170d90e2e,FirstNumber=557,secondNumber=915}  written to file by thread pool-3-thread-5
 message  {Id=9106aa95-0fe0-4755-8ac9-3252f128d627,FirstNumber=458,secondNumber=65}  added by thread pool-3-thread-6
 message  {Id=9106aa95-0fe0-4755-8ac9-3252f128d627,FirstNumber=458,secondNumber=65}  written to file by thread pool-3-thread-3
 message  {Id=0729bb55-f4e5-41d0-a1e8-eb4d0bdde514,FirstNumber=905,secondNumber=571}  added by thread pool-3-thread-6
 message  {Id=0729bb55-f4e5-41d0-a1e8-eb4d0bdde514,FirstNumber=905,secondNumber=571}  written to file by thread pool-3-thread-3
 message  {Id=e1058166-f9d1-4318-aad2-0054e7f9383a,FirstNumber=298,secondNumber=1815}  added by thread pool-3-thread-6
 message  {Id=e1058166-f9d1-4318-aad2-0054e7f9383a,FirstNumber=298,secondNumber=1815}  written to file by thread pool-3-thread-2
 message  {Id=c82422df-d8eb-48d6-9f2d-276f3596f50a,FirstNumber=906,secondNumber=68}  added by thread pool-3-thread-6
 message  {Id=802d4ee7-79f7-4d9b-9acd-a984c854e65a,FirstNumber=8,secondNumber=9}  added by thread pool-3-thread-6
 message  {Id=c82422df-d8eb-48d6-9f2d-276f3596f50a,FirstNumber=906,secondNumber=68}  written to file by thread pool-3-thread-1
 message  {Id=802d4ee7-79f7-4d9b-9acd-a984c854e65a,FirstNumber=8,secondNumber=9}  written to file by thread pool-3-thread-5
 message  {Id=3c0ec91d-64f3-4bb3-9daf-f710ff5522c1,FirstNumber=624,secondNumber=1936}  added by thread pool-3-thread-6
 message  {Id=58864ca6-febf-462a-8dc1-431e810cc176,FirstNumber=688,secondNumber=384}  added by thread pool-3-thread-6
 message  {Id=3c0ec91d-64f3-4bb3-9daf-f710ff5522c1,FirstNumber=624,secondNumber=1936}  written to file by thread pool-3-thread-4
 message  {Id=58864ca6-febf-462a-8dc1-431e810cc176,FirstNumber=688,secondNumber=384}  written to file by thread pool-3-thread-3
 message  {Id=11bda1d0-b211-4267-9ed8-3338dc6edc71,FirstNumber=181,secondNumber=1095}  added by thread pool-3-thread-6
 message  {Id=126a0937-4a25-4f32-a9b2-340b5da5d8af,FirstNumber=331,secondNumber=868}  added by thread pool-3-thread-6
 message  {Id=11bda1d0-b211-4267-9ed8-3338dc6edc71,FirstNumber=181,secondNumber=1095}  written to file by thread pool-3-thread-2
 message  {Id=126a0937-4a25-4f32-a9b2-340b5da5d8af,FirstNumber=331,secondNumber=868}  written to file by thread pool-3-thread-1
 message  {Id=3eb1bac3-7fa6-4fb1-a3b5-de94213da66f,FirstNumber=540,secondNumber=221}  added by thread pool-3-thread-6
 message  {Id=3eb1bac3-7fa6-4fb1-a3b5-de94213da66f,FirstNumber=540,secondNumber=221}  written to file by thread pool-3-thread-5
 message  {Id=4b18e02d-82d5-4d95-a4fe-2d3cce8d5792,FirstNumber=4,secondNumber=1952}  added by thread pool-3-thread-6
 message  {Id=4b18e02d-82d5-4d95-a4fe-2d3cce8d5792,FirstNumber=4,secondNumber=1952}  written to file by thread pool-3-thread-5
 message  {Id=765acf05-1357-4dc6-a48a-0b68636c0a2e,FirstNumber=595,secondNumber=242}  added by thread pool-3-thread-6
 message  {Id=765acf05-1357-4dc6-a48a-0b68636c0a2e,FirstNumber=595,secondNumber=242}  written to file by thread pool-3-thread-3
 message  {Id=090ca9b2-0ca7-43bc-93f2-b86e08866fee,FirstNumber=458,secondNumber=258}  added by thread pool-3-thread-6
 message  {Id=090ca9b2-0ca7-43bc-93f2-b86e08866fee,FirstNumber=458,secondNumber=258}  written to file by thread pool-3-thread-3
 message  {Id=5a5dc32b-c324-4bb9-bd78-87863c2acd13,FirstNumber=10,secondNumber=539}  added by thread pool-3-thread-6
 message  {Id=5a5dc32b-c324-4bb9-bd78-87863c2acd13,FirstNumber=10,secondNumber=539}  written to file by thread pool-3-thread-1
 message  {Id=bbc5d2d9-a2f8-429b-b35c-4b9fcbe8806b,FirstNumber=98,secondNumber=416}  added by thread pool-3-thread-6
 message  {Id=bbc5d2d9-a2f8-429b-b35c-4b9fcbe8806b,FirstNumber=98,secondNumber=416}  written to file by thread pool-3-thread-1
 message  {Id=347e6396-053c-4176-af99-1d59ae360eb8,FirstNumber=73,secondNumber=1347}  added by thread pool-3-thread-6
 message  {Id=44490d94-51a7-4383-8b4b-3e9dc11c42aa,FirstNumber=467,secondNumber=116}  added by thread pool-3-thread-6
 message  {Id=347e6396-053c-4176-af99-1d59ae360eb8,FirstNumber=73,secondNumber=1347}  written to file by thread pool-3-thread-5
 message  {Id=44490d94-51a7-4383-8b4b-3e9dc11c42aa,FirstNumber=467,secondNumber=116}  written to file by thread pool-3-thread-2
 message  {Id=5b6ad95a-9947-4b9b-a877-f33559023f34,FirstNumber=105,secondNumber=544}  added by thread pool-3-thread-6
 message  {Id=5b6ad95a-9947-4b9b-a877-f33559023f34,FirstNumber=105,secondNumber=544}  written to file by thread pool-3-thread-2
 message  {Id=929a4cfd-b419-4b0c-9b84-6a836fe4d489,FirstNumber=771,secondNumber=165}  added by thread pool-3-thread-6
 message  {Id=929a4cfd-b419-4b0c-9b84-6a836fe4d489,FirstNumber=771,secondNumber=165}  written to file by thread pool-3-thread-4
 message  {Id=2899bd17-091c-442c-bbb5-e560e12cf99f,FirstNumber=264,secondNumber=1252}  added by thread pool-3-thread-6
 message  {Id=2899bd17-091c-442c-bbb5-e560e12cf99f,FirstNumber=264,secondNumber=1252}  written to file by thread pool-3-thread-1
 message  {Id=d9a766e8-21e7-4710-8d3d-71a588db2c45,FirstNumber=668,secondNumber=533}  added by thread pool-3-thread-6
 message  {Id=d9a766e8-21e7-4710-8d3d-71a588db2c45,FirstNumber=668,secondNumber=533}  written to file by thread pool-3-thread-5
 message  {Id=bba34ba9-bde5-48de-87a9-6e6c15cc6d31,FirstNumber=391,secondNumber=1142}  added by thread pool-3-thread-6
 message  {Id=bba34ba9-bde5-48de-87a9-6e6c15cc6d31,FirstNumber=391,secondNumber=1142}  written to file by thread pool-3-thread-5
 message  {Id=e01e2d35-7a4c-4f0e-8aeb-b17db81d3caa,FirstNumber=790,secondNumber=458}  added by thread pool-3-thread-6
 message  {Id=e01e2d35-7a4c-4f0e-8aeb-b17db81d3caa,FirstNumber=790,secondNumber=458}  written to file by thread pool-3-thread-2
 message  {Id=a9f85de5-6c2f-43df-a60a-18857e8dd49b,FirstNumber=938,secondNumber=2}  added by thread pool-3-thread-6
 message  {Id=a9f85de5-6c2f-43df-a60a-18857e8dd49b,FirstNumber=938,secondNumber=2}  written to file by thread pool-3-thread-4
 message  {Id=9bbec27d-6763-40b8-a28e-afb77539b4a3,FirstNumber=778,secondNumber=536}  added by thread pool-3-thread-6
 message  {Id=9bbec27d-6763-40b8-a28e-afb77539b4a3,FirstNumber=778,secondNumber=536}  written to file by thread pool-3-thread-1
 message  {Id=8e845028-af34-40a2-89e2-b121eb356f83,FirstNumber=352,secondNumber=789}  added by thread pool-3-thread-6
 message  {Id=8e845028-af34-40a2-89e2-b121eb356f83,FirstNumber=352,secondNumber=789}  written to file by thread pool-3-thread-1
 message  {Id=09331146-115d-43ff-8409-3654456433cf,FirstNumber=612,secondNumber=1926}  added by thread pool-3-thread-6
 message  {Id=09331146-115d-43ff-8409-3654456433cf,FirstNumber=612,secondNumber=1926}  written to file by thread pool-3-thread-1
 message  {Id=e746c6a9-3e52-4b62-9d12-41d227f1f952,FirstNumber=375,secondNumber=410}  added by thread pool-3-thread-6
 message  {Id=e746c6a9-3e52-4b62-9d12-41d227f1f952,FirstNumber=375,secondNumber=410}  written to file by thread pool-3-thread-2
 message  {Id=ae913990-fb19-4cef-b605-d2f39c4f66bf,FirstNumber=831,secondNumber=806}  added by thread pool-3-thread-6
 message  {Id=ae913990-fb19-4cef-b605-d2f39c4f66bf,FirstNumber=831,secondNumber=806}  written to file by thread pool-3-thread-4
 message  {Id=60f24bd5-5e74-4456-8bc3-459440e7752a,FirstNumber=241,secondNumber=1612}  added by thread pool-3-thread-6
 message  {Id=60f24bd5-5e74-4456-8bc3-459440e7752a,FirstNumber=241,secondNumber=1612}  written to file by thread pool-3-thread-3
 message  {Id=9a2a559e-b1c0-45d3-9318-b83904dba1b9,FirstNumber=950,secondNumber=1290}  added by thread pool-3-thread-6
 message  {Id=9a2a559e-b1c0-45d3-9318-b83904dba1b9,FirstNumber=950,secondNumber=1290}  written to file by thread pool-3-thread-3
 message  {Id=5e93f18e-0186-4dfe-802c-292a0272cb04,FirstNumber=444,secondNumber=220}  added by thread pool-3-thread-6
 message  {Id=5e93f18e-0186-4dfe-802c-292a0272cb04,FirstNumber=444,secondNumber=220}  written to file by thread pool-3-thread-1
 message  {Id=eef67a75-0a04-425f-9cdc-d8b50112c1df,FirstNumber=147,secondNumber=144}  added by thread pool-3-thread-6
 message  {Id=eef67a75-0a04-425f-9cdc-d8b50112c1df,FirstNumber=147,secondNumber=144}  written to file by thread pool-3-thread-2
 message  {Id=fac07b69-4f01-450a-96cf-d60e7cd64e45,FirstNumber=134,secondNumber=1367}  added by thread pool-3-thread-6
 message  {Id=fac07b69-4f01-450a-96cf-d60e7cd64e45,FirstNumber=134,secondNumber=1367}  written to file by thread pool-3-thread-2
 message  {Id=cdc160e8-9df1-4a62-8d01-a198cfa4e240,FirstNumber=326,secondNumber=1792}  added by thread pool-3-thread-6
 message  {Id=cdc160e8-9df1-4a62-8d01-a198cfa4e240,FirstNumber=326,secondNumber=1792}  written to file by thread pool-3-thread-5
 message  {Id=83f32e09-8dc3-4068-b461-f65b817c2614,FirstNumber=217,secondNumber=265}  added by thread pool-3-thread-6
 message  {Id=3c913455-6af2-4fea-811d-1b7c323a87bb,FirstNumber=828,secondNumber=916}  added by thread pool-3-thread-6
 message  {Id=83f32e09-8dc3-4068-b461-f65b817c2614,FirstNumber=217,secondNumber=265}  written to file by thread pool-3-thread-3
 message  {Id=3c913455-6af2-4fea-811d-1b7c323a87bb,FirstNumber=828,secondNumber=916}  written to file by thread pool-3-thread-1
 message  {Id=3dbd3176-c282-44c5-b571-84394cad53e9,FirstNumber=821,secondNumber=1651}  added by thread pool-3-thread-6
 message  {Id=3dbd3176-c282-44c5-b571-84394cad53e9,FirstNumber=821,secondNumber=1651}  written to file by thread pool-3-thread-1
 message  {Id=91cd6fb9-256f-41e8-830c-688eb49c2dbf,FirstNumber=884,secondNumber=1317}  added by thread pool-3-thread-6
 message  {Id=91cd6fb9-256f-41e8-830c-688eb49c2dbf,FirstNumber=884,secondNumber=1317}  written to file by thread pool-3-thread-2
 message  {Id=81ffc2dd-3782-4108-876d-b060a0bb4f36,FirstNumber=871,secondNumber=1982}  added by thread pool-3-thread-6
 message  {Id=81ffc2dd-3782-4108-876d-b060a0bb4f36,FirstNumber=871,secondNumber=1982}  written to file by thread pool-3-thread-2
 message  {Id=567f9ecf-bbe0-4a47-b8e5-f62ac4ae1d79,FirstNumber=353,secondNumber=1631}  added by thread pool-3-thread-6
 message  {Id=567f9ecf-bbe0-4a47-b8e5-f62ac4ae1d79,FirstNumber=353,secondNumber=1631}  written to file by thread pool-3-thread-3
 message  {Id=8eaa9146-30cd-464d-a3c8-fe26f0804a35,FirstNumber=262,secondNumber=1147}  added by thread pool-3-thread-6
 message  {Id=8eaa9146-30cd-464d-a3c8-fe26f0804a35,FirstNumber=262,secondNumber=1147}  written to file by thread pool-3-thread-3
 message  {Id=5c832174-634d-49f1-9a80-e0f8c3e9abce,FirstNumber=733,secondNumber=786}  added by thread pool-3-thread-6
 message  {Id=5c832174-634d-49f1-9a80-e0f8c3e9abce,FirstNumber=733,secondNumber=786}  written to file by thread pool-3-thread-1
 message  {Id=a3d8fe42-d009-4403-ab9f-d39409ad0da3,FirstNumber=73,secondNumber=545}  added by thread pool-3-thread-6
 message  {Id=a3d8fe42-d009-4403-ab9f-d39409ad0da3,FirstNumber=73,secondNumber=545}  written to file by thread pool-3-thread-5
 message  {Id=4ce1c5de-c9bc-41ea-b445-ed60a3842425,FirstNumber=428,secondNumber=415}  added by thread pool-3-thread-6
 message  {Id=4ce1c5de-c9bc-41ea-b445-ed60a3842425,FirstNumber=428,secondNumber=415}  written to file by thread pool-3-thread-2
 message  {Id=60184a6d-f6e8-4e90-8bca-941fad2f9b79,FirstNumber=348,secondNumber=192}  added by thread pool-3-thread-6
 message  {Id=60184a6d-f6e8-4e90-8bca-941fad2f9b79,FirstNumber=348,secondNumber=192}  written to file by thread pool-3-thread-2
 message  {Id=fa03894a-564b-4496-8783-de4e2bf6beb6,FirstNumber=402,secondNumber=36}  added by thread pool-3-thread-6
 message  {Id=fa03894a-564b-4496-8783-de4e2bf6beb6,FirstNumber=402,secondNumber=36}  written to file by thread pool-3-thread-2
 message  {Id=e3675e0d-9f2e-4e0e-9387-5718902e1bcf,FirstNumber=964,secondNumber=1960}  added by thread pool-3-thread-6
 message  {Id=e3675e0d-9f2e-4e0e-9387-5718902e1bcf,FirstNumber=964,secondNumber=1960}  written to file by thread pool-3-thread-1
 message  {Id=2d7ec8d9-e5e9-435e-9fef-53dcf0595b75,FirstNumber=746,secondNumber=434}  added by thread pool-3-thread-6
 message  {Id=2d7ec8d9-e5e9-435e-9fef-53dcf0595b75,FirstNumber=746,secondNumber=434}  written to file by thread pool-3-thread-5
 message  {Id=6b546aea-d748-4f4f-955e-34413f50b1ed,FirstNumber=260,secondNumber=143}  added by thread pool-3-thread-6
 message  {Id=6b546aea-d748-4f4f-955e-34413f50b1ed,FirstNumber=260,secondNumber=143}  written to file by thread pool-3-thread-4
 message  {Id=910bbc6a-fdd7-4c36-a245-595b3ad60dd6,FirstNumber=313,secondNumber=1105}  added by thread pool-3-thread-6
 message  {Id=910bbc6a-fdd7-4c36-a245-595b3ad60dd6,FirstNumber=313,secondNumber=1105}  written to file by thread pool-3-thread-4
 message  {Id=b82e67c5-4e7a-4ae8-af92-1703c0ba8c5e,FirstNumber=658,secondNumber=496}  added by thread pool-3-thread-6
 message  {Id=bf6f8232-bab2-4fd8-a83b-bd58611aacd1,FirstNumber=550,secondNumber=646}  added by thread pool-3-thread-6
 message  {Id=b82e67c5-4e7a-4ae8-af92-1703c0ba8c5e,FirstNumber=658,secondNumber=496}  written to file by thread pool-3-thread-2
 message  {Id=bf6f8232-bab2-4fd8-a83b-bd58611aacd1,FirstNumber=550,secondNumber=646}  written to file by thread pool-3-thread-1
 message  {Id=8f5a16bd-1e56-4741-bce8-dd9d19e58c79,FirstNumber=163,secondNumber=1343}  added by thread pool-3-thread-6
 message  {Id=8f5a16bd-1e56-4741-bce8-dd9d19e58c79,FirstNumber=163,secondNumber=1343}  written to file by thread pool-3-thread-5
 message  {Id=9d71e84c-6dfb-4da6-9496-bae9e9ffc30d,FirstNumber=96,secondNumber=349}  added by thread pool-3-thread-6
 message  {Id=9d71e84c-6dfb-4da6-9496-bae9e9ffc30d,FirstNumber=96,secondNumber=349}  written to file by thread pool-3-thread-5
 message  {Id=baf66df2-a7f3-458a-b816-6b752922d0e0,FirstNumber=372,secondNumber=1710}  added by thread pool-3-thread-6
 message  {Id=24ade7fd-84b8-4747-bd62-bd2e9ed03109,FirstNumber=345,secondNumber=891}  added by thread pool-3-thread-6
 message  {Id=baf66df2-a7f3-458a-b816-6b752922d0e0,FirstNumber=372,secondNumber=1710}  written to file by thread pool-3-thread-4
 message  {Id=24ade7fd-84b8-4747-bd62-bd2e9ed03109,FirstNumber=345,secondNumber=891}  written to file by thread pool-3-thread-2
 message  {Id=c0fac29b-5a35-4b46-910d-1a55dbf016fa,FirstNumber=26,secondNumber=1877}  added by thread pool-3-thread-6
 message  {Id=c0fac29b-5a35-4b46-910d-1a55dbf016fa,FirstNumber=26,secondNumber=1877}  written to file by thread pool-3-thread-2
 message  {Id=042c44f5-7d37-4856-8aa3-c783d54e5a4f,FirstNumber=58,secondNumber=1568}  added by thread pool-3-thread-6
 message  {Id=042c44f5-7d37-4856-8aa3-c783d54e5a4f,FirstNumber=58,secondNumber=1568}  written to file by thread pool-3-thread-2
 message  {Id=6af364be-e68c-4399-81d0-9684399b5f59,FirstNumber=331,secondNumber=1372}  added by thread pool-3-thread-6
 message  {Id=6af364be-e68c-4399-81d0-9684399b5f59,FirstNumber=331,secondNumber=1372}  written to file by thread pool-3-thread-5
 message  {Id=80fe036d-8a11-4188-a123-3d9e774d8cfe,FirstNumber=35,secondNumber=1653}  added by thread pool-3-thread-6
 message  {Id=80fe036d-8a11-4188-a123-3d9e774d8cfe,FirstNumber=35,secondNumber=1653}  written to file by thread pool-3-thread-5
 message  {Id=41d02644-06e1-4272-98f1-0987a960d346,FirstNumber=862,secondNumber=1380}  added by thread pool-3-thread-6
 message  {Id=cfcbf180-0b3c-44b3-8d6a-1351ddcc754f,FirstNumber=878,secondNumber=1426}  added by thread pool-3-thread-6
 message  {Id=41d02644-06e1-4272-98f1-0987a960d346,FirstNumber=862,secondNumber=1380}  written to file by thread pool-3-thread-1
 message  {Id=cfcbf180-0b3c-44b3-8d6a-1351ddcc754f,FirstNumber=878,secondNumber=1426}  written to file by thread pool-3-thread-3
 message  {Id=85c6d923-c613-427f-b97e-6458187ea9da,FirstNumber=666,secondNumber=1222}  added by thread pool-3-thread-6
 message  {Id=96e2d729-29cb-44c3-8ffc-767f60e912df,FirstNumber=628,secondNumber=1818}  added by thread pool-3-thread-6
 message  {Id=85c6d923-c613-427f-b97e-6458187ea9da,FirstNumber=666,secondNumber=1222}  written to file by thread pool-3-thread-2
 message  {Id=96e2d729-29cb-44c3-8ffc-767f60e912df,FirstNumber=628,secondNumber=1818}  written to file by thread pool-3-thread-4
 message  {Id=b5586e9a-1a08-4186-9faa-f23610306e76,FirstNumber=760,secondNumber=1651}  added by thread pool-3-thread-6
 message  {Id=b5586e9a-1a08-4186-9faa-f23610306e76,FirstNumber=760,secondNumber=1651}  written to file by thread pool-3-thread-5
 message  {Id=65e3e61a-745b-4c49-b75e-5973aee0d1c4,FirstNumber=369,secondNumber=483}  added by thread pool-3-thread-6
 message  {Id=65e3e61a-745b-4c49-b75e-5973aee0d1c4,FirstNumber=369,secondNumber=483}  written to file by thread pool-3-thread-1
 message  {Id=4e78e5f6-5405-445f-a430-6e8e33ca5341,FirstNumber=995,secondNumber=322}  added by thread pool-3-thread-6
 message  {Id=4e78e5f6-5405-445f-a430-6e8e33ca5341,FirstNumber=995,secondNumber=322}  written to file by thread pool-3-thread-3
 message  {Id=5da418c4-0aa2-4f54-8c40-7f622ad79430,FirstNumber=449,secondNumber=1262}  added by thread pool-3-thread-6
 message  {Id=5da418c4-0aa2-4f54-8c40-7f622ad79430,FirstNumber=449,secondNumber=1262}  written to file by thread pool-3-thread-3
 message  {Id=113c417f-63c1-44a1-be70-e14e77224391,FirstNumber=972,secondNumber=913}  added by thread pool-3-thread-6
 message  {Id=113c417f-63c1-44a1-be70-e14e77224391,FirstNumber=972,secondNumber=913}  written to file by thread pool-3-thread-4
 message  {Id=7b067ce7-a339-49fc-9f28-5da406ebb25b,FirstNumber=550,secondNumber=322}  added by thread pool-3-thread-6
 message  {Id=7b067ce7-a339-49fc-9f28-5da406ebb25b,FirstNumber=550,secondNumber=322}  written to file by thread pool-3-thread-4
 message  {Id=8b26d2f6-ab08-4991-84b5-11c945fba1cf,FirstNumber=817,secondNumber=1515}  added by thread pool-3-thread-6
 message  {Id=8b26d2f6-ab08-4991-84b5-11c945fba1cf,FirstNumber=817,secondNumber=1515}  written to file by thread pool-3-thread-1
 message  {Id=92b8f170-828f-4507-bef1-3264f0c00b36,FirstNumber=873,secondNumber=1843}  added by thread pool-3-thread-6
 message  {Id=92b8f170-828f-4507-bef1-3264f0c00b36,FirstNumber=873,secondNumber=1843}  written to file by thread pool-3-thread-1
 message  {Id=a3f0fd31-fa9f-4cb6-ace8-4805cd562bc0,FirstNumber=869,secondNumber=1282}  added by thread pool-3-thread-6
 message  {Id=a3f0fd31-fa9f-4cb6-ace8-4805cd562bc0,FirstNumber=869,secondNumber=1282}  written to file by thread pool-3-thread-3
 message  {Id=8780cf9e-1bae-4e29-a5aa-e6cf54c020db,FirstNumber=46,secondNumber=103}  added by thread pool-3-thread-6
 message  {Id=8780cf9e-1bae-4e29-a5aa-e6cf54c020db,FirstNumber=46,secondNumber=103}  written to file by thread pool-3-thread-3
 message  {Id=14c06ab2-fce0-431b-9b02-3f53f31ec6ab,FirstNumber=480,secondNumber=163}  added by thread pool-3-thread-6
 message  {Id=4dd77cd4-7b86-4404-b8ac-d52f7aac72d9,FirstNumber=770,secondNumber=1962}  added by thread pool-3-thread-6
 message  {Id=14c06ab2-fce0-431b-9b02-3f53f31ec6ab,FirstNumber=480,secondNumber=163}  written to file by thread pool-3-thread-4
 message  {Id=8061f725-bccd-4fa5-a221-953fe20448b8,FirstNumber=669,secondNumber=490}  added by thread pool-3-thread-6
 message  {Id=4dd77cd4-7b86-4404-b8ac-d52f7aac72d9,FirstNumber=770,secondNumber=1962}  written to file by thread pool-3-thread-2
 message  {Id=4c4c93c6-3f6b-4812-bc78-3a55985c5ed8,FirstNumber=615,secondNumber=1970}  added by thread pool-3-thread-6
 message  {Id=8061f725-bccd-4fa5-a221-953fe20448b8,FirstNumber=669,secondNumber=490}  written to file by thread pool-3-thread-1
 message  {Id=4c4c93c6-3f6b-4812-bc78-3a55985c5ed8,FirstNumber=615,secondNumber=1970}  written to file by thread pool-3-thread-5
 message  {Id=7febc48f-0997-43ed-b922-135d314672ea,FirstNumber=394,secondNumber=546}  added by thread pool-3-thread-6
 message  {Id=7febc48f-0997-43ed-b922-135d314672ea,FirstNumber=394,secondNumber=546}  written to file by thread pool-3-thread-3
 message  {Id=48ee93df-cd41-4506-8182-454b31a53388,FirstNumber=549,secondNumber=1172}  added by thread pool-3-thread-6
 message  {Id=48ee93df-cd41-4506-8182-454b31a53388,FirstNumber=549,secondNumber=1172}  written to file by thread pool-3-thread-3
 message  {Id=c8a3b8e4-c7b5-4309-b35d-2e254a2ce8dc,FirstNumber=441,secondNumber=760}  added by thread pool-3-thread-6
 message  {Id=1783f4b9-65fa-46d8-985e-9ff8c0d2e937,FirstNumber=94,secondNumber=336}  added by thread pool-3-thread-6
 message  {Id=c8a3b8e4-c7b5-4309-b35d-2e254a2ce8dc,FirstNumber=441,secondNumber=760}  written to file by thread pool-3-thread-2
 message  {Id=1783f4b9-65fa-46d8-985e-9ff8c0d2e937,FirstNumber=94,secondNumber=336}  written to file by thread pool-3-thread-1
 message  {Id=084d4119-b311-4326-aa0e-4460a33a6230,FirstNumber=254,secondNumber=140}  added by thread pool-3-thread-6
 message  {Id=084d4119-b311-4326-aa0e-4460a33a6230,FirstNumber=254,secondNumber=140}  written to file by thread pool-3-thread-5
 message  {Id=89a55444-9bc1-41d1-8572-e6964d8556d7,FirstNumber=849,secondNumber=1588}  added by thread pool-3-thread-6
 message  {Id=89a55444-9bc1-41d1-8572-e6964d8556d7,FirstNumber=849,secondNumber=1588}  written to file by thread pool-3-thread-5
 message  {Id=c9e96899-af95-4384-8c70-b6c4e05a8d0b,FirstNumber=494,secondNumber=737}  added by thread pool-3-thread-6
 message  {Id=6e5f3b49-e5fc-41a7-880a-f05ba341e7d9,FirstNumber=646,secondNumber=1237}  added by thread pool-3-thread-6
 message  {Id=c9e96899-af95-4384-8c70-b6c4e05a8d0b,FirstNumber=494,secondNumber=737}  written to file by thread pool-3-thread-3
 message  {Id=6e5f3b49-e5fc-41a7-880a-f05ba341e7d9,FirstNumber=646,secondNumber=1237}  written to file by thread pool-3-thread-2
 message  {Id=2ce4f803-9cae-42b7-a22e-313be44f249f,FirstNumber=681,secondNumber=359}  added by thread pool-3-thread-6
 message  {Id=2ce4f803-9cae-42b7-a22e-313be44f249f,FirstNumber=681,secondNumber=359}  written to file by thread pool-3-thread-2
 message  {Id=07102b3d-1dad-439a-be25-2b50c35b1e3b,FirstNumber=795,secondNumber=391}  added by thread pool-3-thread-6
 message  {Id=07102b3d-1dad-439a-be25-2b50c35b1e3b,FirstNumber=795,secondNumber=391}  written to file by thread pool-3-thread-2
 message  {Id=3334cb15-2fc3-4958-b5ff-68b1c5806653,FirstNumber=106,secondNumber=1414}  added by thread pool-3-thread-6
 message  {Id=3334cb15-2fc3-4958-b5ff-68b1c5806653,FirstNumber=106,secondNumber=1414}  written to file by thread pool-3-thread-5
 message  {Id=b1c84f23-8dfa-4844-8c4e-1cf241fe7773,FirstNumber=939,secondNumber=213}  added by thread pool-3-thread-6
 message  {Id=b1c84f23-8dfa-4844-8c4e-1cf241fe7773,FirstNumber=939,secondNumber=213}  written to file by thread pool-3-thread-5
 message  {Id=e5052f2a-2a77-44bc-90a4-dd84dda32261,FirstNumber=462,secondNumber=187}  added by thread pool-3-thread-6
 message  {Id=e5052f2a-2a77-44bc-90a4-dd84dda32261,FirstNumber=462,secondNumber=187}  written to file by thread pool-3-thread-1
 message  {Id=941bbf0b-2ff0-4e83-8c85-34532d99f1a1,FirstNumber=467,secondNumber=1251}  added by thread pool-3-thread-6
 message  {Id=941bbf0b-2ff0-4e83-8c85-34532d99f1a1,FirstNumber=467,secondNumber=1251}  written to file by thread pool-3-thread-4
 message  {Id=fedb5ff7-f231-49a4-a5ea-f5fad2d1a692,FirstNumber=764,secondNumber=783}  added by thread pool-3-thread-6
 message  {Id=fedb5ff7-f231-49a4-a5ea-f5fad2d1a692,FirstNumber=764,secondNumber=783}  written to file by thread pool-3-thread-2
 message  {Id=e3909ddd-b863-4965-ad02-866562c3ff6d,FirstNumber=377,secondNumber=784}  added by thread pool-3-thread-6
 message  {Id=e3909ddd-b863-4965-ad02-866562c3ff6d,FirstNumber=377,secondNumber=784}  written to file by thread pool-3-thread-3
 message  {Id=4c2bcedd-9915-4b33-baff-6dfd639e7be7,FirstNumber=198,secondNumber=43}  added by thread pool-3-thread-6
 message  {Id=078d90b9-b9fb-49a4-a760-a433d26ba779,FirstNumber=853,secondNumber=502}  added by thread pool-3-thread-6
 message  {Id=4c2bcedd-9915-4b33-baff-6dfd639e7be7,FirstNumber=198,secondNumber=43}  written to file by thread pool-3-thread-5
 message  {Id=078d90b9-b9fb-49a4-a760-a433d26ba779,FirstNumber=853,secondNumber=502}  written to file by thread pool-3-thread-1
 message  {Id=fc94308b-ec0a-4173-b33f-3ea875c926a0,FirstNumber=493,secondNumber=1821}  added by thread pool-3-thread-6
 message  {Id=fc94308b-ec0a-4173-b33f-3ea875c926a0,FirstNumber=493,secondNumber=1821}  written to file by thread pool-3-thread-1
 message  {Id=7c5a745f-3206-4b74-ba47-18571c2c55d6,FirstNumber=213,secondNumber=233}  added by thread pool-3-thread-6
 message  {Id=7c5a745f-3206-4b74-ba47-18571c2c55d6,FirstNumber=213,secondNumber=233}  written to file by thread pool-3-thread-2
 message  {Id=15914925-494a-47cf-a89e-a09d80039a2e,FirstNumber=895,secondNumber=1033}  added by thread pool-3-thread-6
 message  {Id=15914925-494a-47cf-a89e-a09d80039a2e,FirstNumber=895,secondNumber=1033}  written to file by thread pool-3-thread-3
 message  {Id=878584ac-d87d-4a21-b5e2-e5140af9b15a,FirstNumber=804,secondNumber=1901}  added by thread pool-3-thread-6
 message  {Id=878584ac-d87d-4a21-b5e2-e5140af9b15a,FirstNumber=804,secondNumber=1901}  written to file by thread pool-3-thread-5
 message  {Id=3dd671c5-d9dd-4f28-bc87-ebf568554ee4,FirstNumber=625,secondNumber=1617}  added by thread pool-3-thread-6
 message  {Id=3dd671c5-d9dd-4f28-bc87-ebf568554ee4,FirstNumber=625,secondNumber=1617}  written to file by thread pool-3-thread-5
 message  {Id=6746d803-00d5-45df-a74f-57c59c09ee62,FirstNumber=612,secondNumber=652}  added by thread pool-3-thread-6
 message  {Id=6746d803-00d5-45df-a74f-57c59c09ee62,FirstNumber=612,secondNumber=652}  written to file by thread pool-3-thread-1
 message  {Id=6cfed5db-c8e3-4aca-bd6e-f2d762abbc1f,FirstNumber=70,secondNumber=946}  added by thread pool-3-thread-6
 message  {Id=6cfed5db-c8e3-4aca-bd6e-f2d762abbc1f,FirstNumber=70,secondNumber=946}  written to file by thread pool-3-thread-1
 message  {Id=fb8b906c-c5c7-4587-8caf-3e243dccc2fe,FirstNumber=431,secondNumber=967}  added by thread pool-3-thread-6
 message  {Id=fb8b906c-c5c7-4587-8caf-3e243dccc2fe,FirstNumber=431,secondNumber=967}  written to file by thread pool-3-thread-1
 message  {Id=43300378-fc88-4f5d-bf32-318c929b8a75,FirstNumber=820,secondNumber=1934}  added by thread pool-3-thread-6
 message  {Id=62d8ea8f-8a13-4b9e-a9ac-71752a6467bd,FirstNumber=268,secondNumber=1108}  added by thread pool-3-thread-6
 message  {Id=43300378-fc88-4f5d-bf32-318c929b8a75,FirstNumber=820,secondNumber=1934}  written to file by thread pool-3-thread-4
 message  {Id=62d8ea8f-8a13-4b9e-a9ac-71752a6467bd,FirstNumber=268,secondNumber=1108}  written to file by thread pool-3-thread-5
 message  {Id=cafb3824-81be-4f21-ba5e-43373e8d1ef7,FirstNumber=525,secondNumber=1773}  added by thread pool-3-thread-6
 message  {Id=cafb3824-81be-4f21-ba5e-43373e8d1ef7,FirstNumber=525,secondNumber=1773}  written to file by thread pool-3-thread-2
 message  {Id=472bb316-d746-4d08-b610-ba830d36f5dc,FirstNumber=445,secondNumber=797}  added by thread pool-3-thread-6
 message  {Id=472bb316-d746-4d08-b610-ba830d36f5dc,FirstNumber=445,secondNumber=797}  written to file by thread pool-3-thread-3
 message  {Id=3c8dd1da-ba95-4b66-936b-d3fe22cb651b,FirstNumber=408,secondNumber=435}  added by thread pool-3-thread-6
 message  {Id=3c8dd1da-ba95-4b66-936b-d3fe22cb651b,FirstNumber=408,secondNumber=435}  written to file by thread pool-3-thread-1
 message  {Id=1bf792fe-69d3-43f5-9f38-9dda73830de4,FirstNumber=540,secondNumber=1599}  added by thread pool-3-thread-6
 message  {Id=1bf792fe-69d3-43f5-9f38-9dda73830de4,FirstNumber=540,secondNumber=1599}  written to file by thread pool-3-thread-4
 message  {Id=41047991-4c98-4cd8-a195-f8f98f4bc3a4,FirstNumber=291,secondNumber=1159}  added by thread pool-3-thread-6
 message  {Id=41047991-4c98-4cd8-a195-f8f98f4bc3a4,FirstNumber=291,secondNumber=1159}  written to file by thread pool-3-thread-4
 message  {Id=89012799-1d2e-44ac-864d-305c5aade2b3,FirstNumber=884,secondNumber=1169}  added by thread pool-3-thread-6
 message  {Id=89012799-1d2e-44ac-864d-305c5aade2b3,FirstNumber=884,secondNumber=1169}  written to file by thread pool-3-thread-2
 message  {Id=6ed5e06e-7ca3-49c8-8fde-bf86d2171264,FirstNumber=602,secondNumber=273}  added by thread pool-3-thread-6
 message  {Id=6ed5e06e-7ca3-49c8-8fde-bf86d2171264,FirstNumber=602,secondNumber=273}  written to file by thread pool-3-thread-3
 message  {Id=9af8d683-fcdb-4f6c-9d0b-321887dd5095,FirstNumber=95,secondNumber=1416}  added by thread pool-3-thread-6
 message  {Id=9af8d683-fcdb-4f6c-9d0b-321887dd5095,FirstNumber=95,secondNumber=1416}  written to file by thread pool-3-thread-1
 message  {Id=09a1e95c-38fe-47d5-b38e-2041813e9b1b,FirstNumber=797,secondNumber=1844}  added by thread pool-3-thread-6
 message  {Id=09a1e95c-38fe-47d5-b38e-2041813e9b1b,FirstNumber=797,secondNumber=1844}  written to file by thread pool-3-thread-5
 message  {Id=ea98b66a-009b-42eb-8747-7c63eb4f7e49,FirstNumber=67,secondNumber=48}  added by thread pool-3-thread-6
 message  {Id=ea98b66a-009b-42eb-8747-7c63eb4f7e49,FirstNumber=67,secondNumber=48}  written to file by thread pool-3-thread-5
 message  {Id=5e6ab220-e969-41f5-abfa-53fa9fdffab0,FirstNumber=173,secondNumber=1880}  added by thread pool-3-thread-6
 message  {Id=5e6ab220-e969-41f5-abfa-53fa9fdffab0,FirstNumber=173,secondNumber=1880}  written to file by thread pool-3-thread-2
 message  {Id=8ad49ecb-bb4d-4d07-9292-c59d4f6e73c4,FirstNumber=663,secondNumber=704}  added by thread pool-3-thread-6
 message  {Id=8ad49ecb-bb4d-4d07-9292-c59d4f6e73c4,FirstNumber=663,secondNumber=704}  written to file by thread pool-3-thread-2
 message  {Id=a2126f74-2dd3-49f7-83af-cf9866450430,FirstNumber=226,secondNumber=59}  added by thread pool-3-thread-6
 message  {Id=a2126f74-2dd3-49f7-83af-cf9866450430,FirstNumber=226,secondNumber=59}  written to file by thread pool-3-thread-1
 message  {Id=96a3dd13-9eee-4338-921c-1f03423787d8,FirstNumber=637,secondNumber=841}  added by thread pool-3-thread-6
 message  {Id=96a3dd13-9eee-4338-921c-1f03423787d8,FirstNumber=637,secondNumber=841}  written to file by thread pool-3-thread-4
 message  {Id=2c4b7983-58b6-4a07-b5cc-b7babfe01654,FirstNumber=647,secondNumber=666}  added by thread pool-3-thread-6
 message  {Id=2c4b7983-58b6-4a07-b5cc-b7babfe01654,FirstNumber=647,secondNumber=666}  written to file by thread pool-3-thread-5
 message  {Id=5b9ad29c-0e90-486f-8102-97a92120a1aa,FirstNumber=524,secondNumber=1512}  added by thread pool-3-thread-6
 message  {Id=5b9ad29c-0e90-486f-8102-97a92120a1aa,FirstNumber=524,secondNumber=1512}  written to file by thread pool-3-thread-3
 message  {Id=2b35591f-25dd-4160-bdd1-8d1e63b9e06d,FirstNumber=914,secondNumber=1062}  added by thread pool-3-thread-6
 message  {Id=2b35591f-25dd-4160-bdd1-8d1e63b9e06d,FirstNumber=914,secondNumber=1062}  written to file by thread pool-3-thread-2
 message  {Id=d59de608-5ba9-4fd8-a6bd-92fa0384bcf9,FirstNumber=285,secondNumber=1969}  added by thread pool-3-thread-6
 message  {Id=d59de608-5ba9-4fd8-a6bd-92fa0384bcf9,FirstNumber=285,secondNumber=1969}  written to file by thread pool-3-thread-1
 message  {Id=285e84e7-1f2a-4bea-aecd-f73e6cc3e500,FirstNumber=549,secondNumber=1368}  added by thread pool-3-thread-6
 message  {Id=285e84e7-1f2a-4bea-aecd-f73e6cc3e500,FirstNumber=549,secondNumber=1368}  written to file by thread pool-3-thread-4
 message  {Id=33864926-59ce-44ca-9efb-e6721cbb2559,FirstNumber=828,secondNumber=904}  added by thread pool-3-thread-6
 message  {Id=33864926-59ce-44ca-9efb-e6721cbb2559,FirstNumber=828,secondNumber=904}  written to file by thread pool-3-thread-4
 message  {Id=fa4ec163-aee8-453e-b64b-5e9951398dd6,FirstNumber=988,secondNumber=253}  added by thread pool-3-thread-6
 message  {Id=fa4ec163-aee8-453e-b64b-5e9951398dd6,FirstNumber=988,secondNumber=253}  written to file by thread pool-3-thread-3
 message  {Id=81577df9-5e35-44ac-99f1-bf7ae9d53b01,FirstNumber=57,secondNumber=1157}  added by thread pool-3-thread-6
 message  {Id=81577df9-5e35-44ac-99f1-bf7ae9d53b01,FirstNumber=57,secondNumber=1157}  written to file by thread pool-3-thread-2
 message  {Id=8139a481-cd97-49e2-aa0e-ebec78022490,FirstNumber=441,secondNumber=453}  added by thread pool-3-thread-6
 message  {Id=8139a481-cd97-49e2-aa0e-ebec78022490,FirstNumber=441,secondNumber=453}  written to file by thread pool-3-thread-1
 message  {Id=c9a506a7-809d-4f3f-a58b-7e687749ea9e,FirstNumber=447,secondNumber=1117}  added by thread pool-3-thread-6
 message  {Id=c9a506a7-809d-4f3f-a58b-7e687749ea9e,FirstNumber=447,secondNumber=1117}  written to file by thread pool-3-thread-5
 message  {Id=8bd86270-cd08-444d-bdd2-26fcc4259f4e,FirstNumber=92,secondNumber=173}  added by thread pool-3-thread-6
 message  {Id=21acc2a7-f5b3-4020-a6a4-fbb7835a5838,FirstNumber=663,secondNumber=325}  added by thread pool-3-thread-6
 message  {Id=8bd86270-cd08-444d-bdd2-26fcc4259f4e,FirstNumber=92,secondNumber=173}  written to file by thread pool-3-thread-4
 message  {Id=21acc2a7-f5b3-4020-a6a4-fbb7835a5838,FirstNumber=663,secondNumber=325}  written to file by thread pool-3-thread-3
 message  {Id=db3406b5-c33e-428c-9c9c-5fe058961bb5,FirstNumber=839,secondNumber=687}  added by thread pool-3-thread-6
 message  {Id=db3406b5-c33e-428c-9c9c-5fe058961bb5,FirstNumber=839,secondNumber=687}  written to file by thread pool-3-thread-4
 message  {Id=fd7d921c-46f6-4786-9dcb-cfc8a95a008d,FirstNumber=534,secondNumber=1803}  added by thread pool-3-thread-6
 message  {Id=fd7d921c-46f6-4786-9dcb-cfc8a95a008d,FirstNumber=534,secondNumber=1803}  written to file by thread pool-3-thread-1
 message  {Id=f5863207-0581-4bc7-a942-04e454251f27,FirstNumber=964,secondNumber=852}  added by thread pool-3-thread-6
 message  {Id=f5863207-0581-4bc7-a942-04e454251f27,FirstNumber=964,secondNumber=852}  written to file by thread pool-3-thread-5
 message  {Id=8344a0d4-e707-45f0-950f-db696ed0d4dd,FirstNumber=513,secondNumber=233}  added by thread pool-3-thread-6
 message  {Id=8344a0d4-e707-45f0-950f-db696ed0d4dd,FirstNumber=513,secondNumber=233}  written to file by thread pool-3-thread-2
 message  {Id=d74a8acc-69cb-4c8f-b124-b96280ac4d96,FirstNumber=781,secondNumber=1530}  added by thread pool-3-thread-6
 message  {Id=d74a8acc-69cb-4c8f-b124-b96280ac4d96,FirstNumber=781,secondNumber=1530}  written to file by thread pool-3-thread-3
 message  {Id=3e1e269a-b172-4a27-88ce-d4d9e1ef8dbc,FirstNumber=911,secondNumber=645}  added by thread pool-3-thread-6
 message  {Id=3e1e269a-b172-4a27-88ce-d4d9e1ef8dbc,FirstNumber=911,secondNumber=645}  written to file by thread pool-3-thread-4
 message  {Id=16298b44-0d1d-4b99-b64a-72f3838f2c4e,FirstNumber=110,secondNumber=1132}  added by thread pool-3-thread-6
 message  {Id=16298b44-0d1d-4b99-b64a-72f3838f2c4e,FirstNumber=110,secondNumber=1132}  written to file by thread pool-3-thread-1
 message  {Id=750ad1b6-b7eb-4372-9c47-60193c3ccce8,FirstNumber=647,secondNumber=411}  added by thread pool-3-thread-6
 message  {Id=750ad1b6-b7eb-4372-9c47-60193c3ccce8,FirstNumber=647,secondNumber=411}  written to file by thread pool-3-thread-5
 message  {Id=05cddceb-48ae-4036-873e-7647ca7bdc1a,FirstNumber=141,secondNumber=1651}  added by thread pool-3-thread-6
 message  {Id=05cddceb-48ae-4036-873e-7647ca7bdc1a,FirstNumber=141,secondNumber=1651}  written to file by thread pool-3-thread-2
 message  {Id=13bb7925-7ca3-4c2f-a9f2-ef015b78263b,FirstNumber=290,secondNumber=1866}  added by thread pool-3-thread-6
 message  {Id=13bb7925-7ca3-4c2f-a9f2-ef015b78263b,FirstNumber=290,secondNumber=1866}  written to file by thread pool-3-thread-3
 message  {Id=3392f246-2fb8-4503-b21a-6ace2722c190,FirstNumber=223,secondNumber=460}  added by thread pool-3-thread-6
 message  {Id=3392f246-2fb8-4503-b21a-6ace2722c190,FirstNumber=223,secondNumber=460}  written to file by thread pool-3-thread-4
 message  {Id=205fd364-deb4-4f27-bf90-801a53d41efa,FirstNumber=524,secondNumber=653}  added by thread pool-3-thread-6
 message  {Id=205fd364-deb4-4f27-bf90-801a53d41efa,FirstNumber=524,secondNumber=653}  written to file by thread pool-3-thread-1
 message  {Id=cfc37c1e-6bff-45b2-9c07-4548149c6de9,FirstNumber=907,secondNumber=504}  added by thread pool-3-thread-6
 message  {Id=cfc37c1e-6bff-45b2-9c07-4548149c6de9,FirstNumber=907,secondNumber=504}  written to file by thread pool-3-thread-5
 message  {Id=dd43f94e-305f-4234-8de5-d6e589a19801,FirstNumber=407,secondNumber=474}  added by thread pool-3-thread-6
 message  {Id=dd43f94e-305f-4234-8de5-d6e589a19801,FirstNumber=407,secondNumber=474}  written to file by thread pool-3-thread-2
 message  {Id=af5e22e2-defa-4314-9c66-c1d31533f3c7,FirstNumber=52,secondNumber=152}  added by thread pool-3-thread-6
 message  {Id=af5e22e2-defa-4314-9c66-c1d31533f3c7,FirstNumber=52,secondNumber=152}  written to file by thread pool-3-thread-3
 message  {Id=599acb02-8359-4a6b-8544-4e436186a6b8,FirstNumber=837,secondNumber=46}  added by thread pool-3-thread-6
 message  {Id=599acb02-8359-4a6b-8544-4e436186a6b8,FirstNumber=837,secondNumber=46}  written to file by thread pool-3-thread-4
 message  {Id=a4696b00-5e7e-40fd-bfee-b72f3cfb0ab0,FirstNumber=820,secondNumber=674}  added by thread pool-3-thread-6
 message  {Id=a4696b00-5e7e-40fd-bfee-b72f3cfb0ab0,FirstNumber=820,secondNumber=674}  written to file by thread pool-3-thread-1
 message  {Id=d9c44f39-0fda-49a5-8848-2ea42e13de16,FirstNumber=743,secondNumber=186}  added by thread pool-3-thread-6
 message  {Id=d9c44f39-0fda-49a5-8848-2ea42e13de16,FirstNumber=743,secondNumber=186}  written to file by thread pool-3-thread-5
 message  {Id=7148e3b7-e87a-41f5-9d10-be39f5dfff51,FirstNumber=850,secondNumber=423}  added by thread pool-3-thread-6
 message  {Id=7148e3b7-e87a-41f5-9d10-be39f5dfff51,FirstNumber=850,secondNumber=423}  written to file by thread pool-3-thread-2
 message  {Id=e2eee19a-e722-4dea-ba65-dd468f88d0fa,FirstNumber=837,secondNumber=290}  added by thread pool-3-thread-6
 message  {Id=e2eee19a-e722-4dea-ba65-dd468f88d0fa,FirstNumber=837,secondNumber=290}  written to file by thread pool-3-thread-3
 message  {Id=420ca961-484b-40dc-af16-63772b3e4a91,FirstNumber=636,secondNumber=118}  added by thread pool-3-thread-6
 message  {Id=420ca961-484b-40dc-af16-63772b3e4a91,FirstNumber=636,secondNumber=118}  written to file by thread pool-3-thread-4
 message  {Id=376a378b-3255-4cff-b2c1-b88c88f36b99,FirstNumber=546,secondNumber=1746}  added by thread pool-3-thread-6
 message  {Id=376a378b-3255-4cff-b2c1-b88c88f36b99,FirstNumber=546,secondNumber=1746}  written to file by thread pool-3-thread-1
 message  {Id=9fefefff-dd07-420c-af74-87e1a10196d2,FirstNumber=804,secondNumber=1218}  added by thread pool-3-thread-6
 message  {Id=9fefefff-dd07-420c-af74-87e1a10196d2,FirstNumber=804,secondNumber=1218}  written to file by thread pool-3-thread-5
 message  {Id=eeeeed5b-8a18-41bd-ac3b-263959d51615,FirstNumber=32,secondNumber=232}  added by thread pool-3-thread-6
 message  {Id=eeeeed5b-8a18-41bd-ac3b-263959d51615,FirstNumber=32,secondNumber=232}  written to file by thread pool-3-thread-2
 message  {Id=d22afa9a-f0e9-43a3-ab97-5ce32aa32823,FirstNumber=48,secondNumber=631}  added by thread pool-3-thread-6
 message  {Id=d22afa9a-f0e9-43a3-ab97-5ce32aa32823,FirstNumber=48,secondNumber=631}  written to file by thread pool-3-thread-3
 message  {Id=406da125-202e-4da0-ab61-09e7c9c7f6ae,FirstNumber=234,secondNumber=689}  added by thread pool-3-thread-6
 message  {Id=406da125-202e-4da0-ab61-09e7c9c7f6ae,FirstNumber=234,secondNumber=689}  written to file by thread pool-3-thread-4
 message  {Id=2d546af9-e298-4f5e-aeb5-8e81de9fb01c,FirstNumber=486,secondNumber=1223}  added by thread pool-3-thread-6
 message  {Id=2d546af9-e298-4f5e-aeb5-8e81de9fb01c,FirstNumber=486,secondNumber=1223}  written to file by thread pool-3-thread-1
 message  {Id=fac5e8d0-ca9f-41d5-9d31-471289ccf730,FirstNumber=871,secondNumber=544}  added by thread pool-3-thread-6
 message  {Id=fac5e8d0-ca9f-41d5-9d31-471289ccf730,FirstNumber=871,secondNumber=544}  written to file by thread pool-3-thread-5
 message  {Id=6691131f-7dd3-4894-a4ca-a24b1ba16850,FirstNumber=147,secondNumber=292}  added by thread pool-3-thread-6
 message  {Id=6691131f-7dd3-4894-a4ca-a24b1ba16850,FirstNumber=147,secondNumber=292}  written to file by thread pool-3-thread-2
 message  {Id=d72ef173-f322-4b07-a036-cc6a78f037d0,FirstNumber=678,secondNumber=433}  added by thread pool-3-thread-6
 message  {Id=d72ef173-f322-4b07-a036-cc6a78f037d0,FirstNumber=678,secondNumber=433}  written to file by thread pool-3-thread-3
 message  {Id=4d031abf-a3b0-4de6-8c3b-dc08c362fee6,FirstNumber=10,secondNumber=1353}  added by thread pool-3-thread-6
 message  {Id=4d031abf-a3b0-4de6-8c3b-dc08c362fee6,FirstNumber=10,secondNumber=1353}  written to file by thread pool-3-thread-4
 message  {Id=4c7876c3-2adf-4279-82ec-7d467635aad8,FirstNumber=884,secondNumber=1529}  added by thread pool-3-thread-6
 message  {Id=4c7876c3-2adf-4279-82ec-7d467635aad8,FirstNumber=884,secondNumber=1529}  written to file by thread pool-3-thread-1
 message  {Id=da13a20e-5383-450b-b21e-f9b3ff254074,FirstNumber=297,secondNumber=39}  added by thread pool-3-thread-6
 message  {Id=da13a20e-5383-450b-b21e-f9b3ff254074,FirstNumber=297,secondNumber=39}  written to file by thread pool-3-thread-5
 message  {Id=aa9a3ac1-1fd0-4a24-8acf-548feb16ecea,FirstNumber=696,secondNumber=1514}  added by thread pool-3-thread-6
 message  {Id=aa9a3ac1-1fd0-4a24-8acf-548feb16ecea,FirstNumber=696,secondNumber=1514}  written to file by thread pool-3-thread-2
 message  {Id=34ca35c0-89b6-47b0-b70a-0a9ca8799275,FirstNumber=704,secondNumber=555}  added by thread pool-3-thread-6
 message  {Id=34ca35c0-89b6-47b0-b70a-0a9ca8799275,FirstNumber=704,secondNumber=555}  written to file by thread pool-3-thread-3
 message  {Id=7089b626-4389-4b5f-8692-c9d17a5b9764,FirstNumber=878,secondNumber=422}  added by thread pool-3-thread-6
 message  {Id=7089b626-4389-4b5f-8692-c9d17a5b9764,FirstNumber=878,secondNumber=422}  written to file by thread pool-3-thread-4
 message  {Id=8ddd0a02-c6dd-4026-805c-f2960c0f1970,FirstNumber=121,secondNumber=80}  added by thread pool-3-thread-6
 message  {Id=8ddd0a02-c6dd-4026-805c-f2960c0f1970,FirstNumber=121,secondNumber=80}  written to file by thread pool-3-thread-1
 message  {Id=698306dd-449c-41d0-885c-d74af3ba543e,FirstNumber=411,secondNumber=479}  added by thread pool-3-thread-6
 message  {Id=698306dd-449c-41d0-885c-d74af3ba543e,FirstNumber=411,secondNumber=479}  written to file by thread pool-3-thread-5
 message  {Id=1f98df39-ff74-4da5-91e2-66f623084fe2,FirstNumber=340,secondNumber=1039}  added by thread pool-3-thread-6
 message  {Id=1f98df39-ff74-4da5-91e2-66f623084fe2,FirstNumber=340,secondNumber=1039}  written to file by thread pool-3-thread-2
 message  {Id=52d150ca-1117-4b5c-b90e-7324df278053,FirstNumber=20,secondNumber=1627}  added by thread pool-3-thread-6
 message  {Id=52d150ca-1117-4b5c-b90e-7324df278053,FirstNumber=20,secondNumber=1627}  written to file by thread pool-3-thread-3
 message  {Id=7ffd2daf-d743-4635-9e6a-03d6b5f7b4bb,FirstNumber=134,secondNumber=1559}  added by thread pool-3-thread-6
 message  {Id=7ffd2daf-d743-4635-9e6a-03d6b5f7b4bb,FirstNumber=134,secondNumber=1559}  written to file by thread pool-3-thread-4
 message  {Id=6f6a258a-cdc5-407b-89dd-dcfd0828c6c5,FirstNumber=527,secondNumber=1387}  added by thread pool-3-thread-6
 message  {Id=6f6a258a-cdc5-407b-89dd-dcfd0828c6c5,FirstNumber=527,secondNumber=1387}  written to file by thread pool-3-thread-1
 message  {Id=f7a3eb13-21d2-4fd1-93e5-17b32ba81834,FirstNumber=27,secondNumber=1692}  added by thread pool-3-thread-6
 message  {Id=f7a3eb13-21d2-4fd1-93e5-17b32ba81834,FirstNumber=27,secondNumber=1692}  written to file by thread pool-3-thread-5
 message  {Id=79e39c61-6f67-45f7-aee0-f09477fe6366,FirstNumber=394,secondNumber=1690}  added by thread pool-3-thread-6
 message  {Id=79e39c61-6f67-45f7-aee0-f09477fe6366,FirstNumber=394,secondNumber=1690}  written to file by thread pool-3-thread-2
 message  {Id=c707ffe8-f88e-4b1f-b697-05f66176308f,FirstNumber=214,secondNumber=1823}  added by thread pool-3-thread-6
 message  {Id=c707ffe8-f88e-4b1f-b697-05f66176308f,FirstNumber=214,secondNumber=1823}  written to file by thread pool-3-thread-3
 message  {Id=38d5060e-1f16-4396-933d-ab0074fd8031,FirstNumber=379,secondNumber=1840}  added by thread pool-3-thread-6
 message  {Id=38d5060e-1f16-4396-933d-ab0074fd8031,FirstNumber=379,secondNumber=1840}  written to file by thread pool-3-thread-4
 message  {Id=cb77aa3a-baa4-4138-8a83-b8da1e54919e,FirstNumber=758,secondNumber=840}  added by thread pool-3-thread-6
 message  {Id=cb77aa3a-baa4-4138-8a83-b8da1e54919e,FirstNumber=758,secondNumber=840}  written to file by thread pool-3-thread-1
 message  {Id=b6d60c00-b211-4517-942b-0b73aeb1abdb,FirstNumber=425,secondNumber=1949}  added by thread pool-3-thread-6
 message  {Id=b6d60c00-b211-4517-942b-0b73aeb1abdb,FirstNumber=425,secondNumber=1949}  written to file by thread pool-3-thread-5
 message  {Id=ae1da4bd-c1cb-46c5-9eac-c77b5a108ad8,FirstNumber=929,secondNumber=1239}  added by thread pool-3-thread-6
 message  {Id=ae1da4bd-c1cb-46c5-9eac-c77b5a108ad8,FirstNumber=929,secondNumber=1239}  written to file by thread pool-3-thread-2
 message  {Id=89ea50d5-3022-45e6-9d70-bd6563b124ca,FirstNumber=760,secondNumber=1205}  added by thread pool-3-thread-6
 message  {Id=89ea50d5-3022-45e6-9d70-bd6563b124ca,FirstNumber=760,secondNumber=1205}  written to file by thread pool-3-thread-3
 message  {Id=cf4308ee-33f3-4b49-aa59-12bc083725fd,FirstNumber=176,secondNumber=1145}  added by thread pool-3-thread-6
 message  {Id=cf4308ee-33f3-4b49-aa59-12bc083725fd,FirstNumber=176,secondNumber=1145}  written to file by thread pool-3-thread-4
 message  {Id=ba675c1c-4b8e-4f65-855f-65d03e29b123,FirstNumber=150,secondNumber=1279}  added by thread pool-3-thread-6
 message  {Id=ba675c1c-4b8e-4f65-855f-65d03e29b123,FirstNumber=150,secondNumber=1279}  written to file by thread pool-3-thread-1
 message  {Id=450822d0-4411-4884-b553-03bd8563e558,FirstNumber=186,secondNumber=496}  added by thread pool-3-thread-6
 message  {Id=450822d0-4411-4884-b553-03bd8563e558,FirstNumber=186,secondNumber=496}  written to file by thread pool-3-thread-5
 message  {Id=f934b702-4a34-4592-a752-9571f85c8b5a,FirstNumber=839,secondNumber=1854}  added by thread pool-3-thread-6
 message  {Id=f934b702-4a34-4592-a752-9571f85c8b5a,FirstNumber=839,secondNumber=1854}  written to file by thread pool-3-thread-5
 message  {Id=51c10714-59b2-430d-a7f5-631491c06c3e,FirstNumber=245,secondNumber=1903}  added by thread pool-3-thread-6
 message  {Id=51c10714-59b2-430d-a7f5-631491c06c3e,FirstNumber=245,secondNumber=1903}  written to file by thread pool-3-thread-3
 message  {Id=0ff14895-c6f5-4827-8541-cb4921590e6d,FirstNumber=805,secondNumber=839}  added by thread pool-3-thread-6
 message  {Id=0ff14895-c6f5-4827-8541-cb4921590e6d,FirstNumber=805,secondNumber=839}  written to file by thread pool-3-thread-4
 message  {Id=904429be-87ee-4912-b315-bd0cd6d88a83,FirstNumber=635,secondNumber=14}  added by thread pool-3-thread-6
 message  {Id=904429be-87ee-4912-b315-bd0cd6d88a83,FirstNumber=635,secondNumber=14}  written to file by thread pool-3-thread-1
 message  {Id=e2c3d11a-fe77-42ba-81fd-909dacc8fd30,FirstNumber=610,secondNumber=1872}  added by thread pool-3-thread-6
 message  {Id=e2c3d11a-fe77-42ba-81fd-909dacc8fd30,FirstNumber=610,secondNumber=1872}  written to file by thread pool-3-thread-2
 message  {Id=9fa33740-3539-46c5-8e0b-541f73a6744f,FirstNumber=324,secondNumber=574}  added by thread pool-3-thread-6
 message  {Id=9fa33740-3539-46c5-8e0b-541f73a6744f,FirstNumber=324,secondNumber=574}  written to file by thread pool-3-thread-5
 message  {Id=2307d24d-988b-4cd5-8233-e1124c924c3d,FirstNumber=601,secondNumber=1003}  added by thread pool-3-thread-6
 message  {Id=2307d24d-988b-4cd5-8233-e1124c924c3d,FirstNumber=601,secondNumber=1003}  written to file by thread pool-3-thread-3
 message  {Id=96ea7b2f-82e0-4165-869f-ef152c92189c,FirstNumber=635,secondNumber=738}  added by thread pool-3-thread-6
 message  {Id=96ea7b2f-82e0-4165-869f-ef152c92189c,FirstNumber=635,secondNumber=738}  written to file by thread pool-3-thread-4
 message  {Id=74c2d6df-c2fa-426f-b072-5318c4ae2236,FirstNumber=553,secondNumber=192}  added by thread pool-3-thread-6
 message  {Id=74c2d6df-c2fa-426f-b072-5318c4ae2236,FirstNumber=553,secondNumber=192}  written to file by thread pool-3-thread-1
 message  {Id=ae55934c-7ed1-42a9-baac-ca1834366da0,FirstNumber=40,secondNumber=1251}  added by thread pool-3-thread-6
 message  {Id=ae55934c-7ed1-42a9-baac-ca1834366da0,FirstNumber=40,secondNumber=1251}  written to file by thread pool-3-thread-2
 message  {Id=eada73b5-cacc-468c-a2de-e0bc844bb844,FirstNumber=514,secondNumber=678}  added by thread pool-3-thread-6
 message  {Id=eada73b5-cacc-468c-a2de-e0bc844bb844,FirstNumber=514,secondNumber=678}  written to file by thread pool-3-thread-2
 message  {Id=14ef88da-b44e-4233-8b07-22dc87fa556e,FirstNumber=296,secondNumber=1630}  added by thread pool-3-thread-6
 message  {Id=14ef88da-b44e-4233-8b07-22dc87fa556e,FirstNumber=296,secondNumber=1630}  written to file by thread pool-3-thread-3
 message  {Id=c67ee3f7-a579-448d-a45a-270a6c91c36a,FirstNumber=502,secondNumber=845}  added by thread pool-3-thread-6
 message  {Id=c67ee3f7-a579-448d-a45a-270a6c91c36a,FirstNumber=502,secondNumber=845}  written to file by thread pool-3-thread-4
 message  {Id=aad8998e-1e73-4e1f-a6f7-02e1165dd402,FirstNumber=694,secondNumber=392}  added by thread pool-3-thread-6
 message  {Id=aad8998e-1e73-4e1f-a6f7-02e1165dd402,FirstNumber=694,secondNumber=392}  written to file by thread pool-3-thread-1
 message  {Id=6929a0de-c914-493e-8031-58f5e67ef34a,FirstNumber=83,secondNumber=1293}  added by thread pool-3-thread-6
 message  {Id=6929a0de-c914-493e-8031-58f5e67ef34a,FirstNumber=83,secondNumber=1293}  written to file by thread pool-3-thread-5
 message  {Id=96ce4e5b-ac22-4dc9-a942-d8241e9dbea3,FirstNumber=33,secondNumber=34}  added by thread pool-3-thread-6
 message  {Id=96ce4e5b-ac22-4dc9-a942-d8241e9dbea3,FirstNumber=33,secondNumber=34}  written to file by thread pool-3-thread-2
 message  {Id=da1f0c8f-c52d-45d8-aeab-4e7af7cf2d14,FirstNumber=629,secondNumber=487}  added by thread pool-3-thread-6
 message  {Id=da1f0c8f-c52d-45d8-aeab-4e7af7cf2d14,FirstNumber=629,secondNumber=487}  written to file by thread pool-3-thread-3
 message  {Id=30f1d8ca-6f3b-47bd-a66c-a7ba6d192c92,FirstNumber=862,secondNumber=1511}  added by thread pool-3-thread-6
 message  {Id=30f1d8ca-6f3b-47bd-a66c-a7ba6d192c92,FirstNumber=862,secondNumber=1511}  written to file by thread pool-3-thread-4
 message  {Id=0cb45794-df04-475a-8479-9b8758725c92,FirstNumber=253,secondNumber=1502}  added by thread pool-3-thread-6
 message  {Id=0cb45794-df04-475a-8479-9b8758725c92,FirstNumber=253,secondNumber=1502}  written to file by thread pool-3-thread-1
 message  {Id=a4f0557f-ec99-439a-b4ab-35d1fea1b7e1,FirstNumber=166,secondNumber=1295}  added by thread pool-3-thread-6
 message  {Id=a4f0557f-ec99-439a-b4ab-35d1fea1b7e1,FirstNumber=166,secondNumber=1295}  written to file by thread pool-3-thread-5
 message  {Id=ccf594ae-d3c1-42d8-ab32-37e55c6d38e1,FirstNumber=419,secondNumber=1817}  added by thread pool-3-thread-6
 message  {Id=ccf594ae-d3c1-42d8-ab32-37e55c6d38e1,FirstNumber=419,secondNumber=1817}  written to file by thread pool-3-thread-5
 message  {Id=c3f0019d-4119-4de8-ab97-d7260cc8e6a2,FirstNumber=697,secondNumber=166}  added by thread pool-3-thread-6
 message  {Id=c3f0019d-4119-4de8-ab97-d7260cc8e6a2,FirstNumber=697,secondNumber=166}  written to file by thread pool-3-thread-3
 message  {Id=189749ea-82e3-4987-99e3-b209cfa5236d,FirstNumber=327,secondNumber=359}  added by thread pool-3-thread-6
 message  {Id=189749ea-82e3-4987-99e3-b209cfa5236d,FirstNumber=327,secondNumber=359}  written to file by thread pool-3-thread-4
 message  {Id=607d6e3a-6b00-4c2b-a494-af19c7f8e45d,FirstNumber=214,secondNumber=1172}  added by thread pool-3-thread-6
 message  {Id=607d6e3a-6b00-4c2b-a494-af19c7f8e45d,FirstNumber=214,secondNumber=1172}  written to file by thread pool-3-thread-1
 message  {Id=534348df-2ac5-4bdb-b105-ada1204170f0,FirstNumber=670,secondNumber=1578}  added by thread pool-3-thread-6
 message  {Id=534348df-2ac5-4bdb-b105-ada1204170f0,FirstNumber=670,secondNumber=1578}  written to file by thread pool-3-thread-2
 message  {Id=909e12b2-104e-4713-aa88-0541f9fb8a9a,FirstNumber=823,secondNumber=1667}  added by thread pool-3-thread-6
 message  {Id=909e12b2-104e-4713-aa88-0541f9fb8a9a,FirstNumber=823,secondNumber=1667}  written to file by thread pool-3-thread-5
 message  {Id=7eab73a7-03ef-4bef-9202-0658e2b634f2,FirstNumber=788,secondNumber=1695}  added by thread pool-3-thread-6
 message  {Id=7eab73a7-03ef-4bef-9202-0658e2b634f2,FirstNumber=788,secondNumber=1695}  written to file by thread pool-3-thread-3
 message  {Id=fbfded5a-6a10-44ee-bd7b-a0279ab9ce36,FirstNumber=108,secondNumber=17}  added by thread pool-3-thread-6
 message  {Id=fbfded5a-6a10-44ee-bd7b-a0279ab9ce36,FirstNumber=108,secondNumber=17}  written to file by thread pool-3-thread-4
 message  {Id=405c0406-e9a8-4e71-9d40-cbec5db538cf,FirstNumber=259,secondNumber=653}  added by thread pool-3-thread-6
 message  {Id=405c0406-e9a8-4e71-9d40-cbec5db538cf,FirstNumber=259,secondNumber=653}  written to file by thread pool-3-thread-1
 message  {Id=7ef6895f-b895-4713-b12f-2d27dbb08628,FirstNumber=145,secondNumber=1125}  added by thread pool-3-thread-6
 message  {Id=7ef6895f-b895-4713-b12f-2d27dbb08628,FirstNumber=145,secondNumber=1125}  written to file by thread pool-3-thread-2
 message  {Id=e1acb285-d139-4377-95c8-9fea330d95e1,FirstNumber=457,secondNumber=534}  added by thread pool-3-thread-6
 message  {Id=e1acb285-d139-4377-95c8-9fea330d95e1,FirstNumber=457,secondNumber=534}  written to file by thread pool-3-thread-2
 message  {Id=df132b77-b612-4ca8-8ab4-aa2e6ad50d1f,FirstNumber=687,secondNumber=254}  added by thread pool-3-thread-6
 message  {Id=df132b77-b612-4ca8-8ab4-aa2e6ad50d1f,FirstNumber=687,secondNumber=254}  written to file by thread pool-3-thread-3
 message  {Id=e9662067-fa38-4c2f-b18c-9ed007da121a,FirstNumber=985,secondNumber=1388}  added by thread pool-3-thread-6
 message  {Id=e9662067-fa38-4c2f-b18c-9ed007da121a,FirstNumber=985,secondNumber=1388}  written to file by thread pool-3-thread-4
 message  {Id=ce54a0d8-c4f0-4289-8518-19e4f2c8db11,FirstNumber=360,secondNumber=1447}  added by thread pool-3-thread-6
 message  {Id=ce54a0d8-c4f0-4289-8518-19e4f2c8db11,FirstNumber=360,secondNumber=1447}  written to file by thread pool-3-thread-1
 message  {Id=ecc8498c-8a2a-40a8-8b11-06104f144656,FirstNumber=840,secondNumber=1868}  added by thread pool-3-thread-6
 message  {Id=ecc8498c-8a2a-40a8-8b11-06104f144656,FirstNumber=840,secondNumber=1868}  written to file by thread pool-3-thread-5
 message  {Id=a2a587f7-ac56-4429-b10c-4ce499421b1f,FirstNumber=7,secondNumber=780}  added by thread pool-3-thread-6
 message  {Id=a2a587f7-ac56-4429-b10c-4ce499421b1f,FirstNumber=7,secondNumber=780}  written to file by thread pool-3-thread-2
 message  {Id=dc8249bf-8676-47bf-b453-5f7338204a6e,FirstNumber=612,secondNumber=187}  added by thread pool-3-thread-6
 message  {Id=dc8249bf-8676-47bf-b453-5f7338204a6e,FirstNumber=612,secondNumber=187}  written to file by thread pool-3-thread-3
 message  {Id=ece051ee-6068-459d-90ca-27acdf4331a1,FirstNumber=370,secondNumber=1805}  added by thread pool-3-thread-6
 message  {Id=ece051ee-6068-459d-90ca-27acdf4331a1,FirstNumber=370,secondNumber=1805}  written to file by thread pool-3-thread-4
 message  {Id=487c1d65-cded-4235-8aef-5cebf6bcbce3,FirstNumber=603,secondNumber=65}  added by thread pool-3-thread-6
 message  {Id=487c1d65-cded-4235-8aef-5cebf6bcbce3,FirstNumber=603,secondNumber=65}  written to file by thread pool-3-thread-1
 message  {Id=b4d61266-1e8b-4adf-bbbc-06bbc261d59d,FirstNumber=196,secondNumber=1058}  added by thread pool-3-thread-6
 message  {Id=b4d61266-1e8b-4adf-bbbc-06bbc261d59d,FirstNumber=196,secondNumber=1058}  written to file by thread pool-3-thread-5
 message  {Id=0d365e80-b44f-4417-ba52-385d649f548a,FirstNumber=930,secondNumber=1235}  added by thread pool-3-thread-6
 message  {Id=0d365e80-b44f-4417-ba52-385d649f548a,FirstNumber=930,secondNumber=1235}  written to file by thread pool-3-thread-5
 message  {Id=8e9fce7c-ba72-44ff-b518-3e55c49efd43,FirstNumber=379,secondNumber=1497}  added by thread pool-3-thread-6
 message  {Id=8e9fce7c-ba72-44ff-b518-3e55c49efd43,FirstNumber=379,secondNumber=1497}  written to file by thread pool-3-thread-3
 message  {Id=eb7935f0-2307-4428-ae0a-bbdaefb4e031,FirstNumber=163,secondNumber=1547}  added by thread pool-3-thread-6
 message  {Id=eb7935f0-2307-4428-ae0a-bbdaefb4e031,FirstNumber=163,secondNumber=1547}  written to file by thread pool-3-thread-4
 message  {Id=e79fdf95-2469-4e00-92bc-11e416ed9531,FirstNumber=382,secondNumber=564}  added by thread pool-3-thread-6
 message  {Id=e79fdf95-2469-4e00-92bc-11e416ed9531,FirstNumber=382,secondNumber=564}  written to file by thread pool-3-thread-1
 message  {Id=1b4adaf5-ce58-4ec3-8abc-988722c7aebb,FirstNumber=385,secondNumber=1781}  added by thread pool-3-thread-6
 message  {Id=1b4adaf5-ce58-4ec3-8abc-988722c7aebb,FirstNumber=385,secondNumber=1781}  written to file by thread pool-3-thread-2
 message  {Id=04666cd5-49b4-42c1-8d7c-9578e31fa840,FirstNumber=521,secondNumber=1144}  added by thread pool-3-thread-6
 message  {Id=04666cd5-49b4-42c1-8d7c-9578e31fa840,FirstNumber=521,secondNumber=1144}  written to file by thread pool-3-thread-5
 message  {Id=b40a5f36-da1e-449c-931d-7f85287f5802,FirstNumber=215,secondNumber=445}  added by thread pool-3-thread-6
 message  {Id=b40a5f36-da1e-449c-931d-7f85287f5802,FirstNumber=215,secondNumber=445}  written to file by thread pool-3-thread-3
 message  {Id=8cdaa322-8345-406a-ad40-36defe627c87,FirstNumber=911,secondNumber=590}  added by thread pool-3-thread-6
 message  {Id=8cdaa322-8345-406a-ad40-36defe627c87,FirstNumber=911,secondNumber=590}  written to file by thread pool-3-thread-4
 message  {Id=cbb63e79-11e2-471b-a855-d19975a0c7f4,FirstNumber=442,secondNumber=217}  added by thread pool-3-thread-6
 message  {Id=cbb63e79-11e2-471b-a855-d19975a0c7f4,FirstNumber=442,secondNumber=217}  written to file by thread pool-3-thread-1
 message  {Id=5cc55d25-46c2-45c8-86dd-43e0b730f9b9,FirstNumber=702,secondNumber=1250}  added by thread pool-3-thread-6
 message  {Id=5cc55d25-46c2-45c8-86dd-43e0b730f9b9,FirstNumber=702,secondNumber=1250}  written to file by thread pool-3-thread-2
 message  {Id=794601e8-ab0d-4ebd-9c10-54c8d0012f5b,FirstNumber=159,secondNumber=6}  added by thread pool-3-thread-6
 message  {Id=794601e8-ab0d-4ebd-9c10-54c8d0012f5b,FirstNumber=159,secondNumber=6}  written to file by thread pool-3-thread-2
 message  {Id=158b4cc4-f5e0-48bc-98de-fd046431bd69,FirstNumber=381,secondNumber=447}  added by thread pool-3-thread-6
 message  {Id=158b4cc4-f5e0-48bc-98de-fd046431bd69,FirstNumber=381,secondNumber=447}  written to file by thread pool-3-thread-3
 message  {Id=2362449f-f7f0-4755-8ba7-6e266ec9fa52,FirstNumber=269,secondNumber=1250}  added by thread pool-3-thread-6
 message  {Id=2362449f-f7f0-4755-8ba7-6e266ec9fa52,FirstNumber=269,secondNumber=1250}  written to file by thread pool-3-thread-4
 message  {Id=0ededafc-28ee-4ff7-99af-7a0b97bc8481,FirstNumber=148,secondNumber=1968}  added by thread pool-3-thread-6
 message  {Id=0ededafc-28ee-4ff7-99af-7a0b97bc8481,FirstNumber=148,secondNumber=1968}  written to file by thread pool-3-thread-1
 message  {Id=2b9e26b5-ce8d-4688-be4b-f85a531f31e4,FirstNumber=715,secondNumber=1221}  added by thread pool-3-thread-6
 message  {Id=2b9e26b5-ce8d-4688-be4b-f85a531f31e4,FirstNumber=715,secondNumber=1221}  written to file by thread pool-3-thread-5
 message  {Id=641113c6-bdab-4cdf-a204-9e33a0cd728a,FirstNumber=755,secondNumber=1602}  added by thread pool-3-thread-6
 message  {Id=641113c6-bdab-4cdf-a204-9e33a0cd728a,FirstNumber=755,secondNumber=1602}  written to file by thread pool-3-thread-2
 message  {Id=7aefcb30-eb71-4d07-af67-f1ac0c20558b,FirstNumber=451,secondNumber=151}  added by thread pool-3-thread-6
 message  {Id=7aefcb30-eb71-4d07-af67-f1ac0c20558b,FirstNumber=451,secondNumber=151}  written to file by thread pool-3-thread-3
 message  {Id=f680436b-de82-4d77-8923-243054092a5b,FirstNumber=700,secondNumber=1827}  added by thread pool-3-thread-6
 message  {Id=f680436b-de82-4d77-8923-243054092a5b,FirstNumber=700,secondNumber=1827}  written to file by thread pool-3-thread-4
 message  {Id=83d6e46e-61df-461b-8bef-b9a929b4b6e9,FirstNumber=854,secondNumber=925}  added by thread pool-3-thread-6
 message  {Id=83d6e46e-61df-461b-8bef-b9a929b4b6e9,FirstNumber=854,secondNumber=925}  written to file by thread pool-3-thread-1
 message  {Id=a960d3e0-62e7-402f-be76-9ba6ad087880,FirstNumber=543,secondNumber=1283}  added by thread pool-3-thread-6
 message  {Id=a960d3e0-62e7-402f-be76-9ba6ad087880,FirstNumber=543,secondNumber=1283}  written to file by thread pool-3-thread-5
 message  {Id=10485988-6706-4394-be24-680930ee5e50,FirstNumber=146,secondNumber=1168}  added by thread pool-3-thread-6
 message  {Id=10485988-6706-4394-be24-680930ee5e50,FirstNumber=146,secondNumber=1168}  written to file by thread pool-3-thread-5
 Total messages 10000 generation time 423.808183 rate 23.595580
 message processing time 434.727631 for thread pool-3-thread-2
 message processing time 434.427662 for thread pool-3-thread-3
 message processing time 438.306280 for thread pool-3-thread-1
 message processing time 434.184018 for thread pool-3-thread-5
 message processing time 434.514830 for thread pool-3-thread-4
]]></system-out>
  <system-err><![CDATA[]]></system-err>
</testsuite>
